[INFO ][2016-01-07 13:12:40,479][com.java.SeleniumDriver] [  213] - Execute Failed Casesfalse
[INFO ][2016-01-07 13:12:40,479][com.java.SeleniumDriver] [  214] - Browser: IE10
[INFO ][2016-01-07 13:12:40,479][com.java.SeleniumDriver] [  215] - [1, 7]
[INFO ][2016-01-07 13:12:40,479][com.java.SeleniumDriver] [  216] - Total TestCases:2
[INFO ][2016-01-07 13:12:40,479][com.java.SeleniumDriver] [  217] -  Reading Properties from Property File 
[DEBUG][2016-01-07 13:12:40,479][com.java.SeleniumDriver] [  238] - url : https://clients-xuat.bankersdashboard.com
[INFO ][2016-01-07 13:12:40,482][com.java.ImportnExport.ExportTestResultsExcel] [  116] - Time Stamp Thu Jan 07 01:12:40 IST 2016
[INFO ][2016-01-07 13:12:40,482][com.java.ImportnExport.ExportTestResultsExcel] [  175] - OUT FILE : D:\BankersDashboard/TestReports/Test Results_BankersDashBoard_010716_131240_IE10_United Bank.xls
[INFO ][2016-01-07 13:12:40,510][com.java.ImportnExport.ExportTestResultsExcel] [  180] - Test Result file is created
[DEBUG][2016-01-07 13:12:40,613][com.java.SeleniumDriver] [  426] - Hub ip address is-------172.17.68.34
[INFO ][2016-01-07 13:12:40,613][com.java.SeleniumDriver] [  452] - Grid URL:http://172.17.68.34:4444/wd/hub
[INFO ][2016-01-07 13:12:40,613][com.java.SeleniumDriver] [  453] - Capability:Capabilities [{platform=ANY, ensureCleanSession=true, ignoreProtectedModeSettings=true, acceptSslCerts=true, ignoreZoomSetting=true, browserName=internet explorer, browserstack.ie.noFlash=true, version=null}]
[ERROR][2016-01-07 13:12:41,953][com.java.SeleniumDriver] [  498] - Unable invoke browser in grid:Could not start a new session. Possible causes are invalid address of the remote server or browser start-up failure.
Build info: version: '2.48.2', revision: '41bccdd', time: '2015-10-09 19:59:12'
System info: host: 'FVTIII438F1D', ip: '172.17.68.34', os.name: 'Windows 7', os.arch: 'x86', os.version: '6.1', java.version: '1.7.0_55'
Driver info: driver.version: SeleniumDriver
[INFO ][2016-01-07 13:12:41,953][com.java.SeleniumDriver] [  500] - Executing on local machine
[INFO ][2016-01-07 13:12:52,650][com.java.SeleniumDriver] [  248] - IE10is opened
[INFO ][2016-01-07 13:12:53,480][com.java.SeleniumDriver] [  756] - Test cases to be executed are: [1, 7]
[INFO ][2016-01-07 13:12:53,504][com.java.ImportnExport.ImportTestDataDetailsExcel] [   49] - test data details path===== D:\BankersDashboard\TestInputs\TestData.xls
[INFO ][2016-01-07 13:12:53,596][com.java.SeleniumDriver] [  832] - ------------------------------------------
[INFO ][2016-01-07 13:12:53,596][com.java.SeleniumDriver] [  833] - Test case being Executed: 1
[INFO ][2016-01-07 13:12:53,596][com.java.SeleniumDriver] [  845] - Test step:1
[INFO ][2016-01-07 13:12:53,596][com.java.SeleniumDriver] [  857] - Datavalue is----------Concept#1:1-16
[INFO ][2016-01-07 13:12:53,596][com.java.SeleniumDriver] [  881] - DataField : test
[INFO ][2016-01-07 13:12:53,596][com.java.SeleniumDriver] [  883] - DataValue : Concept#1:1-16
[INFO ][2016-01-07 13:12:53,596][com.java.SeleniumDriver] [  889] - <In Set values of the page>
[INFO ][2016-01-07 13:12:53,596][com.java.SeleniumDriver] [  892] - {Data Fields & Data Values Exist}
[INFO ][2016-01-07 13:12:53,599][com.java.SeleniumDriver] [  894] - --------------------------setting values-----------------------------
[INFO ][2016-01-07 13:12:53,599][com.java.SeleniumDriver] [  897] - Action Type : ExecuteTestCase
[INFO ][2016-01-07 13:12:53,639][com.java.TestType] [  437] - The Concept sheet name is ---------- Concept
[INFO ][2016-01-07 13:12:53,639][com.java.TestType] [  440] - The Concept ID  is ---------- 1
[DEBUG][2016-01-07 13:12:53,639][com.java.TestType] [  444] - Steps being executted in the Concept are: 1:16
[INFO ][2016-01-07 13:12:53,639][com.java.TestType] [  451] - Test data details path ---------- D:\BankersDashboard\TestInputs\TestData.xls
[INFO ][2016-01-07 13:12:53,671][com.java.TestType] [  482] -  str(1) = 1
[INFO ][2016-01-07 13:12:53,671][com.java.TestType] [  485] - Test case Id is---1
[INFO ][2016-01-07 13:12:53,671][com.java.TestType] [  487] - 1
[INFO ][2016-01-07 13:12:53,671][com.java.TestType] [  482] -  str(2) = 1
[INFO ][2016-01-07 13:12:53,676][com.java.TestType] [  482] -  str(1) = 1
[INFO ][2016-01-07 13:12:53,676][com.java.TestType] [  485] - Test case Id is---1
[INFO ][2016-01-07 13:12:53,676][com.java.TestType] [  487] - 1
[INFO ][2016-01-07 13:12:53,676][com.java.TestType] [  482] -  str(2) = 2
[INFO ][2016-01-07 13:12:53,676][com.java.TestType] [  482] -  str(1) = 1
[INFO ][2016-01-07 13:12:53,676][com.java.TestType] [  485] - Test case Id is---1
[INFO ][2016-01-07 13:12:53,676][com.java.TestType] [  487] - 1
[INFO ][2016-01-07 13:12:53,676][com.java.TestType] [  482] -  str(2) = 3
[INFO ][2016-01-07 13:12:53,679][com.java.TestType] [  482] -  str(1) = 1
[INFO ][2016-01-07 13:12:53,679][com.java.TestType] [  485] - Test case Id is---1
[INFO ][2016-01-07 13:12:53,679][com.java.TestType] [  487] - 1
[INFO ][2016-01-07 13:12:53,679][com.java.TestType] [  482] -  str(2) = 4
[INFO ][2016-01-07 13:12:53,681][com.java.TestType] [  482] -  str(1) = 1
[INFO ][2016-01-07 13:12:53,681][com.java.TestType] [  485] - Test case Id is---1
[INFO ][2016-01-07 13:12:53,681][com.java.TestType] [  487] - 1
[INFO ][2016-01-07 13:12:53,681][com.java.TestType] [  482] -  str(2) = 5
[INFO ][2016-01-07 13:12:53,681][com.java.TestType] [  482] -  str(1) = 1
[INFO ][2016-01-07 13:12:53,681][com.java.TestType] [  485] - Test case Id is---1
[INFO ][2016-01-07 13:12:53,681][com.java.TestType] [  487] - 1
[INFO ][2016-01-07 13:12:53,681][com.java.TestType] [  482] -  str(2) = 6
[INFO ][2016-01-07 13:12:53,684][com.java.TestType] [  482] -  str(1) = 1
[INFO ][2016-01-07 13:12:53,684][com.java.TestType] [  485] - Test case Id is---1
[INFO ][2016-01-07 13:12:53,684][com.java.TestType] [  487] - 1
[INFO ][2016-01-07 13:12:53,684][com.java.TestType] [  482] -  str(2) = 7
[INFO ][2016-01-07 13:12:53,686][com.java.TestType] [  482] -  str(1) = 1
[INFO ][2016-01-07 13:12:53,686][com.java.TestType] [  485] - Test case Id is---1
[INFO ][2016-01-07 13:12:53,686][com.java.TestType] [  487] - 1
[INFO ][2016-01-07 13:12:53,686][com.java.TestType] [  482] -  str(2) = 8
[INFO ][2016-01-07 13:12:53,686][com.java.TestType] [  482] -  str(1) = 1
[INFO ][2016-01-07 13:12:53,686][com.java.TestType] [  485] - Test case Id is---1
[INFO ][2016-01-07 13:12:53,686][com.java.TestType] [  487] - 1
[INFO ][2016-01-07 13:12:53,686][com.java.TestType] [  482] -  str(2) = 9
[INFO ][2016-01-07 13:12:53,689][com.java.TestType] [  482] -  str(1) = 1
[INFO ][2016-01-07 13:12:53,689][com.java.TestType] [  485] - Test case Id is---1
[INFO ][2016-01-07 13:12:53,689][com.java.TestType] [  487] - 1
[INFO ][2016-01-07 13:12:53,689][com.java.TestType] [  482] -  str(2) = 10
[INFO ][2016-01-07 13:12:53,689][com.java.TestType] [  482] -  str(1) = 1
[INFO ][2016-01-07 13:12:53,689][com.java.TestType] [  485] - Test case Id is---1
[INFO ][2016-01-07 13:12:53,689][com.java.TestType] [  487] - 1
[INFO ][2016-01-07 13:12:53,689][com.java.TestType] [  482] -  str(2) = 11
[INFO ][2016-01-07 13:12:53,689][com.java.TestType] [  482] -  str(1) = 1
[INFO ][2016-01-07 13:12:53,689][com.java.TestType] [  485] - Test case Id is---1
[INFO ][2016-01-07 13:12:53,689][com.java.TestType] [  487] - 1
[INFO ][2016-01-07 13:12:53,689][com.java.TestType] [  482] -  str(2) = 12
[INFO ][2016-01-07 13:12:53,691][com.java.TestType] [  482] -  str(1) = 1
[INFO ][2016-01-07 13:12:53,691][com.java.TestType] [  485] - Test case Id is---1
[INFO ][2016-01-07 13:12:53,691][com.java.TestType] [  487] - 1
[INFO ][2016-01-07 13:12:53,691][com.java.TestType] [  482] -  str(2) = 13
[INFO ][2016-01-07 13:12:53,691][com.java.TestType] [  482] -  str(1) = 1
[INFO ][2016-01-07 13:12:53,691][com.java.TestType] [  485] - Test case Id is---1
[INFO ][2016-01-07 13:12:53,691][com.java.TestType] [  487] - 1
[INFO ][2016-01-07 13:12:53,691][com.java.TestType] [  482] -  str(2) = 14
[INFO ][2016-01-07 13:12:53,694][com.java.TestType] [  482] -  str(1) = 1
[INFO ][2016-01-07 13:12:53,694][com.java.TestType] [  485] - Test case Id is---1
[INFO ][2016-01-07 13:12:53,694][com.java.TestType] [  487] - 1
[INFO ][2016-01-07 13:12:53,694][com.java.TestType] [  482] -  str(2) = 15
[INFO ][2016-01-07 13:12:53,694][com.java.TestType] [  482] -  str(1) = 1
[INFO ][2016-01-07 13:12:53,694][com.java.TestType] [  485] - Test case Id is---1
[INFO ][2016-01-07 13:12:53,694][com.java.TestType] [  487] - 1
[INFO ][2016-01-07 13:12:53,694][com.java.TestType] [  482] -  str(2) = 16
[INFO ][2016-01-07 13:12:53,696][com.java.TestType] [10817] - Looping 1TCID = 1
[DEBUG][2016-01-07 13:12:53,696][com.java.TestType] [10858] - Concept ID:1 :: Step being Executed: 1::1
[INFO ][2016-01-07 13:12:53,696][com.java.TestType] [10896] - dataFields : TXTusername
[DEBUG][2016-01-07 13:12:53,696][com.java.TestType] [10902] - <In Set values of the page>
[DEBUG][2016-01-07 13:12:53,696][com.java.TestType] [10907] - {Data Fields & Data Values Exist}
[INFO ][2016-01-07 13:12:53,696][com.java.TestType] [10913] - --------------------------setting values-----------------------------
[INFO ][2016-01-07 13:12:53,696][com.java.TestType] [10916] - Action Type : CLEARANDENTER
[INFO ][2016-01-07 13:12:53,696][com.java.TestType] [ 5890] - value = valuelabs.ie10.00058
[INFO ][2016-01-07 13:12:58,458][com.java.TestType] [10935] -  RESULT true
[INFO ][2016-01-07 13:12:58,458][com.java.TestType] [11052] - ?   P A S S   ?
[DEBUG][2016-01-07 13:12:58,458][com.java.TestType] [10858] - Concept ID:1 :: Step being Executed: 1::2
[INFO ][2016-01-07 13:12:58,458][com.java.TestType] [10896] - dataFields : TXTpassword
[DEBUG][2016-01-07 13:12:58,458][com.java.TestType] [10902] - <In Set values of the page>
[DEBUG][2016-01-07 13:12:58,458][com.java.TestType] [10907] - {Data Fields & Data Values Exist}
[INFO ][2016-01-07 13:12:58,458][com.java.TestType] [10913] - --------------------------setting values-----------------------------
[INFO ][2016-01-07 13:12:58,458][com.java.TestType] [10916] - Action Type : CLEARANDENTER
[INFO ][2016-01-07 13:12:58,461][com.java.TestType] [ 5890] - value = Password1*
[INFO ][2016-01-07 13:13:03,298][com.java.TestType] [10935] -  RESULT true
[INFO ][2016-01-07 13:13:03,298][com.java.TestType] [11052] - ?   P A S S   ?
[DEBUG][2016-01-07 13:13:03,298][com.java.TestType] [10858] - Concept ID:1 :: Step being Executed: 1::3
[ERROR][2016-01-07 13:13:03,298][com.java.TestType] [10891] - Exception: null
[INFO ][2016-01-07 13:13:03,300][com.java.TestType] [10896] - dataFields : XPH//button[@type='submit']
[DEBUG][2016-01-07 13:13:03,300][com.java.TestType] [10902] - <In Set values of the page>
[DEBUG][2016-01-07 13:13:03,300][com.java.TestType] [10907] - {Data Fields & Data Values Exist}
[INFO ][2016-01-07 13:13:03,300][com.java.TestType] [10913] - --------------------------setting values-----------------------------
[INFO ][2016-01-07 13:13:03,300][com.java.TestType] [10916] - Action Type : Click
[INFO ][2016-01-07 13:13:03,300][com.java.TestType] [ 6269] - Field ::XPH//button[@type='submit']
[INFO ][2016-01-07 13:13:03,300][com.java.TestType] [ 5890] - value = 
[INFO ][2016-01-07 13:13:04,300][com.java.TestType] [ 6406] - BEFORE CLICK
[INFO ][2016-01-07 13:13:05,175][com.java.TestType] [ 6414] - Unable to click the object Login
[INFO ][2016-01-07 13:13:05,175][com.java.TestType] [10935] -  RESULT true
[INFO ][2016-01-07 13:13:05,175][com.java.TestType] [11052] - ?   P A S S   ?
[DEBUG][2016-01-07 13:13:05,175][com.java.TestType] [10858] - Concept ID:1 :: Step being Executed: 1::4
[INFO ][2016-01-07 13:13:05,175][com.java.TestType] [10896] - dataFields : LNKLogout
[DEBUG][2016-01-07 13:13:05,175][com.java.TestType] [10902] - <In Set values of the page>
[DEBUG][2016-01-07 13:13:05,175][com.java.TestType] [10907] - {Data Fields & Data Values Exist}
[INFO ][2016-01-07 13:13:05,175][com.java.TestType] [10913] - --------------------------setting values-----------------------------
[INFO ][2016-01-07 13:13:05,175][com.java.TestType] [10916] - Action Type : WaitForElement
[INFO ][2016-01-07 13:13:09,756][com.java.TestType] [10935] -  RESULT true
[INFO ][2016-01-07 13:13:09,756][com.java.TestType] [11052] - ?   P A S S   ?
[DEBUG][2016-01-07 13:13:09,756][com.java.TestType] [10858] - Concept ID:1 :: Step being Executed: 1::15
[INFO ][2016-01-07 13:13:09,756][com.java.TestType] [10896] - dataFields : LNK
[DEBUG][2016-01-07 13:13:09,756][com.java.TestType] [10902] - <In Set values of the page>
[DEBUG][2016-01-07 13:13:09,756][com.java.TestType] [10907] - {Data Fields & Data Values Exist}
[INFO ][2016-01-07 13:13:09,756][com.java.TestType] [10913] - --------------------------setting values-----------------------------
[INFO ][2016-01-07 13:13:09,756][com.java.TestType] [10916] - Action Type : Verify
[INFO ][2016-01-07 13:13:09,756][com.java.TestType] [ 7264] - field= LNK value= Logout
[INFO ][2016-01-07 13:13:09,759][com.java.TestType] [ 5890] - value = Logout
[INFO ][2016-01-07 13:13:09,797][com.java.TestType] [10935] -  RESULT true
[INFO ][2016-01-07 13:13:09,797][com.java.TestType] [11052] - ?   P A S S   ?
[DEBUG][2016-01-07 13:13:09,797][com.java.TestType] [10858] - Concept ID:1 :: Step being Executed: 1::16
[INFO ][2016-01-07 13:13:09,797][com.java.TestType] [10896] - dataFields : BTN
[DEBUG][2016-01-07 13:13:09,797][com.java.TestType] [10902] - <In Set values of the page>
[DEBUG][2016-01-07 13:13:09,797][com.java.TestType] [10907] - {Data Fields & Data Values Exist}
[INFO ][2016-01-07 13:13:09,797][com.java.TestType] [10913] - --------------------------setting values-----------------------------
[INFO ][2016-01-07 13:13:09,797][com.java.TestType] [10916] - Action Type : Verify
[INFO ][2016-01-07 13:13:09,797][com.java.TestType] [ 7264] - field= BTN value= //img[contains(@src,'bdlogo.jpg')]
[INFO ][2016-01-07 13:13:09,797][com.java.TestType] [ 5890] - value = //img[contains(@src,'bdlogo.jpg')]
[INFO ][2016-01-07 13:13:09,865][com.java.TestType] [10935] -  RESULT true
[INFO ][2016-01-07 13:13:09,865][com.java.TestType] [11052] - ?   P A S S   ?
[INFO ][2016-01-07 13:13:09,865][com.java.TestType] [11123] - Looping End......
[INFO ][2016-01-07 13:13:09,867][com.java.SeleniumDriver] [  906] -  RESULT true
[INFO ][2016-01-07 13:13:09,870][com.java.SeleniumDriver] [ 1112] - ?   P A S S   ?
[INFO ][2016-01-07 13:13:09,870][com.java.SeleniumDriver] [  832] - ------------------------------------------
[INFO ][2016-01-07 13:13:09,870][com.java.SeleniumDriver] [  833] - Test case being Executed: 1
[INFO ][2016-01-07 13:13:09,870][com.java.SeleniumDriver] [  845] - Test step:2
[INFO ][2016-01-07 13:13:09,870][com.java.SeleniumDriver] [  857] - Datavalue is----------Concept#2:1-2
[INFO ][2016-01-07 13:13:09,870][com.java.SeleniumDriver] [  881] - DataField : test
[INFO ][2016-01-07 13:13:09,870][com.java.SeleniumDriver] [  883] - DataValue : Concept#2:1-2
[INFO ][2016-01-07 13:13:09,870][com.java.SeleniumDriver] [  889] - <In Set values of the page>
[INFO ][2016-01-07 13:13:09,870][com.java.SeleniumDriver] [  892] - {Data Fields & Data Values Exist}
[INFO ][2016-01-07 13:13:09,870][com.java.SeleniumDriver] [  894] - --------------------------setting values-----------------------------
[INFO ][2016-01-07 13:13:09,870][com.java.SeleniumDriver] [  897] - Action Type : ExecuteTestCase
[INFO ][2016-01-07 13:13:09,870][com.java.TestType] [  437] - The Concept sheet name is ---------- Concept
[INFO ][2016-01-07 13:13:09,870][com.java.TestType] [  440] - The Concept ID  is ---------- 2
[DEBUG][2016-01-07 13:13:09,870][com.java.TestType] [  444] - Steps being executted in the Concept are: 1:2
[INFO ][2016-01-07 13:13:09,870][com.java.TestType] [  451] - Test data details path ---------- D:\BankersDashboard\TestInputs\TestData.xls
[INFO ][2016-01-07 13:13:09,897][com.java.TestType] [  482] -  str(1) = 2
[INFO ][2016-01-07 13:13:09,897][com.java.TestType] [  485] - Test case Id is---2
[INFO ][2016-01-07 13:13:09,897][com.java.TestType] [  487] - 2
[INFO ][2016-01-07 13:13:09,897][com.java.TestType] [  482] -  str(2) = 1
[INFO ][2016-01-07 13:13:09,900][com.java.TestType] [  482] -  str(1) = 2
[INFO ][2016-01-07 13:13:09,900][com.java.TestType] [  485] - Test case Id is---2
[INFO ][2016-01-07 13:13:09,900][com.java.TestType] [  487] - 2
[INFO ][2016-01-07 13:13:09,900][com.java.TestType] [  482] -  str(2) = 2
[INFO ][2016-01-07 13:13:09,900][com.java.TestType] [  482] -  str(1) = 2
[INFO ][2016-01-07 13:13:09,900][com.java.TestType] [  485] - Test case Id is---2
[INFO ][2016-01-07 13:13:09,900][com.java.TestType] [  487] - 2
[INFO ][2016-01-07 13:13:09,900][com.java.TestType] [  482] -  str(2) = 3
[INFO ][2016-01-07 13:13:09,902][com.java.TestType] [10817] - Looping 1TCID = 2
[DEBUG][2016-01-07 13:13:09,902][com.java.TestType] [10858] - Concept ID:2 :: Step being Executed: 2::1
[INFO ][2016-01-07 13:13:09,902][com.java.TestType] [10896] - dataFields : BNK//select[@id='bank']
[DEBUG][2016-01-07 13:13:09,902][com.java.TestType] [10902] - <In Set values of the page>
[DEBUG][2016-01-07 13:13:09,902][com.java.TestType] [10907] - {Data Fields & Data Values Exist}
[INFO ][2016-01-07 13:13:09,902][com.java.TestType] [10913] - --------------------------setting values-----------------------------
[INFO ][2016-01-07 13:13:09,902][com.java.TestType] [10916] - Action Type : Select
[INFO ][2016-01-07 13:13:09,902][com.java.TestType] [ 5890] - value = PFC
[INFO ][2016-01-07 13:13:10,167][com.java.TestType] [10935] -  RESULT true
[INFO ][2016-01-07 13:13:10,167][com.java.TestType] [11052] - ?   P A S S   ?
[DEBUG][2016-01-07 13:13:10,167][com.java.TestType] [10858] - Concept ID:2 :: Step being Executed: 2::2
[INFO ][2016-01-07 13:13:10,167][com.java.TestType] [10896] - dataFields : LNKLogout
[DEBUG][2016-01-07 13:13:10,167][com.java.TestType] [10902] - <In Set values of the page>
[DEBUG][2016-01-07 13:13:10,167][com.java.TestType] [10907] - {Data Fields & Data Values Exist}
[INFO ][2016-01-07 13:13:10,167][com.java.TestType] [10913] - --------------------------setting values-----------------------------
[INFO ][2016-01-07 13:13:10,167][com.java.TestType] [10916] - Action Type : WaitTime
[DEBUG][2016-01-07 13:13:10,167][com.java.TestType] [ 5710] - sleepTime: 5000
[INFO ][2016-01-07 13:13:15,168][com.java.TestType] [10935] -  RESULT true
[INFO ][2016-01-07 13:13:15,168][com.java.TestType] [11052] - ?   P A S S   ?
[INFO ][2016-01-07 13:13:15,168][com.java.TestType] [11123] - Looping End......
[INFO ][2016-01-07 13:13:15,171][com.java.SeleniumDriver] [  906] -  RESULT true
[INFO ][2016-01-07 13:13:15,171][com.java.SeleniumDriver] [ 1112] - ?   P A S S   ?
[INFO ][2016-01-07 13:13:15,171][com.java.SeleniumDriver] [  832] - ------------------------------------------
[INFO ][2016-01-07 13:13:15,171][com.java.SeleniumDriver] [  833] - Test case being Executed: 1
[INFO ][2016-01-07 13:13:15,171][com.java.SeleniumDriver] [  845] - Test step:3
[INFO ][2016-01-07 13:13:15,171][com.java.SeleniumDriver] [  857] - Datavalue is----------2
[INFO ][2016-01-07 13:13:15,171][com.java.SeleniumDriver] [  881] - DataField : XPH//button[contains(text(),'Add Content')]
[INFO ][2016-01-07 13:13:15,171][com.java.SeleniumDriver] [  883] - DataValue : 2
[INFO ][2016-01-07 13:13:15,171][com.java.SeleniumDriver] [  889] - <In Set values of the page>
[INFO ][2016-01-07 13:13:15,171][com.java.SeleniumDriver] [  892] - {Data Fields & Data Values Exist}
[INFO ][2016-01-07 13:13:15,171][com.java.SeleniumDriver] [  894] - --------------------------setting values-----------------------------
[INFO ][2016-01-07 13:13:15,171][com.java.SeleniumDriver] [  897] - Action Type : WAITFORELEMENT
[INFO ][2016-01-07 13:13:15,209][com.java.SeleniumDriver] [  906] -  RESULT true
[INFO ][2016-01-07 13:13:15,209][com.java.SeleniumDriver] [ 1112] - ?   P A S S   ?
[DEBUG][2016-01-07 13:13:15,209][com.java.SeleniumDriver] [ 1224] - Case found
[DEBUG][2016-01-07 13:13:15,209][com.java.SeleniumDriver] [ 1229] - Incrementing ReportCounters[0]:1
[INFO ][2016-01-07 13:13:15,209][com.java.SeleniumDriver] [ 1248] - The results are-------------------[1, 1, Valid Login, Pass, , Thu Jan 07 13:13:09 IST 2016, 1, 2, Valid Login, Pass, , Thu Jan 07 13:13:15 IST 2016, 1, 3, Valid Login, Pass, , Thu Jan 07 13:13:15 IST 2016]
[INFO ][2016-01-07 13:13:15,209][com.java.SeleniumDriver] [ 1252] - End time is-------36 sec
[INFO ][2016-01-07 13:13:15,209][com.java.SeleniumDriver] [ 1253] - The results are-------------------[1, 1, Valid Login, Pass, , Thu Jan 07 13:13:09 IST 2016, 1, 2, Valid Login, Pass, , Thu Jan 07 13:13:15 IST 2016, 1, 3, Valid Login, Pass, , Thu Jan 07 13:13:15 IST 2016]
[DEBUG][2016-01-07 13:13:15,209][com.java.ImportnExport.ExportTestResultsExcel] [  222] - testResultPath = D:\BankersDashboard/TestReports/Test Results_BankersDashBoard_010716_131240_IE10_United Bank.xls
[DEBUG][2016-01-07 13:13:15,209][com.java.ImportnExport.ExportTestResultsExcel] [  223] - browser is------------IE10
[DEBUG][2016-01-07 13:13:15,259][com.java.ImportnExport.ExportTestResultsExcel] [  270] - result.size() = 18
[DEBUG][2016-01-07 13:13:15,259][com.java.ImportnExport.ExportTestResultsExcel] [  274] - No of rows in sheet=1
[DEBUG][2016-01-07 13:13:15,259][com.java.ImportnExport.ExportTestResultsExcel] [  301] - ..in export..1
[DEBUG][2016-01-07 13:13:15,259][com.java.ImportnExport.ExportTestResultsExcel] [  301] - ..in export..Valid Login
[DEBUG][2016-01-07 13:13:15,259][com.java.ImportnExport.ExportTestResultsExcel] [  301] - ..in export..Pass
[DEBUG][2016-01-07 13:13:15,259][com.java.ImportnExport.ExportTestResultsExcel] [  301] - ..in export..
[DEBUG][2016-01-07 13:13:15,259][com.java.ImportnExport.ExportTestResultsExcel] [  301] - ..in export..Thu Jan 07 13:13:09 IST 2016
[INFO ][2016-01-07 13:13:15,262][com.java.SeleniumDriver] [ 1313] - out loop:0 size:2 TestCases:[1, 7] testcases:[1, 7]
[INFO ][2016-01-07 13:13:15,262][com.java.ImportnExport.ImportTestDataDetailsExcel] [   49] - test data details path===== D:\BankersDashboard\TestInputs\TestData.xls
[INFO ][2016-01-07 13:13:47,400][com.java.SeleniumDriver] [  832] - ------------------------------------------
[INFO ][2016-01-07 13:13:47,400][com.java.SeleniumDriver] [  833] - Test case being Executed: 7
[INFO ][2016-01-07 13:13:47,400][com.java.SeleniumDriver] [  845] - Test step:1
[INFO ][2016-01-07 13:13:47,400][com.java.SeleniumDriver] [  857] - Datavalue is----------5
[INFO ][2016-01-07 13:13:47,400][com.java.SeleniumDriver] [  881] - DataField : LNKLogout
[INFO ][2016-01-07 13:13:47,400][com.java.SeleniumDriver] [  883] - DataValue : 5
[INFO ][2016-01-07 13:13:47,400][com.java.SeleniumDriver] [  889] - <In Set values of the page>
[INFO ][2016-01-07 13:13:47,400][com.java.SeleniumDriver] [  892] - {Data Fields & Data Values Exist}
[INFO ][2016-01-07 13:13:47,400][com.java.SeleniumDriver] [  894] - --------------------------setting values-----------------------------
[INFO ][2016-01-07 13:13:47,400][com.java.SeleniumDriver] [  897] - Action Type : WaitForElement
[INFO ][2016-01-07 13:13:47,448][com.java.SeleniumDriver] [  906] -  RESULT true
[INFO ][2016-01-07 13:13:47,448][com.java.SeleniumDriver] [ 1112] - ?   P A S S   ?
[INFO ][2016-01-07 13:13:47,448][com.java.SeleniumDriver] [ 1154] - step change to 3
[INFO ][2016-01-07 13:13:47,448][com.java.SeleniumDriver] [  832] - ------------------------------------------
[INFO ][2016-01-07 13:13:47,448][com.java.SeleniumDriver] [  833] - Test case being Executed: 7
[INFO ][2016-01-07 13:13:47,448][com.java.SeleniumDriver] [  845] - Test step:3
[INFO ][2016-01-07 13:13:47,448][com.java.SeleniumDriver] [  857] - Datavalue is----------Concept#2:1-2
[INFO ][2016-01-07 13:13:47,448][com.java.SeleniumDriver] [  881] - DataField : test
[INFO ][2016-01-07 13:13:47,448][com.java.SeleniumDriver] [  883] - DataValue : Concept#2:1-2
[INFO ][2016-01-07 13:13:47,448][com.java.SeleniumDriver] [  889] - <In Set values of the page>
[INFO ][2016-01-07 13:13:47,448][com.java.SeleniumDriver] [  892] - {Data Fields & Data Values Exist}
[INFO ][2016-01-07 13:13:47,448][com.java.SeleniumDriver] [  894] - --------------------------setting values-----------------------------
[INFO ][2016-01-07 13:13:47,448][com.java.SeleniumDriver] [  897] - Action Type : ExecuteTestCase
[INFO ][2016-01-07 13:13:47,448][com.java.TestType] [  437] - The Concept sheet name is ---------- Concept
[INFO ][2016-01-07 13:13:47,448][com.java.TestType] [  440] - The Concept ID  is ---------- 2
[DEBUG][2016-01-07 13:13:47,448][com.java.TestType] [  444] - Steps being executted in the Concept are: 1:2
[INFO ][2016-01-07 13:13:47,448][com.java.TestType] [  451] - Test data details path ---------- D:\BankersDashboard\TestInputs\TestData.xls
[INFO ][2016-01-07 13:13:47,476][com.java.TestType] [  482] -  str(1) = 2
[INFO ][2016-01-07 13:13:47,476][com.java.TestType] [  485] - Test case Id is---2
[INFO ][2016-01-07 13:13:47,476][com.java.TestType] [  487] - 2
[INFO ][2016-01-07 13:13:47,476][com.java.TestType] [  482] -  str(2) = 1
[INFO ][2016-01-07 13:13:47,478][com.java.TestType] [  482] -  str(1) = 2
[INFO ][2016-01-07 13:13:47,478][com.java.TestType] [  485] - Test case Id is---2
[INFO ][2016-01-07 13:13:47,478][com.java.TestType] [  487] - 2
[INFO ][2016-01-07 13:13:47,478][com.java.TestType] [  482] -  str(2) = 2
[INFO ][2016-01-07 13:13:47,478][com.java.TestType] [  482] -  str(1) = 2
[INFO ][2016-01-07 13:13:47,478][com.java.TestType] [  485] - Test case Id is---2
[INFO ][2016-01-07 13:13:47,478][com.java.TestType] [  487] - 2
[INFO ][2016-01-07 13:13:47,478][com.java.TestType] [  482] -  str(2) = 3
[INFO ][2016-01-07 13:13:47,478][com.java.TestType] [10817] - Looping 1TCID = 2
[DEBUG][2016-01-07 13:13:47,478][com.java.TestType] [10858] - Concept ID:2 :: Step being Executed: 2::1
[INFO ][2016-01-07 13:13:47,478][com.java.TestType] [10896] - dataFields : BNK//select[@id='bank']
[DEBUG][2016-01-07 13:13:47,478][com.java.TestType] [10902] - <In Set values of the page>
[DEBUG][2016-01-07 13:13:47,478][com.java.TestType] [10907] - {Data Fields & Data Values Exist}
[INFO ][2016-01-07 13:13:47,478][com.java.TestType] [10913] - --------------------------setting values-----------------------------
[INFO ][2016-01-07 13:13:47,481][com.java.TestType] [10916] - Action Type : Select
[INFO ][2016-01-07 13:13:47,481][com.java.TestType] [ 5890] - value = PFC
[INFO ][2016-01-07 13:13:47,691][com.java.TestType] [10935] -  RESULT true
[INFO ][2016-01-07 13:13:47,691][com.java.TestType] [11052] - ?   P A S S   ?
[DEBUG][2016-01-07 13:13:47,691][com.java.TestType] [10858] - Concept ID:2 :: Step being Executed: 2::2
[INFO ][2016-01-07 13:13:47,691][com.java.TestType] [10896] - dataFields : LNKLogout
[DEBUG][2016-01-07 13:13:47,691][com.java.TestType] [10902] - <In Set values of the page>
[DEBUG][2016-01-07 13:13:47,691][com.java.TestType] [10907] - {Data Fields & Data Values Exist}
[INFO ][2016-01-07 13:13:47,691][com.java.TestType] [10913] - --------------------------setting values-----------------------------
[INFO ][2016-01-07 13:13:47,691][com.java.TestType] [10916] - Action Type : WaitTime
[DEBUG][2016-01-07 13:13:47,691][com.java.TestType] [ 5710] - sleepTime: 5000
[INFO ][2016-01-07 13:13:52,691][com.java.TestType] [10935] -  RESULT true
[INFO ][2016-01-07 13:13:52,691][com.java.TestType] [11052] - ?   P A S S   ?
[INFO ][2016-01-07 13:13:52,691][com.java.TestType] [11123] - Looping End......
[INFO ][2016-01-07 13:13:52,693][com.java.SeleniumDriver] [  906] -  RESULT true
[INFO ][2016-01-07 13:13:52,693][com.java.SeleniumDriver] [ 1112] - ?   P A S S   ?
[INFO ][2016-01-07 13:13:52,693][com.java.SeleniumDriver] [  832] - ------------------------------------------
[INFO ][2016-01-07 13:13:52,693][com.java.SeleniumDriver] [  833] - Test case being Executed: 7
[INFO ][2016-01-07 13:13:52,693][com.java.SeleniumDriver] [  845] - Test step:4
[INFO ][2016-01-07 13:13:52,693][com.java.SeleniumDriver] [  857] - Datavalue is----------null
[DEBUG][2016-01-07 13:13:52,693][com.java.SeleniumDriver] [  875] - Exception: null
[INFO ][2016-01-07 13:13:52,693][com.java.SeleniumDriver] [  881] - DataField : //span[@class="icon-user4"]&&//a[contains(text(),'A/L Mapping')]&&//a[@data-id="LoanProductGroups"]
[INFO ][2016-01-07 13:13:52,693][com.java.SeleniumDriver] [  883] - DataValue : 
[INFO ][2016-01-07 13:13:52,693][com.java.SeleniumDriver] [  889] - <In Set values of the page>
[INFO ][2016-01-07 13:13:52,693][com.java.SeleniumDriver] [  892] - {Data Fields & Data Values Exist}
[INFO ][2016-01-07 13:13:52,693][com.java.SeleniumDriver] [  894] - --------------------------setting values-----------------------------
[INFO ][2016-01-07 13:13:52,693][com.java.SeleniumDriver] [  897] - Action Type : mouseover
[INFO ][2016-01-07 13:14:20,234][com.java.SeleniumDriver] [  906] -  RESULT true
[INFO ][2016-01-07 13:14:20,234][com.java.SeleniumDriver] [ 1112] - ?   P A S S   ?
[INFO ][2016-01-07 13:14:20,234][com.java.SeleniumDriver] [  832] - ------------------------------------------
[INFO ][2016-01-07 13:14:20,234][com.java.SeleniumDriver] [  833] - Test case being Executed: 7
[INFO ][2016-01-07 13:14:20,234][com.java.SeleniumDriver] [  845] - Test step:5
[INFO ][2016-01-07 13:14:20,234][com.java.SeleniumDriver] [  857] - Datavalue is----------5
[INFO ][2016-01-07 13:14:20,234][com.java.SeleniumDriver] [  881] - DataField : BTNframeDialogContent
[INFO ][2016-01-07 13:14:20,234][com.java.SeleniumDriver] [  883] - DataValue : 5
[INFO ][2016-01-07 13:14:20,234][com.java.SeleniumDriver] [  889] - <In Set values of the page>
[INFO ][2016-01-07 13:14:20,234][com.java.SeleniumDriver] [  892] - {Data Fields & Data Values Exist}
[INFO ][2016-01-07 13:14:20,234][com.java.SeleniumDriver] [  894] - --------------------------setting values-----------------------------
[INFO ][2016-01-07 13:14:20,234][com.java.SeleniumDriver] [  897] - Action Type : waitforelement
[INFO ][2016-01-07 13:14:21,453][com.java.SeleniumDriver] [  906] -  RESULT true
[INFO ][2016-01-07 13:14:21,455][com.java.SeleniumDriver] [ 1112] - ?   P A S S   ?
[INFO ][2016-01-07 13:14:21,455][com.java.SeleniumDriver] [  832] - ------------------------------------------
[INFO ][2016-01-07 13:14:21,455][com.java.SeleniumDriver] [  833] - Test case being Executed: 7
[INFO ][2016-01-07 13:14:21,455][com.java.SeleniumDriver] [  845] - Test step:6
[INFO ][2016-01-07 13:14:21,455][com.java.SeleniumDriver] [  857] - Datavalue is----------Loan Product Groups
[INFO ][2016-01-07 13:14:21,455][com.java.SeleniumDriver] [  881] - DataField : MSG
[INFO ][2016-01-07 13:14:21,455][com.java.SeleniumDriver] [  883] - DataValue : Loan Product Groups
[INFO ][2016-01-07 13:14:21,455][com.java.SeleniumDriver] [  889] - <In Set values of the page>
[INFO ][2016-01-07 13:14:21,455][com.java.SeleniumDriver] [  892] - {Data Fields & Data Values Exist}
[INFO ][2016-01-07 13:14:21,455][com.java.SeleniumDriver] [  894] - --------------------------setting values-----------------------------
[INFO ][2016-01-07 13:14:21,455][com.java.SeleniumDriver] [  897] - Action Type : VERIFY
[INFO ][2016-01-07 13:14:21,455][com.java.TestType] [ 7264] - field= MSG value= Loan Product Groups
[INFO ][2016-01-07 13:14:21,455][com.java.TestType] [ 5890] - value = Loan Product Groups
[DEBUG][2016-01-07 13:14:21,455][com.java.TestType] [ 8085] - value :: Loan Product Groups
[INFO ][2016-01-07 13:14:21,511][com.java.SeleniumDriver] [  906] -  RESULT true
[INFO ][2016-01-07 13:14:21,511][com.java.SeleniumDriver] [ 1112] - ?   P A S S   ?
[INFO ][2016-01-07 13:14:21,511][com.java.SeleniumDriver] [  832] - ------------------------------------------
[INFO ][2016-01-07 13:14:21,511][com.java.SeleniumDriver] [  833] - Test case being Executed: 7
[INFO ][2016-01-07 13:14:21,511][com.java.SeleniumDriver] [  845] - Test step:7
[INFO ][2016-01-07 13:14:21,511][com.java.SeleniumDriver] [  857] - Datavalue is----------null
[DEBUG][2016-01-07 13:14:21,511][com.java.SeleniumDriver] [  875] - Exception: null
[INFO ][2016-01-07 13:14:21,514][com.java.SeleniumDriver] [  881] - DataField : BTNframeDialogContent
[INFO ][2016-01-07 13:14:21,514][com.java.SeleniumDriver] [  883] - DataValue : 
[INFO ][2016-01-07 13:14:21,514][com.java.SeleniumDriver] [  889] - <In Set values of the page>
[INFO ][2016-01-07 13:14:21,514][com.java.SeleniumDriver] [  892] - {Data Fields & Data Values Exist}
[INFO ][2016-01-07 13:14:21,514][com.java.SeleniumDriver] [  894] - --------------------------setting values-----------------------------
[INFO ][2016-01-07 13:14:21,514][com.java.SeleniumDriver] [  897] - Action Type : SELECTFRAME
[INFO ][2016-01-07 13:14:22,780][com.java.SeleniumDriver] [  906] -  RESULT true
[INFO ][2016-01-07 13:14:22,780][com.java.SeleniumDriver] [ 1112] - ?   P A S S   ?
[INFO ][2016-01-07 13:14:22,780][com.java.SeleniumDriver] [  832] - ------------------------------------------
[INFO ][2016-01-07 13:14:22,780][com.java.SeleniumDriver] [  833] - Test case being Executed: 7
[INFO ][2016-01-07 13:14:22,780][com.java.SeleniumDriver] [  845] - Test step:8
[INFO ][2016-01-07 13:14:22,780][com.java.SeleniumDriver] [  857] - Datavalue is----------null
[DEBUG][2016-01-07 13:14:22,780][com.java.SeleniumDriver] [  875] - Exception: null
[INFO ][2016-01-07 13:14:22,782][com.java.SeleniumDriver] [  881] - DataField : BTNbtnAdd
[INFO ][2016-01-07 13:14:22,782][com.java.SeleniumDriver] [  883] - DataValue : 
[INFO ][2016-01-07 13:14:22,782][com.java.SeleniumDriver] [  889] - <In Set values of the page>
[INFO ][2016-01-07 13:14:22,782][com.java.SeleniumDriver] [  892] - {Data Fields & Data Values Exist}
[INFO ][2016-01-07 13:14:22,782][com.java.SeleniumDriver] [  894] - --------------------------setting values-----------------------------
[INFO ][2016-01-07 13:14:22,782][com.java.SeleniumDriver] [  897] - Action Type : click
[INFO ][2016-01-07 13:14:22,782][com.java.TestType] [ 6269] - Field ::BTNbtnAdd
[INFO ][2016-01-07 13:14:22,782][com.java.TestType] [ 5890] - value = 
[INFO ][2016-01-07 13:14:23,782][com.java.TestType] [ 6385] - BEFORE CLICK
[INFO ][2016-01-07 13:14:24,996][com.java.TestType] [ 6392] - Unable to click the object Add button
[INFO ][2016-01-07 13:14:24,996][com.java.SeleniumDriver] [  906] -  RESULT true
[INFO ][2016-01-07 13:14:24,996][com.java.SeleniumDriver] [ 1112] - ?   P A S S   ?
[INFO ][2016-01-07 13:14:24,996][com.java.SeleniumDriver] [  832] - ------------------------------------------
[INFO ][2016-01-07 13:14:24,996][com.java.SeleniumDriver] [  833] - Test case being Executed: 7
[INFO ][2016-01-07 13:14:24,996][com.java.SeleniumDriver] [  845] - Test step:9
[INFO ][2016-01-07 13:14:24,996][com.java.SeleniumDriver] [  857] - Datavalue is----------5
[INFO ][2016-01-07 13:14:24,996][com.java.SeleniumDriver] [  881] - DataField : TXTtxtDescription
[INFO ][2016-01-07 13:14:24,996][com.java.SeleniumDriver] [  883] - DataValue : 5
[INFO ][2016-01-07 13:14:24,996][com.java.SeleniumDriver] [  889] - <In Set values of the page>
[INFO ][2016-01-07 13:14:24,996][com.java.SeleniumDriver] [  892] - {Data Fields & Data Values Exist}
[INFO ][2016-01-07 13:14:24,996][com.java.SeleniumDriver] [  894] - --------------------------setting values-----------------------------
[INFO ][2016-01-07 13:14:24,996][com.java.SeleniumDriver] [  897] - Action Type : waitforelement
[INFO ][2016-01-07 13:14:26,048][com.java.SeleniumDriver] [  906] -  RESULT true
[INFO ][2016-01-07 13:14:26,048][com.java.SeleniumDriver] [ 1112] - ?   P A S S   ?
[INFO ][2016-01-07 13:14:26,048][com.java.SeleniumDriver] [  832] - ------------------------------------------
[INFO ][2016-01-07 13:14:26,048][com.java.SeleniumDriver] [  833] - Test case being Executed: 7
[INFO ][2016-01-07 13:14:26,048][com.java.SeleniumDriver] [  845] - Test step:10
[INFO ][2016-01-07 13:14:26,048][com.java.SeleniumDriver] [  857] - Datavalue is----------RNDVLTest
[INFO ][2016-01-07 13:14:26,048][com.java.SeleniumDriver] [  881] - DataField : TXTtxtDescription
[INFO ][2016-01-07 13:14:26,048][com.java.SeleniumDriver] [  883] - DataValue : RNDVLTest
[INFO ][2016-01-07 13:14:26,050][com.java.SeleniumDriver] [  889] - <In Set values of the page>
[INFO ][2016-01-07 13:14:26,050][com.java.SeleniumDriver] [  892] - {Data Fields & Data Values Exist}
[INFO ][2016-01-07 13:14:26,050][com.java.SeleniumDriver] [  894] - --------------------------setting values-----------------------------
[INFO ][2016-01-07 13:14:26,050][com.java.SeleniumDriver] [  897] - Action Type : clearandenter
[INFO ][2016-01-07 13:14:26,050][com.java.TestType] [ 5890] - value = VLTest23393
[INFO ][2016-01-07 13:14:28,672][com.java.SeleniumDriver] [  906] -  RESULT true
[INFO ][2016-01-07 13:14:28,672][com.java.SeleniumDriver] [ 1112] - ?   P A S S   ?
[INFO ][2016-01-07 13:14:28,672][com.java.SeleniumDriver] [  832] - ------------------------------------------
[INFO ][2016-01-07 13:14:28,672][com.java.SeleniumDriver] [  833] - Test case being Executed: 7
[INFO ][2016-01-07 13:14:28,672][com.java.SeleniumDriver] [  845] - Test step:11
[INFO ][2016-01-07 13:14:28,672][com.java.SeleniumDriver] [  857] - Datavalue is----------2
[INFO ][2016-01-07 13:14:28,672][com.java.SeleniumDriver] [  881] - DataField : test
[INFO ][2016-01-07 13:14:28,672][com.java.SeleniumDriver] [  883] - DataValue : 2
[INFO ][2016-01-07 13:14:28,672][com.java.SeleniumDriver] [  889] - <In Set values of the page>
[INFO ][2016-01-07 13:14:28,672][com.java.SeleniumDriver] [  892] - {Data Fields & Data Values Exist}
[INFO ][2016-01-07 13:14:28,672][com.java.SeleniumDriver] [  894] - --------------------------setting values-----------------------------
[INFO ][2016-01-07 13:14:28,672][com.java.SeleniumDriver] [  897] - Action Type : WaitTime
[DEBUG][2016-01-07 13:14:28,675][com.java.TestType] [ 5710] - sleepTime: 2000
[INFO ][2016-01-07 13:14:30,676][com.java.SeleniumDriver] [  906] -  RESULT true
[INFO ][2016-01-07 13:14:30,676][com.java.SeleniumDriver] [ 1112] - ?   P A S S   ?
[INFO ][2016-01-07 13:14:30,676][com.java.SeleniumDriver] [  832] - ------------------------------------------
[INFO ][2016-01-07 13:14:30,676][com.java.SeleniumDriver] [  833] - Test case being Executed: 7
[INFO ][2016-01-07 13:14:30,676][com.java.SeleniumDriver] [  845] - Test step:12
[INFO ][2016-01-07 13:14:30,676][com.java.SeleniumDriver] [  857] - Datavalue is----------enteredtext
[INFO ][2016-01-07 13:14:30,676][com.java.SeleniumDriver] [  881] - DataField : TXTtxtDescription
[INFO ][2016-01-07 13:14:30,676][com.java.SeleniumDriver] [  883] - DataValue : enteredtext
[INFO ][2016-01-07 13:14:30,676][com.java.SeleniumDriver] [  889] - <In Set values of the page>
[INFO ][2016-01-07 13:14:30,676][com.java.SeleniumDriver] [  892] - {Data Fields & Data Values Exist}
[INFO ][2016-01-07 13:14:30,676][com.java.SeleniumDriver] [  894] - --------------------------setting values-----------------------------
[INFO ][2016-01-07 13:14:30,676][com.java.SeleniumDriver] [  897] - Action Type : storevalue
[INFO ][2016-01-07 13:14:30,676][com.java.TestType] [ 8607] - field= TXTtxtDescription
[DEBUG][2016-01-07 13:14:31,763][com.java.TestType] [ 8621] - Key:: enteredtext  Value:: VLTest23393
[INFO ][2016-01-07 13:14:31,763][com.java.SeleniumDriver] [  906] -  RESULT true
[INFO ][2016-01-07 13:14:31,763][com.java.SeleniumDriver] [ 1112] - ?   P A S S   ?
[INFO ][2016-01-07 13:14:31,763][com.java.SeleniumDriver] [  832] - ------------------------------------------
[INFO ][2016-01-07 13:14:31,763][com.java.SeleniumDriver] [  833] - Test case being Executed: 7
[INFO ][2016-01-07 13:14:31,763][com.java.SeleniumDriver] [  845] - Test step:13
[INFO ][2016-01-07 13:14:31,763][com.java.SeleniumDriver] [  857] - Datavalue is----------null
[DEBUG][2016-01-07 13:14:31,763][com.java.SeleniumDriver] [  875] - Exception: null
[INFO ][2016-01-07 13:14:31,763][com.java.SeleniumDriver] [  881] - DataField : XPH//select[@id="ddlLoanProducts"]/option[1]
[INFO ][2016-01-07 13:14:31,763][com.java.SeleniumDriver] [  883] - DataValue : 
[INFO ][2016-01-07 13:14:31,763][com.java.SeleniumDriver] [  889] - <In Set values of the page>
[INFO ][2016-01-07 13:14:31,763][com.java.SeleniumDriver] [  892] - {Data Fields & Data Values Exist}
[INFO ][2016-01-07 13:14:31,763][com.java.SeleniumDriver] [  894] - --------------------------setting values-----------------------------
[INFO ][2016-01-07 13:14:31,763][com.java.SeleniumDriver] [  897] - Action Type : click
[INFO ][2016-01-07 13:14:31,763][com.java.TestType] [ 6269] - Field ::XPH//select[@id="ddlLoanProducts"]/option[1]
[INFO ][2016-01-07 13:14:31,765][com.java.TestType] [ 5890] - value = 
[INFO ][2016-01-07 13:14:32,765][com.java.TestType] [ 6406] - BEFORE CLICK
[INFO ][2016-01-07 13:14:33,483][com.java.TestType] [ 6414] - Unable to click the object Selected Loan Products
[INFO ][2016-01-07 13:14:33,483][com.java.SeleniumDriver] [  906] -  RESULT true
[INFO ][2016-01-07 13:14:33,483][com.java.SeleniumDriver] [ 1112] - ?   P A S S   ?
[INFO ][2016-01-07 13:14:33,483][com.java.SeleniumDriver] [  832] - ------------------------------------------
[INFO ][2016-01-07 13:14:33,483][com.java.SeleniumDriver] [  833] - Test case being Executed: 7
[INFO ][2016-01-07 13:14:33,483][com.java.SeleniumDriver] [  845] - Test step:14
[INFO ][2016-01-07 13:14:33,483][com.java.SeleniumDriver] [  857] - Datavalue is----------SHIFT
[INFO ][2016-01-07 13:14:33,483][com.java.SeleniumDriver] [  881] - DataField : XPH//select[@id="ddlLoanProducts"]/option[2]
[INFO ][2016-01-07 13:14:33,483][com.java.SeleniumDriver] [  883] - DataValue : SHIFT
[INFO ][2016-01-07 13:14:33,483][com.java.SeleniumDriver] [  889] - <In Set values of the page>
[INFO ][2016-01-07 13:14:33,483][com.java.SeleniumDriver] [  892] - {Data Fields & Data Values Exist}
[INFO ][2016-01-07 13:14:33,483][com.java.SeleniumDriver] [  894] - --------------------------setting values-----------------------------
[INFO ][2016-01-07 13:14:33,483][com.java.SeleniumDriver] [  897] - Action Type : KEYBOARDKEYS
[INFO ][2016-01-07 13:14:34,619][com.java.SeleniumDriver] [  906] -  RESULT true
[INFO ][2016-01-07 13:14:34,619][com.java.SeleniumDriver] [ 1112] - ?   P A S S   ?
[INFO ][2016-01-07 13:14:34,621][com.java.SeleniumDriver] [  832] - ------------------------------------------
[INFO ][2016-01-07 13:14:34,621][com.java.SeleniumDriver] [  833] - Test case being Executed: 7
[INFO ][2016-01-07 13:14:34,621][com.java.SeleniumDriver] [  845] - Test step:15
[INFO ][2016-01-07 13:14:34,621][com.java.SeleniumDriver] [  857] - Datavalue is----------null
[DEBUG][2016-01-07 13:14:34,621][com.java.SeleniumDriver] [  875] - Exception: null
[INFO ][2016-01-07 13:14:34,621][com.java.SeleniumDriver] [  881] - DataField : BTNparent
[INFO ][2016-01-07 13:14:34,621][com.java.SeleniumDriver] [  883] - DataValue : 
[INFO ][2016-01-07 13:14:34,621][com.java.SeleniumDriver] [  889] - <In Set values of the page>
[INFO ][2016-01-07 13:14:34,621][com.java.SeleniumDriver] [  892] - {Data Fields & Data Values Exist}
[INFO ][2016-01-07 13:14:34,621][com.java.SeleniumDriver] [  894] - --------------------------setting values-----------------------------
[INFO ][2016-01-07 13:14:34,621][com.java.SeleniumDriver] [  897] - Action Type : SELECTFRAME
[INFO ][2016-01-07 13:14:34,635][com.java.SeleniumDriver] [  906] -  RESULT true
[INFO ][2016-01-07 13:14:34,635][com.java.SeleniumDriver] [ 1112] - ?   P A S S   ?
[INFO ][2016-01-07 13:14:34,635][com.java.SeleniumDriver] [  832] - ------------------------------------------
[INFO ][2016-01-07 13:14:34,635][com.java.SeleniumDriver] [  833] - Test case being Executed: 7
[INFO ][2016-01-07 13:14:34,635][com.java.SeleniumDriver] [  845] - Test step:16
[INFO ][2016-01-07 13:14:34,635][com.java.SeleniumDriver] [  857] - Datavalue is----------null
[DEBUG][2016-01-07 13:14:34,635][com.java.SeleniumDriver] [  875] - Exception: null
[INFO ][2016-01-07 13:14:34,635][com.java.SeleniumDriver] [  881] - DataField : XPH//span[contains(text(),'Finished')]
[INFO ][2016-01-07 13:14:34,635][com.java.SeleniumDriver] [  883] - DataValue : 
[INFO ][2016-01-07 13:14:34,635][com.java.SeleniumDriver] [  889] - <In Set values of the page>
[INFO ][2016-01-07 13:14:34,635][com.java.SeleniumDriver] [  892] - {Data Fields & Data Values Exist}
[INFO ][2016-01-07 13:14:34,637][com.java.SeleniumDriver] [  894] - --------------------------setting values-----------------------------
[INFO ][2016-01-07 13:14:34,637][com.java.SeleniumDriver] [  897] - Action Type : click
[INFO ][2016-01-07 13:14:34,637][com.java.TestType] [ 6269] - Field ::XPH//span[contains(text(),'Finished')]
[INFO ][2016-01-07 13:14:34,637][com.java.TestType] [ 5890] - value = 
[INFO ][2016-01-07 13:14:35,637][com.java.TestType] [ 6406] - BEFORE CLICK
[INFO ][2016-01-07 13:14:36,515][com.java.TestType] [ 6414] - Unable to click the object Finished button
[INFO ][2016-01-07 13:14:36,515][com.java.SeleniumDriver] [  906] -  RESULT true
[INFO ][2016-01-07 13:14:36,515][com.java.SeleniumDriver] [ 1112] - ?   P A S S   ?
[INFO ][2016-01-07 13:14:36,515][com.java.SeleniumDriver] [  832] - ------------------------------------------
[INFO ][2016-01-07 13:14:36,515][com.java.SeleniumDriver] [  833] - Test case being Executed: 7
[INFO ][2016-01-07 13:14:36,515][com.java.SeleniumDriver] [  845] - Test step:17
[INFO ][2016-01-07 13:14:36,515][com.java.SeleniumDriver] [  857] - Datavalue is----------5
[INFO ][2016-01-07 13:14:36,515][com.java.SeleniumDriver] [  881] - DataField : BTNframeDialogContent
[INFO ][2016-01-07 13:14:36,515][com.java.SeleniumDriver] [  883] - DataValue : 5
[INFO ][2016-01-07 13:14:36,515][com.java.SeleniumDriver] [  889] - <In Set values of the page>
[INFO ][2016-01-07 13:14:36,515][com.java.SeleniumDriver] [  892] - {Data Fields & Data Values Exist}
[INFO ][2016-01-07 13:14:36,515][com.java.SeleniumDriver] [  894] - --------------------------setting values-----------------------------
[INFO ][2016-01-07 13:14:36,515][com.java.SeleniumDriver] [  897] - Action Type : waitforelement
[INFO ][2016-01-07 13:14:37,983][com.java.SeleniumDriver] [  906] -  RESULT true
[INFO ][2016-01-07 13:14:37,983][com.java.SeleniumDriver] [ 1112] - ?   P A S S   ?
[INFO ][2016-01-07 13:14:37,983][com.java.SeleniumDriver] [  832] - ------------------------------------------
[INFO ][2016-01-07 13:14:37,983][com.java.SeleniumDriver] [  833] - Test case being Executed: 7
[INFO ][2016-01-07 13:14:37,983][com.java.SeleniumDriver] [  845] - Test step:18
[INFO ][2016-01-07 13:14:37,983][com.java.SeleniumDriver] [  857] - Datavalue is----------null
[DEBUG][2016-01-07 13:14:37,983][com.java.SeleniumDriver] [  875] - Exception: null
[INFO ][2016-01-07 13:14:37,983][com.java.SeleniumDriver] [  881] - DataField : BTNframeDialogContent
[INFO ][2016-01-07 13:14:37,983][com.java.SeleniumDriver] [  883] - DataValue : 
[INFO ][2016-01-07 13:14:37,983][com.java.SeleniumDriver] [  889] - <In Set values of the page>
[INFO ][2016-01-07 13:14:37,983][com.java.SeleniumDriver] [  892] - {Data Fields & Data Values Exist}
[INFO ][2016-01-07 13:14:37,983][com.java.SeleniumDriver] [  894] - --------------------------setting values-----------------------------
[INFO ][2016-01-07 13:14:37,983][com.java.SeleniumDriver] [  897] - Action Type : SELECTFRAME
[INFO ][2016-01-07 13:14:39,239][com.java.SeleniumDriver] [  906] -  RESULT true
[INFO ][2016-01-07 13:14:39,239][com.java.SeleniumDriver] [ 1112] - ?   P A S S   ?
[INFO ][2016-01-07 13:14:39,239][com.java.SeleniumDriver] [  832] - ------------------------------------------
[INFO ][2016-01-07 13:14:39,239][com.java.SeleniumDriver] [  833] - Test case being Executed: 7
[INFO ][2016-01-07 13:14:39,239][com.java.SeleniumDriver] [  845] - Test step:19
[INFO ][2016-01-07 13:14:39,239][com.java.SeleniumDriver] [  857] - Datavalue is----------10
[INFO ][2016-01-07 13:14:39,239][com.java.SeleniumDriver] [  881] - DataField : test
[INFO ][2016-01-07 13:14:39,239][com.java.SeleniumDriver] [  883] - DataValue : 10
[INFO ][2016-01-07 13:14:39,239][com.java.SeleniumDriver] [  889] - <In Set values of the page>
[INFO ][2016-01-07 13:14:39,239][com.java.SeleniumDriver] [  892] - {Data Fields & Data Values Exist}
[INFO ][2016-01-07 13:14:39,239][com.java.SeleniumDriver] [  894] - --------------------------setting values-----------------------------
[INFO ][2016-01-07 13:14:39,239][com.java.SeleniumDriver] [  897] - Action Type : WaitTime
[DEBUG][2016-01-07 13:14:39,239][com.java.TestType] [ 5710] - sleepTime: 10000
[INFO ][2016-01-07 13:14:49,242][com.java.SeleniumDriver] [  906] -  RESULT true
[INFO ][2016-01-07 13:14:49,242][com.java.SeleniumDriver] [ 1112] - ?   P A S S   ?
[INFO ][2016-01-07 13:14:49,242][com.java.SeleniumDriver] [  832] - ------------------------------------------
[INFO ][2016-01-07 13:14:49,242][com.java.SeleniumDriver] [  833] - Test case being Executed: 7
[INFO ][2016-01-07 13:14:49,242][com.java.SeleniumDriver] [  845] - Test step:20
[INFO ][2016-01-07 13:14:49,242][com.java.SeleniumDriver] [  857] - Datavalue is----------HMVenteredtext
[INFO ][2016-01-07 13:14:49,242][com.java.SeleniumDriver] [  881] - DataField : MSG
[INFO ][2016-01-07 13:14:49,242][com.java.SeleniumDriver] [  883] - DataValue : HMVenteredtext
[INFO ][2016-01-07 13:14:49,242][com.java.SeleniumDriver] [  889] - <In Set values of the page>
[INFO ][2016-01-07 13:14:49,242][com.java.SeleniumDriver] [  892] - {Data Fields & Data Values Exist}
[INFO ][2016-01-07 13:14:49,242][com.java.SeleniumDriver] [  894] - --------------------------setting values-----------------------------
[INFO ][2016-01-07 13:14:49,242][com.java.SeleniumDriver] [  897] - Action Type : VERIFY
[INFO ][2016-01-07 13:14:49,242][com.java.TestType] [ 7264] - field= MSG value= HMVenteredtext
[INFO ][2016-01-07 13:14:49,242][com.java.TestType] [ 5890] - value = VLTest23393
[DEBUG][2016-01-07 13:14:49,242][com.java.TestType] [ 8085] - value :: VLTest23393
[INFO ][2016-01-07 13:14:49,260][com.java.SeleniumDriver] [  906] -  RESULT true
[INFO ][2016-01-07 13:14:49,260][com.java.SeleniumDriver] [ 1112] - ?   P A S S   ?
[INFO ][2016-01-07 13:14:49,260][com.java.SeleniumDriver] [  832] - ------------------------------------------
[INFO ][2016-01-07 13:14:49,260][com.java.SeleniumDriver] [  833] - Test case being Executed: 7
[INFO ][2016-01-07 13:14:49,260][com.java.SeleniumDriver] [  845] - Test step:21
[INFO ][2016-01-07 13:14:49,260][com.java.SeleniumDriver] [  857] - Datavalue is----------HMVenteredtext
[INFO ][2016-01-07 13:14:49,260][com.java.SeleniumDriver] [  881] - DataField : FCV//select[@id="ddlGroups"]//option
[INFO ][2016-01-07 13:14:49,260][com.java.SeleniumDriver] [  883] - DataValue : HMVenteredtext
[INFO ][2016-01-07 13:14:49,260][com.java.SeleniumDriver] [  889] - <In Set values of the page>
[INFO ][2016-01-07 13:14:49,260][com.java.SeleniumDriver] [  892] - {Data Fields & Data Values Exist}
[INFO ][2016-01-07 13:14:49,260][com.java.SeleniumDriver] [  894] - --------------------------setting values-----------------------------
[INFO ][2016-01-07 13:14:49,260][com.java.SeleniumDriver] [  897] - Action Type : Click
[INFO ][2016-01-07 13:14:49,260][com.java.TestType] [ 6269] - Field ::FCV//select[@id="ddlGroups"]//option
[INFO ][2016-01-07 13:14:49,260][com.java.TestType] [ 5890] - value = VLTest23393
[INFO ][2016-01-07 13:14:50,260][com.java.TestType] [ 6287] - BEFORE CLICK on //select[@id="ddlGroups"]//option[contains(text(),'VLTest23393')]
[INFO ][2016-01-07 13:14:50,429][com.java.SeleniumDriver] [  906] -  RESULT true
[INFO ][2016-01-07 13:14:50,429][com.java.SeleniumDriver] [ 1112] - ?   P A S S   ?
[INFO ][2016-01-07 13:14:50,429][com.java.SeleniumDriver] [  832] - ------------------------------------------
[INFO ][2016-01-07 13:14:50,429][com.java.SeleniumDriver] [  833] - Test case being Executed: 7
[INFO ][2016-01-07 13:14:50,429][com.java.SeleniumDriver] [  845] - Test step:22
[INFO ][2016-01-07 13:14:50,429][com.java.SeleniumDriver] [  857] - Datavalue is----------null
[DEBUG][2016-01-07 13:14:50,429][com.java.SeleniumDriver] [  875] - Exception: null
[INFO ][2016-01-07 13:14:50,429][com.java.SeleniumDriver] [  881] - DataField : BTNbtnModify
[INFO ][2016-01-07 13:14:50,429][com.java.SeleniumDriver] [  883] - DataValue : 
[INFO ][2016-01-07 13:14:50,429][com.java.SeleniumDriver] [  889] - <In Set values of the page>
[INFO ][2016-01-07 13:14:50,429][com.java.SeleniumDriver] [  892] - {Data Fields & Data Values Exist}
[INFO ][2016-01-07 13:14:50,429][com.java.SeleniumDriver] [  894] - --------------------------setting values-----------------------------
[INFO ][2016-01-07 13:14:50,431][com.java.SeleniumDriver] [  897] - Action Type : click
[INFO ][2016-01-07 13:14:50,431][com.java.TestType] [ 6269] - Field ::BTNbtnModify
[INFO ][2016-01-07 13:14:50,431][com.java.TestType] [ 5890] - value = 
[INFO ][2016-01-07 13:14:51,431][com.java.TestType] [ 6385] - BEFORE CLICK
[INFO ][2016-01-07 13:14:52,627][com.java.TestType] [ 6392] - Unable to click the object Modify button
[INFO ][2016-01-07 13:14:52,627][com.java.SeleniumDriver] [  906] -  RESULT true
[INFO ][2016-01-07 13:14:52,627][com.java.SeleniumDriver] [ 1112] - ?   P A S S   ?
[INFO ][2016-01-07 13:14:52,627][com.java.SeleniumDriver] [  832] - ------------------------------------------
[INFO ][2016-01-07 13:14:52,627][com.java.SeleniumDriver] [  833] - Test case being Executed: 7
[INFO ][2016-01-07 13:14:52,627][com.java.SeleniumDriver] [  845] - Test step:23
[INFO ][2016-01-07 13:14:52,627][com.java.SeleniumDriver] [  857] - Datavalue is----------5
[INFO ][2016-01-07 13:14:52,627][com.java.SeleniumDriver] [  881] - DataField : TXTtxtDescription
[INFO ][2016-01-07 13:14:52,627][com.java.SeleniumDriver] [  883] - DataValue : 5
[INFO ][2016-01-07 13:14:52,627][com.java.SeleniumDriver] [  889] - <In Set values of the page>
[INFO ][2016-01-07 13:14:52,630][com.java.SeleniumDriver] [  892] - {Data Fields & Data Values Exist}
[INFO ][2016-01-07 13:14:52,630][com.java.SeleniumDriver] [  894] - --------------------------setting values-----------------------------
[INFO ][2016-01-07 13:14:52,630][com.java.SeleniumDriver] [  897] - Action Type : waitforelement
[INFO ][2016-01-07 13:14:53,680][com.java.SeleniumDriver] [  906] -  RESULT true
[INFO ][2016-01-07 13:14:53,680][com.java.SeleniumDriver] [ 1112] - ?   P A S S   ?
[INFO ][2016-01-07 13:14:53,680][com.java.SeleniumDriver] [  832] - ------------------------------------------
[INFO ][2016-01-07 13:14:53,680][com.java.SeleniumDriver] [  833] - Test case being Executed: 7
[INFO ][2016-01-07 13:14:53,680][com.java.SeleniumDriver] [  845] - Test step:24
[INFO ][2016-01-07 13:14:53,680][com.java.SeleniumDriver] [  857] - Datavalue is----------890
[INFO ][2016-01-07 13:14:53,680][com.java.SeleniumDriver] [  881] - DataField : TXTtxtDescription
[INFO ][2016-01-07 13:14:53,680][com.java.SeleniumDriver] [  883] - DataValue : 890
[INFO ][2016-01-07 13:14:53,680][com.java.SeleniumDriver] [  889] - <In Set values of the page>
[INFO ][2016-01-07 13:14:53,680][com.java.SeleniumDriver] [  892] - {Data Fields & Data Values Exist}
[INFO ][2016-01-07 13:14:53,680][com.java.SeleniumDriver] [  894] - --------------------------setting values-----------------------------
[INFO ][2016-01-07 13:14:53,680][com.java.SeleniumDriver] [  897] - Action Type : enter
[INFO ][2016-01-07 13:14:53,682][com.java.TestType] [ 6691] - field = txtDescription
[INFO ][2016-01-07 13:14:53,682][com.java.TestType] [ 5890] - value = 890
[INFO ][2016-01-07 13:14:54,944][com.java.SeleniumDriver] [  906] -  RESULT true
[INFO ][2016-01-07 13:14:54,944][com.java.SeleniumDriver] [ 1112] - ?   P A S S   ?
[INFO ][2016-01-07 13:14:54,944][com.java.SeleniumDriver] [  832] - ------------------------------------------
[INFO ][2016-01-07 13:14:54,944][com.java.SeleniumDriver] [  833] - Test case being Executed: 7
[INFO ][2016-01-07 13:14:54,944][com.java.SeleniumDriver] [  845] - Test step:25
[INFO ][2016-01-07 13:14:54,944][com.java.SeleniumDriver] [  857] - Datavalue is----------2
[INFO ][2016-01-07 13:14:54,944][com.java.SeleniumDriver] [  881] - DataField : test
[INFO ][2016-01-07 13:14:54,944][com.java.SeleniumDriver] [  883] - DataValue : 2
[INFO ][2016-01-07 13:14:54,944][com.java.SeleniumDriver] [  889] - <In Set values of the page>
[INFO ][2016-01-07 13:14:54,944][com.java.SeleniumDriver] [  892] - {Data Fields & Data Values Exist}
[INFO ][2016-01-07 13:14:54,947][com.java.SeleniumDriver] [  894] - --------------------------setting values-----------------------------
[INFO ][2016-01-07 13:14:54,947][com.java.SeleniumDriver] [  897] - Action Type : WaitTime
[DEBUG][2016-01-07 13:14:54,947][com.java.TestType] [ 5710] - sleepTime: 2000
[INFO ][2016-01-07 13:14:56,949][com.java.SeleniumDriver] [  906] -  RESULT true
[INFO ][2016-01-07 13:14:56,949][com.java.SeleniumDriver] [ 1112] - ?   P A S S   ?
[INFO ][2016-01-07 13:14:56,949][com.java.SeleniumDriver] [  832] - ------------------------------------------
[INFO ][2016-01-07 13:14:56,949][com.java.SeleniumDriver] [  833] - Test case being Executed: 7
[INFO ][2016-01-07 13:14:56,949][com.java.SeleniumDriver] [  845] - Test step:26
[INFO ][2016-01-07 13:14:56,949][com.java.SeleniumDriver] [  857] - Datavalue is----------enteredtext
[INFO ][2016-01-07 13:14:56,949][com.java.SeleniumDriver] [  881] - DataField : TXTtxtDescription
[INFO ][2016-01-07 13:14:56,949][com.java.SeleniumDriver] [  883] - DataValue : enteredtext
[INFO ][2016-01-07 13:14:56,949][com.java.SeleniumDriver] [  889] - <In Set values of the page>
[INFO ][2016-01-07 13:14:56,949][com.java.SeleniumDriver] [  892] - {Data Fields & Data Values Exist}
[INFO ][2016-01-07 13:14:56,949][com.java.SeleniumDriver] [  894] - --------------------------setting values-----------------------------
[INFO ][2016-01-07 13:14:56,949][com.java.SeleniumDriver] [  897] - Action Type : storevalue
[INFO ][2016-01-07 13:14:56,949][com.java.TestType] [ 8607] - field= TXTtxtDescription
[DEBUG][2016-01-07 13:14:58,048][com.java.TestType] [ 8621] - Key:: enteredtext  Value:: VLTest23393890
[INFO ][2016-01-07 13:14:58,051][com.java.SeleniumDriver] [  906] -  RESULT true
[INFO ][2016-01-07 13:14:58,051][com.java.SeleniumDriver] [ 1112] - ?   P A S S   ?
[INFO ][2016-01-07 13:14:58,051][com.java.SeleniumDriver] [  832] - ------------------------------------------
[INFO ][2016-01-07 13:14:58,051][com.java.SeleniumDriver] [  833] - Test case being Executed: 7
[INFO ][2016-01-07 13:14:58,051][com.java.SeleniumDriver] [  845] - Test step:27
[INFO ][2016-01-07 13:14:58,051][com.java.SeleniumDriver] [  857] - Datavalue is----------null
[DEBUG][2016-01-07 13:14:58,051][com.java.SeleniumDriver] [  875] - Exception: null
[INFO ][2016-01-07 13:14:58,051][com.java.SeleniumDriver] [  881] - DataField : XPH//select[@id="ddlLoanProducts"]/option[3]
[INFO ][2016-01-07 13:14:58,051][com.java.SeleniumDriver] [  883] - DataValue : 
[INFO ][2016-01-07 13:14:58,051][com.java.SeleniumDriver] [  889] - <In Set values of the page>
[INFO ][2016-01-07 13:14:58,051][com.java.SeleniumDriver] [  892] - {Data Fields & Data Values Exist}
[INFO ][2016-01-07 13:14:58,051][com.java.SeleniumDriver] [  894] - --------------------------setting values-----------------------------
[INFO ][2016-01-07 13:14:58,051][com.java.SeleniumDriver] [  897] - Action Type : click
[INFO ][2016-01-07 13:14:58,051][com.java.TestType] [ 6269] - Field ::XPH//select[@id="ddlLoanProducts"]/option[3]
[INFO ][2016-01-07 13:14:58,051][com.java.TestType] [ 5890] - value = 
[INFO ][2016-01-07 13:14:59,051][com.java.TestType] [ 6406] - BEFORE CLICK
[INFO ][2016-01-07 13:14:59,741][com.java.TestType] [ 6414] - Unable to click the object Selected Loan Products
[INFO ][2016-01-07 13:14:59,741][com.java.SeleniumDriver] [  906] -  RESULT true
[INFO ][2016-01-07 13:14:59,741][com.java.SeleniumDriver] [ 1112] - ?   P A S S   ?
[INFO ][2016-01-07 13:14:59,741][com.java.SeleniumDriver] [  832] - ------------------------------------------
[INFO ][2016-01-07 13:14:59,741][com.java.SeleniumDriver] [  833] - Test case being Executed: 7
[INFO ][2016-01-07 13:14:59,741][com.java.SeleniumDriver] [  845] - Test step:28
[INFO ][2016-01-07 13:14:59,741][com.java.SeleniumDriver] [  857] - Datavalue is----------SHIFT
[INFO ][2016-01-07 13:14:59,741][com.java.SeleniumDriver] [  881] - DataField : XPH//select[@id="ddlLoanProducts"]/option[4]
[INFO ][2016-01-07 13:14:59,741][com.java.SeleniumDriver] [  883] - DataValue : SHIFT
[INFO ][2016-01-07 13:14:59,741][com.java.SeleniumDriver] [  889] - <In Set values of the page>
[INFO ][2016-01-07 13:14:59,741][com.java.SeleniumDriver] [  892] - {Data Fields & Data Values Exist}
[INFO ][2016-01-07 13:14:59,741][com.java.SeleniumDriver] [  894] - --------------------------setting values-----------------------------
[INFO ][2016-01-07 13:14:59,741][com.java.SeleniumDriver] [  897] - Action Type : KEYBOARDKEYS
[INFO ][2016-01-07 13:15:00,878][com.java.SeleniumDriver] [  906] -  RESULT true
[INFO ][2016-01-07 13:15:00,878][com.java.SeleniumDriver] [ 1112] - ?   P A S S   ?
[INFO ][2016-01-07 13:15:00,878][com.java.SeleniumDriver] [  832] - ------------------------------------------
[INFO ][2016-01-07 13:15:00,878][com.java.SeleniumDriver] [  833] - Test case being Executed: 7
[INFO ][2016-01-07 13:15:00,878][com.java.SeleniumDriver] [  845] - Test step:29
[INFO ][2016-01-07 13:15:00,881][com.java.SeleniumDriver] [  857] - Datavalue is----------null
[DEBUG][2016-01-07 13:15:00,881][com.java.SeleniumDriver] [  875] - Exception: null
[INFO ][2016-01-07 13:15:00,881][com.java.SeleniumDriver] [  881] - DataField : BTNparent
[INFO ][2016-01-07 13:15:00,881][com.java.SeleniumDriver] [  883] - DataValue : 
[INFO ][2016-01-07 13:15:00,881][com.java.SeleniumDriver] [  889] - <In Set values of the page>
[INFO ][2016-01-07 13:15:00,881][com.java.SeleniumDriver] [  892] - {Data Fields & Data Values Exist}
[INFO ][2016-01-07 13:15:00,881][com.java.SeleniumDriver] [  894] - --------------------------setting values-----------------------------
[INFO ][2016-01-07 13:15:00,881][com.java.SeleniumDriver] [  897] - Action Type : SELECTFRAME
[INFO ][2016-01-07 13:15:00,894][com.java.SeleniumDriver] [  906] -  RESULT true
[INFO ][2016-01-07 13:15:00,894][com.java.SeleniumDriver] [ 1112] - ?   P A S S   ?
[INFO ][2016-01-07 13:15:00,894][com.java.SeleniumDriver] [  832] - ------------------------------------------
[INFO ][2016-01-07 13:15:00,894][com.java.SeleniumDriver] [  833] - Test case being Executed: 7
[INFO ][2016-01-07 13:15:00,894][com.java.SeleniumDriver] [  845] - Test step:30
[INFO ][2016-01-07 13:15:00,894][com.java.SeleniumDriver] [  857] - Datavalue is----------null
[DEBUG][2016-01-07 13:15:00,894][com.java.SeleniumDriver] [  875] - Exception: null
[INFO ][2016-01-07 13:15:00,894][com.java.SeleniumDriver] [  881] - DataField : XPH//span[contains(text(),'Finished')]
[INFO ][2016-01-07 13:15:00,894][com.java.SeleniumDriver] [  883] - DataValue : 
[INFO ][2016-01-07 13:15:00,894][com.java.SeleniumDriver] [  889] - <In Set values of the page>
[INFO ][2016-01-07 13:15:00,894][com.java.SeleniumDriver] [  892] - {Data Fields & Data Values Exist}
[INFO ][2016-01-07 13:15:00,894][com.java.SeleniumDriver] [  894] - --------------------------setting values-----------------------------
[INFO ][2016-01-07 13:15:00,894][com.java.SeleniumDriver] [  897] - Action Type : click
[INFO ][2016-01-07 13:15:00,894][com.java.TestType] [ 6269] - Field ::XPH//span[contains(text(),'Finished')]
[INFO ][2016-01-07 13:15:00,894][com.java.TestType] [ 5890] - value = 
[INFO ][2016-01-07 13:15:01,894][com.java.TestType] [ 6406] - BEFORE CLICK
[INFO ][2016-01-07 13:15:02,777][com.java.TestType] [ 6414] - Unable to click the object Finished button
[INFO ][2016-01-07 13:15:02,777][com.java.SeleniumDriver] [  906] -  RESULT true
[INFO ][2016-01-07 13:15:02,777][com.java.SeleniumDriver] [ 1112] - ?   P A S S   ?
[INFO ][2016-01-07 13:15:02,777][com.java.SeleniumDriver] [  832] - ------------------------------------------
[INFO ][2016-01-07 13:15:02,777][com.java.SeleniumDriver] [  833] - Test case being Executed: 7
[INFO ][2016-01-07 13:15:02,777][com.java.SeleniumDriver] [  845] - Test step:31
[INFO ][2016-01-07 13:15:02,777][com.java.SeleniumDriver] [  857] - Datavalue is----------5
[INFO ][2016-01-07 13:15:02,777][com.java.SeleniumDriver] [  881] - DataField : BTNframeDialogContent
[INFO ][2016-01-07 13:15:02,777][com.java.SeleniumDriver] [  883] - DataValue : 5
[INFO ][2016-01-07 13:15:02,777][com.java.SeleniumDriver] [  889] - <In Set values of the page>
[INFO ][2016-01-07 13:15:02,777][com.java.SeleniumDriver] [  892] - {Data Fields & Data Values Exist}
[INFO ][2016-01-07 13:15:02,777][com.java.SeleniumDriver] [  894] - --------------------------setting values-----------------------------
[INFO ][2016-01-07 13:15:02,777][com.java.SeleniumDriver] [  897] - Action Type : waitforelement
[INFO ][2016-01-07 13:15:04,243][com.java.SeleniumDriver] [  906] -  RESULT true
[INFO ][2016-01-07 13:15:04,243][com.java.SeleniumDriver] [ 1112] - ?   P A S S   ?
[INFO ][2016-01-07 13:15:04,243][com.java.SeleniumDriver] [  832] - ------------------------------------------
[INFO ][2016-01-07 13:15:04,243][com.java.SeleniumDriver] [  833] - Test case being Executed: 7
[INFO ][2016-01-07 13:15:04,243][com.java.SeleniumDriver] [  845] - Test step:32
[INFO ][2016-01-07 13:15:04,243][com.java.SeleniumDriver] [  857] - Datavalue is----------null
[DEBUG][2016-01-07 13:15:04,243][com.java.SeleniumDriver] [  875] - Exception: null
[INFO ][2016-01-07 13:15:04,243][com.java.SeleniumDriver] [  881] - DataField : BTNframeDialogContent
[INFO ][2016-01-07 13:15:04,243][com.java.SeleniumDriver] [  883] - DataValue : 
[INFO ][2016-01-07 13:15:04,243][com.java.SeleniumDriver] [  889] - <In Set values of the page>
[INFO ][2016-01-07 13:15:04,243][com.java.SeleniumDriver] [  892] - {Data Fields & Data Values Exist}
[INFO ][2016-01-07 13:15:04,243][com.java.SeleniumDriver] [  894] - --------------------------setting values-----------------------------
[INFO ][2016-01-07 13:15:04,245][com.java.SeleniumDriver] [  897] - Action Type : SELECTFRAME
[INFO ][2016-01-07 13:15:05,503][com.java.SeleniumDriver] [  906] -  RESULT true
[INFO ][2016-01-07 13:15:05,503][com.java.SeleniumDriver] [ 1112] - ?   P A S S   ?
[INFO ][2016-01-07 13:15:05,503][com.java.SeleniumDriver] [  832] - ------------------------------------------
[INFO ][2016-01-07 13:15:05,503][com.java.SeleniumDriver] [  833] - Test case being Executed: 7
[INFO ][2016-01-07 13:15:05,503][com.java.SeleniumDriver] [  845] - Test step:33
[INFO ][2016-01-07 13:15:05,503][com.java.SeleniumDriver] [  857] - Datavalue is----------10
[INFO ][2016-01-07 13:15:05,503][com.java.SeleniumDriver] [  881] - DataField : test
[INFO ][2016-01-07 13:15:05,503][com.java.SeleniumDriver] [  883] - DataValue : 10
[INFO ][2016-01-07 13:15:05,503][com.java.SeleniumDriver] [  889] - <In Set values of the page>
[INFO ][2016-01-07 13:15:05,503][com.java.SeleniumDriver] [  892] - {Data Fields & Data Values Exist}
[INFO ][2016-01-07 13:15:05,503][com.java.SeleniumDriver] [  894] - --------------------------setting values-----------------------------
[INFO ][2016-01-07 13:15:05,503][com.java.SeleniumDriver] [  897] - Action Type : WaitTime
[DEBUG][2016-01-07 13:15:05,503][com.java.TestType] [ 5710] - sleepTime: 10000
[INFO ][2016-01-07 13:15:15,506][com.java.SeleniumDriver] [  906] -  RESULT true
[INFO ][2016-01-07 13:15:15,506][com.java.SeleniumDriver] [ 1112] - ?   P A S S   ?
[INFO ][2016-01-07 13:15:15,506][com.java.SeleniumDriver] [  832] - ------------------------------------------
[INFO ][2016-01-07 13:15:15,506][com.java.SeleniumDriver] [  833] - Test case being Executed: 7
[INFO ][2016-01-07 13:15:15,506][com.java.SeleniumDriver] [  845] - Test step:34
[INFO ][2016-01-07 13:15:15,506][com.java.SeleniumDriver] [  857] - Datavalue is----------HMVenteredtext
[INFO ][2016-01-07 13:15:15,506][com.java.SeleniumDriver] [  881] - DataField : MSG
[INFO ][2016-01-07 13:15:15,506][com.java.SeleniumDriver] [  883] - DataValue : HMVenteredtext
[INFO ][2016-01-07 13:15:15,506][com.java.SeleniumDriver] [  889] - <In Set values of the page>
[INFO ][2016-01-07 13:15:15,506][com.java.SeleniumDriver] [  892] - {Data Fields & Data Values Exist}
[INFO ][2016-01-07 13:15:15,506][com.java.SeleniumDriver] [  894] - --------------------------setting values-----------------------------
[INFO ][2016-01-07 13:15:15,506][com.java.SeleniumDriver] [  897] - Action Type : VERIFY
[INFO ][2016-01-07 13:15:15,506][com.java.TestType] [ 7264] - field= MSG value= HMVenteredtext
[INFO ][2016-01-07 13:15:15,506][com.java.TestType] [ 5890] - value = VLTest23393890
[DEBUG][2016-01-07 13:15:15,506][com.java.TestType] [ 8085] - value :: VLTest23393890
[INFO ][2016-01-07 13:15:15,524][com.java.SeleniumDriver] [  906] -  RESULT true
[INFO ][2016-01-07 13:15:15,524][com.java.SeleniumDriver] [ 1112] - ?   P A S S   ?
[INFO ][2016-01-07 13:15:15,524][com.java.SeleniumDriver] [  832] - ------------------------------------------
[INFO ][2016-01-07 13:15:15,524][com.java.SeleniumDriver] [  833] - Test case being Executed: 7
[INFO ][2016-01-07 13:15:15,524][com.java.SeleniumDriver] [  845] - Test step:35
[INFO ][2016-01-07 13:15:15,524][com.java.SeleniumDriver] [  857] - Datavalue is----------HMVenteredtext
[INFO ][2016-01-07 13:15:15,524][com.java.SeleniumDriver] [  881] - DataField : FCV//select[@id="ddlGroups"]//option
[INFO ][2016-01-07 13:15:15,524][com.java.SeleniumDriver] [  883] - DataValue : HMVenteredtext
[INFO ][2016-01-07 13:15:15,524][com.java.SeleniumDriver] [  889] - <In Set values of the page>
[INFO ][2016-01-07 13:15:15,524][com.java.SeleniumDriver] [  892] - {Data Fields & Data Values Exist}
[INFO ][2016-01-07 13:15:15,524][com.java.SeleniumDriver] [  894] - --------------------------setting values-----------------------------
[INFO ][2016-01-07 13:15:15,524][com.java.SeleniumDriver] [  897] - Action Type : Click
[INFO ][2016-01-07 13:15:15,524][com.java.TestType] [ 6269] - Field ::FCV//select[@id="ddlGroups"]//option
[INFO ][2016-01-07 13:15:15,524][com.java.TestType] [ 5890] - value = VLTest23393890
[INFO ][2016-01-07 13:15:16,524][com.java.TestType] [ 6287] - BEFORE CLICK on //select[@id="ddlGroups"]//option[contains(text(),'VLTest23393890')]
[INFO ][2016-01-07 13:15:16,688][com.java.SeleniumDriver] [  906] -  RESULT true
[INFO ][2016-01-07 13:15:16,688][com.java.SeleniumDriver] [ 1112] - ?   P A S S   ?
[INFO ][2016-01-07 13:15:16,688][com.java.SeleniumDriver] [  832] - ------------------------------------------
[INFO ][2016-01-07 13:15:16,688][com.java.SeleniumDriver] [  833] - Test case being Executed: 7
[INFO ][2016-01-07 13:15:16,688][com.java.SeleniumDriver] [  845] - Test step:36
[INFO ][2016-01-07 13:15:16,688][com.java.SeleniumDriver] [  857] - Datavalue is----------Cancel
[INFO ][2016-01-07 13:15:16,690][com.java.SeleniumDriver] [  881] - DataField : CAVbtnDelete
[INFO ][2016-01-07 13:15:16,690][com.java.SeleniumDriver] [  883] - DataValue : Cancel
[INFO ][2016-01-07 13:15:16,690][com.java.SeleniumDriver] [  889] - <In Set values of the page>
[INFO ][2016-01-07 13:15:16,690][com.java.SeleniumDriver] [  892] - {Data Fields & Data Values Exist}
[INFO ][2016-01-07 13:15:16,690][com.java.SeleniumDriver] [  894] - --------------------------setting values-----------------------------
[INFO ][2016-01-07 13:15:16,690][com.java.SeleniumDriver] [  897] - Action Type : clickwithalert
[ERROR][2016-01-07 13:15:21,589][com.java.TestType] [ 1356] - Exception in MNC click: expected:<Cancel> but was:<Are you sure you want to delete this loan group?>
[INFO ][2016-01-07 13:15:21,589][com.java.SeleniumDriver] [  906] -  RESULT false
[INFO ][2016-01-07 13:15:21,589][com.java.SeleniumDriver] [  953] - ?   F A I L   ?
[INFO ][2016-01-07 13:15:21,589][com.java.SeleniumDriver] [  961] - Browser Type : IE10
[INFO ][2016-01-07 13:15:21,589][com.java.SeleniumDriver] [  962] - Adding Failed case7
[INFO ][2016-01-07 13:15:21,591][com.java.SeleniumDriver] [  981] - Directory Created
[WARN ][2016-01-07 13:15:21,661][com.java.SeleniumDriver] [ 1022] - Source 'D:\BankersDashboard\TestReports\010716' exists but is a directory
[INFO ][2016-01-07 13:15:21,661][com.java.SeleniumDriver] [ 1076] - failedCases = 7
[ERROR][2016-01-07 13:15:21,661][com.java.SeleniumDriver] [ 1575] - Platform Errors : Our apologies...::We have encountered an issue with your request.::Our apologies?:We encountered an issue with your request.
[INFO ][2016-01-07 13:15:21,661][com.java.SeleniumDriver] [ 1579] - Length =3
[ERROR][2016-01-07 13:15:21,661][com.java.SeleniumDriver] [ 1582] - Error 0 = Our apologies...
[ERROR][2016-01-07 13:15:21,679][com.java.SeleniumDriver] [ 1582] - Error 1 = We have encountered an issue with your request.
[ERROR][2016-01-07 13:15:21,694][com.java.SeleniumDriver] [ 1582] - Error 2 = Our apologies?:We encountered an issue with your request.
[INFO ][2016-01-07 13:15:21,709][com.java.SeleniumDriver] [ 1593] - strError:
[ERROR][2016-01-07 13:15:21,709][com.java.SeleniumDriver] [ 1194] - 
[INFO ][2016-01-07 13:15:21,709][com.java.SeleniumDriver] [  832] - ------------------------------------------
[INFO ][2016-01-07 13:15:21,709][com.java.SeleniumDriver] [  833] - Test case being Executed: 7
[INFO ][2016-01-07 13:15:21,709][com.java.SeleniumDriver] [  845] - Test step:37
[INFO ][2016-01-07 13:15:21,709][com.java.SeleniumDriver] [  857] - Datavalue is----------2
[INFO ][2016-01-07 13:15:21,709][com.java.SeleniumDriver] [  881] - DataField : test
[INFO ][2016-01-07 13:15:21,709][com.java.SeleniumDriver] [  883] - DataValue : 2
[INFO ][2016-01-07 13:15:21,709][com.java.SeleniumDriver] [  889] - <In Set values of the page>
[INFO ][2016-01-07 13:15:21,709][com.java.SeleniumDriver] [  892] - {Data Fields & Data Values Exist}
[INFO ][2016-01-07 13:15:21,709][com.java.SeleniumDriver] [  894] - --------------------------setting values-----------------------------
[INFO ][2016-01-07 13:15:21,709][com.java.SeleniumDriver] [  897] - Action Type : WaitTime
[DEBUG][2016-01-07 13:15:21,709][com.java.TestType] [ 5710] - sleepTime: 2000
[INFO ][2016-01-07 13:15:23,710][com.java.SeleniumDriver] [  906] -  RESULT true
[INFO ][2016-01-07 13:15:23,710][com.java.SeleniumDriver] [ 1112] - ?   P A S S   ?
[INFO ][2016-01-07 13:15:23,710][com.java.SeleniumDriver] [  832] - ------------------------------------------
[INFO ][2016-01-07 13:15:23,710][com.java.SeleniumDriver] [  833] - Test case being Executed: 7
[INFO ][2016-01-07 13:15:23,710][com.java.SeleniumDriver] [  845] - Test step:38
[INFO ][2016-01-07 13:15:23,710][com.java.SeleniumDriver] [  857] - Datavalue is----------HMVenteredtext
[INFO ][2016-01-07 13:15:23,710][com.java.SeleniumDriver] [  881] - DataField : MSG
[INFO ][2016-01-07 13:15:23,710][com.java.SeleniumDriver] [  883] - DataValue : HMVenteredtext
[INFO ][2016-01-07 13:15:23,710][com.java.SeleniumDriver] [  889] - <In Set values of the page>
[INFO ][2016-01-07 13:15:23,710][com.java.SeleniumDriver] [  892] - {Data Fields & Data Values Exist}
[INFO ][2016-01-07 13:15:23,710][com.java.SeleniumDriver] [  894] - --------------------------setting values-----------------------------
[INFO ][2016-01-07 13:15:23,710][com.java.SeleniumDriver] [  897] - Action Type : VERIFY
[INFO ][2016-01-07 13:15:23,710][com.java.TestType] [ 7264] - field= MSG value= HMVenteredtext
[INFO ][2016-01-07 13:15:23,710][com.java.TestType] [ 5890] - value = VLTest23393890
[DEBUG][2016-01-07 13:15:23,710][com.java.TestType] [ 8085] - value :: VLTest23393890
[INFO ][2016-01-07 13:15:23,728][com.java.SeleniumDriver] [  906] -  RESULT true
[INFO ][2016-01-07 13:15:23,728][com.java.SeleniumDriver] [ 1112] - ?   P A S S   ?
[INFO ][2016-01-07 13:15:23,728][com.java.SeleniumDriver] [  832] - ------------------------------------------
[INFO ][2016-01-07 13:15:23,728][com.java.SeleniumDriver] [  833] - Test case being Executed: 7
[INFO ][2016-01-07 13:15:23,728][com.java.SeleniumDriver] [  845] - Test step:39
[INFO ][2016-01-07 13:15:23,728][com.java.SeleniumDriver] [  857] - Datavalue is----------Ok
[INFO ][2016-01-07 13:15:23,728][com.java.SeleniumDriver] [  881] - DataField : CAVbtnDelete
[INFO ][2016-01-07 13:15:23,728][com.java.SeleniumDriver] [  883] - DataValue : Ok
[INFO ][2016-01-07 13:15:23,728][com.java.SeleniumDriver] [  889] - <In Set values of the page>
[INFO ][2016-01-07 13:15:23,728][com.java.SeleniumDriver] [  892] - {Data Fields & Data Values Exist}
[INFO ][2016-01-07 13:15:23,728][com.java.SeleniumDriver] [  894] - --------------------------setting values-----------------------------
[INFO ][2016-01-07 13:15:23,728][com.java.SeleniumDriver] [  897] - Action Type : clickwithalert
[ERROR][2016-01-07 13:15:28,620][com.java.TestType] [ 1356] - Exception in MNC click: expected:<Ok> but was:<Are you sure you want to delete this loan group?>
[INFO ][2016-01-07 13:15:28,620][com.java.SeleniumDriver] [  906] -  RESULT false
[INFO ][2016-01-07 13:15:28,620][com.java.SeleniumDriver] [  953] - ?   F A I L   ?
[INFO ][2016-01-07 13:15:28,620][com.java.SeleniumDriver] [  961] - Browser Type : IE10
[INFO ][2016-01-07 13:15:28,620][com.java.SeleniumDriver] [  962] - Adding Failed case7
[WARN ][2016-01-07 13:15:28,687][com.java.SeleniumDriver] [ 1022] - Source 'D:\BankersDashboard\TestReports\010716' exists but is a directory
[INFO ][2016-01-07 13:15:28,687][com.java.SeleniumDriver] [ 1076] - failedCases = 7,7
[ERROR][2016-01-07 13:15:28,687][com.java.SeleniumDriver] [ 1575] - Platform Errors : Our apologies...::We have encountered an issue with your request.::Our apologies?:We encountered an issue with your request.
[INFO ][2016-01-07 13:15:28,687][com.java.SeleniumDriver] [ 1579] - Length =3
[ERROR][2016-01-07 13:15:28,690][com.java.SeleniumDriver] [ 1582] - Error 0 = Our apologies...
[ERROR][2016-01-07 13:15:28,705][com.java.SeleniumDriver] [ 1582] - Error 1 = We have encountered an issue with your request.
[ERROR][2016-01-07 13:15:28,720][com.java.SeleniumDriver] [ 1582] - Error 2 = Our apologies?:We encountered an issue with your request.
[INFO ][2016-01-07 13:15:28,732][com.java.SeleniumDriver] [ 1593] - strError:
[ERROR][2016-01-07 13:15:28,735][com.java.SeleniumDriver] [ 1194] - 
[INFO ][2016-01-07 13:15:28,735][com.java.SeleniumDriver] [  832] - ------------------------------------------
[INFO ][2016-01-07 13:15:28,735][com.java.SeleniumDriver] [  833] - Test case being Executed: 7
[INFO ][2016-01-07 13:15:28,735][com.java.SeleniumDriver] [  845] - Test step:40
[INFO ][2016-01-07 13:15:28,735][com.java.SeleniumDriver] [  857] - Datavalue is----------10
[INFO ][2016-01-07 13:15:28,735][com.java.SeleniumDriver] [  881] - DataField : test
[INFO ][2016-01-07 13:15:28,735][com.java.SeleniumDriver] [  883] - DataValue : 10
[INFO ][2016-01-07 13:15:28,735][com.java.SeleniumDriver] [  889] - <In Set values of the page>
[INFO ][2016-01-07 13:15:28,735][com.java.SeleniumDriver] [  892] - {Data Fields & Data Values Exist}
[INFO ][2016-01-07 13:15:28,735][com.java.SeleniumDriver] [  894] - --------------------------setting values-----------------------------
[INFO ][2016-01-07 13:15:28,735][com.java.SeleniumDriver] [  897] - Action Type : WaitTime
[DEBUG][2016-01-07 13:15:28,735][com.java.TestType] [ 5710] - sleepTime: 10000
[INFO ][2016-01-07 13:15:38,735][com.java.SeleniumDriver] [  906] -  RESULT true
[INFO ][2016-01-07 13:15:38,735][com.java.SeleniumDriver] [ 1112] - ?   P A S S   ?
[INFO ][2016-01-07 13:15:38,735][com.java.SeleniumDriver] [  832] - ------------------------------------------
[INFO ][2016-01-07 13:15:38,735][com.java.SeleniumDriver] [  833] - Test case being Executed: 7
[INFO ][2016-01-07 13:15:38,735][com.java.SeleniumDriver] [  845] - Test step:41
[INFO ][2016-01-07 13:15:38,735][com.java.SeleniumDriver] [  857] - Datavalue is----------HMVenteredtext
[INFO ][2016-01-07 13:15:38,735][com.java.SeleniumDriver] [  881] - DataField : MSG
[INFO ][2016-01-07 13:15:38,735][com.java.SeleniumDriver] [  883] - DataValue : HMVenteredtext
[INFO ][2016-01-07 13:15:38,735][com.java.SeleniumDriver] [  889] - <In Set values of the page>
[INFO ][2016-01-07 13:15:38,735][com.java.SeleniumDriver] [  892] - {Data Fields & Data Values Exist}
[INFO ][2016-01-07 13:15:38,735][com.java.SeleniumDriver] [  894] - --------------------------setting values-----------------------------
[INFO ][2016-01-07 13:15:38,735][com.java.SeleniumDriver] [  897] - Action Type : VERIFYNOTPRESENT
[INFO ][2016-01-07 13:15:38,735][com.java.TestType] [ 8928] - field= MSG value= HMVenteredtext
[DEBUG][2016-01-07 13:15:38,754][com.java.TestType] [ 8945] - Text :: +VLTest23393890   :: found which is NOT expected.
[INFO ][2016-01-07 13:15:38,754][com.java.SeleniumDriver] [  906] -  RESULT false
[INFO ][2016-01-07 13:15:38,754][com.java.SeleniumDriver] [  953] - ?   F A I L   ?
[INFO ][2016-01-07 13:15:38,754][com.java.SeleniumDriver] [  961] - Browser Type : IE10
[INFO ][2016-01-07 13:15:38,754][com.java.SeleniumDriver] [  962] - Adding Failed case7
[INFO ][2016-01-07 13:15:39,596][com.java.SeleniumDriver] [ 1076] - failedCases = 7,7,7
[ERROR][2016-01-07 13:15:39,596][com.java.SeleniumDriver] [ 1575] - Platform Errors : Our apologies...::We have encountered an issue with your request.::Our apologies?:We encountered an issue with your request.
[INFO ][2016-01-07 13:15:39,596][com.java.SeleniumDriver] [ 1579] - Length =3
[ERROR][2016-01-07 13:15:39,596][com.java.SeleniumDriver] [ 1582] - Error 0 = Our apologies...
[ERROR][2016-01-07 13:15:39,684][com.java.SeleniumDriver] [ 1582] - Error 1 = We have encountered an issue with your request.
[ERROR][2016-01-07 13:15:39,696][com.java.SeleniumDriver] [ 1582] - Error 2 = Our apologies?:We encountered an issue with your request.
[INFO ][2016-01-07 13:15:39,714][com.java.SeleniumDriver] [ 1593] - strError:
[DEBUG][2016-01-07 13:15:39,726][com.java.SeleniumDriver] [ 1224] - Case found
[DEBUG][2016-01-07 13:15:39,726][com.java.SeleniumDriver] [ 1229] - Incrementing ReportCounters[0]:2
[INFO ][2016-01-07 13:15:39,726][com.java.SeleniumDriver] [ 1248] - The results are-------------------[7, 36, Admin: AL Mapping: Loan Product Groups: Add&Modify&Delete, Fail, 
Test case failed at Step No. :: 36   Error Message ::  Unable to click on the elemnt using MNC: expected:<Cancel> but was:<Are you sure you want to delete this loan group?>. Screen Shot : D:\BankersDashboard\TestReports\010716\7_010716_131521_IE10.png, Thu Jan 07 13:15:21 IST 2016]
[INFO ][2016-01-07 13:15:39,726][com.java.SeleniumDriver] [ 1252] - End time is-------3 min 1 sec
[INFO ][2016-01-07 13:15:39,726][com.java.SeleniumDriver] [ 1253] - The results are-------------------[7, 36, Admin: AL Mapping: Loan Product Groups: Add&Modify&Delete, Fail, 
Test case failed at Step No. :: 36   Error Message ::  Unable to click on the elemnt using MNC: expected:<Cancel> but was:<Are you sure you want to delete this loan group?>. Screen Shot : D:\BankersDashboard\TestReports\010716\7_010716_131521_IE10.png, Thu Jan 07 13:15:21 IST 2016]
[DEBUG][2016-01-07 13:15:39,726][com.java.ImportnExport.ExportTestResultsExcel] [  222] - testResultPath = D:\BankersDashboard/TestReports/Test Results_BankersDashBoard_010716_131240_IE10_United Bank.xls
[DEBUG][2016-01-07 13:15:39,726][com.java.ImportnExport.ExportTestResultsExcel] [  223] - browser is------------IE10
[DEBUG][2016-01-07 13:15:39,729][com.java.ImportnExport.ExportTestResultsExcel] [  270] - result.size() = 6
[DEBUG][2016-01-07 13:15:39,729][com.java.ImportnExport.ExportTestResultsExcel] [  274] - No of rows in sheet=2
[DEBUG][2016-01-07 13:15:39,729][com.java.ImportnExport.ExportTestResultsExcel] [  301] - ..in export..7
[DEBUG][2016-01-07 13:15:39,729][com.java.ImportnExport.ExportTestResultsExcel] [  301] - ..in export..Admin: AL Mapping: Loan Product Groups: Add&Modify&Delete
[DEBUG][2016-01-07 13:15:39,729][com.java.ImportnExport.ExportTestResultsExcel] [  301] - ..in export..Fail
[DEBUG][2016-01-07 13:15:39,729][com.java.ImportnExport.ExportTestResultsExcel] [  301] - ..in export..
Test case failed at Step No. :: 36   Error Message ::  Unable to click on the elemnt using MNC: expected:<Cancel> but was:<Are you sure you want to delete this loan group?>. Screen Shot : D:\BankersDashboard\TestReports\010716\7_010716_131521_IE10.png
[DEBUG][2016-01-07 13:15:39,729][com.java.ImportnExport.ExportTestResultsExcel] [  301] - ..in export..Thu Jan 07 13:15:21 IST 2016
[INFO ][2016-01-07 13:15:39,731][com.java.SeleniumDriver] [ 1313] - out loop:1 size:2 TestCases:[1, 7] testcases:[1, 7]
[INFO ][2016-01-07 13:15:41,731][com.java.SeleniumDriver] [ 1356] - Total Number of Cases:2
[INFO ][2016-01-07 13:15:41,731][com.java.TemplateGenerator] [  302] - Executed:2
[INFO ][2016-01-07 13:15:41,731][com.java.TemplateGenerator] [  303] - Passed:1
[INFO ][2016-01-07 13:15:41,731][com.java.TemplateGenerator] [  304] - Failed:1
[INFO ][2016-01-07 13:15:41,731][com.java.TemplateGenerator] [  305] - Skipeed:0
[INFO ][2016-01-07 13:15:41,731][com.java.TemplateGenerator] [  306] - Application URL:https://clients-xuat.bankersdashboard.com
[INFO ][2016-01-07 13:15:41,731][com.java.TemplateGenerator] [  307] - Start Time:010716_131240
[INFO ][2016-01-07 13:15:41,731][com.java.TemplateGenerator] [  308] -  Creating HTML Report 
[ERROR][2016-01-07 13:15:41,731][com.java.TemplateGenerator] [  409] - Unparseable date: "Thu Jan 07 01:12:40 IST 2016"
[INFO ][2016-01-07 13:15:41,734][com.java.TemplateGenerator] [  654] -  Exporting case :: 1
[INFO ][2016-01-07 13:15:41,734][com.java.TemplateGenerator] [  654] -  Exporting case :: 7
[INFO ][2016-01-07 13:15:41,737][com.java.SeleniumDriver] [ 1405] - End Time:010716_131541
[INFO ][2016-01-07 13:15:41,737][com.java.SeleniumDriver] [ 1408] - Data in Test Execution Details:{1=PASS, 7=FAILTest case failed at Step No. :: 41   Error Message ::  Text :: +VLTest23393890   :: found which is NOT expected.}
[INFO ][2016-01-07 13:15:41,737][com.java.SeleniumDriver] [ 1409] - Data in Failed Execution Deatils:{}
[INFO ][2016-01-07 13:15:41,737][com.java.SeleniumDriver] [ 1411] - ReportCounter:Total:2 :: PASS: 1 ::FAIL: 1
[INFO ][2016-01-07 13:15:41,737][com.java.SeleniumDriver] [ 1412] - FailedReportCounter:Total:0 :: PASS: 0 ::FAIL: 0
[INFO ][2016-01-07 13:15:41,745][com.java.EmailTestReport] [   63] - Sending report mail details:
[INFO ][2016-01-07 13:15:41,747][com.java.EmailTestReport] [   80] - Excel Report Path:D:\BankersDashboard/TestReports/Test Results_BankersDashBoard_010716_131240_IE10_United Bank.xls
[INFO ][2016-01-07 13:15:41,747][com.java.EmailTestReport] [   81] - HTML Report Path:D:\BankersDashboard//TestReports//Test Results_BankersDashBoard_010716_131240_IE10_United Bank.html
[INFO ][2016-01-07 13:15:41,747][com.java.EmailTestReport] [   82] - smtpHostName:mail01.valuelabs.com
[INFO ][2016-01-07 13:15:41,747][com.java.EmailTestReport] [   83] - Recipient:venkateswararao.gubbala@valuelabs.com;
[INFO ][2016-01-07 13:15:41,747][com.java.EmailTestReport] [   84] - From:venkateswararao.gubbala@valuelabs.com;
[INFO ][2016-01-07 13:15:41,747][com.java.EmailTestReport] [   85] - Subject:Deluxe Corp Bankers Dashboard Automation Test Report - United Bank - IE10
[INFO ][2016-01-07 13:15:41,762][com.java.EmailTestReport] [  143] -  Added venkateswararao.gubbala@valuelabs.com
[INFO ][2016-01-07 13:15:50,577][com.java.SeleniumDriver] [  722] - quitting the browser 
[INFO ][2016-01-07 13:15:52,328][com.java.SeleniumDriver] [  264] - Execution Completed Stopping the thread
