[INFO ][2016-01-05 15:17:44,506][com.java.SeleniumDriver] [  213] - Execute Failed Casesfalse
[INFO ][2016-01-05 15:17:44,506][com.java.SeleniumDriver] [  214] - Browser: IE10
[INFO ][2016-01-05 15:17:44,506][com.java.SeleniumDriver] [  215] - [1, 3]
[INFO ][2016-01-05 15:17:44,507][com.java.SeleniumDriver] [  216] - Total TestCases:2
[INFO ][2016-01-05 15:17:44,507][com.java.SeleniumDriver] [  217] -  Reading Properties from Property File 
[DEBUG][2016-01-05 15:17:44,507][com.java.SeleniumDriver] [  238] - url : https://clients-xuat.bankersdashboard.com
[INFO ][2016-01-05 15:17:44,508][com.java.ImportnExport.ExportTestResultsExcel] [  116] - Time Stamp Tue Jan 05 03:17:44 IST 2016
[INFO ][2016-01-05 15:17:44,508][com.java.ImportnExport.ExportTestResultsExcel] [  175] - OUT FILE : D:\BankersDashboard/TestReports/Test Results_BankersDashBoard_010516_151744_IE10_United Bank.xls
[INFO ][2016-01-05 15:17:44,538][com.java.ImportnExport.ExportTestResultsExcel] [  180] - Test Result file is created
[DEBUG][2016-01-05 15:17:44,642][com.java.SeleniumDriver] [  426] - Hub ip address is-------172.17.68.34
[INFO ][2016-01-05 15:17:44,643][com.java.SeleniumDriver] [  452] - Grid URL:http://172.17.68.34:4444/wd/hub
[INFO ][2016-01-05 15:17:44,643][com.java.SeleniumDriver] [  453] - Capability:Capabilities [{platform=ANY, ensureCleanSession=true, ignoreProtectedModeSettings=true, acceptSslCerts=true, ignoreZoomSetting=true, browserName=internet explorer, browserstack.ie.noFlash=true, version=null}]
[ERROR][2016-01-05 15:17:45,994][com.java.SeleniumDriver] [  498] - Unable invoke browser in grid:Could not start a new session. Possible causes are invalid address of the remote server or browser start-up failure.
Build info: version: '2.48.2', revision: '41bccdd', time: '2015-10-09 19:59:12'
System info: host: 'FVTIII438F1D', ip: '172.17.68.34', os.name: 'Windows 7', os.arch: 'x86', os.version: '6.1', java.version: '1.7.0_55'
Driver info: driver.version: SeleniumDriver
[INFO ][2016-01-05 15:17:45,994][com.java.SeleniumDriver] [  500] - Executing on local machine
[INFO ][2016-01-05 15:17:56,476][com.java.SeleniumDriver] [  248] - IE10is opened
[INFO ][2016-01-05 15:17:57,327][com.java.SeleniumDriver] [  756] - Test cases to be executed are: [1, 3]
[INFO ][2016-01-05 15:17:57,350][com.java.ImportnExport.ImportTestDataDetailsExcel] [   49] - test data details path===== D:\BankersDashboard\TestInputs\TestData.xls
[INFO ][2016-01-05 15:17:57,446][com.java.SeleniumDriver] [  832] - ------------------------------------------
[INFO ][2016-01-05 15:17:57,446][com.java.SeleniumDriver] [  833] - Test case being Executed: 1
[INFO ][2016-01-05 15:17:57,446][com.java.SeleniumDriver] [  845] - Test step:1
[INFO ][2016-01-05 15:17:57,446][com.java.SeleniumDriver] [  857] - Datavalue is----------Concept#1:1-16
[INFO ][2016-01-05 15:17:57,447][com.java.SeleniumDriver] [  881] - DataField : test
[INFO ][2016-01-05 15:17:57,447][com.java.SeleniumDriver] [  883] - DataValue : Concept#1:1-16
[INFO ][2016-01-05 15:17:57,447][com.java.SeleniumDriver] [  889] - <In Set values of the page>
[INFO ][2016-01-05 15:17:57,447][com.java.SeleniumDriver] [  892] - {Data Fields & Data Values Exist}
[INFO ][2016-01-05 15:17:57,447][com.java.SeleniumDriver] [  894] - --------------------------setting values-----------------------------
[INFO ][2016-01-05 15:17:57,447][com.java.SeleniumDriver] [  897] - Action Type : ExecuteTestCase
[INFO ][2016-01-05 15:17:57,467][com.java.TestType] [  437] - The Concept sheet name is ---------- Concept
[INFO ][2016-01-05 15:17:57,467][com.java.TestType] [  440] - The Concept ID  is ---------- 1
[DEBUG][2016-01-05 15:17:57,467][com.java.TestType] [  444] - Steps being executted in the Concept are: 1:16
[INFO ][2016-01-05 15:17:57,467][com.java.TestType] [  451] - Test data details path ---------- D:\BankersDashboard\TestInputs\TestData.xls
[INFO ][2016-01-05 15:17:57,504][com.java.TestType] [  482] -  str(1) = 1
[INFO ][2016-01-05 15:17:57,504][com.java.TestType] [  485] - Test case Id is---1
[INFO ][2016-01-05 15:17:57,504][com.java.TestType] [  487] - 1
[INFO ][2016-01-05 15:17:57,505][com.java.TestType] [  482] -  str(2) = 1
[INFO ][2016-01-05 15:17:57,507][com.java.TestType] [  482] -  str(1) = 1
[INFO ][2016-01-05 15:17:57,507][com.java.TestType] [  485] - Test case Id is---1
[INFO ][2016-01-05 15:17:57,507][com.java.TestType] [  487] - 1
[INFO ][2016-01-05 15:17:57,507][com.java.TestType] [  482] -  str(2) = 2
[INFO ][2016-01-05 15:17:57,510][com.java.TestType] [  482] -  str(1) = 1
[INFO ][2016-01-05 15:17:57,510][com.java.TestType] [  485] - Test case Id is---1
[INFO ][2016-01-05 15:17:57,510][com.java.TestType] [  487] - 1
[INFO ][2016-01-05 15:17:57,510][com.java.TestType] [  482] -  str(2) = 3
[INFO ][2016-01-05 15:17:57,512][com.java.TestType] [  482] -  str(1) = 1
[INFO ][2016-01-05 15:17:57,512][com.java.TestType] [  485] - Test case Id is---1
[INFO ][2016-01-05 15:17:57,512][com.java.TestType] [  487] - 1
[INFO ][2016-01-05 15:17:57,512][com.java.TestType] [  482] -  str(2) = 4
[INFO ][2016-01-05 15:17:57,513][com.java.TestType] [  482] -  str(1) = 1
[INFO ][2016-01-05 15:17:57,514][com.java.TestType] [  485] - Test case Id is---1
[INFO ][2016-01-05 15:17:57,514][com.java.TestType] [  487] - 1
[INFO ][2016-01-05 15:17:57,514][com.java.TestType] [  482] -  str(2) = 5
[INFO ][2016-01-05 15:17:57,515][com.java.TestType] [  482] -  str(1) = 1
[INFO ][2016-01-05 15:17:57,515][com.java.TestType] [  485] - Test case Id is---1
[INFO ][2016-01-05 15:17:57,515][com.java.TestType] [  487] - 1
[INFO ][2016-01-05 15:17:57,515][com.java.TestType] [  482] -  str(2) = 6
[INFO ][2016-01-05 15:17:57,517][com.java.TestType] [  482] -  str(1) = 1
[INFO ][2016-01-05 15:17:57,517][com.java.TestType] [  485] - Test case Id is---1
[INFO ][2016-01-05 15:17:57,517][com.java.TestType] [  487] - 1
[INFO ][2016-01-05 15:17:57,518][com.java.TestType] [  482] -  str(2) = 7
[INFO ][2016-01-05 15:17:57,518][com.java.TestType] [  482] -  str(1) = 1
[INFO ][2016-01-05 15:17:57,518][com.java.TestType] [  485] - Test case Id is---1
[INFO ][2016-01-05 15:17:57,518][com.java.TestType] [  487] - 1
[INFO ][2016-01-05 15:17:57,519][com.java.TestType] [  482] -  str(2) = 8
[INFO ][2016-01-05 15:17:57,520][com.java.TestType] [  482] -  str(1) = 1
[INFO ][2016-01-05 15:17:57,520][com.java.TestType] [  485] - Test case Id is---1
[INFO ][2016-01-05 15:17:57,520][com.java.TestType] [  487] - 1
[INFO ][2016-01-05 15:17:57,521][com.java.TestType] [  482] -  str(2) = 9
[INFO ][2016-01-05 15:17:57,521][com.java.TestType] [  482] -  str(1) = 1
[INFO ][2016-01-05 15:17:57,521][com.java.TestType] [  485] - Test case Id is---1
[INFO ][2016-01-05 15:17:57,521][com.java.TestType] [  487] - 1
[INFO ][2016-01-05 15:17:57,522][com.java.TestType] [  482] -  str(2) = 10
[INFO ][2016-01-05 15:17:57,522][com.java.TestType] [  482] -  str(1) = 1
[INFO ][2016-01-05 15:17:57,522][com.java.TestType] [  485] - Test case Id is---1
[INFO ][2016-01-05 15:17:57,522][com.java.TestType] [  487] - 1
[INFO ][2016-01-05 15:17:57,523][com.java.TestType] [  482] -  str(2) = 11
[INFO ][2016-01-05 15:17:57,523][com.java.TestType] [  482] -  str(1) = 1
[INFO ][2016-01-05 15:17:57,523][com.java.TestType] [  485] - Test case Id is---1
[INFO ][2016-01-05 15:17:57,523][com.java.TestType] [  487] - 1
[INFO ][2016-01-05 15:17:57,524][com.java.TestType] [  482] -  str(2) = 12
[INFO ][2016-01-05 15:17:57,524][com.java.TestType] [  482] -  str(1) = 1
[INFO ][2016-01-05 15:17:57,524][com.java.TestType] [  485] - Test case Id is---1
[INFO ][2016-01-05 15:17:57,524][com.java.TestType] [  487] - 1
[INFO ][2016-01-05 15:17:57,525][com.java.TestType] [  482] -  str(2) = 13
[INFO ][2016-01-05 15:17:57,525][com.java.TestType] [  482] -  str(1) = 1
[INFO ][2016-01-05 15:17:57,525][com.java.TestType] [  485] - Test case Id is---1
[INFO ][2016-01-05 15:17:57,526][com.java.TestType] [  487] - 1
[INFO ][2016-01-05 15:17:57,526][com.java.TestType] [  482] -  str(2) = 14
[INFO ][2016-01-05 15:17:57,527][com.java.TestType] [  482] -  str(1) = 1
[INFO ][2016-01-05 15:17:57,527][com.java.TestType] [  485] - Test case Id is---1
[INFO ][2016-01-05 15:17:57,527][com.java.TestType] [  487] - 1
[INFO ][2016-01-05 15:17:57,527][com.java.TestType] [  482] -  str(2) = 15
[INFO ][2016-01-05 15:17:57,528][com.java.TestType] [  482] -  str(1) = 1
[INFO ][2016-01-05 15:17:57,528][com.java.TestType] [  485] - Test case Id is---1
[INFO ][2016-01-05 15:17:57,530][com.java.TestType] [  487] - 1
[INFO ][2016-01-05 15:17:57,530][com.java.TestType] [  482] -  str(2) = 16
[INFO ][2016-01-05 15:17:57,531][com.java.TestType] [10614] - Looping 1TCID = 1
[DEBUG][2016-01-05 15:17:57,531][com.java.TestType] [10655] - Concept ID:1 :: Step being Executed: 1::1
[INFO ][2016-01-05 15:17:57,531][com.java.TestType] [10693] - dataFields : TXTusername
[DEBUG][2016-01-05 15:17:57,531][com.java.TestType] [10699] - <In Set values of the page>
[DEBUG][2016-01-05 15:17:57,531][com.java.TestType] [10704] - {Data Fields & Data Values Exist}
[INFO ][2016-01-05 15:17:57,531][com.java.TestType] [10710] - --------------------------setting values-----------------------------
[INFO ][2016-01-05 15:17:57,531][com.java.TestType] [10713] - Action Type : CLEARANDENTER
[INFO ][2016-01-05 15:17:57,531][com.java.TestType] [ 5705] - value = valuelabs.ie10.00058
[INFO ][2016-01-05 15:18:02,273][com.java.TestType] [10732] -  RESULT true
[INFO ][2016-01-05 15:18:02,273][com.java.TestType] [10849] - ?   P A S S   ?
[DEBUG][2016-01-05 15:18:02,273][com.java.TestType] [10655] - Concept ID:1 :: Step being Executed: 1::2
[INFO ][2016-01-05 15:18:02,273][com.java.TestType] [10693] - dataFields : TXTpassword
[DEBUG][2016-01-05 15:18:02,273][com.java.TestType] [10699] - <In Set values of the page>
[DEBUG][2016-01-05 15:18:02,274][com.java.TestType] [10704] - {Data Fields & Data Values Exist}
[INFO ][2016-01-05 15:18:02,274][com.java.TestType] [10710] - --------------------------setting values-----------------------------
[INFO ][2016-01-05 15:18:02,274][com.java.TestType] [10713] - Action Type : CLEARANDENTER
[INFO ][2016-01-05 15:18:02,274][com.java.TestType] [ 5705] - value = Password1*
[INFO ][2016-01-05 15:18:07,112][com.java.TestType] [10732] -  RESULT true
[INFO ][2016-01-05 15:18:07,112][com.java.TestType] [10849] - ?   P A S S   ?
[DEBUG][2016-01-05 15:18:07,112][com.java.TestType] [10655] - Concept ID:1 :: Step being Executed: 1::3
[ERROR][2016-01-05 15:18:07,112][com.java.TestType] [10688] - Exception: null
[INFO ][2016-01-05 15:18:07,112][com.java.TestType] [10693] - dataFields : XPH//button[@type='submit']
[DEBUG][2016-01-05 15:18:07,113][com.java.TestType] [10699] - <In Set values of the page>
[DEBUG][2016-01-05 15:18:07,113][com.java.TestType] [10704] - {Data Fields & Data Values Exist}
[INFO ][2016-01-05 15:18:07,113][com.java.TestType] [10710] - --------------------------setting values-----------------------------
[INFO ][2016-01-05 15:18:07,113][com.java.TestType] [10713] - Action Type : Click
[INFO ][2016-01-05 15:18:07,113][com.java.TestType] [ 6084] - Field ::XPH//button[@type='submit']
[INFO ][2016-01-05 15:18:07,113][com.java.TestType] [ 5705] - value = 
[INFO ][2016-01-05 15:18:08,113][com.java.TestType] [ 6221] - BEFORE CLICK
[INFO ][2016-01-05 15:18:08,967][com.java.TestType] [ 6229] - Unable to click the object Login
[INFO ][2016-01-05 15:18:08,967][com.java.TestType] [10732] -  RESULT true
[INFO ][2016-01-05 15:18:08,967][com.java.TestType] [10849] - ?   P A S S   ?
[DEBUG][2016-01-05 15:18:08,967][com.java.TestType] [10655] - Concept ID:1 :: Step being Executed: 1::4
[INFO ][2016-01-05 15:18:08,967][com.java.TestType] [10693] - dataFields : LNKLogout
[DEBUG][2016-01-05 15:18:08,967][com.java.TestType] [10699] - <In Set values of the page>
[DEBUG][2016-01-05 15:18:08,967][com.java.TestType] [10704] - {Data Fields & Data Values Exist}
[INFO ][2016-01-05 15:18:08,967][com.java.TestType] [10710] - --------------------------setting values-----------------------------
[INFO ][2016-01-05 15:18:08,967][com.java.TestType] [10713] - Action Type : WaitForElement
[INFO ][2016-01-05 15:18:12,506][com.java.TestType] [10732] -  RESULT true
[INFO ][2016-01-05 15:18:12,506][com.java.TestType] [10849] - ?   P A S S   ?
[DEBUG][2016-01-05 15:18:12,506][com.java.TestType] [10655] - Concept ID:1 :: Step being Executed: 1::15
[INFO ][2016-01-05 15:18:12,507][com.java.TestType] [10693] - dataFields : LNK
[DEBUG][2016-01-05 15:18:12,507][com.java.TestType] [10699] - <In Set values of the page>
[DEBUG][2016-01-05 15:18:12,507][com.java.TestType] [10704] - {Data Fields & Data Values Exist}
[INFO ][2016-01-05 15:18:12,507][com.java.TestType] [10710] - --------------------------setting values-----------------------------
[INFO ][2016-01-05 15:18:12,507][com.java.TestType] [10713] - Action Type : Verify
[INFO ][2016-01-05 15:18:12,507][com.java.TestType] [ 7081] - field= LNK value= Logout
[INFO ][2016-01-05 15:18:12,510][com.java.TestType] [ 5705] - value = Logout
[INFO ][2016-01-05 15:18:12,548][com.java.TestType] [10732] -  RESULT true
[INFO ][2016-01-05 15:18:12,548][com.java.TestType] [10849] - ?   P A S S   ?
[DEBUG][2016-01-05 15:18:12,548][com.java.TestType] [10655] - Concept ID:1 :: Step being Executed: 1::16
[INFO ][2016-01-05 15:18:12,549][com.java.TestType] [10693] - dataFields : BTN
[DEBUG][2016-01-05 15:18:12,549][com.java.TestType] [10699] - <In Set values of the page>
[DEBUG][2016-01-05 15:18:12,549][com.java.TestType] [10704] - {Data Fields & Data Values Exist}
[INFO ][2016-01-05 15:18:12,549][com.java.TestType] [10710] - --------------------------setting values-----------------------------
[INFO ][2016-01-05 15:18:12,549][com.java.TestType] [10713] - Action Type : Verify
[INFO ][2016-01-05 15:18:12,549][com.java.TestType] [ 7081] - field= BTN value= //img[contains(@src,'bdlogo.jpg')]
[INFO ][2016-01-05 15:18:12,549][com.java.TestType] [ 5705] - value = //img[contains(@src,'bdlogo.jpg')]
[INFO ][2016-01-05 15:18:12,832][com.java.TestType] [10732] -  RESULT true
[INFO ][2016-01-05 15:18:12,832][com.java.TestType] [10849] - ?   P A S S   ?
[INFO ][2016-01-05 15:18:12,832][com.java.TestType] [10920] - Looping End......
[INFO ][2016-01-05 15:18:12,836][com.java.SeleniumDriver] [  906] -  RESULT true
[INFO ][2016-01-05 15:18:12,837][com.java.SeleniumDriver] [ 1112] - ?   P A S S   ?
[INFO ][2016-01-05 15:18:12,837][com.java.SeleniumDriver] [  832] - ------------------------------------------
[INFO ][2016-01-05 15:18:12,837][com.java.SeleniumDriver] [  833] - Test case being Executed: 1
[INFO ][2016-01-05 15:18:12,837][com.java.SeleniumDriver] [  845] - Test step:2
[INFO ][2016-01-05 15:18:12,838][com.java.SeleniumDriver] [  857] - Datavalue is----------Concept#2:1-2
[INFO ][2016-01-05 15:18:12,838][com.java.SeleniumDriver] [  881] - DataField : test
[INFO ][2016-01-05 15:18:12,838][com.java.SeleniumDriver] [  883] - DataValue : Concept#2:1-2
[INFO ][2016-01-05 15:18:12,838][com.java.SeleniumDriver] [  889] - <In Set values of the page>
[INFO ][2016-01-05 15:18:12,838][com.java.SeleniumDriver] [  892] - {Data Fields & Data Values Exist}
[INFO ][2016-01-05 15:18:12,838][com.java.SeleniumDriver] [  894] - --------------------------setting values-----------------------------
[INFO ][2016-01-05 15:18:12,838][com.java.SeleniumDriver] [  897] - Action Type : ExecuteTestCase
[INFO ][2016-01-05 15:18:12,838][com.java.TestType] [  437] - The Concept sheet name is ---------- Concept
[INFO ][2016-01-05 15:18:12,838][com.java.TestType] [  440] - The Concept ID  is ---------- 2
[DEBUG][2016-01-05 15:18:12,839][com.java.TestType] [  444] - Steps being executted in the Concept are: 1:2
[INFO ][2016-01-05 15:18:12,839][com.java.TestType] [  451] - Test data details path ---------- D:\BankersDashboard\TestInputs\TestData.xls
[INFO ][2016-01-05 15:18:12,867][com.java.TestType] [  482] -  str(1) = 2
[INFO ][2016-01-05 15:18:12,867][com.java.TestType] [  485] - Test case Id is---2
[INFO ][2016-01-05 15:18:12,867][com.java.TestType] [  487] - 2
[INFO ][2016-01-05 15:18:12,867][com.java.TestType] [  482] -  str(2) = 1
[INFO ][2016-01-05 15:18:12,869][com.java.TestType] [  482] -  str(1) = 2
[INFO ][2016-01-05 15:18:12,869][com.java.TestType] [  485] - Test case Id is---2
[INFO ][2016-01-05 15:18:12,869][com.java.TestType] [  487] - 2
[INFO ][2016-01-05 15:18:12,869][com.java.TestType] [  482] -  str(2) = 2
[INFO ][2016-01-05 15:18:12,870][com.java.TestType] [  482] -  str(1) = 2
[INFO ][2016-01-05 15:18:12,870][com.java.TestType] [  485] - Test case Id is---2
[INFO ][2016-01-05 15:18:12,870][com.java.TestType] [  487] - 2
[INFO ][2016-01-05 15:18:12,870][com.java.TestType] [  482] -  str(2) = 3
[INFO ][2016-01-05 15:18:12,871][com.java.TestType] [10614] - Looping 1TCID = 2
[DEBUG][2016-01-05 15:18:12,871][com.java.TestType] [10655] - Concept ID:2 :: Step being Executed: 2::1
[INFO ][2016-01-05 15:18:12,871][com.java.TestType] [10693] - dataFields : BNK//select[@id='bank']
[DEBUG][2016-01-05 15:18:12,871][com.java.TestType] [10699] - <In Set values of the page>
[DEBUG][2016-01-05 15:18:12,871][com.java.TestType] [10704] - {Data Fields & Data Values Exist}
[INFO ][2016-01-05 15:18:12,871][com.java.TestType] [10710] - --------------------------setting values-----------------------------
[INFO ][2016-01-05 15:18:12,871][com.java.TestType] [10713] - Action Type : Select
[INFO ][2016-01-05 15:18:12,871][com.java.TestType] [ 5705] - value = PFC
[INFO ][2016-01-05 15:18:13,096][com.java.TestType] [10732] -  RESULT true
[INFO ][2016-01-05 15:18:13,096][com.java.TestType] [10849] - ?   P A S S   ?
[DEBUG][2016-01-05 15:18:13,097][com.java.TestType] [10655] - Concept ID:2 :: Step being Executed: 2::2
[INFO ][2016-01-05 15:18:13,097][com.java.TestType] [10693] - dataFields : LNKLogout
[DEBUG][2016-01-05 15:18:13,097][com.java.TestType] [10699] - <In Set values of the page>
[DEBUG][2016-01-05 15:18:13,097][com.java.TestType] [10704] - {Data Fields & Data Values Exist}
[INFO ][2016-01-05 15:18:13,097][com.java.TestType] [10710] - --------------------------setting values-----------------------------
[INFO ][2016-01-05 15:18:13,097][com.java.TestType] [10713] - Action Type : WaitTime
[DEBUG][2016-01-05 15:18:13,097][com.java.TestType] [ 5525] - sleepTime: 5000
[INFO ][2016-01-05 15:18:18,097][com.java.TestType] [10732] -  RESULT true
[INFO ][2016-01-05 15:18:18,097][com.java.TestType] [10849] - ?   P A S S   ?
[INFO ][2016-01-05 15:18:18,097][com.java.TestType] [10920] - Looping End......
[INFO ][2016-01-05 15:18:18,100][com.java.SeleniumDriver] [  906] -  RESULT true
[INFO ][2016-01-05 15:18:18,100][com.java.SeleniumDriver] [ 1112] - ?   P A S S   ?
[INFO ][2016-01-05 15:18:18,100][com.java.SeleniumDriver] [  832] - ------------------------------------------
[INFO ][2016-01-05 15:18:18,101][com.java.SeleniumDriver] [  833] - Test case being Executed: 1
[INFO ][2016-01-05 15:18:18,101][com.java.SeleniumDriver] [  845] - Test step:3
[INFO ][2016-01-05 15:18:18,101][com.java.SeleniumDriver] [  857] - Datavalue is----------2
[INFO ][2016-01-05 15:18:18,101][com.java.SeleniumDriver] [  881] - DataField : XPH//button[contains(text(),'Add Content')]
[INFO ][2016-01-05 15:18:18,101][com.java.SeleniumDriver] [  883] - DataValue : 2
[INFO ][2016-01-05 15:18:18,101][com.java.SeleniumDriver] [  889] - <In Set values of the page>
[INFO ][2016-01-05 15:18:18,101][com.java.SeleniumDriver] [  892] - {Data Fields & Data Values Exist}
[INFO ][2016-01-05 15:18:18,101][com.java.SeleniumDriver] [  894] - --------------------------setting values-----------------------------
[INFO ][2016-01-05 15:18:18,101][com.java.SeleniumDriver] [  897] - Action Type : WAITFORELEMENT
[INFO ][2016-01-05 15:18:18,140][com.java.SeleniumDriver] [  906] -  RESULT true
[INFO ][2016-01-05 15:18:18,140][com.java.SeleniumDriver] [ 1112] - ?   P A S S   ?
[DEBUG][2016-01-05 15:18:18,140][com.java.SeleniumDriver] [ 1224] - Case found
[DEBUG][2016-01-05 15:18:18,140][com.java.SeleniumDriver] [ 1229] - Incrementing ReportCounters[0]:1
[INFO ][2016-01-05 15:18:18,140][com.java.SeleniumDriver] [ 1248] - The results are-------------------[1, 1, Valid Login, Pass, , Tue Jan 05 15:18:12 IST 2016, 1, 2, Valid Login, Pass, , Tue Jan 05 15:18:18 IST 2016, 1, 3, Valid Login, Pass, , Tue Jan 05 15:18:18 IST 2016]
[INFO ][2016-01-05 15:18:18,141][com.java.SeleniumDriver] [ 1252] - End time is-------35 sec
[INFO ][2016-01-05 15:18:18,141][com.java.SeleniumDriver] [ 1253] - The results are-------------------[1, 1, Valid Login, Pass, , Tue Jan 05 15:18:12 IST 2016, 1, 2, Valid Login, Pass, , Tue Jan 05 15:18:18 IST 2016, 1, 3, Valid Login, Pass, , Tue Jan 05 15:18:18 IST 2016]
[DEBUG][2016-01-05 15:18:18,141][com.java.ImportnExport.ExportTestResultsExcel] [  222] - testResultPath = D:\BankersDashboard/TestReports/Test Results_BankersDashBoard_010516_151744_IE10_United Bank.xls
[DEBUG][2016-01-05 15:18:18,141][com.java.ImportnExport.ExportTestResultsExcel] [  223] - browser is------------IE10
[DEBUG][2016-01-05 15:18:18,185][com.java.ImportnExport.ExportTestResultsExcel] [  270] - result.size() = 18
[DEBUG][2016-01-05 15:18:18,186][com.java.ImportnExport.ExportTestResultsExcel] [  274] - No of rows in sheet=1
[DEBUG][2016-01-05 15:18:18,186][com.java.ImportnExport.ExportTestResultsExcel] [  301] - ..in export..1
[DEBUG][2016-01-05 15:18:18,186][com.java.ImportnExport.ExportTestResultsExcel] [  301] - ..in export..Valid Login
[DEBUG][2016-01-05 15:18:18,186][com.java.ImportnExport.ExportTestResultsExcel] [  301] - ..in export..Pass
[DEBUG][2016-01-05 15:18:18,186][com.java.ImportnExport.ExportTestResultsExcel] [  301] - ..in export..
[DEBUG][2016-01-05 15:18:18,186][com.java.ImportnExport.ExportTestResultsExcel] [  301] - ..in export..Tue Jan 05 15:18:12 IST 2016
[INFO ][2016-01-05 15:18:18,188][com.java.SeleniumDriver] [ 1313] - out loop:0 size:2 TestCases:[1, 3] testcases:[1, 3]
[INFO ][2016-01-05 15:18:18,188][com.java.ImportnExport.ImportTestDataDetailsExcel] [   49] - test data details path===== D:\BankersDashboard\TestInputs\TestData.xls
[INFO ][2016-01-05 15:18:48,669][com.java.SeleniumDriver] [  832] - ------------------------------------------
[INFO ][2016-01-05 15:18:48,669][com.java.SeleniumDriver] [  833] - Test case being Executed: 3
[INFO ][2016-01-05 15:18:48,669][com.java.SeleniumDriver] [  845] - Test step:1
[INFO ][2016-01-05 15:18:48,669][com.java.SeleniumDriver] [  857] - Datavalue is----------Logout
[INFO ][2016-01-05 15:18:48,669][com.java.SeleniumDriver] [  881] - DataField : BTN
[INFO ][2016-01-05 15:18:48,669][com.java.SeleniumDriver] [  883] - DataValue : Logout
[INFO ][2016-01-05 15:18:48,669][com.java.SeleniumDriver] [  889] - <In Set values of the page>
[INFO ][2016-01-05 15:18:48,669][com.java.SeleniumDriver] [  892] - {Data Fields & Data Values Exist}
[INFO ][2016-01-05 15:18:48,669][com.java.SeleniumDriver] [  894] - --------------------------setting values-----------------------------
[INFO ][2016-01-05 15:18:48,669][com.java.SeleniumDriver] [  897] - Action Type : Verify
[INFO ][2016-01-05 15:18:48,669][com.java.TestType] [ 7081] - field= BTN value= Logout
[INFO ][2016-01-05 15:18:48,669][com.java.TestType] [ 5705] - value = Logout
[INFO ][2016-01-05 15:18:48,743][com.java.SeleniumDriver] [  906] -  RESULT true
[INFO ][2016-01-05 15:18:48,743][com.java.SeleniumDriver] [ 1112] - ?   P A S S   ?
[INFO ][2016-01-05 15:18:48,743][com.java.SeleniumDriver] [ 1154] - step change to 3
[INFO ][2016-01-05 15:18:48,744][com.java.SeleniumDriver] [  832] - ------------------------------------------
[INFO ][2016-01-05 15:18:48,744][com.java.SeleniumDriver] [  833] - Test case being Executed: 3
[INFO ][2016-01-05 15:18:48,744][com.java.SeleniumDriver] [  845] - Test step:3
[INFO ][2016-01-05 15:18:48,744][com.java.SeleniumDriver] [  857] - Datavalue is----------Concept#2:1-2
[INFO ][2016-01-05 15:18:48,744][com.java.SeleniumDriver] [  881] - DataField : test
[INFO ][2016-01-05 15:18:48,744][com.java.SeleniumDriver] [  883] - DataValue : Concept#2:1-2
[INFO ][2016-01-05 15:18:48,744][com.java.SeleniumDriver] [  889] - <In Set values of the page>
[INFO ][2016-01-05 15:18:48,744][com.java.SeleniumDriver] [  892] - {Data Fields & Data Values Exist}
[INFO ][2016-01-05 15:18:48,744][com.java.SeleniumDriver] [  894] - --------------------------setting values-----------------------------
[INFO ][2016-01-05 15:18:48,744][com.java.SeleniumDriver] [  897] - Action Type : ExecuteTestCase
[INFO ][2016-01-05 15:18:48,745][com.java.TestType] [  437] - The Concept sheet name is ---------- Concept
[INFO ][2016-01-05 15:18:48,745][com.java.TestType] [  440] - The Concept ID  is ---------- 2
[DEBUG][2016-01-05 15:18:48,745][com.java.TestType] [  444] - Steps being executted in the Concept are: 1:2
[INFO ][2016-01-05 15:18:48,745][com.java.TestType] [  451] - Test data details path ---------- D:\BankersDashboard\TestInputs\TestData.xls
[INFO ][2016-01-05 15:18:50,000][com.java.TestType] [  482] -  str(1) = 2
[INFO ][2016-01-05 15:18:50,001][com.java.TestType] [  485] - Test case Id is---2
[INFO ][2016-01-05 15:18:50,001][com.java.TestType] [  487] - 2
[INFO ][2016-01-05 15:18:50,001][com.java.TestType] [  482] -  str(2) = 1
[INFO ][2016-01-05 15:18:50,002][com.java.TestType] [  482] -  str(1) = 2
[INFO ][2016-01-05 15:18:50,002][com.java.TestType] [  485] - Test case Id is---2
[INFO ][2016-01-05 15:18:50,002][com.java.TestType] [  487] - 2
[INFO ][2016-01-05 15:18:50,002][com.java.TestType] [  482] -  str(2) = 2
[INFO ][2016-01-05 15:18:50,003][com.java.TestType] [  482] -  str(1) = 2
[INFO ][2016-01-05 15:18:50,003][com.java.TestType] [  485] - Test case Id is---2
[INFO ][2016-01-05 15:18:50,003][com.java.TestType] [  487] - 2
[INFO ][2016-01-05 15:18:50,003][com.java.TestType] [  482] -  str(2) = 3
[INFO ][2016-01-05 15:18:50,003][com.java.TestType] [10614] - Looping 1TCID = 2
[DEBUG][2016-01-05 15:18:50,004][com.java.TestType] [10655] - Concept ID:2 :: Step being Executed: 2::1
[INFO ][2016-01-05 15:18:50,004][com.java.TestType] [10693] - dataFields : BNK//select[@id='bank']
[DEBUG][2016-01-05 15:18:50,004][com.java.TestType] [10699] - <In Set values of the page>
[DEBUG][2016-01-05 15:18:50,004][com.java.TestType] [10704] - {Data Fields & Data Values Exist}
[INFO ][2016-01-05 15:18:50,004][com.java.TestType] [10710] - --------------------------setting values-----------------------------
[INFO ][2016-01-05 15:18:50,004][com.java.TestType] [10713] - Action Type : Select
[INFO ][2016-01-05 15:18:50,004][com.java.TestType] [ 5705] - value = PFC
[INFO ][2016-01-05 15:18:50,229][com.java.TestType] [10732] -  RESULT true
[INFO ][2016-01-05 15:18:50,229][com.java.TestType] [10849] - ?   P A S S   ?
[DEBUG][2016-01-05 15:18:50,229][com.java.TestType] [10655] - Concept ID:2 :: Step being Executed: 2::2
[INFO ][2016-01-05 15:18:50,229][com.java.TestType] [10693] - dataFields : LNKLogout
[DEBUG][2016-01-05 15:18:50,229][com.java.TestType] [10699] - <In Set values of the page>
[DEBUG][2016-01-05 15:18:50,229][com.java.TestType] [10704] - {Data Fields & Data Values Exist}
[INFO ][2016-01-05 15:18:50,230][com.java.TestType] [10710] - --------------------------setting values-----------------------------
[INFO ][2016-01-05 15:18:50,230][com.java.TestType] [10713] - Action Type : WaitTime
[DEBUG][2016-01-05 15:18:50,230][com.java.TestType] [ 5525] - sleepTime: 5000
[INFO ][2016-01-05 15:18:55,231][com.java.TestType] [10732] -  RESULT true
[INFO ][2016-01-05 15:18:55,231][com.java.TestType] [10849] - ?   P A S S   ?
[INFO ][2016-01-05 15:18:55,231][com.java.TestType] [10920] - Looping End......
[INFO ][2016-01-05 15:18:55,232][com.java.SeleniumDriver] [  906] -  RESULT true
[INFO ][2016-01-05 15:18:55,232][com.java.SeleniumDriver] [ 1112] - ?   P A S S   ?
[INFO ][2016-01-05 15:18:55,232][com.java.SeleniumDriver] [  832] - ------------------------------------------
[INFO ][2016-01-05 15:18:55,232][com.java.SeleniumDriver] [  833] - Test case being Executed: 3
[INFO ][2016-01-05 15:18:55,233][com.java.SeleniumDriver] [  845] - Test step:4
[INFO ][2016-01-05 15:18:55,233][com.java.SeleniumDriver] [  857] - Datavalue is----------null
[DEBUG][2016-01-05 15:18:55,233][com.java.SeleniumDriver] [  875] - Exception: null
[INFO ][2016-01-05 15:18:55,233][com.java.SeleniumDriver] [  881] - DataField : //span[@class='icon-user4']&&//a[text()='Users']&&//a[@data-id="ModifyUsers"]
[INFO ][2016-01-05 15:18:55,233][com.java.SeleniumDriver] [  883] - DataValue : 
[INFO ][2016-01-05 15:18:55,233][com.java.SeleniumDriver] [  889] - <In Set values of the page>
[INFO ][2016-01-05 15:18:55,233][com.java.SeleniumDriver] [  892] - {Data Fields & Data Values Exist}
[INFO ][2016-01-05 15:18:55,233][com.java.SeleniumDriver] [  894] - --------------------------setting values-----------------------------
[INFO ][2016-01-05 15:18:55,233][com.java.SeleniumDriver] [  897] - Action Type : MouseOver
[INFO ][2016-01-05 15:19:22,008][com.java.SeleniumDriver] [  906] -  RESULT true
[INFO ][2016-01-05 15:19:22,008][com.java.SeleniumDriver] [ 1112] - ?   P A S S   ?
[INFO ][2016-01-05 15:19:22,008][com.java.SeleniumDriver] [  832] - ------------------------------------------
[INFO ][2016-01-05 15:19:22,008][com.java.SeleniumDriver] [  833] - Test case being Executed: 3
[INFO ][2016-01-05 15:19:22,008][com.java.SeleniumDriver] [  845] - Test step:5
[INFO ][2016-01-05 15:19:22,008][com.java.SeleniumDriver] [  857] - Datavalue is----------2
[INFO ][2016-01-05 15:19:22,008][com.java.SeleniumDriver] [  881] - DataField : BTNframeDialogContent
[INFO ][2016-01-05 15:19:22,008][com.java.SeleniumDriver] [  883] - DataValue : 2
[INFO ][2016-01-05 15:19:22,008][com.java.SeleniumDriver] [  889] - <In Set values of the page>
[INFO ][2016-01-05 15:19:22,008][com.java.SeleniumDriver] [  892] - {Data Fields & Data Values Exist}
[INFO ][2016-01-05 15:19:22,008][com.java.SeleniumDriver] [  894] - --------------------------setting values-----------------------------
[INFO ][2016-01-05 15:19:22,008][com.java.SeleniumDriver] [  897] - Action Type : WaitForElement
[INFO ][2016-01-05 15:19:23,217][com.java.SeleniumDriver] [  906] -  RESULT true
[INFO ][2016-01-05 15:19:23,217][com.java.SeleniumDriver] [ 1112] - ?   P A S S   ?
[INFO ][2016-01-05 15:19:23,217][com.java.SeleniumDriver] [  832] - ------------------------------------------
[INFO ][2016-01-05 15:19:23,217][com.java.SeleniumDriver] [  833] - Test case being Executed: 3
[INFO ][2016-01-05 15:19:23,217][com.java.SeleniumDriver] [  845] - Test step:6
[INFO ][2016-01-05 15:19:23,218][com.java.SeleniumDriver] [  857] - Datavalue is----------null
[DEBUG][2016-01-05 15:19:23,218][com.java.SeleniumDriver] [  875] - Exception: null
[INFO ][2016-01-05 15:19:23,218][com.java.SeleniumDriver] [  881] - DataField : BTNframeDialogContent
[INFO ][2016-01-05 15:19:23,218][com.java.SeleniumDriver] [  883] - DataValue : 
[INFO ][2016-01-05 15:19:23,218][com.java.SeleniumDriver] [  889] - <In Set values of the page>
[INFO ][2016-01-05 15:19:23,218][com.java.SeleniumDriver] [  892] - {Data Fields & Data Values Exist}
[INFO ][2016-01-05 15:19:23,218][com.java.SeleniumDriver] [  894] - --------------------------setting values-----------------------------
[INFO ][2016-01-05 15:19:23,218][com.java.SeleniumDriver] [  897] - Action Type : SelectFrame
[INFO ][2016-01-05 15:19:24,472][com.java.SeleniumDriver] [  906] -  RESULT true
[INFO ][2016-01-05 15:19:24,472][com.java.SeleniumDriver] [ 1112] - ?   P A S S   ?
[INFO ][2016-01-05 15:19:24,472][com.java.SeleniumDriver] [  832] - ------------------------------------------
[INFO ][2016-01-05 15:19:24,472][com.java.SeleniumDriver] [  833] - Test case being Executed: 3
[INFO ][2016-01-05 15:19:24,472][com.java.SeleniumDriver] [  845] - Test step:7
[INFO ][2016-01-05 15:19:24,472][com.java.SeleniumDriver] [  857] - Datavalue is----------2
[INFO ][2016-01-05 15:19:24,472][com.java.SeleniumDriver] [  881] - DataField : BTNbtnAddUser
[INFO ][2016-01-05 15:19:24,472][com.java.SeleniumDriver] [  883] - DataValue : 2
[INFO ][2016-01-05 15:19:24,472][com.java.SeleniumDriver] [  889] - <In Set values of the page>
[INFO ][2016-01-05 15:19:24,472][com.java.SeleniumDriver] [  892] - {Data Fields & Data Values Exist}
[INFO ][2016-01-05 15:19:24,472][com.java.SeleniumDriver] [  894] - --------------------------setting values-----------------------------
[INFO ][2016-01-05 15:19:24,473][com.java.SeleniumDriver] [  897] - Action Type : WaitForElement
[DEBUG][2016-01-05 15:19:27,871][com.java.TestType] [ 6741] - btnAddUser   :: Element not Found
[INFO ][2016-01-05 15:19:27,871][com.java.SeleniumDriver] [  906] -  RESULT false
[INFO ][2016-01-05 15:19:27,871][com.java.SeleniumDriver] [  953] - ?   F A I L   ?
[INFO ][2016-01-05 15:19:27,871][com.java.SeleniumDriver] [  961] - Browser Type : IE10
[INFO ][2016-01-05 15:19:27,871][com.java.SeleniumDriver] [  962] - Adding Failed case3
[WARN ][2016-01-05 15:19:27,892][com.java.SeleniumDriver] [ 1022] - Source 'D:\BankersDashboard\TestReports\010516' exists but is a directory
[INFO ][2016-01-05 15:19:27,892][com.java.SeleniumDriver] [ 1076] - failedCases = 3
[ERROR][2016-01-05 15:19:27,892][com.java.SeleniumDriver] [ 1575] - Platform Errors : Our apologies...::We have encountered an issue with your request.::Our apologies?:We encountered an issue with your request.
[INFO ][2016-01-05 15:19:27,892][com.java.SeleniumDriver] [ 1579] - Length =3
[ERROR][2016-01-05 15:19:27,892][com.java.SeleniumDriver] [ 1582] - Error 0 = Our apologies...
[ERROR][2016-01-05 15:19:27,907][com.java.SeleniumDriver] [ 1596] - Unable to get browser (WARNING: The server did not provide any stacktrace information)
Command duration or timeout: 14 milliseconds
Build info: version: '2.48.2', revision: '41bccdd', time: '2015-10-09 19:59:12'
System info: host: 'FVTIII438F1D', ip: '172.17.68.34', os.name: 'Windows 7', os.arch: 'x86', os.version: '6.1', java.version: '1.7.0_55'
Session ID: 0e461657-142e-4ce5-ae89-6ae9004f73df
Driver info: org.openqa.selenium.ie.InternetExplorerDriver
Capabilities [{platform=WINDOWS, javascriptEnabled=true, elementScrollBehavior=0, ignoreZoomSetting=false, enablePersistentHover=true, ie.ensureCleanSession=false, browserName=internet explorer, enableElementCacheCleanup=true, unexpectedAlertBehaviour=dismiss, version=10, ie.usePerProcessProxy=false, ignoreProtectedModeSettings=true, cssSelectorsEnabled=true, requireWindowFocus=false, initialBrowserUrl=http://localhost:10131/, handlesAlerts=true, ie.forceCreateProcessApi=false, nativeEvents=true, browserAttachTimeout=0, ie.browserCommandLineSwitches=, takesScreenshot=true}]
[INFO ][2016-01-05 15:19:27,908][com.java.SeleniumDriver] [ 1598] - FindPlatformErrors exception: Unable to get browser (WARNING: The server did not provide any stacktrace information)
Command duration or timeout: 14 milliseconds
Build info: version: '2.48.2', revision: '41bccdd', time: '2015-10-09 19:59:12'
System info: host: 'FVTIII438F1D', ip: '172.17.68.34', os.name: 'Windows 7', os.arch: 'x86', os.version: '6.1', java.version: '1.7.0_55'
Session ID: 0e461657-142e-4ce5-ae89-6ae9004f73df
Driver info: org.openqa.selenium.ie.InternetExplorerDriver
Capabilities [{platform=WINDOWS, javascriptEnabled=true, elementScrollBehavior=0, ignoreZoomSetting=false, enablePersistentHover=true, ie.ensureCleanSession=false, browserName=internet explorer, enableElementCacheCleanup=true, unexpectedAlertBehaviour=dismiss, version=10, ie.usePerProcessProxy=false, ignoreProtectedModeSettings=true, cssSelectorsEnabled=true, requireWindowFocus=false, initialBrowserUrl=http://localhost:10131/, handlesAlerts=true, ie.forceCreateProcessApi=false, nativeEvents=true, browserAttachTimeout=0, ie.browserCommandLineSwitches=, takesScreenshot=true}]
[DEBUG][2016-01-05 15:19:27,908][com.java.SeleniumDriver] [ 1600] - Unable to get the Platform Error list from Hash Map.
[ERROR][2016-01-05 15:19:27,909][com.java.SeleniumDriver] [ 1194] - 
[INFO ][2016-01-05 15:19:27,909][com.java.SeleniumDriver] [  832] - ------------------------------------------
[INFO ][2016-01-05 15:19:27,909][com.java.SeleniumDriver] [  833] - Test case being Executed: 3
[INFO ][2016-01-05 15:19:27,909][com.java.SeleniumDriver] [  845] - Test step:8
[INFO ][2016-01-05 15:19:27,909][com.java.SeleniumDriver] [  857] - Datavalue is----------null
[DEBUG][2016-01-05 15:19:27,909][com.java.SeleniumDriver] [  875] - Exception: null
[INFO ][2016-01-05 15:19:27,909][com.java.SeleniumDriver] [  881] - DataField : BTNbtnAddUser
[INFO ][2016-01-05 15:19:27,909][com.java.SeleniumDriver] [  883] - DataValue : 
[INFO ][2016-01-05 15:19:27,909][com.java.SeleniumDriver] [  889] - <In Set values of the page>
[INFO ][2016-01-05 15:19:27,909][com.java.SeleniumDriver] [  892] - {Data Fields & Data Values Exist}
[INFO ][2016-01-05 15:19:27,909][com.java.SeleniumDriver] [  894] - --------------------------setting values-----------------------------
[INFO ][2016-01-05 15:19:27,909][com.java.SeleniumDriver] [  897] - Action Type : Click
[INFO ][2016-01-05 15:19:27,910][com.java.TestType] [ 6084] - Field ::BTNbtnAddUser
[INFO ][2016-01-05 15:19:27,910][com.java.TestType] [ 5705] - value = 
