[INFO ][2015-10-29 12:22:23,501][com.java.SeleniumDriver] [  213] - Execute Failed Casesfalse
[INFO ][2015-10-29 12:22:23,501][com.java.SeleniumDriver] [  214] - Browser: IE11
[INFO ][2015-10-29 12:22:23,501][com.java.SeleniumDriver] [  215] - [1]
[INFO ][2015-10-29 12:22:23,501][com.java.SeleniumDriver] [  216] - Total TestCases:1
[INFO ][2015-10-29 12:22:23,501][com.java.SeleniumDriver] [  217] -  Reading Properties from Property File 
[DEBUG][2015-10-29 12:22:23,501][com.java.SeleniumDriver] [  238] - url : https://clients-xuat.bankersdashboard.com
[INFO ][2015-10-29 12:22:23,501][com.java.ImportnExport.ExportTestResultsExcel] [  116] - Time Stamp Thu Oct 29 12:22:23 IST 2015
[INFO ][2015-10-29 12:22:23,501][com.java.ImportnExport.ExportTestResultsExcel] [  175] - OUT FILE : D:\BankersDashboard/TestReports/Test Results_BankersDashBoard_102915_122223_IE11_Simmons First National Bank.xls
[INFO ][2015-10-29 12:22:23,532][com.java.ImportnExport.ExportTestResultsExcel] [  180] - Test Result file is created
[DEBUG][2015-10-29 12:22:23,632][com.java.SeleniumDriver] [  425] - Hub ip address is-------172.17.68.34
[INFO ][2015-10-29 12:22:23,632][com.java.SeleniumDriver] [  451] - Grid URL:http://172.17.68.34:4444/wd/hub
[INFO ][2015-10-29 12:22:23,632][com.java.SeleniumDriver] [  452] - Capability:Capabilities [{platform=ANY, ensureCleanSession=true, ignoreProtectedModeSettings=true, acceptSslCerts=true, ignoreZoomSetting=true, browserName=internet explorer, browserstack.ie.noFlash=true, version=Node1}]
[ERROR][2015-10-29 12:22:24,912][com.java.SeleniumDriver] [  496] - Unable invoke browser in grid:Could not start a new session. Possible causes are invalid address of the remote server or browser start-up failure.
Build info: version: '2.48.2', revision: '41bccdd', time: '2015-10-09 19:59:12'
System info: host: 'FVTIII438F1D', ip: '172.17.68.34', os.name: 'Windows 7', os.arch: 'x86', os.version: '6.1', java.version: '1.7.0_55'
Driver info: driver.version: SeleniumDriver
[INFO ][2015-10-29 12:22:24,912][com.java.SeleniumDriver] [  498] - Executing on local machine
[INFO ][2015-10-29 12:22:34,066][com.java.SeleniumDriver] [  248] - IE11is opened
[INFO ][2015-10-29 12:22:34,889][com.java.SeleniumDriver] [  752] - Test cases to be executed are: [1]
[INFO ][2015-10-29 12:22:34,889][com.java.ImportnExport.ImportTestDataDetailsExcel] [   49] - test data details path===== D:\BankersDashboard\TestInputs\TestData.xls
[INFO ][2015-10-29 12:22:45,855][com.java.SeleniumDriver] [  788] - ------------------------------------------
[INFO ][2015-10-29 12:22:45,855][com.java.SeleniumDriver] [  789] - Test case being Executed: 1
[INFO ][2015-10-29 12:22:45,856][com.java.SeleniumDriver] [  800] - Test step:1
[INFO ][2015-10-29 12:22:45,856][com.java.SeleniumDriver] [  812] - Datavalue is----------Concept#1:1-14
[INFO ][2015-10-29 12:22:45,856][com.java.SeleniumDriver] [  836] - DataField : test
[INFO ][2015-10-29 12:22:45,856][com.java.SeleniumDriver] [  838] - DataValue : Concept#1:1-14
[INFO ][2015-10-29 12:22:45,856][com.java.SeleniumDriver] [  844] - <In Set values of the page>
[INFO ][2015-10-29 12:22:45,856][com.java.SeleniumDriver] [  847] - {Data Fields & Data Values Exist}
[INFO ][2015-10-29 12:22:45,856][com.java.SeleniumDriver] [  849] - --------------------------setting values-----------------------------
[INFO ][2015-10-29 12:22:45,856][com.java.SeleniumDriver] [  852] - Action Type : ExecuteTestCase
[INFO ][2015-10-29 12:22:45,886][com.java.TestType] [  353] - The Concept sheet name is ---------- Concept
[INFO ][2015-10-29 12:22:45,886][com.java.TestType] [  355] - The Concept ID  is ---------- 1
[DEBUG][2015-10-29 12:22:45,886][com.java.TestType] [  357] - Steps being executted in the Concept are: 1:14
[INFO ][2015-10-29 12:22:45,886][com.java.TestType] [  361] - Test data details path ---------- D:\BankersDashboard\TestInputs\TestData.xls
[INFO ][2015-10-29 12:22:45,916][com.java.TestType] [  385] -  str(1) = 1
[INFO ][2015-10-29 12:22:45,916][com.java.TestType] [  388] - Test case Id is---1
[INFO ][2015-10-29 12:22:45,916][com.java.TestType] [  390] - 1
[INFO ][2015-10-29 12:22:45,916][com.java.TestType] [  385] -  str(2) = 1
[INFO ][2015-10-29 12:22:45,916][com.java.TestType] [  435] - row values are--------{1=com.java.Objects.TestDataDetails@16e32d7}
[INFO ][2015-10-29 12:22:45,916][com.java.TestType] [  385] -  str(1) = 1
[INFO ][2015-10-29 12:22:45,916][com.java.TestType] [  388] - Test case Id is---1
[INFO ][2015-10-29 12:22:45,916][com.java.TestType] [  390] - 1
[INFO ][2015-10-29 12:22:45,916][com.java.TestType] [  385] -  str(2) = 2
[INFO ][2015-10-29 12:22:45,926][com.java.TestType] [  435] - row values are--------{1=com.java.Objects.TestDataDetails@16e32d7, 2=com.java.Objects.TestDataDetails@2e714}
[INFO ][2015-10-29 12:22:45,926][com.java.TestType] [  385] -  str(1) = 1
[INFO ][2015-10-29 12:22:45,926][com.java.TestType] [  388] - Test case Id is---1
[INFO ][2015-10-29 12:22:45,926][com.java.TestType] [  390] - 1
[INFO ][2015-10-29 12:22:45,926][com.java.TestType] [  385] -  str(2) = 3
[INFO ][2015-10-29 12:22:45,926][com.java.TestType] [  435] - row values are--------{1=com.java.Objects.TestDataDetails@16e32d7, 2=com.java.Objects.TestDataDetails@2e714, 3=com.java.Objects.TestDataDetails@11af1b1}
[INFO ][2015-10-29 12:22:45,926][com.java.TestType] [  385] -  str(1) = 1
[INFO ][2015-10-29 12:22:45,926][com.java.TestType] [  388] - Test case Id is---1
[INFO ][2015-10-29 12:22:45,926][com.java.TestType] [  390] - 1
[INFO ][2015-10-29 12:22:45,926][com.java.TestType] [  385] -  str(2) = 4
[INFO ][2015-10-29 12:22:45,926][com.java.TestType] [  435] - row values are--------{1=com.java.Objects.TestDataDetails@16e32d7, 2=com.java.Objects.TestDataDetails@2e714, 3=com.java.Objects.TestDataDetails@11af1b1, 4=com.java.Objects.TestDataDetails@4336ff}
[INFO ][2015-10-29 12:22:45,926][com.java.TestType] [  385] -  str(1) = 1
[INFO ][2015-10-29 12:22:45,926][com.java.TestType] [  388] - Test case Id is---1
[INFO ][2015-10-29 12:22:45,926][com.java.TestType] [  390] - 1
[INFO ][2015-10-29 12:22:45,926][com.java.TestType] [  385] -  str(2) = 5
[INFO ][2015-10-29 12:22:45,926][com.java.TestType] [  435] - row values are--------{1=com.java.Objects.TestDataDetails@16e32d7, 2=com.java.Objects.TestDataDetails@2e714, 3=com.java.Objects.TestDataDetails@11af1b1, 4=com.java.Objects.TestDataDetails@4336ff, 5=com.java.Objects.TestDataDetails@8a0152}
[INFO ][2015-10-29 12:22:45,926][com.java.TestType] [  385] -  str(1) = 1
[INFO ][2015-10-29 12:22:45,926][com.java.TestType] [  388] - Test case Id is---1
[INFO ][2015-10-29 12:22:45,926][com.java.TestType] [  390] - 1
[INFO ][2015-10-29 12:22:45,926][com.java.TestType] [  385] -  str(2) = 6
[INFO ][2015-10-29 12:22:45,926][com.java.TestType] [  435] - row values are--------{1=com.java.Objects.TestDataDetails@16e32d7, 2=com.java.Objects.TestDataDetails@2e714, 3=com.java.Objects.TestDataDetails@11af1b1, 4=com.java.Objects.TestDataDetails@4336ff, 5=com.java.Objects.TestDataDetails@8a0152, 6=com.java.Objects.TestDataDetails@1edc134}
[INFO ][2015-10-29 12:22:45,926][com.java.TestType] [  385] -  str(1) = 1
[INFO ][2015-10-29 12:22:45,926][com.java.TestType] [  388] - Test case Id is---1
[INFO ][2015-10-29 12:22:45,926][com.java.TestType] [  390] - 1
[INFO ][2015-10-29 12:22:45,926][com.java.TestType] [  385] -  str(2) = 7
[INFO ][2015-10-29 12:22:45,926][com.java.TestType] [  435] - row values are--------{1=com.java.Objects.TestDataDetails@16e32d7, 2=com.java.Objects.TestDataDetails@2e714, 3=com.java.Objects.TestDataDetails@11af1b1, 4=com.java.Objects.TestDataDetails@4336ff, 5=com.java.Objects.TestDataDetails@8a0152, 6=com.java.Objects.TestDataDetails@1edc134, 7=com.java.Objects.TestDataDetails@19de6c}
[INFO ][2015-10-29 12:22:45,926][com.java.TestType] [  385] -  str(1) = 1
[INFO ][2015-10-29 12:22:45,926][com.java.TestType] [  388] - Test case Id is---1
[INFO ][2015-10-29 12:22:45,926][com.java.TestType] [  390] - 1
[INFO ][2015-10-29 12:22:45,926][com.java.TestType] [  385] -  str(2) = 8
[INFO ][2015-10-29 12:22:45,926][com.java.TestType] [  435] - row values are--------{1=com.java.Objects.TestDataDetails@16e32d7, 2=com.java.Objects.TestDataDetails@2e714, 3=com.java.Objects.TestDataDetails@11af1b1, 4=com.java.Objects.TestDataDetails@4336ff, 5=com.java.Objects.TestDataDetails@8a0152, 6=com.java.Objects.TestDataDetails@1edc134, 7=com.java.Objects.TestDataDetails@19de6c, 8=com.java.Objects.TestDataDetails@9b81d5}
[INFO ][2015-10-29 12:22:45,926][com.java.TestType] [  385] -  str(1) = 1
[INFO ][2015-10-29 12:22:45,936][com.java.TestType] [  388] - Test case Id is---1
[INFO ][2015-10-29 12:22:45,936][com.java.TestType] [  390] - 1
[INFO ][2015-10-29 12:22:45,936][com.java.TestType] [  385] -  str(2) = 9
[INFO ][2015-10-29 12:22:45,936][com.java.TestType] [  435] - row values are--------{1=com.java.Objects.TestDataDetails@16e32d7, 2=com.java.Objects.TestDataDetails@2e714, 3=com.java.Objects.TestDataDetails@11af1b1, 4=com.java.Objects.TestDataDetails@4336ff, 5=com.java.Objects.TestDataDetails@8a0152, 6=com.java.Objects.TestDataDetails@1edc134, 7=com.java.Objects.TestDataDetails@19de6c, 8=com.java.Objects.TestDataDetails@9b81d5, 9=com.java.Objects.TestDataDetails@c42e5a}
[INFO ][2015-10-29 12:22:45,936][com.java.TestType] [  385] -  str(1) = 1
[INFO ][2015-10-29 12:22:45,936][com.java.TestType] [  388] - Test case Id is---1
[INFO ][2015-10-29 12:22:45,936][com.java.TestType] [  390] - 1
[INFO ][2015-10-29 12:22:45,936][com.java.TestType] [  385] -  str(2) = 10
[INFO ][2015-10-29 12:22:45,936][com.java.TestType] [  435] - row values are--------{1=com.java.Objects.TestDataDetails@16e32d7, 2=com.java.Objects.TestDataDetails@2e714, 3=com.java.Objects.TestDataDetails@11af1b1, 4=com.java.Objects.TestDataDetails@4336ff, 5=com.java.Objects.TestDataDetails@8a0152, 6=com.java.Objects.TestDataDetails@1edc134, 7=com.java.Objects.TestDataDetails@19de6c, 8=com.java.Objects.TestDataDetails@9b81d5, 9=com.java.Objects.TestDataDetails@c42e5a, 10=com.java.Objects.TestDataDetails@9a8e52}
[INFO ][2015-10-29 12:22:45,936][com.java.TestType] [  385] -  str(1) = 1
[INFO ][2015-10-29 12:22:45,936][com.java.TestType] [  388] - Test case Id is---1
[INFO ][2015-10-29 12:22:45,936][com.java.TestType] [  390] - 1
[INFO ][2015-10-29 12:22:45,936][com.java.TestType] [  385] -  str(2) = 11
[INFO ][2015-10-29 12:22:45,936][com.java.TestType] [  435] - row values are--------{1=com.java.Objects.TestDataDetails@16e32d7, 2=com.java.Objects.TestDataDetails@2e714, 3=com.java.Objects.TestDataDetails@11af1b1, 4=com.java.Objects.TestDataDetails@4336ff, 5=com.java.Objects.TestDataDetails@8a0152, 6=com.java.Objects.TestDataDetails@1edc134, 7=com.java.Objects.TestDataDetails@19de6c, 8=com.java.Objects.TestDataDetails@9b81d5, 9=com.java.Objects.TestDataDetails@c42e5a, 10=com.java.Objects.TestDataDetails@9a8e52, 11=com.java.Objects.TestDataDetails@170ad95}
[INFO ][2015-10-29 12:22:45,936][com.java.TestType] [  385] -  str(1) = 1
[INFO ][2015-10-29 12:22:45,936][com.java.TestType] [  388] - Test case Id is---1
[INFO ][2015-10-29 12:22:45,936][com.java.TestType] [  390] - 1
[INFO ][2015-10-29 12:22:45,936][com.java.TestType] [  385] -  str(2) = 12
[INFO ][2015-10-29 12:22:45,936][com.java.TestType] [  435] - row values are--------{1=com.java.Objects.TestDataDetails@16e32d7, 2=com.java.Objects.TestDataDetails@2e714, 3=com.java.Objects.TestDataDetails@11af1b1, 4=com.java.Objects.TestDataDetails@4336ff, 5=com.java.Objects.TestDataDetails@8a0152, 6=com.java.Objects.TestDataDetails@1edc134, 7=com.java.Objects.TestDataDetails@19de6c, 8=com.java.Objects.TestDataDetails@9b81d5, 9=com.java.Objects.TestDataDetails@c42e5a, 10=com.java.Objects.TestDataDetails@9a8e52, 11=com.java.Objects.TestDataDetails@170ad95, 12=com.java.Objects.TestDataDetails@5dc0a5}
[INFO ][2015-10-29 12:22:45,936][com.java.TestType] [  385] -  str(1) = 1
[INFO ][2015-10-29 12:22:45,936][com.java.TestType] [  388] - Test case Id is---1
[INFO ][2015-10-29 12:22:45,936][com.java.TestType] [  390] - 1
[INFO ][2015-10-29 12:22:45,936][com.java.TestType] [  385] -  str(2) = 13
[INFO ][2015-10-29 12:22:45,936][com.java.TestType] [  435] - row values are--------{1=com.java.Objects.TestDataDetails@16e32d7, 2=com.java.Objects.TestDataDetails@2e714, 3=com.java.Objects.TestDataDetails@11af1b1, 4=com.java.Objects.TestDataDetails@4336ff, 5=com.java.Objects.TestDataDetails@8a0152, 6=com.java.Objects.TestDataDetails@1edc134, 7=com.java.Objects.TestDataDetails@19de6c, 8=com.java.Objects.TestDataDetails@9b81d5, 9=com.java.Objects.TestDataDetails@c42e5a, 10=com.java.Objects.TestDataDetails@9a8e52, 11=com.java.Objects.TestDataDetails@170ad95, 12=com.java.Objects.TestDataDetails@5dc0a5, 13=com.java.Objects.TestDataDetails@1627751}
[INFO ][2015-10-29 12:22:45,936][com.java.TestType] [  385] -  str(1) = 1
[INFO ][2015-10-29 12:22:45,936][com.java.TestType] [  388] - Test case Id is---1
[INFO ][2015-10-29 12:22:45,936][com.java.TestType] [  390] - 1
[INFO ][2015-10-29 12:22:45,936][com.java.TestType] [  385] -  str(2) = 14
[INFO ][2015-10-29 12:22:45,936][com.java.TestType] [  435] - row values are--------{1=com.java.Objects.TestDataDetails@16e32d7, 2=com.java.Objects.TestDataDetails@2e714, 3=com.java.Objects.TestDataDetails@11af1b1, 4=com.java.Objects.TestDataDetails@4336ff, 5=com.java.Objects.TestDataDetails@8a0152, 6=com.java.Objects.TestDataDetails@1edc134, 7=com.java.Objects.TestDataDetails@19de6c, 8=com.java.Objects.TestDataDetails@9b81d5, 9=com.java.Objects.TestDataDetails@c42e5a, 10=com.java.Objects.TestDataDetails@9a8e52, 11=com.java.Objects.TestDataDetails@170ad95, 12=com.java.Objects.TestDataDetails@5dc0a5, 13=com.java.Objects.TestDataDetails@1627751, 14=com.java.Objects.TestDataDetails@2da07a}
[INFO ][2015-10-29 12:22:45,936][com.java.TestType] [ 6346] - Looping 1TCID = 1
[DEBUG][2015-10-29 12:22:45,936][com.java.TestType] [ 6357] - Concept ID:1 :: Step being Executed: 1::1
[INFO ][2015-10-29 12:22:45,936][com.java.TestType] [ 6390] - dataFields : TXTusername
[DEBUG][2015-10-29 12:22:45,936][com.java.TestType] [ 6395] - <In Set values of the page>
[DEBUG][2015-10-29 12:22:45,936][com.java.TestType] [ 6399] - {Data Fields & Data Values Exist}
[INFO ][2015-10-29 12:22:45,936][com.java.TestType] [ 6403] - --------------------------setting values-----------------------------
[INFO ][2015-10-29 12:22:45,936][com.java.TestType] [ 6406] - Action Type : CLEARANDENTER
[INFO ][2015-10-29 12:22:45,936][com.java.TestType] [ 2975] - value = valuelabs.ie11.03890
[INFO ][2015-10-29 12:22:48,593][com.java.TestType] [ 6417] -  RESULT true
[INFO ][2015-10-29 12:22:48,593][com.java.TestType] [ 6522] - ?   P A S S   ?
[DEBUG][2015-10-29 12:22:48,593][com.java.TestType] [ 6357] - Concept ID:1 :: Step being Executed: 1::2
[INFO ][2015-10-29 12:22:48,593][com.java.TestType] [ 6390] - dataFields : TXTpassword
[DEBUG][2015-10-29 12:22:48,593][com.java.TestType] [ 6395] - <In Set values of the page>
[DEBUG][2015-10-29 12:22:48,593][com.java.TestType] [ 6399] - {Data Fields & Data Values Exist}
[INFO ][2015-10-29 12:22:48,593][com.java.TestType] [ 6403] - --------------------------setting values-----------------------------
[INFO ][2015-10-29 12:22:48,593][com.java.TestType] [ 6406] - Action Type : CLEARANDENTER
[INFO ][2015-10-29 12:22:48,593][com.java.TestType] [ 2975] - value = Password1*
[INFO ][2015-10-29 12:22:51,380][com.java.TestType] [ 6417] -  RESULT true
[INFO ][2015-10-29 12:22:51,380][com.java.TestType] [ 6522] - ?   P A S S   ?
[DEBUG][2015-10-29 12:22:51,380][com.java.TestType] [ 6357] - Concept ID:1 :: Step being Executed: 1::3
[ERROR][2015-10-29 12:22:51,380][com.java.TestType] [ 6385] - Exception: null
[INFO ][2015-10-29 12:22:51,380][com.java.TestType] [ 6390] - dataFields : XPH//button[@type='submit']
[DEBUG][2015-10-29 12:22:51,380][com.java.TestType] [ 6395] - <In Set values of the page>
[DEBUG][2015-10-29 12:22:51,380][com.java.TestType] [ 6399] - {Data Fields & Data Values Exist}
[INFO ][2015-10-29 12:22:51,380][com.java.TestType] [ 6403] - --------------------------setting values-----------------------------
[INFO ][2015-10-29 12:22:51,380][com.java.TestType] [ 6406] - Action Type : Click
[INFO ][2015-10-29 12:22:51,380][com.java.TestType] [ 3245] - Field ::XPH//button[@type='submit']
[INFO ][2015-10-29 12:22:52,380][com.java.TestType] [ 3296] - BEFORE CLICK
[INFO ][2015-10-29 12:22:53,245][com.java.TestType] [ 3302] - Unable to click the object Login
[INFO ][2015-10-29 12:22:53,245][com.java.TestType] [ 6417] -  RESULT true
[INFO ][2015-10-29 12:22:53,245][com.java.TestType] [ 6522] - ?   P A S S   ?
[DEBUG][2015-10-29 12:22:53,245][com.java.TestType] [ 6357] - Concept ID:1 :: Step being Executed: 1::4
[INFO ][2015-10-29 12:22:53,245][com.java.TestType] [ 6390] - dataFields : LNKLogout
[DEBUG][2015-10-29 12:22:53,245][com.java.TestType] [ 6395] - <In Set values of the page>
[DEBUG][2015-10-29 12:22:53,245][com.java.TestType] [ 6399] - {Data Fields & Data Values Exist}
[INFO ][2015-10-29 12:22:53,245][com.java.TestType] [ 6403] - --------------------------setting values-----------------------------
[INFO ][2015-10-29 12:22:53,245][com.java.TestType] [ 6406] - Action Type : WaitForElement
[INFO ][2015-10-29 12:23:07,326][com.java.TestType] [ 6417] -  RESULT true
[INFO ][2015-10-29 12:23:07,326][com.java.TestType] [ 6522] - ?   P A S S   ?
[DEBUG][2015-10-29 12:23:07,326][com.java.TestType] [ 6357] - Concept ID:1 :: Step being Executed: 1::13
[INFO ][2015-10-29 12:23:07,326][com.java.TestType] [ 6390] - dataFields : LGN
[DEBUG][2015-10-29 12:23:07,326][com.java.TestType] [ 6395] - <In Set values of the page>
[DEBUG][2015-10-29 12:23:07,326][com.java.TestType] [ 6399] - {Data Fields & Data Values Exist}
[INFO ][2015-10-29 12:23:07,326][com.java.TestType] [ 6403] - --------------------------setting values-----------------------------
[INFO ][2015-10-29 12:23:07,326][com.java.TestType] [ 6406] - Action Type : Verify
[INFO ][2015-10-29 12:23:07,326][com.java.TestType] [ 3884] - field= LGN value= Username
[INFO ][2015-10-29 12:23:07,326][com.java.TestType] [ 2975] - value = Username
[INFO ][2015-10-29 12:23:07,487][com.java.TestType] [ 6417] -  RESULT true
[INFO ][2015-10-29 12:23:07,487][com.java.TestType] [ 6522] - ?   P A S S   ?
[DEBUG][2015-10-29 12:23:07,487][com.java.TestType] [ 6357] - Concept ID:1 :: Step being Executed: 1::14
[INFO ][2015-10-29 12:23:07,487][com.java.TestType] [ 6390] - dataFields : BTN
[DEBUG][2015-10-29 12:23:07,487][com.java.TestType] [ 6395] - <In Set values of the page>
[DEBUG][2015-10-29 12:23:07,487][com.java.TestType] [ 6399] - {Data Fields & Data Values Exist}
[INFO ][2015-10-29 12:23:07,487][com.java.TestType] [ 6403] - --------------------------setting values-----------------------------
[INFO ][2015-10-29 12:23:07,487][com.java.TestType] [ 6406] - Action Type : Verify
[INFO ][2015-10-29 12:23:07,487][com.java.TestType] [ 3884] - field= BTN value= //img[contains(@src,'bdlogo.jpg')]
[INFO ][2015-10-29 12:23:07,487][com.java.TestType] [ 2975] - value = //img[contains(@src,'bdlogo.jpg')]
[INFO ][2015-10-29 12:23:07,527][com.java.TestType] [ 6417] -  RESULT true
[INFO ][2015-10-29 12:23:07,527][com.java.TestType] [ 6522] - ?   P A S S   ?
[INFO ][2015-10-29 12:23:07,527][com.java.TestType] [ 6575] - Looping End......
[INFO ][2015-10-29 12:23:07,527][com.java.SeleniumDriver] [  861] -  RESULT true
[INFO ][2015-10-29 12:23:07,527][com.java.SeleniumDriver] [ 1066] - ?   P A S S   ?
[INFO ][2015-10-29 12:23:07,527][com.java.SeleniumDriver] [  788] - ------------------------------------------
[INFO ][2015-10-29 12:23:07,527][com.java.SeleniumDriver] [  789] - Test case being Executed: 1
[INFO ][2015-10-29 12:23:07,527][com.java.SeleniumDriver] [  800] - Test step:2
[INFO ][2015-10-29 12:23:07,527][com.java.SeleniumDriver] [  812] - Datavalue is----------Concept#2:1-2
[INFO ][2015-10-29 12:23:07,527][com.java.SeleniumDriver] [  836] - DataField : test
[INFO ][2015-10-29 12:23:07,527][com.java.SeleniumDriver] [  838] - DataValue : Concept#2:1-2
[INFO ][2015-10-29 12:23:07,527][com.java.SeleniumDriver] [  844] - <In Set values of the page>
[INFO ][2015-10-29 12:23:07,527][com.java.SeleniumDriver] [  847] - {Data Fields & Data Values Exist}
[INFO ][2015-10-29 12:23:07,527][com.java.SeleniumDriver] [  849] - --------------------------setting values-----------------------------
[INFO ][2015-10-29 12:23:07,527][com.java.SeleniumDriver] [  852] - Action Type : ExecuteTestCase
[INFO ][2015-10-29 12:23:07,527][com.java.TestType] [  353] - The Concept sheet name is ---------- Concept
[INFO ][2015-10-29 12:23:07,527][com.java.TestType] [  355] - The Concept ID  is ---------- 2
[DEBUG][2015-10-29 12:23:07,527][com.java.TestType] [  357] - Steps being executted in the Concept are: 1:2
[INFO ][2015-10-29 12:23:07,527][com.java.TestType] [  361] - Test data details path ---------- D:\BankersDashboard\TestInputs\TestData.xls
[INFO ][2015-10-29 12:23:07,557][com.java.TestType] [  385] -  str(1) = 2
[INFO ][2015-10-29 12:23:07,557][com.java.TestType] [  388] - Test case Id is---2
[INFO ][2015-10-29 12:23:07,557][com.java.TestType] [  390] - 2
[INFO ][2015-10-29 12:23:07,557][com.java.TestType] [  385] -  str(2) = 1
[INFO ][2015-10-29 12:23:07,567][com.java.TestType] [  435] - row values are--------{1=com.java.Objects.TestDataDetails@10fd005}
[INFO ][2015-10-29 12:23:07,567][com.java.TestType] [  385] -  str(1) = 2
[INFO ][2015-10-29 12:23:07,567][com.java.TestType] [  388] - Test case Id is---2
[INFO ][2015-10-29 12:23:07,567][com.java.TestType] [  390] - 2
[INFO ][2015-10-29 12:23:07,567][com.java.TestType] [  385] -  str(2) = 2
[INFO ][2015-10-29 12:23:07,567][com.java.TestType] [  435] - row values are--------{1=com.java.Objects.TestDataDetails@10fd005, 2=com.java.Objects.TestDataDetails@1ae9ba8}
[INFO ][2015-10-29 12:23:07,567][com.java.TestType] [ 6346] - Looping 1TCID = 2
[DEBUG][2015-10-29 12:23:07,567][com.java.TestType] [ 6357] - Concept ID:2 :: Step being Executed: 2::1
[INFO ][2015-10-29 12:23:07,567][com.java.TestType] [ 6390] - dataFields : BNK//select[@id='bank']
[DEBUG][2015-10-29 12:23:07,567][com.java.TestType] [ 6395] - <In Set values of the page>
[DEBUG][2015-10-29 12:23:07,567][com.java.TestType] [ 6399] - {Data Fields & Data Values Exist}
[INFO ][2015-10-29 12:23:07,567][com.java.TestType] [ 6403] - --------------------------setting values-----------------------------
[INFO ][2015-10-29 12:23:07,567][com.java.TestType] [ 6406] - Action Type : Select
[INFO ][2015-10-29 12:23:07,567][com.java.TestType] [ 2975] - value = PFC
[INFO ][2015-10-29 12:23:07,747][com.java.TestType] [ 6417] -  RESULT true
[INFO ][2015-10-29 12:23:07,747][com.java.TestType] [ 6522] - ?   P A S S   ?
[DEBUG][2015-10-29 12:23:07,747][com.java.TestType] [ 6357] - Concept ID:2 :: Step being Executed: 2::2
[INFO ][2015-10-29 12:23:07,747][com.java.TestType] [ 6390] - dataFields : LNKLogout
[DEBUG][2015-10-29 12:23:07,747][com.java.TestType] [ 6395] - <In Set values of the page>
[DEBUG][2015-10-29 12:23:07,747][com.java.TestType] [ 6399] - {Data Fields & Data Values Exist}
[INFO ][2015-10-29 12:23:07,747][com.java.TestType] [ 6403] - --------------------------setting values-----------------------------
[INFO ][2015-10-29 12:23:07,747][com.java.TestType] [ 6406] - Action Type : WaitForElement
[INFO ][2015-10-29 12:23:09,877][com.java.TestType] [ 6417] -  RESULT true
[INFO ][2015-10-29 12:23:09,877][com.java.TestType] [ 6522] - ?   P A S S   ?
[INFO ][2015-10-29 12:23:09,877][com.java.TestType] [ 6575] - Looping End......
[INFO ][2015-10-29 12:23:09,877][com.java.SeleniumDriver] [  861] -  RESULT true
[INFO ][2015-10-29 12:23:09,877][com.java.SeleniumDriver] [ 1066] - ?   P A S S   ?
[INFO ][2015-10-29 12:23:09,877][com.java.SeleniumDriver] [  788] - ------------------------------------------
[INFO ][2015-10-29 12:23:09,877][com.java.SeleniumDriver] [  789] - Test case being Executed: 1
[INFO ][2015-10-29 12:23:09,877][com.java.SeleniumDriver] [  800] - Test step:3
[INFO ][2015-10-29 12:23:09,877][com.java.SeleniumDriver] [  812] - Datavalue is----------Simmons First National Bank
[INFO ][2015-10-29 12:23:09,877][com.java.SeleniumDriver] [  836] - DataField : SLBbank
[INFO ][2015-10-29 12:23:09,877][com.java.SeleniumDriver] [  838] - DataValue : Simmons First National Bank
[INFO ][2015-10-29 12:23:09,877][com.java.SeleniumDriver] [  844] - <In Set values of the page>
[INFO ][2015-10-29 12:23:09,877][com.java.SeleniumDriver] [  847] - {Data Fields & Data Values Exist}
[INFO ][2015-10-29 12:23:09,877][com.java.SeleniumDriver] [  849] - --------------------------setting values-----------------------------
[INFO ][2015-10-29 12:23:09,877][com.java.SeleniumDriver] [  852] - Action Type : VERIFY
[INFO ][2015-10-29 12:23:09,877][com.java.TestType] [ 3884] - field= SLBbank value= Simmons First National Bank
[INFO ][2015-10-29 12:23:09,877][com.java.TestType] [ 2975] - value = Simmons First National Bank
[INFO ][2015-10-29 12:23:10,998][com.java.TestType] [ 4165] - A Size: 1 size: 1
[INFO ][2015-10-29 12:23:10,998][com.java.TestType] [ 4168] - ..options= [[[[InternetExplorerDriver: internet explorer on WINDOWS (faee7fed-ee89-43b6-9ce5-66fe7d10bc27)] -> id: bank]] -> tag name: option]
[ERROR][2015-10-29 12:23:10,998][com.java.TestType] [ 4173] - Assertion Error: expected:<[[[[InternetExplorerDriver: internet explorer on WINDOWS (faee7fed-ee89-43b6-9ce5-66fe7d10bc27)] -> id: bank]] -> tag name: option]> but was:<Simmons First National Bank>
[INFO ][2015-10-29 12:23:10,998][com.java.SeleniumDriver] [  861] -  RESULT false
[INFO ][2015-10-29 12:23:10,998][com.java.SeleniumDriver] [  908] - ?   F A I L   ?
[INFO ][2015-10-29 12:23:10,998][com.java.SeleniumDriver] [  916] - Browser Type : IE11
[INFO ][2015-10-29 12:23:10,998][com.java.SeleniumDriver] [  917] - Adding Failed case1
[INFO ][2015-10-29 12:23:11,649][com.java.SeleniumDriver] [ 1030] - failedCases = 1
[ERROR][2015-10-29 12:23:11,649][com.java.SeleniumDriver] [ 1516] - Platform Errors : Our apologies...::We have encountered an issue with your request.::Our apologies?:We encountered an issue with your request.
[INFO ][2015-10-29 12:23:11,649][com.java.SeleniumDriver] [ 1520] - Length =3
[ERROR][2015-10-29 12:23:11,649][com.java.SeleniumDriver] [ 1523] - Error 0 = Our apologies...
[ERROR][2015-10-29 12:23:11,689][com.java.SeleniumDriver] [ 1523] - Error 1 = We have encountered an issue with your request.
[ERROR][2015-10-29 12:23:11,719][com.java.SeleniumDriver] [ 1523] - Error 2 = Our apologies?:We encountered an issue with your request.
[DEBUG][2015-10-29 12:23:11,769][com.java.SeleniumDriver] [ 1168] - Case found
[DEBUG][2015-10-29 12:23:11,769][com.java.SeleniumDriver] [ 1173] - Incrementing ReportCounters[0]:1
[INFO ][2015-10-29 12:23:11,769][com.java.SeleniumDriver] [ 1192] - The results are-------------------[1, 3, Valid Login, Fail, 
Test case failed at Step No. :: 3   Error Message ::  expected:<[[[[InternetExplorerDriver: internet explorer on WINDOWS (faee7fed-ee89-43b6-9ce5-66fe7d10bc27)] -> id: bank]] -> tag name: option]> but was:<Simmons First National Bank>. Screen Shot : D:\BankersDashboard\TestReports\102915\1_102915_122310_IE11.png, Thu Oct 29 12:23:11 IST 2015]
[INFO ][2015-10-29 12:23:11,769][com.java.SeleniumDriver] [ 1196] - End time is-------50 sec
[INFO ][2015-10-29 12:23:11,769][com.java.SeleniumDriver] [ 1197] - The results are-------------------[1, 3, Valid Login, Fail, 
Test case failed at Step No. :: 3   Error Message ::  expected:<[[[[InternetExplorerDriver: internet explorer on WINDOWS (faee7fed-ee89-43b6-9ce5-66fe7d10bc27)] -> id: bank]] -> tag name: option]> but was:<Simmons First National Bank>. Screen Shot : D:\BankersDashboard\TestReports\102915\1_102915_122310_IE11.png, Thu Oct 29 12:23:11 IST 2015]
[DEBUG][2015-10-29 12:23:11,769][com.java.ImportnExport.ExportTestResultsExcel] [  222] - testResultPath = D:\BankersDashboard/TestReports/Test Results_BankersDashBoard_102915_122223_IE11_Simmons First National Bank.xls
[DEBUG][2015-10-29 12:23:11,769][com.java.ImportnExport.ExportTestResultsExcel] [  223] - browser is------------IE11
[DEBUG][2015-10-29 12:23:11,809][com.java.ImportnExport.ExportTestResultsExcel] [  270] - result.size() = 6
[DEBUG][2015-10-29 12:23:11,809][com.java.ImportnExport.ExportTestResultsExcel] [  274] - No of rows in sheet=1
[DEBUG][2015-10-29 12:23:11,809][com.java.ImportnExport.ExportTestResultsExcel] [  301] - ..in export..1
[DEBUG][2015-10-29 12:23:11,809][com.java.ImportnExport.ExportTestResultsExcel] [  301] - ..in export..Valid Login
[DEBUG][2015-10-29 12:23:11,809][com.java.ImportnExport.ExportTestResultsExcel] [  301] - ..in export..Fail
[DEBUG][2015-10-29 12:23:11,809][com.java.ImportnExport.ExportTestResultsExcel] [  301] - ..in export..
Test case failed at Step No. :: 3   Error Message ::  expected:<[[[[InternetExplorerDriver: internet explorer on WINDOWS (faee7fed-ee89-43b6-9ce5-66fe7d10bc27)] -> id: bank]] -> tag name: option]> but was:<Simmons First National Bank>. Screen Shot : D:\BankersDashboard\TestReports\102915\1_102915_122310_IE11.png
[DEBUG][2015-10-29 12:23:11,809][com.java.ImportnExport.ExportTestResultsExcel] [  301] - ..in export..Thu Oct 29 12:23:11 IST 2015
[INFO ][2015-10-29 12:23:11,809][com.java.SeleniumDriver] [ 1255] - out loop:0 size:1 TestCases:[1] testcases:[1]
[INFO ][2015-10-29 12:23:13,809][com.java.SeleniumDriver] [ 1297] - Total Number of Cases:1
[INFO ][2015-10-29 12:23:13,809][com.java.TemplateGenerator] [  302] - Executed:1
[INFO ][2015-10-29 12:23:13,809][com.java.TemplateGenerator] [  303] - Passed:0
[INFO ][2015-10-29 12:23:13,809][com.java.TemplateGenerator] [  304] - Failed:1
[INFO ][2015-10-29 12:23:13,809][com.java.TemplateGenerator] [  305] - Skipeed:0
[INFO ][2015-10-29 12:23:13,809][com.java.TemplateGenerator] [  306] - Application URL:https://clients-xuat.bankersdashboard.com
[INFO ][2015-10-29 12:23:13,809][com.java.TemplateGenerator] [  307] - Start Time:102915_122223
[INFO ][2015-10-29 12:23:13,809][com.java.TemplateGenerator] [  308] -  Creating HTML Report 
[ERROR][2015-10-29 12:23:13,809][com.java.TemplateGenerator] [  409] - Unparseable date: "Thu Oct 29 12:22:23 IST 2015"
[INFO ][2015-10-29 12:23:13,809][com.java.TemplateGenerator] [  654] -  Exporting case :: 1
[INFO ][2015-10-29 12:23:13,809][com.java.SeleniumDriver] [ 1346] - End Time:102915_122313
[INFO ][2015-10-29 12:23:13,809][com.java.SeleniumDriver] [ 1349] - Data in Test Execution Details:{1=FAILTest case failed at Step No. :: 3   Error Message ::  expected:<[[[[InternetExplorerDriver: internet explorer on WINDOWS (faee7fed-ee89-43b6-9ce5-66fe7d10bc27)] -> id: bank]] -> tag name: option]> but was:<Simmons First National Bank>}
[INFO ][2015-10-29 12:23:13,809][com.java.SeleniumDriver] [ 1350] - Data in Failed Execution Deatils:{}
[INFO ][2015-10-29 12:23:13,809][com.java.SeleniumDriver] [ 1352] - ReportCounter:Total:1 :: PASS: 0 ::FAIL: 1
[INFO ][2015-10-29 12:23:13,809][com.java.SeleniumDriver] [ 1353] - FailedReportCounter:Total:0 :: PASS: 0 ::FAIL: 0
[INFO ][2015-10-29 12:23:13,810][com.java.EmailTestReport] [   63] - Sending report mail details:
[INFO ][2015-10-29 12:23:13,810][com.java.EmailTestReport] [   80] - Excel Report Path:D:\BankersDashboard/TestReports/Test Results_BankersDashBoard_102915_122223_IE11_Simmons First National Bank.xls
[INFO ][2015-10-29 12:23:13,810][com.java.EmailTestReport] [   81] - HTML Report Path:D:\BankersDashboard//TestReports//Test Results_BankersDashBoard_102915_122223_IE11_Simmons First National Bank.html
[INFO ][2015-10-29 12:23:13,810][com.java.EmailTestReport] [   82] - smtpHostName:mail01.valuelabs.com
[INFO ][2015-10-29 12:23:13,810][com.java.EmailTestReport] [   83] - Recipient:venkateswararao.gubbala@valuelabs.com
[INFO ][2015-10-29 12:23:13,810][com.java.EmailTestReport] [   84] - From:venkateswararao.gubbala@valuelabs.com
[INFO ][2015-10-29 12:23:13,810][com.java.EmailTestReport] [   85] - Subject:DestinationRewards Automation Test Report - Simmons First National Bank - IE11
[INFO ][2015-10-29 12:23:13,830][com.java.EmailTestReport] [  143] -  Added venkateswararao.gubbala@valuelabs.com
[INFO ][2015-10-29 12:23:16,950][com.java.SeleniumDriver] [  719] - quitting the browser 
[INFO ][2015-10-29 12:23:18,181][com.java.SeleniumDriver] [  263] - Execution Completed Stopping the thread
