[INFO ][2015-11-16 16:12:01,735][com.java.SeleniumDriver] [  213] - Execute Failed Casesfalse
[INFO ][2015-11-16 16:12:01,739][com.java.SeleniumDriver] [  214] - Browser: IE11
[INFO ][2015-11-16 16:12:01,740][com.java.SeleniumDriver] [  215] - [1, 9]
[INFO ][2015-11-16 16:12:01,740][com.java.SeleniumDriver] [  216] - Total TestCases:2
[INFO ][2015-11-16 16:12:01,740][com.java.SeleniumDriver] [  217] -  Reading Properties from Property File 
[DEBUG][2015-11-16 16:12:01,740][com.java.SeleniumDriver] [  238] - url : https://clients-xuat.bankersdashboard.com
[INFO ][2015-11-16 16:12:01,741][com.java.ImportnExport.ExportTestResultsExcel] [  116] - Time Stamp Mon Nov 16 04:12:01 IST 2015
[INFO ][2015-11-16 16:12:01,742][com.java.ImportnExport.ExportTestResultsExcel] [  175] - OUT FILE : D:\BankersDashboard/TestReports/Test Results_BankersDashBoard_111615_161201_IE11_Any Bank USA.xls
[INFO ][2015-11-16 16:12:01,770][com.java.ImportnExport.ExportTestResultsExcel] [  180] - Test Result file is created
[DEBUG][2015-11-16 16:12:01,874][com.java.SeleniumDriver] [  425] - Hub ip address is-------172.17.68.34
[INFO ][2015-11-16 16:12:01,875][com.java.SeleniumDriver] [  451] - Grid URL:http://172.17.68.34:4444/wd/hub
[INFO ][2015-11-16 16:12:01,875][com.java.SeleniumDriver] [  452] - Capability:Capabilities [{platform=ANY, ensureCleanSession=true, ignoreProtectedModeSettings=true, acceptSslCerts=true, ignoreZoomSetting=true, browserName=internet explorer, browserstack.ie.noFlash=true, version=Node1}]
[ERROR][2015-11-16 16:12:03,175][com.java.SeleniumDriver] [  496] - Unable invoke browser in grid:Could not start a new session. Possible causes are invalid address of the remote server or browser start-up failure.
Build info: version: '2.48.2', revision: '41bccdd', time: '2015-10-09 19:59:12'
System info: host: 'FVTIII438F1D', ip: '172.17.68.34', os.name: 'Windows 7', os.arch: 'x86', os.version: '6.1', java.version: '1.7.0_55'
Driver info: driver.version: SeleniumDriver
[INFO ][2015-11-16 16:12:03,175][com.java.SeleniumDriver] [  498] - Executing on local machine
[INFO ][2015-11-16 16:12:12,599][com.java.SeleniumDriver] [  248] - IE11is opened
[INFO ][2015-11-16 16:12:13,228][com.java.SeleniumDriver] [  753] - Test cases to be executed are: [1, 9]
[INFO ][2015-11-16 16:12:13,245][com.java.ImportnExport.ImportTestDataDetailsExcel] [   49] - test data details path===== D:\BankersDashboard\TestInputs\TestData.xls
[INFO ][2015-11-16 16:12:13,290][com.java.SeleniumDriver] [  796] - ------------------------------------------
[INFO ][2015-11-16 16:12:13,290][com.java.SeleniumDriver] [  797] - Test case being Executed: 1
[INFO ][2015-11-16 16:12:13,290][com.java.SeleniumDriver] [  808] - Test step:1
[INFO ][2015-11-16 16:12:13,290][com.java.SeleniumDriver] [  820] - Datavalue is----------Concept#1:1-14
[INFO ][2015-11-16 16:12:13,290][com.java.SeleniumDriver] [  844] - DataField : test
[INFO ][2015-11-16 16:12:13,290][com.java.SeleniumDriver] [  846] - DataValue : Concept#1:1-14
[INFO ][2015-11-16 16:12:13,291][com.java.SeleniumDriver] [  852] - <In Set values of the page>
[INFO ][2015-11-16 16:12:13,291][com.java.SeleniumDriver] [  855] - {Data Fields & Data Values Exist}
[INFO ][2015-11-16 16:12:13,291][com.java.SeleniumDriver] [  857] - --------------------------setting values-----------------------------
[INFO ][2015-11-16 16:12:13,291][com.java.SeleniumDriver] [  860] - Action Type : ExecuteTestCase
[INFO ][2015-11-16 16:12:13,308][com.java.TestType] [  423] - The Concept sheet name is ---------- Concept
[INFO ][2015-11-16 16:12:13,308][com.java.TestType] [  426] - The Concept ID  is ---------- 1
[DEBUG][2015-11-16 16:12:13,308][com.java.TestType] [  430] - Steps being executted in the Concept are: 1:14
[INFO ][2015-11-16 16:12:13,308][com.java.TestType] [  437] - Test data details path ---------- D:\BankersDashboard\TestInputs\TestData.xls
[INFO ][2015-11-16 16:12:13,343][com.java.TestType] [  468] -  str(1) = 1
[INFO ][2015-11-16 16:12:13,343][com.java.TestType] [  471] - Test case Id is---1
[INFO ][2015-11-16 16:12:13,344][com.java.TestType] [  473] - 1
[INFO ][2015-11-16 16:12:13,344][com.java.TestType] [  468] -  str(2) = 1
[INFO ][2015-11-16 16:12:13,346][com.java.TestType] [  520] - row values are--------{1=com.java.Objects.TestDataDetails@1d66cd}
[INFO ][2015-11-16 16:12:13,346][com.java.TestType] [  468] -  str(1) = 1
[INFO ][2015-11-16 16:12:13,346][com.java.TestType] [  471] - Test case Id is---1
[INFO ][2015-11-16 16:12:13,346][com.java.TestType] [  473] - 1
[INFO ][2015-11-16 16:12:13,347][com.java.TestType] [  468] -  str(2) = 2
[INFO ][2015-11-16 16:12:13,348][com.java.TestType] [  520] - row values are--------{1=com.java.Objects.TestDataDetails@1d66cd, 2=com.java.Objects.TestDataDetails@1dd51a7}
[INFO ][2015-11-16 16:12:13,348][com.java.TestType] [  468] -  str(1) = 1
[INFO ][2015-11-16 16:12:13,348][com.java.TestType] [  471] - Test case Id is---1
[INFO ][2015-11-16 16:12:13,348][com.java.TestType] [  473] - 1
[INFO ][2015-11-16 16:12:13,348][com.java.TestType] [  468] -  str(2) = 3
[INFO ][2015-11-16 16:12:13,351][com.java.TestType] [  520] - row values are--------{1=com.java.Objects.TestDataDetails@1d66cd, 2=com.java.Objects.TestDataDetails@1dd51a7, 3=com.java.Objects.TestDataDetails@f180d9}
[INFO ][2015-11-16 16:12:13,351][com.java.TestType] [  468] -  str(1) = 1
[INFO ][2015-11-16 16:12:13,352][com.java.TestType] [  471] - Test case Id is---1
[INFO ][2015-11-16 16:12:13,352][com.java.TestType] [  473] - 1
[INFO ][2015-11-16 16:12:13,352][com.java.TestType] [  468] -  str(2) = 4
[INFO ][2015-11-16 16:12:13,353][com.java.TestType] [  520] - row values are--------{1=com.java.Objects.TestDataDetails@1d66cd, 2=com.java.Objects.TestDataDetails@1dd51a7, 3=com.java.Objects.TestDataDetails@f180d9, 4=com.java.Objects.TestDataDetails@1f6c1c1}
[INFO ][2015-11-16 16:12:13,353][com.java.TestType] [  468] -  str(1) = 1
[INFO ][2015-11-16 16:12:13,353][com.java.TestType] [  471] - Test case Id is---1
[INFO ][2015-11-16 16:12:13,354][com.java.TestType] [  473] - 1
[INFO ][2015-11-16 16:12:13,354][com.java.TestType] [  468] -  str(2) = 5
[INFO ][2015-11-16 16:12:13,355][com.java.TestType] [  520] - row values are--------{1=com.java.Objects.TestDataDetails@1d66cd, 2=com.java.Objects.TestDataDetails@1dd51a7, 3=com.java.Objects.TestDataDetails@f180d9, 4=com.java.Objects.TestDataDetails@1f6c1c1, 5=com.java.Objects.TestDataDetails@76a85e}
[INFO ][2015-11-16 16:12:13,355][com.java.TestType] [  468] -  str(1) = 1
[INFO ][2015-11-16 16:12:13,355][com.java.TestType] [  471] - Test case Id is---1
[INFO ][2015-11-16 16:12:13,355][com.java.TestType] [  473] - 1
[INFO ][2015-11-16 16:12:13,355][com.java.TestType] [  468] -  str(2) = 6
[INFO ][2015-11-16 16:12:13,356][com.java.TestType] [  520] - row values are--------{1=com.java.Objects.TestDataDetails@1d66cd, 2=com.java.Objects.TestDataDetails@1dd51a7, 3=com.java.Objects.TestDataDetails@f180d9, 4=com.java.Objects.TestDataDetails@1f6c1c1, 5=com.java.Objects.TestDataDetails@76a85e, 6=com.java.Objects.TestDataDetails@3ebd4}
[INFO ][2015-11-16 16:12:13,356][com.java.TestType] [  468] -  str(1) = 1
[INFO ][2015-11-16 16:12:13,356][com.java.TestType] [  471] - Test case Id is---1
[INFO ][2015-11-16 16:12:13,356][com.java.TestType] [  473] - 1
[INFO ][2015-11-16 16:12:13,357][com.java.TestType] [  468] -  str(2) = 7
[INFO ][2015-11-16 16:12:13,357][com.java.TestType] [  520] - row values are--------{1=com.java.Objects.TestDataDetails@1d66cd, 2=com.java.Objects.TestDataDetails@1dd51a7, 3=com.java.Objects.TestDataDetails@f180d9, 4=com.java.Objects.TestDataDetails@1f6c1c1, 5=com.java.Objects.TestDataDetails@76a85e, 6=com.java.Objects.TestDataDetails@3ebd4, 7=com.java.Objects.TestDataDetails@17c45ee}
[INFO ][2015-11-16 16:12:13,358][com.java.TestType] [  468] -  str(1) = 1
[INFO ][2015-11-16 16:12:13,358][com.java.TestType] [  471] - Test case Id is---1
[INFO ][2015-11-16 16:12:13,358][com.java.TestType] [  473] - 1
[INFO ][2015-11-16 16:12:13,358][com.java.TestType] [  468] -  str(2) = 8
[INFO ][2015-11-16 16:12:13,359][com.java.TestType] [  520] - row values are--------{1=com.java.Objects.TestDataDetails@1d66cd, 2=com.java.Objects.TestDataDetails@1dd51a7, 3=com.java.Objects.TestDataDetails@f180d9, 4=com.java.Objects.TestDataDetails@1f6c1c1, 5=com.java.Objects.TestDataDetails@76a85e, 6=com.java.Objects.TestDataDetails@3ebd4, 7=com.java.Objects.TestDataDetails@17c45ee, 8=com.java.Objects.TestDataDetails@180ac73}
[INFO ][2015-11-16 16:12:13,359][com.java.TestType] [  468] -  str(1) = 1
[INFO ][2015-11-16 16:12:13,359][com.java.TestType] [  471] - Test case Id is---1
[INFO ][2015-11-16 16:12:13,359][com.java.TestType] [  473] - 1
[INFO ][2015-11-16 16:12:13,361][com.java.TestType] [  468] -  str(2) = 9
[INFO ][2015-11-16 16:12:13,361][com.java.TestType] [  520] - row values are--------{1=com.java.Objects.TestDataDetails@1d66cd, 2=com.java.Objects.TestDataDetails@1dd51a7, 3=com.java.Objects.TestDataDetails@f180d9, 4=com.java.Objects.TestDataDetails@1f6c1c1, 5=com.java.Objects.TestDataDetails@76a85e, 6=com.java.Objects.TestDataDetails@3ebd4, 7=com.java.Objects.TestDataDetails@17c45ee, 8=com.java.Objects.TestDataDetails@180ac73, 9=com.java.Objects.TestDataDetails@4ddd18}
[INFO ][2015-11-16 16:12:13,361][com.java.TestType] [  468] -  str(1) = 1
[INFO ][2015-11-16 16:12:13,361][com.java.TestType] [  471] - Test case Id is---1
[INFO ][2015-11-16 16:12:13,362][com.java.TestType] [  473] - 1
[INFO ][2015-11-16 16:12:13,362][com.java.TestType] [  468] -  str(2) = 10
[INFO ][2015-11-16 16:12:13,362][com.java.TestType] [  520] - row values are--------{1=com.java.Objects.TestDataDetails@1d66cd, 2=com.java.Objects.TestDataDetails@1dd51a7, 3=com.java.Objects.TestDataDetails@f180d9, 4=com.java.Objects.TestDataDetails@1f6c1c1, 5=com.java.Objects.TestDataDetails@76a85e, 6=com.java.Objects.TestDataDetails@3ebd4, 7=com.java.Objects.TestDataDetails@17c45ee, 8=com.java.Objects.TestDataDetails@180ac73, 9=com.java.Objects.TestDataDetails@4ddd18, 10=com.java.Objects.TestDataDetails@1ff3700}
[INFO ][2015-11-16 16:12:13,363][com.java.TestType] [  468] -  str(1) = 1
[INFO ][2015-11-16 16:12:13,363][com.java.TestType] [  471] - Test case Id is---1
[INFO ][2015-11-16 16:12:13,363][com.java.TestType] [  473] - 1
[INFO ][2015-11-16 16:12:13,363][com.java.TestType] [  468] -  str(2) = 11
[INFO ][2015-11-16 16:12:13,364][com.java.TestType] [  520] - row values are--------{1=com.java.Objects.TestDataDetails@1d66cd, 2=com.java.Objects.TestDataDetails@1dd51a7, 3=com.java.Objects.TestDataDetails@f180d9, 4=com.java.Objects.TestDataDetails@1f6c1c1, 5=com.java.Objects.TestDataDetails@76a85e, 6=com.java.Objects.TestDataDetails@3ebd4, 7=com.java.Objects.TestDataDetails@17c45ee, 8=com.java.Objects.TestDataDetails@180ac73, 9=com.java.Objects.TestDataDetails@4ddd18, 10=com.java.Objects.TestDataDetails@1ff3700, 11=com.java.Objects.TestDataDetails@8ad4f0}
[INFO ][2015-11-16 16:12:13,364][com.java.TestType] [  468] -  str(1) = 1
[INFO ][2015-11-16 16:12:13,364][com.java.TestType] [  471] - Test case Id is---1
[INFO ][2015-11-16 16:12:13,364][com.java.TestType] [  473] - 1
[INFO ][2015-11-16 16:12:13,365][com.java.TestType] [  468] -  str(2) = 12
[INFO ][2015-11-16 16:12:13,365][com.java.TestType] [  520] - row values are--------{1=com.java.Objects.TestDataDetails@1d66cd, 2=com.java.Objects.TestDataDetails@1dd51a7, 3=com.java.Objects.TestDataDetails@f180d9, 4=com.java.Objects.TestDataDetails@1f6c1c1, 5=com.java.Objects.TestDataDetails@76a85e, 6=com.java.Objects.TestDataDetails@3ebd4, 7=com.java.Objects.TestDataDetails@17c45ee, 8=com.java.Objects.TestDataDetails@180ac73, 9=com.java.Objects.TestDataDetails@4ddd18, 10=com.java.Objects.TestDataDetails@1ff3700, 11=com.java.Objects.TestDataDetails@8ad4f0, 12=com.java.Objects.TestDataDetails@5dbc82}
[INFO ][2015-11-16 16:12:13,365][com.java.TestType] [  468] -  str(1) = 1
[INFO ][2015-11-16 16:12:13,366][com.java.TestType] [  471] - Test case Id is---1
[INFO ][2015-11-16 16:12:13,366][com.java.TestType] [  473] - 1
[INFO ][2015-11-16 16:12:13,366][com.java.TestType] [  468] -  str(2) = 13
[INFO ][2015-11-16 16:12:13,366][com.java.TestType] [  520] - row values are--------{1=com.java.Objects.TestDataDetails@1d66cd, 2=com.java.Objects.TestDataDetails@1dd51a7, 3=com.java.Objects.TestDataDetails@f180d9, 4=com.java.Objects.TestDataDetails@1f6c1c1, 5=com.java.Objects.TestDataDetails@76a85e, 6=com.java.Objects.TestDataDetails@3ebd4, 7=com.java.Objects.TestDataDetails@17c45ee, 8=com.java.Objects.TestDataDetails@180ac73, 9=com.java.Objects.TestDataDetails@4ddd18, 10=com.java.Objects.TestDataDetails@1ff3700, 11=com.java.Objects.TestDataDetails@8ad4f0, 12=com.java.Objects.TestDataDetails@5dbc82, 13=com.java.Objects.TestDataDetails@13488c4}
[INFO ][2015-11-16 16:12:13,366][com.java.TestType] [  468] -  str(1) = 1
[INFO ][2015-11-16 16:12:13,367][com.java.TestType] [  471] - Test case Id is---1
[INFO ][2015-11-16 16:12:13,367][com.java.TestType] [  473] - 1
[INFO ][2015-11-16 16:12:13,367][com.java.TestType] [  468] -  str(2) = 14
[INFO ][2015-11-16 16:12:13,367][com.java.TestType] [  520] - row values are--------{1=com.java.Objects.TestDataDetails@1d66cd, 2=com.java.Objects.TestDataDetails@1dd51a7, 3=com.java.Objects.TestDataDetails@f180d9, 4=com.java.Objects.TestDataDetails@1f6c1c1, 5=com.java.Objects.TestDataDetails@76a85e, 6=com.java.Objects.TestDataDetails@3ebd4, 7=com.java.Objects.TestDataDetails@17c45ee, 8=com.java.Objects.TestDataDetails@180ac73, 9=com.java.Objects.TestDataDetails@4ddd18, 10=com.java.Objects.TestDataDetails@1ff3700, 11=com.java.Objects.TestDataDetails@8ad4f0, 12=com.java.Objects.TestDataDetails@5dbc82, 13=com.java.Objects.TestDataDetails@13488c4, 14=com.java.Objects.TestDataDetails@33a141}
[INFO ][2015-11-16 16:12:13,367][com.java.TestType] [ 8751] - Looping 1TCID = 1
[DEBUG][2015-11-16 16:12:13,368][com.java.TestType] [ 8792] - Concept ID:1 :: Step being Executed: 1::1
[INFO ][2015-11-16 16:12:13,368][com.java.TestType] [ 8830] - dataFields : TXTusername
[DEBUG][2015-11-16 16:12:13,368][com.java.TestType] [ 8836] - <In Set values of the page>
[DEBUG][2015-11-16 16:12:13,368][com.java.TestType] [ 8841] - {Data Fields & Data Values Exist}
[INFO ][2015-11-16 16:12:13,368][com.java.TestType] [ 8847] - --------------------------setting values-----------------------------
[INFO ][2015-11-16 16:12:13,368][com.java.TestType] [ 8850] - Action Type : CLEARANDENTER
[INFO ][2015-11-16 16:12:13,368][com.java.TestType] [ 4449] - value = naresh.nayini.00000
[INFO ][2015-11-16 16:12:18,279][com.java.TestType] [ 8869] -  RESULT true
[INFO ][2015-11-16 16:12:18,279][com.java.TestType] [ 8986] - ?   P A S S   ?
[DEBUG][2015-11-16 16:12:18,280][com.java.TestType] [ 8792] - Concept ID:1 :: Step being Executed: 1::2
[INFO ][2015-11-16 16:12:18,280][com.java.TestType] [ 8830] - dataFields : TXTpassword
[DEBUG][2015-11-16 16:12:18,280][com.java.TestType] [ 8836] - <In Set values of the page>
[DEBUG][2015-11-16 16:12:18,280][com.java.TestType] [ 8841] - {Data Fields & Data Values Exist}
[INFO ][2015-11-16 16:12:18,280][com.java.TestType] [ 8847] - --------------------------setting values-----------------------------
[INFO ][2015-11-16 16:12:18,280][com.java.TestType] [ 8850] - Action Type : CLEARANDENTER
[INFO ][2015-11-16 16:12:18,280][com.java.TestType] [ 4449] - value = Password1*
[INFO ][2015-11-16 16:12:23,254][com.java.TestType] [ 8869] -  RESULT true
[INFO ][2015-11-16 16:12:23,254][com.java.TestType] [ 8986] - ?   P A S S   ?
[DEBUG][2015-11-16 16:12:23,254][com.java.TestType] [ 8792] - Concept ID:1 :: Step being Executed: 1::3
[ERROR][2015-11-16 16:12:23,254][com.java.TestType] [ 8825] - Exception: null
[INFO ][2015-11-16 16:12:23,254][com.java.TestType] [ 8830] - dataFields : XPH//button[@type='submit']
[DEBUG][2015-11-16 16:12:23,254][com.java.TestType] [ 8836] - <In Set values of the page>
[DEBUG][2015-11-16 16:12:23,254][com.java.TestType] [ 8841] - {Data Fields & Data Values Exist}
[INFO ][2015-11-16 16:12:23,254][com.java.TestType] [ 8847] - --------------------------setting values-----------------------------
[INFO ][2015-11-16 16:12:23,254][com.java.TestType] [ 8850] - Action Type : Click
[INFO ][2015-11-16 16:12:23,255][com.java.TestType] [ 4762] - Field ::XPH//button[@type='submit']
[INFO ][2015-11-16 16:12:24,255][com.java.TestType] [ 4821] - BEFORE CLICK
[INFO ][2015-11-16 16:12:25,140][com.java.TestType] [ 4829] - Unable to click the object Login
[INFO ][2015-11-16 16:12:25,140][com.java.TestType] [ 8869] -  RESULT true
[INFO ][2015-11-16 16:12:25,140][com.java.TestType] [ 8986] - ?   P A S S   ?
[DEBUG][2015-11-16 16:12:25,140][com.java.TestType] [ 8792] - Concept ID:1 :: Step being Executed: 1::4
[INFO ][2015-11-16 16:12:25,140][com.java.TestType] [ 8830] - dataFields : LNKLogout
[DEBUG][2015-11-16 16:12:25,140][com.java.TestType] [ 8836] - <In Set values of the page>
[DEBUG][2015-11-16 16:12:25,140][com.java.TestType] [ 8841] - {Data Fields & Data Values Exist}
[INFO ][2015-11-16 16:12:25,140][com.java.TestType] [ 8847] - --------------------------setting values-----------------------------
[INFO ][2015-11-16 16:12:25,140][com.java.TestType] [ 8850] - Action Type : WaitForElement
[INFO ][2015-11-16 16:12:35,972][com.java.TestType] [ 8869] -  RESULT true
[INFO ][2015-11-16 16:12:35,972][com.java.TestType] [ 8986] - ?   P A S S   ?
[DEBUG][2015-11-16 16:12:35,972][com.java.TestType] [ 8792] - Concept ID:1 :: Step being Executed: 1::13
[INFO ][2015-11-16 16:12:35,972][com.java.TestType] [ 8830] - dataFields : LNK
[DEBUG][2015-11-16 16:12:35,972][com.java.TestType] [ 8836] - <In Set values of the page>
[DEBUG][2015-11-16 16:12:35,972][com.java.TestType] [ 8841] - {Data Fields & Data Values Exist}
[INFO ][2015-11-16 16:12:35,972][com.java.TestType] [ 8847] - --------------------------setting values-----------------------------
[INFO ][2015-11-16 16:12:35,973][com.java.TestType] [ 8850] - Action Type : Verify
[INFO ][2015-11-16 16:12:35,973][com.java.TestType] [ 5556] - field= LNK value= Logout
[INFO ][2015-11-16 16:12:35,975][com.java.TestType] [ 4449] - value = Logout
[INFO ][2015-11-16 16:12:36,011][com.java.TestType] [ 8869] -  RESULT true
[INFO ][2015-11-16 16:12:36,011][com.java.TestType] [ 8986] - ?   P A S S   ?
[DEBUG][2015-11-16 16:12:36,012][com.java.TestType] [ 8792] - Concept ID:1 :: Step being Executed: 1::14
[INFO ][2015-11-16 16:12:36,012][com.java.TestType] [ 8830] - dataFields : BTN
[DEBUG][2015-11-16 16:12:36,012][com.java.TestType] [ 8836] - <In Set values of the page>
[DEBUG][2015-11-16 16:12:36,012][com.java.TestType] [ 8841] - {Data Fields & Data Values Exist}
[INFO ][2015-11-16 16:12:36,012][com.java.TestType] [ 8847] - --------------------------setting values-----------------------------
[INFO ][2015-11-16 16:12:36,012][com.java.TestType] [ 8850] - Action Type : Verify
[INFO ][2015-11-16 16:12:36,012][com.java.TestType] [ 5556] - field= BTN value= //img[contains(@src,'bdlogo.jpg')]
[INFO ][2015-11-16 16:12:36,012][com.java.TestType] [ 4449] - value = //img[contains(@src,'bdlogo.jpg')]
[INFO ][2015-11-16 16:12:36,047][com.java.TestType] [ 8869] -  RESULT true
[INFO ][2015-11-16 16:12:36,047][com.java.TestType] [ 8986] - ?   P A S S   ?
[INFO ][2015-11-16 16:12:36,047][com.java.TestType] [ 9057] - Looping End......
[INFO ][2015-11-16 16:12:36,052][com.java.SeleniumDriver] [  869] -  RESULT true
[INFO ][2015-11-16 16:12:36,053][com.java.SeleniumDriver] [ 1074] - ?   P A S S   ?
[INFO ][2015-11-16 16:12:36,053][com.java.SeleniumDriver] [  796] - ------------------------------------------
[INFO ][2015-11-16 16:12:36,053][com.java.SeleniumDriver] [  797] - Test case being Executed: 1
[INFO ][2015-11-16 16:12:36,053][com.java.SeleniumDriver] [  808] - Test step:2
[INFO ][2015-11-16 16:12:36,053][com.java.SeleniumDriver] [  820] - Datavalue is----------Concept#2:1-2
[INFO ][2015-11-16 16:12:36,053][com.java.SeleniumDriver] [  844] - DataField : test
[INFO ][2015-11-16 16:12:36,053][com.java.SeleniumDriver] [  846] - DataValue : Concept#2:1-2
[INFO ][2015-11-16 16:12:36,053][com.java.SeleniumDriver] [  852] - <In Set values of the page>
[INFO ][2015-11-16 16:12:36,053][com.java.SeleniumDriver] [  855] - {Data Fields & Data Values Exist}
[INFO ][2015-11-16 16:12:36,053][com.java.SeleniumDriver] [  857] - --------------------------setting values-----------------------------
[INFO ][2015-11-16 16:12:36,053][com.java.SeleniumDriver] [  860] - Action Type : ExecuteTestCase
[INFO ][2015-11-16 16:12:36,054][com.java.TestType] [  423] - The Concept sheet name is ---------- Concept
[INFO ][2015-11-16 16:12:36,054][com.java.TestType] [  426] - The Concept ID  is ---------- 2
[DEBUG][2015-11-16 16:12:36,054][com.java.TestType] [  430] - Steps being executted in the Concept are: 1:2
[INFO ][2015-11-16 16:12:36,054][com.java.TestType] [  437] - Test data details path ---------- D:\BankersDashboard\TestInputs\TestData.xls
[INFO ][2015-11-16 16:12:36,083][com.java.TestType] [  468] -  str(1) = 2
[INFO ][2015-11-16 16:12:36,083][com.java.TestType] [  471] - Test case Id is---2
[INFO ][2015-11-16 16:12:36,083][com.java.TestType] [  473] - 2
[INFO ][2015-11-16 16:12:36,083][com.java.TestType] [  468] -  str(2) = 1
[INFO ][2015-11-16 16:12:36,085][com.java.TestType] [  520] - row values are--------{1=com.java.Objects.TestDataDetails@4ad33f}
[INFO ][2015-11-16 16:12:36,086][com.java.TestType] [  468] -  str(1) = 2
[INFO ][2015-11-16 16:12:36,086][com.java.TestType] [  471] - Test case Id is---2
[INFO ][2015-11-16 16:12:36,086][com.java.TestType] [  473] - 2
[INFO ][2015-11-16 16:12:36,086][com.java.TestType] [  468] -  str(2) = 2
[INFO ][2015-11-16 16:12:36,087][com.java.TestType] [  520] - row values are--------{1=com.java.Objects.TestDataDetails@4ad33f, 2=com.java.Objects.TestDataDetails@f1804}
[INFO ][2015-11-16 16:12:36,087][com.java.TestType] [  468] -  str(1) = 2
[INFO ][2015-11-16 16:12:36,087][com.java.TestType] [  471] - Test case Id is---2
[INFO ][2015-11-16 16:12:36,087][com.java.TestType] [  473] - 2
[INFO ][2015-11-16 16:12:36,087][com.java.TestType] [  468] -  str(2) = 3
[INFO ][2015-11-16 16:12:36,088][com.java.TestType] [  520] - row values are--------{1=com.java.Objects.TestDataDetails@4ad33f, 2=com.java.Objects.TestDataDetails@f1804, 3=com.java.Objects.TestDataDetails@7e666f}
[INFO ][2015-11-16 16:12:36,088][com.java.TestType] [ 8751] - Looping 1TCID = 2
[DEBUG][2015-11-16 16:12:36,088][com.java.TestType] [ 8792] - Concept ID:2 :: Step being Executed: 2::1
[INFO ][2015-11-16 16:12:36,088][com.java.TestType] [ 8830] - dataFields : BNK//select[@id='bank']
[DEBUG][2015-11-16 16:12:36,088][com.java.TestType] [ 8836] - <In Set values of the page>
[DEBUG][2015-11-16 16:12:36,088][com.java.TestType] [ 8841] - {Data Fields & Data Values Exist}
[INFO ][2015-11-16 16:12:36,088][com.java.TestType] [ 8847] - --------------------------setting values-----------------------------
[INFO ][2015-11-16 16:12:36,088][com.java.TestType] [ 8850] - Action Type : Select
[INFO ][2015-11-16 16:12:36,088][com.java.TestType] [ 4449] - value = PFC
[INFO ][2015-11-16 16:12:36,291][com.java.TestType] [ 8869] -  RESULT true
[INFO ][2015-11-16 16:12:36,291][com.java.TestType] [ 8986] - ?   P A S S   ?
[DEBUG][2015-11-16 16:12:36,291][com.java.TestType] [ 8792] - Concept ID:2 :: Step being Executed: 2::2
[INFO ][2015-11-16 16:12:36,291][com.java.TestType] [ 8830] - dataFields : LNKLogout
[DEBUG][2015-11-16 16:12:36,291][com.java.TestType] [ 8836] - <In Set values of the page>
[DEBUG][2015-11-16 16:12:36,291][com.java.TestType] [ 8841] - {Data Fields & Data Values Exist}
[INFO ][2015-11-16 16:12:36,291][com.java.TestType] [ 8847] - --------------------------setting values-----------------------------
[INFO ][2015-11-16 16:12:36,291][com.java.TestType] [ 8850] - Action Type : WaitTime
[DEBUG][2015-11-16 16:12:36,292][com.java.TestType] [ 4284] - sleepTime: 5000
[INFO ][2015-11-16 16:12:41,293][com.java.TestType] [ 8869] -  RESULT true
[INFO ][2015-11-16 16:12:41,293][com.java.TestType] [ 8986] - ?   P A S S   ?
[INFO ][2015-11-16 16:12:41,293][com.java.TestType] [ 9057] - Looping End......
[INFO ][2015-11-16 16:12:41,297][com.java.SeleniumDriver] [  869] -  RESULT true
[INFO ][2015-11-16 16:12:41,297][com.java.SeleniumDriver] [ 1074] - ?   P A S S   ?
[INFO ][2015-11-16 16:12:41,297][com.java.SeleniumDriver] [  796] - ------------------------------------------
[INFO ][2015-11-16 16:12:41,297][com.java.SeleniumDriver] [  797] - Test case being Executed: 1
[INFO ][2015-11-16 16:12:41,297][com.java.SeleniumDriver] [  808] - Test step:3
[INFO ][2015-11-16 16:12:41,297][com.java.SeleniumDriver] [  820] - Datavalue is----------2
[INFO ][2015-11-16 16:12:41,297][com.java.SeleniumDriver] [  844] - DataField : XPH//button[contains(text(),'Add Content')]
[INFO ][2015-11-16 16:12:41,297][com.java.SeleniumDriver] [  846] - DataValue : 2
[INFO ][2015-11-16 16:12:41,297][com.java.SeleniumDriver] [  852] - <In Set values of the page>
[INFO ][2015-11-16 16:12:41,297][com.java.SeleniumDriver] [  855] - {Data Fields & Data Values Exist}
[INFO ][2015-11-16 16:12:41,297][com.java.SeleniumDriver] [  857] - --------------------------setting values-----------------------------
[INFO ][2015-11-16 16:12:41,297][com.java.SeleniumDriver] [  860] - Action Type : WAITFORELEMENT
[INFO ][2015-11-16 16:12:41,335][com.java.SeleniumDriver] [  869] -  RESULT true
[INFO ][2015-11-16 16:12:41,335][com.java.SeleniumDriver] [ 1074] - ?   P A S S   ?
[DEBUG][2015-11-16 16:12:41,335][com.java.SeleniumDriver] [ 1176] - Case found
[DEBUG][2015-11-16 16:12:41,335][com.java.SeleniumDriver] [ 1181] - Incrementing ReportCounters[0]:1
[INFO ][2015-11-16 16:12:41,335][com.java.SeleniumDriver] [ 1200] - The results are-------------------[1, 1, Valid Login, Pass, , Mon Nov 16 16:12:36 IST 2015, 1, 2, Valid Login, Pass, , Mon Nov 16 16:12:41 IST 2015, 1, 3, Valid Login, Pass, , Mon Nov 16 16:12:41 IST 2015]
[INFO ][2015-11-16 16:12:41,336][com.java.SeleniumDriver] [ 1204] - End time is-------41 sec
[INFO ][2015-11-16 16:12:41,336][com.java.SeleniumDriver] [ 1205] - The results are-------------------[1, 1, Valid Login, Pass, , Mon Nov 16 16:12:36 IST 2015, 1, 2, Valid Login, Pass, , Mon Nov 16 16:12:41 IST 2015, 1, 3, Valid Login, Pass, , Mon Nov 16 16:12:41 IST 2015]
[DEBUG][2015-11-16 16:12:41,336][com.java.ImportnExport.ExportTestResultsExcel] [  222] - testResultPath = D:\BankersDashboard/TestReports/Test Results_BankersDashBoard_111615_161201_IE11_Any Bank USA.xls
[DEBUG][2015-11-16 16:12:41,336][com.java.ImportnExport.ExportTestResultsExcel] [  223] - browser is------------IE11
[DEBUG][2015-11-16 16:12:41,379][com.java.ImportnExport.ExportTestResultsExcel] [  270] - result.size() = 18
[DEBUG][2015-11-16 16:12:41,379][com.java.ImportnExport.ExportTestResultsExcel] [  274] - No of rows in sheet=1
[DEBUG][2015-11-16 16:12:41,380][com.java.ImportnExport.ExportTestResultsExcel] [  301] - ..in export..1
[DEBUG][2015-11-16 16:12:41,380][com.java.ImportnExport.ExportTestResultsExcel] [  301] - ..in export..Valid Login
[DEBUG][2015-11-16 16:12:41,380][com.java.ImportnExport.ExportTestResultsExcel] [  301] - ..in export..Pass
[DEBUG][2015-11-16 16:12:41,380][com.java.ImportnExport.ExportTestResultsExcel] [  301] - ..in export..
[DEBUG][2015-11-16 16:12:41,380][com.java.ImportnExport.ExportTestResultsExcel] [  301] - ..in export..Mon Nov 16 16:12:36 IST 2015
[INFO ][2015-11-16 16:12:41,382][com.java.SeleniumDriver] [ 1263] - out loop:0 size:2 TestCases:[1, 9] testcases:[1, 9]
[INFO ][2015-11-16 16:12:41,382][com.java.ImportnExport.ImportTestDataDetailsExcel] [   49] - test data details path===== D:\BankersDashboard\TestInputs\TestData.xls
[INFO ][2015-11-16 16:13:04,136][com.java.SeleniumDriver] [  796] - ------------------------------------------
[INFO ][2015-11-16 16:13:04,136][com.java.SeleniumDriver] [  797] - Test case being Executed: 9
[INFO ][2015-11-16 16:13:04,136][com.java.SeleniumDriver] [  808] - Test step:1
[INFO ][2015-11-16 16:13:04,136][com.java.SeleniumDriver] [  820] - Datavalue is----------Logout
[INFO ][2015-11-16 16:13:04,136][com.java.SeleniumDriver] [  844] - DataField : BTN
[INFO ][2015-11-16 16:13:04,136][com.java.SeleniumDriver] [  846] - DataValue : Logout
[INFO ][2015-11-16 16:13:04,136][com.java.SeleniumDriver] [  852] - <In Set values of the page>
[INFO ][2015-11-16 16:13:04,136][com.java.SeleniumDriver] [  855] - {Data Fields & Data Values Exist}
[INFO ][2015-11-16 16:13:04,136][com.java.SeleniumDriver] [  857] - --------------------------setting values-----------------------------
[INFO ][2015-11-16 16:13:04,136][com.java.SeleniumDriver] [  860] - Action Type : Verify
[INFO ][2015-11-16 16:13:04,136][com.java.TestType] [ 5556] - field= BTN value= Logout
[INFO ][2015-11-16 16:13:04,137][com.java.TestType] [ 4449] - value = Logout
[INFO ][2015-11-16 16:13:04,172][com.java.SeleniumDriver] [  869] -  RESULT true
[INFO ][2015-11-16 16:13:04,172][com.java.SeleniumDriver] [ 1074] - ?   P A S S   ?
[INFO ][2015-11-16 16:13:04,172][com.java.SeleniumDriver] [ 1116] - step change to 3
[INFO ][2015-11-16 16:13:04,172][com.java.SeleniumDriver] [  796] - ------------------------------------------
[INFO ][2015-11-16 16:13:04,172][com.java.SeleniumDriver] [  797] - Test case being Executed: 9
[INFO ][2015-11-16 16:13:04,172][com.java.SeleniumDriver] [  808] - Test step:3
[INFO ][2015-11-16 16:13:04,172][com.java.SeleniumDriver] [  820] - Datavalue is----------Concept#2:1-2
[INFO ][2015-11-16 16:13:04,173][com.java.SeleniumDriver] [  844] - DataField : test
[INFO ][2015-11-16 16:13:04,173][com.java.SeleniumDriver] [  846] - DataValue : Concept#2:1-2
[INFO ][2015-11-16 16:13:04,173][com.java.SeleniumDriver] [  852] - <In Set values of the page>
[INFO ][2015-11-16 16:13:04,173][com.java.SeleniumDriver] [  855] - {Data Fields & Data Values Exist}
[INFO ][2015-11-16 16:13:04,173][com.java.SeleniumDriver] [  857] - --------------------------setting values-----------------------------
[INFO ][2015-11-16 16:13:04,173][com.java.SeleniumDriver] [  860] - Action Type : ExecuteTestCase
[INFO ][2015-11-16 16:13:04,173][com.java.TestType] [  423] - The Concept sheet name is ---------- Concept
[INFO ][2015-11-16 16:13:04,173][com.java.TestType] [  426] - The Concept ID  is ---------- 2
[DEBUG][2015-11-16 16:13:04,173][com.java.TestType] [  430] - Steps being executted in the Concept are: 1:2
[INFO ][2015-11-16 16:13:04,173][com.java.TestType] [  437] - Test data details path ---------- D:\BankersDashboard\TestInputs\TestData.xls
[INFO ][2015-11-16 16:13:04,203][com.java.TestType] [  468] -  str(1) = 2
[INFO ][2015-11-16 16:13:04,203][com.java.TestType] [  471] - Test case Id is---2
[INFO ][2015-11-16 16:13:04,204][com.java.TestType] [  473] - 2
[INFO ][2015-11-16 16:13:04,204][com.java.TestType] [  468] -  str(2) = 1
[INFO ][2015-11-16 16:13:04,205][com.java.TestType] [  520] - row values are--------{1=com.java.Objects.TestDataDetails@1922339}
[INFO ][2015-11-16 16:13:04,205][com.java.TestType] [  468] -  str(1) = 2
[INFO ][2015-11-16 16:13:04,205][com.java.TestType] [  471] - Test case Id is---2
[INFO ][2015-11-16 16:13:04,205][com.java.TestType] [  473] - 2
[INFO ][2015-11-16 16:13:04,205][com.java.TestType] [  468] -  str(2) = 2
[INFO ][2015-11-16 16:13:04,206][com.java.TestType] [  520] - row values are--------{1=com.java.Objects.TestDataDetails@1922339, 2=com.java.Objects.TestDataDetails@5e1b34}
[INFO ][2015-11-16 16:13:04,206][com.java.TestType] [  468] -  str(1) = 2
[INFO ][2015-11-16 16:13:04,206][com.java.TestType] [  471] - Test case Id is---2
[INFO ][2015-11-16 16:13:04,206][com.java.TestType] [  473] - 2
[INFO ][2015-11-16 16:13:04,206][com.java.TestType] [  468] -  str(2) = 3
[INFO ][2015-11-16 16:13:04,207][com.java.TestType] [  520] - row values are--------{1=com.java.Objects.TestDataDetails@1922339, 2=com.java.Objects.TestDataDetails@5e1b34, 3=com.java.Objects.TestDataDetails@60a330}
[INFO ][2015-11-16 16:13:04,207][com.java.TestType] [ 8751] - Looping 1TCID = 2
[DEBUG][2015-11-16 16:13:04,207][com.java.TestType] [ 8792] - Concept ID:2 :: Step being Executed: 2::1
[INFO ][2015-11-16 16:13:04,207][com.java.TestType] [ 8830] - dataFields : BNK//select[@id='bank']
[DEBUG][2015-11-16 16:13:04,207][com.java.TestType] [ 8836] - <In Set values of the page>
[DEBUG][2015-11-16 16:13:04,207][com.java.TestType] [ 8841] - {Data Fields & Data Values Exist}
[INFO ][2015-11-16 16:13:04,207][com.java.TestType] [ 8847] - --------------------------setting values-----------------------------
[INFO ][2015-11-16 16:13:04,208][com.java.TestType] [ 8850] - Action Type : Select
[INFO ][2015-11-16 16:13:04,208][com.java.TestType] [ 4449] - value = PFC
[INFO ][2015-11-16 16:13:04,408][com.java.TestType] [ 8869] -  RESULT true
[INFO ][2015-11-16 16:13:04,408][com.java.TestType] [ 8986] - ?   P A S S   ?
[DEBUG][2015-11-16 16:13:04,408][com.java.TestType] [ 8792] - Concept ID:2 :: Step being Executed: 2::2
[INFO ][2015-11-16 16:13:04,408][com.java.TestType] [ 8830] - dataFields : LNKLogout
[DEBUG][2015-11-16 16:13:04,408][com.java.TestType] [ 8836] - <In Set values of the page>
[DEBUG][2015-11-16 16:13:04,408][com.java.TestType] [ 8841] - {Data Fields & Data Values Exist}
[INFO ][2015-11-16 16:13:04,408][com.java.TestType] [ 8847] - --------------------------setting values-----------------------------
[INFO ][2015-11-16 16:13:04,408][com.java.TestType] [ 8850] - Action Type : WaitTime
[DEBUG][2015-11-16 16:13:04,408][com.java.TestType] [ 4284] - sleepTime: 5000
[INFO ][2015-11-16 16:13:09,434][com.java.TestType] [ 8869] -  RESULT true
[INFO ][2015-11-16 16:13:09,434][com.java.TestType] [ 8986] - ?   P A S S   ?
[INFO ][2015-11-16 16:13:09,434][com.java.TestType] [ 9057] - Looping End......
[INFO ][2015-11-16 16:13:09,438][com.java.SeleniumDriver] [  869] -  RESULT true
[INFO ][2015-11-16 16:13:09,438][com.java.SeleniumDriver] [ 1074] - ?   P A S S   ?
[INFO ][2015-11-16 16:13:09,438][com.java.SeleniumDriver] [  796] - ------------------------------------------
[INFO ][2015-11-16 16:13:09,439][com.java.SeleniumDriver] [  797] - Test case being Executed: 9
[INFO ][2015-11-16 16:13:09,439][com.java.SeleniumDriver] [  808] - Test step:4
[INFO ][2015-11-16 16:13:09,440][com.java.SeleniumDriver] [  820] - Datavalue is----------3
[INFO ][2015-11-16 16:13:09,440][com.java.SeleniumDriver] [  844] - DataField : XPH//img[@id='loading']
[INFO ][2015-11-16 16:13:09,440][com.java.SeleniumDriver] [  846] - DataValue : 3
[INFO ][2015-11-16 16:13:09,440][com.java.SeleniumDriver] [  852] - <In Set values of the page>
[INFO ][2015-11-16 16:13:09,440][com.java.SeleniumDriver] [  855] - {Data Fields & Data Values Exist}
[INFO ][2015-11-16 16:13:09,440][com.java.SeleniumDriver] [  857] - --------------------------setting values-----------------------------
[INFO ][2015-11-16 16:13:09,440][com.java.SeleniumDriver] [  860] - Action Type : WaitForElement
[INFO ][2015-11-16 16:13:09,475][com.java.SeleniumDriver] [  869] -  RESULT true
[INFO ][2015-11-16 16:13:09,475][com.java.SeleniumDriver] [ 1074] - ?   P A S S   ?
[INFO ][2015-11-16 16:13:09,475][com.java.SeleniumDriver] [  796] - ------------------------------------------
[INFO ][2015-11-16 16:13:09,475][com.java.SeleniumDriver] [  797] - Test case being Executed: 9
[INFO ][2015-11-16 16:13:09,475][com.java.SeleniumDriver] [  808] - Test step:5
[INFO ][2015-11-16 16:13:09,475][com.java.SeleniumDriver] [  820] - Datavalue is----------90
[INFO ][2015-11-16 16:13:09,475][com.java.SeleniumDriver] [  844] - DataField : XPH//img[@id='loading']
[INFO ][2015-11-16 16:13:09,475][com.java.SeleniumDriver] [  846] - DataValue : 90
[INFO ][2015-11-16 16:13:09,476][com.java.SeleniumDriver] [  852] - <In Set values of the page>
[INFO ][2015-11-16 16:13:09,476][com.java.SeleniumDriver] [  855] - {Data Fields & Data Values Exist}
[INFO ][2015-11-16 16:13:09,476][com.java.SeleniumDriver] [  857] - --------------------------setting values-----------------------------
[INFO ][2015-11-16 16:13:09,476][com.java.SeleniumDriver] [  860] - Action Type : waitForElementNotPresent
[INFO ][2015-11-16 16:13:09,578][com.java.SeleniumDriver] [  869] -  RESULT true
[INFO ][2015-11-16 16:13:09,578][com.java.SeleniumDriver] [ 1074] - ?   P A S S   ?
[INFO ][2015-11-16 16:13:09,578][com.java.SeleniumDriver] [  796] - ------------------------------------------
[INFO ][2015-11-16 16:13:09,578][com.java.SeleniumDriver] [  797] - Test case being Executed: 9
[INFO ][2015-11-16 16:13:09,578][com.java.SeleniumDriver] [  808] - Test step:6
[INFO ][2015-11-16 16:13:09,578][com.java.SeleniumDriver] [  820] - Datavalue is----------My Dashboard 
[INFO ][2015-11-16 16:13:09,578][com.java.SeleniumDriver] [  844] - DataField : XPH//div[@id='newusercontent']/div/ul/li/div/div
[INFO ][2015-11-16 16:13:09,580][com.java.SeleniumDriver] [  846] - DataValue : My Dashboard 
[INFO ][2015-11-16 16:13:09,580][com.java.SeleniumDriver] [  852] - <In Set values of the page>
[INFO ][2015-11-16 16:13:09,580][com.java.SeleniumDriver] [  855] - {Data Fields & Data Values Exist}
[INFO ][2015-11-16 16:13:09,580][com.java.SeleniumDriver] [  857] - --------------------------setting values-----------------------------
[INFO ][2015-11-16 16:13:09,580][com.java.SeleniumDriver] [  860] - Action Type : Verify
[INFO ][2015-11-16 16:13:09,580][com.java.TestType] [ 5556] - field= XPH//div[@id='newusercontent']/div/ul/li/div/div value= My Dashboard 
[INFO ][2015-11-16 16:13:09,580][com.java.TestType] [ 4449] - value = My Dashboard 
[INFO ][2015-11-16 16:13:09,735][com.java.SeleniumDriver] [  869] -  RESULT true
[INFO ][2015-11-16 16:13:09,735][com.java.SeleniumDriver] [ 1074] - ?   P A S S   ?
[INFO ][2015-11-16 16:13:09,735][com.java.SeleniumDriver] [  796] - ------------------------------------------
[INFO ][2015-11-16 16:13:09,735][com.java.SeleniumDriver] [  797] - Test case being Executed: 9
[INFO ][2015-11-16 16:13:09,735][com.java.SeleniumDriver] [  808] - Test step:7
[INFO ][2015-11-16 16:13:09,735][com.java.SeleniumDriver] [  820] - Datavalue is----------null
[DEBUG][2015-11-16 16:13:09,735][com.java.SeleniumDriver] [  838] - Exception: null
[INFO ][2015-11-16 16:13:09,735][com.java.SeleniumDriver] [  844] - DataField : //span[@class='icon-coin']&&//ul[@id='GL']/li[4]/a&&//a[@data-id='MargAnalysis']
[INFO ][2015-11-16 16:13:09,736][com.java.SeleniumDriver] [  846] - DataValue : 
[INFO ][2015-11-16 16:13:09,736][com.java.SeleniumDriver] [  852] - <In Set values of the page>
[INFO ][2015-11-16 16:13:09,736][com.java.SeleniumDriver] [  855] - {Data Fields & Data Values Exist}
[INFO ][2015-11-16 16:13:09,736][com.java.SeleniumDriver] [  857] - --------------------------setting values-----------------------------
[INFO ][2015-11-16 16:13:09,736][com.java.SeleniumDriver] [  860] - Action Type : MOUSEOVER
[INFO ][2015-11-16 16:13:41,583][com.java.SeleniumDriver] [  869] -  RESULT true
[INFO ][2015-11-16 16:13:41,583][com.java.SeleniumDriver] [ 1074] - ?   P A S S   ?
[INFO ][2015-11-16 16:13:41,583][com.java.SeleniumDriver] [  796] - ------------------------------------------
[INFO ][2015-11-16 16:13:41,583][com.java.SeleniumDriver] [  797] - Test case being Executed: 9
[INFO ][2015-11-16 16:13:41,583][com.java.SeleniumDriver] [  808] - Test step:8
[INFO ][2015-11-16 16:13:41,583][com.java.SeleniumDriver] [  820] - Datavalue is----------Margin Analysis
[INFO ][2015-11-16 16:13:41,583][com.java.SeleniumDriver] [  844] - DataField : XPH//span[@class='ui-dialog-title']
[INFO ][2015-11-16 16:13:41,583][com.java.SeleniumDriver] [  846] - DataValue : Margin Analysis
[INFO ][2015-11-16 16:13:41,583][com.java.SeleniumDriver] [  852] - <In Set values of the page>
[INFO ][2015-11-16 16:13:41,585][com.java.SeleniumDriver] [  855] - {Data Fields & Data Values Exist}
[INFO ][2015-11-16 16:13:41,585][com.java.SeleniumDriver] [  857] - --------------------------setting values-----------------------------
[INFO ][2015-11-16 16:13:41,585][com.java.SeleniumDriver] [  860] - Action Type : Verify
[INFO ][2015-11-16 16:13:41,585][com.java.TestType] [ 5556] - field= XPH//span[@class='ui-dialog-title'] value= Margin Analysis
[INFO ][2015-11-16 16:13:41,585][com.java.TestType] [ 4449] - value = Margin Analysis
[INFO ][2015-11-16 16:13:41,743][com.java.SeleniumDriver] [  869] -  RESULT true
[INFO ][2015-11-16 16:13:41,743][com.java.SeleniumDriver] [ 1074] - ?   P A S S   ?
[INFO ][2015-11-16 16:13:41,743][com.java.SeleniumDriver] [  796] - ------------------------------------------
[INFO ][2015-11-16 16:13:41,743][com.java.SeleniumDriver] [  797] - Test case being Executed: 9
[INFO ][2015-11-16 16:13:41,743][com.java.SeleniumDriver] [  808] - Test step:9
[INFO ][2015-11-16 16:13:41,743][com.java.SeleniumDriver] [  820] - Datavalue is----------null
[DEBUG][2015-11-16 16:13:41,743][com.java.SeleniumDriver] [  838] - Exception: null
[INFO ][2015-11-16 16:13:41,743][com.java.SeleniumDriver] [  844] - DataField : BTNframeDialogContent
[INFO ][2015-11-16 16:13:41,744][com.java.SeleniumDriver] [  846] - DataValue : 
[INFO ][2015-11-16 16:13:41,744][com.java.SeleniumDriver] [  852] - <In Set values of the page>
[INFO ][2015-11-16 16:13:41,744][com.java.SeleniumDriver] [  855] - {Data Fields & Data Values Exist}
[INFO ][2015-11-16 16:13:41,744][com.java.SeleniumDriver] [  857] - --------------------------setting values-----------------------------
[INFO ][2015-11-16 16:13:41,744][com.java.SeleniumDriver] [  860] - Action Type : SELECTFRAME
[INFO ][2015-11-16 16:13:43,020][com.java.SeleniumDriver] [  869] -  RESULT true
[INFO ][2015-11-16 16:13:43,020][com.java.SeleniumDriver] [ 1074] - ?   P A S S   ?
[INFO ][2015-11-16 16:13:43,020][com.java.SeleniumDriver] [  796] - ------------------------------------------
[INFO ][2015-11-16 16:13:43,020][com.java.SeleniumDriver] [  797] - Test case being Executed: 9
[INFO ][2015-11-16 16:13:43,020][com.java.SeleniumDriver] [  808] - Test step:10
[INFO ][2015-11-16 16:13:43,020][com.java.SeleniumDriver] [  820] - Datavalue is----------FEW:Administration|East Region|North Region|South Region|West Region
[INFO ][2015-11-16 16:13:43,020][com.java.SeleniumDriver] [  844] - DataField : SLBddlProfitCenter
[INFO ][2015-11-16 16:13:43,020][com.java.SeleniumDriver] [  846] - DataValue : FEW:Administration|East Region|North Region|South Region|West Region
[INFO ][2015-11-16 16:13:43,020][com.java.SeleniumDriver] [  852] - <In Set values of the page>
[INFO ][2015-11-16 16:13:43,020][com.java.SeleniumDriver] [  855] - {Data Fields & Data Values Exist}
[INFO ][2015-11-16 16:13:43,021][com.java.SeleniumDriver] [  857] - --------------------------setting values-----------------------------
[INFO ][2015-11-16 16:13:43,021][com.java.SeleniumDriver] [  860] - Action Type : Verify
[INFO ][2015-11-16 16:13:43,021][com.java.TestType] [ 5556] - field= SLBddlProfitCenter value= FEW:Administration|East Region|North Region|South Region|West Region
[INFO ][2015-11-16 16:13:43,021][com.java.TestType] [ 4449] - value = FEW:Administration|East Region|North Region|South Region|West Region
[INFO ][2015-11-16 16:13:46,573][com.java.TestType] [ 6044] - A Size: 5 size: 32
[INFO ][2015-11-16 16:13:46,575][com.java.SeleniumDriver] [  869] -  RESULT true
[INFO ][2015-11-16 16:13:46,575][com.java.SeleniumDriver] [ 1074] - ?   P A S S   ?
[INFO ][2015-11-16 16:13:46,576][com.java.SeleniumDriver] [  796] - ------------------------------------------
[INFO ][2015-11-16 16:13:46,576][com.java.SeleniumDriver] [  797] - Test case being Executed: 9
[INFO ][2015-11-16 16:13:46,576][com.java.SeleniumDriver] [  808] - Test step:11
[INFO ][2015-11-16 16:13:46,577][com.java.SeleniumDriver] [  820] - Datavalue is----------Split Calendar
[INFO ][2015-11-16 16:13:46,577][com.java.SeleniumDriver] [  844] - DataField : COBddlRange
[INFO ][2015-11-16 16:13:46,577][com.java.SeleniumDriver] [  846] - DataValue : Split Calendar
[INFO ][2015-11-16 16:13:46,577][com.java.SeleniumDriver] [  852] - <In Set values of the page>
[INFO ][2015-11-16 16:13:46,577][com.java.SeleniumDriver] [  855] - {Data Fields & Data Values Exist}
[INFO ][2015-11-16 16:13:46,578][com.java.SeleniumDriver] [  857] - --------------------------setting values-----------------------------
[INFO ][2015-11-16 16:13:46,578][com.java.SeleniumDriver] [  860] - Action Type : SELECT
[INFO ][2015-11-16 16:13:46,578][com.java.TestType] [ 4449] - value = Split Calendar
[INFO ][2015-11-16 16:13:47,705][com.java.TestType] [ 4567] -  In COB ddlRange : Split Calendar
[DEBUG][2015-11-16 16:13:48,807][com.java.TestType] [ 4592] - Java Script : javascript:var s = document.getElementById('ddlRange');for (i = 0; i< s.options.length; i++){   if (s.options[i].text.trim().toUpperCase() == 'SPLIT CALENDAR'){      s.options[i].selected = true;      s.click();      break;   }}
[INFO ][2015-11-16 16:13:50,819][com.java.SeleniumDriver] [  869] -  RESULT true
[INFO ][2015-11-16 16:13:50,819][com.java.SeleniumDriver] [ 1074] - ?   P A S S   ?
[INFO ][2015-11-16 16:13:50,819][com.java.SeleniumDriver] [  796] - ------------------------------------------
[INFO ][2015-11-16 16:13:50,819][com.java.SeleniumDriver] [  797] - Test case being Executed: 9
[INFO ][2015-11-16 16:13:50,819][com.java.SeleniumDriver] [  808] - Test step:12
[INFO ][2015-11-16 16:13:50,819][com.java.SeleniumDriver] [  820] - Datavalue is----------Split Calendar
[INFO ][2015-11-16 16:13:50,819][com.java.SeleniumDriver] [  844] - DataField : COBddlRange
[INFO ][2015-11-16 16:13:50,819][com.java.SeleniumDriver] [  846] - DataValue : Split Calendar
[INFO ][2015-11-16 16:13:50,819][com.java.SeleniumDriver] [  852] - <In Set values of the page>
[INFO ][2015-11-16 16:13:50,819][com.java.SeleniumDriver] [  855] - {Data Fields & Data Values Exist}
[INFO ][2015-11-16 16:13:50,819][com.java.SeleniumDriver] [  857] - --------------------------setting values-----------------------------
[INFO ][2015-11-16 16:13:50,820][com.java.SeleniumDriver] [  860] - Action Type : Verify
[INFO ][2015-11-16 16:13:50,820][com.java.TestType] [ 5556] - field= COBddlRange value= Split Calendar
[INFO ][2015-11-16 16:13:50,820][com.java.TestType] [ 4449] - value = Split Calendar
[INFO ][2015-11-16 16:13:51,073][com.java.SeleniumDriver] [  869] -  RESULT true
[INFO ][2015-11-16 16:13:51,073][com.java.SeleniumDriver] [ 1074] - ?   P A S S   ?
[INFO ][2015-11-16 16:13:51,073][com.java.SeleniumDriver] [  796] - ------------------------------------------
[INFO ][2015-11-16 16:13:51,073][com.java.SeleniumDriver] [  797] - Test case being Executed: 9
[INFO ][2015-11-16 16:13:51,073][com.java.SeleniumDriver] [  808] - Test step:13
[INFO ][2015-11-16 16:13:51,073][com.java.SeleniumDriver] [  820] - Datavalue is----------2
[INFO ][2015-11-16 16:13:51,073][com.java.SeleniumDriver] [  844] - DataField : null
[INFO ][2015-11-16 16:13:51,073][com.java.SeleniumDriver] [  846] - DataValue : 2
[INFO ][2015-11-16 16:13:51,073][com.java.SeleniumDriver] [  852] - <In Set values of the page>
[INFO ][2015-11-16 16:13:51,073][com.java.SeleniumDriver] [  855] - {Data Fields & Data Values Exist}
[INFO ][2015-11-16 16:13:51,073][com.java.SeleniumDriver] [  857] - --------------------------setting values-----------------------------
[INFO ][2015-11-16 16:13:51,074][com.java.SeleniumDriver] [  860] - Action Type : waittime
[DEBUG][2015-11-16 16:13:51,074][com.java.TestType] [ 4284] - sleepTime: 2000
[INFO ][2015-11-16 16:13:53,074][com.java.SeleniumDriver] [  869] -  RESULT true
[INFO ][2015-11-16 16:13:53,074][com.java.SeleniumDriver] [ 1074] - ?   P A S S   ?
[INFO ][2015-11-16 16:13:53,074][com.java.SeleniumDriver] [  796] - ------------------------------------------
[INFO ][2015-11-16 16:13:53,074][com.java.SeleniumDriver] [  797] - Test case being Executed: 9
[INFO ][2015-11-16 16:13:53,074][com.java.SeleniumDriver] [  808] - Test step:14
[INFO ][2015-11-16 16:13:53,074][com.java.SeleniumDriver] [  820] - Datavalue is----------TAB
[INFO ][2015-11-16 16:13:53,074][com.java.SeleniumDriver] [  844] - DataField : COBddlRange
[INFO ][2015-11-16 16:13:53,074][com.java.SeleniumDriver] [  846] - DataValue : TAB
[INFO ][2015-11-16 16:13:53,074][com.java.SeleniumDriver] [  852] - <In Set values of the page>
[INFO ][2015-11-16 16:13:53,074][com.java.SeleniumDriver] [  855] - {Data Fields & Data Values Exist}
[INFO ][2015-11-16 16:13:53,074][com.java.SeleniumDriver] [  857] - --------------------------setting values-----------------------------
[INFO ][2015-11-16 16:13:53,074][com.java.SeleniumDriver] [  860] - Action Type : KEYBOARDKEYS
[INFO ][2015-11-16 16:13:54,261][com.java.SeleniumDriver] [  869] -  RESULT true
[INFO ][2015-11-16 16:13:54,262][com.java.SeleniumDriver] [ 1074] - ?   P A S S   ?
[INFO ][2015-11-16 16:13:54,262][com.java.SeleniumDriver] [  796] - ------------------------------------------
[INFO ][2015-11-16 16:13:54,262][com.java.SeleniumDriver] [  797] - Test case being Executed: 9
[INFO ][2015-11-16 16:13:54,262][com.java.SeleniumDriver] [  808] - Test step:15
[INFO ][2015-11-16 16:13:54,262][com.java.SeleniumDriver] [  820] - Datavalue is----------null
[DEBUG][2015-11-16 16:13:54,262][com.java.SeleniumDriver] [  838] - Exception: null
[INFO ][2015-11-16 16:13:54,262][com.java.SeleniumDriver] [  844] - DataField : BTNddlRange
[INFO ][2015-11-16 16:13:54,262][com.java.SeleniumDriver] [  846] - DataValue : 
[INFO ][2015-11-16 16:13:54,262][com.java.SeleniumDriver] [  852] - <In Set values of the page>
[INFO ][2015-11-16 16:13:54,262][com.java.SeleniumDriver] [  855] - {Data Fields & Data Values Exist}
[INFO ][2015-11-16 16:13:54,262][com.java.SeleniumDriver] [  857] - --------------------------setting values-----------------------------
[INFO ][2015-11-16 16:13:54,262][com.java.SeleniumDriver] [  860] - Action Type : CLICK
[INFO ][2015-11-16 16:13:54,262][com.java.TestType] [ 4762] - Field ::BTNddlRange
[INFO ][2015-11-16 16:13:55,263][com.java.TestType] [ 4800] - BEFORE CLICK
[INFO ][2015-11-16 16:13:56,454][com.java.TestType] [ 4807] - Unable to click the object TAB
[INFO ][2015-11-16 16:13:56,454][com.java.SeleniumDriver] [  869] -  RESULT true
[INFO ][2015-11-16 16:13:56,454][com.java.SeleniumDriver] [ 1074] - ?   P A S S   ?
[INFO ][2015-11-16 16:13:56,454][com.java.SeleniumDriver] [  796] - ------------------------------------------
[INFO ][2015-11-16 16:13:56,455][com.java.SeleniumDriver] [  797] - Test case being Executed: 9
[INFO ][2015-11-16 16:13:56,455][com.java.SeleniumDriver] [  808] - Test step:16
[INFO ][2015-11-16 16:13:56,455][com.java.SeleniumDriver] [  820] - Datavalue is----------null
[DEBUG][2015-11-16 16:13:56,455][com.java.SeleniumDriver] [  838] - Exception: null
[INFO ][2015-11-16 16:13:56,455][com.java.SeleniumDriver] [  844] - DataField : null
[INFO ][2015-11-16 16:13:56,455][com.java.SeleniumDriver] [  846] - DataValue : 
[INFO ][2015-11-16 16:13:56,455][com.java.SeleniumDriver] [  852] - <In Set values of the page>
[INFO ][2015-11-16 16:13:56,455][com.java.SeleniumDriver] [  855] - {Data Fields & Data Values Exist}
[INFO ][2015-11-16 16:13:56,455][com.java.SeleniumDriver] [  857] - --------------------------setting values-----------------------------
[INFO ][2015-11-16 16:13:56,455][com.java.SeleniumDriver] [  860] - Action Type : waittime
[DEBUG][2015-11-16 16:13:56,455][com.java.TestType] [ 4284] - sleepTime: 10000
[INFO ][2015-11-16 16:14:06,456][com.java.SeleniumDriver] [  869] -  RESULT true
[INFO ][2015-11-16 16:14:06,456][com.java.SeleniumDriver] [ 1074] - ?   P A S S   ?
[INFO ][2015-11-16 16:14:06,456][com.java.SeleniumDriver] [  796] - ------------------------------------------
[INFO ][2015-11-16 16:14:06,456][com.java.SeleniumDriver] [  797] - Test case being Executed: 9
[INFO ][2015-11-16 16:14:06,456][com.java.SeleniumDriver] [  808] - Test step:17
[INFO ][2015-11-16 16:14:06,456][com.java.SeleniumDriver] [  820] - Datavalue is----------TAB
[INFO ][2015-11-16 16:14:06,456][com.java.SeleniumDriver] [  844] - DataField : SLBddlProfitCenter
[INFO ][2015-11-16 16:14:06,456][com.java.SeleniumDriver] [  846] - DataValue : TAB
[INFO ][2015-11-16 16:14:06,456][com.java.SeleniumDriver] [  852] - <In Set values of the page>
[INFO ][2015-11-16 16:14:06,456][com.java.SeleniumDriver] [  855] - {Data Fields & Data Values Exist}
[INFO ][2015-11-16 16:14:06,456][com.java.SeleniumDriver] [  857] - --------------------------setting values-----------------------------
[INFO ][2015-11-16 16:14:06,456][com.java.SeleniumDriver] [  860] - Action Type : KEYBOARDKEYS
[INFO ][2015-11-16 16:14:07,643][com.java.SeleniumDriver] [  869] -  RESULT true
[INFO ][2015-11-16 16:14:07,643][com.java.SeleniumDriver] [ 1074] - ?   P A S S   ?
[INFO ][2015-11-16 16:14:07,643][com.java.SeleniumDriver] [  796] - ------------------------------------------
[INFO ][2015-11-16 16:14:07,643][com.java.SeleniumDriver] [  797] - Test case being Executed: 9
[INFO ][2015-11-16 16:14:07,643][com.java.SeleniumDriver] [  808] - Test step:18
[INFO ][2015-11-16 16:14:07,643][com.java.SeleniumDriver] [  820] - Datavalue is----------null
[DEBUG][2015-11-16 16:14:07,643][com.java.SeleniumDriver] [  838] - Exception: null
[INFO ][2015-11-16 16:14:07,643][com.java.SeleniumDriver] [  844] - DataField : null
[INFO ][2015-11-16 16:14:07,643][com.java.SeleniumDriver] [  846] - DataValue : 
[INFO ][2015-11-16 16:14:07,643][com.java.SeleniumDriver] [  852] - <In Set values of the page>
[INFO ][2015-11-16 16:14:07,644][com.java.SeleniumDriver] [  855] - {Data Fields & Data Values Exist}
[INFO ][2015-11-16 16:14:07,644][com.java.SeleniumDriver] [  857] - --------------------------setting values-----------------------------
[INFO ][2015-11-16 16:14:07,644][com.java.SeleniumDriver] [  860] - Action Type : waittime
[DEBUG][2015-11-16 16:14:07,644][com.java.TestType] [ 4284] - sleepTime: 10000
[INFO ][2015-11-16 16:14:17,645][com.java.SeleniumDriver] [  869] -  RESULT true
[INFO ][2015-11-16 16:14:17,645][com.java.SeleniumDriver] [ 1074] - ?   P A S S   ?
[INFO ][2015-11-16 16:14:17,645][com.java.SeleniumDriver] [  796] - ------------------------------------------
[INFO ][2015-11-16 16:14:17,645][com.java.SeleniumDriver] [  797] - Test case being Executed: 9
[INFO ][2015-11-16 16:14:17,645][com.java.SeleniumDriver] [  808] - Test step:19
[INFO ][2015-11-16 16:14:17,645][com.java.SeleniumDriver] [  820] - Datavalue is----------TAB
[INFO ][2015-11-16 16:14:17,645][com.java.SeleniumDriver] [  844] - DataField : COBddlDataSource1
[INFO ][2015-11-16 16:14:17,645][com.java.SeleniumDriver] [  846] - DataValue : TAB
[INFO ][2015-11-16 16:14:17,645][com.java.SeleniumDriver] [  852] - <In Set values of the page>
[INFO ][2015-11-16 16:14:17,645][com.java.SeleniumDriver] [  855] - {Data Fields & Data Values Exist}
[INFO ][2015-11-16 16:14:17,645][com.java.SeleniumDriver] [  857] - --------------------------setting values-----------------------------
[INFO ][2015-11-16 16:14:17,645][com.java.SeleniumDriver] [  860] - Action Type : KEYBOARDKEYS
[INFO ][2015-11-16 16:14:18,821][com.java.SeleniumDriver] [  869] -  RESULT true
[INFO ][2015-11-16 16:14:18,821][com.java.SeleniumDriver] [ 1074] - ?   P A S S   ?
[INFO ][2015-11-16 16:14:18,821][com.java.SeleniumDriver] [  796] - ------------------------------------------
[INFO ][2015-11-16 16:14:18,821][com.java.SeleniumDriver] [  797] - Test case being Executed: 9
[INFO ][2015-11-16 16:14:18,821][com.java.SeleniumDriver] [  808] - Test step:20
[INFO ][2015-11-16 16:14:18,821][com.java.SeleniumDriver] [  820] - Datavalue is----------null
[DEBUG][2015-11-16 16:14:18,821][com.java.SeleniumDriver] [  838] - Exception: null
[INFO ][2015-11-16 16:14:18,821][com.java.SeleniumDriver] [  844] - DataField : null
[INFO ][2015-11-16 16:14:18,821][com.java.SeleniumDriver] [  846] - DataValue : 
[INFO ][2015-11-16 16:14:18,822][com.java.SeleniumDriver] [  852] - <In Set values of the page>
[INFO ][2015-11-16 16:14:18,822][com.java.SeleniumDriver] [  855] - {Data Fields & Data Values Exist}
[INFO ][2015-11-16 16:14:18,822][com.java.SeleniumDriver] [  857] - --------------------------setting values-----------------------------
[INFO ][2015-11-16 16:14:18,822][com.java.SeleniumDriver] [  860] - Action Type : waittime
[DEBUG][2015-11-16 16:14:18,822][com.java.TestType] [ 4284] - sleepTime: 10000
[INFO ][2015-11-16 16:14:28,823][com.java.SeleniumDriver] [  869] -  RESULT true
[INFO ][2015-11-16 16:14:28,823][com.java.SeleniumDriver] [ 1074] - ?   P A S S   ?
[INFO ][2015-11-16 16:14:28,823][com.java.SeleniumDriver] [  796] - ------------------------------------------
[INFO ][2015-11-16 16:14:28,823][com.java.SeleniumDriver] [  797] - Test case being Executed: 9
[INFO ][2015-11-16 16:14:28,823][com.java.SeleniumDriver] [  808] - Test step:21
[INFO ][2015-11-16 16:14:28,823][com.java.SeleniumDriver] [  820] - Datavalue is----------Budget
[INFO ][2015-11-16 16:14:28,823][com.java.SeleniumDriver] [  844] - DataField : COBddlDataSource1
[INFO ][2015-11-16 16:14:28,823][com.java.SeleniumDriver] [  846] - DataValue : Budget
[INFO ][2015-11-16 16:14:28,823][com.java.SeleniumDriver] [  852] - <In Set values of the page>
[INFO ][2015-11-16 16:14:28,823][com.java.SeleniumDriver] [  855] - {Data Fields & Data Values Exist}
[INFO ][2015-11-16 16:14:28,823][com.java.SeleniumDriver] [  857] - --------------------------setting values-----------------------------
[INFO ][2015-11-16 16:14:28,823][com.java.SeleniumDriver] [  860] - Action Type : Verify
[INFO ][2015-11-16 16:14:28,824][com.java.TestType] [ 5556] - field= COBddlDataSource1 value= Budget
[INFO ][2015-11-16 16:14:28,824][com.java.TestType] [ 4449] - value = Budget
[ERROR][2015-11-16 16:14:29,172][com.java.TestType] [ 5994] - Assertion error: expected:<Budget> but was:<Actual>
[INFO ][2015-11-16 16:14:29,172][com.java.SeleniumDriver] [  869] -  RESULT false
[INFO ][2015-11-16 16:14:29,172][com.java.SeleniumDriver] [  916] - ?   F A I L   ?
[INFO ][2015-11-16 16:14:29,172][com.java.SeleniumDriver] [  924] - Browser Type : IE11
[INFO ][2015-11-16 16:14:29,172][com.java.SeleniumDriver] [  925] - Adding Failed case9
[INFO ][2015-11-16 16:14:29,447][com.java.SeleniumDriver] [ 1038] - failedCases = 9
[ERROR][2015-11-16 16:14:29,447][com.java.SeleniumDriver] [ 1525] - Platform Errors : Our apologies...::We have encountered an issue with your request.::Our apologies?:We encountered an issue with your request.
[INFO ][2015-11-16 16:14:29,447][com.java.SeleniumDriver] [ 1529] - Length =3
[ERROR][2015-11-16 16:14:29,447][com.java.SeleniumDriver] [ 1532] - Error 0 = Our apologies...
[ERROR][2015-11-16 16:14:29,544][com.java.SeleniumDriver] [ 1532] - Error 1 = We have encountered an issue with your request.
[ERROR][2015-11-16 16:14:29,560][com.java.SeleniumDriver] [ 1532] - Error 2 = Our apologies?:We encountered an issue with your request.
[DEBUG][2015-11-16 16:14:29,587][com.java.SeleniumDriver] [ 1176] - Case found
[DEBUG][2015-11-16 16:14:29,588][com.java.SeleniumDriver] [ 1181] - Incrementing ReportCounters[0]:2
[INFO ][2015-11-16 16:14:29,588][com.java.SeleniumDriver] [ 1200] - The results are-------------------[9, 21, GL > Margin Analysis > Margin Analysis : Profit Center, Fail, 
Test case failed at Step No. :: 21   Error Message ::  Assertion error: expected:<Budget> but was:<Actual>. Screen Shot : D:\BankersDashboard\TestReports\111615\9_111615_161429_IE11.png, Mon Nov 16 16:14:29 IST 2015]
[INFO ][2015-11-16 16:14:29,588][com.java.SeleniumDriver] [ 1204] - End time is-------2 min 30 sec
[INFO ][2015-11-16 16:14:29,588][com.java.SeleniumDriver] [ 1205] - The results are-------------------[9, 21, GL > Margin Analysis > Margin Analysis : Profit Center, Fail, 
Test case failed at Step No. :: 21   Error Message ::  Assertion error: expected:<Budget> but was:<Actual>. Screen Shot : D:\BankersDashboard\TestReports\111615\9_111615_161429_IE11.png, Mon Nov 16 16:14:29 IST 2015]
[DEBUG][2015-11-16 16:14:29,588][com.java.ImportnExport.ExportTestResultsExcel] [  222] - testResultPath = D:\BankersDashboard/TestReports/Test Results_BankersDashBoard_111615_161201_IE11_Any Bank USA.xls
[DEBUG][2015-11-16 16:14:29,588][com.java.ImportnExport.ExportTestResultsExcel] [  223] - browser is------------IE11
[DEBUG][2015-11-16 16:14:29,590][com.java.ImportnExport.ExportTestResultsExcel] [  270] - result.size() = 6
[DEBUG][2015-11-16 16:14:29,590][com.java.ImportnExport.ExportTestResultsExcel] [  274] - No of rows in sheet=2
[DEBUG][2015-11-16 16:14:29,590][com.java.ImportnExport.ExportTestResultsExcel] [  301] - ..in export..9
[DEBUG][2015-11-16 16:14:29,591][com.java.ImportnExport.ExportTestResultsExcel] [  301] - ..in export..GL > Margin Analysis > Margin Analysis : Profit Center
[DEBUG][2015-11-16 16:14:29,591][com.java.ImportnExport.ExportTestResultsExcel] [  301] - ..in export..Fail
[DEBUG][2015-11-16 16:14:29,591][com.java.ImportnExport.ExportTestResultsExcel] [  301] - ..in export..
Test case failed at Step No. :: 21   Error Message ::  Assertion error: expected:<Budget> but was:<Actual>. Screen Shot : D:\BankersDashboard\TestReports\111615\9_111615_161429_IE11.png
[DEBUG][2015-11-16 16:14:29,591][com.java.ImportnExport.ExportTestResultsExcel] [  301] - ..in export..Mon Nov 16 16:14:29 IST 2015
[INFO ][2015-11-16 16:14:29,592][com.java.SeleniumDriver] [ 1263] - out loop:1 size:2 TestCases:[1, 9] testcases:[1, 9]
[INFO ][2015-11-16 16:14:31,592][com.java.SeleniumDriver] [ 1306] - Total Number of Cases:2
[INFO ][2015-11-16 16:14:31,592][com.java.TemplateGenerator] [  302] - Executed:2
[INFO ][2015-11-16 16:14:31,592][com.java.TemplateGenerator] [  303] - Passed:1
[INFO ][2015-11-16 16:14:31,592][com.java.TemplateGenerator] [  304] - Failed:1
[INFO ][2015-11-16 16:14:31,592][com.java.TemplateGenerator] [  305] - Skipeed:0
[INFO ][2015-11-16 16:14:31,593][com.java.TemplateGenerator] [  306] - Application URL:https://clients-xuat.bankersdashboard.com
[INFO ][2015-11-16 16:14:31,593][com.java.TemplateGenerator] [  307] - Start Time:111615_161201
[INFO ][2015-11-16 16:14:31,593][com.java.TemplateGenerator] [  308] -  Creating HTML Report 
[ERROR][2015-11-16 16:14:31,593][com.java.TemplateGenerator] [  409] - Unparseable date: "Mon Nov 16 04:12:01 IST 2015"
[INFO ][2015-11-16 16:14:31,593][com.java.TemplateGenerator] [  654] -  Exporting case :: 1
[INFO ][2015-11-16 16:14:31,594][com.java.TemplateGenerator] [  654] -  Exporting case :: 9
[INFO ][2015-11-16 16:14:31,599][com.java.SeleniumDriver] [ 1355] - End Time:111615_161431
[INFO ][2015-11-16 16:14:31,599][com.java.SeleniumDriver] [ 1358] - Data in Test Execution Details:{1=PASS, 9=FAILTest case failed at Step No. :: 21   Error Message ::  Assertion error: expected:<Budget> but was:<Actual>}
[INFO ][2015-11-16 16:14:31,599][com.java.SeleniumDriver] [ 1359] - Data in Failed Execution Deatils:{}
[INFO ][2015-11-16 16:14:31,599][com.java.SeleniumDriver] [ 1361] - ReportCounter:Total:2 :: PASS: 1 ::FAIL: 1
[INFO ][2015-11-16 16:14:31,599][com.java.SeleniumDriver] [ 1362] - FailedReportCounter:Total:0 :: PASS: 0 ::FAIL: 0
[INFO ][2015-11-16 16:14:31,606][com.java.EmailTestReport] [   63] - Sending report mail details:
[INFO ][2015-11-16 16:14:31,606][com.java.EmailTestReport] [   80] - Excel Report Path:D:\BankersDashboard/TestReports/Test Results_BankersDashBoard_111615_161201_IE11_Any Bank USA.xls
[INFO ][2015-11-16 16:14:31,606][com.java.EmailTestReport] [   81] - HTML Report Path:D:\BankersDashboard//TestReports//Test Results_BankersDashBoard_111615_161201_IE11_Any Bank USA.html
[INFO ][2015-11-16 16:14:31,606][com.java.EmailTestReport] [   82] - smtpHostName:mail01.valuelabs.com
[INFO ][2015-11-16 16:14:31,606][com.java.EmailTestReport] [   83] - Recipient:venkateswararao.gubbala@valuelabs.com;
[INFO ][2015-11-16 16:14:31,606][com.java.EmailTestReport] [   84] - From:venkateswararao.gubbala@valuelabs.com;
[INFO ][2015-11-16 16:14:31,607][com.java.EmailTestReport] [   85] - Subject:Deluxe Corp Bankers Dashboard Automation Test Report - Any Bank USA - IE11
[INFO ][2015-11-16 16:14:31,622][com.java.EmailTestReport] [  143] -  Added venkateswararao.gubbala@valuelabs.com
[INFO ][2015-11-16 16:14:35,041][com.java.SeleniumDriver] [  719] - quitting the browser 
[INFO ][2015-11-16 16:14:36,240][com.java.SeleniumDriver] [  263] - Execution Completed Stopping the thread
