[INFO ][2015-11-02 18:43:29,640][com.java.SeleniumDriver] [  213] - Execute Failed Casesfalse
[INFO ][2015-11-02 18:43:29,640][com.java.SeleniumDriver] [  214] - Browser: IE11
[INFO ][2015-11-02 18:43:29,640][com.java.SeleniumDriver] [  215] - [1, 12]
[INFO ][2015-11-02 18:43:29,641][com.java.SeleniumDriver] [  216] - Total TestCases:2
[INFO ][2015-11-02 18:43:29,641][com.java.SeleniumDriver] [  217] -  Reading Properties from Property File 
[DEBUG][2015-11-02 18:43:29,641][com.java.SeleniumDriver] [  238] - url : https://clients-xuat.bankersdashboard.com
[INFO ][2015-11-02 18:43:29,642][com.java.ImportnExport.ExportTestResultsExcel] [  116] - Time Stamp Mon Nov 02 06:43:29 IST 2015
[INFO ][2015-11-02 18:43:29,642][com.java.ImportnExport.ExportTestResultsExcel] [  175] - OUT FILE : D:\BankersDashboard/TestReports/Test Results_BankersDashBoard_110215_184329_IE11_Any Bank USA.xls
[INFO ][2015-11-02 18:43:29,670][com.java.ImportnExport.ExportTestResultsExcel] [  180] - Test Result file is created
[DEBUG][2015-11-02 18:43:29,773][com.java.SeleniumDriver] [  425] - Hub ip address is-------172.17.68.34
[INFO ][2015-11-02 18:43:29,774][com.java.SeleniumDriver] [  451] - Grid URL:http://172.17.68.34:4444/wd/hub
[INFO ][2015-11-02 18:43:29,774][com.java.SeleniumDriver] [  452] - Capability:Capabilities [{platform=ANY, ensureCleanSession=true, ignoreProtectedModeSettings=true, acceptSslCerts=true, ignoreZoomSetting=true, browserName=internet explorer, browserstack.ie.noFlash=true, version=Node1}]
[ERROR][2015-11-02 18:43:31,081][com.java.SeleniumDriver] [  496] - Unable invoke browser in grid:Could not start a new session. Possible causes are invalid address of the remote server or browser start-up failure.
Build info: version: '2.48.2', revision: '41bccdd', time: '2015-10-09 19:59:12'
System info: host: 'FVTIII438F1D', ip: '172.17.68.34', os.name: 'Windows 7', os.arch: 'x86', os.version: '6.1', java.version: '1.7.0_55'
Driver info: driver.version: SeleniumDriver
[INFO ][2015-11-02 18:43:31,081][com.java.SeleniumDriver] [  498] - Executing on local machine
[INFO ][2015-11-02 18:43:40,072][com.java.SeleniumDriver] [  248] - IE11is opened
[INFO ][2015-11-02 18:43:40,698][com.java.SeleniumDriver] [  752] - Test cases to be executed are: [1, 12]
[INFO ][2015-11-02 18:43:40,698][com.java.ImportnExport.ImportTestDataDetailsExcel] [   49] - test data details path===== D:\BankersDashboard\TestInputs\TestData.xls
[INFO ][2015-11-02 18:43:51,463][com.java.SeleniumDriver] [  788] - ------------------------------------------
[INFO ][2015-11-02 18:43:51,463][com.java.SeleniumDriver] [  789] - Test case being Executed: 1
[INFO ][2015-11-02 18:43:51,479][com.java.SeleniumDriver] [  800] - Test step:1
[INFO ][2015-11-02 18:43:51,479][com.java.SeleniumDriver] [  812] - Datavalue is----------Concept#1:1-14
[INFO ][2015-11-02 18:43:51,479][com.java.SeleniumDriver] [  836] - DataField : test
[INFO ][2015-11-02 18:43:51,479][com.java.SeleniumDriver] [  838] - DataValue : Concept#1:1-14
[INFO ][2015-11-02 18:43:51,480][com.java.SeleniumDriver] [  844] - <In Set values of the page>
[INFO ][2015-11-02 18:43:51,480][com.java.SeleniumDriver] [  847] - {Data Fields & Data Values Exist}
[INFO ][2015-11-02 18:43:51,480][com.java.SeleniumDriver] [  849] - --------------------------setting values-----------------------------
[INFO ][2015-11-02 18:43:51,480][com.java.SeleniumDriver] [  852] - Action Type : ExecuteTestCase
[INFO ][2015-11-02 18:43:51,497][com.java.TestType] [  411] - The Concept sheet name is ---------- Concept
[INFO ][2015-11-02 18:43:51,498][com.java.TestType] [  414] - The Concept ID  is ---------- 1
[DEBUG][2015-11-02 18:43:51,498][com.java.TestType] [  418] - Steps being executted in the Concept are: 1:14
[INFO ][2015-11-02 18:43:51,498][com.java.TestType] [  425] - Test data details path ---------- D:\BankersDashboard\TestInputs\TestData.xls
[INFO ][2015-11-02 18:43:51,528][com.java.TestType] [  456] -  str(1) = 1
[INFO ][2015-11-02 18:43:51,529][com.java.TestType] [  459] - Test case Id is---1
[INFO ][2015-11-02 18:43:51,529][com.java.TestType] [  461] - 1
[INFO ][2015-11-02 18:43:51,529][com.java.TestType] [  456] -  str(2) = 1
[INFO ][2015-11-02 18:43:51,533][com.java.TestType] [  508] - row values are--------{1=com.java.Objects.TestDataDetails@16e32d7}
[INFO ][2015-11-02 18:43:51,533][com.java.TestType] [  456] -  str(1) = 1
[INFO ][2015-11-02 18:43:51,533][com.java.TestType] [  459] - Test case Id is---1
[INFO ][2015-11-02 18:43:51,534][com.java.TestType] [  461] - 1
[INFO ][2015-11-02 18:43:51,534][com.java.TestType] [  456] -  str(2) = 2
[INFO ][2015-11-02 18:43:51,535][com.java.TestType] [  508] - row values are--------{1=com.java.Objects.TestDataDetails@16e32d7, 2=com.java.Objects.TestDataDetails@15da136}
[INFO ][2015-11-02 18:43:51,535][com.java.TestType] [  456] -  str(1) = 1
[INFO ][2015-11-02 18:43:51,535][com.java.TestType] [  459] - Test case Id is---1
[INFO ][2015-11-02 18:43:51,535][com.java.TestType] [  461] - 1
[INFO ][2015-11-02 18:43:51,535][com.java.TestType] [  456] -  str(2) = 3
[INFO ][2015-11-02 18:43:51,537][com.java.TestType] [  508] - row values are--------{1=com.java.Objects.TestDataDetails@16e32d7, 2=com.java.Objects.TestDataDetails@15da136, 3=com.java.Objects.TestDataDetails@9f20af}
[INFO ][2015-11-02 18:43:51,537][com.java.TestType] [  456] -  str(1) = 1
[INFO ][2015-11-02 18:43:51,537][com.java.TestType] [  459] - Test case Id is---1
[INFO ][2015-11-02 18:43:51,537][com.java.TestType] [  461] - 1
[INFO ][2015-11-02 18:43:51,537][com.java.TestType] [  456] -  str(2) = 4
[INFO ][2015-11-02 18:43:51,538][com.java.TestType] [  508] - row values are--------{1=com.java.Objects.TestDataDetails@16e32d7, 2=com.java.Objects.TestDataDetails@15da136, 3=com.java.Objects.TestDataDetails@9f20af, 4=com.java.Objects.TestDataDetails@f86f0e}
[INFO ][2015-11-02 18:43:51,539][com.java.TestType] [  456] -  str(1) = 1
[INFO ][2015-11-02 18:43:51,539][com.java.TestType] [  459] - Test case Id is---1
[INFO ][2015-11-02 18:43:51,539][com.java.TestType] [  461] - 1
[INFO ][2015-11-02 18:43:51,539][com.java.TestType] [  456] -  str(2) = 5
[INFO ][2015-11-02 18:43:51,540][com.java.TestType] [  508] - row values are--------{1=com.java.Objects.TestDataDetails@16e32d7, 2=com.java.Objects.TestDataDetails@15da136, 3=com.java.Objects.TestDataDetails@9f20af, 4=com.java.Objects.TestDataDetails@f86f0e, 5=com.java.Objects.TestDataDetails@185c219}
[INFO ][2015-11-02 18:43:51,540][com.java.TestType] [  456] -  str(1) = 1
[INFO ][2015-11-02 18:43:51,540][com.java.TestType] [  459] - Test case Id is---1
[INFO ][2015-11-02 18:43:51,542][com.java.TestType] [  461] - 1
[INFO ][2015-11-02 18:43:51,542][com.java.TestType] [  456] -  str(2) = 6
[INFO ][2015-11-02 18:43:51,543][com.java.TestType] [  508] - row values are--------{1=com.java.Objects.TestDataDetails@16e32d7, 2=com.java.Objects.TestDataDetails@15da136, 3=com.java.Objects.TestDataDetails@9f20af, 4=com.java.Objects.TestDataDetails@f86f0e, 5=com.java.Objects.TestDataDetails@185c219, 6=com.java.Objects.TestDataDetails@1edc134}
[INFO ][2015-11-02 18:43:51,543][com.java.TestType] [  456] -  str(1) = 1
[INFO ][2015-11-02 18:43:51,543][com.java.TestType] [  459] - Test case Id is---1
[INFO ][2015-11-02 18:43:51,543][com.java.TestType] [  461] - 1
[INFO ][2015-11-02 18:43:51,544][com.java.TestType] [  456] -  str(2) = 7
[INFO ][2015-11-02 18:43:51,544][com.java.TestType] [  508] - row values are--------{1=com.java.Objects.TestDataDetails@16e32d7, 2=com.java.Objects.TestDataDetails@15da136, 3=com.java.Objects.TestDataDetails@9f20af, 4=com.java.Objects.TestDataDetails@f86f0e, 5=com.java.Objects.TestDataDetails@185c219, 6=com.java.Objects.TestDataDetails@1edc134, 7=com.java.Objects.TestDataDetails@19de6c}
[INFO ][2015-11-02 18:43:51,544][com.java.TestType] [  456] -  str(1) = 1
[INFO ][2015-11-02 18:43:51,545][com.java.TestType] [  459] - Test case Id is---1
[INFO ][2015-11-02 18:43:51,545][com.java.TestType] [  461] - 1
[INFO ][2015-11-02 18:43:51,545][com.java.TestType] [  456] -  str(2) = 8
[INFO ][2015-11-02 18:43:51,546][com.java.TestType] [  508] - row values are--------{1=com.java.Objects.TestDataDetails@16e32d7, 2=com.java.Objects.TestDataDetails@15da136, 3=com.java.Objects.TestDataDetails@9f20af, 4=com.java.Objects.TestDataDetails@f86f0e, 5=com.java.Objects.TestDataDetails@185c219, 6=com.java.Objects.TestDataDetails@1edc134, 7=com.java.Objects.TestDataDetails@19de6c, 8=com.java.Objects.TestDataDetails@9b81d5}
[INFO ][2015-11-02 18:43:51,546][com.java.TestType] [  456] -  str(1) = 1
[INFO ][2015-11-02 18:43:51,546][com.java.TestType] [  459] - Test case Id is---1
[INFO ][2015-11-02 18:43:51,546][com.java.TestType] [  461] - 1
[INFO ][2015-11-02 18:43:51,546][com.java.TestType] [  456] -  str(2) = 9
[INFO ][2015-11-02 18:43:51,547][com.java.TestType] [  508] - row values are--------{1=com.java.Objects.TestDataDetails@16e32d7, 2=com.java.Objects.TestDataDetails@15da136, 3=com.java.Objects.TestDataDetails@9f20af, 4=com.java.Objects.TestDataDetails@f86f0e, 5=com.java.Objects.TestDataDetails@185c219, 6=com.java.Objects.TestDataDetails@1edc134, 7=com.java.Objects.TestDataDetails@19de6c, 8=com.java.Objects.TestDataDetails@9b81d5, 9=com.java.Objects.TestDataDetails@1f8a98}
[INFO ][2015-11-02 18:43:51,547][com.java.TestType] [  456] -  str(1) = 1
[INFO ][2015-11-02 18:43:51,547][com.java.TestType] [  459] - Test case Id is---1
[INFO ][2015-11-02 18:43:51,547][com.java.TestType] [  461] - 1
[INFO ][2015-11-02 18:43:51,547][com.java.TestType] [  456] -  str(2) = 10
[INFO ][2015-11-02 18:43:51,548][com.java.TestType] [  508] - row values are--------{1=com.java.Objects.TestDataDetails@16e32d7, 2=com.java.Objects.TestDataDetails@15da136, 3=com.java.Objects.TestDataDetails@9f20af, 4=com.java.Objects.TestDataDetails@f86f0e, 5=com.java.Objects.TestDataDetails@185c219, 6=com.java.Objects.TestDataDetails@1edc134, 7=com.java.Objects.TestDataDetails@19de6c, 8=com.java.Objects.TestDataDetails@9b81d5, 9=com.java.Objects.TestDataDetails@1f8a98, 10=com.java.Objects.TestDataDetails@185552b}
[INFO ][2015-11-02 18:43:51,548][com.java.TestType] [  456] -  str(1) = 1
[INFO ][2015-11-02 18:43:51,548][com.java.TestType] [  459] - Test case Id is---1
[INFO ][2015-11-02 18:43:51,548][com.java.TestType] [  461] - 1
[INFO ][2015-11-02 18:43:51,548][com.java.TestType] [  456] -  str(2) = 11
[INFO ][2015-11-02 18:43:51,549][com.java.TestType] [  508] - row values are--------{1=com.java.Objects.TestDataDetails@16e32d7, 2=com.java.Objects.TestDataDetails@15da136, 3=com.java.Objects.TestDataDetails@9f20af, 4=com.java.Objects.TestDataDetails@f86f0e, 5=com.java.Objects.TestDataDetails@185c219, 6=com.java.Objects.TestDataDetails@1edc134, 7=com.java.Objects.TestDataDetails@19de6c, 8=com.java.Objects.TestDataDetails@9b81d5, 9=com.java.Objects.TestDataDetails@1f8a98, 10=com.java.Objects.TestDataDetails@185552b, 11=com.java.Objects.TestDataDetails@5a7006}
[INFO ][2015-11-02 18:43:51,549][com.java.TestType] [  456] -  str(1) = 1
[INFO ][2015-11-02 18:43:51,549][com.java.TestType] [  459] - Test case Id is---1
[INFO ][2015-11-02 18:43:51,549][com.java.TestType] [  461] - 1
[INFO ][2015-11-02 18:43:51,549][com.java.TestType] [  456] -  str(2) = 12
[INFO ][2015-11-02 18:43:51,551][com.java.TestType] [  508] - row values are--------{1=com.java.Objects.TestDataDetails@16e32d7, 2=com.java.Objects.TestDataDetails@15da136, 3=com.java.Objects.TestDataDetails@9f20af, 4=com.java.Objects.TestDataDetails@f86f0e, 5=com.java.Objects.TestDataDetails@185c219, 6=com.java.Objects.TestDataDetails@1edc134, 7=com.java.Objects.TestDataDetails@19de6c, 8=com.java.Objects.TestDataDetails@9b81d5, 9=com.java.Objects.TestDataDetails@1f8a98, 10=com.java.Objects.TestDataDetails@185552b, 11=com.java.Objects.TestDataDetails@5a7006, 12=com.java.Objects.TestDataDetails@5dc0a5}
[INFO ][2015-11-02 18:43:51,551][com.java.TestType] [  456] -  str(1) = 1
[INFO ][2015-11-02 18:43:51,551][com.java.TestType] [  459] - Test case Id is---1
[INFO ][2015-11-02 18:43:51,551][com.java.TestType] [  461] - 1
[INFO ][2015-11-02 18:43:51,551][com.java.TestType] [  456] -  str(2) = 13
[INFO ][2015-11-02 18:43:51,552][com.java.TestType] [  508] - row values are--------{1=com.java.Objects.TestDataDetails@16e32d7, 2=com.java.Objects.TestDataDetails@15da136, 3=com.java.Objects.TestDataDetails@9f20af, 4=com.java.Objects.TestDataDetails@f86f0e, 5=com.java.Objects.TestDataDetails@185c219, 6=com.java.Objects.TestDataDetails@1edc134, 7=com.java.Objects.TestDataDetails@19de6c, 8=com.java.Objects.TestDataDetails@9b81d5, 9=com.java.Objects.TestDataDetails@1f8a98, 10=com.java.Objects.TestDataDetails@185552b, 11=com.java.Objects.TestDataDetails@5a7006, 12=com.java.Objects.TestDataDetails@5dc0a5, 13=com.java.Objects.TestDataDetails@1627751}
[INFO ][2015-11-02 18:43:51,552][com.java.TestType] [  456] -  str(1) = 1
[INFO ][2015-11-02 18:43:51,552][com.java.TestType] [  459] - Test case Id is---1
[INFO ][2015-11-02 18:43:51,552][com.java.TestType] [  461] - 1
[INFO ][2015-11-02 18:43:51,552][com.java.TestType] [  456] -  str(2) = 14
[INFO ][2015-11-02 18:43:51,553][com.java.TestType] [  508] - row values are--------{1=com.java.Objects.TestDataDetails@16e32d7, 2=com.java.Objects.TestDataDetails@15da136, 3=com.java.Objects.TestDataDetails@9f20af, 4=com.java.Objects.TestDataDetails@f86f0e, 5=com.java.Objects.TestDataDetails@185c219, 6=com.java.Objects.TestDataDetails@1edc134, 7=com.java.Objects.TestDataDetails@19de6c, 8=com.java.Objects.TestDataDetails@9b81d5, 9=com.java.Objects.TestDataDetails@1f8a98, 10=com.java.Objects.TestDataDetails@185552b, 11=com.java.Objects.TestDataDetails@5a7006, 12=com.java.Objects.TestDataDetails@5dc0a5, 13=com.java.Objects.TestDataDetails@1627751, 14=com.java.Objects.TestDataDetails@2da07a}
[INFO ][2015-11-02 18:43:51,553][com.java.TestType] [ 7898] - Looping 1TCID = 1
[DEBUG][2015-11-02 18:43:51,553][com.java.TestType] [ 7939] - Concept ID:1 :: Step being Executed: 1::1
[INFO ][2015-11-02 18:43:51,553][com.java.TestType] [ 7977] - dataFields : TXTusername
[DEBUG][2015-11-02 18:43:51,554][com.java.TestType] [ 7983] - <In Set values of the page>
[DEBUG][2015-11-02 18:43:51,554][com.java.TestType] [ 7988] - {Data Fields & Data Values Exist}
[INFO ][2015-11-02 18:43:51,554][com.java.TestType] [ 7994] - --------------------------setting values-----------------------------
[INFO ][2015-11-02 18:43:51,554][com.java.TestType] [ 7997] - Action Type : CLEARANDENTER
[INFO ][2015-11-02 18:43:51,554][com.java.TestType] [ 3749] - value = naresh.nayini.00000
[INFO ][2015-11-02 18:43:56,393][com.java.TestType] [ 8016] -  RESULT true
[INFO ][2015-11-02 18:43:56,393][com.java.TestType] [ 8133] - ?   P A S S   ?
[DEBUG][2015-11-02 18:43:56,393][com.java.TestType] [ 7939] - Concept ID:1 :: Step being Executed: 1::2
[INFO ][2015-11-02 18:43:56,393][com.java.TestType] [ 7977] - dataFields : TXTpassword
[DEBUG][2015-11-02 18:43:56,393][com.java.TestType] [ 7983] - <In Set values of the page>
[DEBUG][2015-11-02 18:43:56,393][com.java.TestType] [ 7988] - {Data Fields & Data Values Exist}
[INFO ][2015-11-02 18:43:56,394][com.java.TestType] [ 7994] - --------------------------setting values-----------------------------
[INFO ][2015-11-02 18:43:56,394][com.java.TestType] [ 7997] - Action Type : CLEARANDENTER
[INFO ][2015-11-02 18:43:56,394][com.java.TestType] [ 3749] - value = Password1*
[INFO ][2015-11-02 18:44:01,326][com.java.TestType] [ 8016] -  RESULT true
[INFO ][2015-11-02 18:44:01,326][com.java.TestType] [ 8133] - ?   P A S S   ?
[DEBUG][2015-11-02 18:44:01,326][com.java.TestType] [ 7939] - Concept ID:1 :: Step being Executed: 1::3
[ERROR][2015-11-02 18:44:01,326][com.java.TestType] [ 7972] - Exception: null
[INFO ][2015-11-02 18:44:01,326][com.java.TestType] [ 7977] - dataFields : XPH//button[@type='submit']
[DEBUG][2015-11-02 18:44:01,326][com.java.TestType] [ 7983] - <In Set values of the page>
[DEBUG][2015-11-02 18:44:01,326][com.java.TestType] [ 7988] - {Data Fields & Data Values Exist}
[INFO ][2015-11-02 18:44:01,326][com.java.TestType] [ 7994] - --------------------------setting values-----------------------------
[INFO ][2015-11-02 18:44:01,326][com.java.TestType] [ 7997] - Action Type : Click
[INFO ][2015-11-02 18:44:01,327][com.java.TestType] [ 4062] - Field ::XPH//button[@type='submit']
[INFO ][2015-11-02 18:44:02,327][com.java.TestType] [ 4121] - BEFORE CLICK
[INFO ][2015-11-02 18:44:12,693][com.java.TestType] [ 4129] - Unable to click the object Login
[INFO ][2015-11-02 18:44:12,693][com.java.TestType] [ 8016] -  RESULT true
[INFO ][2015-11-02 18:44:12,693][com.java.TestType] [ 8133] - ?   P A S S   ?
[DEBUG][2015-11-02 18:44:12,693][com.java.TestType] [ 7939] - Concept ID:1 :: Step being Executed: 1::4
[INFO ][2015-11-02 18:44:12,693][com.java.TestType] [ 7977] - dataFields : LNKLogout
[DEBUG][2015-11-02 18:44:12,693][com.java.TestType] [ 7983] - <In Set values of the page>
[DEBUG][2015-11-02 18:44:12,693][com.java.TestType] [ 7988] - {Data Fields & Data Values Exist}
[INFO ][2015-11-02 18:44:12,693][com.java.TestType] [ 7994] - --------------------------setting values-----------------------------
[INFO ][2015-11-02 18:44:12,693][com.java.TestType] [ 7997] - Action Type : WaitForElement
[INFO ][2015-11-02 18:44:12,738][com.java.TestType] [ 8016] -  RESULT true
[INFO ][2015-11-02 18:44:12,738][com.java.TestType] [ 8133] - ?   P A S S   ?
[DEBUG][2015-11-02 18:44:12,738][com.java.TestType] [ 7939] - Concept ID:1 :: Step being Executed: 1::13
[INFO ][2015-11-02 18:44:12,738][com.java.TestType] [ 7977] - dataFields : LGN
[DEBUG][2015-11-02 18:44:12,738][com.java.TestType] [ 7983] - <In Set values of the page>
[DEBUG][2015-11-02 18:44:12,739][com.java.TestType] [ 7988] - {Data Fields & Data Values Exist}
[INFO ][2015-11-02 18:44:12,739][com.java.TestType] [ 7994] - --------------------------setting values-----------------------------
[INFO ][2015-11-02 18:44:12,739][com.java.TestType] [ 7997] - Action Type : Verify
[INFO ][2015-11-02 18:44:12,739][com.java.TestType] [ 4875] - field= LGN value= Username
[INFO ][2015-11-02 18:44:12,740][com.java.TestType] [ 3749] - value = Username
[INFO ][2015-11-02 18:44:12,893][com.java.TestType] [ 8016] -  RESULT true
[INFO ][2015-11-02 18:44:12,893][com.java.TestType] [ 8133] - ?   P A S S   ?
[DEBUG][2015-11-02 18:44:12,893][com.java.TestType] [ 7939] - Concept ID:1 :: Step being Executed: 1::14
[INFO ][2015-11-02 18:44:12,893][com.java.TestType] [ 7977] - dataFields : BTN
[DEBUG][2015-11-02 18:44:12,893][com.java.TestType] [ 7983] - <In Set values of the page>
[DEBUG][2015-11-02 18:44:12,893][com.java.TestType] [ 7988] - {Data Fields & Data Values Exist}
[INFO ][2015-11-02 18:44:12,893][com.java.TestType] [ 7994] - --------------------------setting values-----------------------------
[INFO ][2015-11-02 18:44:12,893][com.java.TestType] [ 7997] - Action Type : Verify
[INFO ][2015-11-02 18:44:12,893][com.java.TestType] [ 4875] - field= BTN value= //img[contains(@src,'bdlogo.jpg')]
[INFO ][2015-11-02 18:44:12,893][com.java.TestType] [ 3749] - value = //img[contains(@src,'bdlogo.jpg')]
[INFO ][2015-11-02 18:44:12,931][com.java.TestType] [ 8016] -  RESULT true
[INFO ][2015-11-02 18:44:12,931][com.java.TestType] [ 8133] - ?   P A S S   ?
[INFO ][2015-11-02 18:44:12,932][com.java.TestType] [ 8204] - Looping End......
[INFO ][2015-11-02 18:44:12,935][com.java.SeleniumDriver] [  861] -  RESULT true
[INFO ][2015-11-02 18:44:12,936][com.java.SeleniumDriver] [ 1066] - ?   P A S S   ?
[INFO ][2015-11-02 18:44:12,936][com.java.SeleniumDriver] [  788] - ------------------------------------------
[INFO ][2015-11-02 18:44:12,936][com.java.SeleniumDriver] [  789] - Test case being Executed: 1
[INFO ][2015-11-02 18:44:12,936][com.java.SeleniumDriver] [  800] - Test step:2
[INFO ][2015-11-02 18:44:12,936][com.java.SeleniumDriver] [  812] - Datavalue is----------Concept#2:1-2
[INFO ][2015-11-02 18:44:12,936][com.java.SeleniumDriver] [  836] - DataField : test
[INFO ][2015-11-02 18:44:12,936][com.java.SeleniumDriver] [  838] - DataValue : Concept#2:1-2
[INFO ][2015-11-02 18:44:12,936][com.java.SeleniumDriver] [  844] - <In Set values of the page>
[INFO ][2015-11-02 18:44:12,936][com.java.SeleniumDriver] [  847] - {Data Fields & Data Values Exist}
[INFO ][2015-11-02 18:44:12,936][com.java.SeleniumDriver] [  849] - --------------------------setting values-----------------------------
[INFO ][2015-11-02 18:44:12,936][com.java.SeleniumDriver] [  852] - Action Type : ExecuteTestCase
[INFO ][2015-11-02 18:44:12,937][com.java.TestType] [  411] - The Concept sheet name is ---------- Concept
[INFO ][2015-11-02 18:44:12,937][com.java.TestType] [  414] - The Concept ID  is ---------- 2
[DEBUG][2015-11-02 18:44:12,937][com.java.TestType] [  418] - Steps being executted in the Concept are: 1:2
[INFO ][2015-11-02 18:44:12,937][com.java.TestType] [  425] - Test data details path ---------- D:\BankersDashboard\TestInputs\TestData.xls
[INFO ][2015-11-02 18:44:12,970][com.java.TestType] [  456] -  str(1) = 2
[INFO ][2015-11-02 18:44:12,970][com.java.TestType] [  459] - Test case Id is---2
[INFO ][2015-11-02 18:44:12,970][com.java.TestType] [  461] - 2
[INFO ][2015-11-02 18:44:12,970][com.java.TestType] [  456] -  str(2) = 1
[INFO ][2015-11-02 18:44:12,972][com.java.TestType] [  508] - row values are--------{1=com.java.Objects.TestDataDetails@28eb36}
[INFO ][2015-11-02 18:44:12,972][com.java.TestType] [  456] -  str(1) = 2
[INFO ][2015-11-02 18:44:12,972][com.java.TestType] [  459] - Test case Id is---2
[INFO ][2015-11-02 18:44:12,972][com.java.TestType] [  461] - 2
[INFO ][2015-11-02 18:44:12,972][com.java.TestType] [  456] -  str(2) = 2
[INFO ][2015-11-02 18:44:12,973][com.java.TestType] [  508] - row values are--------{1=com.java.Objects.TestDataDetails@28eb36, 2=com.java.Objects.TestDataDetails@1e2bcc8}
[INFO ][2015-11-02 18:44:12,973][com.java.TestType] [  456] -  str(1) = 2
[INFO ][2015-11-02 18:44:12,973][com.java.TestType] [  459] - Test case Id is---2
[INFO ][2015-11-02 18:44:12,973][com.java.TestType] [  461] - 2
[INFO ][2015-11-02 18:44:12,973][com.java.TestType] [  456] -  str(2) = 3
[INFO ][2015-11-02 18:44:12,973][com.java.TestType] [  508] - row values are--------{1=com.java.Objects.TestDataDetails@28eb36, 2=com.java.Objects.TestDataDetails@1e2bcc8, 3=com.java.Objects.TestDataDetails@b0e3d6}
[INFO ][2015-11-02 18:44:12,974][com.java.TestType] [ 7898] - Looping 1TCID = 2
[DEBUG][2015-11-02 18:44:12,974][com.java.TestType] [ 7939] - Concept ID:2 :: Step being Executed: 2::1
[INFO ][2015-11-02 18:44:12,974][com.java.TestType] [ 7977] - dataFields : BNK//select[@id='bank']
[DEBUG][2015-11-02 18:44:12,974][com.java.TestType] [ 7983] - <In Set values of the page>
[DEBUG][2015-11-02 18:44:12,974][com.java.TestType] [ 7988] - {Data Fields & Data Values Exist}
[INFO ][2015-11-02 18:44:12,974][com.java.TestType] [ 7994] - --------------------------setting values-----------------------------
[INFO ][2015-11-02 18:44:12,974][com.java.TestType] [ 7997] - Action Type : Select
[INFO ][2015-11-02 18:44:12,974][com.java.TestType] [ 3749] - value = PFC
[INFO ][2015-11-02 18:44:13,185][com.java.TestType] [ 8016] -  RESULT true
[INFO ][2015-11-02 18:44:13,185][com.java.TestType] [ 8133] - ?   P A S S   ?
[DEBUG][2015-11-02 18:44:13,185][com.java.TestType] [ 7939] - Concept ID:2 :: Step being Executed: 2::2
[INFO ][2015-11-02 18:44:13,185][com.java.TestType] [ 7977] - dataFields : LNKLogout
[DEBUG][2015-11-02 18:44:13,185][com.java.TestType] [ 7983] - <In Set values of the page>
[DEBUG][2015-11-02 18:44:13,185][com.java.TestType] [ 7988] - {Data Fields & Data Values Exist}
[INFO ][2015-11-02 18:44:13,185][com.java.TestType] [ 7994] - --------------------------setting values-----------------------------
[INFO ][2015-11-02 18:44:13,185][com.java.TestType] [ 7997] - Action Type : WaitTime
[DEBUG][2015-11-02 18:44:13,185][com.java.TestType] [ 3653] - sleepTime: 5000
[INFO ][2015-11-02 18:44:18,185][com.java.TestType] [ 8016] -  RESULT true
[INFO ][2015-11-02 18:44:18,185][com.java.TestType] [ 8133] - ?   P A S S   ?
[INFO ][2015-11-02 18:44:18,185][com.java.TestType] [ 8204] - Looping End......
[INFO ][2015-11-02 18:44:18,189][com.java.SeleniumDriver] [  861] -  RESULT true
[INFO ][2015-11-02 18:44:18,189][com.java.SeleniumDriver] [ 1066] - ?   P A S S   ?
[INFO ][2015-11-02 18:44:18,189][com.java.SeleniumDriver] [  788] - ------------------------------------------
[INFO ][2015-11-02 18:44:18,189][com.java.SeleniumDriver] [  789] - Test case being Executed: 1
[INFO ][2015-11-02 18:44:18,189][com.java.SeleniumDriver] [  800] - Test step:3
[INFO ][2015-11-02 18:44:18,189][com.java.SeleniumDriver] [  812] - Datavalue is----------2
[INFO ][2015-11-02 18:44:18,189][com.java.SeleniumDriver] [  836] - DataField : XPH//button[contains(text(),'Add Content')]
[INFO ][2015-11-02 18:44:18,189][com.java.SeleniumDriver] [  838] - DataValue : 2
[INFO ][2015-11-02 18:44:18,190][com.java.SeleniumDriver] [  844] - <In Set values of the page>
[INFO ][2015-11-02 18:44:18,190][com.java.SeleniumDriver] [  847] - {Data Fields & Data Values Exist}
[INFO ][2015-11-02 18:44:18,190][com.java.SeleniumDriver] [  849] - --------------------------setting values-----------------------------
[INFO ][2015-11-02 18:44:18,190][com.java.SeleniumDriver] [  852] - Action Type : WAITFORELEMENT
[INFO ][2015-11-02 18:44:18,253][com.java.SeleniumDriver] [  861] -  RESULT true
[INFO ][2015-11-02 18:44:18,253][com.java.SeleniumDriver] [ 1066] - ?   P A S S   ?
[DEBUG][2015-11-02 18:44:18,253][com.java.SeleniumDriver] [ 1168] - Case found
[DEBUG][2015-11-02 18:44:18,253][com.java.SeleniumDriver] [ 1173] - Incrementing ReportCounters[0]:1
[INFO ][2015-11-02 18:44:18,253][com.java.SeleniumDriver] [ 1192] - The results are-------------------[1, 1, Valid Login, Pass, , Mon Nov 02 18:44:12 IST 2015, 1, 2, Valid Login, Pass, , Mon Nov 02 18:44:18 IST 2015, 1, 3, Add Custom Calculation Indicator to Start Page, Pass, , Mon Nov 02 18:44:18 IST 2015]
[INFO ][2015-11-02 18:44:18,253][com.java.SeleniumDriver] [ 1196] - End time is-------50 sec
[INFO ][2015-11-02 18:44:18,253][com.java.SeleniumDriver] [ 1197] - The results are-------------------[1, 1, Valid Login, Pass, , Mon Nov 02 18:44:12 IST 2015, 1, 2, Valid Login, Pass, , Mon Nov 02 18:44:18 IST 2015, 1, 3, Add Custom Calculation Indicator to Start Page, Pass, , Mon Nov 02 18:44:18 IST 2015]
[DEBUG][2015-11-02 18:44:18,253][com.java.ImportnExport.ExportTestResultsExcel] [  222] - testResultPath = D:\BankersDashboard/TestReports/Test Results_BankersDashBoard_110215_184329_IE11_Any Bank USA.xls
[DEBUG][2015-11-02 18:44:18,253][com.java.ImportnExport.ExportTestResultsExcel] [  223] - browser is------------IE11
[DEBUG][2015-11-02 18:44:18,298][com.java.ImportnExport.ExportTestResultsExcel] [  270] - result.size() = 18
[DEBUG][2015-11-02 18:44:18,298][com.java.ImportnExport.ExportTestResultsExcel] [  274] - No of rows in sheet=1
[DEBUG][2015-11-02 18:44:18,298][com.java.ImportnExport.ExportTestResultsExcel] [  301] - ..in export..1
[DEBUG][2015-11-02 18:44:18,298][com.java.ImportnExport.ExportTestResultsExcel] [  301] - ..in export..Valid Login
[DEBUG][2015-11-02 18:44:18,298][com.java.ImportnExport.ExportTestResultsExcel] [  301] - ..in export..Pass
[DEBUG][2015-11-02 18:44:18,298][com.java.ImportnExport.ExportTestResultsExcel] [  301] - ..in export..
[DEBUG][2015-11-02 18:44:18,298][com.java.ImportnExport.ExportTestResultsExcel] [  301] - ..in export..Mon Nov 02 18:44:12 IST 2015
[INFO ][2015-11-02 18:44:18,300][com.java.SeleniumDriver] [ 1255] - out loop:0 size:2 TestCases:[1, 12] testcases:[1, 12]
[INFO ][2015-11-02 18:44:18,300][com.java.ImportnExport.ImportTestDataDetailsExcel] [   49] - test data details path===== D:\BankersDashboard\TestInputs\TestData.xls
[INFO ][2015-11-02 18:44:38,857][com.java.SeleniumDriver] [  788] - ------------------------------------------
[INFO ][2015-11-02 18:44:38,857][com.java.SeleniumDriver] [  789] - Test case being Executed: 12
[INFO ][2015-11-02 18:44:38,857][com.java.SeleniumDriver] [  800] - Test step:1
[INFO ][2015-11-02 18:44:38,857][com.java.SeleniumDriver] [  812] - Datavalue is----------null
[DEBUG][2015-11-02 18:44:38,857][com.java.SeleniumDriver] [  830] - Exception: null
[INFO ][2015-11-02 18:44:38,857][com.java.SeleniumDriver] [  836] - DataField : LNKSettings
[INFO ][2015-11-02 18:44:38,857][com.java.SeleniumDriver] [  838] - DataValue : 
[INFO ][2015-11-02 18:44:38,857][com.java.SeleniumDriver] [  844] - <In Set values of the page>
[INFO ][2015-11-02 18:44:38,857][com.java.SeleniumDriver] [  847] - {Data Fields & Data Values Exist}
[INFO ][2015-11-02 18:44:38,857][com.java.SeleniumDriver] [  849] - --------------------------setting values-----------------------------
[INFO ][2015-11-02 18:44:38,857][com.java.SeleniumDriver] [  852] - Action Type : WAITFORELEMENT
[INFO ][2015-11-02 18:44:38,951][com.java.SeleniumDriver] [  861] -  RESULT true
[INFO ][2015-11-02 18:44:38,951][com.java.SeleniumDriver] [ 1066] - ?   P A S S   ?
[INFO ][2015-11-02 18:44:38,951][com.java.SeleniumDriver] [  788] - ------------------------------------------
[INFO ][2015-11-02 18:44:38,951][com.java.SeleniumDriver] [  789] - Test case being Executed: 12
[INFO ][2015-11-02 18:44:38,951][com.java.SeleniumDriver] [  800] - Test step:2
[INFO ][2015-11-02 18:44:38,951][com.java.SeleniumDriver] [  812] - Datavalue is----------null
[DEBUG][2015-11-02 18:44:38,951][com.java.SeleniumDriver] [  830] - Exception: null
[INFO ][2015-11-02 18:44:38,952][com.java.SeleniumDriver] [  836] - DataField : Settings&&Customize&&//ul[@id='Customize']/li[@data-id="MyDashboard"]
[INFO ][2015-11-02 18:44:38,952][com.java.SeleniumDriver] [  838] - DataValue : 
[INFO ][2015-11-02 18:44:38,952][com.java.SeleniumDriver] [  844] - <In Set values of the page>
[INFO ][2015-11-02 18:44:38,952][com.java.SeleniumDriver] [  847] - {Data Fields & Data Values Exist}
[INFO ][2015-11-02 18:44:38,952][com.java.SeleniumDriver] [  849] - --------------------------setting values-----------------------------
[INFO ][2015-11-02 18:44:38,952][com.java.SeleniumDriver] [  852] - Action Type : MOUSEOVER
[INFO ][2015-11-02 18:44:51,152][com.java.SeleniumDriver] [  861] -  RESULT true
[INFO ][2015-11-02 18:44:51,152][com.java.SeleniumDriver] [ 1066] - ?   P A S S   ?
[INFO ][2015-11-02 18:44:51,152][com.java.SeleniumDriver] [  788] - ------------------------------------------
[INFO ][2015-11-02 18:44:51,152][com.java.SeleniumDriver] [  789] - Test case being Executed: 12
[INFO ][2015-11-02 18:44:51,152][com.java.SeleniumDriver] [  800] - Test step:3
[INFO ][2015-11-02 18:44:51,152][com.java.SeleniumDriver] [  812] - Datavalue is----------5
[INFO ][2015-11-02 18:44:51,152][com.java.SeleniumDriver] [  836] - DataField : XPH//span[contains(text(),'Finished')]
[INFO ][2015-11-02 18:44:51,152][com.java.SeleniumDriver] [  838] - DataValue : 5
[INFO ][2015-11-02 18:44:51,152][com.java.SeleniumDriver] [  844] - <In Set values of the page>
[INFO ][2015-11-02 18:44:51,152][com.java.SeleniumDriver] [  847] - {Data Fields & Data Values Exist}
[INFO ][2015-11-02 18:44:51,152][com.java.SeleniumDriver] [  849] - --------------------------setting values-----------------------------
[INFO ][2015-11-02 18:44:51,153][com.java.SeleniumDriver] [  852] - Action Type : WAITFORELEMENT
[INFO ][2015-11-02 18:44:51,197][com.java.SeleniumDriver] [  861] -  RESULT true
[INFO ][2015-11-02 18:44:51,197][com.java.SeleniumDriver] [ 1066] - ?   P A S S   ?
[INFO ][2015-11-02 18:44:51,197][com.java.SeleniumDriver] [  788] - ------------------------------------------
[INFO ][2015-11-02 18:44:51,197][com.java.SeleniumDriver] [  789] - Test case being Executed: 12
[INFO ][2015-11-02 18:44:51,197][com.java.SeleniumDriver] [  800] - Test step:4
[INFO ][2015-11-02 18:44:51,197][com.java.SeleniumDriver] [  812] - Datavalue is----------My Dashboard Indicators
[INFO ][2015-11-02 18:44:51,197][com.java.SeleniumDriver] [  836] - DataField : XPH//span[contains(text(),'My Dashboard Indicators')]
[INFO ][2015-11-02 18:44:51,198][com.java.SeleniumDriver] [  838] - DataValue : My Dashboard Indicators
[INFO ][2015-11-02 18:44:51,198][com.java.SeleniumDriver] [  844] - <In Set values of the page>
[INFO ][2015-11-02 18:44:51,198][com.java.SeleniumDriver] [  847] - {Data Fields & Data Values Exist}
[INFO ][2015-11-02 18:44:51,198][com.java.SeleniumDriver] [  849] - --------------------------setting values-----------------------------
[INFO ][2015-11-02 18:44:51,198][com.java.SeleniumDriver] [  852] - Action Type : VERIFY
[INFO ][2015-11-02 18:44:51,198][com.java.TestType] [ 4875] - field= XPH//span[contains(text(),'My Dashboard Indicators')] value= My Dashboard Indicators
[INFO ][2015-11-02 18:44:51,198][com.java.TestType] [ 3749] - value = My Dashboard Indicators
[INFO ][2015-11-02 18:44:51,317][com.java.SeleniumDriver] [  861] -  RESULT true
[INFO ][2015-11-02 18:44:51,317][com.java.SeleniumDriver] [ 1066] - ?   P A S S   ?
[INFO ][2015-11-02 18:44:51,318][com.java.SeleniumDriver] [  788] - ------------------------------------------
[INFO ][2015-11-02 18:44:51,318][com.java.SeleniumDriver] [  789] - Test case being Executed: 12
[INFO ][2015-11-02 18:44:51,318][com.java.SeleniumDriver] [  800] - Test step:5
[INFO ][2015-11-02 18:44:51,318][com.java.SeleniumDriver] [  812] - Datavalue is----------frameDialogContent
[INFO ][2015-11-02 18:44:51,318][com.java.SeleniumDriver] [  836] - DataField : BTN
[INFO ][2015-11-02 18:44:51,318][com.java.SeleniumDriver] [  838] - DataValue : frameDialogContent
[INFO ][2015-11-02 18:44:51,318][com.java.SeleniumDriver] [  844] - <In Set values of the page>
[INFO ][2015-11-02 18:44:51,318][com.java.SeleniumDriver] [  847] - {Data Fields & Data Values Exist}
[INFO ][2015-11-02 18:44:51,318][com.java.SeleniumDriver] [  849] - --------------------------setting values-----------------------------
[INFO ][2015-11-02 18:44:51,318][com.java.SeleniumDriver] [  852] - Action Type : SELECTFRAMEBYNAME
[INFO ][2015-11-02 18:44:51,318][com.java.TestType] [ 3749] - value = frameDialogContent
[INFO ][2015-11-02 18:44:51,386][com.java.SeleniumDriver] [  861] -  RESULT true
[INFO ][2015-11-02 18:44:51,386][com.java.SeleniumDriver] [ 1066] - ?   P A S S   ?
[INFO ][2015-11-02 18:44:51,386][com.java.SeleniumDriver] [  788] - ------------------------------------------
[INFO ][2015-11-02 18:44:51,386][com.java.SeleniumDriver] [  789] - Test case being Executed: 12
[INFO ][2015-11-02 18:44:51,386][com.java.SeleniumDriver] [  800] - Test step:6
[INFO ][2015-11-02 18:44:51,386][com.java.SeleniumDriver] [  812] - Datavalue is----------null
[DEBUG][2015-11-02 18:44:51,386][com.java.SeleniumDriver] [  830] - Exception: null
[INFO ][2015-11-02 18:44:51,386][com.java.SeleniumDriver] [  836] - DataField : BTNbtnAddNew
[INFO ][2015-11-02 18:44:51,386][com.java.SeleniumDriver] [  838] - DataValue : 
[INFO ][2015-11-02 18:44:51,386][com.java.SeleniumDriver] [  844] - <In Set values of the page>
[INFO ][2015-11-02 18:44:51,386][com.java.SeleniumDriver] [  847] - {Data Fields & Data Values Exist}
[INFO ][2015-11-02 18:44:51,386][com.java.SeleniumDriver] [  849] - --------------------------setting values-----------------------------
[INFO ][2015-11-02 18:44:51,386][com.java.SeleniumDriver] [  852] - Action Type : CLICK
[INFO ][2015-11-02 18:44:51,387][com.java.TestType] [ 4062] - Field ::BTNbtnAddNew
[INFO ][2015-11-02 18:44:52,387][com.java.TestType] [ 4100] - BEFORE CLICK
[INFO ][2015-11-02 18:44:56,334][com.java.TestType] [ 4107] - Unable to click the object null
[INFO ][2015-11-02 18:44:56,334][com.java.SeleniumDriver] [  861] -  RESULT true
[INFO ][2015-11-02 18:44:56,334][com.java.SeleniumDriver] [ 1066] - ?   P A S S   ?
[INFO ][2015-11-02 18:44:56,334][com.java.SeleniumDriver] [  788] - ------------------------------------------
[INFO ][2015-11-02 18:44:56,334][com.java.SeleniumDriver] [  789] - Test case being Executed: 12
[INFO ][2015-11-02 18:44:56,334][com.java.SeleniumDriver] [  800] - Test step:7
[INFO ][2015-11-02 18:44:56,334][com.java.SeleniumDriver] [  812] - Datavalue is----------null
[DEBUG][2015-11-02 18:44:56,334][com.java.SeleniumDriver] [  830] - Exception: null
[INFO ][2015-11-02 18:44:56,334][com.java.SeleniumDriver] [  836] - DataField : XPH//input[@value="customCalcs"]
[INFO ][2015-11-02 18:44:56,335][com.java.SeleniumDriver] [  838] - DataValue : 
[INFO ][2015-11-02 18:44:56,335][com.java.SeleniumDriver] [  844] - <In Set values of the page>
[INFO ][2015-11-02 18:44:56,335][com.java.SeleniumDriver] [  847] - {Data Fields & Data Values Exist}
[INFO ][2015-11-02 18:44:56,335][com.java.SeleniumDriver] [  849] - --------------------------setting values-----------------------------
[INFO ][2015-11-02 18:44:56,335][com.java.SeleniumDriver] [  852] - Action Type : CLICK
[INFO ][2015-11-02 18:44:56,335][com.java.TestType] [ 4062] - Field ::XPH//input[@value="customCalcs"]
[INFO ][2015-11-02 18:44:57,335][com.java.TestType] [ 4121] - BEFORE CLICK
[INFO ][2015-11-02 18:44:59,082][com.java.TestType] [ 4129] - Unable to click the object Custom Calculations radio button
[INFO ][2015-11-02 18:44:59,082][com.java.SeleniumDriver] [  861] -  RESULT true
[INFO ][2015-11-02 18:44:59,082][com.java.SeleniumDriver] [ 1066] - ?   P A S S   ?
[INFO ][2015-11-02 18:44:59,082][com.java.SeleniumDriver] [  788] - ------------------------------------------
[INFO ][2015-11-02 18:44:59,082][com.java.SeleniumDriver] [  789] - Test case being Executed: 12
[INFO ][2015-11-02 18:44:59,082][com.java.SeleniumDriver] [  800] - Test step:8
[INFO ][2015-11-02 18:44:59,082][com.java.SeleniumDriver] [  812] - Datavalue is----------5
[INFO ][2015-11-02 18:44:59,082][com.java.SeleniumDriver] [  836] - DataField : BTNdynaCustomCalcTreeDiv
[INFO ][2015-11-02 18:44:59,082][com.java.SeleniumDriver] [  838] - DataValue : 5
[INFO ][2015-11-02 18:44:59,082][com.java.SeleniumDriver] [  844] - <In Set values of the page>
[INFO ][2015-11-02 18:44:59,082][com.java.SeleniumDriver] [  847] - {Data Fields & Data Values Exist}
[INFO ][2015-11-02 18:44:59,082][com.java.SeleniumDriver] [  849] - --------------------------setting values-----------------------------
[INFO ][2015-11-02 18:44:59,082][com.java.SeleniumDriver] [  852] - Action Type : WAITFORELEMENT
[INFO ][2015-11-02 18:45:00,203][com.java.SeleniumDriver] [  861] -  RESULT true
[INFO ][2015-11-02 18:45:00,203][com.java.SeleniumDriver] [ 1066] - ?   P A S S   ?
[INFO ][2015-11-02 18:45:00,203][com.java.SeleniumDriver] [  788] - ------------------------------------------
[INFO ][2015-11-02 18:45:00,203][com.java.SeleniumDriver] [  789] - Test case being Executed: 12
[INFO ][2015-11-02 18:45:00,203][com.java.SeleniumDriver] [  800] - Test step:9
[INFO ][2015-11-02 18:45:00,203][com.java.SeleniumDriver] [  812] - Datavalue is----------null
[DEBUG][2015-11-02 18:45:00,203][com.java.SeleniumDriver] [  830] - Exception: null
[INFO ][2015-11-02 18:45:00,203][com.java.SeleniumDriver] [  836] - DataField : XPH//div[@id='dynaCustomCalcTreeDiv']/ul/li[1]/span/a
[INFO ][2015-11-02 18:45:00,203][com.java.SeleniumDriver] [  838] - DataValue : 
[INFO ][2015-11-02 18:45:00,204][com.java.SeleniumDriver] [  844] - <In Set values of the page>
[INFO ][2015-11-02 18:45:00,204][com.java.SeleniumDriver] [  847] - {Data Fields & Data Values Exist}
[INFO ][2015-11-02 18:45:00,204][com.java.SeleniumDriver] [  849] - --------------------------setting values-----------------------------
[INFO ][2015-11-02 18:45:00,204][com.java.SeleniumDriver] [  852] - Action Type : CLICK
[INFO ][2015-11-02 18:45:00,204][com.java.TestType] [ 4062] - Field ::XPH//div[@id='dynaCustomCalcTreeDiv']/ul/li[1]/span/a
[INFO ][2015-11-02 18:45:01,204][com.java.TestType] [ 4121] - BEFORE CLICK
[INFO ][2015-11-02 18:45:01,963][com.java.TestType] [ 4129] - Unable to click the object Indicator Value
[INFO ][2015-11-02 18:45:01,963][com.java.SeleniumDriver] [  861] -  RESULT true
[INFO ][2015-11-02 18:45:01,963][com.java.SeleniumDriver] [ 1066] - ?   P A S S   ?
[INFO ][2015-11-02 18:45:01,963][com.java.SeleniumDriver] [  788] - ------------------------------------------
[INFO ][2015-11-02 18:45:01,963][com.java.SeleniumDriver] [  789] - Test case being Executed: 12
[INFO ][2015-11-02 18:45:01,963][com.java.SeleniumDriver] [  800] - Test step:10
[INFO ][2015-11-02 18:45:01,963][com.java.SeleniumDriver] [  812] - Datavalue is----------IndicatorName
[INFO ][2015-11-02 18:45:01,963][com.java.SeleniumDriver] [  836] - DataField : XPHIndicator
[INFO ][2015-11-02 18:45:01,963][com.java.SeleniumDriver] [  838] - DataValue : IndicatorName
[INFO ][2015-11-02 18:45:01,963][com.java.SeleniumDriver] [  844] - <In Set values of the page>
[INFO ][2015-11-02 18:45:01,963][com.java.SeleniumDriver] [  847] - {Data Fields & Data Values Exist}
[INFO ][2015-11-02 18:45:01,963][com.java.SeleniumDriver] [  849] - --------------------------setting values-----------------------------
[INFO ][2015-11-02 18:45:01,963][com.java.SeleniumDriver] [  852] - Action Type : STOREVALUE
[INFO ][2015-11-02 18:45:01,964][com.java.TestType] [ 5809] - field= XPHIndicator
[DEBUG][2015-11-02 18:45:03,176][com.java.TestType] [ 5861] - Key:: IndicatorName   Value:: 
[INFO ][2015-11-02 18:45:03,176][com.java.SeleniumDriver] [  861] -  RESULT true
[INFO ][2015-11-02 18:45:03,176][com.java.SeleniumDriver] [ 1066] - ?   P A S S   ?
[INFO ][2015-11-02 18:45:03,176][com.java.SeleniumDriver] [  788] - ------------------------------------------
[INFO ][2015-11-02 18:45:03,176][com.java.SeleniumDriver] [  789] - Test case being Executed: 12
[INFO ][2015-11-02 18:45:03,176][com.java.SeleniumDriver] [  800] - Test step:12
[INFO ][2015-11-02 18:45:03,176][com.java.SeleniumDriver] [  812] - Datavalue is----------null
[DEBUG][2015-11-02 18:45:03,176][com.java.SeleniumDriver] [  830] - Exception: null
[INFO ][2015-11-02 18:45:03,176][com.java.SeleniumDriver] [  836] - DataField : BTNbtnNext
[INFO ][2015-11-02 18:45:03,176][com.java.SeleniumDriver] [  838] - DataValue : 
[INFO ][2015-11-02 18:45:03,176][com.java.SeleniumDriver] [  844] - <In Set values of the page>
[INFO ][2015-11-02 18:45:03,176][com.java.SeleniumDriver] [  847] - {Data Fields & Data Values Exist}
[INFO ][2015-11-02 18:45:03,177][com.java.SeleniumDriver] [  849] - --------------------------setting values-----------------------------
[INFO ][2015-11-02 18:45:03,177][com.java.SeleniumDriver] [  852] - Action Type : CLICK
[INFO ][2015-11-02 18:45:03,177][com.java.TestType] [ 4062] - Field ::BTNbtnNext
[INFO ][2015-11-02 18:45:04,177][com.java.TestType] [ 4100] - BEFORE CLICK
[INFO ][2015-11-02 18:45:05,594][com.java.TestType] [ 4107] - Unable to click the object Next Button
[INFO ][2015-11-02 18:45:05,594][com.java.SeleniumDriver] [  861] -  RESULT true
[INFO ][2015-11-02 18:45:05,594][com.java.SeleniumDriver] [ 1066] - ?   P A S S   ?
[INFO ][2015-11-02 18:45:05,594][com.java.SeleniumDriver] [  788] - ------------------------------------------
[INFO ][2015-11-02 18:45:05,594][com.java.SeleniumDriver] [  789] - Test case being Executed: 12
[INFO ][2015-11-02 18:45:05,594][com.java.SeleniumDriver] [  800] - Test step:13
[INFO ][2015-11-02 18:45:05,594][com.java.SeleniumDriver] [  812] - Datavalue is----------5
[INFO ][2015-11-02 18:45:05,594][com.java.SeleniumDriver] [  836] - DataField : BTNGreenCompare
[INFO ][2015-11-02 18:45:05,594][com.java.SeleniumDriver] [  838] - DataValue : 5
[INFO ][2015-11-02 18:45:05,594][com.java.SeleniumDriver] [  844] - <In Set values of the page>
[INFO ][2015-11-02 18:45:05,594][com.java.SeleniumDriver] [  847] - {Data Fields & Data Values Exist}
[INFO ][2015-11-02 18:45:05,595][com.java.SeleniumDriver] [  849] - --------------------------setting values-----------------------------
[INFO ][2015-11-02 18:45:05,595][com.java.SeleniumDriver] [  852] - Action Type : WAITFORELEMENT
[INFO ][2015-11-02 18:45:06,671][com.java.SeleniumDriver] [  861] -  RESULT true
[INFO ][2015-11-02 18:45:06,671][com.java.SeleniumDriver] [ 1066] - ?   P A S S   ?
[INFO ][2015-11-02 18:45:06,671][com.java.SeleniumDriver] [  788] - ------------------------------------------
[INFO ][2015-11-02 18:45:06,671][com.java.SeleniumDriver] [  789] - Test case being Executed: 12
[INFO ][2015-11-02 18:45:06,671][com.java.SeleniumDriver] [  800] - Test step:14
[INFO ][2015-11-02 18:45:06,671][com.java.SeleniumDriver] [  812] - Datavalue is----------null
[DEBUG][2015-11-02 18:45:06,671][com.java.SeleniumDriver] [  830] - Exception: null
[INFO ][2015-11-02 18:45:06,671][com.java.SeleniumDriver] [  836] - DataField : BTNparent
[INFO ][2015-11-02 18:45:06,672][com.java.SeleniumDriver] [  838] - DataValue : 
[INFO ][2015-11-02 18:45:06,672][com.java.SeleniumDriver] [  844] - <In Set values of the page>
[INFO ][2015-11-02 18:45:06,672][com.java.SeleniumDriver] [  847] - {Data Fields & Data Values Exist}
[INFO ][2015-11-02 18:45:06,672][com.java.SeleniumDriver] [  849] - --------------------------setting values-----------------------------
[INFO ][2015-11-02 18:45:06,672][com.java.SeleniumDriver] [  852] - Action Type : SelectFrame
[INFO ][2015-11-02 18:45:06,685][com.java.SeleniumDriver] [  861] -  RESULT true
[INFO ][2015-11-02 18:45:06,685][com.java.SeleniumDriver] [ 1066] - ?   P A S S   ?
[INFO ][2015-11-02 18:45:06,685][com.java.SeleniumDriver] [  788] - ------------------------------------------
[INFO ][2015-11-02 18:45:06,685][com.java.SeleniumDriver] [  789] - Test case being Executed: 12
[INFO ][2015-11-02 18:45:06,685][com.java.SeleniumDriver] [  800] - Test step:15
[INFO ][2015-11-02 18:45:06,685][com.java.SeleniumDriver] [  812] - Datavalue is----------null
[DEBUG][2015-11-02 18:45:06,685][com.java.SeleniumDriver] [  830] - Exception: null
[INFO ][2015-11-02 18:45:06,685][com.java.SeleniumDriver] [  836] - DataField : XPH//span[contains(text(), 'Finished')]
[INFO ][2015-11-02 18:45:06,685][com.java.SeleniumDriver] [  838] - DataValue : 
[INFO ][2015-11-02 18:45:06,686][com.java.SeleniumDriver] [  844] - <In Set values of the page>
[INFO ][2015-11-02 18:45:06,686][com.java.SeleniumDriver] [  847] - {Data Fields & Data Values Exist}
[INFO ][2015-11-02 18:45:06,686][com.java.SeleniumDriver] [  849] - --------------------------setting values-----------------------------
[INFO ][2015-11-02 18:45:06,686][com.java.SeleniumDriver] [  852] - Action Type : CLICK
[INFO ][2015-11-02 18:45:06,686][com.java.TestType] [ 4062] - Field ::XPH//span[contains(text(), 'Finished')]
[INFO ][2015-11-02 18:45:07,686][com.java.TestType] [ 4121] - BEFORE CLICK
[INFO ][2015-11-02 18:45:08,939][com.java.TestType] [ 4129] - Unable to click the object null
[INFO ][2015-11-02 18:45:08,939][com.java.SeleniumDriver] [  861] -  RESULT true
[INFO ][2015-11-02 18:45:08,939][com.java.SeleniumDriver] [ 1066] - ?   P A S S   ?
[INFO ][2015-11-02 18:45:08,939][com.java.SeleniumDriver] [  788] - ------------------------------------------
[INFO ][2015-11-02 18:45:08,939][com.java.SeleniumDriver] [  789] - Test case being Executed: 12
[INFO ][2015-11-02 18:45:08,939][com.java.SeleniumDriver] [  800] - Test step:16
[INFO ][2015-11-02 18:45:08,939][com.java.SeleniumDriver] [  812] - Datavalue is----------5
[INFO ][2015-11-02 18:45:08,939][com.java.SeleniumDriver] [  836] - DataField : XPH//span[contains(text(), 'Finished')]
[INFO ][2015-11-02 18:45:08,939][com.java.SeleniumDriver] [  838] - DataValue : 5
[INFO ][2015-11-02 18:45:08,939][com.java.SeleniumDriver] [  844] - <In Set values of the page>
[INFO ][2015-11-02 18:45:08,939][com.java.SeleniumDriver] [  847] - {Data Fields & Data Values Exist}
[INFO ][2015-11-02 18:45:08,939][com.java.SeleniumDriver] [  849] - --------------------------setting values-----------------------------
[INFO ][2015-11-02 18:45:08,939][com.java.SeleniumDriver] [  852] - Action Type : WAITFORELEMENT
[INFO ][2015-11-02 18:45:09,124][com.java.SeleniumDriver] [  861] -  RESULT true
[INFO ][2015-11-02 18:45:09,124][com.java.SeleniumDriver] [ 1066] - ?   P A S S   ?
[INFO ][2015-11-02 18:45:09,124][com.java.SeleniumDriver] [  788] - ------------------------------------------
[INFO ][2015-11-02 18:45:09,124][com.java.SeleniumDriver] [  789] - Test case being Executed: 12
[INFO ][2015-11-02 18:45:09,124][com.java.SeleniumDriver] [  800] - Test step:17
[INFO ][2015-11-02 18:45:09,124][com.java.SeleniumDriver] [  812] - Datavalue is----------HMVIndicatorName
[INFO ][2015-11-02 18:45:09,124][com.java.SeleniumDriver] [  836] - DataField : MSG
[INFO ][2015-11-02 18:45:09,124][com.java.SeleniumDriver] [  838] - DataValue : HMVIndicatorName
[INFO ][2015-11-02 18:45:09,124][com.java.SeleniumDriver] [  844] - <In Set values of the page>
[INFO ][2015-11-02 18:45:09,124][com.java.SeleniumDriver] [  847] - {Data Fields & Data Values Exist}
[INFO ][2015-11-02 18:45:09,125][com.java.SeleniumDriver] [  849] - --------------------------setting values-----------------------------
[INFO ][2015-11-02 18:45:09,125][com.java.SeleniumDriver] [  852] - Action Type : VERIFY
[INFO ][2015-11-02 18:45:09,125][com.java.TestType] [ 4875] - field= MSG value= HMVIndicatorName
[INFO ][2015-11-02 18:45:09,125][com.java.TestType] [ 3749] - value = 
[DEBUG][2015-11-02 18:45:09,125][com.java.TestType] [ 5452] - value :: 
[INFO ][2015-11-02 18:45:09,189][com.java.SeleniumDriver] [  861] -  RESULT true
[INFO ][2015-11-02 18:45:09,189][com.java.SeleniumDriver] [ 1066] - ?   P A S S   ?
[INFO ][2015-11-02 18:45:09,190][com.java.SeleniumDriver] [  788] - ------------------------------------------
[INFO ][2015-11-02 18:45:09,190][com.java.SeleniumDriver] [  789] - Test case being Executed: 12
[INFO ][2015-11-02 18:45:09,190][com.java.SeleniumDriver] [  800] - Test step:18
[INFO ][2015-11-02 18:45:09,190][com.java.SeleniumDriver] [  812] - Datavalue is----------null
[DEBUG][2015-11-02 18:45:09,190][com.java.SeleniumDriver] [  830] - Exception: null
[INFO ][2015-11-02 18:45:09,190][com.java.SeleniumDriver] [  836] - DataField : XPH//span[contains(text(), 'Finished')]
[INFO ][2015-11-02 18:45:09,190][com.java.SeleniumDriver] [  838] - DataValue : 
[INFO ][2015-11-02 18:45:09,190][com.java.SeleniumDriver] [  844] - <In Set values of the page>
[INFO ][2015-11-02 18:45:09,190][com.java.SeleniumDriver] [  847] - {Data Fields & Data Values Exist}
[INFO ][2015-11-02 18:45:09,190][com.java.SeleniumDriver] [  849] - --------------------------setting values-----------------------------
[INFO ][2015-11-02 18:45:09,190][com.java.SeleniumDriver] [  852] - Action Type : CLICK
[INFO ][2015-11-02 18:45:09,190][com.java.TestType] [ 4062] - Field ::XPH//span[contains(text(), 'Finished')]
[INFO ][2015-11-02 18:45:10,190][com.java.TestType] [ 4121] - BEFORE CLICK
[INFO ][2015-11-02 18:45:11,104][com.java.TestType] [ 4129] - Unable to click the object null
[INFO ][2015-11-02 18:45:11,104][com.java.SeleniumDriver] [  861] -  RESULT true
[INFO ][2015-11-02 18:45:11,104][com.java.SeleniumDriver] [ 1066] - ?   P A S S   ?
[INFO ][2015-11-02 18:45:11,104][com.java.SeleniumDriver] [  788] - ------------------------------------------
[INFO ][2015-11-02 18:45:11,104][com.java.SeleniumDriver] [  789] - Test case being Executed: 12
[INFO ][2015-11-02 18:45:11,104][com.java.SeleniumDriver] [  800] - Test step:19
[INFO ][2015-11-02 18:45:11,104][com.java.SeleniumDriver] [  812] - Datavalue is----------5
[INFO ][2015-11-02 18:45:11,104][com.java.SeleniumDriver] [  836] - DataField : BTNdashboardModule.0
[INFO ][2015-11-02 18:45:11,104][com.java.SeleniumDriver] [  838] - DataValue : 5
[INFO ][2015-11-02 18:45:11,104][com.java.SeleniumDriver] [  844] - <In Set values of the page>
[INFO ][2015-11-02 18:45:11,104][com.java.SeleniumDriver] [  847] - {Data Fields & Data Values Exist}
[INFO ][2015-11-02 18:45:11,104][com.java.SeleniumDriver] [  849] - --------------------------setting values-----------------------------
[INFO ][2015-11-02 18:45:11,104][com.java.SeleniumDriver] [  852] - Action Type : WAITFORELEMENT
[INFO ][2015-11-02 18:45:12,328][com.java.SeleniumDriver] [  861] -  RESULT true
[INFO ][2015-11-02 18:45:12,328][com.java.SeleniumDriver] [ 1066] - ?   P A S S   ?
[INFO ][2015-11-02 18:45:12,328][com.java.SeleniumDriver] [  788] - ------------------------------------------
[INFO ][2015-11-02 18:45:12,328][com.java.SeleniumDriver] [  789] - Test case being Executed: 12
[INFO ][2015-11-02 18:45:12,328][com.java.SeleniumDriver] [  800] - Test step:20
[INFO ][2015-11-02 18:45:12,328][com.java.SeleniumDriver] [  812] - Datavalue is----------dashboardModule.0
[INFO ][2015-11-02 18:45:12,328][com.java.SeleniumDriver] [  836] - DataField : BTN
[INFO ][2015-11-02 18:45:12,329][com.java.SeleniumDriver] [  838] - DataValue : dashboardModule.0
[INFO ][2015-11-02 18:45:12,329][com.java.SeleniumDriver] [  844] - <In Set values of the page>
[INFO ][2015-11-02 18:45:12,329][com.java.SeleniumDriver] [  847] - {Data Fields & Data Values Exist}
[INFO ][2015-11-02 18:45:12,329][com.java.SeleniumDriver] [  849] - --------------------------setting values-----------------------------
[INFO ][2015-11-02 18:45:12,329][com.java.SeleniumDriver] [  852] - Action Type : VERIFY
[INFO ][2015-11-02 18:45:12,329][com.java.TestType] [ 4875] - field= BTN value= dashboardModule.0
[INFO ][2015-11-02 18:45:12,329][com.java.TestType] [ 3749] - value = dashboardModule.0
[INFO ][2015-11-02 18:45:13,544][com.java.SeleniumDriver] [  861] -  RESULT true
[INFO ][2015-11-02 18:45:13,544][com.java.SeleniumDriver] [ 1066] - ?   P A S S   ?
[INFO ][2015-11-02 18:45:13,544][com.java.SeleniumDriver] [  788] - ------------------------------------------
[INFO ][2015-11-02 18:45:13,544][com.java.SeleniumDriver] [  789] - Test case being Executed: 12
[INFO ][2015-11-02 18:45:13,544][com.java.SeleniumDriver] [  800] - Test step:21
[INFO ][2015-11-02 18:45:13,544][com.java.SeleniumDriver] [  812] - Datavalue is----------HMVIndicatorName
[INFO ][2015-11-02 18:45:13,545][com.java.SeleniumDriver] [  836] - DataField : MSG
[INFO ][2015-11-02 18:45:13,545][com.java.SeleniumDriver] [  838] - DataValue : HMVIndicatorName
[INFO ][2015-11-02 18:45:13,545][com.java.SeleniumDriver] [  844] - <In Set values of the page>
[INFO ][2015-11-02 18:45:13,545][com.java.SeleniumDriver] [  847] - {Data Fields & Data Values Exist}
[INFO ][2015-11-02 18:45:13,545][com.java.SeleniumDriver] [  849] - --------------------------setting values-----------------------------
[INFO ][2015-11-02 18:45:13,545][com.java.SeleniumDriver] [  852] - Action Type : VERIFY
[INFO ][2015-11-02 18:45:13,545][com.java.TestType] [ 4875] - field= MSG value= HMVIndicatorName
[INFO ][2015-11-02 18:45:13,545][com.java.TestType] [ 3749] - value = 
[DEBUG][2015-11-02 18:45:13,545][com.java.TestType] [ 5452] - value :: 
[INFO ][2015-11-02 18:45:13,596][com.java.SeleniumDriver] [  861] -  RESULT true
[INFO ][2015-11-02 18:45:13,596][com.java.SeleniumDriver] [ 1066] - ?   P A S S   ?
[INFO ][2015-11-02 18:45:13,596][com.java.SeleniumDriver] [  788] - ------------------------------------------
[INFO ][2015-11-02 18:45:13,596][com.java.SeleniumDriver] [  789] - Test case being Executed: 12
[INFO ][2015-11-02 18:45:13,597][com.java.SeleniumDriver] [  800] - Test step:22
[INFO ][2015-11-02 18:45:13,597][com.java.SeleniumDriver] [  812] - Datavalue is----------null
[DEBUG][2015-11-02 18:45:13,597][com.java.SeleniumDriver] [  830] - Exception: null
[INFO ][2015-11-02 18:45:13,597][com.java.SeleniumDriver] [  836] - DataField : Settings&&Customize&&//ul[@id='Customize']/li[@data-id="MyDashboard"]
[INFO ][2015-11-02 18:45:13,597][com.java.SeleniumDriver] [  838] - DataValue : 
[INFO ][2015-11-02 18:45:13,598][com.java.SeleniumDriver] [  844] - <In Set values of the page>
[INFO ][2015-11-02 18:45:13,598][com.java.SeleniumDriver] [  847] - {Data Fields & Data Values Exist}
[INFO ][2015-11-02 18:45:13,598][com.java.SeleniumDriver] [  849] - --------------------------setting values-----------------------------
[INFO ][2015-11-02 18:45:13,598][com.java.SeleniumDriver] [  852] - Action Type : MOUSEOVER
[INFO ][2015-11-02 18:45:24,991][com.java.SeleniumDriver] [  861] -  RESULT true
[INFO ][2015-11-02 18:45:24,991][com.java.SeleniumDriver] [ 1066] - ?   P A S S   ?
[INFO ][2015-11-02 18:45:24,991][com.java.SeleniumDriver] [  788] - ------------------------------------------
[INFO ][2015-11-02 18:45:24,991][com.java.SeleniumDriver] [  789] - Test case being Executed: 12
[INFO ][2015-11-02 18:45:24,991][com.java.SeleniumDriver] [  800] - Test step:23
[INFO ][2015-11-02 18:45:24,991][com.java.SeleniumDriver] [  812] - Datavalue is----------5
[INFO ][2015-11-02 18:45:24,991][com.java.SeleniumDriver] [  836] - DataField : XPH//span[contains(text(), 'Finished')]
[INFO ][2015-11-02 18:45:24,991][com.java.SeleniumDriver] [  838] - DataValue : 5
[INFO ][2015-11-02 18:45:24,991][com.java.SeleniumDriver] [  844] - <In Set values of the page>
[INFO ][2015-11-02 18:45:24,991][com.java.SeleniumDriver] [  847] - {Data Fields & Data Values Exist}
[INFO ][2015-11-02 18:45:24,991][com.java.SeleniumDriver] [  849] - --------------------------setting values-----------------------------
[INFO ][2015-11-02 18:45:24,991][com.java.SeleniumDriver] [  852] - Action Type : WAITFORELEMENT
[INFO ][2015-11-02 18:45:25,034][com.java.SeleniumDriver] [  861] -  RESULT true
[INFO ][2015-11-02 18:45:25,034][com.java.SeleniumDriver] [ 1066] - ?   P A S S   ?
[INFO ][2015-11-02 18:45:25,034][com.java.SeleniumDriver] [  788] - ------------------------------------------
[INFO ][2015-11-02 18:45:25,035][com.java.SeleniumDriver] [  789] - Test case being Executed: 12
[INFO ][2015-11-02 18:45:25,036][com.java.SeleniumDriver] [  800] - Test step:24
[INFO ][2015-11-02 18:45:25,036][com.java.SeleniumDriver] [  812] - Datavalue is----------frameDialogContent
[INFO ][2015-11-02 18:45:25,036][com.java.SeleniumDriver] [  836] - DataField : BTN
[INFO ][2015-11-02 18:45:25,036][com.java.SeleniumDriver] [  838] - DataValue : frameDialogContent
[INFO ][2015-11-02 18:45:25,036][com.java.SeleniumDriver] [  844] - <In Set values of the page>
[INFO ][2015-11-02 18:45:25,036][com.java.SeleniumDriver] [  847] - {Data Fields & Data Values Exist}
[INFO ][2015-11-02 18:45:25,036][com.java.SeleniumDriver] [  849] - --------------------------setting values-----------------------------
[INFO ][2015-11-02 18:45:25,036][com.java.SeleniumDriver] [  852] - Action Type : SELECTFRAMEBYNAME
[INFO ][2015-11-02 18:45:25,036][com.java.TestType] [ 3749] - value = frameDialogContent
[INFO ][2015-11-02 18:45:25,101][com.java.SeleniumDriver] [  861] -  RESULT true
[INFO ][2015-11-02 18:45:25,101][com.java.SeleniumDriver] [ 1066] - ?   P A S S   ?
[INFO ][2015-11-02 18:45:25,101][com.java.SeleniumDriver] [  788] - ------------------------------------------
[INFO ][2015-11-02 18:45:25,101][com.java.SeleniumDriver] [  789] - Test case being Executed: 12
[INFO ][2015-11-02 18:45:25,101][com.java.SeleniumDriver] [  800] - Test step:25
[INFO ][2015-11-02 18:45:25,101][com.java.SeleniumDriver] [  812] - Datavalue is----------null
[DEBUG][2015-11-02 18:45:25,101][com.java.SeleniumDriver] [  830] - Exception: null
[INFO ][2015-11-02 18:45:25,101][com.java.SeleniumDriver] [  836] - DataField : XPH//table[@id='tblIndicators']/tbody/tr[last()]/td[last()]/span[1]
[INFO ][2015-11-02 18:45:25,101][com.java.SeleniumDriver] [  838] - DataValue : 
[INFO ][2015-11-02 18:45:25,102][com.java.SeleniumDriver] [  844] - <In Set values of the page>
[INFO ][2015-11-02 18:45:25,102][com.java.SeleniumDriver] [  847] - {Data Fields & Data Values Exist}
[INFO ][2015-11-02 18:45:25,102][com.java.SeleniumDriver] [  849] - --------------------------setting values-----------------------------
[INFO ][2015-11-02 18:45:25,102][com.java.SeleniumDriver] [  852] - Action Type : CLICK
[INFO ][2015-11-02 18:45:25,102][com.java.TestType] [ 4062] - Field ::XPH//table[@id='tblIndicators']/tbody/tr[last()]/td[last()]/span[1]
[INFO ][2015-11-02 18:45:26,102][com.java.TestType] [ 4121] - BEFORE CLICK
[INFO ][2015-11-02 18:45:27,416][com.java.TestType] [ 4129] - Unable to click the object null
[INFO ][2015-11-02 18:45:27,416][com.java.SeleniumDriver] [  861] -  RESULT true
[INFO ][2015-11-02 18:45:27,416][com.java.SeleniumDriver] [ 1066] - ?   P A S S   ?
[INFO ][2015-11-02 18:45:27,416][com.java.SeleniumDriver] [  788] - ------------------------------------------
[INFO ][2015-11-02 18:45:27,416][com.java.SeleniumDriver] [  789] - Test case being Executed: 12
[INFO ][2015-11-02 18:45:27,416][com.java.SeleniumDriver] [  800] - Test step:26
[INFO ][2015-11-02 18:45:27,416][com.java.SeleniumDriver] [  812] - Datavalue is----------null
[DEBUG][2015-11-02 18:45:27,416][com.java.SeleniumDriver] [  830] - Exception: null
[INFO ][2015-11-02 18:45:27,416][com.java.SeleniumDriver] [  836] - DataField : null
[INFO ][2015-11-02 18:45:27,416][com.java.SeleniumDriver] [  838] - DataValue : 
[INFO ][2015-11-02 18:45:27,416][com.java.SeleniumDriver] [  844] - <In Set values of the page>
[INFO ][2015-11-02 18:45:27,416][com.java.SeleniumDriver] [  847] - {Data Fields & Data Values Exist}
[INFO ][2015-11-02 18:45:27,416][com.java.SeleniumDriver] [  849] - --------------------------setting values-----------------------------
[INFO ][2015-11-02 18:45:27,417][com.java.SeleniumDriver] [  852] - Action Type : WAITTIME
[DEBUG][2015-11-02 18:45:27,417][com.java.TestType] [ 3653] - sleepTime: 10000
[INFO ][2015-11-02 18:45:37,417][com.java.SeleniumDriver] [  861] -  RESULT true
[INFO ][2015-11-02 18:45:37,417][com.java.SeleniumDriver] [ 1066] - ?   P A S S   ?
[INFO ][2015-11-02 18:45:37,417][com.java.SeleniumDriver] [  788] - ------------------------------------------
[INFO ][2015-11-02 18:45:37,417][com.java.SeleniumDriver] [  789] - Test case being Executed: 12
[INFO ][2015-11-02 18:45:37,417][com.java.SeleniumDriver] [  800] - Test step:28
[INFO ][2015-11-02 18:45:37,417][com.java.SeleniumDriver] [  812] - Datavalue is----------null
[DEBUG][2015-11-02 18:45:37,417][com.java.SeleniumDriver] [  830] - Exception: null
[INFO ][2015-11-02 18:45:37,417][com.java.SeleniumDriver] [  836] - DataField : BTNparent
[INFO ][2015-11-02 18:45:37,417][com.java.SeleniumDriver] [  838] - DataValue : 
[INFO ][2015-11-02 18:45:37,417][com.java.SeleniumDriver] [  844] - <In Set values of the page>
[INFO ][2015-11-02 18:45:37,417][com.java.SeleniumDriver] [  847] - {Data Fields & Data Values Exist}
[INFO ][2015-11-02 18:45:37,417][com.java.SeleniumDriver] [  849] - --------------------------setting values-----------------------------
[INFO ][2015-11-02 18:45:37,419][com.java.SeleniumDriver] [  852] - Action Type : SelectFrame
[INFO ][2015-11-02 18:45:37,432][com.java.SeleniumDriver] [  861] -  RESULT true
[INFO ][2015-11-02 18:45:37,433][com.java.SeleniumDriver] [ 1066] - ?   P A S S   ?
[INFO ][2015-11-02 18:45:37,433][com.java.SeleniumDriver] [  788] - ------------------------------------------
[INFO ][2015-11-02 18:45:37,433][com.java.SeleniumDriver] [  789] - Test case being Executed: 12
[INFO ][2015-11-02 18:45:37,433][com.java.SeleniumDriver] [  800] - Test step:29
[INFO ][2015-11-02 18:45:37,433][com.java.SeleniumDriver] [  812] - Datavalue is----------5
[INFO ][2015-11-02 18:45:37,433][com.java.SeleniumDriver] [  836] - DataField : XPH//span[contains(text(), 'Finished')]
[INFO ][2015-11-02 18:45:37,433][com.java.SeleniumDriver] [  838] - DataValue : 5
[INFO ][2015-11-02 18:45:37,433][com.java.SeleniumDriver] [  844] - <In Set values of the page>
[INFO ][2015-11-02 18:45:37,433][com.java.SeleniumDriver] [  847] - {Data Fields & Data Values Exist}
[INFO ][2015-11-02 18:45:37,433][com.java.SeleniumDriver] [  849] - --------------------------setting values-----------------------------
[INFO ][2015-11-02 18:45:37,433][com.java.SeleniumDriver] [  852] - Action Type : WAITFORELEMENT
[INFO ][2015-11-02 18:45:37,466][com.java.SeleniumDriver] [  861] -  RESULT true
[INFO ][2015-11-02 18:45:37,466][com.java.SeleniumDriver] [ 1066] - ?   P A S S   ?
[INFO ][2015-11-02 18:45:37,466][com.java.SeleniumDriver] [  788] - ------------------------------------------
[INFO ][2015-11-02 18:45:37,466][com.java.SeleniumDriver] [  789] - Test case being Executed: 12
[INFO ][2015-11-02 18:45:37,466][com.java.SeleniumDriver] [  800] - Test step:30
[INFO ][2015-11-02 18:45:37,466][com.java.SeleniumDriver] [  812] - Datavalue is----------null
[DEBUG][2015-11-02 18:45:37,466][com.java.SeleniumDriver] [  830] - Exception: null
[INFO ][2015-11-02 18:45:37,466][com.java.SeleniumDriver] [  836] - DataField : XPH//span[contains(text(), 'Finished')]
[INFO ][2015-11-02 18:45:37,466][com.java.SeleniumDriver] [  838] - DataValue : 
[INFO ][2015-11-02 18:45:37,466][com.java.SeleniumDriver] [  844] - <In Set values of the page>
[INFO ][2015-11-02 18:45:37,466][com.java.SeleniumDriver] [  847] - {Data Fields & Data Values Exist}
[INFO ][2015-11-02 18:45:37,467][com.java.SeleniumDriver] [  849] - --------------------------setting values-----------------------------
[INFO ][2015-11-02 18:45:37,467][com.java.SeleniumDriver] [  852] - Action Type : CLICK
[INFO ][2015-11-02 18:45:37,467][com.java.TestType] [ 4062] - Field ::XPH//span[contains(text(), 'Finished')]
[INFO ][2015-11-02 18:45:38,467][com.java.TestType] [ 4121] - BEFORE CLICK
[INFO ][2015-11-02 18:45:39,424][com.java.TestType] [ 4129] - Unable to click the object null
[INFO ][2015-11-02 18:45:39,424][com.java.SeleniumDriver] [  861] -  RESULT true
[INFO ][2015-11-02 18:45:39,424][com.java.SeleniumDriver] [ 1066] - ?   P A S S   ?
[INFO ][2015-11-02 18:45:39,424][com.java.SeleniumDriver] [  788] - ------------------------------------------
[INFO ][2015-11-02 18:45:39,424][com.java.SeleniumDriver] [  789] - Test case being Executed: 12
[INFO ][2015-11-02 18:45:39,424][com.java.SeleniumDriver] [  800] - Test step:31
[INFO ][2015-11-02 18:45:39,424][com.java.SeleniumDriver] [  812] - Datavalue is----------null
[DEBUG][2015-11-02 18:45:39,424][com.java.SeleniumDriver] [  830] - Exception: null
[INFO ][2015-11-02 18:45:39,424][com.java.SeleniumDriver] [  836] - DataField : LNKSettings
[INFO ][2015-11-02 18:45:39,424][com.java.SeleniumDriver] [  838] - DataValue : 
[INFO ][2015-11-02 18:45:39,424][com.java.SeleniumDriver] [  844] - <In Set values of the page>
[INFO ][2015-11-02 18:45:39,424][com.java.SeleniumDriver] [  847] - {Data Fields & Data Values Exist}
[INFO ][2015-11-02 18:45:39,425][com.java.SeleniumDriver] [  849] - --------------------------setting values-----------------------------
[INFO ][2015-11-02 18:45:39,425][com.java.SeleniumDriver] [  852] - Action Type : WAITFORELEMENT
[INFO ][2015-11-02 18:45:39,508][com.java.SeleniumDriver] [  861] -  RESULT true
[INFO ][2015-11-02 18:45:39,508][com.java.SeleniumDriver] [ 1066] - ?   P A S S   ?
[INFO ][2015-11-02 18:45:39,508][com.java.SeleniumDriver] [  788] - ------------------------------------------
[INFO ][2015-11-02 18:45:39,508][com.java.SeleniumDriver] [  789] - Test case being Executed: 12
[INFO ][2015-11-02 18:45:39,508][com.java.SeleniumDriver] [  800] - Test step:200
[INFO ][2015-11-02 18:45:39,508][com.java.SeleniumDriver] [  812] - Datavalue is----------Concept#
[INFO ][2015-11-02 18:45:39,508][com.java.SeleniumDriver] [  836] - DataField : test
[INFO ][2015-11-02 18:45:39,508][com.java.SeleniumDriver] [  838] - DataValue : Concept#
[INFO ][2015-11-02 18:45:39,508][com.java.SeleniumDriver] [  844] - <In Set values of the page>
[INFO ][2015-11-02 18:45:39,508][com.java.SeleniumDriver] [  847] - {Data Fields & Data Values Exist}
[INFO ][2015-11-02 18:45:39,508][com.java.SeleniumDriver] [  849] - --------------------------setting values-----------------------------
[INFO ][2015-11-02 18:45:39,508][com.java.SeleniumDriver] [  852] - Action Type : ExecuteTestCase
[DEBUG][2015-11-02 18:45:39,509][com.java.TestType] [  517] - exception value : 1
[INFO ][2015-11-02 18:45:39,532][com.java.SeleniumDriver] [  861] -  RESULT false
[INFO ][2015-11-02 18:45:39,532][com.java.SeleniumDriver] [  908] - ?   F A I L   ?
[INFO ][2015-11-02 18:45:39,532][com.java.SeleniumDriver] [  916] - Browser Type : IE11
[INFO ][2015-11-02 18:45:39,532][com.java.SeleniumDriver] [  917] - Adding Failed case12
[INFO ][2015-11-02 18:45:40,629][com.java.SeleniumDriver] [ 1030] - failedCases = 12
[ERROR][2015-11-02 18:45:40,629][com.java.SeleniumDriver] [ 1516] - Platform Errors : Our apologies...::We have encountered an issue with your request.::Our apologies?:We encountered an issue with your request.
[INFO ][2015-11-02 18:45:40,629][com.java.SeleniumDriver] [ 1520] - Length =3
[ERROR][2015-11-02 18:45:40,630][com.java.SeleniumDriver] [ 1523] - Error 0 = Our apologies...
[ERROR][2015-11-02 18:45:40,819][com.java.SeleniumDriver] [ 1523] - Error 1 = We have encountered an issue with your request.
[ERROR][2015-11-02 18:45:40,869][com.java.SeleniumDriver] [ 1523] - Error 2 = Our apologies?:We encountered an issue with your request.
[DEBUG][2015-11-02 18:45:40,930][com.java.SeleniumDriver] [ 1168] - Case found
[DEBUG][2015-11-02 18:45:40,930][com.java.SeleniumDriver] [ 1173] - Incrementing ReportCounters[0]:2
[INFO ][2015-11-02 18:45:40,930][com.java.SeleniumDriver] [ 1192] - The results are-------------------[12, 200, Add Custom Calculation Indicator to My Dashboard, Fail, 
Test case failed at Step No. :: 200   Error Message ::  Execute Test case failed.. Screen Shot : D:\BankersDashboard\TestReports\110215\12_110215_184539_IE11.png, Mon Nov 02 18:45:40 IST 2015]
[INFO ][2015-11-02 18:45:40,930][com.java.SeleniumDriver] [ 1196] - End time is-------2 min 13 sec
[INFO ][2015-11-02 18:45:40,930][com.java.SeleniumDriver] [ 1197] - The results are-------------------[12, 200, Add Custom Calculation Indicator to My Dashboard, Fail, 
Test case failed at Step No. :: 200   Error Message ::  Execute Test case failed.. Screen Shot : D:\BankersDashboard\TestReports\110215\12_110215_184539_IE11.png, Mon Nov 02 18:45:40 IST 2015]
[DEBUG][2015-11-02 18:45:40,930][com.java.ImportnExport.ExportTestResultsExcel] [  222] - testResultPath = D:\BankersDashboard/TestReports/Test Results_BankersDashBoard_110215_184329_IE11_Any Bank USA.xls
[DEBUG][2015-11-02 18:45:40,930][com.java.ImportnExport.ExportTestResultsExcel] [  223] - browser is------------IE11
[DEBUG][2015-11-02 18:45:40,932][com.java.ImportnExport.ExportTestResultsExcel] [  270] - result.size() = 6
[DEBUG][2015-11-02 18:45:40,933][com.java.ImportnExport.ExportTestResultsExcel] [  274] - No of rows in sheet=2
[DEBUG][2015-11-02 18:45:40,933][com.java.ImportnExport.ExportTestResultsExcel] [  301] - ..in export..12
[DEBUG][2015-11-02 18:45:40,933][com.java.ImportnExport.ExportTestResultsExcel] [  301] - ..in export..Add Custom Calculation Indicator to My Dashboard
[DEBUG][2015-11-02 18:45:40,934][com.java.ImportnExport.ExportTestResultsExcel] [  301] - ..in export..Fail
[DEBUG][2015-11-02 18:45:40,934][com.java.ImportnExport.ExportTestResultsExcel] [  301] - ..in export..
Test case failed at Step No. :: 200   Error Message ::  Execute Test case failed.. Screen Shot : D:\BankersDashboard\TestReports\110215\12_110215_184539_IE11.png
[DEBUG][2015-11-02 18:45:40,934][com.java.ImportnExport.ExportTestResultsExcel] [  301] - ..in export..Mon Nov 02 18:45:40 IST 2015
[INFO ][2015-11-02 18:45:40,935][com.java.SeleniumDriver] [ 1255] - out loop:1 size:2 TestCases:[1, 12] testcases:[1, 12]
[INFO ][2015-11-02 18:45:42,935][com.java.SeleniumDriver] [ 1297] - Total Number of Cases:2
[INFO ][2015-11-02 18:45:42,935][com.java.TemplateGenerator] [  302] - Executed:2
[INFO ][2015-11-02 18:45:42,935][com.java.TemplateGenerator] [  303] - Passed:1
[INFO ][2015-11-02 18:45:42,935][com.java.TemplateGenerator] [  304] - Failed:1
[INFO ][2015-11-02 18:45:42,935][com.java.TemplateGenerator] [  305] - Skipeed:0
[INFO ][2015-11-02 18:45:42,935][com.java.TemplateGenerator] [  306] - Application URL:https://clients-xuat.bankersdashboard.com
[INFO ][2015-11-02 18:45:42,935][com.java.TemplateGenerator] [  307] - Start Time:110215_184329
[INFO ][2015-11-02 18:45:42,935][com.java.TemplateGenerator] [  308] -  Creating HTML Report 
[ERROR][2015-11-02 18:45:42,936][com.java.TemplateGenerator] [  409] - Unparseable date: "Mon Nov 02 06:43:29 IST 2015"
[INFO ][2015-11-02 18:45:42,936][com.java.TemplateGenerator] [  654] -  Exporting case :: 1
[INFO ][2015-11-02 18:45:42,936][com.java.TemplateGenerator] [  654] -  Exporting case :: 12
[INFO ][2015-11-02 18:45:42,942][com.java.SeleniumDriver] [ 1346] - End Time:110215_184542
[INFO ][2015-11-02 18:45:42,942][com.java.SeleniumDriver] [ 1349] - Data in Test Execution Details:{1=PASS, 12=FAILTest case failed at Step No. :: 200   Error Message ::  Execute Test case failed.}
[INFO ][2015-11-02 18:45:42,942][com.java.SeleniumDriver] [ 1350] - Data in Failed Execution Deatils:{}
[INFO ][2015-11-02 18:45:42,942][com.java.SeleniumDriver] [ 1352] - ReportCounter:Total:2 :: PASS: 1 ::FAIL: 1
[INFO ][2015-11-02 18:45:42,942][com.java.SeleniumDriver] [ 1353] - FailedReportCounter:Total:0 :: PASS: 0 ::FAIL: 0
[INFO ][2015-11-02 18:45:42,948][com.java.EmailTestReport] [   63] - Sending report mail details:
[INFO ][2015-11-02 18:45:42,948][com.java.EmailTestReport] [   80] - Excel Report Path:D:\BankersDashboard/TestReports/Test Results_BankersDashBoard_110215_184329_IE11_Any Bank USA.xls
[INFO ][2015-11-02 18:45:42,948][com.java.EmailTestReport] [   81] - HTML Report Path:D:\BankersDashboard//TestReports//Test Results_BankersDashBoard_110215_184329_IE11_Any Bank USA.html
[INFO ][2015-11-02 18:45:42,948][com.java.EmailTestReport] [   82] - smtpHostName:mail01.valuelabs.com
[INFO ][2015-11-02 18:45:42,948][com.java.EmailTestReport] [   83] - Recipient:venkateswararao.gubbala@valuelabs.com
[INFO ][2015-11-02 18:45:42,948][com.java.EmailTestReport] [   84] - From:venkateswararao.gubbala@valuelabs.com
[INFO ][2015-11-02 18:45:42,948][com.java.EmailTestReport] [   85] - Subject:DestinationRewards Automation Test Report - Any Bank USA - IE11
[INFO ][2015-11-02 18:45:42,964][com.java.EmailTestReport] [  143] -  Added venkateswararao.gubbala@valuelabs.com
[INFO ][2015-11-02 18:45:46,114][com.java.SeleniumDriver] [  719] - quitting the browser 
[INFO ][2015-11-02 18:45:47,404][com.java.SeleniumDriver] [  263] - Execution Completed Stopping the thread
