[INFO ][2015-10-29 11:30:16,392][com.java.SeleniumDriver] [  213] - Execute Failed Casesfalse
[INFO ][2015-10-29 11:30:16,402][com.java.SeleniumDriver] [  214] - Browser: IE11
[INFO ][2015-10-29 11:30:16,402][com.java.SeleniumDriver] [  215] - [1, 2, 3, 4, 5, 6, 7, 8, 9, 10, 11, 12, 13, 14, 15]
[INFO ][2015-10-29 11:30:16,402][com.java.SeleniumDriver] [  216] - Total TestCases:15
[INFO ][2015-10-29 11:30:16,402][com.java.SeleniumDriver] [  217] -  Reading Properties from Property File 
[DEBUG][2015-10-29 11:30:16,402][com.java.SeleniumDriver] [  238] - url : https://clients-xuat.bankersdashboard.com
[INFO ][2015-10-29 11:30:16,402][com.java.ImportnExport.ExportTestResultsExcel] [  116] - Time Stamp Thu Oct 29 11:30:16 IST 2015
[INFO ][2015-10-29 11:30:16,402][com.java.ImportnExport.ExportTestResultsExcel] [  175] - OUT FILE : D:\BankersDashboard/TestReports/Test Results_BankersDashBoard_102915_113016_IE11_Simmons First National Bank.xls
[INFO ][2015-10-29 11:30:16,423][com.java.ImportnExport.ExportTestResultsExcel] [  180] - Test Result file is created
[DEBUG][2015-10-29 11:30:16,523][com.java.SeleniumDriver] [  425] - Hub ip address is-------172.17.68.34
[INFO ][2015-10-29 11:30:16,523][com.java.SeleniumDriver] [  451] - Grid URL:http://172.17.68.34:4444/wd/hub
[INFO ][2015-10-29 11:30:16,523][com.java.SeleniumDriver] [  452] - Capability:Capabilities [{platform=ANY, ensureCleanSession=true, ignoreProtectedModeSettings=true, acceptSslCerts=true, ignoreZoomSetting=true, browserName=internet explorer, browserstack.ie.noFlash=true, version=Node1}]
[ERROR][2015-10-29 11:30:17,803][com.java.SeleniumDriver] [  496] - Unable invoke browser in grid:Could not start a new session. Possible causes are invalid address of the remote server or browser start-up failure.
Build info: version: '2.48.2', revision: '41bccdd', time: '2015-10-09 19:59:12'
System info: host: 'FVTIII438F1D', ip: '172.17.68.34', os.name: 'Windows 7', os.arch: 'x86', os.version: '6.1', java.version: '1.7.0_55'
Driver info: driver.version: SeleniumDriver
[INFO ][2015-10-29 11:30:17,803][com.java.SeleniumDriver] [  498] - Executing on local machine
[INFO ][2015-10-29 11:30:26,891][com.java.SeleniumDriver] [  248] - IE11is opened
[INFO ][2015-10-29 11:30:27,533][com.java.SeleniumDriver] [  752] - Test cases to be executed are: [1, 2, 3, 4, 5, 6, 7, 8, 9, 10, 11, 12, 13, 14, 15]
[INFO ][2015-10-29 11:30:27,533][com.java.ImportnExport.ImportTestDataDetailsExcel] [   49] - test data details path===== D:\BankersDashboard\TestInputs\TestData.xls
[INFO ][2015-10-29 11:30:38,287][com.java.SeleniumDriver] [  788] - ------------------------------------------
[INFO ][2015-10-29 11:30:38,287][com.java.SeleniumDriver] [  789] - Test case being Executed: 1
[INFO ][2015-10-29 11:30:38,303][com.java.SeleniumDriver] [  800] - Test step:1
[INFO ][2015-10-29 11:30:38,303][com.java.SeleniumDriver] [  812] - Datavalue is----------naresh.nayini111.00000
[INFO ][2015-10-29 11:30:38,303][com.java.SeleniumDriver] [  836] - DataField : TXTusername
[INFO ][2015-10-29 11:30:38,304][com.java.SeleniumDriver] [  838] - DataValue : naresh.nayini111.00000
[INFO ][2015-10-29 11:30:38,304][com.java.SeleniumDriver] [  844] - <In Set values of the page>
[INFO ][2015-10-29 11:30:38,304][com.java.SeleniumDriver] [  847] - {Data Fields & Data Values Exist}
[INFO ][2015-10-29 11:30:38,304][com.java.SeleniumDriver] [  849] - --------------------------setting values-----------------------------
[INFO ][2015-10-29 11:30:38,304][com.java.SeleniumDriver] [  852] - Action Type : CLEARANDENTER
[INFO ][2015-10-29 11:30:38,323][com.java.TestType] [ 2975] - value = naresh.nayini111.00000
[INFO ][2015-10-29 11:30:41,008][com.java.SeleniumDriver] [  861] -  RESULT true
[INFO ][2015-10-29 11:30:41,008][com.java.SeleniumDriver] [ 1066] - ?   P A S S   ?
[INFO ][2015-10-29 11:30:41,008][com.java.SeleniumDriver] [  788] - ------------------------------------------
[INFO ][2015-10-29 11:30:41,008][com.java.SeleniumDriver] [  789] - Test case being Executed: 1
[INFO ][2015-10-29 11:30:41,008][com.java.SeleniumDriver] [  800] - Test step:2
[INFO ][2015-10-29 11:30:41,008][com.java.SeleniumDriver] [  812] - Datavalue is----------Password1*
[INFO ][2015-10-29 11:30:41,008][com.java.SeleniumDriver] [  836] - DataField : TXTpassword
[INFO ][2015-10-29 11:30:41,008][com.java.SeleniumDriver] [  838] - DataValue : Password1*
[INFO ][2015-10-29 11:30:41,008][com.java.SeleniumDriver] [  844] - <In Set values of the page>
[INFO ][2015-10-29 11:30:41,008][com.java.SeleniumDriver] [  847] - {Data Fields & Data Values Exist}
[INFO ][2015-10-29 11:30:41,008][com.java.SeleniumDriver] [  849] - --------------------------setting values-----------------------------
[INFO ][2015-10-29 11:30:41,008][com.java.SeleniumDriver] [  852] - Action Type : CLEARANDENTER
[INFO ][2015-10-29 11:30:41,008][com.java.TestType] [ 2975] - value = Password1*
[INFO ][2015-10-29 11:30:43,755][com.java.SeleniumDriver] [  861] -  RESULT true
[INFO ][2015-10-29 11:30:43,755][com.java.SeleniumDriver] [ 1066] - ?   P A S S   ?
[INFO ][2015-10-29 11:30:43,755][com.java.SeleniumDriver] [  788] - ------------------------------------------
[INFO ][2015-10-29 11:30:43,755][com.java.SeleniumDriver] [  789] - Test case being Executed: 1
[INFO ][2015-10-29 11:30:43,755][com.java.SeleniumDriver] [  800] - Test step:3
[INFO ][2015-10-29 11:30:43,755][com.java.SeleniumDriver] [  812] - Datavalue is----------null
[DEBUG][2015-10-29 11:30:43,755][com.java.SeleniumDriver] [  830] - Exception: null
[INFO ][2015-10-29 11:30:43,755][com.java.SeleniumDriver] [  836] - DataField : XPH//button[@type='submit']
[INFO ][2015-10-29 11:30:43,755][com.java.SeleniumDriver] [  838] - DataValue : 
[INFO ][2015-10-29 11:30:43,755][com.java.SeleniumDriver] [  844] - <In Set values of the page>
[INFO ][2015-10-29 11:30:43,755][com.java.SeleniumDriver] [  847] - {Data Fields & Data Values Exist}
[INFO ][2015-10-29 11:30:43,755][com.java.SeleniumDriver] [  849] - --------------------------setting values-----------------------------
[INFO ][2015-10-29 11:30:43,755][com.java.SeleniumDriver] [  852] - Action Type : Click
[INFO ][2015-10-29 11:30:43,755][com.java.TestType] [ 3245] - Field ::XPH//button[@type='submit']
[INFO ][2015-10-29 11:30:44,755][com.java.TestType] [ 3296] - BEFORE CLICK
[INFO ][2015-10-29 11:30:45,615][com.java.TestType] [ 3302] - Unable to click the object Login
[INFO ][2015-10-29 11:30:45,615][com.java.SeleniumDriver] [  861] -  RESULT true
[INFO ][2015-10-29 11:30:45,615][com.java.SeleniumDriver] [ 1066] - ?   P A S S   ?
[INFO ][2015-10-29 11:30:45,615][com.java.SeleniumDriver] [  788] - ------------------------------------------
[INFO ][2015-10-29 11:30:45,615][com.java.SeleniumDriver] [  789] - Test case being Executed: 1
[INFO ][2015-10-29 11:30:45,615][com.java.SeleniumDriver] [  800] - Test step:4
[INFO ][2015-10-29 11:30:45,615][com.java.SeleniumDriver] [  812] - Datavalue is----------1
[INFO ][2015-10-29 11:30:45,615][com.java.SeleniumDriver] [  836] - DataField : XPH//*[@id='loginbox']/form/span
[INFO ][2015-10-29 11:30:45,615][com.java.SeleniumDriver] [  838] - DataValue : 1
[INFO ][2015-10-29 11:30:45,615][com.java.SeleniumDriver] [  844] - <In Set values of the page>
[INFO ][2015-10-29 11:30:45,615][com.java.SeleniumDriver] [  847] - {Data Fields & Data Values Exist}
[INFO ][2015-10-29 11:30:45,615][com.java.SeleniumDriver] [  849] - --------------------------setting values-----------------------------
[INFO ][2015-10-29 11:30:45,615][com.java.SeleniumDriver] [  852] - Action Type : WaitForElement
[INFO ][2015-10-29 11:30:45,656][com.java.SeleniumDriver] [  861] -  RESULT true
[INFO ][2015-10-29 11:30:45,656][com.java.SeleniumDriver] [ 1066] - ?   P A S S   ?
[INFO ][2015-10-29 11:30:45,656][com.java.SeleniumDriver] [  788] - ------------------------------------------
[INFO ][2015-10-29 11:30:45,656][com.java.SeleniumDriver] [  789] - Test case being Executed: 1
[INFO ][2015-10-29 11:30:45,656][com.java.SeleniumDriver] [  800] - Test step:5
[INFO ][2015-10-29 11:30:45,656][com.java.SeleniumDriver] [  812] - Datavalue is----------Your username and/or password is incorrect.
[INFO ][2015-10-29 11:30:45,656][com.java.SeleniumDriver] [  836] - DataField : XPH//*[@id='loginbox']/form/span
[INFO ][2015-10-29 11:30:45,656][com.java.SeleniumDriver] [  838] - DataValue : Your username and/or password is incorrect.
[INFO ][2015-10-29 11:30:45,656][com.java.SeleniumDriver] [  844] - <In Set values of the page>
[INFO ][2015-10-29 11:30:45,656][com.java.SeleniumDriver] [  847] - {Data Fields & Data Values Exist}
[INFO ][2015-10-29 11:30:45,656][com.java.SeleniumDriver] [  849] - --------------------------setting values-----------------------------
[INFO ][2015-10-29 11:30:45,656][com.java.SeleniumDriver] [  852] - Action Type : Verify
[INFO ][2015-10-29 11:30:45,656][com.java.TestType] [ 3884] - field= XPH//*[@id='loginbox']/form/span value= Your username and/or password is incorrect.
[INFO ][2015-10-29 11:30:45,656][com.java.TestType] [ 2975] - value = Your username and/or password is incorrect.
[INFO ][2015-10-29 11:30:45,786][com.java.SeleniumDriver] [  861] -  RESULT true
[INFO ][2015-10-29 11:30:45,786][com.java.SeleniumDriver] [ 1066] - ?   P A S S   ?
[DEBUG][2015-10-29 11:30:45,786][com.java.SeleniumDriver] [ 1168] - Case found
[DEBUG][2015-10-29 11:30:45,786][com.java.SeleniumDriver] [ 1173] - Incrementing ReportCounters[0]:1
[INFO ][2015-10-29 11:30:45,786][com.java.SeleniumDriver] [ 1192] - The results are-------------------[1, 1, Invalid Login case, Pass, , Thu Oct 29 11:30:41 IST 2015, 1, 2, Invalid Login case, Pass, , Thu Oct 29 11:30:43 IST 2015, 1, 3, Invalid Login case, Pass, , Thu Oct 29 11:30:45 IST 2015, 1, 4, Invalid Login case, Pass, , Thu Oct 29 11:30:45 IST 2015, 1, 5, Invalid Login case, Pass, , Thu Oct 29 11:30:45 IST 2015]
[INFO ][2015-10-29 11:30:45,786][com.java.SeleniumDriver] [ 1196] - End time is-------31 sec
[INFO ][2015-10-29 11:30:45,786][com.java.SeleniumDriver] [ 1197] - The results are-------------------[1, 1, Invalid Login case, Pass, , Thu Oct 29 11:30:41 IST 2015, 1, 2, Invalid Login case, Pass, , Thu Oct 29 11:30:43 IST 2015, 1, 3, Invalid Login case, Pass, , Thu Oct 29 11:30:45 IST 2015, 1, 4, Invalid Login case, Pass, , Thu Oct 29 11:30:45 IST 2015, 1, 5, Invalid Login case, Pass, , Thu Oct 29 11:30:45 IST 2015]
[DEBUG][2015-10-29 11:30:45,786][com.java.ImportnExport.ExportTestResultsExcel] [  222] - testResultPath = D:\BankersDashboard/TestReports/Test Results_BankersDashBoard_102915_113016_IE11_Simmons First National Bank.xls
[DEBUG][2015-10-29 11:30:45,786][com.java.ImportnExport.ExportTestResultsExcel] [  223] - browser is------------IE11
[DEBUG][2015-10-29 11:30:45,826][com.java.ImportnExport.ExportTestResultsExcel] [  270] - result.size() = 30
[DEBUG][2015-10-29 11:30:45,826][com.java.ImportnExport.ExportTestResultsExcel] [  274] - No of rows in sheet=1
[DEBUG][2015-10-29 11:30:45,826][com.java.ImportnExport.ExportTestResultsExcel] [  301] - ..in export..1
[DEBUG][2015-10-29 11:30:45,826][com.java.ImportnExport.ExportTestResultsExcel] [  301] - ..in export..Invalid Login case
[DEBUG][2015-10-29 11:30:45,826][com.java.ImportnExport.ExportTestResultsExcel] [  301] - ..in export..Pass
[DEBUG][2015-10-29 11:30:45,826][com.java.ImportnExport.ExportTestResultsExcel] [  301] - ..in export..
[DEBUG][2015-10-29 11:30:45,826][com.java.ImportnExport.ExportTestResultsExcel] [  301] - ..in export..Thu Oct 29 11:30:41 IST 2015
[INFO ][2015-10-29 11:30:45,826][com.java.SeleniumDriver] [ 1255] - out loop:0 size:15 TestCases:[1, 2, 3, 4, 5, 6, 7, 8, 9, 10, 11, 12, 13, 14, 15] testcases:[1, 2, 3, 4, 5, 6, 7, 8, 9, 10, 11, 12, 13, 14, 15]
[INFO ][2015-10-29 11:30:45,826][com.java.ImportnExport.ImportTestDataDetailsExcel] [   49] - test data details path===== D:\BankersDashboard\TestInputs\TestData.xls
[INFO ][2015-10-29 11:30:56,801][com.java.SeleniumDriver] [  788] - ------------------------------------------
[INFO ][2015-10-29 11:30:56,801][com.java.SeleniumDriver] [  789] - Test case being Executed: 2
[INFO ][2015-10-29 11:30:56,801][com.java.SeleniumDriver] [  800] - Test step:1
[INFO ][2015-10-29 11:30:56,801][com.java.SeleniumDriver] [  812] - Datavalue is----------Concept#1:1-14
[INFO ][2015-10-29 11:30:56,801][com.java.SeleniumDriver] [  836] - DataField : test
[INFO ][2015-10-29 11:30:56,801][com.java.SeleniumDriver] [  838] - DataValue : Concept#1:1-14
[INFO ][2015-10-29 11:30:56,801][com.java.SeleniumDriver] [  844] - <In Set values of the page>
[INFO ][2015-10-29 11:30:56,801][com.java.SeleniumDriver] [  847] - {Data Fields & Data Values Exist}
[INFO ][2015-10-29 11:30:56,801][com.java.SeleniumDriver] [  849] - --------------------------setting values-----------------------------
[INFO ][2015-10-29 11:30:56,801][com.java.SeleniumDriver] [  852] - Action Type : ExecuteTestCase
[INFO ][2015-10-29 11:30:56,801][com.java.TestType] [  353] - The Concept sheet name is ---------- Concept
[INFO ][2015-10-29 11:30:56,801][com.java.TestType] [  355] - The Concept ID  is ---------- 1
[DEBUG][2015-10-29 11:30:56,801][com.java.TestType] [  357] - Steps being executted in the Concept are: 1:14
[INFO ][2015-10-29 11:30:56,801][com.java.TestType] [  361] - Test data details path ---------- D:\BankersDashboard\TestInputs\TestData.xls
[INFO ][2015-10-29 11:30:56,822][com.java.TestType] [  385] -  str(1) = 1
[INFO ][2015-10-29 11:30:56,822][com.java.TestType] [  388] - Test case Id is---1
[INFO ][2015-10-29 11:30:56,822][com.java.TestType] [  390] - 1
[INFO ][2015-10-29 11:30:56,822][com.java.TestType] [  385] -  str(2) = 1
[INFO ][2015-10-29 11:30:56,822][com.java.TestType] [  435] - row values are--------{1=com.java.Objects.TestDataDetails@8aa935}
[INFO ][2015-10-29 11:30:56,822][com.java.TestType] [  385] -  str(1) = 1
[INFO ][2015-10-29 11:30:56,822][com.java.TestType] [  388] - Test case Id is---1
[INFO ][2015-10-29 11:30:56,822][com.java.TestType] [  390] - 1
[INFO ][2015-10-29 11:30:56,822][com.java.TestType] [  385] -  str(2) = 2
[INFO ][2015-10-29 11:30:56,822][com.java.TestType] [  435] - row values are--------{1=com.java.Objects.TestDataDetails@8aa935, 2=com.java.Objects.TestDataDetails@dbdd2a}
[INFO ][2015-10-29 11:30:56,822][com.java.TestType] [  385] -  str(1) = 1
[INFO ][2015-10-29 11:30:56,822][com.java.TestType] [  388] - Test case Id is---1
[INFO ][2015-10-29 11:30:56,822][com.java.TestType] [  390] - 1
[INFO ][2015-10-29 11:30:56,822][com.java.TestType] [  385] -  str(2) = 3
[INFO ][2015-10-29 11:30:56,822][com.java.TestType] [  435] - row values are--------{1=com.java.Objects.TestDataDetails@8aa935, 2=com.java.Objects.TestDataDetails@dbdd2a, 3=com.java.Objects.TestDataDetails@13f333c}
[INFO ][2015-10-29 11:30:56,822][com.java.TestType] [  385] -  str(1) = 1
[INFO ][2015-10-29 11:30:56,822][com.java.TestType] [  388] - Test case Id is---1
[INFO ][2015-10-29 11:30:56,822][com.java.TestType] [  390] - 1
[INFO ][2015-10-29 11:30:56,822][com.java.TestType] [  385] -  str(2) = 4
[INFO ][2015-10-29 11:30:56,822][com.java.TestType] [  435] - row values are--------{1=com.java.Objects.TestDataDetails@8aa935, 2=com.java.Objects.TestDataDetails@dbdd2a, 3=com.java.Objects.TestDataDetails@13f333c, 4=com.java.Objects.TestDataDetails@1440bd8}
[INFO ][2015-10-29 11:30:56,822][com.java.TestType] [  385] -  str(1) = 1
[INFO ][2015-10-29 11:30:56,822][com.java.TestType] [  388] - Test case Id is---1
[INFO ][2015-10-29 11:30:56,822][com.java.TestType] [  390] - 1
[INFO ][2015-10-29 11:30:56,822][com.java.TestType] [  385] -  str(2) = 5
[INFO ][2015-10-29 11:30:56,822][com.java.TestType] [  435] - row values are--------{1=com.java.Objects.TestDataDetails@8aa935, 2=com.java.Objects.TestDataDetails@dbdd2a, 3=com.java.Objects.TestDataDetails@13f333c, 4=com.java.Objects.TestDataDetails@1440bd8, 5=com.java.Objects.TestDataDetails@871b75}
[INFO ][2015-10-29 11:30:56,822][com.java.TestType] [  385] -  str(1) = 1
[INFO ][2015-10-29 11:30:56,822][com.java.TestType] [  388] - Test case Id is---1
[INFO ][2015-10-29 11:30:56,822][com.java.TestType] [  390] - 1
[INFO ][2015-10-29 11:30:56,822][com.java.TestType] [  385] -  str(2) = 6
[INFO ][2015-10-29 11:30:56,822][com.java.TestType] [  435] - row values are--------{1=com.java.Objects.TestDataDetails@8aa935, 2=com.java.Objects.TestDataDetails@dbdd2a, 3=com.java.Objects.TestDataDetails@13f333c, 4=com.java.Objects.TestDataDetails@1440bd8, 5=com.java.Objects.TestDataDetails@871b75, 6=com.java.Objects.TestDataDetails@10057d3}
[INFO ][2015-10-29 11:30:56,822][com.java.TestType] [  385] -  str(1) = 1
[INFO ][2015-10-29 11:30:56,832][com.java.TestType] [  388] - Test case Id is---1
[INFO ][2015-10-29 11:30:56,832][com.java.TestType] [  390] - 1
[INFO ][2015-10-29 11:30:56,832][com.java.TestType] [  385] -  str(2) = 7
[INFO ][2015-10-29 11:30:56,832][com.java.TestType] [  435] - row values are--------{1=com.java.Objects.TestDataDetails@8aa935, 2=com.java.Objects.TestDataDetails@dbdd2a, 3=com.java.Objects.TestDataDetails@13f333c, 4=com.java.Objects.TestDataDetails@1440bd8, 5=com.java.Objects.TestDataDetails@871b75, 6=com.java.Objects.TestDataDetails@10057d3, 7=com.java.Objects.TestDataDetails@14c991a}
[INFO ][2015-10-29 11:30:56,842][com.java.TestType] [  385] -  str(1) = 1
[INFO ][2015-10-29 11:30:56,842][com.java.TestType] [  388] - Test case Id is---1
[INFO ][2015-10-29 11:30:56,842][com.java.TestType] [  390] - 1
[INFO ][2015-10-29 11:30:56,842][com.java.TestType] [  385] -  str(2) = 8
[INFO ][2015-10-29 11:30:56,842][com.java.TestType] [  435] - row values are--------{1=com.java.Objects.TestDataDetails@8aa935, 2=com.java.Objects.TestDataDetails@dbdd2a, 3=com.java.Objects.TestDataDetails@13f333c, 4=com.java.Objects.TestDataDetails@1440bd8, 5=com.java.Objects.TestDataDetails@871b75, 6=com.java.Objects.TestDataDetails@10057d3, 7=com.java.Objects.TestDataDetails@14c991a, 8=com.java.Objects.TestDataDetails@ef77e9}
[INFO ][2015-10-29 11:30:56,842][com.java.TestType] [  385] -  str(1) = 1
[INFO ][2015-10-29 11:30:56,842][com.java.TestType] [  388] - Test case Id is---1
[INFO ][2015-10-29 11:30:56,842][com.java.TestType] [  390] - 1
[INFO ][2015-10-29 11:30:56,842][com.java.TestType] [  385] -  str(2) = 9
[INFO ][2015-10-29 11:30:56,842][com.java.TestType] [  435] - row values are--------{1=com.java.Objects.TestDataDetails@8aa935, 2=com.java.Objects.TestDataDetails@dbdd2a, 3=com.java.Objects.TestDataDetails@13f333c, 4=com.java.Objects.TestDataDetails@1440bd8, 5=com.java.Objects.TestDataDetails@871b75, 6=com.java.Objects.TestDataDetails@10057d3, 7=com.java.Objects.TestDataDetails@14c991a, 8=com.java.Objects.TestDataDetails@ef77e9, 9=com.java.Objects.TestDataDetails@1a218d8}
[INFO ][2015-10-29 11:30:56,842][com.java.TestType] [  385] -  str(1) = 1
[INFO ][2015-10-29 11:30:56,842][com.java.TestType] [  388] - Test case Id is---1
[INFO ][2015-10-29 11:30:56,842][com.java.TestType] [  390] - 1
[INFO ][2015-10-29 11:30:56,842][com.java.TestType] [  385] -  str(2) = 10
[INFO ][2015-10-29 11:30:56,842][com.java.TestType] [  435] - row values are--------{1=com.java.Objects.TestDataDetails@8aa935, 2=com.java.Objects.TestDataDetails@dbdd2a, 3=com.java.Objects.TestDataDetails@13f333c, 4=com.java.Objects.TestDataDetails@1440bd8, 5=com.java.Objects.TestDataDetails@871b75, 6=com.java.Objects.TestDataDetails@10057d3, 7=com.java.Objects.TestDataDetails@14c991a, 8=com.java.Objects.TestDataDetails@ef77e9, 9=com.java.Objects.TestDataDetails@1a218d8, 10=com.java.Objects.TestDataDetails@3b91eb}
[INFO ][2015-10-29 11:30:56,842][com.java.TestType] [  385] -  str(1) = 1
[INFO ][2015-10-29 11:30:56,842][com.java.TestType] [  388] - Test case Id is---1
[INFO ][2015-10-29 11:30:56,842][com.java.TestType] [  390] - 1
[INFO ][2015-10-29 11:30:56,842][com.java.TestType] [  385] -  str(2) = 11
[INFO ][2015-10-29 11:30:56,842][com.java.TestType] [  435] - row values are--------{1=com.java.Objects.TestDataDetails@8aa935, 2=com.java.Objects.TestDataDetails@dbdd2a, 3=com.java.Objects.TestDataDetails@13f333c, 4=com.java.Objects.TestDataDetails@1440bd8, 5=com.java.Objects.TestDataDetails@871b75, 6=com.java.Objects.TestDataDetails@10057d3, 7=com.java.Objects.TestDataDetails@14c991a, 8=com.java.Objects.TestDataDetails@ef77e9, 9=com.java.Objects.TestDataDetails@1a218d8, 10=com.java.Objects.TestDataDetails@3b91eb, 11=com.java.Objects.TestDataDetails@c8d24}
[INFO ][2015-10-29 11:30:56,842][com.java.TestType] [  385] -  str(1) = 1
[INFO ][2015-10-29 11:30:56,842][com.java.TestType] [  388] - Test case Id is---1
[INFO ][2015-10-29 11:30:56,842][com.java.TestType] [  390] - 1
[INFO ][2015-10-29 11:30:56,842][com.java.TestType] [  385] -  str(2) = 12
[INFO ][2015-10-29 11:30:56,842][com.java.TestType] [  435] - row values are--------{1=com.java.Objects.TestDataDetails@8aa935, 2=com.java.Objects.TestDataDetails@dbdd2a, 3=com.java.Objects.TestDataDetails@13f333c, 4=com.java.Objects.TestDataDetails@1440bd8, 5=com.java.Objects.TestDataDetails@871b75, 6=com.java.Objects.TestDataDetails@10057d3, 7=com.java.Objects.TestDataDetails@14c991a, 8=com.java.Objects.TestDataDetails@ef77e9, 9=com.java.Objects.TestDataDetails@1a218d8, 10=com.java.Objects.TestDataDetails@3b91eb, 11=com.java.Objects.TestDataDetails@c8d24, 12=com.java.Objects.TestDataDetails@16eb456}
[INFO ][2015-10-29 11:30:56,842][com.java.TestType] [  385] -  str(1) = 1
[INFO ][2015-10-29 11:30:56,842][com.java.TestType] [  388] - Test case Id is---1
[INFO ][2015-10-29 11:30:56,842][com.java.TestType] [  390] - 1
[INFO ][2015-10-29 11:30:56,842][com.java.TestType] [  385] -  str(2) = 13
[INFO ][2015-10-29 11:30:56,842][com.java.TestType] [  435] - row values are--------{1=com.java.Objects.TestDataDetails@8aa935, 2=com.java.Objects.TestDataDetails@dbdd2a, 3=com.java.Objects.TestDataDetails@13f333c, 4=com.java.Objects.TestDataDetails@1440bd8, 5=com.java.Objects.TestDataDetails@871b75, 6=com.java.Objects.TestDataDetails@10057d3, 7=com.java.Objects.TestDataDetails@14c991a, 8=com.java.Objects.TestDataDetails@ef77e9, 9=com.java.Objects.TestDataDetails@1a218d8, 10=com.java.Objects.TestDataDetails@3b91eb, 11=com.java.Objects.TestDataDetails@c8d24, 12=com.java.Objects.TestDataDetails@16eb456, 13=com.java.Objects.TestDataDetails@1890e38}
[INFO ][2015-10-29 11:30:56,842][com.java.TestType] [  385] -  str(1) = 1
[INFO ][2015-10-29 11:30:56,842][com.java.TestType] [  388] - Test case Id is---1
[INFO ][2015-10-29 11:30:56,842][com.java.TestType] [  390] - 1
[INFO ][2015-10-29 11:30:56,842][com.java.TestType] [  385] -  str(2) = 14
[INFO ][2015-10-29 11:30:56,842][com.java.TestType] [  435] - row values are--------{1=com.java.Objects.TestDataDetails@8aa935, 2=com.java.Objects.TestDataDetails@dbdd2a, 3=com.java.Objects.TestDataDetails@13f333c, 4=com.java.Objects.TestDataDetails@1440bd8, 5=com.java.Objects.TestDataDetails@871b75, 6=com.java.Objects.TestDataDetails@10057d3, 7=com.java.Objects.TestDataDetails@14c991a, 8=com.java.Objects.TestDataDetails@ef77e9, 9=com.java.Objects.TestDataDetails@1a218d8, 10=com.java.Objects.TestDataDetails@3b91eb, 11=com.java.Objects.TestDataDetails@c8d24, 12=com.java.Objects.TestDataDetails@16eb456, 13=com.java.Objects.TestDataDetails@1890e38, 14=com.java.Objects.TestDataDetails@d4dbe8}
[INFO ][2015-10-29 11:30:56,842][com.java.TestType] [ 6346] - Looping 1TCID = 1
[DEBUG][2015-10-29 11:30:56,842][com.java.TestType] [ 6357] - Concept ID:1 :: Step being Executed: 1::1
[INFO ][2015-10-29 11:30:56,842][com.java.TestType] [ 6390] - dataFields : TXTusername
[DEBUG][2015-10-29 11:30:56,842][com.java.TestType] [ 6395] - <In Set values of the page>
[DEBUG][2015-10-29 11:30:56,842][com.java.TestType] [ 6399] - {Data Fields & Data Values Exist}
[INFO ][2015-10-29 11:30:56,842][com.java.TestType] [ 6403] - --------------------------setting values-----------------------------
[INFO ][2015-10-29 11:30:56,842][com.java.TestType] [ 6406] - Action Type : CLEARANDENTER
[INFO ][2015-10-29 11:30:56,842][com.java.TestType] [ 2975] - value = valuelabs.ie11.03890
[INFO ][2015-10-29 11:30:59,476][com.java.TestType] [ 6417] -  RESULT true
[INFO ][2015-10-29 11:30:59,476][com.java.TestType] [ 6522] - ?   P A S S   ?
[DEBUG][2015-10-29 11:30:59,476][com.java.TestType] [ 6357] - Concept ID:1 :: Step being Executed: 1::2
[INFO ][2015-10-29 11:30:59,476][com.java.TestType] [ 6390] - dataFields : TXTpassword
[DEBUG][2015-10-29 11:30:59,476][com.java.TestType] [ 6395] - <In Set values of the page>
[DEBUG][2015-10-29 11:30:59,476][com.java.TestType] [ 6399] - {Data Fields & Data Values Exist}
[INFO ][2015-10-29 11:30:59,476][com.java.TestType] [ 6403] - --------------------------setting values-----------------------------
[INFO ][2015-10-29 11:30:59,476][com.java.TestType] [ 6406] - Action Type : CLEARANDENTER
[INFO ][2015-10-29 11:30:59,476][com.java.TestType] [ 2975] - value = Password1*
[INFO ][2015-10-29 11:31:02,391][com.java.TestType] [ 6417] -  RESULT true
[INFO ][2015-10-29 11:31:02,391][com.java.TestType] [ 6522] - ?   P A S S   ?
[DEBUG][2015-10-29 11:31:02,391][com.java.TestType] [ 6357] - Concept ID:1 :: Step being Executed: 1::3
[ERROR][2015-10-29 11:31:02,391][com.java.TestType] [ 6385] - Exception: null
[INFO ][2015-10-29 11:31:02,391][com.java.TestType] [ 6390] - dataFields : XPH//button[@type='submit']
[DEBUG][2015-10-29 11:31:02,391][com.java.TestType] [ 6395] - <In Set values of the page>
[DEBUG][2015-10-29 11:31:02,391][com.java.TestType] [ 6399] - {Data Fields & Data Values Exist}
[INFO ][2015-10-29 11:31:02,391][com.java.TestType] [ 6403] - --------------------------setting values-----------------------------
[INFO ][2015-10-29 11:31:02,391][com.java.TestType] [ 6406] - Action Type : Click
[INFO ][2015-10-29 11:31:02,391][com.java.TestType] [ 3245] - Field ::XPH//button[@type='submit']
[INFO ][2015-10-29 11:31:03,391][com.java.TestType] [ 3296] - BEFORE CLICK
[INFO ][2015-10-29 11:31:04,273][com.java.TestType] [ 3302] - Unable to click the object Login
[INFO ][2015-10-29 11:31:04,273][com.java.TestType] [ 6417] -  RESULT true
[INFO ][2015-10-29 11:31:04,273][com.java.TestType] [ 6522] - ?   P A S S   ?
[DEBUG][2015-10-29 11:31:04,273][com.java.TestType] [ 6357] - Concept ID:1 :: Step being Executed: 1::4
[INFO ][2015-10-29 11:31:04,273][com.java.TestType] [ 6390] - dataFields : LNKLogout
[DEBUG][2015-10-29 11:31:04,273][com.java.TestType] [ 6395] - <In Set values of the page>
[DEBUG][2015-10-29 11:31:04,273][com.java.TestType] [ 6399] - {Data Fields & Data Values Exist}
[INFO ][2015-10-29 11:31:04,273][com.java.TestType] [ 6403] - --------------------------setting values-----------------------------
[INFO ][2015-10-29 11:31:04,273][com.java.TestType] [ 6406] - Action Type : WaitForElement
[INFO ][2015-10-29 11:31:08,382][com.java.TestType] [ 6417] -  RESULT true
[INFO ][2015-10-29 11:31:08,382][com.java.TestType] [ 6522] - ?   P A S S   ?
[DEBUG][2015-10-29 11:31:08,382][com.java.TestType] [ 6357] - Concept ID:1 :: Step being Executed: 1::13
[INFO ][2015-10-29 11:31:08,382][com.java.TestType] [ 6390] - dataFields : LGN
[DEBUG][2015-10-29 11:31:08,382][com.java.TestType] [ 6395] - <In Set values of the page>
[DEBUG][2015-10-29 11:31:08,382][com.java.TestType] [ 6399] - {Data Fields & Data Values Exist}
[INFO ][2015-10-29 11:31:08,382][com.java.TestType] [ 6403] - --------------------------setting values-----------------------------
[INFO ][2015-10-29 11:31:08,382][com.java.TestType] [ 6406] - Action Type : Verify
[INFO ][2015-10-29 11:31:08,382][com.java.TestType] [ 3884] - field= LGN value= Username
[INFO ][2015-10-29 11:31:08,382][com.java.TestType] [ 2975] - value = Username
[INFO ][2015-10-29 11:31:08,763][com.java.TestType] [ 6417] -  RESULT true
[INFO ][2015-10-29 11:31:08,763][com.java.TestType] [ 6522] - ?   P A S S   ?
[DEBUG][2015-10-29 11:31:08,763][com.java.TestType] [ 6357] - Concept ID:1 :: Step being Executed: 1::14
[INFO ][2015-10-29 11:31:08,763][com.java.TestType] [ 6390] - dataFields : BTN
[DEBUG][2015-10-29 11:31:08,763][com.java.TestType] [ 6395] - <In Set values of the page>
[DEBUG][2015-10-29 11:31:08,763][com.java.TestType] [ 6399] - {Data Fields & Data Values Exist}
[INFO ][2015-10-29 11:31:08,763][com.java.TestType] [ 6403] - --------------------------setting values-----------------------------
[INFO ][2015-10-29 11:31:08,763][com.java.TestType] [ 6406] - Action Type : Verify
[INFO ][2015-10-29 11:31:08,763][com.java.TestType] [ 3884] - field= BTN value= //img[contains(@src,'bdlogo.jpg')]
[INFO ][2015-10-29 11:31:08,763][com.java.TestType] [ 2975] - value = //img[contains(@src,'bdlogo.jpg')]
[INFO ][2015-10-29 11:31:08,853][com.java.TestType] [ 6417] -  RESULT true
[INFO ][2015-10-29 11:31:08,853][com.java.TestType] [ 6522] - ?   P A S S   ?
[INFO ][2015-10-29 11:31:08,853][com.java.TestType] [ 6575] - Looping End......
[INFO ][2015-10-29 11:31:08,853][com.java.SeleniumDriver] [  861] -  RESULT true
[INFO ][2015-10-29 11:31:08,853][com.java.SeleniumDriver] [ 1066] - ?   P A S S   ?
[INFO ][2015-10-29 11:31:08,853][com.java.SeleniumDriver] [  788] - ------------------------------------------
[INFO ][2015-10-29 11:31:08,853][com.java.SeleniumDriver] [  789] - Test case being Executed: 2
[INFO ][2015-10-29 11:31:08,853][com.java.SeleniumDriver] [  800] - Test step:2
[INFO ][2015-10-29 11:31:08,853][com.java.SeleniumDriver] [  812] - Datavalue is----------Concept#2:1-2
[INFO ][2015-10-29 11:31:08,853][com.java.SeleniumDriver] [  836] - DataField : test
[INFO ][2015-10-29 11:31:08,853][com.java.SeleniumDriver] [  838] - DataValue : Concept#2:1-2
[INFO ][2015-10-29 11:31:08,853][com.java.SeleniumDriver] [  844] - <In Set values of the page>
[INFO ][2015-10-29 11:31:08,853][com.java.SeleniumDriver] [  847] - {Data Fields & Data Values Exist}
[INFO ][2015-10-29 11:31:08,853][com.java.SeleniumDriver] [  849] - --------------------------setting values-----------------------------
[INFO ][2015-10-29 11:31:08,853][com.java.SeleniumDriver] [  852] - Action Type : ExecuteTestCase
[INFO ][2015-10-29 11:31:08,853][com.java.TestType] [  353] - The Concept sheet name is ---------- Concept
[INFO ][2015-10-29 11:31:08,853][com.java.TestType] [  355] - The Concept ID  is ---------- 2
[DEBUG][2015-10-29 11:31:08,853][com.java.TestType] [  357] - Steps being executted in the Concept are: 1:2
[INFO ][2015-10-29 11:31:08,853][com.java.TestType] [  361] - Test data details path ---------- D:\BankersDashboard\TestInputs\TestData.xls
[INFO ][2015-10-29 11:31:08,893][com.java.TestType] [  385] -  str(1) = 2
[INFO ][2015-10-29 11:31:08,893][com.java.TestType] [  388] - Test case Id is---2
[INFO ][2015-10-29 11:31:08,893][com.java.TestType] [  390] - 2
[INFO ][2015-10-29 11:31:08,893][com.java.TestType] [  385] -  str(2) = 1
[INFO ][2015-10-29 11:31:08,893][com.java.TestType] [  435] - row values are--------{1=com.java.Objects.TestDataDetails@16c65a9}
[INFO ][2015-10-29 11:31:08,893][com.java.TestType] [  385] -  str(1) = 2
[INFO ][2015-10-29 11:31:08,893][com.java.TestType] [  388] - Test case Id is---2
[INFO ][2015-10-29 11:31:08,893][com.java.TestType] [  390] - 2
[INFO ][2015-10-29 11:31:08,893][com.java.TestType] [  385] -  str(2) = 2
[INFO ][2015-10-29 11:31:08,893][com.java.TestType] [  435] - row values are--------{1=com.java.Objects.TestDataDetails@16c65a9, 2=com.java.Objects.TestDataDetails@1ac0d08}
[INFO ][2015-10-29 11:31:08,893][com.java.TestType] [ 6346] - Looping 1TCID = 2
[DEBUG][2015-10-29 11:31:08,893][com.java.TestType] [ 6357] - Concept ID:2 :: Step being Executed: 2::1
[INFO ][2015-10-29 11:31:08,893][com.java.TestType] [ 6390] - dataFields : BNK//select[@id='bank']
[DEBUG][2015-10-29 11:31:08,893][com.java.TestType] [ 6395] - <In Set values of the page>
[DEBUG][2015-10-29 11:31:08,893][com.java.TestType] [ 6399] - {Data Fields & Data Values Exist}
[INFO ][2015-10-29 11:31:08,893][com.java.TestType] [ 6403] - --------------------------setting values-----------------------------
[INFO ][2015-10-29 11:31:08,893][com.java.TestType] [ 6406] - Action Type : Select
[INFO ][2015-10-29 11:31:08,893][com.java.TestType] [ 2975] - value = PFC
[INFO ][2015-10-29 11:31:09,353][com.java.TestType] [ 6417] -  RESULT true
[INFO ][2015-10-29 11:31:09,353][com.java.TestType] [ 6522] - ?   P A S S   ?
[DEBUG][2015-10-29 11:31:09,353][com.java.TestType] [ 6357] - Concept ID:2 :: Step being Executed: 2::2
[INFO ][2015-10-29 11:31:09,353][com.java.TestType] [ 6390] - dataFields : LNKLogout
[DEBUG][2015-10-29 11:31:09,353][com.java.TestType] [ 6395] - <In Set values of the page>
[DEBUG][2015-10-29 11:31:09,353][com.java.TestType] [ 6399] - {Data Fields & Data Values Exist}
[INFO ][2015-10-29 11:31:09,353][com.java.TestType] [ 6403] - --------------------------setting values-----------------------------
[INFO ][2015-10-29 11:31:09,353][com.java.TestType] [ 6406] - Action Type : WaitForElement
[INFO ][2015-10-29 11:31:11,703][com.java.TestType] [ 6417] -  RESULT true
[INFO ][2015-10-29 11:31:11,703][com.java.TestType] [ 6522] - ?   P A S S   ?
[INFO ][2015-10-29 11:31:11,703][com.java.TestType] [ 6575] - Looping End......
[INFO ][2015-10-29 11:31:11,703][com.java.SeleniumDriver] [  861] -  RESULT true
[INFO ][2015-10-29 11:31:11,703][com.java.SeleniumDriver] [ 1066] - ?   P A S S   ?
[DEBUG][2015-10-29 11:31:11,703][com.java.SeleniumDriver] [ 1168] - Case found
[DEBUG][2015-10-29 11:31:11,703][com.java.SeleniumDriver] [ 1173] - Incrementing ReportCounters[0]:2
[INFO ][2015-10-29 11:31:11,703][com.java.SeleniumDriver] [ 1192] - The results are-------------------[2, 1, Valid Login, Pass, , Thu Oct 29 11:31:08 IST 2015, 2, 2, Valid Login, Pass, , Thu Oct 29 11:31:11 IST 2015]
[INFO ][2015-10-29 11:31:11,703][com.java.SeleniumDriver] [ 1196] - End time is-------57 sec
[INFO ][2015-10-29 11:31:11,703][com.java.SeleniumDriver] [ 1197] - The results are-------------------[2, 1, Valid Login, Pass, , Thu Oct 29 11:31:08 IST 2015, 2, 2, Valid Login, Pass, , Thu Oct 29 11:31:11 IST 2015]
[DEBUG][2015-10-29 11:31:11,703][com.java.ImportnExport.ExportTestResultsExcel] [  222] - testResultPath = D:\BankersDashboard/TestReports/Test Results_BankersDashBoard_102915_113016_IE11_Simmons First National Bank.xls
[DEBUG][2015-10-29 11:31:11,703][com.java.ImportnExport.ExportTestResultsExcel] [  223] - browser is------------IE11
[DEBUG][2015-10-29 11:31:11,703][com.java.ImportnExport.ExportTestResultsExcel] [  270] - result.size() = 12
[DEBUG][2015-10-29 11:31:11,703][com.java.ImportnExport.ExportTestResultsExcel] [  274] - No of rows in sheet=2
[DEBUG][2015-10-29 11:31:11,703][com.java.ImportnExport.ExportTestResultsExcel] [  301] - ..in export..2
[DEBUG][2015-10-29 11:31:11,703][com.java.ImportnExport.ExportTestResultsExcel] [  301] - ..in export..Valid Login
[DEBUG][2015-10-29 11:31:11,703][com.java.ImportnExport.ExportTestResultsExcel] [  301] - ..in export..Pass
[DEBUG][2015-10-29 11:31:11,703][com.java.ImportnExport.ExportTestResultsExcel] [  301] - ..in export..
[DEBUG][2015-10-29 11:31:11,703][com.java.ImportnExport.ExportTestResultsExcel] [  301] - ..in export..Thu Oct 29 11:31:08 IST 2015
[INFO ][2015-10-29 11:31:11,703][com.java.SeleniumDriver] [ 1255] - out loop:1 size:15 TestCases:[1, 2, 3, 4, 5, 6, 7, 8, 9, 10, 11, 12, 13, 14, 15] testcases:[1, 2, 3, 4, 5, 6, 7, 8, 9, 10, 11, 12, 13, 14, 15]
[INFO ][2015-10-29 11:31:11,703][com.java.ImportnExport.ImportTestDataDetailsExcel] [   49] - test data details path===== D:\BankersDashboard\TestInputs\TestData.xls
[INFO ][2015-10-29 11:31:59,144][com.java.SeleniumDriver] [  788] - ------------------------------------------
[INFO ][2015-10-29 11:31:59,144][com.java.SeleniumDriver] [  789] - Test case being Executed: 3
[INFO ][2015-10-29 11:31:59,144][com.java.SeleniumDriver] [  800] - Test step:1
[INFO ][2015-10-29 11:31:59,144][com.java.SeleniumDriver] [  812] - Datavalue is----------Logout
[INFO ][2015-10-29 11:31:59,144][com.java.SeleniumDriver] [  836] - DataField : LNK
[INFO ][2015-10-29 11:31:59,144][com.java.SeleniumDriver] [  838] - DataValue : Logout
[INFO ][2015-10-29 11:31:59,144][com.java.SeleniumDriver] [  844] - <In Set values of the page>
[INFO ][2015-10-29 11:31:59,144][com.java.SeleniumDriver] [  847] - {Data Fields & Data Values Exist}
[INFO ][2015-10-29 11:31:59,144][com.java.SeleniumDriver] [  849] - --------------------------setting values-----------------------------
[INFO ][2015-10-29 11:31:59,144][com.java.SeleniumDriver] [  852] - Action Type : Verify
[INFO ][2015-10-29 11:31:59,144][com.java.TestType] [ 3884] - field= LNK value= Logout
[INFO ][2015-10-29 11:31:59,144][com.java.TestType] [ 2975] - value = Logout
[INFO ][2015-10-29 11:32:01,285][com.java.SeleniumDriver] [  861] -  RESULT true
[INFO ][2015-10-29 11:32:01,285][com.java.SeleniumDriver] [ 1066] - ?   P A S S   ?
[INFO ][2015-10-29 11:32:01,285][com.java.SeleniumDriver] [ 1108] - step change to 3
[INFO ][2015-10-29 11:32:01,285][com.java.SeleniumDriver] [  788] - ------------------------------------------
[INFO ][2015-10-29 11:32:01,285][com.java.SeleniumDriver] [  789] - Test case being Executed: 3
[INFO ][2015-10-29 11:32:01,285][com.java.SeleniumDriver] [  800] - Test step:3
[INFO ][2015-10-29 11:32:01,285][com.java.SeleniumDriver] [  812] - Datavalue is----------2
[INFO ][2015-10-29 11:32:01,285][com.java.SeleniumDriver] [  836] - DataField : LNKG/L
[INFO ][2015-10-29 11:32:01,285][com.java.SeleniumDriver] [  838] - DataValue : 2
[INFO ][2015-10-29 11:32:01,285][com.java.SeleniumDriver] [  844] - <In Set values of the page>
[INFO ][2015-10-29 11:32:01,285][com.java.SeleniumDriver] [  847] - {Data Fields & Data Values Exist}
[INFO ][2015-10-29 11:32:01,285][com.java.SeleniumDriver] [  849] - --------------------------setting values-----------------------------
[INFO ][2015-10-29 11:32:01,285][com.java.SeleniumDriver] [  852] - Action Type : WAITFORELEMENT
[INFO ][2015-10-29 11:32:03,416][com.java.SeleniumDriver] [  861] -  RESULT true
[INFO ][2015-10-29 11:32:03,416][com.java.SeleniumDriver] [ 1066] - ?   P A S S   ?
[INFO ][2015-10-29 11:32:03,416][com.java.SeleniumDriver] [  788] - ------------------------------------------
[INFO ][2015-10-29 11:32:03,416][com.java.SeleniumDriver] [  789] - Test case being Executed: 3
[INFO ][2015-10-29 11:32:03,416][com.java.SeleniumDriver] [  800] - Test step:4
[INFO ][2015-10-29 11:32:03,416][com.java.SeleniumDriver] [  812] - Datavalue is----------null
[DEBUG][2015-10-29 11:32:03,416][com.java.SeleniumDriver] [  830] - Exception: null
[INFO ][2015-10-29 11:32:03,416][com.java.SeleniumDriver] [  836] - DataField : //span[@class='icon-compass']&&My Dashboard
[INFO ][2015-10-29 11:32:03,416][com.java.SeleniumDriver] [  838] - DataValue : 
[INFO ][2015-10-29 11:32:03,416][com.java.SeleniumDriver] [  844] - <In Set values of the page>
[INFO ][2015-10-29 11:32:03,416][com.java.SeleniumDriver] [  847] - {Data Fields & Data Values Exist}
[INFO ][2015-10-29 11:32:03,416][com.java.SeleniumDriver] [  849] - --------------------------setting values-----------------------------
[INFO ][2015-10-29 11:32:03,416][com.java.SeleniumDriver] [  852] - Action Type : MOUSEOVER
[INFO ][2015-10-29 11:32:37,540][com.java.SeleniumDriver] [  861] -  RESULT true
[INFO ][2015-10-29 11:32:37,540][com.java.SeleniumDriver] [ 1066] - ?   P A S S   ?
[INFO ][2015-10-29 11:32:37,540][com.java.SeleniumDriver] [  788] - ------------------------------------------
[INFO ][2015-10-29 11:32:37,540][com.java.SeleniumDriver] [  789] - Test case being Executed: 3
[INFO ][2015-10-29 11:32:37,540][com.java.SeleniumDriver] [  800] - Test step:5
[INFO ][2015-10-29 11:32:37,540][com.java.SeleniumDriver] [  812] - Datavalue is----------2
[INFO ][2015-10-29 11:32:37,540][com.java.SeleniumDriver] [  836] - DataField : XPH//span[contains(text(),'Show Report')]
[INFO ][2015-10-29 11:32:37,540][com.java.SeleniumDriver] [  838] - DataValue : 2
[INFO ][2015-10-29 11:32:37,540][com.java.SeleniumDriver] [  844] - <In Set values of the page>
[INFO ][2015-10-29 11:32:37,540][com.java.SeleniumDriver] [  847] - {Data Fields & Data Values Exist}
[INFO ][2015-10-29 11:32:37,540][com.java.SeleniumDriver] [  849] - --------------------------setting values-----------------------------
[INFO ][2015-10-29 11:32:37,540][com.java.SeleniumDriver] [  852] - Action Type : WAITFORELEMENT
[INFO ][2015-10-29 11:32:37,571][com.java.SeleniumDriver] [  861] -  RESULT true
[INFO ][2015-10-29 11:32:37,571][com.java.SeleniumDriver] [ 1066] - ?   P A S S   ?
[INFO ][2015-10-29 11:32:37,571][com.java.SeleniumDriver] [  788] - ------------------------------------------
[INFO ][2015-10-29 11:32:37,571][com.java.SeleniumDriver] [  789] - Test case being Executed: 3
[INFO ][2015-10-29 11:32:37,571][com.java.SeleniumDriver] [  800] - Test step:6
[INFO ][2015-10-29 11:32:37,571][com.java.SeleniumDriver] [  812] - Datavalue is----------null
[DEBUG][2015-10-29 11:32:37,571][com.java.SeleniumDriver] [  830] - Exception: null
[INFO ][2015-10-29 11:32:37,571][com.java.SeleniumDriver] [  836] - DataField : BTNframeDialogContent
[INFO ][2015-10-29 11:32:37,571][com.java.SeleniumDriver] [  838] - DataValue : 
[INFO ][2015-10-29 11:32:37,571][com.java.SeleniumDriver] [  844] - <In Set values of the page>
[INFO ][2015-10-29 11:32:37,571][com.java.SeleniumDriver] [  847] - {Data Fields & Data Values Exist}
[INFO ][2015-10-29 11:32:37,571][com.java.SeleniumDriver] [  849] - --------------------------setting values-----------------------------
[INFO ][2015-10-29 11:32:37,571][com.java.SeleniumDriver] [  852] - Action Type : SELECTFRAME
[INFO ][2015-10-29 11:32:37,651][com.java.SeleniumDriver] [  861] -  RESULT true
[INFO ][2015-10-29 11:32:37,651][com.java.SeleniumDriver] [ 1066] - ?   P A S S   ?
[INFO ][2015-10-29 11:32:37,651][com.java.SeleniumDriver] [  788] - ------------------------------------------
[INFO ][2015-10-29 11:32:37,651][com.java.SeleniumDriver] [  789] - Test case being Executed: 3
[INFO ][2015-10-29 11:32:37,651][com.java.SeleniumDriver] [  800] - Test step:7
[INFO ][2015-10-29 11:32:37,651][com.java.SeleniumDriver] [  812] - Datavalue is----------index:1
[INFO ][2015-10-29 11:32:37,651][com.java.SeleniumDriver] [  836] - DataField : COBddlStartDate
[INFO ][2015-10-29 11:32:37,651][com.java.SeleniumDriver] [  838] - DataValue : index:1
[INFO ][2015-10-29 11:32:37,651][com.java.SeleniumDriver] [  844] - <In Set values of the page>
[INFO ][2015-10-29 11:32:37,651][com.java.SeleniumDriver] [  847] - {Data Fields & Data Values Exist}
[INFO ][2015-10-29 11:32:37,651][com.java.SeleniumDriver] [  849] - --------------------------setting values-----------------------------
[INFO ][2015-10-29 11:32:37,651][com.java.SeleniumDriver] [  852] - Action Type : SELECT
[INFO ][2015-10-29 11:32:37,651][com.java.TestType] [ 2975] - value = 1
[INFO ][2015-10-29 11:32:37,731][com.java.TestType] [ 3076] -  In COB ddlStartDate : 1
[INFO ][2015-10-29 11:32:37,961][com.java.SeleniumDriver] [  861] -  RESULT true
[INFO ][2015-10-29 11:32:37,961][com.java.SeleniumDriver] [ 1066] - ?   P A S S   ?
[INFO ][2015-10-29 11:32:37,961][com.java.SeleniumDriver] [  788] - ------------------------------------------
[INFO ][2015-10-29 11:32:37,961][com.java.SeleniumDriver] [  789] - Test case being Executed: 3
[INFO ][2015-10-29 11:32:37,961][com.java.SeleniumDriver] [  800] - Test step:8
[INFO ][2015-10-29 11:32:37,961][com.java.SeleniumDriver] [  812] - Datavalue is----------Periods
[INFO ][2015-10-29 11:32:37,961][com.java.SeleniumDriver] [  836] - DataField : COBddlView
[INFO ][2015-10-29 11:32:37,961][com.java.SeleniumDriver] [  838] - DataValue : Periods
[INFO ][2015-10-29 11:32:37,961][com.java.SeleniumDriver] [  844] - <In Set values of the page>
[INFO ][2015-10-29 11:32:37,961][com.java.SeleniumDriver] [  847] - {Data Fields & Data Values Exist}
[INFO ][2015-10-29 11:32:37,961][com.java.SeleniumDriver] [  849] - --------------------------setting values-----------------------------
[INFO ][2015-10-29 11:32:37,961][com.java.SeleniumDriver] [  852] - Action Type : VERIFY
[INFO ][2015-10-29 11:32:37,961][com.java.TestType] [ 3884] - field= COBddlView value= Periods
[INFO ][2015-10-29 11:32:37,961][com.java.TestType] [ 2975] - value = Periods
[INFO ][2015-10-29 11:32:38,151][com.java.SeleniumDriver] [  861] -  RESULT true
[INFO ][2015-10-29 11:32:38,151][com.java.SeleniumDriver] [ 1066] - ?   P A S S   ?
[INFO ][2015-10-29 11:32:38,151][com.java.SeleniumDriver] [  788] - ------------------------------------------
[INFO ][2015-10-29 11:32:38,151][com.java.SeleniumDriver] [  789] - Test case being Executed: 3
[INFO ][2015-10-29 11:32:38,151][com.java.SeleniumDriver] [  800] - Test step:9
[INFO ][2015-10-29 11:32:38,151][com.java.SeleniumDriver] [  812] - Datavalue is----------null
[DEBUG][2015-10-29 11:32:38,151][com.java.SeleniumDriver] [  830] - Exception: null
[INFO ][2015-10-29 11:32:38,151][com.java.SeleniumDriver] [  836] - DataField : BTNparent
[INFO ][2015-10-29 11:32:38,151][com.java.SeleniumDriver] [  838] - DataValue : 
[INFO ][2015-10-29 11:32:38,151][com.java.SeleniumDriver] [  844] - <In Set values of the page>
[INFO ][2015-10-29 11:32:38,151][com.java.SeleniumDriver] [  847] - {Data Fields & Data Values Exist}
[INFO ][2015-10-29 11:32:38,151][com.java.SeleniumDriver] [  849] - --------------------------setting values-----------------------------
[INFO ][2015-10-29 11:32:38,151][com.java.SeleniumDriver] [  852] - Action Type : SELECTFRAME
[INFO ][2015-10-29 11:32:38,161][com.java.SeleniumDriver] [  861] -  RESULT true
[INFO ][2015-10-29 11:32:38,161][com.java.SeleniumDriver] [ 1066] - ?   P A S S   ?
[INFO ][2015-10-29 11:32:38,161][com.java.SeleniumDriver] [  788] - ------------------------------------------
[INFO ][2015-10-29 11:32:38,161][com.java.SeleniumDriver] [  789] - Test case being Executed: 3
[INFO ][2015-10-29 11:32:38,161][com.java.SeleniumDriver] [  800] - Test step:10
[INFO ][2015-10-29 11:32:38,161][com.java.SeleniumDriver] [  812] - Datavalue is----------null
[DEBUG][2015-10-29 11:32:38,161][com.java.SeleniumDriver] [  830] - Exception: null
[INFO ][2015-10-29 11:32:38,161][com.java.SeleniumDriver] [  836] - DataField : XPH//div[@class='ui-dialog-buttonset']/button
[INFO ][2015-10-29 11:32:38,161][com.java.SeleniumDriver] [  838] - DataValue : 
[INFO ][2015-10-29 11:32:38,161][com.java.SeleniumDriver] [  844] - <In Set values of the page>
[INFO ][2015-10-29 11:32:38,161][com.java.SeleniumDriver] [  847] - {Data Fields & Data Values Exist}
[INFO ][2015-10-29 11:32:38,161][com.java.SeleniumDriver] [  849] - --------------------------setting values-----------------------------
[INFO ][2015-10-29 11:32:38,161][com.java.SeleniumDriver] [  852] - Action Type : CLICK
[INFO ][2015-10-29 11:32:38,161][com.java.TestType] [ 3245] - Field ::XPH//div[@class='ui-dialog-buttonset']/button
[INFO ][2015-10-29 11:32:39,161][com.java.TestType] [ 3296] - BEFORE CLICK
[INFO ][2015-10-29 11:32:40,391][com.java.TestType] [ 3302] - Unable to click the object ShowReport
[INFO ][2015-10-29 11:32:40,391][com.java.SeleniumDriver] [  861] -  RESULT true
[INFO ][2015-10-29 11:32:40,391][com.java.SeleniumDriver] [ 1066] - ?   P A S S   ?
[INFO ][2015-10-29 11:32:40,391][com.java.SeleniumDriver] [  788] - ------------------------------------------
[INFO ][2015-10-29 11:32:40,391][com.java.SeleniumDriver] [  789] - Test case being Executed: 3
[INFO ][2015-10-29 11:32:40,391][com.java.SeleniumDriver] [  800] - Test step:11
[INFO ][2015-10-29 11:32:40,391][com.java.SeleniumDriver] [  812] - Datavalue is----------2
[INFO ][2015-10-29 11:32:40,391][com.java.SeleniumDriver] [  836] - DataField : XPH//td[@class='ReportTitle']
[INFO ][2015-10-29 11:32:40,391][com.java.SeleniumDriver] [  838] - DataValue : 2
[INFO ][2015-10-29 11:32:40,391][com.java.SeleniumDriver] [  844] - <In Set values of the page>
[INFO ][2015-10-29 11:32:40,391][com.java.SeleniumDriver] [  847] - {Data Fields & Data Values Exist}
[INFO ][2015-10-29 11:32:40,391][com.java.SeleniumDriver] [  849] - --------------------------setting values-----------------------------
[INFO ][2015-10-29 11:32:40,391][com.java.SeleniumDriver] [  852] - Action Type : WAITFORELEMENT
[INFO ][2015-10-29 11:34:14,019][com.java.SeleniumDriver] [  861] -  RESULT true
[INFO ][2015-10-29 11:34:14,019][com.java.SeleniumDriver] [ 1066] - ?   P A S S   ?
[INFO ][2015-10-29 11:34:14,019][com.java.SeleniumDriver] [  788] - ------------------------------------------
[INFO ][2015-10-29 11:34:14,019][com.java.SeleniumDriver] [  789] - Test case being Executed: 3
[INFO ][2015-10-29 11:34:14,019][com.java.SeleniumDriver] [  800] - Test step:12
[INFO ][2015-10-29 11:34:14,019][com.java.SeleniumDriver] [  812] - Datavalue is----------ApplicationLogo
[INFO ][2015-10-29 11:34:14,019][com.java.SeleniumDriver] [  836] - DataField : LGO
[INFO ][2015-10-29 11:34:14,019][com.java.SeleniumDriver] [  838] - DataValue : ApplicationLogo
[INFO ][2015-10-29 11:34:14,019][com.java.SeleniumDriver] [  844] - <In Set values of the page>
[INFO ][2015-10-29 11:34:14,019][com.java.SeleniumDriver] [  847] - {Data Fields & Data Values Exist}
[INFO ][2015-10-29 11:34:14,019][com.java.SeleniumDriver] [  849] - --------------------------setting values-----------------------------
[INFO ][2015-10-29 11:34:14,019][com.java.SeleniumDriver] [  852] - Action Type : VERIFY
[INFO ][2015-10-29 11:34:14,019][com.java.TestType] [ 3884] - field= LGO value= ApplicationLogo
[INFO ][2015-10-29 11:34:14,019][com.java.TestType] [ 2975] - value = ApplicationLogo
[INFO ][2015-10-29 11:34:14,080][com.java.SeleniumDriver] [  861] -  RESULT true
[INFO ][2015-10-29 11:34:14,080][com.java.SeleniumDriver] [ 1066] - ?   P A S S   ?
[INFO ][2015-10-29 11:34:14,080][com.java.SeleniumDriver] [  788] - ------------------------------------------
[INFO ][2015-10-29 11:34:14,080][com.java.SeleniumDriver] [  789] - Test case being Executed: 3
[INFO ][2015-10-29 11:34:14,080][com.java.SeleniumDriver] [  800] - Test step:13
[INFO ][2015-10-29 11:34:14,080][com.java.SeleniumDriver] [  812] - Datavalue is----------//table[@class='report2']
[INFO ][2015-10-29 11:34:14,080][com.java.SeleniumDriver] [  836] - DataField : BTN
[INFO ][2015-10-29 11:34:14,080][com.java.SeleniumDriver] [  838] - DataValue : //table[@class='report2']
[INFO ][2015-10-29 11:34:14,080][com.java.SeleniumDriver] [  844] - <In Set values of the page>
[INFO ][2015-10-29 11:34:14,080][com.java.SeleniumDriver] [  847] - {Data Fields & Data Values Exist}
[INFO ][2015-10-29 11:34:14,080][com.java.SeleniumDriver] [  849] - --------------------------setting values-----------------------------
[INFO ][2015-10-29 11:34:14,080][com.java.SeleniumDriver] [  852] - Action Type : VERIFY
[INFO ][2015-10-29 11:34:14,080][com.java.TestType] [ 3884] - field= BTN value= //table[@class='report2']
[INFO ][2015-10-29 11:34:14,080][com.java.TestType] [ 2975] - value = //table[@class='report2']
[INFO ][2015-10-29 11:34:14,110][com.java.SeleniumDriver] [  861] -  RESULT true
[INFO ][2015-10-29 11:34:14,110][com.java.SeleniumDriver] [ 1066] - ?   P A S S   ?
[DEBUG][2015-10-29 11:34:14,110][com.java.SeleniumDriver] [ 1168] - Case found
[DEBUG][2015-10-29 11:34:14,110][com.java.SeleniumDriver] [ 1173] - Incrementing ReportCounters[0]:3
[INFO ][2015-10-29 11:34:14,110][com.java.SeleniumDriver] [ 1192] - The results are-------------------[3, 1, DashBoard : My DashBoard, Pass, , Thu Oct 29 11:32:01 IST 2015, 3, 3, DashBoard : My DashBoard, Pass, , Thu Oct 29 11:32:03 IST 2015, 3, 4, DashBoard : My DashBoard, Pass, , Thu Oct 29 11:32:37 IST 2015, 3, 5, DashBoard : My DashBoard, Pass, , Thu Oct 29 11:32:37 IST 2015, 3, 6, DashBoard : My DashBoard, Pass, , Thu Oct 29 11:32:37 IST 2015, 3, 7, DashBoard : My DashBoard, Pass, , Thu Oct 29 11:32:37 IST 2015, 3, 8, DashBoard : My DashBoard, Pass, , Thu Oct 29 11:32:38 IST 2015, 3, 9, DashBoard : My DashBoard, Pass, , Thu Oct 29 11:32:38 IST 2015, 3, 10, DashBoard : My DashBoard, Pass, , Thu Oct 29 11:32:40 IST 2015, 3, 11, DashBoard : My DashBoard, Pass, , Thu Oct 29 11:34:14 IST 2015, 3, 12, DashBoard : My DashBoard, Pass, , Thu Oct 29 11:34:14 IST 2015, 3, 13, DashBoard : My DashBoard, Pass, , Thu Oct 29 11:34:14 IST 2015]
[INFO ][2015-10-29 11:34:14,110][com.java.SeleniumDriver] [ 1196] - End time is-------3 min 59 sec
[INFO ][2015-10-29 11:34:14,110][com.java.SeleniumDriver] [ 1197] - The results are-------------------[3, 1, DashBoard : My DashBoard, Pass, , Thu Oct 29 11:32:01 IST 2015, 3, 3, DashBoard : My DashBoard, Pass, , Thu Oct 29 11:32:03 IST 2015, 3, 4, DashBoard : My DashBoard, Pass, , Thu Oct 29 11:32:37 IST 2015, 3, 5, DashBoard : My DashBoard, Pass, , Thu Oct 29 11:32:37 IST 2015, 3, 6, DashBoard : My DashBoard, Pass, , Thu Oct 29 11:32:37 IST 2015, 3, 7, DashBoard : My DashBoard, Pass, , Thu Oct 29 11:32:37 IST 2015, 3, 8, DashBoard : My DashBoard, Pass, , Thu Oct 29 11:32:38 IST 2015, 3, 9, DashBoard : My DashBoard, Pass, , Thu Oct 29 11:32:38 IST 2015, 3, 10, DashBoard : My DashBoard, Pass, , Thu Oct 29 11:32:40 IST 2015, 3, 11, DashBoard : My DashBoard, Pass, , Thu Oct 29 11:34:14 IST 2015, 3, 12, DashBoard : My DashBoard, Pass, , Thu Oct 29 11:34:14 IST 2015, 3, 13, DashBoard : My DashBoard, Pass, , Thu Oct 29 11:34:14 IST 2015]
[DEBUG][2015-10-29 11:34:14,110][com.java.ImportnExport.ExportTestResultsExcel] [  222] - testResultPath = D:\BankersDashboard/TestReports/Test Results_BankersDashBoard_102915_113016_IE11_Simmons First National Bank.xls
[DEBUG][2015-10-29 11:34:14,110][com.java.ImportnExport.ExportTestResultsExcel] [  223] - browser is------------IE11
[DEBUG][2015-10-29 11:34:14,110][com.java.ImportnExport.ExportTestResultsExcel] [  270] - result.size() = 72
[DEBUG][2015-10-29 11:34:14,110][com.java.ImportnExport.ExportTestResultsExcel] [  274] - No of rows in sheet=3
[DEBUG][2015-10-29 11:34:14,110][com.java.ImportnExport.ExportTestResultsExcel] [  301] - ..in export..3
[DEBUG][2015-10-29 11:34:14,110][com.java.ImportnExport.ExportTestResultsExcel] [  301] - ..in export..DashBoard : My DashBoard
[DEBUG][2015-10-29 11:34:14,110][com.java.ImportnExport.ExportTestResultsExcel] [  301] - ..in export..Pass
[DEBUG][2015-10-29 11:34:14,110][com.java.ImportnExport.ExportTestResultsExcel] [  301] - ..in export..
[DEBUG][2015-10-29 11:34:14,110][com.java.ImportnExport.ExportTestResultsExcel] [  301] - ..in export..Thu Oct 29 11:32:01 IST 2015
[INFO ][2015-10-29 11:34:14,110][com.java.SeleniumDriver] [ 1255] - out loop:2 size:15 TestCases:[1, 2, 3, 4, 5, 6, 7, 8, 9, 10, 11, 12, 13, 14, 15] testcases:[1, 2, 3, 4, 5, 6, 7, 8, 9, 10, 11, 12, 13, 14, 15]
[INFO ][2015-10-29 11:34:14,110][com.java.ImportnExport.ImportTestDataDetailsExcel] [   49] - test data details path===== D:\BankersDashboard\TestInputs\TestData.xls
[INFO ][2015-10-29 11:34:30,540][com.java.SeleniumDriver] [  788] - ------------------------------------------
[INFO ][2015-10-29 11:34:30,540][com.java.SeleniumDriver] [  789] - Test case being Executed: 4
[INFO ][2015-10-29 11:34:30,540][com.java.SeleniumDriver] [  800] - Test step:1
[INFO ][2015-10-29 11:34:30,540][com.java.SeleniumDriver] [  812] - Datavalue is----------Logout
[INFO ][2015-10-29 11:34:30,540][com.java.SeleniumDriver] [  836] - DataField : XPH//a[@id='btnLogout']
[INFO ][2015-10-29 11:34:30,540][com.java.SeleniumDriver] [  838] - DataValue : Logout
[INFO ][2015-10-29 11:34:30,540][com.java.SeleniumDriver] [  844] - <In Set values of the page>
[INFO ][2015-10-29 11:34:30,540][com.java.SeleniumDriver] [  847] - {Data Fields & Data Values Exist}
[INFO ][2015-10-29 11:34:30,540][com.java.SeleniumDriver] [  849] - --------------------------setting values-----------------------------
[INFO ][2015-10-29 11:34:30,540][com.java.SeleniumDriver] [  852] - Action Type : Verify
[INFO ][2015-10-29 11:34:30,540][com.java.TestType] [ 3884] - field= XPH//a[@id='btnLogout'] value= Logout
[INFO ][2015-10-29 11:34:30,540][com.java.TestType] [ 2975] - value = Logout
[INFO ][2015-10-29 11:34:30,651][com.java.SeleniumDriver] [  861] -  RESULT true
[INFO ][2015-10-29 11:34:30,651][com.java.SeleniumDriver] [ 1066] - ?   P A S S   ?
[INFO ][2015-10-29 11:34:30,651][com.java.SeleniumDriver] [ 1108] - step change to 3
[INFO ][2015-10-29 11:34:30,651][com.java.SeleniumDriver] [  788] - ------------------------------------------
[INFO ][2015-10-29 11:34:30,651][com.java.SeleniumDriver] [  789] - Test case being Executed: 4
[INFO ][2015-10-29 11:34:30,651][com.java.SeleniumDriver] [  800] - Test step:3
[INFO ][2015-10-29 11:34:30,651][com.java.SeleniumDriver] [  812] - Datavalue is----------2
[INFO ][2015-10-29 11:34:30,651][com.java.SeleniumDriver] [  836] - DataField : BTNG/L
[INFO ][2015-10-29 11:34:30,651][com.java.SeleniumDriver] [  838] - DataValue : 2
[INFO ][2015-10-29 11:34:30,651][com.java.SeleniumDriver] [  844] - <In Set values of the page>
[INFO ][2015-10-29 11:34:30,651][com.java.SeleniumDriver] [  847] - {Data Fields & Data Values Exist}
[INFO ][2015-10-29 11:34:30,651][com.java.SeleniumDriver] [  849] - --------------------------setting values-----------------------------
[INFO ][2015-10-29 11:34:30,651][com.java.SeleniumDriver] [  852] - Action Type : WAITFORELEMENT
[INFO ][2015-10-29 11:34:32,771][com.java.SeleniumDriver] [  861] -  RESULT true
[INFO ][2015-10-29 11:34:32,771][com.java.SeleniumDriver] [ 1066] - ?   P A S S   ?
[INFO ][2015-10-29 11:34:32,771][com.java.SeleniumDriver] [  788] - ------------------------------------------
[INFO ][2015-10-29 11:34:32,771][com.java.SeleniumDriver] [  789] - Test case being Executed: 4
[INFO ][2015-10-29 11:34:32,771][com.java.SeleniumDriver] [  800] - Test step:4
[INFO ][2015-10-29 11:34:32,771][com.java.SeleniumDriver] [  812] - Datavalue is----------null
[DEBUG][2015-10-29 11:34:32,771][com.java.SeleniumDriver] [  830] - Exception: null
[INFO ][2015-10-29 11:34:32,771][com.java.SeleniumDriver] [  836] - DataField : G/L&&Balance Sheet&&//ul[@id='BalanceSheet']/li[@data-id='BHistorical']
[INFO ][2015-10-29 11:34:32,771][com.java.SeleniumDriver] [  838] - DataValue : 
[INFO ][2015-10-29 11:34:32,771][com.java.SeleniumDriver] [  844] - <In Set values of the page>
[INFO ][2015-10-29 11:34:32,771][com.java.SeleniumDriver] [  847] - {Data Fields & Data Values Exist}
[INFO ][2015-10-29 11:34:32,771][com.java.SeleniumDriver] [  849] - --------------------------setting values-----------------------------
[INFO ][2015-10-29 11:34:32,771][com.java.SeleniumDriver] [  852] - Action Type : MOUSEOVER
[ERROR][2015-10-29 11:34:51,355][com.java.TestType] [  732] - exception value : Cannot click on element (WARNING: The server did not provide any stacktrace information)
Command duration or timeout: 130 milliseconds
Build info: version: '2.48.2', revision: '41bccdd', time: '2015-10-09 19:59:12'
System info: host: 'FVTIII438F1D', ip: '172.17.68.34', os.name: 'Windows 7', os.arch: 'x86', os.version: '6.1', java.version: '1.7.0_55'
Session ID: febc508a-f70f-4c3b-9ab0-0095b5efea5f
Driver info: org.openqa.selenium.ie.InternetExplorerDriver
Capabilities [{platform=WINDOWS, javascriptEnabled=true, elementScrollBehavior=0, ignoreZoomSetting=false, enablePersistentHover=true, ie.ensureCleanSession=false, browserName=internet explorer, enableElementCacheCleanup=true, unexpectedAlertBehaviour=dismiss, version=11, ie.usePerProcessProxy=false, ignoreProtectedModeSettings=true, cssSelectorsEnabled=true, requireWindowFocus=false, initialBrowserUrl=http://localhost:27507/, handlesAlerts=true, ie.forceCreateProcessApi=false, nativeEvents=true, browserAttachTimeout=0, ie.browserCommandLineSwitches=, takesScreenshot=true}]
[INFO ][2015-10-29 11:34:51,355][com.java.SeleniumDriver] [  861] -  RESULT false
[INFO ][2015-10-29 11:34:51,355][com.java.SeleniumDriver] [  908] - ?   F A I L   ?
[INFO ][2015-10-29 11:34:51,355][com.java.SeleniumDriver] [  916] - Browser Type : IE11
[INFO ][2015-10-29 11:34:51,355][com.java.SeleniumDriver] [  917] - Adding Failed case4
[INFO ][2015-10-29 11:34:52,086][com.java.SeleniumDriver] [ 1030] - failedCases = 4
[ERROR][2015-10-29 11:34:52,086][com.java.SeleniumDriver] [ 1516] - Platform Errors : Our apologies...::We have encountered an issue with your request.::Our apologies?:We encountered an issue with your request.
[INFO ][2015-10-29 11:34:52,086][com.java.SeleniumDriver] [ 1520] - Length =3
[ERROR][2015-10-29 11:34:52,086][com.java.SeleniumDriver] [ 1523] - Error 0 = Our apologies...
[ERROR][2015-10-29 11:34:52,136][com.java.SeleniumDriver] [ 1523] - Error 1 = We have encountered an issue with your request.
[ERROR][2015-10-29 11:34:52,166][com.java.SeleniumDriver] [ 1523] - Error 2 = Our apologies?:We encountered an issue with your request.
[DEBUG][2015-10-29 11:34:52,216][com.java.SeleniumDriver] [ 1168] - Case found
[DEBUG][2015-10-29 11:34:52,216][com.java.SeleniumDriver] [ 1173] - Incrementing ReportCounters[0]:4
[INFO ][2015-10-29 11:34:52,216][com.java.SeleniumDriver] [ 1192] - The results are-------------------[4, 4, GL: Balance Sheet: Balance Sheet Report: Summary & Consolidated, Fail, 
Test case failed at Step No. :: 4   Error Message ::  Element: //ul[@id='BalanceSheet']/li[@data-id='BHistorical'] is not found. Screen Shot : D:\BankersDashboard\TestReports\102915\4_102915_113451_IE11.png, Thu Oct 29 11:34:52 IST 2015]
[INFO ][2015-10-29 11:34:52,216][com.java.SeleniumDriver] [ 1196] - End time is-------4 min 38 sec
[INFO ][2015-10-29 11:34:52,216][com.java.SeleniumDriver] [ 1197] - The results are-------------------[4, 4, GL: Balance Sheet: Balance Sheet Report: Summary & Consolidated, Fail, 
Test case failed at Step No. :: 4   Error Message ::  Element: //ul[@id='BalanceSheet']/li[@data-id='BHistorical'] is not found. Screen Shot : D:\BankersDashboard\TestReports\102915\4_102915_113451_IE11.png, Thu Oct 29 11:34:52 IST 2015]
[DEBUG][2015-10-29 11:34:52,216][com.java.ImportnExport.ExportTestResultsExcel] [  222] - testResultPath = D:\BankersDashboard/TestReports/Test Results_BankersDashBoard_102915_113016_IE11_Simmons First National Bank.xls
[DEBUG][2015-10-29 11:34:52,216][com.java.ImportnExport.ExportTestResultsExcel] [  223] - browser is------------IE11
[DEBUG][2015-10-29 11:34:52,216][com.java.ImportnExport.ExportTestResultsExcel] [  270] - result.size() = 6
[DEBUG][2015-10-29 11:34:52,216][com.java.ImportnExport.ExportTestResultsExcel] [  274] - No of rows in sheet=4
[DEBUG][2015-10-29 11:34:52,216][com.java.ImportnExport.ExportTestResultsExcel] [  301] - ..in export..4
[DEBUG][2015-10-29 11:34:52,216][com.java.ImportnExport.ExportTestResultsExcel] [  301] - ..in export..GL: Balance Sheet: Balance Sheet Report: Summary & Consolidated
[DEBUG][2015-10-29 11:34:52,216][com.java.ImportnExport.ExportTestResultsExcel] [  301] - ..in export..Fail
[DEBUG][2015-10-29 11:34:52,216][com.java.ImportnExport.ExportTestResultsExcel] [  301] - ..in export..
Test case failed at Step No. :: 4   Error Message ::  Element: //ul[@id='BalanceSheet']/li[@data-id='BHistorical'] is not found. Screen Shot : D:\BankersDashboard\TestReports\102915\4_102915_113451_IE11.png
[DEBUG][2015-10-29 11:34:52,216][com.java.ImportnExport.ExportTestResultsExcel] [  301] - ..in export..Thu Oct 29 11:34:52 IST 2015
[INFO ][2015-10-29 11:34:52,216][com.java.SeleniumDriver] [ 1255] - out loop:3 size:15 TestCases:[1, 2, 3, 4, 5, 6, 7, 8, 9, 10, 11, 12, 13, 14, 15] testcases:[1, 2, 3, 4, 5, 6, 7, 8, 9, 10, 11, 12, 13, 14, 15]
[INFO ][2015-10-29 11:34:52,216][com.java.ImportnExport.ImportTestDataDetailsExcel] [   49] - test data details path===== D:\BankersDashboard\TestInputs\TestData.xls
[INFO ][2015-10-29 11:35:16,691][com.java.SeleniumDriver] [  788] - ------------------------------------------
[INFO ][2015-10-29 11:35:16,691][com.java.SeleniumDriver] [  789] - Test case being Executed: 5
[INFO ][2015-10-29 11:35:16,691][com.java.SeleniumDriver] [  800] - Test step:1
[INFO ][2015-10-29 11:35:16,691][com.java.SeleniumDriver] [  812] - Datavalue is----------Logout
[INFO ][2015-10-29 11:35:16,691][com.java.SeleniumDriver] [  836] - DataField : LNK
[INFO ][2015-10-29 11:35:16,691][com.java.SeleniumDriver] [  838] - DataValue : Logout
[INFO ][2015-10-29 11:35:16,691][com.java.SeleniumDriver] [  844] - <In Set values of the page>
[INFO ][2015-10-29 11:35:16,691][com.java.SeleniumDriver] [  847] - {Data Fields & Data Values Exist}
[INFO ][2015-10-29 11:35:16,691][com.java.SeleniumDriver] [  849] - --------------------------setting values-----------------------------
[INFO ][2015-10-29 11:35:16,691][com.java.SeleniumDriver] [  852] - Action Type : Verify
[INFO ][2015-10-29 11:35:16,691][com.java.TestType] [ 3884] - field= LNK value= Logout
[INFO ][2015-10-29 11:35:16,691][com.java.TestType] [ 2975] - value = Logout
[INFO ][2015-10-29 11:35:18,847][com.java.SeleniumDriver] [  861] -  RESULT true
[INFO ][2015-10-29 11:35:18,847][com.java.SeleniumDriver] [ 1066] - ?   P A S S   ?
[INFO ][2015-10-29 11:35:18,847][com.java.SeleniumDriver] [ 1108] - step change to 3
[INFO ][2015-10-29 11:35:18,847][com.java.SeleniumDriver] [  788] - ------------------------------------------
[INFO ][2015-10-29 11:35:18,847][com.java.SeleniumDriver] [  789] - Test case being Executed: 5
[INFO ][2015-10-29 11:35:18,847][com.java.SeleniumDriver] [  800] - Test step:3
[INFO ][2015-10-29 11:35:18,847][com.java.SeleniumDriver] [  812] - Datavalue is----------2
[INFO ][2015-10-29 11:35:18,847][com.java.SeleniumDriver] [  836] - DataField : BTNG/L
[INFO ][2015-10-29 11:35:18,847][com.java.SeleniumDriver] [  838] - DataValue : 2
[INFO ][2015-10-29 11:35:18,847][com.java.SeleniumDriver] [  844] - <In Set values of the page>
[INFO ][2015-10-29 11:35:18,847][com.java.SeleniumDriver] [  847] - {Data Fields & Data Values Exist}
[INFO ][2015-10-29 11:35:18,847][com.java.SeleniumDriver] [  849] - --------------------------setting values-----------------------------
[INFO ][2015-10-29 11:35:18,847][com.java.SeleniumDriver] [  852] - Action Type : WAITFORELEMENT
[INFO ][2015-10-29 11:35:20,978][com.java.SeleniumDriver] [  861] -  RESULT true
[INFO ][2015-10-29 11:35:20,978][com.java.SeleniumDriver] [ 1066] - ?   P A S S   ?
[INFO ][2015-10-29 11:35:20,978][com.java.SeleniumDriver] [  788] - ------------------------------------------
[INFO ][2015-10-29 11:35:20,978][com.java.SeleniumDriver] [  789] - Test case being Executed: 5
[INFO ][2015-10-29 11:35:20,978][com.java.SeleniumDriver] [  800] - Test step:4
[INFO ][2015-10-29 11:35:20,978][com.java.SeleniumDriver] [  812] - Datavalue is----------null
[DEBUG][2015-10-29 11:35:20,978][com.java.SeleniumDriver] [  830] - Exception: null
[INFO ][2015-10-29 11:35:20,978][com.java.SeleniumDriver] [  836] - DataField : G/L&&Balance Sheet&&//ul[@id='BalanceSheet']/li[@data-id='BHistorical']
[INFO ][2015-10-29 11:35:20,978][com.java.SeleniumDriver] [  838] - DataValue : 
[INFO ][2015-10-29 11:35:20,978][com.java.SeleniumDriver] [  844] - <In Set values of the page>
[INFO ][2015-10-29 11:35:20,978][com.java.SeleniumDriver] [  847] - {Data Fields & Data Values Exist}
[INFO ][2015-10-29 11:35:20,978][com.java.SeleniumDriver] [  849] - --------------------------setting values-----------------------------
[INFO ][2015-10-29 11:35:20,978][com.java.SeleniumDriver] [  852] - Action Type : MOUSEOVER
[ERROR][2015-10-29 11:35:39,529][com.java.TestType] [  732] - exception value : Cannot click on element (WARNING: The server did not provide any stacktrace information)
Command duration or timeout: 90 milliseconds
Build info: version: '2.48.2', revision: '41bccdd', time: '2015-10-09 19:59:12'
System info: host: 'FVTIII438F1D', ip: '172.17.68.34', os.name: 'Windows 7', os.arch: 'x86', os.version: '6.1', java.version: '1.7.0_55'
Session ID: febc508a-f70f-4c3b-9ab0-0095b5efea5f
Driver info: org.openqa.selenium.ie.InternetExplorerDriver
Capabilities [{platform=WINDOWS, javascriptEnabled=true, elementScrollBehavior=0, ignoreZoomSetting=false, enablePersistentHover=true, ie.ensureCleanSession=false, browserName=internet explorer, enableElementCacheCleanup=true, unexpectedAlertBehaviour=dismiss, version=11, ie.usePerProcessProxy=false, ignoreProtectedModeSettings=true, cssSelectorsEnabled=true, requireWindowFocus=false, initialBrowserUrl=http://localhost:27507/, handlesAlerts=true, ie.forceCreateProcessApi=false, nativeEvents=true, browserAttachTimeout=0, ie.browserCommandLineSwitches=, takesScreenshot=true}]
[INFO ][2015-10-29 11:35:39,529][com.java.SeleniumDriver] [  861] -  RESULT false
[INFO ][2015-10-29 11:35:39,529][com.java.SeleniumDriver] [  908] - ?   F A I L   ?
[INFO ][2015-10-29 11:35:39,529][com.java.SeleniumDriver] [  916] - Browser Type : IE11
[INFO ][2015-10-29 11:35:39,529][com.java.SeleniumDriver] [  917] - Adding Failed case5
[INFO ][2015-10-29 11:35:40,350][com.java.SeleniumDriver] [ 1030] - failedCases = 4-5
[ERROR][2015-10-29 11:35:40,350][com.java.SeleniumDriver] [ 1516] - Platform Errors : Our apologies...::We have encountered an issue with your request.::Our apologies?:We encountered an issue with your request.
[INFO ][2015-10-29 11:35:40,350][com.java.SeleniumDriver] [ 1520] - Length =3
[ERROR][2015-10-29 11:35:40,350][com.java.SeleniumDriver] [ 1523] - Error 0 = Our apologies...
[ERROR][2015-10-29 11:35:40,430][com.java.SeleniumDriver] [ 1523] - Error 1 = We have encountered an issue with your request.
[ERROR][2015-10-29 11:35:40,470][com.java.SeleniumDriver] [ 1523] - Error 2 = Our apologies?:We encountered an issue with your request.
[DEBUG][2015-10-29 11:35:40,530][com.java.SeleniumDriver] [ 1168] - Case found
[DEBUG][2015-10-29 11:35:40,530][com.java.SeleniumDriver] [ 1173] - Incrementing ReportCounters[0]:5
[INFO ][2015-10-29 11:35:40,530][com.java.SeleniumDriver] [ 1192] - The results are-------------------[5, 4, GL: Balance Sheet: Balance Sheet Report: Detailed & Consolidated, Fail, 
Test case failed at Step No. :: 4   Error Message ::  Element: //ul[@id='BalanceSheet']/li[@data-id='BHistorical'] is not found. Screen Shot : D:\BankersDashboard\TestReports\102915\5_102915_113539_IE11.png, Thu Oct 29 11:35:40 IST 2015]
[INFO ][2015-10-29 11:35:40,530][com.java.SeleniumDriver] [ 1196] - End time is-------5 min 26 sec
[INFO ][2015-10-29 11:35:40,530][com.java.SeleniumDriver] [ 1197] - The results are-------------------[5, 4, GL: Balance Sheet: Balance Sheet Report: Detailed & Consolidated, Fail, 
Test case failed at Step No. :: 4   Error Message ::  Element: //ul[@id='BalanceSheet']/li[@data-id='BHistorical'] is not found. Screen Shot : D:\BankersDashboard\TestReports\102915\5_102915_113539_IE11.png, Thu Oct 29 11:35:40 IST 2015]
[DEBUG][2015-10-29 11:35:40,530][com.java.ImportnExport.ExportTestResultsExcel] [  222] - testResultPath = D:\BankersDashboard/TestReports/Test Results_BankersDashBoard_102915_113016_IE11_Simmons First National Bank.xls
[DEBUG][2015-10-29 11:35:40,530][com.java.ImportnExport.ExportTestResultsExcel] [  223] - browser is------------IE11
[DEBUG][2015-10-29 11:35:40,530][com.java.ImportnExport.ExportTestResultsExcel] [  270] - result.size() = 6
[DEBUG][2015-10-29 11:35:40,530][com.java.ImportnExport.ExportTestResultsExcel] [  274] - No of rows in sheet=5
[DEBUG][2015-10-29 11:35:40,530][com.java.ImportnExport.ExportTestResultsExcel] [  301] - ..in export..5
[DEBUG][2015-10-29 11:35:40,530][com.java.ImportnExport.ExportTestResultsExcel] [  301] - ..in export..GL: Balance Sheet: Balance Sheet Report: Detailed & Consolidated
[DEBUG][2015-10-29 11:35:40,530][com.java.ImportnExport.ExportTestResultsExcel] [  301] - ..in export..Fail
[DEBUG][2015-10-29 11:35:40,530][com.java.ImportnExport.ExportTestResultsExcel] [  301] - ..in export..
Test case failed at Step No. :: 4   Error Message ::  Element: //ul[@id='BalanceSheet']/li[@data-id='BHistorical'] is not found. Screen Shot : D:\BankersDashboard\TestReports\102915\5_102915_113539_IE11.png
[DEBUG][2015-10-29 11:35:40,530][com.java.ImportnExport.ExportTestResultsExcel] [  301] - ..in export..Thu Oct 29 11:35:40 IST 2015
[INFO ][2015-10-29 11:35:40,530][com.java.SeleniumDriver] [ 1255] - out loop:4 size:15 TestCases:[1, 2, 3, 4, 5, 6, 7, 8, 9, 10, 11, 12, 13, 14, 15] testcases:[1, 2, 3, 4, 5, 6, 7, 8, 9, 10, 11, 12, 13, 14, 15]
[INFO ][2015-10-29 11:35:40,530][com.java.ImportnExport.ImportTestDataDetailsExcel] [   49] - test data details path===== D:\BankersDashboard\TestInputs\TestData.xls
