[INFO ][2016-01-20 17:00:42,630][com.java.SeleniumDriver] [  213] - Execute Failed Casesfalse
[INFO ][2016-01-20 17:00:42,630][com.java.SeleniumDriver] [  214] - Browser: IE10
[INFO ][2016-01-20 17:00:42,630][com.java.SeleniumDriver] [  215] - [1, 6]
[INFO ][2016-01-20 17:00:42,630][com.java.SeleniumDriver] [  216] - Total TestCases:2
[INFO ][2016-01-20 17:00:42,630][com.java.SeleniumDriver] [  217] -  Reading Properties from Property File 
[DEBUG][2016-01-20 17:00:42,630][com.java.SeleniumDriver] [  238] - url : https://clients-xuat.bankersdashboard.com
[INFO ][2016-01-20 17:00:42,630][com.java.ImportnExport.ExportTestResultsExcel] [  116] - Time Stamp Wed Jan 20 05:00:42 IST 2016
[INFO ][2016-01-20 17:00:42,630][com.java.ImportnExport.ExportTestResultsExcel] [  175] - OUT FILE : D:\BankersDashboard/TestReports/Test Results_BankersDashBoard_012016_170042_IE10_Any Bank USA.xls
[INFO ][2016-01-20 17:00:42,661][com.java.ImportnExport.ExportTestResultsExcel] [  180] - Test Result file is created
[DEBUG][2016-01-20 17:00:42,741][com.java.SeleniumDriver] [  426] - Hub ip address is-------172.17.68.34
[INFO ][2016-01-20 17:00:42,741][com.java.SeleniumDriver] [  452] - Grid URL:http://172.17.68.34:4444/wd/hub
[INFO ][2016-01-20 17:00:42,741][com.java.SeleniumDriver] [  453] - Capability:Capabilities [{platform=ANY, ensureCleanSession=true, ignoreProtectedModeSettings=true, acceptSslCerts=true, ignoreZoomSetting=true, browserName=internet explorer, browserstack.ie.noFlash=true, version=null}]
[ERROR][2016-01-20 17:00:44,052][com.java.SeleniumDriver] [  498] - Unable invoke browser in grid:Could not start a new session. Possible causes are invalid address of the remote server or browser start-up failure.
Build info: version: '2.49.0', revision: '365eeb4', time: '2016-01-13 18:37:00'
System info: host: 'FVTIII438F1D', ip: '172.17.68.34', os.name: 'Windows 7', os.arch: 'x86', os.version: '6.1', java.version: '1.7.0_55'
Driver info: driver.version: SeleniumDriver
[INFO ][2016-01-20 17:00:44,052][com.java.SeleniumDriver] [  500] - Executing on local machine
[INFO ][2016-01-20 17:00:54,013][com.java.SeleniumDriver] [  248] - IE10is opened
[INFO ][2016-01-20 17:00:54,843][com.java.SeleniumDriver] [  756] - Test cases to be executed are: [1, 6]
[INFO ][2016-01-20 17:00:54,864][com.java.ImportnExport.ImportTestDataDetailsExcel] [   49] - test data details path===== D:\BankersDashboard\TestInputs\TestData.xls
[INFO ][2016-01-20 17:00:54,924][com.java.SeleniumDriver] [  856] - ------------------------------------------
[INFO ][2016-01-20 17:00:54,924][com.java.SeleniumDriver] [  857] - Test case being Executed: 1
[INFO ][2016-01-20 17:00:54,924][com.java.SeleniumDriver] [  869] - Test step:1
[INFO ][2016-01-20 17:00:54,924][com.java.SeleniumDriver] [  881] - Datavalue is----------Concept#1:1-14
[INFO ][2016-01-20 17:00:54,924][com.java.SeleniumDriver] [  905] - DataField : test
[INFO ][2016-01-20 17:00:54,924][com.java.SeleniumDriver] [  907] - DataValue : Concept#1:1-14
[INFO ][2016-01-20 17:00:54,924][com.java.SeleniumDriver] [  913] - <In Set values of the page>
[INFO ][2016-01-20 17:00:54,924][com.java.SeleniumDriver] [  916] - {Data Fields & Data Values Exist}
[INFO ][2016-01-20 17:00:54,924][com.java.SeleniumDriver] [  918] - --------------------------setting values-----------------------------
[INFO ][2016-01-20 17:00:54,924][com.java.SeleniumDriver] [  921] - Action Type : ExecuteTestCase
[INFO ][2016-01-20 17:00:54,944][com.java.TestType] [  442] - The Concept sheet name is ---------- Concept
[INFO ][2016-01-20 17:00:54,944][com.java.TestType] [  445] - The Concept ID  is ---------- 1
[DEBUG][2016-01-20 17:00:54,944][com.java.TestType] [  449] - Steps being executted in the Concept are: 1:14
[INFO ][2016-01-20 17:00:54,944][com.java.TestType] [  456] - Test data details path ---------- D:\BankersDashboard\TestInputs\TestData.xls
[INFO ][2016-01-20 17:00:54,944][com.java.TestType] [  487] -  str(1) = 1
[INFO ][2016-01-20 17:00:54,944][com.java.TestType] [  490] - Test case Id is---1
[INFO ][2016-01-20 17:00:54,944][com.java.TestType] [  492] - 1
[INFO ][2016-01-20 17:00:54,954][com.java.TestType] [  487] -  str(2) = 1
[INFO ][2016-01-20 17:00:54,954][com.java.TestType] [  487] -  str(1) = 1
[INFO ][2016-01-20 17:00:54,954][com.java.TestType] [  490] - Test case Id is---1
[INFO ][2016-01-20 17:00:54,954][com.java.TestType] [  492] - 1
[INFO ][2016-01-20 17:00:54,954][com.java.TestType] [  487] -  str(2) = 2
[INFO ][2016-01-20 17:00:54,954][com.java.TestType] [  487] -  str(1) = 1
[INFO ][2016-01-20 17:00:54,954][com.java.TestType] [  490] - Test case Id is---1
[INFO ][2016-01-20 17:00:54,954][com.java.TestType] [  492] - 1
[INFO ][2016-01-20 17:00:54,954][com.java.TestType] [  487] -  str(2) = 3
[INFO ][2016-01-20 17:00:54,954][com.java.TestType] [  487] -  str(1) = 1
[INFO ][2016-01-20 17:00:54,954][com.java.TestType] [  490] - Test case Id is---1
[INFO ][2016-01-20 17:00:54,954][com.java.TestType] [  492] - 1
[INFO ][2016-01-20 17:00:54,954][com.java.TestType] [  487] -  str(2) = 4
[INFO ][2016-01-20 17:00:54,954][com.java.TestType] [  487] -  str(1) = 1
[INFO ][2016-01-20 17:00:54,954][com.java.TestType] [  490] - Test case Id is---1
[INFO ][2016-01-20 17:00:54,954][com.java.TestType] [  492] - 1
[INFO ][2016-01-20 17:00:54,954][com.java.TestType] [  487] -  str(2) = 5
[INFO ][2016-01-20 17:00:54,954][com.java.TestType] [  487] -  str(1) = 1
[INFO ][2016-01-20 17:00:54,954][com.java.TestType] [  490] - Test case Id is---1
[INFO ][2016-01-20 17:00:54,954][com.java.TestType] [  492] - 1
[INFO ][2016-01-20 17:00:54,954][com.java.TestType] [  487] -  str(2) = 6
[INFO ][2016-01-20 17:00:54,954][com.java.TestType] [  487] -  str(1) = 1
[INFO ][2016-01-20 17:00:54,954][com.java.TestType] [  490] - Test case Id is---1
[INFO ][2016-01-20 17:00:54,954][com.java.TestType] [  492] - 1
[INFO ][2016-01-20 17:00:54,954][com.java.TestType] [  487] -  str(2) = 7
[INFO ][2016-01-20 17:00:54,954][com.java.TestType] [  487] -  str(1) = 1
[INFO ][2016-01-20 17:00:54,954][com.java.TestType] [  490] - Test case Id is---1
[INFO ][2016-01-20 17:00:54,954][com.java.TestType] [  492] - 1
[INFO ][2016-01-20 17:00:54,954][com.java.TestType] [  487] -  str(2) = 8
[INFO ][2016-01-20 17:00:54,954][com.java.TestType] [  487] -  str(1) = 1
[INFO ][2016-01-20 17:00:54,954][com.java.TestType] [  490] - Test case Id is---1
[INFO ][2016-01-20 17:00:54,954][com.java.TestType] [  492] - 1
[INFO ][2016-01-20 17:00:54,954][com.java.TestType] [  487] -  str(2) = 9
[INFO ][2016-01-20 17:00:54,954][com.java.TestType] [  487] -  str(1) = 1
[INFO ][2016-01-20 17:00:54,954][com.java.TestType] [  490] - Test case Id is---1
[INFO ][2016-01-20 17:00:54,954][com.java.TestType] [  492] - 1
[INFO ][2016-01-20 17:00:54,954][com.java.TestType] [  487] -  str(2) = 10
[INFO ][2016-01-20 17:00:54,954][com.java.TestType] [  487] -  str(1) = 1
[INFO ][2016-01-20 17:00:54,954][com.java.TestType] [  490] - Test case Id is---1
[INFO ][2016-01-20 17:00:54,954][com.java.TestType] [  492] - 1
[INFO ][2016-01-20 17:00:54,954][com.java.TestType] [  487] -  str(2) = 11
[INFO ][2016-01-20 17:00:54,954][com.java.TestType] [  487] -  str(1) = 1
[INFO ][2016-01-20 17:00:54,954][com.java.TestType] [  490] - Test case Id is---1
[INFO ][2016-01-20 17:00:54,954][com.java.TestType] [  492] - 1
[INFO ][2016-01-20 17:00:54,954][com.java.TestType] [  487] -  str(2) = 12
[INFO ][2016-01-20 17:00:54,954][com.java.TestType] [  487] -  str(1) = 1
[INFO ][2016-01-20 17:00:54,954][com.java.TestType] [  490] - Test case Id is---1
[INFO ][2016-01-20 17:00:54,954][com.java.TestType] [  492] - 1
[INFO ][2016-01-20 17:00:54,954][com.java.TestType] [  487] -  str(2) = 13
[INFO ][2016-01-20 17:00:54,954][com.java.TestType] [  487] -  str(1) = 1
[INFO ][2016-01-20 17:00:54,954][com.java.TestType] [  490] - Test case Id is---1
[INFO ][2016-01-20 17:00:54,954][com.java.TestType] [  492] - 1
[INFO ][2016-01-20 17:00:54,954][com.java.TestType] [  487] -  str(2) = 14
[INFO ][2016-01-20 17:00:54,954][com.java.TestType] [  487] -  str(1) = 1
[INFO ][2016-01-20 17:00:54,954][com.java.TestType] [  490] - Test case Id is---1
[INFO ][2016-01-20 17:00:54,954][com.java.TestType] [  492] - 1
[INFO ][2016-01-20 17:00:54,954][com.java.TestType] [  487] -  str(2) = 15
[INFO ][2016-01-20 17:00:54,954][com.java.TestType] [  487] -  str(1) = 1
[INFO ][2016-01-20 17:00:54,964][com.java.TestType] [  490] - Test case Id is---1
[INFO ][2016-01-20 17:00:54,964][com.java.TestType] [  492] - 1
[INFO ][2016-01-20 17:00:54,964][com.java.TestType] [  487] -  str(2) = 16
[INFO ][2016-01-20 17:00:54,964][com.java.TestType] [11412] - Looping 1TCID = 1
[DEBUG][2016-01-20 17:00:54,964][com.java.TestType] [11453] - Concept ID:1 :: Step being Executed: 1::1
[INFO ][2016-01-20 17:00:54,964][com.java.TestType] [11491] - dataFields : TXTusername
[DEBUG][2016-01-20 17:00:54,964][com.java.TestType] [11497] - <In Set values of the page>
[DEBUG][2016-01-20 17:00:54,964][com.java.TestType] [11502] - {Data Fields & Data Values Exist}
[INFO ][2016-01-20 17:00:54,964][com.java.TestType] [11508] - --------------------------setting values-----------------------------
[INFO ][2016-01-20 17:00:54,964][com.java.TestType] [11511] - Action Type : CLEARANDENTER
[INFO ][2016-01-20 17:00:57,255][com.java.TestType] [ 6201] - value = naresh.nayini.00000
[INFO ][2016-01-20 17:00:59,676][com.java.TestType] [11530] -  RESULT true
[INFO ][2016-01-20 17:00:59,676][com.java.TestType] [11647] - ?   P A S S   ?
[DEBUG][2016-01-20 17:00:59,676][com.java.TestType] [11453] - Concept ID:1 :: Step being Executed: 1::2
[INFO ][2016-01-20 17:00:59,676][com.java.TestType] [11491] - dataFields : TXTpassword
[DEBUG][2016-01-20 17:00:59,676][com.java.TestType] [11497] - <In Set values of the page>
[DEBUG][2016-01-20 17:00:59,676][com.java.TestType] [11502] - {Data Fields & Data Values Exist}
[INFO ][2016-01-20 17:00:59,676][com.java.TestType] [11508] - --------------------------setting values-----------------------------
[INFO ][2016-01-20 17:00:59,676][com.java.TestType] [11511] - Action Type : CLEARANDENTER
[INFO ][2016-01-20 17:01:01,930][com.java.TestType] [ 6201] - value = Password1*
[INFO ][2016-01-20 17:01:04,496][com.java.TestType] [11530] -  RESULT true
[INFO ][2016-01-20 17:01:04,496][com.java.TestType] [11647] - ?   P A S S   ?
[DEBUG][2016-01-20 17:01:04,496][com.java.TestType] [11453] - Concept ID:1 :: Step being Executed: 1::3
[ERROR][2016-01-20 17:01:04,496][com.java.TestType] [11486] - Exception: null
[INFO ][2016-01-20 17:01:04,496][com.java.TestType] [11491] - dataFields : XPH//button[@type='submit']
[DEBUG][2016-01-20 17:01:04,496][com.java.TestType] [11497] - <In Set values of the page>
[DEBUG][2016-01-20 17:01:04,496][com.java.TestType] [11502] - {Data Fields & Data Values Exist}
[INFO ][2016-01-20 17:01:04,496][com.java.TestType] [11508] - --------------------------setting values-----------------------------
[INFO ][2016-01-20 17:01:04,496][com.java.TestType] [11511] - Action Type : Click
[INFO ][2016-01-20 17:01:04,496][com.java.TestType] [ 6580] - Field ::XPH//button[@type='submit']
[INFO ][2016-01-20 17:01:04,496][com.java.TestType] [ 6201] - value = 
[INFO ][2016-01-20 17:01:05,496][com.java.TestType] [ 6753] - BEFORE CLICK
[INFO ][2016-01-20 17:01:06,339][com.java.TestType] [ 6761] - Unable to click the object Login
[INFO ][2016-01-20 17:01:06,339][com.java.TestType] [11530] -  RESULT true
[INFO ][2016-01-20 17:01:06,339][com.java.TestType] [11647] - ?   P A S S   ?
[DEBUG][2016-01-20 17:01:06,339][com.java.TestType] [11453] - Concept ID:1 :: Step being Executed: 1::4
[INFO ][2016-01-20 17:01:06,339][com.java.TestType] [11491] - dataFields : LNKLogout
[DEBUG][2016-01-20 17:01:06,339][com.java.TestType] [11497] - <In Set values of the page>
[DEBUG][2016-01-20 17:01:06,339][com.java.TestType] [11502] - {Data Fields & Data Values Exist}
[INFO ][2016-01-20 17:01:06,339][com.java.TestType] [11508] - --------------------------setting values-----------------------------
[INFO ][2016-01-20 17:01:06,339][com.java.TestType] [11511] - Action Type : WaitForElement
[INFO ][2016-01-20 17:01:09,812][com.java.TestType] [11530] -  RESULT true
[INFO ][2016-01-20 17:01:09,812][com.java.TestType] [11647] - ?   P A S S   ?
[INFO ][2016-01-20 17:01:09,812][com.java.TestType] [11718] - Looping End......
[INFO ][2016-01-20 17:01:09,812][com.java.SeleniumDriver] [  930] -  RESULT true
[INFO ][2016-01-20 17:01:09,812][com.java.SeleniumDriver] [ 1136] - ?   P A S S   ?
[INFO ][2016-01-20 17:01:09,812][com.java.SeleniumDriver] [  856] - ------------------------------------------
[INFO ][2016-01-20 17:01:09,812][com.java.SeleniumDriver] [  857] - Test case being Executed: 1
[INFO ][2016-01-20 17:01:09,812][com.java.SeleniumDriver] [  869] - Test step:2
[INFO ][2016-01-20 17:01:09,812][com.java.SeleniumDriver] [  881] - Datavalue is----------Concept#2:1-2
[INFO ][2016-01-20 17:01:09,812][com.java.SeleniumDriver] [  905] - DataField : test
[INFO ][2016-01-20 17:01:09,812][com.java.SeleniumDriver] [  907] - DataValue : Concept#2:1-2
[INFO ][2016-01-20 17:01:09,812][com.java.SeleniumDriver] [  913] - <In Set values of the page>
[INFO ][2016-01-20 17:01:09,812][com.java.SeleniumDriver] [  916] - {Data Fields & Data Values Exist}
[INFO ][2016-01-20 17:01:09,812][com.java.SeleniumDriver] [  918] - --------------------------setting values-----------------------------
[INFO ][2016-01-20 17:01:09,812][com.java.SeleniumDriver] [  921] - Action Type : ExecuteTestCase
[INFO ][2016-01-20 17:01:09,812][com.java.TestType] [  442] - The Concept sheet name is ---------- Concept
[INFO ][2016-01-20 17:01:09,812][com.java.TestType] [  445] - The Concept ID  is ---------- 2
[DEBUG][2016-01-20 17:01:09,812][com.java.TestType] [  449] - Steps being executted in the Concept are: 1:2
[INFO ][2016-01-20 17:01:09,812][com.java.TestType] [  456] - Test data details path ---------- D:\BankersDashboard\TestInputs\TestData.xls
[INFO ][2016-01-20 17:01:09,812][com.java.TestType] [  487] -  str(1) = 2
[INFO ][2016-01-20 17:01:09,812][com.java.TestType] [  490] - Test case Id is---2
[INFO ][2016-01-20 17:01:09,812][com.java.TestType] [  492] - 2
[INFO ][2016-01-20 17:01:09,812][com.java.TestType] [  487] -  str(2) = 1
[INFO ][2016-01-20 17:01:09,812][com.java.TestType] [  487] -  str(1) = 2
[INFO ][2016-01-20 17:01:09,812][com.java.TestType] [  490] - Test case Id is---2
[INFO ][2016-01-20 17:01:09,812][com.java.TestType] [  492] - 2
[INFO ][2016-01-20 17:01:09,812][com.java.TestType] [  487] -  str(2) = 2
[INFO ][2016-01-20 17:01:09,812][com.java.TestType] [  487] -  str(1) = 2
[INFO ][2016-01-20 17:01:09,812][com.java.TestType] [  490] - Test case Id is---2
[INFO ][2016-01-20 17:01:09,812][com.java.TestType] [  492] - 2
[INFO ][2016-01-20 17:01:09,813][com.java.TestType] [  487] -  str(2) = 3
[INFO ][2016-01-20 17:01:09,813][com.java.TestType] [11412] - Looping 1TCID = 2
[DEBUG][2016-01-20 17:01:09,813][com.java.TestType] [11453] - Concept ID:2 :: Step being Executed: 2::1
[INFO ][2016-01-20 17:01:09,813][com.java.TestType] [11491] - dataFields : BNK//select[@id='bank']
[DEBUG][2016-01-20 17:01:09,813][com.java.TestType] [11497] - <In Set values of the page>
[DEBUG][2016-01-20 17:01:09,813][com.java.TestType] [11502] - {Data Fields & Data Values Exist}
[INFO ][2016-01-20 17:01:09,813][com.java.TestType] [11508] - --------------------------setting values-----------------------------
[INFO ][2016-01-20 17:01:09,813][com.java.TestType] [11511] - Action Type : Select
[INFO ][2016-01-20 17:01:09,813][com.java.TestType] [ 6201] - value = PFC
[INFO ][2016-01-20 17:01:10,003][com.java.TestType] [11530] -  RESULT true
[INFO ][2016-01-20 17:01:10,003][com.java.TestType] [11647] - ?   P A S S   ?
[DEBUG][2016-01-20 17:01:10,003][com.java.TestType] [11453] - Concept ID:2 :: Step being Executed: 2::2
[INFO ][2016-01-20 17:01:10,003][com.java.TestType] [11491] - dataFields : LNKLogout
[DEBUG][2016-01-20 17:01:10,003][com.java.TestType] [11497] - <In Set values of the page>
[DEBUG][2016-01-20 17:01:10,003][com.java.TestType] [11502] - {Data Fields & Data Values Exist}
[INFO ][2016-01-20 17:01:10,003][com.java.TestType] [11508] - --------------------------setting values-----------------------------
[INFO ][2016-01-20 17:01:10,003][com.java.TestType] [11511] - Action Type : WaitTime
[DEBUG][2016-01-20 17:01:10,003][com.java.TestType] [ 6015] - sleepTime: 5000
[INFO ][2016-01-20 17:01:15,011][com.java.TestType] [11530] -  RESULT true
[INFO ][2016-01-20 17:01:15,011][com.java.TestType] [11647] - ?   P A S S   ?
[INFO ][2016-01-20 17:01:15,011][com.java.TestType] [11718] - Looping End......
[INFO ][2016-01-20 17:01:15,011][com.java.SeleniumDriver] [  930] -  RESULT true
[INFO ][2016-01-20 17:01:15,011][com.java.SeleniumDriver] [ 1136] - ?   P A S S   ?
[INFO ][2016-01-20 17:01:15,011][com.java.SeleniumDriver] [  856] - ------------------------------------------
[INFO ][2016-01-20 17:01:15,011][com.java.SeleniumDriver] [  857] - Test case being Executed: 1
[INFO ][2016-01-20 17:01:15,011][com.java.SeleniumDriver] [  869] - Test step:3
[INFO ][2016-01-20 17:01:15,011][com.java.SeleniumDriver] [  881] - Datavalue is----------2
[INFO ][2016-01-20 17:01:15,011][com.java.SeleniumDriver] [  905] - DataField : XPH//button[contains(text(),'Add Content')]
[INFO ][2016-01-20 17:01:15,011][com.java.SeleniumDriver] [  907] - DataValue : 2
[INFO ][2016-01-20 17:01:15,011][com.java.SeleniumDriver] [  913] - <In Set values of the page>
[INFO ][2016-01-20 17:01:15,011][com.java.SeleniumDriver] [  916] - {Data Fields & Data Values Exist}
[INFO ][2016-01-20 17:01:15,011][com.java.SeleniumDriver] [  918] - --------------------------setting values-----------------------------
[INFO ][2016-01-20 17:01:15,011][com.java.SeleniumDriver] [  921] - Action Type : WAITFORELEMENT
[INFO ][2016-01-20 17:01:15,052][com.java.SeleniumDriver] [  930] -  RESULT true
[INFO ][2016-01-20 17:01:15,052][com.java.SeleniumDriver] [ 1136] - ?   P A S S   ?
[DEBUG][2016-01-20 17:01:15,052][com.java.SeleniumDriver] [ 1248] - Case found
[DEBUG][2016-01-20 17:01:15,052][com.java.SeleniumDriver] [ 1253] - Incrementing ReportCounters[0]:1
[INFO ][2016-01-20 17:01:15,052][com.java.SeleniumDriver] [ 1272] - The results are-------------------[1, 1, Valid Login, Pass, , Wed Jan 20 17:01:09 IST 2016, 1, 2, Valid Login, Pass, , Wed Jan 20 17:01:15 IST 2016, 1, 3, Valid Login, Pass, , Wed Jan 20 17:01:15 IST 2016]
[INFO ][2016-01-20 17:01:15,052][com.java.SeleniumDriver] [ 1276] - End time is-------34 sec
[INFO ][2016-01-20 17:01:15,052][com.java.SeleniumDriver] [ 1277] - The results are-------------------[1, 1, Valid Login, Pass, , Wed Jan 20 17:01:09 IST 2016, 1, 2, Valid Login, Pass, , Wed Jan 20 17:01:15 IST 2016, 1, 3, Valid Login, Pass, , Wed Jan 20 17:01:15 IST 2016]
[DEBUG][2016-01-20 17:01:15,052][com.java.ImportnExport.ExportTestResultsExcel] [  222] - testResultPath = D:\BankersDashboard/TestReports/Test Results_BankersDashBoard_012016_170042_IE10_Any Bank USA.xls
[DEBUG][2016-01-20 17:01:15,052][com.java.ImportnExport.ExportTestResultsExcel] [  223] - browser is------------IE10
[DEBUG][2016-01-20 17:01:15,092][com.java.ImportnExport.ExportTestResultsExcel] [  270] - result.size() = 18
[DEBUG][2016-01-20 17:01:15,092][com.java.ImportnExport.ExportTestResultsExcel] [  274] - No of rows in sheet=1
[DEBUG][2016-01-20 17:01:15,092][com.java.ImportnExport.ExportTestResultsExcel] [  301] - ..in export..1
[DEBUG][2016-01-20 17:01:15,092][com.java.ImportnExport.ExportTestResultsExcel] [  301] - ..in export..Valid Login
[DEBUG][2016-01-20 17:01:15,092][com.java.ImportnExport.ExportTestResultsExcel] [  301] - ..in export..Pass
[DEBUG][2016-01-20 17:01:15,092][com.java.ImportnExport.ExportTestResultsExcel] [  301] - ..in export..
[DEBUG][2016-01-20 17:01:15,092][com.java.ImportnExport.ExportTestResultsExcel] [  301] - ..in export..Wed Jan 20 17:01:09 IST 2016
[INFO ][2016-01-20 17:01:15,092][com.java.SeleniumDriver] [ 1337] - out loop:0 size:2 TestCases:[1, 6] testcases:[1, 6]
[INFO ][2016-01-20 17:01:15,092][com.java.ImportnExport.ImportTestDataDetailsExcel] [   49] - test data details path===== D:\BankersDashboard\TestInputs\TestData.xls
[INFO ][2016-01-20 17:01:30,370][com.java.SeleniumDriver] [  856] - ------------------------------------------
[INFO ][2016-01-20 17:01:30,370][com.java.SeleniumDriver] [  857] - Test case being Executed: 6
[INFO ][2016-01-20 17:01:30,370][com.java.SeleniumDriver] [  869] - Test step:1
[INFO ][2016-01-20 17:01:30,370][com.java.SeleniumDriver] [  881] - Datavalue is----------Logout
[INFO ][2016-01-20 17:01:30,370][com.java.SeleniumDriver] [  905] - DataField : BTN
[INFO ][2016-01-20 17:01:30,370][com.java.SeleniumDriver] [  907] - DataValue : Logout
[INFO ][2016-01-20 17:01:30,370][com.java.SeleniumDriver] [  913] - <In Set values of the page>
[INFO ][2016-01-20 17:01:30,370][com.java.SeleniumDriver] [  916] - {Data Fields & Data Values Exist}
[INFO ][2016-01-20 17:01:30,370][com.java.SeleniumDriver] [  918] - --------------------------setting values-----------------------------
[INFO ][2016-01-20 17:01:30,370][com.java.SeleniumDriver] [  921] - Action Type : Verify
[INFO ][2016-01-20 17:01:30,370][com.java.TestType] [ 7745] - field= BTN value= Logout
[INFO ][2016-01-20 17:01:30,370][com.java.TestType] [ 6201] - value = Logout
[INFO ][2016-01-20 17:01:30,461][com.java.SeleniumDriver] [  930] -  RESULT true
[INFO ][2016-01-20 17:01:30,461][com.java.SeleniumDriver] [ 1136] - ?   P A S S   ?
[INFO ][2016-01-20 17:01:30,461][com.java.SeleniumDriver] [ 1178] - step change to 3
[INFO ][2016-01-20 17:01:30,461][com.java.SeleniumDriver] [  856] - ------------------------------------------
[INFO ][2016-01-20 17:01:30,461][com.java.SeleniumDriver] [  857] - Test case being Executed: 6
[INFO ][2016-01-20 17:01:30,461][com.java.SeleniumDriver] [  869] - Test step:3
[INFO ][2016-01-20 17:01:30,461][com.java.SeleniumDriver] [  881] - Datavalue is----------Concept#2:1-2
[INFO ][2016-01-20 17:01:30,461][com.java.SeleniumDriver] [  905] - DataField : test
[INFO ][2016-01-20 17:01:30,461][com.java.SeleniumDriver] [  907] - DataValue : Concept#2:1-2
[INFO ][2016-01-20 17:01:30,461][com.java.SeleniumDriver] [  913] - <In Set values of the page>
[INFO ][2016-01-20 17:01:30,461][com.java.SeleniumDriver] [  916] - {Data Fields & Data Values Exist}
[INFO ][2016-01-20 17:01:30,461][com.java.SeleniumDriver] [  918] - --------------------------setting values-----------------------------
[INFO ][2016-01-20 17:01:30,461][com.java.SeleniumDriver] [  921] - Action Type : ExecuteTestCase
[INFO ][2016-01-20 17:01:30,461][com.java.TestType] [  442] - The Concept sheet name is ---------- Concept
[INFO ][2016-01-20 17:01:30,461][com.java.TestType] [  445] - The Concept ID  is ---------- 2
[DEBUG][2016-01-20 17:01:30,461][com.java.TestType] [  449] - Steps being executted in the Concept are: 1:2
[INFO ][2016-01-20 17:01:30,461][com.java.TestType] [  456] - Test data details path ---------- D:\BankersDashboard\TestInputs\TestData.xls
[INFO ][2016-01-20 17:01:30,471][com.java.TestType] [  487] -  str(1) = 2
[INFO ][2016-01-20 17:01:30,471][com.java.TestType] [  490] - Test case Id is---2
[INFO ][2016-01-20 17:01:30,471][com.java.TestType] [  492] - 2
[INFO ][2016-01-20 17:01:30,471][com.java.TestType] [  487] -  str(2) = 1
[INFO ][2016-01-20 17:01:30,471][com.java.TestType] [  487] -  str(1) = 2
[INFO ][2016-01-20 17:01:30,471][com.java.TestType] [  490] - Test case Id is---2
[INFO ][2016-01-20 17:01:30,471][com.java.TestType] [  492] - 2
[INFO ][2016-01-20 17:01:30,471][com.java.TestType] [  487] -  str(2) = 2
[INFO ][2016-01-20 17:01:30,471][com.java.TestType] [  487] -  str(1) = 2
[INFO ][2016-01-20 17:01:30,471][com.java.TestType] [  490] - Test case Id is---2
[INFO ][2016-01-20 17:01:30,471][com.java.TestType] [  492] - 2
[INFO ][2016-01-20 17:01:30,471][com.java.TestType] [  487] -  str(2) = 3
[INFO ][2016-01-20 17:01:30,471][com.java.TestType] [11412] - Looping 1TCID = 2
[DEBUG][2016-01-20 17:01:30,471][com.java.TestType] [11453] - Concept ID:2 :: Step being Executed: 2::1
[INFO ][2016-01-20 17:01:30,471][com.java.TestType] [11491] - dataFields : BNK//select[@id='bank']
[DEBUG][2016-01-20 17:01:30,471][com.java.TestType] [11497] - <In Set values of the page>
[DEBUG][2016-01-20 17:01:30,471][com.java.TestType] [11502] - {Data Fields & Data Values Exist}
[INFO ][2016-01-20 17:01:30,471][com.java.TestType] [11508] - --------------------------setting values-----------------------------
[INFO ][2016-01-20 17:01:30,471][com.java.TestType] [11511] - Action Type : Select
[INFO ][2016-01-20 17:01:30,471][com.java.TestType] [ 6201] - value = PFC
[INFO ][2016-01-20 17:01:30,661][com.java.TestType] [11530] -  RESULT true
[INFO ][2016-01-20 17:01:30,661][com.java.TestType] [11647] - ?   P A S S   ?
[DEBUG][2016-01-20 17:01:30,661][com.java.TestType] [11453] - Concept ID:2 :: Step being Executed: 2::2
[INFO ][2016-01-20 17:01:30,661][com.java.TestType] [11491] - dataFields : LNKLogout
[DEBUG][2016-01-20 17:01:30,661][com.java.TestType] [11497] - <In Set values of the page>
[DEBUG][2016-01-20 17:01:30,661][com.java.TestType] [11502] - {Data Fields & Data Values Exist}
[INFO ][2016-01-20 17:01:30,661][com.java.TestType] [11508] - --------------------------setting values-----------------------------
[INFO ][2016-01-20 17:01:30,661][com.java.TestType] [11511] - Action Type : WaitTime
[DEBUG][2016-01-20 17:01:30,661][com.java.TestType] [ 6015] - sleepTime: 5000
[INFO ][2016-01-20 17:01:35,666][com.java.TestType] [11530] -  RESULT true
[INFO ][2016-01-20 17:01:35,666][com.java.TestType] [11647] - ?   P A S S   ?
[INFO ][2016-01-20 17:01:35,666][com.java.TestType] [11718] - Looping End......
[INFO ][2016-01-20 17:01:35,666][com.java.SeleniumDriver] [  930] -  RESULT true
[INFO ][2016-01-20 17:01:35,666][com.java.SeleniumDriver] [ 1136] - ?   P A S S   ?
[INFO ][2016-01-20 17:01:35,666][com.java.SeleniumDriver] [  856] - ------------------------------------------
[INFO ][2016-01-20 17:01:35,666][com.java.SeleniumDriver] [  857] - Test case being Executed: 6
[INFO ][2016-01-20 17:01:35,666][com.java.SeleniumDriver] [  869] - Test step:4
[INFO ][2016-01-20 17:01:35,666][com.java.SeleniumDriver] [  881] - Datavalue is----------null
[DEBUG][2016-01-20 17:01:35,666][com.java.SeleniumDriver] [  899] - Exception: null
[INFO ][2016-01-20 17:01:35,666][com.java.SeleniumDriver] [  905] - DataField : //span[@class='icon-bars2']&&//a[@data-id='ManageExisting']
[INFO ][2016-01-20 17:01:35,666][com.java.SeleniumDriver] [  907] - DataValue : 
[INFO ][2016-01-20 17:01:35,666][com.java.SeleniumDriver] [  913] - <In Set values of the page>
[INFO ][2016-01-20 17:01:35,666][com.java.SeleniumDriver] [  916] - {Data Fields & Data Values Exist}
[INFO ][2016-01-20 17:01:35,666][com.java.SeleniumDriver] [  918] - --------------------------setting values-----------------------------
[INFO ][2016-01-20 17:01:35,666][com.java.SeleniumDriver] [  921] - Action Type : MOUSEOVER
[INFO ][2016-01-20 17:01:58,833][com.java.SeleniumDriver] [  930] -  RESULT true
[INFO ][2016-01-20 17:01:58,833][com.java.SeleniumDriver] [ 1136] - ?   P A S S   ?
[INFO ][2016-01-20 17:01:58,833][com.java.SeleniumDriver] [  856] - ------------------------------------------
[INFO ][2016-01-20 17:01:58,833][com.java.SeleniumDriver] [  857] - Test case being Executed: 6
[INFO ][2016-01-20 17:01:58,833][com.java.SeleniumDriver] [  869] - Test step:5
[INFO ][2016-01-20 17:01:58,833][com.java.SeleniumDriver] [  881] - Datavalue is----------3
[INFO ][2016-01-20 17:01:58,833][com.java.SeleniumDriver] [  905] - DataField : BTNframeDialogContent
[INFO ][2016-01-20 17:01:58,833][com.java.SeleniumDriver] [  907] - DataValue : 3
[INFO ][2016-01-20 17:01:58,833][com.java.SeleniumDriver] [  913] - <In Set values of the page>
[INFO ][2016-01-20 17:01:58,833][com.java.SeleniumDriver] [  916] - {Data Fields & Data Values Exist}
[INFO ][2016-01-20 17:01:58,833][com.java.SeleniumDriver] [  918] - --------------------------setting values-----------------------------
[INFO ][2016-01-20 17:01:58,833][com.java.SeleniumDriver] [  921] - Action Type : WaitForElement
[INFO ][2016-01-20 17:02:00,044][com.java.SeleniumDriver] [  930] -  RESULT true
[INFO ][2016-01-20 17:02:00,044][com.java.SeleniumDriver] [ 1136] - ?   P A S S   ?
[INFO ][2016-01-20 17:02:00,044][com.java.SeleniumDriver] [  856] - ------------------------------------------
[INFO ][2016-01-20 17:02:00,044][com.java.SeleniumDriver] [  857] - Test case being Executed: 6
[INFO ][2016-01-20 17:02:00,044][com.java.SeleniumDriver] [  869] - Test step:6
[INFO ][2016-01-20 17:02:00,044][com.java.SeleniumDriver] [  881] - Datavalue is----------null
[DEBUG][2016-01-20 17:02:00,044][com.java.SeleniumDriver] [  899] - Exception: null
[INFO ][2016-01-20 17:02:00,044][com.java.SeleniumDriver] [  905] - DataField : BTNframeDialogContent
[INFO ][2016-01-20 17:02:00,044][com.java.SeleniumDriver] [  907] - DataValue : 
[INFO ][2016-01-20 17:02:00,044][com.java.SeleniumDriver] [  913] - <In Set values of the page>
[INFO ][2016-01-20 17:02:00,044][com.java.SeleniumDriver] [  916] - {Data Fields & Data Values Exist}
[INFO ][2016-01-20 17:02:00,044][com.java.SeleniumDriver] [  918] - --------------------------setting values-----------------------------
[INFO ][2016-01-20 17:02:00,044][com.java.SeleniumDriver] [  921] - Action Type : SELECTFRAME
[INFO ][2016-01-20 17:02:01,276][com.java.SeleniumDriver] [  930] -  RESULT true
[INFO ][2016-01-20 17:02:01,276][com.java.SeleniumDriver] [ 1136] - ?   P A S S   ?
[INFO ][2016-01-20 17:02:01,276][com.java.SeleniumDriver] [  856] - ------------------------------------------
[INFO ][2016-01-20 17:02:01,276][com.java.SeleniumDriver] [  857] - Test case being Executed: 6
[INFO ][2016-01-20 17:02:01,276][com.java.SeleniumDriver] [  869] - Test step:7
[INFO ][2016-01-20 17:02:01,276][com.java.SeleniumDriver] [  881] - Datavalue is----------HMVTotemPoleNameNew
[INFO ][2016-01-20 17:02:01,276][com.java.SeleniumDriver] [  905] - DataField : SLBddlTotemPoles
[INFO ][2016-01-20 17:02:01,276][com.java.SeleniumDriver] [  907] - DataValue : HMVTotemPoleNameNew
[INFO ][2016-01-20 17:02:01,276][com.java.SeleniumDriver] [  913] - <In Set values of the page>
[INFO ][2016-01-20 17:02:01,276][com.java.SeleniumDriver] [  916] - {Data Fields & Data Values Exist}
[INFO ][2016-01-20 17:02:01,276][com.java.SeleniumDriver] [  918] - --------------------------setting values-----------------------------
[INFO ][2016-01-20 17:02:01,276][com.java.SeleniumDriver] [  921] - Action Type : Select
[INFO ][2016-01-20 17:02:01,276][com.java.TestType] [ 6201] - value = null
[INFO ][2016-01-20 17:02:03,469][com.java.SeleniumDriver] [  930] -  RESULT false
[INFO ][2016-01-20 17:02:03,469][com.java.SeleniumDriver] [  977] - ?   F A I L   ?
[INFO ][2016-01-20 17:02:03,469][com.java.SeleniumDriver] [  985] - Browser Type : IE10
[INFO ][2016-01-20 17:02:03,469][com.java.SeleniumDriver] [  986] - Adding Failed case6
[DEBUG][2016-01-20 17:02:04,289][com.java.SeleniumDriver] [ 1054] -  tdd.getCondition() IF:9:Next
[INFO ][2016-01-20 17:02:04,289][com.java.SeleniumDriver] [ 1058] - Continue next step...
[INFO ][2016-01-20 17:02:04,289][com.java.SeleniumDriver] [  856] - ------------------------------------------
[INFO ][2016-01-20 17:02:04,289][com.java.SeleniumDriver] [  857] - Test case being Executed: 6
[INFO ][2016-01-20 17:02:04,289][com.java.SeleniumDriver] [  869] - Test step:8
[INFO ][2016-01-20 17:02:04,289][com.java.SeleniumDriver] [  881] - Datavalue is----------index:1
[INFO ][2016-01-20 17:02:04,289][com.java.SeleniumDriver] [  905] - DataField : COBddlTotemPoles
[INFO ][2016-01-20 17:02:04,289][com.java.SeleniumDriver] [  907] - DataValue : index:1
[INFO ][2016-01-20 17:02:04,289][com.java.SeleniumDriver] [  913] - <In Set values of the page>
[INFO ][2016-01-20 17:02:04,289][com.java.SeleniumDriver] [  916] - {Data Fields & Data Values Exist}
[INFO ][2016-01-20 17:02:04,289][com.java.SeleniumDriver] [  918] - --------------------------setting values-----------------------------
[INFO ][2016-01-20 17:02:04,289][com.java.SeleniumDriver] [  921] - Action Type : Select
[INFO ][2016-01-20 17:02:04,289][com.java.TestType] [ 6201] - value = 1
[INFO ][2016-01-20 17:02:05,380][com.java.TestType] [ 6319] -  In COB ddlTotemPoles : 1
[INFO ][2016-01-20 17:02:05,560][com.java.SeleniumDriver] [  930] -  RESULT true
[INFO ][2016-01-20 17:02:05,560][com.java.SeleniumDriver] [ 1136] - ?   P A S S   ?
[INFO ][2016-01-20 17:02:05,560][com.java.SeleniumDriver] [  856] - ------------------------------------------
[INFO ][2016-01-20 17:02:05,560][com.java.SeleniumDriver] [  857] - Test case being Executed: 6
[INFO ][2016-01-20 17:02:05,560][com.java.SeleniumDriver] [  869] - Test step:9
[INFO ][2016-01-20 17:02:05,560][com.java.SeleniumDriver] [  881] - Datavalue is----------null
[DEBUG][2016-01-20 17:02:05,560][com.java.SeleniumDriver] [  899] - Exception: null
[INFO ][2016-01-20 17:02:05,560][com.java.SeleniumDriver] [  905] - DataField : BTNparent
[INFO ][2016-01-20 17:02:05,560][com.java.SeleniumDriver] [  907] - DataValue : 
[INFO ][2016-01-20 17:02:05,560][com.java.SeleniumDriver] [  913] - <In Set values of the page>
[INFO ][2016-01-20 17:02:05,560][com.java.SeleniumDriver] [  916] - {Data Fields & Data Values Exist}
[INFO ][2016-01-20 17:02:05,560][com.java.SeleniumDriver] [  918] - --------------------------setting values-----------------------------
[INFO ][2016-01-20 17:02:05,560][com.java.SeleniumDriver] [  921] - Action Type : SELECTFRAME
[INFO ][2016-01-20 17:02:05,570][com.java.SeleniumDriver] [  930] -  RESULT true
[INFO ][2016-01-20 17:02:05,570][com.java.SeleniumDriver] [ 1136] - ?   P A S S   ?
[INFO ][2016-01-20 17:02:05,570][com.java.SeleniumDriver] [  856] - ------------------------------------------
[INFO ][2016-01-20 17:02:05,570][com.java.SeleniumDriver] [  857] - Test case being Executed: 6
[INFO ][2016-01-20 17:02:05,570][com.java.SeleniumDriver] [  869] - Test step:10
[INFO ][2016-01-20 17:02:05,570][com.java.SeleniumDriver] [  881] - Datavalue is----------null
[DEBUG][2016-01-20 17:02:05,570][com.java.SeleniumDriver] [  899] - Exception: null
[INFO ][2016-01-20 17:02:05,570][com.java.SeleniumDriver] [  905] - DataField : HDN//span[text()='Select']
[INFO ][2016-01-20 17:02:05,570][com.java.SeleniumDriver] [  907] - DataValue : 
[INFO ][2016-01-20 17:02:05,570][com.java.SeleniumDriver] [  913] - <In Set values of the page>
[INFO ][2016-01-20 17:02:05,570][com.java.SeleniumDriver] [  916] - {Data Fields & Data Values Exist}
[INFO ][2016-01-20 17:02:05,570][com.java.SeleniumDriver] [  918] - --------------------------setting values-----------------------------
[INFO ][2016-01-20 17:02:05,570][com.java.SeleniumDriver] [  921] - Action Type : Click
[INFO ][2016-01-20 17:02:05,570][com.java.TestType] [ 6580] - Field ::HDN//span[text()='Select']
[INFO ][2016-01-20 17:02:05,570][com.java.TestType] [ 6201] - value = 
[INFO ][2016-01-20 17:02:06,741][com.java.SeleniumDriver] [  930] -  RESULT true
[INFO ][2016-01-20 17:02:06,741][com.java.SeleniumDriver] [ 1136] - ?   P A S S   ?
[INFO ][2016-01-20 17:02:06,741][com.java.SeleniumDriver] [  856] - ------------------------------------------
[INFO ][2016-01-20 17:02:06,741][com.java.SeleniumDriver] [  857] - Test case being Executed: 6
[INFO ][2016-01-20 17:02:06,741][com.java.SeleniumDriver] [  869] - Test step:11
[INFO ][2016-01-20 17:02:06,741][com.java.SeleniumDriver] [  881] - Datavalue is----------2
[INFO ][2016-01-20 17:02:06,741][com.java.SeleniumDriver] [  905] - DataField : BTNbtnAddItem.BalanceSheet
[INFO ][2016-01-20 17:02:06,741][com.java.SeleniumDriver] [  907] - DataValue : 2
[INFO ][2016-01-20 17:02:06,741][com.java.SeleniumDriver] [  913] - <In Set values of the page>
[INFO ][2016-01-20 17:02:06,741][com.java.SeleniumDriver] [  916] - {Data Fields & Data Values Exist}
[INFO ][2016-01-20 17:02:06,741][com.java.SeleniumDriver] [  918] - --------------------------setting values-----------------------------
[INFO ][2016-01-20 17:02:06,741][com.java.SeleniumDriver] [  921] - Action Type : WaitForElement
[INFO ][2016-01-20 17:02:08,011][com.java.SeleniumDriver] [  930] -  RESULT true
[INFO ][2016-01-20 17:02:08,011][com.java.SeleniumDriver] [ 1136] - ?   P A S S   ?
[INFO ][2016-01-20 17:02:08,011][com.java.SeleniumDriver] [  856] - ------------------------------------------
[INFO ][2016-01-20 17:02:08,011][com.java.SeleniumDriver] [  857] - Test case being Executed: 6
[INFO ][2016-01-20 17:02:08,011][com.java.SeleniumDriver] [  869] - Test step:12
[INFO ][2016-01-20 17:02:08,011][com.java.SeleniumDriver] [  881] - Datavalue is----------null
[DEBUG][2016-01-20 17:02:08,011][com.java.SeleniumDriver] [  899] - Exception: null
[INFO ][2016-01-20 17:02:08,011][com.java.SeleniumDriver] [  905] - DataField : HDNbtnAddItem.BalanceSheet
[INFO ][2016-01-20 17:02:08,011][com.java.SeleniumDriver] [  907] - DataValue : 
[INFO ][2016-01-20 17:02:08,011][com.java.SeleniumDriver] [  913] - <In Set values of the page>
[INFO ][2016-01-20 17:02:08,011][com.java.SeleniumDriver] [  916] - {Data Fields & Data Values Exist}
[INFO ][2016-01-20 17:02:08,011][com.java.SeleniumDriver] [  918] - --------------------------setting values-----------------------------
[INFO ][2016-01-20 17:02:08,011][com.java.SeleniumDriver] [  921] - Action Type : Click
[INFO ][2016-01-20 17:02:08,011][com.java.TestType] [ 6580] - Field ::HDNbtnAddItem.BalanceSheet
[INFO ][2016-01-20 17:02:08,011][com.java.TestType] [ 6201] - value = 
[INFO ][2016-01-20 17:02:10,471][com.java.SeleniumDriver] [  930] -  RESULT true
[INFO ][2016-01-20 17:02:10,471][com.java.SeleniumDriver] [ 1136] - ?   P A S S   ?
[INFO ][2016-01-20 17:02:10,471][com.java.SeleniumDriver] [  856] - ------------------------------------------
[INFO ][2016-01-20 17:02:10,471][com.java.SeleniumDriver] [  857] - Test case being Executed: 6
[INFO ][2016-01-20 17:02:10,471][com.java.SeleniumDriver] [  869] - Test step:13
[INFO ][2016-01-20 17:02:10,471][com.java.SeleniumDriver] [  881] - Datavalue is----------3
[INFO ][2016-01-20 17:02:10,471][com.java.SeleniumDriver] [  905] - DataField : BTNframeDialogContent
[INFO ][2016-01-20 17:02:10,471][com.java.SeleniumDriver] [  907] - DataValue : 3
[INFO ][2016-01-20 17:02:10,471][com.java.SeleniumDriver] [  913] - <In Set values of the page>
[INFO ][2016-01-20 17:02:10,471][com.java.SeleniumDriver] [  916] - {Data Fields & Data Values Exist}
[INFO ][2016-01-20 17:02:10,471][com.java.SeleniumDriver] [  918] - --------------------------setting values-----------------------------
[INFO ][2016-01-20 17:02:10,471][com.java.SeleniumDriver] [  921] - Action Type : WaitForElement
[INFO ][2016-01-20 17:02:11,686][com.java.SeleniumDriver] [  930] -  RESULT true
[INFO ][2016-01-20 17:02:11,686][com.java.SeleniumDriver] [ 1136] - ?   P A S S   ?
[INFO ][2016-01-20 17:02:11,686][com.java.SeleniumDriver] [  856] - ------------------------------------------
[INFO ][2016-01-20 17:02:11,686][com.java.SeleniumDriver] [  857] - Test case being Executed: 6
[INFO ][2016-01-20 17:02:11,686][com.java.SeleniumDriver] [  869] - Test step:14
[INFO ][2016-01-20 17:02:11,686][com.java.SeleniumDriver] [  881] - Datavalue is----------null
[DEBUG][2016-01-20 17:02:11,686][com.java.SeleniumDriver] [  899] - Exception: null
[INFO ][2016-01-20 17:02:11,686][com.java.SeleniumDriver] [  905] - DataField : BTNframeDialogContent
[INFO ][2016-01-20 17:02:11,686][com.java.SeleniumDriver] [  907] - DataValue : 
[INFO ][2016-01-20 17:02:11,686][com.java.SeleniumDriver] [  913] - <In Set values of the page>
[INFO ][2016-01-20 17:02:11,686][com.java.SeleniumDriver] [  916] - {Data Fields & Data Values Exist}
[INFO ][2016-01-20 17:02:11,686][com.java.SeleniumDriver] [  918] - --------------------------setting values-----------------------------
[INFO ][2016-01-20 17:02:11,686][com.java.SeleniumDriver] [  921] - Action Type : SELECTFRAME
[INFO ][2016-01-20 17:02:12,958][com.java.SeleniumDriver] [  930] -  RESULT true
[INFO ][2016-01-20 17:02:12,958][com.java.SeleniumDriver] [ 1136] - ?   P A S S   ?
[INFO ][2016-01-20 17:02:12,958][com.java.SeleniumDriver] [  856] - ------------------------------------------
[INFO ][2016-01-20 17:02:12,958][com.java.SeleniumDriver] [  857] - Test case being Executed: 6
[INFO ][2016-01-20 17:02:12,958][com.java.SeleniumDriver] [  869] - Test step:15
[INFO ][2016-01-20 17:02:12,958][com.java.SeleniumDriver] [  881] - Datavalue is----------3
[INFO ][2016-01-20 17:02:12,958][com.java.SeleniumDriver] [  905] - DataField : BTNtxtItemTitle
[INFO ][2016-01-20 17:02:12,958][com.java.SeleniumDriver] [  907] - DataValue : 3
[INFO ][2016-01-20 17:02:12,958][com.java.SeleniumDriver] [  913] - <In Set values of the page>
[INFO ][2016-01-20 17:02:12,958][com.java.SeleniumDriver] [  916] - {Data Fields & Data Values Exist}
[INFO ][2016-01-20 17:02:12,958][com.java.SeleniumDriver] [  918] - --------------------------setting values-----------------------------
[INFO ][2016-01-20 17:02:12,958][com.java.SeleniumDriver] [  921] - Action Type : WaitForElement
[INFO ][2016-01-20 17:02:13,998][com.java.SeleniumDriver] [  930] -  RESULT true
[INFO ][2016-01-20 17:02:13,998][com.java.SeleniumDriver] [ 1136] - ?   P A S S   ?
[INFO ][2016-01-20 17:02:13,998][com.java.SeleniumDriver] [  856] - ------------------------------------------
[INFO ][2016-01-20 17:02:13,998][com.java.SeleniumDriver] [  857] - Test case being Executed: 6
[INFO ][2016-01-20 17:02:13,998][com.java.SeleniumDriver] [  869] - Test step:16
[INFO ][2016-01-20 17:02:13,998][com.java.SeleniumDriver] [  881] - Datavalue is----------RNDVLBSItem
[INFO ][2016-01-20 17:02:13,998][com.java.SeleniumDriver] [  905] - DataField : TXTtxtItemTitle
[INFO ][2016-01-20 17:02:13,998][com.java.SeleniumDriver] [  907] - DataValue : RNDVLBSItem
[INFO ][2016-01-20 17:02:13,998][com.java.SeleniumDriver] [  913] - <In Set values of the page>
[INFO ][2016-01-20 17:02:13,998][com.java.SeleniumDriver] [  916] - {Data Fields & Data Values Exist}
[INFO ][2016-01-20 17:02:13,998][com.java.SeleniumDriver] [  918] - --------------------------setting values-----------------------------
[INFO ][2016-01-20 17:02:13,998][com.java.SeleniumDriver] [  921] - Action Type : Enter
[INFO ][2016-01-20 17:02:13,998][com.java.TestType] [ 7137] - field = txtItemTitle
[INFO ][2016-01-20 17:02:13,998][com.java.TestType] [ 6201] - value = VLBSItem65604
[INFO ][2016-01-20 17:02:15,970][com.java.SeleniumDriver] [  930] -  RESULT true
[INFO ][2016-01-20 17:02:15,970][com.java.SeleniumDriver] [ 1136] - ?   P A S S   ?
[INFO ][2016-01-20 17:02:15,970][com.java.SeleniumDriver] [  856] - ------------------------------------------
[INFO ][2016-01-20 17:02:15,970][com.java.SeleniumDriver] [  857] - Test case being Executed: 6
[INFO ][2016-01-20 17:02:15,970][com.java.SeleniumDriver] [  869] - Test step:17
[INFO ][2016-01-20 17:02:15,970][com.java.SeleniumDriver] [  881] - Datavalue is----------1
[INFO ][2016-01-20 17:02:15,970][com.java.SeleniumDriver] [  905] - DataField : test
[INFO ][2016-01-20 17:02:15,970][com.java.SeleniumDriver] [  907] - DataValue : 1
[INFO ][2016-01-20 17:02:15,970][com.java.SeleniumDriver] [  913] - <In Set values of the page>
[INFO ][2016-01-20 17:02:15,970][com.java.SeleniumDriver] [  916] - {Data Fields & Data Values Exist}
[INFO ][2016-01-20 17:02:15,970][com.java.SeleniumDriver] [  918] - --------------------------setting values-----------------------------
[INFO ][2016-01-20 17:02:15,970][com.java.SeleniumDriver] [  921] - Action Type : WaitTime
[DEBUG][2016-01-20 17:02:15,970][com.java.TestType] [ 6015] - sleepTime: 1000
[INFO ][2016-01-20 17:02:16,972][com.java.SeleniumDriver] [  930] -  RESULT true
[INFO ][2016-01-20 17:02:16,972][com.java.SeleniumDriver] [ 1136] - ?   P A S S   ?
[INFO ][2016-01-20 17:02:16,972][com.java.SeleniumDriver] [  856] - ------------------------------------------
[INFO ][2016-01-20 17:02:16,972][com.java.SeleniumDriver] [  857] - Test case being Executed: 6
[INFO ][2016-01-20 17:02:16,972][com.java.SeleniumDriver] [  869] - Test step:18
[INFO ][2016-01-20 17:02:16,972][com.java.SeleniumDriver] [  881] - Datavalue is----------BSItemName
[INFO ][2016-01-20 17:02:16,972][com.java.SeleniumDriver] [  905] - DataField : TXTtxtItemTitle
[INFO ][2016-01-20 17:02:16,972][com.java.SeleniumDriver] [  907] - DataValue : BSItemName
[INFO ][2016-01-20 17:02:16,972][com.java.SeleniumDriver] [  913] - <In Set values of the page>
[INFO ][2016-01-20 17:02:16,972][com.java.SeleniumDriver] [  916] - {Data Fields & Data Values Exist}
[INFO ][2016-01-20 17:02:16,972][com.java.SeleniumDriver] [  918] - --------------------------setting values-----------------------------
[INFO ][2016-01-20 17:02:16,972][com.java.SeleniumDriver] [  921] - Action Type : StoreValue
[INFO ][2016-01-20 17:02:16,972][com.java.TestType] [ 9172] - field= TXTtxtItemTitle
[DEBUG][2016-01-20 17:02:18,054][com.java.TestType] [ 9186] - Key:: BSItemName  Value:: VLBSItem65604
[INFO ][2016-01-20 17:02:18,054][com.java.SeleniumDriver] [  930] -  RESULT true
[INFO ][2016-01-20 17:02:18,054][com.java.SeleniumDriver] [ 1136] - ?   P A S S   ?
[INFO ][2016-01-20 17:02:18,054][com.java.SeleniumDriver] [  856] - ------------------------------------------
[INFO ][2016-01-20 17:02:18,054][com.java.SeleniumDriver] [  857] - Test case being Executed: 6
[INFO ][2016-01-20 17:02:18,054][com.java.SeleniumDriver] [  869] - Test step:19
[INFO ][2016-01-20 17:02:18,054][com.java.SeleniumDriver] [  881] - Datavalue is----------40
[INFO ][2016-01-20 17:02:18,054][com.java.SeleniumDriver] [  905] - DataField : TXTtxtItemWeight
[INFO ][2016-01-20 17:02:18,054][com.java.SeleniumDriver] [  907] - DataValue : 40
[INFO ][2016-01-20 17:02:18,054][com.java.SeleniumDriver] [  913] - <In Set values of the page>
[INFO ][2016-01-20 17:02:18,054][com.java.SeleniumDriver] [  916] - {Data Fields & Data Values Exist}
[INFO ][2016-01-20 17:02:18,054][com.java.SeleniumDriver] [  918] - --------------------------setting values-----------------------------
[INFO ][2016-01-20 17:02:18,054][com.java.SeleniumDriver] [  921] - Action Type : ClearAndEnter
[INFO ][2016-01-20 17:02:19,175][com.java.TestType] [ 6201] - value = 40
[INFO ][2016-01-20 17:02:20,346][com.java.SeleniumDriver] [  930] -  RESULT true
[INFO ][2016-01-20 17:02:20,346][com.java.SeleniumDriver] [ 1136] - ?   P A S S   ?
[INFO ][2016-01-20 17:02:20,346][com.java.SeleniumDriver] [  856] - ------------------------------------------
[INFO ][2016-01-20 17:02:20,346][com.java.SeleniumDriver] [  857] - Test case being Executed: 6
[INFO ][2016-01-20 17:02:20,346][com.java.SeleniumDriver] [  869] - Test step:20
[INFO ][2016-01-20 17:02:20,346][com.java.SeleniumDriver] [  881] - Datavalue is----------null
[DEBUG][2016-01-20 17:02:20,346][com.java.SeleniumDriver] [  899] - Exception: null
[INFO ][2016-01-20 17:02:20,346][com.java.SeleniumDriver] [  905] - DataField : HDNchkAvg
[INFO ][2016-01-20 17:02:20,346][com.java.SeleniumDriver] [  907] - DataValue : 
[INFO ][2016-01-20 17:02:20,346][com.java.SeleniumDriver] [  913] - <In Set values of the page>
[INFO ][2016-01-20 17:02:20,346][com.java.SeleniumDriver] [  916] - {Data Fields & Data Values Exist}
[INFO ][2016-01-20 17:02:20,346][com.java.SeleniumDriver] [  918] - --------------------------setting values-----------------------------
[INFO ][2016-01-20 17:02:20,346][com.java.SeleniumDriver] [  921] - Action Type : Click
[INFO ][2016-01-20 17:02:20,346][com.java.TestType] [ 6580] - Field ::HDNchkAvg
[INFO ][2016-01-20 17:02:20,346][com.java.TestType] [ 6201] - value = 
[INFO ][2016-01-20 17:02:22,427][com.java.SeleniumDriver] [  930] -  RESULT true
[INFO ][2016-01-20 17:02:22,427][com.java.SeleniumDriver] [ 1136] - ?   P A S S   ?
[INFO ][2016-01-20 17:02:22,427][com.java.SeleniumDriver] [  856] - ------------------------------------------
[INFO ][2016-01-20 17:02:22,427][com.java.SeleniumDriver] [  857] - Test case being Executed: 6
[INFO ][2016-01-20 17:02:22,427][com.java.SeleniumDriver] [  869] - Test step:21
[INFO ][2016-01-20 17:02:22,427][com.java.SeleniumDriver] [  881] - Datavalue is----------Change
[INFO ][2016-01-20 17:02:22,427][com.java.SeleniumDriver] [  905] - DataField : SLBddlItemVariance
[INFO ][2016-01-20 17:02:22,427][com.java.SeleniumDriver] [  907] - DataValue : Change
[INFO ][2016-01-20 17:02:22,427][com.java.SeleniumDriver] [  913] - <In Set values of the page>
[INFO ][2016-01-20 17:02:22,427][com.java.SeleniumDriver] [  916] - {Data Fields & Data Values Exist}
[INFO ][2016-01-20 17:02:22,427][com.java.SeleniumDriver] [  918] - --------------------------setting values-----------------------------
[INFO ][2016-01-20 17:02:22,427][com.java.SeleniumDriver] [  921] - Action Type : Select
[INFO ][2016-01-20 17:02:22,427][com.java.TestType] [ 6201] - value = Change
[INFO ][2016-01-20 17:02:24,759][com.java.SeleniumDriver] [  930] -  RESULT true
[INFO ][2016-01-20 17:02:24,759][com.java.SeleniumDriver] [ 1136] - ?   P A S S   ?
[INFO ][2016-01-20 17:02:24,759][com.java.SeleniumDriver] [  856] - ------------------------------------------
[INFO ][2016-01-20 17:02:24,759][com.java.SeleniumDriver] [  857] - Test case being Executed: 6
[INFO ][2016-01-20 17:02:24,759][com.java.SeleniumDriver] [  869] - Test step:22
[INFO ][2016-01-20 17:02:24,759][com.java.SeleniumDriver] [  881] - Datavalue is----------3
[INFO ][2016-01-20 17:02:24,759][com.java.SeleniumDriver] [  905] - DataField : test
[INFO ][2016-01-20 17:02:24,759][com.java.SeleniumDriver] [  907] - DataValue : 3
[INFO ][2016-01-20 17:02:24,759][com.java.SeleniumDriver] [  913] - <In Set values of the page>
[INFO ][2016-01-20 17:02:24,759][com.java.SeleniumDriver] [  916] - {Data Fields & Data Values Exist}
[INFO ][2016-01-20 17:02:24,759][com.java.SeleniumDriver] [  918] - --------------------------setting values-----------------------------
[INFO ][2016-01-20 17:02:24,759][com.java.SeleniumDriver] [  921] - Action Type : WaitTime
[DEBUG][2016-01-20 17:02:24,759][com.java.TestType] [ 6015] - sleepTime: 3000
[INFO ][2016-01-20 17:02:27,760][com.java.SeleniumDriver] [  930] -  RESULT true
[INFO ][2016-01-20 17:02:27,760][com.java.SeleniumDriver] [ 1136] - ?   P A S S   ?
[INFO ][2016-01-20 17:02:27,760][com.java.SeleniumDriver] [  856] - ------------------------------------------
[INFO ][2016-01-20 17:02:27,760][com.java.SeleniumDriver] [  857] - Test case being Executed: 6
[INFO ][2016-01-20 17:02:27,760][com.java.SeleniumDriver] [  869] - Test step:23
[INFO ][2016-01-20 17:02:27,760][com.java.SeleniumDriver] [  881] - Datavalue is----------Actual
[INFO ][2016-01-20 17:02:27,760][com.java.SeleniumDriver] [  905] - DataField : SLBddlVarianceSource
[INFO ][2016-01-20 17:02:27,760][com.java.SeleniumDriver] [  907] - DataValue : Actual
[INFO ][2016-01-20 17:02:27,760][com.java.SeleniumDriver] [  913] - <In Set values of the page>
[INFO ][2016-01-20 17:02:27,760][com.java.SeleniumDriver] [  916] - {Data Fields & Data Values Exist}
[INFO ][2016-01-20 17:02:27,760][com.java.SeleniumDriver] [  918] - --------------------------setting values-----------------------------
[INFO ][2016-01-20 17:02:27,760][com.java.SeleniumDriver] [  921] - Action Type : Select
[INFO ][2016-01-20 17:02:27,760][com.java.TestType] [ 6201] - value = Actual
[INFO ][2016-01-20 17:02:30,093][com.java.SeleniumDriver] [  930] -  RESULT true
[INFO ][2016-01-20 17:02:30,093][com.java.SeleniumDriver] [ 1136] - ?   P A S S   ?
[INFO ][2016-01-20 17:02:30,093][com.java.SeleniumDriver] [  856] - ------------------------------------------
[INFO ][2016-01-20 17:02:30,093][com.java.SeleniumDriver] [  857] - Test case being Executed: 6
[INFO ][2016-01-20 17:02:30,093][com.java.SeleniumDriver] [  869] - Test step:24
[INFO ][2016-01-20 17:02:30,093][com.java.SeleniumDriver] [  881] - Datavalue is----------Same Period
[INFO ][2016-01-20 17:02:30,093][com.java.SeleniumDriver] [  905] - DataField : SLBddlVarianceRange
[INFO ][2016-01-20 17:02:30,093][com.java.SeleniumDriver] [  907] - DataValue : Same Period
[INFO ][2016-01-20 17:02:30,093][com.java.SeleniumDriver] [  913] - <In Set values of the page>
[INFO ][2016-01-20 17:02:30,093][com.java.SeleniumDriver] [  916] - {Data Fields & Data Values Exist}
[INFO ][2016-01-20 17:02:30,093][com.java.SeleniumDriver] [  918] - --------------------------setting values-----------------------------
[INFO ][2016-01-20 17:02:30,093][com.java.SeleniumDriver] [  921] - Action Type : Select
[INFO ][2016-01-20 17:02:30,093][com.java.TestType] [ 6201] - value = Same Period
[INFO ][2016-01-20 17:02:32,434][com.java.SeleniumDriver] [  930] -  RESULT true
[INFO ][2016-01-20 17:02:32,434][com.java.SeleniumDriver] [ 1136] - ?   P A S S   ?
[INFO ][2016-01-20 17:02:32,434][com.java.SeleniumDriver] [  856] - ------------------------------------------
[INFO ][2016-01-20 17:02:32,434][com.java.SeleniumDriver] [  857] - Test case being Executed: 6
[INFO ][2016-01-20 17:02:32,434][com.java.SeleniumDriver] [  869] - Test step:25
[INFO ][2016-01-20 17:02:32,434][com.java.SeleniumDriver] [  881] - Datavalue is----------null
[DEBUG][2016-01-20 17:02:32,434][com.java.SeleniumDriver] [  899] - Exception: null
[INFO ][2016-01-20 17:02:32,434][com.java.SeleniumDriver] [  905] - DataField : BTN//select[@id='opGroups']/optgroup[1]/option[2]
[INFO ][2016-01-20 17:02:32,434][com.java.SeleniumDriver] [  907] - DataValue : 
[INFO ][2016-01-20 17:02:32,434][com.java.SeleniumDriver] [  913] - <In Set values of the page>
[INFO ][2016-01-20 17:02:32,434][com.java.SeleniumDriver] [  916] - {Data Fields & Data Values Exist}
[INFO ][2016-01-20 17:02:32,434][com.java.SeleniumDriver] [  918] - --------------------------setting values-----------------------------
[INFO ][2016-01-20 17:02:32,434][com.java.SeleniumDriver] [  921] - Action Type : Click
[INFO ][2016-01-20 17:02:32,434][com.java.TestType] [ 6580] - Field ::BTN//select[@id='opGroups']/optgroup[1]/option[2]
[INFO ][2016-01-20 17:02:32,434][com.java.TestType] [ 6201] - value = 
[INFO ][2016-01-20 17:02:33,434][com.java.TestType] [ 6732] - BEFORE CLICK
[INFO ][2016-01-20 17:02:33,565][com.java.TestType] [ 6739] - Unable to click the object Group option
[INFO ][2016-01-20 17:02:33,565][com.java.SeleniumDriver] [  930] -  RESULT true
[INFO ][2016-01-20 17:02:33,565][com.java.SeleniumDriver] [ 1136] - ?   P A S S   ?
[INFO ][2016-01-20 17:02:33,565][com.java.SeleniumDriver] [ 1178] - step change to 27
[INFO ][2016-01-20 17:02:33,565][com.java.SeleniumDriver] [  856] - ------------------------------------------
[INFO ][2016-01-20 17:02:33,565][com.java.SeleniumDriver] [  857] - Test case being Executed: 6
[INFO ][2016-01-20 17:02:33,565][com.java.SeleniumDriver] [  869] - Test step:27
[INFO ][2016-01-20 17:02:33,565][com.java.SeleniumDriver] [  881] - Datavalue is----------5
[INFO ][2016-01-20 17:02:33,565][com.java.SeleniumDriver] [  905] - DataField : BTN//select[@id='opAccounts']/option[1]
[INFO ][2016-01-20 17:02:33,565][com.java.SeleniumDriver] [  907] - DataValue : 5
[INFO ][2016-01-20 17:02:33,565][com.java.SeleniumDriver] [  913] - <In Set values of the page>
[INFO ][2016-01-20 17:02:33,565][com.java.SeleniumDriver] [  916] - {Data Fields & Data Values Exist}
[INFO ][2016-01-20 17:02:33,565][com.java.SeleniumDriver] [  918] - --------------------------setting values-----------------------------
[INFO ][2016-01-20 17:02:33,565][com.java.SeleniumDriver] [  921] - Action Type : WaitForElement
[INFO ][2016-01-20 17:02:34,645][com.java.SeleniumDriver] [  930] -  RESULT true
[INFO ][2016-01-20 17:02:34,645][com.java.SeleniumDriver] [ 1136] - ?   P A S S   ?
[INFO ][2016-01-20 17:02:34,645][com.java.SeleniumDriver] [  856] - ------------------------------------------
[INFO ][2016-01-20 17:02:34,645][com.java.SeleniumDriver] [  857] - Test case being Executed: 6
[INFO ][2016-01-20 17:02:34,645][com.java.SeleniumDriver] [  869] - Test step:28
[INFO ][2016-01-20 17:02:34,645][com.java.SeleniumDriver] [  881] - Datavalue is----------index:0
[INFO ][2016-01-20 17:02:34,645][com.java.SeleniumDriver] [  905] - DataField : COBopAccounts
[INFO ][2016-01-20 17:02:34,645][com.java.SeleniumDriver] [  907] - DataValue : index:0
[INFO ][2016-01-20 17:02:34,645][com.java.SeleniumDriver] [  913] - <In Set values of the page>
[INFO ][2016-01-20 17:02:34,645][com.java.SeleniumDriver] [  916] - {Data Fields & Data Values Exist}
[INFO ][2016-01-20 17:02:34,645][com.java.SeleniumDriver] [  918] - --------------------------setting values-----------------------------
[INFO ][2016-01-20 17:02:34,645][com.java.SeleniumDriver] [  921] - Action Type : Select
[INFO ][2016-01-20 17:02:34,645][com.java.TestType] [ 6201] - value = 0
[INFO ][2016-01-20 17:02:35,747][com.java.TestType] [ 6319] -  In COB opAccounts : 0
[INFO ][2016-01-20 17:02:35,887][com.java.SeleniumDriver] [  930] -  RESULT true
[INFO ][2016-01-20 17:02:35,887][com.java.SeleniumDriver] [ 1136] - ?   P A S S   ?
[INFO ][2016-01-20 17:02:35,887][com.java.SeleniumDriver] [  856] - ------------------------------------------
[INFO ][2016-01-20 17:02:35,887][com.java.SeleniumDriver] [  857] - Test case being Executed: 6
[INFO ][2016-01-20 17:02:35,887][com.java.SeleniumDriver] [  869] - Test step:29
[INFO ][2016-01-20 17:02:35,887][com.java.SeleniumDriver] [  881] - Datavalue is----------null
[DEBUG][2016-01-20 17:02:35,887][com.java.SeleniumDriver] [  899] - Exception: null
[INFO ][2016-01-20 17:02:35,887][com.java.SeleniumDriver] [  905] - DataField : DCL//table[3]/tbody/tr/td[2]/select/option[1]
[INFO ][2016-01-20 17:02:35,887][com.java.SeleniumDriver] [  907] - DataValue : 
[INFO ][2016-01-20 17:02:35,887][com.java.SeleniumDriver] [  913] - <In Set values of the page>
[INFO ][2016-01-20 17:02:35,887][com.java.SeleniumDriver] [  916] - {Data Fields & Data Values Exist}
[INFO ][2016-01-20 17:02:35,887][com.java.SeleniumDriver] [  918] - --------------------------setting values-----------------------------
[INFO ][2016-01-20 17:02:35,887][com.java.SeleniumDriver] [  921] - Action Type : Click
[INFO ][2016-01-20 17:02:35,887][com.java.TestType] [ 6580] - Field ::DCL//table[3]/tbody/tr/td[2]/select/option[1]
[INFO ][2016-01-20 17:02:35,887][com.java.TestType] [ 6201] - value = 
[INFO ][2016-01-20 17:02:38,248][com.java.SeleniumDriver] [  930] -  RESULT true
[INFO ][2016-01-20 17:02:38,248][com.java.SeleniumDriver] [ 1136] - ?   P A S S   ?
[INFO ][2016-01-20 17:02:38,248][com.java.SeleniumDriver] [  856] - ------------------------------------------
[INFO ][2016-01-20 17:02:38,248][com.java.SeleniumDriver] [  857] - Test case being Executed: 6
[INFO ][2016-01-20 17:02:38,248][com.java.SeleniumDriver] [  869] - Test step:30
[INFO ][2016-01-20 17:02:38,248][com.java.SeleniumDriver] [  881] - Datavalue is----------5
[INFO ][2016-01-20 17:02:38,248][com.java.SeleniumDriver] [  905] - DataField : BTN//div[@id="expression"]/span[2]
[INFO ][2016-01-20 17:02:38,248][com.java.SeleniumDriver] [  907] - DataValue : 5
[INFO ][2016-01-20 17:02:38,248][com.java.SeleniumDriver] [  913] - <In Set values of the page>
[INFO ][2016-01-20 17:02:38,248][com.java.SeleniumDriver] [  916] - {Data Fields & Data Values Exist}
[INFO ][2016-01-20 17:02:38,248][com.java.SeleniumDriver] [  918] - --------------------------setting values-----------------------------
[INFO ][2016-01-20 17:02:38,248][com.java.SeleniumDriver] [  921] - Action Type : WaitForElement
[DEBUG][2016-01-20 17:04:25,305][com.java.TestType] [ 7405] - //div[@id="expression"]/span[2]   :: Element not Found
[INFO ][2016-01-20 17:04:25,305][com.java.SeleniumDriver] [  930] -  RESULT false
[INFO ][2016-01-20 17:04:25,305][com.java.SeleniumDriver] [  977] - ?   F A I L   ?
[INFO ][2016-01-20 17:04:25,305][com.java.SeleniumDriver] [  985] - Browser Type : IE10
[INFO ][2016-01-20 17:04:25,305][com.java.SeleniumDriver] [  986] - Adding Failed case6
[DEBUG][2016-01-20 17:04:26,046][com.java.SeleniumDriver] [ 1054] -  tdd.getCondition() IF:Next:32
[INFO ][2016-01-20 17:04:26,046][com.java.SeleniumDriver] [ 1063] - step change to 32
[INFO ][2016-01-20 17:04:26,046][com.java.SeleniumDriver] [  856] - ------------------------------------------
[INFO ][2016-01-20 17:04:26,046][com.java.SeleniumDriver] [  857] - Test case being Executed: 6
[INFO ][2016-01-20 17:04:26,046][com.java.SeleniumDriver] [  869] - Test step:32
[INFO ][2016-01-20 17:04:26,046][com.java.SeleniumDriver] [  881] - Datavalue is----------RND
[INFO ][2016-01-20 17:04:26,046][com.java.SeleniumDriver] [  905] - DataField : TXTtxtNumber
[INFO ][2016-01-20 17:04:26,046][com.java.SeleniumDriver] [  907] - DataValue : RND
[INFO ][2016-01-20 17:04:26,046][com.java.SeleniumDriver] [  913] - <In Set values of the page>
[INFO ][2016-01-20 17:04:26,046][com.java.SeleniumDriver] [  916] - {Data Fields & Data Values Exist}
[INFO ][2016-01-20 17:04:26,046][com.java.SeleniumDriver] [  918] - --------------------------setting values-----------------------------
[INFO ][2016-01-20 17:04:26,046][com.java.SeleniumDriver] [  921] - Action Type : ClearAndEnter
[INFO ][2016-01-20 17:04:27,227][com.java.TestType] [ 6201] - value = RND
[INFO ][2016-01-20 17:04:28,728][com.java.SeleniumDriver] [  930] -  RESULT true
[INFO ][2016-01-20 17:04:28,728][com.java.SeleniumDriver] [ 1136] - ?   P A S S   ?
[INFO ][2016-01-20 17:04:28,728][com.java.SeleniumDriver] [  856] - ------------------------------------------
[INFO ][2016-01-20 17:04:28,728][com.java.SeleniumDriver] [  857] - Test case being Executed: 6
[INFO ][2016-01-20 17:04:28,728][com.java.SeleniumDriver] [  869] - Test step:33
[INFO ][2016-01-20 17:04:28,728][com.java.SeleniumDriver] [  881] - Datavalue is----------1
[INFO ][2016-01-20 17:04:28,728][com.java.SeleniumDriver] [  905] - DataField : test
[INFO ][2016-01-20 17:04:28,728][com.java.SeleniumDriver] [  907] - DataValue : 1
[INFO ][2016-01-20 17:04:28,728][com.java.SeleniumDriver] [  913] - <In Set values of the page>
[INFO ][2016-01-20 17:04:28,728][com.java.SeleniumDriver] [  916] - {Data Fields & Data Values Exist}
[INFO ][2016-01-20 17:04:28,728][com.java.SeleniumDriver] [  918] - --------------------------setting values-----------------------------
[INFO ][2016-01-20 17:04:28,728][com.java.SeleniumDriver] [  921] - Action Type : WaitTime
[DEBUG][2016-01-20 17:04:28,728][com.java.TestType] [ 6015] - sleepTime: 1000
[INFO ][2016-01-20 17:04:29,728][com.java.SeleniumDriver] [  930] -  RESULT true
[INFO ][2016-01-20 17:04:29,728][com.java.SeleniumDriver] [ 1136] - ?   P A S S   ?
[INFO ][2016-01-20 17:04:29,728][com.java.SeleniumDriver] [  856] - ------------------------------------------
[INFO ][2016-01-20 17:04:29,728][com.java.SeleniumDriver] [  857] - Test case being Executed: 6
[INFO ][2016-01-20 17:04:29,728][com.java.SeleniumDriver] [  869] - Test step:34
[INFO ][2016-01-20 17:04:29,728][com.java.SeleniumDriver] [  881] - Datavalue is----------null
[DEBUG][2016-01-20 17:04:29,728][com.java.SeleniumDriver] [  899] - Exception: null
[INFO ][2016-01-20 17:04:29,728][com.java.SeleniumDriver] [  905] - DataField : BTNbtnAddNumber
[INFO ][2016-01-20 17:04:29,728][com.java.SeleniumDriver] [  907] - DataValue : 
[INFO ][2016-01-20 17:04:29,728][com.java.SeleniumDriver] [  913] - <In Set values of the page>
[INFO ][2016-01-20 17:04:29,728][com.java.SeleniumDriver] [  916] - {Data Fields & Data Values Exist}
[INFO ][2016-01-20 17:04:29,728][com.java.SeleniumDriver] [  918] - --------------------------setting values-----------------------------
[INFO ][2016-01-20 17:04:29,728][com.java.SeleniumDriver] [  921] - Action Type : Click
[INFO ][2016-01-20 17:04:29,728][com.java.TestType] [ 6580] - Field ::BTNbtnAddNumber
[INFO ][2016-01-20 17:04:29,728][com.java.TestType] [ 6201] - value = 
[INFO ][2016-01-20 17:04:30,729][com.java.TestType] [ 6732] - BEFORE CLICK
[INFO ][2016-01-20 17:04:31,890][com.java.TestType] [ 6739] - Unable to click the object Average check box
[INFO ][2016-01-20 17:04:31,890][com.java.SeleniumDriver] [  930] -  RESULT true
[INFO ][2016-01-20 17:04:31,890][com.java.SeleniumDriver] [ 1136] - ?   P A S S   ?
[INFO ][2016-01-20 17:04:31,890][com.java.SeleniumDriver] [  856] - ------------------------------------------
[INFO ][2016-01-20 17:04:31,890][com.java.SeleniumDriver] [  857] - Test case being Executed: 6
[INFO ][2016-01-20 17:04:31,890][com.java.SeleniumDriver] [  869] - Test step:35
[INFO ][2016-01-20 17:04:31,890][com.java.SeleniumDriver] [  881] - Datavalue is----------null
[DEBUG][2016-01-20 17:04:31,890][com.java.SeleniumDriver] [  899] - Exception: null
[INFO ][2016-01-20 17:04:31,890][com.java.SeleniumDriver] [  905] - DataField : BTNbtnSave
[INFO ][2016-01-20 17:04:31,890][com.java.SeleniumDriver] [  907] - DataValue : 
[INFO ][2016-01-20 17:04:31,890][com.java.SeleniumDriver] [  913] - <In Set values of the page>
[INFO ][2016-01-20 17:04:31,890][com.java.SeleniumDriver] [  916] - {Data Fields & Data Values Exist}
[INFO ][2016-01-20 17:04:31,890][com.java.SeleniumDriver] [  918] - --------------------------setting values-----------------------------
[INFO ][2016-01-20 17:04:31,890][com.java.SeleniumDriver] [  921] - Action Type : Click
[INFO ][2016-01-20 17:04:31,890][com.java.TestType] [ 6580] - Field ::BTNbtnSave
[INFO ][2016-01-20 17:04:31,890][com.java.TestType] [ 6201] - value = 
[INFO ][2016-01-20 17:04:32,890][com.java.TestType] [ 6732] - BEFORE CLICK
[INFO ][2016-01-20 17:04:34,041][com.java.TestType] [ 6739] - Unable to click the object Average check box
[INFO ][2016-01-20 17:04:34,041][com.java.SeleniumDriver] [  930] -  RESULT true
[INFO ][2016-01-20 17:04:34,041][com.java.SeleniumDriver] [ 1136] - ?   P A S S   ?
[INFO ][2016-01-20 17:04:34,041][com.java.SeleniumDriver] [  856] - ------------------------------------------
[INFO ][2016-01-20 17:04:34,041][com.java.SeleniumDriver] [  857] - Test case being Executed: 6
[INFO ][2016-01-20 17:04:34,041][com.java.SeleniumDriver] [  869] - Test step:36
[INFO ][2016-01-20 17:04:34,041][com.java.SeleniumDriver] [  881] - Datavalue is----------null
[DEBUG][2016-01-20 17:04:34,041][com.java.SeleniumDriver] [  899] - Exception: null
[INFO ][2016-01-20 17:04:34,041][com.java.SeleniumDriver] [  905] - DataField : BTNparent
[INFO ][2016-01-20 17:04:34,041][com.java.SeleniumDriver] [  907] - DataValue : 
[INFO ][2016-01-20 17:04:34,041][com.java.SeleniumDriver] [  913] - <In Set values of the page>
[INFO ][2016-01-20 17:04:34,041][com.java.SeleniumDriver] [  916] - {Data Fields & Data Values Exist}
[INFO ][2016-01-20 17:04:34,041][com.java.SeleniumDriver] [  918] - --------------------------setting values-----------------------------
[INFO ][2016-01-20 17:04:34,041][com.java.SeleniumDriver] [  921] - Action Type : SELECTFRAME
[INFO ][2016-01-20 17:04:34,051][com.java.SeleniumDriver] [  930] -  RESULT true
[INFO ][2016-01-20 17:04:34,051][com.java.SeleniumDriver] [ 1136] - ?   P A S S   ?
[INFO ][2016-01-20 17:04:34,051][com.java.SeleniumDriver] [  856] - ------------------------------------------
[INFO ][2016-01-20 17:04:34,051][com.java.SeleniumDriver] [  857] - Test case being Executed: 6
[INFO ][2016-01-20 17:04:34,051][com.java.SeleniumDriver] [  869] - Test step:37
[INFO ][2016-01-20 17:04:34,051][com.java.SeleniumDriver] [  881] - Datavalue is----------5
[INFO ][2016-01-20 17:04:34,051][com.java.SeleniumDriver] [  905] - DataField : BTNbtnAddItem.BalanceSheet
[INFO ][2016-01-20 17:04:34,051][com.java.SeleniumDriver] [  907] - DataValue : 5
[INFO ][2016-01-20 17:04:34,051][com.java.SeleniumDriver] [  913] - <In Set values of the page>
[INFO ][2016-01-20 17:04:34,051][com.java.SeleniumDriver] [  916] - {Data Fields & Data Values Exist}
[INFO ][2016-01-20 17:04:34,051][com.java.SeleniumDriver] [  918] - --------------------------setting values-----------------------------
[INFO ][2016-01-20 17:04:34,051][com.java.SeleniumDriver] [  921] - Action Type : WaitForElement
[INFO ][2016-01-20 17:04:35,251][com.java.SeleniumDriver] [  930] -  RESULT true
[INFO ][2016-01-20 17:04:35,251][com.java.SeleniumDriver] [ 1136] - ?   P A S S   ?
[INFO ][2016-01-20 17:04:35,251][com.java.SeleniumDriver] [  856] - ------------------------------------------
[INFO ][2016-01-20 17:04:35,251][com.java.SeleniumDriver] [  857] - Test case being Executed: 6
[INFO ][2016-01-20 17:04:35,251][com.java.SeleniumDriver] [  869] - Test step:38
[INFO ][2016-01-20 17:04:35,251][com.java.SeleniumDriver] [  881] - Datavalue is----------HMVBSItemName
[INFO ][2016-01-20 17:04:35,251][com.java.SeleniumDriver] [  905] - DataField : MSG
[INFO ][2016-01-20 17:04:35,251][com.java.SeleniumDriver] [  907] - DataValue : HMVBSItemName
[INFO ][2016-01-20 17:04:35,251][com.java.SeleniumDriver] [  913] - <In Set values of the page>
[INFO ][2016-01-20 17:04:35,251][com.java.SeleniumDriver] [  916] - {Data Fields & Data Values Exist}
[INFO ][2016-01-20 17:04:35,251][com.java.SeleniumDriver] [  918] - --------------------------setting values-----------------------------
[INFO ][2016-01-20 17:04:35,251][com.java.SeleniumDriver] [  921] - Action Type : Verify
[INFO ][2016-01-20 17:04:35,251][com.java.TestType] [ 7745] - field= MSG value= HMVBSItemName
[INFO ][2016-01-20 17:04:35,251][com.java.TestType] [ 6201] - value = VLBSItem65604
[DEBUG][2016-01-20 17:04:35,251][com.java.TestType] [ 8575] - value :: VLBSItem65604
[ERROR][2016-01-20 17:04:35,322][com.java.TestType] [ 8580] - Assertion Error: 
[INFO ][2016-01-20 17:04:35,322][com.java.SeleniumDriver] [  930] -  RESULT false
[INFO ][2016-01-20 17:04:35,322][com.java.SeleniumDriver] [  977] - ?   F A I L   ?
[INFO ][2016-01-20 17:04:35,322][com.java.SeleniumDriver] [  985] - Browser Type : IE10
[INFO ][2016-01-20 17:04:35,322][com.java.SeleniumDriver] [  986] - Adding Failed case6
[INFO ][2016-01-20 17:04:36,032][com.java.SeleniumDriver] [ 1100] - failedCases = 6
[ERROR][2016-01-20 17:04:36,032][com.java.SeleniumDriver] [ 1599] - Platform Errors : Our apologies...::We have encountered an issue with your request.::Our apologies?:We encountered an issue with your request.
[INFO ][2016-01-20 17:04:36,032][com.java.SeleniumDriver] [ 1603] - Length =3
[ERROR][2016-01-20 17:04:36,032][com.java.SeleniumDriver] [ 1606] - Error 0 = Our apologies...
[ERROR][2016-01-20 17:04:36,132][com.java.SeleniumDriver] [ 1606] - Error 1 = We have encountered an issue with your request.
[ERROR][2016-01-20 17:04:36,182][com.java.SeleniumDriver] [ 1606] - Error 2 = Our apologies?:We encountered an issue with your request.
[INFO ][2016-01-20 17:04:36,242][com.java.SeleniumDriver] [ 1617] - strError:
[DEBUG][2016-01-20 17:04:36,252][com.java.SeleniumDriver] [ 1248] - Case found
[DEBUG][2016-01-20 17:04:36,252][com.java.SeleniumDriver] [ 1253] - Incrementing ReportCounters[0]:2
[INFO ][2016-01-20 17:04:36,252][com.java.SeleniumDriver] [ 1272] - The results are-------------------[6, 38, Totem Poles : Manage Existing Totem Pole : Add new item, Fail, 
Test case failed at Step No. :: 38   Error Message ::  . Screen Shot : D:\BankersDashboard\TestReports\012016\6_012016_170435_IE10.png, Wed Jan 20 17:04:36 IST 2016]
[INFO ][2016-01-20 17:04:36,252][com.java.SeleniumDriver] [ 1276] - End time is-------3 min 55 sec
[INFO ][2016-01-20 17:04:36,252][com.java.SeleniumDriver] [ 1277] - The results are-------------------[6, 38, Totem Poles : Manage Existing Totem Pole : Add new item, Fail, 
Test case failed at Step No. :: 38   Error Message ::  . Screen Shot : D:\BankersDashboard\TestReports\012016\6_012016_170435_IE10.png, Wed Jan 20 17:04:36 IST 2016]
[DEBUG][2016-01-20 17:04:36,252][com.java.ImportnExport.ExportTestResultsExcel] [  222] - testResultPath = D:\BankersDashboard/TestReports/Test Results_BankersDashBoard_012016_170042_IE10_Any Bank USA.xls
[DEBUG][2016-01-20 17:04:36,252][com.java.ImportnExport.ExportTestResultsExcel] [  223] - browser is------------IE10
[DEBUG][2016-01-20 17:04:36,252][com.java.ImportnExport.ExportTestResultsExcel] [  270] - result.size() = 6
[DEBUG][2016-01-20 17:04:36,252][com.java.ImportnExport.ExportTestResultsExcel] [  274] - No of rows in sheet=2
[DEBUG][2016-01-20 17:04:36,252][com.java.ImportnExport.ExportTestResultsExcel] [  301] - ..in export..6
[DEBUG][2016-01-20 17:04:36,252][com.java.ImportnExport.ExportTestResultsExcel] [  301] - ..in export..Totem Poles : Manage Existing Totem Pole : Add new item
[DEBUG][2016-01-20 17:04:36,252][com.java.ImportnExport.ExportTestResultsExcel] [  301] - ..in export..Fail
[DEBUG][2016-01-20 17:04:36,252][com.java.ImportnExport.ExportTestResultsExcel] [  301] - ..in export..
Test case failed at Step No. :: 38   Error Message ::  . Screen Shot : D:\BankersDashboard\TestReports\012016\6_012016_170435_IE10.png
[DEBUG][2016-01-20 17:04:36,252][com.java.ImportnExport.ExportTestResultsExcel] [  301] - ..in export..Wed Jan 20 17:04:36 IST 2016
[INFO ][2016-01-20 17:04:36,252][com.java.SeleniumDriver] [ 1337] - out loop:1 size:2 TestCases:[1, 6] testcases:[1, 6]
[INFO ][2016-01-20 17:04:38,253][com.java.SeleniumDriver] [ 1380] - Total Number of Cases:2
[INFO ][2016-01-20 17:04:38,253][com.java.TemplateGenerator] [  302] - Executed:2
[INFO ][2016-01-20 17:04:38,253][com.java.TemplateGenerator] [  303] - Passed:1
[INFO ][2016-01-20 17:04:38,253][com.java.TemplateGenerator] [  304] - Failed:1
[INFO ][2016-01-20 17:04:38,253][com.java.TemplateGenerator] [  305] - Skipeed:0
[INFO ][2016-01-20 17:04:38,253][com.java.TemplateGenerator] [  306] - Application URL:https://clients-xuat.bankersdashboard.com
[INFO ][2016-01-20 17:04:38,253][com.java.TemplateGenerator] [  307] - Start Time:012016_170042
[INFO ][2016-01-20 17:04:38,253][com.java.TemplateGenerator] [  308] -  Creating HTML Report 
[ERROR][2016-01-20 17:04:38,253][com.java.TemplateGenerator] [  409] - Unparseable date: "Wed Jan 20 05:00:42 IST 2016"
[INFO ][2016-01-20 17:04:38,253][com.java.TemplateGenerator] [  654] -  Exporting case :: 1
[INFO ][2016-01-20 17:04:38,253][com.java.TemplateGenerator] [  654] -  Exporting case :: 6
[INFO ][2016-01-20 17:04:38,253][com.java.SeleniumDriver] [ 1429] - End Time:012016_170438
[INFO ][2016-01-20 17:04:38,253][com.java.SeleniumDriver] [ 1432] - Data in Test Execution Details:{1=PASS, 6=FAILTest case failed at Step No. :: 38   Error Message ::  }
[INFO ][2016-01-20 17:04:38,253][com.java.SeleniumDriver] [ 1433] - Data in Failed Execution Deatils:{}
[INFO ][2016-01-20 17:04:38,253][com.java.SeleniumDriver] [ 1435] - ReportCounter:Total:2 :: PASS: 1 ::FAIL: 1
[INFO ][2016-01-20 17:04:38,253][com.java.SeleniumDriver] [ 1436] - FailedReportCounter:Total:0 :: PASS: 0 ::FAIL: 0
[INFO ][2016-01-20 17:04:38,254][com.java.EmailTestReport] [   63] - Sending report mail details:
[INFO ][2016-01-20 17:04:38,254][com.java.EmailTestReport] [   80] - Excel Report Path:D:\BankersDashboard/TestReports/Test Results_BankersDashBoard_012016_170042_IE10_Any Bank USA.xls
[INFO ][2016-01-20 17:04:38,254][com.java.EmailTestReport] [   81] - HTML Report Path:D:\BankersDashboard//TestReports//Test Results_BankersDashBoard_012016_170042_IE10_Any Bank USA.html
[INFO ][2016-01-20 17:04:38,254][com.java.EmailTestReport] [   82] - smtpHostName:mail01.valuelabs.com
[INFO ][2016-01-20 17:04:38,254][com.java.EmailTestReport] [   83] - Recipient:venkateswararao.gubbala@valuelabs.com;
[INFO ][2016-01-20 17:04:38,254][com.java.EmailTestReport] [   84] - From:venkateswararao.gubbala@valuelabs.com;
[INFO ][2016-01-20 17:04:38,254][com.java.EmailTestReport] [   85] - Subject:Deluxe Corp Bankers Dashboard Automation Test Report - Any Bank USA - IE10
[INFO ][2016-01-20 17:04:38,284][com.java.EmailTestReport] [  143] -  Added venkateswararao.gubbala@valuelabs.com
[INFO ][2016-01-20 17:04:41,399][com.java.SeleniumDriver] [  722] - quitting the browser 
[INFO ][2016-01-20 17:04:42,641][com.java.SeleniumDriver] [  264] - Execution Completed Stopping the thread
