[INFO ][2016-01-20 14:50:28,526][com.java.SeleniumDriver] [  213] - Execute Failed Casesfalse
[INFO ][2016-01-20 14:50:28,526][com.java.SeleniumDriver] [  214] - Browser: IE10
[INFO ][2016-01-20 14:50:28,526][com.java.SeleniumDriver] [  215] - [1, 6]
[INFO ][2016-01-20 14:50:28,526][com.java.SeleniumDriver] [  216] - Total TestCases:2
[INFO ][2016-01-20 14:50:28,526][com.java.SeleniumDriver] [  217] -  Reading Properties from Property File 
[DEBUG][2016-01-20 14:50:28,526][com.java.SeleniumDriver] [  238] - url : https://clients-xuat.bankersdashboard.com
[INFO ][2016-01-20 14:50:28,526][com.java.ImportnExport.ExportTestResultsExcel] [  116] - Time Stamp Wed Jan 20 02:50:28 IST 2016
[INFO ][2016-01-20 14:50:28,526][com.java.ImportnExport.ExportTestResultsExcel] [  175] - OUT FILE : D:\BankersDashboard/TestReports/Test Results_BankersDashBoard_012016_145028_IE10_Any Bank USA.xls
[INFO ][2016-01-20 14:50:28,557][com.java.ImportnExport.ExportTestResultsExcel] [  180] - Test Result file is created
[DEBUG][2016-01-20 14:50:28,637][com.java.SeleniumDriver] [  426] - Hub ip address is-------172.17.68.34
[INFO ][2016-01-20 14:50:28,637][com.java.SeleniumDriver] [  452] - Grid URL:http://172.17.68.34:4444/wd/hub
[INFO ][2016-01-20 14:50:28,637][com.java.SeleniumDriver] [  453] - Capability:Capabilities [{platform=ANY, ensureCleanSession=true, ignoreProtectedModeSettings=true, acceptSslCerts=true, ignoreZoomSetting=true, browserName=internet explorer, browserstack.ie.noFlash=true, version=null}]
[ERROR][2016-01-20 14:50:29,943][com.java.SeleniumDriver] [  498] - Unable invoke browser in grid:Could not start a new session. Possible causes are invalid address of the remote server or browser start-up failure.
Build info: version: '2.48.2', revision: '41bccdd', time: '2015-10-09 19:59:12'
System info: host: 'FVTIII438F1D', ip: '172.17.68.34', os.name: 'Windows 7', os.arch: 'x86', os.version: '6.1', java.version: '1.7.0_55'
Driver info: driver.version: SeleniumDriver
[INFO ][2016-01-20 14:50:29,943][com.java.SeleniumDriver] [  500] - Executing on local machine
[INFO ][2016-01-20 14:50:40,452][com.java.SeleniumDriver] [  248] - IE10is opened
[INFO ][2016-01-20 14:50:41,294][com.java.SeleniumDriver] [  756] - Test cases to be executed are: [1, 6]
[INFO ][2016-01-20 14:50:41,318][com.java.ImportnExport.ImportTestDataDetailsExcel] [   49] - test data details path===== D:\BankersDashboard\TestInputs\TestData.xls
[INFO ][2016-01-20 14:50:41,377][com.java.SeleniumDriver] [  856] - ------------------------------------------
[INFO ][2016-01-20 14:50:41,377][com.java.SeleniumDriver] [  857] - Test case being Executed: 1
[INFO ][2016-01-20 14:50:41,377][com.java.SeleniumDriver] [  869] - Test step:1
[INFO ][2016-01-20 14:50:41,378][com.java.SeleniumDriver] [  881] - Datavalue is----------Concept#1:1-14
[INFO ][2016-01-20 14:50:41,378][com.java.SeleniumDriver] [  905] - DataField : test
[INFO ][2016-01-20 14:50:41,378][com.java.SeleniumDriver] [  907] - DataValue : Concept#1:1-14
[INFO ][2016-01-20 14:50:41,378][com.java.SeleniumDriver] [  913] - <In Set values of the page>
[INFO ][2016-01-20 14:50:41,378][com.java.SeleniumDriver] [  916] - {Data Fields & Data Values Exist}
[INFO ][2016-01-20 14:50:41,378][com.java.SeleniumDriver] [  918] - --------------------------setting values-----------------------------
[INFO ][2016-01-20 14:50:41,378][com.java.SeleniumDriver] [  921] - Action Type : ExecuteTestCase
[INFO ][2016-01-20 14:50:41,400][com.java.TestType] [  443] - The Concept sheet name is ---------- Concept
[INFO ][2016-01-20 14:50:41,400][com.java.TestType] [  446] - The Concept ID  is ---------- 1
[DEBUG][2016-01-20 14:50:41,400][com.java.TestType] [  450] - Steps being executted in the Concept are: 1:14
[INFO ][2016-01-20 14:50:41,401][com.java.TestType] [  457] - Test data details path ---------- D:\BankersDashboard\TestInputs\TestData.xls
[INFO ][2016-01-20 14:50:41,408][com.java.TestType] [  488] -  str(1) = 1
[INFO ][2016-01-20 14:50:41,409][com.java.TestType] [  491] - Test case Id is---1
[INFO ][2016-01-20 14:50:41,409][com.java.TestType] [  493] - 1
[INFO ][2016-01-20 14:50:41,409][com.java.TestType] [  488] -  str(2) = 1
[INFO ][2016-01-20 14:50:41,409][com.java.TestType] [  488] -  str(1) = 1
[INFO ][2016-01-20 14:50:41,410][com.java.TestType] [  491] - Test case Id is---1
[INFO ][2016-01-20 14:50:41,410][com.java.TestType] [  493] - 1
[INFO ][2016-01-20 14:50:41,410][com.java.TestType] [  488] -  str(2) = 2
[INFO ][2016-01-20 14:50:41,410][com.java.TestType] [  488] -  str(1) = 1
[INFO ][2016-01-20 14:50:41,410][com.java.TestType] [  491] - Test case Id is---1
[INFO ][2016-01-20 14:50:41,410][com.java.TestType] [  493] - 1
[INFO ][2016-01-20 14:50:41,412][com.java.TestType] [  488] -  str(2) = 3
[INFO ][2016-01-20 14:50:41,412][com.java.TestType] [  488] -  str(1) = 1
[INFO ][2016-01-20 14:50:41,412][com.java.TestType] [  491] - Test case Id is---1
[INFO ][2016-01-20 14:50:41,412][com.java.TestType] [  493] - 1
[INFO ][2016-01-20 14:50:41,413][com.java.TestType] [  488] -  str(2) = 4
[INFO ][2016-01-20 14:50:41,413][com.java.TestType] [  488] -  str(1) = 1
[INFO ][2016-01-20 14:50:41,413][com.java.TestType] [  491] - Test case Id is---1
[INFO ][2016-01-20 14:50:41,413][com.java.TestType] [  493] - 1
[INFO ][2016-01-20 14:50:41,413][com.java.TestType] [  488] -  str(2) = 5
[INFO ][2016-01-20 14:50:41,413][com.java.TestType] [  488] -  str(1) = 1
[INFO ][2016-01-20 14:50:41,413][com.java.TestType] [  491] - Test case Id is---1
[INFO ][2016-01-20 14:50:41,414][com.java.TestType] [  493] - 1
[INFO ][2016-01-20 14:50:41,414][com.java.TestType] [  488] -  str(2) = 6
[INFO ][2016-01-20 14:50:41,414][com.java.TestType] [  488] -  str(1) = 1
[INFO ][2016-01-20 14:50:41,414][com.java.TestType] [  491] - Test case Id is---1
[INFO ][2016-01-20 14:50:41,414][com.java.TestType] [  493] - 1
[INFO ][2016-01-20 14:50:41,415][com.java.TestType] [  488] -  str(2) = 7
[INFO ][2016-01-20 14:50:41,415][com.java.TestType] [  488] -  str(1) = 1
[INFO ][2016-01-20 14:50:41,415][com.java.TestType] [  491] - Test case Id is---1
[INFO ][2016-01-20 14:50:41,415][com.java.TestType] [  493] - 1
[INFO ][2016-01-20 14:50:41,415][com.java.TestType] [  488] -  str(2) = 8
[INFO ][2016-01-20 14:50:41,415][com.java.TestType] [  488] -  str(1) = 1
[INFO ][2016-01-20 14:50:41,415][com.java.TestType] [  491] - Test case Id is---1
[INFO ][2016-01-20 14:50:41,415][com.java.TestType] [  493] - 1
[INFO ][2016-01-20 14:50:41,416][com.java.TestType] [  488] -  str(2) = 9
[INFO ][2016-01-20 14:50:41,416][com.java.TestType] [  488] -  str(1) = 1
[INFO ][2016-01-20 14:50:41,416][com.java.TestType] [  491] - Test case Id is---1
[INFO ][2016-01-20 14:50:41,416][com.java.TestType] [  493] - 1
[INFO ][2016-01-20 14:50:41,416][com.java.TestType] [  488] -  str(2) = 10
[INFO ][2016-01-20 14:50:41,416][com.java.TestType] [  488] -  str(1) = 1
[INFO ][2016-01-20 14:50:41,416][com.java.TestType] [  491] - Test case Id is---1
[INFO ][2016-01-20 14:50:41,416][com.java.TestType] [  493] - 1
[INFO ][2016-01-20 14:50:41,417][com.java.TestType] [  488] -  str(2) = 11
[INFO ][2016-01-20 14:50:41,417][com.java.TestType] [  488] -  str(1) = 1
[INFO ][2016-01-20 14:50:41,417][com.java.TestType] [  491] - Test case Id is---1
[INFO ][2016-01-20 14:50:41,417][com.java.TestType] [  493] - 1
[INFO ][2016-01-20 14:50:41,417][com.java.TestType] [  488] -  str(2) = 12
[INFO ][2016-01-20 14:50:41,417][com.java.TestType] [  488] -  str(1) = 1
[INFO ][2016-01-20 14:50:41,417][com.java.TestType] [  491] - Test case Id is---1
[INFO ][2016-01-20 14:50:41,417][com.java.TestType] [  493] - 1
[INFO ][2016-01-20 14:50:41,418][com.java.TestType] [  488] -  str(2) = 13
[INFO ][2016-01-20 14:50:41,418][com.java.TestType] [  488] -  str(1) = 1
[INFO ][2016-01-20 14:50:41,418][com.java.TestType] [  491] - Test case Id is---1
[INFO ][2016-01-20 14:50:41,418][com.java.TestType] [  493] - 1
[INFO ][2016-01-20 14:50:41,418][com.java.TestType] [  488] -  str(2) = 14
[INFO ][2016-01-20 14:50:41,418][com.java.TestType] [  488] -  str(1) = 1
[INFO ][2016-01-20 14:50:41,418][com.java.TestType] [  491] - Test case Id is---1
[INFO ][2016-01-20 14:50:41,419][com.java.TestType] [  493] - 1
[INFO ][2016-01-20 14:50:41,419][com.java.TestType] [  488] -  str(2) = 15
[INFO ][2016-01-20 14:50:41,419][com.java.TestType] [  488] -  str(1) = 1
[INFO ][2016-01-20 14:50:41,419][com.java.TestType] [  491] - Test case Id is---1
[INFO ][2016-01-20 14:50:41,419][com.java.TestType] [  493] - 1
[INFO ][2016-01-20 14:50:41,419][com.java.TestType] [  488] -  str(2) = 16
[INFO ][2016-01-20 14:50:41,419][com.java.TestType] [11384] - Looping 1TCID = 1
[DEBUG][2016-01-20 14:50:41,419][com.java.TestType] [11425] - Concept ID:1 :: Step being Executed: 1::1
[INFO ][2016-01-20 14:50:41,420][com.java.TestType] [11463] - dataFields : TXTusername
[DEBUG][2016-01-20 14:50:41,420][com.java.TestType] [11469] - <In Set values of the page>
[DEBUG][2016-01-20 14:50:41,420][com.java.TestType] [11474] - {Data Fields & Data Values Exist}
[INFO ][2016-01-20 14:50:41,420][com.java.TestType] [11480] - --------------------------setting values-----------------------------
[INFO ][2016-01-20 14:50:41,422][com.java.TestType] [11483] - Action Type : CLEARANDENTER
[INFO ][2016-01-20 14:50:43,719][com.java.TestType] [ 6202] - value = naresh.nayini.00000
[INFO ][2016-01-20 14:50:46,103][com.java.TestType] [11502] -  RESULT true
[INFO ][2016-01-20 14:50:46,103][com.java.TestType] [11619] - ?   P A S S   ?
[DEBUG][2016-01-20 14:50:46,103][com.java.TestType] [11425] - Concept ID:1 :: Step being Executed: 1::2
[INFO ][2016-01-20 14:50:46,104][com.java.TestType] [11463] - dataFields : TXTpassword
[DEBUG][2016-01-20 14:50:46,104][com.java.TestType] [11469] - <In Set values of the page>
[DEBUG][2016-01-20 14:50:46,104][com.java.TestType] [11474] - {Data Fields & Data Values Exist}
[INFO ][2016-01-20 14:50:46,104][com.java.TestType] [11480] - --------------------------setting values-----------------------------
[INFO ][2016-01-20 14:50:46,104][com.java.TestType] [11483] - Action Type : CLEARANDENTER
[INFO ][2016-01-20 14:50:48,353][com.java.TestType] [ 6202] - value = Password1*
[INFO ][2016-01-20 14:50:50,887][com.java.TestType] [11502] -  RESULT true
[INFO ][2016-01-20 14:50:50,887][com.java.TestType] [11619] - ?   P A S S   ?
[DEBUG][2016-01-20 14:50:50,888][com.java.TestType] [11425] - Concept ID:1 :: Step being Executed: 1::3
[ERROR][2016-01-20 14:50:50,888][com.java.TestType] [11458] - Exception: null
[INFO ][2016-01-20 14:50:50,888][com.java.TestType] [11463] - dataFields : XPH//button[@type='submit']
[DEBUG][2016-01-20 14:50:50,888][com.java.TestType] [11469] - <In Set values of the page>
[DEBUG][2016-01-20 14:50:50,888][com.java.TestType] [11474] - {Data Fields & Data Values Exist}
[INFO ][2016-01-20 14:50:50,888][com.java.TestType] [11480] - --------------------------setting values-----------------------------
[INFO ][2016-01-20 14:50:50,888][com.java.TestType] [11483] - Action Type : Click
[INFO ][2016-01-20 14:50:50,888][com.java.TestType] [ 6581] - Field ::XPH//button[@type='submit']
[INFO ][2016-01-20 14:50:50,888][com.java.TestType] [ 6202] - value = 
[INFO ][2016-01-20 14:50:51,889][com.java.TestType] [ 6725] - BEFORE CLICK
[INFO ][2016-01-20 14:50:52,710][com.java.TestType] [ 6733] - Unable to click the object Login
[INFO ][2016-01-20 14:50:52,710][com.java.TestType] [11502] -  RESULT true
[INFO ][2016-01-20 14:50:52,710][com.java.TestType] [11619] - ?   P A S S   ?
[DEBUG][2016-01-20 14:50:52,710][com.java.TestType] [11425] - Concept ID:1 :: Step being Executed: 1::4
[INFO ][2016-01-20 14:50:52,710][com.java.TestType] [11463] - dataFields : LNKLogout
[DEBUG][2016-01-20 14:50:52,710][com.java.TestType] [11469] - <In Set values of the page>
[DEBUG][2016-01-20 14:50:52,710][com.java.TestType] [11474] - {Data Fields & Data Values Exist}
[INFO ][2016-01-20 14:50:52,710][com.java.TestType] [11480] - --------------------------setting values-----------------------------
[INFO ][2016-01-20 14:50:52,710][com.java.TestType] [11483] - Action Type : WaitForElement
[INFO ][2016-01-20 14:51:28,886][com.java.TestType] [11502] -  RESULT true
[INFO ][2016-01-20 14:51:28,886][com.java.TestType] [11619] - ?   P A S S   ?
[INFO ][2016-01-20 14:51:28,886][com.java.TestType] [11690] - Looping End......
[INFO ][2016-01-20 14:51:28,887][com.java.SeleniumDriver] [  930] -  RESULT true
[INFO ][2016-01-20 14:51:28,887][com.java.SeleniumDriver] [ 1136] - ?   P A S S   ?
[INFO ][2016-01-20 14:51:28,888][com.java.SeleniumDriver] [  856] - ------------------------------------------
[INFO ][2016-01-20 14:51:28,888][com.java.SeleniumDriver] [  857] - Test case being Executed: 1
[INFO ][2016-01-20 14:51:28,888][com.java.SeleniumDriver] [  869] - Test step:2
[INFO ][2016-01-20 14:51:28,888][com.java.SeleniumDriver] [  881] - Datavalue is----------Concept#2:1-2
[INFO ][2016-01-20 14:51:28,888][com.java.SeleniumDriver] [  905] - DataField : test
[INFO ][2016-01-20 14:51:28,888][com.java.SeleniumDriver] [  907] - DataValue : Concept#2:1-2
[INFO ][2016-01-20 14:51:28,888][com.java.SeleniumDriver] [  913] - <In Set values of the page>
[INFO ][2016-01-20 14:51:28,888][com.java.SeleniumDriver] [  916] - {Data Fields & Data Values Exist}
[INFO ][2016-01-20 14:51:28,888][com.java.SeleniumDriver] [  918] - --------------------------setting values-----------------------------
[INFO ][2016-01-20 14:51:28,888][com.java.SeleniumDriver] [  921] - Action Type : ExecuteTestCase
[INFO ][2016-01-20 14:51:28,888][com.java.TestType] [  443] - The Concept sheet name is ---------- Concept
[INFO ][2016-01-20 14:51:28,888][com.java.TestType] [  446] - The Concept ID  is ---------- 2
[DEBUG][2016-01-20 14:51:28,888][com.java.TestType] [  450] - Steps being executted in the Concept are: 1:2
[INFO ][2016-01-20 14:51:28,889][com.java.TestType] [  457] - Test data details path ---------- D:\BankersDashboard\TestInputs\TestData.xls
[INFO ][2016-01-20 14:51:28,895][com.java.TestType] [  488] -  str(1) = 2
[INFO ][2016-01-20 14:51:28,895][com.java.TestType] [  491] - Test case Id is---2
[INFO ][2016-01-20 14:51:28,895][com.java.TestType] [  493] - 2
[INFO ][2016-01-20 14:51:28,895][com.java.TestType] [  488] -  str(2) = 1
[INFO ][2016-01-20 14:51:28,896][com.java.TestType] [  488] -  str(1) = 2
[INFO ][2016-01-20 14:51:28,896][com.java.TestType] [  491] - Test case Id is---2
[INFO ][2016-01-20 14:51:28,896][com.java.TestType] [  493] - 2
[INFO ][2016-01-20 14:51:28,896][com.java.TestType] [  488] -  str(2) = 2
[INFO ][2016-01-20 14:51:28,896][com.java.TestType] [  488] -  str(1) = 2
[INFO ][2016-01-20 14:51:28,896][com.java.TestType] [  491] - Test case Id is---2
[INFO ][2016-01-20 14:51:28,896][com.java.TestType] [  493] - 2
[INFO ][2016-01-20 14:51:28,896][com.java.TestType] [  488] -  str(2) = 3
[INFO ][2016-01-20 14:51:28,896][com.java.TestType] [11384] - Looping 1TCID = 2
[DEBUG][2016-01-20 14:51:28,897][com.java.TestType] [11425] - Concept ID:2 :: Step being Executed: 2::1
[INFO ][2016-01-20 14:51:28,897][com.java.TestType] [11463] - dataFields : BNK//select[@id='bank']
[DEBUG][2016-01-20 14:51:28,897][com.java.TestType] [11469] - <In Set values of the page>
[DEBUG][2016-01-20 14:51:28,897][com.java.TestType] [11474] - {Data Fields & Data Values Exist}
[INFO ][2016-01-20 14:51:28,897][com.java.TestType] [11480] - --------------------------setting values-----------------------------
[INFO ][2016-01-20 14:51:28,897][com.java.TestType] [11483] - Action Type : Select
[INFO ][2016-01-20 14:51:28,897][com.java.TestType] [ 6202] - value = PFC
[INFO ][2016-01-20 14:51:29,139][com.java.TestType] [11502] -  RESULT true
[INFO ][2016-01-20 14:51:29,139][com.java.TestType] [11619] - ?   P A S S   ?
[DEBUG][2016-01-20 14:51:29,139][com.java.TestType] [11425] - Concept ID:2 :: Step being Executed: 2::2
[INFO ][2016-01-20 14:51:29,139][com.java.TestType] [11463] - dataFields : LNKLogout
[DEBUG][2016-01-20 14:51:29,140][com.java.TestType] [11469] - <In Set values of the page>
[DEBUG][2016-01-20 14:51:29,140][com.java.TestType] [11474] - {Data Fields & Data Values Exist}
[INFO ][2016-01-20 14:51:29,140][com.java.TestType] [11480] - --------------------------setting values-----------------------------
[INFO ][2016-01-20 14:51:29,140][com.java.TestType] [11483] - Action Type : WaitTime
[DEBUG][2016-01-20 14:51:29,140][com.java.TestType] [ 6016] - sleepTime: 5000
[INFO ][2016-01-20 14:51:34,140][com.java.TestType] [11502] -  RESULT true
[INFO ][2016-01-20 14:51:34,140][com.java.TestType] [11619] - ?   P A S S   ?
[INFO ][2016-01-20 14:51:34,140][com.java.TestType] [11690] - Looping End......
[INFO ][2016-01-20 14:51:34,141][com.java.SeleniumDriver] [  930] -  RESULT true
[INFO ][2016-01-20 14:51:34,141][com.java.SeleniumDriver] [ 1136] - ?   P A S S   ?
[INFO ][2016-01-20 14:51:34,141][com.java.SeleniumDriver] [  856] - ------------------------------------------
[INFO ][2016-01-20 14:51:34,141][com.java.SeleniumDriver] [  857] - Test case being Executed: 1
[INFO ][2016-01-20 14:51:34,141][com.java.SeleniumDriver] [  869] - Test step:3
[INFO ][2016-01-20 14:51:34,141][com.java.SeleniumDriver] [  881] - Datavalue is----------2
[INFO ][2016-01-20 14:51:34,141][com.java.SeleniumDriver] [  905] - DataField : XPH//button[contains(text(),'Add Content')]
[INFO ][2016-01-20 14:51:34,141][com.java.SeleniumDriver] [  907] - DataValue : 2
[INFO ][2016-01-20 14:51:34,141][com.java.SeleniumDriver] [  913] - <In Set values of the page>
[INFO ][2016-01-20 14:51:34,142][com.java.SeleniumDriver] [  916] - {Data Fields & Data Values Exist}
[INFO ][2016-01-20 14:51:34,142][com.java.SeleniumDriver] [  918] - --------------------------setting values-----------------------------
[INFO ][2016-01-20 14:51:34,142][com.java.SeleniumDriver] [  921] - Action Type : WAITFORELEMENT
[INFO ][2016-01-20 14:51:34,180][com.java.SeleniumDriver] [  930] -  RESULT true
[INFO ][2016-01-20 14:51:34,180][com.java.SeleniumDriver] [ 1136] - ?   P A S S   ?
[DEBUG][2016-01-20 14:51:34,180][com.java.SeleniumDriver] [ 1248] - Case found
[DEBUG][2016-01-20 14:51:34,180][com.java.SeleniumDriver] [ 1253] - Incrementing ReportCounters[0]:1
[INFO ][2016-01-20 14:51:34,180][com.java.SeleniumDriver] [ 1272] - The results are-------------------[1, 1, Valid Login, Pass, , Wed Jan 20 14:51:28 IST 2016, 1, 2, Valid Login, Pass, , Wed Jan 20 14:51:34 IST 2016, 1, 3, Valid Login, Pass, , Wed Jan 20 14:51:34 IST 2016]
[INFO ][2016-01-20 14:51:34,180][com.java.SeleniumDriver] [ 1276] - End time is-------1 min 7 sec
[INFO ][2016-01-20 14:51:34,181][com.java.SeleniumDriver] [ 1277] - The results are-------------------[1, 1, Valid Login, Pass, , Wed Jan 20 14:51:28 IST 2016, 1, 2, Valid Login, Pass, , Wed Jan 20 14:51:34 IST 2016, 1, 3, Valid Login, Pass, , Wed Jan 20 14:51:34 IST 2016]
[DEBUG][2016-01-20 14:51:34,181][com.java.ImportnExport.ExportTestResultsExcel] [  222] - testResultPath = D:\BankersDashboard/TestReports/Test Results_BankersDashBoard_012016_145028_IE10_Any Bank USA.xls
[DEBUG][2016-01-20 14:51:34,181][com.java.ImportnExport.ExportTestResultsExcel] [  223] - browser is------------IE10
[DEBUG][2016-01-20 14:51:34,225][com.java.ImportnExport.ExportTestResultsExcel] [  270] - result.size() = 18
[DEBUG][2016-01-20 14:51:34,225][com.java.ImportnExport.ExportTestResultsExcel] [  274] - No of rows in sheet=1
[DEBUG][2016-01-20 14:51:34,225][com.java.ImportnExport.ExportTestResultsExcel] [  301] - ..in export..1
[DEBUG][2016-01-20 14:51:34,225][com.java.ImportnExport.ExportTestResultsExcel] [  301] - ..in export..Valid Login
[DEBUG][2016-01-20 14:51:34,226][com.java.ImportnExport.ExportTestResultsExcel] [  301] - ..in export..Pass
[DEBUG][2016-01-20 14:51:34,226][com.java.ImportnExport.ExportTestResultsExcel] [  301] - ..in export..
[DEBUG][2016-01-20 14:51:34,226][com.java.ImportnExport.ExportTestResultsExcel] [  301] - ..in export..Wed Jan 20 14:51:28 IST 2016
[INFO ][2016-01-20 14:51:34,227][com.java.SeleniumDriver] [ 1337] - out loop:0 size:2 TestCases:[1, 6] testcases:[1, 6]
[INFO ][2016-01-20 14:51:34,227][com.java.ImportnExport.ImportTestDataDetailsExcel] [   49] - test data details path===== D:\BankersDashboard\TestInputs\TestData.xls
[INFO ][2016-01-20 14:51:49,373][com.java.SeleniumDriver] [  856] - ------------------------------------------
[INFO ][2016-01-20 14:51:49,373][com.java.SeleniumDriver] [  857] - Test case being Executed: 6
[INFO ][2016-01-20 14:51:49,373][com.java.SeleniumDriver] [  869] - Test step:1
[INFO ][2016-01-20 14:51:49,373][com.java.SeleniumDriver] [  881] - Datavalue is----------Logout
[INFO ][2016-01-20 14:51:49,373][com.java.SeleniumDriver] [  905] - DataField : BTN
[INFO ][2016-01-20 14:51:49,373][com.java.SeleniumDriver] [  907] - DataValue : Logout
[INFO ][2016-01-20 14:51:49,373][com.java.SeleniumDriver] [  913] - <In Set values of the page>
[INFO ][2016-01-20 14:51:49,373][com.java.SeleniumDriver] [  916] - {Data Fields & Data Values Exist}
[INFO ][2016-01-20 14:51:49,373][com.java.SeleniumDriver] [  918] - --------------------------setting values-----------------------------
[INFO ][2016-01-20 14:51:49,373][com.java.SeleniumDriver] [  921] - Action Type : Verify
[INFO ][2016-01-20 14:51:49,373][com.java.TestType] [ 7717] - field= BTN value= Logout
[INFO ][2016-01-20 14:51:49,375][com.java.TestType] [ 6202] - value = Logout
[INFO ][2016-01-20 14:51:49,451][com.java.SeleniumDriver] [  930] -  RESULT true
[INFO ][2016-01-20 14:51:49,451][com.java.SeleniumDriver] [ 1136] - ?   P A S S   ?
[INFO ][2016-01-20 14:51:49,451][com.java.SeleniumDriver] [ 1178] - step change to 3
[INFO ][2016-01-20 14:51:49,451][com.java.SeleniumDriver] [  856] - ------------------------------------------
[INFO ][2016-01-20 14:51:49,451][com.java.SeleniumDriver] [  857] - Test case being Executed: 6
[INFO ][2016-01-20 14:51:49,451][com.java.SeleniumDriver] [  869] - Test step:3
[INFO ][2016-01-20 14:51:49,451][com.java.SeleniumDriver] [  881] - Datavalue is----------Concept#2:1-2
[INFO ][2016-01-20 14:51:49,452][com.java.SeleniumDriver] [  905] - DataField : test
[INFO ][2016-01-20 14:51:49,452][com.java.SeleniumDriver] [  907] - DataValue : Concept#2:1-2
[INFO ][2016-01-20 14:51:49,452][com.java.SeleniumDriver] [  913] - <In Set values of the page>
[INFO ][2016-01-20 14:51:49,452][com.java.SeleniumDriver] [  916] - {Data Fields & Data Values Exist}
[INFO ][2016-01-20 14:51:49,452][com.java.SeleniumDriver] [  918] - --------------------------setting values-----------------------------
[INFO ][2016-01-20 14:51:49,452][com.java.SeleniumDriver] [  921] - Action Type : ExecuteTestCase
[INFO ][2016-01-20 14:51:49,452][com.java.TestType] [  443] - The Concept sheet name is ---------- Concept
[INFO ][2016-01-20 14:51:49,452][com.java.TestType] [  446] - The Concept ID  is ---------- 2
[DEBUG][2016-01-20 14:51:49,452][com.java.TestType] [  450] - Steps being executted in the Concept are: 1:2
[INFO ][2016-01-20 14:51:49,452][com.java.TestType] [  457] - Test data details path ---------- D:\BankersDashboard\TestInputs\TestData.xls
[INFO ][2016-01-20 14:51:49,457][com.java.TestType] [  488] -  str(1) = 2
[INFO ][2016-01-20 14:51:49,457][com.java.TestType] [  491] - Test case Id is---2
[INFO ][2016-01-20 14:51:49,457][com.java.TestType] [  493] - 2
[INFO ][2016-01-20 14:51:49,457][com.java.TestType] [  488] -  str(2) = 1
[INFO ][2016-01-20 14:51:49,458][com.java.TestType] [  488] -  str(1) = 2
[INFO ][2016-01-20 14:51:49,458][com.java.TestType] [  491] - Test case Id is---2
[INFO ][2016-01-20 14:51:49,458][com.java.TestType] [  493] - 2
[INFO ][2016-01-20 14:51:49,458][com.java.TestType] [  488] -  str(2) = 2
[INFO ][2016-01-20 14:51:49,458][com.java.TestType] [  488] -  str(1) = 2
[INFO ][2016-01-20 14:51:49,458][com.java.TestType] [  491] - Test case Id is---2
[INFO ][2016-01-20 14:51:49,458][com.java.TestType] [  493] - 2
[INFO ][2016-01-20 14:51:49,458][com.java.TestType] [  488] -  str(2) = 3
[INFO ][2016-01-20 14:51:49,458][com.java.TestType] [11384] - Looping 1TCID = 2
[DEBUG][2016-01-20 14:51:49,459][com.java.TestType] [11425] - Concept ID:2 :: Step being Executed: 2::1
[INFO ][2016-01-20 14:51:49,459][com.java.TestType] [11463] - dataFields : BNK//select[@id='bank']
[DEBUG][2016-01-20 14:51:49,459][com.java.TestType] [11469] - <In Set values of the page>
[DEBUG][2016-01-20 14:51:49,459][com.java.TestType] [11474] - {Data Fields & Data Values Exist}
[INFO ][2016-01-20 14:51:49,459][com.java.TestType] [11480] - --------------------------setting values-----------------------------
[INFO ][2016-01-20 14:51:49,459][com.java.TestType] [11483] - Action Type : Select
[INFO ][2016-01-20 14:51:49,459][com.java.TestType] [ 6202] - value = PFC
[INFO ][2016-01-20 14:51:49,673][com.java.TestType] [11502] -  RESULT true
[INFO ][2016-01-20 14:51:49,673][com.java.TestType] [11619] - ?   P A S S   ?
[DEBUG][2016-01-20 14:51:49,673][com.java.TestType] [11425] - Concept ID:2 :: Step being Executed: 2::2
[INFO ][2016-01-20 14:51:49,673][com.java.TestType] [11463] - dataFields : LNKLogout
[DEBUG][2016-01-20 14:51:49,673][com.java.TestType] [11469] - <In Set values of the page>
[DEBUG][2016-01-20 14:51:49,673][com.java.TestType] [11474] - {Data Fields & Data Values Exist}
[INFO ][2016-01-20 14:51:49,673][com.java.TestType] [11480] - --------------------------setting values-----------------------------
[INFO ][2016-01-20 14:51:49,673][com.java.TestType] [11483] - Action Type : WaitTime
[DEBUG][2016-01-20 14:51:49,674][com.java.TestType] [ 6016] - sleepTime: 5000
[INFO ][2016-01-20 14:51:54,674][com.java.TestType] [11502] -  RESULT true
[INFO ][2016-01-20 14:51:54,674][com.java.TestType] [11619] - ?   P A S S   ?
[INFO ][2016-01-20 14:51:54,674][com.java.TestType] [11690] - Looping End......
[INFO ][2016-01-20 14:51:54,675][com.java.SeleniumDriver] [  930] -  RESULT true
[INFO ][2016-01-20 14:51:54,675][com.java.SeleniumDriver] [ 1136] - ?   P A S S   ?
[INFO ][2016-01-20 14:51:54,675][com.java.SeleniumDriver] [  856] - ------------------------------------------
[INFO ][2016-01-20 14:51:54,675][com.java.SeleniumDriver] [  857] - Test case being Executed: 6
[INFO ][2016-01-20 14:51:54,675][com.java.SeleniumDriver] [  869] - Test step:4
[INFO ][2016-01-20 14:51:54,675][com.java.SeleniumDriver] [  881] - Datavalue is----------null
[DEBUG][2016-01-20 14:51:54,676][com.java.SeleniumDriver] [  899] - Exception: null
[INFO ][2016-01-20 14:51:54,676][com.java.SeleniumDriver] [  905] - DataField : //span[@class='icon-bars2']&&//a[@data-id='ManageExisting']
[INFO ][2016-01-20 14:51:54,676][com.java.SeleniumDriver] [  907] - DataValue : 
[INFO ][2016-01-20 14:51:54,676][com.java.SeleniumDriver] [  913] - <In Set values of the page>
[INFO ][2016-01-20 14:51:54,676][com.java.SeleniumDriver] [  916] - {Data Fields & Data Values Exist}
[INFO ][2016-01-20 14:51:54,676][com.java.SeleniumDriver] [  918] - --------------------------setting values-----------------------------
[INFO ][2016-01-20 14:51:54,676][com.java.SeleniumDriver] [  921] - Action Type : MOUSEOVER
[INFO ][2016-01-20 14:52:18,328][com.java.SeleniumDriver] [  930] -  RESULT true
[INFO ][2016-01-20 14:52:18,328][com.java.SeleniumDriver] [ 1136] - ?   P A S S   ?
[INFO ][2016-01-20 14:52:18,328][com.java.SeleniumDriver] [  856] - ------------------------------------------
[INFO ][2016-01-20 14:52:18,328][com.java.SeleniumDriver] [  857] - Test case being Executed: 6
[INFO ][2016-01-20 14:52:18,328][com.java.SeleniumDriver] [  869] - Test step:5
[INFO ][2016-01-20 14:52:18,328][com.java.SeleniumDriver] [  881] - Datavalue is----------3
[INFO ][2016-01-20 14:52:18,328][com.java.SeleniumDriver] [  905] - DataField : BTNframeDialogContent
[INFO ][2016-01-20 14:52:18,328][com.java.SeleniumDriver] [  907] - DataValue : 3
[INFO ][2016-01-20 14:52:18,328][com.java.SeleniumDriver] [  913] - <In Set values of the page>
[INFO ][2016-01-20 14:52:18,328][com.java.SeleniumDriver] [  916] - {Data Fields & Data Values Exist}
[INFO ][2016-01-20 14:52:18,328][com.java.SeleniumDriver] [  918] - --------------------------setting values-----------------------------
[INFO ][2016-01-20 14:52:18,328][com.java.SeleniumDriver] [  921] - Action Type : WaitForElement
[INFO ][2016-01-20 14:52:19,552][com.java.SeleniumDriver] [  930] -  RESULT true
[INFO ][2016-01-20 14:52:19,552][com.java.SeleniumDriver] [ 1136] - ?   P A S S   ?
[INFO ][2016-01-20 14:52:19,552][com.java.SeleniumDriver] [  856] - ------------------------------------------
[INFO ][2016-01-20 14:52:19,552][com.java.SeleniumDriver] [  857] - Test case being Executed: 6
[INFO ][2016-01-20 14:52:19,552][com.java.SeleniumDriver] [  869] - Test step:6
[INFO ][2016-01-20 14:52:19,552][com.java.SeleniumDriver] [  881] - Datavalue is----------null
[DEBUG][2016-01-20 14:52:19,552][com.java.SeleniumDriver] [  899] - Exception: null
[INFO ][2016-01-20 14:52:19,552][com.java.SeleniumDriver] [  905] - DataField : BTNframeDialogContent
[INFO ][2016-01-20 14:52:19,552][com.java.SeleniumDriver] [  907] - DataValue : 
[INFO ][2016-01-20 14:52:19,552][com.java.SeleniumDriver] [  913] - <In Set values of the page>
[INFO ][2016-01-20 14:52:19,552][com.java.SeleniumDriver] [  916] - {Data Fields & Data Values Exist}
[INFO ][2016-01-20 14:52:19,552][com.java.SeleniumDriver] [  918] - --------------------------setting values-----------------------------
[INFO ][2016-01-20 14:52:19,553][com.java.SeleniumDriver] [  921] - Action Type : SELECTFRAME
[INFO ][2016-01-20 14:52:20,824][com.java.SeleniumDriver] [  930] -  RESULT true
[INFO ][2016-01-20 14:52:20,824][com.java.SeleniumDriver] [ 1136] - ?   P A S S   ?
[INFO ][2016-01-20 14:52:20,824][com.java.SeleniumDriver] [  856] - ------------------------------------------
[INFO ][2016-01-20 14:52:20,824][com.java.SeleniumDriver] [  857] - Test case being Executed: 6
[INFO ][2016-01-20 14:52:20,824][com.java.SeleniumDriver] [  869] - Test step:7
[INFO ][2016-01-20 14:52:20,824][com.java.SeleniumDriver] [  881] - Datavalue is----------HMVTotemPoleNameNew
[INFO ][2016-01-20 14:52:20,824][com.java.SeleniumDriver] [  905] - DataField : SLBddlTotemPoles
[INFO ][2016-01-20 14:52:20,824][com.java.SeleniumDriver] [  907] - DataValue : HMVTotemPoleNameNew
[INFO ][2016-01-20 14:52:20,824][com.java.SeleniumDriver] [  913] - <In Set values of the page>
[INFO ][2016-01-20 14:52:20,824][com.java.SeleniumDriver] [  916] - {Data Fields & Data Values Exist}
[INFO ][2016-01-20 14:52:20,825][com.java.SeleniumDriver] [  918] - --------------------------setting values-----------------------------
[INFO ][2016-01-20 14:52:20,825][com.java.SeleniumDriver] [  921] - Action Type : Select
[INFO ][2016-01-20 14:52:20,825][com.java.TestType] [ 6202] - value = null
[INFO ][2016-01-20 14:52:23,031][com.java.SeleniumDriver] [  930] -  RESULT false
[INFO ][2016-01-20 14:52:23,031][com.java.SeleniumDriver] [  977] - ?   F A I L   ?
[INFO ][2016-01-20 14:52:23,031][com.java.SeleniumDriver] [  985] - Browser Type : IE10
[INFO ][2016-01-20 14:52:23,031][com.java.SeleniumDriver] [  986] - Adding Failed case6
[DEBUG][2016-01-20 14:52:23,770][com.java.SeleniumDriver] [ 1054] -  tdd.getCondition() IF:9:Next
[INFO ][2016-01-20 14:52:23,770][com.java.SeleniumDriver] [ 1058] - Continue next step...
[INFO ][2016-01-20 14:52:23,770][com.java.SeleniumDriver] [  856] - ------------------------------------------
[INFO ][2016-01-20 14:52:23,770][com.java.SeleniumDriver] [  857] - Test case being Executed: 6
[INFO ][2016-01-20 14:52:23,770][com.java.SeleniumDriver] [  869] - Test step:8
[INFO ][2016-01-20 14:52:23,770][com.java.SeleniumDriver] [  881] - Datavalue is----------index:1
[INFO ][2016-01-20 14:52:23,770][com.java.SeleniumDriver] [  905] - DataField : COBddlTotemPoles
[INFO ][2016-01-20 14:52:23,770][com.java.SeleniumDriver] [  907] - DataValue : index:1
[INFO ][2016-01-20 14:52:23,770][com.java.SeleniumDriver] [  913] - <In Set values of the page>
[INFO ][2016-01-20 14:52:23,770][com.java.SeleniumDriver] [  916] - {Data Fields & Data Values Exist}
[INFO ][2016-01-20 14:52:23,770][com.java.SeleniumDriver] [  918] - --------------------------setting values-----------------------------
[INFO ][2016-01-20 14:52:23,770][com.java.SeleniumDriver] [  921] - Action Type : Select
[INFO ][2016-01-20 14:52:23,771][com.java.TestType] [ 6202] - value = 1
[INFO ][2016-01-20 14:52:24,857][com.java.TestType] [ 6320] -  In COB ddlTotemPoles : 1
[INFO ][2016-01-20 14:52:25,055][com.java.SeleniumDriver] [  930] -  RESULT true
[INFO ][2016-01-20 14:52:25,056][com.java.SeleniumDriver] [ 1136] - ?   P A S S   ?
[INFO ][2016-01-20 14:52:25,056][com.java.SeleniumDriver] [  856] - ------------------------------------------
[INFO ][2016-01-20 14:52:25,056][com.java.SeleniumDriver] [  857] - Test case being Executed: 6
[INFO ][2016-01-20 14:52:25,056][com.java.SeleniumDriver] [  869] - Test step:9
[INFO ][2016-01-20 14:52:25,056][com.java.SeleniumDriver] [  881] - Datavalue is----------null
[DEBUG][2016-01-20 14:52:25,056][com.java.SeleniumDriver] [  899] - Exception: null
[INFO ][2016-01-20 14:52:25,056][com.java.SeleniumDriver] [  905] - DataField : BTNparent
[INFO ][2016-01-20 14:52:25,056][com.java.SeleniumDriver] [  907] - DataValue : 
[INFO ][2016-01-20 14:52:25,056][com.java.SeleniumDriver] [  913] - <In Set values of the page>
[INFO ][2016-01-20 14:52:25,056][com.java.SeleniumDriver] [  916] - {Data Fields & Data Values Exist}
[INFO ][2016-01-20 14:52:25,056][com.java.SeleniumDriver] [  918] - --------------------------setting values-----------------------------
[INFO ][2016-01-20 14:52:25,056][com.java.SeleniumDriver] [  921] - Action Type : SELECTFRAME
[INFO ][2016-01-20 14:52:25,072][com.java.SeleniumDriver] [  930] -  RESULT true
[INFO ][2016-01-20 14:52:25,072][com.java.SeleniumDriver] [ 1136] - ?   P A S S   ?
[INFO ][2016-01-20 14:52:25,072][com.java.SeleniumDriver] [  856] - ------------------------------------------
[INFO ][2016-01-20 14:52:25,072][com.java.SeleniumDriver] [  857] - Test case being Executed: 6
[INFO ][2016-01-20 14:52:25,072][com.java.SeleniumDriver] [  869] - Test step:10
[INFO ][2016-01-20 14:52:25,072][com.java.SeleniumDriver] [  881] - Datavalue is----------null
[DEBUG][2016-01-20 14:52:25,072][com.java.SeleniumDriver] [  899] - Exception: null
[INFO ][2016-01-20 14:52:25,073][com.java.SeleniumDriver] [  905] - DataField : HDN//span[text()='Select']
[INFO ][2016-01-20 14:52:25,073][com.java.SeleniumDriver] [  907] - DataValue : 
[INFO ][2016-01-20 14:52:25,073][com.java.SeleniumDriver] [  913] - <In Set values of the page>
[INFO ][2016-01-20 14:52:25,073][com.java.SeleniumDriver] [  916] - {Data Fields & Data Values Exist}
[INFO ][2016-01-20 14:52:25,073][com.java.SeleniumDriver] [  918] - --------------------------setting values-----------------------------
[INFO ][2016-01-20 14:52:25,073][com.java.SeleniumDriver] [  921] - Action Type : Click
[INFO ][2016-01-20 14:52:25,073][com.java.TestType] [ 6581] - Field ::HDN//span[text()='Select']
[INFO ][2016-01-20 14:52:25,073][com.java.TestType] [ 6202] - value = 
[INFO ][2016-01-20 14:52:26,260][com.java.SeleniumDriver] [  930] -  RESULT true
[INFO ][2016-01-20 14:52:26,260][com.java.SeleniumDriver] [ 1136] - ?   P A S S   ?
[INFO ][2016-01-20 14:52:26,260][com.java.SeleniumDriver] [  856] - ------------------------------------------
[INFO ][2016-01-20 14:52:26,260][com.java.SeleniumDriver] [  857] - Test case being Executed: 6
[INFO ][2016-01-20 14:52:26,260][com.java.SeleniumDriver] [  869] - Test step:11
[INFO ][2016-01-20 14:52:26,260][com.java.SeleniumDriver] [  881] - Datavalue is----------2
[INFO ][2016-01-20 14:52:26,260][com.java.SeleniumDriver] [  905] - DataField : BTNbtnAddItem.BalanceSheet
[INFO ][2016-01-20 14:52:26,261][com.java.SeleniumDriver] [  907] - DataValue : 2
[INFO ][2016-01-20 14:52:26,261][com.java.SeleniumDriver] [  913] - <In Set values of the page>
[INFO ][2016-01-20 14:52:26,261][com.java.SeleniumDriver] [  916] - {Data Fields & Data Values Exist}
[INFO ][2016-01-20 14:52:26,261][com.java.SeleniumDriver] [  918] - --------------------------setting values-----------------------------
[INFO ][2016-01-20 14:52:26,261][com.java.SeleniumDriver] [  921] - Action Type : WaitForElement
[INFO ][2016-01-20 14:52:27,488][com.java.SeleniumDriver] [  930] -  RESULT true
[INFO ][2016-01-20 14:52:27,488][com.java.SeleniumDriver] [ 1136] - ?   P A S S   ?
[INFO ][2016-01-20 14:52:27,488][com.java.SeleniumDriver] [  856] - ------------------------------------------
[INFO ][2016-01-20 14:52:27,488][com.java.SeleniumDriver] [  857] - Test case being Executed: 6
[INFO ][2016-01-20 14:52:27,488][com.java.SeleniumDriver] [  869] - Test step:12
[INFO ][2016-01-20 14:52:27,488][com.java.SeleniumDriver] [  881] - Datavalue is----------null
[DEBUG][2016-01-20 14:52:27,488][com.java.SeleniumDriver] [  899] - Exception: null
[INFO ][2016-01-20 14:52:27,488][com.java.SeleniumDriver] [  905] - DataField : HDNbtnAddItem.BalanceSheet
[INFO ][2016-01-20 14:52:27,488][com.java.SeleniumDriver] [  907] - DataValue : 
[INFO ][2016-01-20 14:52:27,488][com.java.SeleniumDriver] [  913] - <In Set values of the page>
[INFO ][2016-01-20 14:52:27,489][com.java.SeleniumDriver] [  916] - {Data Fields & Data Values Exist}
[INFO ][2016-01-20 14:52:27,489][com.java.SeleniumDriver] [  918] - --------------------------setting values-----------------------------
[INFO ][2016-01-20 14:52:27,489][com.java.SeleniumDriver] [  921] - Action Type : Click
[INFO ][2016-01-20 14:52:27,489][com.java.TestType] [ 6581] - Field ::HDNbtnAddItem.BalanceSheet
[INFO ][2016-01-20 14:52:27,489][com.java.TestType] [ 6202] - value = 
[INFO ][2016-01-20 14:52:29,806][com.java.SeleniumDriver] [  930] -  RESULT true
[INFO ][2016-01-20 14:52:29,806][com.java.SeleniumDriver] [ 1136] - ?   P A S S   ?
[INFO ][2016-01-20 14:52:29,806][com.java.SeleniumDriver] [  856] - ------------------------------------------
[INFO ][2016-01-20 14:52:29,806][com.java.SeleniumDriver] [  857] - Test case being Executed: 6
[INFO ][2016-01-20 14:52:29,806][com.java.SeleniumDriver] [  869] - Test step:13
[INFO ][2016-01-20 14:52:29,806][com.java.SeleniumDriver] [  881] - Datavalue is----------3
[INFO ][2016-01-20 14:52:29,806][com.java.SeleniumDriver] [  905] - DataField : BTNframeDialogContent
[INFO ][2016-01-20 14:52:29,806][com.java.SeleniumDriver] [  907] - DataValue : 3
[INFO ][2016-01-20 14:52:29,806][com.java.SeleniumDriver] [  913] - <In Set values of the page>
[INFO ][2016-01-20 14:52:29,806][com.java.SeleniumDriver] [  916] - {Data Fields & Data Values Exist}
[INFO ][2016-01-20 14:52:29,807][com.java.SeleniumDriver] [  918] - --------------------------setting values-----------------------------
[INFO ][2016-01-20 14:52:29,807][com.java.SeleniumDriver] [  921] - Action Type : WaitForElement
[INFO ][2016-01-20 14:52:31,048][com.java.SeleniumDriver] [  930] -  RESULT true
[INFO ][2016-01-20 14:52:31,048][com.java.SeleniumDriver] [ 1136] - ?   P A S S   ?
[INFO ][2016-01-20 14:52:31,048][com.java.SeleniumDriver] [  856] - ------------------------------------------
[INFO ][2016-01-20 14:52:31,048][com.java.SeleniumDriver] [  857] - Test case being Executed: 6
[INFO ][2016-01-20 14:52:31,048][com.java.SeleniumDriver] [  869] - Test step:14
[INFO ][2016-01-20 14:52:31,048][com.java.SeleniumDriver] [  881] - Datavalue is----------null
[DEBUG][2016-01-20 14:52:31,048][com.java.SeleniumDriver] [  899] - Exception: null
[INFO ][2016-01-20 14:52:31,049][com.java.SeleniumDriver] [  905] - DataField : BTNframeDialogContent
[INFO ][2016-01-20 14:52:31,049][com.java.SeleniumDriver] [  907] - DataValue : 
[INFO ][2016-01-20 14:52:31,049][com.java.SeleniumDriver] [  913] - <In Set values of the page>
[INFO ][2016-01-20 14:52:31,049][com.java.SeleniumDriver] [  916] - {Data Fields & Data Values Exist}
[INFO ][2016-01-20 14:52:31,049][com.java.SeleniumDriver] [  918] - --------------------------setting values-----------------------------
[INFO ][2016-01-20 14:52:31,049][com.java.SeleniumDriver] [  921] - Action Type : SELECTFRAME
[INFO ][2016-01-20 14:52:32,323][com.java.SeleniumDriver] [  930] -  RESULT true
[INFO ][2016-01-20 14:52:32,323][com.java.SeleniumDriver] [ 1136] - ?   P A S S   ?
[INFO ][2016-01-20 14:52:32,323][com.java.SeleniumDriver] [  856] - ------------------------------------------
[INFO ][2016-01-20 14:52:32,323][com.java.SeleniumDriver] [  857] - Test case being Executed: 6
[INFO ][2016-01-20 14:52:32,323][com.java.SeleniumDriver] [  869] - Test step:15
[INFO ][2016-01-20 14:52:32,323][com.java.SeleniumDriver] [  881] - Datavalue is----------3
[INFO ][2016-01-20 14:52:32,323][com.java.SeleniumDriver] [  905] - DataField : BTNtxtItemTitle
[INFO ][2016-01-20 14:52:32,324][com.java.SeleniumDriver] [  907] - DataValue : 3
[INFO ][2016-01-20 14:52:32,324][com.java.SeleniumDriver] [  913] - <In Set values of the page>
[INFO ][2016-01-20 14:52:32,324][com.java.SeleniumDriver] [  916] - {Data Fields & Data Values Exist}
[INFO ][2016-01-20 14:52:32,324][com.java.SeleniumDriver] [  918] - --------------------------setting values-----------------------------
[INFO ][2016-01-20 14:52:32,324][com.java.SeleniumDriver] [  921] - Action Type : WaitForElement
[INFO ][2016-01-20 14:52:33,377][com.java.SeleniumDriver] [  930] -  RESULT true
[INFO ][2016-01-20 14:52:33,377][com.java.SeleniumDriver] [ 1136] - ?   P A S S   ?
[INFO ][2016-01-20 14:52:33,377][com.java.SeleniumDriver] [  856] - ------------------------------------------
[INFO ][2016-01-20 14:52:33,377][com.java.SeleniumDriver] [  857] - Test case being Executed: 6
[INFO ][2016-01-20 14:52:33,377][com.java.SeleniumDriver] [  869] - Test step:16
[INFO ][2016-01-20 14:52:33,378][com.java.SeleniumDriver] [  881] - Datavalue is----------RNDVLBSItem
[INFO ][2016-01-20 14:52:33,378][com.java.SeleniumDriver] [  905] - DataField : TXTtxtItemTitle
[INFO ][2016-01-20 14:52:33,378][com.java.SeleniumDriver] [  907] - DataValue : RNDVLBSItem
[INFO ][2016-01-20 14:52:33,378][com.java.SeleniumDriver] [  913] - <In Set values of the page>
[INFO ][2016-01-20 14:52:33,378][com.java.SeleniumDriver] [  916] - {Data Fields & Data Values Exist}
[INFO ][2016-01-20 14:52:33,378][com.java.SeleniumDriver] [  918] - --------------------------setting values-----------------------------
[INFO ][2016-01-20 14:52:33,378][com.java.SeleniumDriver] [  921] - Action Type : Enter
[INFO ][2016-01-20 14:52:33,378][com.java.TestType] [ 7109] - field = txtItemTitle
[INFO ][2016-01-20 14:52:33,378][com.java.TestType] [ 6202] - value = VLBSItem14649
[INFO ][2016-01-20 14:52:35,200][com.java.SeleniumDriver] [  930] -  RESULT true
[INFO ][2016-01-20 14:52:35,200][com.java.SeleniumDriver] [ 1136] - ?   P A S S   ?
[INFO ][2016-01-20 14:52:35,200][com.java.SeleniumDriver] [  856] - ------------------------------------------
[INFO ][2016-01-20 14:52:35,200][com.java.SeleniumDriver] [  857] - Test case being Executed: 6
[INFO ][2016-01-20 14:52:35,200][com.java.SeleniumDriver] [  869] - Test step:17
[INFO ][2016-01-20 14:52:35,200][com.java.SeleniumDriver] [  881] - Datavalue is----------1
[INFO ][2016-01-20 14:52:35,200][com.java.SeleniumDriver] [  905] - DataField : test
[INFO ][2016-01-20 14:52:35,200][com.java.SeleniumDriver] [  907] - DataValue : 1
[INFO ][2016-01-20 14:52:35,200][com.java.SeleniumDriver] [  913] - <In Set values of the page>
[INFO ][2016-01-20 14:52:35,201][com.java.SeleniumDriver] [  916] - {Data Fields & Data Values Exist}
[INFO ][2016-01-20 14:52:35,201][com.java.SeleniumDriver] [  918] - --------------------------setting values-----------------------------
[INFO ][2016-01-20 14:52:35,201][com.java.SeleniumDriver] [  921] - Action Type : WaitTime
[DEBUG][2016-01-20 14:52:35,201][com.java.TestType] [ 6016] - sleepTime: 1000
[INFO ][2016-01-20 14:52:36,201][com.java.SeleniumDriver] [  930] -  RESULT true
[INFO ][2016-01-20 14:52:36,201][com.java.SeleniumDriver] [ 1136] - ?   P A S S   ?
[INFO ][2016-01-20 14:52:36,201][com.java.SeleniumDriver] [  856] - ------------------------------------------
[INFO ][2016-01-20 14:52:36,201][com.java.SeleniumDriver] [  857] - Test case being Executed: 6
[INFO ][2016-01-20 14:52:36,201][com.java.SeleniumDriver] [  869] - Test step:18
[INFO ][2016-01-20 14:52:36,201][com.java.SeleniumDriver] [  881] - Datavalue is----------BSItemName
[INFO ][2016-01-20 14:52:36,201][com.java.SeleniumDriver] [  905] - DataField : TXTtxtItemTitle
[INFO ][2016-01-20 14:52:36,201][com.java.SeleniumDriver] [  907] - DataValue : BSItemName
[INFO ][2016-01-20 14:52:36,201][com.java.SeleniumDriver] [  913] - <In Set values of the page>
[INFO ][2016-01-20 14:52:36,201][com.java.SeleniumDriver] [  916] - {Data Fields & Data Values Exist}
[INFO ][2016-01-20 14:52:36,201][com.java.SeleniumDriver] [  918] - --------------------------setting values-----------------------------
[INFO ][2016-01-20 14:52:36,201][com.java.SeleniumDriver] [  921] - Action Type : StoreValue
[INFO ][2016-01-20 14:52:36,202][com.java.TestType] [ 9144] - field= TXTtxtItemTitle
[DEBUG][2016-01-20 14:52:37,308][com.java.TestType] [ 9158] - Key:: BSItemName  Value:: VLBSItem14649
[INFO ][2016-01-20 14:52:37,308][com.java.SeleniumDriver] [  930] -  RESULT true
[INFO ][2016-01-20 14:52:37,308][com.java.SeleniumDriver] [ 1136] - ?   P A S S   ?
[INFO ][2016-01-20 14:52:37,309][com.java.SeleniumDriver] [  856] - ------------------------------------------
[INFO ][2016-01-20 14:52:37,309][com.java.SeleniumDriver] [  857] - Test case being Executed: 6
[INFO ][2016-01-20 14:52:37,309][com.java.SeleniumDriver] [  869] - Test step:19
[INFO ][2016-01-20 14:52:37,309][com.java.SeleniumDriver] [  881] - Datavalue is----------40
[INFO ][2016-01-20 14:52:37,309][com.java.SeleniumDriver] [  905] - DataField : TXTtxtItemWeight
[INFO ][2016-01-20 14:52:37,309][com.java.SeleniumDriver] [  907] - DataValue : 40
[INFO ][2016-01-20 14:52:37,309][com.java.SeleniumDriver] [  913] - <In Set values of the page>
[INFO ][2016-01-20 14:52:37,309][com.java.SeleniumDriver] [  916] - {Data Fields & Data Values Exist}
[INFO ][2016-01-20 14:52:37,309][com.java.SeleniumDriver] [  918] - --------------------------setting values-----------------------------
[INFO ][2016-01-20 14:52:37,309][com.java.SeleniumDriver] [  921] - Action Type : ClearAndEnter
[INFO ][2016-01-20 14:52:38,444][com.java.TestType] [ 6202] - value = 40
[INFO ][2016-01-20 14:52:39,590][com.java.SeleniumDriver] [  930] -  RESULT true
[INFO ][2016-01-20 14:52:39,590][com.java.SeleniumDriver] [ 1136] - ?   P A S S   ?
[INFO ][2016-01-20 14:52:39,592][com.java.SeleniumDriver] [  856] - ------------------------------------------
[INFO ][2016-01-20 14:52:39,592][com.java.SeleniumDriver] [  857] - Test case being Executed: 6
[INFO ][2016-01-20 14:52:39,592][com.java.SeleniumDriver] [  869] - Test step:20
[INFO ][2016-01-20 14:52:39,592][com.java.SeleniumDriver] [  881] - Datavalue is----------null
[DEBUG][2016-01-20 14:52:39,592][com.java.SeleniumDriver] [  899] - Exception: null
[INFO ][2016-01-20 14:52:39,592][com.java.SeleniumDriver] [  905] - DataField : HDNchkAvg
[INFO ][2016-01-20 14:52:39,592][com.java.SeleniumDriver] [  907] - DataValue : 
[INFO ][2016-01-20 14:52:39,592][com.java.SeleniumDriver] [  913] - <In Set values of the page>
[INFO ][2016-01-20 14:52:39,592][com.java.SeleniumDriver] [  916] - {Data Fields & Data Values Exist}
[INFO ][2016-01-20 14:52:39,592][com.java.SeleniumDriver] [  918] - --------------------------setting values-----------------------------
[INFO ][2016-01-20 14:52:39,592][com.java.SeleniumDriver] [  921] - Action Type : Click
[INFO ][2016-01-20 14:52:39,592][com.java.TestType] [ 6581] - Field ::HDNchkAvg
[INFO ][2016-01-20 14:52:39,593][com.java.TestType] [ 6202] - value = 
[INFO ][2016-01-20 14:52:41,681][com.java.SeleniumDriver] [  930] -  RESULT true
[INFO ][2016-01-20 14:52:41,681][com.java.SeleniumDriver] [ 1136] - ?   P A S S   ?
[INFO ][2016-01-20 14:52:41,681][com.java.SeleniumDriver] [  856] - ------------------------------------------
[INFO ][2016-01-20 14:52:41,681][com.java.SeleniumDriver] [  857] - Test case being Executed: 6
[INFO ][2016-01-20 14:52:41,681][com.java.SeleniumDriver] [  869] - Test step:21
[INFO ][2016-01-20 14:52:41,681][com.java.SeleniumDriver] [  881] - Datavalue is----------Change
[INFO ][2016-01-20 14:52:41,681][com.java.SeleniumDriver] [  905] - DataField : SLBddlItemVariance
[INFO ][2016-01-20 14:52:41,683][com.java.SeleniumDriver] [  907] - DataValue : Change
[INFO ][2016-01-20 14:52:41,683][com.java.SeleniumDriver] [  913] - <In Set values of the page>
[INFO ][2016-01-20 14:52:41,683][com.java.SeleniumDriver] [  916] - {Data Fields & Data Values Exist}
[INFO ][2016-01-20 14:52:41,683][com.java.SeleniumDriver] [  918] - --------------------------setting values-----------------------------
[INFO ][2016-01-20 14:52:41,683][com.java.SeleniumDriver] [  921] - Action Type : Select
[INFO ][2016-01-20 14:52:41,683][com.java.TestType] [ 6202] - value = Change
[INFO ][2016-01-20 14:52:44,014][com.java.SeleniumDriver] [  930] -  RESULT true
[INFO ][2016-01-20 14:52:44,014][com.java.SeleniumDriver] [ 1136] - ?   P A S S   ?
[INFO ][2016-01-20 14:52:44,014][com.java.SeleniumDriver] [  856] - ------------------------------------------
[INFO ][2016-01-20 14:52:44,016][com.java.SeleniumDriver] [  857] - Test case being Executed: 6
[INFO ][2016-01-20 14:52:44,016][com.java.SeleniumDriver] [  869] - Test step:22
[INFO ][2016-01-20 14:52:44,016][com.java.SeleniumDriver] [  881] - Datavalue is----------3
[INFO ][2016-01-20 14:52:44,016][com.java.SeleniumDriver] [  905] - DataField : test
[INFO ][2016-01-20 14:52:44,016][com.java.SeleniumDriver] [  907] - DataValue : 3
[INFO ][2016-01-20 14:52:44,016][com.java.SeleniumDriver] [  913] - <In Set values of the page>
[INFO ][2016-01-20 14:52:44,016][com.java.SeleniumDriver] [  916] - {Data Fields & Data Values Exist}
[INFO ][2016-01-20 14:52:44,016][com.java.SeleniumDriver] [  918] - --------------------------setting values-----------------------------
[INFO ][2016-01-20 14:52:44,016][com.java.SeleniumDriver] [  921] - Action Type : WaitTime
[DEBUG][2016-01-20 14:52:44,016][com.java.TestType] [ 6016] - sleepTime: 3000
[INFO ][2016-01-20 14:52:47,016][com.java.SeleniumDriver] [  930] -  RESULT true
[INFO ][2016-01-20 14:52:47,016][com.java.SeleniumDriver] [ 1136] - ?   P A S S   ?
[INFO ][2016-01-20 14:52:47,016][com.java.SeleniumDriver] [  856] - ------------------------------------------
[INFO ][2016-01-20 14:52:47,016][com.java.SeleniumDriver] [  857] - Test case being Executed: 6
[INFO ][2016-01-20 14:52:47,016][com.java.SeleniumDriver] [  869] - Test step:23
[INFO ][2016-01-20 14:52:47,016][com.java.SeleniumDriver] [  881] - Datavalue is----------Actual
[INFO ][2016-01-20 14:52:47,016][com.java.SeleniumDriver] [  905] - DataField : SLBddlVarianceSource
[INFO ][2016-01-20 14:52:47,016][com.java.SeleniumDriver] [  907] - DataValue : Actual
[INFO ][2016-01-20 14:52:47,016][com.java.SeleniumDriver] [  913] - <In Set values of the page>
[INFO ][2016-01-20 14:52:47,016][com.java.SeleniumDriver] [  916] - {Data Fields & Data Values Exist}
[INFO ][2016-01-20 14:52:47,016][com.java.SeleniumDriver] [  918] - --------------------------setting values-----------------------------
[INFO ][2016-01-20 14:52:47,016][com.java.SeleniumDriver] [  921] - Action Type : Select
[INFO ][2016-01-20 14:52:47,017][com.java.TestType] [ 6202] - value = Actual
[INFO ][2016-01-20 14:52:49,354][com.java.SeleniumDriver] [  930] -  RESULT true
[INFO ][2016-01-20 14:52:49,354][com.java.SeleniumDriver] [ 1136] - ?   P A S S   ?
[INFO ][2016-01-20 14:52:49,354][com.java.SeleniumDriver] [  856] - ------------------------------------------
[INFO ][2016-01-20 14:52:49,354][com.java.SeleniumDriver] [  857] - Test case being Executed: 6
[INFO ][2016-01-20 14:52:49,354][com.java.SeleniumDriver] [  869] - Test step:24
[INFO ][2016-01-20 14:52:49,354][com.java.SeleniumDriver] [  881] - Datavalue is----------Same Period
[INFO ][2016-01-20 14:52:49,354][com.java.SeleniumDriver] [  905] - DataField : SLBddlVarianceRange
[INFO ][2016-01-20 14:52:49,355][com.java.SeleniumDriver] [  907] - DataValue : Same Period
[INFO ][2016-01-20 14:52:49,355][com.java.SeleniumDriver] [  913] - <In Set values of the page>
[INFO ][2016-01-20 14:52:49,355][com.java.SeleniumDriver] [  916] - {Data Fields & Data Values Exist}
[INFO ][2016-01-20 14:52:49,355][com.java.SeleniumDriver] [  918] - --------------------------setting values-----------------------------
[INFO ][2016-01-20 14:52:49,355][com.java.SeleniumDriver] [  921] - Action Type : Select
[INFO ][2016-01-20 14:52:49,355][com.java.TestType] [ 6202] - value = Same Period
[INFO ][2016-01-20 14:52:51,652][com.java.SeleniumDriver] [  930] -  RESULT true
[INFO ][2016-01-20 14:52:51,652][com.java.SeleniumDriver] [ 1136] - ?   P A S S   ?
[INFO ][2016-01-20 14:52:51,652][com.java.SeleniumDriver] [  856] - ------------------------------------------
[INFO ][2016-01-20 14:52:51,652][com.java.SeleniumDriver] [  857] - Test case being Executed: 6
[INFO ][2016-01-20 14:52:51,652][com.java.SeleniumDriver] [  869] - Test step:25
[INFO ][2016-01-20 14:52:51,652][com.java.SeleniumDriver] [  881] - Datavalue is----------null
[DEBUG][2016-01-20 14:52:51,653][com.java.SeleniumDriver] [  899] - Exception: null
[INFO ][2016-01-20 14:52:51,653][com.java.SeleniumDriver] [  905] - DataField : BTN//select[@id='opGroups']/optgroup[1]/option[2]
[INFO ][2016-01-20 14:52:51,653][com.java.SeleniumDriver] [  907] - DataValue : 
[INFO ][2016-01-20 14:52:51,653][com.java.SeleniumDriver] [  913] - <In Set values of the page>
[INFO ][2016-01-20 14:52:51,653][com.java.SeleniumDriver] [  916] - {Data Fields & Data Values Exist}
[INFO ][2016-01-20 14:52:51,653][com.java.SeleniumDriver] [  918] - --------------------------setting values-----------------------------
[INFO ][2016-01-20 14:52:51,653][com.java.SeleniumDriver] [  921] - Action Type : Click
[INFO ][2016-01-20 14:52:51,653][com.java.TestType] [ 6581] - Field ::BTN//select[@id='opGroups']/optgroup[1]/option[2]
[INFO ][2016-01-20 14:52:51,653][com.java.TestType] [ 6202] - value = 
[INFO ][2016-01-20 14:52:52,653][com.java.TestType] [ 6704] - BEFORE CLICK
[INFO ][2016-01-20 14:52:52,778][com.java.TestType] [ 6711] - Unable to click the object Group option
[INFO ][2016-01-20 14:52:52,778][com.java.SeleniumDriver] [  930] -  RESULT true
[INFO ][2016-01-20 14:52:52,779][com.java.SeleniumDriver] [ 1136] - ?   P A S S   ?
[INFO ][2016-01-20 14:52:52,779][com.java.SeleniumDriver] [ 1178] - step change to 27
[INFO ][2016-01-20 14:52:52,779][com.java.SeleniumDriver] [  856] - ------------------------------------------
[INFO ][2016-01-20 14:52:52,779][com.java.SeleniumDriver] [  857] - Test case being Executed: 6
[INFO ][2016-01-20 14:52:52,779][com.java.SeleniumDriver] [  869] - Test step:27
[INFO ][2016-01-20 14:52:52,779][com.java.SeleniumDriver] [  881] - Datavalue is----------5
[INFO ][2016-01-20 14:52:52,779][com.java.SeleniumDriver] [  905] - DataField : BTN//select[@id='opAccounts']/option[1]
[INFO ][2016-01-20 14:52:52,779][com.java.SeleniumDriver] [  907] - DataValue : 5
[INFO ][2016-01-20 14:52:52,779][com.java.SeleniumDriver] [  913] - <In Set values of the page>
[INFO ][2016-01-20 14:52:52,779][com.java.SeleniumDriver] [  916] - {Data Fields & Data Values Exist}
[INFO ][2016-01-20 14:52:52,779][com.java.SeleniumDriver] [  918] - --------------------------setting values-----------------------------
[INFO ][2016-01-20 14:52:52,779][com.java.SeleniumDriver] [  921] - Action Type : WaitForElement
[INFO ][2016-01-20 14:52:53,869][com.java.SeleniumDriver] [  930] -  RESULT true
[INFO ][2016-01-20 14:52:53,870][com.java.SeleniumDriver] [ 1136] - ?   P A S S   ?
[INFO ][2016-01-20 14:52:53,870][com.java.SeleniumDriver] [  856] - ------------------------------------------
[INFO ][2016-01-20 14:52:53,870][com.java.SeleniumDriver] [  857] - Test case being Executed: 6
[INFO ][2016-01-20 14:52:53,870][com.java.SeleniumDriver] [  869] - Test step:28
[INFO ][2016-01-20 14:52:53,870][com.java.SeleniumDriver] [  881] - Datavalue is----------null
[DEBUG][2016-01-20 14:52:53,870][com.java.SeleniumDriver] [  899] - Exception: null
[INFO ][2016-01-20 14:52:53,870][com.java.SeleniumDriver] [  905] - DataField : DBL//select[@id='opAccounts']/option[1]
[INFO ][2016-01-20 14:52:53,870][com.java.SeleniumDriver] [  907] - DataValue : 
[INFO ][2016-01-20 14:52:53,870][com.java.SeleniumDriver] [  913] - <In Set values of the page>
[INFO ][2016-01-20 14:52:53,870][com.java.SeleniumDriver] [  916] - {Data Fields & Data Values Exist}
[INFO ][2016-01-20 14:52:53,870][com.java.SeleniumDriver] [  918] - --------------------------setting values-----------------------------
[INFO ][2016-01-20 14:52:53,870][com.java.SeleniumDriver] [  921] - Action Type : Click
[INFO ][2016-01-20 14:52:53,870][com.java.TestType] [ 6581] - Field ::DBL//select[@id='opAccounts']/option[1]
[INFO ][2016-01-20 14:52:53,870][com.java.TestType] [ 6202] - value = 
[INFO ][2016-01-20 14:52:55,233][com.java.SeleniumDriver] [  930] -  RESULT true
[INFO ][2016-01-20 14:52:55,233][com.java.SeleniumDriver] [ 1136] - ?   P A S S   ?
[INFO ][2016-01-20 14:52:55,233][com.java.SeleniumDriver] [  856] - ------------------------------------------
[INFO ][2016-01-20 14:52:55,233][com.java.SeleniumDriver] [  857] - Test case being Executed: 6
[INFO ][2016-01-20 14:52:55,233][com.java.SeleniumDriver] [  869] - Test step:29
[INFO ][2016-01-20 14:52:55,233][com.java.SeleniumDriver] [  881] - Datavalue is----------5
[INFO ][2016-01-20 14:52:55,233][com.java.SeleniumDriver] [  905] - DataField : BTN//div[@id="expression"]/span[2]
[INFO ][2016-01-20 14:52:55,233][com.java.SeleniumDriver] [  907] - DataValue : 5
[INFO ][2016-01-20 14:52:55,233][com.java.SeleniumDriver] [  913] - <In Set values of the page>
[INFO ][2016-01-20 14:52:55,234][com.java.SeleniumDriver] [  916] - {Data Fields & Data Values Exist}
[INFO ][2016-01-20 14:52:55,234][com.java.SeleniumDriver] [  918] - --------------------------setting values-----------------------------
[INFO ][2016-01-20 14:52:55,234][com.java.SeleniumDriver] [  921] - Action Type : WaitForElement
[DEBUG][2016-01-20 14:54:42,737][com.java.TestType] [ 7377] - //div[@id="expression"]/span[2]   :: Element not Found
[INFO ][2016-01-20 14:54:42,737][com.java.SeleniumDriver] [  930] -  RESULT false
[INFO ][2016-01-20 14:54:42,737][com.java.SeleniumDriver] [  977] - ?   F A I L   ?
[INFO ][2016-01-20 14:54:42,737][com.java.SeleniumDriver] [  985] - Browser Type : IE10
[INFO ][2016-01-20 14:54:42,737][com.java.SeleniumDriver] [  986] - Adding Failed case6
[INFO ][2016-01-20 14:54:43,432][com.java.SeleniumDriver] [ 1100] - failedCases = 6
[ERROR][2016-01-20 14:54:43,433][com.java.SeleniumDriver] [ 1599] - Platform Errors : Our apologies...::We have encountered an issue with your request.::Our apologies?:We encountered an issue with your request.
[INFO ][2016-01-20 14:54:43,433][com.java.SeleniumDriver] [ 1603] - Length =3
[ERROR][2016-01-20 14:54:43,433][com.java.SeleniumDriver] [ 1606] - Error 0 = Our apologies...
[ERROR][2016-01-20 14:54:43,516][com.java.SeleniumDriver] [ 1606] - Error 1 = We have encountered an issue with your request.
[ERROR][2016-01-20 14:54:43,537][com.java.SeleniumDriver] [ 1606] - Error 2 = Our apologies?:We encountered an issue with your request.
[INFO ][2016-01-20 14:54:43,558][com.java.SeleniumDriver] [ 1617] - strError:
[DEBUG][2016-01-20 14:54:43,573][com.java.SeleniumDriver] [ 1248] - Case found
[DEBUG][2016-01-20 14:54:43,573][com.java.SeleniumDriver] [ 1253] - Incrementing ReportCounters[0]:2
[INFO ][2016-01-20 14:54:43,573][com.java.SeleniumDriver] [ 1272] - The results are-------------------[6, 29, Totem Poles : Manage Existing Totem Pole : Add new item, Fail, 
Test case failed at Step No. :: 29   Error Message ::  //div[@id="expression"]/span[2]   :: Element not Found. Screen Shot : D:\BankersDashboard\TestReports\012016\6_012016_145442_IE10.png, Wed Jan 20 14:54:43 IST 2016]
[INFO ][2016-01-20 14:54:43,573][com.java.SeleniumDriver] [ 1276] - End time is-------4 min 17 sec
[INFO ][2016-01-20 14:54:43,573][com.java.SeleniumDriver] [ 1277] - The results are-------------------[6, 29, Totem Poles : Manage Existing Totem Pole : Add new item, Fail, 
Test case failed at Step No. :: 29   Error Message ::  //div[@id="expression"]/span[2]   :: Element not Found. Screen Shot : D:\BankersDashboard\TestReports\012016\6_012016_145442_IE10.png, Wed Jan 20 14:54:43 IST 2016]
[DEBUG][2016-01-20 14:54:43,573][com.java.ImportnExport.ExportTestResultsExcel] [  222] - testResultPath = D:\BankersDashboard/TestReports/Test Results_BankersDashBoard_012016_145028_IE10_Any Bank USA.xls
[DEBUG][2016-01-20 14:54:43,573][com.java.ImportnExport.ExportTestResultsExcel] [  223] - browser is------------IE10
[DEBUG][2016-01-20 14:54:43,575][com.java.ImportnExport.ExportTestResultsExcel] [  270] - result.size() = 6
[DEBUG][2016-01-20 14:54:43,575][com.java.ImportnExport.ExportTestResultsExcel] [  274] - No of rows in sheet=2
[DEBUG][2016-01-20 14:54:43,575][com.java.ImportnExport.ExportTestResultsExcel] [  301] - ..in export..6
[DEBUG][2016-01-20 14:54:43,576][com.java.ImportnExport.ExportTestResultsExcel] [  301] - ..in export..Totem Poles : Manage Existing Totem Pole : Add new item
[DEBUG][2016-01-20 14:54:43,576][com.java.ImportnExport.ExportTestResultsExcel] [  301] - ..in export..Fail
[DEBUG][2016-01-20 14:54:43,576][com.java.ImportnExport.ExportTestResultsExcel] [  301] - ..in export..
Test case failed at Step No. :: 29   Error Message ::  //div[@id="expression"]/span[2]   :: Element not Found. Screen Shot : D:\BankersDashboard\TestReports\012016\6_012016_145442_IE10.png
[DEBUG][2016-01-20 14:54:43,576][com.java.ImportnExport.ExportTestResultsExcel] [  301] - ..in export..Wed Jan 20 14:54:43 IST 2016
[INFO ][2016-01-20 14:54:43,577][com.java.SeleniumDriver] [ 1337] - out loop:1 size:2 TestCases:[1, 6] testcases:[1, 6]
[INFO ][2016-01-20 14:54:45,577][com.java.SeleniumDriver] [ 1380] - Total Number of Cases:2
[INFO ][2016-01-20 14:54:45,577][com.java.TemplateGenerator] [  302] - Executed:2
[INFO ][2016-01-20 14:54:45,577][com.java.TemplateGenerator] [  303] - Passed:1
[INFO ][2016-01-20 14:54:45,577][com.java.TemplateGenerator] [  304] - Failed:1
[INFO ][2016-01-20 14:54:45,577][com.java.TemplateGenerator] [  305] - Skipeed:0
[INFO ][2016-01-20 14:54:45,577][com.java.TemplateGenerator] [  306] - Application URL:https://clients-xuat.bankersdashboard.com
[INFO ][2016-01-20 14:54:45,577][com.java.TemplateGenerator] [  307] - Start Time:012016_145028
[INFO ][2016-01-20 14:54:45,577][com.java.TemplateGenerator] [  308] -  Creating HTML Report 
[ERROR][2016-01-20 14:54:45,594][com.java.TemplateGenerator] [  409] - Unparseable date: "Wed Jan 20 02:50:28 IST 2016"
[INFO ][2016-01-20 14:54:45,594][com.java.TemplateGenerator] [  654] -  Exporting case :: 1
[INFO ][2016-01-20 14:54:45,595][com.java.TemplateGenerator] [  654] -  Exporting case :: 6
[INFO ][2016-01-20 14:54:45,600][com.java.SeleniumDriver] [ 1429] - End Time:012016_145445
[INFO ][2016-01-20 14:54:45,600][com.java.SeleniumDriver] [ 1432] - Data in Test Execution Details:{1=PASS, 6=FAILTest case failed at Step No. :: 29   Error Message ::  //div[@id="expression"]/span[2]   :: Element not Found}
[INFO ][2016-01-20 14:54:45,600][com.java.SeleniumDriver] [ 1433] - Data in Failed Execution Deatils:{}
[INFO ][2016-01-20 14:54:45,600][com.java.SeleniumDriver] [ 1435] - ReportCounter:Total:2 :: PASS: 1 ::FAIL: 1
[INFO ][2016-01-20 14:54:45,600][com.java.SeleniumDriver] [ 1436] - FailedReportCounter:Total:0 :: PASS: 0 ::FAIL: 0
[INFO ][2016-01-20 14:54:45,630][com.java.EmailTestReport] [   63] - Sending report mail details:
[INFO ][2016-01-20 14:54:45,630][com.java.EmailTestReport] [   80] - Excel Report Path:D:\BankersDashboard/TestReports/Test Results_BankersDashBoard_012016_145028_IE10_Any Bank USA.xls
[INFO ][2016-01-20 14:54:45,630][com.java.EmailTestReport] [   81] - HTML Report Path:D:\BankersDashboard//TestReports//Test Results_BankersDashBoard_012016_145028_IE10_Any Bank USA.html
[INFO ][2016-01-20 14:54:45,630][com.java.EmailTestReport] [   82] - smtpHostName:mail01.valuelabs.com
[INFO ][2016-01-20 14:54:45,630][com.java.EmailTestReport] [   83] - Recipient:venkateswararao.gubbala@valuelabs.com;
[INFO ][2016-01-20 14:54:45,630][com.java.EmailTestReport] [   84] - From:venkateswararao.gubbala@valuelabs.com;
[INFO ][2016-01-20 14:54:45,630][com.java.EmailTestReport] [   85] - Subject:Deluxe Corp Bankers Dashboard Automation Test Report - Any Bank USA - IE10
[INFO ][2016-01-20 14:54:45,656][com.java.EmailTestReport] [  143] -  Added venkateswararao.gubbala@valuelabs.com
[INFO ][2016-01-20 14:54:48,783][com.java.SeleniumDriver] [  722] - quitting the browser 
[INFO ][2016-01-20 14:54:50,575][com.java.SeleniumDriver] [  264] - Execution Completed Stopping the thread
