[INFO ][2016-01-05 20:24:32,285][com.java.SeleniumDriver] [  213] - Execute Failed Casesfalse
[INFO ][2016-01-05 20:24:32,285][com.java.SeleniumDriver] [  214] - Browser: IE10
[INFO ][2016-01-05 20:24:32,285][com.java.SeleniumDriver] [  215] - [1, 2, 3]
[INFO ][2016-01-05 20:24:32,285][com.java.SeleniumDriver] [  216] - Total TestCases:3
[INFO ][2016-01-05 20:24:32,285][com.java.SeleniumDriver] [  217] -  Reading Properties from Property File 
[DEBUG][2016-01-05 20:24:32,295][com.java.SeleniumDriver] [  238] - url : https://clients-xuat.bankersdashboard.com
[INFO ][2016-01-05 20:24:32,295][com.java.ImportnExport.ExportTestResultsExcel] [  116] - Time Stamp Tue Jan 05 08:24:32 IST 2016
[INFO ][2016-01-05 20:24:32,295][com.java.ImportnExport.ExportTestResultsExcel] [  175] - OUT FILE : D:\BankersDashboard/TestReports/Test Results_BankersDashBoard_010516_202432_IE10_United Bank.xls
[INFO ][2016-01-05 20:24:32,326][com.java.ImportnExport.ExportTestResultsExcel] [  180] - Test Result file is created
[DEBUG][2016-01-05 20:24:32,416][com.java.SeleniumDriver] [  426] - Hub ip address is-------172.17.68.34
[INFO ][2016-01-05 20:24:32,426][com.java.SeleniumDriver] [  452] - Grid URL:http://172.17.68.34:4444/wd/hub
[INFO ][2016-01-05 20:24:32,426][com.java.SeleniumDriver] [  453] - Capability:Capabilities [{platform=ANY, ensureCleanSession=true, ignoreProtectedModeSettings=true, acceptSslCerts=true, ignoreZoomSetting=true, browserName=internet explorer, browserstack.ie.noFlash=true, version=null}]
[ERROR][2016-01-05 20:24:33,726][com.java.SeleniumDriver] [  498] - Unable invoke browser in grid:Could not start a new session. Possible causes are invalid address of the remote server or browser start-up failure.
Build info: version: '2.48.2', revision: '41bccdd', time: '2015-10-09 19:59:12'
System info: host: 'FVTIII438F1D', ip: '172.17.68.34', os.name: 'Windows 7', os.arch: 'x86', os.version: '6.1', java.version: '1.7.0_55'
Driver info: driver.version: SeleniumDriver
[INFO ][2016-01-05 20:24:33,726][com.java.SeleniumDriver] [  500] - Executing on local machine
[INFO ][2016-01-05 20:24:44,511][com.java.SeleniumDriver] [  248] - IE10is opened
[INFO ][2016-01-05 20:24:45,336][com.java.SeleniumDriver] [  756] - Test cases to be executed are: [1, 2, 3]
[INFO ][2016-01-05 20:24:45,357][com.java.ImportnExport.ImportTestDataDetailsExcel] [   49] - test data details path===== D:\BankersDashboard\TestInputs\TestData.xls
[INFO ][2016-01-05 20:24:45,427][com.java.SeleniumDriver] [  832] - ------------------------------------------
[INFO ][2016-01-05 20:24:45,427][com.java.SeleniumDriver] [  833] - Test case being Executed: 1
[INFO ][2016-01-05 20:24:45,427][com.java.SeleniumDriver] [  845] - Test step:1
[INFO ][2016-01-05 20:24:45,427][com.java.SeleniumDriver] [  857] - Datavalue is----------Concept#1:1-16
[INFO ][2016-01-05 20:24:45,427][com.java.SeleniumDriver] [  881] - DataField : test
[INFO ][2016-01-05 20:24:45,427][com.java.SeleniumDriver] [  883] - DataValue : Concept#1:1-16
[INFO ][2016-01-05 20:24:45,427][com.java.SeleniumDriver] [  889] - <In Set values of the page>
[INFO ][2016-01-05 20:24:45,427][com.java.SeleniumDriver] [  892] - {Data Fields & Data Values Exist}
[INFO ][2016-01-05 20:24:45,427][com.java.SeleniumDriver] [  894] - --------------------------setting values-----------------------------
[INFO ][2016-01-05 20:24:45,427][com.java.SeleniumDriver] [  897] - Action Type : ExecuteTestCase
[INFO ][2016-01-05 20:24:45,447][com.java.TestType] [  437] - The Concept sheet name is ---------- Concept
[INFO ][2016-01-05 20:24:45,447][com.java.TestType] [  440] - The Concept ID  is ---------- 1
[DEBUG][2016-01-05 20:24:45,447][com.java.TestType] [  444] - Steps being executted in the Concept are: 1:16
[INFO ][2016-01-05 20:24:45,447][com.java.TestType] [  451] - Test data details path ---------- D:\BankersDashboard\TestInputs\TestData.xls
[INFO ][2016-01-05 20:24:45,477][com.java.TestType] [  482] -  str(1) = 1
[INFO ][2016-01-05 20:24:45,477][com.java.TestType] [  485] - Test case Id is---1
[INFO ][2016-01-05 20:24:45,477][com.java.TestType] [  487] - 1
[INFO ][2016-01-05 20:24:45,477][com.java.TestType] [  482] -  str(2) = 1
[INFO ][2016-01-05 20:24:45,477][com.java.TestType] [  482] -  str(1) = 1
[INFO ][2016-01-05 20:24:45,477][com.java.TestType] [  485] - Test case Id is---1
[INFO ][2016-01-05 20:24:45,477][com.java.TestType] [  487] - 1
[INFO ][2016-01-05 20:24:45,477][com.java.TestType] [  482] -  str(2) = 2
[INFO ][2016-01-05 20:24:45,477][com.java.TestType] [  482] -  str(1) = 1
[INFO ][2016-01-05 20:24:45,477][com.java.TestType] [  485] - Test case Id is---1
[INFO ][2016-01-05 20:24:45,477][com.java.TestType] [  487] - 1
[INFO ][2016-01-05 20:24:45,477][com.java.TestType] [  482] -  str(2) = 3
[INFO ][2016-01-05 20:24:45,477][com.java.TestType] [  482] -  str(1) = 1
[INFO ][2016-01-05 20:24:45,477][com.java.TestType] [  485] - Test case Id is---1
[INFO ][2016-01-05 20:24:45,477][com.java.TestType] [  487] - 1
[INFO ][2016-01-05 20:24:45,477][com.java.TestType] [  482] -  str(2) = 4
[INFO ][2016-01-05 20:24:45,487][com.java.TestType] [  482] -  str(1) = 1
[INFO ][2016-01-05 20:24:45,487][com.java.TestType] [  485] - Test case Id is---1
[INFO ][2016-01-05 20:24:45,487][com.java.TestType] [  487] - 1
[INFO ][2016-01-05 20:24:45,487][com.java.TestType] [  482] -  str(2) = 5
[INFO ][2016-01-05 20:24:45,487][com.java.TestType] [  482] -  str(1) = 1
[INFO ][2016-01-05 20:24:45,487][com.java.TestType] [  485] - Test case Id is---1
[INFO ][2016-01-05 20:24:45,487][com.java.TestType] [  487] - 1
[INFO ][2016-01-05 20:24:45,487][com.java.TestType] [  482] -  str(2) = 6
[INFO ][2016-01-05 20:24:45,487][com.java.TestType] [  482] -  str(1) = 1
[INFO ][2016-01-05 20:24:45,487][com.java.TestType] [  485] - Test case Id is---1
[INFO ][2016-01-05 20:24:45,487][com.java.TestType] [  487] - 1
[INFO ][2016-01-05 20:24:45,487][com.java.TestType] [  482] -  str(2) = 7
[INFO ][2016-01-05 20:24:45,487][com.java.TestType] [  482] -  str(1) = 1
[INFO ][2016-01-05 20:24:45,487][com.java.TestType] [  485] - Test case Id is---1
[INFO ][2016-01-05 20:24:45,487][com.java.TestType] [  487] - 1
[INFO ][2016-01-05 20:24:45,487][com.java.TestType] [  482] -  str(2) = 8
[INFO ][2016-01-05 20:24:45,487][com.java.TestType] [  482] -  str(1) = 1
[INFO ][2016-01-05 20:24:45,487][com.java.TestType] [  485] - Test case Id is---1
[INFO ][2016-01-05 20:24:45,487][com.java.TestType] [  487] - 1
[INFO ][2016-01-05 20:24:45,487][com.java.TestType] [  482] -  str(2) = 9
[INFO ][2016-01-05 20:24:45,487][com.java.TestType] [  482] -  str(1) = 1
[INFO ][2016-01-05 20:24:45,487][com.java.TestType] [  485] - Test case Id is---1
[INFO ][2016-01-05 20:24:45,487][com.java.TestType] [  487] - 1
[INFO ][2016-01-05 20:24:45,487][com.java.TestType] [  482] -  str(2) = 10
[INFO ][2016-01-05 20:24:45,487][com.java.TestType] [  482] -  str(1) = 1
[INFO ][2016-01-05 20:24:45,487][com.java.TestType] [  485] - Test case Id is---1
[INFO ][2016-01-05 20:24:45,487][com.java.TestType] [  487] - 1
[INFO ][2016-01-05 20:24:45,487][com.java.TestType] [  482] -  str(2) = 11
[INFO ][2016-01-05 20:24:45,487][com.java.TestType] [  482] -  str(1) = 1
[INFO ][2016-01-05 20:24:45,487][com.java.TestType] [  485] - Test case Id is---1
[INFO ][2016-01-05 20:24:45,487][com.java.TestType] [  487] - 1
[INFO ][2016-01-05 20:24:45,487][com.java.TestType] [  482] -  str(2) = 12
[INFO ][2016-01-05 20:24:45,497][com.java.TestType] [  482] -  str(1) = 1
[INFO ][2016-01-05 20:24:45,497][com.java.TestType] [  485] - Test case Id is---1
[INFO ][2016-01-05 20:24:45,497][com.java.TestType] [  487] - 1
[INFO ][2016-01-05 20:24:45,497][com.java.TestType] [  482] -  str(2) = 13
[INFO ][2016-01-05 20:24:45,497][com.java.TestType] [  482] -  str(1) = 1
[INFO ][2016-01-05 20:24:45,497][com.java.TestType] [  485] - Test case Id is---1
[INFO ][2016-01-05 20:24:45,497][com.java.TestType] [  487] - 1
[INFO ][2016-01-05 20:24:45,497][com.java.TestType] [  482] -  str(2) = 14
[INFO ][2016-01-05 20:24:45,497][com.java.TestType] [  482] -  str(1) = 1
[INFO ][2016-01-05 20:24:45,497][com.java.TestType] [  485] - Test case Id is---1
[INFO ][2016-01-05 20:24:45,497][com.java.TestType] [  487] - 1
[INFO ][2016-01-05 20:24:45,497][com.java.TestType] [  482] -  str(2) = 15
[INFO ][2016-01-05 20:24:45,497][com.java.TestType] [  482] -  str(1) = 1
[INFO ][2016-01-05 20:24:45,497][com.java.TestType] [  485] - Test case Id is---1
[INFO ][2016-01-05 20:24:45,497][com.java.TestType] [  487] - 1
[INFO ][2016-01-05 20:24:45,497][com.java.TestType] [  482] -  str(2) = 16
[INFO ][2016-01-05 20:24:45,497][com.java.TestType] [10609] - Looping 1TCID = 1
[DEBUG][2016-01-05 20:24:45,497][com.java.TestType] [10650] - Concept ID:1 :: Step being Executed: 1::1
[INFO ][2016-01-05 20:24:45,497][com.java.TestType] [10688] - dataFields : TXTusername
[DEBUG][2016-01-05 20:24:45,497][com.java.TestType] [10694] - <In Set values of the page>
[DEBUG][2016-01-05 20:24:45,497][com.java.TestType] [10699] - {Data Fields & Data Values Exist}
[INFO ][2016-01-05 20:24:45,497][com.java.TestType] [10705] - --------------------------setting values-----------------------------
[INFO ][2016-01-05 20:24:45,497][com.java.TestType] [10708] - Action Type : CLEARANDENTER
[INFO ][2016-01-05 20:24:45,497][com.java.TestType] [ 5705] - value = valuelabs.ie10.00058
[INFO ][2016-01-05 20:24:50,196][com.java.TestType] [10727] -  RESULT true
[INFO ][2016-01-05 20:24:50,196][com.java.TestType] [10844] - ?   P A S S   ?
[DEBUG][2016-01-05 20:24:50,196][com.java.TestType] [10650] - Concept ID:1 :: Step being Executed: 1::2
[INFO ][2016-01-05 20:24:50,196][com.java.TestType] [10688] - dataFields : TXTpassword
[DEBUG][2016-01-05 20:24:50,196][com.java.TestType] [10694] - <In Set values of the page>
[DEBUG][2016-01-05 20:24:50,196][com.java.TestType] [10699] - {Data Fields & Data Values Exist}
[INFO ][2016-01-05 20:24:50,196][com.java.TestType] [10705] - --------------------------setting values-----------------------------
[INFO ][2016-01-05 20:24:50,196][com.java.TestType] [10708] - Action Type : CLEARANDENTER
[INFO ][2016-01-05 20:24:50,196][com.java.TestType] [ 5705] - value = Password1*
[INFO ][2016-01-05 20:24:55,008][com.java.TestType] [10727] -  RESULT true
[INFO ][2016-01-05 20:24:55,008][com.java.TestType] [10844] - ?   P A S S   ?
[DEBUG][2016-01-05 20:24:55,008][com.java.TestType] [10650] - Concept ID:1 :: Step being Executed: 1::3
[ERROR][2016-01-05 20:24:55,008][com.java.TestType] [10683] - Exception: null
[INFO ][2016-01-05 20:24:55,008][com.java.TestType] [10688] - dataFields : XPH//button[@type='submit']
[DEBUG][2016-01-05 20:24:55,008][com.java.TestType] [10694] - <In Set values of the page>
[DEBUG][2016-01-05 20:24:55,008][com.java.TestType] [10699] - {Data Fields & Data Values Exist}
[INFO ][2016-01-05 20:24:55,008][com.java.TestType] [10705] - --------------------------setting values-----------------------------
[INFO ][2016-01-05 20:24:55,008][com.java.TestType] [10708] - Action Type : Click
[INFO ][2016-01-05 20:24:55,008][com.java.TestType] [ 6084] - Field ::XPH//button[@type='submit']
[INFO ][2016-01-05 20:24:55,008][com.java.TestType] [ 5705] - value = 
[INFO ][2016-01-05 20:24:56,008][com.java.TestType] [ 6221] - BEFORE CLICK
[INFO ][2016-01-05 20:24:56,851][com.java.TestType] [ 6229] - Unable to click the object Login
[INFO ][2016-01-05 20:24:56,851][com.java.TestType] [10727] -  RESULT true
[INFO ][2016-01-05 20:24:56,851][com.java.TestType] [10844] - ?   P A S S   ?
[DEBUG][2016-01-05 20:24:56,851][com.java.TestType] [10650] - Concept ID:1 :: Step being Executed: 1::4
[INFO ][2016-01-05 20:24:56,851][com.java.TestType] [10688] - dataFields : LNKLogout
[DEBUG][2016-01-05 20:24:56,851][com.java.TestType] [10694] - <In Set values of the page>
[DEBUG][2016-01-05 20:24:56,851][com.java.TestType] [10699] - {Data Fields & Data Values Exist}
[INFO ][2016-01-05 20:24:56,851][com.java.TestType] [10705] - --------------------------setting values-----------------------------
[INFO ][2016-01-05 20:24:56,851][com.java.TestType] [10708] - Action Type : WaitForElement
[INFO ][2016-01-05 20:25:00,332][com.java.TestType] [10727] -  RESULT true
[INFO ][2016-01-05 20:25:00,332][com.java.TestType] [10844] - ?   P A S S   ?
[DEBUG][2016-01-05 20:25:00,332][com.java.TestType] [10650] - Concept ID:1 :: Step being Executed: 1::15
[INFO ][2016-01-05 20:25:00,332][com.java.TestType] [10688] - dataFields : LNK
[DEBUG][2016-01-05 20:25:00,332][com.java.TestType] [10694] - <In Set values of the page>
[DEBUG][2016-01-05 20:25:00,332][com.java.TestType] [10699] - {Data Fields & Data Values Exist}
[INFO ][2016-01-05 20:25:00,332][com.java.TestType] [10705] - --------------------------setting values-----------------------------
[INFO ][2016-01-05 20:25:00,332][com.java.TestType] [10708] - Action Type : Verify
[INFO ][2016-01-05 20:25:00,332][com.java.TestType] [ 7081] - field= LNK value= Logout
[INFO ][2016-01-05 20:25:00,332][com.java.TestType] [ 5705] - value = Logout
[INFO ][2016-01-05 20:25:00,363][com.java.TestType] [10727] -  RESULT true
[INFO ][2016-01-05 20:25:00,363][com.java.TestType] [10844] - ?   P A S S   ?
[DEBUG][2016-01-05 20:25:00,363][com.java.TestType] [10650] - Concept ID:1 :: Step being Executed: 1::16
[INFO ][2016-01-05 20:25:00,363][com.java.TestType] [10688] - dataFields : BTN
[DEBUG][2016-01-05 20:25:00,363][com.java.TestType] [10694] - <In Set values of the page>
[DEBUG][2016-01-05 20:25:00,363][com.java.TestType] [10699] - {Data Fields & Data Values Exist}
[INFO ][2016-01-05 20:25:00,363][com.java.TestType] [10705] - --------------------------setting values-----------------------------
[INFO ][2016-01-05 20:25:00,363][com.java.TestType] [10708] - Action Type : Verify
[INFO ][2016-01-05 20:25:00,363][com.java.TestType] [ 7081] - field= BTN value= //img[contains(@src,'bdlogo.jpg')]
[INFO ][2016-01-05 20:25:00,363][com.java.TestType] [ 5705] - value = //img[contains(@src,'bdlogo.jpg')]
[INFO ][2016-01-05 20:25:00,690][com.java.TestType] [10727] -  RESULT true
[INFO ][2016-01-05 20:25:00,690][com.java.TestType] [10844] - ?   P A S S   ?
[INFO ][2016-01-05 20:25:00,690][com.java.TestType] [10915] - Looping End......
[INFO ][2016-01-05 20:25:00,690][com.java.SeleniumDriver] [  906] -  RESULT true
[INFO ][2016-01-05 20:25:00,690][com.java.SeleniumDriver] [ 1112] - ?   P A S S   ?
[INFO ][2016-01-05 20:25:00,690][com.java.SeleniumDriver] [  832] - ------------------------------------------
[INFO ][2016-01-05 20:25:00,690][com.java.SeleniumDriver] [  833] - Test case being Executed: 1
[INFO ][2016-01-05 20:25:00,690][com.java.SeleniumDriver] [  845] - Test step:2
[INFO ][2016-01-05 20:25:00,690][com.java.SeleniumDriver] [  857] - Datavalue is----------Concept#2:1-2
[INFO ][2016-01-05 20:25:00,690][com.java.SeleniumDriver] [  881] - DataField : test
[INFO ][2016-01-05 20:25:00,690][com.java.SeleniumDriver] [  883] - DataValue : Concept#2:1-2
[INFO ][2016-01-05 20:25:00,690][com.java.SeleniumDriver] [  889] - <In Set values of the page>
[INFO ][2016-01-05 20:25:00,690][com.java.SeleniumDriver] [  892] - {Data Fields & Data Values Exist}
[INFO ][2016-01-05 20:25:00,690][com.java.SeleniumDriver] [  894] - --------------------------setting values-----------------------------
[INFO ][2016-01-05 20:25:00,690][com.java.SeleniumDriver] [  897] - Action Type : ExecuteTestCase
[INFO ][2016-01-05 20:25:00,690][com.java.TestType] [  437] - The Concept sheet name is ---------- Concept
[INFO ][2016-01-05 20:25:00,690][com.java.TestType] [  440] - The Concept ID  is ---------- 2
[DEBUG][2016-01-05 20:25:00,690][com.java.TestType] [  444] - Steps being executted in the Concept are: 1:2
[INFO ][2016-01-05 20:25:00,690][com.java.TestType] [  451] - Test data details path ---------- D:\BankersDashboard\TestInputs\TestData.xls
[INFO ][2016-01-05 20:25:00,720][com.java.TestType] [  482] -  str(1) = 2
[INFO ][2016-01-05 20:25:00,720][com.java.TestType] [  485] - Test case Id is---2
[INFO ][2016-01-05 20:25:00,720][com.java.TestType] [  487] - 2
[INFO ][2016-01-05 20:25:00,720][com.java.TestType] [  482] -  str(2) = 1
[INFO ][2016-01-05 20:25:00,720][com.java.TestType] [  482] -  str(1) = 2
[INFO ][2016-01-05 20:25:00,720][com.java.TestType] [  485] - Test case Id is---2
[INFO ][2016-01-05 20:25:00,720][com.java.TestType] [  487] - 2
[INFO ][2016-01-05 20:25:00,720][com.java.TestType] [  482] -  str(2) = 2
[INFO ][2016-01-05 20:25:00,720][com.java.TestType] [  482] -  str(1) = 2
[INFO ][2016-01-05 20:25:00,720][com.java.TestType] [  485] - Test case Id is---2
[INFO ][2016-01-05 20:25:00,720][com.java.TestType] [  487] - 2
[INFO ][2016-01-05 20:25:00,720][com.java.TestType] [  482] -  str(2) = 3
[INFO ][2016-01-05 20:25:00,720][com.java.TestType] [10609] - Looping 1TCID = 2
[DEBUG][2016-01-05 20:25:00,720][com.java.TestType] [10650] - Concept ID:2 :: Step being Executed: 2::1
[INFO ][2016-01-05 20:25:00,720][com.java.TestType] [10688] - dataFields : BNK//select[@id='bank']
[DEBUG][2016-01-05 20:25:00,720][com.java.TestType] [10694] - <In Set values of the page>
[DEBUG][2016-01-05 20:25:00,720][com.java.TestType] [10699] - {Data Fields & Data Values Exist}
[INFO ][2016-01-05 20:25:00,720][com.java.TestType] [10705] - --------------------------setting values-----------------------------
[INFO ][2016-01-05 20:25:00,720][com.java.TestType] [10708] - Action Type : Select
[INFO ][2016-01-05 20:25:00,720][com.java.TestType] [ 5705] - value = PFC
[INFO ][2016-01-05 20:25:00,930][com.java.TestType] [10727] -  RESULT true
[INFO ][2016-01-05 20:25:00,930][com.java.TestType] [10844] - ?   P A S S   ?
[DEBUG][2016-01-05 20:25:00,930][com.java.TestType] [10650] - Concept ID:2 :: Step being Executed: 2::2
[INFO ][2016-01-05 20:25:00,930][com.java.TestType] [10688] - dataFields : LNKLogout
[DEBUG][2016-01-05 20:25:00,930][com.java.TestType] [10694] - <In Set values of the page>
[DEBUG][2016-01-05 20:25:00,930][com.java.TestType] [10699] - {Data Fields & Data Values Exist}
[INFO ][2016-01-05 20:25:00,930][com.java.TestType] [10705] - --------------------------setting values-----------------------------
[INFO ][2016-01-05 20:25:00,930][com.java.TestType] [10708] - Action Type : WaitTime
[DEBUG][2016-01-05 20:25:00,930][com.java.TestType] [ 5525] - sleepTime: 5000
[INFO ][2016-01-05 20:25:05,935][com.java.TestType] [10727] -  RESULT true
[INFO ][2016-01-05 20:25:05,935][com.java.TestType] [10844] - ?   P A S S   ?
[INFO ][2016-01-05 20:25:05,935][com.java.TestType] [10915] - Looping End......
[INFO ][2016-01-05 20:25:05,935][com.java.SeleniumDriver] [  906] -  RESULT true
[INFO ][2016-01-05 20:25:05,935][com.java.SeleniumDriver] [ 1112] - ?   P A S S   ?
[INFO ][2016-01-05 20:25:05,935][com.java.SeleniumDriver] [  832] - ------------------------------------------
[INFO ][2016-01-05 20:25:05,935][com.java.SeleniumDriver] [  833] - Test case being Executed: 1
[INFO ][2016-01-05 20:25:05,935][com.java.SeleniumDriver] [  845] - Test step:3
[INFO ][2016-01-05 20:25:05,935][com.java.SeleniumDriver] [  857] - Datavalue is----------2
[INFO ][2016-01-05 20:25:05,935][com.java.SeleniumDriver] [  881] - DataField : XPH//button[contains(text(),'Add Content')]
[INFO ][2016-01-05 20:25:05,935][com.java.SeleniumDriver] [  883] - DataValue : 2
[INFO ][2016-01-05 20:25:05,935][com.java.SeleniumDriver] [  889] - <In Set values of the page>
[INFO ][2016-01-05 20:25:05,935][com.java.SeleniumDriver] [  892] - {Data Fields & Data Values Exist}
[INFO ][2016-01-05 20:25:05,935][com.java.SeleniumDriver] [  894] - --------------------------setting values-----------------------------
[INFO ][2016-01-05 20:25:05,935][com.java.SeleniumDriver] [  897] - Action Type : WAITFORELEMENT
[INFO ][2016-01-05 20:25:05,978][com.java.SeleniumDriver] [  906] -  RESULT true
[INFO ][2016-01-05 20:25:05,978][com.java.SeleniumDriver] [ 1112] - ?   P A S S   ?
[DEBUG][2016-01-05 20:25:05,978][com.java.SeleniumDriver] [ 1224] - Case found
[DEBUG][2016-01-05 20:25:05,978][com.java.SeleniumDriver] [ 1229] - Incrementing ReportCounters[0]:1
[INFO ][2016-01-05 20:25:05,978][com.java.SeleniumDriver] [ 1248] - The results are-------------------[1, 1, Valid Login, Pass, , Tue Jan 05 20:25:00 IST 2016, 1, 2, Valid Login, Pass, , Tue Jan 05 20:25:05 IST 2016, 1, 3, Valid Login, Pass, , Tue Jan 05 20:25:05 IST 2016]
[INFO ][2016-01-05 20:25:05,978][com.java.SeleniumDriver] [ 1252] - End time is-------35 sec
[INFO ][2016-01-05 20:25:05,978][com.java.SeleniumDriver] [ 1253] - The results are-------------------[1, 1, Valid Login, Pass, , Tue Jan 05 20:25:00 IST 2016, 1, 2, Valid Login, Pass, , Tue Jan 05 20:25:05 IST 2016, 1, 3, Valid Login, Pass, , Tue Jan 05 20:25:05 IST 2016]
[DEBUG][2016-01-05 20:25:05,978][com.java.ImportnExport.ExportTestResultsExcel] [  222] - testResultPath = D:\BankersDashboard/TestReports/Test Results_BankersDashBoard_010516_202432_IE10_United Bank.xls
[DEBUG][2016-01-05 20:25:05,978][com.java.ImportnExport.ExportTestResultsExcel] [  223] - browser is------------IE10
[DEBUG][2016-01-05 20:25:06,018][com.java.ImportnExport.ExportTestResultsExcel] [  270] - result.size() = 18
[DEBUG][2016-01-05 20:25:06,018][com.java.ImportnExport.ExportTestResultsExcel] [  274] - No of rows in sheet=1
[DEBUG][2016-01-05 20:25:06,018][com.java.ImportnExport.ExportTestResultsExcel] [  301] - ..in export..1
[DEBUG][2016-01-05 20:25:06,018][com.java.ImportnExport.ExportTestResultsExcel] [  301] - ..in export..Valid Login
[DEBUG][2016-01-05 20:25:06,018][com.java.ImportnExport.ExportTestResultsExcel] [  301] - ..in export..Pass
[DEBUG][2016-01-05 20:25:06,018][com.java.ImportnExport.ExportTestResultsExcel] [  301] - ..in export..
[DEBUG][2016-01-05 20:25:06,018][com.java.ImportnExport.ExportTestResultsExcel] [  301] - ..in export..Tue Jan 05 20:25:00 IST 2016
[INFO ][2016-01-05 20:25:06,028][com.java.SeleniumDriver] [ 1313] - out loop:0 size:3 TestCases:[1, 2, 3] testcases:[1, 2, 3]
[INFO ][2016-01-05 20:25:06,028][com.java.ImportnExport.ImportTestDataDetailsExcel] [   49] - test data details path===== D:\BankersDashboard\TestInputs\TestData.xls
[INFO ][2016-01-05 20:25:36,489][com.java.SeleniumDriver] [  832] - ------------------------------------------
[INFO ][2016-01-05 20:25:36,489][com.java.SeleniumDriver] [  833] - Test case being Executed: 2
[INFO ][2016-01-05 20:25:36,489][com.java.SeleniumDriver] [  845] - Test step:1
[INFO ][2016-01-05 20:25:36,489][com.java.SeleniumDriver] [  857] - Datavalue is----------Logout
[INFO ][2016-01-05 20:25:36,489][com.java.SeleniumDriver] [  881] - DataField : BTN
[INFO ][2016-01-05 20:25:36,489][com.java.SeleniumDriver] [  883] - DataValue : Logout
[INFO ][2016-01-05 20:25:36,489][com.java.SeleniumDriver] [  889] - <In Set values of the page>
[INFO ][2016-01-05 20:25:36,489][com.java.SeleniumDriver] [  892] - {Data Fields & Data Values Exist}
[INFO ][2016-01-05 20:25:36,489][com.java.SeleniumDriver] [  894] - --------------------------setting values-----------------------------
[INFO ][2016-01-05 20:25:36,489][com.java.SeleniumDriver] [  897] - Action Type : Verify
[INFO ][2016-01-05 20:25:36,489][com.java.TestType] [ 7081] - field= BTN value= Logout
[INFO ][2016-01-05 20:25:36,489][com.java.TestType] [ 5705] - value = Logout
[INFO ][2016-01-05 20:25:36,570][com.java.SeleniumDriver] [  906] -  RESULT true
[INFO ][2016-01-05 20:25:36,570][com.java.SeleniumDriver] [ 1112] - ?   P A S S   ?
[INFO ][2016-01-05 20:25:36,570][com.java.SeleniumDriver] [ 1154] - step change to 3
[INFO ][2016-01-05 20:25:36,570][com.java.SeleniumDriver] [  832] - ------------------------------------------
[INFO ][2016-01-05 20:25:36,570][com.java.SeleniumDriver] [  833] - Test case being Executed: 2
[INFO ][2016-01-05 20:25:36,570][com.java.SeleniumDriver] [  845] - Test step:3
[INFO ][2016-01-05 20:25:36,570][com.java.SeleniumDriver] [  857] - Datavalue is----------null
[DEBUG][2016-01-05 20:25:36,570][com.java.SeleniumDriver] [  875] - Exception: null
[INFO ][2016-01-05 20:25:36,570][com.java.SeleniumDriver] [  881] - DataField : //span[@class='icon-user4']&&//a[text()='Users']&&//a[@data-id="ModifyUsers"]
[INFO ][2016-01-05 20:25:36,570][com.java.SeleniumDriver] [  883] - DataValue : 
[INFO ][2016-01-05 20:25:36,570][com.java.SeleniumDriver] [  889] - <In Set values of the page>
[INFO ][2016-01-05 20:25:36,570][com.java.SeleniumDriver] [  892] - {Data Fields & Data Values Exist}
[INFO ][2016-01-05 20:25:36,570][com.java.SeleniumDriver] [  894] - --------------------------setting values-----------------------------
[INFO ][2016-01-05 20:25:36,570][com.java.SeleniumDriver] [  897] - Action Type : MouseOver
[INFO ][2016-01-05 20:26:03,768][com.java.SeleniumDriver] [  906] -  RESULT true
[INFO ][2016-01-05 20:26:03,768][com.java.SeleniumDriver] [ 1112] - ?   P A S S   ?
[INFO ][2016-01-05 20:26:03,768][com.java.SeleniumDriver] [  832] - ------------------------------------------
[INFO ][2016-01-05 20:26:03,768][com.java.SeleniumDriver] [  833] - Test case being Executed: 2
[INFO ][2016-01-05 20:26:03,768][com.java.SeleniumDriver] [  845] - Test step:4
[INFO ][2016-01-05 20:26:03,768][com.java.SeleniumDriver] [  857] - Datavalue is----------2
[INFO ][2016-01-05 20:26:03,768][com.java.SeleniumDriver] [  881] - DataField : BTNframeDialogContent
[INFO ][2016-01-05 20:26:03,768][com.java.SeleniumDriver] [  883] - DataValue : 2
[INFO ][2016-01-05 20:26:03,768][com.java.SeleniumDriver] [  889] - <In Set values of the page>
[INFO ][2016-01-05 20:26:03,768][com.java.SeleniumDriver] [  892] - {Data Fields & Data Values Exist}
[INFO ][2016-01-05 20:26:03,768][com.java.SeleniumDriver] [  894] - --------------------------setting values-----------------------------
[INFO ][2016-01-05 20:26:03,768][com.java.SeleniumDriver] [  897] - Action Type : WaitForElement
[INFO ][2016-01-05 20:26:04,959][com.java.SeleniumDriver] [  906] -  RESULT true
[INFO ][2016-01-05 20:26:04,959][com.java.SeleniumDriver] [ 1112] - ?   P A S S   ?
[INFO ][2016-01-05 20:26:04,959][com.java.SeleniumDriver] [  832] - ------------------------------------------
[INFO ][2016-01-05 20:26:04,959][com.java.SeleniumDriver] [  833] - Test case being Executed: 2
[INFO ][2016-01-05 20:26:04,959][com.java.SeleniumDriver] [  845] - Test step:5
[INFO ][2016-01-05 20:26:04,959][com.java.SeleniumDriver] [  857] - Datavalue is----------null
[DEBUG][2016-01-05 20:26:04,959][com.java.SeleniumDriver] [  875] - Exception: null
[INFO ][2016-01-05 20:26:04,959][com.java.SeleniumDriver] [  881] - DataField : BTNframeDialogContent
[INFO ][2016-01-05 20:26:04,959][com.java.SeleniumDriver] [  883] - DataValue : 
[INFO ][2016-01-05 20:26:04,959][com.java.SeleniumDriver] [  889] - <In Set values of the page>
[INFO ][2016-01-05 20:26:04,959][com.java.SeleniumDriver] [  892] - {Data Fields & Data Values Exist}
[INFO ][2016-01-05 20:26:04,959][com.java.SeleniumDriver] [  894] - --------------------------setting values-----------------------------
[INFO ][2016-01-05 20:26:04,959][com.java.SeleniumDriver] [  897] - Action Type : SelectFrame
[INFO ][2016-01-05 20:26:06,181][com.java.SeleniumDriver] [  906] -  RESULT true
[INFO ][2016-01-05 20:26:06,181][com.java.SeleniumDriver] [ 1112] - ?   P A S S   ?
[INFO ][2016-01-05 20:26:06,181][com.java.SeleniumDriver] [  832] - ------------------------------------------
[INFO ][2016-01-05 20:26:06,181][com.java.SeleniumDriver] [  833] - Test case being Executed: 2
[INFO ][2016-01-05 20:26:06,181][com.java.SeleniumDriver] [  845] - Test step:6
[INFO ][2016-01-05 20:26:06,181][com.java.SeleniumDriver] [  857] - Datavalue is----------2
[INFO ][2016-01-05 20:26:06,181][com.java.SeleniumDriver] [  881] - DataField : BTNbtnAddUser
[INFO ][2016-01-05 20:26:06,181][com.java.SeleniumDriver] [  883] - DataValue : 2
[INFO ][2016-01-05 20:26:06,181][com.java.SeleniumDriver] [  889] - <In Set values of the page>
[INFO ][2016-01-05 20:26:06,181][com.java.SeleniumDriver] [  892] - {Data Fields & Data Values Exist}
[INFO ][2016-01-05 20:26:06,181][com.java.SeleniumDriver] [  894] - --------------------------setting values-----------------------------
[INFO ][2016-01-05 20:26:06,181][com.java.SeleniumDriver] [  897] - Action Type : WaitForElement
[INFO ][2016-01-05 20:26:07,411][com.java.SeleniumDriver] [  906] -  RESULT true
[INFO ][2016-01-05 20:26:07,411][com.java.SeleniumDriver] [ 1112] - ?   P A S S   ?
[INFO ][2016-01-05 20:26:07,411][com.java.SeleniumDriver] [  832] - ------------------------------------------
[INFO ][2016-01-05 20:26:07,411][com.java.SeleniumDriver] [  833] - Test case being Executed: 2
[INFO ][2016-01-05 20:26:07,411][com.java.SeleniumDriver] [  845] - Test step:7
[INFO ][2016-01-05 20:26:07,411][com.java.SeleniumDriver] [  857] - Datavalue is----------null
[DEBUG][2016-01-05 20:26:07,411][com.java.SeleniumDriver] [  875] - Exception: null
[INFO ][2016-01-05 20:26:07,411][com.java.SeleniumDriver] [  881] - DataField : BTNbtnAddUser
[INFO ][2016-01-05 20:26:07,411][com.java.SeleniumDriver] [  883] - DataValue : 
[INFO ][2016-01-05 20:26:07,411][com.java.SeleniumDriver] [  889] - <In Set values of the page>
[INFO ][2016-01-05 20:26:07,411][com.java.SeleniumDriver] [  892] - {Data Fields & Data Values Exist}
[INFO ][2016-01-05 20:26:07,411][com.java.SeleniumDriver] [  894] - --------------------------setting values-----------------------------
[INFO ][2016-01-05 20:26:07,411][com.java.SeleniumDriver] [  897] - Action Type : Click
[INFO ][2016-01-05 20:26:07,411][com.java.TestType] [ 6084] - Field ::BTNbtnAddUser
[INFO ][2016-01-05 20:26:07,411][com.java.TestType] [ 5705] - value = 
[INFO ][2016-01-05 20:26:08,412][com.java.TestType] [ 6200] - BEFORE CLICK
[INFO ][2016-01-05 20:26:09,814][com.java.TestType] [ 6207] - Unable to click the object Add user button
[INFO ][2016-01-05 20:26:09,814][com.java.SeleniumDriver] [  906] -  RESULT true
[INFO ][2016-01-05 20:26:09,814][com.java.SeleniumDriver] [ 1112] - ?   P A S S   ?
[INFO ][2016-01-05 20:26:09,814][com.java.SeleniumDriver] [  832] - ------------------------------------------
[INFO ][2016-01-05 20:26:09,814][com.java.SeleniumDriver] [  833] - Test case being Executed: 2
[INFO ][2016-01-05 20:26:09,814][com.java.SeleniumDriver] [  845] - Test step:8
[INFO ][2016-01-05 20:26:09,814][com.java.SeleniumDriver] [  857] - Datavalue is----------2
[INFO ][2016-01-05 20:26:09,814][com.java.SeleniumDriver] [  881] - DataField : BTNtxtUserName
[INFO ][2016-01-05 20:26:09,814][com.java.SeleniumDriver] [  883] - DataValue : 2
[INFO ][2016-01-05 20:26:09,814][com.java.SeleniumDriver] [  889] - <In Set values of the page>
[INFO ][2016-01-05 20:26:09,814][com.java.SeleniumDriver] [  892] - {Data Fields & Data Values Exist}
[INFO ][2016-01-05 20:26:09,814][com.java.SeleniumDriver] [  894] - --------------------------setting values-----------------------------
[INFO ][2016-01-05 20:26:09,814][com.java.SeleniumDriver] [  897] - Action Type : WaitForElement
[INFO ][2016-01-05 20:26:13,334][com.java.SeleniumDriver] [  906] -  RESULT true
[INFO ][2016-01-05 20:26:13,334][com.java.SeleniumDriver] [ 1112] - ?   P A S S   ?
[INFO ][2016-01-05 20:26:13,334][com.java.SeleniumDriver] [  832] - ------------------------------------------
[INFO ][2016-01-05 20:26:13,334][com.java.SeleniumDriver] [  833] - Test case being Executed: 2
[INFO ][2016-01-05 20:26:13,334][com.java.SeleniumDriver] [  845] - Test step:9
[INFO ][2016-01-05 20:26:13,334][com.java.SeleniumDriver] [  857] - Datavalue is----------5
[INFO ][2016-01-05 20:26:13,334][com.java.SeleniumDriver] [  881] - DataField : TXTtxtUserName
[INFO ][2016-01-05 20:26:13,334][com.java.SeleniumDriver] [  883] - DataValue : 5
[INFO ][2016-01-05 20:26:13,334][com.java.SeleniumDriver] [  889] - <In Set values of the page>
[INFO ][2016-01-05 20:26:13,334][com.java.SeleniumDriver] [  892] - {Data Fields & Data Values Exist}
[INFO ][2016-01-05 20:26:13,334][com.java.SeleniumDriver] [  894] - --------------------------setting values-----------------------------
[INFO ][2016-01-05 20:26:13,334][com.java.SeleniumDriver] [  897] - Action Type : WaitForElement
[INFO ][2016-01-05 20:26:14,405][com.java.SeleniumDriver] [  906] -  RESULT true
[INFO ][2016-01-05 20:26:14,405][com.java.SeleniumDriver] [ 1112] - ?   P A S S   ?
[INFO ][2016-01-05 20:26:14,405][com.java.SeleniumDriver] [  832] - ------------------------------------------
[INFO ][2016-01-05 20:26:14,405][com.java.SeleniumDriver] [  833] - Test case being Executed: 2
[INFO ][2016-01-05 20:26:14,405][com.java.SeleniumDriver] [  845] - Test step:10
[INFO ][2016-01-05 20:26:14,405][com.java.SeleniumDriver] [  857] - Datavalue is----------RNDvltest.robot
[INFO ][2016-01-05 20:26:14,405][com.java.SeleniumDriver] [  881] - DataField : TXTtxtUserName
[INFO ][2016-01-05 20:26:14,405][com.java.SeleniumDriver] [  883] - DataValue : RNDvltest.robot
[INFO ][2016-01-05 20:26:14,405][com.java.SeleniumDriver] [  889] - <In Set values of the page>
[INFO ][2016-01-05 20:26:14,405][com.java.SeleniumDriver] [  892] - {Data Fields & Data Values Exist}
[INFO ][2016-01-05 20:26:14,405][com.java.SeleniumDriver] [  894] - --------------------------setting values-----------------------------
[INFO ][2016-01-05 20:26:14,405][com.java.SeleniumDriver] [  897] - Action Type : CLEARANDENTER
[INFO ][2016-01-05 20:26:14,405][com.java.TestType] [ 5705] - value = vltest.robot71161
[INFO ][2016-01-05 20:26:16,888][com.java.SeleniumDriver] [  906] -  RESULT true
[INFO ][2016-01-05 20:26:16,888][com.java.SeleniumDriver] [ 1112] - ?   P A S S   ?
[INFO ][2016-01-05 20:26:16,888][com.java.SeleniumDriver] [  832] - ------------------------------------------
[INFO ][2016-01-05 20:26:16,888][com.java.SeleniumDriver] [  833] - Test case being Executed: 2
[INFO ][2016-01-05 20:26:16,888][com.java.SeleniumDriver] [  845] - Test step:11
[INFO ][2016-01-05 20:26:16,888][com.java.SeleniumDriver] [  857] - Datavalue is----------5
[INFO ][2016-01-05 20:26:16,888][com.java.SeleniumDriver] [  881] - DataField : TXTtxtFirstName
[INFO ][2016-01-05 20:26:16,888][com.java.SeleniumDriver] [  883] - DataValue : 5
[INFO ][2016-01-05 20:26:16,888][com.java.SeleniumDriver] [  889] - <In Set values of the page>
[INFO ][2016-01-05 20:26:16,888][com.java.SeleniumDriver] [  892] - {Data Fields & Data Values Exist}
[INFO ][2016-01-05 20:26:16,888][com.java.SeleniumDriver] [  894] - --------------------------setting values-----------------------------
[INFO ][2016-01-05 20:26:16,888][com.java.SeleniumDriver] [  897] - Action Type : WaitForElement
[INFO ][2016-01-05 20:26:17,958][com.java.SeleniumDriver] [  906] -  RESULT true
[INFO ][2016-01-05 20:26:17,958][com.java.SeleniumDriver] [ 1112] - ?   P A S S   ?
[INFO ][2016-01-05 20:26:17,958][com.java.SeleniumDriver] [  832] - ------------------------------------------
[INFO ][2016-01-05 20:26:17,958][com.java.SeleniumDriver] [  833] - Test case being Executed: 2
[INFO ][2016-01-05 20:26:17,958][com.java.SeleniumDriver] [  845] - Test step:12
[INFO ][2016-01-05 20:26:17,958][com.java.SeleniumDriver] [  857] - Datavalue is----------GivenNewUserName
[INFO ][2016-01-05 20:26:17,958][com.java.SeleniumDriver] [  881] - DataField : TXTtxtUserName
[INFO ][2016-01-05 20:26:17,958][com.java.SeleniumDriver] [  883] - DataValue : GivenNewUserName
[INFO ][2016-01-05 20:26:17,958][com.java.SeleniumDriver] [  889] - <In Set values of the page>
[INFO ][2016-01-05 20:26:17,958][com.java.SeleniumDriver] [  892] - {Data Fields & Data Values Exist}
[INFO ][2016-01-05 20:26:17,958][com.java.SeleniumDriver] [  894] - --------------------------setting values-----------------------------
[INFO ][2016-01-05 20:26:17,958][com.java.SeleniumDriver] [  897] - Action Type : STOREVALUE
[INFO ][2016-01-05 20:26:17,958][com.java.TestType] [ 8399] - field= TXTtxtUserName
[DEBUG][2016-01-05 20:26:19,070][com.java.TestType] [ 8413] - Key:: GivenNewUserName  Value:: vltest.robot71161
[INFO ][2016-01-05 20:26:19,070][com.java.SeleniumDriver] [  906] -  RESULT true
[INFO ][2016-01-05 20:26:19,070][com.java.SeleniumDriver] [ 1112] - ?   P A S S   ?
[INFO ][2016-01-05 20:26:19,070][com.java.SeleniumDriver] [  832] - ------------------------------------------
[INFO ][2016-01-05 20:26:19,070][com.java.SeleniumDriver] [  833] - Test case being Executed: 2
[INFO ][2016-01-05 20:26:19,070][com.java.SeleniumDriver] [  845] - Test step:13
[INFO ][2016-01-05 20:26:19,070][com.java.SeleniumDriver] [  857] - Datavalue is----------VLTest
[INFO ][2016-01-05 20:26:19,070][com.java.SeleniumDriver] [  881] - DataField : TXTtxtFirstName
[INFO ][2016-01-05 20:26:19,070][com.java.SeleniumDriver] [  883] - DataValue : VLTest
[INFO ][2016-01-05 20:26:19,070][com.java.SeleniumDriver] [  889] - <In Set values of the page>
[INFO ][2016-01-05 20:26:19,070][com.java.SeleniumDriver] [  892] - {Data Fields & Data Values Exist}
[INFO ][2016-01-05 20:26:19,070][com.java.SeleniumDriver] [  894] - --------------------------setting values-----------------------------
[INFO ][2016-01-05 20:26:19,070][com.java.SeleniumDriver] [  897] - Action Type : Enter
[INFO ][2016-01-05 20:26:19,070][com.java.TestType] [ 6508] - field = txtFirstName
[INFO ][2016-01-05 20:26:19,070][com.java.TestType] [ 5705] - value = VLTest
[INFO ][2016-01-05 20:26:20,761][com.java.SeleniumDriver] [  906] -  RESULT true
[INFO ][2016-01-05 20:26:20,761][com.java.SeleniumDriver] [ 1112] - ?   P A S S   ?
[INFO ][2016-01-05 20:26:20,761][com.java.SeleniumDriver] [  832] - ------------------------------------------
[INFO ][2016-01-05 20:26:20,761][com.java.SeleniumDriver] [  833] - Test case being Executed: 2
[INFO ][2016-01-05 20:26:20,761][com.java.SeleniumDriver] [  845] - Test step:14
[INFO ][2016-01-05 20:26:20,761][com.java.SeleniumDriver] [  857] - Datavalue is----------5
[INFO ][2016-01-05 20:26:20,761][com.java.SeleniumDriver] [  881] - DataField : TXTtxtLastName
[INFO ][2016-01-05 20:26:20,761][com.java.SeleniumDriver] [  883] - DataValue : 5
[INFO ][2016-01-05 20:26:20,761][com.java.SeleniumDriver] [  889] - <In Set values of the page>
[INFO ][2016-01-05 20:26:20,761][com.java.SeleniumDriver] [  892] - {Data Fields & Data Values Exist}
[INFO ][2016-01-05 20:26:20,761][com.java.SeleniumDriver] [  894] - --------------------------setting values-----------------------------
[INFO ][2016-01-05 20:26:20,761][com.java.SeleniumDriver] [  897] - Action Type : WaitForElement
[INFO ][2016-01-05 20:26:21,841][com.java.SeleniumDriver] [  906] -  RESULT true
[INFO ][2016-01-05 20:26:21,841][com.java.SeleniumDriver] [ 1112] - ?   P A S S   ?
[INFO ][2016-01-05 20:26:21,841][com.java.SeleniumDriver] [  832] - ------------------------------------------
[INFO ][2016-01-05 20:26:21,841][com.java.SeleniumDriver] [  833] - Test case being Executed: 2
[INFO ][2016-01-05 20:26:21,841][com.java.SeleniumDriver] [  845] - Test step:15
[INFO ][2016-01-05 20:26:21,841][com.java.SeleniumDriver] [  857] - Datavalue is----------Robot
[INFO ][2016-01-05 20:26:21,841][com.java.SeleniumDriver] [  881] - DataField : TXTtxtLastName
[INFO ][2016-01-05 20:26:21,841][com.java.SeleniumDriver] [  883] - DataValue : Robot
[INFO ][2016-01-05 20:26:21,841][com.java.SeleniumDriver] [  889] - <In Set values of the page>
[INFO ][2016-01-05 20:26:21,841][com.java.SeleniumDriver] [  892] - {Data Fields & Data Values Exist}
[INFO ][2016-01-05 20:26:21,841][com.java.SeleniumDriver] [  894] - --------------------------setting values-----------------------------
[INFO ][2016-01-05 20:26:21,841][com.java.SeleniumDriver] [  897] - Action Type : Enter
[INFO ][2016-01-05 20:26:21,841][com.java.TestType] [ 6508] - field = txtLastName
[INFO ][2016-01-05 20:26:21,841][com.java.TestType] [ 5705] - value = Robot
[INFO ][2016-01-05 20:26:23,273][com.java.SeleniumDriver] [  906] -  RESULT true
[INFO ][2016-01-05 20:26:23,273][com.java.SeleniumDriver] [ 1112] - ?   P A S S   ?
[INFO ][2016-01-05 20:26:23,273][com.java.SeleniumDriver] [  832] - ------------------------------------------
[INFO ][2016-01-05 20:26:23,273][com.java.SeleniumDriver] [  833] - Test case being Executed: 2
[INFO ][2016-01-05 20:26:23,273][com.java.SeleniumDriver] [  845] - Test step:16
[INFO ][2016-01-05 20:26:23,273][com.java.SeleniumDriver] [  857] - Datavalue is----------5
[INFO ][2016-01-05 20:26:23,273][com.java.SeleniumDriver] [  881] - DataField : TXTtxtCompany
[INFO ][2016-01-05 20:26:23,273][com.java.SeleniumDriver] [  883] - DataValue : 5
[INFO ][2016-01-05 20:26:23,273][com.java.SeleniumDriver] [  889] - <In Set values of the page>
[INFO ][2016-01-05 20:26:23,273][com.java.SeleniumDriver] [  892] - {Data Fields & Data Values Exist}
[INFO ][2016-01-05 20:26:23,273][com.java.SeleniumDriver] [  894] - --------------------------setting values-----------------------------
[INFO ][2016-01-05 20:26:23,273][com.java.SeleniumDriver] [  897] - Action Type : WaitForElement
[INFO ][2016-01-05 20:26:24,353][com.java.SeleniumDriver] [  906] -  RESULT true
[INFO ][2016-01-05 20:26:24,353][com.java.SeleniumDriver] [ 1112] - ?   P A S S   ?
[INFO ][2016-01-05 20:26:24,353][com.java.SeleniumDriver] [  832] - ------------------------------------------
[INFO ][2016-01-05 20:26:24,353][com.java.SeleniumDriver] [  833] - Test case being Executed: 2
[INFO ][2016-01-05 20:26:24,353][com.java.SeleniumDriver] [  845] - Test step:17
[INFO ][2016-01-05 20:26:24,353][com.java.SeleniumDriver] [  857] - Datavalue is----------ValueLabs
[INFO ][2016-01-05 20:26:24,353][com.java.SeleniumDriver] [  881] - DataField : TXTtxtCompany
[INFO ][2016-01-05 20:26:24,353][com.java.SeleniumDriver] [  883] - DataValue : ValueLabs
[INFO ][2016-01-05 20:26:24,353][com.java.SeleniumDriver] [  889] - <In Set values of the page>
[INFO ][2016-01-05 20:26:24,353][com.java.SeleniumDriver] [  892] - {Data Fields & Data Values Exist}
[INFO ][2016-01-05 20:26:24,353][com.java.SeleniumDriver] [  894] - --------------------------setting values-----------------------------
[INFO ][2016-01-05 20:26:24,353][com.java.SeleniumDriver] [  897] - Action Type : Enter
[INFO ][2016-01-05 20:26:24,353][com.java.TestType] [ 6508] - field = txtCompany
[INFO ][2016-01-05 20:26:24,353][com.java.TestType] [ 5705] - value = ValueLabs
[INFO ][2016-01-05 20:26:25,955][com.java.SeleniumDriver] [  906] -  RESULT true
[INFO ][2016-01-05 20:26:25,955][com.java.SeleniumDriver] [ 1112] - ?   P A S S   ?
[INFO ][2016-01-05 20:26:25,955][com.java.SeleniumDriver] [  832] - ------------------------------------------
[INFO ][2016-01-05 20:26:25,955][com.java.SeleniumDriver] [  833] - Test case being Executed: 2
[INFO ][2016-01-05 20:26:25,955][com.java.SeleniumDriver] [  845] - Test step:18
[INFO ][2016-01-05 20:26:25,955][com.java.SeleniumDriver] [  857] - Datavalue is----------5
[INFO ][2016-01-05 20:26:25,955][com.java.SeleniumDriver] [  881] - DataField : TXTtxtLocation
[INFO ][2016-01-05 20:26:25,955][com.java.SeleniumDriver] [  883] - DataValue : 5
[INFO ][2016-01-05 20:26:25,955][com.java.SeleniumDriver] [  889] - <In Set values of the page>
[INFO ][2016-01-05 20:26:25,955][com.java.SeleniumDriver] [  892] - {Data Fields & Data Values Exist}
[INFO ][2016-01-05 20:26:25,955][com.java.SeleniumDriver] [  894] - --------------------------setting values-----------------------------
[INFO ][2016-01-05 20:26:25,955][com.java.SeleniumDriver] [  897] - Action Type : WaitForElement
[INFO ][2016-01-05 20:26:27,035][com.java.SeleniumDriver] [  906] -  RESULT true
[INFO ][2016-01-05 20:26:27,035][com.java.SeleniumDriver] [ 1112] - ?   P A S S   ?
[INFO ][2016-01-05 20:26:27,035][com.java.SeleniumDriver] [  832] - ------------------------------------------
[INFO ][2016-01-05 20:26:27,035][com.java.SeleniumDriver] [  833] - Test case being Executed: 2
[INFO ][2016-01-05 20:26:27,035][com.java.SeleniumDriver] [  845] - Test step:19
[INFO ][2016-01-05 20:26:27,035][com.java.SeleniumDriver] [  857] - Datavalue is----------India
[INFO ][2016-01-05 20:26:27,035][com.java.SeleniumDriver] [  881] - DataField : TXTtxtLocation
[INFO ][2016-01-05 20:26:27,035][com.java.SeleniumDriver] [  883] - DataValue : India
[INFO ][2016-01-05 20:26:27,035][com.java.SeleniumDriver] [  889] - <In Set values of the page>
[INFO ][2016-01-05 20:26:27,035][com.java.SeleniumDriver] [  892] - {Data Fields & Data Values Exist}
[INFO ][2016-01-05 20:26:27,035][com.java.SeleniumDriver] [  894] - --------------------------setting values-----------------------------
[INFO ][2016-01-05 20:26:27,035][com.java.SeleniumDriver] [  897] - Action Type : Enter
[INFO ][2016-01-05 20:26:27,035][com.java.TestType] [ 6508] - field = txtLocation
[INFO ][2016-01-05 20:26:27,035][com.java.TestType] [ 5705] - value = India
[INFO ][2016-01-05 20:26:28,477][com.java.SeleniumDriver] [  906] -  RESULT true
[INFO ][2016-01-05 20:26:28,477][com.java.SeleniumDriver] [ 1112] - ?   P A S S   ?
[INFO ][2016-01-05 20:26:28,477][com.java.SeleniumDriver] [  832] - ------------------------------------------
[INFO ][2016-01-05 20:26:28,477][com.java.SeleniumDriver] [  833] - Test case being Executed: 2
[INFO ][2016-01-05 20:26:28,477][com.java.SeleniumDriver] [  845] - Test step:20
[INFO ][2016-01-05 20:26:28,477][com.java.SeleniumDriver] [  857] - Datavalue is----------5
[INFO ][2016-01-05 20:26:28,477][com.java.SeleniumDriver] [  881] - DataField : TXTtxtEMail
[INFO ][2016-01-05 20:26:28,477][com.java.SeleniumDriver] [  883] - DataValue : 5
[INFO ][2016-01-05 20:26:28,477][com.java.SeleniumDriver] [  889] - <In Set values of the page>
[INFO ][2016-01-05 20:26:28,477][com.java.SeleniumDriver] [  892] - {Data Fields & Data Values Exist}
[INFO ][2016-01-05 20:26:28,477][com.java.SeleniumDriver] [  894] - --------------------------setting values-----------------------------
[INFO ][2016-01-05 20:26:28,477][com.java.SeleniumDriver] [  897] - Action Type : WaitForElement
[INFO ][2016-01-05 20:26:29,547][com.java.SeleniumDriver] [  906] -  RESULT true
[INFO ][2016-01-05 20:26:29,547][com.java.SeleniumDriver] [ 1112] - ?   P A S S   ?
[INFO ][2016-01-05 20:26:29,547][com.java.SeleniumDriver] [  832] - ------------------------------------------
[INFO ][2016-01-05 20:26:29,547][com.java.SeleniumDriver] [  833] - Test case being Executed: 2
[INFO ][2016-01-05 20:26:29,547][com.java.SeleniumDriver] [  845] - Test step:21
[INFO ][2016-01-05 20:26:29,547][com.java.SeleniumDriver] [  857] - Datavalue is----------vltest.robot@valuelabs.com
[INFO ][2016-01-05 20:26:29,547][com.java.SeleniumDriver] [  881] - DataField : TXTtxtEMail
[INFO ][2016-01-05 20:26:29,547][com.java.SeleniumDriver] [  883] - DataValue : vltest.robot@valuelabs.com
[INFO ][2016-01-05 20:26:29,547][com.java.SeleniumDriver] [  889] - <In Set values of the page>
[INFO ][2016-01-05 20:26:29,547][com.java.SeleniumDriver] [  892] - {Data Fields & Data Values Exist}
[INFO ][2016-01-05 20:26:29,547][com.java.SeleniumDriver] [  894] - --------------------------setting values-----------------------------
[INFO ][2016-01-05 20:26:29,547][com.java.SeleniumDriver] [  897] - Action Type : Enter
[INFO ][2016-01-05 20:26:29,547][com.java.TestType] [ 6508] - field = txtEMail
[INFO ][2016-01-05 20:26:29,547][com.java.TestType] [ 5705] - value = vltest.robot@valuelabs.com
[INFO ][2016-01-05 20:26:31,209][com.java.SeleniumDriver] [  906] -  RESULT true
[INFO ][2016-01-05 20:26:31,209][com.java.SeleniumDriver] [ 1112] - ?   P A S S   ?
[INFO ][2016-01-05 20:26:31,209][com.java.SeleniumDriver] [  832] - ------------------------------------------
[INFO ][2016-01-05 20:26:31,209][com.java.SeleniumDriver] [  833] - Test case being Executed: 2
[INFO ][2016-01-05 20:26:31,209][com.java.SeleniumDriver] [  845] - Test step:22
[INFO ][2016-01-05 20:26:31,209][com.java.SeleniumDriver] [  857] - Datavalue is----------5
[INFO ][2016-01-05 20:26:31,209][com.java.SeleniumDriver] [  881] - DataField : TXTtxtPhone
[INFO ][2016-01-05 20:26:31,209][com.java.SeleniumDriver] [  883] - DataValue : 5
[INFO ][2016-01-05 20:26:31,209][com.java.SeleniumDriver] [  889] - <In Set values of the page>
[INFO ][2016-01-05 20:26:31,209][com.java.SeleniumDriver] [  892] - {Data Fields & Data Values Exist}
[INFO ][2016-01-05 20:26:31,209][com.java.SeleniumDriver] [  894] - --------------------------setting values-----------------------------
[INFO ][2016-01-05 20:26:31,209][com.java.SeleniumDriver] [  897] - Action Type : WaitForElement
[INFO ][2016-01-05 20:26:32,279][com.java.SeleniumDriver] [  906] -  RESULT true
[INFO ][2016-01-05 20:26:32,279][com.java.SeleniumDriver] [ 1112] - ?   P A S S   ?
[INFO ][2016-01-05 20:26:32,279][com.java.SeleniumDriver] [  832] - ------------------------------------------
[INFO ][2016-01-05 20:26:32,279][com.java.SeleniumDriver] [  833] - Test case being Executed: 2
[INFO ][2016-01-05 20:26:32,279][com.java.SeleniumDriver] [  845] - Test step:23
[INFO ][2016-01-05 20:26:32,279][com.java.SeleniumDriver] [  857] - Datavalue is----------12345678901
[INFO ][2016-01-05 20:26:32,279][com.java.SeleniumDriver] [  881] - DataField : TXTtxtPhone
[INFO ][2016-01-05 20:26:32,279][com.java.SeleniumDriver] [  883] - DataValue : 12345678901
[INFO ][2016-01-05 20:26:32,279][com.java.SeleniumDriver] [  889] - <In Set values of the page>
[INFO ][2016-01-05 20:26:32,279][com.java.SeleniumDriver] [  892] - {Data Fields & Data Values Exist}
[INFO ][2016-01-05 20:26:32,279][com.java.SeleniumDriver] [  894] - --------------------------setting values-----------------------------
[INFO ][2016-01-05 20:26:32,279][com.java.SeleniumDriver] [  897] - Action Type : Enter
[INFO ][2016-01-05 20:26:32,279][com.java.TestType] [ 6508] - field = txtPhone
[INFO ][2016-01-05 20:26:32,279][com.java.TestType] [ 5705] - value = 12345678901
[INFO ][2016-01-05 20:26:33,681][com.java.SeleniumDriver] [  906] -  RESULT true
[INFO ][2016-01-05 20:26:33,681][com.java.SeleniumDriver] [ 1112] - ?   P A S S   ?
[INFO ][2016-01-05 20:26:33,681][com.java.SeleniumDriver] [  832] - ------------------------------------------
[INFO ][2016-01-05 20:26:33,681][com.java.SeleniumDriver] [  833] - Test case being Executed: 2
[INFO ][2016-01-05 20:26:33,681][com.java.SeleniumDriver] [  845] - Test step:24
[INFO ][2016-01-05 20:26:33,681][com.java.SeleniumDriver] [  857] - Datavalue is----------5
[INFO ][2016-01-05 20:26:33,681][com.java.SeleniumDriver] [  881] - DataField : TXTtxtPassword
[INFO ][2016-01-05 20:26:33,681][com.java.SeleniumDriver] [  883] - DataValue : 5
[INFO ][2016-01-05 20:26:33,681][com.java.SeleniumDriver] [  889] - <In Set values of the page>
[INFO ][2016-01-05 20:26:33,681][com.java.SeleniumDriver] [  892] - {Data Fields & Data Values Exist}
[INFO ][2016-01-05 20:26:33,681][com.java.SeleniumDriver] [  894] - --------------------------setting values-----------------------------
[INFO ][2016-01-05 20:26:33,681][com.java.SeleniumDriver] [  897] - Action Type : WaitForElement
[INFO ][2016-01-05 20:26:34,761][com.java.SeleniumDriver] [  906] -  RESULT true
[INFO ][2016-01-05 20:26:34,761][com.java.SeleniumDriver] [ 1112] - ?   P A S S   ?
[INFO ][2016-01-05 20:26:34,761][com.java.SeleniumDriver] [  832] - ------------------------------------------
[INFO ][2016-01-05 20:26:34,761][com.java.SeleniumDriver] [  833] - Test case being Executed: 2
[INFO ][2016-01-05 20:26:34,761][com.java.SeleniumDriver] [  845] - Test step:25
[INFO ][2016-01-05 20:26:34,761][com.java.SeleniumDriver] [  857] - Datavalue is----------dt:NewUserPswd
[INFO ][2016-01-05 20:26:34,761][com.java.SeleniumDriver] [  881] - DataField : TXTtxtPassword
[INFO ][2016-01-05 20:26:34,761][com.java.SeleniumDriver] [  883] - DataValue : dt:NewUserPswd
[INFO ][2016-01-05 20:26:34,761][com.java.SeleniumDriver] [  889] - <In Set values of the page>
[INFO ][2016-01-05 20:26:34,761][com.java.SeleniumDriver] [  892] - {Data Fields & Data Values Exist}
[INFO ][2016-01-05 20:26:34,761][com.java.SeleniumDriver] [  894] - --------------------------setting values-----------------------------
[INFO ][2016-01-05 20:26:34,761][com.java.SeleniumDriver] [  897] - Action Type : CLEARANDENTER
[INFO ][2016-01-05 20:26:34,761][com.java.TestType] [ 5705] - value = Password1*
[INFO ][2016-01-05 20:26:37,394][com.java.SeleniumDriver] [  906] -  RESULT true
[INFO ][2016-01-05 20:26:37,394][com.java.SeleniumDriver] [ 1112] - ?   P A S S   ?
[INFO ][2016-01-05 20:26:37,394][com.java.SeleniumDriver] [  832] - ------------------------------------------
[INFO ][2016-01-05 20:26:37,394][com.java.SeleniumDriver] [  833] - Test case being Executed: 2
[INFO ][2016-01-05 20:26:37,394][com.java.SeleniumDriver] [  845] - Test step:26
[INFO ][2016-01-05 20:26:37,394][com.java.SeleniumDriver] [  857] - Datavalue is----------5
[INFO ][2016-01-05 20:26:37,394][com.java.SeleniumDriver] [  881] - DataField : TXTtxtPasswordConfirm
[INFO ][2016-01-05 20:26:37,394][com.java.SeleniumDriver] [  883] - DataValue : 5
[INFO ][2016-01-05 20:26:37,394][com.java.SeleniumDriver] [  889] - <In Set values of the page>
[INFO ][2016-01-05 20:26:37,394][com.java.SeleniumDriver] [  892] - {Data Fields & Data Values Exist}
[INFO ][2016-01-05 20:26:37,394][com.java.SeleniumDriver] [  894] - --------------------------setting values-----------------------------
[INFO ][2016-01-05 20:26:37,394][com.java.SeleniumDriver] [  897] - Action Type : WaitForElement
[INFO ][2016-01-05 20:26:38,464][com.java.SeleniumDriver] [  906] -  RESULT true
[INFO ][2016-01-05 20:26:38,464][com.java.SeleniumDriver] [ 1112] - ?   P A S S   ?
[INFO ][2016-01-05 20:26:38,464][com.java.SeleniumDriver] [  832] - ------------------------------------------
[INFO ][2016-01-05 20:26:38,464][com.java.SeleniumDriver] [  833] - Test case being Executed: 2
[INFO ][2016-01-05 20:26:38,464][com.java.SeleniumDriver] [  845] - Test step:27
[INFO ][2016-01-05 20:26:38,464][com.java.SeleniumDriver] [  857] - Datavalue is----------dt:NewUserPswd
[INFO ][2016-01-05 20:26:38,464][com.java.SeleniumDriver] [  881] - DataField : TXTtxtPasswordConfirm
[INFO ][2016-01-05 20:26:38,464][com.java.SeleniumDriver] [  883] - DataValue : dt:NewUserPswd
[INFO ][2016-01-05 20:26:38,464][com.java.SeleniumDriver] [  889] - <In Set values of the page>
[INFO ][2016-01-05 20:26:38,464][com.java.SeleniumDriver] [  892] - {Data Fields & Data Values Exist}
[INFO ][2016-01-05 20:26:38,464][com.java.SeleniumDriver] [  894] - --------------------------setting values-----------------------------
[INFO ][2016-01-05 20:26:38,464][com.java.SeleniumDriver] [  897] - Action Type : CLEARANDENTER
[INFO ][2016-01-05 20:26:38,464][com.java.TestType] [ 5705] - value = Password1*
[INFO ][2016-01-05 20:26:41,117][com.java.SeleniumDriver] [  906] -  RESULT true
[INFO ][2016-01-05 20:26:41,117][com.java.SeleniumDriver] [ 1112] - ?   P A S S   ?
[INFO ][2016-01-05 20:26:41,117][com.java.SeleniumDriver] [  832] - ------------------------------------------
[INFO ][2016-01-05 20:26:41,117][com.java.SeleniumDriver] [  833] - Test case being Executed: 2
[INFO ][2016-01-05 20:26:41,117][com.java.SeleniumDriver] [  845] - Test step:28
[INFO ][2016-01-05 20:26:41,117][com.java.SeleniumDriver] [  857] - Datavalue is----------5
[INFO ][2016-01-05 20:26:41,117][com.java.SeleniumDriver] [  881] - DataField : test
[INFO ][2016-01-05 20:26:41,117][com.java.SeleniumDriver] [  883] - DataValue : 5
[INFO ][2016-01-05 20:26:41,117][com.java.SeleniumDriver] [  889] - <In Set values of the page>
[INFO ][2016-01-05 20:26:41,117][com.java.SeleniumDriver] [  892] - {Data Fields & Data Values Exist}
[INFO ][2016-01-05 20:26:41,117][com.java.SeleniumDriver] [  894] - --------------------------setting values-----------------------------
[INFO ][2016-01-05 20:26:41,117][com.java.SeleniumDriver] [  897] - Action Type : WaitTime
[DEBUG][2016-01-05 20:26:41,117][com.java.TestType] [ 5525] - sleepTime: 5000
[INFO ][2016-01-05 20:26:46,117][com.java.SeleniumDriver] [  906] -  RESULT true
[INFO ][2016-01-05 20:26:46,117][com.java.SeleniumDriver] [ 1112] - ?   P A S S   ?
[INFO ][2016-01-05 20:26:46,117][com.java.SeleniumDriver] [  832] - ------------------------------------------
[INFO ][2016-01-05 20:26:46,117][com.java.SeleniumDriver] [  833] - Test case being Executed: 2
[INFO ][2016-01-05 20:26:46,117][com.java.SeleniumDriver] [  845] - Test step:29
[INFO ][2016-01-05 20:26:46,117][com.java.SeleniumDriver] [  857] - Datavalue is----------null
[DEBUG][2016-01-05 20:26:46,117][com.java.SeleniumDriver] [  875] - Exception: null
[INFO ][2016-01-05 20:26:46,117][com.java.SeleniumDriver] [  881] - DataField : BTNparent
[INFO ][2016-01-05 20:26:46,117][com.java.SeleniumDriver] [  883] - DataValue : 
[INFO ][2016-01-05 20:26:46,117][com.java.SeleniumDriver] [  889] - <In Set values of the page>
[INFO ][2016-01-05 20:26:46,117][com.java.SeleniumDriver] [  892] - {Data Fields & Data Values Exist}
[INFO ][2016-01-05 20:26:46,117][com.java.SeleniumDriver] [  894] - --------------------------setting values-----------------------------
[INFO ][2016-01-05 20:26:46,117][com.java.SeleniumDriver] [  897] - Action Type : SelectFrame
[INFO ][2016-01-05 20:26:46,127][com.java.SeleniumDriver] [  906] -  RESULT true
[INFO ][2016-01-05 20:26:46,127][com.java.SeleniumDriver] [ 1112] - ?   P A S S   ?
[INFO ][2016-01-05 20:26:46,127][com.java.SeleniumDriver] [  832] - ------------------------------------------
[INFO ][2016-01-05 20:26:46,127][com.java.SeleniumDriver] [  833] - Test case being Executed: 2
[INFO ][2016-01-05 20:26:46,127][com.java.SeleniumDriver] [  845] - Test step:30
[INFO ][2016-01-05 20:26:46,127][com.java.SeleniumDriver] [  857] - Datavalue is----------null
[DEBUG][2016-01-05 20:26:46,127][com.java.SeleniumDriver] [  875] - Exception: null
[INFO ][2016-01-05 20:26:46,127][com.java.SeleniumDriver] [  881] - DataField : XPH//span[contains(text(), 'Finished')]
[INFO ][2016-01-05 20:26:46,127][com.java.SeleniumDriver] [  883] - DataValue : 
[INFO ][2016-01-05 20:26:46,127][com.java.SeleniumDriver] [  889] - <In Set values of the page>
[INFO ][2016-01-05 20:26:46,127][com.java.SeleniumDriver] [  892] - {Data Fields & Data Values Exist}
[INFO ][2016-01-05 20:26:46,127][com.java.SeleniumDriver] [  894] - --------------------------setting values-----------------------------
[INFO ][2016-01-05 20:26:46,127][com.java.SeleniumDriver] [  897] - Action Type : Click
[INFO ][2016-01-05 20:26:46,127][com.java.TestType] [ 6084] - Field ::XPH//span[contains(text(), 'Finished')]
[INFO ][2016-01-05 20:26:46,127][com.java.TestType] [ 5705] - value = 
[INFO ][2016-01-05 20:26:47,128][com.java.TestType] [ 6221] - BEFORE CLICK
[INFO ][2016-01-05 20:26:48,038][com.java.TestType] [ 6229] - Unable to click the object Finished button
[INFO ][2016-01-05 20:26:48,038][com.java.SeleniumDriver] [  906] -  RESULT true
[INFO ][2016-01-05 20:26:48,038][com.java.SeleniumDriver] [ 1112] - ?   P A S S   ?
[INFO ][2016-01-05 20:26:48,038][com.java.SeleniumDriver] [  832] - ------------------------------------------
[INFO ][2016-01-05 20:26:48,038][com.java.SeleniumDriver] [  833] - Test case being Executed: 2
[INFO ][2016-01-05 20:26:48,038][com.java.SeleniumDriver] [  845] - Test step:31
[INFO ][2016-01-05 20:26:48,038][com.java.SeleniumDriver] [  857] - Datavalue is----------5
[INFO ][2016-01-05 20:26:48,038][com.java.SeleniumDriver] [  881] - DataField : test
[INFO ][2016-01-05 20:26:48,038][com.java.SeleniumDriver] [  883] - DataValue : 5
[INFO ][2016-01-05 20:26:48,038][com.java.SeleniumDriver] [  889] - <In Set values of the page>
[INFO ][2016-01-05 20:26:48,038][com.java.SeleniumDriver] [  892] - {Data Fields & Data Values Exist}
[INFO ][2016-01-05 20:26:48,038][com.java.SeleniumDriver] [  894] - --------------------------setting values-----------------------------
[INFO ][2016-01-05 20:26:48,038][com.java.SeleniumDriver] [  897] - Action Type : WaitTime
[DEBUG][2016-01-05 20:26:48,038][com.java.TestType] [ 5525] - sleepTime: 5000
[INFO ][2016-01-05 20:26:53,039][com.java.SeleniumDriver] [  906] -  RESULT true
[INFO ][2016-01-05 20:26:53,039][com.java.SeleniumDriver] [ 1112] - ?   P A S S   ?
[INFO ][2016-01-05 20:26:53,039][com.java.SeleniumDriver] [  832] - ------------------------------------------
[INFO ][2016-01-05 20:26:53,039][com.java.SeleniumDriver] [  833] - Test case being Executed: 2
[INFO ][2016-01-05 20:26:53,039][com.java.SeleniumDriver] [  845] - Test step:32
[INFO ][2016-01-05 20:26:53,039][com.java.SeleniumDriver] [  857] - Datavalue is----------null
[DEBUG][2016-01-05 20:26:53,039][com.java.SeleniumDriver] [  875] - Exception: null
[INFO ][2016-01-05 20:26:53,039][com.java.SeleniumDriver] [  881] - DataField : BTNframeDialogContent
[INFO ][2016-01-05 20:26:53,039][com.java.SeleniumDriver] [  883] - DataValue : 
[INFO ][2016-01-05 20:26:53,039][com.java.SeleniumDriver] [  889] - <In Set values of the page>
[INFO ][2016-01-05 20:26:53,039][com.java.SeleniumDriver] [  892] - {Data Fields & Data Values Exist}
[INFO ][2016-01-05 20:26:53,039][com.java.SeleniumDriver] [  894] - --------------------------setting values-----------------------------
[INFO ][2016-01-05 20:26:53,039][com.java.SeleniumDriver] [  897] - Action Type : SelectFrame
[INFO ][2016-01-05 20:26:54,321][com.java.SeleniumDriver] [  906] -  RESULT true
[INFO ][2016-01-05 20:26:54,321][com.java.SeleniumDriver] [ 1112] - ?   P A S S   ?
[INFO ][2016-01-05 20:26:54,321][com.java.SeleniumDriver] [  832] - ------------------------------------------
[INFO ][2016-01-05 20:26:54,321][com.java.SeleniumDriver] [  833] - Test case being Executed: 2
[INFO ][2016-01-05 20:26:54,321][com.java.SeleniumDriver] [  845] - Test step:33
[INFO ][2016-01-05 20:26:54,321][com.java.SeleniumDriver] [  857] - Datavalue is----------null
[DEBUG][2016-01-05 20:26:54,321][com.java.SeleniumDriver] [  875] - Exception: null
[INFO ][2016-01-05 20:26:54,321][com.java.SeleniumDriver] [  881] - DataField : BTNchkGlobalPrivsUserAdmin
[INFO ][2016-01-05 20:26:54,321][com.java.SeleniumDriver] [  883] - DataValue : 
[INFO ][2016-01-05 20:26:54,321][com.java.SeleniumDriver] [  889] - <In Set values of the page>
[INFO ][2016-01-05 20:26:54,321][com.java.SeleniumDriver] [  892] - {Data Fields & Data Values Exist}
[INFO ][2016-01-05 20:26:54,321][com.java.SeleniumDriver] [  894] - --------------------------setting values-----------------------------
[INFO ][2016-01-05 20:26:54,321][com.java.SeleniumDriver] [  897] - Action Type : Click
[INFO ][2016-01-05 20:26:54,321][com.java.TestType] [ 6084] - Field ::BTNchkGlobalPrivsUserAdmin
[INFO ][2016-01-05 20:26:54,321][com.java.TestType] [ 5705] - value = 
[INFO ][2016-01-05 20:26:55,321][com.java.TestType] [ 6200] - BEFORE CLICK
[INFO ][2016-01-05 20:26:56,532][com.java.TestType] [ 6207] - Unable to click the object User Admin check box
[INFO ][2016-01-05 20:26:56,532][com.java.SeleniumDriver] [  906] -  RESULT true
[INFO ][2016-01-05 20:26:56,532][com.java.SeleniumDriver] [ 1112] - ?   P A S S   ?
[INFO ][2016-01-05 20:26:56,532][com.java.SeleniumDriver] [  832] - ------------------------------------------
[INFO ][2016-01-05 20:26:56,532][com.java.SeleniumDriver] [  833] - Test case being Executed: 2
[INFO ][2016-01-05 20:26:56,532][com.java.SeleniumDriver] [  845] - Test step:34
[INFO ][2016-01-05 20:26:56,532][com.java.SeleniumDriver] [  857] - Datavalue is----------index:1
[INFO ][2016-01-05 20:26:56,532][com.java.SeleniumDriver] [  881] - DataField : COBddlEntityAccess
[INFO ][2016-01-05 20:26:56,532][com.java.SeleniumDriver] [  883] - DataValue : index:1
[INFO ][2016-01-05 20:26:56,532][com.java.SeleniumDriver] [  889] - <In Set values of the page>
[INFO ][2016-01-05 20:26:56,532][com.java.SeleniumDriver] [  892] - {Data Fields & Data Values Exist}
[INFO ][2016-01-05 20:26:56,532][com.java.SeleniumDriver] [  894] - --------------------------setting values-----------------------------
[INFO ][2016-01-05 20:26:56,532][com.java.SeleniumDriver] [  897] - Action Type : select
[INFO ][2016-01-05 20:26:56,532][com.java.TestType] [ 5705] - value = 1
[INFO ][2016-01-05 20:26:57,673][com.java.TestType] [ 5823] -  In COB ddlEntityAccess : 1
[INFO ][2016-01-05 20:26:58,413][com.java.SeleniumDriver] [  906] -  RESULT true
[INFO ][2016-01-05 20:26:58,413][com.java.SeleniumDriver] [ 1112] - ?   P A S S   ?
[INFO ][2016-01-05 20:26:58,413][com.java.SeleniumDriver] [ 1154] - step change to 36
[INFO ][2016-01-05 20:26:58,413][com.java.SeleniumDriver] [  832] - ------------------------------------------
[INFO ][2016-01-05 20:26:58,413][com.java.SeleniumDriver] [  833] - Test case being Executed: 2
[INFO ][2016-01-05 20:26:58,413][com.java.SeleniumDriver] [  845] - Test step:36
[INFO ][2016-01-05 20:26:58,413][com.java.SeleniumDriver] [  857] - Datavalue is----------null
[DEBUG][2016-01-05 20:26:58,413][com.java.SeleniumDriver] [  875] - Exception: null
[INFO ][2016-01-05 20:26:58,413][com.java.SeleniumDriver] [  881] - DataField : BTNrdoEnableEntity_Enable
[INFO ][2016-01-05 20:26:58,413][com.java.SeleniumDriver] [  883] - DataValue : 
[INFO ][2016-01-05 20:26:58,413][com.java.SeleniumDriver] [  889] - <In Set values of the page>
[INFO ][2016-01-05 20:26:58,413][com.java.SeleniumDriver] [  892] - {Data Fields & Data Values Exist}
[INFO ][2016-01-05 20:26:58,413][com.java.SeleniumDriver] [  894] - --------------------------setting values-----------------------------
[INFO ][2016-01-05 20:26:58,413][com.java.SeleniumDriver] [  897] - Action Type : Click
[INFO ][2016-01-05 20:26:58,413][com.java.TestType] [ 6084] - Field ::BTNrdoEnableEntity_Enable
[INFO ][2016-01-05 20:26:58,413][com.java.TestType] [ 5705] - value = 
[INFO ][2016-01-05 20:26:59,413][com.java.TestType] [ 6200] - BEFORE CLICK
[INFO ][2016-01-05 20:27:00,584][com.java.TestType] [ 6207] - Unable to click the object Enable radio button
[INFO ][2016-01-05 20:27:00,584][com.java.SeleniumDriver] [  906] -  RESULT true
[INFO ][2016-01-05 20:27:00,584][com.java.SeleniumDriver] [ 1112] - ?   P A S S   ?
[INFO ][2016-01-05 20:27:00,584][com.java.SeleniumDriver] [  832] - ------------------------------------------
[INFO ][2016-01-05 20:27:00,584][com.java.SeleniumDriver] [  833] - Test case being Executed: 2
[INFO ][2016-01-05 20:27:00,584][com.java.SeleniumDriver] [  845] - Test step:37
[INFO ][2016-01-05 20:27:00,584][com.java.SeleniumDriver] [  857] - Datavalue is----------null
[DEBUG][2016-01-05 20:27:00,584][com.java.SeleniumDriver] [  875] - Exception: null
[INFO ][2016-01-05 20:27:00,584][com.java.SeleniumDriver] [  881] - DataField : BTNchkProfitCenterAll
[INFO ][2016-01-05 20:27:00,584][com.java.SeleniumDriver] [  883] - DataValue : 
[INFO ][2016-01-05 20:27:00,584][com.java.SeleniumDriver] [  889] - <In Set values of the page>
[INFO ][2016-01-05 20:27:00,584][com.java.SeleniumDriver] [  892] - {Data Fields & Data Values Exist}
[INFO ][2016-01-05 20:27:00,584][com.java.SeleniumDriver] [  894] - --------------------------setting values-----------------------------
[INFO ][2016-01-05 20:27:00,584][com.java.SeleniumDriver] [  897] - Action Type : Click
[INFO ][2016-01-05 20:27:00,584][com.java.TestType] [ 6084] - Field ::BTNchkProfitCenterAll
[INFO ][2016-01-05 20:27:00,584][com.java.TestType] [ 5705] - value = 
[INFO ][2016-01-05 20:27:01,584][com.java.TestType] [ 6200] - BEFORE CLICK
[INFO ][2016-01-05 20:27:02,795][com.java.TestType] [ 6207] - Unable to click the object All Check box
[INFO ][2016-01-05 20:27:02,795][com.java.SeleniumDriver] [  906] -  RESULT true
[INFO ][2016-01-05 20:27:02,795][com.java.SeleniumDriver] [ 1112] - ?   P A S S   ?
[INFO ][2016-01-05 20:27:02,795][com.java.SeleniumDriver] [  832] - ------------------------------------------
[INFO ][2016-01-05 20:27:02,795][com.java.SeleniumDriver] [  833] - Test case being Executed: 2
[INFO ][2016-01-05 20:27:02,795][com.java.SeleniumDriver] [  845] - Test step:38
[INFO ][2016-01-05 20:27:02,795][com.java.SeleniumDriver] [  857] - Datavalue is----------null
[DEBUG][2016-01-05 20:27:02,795][com.java.SeleniumDriver] [  875] - Exception: null
[INFO ][2016-01-05 20:27:02,795][com.java.SeleniumDriver] [  881] - DataField : BTNchkPrivsAccessGL
[INFO ][2016-01-05 20:27:02,795][com.java.SeleniumDriver] [  883] - DataValue : 
[INFO ][2016-01-05 20:27:02,795][com.java.SeleniumDriver] [  889] - <In Set values of the page>
[INFO ][2016-01-05 20:27:02,795][com.java.SeleniumDriver] [  892] - {Data Fields & Data Values Exist}
[INFO ][2016-01-05 20:27:02,795][com.java.SeleniumDriver] [  894] - --------------------------setting values-----------------------------
[INFO ][2016-01-05 20:27:02,795][com.java.SeleniumDriver] [  897] - Action Type : Click
[INFO ][2016-01-05 20:27:02,795][com.java.TestType] [ 6084] - Field ::BTNchkPrivsAccessGL
[INFO ][2016-01-05 20:27:02,795][com.java.TestType] [ 5705] - value = 
[INFO ][2016-01-05 20:27:03,795][com.java.TestType] [ 6200] - BEFORE CLICK
[INFO ][2016-01-05 20:27:04,986][com.java.TestType] [ 6207] - Unable to click the object GL check box
[INFO ][2016-01-05 20:27:04,986][com.java.SeleniumDriver] [  906] -  RESULT true
[INFO ][2016-01-05 20:27:04,986][com.java.SeleniumDriver] [ 1112] - ?   P A S S   ?
[INFO ][2016-01-05 20:27:04,986][com.java.SeleniumDriver] [  832] - ------------------------------------------
[INFO ][2016-01-05 20:27:04,986][com.java.SeleniumDriver] [  833] - Test case being Executed: 2
[INFO ][2016-01-05 20:27:04,986][com.java.SeleniumDriver] [  845] - Test step:39
[INFO ][2016-01-05 20:27:04,986][com.java.SeleniumDriver] [  857] - Datavalue is----------null
[DEBUG][2016-01-05 20:27:04,986][com.java.SeleniumDriver] [  875] - Exception: null
[INFO ][2016-01-05 20:27:04,986][com.java.SeleniumDriver] [  881] - DataField : BTNparent
[INFO ][2016-01-05 20:27:04,986][com.java.SeleniumDriver] [  883] - DataValue : 
[INFO ][2016-01-05 20:27:04,986][com.java.SeleniumDriver] [  889] - <In Set values of the page>
[INFO ][2016-01-05 20:27:04,986][com.java.SeleniumDriver] [  892] - {Data Fields & Data Values Exist}
[INFO ][2016-01-05 20:27:04,986][com.java.SeleniumDriver] [  894] - --------------------------setting values-----------------------------
[INFO ][2016-01-05 20:27:04,986][com.java.SeleniumDriver] [  897] - Action Type : SelectFrame
[INFO ][2016-01-05 20:27:04,996][com.java.SeleniumDriver] [  906] -  RESULT true
[INFO ][2016-01-05 20:27:04,996][com.java.SeleniumDriver] [ 1112] - ?   P A S S   ?
[INFO ][2016-01-05 20:27:04,996][com.java.SeleniumDriver] [  832] - ------------------------------------------
[INFO ][2016-01-05 20:27:04,996][com.java.SeleniumDriver] [  833] - Test case being Executed: 2
[INFO ][2016-01-05 20:27:04,996][com.java.SeleniumDriver] [  845] - Test step:40
[INFO ][2016-01-05 20:27:04,996][com.java.SeleniumDriver] [  857] - Datavalue is----------5
[INFO ][2016-01-05 20:27:04,996][com.java.SeleniumDriver] [  881] - DataField : test
[INFO ][2016-01-05 20:27:04,996][com.java.SeleniumDriver] [  883] - DataValue : 5
[INFO ][2016-01-05 20:27:04,996][com.java.SeleniumDriver] [  889] - <In Set values of the page>
[INFO ][2016-01-05 20:27:04,996][com.java.SeleniumDriver] [  892] - {Data Fields & Data Values Exist}
[INFO ][2016-01-05 20:27:04,996][com.java.SeleniumDriver] [  894] - --------------------------setting values-----------------------------
[INFO ][2016-01-05 20:27:04,996][com.java.SeleniumDriver] [  897] - Action Type : WaitTime
[DEBUG][2016-01-05 20:27:04,996][com.java.TestType] [ 5525] - sleepTime: 5000
[INFO ][2016-01-05 20:27:09,996][com.java.SeleniumDriver] [  906] -  RESULT true
[INFO ][2016-01-05 20:27:09,996][com.java.SeleniumDriver] [ 1112] - ?   P A S S   ?
[INFO ][2016-01-05 20:27:09,996][com.java.SeleniumDriver] [  832] - ------------------------------------------
[INFO ][2016-01-05 20:27:09,996][com.java.SeleniumDriver] [  833] - Test case being Executed: 2
[INFO ][2016-01-05 20:27:09,996][com.java.SeleniumDriver] [  845] - Test step:41
[INFO ][2016-01-05 20:27:09,996][com.java.SeleniumDriver] [  857] - Datavalue is----------null
[DEBUG][2016-01-05 20:27:09,996][com.java.SeleniumDriver] [  875] - Exception: null
[INFO ][2016-01-05 20:27:09,996][com.java.SeleniumDriver] [  881] - DataField : XPH//span[contains(text(), 'Finished')]
[INFO ][2016-01-05 20:27:09,996][com.java.SeleniumDriver] [  883] - DataValue : 
[INFO ][2016-01-05 20:27:09,996][com.java.SeleniumDriver] [  889] - <In Set values of the page>
[INFO ][2016-01-05 20:27:09,996][com.java.SeleniumDriver] [  892] - {Data Fields & Data Values Exist}
[INFO ][2016-01-05 20:27:09,996][com.java.SeleniumDriver] [  894] - --------------------------setting values-----------------------------
[INFO ][2016-01-05 20:27:09,996][com.java.SeleniumDriver] [  897] - Action Type : Click
[INFO ][2016-01-05 20:27:09,996][com.java.TestType] [ 6084] - Field ::XPH//span[contains(text(), 'Finished')]
[INFO ][2016-01-05 20:27:09,996][com.java.TestType] [ 5705] - value = 
[INFO ][2016-01-05 20:27:10,997][com.java.TestType] [ 6221] - BEFORE CLICK
[INFO ][2016-01-05 20:27:13,477][com.java.TestType] [ 6229] - Unable to click the object Finished button
[INFO ][2016-01-05 20:27:13,477][com.java.SeleniumDriver] [  906] -  RESULT true
[INFO ][2016-01-05 20:27:13,477][com.java.SeleniumDriver] [ 1112] - ?   P A S S   ?
[INFO ][2016-01-05 20:27:13,477][com.java.SeleniumDriver] [  832] - ------------------------------------------
[INFO ][2016-01-05 20:27:13,477][com.java.SeleniumDriver] [  833] - Test case being Executed: 2
[INFO ][2016-01-05 20:27:13,477][com.java.SeleniumDriver] [  845] - Test step:42
[INFO ][2016-01-05 20:27:13,477][com.java.SeleniumDriver] [  857] - Datavalue is----------5
[INFO ][2016-01-05 20:27:13,477][com.java.SeleniumDriver] [  881] - DataField : BTNframeDialogContent
[INFO ][2016-01-05 20:27:13,477][com.java.SeleniumDriver] [  883] - DataValue : 5
[INFO ][2016-01-05 20:27:13,477][com.java.SeleniumDriver] [  889] - <In Set values of the page>
[INFO ][2016-01-05 20:27:13,477][com.java.SeleniumDriver] [  892] - {Data Fields & Data Values Exist}
[INFO ][2016-01-05 20:27:13,477][com.java.SeleniumDriver] [  894] - --------------------------setting values-----------------------------
[INFO ][2016-01-05 20:27:13,477][com.java.SeleniumDriver] [  897] - Action Type : WaitForElement
[INFO ][2016-01-05 20:27:14,658][com.java.SeleniumDriver] [  906] -  RESULT true
[INFO ][2016-01-05 20:27:14,658][com.java.SeleniumDriver] [ 1112] - ?   P A S S   ?
[INFO ][2016-01-05 20:27:14,658][com.java.SeleniumDriver] [  832] - ------------------------------------------
[INFO ][2016-01-05 20:27:14,658][com.java.SeleniumDriver] [  833] - Test case being Executed: 2
[INFO ][2016-01-05 20:27:14,658][com.java.SeleniumDriver] [  845] - Test step:43
[INFO ][2016-01-05 20:27:14,658][com.java.SeleniumDriver] [  857] - Datavalue is----------null
[DEBUG][2016-01-05 20:27:14,658][com.java.SeleniumDriver] [  875] - Exception: null
[INFO ][2016-01-05 20:27:14,658][com.java.SeleniumDriver] [  881] - DataField : BTNframeDialogContent
[INFO ][2016-01-05 20:27:14,658][com.java.SeleniumDriver] [  883] - DataValue : 
[INFO ][2016-01-05 20:27:14,658][com.java.SeleniumDriver] [  889] - <In Set values of the page>
[INFO ][2016-01-05 20:27:14,658][com.java.SeleniumDriver] [  892] - {Data Fields & Data Values Exist}
[INFO ][2016-01-05 20:27:14,658][com.java.SeleniumDriver] [  894] - --------------------------setting values-----------------------------
[INFO ][2016-01-05 20:27:14,658][com.java.SeleniumDriver] [  897] - Action Type : SelectFrame
[INFO ][2016-01-05 20:27:16,010][com.java.SeleniumDriver] [  906] -  RESULT true
[INFO ][2016-01-05 20:27:16,010][com.java.SeleniumDriver] [ 1112] - ?   P A S S   ?
[INFO ][2016-01-05 20:27:16,010][com.java.SeleniumDriver] [  832] - ------------------------------------------
[INFO ][2016-01-05 20:27:16,010][com.java.SeleniumDriver] [  833] - Test case being Executed: 2
[INFO ][2016-01-05 20:27:16,010][com.java.SeleniumDriver] [  845] - Test step:44
[INFO ][2016-01-05 20:27:16,010][com.java.SeleniumDriver] [  857] - Datavalue is----------null
[DEBUG][2016-01-05 20:27:16,010][com.java.SeleniumDriver] [  875] - Exception: null
[INFO ][2016-01-05 20:27:16,010][com.java.SeleniumDriver] [  881] - DataField : XPH//table[@id="tblUserListing"]//td[contains(text(),'vltest.robot')]
[INFO ][2016-01-05 20:27:16,010][com.java.SeleniumDriver] [  883] - DataValue : 
[INFO ][2016-01-05 20:27:16,010][com.java.SeleniumDriver] [  889] - <In Set values of the page>
[INFO ][2016-01-05 20:27:16,010][com.java.SeleniumDriver] [  892] - {Data Fields & Data Values Exist}
[INFO ][2016-01-05 20:27:16,010][com.java.SeleniumDriver] [  894] - --------------------------setting values-----------------------------
[INFO ][2016-01-05 20:27:16,010][com.java.SeleniumDriver] [  897] - Action Type : WaitForElement
[INFO ][2016-01-05 20:27:16,040][com.java.SeleniumDriver] [  906] -  RESULT true
[INFO ][2016-01-05 20:27:16,040][com.java.SeleniumDriver] [ 1112] - ?   P A S S   ?
[INFO ][2016-01-05 20:27:16,040][com.java.SeleniumDriver] [  832] - ------------------------------------------
[INFO ][2016-01-05 20:27:16,040][com.java.SeleniumDriver] [  833] - Test case being Executed: 2
[INFO ][2016-01-05 20:27:16,040][com.java.SeleniumDriver] [  845] - Test step:45
[INFO ][2016-01-05 20:27:16,040][com.java.SeleniumDriver] [  857] - Datavalue is----------HMVGivenNewUserName
[INFO ][2016-01-05 20:27:16,040][com.java.SeleniumDriver] [  881] - DataField : USR
[INFO ][2016-01-05 20:27:16,040][com.java.SeleniumDriver] [  883] - DataValue : HMVGivenNewUserName
[INFO ][2016-01-05 20:27:16,040][com.java.SeleniumDriver] [  889] - <In Set values of the page>
[INFO ][2016-01-05 20:27:16,040][com.java.SeleniumDriver] [  892] - {Data Fields & Data Values Exist}
[INFO ][2016-01-05 20:27:16,040][com.java.SeleniumDriver] [  894] - --------------------------setting values-----------------------------
[INFO ][2016-01-05 20:27:16,040][com.java.SeleniumDriver] [  897] - Action Type : Verify
[INFO ][2016-01-05 20:27:16,040][com.java.TestType] [ 7081] - field= USR value= HMVGivenNewUserName
[INFO ][2016-01-05 20:27:16,040][com.java.TestType] [ 5705] - value = vltest.robot71161
[INFO ][2016-01-05 20:27:16,080][com.java.SeleniumDriver] [  906] -  RESULT true
[INFO ][2016-01-05 20:27:16,080][com.java.SeleniumDriver] [ 1112] - ?   P A S S   ?
[INFO ][2016-01-05 20:27:16,080][com.java.SeleniumDriver] [  832] - ------------------------------------------
[INFO ][2016-01-05 20:27:16,080][com.java.SeleniumDriver] [  833] - Test case being Executed: 2
[INFO ][2016-01-05 20:27:16,080][com.java.SeleniumDriver] [  845] - Test step:46
[INFO ][2016-01-05 20:27:16,080][com.java.SeleniumDriver] [  857] - Datavalue is----------GivenNewUserName::Login_username
[INFO ][2016-01-05 20:27:16,080][com.java.SeleniumDriver] [  881] - DataField : PVP//table[@id="tblUserListing"]//td[contains(text(),'mytext')]
[INFO ][2016-01-05 20:27:16,080][com.java.SeleniumDriver] [  883] - DataValue : GivenNewUserName::Login_username
[INFO ][2016-01-05 20:27:16,080][com.java.SeleniumDriver] [  889] - <In Set values of the page>
[INFO ][2016-01-05 20:27:16,080][com.java.SeleniumDriver] [  892] - {Data Fields & Data Values Exist}
[INFO ][2016-01-05 20:27:16,080][com.java.SeleniumDriver] [  894] - --------------------------setting values-----------------------------
[INFO ][2016-01-05 20:27:16,080][com.java.SeleniumDriver] [  897] - Action Type : STOREVALUE
[INFO ][2016-01-05 20:27:16,080][com.java.TestType] [ 8399] - field= PVP//table[@id="tblUserListing"]//td[contains(text(),'mytext')]
[DEBUG][2016-01-05 20:27:16,170][com.java.TestType] [ 8690] - Key:: GivenNewUserName::Login_username  Value:: vltest.robot71161.00058
[INFO ][2016-01-05 20:27:16,170][com.java.SeleniumDriver] [  906] -  RESULT true
[INFO ][2016-01-05 20:27:16,170][com.java.SeleniumDriver] [ 1112] - ?   P A S S   ?
[INFO ][2016-01-05 20:27:16,170][com.java.SeleniumDriver] [  832] - ------------------------------------------
[INFO ][2016-01-05 20:27:16,170][com.java.SeleniumDriver] [  833] - Test case being Executed: 2
[INFO ][2016-01-05 20:27:16,170][com.java.SeleniumDriver] [  845] - Test step:47
[INFO ][2016-01-05 20:27:16,170][com.java.SeleniumDriver] [  857] - Datavalue is----------null
[DEBUG][2016-01-05 20:27:16,170][com.java.SeleniumDriver] [  875] - Exception: null
[INFO ][2016-01-05 20:27:16,170][com.java.SeleniumDriver] [  881] - DataField : BTNparent
[INFO ][2016-01-05 20:27:16,170][com.java.SeleniumDriver] [  883] - DataValue : 
[INFO ][2016-01-05 20:27:16,170][com.java.SeleniumDriver] [  889] - <In Set values of the page>
[INFO ][2016-01-05 20:27:16,170][com.java.SeleniumDriver] [  892] - {Data Fields & Data Values Exist}
[INFO ][2016-01-05 20:27:16,170][com.java.SeleniumDriver] [  894] - --------------------------setting values-----------------------------
[INFO ][2016-01-05 20:27:16,170][com.java.SeleniumDriver] [  897] - Action Type : SelectFrame
[INFO ][2016-01-05 20:27:16,180][com.java.SeleniumDriver] [  906] -  RESULT true
[INFO ][2016-01-05 20:27:16,180][com.java.SeleniumDriver] [ 1112] - ?   P A S S   ?
[INFO ][2016-01-05 20:27:16,180][com.java.SeleniumDriver] [  832] - ------------------------------------------
[INFO ][2016-01-05 20:27:16,180][com.java.SeleniumDriver] [  833] - Test case being Executed: 2
[INFO ][2016-01-05 20:27:16,180][com.java.SeleniumDriver] [  845] - Test step:48
[INFO ][2016-01-05 20:27:16,180][com.java.SeleniumDriver] [  857] - Datavalue is----------null
[DEBUG][2016-01-05 20:27:16,180][com.java.SeleniumDriver] [  875] - Exception: null
[INFO ][2016-01-05 20:27:16,180][com.java.SeleniumDriver] [  881] - DataField : XPH//span[contains(text(), 'Finished')]
[INFO ][2016-01-05 20:27:16,180][com.java.SeleniumDriver] [  883] - DataValue : 
[INFO ][2016-01-05 20:27:16,180][com.java.SeleniumDriver] [  889] - <In Set values of the page>
[INFO ][2016-01-05 20:27:16,180][com.java.SeleniumDriver] [  892] - {Data Fields & Data Values Exist}
[INFO ][2016-01-05 20:27:16,180][com.java.SeleniumDriver] [  894] - --------------------------setting values-----------------------------
[INFO ][2016-01-05 20:27:16,180][com.java.SeleniumDriver] [  897] - Action Type : Click
[INFO ][2016-01-05 20:27:16,180][com.java.TestType] [ 6084] - Field ::XPH//span[contains(text(), 'Finished')]
[INFO ][2016-01-05 20:27:16,180][com.java.TestType] [ 5705] - value = 
[INFO ][2016-01-05 20:27:17,180][com.java.TestType] [ 6221] - BEFORE CLICK
[INFO ][2016-01-05 20:27:18,240][com.java.TestType] [ 6229] - Unable to click the object Finished button
[INFO ][2016-01-05 20:27:18,240][com.java.SeleniumDriver] [  906] -  RESULT true
[INFO ][2016-01-05 20:27:18,240][com.java.SeleniumDriver] [ 1112] - ?   P A S S   ?
[INFO ][2016-01-05 20:27:18,240][com.java.SeleniumDriver] [  832] - ------------------------------------------
[INFO ][2016-01-05 20:27:18,240][com.java.SeleniumDriver] [  833] - Test case being Executed: 2
[INFO ][2016-01-05 20:27:18,240][com.java.SeleniumDriver] [  845] - Test step:49
[INFO ][2016-01-05 20:27:18,240][com.java.SeleniumDriver] [  857] - Datavalue is----------3
[INFO ][2016-01-05 20:27:18,240][com.java.SeleniumDriver] [  881] - DataField : XPH//div[contains(text(), 'My Dashboard')]
[INFO ][2016-01-05 20:27:18,240][com.java.SeleniumDriver] [  883] - DataValue : 3
[INFO ][2016-01-05 20:27:18,240][com.java.SeleniumDriver] [  889] - <In Set values of the page>
[INFO ][2016-01-05 20:27:18,240][com.java.SeleniumDriver] [  892] - {Data Fields & Data Values Exist}
[INFO ][2016-01-05 20:27:18,240][com.java.SeleniumDriver] [  894] - --------------------------setting values-----------------------------
[INFO ][2016-01-05 20:27:18,240][com.java.SeleniumDriver] [  897] - Action Type : WAITFORELEMENT
[INFO ][2016-01-05 20:27:18,281][com.java.SeleniumDriver] [  906] -  RESULT true
[INFO ][2016-01-05 20:27:18,281][com.java.SeleniumDriver] [ 1112] - ?   P A S S   ?
[INFO ][2016-01-05 20:27:18,281][com.java.SeleniumDriver] [  832] - ------------------------------------------
[INFO ][2016-01-05 20:27:18,281][com.java.SeleniumDriver] [  833] - Test case being Executed: 2
[INFO ][2016-01-05 20:27:18,281][com.java.SeleniumDriver] [  845] - Test step:50
[INFO ][2016-01-05 20:27:18,281][com.java.SeleniumDriver] [  857] - Datavalue is----------Concept#3:1-2
[INFO ][2016-01-05 20:27:18,281][com.java.SeleniumDriver] [  881] - DataField : test
[INFO ][2016-01-05 20:27:18,281][com.java.SeleniumDriver] [  883] - DataValue : Concept#3:1-2
[INFO ][2016-01-05 20:27:18,281][com.java.SeleniumDriver] [  889] - <In Set values of the page>
[INFO ][2016-01-05 20:27:18,281][com.java.SeleniumDriver] [  892] - {Data Fields & Data Values Exist}
[INFO ][2016-01-05 20:27:18,281][com.java.SeleniumDriver] [  894] - --------------------------setting values-----------------------------
[INFO ][2016-01-05 20:27:18,281][com.java.SeleniumDriver] [  897] - Action Type : ExecuteTestCase
[INFO ][2016-01-05 20:27:18,281][com.java.TestType] [  437] - The Concept sheet name is ---------- Concept
[INFO ][2016-01-05 20:27:18,281][com.java.TestType] [  440] - The Concept ID  is ---------- 3
[DEBUG][2016-01-05 20:27:18,281][com.java.TestType] [  444] - Steps being executted in the Concept are: 1:2
[INFO ][2016-01-05 20:27:18,281][com.java.TestType] [  451] - Test data details path ---------- D:\BankersDashboard\TestInputs\TestData.xls
[INFO ][2016-01-05 20:27:18,301][com.java.TestType] [  482] -  str(1) = 3
[INFO ][2016-01-05 20:27:18,301][com.java.TestType] [  485] - Test case Id is---3
[INFO ][2016-01-05 20:27:18,301][com.java.TestType] [  487] - 3
[INFO ][2016-01-05 20:27:18,301][com.java.TestType] [  482] -  str(2) = 1
[INFO ][2016-01-05 20:27:18,311][com.java.TestType] [  482] -  str(1) = 3
[INFO ][2016-01-05 20:27:18,311][com.java.TestType] [  485] - Test case Id is---3
[INFO ][2016-01-05 20:27:18,311][com.java.TestType] [  487] - 3
[INFO ][2016-01-05 20:27:18,311][com.java.TestType] [  482] -  str(2) = 2
[INFO ][2016-01-05 20:27:18,311][com.java.TestType] [10609] - Looping 1TCID = 3
[DEBUG][2016-01-05 20:27:18,311][com.java.TestType] [10650] - Concept ID:3 :: Step being Executed: 3::1
[INFO ][2016-01-05 20:27:18,311][com.java.TestType] [10688] - dataFields : test
[DEBUG][2016-01-05 20:27:18,311][com.java.TestType] [10694] - <In Set values of the page>
[DEBUG][2016-01-05 20:27:18,311][com.java.TestType] [10699] - {Data Fields & Data Values Exist}
[INFO ][2016-01-05 20:27:18,311][com.java.TestType] [10705] - --------------------------setting values-----------------------------
[INFO ][2016-01-05 20:27:18,311][com.java.TestType] [10708] - Action Type : Logout
[INFO ][2016-01-05 20:27:20,481][com.java.TestType] [ 6084] - Field ::CNF
[INFO ][2016-01-05 20:27:20,481][com.java.TestType] [ 5705] - value = OK
[INFO ][2016-01-05 20:27:22,790][com.java.TestType] [ 6217] - Click the object confirmation
[INFO ][2016-01-05 20:27:22,790][com.java.TestType] [ 6218] - Unable to click the object confirmation
[DEBUG][2016-01-05 20:27:23,987][com.java.SeleniumDriver] [  426] - Hub ip address is-------172.17.68.34
[INFO ][2016-01-05 20:27:23,987][com.java.SeleniumDriver] [  452] - Grid URL:http://172.17.68.34:4444/wd/hub
[INFO ][2016-01-05 20:27:23,987][com.java.SeleniumDriver] [  453] - Capability:Capabilities [{platform=ANY, ensureCleanSession=true, ignoreProtectedModeSettings=true, acceptSslCerts=true, ignoreZoomSetting=true, browserName=internet explorer, browserstack.ie.noFlash=true, version=null}]
[ERROR][2016-01-05 20:27:24,998][com.java.SeleniumDriver] [  498] - Unable invoke browser in grid:Could not start a new session. Possible causes are invalid address of the remote server or browser start-up failure.
Build info: version: '2.48.2', revision: '41bccdd', time: '2015-10-09 19:59:12'
System info: host: 'FVTIII438F1D', ip: '172.17.68.34', os.name: 'Windows 7', os.arch: 'x86', os.version: '6.1', java.version: '1.7.0_55'
Driver info: driver.version: SeleniumDriver
[INFO ][2016-01-05 20:27:24,998][com.java.SeleniumDriver] [  500] - Executing on local machine
[INFO ][2016-01-05 20:27:35,317][com.java.TestType] [10727] -  RESULT true
[INFO ][2016-01-05 20:27:35,317][com.java.TestType] [10844] - ?   P A S S   ?
[DEBUG][2016-01-05 20:27:35,317][com.java.TestType] [10650] - Concept ID:3 :: Step being Executed: 3::2
[INFO ][2016-01-05 20:27:35,317][com.java.TestType] [10688] - dataFields : test
[DEBUG][2016-01-05 20:27:35,317][com.java.TestType] [10694] - <In Set values of the page>
[DEBUG][2016-01-05 20:27:35,317][com.java.TestType] [10699] - {Data Fields & Data Values Exist}
[INFO ][2016-01-05 20:27:35,317][com.java.TestType] [10705] - --------------------------setting values-----------------------------
[INFO ][2016-01-05 20:27:35,317][com.java.TestType] [10708] - Action Type : WaitTime
[DEBUG][2016-01-05 20:27:35,317][com.java.TestType] [ 5525] - sleepTime: 2000
[INFO ][2016-01-05 20:27:37,318][com.java.TestType] [10727] -  RESULT true
[INFO ][2016-01-05 20:27:37,318][com.java.TestType] [10844] - ?   P A S S   ?
[INFO ][2016-01-05 20:27:37,318][com.java.TestType] [10915] - Looping End......
[INFO ][2016-01-05 20:27:37,318][com.java.SeleniumDriver] [  906] -  RESULT true
[INFO ][2016-01-05 20:27:37,318][com.java.SeleniumDriver] [ 1112] - ?   P A S S   ?
[INFO ][2016-01-05 20:27:37,318][com.java.SeleniumDriver] [  832] - ------------------------------------------
[INFO ][2016-01-05 20:27:37,318][com.java.SeleniumDriver] [  833] - Test case being Executed: 2
[INFO ][2016-01-05 20:27:37,318][com.java.SeleniumDriver] [  845] - Test step:51
[INFO ][2016-01-05 20:27:37,318][com.java.SeleniumDriver] [  857] - Datavalue is----------dt:HTTPSURL
[INFO ][2016-01-05 20:27:37,318][com.java.SeleniumDriver] [  881] - DataField : test
[INFO ][2016-01-05 20:27:37,318][com.java.SeleniumDriver] [  883] - DataValue : dt:HTTPSURL
[INFO ][2016-01-05 20:27:37,318][com.java.SeleniumDriver] [  889] - <In Set values of the page>
[INFO ][2016-01-05 20:27:37,318][com.java.SeleniumDriver] [  892] - {Data Fields & Data Values Exist}
[INFO ][2016-01-05 20:27:37,318][com.java.SeleniumDriver] [  894] - --------------------------setting values-----------------------------
[INFO ][2016-01-05 20:27:37,318][com.java.SeleniumDriver] [  897] - Action Type : OpenURL
[INFO ][2016-01-05 20:27:37,318][com.java.TestType] [ 5705] - value = https://clients-xuat.bankersdashboard.com
[INFO ][2016-01-05 20:27:37,318][com.java.TestType] [  353] - Open URL : https://clients-xuat.bankersdashboard.com
[INFO ][2016-01-05 20:27:37,979][com.java.SeleniumDriver] [  906] -  RESULT true
[INFO ][2016-01-05 20:27:37,979][com.java.SeleniumDriver] [ 1112] - ?   P A S S   ?
[INFO ][2016-01-05 20:27:37,979][com.java.SeleniumDriver] [  832] - ------------------------------------------
[INFO ][2016-01-05 20:27:37,979][com.java.SeleniumDriver] [  833] - Test case being Executed: 2
[INFO ][2016-01-05 20:27:37,979][com.java.SeleniumDriver] [  845] - Test step:52
[INFO ][2016-01-05 20:27:37,979][com.java.SeleniumDriver] [  857] - Datavalue is----------HMVLogin_username
[INFO ][2016-01-05 20:27:37,979][com.java.SeleniumDriver] [  881] - DataField : TXTusername
[INFO ][2016-01-05 20:27:37,979][com.java.SeleniumDriver] [  883] - DataValue : HMVLogin_username
[INFO ][2016-01-05 20:27:37,982][com.java.SeleniumDriver] [  889] - <In Set values of the page>
[INFO ][2016-01-05 20:27:37,982][com.java.SeleniumDriver] [  892] - {Data Fields & Data Values Exist}
[INFO ][2016-01-05 20:27:37,982][com.java.SeleniumDriver] [  894] - --------------------------setting values-----------------------------
[INFO ][2016-01-05 20:27:37,982][com.java.SeleniumDriver] [  897] - Action Type : CLEARANDENTER
[INFO ][2016-01-05 20:27:37,982][com.java.TestType] [ 5705] - value = vltest.robot71161.00058
[INFO ][2016-01-05 20:27:42,721][com.java.SeleniumDriver] [  906] -  RESULT true
[INFO ][2016-01-05 20:27:42,721][com.java.SeleniumDriver] [ 1112] - ?   P A S S   ?
[INFO ][2016-01-05 20:27:42,721][com.java.SeleniumDriver] [  832] - ------------------------------------------
[INFO ][2016-01-05 20:27:42,721][com.java.SeleniumDriver] [  833] - Test case being Executed: 2
[INFO ][2016-01-05 20:27:42,721][com.java.SeleniumDriver] [  845] - Test step:53
[INFO ][2016-01-05 20:27:42,721][com.java.SeleniumDriver] [  857] - Datavalue is----------dt:NewUserPswd
[INFO ][2016-01-05 20:27:42,721][com.java.SeleniumDriver] [  881] - DataField : TXTpassword
[INFO ][2016-01-05 20:27:42,721][com.java.SeleniumDriver] [  883] - DataValue : dt:NewUserPswd
[INFO ][2016-01-05 20:27:42,721][com.java.SeleniumDriver] [  889] - <In Set values of the page>
[INFO ][2016-01-05 20:27:42,721][com.java.SeleniumDriver] [  892] - {Data Fields & Data Values Exist}
[INFO ][2016-01-05 20:27:42,721][com.java.SeleniumDriver] [  894] - --------------------------setting values-----------------------------
[INFO ][2016-01-05 20:27:42,721][com.java.SeleniumDriver] [  897] - Action Type : CLEARANDENTER
[INFO ][2016-01-05 20:27:42,721][com.java.TestType] [ 5705] - value = Password1*
[INFO ][2016-01-05 20:27:47,538][com.java.SeleniumDriver] [  906] -  RESULT true
[INFO ][2016-01-05 20:27:47,538][com.java.SeleniumDriver] [ 1112] - ?   P A S S   ?
[INFO ][2016-01-05 20:27:47,538][com.java.SeleniumDriver] [  832] - ------------------------------------------
[INFO ][2016-01-05 20:27:47,538][com.java.SeleniumDriver] [  833] - Test case being Executed: 2
[INFO ][2016-01-05 20:27:47,538][com.java.SeleniumDriver] [  845] - Test step:54
[INFO ][2016-01-05 20:27:47,538][com.java.SeleniumDriver] [  857] - Datavalue is----------null
[DEBUG][2016-01-05 20:27:47,538][com.java.SeleniumDriver] [  875] - Exception: null
[INFO ][2016-01-05 20:27:47,538][com.java.SeleniumDriver] [  881] - DataField : XPH//button[@type='submit']
[INFO ][2016-01-05 20:27:47,538][com.java.SeleniumDriver] [  883] - DataValue : 
[INFO ][2016-01-05 20:27:47,538][com.java.SeleniumDriver] [  889] - <In Set values of the page>
[INFO ][2016-01-05 20:27:47,538][com.java.SeleniumDriver] [  892] - {Data Fields & Data Values Exist}
[INFO ][2016-01-05 20:27:47,538][com.java.SeleniumDriver] [  894] - --------------------------setting values-----------------------------
[INFO ][2016-01-05 20:27:47,538][com.java.SeleniumDriver] [  897] - Action Type : Click
[INFO ][2016-01-05 20:27:47,538][com.java.TestType] [ 6084] - Field ::XPH//button[@type='submit']
[INFO ][2016-01-05 20:27:47,538][com.java.TestType] [ 5705] - value = 
[INFO ][2016-01-05 20:27:48,538][com.java.TestType] [ 6221] - BEFORE CLICK
[INFO ][2016-01-05 20:27:49,358][com.java.TestType] [ 6229] - Unable to click the object Login
[INFO ][2016-01-05 20:27:49,358][com.java.SeleniumDriver] [  906] -  RESULT true
[INFO ][2016-01-05 20:27:49,358][com.java.SeleniumDriver] [ 1112] - ?   P A S S   ?
[INFO ][2016-01-05 20:27:49,358][com.java.SeleniumDriver] [  832] - ------------------------------------------
[INFO ][2016-01-05 20:27:49,358][com.java.SeleniumDriver] [  833] - Test case being Executed: 2
[INFO ][2016-01-05 20:27:49,358][com.java.SeleniumDriver] [  845] - Test step:55
[INFO ][2016-01-05 20:27:49,358][com.java.SeleniumDriver] [  857] - Datavalue is----------Concept#1:4-16
[INFO ][2016-01-05 20:27:49,358][com.java.SeleniumDriver] [  881] - DataField : test
[INFO ][2016-01-05 20:27:49,358][com.java.SeleniumDriver] [  883] - DataValue : Concept#1:4-16
[INFO ][2016-01-05 20:27:49,358][com.java.SeleniumDriver] [  889] - <In Set values of the page>
[INFO ][2016-01-05 20:27:49,358][com.java.SeleniumDriver] [  892] - {Data Fields & Data Values Exist}
[INFO ][2016-01-05 20:27:49,358][com.java.SeleniumDriver] [  894] - --------------------------setting values-----------------------------
[INFO ][2016-01-05 20:27:49,358][com.java.SeleniumDriver] [  897] - Action Type : ExecuteTestCase
[INFO ][2016-01-05 20:27:49,361][com.java.TestType] [  437] - The Concept sheet name is ---------- Concept
[INFO ][2016-01-05 20:27:49,361][com.java.TestType] [  440] - The Concept ID  is ---------- 1
[DEBUG][2016-01-05 20:27:49,361][com.java.TestType] [  444] - Steps being executted in the Concept are: 4:16
[INFO ][2016-01-05 20:27:49,361][com.java.TestType] [  451] - Test data details path ---------- D:\BankersDashboard\TestInputs\TestData.xls
[INFO ][2016-01-05 20:27:49,388][com.java.TestType] [  482] -  str(1) = 1
[INFO ][2016-01-05 20:27:49,388][com.java.TestType] [  485] - Test case Id is---1
[INFO ][2016-01-05 20:27:49,388][com.java.TestType] [  487] - 1
[INFO ][2016-01-05 20:27:49,388][com.java.TestType] [  482] -  str(2) = 1
[INFO ][2016-01-05 20:27:49,390][com.java.TestType] [  482] -  str(1) = 1
[INFO ][2016-01-05 20:27:49,390][com.java.TestType] [  485] - Test case Id is---1
[INFO ][2016-01-05 20:27:49,390][com.java.TestType] [  487] - 1
[INFO ][2016-01-05 20:27:49,390][com.java.TestType] [  482] -  str(2) = 2
[INFO ][2016-01-05 20:27:49,390][com.java.TestType] [  482] -  str(1) = 1
[INFO ][2016-01-05 20:27:49,390][com.java.TestType] [  485] - Test case Id is---1
[INFO ][2016-01-05 20:27:49,390][com.java.TestType] [  487] - 1
[INFO ][2016-01-05 20:27:49,390][com.java.TestType] [  482] -  str(2) = 3
[INFO ][2016-01-05 20:27:49,393][com.java.TestType] [  482] -  str(1) = 1
[INFO ][2016-01-05 20:27:49,393][com.java.TestType] [  485] - Test case Id is---1
[INFO ][2016-01-05 20:27:49,393][com.java.TestType] [  487] - 1
[INFO ][2016-01-05 20:27:49,393][com.java.TestType] [  482] -  str(2) = 4
[INFO ][2016-01-05 20:27:49,393][com.java.TestType] [  482] -  str(1) = 1
[INFO ][2016-01-05 20:27:49,393][com.java.TestType] [  485] - Test case Id is---1
[INFO ][2016-01-05 20:27:49,393][com.java.TestType] [  487] - 1
[INFO ][2016-01-05 20:27:49,393][com.java.TestType] [  482] -  str(2) = 5
[INFO ][2016-01-05 20:27:49,393][com.java.TestType] [  482] -  str(1) = 1
[INFO ][2016-01-05 20:27:49,393][com.java.TestType] [  485] - Test case Id is---1
[INFO ][2016-01-05 20:27:49,393][com.java.TestType] [  487] - 1
[INFO ][2016-01-05 20:27:49,393][com.java.TestType] [  482] -  str(2) = 6
[INFO ][2016-01-05 20:27:49,395][com.java.TestType] [  482] -  str(1) = 1
[INFO ][2016-01-05 20:27:49,395][com.java.TestType] [  485] - Test case Id is---1
[INFO ][2016-01-05 20:27:49,395][com.java.TestType] [  487] - 1
[INFO ][2016-01-05 20:27:49,395][com.java.TestType] [  482] -  str(2) = 7
[INFO ][2016-01-05 20:27:49,398][com.java.TestType] [  482] -  str(1) = 1
[INFO ][2016-01-05 20:27:49,398][com.java.TestType] [  485] - Test case Id is---1
[INFO ][2016-01-05 20:27:49,398][com.java.TestType] [  487] - 1
[INFO ][2016-01-05 20:27:49,398][com.java.TestType] [  482] -  str(2) = 8
[INFO ][2016-01-05 20:27:49,398][com.java.TestType] [  482] -  str(1) = 1
[INFO ][2016-01-05 20:27:49,398][com.java.TestType] [  485] - Test case Id is---1
[INFO ][2016-01-05 20:27:49,398][com.java.TestType] [  487] - 1
[INFO ][2016-01-05 20:27:49,398][com.java.TestType] [  482] -  str(2) = 9
[INFO ][2016-01-05 20:27:49,398][com.java.TestType] [  482] -  str(1) = 1
[INFO ][2016-01-05 20:27:49,398][com.java.TestType] [  485] - Test case Id is---1
[INFO ][2016-01-05 20:27:49,398][com.java.TestType] [  487] - 1
[INFO ][2016-01-05 20:27:49,400][com.java.TestType] [  482] -  str(2) = 10
[INFO ][2016-01-05 20:27:49,400][com.java.TestType] [  482] -  str(1) = 1
[INFO ][2016-01-05 20:27:49,400][com.java.TestType] [  485] - Test case Id is---1
[INFO ][2016-01-05 20:27:49,400][com.java.TestType] [  487] - 1
[INFO ][2016-01-05 20:27:49,400][com.java.TestType] [  482] -  str(2) = 11
[INFO ][2016-01-05 20:27:49,400][com.java.TestType] [  482] -  str(1) = 1
[INFO ][2016-01-05 20:27:49,400][com.java.TestType] [  485] - Test case Id is---1
[INFO ][2016-01-05 20:27:49,400][com.java.TestType] [  487] - 1
[INFO ][2016-01-05 20:27:49,400][com.java.TestType] [  482] -  str(2) = 12
[INFO ][2016-01-05 20:27:49,400][com.java.TestType] [  482] -  str(1) = 1
[INFO ][2016-01-05 20:27:49,403][com.java.TestType] [  485] - Test case Id is---1
[INFO ][2016-01-05 20:27:49,403][com.java.TestType] [  487] - 1
[INFO ][2016-01-05 20:27:49,403][com.java.TestType] [  482] -  str(2) = 13
[INFO ][2016-01-05 20:27:49,403][com.java.TestType] [  482] -  str(1) = 1
[INFO ][2016-01-05 20:27:49,403][com.java.TestType] [  485] - Test case Id is---1
[INFO ][2016-01-05 20:27:49,403][com.java.TestType] [  487] - 1
[INFO ][2016-01-05 20:27:49,403][com.java.TestType] [  482] -  str(2) = 14
[INFO ][2016-01-05 20:27:49,403][com.java.TestType] [  482] -  str(1) = 1
[INFO ][2016-01-05 20:27:49,403][com.java.TestType] [  485] - Test case Id is---1
[INFO ][2016-01-05 20:27:49,403][com.java.TestType] [  487] - 1
[INFO ][2016-01-05 20:27:49,405][com.java.TestType] [  482] -  str(2) = 15
[INFO ][2016-01-05 20:27:49,405][com.java.TestType] [  482] -  str(1) = 1
[INFO ][2016-01-05 20:27:49,405][com.java.TestType] [  485] - Test case Id is---1
[INFO ][2016-01-05 20:27:49,405][com.java.TestType] [  487] - 1
[INFO ][2016-01-05 20:27:49,405][com.java.TestType] [  482] -  str(2) = 16
[INFO ][2016-01-05 20:27:49,405][com.java.TestType] [10609] - Looping 1TCID = 1
[DEBUG][2016-01-05 20:27:49,405][com.java.TestType] [10650] - Concept ID:1 :: Step being Executed: 1::4
[INFO ][2016-01-05 20:27:49,405][com.java.TestType] [10688] - dataFields : LNKLogout
[DEBUG][2016-01-05 20:27:49,405][com.java.TestType] [10694] - <In Set values of the page>
[DEBUG][2016-01-05 20:27:49,405][com.java.TestType] [10699] - {Data Fields & Data Values Exist}
[INFO ][2016-01-05 20:27:49,405][com.java.TestType] [10705] - --------------------------setting values-----------------------------
[INFO ][2016-01-05 20:27:49,405][com.java.TestType] [10708] - Action Type : WaitForElement
[DEBUG][2016-01-05 20:29:22,244][com.java.TestType] [ 6765] - link=Logout   :: Link not Found
[INFO ][2016-01-05 20:29:22,244][com.java.TestType] [10727] -  RESULT false
[INFO ][2016-01-05 20:29:22,244][com.java.TestType] [10765] - ?   F A I L   ?
[DEBUG][2016-01-05 20:29:22,244][com.java.TestType] [10768] - Browser Type : IE10
[DEBUG][2016-01-05 20:29:22,244][com.java.TestType] [10650] - Concept ID:1 :: Step being Executed: 1::5
[INFO ][2016-01-05 20:29:22,244][com.java.TestType] [10688] - dataFields : TTL
[DEBUG][2016-01-05 20:29:22,244][com.java.TestType] [10694] - <In Set values of the page>
[DEBUG][2016-01-05 20:29:22,244][com.java.TestType] [10699] - {Data Fields & Data Values Exist}
[INFO ][2016-01-05 20:29:22,244][com.java.TestType] [10705] - --------------------------setting values-----------------------------
[INFO ][2016-01-05 20:29:22,244][com.java.TestType] [10708] - Action Type : CLOSEWINDOW
[INFO ][2016-01-05 20:29:22,415][com.java.TestType] [10727] -  RESULT true
[INFO ][2016-01-05 20:29:22,415][com.java.TestType] [10844] - ?   P A S S   ?
[DEBUG][2016-01-05 20:29:22,415][com.java.TestType] [10650] - Concept ID:1 :: Step being Executed: 1::6
[INFO ][2016-01-05 20:29:22,415][com.java.TestType] [10688] - dataFields : LNKLogout
[DEBUG][2016-01-05 20:29:22,415][com.java.TestType] [10694] - <In Set values of the page>
[DEBUG][2016-01-05 20:29:22,415][com.java.TestType] [10699] - {Data Fields & Data Values Exist}
[INFO ][2016-01-05 20:29:22,415][com.java.TestType] [10705] - --------------------------setting values-----------------------------
[INFO ][2016-01-05 20:29:22,415][com.java.TestType] [10708] - Action Type : WaitTime
[DEBUG][2016-01-05 20:29:22,415][com.java.TestType] [ 5525] - sleepTime: 3000
[INFO ][2016-01-05 20:29:25,415][com.java.TestType] [10727] -  RESULT true
[INFO ][2016-01-05 20:29:25,415][com.java.TestType] [10844] - ?   P A S S   ?
[DEBUG][2016-01-05 20:29:25,415][com.java.TestType] [10650] - Concept ID:1 :: Step being Executed: 1::7
[INFO ][2016-01-05 20:29:25,415][com.java.TestType] [10688] - dataFields : TTL
[DEBUG][2016-01-05 20:29:25,415][com.java.TestType] [10694] - <In Set values of the page>
[DEBUG][2016-01-05 20:29:25,415][com.java.TestType] [10699] - {Data Fields & Data Values Exist}
[INFO ][2016-01-05 20:29:25,415][com.java.TestType] [10705] - --------------------------setting values-----------------------------
[INFO ][2016-01-05 20:29:25,415][com.java.TestType] [10708] - Action Type : SelectWindow
[INFO ][2016-01-05 20:29:37,847][com.java.TestType] [10727] -  RESULT true
[INFO ][2016-01-05 20:29:37,847][com.java.TestType] [10844] - ?   P A S S   ?
[DEBUG][2016-01-05 20:29:37,847][com.java.TestType] [10650] - Concept ID:1 :: Step being Executed: 1::8
[INFO ][2016-01-05 20:29:37,847][com.java.TestType] [10688] - dataFields : test
[DEBUG][2016-01-05 20:29:37,847][com.java.TestType] [10694] - <In Set values of the page>
[DEBUG][2016-01-05 20:29:37,847][com.java.TestType] [10699] - {Data Fields & Data Values Exist}
[INFO ][2016-01-05 20:29:37,847][com.java.TestType] [10705] - --------------------------setting values-----------------------------
[INFO ][2016-01-05 20:29:37,847][com.java.TestType] [10708] - Action Type : WaitTime
[DEBUG][2016-01-05 20:29:37,847][com.java.TestType] [ 5525] - sleepTime: 20000
[INFO ][2016-01-05 20:29:57,847][com.java.TestType] [10727] -  RESULT true
[INFO ][2016-01-05 20:29:57,847][com.java.TestType] [10844] - ?   P A S S   ?
[DEBUG][2016-01-05 20:29:57,847][com.java.TestType] [10650] - Concept ID:1 :: Step being Executed: 1::9
[ERROR][2016-01-05 20:29:57,847][com.java.TestType] [10683] - Exception: null
[INFO ][2016-01-05 20:29:57,847][com.java.TestType] [10688] - dataFields : //span[@class='icon-cog2']&&//a[@data-id="UserSettings"]
[DEBUG][2016-01-05 20:29:57,847][com.java.TestType] [10694] - <In Set values of the page>
[DEBUG][2016-01-05 20:29:57,847][com.java.TestType] [10699] - {Data Fields & Data Values Exist}
[INFO ][2016-01-05 20:29:57,847][com.java.TestType] [10705] - --------------------------setting values-----------------------------
[INFO ][2016-01-05 20:29:57,847][com.java.TestType] [10708] - Action Type : MouseOver
[INFO ][2016-01-05 20:30:21,087][com.java.TestType] [10727] -  RESULT true
[INFO ][2016-01-05 20:30:21,087][com.java.TestType] [10844] - ?   P A S S   ?
[DEBUG][2016-01-05 20:30:21,087][com.java.TestType] [10650] - Concept ID:1 :: Step being Executed: 1::10
[INFO ][2016-01-05 20:30:21,087][com.java.TestType] [10688] - dataFields : BTNframeDialogContent
[DEBUG][2016-01-05 20:30:21,087][com.java.TestType] [10694] - <In Set values of the page>
[DEBUG][2016-01-05 20:30:21,087][com.java.TestType] [10699] - {Data Fields & Data Values Exist}
[INFO ][2016-01-05 20:30:21,087][com.java.TestType] [10705] - --------------------------setting values-----------------------------
[INFO ][2016-01-05 20:30:21,087][com.java.TestType] [10708] - Action Type : WaitForElement
[INFO ][2016-01-05 20:30:22,258][com.java.TestType] [10727] -  RESULT true
[INFO ][2016-01-05 20:30:22,258][com.java.TestType] [10844] - ?   P A S S   ?
[DEBUG][2016-01-05 20:30:22,258][com.java.TestType] [10650] - Concept ID:1 :: Step being Executed: 1::11
[INFO ][2016-01-05 20:30:22,258][com.java.TestType] [10688] - dataFields : BTN
[DEBUG][2016-01-05 20:30:22,258][com.java.TestType] [10694] - <In Set values of the page>
[DEBUG][2016-01-05 20:30:22,258][com.java.TestType] [10699] - {Data Fields & Data Values Exist}
[INFO ][2016-01-05 20:30:22,258][com.java.TestType] [10705] - --------------------------setting values-----------------------------
[INFO ][2016-01-05 20:30:22,258][com.java.TestType] [10708] - Action Type : SELECTFRAMEBYNAME
[INFO ][2016-01-05 20:30:22,258][com.java.TestType] [ 5705] - value = frameDialogContent
[INFO ][2016-01-05 20:30:22,319][com.java.TestType] [10727] -  RESULT true
[INFO ][2016-01-05 20:30:22,319][com.java.TestType] [10844] - ?   P A S S   ?
[DEBUG][2016-01-05 20:30:22,319][com.java.TestType] [10650] - Concept ID:1 :: Step being Executed: 1::12
[INFO ][2016-01-05 20:30:22,319][com.java.TestType] [10688] - dataFields : SLBddlOpenBDInNewWindow
[DEBUG][2016-01-05 20:30:22,319][com.java.TestType] [10694] - <In Set values of the page>
[DEBUG][2016-01-05 20:30:22,319][com.java.TestType] [10699] - {Data Fields & Data Values Exist}
[INFO ][2016-01-05 20:30:22,319][com.java.TestType] [10705] - --------------------------setting values-----------------------------
[INFO ][2016-01-05 20:30:22,319][com.java.TestType] [10708] - Action Type : Select
[INFO ][2016-01-05 20:30:22,319][com.java.TestType] [ 5705] - value = No
[INFO ][2016-01-05 20:30:24,631][com.java.TestType] [10727] -  RESULT true
[INFO ][2016-01-05 20:30:24,631][com.java.TestType] [10844] - ?   P A S S   ?
[DEBUG][2016-01-05 20:30:24,631][com.java.TestType] [10650] - Concept ID:1 :: Step being Executed: 1::13
[ERROR][2016-01-05 20:30:24,631][com.java.TestType] [10683] - Exception: null
[INFO ][2016-01-05 20:30:24,631][com.java.TestType] [10688] - dataFields : BTNparent
[DEBUG][2016-01-05 20:30:24,631][com.java.TestType] [10694] - <In Set values of the page>
[DEBUG][2016-01-05 20:30:24,631][com.java.TestType] [10699] - {Data Fields & Data Values Exist}
[INFO ][2016-01-05 20:30:24,631][com.java.TestType] [10705] - --------------------------setting values-----------------------------
[INFO ][2016-01-05 20:30:24,631][com.java.TestType] [10708] - Action Type : SELECTFRAME
[INFO ][2016-01-05 20:30:24,651][com.java.TestType] [10727] -  RESULT true
[INFO ][2016-01-05 20:30:24,651][com.java.TestType] [10844] - ?   P A S S   ?
[DEBUG][2016-01-05 20:30:24,651][com.java.TestType] [10650] - Concept ID:1 :: Step being Executed: 1::14
[ERROR][2016-01-05 20:30:24,651][com.java.TestType] [10683] - Exception: null
[INFO ][2016-01-05 20:30:24,651][com.java.TestType] [10688] - dataFields : BTN//span[text()='Finished']
[DEBUG][2016-01-05 20:30:24,651][com.java.TestType] [10694] - <In Set values of the page>
[DEBUG][2016-01-05 20:30:24,651][com.java.TestType] [10699] - {Data Fields & Data Values Exist}
[INFO ][2016-01-05 20:30:24,651][com.java.TestType] [10705] - --------------------------setting values-----------------------------
[INFO ][2016-01-05 20:30:24,651][com.java.TestType] [10708] - Action Type : Click
[INFO ][2016-01-05 20:30:24,651][com.java.TestType] [ 6084] - Field ::BTN//span[text()='Finished']
[INFO ][2016-01-05 20:30:24,651][com.java.TestType] [ 5705] - value = 
[INFO ][2016-01-05 20:30:25,651][com.java.TestType] [ 6200] - BEFORE CLICK
[INFO ][2016-01-05 20:30:25,962][com.java.TestType] [ 6207] - Unable to click the object Finished button
[INFO ][2016-01-05 20:30:25,962][com.java.TestType] [10727] -  RESULT true
[INFO ][2016-01-05 20:30:25,962][com.java.TestType] [10844] - ?   P A S S   ?
[DEBUG][2016-01-05 20:30:25,962][com.java.TestType] [10650] - Concept ID:1 :: Step being Executed: 1::15
[INFO ][2016-01-05 20:30:25,962][com.java.TestType] [10688] - dataFields : LNK
[DEBUG][2016-01-05 20:30:25,962][com.java.TestType] [10694] - <In Set values of the page>
[DEBUG][2016-01-05 20:30:25,962][com.java.TestType] [10699] - {Data Fields & Data Values Exist}
[INFO ][2016-01-05 20:30:25,962][com.java.TestType] [10705] - --------------------------setting values-----------------------------
[INFO ][2016-01-05 20:30:25,962][com.java.TestType] [10708] - Action Type : Verify
[INFO ][2016-01-05 20:30:25,962][com.java.TestType] [ 7081] - field= LNK value= Logout
[INFO ][2016-01-05 20:30:25,962][com.java.TestType] [ 5705] - value = Logout
[INFO ][2016-01-05 20:30:26,042][com.java.TestType] [10727] -  RESULT true
[INFO ][2016-01-05 20:30:26,042][com.java.TestType] [10844] - ?   P A S S   ?
[DEBUG][2016-01-05 20:30:26,042][com.java.TestType] [10650] - Concept ID:1 :: Step being Executed: 1::16
[INFO ][2016-01-05 20:30:26,042][com.java.TestType] [10688] - dataFields : BTN
[DEBUG][2016-01-05 20:30:26,042][com.java.TestType] [10694] - <In Set values of the page>
[DEBUG][2016-01-05 20:30:26,042][com.java.TestType] [10699] - {Data Fields & Data Values Exist}
[INFO ][2016-01-05 20:30:26,042][com.java.TestType] [10705] - --------------------------setting values-----------------------------
[INFO ][2016-01-05 20:30:26,042][com.java.TestType] [10708] - Action Type : Verify
[INFO ][2016-01-05 20:30:26,042][com.java.TestType] [ 7081] - field= BTN value= //img[contains(@src,'bdlogo.jpg')]
[INFO ][2016-01-05 20:30:26,042][com.java.TestType] [ 5705] - value = //img[contains(@src,'bdlogo.jpg')]
[INFO ][2016-01-05 20:30:26,262][com.java.TestType] [10727] -  RESULT true
[INFO ][2016-01-05 20:30:26,262][com.java.TestType] [10844] - ?   P A S S   ?
[INFO ][2016-01-05 20:30:26,262][com.java.TestType] [10915] - Looping End......
[INFO ][2016-01-05 20:30:26,262][com.java.SeleniumDriver] [  906] -  RESULT true
[INFO ][2016-01-05 20:30:26,262][com.java.SeleniumDriver] [ 1112] - ?   P A S S   ?
[INFO ][2016-01-05 20:30:26,262][com.java.SeleniumDriver] [  832] - ------------------------------------------
[INFO ][2016-01-05 20:30:26,262][com.java.SeleniumDriver] [  833] - Test case being Executed: 2
[INFO ][2016-01-05 20:30:26,262][com.java.SeleniumDriver] [  845] - Test step:56
[INFO ][2016-01-05 20:30:26,262][com.java.SeleniumDriver] [  857] - Datavalue is----------10
[INFO ][2016-01-05 20:30:26,262][com.java.SeleniumDriver] [  881] - DataField : XPH//div[contains(text(), 'My Dashboard')]
[INFO ][2016-01-05 20:30:26,262][com.java.SeleniumDriver] [  883] - DataValue : 10
[INFO ][2016-01-05 20:30:26,262][com.java.SeleniumDriver] [  889] - <In Set values of the page>
[INFO ][2016-01-05 20:30:26,262][com.java.SeleniumDriver] [  892] - {Data Fields & Data Values Exist}
[INFO ][2016-01-05 20:30:26,262][com.java.SeleniumDriver] [  894] - --------------------------setting values-----------------------------
[INFO ][2016-01-05 20:30:26,262][com.java.SeleniumDriver] [  897] - Action Type : WAITFORELEMENT
[INFO ][2016-01-05 20:30:26,302][com.java.SeleniumDriver] [  906] -  RESULT true
[INFO ][2016-01-05 20:30:26,302][com.java.SeleniumDriver] [ 1112] - ?   P A S S   ?
[INFO ][2016-01-05 20:30:26,302][com.java.SeleniumDriver] [  832] - ------------------------------------------
[INFO ][2016-01-05 20:30:26,302][com.java.SeleniumDriver] [  833] - Test case being Executed: 2
[INFO ][2016-01-05 20:30:26,302][com.java.SeleniumDriver] [  845] - Test step:57
[INFO ][2016-01-05 20:30:26,302][com.java.SeleniumDriver] [  857] - Datavalue is----------//div[contains(text(), 'My Dashboard')]
[INFO ][2016-01-05 20:30:26,302][com.java.SeleniumDriver] [  881] - DataField : BTN
[INFO ][2016-01-05 20:30:26,302][com.java.SeleniumDriver] [  883] - DataValue : //div[contains(text(), 'My Dashboard')]
[INFO ][2016-01-05 20:30:26,302][com.java.SeleniumDriver] [  889] - <In Set values of the page>
[INFO ][2016-01-05 20:30:26,302][com.java.SeleniumDriver] [  892] - {Data Fields & Data Values Exist}
[INFO ][2016-01-05 20:30:26,302][com.java.SeleniumDriver] [  894] - --------------------------setting values-----------------------------
[INFO ][2016-01-05 20:30:26,302][com.java.SeleniumDriver] [  897] - Action Type : VERIFY
[INFO ][2016-01-05 20:30:26,302][com.java.TestType] [ 7081] - field= BTN value= //div[contains(text(), 'My Dashboard')]
[INFO ][2016-01-05 20:30:26,302][com.java.TestType] [ 5705] - value = //div[contains(text(), 'My Dashboard')]
[INFO ][2016-01-05 20:30:26,362][com.java.SeleniumDriver] [  906] -  RESULT true
[INFO ][2016-01-05 20:30:26,362][com.java.SeleniumDriver] [ 1112] - ?   P A S S   ?
[INFO ][2016-01-05 20:30:26,362][com.java.SeleniumDriver] [  832] - ------------------------------------------
[INFO ][2016-01-05 20:30:26,362][com.java.SeleniumDriver] [  833] - Test case being Executed: 2
[INFO ][2016-01-05 20:30:26,362][com.java.SeleniumDriver] [  845] - Test step:58
[INFO ][2016-01-05 20:30:26,362][com.java.SeleniumDriver] [  857] - Datavalue is----------Concept#3:1-2
[INFO ][2016-01-05 20:30:26,362][com.java.SeleniumDriver] [  881] - DataField : test
[INFO ][2016-01-05 20:30:26,362][com.java.SeleniumDriver] [  883] - DataValue : Concept#3:1-2
[INFO ][2016-01-05 20:30:26,362][com.java.SeleniumDriver] [  889] - <In Set values of the page>
[INFO ][2016-01-05 20:30:26,362][com.java.SeleniumDriver] [  892] - {Data Fields & Data Values Exist}
[INFO ][2016-01-05 20:30:26,362][com.java.SeleniumDriver] [  894] - --------------------------setting values-----------------------------
[INFO ][2016-01-05 20:30:26,362][com.java.SeleniumDriver] [  897] - Action Type : ExecuteTestCase
[INFO ][2016-01-05 20:30:26,362][com.java.TestType] [  437] - The Concept sheet name is ---------- Concept
[INFO ][2016-01-05 20:30:26,362][com.java.TestType] [  440] - The Concept ID  is ---------- 3
[DEBUG][2016-01-05 20:30:26,362][com.java.TestType] [  444] - Steps being executted in the Concept are: 1:2
[INFO ][2016-01-05 20:30:26,362][com.java.TestType] [  451] - Test data details path ---------- D:\BankersDashboard\TestInputs\TestData.xls
[INFO ][2016-01-05 20:30:26,392][com.java.TestType] [  482] -  str(1) = 3
[INFO ][2016-01-05 20:30:26,392][com.java.TestType] [  485] - Test case Id is---3
[INFO ][2016-01-05 20:30:26,392][com.java.TestType] [  487] - 3
[INFO ][2016-01-05 20:30:26,392][com.java.TestType] [  482] -  str(2) = 1
[INFO ][2016-01-05 20:30:26,392][com.java.TestType] [  482] -  str(1) = 3
[INFO ][2016-01-05 20:30:26,392][com.java.TestType] [  485] - Test case Id is---3
[INFO ][2016-01-05 20:30:26,392][com.java.TestType] [  487] - 3
[INFO ][2016-01-05 20:30:26,392][com.java.TestType] [  482] -  str(2) = 2
[INFO ][2016-01-05 20:30:26,392][com.java.TestType] [10609] - Looping 1TCID = 3
[DEBUG][2016-01-05 20:30:26,392][com.java.TestType] [10650] - Concept ID:3 :: Step being Executed: 3::1
[INFO ][2016-01-05 20:30:26,392][com.java.TestType] [10688] - dataFields : test
[DEBUG][2016-01-05 20:30:26,392][com.java.TestType] [10694] - <In Set values of the page>
[DEBUG][2016-01-05 20:30:26,392][com.java.TestType] [10699] - {Data Fields & Data Values Exist}
[INFO ][2016-01-05 20:30:26,392][com.java.TestType] [10705] - --------------------------setting values-----------------------------
[INFO ][2016-01-05 20:30:26,392][com.java.TestType] [10708] - Action Type : Logout
[INFO ][2016-01-05 20:30:29,381][com.java.TestType] [ 6084] - Field ::CNF
[INFO ][2016-01-05 20:30:29,381][com.java.TestType] [ 5705] - value = OK
[ERROR][2016-01-05 20:30:30,392][com.java.TestType] [ 6420] - Exception in click:: Unable to get browser (WARNING: The server did not provide any stacktrace information)
Command duration or timeout: 10 milliseconds
Build info: version: '2.48.2', revision: '41bccdd', time: '2015-10-09 19:59:12'
System info: host: 'FVTIII438F1D', ip: '172.17.68.34', os.name: 'Windows 7', os.arch: 'x86', os.version: '6.1', java.version: '1.7.0_55'
Session ID: df01b019-384e-4af5-81c2-393f3c2d46d0
Driver info: org.openqa.selenium.ie.InternetExplorerDriver
Capabilities [{platform=WINDOWS, javascriptEnabled=true, elementScrollBehavior=0, ignoreZoomSetting=false, enablePersistentHover=true, ie.ensureCleanSession=false, browserName=internet explorer, enableElementCacheCleanup=true, unexpectedAlertBehaviour=dismiss, version=10, ie.usePerProcessProxy=false, ignoreProtectedModeSettings=true, cssSelectorsEnabled=true, requireWindowFocus=false, initialBrowserUrl=http://localhost:30200/, handlesAlerts=true, ie.forceCreateProcessApi=false, nativeEvents=true, browserAttachTimeout=0, ie.browserCommandLineSwitches=, takesScreenshot=true}]
[INFO ][2016-01-05 20:30:30,392][com.java.TestType] [ 6424] - Element :::: not found
[DEBUG][2016-01-05 20:30:31,512][com.java.SeleniumDriver] [  426] - Hub ip address is-------172.17.68.34
[INFO ][2016-01-05 20:30:31,512][com.java.SeleniumDriver] [  452] - Grid URL:http://172.17.68.34:4444/wd/hub
[INFO ][2016-01-05 20:30:31,512][com.java.SeleniumDriver] [  453] - Capability:Capabilities [{platform=ANY, ensureCleanSession=true, ignoreProtectedModeSettings=true, acceptSslCerts=true, ignoreZoomSetting=true, browserName=internet explorer, browserstack.ie.noFlash=true, version=null}]
[ERROR][2016-01-05 20:30:32,523][com.java.SeleniumDriver] [  498] - Unable invoke browser in grid:Could not start a new session. Possible causes are invalid address of the remote server or browser start-up failure.
Build info: version: '2.48.2', revision: '41bccdd', time: '2015-10-09 19:59:12'
System info: host: 'FVTIII438F1D', ip: '172.17.68.34', os.name: 'Windows 7', os.arch: 'x86', os.version: '6.1', java.version: '1.7.0_55'
Driver info: driver.version: SeleniumDriver
[INFO ][2016-01-05 20:30:32,523][com.java.SeleniumDriver] [  500] - Executing on local machine
[INFO ][2016-01-05 20:30:42,615][com.java.TestType] [10727] -  RESULT true
[INFO ][2016-01-05 20:30:42,615][com.java.TestType] [10844] - ?   P A S S   ?
[DEBUG][2016-01-05 20:30:42,615][com.java.TestType] [10650] - Concept ID:3 :: Step being Executed: 3::2
[INFO ][2016-01-05 20:30:42,615][com.java.TestType] [10688] - dataFields : test
[DEBUG][2016-01-05 20:30:42,615][com.java.TestType] [10694] - <In Set values of the page>
[DEBUG][2016-01-05 20:30:42,615][com.java.TestType] [10699] - {Data Fields & Data Values Exist}
[INFO ][2016-01-05 20:30:42,615][com.java.TestType] [10705] - --------------------------setting values-----------------------------
[INFO ][2016-01-05 20:30:42,615][com.java.TestType] [10708] - Action Type : WaitTime
[DEBUG][2016-01-05 20:30:42,615][com.java.TestType] [ 5525] - sleepTime: 2000
[INFO ][2016-01-05 20:30:44,616][com.java.TestType] [10727] -  RESULT true
[INFO ][2016-01-05 20:30:44,616][com.java.TestType] [10844] - ?   P A S S   ?
[INFO ][2016-01-05 20:30:44,616][com.java.TestType] [10915] - Looping End......
[INFO ][2016-01-05 20:30:44,616][com.java.SeleniumDriver] [  906] -  RESULT true
[INFO ][2016-01-05 20:30:44,616][com.java.SeleniumDriver] [ 1112] - ?   P A S S   ?
[INFO ][2016-01-05 20:30:44,616][com.java.SeleniumDriver] [  832] - ------------------------------------------
[INFO ][2016-01-05 20:30:44,616][com.java.SeleniumDriver] [  833] - Test case being Executed: 2
[INFO ][2016-01-05 20:30:44,616][com.java.SeleniumDriver] [  845] - Test step:59
[INFO ][2016-01-05 20:30:44,616][com.java.SeleniumDriver] [  857] - Datavalue is----------Concept#1:1-16
[INFO ][2016-01-05 20:30:44,616][com.java.SeleniumDriver] [  881] - DataField : test
[INFO ][2016-01-05 20:30:44,616][com.java.SeleniumDriver] [  883] - DataValue : Concept#1:1-16
[INFO ][2016-01-05 20:30:44,616][com.java.SeleniumDriver] [  889] - <In Set values of the page>
[INFO ][2016-01-05 20:30:44,616][com.java.SeleniumDriver] [  892] - {Data Fields & Data Values Exist}
[INFO ][2016-01-05 20:30:44,616][com.java.SeleniumDriver] [  894] - --------------------------setting values-----------------------------
[INFO ][2016-01-05 20:30:44,616][com.java.SeleniumDriver] [  897] - Action Type : ExecuteTestCase
[INFO ][2016-01-05 20:30:44,616][com.java.TestType] [  437] - The Concept sheet name is ---------- Concept
[INFO ][2016-01-05 20:30:44,616][com.java.TestType] [  440] - The Concept ID  is ---------- 1
[DEBUG][2016-01-05 20:30:44,616][com.java.TestType] [  444] - Steps being executted in the Concept are: 1:16
[INFO ][2016-01-05 20:30:44,616][com.java.TestType] [  451] - Test data details path ---------- D:\BankersDashboard\TestInputs\TestData.xls
[INFO ][2016-01-05 20:30:44,647][com.java.TestType] [  482] -  str(1) = 1
[INFO ][2016-01-05 20:30:44,647][com.java.TestType] [  485] - Test case Id is---1
[INFO ][2016-01-05 20:30:44,647][com.java.TestType] [  487] - 1
[INFO ][2016-01-05 20:30:44,647][com.java.TestType] [  482] -  str(2) = 1
[INFO ][2016-01-05 20:30:44,647][com.java.TestType] [  482] -  str(1) = 1
[INFO ][2016-01-05 20:30:44,647][com.java.TestType] [  485] - Test case Id is---1
[INFO ][2016-01-05 20:30:44,647][com.java.TestType] [  487] - 1
[INFO ][2016-01-05 20:30:44,647][com.java.TestType] [  482] -  str(2) = 2
[INFO ][2016-01-05 20:30:44,647][com.java.TestType] [  482] -  str(1) = 1
[INFO ][2016-01-05 20:30:44,647][com.java.TestType] [  485] - Test case Id is---1
[INFO ][2016-01-05 20:30:44,647][com.java.TestType] [  487] - 1
[INFO ][2016-01-05 20:30:44,647][com.java.TestType] [  482] -  str(2) = 3
[INFO ][2016-01-05 20:30:44,647][com.java.TestType] [  482] -  str(1) = 1
[INFO ][2016-01-05 20:30:44,647][com.java.TestType] [  485] - Test case Id is---1
[INFO ][2016-01-05 20:30:44,647][com.java.TestType] [  487] - 1
[INFO ][2016-01-05 20:30:44,647][com.java.TestType] [  482] -  str(2) = 4
[INFO ][2016-01-05 20:30:44,647][com.java.TestType] [  482] -  str(1) = 1
[INFO ][2016-01-05 20:30:44,647][com.java.TestType] [  485] - Test case Id is---1
[INFO ][2016-01-05 20:30:44,647][com.java.TestType] [  487] - 1
[INFO ][2016-01-05 20:30:44,647][com.java.TestType] [  482] -  str(2) = 5
[INFO ][2016-01-05 20:30:44,647][com.java.TestType] [  482] -  str(1) = 1
[INFO ][2016-01-05 20:30:44,647][com.java.TestType] [  485] - Test case Id is---1
[INFO ][2016-01-05 20:30:44,647][com.java.TestType] [  487] - 1
[INFO ][2016-01-05 20:30:44,647][com.java.TestType] [  482] -  str(2) = 6
[INFO ][2016-01-05 20:30:44,647][com.java.TestType] [  482] -  str(1) = 1
[INFO ][2016-01-05 20:30:44,647][com.java.TestType] [  485] - Test case Id is---1
[INFO ][2016-01-05 20:30:44,647][com.java.TestType] [  487] - 1
[INFO ][2016-01-05 20:30:44,647][com.java.TestType] [  482] -  str(2) = 7
[INFO ][2016-01-05 20:30:44,647][com.java.TestType] [  482] -  str(1) = 1
[INFO ][2016-01-05 20:30:44,647][com.java.TestType] [  485] - Test case Id is---1
[INFO ][2016-01-05 20:30:44,647][com.java.TestType] [  487] - 1
[INFO ][2016-01-05 20:30:44,647][com.java.TestType] [  482] -  str(2) = 8
[INFO ][2016-01-05 20:30:44,647][com.java.TestType] [  482] -  str(1) = 1
[INFO ][2016-01-05 20:30:44,647][com.java.TestType] [  485] - Test case Id is---1
[INFO ][2016-01-05 20:30:44,647][com.java.TestType] [  487] - 1
[INFO ][2016-01-05 20:30:44,647][com.java.TestType] [  482] -  str(2) = 9
[INFO ][2016-01-05 20:30:44,647][com.java.TestType] [  482] -  str(1) = 1
[INFO ][2016-01-05 20:30:44,647][com.java.TestType] [  485] - Test case Id is---1
[INFO ][2016-01-05 20:30:44,647][com.java.TestType] [  487] - 1
[INFO ][2016-01-05 20:30:44,647][com.java.TestType] [  482] -  str(2) = 10
[INFO ][2016-01-05 20:30:44,657][com.java.TestType] [  482] -  str(1) = 1
[INFO ][2016-01-05 20:30:44,657][com.java.TestType] [  485] - Test case Id is---1
[INFO ][2016-01-05 20:30:44,657][com.java.TestType] [  487] - 1
[INFO ][2016-01-05 20:30:44,657][com.java.TestType] [  482] -  str(2) = 11
[INFO ][2016-01-05 20:30:44,657][com.java.TestType] [  482] -  str(1) = 1
[INFO ][2016-01-05 20:30:44,657][com.java.TestType] [  485] - Test case Id is---1
[INFO ][2016-01-05 20:30:44,657][com.java.TestType] [  487] - 1
[INFO ][2016-01-05 20:30:44,657][com.java.TestType] [  482] -  str(2) = 12
[INFO ][2016-01-05 20:30:44,657][com.java.TestType] [  482] -  str(1) = 1
[INFO ][2016-01-05 20:30:44,657][com.java.TestType] [  485] - Test case Id is---1
[INFO ][2016-01-05 20:30:44,657][com.java.TestType] [  487] - 1
[INFO ][2016-01-05 20:30:44,657][com.java.TestType] [  482] -  str(2) = 13
[INFO ][2016-01-05 20:30:44,657][com.java.TestType] [  482] -  str(1) = 1
[INFO ][2016-01-05 20:30:44,657][com.java.TestType] [  485] - Test case Id is---1
[INFO ][2016-01-05 20:30:44,657][com.java.TestType] [  487] - 1
[INFO ][2016-01-05 20:30:44,657][com.java.TestType] [  482] -  str(2) = 14
[INFO ][2016-01-05 20:30:44,657][com.java.TestType] [  482] -  str(1) = 1
[INFO ][2016-01-05 20:30:44,657][com.java.TestType] [  485] - Test case Id is---1
[INFO ][2016-01-05 20:30:44,657][com.java.TestType] [  487] - 1
[INFO ][2016-01-05 20:30:44,657][com.java.TestType] [  482] -  str(2) = 15
[INFO ][2016-01-05 20:30:44,657][com.java.TestType] [  482] -  str(1) = 1
[INFO ][2016-01-05 20:30:44,657][com.java.TestType] [  485] - Test case Id is---1
[INFO ][2016-01-05 20:30:44,657][com.java.TestType] [  487] - 1
[INFO ][2016-01-05 20:30:44,657][com.java.TestType] [  482] -  str(2) = 16
[INFO ][2016-01-05 20:30:44,657][com.java.TestType] [10609] - Looping 1TCID = 1
[DEBUG][2016-01-05 20:30:44,657][com.java.TestType] [10650] - Concept ID:1 :: Step being Executed: 1::1
[INFO ][2016-01-05 20:30:44,657][com.java.TestType] [10688] - dataFields : TXTusername
[DEBUG][2016-01-05 20:30:44,657][com.java.TestType] [10694] - <In Set values of the page>
[DEBUG][2016-01-05 20:30:44,657][com.java.TestType] [10699] - {Data Fields & Data Values Exist}
[INFO ][2016-01-05 20:30:44,657][com.java.TestType] [10705] - --------------------------setting values-----------------------------
[INFO ][2016-01-05 20:30:44,657][com.java.TestType] [10708] - Action Type : CLEARANDENTER
[INFO ][2016-01-05 20:30:44,657][com.java.TestType] [ 5705] - value = valuelabs.ie10.00058
[INFO ][2016-01-05 20:30:49,354][com.java.TestType] [10727] -  RESULT true
[INFO ][2016-01-05 20:30:49,354][com.java.TestType] [10844] - ?   P A S S   ?
[DEBUG][2016-01-05 20:30:49,354][com.java.TestType] [10650] - Concept ID:1 :: Step being Executed: 1::2
[INFO ][2016-01-05 20:30:49,354][com.java.TestType] [10688] - dataFields : TXTpassword
[DEBUG][2016-01-05 20:30:49,354][com.java.TestType] [10694] - <In Set values of the page>
[DEBUG][2016-01-05 20:30:49,354][com.java.TestType] [10699] - {Data Fields & Data Values Exist}
[INFO ][2016-01-05 20:30:49,354][com.java.TestType] [10705] - --------------------------setting values-----------------------------
[INFO ][2016-01-05 20:30:49,354][com.java.TestType] [10708] - Action Type : CLEARANDENTER
[INFO ][2016-01-05 20:30:49,354][com.java.TestType] [ 5705] - value = Password1*
[INFO ][2016-01-05 20:30:54,166][com.java.TestType] [10727] -  RESULT true
[INFO ][2016-01-05 20:30:54,166][com.java.TestType] [10844] - ?   P A S S   ?
[DEBUG][2016-01-05 20:30:54,166][com.java.TestType] [10650] - Concept ID:1 :: Step being Executed: 1::3
[ERROR][2016-01-05 20:30:54,166][com.java.TestType] [10683] - Exception: null
[INFO ][2016-01-05 20:30:54,166][com.java.TestType] [10688] - dataFields : XPH//button[@type='submit']
[DEBUG][2016-01-05 20:30:54,166][com.java.TestType] [10694] - <In Set values of the page>
[DEBUG][2016-01-05 20:30:54,166][com.java.TestType] [10699] - {Data Fields & Data Values Exist}
[INFO ][2016-01-05 20:30:54,166][com.java.TestType] [10705] - --------------------------setting values-----------------------------
[INFO ][2016-01-05 20:30:54,166][com.java.TestType] [10708] - Action Type : Click
[INFO ][2016-01-05 20:30:54,166][com.java.TestType] [ 6084] - Field ::XPH//button[@type='submit']
[INFO ][2016-01-05 20:30:54,166][com.java.TestType] [ 5705] - value = 
[INFO ][2016-01-05 20:30:55,166][com.java.TestType] [ 6221] - BEFORE CLICK
[INFO ][2016-01-05 20:30:58,601][com.java.TestType] [ 6229] - Unable to click the object Login
[INFO ][2016-01-05 20:30:58,601][com.java.TestType] [10727] -  RESULT true
[INFO ][2016-01-05 20:30:58,601][com.java.TestType] [10844] - ?   P A S S   ?
[DEBUG][2016-01-05 20:30:58,601][com.java.TestType] [10650] - Concept ID:1 :: Step being Executed: 1::4
[INFO ][2016-01-05 20:30:58,601][com.java.TestType] [10688] - dataFields : LNKLogout
[DEBUG][2016-01-05 20:30:58,601][com.java.TestType] [10694] - <In Set values of the page>
[DEBUG][2016-01-05 20:30:58,601][com.java.TestType] [10699] - {Data Fields & Data Values Exist}
[INFO ][2016-01-05 20:30:58,601][com.java.TestType] [10705] - --------------------------setting values-----------------------------
[INFO ][2016-01-05 20:30:58,601][com.java.TestType] [10708] - Action Type : WaitForElement
[INFO ][2016-01-05 20:30:58,632][com.java.TestType] [10727] -  RESULT true
[INFO ][2016-01-05 20:30:58,632][com.java.TestType] [10844] - ?   P A S S   ?
[DEBUG][2016-01-05 20:30:58,632][com.java.TestType] [10650] - Concept ID:1 :: Step being Executed: 1::15
[INFO ][2016-01-05 20:30:58,632][com.java.TestType] [10688] - dataFields : LNK
[DEBUG][2016-01-05 20:30:58,632][com.java.TestType] [10694] - <In Set values of the page>
[DEBUG][2016-01-05 20:30:58,632][com.java.TestType] [10699] - {Data Fields & Data Values Exist}
[INFO ][2016-01-05 20:30:58,632][com.java.TestType] [10705] - --------------------------setting values-----------------------------
[INFO ][2016-01-05 20:30:58,632][com.java.TestType] [10708] - Action Type : Verify
[INFO ][2016-01-05 20:30:58,632][com.java.TestType] [ 7081] - field= LNK value= Logout
[INFO ][2016-01-05 20:30:58,632][com.java.TestType] [ 5705] - value = Logout
[INFO ][2016-01-05 20:30:58,672][com.java.TestType] [10727] -  RESULT true
[INFO ][2016-01-05 20:30:58,672][com.java.TestType] [10844] - ?   P A S S   ?
[DEBUG][2016-01-05 20:30:58,672][com.java.TestType] [10650] - Concept ID:1 :: Step being Executed: 1::16
[INFO ][2016-01-05 20:30:58,672][com.java.TestType] [10688] - dataFields : BTN
[DEBUG][2016-01-05 20:30:58,672][com.java.TestType] [10694] - <In Set values of the page>
[DEBUG][2016-01-05 20:30:58,672][com.java.TestType] [10699] - {Data Fields & Data Values Exist}
[INFO ][2016-01-05 20:30:58,672][com.java.TestType] [10705] - --------------------------setting values-----------------------------
[INFO ][2016-01-05 20:30:58,672][com.java.TestType] [10708] - Action Type : Verify
[INFO ][2016-01-05 20:30:58,672][com.java.TestType] [ 7081] - field= BTN value= //img[contains(@src,'bdlogo.jpg')]
[INFO ][2016-01-05 20:30:58,672][com.java.TestType] [ 5705] - value = //img[contains(@src,'bdlogo.jpg')]
[INFO ][2016-01-05 20:30:58,832][com.java.TestType] [10727] -  RESULT true
[INFO ][2016-01-05 20:30:58,832][com.java.TestType] [10844] - ?   P A S S   ?
[INFO ][2016-01-05 20:30:58,832][com.java.TestType] [10915] - Looping End......
[INFO ][2016-01-05 20:30:58,832][com.java.SeleniumDriver] [  906] -  RESULT true
[INFO ][2016-01-05 20:30:58,832][com.java.SeleniumDriver] [ 1112] - ?   P A S S   ?
[INFO ][2016-01-05 20:30:58,832][com.java.SeleniumDriver] [  832] - ------------------------------------------
[INFO ][2016-01-05 20:30:58,832][com.java.SeleniumDriver] [  833] - Test case being Executed: 2
[INFO ][2016-01-05 20:30:58,832][com.java.SeleniumDriver] [  845] - Test step:60
[INFO ][2016-01-05 20:30:58,832][com.java.SeleniumDriver] [  857] - Datavalue is----------null
[DEBUG][2016-01-05 20:30:58,832][com.java.SeleniumDriver] [  875] - Exception: null
[INFO ][2016-01-05 20:30:58,832][com.java.SeleniumDriver] [  881] - DataField : //span[@class='icon-user4']&&//a[text()='Users']&&//a[@data-id="ModifyUsers"]
[INFO ][2016-01-05 20:30:58,832][com.java.SeleniumDriver] [  883] - DataValue : 
[INFO ][2016-01-05 20:30:58,832][com.java.SeleniumDriver] [  889] - <In Set values of the page>
[INFO ][2016-01-05 20:30:58,832][com.java.SeleniumDriver] [  892] - {Data Fields & Data Values Exist}
[INFO ][2016-01-05 20:30:58,832][com.java.SeleniumDriver] [  894] - --------------------------setting values-----------------------------
[INFO ][2016-01-05 20:30:58,832][com.java.SeleniumDriver] [  897] - Action Type : MouseOver
[INFO ][2016-01-05 20:31:26,013][com.java.SeleniumDriver] [  906] -  RESULT true
[INFO ][2016-01-05 20:31:26,013][com.java.SeleniumDriver] [ 1112] - ?   P A S S   ?
[INFO ][2016-01-05 20:31:26,013][com.java.SeleniumDriver] [  832] - ------------------------------------------
[INFO ][2016-01-05 20:31:26,013][com.java.SeleniumDriver] [  833] - Test case being Executed: 2
[INFO ][2016-01-05 20:31:26,013][com.java.SeleniumDriver] [  845] - Test step:61
[INFO ][2016-01-05 20:31:26,013][com.java.SeleniumDriver] [  857] - Datavalue is----------2
[INFO ][2016-01-05 20:31:26,013][com.java.SeleniumDriver] [  881] - DataField : BTNframeDialogContent
[INFO ][2016-01-05 20:31:26,013][com.java.SeleniumDriver] [  883] - DataValue : 2
[INFO ][2016-01-05 20:31:26,013][com.java.SeleniumDriver] [  889] - <In Set values of the page>
[INFO ][2016-01-05 20:31:26,013][com.java.SeleniumDriver] [  892] - {Data Fields & Data Values Exist}
[INFO ][2016-01-05 20:31:26,013][com.java.SeleniumDriver] [  894] - --------------------------setting values-----------------------------
[INFO ][2016-01-05 20:31:26,013][com.java.SeleniumDriver] [  897] - Action Type : WaitForElement
[INFO ][2016-01-05 20:31:27,204][com.java.SeleniumDriver] [  906] -  RESULT true
[INFO ][2016-01-05 20:31:27,204][com.java.SeleniumDriver] [ 1112] - ?   P A S S   ?
[INFO ][2016-01-05 20:31:27,204][com.java.SeleniumDriver] [  832] - ------------------------------------------
[INFO ][2016-01-05 20:31:27,204][com.java.SeleniumDriver] [  833] - Test case being Executed: 2
[INFO ][2016-01-05 20:31:27,204][com.java.SeleniumDriver] [  845] - Test step:62
[INFO ][2016-01-05 20:31:27,204][com.java.SeleniumDriver] [  857] - Datavalue is----------null
[DEBUG][2016-01-05 20:31:27,204][com.java.SeleniumDriver] [  875] - Exception: null
[INFO ][2016-01-05 20:31:27,204][com.java.SeleniumDriver] [  881] - DataField : BTNframeDialogContent
[INFO ][2016-01-05 20:31:27,204][com.java.SeleniumDriver] [  883] - DataValue : 
[INFO ][2016-01-05 20:31:27,204][com.java.SeleniumDriver] [  889] - <In Set values of the page>
[INFO ][2016-01-05 20:31:27,204][com.java.SeleniumDriver] [  892] - {Data Fields & Data Values Exist}
[INFO ][2016-01-05 20:31:27,204][com.java.SeleniumDriver] [  894] - --------------------------setting values-----------------------------
[INFO ][2016-01-05 20:31:27,204][com.java.SeleniumDriver] [  897] - Action Type : SelectFrame
[INFO ][2016-01-05 20:31:28,426][com.java.SeleniumDriver] [  906] -  RESULT true
[INFO ][2016-01-05 20:31:28,426][com.java.SeleniumDriver] [ 1112] - ?   P A S S   ?
[INFO ][2016-01-05 20:31:28,426][com.java.SeleniumDriver] [  832] - ------------------------------------------
[INFO ][2016-01-05 20:31:28,426][com.java.SeleniumDriver] [  833] - Test case being Executed: 2
[INFO ][2016-01-05 20:31:28,426][com.java.SeleniumDriver] [  845] - Test step:63
[INFO ][2016-01-05 20:31:28,426][com.java.SeleniumDriver] [  857] - Datavalue is----------Login_username
[INFO ][2016-01-05 20:31:28,426][com.java.SeleniumDriver] [  881] - DataField : MNC//div[@id="divUserListing"]//td//a[@id='modifyUser.mytext']
[INFO ][2016-01-05 20:31:28,426][com.java.SeleniumDriver] [  883] - DataValue : Login_username
[INFO ][2016-01-05 20:31:28,426][com.java.SeleniumDriver] [  889] - <In Set values of the page>
[INFO ][2016-01-05 20:31:28,426][com.java.SeleniumDriver] [  892] - {Data Fields & Data Values Exist}
[INFO ][2016-01-05 20:31:28,426][com.java.SeleniumDriver] [  894] - --------------------------setting values-----------------------------
[INFO ][2016-01-05 20:31:28,426][com.java.SeleniumDriver] [  897] - Action Type : Click
[INFO ][2016-01-05 20:31:28,426][com.java.TestType] [ 6084] - Field ::MNC//div[@id="divUserListing"]//td//a[@id='modifyUser.mytext']
[INFO ][2016-01-05 20:31:28,426][com.java.TestType] [ 5705] - value = Login_username
[INFO ][2016-01-05 20:31:29,677][com.java.SeleniumDriver] [  906] -  RESULT true
[INFO ][2016-01-05 20:31:29,677][com.java.SeleniumDriver] [ 1112] - ?   P A S S   ?
[INFO ][2016-01-05 20:31:29,677][com.java.SeleniumDriver] [  832] - ------------------------------------------
[INFO ][2016-01-05 20:31:29,677][com.java.SeleniumDriver] [  833] - Test case being Executed: 2
[INFO ][2016-01-05 20:31:29,677][com.java.SeleniumDriver] [  845] - Test step:64
[INFO ][2016-01-05 20:31:29,677][com.java.SeleniumDriver] [  857] - Datavalue is----------2
[INFO ][2016-01-05 20:31:29,677][com.java.SeleniumDriver] [  881] - DataField : BTNtxtFirstName
[INFO ][2016-01-05 20:31:29,677][com.java.SeleniumDriver] [  883] - DataValue : 2
[INFO ][2016-01-05 20:31:29,677][com.java.SeleniumDriver] [  889] - <In Set values of the page>
[INFO ][2016-01-05 20:31:29,677][com.java.SeleniumDriver] [  892] - {Data Fields & Data Values Exist}
[INFO ][2016-01-05 20:31:29,677][com.java.SeleniumDriver] [  894] - --------------------------setting values-----------------------------
[INFO ][2016-01-05 20:31:29,677][com.java.SeleniumDriver] [  897] - Action Type : WaitForElement
[INFO ][2016-01-05 20:31:33,427][com.java.SeleniumDriver] [  906] -  RESULT true
[INFO ][2016-01-05 20:31:33,427][com.java.SeleniumDriver] [ 1112] - ?   P A S S   ?
[INFO ][2016-01-05 20:31:33,427][com.java.SeleniumDriver] [  832] - ------------------------------------------
[INFO ][2016-01-05 20:31:33,427][com.java.SeleniumDriver] [  833] - Test case being Executed: 2
[INFO ][2016-01-05 20:31:33,427][com.java.SeleniumDriver] [  845] - Test step:65
[INFO ][2016-01-05 20:31:33,427][com.java.SeleniumDriver] [  857] - Datavalue is----------dt:ResetNewPswd
[INFO ][2016-01-05 20:31:33,427][com.java.SeleniumDriver] [  881] - DataField : TXTtxtPassword
[INFO ][2016-01-05 20:31:33,427][com.java.SeleniumDriver] [  883] - DataValue : dt:ResetNewPswd
[INFO ][2016-01-05 20:31:33,427][com.java.SeleniumDriver] [  889] - <In Set values of the page>
[INFO ][2016-01-05 20:31:33,427][com.java.SeleniumDriver] [  892] - {Data Fields & Data Values Exist}
[INFO ][2016-01-05 20:31:33,427][com.java.SeleniumDriver] [  894] - --------------------------setting values-----------------------------
[INFO ][2016-01-05 20:31:33,427][com.java.SeleniumDriver] [  897] - Action Type : CLEARANDENTER
[INFO ][2016-01-05 20:31:33,427][com.java.TestType] [ 5705] - value = Password#1
[INFO ][2016-01-05 20:31:36,070][com.java.SeleniumDriver] [  906] -  RESULT true
[INFO ][2016-01-05 20:31:36,070][com.java.SeleniumDriver] [ 1112] - ?   P A S S   ?
[INFO ][2016-01-05 20:31:36,070][com.java.SeleniumDriver] [  832] - ------------------------------------------
[INFO ][2016-01-05 20:31:36,070][com.java.SeleniumDriver] [  833] - Test case being Executed: 2
[INFO ][2016-01-05 20:31:36,070][com.java.SeleniumDriver] [  845] - Test step:66
[INFO ][2016-01-05 20:31:36,070][com.java.SeleniumDriver] [  857] - Datavalue is----------5
[INFO ][2016-01-05 20:31:36,070][com.java.SeleniumDriver] [  881] - DataField : TXTtxtPasswordConfirm
[INFO ][2016-01-05 20:31:36,070][com.java.SeleniumDriver] [  883] - DataValue : 5
[INFO ][2016-01-05 20:31:36,070][com.java.SeleniumDriver] [  889] - <In Set values of the page>
[INFO ][2016-01-05 20:31:36,070][com.java.SeleniumDriver] [  892] - {Data Fields & Data Values Exist}
[INFO ][2016-01-05 20:31:36,070][com.java.SeleniumDriver] [  894] - --------------------------setting values-----------------------------
[INFO ][2016-01-05 20:31:36,070][com.java.SeleniumDriver] [  897] - Action Type : WaitForElement
[INFO ][2016-01-05 20:31:37,160][com.java.SeleniumDriver] [  906] -  RESULT true
[INFO ][2016-01-05 20:31:37,160][com.java.SeleniumDriver] [ 1112] - ?   P A S S   ?
[INFO ][2016-01-05 20:31:37,160][com.java.SeleniumDriver] [  832] - ------------------------------------------
[INFO ][2016-01-05 20:31:37,160][com.java.SeleniumDriver] [  833] - Test case being Executed: 2
[INFO ][2016-01-05 20:31:37,160][com.java.SeleniumDriver] [  845] - Test step:67
[INFO ][2016-01-05 20:31:37,160][com.java.SeleniumDriver] [  857] - Datavalue is----------dt:ResetNewPswd
[INFO ][2016-01-05 20:31:37,160][com.java.SeleniumDriver] [  881] - DataField : TXTtxtPasswordConfirm
[INFO ][2016-01-05 20:31:37,160][com.java.SeleniumDriver] [  883] - DataValue : dt:ResetNewPswd
[INFO ][2016-01-05 20:31:37,160][com.java.SeleniumDriver] [  889] - <In Set values of the page>
[INFO ][2016-01-05 20:31:37,160][com.java.SeleniumDriver] [  892] - {Data Fields & Data Values Exist}
[INFO ][2016-01-05 20:31:37,160][com.java.SeleniumDriver] [  894] - --------------------------setting values-----------------------------
[INFO ][2016-01-05 20:31:37,160][com.java.SeleniumDriver] [  897] - Action Type : CLEARANDENTER
[INFO ][2016-01-05 20:31:37,160][com.java.TestType] [ 5705] - value = Password#1
[INFO ][2016-01-05 20:31:39,813][com.java.SeleniumDriver] [  906] -  RESULT true
[INFO ][2016-01-05 20:31:39,813][com.java.SeleniumDriver] [ 1112] - ?   P A S S   ?
[INFO ][2016-01-05 20:31:39,813][com.java.SeleniumDriver] [  832] - ------------------------------------------
[INFO ][2016-01-05 20:31:39,813][com.java.SeleniumDriver] [  833] - Test case being Executed: 2
[INFO ][2016-01-05 20:31:39,813][com.java.SeleniumDriver] [  845] - Test step:68
[INFO ][2016-01-05 20:31:39,813][com.java.SeleniumDriver] [  857] - Datavalue is----------5
[INFO ][2016-01-05 20:31:39,813][com.java.SeleniumDriver] [  881] - DataField : test
[INFO ][2016-01-05 20:31:39,813][com.java.SeleniumDriver] [  883] - DataValue : 5
[INFO ][2016-01-05 20:31:39,813][com.java.SeleniumDriver] [  889] - <In Set values of the page>
[INFO ][2016-01-05 20:31:39,813][com.java.SeleniumDriver] [  892] - {Data Fields & Data Values Exist}
[INFO ][2016-01-05 20:31:39,813][com.java.SeleniumDriver] [  894] - --------------------------setting values-----------------------------
[INFO ][2016-01-05 20:31:39,813][com.java.SeleniumDriver] [  897] - Action Type : WaitTime
[DEBUG][2016-01-05 20:31:39,813][com.java.TestType] [ 5525] - sleepTime: 5000
[INFO ][2016-01-05 20:31:44,813][com.java.SeleniumDriver] [  906] -  RESULT true
[INFO ][2016-01-05 20:31:44,813][com.java.SeleniumDriver] [ 1112] - ?   P A S S   ?
[INFO ][2016-01-05 20:31:44,813][com.java.SeleniumDriver] [  832] - ------------------------------------------
[INFO ][2016-01-05 20:31:44,813][com.java.SeleniumDriver] [  833] - Test case being Executed: 2
[INFO ][2016-01-05 20:31:44,813][com.java.SeleniumDriver] [  845] - Test step:69
[INFO ][2016-01-05 20:31:44,813][com.java.SeleniumDriver] [  857] - Datavalue is----------null
[DEBUG][2016-01-05 20:31:44,813][com.java.SeleniumDriver] [  875] - Exception: null
[INFO ][2016-01-05 20:31:44,813][com.java.SeleniumDriver] [  881] - DataField : BTNrdoResendYes
[INFO ][2016-01-05 20:31:44,813][com.java.SeleniumDriver] [  883] - DataValue : 
[INFO ][2016-01-05 20:31:44,813][com.java.SeleniumDriver] [  889] - <In Set values of the page>
[INFO ][2016-01-05 20:31:44,813][com.java.SeleniumDriver] [  892] - {Data Fields & Data Values Exist}
[INFO ][2016-01-05 20:31:44,813][com.java.SeleniumDriver] [  894] - --------------------------setting values-----------------------------
[INFO ][2016-01-05 20:31:44,813][com.java.SeleniumDriver] [  897] - Action Type : Click
[INFO ][2016-01-05 20:31:44,813][com.java.TestType] [ 6084] - Field ::BTNrdoResendYes
[INFO ][2016-01-05 20:31:44,813][com.java.TestType] [ 5705] - value = 
[INFO ][2016-01-05 20:31:45,814][com.java.TestType] [ 6200] - BEFORE CLICK
[INFO ][2016-01-05 20:31:47,036][com.java.TestType] [ 6207] - Unable to click the object Yes Radio button
[INFO ][2016-01-05 20:31:47,036][com.java.SeleniumDriver] [  906] -  RESULT true
[INFO ][2016-01-05 20:31:47,036][com.java.SeleniumDriver] [ 1112] - ?   P A S S   ?
[INFO ][2016-01-05 20:31:47,036][com.java.SeleniumDriver] [  832] - ------------------------------------------
[INFO ][2016-01-05 20:31:47,036][com.java.SeleniumDriver] [  833] - Test case being Executed: 2
[INFO ][2016-01-05 20:31:47,036][com.java.SeleniumDriver] [  845] - Test step:70
[INFO ][2016-01-05 20:31:47,036][com.java.SeleniumDriver] [  857] - Datavalue is----------null
[DEBUG][2016-01-05 20:31:47,036][com.java.SeleniumDriver] [  875] - Exception: null
[INFO ][2016-01-05 20:31:47,036][com.java.SeleniumDriver] [  881] - DataField : BTNparent
[INFO ][2016-01-05 20:31:47,036][com.java.SeleniumDriver] [  883] - DataValue : 
[INFO ][2016-01-05 20:31:47,036][com.java.SeleniumDriver] [  889] - <In Set values of the page>
[INFO ][2016-01-05 20:31:47,036][com.java.SeleniumDriver] [  892] - {Data Fields & Data Values Exist}
[INFO ][2016-01-05 20:31:47,036][com.java.SeleniumDriver] [  894] - --------------------------setting values-----------------------------
[INFO ][2016-01-05 20:31:47,036][com.java.SeleniumDriver] [  897] - Action Type : SelectFrame
[INFO ][2016-01-05 20:31:47,046][com.java.SeleniumDriver] [  906] -  RESULT true
[INFO ][2016-01-05 20:31:47,046][com.java.SeleniumDriver] [ 1112] - ?   P A S S   ?
[INFO ][2016-01-05 20:31:47,046][com.java.SeleniumDriver] [  832] - ------------------------------------------
[INFO ][2016-01-05 20:31:47,046][com.java.SeleniumDriver] [  833] - Test case being Executed: 2
[INFO ][2016-01-05 20:31:47,046][com.java.SeleniumDriver] [  845] - Test step:71
[INFO ][2016-01-05 20:31:47,046][com.java.SeleniumDriver] [  857] - Datavalue is----------null
[DEBUG][2016-01-05 20:31:47,046][com.java.SeleniumDriver] [  875] - Exception: null
[INFO ][2016-01-05 20:31:47,046][com.java.SeleniumDriver] [  881] - DataField : XPH//span[contains(text(), 'Finished')]
[INFO ][2016-01-05 20:31:47,046][com.java.SeleniumDriver] [  883] - DataValue : 
[INFO ][2016-01-05 20:31:47,046][com.java.SeleniumDriver] [  889] - <In Set values of the page>
[INFO ][2016-01-05 20:31:47,046][com.java.SeleniumDriver] [  892] - {Data Fields & Data Values Exist}
[INFO ][2016-01-05 20:31:47,046][com.java.SeleniumDriver] [  894] - --------------------------setting values-----------------------------
[INFO ][2016-01-05 20:31:47,046][com.java.SeleniumDriver] [  897] - Action Type : Click
[INFO ][2016-01-05 20:31:47,046][com.java.TestType] [ 6084] - Field ::XPH//span[contains(text(), 'Finished')]
[INFO ][2016-01-05 20:31:47,046][com.java.TestType] [ 5705] - value = 
[INFO ][2016-01-05 20:31:48,046][com.java.TestType] [ 6221] - BEFORE CLICK
[INFO ][2016-01-05 20:31:49,066][com.java.TestType] [ 6229] - Unable to click the object Finished button
[INFO ][2016-01-05 20:31:49,066][com.java.SeleniumDriver] [  906] -  RESULT true
[INFO ][2016-01-05 20:31:49,066][com.java.SeleniumDriver] [ 1112] - ?   P A S S   ?
[INFO ][2016-01-05 20:31:49,066][com.java.SeleniumDriver] [  832] - ------------------------------------------
[INFO ][2016-01-05 20:31:49,066][com.java.SeleniumDriver] [  833] - Test case being Executed: 2
[INFO ][2016-01-05 20:31:49,066][com.java.SeleniumDriver] [  845] - Test step:72
[INFO ][2016-01-05 20:31:49,066][com.java.SeleniumDriver] [  857] - Datavalue is----------10
[INFO ][2016-01-05 20:31:49,066][com.java.SeleniumDriver] [  881] - DataField : test
[INFO ][2016-01-05 20:31:49,066][com.java.SeleniumDriver] [  883] - DataValue : 10
[INFO ][2016-01-05 20:31:49,066][com.java.SeleniumDriver] [  889] - <In Set values of the page>
[INFO ][2016-01-05 20:31:49,066][com.java.SeleniumDriver] [  892] - {Data Fields & Data Values Exist}
[INFO ][2016-01-05 20:31:49,066][com.java.SeleniumDriver] [  894] - --------------------------setting values-----------------------------
[INFO ][2016-01-05 20:31:49,066][com.java.SeleniumDriver] [  897] - Action Type : WaitTime
[DEBUG][2016-01-05 20:31:49,066][com.java.TestType] [ 5525] - sleepTime: 10000
[INFO ][2016-01-05 20:31:59,067][com.java.SeleniumDriver] [  906] -  RESULT true
[INFO ][2016-01-05 20:31:59,067][com.java.SeleniumDriver] [ 1112] - ?   P A S S   ?
[INFO ][2016-01-05 20:31:59,067][com.java.SeleniumDriver] [  832] - ------------------------------------------
[INFO ][2016-01-05 20:31:59,067][com.java.SeleniumDriver] [  833] - Test case being Executed: 2
[INFO ][2016-01-05 20:31:59,067][com.java.SeleniumDriver] [  845] - Test step:73
[INFO ][2016-01-05 20:31:59,067][com.java.SeleniumDriver] [  857] - Datavalue is----------5
[INFO ][2016-01-05 20:31:59,067][com.java.SeleniumDriver] [  881] - DataField : XPH//span[contains(text(), 'Finished')]
[INFO ][2016-01-05 20:31:59,067][com.java.SeleniumDriver] [  883] - DataValue : 5
[INFO ][2016-01-05 20:31:59,067][com.java.SeleniumDriver] [  889] - <In Set values of the page>
[INFO ][2016-01-05 20:31:59,067][com.java.SeleniumDriver] [  892] - {Data Fields & Data Values Exist}
[INFO ][2016-01-05 20:31:59,067][com.java.SeleniumDriver] [  894] - --------------------------setting values-----------------------------
[INFO ][2016-01-05 20:31:59,067][com.java.SeleniumDriver] [  897] - Action Type : WaitForElement
[INFO ][2016-01-05 20:31:59,098][com.java.SeleniumDriver] [  906] -  RESULT true
[INFO ][2016-01-05 20:31:59,098][com.java.SeleniumDriver] [ 1112] - ?   P A S S   ?
[INFO ][2016-01-05 20:31:59,098][com.java.SeleniumDriver] [  832] - ------------------------------------------
[INFO ][2016-01-05 20:31:59,098][com.java.SeleniumDriver] [  833] - Test case being Executed: 2
[INFO ][2016-01-05 20:31:59,098][com.java.SeleniumDriver] [  845] - Test step:74
[INFO ][2016-01-05 20:31:59,098][com.java.SeleniumDriver] [  857] - Datavalue is----------null
[DEBUG][2016-01-05 20:31:59,098][com.java.SeleniumDriver] [  875] - Exception: null
[INFO ][2016-01-05 20:31:59,098][com.java.SeleniumDriver] [  881] - DataField : XPH//span[contains(text(), 'Finished')]
[INFO ][2016-01-05 20:31:59,098][com.java.SeleniumDriver] [  883] - DataValue : 
[INFO ][2016-01-05 20:31:59,098][com.java.SeleniumDriver] [  889] - <In Set values of the page>
[INFO ][2016-01-05 20:31:59,098][com.java.SeleniumDriver] [  892] - {Data Fields & Data Values Exist}
[INFO ][2016-01-05 20:31:59,098][com.java.SeleniumDriver] [  894] - --------------------------setting values-----------------------------
[INFO ][2016-01-05 20:31:59,098][com.java.SeleniumDriver] [  897] - Action Type : Click
[INFO ][2016-01-05 20:31:59,098][com.java.TestType] [ 6084] - Field ::XPH//span[contains(text(), 'Finished')]
[INFO ][2016-01-05 20:31:59,098][com.java.TestType] [ 5705] - value = 
[INFO ][2016-01-05 20:32:00,098][com.java.TestType] [ 6221] - BEFORE CLICK
[INFO ][2016-01-05 20:32:01,008][com.java.TestType] [ 6229] - Unable to click the object Finished button
[INFO ][2016-01-05 20:32:01,008][com.java.SeleniumDriver] [  906] -  RESULT true
[INFO ][2016-01-05 20:32:01,008][com.java.SeleniumDriver] [ 1112] - ?   P A S S   ?
[INFO ][2016-01-05 20:32:01,008][com.java.SeleniumDriver] [  832] - ------------------------------------------
[INFO ][2016-01-05 20:32:01,008][com.java.SeleniumDriver] [  833] - Test case being Executed: 2
[INFO ][2016-01-05 20:32:01,008][com.java.SeleniumDriver] [  845] - Test step:75
[INFO ][2016-01-05 20:32:01,008][com.java.SeleniumDriver] [  857] - Datavalue is----------10
[INFO ][2016-01-05 20:32:01,008][com.java.SeleniumDriver] [  881] - DataField : XPH//div[contains(text(), 'My Dashboard')]
[INFO ][2016-01-05 20:32:01,008][com.java.SeleniumDriver] [  883] - DataValue : 10
[INFO ][2016-01-05 20:32:01,008][com.java.SeleniumDriver] [  889] - <In Set values of the page>
[INFO ][2016-01-05 20:32:01,008][com.java.SeleniumDriver] [  892] - {Data Fields & Data Values Exist}
[INFO ][2016-01-05 20:32:01,008][com.java.SeleniumDriver] [  894] - --------------------------setting values-----------------------------
[INFO ][2016-01-05 20:32:01,008][com.java.SeleniumDriver] [  897] - Action Type : WAITFORELEMENT
[INFO ][2016-01-05 20:32:01,049][com.java.SeleniumDriver] [  906] -  RESULT true
[INFO ][2016-01-05 20:32:01,049][com.java.SeleniumDriver] [ 1112] - ?   P A S S   ?
[INFO ][2016-01-05 20:32:01,049][com.java.SeleniumDriver] [  832] - ------------------------------------------
[INFO ][2016-01-05 20:32:01,049][com.java.SeleniumDriver] [  833] - Test case being Executed: 2
[INFO ][2016-01-05 20:32:01,049][com.java.SeleniumDriver] [  845] - Test step:76
[INFO ][2016-01-05 20:32:01,049][com.java.SeleniumDriver] [  857] - Datavalue is----------Concept#3:1-2
[INFO ][2016-01-05 20:32:01,049][com.java.SeleniumDriver] [  881] - DataField : test
[INFO ][2016-01-05 20:32:01,049][com.java.SeleniumDriver] [  883] - DataValue : Concept#3:1-2
[INFO ][2016-01-05 20:32:01,049][com.java.SeleniumDriver] [  889] - <In Set values of the page>
[INFO ][2016-01-05 20:32:01,049][com.java.SeleniumDriver] [  892] - {Data Fields & Data Values Exist}
[INFO ][2016-01-05 20:32:01,049][com.java.SeleniumDriver] [  894] - --------------------------setting values-----------------------------
[INFO ][2016-01-05 20:32:01,049][com.java.SeleniumDriver] [  897] - Action Type : ExecuteTestCase
[INFO ][2016-01-05 20:32:01,049][com.java.TestType] [  437] - The Concept sheet name is ---------- Concept
[INFO ][2016-01-05 20:32:01,049][com.java.TestType] [  440] - The Concept ID  is ---------- 3
[DEBUG][2016-01-05 20:32:01,049][com.java.TestType] [  444] - Steps being executted in the Concept are: 1:2
[INFO ][2016-01-05 20:32:01,049][com.java.TestType] [  451] - Test data details path ---------- D:\BankersDashboard\TestInputs\TestData.xls
[INFO ][2016-01-05 20:32:01,069][com.java.TestType] [  482] -  str(1) = 3
[INFO ][2016-01-05 20:32:01,069][com.java.TestType] [  485] - Test case Id is---3
[INFO ][2016-01-05 20:32:01,069][com.java.TestType] [  487] - 3
[INFO ][2016-01-05 20:32:01,069][com.java.TestType] [  482] -  str(2) = 1
[INFO ][2016-01-05 20:32:01,069][com.java.TestType] [  482] -  str(1) = 3
[INFO ][2016-01-05 20:32:01,069][com.java.TestType] [  485] - Test case Id is---3
[INFO ][2016-01-05 20:32:01,069][com.java.TestType] [  487] - 3
[INFO ][2016-01-05 20:32:01,069][com.java.TestType] [  482] -  str(2) = 2
[INFO ][2016-01-05 20:32:01,079][com.java.TestType] [10609] - Looping 1TCID = 3
[DEBUG][2016-01-05 20:32:01,079][com.java.TestType] [10650] - Concept ID:3 :: Step being Executed: 3::1
[INFO ][2016-01-05 20:32:01,079][com.java.TestType] [10688] - dataFields : test
[DEBUG][2016-01-05 20:32:01,079][com.java.TestType] [10694] - <In Set values of the page>
[DEBUG][2016-01-05 20:32:01,079][com.java.TestType] [10699] - {Data Fields & Data Values Exist}
[INFO ][2016-01-05 20:32:01,079][com.java.TestType] [10705] - --------------------------setting values-----------------------------
[INFO ][2016-01-05 20:32:01,079][com.java.TestType] [10708] - Action Type : Logout
[INFO ][2016-01-05 20:32:03,249][com.java.TestType] [ 6084] - Field ::CNF
[INFO ][2016-01-05 20:32:03,249][com.java.TestType] [ 5705] - value = OK
[INFO ][2016-01-05 20:32:05,560][com.java.TestType] [ 6217] - Click the object confirmation
[INFO ][2016-01-05 20:32:05,560][com.java.TestType] [ 6218] - Unable to click the object confirmation
[DEBUG][2016-01-05 20:32:06,684][com.java.SeleniumDriver] [  426] - Hub ip address is-------172.17.68.34
[INFO ][2016-01-05 20:32:06,684][com.java.SeleniumDriver] [  452] - Grid URL:http://172.17.68.34:4444/wd/hub
[INFO ][2016-01-05 20:32:06,684][com.java.SeleniumDriver] [  453] - Capability:Capabilities [{platform=ANY, ensureCleanSession=true, ignoreProtectedModeSettings=true, acceptSslCerts=true, ignoreZoomSetting=true, browserName=internet explorer, browserstack.ie.noFlash=true, version=null}]
[ERROR][2016-01-05 20:32:07,695][com.java.SeleniumDriver] [  498] - Unable invoke browser in grid:Could not start a new session. Possible causes are invalid address of the remote server or browser start-up failure.
Build info: version: '2.48.2', revision: '41bccdd', time: '2015-10-09 19:59:12'
System info: host: 'FVTIII438F1D', ip: '172.17.68.34', os.name: 'Windows 7', os.arch: 'x86', os.version: '6.1', java.version: '1.7.0_55'
Driver info: driver.version: SeleniumDriver
[INFO ][2016-01-05 20:32:07,695][com.java.SeleniumDriver] [  500] - Executing on local machine
[WARN ][2016-01-05 20:33:02,855][com.java.SeleniumDriver] [  534] - Unable to load URL:https://clients-xuat.bankersdashboard.com
[WARN ][2016-01-05 20:33:02,855][com.java.SeleniumDriver] [  535] - Error:
org.openqa.selenium.remote.UnreachableBrowserException: Error communicating with the remote browser. It may have died.
Build info: version: '2.48.2', revision: '41bccdd', time: '2015-10-09 19:59:12'
System info: host: 'FVTIII438F1D', ip: '172.17.68.34', os.name: 'Windows 7', os.arch: 'x86', os.version: '6.1', java.version: '1.7.0_55'
Driver info: driver.version: SeleniumDriver
	at org.openqa.selenium.remote.RemoteWebDriver.execute(RemoteWebDriver.java:641)
	at org.openqa.selenium.remote.RemoteWebDriver.get(RemoteWebDriver.java:311)
	at com.java.SeleniumDriver.invokeBrowser(SeleniumDriver.java:531)
	at com.java.TestType.Logout(TestType.java:2531)
	at com.java.TestType.performAction(TestType.java:815)
	at com.java.TestType.executeSteps(TestType.java:10723)
	at com.java.TestType.performAction(TestType.java:536)
	at com.java.SeleniumDriver.testInitiation(SeleniumDriver.java:905)
	at com.java.SeleniumDriver.setup(SeleniumDriver.java:256)
	at com.java.ExecuteThread.run(CreateClient.java:688)
	at java.lang.Thread.run(Thread.java:745)
Caused by: org.openqa.selenium.WebDriverException: java.net.SocketException: Connection reset
Build info: version: '2.48.2', revision: '41bccdd', time: '2015-10-09 19:59:12'
System info: host: 'FVTIII438F1D', ip: '172.17.68.34', os.name: 'Windows 7', os.arch: 'x86', os.version: '6.1', java.version: '1.7.0_55'
Driver info: driver.version: SeleniumDriver
	at org.openqa.selenium.remote.service.DriverCommandExecutor.execute(DriverCommandExecutor.java:91)
	at org.openqa.selenium.remote.RemoteWebDriver.execute(RemoteWebDriver.java:620)
	... 10 more
Caused by: java.net.SocketException: Connection reset
	at java.net.SocketInputStream.read(SocketInputStream.java:196)
	at java.net.SocketInputStream.read(SocketInputStream.java:122)
	at org.apache.http.impl.conn.LoggingInputStream.read(LoggingInputStream.java:87)
	at org.apache.http.impl.io.SessionInputBufferImpl.streamRead(SessionInputBufferImpl.java:139)
	at org.apache.http.impl.io.SessionInputBufferImpl.fillBuffer(SessionInputBufferImpl.java:155)
	at org.apache.http.impl.io.SessionInputBufferImpl.readLine(SessionInputBufferImpl.java:284)
	at org.apache.http.impl.conn.DefaultHttpResponseParser.parseHead(DefaultHttpResponseParser.java:140)
	at org.apache.http.impl.conn.DefaultHttpResponseParser.parseHead(DefaultHttpResponseParser.java:57)
	at org.apache.http.impl.io.AbstractMessageParser.parse(AbstractMessageParser.java:261)
	at org.apache.http.impl.DefaultBHttpClientConnection.receiveResponseHeader(DefaultBHttpClientConnection.java:165)
	at org.apache.http.impl.conn.CPoolProxy.receiveResponseHeader(CPoolProxy.java:167)
	at org.apache.http.protocol.HttpRequestExecutor.doReceiveResponse(HttpRequestExecutor.java:272)
	at org.apache.http.protocol.HttpRequestExecutor.execute(HttpRequestExecutor.java:124)
	at org.apache.http.impl.execchain.MainClientExec.execute(MainClientExec.java:271)
	at org.apache.http.impl.execchain.ProtocolExec.execute(ProtocolExec.java:184)
	at org.apache.http.impl.execchain.RetryExec.execute(RetryExec.java:88)
	at org.apache.http.impl.execchain.RedirectExec.execute(RedirectExec.java:110)
	at org.apache.http.impl.client.InternalHttpClient.doExecute(InternalHttpClient.java:184)
	at org.apache.http.impl.client.CloseableHttpClient.execute(CloseableHttpClient.java:71)
	at org.apache.http.impl.client.CloseableHttpClient.execute(CloseableHttpClient.java:55)
	at org.openqa.selenium.remote.internal.ApacheHttpClient.fallBackExecute(ApacheHttpClient.java:143)
	at org.openqa.selenium.remote.internal.ApacheHttpClient.execute(ApacheHttpClient.java:89)
	at org.openqa.selenium.remote.HttpCommandExecutor.execute(HttpCommandExecutor.java:142)
	at org.openqa.selenium.remote.service.DriverCommandExecutor.execute(DriverCommandExecutor.java:82)
	... 11 more
[INFO ][2016-01-05 20:33:02,857][com.java.TestType] [10727] -  RESULT true
[INFO ][2016-01-05 20:33:02,857][com.java.TestType] [10844] - ?   P A S S   ?
[DEBUG][2016-01-05 20:33:02,857][com.java.TestType] [10650] - Concept ID:3 :: Step being Executed: 3::2
[INFO ][2016-01-05 20:33:02,860][com.java.TestType] [10688] - dataFields : test
[DEBUG][2016-01-05 20:33:02,860][com.java.TestType] [10694] - <In Set values of the page>
[DEBUG][2016-01-05 20:33:02,860][com.java.TestType] [10699] - {Data Fields & Data Values Exist}
[INFO ][2016-01-05 20:33:02,860][com.java.TestType] [10705] - --------------------------setting values-----------------------------
[INFO ][2016-01-05 20:33:02,860][com.java.TestType] [10708] - Action Type : WaitTime
[DEBUG][2016-01-05 20:33:02,860][com.java.TestType] [ 5525] - sleepTime: 2000
[INFO ][2016-01-05 20:33:04,862][com.java.TestType] [10727] -  RESULT true
[INFO ][2016-01-05 20:33:04,862][com.java.TestType] [10844] - ?   P A S S   ?
[INFO ][2016-01-05 20:33:04,862][com.java.TestType] [10915] - Looping End......
[INFO ][2016-01-05 20:33:04,864][com.java.SeleniumDriver] [  906] -  RESULT true
[INFO ][2016-01-05 20:33:04,864][com.java.SeleniumDriver] [ 1112] - ?   P A S S   ?
[INFO ][2016-01-05 20:33:04,864][com.java.SeleniumDriver] [  832] - ------------------------------------------
[INFO ][2016-01-05 20:33:04,864][com.java.SeleniumDriver] [  833] - Test case being Executed: 2
[INFO ][2016-01-05 20:33:04,864][com.java.SeleniumDriver] [  845] - Test step:77
[INFO ][2016-01-05 20:33:04,864][com.java.SeleniumDriver] [  857] - Datavalue is----------dt:HTTPSURL
[INFO ][2016-01-05 20:33:04,864][com.java.SeleniumDriver] [  881] - DataField : test
[INFO ][2016-01-05 20:33:04,864][com.java.SeleniumDriver] [  883] - DataValue : dt:HTTPSURL
[INFO ][2016-01-05 20:33:04,864][com.java.SeleniumDriver] [  889] - <In Set values of the page>
[INFO ][2016-01-05 20:33:04,867][com.java.SeleniumDriver] [  892] - {Data Fields & Data Values Exist}
[INFO ][2016-01-05 20:33:04,867][com.java.SeleniumDriver] [  894] - --------------------------setting values-----------------------------
[INFO ][2016-01-05 20:33:04,867][com.java.SeleniumDriver] [  897] - Action Type : OpenURL
[INFO ][2016-01-05 20:33:04,867][com.java.TestType] [ 5705] - value = https://clients-xuat.bankersdashboard.com
[INFO ][2016-01-05 20:33:04,867][com.java.TestType] [  353] - Open URL : https://clients-xuat.bankersdashboard.com
[ERROR][2016-01-05 20:33:06,868][com.java.TestType] [  360] - exception value : Error communicating with the remote browser. It may have died.
Build info: version: '2.48.2', revision: '41bccdd', time: '2015-10-09 19:59:12'
System info: host: 'FVTIII438F1D', ip: '172.17.68.34', os.name: 'Windows 7', os.arch: 'x86', os.version: '6.1', java.version: '1.7.0_55'
Driver info: driver.version: SeleniumDriver
[INFO ][2016-01-05 20:33:08,923][com.java.SeleniumDriver] [  906] -  RESULT false
[INFO ][2016-01-05 20:33:08,923][com.java.SeleniumDriver] [  953] - ?   F A I L   ?
[INFO ][2016-01-05 20:33:08,923][com.java.SeleniumDriver] [  961] - Browser Type : IE10
[INFO ][2016-01-05 20:33:08,923][com.java.SeleniumDriver] [  962] - Adding Failed case2
[WARN ][2016-01-05 20:33:10,929][com.java.SeleniumDriver] [ 1022] - Source 'D:\BankersDashboard\TestReports\010516' exists but is a directory
[INFO ][2016-01-05 20:33:10,929][com.java.SeleniumDriver] [ 1076] - failedCases = 2
[ERROR][2016-01-05 20:33:10,929][com.java.SeleniumDriver] [ 1575] - Platform Errors : Our apologies...::We have encountered an issue with your request.::Our apologies?:We encountered an issue with your request.
[INFO ][2016-01-05 20:33:10,929][com.java.SeleniumDriver] [ 1579] - Length =3
[ERROR][2016-01-05 20:33:10,929][com.java.SeleniumDriver] [ 1582] - Error 0 = Our apologies...
[ERROR][2016-01-05 20:33:12,931][com.java.SeleniumDriver] [ 1596] - Error communicating with the remote browser. It may have died.
Build info: version: '2.48.2', revision: '41bccdd', time: '2015-10-09 19:59:12'
System info: host: 'FVTIII438F1D', ip: '172.17.68.34', os.name: 'Windows 7', os.arch: 'x86', os.version: '6.1', java.version: '1.7.0_55'
Driver info: driver.version: SeleniumDriver
[INFO ][2016-01-05 20:33:12,933][com.java.SeleniumDriver] [ 1598] - FindPlatformErrors exception: Error communicating with the remote browser. It may have died.
Build info: version: '2.48.2', revision: '41bccdd', time: '2015-10-09 19:59:12'
System info: host: 'FVTIII438F1D', ip: '172.17.68.34', os.name: 'Windows 7', os.arch: 'x86', os.version: '6.1', java.version: '1.7.0_55'
Driver info: driver.version: SeleniumDriver
[DEBUG][2016-01-05 20:33:12,933][com.java.SeleniumDriver] [ 1600] - Unable to get the Platform Error list from Hash Map.
[ERROR][2016-01-05 20:33:12,933][com.java.SeleniumDriver] [ 1194] - 
[INFO ][2016-01-05 20:33:12,936][com.java.SeleniumDriver] [  832] - ------------------------------------------
[INFO ][2016-01-05 20:33:12,936][com.java.SeleniumDriver] [  833] - Test case being Executed: 2
[INFO ][2016-01-05 20:33:12,936][com.java.SeleniumDriver] [  845] - Test step:78
[INFO ][2016-01-05 20:33:12,936][com.java.SeleniumDriver] [  857] - Datavalue is----------HMVLogin_username
[INFO ][2016-01-05 20:33:12,936][com.java.SeleniumDriver] [  881] - DataField : TXTusername
[INFO ][2016-01-05 20:33:12,936][com.java.SeleniumDriver] [  883] - DataValue : HMVLogin_username
[INFO ][2016-01-05 20:33:12,936][com.java.SeleniumDriver] [  889] - <In Set values of the page>
[INFO ][2016-01-05 20:33:12,936][com.java.SeleniumDriver] [  892] - {Data Fields & Data Values Exist}
[INFO ][2016-01-05 20:33:12,936][com.java.SeleniumDriver] [  894] - --------------------------setting values-----------------------------
[INFO ][2016-01-05 20:33:12,936][com.java.SeleniumDriver] [  897] - Action Type : CLEARANDENTER
[INFO ][2016-01-05 20:33:12,936][com.java.TestType] [ 5705] - value = vltest.robot71161.00058
