[INFO ][2015-12-04 19:09:22,179][com.java.SeleniumDriver] [  213] - Execute Failed Casesfalse
[INFO ][2015-12-04 19:09:22,179][com.java.SeleniumDriver] [  214] - Browser: IE10
[INFO ][2015-12-04 19:09:22,179][com.java.SeleniumDriver] [  215] - [1, 2, 3, 4, 5, 6, 7, 8, 9, 10, 11, 12]
[INFO ][2015-12-04 19:09:22,179][com.java.SeleniumDriver] [  216] - Total TestCases:12
[INFO ][2015-12-04 19:09:22,179][com.java.SeleniumDriver] [  217] -  Reading Properties from Property File 
[DEBUG][2015-12-04 19:09:22,179][com.java.SeleniumDriver] [  238] - url : https://clients-xuat.bankersdashboard.com
[INFO ][2015-12-04 19:09:22,182][com.java.ImportnExport.ExportTestResultsExcel] [  116] - Time Stamp Fri Dec 04 07:09:22 IST 2015
[INFO ][2015-12-04 19:09:22,182][com.java.ImportnExport.ExportTestResultsExcel] [  175] - OUT FILE : D:\BankersDashboard/TestReports/Test Results_BankersDashBoard_120415_190922_IE10_Any Bank USA.xls
[INFO ][2015-12-04 19:09:22,212][com.java.ImportnExport.ExportTestResultsExcel] [  180] - Test Result file is created
[DEBUG][2015-12-04 19:09:22,327][com.java.SeleniumDriver] [  426] - Hub ip address is-------172.17.68.34
[INFO ][2015-12-04 19:09:22,327][com.java.SeleniumDriver] [  452] - Grid URL:http://172.17.68.34:4444/wd/hub
[INFO ][2015-12-04 19:09:22,327][com.java.SeleniumDriver] [  453] - Capability:Capabilities [{platform=ANY, ensureCleanSession=true, ignoreProtectedModeSettings=true, acceptSslCerts=true, ignoreZoomSetting=true, browserName=internet explorer, browserstack.ie.noFlash=true, version=null}]
[ERROR][2015-12-04 19:09:23,689][com.java.SeleniumDriver] [  497] - Unable invoke browser in grid:Could not start a new session. Possible causes are invalid address of the remote server or browser start-up failure.
Build info: version: '2.48.2', revision: '41bccdd', time: '2015-10-09 19:59:12'
System info: host: 'FVTIII438F1D', ip: '172.17.68.34', os.name: 'Windows 7', os.arch: 'x86', os.version: '6.1', java.version: '1.7.0_55'
Driver info: driver.version: SeleniumDriver
[INFO ][2015-12-04 19:09:23,692][com.java.SeleniumDriver] [  499] - Executing on local machine
[INFO ][2015-12-04 19:09:33,195][com.java.SeleniumDriver] [  248] - IE10is opened
[INFO ][2015-12-04 19:09:33,835][com.java.SeleniumDriver] [  754] - Test cases to be executed are: [1, 2, 3, 4, 5, 6, 7, 8, 9, 10, 11, 12]
[INFO ][2015-12-04 19:09:33,871][com.java.ImportnExport.ImportTestDataDetailsExcel] [   49] - test data details path===== D:\BankersDashboard\TestInputs\TestData.xls
[INFO ][2015-12-04 19:09:39,528][com.java.SeleniumDriver] [  835] - ------------------------------------------
[INFO ][2015-12-04 19:09:39,528][com.java.SeleniumDriver] [  836] - Test case being Executed: 1
[INFO ][2015-12-04 19:09:39,528][com.java.SeleniumDriver] [  847] - Test step:1
[INFO ][2015-12-04 19:09:39,528][com.java.SeleniumDriver] [  859] - Datavalue is----------Concept#1:1-14
[INFO ][2015-12-04 19:09:39,528][com.java.SeleniumDriver] [  883] - DataField : test
[INFO ][2015-12-04 19:09:39,528][com.java.SeleniumDriver] [  885] - DataValue : Concept#1:1-14
[INFO ][2015-12-04 19:09:39,528][com.java.SeleniumDriver] [  891] - <In Set values of the page>
[INFO ][2015-12-04 19:09:39,528][com.java.SeleniumDriver] [  894] - {Data Fields & Data Values Exist}
[INFO ][2015-12-04 19:09:39,528][com.java.SeleniumDriver] [  896] - --------------------------setting values-----------------------------
[INFO ][2015-12-04 19:09:39,528][com.java.SeleniumDriver] [  899] - Action Type : ExecuteTestCase
[INFO ][2015-12-04 19:09:39,565][com.java.TestType] [  436] - The Concept sheet name is ---------- Concept
[INFO ][2015-12-04 19:09:39,565][com.java.TestType] [  439] - The Concept ID  is ---------- 1
[DEBUG][2015-12-04 19:09:39,565][com.java.TestType] [  443] - Steps being executted in the Concept are: 1:14
[INFO ][2015-12-04 19:09:39,565][com.java.TestType] [  450] - Test data details path ---------- D:\BankersDashboard\TestInputs\TestData.xls
[INFO ][2015-12-04 19:09:39,598][com.java.TestType] [  481] -  str(1) = 1
[INFO ][2015-12-04 19:09:39,600][com.java.TestType] [  484] - Test case Id is---1
[INFO ][2015-12-04 19:09:39,600][com.java.TestType] [  486] - 1
[INFO ][2015-12-04 19:09:39,600][com.java.TestType] [  481] -  str(2) = 1
[INFO ][2015-12-04 19:09:39,603][com.java.TestType] [  533] - row values are--------{1=com.java.Objects.TestDataDetails@12eb5a3}
[INFO ][2015-12-04 19:09:39,603][com.java.TestType] [  481] -  str(1) = 1
[INFO ][2015-12-04 19:09:39,603][com.java.TestType] [  484] - Test case Id is---1
[INFO ][2015-12-04 19:09:39,603][com.java.TestType] [  486] - 1
[INFO ][2015-12-04 19:09:39,603][com.java.TestType] [  481] -  str(2) = 2
[INFO ][2015-12-04 19:09:39,603][com.java.TestType] [  533] - row values are--------{1=com.java.Objects.TestDataDetails@12eb5a3, 2=com.java.Objects.TestDataDetails@13efd49}
[INFO ][2015-12-04 19:09:39,605][com.java.TestType] [  481] -  str(1) = 1
[INFO ][2015-12-04 19:09:39,605][com.java.TestType] [  484] - Test case Id is---1
[INFO ][2015-12-04 19:09:39,605][com.java.TestType] [  486] - 1
[INFO ][2015-12-04 19:09:39,605][com.java.TestType] [  481] -  str(2) = 3
[INFO ][2015-12-04 19:09:39,605][com.java.TestType] [  533] - row values are--------{1=com.java.Objects.TestDataDetails@12eb5a3, 2=com.java.Objects.TestDataDetails@13efd49, 3=com.java.Objects.TestDataDetails@a5be95}
[INFO ][2015-12-04 19:09:39,605][com.java.TestType] [  481] -  str(1) = 1
[INFO ][2015-12-04 19:09:39,605][com.java.TestType] [  484] - Test case Id is---1
[INFO ][2015-12-04 19:09:39,605][com.java.TestType] [  486] - 1
[INFO ][2015-12-04 19:09:39,605][com.java.TestType] [  481] -  str(2) = 4
[INFO ][2015-12-04 19:09:39,608][com.java.TestType] [  533] - row values are--------{1=com.java.Objects.TestDataDetails@12eb5a3, 2=com.java.Objects.TestDataDetails@13efd49, 3=com.java.Objects.TestDataDetails@a5be95, 4=com.java.Objects.TestDataDetails@aec762}
[INFO ][2015-12-04 19:09:39,608][com.java.TestType] [  481] -  str(1) = 1
[INFO ][2015-12-04 19:09:39,608][com.java.TestType] [  484] - Test case Id is---1
[INFO ][2015-12-04 19:09:39,608][com.java.TestType] [  486] - 1
[INFO ][2015-12-04 19:09:39,608][com.java.TestType] [  481] -  str(2) = 5
[INFO ][2015-12-04 19:09:39,608][com.java.TestType] [  533] - row values are--------{1=com.java.Objects.TestDataDetails@12eb5a3, 2=com.java.Objects.TestDataDetails@13efd49, 3=com.java.Objects.TestDataDetails@a5be95, 4=com.java.Objects.TestDataDetails@aec762, 5=com.java.Objects.TestDataDetails@1d56a94}
[INFO ][2015-12-04 19:09:39,608][com.java.TestType] [  481] -  str(1) = 1
[INFO ][2015-12-04 19:09:39,610][com.java.TestType] [  484] - Test case Id is---1
[INFO ][2015-12-04 19:09:39,610][com.java.TestType] [  486] - 1
[INFO ][2015-12-04 19:09:39,610][com.java.TestType] [  481] -  str(2) = 6
[INFO ][2015-12-04 19:09:39,610][com.java.TestType] [  533] - row values are--------{1=com.java.Objects.TestDataDetails@12eb5a3, 2=com.java.Objects.TestDataDetails@13efd49, 3=com.java.Objects.TestDataDetails@a5be95, 4=com.java.Objects.TestDataDetails@aec762, 5=com.java.Objects.TestDataDetails@1d56a94, 6=com.java.Objects.TestDataDetails@a0ca7d}
[INFO ][2015-12-04 19:09:39,610][com.java.TestType] [  481] -  str(1) = 1
[INFO ][2015-12-04 19:09:39,610][com.java.TestType] [  484] - Test case Id is---1
[INFO ][2015-12-04 19:09:39,610][com.java.TestType] [  486] - 1
[INFO ][2015-12-04 19:09:39,610][com.java.TestType] [  481] -  str(2) = 7
[INFO ][2015-12-04 19:09:39,610][com.java.TestType] [  533] - row values are--------{1=com.java.Objects.TestDataDetails@12eb5a3, 2=com.java.Objects.TestDataDetails@13efd49, 3=com.java.Objects.TestDataDetails@a5be95, 4=com.java.Objects.TestDataDetails@aec762, 5=com.java.Objects.TestDataDetails@1d56a94, 6=com.java.Objects.TestDataDetails@a0ca7d, 7=com.java.Objects.TestDataDetails@1304f2f}
[INFO ][2015-12-04 19:09:39,610][com.java.TestType] [  481] -  str(1) = 1
[INFO ][2015-12-04 19:09:39,610][com.java.TestType] [  484] - Test case Id is---1
[INFO ][2015-12-04 19:09:39,613][com.java.TestType] [  486] - 1
[INFO ][2015-12-04 19:09:39,613][com.java.TestType] [  481] -  str(2) = 8
[INFO ][2015-12-04 19:09:39,615][com.java.TestType] [  533] - row values are--------{1=com.java.Objects.TestDataDetails@12eb5a3, 2=com.java.Objects.TestDataDetails@13efd49, 3=com.java.Objects.TestDataDetails@a5be95, 4=com.java.Objects.TestDataDetails@aec762, 5=com.java.Objects.TestDataDetails@1d56a94, 6=com.java.Objects.TestDataDetails@a0ca7d, 7=com.java.Objects.TestDataDetails@1304f2f, 8=com.java.Objects.TestDataDetails@5395a0}
[INFO ][2015-12-04 19:09:39,615][com.java.TestType] [  481] -  str(1) = 1
[INFO ][2015-12-04 19:09:39,615][com.java.TestType] [  484] - Test case Id is---1
[INFO ][2015-12-04 19:09:39,615][com.java.TestType] [  486] - 1
[INFO ][2015-12-04 19:09:39,615][com.java.TestType] [  481] -  str(2) = 9
[INFO ][2015-12-04 19:09:39,615][com.java.TestType] [  533] - row values are--------{1=com.java.Objects.TestDataDetails@12eb5a3, 2=com.java.Objects.TestDataDetails@13efd49, 3=com.java.Objects.TestDataDetails@a5be95, 4=com.java.Objects.TestDataDetails@aec762, 5=com.java.Objects.TestDataDetails@1d56a94, 6=com.java.Objects.TestDataDetails@a0ca7d, 7=com.java.Objects.TestDataDetails@1304f2f, 8=com.java.Objects.TestDataDetails@5395a0, 9=com.java.Objects.TestDataDetails@1dd31da}
[INFO ][2015-12-04 19:09:39,615][com.java.TestType] [  481] -  str(1) = 1
[INFO ][2015-12-04 19:09:39,615][com.java.TestType] [  484] - Test case Id is---1
[INFO ][2015-12-04 19:09:39,615][com.java.TestType] [  486] - 1
[INFO ][2015-12-04 19:09:39,615][com.java.TestType] [  481] -  str(2) = 10
[INFO ][2015-12-04 19:09:39,618][com.java.TestType] [  533] - row values are--------{1=com.java.Objects.TestDataDetails@12eb5a3, 2=com.java.Objects.TestDataDetails@13efd49, 3=com.java.Objects.TestDataDetails@a5be95, 4=com.java.Objects.TestDataDetails@aec762, 5=com.java.Objects.TestDataDetails@1d56a94, 6=com.java.Objects.TestDataDetails@a0ca7d, 7=com.java.Objects.TestDataDetails@1304f2f, 8=com.java.Objects.TestDataDetails@5395a0, 9=com.java.Objects.TestDataDetails@1dd31da, 10=com.java.Objects.TestDataDetails@d98965}
[INFO ][2015-12-04 19:09:39,618][com.java.TestType] [  481] -  str(1) = 1
[INFO ][2015-12-04 19:09:39,618][com.java.TestType] [  484] - Test case Id is---1
[INFO ][2015-12-04 19:09:39,618][com.java.TestType] [  486] - 1
[INFO ][2015-12-04 19:09:39,618][com.java.TestType] [  481] -  str(2) = 11
[INFO ][2015-12-04 19:09:39,618][com.java.TestType] [  533] - row values are--------{1=com.java.Objects.TestDataDetails@12eb5a3, 2=com.java.Objects.TestDataDetails@13efd49, 3=com.java.Objects.TestDataDetails@a5be95, 4=com.java.Objects.TestDataDetails@aec762, 5=com.java.Objects.TestDataDetails@1d56a94, 6=com.java.Objects.TestDataDetails@a0ca7d, 7=com.java.Objects.TestDataDetails@1304f2f, 8=com.java.Objects.TestDataDetails@5395a0, 9=com.java.Objects.TestDataDetails@1dd31da, 10=com.java.Objects.TestDataDetails@d98965, 11=com.java.Objects.TestDataDetails@9527ee}
[INFO ][2015-12-04 19:09:39,618][com.java.TestType] [  481] -  str(1) = 1
[INFO ][2015-12-04 19:09:39,618][com.java.TestType] [  484] - Test case Id is---1
[INFO ][2015-12-04 19:09:39,618][com.java.TestType] [  486] - 1
[INFO ][2015-12-04 19:09:39,618][com.java.TestType] [  481] -  str(2) = 12
[INFO ][2015-12-04 19:09:39,618][com.java.TestType] [  533] - row values are--------{1=com.java.Objects.TestDataDetails@12eb5a3, 2=com.java.Objects.TestDataDetails@13efd49, 3=com.java.Objects.TestDataDetails@a5be95, 4=com.java.Objects.TestDataDetails@aec762, 5=com.java.Objects.TestDataDetails@1d56a94, 6=com.java.Objects.TestDataDetails@a0ca7d, 7=com.java.Objects.TestDataDetails@1304f2f, 8=com.java.Objects.TestDataDetails@5395a0, 9=com.java.Objects.TestDataDetails@1dd31da, 10=com.java.Objects.TestDataDetails@d98965, 11=com.java.Objects.TestDataDetails@9527ee, 12=com.java.Objects.TestDataDetails@4efd48}
[INFO ][2015-12-04 19:09:39,618][com.java.TestType] [  481] -  str(1) = 1
[INFO ][2015-12-04 19:09:39,618][com.java.TestType] [  484] - Test case Id is---1
[INFO ][2015-12-04 19:09:39,618][com.java.TestType] [  486] - 1
[INFO ][2015-12-04 19:09:39,620][com.java.TestType] [  481] -  str(2) = 13
[INFO ][2015-12-04 19:09:39,620][com.java.TestType] [  533] - row values are--------{1=com.java.Objects.TestDataDetails@12eb5a3, 2=com.java.Objects.TestDataDetails@13efd49, 3=com.java.Objects.TestDataDetails@a5be95, 4=com.java.Objects.TestDataDetails@aec762, 5=com.java.Objects.TestDataDetails@1d56a94, 6=com.java.Objects.TestDataDetails@a0ca7d, 7=com.java.Objects.TestDataDetails@1304f2f, 8=com.java.Objects.TestDataDetails@5395a0, 9=com.java.Objects.TestDataDetails@1dd31da, 10=com.java.Objects.TestDataDetails@d98965, 11=com.java.Objects.TestDataDetails@9527ee, 12=com.java.Objects.TestDataDetails@4efd48, 13=com.java.Objects.TestDataDetails@5c2910}
[INFO ][2015-12-04 19:09:39,620][com.java.TestType] [  481] -  str(1) = 1
[INFO ][2015-12-04 19:09:39,620][com.java.TestType] [  484] - Test case Id is---1
[INFO ][2015-12-04 19:09:39,620][com.java.TestType] [  486] - 1
[INFO ][2015-12-04 19:09:39,620][com.java.TestType] [  481] -  str(2) = 14
[INFO ][2015-12-04 19:09:39,620][com.java.TestType] [  533] - row values are--------{1=com.java.Objects.TestDataDetails@12eb5a3, 2=com.java.Objects.TestDataDetails@13efd49, 3=com.java.Objects.TestDataDetails@a5be95, 4=com.java.Objects.TestDataDetails@aec762, 5=com.java.Objects.TestDataDetails@1d56a94, 6=com.java.Objects.TestDataDetails@a0ca7d, 7=com.java.Objects.TestDataDetails@1304f2f, 8=com.java.Objects.TestDataDetails@5395a0, 9=com.java.Objects.TestDataDetails@1dd31da, 10=com.java.Objects.TestDataDetails@d98965, 11=com.java.Objects.TestDataDetails@9527ee, 12=com.java.Objects.TestDataDetails@4efd48, 13=com.java.Objects.TestDataDetails@5c2910, 14=com.java.Objects.TestDataDetails@1aee222}
[INFO ][2015-12-04 19:09:39,620][com.java.TestType] [ 9932] - Looping 1TCID = 1
[DEBUG][2015-12-04 19:09:39,620][com.java.TestType] [ 9973] - Concept ID:1 :: Step being Executed: 1::1
[INFO ][2015-12-04 19:09:39,620][com.java.TestType] [10011] - dataFields : TXTusername
[DEBUG][2015-12-04 19:09:39,620][com.java.TestType] [10017] - <In Set values of the page>
[DEBUG][2015-12-04 19:09:39,620][com.java.TestType] [10022] - {Data Fields & Data Values Exist}
[INFO ][2015-12-04 19:09:39,620][com.java.TestType] [10028] - --------------------------setting values-----------------------------
[INFO ][2015-12-04 19:09:39,623][com.java.TestType] [10031] - Action Type : CLEARANDENTER
[INFO ][2015-12-04 19:09:39,623][com.java.TestType] [ 5433] - value = naresh.nayini.00000
[INFO ][2015-12-04 19:09:44,452][com.java.TestType] [10050] -  RESULT true
[INFO ][2015-12-04 19:09:44,452][com.java.TestType] [10167] - ?   P A S S   ?
[DEBUG][2015-12-04 19:09:44,452][com.java.TestType] [ 9973] - Concept ID:1 :: Step being Executed: 1::2
[INFO ][2015-12-04 19:09:44,452][com.java.TestType] [10011] - dataFields : TXTpassword
[DEBUG][2015-12-04 19:09:44,452][com.java.TestType] [10017] - <In Set values of the page>
[DEBUG][2015-12-04 19:09:44,452][com.java.TestType] [10022] - {Data Fields & Data Values Exist}
[INFO ][2015-12-04 19:09:44,452][com.java.TestType] [10028] - --------------------------setting values-----------------------------
[INFO ][2015-12-04 19:09:44,452][com.java.TestType] [10031] - Action Type : CLEARANDENTER
[INFO ][2015-12-04 19:09:44,454][com.java.TestType] [ 5433] - value = Password1*
[INFO ][2015-12-04 19:09:49,355][com.java.TestType] [10050] -  RESULT true
[INFO ][2015-12-04 19:09:49,355][com.java.TestType] [10167] - ?   P A S S   ?
[DEBUG][2015-12-04 19:09:49,355][com.java.TestType] [ 9973] - Concept ID:1 :: Step being Executed: 1::3
[ERROR][2015-12-04 19:09:49,355][com.java.TestType] [10006] - Exception: null
[INFO ][2015-12-04 19:09:49,355][com.java.TestType] [10011] - dataFields : XPH//button[@type='submit']
[DEBUG][2015-12-04 19:09:49,355][com.java.TestType] [10017] - <In Set values of the page>
[DEBUG][2015-12-04 19:09:49,355][com.java.TestType] [10022] - {Data Fields & Data Values Exist}
[INFO ][2015-12-04 19:09:49,355][com.java.TestType] [10028] - --------------------------setting values-----------------------------
[INFO ][2015-12-04 19:09:49,355][com.java.TestType] [10031] - Action Type : Click
[INFO ][2015-12-04 19:09:49,358][com.java.TestType] [ 5761] - Field ::XPH//button[@type='submit']
[INFO ][2015-12-04 19:09:50,360][com.java.TestType] [ 5848] - BEFORE CLICK
[INFO ][2015-12-04 19:09:53,543][com.java.TestType] [ 5856] - Unable to click the object Login
[INFO ][2015-12-04 19:09:53,543][com.java.TestType] [10050] -  RESULT true
[INFO ][2015-12-04 19:09:53,543][com.java.TestType] [10167] - ?   P A S S   ?
[DEBUG][2015-12-04 19:09:53,543][com.java.TestType] [ 9973] - Concept ID:1 :: Step being Executed: 1::4
[INFO ][2015-12-04 19:09:53,543][com.java.TestType] [10011] - dataFields : LNKLogout
[DEBUG][2015-12-04 19:09:53,543][com.java.TestType] [10017] - <In Set values of the page>
[DEBUG][2015-12-04 19:09:53,543][com.java.TestType] [10022] - {Data Fields & Data Values Exist}
[INFO ][2015-12-04 19:09:53,543][com.java.TestType] [10028] - --------------------------setting values-----------------------------
[INFO ][2015-12-04 19:09:53,543][com.java.TestType] [10031] - Action Type : WaitForElement
[INFO ][2015-12-04 19:09:53,584][com.java.TestType] [10050] -  RESULT true
[INFO ][2015-12-04 19:09:53,584][com.java.TestType] [10167] - ?   P A S S   ?
[DEBUG][2015-12-04 19:09:53,584][com.java.TestType] [ 9973] - Concept ID:1 :: Step being Executed: 1::13
[INFO ][2015-12-04 19:09:53,584][com.java.TestType] [10011] - dataFields : LNK
[DEBUG][2015-12-04 19:09:53,584][com.java.TestType] [10017] - <In Set values of the page>
[DEBUG][2015-12-04 19:09:53,584][com.java.TestType] [10022] - {Data Fields & Data Values Exist}
[INFO ][2015-12-04 19:09:53,584][com.java.TestType] [10028] - --------------------------setting values-----------------------------
[INFO ][2015-12-04 19:09:53,584][com.java.TestType] [10031] - Action Type : Verify
[INFO ][2015-12-04 19:09:53,584][com.java.TestType] [ 6624] - field= LNK value= Logout
[INFO ][2015-12-04 19:09:53,589][com.java.TestType] [ 5433] - value = Logout
[INFO ][2015-12-04 19:09:53,629][com.java.TestType] [10050] -  RESULT true
[INFO ][2015-12-04 19:09:53,629][com.java.TestType] [10167] - ?   P A S S   ?
[DEBUG][2015-12-04 19:09:53,629][com.java.TestType] [ 9973] - Concept ID:1 :: Step being Executed: 1::14
[INFO ][2015-12-04 19:09:53,629][com.java.TestType] [10011] - dataFields : BTN
[DEBUG][2015-12-04 19:09:53,629][com.java.TestType] [10017] - <In Set values of the page>
[DEBUG][2015-12-04 19:09:53,629][com.java.TestType] [10022] - {Data Fields & Data Values Exist}
[INFO ][2015-12-04 19:09:53,629][com.java.TestType] [10028] - --------------------------setting values-----------------------------
[INFO ][2015-12-04 19:09:53,629][com.java.TestType] [10031] - Action Type : Verify
[INFO ][2015-12-04 19:09:53,629][com.java.TestType] [ 6624] - field= BTN value= //img[contains(@src,'bdlogo.jpg')]
[INFO ][2015-12-04 19:09:53,629][com.java.TestType] [ 5433] - value = //img[contains(@src,'bdlogo.jpg')]
[INFO ][2015-12-04 19:09:53,696][com.java.TestType] [10050] -  RESULT true
[INFO ][2015-12-04 19:09:53,696][com.java.TestType] [10167] - ?   P A S S   ?
[INFO ][2015-12-04 19:09:53,696][com.java.TestType] [10238] - Looping End......
[INFO ][2015-12-04 19:09:53,701][com.java.SeleniumDriver] [  908] -  RESULT true
[INFO ][2015-12-04 19:09:53,701][com.java.SeleniumDriver] [ 1114] - ?   P A S S   ?
[INFO ][2015-12-04 19:09:53,701][com.java.SeleniumDriver] [  835] - ------------------------------------------
[INFO ][2015-12-04 19:09:53,701][com.java.SeleniumDriver] [  836] - Test case being Executed: 1
[INFO ][2015-12-04 19:09:53,701][com.java.SeleniumDriver] [  847] - Test step:2
[INFO ][2015-12-04 19:09:53,701][com.java.SeleniumDriver] [  859] - Datavalue is----------Concept#2:1-2
[INFO ][2015-12-04 19:09:53,701][com.java.SeleniumDriver] [  883] - DataField : test
[INFO ][2015-12-04 19:09:53,701][com.java.SeleniumDriver] [  885] - DataValue : Concept#2:1-2
[INFO ][2015-12-04 19:09:53,701][com.java.SeleniumDriver] [  891] - <In Set values of the page>
[INFO ][2015-12-04 19:09:53,701][com.java.SeleniumDriver] [  894] - {Data Fields & Data Values Exist}
[INFO ][2015-12-04 19:09:53,701][com.java.SeleniumDriver] [  896] - --------------------------setting values-----------------------------
[INFO ][2015-12-04 19:09:53,701][com.java.SeleniumDriver] [  899] - Action Type : ExecuteTestCase
[INFO ][2015-12-04 19:09:53,701][com.java.TestType] [  436] - The Concept sheet name is ---------- Concept
[INFO ][2015-12-04 19:09:53,701][com.java.TestType] [  439] - The Concept ID  is ---------- 2
[DEBUG][2015-12-04 19:09:53,701][com.java.TestType] [  443] - Steps being executted in the Concept are: 1:2
[INFO ][2015-12-04 19:09:53,701][com.java.TestType] [  450] - Test data details path ---------- D:\BankersDashboard\TestInputs\TestData.xls
[INFO ][2015-12-04 19:09:53,736][com.java.TestType] [  481] -  str(1) = 2
[INFO ][2015-12-04 19:09:53,736][com.java.TestType] [  484] - Test case Id is---2
[INFO ][2015-12-04 19:09:53,736][com.java.TestType] [  486] - 2
[INFO ][2015-12-04 19:09:53,736][com.java.TestType] [  481] -  str(2) = 1
[INFO ][2015-12-04 19:09:53,739][com.java.TestType] [  533] - row values are--------{1=com.java.Objects.TestDataDetails@cb3389}
[INFO ][2015-12-04 19:09:53,739][com.java.TestType] [  481] -  str(1) = 2
[INFO ][2015-12-04 19:09:53,739][com.java.TestType] [  484] - Test case Id is---2
[INFO ][2015-12-04 19:09:53,739][com.java.TestType] [  486] - 2
[INFO ][2015-12-04 19:09:53,739][com.java.TestType] [  481] -  str(2) = 2
[INFO ][2015-12-04 19:09:53,739][com.java.TestType] [  533] - row values are--------{1=com.java.Objects.TestDataDetails@cb3389, 2=com.java.Objects.TestDataDetails@fb860a}
[INFO ][2015-12-04 19:09:53,739][com.java.TestType] [  481] -  str(1) = 2
[INFO ][2015-12-04 19:09:53,739][com.java.TestType] [  484] - Test case Id is---2
[INFO ][2015-12-04 19:09:53,739][com.java.TestType] [  486] - 2
[INFO ][2015-12-04 19:09:53,739][com.java.TestType] [  481] -  str(2) = 3
[INFO ][2015-12-04 19:09:53,741][com.java.TestType] [  533] - row values are--------{1=com.java.Objects.TestDataDetails@cb3389, 2=com.java.Objects.TestDataDetails@fb860a, 3=com.java.Objects.TestDataDetails@1886a05}
[INFO ][2015-12-04 19:09:53,741][com.java.TestType] [ 9932] - Looping 1TCID = 2
[DEBUG][2015-12-04 19:09:53,741][com.java.TestType] [ 9973] - Concept ID:2 :: Step being Executed: 2::1
[INFO ][2015-12-04 19:09:53,741][com.java.TestType] [10011] - dataFields : BNK//select[@id='bank']
[DEBUG][2015-12-04 19:09:53,741][com.java.TestType] [10017] - <In Set values of the page>
[DEBUG][2015-12-04 19:09:53,741][com.java.TestType] [10022] - {Data Fields & Data Values Exist}
[INFO ][2015-12-04 19:09:53,741][com.java.TestType] [10028] - --------------------------setting values-----------------------------
[INFO ][2015-12-04 19:09:53,741][com.java.TestType] [10031] - Action Type : Select
[INFO ][2015-12-04 19:09:53,741][com.java.TestType] [ 5433] - value = PFC
[INFO ][2015-12-04 19:09:54,054][com.java.TestType] [10050] -  RESULT true
[INFO ][2015-12-04 19:09:54,054][com.java.TestType] [10167] - ?   P A S S   ?
[DEBUG][2015-12-04 19:09:54,054][com.java.TestType] [ 9973] - Concept ID:2 :: Step being Executed: 2::2
[INFO ][2015-12-04 19:09:54,054][com.java.TestType] [10011] - dataFields : LNKLogout
[DEBUG][2015-12-04 19:09:54,054][com.java.TestType] [10017] - <In Set values of the page>
[DEBUG][2015-12-04 19:09:54,054][com.java.TestType] [10022] - {Data Fields & Data Values Exist}
[INFO ][2015-12-04 19:09:54,054][com.java.TestType] [10028] - --------------------------setting values-----------------------------
[INFO ][2015-12-04 19:09:54,054][com.java.TestType] [10031] - Action Type : WaitTime
[DEBUG][2015-12-04 19:09:54,054][com.java.TestType] [ 5253] - sleepTime: 5000
[INFO ][2015-12-04 19:09:59,054][com.java.TestType] [10050] -  RESULT true
[INFO ][2015-12-04 19:09:59,054][com.java.TestType] [10167] - ?   P A S S   ?
[INFO ][2015-12-04 19:09:59,054][com.java.TestType] [10238] - Looping End......
[INFO ][2015-12-04 19:09:59,056][com.java.SeleniumDriver] [  908] -  RESULT true
[INFO ][2015-12-04 19:09:59,057][com.java.SeleniumDriver] [ 1114] - ?   P A S S   ?
[INFO ][2015-12-04 19:09:59,057][com.java.SeleniumDriver] [  835] - ------------------------------------------
[INFO ][2015-12-04 19:09:59,057][com.java.SeleniumDriver] [  836] - Test case being Executed: 1
[INFO ][2015-12-04 19:09:59,057][com.java.SeleniumDriver] [  847] - Test step:3
[INFO ][2015-12-04 19:09:59,057][com.java.SeleniumDriver] [  859] - Datavalue is----------2
[INFO ][2015-12-04 19:09:59,057][com.java.SeleniumDriver] [  883] - DataField : XPH//button[contains(text(),'Add Content')]
[INFO ][2015-12-04 19:09:59,057][com.java.SeleniumDriver] [  885] - DataValue : 2
[INFO ][2015-12-04 19:09:59,057][com.java.SeleniumDriver] [  891] - <In Set values of the page>
[INFO ][2015-12-04 19:09:59,057][com.java.SeleniumDriver] [  894] - {Data Fields & Data Values Exist}
[INFO ][2015-12-04 19:09:59,057][com.java.SeleniumDriver] [  896] - --------------------------setting values-----------------------------
[INFO ][2015-12-04 19:09:59,057][com.java.SeleniumDriver] [  899] - Action Type : WAITFORELEMENT
[INFO ][2015-12-04 19:09:59,095][com.java.SeleniumDriver] [  908] -  RESULT true
[INFO ][2015-12-04 19:09:59,095][com.java.SeleniumDriver] [ 1114] - ?   P A S S   ?
[DEBUG][2015-12-04 19:09:59,095][com.java.SeleniumDriver] [ 1226] - Case found
[DEBUG][2015-12-04 19:09:59,095][com.java.SeleniumDriver] [ 1231] - Incrementing ReportCounters[0]:1
[INFO ][2015-12-04 19:09:59,095][com.java.SeleniumDriver] [ 1250] - The results are-------------------[1, 1, Valid Login, Pass, , Fri Dec 04 19:09:53 IST 2015, 1, 2, Valid Login, Pass, , Fri Dec 04 19:09:59 IST 2015, 1, 3, Valid Login, Pass, , Fri Dec 04 19:09:59 IST 2015]
[INFO ][2015-12-04 19:09:59,095][com.java.SeleniumDriver] [ 1254] - End time is-------39 sec
[INFO ][2015-12-04 19:09:59,095][com.java.SeleniumDriver] [ 1255] - The results are-------------------[1, 1, Valid Login, Pass, , Fri Dec 04 19:09:53 IST 2015, 1, 2, Valid Login, Pass, , Fri Dec 04 19:09:59 IST 2015, 1, 3, Valid Login, Pass, , Fri Dec 04 19:09:59 IST 2015]
[DEBUG][2015-12-04 19:09:59,095][com.java.ImportnExport.ExportTestResultsExcel] [  222] - testResultPath = D:\BankersDashboard/TestReports/Test Results_BankersDashBoard_120415_190922_IE10_Any Bank USA.xls
[DEBUG][2015-12-04 19:09:59,095][com.java.ImportnExport.ExportTestResultsExcel] [  223] - browser is------------IE10
[DEBUG][2015-12-04 19:09:59,147][com.java.ImportnExport.ExportTestResultsExcel] [  270] - result.size() = 18
[DEBUG][2015-12-04 19:09:59,147][com.java.ImportnExport.ExportTestResultsExcel] [  274] - No of rows in sheet=1
[DEBUG][2015-12-04 19:09:59,147][com.java.ImportnExport.ExportTestResultsExcel] [  301] - ..in export..1
[DEBUG][2015-12-04 19:09:59,147][com.java.ImportnExport.ExportTestResultsExcel] [  301] - ..in export..Valid Login
[DEBUG][2015-12-04 19:09:59,147][com.java.ImportnExport.ExportTestResultsExcel] [  301] - ..in export..Pass
[DEBUG][2015-12-04 19:09:59,147][com.java.ImportnExport.ExportTestResultsExcel] [  301] - ..in export..
[DEBUG][2015-12-04 19:09:59,147][com.java.ImportnExport.ExportTestResultsExcel] [  301] - ..in export..Fri Dec 04 19:09:53 IST 2015
[INFO ][2015-12-04 19:09:59,150][com.java.SeleniumDriver] [ 1313] - out loop:0 size:12 TestCases:[1, 2, 3, 4, 5, 6, 7, 8, 9, 10, 11, 12] testcases:[1, 2, 3, 4, 5, 6, 7, 8, 9, 10, 11, 12]
[INFO ][2015-12-04 19:09:59,150][com.java.ImportnExport.ImportTestDataDetailsExcel] [   49] - test data details path===== D:\BankersDashboard\TestInputs\TestData.xls
[INFO ][2015-12-04 19:10:24,700][com.java.SeleniumDriver] [  835] - ------------------------------------------
[INFO ][2015-12-04 19:10:24,700][com.java.SeleniumDriver] [  836] - Test case being Executed: 2
[INFO ][2015-12-04 19:10:24,700][com.java.SeleniumDriver] [  847] - Test step:1
[INFO ][2015-12-04 19:10:24,700][com.java.SeleniumDriver] [  859] - Datavalue is----------test
[INFO ][2015-12-04 19:10:24,700][com.java.SeleniumDriver] [  883] - DataField : test
[INFO ][2015-12-04 19:10:24,700][com.java.SeleniumDriver] [  885] - DataValue : test
[INFO ][2015-12-04 19:10:24,700][com.java.SeleniumDriver] [  891] - <In Set values of the page>
[INFO ][2015-12-04 19:10:24,700][com.java.SeleniumDriver] [  894] - {Data Fields & Data Values Exist}
[INFO ][2015-12-04 19:10:24,700][com.java.SeleniumDriver] [  896] - --------------------------setting values-----------------------------
[INFO ][2015-12-04 19:10:24,700][com.java.SeleniumDriver] [  899] - Action Type : SELECTMAINWINDOWANDCLOSEOTHER
[INFO ][2015-12-04 19:10:34,733][com.java.SeleniumDriver] [  908] -  RESULT true
[INFO ][2015-12-04 19:10:34,733][com.java.SeleniumDriver] [ 1114] - ?   P A S S   ?
[INFO ][2015-12-04 19:10:34,733][com.java.SeleniumDriver] [  835] - ------------------------------------------
[INFO ][2015-12-04 19:10:34,733][com.java.SeleniumDriver] [  836] - Test case being Executed: 2
[INFO ][2015-12-04 19:10:34,733][com.java.SeleniumDriver] [  847] - Test step:2
[INFO ][2015-12-04 19:10:34,733][com.java.SeleniumDriver] [  859] - Datavalue is----------Logout
[INFO ][2015-12-04 19:10:34,733][com.java.SeleniumDriver] [  883] - DataField : BTN
[INFO ][2015-12-04 19:10:34,733][com.java.SeleniumDriver] [  885] - DataValue : Logout
[INFO ][2015-12-04 19:10:34,733][com.java.SeleniumDriver] [  891] - <In Set values of the page>
[INFO ][2015-12-04 19:10:34,733][com.java.SeleniumDriver] [  894] - {Data Fields & Data Values Exist}
[INFO ][2015-12-04 19:10:34,733][com.java.SeleniumDriver] [  896] - --------------------------setting values-----------------------------
[INFO ][2015-12-04 19:10:34,733][com.java.SeleniumDriver] [  899] - Action Type : Verify
[INFO ][2015-12-04 19:10:34,733][com.java.TestType] [ 6624] - field= BTN value= Logout
[INFO ][2015-12-04 19:10:34,733][com.java.TestType] [ 5433] - value = Logout
[INFO ][2015-12-04 19:10:34,816][com.java.SeleniumDriver] [  908] -  RESULT true
[INFO ][2015-12-04 19:10:34,816][com.java.SeleniumDriver] [ 1114] - ?   P A S S   ?
[INFO ][2015-12-04 19:10:34,816][com.java.SeleniumDriver] [ 1156] - step change to 4
[INFO ][2015-12-04 19:10:34,816][com.java.SeleniumDriver] [  835] - ------------------------------------------
[INFO ][2015-12-04 19:10:34,816][com.java.SeleniumDriver] [  836] - Test case being Executed: 2
[INFO ][2015-12-04 19:10:34,816][com.java.SeleniumDriver] [  847] - Test step:4
[INFO ][2015-12-04 19:10:34,816][com.java.SeleniumDriver] [  859] - Datavalue is----------Concept#2:1-2
[INFO ][2015-12-04 19:10:34,816][com.java.SeleniumDriver] [  883] - DataField : test
[INFO ][2015-12-04 19:10:34,816][com.java.SeleniumDriver] [  885] - DataValue : Concept#2:1-2
[INFO ][2015-12-04 19:10:34,816][com.java.SeleniumDriver] [  891] - <In Set values of the page>
[INFO ][2015-12-04 19:10:34,816][com.java.SeleniumDriver] [  894] - {Data Fields & Data Values Exist}
[INFO ][2015-12-04 19:10:34,816][com.java.SeleniumDriver] [  896] - --------------------------setting values-----------------------------
[INFO ][2015-12-04 19:10:34,816][com.java.SeleniumDriver] [  899] - Action Type : ExecuteTestCase
[INFO ][2015-12-04 19:10:34,816][com.java.TestType] [  436] - The Concept sheet name is ---------- Concept
[INFO ][2015-12-04 19:10:34,816][com.java.TestType] [  439] - The Concept ID  is ---------- 2
[DEBUG][2015-12-04 19:10:34,816][com.java.TestType] [  443] - Steps being executted in the Concept are: 1:2
[INFO ][2015-12-04 19:10:34,816][com.java.TestType] [  450] - Test data details path ---------- D:\BankersDashboard\TestInputs\TestData.xls
[INFO ][2015-12-04 19:10:34,849][com.java.TestType] [  481] -  str(1) = 2
[INFO ][2015-12-04 19:10:34,849][com.java.TestType] [  484] - Test case Id is---2
[INFO ][2015-12-04 19:10:34,849][com.java.TestType] [  486] - 2
[INFO ][2015-12-04 19:10:34,849][com.java.TestType] [  481] -  str(2) = 1
[INFO ][2015-12-04 19:10:34,851][com.java.TestType] [  533] - row values are--------{1=com.java.Objects.TestDataDetails@1a9b701}
[INFO ][2015-12-04 19:10:34,851][com.java.TestType] [  481] -  str(1) = 2
[INFO ][2015-12-04 19:10:34,851][com.java.TestType] [  484] - Test case Id is---2
[INFO ][2015-12-04 19:10:34,851][com.java.TestType] [  486] - 2
[INFO ][2015-12-04 19:10:34,851][com.java.TestType] [  481] -  str(2) = 2
[INFO ][2015-12-04 19:10:34,851][com.java.TestType] [  533] - row values are--------{1=com.java.Objects.TestDataDetails@1a9b701, 2=com.java.Objects.TestDataDetails@d1099c}
[INFO ][2015-12-04 19:10:34,851][com.java.TestType] [  481] -  str(1) = 2
[INFO ][2015-12-04 19:10:34,851][com.java.TestType] [  484] - Test case Id is---2
[INFO ][2015-12-04 19:10:34,851][com.java.TestType] [  486] - 2
[INFO ][2015-12-04 19:10:34,851][com.java.TestType] [  481] -  str(2) = 3
[INFO ][2015-12-04 19:10:34,854][com.java.TestType] [  533] - row values are--------{1=com.java.Objects.TestDataDetails@1a9b701, 2=com.java.Objects.TestDataDetails@d1099c, 3=com.java.Objects.TestDataDetails@6ce7a5}
[INFO ][2015-12-04 19:10:34,854][com.java.TestType] [ 9932] - Looping 1TCID = 2
[DEBUG][2015-12-04 19:10:34,854][com.java.TestType] [ 9973] - Concept ID:2 :: Step being Executed: 2::1
[INFO ][2015-12-04 19:10:34,854][com.java.TestType] [10011] - dataFields : BNK//select[@id='bank']
[DEBUG][2015-12-04 19:10:34,854][com.java.TestType] [10017] - <In Set values of the page>
[DEBUG][2015-12-04 19:10:34,854][com.java.TestType] [10022] - {Data Fields & Data Values Exist}
[INFO ][2015-12-04 19:10:34,854][com.java.TestType] [10028] - --------------------------setting values-----------------------------
[INFO ][2015-12-04 19:10:34,854][com.java.TestType] [10031] - Action Type : Select
[INFO ][2015-12-04 19:10:34,854][com.java.TestType] [ 5433] - value = PFC
[INFO ][2015-12-04 19:10:35,046][com.java.TestType] [10050] -  RESULT true
[INFO ][2015-12-04 19:10:35,046][com.java.TestType] [10167] - ?   P A S S   ?
[DEBUG][2015-12-04 19:10:35,046][com.java.TestType] [ 9973] - Concept ID:2 :: Step being Executed: 2::2
[INFO ][2015-12-04 19:10:35,046][com.java.TestType] [10011] - dataFields : LNKLogout
[DEBUG][2015-12-04 19:10:35,046][com.java.TestType] [10017] - <In Set values of the page>
[DEBUG][2015-12-04 19:10:35,046][com.java.TestType] [10022] - {Data Fields & Data Values Exist}
[INFO ][2015-12-04 19:10:35,046][com.java.TestType] [10028] - --------------------------setting values-----------------------------
[INFO ][2015-12-04 19:10:35,046][com.java.TestType] [10031] - Action Type : WaitTime
[DEBUG][2015-12-04 19:10:35,046][com.java.TestType] [ 5253] - sleepTime: 5000
[INFO ][2015-12-04 19:10:40,048][com.java.TestType] [10050] -  RESULT true
[INFO ][2015-12-04 19:10:40,048][com.java.TestType] [10167] - ?   P A S S   ?
[INFO ][2015-12-04 19:10:40,048][com.java.TestType] [10238] - Looping End......
[INFO ][2015-12-04 19:10:40,050][com.java.SeleniumDriver] [  908] -  RESULT true
[INFO ][2015-12-04 19:10:40,050][com.java.SeleniumDriver] [ 1114] - ?   P A S S   ?
[INFO ][2015-12-04 19:10:40,050][com.java.SeleniumDriver] [  835] - ------------------------------------------
[INFO ][2015-12-04 19:10:40,053][com.java.SeleniumDriver] [  836] - Test case being Executed: 2
[INFO ][2015-12-04 19:10:40,053][com.java.SeleniumDriver] [  847] - Test step:5
[INFO ][2015-12-04 19:10:40,053][com.java.SeleniumDriver] [  859] - Datavalue is----------null
[DEBUG][2015-12-04 19:10:40,053][com.java.SeleniumDriver] [  877] - Exception: null
[INFO ][2015-12-04 19:10:40,053][com.java.SeleniumDriver] [  883] - DataField : //span[@class='icon-stats']&&//a[@data-id="Forecasting"]
[INFO ][2015-12-04 19:10:40,053][com.java.SeleniumDriver] [  885] - DataValue : 
[INFO ][2015-12-04 19:10:40,053][com.java.SeleniumDriver] [  891] - <In Set values of the page>
[INFO ][2015-12-04 19:10:40,053][com.java.SeleniumDriver] [  894] - {Data Fields & Data Values Exist}
[INFO ][2015-12-04 19:10:40,053][com.java.SeleniumDriver] [  896] - --------------------------setting values-----------------------------
[INFO ][2015-12-04 19:10:40,054][com.java.SeleniumDriver] [  899] - Action Type : MOUSEOVER
[INFO ][2015-12-04 19:11:03,122][com.java.SeleniumDriver] [  908] -  RESULT true
[INFO ][2015-12-04 19:11:03,122][com.java.SeleniumDriver] [ 1114] - ?   P A S S   ?
[INFO ][2015-12-04 19:11:03,122][com.java.SeleniumDriver] [  835] - ------------------------------------------
[INFO ][2015-12-04 19:11:03,122][com.java.SeleniumDriver] [  836] - Test case being Executed: 2
[INFO ][2015-12-04 19:11:03,122][com.java.SeleniumDriver] [  847] - Test step:6
[INFO ][2015-12-04 19:11:03,122][com.java.SeleniumDriver] [  859] - Datavalue is----------5
[INFO ][2015-12-04 19:11:03,122][com.java.SeleniumDriver] [  883] - DataField : null
[INFO ][2015-12-04 19:11:03,122][com.java.SeleniumDriver] [  885] - DataValue : 5
[INFO ][2015-12-04 19:11:03,122][com.java.SeleniumDriver] [  891] - <In Set values of the page>
[INFO ][2015-12-04 19:11:03,122][com.java.SeleniumDriver] [  894] - {Data Fields & Data Values Exist}
[INFO ][2015-12-04 19:11:03,122][com.java.SeleniumDriver] [  896] - --------------------------setting values-----------------------------
[INFO ][2015-12-04 19:11:03,122][com.java.SeleniumDriver] [  899] - Action Type : WAITTIME
[DEBUG][2015-12-04 19:11:03,122][com.java.TestType] [ 5253] - sleepTime: 5000
[INFO ][2015-12-04 19:11:08,125][com.java.SeleniumDriver] [  908] -  RESULT true
[INFO ][2015-12-04 19:11:08,125][com.java.SeleniumDriver] [ 1114] - ?   P A S S   ?
[INFO ][2015-12-04 19:11:08,125][com.java.SeleniumDriver] [  835] - ------------------------------------------
[INFO ][2015-12-04 19:11:08,125][com.java.SeleniumDriver] [  836] - Test case being Executed: 2
[INFO ][2015-12-04 19:11:08,125][com.java.SeleniumDriver] [  847] - Test step:7
[INFO ][2015-12-04 19:11:08,125][com.java.SeleniumDriver] [  859] - Datavalue is----------Forecasting 
[INFO ][2015-12-04 19:11:08,125][com.java.SeleniumDriver] [  883] - DataField : TTL
[INFO ][2015-12-04 19:11:08,125][com.java.SeleniumDriver] [  885] - DataValue : Forecasting 
[INFO ][2015-12-04 19:11:08,125][com.java.SeleniumDriver] [  891] - <In Set values of the page>
[INFO ][2015-12-04 19:11:08,125][com.java.SeleniumDriver] [  894] - {Data Fields & Data Values Exist}
[INFO ][2015-12-04 19:11:08,125][com.java.SeleniumDriver] [  896] - --------------------------setting values-----------------------------
[INFO ][2015-12-04 19:11:08,125][com.java.SeleniumDriver] [  899] - Action Type : SELECTWINDOW
[INFO ][2015-12-04 19:11:20,701][com.java.SeleniumDriver] [  908] -  RESULT true
[INFO ][2015-12-04 19:11:20,701][com.java.SeleniumDriver] [ 1114] - ?   P A S S   ?
[INFO ][2015-12-04 19:11:20,701][com.java.SeleniumDriver] [  835] - ------------------------------------------
[INFO ][2015-12-04 19:11:20,701][com.java.SeleniumDriver] [  836] - Test case being Executed: 2
[INFO ][2015-12-04 19:11:20,701][com.java.SeleniumDriver] [  847] - Test step:8
[INFO ][2015-12-04 19:11:20,701][com.java.SeleniumDriver] [  859] - Datavalue is----------null
[DEBUG][2015-12-04 19:11:20,701][com.java.SeleniumDriver] [  877] - Exception: null
[INFO ][2015-12-04 19:11:20,701][com.java.SeleniumDriver] [  883] - DataField : BTNframeDialogContent
[INFO ][2015-12-04 19:11:20,701][com.java.SeleniumDriver] [  885] - DataValue : 
[INFO ][2015-12-04 19:11:20,701][com.java.SeleniumDriver] [  891] - <In Set values of the page>
[INFO ][2015-12-04 19:11:20,701][com.java.SeleniumDriver] [  894] - {Data Fields & Data Values Exist}
[INFO ][2015-12-04 19:11:20,701][com.java.SeleniumDriver] [  896] - --------------------------setting values-----------------------------
[INFO ][2015-12-04 19:11:20,701][com.java.SeleniumDriver] [  899] - Action Type : WAITFORELEMENT
[DEBUG][2015-12-04 19:12:14,255][com.java.TestType] [ 6342] - frameDialogContent   :: Element not Found
[INFO ][2015-12-04 19:12:14,255][com.java.SeleniumDriver] [  908] -  RESULT false
[INFO ][2015-12-04 19:12:14,255][com.java.SeleniumDriver] [  955] - ?   F A I L   ?
[INFO ][2015-12-04 19:12:14,255][com.java.SeleniumDriver] [  963] - Browser Type : IE10
[INFO ][2015-12-04 19:12:14,255][com.java.SeleniumDriver] [  964] - Adding Failed case2
[INFO ][2015-12-04 19:12:14,847][com.java.SeleniumDriver] [ 1078] - failedCases = 2
[ERROR][2015-12-04 19:12:14,847][com.java.SeleniumDriver] [ 1575] - Platform Errors : Our apologies...::We have encountered an issue with your request.::Our apologies?:We encountered an issue with your request.
[INFO ][2015-12-04 19:12:14,847][com.java.SeleniumDriver] [ 1579] - Length =3
[ERROR][2015-12-04 19:12:14,847][com.java.SeleniumDriver] [ 1582] - Error 0 = Our apologies...
[ERROR][2015-12-04 19:12:14,881][com.java.SeleniumDriver] [ 1582] - Error 1 = We have encountered an issue with your request.
[ERROR][2015-12-04 19:12:14,909][com.java.SeleniumDriver] [ 1582] - Error 2 = Our apologies?:We encountered an issue with your request.
[INFO ][2015-12-04 19:12:14,948][com.java.SeleniumDriver] [ 1593] - strError:
[DEBUG][2015-12-04 19:12:14,961][com.java.SeleniumDriver] [ 1226] - Case found
[DEBUG][2015-12-04 19:12:14,961][com.java.SeleniumDriver] [ 1231] - Incrementing ReportCounters[0]:2
[INFO ][2015-12-04 19:12:14,961][com.java.SeleniumDriver] [ 1250] - The results are-------------------[2, 8, Projectioans: Forecasting, Fail, 
Test case failed at Step No. :: 8   Error Message ::  frameDialogContent   :: Element not Found. Screen Shot : D:\BankersDashboard\TestReports\120415\2_120415_191214_IE10.png, Fri Dec 04 19:12:14 IST 2015]
[INFO ][2015-12-04 19:12:14,961][com.java.SeleniumDriver] [ 1254] - End time is-------2 min 55 sec
[INFO ][2015-12-04 19:12:14,961][com.java.SeleniumDriver] [ 1255] - The results are-------------------[2, 8, Projectioans: Forecasting, Fail, 
Test case failed at Step No. :: 8   Error Message ::  frameDialogContent   :: Element not Found. Screen Shot : D:\BankersDashboard\TestReports\120415\2_120415_191214_IE10.png, Fri Dec 04 19:12:14 IST 2015]
[DEBUG][2015-12-04 19:12:14,961][com.java.ImportnExport.ExportTestResultsExcel] [  222] - testResultPath = D:\BankersDashboard/TestReports/Test Results_BankersDashBoard_120415_190922_IE10_Any Bank USA.xls
[DEBUG][2015-12-04 19:12:14,961][com.java.ImportnExport.ExportTestResultsExcel] [  223] - browser is------------IE10
[DEBUG][2015-12-04 19:12:14,963][com.java.ImportnExport.ExportTestResultsExcel] [  270] - result.size() = 6
[DEBUG][2015-12-04 19:12:14,963][com.java.ImportnExport.ExportTestResultsExcel] [  274] - No of rows in sheet=2
[DEBUG][2015-12-04 19:12:14,963][com.java.ImportnExport.ExportTestResultsExcel] [  301] - ..in export..2
[DEBUG][2015-12-04 19:12:14,963][com.java.ImportnExport.ExportTestResultsExcel] [  301] - ..in export..Projectioans: Forecasting
[DEBUG][2015-12-04 19:12:14,963][com.java.ImportnExport.ExportTestResultsExcel] [  301] - ..in export..Fail
[DEBUG][2015-12-04 19:12:14,963][com.java.ImportnExport.ExportTestResultsExcel] [  301] - ..in export..
Test case failed at Step No. :: 8   Error Message ::  frameDialogContent   :: Element not Found. Screen Shot : D:\BankersDashboard\TestReports\120415\2_120415_191214_IE10.png
[DEBUG][2015-12-04 19:12:14,963][com.java.ImportnExport.ExportTestResultsExcel] [  301] - ..in export..Fri Dec 04 19:12:14 IST 2015
[INFO ][2015-12-04 19:12:14,966][com.java.SeleniumDriver] [ 1313] - out loop:1 size:12 TestCases:[1, 2, 3, 4, 5, 6, 7, 8, 9, 10, 11, 12] testcases:[1, 2, 3, 4, 5, 6, 7, 8, 9, 10, 11, 12]
[INFO ][2015-12-04 19:12:14,966][com.java.ImportnExport.ImportTestDataDetailsExcel] [   49] - test data details path===== D:\BankersDashboard\TestInputs\TestData.xls
[INFO ][2015-12-04 19:15:02,512][com.java.SeleniumDriver] [  754] - Test cases to be executed are: [1, 2, 3, 4, 5, 6, 7, 8, 9, 10, 11, 12]
[INFO ][2015-12-04 19:15:02,512][com.java.ImportnExport.ImportTestDataDetailsExcel] [   49] - test data details path===== D:\BankersDashboard\TestInputs\TestData.xls
[INFO ][2015-12-04 19:15:40,036][com.java.SeleniumDriver] [  837] - ------------------------------------------
[INFO ][2015-12-04 19:15:40,036][com.java.SeleniumDriver] [  838] - Test case being Executed: 3
[INFO ][2015-12-04 19:15:40,036][com.java.SeleniumDriver] [  849] - Test step:1
[INFO ][2015-12-04 19:15:40,036][com.java.SeleniumDriver] [  861] - Datavalue is----------test
[INFO ][2015-12-04 19:15:40,036][com.java.SeleniumDriver] [  885] - DataField : test
[INFO ][2015-12-04 19:15:40,036][com.java.SeleniumDriver] [  887] - DataValue : test
[INFO ][2015-12-04 19:15:40,036][com.java.SeleniumDriver] [  893] - <In Set values of the page>
[INFO ][2015-12-04 19:15:40,036][com.java.SeleniumDriver] [  896] - {Data Fields & Data Values Exist}
[INFO ][2015-12-04 19:15:40,036][com.java.SeleniumDriver] [  898] - --------------------------setting values-----------------------------
[INFO ][2015-12-04 19:15:40,036][com.java.SeleniumDriver] [  901] - Action Type : SELECTMAINWINDOWANDCLOSEOTHER
[INFO ][2015-12-04 19:15:50,063][com.java.SeleniumDriver] [  910] -  RESULT true
[INFO ][2015-12-04 19:15:50,063][com.java.SeleniumDriver] [ 1116] - ?   P A S S   ?
[INFO ][2015-12-04 19:15:50,063][com.java.SeleniumDriver] [  837] - ------------------------------------------
[INFO ][2015-12-04 19:15:50,063][com.java.SeleniumDriver] [  838] - Test case being Executed: 3
[INFO ][2015-12-04 19:15:50,063][com.java.SeleniumDriver] [  849] - Test step:2
[INFO ][2015-12-04 19:15:50,063][com.java.SeleniumDriver] [  861] - Datavalue is----------Logout
[INFO ][2015-12-04 19:15:50,063][com.java.SeleniumDriver] [  885] - DataField : BTN
[INFO ][2015-12-04 19:15:50,063][com.java.SeleniumDriver] [  887] - DataValue : Logout
[INFO ][2015-12-04 19:15:50,063][com.java.SeleniumDriver] [  893] - <In Set values of the page>
[INFO ][2015-12-04 19:15:50,063][com.java.SeleniumDriver] [  896] - {Data Fields & Data Values Exist}
[INFO ][2015-12-04 19:15:50,063][com.java.SeleniumDriver] [  898] - --------------------------setting values-----------------------------
[INFO ][2015-12-04 19:15:50,063][com.java.SeleniumDriver] [  901] - Action Type : Verify
[INFO ][2015-12-04 19:15:50,063][com.java.TestType] [ 6624] - field= BTN value= Logout
[INFO ][2015-12-04 19:15:50,063][com.java.TestType] [ 5433] - value = Logout
[DEBUG][2015-12-04 19:15:52,107][com.java.TestType] [ 6342] - Logout   :: Element not Found
[ERROR][2015-12-04 19:15:52,123][com.java.TestType] [ 7335] - Assertion Error: 
[INFO ][2015-12-04 19:15:52,123][com.java.SeleniumDriver] [  910] -  RESULT false
[INFO ][2015-12-04 19:15:52,123][com.java.SeleniumDriver] [  957] - ?   F A I L   ?
[INFO ][2015-12-04 19:15:52,123][com.java.SeleniumDriver] [  965] - Browser Type : IE10
[INFO ][2015-12-04 19:15:52,123][com.java.SeleniumDriver] [  966] - Adding Failed case3
[WARN ][2015-12-04 19:15:52,136][com.java.SeleniumDriver] [ 1026] - Source 'D:\BankersDashboard\TestReports\120415' exists but is a directory
[DEBUG][2015-12-04 19:15:52,136][com.java.SeleniumDriver] [ 1034] -  tdd.getCondition() IF:4:Next
[INFO ][2015-12-04 19:15:52,136][com.java.SeleniumDriver] [ 1038] - Continue next step...
[INFO ][2015-12-04 19:15:52,136][com.java.SeleniumDriver] [  837] - ------------------------------------------
[INFO ][2015-12-04 19:15:52,136][com.java.SeleniumDriver] [  838] - Test case being Executed: 3
[INFO ][2015-12-04 19:15:52,136][com.java.SeleniumDriver] [  849] - Test step:3
[INFO ][2015-12-04 19:15:52,136][com.java.SeleniumDriver] [  861] - Datavalue is----------Concept#1:1-14
[INFO ][2015-12-04 19:15:52,136][com.java.SeleniumDriver] [  885] - DataField : test
[INFO ][2015-12-04 19:15:52,136][com.java.SeleniumDriver] [  887] - DataValue : Concept#1:1-14
[INFO ][2015-12-04 19:15:52,136][com.java.SeleniumDriver] [  893] - <In Set values of the page>
[INFO ][2015-12-04 19:15:52,136][com.java.SeleniumDriver] [  896] - {Data Fields & Data Values Exist}
[INFO ][2015-12-04 19:15:52,136][com.java.SeleniumDriver] [  898] - --------------------------setting values-----------------------------
[INFO ][2015-12-04 19:15:52,136][com.java.SeleniumDriver] [  901] - Action Type : ExecuteTestCase
[INFO ][2015-12-04 19:15:52,139][com.java.TestType] [  436] - The Concept sheet name is ---------- Concept
[INFO ][2015-12-04 19:15:52,139][com.java.TestType] [  439] - The Concept ID  is ---------- 1
[DEBUG][2015-12-04 19:15:52,139][com.java.TestType] [  443] - Steps being executted in the Concept are: 1:14
[INFO ][2015-12-04 19:15:52,139][com.java.TestType] [  450] - Test data details path ---------- D:\BankersDashboard\TestInputs\TestData.xls
[INFO ][2015-12-04 19:15:52,174][com.java.TestType] [  481] -  str(1) = 1
[INFO ][2015-12-04 19:15:52,174][com.java.TestType] [  484] - Test case Id is---1
[INFO ][2015-12-04 19:15:52,174][com.java.TestType] [  486] - 1
[INFO ][2015-12-04 19:15:52,174][com.java.TestType] [  481] -  str(2) = 1
[INFO ][2015-12-04 19:15:52,176][com.java.TestType] [  533] - row values are--------{1=com.java.Objects.TestDataDetails@1a96cf9}
[INFO ][2015-12-04 19:15:52,176][com.java.TestType] [  481] -  str(1) = 1
[INFO ][2015-12-04 19:15:52,176][com.java.TestType] [  484] - Test case Id is---1
[INFO ][2015-12-04 19:15:52,176][com.java.TestType] [  486] - 1
[INFO ][2015-12-04 19:15:52,176][com.java.TestType] [  481] -  str(2) = 2
[INFO ][2015-12-04 19:15:52,176][com.java.TestType] [  533] - row values are--------{1=com.java.Objects.TestDataDetails@1a96cf9, 2=com.java.Objects.TestDataDetails@aca568}
[INFO ][2015-12-04 19:15:52,176][com.java.TestType] [  481] -  str(1) = 1
[INFO ][2015-12-04 19:15:52,176][com.java.TestType] [  484] - Test case Id is---1
[INFO ][2015-12-04 19:15:52,176][com.java.TestType] [  486] - 1
[INFO ][2015-12-04 19:15:52,176][com.java.TestType] [  481] -  str(2) = 3
[INFO ][2015-12-04 19:15:52,179][com.java.TestType] [  533] - row values are--------{1=com.java.Objects.TestDataDetails@1a96cf9, 2=com.java.Objects.TestDataDetails@aca568, 3=com.java.Objects.TestDataDetails@162569b}
[INFO ][2015-12-04 19:15:52,179][com.java.TestType] [  481] -  str(1) = 1
[INFO ][2015-12-04 19:15:52,179][com.java.TestType] [  484] - Test case Id is---1
[INFO ][2015-12-04 19:15:52,179][com.java.TestType] [  486] - 1
[INFO ][2015-12-04 19:15:52,179][com.java.TestType] [  481] -  str(2) = 4
[INFO ][2015-12-04 19:15:52,179][com.java.TestType] [  533] - row values are--------{1=com.java.Objects.TestDataDetails@1a96cf9, 2=com.java.Objects.TestDataDetails@aca568, 3=com.java.Objects.TestDataDetails@162569b, 4=com.java.Objects.TestDataDetails@168efc}
[INFO ][2015-12-04 19:15:52,179][com.java.TestType] [  481] -  str(1) = 1
[INFO ][2015-12-04 19:15:52,179][com.java.TestType] [  484] - Test case Id is---1
[INFO ][2015-12-04 19:15:52,179][com.java.TestType] [  486] - 1
[INFO ][2015-12-04 19:15:52,179][com.java.TestType] [  481] -  str(2) = 5
[INFO ][2015-12-04 19:15:52,179][com.java.TestType] [  533] - row values are--------{1=com.java.Objects.TestDataDetails@1a96cf9, 2=com.java.Objects.TestDataDetails@aca568, 3=com.java.Objects.TestDataDetails@162569b, 4=com.java.Objects.TestDataDetails@168efc, 5=com.java.Objects.TestDataDetails@1f34f43}
[INFO ][2015-12-04 19:15:52,179][com.java.TestType] [  481] -  str(1) = 1
[INFO ][2015-12-04 19:15:52,179][com.java.TestType] [  484] - Test case Id is---1
[INFO ][2015-12-04 19:15:52,179][com.java.TestType] [  486] - 1
[INFO ][2015-12-04 19:15:52,179][com.java.TestType] [  481] -  str(2) = 6
[INFO ][2015-12-04 19:15:52,181][com.java.TestType] [  533] - row values are--------{1=com.java.Objects.TestDataDetails@1a96cf9, 2=com.java.Objects.TestDataDetails@aca568, 3=com.java.Objects.TestDataDetails@162569b, 4=com.java.Objects.TestDataDetails@168efc, 5=com.java.Objects.TestDataDetails@1f34f43, 6=com.java.Objects.TestDataDetails@96051d}
[INFO ][2015-12-04 19:15:52,181][com.java.TestType] [  481] -  str(1) = 1
[INFO ][2015-12-04 19:15:52,181][com.java.TestType] [  484] - Test case Id is---1
[INFO ][2015-12-04 19:15:52,181][com.java.TestType] [  486] - 1
[INFO ][2015-12-04 19:15:52,181][com.java.TestType] [  481] -  str(2) = 7
[INFO ][2015-12-04 19:15:52,181][com.java.TestType] [  533] - row values are--------{1=com.java.Objects.TestDataDetails@1a96cf9, 2=com.java.Objects.TestDataDetails@aca568, 3=com.java.Objects.TestDataDetails@162569b, 4=com.java.Objects.TestDataDetails@168efc, 5=com.java.Objects.TestDataDetails@1f34f43, 6=com.java.Objects.TestDataDetails@96051d, 7=com.java.Objects.TestDataDetails@736dd3}
[INFO ][2015-12-04 19:15:52,181][com.java.TestType] [  481] -  str(1) = 1
[INFO ][2015-12-04 19:15:52,181][com.java.TestType] [  484] - Test case Id is---1
[INFO ][2015-12-04 19:15:52,181][com.java.TestType] [  486] - 1
[INFO ][2015-12-04 19:15:52,181][com.java.TestType] [  481] -  str(2) = 8
[INFO ][2015-12-04 19:15:52,181][com.java.TestType] [  533] - row values are--------{1=com.java.Objects.TestDataDetails@1a96cf9, 2=com.java.Objects.TestDataDetails@aca568, 3=com.java.Objects.TestDataDetails@162569b, 4=com.java.Objects.TestDataDetails@168efc, 5=com.java.Objects.TestDataDetails@1f34f43, 6=com.java.Objects.TestDataDetails@96051d, 7=com.java.Objects.TestDataDetails@736dd3, 8=com.java.Objects.TestDataDetails@7f2eb9}
[INFO ][2015-12-04 19:15:52,181][com.java.TestType] [  481] -  str(1) = 1
[INFO ][2015-12-04 19:15:52,181][com.java.TestType] [  484] - Test case Id is---1
[INFO ][2015-12-04 19:15:52,181][com.java.TestType] [  486] - 1
[INFO ][2015-12-04 19:15:52,181][com.java.TestType] [  481] -  str(2) = 9
[INFO ][2015-12-04 19:15:52,184][com.java.TestType] [  533] - row values are--------{1=com.java.Objects.TestDataDetails@1a96cf9, 2=com.java.Objects.TestDataDetails@aca568, 3=com.java.Objects.TestDataDetails@162569b, 4=com.java.Objects.TestDataDetails@168efc, 5=com.java.Objects.TestDataDetails@1f34f43, 6=com.java.Objects.TestDataDetails@96051d, 7=com.java.Objects.TestDataDetails@736dd3, 8=com.java.Objects.TestDataDetails@7f2eb9, 9=com.java.Objects.TestDataDetails@a8a37d}
[INFO ][2015-12-04 19:15:52,184][com.java.TestType] [  481] -  str(1) = 1
[INFO ][2015-12-04 19:15:52,184][com.java.TestType] [  484] - Test case Id is---1
[INFO ][2015-12-04 19:15:52,184][com.java.TestType] [  486] - 1
[INFO ][2015-12-04 19:15:52,184][com.java.TestType] [  481] -  str(2) = 10
[INFO ][2015-12-04 19:15:52,184][com.java.TestType] [  533] - row values are--------{1=com.java.Objects.TestDataDetails@1a96cf9, 2=com.java.Objects.TestDataDetails@aca568, 3=com.java.Objects.TestDataDetails@162569b, 4=com.java.Objects.TestDataDetails@168efc, 5=com.java.Objects.TestDataDetails@1f34f43, 6=com.java.Objects.TestDataDetails@96051d, 7=com.java.Objects.TestDataDetails@736dd3, 8=com.java.Objects.TestDataDetails@7f2eb9, 9=com.java.Objects.TestDataDetails@a8a37d, 10=com.java.Objects.TestDataDetails@51858e}
[INFO ][2015-12-04 19:15:52,184][com.java.TestType] [  481] -  str(1) = 1
[INFO ][2015-12-04 19:15:52,184][com.java.TestType] [  484] - Test case Id is---1
[INFO ][2015-12-04 19:15:52,184][com.java.TestType] [  486] - 1
[INFO ][2015-12-04 19:15:52,184][com.java.TestType] [  481] -  str(2) = 11
[INFO ][2015-12-04 19:15:52,184][com.java.TestType] [  533] - row values are--------{1=com.java.Objects.TestDataDetails@1a96cf9, 2=com.java.Objects.TestDataDetails@aca568, 3=com.java.Objects.TestDataDetails@162569b, 4=com.java.Objects.TestDataDetails@168efc, 5=com.java.Objects.TestDataDetails@1f34f43, 6=com.java.Objects.TestDataDetails@96051d, 7=com.java.Objects.TestDataDetails@736dd3, 8=com.java.Objects.TestDataDetails@7f2eb9, 9=com.java.Objects.TestDataDetails@a8a37d, 10=com.java.Objects.TestDataDetails@51858e, 11=com.java.Objects.TestDataDetails@187a50b}
[INFO ][2015-12-04 19:15:52,184][com.java.TestType] [  481] -  str(1) = 1
[INFO ][2015-12-04 19:15:52,184][com.java.TestType] [  484] - Test case Id is---1
[INFO ][2015-12-04 19:15:52,184][com.java.TestType] [  486] - 1
[INFO ][2015-12-04 19:15:52,186][com.java.TestType] [  481] -  str(2) = 12
[INFO ][2015-12-04 19:15:52,186][com.java.TestType] [  533] - row values are--------{1=com.java.Objects.TestDataDetails@1a96cf9, 2=com.java.Objects.TestDataDetails@aca568, 3=com.java.Objects.TestDataDetails@162569b, 4=com.java.Objects.TestDataDetails@168efc, 5=com.java.Objects.TestDataDetails@1f34f43, 6=com.java.Objects.TestDataDetails@96051d, 7=com.java.Objects.TestDataDetails@736dd3, 8=com.java.Objects.TestDataDetails@7f2eb9, 9=com.java.Objects.TestDataDetails@a8a37d, 10=com.java.Objects.TestDataDetails@51858e, 11=com.java.Objects.TestDataDetails@187a50b, 12=com.java.Objects.TestDataDetails@af61a4}
[INFO ][2015-12-04 19:15:52,186][com.java.TestType] [  481] -  str(1) = 1
[INFO ][2015-12-04 19:15:52,186][com.java.TestType] [  484] - Test case Id is---1
[INFO ][2015-12-04 19:15:52,186][com.java.TestType] [  486] - 1
[INFO ][2015-12-04 19:15:52,186][com.java.TestType] [  481] -  str(2) = 13
[INFO ][2015-12-04 19:15:52,186][com.java.TestType] [  533] - row values are--------{1=com.java.Objects.TestDataDetails@1a96cf9, 2=com.java.Objects.TestDataDetails@aca568, 3=com.java.Objects.TestDataDetails@162569b, 4=com.java.Objects.TestDataDetails@168efc, 5=com.java.Objects.TestDataDetails@1f34f43, 6=com.java.Objects.TestDataDetails@96051d, 7=com.java.Objects.TestDataDetails@736dd3, 8=com.java.Objects.TestDataDetails@7f2eb9, 9=com.java.Objects.TestDataDetails@a8a37d, 10=com.java.Objects.TestDataDetails@51858e, 11=com.java.Objects.TestDataDetails@187a50b, 12=com.java.Objects.TestDataDetails@af61a4, 13=com.java.Objects.TestDataDetails@10bfb1a}
[INFO ][2015-12-04 19:15:52,186][com.java.TestType] [  481] -  str(1) = 1
[INFO ][2015-12-04 19:15:52,186][com.java.TestType] [  484] - Test case Id is---1
[INFO ][2015-12-04 19:15:52,189][com.java.TestType] [  486] - 1
[INFO ][2015-12-04 19:15:52,189][com.java.TestType] [  481] -  str(2) = 14
[INFO ][2015-12-04 19:15:52,189][com.java.TestType] [  533] - row values are--------{1=com.java.Objects.TestDataDetails@1a96cf9, 2=com.java.Objects.TestDataDetails@aca568, 3=com.java.Objects.TestDataDetails@162569b, 4=com.java.Objects.TestDataDetails@168efc, 5=com.java.Objects.TestDataDetails@1f34f43, 6=com.java.Objects.TestDataDetails@96051d, 7=com.java.Objects.TestDataDetails@736dd3, 8=com.java.Objects.TestDataDetails@7f2eb9, 9=com.java.Objects.TestDataDetails@a8a37d, 10=com.java.Objects.TestDataDetails@51858e, 11=com.java.Objects.TestDataDetails@187a50b, 12=com.java.Objects.TestDataDetails@af61a4, 13=com.java.Objects.TestDataDetails@10bfb1a, 14=com.java.Objects.TestDataDetails@6e1bec}
[INFO ][2015-12-04 19:15:52,189][com.java.TestType] [ 9932] - Looping 1TCID = 1
[DEBUG][2015-12-04 19:15:52,189][com.java.TestType] [ 9973] - Concept ID:1 :: Step being Executed: 1::1
[INFO ][2015-12-04 19:15:52,189][com.java.TestType] [10011] - dataFields : TXTusername
[DEBUG][2015-12-04 19:15:52,189][com.java.TestType] [10017] - <In Set values of the page>
[DEBUG][2015-12-04 19:15:52,189][com.java.TestType] [10022] - {Data Fields & Data Values Exist}
[INFO ][2015-12-04 19:15:52,189][com.java.TestType] [10028] - --------------------------setting values-----------------------------
[INFO ][2015-12-04 19:15:52,189][com.java.TestType] [10031] - Action Type : CLEARANDENTER
[INFO ][2015-12-04 19:15:52,189][com.java.TestType] [ 5433] - value = naresh.nayini.00000
[ERROR][2015-12-04 19:15:52,206][com.java.TestType] [ 6286] - Exception in clearAndEnter: null
[DEBUG][2015-12-04 19:15:52,206][com.java.TestType] [ 6290] - For ENTER action type the data field should be TXT
[INFO ][2015-12-04 19:15:52,206][com.java.TestType] [10050] -  RESULT false
[INFO ][2015-12-04 19:15:52,206][com.java.TestType] [10088] - ?   F A I L   ?
[DEBUG][2015-12-04 19:15:52,206][com.java.TestType] [10091] - Browser Type : IE10
[INFO ][2015-12-04 19:15:52,211][com.java.SeleniumDriver] [  910] -  RESULT false
[INFO ][2015-12-04 19:15:52,211][com.java.SeleniumDriver] [  957] - ?   F A I L   ?
[INFO ][2015-12-04 19:15:52,211][com.java.SeleniumDriver] [  965] - Browser Type : IE10
[INFO ][2015-12-04 19:15:52,211][com.java.SeleniumDriver] [  966] - Adding Failed case3
[WARN ][2015-12-04 19:15:52,224][com.java.SeleniumDriver] [ 1026] - Source 'D:\BankersDashboard\TestReports\120415' exists but is a directory
[INFO ][2015-12-04 19:15:52,224][com.java.SeleniumDriver] [ 1080] - failedCases = 2-3
[ERROR][2015-12-04 19:15:52,224][com.java.SeleniumDriver] [ 1577] - Platform Errors : Our apologies...::We have encountered an issue with your request.::Our apologies?:We encountered an issue with your request.
[INFO ][2015-12-04 19:15:52,224][com.java.SeleniumDriver] [ 1581] - Length =3
[ERROR][2015-12-04 19:15:52,224][com.java.SeleniumDriver] [ 1584] - Error 0 = Our apologies...
[ERROR][2015-12-04 19:15:52,239][com.java.SeleniumDriver] [ 1598] - Unable to get browser (WARNING: The server did not provide any stacktrace information)
Command duration or timeout: 12 milliseconds
Build info: version: '2.48.2', revision: '41bccdd', time: '2015-10-09 19:59:12'
System info: host: 'FVTIII438F1D', ip: '172.17.68.34', os.name: 'Windows 7', os.arch: 'x86', os.version: '6.1', java.version: '1.7.0_55'
Session ID: 4a5d75ac-3653-4f5e-b70e-2bd831bb078e
Driver info: org.openqa.selenium.ie.InternetExplorerDriver
Capabilities [{platform=WINDOWS, javascriptEnabled=true, elementScrollBehavior=0, ignoreZoomSetting=false, enablePersistentHover=true, ie.ensureCleanSession=false, browserName=internet explorer, enableElementCacheCleanup=true, unexpectedAlertBehaviour=dismiss, version=10, ie.usePerProcessProxy=false, ignoreProtectedModeSettings=true, cssSelectorsEnabled=true, requireWindowFocus=false, initialBrowserUrl=http://localhost:28891/, handlesAlerts=true, ie.forceCreateProcessApi=false, nativeEvents=true, browserAttachTimeout=0, ie.browserCommandLineSwitches=, takesScreenshot=true}]
[INFO ][2015-12-04 19:15:52,239][com.java.SeleniumDriver] [ 1600] - FindPlatformErrors exception: Unable to get browser (WARNING: The server did not provide any stacktrace information)
Command duration or timeout: 12 milliseconds
Build info: version: '2.48.2', revision: '41bccdd', time: '2015-10-09 19:59:12'
System info: host: 'FVTIII438F1D', ip: '172.17.68.34', os.name: 'Windows 7', os.arch: 'x86', os.version: '6.1', java.version: '1.7.0_55'
Session ID: 4a5d75ac-3653-4f5e-b70e-2bd831bb078e
Driver info: org.openqa.selenium.ie.InternetExplorerDriver
Capabilities [{platform=WINDOWS, javascriptEnabled=true, elementScrollBehavior=0, ignoreZoomSetting=false, enablePersistentHover=true, ie.ensureCleanSession=false, browserName=internet explorer, enableElementCacheCleanup=true, unexpectedAlertBehaviour=dismiss, version=10, ie.usePerProcessProxy=false, ignoreProtectedModeSettings=true, cssSelectorsEnabled=true, requireWindowFocus=false, initialBrowserUrl=http://localhost:28891/, handlesAlerts=true, ie.forceCreateProcessApi=false, nativeEvents=true, browserAttachTimeout=0, ie.browserCommandLineSwitches=, takesScreenshot=true}]
[DEBUG][2015-12-04 19:15:52,239][com.java.SeleniumDriver] [ 1602] - Unable to get the Platform Error list from Hash Map.
[ERROR][2015-12-04 19:15:52,239][com.java.SeleniumDriver] [ 1198] - 
[INFO ][2015-12-04 19:15:52,239][com.java.SeleniumDriver] [  837] - ------------------------------------------
[INFO ][2015-12-04 19:15:52,239][com.java.SeleniumDriver] [  838] - Test case being Executed: 3
[INFO ][2015-12-04 19:15:52,239][com.java.SeleniumDriver] [  849] - Test step:4
[INFO ][2015-12-04 19:15:52,239][com.java.SeleniumDriver] [  861] - Datavalue is----------Concept#2:1-2
[INFO ][2015-12-04 19:15:52,239][com.java.SeleniumDriver] [  885] - DataField : test
[INFO ][2015-12-04 19:15:52,239][com.java.SeleniumDriver] [  887] - DataValue : Concept#2:1-2
[INFO ][2015-12-04 19:15:52,239][com.java.SeleniumDriver] [  893] - <In Set values of the page>
[INFO ][2015-12-04 19:15:52,239][com.java.SeleniumDriver] [  896] - {Data Fields & Data Values Exist}
[INFO ][2015-12-04 19:15:52,239][com.java.SeleniumDriver] [  898] - --------------------------setting values-----------------------------
[INFO ][2015-12-04 19:15:52,239][com.java.SeleniumDriver] [  901] - Action Type : ExecuteTestCase
[INFO ][2015-12-04 19:15:52,239][com.java.TestType] [  436] - The Concept sheet name is ---------- Concept
[INFO ][2015-12-04 19:15:52,239][com.java.TestType] [  439] - The Concept ID  is ---------- 2
[DEBUG][2015-12-04 19:15:52,241][com.java.TestType] [  443] - Steps being executted in the Concept are: 1:2
[INFO ][2015-12-04 19:15:52,241][com.java.TestType] [  450] - Test data details path ---------- D:\BankersDashboard\TestInputs\TestData.xls
[INFO ][2015-12-04 19:15:52,271][com.java.TestType] [  481] -  str(1) = 2
[INFO ][2015-12-04 19:15:52,271][com.java.TestType] [  484] - Test case Id is---2
[INFO ][2015-12-04 19:15:52,271][com.java.TestType] [  486] - 2
[INFO ][2015-12-04 19:15:52,271][com.java.TestType] [  481] -  str(2) = 1
[INFO ][2015-12-04 19:15:52,274][com.java.TestType] [  533] - row values are--------{1=com.java.Objects.TestDataDetails@1ec049}
[INFO ][2015-12-04 19:15:52,274][com.java.TestType] [  481] -  str(1) = 2
[INFO ][2015-12-04 19:15:52,274][com.java.TestType] [  484] - Test case Id is---2
[INFO ][2015-12-04 19:15:52,274][com.java.TestType] [  486] - 2
[INFO ][2015-12-04 19:15:52,274][com.java.TestType] [  481] -  str(2) = 2
[INFO ][2015-12-04 19:15:52,274][com.java.TestType] [  533] - row values are--------{1=com.java.Objects.TestDataDetails@1ec049, 2=com.java.Objects.TestDataDetails@12379f2}
[INFO ][2015-12-04 19:15:52,274][com.java.TestType] [  481] -  str(1) = 2
[INFO ][2015-12-04 19:15:52,274][com.java.TestType] [  484] - Test case Id is---2
[INFO ][2015-12-04 19:15:52,274][com.java.TestType] [  486] - 2
[INFO ][2015-12-04 19:15:52,274][com.java.TestType] [  481] -  str(2) = 3
[INFO ][2015-12-04 19:15:52,276][com.java.TestType] [  533] - row values are--------{1=com.java.Objects.TestDataDetails@1ec049, 2=com.java.Objects.TestDataDetails@12379f2, 3=com.java.Objects.TestDataDetails@18da1f8}
[INFO ][2015-12-04 19:15:52,276][com.java.TestType] [ 9932] - Looping 1TCID = 2
[DEBUG][2015-12-04 19:15:52,276][com.java.TestType] [ 9973] - Concept ID:2 :: Step being Executed: 2::1
[INFO ][2015-12-04 19:15:52,276][com.java.TestType] [10011] - dataFields : BNK//select[@id='bank']
[DEBUG][2015-12-04 19:15:52,276][com.java.TestType] [10017] - <In Set values of the page>
[DEBUG][2015-12-04 19:15:52,276][com.java.TestType] [10022] - {Data Fields & Data Values Exist}
[INFO ][2015-12-04 19:15:52,276][com.java.TestType] [10028] - --------------------------setting values-----------------------------
[INFO ][2015-12-04 19:15:52,276][com.java.TestType] [10031] - Action Type : Select
[INFO ][2015-12-04 19:15:52,276][com.java.TestType] [ 5433] - value = PFC
[ERROR][2015-12-04 19:15:52,294][com.java.TestType] [ 5647] - Unable to perform Action Select null
[INFO ][2015-12-04 19:15:52,294][com.java.TestType] [10050] -  RESULT false
[INFO ][2015-12-04 19:15:52,294][com.java.TestType] [10088] - ?   F A I L   ?
[DEBUG][2015-12-04 19:15:52,294][com.java.TestType] [10091] - Browser Type : IE10
[INFO ][2015-12-04 19:15:52,296][com.java.SeleniumDriver] [  910] -  RESULT false
[INFO ][2015-12-04 19:15:52,296][com.java.SeleniumDriver] [  957] - ?   F A I L   ?
[INFO ][2015-12-04 19:15:52,296][com.java.SeleniumDriver] [  965] - Browser Type : IE10
[INFO ][2015-12-04 19:15:52,296][com.java.SeleniumDriver] [  966] - Adding Failed case3
[WARN ][2015-12-04 19:15:52,309][com.java.SeleniumDriver] [ 1026] - Source 'D:\BankersDashboard\TestReports\120415' exists but is a directory
[INFO ][2015-12-04 19:15:52,309][com.java.SeleniumDriver] [ 1080] - failedCases = 2-3,3
[ERROR][2015-12-04 19:15:52,309][com.java.SeleniumDriver] [ 1577] - Platform Errors : Our apologies...::We have encountered an issue with your request.::Our apologies?:We encountered an issue with your request.
[INFO ][2015-12-04 19:15:52,309][com.java.SeleniumDriver] [ 1581] - Length =3
[ERROR][2015-12-04 19:15:52,309][com.java.SeleniumDriver] [ 1584] - Error 0 = Our apologies...
[ERROR][2015-12-04 19:15:52,321][com.java.SeleniumDriver] [ 1598] - Unable to get browser (WARNING: The server did not provide any stacktrace information)
Command duration or timeout: 12 milliseconds
Build info: version: '2.48.2', revision: '41bccdd', time: '2015-10-09 19:59:12'
System info: host: 'FVTIII438F1D', ip: '172.17.68.34', os.name: 'Windows 7', os.arch: 'x86', os.version: '6.1', java.version: '1.7.0_55'
Session ID: 4a5d75ac-3653-4f5e-b70e-2bd831bb078e
Driver info: org.openqa.selenium.ie.InternetExplorerDriver
Capabilities [{platform=WINDOWS, javascriptEnabled=true, elementScrollBehavior=0, ignoreZoomSetting=false, enablePersistentHover=true, ie.ensureCleanSession=false, browserName=internet explorer, enableElementCacheCleanup=true, unexpectedAlertBehaviour=dismiss, version=10, ie.usePerProcessProxy=false, ignoreProtectedModeSettings=true, cssSelectorsEnabled=true, requireWindowFocus=false, initialBrowserUrl=http://localhost:28891/, handlesAlerts=true, ie.forceCreateProcessApi=false, nativeEvents=true, browserAttachTimeout=0, ie.browserCommandLineSwitches=, takesScreenshot=true}]
[INFO ][2015-12-04 19:15:52,321][com.java.SeleniumDriver] [ 1600] - FindPlatformErrors exception: Unable to get browser (WARNING: The server did not provide any stacktrace information)
Command duration or timeout: 12 milliseconds
Build info: version: '2.48.2', revision: '41bccdd', time: '2015-10-09 19:59:12'
System info: host: 'FVTIII438F1D', ip: '172.17.68.34', os.name: 'Windows 7', os.arch: 'x86', os.version: '6.1', java.version: '1.7.0_55'
Session ID: 4a5d75ac-3653-4f5e-b70e-2bd831bb078e
Driver info: org.openqa.selenium.ie.InternetExplorerDriver
Capabilities [{platform=WINDOWS, javascriptEnabled=true, elementScrollBehavior=0, ignoreZoomSetting=false, enablePersistentHover=true, ie.ensureCleanSession=false, browserName=internet explorer, enableElementCacheCleanup=true, unexpectedAlertBehaviour=dismiss, version=10, ie.usePerProcessProxy=false, ignoreProtectedModeSettings=true, cssSelectorsEnabled=true, requireWindowFocus=false, initialBrowserUrl=http://localhost:28891/, handlesAlerts=true, ie.forceCreateProcessApi=false, nativeEvents=true, browserAttachTimeout=0, ie.browserCommandLineSwitches=, takesScreenshot=true}]
[DEBUG][2015-12-04 19:15:52,324][com.java.SeleniumDriver] [ 1602] - Unable to get the Platform Error list from Hash Map.
[ERROR][2015-12-04 19:15:52,324][com.java.SeleniumDriver] [ 1198] - 
[INFO ][2015-12-04 19:15:52,324][com.java.SeleniumDriver] [  837] - ------------------------------------------
[INFO ][2015-12-04 19:15:52,324][com.java.SeleniumDriver] [  838] - Test case being Executed: 3
[INFO ][2015-12-04 19:15:52,324][com.java.SeleniumDriver] [  849] - Test step:5
[INFO ][2015-12-04 19:15:52,324][com.java.SeleniumDriver] [  861] - Datavalue is----------null
[DEBUG][2015-12-04 19:15:52,324][com.java.SeleniumDriver] [  879] - Exception: null
[INFO ][2015-12-04 19:15:52,324][com.java.SeleniumDriver] [  885] - DataField : //span[@class='icon-stats']&&//a[@data-id="Forecasting"]
[INFO ][2015-12-04 19:15:52,326][com.java.SeleniumDriver] [  887] - DataValue : 
[INFO ][2015-12-04 19:15:52,326][com.java.SeleniumDriver] [  893] - <In Set values of the page>
[INFO ][2015-12-04 19:15:52,326][com.java.SeleniumDriver] [  896] - {Data Fields & Data Values Exist}
[INFO ][2015-12-04 19:15:52,326][com.java.SeleniumDriver] [  898] - --------------------------setting values-----------------------------
[INFO ][2015-12-04 19:15:52,326][com.java.SeleniumDriver] [  901] - Action Type : MOUSEOVER
[ERROR][2015-12-04 19:15:52,341][com.java.TestType] [ 2427] - exception value : Unable to get browser (WARNING: The server did not provide any stacktrace information)
Command duration or timeout: 13 milliseconds
Build info: version: '2.48.2', revision: '41bccdd', time: '2015-10-09 19:59:12'
System info: host: 'FVTIII438F1D', ip: '172.17.68.34', os.name: 'Windows 7', os.arch: 'x86', os.version: '6.1', java.version: '1.7.0_55'
Session ID: 4a5d75ac-3653-4f5e-b70e-2bd831bb078e
Driver info: org.openqa.selenium.ie.InternetExplorerDriver
Capabilities [{platform=WINDOWS, javascriptEnabled=true, elementScrollBehavior=0, ignoreZoomSetting=false, enablePersistentHover=true, ie.ensureCleanSession=false, browserName=internet explorer, enableElementCacheCleanup=true, unexpectedAlertBehaviour=dismiss, version=10, ie.usePerProcessProxy=false, ignoreProtectedModeSettings=true, cssSelectorsEnabled=true, requireWindowFocus=false, initialBrowserUrl=http://localhost:28891/, handlesAlerts=true, ie.forceCreateProcessApi=false, nativeEvents=true, browserAttachTimeout=0, ie.browserCommandLineSwitches=, takesScreenshot=true}]
[INFO ][2015-12-04 19:15:52,341][com.java.SeleniumDriver] [  910] -  RESULT false
[INFO ][2015-12-04 19:15:52,341][com.java.SeleniumDriver] [  957] - ?   F A I L   ?
[INFO ][2015-12-04 19:15:52,341][com.java.SeleniumDriver] [  965] - Browser Type : IE10
[INFO ][2015-12-04 19:15:52,341][com.java.SeleniumDriver] [  966] - Adding Failed case3
[WARN ][2015-12-04 19:15:52,354][com.java.SeleniumDriver] [ 1026] - Source 'D:\BankersDashboard\TestReports\120415' exists but is a directory
[INFO ][2015-12-04 19:15:52,354][com.java.SeleniumDriver] [ 1080] - failedCases = 2-3,3,3
[ERROR][2015-12-04 19:15:52,354][com.java.SeleniumDriver] [ 1577] - Platform Errors : Our apologies...::We have encountered an issue with your request.::Our apologies?:We encountered an issue with your request.
[INFO ][2015-12-04 19:15:52,354][com.java.SeleniumDriver] [ 1581] - Length =3
[ERROR][2015-12-04 19:15:52,354][com.java.SeleniumDriver] [ 1584] - Error 0 = Our apologies...
[ERROR][2015-12-04 19:15:52,366][com.java.SeleniumDriver] [ 1598] - Unable to get browser (WARNING: The server did not provide any stacktrace information)
Command duration or timeout: 12 milliseconds
Build info: version: '2.48.2', revision: '41bccdd', time: '2015-10-09 19:59:12'
System info: host: 'FVTIII438F1D', ip: '172.17.68.34', os.name: 'Windows 7', os.arch: 'x86', os.version: '6.1', java.version: '1.7.0_55'
Session ID: 4a5d75ac-3653-4f5e-b70e-2bd831bb078e
Driver info: org.openqa.selenium.ie.InternetExplorerDriver
Capabilities [{platform=WINDOWS, javascriptEnabled=true, elementScrollBehavior=0, ignoreZoomSetting=false, enablePersistentHover=true, ie.ensureCleanSession=false, browserName=internet explorer, enableElementCacheCleanup=true, unexpectedAlertBehaviour=dismiss, version=10, ie.usePerProcessProxy=false, ignoreProtectedModeSettings=true, cssSelectorsEnabled=true, requireWindowFocus=false, initialBrowserUrl=http://localhost:28891/, handlesAlerts=true, ie.forceCreateProcessApi=false, nativeEvents=true, browserAttachTimeout=0, ie.browserCommandLineSwitches=, takesScreenshot=true}]
[INFO ][2015-12-04 19:15:52,369][com.java.SeleniumDriver] [ 1600] - FindPlatformErrors exception: Unable to get browser (WARNING: The server did not provide any stacktrace information)
Command duration or timeout: 12 milliseconds
Build info: version: '2.48.2', revision: '41bccdd', time: '2015-10-09 19:59:12'
System info: host: 'FVTIII438F1D', ip: '172.17.68.34', os.name: 'Windows 7', os.arch: 'x86', os.version: '6.1', java.version: '1.7.0_55'
Session ID: 4a5d75ac-3653-4f5e-b70e-2bd831bb078e
Driver info: org.openqa.selenium.ie.InternetExplorerDriver
Capabilities [{platform=WINDOWS, javascriptEnabled=true, elementScrollBehavior=0, ignoreZoomSetting=false, enablePersistentHover=true, ie.ensureCleanSession=false, browserName=internet explorer, enableElementCacheCleanup=true, unexpectedAlertBehaviour=dismiss, version=10, ie.usePerProcessProxy=false, ignoreProtectedModeSettings=true, cssSelectorsEnabled=true, requireWindowFocus=false, initialBrowserUrl=http://localhost:28891/, handlesAlerts=true, ie.forceCreateProcessApi=false, nativeEvents=true, browserAttachTimeout=0, ie.browserCommandLineSwitches=, takesScreenshot=true}]
[DEBUG][2015-12-04 19:15:52,369][com.java.SeleniumDriver] [ 1602] - Unable to get the Platform Error list from Hash Map.
[ERROR][2015-12-04 19:15:52,369][com.java.SeleniumDriver] [ 1198] - 
[INFO ][2015-12-04 19:15:52,369][com.java.SeleniumDriver] [  837] - ------------------------------------------
[INFO ][2015-12-04 19:15:52,369][com.java.SeleniumDriver] [  838] - Test case being Executed: 3
[INFO ][2015-12-04 19:15:52,369][com.java.SeleniumDriver] [  849] - Test step:6
[INFO ][2015-12-04 19:15:52,369][com.java.SeleniumDriver] [  861] - Datavalue is----------5
[INFO ][2015-12-04 19:15:52,369][com.java.SeleniumDriver] [  885] - DataField : null
[INFO ][2015-12-04 19:15:52,369][com.java.SeleniumDriver] [  887] - DataValue : 5
[INFO ][2015-12-04 19:15:52,369][com.java.SeleniumDriver] [  893] - <In Set values of the page>
[INFO ][2015-12-04 19:15:52,369][com.java.SeleniumDriver] [  896] - {Data Fields & Data Values Exist}
[INFO ][2015-12-04 19:15:52,369][com.java.SeleniumDriver] [  898] - --------------------------setting values-----------------------------
[INFO ][2015-12-04 19:15:52,369][com.java.SeleniumDriver] [  901] - Action Type : WAITTIME
[DEBUG][2015-12-04 19:15:52,369][com.java.TestType] [ 5253] - sleepTime: 5000
[INFO ][2015-12-04 19:15:57,369][com.java.SeleniumDriver] [  910] -  RESULT true
[INFO ][2015-12-04 19:15:57,369][com.java.SeleniumDriver] [ 1116] - ?   P A S S   ?
[INFO ][2015-12-04 19:15:57,369][com.java.SeleniumDriver] [  837] - ------------------------------------------
[INFO ][2015-12-04 19:15:57,369][com.java.SeleniumDriver] [  838] - Test case being Executed: 3
[INFO ][2015-12-04 19:15:57,369][com.java.SeleniumDriver] [  849] - Test step:7
[INFO ][2015-12-04 19:15:57,369][com.java.SeleniumDriver] [  861] - Datavalue is----------Forecasting 
[INFO ][2015-12-04 19:15:57,369][com.java.SeleniumDriver] [  885] - DataField : TTL
[INFO ][2015-12-04 19:15:57,369][com.java.SeleniumDriver] [  887] - DataValue : Forecasting 
[INFO ][2015-12-04 19:15:57,369][com.java.SeleniumDriver] [  893] - <In Set values of the page>
[INFO ][2015-12-04 19:15:57,369][com.java.SeleniumDriver] [  896] - {Data Fields & Data Values Exist}
[INFO ][2015-12-04 19:15:57,369][com.java.SeleniumDriver] [  898] - --------------------------setting values-----------------------------
[INFO ][2015-12-04 19:15:57,369][com.java.SeleniumDriver] [  901] - Action Type : SELECTWINDOW
