[INFO ][2015-12-18 12:31:06,716][com.java.SeleniumDriver] [  213] - Execute Failed Casesfalse
[INFO ][2015-12-18 12:31:06,716][com.java.SeleniumDriver] [  214] - Browser: IE10
[INFO ][2015-12-18 12:31:06,716][com.java.SeleniumDriver] [  215] - [1, 3, 4]
[INFO ][2015-12-18 12:31:06,716][com.java.SeleniumDriver] [  216] - Total TestCases:3
[INFO ][2015-12-18 12:31:06,716][com.java.SeleniumDriver] [  217] -  Reading Properties from Property File 
[DEBUG][2015-12-18 12:31:06,716][com.java.SeleniumDriver] [  238] - url : https://clients-xuat.bankersdashboard.com
[INFO ][2015-12-18 12:31:06,716][com.java.ImportnExport.ExportTestResultsExcel] [  116] - Time Stamp Fri Dec 18 12:31:06 IST 2015
[INFO ][2015-12-18 12:31:06,716][com.java.ImportnExport.ExportTestResultsExcel] [  175] - OUT FILE : D:\BankersDashboard/TestReports/Test Results_BankersDashBoard_121815_123106_IE10_Simmons First National Bank.xls
[INFO ][2015-12-18 12:31:06,748][com.java.ImportnExport.ExportTestResultsExcel] [  180] - Test Result file is created
[DEBUG][2015-12-18 12:31:06,873][com.java.SeleniumDriver] [  426] - Hub ip address is-------172.17.68.34
[INFO ][2015-12-18 12:31:06,873][com.java.SeleniumDriver] [  452] - Grid URL:http://172.17.68.34:4444/wd/hub
[INFO ][2015-12-18 12:31:06,873][com.java.SeleniumDriver] [  453] - Capability:Capabilities [{platform=ANY, ensureCleanSession=true, ignoreProtectedModeSettings=true, acceptSslCerts=true, ignoreZoomSetting=true, browserName=internet explorer, browserstack.ie.noFlash=true, version=null}]
[ERROR][2015-12-18 12:31:08,199][com.java.SeleniumDriver] [  497] - Unable invoke browser in grid:Could not start a new session. Possible causes are invalid address of the remote server or browser start-up failure.
Build info: version: '2.48.2', revision: '41bccdd', time: '2015-10-09 19:59:12'
System info: host: 'FVTIII438F1D', ip: '172.17.68.34', os.name: 'Windows 7', os.arch: 'x86', os.version: '6.1', java.version: '1.7.0_55'
Driver info: driver.version: SeleniumDriver
[INFO ][2015-12-18 12:31:08,199][com.java.SeleniumDriver] [  499] - Executing on local machine
[INFO ][2015-12-18 12:31:21,323][com.java.SeleniumDriver] [  248] - IE10is opened
[INFO ][2015-12-18 12:31:22,186][com.java.SeleniumDriver] [  754] - Test cases to be executed are: [1, 3, 4]
[INFO ][2015-12-18 12:31:22,187][com.java.ImportnExport.ImportTestDataDetailsExcel] [   49] - test data details path===== D:\BankersDashboard\TestInputs\TestData.xls
[INFO ][2015-12-18 12:31:23,857][com.java.SeleniumDriver] [  821] - ------------------------------------------
[INFO ][2015-12-18 12:31:23,857][com.java.SeleniumDriver] [  822] - Test case being Executed: 1
[INFO ][2015-12-18 12:31:23,857][com.java.SeleniumDriver] [  833] - Test step:1
[INFO ][2015-12-18 12:31:23,857][com.java.SeleniumDriver] [  845] - Datavalue is----------Concept#1:1-16
[INFO ][2015-12-18 12:31:23,857][com.java.SeleniumDriver] [  869] - DataField : test
[INFO ][2015-12-18 12:31:23,857][com.java.SeleniumDriver] [  871] - DataValue : Concept#1:1-16
[INFO ][2015-12-18 12:31:23,857][com.java.SeleniumDriver] [  877] - <In Set values of the page>
[INFO ][2015-12-18 12:31:23,857][com.java.SeleniumDriver] [  880] - {Data Fields & Data Values Exist}
[INFO ][2015-12-18 12:31:23,857][com.java.SeleniumDriver] [  882] - --------------------------setting values-----------------------------
[INFO ][2015-12-18 12:31:23,857][com.java.SeleniumDriver] [  885] - Action Type : ExecuteTestCase
[INFO ][2015-12-18 12:31:23,858][com.java.TestType] [  437] - The Concept sheet name is ---------- Concept
[INFO ][2015-12-18 12:31:23,858][com.java.TestType] [  440] - The Concept ID  is ---------- 1
[DEBUG][2015-12-18 12:31:23,858][com.java.TestType] [  444] - Steps being executted in the Concept are: 1:16
[INFO ][2015-12-18 12:31:23,858][com.java.TestType] [  451] - Test data details path ---------- D:\BankersDashboard\TestInputs\TestData.xls
[INFO ][2015-12-18 12:31:24,326][com.java.TestType] [  482] -  str(1) = 1
[INFO ][2015-12-18 12:31:24,326][com.java.TestType] [  485] - Test case Id is---1
[INFO ][2015-12-18 12:31:24,326][com.java.TestType] [  487] - 1
[INFO ][2015-12-18 12:31:24,326][com.java.TestType] [  482] -  str(2) = 1
[INFO ][2015-12-18 12:31:24,326][com.java.TestType] [  534] - row values are--------{1=com.java.Objects.TestDataDetails@1c7f04d}
[INFO ][2015-12-18 12:31:24,326][com.java.TestType] [  482] -  str(1) = 1
[INFO ][2015-12-18 12:31:24,326][com.java.TestType] [  485] - Test case Id is---1
[INFO ][2015-12-18 12:31:24,326][com.java.TestType] [  487] - 1
[INFO ][2015-12-18 12:31:24,326][com.java.TestType] [  482] -  str(2) = 2
[INFO ][2015-12-18 12:31:24,326][com.java.TestType] [  534] - row values are--------{1=com.java.Objects.TestDataDetails@1c7f04d, 2=com.java.Objects.TestDataDetails@1ccb4e6}
[INFO ][2015-12-18 12:31:24,326][com.java.TestType] [  482] -  str(1) = 1
[INFO ][2015-12-18 12:31:24,326][com.java.TestType] [  485] - Test case Id is---1
[INFO ][2015-12-18 12:31:24,326][com.java.TestType] [  487] - 1
[INFO ][2015-12-18 12:31:24,326][com.java.TestType] [  482] -  str(2) = 3
[INFO ][2015-12-18 12:31:24,326][com.java.TestType] [  534] - row values are--------{1=com.java.Objects.TestDataDetails@1c7f04d, 2=com.java.Objects.TestDataDetails@1ccb4e6, 3=com.java.Objects.TestDataDetails@1c51b4}
[INFO ][2015-12-18 12:31:24,326][com.java.TestType] [  482] -  str(1) = 1
[INFO ][2015-12-18 12:31:24,326][com.java.TestType] [  485] - Test case Id is---1
[INFO ][2015-12-18 12:31:24,326][com.java.TestType] [  487] - 1
[INFO ][2015-12-18 12:31:24,326][com.java.TestType] [  482] -  str(2) = 4
[INFO ][2015-12-18 12:31:24,326][com.java.TestType] [  534] - row values are--------{1=com.java.Objects.TestDataDetails@1c7f04d, 2=com.java.Objects.TestDataDetails@1ccb4e6, 3=com.java.Objects.TestDataDetails@1c51b4, 4=com.java.Objects.TestDataDetails@73407}
[INFO ][2015-12-18 12:31:24,326][com.java.TestType] [  482] -  str(1) = 1
[INFO ][2015-12-18 12:31:24,326][com.java.TestType] [  485] - Test case Id is---1
[INFO ][2015-12-18 12:31:24,326][com.java.TestType] [  487] - 1
[INFO ][2015-12-18 12:31:24,326][com.java.TestType] [  482] -  str(2) = 5
[INFO ][2015-12-18 12:31:24,326][com.java.TestType] [  534] - row values are--------{1=com.java.Objects.TestDataDetails@1c7f04d, 2=com.java.Objects.TestDataDetails@1ccb4e6, 3=com.java.Objects.TestDataDetails@1c51b4, 4=com.java.Objects.TestDataDetails@73407, 5=com.java.Objects.TestDataDetails@11edaa1}
[INFO ][2015-12-18 12:31:24,326][com.java.TestType] [  482] -  str(1) = 1
[INFO ][2015-12-18 12:31:24,341][com.java.TestType] [  485] - Test case Id is---1
[INFO ][2015-12-18 12:31:24,341][com.java.TestType] [  487] - 1
[INFO ][2015-12-18 12:31:24,341][com.java.TestType] [  482] -  str(2) = 6
[INFO ][2015-12-18 12:31:24,341][com.java.TestType] [  534] - row values are--------{1=com.java.Objects.TestDataDetails@1c7f04d, 2=com.java.Objects.TestDataDetails@1ccb4e6, 3=com.java.Objects.TestDataDetails@1c51b4, 4=com.java.Objects.TestDataDetails@73407, 5=com.java.Objects.TestDataDetails@11edaa1, 6=com.java.Objects.TestDataDetails@1a0769d}
[INFO ][2015-12-18 12:31:24,341][com.java.TestType] [  482] -  str(1) = 1
[INFO ][2015-12-18 12:31:24,341][com.java.TestType] [  485] - Test case Id is---1
[INFO ][2015-12-18 12:31:24,341][com.java.TestType] [  487] - 1
[INFO ][2015-12-18 12:31:24,341][com.java.TestType] [  482] -  str(2) = 7
[INFO ][2015-12-18 12:31:24,341][com.java.TestType] [  534] - row values are--------{1=com.java.Objects.TestDataDetails@1c7f04d, 2=com.java.Objects.TestDataDetails@1ccb4e6, 3=com.java.Objects.TestDataDetails@1c51b4, 4=com.java.Objects.TestDataDetails@73407, 5=com.java.Objects.TestDataDetails@11edaa1, 6=com.java.Objects.TestDataDetails@1a0769d, 7=com.java.Objects.TestDataDetails@1694399}
[INFO ][2015-12-18 12:31:24,341][com.java.TestType] [  482] -  str(1) = 1
[INFO ][2015-12-18 12:31:24,341][com.java.TestType] [  485] - Test case Id is---1
[INFO ][2015-12-18 12:31:24,341][com.java.TestType] [  487] - 1
[INFO ][2015-12-18 12:31:24,341][com.java.TestType] [  482] -  str(2) = 8
[INFO ][2015-12-18 12:31:24,341][com.java.TestType] [  534] - row values are--------{1=com.java.Objects.TestDataDetails@1c7f04d, 2=com.java.Objects.TestDataDetails@1ccb4e6, 3=com.java.Objects.TestDataDetails@1c51b4, 4=com.java.Objects.TestDataDetails@73407, 5=com.java.Objects.TestDataDetails@11edaa1, 6=com.java.Objects.TestDataDetails@1a0769d, 7=com.java.Objects.TestDataDetails@1694399, 8=com.java.Objects.TestDataDetails@1978e96}
[INFO ][2015-12-18 12:31:24,341][com.java.TestType] [  482] -  str(1) = 1
[INFO ][2015-12-18 12:31:24,341][com.java.TestType] [  485] - Test case Id is---1
[INFO ][2015-12-18 12:31:24,341][com.java.TestType] [  487] - 1
[INFO ][2015-12-18 12:31:24,341][com.java.TestType] [  482] -  str(2) = 9
[INFO ][2015-12-18 12:31:24,341][com.java.TestType] [  534] - row values are--------{1=com.java.Objects.TestDataDetails@1c7f04d, 2=com.java.Objects.TestDataDetails@1ccb4e6, 3=com.java.Objects.TestDataDetails@1c51b4, 4=com.java.Objects.TestDataDetails@73407, 5=com.java.Objects.TestDataDetails@11edaa1, 6=com.java.Objects.TestDataDetails@1a0769d, 7=com.java.Objects.TestDataDetails@1694399, 8=com.java.Objects.TestDataDetails@1978e96, 9=com.java.Objects.TestDataDetails@12ba2d4}
[INFO ][2015-12-18 12:31:24,341][com.java.TestType] [  482] -  str(1) = 1
[INFO ][2015-12-18 12:31:24,341][com.java.TestType] [  485] - Test case Id is---1
[INFO ][2015-12-18 12:31:24,341][com.java.TestType] [  487] - 1
[INFO ][2015-12-18 12:31:24,341][com.java.TestType] [  482] -  str(2) = 10
[INFO ][2015-12-18 12:31:24,341][com.java.TestType] [  534] - row values are--------{1=com.java.Objects.TestDataDetails@1c7f04d, 2=com.java.Objects.TestDataDetails@1ccb4e6, 3=com.java.Objects.TestDataDetails@1c51b4, 4=com.java.Objects.TestDataDetails@73407, 5=com.java.Objects.TestDataDetails@11edaa1, 6=com.java.Objects.TestDataDetails@1a0769d, 7=com.java.Objects.TestDataDetails@1694399, 8=com.java.Objects.TestDataDetails@1978e96, 9=com.java.Objects.TestDataDetails@12ba2d4, 10=com.java.Objects.TestDataDetails@13aa24f}
[INFO ][2015-12-18 12:31:24,341][com.java.TestType] [  482] -  str(1) = 1
[INFO ][2015-12-18 12:31:24,341][com.java.TestType] [  485] - Test case Id is---1
[INFO ][2015-12-18 12:31:24,341][com.java.TestType] [  487] - 1
[INFO ][2015-12-18 12:31:24,341][com.java.TestType] [  482] -  str(2) = 11
[INFO ][2015-12-18 12:31:24,341][com.java.TestType] [  534] - row values are--------{1=com.java.Objects.TestDataDetails@1c7f04d, 2=com.java.Objects.TestDataDetails@1ccb4e6, 3=com.java.Objects.TestDataDetails@1c51b4, 4=com.java.Objects.TestDataDetails@73407, 5=com.java.Objects.TestDataDetails@11edaa1, 6=com.java.Objects.TestDataDetails@1a0769d, 7=com.java.Objects.TestDataDetails@1694399, 8=com.java.Objects.TestDataDetails@1978e96, 9=com.java.Objects.TestDataDetails@12ba2d4, 10=com.java.Objects.TestDataDetails@13aa24f, 11=com.java.Objects.TestDataDetails@169ae7c}
[INFO ][2015-12-18 12:31:24,341][com.java.TestType] [  482] -  str(1) = 1
[INFO ][2015-12-18 12:31:24,341][com.java.TestType] [  485] - Test case Id is---1
[INFO ][2015-12-18 12:31:24,341][com.java.TestType] [  487] - 1
[INFO ][2015-12-18 12:31:24,341][com.java.TestType] [  482] -  str(2) = 12
[INFO ][2015-12-18 12:31:24,341][com.java.TestType] [  534] - row values are--------{1=com.java.Objects.TestDataDetails@1c7f04d, 2=com.java.Objects.TestDataDetails@1ccb4e6, 3=com.java.Objects.TestDataDetails@1c51b4, 4=com.java.Objects.TestDataDetails@73407, 5=com.java.Objects.TestDataDetails@11edaa1, 6=com.java.Objects.TestDataDetails@1a0769d, 7=com.java.Objects.TestDataDetails@1694399, 8=com.java.Objects.TestDataDetails@1978e96, 9=com.java.Objects.TestDataDetails@12ba2d4, 10=com.java.Objects.TestDataDetails@13aa24f, 11=com.java.Objects.TestDataDetails@169ae7c, 12=com.java.Objects.TestDataDetails@11f3ec8}
[INFO ][2015-12-18 12:31:24,341][com.java.TestType] [  482] -  str(1) = 1
[INFO ][2015-12-18 12:31:24,341][com.java.TestType] [  485] - Test case Id is---1
[INFO ][2015-12-18 12:31:24,341][com.java.TestType] [  487] - 1
[INFO ][2015-12-18 12:31:24,341][com.java.TestType] [  482] -  str(2) = 13
[INFO ][2015-12-18 12:31:24,341][com.java.TestType] [  534] - row values are--------{1=com.java.Objects.TestDataDetails@1c7f04d, 2=com.java.Objects.TestDataDetails@1ccb4e6, 3=com.java.Objects.TestDataDetails@1c51b4, 4=com.java.Objects.TestDataDetails@73407, 5=com.java.Objects.TestDataDetails@11edaa1, 6=com.java.Objects.TestDataDetails@1a0769d, 7=com.java.Objects.TestDataDetails@1694399, 8=com.java.Objects.TestDataDetails@1978e96, 9=com.java.Objects.TestDataDetails@12ba2d4, 10=com.java.Objects.TestDataDetails@13aa24f, 11=com.java.Objects.TestDataDetails@169ae7c, 12=com.java.Objects.TestDataDetails@11f3ec8, 13=com.java.Objects.TestDataDetails@8eaf0a}
[INFO ][2015-12-18 12:31:24,341][com.java.TestType] [  482] -  str(1) = 1
[INFO ][2015-12-18 12:31:24,341][com.java.TestType] [  485] - Test case Id is---1
[INFO ][2015-12-18 12:31:24,341][com.java.TestType] [  487] - 1
[INFO ][2015-12-18 12:31:24,341][com.java.TestType] [  482] -  str(2) = 14
[INFO ][2015-12-18 12:31:24,341][com.java.TestType] [  534] - row values are--------{1=com.java.Objects.TestDataDetails@1c7f04d, 2=com.java.Objects.TestDataDetails@1ccb4e6, 3=com.java.Objects.TestDataDetails@1c51b4, 4=com.java.Objects.TestDataDetails@73407, 5=com.java.Objects.TestDataDetails@11edaa1, 6=com.java.Objects.TestDataDetails@1a0769d, 7=com.java.Objects.TestDataDetails@1694399, 8=com.java.Objects.TestDataDetails@1978e96, 9=com.java.Objects.TestDataDetails@12ba2d4, 10=com.java.Objects.TestDataDetails@13aa24f, 11=com.java.Objects.TestDataDetails@169ae7c, 12=com.java.Objects.TestDataDetails@11f3ec8, 13=com.java.Objects.TestDataDetails@8eaf0a, 14=com.java.Objects.TestDataDetails@1b3af58}
[INFO ][2015-12-18 12:31:24,341][com.java.TestType] [  482] -  str(1) = 1
[INFO ][2015-12-18 12:31:24,341][com.java.TestType] [  485] - Test case Id is---1
[INFO ][2015-12-18 12:31:24,341][com.java.TestType] [  487] - 1
[INFO ][2015-12-18 12:31:24,341][com.java.TestType] [  482] -  str(2) = 15
[INFO ][2015-12-18 12:31:24,341][com.java.TestType] [  534] - row values are--------{1=com.java.Objects.TestDataDetails@1c7f04d, 2=com.java.Objects.TestDataDetails@1ccb4e6, 3=com.java.Objects.TestDataDetails@1c51b4, 4=com.java.Objects.TestDataDetails@73407, 5=com.java.Objects.TestDataDetails@11edaa1, 6=com.java.Objects.TestDataDetails@1a0769d, 7=com.java.Objects.TestDataDetails@1694399, 8=com.java.Objects.TestDataDetails@1978e96, 9=com.java.Objects.TestDataDetails@12ba2d4, 10=com.java.Objects.TestDataDetails@13aa24f, 11=com.java.Objects.TestDataDetails@169ae7c, 12=com.java.Objects.TestDataDetails@11f3ec8, 13=com.java.Objects.TestDataDetails@8eaf0a, 14=com.java.Objects.TestDataDetails@1b3af58, 15=com.java.Objects.TestDataDetails@f5ed6e}
[INFO ][2015-12-18 12:31:24,341][com.java.TestType] [  482] -  str(1) = 1
[INFO ][2015-12-18 12:31:24,341][com.java.TestType] [  485] - Test case Id is---1
[INFO ][2015-12-18 12:31:24,341][com.java.TestType] [  487] - 1
[INFO ][2015-12-18 12:31:24,341][com.java.TestType] [  482] -  str(2) = 16
[INFO ][2015-12-18 12:31:24,341][com.java.TestType] [  534] - row values are--------{1=com.java.Objects.TestDataDetails@1c7f04d, 2=com.java.Objects.TestDataDetails@1ccb4e6, 3=com.java.Objects.TestDataDetails@1c51b4, 4=com.java.Objects.TestDataDetails@73407, 5=com.java.Objects.TestDataDetails@11edaa1, 6=com.java.Objects.TestDataDetails@1a0769d, 7=com.java.Objects.TestDataDetails@1694399, 8=com.java.Objects.TestDataDetails@1978e96, 9=com.java.Objects.TestDataDetails@12ba2d4, 10=com.java.Objects.TestDataDetails@13aa24f, 11=com.java.Objects.TestDataDetails@169ae7c, 12=com.java.Objects.TestDataDetails@11f3ec8, 13=com.java.Objects.TestDataDetails@8eaf0a, 14=com.java.Objects.TestDataDetails@1b3af58, 15=com.java.Objects.TestDataDetails@f5ed6e, 16=com.java.Objects.TestDataDetails@1ef9e0a}
[INFO ][2015-12-18 12:31:24,341][com.java.TestType] [10143] - Looping 1TCID = 1
[DEBUG][2015-12-18 12:31:24,341][com.java.TestType] [10184] - Concept ID:1 :: Step being Executed: 1::1
[INFO ][2015-12-18 12:31:24,341][com.java.TestType] [10222] - dataFields : TXTusername
[DEBUG][2015-12-18 12:31:24,341][com.java.TestType] [10228] - <In Set values of the page>
[DEBUG][2015-12-18 12:31:24,341][com.java.TestType] [10233] - {Data Fields & Data Values Exist}
[INFO ][2015-12-18 12:31:24,357][com.java.TestType] [10239] - --------------------------setting values-----------------------------
[INFO ][2015-12-18 12:31:24,357][com.java.TestType] [10242] - Action Type : CLEARANDENTER
[INFO ][2015-12-18 12:31:24,357][com.java.TestType] [ 5513] - value = valuelabs.ie10.03890
[INFO ][2015-12-18 12:31:29,399][com.java.TestType] [10261] -  RESULT true
[INFO ][2015-12-18 12:31:29,399][com.java.TestType] [10378] - ?   P A S S   ?
[DEBUG][2015-12-18 12:31:29,399][com.java.TestType] [10184] - Concept ID:1 :: Step being Executed: 1::2
[INFO ][2015-12-18 12:31:29,399][com.java.TestType] [10222] - dataFields : TXTpassword
[DEBUG][2015-12-18 12:31:29,399][com.java.TestType] [10228] - <In Set values of the page>
[DEBUG][2015-12-18 12:31:29,399][com.java.TestType] [10233] - {Data Fields & Data Values Exist}
[INFO ][2015-12-18 12:31:29,399][com.java.TestType] [10239] - --------------------------setting values-----------------------------
[INFO ][2015-12-18 12:31:29,399][com.java.TestType] [10242] - Action Type : CLEARANDENTER
[INFO ][2015-12-18 12:31:29,399][com.java.TestType] [ 5513] - value = Password1*
[INFO ][2015-12-18 12:31:34,574][com.java.TestType] [10261] -  RESULT true
[INFO ][2015-12-18 12:31:34,574][com.java.TestType] [10378] - ?   P A S S   ?
[DEBUG][2015-12-18 12:31:34,574][com.java.TestType] [10184] - Concept ID:1 :: Step being Executed: 1::3
[ERROR][2015-12-18 12:31:34,574][com.java.TestType] [10217] - Exception: null
[INFO ][2015-12-18 12:31:34,574][com.java.TestType] [10222] - dataFields : XPH//button[@type='submit']
[DEBUG][2015-12-18 12:31:34,574][com.java.TestType] [10228] - <In Set values of the page>
[DEBUG][2015-12-18 12:31:34,574][com.java.TestType] [10233] - {Data Fields & Data Values Exist}
[INFO ][2015-12-18 12:31:34,574][com.java.TestType] [10239] - --------------------------setting values-----------------------------
[INFO ][2015-12-18 12:31:34,574][com.java.TestType] [10242] - Action Type : Click
[INFO ][2015-12-18 12:31:34,574][com.java.TestType] [ 5886] - Field ::XPH//button[@type='submit']
[INFO ][2015-12-18 12:31:34,574][com.java.TestType] [ 5513] - value = 
[INFO ][2015-12-18 12:31:35,588][com.java.TestType] [ 6023] - BEFORE CLICK
[INFO ][2015-12-18 12:31:36,513][com.java.TestType] [ 6031] - Unable to click the object Login
[INFO ][2015-12-18 12:31:36,513][com.java.TestType] [10261] -  RESULT true
[INFO ][2015-12-18 12:31:36,513][com.java.TestType] [10378] - ?   P A S S   ?
[DEBUG][2015-12-18 12:31:36,513][com.java.TestType] [10184] - Concept ID:1 :: Step being Executed: 1::4
[INFO ][2015-12-18 12:31:36,513][com.java.TestType] [10222] - dataFields : LNKLogout
[DEBUG][2015-12-18 12:31:36,513][com.java.TestType] [10228] - <In Set values of the page>
[DEBUG][2015-12-18 12:31:36,513][com.java.TestType] [10233] - {Data Fields & Data Values Exist}
[INFO ][2015-12-18 12:31:36,513][com.java.TestType] [10239] - --------------------------setting values-----------------------------
[INFO ][2015-12-18 12:31:36,513][com.java.TestType] [10242] - Action Type : WaitForElement
[INFO ][2015-12-18 12:31:40,158][com.java.TestType] [10261] -  RESULT true
[INFO ][2015-12-18 12:31:40,158][com.java.TestType] [10378] - ?   P A S S   ?
[DEBUG][2015-12-18 12:31:40,158][com.java.TestType] [10184] - Concept ID:1 :: Step being Executed: 1::15
[INFO ][2015-12-18 12:31:40,158][com.java.TestType] [10222] - dataFields : LNK
[DEBUG][2015-12-18 12:31:40,158][com.java.TestType] [10228] - <In Set values of the page>
[DEBUG][2015-12-18 12:31:40,158][com.java.TestType] [10233] - {Data Fields & Data Values Exist}
[INFO ][2015-12-18 12:31:40,158][com.java.TestType] [10239] - --------------------------setting values-----------------------------
[INFO ][2015-12-18 12:31:40,158][com.java.TestType] [10242] - Action Type : Verify
[INFO ][2015-12-18 12:31:40,158][com.java.TestType] [ 6829] - field= LNK value= Logout
[INFO ][2015-12-18 12:31:40,158][com.java.TestType] [ 5513] - value = Logout
[INFO ][2015-12-18 12:31:40,191][com.java.TestType] [10261] -  RESULT true
[INFO ][2015-12-18 12:31:40,191][com.java.TestType] [10378] - ?   P A S S   ?
[DEBUG][2015-12-18 12:31:40,191][com.java.TestType] [10184] - Concept ID:1 :: Step being Executed: 1::16
[INFO ][2015-12-18 12:31:40,191][com.java.TestType] [10222] - dataFields : BTN
[DEBUG][2015-12-18 12:31:40,191][com.java.TestType] [10228] - <In Set values of the page>
[DEBUG][2015-12-18 12:31:40,191][com.java.TestType] [10233] - {Data Fields & Data Values Exist}
[INFO ][2015-12-18 12:31:40,191][com.java.TestType] [10239] - --------------------------setting values-----------------------------
[INFO ][2015-12-18 12:31:40,191][com.java.TestType] [10242] - Action Type : Verify
[INFO ][2015-12-18 12:31:40,191][com.java.TestType] [ 6829] - field= BTN value= //img[contains(@src,'bdlogo.jpg')]
[INFO ][2015-12-18 12:31:40,191][com.java.TestType] [ 5513] - value = //img[contains(@src,'bdlogo.jpg')]
[INFO ][2015-12-18 12:31:40,253][com.java.TestType] [10261] -  RESULT true
[INFO ][2015-12-18 12:31:40,253][com.java.TestType] [10378] - ?   P A S S   ?
[INFO ][2015-12-18 12:31:40,253][com.java.TestType] [10449] - Looping End......
[INFO ][2015-12-18 12:31:40,253][com.java.SeleniumDriver] [  894] -  RESULT true
[INFO ][2015-12-18 12:31:40,253][com.java.SeleniumDriver] [ 1100] - ?   P A S S   ?
[INFO ][2015-12-18 12:31:40,253][com.java.SeleniumDriver] [  821] - ------------------------------------------
[INFO ][2015-12-18 12:31:40,253][com.java.SeleniumDriver] [  822] - Test case being Executed: 1
[INFO ][2015-12-18 12:31:40,253][com.java.SeleniumDriver] [  833] - Test step:2
[INFO ][2015-12-18 12:31:40,253][com.java.SeleniumDriver] [  845] - Datavalue is----------Concept#2:1-2
[INFO ][2015-12-18 12:31:40,253][com.java.SeleniumDriver] [  869] - DataField : test
[INFO ][2015-12-18 12:31:40,253][com.java.SeleniumDriver] [  871] - DataValue : Concept#2:1-2
[INFO ][2015-12-18 12:31:40,253][com.java.SeleniumDriver] [  877] - <In Set values of the page>
[INFO ][2015-12-18 12:31:40,253][com.java.SeleniumDriver] [  880] - {Data Fields & Data Values Exist}
[INFO ][2015-12-18 12:31:40,253][com.java.SeleniumDriver] [  882] - --------------------------setting values-----------------------------
[INFO ][2015-12-18 12:31:40,253][com.java.SeleniumDriver] [  885] - Action Type : ExecuteTestCase
[INFO ][2015-12-18 12:31:40,253][com.java.TestType] [  437] - The Concept sheet name is ---------- Concept
[INFO ][2015-12-18 12:31:40,253][com.java.TestType] [  440] - The Concept ID  is ---------- 2
[DEBUG][2015-12-18 12:31:40,253][com.java.TestType] [  444] - Steps being executted in the Concept are: 1:2
[INFO ][2015-12-18 12:31:40,253][com.java.TestType] [  451] - Test data details path ---------- D:\BankersDashboard\TestInputs\TestData.xls
[INFO ][2015-12-18 12:31:40,784][com.java.TestType] [  482] -  str(1) = 2
[INFO ][2015-12-18 12:31:40,784][com.java.TestType] [  485] - Test case Id is---2
[INFO ][2015-12-18 12:31:40,784][com.java.TestType] [  487] - 2
[INFO ][2015-12-18 12:31:40,784][com.java.TestType] [  482] -  str(2) = 1
[INFO ][2015-12-18 12:31:40,784][com.java.TestType] [  534] - row values are--------{1=com.java.Objects.TestDataDetails@b4a360}
[INFO ][2015-12-18 12:31:40,784][com.java.TestType] [  482] -  str(1) = 2
[INFO ][2015-12-18 12:31:40,784][com.java.TestType] [  485] - Test case Id is---2
[INFO ][2015-12-18 12:31:40,784][com.java.TestType] [  487] - 2
[INFO ][2015-12-18 12:31:40,784][com.java.TestType] [  482] -  str(2) = 2
[INFO ][2015-12-18 12:31:40,784][com.java.TestType] [  534] - row values are--------{1=com.java.Objects.TestDataDetails@b4a360, 2=com.java.Objects.TestDataDetails@10b6ffc}
[INFO ][2015-12-18 12:31:40,784][com.java.TestType] [  482] -  str(1) = 2
[INFO ][2015-12-18 12:31:40,784][com.java.TestType] [  485] - Test case Id is---2
[INFO ][2015-12-18 12:31:40,784][com.java.TestType] [  487] - 2
[INFO ][2015-12-18 12:31:40,784][com.java.TestType] [  482] -  str(2) = 3
[INFO ][2015-12-18 12:31:40,784][com.java.TestType] [  534] - row values are--------{1=com.java.Objects.TestDataDetails@b4a360, 2=com.java.Objects.TestDataDetails@10b6ffc, 3=com.java.Objects.TestDataDetails@c41a09}
[INFO ][2015-12-18 12:31:40,784][com.java.TestType] [10143] - Looping 1TCID = 2
[DEBUG][2015-12-18 12:31:40,784][com.java.TestType] [10184] - Concept ID:2 :: Step being Executed: 2::1
[INFO ][2015-12-18 12:31:40,784][com.java.TestType] [10222] - dataFields : BNK//select[@id='bank']
[DEBUG][2015-12-18 12:31:40,784][com.java.TestType] [10228] - <In Set values of the page>
[DEBUG][2015-12-18 12:31:40,784][com.java.TestType] [10233] - {Data Fields & Data Values Exist}
[INFO ][2015-12-18 12:31:40,784][com.java.TestType] [10239] - --------------------------setting values-----------------------------
[INFO ][2015-12-18 12:31:40,784][com.java.TestType] [10242] - Action Type : Select
[INFO ][2015-12-18 12:31:40,784][com.java.TestType] [ 5513] - value = PFC
[INFO ][2015-12-18 12:31:40,986][com.java.TestType] [10261] -  RESULT true
[INFO ][2015-12-18 12:31:40,986][com.java.TestType] [10378] - ?   P A S S   ?
[DEBUG][2015-12-18 12:31:40,986][com.java.TestType] [10184] - Concept ID:2 :: Step being Executed: 2::2
[INFO ][2015-12-18 12:31:40,986][com.java.TestType] [10222] - dataFields : LNKLogout
[DEBUG][2015-12-18 12:31:40,986][com.java.TestType] [10228] - <In Set values of the page>
[DEBUG][2015-12-18 12:31:40,986][com.java.TestType] [10233] - {Data Fields & Data Values Exist}
[INFO ][2015-12-18 12:31:40,986][com.java.TestType] [10239] - --------------------------setting values-----------------------------
[INFO ][2015-12-18 12:31:40,986][com.java.TestType] [10242] - Action Type : WaitTime
[DEBUG][2015-12-18 12:31:40,986][com.java.TestType] [ 5333] - sleepTime: 5000
[INFO ][2015-12-18 12:31:45,988][com.java.TestType] [10261] -  RESULT true
[INFO ][2015-12-18 12:31:45,988][com.java.TestType] [10378] - ?   P A S S   ?
[INFO ][2015-12-18 12:31:45,988][com.java.TestType] [10449] - Looping End......
[INFO ][2015-12-18 12:31:45,988][com.java.SeleniumDriver] [  894] -  RESULT true
[INFO ][2015-12-18 12:31:45,988][com.java.SeleniumDriver] [ 1100] - ?   P A S S   ?
[INFO ][2015-12-18 12:31:45,988][com.java.SeleniumDriver] [  821] - ------------------------------------------
[INFO ][2015-12-18 12:31:45,988][com.java.SeleniumDriver] [  822] - Test case being Executed: 1
[INFO ][2015-12-18 12:31:45,988][com.java.SeleniumDriver] [  833] - Test step:3
[INFO ][2015-12-18 12:31:45,988][com.java.SeleniumDriver] [  845] - Datavalue is----------2
[INFO ][2015-12-18 12:31:45,988][com.java.SeleniumDriver] [  869] - DataField : XPH//button[contains(text(),'Add Content')]
[INFO ][2015-12-18 12:31:45,988][com.java.SeleniumDriver] [  871] - DataValue : 2
[INFO ][2015-12-18 12:31:45,988][com.java.SeleniumDriver] [  877] - <In Set values of the page>
[INFO ][2015-12-18 12:31:45,988][com.java.SeleniumDriver] [  880] - {Data Fields & Data Values Exist}
[INFO ][2015-12-18 12:31:45,988][com.java.SeleniumDriver] [  882] - --------------------------setting values-----------------------------
[INFO ][2015-12-18 12:31:45,988][com.java.SeleniumDriver] [  885] - Action Type : WAITFORELEMENT
[INFO ][2015-12-18 12:31:46,020][com.java.SeleniumDriver] [  894] -  RESULT true
[INFO ][2015-12-18 12:31:46,020][com.java.SeleniumDriver] [ 1100] - ?   P A S S   ?
[DEBUG][2015-12-18 12:31:46,020][com.java.SeleniumDriver] [ 1212] - Case found
[DEBUG][2015-12-18 12:31:46,020][com.java.SeleniumDriver] [ 1217] - Incrementing ReportCounters[0]:1
[INFO ][2015-12-18 12:31:46,020][com.java.SeleniumDriver] [ 1236] - The results are-------------------[1, 1, Valid Login, Pass, , Fri Dec 18 12:31:40 IST 2015, 1, 2, Valid Login, Pass, , Fri Dec 18 12:31:45 IST 2015, 1, 3, Valid Login, Pass, , Fri Dec 18 12:31:46 IST 2015]
[INFO ][2015-12-18 12:31:46,020][com.java.SeleniumDriver] [ 1240] - End time is-------41 sec
[INFO ][2015-12-18 12:31:46,020][com.java.SeleniumDriver] [ 1241] - The results are-------------------[1, 1, Valid Login, Pass, , Fri Dec 18 12:31:40 IST 2015, 1, 2, Valid Login, Pass, , Fri Dec 18 12:31:45 IST 2015, 1, 3, Valid Login, Pass, , Fri Dec 18 12:31:46 IST 2015]
[DEBUG][2015-12-18 12:31:46,020][com.java.ImportnExport.ExportTestResultsExcel] [  222] - testResultPath = D:\BankersDashboard/TestReports/Test Results_BankersDashBoard_121815_123106_IE10_Simmons First National Bank.xls
[DEBUG][2015-12-18 12:31:46,020][com.java.ImportnExport.ExportTestResultsExcel] [  223] - browser is------------IE10
[DEBUG][2015-12-18 12:31:46,082][com.java.ImportnExport.ExportTestResultsExcel] [  270] - result.size() = 18
[DEBUG][2015-12-18 12:31:46,082][com.java.ImportnExport.ExportTestResultsExcel] [  274] - No of rows in sheet=1
[DEBUG][2015-12-18 12:31:46,082][com.java.ImportnExport.ExportTestResultsExcel] [  301] - ..in export..1
[DEBUG][2015-12-18 12:31:46,082][com.java.ImportnExport.ExportTestResultsExcel] [  301] - ..in export..Valid Login
[DEBUG][2015-12-18 12:31:46,082][com.java.ImportnExport.ExportTestResultsExcel] [  301] - ..in export..Pass
[DEBUG][2015-12-18 12:31:46,082][com.java.ImportnExport.ExportTestResultsExcel] [  301] - ..in export..
[DEBUG][2015-12-18 12:31:46,082][com.java.ImportnExport.ExportTestResultsExcel] [  301] - ..in export..Fri Dec 18 12:31:40 IST 2015
[INFO ][2015-12-18 12:31:46,082][com.java.SeleniumDriver] [ 1299] - out loop:0 size:3 TestCases:[1, 3, 4] testcases:[1, 3, 4]
[INFO ][2015-12-18 12:31:46,082][com.java.ImportnExport.ImportTestDataDetailsExcel] [   49] - test data details path===== D:\BankersDashboard\TestInputs\TestData.xls
[INFO ][2015-12-18 12:32:37,836][com.java.SeleniumDriver] [  821] - ------------------------------------------
[INFO ][2015-12-18 12:32:37,836][com.java.SeleniumDriver] [  822] - Test case being Executed: 3
[INFO ][2015-12-18 12:32:37,836][com.java.SeleniumDriver] [  833] - Test step:1
[INFO ][2015-12-18 12:32:37,836][com.java.SeleniumDriver] [  845] - Datavalue is----------Logout
[INFO ][2015-12-18 12:32:37,836][com.java.SeleniumDriver] [  869] - DataField : BTN
[INFO ][2015-12-18 12:32:37,836][com.java.SeleniumDriver] [  871] - DataValue : Logout
[INFO ][2015-12-18 12:32:37,836][com.java.SeleniumDriver] [  877] - <In Set values of the page>
[INFO ][2015-12-18 12:32:37,836][com.java.SeleniumDriver] [  880] - {Data Fields & Data Values Exist}
[INFO ][2015-12-18 12:32:37,836][com.java.SeleniumDriver] [  882] - --------------------------setting values-----------------------------
[INFO ][2015-12-18 12:32:37,836][com.java.SeleniumDriver] [  885] - Action Type : Verify
[INFO ][2015-12-18 12:32:37,836][com.java.TestType] [ 6829] - field= BTN value= Logout
[INFO ][2015-12-18 12:32:37,836][com.java.TestType] [ 5513] - value = Logout
[INFO ][2015-12-18 12:32:37,899][com.java.SeleniumDriver] [  894] -  RESULT true
[INFO ][2015-12-18 12:32:37,899][com.java.SeleniumDriver] [ 1100] - ?   P A S S   ?
[INFO ][2015-12-18 12:32:37,899][com.java.SeleniumDriver] [ 1142] - step change to 3
[INFO ][2015-12-18 12:32:37,899][com.java.SeleniumDriver] [  821] - ------------------------------------------
[INFO ][2015-12-18 12:32:37,899][com.java.SeleniumDriver] [  822] - Test case being Executed: 3
[INFO ][2015-12-18 12:32:37,899][com.java.SeleniumDriver] [  833] - Test step:3
[INFO ][2015-12-18 12:32:37,899][com.java.SeleniumDriver] [  845] - Datavalue is----------Concept#2:1-2
[INFO ][2015-12-18 12:32:37,899][com.java.SeleniumDriver] [  869] - DataField : test
[INFO ][2015-12-18 12:32:37,899][com.java.SeleniumDriver] [  871] - DataValue : Concept#2:1-2
[INFO ][2015-12-18 12:32:37,899][com.java.SeleniumDriver] [  877] - <In Set values of the page>
[INFO ][2015-12-18 12:32:37,899][com.java.SeleniumDriver] [  880] - {Data Fields & Data Values Exist}
[INFO ][2015-12-18 12:32:37,899][com.java.SeleniumDriver] [  882] - --------------------------setting values-----------------------------
[INFO ][2015-12-18 12:32:37,899][com.java.SeleniumDriver] [  885] - Action Type : ExecuteTestCase
[INFO ][2015-12-18 12:32:37,899][com.java.TestType] [  437] - The Concept sheet name is ---------- Concept
[INFO ][2015-12-18 12:32:37,899][com.java.TestType] [  440] - The Concept ID  is ---------- 2
[DEBUG][2015-12-18 12:32:37,899][com.java.TestType] [  444] - Steps being executted in the Concept are: 1:2
[INFO ][2015-12-18 12:32:37,899][com.java.TestType] [  451] - Test data details path ---------- D:\BankersDashboard\TestInputs\TestData.xls
[INFO ][2015-12-18 12:32:38,352][com.java.TestType] [  482] -  str(1) = 2
[INFO ][2015-12-18 12:32:38,352][com.java.TestType] [  485] - Test case Id is---2
[INFO ][2015-12-18 12:32:38,352][com.java.TestType] [  487] - 2
[INFO ][2015-12-18 12:32:38,352][com.java.TestType] [  482] -  str(2) = 1
[INFO ][2015-12-18 12:32:38,352][com.java.TestType] [  534] - row values are--------{1=com.java.Objects.TestDataDetails@375c2a}
[INFO ][2015-12-18 12:32:38,352][com.java.TestType] [  482] -  str(1) = 2
[INFO ][2015-12-18 12:32:38,352][com.java.TestType] [  485] - Test case Id is---2
[INFO ][2015-12-18 12:32:38,352][com.java.TestType] [  487] - 2
[INFO ][2015-12-18 12:32:38,352][com.java.TestType] [  482] -  str(2) = 2
[INFO ][2015-12-18 12:32:38,367][com.java.TestType] [  534] - row values are--------{1=com.java.Objects.TestDataDetails@375c2a, 2=com.java.Objects.TestDataDetails@a93edc}
[INFO ][2015-12-18 12:32:38,367][com.java.TestType] [  482] -  str(1) = 2
[INFO ][2015-12-18 12:32:38,367][com.java.TestType] [  485] - Test case Id is---2
[INFO ][2015-12-18 12:32:38,367][com.java.TestType] [  487] - 2
[INFO ][2015-12-18 12:32:38,367][com.java.TestType] [  482] -  str(2) = 3
[INFO ][2015-12-18 12:32:38,367][com.java.TestType] [  534] - row values are--------{1=com.java.Objects.TestDataDetails@375c2a, 2=com.java.Objects.TestDataDetails@a93edc, 3=com.java.Objects.TestDataDetails@14a1209}
[INFO ][2015-12-18 12:32:38,367][com.java.TestType] [10143] - Looping 1TCID = 2
[DEBUG][2015-12-18 12:32:38,367][com.java.TestType] [10184] - Concept ID:2 :: Step being Executed: 2::1
[INFO ][2015-12-18 12:32:38,367][com.java.TestType] [10222] - dataFields : BNK//select[@id='bank']
[DEBUG][2015-12-18 12:32:38,367][com.java.TestType] [10228] - <In Set values of the page>
[DEBUG][2015-12-18 12:32:38,367][com.java.TestType] [10233] - {Data Fields & Data Values Exist}
[INFO ][2015-12-18 12:32:38,367][com.java.TestType] [10239] - --------------------------setting values-----------------------------
[INFO ][2015-12-18 12:32:38,367][com.java.TestType] [10242] - Action Type : Select
[INFO ][2015-12-18 12:32:38,367][com.java.TestType] [ 5513] - value = PFC
[INFO ][2015-12-18 12:32:38,555][com.java.TestType] [10261] -  RESULT true
[INFO ][2015-12-18 12:32:38,555][com.java.TestType] [10378] - ?   P A S S   ?
[DEBUG][2015-12-18 12:32:38,555][com.java.TestType] [10184] - Concept ID:2 :: Step being Executed: 2::2
[INFO ][2015-12-18 12:32:38,555][com.java.TestType] [10222] - dataFields : LNKLogout
[DEBUG][2015-12-18 12:32:38,555][com.java.TestType] [10228] - <In Set values of the page>
[DEBUG][2015-12-18 12:32:38,555][com.java.TestType] [10233] - {Data Fields & Data Values Exist}
[INFO ][2015-12-18 12:32:38,555][com.java.TestType] [10239] - --------------------------setting values-----------------------------
[INFO ][2015-12-18 12:32:38,555][com.java.TestType] [10242] - Action Type : WaitTime
[DEBUG][2015-12-18 12:32:38,555][com.java.TestType] [ 5333] - sleepTime: 5000
[INFO ][2015-12-18 12:32:43,562][com.java.TestType] [10261] -  RESULT true
[INFO ][2015-12-18 12:32:43,562][com.java.TestType] [10378] - ?   P A S S   ?
[INFO ][2015-12-18 12:32:43,562][com.java.TestType] [10449] - Looping End......
[INFO ][2015-12-18 12:32:43,562][com.java.SeleniumDriver] [  894] -  RESULT true
[INFO ][2015-12-18 12:32:43,562][com.java.SeleniumDriver] [ 1100] - ?   P A S S   ?
[INFO ][2015-12-18 12:32:43,562][com.java.SeleniumDriver] [  821] - ------------------------------------------
[INFO ][2015-12-18 12:32:43,562][com.java.SeleniumDriver] [  822] - Test case being Executed: 3
[INFO ][2015-12-18 12:32:43,562][com.java.SeleniumDriver] [  833] - Test step:4
[INFO ][2015-12-18 12:32:43,562][com.java.SeleniumDriver] [  845] - Datavalue is----------null
[DEBUG][2015-12-18 12:32:43,562][com.java.SeleniumDriver] [  863] - Exception: null
[INFO ][2015-12-18 12:32:43,562][com.java.SeleniumDriver] [  869] - DataField : //span[@class='icon-stack']&&//a[@data-id="SetupPackage"]
[INFO ][2015-12-18 12:32:43,562][com.java.SeleniumDriver] [  871] - DataValue : 
[INFO ][2015-12-18 12:32:43,562][com.java.SeleniumDriver] [  877] - <In Set values of the page>
[INFO ][2015-12-18 12:32:43,562][com.java.SeleniumDriver] [  880] - {Data Fields & Data Values Exist}
[INFO ][2015-12-18 12:32:43,562][com.java.SeleniumDriver] [  882] - --------------------------setting values-----------------------------
[INFO ][2015-12-18 12:32:43,562][com.java.SeleniumDriver] [  885] - Action Type : MOUSEOVER
[INFO ][2015-12-18 12:33:06,683][com.java.SeleniumDriver] [  894] -  RESULT true
[INFO ][2015-12-18 12:33:06,683][com.java.SeleniumDriver] [ 1100] - ?   P A S S   ?
[INFO ][2015-12-18 12:33:06,683][com.java.SeleniumDriver] [  821] - ------------------------------------------
[INFO ][2015-12-18 12:33:06,683][com.java.SeleniumDriver] [  822] - Test case being Executed: 3
[INFO ][2015-12-18 12:33:06,683][com.java.SeleniumDriver] [  833] - Test step:5
[INFO ][2015-12-18 12:33:06,683][com.java.SeleniumDriver] [  845] - Datavalue is----------5
[INFO ][2015-12-18 12:33:06,683][com.java.SeleniumDriver] [  869] - DataField : BTNdivHelpText
[INFO ][2015-12-18 12:33:06,683][com.java.SeleniumDriver] [  871] - DataValue : 5
[INFO ][2015-12-18 12:33:06,683][com.java.SeleniumDriver] [  877] - <In Set values of the page>
[INFO ][2015-12-18 12:33:06,683][com.java.SeleniumDriver] [  880] - {Data Fields & Data Values Exist}
[INFO ][2015-12-18 12:33:06,683][com.java.SeleniumDriver] [  882] - --------------------------setting values-----------------------------
[INFO ][2015-12-18 12:33:06,683][com.java.SeleniumDriver] [  885] - Action Type : WAITFORELEMENT
[INFO ][2015-12-18 12:33:07,900][com.java.SeleniumDriver] [  894] -  RESULT true
[INFO ][2015-12-18 12:33:07,900][com.java.SeleniumDriver] [ 1100] - ?   P A S S   ?
[INFO ][2015-12-18 12:33:07,900][com.java.SeleniumDriver] [  821] - ------------------------------------------
[INFO ][2015-12-18 12:33:07,900][com.java.SeleniumDriver] [  822] - Test case being Executed: 3
[INFO ][2015-12-18 12:33:07,900][com.java.SeleniumDriver] [  833] - Test step:6
[INFO ][2015-12-18 12:33:07,900][com.java.SeleniumDriver] [  845] - Datavalue is----------null
[DEBUG][2015-12-18 12:33:07,900][com.java.SeleniumDriver] [  863] - Exception: null
[INFO ][2015-12-18 12:33:07,900][com.java.SeleniumDriver] [  869] - DataField : BTNframeDialogContent
[INFO ][2015-12-18 12:33:07,900][com.java.SeleniumDriver] [  871] - DataValue : 
[INFO ][2015-12-18 12:33:07,900][com.java.SeleniumDriver] [  877] - <In Set values of the page>
[INFO ][2015-12-18 12:33:07,900][com.java.SeleniumDriver] [  880] - {Data Fields & Data Values Exist}
[INFO ][2015-12-18 12:33:07,900][com.java.SeleniumDriver] [  882] - --------------------------setting values-----------------------------
[INFO ][2015-12-18 12:33:07,900][com.java.SeleniumDriver] [  885] - Action Type : SELECTFRAME
[INFO ][2015-12-18 12:33:09,150][com.java.SeleniumDriver] [  894] -  RESULT true
[INFO ][2015-12-18 12:33:09,150][com.java.SeleniumDriver] [ 1100] - ?   P A S S   ?
[INFO ][2015-12-18 12:33:09,150][com.java.SeleniumDriver] [  821] - ------------------------------------------
[INFO ][2015-12-18 12:33:09,150][com.java.SeleniumDriver] [  822] - Test case being Executed: 3
[INFO ][2015-12-18 12:33:09,150][com.java.SeleniumDriver] [  833] - Test step:7
[INFO ][2015-12-18 12:33:09,150][com.java.SeleniumDriver] [  845] - Datavalue is----------//div[@class='ui-widget-content']/div/button
[INFO ][2015-12-18 12:33:09,150][com.java.SeleniumDriver] [  869] - DataField : BTN
[INFO ][2015-12-18 12:33:09,150][com.java.SeleniumDriver] [  871] - DataValue : //div[@class='ui-widget-content']/div/button
[INFO ][2015-12-18 12:33:09,150][com.java.SeleniumDriver] [  877] - <In Set values of the page>
[INFO ][2015-12-18 12:33:09,150][com.java.SeleniumDriver] [  880] - {Data Fields & Data Values Exist}
[INFO ][2015-12-18 12:33:09,150][com.java.SeleniumDriver] [  882] - --------------------------setting values-----------------------------
[INFO ][2015-12-18 12:33:09,150][com.java.SeleniumDriver] [  885] - Action Type : VERIFY
[INFO ][2015-12-18 12:33:09,150][com.java.TestType] [ 6829] - field= BTN value= //div[@class='ui-widget-content']/div/button
[INFO ][2015-12-18 12:33:09,150][com.java.TestType] [ 5513] - value = //div[@class='ui-widget-content']/div/button
[INFO ][2015-12-18 12:33:09,228][com.java.SeleniumDriver] [  894] -  RESULT true
[INFO ][2015-12-18 12:33:09,228][com.java.SeleniumDriver] [ 1100] - ?   P A S S   ?
[INFO ][2015-12-18 12:33:09,228][com.java.SeleniumDriver] [  821] - ------------------------------------------
[INFO ][2015-12-18 12:33:09,228][com.java.SeleniumDriver] [  822] - Test case being Executed: 3
[INFO ][2015-12-18 12:33:09,228][com.java.SeleniumDriver] [  833] - Test step:8
[INFO ][2015-12-18 12:33:09,228][com.java.SeleniumDriver] [  845] - Datavalue is----------3
[INFO ][2015-12-18 12:33:09,228][com.java.SeleniumDriver] [  869] - DataField : XPH//span[@class='glyphicon glyphicon-plus']
[INFO ][2015-12-18 12:33:09,228][com.java.SeleniumDriver] [  871] - DataValue : 3
[INFO ][2015-12-18 12:33:09,228][com.java.SeleniumDriver] [  877] - <In Set values of the page>
[INFO ][2015-12-18 12:33:09,228][com.java.SeleniumDriver] [  880] - {Data Fields & Data Values Exist}
[INFO ][2015-12-18 12:33:09,228][com.java.SeleniumDriver] [  882] - --------------------------setting values-----------------------------
[INFO ][2015-12-18 12:33:09,228][com.java.SeleniumDriver] [  885] - Action Type : WAITFORELEMENT
[INFO ][2015-12-18 12:33:09,260][com.java.SeleniumDriver] [  894] -  RESULT true
[INFO ][2015-12-18 12:33:09,260][com.java.SeleniumDriver] [ 1100] - ?   P A S S   ?
[INFO ][2015-12-18 12:33:09,260][com.java.SeleniumDriver] [  821] - ------------------------------------------
[INFO ][2015-12-18 12:33:09,260][com.java.SeleniumDriver] [  822] - Test case being Executed: 3
[INFO ][2015-12-18 12:33:09,260][com.java.SeleniumDriver] [  833] - Test step:9
[INFO ][2015-12-18 12:33:09,260][com.java.SeleniumDriver] [  845] - Datavalue is----------null
[DEBUG][2015-12-18 12:33:09,260][com.java.SeleniumDriver] [  863] - Exception: null
[INFO ][2015-12-18 12:33:09,260][com.java.SeleniumDriver] [  869] - DataField : XPH//span[@class='glyphicon glyphicon-plus']
[INFO ][2015-12-18 12:33:09,260][com.java.SeleniumDriver] [  871] - DataValue : 
[INFO ][2015-12-18 12:33:09,260][com.java.SeleniumDriver] [  877] - <In Set values of the page>
[INFO ][2015-12-18 12:33:09,260][com.java.SeleniumDriver] [  880] - {Data Fields & Data Values Exist}
[INFO ][2015-12-18 12:33:09,260][com.java.SeleniumDriver] [  882] - --------------------------setting values-----------------------------
[INFO ][2015-12-18 12:33:09,260][com.java.SeleniumDriver] [  885] - Action Type : CLICK
[INFO ][2015-12-18 12:33:09,260][com.java.TestType] [ 5886] - Field ::XPH//span[@class='glyphicon glyphicon-plus']
[INFO ][2015-12-18 12:33:09,260][com.java.TestType] [ 5513] - value = 
[INFO ][2015-12-18 12:33:10,274][com.java.TestType] [ 6023] - BEFORE CLICK
[INFO ][2015-12-18 12:33:11,506][com.java.TestType] [ 6031] - Unable to click the object +' Button
[INFO ][2015-12-18 12:33:11,506][com.java.SeleniumDriver] [  894] -  RESULT true
[INFO ][2015-12-18 12:33:11,506][com.java.SeleniumDriver] [ 1100] - ?   P A S S   ?
[INFO ][2015-12-18 12:33:11,506][com.java.SeleniumDriver] [  821] - ------------------------------------------
[INFO ][2015-12-18 12:33:11,506][com.java.SeleniumDriver] [  822] - Test case being Executed: 3
[INFO ][2015-12-18 12:33:11,506][com.java.SeleniumDriver] [  833] - Test step:10
[INFO ][2015-12-18 12:33:11,506][com.java.SeleniumDriver] [  845] - Datavalue is----------3
[INFO ][2015-12-18 12:33:11,506][com.java.SeleniumDriver] [  869] - DataField : XPH//span[@class='dlg_Label']
[INFO ][2015-12-18 12:33:11,506][com.java.SeleniumDriver] [  871] - DataValue : 3
[INFO ][2015-12-18 12:33:11,506][com.java.SeleniumDriver] [  877] - <In Set values of the page>
[INFO ][2015-12-18 12:33:11,506][com.java.SeleniumDriver] [  880] - {Data Fields & Data Values Exist}
[INFO ][2015-12-18 12:33:11,506][com.java.SeleniumDriver] [  882] - --------------------------setting values-----------------------------
[INFO ][2015-12-18 12:33:11,506][com.java.SeleniumDriver] [  885] - Action Type : WAITFORELEMENT
[INFO ][2015-12-18 12:33:11,538][com.java.SeleniumDriver] [  894] -  RESULT true
[INFO ][2015-12-18 12:33:11,538][com.java.SeleniumDriver] [ 1100] - ?   P A S S   ?
[INFO ][2015-12-18 12:33:11,538][com.java.SeleniumDriver] [  821] - ------------------------------------------
[INFO ][2015-12-18 12:33:11,538][com.java.SeleniumDriver] [  822] - Test case being Executed: 3
[INFO ][2015-12-18 12:33:11,538][com.java.SeleniumDriver] [  833] - Test step:11
[INFO ][2015-12-18 12:33:11,538][com.java.SeleniumDriver] [  845] - Datavalue is----------Package Name
[INFO ][2015-12-18 12:33:11,538][com.java.SeleniumDriver] [  869] - DataField : XPH//span[@class='dlg_Label']
[INFO ][2015-12-18 12:33:11,538][com.java.SeleniumDriver] [  871] - DataValue : Package Name
[INFO ][2015-12-18 12:33:11,538][com.java.SeleniumDriver] [  877] - <In Set values of the page>
[INFO ][2015-12-18 12:33:11,538][com.java.SeleniumDriver] [  880] - {Data Fields & Data Values Exist}
[INFO ][2015-12-18 12:33:11,538][com.java.SeleniumDriver] [  882] - --------------------------setting values-----------------------------
[INFO ][2015-12-18 12:33:11,538][com.java.SeleniumDriver] [  885] - Action Type : VERIFY
[INFO ][2015-12-18 12:33:11,538][com.java.TestType] [ 6829] - field= XPH//span[@class='dlg_Label'] value= Package Name
[INFO ][2015-12-18 12:33:11,538][com.java.TestType] [ 5513] - value = Package Name
[INFO ][2015-12-18 12:33:11,679][com.java.SeleniumDriver] [  894] -  RESULT true
[INFO ][2015-12-18 12:33:11,679][com.java.SeleniumDriver] [ 1100] - ?   P A S S   ?
[INFO ][2015-12-18 12:33:11,679][com.java.SeleniumDriver] [  821] - ------------------------------------------
[INFO ][2015-12-18 12:33:11,679][com.java.SeleniumDriver] [  822] - Test case being Executed: 3
[INFO ][2015-12-18 12:33:11,679][com.java.SeleniumDriver] [  833] - Test step:12
[INFO ][2015-12-18 12:33:11,679][com.java.SeleniumDriver] [  845] - Datavalue is----------3
[INFO ][2015-12-18 12:33:11,679][com.java.SeleniumDriver] [  869] - DataField : XPH//div[contains(@id,'ember')]/div//input[contains(@class, 'ember-view ember-text-')]
[INFO ][2015-12-18 12:33:11,679][com.java.SeleniumDriver] [  871] - DataValue : 3
[INFO ][2015-12-18 12:33:11,679][com.java.SeleniumDriver] [  877] - <In Set values of the page>
[INFO ][2015-12-18 12:33:11,679][com.java.SeleniumDriver] [  880] - {Data Fields & Data Values Exist}
[INFO ][2015-12-18 12:33:11,679][com.java.SeleniumDriver] [  882] - --------------------------setting values-----------------------------
[INFO ][2015-12-18 12:33:11,679][com.java.SeleniumDriver] [  885] - Action Type : WAITFORELEMENT
[INFO ][2015-12-18 12:33:11,710][com.java.SeleniumDriver] [  894] -  RESULT true
[INFO ][2015-12-18 12:33:11,710][com.java.SeleniumDriver] [ 1100] - ?   P A S S   ?
[INFO ][2015-12-18 12:33:11,710][com.java.SeleniumDriver] [  821] - ------------------------------------------
[INFO ][2015-12-18 12:33:11,710][com.java.SeleniumDriver] [  822] - Test case being Executed: 3
[INFO ][2015-12-18 12:33:11,710][com.java.SeleniumDriver] [  833] - Test step:13
[INFO ][2015-12-18 12:33:11,710][com.java.SeleniumDriver] [  845] - Datavalue is----------null
[DEBUG][2015-12-18 12:33:11,710][com.java.SeleniumDriver] [  863] - Exception: null
[INFO ][2015-12-18 12:33:11,710][com.java.SeleniumDriver] [  869] - DataField : XPH//div[contains(@id,'ember')]/div//input[contains(@class, 'ember-view ember-text-')]
[INFO ][2015-12-18 12:33:11,710][com.java.SeleniumDriver] [  871] - DataValue : 
[INFO ][2015-12-18 12:33:11,710][com.java.SeleniumDriver] [  877] - <In Set values of the page>
[INFO ][2015-12-18 12:33:11,710][com.java.SeleniumDriver] [  880] - {Data Fields & Data Values Exist}
[INFO ][2015-12-18 12:33:11,710][com.java.SeleniumDriver] [  882] - --------------------------setting values-----------------------------
[INFO ][2015-12-18 12:33:11,710][com.java.SeleniumDriver] [  885] - Action Type : CLICK
[INFO ][2015-12-18 12:33:11,710][com.java.TestType] [ 5886] - Field ::XPH//div[contains(@id,'ember')]/div//input[contains(@class, 'ember-view ember-text-')]
[INFO ][2015-12-18 12:33:11,710][com.java.TestType] [ 5513] - value = 
[INFO ][2015-12-18 12:33:12,724][com.java.TestType] [ 6023] - BEFORE CLICK
[INFO ][2015-12-18 12:33:13,535][com.java.TestType] [ 6031] - Unable to click the object PackageName Textfield
[INFO ][2015-12-18 12:33:13,535][com.java.SeleniumDriver] [  894] -  RESULT true
[INFO ][2015-12-18 12:33:13,535][com.java.SeleniumDriver] [ 1100] - ?   P A S S   ?
[INFO ][2015-12-18 12:33:13,535][com.java.SeleniumDriver] [  821] - ------------------------------------------
[INFO ][2015-12-18 12:33:13,535][com.java.SeleniumDriver] [  822] - Test case being Executed: 3
[INFO ][2015-12-18 12:33:13,535][com.java.SeleniumDriver] [  833] - Test step:14
[INFO ][2015-12-18 12:33:13,535][com.java.SeleniumDriver] [  845] - Datavalue is----------RNDVL_Test#
[INFO ][2015-12-18 12:33:13,535][com.java.SeleniumDriver] [  869] - DataField : TXT//div[contains(@id,'ember')]/div//input[contains(@class, 'ember-view ember-text-')]
[INFO ][2015-12-18 12:33:13,535][com.java.SeleniumDriver] [  871] - DataValue : RNDVL_Test#
[INFO ][2015-12-18 12:33:13,535][com.java.SeleniumDriver] [  877] - <In Set values of the page>
[INFO ][2015-12-18 12:33:13,535][com.java.SeleniumDriver] [  880] - {Data Fields & Data Values Exist}
[INFO ][2015-12-18 12:33:13,535][com.java.SeleniumDriver] [  882] - --------------------------setting values-----------------------------
[INFO ][2015-12-18 12:33:13,535][com.java.SeleniumDriver] [  885] - Action Type : CLEARANDENTER
[INFO ][2015-12-18 12:33:13,535][com.java.TestType] [ 5513] - value = VL_Test#19752
[INFO ][2015-12-18 12:33:14,706][com.java.SeleniumDriver] [  894] -  RESULT true
[INFO ][2015-12-18 12:33:14,706][com.java.SeleniumDriver] [ 1100] - ?   P A S S   ?
[INFO ][2015-12-18 12:33:14,706][com.java.SeleniumDriver] [  821] - ------------------------------------------
[INFO ][2015-12-18 12:33:14,706][com.java.SeleniumDriver] [  822] - Test case being Executed: 3
[INFO ][2015-12-18 12:33:14,706][com.java.SeleniumDriver] [  833] - Test step:15
[INFO ][2015-12-18 12:33:14,706][com.java.SeleniumDriver] [  845] - Datavalue is----------5
[INFO ][2015-12-18 12:33:14,706][com.java.SeleniumDriver] [  869] - DataField : null
[INFO ][2015-12-18 12:33:14,706][com.java.SeleniumDriver] [  871] - DataValue : 5
[INFO ][2015-12-18 12:33:14,706][com.java.SeleniumDriver] [  877] - <In Set values of the page>
[INFO ][2015-12-18 12:33:14,706][com.java.SeleniumDriver] [  880] - {Data Fields & Data Values Exist}
[INFO ][2015-12-18 12:33:14,706][com.java.SeleniumDriver] [  882] - --------------------------setting values-----------------------------
[INFO ][2015-12-18 12:33:14,706][com.java.SeleniumDriver] [  885] - Action Type : WAITTIME
[DEBUG][2015-12-18 12:33:14,706][com.java.TestType] [ 5333] - sleepTime: 5000
[INFO ][2015-12-18 12:33:19,712][com.java.SeleniumDriver] [  894] -  RESULT true
[INFO ][2015-12-18 12:33:19,712][com.java.SeleniumDriver] [ 1100] - ?   P A S S   ?
[INFO ][2015-12-18 12:33:19,712][com.java.SeleniumDriver] [  821] - ------------------------------------------
[INFO ][2015-12-18 12:33:19,712][com.java.SeleniumDriver] [  822] - Test case being Executed: 3
[INFO ][2015-12-18 12:33:19,712][com.java.SeleniumDriver] [  833] - Test step:16
[INFO ][2015-12-18 12:33:19,712][com.java.SeleniumDriver] [  845] - Datavalue is----------5
[INFO ][2015-12-18 12:33:19,712][com.java.SeleniumDriver] [  869] - DataField : XPH//span[contains(text(),'Save')]
[INFO ][2015-12-18 12:33:19,712][com.java.SeleniumDriver] [  871] - DataValue : 5
[INFO ][2015-12-18 12:33:19,712][com.java.SeleniumDriver] [  877] - <In Set values of the page>
[INFO ][2015-12-18 12:33:19,712][com.java.SeleniumDriver] [  880] - {Data Fields & Data Values Exist}
[INFO ][2015-12-18 12:33:19,712][com.java.SeleniumDriver] [  882] - --------------------------setting values-----------------------------
[INFO ][2015-12-18 12:33:19,712][com.java.SeleniumDriver] [  885] - Action Type : WAITFORELEMENT
[INFO ][2015-12-18 12:33:19,745][com.java.SeleniumDriver] [  894] -  RESULT true
[INFO ][2015-12-18 12:33:19,745][com.java.SeleniumDriver] [ 1100] - ?   P A S S   ?
[INFO ][2015-12-18 12:33:19,745][com.java.SeleniumDriver] [  821] - ------------------------------------------
[INFO ][2015-12-18 12:33:19,745][com.java.SeleniumDriver] [  822] - Test case being Executed: 3
[INFO ][2015-12-18 12:33:19,745][com.java.SeleniumDriver] [  833] - Test step:17
[INFO ][2015-12-18 12:33:19,745][com.java.SeleniumDriver] [  845] - Datavalue is----------null
[DEBUG][2015-12-18 12:33:19,745][com.java.SeleniumDriver] [  863] - Exception: null
[INFO ][2015-12-18 12:33:19,745][com.java.SeleniumDriver] [  869] - DataField : BTNselectionTest
[INFO ][2015-12-18 12:33:19,745][com.java.SeleniumDriver] [  871] - DataValue : 
[INFO ][2015-12-18 12:33:19,745][com.java.SeleniumDriver] [  877] - <In Set values of the page>
[INFO ][2015-12-18 12:33:19,745][com.java.SeleniumDriver] [  880] - {Data Fields & Data Values Exist}
[INFO ][2015-12-18 12:33:19,745][com.java.SeleniumDriver] [  882] - --------------------------setting values-----------------------------
[INFO ][2015-12-18 12:33:19,745][com.java.SeleniumDriver] [  885] - Action Type : CLICK
[INFO ][2015-12-18 12:33:19,745][com.java.TestType] [ 5886] - Field ::BTNselectionTest
[INFO ][2015-12-18 12:33:19,745][com.java.TestType] [ 5513] - value = 
[INFO ][2015-12-18 12:33:20,759][com.java.TestType] [ 6002] - BEFORE CLICK
[INFO ][2015-12-18 12:33:23,084][com.java.TestType] [ 6009] - Unable to click the object Yes radio button
[INFO ][2015-12-18 12:33:23,084][com.java.SeleniumDriver] [  894] -  RESULT true
[INFO ][2015-12-18 12:33:23,084][com.java.SeleniumDriver] [ 1100] - ?   P A S S   ?
[INFO ][2015-12-18 12:33:23,084][com.java.SeleniumDriver] [  821] - ------------------------------------------
[INFO ][2015-12-18 12:33:23,084][com.java.SeleniumDriver] [  822] - Test case being Executed: 3
[INFO ][2015-12-18 12:33:23,084][com.java.SeleniumDriver] [  833] - Test step:18
[INFO ][2015-12-18 12:33:23,084][com.java.SeleniumDriver] [  845] - Datavalue is----------5
[INFO ][2015-12-18 12:33:23,084][com.java.SeleniumDriver] [  869] - DataField : XPH//span[contains(text(),'Save')]
[INFO ][2015-12-18 12:33:23,084][com.java.SeleniumDriver] [  871] - DataValue : 5
[INFO ][2015-12-18 12:33:23,084][com.java.SeleniumDriver] [  877] - <In Set values of the page>
[INFO ][2015-12-18 12:33:23,084][com.java.SeleniumDriver] [  880] - {Data Fields & Data Values Exist}
[INFO ][2015-12-18 12:33:23,084][com.java.SeleniumDriver] [  882] - --------------------------setting values-----------------------------
[INFO ][2015-12-18 12:33:23,084][com.java.SeleniumDriver] [  885] - Action Type : WAITFORELEMENT
[INFO ][2015-12-18 12:33:23,115][com.java.SeleniumDriver] [  894] -  RESULT true
[INFO ][2015-12-18 12:33:23,115][com.java.SeleniumDriver] [ 1100] - ?   P A S S   ?
[INFO ][2015-12-18 12:33:23,115][com.java.SeleniumDriver] [  821] - ------------------------------------------
[INFO ][2015-12-18 12:33:23,115][com.java.SeleniumDriver] [  822] - Test case being Executed: 3
[INFO ][2015-12-18 12:33:23,115][com.java.SeleniumDriver] [  833] - Test step:19
[INFO ][2015-12-18 12:33:23,115][com.java.SeleniumDriver] [  845] - Datavalue is----------null
[DEBUG][2015-12-18 12:33:23,115][com.java.SeleniumDriver] [  863] - Exception: null
[INFO ][2015-12-18 12:33:23,115][com.java.SeleniumDriver] [  869] - DataField : XPH//span[contains(text(),'Save')]
[INFO ][2015-12-18 12:33:23,115][com.java.SeleniumDriver] [  871] - DataValue : 
[INFO ][2015-12-18 12:33:23,115][com.java.SeleniumDriver] [  877] - <In Set values of the page>
[INFO ][2015-12-18 12:33:23,115][com.java.SeleniumDriver] [  880] - {Data Fields & Data Values Exist}
[INFO ][2015-12-18 12:33:23,115][com.java.SeleniumDriver] [  882] - --------------------------setting values-----------------------------
[INFO ][2015-12-18 12:33:23,115][com.java.SeleniumDriver] [  885] - Action Type : CLICK
[INFO ][2015-12-18 12:33:23,115][com.java.TestType] [ 5886] - Field ::XPH//span[contains(text(),'Save')]
[INFO ][2015-12-18 12:33:23,115][com.java.TestType] [ 5513] - value = 
[INFO ][2015-12-18 12:33:24,129][com.java.TestType] [ 6023] - BEFORE CLICK
[INFO ][2015-12-18 12:33:25,925][com.java.TestType] [ 6031] - Unable to click the object Save Button
[INFO ][2015-12-18 12:33:25,925][com.java.SeleniumDriver] [  894] -  RESULT true
[INFO ][2015-12-18 12:33:25,925][com.java.SeleniumDriver] [ 1100] - ?   P A S S   ?
[INFO ][2015-12-18 12:33:25,925][com.java.SeleniumDriver] [  821] - ------------------------------------------
[INFO ][2015-12-18 12:33:25,925][com.java.SeleniumDriver] [  822] - Test case being Executed: 3
[INFO ][2015-12-18 12:33:25,925][com.java.SeleniumDriver] [  833] - Test step:20
[INFO ][2015-12-18 12:33:25,925][com.java.SeleniumDriver] [  845] - Datavalue is----------3
[INFO ][2015-12-18 12:33:25,925][com.java.SeleniumDriver] [  869] - DataField : XPH//span[@class='dlg_Label']
[INFO ][2015-12-18 12:33:25,925][com.java.SeleniumDriver] [  871] - DataValue : 3
[INFO ][2015-12-18 12:33:25,925][com.java.SeleniumDriver] [  877] - <In Set values of the page>
[INFO ][2015-12-18 12:33:25,925][com.java.SeleniumDriver] [  880] - {Data Fields & Data Values Exist}
[INFO ][2015-12-18 12:33:25,925][com.java.SeleniumDriver] [  882] - --------------------------setting values-----------------------------
[INFO ][2015-12-18 12:33:25,925][com.java.SeleniumDriver] [  885] - Action Type : WAITFORELEMENT
[INFO ][2015-12-18 12:33:25,957][com.java.SeleniumDriver] [  894] -  RESULT true
[INFO ][2015-12-18 12:33:25,957][com.java.SeleniumDriver] [ 1100] - ?   P A S S   ?
[INFO ][2015-12-18 12:33:25,957][com.java.SeleniumDriver] [  821] - ------------------------------------------
[INFO ][2015-12-18 12:33:25,957][com.java.SeleniumDriver] [  822] - Test case being Executed: 3
[INFO ][2015-12-18 12:33:25,957][com.java.SeleniumDriver] [  833] - Test step:21
[INFO ][2015-12-18 12:33:25,957][com.java.SeleniumDriver] [  845] - Datavalue is----------PackageName
[INFO ][2015-12-18 12:33:25,957][com.java.SeleniumDriver] [  869] - DataField : SLB//select[@action="goToPackage"]
[INFO ][2015-12-18 12:33:25,957][com.java.SeleniumDriver] [  871] - DataValue : PackageName
[INFO ][2015-12-18 12:33:25,957][com.java.SeleniumDriver] [  877] - <In Set values of the page>
[INFO ][2015-12-18 12:33:25,957][com.java.SeleniumDriver] [  880] - {Data Fields & Data Values Exist}
[INFO ][2015-12-18 12:33:25,957][com.java.SeleniumDriver] [  882] - --------------------------setting values-----------------------------
[INFO ][2015-12-18 12:33:25,957][com.java.SeleniumDriver] [  885] - Action Type : STOREVALUE
[INFO ][2015-12-18 12:33:25,957][com.java.TestType] [ 8009] - field= SLB//select[@action="goToPackage"]
[INFO ][2015-12-18 12:33:26,613][com.java.SeleniumDriver] [  894] -  RESULT true
[INFO ][2015-12-18 12:33:26,613][com.java.SeleniumDriver] [ 1100] - ?   P A S S   ?
[INFO ][2015-12-18 12:33:26,613][com.java.SeleniumDriver] [  821] - ------------------------------------------
[INFO ][2015-12-18 12:33:26,613][com.java.SeleniumDriver] [  822] - Test case being Executed: 3
[INFO ][2015-12-18 12:33:26,613][com.java.SeleniumDriver] [  833] - Test step:22
[INFO ][2015-12-18 12:33:26,613][com.java.SeleniumDriver] [  845] - Datavalue is----------Current Package
[INFO ][2015-12-18 12:33:26,613][com.java.SeleniumDriver] [  869] - DataField : XPH//span[@class='dlg_Label']
[INFO ][2015-12-18 12:33:26,613][com.java.SeleniumDriver] [  871] - DataValue : Current Package
[INFO ][2015-12-18 12:33:26,613][com.java.SeleniumDriver] [  877] - <In Set values of the page>
[INFO ][2015-12-18 12:33:26,613][com.java.SeleniumDriver] [  880] - {Data Fields & Data Values Exist}
[INFO ][2015-12-18 12:33:26,613][com.java.SeleniumDriver] [  882] - --------------------------setting values-----------------------------
[INFO ][2015-12-18 12:33:26,613][com.java.SeleniumDriver] [  885] - Action Type : VERIFY
[INFO ][2015-12-18 12:33:26,613][com.java.TestType] [ 6829] - field= XPH//span[@class='dlg_Label'] value= Current Package
[INFO ][2015-12-18 12:33:26,613][com.java.TestType] [ 5513] - value = Current Package
[INFO ][2015-12-18 12:33:26,769][com.java.SeleniumDriver] [  894] -  RESULT true
[INFO ][2015-12-18 12:33:26,769][com.java.SeleniumDriver] [ 1100] - ?   P A S S   ?
[INFO ][2015-12-18 12:33:26,769][com.java.SeleniumDriver] [  821] - ------------------------------------------
[INFO ][2015-12-18 12:33:26,769][com.java.SeleniumDriver] [  822] - Test case being Executed: 3
[INFO ][2015-12-18 12:33:26,769][com.java.SeleniumDriver] [  833] - Test step:23
[INFO ][2015-12-18 12:33:26,769][com.java.SeleniumDriver] [  845] - Datavalue is----------index:2
[INFO ][2015-12-18 12:33:26,769][com.java.SeleniumDriver] [  869] - DataField : COB//select[@action='goToNewReport']
[INFO ][2015-12-18 12:33:26,769][com.java.SeleniumDriver] [  871] - DataValue : index:2
[INFO ][2015-12-18 12:33:26,769][com.java.SeleniumDriver] [  877] - <In Set values of the page>
[INFO ][2015-12-18 12:33:26,769][com.java.SeleniumDriver] [  880] - {Data Fields & Data Values Exist}
[INFO ][2015-12-18 12:33:26,769][com.java.SeleniumDriver] [  882] - --------------------------setting values-----------------------------
[INFO ][2015-12-18 12:33:26,769][com.java.SeleniumDriver] [  885] - Action Type : SELECT
[INFO ][2015-12-18 12:33:26,769][com.java.TestType] [ 5513] - value = 2
[INFO ][2015-12-18 12:33:26,878][com.java.TestType] [ 5631] -  In COB //select[@action='goToNewReport'] : 2
[INFO ][2015-12-18 12:33:30,419][com.java.SeleniumDriver] [  894] -  RESULT true
[INFO ][2015-12-18 12:33:30,419][com.java.SeleniumDriver] [ 1100] - ?   P A S S   ?
[INFO ][2015-12-18 12:33:30,419][com.java.SeleniumDriver] [  821] - ------------------------------------------
[INFO ][2015-12-18 12:33:30,419][com.java.SeleniumDriver] [  822] - Test case being Executed: 3
[INFO ][2015-12-18 12:33:30,419][com.java.SeleniumDriver] [  833] - Test step:24
[INFO ][2015-12-18 12:33:30,419][com.java.SeleniumDriver] [  845] - Datavalue is----------5
[INFO ][2015-12-18 12:33:30,419][com.java.SeleniumDriver] [  869] - DataField : XPH//td/input[contains(@class, 'ember-view ember-')]
[INFO ][2015-12-18 12:33:30,419][com.java.SeleniumDriver] [  871] - DataValue : 5
[INFO ][2015-12-18 12:33:30,419][com.java.SeleniumDriver] [  877] - <In Set values of the page>
[INFO ][2015-12-18 12:33:30,419][com.java.SeleniumDriver] [  880] - {Data Fields & Data Values Exist}
[INFO ][2015-12-18 12:33:30,419][com.java.SeleniumDriver] [  882] - --------------------------setting values-----------------------------
[INFO ][2015-12-18 12:33:30,419][com.java.SeleniumDriver] [  885] - Action Type : WAITFORELEMENT
[INFO ][2015-12-18 12:33:34,634][com.java.SeleniumDriver] [  894] -  RESULT true
[INFO ][2015-12-18 12:33:34,634][com.java.SeleniumDriver] [ 1100] - ?   P A S S   ?
[INFO ][2015-12-18 12:33:34,634][com.java.SeleniumDriver] [  821] - ------------------------------------------
[INFO ][2015-12-18 12:33:34,634][com.java.SeleniumDriver] [  822] - Test case being Executed: 3
[INFO ][2015-12-18 12:33:34,634][com.java.SeleniumDriver] [  833] - Test step:25
[INFO ][2015-12-18 12:33:34,634][com.java.SeleniumDriver] [  845] - Datavalue is----------Executive Summary (12mos.)
[INFO ][2015-12-18 12:33:34,634][com.java.SeleniumDriver] [  869] - DataField : XPH//td/input[contains(@class, 'ember-view ember-')]
[INFO ][2015-12-18 12:33:34,634][com.java.SeleniumDriver] [  871] - DataValue : Executive Summary (12mos.)
[INFO ][2015-12-18 12:33:34,634][com.java.SeleniumDriver] [  877] - <In Set values of the page>
[INFO ][2015-12-18 12:33:34,634][com.java.SeleniumDriver] [  880] - {Data Fields & Data Values Exist}
[INFO ][2015-12-18 12:33:34,634][com.java.SeleniumDriver] [  882] - --------------------------setting values-----------------------------
[INFO ][2015-12-18 12:33:34,634][com.java.SeleniumDriver] [  885] - Action Type : VERIFY
[INFO ][2015-12-18 12:33:34,634][com.java.TestType] [ 6829] - field= XPH//td/input[contains(@class, 'ember-view ember-')] value= Executive Summary (12mos.)
[INFO ][2015-12-18 12:33:34,634][com.java.TestType] [ 5513] - value = Executive Summary (12mos.)
[INFO ][2015-12-18 12:33:34,822][com.java.SeleniumDriver] [  894] -  RESULT true
[INFO ][2015-12-18 12:33:34,822][com.java.SeleniumDriver] [ 1100] - ?   P A S S   ?
[INFO ][2015-12-18 12:33:34,822][com.java.SeleniumDriver] [  821] - ------------------------------------------
[INFO ][2015-12-18 12:33:34,822][com.java.SeleniumDriver] [  822] - Test case being Executed: 3
[INFO ][2015-12-18 12:33:34,822][com.java.SeleniumDriver] [  833] - Test step:26
[INFO ][2015-12-18 12:33:34,822][com.java.SeleniumDriver] [  845] - Datavalue is----------index:1
[INFO ][2015-12-18 12:33:34,822][com.java.SeleniumDriver] [  869] - DataField : COB//td[@colspan='2']/select
[INFO ][2015-12-18 12:33:34,822][com.java.SeleniumDriver] [  871] - DataValue : index:1
[INFO ][2015-12-18 12:33:34,822][com.java.SeleniumDriver] [  877] - <In Set values of the page>
[INFO ][2015-12-18 12:33:34,822][com.java.SeleniumDriver] [  880] - {Data Fields & Data Values Exist}
[INFO ][2015-12-18 12:33:34,822][com.java.SeleniumDriver] [  882] - --------------------------setting values-----------------------------
[INFO ][2015-12-18 12:33:34,822][com.java.SeleniumDriver] [  885] - Action Type : SELECT
[INFO ][2015-12-18 12:33:34,822][com.java.TestType] [ 5513] - value = 1
[INFO ][2015-12-18 12:33:34,931][com.java.TestType] [ 5631] -  In COB //td[@colspan='2']/select : 1
[INFO ][2015-12-18 12:33:37,849][com.java.SeleniumDriver] [  894] -  RESULT true
[INFO ][2015-12-18 12:33:37,849][com.java.SeleniumDriver] [ 1100] - ?   P A S S   ?
[INFO ][2015-12-18 12:33:37,849][com.java.SeleniumDriver] [  821] - ------------------------------------------
[INFO ][2015-12-18 12:33:37,849][com.java.SeleniumDriver] [  822] - Test case being Executed: 3
[INFO ][2015-12-18 12:33:37,849][com.java.SeleniumDriver] [  833] - Test step:27
[INFO ][2015-12-18 12:33:37,849][com.java.SeleniumDriver] [  845] - Datavalue is----------3
[INFO ][2015-12-18 12:33:37,849][com.java.SeleniumDriver] [  869] - DataField : XPH//span[contains(text(),'Save')]
[INFO ][2015-12-18 12:33:37,849][com.java.SeleniumDriver] [  871] - DataValue : 3
[INFO ][2015-12-18 12:33:37,849][com.java.SeleniumDriver] [  877] - <In Set values of the page>
[INFO ][2015-12-18 12:33:37,849][com.java.SeleniumDriver] [  880] - {Data Fields & Data Values Exist}
[INFO ][2015-12-18 12:33:37,849][com.java.SeleniumDriver] [  882] - --------------------------setting values-----------------------------
[INFO ][2015-12-18 12:33:37,849][com.java.SeleniumDriver] [  885] - Action Type : WAITFORELEMENT
[INFO ][2015-12-18 12:33:37,974][com.java.SeleniumDriver] [  894] -  RESULT true
[INFO ][2015-12-18 12:33:37,974][com.java.SeleniumDriver] [ 1100] - ?   P A S S   ?
[INFO ][2015-12-18 12:33:37,974][com.java.SeleniumDriver] [  821] - ------------------------------------------
[INFO ][2015-12-18 12:33:37,974][com.java.SeleniumDriver] [  822] - Test case being Executed: 3
[INFO ][2015-12-18 12:33:37,974][com.java.SeleniumDriver] [  833] - Test step:28
[INFO ][2015-12-18 12:33:37,974][com.java.SeleniumDriver] [  845] - Datavalue is----------null
[DEBUG][2015-12-18 12:33:37,974][com.java.SeleniumDriver] [  863] - Exception: null
[INFO ][2015-12-18 12:33:37,974][com.java.SeleniumDriver] [  869] - DataField : XPH//span[contains(text(),'Save')]
[INFO ][2015-12-18 12:33:37,974][com.java.SeleniumDriver] [  871] - DataValue : 
[INFO ][2015-12-18 12:33:37,974][com.java.SeleniumDriver] [  877] - <In Set values of the page>
[INFO ][2015-12-18 12:33:37,974][com.java.SeleniumDriver] [  880] - {Data Fields & Data Values Exist}
[INFO ][2015-12-18 12:33:37,974][com.java.SeleniumDriver] [  882] - --------------------------setting values-----------------------------
[INFO ][2015-12-18 12:33:37,974][com.java.SeleniumDriver] [  885] - Action Type : CLICK
[INFO ][2015-12-18 12:33:37,974][com.java.TestType] [ 5886] - Field ::XPH//span[contains(text(),'Save')]
[INFO ][2015-12-18 12:33:37,974][com.java.TestType] [ 5513] - value = 
[INFO ][2015-12-18 12:33:38,988][com.java.TestType] [ 6023] - BEFORE CLICK
[INFO ][2015-12-18 12:33:40,486][com.java.TestType] [ 6031] - Unable to click the object Save Button
[INFO ][2015-12-18 12:33:40,486][com.java.SeleniumDriver] [  894] -  RESULT true
[INFO ][2015-12-18 12:33:40,486][com.java.SeleniumDriver] [ 1100] - ?   P A S S   ?
[INFO ][2015-12-18 12:33:40,486][com.java.SeleniumDriver] [  821] - ------------------------------------------
[INFO ][2015-12-18 12:33:40,486][com.java.SeleniumDriver] [  822] - Test case being Executed: 3
[INFO ][2015-12-18 12:33:40,486][com.java.SeleniumDriver] [  833] - Test step:29
[INFO ][2015-12-18 12:33:40,486][com.java.SeleniumDriver] [  845] - Datavalue is----------3
[INFO ][2015-12-18 12:33:40,486][com.java.SeleniumDriver] [  869] - DataField : XPH//span[contains(text(), 'Finished')]
[INFO ][2015-12-18 12:33:40,486][com.java.SeleniumDriver] [  871] - DataValue : 3
[INFO ][2015-12-18 12:33:40,486][com.java.SeleniumDriver] [  877] - <In Set values of the page>
[INFO ][2015-12-18 12:33:40,486][com.java.SeleniumDriver] [  880] - {Data Fields & Data Values Exist}
[INFO ][2015-12-18 12:33:40,486][com.java.SeleniumDriver] [  882] - --------------------------setting values-----------------------------
[INFO ][2015-12-18 12:33:40,486][com.java.SeleniumDriver] [  885] - Action Type : WAITFORELEMENT
[INFO ][2015-12-18 12:33:46,711][com.java.SeleniumDriver] [  894] -  RESULT true
[INFO ][2015-12-18 12:33:46,711][com.java.SeleniumDriver] [ 1100] - ?   P A S S   ?
[INFO ][2015-12-18 12:33:46,711][com.java.SeleniumDriver] [  821] - ------------------------------------------
[INFO ][2015-12-18 12:33:46,711][com.java.SeleniumDriver] [  822] - Test case being Executed: 3
[INFO ][2015-12-18 12:33:46,711][com.java.SeleniumDriver] [  833] - Test step:30
[INFO ][2015-12-18 12:33:46,711][com.java.SeleniumDriver] [  845] - Datavalue is----------index:2
[INFO ][2015-12-18 12:33:46,711][com.java.SeleniumDriver] [  869] - DataField : COB//select[@action='goToNewReport']
[INFO ][2015-12-18 12:33:46,711][com.java.SeleniumDriver] [  871] - DataValue : index:2
[INFO ][2015-12-18 12:33:46,711][com.java.SeleniumDriver] [  877] - <In Set values of the page>
[INFO ][2015-12-18 12:33:46,711][com.java.SeleniumDriver] [  880] - {Data Fields & Data Values Exist}
[INFO ][2015-12-18 12:33:46,711][com.java.SeleniumDriver] [  882] - --------------------------setting values-----------------------------
[INFO ][2015-12-18 12:33:46,711][com.java.SeleniumDriver] [  885] - Action Type : SELECT
[INFO ][2015-12-18 12:33:46,711][com.java.TestType] [ 5513] - value = 2
[INFO ][2015-12-18 12:33:46,822][com.java.TestType] [ 5631] -  In COB //select[@action='goToNewReport'] : 2
[INFO ][2015-12-18 12:33:50,113][com.java.SeleniumDriver] [  894] -  RESULT true
[INFO ][2015-12-18 12:33:50,113][com.java.SeleniumDriver] [ 1100] - ?   P A S S   ?
[INFO ][2015-12-18 12:33:50,113][com.java.SeleniumDriver] [  821] - ------------------------------------------
[INFO ][2015-12-18 12:33:50,113][com.java.SeleniumDriver] [  822] - Test case being Executed: 3
[INFO ][2015-12-18 12:33:50,113][com.java.SeleniumDriver] [  833] - Test step:31
[INFO ][2015-12-18 12:33:50,113][com.java.SeleniumDriver] [  845] - Datavalue is----------5
[INFO ][2015-12-18 12:33:50,113][com.java.SeleniumDriver] [  869] - DataField : XPH//td/input[contains(@class, 'ember-view ember-')]
[INFO ][2015-12-18 12:33:50,113][com.java.SeleniumDriver] [  871] - DataValue : 5
[INFO ][2015-12-18 12:33:50,113][com.java.SeleniumDriver] [  877] - <In Set values of the page>
[INFO ][2015-12-18 12:33:50,113][com.java.SeleniumDriver] [  880] - {Data Fields & Data Values Exist}
[INFO ][2015-12-18 12:33:50,113][com.java.SeleniumDriver] [  882] - --------------------------setting values-----------------------------
[INFO ][2015-12-18 12:33:50,113][com.java.SeleniumDriver] [  885] - Action Type : WAITFORELEMENT
[INFO ][2015-12-18 12:33:54,186][com.java.SeleniumDriver] [  894] -  RESULT true
[INFO ][2015-12-18 12:33:54,186][com.java.SeleniumDriver] [ 1100] - ?   P A S S   ?
[INFO ][2015-12-18 12:33:54,186][com.java.SeleniumDriver] [  821] - ------------------------------------------
[INFO ][2015-12-18 12:33:54,186][com.java.SeleniumDriver] [  822] - Test case being Executed: 3
[INFO ][2015-12-18 12:33:54,186][com.java.SeleniumDriver] [  833] - Test step:32
[INFO ][2015-12-18 12:33:54,186][com.java.SeleniumDriver] [  845] - Datavalue is----------Executive Summary (12mos.)
[INFO ][2015-12-18 12:33:54,186][com.java.SeleniumDriver] [  869] - DataField : XPH//td/input[contains(@class, 'ember-view ember-')]
[INFO ][2015-12-18 12:33:54,186][com.java.SeleniumDriver] [  871] - DataValue : Executive Summary (12mos.)
[INFO ][2015-12-18 12:33:54,186][com.java.SeleniumDriver] [  877] - <In Set values of the page>
[INFO ][2015-12-18 12:33:54,186][com.java.SeleniumDriver] [  880] - {Data Fields & Data Values Exist}
[INFO ][2015-12-18 12:33:54,186][com.java.SeleniumDriver] [  882] - --------------------------setting values-----------------------------
[INFO ][2015-12-18 12:33:54,186][com.java.SeleniumDriver] [  885] - Action Type : VERIFY
[INFO ][2015-12-18 12:33:54,186][com.java.TestType] [ 6829] - field= XPH//td/input[contains(@class, 'ember-view ember-')] value= Executive Summary (12mos.)
[INFO ][2015-12-18 12:33:54,186][com.java.TestType] [ 5513] - value = Executive Summary (12mos.)
[INFO ][2015-12-18 12:33:54,358][com.java.SeleniumDriver] [  894] -  RESULT true
[INFO ][2015-12-18 12:33:54,358][com.java.SeleniumDriver] [ 1100] - ?   P A S S   ?
[INFO ][2015-12-18 12:33:54,358][com.java.SeleniumDriver] [  821] - ------------------------------------------
[INFO ][2015-12-18 12:33:54,358][com.java.SeleniumDriver] [  822] - Test case being Executed: 3
[INFO ][2015-12-18 12:33:54,358][com.java.SeleniumDriver] [  833] - Test step:33
[INFO ][2015-12-18 12:33:54,358][com.java.SeleniumDriver] [  845] - Datavalue is----------index:2
[INFO ][2015-12-18 12:33:54,358][com.java.SeleniumDriver] [  869] - DataField : COB//td[@colspan='2']/select
[INFO ][2015-12-18 12:33:54,358][com.java.SeleniumDriver] [  871] - DataValue : index:2
[INFO ][2015-12-18 12:33:54,358][com.java.SeleniumDriver] [  877] - <In Set values of the page>
[INFO ][2015-12-18 12:33:54,358][com.java.SeleniumDriver] [  880] - {Data Fields & Data Values Exist}
[INFO ][2015-12-18 12:33:54,358][com.java.SeleniumDriver] [  882] - --------------------------setting values-----------------------------
[INFO ][2015-12-18 12:33:54,358][com.java.SeleniumDriver] [  885] - Action Type : SELECT
[INFO ][2015-12-18 12:33:54,358][com.java.TestType] [ 5513] - value = 2
[INFO ][2015-12-18 12:33:54,468][com.java.TestType] [ 5631] -  In COB //td[@colspan='2']/select : 2
[INFO ][2015-12-18 12:33:57,699][com.java.SeleniumDriver] [  894] -  RESULT true
[INFO ][2015-12-18 12:33:57,699][com.java.SeleniumDriver] [ 1100] - ?   P A S S   ?
[INFO ][2015-12-18 12:33:57,699][com.java.SeleniumDriver] [  821] - ------------------------------------------
[INFO ][2015-12-18 12:33:57,699][com.java.SeleniumDriver] [  822] - Test case being Executed: 3
[INFO ][2015-12-18 12:33:57,699][com.java.SeleniumDriver] [  833] - Test step:34
[INFO ][2015-12-18 12:33:57,699][com.java.SeleniumDriver] [  845] - Datavalue is----------3
[INFO ][2015-12-18 12:33:57,699][com.java.SeleniumDriver] [  869] - DataField : XPH//span[contains(text(),'Save')]
[INFO ][2015-12-18 12:33:57,699][com.java.SeleniumDriver] [  871] - DataValue : 3
[INFO ][2015-12-18 12:33:57,699][com.java.SeleniumDriver] [  877] - <In Set values of the page>
[INFO ][2015-12-18 12:33:57,699][com.java.SeleniumDriver] [  880] - {Data Fields & Data Values Exist}
[INFO ][2015-12-18 12:33:57,699][com.java.SeleniumDriver] [  882] - --------------------------setting values-----------------------------
[INFO ][2015-12-18 12:33:57,699][com.java.SeleniumDriver] [  885] - Action Type : WAITFORELEMENT
[INFO ][2015-12-18 12:33:57,731][com.java.SeleniumDriver] [  894] -  RESULT true
[INFO ][2015-12-18 12:33:57,731][com.java.SeleniumDriver] [ 1100] - ?   P A S S   ?
[INFO ][2015-12-18 12:33:57,731][com.java.SeleniumDriver] [  821] - ------------------------------------------
[INFO ][2015-12-18 12:33:57,731][com.java.SeleniumDriver] [  822] - Test case being Executed: 3
[INFO ][2015-12-18 12:33:57,731][com.java.SeleniumDriver] [  833] - Test step:35
[INFO ][2015-12-18 12:33:57,731][com.java.SeleniumDriver] [  845] - Datavalue is----------null
[DEBUG][2015-12-18 12:33:57,731][com.java.SeleniumDriver] [  863] - Exception: null
[INFO ][2015-12-18 12:33:57,731][com.java.SeleniumDriver] [  869] - DataField : XPH//span[contains(text(),'Save')]
[INFO ][2015-12-18 12:33:57,731][com.java.SeleniumDriver] [  871] - DataValue : 
[INFO ][2015-12-18 12:33:57,731][com.java.SeleniumDriver] [  877] - <In Set values of the page>
[INFO ][2015-12-18 12:33:57,731][com.java.SeleniumDriver] [  880] - {Data Fields & Data Values Exist}
[INFO ][2015-12-18 12:33:57,731][com.java.SeleniumDriver] [  882] - --------------------------setting values-----------------------------
[INFO ][2015-12-18 12:33:57,731][com.java.SeleniumDriver] [  885] - Action Type : CLICK
[INFO ][2015-12-18 12:33:57,731][com.java.TestType] [ 5886] - Field ::XPH//span[contains(text(),'Save')]
[INFO ][2015-12-18 12:33:57,731][com.java.TestType] [ 5513] - value = 
[INFO ][2015-12-18 12:33:58,745][com.java.TestType] [ 6023] - BEFORE CLICK
[INFO ][2015-12-18 12:34:00,133][com.java.TestType] [ 6031] - Unable to click the object Save Button
[INFO ][2015-12-18 12:34:00,133][com.java.SeleniumDriver] [  894] -  RESULT true
[INFO ][2015-12-18 12:34:00,133][com.java.SeleniumDriver] [ 1100] - ?   P A S S   ?
[INFO ][2015-12-18 12:34:00,133][com.java.SeleniumDriver] [  821] - ------------------------------------------
[INFO ][2015-12-18 12:34:00,133][com.java.SeleniumDriver] [  822] - Test case being Executed: 3
[INFO ][2015-12-18 12:34:00,133][com.java.SeleniumDriver] [  833] - Test step:36
[INFO ][2015-12-18 12:34:00,133][com.java.SeleniumDriver] [  845] - Datavalue is----------3
[INFO ][2015-12-18 12:34:00,133][com.java.SeleniumDriver] [  869] - DataField : XPH//span[contains(text(), 'Finished')]
[INFO ][2015-12-18 12:34:00,133][com.java.SeleniumDriver] [  871] - DataValue : 3
[INFO ][2015-12-18 12:34:00,133][com.java.SeleniumDriver] [  877] - <In Set values of the page>
[INFO ][2015-12-18 12:34:00,133][com.java.SeleniumDriver] [  880] - {Data Fields & Data Values Exist}
[INFO ][2015-12-18 12:34:00,133][com.java.SeleniumDriver] [  882] - --------------------------setting values-----------------------------
[INFO ][2015-12-18 12:34:00,133][com.java.SeleniumDriver] [  885] - Action Type : WAITFORELEMENT
[INFO ][2015-12-18 12:34:06,044][com.java.SeleniumDriver] [  894] -  RESULT true
[INFO ][2015-12-18 12:34:06,044][com.java.SeleniumDriver] [ 1100] - ?   P A S S   ?
[INFO ][2015-12-18 12:34:06,044][com.java.SeleniumDriver] [  821] - ------------------------------------------
[INFO ][2015-12-18 12:34:06,044][com.java.SeleniumDriver] [  822] - Test case being Executed: 3
[INFO ][2015-12-18 12:34:06,044][com.java.SeleniumDriver] [  833] - Test step:37
[INFO ][2015-12-18 12:34:06,044][com.java.SeleniumDriver] [  845] - Datavalue is----------null
[DEBUG][2015-12-18 12:34:06,044][com.java.SeleniumDriver] [  863] - Exception: null
[INFO ][2015-12-18 12:34:06,044][com.java.SeleniumDriver] [  869] - DataField : XPH//span[contains(text(), 'Finished')]
[INFO ][2015-12-18 12:34:06,044][com.java.SeleniumDriver] [  871] - DataValue : 
[INFO ][2015-12-18 12:34:06,044][com.java.SeleniumDriver] [  877] - <In Set values of the page>
[INFO ][2015-12-18 12:34:06,044][com.java.SeleniumDriver] [  880] - {Data Fields & Data Values Exist}
[INFO ][2015-12-18 12:34:06,044][com.java.SeleniumDriver] [  882] - --------------------------setting values-----------------------------
[INFO ][2015-12-18 12:34:06,044][com.java.SeleniumDriver] [  885] - Action Type : CLICK
[INFO ][2015-12-18 12:34:06,044][com.java.TestType] [ 5886] - Field ::XPH//span[contains(text(), 'Finished')]
[INFO ][2015-12-18 12:34:06,044][com.java.TestType] [ 5513] - value = 
[INFO ][2015-12-18 12:34:07,059][com.java.TestType] [ 6023] - BEFORE CLICK
[INFO ][2015-12-18 12:34:07,994][com.java.TestType] [ 6031] - Unable to click the object Finished button
[INFO ][2015-12-18 12:34:07,994][com.java.SeleniumDriver] [  894] -  RESULT true
[INFO ][2015-12-18 12:34:07,994][com.java.SeleniumDriver] [ 1100] - ?   P A S S   ?
[INFO ][2015-12-18 12:34:07,994][com.java.SeleniumDriver] [  821] - ------------------------------------------
[INFO ][2015-12-18 12:34:07,994][com.java.SeleniumDriver] [  822] - Test case being Executed: 3
[INFO ][2015-12-18 12:34:07,994][com.java.SeleniumDriver] [  833] - Test step:38
[INFO ][2015-12-18 12:34:07,994][com.java.SeleniumDriver] [  845] - Datavalue is----------5
[INFO ][2015-12-18 12:34:07,994][com.java.SeleniumDriver] [  869] - DataField : test
[INFO ][2015-12-18 12:34:07,994][com.java.SeleniumDriver] [  871] - DataValue : 5
[INFO ][2015-12-18 12:34:07,994][com.java.SeleniumDriver] [  877] - <In Set values of the page>
[INFO ][2015-12-18 12:34:07,994][com.java.SeleniumDriver] [  880] - {Data Fields & Data Values Exist}
[INFO ][2015-12-18 12:34:07,994][com.java.SeleniumDriver] [  882] - --------------------------setting values-----------------------------
[INFO ][2015-12-18 12:34:07,994][com.java.SeleniumDriver] [  885] - Action Type : WaitTime
[DEBUG][2015-12-18 12:34:07,994][com.java.TestType] [ 5333] - sleepTime: 5000
[INFO ][2015-12-18 12:34:13,003][com.java.SeleniumDriver] [  894] -  RESULT true
[INFO ][2015-12-18 12:34:13,003][com.java.SeleniumDriver] [ 1100] - ?   P A S S   ?
[INFO ][2015-12-18 12:34:13,003][com.java.SeleniumDriver] [  821] - ------------------------------------------
[INFO ][2015-12-18 12:34:13,003][com.java.SeleniumDriver] [  822] - Test case being Executed: 3
[INFO ][2015-12-18 12:34:13,003][com.java.SeleniumDriver] [  833] - Test step:39
[INFO ][2015-12-18 12:34:13,003][com.java.SeleniumDriver] [  845] - Datavalue is----------null
[DEBUG][2015-12-18 12:34:13,003][com.java.SeleniumDriver] [  863] - Exception: null
[INFO ][2015-12-18 12:34:13,003][com.java.SeleniumDriver] [  869] - DataField : BTNparent
[INFO ][2015-12-18 12:34:13,003][com.java.SeleniumDriver] [  871] - DataValue : 
[INFO ][2015-12-18 12:34:13,003][com.java.SeleniumDriver] [  877] - <In Set values of the page>
[INFO ][2015-12-18 12:34:13,003][com.java.SeleniumDriver] [  880] - {Data Fields & Data Values Exist}
[INFO ][2015-12-18 12:34:13,003][com.java.SeleniumDriver] [  882] - --------------------------setting values-----------------------------
[INFO ][2015-12-18 12:34:13,003][com.java.SeleniumDriver] [  885] - Action Type : SELECTFRAME
[INFO ][2015-12-18 12:34:13,004][com.java.SeleniumDriver] [  894] -  RESULT true
[INFO ][2015-12-18 12:34:13,004][com.java.SeleniumDriver] [ 1100] - ?   P A S S   ?
[INFO ][2015-12-18 12:34:13,004][com.java.SeleniumDriver] [  821] - ------------------------------------------
[INFO ][2015-12-18 12:34:13,004][com.java.SeleniumDriver] [  822] - Test case being Executed: 3
[INFO ][2015-12-18 12:34:13,004][com.java.SeleniumDriver] [  833] - Test step:40
[INFO ][2015-12-18 12:34:13,004][com.java.SeleniumDriver] [  845] - Datavalue is----------5
[INFO ][2015-12-18 12:34:13,004][com.java.SeleniumDriver] [  869] - DataField : test
[INFO ][2015-12-18 12:34:13,004][com.java.SeleniumDriver] [  871] - DataValue : 5
[INFO ][2015-12-18 12:34:13,004][com.java.SeleniumDriver] [  877] - <In Set values of the page>
[INFO ][2015-12-18 12:34:13,004][com.java.SeleniumDriver] [  880] - {Data Fields & Data Values Exist}
[INFO ][2015-12-18 12:34:13,004][com.java.SeleniumDriver] [  882] - --------------------------setting values-----------------------------
[INFO ][2015-12-18 12:34:13,004][com.java.SeleniumDriver] [  885] - Action Type : WaitTime
[DEBUG][2015-12-18 12:34:13,004][com.java.TestType] [ 5333] - sleepTime: 5000
[INFO ][2015-12-18 12:34:18,029][com.java.SeleniumDriver] [  894] -  RESULT true
[INFO ][2015-12-18 12:34:18,029][com.java.SeleniumDriver] [ 1100] - ?   P A S S   ?
[INFO ][2015-12-18 12:34:18,029][com.java.SeleniumDriver] [  821] - ------------------------------------------
[INFO ][2015-12-18 12:34:18,029][com.java.SeleniumDriver] [  822] - Test case being Executed: 3
[INFO ][2015-12-18 12:34:18,029][com.java.SeleniumDriver] [  833] - Test step:41
[INFO ][2015-12-18 12:34:18,029][com.java.SeleniumDriver] [  845] - Datavalue is----------Concept#4:1-22
[INFO ][2015-12-18 12:34:18,029][com.java.SeleniumDriver] [  869] - DataField : test
[INFO ][2015-12-18 12:34:18,029][com.java.SeleniumDriver] [  871] - DataValue : Concept#4:1-22
[INFO ][2015-12-18 12:34:18,029][com.java.SeleniumDriver] [  877] - <In Set values of the page>
[INFO ][2015-12-18 12:34:18,029][com.java.SeleniumDriver] [  880] - {Data Fields & Data Values Exist}
[INFO ][2015-12-18 12:34:18,029][com.java.SeleniumDriver] [  882] - --------------------------setting values-----------------------------
[INFO ][2015-12-18 12:34:18,029][com.java.SeleniumDriver] [  885] - Action Type : ExecuteTestCase
[INFO ][2015-12-18 12:34:18,029][com.java.TestType] [  437] - The Concept sheet name is ---------- Concept
[INFO ][2015-12-18 12:34:18,029][com.java.TestType] [  440] - The Concept ID  is ---------- 4
[DEBUG][2015-12-18 12:34:18,029][com.java.TestType] [  444] - Steps being executted in the Concept are: 1:22
[INFO ][2015-12-18 12:34:18,029][com.java.TestType] [  451] - Test data details path ---------- D:\BankersDashboard\TestInputs\TestData.xls
[INFO ][2015-12-18 12:34:18,498][com.java.TestType] [  482] -  str(1) = 4
[INFO ][2015-12-18 12:34:18,498][com.java.TestType] [  485] - Test case Id is---4
[INFO ][2015-12-18 12:34:18,498][com.java.TestType] [  487] - 4
[INFO ][2015-12-18 12:34:18,498][com.java.TestType] [  482] -  str(2) = 1
[INFO ][2015-12-18 12:34:18,498][com.java.TestType] [  534] - row values are--------{1=com.java.Objects.TestDataDetails@fbe81a}
[INFO ][2015-12-18 12:34:18,498][com.java.TestType] [  482] -  str(1) = 4
[INFO ][2015-12-18 12:34:18,498][com.java.TestType] [  485] - Test case Id is---4
[INFO ][2015-12-18 12:34:18,498][com.java.TestType] [  487] - 4
[INFO ][2015-12-18 12:34:18,498][com.java.TestType] [  482] -  str(2) = 2
[INFO ][2015-12-18 12:34:18,498][com.java.TestType] [  534] - row values are--------{1=com.java.Objects.TestDataDetails@fbe81a, 2=com.java.Objects.TestDataDetails@1379757}
[INFO ][2015-12-18 12:34:18,498][com.java.TestType] [  482] -  str(1) = 4
[INFO ][2015-12-18 12:34:18,498][com.java.TestType] [  485] - Test case Id is---4
[INFO ][2015-12-18 12:34:18,498][com.java.TestType] [  487] - 4
[INFO ][2015-12-18 12:34:18,498][com.java.TestType] [  482] -  str(2) = 3
[INFO ][2015-12-18 12:34:18,498][com.java.TestType] [  534] - row values are--------{1=com.java.Objects.TestDataDetails@fbe81a, 2=com.java.Objects.TestDataDetails@1379757, 3=com.java.Objects.TestDataDetails@14d2c34}
[INFO ][2015-12-18 12:34:18,498][com.java.TestType] [  482] -  str(1) = 4
[INFO ][2015-12-18 12:34:18,498][com.java.TestType] [  485] - Test case Id is---4
[INFO ][2015-12-18 12:34:18,498][com.java.TestType] [  487] - 4
[INFO ][2015-12-18 12:34:18,498][com.java.TestType] [  482] -  str(2) = 4
[INFO ][2015-12-18 12:34:18,498][com.java.TestType] [  534] - row values are--------{1=com.java.Objects.TestDataDetails@fbe81a, 2=com.java.Objects.TestDataDetails@1379757, 3=com.java.Objects.TestDataDetails@14d2c34, 4=com.java.Objects.TestDataDetails@92fab0}
[INFO ][2015-12-18 12:34:18,498][com.java.TestType] [  482] -  str(1) = 4
[INFO ][2015-12-18 12:34:18,498][com.java.TestType] [  485] - Test case Id is---4
[INFO ][2015-12-18 12:34:18,498][com.java.TestType] [  487] - 4
[INFO ][2015-12-18 12:34:18,498][com.java.TestType] [  482] -  str(2) = 5
[INFO ][2015-12-18 12:34:18,498][com.java.TestType] [  534] - row values are--------{1=com.java.Objects.TestDataDetails@fbe81a, 2=com.java.Objects.TestDataDetails@1379757, 3=com.java.Objects.TestDataDetails@14d2c34, 4=com.java.Objects.TestDataDetails@92fab0, 5=com.java.Objects.TestDataDetails@327b6}
[INFO ][2015-12-18 12:34:18,498][com.java.TestType] [  482] -  str(1) = 4
[INFO ][2015-12-18 12:34:18,498][com.java.TestType] [  485] - Test case Id is---4
[INFO ][2015-12-18 12:34:18,498][com.java.TestType] [  487] - 4
[INFO ][2015-12-18 12:34:18,513][com.java.TestType] [  482] -  str(2) = 6
[INFO ][2015-12-18 12:34:18,513][com.java.TestType] [  534] - row values are--------{1=com.java.Objects.TestDataDetails@fbe81a, 2=com.java.Objects.TestDataDetails@1379757, 3=com.java.Objects.TestDataDetails@14d2c34, 4=com.java.Objects.TestDataDetails@92fab0, 5=com.java.Objects.TestDataDetails@327b6, 6=com.java.Objects.TestDataDetails@1f28c}
[INFO ][2015-12-18 12:34:18,513][com.java.TestType] [  482] -  str(1) = 4
[INFO ][2015-12-18 12:34:18,513][com.java.TestType] [  485] - Test case Id is---4
[INFO ][2015-12-18 12:34:18,513][com.java.TestType] [  487] - 4
[INFO ][2015-12-18 12:34:18,513][com.java.TestType] [  482] -  str(2) = 7
[INFO ][2015-12-18 12:34:18,513][com.java.TestType] [  534] - row values are--------{1=com.java.Objects.TestDataDetails@fbe81a, 2=com.java.Objects.TestDataDetails@1379757, 3=com.java.Objects.TestDataDetails@14d2c34, 4=com.java.Objects.TestDataDetails@92fab0, 5=com.java.Objects.TestDataDetails@327b6, 6=com.java.Objects.TestDataDetails@1f28c, 7=com.java.Objects.TestDataDetails@16b9929}
[INFO ][2015-12-18 12:34:18,513][com.java.TestType] [  482] -  str(1) = 4
[INFO ][2015-12-18 12:34:18,513][com.java.TestType] [  485] - Test case Id is---4
[INFO ][2015-12-18 12:34:18,513][com.java.TestType] [  487] - 4
[INFO ][2015-12-18 12:34:18,513][com.java.TestType] [  482] -  str(2) = 8
[INFO ][2015-12-18 12:34:18,513][com.java.TestType] [  534] - row values are--------{1=com.java.Objects.TestDataDetails@fbe81a, 2=com.java.Objects.TestDataDetails@1379757, 3=com.java.Objects.TestDataDetails@14d2c34, 4=com.java.Objects.TestDataDetails@92fab0, 5=com.java.Objects.TestDataDetails@327b6, 6=com.java.Objects.TestDataDetails@1f28c, 7=com.java.Objects.TestDataDetails@16b9929, 8=com.java.Objects.TestDataDetails@134011e}
[INFO ][2015-12-18 12:34:18,513][com.java.TestType] [  482] -  str(1) = 4
[INFO ][2015-12-18 12:34:18,513][com.java.TestType] [  485] - Test case Id is---4
[INFO ][2015-12-18 12:34:18,513][com.java.TestType] [  487] - 4
[INFO ][2015-12-18 12:34:18,513][com.java.TestType] [  482] -  str(2) = 9
[INFO ][2015-12-18 12:34:18,513][com.java.TestType] [  534] - row values are--------{1=com.java.Objects.TestDataDetails@fbe81a, 2=com.java.Objects.TestDataDetails@1379757, 3=com.java.Objects.TestDataDetails@14d2c34, 4=com.java.Objects.TestDataDetails@92fab0, 5=com.java.Objects.TestDataDetails@327b6, 6=com.java.Objects.TestDataDetails@1f28c, 7=com.java.Objects.TestDataDetails@16b9929, 8=com.java.Objects.TestDataDetails@134011e, 9=com.java.Objects.TestDataDetails@e15284}
[INFO ][2015-12-18 12:34:18,513][com.java.TestType] [  482] -  str(1) = 4
[INFO ][2015-12-18 12:34:18,513][com.java.TestType] [  485] - Test case Id is---4
[INFO ][2015-12-18 12:34:18,513][com.java.TestType] [  487] - 4
[INFO ][2015-12-18 12:34:18,513][com.java.TestType] [  482] -  str(2) = 10
[INFO ][2015-12-18 12:34:18,513][com.java.TestType] [  534] - row values are--------{1=com.java.Objects.TestDataDetails@fbe81a, 2=com.java.Objects.TestDataDetails@1379757, 3=com.java.Objects.TestDataDetails@14d2c34, 4=com.java.Objects.TestDataDetails@92fab0, 5=com.java.Objects.TestDataDetails@327b6, 6=com.java.Objects.TestDataDetails@1f28c, 7=com.java.Objects.TestDataDetails@16b9929, 8=com.java.Objects.TestDataDetails@134011e, 9=com.java.Objects.TestDataDetails@e15284, 10=com.java.Objects.TestDataDetails@aa628f}
[INFO ][2015-12-18 12:34:18,513][com.java.TestType] [  482] -  str(1) = 4
[INFO ][2015-12-18 12:34:18,513][com.java.TestType] [  485] - Test case Id is---4
[INFO ][2015-12-18 12:34:18,513][com.java.TestType] [  487] - 4
[INFO ][2015-12-18 12:34:18,513][com.java.TestType] [  482] -  str(2) = 11
[INFO ][2015-12-18 12:34:18,513][com.java.TestType] [  534] - row values are--------{1=com.java.Objects.TestDataDetails@fbe81a, 2=com.java.Objects.TestDataDetails@1379757, 3=com.java.Objects.TestDataDetails@14d2c34, 4=com.java.Objects.TestDataDetails@92fab0, 5=com.java.Objects.TestDataDetails@327b6, 6=com.java.Objects.TestDataDetails@1f28c, 7=com.java.Objects.TestDataDetails@16b9929, 8=com.java.Objects.TestDataDetails@134011e, 9=com.java.Objects.TestDataDetails@e15284, 10=com.java.Objects.TestDataDetails@aa628f, 11=com.java.Objects.TestDataDetails@11013d6}
[INFO ][2015-12-18 12:34:18,513][com.java.TestType] [  482] -  str(1) = 4
[INFO ][2015-12-18 12:34:18,513][com.java.TestType] [  485] - Test case Id is---4
[INFO ][2015-12-18 12:34:18,513][com.java.TestType] [  487] - 4
[INFO ][2015-12-18 12:34:18,513][com.java.TestType] [  482] -  str(2) = 12
[INFO ][2015-12-18 12:34:18,513][com.java.TestType] [  534] - row values are--------{1=com.java.Objects.TestDataDetails@fbe81a, 2=com.java.Objects.TestDataDetails@1379757, 3=com.java.Objects.TestDataDetails@14d2c34, 4=com.java.Objects.TestDataDetails@92fab0, 5=com.java.Objects.TestDataDetails@327b6, 6=com.java.Objects.TestDataDetails@1f28c, 7=com.java.Objects.TestDataDetails@16b9929, 8=com.java.Objects.TestDataDetails@134011e, 9=com.java.Objects.TestDataDetails@e15284, 10=com.java.Objects.TestDataDetails@aa628f, 11=com.java.Objects.TestDataDetails@11013d6, 12=com.java.Objects.TestDataDetails@1adf9f1}
[INFO ][2015-12-18 12:34:18,513][com.java.TestType] [  482] -  str(1) = 4
[INFO ][2015-12-18 12:34:18,513][com.java.TestType] [  485] - Test case Id is---4
[INFO ][2015-12-18 12:34:18,513][com.java.TestType] [  487] - 4
[INFO ][2015-12-18 12:34:18,513][com.java.TestType] [  482] -  str(2) = 13
[INFO ][2015-12-18 12:34:18,513][com.java.TestType] [  534] - row values are--------{1=com.java.Objects.TestDataDetails@fbe81a, 2=com.java.Objects.TestDataDetails@1379757, 3=com.java.Objects.TestDataDetails@14d2c34, 4=com.java.Objects.TestDataDetails@92fab0, 5=com.java.Objects.TestDataDetails@327b6, 6=com.java.Objects.TestDataDetails@1f28c, 7=com.java.Objects.TestDataDetails@16b9929, 8=com.java.Objects.TestDataDetails@134011e, 9=com.java.Objects.TestDataDetails@e15284, 10=com.java.Objects.TestDataDetails@aa628f, 11=com.java.Objects.TestDataDetails@11013d6, 12=com.java.Objects.TestDataDetails@1adf9f1, 13=com.java.Objects.TestDataDetails@10d1117}
[INFO ][2015-12-18 12:34:18,513][com.java.TestType] [  482] -  str(1) = 4
[INFO ][2015-12-18 12:34:18,513][com.java.TestType] [  485] - Test case Id is---4
[INFO ][2015-12-18 12:34:18,513][com.java.TestType] [  487] - 4
[INFO ][2015-12-18 12:34:18,513][com.java.TestType] [  482] -  str(2) = 14
[INFO ][2015-12-18 12:34:18,513][com.java.TestType] [  534] - row values are--------{1=com.java.Objects.TestDataDetails@fbe81a, 2=com.java.Objects.TestDataDetails@1379757, 3=com.java.Objects.TestDataDetails@14d2c34, 4=com.java.Objects.TestDataDetails@92fab0, 5=com.java.Objects.TestDataDetails@327b6, 6=com.java.Objects.TestDataDetails@1f28c, 7=com.java.Objects.TestDataDetails@16b9929, 8=com.java.Objects.TestDataDetails@134011e, 9=com.java.Objects.TestDataDetails@e15284, 10=com.java.Objects.TestDataDetails@aa628f, 11=com.java.Objects.TestDataDetails@11013d6, 12=com.java.Objects.TestDataDetails@1adf9f1, 13=com.java.Objects.TestDataDetails@10d1117, 14=com.java.Objects.TestDataDetails@14847ca}
[INFO ][2015-12-18 12:34:18,513][com.java.TestType] [  482] -  str(1) = 4
[INFO ][2015-12-18 12:34:18,513][com.java.TestType] [  485] - Test case Id is---4
[INFO ][2015-12-18 12:34:18,513][com.java.TestType] [  487] - 4
[INFO ][2015-12-18 12:34:18,513][com.java.TestType] [  482] -  str(2) = 15
[INFO ][2015-12-18 12:34:18,513][com.java.TestType] [  534] - row values are--------{1=com.java.Objects.TestDataDetails@fbe81a, 2=com.java.Objects.TestDataDetails@1379757, 3=com.java.Objects.TestDataDetails@14d2c34, 4=com.java.Objects.TestDataDetails@92fab0, 5=com.java.Objects.TestDataDetails@327b6, 6=com.java.Objects.TestDataDetails@1f28c, 7=com.java.Objects.TestDataDetails@16b9929, 8=com.java.Objects.TestDataDetails@134011e, 9=com.java.Objects.TestDataDetails@e15284, 10=com.java.Objects.TestDataDetails@aa628f, 11=com.java.Objects.TestDataDetails@11013d6, 12=com.java.Objects.TestDataDetails@1adf9f1, 13=com.java.Objects.TestDataDetails@10d1117, 14=com.java.Objects.TestDataDetails@14847ca, 15=com.java.Objects.TestDataDetails@12f965f}
[INFO ][2015-12-18 12:34:18,513][com.java.TestType] [  482] -  str(1) = 4
[INFO ][2015-12-18 12:34:18,513][com.java.TestType] [  485] - Test case Id is---4
[INFO ][2015-12-18 12:34:18,513][com.java.TestType] [  487] - 4
[INFO ][2015-12-18 12:34:18,513][com.java.TestType] [  482] -  str(2) = 16
[INFO ][2015-12-18 12:34:18,513][com.java.TestType] [  534] - row values are--------{1=com.java.Objects.TestDataDetails@fbe81a, 2=com.java.Objects.TestDataDetails@1379757, 3=com.java.Objects.TestDataDetails@14d2c34, 4=com.java.Objects.TestDataDetails@92fab0, 5=com.java.Objects.TestDataDetails@327b6, 6=com.java.Objects.TestDataDetails@1f28c, 7=com.java.Objects.TestDataDetails@16b9929, 8=com.java.Objects.TestDataDetails@134011e, 9=com.java.Objects.TestDataDetails@e15284, 10=com.java.Objects.TestDataDetails@aa628f, 11=com.java.Objects.TestDataDetails@11013d6, 12=com.java.Objects.TestDataDetails@1adf9f1, 13=com.java.Objects.TestDataDetails@10d1117, 14=com.java.Objects.TestDataDetails@14847ca, 15=com.java.Objects.TestDataDetails@12f965f, 16=com.java.Objects.TestDataDetails@1eacfda}
[INFO ][2015-12-18 12:34:18,513][com.java.TestType] [  482] -  str(1) = 4
[INFO ][2015-12-18 12:34:18,513][com.java.TestType] [  485] - Test case Id is---4
[INFO ][2015-12-18 12:34:18,513][com.java.TestType] [  487] - 4
[INFO ][2015-12-18 12:34:18,513][com.java.TestType] [  482] -  str(2) = 17
[INFO ][2015-12-18 12:34:18,513][com.java.TestType] [  534] - row values are--------{1=com.java.Objects.TestDataDetails@fbe81a, 2=com.java.Objects.TestDataDetails@1379757, 3=com.java.Objects.TestDataDetails@14d2c34, 4=com.java.Objects.TestDataDetails@92fab0, 5=com.java.Objects.TestDataDetails@327b6, 6=com.java.Objects.TestDataDetails@1f28c, 7=com.java.Objects.TestDataDetails@16b9929, 8=com.java.Objects.TestDataDetails@134011e, 9=com.java.Objects.TestDataDetails@e15284, 10=com.java.Objects.TestDataDetails@aa628f, 11=com.java.Objects.TestDataDetails@11013d6, 12=com.java.Objects.TestDataDetails@1adf9f1, 13=com.java.Objects.TestDataDetails@10d1117, 14=com.java.Objects.TestDataDetails@14847ca, 15=com.java.Objects.TestDataDetails@12f965f, 17=com.java.Objects.TestDataDetails@11cb49e, 16=com.java.Objects.TestDataDetails@1eacfda}
[INFO ][2015-12-18 12:34:18,513][com.java.TestType] [  482] -  str(1) = 4
[INFO ][2015-12-18 12:34:18,513][com.java.TestType] [  485] - Test case Id is---4
[INFO ][2015-12-18 12:34:18,513][com.java.TestType] [  487] - 4
[INFO ][2015-12-18 12:34:18,513][com.java.TestType] [  482] -  str(2) = 18
[INFO ][2015-12-18 12:34:18,513][com.java.TestType] [  534] - row values are--------{1=com.java.Objects.TestDataDetails@fbe81a, 2=com.java.Objects.TestDataDetails@1379757, 3=com.java.Objects.TestDataDetails@14d2c34, 4=com.java.Objects.TestDataDetails@92fab0, 5=com.java.Objects.TestDataDetails@327b6, 6=com.java.Objects.TestDataDetails@1f28c, 7=com.java.Objects.TestDataDetails@16b9929, 8=com.java.Objects.TestDataDetails@134011e, 9=com.java.Objects.TestDataDetails@e15284, 10=com.java.Objects.TestDataDetails@aa628f, 11=com.java.Objects.TestDataDetails@11013d6, 12=com.java.Objects.TestDataDetails@1adf9f1, 13=com.java.Objects.TestDataDetails@10d1117, 14=com.java.Objects.TestDataDetails@14847ca, 15=com.java.Objects.TestDataDetails@12f965f, 17=com.java.Objects.TestDataDetails@11cb49e, 16=com.java.Objects.TestDataDetails@1eacfda, 18=com.java.Objects.TestDataDetails@16f4737}
[INFO ][2015-12-18 12:34:18,513][com.java.TestType] [  482] -  str(1) = 4
[INFO ][2015-12-18 12:34:18,513][com.java.TestType] [  485] - Test case Id is---4
[INFO ][2015-12-18 12:34:18,513][com.java.TestType] [  487] - 4
[INFO ][2015-12-18 12:34:18,513][com.java.TestType] [  482] -  str(2) = 19
[INFO ][2015-12-18 12:34:18,513][com.java.TestType] [  534] - row values are--------{1=com.java.Objects.TestDataDetails@fbe81a, 2=com.java.Objects.TestDataDetails@1379757, 3=com.java.Objects.TestDataDetails@14d2c34, 4=com.java.Objects.TestDataDetails@92fab0, 5=com.java.Objects.TestDataDetails@327b6, 6=com.java.Objects.TestDataDetails@1f28c, 7=com.java.Objects.TestDataDetails@16b9929, 8=com.java.Objects.TestDataDetails@134011e, 9=com.java.Objects.TestDataDetails@e15284, 10=com.java.Objects.TestDataDetails@aa628f, 11=com.java.Objects.TestDataDetails@11013d6, 12=com.java.Objects.TestDataDetails@1adf9f1, 13=com.java.Objects.TestDataDetails@10d1117, 14=com.java.Objects.TestDataDetails@14847ca, 15=com.java.Objects.TestDataDetails@12f965f, 17=com.java.Objects.TestDataDetails@11cb49e, 16=com.java.Objects.TestDataDetails@1eacfda, 19=com.java.Objects.TestDataDetails@702d3c, 18=com.java.Objects.TestDataDetails@16f4737}
[INFO ][2015-12-18 12:34:18,513][com.java.TestType] [  482] -  str(1) = 4
[INFO ][2015-12-18 12:34:18,513][com.java.TestType] [  485] - Test case Id is---4
[INFO ][2015-12-18 12:34:18,513][com.java.TestType] [  487] - 4
[INFO ][2015-12-18 12:34:18,513][com.java.TestType] [  482] -  str(2) = 20
[INFO ][2015-12-18 12:34:18,513][com.java.TestType] [  534] - row values are--------{1=com.java.Objects.TestDataDetails@fbe81a, 2=com.java.Objects.TestDataDetails@1379757, 3=com.java.Objects.TestDataDetails@14d2c34, 4=com.java.Objects.TestDataDetails@92fab0, 5=com.java.Objects.TestDataDetails@327b6, 6=com.java.Objects.TestDataDetails@1f28c, 7=com.java.Objects.TestDataDetails@16b9929, 8=com.java.Objects.TestDataDetails@134011e, 9=com.java.Objects.TestDataDetails@e15284, 10=com.java.Objects.TestDataDetails@aa628f, 11=com.java.Objects.TestDataDetails@11013d6, 12=com.java.Objects.TestDataDetails@1adf9f1, 13=com.java.Objects.TestDataDetails@10d1117, 14=com.java.Objects.TestDataDetails@14847ca, 15=com.java.Objects.TestDataDetails@12f965f, 17=com.java.Objects.TestDataDetails@11cb49e, 16=com.java.Objects.TestDataDetails@1eacfda, 19=com.java.Objects.TestDataDetails@702d3c, 18=com.java.Objects.TestDataDetails@16f4737, 20=com.java.Objects.TestDataDetails@1fa7596}
[INFO ][2015-12-18 12:34:18,513][com.java.TestType] [  482] -  str(1) = 4
[INFO ][2015-12-18 12:34:18,513][com.java.TestType] [  485] - Test case Id is---4
[INFO ][2015-12-18 12:34:18,513][com.java.TestType] [  487] - 4
[INFO ][2015-12-18 12:34:18,513][com.java.TestType] [  482] -  str(2) = 21
[INFO ][2015-12-18 12:34:18,513][com.java.TestType] [  534] - row values are--------{1=com.java.Objects.TestDataDetails@fbe81a, 2=com.java.Objects.TestDataDetails@1379757, 3=com.java.Objects.TestDataDetails@14d2c34, 4=com.java.Objects.TestDataDetails@92fab0, 5=com.java.Objects.TestDataDetails@327b6, 6=com.java.Objects.TestDataDetails@1f28c, 7=com.java.Objects.TestDataDetails@16b9929, 8=com.java.Objects.TestDataDetails@134011e, 9=com.java.Objects.TestDataDetails@e15284, 10=com.java.Objects.TestDataDetails@aa628f, 11=com.java.Objects.TestDataDetails@11013d6, 12=com.java.Objects.TestDataDetails@1adf9f1, 13=com.java.Objects.TestDataDetails@10d1117, 14=com.java.Objects.TestDataDetails@14847ca, 15=com.java.Objects.TestDataDetails@12f965f, 17=com.java.Objects.TestDataDetails@11cb49e, 16=com.java.Objects.TestDataDetails@1eacfda, 19=com.java.Objects.TestDataDetails@702d3c, 18=com.java.Objects.TestDataDetails@16f4737, 21=com.java.Objects.TestDataDetails@126b44d, 20=com.java.Objects.TestDataDetails@1fa7596}
[INFO ][2015-12-18 12:34:18,513][com.java.TestType] [  482] -  str(1) = 4
[INFO ][2015-12-18 12:34:18,513][com.java.TestType] [  485] - Test case Id is---4
[INFO ][2015-12-18 12:34:18,513][com.java.TestType] [  487] - 4
[INFO ][2015-12-18 12:34:18,513][com.java.TestType] [  482] -  str(2) = 22
[INFO ][2015-12-18 12:34:18,529][com.java.TestType] [  534] - row values are--------{1=com.java.Objects.TestDataDetails@fbe81a, 2=com.java.Objects.TestDataDetails@1379757, 3=com.java.Objects.TestDataDetails@14d2c34, 4=com.java.Objects.TestDataDetails@92fab0, 5=com.java.Objects.TestDataDetails@327b6, 6=com.java.Objects.TestDataDetails@1f28c, 7=com.java.Objects.TestDataDetails@16b9929, 8=com.java.Objects.TestDataDetails@134011e, 9=com.java.Objects.TestDataDetails@e15284, 10=com.java.Objects.TestDataDetails@aa628f, 11=com.java.Objects.TestDataDetails@11013d6, 12=com.java.Objects.TestDataDetails@1adf9f1, 13=com.java.Objects.TestDataDetails@10d1117, 14=com.java.Objects.TestDataDetails@14847ca, 15=com.java.Objects.TestDataDetails@12f965f, 17=com.java.Objects.TestDataDetails@11cb49e, 16=com.java.Objects.TestDataDetails@1eacfda, 19=com.java.Objects.TestDataDetails@702d3c, 18=com.java.Objects.TestDataDetails@16f4737, 21=com.java.Objects.TestDataDetails@126b44d, 20=com.java.Objects.TestDataDetails@1fa7596, 22=com.java.Objects.TestDataDetails@1a7d9ad}
[INFO ][2015-12-18 12:34:18,529][com.java.TestType] [  482] -  str(1) = 4
[INFO ][2015-12-18 12:34:18,529][com.java.TestType] [  485] - Test case Id is---4
[INFO ][2015-12-18 12:34:18,529][com.java.TestType] [  487] - 4
[INFO ][2015-12-18 12:34:18,529][com.java.TestType] [  482] -  str(2) = 23
[INFO ][2015-12-18 12:34:18,529][com.java.TestType] [  534] - row values are--------{1=com.java.Objects.TestDataDetails@fbe81a, 2=com.java.Objects.TestDataDetails@1379757, 3=com.java.Objects.TestDataDetails@14d2c34, 4=com.java.Objects.TestDataDetails@92fab0, 5=com.java.Objects.TestDataDetails@327b6, 6=com.java.Objects.TestDataDetails@1f28c, 7=com.java.Objects.TestDataDetails@16b9929, 8=com.java.Objects.TestDataDetails@134011e, 9=com.java.Objects.TestDataDetails@e15284, 10=com.java.Objects.TestDataDetails@aa628f, 11=com.java.Objects.TestDataDetails@11013d6, 12=com.java.Objects.TestDataDetails@1adf9f1, 13=com.java.Objects.TestDataDetails@10d1117, 14=com.java.Objects.TestDataDetails@14847ca, 15=com.java.Objects.TestDataDetails@12f965f, 17=com.java.Objects.TestDataDetails@11cb49e, 16=com.java.Objects.TestDataDetails@1eacfda, 19=com.java.Objects.TestDataDetails@702d3c, 18=com.java.Objects.TestDataDetails@16f4737, 21=com.java.Objects.TestDataDetails@126b44d, 20=com.java.Objects.TestDataDetails@1fa7596, 23=com.java.Objects.TestDataDetails@d6606, 22=com.java.Objects.TestDataDetails@1a7d9ad}
[INFO ][2015-12-18 12:34:18,529][com.java.TestType] [  482] -  str(1) = 4
[INFO ][2015-12-18 12:34:18,529][com.java.TestType] [  485] - Test case Id is---4
[INFO ][2015-12-18 12:34:18,529][com.java.TestType] [  487] - 4
[INFO ][2015-12-18 12:34:18,529][com.java.TestType] [  482] -  str(2) = 24
[INFO ][2015-12-18 12:34:18,529][com.java.TestType] [  534] - row values are--------{1=com.java.Objects.TestDataDetails@fbe81a, 2=com.java.Objects.TestDataDetails@1379757, 3=com.java.Objects.TestDataDetails@14d2c34, 4=com.java.Objects.TestDataDetails@92fab0, 5=com.java.Objects.TestDataDetails@327b6, 6=com.java.Objects.TestDataDetails@1f28c, 7=com.java.Objects.TestDataDetails@16b9929, 8=com.java.Objects.TestDataDetails@134011e, 9=com.java.Objects.TestDataDetails@e15284, 10=com.java.Objects.TestDataDetails@aa628f, 11=com.java.Objects.TestDataDetails@11013d6, 12=com.java.Objects.TestDataDetails@1adf9f1, 13=com.java.Objects.TestDataDetails@10d1117, 14=com.java.Objects.TestDataDetails@14847ca, 15=com.java.Objects.TestDataDetails@12f965f, 17=com.java.Objects.TestDataDetails@11cb49e, 16=com.java.Objects.TestDataDetails@1eacfda, 19=com.java.Objects.TestDataDetails@702d3c, 18=com.java.Objects.TestDataDetails@16f4737, 21=com.java.Objects.TestDataDetails@126b44d, 20=com.java.Objects.TestDataDetails@1fa7596, 23=com.java.Objects.TestDataDetails@d6606, 22=com.java.Objects.TestDataDetails@1a7d9ad, 24=com.java.Objects.TestDataDetails@1923658}
[INFO ][2015-12-18 12:34:18,529][com.java.TestType] [  482] -  str(1) = 4
[INFO ][2015-12-18 12:34:18,529][com.java.TestType] [  485] - Test case Id is---4
[INFO ][2015-12-18 12:34:18,529][com.java.TestType] [  487] - 4
[INFO ][2015-12-18 12:34:18,529][com.java.TestType] [  482] -  str(2) = 25
[INFO ][2015-12-18 12:34:18,529][com.java.TestType] [  534] - row values are--------{1=com.java.Objects.TestDataDetails@fbe81a, 2=com.java.Objects.TestDataDetails@1379757, 3=com.java.Objects.TestDataDetails@14d2c34, 4=com.java.Objects.TestDataDetails@92fab0, 5=com.java.Objects.TestDataDetails@327b6, 6=com.java.Objects.TestDataDetails@1f28c, 7=com.java.Objects.TestDataDetails@16b9929, 8=com.java.Objects.TestDataDetails@134011e, 9=com.java.Objects.TestDataDetails@e15284, 10=com.java.Objects.TestDataDetails@aa628f, 11=com.java.Objects.TestDataDetails@11013d6, 12=com.java.Objects.TestDataDetails@1adf9f1, 13=com.java.Objects.TestDataDetails@10d1117, 14=com.java.Objects.TestDataDetails@14847ca, 15=com.java.Objects.TestDataDetails@12f965f, 17=com.java.Objects.TestDataDetails@11cb49e, 16=com.java.Objects.TestDataDetails@1eacfda, 19=com.java.Objects.TestDataDetails@702d3c, 18=com.java.Objects.TestDataDetails@16f4737, 21=com.java.Objects.TestDataDetails@126b44d, 20=com.java.Objects.TestDataDetails@1fa7596, 23=com.java.Objects.TestDataDetails@d6606, 22=com.java.Objects.TestDataDetails@1a7d9ad, 25=com.java.Objects.TestDataDetails@12fe348, 24=com.java.Objects.TestDataDetails@1923658}
[INFO ][2015-12-18 12:34:18,529][com.java.TestType] [  482] -  str(1) = 4
[INFO ][2015-12-18 12:34:18,529][com.java.TestType] [  485] - Test case Id is---4
[INFO ][2015-12-18 12:34:18,529][com.java.TestType] [  487] - 4
[INFO ][2015-12-18 12:34:18,529][com.java.TestType] [  482] -  str(2) = 26
[INFO ][2015-12-18 12:34:18,529][com.java.TestType] [  534] - row values are--------{1=com.java.Objects.TestDataDetails@fbe81a, 2=com.java.Objects.TestDataDetails@1379757, 3=com.java.Objects.TestDataDetails@14d2c34, 4=com.java.Objects.TestDataDetails@92fab0, 5=com.java.Objects.TestDataDetails@327b6, 6=com.java.Objects.TestDataDetails@1f28c, 7=com.java.Objects.TestDataDetails@16b9929, 8=com.java.Objects.TestDataDetails@134011e, 9=com.java.Objects.TestDataDetails@e15284, 10=com.java.Objects.TestDataDetails@aa628f, 11=com.java.Objects.TestDataDetails@11013d6, 12=com.java.Objects.TestDataDetails@1adf9f1, 13=com.java.Objects.TestDataDetails@10d1117, 14=com.java.Objects.TestDataDetails@14847ca, 15=com.java.Objects.TestDataDetails@12f965f, 17=com.java.Objects.TestDataDetails@11cb49e, 16=com.java.Objects.TestDataDetails@1eacfda, 19=com.java.Objects.TestDataDetails@702d3c, 18=com.java.Objects.TestDataDetails@16f4737, 21=com.java.Objects.TestDataDetails@126b44d, 20=com.java.Objects.TestDataDetails@1fa7596, 23=com.java.Objects.TestDataDetails@d6606, 22=com.java.Objects.TestDataDetails@1a7d9ad, 25=com.java.Objects.TestDataDetails@12fe348, 24=com.java.Objects.TestDataDetails@1923658, 26=com.java.Objects.TestDataDetails@e0e2f}
[INFO ][2015-12-18 12:34:18,529][com.java.TestType] [  482] -  str(1) = 4
[INFO ][2015-12-18 12:34:18,529][com.java.TestType] [  485] - Test case Id is---4
[INFO ][2015-12-18 12:34:18,529][com.java.TestType] [  487] - 4
[INFO ][2015-12-18 12:34:18,529][com.java.TestType] [  482] -  str(2) = 27
[INFO ][2015-12-18 12:34:18,529][com.java.TestType] [  534] - row values are--------{1=com.java.Objects.TestDataDetails@fbe81a, 2=com.java.Objects.TestDataDetails@1379757, 3=com.java.Objects.TestDataDetails@14d2c34, 4=com.java.Objects.TestDataDetails@92fab0, 5=com.java.Objects.TestDataDetails@327b6, 6=com.java.Objects.TestDataDetails@1f28c, 7=com.java.Objects.TestDataDetails@16b9929, 8=com.java.Objects.TestDataDetails@134011e, 9=com.java.Objects.TestDataDetails@e15284, 10=com.java.Objects.TestDataDetails@aa628f, 11=com.java.Objects.TestDataDetails@11013d6, 12=com.java.Objects.TestDataDetails@1adf9f1, 13=com.java.Objects.TestDataDetails@10d1117, 14=com.java.Objects.TestDataDetails@14847ca, 15=com.java.Objects.TestDataDetails@12f965f, 17=com.java.Objects.TestDataDetails@11cb49e, 16=com.java.Objects.TestDataDetails@1eacfda, 19=com.java.Objects.TestDataDetails@702d3c, 18=com.java.Objects.TestDataDetails@16f4737, 21=com.java.Objects.TestDataDetails@126b44d, 20=com.java.Objects.TestDataDetails@1fa7596, 23=com.java.Objects.TestDataDetails@d6606, 22=com.java.Objects.TestDataDetails@1a7d9ad, 25=com.java.Objects.TestDataDetails@12fe348, 24=com.java.Objects.TestDataDetails@1923658, 27=com.java.Objects.TestDataDetails@11897f, 26=com.java.Objects.TestDataDetails@e0e2f}
[INFO ][2015-12-18 12:34:18,529][com.java.TestType] [  482] -  str(1) = 4
[INFO ][2015-12-18 12:34:18,529][com.java.TestType] [  485] - Test case Id is---4
[INFO ][2015-12-18 12:34:18,529][com.java.TestType] [  487] - 4
[INFO ][2015-12-18 12:34:18,529][com.java.TestType] [  482] -  str(2) = 28
[INFO ][2015-12-18 12:34:18,529][com.java.TestType] [  534] - row values are--------{1=com.java.Objects.TestDataDetails@fbe81a, 2=com.java.Objects.TestDataDetails@1379757, 3=com.java.Objects.TestDataDetails@14d2c34, 4=com.java.Objects.TestDataDetails@92fab0, 5=com.java.Objects.TestDataDetails@327b6, 6=com.java.Objects.TestDataDetails@1f28c, 7=com.java.Objects.TestDataDetails@16b9929, 8=com.java.Objects.TestDataDetails@134011e, 9=com.java.Objects.TestDataDetails@e15284, 10=com.java.Objects.TestDataDetails@aa628f, 11=com.java.Objects.TestDataDetails@11013d6, 12=com.java.Objects.TestDataDetails@1adf9f1, 13=com.java.Objects.TestDataDetails@10d1117, 14=com.java.Objects.TestDataDetails@14847ca, 15=com.java.Objects.TestDataDetails@12f965f, 17=com.java.Objects.TestDataDetails@11cb49e, 16=com.java.Objects.TestDataDetails@1eacfda, 19=com.java.Objects.TestDataDetails@702d3c, 18=com.java.Objects.TestDataDetails@16f4737, 21=com.java.Objects.TestDataDetails@126b44d, 20=com.java.Objects.TestDataDetails@1fa7596, 23=com.java.Objects.TestDataDetails@d6606, 22=com.java.Objects.TestDataDetails@1a7d9ad, 25=com.java.Objects.TestDataDetails@12fe348, 24=com.java.Objects.TestDataDetails@1923658, 27=com.java.Objects.TestDataDetails@11897f, 26=com.java.Objects.TestDataDetails@e0e2f, 28=com.java.Objects.TestDataDetails@ba15b2}
[INFO ][2015-12-18 12:34:18,529][com.java.TestType] [  482] -  str(1) = 4
[INFO ][2015-12-18 12:34:18,529][com.java.TestType] [  485] - Test case Id is---4
[INFO ][2015-12-18 12:34:18,529][com.java.TestType] [  487] - 4
[INFO ][2015-12-18 12:34:18,529][com.java.TestType] [  482] -  str(2) = 29
[INFO ][2015-12-18 12:34:18,529][com.java.TestType] [  534] - row values are--------{1=com.java.Objects.TestDataDetails@fbe81a, 2=com.java.Objects.TestDataDetails@1379757, 3=com.java.Objects.TestDataDetails@14d2c34, 4=com.java.Objects.TestDataDetails@92fab0, 5=com.java.Objects.TestDataDetails@327b6, 6=com.java.Objects.TestDataDetails@1f28c, 7=com.java.Objects.TestDataDetails@16b9929, 8=com.java.Objects.TestDataDetails@134011e, 9=com.java.Objects.TestDataDetails@e15284, 10=com.java.Objects.TestDataDetails@aa628f, 11=com.java.Objects.TestDataDetails@11013d6, 12=com.java.Objects.TestDataDetails@1adf9f1, 13=com.java.Objects.TestDataDetails@10d1117, 14=com.java.Objects.TestDataDetails@14847ca, 15=com.java.Objects.TestDataDetails@12f965f, 17=com.java.Objects.TestDataDetails@11cb49e, 16=com.java.Objects.TestDataDetails@1eacfda, 19=com.java.Objects.TestDataDetails@702d3c, 18=com.java.Objects.TestDataDetails@16f4737, 21=com.java.Objects.TestDataDetails@126b44d, 20=com.java.Objects.TestDataDetails@1fa7596, 23=com.java.Objects.TestDataDetails@d6606, 22=com.java.Objects.TestDataDetails@1a7d9ad, 25=com.java.Objects.TestDataDetails@12fe348, 24=com.java.Objects.TestDataDetails@1923658, 27=com.java.Objects.TestDataDetails@11897f, 26=com.java.Objects.TestDataDetails@e0e2f, 29=com.java.Objects.TestDataDetails@d50, 28=com.java.Objects.TestDataDetails@ba15b2}
[INFO ][2015-12-18 12:34:18,529][com.java.TestType] [  482] -  str(1) = 4
[INFO ][2015-12-18 12:34:18,529][com.java.TestType] [  485] - Test case Id is---4
[INFO ][2015-12-18 12:34:18,529][com.java.TestType] [  487] - 4
[INFO ][2015-12-18 12:34:18,529][com.java.TestType] [  482] -  str(2) = 30
[INFO ][2015-12-18 12:34:18,529][com.java.TestType] [  534] - row values are--------{1=com.java.Objects.TestDataDetails@fbe81a, 2=com.java.Objects.TestDataDetails@1379757, 3=com.java.Objects.TestDataDetails@14d2c34, 4=com.java.Objects.TestDataDetails@92fab0, 5=com.java.Objects.TestDataDetails@327b6, 6=com.java.Objects.TestDataDetails@1f28c, 7=com.java.Objects.TestDataDetails@16b9929, 8=com.java.Objects.TestDataDetails@134011e, 9=com.java.Objects.TestDataDetails@e15284, 10=com.java.Objects.TestDataDetails@aa628f, 11=com.java.Objects.TestDataDetails@11013d6, 12=com.java.Objects.TestDataDetails@1adf9f1, 13=com.java.Objects.TestDataDetails@10d1117, 14=com.java.Objects.TestDataDetails@14847ca, 15=com.java.Objects.TestDataDetails@12f965f, 17=com.java.Objects.TestDataDetails@11cb49e, 16=com.java.Objects.TestDataDetails@1eacfda, 19=com.java.Objects.TestDataDetails@702d3c, 18=com.java.Objects.TestDataDetails@16f4737, 21=com.java.Objects.TestDataDetails@126b44d, 20=com.java.Objects.TestDataDetails@1fa7596, 23=com.java.Objects.TestDataDetails@d6606, 22=com.java.Objects.TestDataDetails@1a7d9ad, 25=com.java.Objects.TestDataDetails@12fe348, 24=com.java.Objects.TestDataDetails@1923658, 27=com.java.Objects.TestDataDetails@11897f, 26=com.java.Objects.TestDataDetails@e0e2f, 29=com.java.Objects.TestDataDetails@d50, 28=com.java.Objects.TestDataDetails@ba15b2, 30=com.java.Objects.TestDataDetails@c4d227}
[INFO ][2015-12-18 12:34:18,529][com.java.TestType] [  482] -  str(1) = 4
[INFO ][2015-12-18 12:34:18,529][com.java.TestType] [  485] - Test case Id is---4
[INFO ][2015-12-18 12:34:18,529][com.java.TestType] [  487] - 4
[INFO ][2015-12-18 12:34:18,529][com.java.TestType] [  482] -  str(2) = 31
[INFO ][2015-12-18 12:34:18,529][com.java.TestType] [  534] - row values are--------{1=com.java.Objects.TestDataDetails@fbe81a, 2=com.java.Objects.TestDataDetails@1379757, 3=com.java.Objects.TestDataDetails@14d2c34, 4=com.java.Objects.TestDataDetails@92fab0, 5=com.java.Objects.TestDataDetails@327b6, 6=com.java.Objects.TestDataDetails@1f28c, 7=com.java.Objects.TestDataDetails@16b9929, 8=com.java.Objects.TestDataDetails@134011e, 9=com.java.Objects.TestDataDetails@e15284, 10=com.java.Objects.TestDataDetails@aa628f, 11=com.java.Objects.TestDataDetails@11013d6, 12=com.java.Objects.TestDataDetails@1adf9f1, 13=com.java.Objects.TestDataDetails@10d1117, 14=com.java.Objects.TestDataDetails@14847ca, 15=com.java.Objects.TestDataDetails@12f965f, 17=com.java.Objects.TestDataDetails@11cb49e, 16=com.java.Objects.TestDataDetails@1eacfda, 19=com.java.Objects.TestDataDetails@702d3c, 18=com.java.Objects.TestDataDetails@16f4737, 21=com.java.Objects.TestDataDetails@126b44d, 20=com.java.Objects.TestDataDetails@1fa7596, 23=com.java.Objects.TestDataDetails@d6606, 22=com.java.Objects.TestDataDetails@1a7d9ad, 25=com.java.Objects.TestDataDetails@12fe348, 24=com.java.Objects.TestDataDetails@1923658, 27=com.java.Objects.TestDataDetails@11897f, 26=com.java.Objects.TestDataDetails@e0e2f, 29=com.java.Objects.TestDataDetails@d50, 28=com.java.Objects.TestDataDetails@ba15b2, 31=com.java.Objects.TestDataDetails@170d82f, 30=com.java.Objects.TestDataDetails@c4d227}
[INFO ][2015-12-18 12:34:18,529][com.java.TestType] [  482] -  str(1) = 4
[INFO ][2015-12-18 12:34:18,529][com.java.TestType] [  485] - Test case Id is---4
[INFO ][2015-12-18 12:34:18,529][com.java.TestType] [  487] - 4
[INFO ][2015-12-18 12:34:18,529][com.java.TestType] [  482] -  str(2) = 32
[INFO ][2015-12-18 12:34:18,529][com.java.TestType] [  534] - row values are--------{1=com.java.Objects.TestDataDetails@fbe81a, 2=com.java.Objects.TestDataDetails@1379757, 3=com.java.Objects.TestDataDetails@14d2c34, 4=com.java.Objects.TestDataDetails@92fab0, 5=com.java.Objects.TestDataDetails@327b6, 6=com.java.Objects.TestDataDetails@1f28c, 7=com.java.Objects.TestDataDetails@16b9929, 8=com.java.Objects.TestDataDetails@134011e, 9=com.java.Objects.TestDataDetails@e15284, 10=com.java.Objects.TestDataDetails@aa628f, 11=com.java.Objects.TestDataDetails@11013d6, 12=com.java.Objects.TestDataDetails@1adf9f1, 13=com.java.Objects.TestDataDetails@10d1117, 14=com.java.Objects.TestDataDetails@14847ca, 15=com.java.Objects.TestDataDetails@12f965f, 17=com.java.Objects.TestDataDetails@11cb49e, 16=com.java.Objects.TestDataDetails@1eacfda, 19=com.java.Objects.TestDataDetails@702d3c, 18=com.java.Objects.TestDataDetails@16f4737, 21=com.java.Objects.TestDataDetails@126b44d, 20=com.java.Objects.TestDataDetails@1fa7596, 23=com.java.Objects.TestDataDetails@d6606, 22=com.java.Objects.TestDataDetails@1a7d9ad, 25=com.java.Objects.TestDataDetails@12fe348, 24=com.java.Objects.TestDataDetails@1923658, 27=com.java.Objects.TestDataDetails@11897f, 26=com.java.Objects.TestDataDetails@e0e2f, 29=com.java.Objects.TestDataDetails@d50, 28=com.java.Objects.TestDataDetails@ba15b2, 31=com.java.Objects.TestDataDetails@170d82f, 30=com.java.Objects.TestDataDetails@c4d227, 32=com.java.Objects.TestDataDetails@bfdb14}
[INFO ][2015-12-18 12:34:18,529][com.java.TestType] [  482] -  str(1) = 4
[INFO ][2015-12-18 12:34:18,529][com.java.TestType] [  485] - Test case Id is---4
[INFO ][2015-12-18 12:34:18,529][com.java.TestType] [  487] - 4
[INFO ][2015-12-18 12:34:18,529][com.java.TestType] [  482] -  str(2) = 33
[INFO ][2015-12-18 12:34:18,529][com.java.TestType] [  534] - row values are--------{1=com.java.Objects.TestDataDetails@fbe81a, 2=com.java.Objects.TestDataDetails@1379757, 3=com.java.Objects.TestDataDetails@14d2c34, 4=com.java.Objects.TestDataDetails@92fab0, 5=com.java.Objects.TestDataDetails@327b6, 6=com.java.Objects.TestDataDetails@1f28c, 7=com.java.Objects.TestDataDetails@16b9929, 8=com.java.Objects.TestDataDetails@134011e, 9=com.java.Objects.TestDataDetails@e15284, 10=com.java.Objects.TestDataDetails@aa628f, 11=com.java.Objects.TestDataDetails@11013d6, 12=com.java.Objects.TestDataDetails@1adf9f1, 13=com.java.Objects.TestDataDetails@10d1117, 14=com.java.Objects.TestDataDetails@14847ca, 15=com.java.Objects.TestDataDetails@12f965f, 17=com.java.Objects.TestDataDetails@11cb49e, 16=com.java.Objects.TestDataDetails@1eacfda, 19=com.java.Objects.TestDataDetails@702d3c, 18=com.java.Objects.TestDataDetails@16f4737, 21=com.java.Objects.TestDataDetails@126b44d, 20=com.java.Objects.TestDataDetails@1fa7596, 23=com.java.Objects.TestDataDetails@d6606, 22=com.java.Objects.TestDataDetails@1a7d9ad, 25=com.java.Objects.TestDataDetails@12fe348, 24=com.java.Objects.TestDataDetails@1923658, 27=com.java.Objects.TestDataDetails@11897f, 26=com.java.Objects.TestDataDetails@e0e2f, 29=com.java.Objects.TestDataDetails@d50, 28=com.java.Objects.TestDataDetails@ba15b2, 31=com.java.Objects.TestDataDetails@170d82f, 30=com.java.Objects.TestDataDetails@c4d227, 32=com.java.Objects.TestDataDetails@bfdb14, 33=com.java.Objects.TestDataDetails@12a15d6}
[INFO ][2015-12-18 12:34:18,529][com.java.TestType] [  482] -  str(1) = 4
[INFO ][2015-12-18 12:34:18,529][com.java.TestType] [  485] - Test case Id is---4
[INFO ][2015-12-18 12:34:18,529][com.java.TestType] [  487] - 4
[INFO ][2015-12-18 12:34:18,529][com.java.TestType] [  482] -  str(2) = 34
[INFO ][2015-12-18 12:34:18,529][com.java.TestType] [  534] - row values are--------{1=com.java.Objects.TestDataDetails@fbe81a, 2=com.java.Objects.TestDataDetails@1379757, 3=com.java.Objects.TestDataDetails@14d2c34, 4=com.java.Objects.TestDataDetails@92fab0, 5=com.java.Objects.TestDataDetails@327b6, 6=com.java.Objects.TestDataDetails@1f28c, 7=com.java.Objects.TestDataDetails@16b9929, 8=com.java.Objects.TestDataDetails@134011e, 9=com.java.Objects.TestDataDetails@e15284, 10=com.java.Objects.TestDataDetails@aa628f, 11=com.java.Objects.TestDataDetails@11013d6, 12=com.java.Objects.TestDataDetails@1adf9f1, 13=com.java.Objects.TestDataDetails@10d1117, 14=com.java.Objects.TestDataDetails@14847ca, 15=com.java.Objects.TestDataDetails@12f965f, 17=com.java.Objects.TestDataDetails@11cb49e, 16=com.java.Objects.TestDataDetails@1eacfda, 19=com.java.Objects.TestDataDetails@702d3c, 18=com.java.Objects.TestDataDetails@16f4737, 21=com.java.Objects.TestDataDetails@126b44d, 20=com.java.Objects.TestDataDetails@1fa7596, 23=com.java.Objects.TestDataDetails@d6606, 22=com.java.Objects.TestDataDetails@1a7d9ad, 25=com.java.Objects.TestDataDetails@12fe348, 24=com.java.Objects.TestDataDetails@1923658, 27=com.java.Objects.TestDataDetails@11897f, 26=com.java.Objects.TestDataDetails@e0e2f, 29=com.java.Objects.TestDataDetails@d50, 28=com.java.Objects.TestDataDetails@ba15b2, 31=com.java.Objects.TestDataDetails@170d82f, 30=com.java.Objects.TestDataDetails@c4d227, 34=com.java.Objects.TestDataDetails@42d8aa, 32=com.java.Objects.TestDataDetails@bfdb14, 33=com.java.Objects.TestDataDetails@12a15d6}
[INFO ][2015-12-18 12:34:18,529][com.java.TestType] [  482] -  str(1) = 4
[INFO ][2015-12-18 12:34:18,529][com.java.TestType] [  485] - Test case Id is---4
[INFO ][2015-12-18 12:34:18,529][com.java.TestType] [  487] - 4
[INFO ][2015-12-18 12:34:18,529][com.java.TestType] [  482] -  str(2) = 35
[INFO ][2015-12-18 12:34:18,529][com.java.TestType] [  534] - row values are--------{1=com.java.Objects.TestDataDetails@fbe81a, 2=com.java.Objects.TestDataDetails@1379757, 3=com.java.Objects.TestDataDetails@14d2c34, 4=com.java.Objects.TestDataDetails@92fab0, 5=com.java.Objects.TestDataDetails@327b6, 6=com.java.Objects.TestDataDetails@1f28c, 7=com.java.Objects.TestDataDetails@16b9929, 8=com.java.Objects.TestDataDetails@134011e, 9=com.java.Objects.TestDataDetails@e15284, 10=com.java.Objects.TestDataDetails@aa628f, 11=com.java.Objects.TestDataDetails@11013d6, 12=com.java.Objects.TestDataDetails@1adf9f1, 13=com.java.Objects.TestDataDetails@10d1117, 14=com.java.Objects.TestDataDetails@14847ca, 15=com.java.Objects.TestDataDetails@12f965f, 17=com.java.Objects.TestDataDetails@11cb49e, 16=com.java.Objects.TestDataDetails@1eacfda, 19=com.java.Objects.TestDataDetails@702d3c, 18=com.java.Objects.TestDataDetails@16f4737, 21=com.java.Objects.TestDataDetails@126b44d, 20=com.java.Objects.TestDataDetails@1fa7596, 23=com.java.Objects.TestDataDetails@d6606, 22=com.java.Objects.TestDataDetails@1a7d9ad, 25=com.java.Objects.TestDataDetails@12fe348, 24=com.java.Objects.TestDataDetails@1923658, 27=com.java.Objects.TestDataDetails@11897f, 26=com.java.Objects.TestDataDetails@e0e2f, 29=com.java.Objects.TestDataDetails@d50, 28=com.java.Objects.TestDataDetails@ba15b2, 31=com.java.Objects.TestDataDetails@170d82f, 30=com.java.Objects.TestDataDetails@c4d227, 34=com.java.Objects.TestDataDetails@42d8aa, 35=com.java.Objects.TestDataDetails@1e7e257, 32=com.java.Objects.TestDataDetails@bfdb14, 33=com.java.Objects.TestDataDetails@12a15d6}
[INFO ][2015-12-18 12:34:18,529][com.java.TestType] [  482] -  str(1) = 4
[INFO ][2015-12-18 12:34:18,529][com.java.TestType] [  485] - Test case Id is---4
[INFO ][2015-12-18 12:34:18,529][com.java.TestType] [  487] - 4
[INFO ][2015-12-18 12:34:18,529][com.java.TestType] [  482] -  str(2) = 36
[INFO ][2015-12-18 12:34:18,529][com.java.TestType] [  534] - row values are--------{1=com.java.Objects.TestDataDetails@fbe81a, 2=com.java.Objects.TestDataDetails@1379757, 3=com.java.Objects.TestDataDetails@14d2c34, 4=com.java.Objects.TestDataDetails@92fab0, 5=com.java.Objects.TestDataDetails@327b6, 6=com.java.Objects.TestDataDetails@1f28c, 7=com.java.Objects.TestDataDetails@16b9929, 8=com.java.Objects.TestDataDetails@134011e, 9=com.java.Objects.TestDataDetails@e15284, 10=com.java.Objects.TestDataDetails@aa628f, 11=com.java.Objects.TestDataDetails@11013d6, 12=com.java.Objects.TestDataDetails@1adf9f1, 13=com.java.Objects.TestDataDetails@10d1117, 14=com.java.Objects.TestDataDetails@14847ca, 15=com.java.Objects.TestDataDetails@12f965f, 17=com.java.Objects.TestDataDetails@11cb49e, 16=com.java.Objects.TestDataDetails@1eacfda, 19=com.java.Objects.TestDataDetails@702d3c, 18=com.java.Objects.TestDataDetails@16f4737, 21=com.java.Objects.TestDataDetails@126b44d, 20=com.java.Objects.TestDataDetails@1fa7596, 23=com.java.Objects.TestDataDetails@d6606, 22=com.java.Objects.TestDataDetails@1a7d9ad, 25=com.java.Objects.TestDataDetails@12fe348, 24=com.java.Objects.TestDataDetails@1923658, 27=com.java.Objects.TestDataDetails@11897f, 26=com.java.Objects.TestDataDetails@e0e2f, 29=com.java.Objects.TestDataDetails@d50, 28=com.java.Objects.TestDataDetails@ba15b2, 31=com.java.Objects.TestDataDetails@170d82f, 30=com.java.Objects.TestDataDetails@c4d227, 34=com.java.Objects.TestDataDetails@42d8aa, 35=com.java.Objects.TestDataDetails@1e7e257, 32=com.java.Objects.TestDataDetails@bfdb14, 33=com.java.Objects.TestDataDetails@12a15d6, 36=com.java.Objects.TestDataDetails@9ebd53}
[INFO ][2015-12-18 12:34:18,529][com.java.TestType] [  482] -  str(1) = 4
[INFO ][2015-12-18 12:34:18,529][com.java.TestType] [  485] - Test case Id is---4
[INFO ][2015-12-18 12:34:18,529][com.java.TestType] [  487] - 4
[INFO ][2015-12-18 12:34:18,529][com.java.TestType] [  482] -  str(2) = 37
[INFO ][2015-12-18 12:34:18,529][com.java.TestType] [  534] - row values are--------{1=com.java.Objects.TestDataDetails@fbe81a, 2=com.java.Objects.TestDataDetails@1379757, 3=com.java.Objects.TestDataDetails@14d2c34, 4=com.java.Objects.TestDataDetails@92fab0, 5=com.java.Objects.TestDataDetails@327b6, 6=com.java.Objects.TestDataDetails@1f28c, 7=com.java.Objects.TestDataDetails@16b9929, 8=com.java.Objects.TestDataDetails@134011e, 9=com.java.Objects.TestDataDetails@e15284, 10=com.java.Objects.TestDataDetails@aa628f, 11=com.java.Objects.TestDataDetails@11013d6, 12=com.java.Objects.TestDataDetails@1adf9f1, 13=com.java.Objects.TestDataDetails@10d1117, 14=com.java.Objects.TestDataDetails@14847ca, 15=com.java.Objects.TestDataDetails@12f965f, 17=com.java.Objects.TestDataDetails@11cb49e, 16=com.java.Objects.TestDataDetails@1eacfda, 19=com.java.Objects.TestDataDetails@702d3c, 18=com.java.Objects.TestDataDetails@16f4737, 21=com.java.Objects.TestDataDetails@126b44d, 20=com.java.Objects.TestDataDetails@1fa7596, 23=com.java.Objects.TestDataDetails@d6606, 22=com.java.Objects.TestDataDetails@1a7d9ad, 25=com.java.Objects.TestDataDetails@12fe348, 24=com.java.Objects.TestDataDetails@1923658, 27=com.java.Objects.TestDataDetails@11897f, 26=com.java.Objects.TestDataDetails@e0e2f, 29=com.java.Objects.TestDataDetails@d50, 28=com.java.Objects.TestDataDetails@ba15b2, 31=com.java.Objects.TestDataDetails@170d82f, 30=com.java.Objects.TestDataDetails@c4d227, 34=com.java.Objects.TestDataDetails@42d8aa, 35=com.java.Objects.TestDataDetails@1e7e257, 32=com.java.Objects.TestDataDetails@bfdb14, 33=com.java.Objects.TestDataDetails@12a15d6, 36=com.java.Objects.TestDataDetails@9ebd53, 37=com.java.Objects.TestDataDetails@7307e2}
[INFO ][2015-12-18 12:34:18,529][com.java.TestType] [  482] -  str(1) = 4
[INFO ][2015-12-18 12:34:18,529][com.java.TestType] [  485] - Test case Id is---4
[INFO ][2015-12-18 12:34:18,529][com.java.TestType] [  487] - 4
[INFO ][2015-12-18 12:34:18,529][com.java.TestType] [  482] -  str(2) = 38
[INFO ][2015-12-18 12:34:18,545][com.java.TestType] [  534] - row values are--------{1=com.java.Objects.TestDataDetails@fbe81a, 2=com.java.Objects.TestDataDetails@1379757, 3=com.java.Objects.TestDataDetails@14d2c34, 4=com.java.Objects.TestDataDetails@92fab0, 5=com.java.Objects.TestDataDetails@327b6, 6=com.java.Objects.TestDataDetails@1f28c, 7=com.java.Objects.TestDataDetails@16b9929, 8=com.java.Objects.TestDataDetails@134011e, 9=com.java.Objects.TestDataDetails@e15284, 10=com.java.Objects.TestDataDetails@aa628f, 11=com.java.Objects.TestDataDetails@11013d6, 12=com.java.Objects.TestDataDetails@1adf9f1, 13=com.java.Objects.TestDataDetails@10d1117, 14=com.java.Objects.TestDataDetails@14847ca, 15=com.java.Objects.TestDataDetails@12f965f, 17=com.java.Objects.TestDataDetails@11cb49e, 16=com.java.Objects.TestDataDetails@1eacfda, 19=com.java.Objects.TestDataDetails@702d3c, 18=com.java.Objects.TestDataDetails@16f4737, 21=com.java.Objects.TestDataDetails@126b44d, 20=com.java.Objects.TestDataDetails@1fa7596, 23=com.java.Objects.TestDataDetails@d6606, 22=com.java.Objects.TestDataDetails@1a7d9ad, 25=com.java.Objects.TestDataDetails@12fe348, 24=com.java.Objects.TestDataDetails@1923658, 27=com.java.Objects.TestDataDetails@11897f, 26=com.java.Objects.TestDataDetails@e0e2f, 29=com.java.Objects.TestDataDetails@d50, 28=com.java.Objects.TestDataDetails@ba15b2, 31=com.java.Objects.TestDataDetails@170d82f, 30=com.java.Objects.TestDataDetails@c4d227, 34=com.java.Objects.TestDataDetails@42d8aa, 35=com.java.Objects.TestDataDetails@1e7e257, 32=com.java.Objects.TestDataDetails@bfdb14, 33=com.java.Objects.TestDataDetails@12a15d6, 38=com.java.Objects.TestDataDetails@bf5e35, 36=com.java.Objects.TestDataDetails@9ebd53, 37=com.java.Objects.TestDataDetails@7307e2}
[INFO ][2015-12-18 12:34:18,545][com.java.TestType] [  482] -  str(1) = 4
[INFO ][2015-12-18 12:34:18,545][com.java.TestType] [  485] - Test case Id is---4
[INFO ][2015-12-18 12:34:18,545][com.java.TestType] [  487] - 4
[INFO ][2015-12-18 12:34:18,545][com.java.TestType] [  482] -  str(2) = 39
[INFO ][2015-12-18 12:34:18,545][com.java.TestType] [  534] - row values are--------{1=com.java.Objects.TestDataDetails@fbe81a, 2=com.java.Objects.TestDataDetails@1379757, 3=com.java.Objects.TestDataDetails@14d2c34, 4=com.java.Objects.TestDataDetails@92fab0, 5=com.java.Objects.TestDataDetails@327b6, 6=com.java.Objects.TestDataDetails@1f28c, 7=com.java.Objects.TestDataDetails@16b9929, 8=com.java.Objects.TestDataDetails@134011e, 9=com.java.Objects.TestDataDetails@e15284, 10=com.java.Objects.TestDataDetails@aa628f, 11=com.java.Objects.TestDataDetails@11013d6, 12=com.java.Objects.TestDataDetails@1adf9f1, 13=com.java.Objects.TestDataDetails@10d1117, 14=com.java.Objects.TestDataDetails@14847ca, 15=com.java.Objects.TestDataDetails@12f965f, 17=com.java.Objects.TestDataDetails@11cb49e, 16=com.java.Objects.TestDataDetails@1eacfda, 19=com.java.Objects.TestDataDetails@702d3c, 18=com.java.Objects.TestDataDetails@16f4737, 21=com.java.Objects.TestDataDetails@126b44d, 20=com.java.Objects.TestDataDetails@1fa7596, 23=com.java.Objects.TestDataDetails@d6606, 22=com.java.Objects.TestDataDetails@1a7d9ad, 25=com.java.Objects.TestDataDetails@12fe348, 24=com.java.Objects.TestDataDetails@1923658, 27=com.java.Objects.TestDataDetails@11897f, 26=com.java.Objects.TestDataDetails@e0e2f, 29=com.java.Objects.TestDataDetails@d50, 28=com.java.Objects.TestDataDetails@ba15b2, 31=com.java.Objects.TestDataDetails@170d82f, 30=com.java.Objects.TestDataDetails@c4d227, 34=com.java.Objects.TestDataDetails@42d8aa, 35=com.java.Objects.TestDataDetails@1e7e257, 32=com.java.Objects.TestDataDetails@bfdb14, 33=com.java.Objects.TestDataDetails@12a15d6, 38=com.java.Objects.TestDataDetails@bf5e35, 39=com.java.Objects.TestDataDetails@1c346c5, 36=com.java.Objects.TestDataDetails@9ebd53, 37=com.java.Objects.TestDataDetails@7307e2}
[INFO ][2015-12-18 12:34:18,545][com.java.TestType] [  482] -  str(1) = 4
[INFO ][2015-12-18 12:34:18,545][com.java.TestType] [  485] - Test case Id is---4
[INFO ][2015-12-18 12:34:18,545][com.java.TestType] [  487] - 4
[INFO ][2015-12-18 12:34:18,545][com.java.TestType] [  482] -  str(2) = 40
[INFO ][2015-12-18 12:34:18,545][com.java.TestType] [  534] - row values are--------{1=com.java.Objects.TestDataDetails@fbe81a, 2=com.java.Objects.TestDataDetails@1379757, 3=com.java.Objects.TestDataDetails@14d2c34, 4=com.java.Objects.TestDataDetails@92fab0, 5=com.java.Objects.TestDataDetails@327b6, 6=com.java.Objects.TestDataDetails@1f28c, 7=com.java.Objects.TestDataDetails@16b9929, 8=com.java.Objects.TestDataDetails@134011e, 9=com.java.Objects.TestDataDetails@e15284, 10=com.java.Objects.TestDataDetails@aa628f, 11=com.java.Objects.TestDataDetails@11013d6, 12=com.java.Objects.TestDataDetails@1adf9f1, 13=com.java.Objects.TestDataDetails@10d1117, 14=com.java.Objects.TestDataDetails@14847ca, 15=com.java.Objects.TestDataDetails@12f965f, 17=com.java.Objects.TestDataDetails@11cb49e, 16=com.java.Objects.TestDataDetails@1eacfda, 19=com.java.Objects.TestDataDetails@702d3c, 18=com.java.Objects.TestDataDetails@16f4737, 21=com.java.Objects.TestDataDetails@126b44d, 20=com.java.Objects.TestDataDetails@1fa7596, 23=com.java.Objects.TestDataDetails@d6606, 22=com.java.Objects.TestDataDetails@1a7d9ad, 25=com.java.Objects.TestDataDetails@12fe348, 24=com.java.Objects.TestDataDetails@1923658, 27=com.java.Objects.TestDataDetails@11897f, 26=com.java.Objects.TestDataDetails@e0e2f, 29=com.java.Objects.TestDataDetails@d50, 28=com.java.Objects.TestDataDetails@ba15b2, 31=com.java.Objects.TestDataDetails@170d82f, 30=com.java.Objects.TestDataDetails@c4d227, 34=com.java.Objects.TestDataDetails@42d8aa, 35=com.java.Objects.TestDataDetails@1e7e257, 32=com.java.Objects.TestDataDetails@bfdb14, 33=com.java.Objects.TestDataDetails@12a15d6, 38=com.java.Objects.TestDataDetails@bf5e35, 39=com.java.Objects.TestDataDetails@1c346c5, 36=com.java.Objects.TestDataDetails@9ebd53, 37=com.java.Objects.TestDataDetails@7307e2, 40=com.java.Objects.TestDataDetails@1e9bf91}
[INFO ][2015-12-18 12:34:18,545][com.java.TestType] [  482] -  str(1) = 4
[INFO ][2015-12-18 12:34:18,545][com.java.TestType] [  485] - Test case Id is---4
[INFO ][2015-12-18 12:34:18,545][com.java.TestType] [  487] - 4
[INFO ][2015-12-18 12:34:18,545][com.java.TestType] [  482] -  str(2) = 41
[INFO ][2015-12-18 12:34:18,545][com.java.TestType] [  534] - row values are--------{1=com.java.Objects.TestDataDetails@fbe81a, 2=com.java.Objects.TestDataDetails@1379757, 3=com.java.Objects.TestDataDetails@14d2c34, 4=com.java.Objects.TestDataDetails@92fab0, 5=com.java.Objects.TestDataDetails@327b6, 6=com.java.Objects.TestDataDetails@1f28c, 7=com.java.Objects.TestDataDetails@16b9929, 8=com.java.Objects.TestDataDetails@134011e, 9=com.java.Objects.TestDataDetails@e15284, 10=com.java.Objects.TestDataDetails@aa628f, 11=com.java.Objects.TestDataDetails@11013d6, 12=com.java.Objects.TestDataDetails@1adf9f1, 13=com.java.Objects.TestDataDetails@10d1117, 14=com.java.Objects.TestDataDetails@14847ca, 15=com.java.Objects.TestDataDetails@12f965f, 17=com.java.Objects.TestDataDetails@11cb49e, 16=com.java.Objects.TestDataDetails@1eacfda, 19=com.java.Objects.TestDataDetails@702d3c, 18=com.java.Objects.TestDataDetails@16f4737, 21=com.java.Objects.TestDataDetails@126b44d, 20=com.java.Objects.TestDataDetails@1fa7596, 23=com.java.Objects.TestDataDetails@d6606, 22=com.java.Objects.TestDataDetails@1a7d9ad, 25=com.java.Objects.TestDataDetails@12fe348, 24=com.java.Objects.TestDataDetails@1923658, 27=com.java.Objects.TestDataDetails@11897f, 26=com.java.Objects.TestDataDetails@e0e2f, 29=com.java.Objects.TestDataDetails@d50, 28=com.java.Objects.TestDataDetails@ba15b2, 31=com.java.Objects.TestDataDetails@170d82f, 30=com.java.Objects.TestDataDetails@c4d227, 34=com.java.Objects.TestDataDetails@42d8aa, 35=com.java.Objects.TestDataDetails@1e7e257, 32=com.java.Objects.TestDataDetails@bfdb14, 33=com.java.Objects.TestDataDetails@12a15d6, 38=com.java.Objects.TestDataDetails@bf5e35, 39=com.java.Objects.TestDataDetails@1c346c5, 36=com.java.Objects.TestDataDetails@9ebd53, 37=com.java.Objects.TestDataDetails@7307e2, 40=com.java.Objects.TestDataDetails@1e9bf91, 41=com.java.Objects.TestDataDetails@1e5d5c1}
[INFO ][2015-12-18 12:34:18,545][com.java.TestType] [10143] - Looping 1TCID = 4
[DEBUG][2015-12-18 12:34:18,545][com.java.TestType] [10184] - Concept ID:4 :: Step being Executed: 4::1
[ERROR][2015-12-18 12:34:18,545][com.java.TestType] [10217] - Exception: null
[INFO ][2015-12-18 12:34:18,545][com.java.TestType] [10222] - dataFields : //span[@class='icon-stack']&&//a[@data-id='RunPackage']
[DEBUG][2015-12-18 12:34:18,545][com.java.TestType] [10228] - <In Set values of the page>
[DEBUG][2015-12-18 12:34:18,545][com.java.TestType] [10233] - {Data Fields & Data Values Exist}
[INFO ][2015-12-18 12:34:18,545][com.java.TestType] [10239] - --------------------------setting values-----------------------------
[INFO ][2015-12-18 12:34:18,545][com.java.TestType] [10242] - Action Type : MOUSEOVER
[INFO ][2015-12-18 12:34:52,074][com.java.TestType] [10261] -  RESULT true
[INFO ][2015-12-18 12:34:52,074][com.java.TestType] [10378] - ?   P A S S   ?
[DEBUG][2015-12-18 12:34:52,074][com.java.TestType] [10184] - Concept ID:4 :: Step being Executed: 4::2
[INFO ][2015-12-18 12:34:52,074][com.java.TestType] [10222] - dataFields : XPH//div[@id='divDialogLoading']//img 
[DEBUG][2015-12-18 12:34:52,074][com.java.TestType] [10228] - <In Set values of the page>
[DEBUG][2015-12-18 12:34:52,074][com.java.TestType] [10233] - {Data Fields & Data Values Exist}
[INFO ][2015-12-18 12:34:52,074][com.java.TestType] [10239] - --------------------------setting values-----------------------------
[INFO ][2015-12-18 12:34:52,074][com.java.TestType] [10242] - Action Type : WAITFORELEMENT
[INFO ][2015-12-18 12:34:52,246][com.java.TestType] [10261] -  RESULT true
[INFO ][2015-12-18 12:34:52,246][com.java.TestType] [10378] - ?   P A S S   ?
[DEBUG][2015-12-18 12:34:52,246][com.java.TestType] [10184] - Concept ID:4 :: Step being Executed: 4::3
[INFO ][2015-12-18 12:34:52,246][com.java.TestType] [10222] - dataFields : XPH//div[@id='divDialogLoading']//img 
[DEBUG][2015-12-18 12:34:52,246][com.java.TestType] [10228] - <In Set values of the page>
[DEBUG][2015-12-18 12:34:52,246][com.java.TestType] [10233] - {Data Fields & Data Values Exist}
[INFO ][2015-12-18 12:34:52,246][com.java.TestType] [10239] - --------------------------setting values-----------------------------
[INFO ][2015-12-18 12:34:52,246][com.java.TestType] [10242] - Action Type : WAITFORELEMENTNOTPRESENT
[INFO ][2015-12-18 12:34:52,355][com.java.TestType] [10261] -  RESULT true
[INFO ][2015-12-18 12:34:52,355][com.java.TestType] [10378] - ?   P A S S   ?
[DEBUG][2015-12-18 12:34:52,355][com.java.TestType] [10184] - Concept ID:4 :: Step being Executed: 4::4
[INFO ][2015-12-18 12:34:52,355][com.java.TestType] [10222] - dataFields : XPH//span[contains(text(),'Run Report Package')]
[DEBUG][2015-12-18 12:34:52,355][com.java.TestType] [10228] - <In Set values of the page>
[DEBUG][2015-12-18 12:34:52,355][com.java.TestType] [10233] - {Data Fields & Data Values Exist}
[INFO ][2015-12-18 12:34:52,355][com.java.TestType] [10239] - --------------------------setting values-----------------------------
[INFO ][2015-12-18 12:34:52,355][com.java.TestType] [10242] - Action Type : VERIFY
[INFO ][2015-12-18 12:34:52,355][com.java.TestType] [ 6829] - field= XPH//span[contains(text(),'Run Report Package')] value= Run Report Package
[INFO ][2015-12-18 12:34:52,355][com.java.TestType] [ 5513] - value = Run Report Package
[INFO ][2015-12-18 12:34:52,761][com.java.TestType] [10261] -  RESULT true
[INFO ][2015-12-18 12:34:52,761][com.java.TestType] [10378] - ?   P A S S   ?
[DEBUG][2015-12-18 12:34:52,761][com.java.TestType] [10184] - Concept ID:4 :: Step being Executed: 4::5
[ERROR][2015-12-18 12:34:52,761][com.java.TestType] [10217] - Exception: null
[INFO ][2015-12-18 12:34:52,761][com.java.TestType] [10222] - dataFields : BTNframeDialogContent
[DEBUG][2015-12-18 12:34:52,761][com.java.TestType] [10228] - <In Set values of the page>
[DEBUG][2015-12-18 12:34:52,761][com.java.TestType] [10233] - {Data Fields & Data Values Exist}
[INFO ][2015-12-18 12:34:52,761][com.java.TestType] [10239] - --------------------------setting values-----------------------------
[INFO ][2015-12-18 12:34:52,761][com.java.TestType] [10242] - Action Type : SELECTFRAME
[INFO ][2015-12-18 12:34:54,057][com.java.TestType] [10261] -  RESULT true
[INFO ][2015-12-18 12:34:54,057][com.java.TestType] [10378] - ?   P A S S   ?
[DEBUG][2015-12-18 12:34:54,057][com.java.TestType] [10184] - Concept ID:4 :: Step being Executed: 4::6
[INFO ][2015-12-18 12:34:54,057][com.java.TestType] [10222] - dataFields : BTNddlPackage
[DEBUG][2015-12-18 12:34:54,057][com.java.TestType] [10228] - <In Set values of the page>
[DEBUG][2015-12-18 12:34:54,057][com.java.TestType] [10233] - {Data Fields & Data Values Exist}
[INFO ][2015-12-18 12:34:54,057][com.java.TestType] [10239] - --------------------------setting values-----------------------------
[INFO ][2015-12-18 12:34:54,057][com.java.TestType] [10242] - Action Type : WAITFORELEMENT
[INFO ][2015-12-18 12:34:55,289][com.java.TestType] [10261] -  RESULT true
[INFO ][2015-12-18 12:34:55,289][com.java.TestType] [10378] - ?   P A S S   ?
[DEBUG][2015-12-18 12:34:55,289][com.java.TestType] [10184] - Concept ID:4 :: Step being Executed: 4::7
[INFO ][2015-12-18 12:34:55,289][com.java.TestType] [10222] - dataFields : BPSddlPackage
[DEBUG][2015-12-18 12:34:55,289][com.java.TestType] [10228] - <In Set values of the page>
[DEBUG][2015-12-18 12:34:55,289][com.java.TestType] [10233] - {Data Fields & Data Values Exist}
[INFO ][2015-12-18 12:34:55,289][com.java.TestType] [10239] - --------------------------setting values-----------------------------
[INFO ][2015-12-18 12:34:55,289][com.java.TestType] [10242] - Action Type : SELECT
[INFO ][2015-12-18 12:34:55,289][com.java.TestType] [ 5513] - value = BP - VL_Test#19752
[INFO ][2015-12-18 12:34:59,272][com.java.TestType] [10261] -  RESULT false
[INFO ][2015-12-18 12:34:59,272][com.java.TestType] [10299] - ?   F A I L   ?
[DEBUG][2015-12-18 12:34:59,272][com.java.TestType] [10302] - Browser Type : IE10
[INFO ][2015-12-18 12:34:59,272][com.java.SeleniumDriver] [  894] -  RESULT false
[INFO ][2015-12-18 12:34:59,272][com.java.SeleniumDriver] [  941] - ?   F A I L   ?
[INFO ][2015-12-18 12:34:59,272][com.java.SeleniumDriver] [  949] - Browser Type : IE10
[INFO ][2015-12-18 12:34:59,272][com.java.SeleniumDriver] [  950] - Adding Failed case3
[INFO ][2015-12-18 12:34:59,757][com.java.SeleniumDriver] [ 1064] - failedCases = 3
[ERROR][2015-12-18 12:34:59,757][com.java.SeleniumDriver] [ 1561] - Platform Errors : Our apologies...::We have encountered an issue with your request.::Our apologies?:We encountered an issue with your request.
[INFO ][2015-12-18 12:34:59,757][com.java.SeleniumDriver] [ 1565] - Length =3
[ERROR][2015-12-18 12:34:59,757][com.java.SeleniumDriver] [ 1568] - Error 0 = Our apologies...
[ERROR][2015-12-18 12:35:00,147][com.java.SeleniumDriver] [ 1568] - Error 1 = We have encountered an issue with your request.
[ERROR][2015-12-18 12:35:00,194][com.java.SeleniumDriver] [ 1568] - Error 2 = Our apologies?:We encountered an issue with your request.
[INFO ][2015-12-18 12:35:00,506][com.java.SeleniumDriver] [ 1579] - strError:
[DEBUG][2015-12-18 12:35:00,521][com.java.SeleniumDriver] [ 1212] - Case found
[DEBUG][2015-12-18 12:35:00,521][com.java.SeleniumDriver] [ 1217] - Incrementing ReportCounters[0]:2
[INFO ][2015-12-18 12:35:00,521][com.java.SeleniumDriver] [ 1236] - The results are-------------------[3, 41, Report Packages: Add Board Report Package, Fail, 
Test case failed at Step No. :: 41   Error Message ::  In CONCEPT: Test case failed at Step No. :: 7   Error Message ::  Failed to select option: BP - VL_Test#19752 from ddlPackage. Screen Shot : D:\BankersDashboard\TestReports\121815\3_121815_123459_IE10.png, Fri Dec 18 12:35:00 IST 2015]
[INFO ][2015-12-18 12:35:00,521][com.java.SeleniumDriver] [ 1240] - End time is-------3 min 56 sec
[INFO ][2015-12-18 12:35:00,521][com.java.SeleniumDriver] [ 1241] - The results are-------------------[3, 41, Report Packages: Add Board Report Package, Fail, 
Test case failed at Step No. :: 41   Error Message ::  In CONCEPT: Test case failed at Step No. :: 7   Error Message ::  Failed to select option: BP - VL_Test#19752 from ddlPackage. Screen Shot : D:\BankersDashboard\TestReports\121815\3_121815_123459_IE10.png, Fri Dec 18 12:35:00 IST 2015]
[DEBUG][2015-12-18 12:35:00,521][com.java.ImportnExport.ExportTestResultsExcel] [  222] - testResultPath = D:\BankersDashboard/TestReports/Test Results_BankersDashBoard_121815_123106_IE10_Simmons First National Bank.xls
[DEBUG][2015-12-18 12:35:00,521][com.java.ImportnExport.ExportTestResultsExcel] [  223] - browser is------------IE10
[DEBUG][2015-12-18 12:35:00,521][com.java.ImportnExport.ExportTestResultsExcel] [  270] - result.size() = 6
[DEBUG][2015-12-18 12:35:00,521][com.java.ImportnExport.ExportTestResultsExcel] [  274] - No of rows in sheet=2
[DEBUG][2015-12-18 12:35:00,521][com.java.ImportnExport.ExportTestResultsExcel] [  301] - ..in export..3
[DEBUG][2015-12-18 12:35:00,521][com.java.ImportnExport.ExportTestResultsExcel] [  301] - ..in export..Report Packages: Add Board Report Package
[DEBUG][2015-12-18 12:35:00,521][com.java.ImportnExport.ExportTestResultsExcel] [  301] - ..in export..Fail
[DEBUG][2015-12-18 12:35:00,521][com.java.ImportnExport.ExportTestResultsExcel] [  301] - ..in export..
Test case failed at Step No. :: 41   Error Message ::  In CONCEPT: Test case failed at Step No. :: 7   Error Message ::  Failed to select option: BP - VL_Test#19752 from ddlPackage. Screen Shot : D:\BankersDashboard\TestReports\121815\3_121815_123459_IE10.png
[DEBUG][2015-12-18 12:35:00,521][com.java.ImportnExport.ExportTestResultsExcel] [  301] - ..in export..Fri Dec 18 12:35:00 IST 2015
[INFO ][2015-12-18 12:35:00,521][com.java.SeleniumDriver] [ 1299] - out loop:1 size:3 TestCases:[1, 3, 4] testcases:[1, 3, 4]
[INFO ][2015-12-18 12:35:00,521][com.java.ImportnExport.ImportTestDataDetailsExcel] [   49] - test data details path===== D:\BankersDashboard\TestInputs\TestData.xls
[INFO ][2015-12-18 12:35:41,126][com.java.SeleniumDriver] [  821] - ------------------------------------------
[INFO ][2015-12-18 12:35:41,126][com.java.SeleniumDriver] [  822] - Test case being Executed: 4
[INFO ][2015-12-18 12:35:41,126][com.java.SeleniumDriver] [  833] - Test step:1
[INFO ][2015-12-18 12:35:41,126][com.java.SeleniumDriver] [  845] - Datavalue is----------Logout
[INFO ][2015-12-18 12:35:41,126][com.java.SeleniumDriver] [  869] - DataField : BTN
[INFO ][2015-12-18 12:35:41,126][com.java.SeleniumDriver] [  871] - DataValue : Logout
[INFO ][2015-12-18 12:35:41,126][com.java.SeleniumDriver] [  877] - <In Set values of the page>
[INFO ][2015-12-18 12:35:41,126][com.java.SeleniumDriver] [  880] - {Data Fields & Data Values Exist}
[INFO ][2015-12-18 12:35:41,126][com.java.SeleniumDriver] [  882] - --------------------------setting values-----------------------------
[INFO ][2015-12-18 12:35:41,126][com.java.SeleniumDriver] [  885] - Action Type : Verify
[INFO ][2015-12-18 12:35:41,126][com.java.TestType] [ 6829] - field= BTN value= Logout
[INFO ][2015-12-18 12:35:41,126][com.java.TestType] [ 5513] - value = Logout
[INFO ][2015-12-18 12:35:41,205][com.java.SeleniumDriver] [  894] -  RESULT true
[INFO ][2015-12-18 12:35:41,205][com.java.SeleniumDriver] [ 1100] - ?   P A S S   ?
[INFO ][2015-12-18 12:35:41,205][com.java.SeleniumDriver] [ 1142] - step change to 3
[INFO ][2015-12-18 12:35:41,205][com.java.SeleniumDriver] [  821] - ------------------------------------------
[INFO ][2015-12-18 12:35:41,205][com.java.SeleniumDriver] [  822] - Test case being Executed: 4
[INFO ][2015-12-18 12:35:41,205][com.java.SeleniumDriver] [  833] - Test step:3
[INFO ][2015-12-18 12:35:41,205][com.java.SeleniumDriver] [  845] - Datavalue is----------Concept#2:1-2
[INFO ][2015-12-18 12:35:41,205][com.java.SeleniumDriver] [  869] - DataField : test
[INFO ][2015-12-18 12:35:41,205][com.java.SeleniumDriver] [  871] - DataValue : Concept#2:1-2
[INFO ][2015-12-18 12:35:41,205][com.java.SeleniumDriver] [  877] - <In Set values of the page>
[INFO ][2015-12-18 12:35:41,205][com.java.SeleniumDriver] [  880] - {Data Fields & Data Values Exist}
[INFO ][2015-12-18 12:35:41,205][com.java.SeleniumDriver] [  882] - --------------------------setting values-----------------------------
[INFO ][2015-12-18 12:35:41,205][com.java.SeleniumDriver] [  885] - Action Type : ExecuteTestCase
[INFO ][2015-12-18 12:35:41,205][com.java.TestType] [  437] - The Concept sheet name is ---------- Concept
[INFO ][2015-12-18 12:35:41,205][com.java.TestType] [  440] - The Concept ID  is ---------- 2
[DEBUG][2015-12-18 12:35:41,205][com.java.TestType] [  444] - Steps being executted in the Concept are: 1:2
[INFO ][2015-12-18 12:35:41,205][com.java.TestType] [  451] - Test data details path ---------- D:\BankersDashboard\TestInputs\TestData.xls
[INFO ][2015-12-18 12:35:41,657][com.java.TestType] [  482] -  str(1) = 2
[INFO ][2015-12-18 12:35:41,657][com.java.TestType] [  485] - Test case Id is---2
[INFO ][2015-12-18 12:35:41,657][com.java.TestType] [  487] - 2
[INFO ][2015-12-18 12:35:41,657][com.java.TestType] [  482] -  str(2) = 1
[INFO ][2015-12-18 12:35:41,657][com.java.TestType] [  534] - row values are--------{1=com.java.Objects.TestDataDetails@1334bda}
[INFO ][2015-12-18 12:35:41,657][com.java.TestType] [  482] -  str(1) = 2
[INFO ][2015-12-18 12:35:41,657][com.java.TestType] [  485] - Test case Id is---2
[INFO ][2015-12-18 12:35:41,657][com.java.TestType] [  487] - 2
[INFO ][2015-12-18 12:35:41,657][com.java.TestType] [  482] -  str(2) = 2
[INFO ][2015-12-18 12:35:41,657][com.java.TestType] [  534] - row values are--------{1=com.java.Objects.TestDataDetails@1334bda, 2=com.java.Objects.TestDataDetails@1bf0131}
[INFO ][2015-12-18 12:35:41,657][com.java.TestType] [  482] -  str(1) = 2
[INFO ][2015-12-18 12:35:41,657][com.java.TestType] [  485] - Test case Id is---2
[INFO ][2015-12-18 12:35:41,657][com.java.TestType] [  487] - 2
[INFO ][2015-12-18 12:35:41,657][com.java.TestType] [  482] -  str(2) = 3
[INFO ][2015-12-18 12:35:41,657][com.java.TestType] [  534] - row values are--------{1=com.java.Objects.TestDataDetails@1334bda, 2=com.java.Objects.TestDataDetails@1bf0131, 3=com.java.Objects.TestDataDetails@c63f2c}
[INFO ][2015-12-18 12:35:41,657][com.java.TestType] [10143] - Looping 1TCID = 2
[DEBUG][2015-12-18 12:35:41,673][com.java.TestType] [10184] - Concept ID:2 :: Step being Executed: 2::1
[INFO ][2015-12-18 12:35:41,673][com.java.TestType] [10222] - dataFields : BNK//select[@id='bank']
[DEBUG][2015-12-18 12:35:41,673][com.java.TestType] [10228] - <In Set values of the page>
[DEBUG][2015-12-18 12:35:41,673][com.java.TestType] [10233] - {Data Fields & Data Values Exist}
[INFO ][2015-12-18 12:35:41,673][com.java.TestType] [10239] - --------------------------setting values-----------------------------
[INFO ][2015-12-18 12:35:41,673][com.java.TestType] [10242] - Action Type : Select
[INFO ][2015-12-18 12:35:41,673][com.java.TestType] [ 5513] - value = PFC
[INFO ][2015-12-18 12:35:41,860][com.java.TestType] [10261] -  RESULT true
[INFO ][2015-12-18 12:35:41,860][com.java.TestType] [10378] - ?   P A S S   ?
[DEBUG][2015-12-18 12:35:41,860][com.java.TestType] [10184] - Concept ID:2 :: Step being Executed: 2::2
[INFO ][2015-12-18 12:35:41,860][com.java.TestType] [10222] - dataFields : LNKLogout
[DEBUG][2015-12-18 12:35:41,860][com.java.TestType] [10228] - <In Set values of the page>
[DEBUG][2015-12-18 12:35:41,860][com.java.TestType] [10233] - {Data Fields & Data Values Exist}
[INFO ][2015-12-18 12:35:41,860][com.java.TestType] [10239] - --------------------------setting values-----------------------------
[INFO ][2015-12-18 12:35:41,860][com.java.TestType] [10242] - Action Type : WaitTime
[DEBUG][2015-12-18 12:35:41,860][com.java.TestType] [ 5333] - sleepTime: 5000
[INFO ][2015-12-18 12:35:46,868][com.java.TestType] [10261] -  RESULT true
[INFO ][2015-12-18 12:35:46,868][com.java.TestType] [10378] - ?   P A S S   ?
[INFO ][2015-12-18 12:35:46,868][com.java.TestType] [10449] - Looping End......
[INFO ][2015-12-18 12:35:46,868][com.java.SeleniumDriver] [  894] -  RESULT true
[INFO ][2015-12-18 12:35:46,868][com.java.SeleniumDriver] [ 1100] - ?   P A S S   ?
[INFO ][2015-12-18 12:35:46,868][com.java.SeleniumDriver] [  821] - ------------------------------------------
[INFO ][2015-12-18 12:35:46,868][com.java.SeleniumDriver] [  822] - Test case being Executed: 4
[INFO ][2015-12-18 12:35:46,868][com.java.SeleniumDriver] [  833] - Test step:4
[INFO ][2015-12-18 12:35:46,868][com.java.SeleniumDriver] [  845] - Datavalue is----------null
[DEBUG][2015-12-18 12:35:46,868][com.java.SeleniumDriver] [  863] - Exception: null
[INFO ][2015-12-18 12:35:46,868][com.java.SeleniumDriver] [  869] - DataField : //span[@class='icon-stack']&&//a[@data-id="SetupPackage"]
[INFO ][2015-12-18 12:35:46,868][com.java.SeleniumDriver] [  871] - DataValue : 
[INFO ][2015-12-18 12:35:46,868][com.java.SeleniumDriver] [  877] - <In Set values of the page>
[INFO ][2015-12-18 12:35:46,868][com.java.SeleniumDriver] [  880] - {Data Fields & Data Values Exist}
[INFO ][2015-12-18 12:35:46,868][com.java.SeleniumDriver] [  882] - --------------------------setting values-----------------------------
[INFO ][2015-12-18 12:35:46,868][com.java.SeleniumDriver] [  885] - Action Type : MOUSEOVER
[INFO ][2015-12-18 12:36:09,956][com.java.SeleniumDriver] [  894] -  RESULT true
[INFO ][2015-12-18 12:36:09,956][com.java.SeleniumDriver] [ 1100] - ?   P A S S   ?
[INFO ][2015-12-18 12:36:09,956][com.java.SeleniumDriver] [  821] - ------------------------------------------
[INFO ][2015-12-18 12:36:09,956][com.java.SeleniumDriver] [  822] - Test case being Executed: 4
[INFO ][2015-12-18 12:36:09,956][com.java.SeleniumDriver] [  833] - Test step:5
[INFO ][2015-12-18 12:36:09,956][com.java.SeleniumDriver] [  845] - Datavalue is----------5
[INFO ][2015-12-18 12:36:09,956][com.java.SeleniumDriver] [  869] - DataField : BTNdivHelpText
[INFO ][2015-12-18 12:36:09,956][com.java.SeleniumDriver] [  871] - DataValue : 5
[INFO ][2015-12-18 12:36:09,956][com.java.SeleniumDriver] [  877] - <In Set values of the page>
[INFO ][2015-12-18 12:36:09,956][com.java.SeleniumDriver] [  880] - {Data Fields & Data Values Exist}
[INFO ][2015-12-18 12:36:09,956][com.java.SeleniumDriver] [  882] - --------------------------setting values-----------------------------
[INFO ][2015-12-18 12:36:09,956][com.java.SeleniumDriver] [  885] - Action Type : WAITFORELEMENT
[INFO ][2015-12-18 12:36:11,174][com.java.SeleniumDriver] [  894] -  RESULT true
[INFO ][2015-12-18 12:36:11,174][com.java.SeleniumDriver] [ 1100] - ?   P A S S   ?
[INFO ][2015-12-18 12:36:11,174][com.java.SeleniumDriver] [  821] - ------------------------------------------
[INFO ][2015-12-18 12:36:11,174][com.java.SeleniumDriver] [  822] - Test case being Executed: 4
[INFO ][2015-12-18 12:36:11,174][com.java.SeleniumDriver] [  833] - Test step:6
[INFO ][2015-12-18 12:36:11,174][com.java.SeleniumDriver] [  845] - Datavalue is----------null
[DEBUG][2015-12-18 12:36:11,174][com.java.SeleniumDriver] [  863] - Exception: null
[INFO ][2015-12-18 12:36:11,174][com.java.SeleniumDriver] [  869] - DataField : BTNframeDialogContent
[INFO ][2015-12-18 12:36:11,174][com.java.SeleniumDriver] [  871] - DataValue : 
[INFO ][2015-12-18 12:36:11,174][com.java.SeleniumDriver] [  877] - <In Set values of the page>
[INFO ][2015-12-18 12:36:11,174][com.java.SeleniumDriver] [  880] - {Data Fields & Data Values Exist}
[INFO ][2015-12-18 12:36:11,174][com.java.SeleniumDriver] [  882] - --------------------------setting values-----------------------------
[INFO ][2015-12-18 12:36:11,174][com.java.SeleniumDriver] [  885] - Action Type : SELECTFRAME
[INFO ][2015-12-18 12:36:12,471][com.java.SeleniumDriver] [  894] -  RESULT true
[INFO ][2015-12-18 12:36:12,471][com.java.SeleniumDriver] [ 1100] - ?   P A S S   ?
[INFO ][2015-12-18 12:36:12,471][com.java.SeleniumDriver] [  821] - ------------------------------------------
[INFO ][2015-12-18 12:36:12,471][com.java.SeleniumDriver] [  822] - Test case being Executed: 4
[INFO ][2015-12-18 12:36:12,471][com.java.SeleniumDriver] [  833] - Test step:7
[INFO ][2015-12-18 12:36:12,471][com.java.SeleniumDriver] [  845] - Datavalue is----------//div[@class='ui-widget-content']/div/button
[INFO ][2015-12-18 12:36:12,471][com.java.SeleniumDriver] [  869] - DataField : BTN
[INFO ][2015-12-18 12:36:12,471][com.java.SeleniumDriver] [  871] - DataValue : //div[@class='ui-widget-content']/div/button
[INFO ][2015-12-18 12:36:12,471][com.java.SeleniumDriver] [  877] - <In Set values of the page>
[INFO ][2015-12-18 12:36:12,471][com.java.SeleniumDriver] [  880] - {Data Fields & Data Values Exist}
[INFO ][2015-12-18 12:36:12,471][com.java.SeleniumDriver] [  882] - --------------------------setting values-----------------------------
[INFO ][2015-12-18 12:36:12,471][com.java.SeleniumDriver] [  885] - Action Type : VERIFY
[INFO ][2015-12-18 12:36:12,471][com.java.TestType] [ 6829] - field= BTN value= //div[@class='ui-widget-content']/div/button
[INFO ][2015-12-18 12:36:12,471][com.java.TestType] [ 5513] - value = //div[@class='ui-widget-content']/div/button
[INFO ][2015-12-18 12:36:12,549][com.java.SeleniumDriver] [  894] -  RESULT true
[INFO ][2015-12-18 12:36:12,549][com.java.SeleniumDriver] [ 1100] - ?   P A S S   ?
[INFO ][2015-12-18 12:36:12,549][com.java.SeleniumDriver] [  821] - ------------------------------------------
[INFO ][2015-12-18 12:36:12,549][com.java.SeleniumDriver] [  822] - Test case being Executed: 4
[INFO ][2015-12-18 12:36:12,549][com.java.SeleniumDriver] [  833] - Test step:8
[INFO ][2015-12-18 12:36:12,549][com.java.SeleniumDriver] [  845] - Datavalue is----------null
[DEBUG][2015-12-18 12:36:12,549][com.java.SeleniumDriver] [  863] - Exception: null
[INFO ][2015-12-18 12:36:12,549][com.java.SeleniumDriver] [  869] - DataField : XPH//select[@action="goToPackage"]//option[starts-with(.,'VL_Test')][last()]
[INFO ][2015-12-18 12:36:12,549][com.java.SeleniumDriver] [  871] - DataValue : 
[INFO ][2015-12-18 12:36:12,549][com.java.SeleniumDriver] [  877] - <In Set values of the page>
[INFO ][2015-12-18 12:36:12,549][com.java.SeleniumDriver] [  880] - {Data Fields & Data Values Exist}
[INFO ][2015-12-18 12:36:12,549][com.java.SeleniumDriver] [  882] - --------------------------setting values-----------------------------
[INFO ][2015-12-18 12:36:12,549][com.java.SeleniumDriver] [  885] - Action Type : CLICK
[INFO ][2015-12-18 12:36:12,549][com.java.TestType] [ 5886] - Field ::XPH//select[@action="goToPackage"]//option[starts-with(.,'VL_Test')][last()]
[INFO ][2015-12-18 12:36:12,549][com.java.TestType] [ 5513] - value = 
[INFO ][2015-12-18 12:36:13,563][com.java.TestType] [ 6023] - BEFORE CLICK
[INFO ][2015-12-18 12:36:17,369][com.java.TestType] [ 6031] - Unable to click the object Select any report under Add New Report ddropdown
[INFO ][2015-12-18 12:36:17,369][com.java.SeleniumDriver] [  894] -  RESULT true
[INFO ][2015-12-18 12:36:17,369][com.java.SeleniumDriver] [ 1100] - ?   P A S S   ?
[INFO ][2015-12-18 12:36:17,369][com.java.SeleniumDriver] [ 1142] - step change to 14
[INFO ][2015-12-18 12:36:17,369][com.java.SeleniumDriver] [  821] - ------------------------------------------
[INFO ][2015-12-18 12:36:17,369][com.java.SeleniumDriver] [  822] - Test case being Executed: 4
[INFO ][2015-12-18 12:36:17,369][com.java.SeleniumDriver] [  833] - Test step:14
[INFO ][2015-12-18 12:36:17,369][com.java.SeleniumDriver] [  845] - Datavalue is----------Report
[INFO ][2015-12-18 12:36:17,369][com.java.SeleniumDriver] [  869] - DataField : SLB//select[@action="goToPackage"]
[INFO ][2015-12-18 12:36:17,369][com.java.SeleniumDriver] [  871] - DataValue : Report
[INFO ][2015-12-18 12:36:17,369][com.java.SeleniumDriver] [  877] - <In Set values of the page>
[INFO ][2015-12-18 12:36:17,369][com.java.SeleniumDriver] [  880] - {Data Fields & Data Values Exist}
[INFO ][2015-12-18 12:36:17,369][com.java.SeleniumDriver] [  882] - --------------------------setting values-----------------------------
[INFO ][2015-12-18 12:36:17,369][com.java.SeleniumDriver] [  885] - Action Type : STOREVALUE
[INFO ][2015-12-18 12:36:17,369][com.java.TestType] [ 8009] - field= SLB//select[@action="goToPackage"]
[INFO ][2015-12-18 12:36:17,682][com.java.SeleniumDriver] [  894] -  RESULT true
[INFO ][2015-12-18 12:36:17,682][com.java.SeleniumDriver] [ 1100] - ?   P A S S   ?
[INFO ][2015-12-18 12:36:17,682][com.java.SeleniumDriver] [  821] - ------------------------------------------
[INFO ][2015-12-18 12:36:17,682][com.java.SeleniumDriver] [  822] - Test case being Executed: 4
[INFO ][2015-12-18 12:36:17,682][com.java.SeleniumDriver] [  833] - Test step:15
[INFO ][2015-12-18 12:36:17,682][com.java.SeleniumDriver] [  845] - Datavalue is----------5
[INFO ][2015-12-18 12:36:17,682][com.java.SeleniumDriver] [  869] - DataField : XPH//a[@class="btn btn-xs btn-action"]
[INFO ][2015-12-18 12:36:17,682][com.java.SeleniumDriver] [  871] - DataValue : 5
[INFO ][2015-12-18 12:36:17,682][com.java.SeleniumDriver] [  877] - <In Set values of the page>
[INFO ][2015-12-18 12:36:17,682][com.java.SeleniumDriver] [  880] - {Data Fields & Data Values Exist}
[INFO ][2015-12-18 12:36:17,682][com.java.SeleniumDriver] [  882] - --------------------------setting values-----------------------------
[INFO ][2015-12-18 12:36:17,682][com.java.SeleniumDriver] [  885] - Action Type : WAITFORELEMENT
[INFO ][2015-12-18 12:36:17,713][com.java.SeleniumDriver] [  894] -  RESULT true
[INFO ][2015-12-18 12:36:17,713][com.java.SeleniumDriver] [ 1100] - ?   P A S S   ?
[INFO ][2015-12-18 12:36:17,713][com.java.SeleniumDriver] [  821] - ------------------------------------------
[INFO ][2015-12-18 12:36:17,713][com.java.SeleniumDriver] [  822] - Test case being Executed: 4
[INFO ][2015-12-18 12:36:17,713][com.java.SeleniumDriver] [  833] - Test step:16
[INFO ][2015-12-18 12:36:17,713][com.java.SeleniumDriver] [  845] - Datavalue is----------null
[DEBUG][2015-12-18 12:36:17,713][com.java.SeleniumDriver] [  863] - Exception: null
[INFO ][2015-12-18 12:36:17,713][com.java.SeleniumDriver] [  869] - DataField : XPH//a[@class="btn btn-xs btn-action"]
[INFO ][2015-12-18 12:36:17,713][com.java.SeleniumDriver] [  871] - DataValue : 
[INFO ][2015-12-18 12:36:17,713][com.java.SeleniumDriver] [  877] - <In Set values of the page>
[INFO ][2015-12-18 12:36:17,713][com.java.SeleniumDriver] [  880] - {Data Fields & Data Values Exist}
[INFO ][2015-12-18 12:36:17,713][com.java.SeleniumDriver] [  882] - --------------------------setting values-----------------------------
[INFO ][2015-12-18 12:36:17,713][com.java.SeleniumDriver] [  885] - Action Type : CLICKWITHALERT
[INFO ][2015-12-18 12:36:17,713][com.java.TestType] [ 5886] - Field ::XPH//a[@class="btn btn-xs btn-action"]
[INFO ][2015-12-18 12:36:17,713][com.java.TestType] [ 5513] - value = 
[INFO ][2015-12-18 12:36:18,714][com.java.TestType] [ 6023] - BEFORE CLICK
[INFO ][2015-12-18 12:36:19,525][com.java.TestType] [ 6031] - Unable to click the object common
[INFO ][2015-12-18 12:36:19,946][com.java.SeleniumDriver] [  894] -  RESULT true
[INFO ][2015-12-18 12:36:19,946][com.java.SeleniumDriver] [ 1100] - ?   P A S S   ?
[INFO ][2015-12-18 12:36:19,946][com.java.SeleniumDriver] [  821] - ------------------------------------------
[INFO ][2015-12-18 12:36:19,946][com.java.SeleniumDriver] [  822] - Test case being Executed: 4
[INFO ][2015-12-18 12:36:19,946][com.java.SeleniumDriver] [  833] - Test step:17
[INFO ][2015-12-18 12:36:19,946][com.java.SeleniumDriver] [  845] - Datavalue is----------5
[INFO ][2015-12-18 12:36:19,946][com.java.SeleniumDriver] [  869] - DataField : test
[INFO ][2015-12-18 12:36:19,946][com.java.SeleniumDriver] [  871] - DataValue : 5
[INFO ][2015-12-18 12:36:19,946][com.java.SeleniumDriver] [  877] - <In Set values of the page>
[INFO ][2015-12-18 12:36:19,946][com.java.SeleniumDriver] [  880] - {Data Fields & Data Values Exist}
[INFO ][2015-12-18 12:36:19,946][com.java.SeleniumDriver] [  882] - --------------------------setting values-----------------------------
[INFO ][2015-12-18 12:36:19,946][com.java.SeleniumDriver] [  885] - Action Type : WaitTime
[DEBUG][2015-12-18 12:36:19,946][com.java.TestType] [ 5333] - sleepTime: 5000
[INFO ][2015-12-18 12:36:24,955][com.java.SeleniumDriver] [  894] -  RESULT true
[INFO ][2015-12-18 12:36:24,955][com.java.SeleniumDriver] [ 1100] - ?   P A S S   ?
[INFO ][2015-12-18 12:36:24,955][com.java.SeleniumDriver] [  821] - ------------------------------------------
[INFO ][2015-12-18 12:36:24,955][com.java.SeleniumDriver] [  822] - Test case being Executed: 4
[INFO ][2015-12-18 12:36:24,955][com.java.SeleniumDriver] [  833] - Test step:18
[INFO ][2015-12-18 12:36:24,955][com.java.SeleniumDriver] [  845] - Datavalue is----------HMVReport
[INFO ][2015-12-18 12:36:24,955][com.java.SeleniumDriver] [  869] - DataField : XPH//select[@action="goToPackage"]
[INFO ][2015-12-18 12:36:24,955][com.java.SeleniumDriver] [  871] - DataValue : HMVReport
[INFO ][2015-12-18 12:36:24,955][com.java.SeleniumDriver] [  877] - <In Set values of the page>
[INFO ][2015-12-18 12:36:24,955][com.java.SeleniumDriver] [  880] - {Data Fields & Data Values Exist}
[INFO ][2015-12-18 12:36:24,955][com.java.SeleniumDriver] [  882] - --------------------------setting values-----------------------------
[INFO ][2015-12-18 12:36:24,955][com.java.SeleniumDriver] [  885] - Action Type : VERIFYNOTPRESENT
[INFO ][2015-12-18 12:36:24,955][com.java.TestType] [ 8285] - field= XPH//select[@action="goToPackage"] value= HMVReport
[INFO ][2015-12-18 12:36:26,625][com.java.SeleniumDriver] [  894] -  RESULT false
[INFO ][2015-12-18 12:36:26,625][com.java.SeleniumDriver] [  941] - ?   F A I L   ?
[INFO ][2015-12-18 12:36:26,625][com.java.SeleniumDriver] [  949] - Browser Type : IE10
[INFO ][2015-12-18 12:36:26,625][com.java.SeleniumDriver] [  950] - Adding Failed case4
[INFO ][2015-12-18 12:36:26,766][com.java.SeleniumDriver] [ 1064] - failedCases = 3-4
[ERROR][2015-12-18 12:36:26,766][com.java.SeleniumDriver] [ 1561] - Platform Errors : Our apologies...::We have encountered an issue with your request.::Our apologies?:We encountered an issue with your request.
[INFO ][2015-12-18 12:36:26,766][com.java.SeleniumDriver] [ 1565] - Length =3
[ERROR][2015-12-18 12:36:26,766][com.java.SeleniumDriver] [ 1568] - Error 0 = Our apologies...
[ERROR][2015-12-18 12:36:26,860][com.java.SeleniumDriver] [ 1568] - Error 1 = We have encountered an issue with your request.
[ERROR][2015-12-18 12:36:26,875][com.java.SeleniumDriver] [ 1568] - Error 2 = Our apologies?:We encountered an issue with your request.
[INFO ][2015-12-18 12:36:26,891][com.java.SeleniumDriver] [ 1579] - strError:
[DEBUG][2015-12-18 12:36:26,907][com.java.SeleniumDriver] [ 1212] - Case found
[DEBUG][2015-12-18 12:36:26,907][com.java.SeleniumDriver] [ 1217] - Incrementing ReportCounters[0]:3
[INFO ][2015-12-18 12:36:26,907][com.java.SeleniumDriver] [ 1236] - The results are-------------------[4, 18, Report Packages: Delete a Report Package, Fail, 
Test case failed at Step No. :: 18. Screen Shot : D:\BankersDashboard\TestReports\121815\4_121815_123626_IE10.png, Fri Dec 18 12:36:26 IST 2015]
[INFO ][2015-12-18 12:36:26,907][com.java.SeleniumDriver] [ 1240] - End time is-------5 min 22 sec
[INFO ][2015-12-18 12:36:26,907][com.java.SeleniumDriver] [ 1241] - The results are-------------------[4, 18, Report Packages: Delete a Report Package, Fail, 
Test case failed at Step No. :: 18. Screen Shot : D:\BankersDashboard\TestReports\121815\4_121815_123626_IE10.png, Fri Dec 18 12:36:26 IST 2015]
[DEBUG][2015-12-18 12:36:26,907][com.java.ImportnExport.ExportTestResultsExcel] [  222] - testResultPath = D:\BankersDashboard/TestReports/Test Results_BankersDashBoard_121815_123106_IE10_Simmons First National Bank.xls
[DEBUG][2015-12-18 12:36:26,907][com.java.ImportnExport.ExportTestResultsExcel] [  223] - browser is------------IE10
[DEBUG][2015-12-18 12:36:26,907][com.java.ImportnExport.ExportTestResultsExcel] [  270] - result.size() = 6
[DEBUG][2015-12-18 12:36:26,907][com.java.ImportnExport.ExportTestResultsExcel] [  274] - No of rows in sheet=3
[DEBUG][2015-12-18 12:36:26,907][com.java.ImportnExport.ExportTestResultsExcel] [  301] - ..in export..4
[DEBUG][2015-12-18 12:36:26,907][com.java.ImportnExport.ExportTestResultsExcel] [  301] - ..in export..Report Packages: Delete a Report Package
[DEBUG][2015-12-18 12:36:26,907][com.java.ImportnExport.ExportTestResultsExcel] [  301] - ..in export..Fail
[DEBUG][2015-12-18 12:36:26,907][com.java.ImportnExport.ExportTestResultsExcel] [  301] - ..in export..
Test case failed at Step No. :: 18. Screen Shot : D:\BankersDashboard\TestReports\121815\4_121815_123626_IE10.png
[DEBUG][2015-12-18 12:36:26,907][com.java.ImportnExport.ExportTestResultsExcel] [  301] - ..in export..Fri Dec 18 12:36:26 IST 2015
[INFO ][2015-12-18 12:36:26,907][com.java.SeleniumDriver] [ 1299] - out loop:2 size:3 TestCases:[1, 3, 4] testcases:[1, 3, 4]
[INFO ][2015-12-18 12:36:28,919][com.java.SeleniumDriver] [ 1342] - Total Number of Cases:3
[INFO ][2015-12-18 12:36:28,919][com.java.TemplateGenerator] [  302] - Executed:3
[INFO ][2015-12-18 12:36:28,919][com.java.TemplateGenerator] [  303] - Passed:1
[INFO ][2015-12-18 12:36:28,919][com.java.TemplateGenerator] [  304] - Failed:2
[INFO ][2015-12-18 12:36:28,919][com.java.TemplateGenerator] [  305] - Skipeed:0
[INFO ][2015-12-18 12:36:28,919][com.java.TemplateGenerator] [  306] - Application URL:https://clients-xuat.bankersdashboard.com
[INFO ][2015-12-18 12:36:28,919][com.java.TemplateGenerator] [  307] - Start Time:121815_123106
[INFO ][2015-12-18 12:36:28,919][com.java.TemplateGenerator] [  308] -  Creating HTML Report 
[ERROR][2015-12-18 12:36:28,919][com.java.TemplateGenerator] [  409] - Unparseable date: "Fri Dec 18 12:31:06 IST 2015"
[INFO ][2015-12-18 12:36:28,919][com.java.TemplateGenerator] [  654] -  Exporting case :: 1
[INFO ][2015-12-18 12:36:28,919][com.java.TemplateGenerator] [  654] -  Exporting case :: 3
[INFO ][2015-12-18 12:36:28,919][com.java.TemplateGenerator] [  654] -  Exporting case :: 4
[INFO ][2015-12-18 12:36:28,919][com.java.SeleniumDriver] [ 1391] - End Time:121815_123628
[INFO ][2015-12-18 12:36:28,919][com.java.SeleniumDriver] [ 1394] - Data in Test Execution Details:{1=PASS, 3=FAILTest case failed at Step No. :: 41   Error Message ::  In CONCEPT: Test case failed at Step No. :: 7   Error Message ::  Failed to select option: BP - VL_Test#19752 from ddlPackage, 4=FAILTest case failed at Step No. :: 18}
[INFO ][2015-12-18 12:36:28,919][com.java.SeleniumDriver] [ 1395] - Data in Failed Execution Deatils:{}
[INFO ][2015-12-18 12:36:28,919][com.java.SeleniumDriver] [ 1397] - ReportCounter:Total:3 :: PASS: 1 ::FAIL: 2
[INFO ][2015-12-18 12:36:28,919][com.java.SeleniumDriver] [ 1398] - FailedReportCounter:Total:0 :: PASS: 0 ::FAIL: 0
[INFO ][2015-12-18 12:36:28,920][com.java.EmailTestReport] [   63] - Sending report mail details:
[INFO ][2015-12-18 12:36:28,920][com.java.EmailTestReport] [   80] - Excel Report Path:D:\BankersDashboard/TestReports/Test Results_BankersDashBoard_121815_123106_IE10_Simmons First National Bank.xls
[INFO ][2015-12-18 12:36:28,920][com.java.EmailTestReport] [   81] - HTML Report Path:D:\BankersDashboard//TestReports//Test Results_BankersDashBoard_121815_123106_IE10_Simmons First National Bank.html
[INFO ][2015-12-18 12:36:28,920][com.java.EmailTestReport] [   82] - smtpHostName:mail01.valuelabs.com
[INFO ][2015-12-18 12:36:28,920][com.java.EmailTestReport] [   83] - Recipient:venkateswararao.gubbala@valuelabs.com;
[INFO ][2015-12-18 12:36:28,920][com.java.EmailTestReport] [   84] - From:venkateswararao.gubbala@valuelabs.com;
[INFO ][2015-12-18 12:36:28,920][com.java.EmailTestReport] [   85] - Subject:Deluxe Corp Bankers Dashboard Automation Test Report - Simmons First National Bank - IE10
[INFO ][2015-12-18 12:36:28,951][com.java.EmailTestReport] [  143] -  Added venkateswararao.gubbala@valuelabs.com
[INFO ][2015-12-18 12:36:32,322][com.java.SeleniumDriver] [  720] - quitting the browser 
[INFO ][2015-12-18 12:36:34,134][com.java.SeleniumDriver] [  264] - Execution Completed Stopping the thread
