[INFO ][2016-01-22 14:42:12,010][com.java.SeleniumDriver] [  213] - Execute Failed Casesfalse
[INFO ][2016-01-22 14:42:12,010][com.java.SeleniumDriver] [  214] - Browser: IE10
[INFO ][2016-01-22 14:42:12,014][com.java.SeleniumDriver] [  215] - [1, 2, 3, 4, 5, 6, 7, 8, 9, 10, 11, 12, 13, 14, 15, 16, 17, 18, 19, 20, 21, 22, 23, 24, 25, 26, 27, 28, 29, 30, 31, 32, 33, 34, 35, 36, 37, 38, 39, 40, 41, 42, 43, 44, 45, 46, 47]
[INFO ][2016-01-22 14:42:12,014][com.java.SeleniumDriver] [  216] - Total TestCases:47
[INFO ][2016-01-22 14:42:12,014][com.java.SeleniumDriver] [  217] -  Reading Properties from Property File 
[DEBUG][2016-01-22 14:42:12,015][com.java.SeleniumDriver] [  238] - url : https://clients-xuat.bankersdashboard.com
[INFO ][2016-01-22 14:42:12,016][com.java.ImportnExport.ExportTestResultsExcel] [  116] - Time Stamp Fri Jan 22 02:42:11 IST 2016
[INFO ][2016-01-22 14:42:12,016][com.java.ImportnExport.ExportTestResultsExcel] [  175] - OUT FILE : D:\BankersDashboard/TestReports/Test Results_BankersDashBoard_012216_144211_IE10_CB&S Bank.xls
[INFO ][2016-01-22 14:42:12,061][com.java.ImportnExport.ExportTestResultsExcel] [  180] - Test Result file is created
[DEBUG][2016-01-22 14:42:12,163][com.java.SeleniumDriver] [  426] - Hub ip address is-------172.17.68.34
[INFO ][2016-01-22 14:42:12,164][com.java.SeleniumDriver] [  452] - Grid URL:http://172.17.68.34:4444/wd/hub
[INFO ][2016-01-22 14:42:12,164][com.java.SeleniumDriver] [  453] - Capability:Capabilities [{platform=ANY, ensureCleanSession=true, ignoreProtectedModeSettings=true, acceptSslCerts=true, ignoreZoomSetting=true, browserName=internet explorer, browserstack.ie.noFlash=true, version=null}]
[ERROR][2016-01-22 14:42:13,472][com.java.SeleniumDriver] [  498] - Unable invoke browser in grid:Could not start a new session. Possible causes are invalid address of the remote server or browser start-up failure.
Build info: version: '2.48.2', revision: '41bccdd', time: '2015-10-09 19:59:12'
System info: host: 'FVTIII438F1D', ip: '172.17.68.34', os.name: 'Windows 7', os.arch: 'x86', os.version: '6.1', java.version: '1.7.0_55'
Driver info: driver.version: SeleniumDriver
[INFO ][2016-01-22 14:42:13,473][com.java.SeleniumDriver] [  500] - Executing on local machine
[INFO ][2016-01-22 14:42:23,948][com.java.SeleniumDriver] [  248] - IE10is opened
[INFO ][2016-01-22 14:42:24,782][com.java.SeleniumDriver] [  756] - Test cases to be executed are: [1, 2, 3, 4, 5, 6, 7, 8, 9, 10, 11, 12, 13, 14, 15, 16, 17, 18, 19, 20, 21, 22, 23, 24, 25, 26, 27, 28, 29, 30, 31, 32, 33, 34, 35, 36, 37, 38, 39, 40, 41, 42, 43, 44, 45, 46, 47]
[INFO ][2016-01-22 14:42:24,805][com.java.ImportnExport.ImportTestDataDetailsExcel] [   49] - test data details path===== D:\BankersDashboard\TestInputs\TestData.xls
[DEBUG][2016-01-22 14:42:24,855][com.java.ImportnExport.ImportTestDataDetailsExcel] [  188] - Unable to read the data from the TestData: null
[INFO ][2016-01-22 14:42:24,906][com.java.SeleniumDriver] [  856] - ------------------------------------------
[INFO ][2016-01-22 14:42:24,906][com.java.SeleniumDriver] [  857] - Test case being Executed: 1
[INFO ][2016-01-22 14:42:24,906][com.java.SeleniumDriver] [  869] - Test step:1
[INFO ][2016-01-22 14:42:24,907][com.java.SeleniumDriver] [  881] - Datavalue is----------Concept#1:1-14
[INFO ][2016-01-22 14:42:24,907][com.java.SeleniumDriver] [  905] - DataField : test
[INFO ][2016-01-22 14:42:24,907][com.java.SeleniumDriver] [  907] - DataValue : Concept#1:1-14
[INFO ][2016-01-22 14:42:24,907][com.java.SeleniumDriver] [  913] - <In Set values of the page>
[INFO ][2016-01-22 14:42:24,907][com.java.SeleniumDriver] [  916] - {Data Fields & Data Values Exist}
[INFO ][2016-01-22 14:42:24,907][com.java.SeleniumDriver] [  918] - --------------------------setting values-----------------------------
[INFO ][2016-01-22 14:42:24,907][com.java.SeleniumDriver] [  921] - Action Type : ExecuteTestCase
[INFO ][2016-01-22 14:42:24,925][com.java.TestType] [  442] - The Concept sheet name is ---------- Concept
[INFO ][2016-01-22 14:42:24,926][com.java.TestType] [  445] - The Concept ID  is ---------- 1
[DEBUG][2016-01-22 14:42:24,926][com.java.TestType] [  449] - Steps being executted in the Concept are: 1:14
[INFO ][2016-01-22 14:42:24,926][com.java.TestType] [  456] - Test data details path ---------- D:\BankersDashboard\TestInputs\TestData.xls
[INFO ][2016-01-22 14:42:24,963][com.java.TestType] [  487] -  str(1) = 1
[INFO ][2016-01-22 14:42:24,963][com.java.TestType] [  490] - Test case Id is---1
[INFO ][2016-01-22 14:42:24,963][com.java.TestType] [  492] - 1
[INFO ][2016-01-22 14:42:24,963][com.java.TestType] [  487] -  str(2) = 1
[INFO ][2016-01-22 14:42:24,965][com.java.TestType] [  487] -  str(1) = 1
[INFO ][2016-01-22 14:42:24,965][com.java.TestType] [  490] - Test case Id is---1
[INFO ][2016-01-22 14:42:24,965][com.java.TestType] [  492] - 1
[INFO ][2016-01-22 14:42:24,966][com.java.TestType] [  487] -  str(2) = 2
[INFO ][2016-01-22 14:42:24,967][com.java.TestType] [  487] -  str(1) = 1
[INFO ][2016-01-22 14:42:24,967][com.java.TestType] [  490] - Test case Id is---1
[INFO ][2016-01-22 14:42:24,967][com.java.TestType] [  492] - 1
[INFO ][2016-01-22 14:42:24,967][com.java.TestType] [  487] -  str(2) = 3
[INFO ][2016-01-22 14:42:24,968][com.java.TestType] [  487] -  str(1) = 1
[INFO ][2016-01-22 14:42:24,968][com.java.TestType] [  490] - Test case Id is---1
[INFO ][2016-01-22 14:42:24,969][com.java.TestType] [  492] - 1
[INFO ][2016-01-22 14:42:24,969][com.java.TestType] [  487] -  str(2) = 4
[INFO ][2016-01-22 14:42:24,970][com.java.TestType] [  487] -  str(1) = 1
[INFO ][2016-01-22 14:42:24,970][com.java.TestType] [  490] - Test case Id is---1
[INFO ][2016-01-22 14:42:24,970][com.java.TestType] [  492] - 1
[INFO ][2016-01-22 14:42:24,970][com.java.TestType] [  487] -  str(2) = 5
[INFO ][2016-01-22 14:42:24,971][com.java.TestType] [  487] -  str(1) = 1
[INFO ][2016-01-22 14:42:24,971][com.java.TestType] [  490] - Test case Id is---1
[INFO ][2016-01-22 14:42:24,972][com.java.TestType] [  492] - 1
[INFO ][2016-01-22 14:42:24,972][com.java.TestType] [  487] -  str(2) = 6
[INFO ][2016-01-22 14:42:24,975][com.java.TestType] [  487] -  str(1) = 1
[INFO ][2016-01-22 14:42:24,975][com.java.TestType] [  490] - Test case Id is---1
[INFO ][2016-01-22 14:42:24,975][com.java.TestType] [  492] - 1
[INFO ][2016-01-22 14:42:24,976][com.java.TestType] [  487] -  str(2) = 7
[INFO ][2016-01-22 14:42:24,976][com.java.TestType] [  487] -  str(1) = 1
[INFO ][2016-01-22 14:42:24,976][com.java.TestType] [  490] - Test case Id is---1
[INFO ][2016-01-22 14:42:24,977][com.java.TestType] [  492] - 1
[INFO ][2016-01-22 14:42:24,977][com.java.TestType] [  487] -  str(2) = 8
[INFO ][2016-01-22 14:42:24,977][com.java.TestType] [  487] -  str(1) = 1
[INFO ][2016-01-22 14:42:24,977][com.java.TestType] [  490] - Test case Id is---1
[INFO ][2016-01-22 14:42:24,978][com.java.TestType] [  492] - 1
[INFO ][2016-01-22 14:42:24,978][com.java.TestType] [  487] -  str(2) = 9
[INFO ][2016-01-22 14:42:24,978][com.java.TestType] [  487] -  str(1) = 1
[INFO ][2016-01-22 14:42:24,978][com.java.TestType] [  490] - Test case Id is---1
[INFO ][2016-01-22 14:42:24,979][com.java.TestType] [  492] - 1
[INFO ][2016-01-22 14:42:24,979][com.java.TestType] [  487] -  str(2) = 10
[INFO ][2016-01-22 14:42:24,979][com.java.TestType] [  487] -  str(1) = 1
[INFO ][2016-01-22 14:42:24,980][com.java.TestType] [  490] - Test case Id is---1
[INFO ][2016-01-22 14:42:24,980][com.java.TestType] [  492] - 1
[INFO ][2016-01-22 14:42:24,980][com.java.TestType] [  487] -  str(2) = 11
[INFO ][2016-01-22 14:42:24,980][com.java.TestType] [  487] -  str(1) = 1
[INFO ][2016-01-22 14:42:24,981][com.java.TestType] [  490] - Test case Id is---1
[INFO ][2016-01-22 14:42:24,981][com.java.TestType] [  492] - 1
[INFO ][2016-01-22 14:42:24,981][com.java.TestType] [  487] -  str(2) = 12
[INFO ][2016-01-22 14:42:24,982][com.java.TestType] [  487] -  str(1) = 1
[INFO ][2016-01-22 14:42:24,982][com.java.TestType] [  490] - Test case Id is---1
[INFO ][2016-01-22 14:42:24,982][com.java.TestType] [  492] - 1
[INFO ][2016-01-22 14:42:24,982][com.java.TestType] [  487] -  str(2) = 13
[INFO ][2016-01-22 14:42:24,983][com.java.TestType] [  487] -  str(1) = 1
[INFO ][2016-01-22 14:42:24,983][com.java.TestType] [  490] - Test case Id is---1
[INFO ][2016-01-22 14:42:24,983][com.java.TestType] [  492] - 1
[INFO ][2016-01-22 14:42:24,983][com.java.TestType] [  487] -  str(2) = 14
[INFO ][2016-01-22 14:42:24,985][com.java.TestType] [11651] - Looping 1TCID = 1
[DEBUG][2016-01-22 14:42:24,985][com.java.TestType] [11692] - Concept ID:1 :: Step being Executed: 1::1
[INFO ][2016-01-22 14:42:24,985][com.java.TestType] [11730] - dataFields : TXTusername
[DEBUG][2016-01-22 14:42:24,985][com.java.TestType] [11736] - <In Set values of the page>
[DEBUG][2016-01-22 14:42:24,985][com.java.TestType] [11741] - {Data Fields & Data Values Exist}
[INFO ][2016-01-22 14:42:24,985][com.java.TestType] [11747] - --------------------------setting values-----------------------------
[INFO ][2016-01-22 14:42:24,985][com.java.TestType] [11750] - Action Type : CLEARANDENTER
[INFO ][2016-01-22 14:42:27,274][com.java.TestType] [ 6394] - value = valuelabs.ie10.15310
[INFO ][2016-01-22 14:42:29,675][com.java.TestType] [11769] -  RESULT true
[INFO ][2016-01-22 14:42:29,675][com.java.TestType] [11886] - ?   P A S S   ?
[DEBUG][2016-01-22 14:42:29,675][com.java.TestType] [11692] - Concept ID:1 :: Step being Executed: 1::2
[INFO ][2016-01-22 14:42:29,675][com.java.TestType] [11730] - dataFields : TXTpassword
[DEBUG][2016-01-22 14:42:29,675][com.java.TestType] [11736] - <In Set values of the page>
[DEBUG][2016-01-22 14:42:29,675][com.java.TestType] [11741] - {Data Fields & Data Values Exist}
[INFO ][2016-01-22 14:42:29,676][com.java.TestType] [11747] - --------------------------setting values-----------------------------
[INFO ][2016-01-22 14:42:29,676][com.java.TestType] [11750] - Action Type : CLEARANDENTER
[INFO ][2016-01-22 14:42:31,955][com.java.TestType] [ 6394] - value = Password1*
[INFO ][2016-01-22 14:42:34,483][com.java.TestType] [11769] -  RESULT true
[INFO ][2016-01-22 14:42:34,484][com.java.TestType] [11886] - ?   P A S S   ?
[DEBUG][2016-01-22 14:42:34,484][com.java.TestType] [11692] - Concept ID:1 :: Step being Executed: 1::3
[ERROR][2016-01-22 14:42:34,484][com.java.TestType] [11725] - Exception: null
[INFO ][2016-01-22 14:42:34,484][com.java.TestType] [11730] - dataFields : XPH//button[@type='submit']
[DEBUG][2016-01-22 14:42:34,484][com.java.TestType] [11736] - <In Set values of the page>
[DEBUG][2016-01-22 14:42:34,484][com.java.TestType] [11741] - {Data Fields & Data Values Exist}
[INFO ][2016-01-22 14:42:34,484][com.java.TestType] [11747] - --------------------------setting values-----------------------------
[INFO ][2016-01-22 14:42:34,485][com.java.TestType] [11750] - Action Type : Click
[INFO ][2016-01-22 14:42:34,485][com.java.TestType] [ 6773] - Field ::XPH//button[@type='submit']
[INFO ][2016-01-22 14:42:34,485][com.java.TestType] [ 6394] - value = 
[INFO ][2016-01-22 14:42:35,485][com.java.TestType] [ 6946] - BEFORE CLICK
[INFO ][2016-01-22 14:42:36,339][com.java.TestType] [ 6954] - Unable to click the object Login
[INFO ][2016-01-22 14:42:36,339][com.java.TestType] [11769] -  RESULT true
[INFO ][2016-01-22 14:42:36,339][com.java.TestType] [11886] - ?   P A S S   ?
[DEBUG][2016-01-22 14:42:36,339][com.java.TestType] [11692] - Concept ID:1 :: Step being Executed: 1::4
[INFO ][2016-01-22 14:42:36,339][com.java.TestType] [11730] - dataFields : LNKLogout
[DEBUG][2016-01-22 14:42:36,339][com.java.TestType] [11736] - <In Set values of the page>
[DEBUG][2016-01-22 14:42:36,339][com.java.TestType] [11741] - {Data Fields & Data Values Exist}
[INFO ][2016-01-22 14:42:36,339][com.java.TestType] [11747] - --------------------------setting values-----------------------------
[INFO ][2016-01-22 14:42:36,339][com.java.TestType] [11750] - Action Type : WaitForElement
[INFO ][2016-01-22 14:42:44,097][com.java.TestType] [11769] -  RESULT true
[INFO ][2016-01-22 14:42:44,097][com.java.TestType] [11886] - ?   P A S S   ?
[DEBUG][2016-01-22 14:42:44,097][com.java.TestType] [11692] - Concept ID:1 :: Step being Executed: 1::13
[INFO ][2016-01-22 14:42:44,097][com.java.TestType] [11730] - dataFields : LNK
[DEBUG][2016-01-22 14:42:44,097][com.java.TestType] [11736] - <In Set values of the page>
[DEBUG][2016-01-22 14:42:44,098][com.java.TestType] [11741] - {Data Fields & Data Values Exist}
[INFO ][2016-01-22 14:42:44,098][com.java.TestType] [11747] - --------------------------setting values-----------------------------
[INFO ][2016-01-22 14:42:44,098][com.java.TestType] [11750] - Action Type : Verify
[INFO ][2016-01-22 14:42:44,098][com.java.TestType] [ 7984] - field= LNK value= Logout
[INFO ][2016-01-22 14:42:44,099][com.java.TestType] [ 6394] - value = Logout
[INFO ][2016-01-22 14:42:44,136][com.java.TestType] [11769] -  RESULT true
[INFO ][2016-01-22 14:42:44,136][com.java.TestType] [11886] - ?   P A S S   ?
[DEBUG][2016-01-22 14:42:44,136][com.java.TestType] [11692] - Concept ID:1 :: Step being Executed: 1::14
[INFO ][2016-01-22 14:42:44,136][com.java.TestType] [11730] - dataFields : BTN
[DEBUG][2016-01-22 14:42:44,137][com.java.TestType] [11736] - <In Set values of the page>
[DEBUG][2016-01-22 14:42:44,137][com.java.TestType] [11741] - {Data Fields & Data Values Exist}
[INFO ][2016-01-22 14:42:44,137][com.java.TestType] [11747] - --------------------------setting values-----------------------------
[INFO ][2016-01-22 14:42:44,137][com.java.TestType] [11750] - Action Type : Verify
[INFO ][2016-01-22 14:42:44,137][com.java.TestType] [ 7984] - field= BTN value= //img[contains(@src,'bdlogo.jpg')]
[INFO ][2016-01-22 14:42:44,137][com.java.TestType] [ 6394] - value = //img[contains(@src,'bdlogo.jpg')]
[INFO ][2016-01-22 14:42:44,208][com.java.TestType] [11769] -  RESULT true
[INFO ][2016-01-22 14:42:44,208][com.java.TestType] [11886] - ?   P A S S   ?
[INFO ][2016-01-22 14:42:44,208][com.java.TestType] [11957] - Looping End......
[INFO ][2016-01-22 14:42:44,212][com.java.SeleniumDriver] [  930] -  RESULT true
[INFO ][2016-01-22 14:42:44,212][com.java.SeleniumDriver] [ 1136] - ?   P A S S   ?
[INFO ][2016-01-22 14:42:44,212][com.java.SeleniumDriver] [  856] - ------------------------------------------
[INFO ][2016-01-22 14:42:44,212][com.java.SeleniumDriver] [  857] - Test case being Executed: 1
[INFO ][2016-01-22 14:42:44,212][com.java.SeleniumDriver] [  869] - Test step:2
[INFO ][2016-01-22 14:42:44,212][com.java.SeleniumDriver] [  881] - Datavalue is----------Concept#2:1-2
[INFO ][2016-01-22 14:42:44,212][com.java.SeleniumDriver] [  905] - DataField : test
[INFO ][2016-01-22 14:42:44,212][com.java.SeleniumDriver] [  907] - DataValue : Concept#2:1-2
[INFO ][2016-01-22 14:42:44,212][com.java.SeleniumDriver] [  913] - <In Set values of the page>
[INFO ][2016-01-22 14:42:44,212][com.java.SeleniumDriver] [  916] - {Data Fields & Data Values Exist}
[INFO ][2016-01-22 14:42:44,212][com.java.SeleniumDriver] [  918] - --------------------------setting values-----------------------------
[INFO ][2016-01-22 14:42:44,213][com.java.SeleniumDriver] [  921] - Action Type : ExecuteTestCase
[INFO ][2016-01-22 14:42:44,214][com.java.TestType] [  442] - The Concept sheet name is ---------- Concept
[INFO ][2016-01-22 14:42:44,214][com.java.TestType] [  445] - The Concept ID  is ---------- 2
[DEBUG][2016-01-22 14:42:44,214][com.java.TestType] [  449] - Steps being executted in the Concept are: 1:2
[INFO ][2016-01-22 14:42:44,214][com.java.TestType] [  456] - Test data details path ---------- D:\BankersDashboard\TestInputs\TestData.xls
[INFO ][2016-01-22 14:42:44,244][com.java.TestType] [  487] -  str(1) = 2
[INFO ][2016-01-22 14:42:44,245][com.java.TestType] [  490] - Test case Id is---2
[INFO ][2016-01-22 14:42:44,245][com.java.TestType] [  492] - 2
[INFO ][2016-01-22 14:42:44,245][com.java.TestType] [  487] -  str(2) = 1
[INFO ][2016-01-22 14:42:44,247][com.java.TestType] [  487] -  str(1) = 2
[INFO ][2016-01-22 14:42:44,247][com.java.TestType] [  490] - Test case Id is---2
[INFO ][2016-01-22 14:42:44,247][com.java.TestType] [  492] - 2
[INFO ][2016-01-22 14:42:44,247][com.java.TestType] [  487] -  str(2) = 2
[INFO ][2016-01-22 14:42:44,248][com.java.TestType] [  487] -  str(1) = 2
[INFO ][2016-01-22 14:42:44,248][com.java.TestType] [  490] - Test case Id is---2
[INFO ][2016-01-22 14:42:44,248][com.java.TestType] [  492] - 2
[INFO ][2016-01-22 14:42:44,248][com.java.TestType] [  487] -  str(2) = 3
[INFO ][2016-01-22 14:42:44,249][com.java.TestType] [11651] - Looping 1TCID = 2
[DEBUG][2016-01-22 14:42:44,249][com.java.TestType] [11692] - Concept ID:2 :: Step being Executed: 2::1
[INFO ][2016-01-22 14:42:44,249][com.java.TestType] [11730] - dataFields : BNK//select[@id='bank']
[DEBUG][2016-01-22 14:42:44,249][com.java.TestType] [11736] - <In Set values of the page>
[DEBUG][2016-01-22 14:42:44,249][com.java.TestType] [11741] - {Data Fields & Data Values Exist}
[INFO ][2016-01-22 14:42:44,249][com.java.TestType] [11747] - --------------------------setting values-----------------------------
[INFO ][2016-01-22 14:42:44,249][com.java.TestType] [11750] - Action Type : Select
[INFO ][2016-01-22 14:42:44,249][com.java.TestType] [ 6394] - value = PFC
[INFO ][2016-01-22 14:42:44,441][com.java.TestType] [11769] -  RESULT true
[INFO ][2016-01-22 14:42:44,441][com.java.TestType] [11886] - ?   P A S S   ?
[DEBUG][2016-01-22 14:42:44,441][com.java.TestType] [11692] - Concept ID:2 :: Step being Executed: 2::2
[INFO ][2016-01-22 14:42:44,442][com.java.TestType] [11730] - dataFields : BTNbtnLogout
[DEBUG][2016-01-22 14:42:44,442][com.java.TestType] [11736] - <In Set values of the page>
[DEBUG][2016-01-22 14:42:44,442][com.java.TestType] [11741] - {Data Fields & Data Values Exist}
[INFO ][2016-01-22 14:42:44,442][com.java.TestType] [11747] - --------------------------setting values-----------------------------
[INFO ][2016-01-22 14:42:44,442][com.java.TestType] [11750] - Action Type : WaitForElement
[INFO ][2016-01-22 14:42:45,664][com.java.TestType] [11769] -  RESULT true
[INFO ][2016-01-22 14:42:45,664][com.java.TestType] [11886] - ?   P A S S   ?
[INFO ][2016-01-22 14:42:45,664][com.java.TestType] [11957] - Looping End......
[INFO ][2016-01-22 14:42:45,668][com.java.SeleniumDriver] [  930] -  RESULT true
[INFO ][2016-01-22 14:42:45,668][com.java.SeleniumDriver] [ 1136] - ?   P A S S   ?
[INFO ][2016-01-22 14:42:45,668][com.java.SeleniumDriver] [  856] - ------------------------------------------
[INFO ][2016-01-22 14:42:45,668][com.java.SeleniumDriver] [  857] - Test case being Executed: 1
[INFO ][2016-01-22 14:42:45,668][com.java.SeleniumDriver] [  869] - Test step:3
[INFO ][2016-01-22 14:42:45,668][com.java.SeleniumDriver] [  881] - Datavalue is----------2
[INFO ][2016-01-22 14:42:45,669][com.java.SeleniumDriver] [  905] - DataField : XPH//button[contains(text(),'Add Content')]
[INFO ][2016-01-22 14:42:45,669][com.java.SeleniumDriver] [  907] - DataValue : 2
[INFO ][2016-01-22 14:42:45,669][com.java.SeleniumDriver] [  913] - <In Set values of the page>
[INFO ][2016-01-22 14:42:45,669][com.java.SeleniumDriver] [  916] - {Data Fields & Data Values Exist}
[INFO ][2016-01-22 14:42:45,669][com.java.SeleniumDriver] [  918] - --------------------------setting values-----------------------------
[INFO ][2016-01-22 14:42:45,669][com.java.SeleniumDriver] [  921] - Action Type : WAITFORELEMENT
[INFO ][2016-01-22 14:42:45,704][com.java.SeleniumDriver] [  930] -  RESULT true
[INFO ][2016-01-22 14:42:45,704][com.java.SeleniumDriver] [ 1136] - ?   P A S S   ?
[DEBUG][2016-01-22 14:42:45,704][com.java.SeleniumDriver] [ 1248] - Case found
[DEBUG][2016-01-22 14:42:45,704][com.java.SeleniumDriver] [ 1253] - Incrementing ReportCounters[0]:1
[INFO ][2016-01-22 14:42:45,705][com.java.SeleniumDriver] [ 1272] - The results are-------------------[1, 1, Valid Login, Pass, , Fri Jan 22 14:42:44 IST 2016, 1, 2, Valid Login, Pass, , Fri Jan 22 14:42:45 IST 2016, 1, 3, Valid Login, Pass, , Fri Jan 22 14:42:45 IST 2016]
[INFO ][2016-01-22 14:42:45,705][com.java.SeleniumDriver] [ 1276] - End time is-------35 sec
[INFO ][2016-01-22 14:42:45,705][com.java.SeleniumDriver] [ 1277] - The results are-------------------[1, 1, Valid Login, Pass, , Fri Jan 22 14:42:44 IST 2016, 1, 2, Valid Login, Pass, , Fri Jan 22 14:42:45 IST 2016, 1, 3, Valid Login, Pass, , Fri Jan 22 14:42:45 IST 2016]
[DEBUG][2016-01-22 14:42:45,705][com.java.ImportnExport.ExportTestResultsExcel] [  222] - testResultPath = D:\BankersDashboard/TestReports/Test Results_BankersDashBoard_012216_144211_IE10_CB&S Bank.xls
[DEBUG][2016-01-22 14:42:45,705][com.java.ImportnExport.ExportTestResultsExcel] [  223] - browser is------------IE10
[DEBUG][2016-01-22 14:42:45,753][com.java.ImportnExport.ExportTestResultsExcel] [  270] - result.size() = 18
[DEBUG][2016-01-22 14:42:45,753][com.java.ImportnExport.ExportTestResultsExcel] [  274] - No of rows in sheet=1
[DEBUG][2016-01-22 14:42:45,753][com.java.ImportnExport.ExportTestResultsExcel] [  301] - ..in export..1
[DEBUG][2016-01-22 14:42:45,753][com.java.ImportnExport.ExportTestResultsExcel] [  301] - ..in export..Valid Login
[DEBUG][2016-01-22 14:42:45,753][com.java.ImportnExport.ExportTestResultsExcel] [  301] - ..in export..Pass
[DEBUG][2016-01-22 14:42:45,754][com.java.ImportnExport.ExportTestResultsExcel] [  301] - ..in export..
[DEBUG][2016-01-22 14:42:45,754][com.java.ImportnExport.ExportTestResultsExcel] [  301] - ..in export..Fri Jan 22 14:42:44 IST 2016
[INFO ][2016-01-22 14:42:45,755][com.java.SeleniumDriver] [ 1337] - out loop:0 size:47 TestCases:[1, 2, 3, 4, 5, 6, 7, 8, 9, 10, 11, 12, 13, 14, 15, 16, 17, 18, 19, 20, 21, 22, 23, 24, 25, 26, 27, 28, 29, 30, 31, 32, 33, 34, 35, 36, 37, 38, 39, 40, 41, 42, 43, 44, 45, 46, 47] testcases:[1, 2, 3, 4, 5, 6, 7, 8, 9, 10, 11, 12, 13, 14, 15, 16, 17, 18, 19, 20, 21, 22, 23, 24, 25, 26, 27, 28, 29, 30, 31, 32, 33, 34, 35, 36, 37, 38, 39, 40, 41, 42, 43, 44, 45, 46, 47]
[INFO ][2016-01-22 14:42:45,755][com.java.ImportnExport.ImportTestDataDetailsExcel] [   49] - test data details path===== D:\BankersDashboard\TestInputs\TestData.xls
[INFO ][2016-01-22 14:43:07,172][com.java.SeleniumDriver] [  856] - ------------------------------------------
[INFO ][2016-01-22 14:43:07,172][com.java.SeleniumDriver] [  857] - Test case being Executed: 2
[INFO ][2016-01-22 14:43:07,172][com.java.SeleniumDriver] [  869] - Test step:1
[INFO ][2016-01-22 14:43:07,172][com.java.SeleniumDriver] [  881] - Datavalue is----------dt:Logout
[INFO ][2016-01-22 14:43:07,172][com.java.SeleniumDriver] [  905] - DataField : BTN
[INFO ][2016-01-22 14:43:07,172][com.java.SeleniumDriver] [  907] - DataValue : dt:Logout
[INFO ][2016-01-22 14:43:07,172][com.java.SeleniumDriver] [  913] - <In Set values of the page>
[INFO ][2016-01-22 14:43:07,172][com.java.SeleniumDriver] [  916] - {Data Fields & Data Values Exist}
[INFO ][2016-01-22 14:43:07,172][com.java.SeleniumDriver] [  918] - --------------------------setting values-----------------------------
[INFO ][2016-01-22 14:43:07,172][com.java.SeleniumDriver] [  921] - Action Type : Verify
[INFO ][2016-01-22 14:43:07,172][com.java.TestType] [ 7984] - field= BTN value= dt:Logout
[INFO ][2016-01-22 14:43:07,173][com.java.TestType] [ 6394] - value = btnLogout
[INFO ][2016-01-22 14:43:09,578][com.java.SeleniumDriver] [  930] -  RESULT true
[INFO ][2016-01-22 14:43:09,578][com.java.SeleniumDriver] [ 1136] - ?   P A S S   ?
[INFO ][2016-01-22 14:43:09,578][com.java.SeleniumDriver] [ 1178] - step change to 3
[INFO ][2016-01-22 14:43:09,579][com.java.SeleniumDriver] [  856] - ------------------------------------------
[INFO ][2016-01-22 14:43:09,579][com.java.SeleniumDriver] [  857] - Test case being Executed: 2
[INFO ][2016-01-22 14:43:09,579][com.java.SeleniumDriver] [  869] - Test step:3
[INFO ][2016-01-22 14:43:09,579][com.java.SeleniumDriver] [  881] - Datavalue is----------Concept#2:1-2
[INFO ][2016-01-22 14:43:09,579][com.java.SeleniumDriver] [  905] - DataField : test
[INFO ][2016-01-22 14:43:09,579][com.java.SeleniumDriver] [  907] - DataValue : Concept#2:1-2
[INFO ][2016-01-22 14:43:09,579][com.java.SeleniumDriver] [  913] - <In Set values of the page>
[INFO ][2016-01-22 14:43:09,579][com.java.SeleniumDriver] [  916] - {Data Fields & Data Values Exist}
[INFO ][2016-01-22 14:43:09,579][com.java.SeleniumDriver] [  918] - --------------------------setting values-----------------------------
[INFO ][2016-01-22 14:43:09,579][com.java.SeleniumDriver] [  921] - Action Type : ExecuteTestCase
[INFO ][2016-01-22 14:43:09,579][com.java.TestType] [  442] - The Concept sheet name is ---------- Concept
[INFO ][2016-01-22 14:43:09,579][com.java.TestType] [  445] - The Concept ID  is ---------- 2
[DEBUG][2016-01-22 14:43:09,579][com.java.TestType] [  449] - Steps being executted in the Concept are: 1:2
[INFO ][2016-01-22 14:43:09,580][com.java.TestType] [  456] - Test data details path ---------- D:\BankersDashboard\TestInputs\TestData.xls
[INFO ][2016-01-22 14:43:09,610][com.java.TestType] [  487] -  str(1) = 2
[INFO ][2016-01-22 14:43:09,610][com.java.TestType] [  490] - Test case Id is---2
[INFO ][2016-01-22 14:43:09,610][com.java.TestType] [  492] - 2
[INFO ][2016-01-22 14:43:09,610][com.java.TestType] [  487] -  str(2) = 1
[INFO ][2016-01-22 14:43:09,612][com.java.TestType] [  487] -  str(1) = 2
[INFO ][2016-01-22 14:43:09,612][com.java.TestType] [  490] - Test case Id is---2
[INFO ][2016-01-22 14:43:09,612][com.java.TestType] [  492] - 2
[INFO ][2016-01-22 14:43:09,612][com.java.TestType] [  487] -  str(2) = 2
[INFO ][2016-01-22 14:43:09,612][com.java.TestType] [  487] -  str(1) = 2
[INFO ][2016-01-22 14:43:09,613][com.java.TestType] [  490] - Test case Id is---2
[INFO ][2016-01-22 14:43:09,613][com.java.TestType] [  492] - 2
[INFO ][2016-01-22 14:43:09,613][com.java.TestType] [  487] -  str(2) = 3
[INFO ][2016-01-22 14:43:09,614][com.java.TestType] [11651] - Looping 1TCID = 2
[DEBUG][2016-01-22 14:43:09,614][com.java.TestType] [11692] - Concept ID:2 :: Step being Executed: 2::1
[INFO ][2016-01-22 14:43:09,614][com.java.TestType] [11730] - dataFields : BNK//select[@id='bank']
[DEBUG][2016-01-22 14:43:09,614][com.java.TestType] [11736] - <In Set values of the page>
[DEBUG][2016-01-22 14:43:09,614][com.java.TestType] [11741] - {Data Fields & Data Values Exist}
[INFO ][2016-01-22 14:43:09,614][com.java.TestType] [11747] - --------------------------setting values-----------------------------
[INFO ][2016-01-22 14:43:09,614][com.java.TestType] [11750] - Action Type : Select
[INFO ][2016-01-22 14:43:09,615][com.java.TestType] [ 6394] - value = PFC
[INFO ][2016-01-22 14:43:09,818][com.java.TestType] [11769] -  RESULT true
[INFO ][2016-01-22 14:43:09,818][com.java.TestType] [11886] - ?   P A S S   ?
[DEBUG][2016-01-22 14:43:09,818][com.java.TestType] [11692] - Concept ID:2 :: Step being Executed: 2::2
[INFO ][2016-01-22 14:43:09,818][com.java.TestType] [11730] - dataFields : BTNbtnLogout
[DEBUG][2016-01-22 14:43:09,818][com.java.TestType] [11736] - <In Set values of the page>
[DEBUG][2016-01-22 14:43:09,818][com.java.TestType] [11741] - {Data Fields & Data Values Exist}
[INFO ][2016-01-22 14:43:09,818][com.java.TestType] [11747] - --------------------------setting values-----------------------------
[INFO ][2016-01-22 14:43:09,819][com.java.TestType] [11750] - Action Type : WaitForElement
[INFO ][2016-01-22 14:43:11,014][com.java.TestType] [11769] -  RESULT true
[INFO ][2016-01-22 14:43:11,015][com.java.TestType] [11886] - ?   P A S S   ?
[INFO ][2016-01-22 14:43:11,016][com.java.TestType] [11957] - Looping End......
[INFO ][2016-01-22 14:43:11,019][com.java.SeleniumDriver] [  930] -  RESULT true
[INFO ][2016-01-22 14:43:11,019][com.java.SeleniumDriver] [ 1136] - ?   P A S S   ?
[INFO ][2016-01-22 14:43:11,019][com.java.SeleniumDriver] [  856] - ------------------------------------------
[INFO ][2016-01-22 14:43:11,019][com.java.SeleniumDriver] [  857] - Test case being Executed: 2
[INFO ][2016-01-22 14:43:11,019][com.java.SeleniumDriver] [  869] - Test step:4
[INFO ][2016-01-22 14:43:11,020][com.java.SeleniumDriver] [  881] - Datavalue is----------2
[INFO ][2016-01-22 14:43:11,020][com.java.SeleniumDriver] [  905] - DataField : BTNG/L
[INFO ][2016-01-22 14:43:11,020][com.java.SeleniumDriver] [  907] - DataValue : 2
[INFO ][2016-01-22 14:43:11,020][com.java.SeleniumDriver] [  913] - <In Set values of the page>
[INFO ][2016-01-22 14:43:11,020][com.java.SeleniumDriver] [  916] - {Data Fields & Data Values Exist}
[INFO ][2016-01-22 14:43:11,020][com.java.SeleniumDriver] [  918] - --------------------------setting values-----------------------------
[INFO ][2016-01-22 14:43:11,020][com.java.SeleniumDriver] [  921] - Action Type : WAITFORELEMENT
[INFO ][2016-01-22 14:43:11,076][com.java.SeleniumDriver] [  930] -  RESULT true
[INFO ][2016-01-22 14:43:11,076][com.java.SeleniumDriver] [ 1136] - ?   P A S S   ?
[INFO ][2016-01-22 14:43:11,076][com.java.SeleniumDriver] [  856] - ------------------------------------------
[INFO ][2016-01-22 14:43:11,076][com.java.SeleniumDriver] [  857] - Test case being Executed: 2
[INFO ][2016-01-22 14:43:11,076][com.java.SeleniumDriver] [  869] - Test step:5
[INFO ][2016-01-22 14:43:11,076][com.java.SeleniumDriver] [  881] - Datavalue is----------null
[DEBUG][2016-01-22 14:43:11,076][com.java.SeleniumDriver] [  899] - Exception: null
[INFO ][2016-01-22 14:43:11,076][com.java.SeleniumDriver] [  905] - DataField : //span[@class="icon-coin"]&&//a[text()='Summaries']&&//a[@data-id="ExecutiveSummary"]
[INFO ][2016-01-22 14:43:11,077][com.java.SeleniumDriver] [  907] - DataValue : 
[INFO ][2016-01-22 14:43:11,077][com.java.SeleniumDriver] [  913] - <In Set values of the page>
[INFO ][2016-01-22 14:43:11,077][com.java.SeleniumDriver] [  916] - {Data Fields & Data Values Exist}
[INFO ][2016-01-22 14:43:11,077][com.java.SeleniumDriver] [  918] - --------------------------setting values-----------------------------
[INFO ][2016-01-22 14:43:11,077][com.java.SeleniumDriver] [  921] - Action Type : MOUSEOVER
[INFO ][2016-01-22 14:43:38,418][com.java.SeleniumDriver] [  930] -  RESULT true
[INFO ][2016-01-22 14:43:38,418][com.java.SeleniumDriver] [ 1136] - ?   P A S S   ?
[INFO ][2016-01-22 14:43:38,418][com.java.SeleniumDriver] [  856] - ------------------------------------------
[INFO ][2016-01-22 14:43:38,418][com.java.SeleniumDriver] [  857] - Test case being Executed: 2
[INFO ][2016-01-22 14:43:38,418][com.java.SeleniumDriver] [  869] - Test step:6
[INFO ][2016-01-22 14:43:38,418][com.java.SeleniumDriver] [  881] - Datavalue is----------3
[INFO ][2016-01-22 14:43:38,418][com.java.SeleniumDriver] [  905] - DataField : XPH//span[contains(text(),'Show Report')]
[INFO ][2016-01-22 14:43:38,418][com.java.SeleniumDriver] [  907] - DataValue : 3
[INFO ][2016-01-22 14:43:38,418][com.java.SeleniumDriver] [  913] - <In Set values of the page>
[INFO ][2016-01-22 14:43:38,418][com.java.SeleniumDriver] [  916] - {Data Fields & Data Values Exist}
[INFO ][2016-01-22 14:43:38,418][com.java.SeleniumDriver] [  918] - --------------------------setting values-----------------------------
[INFO ][2016-01-22 14:43:38,418][com.java.SeleniumDriver] [  921] - Action Type : WAITFORELEMENT
[INFO ][2016-01-22 14:43:38,455][com.java.SeleniumDriver] [  930] -  RESULT true
[INFO ][2016-01-22 14:43:38,455][com.java.SeleniumDriver] [ 1136] - ?   P A S S   ?
[INFO ][2016-01-22 14:43:38,455][com.java.SeleniumDriver] [  856] - ------------------------------------------
[INFO ][2016-01-22 14:43:38,455][com.java.SeleniumDriver] [  857] - Test case being Executed: 2
[INFO ][2016-01-22 14:43:38,455][com.java.SeleniumDriver] [  869] - Test step:7
[INFO ][2016-01-22 14:43:38,457][com.java.SeleniumDriver] [  881] - Datavalue is----------3
[INFO ][2016-01-22 14:43:38,457][com.java.SeleniumDriver] [  905] - DataField : BTNframeDialogContent
[INFO ][2016-01-22 14:43:38,457][com.java.SeleniumDriver] [  907] - DataValue : 3
[INFO ][2016-01-22 14:43:38,457][com.java.SeleniumDriver] [  913] - <In Set values of the page>
[INFO ][2016-01-22 14:43:38,457][com.java.SeleniumDriver] [  916] - {Data Fields & Data Values Exist}
[INFO ][2016-01-22 14:43:38,457][com.java.SeleniumDriver] [  918] - --------------------------setting values-----------------------------
[INFO ][2016-01-22 14:43:38,457][com.java.SeleniumDriver] [  921] - Action Type : WAITFORELEMENT
[INFO ][2016-01-22 14:43:39,664][com.java.SeleniumDriver] [  930] -  RESULT true
[INFO ][2016-01-22 14:43:39,664][com.java.SeleniumDriver] [ 1136] - ?   P A S S   ?
[INFO ][2016-01-22 14:43:39,664][com.java.SeleniumDriver] [  856] - ------------------------------------------
[INFO ][2016-01-22 14:43:39,664][com.java.SeleniumDriver] [  857] - Test case being Executed: 2
[INFO ][2016-01-22 14:43:39,664][com.java.SeleniumDriver] [  869] - Test step:8
[INFO ][2016-01-22 14:43:39,665][com.java.SeleniumDriver] [  881] - Datavalue is----------null
[DEBUG][2016-01-22 14:43:39,665][com.java.SeleniumDriver] [  899] - Exception: null
[INFO ][2016-01-22 14:43:39,665][com.java.SeleniumDriver] [  905] - DataField : BTNframeDialogContent
[INFO ][2016-01-22 14:43:39,665][com.java.SeleniumDriver] [  907] - DataValue : 
[INFO ][2016-01-22 14:43:39,665][com.java.SeleniumDriver] [  913] - <In Set values of the page>
[INFO ][2016-01-22 14:43:39,665][com.java.SeleniumDriver] [  916] - {Data Fields & Data Values Exist}
[INFO ][2016-01-22 14:43:39,665][com.java.SeleniumDriver] [  918] - --------------------------setting values-----------------------------
[INFO ][2016-01-22 14:43:39,665][com.java.SeleniumDriver] [  921] - Action Type : SELECTFRAME
[INFO ][2016-01-22 14:43:40,917][com.java.SeleniumDriver] [  930] -  RESULT true
[INFO ][2016-01-22 14:43:40,917][com.java.SeleniumDriver] [ 1136] - ?   P A S S   ?
[INFO ][2016-01-22 14:43:40,917][com.java.SeleniumDriver] [  856] - ------------------------------------------
[INFO ][2016-01-22 14:43:40,917][com.java.SeleniumDriver] [  857] - Test case being Executed: 2
[INFO ][2016-01-22 14:43:40,918][com.java.SeleniumDriver] [  869] - Test step:9
[INFO ][2016-01-22 14:43:40,918][com.java.SeleniumDriver] [  881] - Datavalue is----------index:0
[INFO ][2016-01-22 14:43:40,918][com.java.SeleniumDriver] [  905] - DataField : COBddlDataSource1
[INFO ][2016-01-22 14:43:40,918][com.java.SeleniumDriver] [  907] - DataValue : index:0
[INFO ][2016-01-22 14:43:40,918][com.java.SeleniumDriver] [  913] - <In Set values of the page>
[INFO ][2016-01-22 14:43:40,918][com.java.SeleniumDriver] [  916] - {Data Fields & Data Values Exist}
[INFO ][2016-01-22 14:43:40,918][com.java.SeleniumDriver] [  918] - --------------------------setting values-----------------------------
[INFO ][2016-01-22 14:43:40,918][com.java.SeleniumDriver] [  921] - Action Type : SELECT
[INFO ][2016-01-22 14:43:40,918][com.java.TestType] [ 6394] - value = 0
[INFO ][2016-01-22 14:43:42,015][com.java.TestType] [ 6512] -  In COB ddlDataSource1 : 0
[INFO ][2016-01-22 14:43:42,089][com.java.SeleniumDriver] [  930] -  RESULT true
[INFO ][2016-01-22 14:43:42,089][com.java.SeleniumDriver] [ 1136] - ?   P A S S   ?
[INFO ][2016-01-22 14:43:42,089][com.java.SeleniumDriver] [  856] - ------------------------------------------
[INFO ][2016-01-22 14:43:42,089][com.java.SeleniumDriver] [  857] - Test case being Executed: 2
[INFO ][2016-01-22 14:43:42,089][com.java.SeleniumDriver] [  869] - Test step:10
[INFO ][2016-01-22 14:43:42,090][com.java.SeleniumDriver] [  881] - Datavalue is----------dt:ForecastPrjName2
[INFO ][2016-01-22 14:43:42,090][com.java.SeleniumDriver] [  905] - DataField : BTN
[INFO ][2016-01-22 14:43:42,090][com.java.SeleniumDriver] [  907] - DataValue : dt:ForecastPrjName2
[INFO ][2016-01-22 14:43:42,090][com.java.SeleniumDriver] [  913] - <In Set values of the page>
[INFO ][2016-01-22 14:43:42,090][com.java.SeleniumDriver] [  916] - {Data Fields & Data Values Exist}
[INFO ][2016-01-22 14:43:42,090][com.java.SeleniumDriver] [  918] - --------------------------setting values-----------------------------
[INFO ][2016-01-22 14:43:42,090][com.java.SeleniumDriver] [  921] - Action Type : VERIFY
[INFO ][2016-01-22 14:43:42,090][com.java.TestType] [ 7984] - field= BTN value= dt:ForecastPrjName2
[INFO ][2016-01-22 14:43:42,090][com.java.TestType] [ 6394] - value = //select[@id='ddlDataSource2']//option[contains(text(),'Forecast_VLTest')]
[DEBUG][2016-01-22 14:44:25,150][com.java.TestType] [ 7644] - //select[@id='ddlDataSource2']//option[contains(text(),'Forecast_VLTest')]   :: Element not Found
[ERROR][2016-01-22 14:44:45,677][com.java.TestType] [ 8706] - Assertion Error: 
[INFO ][2016-01-22 14:44:45,677][com.java.SeleniumDriver] [  930] -  RESULT false
[INFO ][2016-01-22 14:44:45,677][com.java.SeleniumDriver] [  977] - ?   F A I L   ?
[INFO ][2016-01-22 14:44:45,678][com.java.SeleniumDriver] [  985] - Browser Type : IE10
[INFO ][2016-01-22 14:44:45,678][com.java.SeleniumDriver] [  986] - Adding Failed case2
[DEBUG][2016-01-22 14:44:46,572][com.java.SeleniumDriver] [ 1054] -  tdd.getCondition() IF:NEXT:27
[INFO ][2016-01-22 14:44:46,572][com.java.SeleniumDriver] [ 1063] - step change to 27
[INFO ][2016-01-22 14:44:46,572][com.java.SeleniumDriver] [  856] - ------------------------------------------
[INFO ][2016-01-22 14:44:46,572][com.java.SeleniumDriver] [  857] - Test case being Executed: 2
[INFO ][2016-01-22 14:44:46,572][com.java.SeleniumDriver] [  869] - Test step:27
[INFO ][2016-01-22 14:44:46,572][com.java.SeleniumDriver] [  881] - Datavalue is----------1
[INFO ][2016-01-22 14:44:46,572][com.java.SeleniumDriver] [  905] - DataField : null
[INFO ][2016-01-22 14:44:46,572][com.java.SeleniumDriver] [  907] - DataValue : 1
[INFO ][2016-01-22 14:44:46,572][com.java.SeleniumDriver] [  913] - <In Set values of the page>
[INFO ][2016-01-22 14:44:46,572][com.java.SeleniumDriver] [  916] - {Data Fields & Data Values Exist}
[INFO ][2016-01-22 14:44:46,572][com.java.SeleniumDriver] [  918] - --------------------------setting values-----------------------------
[INFO ][2016-01-22 14:44:46,572][com.java.SeleniumDriver] [  921] - Action Type : WaitTime
[DEBUG][2016-01-22 14:44:46,573][com.java.TestType] [ 6208] - sleepTime: 1000
[INFO ][2016-01-22 14:44:47,573][com.java.SeleniumDriver] [  930] -  RESULT true
[INFO ][2016-01-22 14:44:47,573][com.java.SeleniumDriver] [ 1136] - ?   P A S S   ?
[DEBUG][2016-01-22 14:44:47,573][com.java.SeleniumDriver] [ 1248] - Case found
[DEBUG][2016-01-22 14:44:47,573][com.java.SeleniumDriver] [ 1253] - Incrementing ReportCounters[0]:2
[INFO ][2016-01-22 14:44:47,573][com.java.SeleniumDriver] [ 1272] - The results are-------------------[2, 1, GL: Summary: Executive Summary: Use New & Existing Forecasting Project, Pass, , Fri Jan 22 14:43:09 IST 2016, 2, 3, GL: Summary: Executive Summary: Use New & Existing Forecasting Project, Pass, , Fri Jan 22 14:43:11 IST 2016, 2, 4, GL: Summary: Executive Summary: Use New & Existing Forecasting Project, Pass, , Fri Jan 22 14:43:11 IST 2016, 2, 5, GL: Summary: Executive Summary: Use New & Existing Forecasting Project, Pass, , Fri Jan 22 14:43:38 IST 2016, 2, 6, GL: Summary: Executive Summary: Use New & Existing Forecasting Project, Pass, , Fri Jan 22 14:43:38 IST 2016, 2, 7, GL: Summary: Executive Summary: Use New & Existing Forecasting Project, Pass, , Fri Jan 22 14:43:39 IST 2016, 2, 8, GL: Summary: Executive Summary: Use New & Existing Forecasting Project, Pass, , Fri Jan 22 14:43:40 IST 2016, 2, 9, GL: Summary: Executive Summary: Use New & Existing Forecasting Project, Pass, , Fri Jan 22 14:43:42 IST 2016, 2, 10, GL: Summary: Executive Summary: Use New & Existing Forecasting Project, Pass, , Fri Jan 22 14:44:46 IST 2016, 2, 27, GL: Summary: Executive Summary: Use New & Existing Forecasting Project, Pass, , Fri Jan 22 14:44:47 IST 2016]
[INFO ][2016-01-22 14:44:47,573][com.java.SeleniumDriver] [ 1276] - End time is-------2 min 37 sec
[INFO ][2016-01-22 14:44:47,573][com.java.SeleniumDriver] [ 1277] - The results are-------------------[2, 1, GL: Summary: Executive Summary: Use New & Existing Forecasting Project, Pass, , Fri Jan 22 14:43:09 IST 2016, 2, 3, GL: Summary: Executive Summary: Use New & Existing Forecasting Project, Pass, , Fri Jan 22 14:43:11 IST 2016, 2, 4, GL: Summary: Executive Summary: Use New & Existing Forecasting Project, Pass, , Fri Jan 22 14:43:11 IST 2016, 2, 5, GL: Summary: Executive Summary: Use New & Existing Forecasting Project, Pass, , Fri Jan 22 14:43:38 IST 2016, 2, 6, GL: Summary: Executive Summary: Use New & Existing Forecasting Project, Pass, , Fri Jan 22 14:43:38 IST 2016, 2, 7, GL: Summary: Executive Summary: Use New & Existing Forecasting Project, Pass, , Fri Jan 22 14:43:39 IST 2016, 2, 8, GL: Summary: Executive Summary: Use New & Existing Forecasting Project, Pass, , Fri Jan 22 14:43:40 IST 2016, 2, 9, GL: Summary: Executive Summary: Use New & Existing Forecasting Project, Pass, , Fri Jan 22 14:43:42 IST 2016, 2, 10, GL: Summary: Executive Summary: Use New & Existing Forecasting Project, Pass, , Fri Jan 22 14:44:46 IST 2016, 2, 27, GL: Summary: Executive Summary: Use New & Existing Forecasting Project, Pass, , Fri Jan 22 14:44:47 IST 2016]
[DEBUG][2016-01-22 14:44:47,573][com.java.ImportnExport.ExportTestResultsExcel] [  222] - testResultPath = D:\BankersDashboard/TestReports/Test Results_BankersDashBoard_012216_144211_IE10_CB&S Bank.xls
[DEBUG][2016-01-22 14:44:47,573][com.java.ImportnExport.ExportTestResultsExcel] [  223] - browser is------------IE10
[DEBUG][2016-01-22 14:44:47,576][com.java.ImportnExport.ExportTestResultsExcel] [  270] - result.size() = 60
[DEBUG][2016-01-22 14:44:47,576][com.java.ImportnExport.ExportTestResultsExcel] [  274] - No of rows in sheet=2
[DEBUG][2016-01-22 14:44:47,576][com.java.ImportnExport.ExportTestResultsExcel] [  301] - ..in export..2
[DEBUG][2016-01-22 14:44:47,576][com.java.ImportnExport.ExportTestResultsExcel] [  301] - ..in export..GL: Summary: Executive Summary: Use New & Existing Forecasting Project
[DEBUG][2016-01-22 14:44:47,576][com.java.ImportnExport.ExportTestResultsExcel] [  301] - ..in export..Pass
[DEBUG][2016-01-22 14:44:47,576][com.java.ImportnExport.ExportTestResultsExcel] [  301] - ..in export..
[DEBUG][2016-01-22 14:44:47,576][com.java.ImportnExport.ExportTestResultsExcel] [  301] - ..in export..Fri Jan 22 14:43:09 IST 2016
[INFO ][2016-01-22 14:44:47,578][com.java.SeleniumDriver] [ 1337] - out loop:1 size:47 TestCases:[1, 2, 3, 4, 5, 6, 7, 8, 9, 10, 11, 12, 13, 14, 15, 16, 17, 18, 19, 20, 21, 22, 23, 24, 25, 26, 27, 28, 29, 30, 31, 32, 33, 34, 35, 36, 37, 38, 39, 40, 41, 42, 43, 44, 45, 46, 47] testcases:[1, 2, 3, 4, 5, 6, 7, 8, 9, 10, 11, 12, 13, 14, 15, 16, 17, 18, 19, 20, 21, 22, 23, 24, 25, 26, 27, 28, 29, 30, 31, 32, 33, 34, 35, 36, 37, 38, 39, 40, 41, 42, 43, 44, 45, 46, 47]
[INFO ][2016-01-22 14:44:47,578][com.java.ImportnExport.ImportTestDataDetailsExcel] [   49] - test data details path===== D:\BankersDashboard\TestInputs\TestData.xls
[INFO ][2016-01-22 14:45:12,076][com.java.SeleniumDriver] [  856] - ------------------------------------------
[INFO ][2016-01-22 14:45:12,076][com.java.SeleniumDriver] [  857] - Test case being Executed: 3
[INFO ][2016-01-22 14:45:12,076][com.java.SeleniumDriver] [  869] - Test step:1
[INFO ][2016-01-22 14:45:12,076][com.java.SeleniumDriver] [  881] - Datavalue is----------dt:Logout
[INFO ][2016-01-22 14:45:12,076][com.java.SeleniumDriver] [  905] - DataField : BTN
[INFO ][2016-01-22 14:45:12,076][com.java.SeleniumDriver] [  907] - DataValue : dt:Logout
[INFO ][2016-01-22 14:45:12,076][com.java.SeleniumDriver] [  913] - <In Set values of the page>
[INFO ][2016-01-22 14:45:12,076][com.java.SeleniumDriver] [  916] - {Data Fields & Data Values Exist}
[INFO ][2016-01-22 14:45:12,076][com.java.SeleniumDriver] [  918] - --------------------------setting values-----------------------------
[INFO ][2016-01-22 14:45:12,076][com.java.SeleniumDriver] [  921] - Action Type : Verify
[INFO ][2016-01-22 14:45:12,076][com.java.TestType] [ 7984] - field= BTN value= dt:Logout
[INFO ][2016-01-22 14:45:12,077][com.java.TestType] [ 6394] - value = btnLogout
[INFO ][2016-01-22 14:45:14,545][com.java.SeleniumDriver] [  930] -  RESULT true
[INFO ][2016-01-22 14:45:14,545][com.java.SeleniumDriver] [ 1136] - ?   P A S S   ?
[INFO ][2016-01-22 14:45:14,546][com.java.SeleniumDriver] [ 1178] - step change to 3
[INFO ][2016-01-22 14:45:14,546][com.java.SeleniumDriver] [  856] - ------------------------------------------
[INFO ][2016-01-22 14:45:14,546][com.java.SeleniumDriver] [  857] - Test case being Executed: 3
[INFO ][2016-01-22 14:45:14,546][com.java.SeleniumDriver] [  869] - Test step:3
[INFO ][2016-01-22 14:45:14,546][com.java.SeleniumDriver] [  881] - Datavalue is----------Concept#2:1-2
[INFO ][2016-01-22 14:45:14,546][com.java.SeleniumDriver] [  905] - DataField : test
[INFO ][2016-01-22 14:45:14,546][com.java.SeleniumDriver] [  907] - DataValue : Concept#2:1-2
[INFO ][2016-01-22 14:45:14,548][com.java.SeleniumDriver] [  913] - <In Set values of the page>
[INFO ][2016-01-22 14:45:14,548][com.java.SeleniumDriver] [  916] - {Data Fields & Data Values Exist}
[INFO ][2016-01-22 14:45:14,548][com.java.SeleniumDriver] [  918] - --------------------------setting values-----------------------------
[INFO ][2016-01-22 14:45:14,548][com.java.SeleniumDriver] [  921] - Action Type : ExecuteTestCase
[INFO ][2016-01-22 14:45:14,548][com.java.TestType] [  442] - The Concept sheet name is ---------- Concept
[INFO ][2016-01-22 14:45:14,548][com.java.TestType] [  445] - The Concept ID  is ---------- 2
[DEBUG][2016-01-22 14:45:14,548][com.java.TestType] [  449] - Steps being executted in the Concept are: 1:2
[INFO ][2016-01-22 14:45:14,548][com.java.TestType] [  456] - Test data details path ---------- D:\BankersDashboard\TestInputs\TestData.xls
[INFO ][2016-01-22 14:45:14,579][com.java.TestType] [  487] -  str(1) = 2
[INFO ][2016-01-22 14:45:14,579][com.java.TestType] [  490] - Test case Id is---2
[INFO ][2016-01-22 14:45:14,579][com.java.TestType] [  492] - 2
[INFO ][2016-01-22 14:45:14,579][com.java.TestType] [  487] -  str(2) = 1
[INFO ][2016-01-22 14:45:14,581][com.java.TestType] [  487] -  str(1) = 2
[INFO ][2016-01-22 14:45:14,581][com.java.TestType] [  490] - Test case Id is---2
[INFO ][2016-01-22 14:45:14,581][com.java.TestType] [  492] - 2
[INFO ][2016-01-22 14:45:14,581][com.java.TestType] [  487] -  str(2) = 2
[INFO ][2016-01-22 14:45:14,582][com.java.TestType] [  487] -  str(1) = 2
[INFO ][2016-01-22 14:45:14,582][com.java.TestType] [  490] - Test case Id is---2
[INFO ][2016-01-22 14:45:14,582][com.java.TestType] [  492] - 2
[INFO ][2016-01-22 14:45:14,582][com.java.TestType] [  487] -  str(2) = 3
[INFO ][2016-01-22 14:45:14,582][com.java.TestType] [11651] - Looping 1TCID = 2
[DEBUG][2016-01-22 14:45:14,583][com.java.TestType] [11692] - Concept ID:2 :: Step being Executed: 2::1
[INFO ][2016-01-22 14:45:14,583][com.java.TestType] [11730] - dataFields : BNK//select[@id='bank']
[DEBUG][2016-01-22 14:45:14,583][com.java.TestType] [11736] - <In Set values of the page>
[DEBUG][2016-01-22 14:45:14,583][com.java.TestType] [11741] - {Data Fields & Data Values Exist}
[INFO ][2016-01-22 14:45:14,583][com.java.TestType] [11747] - --------------------------setting values-----------------------------
[INFO ][2016-01-22 14:45:14,583][com.java.TestType] [11750] - Action Type : Select
[INFO ][2016-01-22 14:45:14,583][com.java.TestType] [ 6394] - value = PFC
[INFO ][2016-01-22 14:45:14,792][com.java.TestType] [11769] -  RESULT true
[INFO ][2016-01-22 14:45:14,792][com.java.TestType] [11886] - ?   P A S S   ?
[DEBUG][2016-01-22 14:45:14,792][com.java.TestType] [11692] - Concept ID:2 :: Step being Executed: 2::2
[INFO ][2016-01-22 14:45:14,792][com.java.TestType] [11730] - dataFields : BTNbtnLogout
[DEBUG][2016-01-22 14:45:14,792][com.java.TestType] [11736] - <In Set values of the page>
[DEBUG][2016-01-22 14:45:14,792][com.java.TestType] [11741] - {Data Fields & Data Values Exist}
[INFO ][2016-01-22 14:45:14,792][com.java.TestType] [11747] - --------------------------setting values-----------------------------
[INFO ][2016-01-22 14:45:14,792][com.java.TestType] [11750] - Action Type : WaitForElement
[INFO ][2016-01-22 14:45:16,029][com.java.TestType] [11769] -  RESULT true
[INFO ][2016-01-22 14:45:16,029][com.java.TestType] [11886] - ?   P A S S   ?
[INFO ][2016-01-22 14:45:16,030][com.java.TestType] [11957] - Looping End......
[INFO ][2016-01-22 14:45:16,033][com.java.SeleniumDriver] [  930] -  RESULT true
[INFO ][2016-01-22 14:45:16,033][com.java.SeleniumDriver] [ 1136] - ?   P A S S   ?
[INFO ][2016-01-22 14:45:16,033][com.java.SeleniumDriver] [  856] - ------------------------------------------
[INFO ][2016-01-22 14:45:16,033][com.java.SeleniumDriver] [  857] - Test case being Executed: 3
[INFO ][2016-01-22 14:45:16,033][com.java.SeleniumDriver] [  869] - Test step:4
[INFO ][2016-01-22 14:45:16,033][com.java.SeleniumDriver] [  881] - Datavalue is----------2
[INFO ][2016-01-22 14:45:16,033][com.java.SeleniumDriver] [  905] - DataField : BTNG/L
[INFO ][2016-01-22 14:45:16,034][com.java.SeleniumDriver] [  907] - DataValue : 2
[INFO ][2016-01-22 14:45:16,034][com.java.SeleniumDriver] [  913] - <In Set values of the page>
[INFO ][2016-01-22 14:45:16,034][com.java.SeleniumDriver] [  916] - {Data Fields & Data Values Exist}
[INFO ][2016-01-22 14:45:16,034][com.java.SeleniumDriver] [  918] - --------------------------setting values-----------------------------
[INFO ][2016-01-22 14:45:16,034][com.java.SeleniumDriver] [  921] - Action Type : WAITFORELEMENT
[INFO ][2016-01-22 14:45:16,069][com.java.SeleniumDriver] [  930] -  RESULT true
[INFO ][2016-01-22 14:45:16,069][com.java.SeleniumDriver] [ 1136] - ?   P A S S   ?
[INFO ][2016-01-22 14:45:16,069][com.java.SeleniumDriver] [  856] - ------------------------------------------
[INFO ][2016-01-22 14:45:16,069][com.java.SeleniumDriver] [  857] - Test case being Executed: 3
[INFO ][2016-01-22 14:45:16,069][com.java.SeleniumDriver] [  869] - Test step:5
[INFO ][2016-01-22 14:45:16,069][com.java.SeleniumDriver] [  881] - Datavalue is----------null
[DEBUG][2016-01-22 14:45:16,069][com.java.SeleniumDriver] [  899] - Exception: null
[INFO ][2016-01-22 14:45:16,069][com.java.SeleniumDriver] [  905] - DataField : //span[@class="icon-coin"]&&//a[text()='Summaries']&&//a[@data-id="ExecutiveSummaryCompare"]
[INFO ][2016-01-22 14:45:16,069][com.java.SeleniumDriver] [  907] - DataValue : 
[INFO ][2016-01-22 14:45:16,070][com.java.SeleniumDriver] [  913] - <In Set values of the page>
[INFO ][2016-01-22 14:45:16,070][com.java.SeleniumDriver] [  916] - {Data Fields & Data Values Exist}
[INFO ][2016-01-22 14:45:16,070][com.java.SeleniumDriver] [  918] - --------------------------setting values-----------------------------
[INFO ][2016-01-22 14:45:16,070][com.java.SeleniumDriver] [  921] - Action Type : MOUSEOVER
[INFO ][2016-01-22 14:45:42,878][com.java.SeleniumDriver] [  930] -  RESULT true
[INFO ][2016-01-22 14:45:42,878][com.java.SeleniumDriver] [ 1136] - ?   P A S S   ?
[INFO ][2016-01-22 14:45:42,878][com.java.SeleniumDriver] [  856] - ------------------------------------------
[INFO ][2016-01-22 14:45:42,878][com.java.SeleniumDriver] [  857] - Test case being Executed: 3
[INFO ][2016-01-22 14:45:42,878][com.java.SeleniumDriver] [  869] - Test step:6
[INFO ][2016-01-22 14:45:42,878][com.java.SeleniumDriver] [  881] - Datavalue is----------3
[INFO ][2016-01-22 14:45:42,878][com.java.SeleniumDriver] [  905] - DataField : XPH//span[contains(text(),'Show Report')]
[INFO ][2016-01-22 14:45:42,878][com.java.SeleniumDriver] [  907] - DataValue : 3
[INFO ][2016-01-22 14:45:42,878][com.java.SeleniumDriver] [  913] - <In Set values of the page>
[INFO ][2016-01-22 14:45:42,878][com.java.SeleniumDriver] [  916] - {Data Fields & Data Values Exist}
[INFO ][2016-01-22 14:45:42,878][com.java.SeleniumDriver] [  918] - --------------------------setting values-----------------------------
[INFO ][2016-01-22 14:45:42,878][com.java.SeleniumDriver] [  921] - Action Type : WAITFORELEMENT
[INFO ][2016-01-22 14:45:42,914][com.java.SeleniumDriver] [  930] -  RESULT true
[INFO ][2016-01-22 14:45:42,914][com.java.SeleniumDriver] [ 1136] - ?   P A S S   ?
[INFO ][2016-01-22 14:45:42,914][com.java.SeleniumDriver] [  856] - ------------------------------------------
[INFO ][2016-01-22 14:45:42,914][com.java.SeleniumDriver] [  857] - Test case being Executed: 3
[INFO ][2016-01-22 14:45:42,914][com.java.SeleniumDriver] [  869] - Test step:7
[INFO ][2016-01-22 14:45:42,914][com.java.SeleniumDriver] [  881] - Datavalue is----------3
[INFO ][2016-01-22 14:45:42,915][com.java.SeleniumDriver] [  905] - DataField : BTNframeDialogContent
[INFO ][2016-01-22 14:45:42,915][com.java.SeleniumDriver] [  907] - DataValue : 3
[INFO ][2016-01-22 14:45:42,915][com.java.SeleniumDriver] [  913] - <In Set values of the page>
[INFO ][2016-01-22 14:45:42,915][com.java.SeleniumDriver] [  916] - {Data Fields & Data Values Exist}
[INFO ][2016-01-22 14:45:42,915][com.java.SeleniumDriver] [  918] - --------------------------setting values-----------------------------
[INFO ][2016-01-22 14:45:42,915][com.java.SeleniumDriver] [  921] - Action Type : WAITFORELEMENT
[INFO ][2016-01-22 14:45:44,127][com.java.SeleniumDriver] [  930] -  RESULT true
[INFO ][2016-01-22 14:45:44,127][com.java.SeleniumDriver] [ 1136] - ?   P A S S   ?
[INFO ][2016-01-22 14:45:44,127][com.java.SeleniumDriver] [  856] - ------------------------------------------
[INFO ][2016-01-22 14:45:44,127][com.java.SeleniumDriver] [  857] - Test case being Executed: 3
[INFO ][2016-01-22 14:45:44,128][com.java.SeleniumDriver] [  869] - Test step:8
[INFO ][2016-01-22 14:45:44,128][com.java.SeleniumDriver] [  881] - Datavalue is----------null
[DEBUG][2016-01-22 14:45:44,128][com.java.SeleniumDriver] [  899] - Exception: null
[INFO ][2016-01-22 14:45:44,128][com.java.SeleniumDriver] [  905] - DataField : BTNframeDialogContent
[INFO ][2016-01-22 14:45:44,128][com.java.SeleniumDriver] [  907] - DataValue : 
[INFO ][2016-01-22 14:45:44,128][com.java.SeleniumDriver] [  913] - <In Set values of the page>
[INFO ][2016-01-22 14:45:44,128][com.java.SeleniumDriver] [  916] - {Data Fields & Data Values Exist}
[INFO ][2016-01-22 14:45:44,128][com.java.SeleniumDriver] [  918] - --------------------------setting values-----------------------------
[INFO ][2016-01-22 14:45:44,128][com.java.SeleniumDriver] [  921] - Action Type : SELECTFRAME
[INFO ][2016-01-22 14:45:45,363][com.java.SeleniumDriver] [  930] -  RESULT true
[INFO ][2016-01-22 14:45:45,363][com.java.SeleniumDriver] [ 1136] - ?   P A S S   ?
[INFO ][2016-01-22 14:45:45,363][com.java.SeleniumDriver] [  856] - ------------------------------------------
[INFO ][2016-01-22 14:45:45,363][com.java.SeleniumDriver] [  857] - Test case being Executed: 3
[INFO ][2016-01-22 14:45:45,363][com.java.SeleniumDriver] [  869] - Test step:9
[INFO ][2016-01-22 14:45:45,363][com.java.SeleniumDriver] [  881] - Datavalue is----------index:0
[INFO ][2016-01-22 14:45:45,364][com.java.SeleniumDriver] [  905] - DataField : COBddlDataSource1
[INFO ][2016-01-22 14:45:45,364][com.java.SeleniumDriver] [  907] - DataValue : index:0
[INFO ][2016-01-22 14:45:45,364][com.java.SeleniumDriver] [  913] - <In Set values of the page>
[INFO ][2016-01-22 14:45:45,364][com.java.SeleniumDriver] [  916] - {Data Fields & Data Values Exist}
[INFO ][2016-01-22 14:45:45,365][com.java.SeleniumDriver] [  918] - --------------------------setting values-----------------------------
[INFO ][2016-01-22 14:45:45,365][com.java.SeleniumDriver] [  921] - Action Type : SELECT
[INFO ][2016-01-22 14:45:45,366][com.java.TestType] [ 6394] - value = 0
[INFO ][2016-01-22 14:45:46,476][com.java.TestType] [ 6512] -  In COB ddlDataSource1 : 0
[INFO ][2016-01-22 14:45:46,540][com.java.SeleniumDriver] [  930] -  RESULT true
[INFO ][2016-01-22 14:45:46,540][com.java.SeleniumDriver] [ 1136] - ?   P A S S   ?
[INFO ][2016-01-22 14:45:46,540][com.java.SeleniumDriver] [  856] - ------------------------------------------
[INFO ][2016-01-22 14:45:46,540][com.java.SeleniumDriver] [  857] - Test case being Executed: 3
[INFO ][2016-01-22 14:45:46,540][com.java.SeleniumDriver] [  869] - Test step:10
[INFO ][2016-01-22 14:45:46,540][com.java.SeleniumDriver] [  881] - Datavalue is----------dt:ForecastPrjName2
[INFO ][2016-01-22 14:45:46,540][com.java.SeleniumDriver] [  905] - DataField : BTN
[INFO ][2016-01-22 14:45:46,540][com.java.SeleniumDriver] [  907] - DataValue : dt:ForecastPrjName2
[INFO ][2016-01-22 14:45:46,540][com.java.SeleniumDriver] [  913] - <In Set values of the page>
[INFO ][2016-01-22 14:45:46,540][com.java.SeleniumDriver] [  916] - {Data Fields & Data Values Exist}
[INFO ][2016-01-22 14:45:46,540][com.java.SeleniumDriver] [  918] - --------------------------setting values-----------------------------
[INFO ][2016-01-22 14:45:46,541][com.java.SeleniumDriver] [  921] - Action Type : VERIFY
[INFO ][2016-01-22 14:45:46,541][com.java.TestType] [ 7984] - field= BTN value= dt:ForecastPrjName2
[INFO ][2016-01-22 14:45:46,541][com.java.TestType] [ 6394] - value = //select[@id='ddlDataSource2']//option[contains(text(),'Forecast_VLTest')]
[DEBUG][2016-01-22 14:46:29,568][com.java.TestType] [ 7644] - //select[@id='ddlDataSource2']//option[contains(text(),'Forecast_VLTest')]   :: Element not Found
[ERROR][2016-01-22 14:46:50,091][com.java.TestType] [ 8706] - Assertion Error: 
[INFO ][2016-01-22 14:46:50,091][com.java.SeleniumDriver] [  930] -  RESULT false
[INFO ][2016-01-22 14:46:50,092][com.java.SeleniumDriver] [  977] - ?   F A I L   ?
[INFO ][2016-01-22 14:46:50,092][com.java.SeleniumDriver] [  985] - Browser Type : IE10
[INFO ][2016-01-22 14:46:50,092][com.java.SeleniumDriver] [  986] - Adding Failed case3
[DEBUG][2016-01-22 14:46:50,844][com.java.SeleniumDriver] [ 1054] -  tdd.getCondition() IF:NEXT:27
[INFO ][2016-01-22 14:46:50,844][com.java.SeleniumDriver] [ 1063] - step change to 27
[INFO ][2016-01-22 14:46:50,844][com.java.SeleniumDriver] [  856] - ------------------------------------------
[INFO ][2016-01-22 14:46:50,844][com.java.SeleniumDriver] [  857] - Test case being Executed: 3
[INFO ][2016-01-22 14:46:50,844][com.java.SeleniumDriver] [  869] - Test step:27
[INFO ][2016-01-22 14:46:50,845][com.java.SeleniumDriver] [  881] - Datavalue is----------1
[INFO ][2016-01-22 14:46:50,845][com.java.SeleniumDriver] [  905] - DataField : null
[INFO ][2016-01-22 14:46:50,845][com.java.SeleniumDriver] [  907] - DataValue : 1
[INFO ][2016-01-22 14:46:50,845][com.java.SeleniumDriver] [  913] - <In Set values of the page>
[INFO ][2016-01-22 14:46:50,845][com.java.SeleniumDriver] [  916] - {Data Fields & Data Values Exist}
[INFO ][2016-01-22 14:46:50,845][com.java.SeleniumDriver] [  918] - --------------------------setting values-----------------------------
[INFO ][2016-01-22 14:46:50,845][com.java.SeleniumDriver] [  921] - Action Type : WaitTime
[DEBUG][2016-01-22 14:46:50,845][com.java.TestType] [ 6208] - sleepTime: 1000
[INFO ][2016-01-22 14:46:51,846][com.java.SeleniumDriver] [  930] -  RESULT true
[INFO ][2016-01-22 14:46:51,846][com.java.SeleniumDriver] [ 1136] - ?   P A S S   ?
[DEBUG][2016-01-22 14:46:51,846][com.java.SeleniumDriver] [ 1248] - Case found
[DEBUG][2016-01-22 14:46:51,846][com.java.SeleniumDriver] [ 1253] - Incrementing ReportCounters[0]:3
[INFO ][2016-01-22 14:46:51,846][com.java.SeleniumDriver] [ 1272] - The results are-------------------[3, 1, GL: Summary: Executive Summary Compare: Use New and Existing Forecasting Project, Pass, , Fri Jan 22 14:45:14 IST 2016, 3, 3, GL: Summary: Executive Summary Compare: Use New and Existing Forecasting Project, Pass, , Fri Jan 22 14:45:16 IST 2016, 3, 4, GL: Summary: Executive Summary Compare: Use New and Existing Forecasting Project, Pass, , Fri Jan 22 14:45:16 IST 2016, 3, 5, GL: Summary: Executive Summary Compare: Use New and Existing Forecasting Project, Pass, , Fri Jan 22 14:45:42 IST 2016, 3, 6, GL: Summary: Executive Summary Compare: Use New and Existing Forecasting Project, Pass, , Fri Jan 22 14:45:42 IST 2016, 3, 7, GL: Summary: Executive Summary Compare: Use New and Existing Forecasting Project, Pass, , Fri Jan 22 14:45:44 IST 2016, 3, 8, GL: Summary: Executive Summary Compare: Use New and Existing Forecasting Project, Pass, , Fri Jan 22 14:45:45 IST 2016, 3, 9, GL: Summary: Executive Summary Compare: Use New and Existing Forecasting Project, Pass, , Fri Jan 22 14:45:46 IST 2016, 3, 10, GL: Summary: Executive Summary Compare: Use New and Existing Forecasting Project, Pass, , Fri Jan 22 14:46:50 IST 2016, 3, 27, GL: Summary: Executive Summary Compare: Use New and Existing Forecasting Project, Pass, , Fri Jan 22 14:46:51 IST 2016]
[INFO ][2016-01-22 14:46:51,846][com.java.SeleniumDriver] [ 1276] - End time is-------4 min 42 sec
[INFO ][2016-01-22 14:46:51,846][com.java.SeleniumDriver] [ 1277] - The results are-------------------[3, 1, GL: Summary: Executive Summary Compare: Use New and Existing Forecasting Project, Pass, , Fri Jan 22 14:45:14 IST 2016, 3, 3, GL: Summary: Executive Summary Compare: Use New and Existing Forecasting Project, Pass, , Fri Jan 22 14:45:16 IST 2016, 3, 4, GL: Summary: Executive Summary Compare: Use New and Existing Forecasting Project, Pass, , Fri Jan 22 14:45:16 IST 2016, 3, 5, GL: Summary: Executive Summary Compare: Use New and Existing Forecasting Project, Pass, , Fri Jan 22 14:45:42 IST 2016, 3, 6, GL: Summary: Executive Summary Compare: Use New and Existing Forecasting Project, Pass, , Fri Jan 22 14:45:42 IST 2016, 3, 7, GL: Summary: Executive Summary Compare: Use New and Existing Forecasting Project, Pass, , Fri Jan 22 14:45:44 IST 2016, 3, 8, GL: Summary: Executive Summary Compare: Use New and Existing Forecasting Project, Pass, , Fri Jan 22 14:45:45 IST 2016, 3, 9, GL: Summary: Executive Summary Compare: Use New and Existing Forecasting Project, Pass, , Fri Jan 22 14:45:46 IST 2016, 3, 10, GL: Summary: Executive Summary Compare: Use New and Existing Forecasting Project, Pass, , Fri Jan 22 14:46:50 IST 2016, 3, 27, GL: Summary: Executive Summary Compare: Use New and Existing Forecasting Project, Pass, , Fri Jan 22 14:46:51 IST 2016]
[DEBUG][2016-01-22 14:46:51,846][com.java.ImportnExport.ExportTestResultsExcel] [  222] - testResultPath = D:\BankersDashboard/TestReports/Test Results_BankersDashBoard_012216_144211_IE10_CB&S Bank.xls
[DEBUG][2016-01-22 14:46:51,846][com.java.ImportnExport.ExportTestResultsExcel] [  223] - browser is------------IE10
[DEBUG][2016-01-22 14:46:51,849][com.java.ImportnExport.ExportTestResultsExcel] [  270] - result.size() = 60
[DEBUG][2016-01-22 14:46:51,849][com.java.ImportnExport.ExportTestResultsExcel] [  274] - No of rows in sheet=3
[DEBUG][2016-01-22 14:46:51,849][com.java.ImportnExport.ExportTestResultsExcel] [  301] - ..in export..3
[DEBUG][2016-01-22 14:46:51,849][com.java.ImportnExport.ExportTestResultsExcel] [  301] - ..in export..GL: Summary: Executive Summary Compare: Use New and Existing Forecasting Project
[DEBUG][2016-01-22 14:46:51,849][com.java.ImportnExport.ExportTestResultsExcel] [  301] - ..in export..Pass
[DEBUG][2016-01-22 14:46:51,849][com.java.ImportnExport.ExportTestResultsExcel] [  301] - ..in export..
[DEBUG][2016-01-22 14:46:51,850][com.java.ImportnExport.ExportTestResultsExcel] [  301] - ..in export..Fri Jan 22 14:45:14 IST 2016
[INFO ][2016-01-22 14:46:51,851][com.java.SeleniumDriver] [ 1337] - out loop:2 size:47 TestCases:[1, 2, 3, 4, 5, 6, 7, 8, 9, 10, 11, 12, 13, 14, 15, 16, 17, 18, 19, 20, 21, 22, 23, 24, 25, 26, 27, 28, 29, 30, 31, 32, 33, 34, 35, 36, 37, 38, 39, 40, 41, 42, 43, 44, 45, 46, 47] testcases:[1, 2, 3, 4, 5, 6, 7, 8, 9, 10, 11, 12, 13, 14, 15, 16, 17, 18, 19, 20, 21, 22, 23, 24, 25, 26, 27, 28, 29, 30, 31, 32, 33, 34, 35, 36, 37, 38, 39, 40, 41, 42, 43, 44, 45, 46, 47]
[INFO ][2016-01-22 14:46:51,851][com.java.ImportnExport.ImportTestDataDetailsExcel] [   49] - test data details path===== D:\BankersDashboard\TestInputs\TestData.xls
[INFO ][2016-01-22 14:47:16,133][com.java.SeleniumDriver] [  856] - ------------------------------------------
[INFO ][2016-01-22 14:47:16,133][com.java.SeleniumDriver] [  857] - Test case being Executed: 4
[INFO ][2016-01-22 14:47:16,133][com.java.SeleniumDriver] [  869] - Test step:1
[INFO ][2016-01-22 14:47:16,133][com.java.SeleniumDriver] [  881] - Datavalue is----------dt:Logout
[INFO ][2016-01-22 14:47:16,133][com.java.SeleniumDriver] [  905] - DataField : BTN
[INFO ][2016-01-22 14:47:16,133][com.java.SeleniumDriver] [  907] - DataValue : dt:Logout
[INFO ][2016-01-22 14:47:16,133][com.java.SeleniumDriver] [  913] - <In Set values of the page>
[INFO ][2016-01-22 14:47:16,133][com.java.SeleniumDriver] [  916] - {Data Fields & Data Values Exist}
[INFO ][2016-01-22 14:47:16,133][com.java.SeleniumDriver] [  918] - --------------------------setting values-----------------------------
[INFO ][2016-01-22 14:47:16,133][com.java.SeleniumDriver] [  921] - Action Type : Verify
[INFO ][2016-01-22 14:47:16,133][com.java.TestType] [ 7984] - field= BTN value= dt:Logout
[INFO ][2016-01-22 14:47:16,134][com.java.TestType] [ 6394] - value = btnLogout
[INFO ][2016-01-22 14:47:18,540][com.java.SeleniumDriver] [  930] -  RESULT true
[INFO ][2016-01-22 14:47:18,540][com.java.SeleniumDriver] [ 1136] - ?   P A S S   ?
[INFO ][2016-01-22 14:47:18,542][com.java.SeleniumDriver] [ 1178] - step change to 3
[INFO ][2016-01-22 14:47:18,542][com.java.SeleniumDriver] [  856] - ------------------------------------------
[INFO ][2016-01-22 14:47:18,542][com.java.SeleniumDriver] [  857] - Test case being Executed: 4
[INFO ][2016-01-22 14:47:18,542][com.java.SeleniumDriver] [  869] - Test step:3
[INFO ][2016-01-22 14:47:18,542][com.java.SeleniumDriver] [  881] - Datavalue is----------Concept#2:1-2
[INFO ][2016-01-22 14:47:18,542][com.java.SeleniumDriver] [  905] - DataField : test
[INFO ][2016-01-22 14:47:18,542][com.java.SeleniumDriver] [  907] - DataValue : Concept#2:1-2
[INFO ][2016-01-22 14:47:18,542][com.java.SeleniumDriver] [  913] - <In Set values of the page>
[INFO ][2016-01-22 14:47:18,542][com.java.SeleniumDriver] [  916] - {Data Fields & Data Values Exist}
[INFO ][2016-01-22 14:47:18,543][com.java.SeleniumDriver] [  918] - --------------------------setting values-----------------------------
[INFO ][2016-01-22 14:47:18,543][com.java.SeleniumDriver] [  921] - Action Type : ExecuteTestCase
[INFO ][2016-01-22 14:47:18,543][com.java.TestType] [  442] - The Concept sheet name is ---------- Concept
[INFO ][2016-01-22 14:47:18,543][com.java.TestType] [  445] - The Concept ID  is ---------- 2
[DEBUG][2016-01-22 14:47:18,543][com.java.TestType] [  449] - Steps being executted in the Concept are: 1:2
[INFO ][2016-01-22 14:47:18,543][com.java.TestType] [  456] - Test data details path ---------- D:\BankersDashboard\TestInputs\TestData.xls
[INFO ][2016-01-22 14:47:18,574][com.java.TestType] [  487] -  str(1) = 2
[INFO ][2016-01-22 14:47:18,574][com.java.TestType] [  490] - Test case Id is---2
[INFO ][2016-01-22 14:47:18,574][com.java.TestType] [  492] - 2
[INFO ][2016-01-22 14:47:18,574][com.java.TestType] [  487] -  str(2) = 1
[INFO ][2016-01-22 14:47:18,575][com.java.TestType] [  487] -  str(1) = 2
[INFO ][2016-01-22 14:47:18,576][com.java.TestType] [  490] - Test case Id is---2
[INFO ][2016-01-22 14:47:18,576][com.java.TestType] [  492] - 2
[INFO ][2016-01-22 14:47:18,576][com.java.TestType] [  487] -  str(2) = 2
[INFO ][2016-01-22 14:47:18,576][com.java.TestType] [  487] -  str(1) = 2
[INFO ][2016-01-22 14:47:18,576][com.java.TestType] [  490] - Test case Id is---2
[INFO ][2016-01-22 14:47:18,576][com.java.TestType] [  492] - 2
[INFO ][2016-01-22 14:47:18,577][com.java.TestType] [  487] -  str(2) = 3
[INFO ][2016-01-22 14:47:18,577][com.java.TestType] [11651] - Looping 1TCID = 2
[DEBUG][2016-01-22 14:47:18,577][com.java.TestType] [11692] - Concept ID:2 :: Step being Executed: 2::1
[INFO ][2016-01-22 14:47:18,577][com.java.TestType] [11730] - dataFields : BNK//select[@id='bank']
[DEBUG][2016-01-22 14:47:18,577][com.java.TestType] [11736] - <In Set values of the page>
[DEBUG][2016-01-22 14:47:18,578][com.java.TestType] [11741] - {Data Fields & Data Values Exist}
[INFO ][2016-01-22 14:47:18,578][com.java.TestType] [11747] - --------------------------setting values-----------------------------
[INFO ][2016-01-22 14:47:18,578][com.java.TestType] [11750] - Action Type : Select
[INFO ][2016-01-22 14:47:18,578][com.java.TestType] [ 6394] - value = PFC
[INFO ][2016-01-22 14:47:18,800][com.java.TestType] [11769] -  RESULT true
[INFO ][2016-01-22 14:47:18,800][com.java.TestType] [11886] - ?   P A S S   ?
[DEBUG][2016-01-22 14:47:18,800][com.java.TestType] [11692] - Concept ID:2 :: Step being Executed: 2::2
[INFO ][2016-01-22 14:47:18,800][com.java.TestType] [11730] - dataFields : BTNbtnLogout
[DEBUG][2016-01-22 14:47:18,800][com.java.TestType] [11736] - <In Set values of the page>
[DEBUG][2016-01-22 14:47:18,800][com.java.TestType] [11741] - {Data Fields & Data Values Exist}
[INFO ][2016-01-22 14:47:18,800][com.java.TestType] [11747] - --------------------------setting values-----------------------------
[INFO ][2016-01-22 14:47:18,801][com.java.TestType] [11750] - Action Type : WaitForElement
[INFO ][2016-01-22 14:47:19,982][com.java.TestType] [11769] -  RESULT true
[INFO ][2016-01-22 14:47:19,983][com.java.TestType] [11886] - ?   P A S S   ?
[INFO ][2016-01-22 14:47:19,983][com.java.TestType] [11957] - Looping End......
[INFO ][2016-01-22 14:47:19,986][com.java.SeleniumDriver] [  930] -  RESULT true
[INFO ][2016-01-22 14:47:19,987][com.java.SeleniumDriver] [ 1136] - ?   P A S S   ?
[INFO ][2016-01-22 14:47:19,987][com.java.SeleniumDriver] [  856] - ------------------------------------------
[INFO ][2016-01-22 14:47:19,987][com.java.SeleniumDriver] [  857] - Test case being Executed: 4
[INFO ][2016-01-22 14:47:19,987][com.java.SeleniumDriver] [  869] - Test step:4
[INFO ][2016-01-22 14:47:19,987][com.java.SeleniumDriver] [  881] - Datavalue is----------2
[INFO ][2016-01-22 14:47:19,987][com.java.SeleniumDriver] [  905] - DataField : BTNG/L
[INFO ][2016-01-22 14:47:19,987][com.java.SeleniumDriver] [  907] - DataValue : 2
[INFO ][2016-01-22 14:47:19,987][com.java.SeleniumDriver] [  913] - <In Set values of the page>
[INFO ][2016-01-22 14:47:19,987][com.java.SeleniumDriver] [  916] - {Data Fields & Data Values Exist}
[INFO ][2016-01-22 14:47:19,987][com.java.SeleniumDriver] [  918] - --------------------------setting values-----------------------------
[INFO ][2016-01-22 14:47:19,987][com.java.SeleniumDriver] [  921] - Action Type : WAITFORELEMENT
[INFO ][2016-01-22 14:47:20,044][com.java.SeleniumDriver] [  930] -  RESULT true
[INFO ][2016-01-22 14:47:20,044][com.java.SeleniumDriver] [ 1136] - ?   P A S S   ?
[INFO ][2016-01-22 14:47:20,044][com.java.SeleniumDriver] [  856] - ------------------------------------------
[INFO ][2016-01-22 14:47:20,045][com.java.SeleniumDriver] [  857] - Test case being Executed: 4
[INFO ][2016-01-22 14:47:20,045][com.java.SeleniumDriver] [  869] - Test step:5
[INFO ][2016-01-22 14:47:20,045][com.java.SeleniumDriver] [  881] - Datavalue is----------null
[DEBUG][2016-01-22 14:47:20,045][com.java.SeleniumDriver] [  899] - Exception: null
[INFO ][2016-01-22 14:47:20,045][com.java.SeleniumDriver] [  905] - DataField : //span[@class="icon-coin"]&&//a[text()='Summaries']&&//a[@data-id="HistoricalExecutive"]
[INFO ][2016-01-22 14:47:20,045][com.java.SeleniumDriver] [  907] - DataValue : 
[INFO ][2016-01-22 14:47:20,045][com.java.SeleniumDriver] [  913] - <In Set values of the page>
[INFO ][2016-01-22 14:47:20,045][com.java.SeleniumDriver] [  916] - {Data Fields & Data Values Exist}
[INFO ][2016-01-22 14:47:20,045][com.java.SeleniumDriver] [  918] - --------------------------setting values-----------------------------
[INFO ][2016-01-22 14:47:20,045][com.java.SeleniumDriver] [  921] - Action Type : MOUSEOVER
[INFO ][2016-01-22 14:47:46,849][com.java.SeleniumDriver] [  930] -  RESULT true
[INFO ][2016-01-22 14:47:46,849][com.java.SeleniumDriver] [ 1136] - ?   P A S S   ?
[INFO ][2016-01-22 14:47:46,849][com.java.SeleniumDriver] [  856] - ------------------------------------------
[INFO ][2016-01-22 14:47:46,849][com.java.SeleniumDriver] [  857] - Test case being Executed: 4
[INFO ][2016-01-22 14:47:46,849][com.java.SeleniumDriver] [  869] - Test step:6
[INFO ][2016-01-22 14:47:46,849][com.java.SeleniumDriver] [  881] - Datavalue is----------3
[INFO ][2016-01-22 14:47:46,849][com.java.SeleniumDriver] [  905] - DataField : XPH//span[contains(text(),'Show Report')]
[INFO ][2016-01-22 14:47:46,849][com.java.SeleniumDriver] [  907] - DataValue : 3
[INFO ][2016-01-22 14:47:46,849][com.java.SeleniumDriver] [  913] - <In Set values of the page>
[INFO ][2016-01-22 14:47:46,849][com.java.SeleniumDriver] [  916] - {Data Fields & Data Values Exist}
[INFO ][2016-01-22 14:47:46,849][com.java.SeleniumDriver] [  918] - --------------------------setting values-----------------------------
[INFO ][2016-01-22 14:47:46,850][com.java.SeleniumDriver] [  921] - Action Type : WAITFORELEMENT
[INFO ][2016-01-22 14:47:46,885][com.java.SeleniumDriver] [  930] -  RESULT true
[INFO ][2016-01-22 14:47:46,885][com.java.SeleniumDriver] [ 1136] - ?   P A S S   ?
[INFO ][2016-01-22 14:47:46,885][com.java.SeleniumDriver] [  856] - ------------------------------------------
[INFO ][2016-01-22 14:47:46,885][com.java.SeleniumDriver] [  857] - Test case being Executed: 4
[INFO ][2016-01-22 14:47:46,886][com.java.SeleniumDriver] [  869] - Test step:7
[INFO ][2016-01-22 14:47:46,886][com.java.SeleniumDriver] [  881] - Datavalue is----------3
[INFO ][2016-01-22 14:47:46,886][com.java.SeleniumDriver] [  905] - DataField : BTNframeDialogContent
[INFO ][2016-01-22 14:47:46,886][com.java.SeleniumDriver] [  907] - DataValue : 3
[INFO ][2016-01-22 14:47:46,886][com.java.SeleniumDriver] [  913] - <In Set values of the page>
[INFO ][2016-01-22 14:47:46,886][com.java.SeleniumDriver] [  916] - {Data Fields & Data Values Exist}
[INFO ][2016-01-22 14:47:46,886][com.java.SeleniumDriver] [  918] - --------------------------setting values-----------------------------
[INFO ][2016-01-22 14:47:46,887][com.java.SeleniumDriver] [  921] - Action Type : WAITFORELEMENT
[INFO ][2016-01-22 14:47:48,098][com.java.SeleniumDriver] [  930] -  RESULT true
[INFO ][2016-01-22 14:47:48,098][com.java.SeleniumDriver] [ 1136] - ?   P A S S   ?
[INFO ][2016-01-22 14:47:48,098][com.java.SeleniumDriver] [  856] - ------------------------------------------
[INFO ][2016-01-22 14:47:48,098][com.java.SeleniumDriver] [  857] - Test case being Executed: 4
[INFO ][2016-01-22 14:47:48,098][com.java.SeleniumDriver] [  869] - Test step:8
[INFO ][2016-01-22 14:47:48,098][com.java.SeleniumDriver] [  881] - Datavalue is----------null
[DEBUG][2016-01-22 14:47:48,099][com.java.SeleniumDriver] [  899] - Exception: null
[INFO ][2016-01-22 14:47:48,099][com.java.SeleniumDriver] [  905] - DataField : BTNframeDialogContent
[INFO ][2016-01-22 14:47:48,099][com.java.SeleniumDriver] [  907] - DataValue : 
[INFO ][2016-01-22 14:47:48,099][com.java.SeleniumDriver] [  913] - <In Set values of the page>
[INFO ][2016-01-22 14:47:48,099][com.java.SeleniumDriver] [  916] - {Data Fields & Data Values Exist}
[INFO ][2016-01-22 14:47:48,099][com.java.SeleniumDriver] [  918] - --------------------------setting values-----------------------------
[INFO ][2016-01-22 14:47:48,099][com.java.SeleniumDriver] [  921] - Action Type : SELECTFRAME
[INFO ][2016-01-22 14:47:49,341][com.java.SeleniumDriver] [  930] -  RESULT true
[INFO ][2016-01-22 14:47:49,341][com.java.SeleniumDriver] [ 1136] - ?   P A S S   ?
[INFO ][2016-01-22 14:47:49,341][com.java.SeleniumDriver] [  856] - ------------------------------------------
[INFO ][2016-01-22 14:47:49,341][com.java.SeleniumDriver] [  857] - Test case being Executed: 4
[INFO ][2016-01-22 14:47:49,341][com.java.SeleniumDriver] [  869] - Test step:9
[INFO ][2016-01-22 14:47:49,341][com.java.SeleniumDriver] [  881] - Datavalue is----------dt:ForecastPrjName1
[INFO ][2016-01-22 14:47:49,342][com.java.SeleniumDriver] [  905] - DataField : BTN
[INFO ][2016-01-22 14:47:49,342][com.java.SeleniumDriver] [  907] - DataValue : dt:ForecastPrjName1
[INFO ][2016-01-22 14:47:49,342][com.java.SeleniumDriver] [  913] - <In Set values of the page>
[INFO ][2016-01-22 14:47:49,342][com.java.SeleniumDriver] [  916] - {Data Fields & Data Values Exist}
[INFO ][2016-01-22 14:47:49,342][com.java.SeleniumDriver] [  918] - --------------------------setting values-----------------------------
[INFO ][2016-01-22 14:47:49,342][com.java.SeleniumDriver] [  921] - Action Type : VERIFY
[INFO ][2016-01-22 14:47:49,342][com.java.TestType] [ 7984] - field= BTN value= dt:ForecastPrjName1
[INFO ][2016-01-22 14:47:49,342][com.java.TestType] [ 6394] - value = //select[@id='ddlDataSource1']//option[contains(text(),'Forecast_VLTest')]
[DEBUG][2016-01-22 14:48:32,427][com.java.TestType] [ 7644] - //select[@id='ddlDataSource1']//option[contains(text(),'Forecast_VLTest')]   :: Element not Found
[ERROR][2016-01-22 14:48:52,967][com.java.TestType] [ 8706] - Assertion Error: 
[INFO ][2016-01-22 14:48:52,967][com.java.SeleniumDriver] [  930] -  RESULT false
[INFO ][2016-01-22 14:48:52,968][com.java.SeleniumDriver] [  977] - ?   F A I L   ?
[INFO ][2016-01-22 14:48:52,968][com.java.SeleniumDriver] [  985] - Browser Type : IE10
[INFO ][2016-01-22 14:48:52,968][com.java.SeleniumDriver] [  986] - Adding Failed case4
[DEBUG][2016-01-22 14:48:53,716][com.java.SeleniumDriver] [ 1054] -  tdd.getCondition() IF:NEXT:40
[INFO ][2016-01-22 14:48:53,716][com.java.SeleniumDriver] [ 1063] - step change to 40
[INFO ][2016-01-22 14:48:53,716][com.java.SeleniumDriver] [  856] - ------------------------------------------
[INFO ][2016-01-22 14:48:53,716][com.java.SeleniumDriver] [  857] - Test case being Executed: 4
[INFO ][2016-01-22 14:48:53,716][com.java.SeleniumDriver] [  869] - Test step:40
[INFO ][2016-01-22 14:48:53,716][com.java.SeleniumDriver] [  881] - Datavalue is----------1
[INFO ][2016-01-22 14:48:53,717][com.java.SeleniumDriver] [  905] - DataField : null
[INFO ][2016-01-22 14:48:53,717][com.java.SeleniumDriver] [  907] - DataValue : 1
[INFO ][2016-01-22 14:48:53,717][com.java.SeleniumDriver] [  913] - <In Set values of the page>
[INFO ][2016-01-22 14:48:53,717][com.java.SeleniumDriver] [  916] - {Data Fields & Data Values Exist}
[INFO ][2016-01-22 14:48:53,717][com.java.SeleniumDriver] [  918] - --------------------------setting values-----------------------------
[INFO ][2016-01-22 14:48:53,717][com.java.SeleniumDriver] [  921] - Action Type : WaitTime
[DEBUG][2016-01-22 14:48:53,717][com.java.TestType] [ 6208] - sleepTime: 1000
[INFO ][2016-01-22 14:48:54,717][com.java.SeleniumDriver] [  930] -  RESULT true
[INFO ][2016-01-22 14:48:54,717][com.java.SeleniumDriver] [ 1136] - ?   P A S S   ?
[DEBUG][2016-01-22 14:48:54,717][com.java.SeleniumDriver] [ 1248] - Case found
[DEBUG][2016-01-22 14:48:54,717][com.java.SeleniumDriver] [ 1253] - Incrementing ReportCounters[0]:4
[INFO ][2016-01-22 14:48:54,717][com.java.SeleniumDriver] [ 1272] - The results are-------------------[4, 1, GL: Summary: Executive Summary 12 Mos: Use New and Existing Forecasting Project, Pass, , Fri Jan 22 14:47:18 IST 2016, 4, 3, GL: Summary: Executive Summary 12 Mos: Use New and Existing Forecasting Project, Pass, , Fri Jan 22 14:47:19 IST 2016, 4, 4, GL: Summary: Executive Summary 12 Mos: Use New and Existing Forecasting Project, Pass, , Fri Jan 22 14:47:20 IST 2016, 4, 5, GL: Summary: Executive Summary 12 Mos: Use New and Existing Forecasting Project, Pass, , Fri Jan 22 14:47:46 IST 2016, 4, 6, GL: Summary: Executive Summary 12 Mos: Use New and Existing Forecasting Project, Pass, , Fri Jan 22 14:47:46 IST 2016, 4, 7, GL: Summary: Executive Summary 12 Mos: Use New and Existing Forecasting Project, Pass, , Fri Jan 22 14:47:48 IST 2016, 4, 8, GL: Summary: Executive Summary 12 Mos: Use New and Existing Forecasting Project, Pass, , Fri Jan 22 14:47:49 IST 2016, 4, 9, GL: Summary: Executive Summary 12 Mos: Use New and Existing Forecasting Project, Pass, , Fri Jan 22 14:48:53 IST 2016, 4, 40, GL: Summary: Executive Summary Compare: Use New and Existing Forecasting Project, Pass, , Fri Jan 22 14:48:54 IST 2016]
[INFO ][2016-01-22 14:48:54,717][com.java.SeleniumDriver] [ 1276] - End time is-------6 min 44 sec
[INFO ][2016-01-22 14:48:54,717][com.java.SeleniumDriver] [ 1277] - The results are-------------------[4, 1, GL: Summary: Executive Summary 12 Mos: Use New and Existing Forecasting Project, Pass, , Fri Jan 22 14:47:18 IST 2016, 4, 3, GL: Summary: Executive Summary 12 Mos: Use New and Existing Forecasting Project, Pass, , Fri Jan 22 14:47:19 IST 2016, 4, 4, GL: Summary: Executive Summary 12 Mos: Use New and Existing Forecasting Project, Pass, , Fri Jan 22 14:47:20 IST 2016, 4, 5, GL: Summary: Executive Summary 12 Mos: Use New and Existing Forecasting Project, Pass, , Fri Jan 22 14:47:46 IST 2016, 4, 6, GL: Summary: Executive Summary 12 Mos: Use New and Existing Forecasting Project, Pass, , Fri Jan 22 14:47:46 IST 2016, 4, 7, GL: Summary: Executive Summary 12 Mos: Use New and Existing Forecasting Project, Pass, , Fri Jan 22 14:47:48 IST 2016, 4, 8, GL: Summary: Executive Summary 12 Mos: Use New and Existing Forecasting Project, Pass, , Fri Jan 22 14:47:49 IST 2016, 4, 9, GL: Summary: Executive Summary 12 Mos: Use New and Existing Forecasting Project, Pass, , Fri Jan 22 14:48:53 IST 2016, 4, 40, GL: Summary: Executive Summary Compare: Use New and Existing Forecasting Project, Pass, , Fri Jan 22 14:48:54 IST 2016]
[DEBUG][2016-01-22 14:48:54,717][com.java.ImportnExport.ExportTestResultsExcel] [  222] - testResultPath = D:\BankersDashboard/TestReports/Test Results_BankersDashBoard_012216_144211_IE10_CB&S Bank.xls
[DEBUG][2016-01-22 14:48:54,717][com.java.ImportnExport.ExportTestResultsExcel] [  223] - browser is------------IE10
[DEBUG][2016-01-22 14:48:54,720][com.java.ImportnExport.ExportTestResultsExcel] [  270] - result.size() = 54
[DEBUG][2016-01-22 14:48:54,720][com.java.ImportnExport.ExportTestResultsExcel] [  274] - No of rows in sheet=4
[DEBUG][2016-01-22 14:48:54,720][com.java.ImportnExport.ExportTestResultsExcel] [  301] - ..in export..4
[DEBUG][2016-01-22 14:48:54,720][com.java.ImportnExport.ExportTestResultsExcel] [  301] - ..in export..GL: Summary: Executive Summary 12 Mos: Use New and Existing Forecasting Project
[DEBUG][2016-01-22 14:48:54,720][com.java.ImportnExport.ExportTestResultsExcel] [  301] - ..in export..Pass
[DEBUG][2016-01-22 14:48:54,720][com.java.ImportnExport.ExportTestResultsExcel] [  301] - ..in export..
[DEBUG][2016-01-22 14:48:54,720][com.java.ImportnExport.ExportTestResultsExcel] [  301] - ..in export..Fri Jan 22 14:47:18 IST 2016
[INFO ][2016-01-22 14:48:54,722][com.java.SeleniumDriver] [ 1337] - out loop:3 size:47 TestCases:[1, 2, 3, 4, 5, 6, 7, 8, 9, 10, 11, 12, 13, 14, 15, 16, 17, 18, 19, 20, 21, 22, 23, 24, 25, 26, 27, 28, 29, 30, 31, 32, 33, 34, 35, 36, 37, 38, 39, 40, 41, 42, 43, 44, 45, 46, 47] testcases:[1, 2, 3, 4, 5, 6, 7, 8, 9, 10, 11, 12, 13, 14, 15, 16, 17, 18, 19, 20, 21, 22, 23, 24, 25, 26, 27, 28, 29, 30, 31, 32, 33, 34, 35, 36, 37, 38, 39, 40, 41, 42, 43, 44, 45, 46, 47]
[INFO ][2016-01-22 14:48:54,722][com.java.ImportnExport.ImportTestDataDetailsExcel] [   49] - test data details path===== D:\BankersDashboard\TestInputs\TestData.xls
[INFO ][2016-01-22 14:49:19,033][com.java.SeleniumDriver] [  856] - ------------------------------------------
[INFO ][2016-01-22 14:49:19,033][com.java.SeleniumDriver] [  857] - Test case being Executed: 5
[INFO ][2016-01-22 14:49:19,033][com.java.SeleniumDriver] [  869] - Test step:1
[INFO ][2016-01-22 14:49:19,033][com.java.SeleniumDriver] [  881] - Datavalue is----------dt:Logout
[INFO ][2016-01-22 14:49:19,033][com.java.SeleniumDriver] [  905] - DataField : BTN
[INFO ][2016-01-22 14:49:19,033][com.java.SeleniumDriver] [  907] - DataValue : dt:Logout
[INFO ][2016-01-22 14:49:19,033][com.java.SeleniumDriver] [  913] - <In Set values of the page>
[INFO ][2016-01-22 14:49:19,033][com.java.SeleniumDriver] [  916] - {Data Fields & Data Values Exist}
[INFO ][2016-01-22 14:49:19,033][com.java.SeleniumDriver] [  918] - --------------------------setting values-----------------------------
[INFO ][2016-01-22 14:49:19,033][com.java.SeleniumDriver] [  921] - Action Type : Verify
[INFO ][2016-01-22 14:49:19,033][com.java.TestType] [ 7984] - field= BTN value= dt:Logout
[INFO ][2016-01-22 14:49:19,034][com.java.TestType] [ 6394] - value = btnLogout
[INFO ][2016-01-22 14:49:21,437][com.java.SeleniumDriver] [  930] -  RESULT true
[INFO ][2016-01-22 14:49:21,437][com.java.SeleniumDriver] [ 1136] - ?   P A S S   ?
[INFO ][2016-01-22 14:49:21,437][com.java.SeleniumDriver] [ 1178] - step change to 3
[INFO ][2016-01-22 14:49:21,437][com.java.SeleniumDriver] [  856] - ------------------------------------------
[INFO ][2016-01-22 14:49:21,438][com.java.SeleniumDriver] [  857] - Test case being Executed: 5
[INFO ][2016-01-22 14:49:21,438][com.java.SeleniumDriver] [  869] - Test step:3
[INFO ][2016-01-22 14:49:21,438][com.java.SeleniumDriver] [  881] - Datavalue is----------Concept#2:1-2
[INFO ][2016-01-22 14:49:21,438][com.java.SeleniumDriver] [  905] - DataField : test
[INFO ][2016-01-22 14:49:21,438][com.java.SeleniumDriver] [  907] - DataValue : Concept#2:1-2
[INFO ][2016-01-22 14:49:21,439][com.java.SeleniumDriver] [  913] - <In Set values of the page>
[INFO ][2016-01-22 14:49:21,439][com.java.SeleniumDriver] [  916] - {Data Fields & Data Values Exist}
[INFO ][2016-01-22 14:49:21,439][com.java.SeleniumDriver] [  918] - --------------------------setting values-----------------------------
[INFO ][2016-01-22 14:49:21,439][com.java.SeleniumDriver] [  921] - Action Type : ExecuteTestCase
[INFO ][2016-01-22 14:49:21,439][com.java.TestType] [  442] - The Concept sheet name is ---------- Concept
[INFO ][2016-01-22 14:49:21,439][com.java.TestType] [  445] - The Concept ID  is ---------- 2
[DEBUG][2016-01-22 14:49:21,439][com.java.TestType] [  449] - Steps being executted in the Concept are: 1:2
[INFO ][2016-01-22 14:49:21,439][com.java.TestType] [  456] - Test data details path ---------- D:\BankersDashboard\TestInputs\TestData.xls
[INFO ][2016-01-22 14:49:21,469][com.java.TestType] [  487] -  str(1) = 2
[INFO ][2016-01-22 14:49:21,470][com.java.TestType] [  490] - Test case Id is---2
[INFO ][2016-01-22 14:49:21,470][com.java.TestType] [  492] - 2
[INFO ][2016-01-22 14:49:21,470][com.java.TestType] [  487] -  str(2) = 1
[INFO ][2016-01-22 14:49:21,471][com.java.TestType] [  487] -  str(1) = 2
[INFO ][2016-01-22 14:49:21,471][com.java.TestType] [  490] - Test case Id is---2
[INFO ][2016-01-22 14:49:21,471][com.java.TestType] [  492] - 2
[INFO ][2016-01-22 14:49:21,471][com.java.TestType] [  487] -  str(2) = 2
[INFO ][2016-01-22 14:49:21,472][com.java.TestType] [  487] -  str(1) = 2
[INFO ][2016-01-22 14:49:21,472][com.java.TestType] [  490] - Test case Id is---2
[INFO ][2016-01-22 14:49:21,472][com.java.TestType] [  492] - 2
[INFO ][2016-01-22 14:49:21,472][com.java.TestType] [  487] -  str(2) = 3
[INFO ][2016-01-22 14:49:21,473][com.java.TestType] [11651] - Looping 1TCID = 2
[DEBUG][2016-01-22 14:49:21,473][com.java.TestType] [11692] - Concept ID:2 :: Step being Executed: 2::1
[INFO ][2016-01-22 14:49:21,473][com.java.TestType] [11730] - dataFields : BNK//select[@id='bank']
[DEBUG][2016-01-22 14:49:21,473][com.java.TestType] [11736] - <In Set values of the page>
[DEBUG][2016-01-22 14:49:21,473][com.java.TestType] [11741] - {Data Fields & Data Values Exist}
[INFO ][2016-01-22 14:49:21,473][com.java.TestType] [11747] - --------------------------setting values-----------------------------
[INFO ][2016-01-22 14:49:21,473][com.java.TestType] [11750] - Action Type : Select
[INFO ][2016-01-22 14:49:21,474][com.java.TestType] [ 6394] - value = PFC
[INFO ][2016-01-22 14:49:21,676][com.java.TestType] [11769] -  RESULT true
[INFO ][2016-01-22 14:49:21,676][com.java.TestType] [11886] - ?   P A S S   ?
[DEBUG][2016-01-22 14:49:21,676][com.java.TestType] [11692] - Concept ID:2 :: Step being Executed: 2::2
[INFO ][2016-01-22 14:49:21,676][com.java.TestType] [11730] - dataFields : BTNbtnLogout
[DEBUG][2016-01-22 14:49:21,676][com.java.TestType] [11736] - <In Set values of the page>
[DEBUG][2016-01-22 14:49:21,676][com.java.TestType] [11741] - {Data Fields & Data Values Exist}
[INFO ][2016-01-22 14:49:21,676][com.java.TestType] [11747] - --------------------------setting values-----------------------------
[INFO ][2016-01-22 14:49:21,676][com.java.TestType] [11750] - Action Type : WaitForElement
[INFO ][2016-01-22 14:49:22,859][com.java.TestType] [11769] -  RESULT true
[INFO ][2016-01-22 14:49:22,859][com.java.TestType] [11886] - ?   P A S S   ?
[INFO ][2016-01-22 14:49:22,859][com.java.TestType] [11957] - Looping End......
[INFO ][2016-01-22 14:49:22,863][com.java.SeleniumDriver] [  930] -  RESULT true
[INFO ][2016-01-22 14:49:22,863][com.java.SeleniumDriver] [ 1136] - ?   P A S S   ?
[INFO ][2016-01-22 14:49:22,863][com.java.SeleniumDriver] [  856] - ------------------------------------------
[INFO ][2016-01-22 14:49:22,863][com.java.SeleniumDriver] [  857] - Test case being Executed: 5
[INFO ][2016-01-22 14:49:22,863][com.java.SeleniumDriver] [  869] - Test step:4
[INFO ][2016-01-22 14:49:22,863][com.java.SeleniumDriver] [  881] - Datavalue is----------2
[INFO ][2016-01-22 14:49:22,864][com.java.SeleniumDriver] [  905] - DataField : BTNG/L
[INFO ][2016-01-22 14:49:22,864][com.java.SeleniumDriver] [  907] - DataValue : 2
[INFO ][2016-01-22 14:49:22,864][com.java.SeleniumDriver] [  913] - <In Set values of the page>
[INFO ][2016-01-22 14:49:22,864][com.java.SeleniumDriver] [  916] - {Data Fields & Data Values Exist}
[INFO ][2016-01-22 14:49:22,864][com.java.SeleniumDriver] [  918] - --------------------------setting values-----------------------------
[INFO ][2016-01-22 14:49:22,864][com.java.SeleniumDriver] [  921] - Action Type : WAITFORELEMENT
[INFO ][2016-01-22 14:49:22,910][com.java.SeleniumDriver] [  930] -  RESULT true
[INFO ][2016-01-22 14:49:22,910][com.java.SeleniumDriver] [ 1136] - ?   P A S S   ?
[INFO ][2016-01-22 14:49:22,910][com.java.SeleniumDriver] [  856] - ------------------------------------------
[INFO ][2016-01-22 14:49:22,910][com.java.SeleniumDriver] [  857] - Test case being Executed: 5
[INFO ][2016-01-22 14:49:22,910][com.java.SeleniumDriver] [  869] - Test step:5
[INFO ][2016-01-22 14:49:22,910][com.java.SeleniumDriver] [  881] - Datavalue is----------null
[DEBUG][2016-01-22 14:49:22,911][com.java.SeleniumDriver] [  899] - Exception: null
[INFO ][2016-01-22 14:49:22,911][com.java.SeleniumDriver] [  905] - DataField : //span[@class="icon-coin"]&&//a[text()='Summaries']&&//a[@data-id="RatioAnalysis"]
[INFO ][2016-01-22 14:49:22,911][com.java.SeleniumDriver] [  907] - DataValue : 
[INFO ][2016-01-22 14:49:22,911][com.java.SeleniumDriver] [  913] - <In Set values of the page>
[INFO ][2016-01-22 14:49:22,911][com.java.SeleniumDriver] [  916] - {Data Fields & Data Values Exist}
[INFO ][2016-01-22 14:49:22,911][com.java.SeleniumDriver] [  918] - --------------------------setting values-----------------------------
[INFO ][2016-01-22 14:49:22,911][com.java.SeleniumDriver] [  921] - Action Type : MOUSEOVER
[INFO ][2016-01-22 14:49:49,704][com.java.SeleniumDriver] [  930] -  RESULT true
[INFO ][2016-01-22 14:49:49,704][com.java.SeleniumDriver] [ 1136] - ?   P A S S   ?
[INFO ][2016-01-22 14:49:49,704][com.java.SeleniumDriver] [  856] - ------------------------------------------
[INFO ][2016-01-22 14:49:49,704][com.java.SeleniumDriver] [  857] - Test case being Executed: 5
[INFO ][2016-01-22 14:49:49,704][com.java.SeleniumDriver] [  869] - Test step:6
[INFO ][2016-01-22 14:49:49,704][com.java.SeleniumDriver] [  881] - Datavalue is----------3
[INFO ][2016-01-22 14:49:49,704][com.java.SeleniumDriver] [  905] - DataField : XPH//span[contains(text(),'Show Report')]
[INFO ][2016-01-22 14:49:49,704][com.java.SeleniumDriver] [  907] - DataValue : 3
[INFO ][2016-01-22 14:49:49,704][com.java.SeleniumDriver] [  913] - <In Set values of the page>
[INFO ][2016-01-22 14:49:49,704][com.java.SeleniumDriver] [  916] - {Data Fields & Data Values Exist}
[INFO ][2016-01-22 14:49:49,704][com.java.SeleniumDriver] [  918] - --------------------------setting values-----------------------------
[INFO ][2016-01-22 14:49:49,704][com.java.SeleniumDriver] [  921] - Action Type : WAITFORELEMENT
[INFO ][2016-01-22 14:49:49,741][com.java.SeleniumDriver] [  930] -  RESULT true
[INFO ][2016-01-22 14:49:49,741][com.java.SeleniumDriver] [ 1136] - ?   P A S S   ?
[INFO ][2016-01-22 14:49:49,741][com.java.SeleniumDriver] [  856] - ------------------------------------------
[INFO ][2016-01-22 14:49:49,741][com.java.SeleniumDriver] [  857] - Test case being Executed: 5
[INFO ][2016-01-22 14:49:49,741][com.java.SeleniumDriver] [  869] - Test step:7
[INFO ][2016-01-22 14:49:49,741][com.java.SeleniumDriver] [  881] - Datavalue is----------3
[INFO ][2016-01-22 14:49:49,742][com.java.SeleniumDriver] [  905] - DataField : BTNframeDialogContent
[INFO ][2016-01-22 14:49:49,742][com.java.SeleniumDriver] [  907] - DataValue : 3
[INFO ][2016-01-22 14:49:49,742][com.java.SeleniumDriver] [  913] - <In Set values of the page>
[INFO ][2016-01-22 14:49:49,742][com.java.SeleniumDriver] [  916] - {Data Fields & Data Values Exist}
[INFO ][2016-01-22 14:49:49,742][com.java.SeleniumDriver] [  918] - --------------------------setting values-----------------------------
[INFO ][2016-01-22 14:49:49,742][com.java.SeleniumDriver] [  921] - Action Type : WAITFORELEMENT
[INFO ][2016-01-22 14:49:50,950][com.java.SeleniumDriver] [  930] -  RESULT true
[INFO ][2016-01-22 14:49:50,950][com.java.SeleniumDriver] [ 1136] - ?   P A S S   ?
[INFO ][2016-01-22 14:49:50,950][com.java.SeleniumDriver] [  856] - ------------------------------------------
[INFO ][2016-01-22 14:49:50,950][com.java.SeleniumDriver] [  857] - Test case being Executed: 5
[INFO ][2016-01-22 14:49:50,951][com.java.SeleniumDriver] [  869] - Test step:8
[INFO ][2016-01-22 14:49:50,951][com.java.SeleniumDriver] [  881] - Datavalue is----------null
[DEBUG][2016-01-22 14:49:50,951][com.java.SeleniumDriver] [  899] - Exception: null
[INFO ][2016-01-22 14:49:50,951][com.java.SeleniumDriver] [  905] - DataField : BTNframeDialogContent
[INFO ][2016-01-22 14:49:50,951][com.java.SeleniumDriver] [  907] - DataValue : 
[INFO ][2016-01-22 14:49:50,951][com.java.SeleniumDriver] [  913] - <In Set values of the page>
[INFO ][2016-01-22 14:49:50,951][com.java.SeleniumDriver] [  916] - {Data Fields & Data Values Exist}
[INFO ][2016-01-22 14:49:50,951][com.java.SeleniumDriver] [  918] - --------------------------setting values-----------------------------
[INFO ][2016-01-22 14:49:50,951][com.java.SeleniumDriver] [  921] - Action Type : SELECTFRAME
[INFO ][2016-01-22 14:49:52,213][com.java.SeleniumDriver] [  930] -  RESULT true
[INFO ][2016-01-22 14:49:52,213][com.java.SeleniumDriver] [ 1136] - ?   P A S S   ?
[INFO ][2016-01-22 14:49:52,213][com.java.SeleniumDriver] [  856] - ------------------------------------------
[INFO ][2016-01-22 14:49:52,213][com.java.SeleniumDriver] [  857] - Test case being Executed: 5
[INFO ][2016-01-22 14:49:52,213][com.java.SeleniumDriver] [  869] - Test step:9
[INFO ][2016-01-22 14:49:52,214][com.java.SeleniumDriver] [  881] - Datavalue is----------index:0
[INFO ][2016-01-22 14:49:52,214][com.java.SeleniumDriver] [  905] - DataField : COBddlDataSource1
[INFO ][2016-01-22 14:49:52,214][com.java.SeleniumDriver] [  907] - DataValue : index:0
[INFO ][2016-01-22 14:49:52,214][com.java.SeleniumDriver] [  913] - <In Set values of the page>
[INFO ][2016-01-22 14:49:52,214][com.java.SeleniumDriver] [  916] - {Data Fields & Data Values Exist}
[INFO ][2016-01-22 14:49:52,214][com.java.SeleniumDriver] [  918] - --------------------------setting values-----------------------------
[INFO ][2016-01-22 14:49:52,214][com.java.SeleniumDriver] [  921] - Action Type : SELECT
[INFO ][2016-01-22 14:49:52,214][com.java.TestType] [ 6394] - value = 0
[INFO ][2016-01-22 14:49:53,319][com.java.TestType] [ 6512] -  In COB ddlDataSource1 : 0
[INFO ][2016-01-22 14:49:53,383][com.java.SeleniumDriver] [  930] -  RESULT true
[INFO ][2016-01-22 14:49:53,383][com.java.SeleniumDriver] [ 1136] - ?   P A S S   ?
[INFO ][2016-01-22 14:49:53,384][com.java.SeleniumDriver] [  856] - ------------------------------------------
[INFO ][2016-01-22 14:49:53,384][com.java.SeleniumDriver] [  857] - Test case being Executed: 5
[INFO ][2016-01-22 14:49:53,384][com.java.SeleniumDriver] [  869] - Test step:10
[INFO ][2016-01-22 14:49:53,384][com.java.SeleniumDriver] [  881] - Datavalue is----------dt:ForecastPrjName2
[INFO ][2016-01-22 14:49:53,384][com.java.SeleniumDriver] [  905] - DataField : BTN
[INFO ][2016-01-22 14:49:53,384][com.java.SeleniumDriver] [  907] - DataValue : dt:ForecastPrjName2
[INFO ][2016-01-22 14:49:53,384][com.java.SeleniumDriver] [  913] - <In Set values of the page>
[INFO ][2016-01-22 14:49:53,384][com.java.SeleniumDriver] [  916] - {Data Fields & Data Values Exist}
[INFO ][2016-01-22 14:49:53,384][com.java.SeleniumDriver] [  918] - --------------------------setting values-----------------------------
[INFO ][2016-01-22 14:49:53,384][com.java.SeleniumDriver] [  921] - Action Type : VERIFY
[INFO ][2016-01-22 14:49:53,384][com.java.TestType] [ 7984] - field= BTN value= dt:ForecastPrjName2
[INFO ][2016-01-22 14:49:53,384][com.java.TestType] [ 6394] - value = //select[@id='ddlDataSource2']//option[contains(text(),'Forecast_VLTest')]
[DEBUG][2016-01-22 14:50:36,428][com.java.TestType] [ 7644] - //select[@id='ddlDataSource2']//option[contains(text(),'Forecast_VLTest')]   :: Element not Found
[ERROR][2016-01-22 14:50:56,958][com.java.TestType] [ 8706] - Assertion Error: 
[INFO ][2016-01-22 14:50:56,958][com.java.SeleniumDriver] [  930] -  RESULT false
[INFO ][2016-01-22 14:50:56,959][com.java.SeleniumDriver] [  977] - ?   F A I L   ?
[INFO ][2016-01-22 14:50:56,959][com.java.SeleniumDriver] [  985] - Browser Type : IE10
[INFO ][2016-01-22 14:50:56,959][com.java.SeleniumDriver] [  986] - Adding Failed case5
[DEBUG][2016-01-22 14:50:57,730][com.java.SeleniumDriver] [ 1054] -  tdd.getCondition() IF:NEXT:23
[INFO ][2016-01-22 14:50:57,730][com.java.SeleniumDriver] [ 1063] - step change to 23
[INFO ][2016-01-22 14:50:57,731][com.java.SeleniumDriver] [  856] - ------------------------------------------
[INFO ][2016-01-22 14:50:57,731][com.java.SeleniumDriver] [  857] - Test case being Executed: 5
[INFO ][2016-01-22 14:50:57,731][com.java.SeleniumDriver] [  869] - Test step:23
[INFO ][2016-01-22 14:50:57,731][com.java.SeleniumDriver] [  881] - Datavalue is----------1
[INFO ][2016-01-22 14:50:57,731][com.java.SeleniumDriver] [  905] - DataField : null
[INFO ][2016-01-22 14:50:57,731][com.java.SeleniumDriver] [  907] - DataValue : 1
[INFO ][2016-01-22 14:50:57,731][com.java.SeleniumDriver] [  913] - <In Set values of the page>
[INFO ][2016-01-22 14:50:57,731][com.java.SeleniumDriver] [  916] - {Data Fields & Data Values Exist}
[INFO ][2016-01-22 14:50:57,731][com.java.SeleniumDriver] [  918] - --------------------------setting values-----------------------------
[INFO ][2016-01-22 14:50:57,731][com.java.SeleniumDriver] [  921] - Action Type : WaitTime
[DEBUG][2016-01-22 14:50:57,731][com.java.TestType] [ 6208] - sleepTime: 1000
[INFO ][2016-01-22 14:50:58,731][com.java.SeleniumDriver] [  930] -  RESULT true
[INFO ][2016-01-22 14:50:58,731][com.java.SeleniumDriver] [ 1136] - ?   P A S S   ?
[DEBUG][2016-01-22 14:50:58,731][com.java.SeleniumDriver] [ 1248] - Case found
[DEBUG][2016-01-22 14:50:58,731][com.java.SeleniumDriver] [ 1253] - Incrementing ReportCounters[0]:5
[INFO ][2016-01-22 14:50:58,731][com.java.SeleniumDriver] [ 1272] - The results are-------------------[5, 1, GL: Summary: Ratio Analysis: Use New & Existing Forecasting Project, Pass, , Fri Jan 22 14:49:21 IST 2016, 5, 3, GL: Summary: Ratio Analysis: Use New & Existing Forecasting Project, Pass, , Fri Jan 22 14:49:22 IST 2016, 5, 4, GL: Summary: Ratio Analysis: Use New & Existing Forecasting Project, Pass, , Fri Jan 22 14:49:22 IST 2016, 5, 5, GL: Summary: Ratio Analysis: Use New & Existing Forecasting Project, Pass, , Fri Jan 22 14:49:49 IST 2016, 5, 6, GL: Summary: Ratio Analysis: Use New & Existing Forecasting Project, Pass, , Fri Jan 22 14:49:49 IST 2016, 5, 7, GL: Summary: Ratio Analysis: Use New & Existing Forecasting Project, Pass, , Fri Jan 22 14:49:50 IST 2016, 5, 8, GL: Summary: Ratio Analysis: Use New & Existing Forecasting Project, Pass, , Fri Jan 22 14:49:52 IST 2016, 5, 9, GL: Summary: Ratio Analysis: Use New & Existing Forecasting Project, Pass, , Fri Jan 22 14:49:53 IST 2016, 5, 10, GL: Summary: Ratio Analysis: Use New & Existing Forecasting Project, Pass, , Fri Jan 22 14:50:57 IST 2016, 5, 23, GL: Summary: Ratio Analysis: Use New & Existing Forecasting Project, Pass, , Fri Jan 22 14:50:58 IST 2016]
[INFO ][2016-01-22 14:50:58,731][com.java.SeleniumDriver] [ 1276] - End time is-------8 min 48 sec
[INFO ][2016-01-22 14:50:58,731][com.java.SeleniumDriver] [ 1277] - The results are-------------------[5, 1, GL: Summary: Ratio Analysis: Use New & Existing Forecasting Project, Pass, , Fri Jan 22 14:49:21 IST 2016, 5, 3, GL: Summary: Ratio Analysis: Use New & Existing Forecasting Project, Pass, , Fri Jan 22 14:49:22 IST 2016, 5, 4, GL: Summary: Ratio Analysis: Use New & Existing Forecasting Project, Pass, , Fri Jan 22 14:49:22 IST 2016, 5, 5, GL: Summary: Ratio Analysis: Use New & Existing Forecasting Project, Pass, , Fri Jan 22 14:49:49 IST 2016, 5, 6, GL: Summary: Ratio Analysis: Use New & Existing Forecasting Project, Pass, , Fri Jan 22 14:49:49 IST 2016, 5, 7, GL: Summary: Ratio Analysis: Use New & Existing Forecasting Project, Pass, , Fri Jan 22 14:49:50 IST 2016, 5, 8, GL: Summary: Ratio Analysis: Use New & Existing Forecasting Project, Pass, , Fri Jan 22 14:49:52 IST 2016, 5, 9, GL: Summary: Ratio Analysis: Use New & Existing Forecasting Project, Pass, , Fri Jan 22 14:49:53 IST 2016, 5, 10, GL: Summary: Ratio Analysis: Use New & Existing Forecasting Project, Pass, , Fri Jan 22 14:50:57 IST 2016, 5, 23, GL: Summary: Ratio Analysis: Use New & Existing Forecasting Project, Pass, , Fri Jan 22 14:50:58 IST 2016]
[DEBUG][2016-01-22 14:50:58,731][com.java.ImportnExport.ExportTestResultsExcel] [  222] - testResultPath = D:\BankersDashboard/TestReports/Test Results_BankersDashBoard_012216_144211_IE10_CB&S Bank.xls
[DEBUG][2016-01-22 14:50:58,731][com.java.ImportnExport.ExportTestResultsExcel] [  223] - browser is------------IE10
[DEBUG][2016-01-22 14:50:58,734][com.java.ImportnExport.ExportTestResultsExcel] [  270] - result.size() = 60
[DEBUG][2016-01-22 14:50:58,734][com.java.ImportnExport.ExportTestResultsExcel] [  274] - No of rows in sheet=5
[DEBUG][2016-01-22 14:50:58,735][com.java.ImportnExport.ExportTestResultsExcel] [  301] - ..in export..5
[DEBUG][2016-01-22 14:50:58,735][com.java.ImportnExport.ExportTestResultsExcel] [  301] - ..in export..GL: Summary: Ratio Analysis: Use New & Existing Forecasting Project
[DEBUG][2016-01-22 14:50:58,735][com.java.ImportnExport.ExportTestResultsExcel] [  301] - ..in export..Pass
[DEBUG][2016-01-22 14:50:58,735][com.java.ImportnExport.ExportTestResultsExcel] [  301] - ..in export..
[DEBUG][2016-01-22 14:50:58,735][com.java.ImportnExport.ExportTestResultsExcel] [  301] - ..in export..Fri Jan 22 14:49:21 IST 2016
[INFO ][2016-01-22 14:50:58,737][com.java.SeleniumDriver] [ 1337] - out loop:4 size:47 TestCases:[1, 2, 3, 4, 5, 6, 7, 8, 9, 10, 11, 12, 13, 14, 15, 16, 17, 18, 19, 20, 21, 22, 23, 24, 25, 26, 27, 28, 29, 30, 31, 32, 33, 34, 35, 36, 37, 38, 39, 40, 41, 42, 43, 44, 45, 46, 47] testcases:[1, 2, 3, 4, 5, 6, 7, 8, 9, 10, 11, 12, 13, 14, 15, 16, 17, 18, 19, 20, 21, 22, 23, 24, 25, 26, 27, 28, 29, 30, 31, 32, 33, 34, 35, 36, 37, 38, 39, 40, 41, 42, 43, 44, 45, 46, 47]
[INFO ][2016-01-22 14:50:58,737][com.java.ImportnExport.ImportTestDataDetailsExcel] [   49] - test data details path===== D:\BankersDashboard\TestInputs\TestData.xls
[INFO ][2016-01-22 14:51:22,000][com.java.SeleniumDriver] [  856] - ------------------------------------------
[INFO ][2016-01-22 14:51:22,000][com.java.SeleniumDriver] [  857] - Test case being Executed: 6
[INFO ][2016-01-22 14:51:22,000][com.java.SeleniumDriver] [  869] - Test step:1
[INFO ][2016-01-22 14:51:22,000][com.java.SeleniumDriver] [  881] - Datavalue is----------dt:Logout
[INFO ][2016-01-22 14:51:22,000][com.java.SeleniumDriver] [  905] - DataField : BTN
[INFO ][2016-01-22 14:51:22,000][com.java.SeleniumDriver] [  907] - DataValue : dt:Logout
[INFO ][2016-01-22 14:51:22,000][com.java.SeleniumDriver] [  913] - <In Set values of the page>
[INFO ][2016-01-22 14:51:22,000][com.java.SeleniumDriver] [  916] - {Data Fields & Data Values Exist}
[INFO ][2016-01-22 14:51:22,000][com.java.SeleniumDriver] [  918] - --------------------------setting values-----------------------------
[INFO ][2016-01-22 14:51:22,000][com.java.SeleniumDriver] [  921] - Action Type : Verify
[INFO ][2016-01-22 14:51:22,000][com.java.TestType] [ 7984] - field= BTN value= dt:Logout
[INFO ][2016-01-22 14:51:22,001][com.java.TestType] [ 6394] - value = btnLogout
[INFO ][2016-01-22 14:51:24,402][com.java.SeleniumDriver] [  930] -  RESULT true
[INFO ][2016-01-22 14:51:24,402][com.java.SeleniumDriver] [ 1136] - ?   P A S S   ?
[INFO ][2016-01-22 14:51:24,403][com.java.SeleniumDriver] [ 1178] - step change to 3
[INFO ][2016-01-22 14:51:24,403][com.java.SeleniumDriver] [  856] - ------------------------------------------
[INFO ][2016-01-22 14:51:24,403][com.java.SeleniumDriver] [  857] - Test case being Executed: 6
[INFO ][2016-01-22 14:51:24,403][com.java.SeleniumDriver] [  869] - Test step:3
[INFO ][2016-01-22 14:51:24,403][com.java.SeleniumDriver] [  881] - Datavalue is----------Concept#2:1-2
[INFO ][2016-01-22 14:51:24,403][com.java.SeleniumDriver] [  905] - DataField : test
[INFO ][2016-01-22 14:51:24,403][com.java.SeleniumDriver] [  907] - DataValue : Concept#2:1-2
[INFO ][2016-01-22 14:51:24,403][com.java.SeleniumDriver] [  913] - <In Set values of the page>
[INFO ][2016-01-22 14:51:24,403][com.java.SeleniumDriver] [  916] - {Data Fields & Data Values Exist}
[INFO ][2016-01-22 14:51:24,403][com.java.SeleniumDriver] [  918] - --------------------------setting values-----------------------------
[INFO ][2016-01-22 14:51:24,403][com.java.SeleniumDriver] [  921] - Action Type : ExecuteTestCase
[INFO ][2016-01-22 14:51:24,403][com.java.TestType] [  442] - The Concept sheet name is ---------- Concept
[INFO ][2016-01-22 14:51:24,404][com.java.TestType] [  445] - The Concept ID  is ---------- 2
[DEBUG][2016-01-22 14:51:24,404][com.java.TestType] [  449] - Steps being executted in the Concept are: 1:2
[INFO ][2016-01-22 14:51:24,404][com.java.TestType] [  456] - Test data details path ---------- D:\BankersDashboard\TestInputs\TestData.xls
[INFO ][2016-01-22 14:51:24,434][com.java.TestType] [  487] -  str(1) = 2
[INFO ][2016-01-22 14:51:24,435][com.java.TestType] [  490] - Test case Id is---2
[INFO ][2016-01-22 14:51:24,435][com.java.TestType] [  492] - 2
[INFO ][2016-01-22 14:51:24,435][com.java.TestType] [  487] -  str(2) = 1
[INFO ][2016-01-22 14:51:24,436][com.java.TestType] [  487] -  str(1) = 2
[INFO ][2016-01-22 14:51:24,436][com.java.TestType] [  490] - Test case Id is---2
[INFO ][2016-01-22 14:51:24,436][com.java.TestType] [  492] - 2
[INFO ][2016-01-22 14:51:24,436][com.java.TestType] [  487] -  str(2) = 2
[INFO ][2016-01-22 14:51:24,437][com.java.TestType] [  487] -  str(1) = 2
[INFO ][2016-01-22 14:51:24,437][com.java.TestType] [  490] - Test case Id is---2
[INFO ][2016-01-22 14:51:24,437][com.java.TestType] [  492] - 2
[INFO ][2016-01-22 14:51:24,437][com.java.TestType] [  487] -  str(2) = 3
[INFO ][2016-01-22 14:51:24,438][com.java.TestType] [11651] - Looping 1TCID = 2
[DEBUG][2016-01-22 14:51:24,438][com.java.TestType] [11692] - Concept ID:2 :: Step being Executed: 2::1
[INFO ][2016-01-22 14:51:24,438][com.java.TestType] [11730] - dataFields : BNK//select[@id='bank']
[DEBUG][2016-01-22 14:51:24,438][com.java.TestType] [11736] - <In Set values of the page>
[DEBUG][2016-01-22 14:51:24,438][com.java.TestType] [11741] - {Data Fields & Data Values Exist}
[INFO ][2016-01-22 14:51:24,438][com.java.TestType] [11747] - --------------------------setting values-----------------------------
[INFO ][2016-01-22 14:51:24,439][com.java.TestType] [11750] - Action Type : Select
[INFO ][2016-01-22 14:51:24,439][com.java.TestType] [ 6394] - value = PFC
[INFO ][2016-01-22 14:51:24,651][com.java.TestType] [11769] -  RESULT true
[INFO ][2016-01-22 14:51:24,651][com.java.TestType] [11886] - ?   P A S S   ?
[DEBUG][2016-01-22 14:51:24,651][com.java.TestType] [11692] - Concept ID:2 :: Step being Executed: 2::2
[INFO ][2016-01-22 14:51:24,651][com.java.TestType] [11730] - dataFields : BTNbtnLogout
[DEBUG][2016-01-22 14:51:24,651][com.java.TestType] [11736] - <In Set values of the page>
[DEBUG][2016-01-22 14:51:24,651][com.java.TestType] [11741] - {Data Fields & Data Values Exist}
[INFO ][2016-01-22 14:51:24,651][com.java.TestType] [11747] - --------------------------setting values-----------------------------
[INFO ][2016-01-22 14:51:24,652][com.java.TestType] [11750] - Action Type : WaitForElement
[INFO ][2016-01-22 14:51:25,854][com.java.TestType] [11769] -  RESULT true
[INFO ][2016-01-22 14:51:25,854][com.java.TestType] [11886] - ?   P A S S   ?
[INFO ][2016-01-22 14:51:25,854][com.java.TestType] [11957] - Looping End......
[INFO ][2016-01-22 14:51:25,858][com.java.SeleniumDriver] [  930] -  RESULT true
[INFO ][2016-01-22 14:51:25,858][com.java.SeleniumDriver] [ 1136] - ?   P A S S   ?
[INFO ][2016-01-22 14:51:25,858][com.java.SeleniumDriver] [  856] - ------------------------------------------
[INFO ][2016-01-22 14:51:25,858][com.java.SeleniumDriver] [  857] - Test case being Executed: 6
[INFO ][2016-01-22 14:51:25,858][com.java.SeleniumDriver] [  869] - Test step:4
[INFO ][2016-01-22 14:51:25,858][com.java.SeleniumDriver] [  881] - Datavalue is----------2
[INFO ][2016-01-22 14:51:25,858][com.java.SeleniumDriver] [  905] - DataField : BTNG/L
[INFO ][2016-01-22 14:51:25,858][com.java.SeleniumDriver] [  907] - DataValue : 2
[INFO ][2016-01-22 14:51:25,858][com.java.SeleniumDriver] [  913] - <In Set values of the page>
[INFO ][2016-01-22 14:51:25,858][com.java.SeleniumDriver] [  916] - {Data Fields & Data Values Exist}
[INFO ][2016-01-22 14:51:25,859][com.java.SeleniumDriver] [  918] - --------------------------setting values-----------------------------
[INFO ][2016-01-22 14:51:25,859][com.java.SeleniumDriver] [  921] - Action Type : WAITFORELEMENT
[INFO ][2016-01-22 14:51:25,904][com.java.SeleniumDriver] [  930] -  RESULT true
[INFO ][2016-01-22 14:51:25,905][com.java.SeleniumDriver] [ 1136] - ?   P A S S   ?
[INFO ][2016-01-22 14:51:25,905][com.java.SeleniumDriver] [  856] - ------------------------------------------
[INFO ][2016-01-22 14:51:25,905][com.java.SeleniumDriver] [  857] - Test case being Executed: 6
[INFO ][2016-01-22 14:51:25,905][com.java.SeleniumDriver] [  869] - Test step:5
[INFO ][2016-01-22 14:51:25,905][com.java.SeleniumDriver] [  881] - Datavalue is----------null
[DEBUG][2016-01-22 14:51:25,905][com.java.SeleniumDriver] [  899] - Exception: null
[INFO ][2016-01-22 14:51:25,905][com.java.SeleniumDriver] [  905] - DataField : //span[@class="icon-coin"]&&//a[text()='Summaries']&&//a[@data-id="ExecutiveSummary"]
[INFO ][2016-01-22 14:51:25,905][com.java.SeleniumDriver] [  907] - DataValue : 
[INFO ][2016-01-22 14:51:25,905][com.java.SeleniumDriver] [  913] - <In Set values of the page>
[INFO ][2016-01-22 14:51:25,905][com.java.SeleniumDriver] [  916] - {Data Fields & Data Values Exist}
[INFO ][2016-01-22 14:51:25,905][com.java.SeleniumDriver] [  918] - --------------------------setting values-----------------------------
[INFO ][2016-01-22 14:51:25,905][com.java.SeleniumDriver] [  921] - Action Type : MOUSEOVER
[INFO ][2016-01-22 14:51:53,327][com.java.SeleniumDriver] [  930] -  RESULT true
[INFO ][2016-01-22 14:51:53,327][com.java.SeleniumDriver] [ 1136] - ?   P A S S   ?
[INFO ][2016-01-22 14:51:53,327][com.java.SeleniumDriver] [  856] - ------------------------------------------
[INFO ][2016-01-22 14:51:53,327][com.java.SeleniumDriver] [  857] - Test case being Executed: 6
[INFO ][2016-01-22 14:51:53,327][com.java.SeleniumDriver] [  869] - Test step:6
[INFO ][2016-01-22 14:51:53,327][com.java.SeleniumDriver] [  881] - Datavalue is----------3
[INFO ][2016-01-22 14:51:53,327][com.java.SeleniumDriver] [  905] - DataField : XPH//span[contains(text(),'Show Report')]
[INFO ][2016-01-22 14:51:53,327][com.java.SeleniumDriver] [  907] - DataValue : 3
[INFO ][2016-01-22 14:51:53,327][com.java.SeleniumDriver] [  913] - <In Set values of the page>
[INFO ][2016-01-22 14:51:53,327][com.java.SeleniumDriver] [  916] - {Data Fields & Data Values Exist}
[INFO ][2016-01-22 14:51:53,327][com.java.SeleniumDriver] [  918] - --------------------------setting values-----------------------------
[INFO ][2016-01-22 14:51:53,328][com.java.SeleniumDriver] [  921] - Action Type : WAITFORELEMENT
[INFO ][2016-01-22 14:51:53,364][com.java.SeleniumDriver] [  930] -  RESULT true
[INFO ][2016-01-22 14:51:53,364][com.java.SeleniumDriver] [ 1136] - ?   P A S S   ?
[INFO ][2016-01-22 14:51:53,364][com.java.SeleniumDriver] [  856] - ------------------------------------------
[INFO ][2016-01-22 14:51:53,364][com.java.SeleniumDriver] [  857] - Test case being Executed: 6
[INFO ][2016-01-22 14:51:53,364][com.java.SeleniumDriver] [  869] - Test step:7
[INFO ][2016-01-22 14:51:53,364][com.java.SeleniumDriver] [  881] - Datavalue is----------3
[INFO ][2016-01-22 14:51:53,365][com.java.SeleniumDriver] [  905] - DataField : BTNframeDialogContent
[INFO ][2016-01-22 14:51:53,365][com.java.SeleniumDriver] [  907] - DataValue : 3
[INFO ][2016-01-22 14:51:53,365][com.java.SeleniumDriver] [  913] - <In Set values of the page>
[INFO ][2016-01-22 14:51:53,365][com.java.SeleniumDriver] [  916] - {Data Fields & Data Values Exist}
[INFO ][2016-01-22 14:51:53,365][com.java.SeleniumDriver] [  918] - --------------------------setting values-----------------------------
[INFO ][2016-01-22 14:51:53,365][com.java.SeleniumDriver] [  921] - Action Type : WAITFORELEMENT
[INFO ][2016-01-22 14:51:54,571][com.java.SeleniumDriver] [  930] -  RESULT true
[INFO ][2016-01-22 14:51:54,571][com.java.SeleniumDriver] [ 1136] - ?   P A S S   ?
[INFO ][2016-01-22 14:51:54,572][com.java.SeleniumDriver] [  856] - ------------------------------------------
[INFO ][2016-01-22 14:51:54,572][com.java.SeleniumDriver] [  857] - Test case being Executed: 6
[INFO ][2016-01-22 14:51:54,572][com.java.SeleniumDriver] [  869] - Test step:8
[INFO ][2016-01-22 14:51:54,572][com.java.SeleniumDriver] [  881] - Datavalue is----------dt:Exec_Summary
[INFO ][2016-01-22 14:51:54,572][com.java.SeleniumDriver] [  905] - DataField : XPH//div[contains(@class,'ui-dialog-titlebar')]/span[@class="ui-dialog-title"]
[INFO ][2016-01-22 14:51:54,572][com.java.SeleniumDriver] [  907] - DataValue : dt:Exec_Summary
[INFO ][2016-01-22 14:51:54,572][com.java.SeleniumDriver] [  913] - <In Set values of the page>
[INFO ][2016-01-22 14:51:54,572][com.java.SeleniumDriver] [  916] - {Data Fields & Data Values Exist}
[INFO ][2016-01-22 14:51:54,572][com.java.SeleniumDriver] [  918] - --------------------------setting values-----------------------------
[INFO ][2016-01-22 14:51:54,573][com.java.SeleniumDriver] [  921] - Action Type : VERIFY
[INFO ][2016-01-22 14:51:54,573][com.java.TestType] [ 7984] - field= XPH//div[contains(@class,'ui-dialog-titlebar')]/span[@class="ui-dialog-title"] value= dt:Exec_Summary
[INFO ][2016-01-22 14:51:54,573][com.java.TestType] [ 6394] - value = executive summary
[INFO ][2016-01-22 14:51:54,689][com.java.SeleniumDriver] [  930] -  RESULT true
[INFO ][2016-01-22 14:51:54,689][com.java.SeleniumDriver] [ 1136] - ?   P A S S   ?
[INFO ][2016-01-22 14:51:54,689][com.java.SeleniumDriver] [  856] - ------------------------------------------
[INFO ][2016-01-22 14:51:54,689][com.java.SeleniumDriver] [  857] - Test case being Executed: 6
[INFO ][2016-01-22 14:51:54,689][com.java.SeleniumDriver] [  869] - Test step:9
[INFO ][2016-01-22 14:51:54,689][com.java.SeleniumDriver] [  881] - Datavalue is----------null
[DEBUG][2016-01-22 14:51:54,690][com.java.SeleniumDriver] [  899] - Exception: null
[INFO ][2016-01-22 14:51:54,690][com.java.SeleniumDriver] [  905] - DataField : BTNframeDialogContent
[INFO ][2016-01-22 14:51:54,690][com.java.SeleniumDriver] [  907] - DataValue : 
[INFO ][2016-01-22 14:51:54,690][com.java.SeleniumDriver] [  913] - <In Set values of the page>
[INFO ][2016-01-22 14:51:54,690][com.java.SeleniumDriver] [  916] - {Data Fields & Data Values Exist}
[INFO ][2016-01-22 14:51:54,690][com.java.SeleniumDriver] [  918] - --------------------------setting values-----------------------------
[INFO ][2016-01-22 14:51:54,690][com.java.SeleniumDriver] [  921] - Action Type : SELECTFRAME
[INFO ][2016-01-22 14:51:55,951][com.java.SeleniumDriver] [  930] -  RESULT true
[INFO ][2016-01-22 14:51:55,951][com.java.SeleniumDriver] [ 1136] - ?   P A S S   ?
[INFO ][2016-01-22 14:51:55,951][com.java.SeleniumDriver] [  856] - ------------------------------------------
[INFO ][2016-01-22 14:51:55,951][com.java.SeleniumDriver] [  857] - Test case being Executed: 6
[INFO ][2016-01-22 14:51:55,951][com.java.SeleniumDriver] [  869] - Test step:10
[INFO ][2016-01-22 14:51:55,951][com.java.SeleniumDriver] [  881] - Datavalue is----------Consolidated
[INFO ][2016-01-22 14:51:55,951][com.java.SeleniumDriver] [  905] - DataField : SLBddlProfitCenter
[INFO ][2016-01-22 14:51:55,951][com.java.SeleniumDriver] [  907] - DataValue : Consolidated
[INFO ][2016-01-22 14:51:55,951][com.java.SeleniumDriver] [  913] - <In Set values of the page>
[INFO ][2016-01-22 14:51:55,951][com.java.SeleniumDriver] [  916] - {Data Fields & Data Values Exist}
[INFO ][2016-01-22 14:51:55,951][com.java.SeleniumDriver] [  918] - --------------------------setting values-----------------------------
[INFO ][2016-01-22 14:51:55,952][com.java.SeleniumDriver] [  921] - Action Type : SELECT
[INFO ][2016-01-22 14:51:55,952][com.java.TestType] [ 6394] - value = Consolidated
[INFO ][2016-01-22 14:51:58,221][com.java.SeleniumDriver] [  930] -  RESULT true
[INFO ][2016-01-22 14:51:58,221][com.java.SeleniumDriver] [ 1136] - ?   P A S S   ?
[INFO ][2016-01-22 14:51:58,221][com.java.SeleniumDriver] [  856] - ------------------------------------------
[INFO ][2016-01-22 14:51:58,221][com.java.SeleniumDriver] [  857] - Test case being Executed: 6
[INFO ][2016-01-22 14:51:58,221][com.java.SeleniumDriver] [  869] - Test step:11
[INFO ][2016-01-22 14:51:58,221][com.java.SeleniumDriver] [  881] - Datavalue is----------Actual
[INFO ][2016-01-22 14:51:58,221][com.java.SeleniumDriver] [  905] - DataField : SLBddlDataSource1
[INFO ][2016-01-22 14:51:58,221][com.java.SeleniumDriver] [  907] - DataValue : Actual
[INFO ][2016-01-22 14:51:58,221][com.java.SeleniumDriver] [  913] - <In Set values of the page>
[INFO ][2016-01-22 14:51:58,221][com.java.SeleniumDriver] [  916] - {Data Fields & Data Values Exist}
[INFO ][2016-01-22 14:51:58,222][com.java.SeleniumDriver] [  918] - --------------------------setting values-----------------------------
[INFO ][2016-01-22 14:51:58,222][com.java.SeleniumDriver] [  921] - Action Type : SELECT
[INFO ][2016-01-22 14:51:58,222][com.java.TestType] [ 6394] - value = Actual
[INFO ][2016-01-22 14:52:00,484][com.java.SeleniumDriver] [  930] -  RESULT true
[INFO ][2016-01-22 14:52:00,484][com.java.SeleniumDriver] [ 1136] - ?   P A S S   ?
[INFO ][2016-01-22 14:52:00,484][com.java.SeleniumDriver] [  856] - ------------------------------------------
[INFO ][2016-01-22 14:52:00,484][com.java.SeleniumDriver] [  857] - Test case being Executed: 6
[INFO ][2016-01-22 14:52:00,484][com.java.SeleniumDriver] [  869] - Test step:12
[INFO ][2016-01-22 14:52:00,484][com.java.SeleniumDriver] [  881] - Datavalue is----------Budget
[INFO ][2016-01-22 14:52:00,484][com.java.SeleniumDriver] [  905] - DataField : SLBddlDataSource2
[INFO ][2016-01-22 14:52:00,484][com.java.SeleniumDriver] [  907] - DataValue : Budget
[INFO ][2016-01-22 14:52:00,484][com.java.SeleniumDriver] [  913] - <In Set values of the page>
[INFO ][2016-01-22 14:52:00,484][com.java.SeleniumDriver] [  916] - {Data Fields & Data Values Exist}
[INFO ][2016-01-22 14:52:00,485][com.java.SeleniumDriver] [  918] - --------------------------setting values-----------------------------
[INFO ][2016-01-22 14:52:00,485][com.java.SeleniumDriver] [  921] - Action Type : SELECT
[INFO ][2016-01-22 14:52:00,485][com.java.TestType] [ 6394] - value = Budget
[INFO ][2016-01-22 14:52:02,765][com.java.SeleniumDriver] [  930] -  RESULT true
[INFO ][2016-01-22 14:52:02,765][com.java.SeleniumDriver] [ 1136] - ?   P A S S   ?
[INFO ][2016-01-22 14:52:02,765][com.java.SeleniumDriver] [  856] - ------------------------------------------
[INFO ][2016-01-22 14:52:02,765][com.java.SeleniumDriver] [  857] - Test case being Executed: 6
[INFO ][2016-01-22 14:52:02,765][com.java.SeleniumDriver] [  869] - Test step:13
[INFO ][2016-01-22 14:52:02,766][com.java.SeleniumDriver] [  881] - Datavalue is----------index:0
[INFO ][2016-01-22 14:52:02,766][com.java.SeleniumDriver] [  905] - DataField : COBddlPeriod1
[INFO ][2016-01-22 14:52:02,766][com.java.SeleniumDriver] [  907] - DataValue : index:0
[INFO ][2016-01-22 14:52:02,766][com.java.SeleniumDriver] [  913] - <In Set values of the page>
[INFO ][2016-01-22 14:52:02,766][com.java.SeleniumDriver] [  916] - {Data Fields & Data Values Exist}
[INFO ][2016-01-22 14:52:02,766][com.java.SeleniumDriver] [  918] - --------------------------setting values-----------------------------
[INFO ][2016-01-22 14:52:02,766][com.java.SeleniumDriver] [  921] - Action Type : SELECT
[INFO ][2016-01-22 14:52:02,766][com.java.TestType] [ 6394] - value = 0
[INFO ][2016-01-22 14:52:03,880][com.java.TestType] [ 6512] -  In COB ddlPeriod1 : 0
[INFO ][2016-01-22 14:52:03,944][com.java.SeleniumDriver] [  930] -  RESULT true
[INFO ][2016-01-22 14:52:03,944][com.java.SeleniumDriver] [ 1136] - ?   P A S S   ?
[INFO ][2016-01-22 14:52:03,944][com.java.SeleniumDriver] [  856] - ------------------------------------------
[INFO ][2016-01-22 14:52:03,944][com.java.SeleniumDriver] [  857] - Test case being Executed: 6
[INFO ][2016-01-22 14:52:03,944][com.java.SeleniumDriver] [  869] - Test step:14
[INFO ][2016-01-22 14:52:03,944][com.java.SeleniumDriver] [  881] - Datavalue is----------SelectedPeriod
[INFO ][2016-01-22 14:52:03,944][com.java.SeleniumDriver] [  905] - DataField : SLBddlPeriod1
[INFO ][2016-01-22 14:52:03,944][com.java.SeleniumDriver] [  907] - DataValue : SelectedPeriod
[INFO ][2016-01-22 14:52:03,944][com.java.SeleniumDriver] [  913] - <In Set values of the page>
[INFO ][2016-01-22 14:52:03,945][com.java.SeleniumDriver] [  916] - {Data Fields & Data Values Exist}
[INFO ][2016-01-22 14:52:03,945][com.java.SeleniumDriver] [  918] - --------------------------setting values-----------------------------
[INFO ][2016-01-22 14:52:03,945][com.java.SeleniumDriver] [  921] - Action Type : STOREVALUE
[INFO ][2016-01-22 14:52:03,945][com.java.TestType] [ 9411] - field= SLBddlPeriod1
[INFO ][2016-01-22 14:52:05,136][com.java.SeleniumDriver] [  930] -  RESULT true
[INFO ][2016-01-22 14:52:05,136][com.java.SeleniumDriver] [ 1136] - ?   P A S S   ?
[INFO ][2016-01-22 14:52:05,136][com.java.SeleniumDriver] [  856] - ------------------------------------------
[INFO ][2016-01-22 14:52:05,136][com.java.SeleniumDriver] [  857] - Test case being Executed: 6
[INFO ][2016-01-22 14:52:05,136][com.java.SeleniumDriver] [  869] - Test step:15
[INFO ][2016-01-22 14:52:05,136][com.java.SeleniumDriver] [  881] - Datavalue is----------index:0
[INFO ][2016-01-22 14:52:05,136][com.java.SeleniumDriver] [  905] - DataField : COBddlDate1
[INFO ][2016-01-22 14:52:05,136][com.java.SeleniumDriver] [  907] - DataValue : index:0
[INFO ][2016-01-22 14:52:05,136][com.java.SeleniumDriver] [  913] - <In Set values of the page>
[INFO ][2016-01-22 14:52:05,136][com.java.SeleniumDriver] [  916] - {Data Fields & Data Values Exist}
[INFO ][2016-01-22 14:52:05,137][com.java.SeleniumDriver] [  918] - --------------------------setting values-----------------------------
[INFO ][2016-01-22 14:52:05,137][com.java.SeleniumDriver] [  921] - Action Type : SELECT
[INFO ][2016-01-22 14:52:05,137][com.java.TestType] [ 6394] - value = 0
[INFO ][2016-01-22 14:52:06,232][com.java.TestType] [ 6512] -  In COB ddlDate1 : 0
[INFO ][2016-01-22 14:52:06,534][com.java.SeleniumDriver] [  930] -  RESULT true
[INFO ][2016-01-22 14:52:06,534][com.java.SeleniumDriver] [ 1136] - ?   P A S S   ?
[INFO ][2016-01-22 14:52:06,534][com.java.SeleniumDriver] [  856] - ------------------------------------------
[INFO ][2016-01-22 14:52:06,534][com.java.SeleniumDriver] [  857] - Test case being Executed: 6
[INFO ][2016-01-22 14:52:06,534][com.java.SeleniumDriver] [  869] - Test step:16
[INFO ][2016-01-22 14:52:06,534][com.java.SeleniumDriver] [  881] - Datavalue is----------SelectedDate
[INFO ][2016-01-22 14:52:06,534][com.java.SeleniumDriver] [  905] - DataField : SLBddlDate1
[INFO ][2016-01-22 14:52:06,534][com.java.SeleniumDriver] [  907] - DataValue : SelectedDate
[INFO ][2016-01-22 14:52:06,534][com.java.SeleniumDriver] [  913] - <In Set values of the page>
[INFO ][2016-01-22 14:52:06,534][com.java.SeleniumDriver] [  916] - {Data Fields & Data Values Exist}
[INFO ][2016-01-22 14:52:06,535][com.java.SeleniumDriver] [  918] - --------------------------setting values-----------------------------
[INFO ][2016-01-22 14:52:06,535][com.java.SeleniumDriver] [  921] - Action Type : STOREVALUE
[INFO ][2016-01-22 14:52:06,535][com.java.TestType] [ 9411] - field= SLBddlDate1
[INFO ][2016-01-22 14:52:07,793][com.java.SeleniumDriver] [  930] -  RESULT true
[INFO ][2016-01-22 14:52:07,793][com.java.SeleniumDriver] [ 1136] - ?   P A S S   ?
[INFO ][2016-01-22 14:52:07,793][com.java.SeleniumDriver] [  856] - ------------------------------------------
[INFO ][2016-01-22 14:52:07,793][com.java.SeleniumDriver] [  857] - Test case being Executed: 6
[INFO ][2016-01-22 14:52:07,793][com.java.SeleniumDriver] [  869] - Test step:17
[INFO ][2016-01-22 14:52:07,793][com.java.SeleniumDriver] [  881] - Datavalue is----------null
[DEBUG][2016-01-22 14:52:07,793][com.java.SeleniumDriver] [  899] - Exception: null
[INFO ][2016-01-22 14:52:07,793][com.java.SeleniumDriver] [  905] - DataField : BTNparent
[INFO ][2016-01-22 14:52:07,793][com.java.SeleniumDriver] [  907] - DataValue : 
[INFO ][2016-01-22 14:52:07,793][com.java.SeleniumDriver] [  913] - <In Set values of the page>
[INFO ][2016-01-22 14:52:07,793][com.java.SeleniumDriver] [  916] - {Data Fields & Data Values Exist}
[INFO ][2016-01-22 14:52:07,794][com.java.SeleniumDriver] [  918] - --------------------------setting values-----------------------------
[INFO ][2016-01-22 14:52:07,794][com.java.SeleniumDriver] [  921] - Action Type : SELECTFRAME
[INFO ][2016-01-22 14:52:07,808][com.java.SeleniumDriver] [  930] -  RESULT true
[INFO ][2016-01-22 14:52:07,808][com.java.SeleniumDriver] [ 1136] - ?   P A S S   ?
[INFO ][2016-01-22 14:52:07,808][com.java.SeleniumDriver] [  856] - ------------------------------------------
[INFO ][2016-01-22 14:52:07,808][com.java.SeleniumDriver] [  857] - Test case being Executed: 6
[INFO ][2016-01-22 14:52:07,808][com.java.SeleniumDriver] [  869] - Test step:18
[INFO ][2016-01-22 14:52:07,808][com.java.SeleniumDriver] [  881] - Datavalue is----------null
[DEBUG][2016-01-22 14:52:07,808][com.java.SeleniumDriver] [  899] - Exception: null
[INFO ][2016-01-22 14:52:07,808][com.java.SeleniumDriver] [  905] - DataField : XPH//span[contains(text(),'Show Report')]
[INFO ][2016-01-22 14:52:07,808][com.java.SeleniumDriver] [  907] - DataValue : 
[INFO ][2016-01-22 14:52:07,808][com.java.SeleniumDriver] [  913] - <In Set values of the page>
[INFO ][2016-01-22 14:52:07,808][com.java.SeleniumDriver] [  916] - {Data Fields & Data Values Exist}
[INFO ][2016-01-22 14:52:07,808][com.java.SeleniumDriver] [  918] - --------------------------setting values-----------------------------
[INFO ][2016-01-22 14:52:07,808][com.java.SeleniumDriver] [  921] - Action Type : CLICK
[INFO ][2016-01-22 14:52:07,809][com.java.TestType] [ 6773] - Field ::XPH//span[contains(text(),'Show Report')]
[INFO ][2016-01-22 14:52:07,809][com.java.TestType] [ 6394] - value = 
[INFO ][2016-01-22 14:52:08,809][com.java.TestType] [ 6946] - BEFORE CLICK
[INFO ][2016-01-22 14:52:09,712][com.java.TestType] [ 6954] - Unable to click the object Show Report button
[INFO ][2016-01-22 14:52:09,712][com.java.SeleniumDriver] [  930] -  RESULT true
[INFO ][2016-01-22 14:52:09,712][com.java.SeleniumDriver] [ 1136] - ?   P A S S   ?
[INFO ][2016-01-22 14:52:09,712][com.java.SeleniumDriver] [  856] - ------------------------------------------
[INFO ][2016-01-22 14:52:09,712][com.java.SeleniumDriver] [  857] - Test case being Executed: 6
[INFO ][2016-01-22 14:52:09,712][com.java.SeleniumDriver] [  869] - Test step:19
[INFO ][2016-01-22 14:52:09,712][com.java.SeleniumDriver] [  881] - Datavalue is----------3
[INFO ][2016-01-22 14:52:09,712][com.java.SeleniumDriver] [  905] - DataField : XPH//img[@id='loading']
[INFO ][2016-01-22 14:52:09,712][com.java.SeleniumDriver] [  907] - DataValue : 3
[INFO ][2016-01-22 14:52:09,712][com.java.SeleniumDriver] [  913] - <In Set values of the page>
[INFO ][2016-01-22 14:52:09,713][com.java.SeleniumDriver] [  916] - {Data Fields & Data Values Exist}
[INFO ][2016-01-22 14:52:09,713][com.java.SeleniumDriver] [  918] - --------------------------setting values-----------------------------
[INFO ][2016-01-22 14:52:09,713][com.java.SeleniumDriver] [  921] - Action Type : WaitForElement
[INFO ][2016-01-22 14:52:09,749][com.java.SeleniumDriver] [  930] -  RESULT true
[INFO ][2016-01-22 14:52:09,749][com.java.SeleniumDriver] [ 1136] - ?   P A S S   ?
[INFO ][2016-01-22 14:52:09,749][com.java.SeleniumDriver] [  856] - ------------------------------------------
[INFO ][2016-01-22 14:52:09,749][com.java.SeleniumDriver] [  857] - Test case being Executed: 6
[INFO ][2016-01-22 14:52:09,749][com.java.SeleniumDriver] [  869] - Test step:20
[INFO ][2016-01-22 14:52:09,750][com.java.SeleniumDriver] [  881] - Datavalue is----------90
[INFO ][2016-01-22 14:52:09,750][com.java.SeleniumDriver] [  905] - DataField : XPH//img[@id='loading']
[INFO ][2016-01-22 14:52:09,750][com.java.SeleniumDriver] [  907] - DataValue : 90
[INFO ][2016-01-22 14:52:09,750][com.java.SeleniumDriver] [  913] - <In Set values of the page>
[INFO ][2016-01-22 14:52:09,750][com.java.SeleniumDriver] [  916] - {Data Fields & Data Values Exist}
[INFO ][2016-01-22 14:52:09,750][com.java.SeleniumDriver] [  918] - --------------------------setting values-----------------------------
[INFO ][2016-01-22 14:52:09,750][com.java.SeleniumDriver] [  921] - Action Type : waitForElementNotPresent
[INFO ][2016-01-22 14:52:09,868][com.java.SeleniumDriver] [  930] -  RESULT true
[INFO ][2016-01-22 14:52:09,868][com.java.SeleniumDriver] [ 1136] - ?   P A S S   ?
[INFO ][2016-01-22 14:52:09,868][com.java.SeleniumDriver] [  856] - ------------------------------------------
[INFO ][2016-01-22 14:52:09,868][com.java.SeleniumDriver] [  857] - Test case being Executed: 6
[INFO ][2016-01-22 14:52:09,868][com.java.SeleniumDriver] [  869] - Test step:21
[INFO ][2016-01-22 14:52:09,868][com.java.SeleniumDriver] [  881] - Datavalue is----------dt:Exec_Summary
[INFO ][2016-01-22 14:52:09,868][com.java.SeleniumDriver] [  905] - DataField : XPH//td[@class='ReportTitle']
[INFO ][2016-01-22 14:52:09,868][com.java.SeleniumDriver] [  907] - DataValue : dt:Exec_Summary
[INFO ][2016-01-22 14:52:09,868][com.java.SeleniumDriver] [  913] - <In Set values of the page>
[INFO ][2016-01-22 14:52:09,869][com.java.SeleniumDriver] [  916] - {Data Fields & Data Values Exist}
[INFO ][2016-01-22 14:52:09,869][com.java.SeleniumDriver] [  918] - --------------------------setting values-----------------------------
[INFO ][2016-01-22 14:52:09,869][com.java.SeleniumDriver] [  921] - Action Type : VERIFY
[INFO ][2016-01-22 14:52:09,869][com.java.TestType] [ 7984] - field= XPH//td[@class='ReportTitle'] value= dt:Exec_Summary
[INFO ][2016-01-22 14:52:09,869][com.java.TestType] [ 6394] - value = executive summary
[ERROR][2016-01-22 14:52:30,784][com.java.TestType] [ 8492] - Element  not found ://td[@class='ReportTitle']
[INFO ][2016-01-22 14:52:30,784][com.java.SeleniumDriver] [  930] -  RESULT false
[INFO ][2016-01-22 14:52:30,785][com.java.SeleniumDriver] [  977] - ?   F A I L   ?
[INFO ][2016-01-22 14:52:30,785][com.java.SeleniumDriver] [  985] - Browser Type : IE10
[INFO ][2016-01-22 14:52:30,785][com.java.SeleniumDriver] [  986] - Adding Failed case6
[INFO ][2016-01-22 14:52:31,505][com.java.SeleniumDriver] [ 1100] - failedCases = 6
[ERROR][2016-01-22 14:52:31,505][com.java.SeleniumDriver] [ 1599] - Platform Errors : Our apologies...::We have encountered an issue with your request.::Our apologies?:We encountered an issue with your request.
[INFO ][2016-01-22 14:52:31,505][com.java.SeleniumDriver] [ 1603] - Length =3
[ERROR][2016-01-22 14:52:31,506][com.java.SeleniumDriver] [ 1606] - Error 0 = Our apologies...
[ERROR][2016-01-22 14:52:31,669][com.java.SeleniumDriver] [ 1606] - Error 1 = We have encountered an issue with your request.
[ERROR][2016-01-22 14:52:31,722][com.java.SeleniumDriver] [ 1606] - Error 2 = Our apologies?:We encountered an issue with your request.
[INFO ][2016-01-22 14:52:31,775][com.java.SeleniumDriver] [ 1617] - strError:
[DEBUG][2016-01-22 14:52:31,791][com.java.SeleniumDriver] [ 1248] - Case found
[DEBUG][2016-01-22 14:52:31,791][com.java.SeleniumDriver] [ 1253] - Incrementing ReportCounters[0]:6
[INFO ][2016-01-22 14:52:31,791][com.java.SeleniumDriver] [ 1272] - The results are-------------------[6, 21, GL: Summary: Executive Summary: Consolidated, Fail, 
Test case failed at Step No. :: 21   Error Message ::  Element not found://td[@class='ReportTitle']. Screen Shot : D:\BankersDashboard\TestReports\012216\6_012216_145230_IE10.png, Fri Jan 22 14:52:31 IST 2016]
[INFO ][2016-01-22 14:52:31,791][com.java.SeleniumDriver] [ 1276] - End time is-------10 min 21 sec
[INFO ][2016-01-22 14:52:31,791][com.java.SeleniumDriver] [ 1277] - The results are-------------------[6, 21, GL: Summary: Executive Summary: Consolidated, Fail, 
Test case failed at Step No. :: 21   Error Message ::  Element not found://td[@class='ReportTitle']. Screen Shot : D:\BankersDashboard\TestReports\012216\6_012216_145230_IE10.png, Fri Jan 22 14:52:31 IST 2016]
[DEBUG][2016-01-22 14:52:31,791][com.java.ImportnExport.ExportTestResultsExcel] [  222] - testResultPath = D:\BankersDashboard/TestReports/Test Results_BankersDashBoard_012216_144211_IE10_CB&S Bank.xls
[DEBUG][2016-01-22 14:52:31,791][com.java.ImportnExport.ExportTestResultsExcel] [  223] - browser is------------IE10
[DEBUG][2016-01-22 14:52:31,794][com.java.ImportnExport.ExportTestResultsExcel] [  270] - result.size() = 6
[DEBUG][2016-01-22 14:52:31,794][com.java.ImportnExport.ExportTestResultsExcel] [  274] - No of rows in sheet=6
[DEBUG][2016-01-22 14:52:31,794][com.java.ImportnExport.ExportTestResultsExcel] [  301] - ..in export..6
[DEBUG][2016-01-22 14:52:31,794][com.java.ImportnExport.ExportTestResultsExcel] [  301] - ..in export..GL: Summary: Executive Summary: Consolidated
[DEBUG][2016-01-22 14:52:31,794][com.java.ImportnExport.ExportTestResultsExcel] [  301] - ..in export..Fail
[DEBUG][2016-01-22 14:52:31,795][com.java.ImportnExport.ExportTestResultsExcel] [  301] - ..in export..
Test case failed at Step No. :: 21   Error Message ::  Element not found://td[@class='ReportTitle']. Screen Shot : D:\BankersDashboard\TestReports\012216\6_012216_145230_IE10.png
[DEBUG][2016-01-22 14:52:31,795][com.java.ImportnExport.ExportTestResultsExcel] [  301] - ..in export..Fri Jan 22 14:52:31 IST 2016
[INFO ][2016-01-22 14:52:31,796][com.java.SeleniumDriver] [ 1337] - out loop:5 size:47 TestCases:[1, 2, 3, 4, 5, 6, 7, 8, 9, 10, 11, 12, 13, 14, 15, 16, 17, 18, 19, 20, 21, 22, 23, 24, 25, 26, 27, 28, 29, 30, 31, 32, 33, 34, 35, 36, 37, 38, 39, 40, 41, 42, 43, 44, 45, 46, 47] testcases:[1, 2, 3, 4, 5, 6, 7, 8, 9, 10, 11, 12, 13, 14, 15, 16, 17, 18, 19, 20, 21, 22, 23, 24, 25, 26, 27, 28, 29, 30, 31, 32, 33, 34, 35, 36, 37, 38, 39, 40, 41, 42, 43, 44, 45, 46, 47]
[INFO ][2016-01-22 14:52:31,796][com.java.ImportnExport.ImportTestDataDetailsExcel] [   49] - test data details path===== D:\BankersDashboard\TestInputs\TestData.xls
[INFO ][2016-01-22 14:54:33,882][com.java.SeleniumDriver] [  856] - ------------------------------------------
[INFO ][2016-01-22 14:54:33,882][com.java.SeleniumDriver] [  857] - Test case being Executed: 7
[INFO ][2016-01-22 14:54:33,882][com.java.SeleniumDriver] [  869] - Test step:1
[INFO ][2016-01-22 14:54:33,882][com.java.SeleniumDriver] [  881] - Datavalue is----------dt:Logout
[INFO ][2016-01-22 14:54:33,883][com.java.SeleniumDriver] [  905] - DataField : BTN
[INFO ][2016-01-22 14:54:33,883][com.java.SeleniumDriver] [  907] - DataValue : dt:Logout
[INFO ][2016-01-22 14:54:33,883][com.java.SeleniumDriver] [  913] - <In Set values of the page>
[INFO ][2016-01-22 14:54:33,883][com.java.SeleniumDriver] [  916] - {Data Fields & Data Values Exist}
[INFO ][2016-01-22 14:54:33,883][com.java.SeleniumDriver] [  918] - --------------------------setting values-----------------------------
[INFO ][2016-01-22 14:54:33,883][com.java.SeleniumDriver] [  921] - Action Type : Verify
[INFO ][2016-01-22 14:54:33,883][com.java.TestType] [ 7984] - field= BTN value= dt:Logout
[INFO ][2016-01-22 14:54:33,883][com.java.TestType] [ 6394] - value = btnLogout
[INFO ][2016-01-22 14:54:36,283][com.java.SeleniumDriver] [  930] -  RESULT true
[INFO ][2016-01-22 14:54:36,285][com.java.SeleniumDriver] [ 1136] - ?   P A S S   ?
[INFO ][2016-01-22 14:54:36,285][com.java.SeleniumDriver] [ 1178] - step change to 3
[INFO ][2016-01-22 14:54:36,285][com.java.SeleniumDriver] [  856] - ------------------------------------------
[INFO ][2016-01-22 14:54:36,285][com.java.SeleniumDriver] [  857] - Test case being Executed: 7
[INFO ][2016-01-22 14:54:36,285][com.java.SeleniumDriver] [  869] - Test step:3
[INFO ][2016-01-22 14:54:36,285][com.java.SeleniumDriver] [  881] - Datavalue is----------Concept#2:1-2
[INFO ][2016-01-22 14:54:36,286][com.java.SeleniumDriver] [  905] - DataField : test
[INFO ][2016-01-22 14:54:36,286][com.java.SeleniumDriver] [  907] - DataValue : Concept#2:1-2
[INFO ][2016-01-22 14:54:36,286][com.java.SeleniumDriver] [  913] - <In Set values of the page>
[INFO ][2016-01-22 14:54:36,286][com.java.SeleniumDriver] [  916] - {Data Fields & Data Values Exist}
[INFO ][2016-01-22 14:54:36,286][com.java.SeleniumDriver] [  918] - --------------------------setting values-----------------------------
[INFO ][2016-01-22 14:54:36,286][com.java.SeleniumDriver] [  921] - Action Type : ExecuteTestCase
[INFO ][2016-01-22 14:54:36,286][com.java.TestType] [  442] - The Concept sheet name is ---------- Concept
[INFO ][2016-01-22 14:54:36,286][com.java.TestType] [  445] - The Concept ID  is ---------- 2
[DEBUG][2016-01-22 14:54:36,286][com.java.TestType] [  449] - Steps being executted in the Concept are: 1:2
[INFO ][2016-01-22 14:54:36,286][com.java.TestType] [  456] - Test data details path ---------- D:\BankersDashboard\TestInputs\TestData.xls
[INFO ][2016-01-22 14:54:36,317][com.java.TestType] [  487] -  str(1) = 2
[INFO ][2016-01-22 14:54:36,317][com.java.TestType] [  490] - Test case Id is---2
[INFO ][2016-01-22 14:54:36,317][com.java.TestType] [  492] - 2
[INFO ][2016-01-22 14:54:36,317][com.java.TestType] [  487] -  str(2) = 1
[INFO ][2016-01-22 14:54:36,319][com.java.TestType] [  487] -  str(1) = 2
[INFO ][2016-01-22 14:54:36,319][com.java.TestType] [  490] - Test case Id is---2
[INFO ][2016-01-22 14:54:36,319][com.java.TestType] [  492] - 2
[INFO ][2016-01-22 14:54:36,319][com.java.TestType] [  487] -  str(2) = 2
[INFO ][2016-01-22 14:54:36,320][com.java.TestType] [  487] -  str(1) = 2
[INFO ][2016-01-22 14:54:36,320][com.java.TestType] [  490] - Test case Id is---2
[INFO ][2016-01-22 14:54:36,320][com.java.TestType] [  492] - 2
[INFO ][2016-01-22 14:54:36,320][com.java.TestType] [  487] -  str(2) = 3
[INFO ][2016-01-22 14:54:36,320][com.java.TestType] [11651] - Looping 1TCID = 2
[DEBUG][2016-01-22 14:54:36,321][com.java.TestType] [11692] - Concept ID:2 :: Step being Executed: 2::1
[INFO ][2016-01-22 14:54:36,321][com.java.TestType] [11730] - dataFields : BNK//select[@id='bank']
[DEBUG][2016-01-22 14:54:36,321][com.java.TestType] [11736] - <In Set values of the page>
[DEBUG][2016-01-22 14:54:36,321][com.java.TestType] [11741] - {Data Fields & Data Values Exist}
[INFO ][2016-01-22 14:54:36,321][com.java.TestType] [11747] - --------------------------setting values-----------------------------
[INFO ][2016-01-22 14:54:36,321][com.java.TestType] [11750] - Action Type : Select
[INFO ][2016-01-22 14:54:36,321][com.java.TestType] [ 6394] - value = PFC
[INFO ][2016-01-22 14:54:36,519][com.java.TestType] [11769] -  RESULT true
[INFO ][2016-01-22 14:54:36,519][com.java.TestType] [11886] - ?   P A S S   ?
[DEBUG][2016-01-22 14:54:36,519][com.java.TestType] [11692] - Concept ID:2 :: Step being Executed: 2::2
[INFO ][2016-01-22 14:54:36,519][com.java.TestType] [11730] - dataFields : BTNbtnLogout
[DEBUG][2016-01-22 14:54:36,519][com.java.TestType] [11736] - <In Set values of the page>
[DEBUG][2016-01-22 14:54:36,519][com.java.TestType] [11741] - {Data Fields & Data Values Exist}
[INFO ][2016-01-22 14:54:36,519][com.java.TestType] [11747] - --------------------------setting values-----------------------------
[INFO ][2016-01-22 14:54:36,519][com.java.TestType] [11750] - Action Type : WaitForElement
[INFO ][2016-01-22 14:54:37,699][com.java.TestType] [11769] -  RESULT true
[INFO ][2016-01-22 14:54:37,699][com.java.TestType] [11886] - ?   P A S S   ?
[INFO ][2016-01-22 14:54:37,699][com.java.TestType] [11957] - Looping End......
[INFO ][2016-01-22 14:54:37,702][com.java.SeleniumDriver] [  930] -  RESULT true
[INFO ][2016-01-22 14:54:37,702][com.java.SeleniumDriver] [ 1136] - ?   P A S S   ?
[INFO ][2016-01-22 14:54:37,703][com.java.SeleniumDriver] [  856] - ------------------------------------------
[INFO ][2016-01-22 14:54:37,704][com.java.SeleniumDriver] [  857] - Test case being Executed: 7
[INFO ][2016-01-22 14:54:37,704][com.java.SeleniumDriver] [  869] - Test step:4
[INFO ][2016-01-22 14:54:37,704][com.java.SeleniumDriver] [  881] - Datavalue is----------5
[INFO ][2016-01-22 14:54:37,704][com.java.SeleniumDriver] [  905] - DataField : BTNG/L
[INFO ][2016-01-22 14:54:37,704][com.java.SeleniumDriver] [  907] - DataValue : 5
[INFO ][2016-01-22 14:54:37,704][com.java.SeleniumDriver] [  913] - <In Set values of the page>
[INFO ][2016-01-22 14:54:37,704][com.java.SeleniumDriver] [  916] - {Data Fields & Data Values Exist}
[INFO ][2016-01-22 14:54:37,704][com.java.SeleniumDriver] [  918] - --------------------------setting values-----------------------------
[INFO ][2016-01-22 14:54:37,704][com.java.SeleniumDriver] [  921] - Action Type : WAITFORELEMENT
[INFO ][2016-01-22 14:54:37,760][com.java.SeleniumDriver] [  930] -  RESULT true
[INFO ][2016-01-22 14:54:37,760][com.java.SeleniumDriver] [ 1136] - ?   P A S S   ?
[INFO ][2016-01-22 14:54:37,760][com.java.SeleniumDriver] [  856] - ------------------------------------------
[INFO ][2016-01-22 14:54:37,760][com.java.SeleniumDriver] [  857] - Test case being Executed: 7
[INFO ][2016-01-22 14:54:37,760][com.java.SeleniumDriver] [  869] - Test step:5
[INFO ][2016-01-22 14:54:37,760][com.java.SeleniumDriver] [  881] - Datavalue is----------null
[DEBUG][2016-01-22 14:54:37,760][com.java.SeleniumDriver] [  899] - Exception: null
[INFO ][2016-01-22 14:54:37,760][com.java.SeleniumDriver] [  905] - DataField : //span[@class="icon-coin"]&&//a[text()='Balance Sheet']&&//a[@data-id="BSCompare"]
[INFO ][2016-01-22 14:54:37,760][com.java.SeleniumDriver] [  907] - DataValue : 
[INFO ][2016-01-22 14:54:37,760][com.java.SeleniumDriver] [  913] - <In Set values of the page>
[INFO ][2016-01-22 14:54:37,761][com.java.SeleniumDriver] [  916] - {Data Fields & Data Values Exist}
[INFO ][2016-01-22 14:54:37,761][com.java.SeleniumDriver] [  918] - --------------------------setting values-----------------------------
[INFO ][2016-01-22 14:54:37,761][com.java.SeleniumDriver] [  921] - Action Type : MOUSEOVER
[INFO ][2016-01-22 14:57:14,508][com.java.SeleniumDriver] [  930] -  RESULT true
[INFO ][2016-01-22 14:57:14,508][com.java.SeleniumDriver] [ 1136] - ?   P A S S   ?
[INFO ][2016-01-22 14:57:14,508][com.java.SeleniumDriver] [  856] - ------------------------------------------
[INFO ][2016-01-22 14:57:14,508][com.java.SeleniumDriver] [  857] - Test case being Executed: 7
[INFO ][2016-01-22 14:57:14,508][com.java.SeleniumDriver] [  869] - Test step:6
[INFO ][2016-01-22 14:57:14,508][com.java.SeleniumDriver] [  881] - Datavalue is----------frameDialogContent
[INFO ][2016-01-22 14:57:14,508][com.java.SeleniumDriver] [  905] - DataField : BTN
[INFO ][2016-01-22 14:57:14,508][com.java.SeleniumDriver] [  907] - DataValue : frameDialogContent
[INFO ][2016-01-22 14:57:14,508][com.java.SeleniumDriver] [  913] - <In Set values of the page>
[INFO ][2016-01-22 14:57:14,508][com.java.SeleniumDriver] [  916] - {Data Fields & Data Values Exist}
[INFO ][2016-01-22 14:57:14,508][com.java.SeleniumDriver] [  918] - --------------------------setting values-----------------------------
[INFO ][2016-01-22 14:57:14,508][com.java.SeleniumDriver] [  921] - Action Type : SELECTFRAMEBYNAME
[INFO ][2016-01-22 14:57:14,509][com.java.TestType] [ 6394] - value = frameDialogContent
[INFO ][2016-01-22 14:57:14,579][com.java.SeleniumDriver] [  930] -  RESULT true
[INFO ][2016-01-22 14:57:14,579][com.java.SeleniumDriver] [ 1136] - ?   P A S S   ?
[INFO ][2016-01-22 14:57:14,579][com.java.SeleniumDriver] [  856] - ------------------------------------------
[INFO ][2016-01-22 14:57:14,579][com.java.SeleniumDriver] [  857] - Test case being Executed: 7
[INFO ][2016-01-22 14:57:14,579][com.java.SeleniumDriver] [  869] - Test step:7
[INFO ][2016-01-22 14:57:14,579][com.java.SeleniumDriver] [  881] - Datavalue is----------10
[INFO ][2016-01-22 14:57:14,579][com.java.SeleniumDriver] [  905] - DataField : XPH//select[@id='ddlView']
[INFO ][2016-01-22 14:57:14,579][com.java.SeleniumDriver] [  907] - DataValue : 10
[INFO ][2016-01-22 14:57:14,580][com.java.SeleniumDriver] [  913] - <In Set values of the page>
[INFO ][2016-01-22 14:57:14,580][com.java.SeleniumDriver] [  916] - {Data Fields & Data Values Exist}
[INFO ][2016-01-22 14:57:14,580][com.java.SeleniumDriver] [  918] - --------------------------setting values-----------------------------
[INFO ][2016-01-22 14:57:14,580][com.java.SeleniumDriver] [  921] - Action Type : WAITFORELEMENT
