[INFO ][2015-11-02 18:40:10,645][com.java.SeleniumDriver] [  213] - Execute Failed Casesfalse
[INFO ][2015-11-02 18:40:10,649][com.java.SeleniumDriver] [  214] - Browser: IE11
[INFO ][2015-11-02 18:40:10,649][com.java.SeleniumDriver] [  215] - [1, 12]
[INFO ][2015-11-02 18:40:10,650][com.java.SeleniumDriver] [  216] - Total TestCases:2
[INFO ][2015-11-02 18:40:10,650][com.java.SeleniumDriver] [  217] -  Reading Properties from Property File 
[DEBUG][2015-11-02 18:40:10,650][com.java.SeleniumDriver] [  238] - url : https://clients-xuat.bankersdashboard.com
[INFO ][2015-11-02 18:40:10,651][com.java.ImportnExport.ExportTestResultsExcel] [  116] - Time Stamp Mon Nov 02 06:40:10 IST 2015
[INFO ][2015-11-02 18:40:10,651][com.java.ImportnExport.ExportTestResultsExcel] [  175] - OUT FILE : D:\BankersDashboard/TestReports/Test Results_BankersDashBoard_110215_184010_IE11_Any Bank USA.xls
[INFO ][2015-11-02 18:40:10,702][com.java.ImportnExport.ExportTestResultsExcel] [  180] - Test Result file is created
[DEBUG][2015-11-02 18:40:10,805][com.java.SeleniumDriver] [  425] - Hub ip address is-------172.17.68.34
[INFO ][2015-11-02 18:40:10,806][com.java.SeleniumDriver] [  451] - Grid URL:http://172.17.68.34:4444/wd/hub
[INFO ][2015-11-02 18:40:10,806][com.java.SeleniumDriver] [  452] - Capability:Capabilities [{platform=ANY, ensureCleanSession=true, ignoreProtectedModeSettings=true, acceptSslCerts=true, ignoreZoomSetting=true, browserName=internet explorer, browserstack.ie.noFlash=true, version=Node1}]
[ERROR][2015-11-02 18:40:12,104][com.java.SeleniumDriver] [  496] - Unable invoke browser in grid:Could not start a new session. Possible causes are invalid address of the remote server or browser start-up failure.
Build info: version: '2.48.2', revision: '41bccdd', time: '2015-10-09 19:59:12'
System info: host: 'FVTIII438F1D', ip: '172.17.68.34', os.name: 'Windows 7', os.arch: 'x86', os.version: '6.1', java.version: '1.7.0_55'
Driver info: driver.version: SeleniumDriver
[INFO ][2015-11-02 18:40:12,104][com.java.SeleniumDriver] [  498] - Executing on local machine
[INFO ][2015-11-02 18:40:21,097][com.java.SeleniumDriver] [  248] - IE11is opened
[INFO ][2015-11-02 18:40:21,733][com.java.SeleniumDriver] [  752] - Test cases to be executed are: [1, 12]
[INFO ][2015-11-02 18:40:21,733][com.java.ImportnExport.ImportTestDataDetailsExcel] [   49] - test data details path===== D:\BankersDashboard\TestInputs\TestData.xls
[INFO ][2015-11-02 18:40:32,701][com.java.SeleniumDriver] [  788] - ------------------------------------------
[INFO ][2015-11-02 18:40:32,701][com.java.SeleniumDriver] [  789] - Test case being Executed: 1
[INFO ][2015-11-02 18:40:32,717][com.java.SeleniumDriver] [  800] - Test step:1
[INFO ][2015-11-02 18:40:32,717][com.java.SeleniumDriver] [  812] - Datavalue is----------Concept#1:1-14
[INFO ][2015-11-02 18:40:32,717][com.java.SeleniumDriver] [  836] - DataField : test
[INFO ][2015-11-02 18:40:32,717][com.java.SeleniumDriver] [  838] - DataValue : Concept#1:1-14
[INFO ][2015-11-02 18:40:32,717][com.java.SeleniumDriver] [  844] - <In Set values of the page>
[INFO ][2015-11-02 18:40:32,717][com.java.SeleniumDriver] [  847] - {Data Fields & Data Values Exist}
[INFO ][2015-11-02 18:40:32,718][com.java.SeleniumDriver] [  849] - --------------------------setting values-----------------------------
[INFO ][2015-11-02 18:40:32,718][com.java.SeleniumDriver] [  852] - Action Type : ExecuteTestCase
[INFO ][2015-11-02 18:40:32,735][com.java.TestType] [  411] - The Concept sheet name is ---------- Concept
[INFO ][2015-11-02 18:40:32,735][com.java.TestType] [  414] - The Concept ID  is ---------- 1
[DEBUG][2015-11-02 18:40:32,735][com.java.TestType] [  418] - Steps being executted in the Concept are: 1:14
[INFO ][2015-11-02 18:40:32,736][com.java.TestType] [  425] - Test data details path ---------- D:\BankersDashboard\TestInputs\TestData.xls
[INFO ][2015-11-02 18:40:32,767][com.java.TestType] [  456] -  str(1) = 1
[INFO ][2015-11-02 18:40:32,767][com.java.TestType] [  459] - Test case Id is---1
[INFO ][2015-11-02 18:40:32,767][com.java.TestType] [  461] - 1
[INFO ][2015-11-02 18:40:32,767][com.java.TestType] [  456] -  str(2) = 1
[INFO ][2015-11-02 18:40:32,769][com.java.TestType] [  508] - row values are--------{1=com.java.Objects.TestDataDetails@1f1ac71}
[INFO ][2015-11-02 18:40:32,770][com.java.TestType] [  456] -  str(1) = 1
[INFO ][2015-11-02 18:40:32,770][com.java.TestType] [  459] - Test case Id is---1
[INFO ][2015-11-02 18:40:32,770][com.java.TestType] [  461] - 1
[INFO ][2015-11-02 18:40:32,770][com.java.TestType] [  456] -  str(2) = 2
[INFO ][2015-11-02 18:40:32,771][com.java.TestType] [  508] - row values are--------{1=com.java.Objects.TestDataDetails@1f1ac71, 2=com.java.Objects.TestDataDetails@cfceab}
[INFO ][2015-11-02 18:40:32,771][com.java.TestType] [  456] -  str(1) = 1
[INFO ][2015-11-02 18:40:32,771][com.java.TestType] [  459] - Test case Id is---1
[INFO ][2015-11-02 18:40:32,772][com.java.TestType] [  461] - 1
[INFO ][2015-11-02 18:40:32,772][com.java.TestType] [  456] -  str(2) = 3
[INFO ][2015-11-02 18:40:32,773][com.java.TestType] [  508] - row values are--------{1=com.java.Objects.TestDataDetails@1f1ac71, 2=com.java.Objects.TestDataDetails@cfceab, 3=com.java.Objects.TestDataDetails@8a0152}
[INFO ][2015-11-02 18:40:32,773][com.java.TestType] [  456] -  str(1) = 1
[INFO ][2015-11-02 18:40:32,773][com.java.TestType] [  459] - Test case Id is---1
[INFO ][2015-11-02 18:40:32,773][com.java.TestType] [  461] - 1
[INFO ][2015-11-02 18:40:32,773][com.java.TestType] [  456] -  str(2) = 4
[INFO ][2015-11-02 18:40:32,776][com.java.TestType] [  508] - row values are--------{1=com.java.Objects.TestDataDetails@1f1ac71, 2=com.java.Objects.TestDataDetails@cfceab, 3=com.java.Objects.TestDataDetails@8a0152, 4=com.java.Objects.TestDataDetails@27430a}
[INFO ][2015-11-02 18:40:32,776][com.java.TestType] [  456] -  str(1) = 1
[INFO ][2015-11-02 18:40:32,776][com.java.TestType] [  459] - Test case Id is---1
[INFO ][2015-11-02 18:40:32,777][com.java.TestType] [  461] - 1
[INFO ][2015-11-02 18:40:32,777][com.java.TestType] [  456] -  str(2) = 5
[INFO ][2015-11-02 18:40:32,778][com.java.TestType] [  508] - row values are--------{1=com.java.Objects.TestDataDetails@1f1ac71, 2=com.java.Objects.TestDataDetails@cfceab, 3=com.java.Objects.TestDataDetails@8a0152, 4=com.java.Objects.TestDataDetails@27430a, 5=com.java.Objects.TestDataDetails@14d9bb1}
[INFO ][2015-11-02 18:40:32,778][com.java.TestType] [  456] -  str(1) = 1
[INFO ][2015-11-02 18:40:32,778][com.java.TestType] [  459] - Test case Id is---1
[INFO ][2015-11-02 18:40:32,778][com.java.TestType] [  461] - 1
[INFO ][2015-11-02 18:40:32,778][com.java.TestType] [  456] -  str(2) = 6
[INFO ][2015-11-02 18:40:32,779][com.java.TestType] [  508] - row values are--------{1=com.java.Objects.TestDataDetails@1f1ac71, 2=com.java.Objects.TestDataDetails@cfceab, 3=com.java.Objects.TestDataDetails@8a0152, 4=com.java.Objects.TestDataDetails@27430a, 5=com.java.Objects.TestDataDetails@14d9bb1, 6=com.java.Objects.TestDataDetails@859f0a}
[INFO ][2015-11-02 18:40:32,779][com.java.TestType] [  456] -  str(1) = 1
[INFO ][2015-11-02 18:40:32,779][com.java.TestType] [  459] - Test case Id is---1
[INFO ][2015-11-02 18:40:32,779][com.java.TestType] [  461] - 1
[INFO ][2015-11-02 18:40:32,779][com.java.TestType] [  456] -  str(2) = 7
[INFO ][2015-11-02 18:40:32,780][com.java.TestType] [  508] - row values are--------{1=com.java.Objects.TestDataDetails@1f1ac71, 2=com.java.Objects.TestDataDetails@cfceab, 3=com.java.Objects.TestDataDetails@8a0152, 4=com.java.Objects.TestDataDetails@27430a, 5=com.java.Objects.TestDataDetails@14d9bb1, 6=com.java.Objects.TestDataDetails@859f0a, 7=com.java.Objects.TestDataDetails@1bf57bb}
[INFO ][2015-11-02 18:40:32,781][com.java.TestType] [  456] -  str(1) = 1
[INFO ][2015-11-02 18:40:32,781][com.java.TestType] [  459] - Test case Id is---1
[INFO ][2015-11-02 18:40:32,781][com.java.TestType] [  461] - 1
[INFO ][2015-11-02 18:40:32,781][com.java.TestType] [  456] -  str(2) = 8
[INFO ][2015-11-02 18:40:32,782][com.java.TestType] [  508] - row values are--------{1=com.java.Objects.TestDataDetails@1f1ac71, 2=com.java.Objects.TestDataDetails@cfceab, 3=com.java.Objects.TestDataDetails@8a0152, 4=com.java.Objects.TestDataDetails@27430a, 5=com.java.Objects.TestDataDetails@14d9bb1, 6=com.java.Objects.TestDataDetails@859f0a, 7=com.java.Objects.TestDataDetails@1bf57bb, 8=com.java.Objects.TestDataDetails@f5bb3d}
[INFO ][2015-11-02 18:40:32,782][com.java.TestType] [  456] -  str(1) = 1
[INFO ][2015-11-02 18:40:32,782][com.java.TestType] [  459] - Test case Id is---1
[INFO ][2015-11-02 18:40:32,782][com.java.TestType] [  461] - 1
[INFO ][2015-11-02 18:40:32,782][com.java.TestType] [  456] -  str(2) = 9
[INFO ][2015-11-02 18:40:32,783][com.java.TestType] [  508] - row values are--------{1=com.java.Objects.TestDataDetails@1f1ac71, 2=com.java.Objects.TestDataDetails@cfceab, 3=com.java.Objects.TestDataDetails@8a0152, 4=com.java.Objects.TestDataDetails@27430a, 5=com.java.Objects.TestDataDetails@14d9bb1, 6=com.java.Objects.TestDataDetails@859f0a, 7=com.java.Objects.TestDataDetails@1bf57bb, 8=com.java.Objects.TestDataDetails@f5bb3d, 9=com.java.Objects.TestDataDetails@945083}
[INFO ][2015-11-02 18:40:32,783][com.java.TestType] [  456] -  str(1) = 1
[INFO ][2015-11-02 18:40:32,783][com.java.TestType] [  459] - Test case Id is---1
[INFO ][2015-11-02 18:40:32,783][com.java.TestType] [  461] - 1
[INFO ][2015-11-02 18:40:32,783][com.java.TestType] [  456] -  str(2) = 10
[INFO ][2015-11-02 18:40:32,784][com.java.TestType] [  508] - row values are--------{1=com.java.Objects.TestDataDetails@1f1ac71, 2=com.java.Objects.TestDataDetails@cfceab, 3=com.java.Objects.TestDataDetails@8a0152, 4=com.java.Objects.TestDataDetails@27430a, 5=com.java.Objects.TestDataDetails@14d9bb1, 6=com.java.Objects.TestDataDetails@859f0a, 7=com.java.Objects.TestDataDetails@1bf57bb, 8=com.java.Objects.TestDataDetails@f5bb3d, 9=com.java.Objects.TestDataDetails@945083, 10=com.java.Objects.TestDataDetails@112c003}
[INFO ][2015-11-02 18:40:32,784][com.java.TestType] [  456] -  str(1) = 1
[INFO ][2015-11-02 18:40:32,786][com.java.TestType] [  459] - Test case Id is---1
[INFO ][2015-11-02 18:40:32,786][com.java.TestType] [  461] - 1
[INFO ][2015-11-02 18:40:32,786][com.java.TestType] [  456] -  str(2) = 11
[INFO ][2015-11-02 18:40:32,787][com.java.TestType] [  508] - row values are--------{1=com.java.Objects.TestDataDetails@1f1ac71, 2=com.java.Objects.TestDataDetails@cfceab, 3=com.java.Objects.TestDataDetails@8a0152, 4=com.java.Objects.TestDataDetails@27430a, 5=com.java.Objects.TestDataDetails@14d9bb1, 6=com.java.Objects.TestDataDetails@859f0a, 7=com.java.Objects.TestDataDetails@1bf57bb, 8=com.java.Objects.TestDataDetails@f5bb3d, 9=com.java.Objects.TestDataDetails@945083, 10=com.java.Objects.TestDataDetails@112c003, 11=com.java.Objects.TestDataDetails@1183515}
[INFO ][2015-11-02 18:40:32,787][com.java.TestType] [  456] -  str(1) = 1
[INFO ][2015-11-02 18:40:32,787][com.java.TestType] [  459] - Test case Id is---1
[INFO ][2015-11-02 18:40:32,787][com.java.TestType] [  461] - 1
[INFO ][2015-11-02 18:40:32,787][com.java.TestType] [  456] -  str(2) = 12
[INFO ][2015-11-02 18:40:32,788][com.java.TestType] [  508] - row values are--------{1=com.java.Objects.TestDataDetails@1f1ac71, 2=com.java.Objects.TestDataDetails@cfceab, 3=com.java.Objects.TestDataDetails@8a0152, 4=com.java.Objects.TestDataDetails@27430a, 5=com.java.Objects.TestDataDetails@14d9bb1, 6=com.java.Objects.TestDataDetails@859f0a, 7=com.java.Objects.TestDataDetails@1bf57bb, 8=com.java.Objects.TestDataDetails@f5bb3d, 9=com.java.Objects.TestDataDetails@945083, 10=com.java.Objects.TestDataDetails@112c003, 11=com.java.Objects.TestDataDetails@1183515, 12=com.java.Objects.TestDataDetails@15eb475}
[INFO ][2015-11-02 18:40:32,788][com.java.TestType] [  456] -  str(1) = 1
[INFO ][2015-11-02 18:40:32,788][com.java.TestType] [  459] - Test case Id is---1
[INFO ][2015-11-02 18:40:32,788][com.java.TestType] [  461] - 1
[INFO ][2015-11-02 18:40:32,788][com.java.TestType] [  456] -  str(2) = 13
[INFO ][2015-11-02 18:40:32,789][com.java.TestType] [  508] - row values are--------{1=com.java.Objects.TestDataDetails@1f1ac71, 2=com.java.Objects.TestDataDetails@cfceab, 3=com.java.Objects.TestDataDetails@8a0152, 4=com.java.Objects.TestDataDetails@27430a, 5=com.java.Objects.TestDataDetails@14d9bb1, 6=com.java.Objects.TestDataDetails@859f0a, 7=com.java.Objects.TestDataDetails@1bf57bb, 8=com.java.Objects.TestDataDetails@f5bb3d, 9=com.java.Objects.TestDataDetails@945083, 10=com.java.Objects.TestDataDetails@112c003, 11=com.java.Objects.TestDataDetails@1183515, 12=com.java.Objects.TestDataDetails@15eb475, 13=com.java.Objects.TestDataDetails@64cc1a}
[INFO ][2015-11-02 18:40:32,789][com.java.TestType] [  456] -  str(1) = 1
[INFO ][2015-11-02 18:40:32,789][com.java.TestType] [  459] - Test case Id is---1
[INFO ][2015-11-02 18:40:32,789][com.java.TestType] [  461] - 1
[INFO ][2015-11-02 18:40:32,789][com.java.TestType] [  456] -  str(2) = 14
[INFO ][2015-11-02 18:40:32,790][com.java.TestType] [  508] - row values are--------{1=com.java.Objects.TestDataDetails@1f1ac71, 2=com.java.Objects.TestDataDetails@cfceab, 3=com.java.Objects.TestDataDetails@8a0152, 4=com.java.Objects.TestDataDetails@27430a, 5=com.java.Objects.TestDataDetails@14d9bb1, 6=com.java.Objects.TestDataDetails@859f0a, 7=com.java.Objects.TestDataDetails@1bf57bb, 8=com.java.Objects.TestDataDetails@f5bb3d, 9=com.java.Objects.TestDataDetails@945083, 10=com.java.Objects.TestDataDetails@112c003, 11=com.java.Objects.TestDataDetails@1183515, 12=com.java.Objects.TestDataDetails@15eb475, 13=com.java.Objects.TestDataDetails@64cc1a, 14=com.java.Objects.TestDataDetails@1a0bc8a}
[INFO ][2015-11-02 18:40:32,790][com.java.TestType] [ 7898] - Looping 1TCID = 1
[DEBUG][2015-11-02 18:40:32,790][com.java.TestType] [ 7939] - Concept ID:1 :: Step being Executed: 1::1
[INFO ][2015-11-02 18:40:32,790][com.java.TestType] [ 7977] - dataFields : TXTusername
[DEBUG][2015-11-02 18:40:32,791][com.java.TestType] [ 7983] - <In Set values of the page>
[DEBUG][2015-11-02 18:40:32,791][com.java.TestType] [ 7988] - {Data Fields & Data Values Exist}
[INFO ][2015-11-02 18:40:32,791][com.java.TestType] [ 7994] - --------------------------setting values-----------------------------
[INFO ][2015-11-02 18:40:32,791][com.java.TestType] [ 7997] - Action Type : CLEARANDENTER
[INFO ][2015-11-02 18:40:32,791][com.java.TestType] [ 3749] - value = naresh.nayini.00000
[INFO ][2015-11-02 18:40:37,605][com.java.TestType] [ 8016] -  RESULT true
[INFO ][2015-11-02 18:40:37,605][com.java.TestType] [ 8133] - ?   P A S S   ?
[DEBUG][2015-11-02 18:40:37,606][com.java.TestType] [ 7939] - Concept ID:1 :: Step being Executed: 1::2
[INFO ][2015-11-02 18:40:37,606][com.java.TestType] [ 7977] - dataFields : TXTpassword
[DEBUG][2015-11-02 18:40:37,606][com.java.TestType] [ 7983] - <In Set values of the page>
[DEBUG][2015-11-02 18:40:37,606][com.java.TestType] [ 7988] - {Data Fields & Data Values Exist}
[INFO ][2015-11-02 18:40:37,606][com.java.TestType] [ 7994] - --------------------------setting values-----------------------------
[INFO ][2015-11-02 18:40:37,606][com.java.TestType] [ 7997] - Action Type : CLEARANDENTER
[INFO ][2015-11-02 18:40:37,606][com.java.TestType] [ 3749] - value = Password1*
[INFO ][2015-11-02 18:40:42,529][com.java.TestType] [ 8016] -  RESULT true
[INFO ][2015-11-02 18:40:42,529][com.java.TestType] [ 8133] - ?   P A S S   ?
[DEBUG][2015-11-02 18:40:42,529][com.java.TestType] [ 7939] - Concept ID:1 :: Step being Executed: 1::3
[ERROR][2015-11-02 18:40:42,529][com.java.TestType] [ 7972] - Exception: null
[INFO ][2015-11-02 18:40:42,529][com.java.TestType] [ 7977] - dataFields : XPH//button[@type='submit']
[DEBUG][2015-11-02 18:40:42,530][com.java.TestType] [ 7983] - <In Set values of the page>
[DEBUG][2015-11-02 18:40:42,530][com.java.TestType] [ 7988] - {Data Fields & Data Values Exist}
[INFO ][2015-11-02 18:40:42,530][com.java.TestType] [ 7994] - --------------------------setting values-----------------------------
[INFO ][2015-11-02 18:40:42,530][com.java.TestType] [ 7997] - Action Type : Click
[INFO ][2015-11-02 18:40:42,530][com.java.TestType] [ 4062] - Field ::XPH//button[@type='submit']
[INFO ][2015-11-02 18:40:43,531][com.java.TestType] [ 4121] - BEFORE CLICK
[INFO ][2015-11-02 18:40:44,397][com.java.TestType] [ 4129] - Unable to click the object Login
[INFO ][2015-11-02 18:40:44,397][com.java.TestType] [ 8016] -  RESULT true
[INFO ][2015-11-02 18:40:44,397][com.java.TestType] [ 8133] - ?   P A S S   ?
[DEBUG][2015-11-02 18:40:44,397][com.java.TestType] [ 7939] - Concept ID:1 :: Step being Executed: 1::4
[INFO ][2015-11-02 18:40:44,397][com.java.TestType] [ 7977] - dataFields : LNKLogout
[DEBUG][2015-11-02 18:40:44,397][com.java.TestType] [ 7983] - <In Set values of the page>
[DEBUG][2015-11-02 18:40:44,397][com.java.TestType] [ 7988] - {Data Fields & Data Values Exist}
[INFO ][2015-11-02 18:40:44,397][com.java.TestType] [ 7994] - --------------------------setting values-----------------------------
[INFO ][2015-11-02 18:40:44,397][com.java.TestType] [ 7997] - Action Type : WaitForElement
[INFO ][2015-11-02 18:40:54,104][com.java.TestType] [ 8016] -  RESULT true
[INFO ][2015-11-02 18:40:54,104][com.java.TestType] [ 8133] - ?   P A S S   ?
[DEBUG][2015-11-02 18:40:54,104][com.java.TestType] [ 7939] - Concept ID:1 :: Step being Executed: 1::13
[INFO ][2015-11-02 18:40:54,104][com.java.TestType] [ 7977] - dataFields : LGN
[DEBUG][2015-11-02 18:40:54,104][com.java.TestType] [ 7983] - <In Set values of the page>
[DEBUG][2015-11-02 18:40:54,105][com.java.TestType] [ 7988] - {Data Fields & Data Values Exist}
[INFO ][2015-11-02 18:40:54,105][com.java.TestType] [ 7994] - --------------------------setting values-----------------------------
[INFO ][2015-11-02 18:40:54,105][com.java.TestType] [ 7997] - Action Type : Verify
[INFO ][2015-11-02 18:40:54,105][com.java.TestType] [ 4875] - field= LGN value= Username
[INFO ][2015-11-02 18:40:54,106][com.java.TestType] [ 3749] - value = Username
[INFO ][2015-11-02 18:40:54,260][com.java.TestType] [ 8016] -  RESULT true
[INFO ][2015-11-02 18:40:54,260][com.java.TestType] [ 8133] - ?   P A S S   ?
[DEBUG][2015-11-02 18:40:54,260][com.java.TestType] [ 7939] - Concept ID:1 :: Step being Executed: 1::14
[INFO ][2015-11-02 18:40:54,260][com.java.TestType] [ 7977] - dataFields : BTN
[DEBUG][2015-11-02 18:40:54,260][com.java.TestType] [ 7983] - <In Set values of the page>
[DEBUG][2015-11-02 18:40:54,260][com.java.TestType] [ 7988] - {Data Fields & Data Values Exist}
[INFO ][2015-11-02 18:40:54,260][com.java.TestType] [ 7994] - --------------------------setting values-----------------------------
[INFO ][2015-11-02 18:40:54,261][com.java.TestType] [ 7997] - Action Type : Verify
[INFO ][2015-11-02 18:40:54,261][com.java.TestType] [ 4875] - field= BTN value= //img[contains(@src,'bdlogo.jpg')]
[INFO ][2015-11-02 18:40:54,261][com.java.TestType] [ 3749] - value = //img[contains(@src,'bdlogo.jpg')]
[INFO ][2015-11-02 18:40:54,297][com.java.TestType] [ 8016] -  RESULT true
[INFO ][2015-11-02 18:40:54,297][com.java.TestType] [ 8133] - ?   P A S S   ?
[INFO ][2015-11-02 18:40:54,297][com.java.TestType] [ 8204] - Looping End......
[INFO ][2015-11-02 18:40:54,301][com.java.SeleniumDriver] [  861] -  RESULT true
[INFO ][2015-11-02 18:40:54,301][com.java.SeleniumDriver] [ 1066] - ?   P A S S   ?
[INFO ][2015-11-02 18:40:54,301][com.java.SeleniumDriver] [  788] - ------------------------------------------
[INFO ][2015-11-02 18:40:54,301][com.java.SeleniumDriver] [  789] - Test case being Executed: 1
[INFO ][2015-11-02 18:40:54,302][com.java.SeleniumDriver] [  800] - Test step:2
[INFO ][2015-11-02 18:40:54,302][com.java.SeleniumDriver] [  812] - Datavalue is----------Concept#2:1-2
[INFO ][2015-11-02 18:40:54,302][com.java.SeleniumDriver] [  836] - DataField : test
[INFO ][2015-11-02 18:40:54,302][com.java.SeleniumDriver] [  838] - DataValue : Concept#2:1-2
[INFO ][2015-11-02 18:40:54,302][com.java.SeleniumDriver] [  844] - <In Set values of the page>
[INFO ][2015-11-02 18:40:54,302][com.java.SeleniumDriver] [  847] - {Data Fields & Data Values Exist}
[INFO ][2015-11-02 18:40:54,302][com.java.SeleniumDriver] [  849] - --------------------------setting values-----------------------------
[INFO ][2015-11-02 18:40:54,302][com.java.SeleniumDriver] [  852] - Action Type : ExecuteTestCase
[INFO ][2015-11-02 18:40:54,302][com.java.TestType] [  411] - The Concept sheet name is ---------- Concept
[INFO ][2015-11-02 18:40:54,303][com.java.TestType] [  414] - The Concept ID  is ---------- 2
[DEBUG][2015-11-02 18:40:54,303][com.java.TestType] [  418] - Steps being executted in the Concept are: 1:2
[INFO ][2015-11-02 18:40:54,303][com.java.TestType] [  425] - Test data details path ---------- D:\BankersDashboard\TestInputs\TestData.xls
[INFO ][2015-11-02 18:40:54,336][com.java.TestType] [  456] -  str(1) = 2
[INFO ][2015-11-02 18:40:54,337][com.java.TestType] [  459] - Test case Id is---2
[INFO ][2015-11-02 18:40:54,337][com.java.TestType] [  461] - 2
[INFO ][2015-11-02 18:40:54,337][com.java.TestType] [  456] -  str(2) = 1
[INFO ][2015-11-02 18:40:54,338][com.java.TestType] [  508] - row values are--------{1=com.java.Objects.TestDataDetails@1cce68f}
[INFO ][2015-11-02 18:40:54,339][com.java.TestType] [  456] -  str(1) = 2
[INFO ][2015-11-02 18:40:54,339][com.java.TestType] [  459] - Test case Id is---2
[INFO ][2015-11-02 18:40:54,339][com.java.TestType] [  461] - 2
[INFO ][2015-11-02 18:40:54,339][com.java.TestType] [  456] -  str(2) = 2
[INFO ][2015-11-02 18:40:54,339][com.java.TestType] [  508] - row values are--------{1=com.java.Objects.TestDataDetails@1cce68f, 2=com.java.Objects.TestDataDetails@5959ed}
[INFO ][2015-11-02 18:40:54,340][com.java.TestType] [  456] -  str(1) = 2
[INFO ][2015-11-02 18:40:54,340][com.java.TestType] [  459] - Test case Id is---2
[INFO ][2015-11-02 18:40:54,340][com.java.TestType] [  461] - 2
[INFO ][2015-11-02 18:40:54,340][com.java.TestType] [  456] -  str(2) = 3
[INFO ][2015-11-02 18:40:54,341][com.java.TestType] [  508] - row values are--------{1=com.java.Objects.TestDataDetails@1cce68f, 2=com.java.Objects.TestDataDetails@5959ed, 3=com.java.Objects.TestDataDetails@567b7}
[INFO ][2015-11-02 18:40:54,341][com.java.TestType] [ 7898] - Looping 1TCID = 2
[DEBUG][2015-11-02 18:40:54,341][com.java.TestType] [ 7939] - Concept ID:2 :: Step being Executed: 2::1
[INFO ][2015-11-02 18:40:54,341][com.java.TestType] [ 7977] - dataFields : BNK//select[@id='bank']
[DEBUG][2015-11-02 18:40:54,341][com.java.TestType] [ 7983] - <In Set values of the page>
[DEBUG][2015-11-02 18:40:54,341][com.java.TestType] [ 7988] - {Data Fields & Data Values Exist}
[INFO ][2015-11-02 18:40:54,341][com.java.TestType] [ 7994] - --------------------------setting values-----------------------------
[INFO ][2015-11-02 18:40:54,342][com.java.TestType] [ 7997] - Action Type : Select
[INFO ][2015-11-02 18:40:54,342][com.java.TestType] [ 3749] - value = PFC
[INFO ][2015-11-02 18:40:54,879][com.java.TestType] [ 8016] -  RESULT true
[INFO ][2015-11-02 18:40:54,879][com.java.TestType] [ 8133] - ?   P A S S   ?
[DEBUG][2015-11-02 18:40:54,879][com.java.TestType] [ 7939] - Concept ID:2 :: Step being Executed: 2::2
[INFO ][2015-11-02 18:40:54,879][com.java.TestType] [ 7977] - dataFields : LNKLogout
[DEBUG][2015-11-02 18:40:54,879][com.java.TestType] [ 7983] - <In Set values of the page>
[DEBUG][2015-11-02 18:40:54,879][com.java.TestType] [ 7988] - {Data Fields & Data Values Exist}
[INFO ][2015-11-02 18:40:54,879][com.java.TestType] [ 7994] - --------------------------setting values-----------------------------
[INFO ][2015-11-02 18:40:54,879][com.java.TestType] [ 7997] - Action Type : WaitTime
[DEBUG][2015-11-02 18:40:54,880][com.java.TestType] [ 3653] - sleepTime: 5000
[INFO ][2015-11-02 18:40:59,880][com.java.TestType] [ 8016] -  RESULT true
[INFO ][2015-11-02 18:40:59,880][com.java.TestType] [ 8133] - ?   P A S S   ?
[INFO ][2015-11-02 18:40:59,880][com.java.TestType] [ 8204] - Looping End......
[INFO ][2015-11-02 18:40:59,884][com.java.SeleniumDriver] [  861] -  RESULT true
[INFO ][2015-11-02 18:40:59,884][com.java.SeleniumDriver] [ 1066] - ?   P A S S   ?
[INFO ][2015-11-02 18:40:59,884][com.java.SeleniumDriver] [  788] - ------------------------------------------
[INFO ][2015-11-02 18:40:59,884][com.java.SeleniumDriver] [  789] - Test case being Executed: 1
[INFO ][2015-11-02 18:40:59,886][com.java.SeleniumDriver] [  800] - Test step:3
[INFO ][2015-11-02 18:40:59,886][com.java.SeleniumDriver] [  812] - Datavalue is----------2
[INFO ][2015-11-02 18:40:59,886][com.java.SeleniumDriver] [  836] - DataField : XPH//button[contains(text(),'Add Content')]
[INFO ][2015-11-02 18:40:59,886][com.java.SeleniumDriver] [  838] - DataValue : 2
[INFO ][2015-11-02 18:40:59,886][com.java.SeleniumDriver] [  844] - <In Set values of the page>
[INFO ][2015-11-02 18:40:59,886][com.java.SeleniumDriver] [  847] - {Data Fields & Data Values Exist}
[INFO ][2015-11-02 18:40:59,886][com.java.SeleniumDriver] [  849] - --------------------------setting values-----------------------------
[INFO ][2015-11-02 18:40:59,886][com.java.SeleniumDriver] [  852] - Action Type : WAITFORELEMENT
[INFO ][2015-11-02 18:40:59,929][com.java.SeleniumDriver] [  861] -  RESULT true
[INFO ][2015-11-02 18:40:59,929][com.java.SeleniumDriver] [ 1066] - ?   P A S S   ?
[DEBUG][2015-11-02 18:40:59,929][com.java.SeleniumDriver] [ 1168] - Case found
[DEBUG][2015-11-02 18:40:59,929][com.java.SeleniumDriver] [ 1173] - Incrementing ReportCounters[0]:1
[INFO ][2015-11-02 18:40:59,929][com.java.SeleniumDriver] [ 1192] - The results are-------------------[1, 1, Valid Login, Pass, , Mon Nov 02 18:40:54 IST 2015, 1, 2, Valid Login, Pass, , Mon Nov 02 18:40:59 IST 2015, 1, 3, Add Custom Calculation Indicator to Start Page, Pass, , Mon Nov 02 18:40:59 IST 2015]
[INFO ][2015-11-02 18:40:59,929][com.java.SeleniumDriver] [ 1196] - End time is-------51 sec
[INFO ][2015-11-02 18:40:59,929][com.java.SeleniumDriver] [ 1197] - The results are-------------------[1, 1, Valid Login, Pass, , Mon Nov 02 18:40:54 IST 2015, 1, 2, Valid Login, Pass, , Mon Nov 02 18:40:59 IST 2015, 1, 3, Add Custom Calculation Indicator to Start Page, Pass, , Mon Nov 02 18:40:59 IST 2015]
[DEBUG][2015-11-02 18:40:59,929][com.java.ImportnExport.ExportTestResultsExcel] [  222] - testResultPath = D:\BankersDashboard/TestReports/Test Results_BankersDashBoard_110215_184010_IE11_Any Bank USA.xls
[DEBUG][2015-11-02 18:40:59,929][com.java.ImportnExport.ExportTestResultsExcel] [  223] - browser is------------IE11
[DEBUG][2015-11-02 18:40:59,972][com.java.ImportnExport.ExportTestResultsExcel] [  270] - result.size() = 18
[DEBUG][2015-11-02 18:40:59,972][com.java.ImportnExport.ExportTestResultsExcel] [  274] - No of rows in sheet=1
[DEBUG][2015-11-02 18:40:59,972][com.java.ImportnExport.ExportTestResultsExcel] [  301] - ..in export..1
[DEBUG][2015-11-02 18:40:59,973][com.java.ImportnExport.ExportTestResultsExcel] [  301] - ..in export..Valid Login
[DEBUG][2015-11-02 18:40:59,973][com.java.ImportnExport.ExportTestResultsExcel] [  301] - ..in export..Pass
[DEBUG][2015-11-02 18:40:59,973][com.java.ImportnExport.ExportTestResultsExcel] [  301] - ..in export..
[DEBUG][2015-11-02 18:40:59,973][com.java.ImportnExport.ExportTestResultsExcel] [  301] - ..in export..Mon Nov 02 18:40:54 IST 2015
[INFO ][2015-11-02 18:40:59,974][com.java.SeleniumDriver] [ 1255] - out loop:0 size:2 TestCases:[1, 12] testcases:[1, 12]
[INFO ][2015-11-02 18:40:59,974][com.java.ImportnExport.ImportTestDataDetailsExcel] [   49] - test data details path===== D:\BankersDashboard\TestInputs\TestData.xls
[INFO ][2015-11-02 18:41:21,139][com.java.SeleniumDriver] [  788] - ------------------------------------------
[INFO ][2015-11-02 18:41:21,139][com.java.SeleniumDriver] [  789] - Test case being Executed: 12
[INFO ][2015-11-02 18:41:21,139][com.java.SeleniumDriver] [  800] - Test step:1
[INFO ][2015-11-02 18:41:21,139][com.java.SeleniumDriver] [  812] - Datavalue is----------null
[DEBUG][2015-11-02 18:41:21,139][com.java.SeleniumDriver] [  830] - Exception: null
[INFO ][2015-11-02 18:41:21,139][com.java.SeleniumDriver] [  836] - DataField : LNKSettings
[INFO ][2015-11-02 18:41:21,139][com.java.SeleniumDriver] [  838] - DataValue : 
[INFO ][2015-11-02 18:41:21,139][com.java.SeleniumDriver] [  844] - <In Set values of the page>
[INFO ][2015-11-02 18:41:21,139][com.java.SeleniumDriver] [  847] - {Data Fields & Data Values Exist}
[INFO ][2015-11-02 18:41:21,139][com.java.SeleniumDriver] [  849] - --------------------------setting values-----------------------------
[INFO ][2015-11-02 18:41:21,139][com.java.SeleniumDriver] [  852] - Action Type : WAITFORELEMENT
[INFO ][2015-11-02 18:41:21,243][com.java.SeleniumDriver] [  861] -  RESULT true
[INFO ][2015-11-02 18:41:21,243][com.java.SeleniumDriver] [ 1066] - ?   P A S S   ?
[INFO ][2015-11-02 18:41:21,243][com.java.SeleniumDriver] [  788] - ------------------------------------------
[INFO ][2015-11-02 18:41:21,243][com.java.SeleniumDriver] [  789] - Test case being Executed: 12
[INFO ][2015-11-02 18:41:21,243][com.java.SeleniumDriver] [  800] - Test step:2
[INFO ][2015-11-02 18:41:21,243][com.java.SeleniumDriver] [  812] - Datavalue is----------null
[DEBUG][2015-11-02 18:41:21,243][com.java.SeleniumDriver] [  830] - Exception: null
[INFO ][2015-11-02 18:41:21,244][com.java.SeleniumDriver] [  836] - DataField : Settings&&Customize&&//ul[@id='Customize']/li[@data-id="MyDashboard"]
[INFO ][2015-11-02 18:41:21,244][com.java.SeleniumDriver] [  838] - DataValue : 
[INFO ][2015-11-02 18:41:21,244][com.java.SeleniumDriver] [  844] - <In Set values of the page>
[INFO ][2015-11-02 18:41:21,244][com.java.SeleniumDriver] [  847] - {Data Fields & Data Values Exist}
[INFO ][2015-11-02 18:41:21,244][com.java.SeleniumDriver] [  849] - --------------------------setting values-----------------------------
[INFO ][2015-11-02 18:41:21,244][com.java.SeleniumDriver] [  852] - Action Type : MOUSEOVER
[INFO ][2015-11-02 18:41:33,086][com.java.SeleniumDriver] [  861] -  RESULT true
[INFO ][2015-11-02 18:41:33,086][com.java.SeleniumDriver] [ 1066] - ?   P A S S   ?
[INFO ][2015-11-02 18:41:33,086][com.java.SeleniumDriver] [  788] - ------------------------------------------
[INFO ][2015-11-02 18:41:33,086][com.java.SeleniumDriver] [  789] - Test case being Executed: 12
[INFO ][2015-11-02 18:41:33,086][com.java.SeleniumDriver] [  800] - Test step:3
[INFO ][2015-11-02 18:41:33,086][com.java.SeleniumDriver] [  812] - Datavalue is----------5
[INFO ][2015-11-02 18:41:33,086][com.java.SeleniumDriver] [  836] - DataField : XPH//span[contains(text(),'Finished')]
[INFO ][2015-11-02 18:41:33,086][com.java.SeleniumDriver] [  838] - DataValue : 5
[INFO ][2015-11-02 18:41:33,086][com.java.SeleniumDriver] [  844] - <In Set values of the page>
[INFO ][2015-11-02 18:41:33,086][com.java.SeleniumDriver] [  847] - {Data Fields & Data Values Exist}
[INFO ][2015-11-02 18:41:33,086][com.java.SeleniumDriver] [  849] - --------------------------setting values-----------------------------
[INFO ][2015-11-02 18:41:33,086][com.java.SeleniumDriver] [  852] - Action Type : WAITFORELEMENT
[INFO ][2015-11-02 18:41:33,131][com.java.SeleniumDriver] [  861] -  RESULT true
[INFO ][2015-11-02 18:41:33,131][com.java.SeleniumDriver] [ 1066] - ?   P A S S   ?
[INFO ][2015-11-02 18:41:33,131][com.java.SeleniumDriver] [  788] - ------------------------------------------
[INFO ][2015-11-02 18:41:33,131][com.java.SeleniumDriver] [  789] - Test case being Executed: 12
[INFO ][2015-11-02 18:41:33,131][com.java.SeleniumDriver] [  800] - Test step:4
[INFO ][2015-11-02 18:41:33,131][com.java.SeleniumDriver] [  812] - Datavalue is----------My Dashboard Indicators
[INFO ][2015-11-02 18:41:33,131][com.java.SeleniumDriver] [  836] - DataField : XPH//span[contains(text(),'My Dashboard Indicators')]
[INFO ][2015-11-02 18:41:33,131][com.java.SeleniumDriver] [  838] - DataValue : My Dashboard Indicators
[INFO ][2015-11-02 18:41:33,131][com.java.SeleniumDriver] [  844] - <In Set values of the page>
[INFO ][2015-11-02 18:41:33,131][com.java.SeleniumDriver] [  847] - {Data Fields & Data Values Exist}
[INFO ][2015-11-02 18:41:33,131][com.java.SeleniumDriver] [  849] - --------------------------setting values-----------------------------
[INFO ][2015-11-02 18:41:33,132][com.java.SeleniumDriver] [  852] - Action Type : VERIFY
[INFO ][2015-11-02 18:41:33,132][com.java.TestType] [ 4875] - field= XPH//span[contains(text(),'My Dashboard Indicators')] value= My Dashboard Indicators
[INFO ][2015-11-02 18:41:33,132][com.java.TestType] [ 3749] - value = My Dashboard Indicators
[INFO ][2015-11-02 18:41:33,244][com.java.SeleniumDriver] [  861] -  RESULT true
[INFO ][2015-11-02 18:41:33,244][com.java.SeleniumDriver] [ 1066] - ?   P A S S   ?
[INFO ][2015-11-02 18:41:33,244][com.java.SeleniumDriver] [  788] - ------------------------------------------
[INFO ][2015-11-02 18:41:33,244][com.java.SeleniumDriver] [  789] - Test case being Executed: 12
[INFO ][2015-11-02 18:41:33,244][com.java.SeleniumDriver] [  800] - Test step:5
[INFO ][2015-11-02 18:41:33,244][com.java.SeleniumDriver] [  812] - Datavalue is----------frameDialogContent
[INFO ][2015-11-02 18:41:33,244][com.java.SeleniumDriver] [  836] - DataField : BTN
[INFO ][2015-11-02 18:41:33,244][com.java.SeleniumDriver] [  838] - DataValue : frameDialogContent
[INFO ][2015-11-02 18:41:33,244][com.java.SeleniumDriver] [  844] - <In Set values of the page>
[INFO ][2015-11-02 18:41:33,245][com.java.SeleniumDriver] [  847] - {Data Fields & Data Values Exist}
[INFO ][2015-11-02 18:41:33,245][com.java.SeleniumDriver] [  849] - --------------------------setting values-----------------------------
[INFO ][2015-11-02 18:41:33,245][com.java.SeleniumDriver] [  852] - Action Type : SELECTFRAMEBYNAME
[INFO ][2015-11-02 18:41:33,245][com.java.TestType] [ 3749] - value = frameDialogContent
[INFO ][2015-11-02 18:41:33,321][com.java.SeleniumDriver] [  861] -  RESULT true
[INFO ][2015-11-02 18:41:33,321][com.java.SeleniumDriver] [ 1066] - ?   P A S S   ?
[INFO ][2015-11-02 18:41:33,321][com.java.SeleniumDriver] [  788] - ------------------------------------------
[INFO ][2015-11-02 18:41:33,321][com.java.SeleniumDriver] [  789] - Test case being Executed: 12
[INFO ][2015-11-02 18:41:33,321][com.java.SeleniumDriver] [  800] - Test step:6
[INFO ][2015-11-02 18:41:33,321][com.java.SeleniumDriver] [  812] - Datavalue is----------null
[DEBUG][2015-11-02 18:41:33,321][com.java.SeleniumDriver] [  830] - Exception: null
[INFO ][2015-11-02 18:41:33,321][com.java.SeleniumDriver] [  836] - DataField : BTNbtnAddNew
[INFO ][2015-11-02 18:41:33,321][com.java.SeleniumDriver] [  838] - DataValue : 
[INFO ][2015-11-02 18:41:33,321][com.java.SeleniumDriver] [  844] - <In Set values of the page>
[INFO ][2015-11-02 18:41:33,321][com.java.SeleniumDriver] [  847] - {Data Fields & Data Values Exist}
[INFO ][2015-11-02 18:41:33,321][com.java.SeleniumDriver] [  849] - --------------------------setting values-----------------------------
[INFO ][2015-11-02 18:41:33,322][com.java.SeleniumDriver] [  852] - Action Type : CLICK
[INFO ][2015-11-02 18:41:33,322][com.java.TestType] [ 4062] - Field ::BTNbtnAddNew
[INFO ][2015-11-02 18:41:34,322][com.java.TestType] [ 4100] - BEFORE CLICK
[INFO ][2015-11-02 18:41:38,306][com.java.TestType] [ 4107] - Unable to click the object null
[INFO ][2015-11-02 18:41:38,306][com.java.SeleniumDriver] [  861] -  RESULT true
[INFO ][2015-11-02 18:41:38,306][com.java.SeleniumDriver] [ 1066] - ?   P A S S   ?
[INFO ][2015-11-02 18:41:38,306][com.java.SeleniumDriver] [  788] - ------------------------------------------
[INFO ][2015-11-02 18:41:38,306][com.java.SeleniumDriver] [  789] - Test case being Executed: 12
[INFO ][2015-11-02 18:41:38,306][com.java.SeleniumDriver] [  800] - Test step:7
[INFO ][2015-11-02 18:41:38,306][com.java.SeleniumDriver] [  812] - Datavalue is----------null
[DEBUG][2015-11-02 18:41:38,306][com.java.SeleniumDriver] [  830] - Exception: null
[INFO ][2015-11-02 18:41:38,307][com.java.SeleniumDriver] [  836] - DataField : XPH//input[@value="customCalcs"]
[INFO ][2015-11-02 18:41:38,307][com.java.SeleniumDriver] [  838] - DataValue : 
[INFO ][2015-11-02 18:41:38,307][com.java.SeleniumDriver] [  844] - <In Set values of the page>
[INFO ][2015-11-02 18:41:38,307][com.java.SeleniumDriver] [  847] - {Data Fields & Data Values Exist}
[INFO ][2015-11-02 18:41:38,307][com.java.SeleniumDriver] [  849] - --------------------------setting values-----------------------------
[INFO ][2015-11-02 18:41:38,307][com.java.SeleniumDriver] [  852] - Action Type : CLICK
[INFO ][2015-11-02 18:41:38,307][com.java.TestType] [ 4062] - Field ::XPH//input[@value="customCalcs"]
[INFO ][2015-11-02 18:41:39,307][com.java.TestType] [ 4121] - BEFORE CLICK
[INFO ][2015-11-02 18:41:41,087][com.java.TestType] [ 4129] - Unable to click the object Custom Calculations radio button
[INFO ][2015-11-02 18:41:41,087][com.java.SeleniumDriver] [  861] -  RESULT true
[INFO ][2015-11-02 18:41:41,087][com.java.SeleniumDriver] [ 1066] - ?   P A S S   ?
[INFO ][2015-11-02 18:41:41,087][com.java.SeleniumDriver] [  788] - ------------------------------------------
[INFO ][2015-11-02 18:41:41,087][com.java.SeleniumDriver] [  789] - Test case being Executed: 12
[INFO ][2015-11-02 18:41:41,087][com.java.SeleniumDriver] [  800] - Test step:8
[INFO ][2015-11-02 18:41:41,087][com.java.SeleniumDriver] [  812] - Datavalue is----------5
[INFO ][2015-11-02 18:41:41,087][com.java.SeleniumDriver] [  836] - DataField : BTNdynaCustomCalcTreeDiv
[INFO ][2015-11-02 18:41:41,087][com.java.SeleniumDriver] [  838] - DataValue : 5
[INFO ][2015-11-02 18:41:41,087][com.java.SeleniumDriver] [  844] - <In Set values of the page>
[INFO ][2015-11-02 18:41:41,087][com.java.SeleniumDriver] [  847] - {Data Fields & Data Values Exist}
[INFO ][2015-11-02 18:41:41,087][com.java.SeleniumDriver] [  849] - --------------------------setting values-----------------------------
[INFO ][2015-11-02 18:41:41,087][com.java.SeleniumDriver] [  852] - Action Type : WAITFORELEMENT
[INFO ][2015-11-02 18:41:42,206][com.java.SeleniumDriver] [  861] -  RESULT true
[INFO ][2015-11-02 18:41:42,206][com.java.SeleniumDriver] [ 1066] - ?   P A S S   ?
[INFO ][2015-11-02 18:41:42,206][com.java.SeleniumDriver] [  788] - ------------------------------------------
[INFO ][2015-11-02 18:41:42,206][com.java.SeleniumDriver] [  789] - Test case being Executed: 12
[INFO ][2015-11-02 18:41:42,206][com.java.SeleniumDriver] [  800] - Test step:9
[INFO ][2015-11-02 18:41:42,206][com.java.SeleniumDriver] [  812] - Datavalue is----------null
[DEBUG][2015-11-02 18:41:42,206][com.java.SeleniumDriver] [  830] - Exception: null
[INFO ][2015-11-02 18:41:42,206][com.java.SeleniumDriver] [  836] - DataField : XPH//div[@id='dynaCustomCalcTreeDiv']/ul/li[1]/span/a
[INFO ][2015-11-02 18:41:42,206][com.java.SeleniumDriver] [  838] - DataValue : 
[INFO ][2015-11-02 18:41:42,207][com.java.SeleniumDriver] [  844] - <In Set values of the page>
[INFO ][2015-11-02 18:41:42,207][com.java.SeleniumDriver] [  847] - {Data Fields & Data Values Exist}
[INFO ][2015-11-02 18:41:42,207][com.java.SeleniumDriver] [  849] - --------------------------setting values-----------------------------
[INFO ][2015-11-02 18:41:42,207][com.java.SeleniumDriver] [  852] - Action Type : CLICK
[INFO ][2015-11-02 18:41:42,207][com.java.TestType] [ 4062] - Field ::XPH//div[@id='dynaCustomCalcTreeDiv']/ul/li[1]/span/a
[INFO ][2015-11-02 18:41:43,207][com.java.TestType] [ 4121] - BEFORE CLICK
[INFO ][2015-11-02 18:41:43,975][com.java.TestType] [ 4129] - Unable to click the object Indicator Value
[INFO ][2015-11-02 18:41:43,975][com.java.SeleniumDriver] [  861] -  RESULT true
[INFO ][2015-11-02 18:41:43,975][com.java.SeleniumDriver] [ 1066] - ?   P A S S   ?
[INFO ][2015-11-02 18:41:43,975][com.java.SeleniumDriver] [  788] - ------------------------------------------
[INFO ][2015-11-02 18:41:43,975][com.java.SeleniumDriver] [  789] - Test case being Executed: 12
[INFO ][2015-11-02 18:41:43,975][com.java.SeleniumDriver] [  800] - Test step:10
[INFO ][2015-11-02 18:41:43,975][com.java.SeleniumDriver] [  812] - Datavalue is----------IndicatorName
[INFO ][2015-11-02 18:41:43,975][com.java.SeleniumDriver] [  836] - DataField : XPHIndicator
[INFO ][2015-11-02 18:41:43,975][com.java.SeleniumDriver] [  838] - DataValue : IndicatorName
[INFO ][2015-11-02 18:41:43,975][com.java.SeleniumDriver] [  844] - <In Set values of the page>
[INFO ][2015-11-02 18:41:43,975][com.java.SeleniumDriver] [  847] - {Data Fields & Data Values Exist}
[INFO ][2015-11-02 18:41:43,975][com.java.SeleniumDriver] [  849] - --------------------------setting values-----------------------------
[INFO ][2015-11-02 18:41:43,976][com.java.SeleniumDriver] [  852] - Action Type : STOREVALUE
[INFO ][2015-11-02 18:41:43,976][com.java.TestType] [ 5809] - field= XPHIndicator
[DEBUG][2015-11-02 18:41:45,186][com.java.TestType] [ 5861] - Key:: IndicatorName   Value:: 
[INFO ][2015-11-02 18:41:45,186][com.java.SeleniumDriver] [  861] -  RESULT true
[INFO ][2015-11-02 18:41:45,187][com.java.SeleniumDriver] [ 1066] - ?   P A S S   ?
[INFO ][2015-11-02 18:41:45,187][com.java.SeleniumDriver] [  788] - ------------------------------------------
[INFO ][2015-11-02 18:41:45,187][com.java.SeleniumDriver] [  789] - Test case being Executed: 12
[INFO ][2015-11-02 18:41:45,187][com.java.SeleniumDriver] [  800] - Test step:12
[INFO ][2015-11-02 18:41:45,187][com.java.SeleniumDriver] [  812] - Datavalue is----------null
[DEBUG][2015-11-02 18:41:45,187][com.java.SeleniumDriver] [  830] - Exception: null
[INFO ][2015-11-02 18:41:45,187][com.java.SeleniumDriver] [  836] - DataField : BTNbtnNext
[INFO ][2015-11-02 18:41:45,187][com.java.SeleniumDriver] [  838] - DataValue : 
[INFO ][2015-11-02 18:41:45,187][com.java.SeleniumDriver] [  844] - <In Set values of the page>
[INFO ][2015-11-02 18:41:45,187][com.java.SeleniumDriver] [  847] - {Data Fields & Data Values Exist}
[INFO ][2015-11-02 18:41:45,187][com.java.SeleniumDriver] [  849] - --------------------------setting values-----------------------------
[INFO ][2015-11-02 18:41:45,187][com.java.SeleniumDriver] [  852] - Action Type : CLICK
[INFO ][2015-11-02 18:41:45,187][com.java.TestType] [ 4062] - Field ::BTNbtnNext
[INFO ][2015-11-02 18:41:46,188][com.java.TestType] [ 4100] - BEFORE CLICK
[INFO ][2015-11-02 18:41:47,600][com.java.TestType] [ 4107] - Unable to click the object Next Button
[INFO ][2015-11-02 18:41:47,600][com.java.SeleniumDriver] [  861] -  RESULT true
[INFO ][2015-11-02 18:41:47,600][com.java.SeleniumDriver] [ 1066] - ?   P A S S   ?
[INFO ][2015-11-02 18:41:47,600][com.java.SeleniumDriver] [  788] - ------------------------------------------
[INFO ][2015-11-02 18:41:47,600][com.java.SeleniumDriver] [  789] - Test case being Executed: 12
[INFO ][2015-11-02 18:41:47,600][com.java.SeleniumDriver] [  800] - Test step:13
[INFO ][2015-11-02 18:41:47,600][com.java.SeleniumDriver] [  812] - Datavalue is----------5
[INFO ][2015-11-02 18:41:47,600][com.java.SeleniumDriver] [  836] - DataField : BTNGreenCompare
[INFO ][2015-11-02 18:41:47,600][com.java.SeleniumDriver] [  838] - DataValue : 5
[INFO ][2015-11-02 18:41:47,600][com.java.SeleniumDriver] [  844] - <In Set values of the page>
[INFO ][2015-11-02 18:41:47,600][com.java.SeleniumDriver] [  847] - {Data Fields & Data Values Exist}
[INFO ][2015-11-02 18:41:47,601][com.java.SeleniumDriver] [  849] - --------------------------setting values-----------------------------
[INFO ][2015-11-02 18:41:47,601][com.java.SeleniumDriver] [  852] - Action Type : WAITFORELEMENT
[INFO ][2015-11-02 18:41:48,676][com.java.SeleniumDriver] [  861] -  RESULT true
[INFO ][2015-11-02 18:41:48,676][com.java.SeleniumDriver] [ 1066] - ?   P A S S   ?
[INFO ][2015-11-02 18:41:48,676][com.java.SeleniumDriver] [  788] - ------------------------------------------
[INFO ][2015-11-02 18:41:48,676][com.java.SeleniumDriver] [  789] - Test case being Executed: 12
[INFO ][2015-11-02 18:41:48,676][com.java.SeleniumDriver] [  800] - Test step:14
[INFO ][2015-11-02 18:41:48,676][com.java.SeleniumDriver] [  812] - Datavalue is----------null
[DEBUG][2015-11-02 18:41:48,676][com.java.SeleniumDriver] [  830] - Exception: null
[INFO ][2015-11-02 18:41:48,676][com.java.SeleniumDriver] [  836] - DataField : BTNparent
[INFO ][2015-11-02 18:41:48,677][com.java.SeleniumDriver] [  838] - DataValue : 
[INFO ][2015-11-02 18:41:48,677][com.java.SeleniumDriver] [  844] - <In Set values of the page>
[INFO ][2015-11-02 18:41:48,677][com.java.SeleniumDriver] [  847] - {Data Fields & Data Values Exist}
[INFO ][2015-11-02 18:41:48,677][com.java.SeleniumDriver] [  849] - --------------------------setting values-----------------------------
[INFO ][2015-11-02 18:41:48,677][com.java.SeleniumDriver] [  852] - Action Type : SelectFrame
[INFO ][2015-11-02 18:41:48,691][com.java.SeleniumDriver] [  861] -  RESULT true
[INFO ][2015-11-02 18:41:48,691][com.java.SeleniumDriver] [ 1066] - ?   P A S S   ?
[INFO ][2015-11-02 18:41:48,692][com.java.SeleniumDriver] [  788] - ------------------------------------------
[INFO ][2015-11-02 18:41:48,692][com.java.SeleniumDriver] [  789] - Test case being Executed: 12
[INFO ][2015-11-02 18:41:48,693][com.java.SeleniumDriver] [  800] - Test step:15
[INFO ][2015-11-02 18:41:48,693][com.java.SeleniumDriver] [  812] - Datavalue is----------null
[DEBUG][2015-11-02 18:41:48,693][com.java.SeleniumDriver] [  830] - Exception: null
[INFO ][2015-11-02 18:41:48,693][com.java.SeleniumDriver] [  836] - DataField : XPH//span[contains(text(), 'Finished')]
[INFO ][2015-11-02 18:41:48,693][com.java.SeleniumDriver] [  838] - DataValue : 
[INFO ][2015-11-02 18:41:48,693][com.java.SeleniumDriver] [  844] - <In Set values of the page>
[INFO ][2015-11-02 18:41:48,693][com.java.SeleniumDriver] [  847] - {Data Fields & Data Values Exist}
[INFO ][2015-11-02 18:41:48,693][com.java.SeleniumDriver] [  849] - --------------------------setting values-----------------------------
[INFO ][2015-11-02 18:41:48,693][com.java.SeleniumDriver] [  852] - Action Type : CLICK
[INFO ][2015-11-02 18:41:48,693][com.java.TestType] [ 4062] - Field ::XPH//span[contains(text(), 'Finished')]
[INFO ][2015-11-02 18:41:49,693][com.java.TestType] [ 4121] - BEFORE CLICK
[INFO ][2015-11-02 18:41:50,947][com.java.TestType] [ 4129] - Unable to click the object null
[INFO ][2015-11-02 18:41:50,948][com.java.SeleniumDriver] [  861] -  RESULT true
[INFO ][2015-11-02 18:41:50,948][com.java.SeleniumDriver] [ 1066] - ?   P A S S   ?
[INFO ][2015-11-02 18:41:50,948][com.java.SeleniumDriver] [  788] - ------------------------------------------
[INFO ][2015-11-02 18:41:50,948][com.java.SeleniumDriver] [  789] - Test case being Executed: 12
[INFO ][2015-11-02 18:41:50,948][com.java.SeleniumDriver] [  800] - Test step:16
[INFO ][2015-11-02 18:41:50,948][com.java.SeleniumDriver] [  812] - Datavalue is----------5
[INFO ][2015-11-02 18:41:50,948][com.java.SeleniumDriver] [  836] - DataField : XPH//span[contains(text(), 'Finished')]
[INFO ][2015-11-02 18:41:50,948][com.java.SeleniumDriver] [  838] - DataValue : 5
[INFO ][2015-11-02 18:41:50,948][com.java.SeleniumDriver] [  844] - <In Set values of the page>
[INFO ][2015-11-02 18:41:50,948][com.java.SeleniumDriver] [  847] - {Data Fields & Data Values Exist}
[INFO ][2015-11-02 18:41:50,948][com.java.SeleniumDriver] [  849] - --------------------------setting values-----------------------------
[INFO ][2015-11-02 18:41:50,948][com.java.SeleniumDriver] [  852] - Action Type : WAITFORELEMENT
[INFO ][2015-11-02 18:41:51,132][com.java.SeleniumDriver] [  861] -  RESULT true
[INFO ][2015-11-02 18:41:51,132][com.java.SeleniumDriver] [ 1066] - ?   P A S S   ?
[INFO ][2015-11-02 18:41:51,132][com.java.SeleniumDriver] [  788] - ------------------------------------------
[INFO ][2015-11-02 18:41:51,132][com.java.SeleniumDriver] [  789] - Test case being Executed: 12
[INFO ][2015-11-02 18:41:51,132][com.java.SeleniumDriver] [  800] - Test step:17
[INFO ][2015-11-02 18:41:51,132][com.java.SeleniumDriver] [  812] - Datavalue is----------HMVIndicatorName
[INFO ][2015-11-02 18:41:51,132][com.java.SeleniumDriver] [  836] - DataField : MSG
[INFO ][2015-11-02 18:41:51,133][com.java.SeleniumDriver] [  838] - DataValue : HMVIndicatorName
[INFO ][2015-11-02 18:41:51,133][com.java.SeleniumDriver] [  844] - <In Set values of the page>
[INFO ][2015-11-02 18:41:51,133][com.java.SeleniumDriver] [  847] - {Data Fields & Data Values Exist}
[INFO ][2015-11-02 18:41:51,133][com.java.SeleniumDriver] [  849] - --------------------------setting values-----------------------------
[INFO ][2015-11-02 18:41:51,133][com.java.SeleniumDriver] [  852] - Action Type : VERIFY
[INFO ][2015-11-02 18:41:51,133][com.java.TestType] [ 4875] - field= MSG value= HMVIndicatorName
[INFO ][2015-11-02 18:41:51,133][com.java.TestType] [ 3749] - value = 
[DEBUG][2015-11-02 18:41:51,134][com.java.TestType] [ 5452] - value :: 
[INFO ][2015-11-02 18:41:51,217][com.java.SeleniumDriver] [  861] -  RESULT true
[INFO ][2015-11-02 18:41:51,217][com.java.SeleniumDriver] [ 1066] - ?   P A S S   ?
[INFO ][2015-11-02 18:41:51,217][com.java.SeleniumDriver] [  788] - ------------------------------------------
[INFO ][2015-11-02 18:41:51,217][com.java.SeleniumDriver] [  789] - Test case being Executed: 12
[INFO ][2015-11-02 18:41:51,217][com.java.SeleniumDriver] [  800] - Test step:18
[INFO ][2015-11-02 18:41:51,217][com.java.SeleniumDriver] [  812] - Datavalue is----------null
[DEBUG][2015-11-02 18:41:51,217][com.java.SeleniumDriver] [  830] - Exception: null
[INFO ][2015-11-02 18:41:51,217][com.java.SeleniumDriver] [  836] - DataField : XPH//span[contains(text(), 'Finished')]
[INFO ][2015-11-02 18:41:51,217][com.java.SeleniumDriver] [  838] - DataValue : 
[INFO ][2015-11-02 18:41:51,217][com.java.SeleniumDriver] [  844] - <In Set values of the page>
[INFO ][2015-11-02 18:41:51,217][com.java.SeleniumDriver] [  847] - {Data Fields & Data Values Exist}
[INFO ][2015-11-02 18:41:51,217][com.java.SeleniumDriver] [  849] - --------------------------setting values-----------------------------
[INFO ][2015-11-02 18:41:51,218][com.java.SeleniumDriver] [  852] - Action Type : CLICK
[INFO ][2015-11-02 18:41:51,218][com.java.TestType] [ 4062] - Field ::XPH//span[contains(text(), 'Finished')]
[INFO ][2015-11-02 18:41:52,218][com.java.TestType] [ 4121] - BEFORE CLICK
[INFO ][2015-11-02 18:41:53,138][com.java.TestType] [ 4129] - Unable to click the object null
[INFO ][2015-11-02 18:41:53,138][com.java.SeleniumDriver] [  861] -  RESULT true
[INFO ][2015-11-02 18:41:53,138][com.java.SeleniumDriver] [ 1066] - ?   P A S S   ?
[INFO ][2015-11-02 18:41:53,138][com.java.SeleniumDriver] [  788] - ------------------------------------------
[INFO ][2015-11-02 18:41:53,138][com.java.SeleniumDriver] [  789] - Test case being Executed: 12
[INFO ][2015-11-02 18:41:53,138][com.java.SeleniumDriver] [  800] - Test step:19
[INFO ][2015-11-02 18:41:53,138][com.java.SeleniumDriver] [  812] - Datavalue is----------5
[INFO ][2015-11-02 18:41:53,138][com.java.SeleniumDriver] [  836] - DataField : BTNdashboardModule.0
[INFO ][2015-11-02 18:41:53,138][com.java.SeleniumDriver] [  838] - DataValue : 5
[INFO ][2015-11-02 18:41:53,138][com.java.SeleniumDriver] [  844] - <In Set values of the page>
[INFO ][2015-11-02 18:41:53,138][com.java.SeleniumDriver] [  847] - {Data Fields & Data Values Exist}
[INFO ][2015-11-02 18:41:53,138][com.java.SeleniumDriver] [  849] - --------------------------setting values-----------------------------
[INFO ][2015-11-02 18:41:53,139][com.java.SeleniumDriver] [  852] - Action Type : WAITFORELEMENT
[INFO ][2015-11-02 18:41:54,377][com.java.SeleniumDriver] [  861] -  RESULT true
[INFO ][2015-11-02 18:41:54,377][com.java.SeleniumDriver] [ 1066] - ?   P A S S   ?
[INFO ][2015-11-02 18:41:54,377][com.java.SeleniumDriver] [  788] - ------------------------------------------
[INFO ][2015-11-02 18:41:54,377][com.java.SeleniumDriver] [  789] - Test case being Executed: 12
[INFO ][2015-11-02 18:41:54,377][com.java.SeleniumDriver] [  800] - Test step:20
[INFO ][2015-11-02 18:41:54,377][com.java.SeleniumDriver] [  812] - Datavalue is----------dashboardModule.0
[INFO ][2015-11-02 18:41:54,377][com.java.SeleniumDriver] [  836] - DataField : BTN
[INFO ][2015-11-02 18:41:54,377][com.java.SeleniumDriver] [  838] - DataValue : dashboardModule.0
[INFO ][2015-11-02 18:41:54,377][com.java.SeleniumDriver] [  844] - <In Set values of the page>
[INFO ][2015-11-02 18:41:54,378][com.java.SeleniumDriver] [  847] - {Data Fields & Data Values Exist}
[INFO ][2015-11-02 18:41:54,378][com.java.SeleniumDriver] [  849] - --------------------------setting values-----------------------------
[INFO ][2015-11-02 18:41:54,378][com.java.SeleniumDriver] [  852] - Action Type : VERIFY
[INFO ][2015-11-02 18:41:54,378][com.java.TestType] [ 4875] - field= BTN value= dashboardModule.0
[INFO ][2015-11-02 18:41:54,378][com.java.TestType] [ 3749] - value = dashboardModule.0
[INFO ][2015-11-02 18:41:55,595][com.java.SeleniumDriver] [  861] -  RESULT true
[INFO ][2015-11-02 18:41:55,595][com.java.SeleniumDriver] [ 1066] - ?   P A S S   ?
[INFO ][2015-11-02 18:41:55,595][com.java.SeleniumDriver] [  788] - ------------------------------------------
[INFO ][2015-11-02 18:41:55,595][com.java.SeleniumDriver] [  789] - Test case being Executed: 12
[INFO ][2015-11-02 18:41:55,595][com.java.SeleniumDriver] [  800] - Test step:21
[INFO ][2015-11-02 18:41:55,595][com.java.SeleniumDriver] [  812] - Datavalue is----------HMVIndicatorName
[INFO ][2015-11-02 18:41:55,595][com.java.SeleniumDriver] [  836] - DataField : MSG
[INFO ][2015-11-02 18:41:55,595][com.java.SeleniumDriver] [  838] - DataValue : HMVIndicatorName
[INFO ][2015-11-02 18:41:55,595][com.java.SeleniumDriver] [  844] - <In Set values of the page>
[INFO ][2015-11-02 18:41:55,596][com.java.SeleniumDriver] [  847] - {Data Fields & Data Values Exist}
[INFO ][2015-11-02 18:41:55,596][com.java.SeleniumDriver] [  849] - --------------------------setting values-----------------------------
[INFO ][2015-11-02 18:41:55,596][com.java.SeleniumDriver] [  852] - Action Type : VERIFY
[INFO ][2015-11-02 18:41:55,596][com.java.TestType] [ 4875] - field= MSG value= HMVIndicatorName
[INFO ][2015-11-02 18:41:55,596][com.java.TestType] [ 3749] - value = 
[DEBUG][2015-11-02 18:41:55,596][com.java.TestType] [ 5452] - value :: 
[INFO ][2015-11-02 18:41:55,649][com.java.SeleniumDriver] [  861] -  RESULT true
[INFO ][2015-11-02 18:41:55,649][com.java.SeleniumDriver] [ 1066] - ?   P A S S   ?
[INFO ][2015-11-02 18:41:55,649][com.java.SeleniumDriver] [  788] - ------------------------------------------
[INFO ][2015-11-02 18:41:55,650][com.java.SeleniumDriver] [  789] - Test case being Executed: 12
[INFO ][2015-11-02 18:41:55,650][com.java.SeleniumDriver] [  800] - Test step:22
[INFO ][2015-11-02 18:41:55,650][com.java.SeleniumDriver] [  812] - Datavalue is----------null
[DEBUG][2015-11-02 18:41:55,650][com.java.SeleniumDriver] [  830] - Exception: null
[INFO ][2015-11-02 18:41:55,650][com.java.SeleniumDriver] [  836] - DataField : Settings&&Customize&&//ul[@id='Customize']/li[@data-id="MyDashboard"]
[INFO ][2015-11-02 18:41:55,650][com.java.SeleniumDriver] [  838] - DataValue : 
[INFO ][2015-11-02 18:41:55,650][com.java.SeleniumDriver] [  844] - <In Set values of the page>
[INFO ][2015-11-02 18:41:55,650][com.java.SeleniumDriver] [  847] - {Data Fields & Data Values Exist}
[INFO ][2015-11-02 18:41:55,650][com.java.SeleniumDriver] [  849] - --------------------------setting values-----------------------------
[INFO ][2015-11-02 18:41:55,650][com.java.SeleniumDriver] [  852] - Action Type : MOUSEOVER
[INFO ][2015-11-02 18:42:07,126][com.java.SeleniumDriver] [  861] -  RESULT true
[INFO ][2015-11-02 18:42:07,126][com.java.SeleniumDriver] [ 1066] - ?   P A S S   ?
[INFO ][2015-11-02 18:42:07,126][com.java.SeleniumDriver] [  788] - ------------------------------------------
[INFO ][2015-11-02 18:42:07,126][com.java.SeleniumDriver] [  789] - Test case being Executed: 12
[INFO ][2015-11-02 18:42:07,126][com.java.SeleniumDriver] [  800] - Test step:23
[INFO ][2015-11-02 18:42:07,126][com.java.SeleniumDriver] [  812] - Datavalue is----------5
[INFO ][2015-11-02 18:42:07,126][com.java.SeleniumDriver] [  836] - DataField : XPH//span[contains(text(), 'Finished')]
[INFO ][2015-11-02 18:42:07,126][com.java.SeleniumDriver] [  838] - DataValue : 5
[INFO ][2015-11-02 18:42:07,126][com.java.SeleniumDriver] [  844] - <In Set values of the page>
[INFO ][2015-11-02 18:42:07,126][com.java.SeleniumDriver] [  847] - {Data Fields & Data Values Exist}
[INFO ][2015-11-02 18:42:07,126][com.java.SeleniumDriver] [  849] - --------------------------setting values-----------------------------
[INFO ][2015-11-02 18:42:07,126][com.java.SeleniumDriver] [  852] - Action Type : WAITFORELEMENT
[INFO ][2015-11-02 18:42:07,170][com.java.SeleniumDriver] [  861] -  RESULT true
[INFO ][2015-11-02 18:42:07,170][com.java.SeleniumDriver] [ 1066] - ?   P A S S   ?
[INFO ][2015-11-02 18:42:07,170][com.java.SeleniumDriver] [  788] - ------------------------------------------
[INFO ][2015-11-02 18:42:07,170][com.java.SeleniumDriver] [  789] - Test case being Executed: 12
[INFO ][2015-11-02 18:42:07,170][com.java.SeleniumDriver] [  800] - Test step:24
[INFO ][2015-11-02 18:42:07,171][com.java.SeleniumDriver] [  812] - Datavalue is----------frameDialogContent
[INFO ][2015-11-02 18:42:07,171][com.java.SeleniumDriver] [  836] - DataField : BTN
[INFO ][2015-11-02 18:42:07,171][com.java.SeleniumDriver] [  838] - DataValue : frameDialogContent
[INFO ][2015-11-02 18:42:07,171][com.java.SeleniumDriver] [  844] - <In Set values of the page>
[INFO ][2015-11-02 18:42:07,171][com.java.SeleniumDriver] [  847] - {Data Fields & Data Values Exist}
[INFO ][2015-11-02 18:42:07,171][com.java.SeleniumDriver] [  849] - --------------------------setting values-----------------------------
[INFO ][2015-11-02 18:42:07,171][com.java.SeleniumDriver] [  852] - Action Type : SELECTFRAMEBYNAME
[INFO ][2015-11-02 18:42:07,171][com.java.TestType] [ 3749] - value = frameDialogContent
[INFO ][2015-11-02 18:42:07,238][com.java.SeleniumDriver] [  861] -  RESULT true
[INFO ][2015-11-02 18:42:07,238][com.java.SeleniumDriver] [ 1066] - ?   P A S S   ?
[INFO ][2015-11-02 18:42:07,238][com.java.SeleniumDriver] [  788] - ------------------------------------------
[INFO ][2015-11-02 18:42:07,238][com.java.SeleniumDriver] [  789] - Test case being Executed: 12
[INFO ][2015-11-02 18:42:07,238][com.java.SeleniumDriver] [  800] - Test step:25
[INFO ][2015-11-02 18:42:07,238][com.java.SeleniumDriver] [  812] - Datavalue is----------null
[DEBUG][2015-11-02 18:42:07,238][com.java.SeleniumDriver] [  830] - Exception: null
[INFO ][2015-11-02 18:42:07,238][com.java.SeleniumDriver] [  836] - DataField : XPH//table[@id='tblIndicators']/tbody/tr[last()]/td[last()]/span[1]
[INFO ][2015-11-02 18:42:07,238][com.java.SeleniumDriver] [  838] - DataValue : 
[INFO ][2015-11-02 18:42:07,238][com.java.SeleniumDriver] [  844] - <In Set values of the page>
[INFO ][2015-11-02 18:42:07,238][com.java.SeleniumDriver] [  847] - {Data Fields & Data Values Exist}
[INFO ][2015-11-02 18:42:07,238][com.java.SeleniumDriver] [  849] - --------------------------setting values-----------------------------
[INFO ][2015-11-02 18:42:07,239][com.java.SeleniumDriver] [  852] - Action Type : CLICK
[INFO ][2015-11-02 18:42:07,239][com.java.TestType] [ 4062] - Field ::XPH//table[@id='tblIndicators']/tbody/tr[last()]/td[last()]/span[1]
[INFO ][2015-11-02 18:42:08,239][com.java.TestType] [ 4121] - BEFORE CLICK
[INFO ][2015-11-02 18:42:09,578][com.java.TestType] [ 4129] - Unable to click the object null
[INFO ][2015-11-02 18:42:09,578][com.java.SeleniumDriver] [  861] -  RESULT true
[INFO ][2015-11-02 18:42:09,578][com.java.SeleniumDriver] [ 1066] - ?   P A S S   ?
[INFO ][2015-11-02 18:42:09,578][com.java.SeleniumDriver] [  788] - ------------------------------------------
[INFO ][2015-11-02 18:42:09,578][com.java.SeleniumDriver] [  789] - Test case being Executed: 12
[INFO ][2015-11-02 18:42:09,578][com.java.SeleniumDriver] [  800] - Test step:26
[INFO ][2015-11-02 18:42:09,578][com.java.SeleniumDriver] [  812] - Datavalue is----------null
[DEBUG][2015-11-02 18:42:09,578][com.java.SeleniumDriver] [  830] - Exception: null
[INFO ][2015-11-02 18:42:09,578][com.java.SeleniumDriver] [  836] - DataField : null
[INFO ][2015-11-02 18:42:09,578][com.java.SeleniumDriver] [  838] - DataValue : 
[INFO ][2015-11-02 18:42:09,578][com.java.SeleniumDriver] [  844] - <In Set values of the page>
[INFO ][2015-11-02 18:42:09,578][com.java.SeleniumDriver] [  847] - {Data Fields & Data Values Exist}
[INFO ][2015-11-02 18:42:09,578][com.java.SeleniumDriver] [  849] - --------------------------setting values-----------------------------
[INFO ][2015-11-02 18:42:09,579][com.java.SeleniumDriver] [  852] - Action Type : WAITTIME
[DEBUG][2015-11-02 18:42:09,579][com.java.TestType] [ 3653] - sleepTime: 10000
[INFO ][2015-11-02 18:42:19,579][com.java.SeleniumDriver] [  861] -  RESULT true
[INFO ][2015-11-02 18:42:19,579][com.java.SeleniumDriver] [ 1066] - ?   P A S S   ?
[INFO ][2015-11-02 18:42:19,579][com.java.SeleniumDriver] [  788] - ------------------------------------------
[INFO ][2015-11-02 18:42:19,579][com.java.SeleniumDriver] [  789] - Test case being Executed: 12
[INFO ][2015-11-02 18:42:19,579][com.java.SeleniumDriver] [  800] - Test step:27
[INFO ][2015-11-02 18:42:19,579][com.java.SeleniumDriver] [  812] - Datavalue is----------null
[DEBUG][2015-11-02 18:42:19,579][com.java.SeleniumDriver] [  830] - Exception: null
[INFO ][2015-11-02 18:42:19,579][com.java.SeleniumDriver] [  836] - DataField : CNF
[INFO ][2015-11-02 18:42:19,579][com.java.SeleniumDriver] [  838] - DataValue : 
[INFO ][2015-11-02 18:42:19,580][com.java.SeleniumDriver] [  844] - <In Set values of the page>
[INFO ][2015-11-02 18:42:19,580][com.java.SeleniumDriver] [  847] - {Data Fields & Data Values Exist}
[INFO ][2015-11-02 18:42:19,580][com.java.SeleniumDriver] [  849] - --------------------------setting values-----------------------------
[INFO ][2015-11-02 18:42:19,580][com.java.SeleniumDriver] [  852] - Action Type : CLICK
[INFO ][2015-11-02 18:42:19,580][com.java.TestType] [ 4062] - Field ::CNF
[ERROR][2015-11-02 18:42:20,683][com.java.TestType] [ 4295] - Exception in click:: No alert is active (WARNING: The server did not provide any stacktrace information)
Command duration or timeout: 102 milliseconds
Build info: version: '2.48.2', revision: '41bccdd', time: '2015-10-09 19:59:12'
System info: host: 'FVTIII438F1D', ip: '172.17.68.34', os.name: 'Windows 7', os.arch: 'x86', os.version: '6.1', java.version: '1.7.0_55'
Session ID: 2e254bff-ceb6-4c88-a102-e0b41fc02ab1
Driver info: org.openqa.selenium.ie.InternetExplorerDriver
Capabilities [{platform=WINDOWS, javascriptEnabled=true, elementScrollBehavior=0, ignoreZoomSetting=false, enablePersistentHover=true, ie.ensureCleanSession=false, browserName=internet explorer, enableElementCacheCleanup=true, unexpectedAlertBehaviour=dismiss, version=11, ie.usePerProcessProxy=false, ignoreProtectedModeSettings=true, cssSelectorsEnabled=true, requireWindowFocus=false, initialBrowserUrl=http://localhost:35969/, handlesAlerts=true, ie.forceCreateProcessApi=false, nativeEvents=true, browserAttachTimeout=0, ie.browserCommandLineSwitches=, takesScreenshot=true}]
[INFO ][2015-11-02 18:42:20,683][com.java.TestType] [ 4299] - Element :::: not found
[INFO ][2015-11-02 18:42:20,683][com.java.SeleniumDriver] [  861] -  RESULT false
[INFO ][2015-11-02 18:42:20,683][com.java.SeleniumDriver] [  908] - ?   F A I L   ?
[INFO ][2015-11-02 18:42:20,684][com.java.SeleniumDriver] [  916] - Browser Type : IE11
[INFO ][2015-11-02 18:42:20,684][com.java.SeleniumDriver] [  917] - Adding Failed case12
[INFO ][2015-11-02 18:42:21,721][com.java.SeleniumDriver] [ 1030] - failedCases = 12
[ERROR][2015-11-02 18:42:21,721][com.java.SeleniumDriver] [ 1516] - Platform Errors : Our apologies...::We have encountered an issue with your request.::Our apologies?:We encountered an issue with your request.
[INFO ][2015-11-02 18:42:21,721][com.java.SeleniumDriver] [ 1520] - Length =3
[ERROR][2015-11-02 18:42:21,721][com.java.SeleniumDriver] [ 1523] - Error 0 = Our apologies...
[ERROR][2015-11-02 18:42:21,894][com.java.SeleniumDriver] [ 1523] - Error 1 = We have encountered an issue with your request.
[ERROR][2015-11-02 18:42:21,907][com.java.SeleniumDriver] [ 1523] - Error 2 = Our apologies?:We encountered an issue with your request.
[DEBUG][2015-11-02 18:42:21,933][com.java.SeleniumDriver] [ 1168] - Case found
[DEBUG][2015-11-02 18:42:21,933][com.java.SeleniumDriver] [ 1173] - Incrementing ReportCounters[0]:2
[INFO ][2015-11-02 18:42:21,933][com.java.SeleniumDriver] [ 1192] - The results are-------------------[12, 27, Add Custom Calculation Indicator to My Dashboard, Fail, 
Test case failed at Step No. :: 27   Error Message ::  Element :::: not found. Screen Shot : D:\BankersDashboard\TestReports\110215\12_110215_184220_IE11.png, Mon Nov 02 18:42:21 IST 2015]
[INFO ][2015-11-02 18:42:21,933][com.java.SeleniumDriver] [ 1196] - End time is-------2 min 13 sec
[INFO ][2015-11-02 18:42:21,933][com.java.SeleniumDriver] [ 1197] - The results are-------------------[12, 27, Add Custom Calculation Indicator to My Dashboard, Fail, 
Test case failed at Step No. :: 27   Error Message ::  Element :::: not found. Screen Shot : D:\BankersDashboard\TestReports\110215\12_110215_184220_IE11.png, Mon Nov 02 18:42:21 IST 2015]
[DEBUG][2015-11-02 18:42:21,933][com.java.ImportnExport.ExportTestResultsExcel] [  222] - testResultPath = D:\BankersDashboard/TestReports/Test Results_BankersDashBoard_110215_184010_IE11_Any Bank USA.xls
[DEBUG][2015-11-02 18:42:21,933][com.java.ImportnExport.ExportTestResultsExcel] [  223] - browser is------------IE11
[DEBUG][2015-11-02 18:42:21,936][com.java.ImportnExport.ExportTestResultsExcel] [  270] - result.size() = 6
[DEBUG][2015-11-02 18:42:21,936][com.java.ImportnExport.ExportTestResultsExcel] [  274] - No of rows in sheet=2
[DEBUG][2015-11-02 18:42:21,936][com.java.ImportnExport.ExportTestResultsExcel] [  301] - ..in export..12
[DEBUG][2015-11-02 18:42:21,936][com.java.ImportnExport.ExportTestResultsExcel] [  301] - ..in export..Add Custom Calculation Indicator to My Dashboard
[DEBUG][2015-11-02 18:42:21,936][com.java.ImportnExport.ExportTestResultsExcel] [  301] - ..in export..Fail
[DEBUG][2015-11-02 18:42:21,936][com.java.ImportnExport.ExportTestResultsExcel] [  301] - ..in export..
Test case failed at Step No. :: 27   Error Message ::  Element :::: not found. Screen Shot : D:\BankersDashboard\TestReports\110215\12_110215_184220_IE11.png
[DEBUG][2015-11-02 18:42:21,936][com.java.ImportnExport.ExportTestResultsExcel] [  301] - ..in export..Mon Nov 02 18:42:21 IST 2015
[INFO ][2015-11-02 18:42:21,938][com.java.SeleniumDriver] [ 1255] - out loop:1 size:2 TestCases:[1, 12] testcases:[1, 12]
[INFO ][2015-11-02 18:42:23,938][com.java.SeleniumDriver] [ 1297] - Total Number of Cases:2
[INFO ][2015-11-02 18:42:23,938][com.java.TemplateGenerator] [  302] - Executed:2
[INFO ][2015-11-02 18:42:23,938][com.java.TemplateGenerator] [  303] - Passed:1
[INFO ][2015-11-02 18:42:23,938][com.java.TemplateGenerator] [  304] - Failed:1
[INFO ][2015-11-02 18:42:23,938][com.java.TemplateGenerator] [  305] - Skipeed:0
[INFO ][2015-11-02 18:42:23,938][com.java.TemplateGenerator] [  306] - Application URL:https://clients-xuat.bankersdashboard.com
[INFO ][2015-11-02 18:42:23,938][com.java.TemplateGenerator] [  307] - Start Time:110215_184010
[INFO ][2015-11-02 18:42:23,938][com.java.TemplateGenerator] [  308] -  Creating HTML Report 
[ERROR][2015-11-02 18:42:23,939][com.java.TemplateGenerator] [  409] - Unparseable date: "Mon Nov 02 06:40:10 IST 2015"
[INFO ][2015-11-02 18:42:23,939][com.java.TemplateGenerator] [  654] -  Exporting case :: 1
[INFO ][2015-11-02 18:42:23,939][com.java.TemplateGenerator] [  654] -  Exporting case :: 12
[INFO ][2015-11-02 18:42:23,946][com.java.SeleniumDriver] [ 1346] - End Time:110215_184223
[INFO ][2015-11-02 18:42:23,946][com.java.SeleniumDriver] [ 1349] - Data in Test Execution Details:{1=PASS, 12=FAILTest case failed at Step No. :: 27   Error Message ::  Element :::: not found}
[INFO ][2015-11-02 18:42:23,946][com.java.SeleniumDriver] [ 1350] - Data in Failed Execution Deatils:{}
[INFO ][2015-11-02 18:42:23,946][com.java.SeleniumDriver] [ 1352] - ReportCounter:Total:2 :: PASS: 1 ::FAIL: 1
[INFO ][2015-11-02 18:42:23,946][com.java.SeleniumDriver] [ 1353] - FailedReportCounter:Total:0 :: PASS: 0 ::FAIL: 0
[INFO ][2015-11-02 18:42:23,952][com.java.EmailTestReport] [   63] - Sending report mail details:
[INFO ][2015-11-02 18:42:23,952][com.java.EmailTestReport] [   80] - Excel Report Path:D:\BankersDashboard/TestReports/Test Results_BankersDashBoard_110215_184010_IE11_Any Bank USA.xls
[INFO ][2015-11-02 18:42:23,954][com.java.EmailTestReport] [   81] - HTML Report Path:D:\BankersDashboard//TestReports//Test Results_BankersDashBoard_110215_184010_IE11_Any Bank USA.html
[INFO ][2015-11-02 18:42:23,954][com.java.EmailTestReport] [   82] - smtpHostName:mail01.valuelabs.com
[INFO ][2015-11-02 18:42:23,954][com.java.EmailTestReport] [   83] - Recipient:venkateswararao.gubbala@valuelabs.com
[INFO ][2015-11-02 18:42:23,954][com.java.EmailTestReport] [   84] - From:venkateswararao.gubbala@valuelabs.com
[INFO ][2015-11-02 18:42:23,954][com.java.EmailTestReport] [   85] - Subject:DestinationRewards Automation Test Report - Any Bank USA - IE11
[INFO ][2015-11-02 18:42:23,969][com.java.EmailTestReport] [  143] -  Added venkateswararao.gubbala@valuelabs.com
[INFO ][2015-11-02 18:42:27,350][com.java.SeleniumDriver] [  719] - quitting the browser 
[INFO ][2015-11-02 18:42:28,543][com.java.SeleniumDriver] [  263] - Execution Completed Stopping the thread
