[INFO ][2016-02-05 17:33:00,366][com.java.SeleniumDriver] [  213] - Execute Failed Casesfalse
[INFO ][2016-02-05 17:33:00,366][com.java.SeleniumDriver] [  214] - Browser: IE10
[INFO ][2016-02-05 17:33:00,366][com.java.SeleniumDriver] [  215] - [1, 2]
[INFO ][2016-02-05 17:33:00,366][com.java.SeleniumDriver] [  216] - Total TestCases:2
[INFO ][2016-02-05 17:33:00,366][com.java.SeleniumDriver] [  217] -  Reading Properties from Property File 
[DEBUG][2016-02-05 17:33:00,367][com.java.SeleniumDriver] [  238] - url : https://clients-xuat.bankersdashboard.com
[INFO ][2016-02-05 17:33:00,368][com.java.ImportnExport.ExportTestResultsExcel] [  116] - Time Stamp Fri Feb 05 05:33:00 IST 2016
[INFO ][2016-02-05 17:33:00,368][com.java.ImportnExport.ExportTestResultsExcel] [  175] - OUT FILE : D:\BankersDashboard/TestReports/Test Results_BankersDashBoard_020516_173300_IE10_Bank of North Carolina.xls
[INFO ][2016-02-05 17:33:00,398][com.java.ImportnExport.ExportTestResultsExcel] [  180] - Test Result file is created
[DEBUG][2016-02-05 17:33:00,505][com.java.SeleniumDriver] [  426] - Hub ip address is-------172.17.68.34
[INFO ][2016-02-05 17:33:00,506][com.java.SeleniumDriver] [  452] - Grid URL:http://172.17.68.34:4444/wd/hub
[INFO ][2016-02-05 17:33:00,506][com.java.SeleniumDriver] [  453] - Capability:Capabilities [{platform=ANY, ensureCleanSession=true, ignoreProtectedModeSettings=true, acceptSslCerts=true, ignoreZoomSetting=true, browserName=internet explorer, browserstack.ie.noFlash=true, version=null}]
[ERROR][2016-02-05 17:33:01,840][com.java.SeleniumDriver] [  498] - Unable invoke browser in grid:Could not start a new session. Possible causes are invalid address of the remote server or browser start-up failure.
Build info: version: '2.48.2', revision: '41bccdd', time: '2015-10-09 19:59:12'
System info: host: 'FVTIII438F1D', ip: '172.17.68.34', os.name: 'Windows 7', os.arch: 'x86', os.version: '6.1', java.version: '1.7.0_55'
Driver info: driver.version: SeleniumDriver
[INFO ][2016-02-05 17:33:01,841][com.java.SeleniumDriver] [  500] - Executing on local machine
[INFO ][2016-02-05 17:33:13,991][com.java.SeleniumDriver] [  248] - IE10is opened
[INFO ][2016-02-05 17:33:14,835][com.java.SeleniumDriver] [  756] - Test cases to be executed are: [1, 2]
[INFO ][2016-02-05 17:33:14,861][com.java.ImportnExport.ImportTestDataDetailsExcel] [   49] - test data details path===== D:\BankersDashboard\TestInputs\TestData.xls
[INFO ][2016-02-05 17:33:15,107][com.java.SeleniumDriver] [  856] - ------------------------------------------
[INFO ][2016-02-05 17:33:15,107][com.java.SeleniumDriver] [  857] - Test case being Executed: 1
[INFO ][2016-02-05 17:33:15,107][com.java.SeleniumDriver] [  869] - Test step:1
[INFO ][2016-02-05 17:33:15,107][com.java.SeleniumDriver] [  881] - Datavalue is----------Concept#1:1-16
[INFO ][2016-02-05 17:33:15,108][com.java.SeleniumDriver] [  905] - DataField : test
[INFO ][2016-02-05 17:33:15,108][com.java.SeleniumDriver] [  907] - DataValue : Concept#1:1-16
[INFO ][2016-02-05 17:33:15,108][com.java.SeleniumDriver] [  913] - <In Set values of the page>
[INFO ][2016-02-05 17:33:15,108][com.java.SeleniumDriver] [  916] - {Data Fields & Data Values Exist}
[INFO ][2016-02-05 17:33:15,108][com.java.SeleniumDriver] [  918] - --------------------------setting values-----------------------------
[INFO ][2016-02-05 17:33:15,108][com.java.SeleniumDriver] [  921] - Action Type : ExecuteTestCase
[INFO ][2016-02-05 17:33:15,126][com.java.TestType] [  448] - The Concept sheet name is ---------- Concept
[INFO ][2016-02-05 17:33:15,126][com.java.TestType] [  451] - The Concept ID  is ---------- 1
[DEBUG][2016-02-05 17:33:15,126][com.java.TestType] [  455] - Steps being executted in the Concept are: 1:16
[INFO ][2016-02-05 17:33:15,127][com.java.TestType] [  462] - Test data details path ---------- D:\BankersDashboard\TestInputs\TestData.xls
[INFO ][2016-02-05 17:33:15,640][com.java.TestType] [  493] -  str(1) = 1
[INFO ][2016-02-05 17:33:15,640][com.java.TestType] [  496] - Test case Id is---1
[INFO ][2016-02-05 17:33:15,640][com.java.TestType] [  498] - 1
[INFO ][2016-02-05 17:33:15,640][com.java.TestType] [  493] -  str(2) = 1
[INFO ][2016-02-05 17:33:15,643][com.java.TestType] [  493] -  str(1) = 1
[INFO ][2016-02-05 17:33:15,643][com.java.TestType] [  496] - Test case Id is---1
[INFO ][2016-02-05 17:33:15,643][com.java.TestType] [  498] - 1
[INFO ][2016-02-05 17:33:15,643][com.java.TestType] [  493] -  str(2) = 2
[INFO ][2016-02-05 17:33:15,644][com.java.TestType] [  493] -  str(1) = 1
[INFO ][2016-02-05 17:33:15,644][com.java.TestType] [  496] - Test case Id is---1
[INFO ][2016-02-05 17:33:15,644][com.java.TestType] [  498] - 1
[INFO ][2016-02-05 17:33:15,644][com.java.TestType] [  493] -  str(2) = 3
[INFO ][2016-02-05 17:33:15,646][com.java.TestType] [  493] -  str(1) = 1
[INFO ][2016-02-05 17:33:15,647][com.java.TestType] [  496] - Test case Id is---1
[INFO ][2016-02-05 17:33:15,647][com.java.TestType] [  498] - 1
[INFO ][2016-02-05 17:33:15,647][com.java.TestType] [  493] -  str(2) = 4
[INFO ][2016-02-05 17:33:15,649][com.java.TestType] [  493] -  str(1) = 1
[INFO ][2016-02-05 17:33:15,649][com.java.TestType] [  496] - Test case Id is---1
[INFO ][2016-02-05 17:33:15,649][com.java.TestType] [  498] - 1
[INFO ][2016-02-05 17:33:15,649][com.java.TestType] [  493] -  str(2) = 5
[INFO ][2016-02-05 17:33:15,650][com.java.TestType] [  493] -  str(1) = 1
[INFO ][2016-02-05 17:33:15,650][com.java.TestType] [  496] - Test case Id is---1
[INFO ][2016-02-05 17:33:15,650][com.java.TestType] [  498] - 1
[INFO ][2016-02-05 17:33:15,650][com.java.TestType] [  493] -  str(2) = 6
[INFO ][2016-02-05 17:33:15,651][com.java.TestType] [  493] -  str(1) = 1
[INFO ][2016-02-05 17:33:15,651][com.java.TestType] [  496] - Test case Id is---1
[INFO ][2016-02-05 17:33:15,651][com.java.TestType] [  498] - 1
[INFO ][2016-02-05 17:33:15,651][com.java.TestType] [  493] -  str(2) = 7
[INFO ][2016-02-05 17:33:15,652][com.java.TestType] [  493] -  str(1) = 1
[INFO ][2016-02-05 17:33:15,652][com.java.TestType] [  496] - Test case Id is---1
[INFO ][2016-02-05 17:33:15,652][com.java.TestType] [  498] - 1
[INFO ][2016-02-05 17:33:15,652][com.java.TestType] [  493] -  str(2) = 8
[INFO ][2016-02-05 17:33:15,653][com.java.TestType] [  493] -  str(1) = 1
[INFO ][2016-02-05 17:33:15,653][com.java.TestType] [  496] - Test case Id is---1
[INFO ][2016-02-05 17:33:15,653][com.java.TestType] [  498] - 1
[INFO ][2016-02-05 17:33:15,653][com.java.TestType] [  493] -  str(2) = 9
[INFO ][2016-02-05 17:33:15,654][com.java.TestType] [  493] -  str(1) = 1
[INFO ][2016-02-05 17:33:15,654][com.java.TestType] [  496] - Test case Id is---1
[INFO ][2016-02-05 17:33:15,654][com.java.TestType] [  498] - 1
[INFO ][2016-02-05 17:33:15,654][com.java.TestType] [  493] -  str(2) = 10
[INFO ][2016-02-05 17:33:15,655][com.java.TestType] [  493] -  str(1) = 1
[INFO ][2016-02-05 17:33:15,655][com.java.TestType] [  496] - Test case Id is---1
[INFO ][2016-02-05 17:33:15,655][com.java.TestType] [  498] - 1
[INFO ][2016-02-05 17:33:15,655][com.java.TestType] [  493] -  str(2) = 11
[INFO ][2016-02-05 17:33:15,657][com.java.TestType] [  493] -  str(1) = 1
[INFO ][2016-02-05 17:33:15,658][com.java.TestType] [  496] - Test case Id is---1
[INFO ][2016-02-05 17:33:15,658][com.java.TestType] [  498] - 1
[INFO ][2016-02-05 17:33:15,658][com.java.TestType] [  493] -  str(2) = 12
[INFO ][2016-02-05 17:33:15,658][com.java.TestType] [  493] -  str(1) = 1
[INFO ][2016-02-05 17:33:15,659][com.java.TestType] [  496] - Test case Id is---1
[INFO ][2016-02-05 17:33:15,659][com.java.TestType] [  498] - 1
[INFO ][2016-02-05 17:33:15,659][com.java.TestType] [  493] -  str(2) = 13
[INFO ][2016-02-05 17:33:15,660][com.java.TestType] [  493] -  str(1) = 1
[INFO ][2016-02-05 17:33:15,660][com.java.TestType] [  496] - Test case Id is---1
[INFO ][2016-02-05 17:33:15,660][com.java.TestType] [  498] - 1
[INFO ][2016-02-05 17:33:15,660][com.java.TestType] [  493] -  str(2) = 14
[INFO ][2016-02-05 17:33:15,660][com.java.TestType] [  493] -  str(1) = 1
[INFO ][2016-02-05 17:33:15,661][com.java.TestType] [  496] - Test case Id is---1
[INFO ][2016-02-05 17:33:15,661][com.java.TestType] [  498] - 1
[INFO ][2016-02-05 17:33:15,661][com.java.TestType] [  493] -  str(2) = 15
[INFO ][2016-02-05 17:33:15,661][com.java.TestType] [  493] -  str(1) = 1
[INFO ][2016-02-05 17:33:15,661][com.java.TestType] [  496] - Test case Id is---1
[INFO ][2016-02-05 17:33:15,662][com.java.TestType] [  498] - 1
[INFO ][2016-02-05 17:33:15,662][com.java.TestType] [  493] -  str(2) = 16
[INFO ][2016-02-05 17:33:15,662][com.java.TestType] [12089] - Looping 1TCID = 1
[DEBUG][2016-02-05 17:33:15,662][com.java.TestType] [12130] - Concept ID:1 :: Step being Executed: 1::1
[INFO ][2016-02-05 17:33:15,663][com.java.TestType] [12168] - dataFields : TXTusername
[DEBUG][2016-02-05 17:33:15,663][com.java.TestType] [12174] - <In Set values of the page>
[DEBUG][2016-02-05 17:33:15,663][com.java.TestType] [12179] - {Data Fields & Data Values Exist}
[INFO ][2016-02-05 17:33:15,663][com.java.TestType] [12185] - --------------------------setting values-----------------------------
[INFO ][2016-02-05 17:33:15,663][com.java.TestType] [12188] - Action Type : CLEARANDENTER
[INFO ][2016-02-05 17:33:17,974][com.java.TestType] [ 6727] - value = valuelabs.ie10.33527
[INFO ][2016-02-05 17:33:20,388][com.java.TestType] [12207] -  RESULT true
[INFO ][2016-02-05 17:33:20,388][com.java.TestType] [12324] - ?   P A S S   ?
[DEBUG][2016-02-05 17:33:20,389][com.java.TestType] [12130] - Concept ID:1 :: Step being Executed: 1::2
[INFO ][2016-02-05 17:33:20,389][com.java.TestType] [12168] - dataFields : TXTpassword
[DEBUG][2016-02-05 17:33:20,389][com.java.TestType] [12174] - <In Set values of the page>
[DEBUG][2016-02-05 17:33:20,389][com.java.TestType] [12179] - {Data Fields & Data Values Exist}
[INFO ][2016-02-05 17:33:20,389][com.java.TestType] [12185] - --------------------------setting values-----------------------------
[INFO ][2016-02-05 17:33:20,389][com.java.TestType] [12188] - Action Type : CLEARANDENTER
[INFO ][2016-02-05 17:33:22,681][com.java.TestType] [ 6727] - value = Password1*
[INFO ][2016-02-05 17:33:25,231][com.java.TestType] [12207] -  RESULT true
[INFO ][2016-02-05 17:33:25,231][com.java.TestType] [12324] - ?   P A S S   ?
[DEBUG][2016-02-05 17:33:25,232][com.java.TestType] [12130] - Concept ID:1 :: Step being Executed: 1::3
[ERROR][2016-02-05 17:33:25,232][com.java.TestType] [12163] - Exception: null
[INFO ][2016-02-05 17:33:25,232][com.java.TestType] [12168] - dataFields : XPH//button[@type='submit']
[DEBUG][2016-02-05 17:33:25,232][com.java.TestType] [12174] - <In Set values of the page>
[DEBUG][2016-02-05 17:33:25,232][com.java.TestType] [12179] - {Data Fields & Data Values Exist}
[INFO ][2016-02-05 17:33:25,232][com.java.TestType] [12185] - --------------------------setting values-----------------------------
[INFO ][2016-02-05 17:33:25,232][com.java.TestType] [12188] - Action Type : Click
[INFO ][2016-02-05 17:33:25,232][com.java.TestType] [ 7122] - Field ::XPH//button[@type='submit']
[INFO ][2016-02-05 17:33:25,232][com.java.TestType] [ 6727] - value = 
[INFO ][2016-02-05 17:33:26,233][com.java.TestType] [ 7299] - BEFORE CLICK
[INFO ][2016-02-05 17:33:27,089][com.java.TestType] [ 7307] - Unable to click the object Login
[INFO ][2016-02-05 17:33:27,089][com.java.TestType] [12207] -  RESULT true
[INFO ][2016-02-05 17:33:27,089][com.java.TestType] [12324] - ?   P A S S   ?
[DEBUG][2016-02-05 17:33:27,089][com.java.TestType] [12130] - Concept ID:1 :: Step being Executed: 1::4
[INFO ][2016-02-05 17:33:27,089][com.java.TestType] [12168] - dataFields : LNKLogout
[DEBUG][2016-02-05 17:33:27,089][com.java.TestType] [12174] - <In Set values of the page>
[DEBUG][2016-02-05 17:33:27,089][com.java.TestType] [12179] - {Data Fields & Data Values Exist}
[INFO ][2016-02-05 17:33:27,089][com.java.TestType] [12185] - --------------------------setting values-----------------------------
[INFO ][2016-02-05 17:33:27,089][com.java.TestType] [12188] - Action Type : WaitForElement
[INFO ][2016-02-05 17:33:30,769][com.java.TestType] [12207] -  RESULT true
[INFO ][2016-02-05 17:33:30,769][com.java.TestType] [12324] - ?   P A S S   ?
[DEBUG][2016-02-05 17:33:30,769][com.java.TestType] [12130] - Concept ID:1 :: Step being Executed: 1::15
[INFO ][2016-02-05 17:33:30,770][com.java.TestType] [12168] - dataFields : LNK
[DEBUG][2016-02-05 17:33:30,770][com.java.TestType] [12174] - <In Set values of the page>
[DEBUG][2016-02-05 17:33:30,770][com.java.TestType] [12179] - {Data Fields & Data Values Exist}
[INFO ][2016-02-05 17:33:30,770][com.java.TestType] [12185] - --------------------------setting values-----------------------------
[INFO ][2016-02-05 17:33:30,770][com.java.TestType] [12188] - Action Type : Verify
[INFO ][2016-02-05 17:33:30,770][com.java.TestType] [ 8355] - field= LNK value= Logout
[INFO ][2016-02-05 17:33:30,771][com.java.TestType] [ 6727] - value = Logout
[INFO ][2016-02-05 17:33:30,809][com.java.TestType] [12207] -  RESULT true
[INFO ][2016-02-05 17:33:30,809][com.java.TestType] [12324] - ?   P A S S   ?
[DEBUG][2016-02-05 17:33:30,809][com.java.TestType] [12130] - Concept ID:1 :: Step being Executed: 1::16
[INFO ][2016-02-05 17:33:30,810][com.java.TestType] [12168] - dataFields : BTN
[DEBUG][2016-02-05 17:33:30,810][com.java.TestType] [12174] - <In Set values of the page>
[DEBUG][2016-02-05 17:33:30,810][com.java.TestType] [12179] - {Data Fields & Data Values Exist}
[INFO ][2016-02-05 17:33:30,810][com.java.TestType] [12185] - --------------------------setting values-----------------------------
[INFO ][2016-02-05 17:33:30,810][com.java.TestType] [12188] - Action Type : Verify
[INFO ][2016-02-05 17:33:30,810][com.java.TestType] [ 8355] - field= BTN value= //img[contains(@src,'bdlogo.jpg')]
[INFO ][2016-02-05 17:33:30,810][com.java.TestType] [ 6727] - value = //img[contains(@src,'bdlogo.jpg')]
[INFO ][2016-02-05 17:33:30,881][com.java.TestType] [12207] -  RESULT true
[INFO ][2016-02-05 17:33:30,881][com.java.TestType] [12324] - ?   P A S S   ?
[INFO ][2016-02-05 17:33:30,881][com.java.TestType] [12395] - Looping End......
[INFO ][2016-02-05 17:33:30,883][com.java.SeleniumDriver] [  930] -  RESULT true
[INFO ][2016-02-05 17:33:30,883][com.java.SeleniumDriver] [ 1136] - ?   P A S S   ?
[INFO ][2016-02-05 17:33:30,883][com.java.SeleniumDriver] [  856] - ------------------------------------------
[INFO ][2016-02-05 17:33:30,883][com.java.SeleniumDriver] [  857] - Test case being Executed: 1
[INFO ][2016-02-05 17:33:30,883][com.java.SeleniumDriver] [  869] - Test step:2
[INFO ][2016-02-05 17:33:30,883][com.java.SeleniumDriver] [  881] - Datavalue is----------Concept#2:1-2
[INFO ][2016-02-05 17:33:30,883][com.java.SeleniumDriver] [  905] - DataField : test
[INFO ][2016-02-05 17:33:30,883][com.java.SeleniumDriver] [  907] - DataValue : Concept#2:1-2
[INFO ][2016-02-05 17:33:30,883][com.java.SeleniumDriver] [  913] - <In Set values of the page>
[INFO ][2016-02-05 17:33:30,883][com.java.SeleniumDriver] [  916] - {Data Fields & Data Values Exist}
[INFO ][2016-02-05 17:33:30,883][com.java.SeleniumDriver] [  918] - --------------------------setting values-----------------------------
[INFO ][2016-02-05 17:33:30,883][com.java.SeleniumDriver] [  921] - Action Type : ExecuteTestCase
[INFO ][2016-02-05 17:33:30,884][com.java.TestType] [  448] - The Concept sheet name is ---------- Concept
[INFO ][2016-02-05 17:33:30,884][com.java.TestType] [  451] - The Concept ID  is ---------- 2
[DEBUG][2016-02-05 17:33:30,885][com.java.TestType] [  455] - Steps being executted in the Concept are: 1:2
[INFO ][2016-02-05 17:33:30,885][com.java.TestType] [  462] - Test data details path ---------- D:\BankersDashboard\TestInputs\TestData.xls
[INFO ][2016-02-05 17:33:31,429][com.java.TestType] [  493] -  str(1) = 2
[INFO ][2016-02-05 17:33:31,429][com.java.TestType] [  496] - Test case Id is---2
[INFO ][2016-02-05 17:33:31,430][com.java.TestType] [  498] - 2
[INFO ][2016-02-05 17:33:31,430][com.java.TestType] [  493] -  str(2) = 1
[INFO ][2016-02-05 17:33:31,432][com.java.TestType] [  493] -  str(1) = 2
[INFO ][2016-02-05 17:33:31,432][com.java.TestType] [  496] - Test case Id is---2
[INFO ][2016-02-05 17:33:31,432][com.java.TestType] [  498] - 2
[INFO ][2016-02-05 17:33:31,432][com.java.TestType] [  493] -  str(2) = 2
[INFO ][2016-02-05 17:33:31,433][com.java.TestType] [  493] -  str(1) = 2
[INFO ][2016-02-05 17:33:31,433][com.java.TestType] [  496] - Test case Id is---2
[INFO ][2016-02-05 17:33:31,433][com.java.TestType] [  498] - 2
[INFO ][2016-02-05 17:33:31,433][com.java.TestType] [  493] -  str(2) = 3
[INFO ][2016-02-05 17:33:31,434][com.java.TestType] [12089] - Looping 1TCID = 2
[DEBUG][2016-02-05 17:33:31,434][com.java.TestType] [12130] - Concept ID:2 :: Step being Executed: 2::1
[INFO ][2016-02-05 17:33:31,434][com.java.TestType] [12168] - dataFields : BNK//select[@id='bank']
[DEBUG][2016-02-05 17:33:31,434][com.java.TestType] [12174] - <In Set values of the page>
[DEBUG][2016-02-05 17:33:31,434][com.java.TestType] [12179] - {Data Fields & Data Values Exist}
[INFO ][2016-02-05 17:33:31,434][com.java.TestType] [12185] - --------------------------setting values-----------------------------
[INFO ][2016-02-05 17:33:31,434][com.java.TestType] [12188] - Action Type : Select
[INFO ][2016-02-05 17:33:31,434][com.java.TestType] [ 6727] - value = PFC
[INFO ][2016-02-05 17:33:31,651][com.java.TestType] [12207] -  RESULT true
[INFO ][2016-02-05 17:33:31,651][com.java.TestType] [12324] - ?   P A S S   ?
[DEBUG][2016-02-05 17:33:31,651][com.java.TestType] [12130] - Concept ID:2 :: Step being Executed: 2::2
[INFO ][2016-02-05 17:33:31,651][com.java.TestType] [12168] - dataFields : LNKLogout
[DEBUG][2016-02-05 17:33:31,651][com.java.TestType] [12174] - <In Set values of the page>
[DEBUG][2016-02-05 17:33:31,651][com.java.TestType] [12179] - {Data Fields & Data Values Exist}
[INFO ][2016-02-05 17:33:31,652][com.java.TestType] [12185] - --------------------------setting values-----------------------------
[INFO ][2016-02-05 17:33:31,652][com.java.TestType] [12188] - Action Type : WaitTime
[DEBUG][2016-02-05 17:33:31,652][com.java.TestType] [ 6541] - sleepTime: 5000
[INFO ][2016-02-05 17:33:36,652][com.java.TestType] [12207] -  RESULT true
[INFO ][2016-02-05 17:33:36,652][com.java.TestType] [12324] - ?   P A S S   ?
[INFO ][2016-02-05 17:33:36,652][com.java.TestType] [12395] - Looping End......
[INFO ][2016-02-05 17:33:36,653][com.java.SeleniumDriver] [  930] -  RESULT true
[INFO ][2016-02-05 17:33:36,653][com.java.SeleniumDriver] [ 1136] - ?   P A S S   ?
[INFO ][2016-02-05 17:33:36,654][com.java.SeleniumDriver] [  856] - ------------------------------------------
[INFO ][2016-02-05 17:33:36,654][com.java.SeleniumDriver] [  857] - Test case being Executed: 1
[INFO ][2016-02-05 17:33:36,654][com.java.SeleniumDriver] [  869] - Test step:3
[INFO ][2016-02-05 17:33:36,654][com.java.SeleniumDriver] [  881] - Datavalue is----------2
[INFO ][2016-02-05 17:33:36,654][com.java.SeleniumDriver] [  905] - DataField : XPH//button[contains(text(),'Add Content')]
[INFO ][2016-02-05 17:33:36,654][com.java.SeleniumDriver] [  907] - DataValue : 2
[INFO ][2016-02-05 17:33:36,654][com.java.SeleniumDriver] [  913] - <In Set values of the page>
[INFO ][2016-02-05 17:33:36,654][com.java.SeleniumDriver] [  916] - {Data Fields & Data Values Exist}
[INFO ][2016-02-05 17:33:36,654][com.java.SeleniumDriver] [  918] - --------------------------setting values-----------------------------
[INFO ][2016-02-05 17:33:36,654][com.java.SeleniumDriver] [  921] - Action Type : WAITFORELEMENT
[INFO ][2016-02-05 17:33:36,693][com.java.SeleniumDriver] [  930] -  RESULT true
[INFO ][2016-02-05 17:33:36,693][com.java.SeleniumDriver] [ 1136] - ?   P A S S   ?
[DEBUG][2016-02-05 17:33:36,693][com.java.SeleniumDriver] [ 1248] - Case found
[DEBUG][2016-02-05 17:33:36,693][com.java.SeleniumDriver] [ 1253] - Incrementing ReportCounters[0]:1
[INFO ][2016-02-05 17:33:36,694][com.java.SeleniumDriver] [ 1272] - The results are-------------------[1, 1, Valid Login, Pass, , Fri Feb 05 17:33:30 IST 2016, 1, 2, Valid Login, Pass, , Fri Feb 05 17:33:36 IST 2016, 1, 3, Valid Login, Pass, , Fri Feb 05 17:33:36 IST 2016]
[INFO ][2016-02-05 17:33:36,694][com.java.SeleniumDriver] [ 1276] - End time is-------38 sec
[INFO ][2016-02-05 17:33:36,694][com.java.SeleniumDriver] [ 1277] - The results are-------------------[1, 1, Valid Login, Pass, , Fri Feb 05 17:33:30 IST 2016, 1, 2, Valid Login, Pass, , Fri Feb 05 17:33:36 IST 2016, 1, 3, Valid Login, Pass, , Fri Feb 05 17:33:36 IST 2016]
[DEBUG][2016-02-05 17:33:36,694][com.java.ImportnExport.ExportTestResultsExcel] [  222] - testResultPath = D:\BankersDashboard/TestReports/Test Results_BankersDashBoard_020516_173300_IE10_Bank of North Carolina.xls
[DEBUG][2016-02-05 17:33:36,694][com.java.ImportnExport.ExportTestResultsExcel] [  223] - browser is------------IE10
[DEBUG][2016-02-05 17:33:36,740][com.java.ImportnExport.ExportTestResultsExcel] [  270] - result.size() = 18
[DEBUG][2016-02-05 17:33:36,740][com.java.ImportnExport.ExportTestResultsExcel] [  274] - No of rows in sheet=1
[DEBUG][2016-02-05 17:33:36,741][com.java.ImportnExport.ExportTestResultsExcel] [  301] - ..in export..1
[DEBUG][2016-02-05 17:33:36,741][com.java.ImportnExport.ExportTestResultsExcel] [  301] - ..in export..Valid Login
[DEBUG][2016-02-05 17:33:36,741][com.java.ImportnExport.ExportTestResultsExcel] [  301] - ..in export..Pass
[DEBUG][2016-02-05 17:33:36,741][com.java.ImportnExport.ExportTestResultsExcel] [  301] - ..in export..
[DEBUG][2016-02-05 17:33:36,741][com.java.ImportnExport.ExportTestResultsExcel] [  301] - ..in export..Fri Feb 05 17:33:30 IST 2016
[INFO ][2016-02-05 17:33:36,743][com.java.SeleniumDriver] [ 1337] - out loop:0 size:2 TestCases:[1, 2] testcases:[1, 2]
[INFO ][2016-02-05 17:33:36,743][com.java.ImportnExport.ImportTestDataDetailsExcel] [   49] - test data details path===== D:\BankersDashboard\TestInputs\TestData.xls
[INFO ][2016-02-05 17:33:56,479][com.java.SeleniumDriver] [  856] - ------------------------------------------
[INFO ][2016-02-05 17:33:56,479][com.java.SeleniumDriver] [  857] - Test case being Executed: 2
[INFO ][2016-02-05 17:33:56,479][com.java.SeleniumDriver] [  869] - Test step:1
[INFO ][2016-02-05 17:33:56,479][com.java.SeleniumDriver] [  881] - Datavalue is----------Logout
[INFO ][2016-02-05 17:33:56,479][com.java.SeleniumDriver] [  905] - DataField : BTN
[INFO ][2016-02-05 17:33:56,479][com.java.SeleniumDriver] [  907] - DataValue : Logout
[INFO ][2016-02-05 17:33:56,479][com.java.SeleniumDriver] [  913] - <In Set values of the page>
[INFO ][2016-02-05 17:33:56,479][com.java.SeleniumDriver] [  916] - {Data Fields & Data Values Exist}
[INFO ][2016-02-05 17:33:56,479][com.java.SeleniumDriver] [  918] - --------------------------setting values-----------------------------
[INFO ][2016-02-05 17:33:56,479][com.java.SeleniumDriver] [  921] - Action Type : Verify
[INFO ][2016-02-05 17:33:56,479][com.java.TestType] [ 8355] - field= BTN value= Logout
[INFO ][2016-02-05 17:33:56,480][com.java.TestType] [ 6727] - value = Logout
[INFO ][2016-02-05 17:33:56,573][com.java.SeleniumDriver] [  930] -  RESULT true
[INFO ][2016-02-05 17:33:56,573][com.java.SeleniumDriver] [ 1136] - ?   P A S S   ?
[INFO ][2016-02-05 17:33:56,573][com.java.SeleniumDriver] [ 1178] - step change to 3
[INFO ][2016-02-05 17:33:56,574][com.java.SeleniumDriver] [  856] - ------------------------------------------
[INFO ][2016-02-05 17:33:56,574][com.java.SeleniumDriver] [  857] - Test case being Executed: 2
[INFO ][2016-02-05 17:33:56,574][com.java.SeleniumDriver] [  869] - Test step:3
[INFO ][2016-02-05 17:33:56,574][com.java.SeleniumDriver] [  881] - Datavalue is----------Concept#2:1-2
[INFO ][2016-02-05 17:33:56,574][com.java.SeleniumDriver] [  905] - DataField : test
[INFO ][2016-02-05 17:33:56,574][com.java.SeleniumDriver] [  907] - DataValue : Concept#2:1-2
[INFO ][2016-02-05 17:33:56,574][com.java.SeleniumDriver] [  913] - <In Set values of the page>
[INFO ][2016-02-05 17:33:56,574][com.java.SeleniumDriver] [  916] - {Data Fields & Data Values Exist}
[INFO ][2016-02-05 17:33:56,574][com.java.SeleniumDriver] [  918] - --------------------------setting values-----------------------------
[INFO ][2016-02-05 17:33:56,574][com.java.SeleniumDriver] [  921] - Action Type : ExecuteTestCase
[INFO ][2016-02-05 17:33:56,574][com.java.TestType] [  448] - The Concept sheet name is ---------- Concept
[INFO ][2016-02-05 17:33:56,574][com.java.TestType] [  451] - The Concept ID  is ---------- 2
[DEBUG][2016-02-05 17:33:56,574][com.java.TestType] [  455] - Steps being executted in the Concept are: 1:2
[INFO ][2016-02-05 17:33:56,575][com.java.TestType] [  462] - Test data details path ---------- D:\BankersDashboard\TestInputs\TestData.xls
[INFO ][2016-02-05 17:33:57,095][com.java.TestType] [  493] -  str(1) = 2
[INFO ][2016-02-05 17:33:57,096][com.java.TestType] [  496] - Test case Id is---2
[INFO ][2016-02-05 17:33:57,096][com.java.TestType] [  498] - 2
[INFO ][2016-02-05 17:33:57,096][com.java.TestType] [  493] -  str(2) = 1
[INFO ][2016-02-05 17:33:57,097][com.java.TestType] [  493] -  str(1) = 2
[INFO ][2016-02-05 17:33:57,097][com.java.TestType] [  496] - Test case Id is---2
[INFO ][2016-02-05 17:33:57,097][com.java.TestType] [  498] - 2
[INFO ][2016-02-05 17:33:57,097][com.java.TestType] [  493] -  str(2) = 2
[INFO ][2016-02-05 17:33:57,098][com.java.TestType] [  493] -  str(1) = 2
[INFO ][2016-02-05 17:33:57,098][com.java.TestType] [  496] - Test case Id is---2
[INFO ][2016-02-05 17:33:57,098][com.java.TestType] [  498] - 2
[INFO ][2016-02-05 17:33:57,098][com.java.TestType] [  493] -  str(2) = 3
[INFO ][2016-02-05 17:33:57,099][com.java.TestType] [12089] - Looping 1TCID = 2
[DEBUG][2016-02-05 17:33:57,100][com.java.TestType] [12130] - Concept ID:2 :: Step being Executed: 2::1
[INFO ][2016-02-05 17:33:57,100][com.java.TestType] [12168] - dataFields : BNK//select[@id='bank']
[DEBUG][2016-02-05 17:33:57,100][com.java.TestType] [12174] - <In Set values of the page>
[DEBUG][2016-02-05 17:33:57,100][com.java.TestType] [12179] - {Data Fields & Data Values Exist}
[INFO ][2016-02-05 17:33:57,100][com.java.TestType] [12185] - --------------------------setting values-----------------------------
[INFO ][2016-02-05 17:33:57,100][com.java.TestType] [12188] - Action Type : Select
[INFO ][2016-02-05 17:33:57,100][com.java.TestType] [ 6727] - value = PFC
[INFO ][2016-02-05 17:33:57,321][com.java.TestType] [12207] -  RESULT true
[INFO ][2016-02-05 17:33:57,321][com.java.TestType] [12324] - ?   P A S S   ?
[DEBUG][2016-02-05 17:33:57,321][com.java.TestType] [12130] - Concept ID:2 :: Step being Executed: 2::2
[INFO ][2016-02-05 17:33:57,321][com.java.TestType] [12168] - dataFields : LNKLogout
[DEBUG][2016-02-05 17:33:57,322][com.java.TestType] [12174] - <In Set values of the page>
[DEBUG][2016-02-05 17:33:57,322][com.java.TestType] [12179] - {Data Fields & Data Values Exist}
[INFO ][2016-02-05 17:33:57,322][com.java.TestType] [12185] - --------------------------setting values-----------------------------
[INFO ][2016-02-05 17:33:57,322][com.java.TestType] [12188] - Action Type : WaitTime
[DEBUG][2016-02-05 17:33:57,322][com.java.TestType] [ 6541] - sleepTime: 5000
[INFO ][2016-02-05 17:34:02,322][com.java.TestType] [12207] -  RESULT true
[INFO ][2016-02-05 17:34:02,322][com.java.TestType] [12324] - ?   P A S S   ?
[INFO ][2016-02-05 17:34:02,322][com.java.TestType] [12395] - Looping End......
[INFO ][2016-02-05 17:34:02,323][com.java.SeleniumDriver] [  930] -  RESULT true
[INFO ][2016-02-05 17:34:02,323][com.java.SeleniumDriver] [ 1136] - ?   P A S S   ?
[INFO ][2016-02-05 17:34:02,323][com.java.SeleniumDriver] [  856] - ------------------------------------------
[INFO ][2016-02-05 17:34:02,323][com.java.SeleniumDriver] [  857] - Test case being Executed: 2
[INFO ][2016-02-05 17:34:02,323][com.java.SeleniumDriver] [  869] - Test step:4
[INFO ][2016-02-05 17:34:02,323][com.java.SeleniumDriver] [  881] - Datavalue is----------2
[INFO ][2016-02-05 17:34:02,324][com.java.SeleniumDriver] [  905] - DataField : XPH//span[@class='icon-compass']
[INFO ][2016-02-05 17:34:02,324][com.java.SeleniumDriver] [  907] - DataValue : 2
[INFO ][2016-02-05 17:34:02,324][com.java.SeleniumDriver] [  913] - <In Set values of the page>
[INFO ][2016-02-05 17:34:02,324][com.java.SeleniumDriver] [  916] - {Data Fields & Data Values Exist}
[INFO ][2016-02-05 17:34:02,324][com.java.SeleniumDriver] [  918] - --------------------------setting values-----------------------------
[INFO ][2016-02-05 17:34:02,324][com.java.SeleniumDriver] [  921] - Action Type : WaitForElement
[INFO ][2016-02-05 17:34:02,361][com.java.SeleniumDriver] [  930] -  RESULT true
[INFO ][2016-02-05 17:34:02,362][com.java.SeleniumDriver] [ 1136] - ?   P A S S   ?
[INFO ][2016-02-05 17:34:02,362][com.java.SeleniumDriver] [  856] - ------------------------------------------
[INFO ][2016-02-05 17:34:02,362][com.java.SeleniumDriver] [  857] - Test case being Executed: 2
[INFO ][2016-02-05 17:34:02,362][com.java.SeleniumDriver] [  869] - Test step:5
[INFO ][2016-02-05 17:34:02,362][com.java.SeleniumDriver] [  881] - Datavalue is----------2
[INFO ][2016-02-05 17:34:02,362][com.java.SeleniumDriver] [  905] - DataField : XPH//button[contains(@class,'menu-item handle')]
[INFO ][2016-02-05 17:34:02,362][com.java.SeleniumDriver] [  907] - DataValue : 2
[INFO ][2016-02-05 17:34:02,362][com.java.SeleniumDriver] [  913] - <In Set values of the page>
[INFO ][2016-02-05 17:34:02,362][com.java.SeleniumDriver] [  916] - {Data Fields & Data Values Exist}
[INFO ][2016-02-05 17:34:02,362][com.java.SeleniumDriver] [  918] - --------------------------setting values-----------------------------
[INFO ][2016-02-05 17:34:02,362][com.java.SeleniumDriver] [  921] - Action Type : WaitForElement
[INFO ][2016-02-05 17:34:02,398][com.java.SeleniumDriver] [  930] -  RESULT true
[INFO ][2016-02-05 17:34:02,398][com.java.SeleniumDriver] [ 1136] - ?   P A S S   ?
[INFO ][2016-02-05 17:34:02,398][com.java.SeleniumDriver] [  856] - ------------------------------------------
[INFO ][2016-02-05 17:34:02,398][com.java.SeleniumDriver] [  857] - Test case being Executed: 2
[INFO ][2016-02-05 17:34:02,398][com.java.SeleniumDriver] [  869] - Test step:6
[INFO ][2016-02-05 17:34:02,399][com.java.SeleniumDriver] [  881] - Datavalue is----------null
[DEBUG][2016-02-05 17:34:02,399][com.java.SeleniumDriver] [  899] - Exception: null
[INFO ][2016-02-05 17:34:02,399][com.java.SeleniumDriver] [  905] - DataField : XPH//button[contains(@class,'menu-item handle')]
[INFO ][2016-02-05 17:34:02,399][com.java.SeleniumDriver] [  907] - DataValue : 
[INFO ][2016-02-05 17:34:02,399][com.java.SeleniumDriver] [  913] - <In Set values of the page>
[INFO ][2016-02-05 17:34:02,399][com.java.SeleniumDriver] [  916] - {Data Fields & Data Values Exist}
[INFO ][2016-02-05 17:34:02,399][com.java.SeleniumDriver] [  918] - --------------------------setting values-----------------------------
[INFO ][2016-02-05 17:34:02,399][com.java.SeleniumDriver] [  921] - Action Type : Click
[INFO ][2016-02-05 17:34:02,399][com.java.TestType] [ 7122] - Field ::XPH//button[contains(@class,'menu-item handle')]
[INFO ][2016-02-05 17:34:02,399][com.java.TestType] [ 6727] - value = 
[INFO ][2016-02-05 17:34:03,399][com.java.TestType] [ 7299] - BEFORE CLICK
[INFO ][2016-02-05 17:34:04,324][com.java.TestType] [ 7307] - Unable to click the object Collapse Menu
[INFO ][2016-02-05 17:34:04,324][com.java.SeleniumDriver] [  930] -  RESULT true
[INFO ][2016-02-05 17:34:04,324][com.java.SeleniumDriver] [ 1136] - ?   P A S S   ?
[INFO ][2016-02-05 17:34:04,324][com.java.SeleniumDriver] [  856] - ------------------------------------------
[INFO ][2016-02-05 17:34:04,324][com.java.SeleniumDriver] [  857] - Test case being Executed: 2
[INFO ][2016-02-05 17:34:04,324][com.java.SeleniumDriver] [  869] - Test step:7
[INFO ][2016-02-05 17:34:04,324][com.java.SeleniumDriver] [  881] - Datavalue is----------null
[DEBUG][2016-02-05 17:34:04,324][com.java.SeleniumDriver] [  899] - Exception: null
[INFO ][2016-02-05 17:34:04,324][com.java.SeleniumDriver] [  905] - DataField : XPH//button[@id='menu-toggle']
[INFO ][2016-02-05 17:34:04,324][com.java.SeleniumDriver] [  907] - DataValue : 
[INFO ][2016-02-05 17:34:04,325][com.java.SeleniumDriver] [  913] - <In Set values of the page>
[INFO ][2016-02-05 17:34:04,325][com.java.SeleniumDriver] [  916] - {Data Fields & Data Values Exist}
[INFO ][2016-02-05 17:34:04,325][com.java.SeleniumDriver] [  918] - --------------------------setting values-----------------------------
[INFO ][2016-02-05 17:34:04,325][com.java.SeleniumDriver] [  921] - Action Type : Click
[INFO ][2016-02-05 17:34:04,325][com.java.TestType] [ 7122] - Field ::XPH//button[@id='menu-toggle']
[INFO ][2016-02-05 17:34:04,325][com.java.TestType] [ 6727] - value = 
[INFO ][2016-02-05 17:34:05,325][com.java.TestType] [ 7299] - BEFORE CLICK
[INFO ][2016-02-05 17:34:06,352][com.java.TestType] [ 7307] - Unable to click the object Hide left menu 
[INFO ][2016-02-05 17:34:06,352][com.java.SeleniumDriver] [  930] -  RESULT true
[INFO ][2016-02-05 17:34:06,352][com.java.SeleniumDriver] [ 1136] - ?   P A S S   ?
[INFO ][2016-02-05 17:34:06,352][com.java.SeleniumDriver] [  856] - ------------------------------------------
[INFO ][2016-02-05 17:34:06,352][com.java.SeleniumDriver] [  857] - Test case being Executed: 2
[INFO ][2016-02-05 17:34:06,352][com.java.SeleniumDriver] [  869] - Test step:8
[INFO ][2016-02-05 17:34:06,352][com.java.SeleniumDriver] [  881] - Datavalue is----------null
[DEBUG][2016-02-05 17:34:06,352][com.java.SeleniumDriver] [  899] - Exception: null
[INFO ][2016-02-05 17:34:06,352][com.java.SeleniumDriver] [  905] - DataField : XPH//button[@id='menu-toggle']
[INFO ][2016-02-05 17:34:06,352][com.java.SeleniumDriver] [  907] - DataValue : 
[INFO ][2016-02-05 17:34:06,352][com.java.SeleniumDriver] [  913] - <In Set values of the page>
[INFO ][2016-02-05 17:34:06,353][com.java.SeleniumDriver] [  916] - {Data Fields & Data Values Exist}
[INFO ][2016-02-05 17:34:06,353][com.java.SeleniumDriver] [  918] - --------------------------setting values-----------------------------
[INFO ][2016-02-05 17:34:06,353][com.java.SeleniumDriver] [  921] - Action Type : Click
[INFO ][2016-02-05 17:34:06,353][com.java.TestType] [ 7122] - Field ::XPH//button[@id='menu-toggle']
[INFO ][2016-02-05 17:34:06,353][com.java.TestType] [ 6727] - value = 
[INFO ][2016-02-05 17:34:07,353][com.java.TestType] [ 7299] - BEFORE CLICK
[INFO ][2016-02-05 17:34:08,291][com.java.TestType] [ 7307] - Unable to click the object Hide left menu 
[INFO ][2016-02-05 17:34:08,291][com.java.SeleniumDriver] [  930] -  RESULT true
[INFO ][2016-02-05 17:34:08,291][com.java.SeleniumDriver] [ 1136] - ?   P A S S   ?
[INFO ][2016-02-05 17:34:08,291][com.java.SeleniumDriver] [  856] - ------------------------------------------
[INFO ][2016-02-05 17:34:08,291][com.java.SeleniumDriver] [  857] - Test case being Executed: 2
[INFO ][2016-02-05 17:34:08,291][com.java.SeleniumDriver] [  869] - Test step:9
[INFO ][2016-02-05 17:34:08,291][com.java.SeleniumDriver] [  881] - Datavalue is----------null
[DEBUG][2016-02-05 17:34:08,291][com.java.SeleniumDriver] [  899] - Exception: null
[INFO ][2016-02-05 17:34:08,291][com.java.SeleniumDriver] [  905] - DataField : XPH//button[@class='menu-item handle']
[INFO ][2016-02-05 17:34:08,291][com.java.SeleniumDriver] [  907] - DataValue : 
[INFO ][2016-02-05 17:34:08,291][com.java.SeleniumDriver] [  913] - <In Set values of the page>
[INFO ][2016-02-05 17:34:08,291][com.java.SeleniumDriver] [  916] - {Data Fields & Data Values Exist}
[INFO ][2016-02-05 17:34:08,292][com.java.SeleniumDriver] [  918] - --------------------------setting values-----------------------------
[INFO ][2016-02-05 17:34:08,292][com.java.SeleniumDriver] [  921] - Action Type : Click
[INFO ][2016-02-05 17:34:08,292][com.java.TestType] [ 7122] - Field ::XPH//button[@class='menu-item handle']
[INFO ][2016-02-05 17:34:08,292][com.java.TestType] [ 6727] - value = 
[INFO ][2016-02-05 17:34:09,292][com.java.TestType] [ 7299] - BEFORE CLICK
[INFO ][2016-02-05 17:34:10,228][com.java.TestType] [ 7307] - Unable to click the object Expand menu
[INFO ][2016-02-05 17:34:10,228][com.java.SeleniumDriver] [  930] -  RESULT true
[INFO ][2016-02-05 17:34:10,228][com.java.SeleniumDriver] [ 1136] - ?   P A S S   ?
[INFO ][2016-02-05 17:34:10,228][com.java.SeleniumDriver] [  856] - ------------------------------------------
[INFO ][2016-02-05 17:34:10,228][com.java.SeleniumDriver] [  857] - Test case being Executed: 2
[INFO ][2016-02-05 17:34:10,228][com.java.SeleniumDriver] [  869] - Test step:10
[INFO ][2016-02-05 17:34:10,228][com.java.SeleniumDriver] [  881] - Datavalue is----------2
[INFO ][2016-02-05 17:34:10,228][com.java.SeleniumDriver] [  905] - DataField : XPH//span[contains(@class,'glyphicon glyphicon-bell')]
[INFO ][2016-02-05 17:34:10,228][com.java.SeleniumDriver] [  907] - DataValue : 2
[INFO ][2016-02-05 17:34:10,228][com.java.SeleniumDriver] [  913] - <In Set values of the page>
[INFO ][2016-02-05 17:34:10,228][com.java.SeleniumDriver] [  916] - {Data Fields & Data Values Exist}
[INFO ][2016-02-05 17:34:10,228][com.java.SeleniumDriver] [  918] - --------------------------setting values-----------------------------
[INFO ][2016-02-05 17:34:10,229][com.java.SeleniumDriver] [  921] - Action Type : WaitForElement
[INFO ][2016-02-05 17:34:10,276][com.java.SeleniumDriver] [  930] -  RESULT true
[INFO ][2016-02-05 17:34:10,276][com.java.SeleniumDriver] [ 1136] - ?   P A S S   ?
[INFO ][2016-02-05 17:34:10,276][com.java.SeleniumDriver] [  856] - ------------------------------------------
[INFO ][2016-02-05 17:34:10,276][com.java.SeleniumDriver] [  857] - Test case being Executed: 2
[INFO ][2016-02-05 17:34:10,276][com.java.SeleniumDriver] [  869] - Test step:11
[INFO ][2016-02-05 17:34:10,276][com.java.SeleniumDriver] [  881] - Datavalue is----------null
[DEBUG][2016-02-05 17:34:10,276][com.java.SeleniumDriver] [  899] - Exception: null
[INFO ][2016-02-05 17:34:10,277][com.java.SeleniumDriver] [  905] - DataField : XPH//span[contains(@class,'glyphicon glyphicon-bell')]
[INFO ][2016-02-05 17:34:10,277][com.java.SeleniumDriver] [  907] - DataValue : 
[INFO ][2016-02-05 17:34:10,277][com.java.SeleniumDriver] [  913] - <In Set values of the page>
[INFO ][2016-02-05 17:34:10,277][com.java.SeleniumDriver] [  916] - {Data Fields & Data Values Exist}
[INFO ][2016-02-05 17:34:10,277][com.java.SeleniumDriver] [  918] - --------------------------setting values-----------------------------
[INFO ][2016-02-05 17:34:10,277][com.java.SeleniumDriver] [  921] - Action Type : Click
[INFO ][2016-02-05 17:34:10,277][com.java.TestType] [ 7122] - Field ::XPH//span[contains(@class,'glyphicon glyphicon-bell')]
[INFO ][2016-02-05 17:34:10,277][com.java.TestType] [ 6727] - value = 
[INFO ][2016-02-05 17:34:11,277][com.java.TestType] [ 7299] - BEFORE CLICK
[INFO ][2016-02-05 17:34:12,518][com.java.TestType] [ 7307] - Unable to click the object Bell Icon
[INFO ][2016-02-05 17:34:12,518][com.java.SeleniumDriver] [  930] -  RESULT true
[INFO ][2016-02-05 17:34:12,518][com.java.SeleniumDriver] [ 1136] - ?   P A S S   ?
[INFO ][2016-02-05 17:34:12,518][com.java.SeleniumDriver] [  856] - ------------------------------------------
[INFO ][2016-02-05 17:34:12,518][com.java.SeleniumDriver] [  857] - Test case being Executed: 2
[WARN ][2016-02-05 17:34:12,518][com.java.SeleniumDriver] [  861] - -----------------------Step Skipped:: 	TestCaseNo:  2	 StepNo: 12  	::	Action Type:  Click 	::		ClientName In TestData:  "SKIP" 	::	ClientName in config:  "Bank of North Carolina"-----------------------------
[INFO ][2016-02-05 17:34:12,518][com.java.SeleniumDriver] [  856] - ------------------------------------------
[INFO ][2016-02-05 17:34:12,518][com.java.SeleniumDriver] [  857] - Test case being Executed: 2
[INFO ][2016-02-05 17:34:12,518][com.java.SeleniumDriver] [  869] - Test step:13
[INFO ][2016-02-05 17:34:12,518][com.java.SeleniumDriver] [  881] - Datavalue is----------null
[DEBUG][2016-02-05 17:34:12,518][com.java.SeleniumDriver] [  899] - Exception: null
[INFO ][2016-02-05 17:34:12,519][com.java.SeleniumDriver] [  905] - DataField : XPH//div[@class='panel panel-default ng-scope'][1]//span[@class='glyphicon glyphicon-play down']
[INFO ][2016-02-05 17:34:12,519][com.java.SeleniumDriver] [  907] - DataValue : 
[INFO ][2016-02-05 17:34:12,519][com.java.SeleniumDriver] [  913] - <In Set values of the page>
[INFO ][2016-02-05 17:34:12,519][com.java.SeleniumDriver] [  916] - {Data Fields & Data Values Exist}
[INFO ][2016-02-05 17:34:12,519][com.java.SeleniumDriver] [  918] - --------------------------setting values-----------------------------
[INFO ][2016-02-05 17:34:12,519][com.java.SeleniumDriver] [  921] - Action Type : Click
[INFO ][2016-02-05 17:34:12,519][com.java.TestType] [ 7122] - Field ::XPH//div[@class='panel panel-default ng-scope'][1]//span[@class='glyphicon glyphicon-play down']
[INFO ][2016-02-05 17:34:12,519][com.java.TestType] [ 6727] - value = 
[INFO ][2016-02-05 17:34:13,519][com.java.TestType] [ 7299] - BEFORE CLICK
[INFO ][2016-02-05 17:34:14,481][com.java.TestType] [ 7307] - Unable to click the object Click BS triangle
[INFO ][2016-02-05 17:34:14,481][com.java.SeleniumDriver] [  930] -  RESULT true
[INFO ][2016-02-05 17:34:14,481][com.java.SeleniumDriver] [ 1136] - ?   P A S S   ?
[INFO ][2016-02-05 17:34:14,481][com.java.SeleniumDriver] [  856] - ------------------------------------------
[INFO ][2016-02-05 17:34:14,481][com.java.SeleniumDriver] [  857] - Test case being Executed: 2
[INFO ][2016-02-05 17:34:14,481][com.java.SeleniumDriver] [  869] - Test step:14
[INFO ][2016-02-05 17:34:14,481][com.java.SeleniumDriver] [  881] - Datavalue is----------null
[DEBUG][2016-02-05 17:34:14,482][com.java.SeleniumDriver] [  899] - Exception: null
[INFO ][2016-02-05 17:34:14,482][com.java.SeleniumDriver] [  905] - DataField : XPH//div[@class='panel panel-default ng-scope'][1]//span[@class='glyphicon glyphicon-play']
[INFO ][2016-02-05 17:34:14,482][com.java.SeleniumDriver] [  907] - DataValue : 
[INFO ][2016-02-05 17:34:14,482][com.java.SeleniumDriver] [  913] - <In Set values of the page>
[INFO ][2016-02-05 17:34:14,482][com.java.SeleniumDriver] [  916] - {Data Fields & Data Values Exist}
[INFO ][2016-02-05 17:34:14,482][com.java.SeleniumDriver] [  918] - --------------------------setting values-----------------------------
[INFO ][2016-02-05 17:34:14,482][com.java.SeleniumDriver] [  921] - Action Type : Click
[INFO ][2016-02-05 17:34:14,482][com.java.TestType] [ 7122] - Field ::XPH//div[@class='panel panel-default ng-scope'][1]//span[@class='glyphicon glyphicon-play']
[INFO ][2016-02-05 17:34:14,482][com.java.TestType] [ 6727] - value = 
[INFO ][2016-02-05 17:34:15,482][com.java.TestType] [ 7299] - BEFORE CLICK
[INFO ][2016-02-05 17:34:16,435][com.java.TestType] [ 7307] - Unable to click the object Click BS triangle
[INFO ][2016-02-05 17:34:16,436][com.java.SeleniumDriver] [  930] -  RESULT true
[INFO ][2016-02-05 17:34:16,436][com.java.SeleniumDriver] [ 1136] - ?   P A S S   ?
[INFO ][2016-02-05 17:34:16,436][com.java.SeleniumDriver] [  856] - ------------------------------------------
[INFO ][2016-02-05 17:34:16,437][com.java.SeleniumDriver] [  857] - Test case being Executed: 2
[INFO ][2016-02-05 17:34:16,437][com.java.SeleniumDriver] [  869] - Test step:15
[INFO ][2016-02-05 17:34:16,437][com.java.SeleniumDriver] [  881] - Datavalue is----------//div[@id='bsAlertsHeading']//span[@title='Show Report']
[INFO ][2016-02-05 17:34:16,437][com.java.SeleniumDriver] [  905] - DataField : BTN
[INFO ][2016-02-05 17:34:16,437][com.java.SeleniumDriver] [  907] - DataValue : //div[@id='bsAlertsHeading']//span[@title='Show Report']
[INFO ][2016-02-05 17:34:16,437][com.java.SeleniumDriver] [  913] - <In Set values of the page>
[INFO ][2016-02-05 17:34:16,437][com.java.SeleniumDriver] [  916] - {Data Fields & Data Values Exist}
[INFO ][2016-02-05 17:34:16,437][com.java.SeleniumDriver] [  918] - --------------------------setting values-----------------------------
[INFO ][2016-02-05 17:34:16,437][com.java.SeleniumDriver] [  921] - Action Type : VERIFY
[INFO ][2016-02-05 17:34:16,437][com.java.TestType] [ 8355] - field= BTN value= //div[@id='bsAlertsHeading']//span[@title='Show Report']
[INFO ][2016-02-05 17:34:16,437][com.java.TestType] [ 6727] - value = //div[@id='bsAlertsHeading']//span[@title='Show Report']
[INFO ][2016-02-05 17:34:16,539][com.java.SeleniumDriver] [  930] -  RESULT true
[INFO ][2016-02-05 17:34:16,539][com.java.SeleniumDriver] [ 1136] - ?   P A S S   ?
[INFO ][2016-02-05 17:34:16,539][com.java.SeleniumDriver] [ 1173] - Continue next step...
[INFO ][2016-02-05 17:34:16,539][com.java.SeleniumDriver] [  856] - ------------------------------------------
[INFO ][2016-02-05 17:34:16,539][com.java.SeleniumDriver] [  857] - Test case being Executed: 2
[INFO ][2016-02-05 17:34:16,539][com.java.SeleniumDriver] [  869] - Test step:16
[INFO ][2016-02-05 17:34:16,539][com.java.SeleniumDriver] [  881] - Datavalue is----------numberofupdatesbeforerefreshing
[INFO ][2016-02-05 17:34:16,539][com.java.SeleniumDriver] [  905] - DataField : XPH//span[@class='badge ng-binding ng-scope']
[INFO ][2016-02-05 17:34:16,540][com.java.SeleniumDriver] [  907] - DataValue : numberofupdatesbeforerefreshing
[INFO ][2016-02-05 17:34:16,540][com.java.SeleniumDriver] [  913] - <In Set values of the page>
[INFO ][2016-02-05 17:34:16,540][com.java.SeleniumDriver] [  916] - {Data Fields & Data Values Exist}
[INFO ][2016-02-05 17:34:16,540][com.java.SeleniumDriver] [  918] - --------------------------setting values-----------------------------
[INFO ][2016-02-05 17:34:16,540][com.java.SeleniumDriver] [  921] - Action Type : storevalue
[INFO ][2016-02-05 17:34:16,540][com.java.TestType] [ 9854] - field= XPH//span[@class='badge ng-binding ng-scope']
[DEBUG][2016-02-05 17:34:16,655][com.java.TestType] [ 9909] - Key:: numberofupdatesbeforerefreshing   Value:: 384
[INFO ][2016-02-05 17:34:16,655][com.java.SeleniumDriver] [  930] -  RESULT true
[INFO ][2016-02-05 17:34:16,655][com.java.SeleniumDriver] [ 1136] - ?   P A S S   ?
[INFO ][2016-02-05 17:34:16,655][com.java.SeleniumDriver] [  856] - ------------------------------------------
[INFO ][2016-02-05 17:34:16,655][com.java.SeleniumDriver] [  857] - Test case being Executed: 2
[INFO ][2016-02-05 17:34:16,656][com.java.SeleniumDriver] [  869] - Test step:17
[INFO ][2016-02-05 17:34:16,656][com.java.SeleniumDriver] [  881] - Datavalue is----------2
[INFO ][2016-02-05 17:34:16,656][com.java.SeleniumDriver] [  905] - DataField : XPH//span[contains(text(), "Today's Alerts")]
[INFO ][2016-02-05 17:34:16,656][com.java.SeleniumDriver] [  907] - DataValue : 2
[INFO ][2016-02-05 17:34:16,656][com.java.SeleniumDriver] [  913] - <In Set values of the page>
[INFO ][2016-02-05 17:34:16,656][com.java.SeleniumDriver] [  916] - {Data Fields & Data Values Exist}
[INFO ][2016-02-05 17:34:16,656][com.java.SeleniumDriver] [  918] - --------------------------setting values-----------------------------
[INFO ][2016-02-05 17:34:16,656][com.java.SeleniumDriver] [  921] - Action Type : WaitForElement
[INFO ][2016-02-05 17:34:16,703][com.java.SeleniumDriver] [  930] -  RESULT true
[INFO ][2016-02-05 17:34:16,703][com.java.SeleniumDriver] [ 1136] - ?   P A S S   ?
[INFO ][2016-02-05 17:34:16,703][com.java.SeleniumDriver] [  856] - ------------------------------------------
[INFO ][2016-02-05 17:34:16,703][com.java.SeleniumDriver] [  857] - Test case being Executed: 2
[INFO ][2016-02-05 17:34:16,703][com.java.SeleniumDriver] [  869] - Test step:18
[INFO ][2016-02-05 17:34:16,703][com.java.SeleniumDriver] [  881] - Datavalue is----------Today's Alerts
[INFO ][2016-02-05 17:34:16,703][com.java.SeleniumDriver] [  905] - DataField : XPH//span[contains(text(), "Today's Alerts")]
[INFO ][2016-02-05 17:34:16,704][com.java.SeleniumDriver] [  907] - DataValue : Today's Alerts
[INFO ][2016-02-05 17:34:16,704][com.java.SeleniumDriver] [  913] - <In Set values of the page>
[INFO ][2016-02-05 17:34:16,704][com.java.SeleniumDriver] [  916] - {Data Fields & Data Values Exist}
[INFO ][2016-02-05 17:34:16,704][com.java.SeleniumDriver] [  918] - --------------------------setting values-----------------------------
[INFO ][2016-02-05 17:34:16,704][com.java.SeleniumDriver] [  921] - Action Type : Verify
[INFO ][2016-02-05 17:34:16,704][com.java.TestType] [ 8355] - field= XPH//span[contains(text(), "Today's Alerts")] value= Today's Alerts
[INFO ][2016-02-05 17:34:16,704][com.java.TestType] [ 6727] - value = Today's Alerts
[INFO ][2016-02-05 17:34:16,855][com.java.SeleniumDriver] [  930] -  RESULT true
[INFO ][2016-02-05 17:34:16,855][com.java.SeleniumDriver] [ 1136] - ?   P A S S   ?
[INFO ][2016-02-05 17:34:16,855][com.java.SeleniumDriver] [  856] - ------------------------------------------
[INFO ][2016-02-05 17:34:16,855][com.java.SeleniumDriver] [  857] - Test case being Executed: 2
[INFO ][2016-02-05 17:34:16,855][com.java.SeleniumDriver] [  869] - Test step:19
[INFO ][2016-02-05 17:34:16,855][com.java.SeleniumDriver] [  881] - Datavalue is----------null
[DEBUG][2016-02-05 17:34:16,856][com.java.SeleniumDriver] [  899] - Exception: null
[INFO ][2016-02-05 17:34:16,856][com.java.SeleniumDriver] [  905] - DataField : //span[@class='icon-cog2']&&//ul[@id='Settings']/li/a&&//ul[@id='Customize']/li[3]/a
[INFO ][2016-02-05 17:34:16,856][com.java.SeleniumDriver] [  907] - DataValue : 
[INFO ][2016-02-05 17:34:16,856][com.java.SeleniumDriver] [  913] - <In Set values of the page>
[INFO ][2016-02-05 17:34:16,856][com.java.SeleniumDriver] [  916] - {Data Fields & Data Values Exist}
[INFO ][2016-02-05 17:34:16,856][com.java.SeleniumDriver] [  918] - --------------------------setting values-----------------------------
[INFO ][2016-02-05 17:34:16,856][com.java.SeleniumDriver] [  921] - Action Type : mouseover
[INFO ][2016-02-05 17:35:01,864][com.java.SeleniumDriver] [  930] -  RESULT true
[INFO ][2016-02-05 17:35:01,864][com.java.SeleniumDriver] [ 1136] - ?   P A S S   ?
[INFO ][2016-02-05 17:35:01,864][com.java.SeleniumDriver] [  856] - ------------------------------------------
[INFO ][2016-02-05 17:35:01,864][com.java.SeleniumDriver] [  857] - Test case being Executed: 2
[INFO ][2016-02-05 17:35:01,864][com.java.SeleniumDriver] [  869] - Test step:20
[INFO ][2016-02-05 17:35:01,864][com.java.SeleniumDriver] [  881] - Datavalue is----------10
[INFO ][2016-02-05 17:35:01,864][com.java.SeleniumDriver] [  905] - DataField : XPH//span[@class='ui-dialog-title']
[INFO ][2016-02-05 17:35:01,864][com.java.SeleniumDriver] [  907] - DataValue : 10
[INFO ][2016-02-05 17:35:01,864][com.java.SeleniumDriver] [  913] - <In Set values of the page>
[INFO ][2016-02-05 17:35:01,864][com.java.SeleniumDriver] [  916] - {Data Fields & Data Values Exist}
[INFO ][2016-02-05 17:35:01,864][com.java.SeleniumDriver] [  918] - --------------------------setting values-----------------------------
[INFO ][2016-02-05 17:35:01,864][com.java.SeleniumDriver] [  921] - Action Type : waitforelement
[INFO ][2016-02-05 17:35:01,942][com.java.SeleniumDriver] [  930] -  RESULT true
[INFO ][2016-02-05 17:35:01,942][com.java.SeleniumDriver] [ 1136] - ?   P A S S   ?
[INFO ][2016-02-05 17:35:01,942][com.java.SeleniumDriver] [  856] - ------------------------------------------
[INFO ][2016-02-05 17:35:01,942][com.java.SeleniumDriver] [  857] - Test case being Executed: 2
[INFO ][2016-02-05 17:35:01,942][com.java.SeleniumDriver] [  869] - Test step:21
[INFO ][2016-02-05 17:35:01,943][com.java.SeleniumDriver] [  881] - Datavalue is----------My Alerts
[INFO ][2016-02-05 17:35:01,944][com.java.SeleniumDriver] [  905] - DataField : XPH//span[@class='ui-dialog-title']
[INFO ][2016-02-05 17:35:01,944][com.java.SeleniumDriver] [  907] - DataValue : My Alerts
[INFO ][2016-02-05 17:35:01,944][com.java.SeleniumDriver] [  913] - <In Set values of the page>
[INFO ][2016-02-05 17:35:01,944][com.java.SeleniumDriver] [  916] - {Data Fields & Data Values Exist}
[INFO ][2016-02-05 17:35:01,944][com.java.SeleniumDriver] [  918] - --------------------------setting values-----------------------------
[INFO ][2016-02-05 17:35:01,944][com.java.SeleniumDriver] [  921] - Action Type : verify
[INFO ][2016-02-05 17:35:01,945][com.java.TestType] [ 8355] - field= XPH//span[@class='ui-dialog-title'] value= My Alerts
[INFO ][2016-02-05 17:35:01,945][com.java.TestType] [ 6727] - value = My Alerts
[INFO ][2016-02-05 17:35:02,073][com.java.SeleniumDriver] [  930] -  RESULT true
[INFO ][2016-02-05 17:35:02,073][com.java.SeleniumDriver] [ 1136] - ?   P A S S   ?
[INFO ][2016-02-05 17:35:02,073][com.java.SeleniumDriver] [  856] - ------------------------------------------
[INFO ][2016-02-05 17:35:02,073][com.java.SeleniumDriver] [  857] - Test case being Executed: 2
[INFO ][2016-02-05 17:35:02,073][com.java.SeleniumDriver] [  869] - Test step:22
[INFO ][2016-02-05 17:35:02,073][com.java.SeleniumDriver] [  881] - Datavalue is----------null
[DEBUG][2016-02-05 17:35:02,073][com.java.SeleniumDriver] [  899] - Exception: null
[INFO ][2016-02-05 17:35:02,074][com.java.SeleniumDriver] [  905] - DataField : BTNframeDialogContent
[INFO ][2016-02-05 17:35:02,074][com.java.SeleniumDriver] [  907] - DataValue : 
[INFO ][2016-02-05 17:35:02,074][com.java.SeleniumDriver] [  913] - <In Set values of the page>
[INFO ][2016-02-05 17:35:02,074][com.java.SeleniumDriver] [  916] - {Data Fields & Data Values Exist}
[INFO ][2016-02-05 17:35:02,074][com.java.SeleniumDriver] [  918] - --------------------------setting values-----------------------------
[INFO ][2016-02-05 17:35:02,074][com.java.SeleniumDriver] [  921] - Action Type : selectframe
[INFO ][2016-02-05 17:35:03,416][com.java.SeleniumDriver] [  930] -  RESULT true
[INFO ][2016-02-05 17:35:03,416][com.java.SeleniumDriver] [ 1136] - ?   P A S S   ?
[INFO ][2016-02-05 17:35:03,416][com.java.SeleniumDriver] [  856] - ------------------------------------------
[INFO ][2016-02-05 17:35:03,416][com.java.SeleniumDriver] [  857] - Test case being Executed: 2
[INFO ][2016-02-05 17:35:03,416][com.java.SeleniumDriver] [  869] - Test step:23
[INFO ][2016-02-05 17:35:03,416][com.java.SeleniumDriver] [  881] - Datavalue is----------null
[DEBUG][2016-02-05 17:35:03,416][com.java.SeleniumDriver] [  899] - Exception: null
[INFO ][2016-02-05 17:35:03,417][com.java.SeleniumDriver] [  905] - DataField : HDN//div[@id='BalSheet']/preceding::span[3]
[INFO ][2016-02-05 17:35:03,417][com.java.SeleniumDriver] [  907] - DataValue : 
[INFO ][2016-02-05 17:35:03,417][com.java.SeleniumDriver] [  913] - <In Set values of the page>
[INFO ][2016-02-05 17:35:03,417][com.java.SeleniumDriver] [  916] - {Data Fields & Data Values Exist}
[INFO ][2016-02-05 17:35:03,417][com.java.SeleniumDriver] [  918] - --------------------------setting values-----------------------------
[INFO ][2016-02-05 17:35:03,417][com.java.SeleniumDriver] [  921] - Action Type : click
[INFO ][2016-02-05 17:35:03,417][com.java.TestType] [ 7122] - Field ::HDN//div[@id='BalSheet']/preceding::span[3]
[INFO ][2016-02-05 17:35:03,417][com.java.TestType] [ 6727] - value = 
[INFO ][2016-02-05 17:35:04,486][com.java.SeleniumDriver] [  930] -  RESULT true
[INFO ][2016-02-05 17:35:04,486][com.java.SeleniumDriver] [ 1136] - ?   P A S S   ?
[INFO ][2016-02-05 17:35:04,486][com.java.SeleniumDriver] [  856] - ------------------------------------------
[INFO ][2016-02-05 17:35:04,486][com.java.SeleniumDriver] [  857] - Test case being Executed: 2
[INFO ][2016-02-05 17:35:04,486][com.java.SeleniumDriver] [  869] - Test step:24
[INFO ][2016-02-05 17:35:04,486][com.java.SeleniumDriver] [  881] - Datavalue is----------Alerts
[INFO ][2016-02-05 17:35:04,486][com.java.SeleniumDriver] [  905] - DataField : MSG
[INFO ][2016-02-05 17:35:04,486][com.java.SeleniumDriver] [  907] - DataValue : Alerts
[INFO ][2016-02-05 17:35:04,486][com.java.SeleniumDriver] [  913] - <In Set values of the page>
[INFO ][2016-02-05 17:35:04,486][com.java.SeleniumDriver] [  916] - {Data Fields & Data Values Exist}
[INFO ][2016-02-05 17:35:04,486][com.java.SeleniumDriver] [  918] - --------------------------setting values-----------------------------
[INFO ][2016-02-05 17:35:04,487][com.java.SeleniumDriver] [  921] - Action Type : verify
[INFO ][2016-02-05 17:35:04,487][com.java.TestType] [ 8355] - field= MSG value= Alerts
[INFO ][2016-02-05 17:35:04,487][com.java.TestType] [ 6727] - value = Alerts
[DEBUG][2016-02-05 17:35:04,487][com.java.TestType] [ 9218] - value :: Alerts
[INFO ][2016-02-05 17:35:04,528][com.java.SeleniumDriver] [  930] -  RESULT true
[INFO ][2016-02-05 17:35:04,528][com.java.SeleniumDriver] [ 1136] - ?   P A S S   ?
[INFO ][2016-02-05 17:35:04,528][com.java.SeleniumDriver] [  856] - ------------------------------------------
[INFO ][2016-02-05 17:35:04,528][com.java.SeleniumDriver] [  857] - Test case being Executed: 2
[INFO ][2016-02-05 17:35:04,528][com.java.SeleniumDriver] [  869] - Test step:25
[INFO ][2016-02-05 17:35:04,529][com.java.SeleniumDriver] [  881] - Datavalue is----------Description
[INFO ][2016-02-05 17:35:04,529][com.java.SeleniumDriver] [  905] - DataField : MSG
[INFO ][2016-02-05 17:35:04,529][com.java.SeleniumDriver] [  907] - DataValue : Description
[INFO ][2016-02-05 17:35:04,529][com.java.SeleniumDriver] [  913] - <In Set values of the page>
[INFO ][2016-02-05 17:35:04,529][com.java.SeleniumDriver] [  916] - {Data Fields & Data Values Exist}
[INFO ][2016-02-05 17:35:04,529][com.java.SeleniumDriver] [  918] - --------------------------setting values-----------------------------
[INFO ][2016-02-05 17:35:04,529][com.java.SeleniumDriver] [  921] - Action Type : verify
[INFO ][2016-02-05 17:35:04,529][com.java.TestType] [ 8355] - field= MSG value= Description
[INFO ][2016-02-05 17:35:04,529][com.java.TestType] [ 6727] - value = Description
[DEBUG][2016-02-05 17:35:04,529][com.java.TestType] [ 9218] - value :: Description
[INFO ][2016-02-05 17:35:04,550][com.java.SeleniumDriver] [  930] -  RESULT true
[INFO ][2016-02-05 17:35:04,550][com.java.SeleniumDriver] [ 1136] - ?   P A S S   ?
[INFO ][2016-02-05 17:35:04,550][com.java.SeleniumDriver] [  856] - ------------------------------------------
[INFO ][2016-02-05 17:35:04,550][com.java.SeleniumDriver] [  857] - Test case being Executed: 2
[INFO ][2016-02-05 17:35:04,550][com.java.SeleniumDriver] [  869] - Test step:26
[INFO ][2016-02-05 17:35:04,550][com.java.SeleniumDriver] [  881] - Datavalue is----------Alert %
[INFO ][2016-02-05 17:35:04,550][com.java.SeleniumDriver] [  905] - DataField : MSG
[INFO ][2016-02-05 17:35:04,551][com.java.SeleniumDriver] [  907] - DataValue : Alert %
[INFO ][2016-02-05 17:35:04,551][com.java.SeleniumDriver] [  913] - <In Set values of the page>
[INFO ][2016-02-05 17:35:04,551][com.java.SeleniumDriver] [  916] - {Data Fields & Data Values Exist}
[INFO ][2016-02-05 17:35:04,551][com.java.SeleniumDriver] [  918] - --------------------------setting values-----------------------------
[INFO ][2016-02-05 17:35:04,551][com.java.SeleniumDriver] [  921] - Action Type : verify
[INFO ][2016-02-05 17:35:04,551][com.java.TestType] [ 8355] - field= MSG value= Alert %
[INFO ][2016-02-05 17:35:04,551][com.java.TestType] [ 6727] - value = Alert %
[DEBUG][2016-02-05 17:35:04,551][com.java.TestType] [ 9218] - value :: Alert %
[INFO ][2016-02-05 17:35:04,572][com.java.SeleniumDriver] [  930] -  RESULT true
[INFO ][2016-02-05 17:35:04,572][com.java.SeleniumDriver] [ 1136] - ?   P A S S   ?
[INFO ][2016-02-05 17:35:04,572][com.java.SeleniumDriver] [  856] - ------------------------------------------
[INFO ][2016-02-05 17:35:04,572][com.java.SeleniumDriver] [  857] - Test case being Executed: 2
[INFO ][2016-02-05 17:35:04,572][com.java.SeleniumDriver] [  869] - Test step:27
[INFO ][2016-02-05 17:35:04,572][com.java.SeleniumDriver] [  881] - Datavalue is----------Alert $
[INFO ][2016-02-05 17:35:04,572][com.java.SeleniumDriver] [  905] - DataField : MSG
[INFO ][2016-02-05 17:35:04,572][com.java.SeleniumDriver] [  907] - DataValue : Alert $
[INFO ][2016-02-05 17:35:04,573][com.java.SeleniumDriver] [  913] - <In Set values of the page>
[INFO ][2016-02-05 17:35:04,573][com.java.SeleniumDriver] [  916] - {Data Fields & Data Values Exist}
[INFO ][2016-02-05 17:35:04,573][com.java.SeleniumDriver] [  918] - --------------------------setting values-----------------------------
[INFO ][2016-02-05 17:35:04,573][com.java.SeleniumDriver] [  921] - Action Type : verify
[INFO ][2016-02-05 17:35:04,573][com.java.TestType] [ 8355] - field= MSG value= Alert $
[INFO ][2016-02-05 17:35:04,573][com.java.TestType] [ 6727] - value = Alert $
[DEBUG][2016-02-05 17:35:04,573][com.java.TestType] [ 9218] - value :: Alert $
[INFO ][2016-02-05 17:35:04,643][com.java.SeleniumDriver] [  930] -  RESULT true
[INFO ][2016-02-05 17:35:04,644][com.java.SeleniumDriver] [ 1136] - ?   P A S S   ?
[INFO ][2016-02-05 17:35:04,644][com.java.SeleniumDriver] [  856] - ------------------------------------------
[INFO ][2016-02-05 17:35:04,644][com.java.SeleniumDriver] [  857] - Test case being Executed: 2
[INFO ][2016-02-05 17:35:04,644][com.java.SeleniumDriver] [  869] - Test step:28
[INFO ][2016-02-05 17:35:04,644][com.java.SeleniumDriver] [  881] - Datavalue is----------14.00
[INFO ][2016-02-05 17:35:04,644][com.java.SeleniumDriver] [  905] - DataField : TXT//table[@id='BalSheetTbl']/tbody/tr[1]/td[4]/input
[INFO ][2016-02-05 17:35:04,644][com.java.SeleniumDriver] [  907] - DataValue : 14.00
[INFO ][2016-02-05 17:35:04,644][com.java.SeleniumDriver] [  913] - <In Set values of the page>
[INFO ][2016-02-05 17:35:04,644][com.java.SeleniumDriver] [  916] - {Data Fields & Data Values Exist}
[INFO ][2016-02-05 17:35:04,644][com.java.SeleniumDriver] [  918] - --------------------------setting values-----------------------------
[INFO ][2016-02-05 17:35:04,644][com.java.SeleniumDriver] [  921] - Action Type : clearandenter
[INFO ][2016-02-05 17:35:04,761][com.java.TestType] [ 6727] - value = 14.00
[INFO ][2016-02-05 17:35:04,908][com.java.SeleniumDriver] [  930] -  RESULT true
[INFO ][2016-02-05 17:35:04,908][com.java.SeleniumDriver] [ 1136] - ?   P A S S   ?
[INFO ][2016-02-05 17:35:04,908][com.java.SeleniumDriver] [  856] - ------------------------------------------
[INFO ][2016-02-05 17:35:04,908][com.java.SeleniumDriver] [  857] - Test case being Executed: 2
[INFO ][2016-02-05 17:35:04,908][com.java.SeleniumDriver] [  869] - Test step:29
[INFO ][2016-02-05 17:35:04,908][com.java.SeleniumDriver] [  881] - Datavalue is----------10
[INFO ][2016-02-05 17:35:04,908][com.java.SeleniumDriver] [  905] - DataField : TXT//table[@id='BalSheetTbl']/tbody/tr[1]/td[4]/input
[INFO ][2016-02-05 17:35:04,908][com.java.SeleniumDriver] [  907] - DataValue : 10
[INFO ][2016-02-05 17:35:04,908][com.java.SeleniumDriver] [  913] - <In Set values of the page>
[INFO ][2016-02-05 17:35:04,908][com.java.SeleniumDriver] [  916] - {Data Fields & Data Values Exist}
[INFO ][2016-02-05 17:35:04,908][com.java.SeleniumDriver] [  918] - --------------------------setting values-----------------------------
[INFO ][2016-02-05 17:35:04,909][com.java.SeleniumDriver] [  921] - Action Type : waitforelement
[INFO ][2016-02-05 17:35:04,963][com.java.SeleniumDriver] [  930] -  RESULT true
[INFO ][2016-02-05 17:35:04,963][com.java.SeleniumDriver] [ 1136] - ?   P A S S   ?
[INFO ][2016-02-05 17:35:04,963][com.java.SeleniumDriver] [  856] - ------------------------------------------
[INFO ][2016-02-05 17:35:04,963][com.java.SeleniumDriver] [  857] - Test case being Executed: 2
[INFO ][2016-02-05 17:35:04,963][com.java.SeleniumDriver] [  869] - Test step:30
[INFO ][2016-02-05 17:35:04,963][com.java.SeleniumDriver] [  881] - Datavalue is----------changedalertpercentage1
[INFO ][2016-02-05 17:35:04,964][com.java.SeleniumDriver] [  905] - DataField : TXT//table[@id='BalSheetTbl']/tbody/tr[1]/td[4]/input
[INFO ][2016-02-05 17:35:04,964][com.java.SeleniumDriver] [  907] - DataValue : changedalertpercentage1
[INFO ][2016-02-05 17:35:04,964][com.java.SeleniumDriver] [  913] - <In Set values of the page>
[INFO ][2016-02-05 17:35:04,964][com.java.SeleniumDriver] [  916] - {Data Fields & Data Values Exist}
[INFO ][2016-02-05 17:35:04,964][com.java.SeleniumDriver] [  918] - --------------------------setting values-----------------------------
[INFO ][2016-02-05 17:35:04,964][com.java.SeleniumDriver] [  921] - Action Type : storevalue
[INFO ][2016-02-05 17:35:04,964][com.java.TestType] [ 9854] - field= TXT//table[@id='BalSheetTbl']/tbody/tr[1]/td[4]/input
[DEBUG][2016-02-05 17:35:05,021][com.java.TestType] [ 9868] - Key:: changedalertpercentage1  Value:: 14.00
[INFO ][2016-02-05 17:35:05,021][com.java.SeleniumDriver] [  930] -  RESULT true
[INFO ][2016-02-05 17:35:05,021][com.java.SeleniumDriver] [ 1136] - ?   P A S S   ?
[INFO ][2016-02-05 17:35:05,021][com.java.SeleniumDriver] [  856] - ------------------------------------------
[INFO ][2016-02-05 17:35:05,021][com.java.SeleniumDriver] [  857] - Test case being Executed: 2
[INFO ][2016-02-05 17:35:05,021][com.java.SeleniumDriver] [  869] - Test step:31
[INFO ][2016-02-05 17:35:05,021][com.java.SeleniumDriver] [  881] - Datavalue is----------80.00
[INFO ][2016-02-05 17:35:05,021][com.java.SeleniumDriver] [  905] - DataField : TXT//table[@id='BalSheetTbl']/tbody/tr[5]/td[4]/input
[INFO ][2016-02-05 17:35:05,021][com.java.SeleniumDriver] [  907] - DataValue : 80.00
[INFO ][2016-02-05 17:35:05,022][com.java.SeleniumDriver] [  913] - <In Set values of the page>
[INFO ][2016-02-05 17:35:05,022][com.java.SeleniumDriver] [  916] - {Data Fields & Data Values Exist}
[INFO ][2016-02-05 17:35:05,022][com.java.SeleniumDriver] [  918] - --------------------------setting values-----------------------------
[INFO ][2016-02-05 17:35:05,022][com.java.SeleniumDriver] [  921] - Action Type : clearandenter
[INFO ][2016-02-05 17:35:05,119][com.java.TestType] [ 6727] - value = 80.00
[INFO ][2016-02-05 17:35:05,286][com.java.SeleniumDriver] [  930] -  RESULT true
[INFO ][2016-02-05 17:35:05,286][com.java.SeleniumDriver] [ 1136] - ?   P A S S   ?
[INFO ][2016-02-05 17:35:05,286][com.java.SeleniumDriver] [  856] - ------------------------------------------
[INFO ][2016-02-05 17:35:05,286][com.java.SeleniumDriver] [  857] - Test case being Executed: 2
[INFO ][2016-02-05 17:35:05,286][com.java.SeleniumDriver] [  869] - Test step:32
[INFO ][2016-02-05 17:35:05,286][com.java.SeleniumDriver] [  881] - Datavalue is----------10
[INFO ][2016-02-05 17:35:05,286][com.java.SeleniumDriver] [  905] - DataField : TXT//table[@id='BalSheetTbl']/tbody/tr[5]/td[4]/input
[INFO ][2016-02-05 17:35:05,286][com.java.SeleniumDriver] [  907] - DataValue : 10
[INFO ][2016-02-05 17:35:05,287][com.java.SeleniumDriver] [  913] - <In Set values of the page>
[INFO ][2016-02-05 17:35:05,287][com.java.SeleniumDriver] [  916] - {Data Fields & Data Values Exist}
[INFO ][2016-02-05 17:35:05,287][com.java.SeleniumDriver] [  918] - --------------------------setting values-----------------------------
[INFO ][2016-02-05 17:35:05,287][com.java.SeleniumDriver] [  921] - Action Type : waitforelement
[INFO ][2016-02-05 17:35:05,302][com.java.SeleniumDriver] [  930] -  RESULT true
[INFO ][2016-02-05 17:35:05,302][com.java.SeleniumDriver] [ 1136] - ?   P A S S   ?
[INFO ][2016-02-05 17:35:05,302][com.java.SeleniumDriver] [  856] - ------------------------------------------
[INFO ][2016-02-05 17:35:05,302][com.java.SeleniumDriver] [  857] - Test case being Executed: 2
[INFO ][2016-02-05 17:35:05,302][com.java.SeleniumDriver] [  869] - Test step:33
[INFO ][2016-02-05 17:35:05,303][com.java.SeleniumDriver] [  881] - Datavalue is----------changedalertpercentage2
[INFO ][2016-02-05 17:35:05,303][com.java.SeleniumDriver] [  905] - DataField : TXT//table[@id='BalSheetTbl']/tbody/tr[5]/td[4]/input
[INFO ][2016-02-05 17:35:05,303][com.java.SeleniumDriver] [  907] - DataValue : changedalertpercentage2
[INFO ][2016-02-05 17:35:05,303][com.java.SeleniumDriver] [  913] - <In Set values of the page>
[INFO ][2016-02-05 17:35:05,303][com.java.SeleniumDriver] [  916] - {Data Fields & Data Values Exist}
[INFO ][2016-02-05 17:35:05,303][com.java.SeleniumDriver] [  918] - --------------------------setting values-----------------------------
[INFO ][2016-02-05 17:35:05,303][com.java.SeleniumDriver] [  921] - Action Type : storevalue
[INFO ][2016-02-05 17:35:05,303][com.java.TestType] [ 9854] - field= TXT//table[@id='BalSheetTbl']/tbody/tr[5]/td[4]/input
[DEBUG][2016-02-05 17:35:05,358][com.java.TestType] [ 9868] - Key:: changedalertpercentage2  Value:: 80.00
[INFO ][2016-02-05 17:35:05,358][com.java.SeleniumDriver] [  930] -  RESULT true
[INFO ][2016-02-05 17:35:05,358][com.java.SeleniumDriver] [ 1136] - ?   P A S S   ?
[INFO ][2016-02-05 17:35:05,358][com.java.SeleniumDriver] [  856] - ------------------------------------------
[INFO ][2016-02-05 17:35:05,358][com.java.SeleniumDriver] [  857] - Test case being Executed: 2
[INFO ][2016-02-05 17:35:05,358][com.java.SeleniumDriver] [  869] - Test step:34
[INFO ][2016-02-05 17:35:05,358][com.java.SeleniumDriver] [  881] - Datavalue is----------15.00
[INFO ][2016-02-05 17:35:05,358][com.java.SeleniumDriver] [  905] - DataField : TXT//table[@id='BalSheetTbl']/tbody/tr[7]/td[4]/input
[INFO ][2016-02-05 17:35:05,358][com.java.SeleniumDriver] [  907] - DataValue : 15.00
[INFO ][2016-02-05 17:35:05,359][com.java.SeleniumDriver] [  913] - <In Set values of the page>
[INFO ][2016-02-05 17:35:05,359][com.java.SeleniumDriver] [  916] - {Data Fields & Data Values Exist}
[INFO ][2016-02-05 17:35:05,359][com.java.SeleniumDriver] [  918] - --------------------------setting values-----------------------------
[INFO ][2016-02-05 17:35:05,359][com.java.SeleniumDriver] [  921] - Action Type : clearandenter
[INFO ][2016-02-05 17:35:05,466][com.java.TestType] [ 6727] - value = 15.00
[INFO ][2016-02-05 17:35:05,631][com.java.SeleniumDriver] [  930] -  RESULT true
[INFO ][2016-02-05 17:35:05,631][com.java.SeleniumDriver] [ 1136] - ?   P A S S   ?
[INFO ][2016-02-05 17:35:05,631][com.java.SeleniumDriver] [  856] - ------------------------------------------
[INFO ][2016-02-05 17:35:05,631][com.java.SeleniumDriver] [  857] - Test case being Executed: 2
[INFO ][2016-02-05 17:35:05,631][com.java.SeleniumDriver] [  869] - Test step:35
[INFO ][2016-02-05 17:35:05,631][com.java.SeleniumDriver] [  881] - Datavalue is----------10
[INFO ][2016-02-05 17:35:05,631][com.java.SeleniumDriver] [  905] - DataField : TXT//table[@id='BalSheetTbl']/tbody/tr[7]/td[4]/input
[INFO ][2016-02-05 17:35:05,631][com.java.SeleniumDriver] [  907] - DataValue : 10
[INFO ][2016-02-05 17:35:05,631][com.java.SeleniumDriver] [  913] - <In Set values of the page>
[INFO ][2016-02-05 17:35:05,632][com.java.SeleniumDriver] [  916] - {Data Fields & Data Values Exist}
[INFO ][2016-02-05 17:35:05,632][com.java.SeleniumDriver] [  918] - --------------------------setting values-----------------------------
[INFO ][2016-02-05 17:35:05,632][com.java.SeleniumDriver] [  921] - Action Type : waitforelement
[INFO ][2016-02-05 17:35:05,658][com.java.SeleniumDriver] [  930] -  RESULT true
[INFO ][2016-02-05 17:35:05,658][com.java.SeleniumDriver] [ 1136] - ?   P A S S   ?
[INFO ][2016-02-05 17:35:05,658][com.java.SeleniumDriver] [  856] - ------------------------------------------
[INFO ][2016-02-05 17:35:05,658][com.java.SeleniumDriver] [  857] - Test case being Executed: 2
[INFO ][2016-02-05 17:35:05,658][com.java.SeleniumDriver] [  869] - Test step:36
[INFO ][2016-02-05 17:35:05,659][com.java.SeleniumDriver] [  881] - Datavalue is----------changedalertpercentage3
[INFO ][2016-02-05 17:35:05,659][com.java.SeleniumDriver] [  905] - DataField : TXT//table[@id='BalSheetTbl']/tbody/tr[7]/td[4]/input
[INFO ][2016-02-05 17:35:05,659][com.java.SeleniumDriver] [  907] - DataValue : changedalertpercentage3
[INFO ][2016-02-05 17:35:05,659][com.java.SeleniumDriver] [  913] - <In Set values of the page>
[INFO ][2016-02-05 17:35:05,659][com.java.SeleniumDriver] [  916] - {Data Fields & Data Values Exist}
[INFO ][2016-02-05 17:35:05,659][com.java.SeleniumDriver] [  918] - --------------------------setting values-----------------------------
[INFO ][2016-02-05 17:35:05,659][com.java.SeleniumDriver] [  921] - Action Type : storevalue
[INFO ][2016-02-05 17:35:05,659][com.java.TestType] [ 9854] - field= TXT//table[@id='BalSheetTbl']/tbody/tr[7]/td[4]/input
[DEBUG][2016-02-05 17:35:05,713][com.java.TestType] [ 9868] - Key:: changedalertpercentage3  Value:: 15.00
[INFO ][2016-02-05 17:35:05,713][com.java.SeleniumDriver] [  930] -  RESULT true
[INFO ][2016-02-05 17:35:05,713][com.java.SeleniumDriver] [ 1136] - ?   P A S S   ?
[INFO ][2016-02-05 17:35:05,713][com.java.SeleniumDriver] [  856] - ------------------------------------------
[INFO ][2016-02-05 17:35:05,713][com.java.SeleniumDriver] [  857] - Test case being Executed: 2
[INFO ][2016-02-05 17:35:05,713][com.java.SeleniumDriver] [  869] - Test step:37
[INFO ][2016-02-05 17:35:05,713][com.java.SeleniumDriver] [  881] - Datavalue is----------null
[DEBUG][2016-02-05 17:35:05,714][com.java.SeleniumDriver] [  899] - Exception: null
[INFO ][2016-02-05 17:35:05,714][com.java.SeleniumDriver] [  905] - DataField : HDN//div[@id='BalSheet']/preceding::span[2]
[INFO ][2016-02-05 17:35:05,714][com.java.SeleniumDriver] [  907] - DataValue : 
[INFO ][2016-02-05 17:35:05,714][com.java.SeleniumDriver] [  913] - <In Set values of the page>
[INFO ][2016-02-05 17:35:05,714][com.java.SeleniumDriver] [  916] - {Data Fields & Data Values Exist}
[INFO ][2016-02-05 17:35:05,714][com.java.SeleniumDriver] [  918] - --------------------------setting values-----------------------------
[INFO ][2016-02-05 17:35:05,714][com.java.SeleniumDriver] [  921] - Action Type : click
[INFO ][2016-02-05 17:35:05,714][com.java.TestType] [ 7122] - Field ::HDN//div[@id='BalSheet']/preceding::span[2]
[INFO ][2016-02-05 17:35:05,714][com.java.TestType] [ 6727] - value = 
[INFO ][2016-02-05 17:35:06,793][com.java.SeleniumDriver] [  930] -  RESULT true
[INFO ][2016-02-05 17:35:06,793][com.java.SeleniumDriver] [ 1136] - ?   P A S S   ?
[INFO ][2016-02-05 17:35:06,793][com.java.SeleniumDriver] [  856] - ------------------------------------------
[INFO ][2016-02-05 17:35:06,793][com.java.SeleniumDriver] [  857] - Test case being Executed: 2
[INFO ][2016-02-05 17:35:06,793][com.java.SeleniumDriver] [  869] - Test step:38
[INFO ][2016-02-05 17:35:06,793][com.java.SeleniumDriver] [  881] - Datavalue is----------null
[DEBUG][2016-02-05 17:35:06,793][com.java.SeleniumDriver] [  899] - Exception: null
[INFO ][2016-02-05 17:35:06,793][com.java.SeleniumDriver] [  905] - DataField : HDN//div[@id='BalSheet']/preceding::span[3]
[INFO ][2016-02-05 17:35:06,793][com.java.SeleniumDriver] [  907] - DataValue : 
[INFO ][2016-02-05 17:35:06,793][com.java.SeleniumDriver] [  913] - <In Set values of the page>
[INFO ][2016-02-05 17:35:06,794][com.java.SeleniumDriver] [  916] - {Data Fields & Data Values Exist}
[INFO ][2016-02-05 17:35:06,794][com.java.SeleniumDriver] [  918] - --------------------------setting values-----------------------------
[INFO ][2016-02-05 17:35:06,794][com.java.SeleniumDriver] [  921] - Action Type : click
[INFO ][2016-02-05 17:35:06,794][com.java.TestType] [ 7122] - Field ::HDN//div[@id='BalSheet']/preceding::span[3]
[INFO ][2016-02-05 17:35:06,794][com.java.TestType] [ 6727] - value = 
[INFO ][2016-02-05 17:35:07,872][com.java.SeleniumDriver] [  930] -  RESULT true
[INFO ][2016-02-05 17:35:07,872][com.java.SeleniumDriver] [ 1136] - ?   P A S S   ?
[INFO ][2016-02-05 17:35:07,872][com.java.SeleniumDriver] [  856] - ------------------------------------------
[INFO ][2016-02-05 17:35:07,872][com.java.SeleniumDriver] [  857] - Test case being Executed: 2
[INFO ][2016-02-05 17:35:07,872][com.java.SeleniumDriver] [  869] - Test step:39
[INFO ][2016-02-05 17:35:07,872][com.java.SeleniumDriver] [  881] - Datavalue is----------15
[INFO ][2016-02-05 17:35:07,872][com.java.SeleniumDriver] [  905] - DataField : TXT//table[@id='BalSheetTbl']/tbody/tr[1]/td[4]/input
[INFO ][2016-02-05 17:35:07,872][com.java.SeleniumDriver] [  907] - DataValue : 15
[INFO ][2016-02-05 17:35:07,872][com.java.SeleniumDriver] [  913] - <In Set values of the page>
[INFO ][2016-02-05 17:35:07,872][com.java.SeleniumDriver] [  916] - {Data Fields & Data Values Exist}
[INFO ][2016-02-05 17:35:07,873][com.java.SeleniumDriver] [  918] - --------------------------setting values-----------------------------
[INFO ][2016-02-05 17:35:07,873][com.java.SeleniumDriver] [  921] - Action Type : waitforelement
[INFO ][2016-02-05 17:35:07,999][com.java.SeleniumDriver] [  930] -  RESULT true
[INFO ][2016-02-05 17:35:07,999][com.java.SeleniumDriver] [ 1136] - ?   P A S S   ?
[INFO ][2016-02-05 17:35:07,999][com.java.SeleniumDriver] [  856] - ------------------------------------------
[INFO ][2016-02-05 17:35:08,000][com.java.SeleniumDriver] [  857] - Test case being Executed: 2
[INFO ][2016-02-05 17:35:08,000][com.java.SeleniumDriver] [  869] - Test step:40
[INFO ][2016-02-05 17:35:08,000][com.java.SeleniumDriver] [  881] - Datavalue is----------HMVchangedalertpercentage1
[INFO ][2016-02-05 17:35:08,000][com.java.SeleniumDriver] [  905] - DataField : TXT//table[@id='BalSheetTbl']/tbody/tr[1]/td[4]/input
[INFO ][2016-02-05 17:35:08,000][com.java.SeleniumDriver] [  907] - DataValue : HMVchangedalertpercentage1
[INFO ][2016-02-05 17:35:08,000][com.java.SeleniumDriver] [  913] - <In Set values of the page>
[INFO ][2016-02-05 17:35:08,000][com.java.SeleniumDriver] [  916] - {Data Fields & Data Values Exist}
[INFO ][2016-02-05 17:35:08,000][com.java.SeleniumDriver] [  918] - --------------------------setting values-----------------------------
[INFO ][2016-02-05 17:35:08,000][com.java.SeleniumDriver] [  921] - Action Type : verify
[INFO ][2016-02-05 17:35:08,000][com.java.TestType] [ 8355] - field= TXT//table[@id='BalSheetTbl']/tbody/tr[1]/td[4]/input value= HMVchangedalertpercentage1
[INFO ][2016-02-05 17:35:08,000][com.java.TestType] [ 6727] - value = 14.00
[INFO ][2016-02-05 17:35:08,068][com.java.SeleniumDriver] [  930] -  RESULT true
[INFO ][2016-02-05 17:35:08,068][com.java.SeleniumDriver] [ 1136] - ?   P A S S   ?
[INFO ][2016-02-05 17:35:08,068][com.java.SeleniumDriver] [  856] - ------------------------------------------
[INFO ][2016-02-05 17:35:08,068][com.java.SeleniumDriver] [  857] - Test case being Executed: 2
[INFO ][2016-02-05 17:35:08,068][com.java.SeleniumDriver] [  869] - Test step:41
[INFO ][2016-02-05 17:35:08,068][com.java.SeleniumDriver] [  881] - Datavalue is----------HMVchangedalertpercentage2
[INFO ][2016-02-05 17:35:08,068][com.java.SeleniumDriver] [  905] - DataField : TXT//table[@id='BalSheetTbl']/tbody/tr[5]/td[4]/input
[INFO ][2016-02-05 17:35:08,068][com.java.SeleniumDriver] [  907] - DataValue : HMVchangedalertpercentage2
[INFO ][2016-02-05 17:35:08,068][com.java.SeleniumDriver] [  913] - <In Set values of the page>
[INFO ][2016-02-05 17:35:08,069][com.java.SeleniumDriver] [  916] - {Data Fields & Data Values Exist}
[INFO ][2016-02-05 17:35:08,069][com.java.SeleniumDriver] [  918] - --------------------------setting values-----------------------------
[INFO ][2016-02-05 17:35:08,069][com.java.SeleniumDriver] [  921] - Action Type : verify
[INFO ][2016-02-05 17:35:08,069][com.java.TestType] [ 8355] - field= TXT//table[@id='BalSheetTbl']/tbody/tr[5]/td[4]/input value= HMVchangedalertpercentage2
[INFO ][2016-02-05 17:35:08,069][com.java.TestType] [ 6727] - value = 80.00
[INFO ][2016-02-05 17:35:08,133][com.java.SeleniumDriver] [  930] -  RESULT true
[INFO ][2016-02-05 17:35:08,133][com.java.SeleniumDriver] [ 1136] - ?   P A S S   ?
[INFO ][2016-02-05 17:35:08,133][com.java.SeleniumDriver] [  856] - ------------------------------------------
[INFO ][2016-02-05 17:35:08,133][com.java.SeleniumDriver] [  857] - Test case being Executed: 2
[INFO ][2016-02-05 17:35:08,133][com.java.SeleniumDriver] [  869] - Test step:42
[INFO ][2016-02-05 17:35:08,133][com.java.SeleniumDriver] [  881] - Datavalue is----------HMVchangedalertpercentage3
[INFO ][2016-02-05 17:35:08,133][com.java.SeleniumDriver] [  905] - DataField : TXT//table[@id='BalSheetTbl']/tbody/tr[7]/td[4]/input
[INFO ][2016-02-05 17:35:08,134][com.java.SeleniumDriver] [  907] - DataValue : HMVchangedalertpercentage3
[INFO ][2016-02-05 17:35:08,134][com.java.SeleniumDriver] [  913] - <In Set values of the page>
[INFO ][2016-02-05 17:35:08,134][com.java.SeleniumDriver] [  916] - {Data Fields & Data Values Exist}
[INFO ][2016-02-05 17:35:08,134][com.java.SeleniumDriver] [  918] - --------------------------setting values-----------------------------
[INFO ][2016-02-05 17:35:08,134][com.java.SeleniumDriver] [  921] - Action Type : verify
[INFO ][2016-02-05 17:35:08,134][com.java.TestType] [ 8355] - field= TXT//table[@id='BalSheetTbl']/tbody/tr[7]/td[4]/input value= HMVchangedalertpercentage3
[INFO ][2016-02-05 17:35:08,134][com.java.TestType] [ 6727] - value = 15.00
[INFO ][2016-02-05 17:35:08,178][com.java.SeleniumDriver] [  930] -  RESULT true
[INFO ][2016-02-05 17:35:08,178][com.java.SeleniumDriver] [ 1136] - ?   P A S S   ?
[INFO ][2016-02-05 17:35:08,178][com.java.SeleniumDriver] [  856] - ------------------------------------------
[INFO ][2016-02-05 17:35:08,178][com.java.SeleniumDriver] [  857] - Test case being Executed: 2
[INFO ][2016-02-05 17:35:08,178][com.java.SeleniumDriver] [  869] - Test step:43
[INFO ][2016-02-05 17:35:08,178][com.java.SeleniumDriver] [  881] - Datavalue is----------null
[DEBUG][2016-02-05 17:35:08,178][com.java.SeleniumDriver] [  899] - Exception: null
[INFO ][2016-02-05 17:35:08,178][com.java.SeleniumDriver] [  905] - DataField : BTNparent
[INFO ][2016-02-05 17:35:08,178][com.java.SeleniumDriver] [  907] - DataValue : 
[INFO ][2016-02-05 17:35:08,178][com.java.SeleniumDriver] [  913] - <In Set values of the page>
[INFO ][2016-02-05 17:35:08,179][com.java.SeleniumDriver] [  916] - {Data Fields & Data Values Exist}
[INFO ][2016-02-05 17:35:08,179][com.java.SeleniumDriver] [  918] - --------------------------setting values-----------------------------
[INFO ][2016-02-05 17:35:08,179][com.java.SeleniumDriver] [  921] - Action Type : selectframe
[INFO ][2016-02-05 17:35:08,194][com.java.SeleniumDriver] [  930] -  RESULT true
[INFO ][2016-02-05 17:35:08,194][com.java.SeleniumDriver] [ 1136] - ?   P A S S   ?
[INFO ][2016-02-05 17:35:08,194][com.java.SeleniumDriver] [  856] - ------------------------------------------
[INFO ][2016-02-05 17:35:08,194][com.java.SeleniumDriver] [  857] - Test case being Executed: 2
[INFO ][2016-02-05 17:35:08,194][com.java.SeleniumDriver] [  869] - Test step:44
[INFO ][2016-02-05 17:35:08,194][com.java.SeleniumDriver] [  881] - Datavalue is----------10
[INFO ][2016-02-05 17:35:08,194][com.java.SeleniumDriver] [  905] - DataField : XPH//span[contains(text(),'Save')]
[INFO ][2016-02-05 17:35:08,194][com.java.SeleniumDriver] [  907] - DataValue : 10
[INFO ][2016-02-05 17:35:08,194][com.java.SeleniumDriver] [  913] - <In Set values of the page>
[INFO ][2016-02-05 17:35:08,194][com.java.SeleniumDriver] [  916] - {Data Fields & Data Values Exist}
[INFO ][2016-02-05 17:35:08,194][com.java.SeleniumDriver] [  918] - --------------------------setting values-----------------------------
[INFO ][2016-02-05 17:35:08,195][com.java.SeleniumDriver] [  921] - Action Type : waitforelement
[INFO ][2016-02-05 17:35:08,241][com.java.SeleniumDriver] [  930] -  RESULT true
[INFO ][2016-02-05 17:35:08,241][com.java.SeleniumDriver] [ 1136] - ?   P A S S   ?
[INFO ][2016-02-05 17:35:08,241][com.java.SeleniumDriver] [  856] - ------------------------------------------
[INFO ][2016-02-05 17:35:08,241][com.java.SeleniumDriver] [  857] - Test case being Executed: 2
[INFO ][2016-02-05 17:35:08,241][com.java.SeleniumDriver] [  869] - Test step:45
[INFO ][2016-02-05 17:35:08,241][com.java.SeleniumDriver] [  881] - Datavalue is----------null
[DEBUG][2016-02-05 17:35:08,241][com.java.SeleniumDriver] [  899] - Exception: null
[INFO ][2016-02-05 17:35:08,242][com.java.SeleniumDriver] [  905] - DataField : HDN//span[contains(text(),'Save')]
[INFO ][2016-02-05 17:35:08,242][com.java.SeleniumDriver] [  907] - DataValue : 
[INFO ][2016-02-05 17:35:08,242][com.java.SeleniumDriver] [  913] - <In Set values of the page>
[INFO ][2016-02-05 17:35:08,242][com.java.SeleniumDriver] [  916] - {Data Fields & Data Values Exist}
[INFO ][2016-02-05 17:35:08,242][com.java.SeleniumDriver] [  918] - --------------------------setting values-----------------------------
[INFO ][2016-02-05 17:35:08,242][com.java.SeleniumDriver] [  921] - Action Type : click
[INFO ][2016-02-05 17:35:08,242][com.java.TestType] [ 7122] - Field ::HDN//span[contains(text(),'Save')]
[INFO ][2016-02-05 17:35:08,242][com.java.TestType] [ 6727] - value = 
[INFO ][2016-02-05 17:35:09,599][com.java.SeleniumDriver] [  930] -  RESULT true
[INFO ][2016-02-05 17:35:09,599][com.java.SeleniumDriver] [ 1136] - ?   P A S S   ?
[INFO ][2016-02-05 17:35:09,599][com.java.SeleniumDriver] [  856] - ------------------------------------------
[INFO ][2016-02-05 17:35:09,599][com.java.SeleniumDriver] [  857] - Test case being Executed: 2
[INFO ][2016-02-05 17:35:09,599][com.java.SeleniumDriver] [  869] - Test step:46
[INFO ][2016-02-05 17:35:09,600][com.java.SeleniumDriver] [  881] - Datavalue is----------//span[@class='ui-dialog-title']
[INFO ][2016-02-05 17:35:09,600][com.java.SeleniumDriver] [  905] - DataField : BTN
[INFO ][2016-02-05 17:35:09,600][com.java.SeleniumDriver] [  907] - DataValue : //span[@class='ui-dialog-title']
[INFO ][2016-02-05 17:35:09,600][com.java.SeleniumDriver] [  913] - <In Set values of the page>
[INFO ][2016-02-05 17:35:09,600][com.java.SeleniumDriver] [  916] - {Data Fields & Data Values Exist}
[INFO ][2016-02-05 17:35:09,600][com.java.SeleniumDriver] [  918] - --------------------------setting values-----------------------------
[INFO ][2016-02-05 17:35:09,600][com.java.SeleniumDriver] [  921] - Action Type : verifynotpresent
[INFO ][2016-02-05 17:35:09,600][com.java.TestType] [10173] - field= BTN value= //span[@class='ui-dialog-title']
[INFO ][2016-02-05 17:35:30,455][com.java.SeleniumDriver] [  930] -  RESULT true
[INFO ][2016-02-05 17:35:30,456][com.java.SeleniumDriver] [ 1136] - ?   P A S S   ?
[INFO ][2016-02-05 17:35:30,456][com.java.SeleniumDriver] [  856] - ------------------------------------------
[INFO ][2016-02-05 17:35:30,456][com.java.SeleniumDriver] [  857] - Test case being Executed: 2
[INFO ][2016-02-05 17:35:30,456][com.java.SeleniumDriver] [  869] - Test step:47
[INFO ][2016-02-05 17:35:30,456][com.java.SeleniumDriver] [  881] - Datavalue is----------null
[DEBUG][2016-02-05 17:35:30,456][com.java.SeleniumDriver] [  899] - Exception: null
[INFO ][2016-02-05 17:35:30,456][com.java.SeleniumDriver] [  905] - DataField : HDN//span[@class='glyphicon glyphicon-bell']
[INFO ][2016-02-05 17:35:30,456][com.java.SeleniumDriver] [  907] - DataValue : 
[INFO ][2016-02-05 17:35:30,456][com.java.SeleniumDriver] [  913] - <In Set values of the page>
[INFO ][2016-02-05 17:35:30,456][com.java.SeleniumDriver] [  916] - {Data Fields & Data Values Exist}
[INFO ][2016-02-05 17:35:30,456][com.java.SeleniumDriver] [  918] - --------------------------setting values-----------------------------
[INFO ][2016-02-05 17:35:30,456][com.java.SeleniumDriver] [  921] - Action Type : click
[INFO ][2016-02-05 17:35:30,457][com.java.TestType] [ 7122] - Field ::HDN//span[@class='glyphicon glyphicon-bell']
[INFO ][2016-02-05 17:35:30,457][com.java.TestType] [ 6727] - value = 
[INFO ][2016-02-05 17:35:31,688][com.java.SeleniumDriver] [  930] -  RESULT true
[INFO ][2016-02-05 17:35:31,688][com.java.SeleniumDriver] [ 1136] - ?   P A S S   ?
[INFO ][2016-02-05 17:35:31,690][com.java.SeleniumDriver] [  856] - ------------------------------------------
[INFO ][2016-02-05 17:35:31,690][com.java.SeleniumDriver] [  857] - Test case being Executed: 2
[INFO ][2016-02-05 17:35:31,690][com.java.SeleniumDriver] [  869] - Test step:48
[INFO ][2016-02-05 17:35:31,690][com.java.SeleniumDriver] [  881] - Datavalue is----------3
[INFO ][2016-02-05 17:35:31,690][com.java.SeleniumDriver] [  905] - DataField : null
[INFO ][2016-02-05 17:35:31,690][com.java.SeleniumDriver] [  907] - DataValue : 3
[INFO ][2016-02-05 17:35:31,690][com.java.SeleniumDriver] [  913] - <In Set values of the page>
[INFO ][2016-02-05 17:35:31,690][com.java.SeleniumDriver] [  916] - {Data Fields & Data Values Exist}
[INFO ][2016-02-05 17:35:31,690][com.java.SeleniumDriver] [  918] - --------------------------setting values-----------------------------
[INFO ][2016-02-05 17:35:31,690][com.java.SeleniumDriver] [  921] - Action Type : waittime
[DEBUG][2016-02-05 17:35:31,690][com.java.TestType] [ 6541] - sleepTime: 3000
[INFO ][2016-02-05 17:35:34,691][com.java.SeleniumDriver] [  930] -  RESULT true
[INFO ][2016-02-05 17:35:34,691][com.java.SeleniumDriver] [ 1136] - ?   P A S S   ?
[INFO ][2016-02-05 17:35:34,691][com.java.SeleniumDriver] [  856] - ------------------------------------------
[INFO ][2016-02-05 17:35:34,691][com.java.SeleniumDriver] [  857] - Test case being Executed: 2
[INFO ][2016-02-05 17:35:34,691][com.java.SeleniumDriver] [  869] - Test step:49
[INFO ][2016-02-05 17:35:34,691][com.java.SeleniumDriver] [  881] - Datavalue is----------1
[INFO ][2016-02-05 17:35:34,691][com.java.SeleniumDriver] [  905] - DataField : DSP//div[@id='isAlertsHeading']/h4
[INFO ][2016-02-05 17:35:34,691][com.java.SeleniumDriver] [  907] - DataValue : 1
[INFO ][2016-02-05 17:35:34,691][com.java.SeleniumDriver] [  913] - <In Set values of the page>
[INFO ][2016-02-05 17:35:34,691][com.java.SeleniumDriver] [  916] - {Data Fields & Data Values Exist}
[INFO ][2016-02-05 17:35:34,691][com.java.SeleniumDriver] [  918] - --------------------------setting values-----------------------------
[INFO ][2016-02-05 17:35:34,691][com.java.SeleniumDriver] [  921] - Action Type : WAITFORELEMENT
[INFO ][2016-02-05 17:36:15,938][com.java.SeleniumDriver] [  930] -  RESULT false
[INFO ][2016-02-05 17:36:15,939][com.java.SeleniumDriver] [  977] - ?   F A I L   ?
[INFO ][2016-02-05 17:36:15,939][com.java.SeleniumDriver] [  985] - Browser Type : IE10
[INFO ][2016-02-05 17:36:15,939][com.java.SeleniumDriver] [  986] - Adding Failed case2
[DEBUG][2016-02-05 17:36:16,158][com.java.SeleniumDriver] [ 1054] -  tdd.getCondition() IF:52:Next
[INFO ][2016-02-05 17:36:16,159][com.java.SeleniumDriver] [ 1058] - Continue next step...
[INFO ][2016-02-05 17:36:16,159][com.java.SeleniumDriver] [  856] - ------------------------------------------
[INFO ][2016-02-05 17:36:16,159][com.java.SeleniumDriver] [  857] - Test case being Executed: 2
[INFO ][2016-02-05 17:36:16,159][com.java.SeleniumDriver] [  869] - Test step:50
[INFO ][2016-02-05 17:36:16,159][com.java.SeleniumDriver] [  881] - Datavalue is----------null
[DEBUG][2016-02-05 17:36:16,159][com.java.SeleniumDriver] [  899] - Exception: null
[INFO ][2016-02-05 17:36:16,159][com.java.SeleniumDriver] [  905] - DataField : HDN//span[@class='glyphicon glyphicon-bell']
[INFO ][2016-02-05 17:36:16,159][com.java.SeleniumDriver] [  907] - DataValue : 
[INFO ][2016-02-05 17:36:16,159][com.java.SeleniumDriver] [  913] - <In Set values of the page>
[INFO ][2016-02-05 17:36:16,159][com.java.SeleniumDriver] [  916] - {Data Fields & Data Values Exist}
[INFO ][2016-02-05 17:36:16,159][com.java.SeleniumDriver] [  918] - --------------------------setting values-----------------------------
[INFO ][2016-02-05 17:36:16,159][com.java.SeleniumDriver] [  921] - Action Type : CLICK
[INFO ][2016-02-05 17:36:16,159][com.java.TestType] [ 7122] - Field ::HDN//span[@class='glyphicon glyphicon-bell']
[INFO ][2016-02-05 17:36:16,160][com.java.TestType] [ 6727] - value = 
[INFO ][2016-02-05 17:36:17,906][com.java.SeleniumDriver] [  930] -  RESULT true
[INFO ][2016-02-05 17:36:17,906][com.java.SeleniumDriver] [ 1136] - ?   P A S S   ?
[INFO ][2016-02-05 17:36:17,906][com.java.SeleniumDriver] [  856] - ------------------------------------------
[INFO ][2016-02-05 17:36:17,906][com.java.SeleniumDriver] [  857] - Test case being Executed: 2
[INFO ][2016-02-05 17:36:17,906][com.java.SeleniumDriver] [  869] - Test step:51
[INFO ][2016-02-05 17:36:17,906][com.java.SeleniumDriver] [  881] - Datavalue is----------2
[INFO ][2016-02-05 17:36:17,906][com.java.SeleniumDriver] [  905] - DataField : test
[INFO ][2016-02-05 17:36:17,906][com.java.SeleniumDriver] [  907] - DataValue : 2
[INFO ][2016-02-05 17:36:17,906][com.java.SeleniumDriver] [  913] - <In Set values of the page>
[INFO ][2016-02-05 17:36:17,906][com.java.SeleniumDriver] [  916] - {Data Fields & Data Values Exist}
[INFO ][2016-02-05 17:36:17,908][com.java.SeleniumDriver] [  918] - --------------------------setting values-----------------------------
[INFO ][2016-02-05 17:36:17,908][com.java.SeleniumDriver] [  921] - Action Type : WAITTIME
[DEBUG][2016-02-05 17:36:17,908][com.java.TestType] [ 6541] - sleepTime: 2000
[INFO ][2016-02-05 17:36:19,908][com.java.SeleniumDriver] [  930] -  RESULT true
[INFO ][2016-02-05 17:36:19,908][com.java.SeleniumDriver] [ 1136] - ?   P A S S   ?
[INFO ][2016-02-05 17:36:19,908][com.java.SeleniumDriver] [  856] - ------------------------------------------
[INFO ][2016-02-05 17:36:19,908][com.java.SeleniumDriver] [  857] - Test case being Executed: 2
[INFO ][2016-02-05 17:36:19,908][com.java.SeleniumDriver] [  869] - Test step:52
[INFO ][2016-02-05 17:36:19,908][com.java.SeleniumDriver] [  881] - Datavalue is----------numberofupdatesbeforerefreshing
[INFO ][2016-02-05 17:36:19,908][com.java.SeleniumDriver] [  905] - DataField : XPH//span[@class='badge ng-binding ng-scope']
[INFO ][2016-02-05 17:36:19,908][com.java.SeleniumDriver] [  907] - DataValue : numberofupdatesbeforerefreshing
[INFO ][2016-02-05 17:36:19,908][com.java.SeleniumDriver] [  913] - <In Set values of the page>
[INFO ][2016-02-05 17:36:19,908][com.java.SeleniumDriver] [  916] - {Data Fields & Data Values Exist}
[INFO ][2016-02-05 17:36:19,908][com.java.SeleniumDriver] [  918] - --------------------------setting values-----------------------------
[INFO ][2016-02-05 17:36:19,908][com.java.SeleniumDriver] [  921] - Action Type : storevalue
[INFO ][2016-02-05 17:36:19,909][com.java.TestType] [ 9854] - field= XPH//span[@class='badge ng-binding ng-scope']
[DEBUG][2016-02-05 17:36:20,028][com.java.TestType] [ 9909] - Key:: numberofupdatesbeforerefreshing   Value:: 384
[INFO ][2016-02-05 17:36:20,028][com.java.SeleniumDriver] [  930] -  RESULT true
[INFO ][2016-02-05 17:36:20,028][com.java.SeleniumDriver] [ 1136] - ?   P A S S   ?
[INFO ][2016-02-05 17:36:20,028][com.java.SeleniumDriver] [  856] - ------------------------------------------
[INFO ][2016-02-05 17:36:20,028][com.java.SeleniumDriver] [  857] - Test case being Executed: 2
[INFO ][2016-02-05 17:36:20,028][com.java.SeleniumDriver] [  869] - Test step:53
[INFO ][2016-02-05 17:36:20,028][com.java.SeleniumDriver] [  881] - Datavalue is----------null
[DEBUG][2016-02-05 17:36:20,029][com.java.SeleniumDriver] [  899] - Exception: null
[INFO ][2016-02-05 17:36:20,029][com.java.SeleniumDriver] [  905] - DataField : HDN//span[@class='glyphicon glyphicon-refresh ng-scope']
[INFO ][2016-02-05 17:36:20,029][com.java.SeleniumDriver] [  907] - DataValue : 
[INFO ][2016-02-05 17:36:20,029][com.java.SeleniumDriver] [  913] - <In Set values of the page>
[INFO ][2016-02-05 17:36:20,029][com.java.SeleniumDriver] [  916] - {Data Fields & Data Values Exist}
[INFO ][2016-02-05 17:36:20,029][com.java.SeleniumDriver] [  918] - --------------------------setting values-----------------------------
[INFO ][2016-02-05 17:36:20,029][com.java.SeleniumDriver] [  921] - Action Type : CLICK
[INFO ][2016-02-05 17:36:20,029][com.java.TestType] [ 7122] - Field ::HDN//span[@class='glyphicon glyphicon-refresh ng-scope']
[INFO ][2016-02-05 17:36:20,029][com.java.TestType] [ 6727] - value = 
[ERROR][2016-02-05 17:36:41,892][com.java.TestType] [ 7252] - Unable to click on elemnt: null
[INFO ][2016-02-05 17:36:41,892][com.java.SeleniumDriver] [  930] -  RESULT false
[INFO ][2016-02-05 17:36:41,892][com.java.SeleniumDriver] [  977] - ?   F A I L   ?
[INFO ][2016-02-05 17:36:41,892][com.java.SeleniumDriver] [  985] - Browser Type : IE10
[INFO ][2016-02-05 17:36:41,892][com.java.SeleniumDriver] [  986] - Adding Failed case2
[INFO ][2016-02-05 17:36:42,027][com.java.SeleniumDriver] [ 1100] - failedCases = 2
[ERROR][2016-02-05 17:36:42,027][com.java.SeleniumDriver] [ 1599] - Platform Errors : Our apologies...::We have encountered an issue with your request.::Our apologies?:We encountered an issue with your request.
[INFO ][2016-02-05 17:36:42,027][com.java.SeleniumDriver] [ 1603] - Length =3
[ERROR][2016-02-05 17:36:42,027][com.java.SeleniumDriver] [ 1606] - Error 0 = Our apologies...
[ERROR][2016-02-05 17:36:42,075][com.java.SeleniumDriver] [ 1606] - Error 1 = We have encountered an issue with your request.
[ERROR][2016-02-05 17:36:42,111][com.java.SeleniumDriver] [ 1606] - Error 2 = Our apologies?:We encountered an issue with your request.
[INFO ][2016-02-05 17:36:42,149][com.java.SeleniumDriver] [ 1617] - strError:
[DEBUG][2016-02-05 17:36:42,165][com.java.SeleniumDriver] [ 1248] - Case found
[DEBUG][2016-02-05 17:36:42,165][com.java.SeleniumDriver] [ 1253] - Incrementing ReportCounters[0]:2
[INFO ][2016-02-05 17:36:42,165][com.java.SeleniumDriver] [ 1272] - The results are-------------------[2, 53, BD Right Hand Menu Bar: BS Alerts - Remains even after changing bank entity, Fail, 
Test case failed at Step No. :: 53   Error Message ::  Unable to click on elemnt: null. Screen Shot : D:\BankersDashboard\TestReports\020516\2_020516_173641_IE10.png, Fri Feb 05 17:36:42 IST 2016]
[INFO ][2016-02-05 17:36:42,165][com.java.SeleniumDriver] [ 1276] - End time is-------3 min 44 sec
[INFO ][2016-02-05 17:36:42,165][com.java.SeleniumDriver] [ 1277] - The results are-------------------[2, 53, BD Right Hand Menu Bar: BS Alerts - Remains even after changing bank entity, Fail, 
Test case failed at Step No. :: 53   Error Message ::  Unable to click on elemnt: null. Screen Shot : D:\BankersDashboard\TestReports\020516\2_020516_173641_IE10.png, Fri Feb 05 17:36:42 IST 2016]
[DEBUG][2016-02-05 17:36:42,165][com.java.ImportnExport.ExportTestResultsExcel] [  222] - testResultPath = D:\BankersDashboard/TestReports/Test Results_BankersDashBoard_020516_173300_IE10_Bank of North Carolina.xls
[DEBUG][2016-02-05 17:36:42,165][com.java.ImportnExport.ExportTestResultsExcel] [  223] - browser is------------IE10
[DEBUG][2016-02-05 17:36:42,168][com.java.ImportnExport.ExportTestResultsExcel] [  270] - result.size() = 6
[DEBUG][2016-02-05 17:36:42,168][com.java.ImportnExport.ExportTestResultsExcel] [  274] - No of rows in sheet=2
[DEBUG][2016-02-05 17:36:42,168][com.java.ImportnExport.ExportTestResultsExcel] [  301] - ..in export..2
[DEBUG][2016-02-05 17:36:42,168][com.java.ImportnExport.ExportTestResultsExcel] [  301] - ..in export..BD Right Hand Menu Bar: BS Alerts - Remains even after changing bank entity
[DEBUG][2016-02-05 17:36:42,168][com.java.ImportnExport.ExportTestResultsExcel] [  301] - ..in export..Fail
[DEBUG][2016-02-05 17:36:42,168][com.java.ImportnExport.ExportTestResultsExcel] [  301] - ..in export..
Test case failed at Step No. :: 53   Error Message ::  Unable to click on elemnt: null. Screen Shot : D:\BankersDashboard\TestReports\020516\2_020516_173641_IE10.png
[DEBUG][2016-02-05 17:36:42,168][com.java.ImportnExport.ExportTestResultsExcel] [  301] - ..in export..Fri Feb 05 17:36:42 IST 2016
[INFO ][2016-02-05 17:36:42,170][com.java.SeleniumDriver] [ 1337] - out loop:1 size:2 TestCases:[1, 2] testcases:[1, 2]
[INFO ][2016-02-05 17:36:44,170][com.java.SeleniumDriver] [ 1380] - Total Number of Cases:2
[INFO ][2016-02-05 17:36:44,170][com.java.TemplateGenerator] [  302] - Executed:2
[INFO ][2016-02-05 17:36:44,170][com.java.TemplateGenerator] [  303] - Passed:1
[INFO ][2016-02-05 17:36:44,170][com.java.TemplateGenerator] [  304] - Failed:1
[INFO ][2016-02-05 17:36:44,170][com.java.TemplateGenerator] [  305] - Skipeed:0
[INFO ][2016-02-05 17:36:44,170][com.java.TemplateGenerator] [  306] - Application URL:https://clients-xuat.bankersdashboard.com
[INFO ][2016-02-05 17:36:44,170][com.java.TemplateGenerator] [  307] - Start Time:020516_173300
[INFO ][2016-02-05 17:36:44,170][com.java.TemplateGenerator] [  308] -  Creating HTML Report 
[ERROR][2016-02-05 17:36:44,171][com.java.TemplateGenerator] [  409] - Unparseable date: "Fri Feb 05 05:33:00 IST 2016"
[INFO ][2016-02-05 17:36:44,171][com.java.TemplateGenerator] [  654] -  Exporting case :: 1
[INFO ][2016-02-05 17:36:44,171][com.java.TemplateGenerator] [  654] -  Exporting case :: 2
[INFO ][2016-02-05 17:36:44,178][com.java.SeleniumDriver] [ 1429] - End Time:020516_173644
[INFO ][2016-02-05 17:36:44,178][com.java.SeleniumDriver] [ 1432] - Data in Test Execution Details:{1=PASS, 2=FAILTest case failed at Step No. :: 53   Error Message ::  Unable to click on elemnt: null}
[INFO ][2016-02-05 17:36:44,178][com.java.SeleniumDriver] [ 1433] - Data in Failed Execution Deatils:{}
[INFO ][2016-02-05 17:36:44,178][com.java.SeleniumDriver] [ 1435] - ReportCounter:Total:2 :: PASS: 1 ::FAIL: 1
[INFO ][2016-02-05 17:36:44,178][com.java.SeleniumDriver] [ 1436] - FailedReportCounter:Total:0 :: PASS: 0 ::FAIL: 0
[INFO ][2016-02-05 17:36:44,185][com.java.EmailTestReport] [   63] - Sending report mail details:
[INFO ][2016-02-05 17:36:44,185][com.java.EmailTestReport] [   80] - Excel Report Path:D:\BankersDashboard/TestReports/Test Results_BankersDashBoard_020516_173300_IE10_Bank of North Carolina.xls
[INFO ][2016-02-05 17:36:44,185][com.java.EmailTestReport] [   81] - HTML Report Path:D:\BankersDashboard//TestReports//Test Results_BankersDashBoard_020516_173300_IE10_Bank of North Carolina.html
[INFO ][2016-02-05 17:36:44,185][com.java.EmailTestReport] [   82] - smtpHostName:mail01.valuelabs.com
[INFO ][2016-02-05 17:36:44,185][com.java.EmailTestReport] [   83] - Recipient:venkateswararao.gubbala@valuelabs.com;
[INFO ][2016-02-05 17:36:44,185][com.java.EmailTestReport] [   84] - From:venkateswararao.gubbala@valuelabs.com;
[INFO ][2016-02-05 17:36:44,185][com.java.EmailTestReport] [   85] - Subject:Deluxe Corp Bankers Dashboard Automation Test Report - Bank of North Carolina - IE10
[INFO ][2016-02-05 17:36:44,203][com.java.EmailTestReport] [  143] -  Added venkateswararao.gubbala@valuelabs.com
[INFO ][2016-02-05 17:36:47,311][com.java.SeleniumDriver] [  722] - quitting the browser 
[INFO ][2016-02-05 17:36:49,078][com.java.SeleniumDriver] [  264] - Execution Completed Stopping the thread
