[INFO ][2015-10-30 17:07:20,699][com.java.SeleniumDriver] [  213] - Execute Failed Casesfalse
[INFO ][2015-10-30 17:07:20,699][com.java.SeleniumDriver] [  214] - Browser: IE11
[INFO ][2015-10-30 17:07:20,699][com.java.SeleniumDriver] [  215] - [1, 11, 14, 10, 7]
[INFO ][2015-10-30 17:07:20,699][com.java.SeleniumDriver] [  216] - Total TestCases:5
[INFO ][2015-10-30 17:07:20,699][com.java.SeleniumDriver] [  217] -  Reading Properties from Property File 
[DEBUG][2015-10-30 17:07:20,699][com.java.SeleniumDriver] [  238] - url : https://clients-xuat.bankersdashboard.com
[INFO ][2015-10-30 17:07:20,699][com.java.ImportnExport.ExportTestResultsExcel] [  116] - Time Stamp Fri Oct 30 05:07:20 IST 2015
[INFO ][2015-10-30 17:07:20,709][com.java.ImportnExport.ExportTestResultsExcel] [  175] - OUT FILE : D:\BankersDashboard/TestReports/Test Results_BankersDashBoard_103015_170720_IE11_Bank of North Carolina.xls
[INFO ][2015-10-30 17:07:20,730][com.java.ImportnExport.ExportTestResultsExcel] [  180] - Test Result file is created
[DEBUG][2015-10-30 17:07:20,830][com.java.SeleniumDriver] [  425] - Hub ip address is-------172.17.68.34
[INFO ][2015-10-30 17:07:20,830][com.java.SeleniumDriver] [  451] - Grid URL:http://172.17.68.34:4444/wd/hub
[INFO ][2015-10-30 17:07:20,830][com.java.SeleniumDriver] [  452] - Capability:Capabilities [{platform=ANY, ensureCleanSession=true, ignoreProtectedModeSettings=true, acceptSslCerts=true, ignoreZoomSetting=true, browserName=internet explorer, browserstack.ie.noFlash=true, version=Node1}]
[ERROR][2015-10-30 17:07:22,124][com.java.SeleniumDriver] [  496] - Unable invoke browser in grid:Could not start a new session. Possible causes are invalid address of the remote server or browser start-up failure.
Build info: version: '2.48.2', revision: '41bccdd', time: '2015-10-09 19:59:12'
System info: host: 'FVTIII438F1D', ip: '172.17.68.34', os.name: 'Windows 7', os.arch: 'x86', os.version: '6.1', java.version: '1.7.0_55'
Driver info: driver.version: SeleniumDriver
[INFO ][2015-10-30 17:07:22,124][com.java.SeleniumDriver] [  498] - Executing on local machine
[INFO ][2015-10-30 17:07:31,125][com.java.SeleniumDriver] [  248] - IE11is opened
[INFO ][2015-10-30 17:07:31,753][com.java.SeleniumDriver] [  752] - Test cases to be executed are: [1, 11, 14, 10, 7]
[INFO ][2015-10-30 17:07:31,753][com.java.ImportnExport.ImportTestDataDetailsExcel] [   49] - test data details path===== D:\BankersDashboard\TestInputs\TestData.xls
[INFO ][2015-10-30 17:07:44,283][com.java.SeleniumDriver] [  788] - ------------------------------------------
[INFO ][2015-10-30 17:07:44,283][com.java.SeleniumDriver] [  789] - Test case being Executed: 1
[INFO ][2015-10-30 17:07:44,284][com.java.SeleniumDriver] [  800] - Test step:1
[INFO ][2015-10-30 17:07:44,284][com.java.SeleniumDriver] [  812] - Datavalue is----------Concept#1:1-14
[INFO ][2015-10-30 17:07:44,284][com.java.SeleniumDriver] [  836] - DataField : test
[INFO ][2015-10-30 17:07:44,284][com.java.SeleniumDriver] [  838] - DataValue : Concept#1:1-14
[INFO ][2015-10-30 17:07:44,284][com.java.SeleniumDriver] [  844] - <In Set values of the page>
[INFO ][2015-10-30 17:07:44,284][com.java.SeleniumDriver] [  847] - {Data Fields & Data Values Exist}
[INFO ][2015-10-30 17:07:44,284][com.java.SeleniumDriver] [  849] - --------------------------setting values-----------------------------
[INFO ][2015-10-30 17:07:44,284][com.java.SeleniumDriver] [  852] - Action Type : ExecuteTestCase
[INFO ][2015-10-30 17:07:44,316][com.java.TestType] [  411] - The Concept sheet name is ---------- Concept
[INFO ][2015-10-30 17:07:44,316][com.java.TestType] [  414] - The Concept ID  is ---------- 1
[DEBUG][2015-10-30 17:07:44,316][com.java.TestType] [  418] - Steps being executted in the Concept are: 1:14
[INFO ][2015-10-30 17:07:44,316][com.java.TestType] [  425] - Test data details path ---------- D:\BankersDashboard\TestInputs\TestData.xls
[INFO ][2015-10-30 17:07:44,896][com.java.TestType] [  456] -  str(1) = 1
[INFO ][2015-10-30 17:07:44,896][com.java.TestType] [  459] - Test case Id is---1
[INFO ][2015-10-30 17:07:44,906][com.java.TestType] [  461] - 1
[INFO ][2015-10-30 17:07:44,906][com.java.TestType] [  456] -  str(2) = 1
[INFO ][2015-10-30 17:07:44,906][com.java.TestType] [  508] - row values are--------{1=com.java.Objects.TestDataDetails@f0d687}
[INFO ][2015-10-30 17:07:44,906][com.java.TestType] [  456] -  str(1) = 1
[INFO ][2015-10-30 17:07:44,906][com.java.TestType] [  459] - Test case Id is---1
[INFO ][2015-10-30 17:07:44,906][com.java.TestType] [  461] - 1
[INFO ][2015-10-30 17:07:44,906][com.java.TestType] [  456] -  str(2) = 2
[INFO ][2015-10-30 17:07:44,906][com.java.TestType] [  508] - row values are--------{1=com.java.Objects.TestDataDetails@f0d687, 2=com.java.Objects.TestDataDetails@1859d8c}
[INFO ][2015-10-30 17:07:44,906][com.java.TestType] [  456] -  str(1) = 1
[INFO ][2015-10-30 17:07:44,906][com.java.TestType] [  459] - Test case Id is---1
[INFO ][2015-10-30 17:07:44,906][com.java.TestType] [  461] - 1
[INFO ][2015-10-30 17:07:44,906][com.java.TestType] [  456] -  str(2) = 3
[INFO ][2015-10-30 17:07:44,906][com.java.TestType] [  508] - row values are--------{1=com.java.Objects.TestDataDetails@f0d687, 2=com.java.Objects.TestDataDetails@1859d8c, 3=com.java.Objects.TestDataDetails@13dca05}
[INFO ][2015-10-30 17:07:44,906][com.java.TestType] [  456] -  str(1) = 1
[INFO ][2015-10-30 17:07:44,906][com.java.TestType] [  459] - Test case Id is---1
[INFO ][2015-10-30 17:07:44,906][com.java.TestType] [  461] - 1
[INFO ][2015-10-30 17:07:44,906][com.java.TestType] [  456] -  str(2) = 4
[INFO ][2015-10-30 17:07:44,906][com.java.TestType] [  508] - row values are--------{1=com.java.Objects.TestDataDetails@f0d687, 2=com.java.Objects.TestDataDetails@1859d8c, 3=com.java.Objects.TestDataDetails@13dca05, 4=com.java.Objects.TestDataDetails@16833a4}
[INFO ][2015-10-30 17:07:44,906][com.java.TestType] [  456] -  str(1) = 1
[INFO ][2015-10-30 17:07:44,906][com.java.TestType] [  459] - Test case Id is---1
[INFO ][2015-10-30 17:07:44,906][com.java.TestType] [  461] - 1
[INFO ][2015-10-30 17:07:44,906][com.java.TestType] [  456] -  str(2) = 5
[INFO ][2015-10-30 17:07:44,906][com.java.TestType] [  508] - row values are--------{1=com.java.Objects.TestDataDetails@f0d687, 2=com.java.Objects.TestDataDetails@1859d8c, 3=com.java.Objects.TestDataDetails@13dca05, 4=com.java.Objects.TestDataDetails@16833a4, 5=com.java.Objects.TestDataDetails@389cc9}
[INFO ][2015-10-30 17:07:44,916][com.java.TestType] [  456] -  str(1) = 1
[INFO ][2015-10-30 17:07:44,916][com.java.TestType] [  459] - Test case Id is---1
[INFO ][2015-10-30 17:07:44,916][com.java.TestType] [  461] - 1
[INFO ][2015-10-30 17:07:44,916][com.java.TestType] [  456] -  str(2) = 6
[INFO ][2015-10-30 17:07:44,916][com.java.TestType] [  508] - row values are--------{1=com.java.Objects.TestDataDetails@f0d687, 2=com.java.Objects.TestDataDetails@1859d8c, 3=com.java.Objects.TestDataDetails@13dca05, 4=com.java.Objects.TestDataDetails@16833a4, 5=com.java.Objects.TestDataDetails@389cc9, 6=com.java.Objects.TestDataDetails@1e4926a}
[INFO ][2015-10-30 17:07:44,916][com.java.TestType] [  456] -  str(1) = 1
[INFO ][2015-10-30 17:07:44,916][com.java.TestType] [  459] - Test case Id is---1
[INFO ][2015-10-30 17:07:44,916][com.java.TestType] [  461] - 1
[INFO ][2015-10-30 17:07:44,916][com.java.TestType] [  456] -  str(2) = 7
[INFO ][2015-10-30 17:07:44,916][com.java.TestType] [  508] - row values are--------{1=com.java.Objects.TestDataDetails@f0d687, 2=com.java.Objects.TestDataDetails@1859d8c, 3=com.java.Objects.TestDataDetails@13dca05, 4=com.java.Objects.TestDataDetails@16833a4, 5=com.java.Objects.TestDataDetails@389cc9, 6=com.java.Objects.TestDataDetails@1e4926a, 7=com.java.Objects.TestDataDetails@cad2b1}
[INFO ][2015-10-30 17:07:44,916][com.java.TestType] [  456] -  str(1) = 1
[INFO ][2015-10-30 17:07:44,916][com.java.TestType] [  459] - Test case Id is---1
[INFO ][2015-10-30 17:07:44,916][com.java.TestType] [  461] - 1
[INFO ][2015-10-30 17:07:44,916][com.java.TestType] [  456] -  str(2) = 8
[INFO ][2015-10-30 17:07:44,916][com.java.TestType] [  508] - row values are--------{1=com.java.Objects.TestDataDetails@f0d687, 2=com.java.Objects.TestDataDetails@1859d8c, 3=com.java.Objects.TestDataDetails@13dca05, 4=com.java.Objects.TestDataDetails@16833a4, 5=com.java.Objects.TestDataDetails@389cc9, 6=com.java.Objects.TestDataDetails@1e4926a, 7=com.java.Objects.TestDataDetails@cad2b1, 8=com.java.Objects.TestDataDetails@102ead5}
[INFO ][2015-10-30 17:07:44,916][com.java.TestType] [  456] -  str(1) = 1
[INFO ][2015-10-30 17:07:44,916][com.java.TestType] [  459] - Test case Id is---1
[INFO ][2015-10-30 17:07:44,916][com.java.TestType] [  461] - 1
[INFO ][2015-10-30 17:07:44,916][com.java.TestType] [  456] -  str(2) = 9
[INFO ][2015-10-30 17:07:44,916][com.java.TestType] [  508] - row values are--------{1=com.java.Objects.TestDataDetails@f0d687, 2=com.java.Objects.TestDataDetails@1859d8c, 3=com.java.Objects.TestDataDetails@13dca05, 4=com.java.Objects.TestDataDetails@16833a4, 5=com.java.Objects.TestDataDetails@389cc9, 6=com.java.Objects.TestDataDetails@1e4926a, 7=com.java.Objects.TestDataDetails@cad2b1, 8=com.java.Objects.TestDataDetails@102ead5, 9=com.java.Objects.TestDataDetails@4c24a2}
[INFO ][2015-10-30 17:07:44,916][com.java.TestType] [  456] -  str(1) = 1
[INFO ][2015-10-30 17:07:44,916][com.java.TestType] [  459] - Test case Id is---1
[INFO ][2015-10-30 17:07:44,916][com.java.TestType] [  461] - 1
[INFO ][2015-10-30 17:07:44,916][com.java.TestType] [  456] -  str(2) = 10
[INFO ][2015-10-30 17:07:44,916][com.java.TestType] [  508] - row values are--------{1=com.java.Objects.TestDataDetails@f0d687, 2=com.java.Objects.TestDataDetails@1859d8c, 3=com.java.Objects.TestDataDetails@13dca05, 4=com.java.Objects.TestDataDetails@16833a4, 5=com.java.Objects.TestDataDetails@389cc9, 6=com.java.Objects.TestDataDetails@1e4926a, 7=com.java.Objects.TestDataDetails@cad2b1, 8=com.java.Objects.TestDataDetails@102ead5, 9=com.java.Objects.TestDataDetails@4c24a2, 10=com.java.Objects.TestDataDetails@15fd9a5}
[INFO ][2015-10-30 17:07:44,916][com.java.TestType] [  456] -  str(1) = 1
[INFO ][2015-10-30 17:07:44,916][com.java.TestType] [  459] - Test case Id is---1
[INFO ][2015-10-30 17:07:44,916][com.java.TestType] [  461] - 1
[INFO ][2015-10-30 17:07:44,916][com.java.TestType] [  456] -  str(2) = 11
[INFO ][2015-10-30 17:07:44,916][com.java.TestType] [  508] - row values are--------{1=com.java.Objects.TestDataDetails@f0d687, 2=com.java.Objects.TestDataDetails@1859d8c, 3=com.java.Objects.TestDataDetails@13dca05, 4=com.java.Objects.TestDataDetails@16833a4, 5=com.java.Objects.TestDataDetails@389cc9, 6=com.java.Objects.TestDataDetails@1e4926a, 7=com.java.Objects.TestDataDetails@cad2b1, 8=com.java.Objects.TestDataDetails@102ead5, 9=com.java.Objects.TestDataDetails@4c24a2, 10=com.java.Objects.TestDataDetails@15fd9a5, 11=com.java.Objects.TestDataDetails@129271e}
[INFO ][2015-10-30 17:07:44,916][com.java.TestType] [  456] -  str(1) = 1
[INFO ][2015-10-30 17:07:44,916][com.java.TestType] [  459] - Test case Id is---1
[INFO ][2015-10-30 17:07:44,916][com.java.TestType] [  461] - 1
[INFO ][2015-10-30 17:07:44,916][com.java.TestType] [  456] -  str(2) = 12
[INFO ][2015-10-30 17:07:44,926][com.java.TestType] [  508] - row values are--------{1=com.java.Objects.TestDataDetails@f0d687, 2=com.java.Objects.TestDataDetails@1859d8c, 3=com.java.Objects.TestDataDetails@13dca05, 4=com.java.Objects.TestDataDetails@16833a4, 5=com.java.Objects.TestDataDetails@389cc9, 6=com.java.Objects.TestDataDetails@1e4926a, 7=com.java.Objects.TestDataDetails@cad2b1, 8=com.java.Objects.TestDataDetails@102ead5, 9=com.java.Objects.TestDataDetails@4c24a2, 10=com.java.Objects.TestDataDetails@15fd9a5, 11=com.java.Objects.TestDataDetails@129271e, 12=com.java.Objects.TestDataDetails@399f62}
[INFO ][2015-10-30 17:07:44,926][com.java.TestType] [  456] -  str(1) = 1
[INFO ][2015-10-30 17:07:44,926][com.java.TestType] [  459] - Test case Id is---1
[INFO ][2015-10-30 17:07:44,926][com.java.TestType] [  461] - 1
[INFO ][2015-10-30 17:07:44,926][com.java.TestType] [  456] -  str(2) = 13
[INFO ][2015-10-30 17:07:44,926][com.java.TestType] [  508] - row values are--------{1=com.java.Objects.TestDataDetails@f0d687, 2=com.java.Objects.TestDataDetails@1859d8c, 3=com.java.Objects.TestDataDetails@13dca05, 4=com.java.Objects.TestDataDetails@16833a4, 5=com.java.Objects.TestDataDetails@389cc9, 6=com.java.Objects.TestDataDetails@1e4926a, 7=com.java.Objects.TestDataDetails@cad2b1, 8=com.java.Objects.TestDataDetails@102ead5, 9=com.java.Objects.TestDataDetails@4c24a2, 10=com.java.Objects.TestDataDetails@15fd9a5, 11=com.java.Objects.TestDataDetails@129271e, 12=com.java.Objects.TestDataDetails@399f62, 13=com.java.Objects.TestDataDetails@57df88}
[INFO ][2015-10-30 17:07:44,926][com.java.TestType] [  456] -  str(1) = 1
[INFO ][2015-10-30 17:07:44,926][com.java.TestType] [  459] - Test case Id is---1
[INFO ][2015-10-30 17:07:44,926][com.java.TestType] [  461] - 1
[INFO ][2015-10-30 17:07:44,926][com.java.TestType] [  456] -  str(2) = 14
[INFO ][2015-10-30 17:07:44,926][com.java.TestType] [  508] - row values are--------{1=com.java.Objects.TestDataDetails@f0d687, 2=com.java.Objects.TestDataDetails@1859d8c, 3=com.java.Objects.TestDataDetails@13dca05, 4=com.java.Objects.TestDataDetails@16833a4, 5=com.java.Objects.TestDataDetails@389cc9, 6=com.java.Objects.TestDataDetails@1e4926a, 7=com.java.Objects.TestDataDetails@cad2b1, 8=com.java.Objects.TestDataDetails@102ead5, 9=com.java.Objects.TestDataDetails@4c24a2, 10=com.java.Objects.TestDataDetails@15fd9a5, 11=com.java.Objects.TestDataDetails@129271e, 12=com.java.Objects.TestDataDetails@399f62, 13=com.java.Objects.TestDataDetails@57df88, 14=com.java.Objects.TestDataDetails@8a1cf6}
[INFO ][2015-10-30 17:07:44,926][com.java.TestType] [ 7898] - Looping 1TCID = 1
[DEBUG][2015-10-30 17:07:44,926][com.java.TestType] [ 7939] - Concept ID:1 :: Step being Executed: 1::1
[INFO ][2015-10-30 17:07:44,926][com.java.TestType] [ 7977] - dataFields : TXTusername
[DEBUG][2015-10-30 17:07:44,926][com.java.TestType] [ 7983] - <In Set values of the page>
[DEBUG][2015-10-30 17:07:44,926][com.java.TestType] [ 7988] - {Data Fields & Data Values Exist}
[INFO ][2015-10-30 17:07:44,926][com.java.TestType] [ 7994] - --------------------------setting values-----------------------------
[INFO ][2015-10-30 17:07:44,926][com.java.TestType] [ 7997] - Action Type : CLEARANDENTER
[INFO ][2015-10-30 17:07:44,926][com.java.TestType] [ 3749] - value = valuelabs.ie11.33527
[INFO ][2015-10-30 17:07:49,783][com.java.TestType] [ 8016] -  RESULT true
[INFO ][2015-10-30 17:07:49,783][com.java.TestType] [ 8133] - ?   P A S S   ?
[DEBUG][2015-10-30 17:07:49,783][com.java.TestType] [ 7939] - Concept ID:1 :: Step being Executed: 1::2
[INFO ][2015-10-30 17:07:49,785][com.java.TestType] [ 7977] - dataFields : TXTpassword
[DEBUG][2015-10-30 17:07:49,785][com.java.TestType] [ 7983] - <In Set values of the page>
[DEBUG][2015-10-30 17:07:49,785][com.java.TestType] [ 7988] - {Data Fields & Data Values Exist}
[INFO ][2015-10-30 17:07:49,785][com.java.TestType] [ 7994] - --------------------------setting values-----------------------------
[INFO ][2015-10-30 17:07:49,785][com.java.TestType] [ 7997] - Action Type : CLEARANDENTER
[INFO ][2015-10-30 17:07:49,785][com.java.TestType] [ 3749] - value = Password1*
[INFO ][2015-10-30 17:07:54,805][com.java.TestType] [ 8016] -  RESULT true
[INFO ][2015-10-30 17:07:54,805][com.java.TestType] [ 8133] - ?   P A S S   ?
[DEBUG][2015-10-30 17:07:54,805][com.java.TestType] [ 7939] - Concept ID:1 :: Step being Executed: 1::3
[ERROR][2015-10-30 17:07:54,805][com.java.TestType] [ 7972] - Exception: null
[INFO ][2015-10-30 17:07:54,805][com.java.TestType] [ 7977] - dataFields : XPH//button[@type='submit']
[DEBUG][2015-10-30 17:07:54,805][com.java.TestType] [ 7983] - <In Set values of the page>
[DEBUG][2015-10-30 17:07:54,805][com.java.TestType] [ 7988] - {Data Fields & Data Values Exist}
[INFO ][2015-10-30 17:07:54,805][com.java.TestType] [ 7994] - --------------------------setting values-----------------------------
[INFO ][2015-10-30 17:07:54,805][com.java.TestType] [ 7997] - Action Type : Click
[INFO ][2015-10-30 17:07:54,805][com.java.TestType] [ 4062] - Field ::XPH//button[@type='submit']
[INFO ][2015-10-30 17:07:55,807][com.java.TestType] [ 4121] - BEFORE CLICK
[INFO ][2015-10-30 17:07:56,669][com.java.TestType] [ 4129] - Unable to click the object Login
[INFO ][2015-10-30 17:07:56,669][com.java.TestType] [ 8016] -  RESULT true
[INFO ][2015-10-30 17:07:56,669][com.java.TestType] [ 8133] - ?   P A S S   ?
[DEBUG][2015-10-30 17:07:56,669][com.java.TestType] [ 7939] - Concept ID:1 :: Step being Executed: 1::4
[INFO ][2015-10-30 17:07:56,669][com.java.TestType] [ 7977] - dataFields : LNKLogout
[DEBUG][2015-10-30 17:07:56,669][com.java.TestType] [ 7983] - <In Set values of the page>
[DEBUG][2015-10-30 17:07:56,669][com.java.TestType] [ 7988] - {Data Fields & Data Values Exist}
[INFO ][2015-10-30 17:07:56,669][com.java.TestType] [ 7994] - --------------------------setting values-----------------------------
[INFO ][2015-10-30 17:07:56,669][com.java.TestType] [ 7997] - Action Type : WaitForElement
[INFO ][2015-10-30 17:08:07,987][com.java.TestType] [ 8016] -  RESULT true
[INFO ][2015-10-30 17:08:07,987][com.java.TestType] [ 8133] - ?   P A S S   ?
[DEBUG][2015-10-30 17:08:07,987][com.java.TestType] [ 7939] - Concept ID:1 :: Step being Executed: 1::13
[INFO ][2015-10-30 17:08:07,987][com.java.TestType] [ 7977] - dataFields : LGN
[DEBUG][2015-10-30 17:08:07,987][com.java.TestType] [ 7983] - <In Set values of the page>
[DEBUG][2015-10-30 17:08:07,987][com.java.TestType] [ 7988] - {Data Fields & Data Values Exist}
[INFO ][2015-10-30 17:08:07,987][com.java.TestType] [ 7994] - --------------------------setting values-----------------------------
[INFO ][2015-10-30 17:08:07,987][com.java.TestType] [ 7997] - Action Type : Verify
[INFO ][2015-10-30 17:08:07,987][com.java.TestType] [ 4875] - field= LGN value= Username
[INFO ][2015-10-30 17:08:07,987][com.java.TestType] [ 3749] - value = Username
[INFO ][2015-10-30 17:08:08,128][com.java.TestType] [ 8016] -  RESULT true
[INFO ][2015-10-30 17:08:08,128][com.java.TestType] [ 8133] - ?   P A S S   ?
[DEBUG][2015-10-30 17:08:08,128][com.java.TestType] [ 7939] - Concept ID:1 :: Step being Executed: 1::14
[INFO ][2015-10-30 17:08:08,128][com.java.TestType] [ 7977] - dataFields : BTN
[DEBUG][2015-10-30 17:08:08,128][com.java.TestType] [ 7983] - <In Set values of the page>
[DEBUG][2015-10-30 17:08:08,128][com.java.TestType] [ 7988] - {Data Fields & Data Values Exist}
[INFO ][2015-10-30 17:08:08,128][com.java.TestType] [ 7994] - --------------------------setting values-----------------------------
[INFO ][2015-10-30 17:08:08,128][com.java.TestType] [ 7997] - Action Type : Verify
[INFO ][2015-10-30 17:08:08,128][com.java.TestType] [ 4875] - field= BTN value= //img[contains(@src,'bdlogo.jpg')]
[INFO ][2015-10-30 17:08:08,128][com.java.TestType] [ 3749] - value = //img[contains(@src,'bdlogo.jpg')]
[INFO ][2015-10-30 17:08:08,158][com.java.TestType] [ 8016] -  RESULT true
[INFO ][2015-10-30 17:08:08,158][com.java.TestType] [ 8133] - ?   P A S S   ?
[INFO ][2015-10-30 17:08:08,158][com.java.TestType] [ 8204] - Looping End......
[INFO ][2015-10-30 17:08:08,158][com.java.SeleniumDriver] [  861] -  RESULT true
[INFO ][2015-10-30 17:08:08,158][com.java.SeleniumDriver] [ 1066] - ?   P A S S   ?
[INFO ][2015-10-30 17:08:08,158][com.java.SeleniumDriver] [  788] - ------------------------------------------
[INFO ][2015-10-30 17:08:08,158][com.java.SeleniumDriver] [  789] - Test case being Executed: 1
[INFO ][2015-10-30 17:08:08,158][com.java.SeleniumDriver] [  800] - Test step:2
[INFO ][2015-10-30 17:08:08,158][com.java.SeleniumDriver] [  812] - Datavalue is----------Concept#2:1-2
[INFO ][2015-10-30 17:08:08,158][com.java.SeleniumDriver] [  836] - DataField : test
[INFO ][2015-10-30 17:08:08,158][com.java.SeleniumDriver] [  838] - DataValue : Concept#2:1-2
[INFO ][2015-10-30 17:08:08,158][com.java.SeleniumDriver] [  844] - <In Set values of the page>
[INFO ][2015-10-30 17:08:08,158][com.java.SeleniumDriver] [  847] - {Data Fields & Data Values Exist}
[INFO ][2015-10-30 17:08:08,158][com.java.SeleniumDriver] [  849] - --------------------------setting values-----------------------------
[INFO ][2015-10-30 17:08:08,158][com.java.SeleniumDriver] [  852] - Action Type : ExecuteTestCase
[INFO ][2015-10-30 17:08:08,158][com.java.TestType] [  411] - The Concept sheet name is ---------- Concept
[INFO ][2015-10-30 17:08:08,158][com.java.TestType] [  414] - The Concept ID  is ---------- 2
[DEBUG][2015-10-30 17:08:08,158][com.java.TestType] [  418] - Steps being executted in the Concept are: 1:2
[INFO ][2015-10-30 17:08:08,158][com.java.TestType] [  425] - Test data details path ---------- D:\BankersDashboard\TestInputs\TestData.xls
[INFO ][2015-10-30 17:08:08,757][com.java.TestType] [  456] -  str(1) = 2
[INFO ][2015-10-30 17:08:08,757][com.java.TestType] [  459] - Test case Id is---2
[INFO ][2015-10-30 17:08:08,757][com.java.TestType] [  461] - 2
[INFO ][2015-10-30 17:08:08,757][com.java.TestType] [  456] -  str(2) = 1
[INFO ][2015-10-30 17:08:08,757][com.java.TestType] [  508] - row values are--------{1=com.java.Objects.TestDataDetails@14774fd}
[INFO ][2015-10-30 17:08:08,757][com.java.TestType] [  456] -  str(1) = 2
[INFO ][2015-10-30 17:08:08,757][com.java.TestType] [  459] - Test case Id is---2
[INFO ][2015-10-30 17:08:08,757][com.java.TestType] [  461] - 2
[INFO ][2015-10-30 17:08:08,757][com.java.TestType] [  456] -  str(2) = 2
[INFO ][2015-10-30 17:08:08,757][com.java.TestType] [  508] - row values are--------{1=com.java.Objects.TestDataDetails@14774fd, 2=com.java.Objects.TestDataDetails@17b6f14}
[INFO ][2015-10-30 17:08:08,757][com.java.TestType] [  456] -  str(1) = 2
[INFO ][2015-10-30 17:08:08,757][com.java.TestType] [  459] - Test case Id is---2
[INFO ][2015-10-30 17:08:08,757][com.java.TestType] [  461] - 2
[INFO ][2015-10-30 17:08:08,757][com.java.TestType] [  456] -  str(2) = 3
[INFO ][2015-10-30 17:08:08,757][com.java.TestType] [  508] - row values are--------{1=com.java.Objects.TestDataDetails@14774fd, 2=com.java.Objects.TestDataDetails@17b6f14, 3=com.java.Objects.TestDataDetails@167a39b}
[INFO ][2015-10-30 17:08:08,757][com.java.TestType] [ 7898] - Looping 1TCID = 2
[DEBUG][2015-10-30 17:08:08,757][com.java.TestType] [ 7939] - Concept ID:2 :: Step being Executed: 2::1
[INFO ][2015-10-30 17:08:08,757][com.java.TestType] [ 7977] - dataFields : BNK//select[@id='bank']
[DEBUG][2015-10-30 17:08:08,757][com.java.TestType] [ 7983] - <In Set values of the page>
[DEBUG][2015-10-30 17:08:08,757][com.java.TestType] [ 7988] - {Data Fields & Data Values Exist}
[INFO ][2015-10-30 17:08:08,757][com.java.TestType] [ 7994] - --------------------------setting values-----------------------------
[INFO ][2015-10-30 17:08:08,757][com.java.TestType] [ 7997] - Action Type : Select
[INFO ][2015-10-30 17:08:08,757][com.java.TestType] [ 3749] - value = PFC
[INFO ][2015-10-30 17:08:08,960][com.java.TestType] [ 8016] -  RESULT true
[INFO ][2015-10-30 17:08:08,960][com.java.TestType] [ 8133] - ?   P A S S   ?
[DEBUG][2015-10-30 17:08:08,960][com.java.TestType] [ 7939] - Concept ID:2 :: Step being Executed: 2::2
[INFO ][2015-10-30 17:08:08,960][com.java.TestType] [ 7977] - dataFields : LNKLogout
[DEBUG][2015-10-30 17:08:08,960][com.java.TestType] [ 7983] - <In Set values of the page>
[DEBUG][2015-10-30 17:08:08,960][com.java.TestType] [ 7988] - {Data Fields & Data Values Exist}
[INFO ][2015-10-30 17:08:08,960][com.java.TestType] [ 7994] - --------------------------setting values-----------------------------
[INFO ][2015-10-30 17:08:08,960][com.java.TestType] [ 7997] - Action Type : WaitTime
[DEBUG][2015-10-30 17:08:08,960][com.java.TestType] [ 3653] - sleepTime: 5000
[INFO ][2015-10-30 17:08:13,961][com.java.TestType] [ 8016] -  RESULT true
[INFO ][2015-10-30 17:08:13,961][com.java.TestType] [ 8133] - ?   P A S S   ?
[INFO ][2015-10-30 17:08:13,961][com.java.TestType] [ 8204] - Looping End......
[INFO ][2015-10-30 17:08:13,961][com.java.SeleniumDriver] [  861] -  RESULT true
[INFO ][2015-10-30 17:08:13,961][com.java.SeleniumDriver] [ 1066] - ?   P A S S   ?
[INFO ][2015-10-30 17:08:13,961][com.java.SeleniumDriver] [  788] - ------------------------------------------
[INFO ][2015-10-30 17:08:13,961][com.java.SeleniumDriver] [  789] - Test case being Executed: 1
[INFO ][2015-10-30 17:08:13,961][com.java.SeleniumDriver] [  800] - Test step:3
[INFO ][2015-10-30 17:08:13,961][com.java.SeleniumDriver] [  812] - Datavalue is----------2
[INFO ][2015-10-30 17:08:13,961][com.java.SeleniumDriver] [  836] - DataField : XPH//button[contains(text(),'Add Content')]
[INFO ][2015-10-30 17:08:13,961][com.java.SeleniumDriver] [  838] - DataValue : 2
[INFO ][2015-10-30 17:08:13,961][com.java.SeleniumDriver] [  844] - <In Set values of the page>
[INFO ][2015-10-30 17:08:13,961][com.java.SeleniumDriver] [  847] - {Data Fields & Data Values Exist}
[INFO ][2015-10-30 17:08:13,961][com.java.SeleniumDriver] [  849] - --------------------------setting values-----------------------------
[INFO ][2015-10-30 17:08:13,961][com.java.SeleniumDriver] [  852] - Action Type : WAITFORELEMENT
[INFO ][2015-10-30 17:08:14,002][com.java.SeleniumDriver] [  861] -  RESULT true
[INFO ][2015-10-30 17:08:14,002][com.java.SeleniumDriver] [ 1066] - ?   P A S S   ?
[DEBUG][2015-10-30 17:08:14,002][com.java.SeleniumDriver] [ 1168] - Case found
[DEBUG][2015-10-30 17:08:14,002][com.java.SeleniumDriver] [ 1173] - Incrementing ReportCounters[0]:1
[INFO ][2015-10-30 17:08:14,002][com.java.SeleniumDriver] [ 1192] - The results are-------------------[1, 1, Valid Login, Pass, , Fri Oct 30 17:08:08 IST 2015, 1, 2, Valid Login, Pass, , Fri Oct 30 17:08:13 IST 2015, 1, 3, Add Custom Calculation Indicator to Start Page, Pass, , Fri Oct 30 17:08:14 IST 2015]
[INFO ][2015-10-30 17:08:14,002][com.java.SeleniumDriver] [ 1196] - End time is-------55 sec
[INFO ][2015-10-30 17:08:14,002][com.java.SeleniumDriver] [ 1197] - The results are-------------------[1, 1, Valid Login, Pass, , Fri Oct 30 17:08:08 IST 2015, 1, 2, Valid Login, Pass, , Fri Oct 30 17:08:13 IST 2015, 1, 3, Add Custom Calculation Indicator to Start Page, Pass, , Fri Oct 30 17:08:14 IST 2015]
[DEBUG][2015-10-30 17:08:14,002][com.java.ImportnExport.ExportTestResultsExcel] [  222] - testResultPath = D:\BankersDashboard/TestReports/Test Results_BankersDashBoard_103015_170720_IE11_Bank of North Carolina.xls
[DEBUG][2015-10-30 17:08:14,002][com.java.ImportnExport.ExportTestResultsExcel] [  223] - browser is------------IE11
[DEBUG][2015-10-30 17:08:14,052][com.java.ImportnExport.ExportTestResultsExcel] [  270] - result.size() = 18
[DEBUG][2015-10-30 17:08:14,052][com.java.ImportnExport.ExportTestResultsExcel] [  274] - No of rows in sheet=1
[DEBUG][2015-10-30 17:08:14,052][com.java.ImportnExport.ExportTestResultsExcel] [  301] - ..in export..1
[DEBUG][2015-10-30 17:08:14,052][com.java.ImportnExport.ExportTestResultsExcel] [  301] - ..in export..Valid Login
[DEBUG][2015-10-30 17:08:14,052][com.java.ImportnExport.ExportTestResultsExcel] [  301] - ..in export..Pass
[DEBUG][2015-10-30 17:08:14,052][com.java.ImportnExport.ExportTestResultsExcel] [  301] - ..in export..
[DEBUG][2015-10-30 17:08:14,052][com.java.ImportnExport.ExportTestResultsExcel] [  301] - ..in export..Fri Oct 30 17:08:08 IST 2015
[INFO ][2015-10-30 17:08:14,062][com.java.SeleniumDriver] [ 1255] - out loop:0 size:5 TestCases:[1, 11, 14, 10, 7] testcases:[1, 11, 14, 10, 7]
[INFO ][2015-10-30 17:08:14,062][com.java.ImportnExport.ImportTestDataDetailsExcel] [   49] - test data details path===== D:\BankersDashboard\TestInputs\TestData.xls
[INFO ][2015-10-30 17:08:35,344][com.java.SeleniumDriver] [  788] - ------------------------------------------
[INFO ][2015-10-30 17:08:35,344][com.java.SeleniumDriver] [  789] - Test case being Executed: 11
[INFO ][2015-10-30 17:08:35,344][com.java.SeleniumDriver] [  800] - Test step:1
[INFO ][2015-10-30 17:08:35,344][com.java.SeleniumDriver] [  812] - Datavalue is----------2
[INFO ][2015-10-30 17:08:35,344][com.java.SeleniumDriver] [  836] - DataField : XPH//button[contains(text(),'Add Content')]
[INFO ][2015-10-30 17:08:35,344][com.java.SeleniumDriver] [  838] - DataValue : 2
[INFO ][2015-10-30 17:08:35,344][com.java.SeleniumDriver] [  844] - <In Set values of the page>
[INFO ][2015-10-30 17:08:35,344][com.java.SeleniumDriver] [  847] - {Data Fields & Data Values Exist}
[INFO ][2015-10-30 17:08:35,344][com.java.SeleniumDriver] [  849] - --------------------------setting values-----------------------------
[INFO ][2015-10-30 17:08:35,344][com.java.SeleniumDriver] [  852] - Action Type : WAITFORELEMENT
[INFO ][2015-10-30 17:08:35,385][com.java.SeleniumDriver] [  861] -  RESULT true
[INFO ][2015-10-30 17:08:35,385][com.java.SeleniumDriver] [ 1066] - ?   P A S S   ?
[INFO ][2015-10-30 17:08:35,385][com.java.SeleniumDriver] [  788] - ------------------------------------------
[INFO ][2015-10-30 17:08:35,385][com.java.SeleniumDriver] [  789] - Test case being Executed: 11
[INFO ][2015-10-30 17:08:35,385][com.java.SeleniumDriver] [  800] - Test step:2
[INFO ][2015-10-30 17:08:35,385][com.java.SeleniumDriver] [  812] - Datavalue is----------null
[DEBUG][2015-10-30 17:08:35,385][com.java.SeleniumDriver] [  830] - Exception: null
[INFO ][2015-10-30 17:08:35,385][com.java.SeleniumDriver] [  836] - DataField : XPH//button[contains(text(),'Add Content')]
[INFO ][2015-10-30 17:08:35,385][com.java.SeleniumDriver] [  838] - DataValue : 
[INFO ][2015-10-30 17:08:35,385][com.java.SeleniumDriver] [  844] - <In Set values of the page>
[INFO ][2015-10-30 17:08:35,385][com.java.SeleniumDriver] [  847] - {Data Fields & Data Values Exist}
[INFO ][2015-10-30 17:08:35,385][com.java.SeleniumDriver] [  849] - --------------------------setting values-----------------------------
[INFO ][2015-10-30 17:08:35,385][com.java.SeleniumDriver] [  852] - Action Type : CLICK
[INFO ][2015-10-30 17:08:35,385][com.java.TestType] [ 4062] - Field ::XPH//button[contains(text(),'Add Content')]
[INFO ][2015-10-30 17:08:36,391][com.java.TestType] [ 4121] - BEFORE CLICK
[INFO ][2015-10-30 17:08:42,674][com.java.TestType] [ 4129] - Unable to click the object Add Content button
[INFO ][2015-10-30 17:08:42,674][com.java.SeleniumDriver] [  861] -  RESULT true
[INFO ][2015-10-30 17:08:42,674][com.java.SeleniumDriver] [ 1066] - ?   P A S S   ?
[INFO ][2015-10-30 17:08:42,674][com.java.SeleniumDriver] [  788] - ------------------------------------------
[INFO ][2015-10-30 17:08:42,674][com.java.SeleniumDriver] [  789] - Test case being Executed: 11
[INFO ][2015-10-30 17:08:42,674][com.java.SeleniumDriver] [  800] - Test step:3
[INFO ][2015-10-30 17:08:42,674][com.java.SeleniumDriver] [  812] - Datavalue is----------3
[INFO ][2015-10-30 17:08:42,674][com.java.SeleniumDriver] [  836] - DataField : BTNbdDialog
[INFO ][2015-10-30 17:08:42,674][com.java.SeleniumDriver] [  838] - DataValue : 3
[INFO ][2015-10-30 17:08:42,674][com.java.SeleniumDriver] [  844] - <In Set values of the page>
[INFO ][2015-10-30 17:08:42,674][com.java.SeleniumDriver] [  847] - {Data Fields & Data Values Exist}
[INFO ][2015-10-30 17:08:42,674][com.java.SeleniumDriver] [  849] - --------------------------setting values-----------------------------
[INFO ][2015-10-30 17:08:42,674][com.java.SeleniumDriver] [  852] - Action Type : WAITFORELEMENT
[INFO ][2015-10-30 17:08:43,877][com.java.SeleniumDriver] [  861] -  RESULT true
[INFO ][2015-10-30 17:08:43,877][com.java.SeleniumDriver] [ 1066] - ?   P A S S   ?
[INFO ][2015-10-30 17:08:43,877][com.java.SeleniumDriver] [  788] - ------------------------------------------
[INFO ][2015-10-30 17:08:43,877][com.java.SeleniumDriver] [  789] - Test case being Executed: 11
[INFO ][2015-10-30 17:08:43,877][com.java.SeleniumDriver] [  800] - Test step:4
[INFO ][2015-10-30 17:08:43,877][com.java.SeleniumDriver] [  812] - Datavalue is----------My Dashboard Modules
[INFO ][2015-10-30 17:08:43,877][com.java.SeleniumDriver] [  836] - DataField : XPH//span[contains(text(),'My Dashboard Modules')]
[INFO ][2015-10-30 17:08:43,877][com.java.SeleniumDriver] [  838] - DataValue : My Dashboard Modules
[INFO ][2015-10-30 17:08:43,877][com.java.SeleniumDriver] [  844] - <In Set values of the page>
[INFO ][2015-10-30 17:08:43,877][com.java.SeleniumDriver] [  847] - {Data Fields & Data Values Exist}
[INFO ][2015-10-30 17:08:43,877][com.java.SeleniumDriver] [  849] - --------------------------setting values-----------------------------
[INFO ][2015-10-30 17:08:43,877][com.java.SeleniumDriver] [  852] - Action Type : VERIFY
[INFO ][2015-10-30 17:08:43,877][com.java.TestType] [ 4875] - field= XPH//span[contains(text(),'My Dashboard Modules')] value= My Dashboard Modules
[INFO ][2015-10-30 17:08:43,877][com.java.TestType] [ 3749] - value = My Dashboard Modules
[INFO ][2015-10-30 17:08:43,988][com.java.SeleniumDriver] [  861] -  RESULT true
[INFO ][2015-10-30 17:08:43,988][com.java.SeleniumDriver] [ 1066] - ?   P A S S   ?
[INFO ][2015-10-30 17:08:43,988][com.java.SeleniumDriver] [  788] - ------------------------------------------
[INFO ][2015-10-30 17:08:43,988][com.java.SeleniumDriver] [  789] - Test case being Executed: 11
[INFO ][2015-10-30 17:08:43,988][com.java.SeleniumDriver] [  800] - Test step:5
[INFO ][2015-10-30 17:08:43,988][com.java.SeleniumDriver] [  812] - Datavalue is----------frameDialogContent
[INFO ][2015-10-30 17:08:43,988][com.java.SeleniumDriver] [  836] - DataField : BTN
[INFO ][2015-10-30 17:08:43,988][com.java.SeleniumDriver] [  838] - DataValue : frameDialogContent
[INFO ][2015-10-30 17:08:43,988][com.java.SeleniumDriver] [  844] - <In Set values of the page>
[INFO ][2015-10-30 17:08:43,988][com.java.SeleniumDriver] [  847] - {Data Fields & Data Values Exist}
[INFO ][2015-10-30 17:08:43,988][com.java.SeleniumDriver] [  849] - --------------------------setting values-----------------------------
[INFO ][2015-10-30 17:08:43,988][com.java.SeleniumDriver] [  852] - Action Type : SELECTFRAMEBYNAME
[INFO ][2015-10-30 17:08:43,988][com.java.TestType] [ 3749] - value = frameDialogContent
[INFO ][2015-10-30 17:08:44,058][com.java.SeleniumDriver] [  861] -  RESULT true
[INFO ][2015-10-30 17:08:44,058][com.java.SeleniumDriver] [ 1066] - ?   P A S S   ?
[INFO ][2015-10-30 17:08:44,058][com.java.SeleniumDriver] [  788] - ------------------------------------------
[INFO ][2015-10-30 17:08:44,058][com.java.SeleniumDriver] [  789] - Test case being Executed: 11
[INFO ][2015-10-30 17:08:44,058][com.java.SeleniumDriver] [  800] - Test step:6
[INFO ][2015-10-30 17:08:44,058][com.java.SeleniumDriver] [  812] - Datavalue is----------null
[DEBUG][2015-10-30 17:08:44,058][com.java.SeleniumDriver] [  830] - Exception: null
[INFO ][2015-10-30 17:08:44,058][com.java.SeleniumDriver] [  836] - DataField : BTNmoduleType2
[INFO ][2015-10-30 17:08:44,058][com.java.SeleniumDriver] [  838] - DataValue : 
[INFO ][2015-10-30 17:08:44,058][com.java.SeleniumDriver] [  844] - <In Set values of the page>
[INFO ][2015-10-30 17:08:44,058][com.java.SeleniumDriver] [  847] - {Data Fields & Data Values Exist}
[INFO ][2015-10-30 17:08:44,058][com.java.SeleniumDriver] [  849] - --------------------------setting values-----------------------------
[INFO ][2015-10-30 17:08:44,058][com.java.SeleniumDriver] [  852] - Action Type : CLICK
[INFO ][2015-10-30 17:08:44,058][com.java.TestType] [ 4062] - Field ::BTNmoduleType2
[INFO ][2015-10-30 17:08:45,058][com.java.TestType] [ 4100] - BEFORE CLICK
[INFO ][2015-10-30 17:08:46,269][com.java.TestType] [ 4107] - Unable to click the object I  want to add a custom dashboard indicator. Radio button
[INFO ][2015-10-30 17:08:46,269][com.java.SeleniumDriver] [  861] -  RESULT true
[INFO ][2015-10-30 17:08:46,269][com.java.SeleniumDriver] [ 1066] - ?   P A S S   ?
[INFO ][2015-10-30 17:08:46,269][com.java.SeleniumDriver] [  788] - ------------------------------------------
[INFO ][2015-10-30 17:08:46,269][com.java.SeleniumDriver] [  789] - Test case being Executed: 11
[INFO ][2015-10-30 17:08:46,269][com.java.SeleniumDriver] [  800] - Test step:7
[INFO ][2015-10-30 17:08:46,269][com.java.SeleniumDriver] [  812] - Datavalue is----------null
[DEBUG][2015-10-30 17:08:46,269][com.java.SeleniumDriver] [  830] - Exception: null
[INFO ][2015-10-30 17:08:46,269][com.java.SeleniumDriver] [  836] - DataField : BTNnextButton
[INFO ][2015-10-30 17:08:46,269][com.java.SeleniumDriver] [  838] - DataValue : 
[INFO ][2015-10-30 17:08:46,269][com.java.SeleniumDriver] [  844] - <In Set values of the page>
[INFO ][2015-10-30 17:08:46,269][com.java.SeleniumDriver] [  847] - {Data Fields & Data Values Exist}
[INFO ][2015-10-30 17:08:46,269][com.java.SeleniumDriver] [  849] - --------------------------setting values-----------------------------
[INFO ][2015-10-30 17:08:46,269][com.java.SeleniumDriver] [  852] - Action Type : CLICK
[INFO ][2015-10-30 17:08:46,269][com.java.TestType] [ 4062] - Field ::BTNnextButton
[INFO ][2015-10-30 17:08:47,269][com.java.TestType] [ 4100] - BEFORE CLICK
[INFO ][2015-10-30 17:08:48,471][com.java.TestType] [ 4107] - Unable to click the object Next button
[INFO ][2015-10-30 17:08:48,471][com.java.SeleniumDriver] [  861] -  RESULT true
[INFO ][2015-10-30 17:08:48,471][com.java.SeleniumDriver] [ 1066] - ?   P A S S   ?
[INFO ][2015-10-30 17:08:48,471][com.java.SeleniumDriver] [  788] - ------------------------------------------
[INFO ][2015-10-30 17:08:48,471][com.java.SeleniumDriver] [  789] - Test case being Executed: 11
[INFO ][2015-10-30 17:08:48,471][com.java.SeleniumDriver] [  800] - Test step:8
[INFO ][2015-10-30 17:08:48,471][com.java.SeleniumDriver] [  812] - Datavalue is----------3
[INFO ][2015-10-30 17:08:48,471][com.java.SeleniumDriver] [  836] - DataField : XPH//td[@class='dlg_Label']
[INFO ][2015-10-30 17:08:48,471][com.java.SeleniumDriver] [  838] - DataValue : 3
[INFO ][2015-10-30 17:08:48,471][com.java.SeleniumDriver] [  844] - <In Set values of the page>
[INFO ][2015-10-30 17:08:48,471][com.java.SeleniumDriver] [  847] - {Data Fields & Data Values Exist}
[INFO ][2015-10-30 17:08:48,471][com.java.SeleniumDriver] [  849] - --------------------------setting values-----------------------------
[INFO ][2015-10-30 17:08:48,471][com.java.SeleniumDriver] [  852] - Action Type : WAITFORELEMENT
[INFO ][2015-10-30 17:08:48,511][com.java.SeleniumDriver] [  861] -  RESULT true
[INFO ][2015-10-30 17:08:48,511][com.java.SeleniumDriver] [ 1066] - ?   P A S S   ?
[INFO ][2015-10-30 17:08:48,511][com.java.SeleniumDriver] [  788] - ------------------------------------------
[INFO ][2015-10-30 17:08:48,511][com.java.SeleniumDriver] [  789] - Test case being Executed: 11
[INFO ][2015-10-30 17:08:48,511][com.java.SeleniumDriver] [  800] - Test step:9
[INFO ][2015-10-30 17:08:48,511][com.java.SeleniumDriver] [  812] - Datavalue is----------I want to monitor:
[INFO ][2015-10-30 17:08:48,511][com.java.SeleniumDriver] [  836] - DataField : XPH//td[@class='dlg_Label']
[INFO ][2015-10-30 17:08:48,511][com.java.SeleniumDriver] [  838] - DataValue : I want to monitor:
[INFO ][2015-10-30 17:08:48,511][com.java.SeleniumDriver] [  844] - <In Set values of the page>
[INFO ][2015-10-30 17:08:48,511][com.java.SeleniumDriver] [  847] - {Data Fields & Data Values Exist}
[INFO ][2015-10-30 17:08:48,511][com.java.SeleniumDriver] [  849] - --------------------------setting values-----------------------------
[INFO ][2015-10-30 17:08:48,511][com.java.SeleniumDriver] [  852] - Action Type : VERIFY
[INFO ][2015-10-30 17:08:48,511][com.java.TestType] [ 4875] - field= XPH//td[@class='dlg_Label'] value= I want to monitor:
[INFO ][2015-10-30 17:08:48,511][com.java.TestType] [ 3749] - value = I want to monitor:
[INFO ][2015-10-30 17:08:48,591][com.java.SeleniumDriver] [  861] -  RESULT true
[INFO ][2015-10-30 17:08:48,591][com.java.SeleniumDriver] [ 1066] - ?   P A S S   ?
[INFO ][2015-10-30 17:08:48,591][com.java.SeleniumDriver] [  788] - ------------------------------------------
[INFO ][2015-10-30 17:08:48,591][com.java.SeleniumDriver] [  789] - Test case being Executed: 11
[INFO ][2015-10-30 17:08:48,591][com.java.SeleniumDriver] [  800] - Test step:10
[INFO ][2015-10-30 17:08:48,591][com.java.SeleniumDriver] [  812] - Datavalue is----------null
[DEBUG][2015-10-30 17:08:48,591][com.java.SeleniumDriver] [  830] - Exception: null
[INFO ][2015-10-30 17:08:48,591][com.java.SeleniumDriver] [  836] - DataField : BTNmonitorType5
[INFO ][2015-10-30 17:08:48,591][com.java.SeleniumDriver] [  838] - DataValue : 
[INFO ][2015-10-30 17:08:48,591][com.java.SeleniumDriver] [  844] - <In Set values of the page>
[INFO ][2015-10-30 17:08:48,591][com.java.SeleniumDriver] [  847] - {Data Fields & Data Values Exist}
[INFO ][2015-10-30 17:08:48,591][com.java.SeleniumDriver] [  849] - --------------------------setting values-----------------------------
[INFO ][2015-10-30 17:08:48,591][com.java.SeleniumDriver] [  852] - Action Type : CLICK
[INFO ][2015-10-30 17:08:48,591][com.java.TestType] [ 4062] - Field ::BTNmonitorType5
[INFO ][2015-10-30 17:08:49,591][com.java.TestType] [ 4100] - BEFORE CLICK
[INFO ][2015-10-30 17:08:50,762][com.java.TestType] [ 4107] - Unable to click the object Custom Calculations radio button
[INFO ][2015-10-30 17:08:50,762][com.java.SeleniumDriver] [  861] -  RESULT true
[INFO ][2015-10-30 17:08:50,762][com.java.SeleniumDriver] [ 1066] - ?   P A S S   ?
[INFO ][2015-10-30 17:08:50,762][com.java.SeleniumDriver] [  788] - ------------------------------------------
[INFO ][2015-10-30 17:08:50,762][com.java.SeleniumDriver] [  789] - Test case being Executed: 11
[INFO ][2015-10-30 17:08:50,762][com.java.SeleniumDriver] [  800] - Test step:11
[INFO ][2015-10-30 17:08:50,762][com.java.SeleniumDriver] [  812] - Datavalue is----------null
[DEBUG][2015-10-30 17:08:50,762][com.java.SeleniumDriver] [  830] - Exception: null
[INFO ][2015-10-30 17:08:50,762][com.java.SeleniumDriver] [  836] - DataField : BTNnextButton
[INFO ][2015-10-30 17:08:50,762][com.java.SeleniumDriver] [  838] - DataValue : 
[INFO ][2015-10-30 17:08:50,762][com.java.SeleniumDriver] [  844] - <In Set values of the page>
[INFO ][2015-10-30 17:08:50,762][com.java.SeleniumDriver] [  847] - {Data Fields & Data Values Exist}
[INFO ][2015-10-30 17:08:50,762][com.java.SeleniumDriver] [  849] - --------------------------setting values-----------------------------
[INFO ][2015-10-30 17:08:50,762][com.java.SeleniumDriver] [  852] - Action Type : CLICK
[INFO ][2015-10-30 17:08:50,762][com.java.TestType] [ 4062] - Field ::BTNnextButton
[INFO ][2015-10-30 17:08:51,763][com.java.TestType] [ 4100] - BEFORE CLICK
[INFO ][2015-10-30 17:08:53,014][com.java.TestType] [ 4107] - Unable to click the object Next button
[INFO ][2015-10-30 17:08:53,014][com.java.SeleniumDriver] [  861] -  RESULT true
[INFO ][2015-10-30 17:08:53,014][com.java.SeleniumDriver] [ 1066] - ?   P A S S   ?
[INFO ][2015-10-30 17:08:53,014][com.java.SeleniumDriver] [  788] - ------------------------------------------
[INFO ][2015-10-30 17:08:53,014][com.java.SeleniumDriver] [  789] - Test case being Executed: 11
[INFO ][2015-10-30 17:08:53,014][com.java.SeleniumDriver] [  800] - Test step:12
[INFO ][2015-10-30 17:08:53,014][com.java.SeleniumDriver] [  812] - Datavalue is----------4
[INFO ][2015-10-30 17:08:53,014][com.java.SeleniumDriver] [  836] - DataField : BTNtitle
[INFO ][2015-10-30 17:08:53,014][com.java.SeleniumDriver] [  838] - DataValue : 4
[INFO ][2015-10-30 17:08:53,014][com.java.SeleniumDriver] [  844] - <In Set values of the page>
[INFO ][2015-10-30 17:08:53,014][com.java.SeleniumDriver] [  847] - {Data Fields & Data Values Exist}
[INFO ][2015-10-30 17:08:53,014][com.java.SeleniumDriver] [  849] - --------------------------setting values-----------------------------
[INFO ][2015-10-30 17:08:53,014][com.java.SeleniumDriver] [  852] - Action Type : WAITFORELEMENT
[INFO ][2015-10-30 17:08:54,071][com.java.SeleniumDriver] [  861] -  RESULT true
[INFO ][2015-10-30 17:08:54,071][com.java.SeleniumDriver] [ 1066] - ?   P A S S   ?
[INFO ][2015-10-30 17:08:54,071][com.java.SeleniumDriver] [  788] - ------------------------------------------
[INFO ][2015-10-30 17:08:54,071][com.java.SeleniumDriver] [  789] - Test case being Executed: 11
[INFO ][2015-10-30 17:08:54,071][com.java.SeleniumDriver] [  800] - Test step:13
[INFO ][2015-10-30 17:08:54,071][com.java.SeleniumDriver] [  812] - Datavalue is----------Testing#1
[INFO ][2015-10-30 17:08:54,071][com.java.SeleniumDriver] [  836] - DataField : TXTtitle
[INFO ][2015-10-30 17:08:54,071][com.java.SeleniumDriver] [  838] - DataValue : Testing#1
[INFO ][2015-10-30 17:08:54,071][com.java.SeleniumDriver] [  844] - <In Set values of the page>
[INFO ][2015-10-30 17:08:54,071][com.java.SeleniumDriver] [  847] - {Data Fields & Data Values Exist}
[INFO ][2015-10-30 17:08:54,071][com.java.SeleniumDriver] [  849] - --------------------------setting values-----------------------------
[INFO ][2015-10-30 17:08:54,071][com.java.SeleniumDriver] [  852] - Action Type : CLEARANDENTER
[INFO ][2015-10-30 17:08:54,071][com.java.TestType] [ 3749] - value = Testing#1
[INFO ][2015-10-30 17:08:56,695][com.java.SeleniumDriver] [  861] -  RESULT true
[INFO ][2015-10-30 17:08:56,695][com.java.SeleniumDriver] [ 1066] - ?   P A S S   ?
[INFO ][2015-10-30 17:08:56,695][com.java.SeleniumDriver] [  788] - ------------------------------------------
[INFO ][2015-10-30 17:08:56,695][com.java.SeleniumDriver] [  789] - Test case being Executed: 11
[INFO ][2015-10-30 17:08:56,695][com.java.SeleniumDriver] [  800] - Test step:14
[INFO ][2015-10-30 17:08:56,695][com.java.SeleniumDriver] [  812] - Datavalue is----------index:1
[INFO ][2015-10-30 17:08:56,695][com.java.SeleniumDriver] [  836] - DataField : COBprofitCenter
[INFO ][2015-10-30 17:08:56,695][com.java.SeleniumDriver] [  838] - DataValue : index:1
[INFO ][2015-10-30 17:08:56,695][com.java.SeleniumDriver] [  844] - <In Set values of the page>
[INFO ][2015-10-30 17:08:56,695][com.java.SeleniumDriver] [  847] - {Data Fields & Data Values Exist}
[INFO ][2015-10-30 17:08:56,695][com.java.SeleniumDriver] [  849] - --------------------------setting values-----------------------------
[INFO ][2015-10-30 17:08:56,695][com.java.SeleniumDriver] [  852] - Action Type : SELECT
[INFO ][2015-10-30 17:08:56,695][com.java.TestType] [ 3749] - value = 1
[INFO ][2015-10-30 17:08:57,816][com.java.TestType] [ 3867] -  In COB profitCenter : 1
[INFO ][2015-10-30 17:08:58,426][com.java.SeleniumDriver] [  861] -  RESULT true
[INFO ][2015-10-30 17:08:58,426][com.java.SeleniumDriver] [ 1066] - ?   P A S S   ?
[INFO ][2015-10-30 17:08:58,426][com.java.SeleniumDriver] [  788] - ------------------------------------------
[INFO ][2015-10-30 17:08:58,426][com.java.SeleniumDriver] [  789] - Test case being Executed: 11
[INFO ][2015-10-30 17:08:58,426][com.java.SeleniumDriver] [  800] - Test step:15
[INFO ][2015-10-30 17:08:58,426][com.java.SeleniumDriver] [  812] - Datavalue is----------index:0
[INFO ][2015-10-30 17:08:58,426][com.java.SeleniumDriver] [  836] - DataField : COBgroup
[INFO ][2015-10-30 17:08:58,426][com.java.SeleniumDriver] [  838] - DataValue : index:0
[INFO ][2015-10-30 17:08:58,426][com.java.SeleniumDriver] [  844] - <In Set values of the page>
[INFO ][2015-10-30 17:08:58,426][com.java.SeleniumDriver] [  847] - {Data Fields & Data Values Exist}
[INFO ][2015-10-30 17:08:58,426][com.java.SeleniumDriver] [  849] - --------------------------setting values-----------------------------
[INFO ][2015-10-30 17:08:58,426][com.java.SeleniumDriver] [  852] - Action Type : SELECT
[INFO ][2015-10-30 17:08:58,426][com.java.TestType] [ 3749] - value = 0
[INFO ][2015-10-30 17:08:59,517][com.java.TestType] [ 3867] -  In COB group : 0
[INFO ][2015-10-30 17:08:59,587][com.java.SeleniumDriver] [  861] -  RESULT true
[INFO ][2015-10-30 17:08:59,587][com.java.SeleniumDriver] [ 1066] - ?   P A S S   ?
[INFO ][2015-10-30 17:08:59,587][com.java.SeleniumDriver] [  788] - ------------------------------------------
[INFO ][2015-10-30 17:08:59,587][com.java.SeleniumDriver] [  789] - Test case being Executed: 11
[INFO ][2015-10-30 17:08:59,587][com.java.SeleniumDriver] [  800] - Test step:16
[INFO ][2015-10-30 17:08:59,587][com.java.SeleniumDriver] [  812] - Datavalue is----------null
[DEBUG][2015-10-30 17:08:59,587][com.java.SeleniumDriver] [  830] - Exception: null
[INFO ][2015-10-30 17:08:59,587][com.java.SeleniumDriver] [  836] - DataField : BTNnextButton
[INFO ][2015-10-30 17:08:59,587][com.java.SeleniumDriver] [  838] - DataValue : 
[INFO ][2015-10-30 17:08:59,587][com.java.SeleniumDriver] [  844] - <In Set values of the page>
[INFO ][2015-10-30 17:08:59,587][com.java.SeleniumDriver] [  847] - {Data Fields & Data Values Exist}
[INFO ][2015-10-30 17:08:59,587][com.java.SeleniumDriver] [  849] - --------------------------setting values-----------------------------
[INFO ][2015-10-30 17:08:59,587][com.java.SeleniumDriver] [  852] - Action Type : CLICK
[INFO ][2015-10-30 17:08:59,587][com.java.TestType] [ 4062] - Field ::BTNnextButton
[INFO ][2015-10-30 17:09:00,587][com.java.TestType] [ 4100] - BEFORE CLICK
[INFO ][2015-10-30 17:09:01,939][com.java.TestType] [ 4107] - Unable to click the object Next button
[INFO ][2015-10-30 17:09:01,939][com.java.SeleniumDriver] [  861] -  RESULT true
[INFO ][2015-10-30 17:09:01,939][com.java.SeleniumDriver] [ 1066] - ?   P A S S   ?
[INFO ][2015-10-30 17:09:01,939][com.java.SeleniumDriver] [  788] - ------------------------------------------
[INFO ][2015-10-30 17:09:01,939][com.java.SeleniumDriver] [  789] - Test case being Executed: 11
[INFO ][2015-10-30 17:09:01,939][com.java.SeleniumDriver] [  800] - Test step:17
[INFO ][2015-10-30 17:09:01,939][com.java.SeleniumDriver] [  812] - Datavalue is----------null
[DEBUG][2015-10-30 17:09:01,939][com.java.SeleniumDriver] [  830] - Exception: null
[INFO ][2015-10-30 17:09:01,939][com.java.SeleniumDriver] [  836] - DataField : CNF
[INFO ][2015-10-30 17:09:01,939][com.java.SeleniumDriver] [  838] - DataValue : 
[INFO ][2015-10-30 17:09:01,939][com.java.SeleniumDriver] [  844] - <In Set values of the page>
[INFO ][2015-10-30 17:09:01,939][com.java.SeleniumDriver] [  847] - {Data Fields & Data Values Exist}
[INFO ][2015-10-30 17:09:01,939][com.java.SeleniumDriver] [  849] - --------------------------setting values-----------------------------
[INFO ][2015-10-30 17:09:01,939][com.java.SeleniumDriver] [  852] - Action Type : CLICK
[INFO ][2015-10-30 17:09:01,939][com.java.TestType] [ 4062] - Field ::CNF
[INFO ][2015-10-30 17:09:03,739][com.java.TestType] [ 4117] - Click the object You must select a calculation! Dialog window
[INFO ][2015-10-30 17:09:03,739][com.java.TestType] [ 4118] - Unable to click the object You must select a calculation! Dialog window
[INFO ][2015-10-30 17:09:03,739][com.java.SeleniumDriver] [  861] -  RESULT true
[INFO ][2015-10-30 17:09:03,739][com.java.SeleniumDriver] [ 1066] - ?   P A S S   ?
[INFO ][2015-10-30 17:09:03,739][com.java.SeleniumDriver] [  788] - ------------------------------------------
[INFO ][2015-10-30 17:09:03,739][com.java.SeleniumDriver] [  789] - Test case being Executed: 11
[INFO ][2015-10-30 17:09:03,739][com.java.SeleniumDriver] [  800] - Test step:18
[INFO ][2015-10-30 17:09:03,739][com.java.SeleniumDriver] [  812] - Datavalue is----------4
[INFO ][2015-10-30 17:09:03,739][com.java.SeleniumDriver] [  836] - DataField : BTNnextButton
[INFO ][2015-10-30 17:09:03,739][com.java.SeleniumDriver] [  838] - DataValue : 4
[INFO ][2015-10-30 17:09:03,739][com.java.SeleniumDriver] [  844] - <In Set values of the page>
[INFO ][2015-10-30 17:09:03,739][com.java.SeleniumDriver] [  847] - {Data Fields & Data Values Exist}
[INFO ][2015-10-30 17:09:03,739][com.java.SeleniumDriver] [  849] - --------------------------setting values-----------------------------
[INFO ][2015-10-30 17:09:03,739][com.java.SeleniumDriver] [  852] - Action Type : WAITFORELEMENT
[INFO ][2015-10-30 17:09:04,790][com.java.SeleniumDriver] [  861] -  RESULT true
[INFO ][2015-10-30 17:09:04,790][com.java.SeleniumDriver] [ 1066] - ?   P A S S   ?
[DEBUG][2015-10-30 17:09:04,790][com.java.SeleniumDriver] [ 1168] - Case found
[DEBUG][2015-10-30 17:09:04,790][com.java.SeleniumDriver] [ 1173] - Incrementing ReportCounters[0]:2
[INFO ][2015-10-30 17:09:04,790][com.java.SeleniumDriver] [ 1192] - The results are-------------------[11, 1, Add Custom Calculation Indicator to Start Page, Pass, , Fri Oct 30 17:08:35 IST 2015, 11, 2, Add Custom Calculation Indicator to Start Page, Pass, , Fri Oct 30 17:08:42 IST 2015, 11, 3, Add Custom Calculation Indicator to Start Page, Pass, , Fri Oct 30 17:08:43 IST 2015, 11, 4, Add Custom Calculation Indicator to Start Page, Pass, , Fri Oct 30 17:08:43 IST 2015, 11, 5, Add Custom Calculation Indicator to Start Page, Pass, , Fri Oct 30 17:08:44 IST 2015, 11, 6, Add Custom Calculation Indicator to Start Page, Pass, , Fri Oct 30 17:08:46 IST 2015, 11, 7, Add Custom Calculation Indicator to Start Page, Pass, , Fri Oct 30 17:08:48 IST 2015, 11, 8, Add Custom Calculation Indicator to Start Page, Pass, , Fri Oct 30 17:08:48 IST 2015, 11, 9, Add Custom Calculation Indicator to Start Page, Pass, , Fri Oct 30 17:08:48 IST 2015, 11, 10, Add Custom Calculation Indicator to Start Page, Pass, , Fri Oct 30 17:08:50 IST 2015, 11, 11, Add Custom Calculation Indicator to Start Page, Pass, , Fri Oct 30 17:08:53 IST 2015, 11, 12, Add Custom Calculation Indicator to Start Page, Pass, , Fri Oct 30 17:08:54 IST 2015, 11, 13, Add Custom Calculation Indicator to Start Page, Pass, , Fri Oct 30 17:08:56 IST 2015, 11, 14, Add Custom Calculation Indicator to Start Page, Pass, , Fri Oct 30 17:08:58 IST 2015, 11, 15, Add Custom Calculation Indicator to Start Page, Pass, , Fri Oct 30 17:08:59 IST 2015, 11, 16, Add Custom Calculation Indicator to Start Page, Pass, , Fri Oct 30 17:09:01 IST 2015, 11, 17, Add Custom Calculation Indicator to Start Page, Pass, , Fri Oct 30 17:09:03 IST 2015, 11, 18, Add Custom Calculation Indicator to Start Page, Pass, , Fri Oct 30 17:09:04 IST 2015]
[INFO ][2015-10-30 17:09:04,790][com.java.SeleniumDriver] [ 1196] - End time is-------1 min 46 sec
[INFO ][2015-10-30 17:09:04,790][com.java.SeleniumDriver] [ 1197] - The results are-------------------[11, 1, Add Custom Calculation Indicator to Start Page, Pass, , Fri Oct 30 17:08:35 IST 2015, 11, 2, Add Custom Calculation Indicator to Start Page, Pass, , Fri Oct 30 17:08:42 IST 2015, 11, 3, Add Custom Calculation Indicator to Start Page, Pass, , Fri Oct 30 17:08:43 IST 2015, 11, 4, Add Custom Calculation Indicator to Start Page, Pass, , Fri Oct 30 17:08:43 IST 2015, 11, 5, Add Custom Calculation Indicator to Start Page, Pass, , Fri Oct 30 17:08:44 IST 2015, 11, 6, Add Custom Calculation Indicator to Start Page, Pass, , Fri Oct 30 17:08:46 IST 2015, 11, 7, Add Custom Calculation Indicator to Start Page, Pass, , Fri Oct 30 17:08:48 IST 2015, 11, 8, Add Custom Calculation Indicator to Start Page, Pass, , Fri Oct 30 17:08:48 IST 2015, 11, 9, Add Custom Calculation Indicator to Start Page, Pass, , Fri Oct 30 17:08:48 IST 2015, 11, 10, Add Custom Calculation Indicator to Start Page, Pass, , Fri Oct 30 17:08:50 IST 2015, 11, 11, Add Custom Calculation Indicator to Start Page, Pass, , Fri Oct 30 17:08:53 IST 2015, 11, 12, Add Custom Calculation Indicator to Start Page, Pass, , Fri Oct 30 17:08:54 IST 2015, 11, 13, Add Custom Calculation Indicator to Start Page, Pass, , Fri Oct 30 17:08:56 IST 2015, 11, 14, Add Custom Calculation Indicator to Start Page, Pass, , Fri Oct 30 17:08:58 IST 2015, 11, 15, Add Custom Calculation Indicator to Start Page, Pass, , Fri Oct 30 17:08:59 IST 2015, 11, 16, Add Custom Calculation Indicator to Start Page, Pass, , Fri Oct 30 17:09:01 IST 2015, 11, 17, Add Custom Calculation Indicator to Start Page, Pass, , Fri Oct 30 17:09:03 IST 2015, 11, 18, Add Custom Calculation Indicator to Start Page, Pass, , Fri Oct 30 17:09:04 IST 2015]
[DEBUG][2015-10-30 17:09:04,790][com.java.ImportnExport.ExportTestResultsExcel] [  222] - testResultPath = D:\BankersDashboard/TestReports/Test Results_BankersDashBoard_103015_170720_IE11_Bank of North Carolina.xls
[DEBUG][2015-10-30 17:09:04,790][com.java.ImportnExport.ExportTestResultsExcel] [  223] - browser is------------IE11
[DEBUG][2015-10-30 17:09:04,790][com.java.ImportnExport.ExportTestResultsExcel] [  270] - result.size() = 108
[DEBUG][2015-10-30 17:09:04,790][com.java.ImportnExport.ExportTestResultsExcel] [  274] - No of rows in sheet=2
[DEBUG][2015-10-30 17:09:04,790][com.java.ImportnExport.ExportTestResultsExcel] [  301] - ..in export..11
[DEBUG][2015-10-30 17:09:04,790][com.java.ImportnExport.ExportTestResultsExcel] [  301] - ..in export..Add Custom Calculation Indicator to Start Page
[DEBUG][2015-10-30 17:09:04,790][com.java.ImportnExport.ExportTestResultsExcel] [  301] - ..in export..Pass
[DEBUG][2015-10-30 17:09:04,790][com.java.ImportnExport.ExportTestResultsExcel] [  301] - ..in export..
[DEBUG][2015-10-30 17:09:04,790][com.java.ImportnExport.ExportTestResultsExcel] [  301] - ..in export..Fri Oct 30 17:08:35 IST 2015
[INFO ][2015-10-30 17:09:04,790][com.java.SeleniumDriver] [ 1255] - out loop:1 size:5 TestCases:[1, 11, 14, 10, 7] testcases:[1, 11, 14, 10, 7]
[INFO ][2015-10-30 17:09:04,790][com.java.ImportnExport.ImportTestDataDetailsExcel] [   49] - test data details path===== D:\BankersDashboard\TestInputs\TestData.xls
[INFO ][2015-10-30 17:09:27,514][com.java.SeleniumDriver] [  788] - ------------------------------------------
[INFO ][2015-10-30 17:09:27,514][com.java.SeleniumDriver] [  789] - Test case being Executed: 14
[INFO ][2015-10-30 17:09:27,514][com.java.SeleniumDriver] [  800] - Test step:1
[INFO ][2015-10-30 17:09:27,514][com.java.SeleniumDriver] [  812] - Datavalue is----------Logout
[INFO ][2015-10-30 17:09:27,514][com.java.SeleniumDriver] [  836] - DataField : BTN
[INFO ][2015-10-30 17:09:27,514][com.java.SeleniumDriver] [  838] - DataValue : Logout
[INFO ][2015-10-30 17:09:27,514][com.java.SeleniumDriver] [  844] - <In Set values of the page>
[INFO ][2015-10-30 17:09:27,514][com.java.SeleniumDriver] [  847] - {Data Fields & Data Values Exist}
[INFO ][2015-10-30 17:09:27,514][com.java.SeleniumDriver] [  849] - --------------------------setting values-----------------------------
[INFO ][2015-10-30 17:09:27,514][com.java.SeleniumDriver] [  852] - Action Type : Verify
[INFO ][2015-10-30 17:09:27,514][com.java.TestType] [ 4875] - field= BTN value= Logout
[INFO ][2015-10-30 17:09:27,514][com.java.TestType] [ 3749] - value = Logout
[INFO ][2015-10-30 17:09:27,555][com.java.SeleniumDriver] [  861] -  RESULT true
[INFO ][2015-10-30 17:09:27,555][com.java.SeleniumDriver] [ 1066] - ?   P A S S   ?
[INFO ][2015-10-30 17:09:27,555][com.java.SeleniumDriver] [ 1108] - step change to 3
[INFO ][2015-10-30 17:09:27,555][com.java.SeleniumDriver] [  788] - ------------------------------------------
[INFO ][2015-10-30 17:09:27,555][com.java.SeleniumDriver] [  789] - Test case being Executed: 14
[INFO ][2015-10-30 17:09:27,555][com.java.SeleniumDriver] [  800] - Test step:3
[INFO ][2015-10-30 17:09:27,555][com.java.SeleniumDriver] [  812] - Datavalue is----------2
[INFO ][2015-10-30 17:09:27,555][com.java.SeleniumDriver] [  836] - DataField : BTNG/L
[INFO ][2015-10-30 17:09:27,555][com.java.SeleniumDriver] [  838] - DataValue : 2
[INFO ][2015-10-30 17:09:27,555][com.java.SeleniumDriver] [  844] - <In Set values of the page>
[INFO ][2015-10-30 17:09:27,555][com.java.SeleniumDriver] [  847] - {Data Fields & Data Values Exist}
[INFO ][2015-10-30 17:09:27,555][com.java.SeleniumDriver] [  849] - --------------------------setting values-----------------------------
[INFO ][2015-10-30 17:09:27,555][com.java.SeleniumDriver] [  852] - Action Type : WAITFORELEMENT
[INFO ][2015-10-30 17:09:27,605][com.java.SeleniumDriver] [  861] -  RESULT true
[INFO ][2015-10-30 17:09:27,605][com.java.SeleniumDriver] [ 1066] - ?   P A S S   ?
[INFO ][2015-10-30 17:09:27,605][com.java.SeleniumDriver] [  788] - ------------------------------------------
[INFO ][2015-10-30 17:09:27,605][com.java.SeleniumDriver] [  789] - Test case being Executed: 14
[INFO ][2015-10-30 17:09:27,605][com.java.SeleniumDriver] [  800] - Test step:4
[INFO ][2015-10-30 17:09:27,605][com.java.SeleniumDriver] [  812] - Datavalue is----------CNS
[INFO ][2015-10-30 17:09:27,605][com.java.SeleniumDriver] [  836] - DataField : BNK//select[@id='bank']
[INFO ][2015-10-30 17:09:27,605][com.java.SeleniumDriver] [  838] - DataValue : CNS
[INFO ][2015-10-30 17:09:27,605][com.java.SeleniumDriver] [  844] - <In Set values of the page>
[INFO ][2015-10-30 17:09:27,605][com.java.SeleniumDriver] [  847] - {Data Fields & Data Values Exist}
[INFO ][2015-10-30 17:09:27,605][com.java.SeleniumDriver] [  849] - --------------------------setting values-----------------------------
[INFO ][2015-10-30 17:09:27,605][com.java.SeleniumDriver] [  852] - Action Type : SELECT
[INFO ][2015-10-30 17:09:27,605][com.java.TestType] [ 3749] - value = CNS
[INFO ][2015-10-30 17:09:28,115][com.java.SeleniumDriver] [  861] -  RESULT false
[INFO ][2015-10-30 17:09:28,115][com.java.SeleniumDriver] [  908] - ?   F A I L   ?
[INFO ][2015-10-30 17:09:28,115][com.java.SeleniumDriver] [  916] - Browser Type : IE11
[INFO ][2015-10-30 17:09:28,115][com.java.SeleniumDriver] [  917] - Adding Failed case14
[INFO ][2015-10-30 17:09:28,913][com.java.SeleniumDriver] [ 1030] - failedCases = 14
[ERROR][2015-10-30 17:09:28,913][com.java.SeleniumDriver] [ 1516] - Platform Errors : Our apologies...::We have encountered an issue with your request.::Our apologies?:We encountered an issue with your request.
[INFO ][2015-10-30 17:09:28,913][com.java.SeleniumDriver] [ 1520] - Length =3
[ERROR][2015-10-30 17:09:28,913][com.java.SeleniumDriver] [ 1523] - Error 0 = Our apologies...
[ERROR][2015-10-30 17:09:28,964][com.java.SeleniumDriver] [ 1523] - Error 1 = We have encountered an issue with your request.
[ERROR][2015-10-30 17:09:29,004][com.java.SeleniumDriver] [ 1523] - Error 2 = Our apologies?:We encountered an issue with your request.
[DEBUG][2015-10-30 17:09:29,054][com.java.SeleniumDriver] [ 1168] - Case found
[DEBUG][2015-10-30 17:09:29,054][com.java.SeleniumDriver] [ 1173] - Incrementing ReportCounters[0]:3
[INFO ][2015-10-30 17:09:29,054][com.java.SeleniumDriver] [ 1192] - The results are-------------------[14, 4, GL: Balance Sheet: Balance Sheet Report: Eliminations Negative Test, Fail, 
Test case failed at Step No. :: 4   Error Message ::  Failed to select item: BNC Bank Corp & Subsidiaries from //select[@id='bank']. Screen Shot : D:\BankersDashboard\TestReports\103015\14_103015_170928_IE11.png, Fri Oct 30 17:09:29 IST 2015]
[INFO ][2015-10-30 17:09:29,054][com.java.SeleniumDriver] [ 1196] - End time is-------2 min 10 sec
[INFO ][2015-10-30 17:09:29,054][com.java.SeleniumDriver] [ 1197] - The results are-------------------[14, 4, GL: Balance Sheet: Balance Sheet Report: Eliminations Negative Test, Fail, 
Test case failed at Step No. :: 4   Error Message ::  Failed to select item: BNC Bank Corp & Subsidiaries from //select[@id='bank']. Screen Shot : D:\BankersDashboard\TestReports\103015\14_103015_170928_IE11.png, Fri Oct 30 17:09:29 IST 2015]
[DEBUG][2015-10-30 17:09:29,054][com.java.ImportnExport.ExportTestResultsExcel] [  222] - testResultPath = D:\BankersDashboard/TestReports/Test Results_BankersDashBoard_103015_170720_IE11_Bank of North Carolina.xls
[DEBUG][2015-10-30 17:09:29,054][com.java.ImportnExport.ExportTestResultsExcel] [  223] - browser is------------IE11
[DEBUG][2015-10-30 17:09:29,054][com.java.ImportnExport.ExportTestResultsExcel] [  270] - result.size() = 6
[DEBUG][2015-10-30 17:09:29,054][com.java.ImportnExport.ExportTestResultsExcel] [  274] - No of rows in sheet=3
[DEBUG][2015-10-30 17:09:29,054][com.java.ImportnExport.ExportTestResultsExcel] [  301] - ..in export..14
[DEBUG][2015-10-30 17:09:29,054][com.java.ImportnExport.ExportTestResultsExcel] [  301] - ..in export..GL: Balance Sheet: Balance Sheet Report: Eliminations Negative Test
[DEBUG][2015-10-30 17:09:29,054][com.java.ImportnExport.ExportTestResultsExcel] [  301] - ..in export..Fail
[DEBUG][2015-10-30 17:09:29,054][com.java.ImportnExport.ExportTestResultsExcel] [  301] - ..in export..
Test case failed at Step No. :: 4   Error Message ::  Failed to select item: BNC Bank Corp & Subsidiaries from //select[@id='bank']. Screen Shot : D:\BankersDashboard\TestReports\103015\14_103015_170928_IE11.png
[DEBUG][2015-10-30 17:09:29,054][com.java.ImportnExport.ExportTestResultsExcel] [  301] - ..in export..Fri Oct 30 17:09:29 IST 2015
[INFO ][2015-10-30 17:09:29,054][com.java.SeleniumDriver] [ 1255] - out loop:2 size:5 TestCases:[1, 11, 14, 10, 7] testcases:[1, 11, 14, 10, 7]
[INFO ][2015-10-30 17:09:29,054][com.java.ImportnExport.ImportTestDataDetailsExcel] [   49] - test data details path===== D:\BankersDashboard\TestInputs\TestData.xls
[INFO ][2015-10-30 17:09:43,339][com.java.SeleniumDriver] [  788] - ------------------------------------------
[INFO ][2015-10-30 17:09:43,339][com.java.SeleniumDriver] [  789] - Test case being Executed: 10
[INFO ][2015-10-30 17:09:43,339][com.java.SeleniumDriver] [  800] - Test step:1
[INFO ][2015-10-30 17:09:43,339][com.java.SeleniumDriver] [  812] - Datavalue is----------Logout
[INFO ][2015-10-30 17:09:43,339][com.java.SeleniumDriver] [  836] - DataField : BTN
[INFO ][2015-10-30 17:09:43,339][com.java.SeleniumDriver] [  838] - DataValue : Logout
[INFO ][2015-10-30 17:09:43,339][com.java.SeleniumDriver] [  844] - <In Set values of the page>
[INFO ][2015-10-30 17:09:43,339][com.java.SeleniumDriver] [  847] - {Data Fields & Data Values Exist}
[INFO ][2015-10-30 17:09:43,339][com.java.SeleniumDriver] [  849] - --------------------------setting values-----------------------------
[INFO ][2015-10-30 17:09:43,339][com.java.SeleniumDriver] [  852] - Action Type : Verify
[INFO ][2015-10-30 17:09:43,339][com.java.TestType] [ 4875] - field= BTN value= Logout
[INFO ][2015-10-30 17:09:43,339][com.java.TestType] [ 3749] - value = Logout
[INFO ][2015-10-30 17:09:43,380][com.java.SeleniumDriver] [  861] -  RESULT true
[INFO ][2015-10-30 17:09:43,380][com.java.SeleniumDriver] [ 1066] - ?   P A S S   ?
[INFO ][2015-10-30 17:09:43,380][com.java.SeleniumDriver] [ 1108] - step change to 3
[INFO ][2015-10-30 17:09:43,380][com.java.SeleniumDriver] [  788] - ------------------------------------------
[INFO ][2015-10-30 17:09:43,380][com.java.SeleniumDriver] [  789] - Test case being Executed: 10
[INFO ][2015-10-30 17:09:43,380][com.java.SeleniumDriver] [  800] - Test step:3
[INFO ][2015-10-30 17:09:43,380][com.java.SeleniumDriver] [  812] - Datavalue is----------null
[DEBUG][2015-10-30 17:09:43,380][com.java.SeleniumDriver] [  830] - Exception: null
[INFO ][2015-10-30 17:09:43,380][com.java.SeleniumDriver] [  836] - DataField : //span[@class='icon-user4']&&Users&&Manage Users
[INFO ][2015-10-30 17:09:43,380][com.java.SeleniumDriver] [  838] - DataValue : 
[INFO ][2015-10-30 17:09:43,380][com.java.SeleniumDriver] [  844] - <In Set values of the page>
[INFO ][2015-10-30 17:09:43,380][com.java.SeleniumDriver] [  847] - {Data Fields & Data Values Exist}
[INFO ][2015-10-30 17:09:43,380][com.java.SeleniumDriver] [  849] - --------------------------setting values-----------------------------
[INFO ][2015-10-30 17:09:43,380][com.java.SeleniumDriver] [  852] - Action Type : MouseOver
[INFO ][2015-10-30 17:09:56,358][com.java.SeleniumDriver] [  861] -  RESULT true
[INFO ][2015-10-30 17:09:56,358][com.java.SeleniumDriver] [ 1066] - ?   P A S S   ?
[INFO ][2015-10-30 17:09:56,358][com.java.SeleniumDriver] [  788] - ------------------------------------------
[INFO ][2015-10-30 17:09:56,358][com.java.SeleniumDriver] [  789] - Test case being Executed: 10
[INFO ][2015-10-30 17:09:56,358][com.java.SeleniumDriver] [  800] - Test step:4
[INFO ][2015-10-30 17:09:56,358][com.java.SeleniumDriver] [  812] - Datavalue is----------1
[INFO ][2015-10-30 17:09:56,358][com.java.SeleniumDriver] [  836] - DataField : BTNframeDialogContent
[INFO ][2015-10-30 17:09:56,358][com.java.SeleniumDriver] [  838] - DataValue : 1
[INFO ][2015-10-30 17:09:56,358][com.java.SeleniumDriver] [  844] - <In Set values of the page>
[INFO ][2015-10-30 17:09:56,358][com.java.SeleniumDriver] [  847] - {Data Fields & Data Values Exist}
[INFO ][2015-10-30 17:09:56,358][com.java.SeleniumDriver] [  849] - --------------------------setting values-----------------------------
[INFO ][2015-10-30 17:09:56,358][com.java.SeleniumDriver] [  852] - Action Type : WaitForElement
[INFO ][2015-10-30 17:09:57,569][com.java.SeleniumDriver] [  861] -  RESULT true
[INFO ][2015-10-30 17:09:57,569][com.java.SeleniumDriver] [ 1066] - ?   P A S S   ?
[INFO ][2015-10-30 17:09:57,569][com.java.SeleniumDriver] [  788] - ------------------------------------------
[INFO ][2015-10-30 17:09:57,569][com.java.SeleniumDriver] [  789] - Test case being Executed: 10
[INFO ][2015-10-30 17:09:57,569][com.java.SeleniumDriver] [  800] - Test step:5
[INFO ][2015-10-30 17:09:57,569][com.java.SeleniumDriver] [  812] - Datavalue is----------null
[DEBUG][2015-10-30 17:09:57,569][com.java.SeleniumDriver] [  830] - Exception: null
[INFO ][2015-10-30 17:09:57,569][com.java.SeleniumDriver] [  836] - DataField : BTNframeDialogContent
[INFO ][2015-10-30 17:09:57,569][com.java.SeleniumDriver] [  838] - DataValue : 
[INFO ][2015-10-30 17:09:57,569][com.java.SeleniumDriver] [  844] - <In Set values of the page>
[INFO ][2015-10-30 17:09:57,569][com.java.SeleniumDriver] [  847] - {Data Fields & Data Values Exist}
[INFO ][2015-10-30 17:09:57,569][com.java.SeleniumDriver] [  849] - --------------------------setting values-----------------------------
[INFO ][2015-10-30 17:09:57,569][com.java.SeleniumDriver] [  852] - Action Type : SelectFrame
[INFO ][2015-10-30 17:09:58,821][com.java.SeleniumDriver] [  861] -  RESULT true
[INFO ][2015-10-30 17:09:58,821][com.java.SeleniumDriver] [ 1066] - ?   P A S S   ?
[INFO ][2015-10-30 17:09:58,821][com.java.SeleniumDriver] [  788] - ------------------------------------------
[INFO ][2015-10-30 17:09:58,821][com.java.SeleniumDriver] [  789] - Test case being Executed: 10
[INFO ][2015-10-30 17:09:58,821][com.java.SeleniumDriver] [  800] - Test step:6
[INFO ][2015-10-30 17:09:58,821][com.java.SeleniumDriver] [  812] - Datavalue is----------1
[INFO ][2015-10-30 17:09:58,821][com.java.SeleniumDriver] [  836] - DataField : BTNbtnAddUser
[INFO ][2015-10-30 17:09:58,821][com.java.SeleniumDriver] [  838] - DataValue : 1
[INFO ][2015-10-30 17:09:58,821][com.java.SeleniumDriver] [  844] - <In Set values of the page>
[INFO ][2015-10-30 17:09:58,821][com.java.SeleniumDriver] [  847] - {Data Fields & Data Values Exist}
[INFO ][2015-10-30 17:09:58,821][com.java.SeleniumDriver] [  849] - --------------------------setting values-----------------------------
[INFO ][2015-10-30 17:09:58,821][com.java.SeleniumDriver] [  852] - Action Type : WaitForElement
[INFO ][2015-10-30 17:10:00,261][com.java.SeleniumDriver] [  861] -  RESULT true
[INFO ][2015-10-30 17:10:00,261][com.java.SeleniumDriver] [ 1066] - ?   P A S S   ?
[INFO ][2015-10-30 17:10:00,261][com.java.SeleniumDriver] [  788] - ------------------------------------------
[INFO ][2015-10-30 17:10:00,261][com.java.SeleniumDriver] [  789] - Test case being Executed: 10
[INFO ][2015-10-30 17:10:00,261][com.java.SeleniumDriver] [  800] - Test step:7
[INFO ][2015-10-30 17:10:00,261][com.java.SeleniumDriver] [  812] - Datavalue is----------null
[DEBUG][2015-10-30 17:10:00,261][com.java.SeleniumDriver] [  830] - Exception: null
[INFO ][2015-10-30 17:10:00,261][com.java.SeleniumDriver] [  836] - DataField : BTNbtnAddUser
[INFO ][2015-10-30 17:10:00,261][com.java.SeleniumDriver] [  838] - DataValue : 
[INFO ][2015-10-30 17:10:00,261][com.java.SeleniumDriver] [  844] - <In Set values of the page>
[INFO ][2015-10-30 17:10:00,261][com.java.SeleniumDriver] [  847] - {Data Fields & Data Values Exist}
[INFO ][2015-10-30 17:10:00,261][com.java.SeleniumDriver] [  849] - --------------------------setting values-----------------------------
[INFO ][2015-10-30 17:10:00,261][com.java.SeleniumDriver] [  852] - Action Type : Click
[INFO ][2015-10-30 17:10:00,261][com.java.TestType] [ 4062] - Field ::BTNbtnAddUser
[INFO ][2015-10-30 17:10:01,262][com.java.TestType] [ 4100] - BEFORE CLICK
[INFO ][2015-10-30 17:10:02,853][com.java.TestType] [ 4107] - Unable to click the object Add user button
[INFO ][2015-10-30 17:10:02,853][com.java.SeleniumDriver] [  861] -  RESULT true
[INFO ][2015-10-30 17:10:02,853][com.java.SeleniumDriver] [ 1066] - ?   P A S S   ?
[INFO ][2015-10-30 17:10:02,853][com.java.SeleniumDriver] [  788] - ------------------------------------------
[INFO ][2015-10-30 17:10:02,853][com.java.SeleniumDriver] [  789] - Test case being Executed: 10
[INFO ][2015-10-30 17:10:02,853][com.java.SeleniumDriver] [  800] - Test step:8
[INFO ][2015-10-30 17:10:02,853][com.java.SeleniumDriver] [  812] - Datavalue is----------1
[INFO ][2015-10-30 17:10:02,853][com.java.SeleniumDriver] [  836] - DataField : BTNtxtUserName
[INFO ][2015-10-30 17:10:02,853][com.java.SeleniumDriver] [  838] - DataValue : 1
[INFO ][2015-10-30 17:10:02,853][com.java.SeleniumDriver] [  844] - <In Set values of the page>
[INFO ][2015-10-30 17:10:02,853][com.java.SeleniumDriver] [  847] - {Data Fields & Data Values Exist}
[INFO ][2015-10-30 17:10:02,853][com.java.SeleniumDriver] [  849] - --------------------------setting values-----------------------------
[INFO ][2015-10-30 17:10:02,853][com.java.SeleniumDriver] [  852] - Action Type : WaitForElement
[INFO ][2015-10-30 17:10:12,491][com.java.SeleniumDriver] [  861] -  RESULT true
[INFO ][2015-10-30 17:10:12,491][com.java.SeleniumDriver] [ 1066] - ?   P A S S   ?
[INFO ][2015-10-30 17:10:12,491][com.java.SeleniumDriver] [  788] - ------------------------------------------
[INFO ][2015-10-30 17:10:12,491][com.java.SeleniumDriver] [  789] - Test case being Executed: 10
[INFO ][2015-10-30 17:10:12,491][com.java.SeleniumDriver] [  800] - Test step:9
[INFO ][2015-10-30 17:10:12,491][com.java.SeleniumDriver] [  812] - Datavalue is----------dt:NewUserName
[INFO ][2015-10-30 17:10:12,491][com.java.SeleniumDriver] [  836] - DataField : TXTtxtUserName
[INFO ][2015-10-30 17:10:12,491][com.java.SeleniumDriver] [  838] - DataValue : dt:NewUserName
[INFO ][2015-10-30 17:10:12,491][com.java.SeleniumDriver] [  844] - <In Set values of the page>
[INFO ][2015-10-30 17:10:12,491][com.java.SeleniumDriver] [  847] - {Data Fields & Data Values Exist}
[INFO ][2015-10-30 17:10:12,491][com.java.SeleniumDriver] [  849] - --------------------------setting values-----------------------------
[INFO ][2015-10-30 17:10:12,491][com.java.SeleniumDriver] [  852] - Action Type : Enter
[INFO ][2015-10-30 17:10:12,491][com.java.TestType] [ 4382] - field = txtUserName
[INFO ][2015-10-30 17:10:12,491][com.java.TestType] [ 3749] - value = vltest.robot
[INFO ][2015-10-30 17:10:15,566][com.java.SeleniumDriver] [  861] -  RESULT true
[INFO ][2015-10-30 17:10:15,566][com.java.SeleniumDriver] [ 1066] - ?   P A S S   ?
[INFO ][2015-10-30 17:10:15,566][com.java.SeleniumDriver] [  788] - ------------------------------------------
[INFO ][2015-10-30 17:10:15,566][com.java.SeleniumDriver] [  789] - Test case being Executed: 10
[INFO ][2015-10-30 17:10:15,566][com.java.SeleniumDriver] [  800] - Test step:10
[INFO ][2015-10-30 17:10:15,566][com.java.SeleniumDriver] [  812] - Datavalue is----------VLTest
[INFO ][2015-10-30 17:10:15,566][com.java.SeleniumDriver] [  836] - DataField : TXTtxtFirstName
[INFO ][2015-10-30 17:10:15,566][com.java.SeleniumDriver] [  838] - DataValue : VLTest
[INFO ][2015-10-30 17:10:15,566][com.java.SeleniumDriver] [  844] - <In Set values of the page>
[INFO ][2015-10-30 17:10:15,566][com.java.SeleniumDriver] [  847] - {Data Fields & Data Values Exist}
[INFO ][2015-10-30 17:10:15,566][com.java.SeleniumDriver] [  849] - --------------------------setting values-----------------------------
[INFO ][2015-10-30 17:10:15,566][com.java.SeleniumDriver] [  852] - Action Type : Enter
[INFO ][2015-10-30 17:10:15,566][com.java.TestType] [ 4382] - field = txtFirstName
[INFO ][2015-10-30 17:10:15,566][com.java.TestType] [ 3749] - value = VLTest
[INFO ][2015-10-30 17:10:18,930][com.java.SeleniumDriver] [  861] -  RESULT true
[INFO ][2015-10-30 17:10:18,930][com.java.SeleniumDriver] [ 1066] - ?   P A S S   ?
[INFO ][2015-10-30 17:10:18,930][com.java.SeleniumDriver] [  788] - ------------------------------------------
[INFO ][2015-10-30 17:10:18,930][com.java.SeleniumDriver] [  789] - Test case being Executed: 10
[INFO ][2015-10-30 17:10:18,930][com.java.SeleniumDriver] [  800] - Test step:11
[INFO ][2015-10-30 17:10:18,930][com.java.SeleniumDriver] [  812] - Datavalue is----------Robot
[INFO ][2015-10-30 17:10:18,930][com.java.SeleniumDriver] [  836] - DataField : TXTtxtLastName
[INFO ][2015-10-30 17:10:18,930][com.java.SeleniumDriver] [  838] - DataValue : Robot
[INFO ][2015-10-30 17:10:18,930][com.java.SeleniumDriver] [  844] - <In Set values of the page>
[INFO ][2015-10-30 17:10:18,930][com.java.SeleniumDriver] [  847] - {Data Fields & Data Values Exist}
[INFO ][2015-10-30 17:10:18,930][com.java.SeleniumDriver] [  849] - --------------------------setting values-----------------------------
[INFO ][2015-10-30 17:10:18,930][com.java.SeleniumDriver] [  852] - Action Type : Enter
[INFO ][2015-10-30 17:10:18,930][com.java.TestType] [ 4382] - field = txtLastName
[INFO ][2015-10-30 17:10:18,930][com.java.TestType] [ 3749] - value = Robot
[INFO ][2015-10-30 17:10:22,056][com.java.SeleniumDriver] [  861] -  RESULT true
[INFO ][2015-10-30 17:10:22,056][com.java.SeleniumDriver] [ 1066] - ?   P A S S   ?
[INFO ][2015-10-30 17:10:22,056][com.java.SeleniumDriver] [  788] - ------------------------------------------
[INFO ][2015-10-30 17:10:22,056][com.java.SeleniumDriver] [  789] - Test case being Executed: 10
[INFO ][2015-10-30 17:10:22,056][com.java.SeleniumDriver] [  800] - Test step:12
[INFO ][2015-10-30 17:10:22,056][com.java.SeleniumDriver] [  812] - Datavalue is----------ValueLabs
[INFO ][2015-10-30 17:10:22,056][com.java.SeleniumDriver] [  836] - DataField : TXTtxtCompany
[INFO ][2015-10-30 17:10:22,056][com.java.SeleniumDriver] [  838] - DataValue : ValueLabs
[INFO ][2015-10-30 17:10:22,056][com.java.SeleniumDriver] [  844] - <In Set values of the page>
[INFO ][2015-10-30 17:10:22,056][com.java.SeleniumDriver] [  847] - {Data Fields & Data Values Exist}
[INFO ][2015-10-30 17:10:22,056][com.java.SeleniumDriver] [  849] - --------------------------setting values-----------------------------
[INFO ][2015-10-30 17:10:22,056][com.java.SeleniumDriver] [  852] - Action Type : Enter
[INFO ][2015-10-30 17:10:22,056][com.java.TestType] [ 4382] - field = txtCompany
[INFO ][2015-10-30 17:10:22,056][com.java.TestType] [ 3749] - value = ValueLabs
[INFO ][2015-10-30 17:10:25,328][com.java.SeleniumDriver] [  861] -  RESULT true
[INFO ][2015-10-30 17:10:25,328][com.java.SeleniumDriver] [ 1066] - ?   P A S S   ?
[INFO ][2015-10-30 17:10:25,328][com.java.SeleniumDriver] [  788] - ------------------------------------------
[INFO ][2015-10-30 17:10:25,328][com.java.SeleniumDriver] [  789] - Test case being Executed: 10
[INFO ][2015-10-30 17:10:25,328][com.java.SeleniumDriver] [  800] - Test step:13
[INFO ][2015-10-30 17:10:25,328][com.java.SeleniumDriver] [  812] - Datavalue is----------India
[INFO ][2015-10-30 17:10:25,328][com.java.SeleniumDriver] [  836] - DataField : TXTtxtLocation
[INFO ][2015-10-30 17:10:25,328][com.java.SeleniumDriver] [  838] - DataValue : India
[INFO ][2015-10-30 17:10:25,328][com.java.SeleniumDriver] [  844] - <In Set values of the page>
[INFO ][2015-10-30 17:10:25,328][com.java.SeleniumDriver] [  847] - {Data Fields & Data Values Exist}
[INFO ][2015-10-30 17:10:25,328][com.java.SeleniumDriver] [  849] - --------------------------setting values-----------------------------
[INFO ][2015-10-30 17:10:25,328][com.java.SeleniumDriver] [  852] - Action Type : Enter
[INFO ][2015-10-30 17:10:25,328][com.java.TestType] [ 4382] - field = txtLocation
[INFO ][2015-10-30 17:10:25,328][com.java.TestType] [ 3749] - value = India
[INFO ][2015-10-30 17:10:28,460][com.java.SeleniumDriver] [  861] -  RESULT true
[INFO ][2015-10-30 17:10:28,460][com.java.SeleniumDriver] [ 1066] - ?   P A S S   ?
[INFO ][2015-10-30 17:10:28,460][com.java.SeleniumDriver] [  788] - ------------------------------------------
[INFO ][2015-10-30 17:10:28,460][com.java.SeleniumDriver] [  789] - Test case being Executed: 10
[INFO ][2015-10-30 17:10:28,460][com.java.SeleniumDriver] [  800] - Test step:14
[INFO ][2015-10-30 17:10:28,460][com.java.SeleniumDriver] [  812] - Datavalue is----------vltest.robot@valuelabs.com
[INFO ][2015-10-30 17:10:28,460][com.java.SeleniumDriver] [  836] - DataField : TXTtxtEMail
[INFO ][2015-10-30 17:10:28,460][com.java.SeleniumDriver] [  838] - DataValue : vltest.robot@valuelabs.com
[INFO ][2015-10-30 17:10:28,460][com.java.SeleniumDriver] [  844] - <In Set values of the page>
[INFO ][2015-10-30 17:10:28,460][com.java.SeleniumDriver] [  847] - {Data Fields & Data Values Exist}
[INFO ][2015-10-30 17:10:28,460][com.java.SeleniumDriver] [  849] - --------------------------setting values-----------------------------
[INFO ][2015-10-30 17:10:28,460][com.java.SeleniumDriver] [  852] - Action Type : Enter
[INFO ][2015-10-30 17:10:28,460][com.java.TestType] [ 4382] - field = txtEMail
[INFO ][2015-10-30 17:10:28,460][com.java.TestType] [ 3749] - value = vltest.robot@valuelabs.com
[INFO ][2015-10-30 17:10:31,812][com.java.SeleniumDriver] [  861] -  RESULT true
[INFO ][2015-10-30 17:10:31,812][com.java.SeleniumDriver] [ 1066] - ?   P A S S   ?
[INFO ][2015-10-30 17:10:31,812][com.java.SeleniumDriver] [  788] - ------------------------------------------
[INFO ][2015-10-30 17:10:31,812][com.java.SeleniumDriver] [  789] - Test case being Executed: 10
[INFO ][2015-10-30 17:10:31,812][com.java.SeleniumDriver] [  800] - Test step:15
[INFO ][2015-10-30 17:10:31,812][com.java.SeleniumDriver] [  812] - Datavalue is----------12345678901
[INFO ][2015-10-30 17:10:31,812][com.java.SeleniumDriver] [  836] - DataField : TXTtxtPhone
[INFO ][2015-10-30 17:10:31,812][com.java.SeleniumDriver] [  838] - DataValue : 12345678901
[INFO ][2015-10-30 17:10:31,812][com.java.SeleniumDriver] [  844] - <In Set values of the page>
[INFO ][2015-10-30 17:10:31,812][com.java.SeleniumDriver] [  847] - {Data Fields & Data Values Exist}
[INFO ][2015-10-30 17:10:31,812][com.java.SeleniumDriver] [  849] - --------------------------setting values-----------------------------
[INFO ][2015-10-30 17:10:31,812][com.java.SeleniumDriver] [  852] - Action Type : Enter
[INFO ][2015-10-30 17:10:31,812][com.java.TestType] [ 4382] - field = txtPhone
[INFO ][2015-10-30 17:10:31,812][com.java.TestType] [ 3749] - value = 12345678901
[INFO ][2015-10-30 17:10:34,885][com.java.SeleniumDriver] [  861] -  RESULT true
[INFO ][2015-10-30 17:10:34,885][com.java.SeleniumDriver] [ 1066] - ?   P A S S   ?
[INFO ][2015-10-30 17:10:34,885][com.java.SeleniumDriver] [  788] - ------------------------------------------
[INFO ][2015-10-30 17:10:34,885][com.java.SeleniumDriver] [  789] - Test case being Executed: 10
[INFO ][2015-10-30 17:10:34,885][com.java.SeleniumDriver] [  800] - Test step:16
[INFO ][2015-10-30 17:10:34,885][com.java.SeleniumDriver] [  812] - Datavalue is----------dt:NewUserPswd
[INFO ][2015-10-30 17:10:34,885][com.java.SeleniumDriver] [  836] - DataField : TXTtxtPassword
[INFO ][2015-10-30 17:10:34,885][com.java.SeleniumDriver] [  838] - DataValue : dt:NewUserPswd
[INFO ][2015-10-30 17:10:34,885][com.java.SeleniumDriver] [  844] - <In Set values of the page>
[INFO ][2015-10-30 17:10:34,885][com.java.SeleniumDriver] [  847] - {Data Fields & Data Values Exist}
[INFO ][2015-10-30 17:10:34,885][com.java.SeleniumDriver] [  849] - --------------------------setting values-----------------------------
[INFO ][2015-10-30 17:10:34,885][com.java.SeleniumDriver] [  852] - Action Type : Enter
[INFO ][2015-10-30 17:10:34,885][com.java.TestType] [ 4382] - field = txtPassword
[INFO ][2015-10-30 17:10:34,885][com.java.TestType] [ 3749] - value = Password1*
[INFO ][2015-10-30 17:10:38,168][com.java.SeleniumDriver] [  861] -  RESULT true
[INFO ][2015-10-30 17:10:38,168][com.java.SeleniumDriver] [ 1066] - ?   P A S S   ?
[INFO ][2015-10-30 17:10:38,168][com.java.SeleniumDriver] [  788] - ------------------------------------------
[INFO ][2015-10-30 17:10:38,168][com.java.SeleniumDriver] [  789] - Test case being Executed: 10
[INFO ][2015-10-30 17:10:38,168][com.java.SeleniumDriver] [  800] - Test step:17
[INFO ][2015-10-30 17:10:38,168][com.java.SeleniumDriver] [  812] - Datavalue is----------dt:NewUserPswd
[INFO ][2015-10-30 17:10:38,168][com.java.SeleniumDriver] [  836] - DataField : TXTtxtPasswordConfirm
[INFO ][2015-10-30 17:10:38,168][com.java.SeleniumDriver] [  838] - DataValue : dt:NewUserPswd
[INFO ][2015-10-30 17:10:38,168][com.java.SeleniumDriver] [  844] - <In Set values of the page>
[INFO ][2015-10-30 17:10:38,168][com.java.SeleniumDriver] [  847] - {Data Fields & Data Values Exist}
[INFO ][2015-10-30 17:10:38,168][com.java.SeleniumDriver] [  849] - --------------------------setting values-----------------------------
[INFO ][2015-10-30 17:10:38,168][com.java.SeleniumDriver] [  852] - Action Type : Enter
[INFO ][2015-10-30 17:10:38,168][com.java.TestType] [ 4382] - field = txtPasswordConfirm
[INFO ][2015-10-30 17:10:38,168][com.java.TestType] [ 3749] - value = Password1*
[INFO ][2015-10-30 17:10:41,450][com.java.SeleniumDriver] [  861] -  RESULT true
[INFO ][2015-10-30 17:10:41,450][com.java.SeleniumDriver] [ 1066] - ?   P A S S   ?
[INFO ][2015-10-30 17:10:41,450][com.java.SeleniumDriver] [  788] - ------------------------------------------
[INFO ][2015-10-30 17:10:41,450][com.java.SeleniumDriver] [  789] - Test case being Executed: 10
[INFO ][2015-10-30 17:10:41,450][com.java.SeleniumDriver] [  800] - Test step:18
[INFO ][2015-10-30 17:10:41,450][com.java.SeleniumDriver] [  812] - Datavalue is----------null
[DEBUG][2015-10-30 17:10:41,450][com.java.SeleniumDriver] [  830] - Exception: null
[INFO ][2015-10-30 17:10:41,450][com.java.SeleniumDriver] [  836] - DataField : BTNparent
[INFO ][2015-10-30 17:10:41,450][com.java.SeleniumDriver] [  838] - DataValue : 
[INFO ][2015-10-30 17:10:41,450][com.java.SeleniumDriver] [  844] - <In Set values of the page>
[INFO ][2015-10-30 17:10:41,450][com.java.SeleniumDriver] [  847] - {Data Fields & Data Values Exist}
[INFO ][2015-10-30 17:10:41,450][com.java.SeleniumDriver] [  849] - --------------------------setting values-----------------------------
[INFO ][2015-10-30 17:10:41,450][com.java.SeleniumDriver] [  852] - Action Type : SelectFrame
[INFO ][2015-10-30 17:10:41,460][com.java.SeleniumDriver] [  861] -  RESULT true
[INFO ][2015-10-30 17:10:41,460][com.java.SeleniumDriver] [ 1066] - ?   P A S S   ?
[INFO ][2015-10-30 17:10:41,460][com.java.SeleniumDriver] [  788] - ------------------------------------------
[INFO ][2015-10-30 17:10:41,460][com.java.SeleniumDriver] [  789] - Test case being Executed: 10
[INFO ][2015-10-30 17:10:41,460][com.java.SeleniumDriver] [  800] - Test step:19
[INFO ][2015-10-30 17:10:41,460][com.java.SeleniumDriver] [  812] - Datavalue is----------null
[DEBUG][2015-10-30 17:10:41,460][com.java.SeleniumDriver] [  830] - Exception: null
[INFO ][2015-10-30 17:10:41,460][com.java.SeleniumDriver] [  836] - DataField : XPH//span[contains(text(), 'Finished')]
[INFO ][2015-10-30 17:10:41,460][com.java.SeleniumDriver] [  838] - DataValue : 
[INFO ][2015-10-30 17:10:41,460][com.java.SeleniumDriver] [  844] - <In Set values of the page>
[INFO ][2015-10-30 17:10:41,460][com.java.SeleniumDriver] [  847] - {Data Fields & Data Values Exist}
[INFO ][2015-10-30 17:10:41,460][com.java.SeleniumDriver] [  849] - --------------------------setting values-----------------------------
[INFO ][2015-10-30 17:10:41,460][com.java.SeleniumDriver] [  852] - Action Type : Click
[INFO ][2015-10-30 17:10:41,460][com.java.TestType] [ 4062] - Field ::XPH//span[contains(text(), 'Finished')]
[INFO ][2015-10-30 17:10:42,460][com.java.TestType] [ 4121] - BEFORE CLICK
[INFO ][2015-10-30 17:10:43,460][com.java.TestType] [ 4129] - Unable to click the object Finished button
[INFO ][2015-10-30 17:10:43,460][com.java.SeleniumDriver] [  861] -  RESULT true
[INFO ][2015-10-30 17:10:43,460][com.java.SeleniumDriver] [ 1066] - ?   P A S S   ?
[INFO ][2015-10-30 17:10:43,460][com.java.SeleniumDriver] [  788] - ------------------------------------------
[INFO ][2015-10-30 17:10:43,460][com.java.SeleniumDriver] [  789] - Test case being Executed: 10
[INFO ][2015-10-30 17:10:43,460][com.java.SeleniumDriver] [  800] - Test step:20
[INFO ][2015-10-30 17:10:43,460][com.java.SeleniumDriver] [  812] - Datavalue is----------5
[INFO ][2015-10-30 17:10:43,460][com.java.SeleniumDriver] [  836] - DataField : test
[INFO ][2015-10-30 17:10:43,460][com.java.SeleniumDriver] [  838] - DataValue : 5
[INFO ][2015-10-30 17:10:43,460][com.java.SeleniumDriver] [  844] - <In Set values of the page>
[INFO ][2015-10-30 17:10:43,460][com.java.SeleniumDriver] [  847] - {Data Fields & Data Values Exist}
[INFO ][2015-10-30 17:10:43,460][com.java.SeleniumDriver] [  849] - --------------------------setting values-----------------------------
[INFO ][2015-10-30 17:10:43,460][com.java.SeleniumDriver] [  852] - Action Type : WaitTime
[DEBUG][2015-10-30 17:10:43,460][com.java.TestType] [ 3653] - sleepTime: 5000
[INFO ][2015-10-30 17:10:48,465][com.java.SeleniumDriver] [  861] -  RESULT true
[INFO ][2015-10-30 17:10:48,465][com.java.SeleniumDriver] [ 1066] - ?   P A S S   ?
[INFO ][2015-10-30 17:10:48,465][com.java.SeleniumDriver] [  788] - ------------------------------------------
[INFO ][2015-10-30 17:10:48,465][com.java.SeleniumDriver] [  789] - Test case being Executed: 10
[INFO ][2015-10-30 17:10:48,465][com.java.SeleniumDriver] [  800] - Test step:21
[INFO ][2015-10-30 17:10:48,465][com.java.SeleniumDriver] [  812] - Datavalue is----------null
[DEBUG][2015-10-30 17:10:48,465][com.java.SeleniumDriver] [  830] - Exception: null
[INFO ][2015-10-30 17:10:48,465][com.java.SeleniumDriver] [  836] - DataField : XPH//span[contains(text(), 'Finished')]
[INFO ][2015-10-30 17:10:48,465][com.java.SeleniumDriver] [  838] - DataValue : 
[INFO ][2015-10-30 17:10:48,465][com.java.SeleniumDriver] [  844] - <In Set values of the page>
[INFO ][2015-10-30 17:10:48,465][com.java.SeleniumDriver] [  847] - {Data Fields & Data Values Exist}
[INFO ][2015-10-30 17:10:48,465][com.java.SeleniumDriver] [  849] - --------------------------setting values-----------------------------
[INFO ][2015-10-30 17:10:48,465][com.java.SeleniumDriver] [  852] - Action Type : Click
[INFO ][2015-10-30 17:10:48,465][com.java.TestType] [ 4062] - Field ::XPH//span[contains(text(), 'Finished')]
[INFO ][2015-10-30 17:10:49,466][com.java.TestType] [ 4121] - BEFORE CLICK
[INFO ][2015-10-30 17:10:56,776][com.java.TestType] [ 4129] - Unable to click the object Finished button
[INFO ][2015-10-30 17:10:56,776][com.java.SeleniumDriver] [  861] -  RESULT true
[INFO ][2015-10-30 17:10:56,776][com.java.SeleniumDriver] [ 1066] - ?   P A S S   ?
[INFO ][2015-10-30 17:10:56,776][com.java.SeleniumDriver] [  788] - ------------------------------------------
[INFO ][2015-10-30 17:10:56,776][com.java.SeleniumDriver] [  789] - Test case being Executed: 10
[INFO ][2015-10-30 17:10:56,776][com.java.SeleniumDriver] [  800] - Test step:22
[INFO ][2015-10-30 17:10:56,776][com.java.SeleniumDriver] [  812] - Datavalue is----------1
[INFO ][2015-10-30 17:10:56,776][com.java.SeleniumDriver] [  836] - DataField : BTNframeDialogContent
[INFO ][2015-10-30 17:10:56,776][com.java.SeleniumDriver] [  838] - DataValue : 1
[INFO ][2015-10-30 17:10:56,776][com.java.SeleniumDriver] [  844] - <In Set values of the page>
[INFO ][2015-10-30 17:10:56,776][com.java.SeleniumDriver] [  847] - {Data Fields & Data Values Exist}
[INFO ][2015-10-30 17:10:56,776][com.java.SeleniumDriver] [  849] - --------------------------setting values-----------------------------
[INFO ][2015-10-30 17:10:56,776][com.java.SeleniumDriver] [  852] - Action Type : WaitForElement
[INFO ][2015-10-30 17:10:57,987][com.java.SeleniumDriver] [  861] -  RESULT true
[INFO ][2015-10-30 17:10:57,987][com.java.SeleniumDriver] [ 1066] - ?   P A S S   ?
[INFO ][2015-10-30 17:10:57,987][com.java.SeleniumDriver] [  788] - ------------------------------------------
[INFO ][2015-10-30 17:10:57,987][com.java.SeleniumDriver] [  789] - Test case being Executed: 10
[INFO ][2015-10-30 17:10:57,987][com.java.SeleniumDriver] [  800] - Test step:23
[INFO ][2015-10-30 17:10:57,987][com.java.SeleniumDriver] [  812] - Datavalue is----------null
[DEBUG][2015-10-30 17:10:57,987][com.java.SeleniumDriver] [  830] - Exception: null
[INFO ][2015-10-30 17:10:57,987][com.java.SeleniumDriver] [  836] - DataField : BTNframeDialogContent
[INFO ][2015-10-30 17:10:57,987][com.java.SeleniumDriver] [  838] - DataValue : 
[INFO ][2015-10-30 17:10:57,987][com.java.SeleniumDriver] [  844] - <In Set values of the page>
[INFO ][2015-10-30 17:10:57,987][com.java.SeleniumDriver] [  847] - {Data Fields & Data Values Exist}
[INFO ][2015-10-30 17:10:57,987][com.java.SeleniumDriver] [  849] - --------------------------setting values-----------------------------
[INFO ][2015-10-30 17:10:57,987][com.java.SeleniumDriver] [  852] - Action Type : SelectFrame
[INFO ][2015-10-30 17:10:59,239][com.java.SeleniumDriver] [  861] -  RESULT true
[INFO ][2015-10-30 17:10:59,239][com.java.SeleniumDriver] [ 1066] - ?   P A S S   ?
[INFO ][2015-10-30 17:10:59,239][com.java.SeleniumDriver] [  788] - ------------------------------------------
[INFO ][2015-10-30 17:10:59,239][com.java.SeleniumDriver] [  789] - Test case being Executed: 10
[INFO ][2015-10-30 17:10:59,239][com.java.SeleniumDriver] [  800] - Test step:24
[INFO ][2015-10-30 17:10:59,239][com.java.SeleniumDriver] [  812] - Datavalue is----------dt:NewUserName
[INFO ][2015-10-30 17:10:59,239][com.java.SeleniumDriver] [  836] - DataField : USR
[INFO ][2015-10-30 17:10:59,239][com.java.SeleniumDriver] [  838] - DataValue : dt:NewUserName
[INFO ][2015-10-30 17:10:59,239][com.java.SeleniumDriver] [  844] - <In Set values of the page>
[INFO ][2015-10-30 17:10:59,239][com.java.SeleniumDriver] [  847] - {Data Fields & Data Values Exist}
[INFO ][2015-10-30 17:10:59,239][com.java.SeleniumDriver] [  849] - --------------------------setting values-----------------------------
[INFO ][2015-10-30 17:10:59,239][com.java.SeleniumDriver] [  852] - Action Type : Verify
[INFO ][2015-10-30 17:10:59,239][com.java.TestType] [ 4875] - field= USR value= dt:NewUserName
[INFO ][2015-10-30 17:10:59,239][com.java.TestType] [ 3749] - value = vltest.robot
[INFO ][2015-10-30 17:10:59,329][com.java.SeleniumDriver] [  861] -  RESULT true
[INFO ][2015-10-30 17:10:59,329][com.java.SeleniumDriver] [ 1066] - ?   P A S S   ?
[INFO ][2015-10-30 17:10:59,329][com.java.SeleniumDriver] [  788] - ------------------------------------------
[INFO ][2015-10-30 17:10:59,329][com.java.SeleniumDriver] [  789] - Test case being Executed: 10
[INFO ][2015-10-30 17:10:59,329][com.java.SeleniumDriver] [  800] - Test step:25
[INFO ][2015-10-30 17:10:59,329][com.java.SeleniumDriver] [  812] - Datavalue is----------null
[DEBUG][2015-10-30 17:10:59,329][com.java.SeleniumDriver] [  830] - Exception: null
[INFO ][2015-10-30 17:10:59,329][com.java.SeleniumDriver] [  836] - DataField : BTNparent
[INFO ][2015-10-30 17:10:59,329][com.java.SeleniumDriver] [  838] - DataValue : 
[INFO ][2015-10-30 17:10:59,329][com.java.SeleniumDriver] [  844] - <In Set values of the page>
[INFO ][2015-10-30 17:10:59,329][com.java.SeleniumDriver] [  847] - {Data Fields & Data Values Exist}
[INFO ][2015-10-30 17:10:59,329][com.java.SeleniumDriver] [  849] - --------------------------setting values-----------------------------
[INFO ][2015-10-30 17:10:59,329][com.java.SeleniumDriver] [  852] - Action Type : SelectFrame
[INFO ][2015-10-30 17:10:59,339][com.java.SeleniumDriver] [  861] -  RESULT true
[INFO ][2015-10-30 17:10:59,339][com.java.SeleniumDriver] [ 1066] - ?   P A S S   ?
[INFO ][2015-10-30 17:10:59,339][com.java.SeleniumDriver] [  788] - ------------------------------------------
[INFO ][2015-10-30 17:10:59,339][com.java.SeleniumDriver] [  789] - Test case being Executed: 10
[INFO ][2015-10-30 17:10:59,339][com.java.SeleniumDriver] [  800] - Test step:26
[INFO ][2015-10-30 17:10:59,339][com.java.SeleniumDriver] [  812] - Datavalue is----------null
[DEBUG][2015-10-30 17:10:59,339][com.java.SeleniumDriver] [  830] - Exception: null
[INFO ][2015-10-30 17:10:59,339][com.java.SeleniumDriver] [  836] - DataField : XPH//span[contains(text(), 'Finished')]
[INFO ][2015-10-30 17:10:59,339][com.java.SeleniumDriver] [  838] - DataValue : 
[INFO ][2015-10-30 17:10:59,339][com.java.SeleniumDriver] [  844] - <In Set values of the page>
[INFO ][2015-10-30 17:10:59,339][com.java.SeleniumDriver] [  847] - {Data Fields & Data Values Exist}
[INFO ][2015-10-30 17:10:59,339][com.java.SeleniumDriver] [  849] - --------------------------setting values-----------------------------
[INFO ][2015-10-30 17:10:59,339][com.java.SeleniumDriver] [  852] - Action Type : Click
[INFO ][2015-10-30 17:10:59,339][com.java.TestType] [ 4062] - Field ::XPH//span[contains(text(), 'Finished')]
[INFO ][2015-10-30 17:11:00,339][com.java.TestType] [ 4121] - BEFORE CLICK
[INFO ][2015-10-30 17:11:01,449][com.java.TestType] [ 4129] - Unable to click the object Finished button
[INFO ][2015-10-30 17:11:01,449][com.java.SeleniumDriver] [  861] -  RESULT true
[INFO ][2015-10-30 17:11:01,449][com.java.SeleniumDriver] [ 1066] - ?   P A S S   ?
[INFO ][2015-10-30 17:11:01,449][com.java.SeleniumDriver] [  788] - ------------------------------------------
[INFO ][2015-10-30 17:11:01,449][com.java.SeleniumDriver] [  789] - Test case being Executed: 10
[INFO ][2015-10-30 17:11:01,449][com.java.SeleniumDriver] [  800] - Test step:27
[INFO ][2015-10-30 17:11:01,449][com.java.SeleniumDriver] [  812] - Datavalue is----------Concept#3:1-2
[INFO ][2015-10-30 17:11:01,449][com.java.SeleniumDriver] [  836] - DataField : null
[INFO ][2015-10-30 17:11:01,449][com.java.SeleniumDriver] [  838] - DataValue : Concept#3:1-2
[INFO ][2015-10-30 17:11:01,449][com.java.SeleniumDriver] [  844] - <In Set values of the page>
[INFO ][2015-10-30 17:11:01,449][com.java.SeleniumDriver] [  847] - {Data Fields & Data Values Exist}
[INFO ][2015-10-30 17:11:01,449][com.java.SeleniumDriver] [  849] - --------------------------setting values-----------------------------
[INFO ][2015-10-30 17:11:01,449][com.java.SeleniumDriver] [  852] - Action Type : ExecuteTestCase
[INFO ][2015-10-30 17:11:01,449][com.java.TestType] [  411] - The Concept sheet name is ---------- Concept
[INFO ][2015-10-30 17:11:01,449][com.java.TestType] [  414] - The Concept ID  is ---------- 3
[DEBUG][2015-10-30 17:11:01,449][com.java.TestType] [  418] - Steps being executted in the Concept are: 1:2
[INFO ][2015-10-30 17:11:01,449][com.java.TestType] [  425] - Test data details path ---------- D:\BankersDashboard\TestInputs\TestData.xls
[INFO ][2015-10-30 17:11:02,040][com.java.TestType] [  456] -  str(1) = 3
[INFO ][2015-10-30 17:11:02,040][com.java.TestType] [  459] - Test case Id is---3
[INFO ][2015-10-30 17:11:02,040][com.java.TestType] [  461] - 3
[INFO ][2015-10-30 17:11:02,040][com.java.TestType] [  456] -  str(2) = 1
[INFO ][2015-10-30 17:11:02,040][com.java.TestType] [  508] - row values are--------{1=com.java.Objects.TestDataDetails@15c049d}
[INFO ][2015-10-30 17:11:02,040][com.java.TestType] [  456] -  str(1) = 3
[INFO ][2015-10-30 17:11:02,040][com.java.TestType] [  459] - Test case Id is---3
[INFO ][2015-10-30 17:11:02,040][com.java.TestType] [  461] - 3
[INFO ][2015-10-30 17:11:02,040][com.java.TestType] [  456] -  str(2) = 2
[INFO ][2015-10-30 17:11:02,040][com.java.TestType] [  508] - row values are--------{1=com.java.Objects.TestDataDetails@15c049d, 2=com.java.Objects.TestDataDetails@a01b4b}
[INFO ][2015-10-30 17:11:02,040][com.java.TestType] [ 7898] - Looping 1TCID = 3
[DEBUG][2015-10-30 17:11:02,040][com.java.TestType] [ 7939] - Concept ID:3 :: Step being Executed: 3::1
[INFO ][2015-10-30 17:11:02,040][com.java.TestType] [ 7977] - dataFields : test
[DEBUG][2015-10-30 17:11:02,040][com.java.TestType] [ 7983] - <In Set values of the page>
[DEBUG][2015-10-30 17:11:02,040][com.java.TestType] [ 7988] - {Data Fields & Data Values Exist}
[INFO ][2015-10-30 17:11:02,040][com.java.TestType] [ 7994] - --------------------------setting values-----------------------------
[INFO ][2015-10-30 17:11:02,040][com.java.TestType] [ 7997] - Action Type : Logout
[INFO ][2015-10-30 17:11:04,225][com.java.TestType] [ 4062] - Field ::CNF
[INFO ][2015-10-30 17:11:06,529][com.java.TestType] [ 4117] - Click the object confirmation
[INFO ][2015-10-30 17:11:06,529][com.java.TestType] [ 4118] - Unable to click the object confirmation
[DEBUG][2015-10-30 17:11:06,533][com.java.SeleniumDriver] [  425] - Hub ip address is-------172.17.68.34
[INFO ][2015-10-30 17:11:06,533][com.java.SeleniumDriver] [  451] - Grid URL:http://172.17.68.34:4444/wd/hub
[INFO ][2015-10-30 17:11:06,533][com.java.SeleniumDriver] [  452] - Capability:Capabilities [{platform=ANY, ensureCleanSession=true, ignoreProtectedModeSettings=true, acceptSslCerts=true, ignoreZoomSetting=true, browserName=internet explorer, browserstack.ie.noFlash=true, version=Node1}]
[ERROR][2015-10-30 17:11:07,563][com.java.SeleniumDriver] [  496] - Unable invoke browser in grid:Could not start a new session. Possible causes are invalid address of the remote server or browser start-up failure.
Build info: version: '2.48.2', revision: '41bccdd', time: '2015-10-09 19:59:12'
System info: host: 'FVTIII438F1D', ip: '172.17.68.34', os.name: 'Windows 7', os.arch: 'x86', os.version: '6.1', java.version: '1.7.0_55'
Driver info: driver.version: SeleniumDriver
[INFO ][2015-10-30 17:11:07,563][com.java.SeleniumDriver] [  498] - Executing on local machine
[INFO ][2015-10-30 17:11:16,437][com.java.TestType] [ 8016] -  RESULT true
[INFO ][2015-10-30 17:11:16,437][com.java.TestType] [ 8133] - ?   P A S S   ?
[DEBUG][2015-10-30 17:11:16,437][com.java.TestType] [ 7939] - Concept ID:3 :: Step being Executed: 3::2
[INFO ][2015-10-30 17:11:16,437][com.java.TestType] [ 7977] - dataFields : test
[DEBUG][2015-10-30 17:11:16,437][com.java.TestType] [ 7983] - <In Set values of the page>
[DEBUG][2015-10-30 17:11:16,437][com.java.TestType] [ 7988] - {Data Fields & Data Values Exist}
[INFO ][2015-10-30 17:11:16,437][com.java.TestType] [ 7994] - --------------------------setting values-----------------------------
[INFO ][2015-10-30 17:11:16,437][com.java.TestType] [ 7997] - Action Type : WaitTime
[DEBUG][2015-10-30 17:11:16,437][com.java.TestType] [ 3653] - sleepTime: 2000
[INFO ][2015-10-30 17:11:18,444][com.java.TestType] [ 8016] -  RESULT true
[INFO ][2015-10-30 17:11:18,444][com.java.TestType] [ 8133] - ?   P A S S   ?
[INFO ][2015-10-30 17:11:18,444][com.java.TestType] [ 8204] - Looping End......
[INFO ][2015-10-30 17:11:18,444][com.java.SeleniumDriver] [  861] -  RESULT true
[INFO ][2015-10-30 17:11:18,444][com.java.SeleniumDriver] [ 1066] - ?   P A S S   ?
[INFO ][2015-10-30 17:11:18,444][com.java.SeleniumDriver] [  788] - ------------------------------------------
[INFO ][2015-10-30 17:11:18,444][com.java.SeleniumDriver] [  789] - Test case being Executed: 10
[INFO ][2015-10-30 17:11:18,444][com.java.SeleniumDriver] [  800] - Test step:28
[INFO ][2015-10-30 17:11:18,444][com.java.SeleniumDriver] [  812] - Datavalue is----------Concept#1:1-14
[INFO ][2015-10-30 17:11:18,444][com.java.SeleniumDriver] [  836] - DataField : test
[INFO ][2015-10-30 17:11:18,444][com.java.SeleniumDriver] [  838] - DataValue : Concept#1:1-14
[INFO ][2015-10-30 17:11:18,444][com.java.SeleniumDriver] [  844] - <In Set values of the page>
[INFO ][2015-10-30 17:11:18,444][com.java.SeleniumDriver] [  847] - {Data Fields & Data Values Exist}
[INFO ][2015-10-30 17:11:18,444][com.java.SeleniumDriver] [  849] - --------------------------setting values-----------------------------
[INFO ][2015-10-30 17:11:18,444][com.java.SeleniumDriver] [  852] - Action Type : ExecuteTestCase
[INFO ][2015-10-30 17:11:18,444][com.java.TestType] [  411] - The Concept sheet name is ---------- Concept
[INFO ][2015-10-30 17:11:18,444][com.java.TestType] [  414] - The Concept ID  is ---------- 1
[DEBUG][2015-10-30 17:11:18,444][com.java.TestType] [  418] - Steps being executted in the Concept are: 1:14
[INFO ][2015-10-30 17:11:18,444][com.java.TestType] [  425] - Test data details path ---------- D:\BankersDashboard\TestInputs\TestData.xls
[INFO ][2015-10-30 17:11:19,035][com.java.TestType] [  456] -  str(1) = 1
[INFO ][2015-10-30 17:11:19,035][com.java.TestType] [  459] - Test case Id is---1
[INFO ][2015-10-30 17:11:19,035][com.java.TestType] [  461] - 1
[INFO ][2015-10-30 17:11:19,035][com.java.TestType] [  456] -  str(2) = 1
[INFO ][2015-10-30 17:11:19,035][com.java.TestType] [  508] - row values are--------{1=com.java.Objects.TestDataDetails@12c345}
[INFO ][2015-10-30 17:11:19,035][com.java.TestType] [  456] -  str(1) = 1
[INFO ][2015-10-30 17:11:19,035][com.java.TestType] [  459] - Test case Id is---1
[INFO ][2015-10-30 17:11:19,035][com.java.TestType] [  461] - 1
[INFO ][2015-10-30 17:11:19,035][com.java.TestType] [  456] -  str(2) = 2
[INFO ][2015-10-30 17:11:19,035][com.java.TestType] [  508] - row values are--------{1=com.java.Objects.TestDataDetails@12c345, 2=com.java.Objects.TestDataDetails@26bd99}
[INFO ][2015-10-30 17:11:19,035][com.java.TestType] [  456] -  str(1) = 1
[INFO ][2015-10-30 17:11:19,035][com.java.TestType] [  459] - Test case Id is---1
[INFO ][2015-10-30 17:11:19,035][com.java.TestType] [  461] - 1
[INFO ][2015-10-30 17:11:19,035][com.java.TestType] [  456] -  str(2) = 3
[INFO ][2015-10-30 17:11:19,035][com.java.TestType] [  508] - row values are--------{1=com.java.Objects.TestDataDetails@12c345, 2=com.java.Objects.TestDataDetails@26bd99, 3=com.java.Objects.TestDataDetails@1a8ee08}
[INFO ][2015-10-30 17:11:19,035][com.java.TestType] [  456] -  str(1) = 1
[INFO ][2015-10-30 17:11:19,035][com.java.TestType] [  459] - Test case Id is---1
[INFO ][2015-10-30 17:11:19,035][com.java.TestType] [  461] - 1
[INFO ][2015-10-30 17:11:19,035][com.java.TestType] [  456] -  str(2) = 4
[INFO ][2015-10-30 17:11:19,035][com.java.TestType] [  508] - row values are--------{1=com.java.Objects.TestDataDetails@12c345, 2=com.java.Objects.TestDataDetails@26bd99, 3=com.java.Objects.TestDataDetails@1a8ee08, 4=com.java.Objects.TestDataDetails@139d113}
[INFO ][2015-10-30 17:11:19,035][com.java.TestType] [  456] -  str(1) = 1
[INFO ][2015-10-30 17:11:19,035][com.java.TestType] [  459] - Test case Id is---1
[INFO ][2015-10-30 17:11:19,035][com.java.TestType] [  461] - 1
[INFO ][2015-10-30 17:11:19,035][com.java.TestType] [  456] -  str(2) = 5
[INFO ][2015-10-30 17:11:19,035][com.java.TestType] [  508] - row values are--------{1=com.java.Objects.TestDataDetails@12c345, 2=com.java.Objects.TestDataDetails@26bd99, 3=com.java.Objects.TestDataDetails@1a8ee08, 4=com.java.Objects.TestDataDetails@139d113, 5=com.java.Objects.TestDataDetails@19d9fd3}
[INFO ][2015-10-30 17:11:19,035][com.java.TestType] [  456] -  str(1) = 1
[INFO ][2015-10-30 17:11:19,035][com.java.TestType] [  459] - Test case Id is---1
[INFO ][2015-10-30 17:11:19,035][com.java.TestType] [  461] - 1
[INFO ][2015-10-30 17:11:19,035][com.java.TestType] [  456] -  str(2) = 6
[INFO ][2015-10-30 17:11:19,035][com.java.TestType] [  508] - row values are--------{1=com.java.Objects.TestDataDetails@12c345, 2=com.java.Objects.TestDataDetails@26bd99, 3=com.java.Objects.TestDataDetails@1a8ee08, 4=com.java.Objects.TestDataDetails@139d113, 5=com.java.Objects.TestDataDetails@19d9fd3, 6=com.java.Objects.TestDataDetails@8b1bf4}
[INFO ][2015-10-30 17:11:19,035][com.java.TestType] [  456] -  str(1) = 1
[INFO ][2015-10-30 17:11:19,035][com.java.TestType] [  459] - Test case Id is---1
[INFO ][2015-10-30 17:11:19,035][com.java.TestType] [  461] - 1
[INFO ][2015-10-30 17:11:19,035][com.java.TestType] [  456] -  str(2) = 7
[INFO ][2015-10-30 17:11:19,035][com.java.TestType] [  508] - row values are--------{1=com.java.Objects.TestDataDetails@12c345, 2=com.java.Objects.TestDataDetails@26bd99, 3=com.java.Objects.TestDataDetails@1a8ee08, 4=com.java.Objects.TestDataDetails@139d113, 5=com.java.Objects.TestDataDetails@19d9fd3, 6=com.java.Objects.TestDataDetails@8b1bf4, 7=com.java.Objects.TestDataDetails@1d65ced}
[INFO ][2015-10-30 17:11:19,035][com.java.TestType] [  456] -  str(1) = 1
[INFO ][2015-10-30 17:11:19,035][com.java.TestType] [  459] - Test case Id is---1
[INFO ][2015-10-30 17:11:19,045][com.java.TestType] [  461] - 1
[INFO ][2015-10-30 17:11:19,045][com.java.TestType] [  456] -  str(2) = 8
[INFO ][2015-10-30 17:11:19,045][com.java.TestType] [  508] - row values are--------{1=com.java.Objects.TestDataDetails@12c345, 2=com.java.Objects.TestDataDetails@26bd99, 3=com.java.Objects.TestDataDetails@1a8ee08, 4=com.java.Objects.TestDataDetails@139d113, 5=com.java.Objects.TestDataDetails@19d9fd3, 6=com.java.Objects.TestDataDetails@8b1bf4, 7=com.java.Objects.TestDataDetails@1d65ced, 8=com.java.Objects.TestDataDetails@9c3554}
[INFO ][2015-10-30 17:11:19,045][com.java.TestType] [  456] -  str(1) = 1
[INFO ][2015-10-30 17:11:19,045][com.java.TestType] [  459] - Test case Id is---1
[INFO ][2015-10-30 17:11:19,045][com.java.TestType] [  461] - 1
[INFO ][2015-10-30 17:11:19,045][com.java.TestType] [  456] -  str(2) = 9
[INFO ][2015-10-30 17:11:19,045][com.java.TestType] [  508] - row values are--------{1=com.java.Objects.TestDataDetails@12c345, 2=com.java.Objects.TestDataDetails@26bd99, 3=com.java.Objects.TestDataDetails@1a8ee08, 4=com.java.Objects.TestDataDetails@139d113, 5=com.java.Objects.TestDataDetails@19d9fd3, 6=com.java.Objects.TestDataDetails@8b1bf4, 7=com.java.Objects.TestDataDetails@1d65ced, 8=com.java.Objects.TestDataDetails@9c3554, 9=com.java.Objects.TestDataDetails@e1254d}
[INFO ][2015-10-30 17:11:19,045][com.java.TestType] [  456] -  str(1) = 1
[INFO ][2015-10-30 17:11:19,045][com.java.TestType] [  459] - Test case Id is---1
[INFO ][2015-10-30 17:11:19,045][com.java.TestType] [  461] - 1
[INFO ][2015-10-30 17:11:19,045][com.java.TestType] [  456] -  str(2) = 10
[INFO ][2015-10-30 17:11:19,045][com.java.TestType] [  508] - row values are--------{1=com.java.Objects.TestDataDetails@12c345, 2=com.java.Objects.TestDataDetails@26bd99, 3=com.java.Objects.TestDataDetails@1a8ee08, 4=com.java.Objects.TestDataDetails@139d113, 5=com.java.Objects.TestDataDetails@19d9fd3, 6=com.java.Objects.TestDataDetails@8b1bf4, 7=com.java.Objects.TestDataDetails@1d65ced, 8=com.java.Objects.TestDataDetails@9c3554, 9=com.java.Objects.TestDataDetails@e1254d, 10=com.java.Objects.TestDataDetails@1ba78ff}
[INFO ][2015-10-30 17:11:19,045][com.java.TestType] [  456] -  str(1) = 1
[INFO ][2015-10-30 17:11:19,045][com.java.TestType] [  459] - Test case Id is---1
[INFO ][2015-10-30 17:11:19,045][com.java.TestType] [  461] - 1
[INFO ][2015-10-30 17:11:19,045][com.java.TestType] [  456] -  str(2) = 11
[INFO ][2015-10-30 17:11:19,045][com.java.TestType] [  508] - row values are--------{1=com.java.Objects.TestDataDetails@12c345, 2=com.java.Objects.TestDataDetails@26bd99, 3=com.java.Objects.TestDataDetails@1a8ee08, 4=com.java.Objects.TestDataDetails@139d113, 5=com.java.Objects.TestDataDetails@19d9fd3, 6=com.java.Objects.TestDataDetails@8b1bf4, 7=com.java.Objects.TestDataDetails@1d65ced, 8=com.java.Objects.TestDataDetails@9c3554, 9=com.java.Objects.TestDataDetails@e1254d, 10=com.java.Objects.TestDataDetails@1ba78ff, 11=com.java.Objects.TestDataDetails@1250601}
[INFO ][2015-10-30 17:11:19,045][com.java.TestType] [  456] -  str(1) = 1
[INFO ][2015-10-30 17:11:19,045][com.java.TestType] [  459] - Test case Id is---1
[INFO ][2015-10-30 17:11:19,045][com.java.TestType] [  461] - 1
[INFO ][2015-10-30 17:11:19,045][com.java.TestType] [  456] -  str(2) = 12
[INFO ][2015-10-30 17:11:19,045][com.java.TestType] [  508] - row values are--------{1=com.java.Objects.TestDataDetails@12c345, 2=com.java.Objects.TestDataDetails@26bd99, 3=com.java.Objects.TestDataDetails@1a8ee08, 4=com.java.Objects.TestDataDetails@139d113, 5=com.java.Objects.TestDataDetails@19d9fd3, 6=com.java.Objects.TestDataDetails@8b1bf4, 7=com.java.Objects.TestDataDetails@1d65ced, 8=com.java.Objects.TestDataDetails@9c3554, 9=com.java.Objects.TestDataDetails@e1254d, 10=com.java.Objects.TestDataDetails@1ba78ff, 11=com.java.Objects.TestDataDetails@1250601, 12=com.java.Objects.TestDataDetails@1946a32}
[INFO ][2015-10-30 17:11:19,045][com.java.TestType] [  456] -  str(1) = 1
[INFO ][2015-10-30 17:11:19,045][com.java.TestType] [  459] - Test case Id is---1
[INFO ][2015-10-30 17:11:19,045][com.java.TestType] [  461] - 1
[INFO ][2015-10-30 17:11:19,045][com.java.TestType] [  456] -  str(2) = 13
[INFO ][2015-10-30 17:11:19,045][com.java.TestType] [  508] - row values are--------{1=com.java.Objects.TestDataDetails@12c345, 2=com.java.Objects.TestDataDetails@26bd99, 3=com.java.Objects.TestDataDetails@1a8ee08, 4=com.java.Objects.TestDataDetails@139d113, 5=com.java.Objects.TestDataDetails@19d9fd3, 6=com.java.Objects.TestDataDetails@8b1bf4, 7=com.java.Objects.TestDataDetails@1d65ced, 8=com.java.Objects.TestDataDetails@9c3554, 9=com.java.Objects.TestDataDetails@e1254d, 10=com.java.Objects.TestDataDetails@1ba78ff, 11=com.java.Objects.TestDataDetails@1250601, 12=com.java.Objects.TestDataDetails@1946a32, 13=com.java.Objects.TestDataDetails@17cd750}
[INFO ][2015-10-30 17:11:19,045][com.java.TestType] [  456] -  str(1) = 1
[INFO ][2015-10-30 17:11:19,045][com.java.TestType] [  459] - Test case Id is---1
[INFO ][2015-10-30 17:11:19,045][com.java.TestType] [  461] - 1
[INFO ][2015-10-30 17:11:19,045][com.java.TestType] [  456] -  str(2) = 14
[INFO ][2015-10-30 17:11:19,045][com.java.TestType] [  508] - row values are--------{1=com.java.Objects.TestDataDetails@12c345, 2=com.java.Objects.TestDataDetails@26bd99, 3=com.java.Objects.TestDataDetails@1a8ee08, 4=com.java.Objects.TestDataDetails@139d113, 5=com.java.Objects.TestDataDetails@19d9fd3, 6=com.java.Objects.TestDataDetails@8b1bf4, 7=com.java.Objects.TestDataDetails@1d65ced, 8=com.java.Objects.TestDataDetails@9c3554, 9=com.java.Objects.TestDataDetails@e1254d, 10=com.java.Objects.TestDataDetails@1ba78ff, 11=com.java.Objects.TestDataDetails@1250601, 12=com.java.Objects.TestDataDetails@1946a32, 13=com.java.Objects.TestDataDetails@17cd750, 14=com.java.Objects.TestDataDetails@1a75545}
[INFO ][2015-10-30 17:11:19,045][com.java.TestType] [ 7898] - Looping 1TCID = 1
[DEBUG][2015-10-30 17:11:19,045][com.java.TestType] [ 7939] - Concept ID:1 :: Step being Executed: 1::1
[INFO ][2015-10-30 17:11:19,045][com.java.TestType] [ 7977] - dataFields : TXTusername
[DEBUG][2015-10-30 17:11:19,045][com.java.TestType] [ 7983] - <In Set values of the page>
[DEBUG][2015-10-30 17:11:19,045][com.java.TestType] [ 7988] - {Data Fields & Data Values Exist}
[INFO ][2015-10-30 17:11:19,045][com.java.TestType] [ 7994] - --------------------------setting values-----------------------------
[INFO ][2015-10-30 17:11:19,045][com.java.TestType] [ 7997] - Action Type : CLEARANDENTER
[INFO ][2015-10-30 17:11:19,045][com.java.TestType] [ 3749] - value = valuelabs.ie11.33527
[INFO ][2015-10-30 17:11:23,946][com.java.TestType] [ 8016] -  RESULT true
[INFO ][2015-10-30 17:11:23,946][com.java.TestType] [ 8133] - ?   P A S S   ?
[DEBUG][2015-10-30 17:11:23,946][com.java.TestType] [ 7939] - Concept ID:1 :: Step being Executed: 1::2
[INFO ][2015-10-30 17:11:23,946][com.java.TestType] [ 7977] - dataFields : TXTpassword
[DEBUG][2015-10-30 17:11:23,946][com.java.TestType] [ 7983] - <In Set values of the page>
[DEBUG][2015-10-30 17:11:23,946][com.java.TestType] [ 7988] - {Data Fields & Data Values Exist}
[INFO ][2015-10-30 17:11:23,946][com.java.TestType] [ 7994] - --------------------------setting values-----------------------------
[INFO ][2015-10-30 17:11:23,946][com.java.TestType] [ 7997] - Action Type : CLEARANDENTER
[INFO ][2015-10-30 17:11:23,946][com.java.TestType] [ 3749] - value = Password1*
[INFO ][2015-10-30 17:11:28,933][com.java.TestType] [ 8016] -  RESULT true
[INFO ][2015-10-30 17:11:28,933][com.java.TestType] [ 8133] - ?   P A S S   ?
[DEBUG][2015-10-30 17:11:28,933][com.java.TestType] [ 7939] - Concept ID:1 :: Step being Executed: 1::3
[ERROR][2015-10-30 17:11:28,933][com.java.TestType] [ 7972] - Exception: null
[INFO ][2015-10-30 17:11:28,933][com.java.TestType] [ 7977] - dataFields : XPH//button[@type='submit']
[DEBUG][2015-10-30 17:11:28,933][com.java.TestType] [ 7983] - <In Set values of the page>
[DEBUG][2015-10-30 17:11:28,933][com.java.TestType] [ 7988] - {Data Fields & Data Values Exist}
[INFO ][2015-10-30 17:11:28,933][com.java.TestType] [ 7994] - --------------------------setting values-----------------------------
[INFO ][2015-10-30 17:11:28,933][com.java.TestType] [ 7997] - Action Type : Click
[INFO ][2015-10-30 17:11:28,933][com.java.TestType] [ 4062] - Field ::XPH//button[@type='submit']
[INFO ][2015-10-30 17:11:29,933][com.java.TestType] [ 4121] - BEFORE CLICK
[INFO ][2015-10-30 17:11:41,973][com.java.TestType] [ 4129] - Unable to click the object Login
[INFO ][2015-10-30 17:11:41,973][com.java.TestType] [ 8016] -  RESULT true
[INFO ][2015-10-30 17:11:41,973][com.java.TestType] [ 8133] - ?   P A S S   ?
[DEBUG][2015-10-30 17:11:41,973][com.java.TestType] [ 7939] - Concept ID:1 :: Step being Executed: 1::4
[INFO ][2015-10-30 17:11:41,973][com.java.TestType] [ 7977] - dataFields : LNKLogout
[DEBUG][2015-10-30 17:11:41,973][com.java.TestType] [ 7983] - <In Set values of the page>
[DEBUG][2015-10-30 17:11:41,973][com.java.TestType] [ 7988] - {Data Fields & Data Values Exist}
[INFO ][2015-10-30 17:11:41,973][com.java.TestType] [ 7994] - --------------------------setting values-----------------------------
[INFO ][2015-10-30 17:11:41,973][com.java.TestType] [ 7997] - Action Type : WaitForElement
[INFO ][2015-10-30 17:11:42,472][com.java.TestType] [ 8016] -  RESULT true
[INFO ][2015-10-30 17:11:42,472][com.java.TestType] [ 8133] - ?   P A S S   ?
[DEBUG][2015-10-30 17:11:42,472][com.java.TestType] [ 7939] - Concept ID:1 :: Step being Executed: 1::13
[INFO ][2015-10-30 17:11:42,472][com.java.TestType] [ 7977] - dataFields : LGN
[DEBUG][2015-10-30 17:11:42,472][com.java.TestType] [ 7983] - <In Set values of the page>
[DEBUG][2015-10-30 17:11:42,472][com.java.TestType] [ 7988] - {Data Fields & Data Values Exist}
[INFO ][2015-10-30 17:11:42,472][com.java.TestType] [ 7994] - --------------------------setting values-----------------------------
[INFO ][2015-10-30 17:11:42,472][com.java.TestType] [ 7997] - Action Type : Verify
[INFO ][2015-10-30 17:11:42,472][com.java.TestType] [ 4875] - field= LGN value= Username
[INFO ][2015-10-30 17:11:42,474][com.java.TestType] [ 3749] - value = Username
[INFO ][2015-10-30 17:11:42,702][com.java.TestType] [ 8016] -  RESULT true
[INFO ][2015-10-30 17:11:42,702][com.java.TestType] [ 8133] - ?   P A S S   ?
[DEBUG][2015-10-30 17:11:42,702][com.java.TestType] [ 7939] - Concept ID:1 :: Step being Executed: 1::14
[INFO ][2015-10-30 17:11:42,702][com.java.TestType] [ 7977] - dataFields : BTN
[DEBUG][2015-10-30 17:11:42,702][com.java.TestType] [ 7983] - <In Set values of the page>
[DEBUG][2015-10-30 17:11:42,702][com.java.TestType] [ 7988] - {Data Fields & Data Values Exist}
[INFO ][2015-10-30 17:11:42,702][com.java.TestType] [ 7994] - --------------------------setting values-----------------------------
[INFO ][2015-10-30 17:11:42,702][com.java.TestType] [ 7997] - Action Type : Verify
[INFO ][2015-10-30 17:11:42,702][com.java.TestType] [ 4875] - field= BTN value= //img[contains(@src,'bdlogo.jpg')]
[INFO ][2015-10-30 17:11:42,702][com.java.TestType] [ 3749] - value = //img[contains(@src,'bdlogo.jpg')]
[INFO ][2015-10-30 17:11:42,759][com.java.TestType] [ 8016] -  RESULT true
[INFO ][2015-10-30 17:11:42,759][com.java.TestType] [ 8133] - ?   P A S S   ?
[INFO ][2015-10-30 17:11:42,759][com.java.TestType] [ 8204] - Looping End......
[INFO ][2015-10-30 17:11:42,759][com.java.SeleniumDriver] [  861] -  RESULT true
[INFO ][2015-10-30 17:11:42,759][com.java.SeleniumDriver] [ 1066] - ?   P A S S   ?
[INFO ][2015-10-30 17:11:42,759][com.java.SeleniumDriver] [  788] - ------------------------------------------
[INFO ][2015-10-30 17:11:42,759][com.java.SeleniumDriver] [  789] - Test case being Executed: 10
[INFO ][2015-10-30 17:11:42,759][com.java.SeleniumDriver] [  800] - Test step:29
[INFO ][2015-10-30 17:11:42,759][com.java.SeleniumDriver] [  812] - Datavalue is----------null
[DEBUG][2015-10-30 17:11:42,759][com.java.SeleniumDriver] [  830] - Exception: null
[INFO ][2015-10-30 17:11:42,759][com.java.SeleniumDriver] [  836] - DataField : //span[@class='icon-user4']&&Users&&Manage Users
[INFO ][2015-10-30 17:11:42,759][com.java.SeleniumDriver] [  838] - DataValue : 
[INFO ][2015-10-30 17:11:42,759][com.java.SeleniumDriver] [  844] - <In Set values of the page>
[INFO ][2015-10-30 17:11:42,759][com.java.SeleniumDriver] [  847] - {Data Fields & Data Values Exist}
[INFO ][2015-10-30 17:11:42,759][com.java.SeleniumDriver] [  849] - --------------------------setting values-----------------------------
[INFO ][2015-10-30 17:11:42,759][com.java.SeleniumDriver] [  852] - Action Type : MouseOver
[INFO ][2015-10-30 17:11:56,345][com.java.SeleniumDriver] [  861] -  RESULT true
[INFO ][2015-10-30 17:11:56,345][com.java.SeleniumDriver] [ 1066] - ?   P A S S   ?
[INFO ][2015-10-30 17:11:56,345][com.java.SeleniumDriver] [  788] - ------------------------------------------
[INFO ][2015-10-30 17:11:56,345][com.java.SeleniumDriver] [  789] - Test case being Executed: 10
[INFO ][2015-10-30 17:11:56,345][com.java.SeleniumDriver] [  800] - Test step:30
[INFO ][2015-10-30 17:11:56,345][com.java.SeleniumDriver] [  812] - Datavalue is----------1
[INFO ][2015-10-30 17:11:56,345][com.java.SeleniumDriver] [  836] - DataField : BTNframeDialogContent
[INFO ][2015-10-30 17:11:56,345][com.java.SeleniumDriver] [  838] - DataValue : 1
[INFO ][2015-10-30 17:11:56,345][com.java.SeleniumDriver] [  844] - <In Set values of the page>
[INFO ][2015-10-30 17:11:56,345][com.java.SeleniumDriver] [  847] - {Data Fields & Data Values Exist}
[INFO ][2015-10-30 17:11:56,345][com.java.SeleniumDriver] [  849] - --------------------------setting values-----------------------------
[INFO ][2015-10-30 17:11:56,345][com.java.SeleniumDriver] [  852] - Action Type : WaitForElement
[INFO ][2015-10-30 17:11:57,556][com.java.SeleniumDriver] [  861] -  RESULT true
[INFO ][2015-10-30 17:11:57,556][com.java.SeleniumDriver] [ 1066] - ?   P A S S   ?
[INFO ][2015-10-30 17:11:57,556][com.java.SeleniumDriver] [  788] - ------------------------------------------
[INFO ][2015-10-30 17:11:57,556][com.java.SeleniumDriver] [  789] - Test case being Executed: 10
[INFO ][2015-10-30 17:11:57,556][com.java.SeleniumDriver] [  800] - Test step:31
[INFO ][2015-10-30 17:11:57,556][com.java.SeleniumDriver] [  812] - Datavalue is----------null
[DEBUG][2015-10-30 17:11:57,556][com.java.SeleniumDriver] [  830] - Exception: null
[INFO ][2015-10-30 17:11:57,556][com.java.SeleniumDriver] [  836] - DataField : BTNframeDialogContent
[INFO ][2015-10-30 17:11:57,556][com.java.SeleniumDriver] [  838] - DataValue : 
[INFO ][2015-10-30 17:11:57,556][com.java.SeleniumDriver] [  844] - <In Set values of the page>
[INFO ][2015-10-30 17:11:57,556][com.java.SeleniumDriver] [  847] - {Data Fields & Data Values Exist}
[INFO ][2015-10-30 17:11:57,556][com.java.SeleniumDriver] [  849] - --------------------------setting values-----------------------------
[INFO ][2015-10-30 17:11:57,556][com.java.SeleniumDriver] [  852] - Action Type : SelectFrame
[INFO ][2015-10-30 17:11:58,792][com.java.SeleniumDriver] [  861] -  RESULT true
[INFO ][2015-10-30 17:11:58,792][com.java.SeleniumDriver] [ 1066] - ?   P A S S   ?
[INFO ][2015-10-30 17:11:58,792][com.java.SeleniumDriver] [  788] - ------------------------------------------
[INFO ][2015-10-30 17:11:58,792][com.java.SeleniumDriver] [  789] - Test case being Executed: 10
[INFO ][2015-10-30 17:11:58,792][com.java.SeleniumDriver] [  800] - Test step:32
[INFO ][2015-10-30 17:11:58,792][com.java.SeleniumDriver] [  812] - Datavalue is----------dt:NewUserName
[INFO ][2015-10-30 17:11:58,792][com.java.SeleniumDriver] [  836] - DataField : test
[INFO ][2015-10-30 17:11:58,792][com.java.SeleniumDriver] [  838] - DataValue : dt:NewUserName
[INFO ][2015-10-30 17:11:58,792][com.java.SeleniumDriver] [  844] - <In Set values of the page>
[INFO ][2015-10-30 17:11:58,792][com.java.SeleniumDriver] [  847] - {Data Fields & Data Values Exist}
[INFO ][2015-10-30 17:11:58,792][com.java.SeleniumDriver] [  849] - --------------------------setting values-----------------------------
[INFO ][2015-10-30 17:11:58,792][com.java.SeleniumDriver] [  852] - Action Type : DelUser
[INFO ][2015-10-30 17:11:58,792][com.java.TestType] [ 3749] - value = vltest.robot
[INFO ][2015-10-30 17:12:02,264][com.java.TestType] [ 4062] - Field ::CNF
[INFO ][2015-10-30 17:12:03,614][com.java.TestType] [ 4117] - Click the object AcceptAlert
[INFO ][2015-10-30 17:12:03,614][com.java.TestType] [ 4118] - Unable to click the object AcceptAlert
[INFO ][2015-10-30 17:12:03,614][com.java.SeleniumDriver] [  861] -  RESULT true
[INFO ][2015-10-30 17:12:03,614][com.java.SeleniumDriver] [ 1066] - ?   P A S S   ?
[DEBUG][2015-10-30 17:12:03,614][com.java.SeleniumDriver] [ 1168] - Case found
[DEBUG][2015-10-30 17:12:03,614][com.java.SeleniumDriver] [ 1173] - Incrementing ReportCounters[0]:4
[INFO ][2015-10-30 17:12:03,614][com.java.SeleniumDriver] [ 1192] - The results are-------------------[10, 1, Manage Users: Add User, Pass, , Fri Oct 30 17:09:43 IST 2015, 10, 3, Manage Users: Add User, Pass, , Fri Oct 30 17:09:56 IST 2015, 10, 4, Manage Users: Add User, Pass, , Fri Oct 30 17:09:57 IST 2015, 10, 5, Manage Users: Add User, Pass, , Fri Oct 30 17:09:58 IST 2015, 10, 6, Manage Users: Add User, Pass, , Fri Oct 30 17:10:00 IST 2015, 10, 7, Manage Users: Add User, Pass, , Fri Oct 30 17:10:02 IST 2015, 10, 8, Manage Users: Add User, Pass, , Fri Oct 30 17:10:12 IST 2015, 10, 9, Manage Users: Add User, Pass, , Fri Oct 30 17:10:15 IST 2015, 10, 10, Manage Users: Add User, Pass, , Fri Oct 30 17:10:18 IST 2015, 10, 11, Manage Users: Add User, Pass, , Fri Oct 30 17:10:22 IST 2015, 10, 12, Manage Users: Add User, Pass, , Fri Oct 30 17:10:25 IST 2015, 10, 13, Manage Users: Add User, Pass, , Fri Oct 30 17:10:28 IST 2015, 10, 14, Manage Users: Add User, Pass, , Fri Oct 30 17:10:31 IST 2015, 10, 15, Manage Users: Add User, Pass, , Fri Oct 30 17:10:34 IST 2015, 10, 16, Manage Users: Add User, Pass, , Fri Oct 30 17:10:38 IST 2015, 10, 17, Manage Users: Add User, Pass, , Fri Oct 30 17:10:41 IST 2015, 10, 18, Manage Users: Add User, Pass, , Fri Oct 30 17:10:41 IST 2015, 10, 19, Manage Users: Add User, Pass, , Fri Oct 30 17:10:43 IST 2015, 10, 20, Manage Users: Add User, Pass, , Fri Oct 30 17:10:48 IST 2015, 10, 21, Manage Users: Add User, Pass, , Fri Oct 30 17:10:56 IST 2015, 10, 22, Manage Users: Add User, Pass, , Fri Oct 30 17:10:57 IST 2015, 10, 23, Manage Users: Add User, Pass, , Fri Oct 30 17:10:59 IST 2015, 10, 24, Manage Users: Add User, Pass, , Fri Oct 30 17:10:59 IST 2015, 10, 25, Manage Users: Add User, Pass, , Fri Oct 30 17:10:59 IST 2015, 10, 26, Manage Users: Add User, Pass, , Fri Oct 30 17:11:01 IST 2015, 10, 27, Manage Users: Add User, Pass, , Fri Oct 30 17:11:18 IST 2015, 10, 28, Manage Users: Add User, Pass, , Fri Oct 30 17:11:42 IST 2015, 10, 29, Manage Users: Add User, Pass, , Fri Oct 30 17:11:56 IST 2015, 10, 30, Manage Users: Add User, Pass, , Fri Oct 30 17:11:57 IST 2015, 10, 31, Manage Users: Add User, Pass, , Fri Oct 30 17:11:58 IST 2015, 10, 32, Manage Users: Add User, Pass, , Fri Oct 30 17:12:03 IST 2015]
[INFO ][2015-10-30 17:12:03,614][com.java.SeleniumDriver] [ 1196] - End time is-------4 min 45 sec
[INFO ][2015-10-30 17:12:03,614][com.java.SeleniumDriver] [ 1197] - The results are-------------------[10, 1, Manage Users: Add User, Pass, , Fri Oct 30 17:09:43 IST 2015, 10, 3, Manage Users: Add User, Pass, , Fri Oct 30 17:09:56 IST 2015, 10, 4, Manage Users: Add User, Pass, , Fri Oct 30 17:09:57 IST 2015, 10, 5, Manage Users: Add User, Pass, , Fri Oct 30 17:09:58 IST 2015, 10, 6, Manage Users: Add User, Pass, , Fri Oct 30 17:10:00 IST 2015, 10, 7, Manage Users: Add User, Pass, , Fri Oct 30 17:10:02 IST 2015, 10, 8, Manage Users: Add User, Pass, , Fri Oct 30 17:10:12 IST 2015, 10, 9, Manage Users: Add User, Pass, , Fri Oct 30 17:10:15 IST 2015, 10, 10, Manage Users: Add User, Pass, , Fri Oct 30 17:10:18 IST 2015, 10, 11, Manage Users: Add User, Pass, , Fri Oct 30 17:10:22 IST 2015, 10, 12, Manage Users: Add User, Pass, , Fri Oct 30 17:10:25 IST 2015, 10, 13, Manage Users: Add User, Pass, , Fri Oct 30 17:10:28 IST 2015, 10, 14, Manage Users: Add User, Pass, , Fri Oct 30 17:10:31 IST 2015, 10, 15, Manage Users: Add User, Pass, , Fri Oct 30 17:10:34 IST 2015, 10, 16, Manage Users: Add User, Pass, , Fri Oct 30 17:10:38 IST 2015, 10, 17, Manage Users: Add User, Pass, , Fri Oct 30 17:10:41 IST 2015, 10, 18, Manage Users: Add User, Pass, , Fri Oct 30 17:10:41 IST 2015, 10, 19, Manage Users: Add User, Pass, , Fri Oct 30 17:10:43 IST 2015, 10, 20, Manage Users: Add User, Pass, , Fri Oct 30 17:10:48 IST 2015, 10, 21, Manage Users: Add User, Pass, , Fri Oct 30 17:10:56 IST 2015, 10, 22, Manage Users: Add User, Pass, , Fri Oct 30 17:10:57 IST 2015, 10, 23, Manage Users: Add User, Pass, , Fri Oct 30 17:10:59 IST 2015, 10, 24, Manage Users: Add User, Pass, , Fri Oct 30 17:10:59 IST 2015, 10, 25, Manage Users: Add User, Pass, , Fri Oct 30 17:10:59 IST 2015, 10, 26, Manage Users: Add User, Pass, , Fri Oct 30 17:11:01 IST 2015, 10, 27, Manage Users: Add User, Pass, , Fri Oct 30 17:11:18 IST 2015, 10, 28, Manage Users: Add User, Pass, , Fri Oct 30 17:11:42 IST 2015, 10, 29, Manage Users: Add User, Pass, , Fri Oct 30 17:11:56 IST 2015, 10, 30, Manage Users: Add User, Pass, , Fri Oct 30 17:11:57 IST 2015, 10, 31, Manage Users: Add User, Pass, , Fri Oct 30 17:11:58 IST 2015, 10, 32, Manage Users: Add User, Pass, , Fri Oct 30 17:12:03 IST 2015]
[DEBUG][2015-10-30 17:12:03,614][com.java.ImportnExport.ExportTestResultsExcel] [  222] - testResultPath = D:\BankersDashboard/TestReports/Test Results_BankersDashBoard_103015_170720_IE11_Bank of North Carolina.xls
[DEBUG][2015-10-30 17:12:03,614][com.java.ImportnExport.ExportTestResultsExcel] [  223] - browser is------------IE11
[DEBUG][2015-10-30 17:12:03,614][com.java.ImportnExport.ExportTestResultsExcel] [  270] - result.size() = 186
[DEBUG][2015-10-30 17:12:03,614][com.java.ImportnExport.ExportTestResultsExcel] [  274] - No of rows in sheet=4
[DEBUG][2015-10-30 17:12:03,614][com.java.ImportnExport.ExportTestResultsExcel] [  301] - ..in export..10
[DEBUG][2015-10-30 17:12:03,614][com.java.ImportnExport.ExportTestResultsExcel] [  301] - ..in export..Manage Users: Add User
[DEBUG][2015-10-30 17:12:03,614][com.java.ImportnExport.ExportTestResultsExcel] [  301] - ..in export..Pass
[DEBUG][2015-10-30 17:12:03,614][com.java.ImportnExport.ExportTestResultsExcel] [  301] - ..in export..
[DEBUG][2015-10-30 17:12:03,614][com.java.ImportnExport.ExportTestResultsExcel] [  301] - ..in export..Fri Oct 30 17:09:43 IST 2015
[INFO ][2015-10-30 17:12:03,614][com.java.SeleniumDriver] [ 1255] - out loop:3 size:5 TestCases:[1, 11, 14, 10, 7] testcases:[1, 11, 14, 10, 7]
[INFO ][2015-10-30 17:12:03,614][com.java.ImportnExport.ImportTestDataDetailsExcel] [   49] - test data details path===== D:\BankersDashboard\TestInputs\TestData.xls
[INFO ][2015-10-30 17:12:20,677][com.java.SeleniumDriver] [  788] - ------------------------------------------
[INFO ][2015-10-30 17:12:20,677][com.java.SeleniumDriver] [  789] - Test case being Executed: 7
[INFO ][2015-10-30 17:12:20,677][com.java.SeleniumDriver] [  800] - Test step:1
[INFO ][2015-10-30 17:12:20,677][com.java.SeleniumDriver] [  812] - Datavalue is----------2
[INFO ][2015-10-30 17:12:20,677][com.java.SeleniumDriver] [  836] - DataField : XPH//div[@id='newusercontent']/div/ul[2]/li/div/div
[INFO ][2015-10-30 17:12:20,677][com.java.SeleniumDriver] [  838] - DataValue : 2
[INFO ][2015-10-30 17:12:20,677][com.java.SeleniumDriver] [  844] - <In Set values of the page>
[INFO ][2015-10-30 17:12:20,677][com.java.SeleniumDriver] [  847] - {Data Fields & Data Values Exist}
[INFO ][2015-10-30 17:12:20,677][com.java.SeleniumDriver] [  849] - --------------------------setting values-----------------------------
[INFO ][2015-10-30 17:12:20,677][com.java.SeleniumDriver] [  852] - Action Type : WAITFORELEMENT
[INFO ][2015-10-30 17:12:20,718][com.java.SeleniumDriver] [  861] -  RESULT true
[INFO ][2015-10-30 17:12:20,718][com.java.SeleniumDriver] [ 1066] - ?   P A S S   ?
[INFO ][2015-10-30 17:12:20,718][com.java.SeleniumDriver] [  788] - ------------------------------------------
[INFO ][2015-10-30 17:12:20,718][com.java.SeleniumDriver] [  789] - Test case being Executed: 7
[INFO ][2015-10-30 17:12:20,718][com.java.SeleniumDriver] [  800] - Test step:2
[INFO ][2015-10-30 17:12:20,718][com.java.SeleniumDriver] [  812] - Datavalue is----------Fed Funds Futures Curve
[INFO ][2015-10-30 17:12:20,718][com.java.SeleniumDriver] [  836] - DataField : XPH//div[@id='newusercontent']/div/ul[2]/li/div/div
[INFO ][2015-10-30 17:12:20,718][com.java.SeleniumDriver] [  838] - DataValue : Fed Funds Futures Curve
[INFO ][2015-10-30 17:12:20,718][com.java.SeleniumDriver] [  844] - <In Set values of the page>
[INFO ][2015-10-30 17:12:20,718][com.java.SeleniumDriver] [  847] - {Data Fields & Data Values Exist}
[INFO ][2015-10-30 17:12:20,718][com.java.SeleniumDriver] [  849] - --------------------------setting values-----------------------------
[INFO ][2015-10-30 17:12:20,718][com.java.SeleniumDriver] [  852] - Action Type : VERIFY
[INFO ][2015-10-30 17:12:20,718][com.java.TestType] [ 4875] - field= XPH//div[@id='newusercontent']/div/ul[2]/li/div/div value= Fed Funds Futures Curve
[INFO ][2015-10-30 17:12:20,718][com.java.TestType] [ 3749] - value = Fed Funds Futures Curve
[INFO ][2015-10-30 17:12:20,828][com.java.SeleniumDriver] [  861] -  RESULT true
[INFO ][2015-10-30 17:12:20,828][com.java.SeleniumDriver] [ 1066] - ?   P A S S   ?
[INFO ][2015-10-30 17:12:20,828][com.java.SeleniumDriver] [  788] - ------------------------------------------
[INFO ][2015-10-30 17:12:20,828][com.java.SeleniumDriver] [  789] - Test case being Executed: 7
[INFO ][2015-10-30 17:12:20,828][com.java.SeleniumDriver] [  800] - Test step:3
[INFO ][2015-10-30 17:12:20,828][com.java.SeleniumDriver] [  812] - Datavalue is----------//div[@id='newusercontent']/div/ul[2]/li/div/div[2]
[INFO ][2015-10-30 17:12:20,828][com.java.SeleniumDriver] [  836] - DataField : IMG
[INFO ][2015-10-30 17:12:20,828][com.java.SeleniumDriver] [  838] - DataValue : //div[@id='newusercontent']/div/ul[2]/li/div/div[2]
[INFO ][2015-10-30 17:12:20,828][com.java.SeleniumDriver] [  844] - <In Set values of the page>
[INFO ][2015-10-30 17:12:20,828][com.java.SeleniumDriver] [  847] - {Data Fields & Data Values Exist}
[INFO ][2015-10-30 17:12:20,828][com.java.SeleniumDriver] [  849] - --------------------------setting values-----------------------------
[INFO ][2015-10-30 17:12:20,828][com.java.SeleniumDriver] [  852] - Action Type : VERIFY
[INFO ][2015-10-30 17:12:20,828][com.java.TestType] [ 4875] - field= IMG value= //div[@id='newusercontent']/div/ul[2]/li/div/div[2]
[INFO ][2015-10-30 17:12:20,828][com.java.TestType] [ 3749] - value = //div[@id='newusercontent']/div/ul[2]/li/div/div[2]
[INFO ][2015-10-30 17:12:20,858][com.java.SeleniumDriver] [  861] -  RESULT true
[INFO ][2015-10-30 17:12:20,858][com.java.SeleniumDriver] [ 1066] - ?   P A S S   ?
[DEBUG][2015-10-30 17:12:20,858][com.java.SeleniumDriver] [ 1168] - Case found
[DEBUG][2015-10-30 17:12:20,858][com.java.SeleniumDriver] [ 1173] - Incrementing ReportCounters[0]:5
[INFO ][2015-10-30 17:12:20,858][com.java.SeleniumDriver] [ 1192] - The results are-------------------[7, 1, Fed Fund Curve, Pass, , Fri Oct 30 17:12:20 IST 2015, 7, 2, Fed Fund Curve, Pass, , Fri Oct 30 17:12:20 IST 2015, 7, 3, Fed Fund Curve, Pass, , Fri Oct 30 17:12:20 IST 2015]
[INFO ][2015-10-30 17:12:20,858][com.java.SeleniumDriver] [ 1196] - End time is-------5 min 2 sec
[INFO ][2015-10-30 17:12:20,858][com.java.SeleniumDriver] [ 1197] - The results are-------------------[7, 1, Fed Fund Curve, Pass, , Fri Oct 30 17:12:20 IST 2015, 7, 2, Fed Fund Curve, Pass, , Fri Oct 30 17:12:20 IST 2015, 7, 3, Fed Fund Curve, Pass, , Fri Oct 30 17:12:20 IST 2015]
[DEBUG][2015-10-30 17:12:20,858][com.java.ImportnExport.ExportTestResultsExcel] [  222] - testResultPath = D:\BankersDashboard/TestReports/Test Results_BankersDashBoard_103015_170720_IE11_Bank of North Carolina.xls
[DEBUG][2015-10-30 17:12:20,858][com.java.ImportnExport.ExportTestResultsExcel] [  223] - browser is------------IE11
[DEBUG][2015-10-30 17:12:20,858][com.java.ImportnExport.ExportTestResultsExcel] [  270] - result.size() = 18
[DEBUG][2015-10-30 17:12:20,858][com.java.ImportnExport.ExportTestResultsExcel] [  274] - No of rows in sheet=5
[DEBUG][2015-10-30 17:12:20,858][com.java.ImportnExport.ExportTestResultsExcel] [  301] - ..in export..7
[DEBUG][2015-10-30 17:12:20,858][com.java.ImportnExport.ExportTestResultsExcel] [  301] - ..in export..Fed Fund Curve
[DEBUG][2015-10-30 17:12:20,858][com.java.ImportnExport.ExportTestResultsExcel] [  301] - ..in export..Pass
[DEBUG][2015-10-30 17:12:20,858][com.java.ImportnExport.ExportTestResultsExcel] [  301] - ..in export..
[DEBUG][2015-10-30 17:12:20,858][com.java.ImportnExport.ExportTestResultsExcel] [  301] - ..in export..Fri Oct 30 17:12:20 IST 2015
[INFO ][2015-10-30 17:12:20,858][com.java.SeleniumDriver] [ 1255] - out loop:4 size:5 TestCases:[1, 11, 14, 10, 7] testcases:[1, 11, 14, 10, 7]
[INFO ][2015-10-30 17:12:22,858][com.java.SeleniumDriver] [ 1297] - Total Number of Cases:5
[INFO ][2015-10-30 17:12:22,858][com.java.TemplateGenerator] [  302] - Executed:5
[INFO ][2015-10-30 17:12:22,858][com.java.TemplateGenerator] [  303] - Passed:4
[INFO ][2015-10-30 17:12:22,858][com.java.TemplateGenerator] [  304] - Failed:1
[INFO ][2015-10-30 17:12:22,858][com.java.TemplateGenerator] [  305] - Skipeed:0
[INFO ][2015-10-30 17:12:22,858][com.java.TemplateGenerator] [  306] - Application URL:https://clients-xuat.bankersdashboard.com
[INFO ][2015-10-30 17:12:22,858][com.java.TemplateGenerator] [  307] - Start Time:103015_170720
[INFO ][2015-10-30 17:12:22,858][com.java.TemplateGenerator] [  308] -  Creating HTML Report 
[ERROR][2015-10-30 17:12:22,858][com.java.TemplateGenerator] [  409] - Unparseable date: "Fri Oct 30 05:07:20 IST 2015"
[INFO ][2015-10-30 17:12:22,858][com.java.TemplateGenerator] [  654] -  Exporting case :: 1
[INFO ][2015-10-30 17:12:22,858][com.java.TemplateGenerator] [  654] -  Exporting case :: 7
[INFO ][2015-10-30 17:12:22,858][com.java.TemplateGenerator] [  654] -  Exporting case :: 10
[INFO ][2015-10-30 17:12:22,858][com.java.TemplateGenerator] [  654] -  Exporting case :: 11
[INFO ][2015-10-30 17:12:22,858][com.java.TemplateGenerator] [  654] -  Exporting case :: 14
[INFO ][2015-10-30 17:12:22,858][com.java.SeleniumDriver] [ 1346] - End Time:103015_171222
[INFO ][2015-10-30 17:12:22,858][com.java.SeleniumDriver] [ 1349] - Data in Test Execution Details:{1=PASS, 7=PASS, 10=PASS, 11=PASS, 14=FAILTest case failed at Step No. :: 4   Error Message ::  Failed to select item: BNC Bank Corp & Subsidiaries from //select[@id='bank']}
[INFO ][2015-10-30 17:12:22,858][com.java.SeleniumDriver] [ 1350] - Data in Failed Execution Deatils:{}
[INFO ][2015-10-30 17:12:22,858][com.java.SeleniumDriver] [ 1352] - ReportCounter:Total:5 :: PASS: 4 ::FAIL: 1
[INFO ][2015-10-30 17:12:22,858][com.java.SeleniumDriver] [ 1353] - FailedReportCounter:Total:0 :: PASS: 0 ::FAIL: 0
[INFO ][2015-10-30 17:12:22,859][com.java.EmailTestReport] [   63] - Sending report mail details:
[INFO ][2015-10-30 17:12:22,859][com.java.EmailTestReport] [   80] - Excel Report Path:D:\BankersDashboard/TestReports/Test Results_BankersDashBoard_103015_170720_IE11_Bank of North Carolina.xls
[INFO ][2015-10-30 17:12:22,859][com.java.EmailTestReport] [   81] - HTML Report Path:D:\BankersDashboard//TestReports//Test Results_BankersDashBoard_103015_170720_IE11_Bank of North Carolina.html
[INFO ][2015-10-30 17:12:22,859][com.java.EmailTestReport] [   82] - smtpHostName:mail01.valuelabs.com
[INFO ][2015-10-30 17:12:22,859][com.java.EmailTestReport] [   83] - Recipient:venkateswararao.gubbala@valuelabs.com
[INFO ][2015-10-30 17:12:22,859][com.java.EmailTestReport] [   84] - From:venkateswararao.gubbala@valuelabs.com
[INFO ][2015-10-30 17:12:22,859][com.java.EmailTestReport] [   85] - Subject:DestinationRewards Automation Test Report - Bank of North Carolina - IE11
[INFO ][2015-10-30 17:12:22,879][com.java.EmailTestReport] [  143] -  Added venkateswararao.gubbala@valuelabs.com
[INFO ][2015-10-30 17:12:26,273][com.java.SeleniumDriver] [  719] - quitting the browser 
[INFO ][2015-10-30 17:12:27,513][com.java.SeleniumDriver] [  263] - Execution Completed Stopping the thread
