[INFO ][2015-12-16 17:41:58,673][com.java.SeleniumDriver] [  213] - Execute Failed Casesfalse
[INFO ][2015-12-16 17:41:58,673][com.java.SeleniumDriver] [  214] - Browser: IE10
[INFO ][2015-12-16 17:41:58,673][com.java.SeleniumDriver] [  215] - [1, 2, 3]
[INFO ][2015-12-16 17:41:58,673][com.java.SeleniumDriver] [  216] - Total TestCases:3
[INFO ][2015-12-16 17:41:58,673][com.java.SeleniumDriver] [  217] -  Reading Properties from Property File 
[DEBUG][2015-12-16 17:41:58,674][com.java.SeleniumDriver] [  238] - url : https://clients-xuat.bankersdashboard.com
[INFO ][2015-12-16 17:41:58,675][com.java.ImportnExport.ExportTestResultsExcel] [  116] - Time Stamp Wed Dec 16 05:41:58 IST 2015
[INFO ][2015-12-16 17:41:58,675][com.java.ImportnExport.ExportTestResultsExcel] [  175] - OUT FILE : D:\BankersDashboard/TestReports/Test Results_BankersDashBoard_121615_174158_IE10_Bank of North Carolina.xls
[INFO ][2015-12-16 17:41:58,704][com.java.ImportnExport.ExportTestResultsExcel] [  180] - Test Result file is created
[DEBUG][2015-12-16 17:41:58,806][com.java.SeleniumDriver] [  426] - Hub ip address is-------172.17.68.34
[INFO ][2015-12-16 17:41:58,807][com.java.SeleniumDriver] [  452] - Grid URL:http://172.17.68.34:4444/wd/hub
[INFO ][2015-12-16 17:41:58,807][com.java.SeleniumDriver] [  453] - Capability:Capabilities [{platform=ANY, ensureCleanSession=true, ignoreProtectedModeSettings=true, acceptSslCerts=true, ignoreZoomSetting=true, browserName=internet explorer, browserstack.ie.noFlash=true, version=null}]
[ERROR][2015-12-16 17:42:00,117][com.java.SeleniumDriver] [  497] - Unable invoke browser in grid:Could not start a new session. Possible causes are invalid address of the remote server or browser start-up failure.
Build info: version: '2.48.2', revision: '41bccdd', time: '2015-10-09 19:59:12'
System info: host: 'FVTIII438F1D', ip: '172.17.68.34', os.name: 'Windows 7', os.arch: 'x86', os.version: '6.1', java.version: '1.7.0_55'
Driver info: driver.version: SeleniumDriver
[INFO ][2015-12-16 17:42:00,117][com.java.SeleniumDriver] [  499] - Executing on local machine
[INFO ][2015-12-16 17:42:10,358][com.java.SeleniumDriver] [  248] - IE10is opened
[INFO ][2015-12-16 17:42:11,237][com.java.SeleniumDriver] [  754] - Test cases to be executed are: [1, 2, 3]
[INFO ][2015-12-16 17:42:11,257][com.java.ImportnExport.ImportTestDataDetailsExcel] [   49] - test data details path===== D:\BankersDashboard\TestInputs\TestData.xls
[INFO ][2015-12-16 17:42:11,335][com.java.SeleniumDriver] [  821] - ------------------------------------------
[INFO ][2015-12-16 17:42:11,335][com.java.SeleniumDriver] [  822] - Test case being Executed: 1
[INFO ][2015-12-16 17:42:11,336][com.java.SeleniumDriver] [  833] - Test step:1
[INFO ][2015-12-16 17:42:11,336][com.java.SeleniumDriver] [  845] - Datavalue is----------Concept#1:1-16
[INFO ][2015-12-16 17:42:11,336][com.java.SeleniumDriver] [  869] - DataField : test
[INFO ][2015-12-16 17:42:11,336][com.java.SeleniumDriver] [  871] - DataValue : Concept#1:1-16
[INFO ][2015-12-16 17:42:11,336][com.java.SeleniumDriver] [  877] - <In Set values of the page>
[INFO ][2015-12-16 17:42:11,336][com.java.SeleniumDriver] [  880] - {Data Fields & Data Values Exist}
[INFO ][2015-12-16 17:42:11,336][com.java.SeleniumDriver] [  882] - --------------------------setting values-----------------------------
[INFO ][2015-12-16 17:42:11,336][com.java.SeleniumDriver] [  885] - Action Type : ExecuteTestCase
[INFO ][2015-12-16 17:42:11,355][com.java.TestType] [  437] - The Concept sheet name is ---------- Concept
[INFO ][2015-12-16 17:42:11,355][com.java.TestType] [  440] - The Concept ID  is ---------- 1
[DEBUG][2015-12-16 17:42:11,355][com.java.TestType] [  444] - Steps being executted in the Concept are: 1:16
[INFO ][2015-12-16 17:42:11,355][com.java.TestType] [  451] - Test data details path ---------- D:\BankersDashboard\TestInputs\TestData.xls
[INFO ][2015-12-16 17:42:11,387][com.java.TestType] [  482] -  str(1) = 1
[INFO ][2015-12-16 17:42:11,388][com.java.TestType] [  485] - Test case Id is---1
[INFO ][2015-12-16 17:42:11,388][com.java.TestType] [  487] - 1
[INFO ][2015-12-16 17:42:11,388][com.java.TestType] [  482] -  str(2) = 1
[INFO ][2015-12-16 17:42:11,392][com.java.TestType] [  534] - row values are--------{1=com.java.Objects.TestDataDetails@1887c71}
[INFO ][2015-12-16 17:42:11,392][com.java.TestType] [  482] -  str(1) = 1
[INFO ][2015-12-16 17:42:11,392][com.java.TestType] [  485] - Test case Id is---1
[INFO ][2015-12-16 17:42:11,393][com.java.TestType] [  487] - 1
[INFO ][2015-12-16 17:42:11,393][com.java.TestType] [  482] -  str(2) = 2
[INFO ][2015-12-16 17:42:11,394][com.java.TestType] [  534] - row values are--------{1=com.java.Objects.TestDataDetails@1887c71, 2=com.java.Objects.TestDataDetails@119ab42}
[INFO ][2015-12-16 17:42:11,394][com.java.TestType] [  482] -  str(1) = 1
[INFO ][2015-12-16 17:42:11,394][com.java.TestType] [  485] - Test case Id is---1
[INFO ][2015-12-16 17:42:11,394][com.java.TestType] [  487] - 1
[INFO ][2015-12-16 17:42:11,395][com.java.TestType] [  482] -  str(2) = 3
[INFO ][2015-12-16 17:42:11,396][com.java.TestType] [  534] - row values are--------{1=com.java.Objects.TestDataDetails@1887c71, 2=com.java.Objects.TestDataDetails@119ab42, 3=com.java.Objects.TestDataDetails@915056}
[INFO ][2015-12-16 17:42:11,396][com.java.TestType] [  482] -  str(1) = 1
[INFO ][2015-12-16 17:42:11,396][com.java.TestType] [  485] - Test case Id is---1
[INFO ][2015-12-16 17:42:11,396][com.java.TestType] [  487] - 1
[INFO ][2015-12-16 17:42:11,396][com.java.TestType] [  482] -  str(2) = 4
[INFO ][2015-12-16 17:42:11,398][com.java.TestType] [  534] - row values are--------{1=com.java.Objects.TestDataDetails@1887c71, 2=com.java.Objects.TestDataDetails@119ab42, 3=com.java.Objects.TestDataDetails@915056, 4=com.java.Objects.TestDataDetails@185a2a8}
[INFO ][2015-12-16 17:42:11,398][com.java.TestType] [  482] -  str(1) = 1
[INFO ][2015-12-16 17:42:11,398][com.java.TestType] [  485] - Test case Id is---1
[INFO ][2015-12-16 17:42:11,398][com.java.TestType] [  487] - 1
[INFO ][2015-12-16 17:42:11,398][com.java.TestType] [  482] -  str(2) = 5
[INFO ][2015-12-16 17:42:11,400][com.java.TestType] [  534] - row values are--------{1=com.java.Objects.TestDataDetails@1887c71, 2=com.java.Objects.TestDataDetails@119ab42, 3=com.java.Objects.TestDataDetails@915056, 4=com.java.Objects.TestDataDetails@185a2a8, 5=com.java.Objects.TestDataDetails@1157426}
[INFO ][2015-12-16 17:42:11,400][com.java.TestType] [  482] -  str(1) = 1
[INFO ][2015-12-16 17:42:11,400][com.java.TestType] [  485] - Test case Id is---1
[INFO ][2015-12-16 17:42:11,400][com.java.TestType] [  487] - 1
[INFO ][2015-12-16 17:42:11,400][com.java.TestType] [  482] -  str(2) = 6
[INFO ][2015-12-16 17:42:11,402][com.java.TestType] [  534] - row values are--------{1=com.java.Objects.TestDataDetails@1887c71, 2=com.java.Objects.TestDataDetails@119ab42, 3=com.java.Objects.TestDataDetails@915056, 4=com.java.Objects.TestDataDetails@185a2a8, 5=com.java.Objects.TestDataDetails@1157426, 6=com.java.Objects.TestDataDetails@19a6440}
[INFO ][2015-12-16 17:42:11,403][com.java.TestType] [  482] -  str(1) = 1
[INFO ][2015-12-16 17:42:11,403][com.java.TestType] [  485] - Test case Id is---1
[INFO ][2015-12-16 17:42:11,403][com.java.TestType] [  487] - 1
[INFO ][2015-12-16 17:42:11,403][com.java.TestType] [  482] -  str(2) = 7
[INFO ][2015-12-16 17:42:11,404][com.java.TestType] [  534] - row values are--------{1=com.java.Objects.TestDataDetails@1887c71, 2=com.java.Objects.TestDataDetails@119ab42, 3=com.java.Objects.TestDataDetails@915056, 4=com.java.Objects.TestDataDetails@185a2a8, 5=com.java.Objects.TestDataDetails@1157426, 6=com.java.Objects.TestDataDetails@19a6440, 7=com.java.Objects.TestDataDetails@1971b94}
[INFO ][2015-12-16 17:42:11,404][com.java.TestType] [  482] -  str(1) = 1
[INFO ][2015-12-16 17:42:11,404][com.java.TestType] [  485] - Test case Id is---1
[INFO ][2015-12-16 17:42:11,404][com.java.TestType] [  487] - 1
[INFO ][2015-12-16 17:42:11,404][com.java.TestType] [  482] -  str(2) = 8
[INFO ][2015-12-16 17:42:11,405][com.java.TestType] [  534] - row values are--------{1=com.java.Objects.TestDataDetails@1887c71, 2=com.java.Objects.TestDataDetails@119ab42, 3=com.java.Objects.TestDataDetails@915056, 4=com.java.Objects.TestDataDetails@185a2a8, 5=com.java.Objects.TestDataDetails@1157426, 6=com.java.Objects.TestDataDetails@19a6440, 7=com.java.Objects.TestDataDetails@1971b94, 8=com.java.Objects.TestDataDetails@1bf3708}
[INFO ][2015-12-16 17:42:11,405][com.java.TestType] [  482] -  str(1) = 1
[INFO ][2015-12-16 17:42:11,405][com.java.TestType] [  485] - Test case Id is---1
[INFO ][2015-12-16 17:42:11,405][com.java.TestType] [  487] - 1
[INFO ][2015-12-16 17:42:11,405][com.java.TestType] [  482] -  str(2) = 9
[INFO ][2015-12-16 17:42:11,406][com.java.TestType] [  534] - row values are--------{1=com.java.Objects.TestDataDetails@1887c71, 2=com.java.Objects.TestDataDetails@119ab42, 3=com.java.Objects.TestDataDetails@915056, 4=com.java.Objects.TestDataDetails@185a2a8, 5=com.java.Objects.TestDataDetails@1157426, 6=com.java.Objects.TestDataDetails@19a6440, 7=com.java.Objects.TestDataDetails@1971b94, 8=com.java.Objects.TestDataDetails@1bf3708, 9=com.java.Objects.TestDataDetails@1c7d517}
[INFO ][2015-12-16 17:42:11,406][com.java.TestType] [  482] -  str(1) = 1
[INFO ][2015-12-16 17:42:11,406][com.java.TestType] [  485] - Test case Id is---1
[INFO ][2015-12-16 17:42:11,407][com.java.TestType] [  487] - 1
[INFO ][2015-12-16 17:42:11,407][com.java.TestType] [  482] -  str(2) = 10
[INFO ][2015-12-16 17:42:11,408][com.java.TestType] [  534] - row values are--------{1=com.java.Objects.TestDataDetails@1887c71, 2=com.java.Objects.TestDataDetails@119ab42, 3=com.java.Objects.TestDataDetails@915056, 4=com.java.Objects.TestDataDetails@185a2a8, 5=com.java.Objects.TestDataDetails@1157426, 6=com.java.Objects.TestDataDetails@19a6440, 7=com.java.Objects.TestDataDetails@1971b94, 8=com.java.Objects.TestDataDetails@1bf3708, 9=com.java.Objects.TestDataDetails@1c7d517, 10=com.java.Objects.TestDataDetails@16215d4}
[INFO ][2015-12-16 17:42:11,408][com.java.TestType] [  482] -  str(1) = 1
[INFO ][2015-12-16 17:42:11,408][com.java.TestType] [  485] - Test case Id is---1
[INFO ][2015-12-16 17:42:11,408][com.java.TestType] [  487] - 1
[INFO ][2015-12-16 17:42:11,408][com.java.TestType] [  482] -  str(2) = 11
[INFO ][2015-12-16 17:42:11,409][com.java.TestType] [  534] - row values are--------{1=com.java.Objects.TestDataDetails@1887c71, 2=com.java.Objects.TestDataDetails@119ab42, 3=com.java.Objects.TestDataDetails@915056, 4=com.java.Objects.TestDataDetails@185a2a8, 5=com.java.Objects.TestDataDetails@1157426, 6=com.java.Objects.TestDataDetails@19a6440, 7=com.java.Objects.TestDataDetails@1971b94, 8=com.java.Objects.TestDataDetails@1bf3708, 9=com.java.Objects.TestDataDetails@1c7d517, 10=com.java.Objects.TestDataDetails@16215d4, 11=com.java.Objects.TestDataDetails@16fcad2}
[INFO ][2015-12-16 17:42:11,409][com.java.TestType] [  482] -  str(1) = 1
[INFO ][2015-12-16 17:42:11,409][com.java.TestType] [  485] - Test case Id is---1
[INFO ][2015-12-16 17:42:11,409][com.java.TestType] [  487] - 1
[INFO ][2015-12-16 17:42:11,409][com.java.TestType] [  482] -  str(2) = 12
[INFO ][2015-12-16 17:42:11,410][com.java.TestType] [  534] - row values are--------{1=com.java.Objects.TestDataDetails@1887c71, 2=com.java.Objects.TestDataDetails@119ab42, 3=com.java.Objects.TestDataDetails@915056, 4=com.java.Objects.TestDataDetails@185a2a8, 5=com.java.Objects.TestDataDetails@1157426, 6=com.java.Objects.TestDataDetails@19a6440, 7=com.java.Objects.TestDataDetails@1971b94, 8=com.java.Objects.TestDataDetails@1bf3708, 9=com.java.Objects.TestDataDetails@1c7d517, 10=com.java.Objects.TestDataDetails@16215d4, 11=com.java.Objects.TestDataDetails@16fcad2, 12=com.java.Objects.TestDataDetails@f61e2}
[INFO ][2015-12-16 17:42:11,410][com.java.TestType] [  482] -  str(1) = 1
[INFO ][2015-12-16 17:42:11,410][com.java.TestType] [  485] - Test case Id is---1
[INFO ][2015-12-16 17:42:11,410][com.java.TestType] [  487] - 1
[INFO ][2015-12-16 17:42:11,410][com.java.TestType] [  482] -  str(2) = 13
[INFO ][2015-12-16 17:42:11,412][com.java.TestType] [  534] - row values are--------{1=com.java.Objects.TestDataDetails@1887c71, 2=com.java.Objects.TestDataDetails@119ab42, 3=com.java.Objects.TestDataDetails@915056, 4=com.java.Objects.TestDataDetails@185a2a8, 5=com.java.Objects.TestDataDetails@1157426, 6=com.java.Objects.TestDataDetails@19a6440, 7=com.java.Objects.TestDataDetails@1971b94, 8=com.java.Objects.TestDataDetails@1bf3708, 9=com.java.Objects.TestDataDetails@1c7d517, 10=com.java.Objects.TestDataDetails@16215d4, 11=com.java.Objects.TestDataDetails@16fcad2, 12=com.java.Objects.TestDataDetails@f61e2, 13=com.java.Objects.TestDataDetails@14ced4e}
[INFO ][2015-12-16 17:42:11,412][com.java.TestType] [  482] -  str(1) = 1
[INFO ][2015-12-16 17:42:11,412][com.java.TestType] [  485] - Test case Id is---1
[INFO ][2015-12-16 17:42:11,412][com.java.TestType] [  487] - 1
[INFO ][2015-12-16 17:42:11,412][com.java.TestType] [  482] -  str(2) = 14
[INFO ][2015-12-16 17:42:11,413][com.java.TestType] [  534] - row values are--------{1=com.java.Objects.TestDataDetails@1887c71, 2=com.java.Objects.TestDataDetails@119ab42, 3=com.java.Objects.TestDataDetails@915056, 4=com.java.Objects.TestDataDetails@185a2a8, 5=com.java.Objects.TestDataDetails@1157426, 6=com.java.Objects.TestDataDetails@19a6440, 7=com.java.Objects.TestDataDetails@1971b94, 8=com.java.Objects.TestDataDetails@1bf3708, 9=com.java.Objects.TestDataDetails@1c7d517, 10=com.java.Objects.TestDataDetails@16215d4, 11=com.java.Objects.TestDataDetails@16fcad2, 12=com.java.Objects.TestDataDetails@f61e2, 13=com.java.Objects.TestDataDetails@14ced4e, 14=com.java.Objects.TestDataDetails@1e1760a}
[INFO ][2015-12-16 17:42:11,413][com.java.TestType] [  482] -  str(1) = 1
[INFO ][2015-12-16 17:42:11,413][com.java.TestType] [  485] - Test case Id is---1
[INFO ][2015-12-16 17:42:11,413][com.java.TestType] [  487] - 1
[INFO ][2015-12-16 17:42:11,413][com.java.TestType] [  482] -  str(2) = 15
[INFO ][2015-12-16 17:42:11,414][com.java.TestType] [  534] - row values are--------{1=com.java.Objects.TestDataDetails@1887c71, 2=com.java.Objects.TestDataDetails@119ab42, 3=com.java.Objects.TestDataDetails@915056, 4=com.java.Objects.TestDataDetails@185a2a8, 5=com.java.Objects.TestDataDetails@1157426, 6=com.java.Objects.TestDataDetails@19a6440, 7=com.java.Objects.TestDataDetails@1971b94, 8=com.java.Objects.TestDataDetails@1bf3708, 9=com.java.Objects.TestDataDetails@1c7d517, 10=com.java.Objects.TestDataDetails@16215d4, 11=com.java.Objects.TestDataDetails@16fcad2, 12=com.java.Objects.TestDataDetails@f61e2, 13=com.java.Objects.TestDataDetails@14ced4e, 14=com.java.Objects.TestDataDetails@1e1760a, 15=com.java.Objects.TestDataDetails@104bc9}
[INFO ][2015-12-16 17:42:11,414][com.java.TestType] [  482] -  str(1) = 1
[INFO ][2015-12-16 17:42:11,414][com.java.TestType] [  485] - Test case Id is---1
[INFO ][2015-12-16 17:42:11,414][com.java.TestType] [  487] - 1
[INFO ][2015-12-16 17:42:11,414][com.java.TestType] [  482] -  str(2) = 16
[INFO ][2015-12-16 17:42:11,415][com.java.TestType] [  534] - row values are--------{1=com.java.Objects.TestDataDetails@1887c71, 2=com.java.Objects.TestDataDetails@119ab42, 3=com.java.Objects.TestDataDetails@915056, 4=com.java.Objects.TestDataDetails@185a2a8, 5=com.java.Objects.TestDataDetails@1157426, 6=com.java.Objects.TestDataDetails@19a6440, 7=com.java.Objects.TestDataDetails@1971b94, 8=com.java.Objects.TestDataDetails@1bf3708, 9=com.java.Objects.TestDataDetails@1c7d517, 10=com.java.Objects.TestDataDetails@16215d4, 11=com.java.Objects.TestDataDetails@16fcad2, 12=com.java.Objects.TestDataDetails@f61e2, 13=com.java.Objects.TestDataDetails@14ced4e, 14=com.java.Objects.TestDataDetails@1e1760a, 15=com.java.Objects.TestDataDetails@104bc9, 16=com.java.Objects.TestDataDetails@1f7057}
[INFO ][2015-12-16 17:42:11,415][com.java.TestType] [10179] - Looping 1TCID = 1
[DEBUG][2015-12-16 17:42:11,415][com.java.TestType] [10220] - Concept ID:1 :: Step being Executed: 1::1
[INFO ][2015-12-16 17:42:11,415][com.java.TestType] [10258] - dataFields : TXTusername
[DEBUG][2015-12-16 17:42:11,415][com.java.TestType] [10264] - <In Set values of the page>
[DEBUG][2015-12-16 17:42:11,415][com.java.TestType] [10269] - {Data Fields & Data Values Exist}
[INFO ][2015-12-16 17:42:11,415][com.java.TestType] [10275] - --------------------------setting values-----------------------------
[INFO ][2015-12-16 17:42:11,415][com.java.TestType] [10278] - Action Type : CLEARANDENTER
[INFO ][2015-12-16 17:42:11,416][com.java.TestType] [ 5556] - value = valuelabs.ie10.33527
[INFO ][2015-12-16 17:42:16,305][com.java.TestType] [10297] -  RESULT true
[INFO ][2015-12-16 17:42:16,305][com.java.TestType] [10414] - ?   P A S S   ?
[DEBUG][2015-12-16 17:42:16,305][com.java.TestType] [10220] - Concept ID:1 :: Step being Executed: 1::2
[INFO ][2015-12-16 17:42:16,305][com.java.TestType] [10258] - dataFields : TXTpassword
[DEBUG][2015-12-16 17:42:16,305][com.java.TestType] [10264] - <In Set values of the page>
[DEBUG][2015-12-16 17:42:16,305][com.java.TestType] [10269] - {Data Fields & Data Values Exist}
[INFO ][2015-12-16 17:42:16,305][com.java.TestType] [10275] - --------------------------setting values-----------------------------
[INFO ][2015-12-16 17:42:16,306][com.java.TestType] [10278] - Action Type : CLEARANDENTER
[INFO ][2015-12-16 17:42:16,306][com.java.TestType] [ 5556] - value = Password1*
[INFO ][2015-12-16 17:42:21,260][com.java.TestType] [10297] -  RESULT true
[INFO ][2015-12-16 17:42:21,260][com.java.TestType] [10414] - ?   P A S S   ?
[DEBUG][2015-12-16 17:42:21,261][com.java.TestType] [10220] - Concept ID:1 :: Step being Executed: 1::3
[ERROR][2015-12-16 17:42:21,261][com.java.TestType] [10253] - Exception: null
[INFO ][2015-12-16 17:42:21,261][com.java.TestType] [10258] - dataFields : XPH//button[@type='submit']
[DEBUG][2015-12-16 17:42:21,261][com.java.TestType] [10264] - <In Set values of the page>
[DEBUG][2015-12-16 17:42:21,261][com.java.TestType] [10269] - {Data Fields & Data Values Exist}
[INFO ][2015-12-16 17:42:21,261][com.java.TestType] [10275] - --------------------------setting values-----------------------------
[INFO ][2015-12-16 17:42:21,261][com.java.TestType] [10278] - Action Type : Click
[INFO ][2015-12-16 17:42:21,261][com.java.TestType] [ 5922] - Field ::XPH//button[@type='submit']
[INFO ][2015-12-16 17:42:21,261][com.java.TestType] [ 5556] - value = 
[INFO ][2015-12-16 17:42:22,261][com.java.TestType] [ 6059] - BEFORE CLICK
[INFO ][2015-12-16 17:42:25,474][com.java.TestType] [ 6067] - Unable to click the object Login
[INFO ][2015-12-16 17:42:25,474][com.java.TestType] [10297] -  RESULT true
[INFO ][2015-12-16 17:42:25,474][com.java.TestType] [10414] - ?   P A S S   ?
[DEBUG][2015-12-16 17:42:25,474][com.java.TestType] [10220] - Concept ID:1 :: Step being Executed: 1::4
[INFO ][2015-12-16 17:42:25,474][com.java.TestType] [10258] - dataFields : LNKLogout
[DEBUG][2015-12-16 17:42:25,474][com.java.TestType] [10264] - <In Set values of the page>
[DEBUG][2015-12-16 17:42:25,474][com.java.TestType] [10269] - {Data Fields & Data Values Exist}
[INFO ][2015-12-16 17:42:25,474][com.java.TestType] [10275] - --------------------------setting values-----------------------------
[INFO ][2015-12-16 17:42:25,475][com.java.TestType] [10278] - Action Type : WaitForElement
[INFO ][2015-12-16 17:42:25,509][com.java.TestType] [10297] -  RESULT true
[INFO ][2015-12-16 17:42:25,509][com.java.TestType] [10414] - ?   P A S S   ?
[DEBUG][2015-12-16 17:42:25,509][com.java.TestType] [10220] - Concept ID:1 :: Step being Executed: 1::15
[INFO ][2015-12-16 17:42:25,509][com.java.TestType] [10258] - dataFields : LNK
[DEBUG][2015-12-16 17:42:25,509][com.java.TestType] [10264] - <In Set values of the page>
[DEBUG][2015-12-16 17:42:25,509][com.java.TestType] [10269] - {Data Fields & Data Values Exist}
[INFO ][2015-12-16 17:42:25,509][com.java.TestType] [10275] - --------------------------setting values-----------------------------
[INFO ][2015-12-16 17:42:25,510][com.java.TestType] [10278] - Action Type : Verify
[INFO ][2015-12-16 17:42:25,510][com.java.TestType] [ 6865] - field= LNK value= Logout
[INFO ][2015-12-16 17:42:25,510][com.java.TestType] [ 5556] - value = Logout
[INFO ][2015-12-16 17:42:25,545][com.java.TestType] [10297] -  RESULT true
[INFO ][2015-12-16 17:42:25,545][com.java.TestType] [10414] - ?   P A S S   ?
[DEBUG][2015-12-16 17:42:25,545][com.java.TestType] [10220] - Concept ID:1 :: Step being Executed: 1::16
[INFO ][2015-12-16 17:42:25,545][com.java.TestType] [10258] - dataFields : BTN
[DEBUG][2015-12-16 17:42:25,546][com.java.TestType] [10264] - <In Set values of the page>
[DEBUG][2015-12-16 17:42:25,546][com.java.TestType] [10269] - {Data Fields & Data Values Exist}
[INFO ][2015-12-16 17:42:25,546][com.java.TestType] [10275] - --------------------------setting values-----------------------------
[INFO ][2015-12-16 17:42:25,546][com.java.TestType] [10278] - Action Type : Verify
[INFO ][2015-12-16 17:42:25,546][com.java.TestType] [ 6865] - field= BTN value= //img[contains(@src,'bdlogo.jpg')]
[INFO ][2015-12-16 17:42:25,546][com.java.TestType] [ 5556] - value = //img[contains(@src,'bdlogo.jpg')]
[INFO ][2015-12-16 17:42:25,612][com.java.TestType] [10297] -  RESULT true
[INFO ][2015-12-16 17:42:25,612][com.java.TestType] [10414] - ?   P A S S   ?
[INFO ][2015-12-16 17:42:25,612][com.java.TestType] [10485] - Looping End......
[INFO ][2015-12-16 17:42:25,616][com.java.SeleniumDriver] [  894] -  RESULT true
[INFO ][2015-12-16 17:42:25,616][com.java.SeleniumDriver] [ 1100] - ?   P A S S   ?
[INFO ][2015-12-16 17:42:25,616][com.java.SeleniumDriver] [  821] - ------------------------------------------
[INFO ][2015-12-16 17:42:25,616][com.java.SeleniumDriver] [  822] - Test case being Executed: 1
[INFO ][2015-12-16 17:42:25,616][com.java.SeleniumDriver] [  833] - Test step:2
[INFO ][2015-12-16 17:42:25,616][com.java.SeleniumDriver] [  845] - Datavalue is----------Concept#2:1-2
[INFO ][2015-12-16 17:42:25,616][com.java.SeleniumDriver] [  869] - DataField : test
[INFO ][2015-12-16 17:42:25,616][com.java.SeleniumDriver] [  871] - DataValue : Concept#2:1-2
[INFO ][2015-12-16 17:42:25,616][com.java.SeleniumDriver] [  877] - <In Set values of the page>
[INFO ][2015-12-16 17:42:25,616][com.java.SeleniumDriver] [  880] - {Data Fields & Data Values Exist}
[INFO ][2015-12-16 17:42:25,616][com.java.SeleniumDriver] [  882] - --------------------------setting values-----------------------------
[INFO ][2015-12-16 17:42:25,616][com.java.SeleniumDriver] [  885] - Action Type : ExecuteTestCase
[INFO ][2015-12-16 17:42:25,617][com.java.TestType] [  437] - The Concept sheet name is ---------- Concept
[INFO ][2015-12-16 17:42:25,617][com.java.TestType] [  440] - The Concept ID  is ---------- 2
[DEBUG][2015-12-16 17:42:25,617][com.java.TestType] [  444] - Steps being executted in the Concept are: 1:2
[INFO ][2015-12-16 17:42:25,617][com.java.TestType] [  451] - Test data details path ---------- D:\BankersDashboard\TestInputs\TestData.xls
[INFO ][2015-12-16 17:42:25,646][com.java.TestType] [  482] -  str(1) = 2
[INFO ][2015-12-16 17:42:25,646][com.java.TestType] [  485] - Test case Id is---2
[INFO ][2015-12-16 17:42:25,646][com.java.TestType] [  487] - 2
[INFO ][2015-12-16 17:42:25,646][com.java.TestType] [  482] -  str(2) = 1
[INFO ][2015-12-16 17:42:25,648][com.java.TestType] [  534] - row values are--------{1=com.java.Objects.TestDataDetails@119e736}
[INFO ][2015-12-16 17:42:25,648][com.java.TestType] [  482] -  str(1) = 2
[INFO ][2015-12-16 17:42:25,648][com.java.TestType] [  485] - Test case Id is---2
[INFO ][2015-12-16 17:42:25,648][com.java.TestType] [  487] - 2
[INFO ][2015-12-16 17:42:25,648][com.java.TestType] [  482] -  str(2) = 2
[INFO ][2015-12-16 17:42:25,649][com.java.TestType] [  534] - row values are--------{1=com.java.Objects.TestDataDetails@119e736, 2=com.java.Objects.TestDataDetails@934ea0}
[INFO ][2015-12-16 17:42:25,649][com.java.TestType] [  482] -  str(1) = 2
[INFO ][2015-12-16 17:42:25,649][com.java.TestType] [  485] - Test case Id is---2
[INFO ][2015-12-16 17:42:25,649][com.java.TestType] [  487] - 2
[INFO ][2015-12-16 17:42:25,649][com.java.TestType] [  482] -  str(2) = 3
[INFO ][2015-12-16 17:42:25,650][com.java.TestType] [  534] - row values are--------{1=com.java.Objects.TestDataDetails@119e736, 2=com.java.Objects.TestDataDetails@934ea0, 3=com.java.Objects.TestDataDetails@1de523e}
[INFO ][2015-12-16 17:42:25,650][com.java.TestType] [10179] - Looping 1TCID = 2
[DEBUG][2015-12-16 17:42:25,650][com.java.TestType] [10220] - Concept ID:2 :: Step being Executed: 2::1
[INFO ][2015-12-16 17:42:25,650][com.java.TestType] [10258] - dataFields : BNK//select[@id='bank']
[DEBUG][2015-12-16 17:42:25,650][com.java.TestType] [10264] - <In Set values of the page>
[DEBUG][2015-12-16 17:42:25,650][com.java.TestType] [10269] - {Data Fields & Data Values Exist}
[INFO ][2015-12-16 17:42:25,650][com.java.TestType] [10275] - --------------------------setting values-----------------------------
[INFO ][2015-12-16 17:42:25,651][com.java.TestType] [10278] - Action Type : Select
[INFO ][2015-12-16 17:42:25,651][com.java.TestType] [ 5556] - value = PFC
[INFO ][2015-12-16 17:42:25,841][com.java.TestType] [10297] -  RESULT true
[INFO ][2015-12-16 17:42:25,841][com.java.TestType] [10414] - ?   P A S S   ?
[DEBUG][2015-12-16 17:42:25,841][com.java.TestType] [10220] - Concept ID:2 :: Step being Executed: 2::2
[INFO ][2015-12-16 17:42:25,841][com.java.TestType] [10258] - dataFields : LNKLogout
[DEBUG][2015-12-16 17:42:25,841][com.java.TestType] [10264] - <In Set values of the page>
[DEBUG][2015-12-16 17:42:25,841][com.java.TestType] [10269] - {Data Fields & Data Values Exist}
[INFO ][2015-12-16 17:42:25,841][com.java.TestType] [10275] - --------------------------setting values-----------------------------
[INFO ][2015-12-16 17:42:25,841][com.java.TestType] [10278] - Action Type : WaitTime
[DEBUG][2015-12-16 17:42:25,842][com.java.TestType] [ 5376] - sleepTime: 5000
[INFO ][2015-12-16 17:42:30,862][com.java.TestType] [10297] -  RESULT true
[INFO ][2015-12-16 17:42:30,862][com.java.TestType] [10414] - ?   P A S S   ?
[INFO ][2015-12-16 17:42:30,862][com.java.TestType] [10485] - Looping End......
[INFO ][2015-12-16 17:42:30,862][com.java.SeleniumDriver] [  894] -  RESULT true
[INFO ][2015-12-16 17:42:30,862][com.java.SeleniumDriver] [ 1100] - ?   P A S S   ?
[INFO ][2015-12-16 17:42:30,862][com.java.SeleniumDriver] [  821] - ------------------------------------------
[INFO ][2015-12-16 17:42:30,862][com.java.SeleniumDriver] [  822] - Test case being Executed: 1
[INFO ][2015-12-16 17:42:30,862][com.java.SeleniumDriver] [  833] - Test step:3
[INFO ][2015-12-16 17:42:30,862][com.java.SeleniumDriver] [  845] - Datavalue is----------2
[INFO ][2015-12-16 17:42:30,862][com.java.SeleniumDriver] [  869] - DataField : XPH//button[contains(text(),'Add Content')]
[INFO ][2015-12-16 17:42:30,862][com.java.SeleniumDriver] [  871] - DataValue : 2
[INFO ][2015-12-16 17:42:30,862][com.java.SeleniumDriver] [  877] - <In Set values of the page>
[INFO ][2015-12-16 17:42:30,862][com.java.SeleniumDriver] [  880] - {Data Fields & Data Values Exist}
[INFO ][2015-12-16 17:42:30,862][com.java.SeleniumDriver] [  882] - --------------------------setting values-----------------------------
[INFO ][2015-12-16 17:42:30,862][com.java.SeleniumDriver] [  885] - Action Type : WAITFORELEMENT
[INFO ][2015-12-16 17:42:30,903][com.java.SeleniumDriver] [  894] -  RESULT true
[INFO ][2015-12-16 17:42:30,903][com.java.SeleniumDriver] [ 1100] - ?   P A S S   ?
[DEBUG][2015-12-16 17:42:30,903][com.java.SeleniumDriver] [ 1212] - Case found
[DEBUG][2015-12-16 17:42:30,903][com.java.SeleniumDriver] [ 1217] - Incrementing ReportCounters[0]:1
[INFO ][2015-12-16 17:42:30,903][com.java.SeleniumDriver] [ 1236] - The results are-------------------[1, 1, Valid Login, Pass, , Wed Dec 16 17:42:25 IST 2015, 1, 2, Valid Login, Pass, , Wed Dec 16 17:42:30 IST 2015, 1, 3, Valid Login, Pass, , Wed Dec 16 17:42:30 IST 2015]
[INFO ][2015-12-16 17:42:30,903][com.java.SeleniumDriver] [ 1240] - End time is-------34 sec
[INFO ][2015-12-16 17:42:30,903][com.java.SeleniumDriver] [ 1241] - The results are-------------------[1, 1, Valid Login, Pass, , Wed Dec 16 17:42:25 IST 2015, 1, 2, Valid Login, Pass, , Wed Dec 16 17:42:30 IST 2015, 1, 3, Valid Login, Pass, , Wed Dec 16 17:42:30 IST 2015]
[DEBUG][2015-12-16 17:42:30,903][com.java.ImportnExport.ExportTestResultsExcel] [  222] - testResultPath = D:\BankersDashboard/TestReports/Test Results_BankersDashBoard_121615_174158_IE10_Bank of North Carolina.xls
[DEBUG][2015-12-16 17:42:30,903][com.java.ImportnExport.ExportTestResultsExcel] [  223] - browser is------------IE10
[DEBUG][2015-12-16 17:42:30,943][com.java.ImportnExport.ExportTestResultsExcel] [  270] - result.size() = 18
[DEBUG][2015-12-16 17:42:30,943][com.java.ImportnExport.ExportTestResultsExcel] [  274] - No of rows in sheet=1
[DEBUG][2015-12-16 17:42:30,943][com.java.ImportnExport.ExportTestResultsExcel] [  301] - ..in export..1
[DEBUG][2015-12-16 17:42:30,943][com.java.ImportnExport.ExportTestResultsExcel] [  301] - ..in export..Valid Login
[DEBUG][2015-12-16 17:42:30,943][com.java.ImportnExport.ExportTestResultsExcel] [  301] - ..in export..Pass
[DEBUG][2015-12-16 17:42:30,943][com.java.ImportnExport.ExportTestResultsExcel] [  301] - ..in export..
[DEBUG][2015-12-16 17:42:30,943][com.java.ImportnExport.ExportTestResultsExcel] [  301] - ..in export..Wed Dec 16 17:42:25 IST 2015
[INFO ][2015-12-16 17:42:30,943][com.java.SeleniumDriver] [ 1299] - out loop:0 size:3 TestCases:[1, 2, 3] testcases:[1, 2, 3]
[INFO ][2015-12-16 17:42:30,943][com.java.ImportnExport.ImportTestDataDetailsExcel] [   49] - test data details path===== D:\BankersDashboard\TestInputs\TestData.xls
[INFO ][2015-12-16 17:42:50,549][com.java.SeleniumDriver] [  821] - ------------------------------------------
[INFO ][2015-12-16 17:42:50,549][com.java.SeleniumDriver] [  822] - Test case being Executed: 2
[INFO ][2015-12-16 17:42:50,549][com.java.SeleniumDriver] [  833] - Test step:1
[INFO ][2015-12-16 17:42:50,549][com.java.SeleniumDriver] [  845] - Datavalue is----------Logout
[INFO ][2015-12-16 17:42:50,549][com.java.SeleniumDriver] [  869] - DataField : BTN
[INFO ][2015-12-16 17:42:50,549][com.java.SeleniumDriver] [  871] - DataValue : Logout
[INFO ][2015-12-16 17:42:50,549][com.java.SeleniumDriver] [  877] - <In Set values of the page>
[INFO ][2015-12-16 17:42:50,549][com.java.SeleniumDriver] [  880] - {Data Fields & Data Values Exist}
[INFO ][2015-12-16 17:42:50,549][com.java.SeleniumDriver] [  882] - --------------------------setting values-----------------------------
[INFO ][2015-12-16 17:42:50,549][com.java.SeleniumDriver] [  885] - Action Type : Verify
[INFO ][2015-12-16 17:42:50,549][com.java.TestType] [ 6865] - field= BTN value= Logout
[INFO ][2015-12-16 17:42:50,549][com.java.TestType] [ 5556] - value = Logout
[INFO ][2015-12-16 17:42:50,630][com.java.SeleniumDriver] [  894] -  RESULT true
[INFO ][2015-12-16 17:42:50,630][com.java.SeleniumDriver] [ 1100] - ?   P A S S   ?
[INFO ][2015-12-16 17:42:50,630][com.java.SeleniumDriver] [ 1142] - step change to 3
[INFO ][2015-12-16 17:42:50,630][com.java.SeleniumDriver] [  821] - ------------------------------------------
[INFO ][2015-12-16 17:42:50,630][com.java.SeleniumDriver] [  822] - Test case being Executed: 2
[INFO ][2015-12-16 17:42:50,630][com.java.SeleniumDriver] [  833] - Test step:3
[INFO ][2015-12-16 17:42:50,630][com.java.SeleniumDriver] [  845] - Datavalue is----------Concept#2:1-2
[INFO ][2015-12-16 17:42:50,630][com.java.SeleniumDriver] [  869] - DataField : test
[INFO ][2015-12-16 17:42:50,630][com.java.SeleniumDriver] [  871] - DataValue : Concept#2:1-2
[INFO ][2015-12-16 17:42:50,630][com.java.SeleniumDriver] [  877] - <In Set values of the page>
[INFO ][2015-12-16 17:42:50,630][com.java.SeleniumDriver] [  880] - {Data Fields & Data Values Exist}
[INFO ][2015-12-16 17:42:50,630][com.java.SeleniumDriver] [  882] - --------------------------setting values-----------------------------
[INFO ][2015-12-16 17:42:50,630][com.java.SeleniumDriver] [  885] - Action Type : ExecuteTestCase
[INFO ][2015-12-16 17:42:50,630][com.java.TestType] [  437] - The Concept sheet name is ---------- Concept
[INFO ][2015-12-16 17:42:50,630][com.java.TestType] [  440] - The Concept ID  is ---------- 2
[DEBUG][2015-12-16 17:42:50,630][com.java.TestType] [  444] - Steps being executted in the Concept are: 1:2
[INFO ][2015-12-16 17:42:50,630][com.java.TestType] [  451] - Test data details path ---------- D:\BankersDashboard\TestInputs\TestData.xls
[INFO ][2015-12-16 17:42:50,650][com.java.TestType] [  482] -  str(1) = 2
[INFO ][2015-12-16 17:42:50,660][com.java.TestType] [  485] - Test case Id is---2
[INFO ][2015-12-16 17:42:50,660][com.java.TestType] [  487] - 2
[INFO ][2015-12-16 17:42:50,660][com.java.TestType] [  482] -  str(2) = 1
[INFO ][2015-12-16 17:42:50,660][com.java.TestType] [  534] - row values are--------{1=com.java.Objects.TestDataDetails@1be203a}
[INFO ][2015-12-16 17:42:50,660][com.java.TestType] [  482] -  str(1) = 2
[INFO ][2015-12-16 17:42:50,660][com.java.TestType] [  485] - Test case Id is---2
[INFO ][2015-12-16 17:42:50,660][com.java.TestType] [  487] - 2
[INFO ][2015-12-16 17:42:50,660][com.java.TestType] [  482] -  str(2) = 2
[INFO ][2015-12-16 17:42:50,660][com.java.TestType] [  534] - row values are--------{1=com.java.Objects.TestDataDetails@1be203a, 2=com.java.Objects.TestDataDetails@1fead5c}
[INFO ][2015-12-16 17:42:50,660][com.java.TestType] [  482] -  str(1) = 2
[INFO ][2015-12-16 17:42:50,660][com.java.TestType] [  485] - Test case Id is---2
[INFO ][2015-12-16 17:42:50,660][com.java.TestType] [  487] - 2
[INFO ][2015-12-16 17:42:50,660][com.java.TestType] [  482] -  str(2) = 3
[INFO ][2015-12-16 17:42:50,660][com.java.TestType] [  534] - row values are--------{1=com.java.Objects.TestDataDetails@1be203a, 2=com.java.Objects.TestDataDetails@1fead5c, 3=com.java.Objects.TestDataDetails@1027d71}
[INFO ][2015-12-16 17:42:50,660][com.java.TestType] [10179] - Looping 1TCID = 2
[DEBUG][2015-12-16 17:42:50,660][com.java.TestType] [10220] - Concept ID:2 :: Step being Executed: 2::1
[INFO ][2015-12-16 17:42:50,660][com.java.TestType] [10258] - dataFields : BNK//select[@id='bank']
[DEBUG][2015-12-16 17:42:50,660][com.java.TestType] [10264] - <In Set values of the page>
[DEBUG][2015-12-16 17:42:50,660][com.java.TestType] [10269] - {Data Fields & Data Values Exist}
[INFO ][2015-12-16 17:42:50,660][com.java.TestType] [10275] - --------------------------setting values-----------------------------
[INFO ][2015-12-16 17:42:50,660][com.java.TestType] [10278] - Action Type : Select
[INFO ][2015-12-16 17:42:50,660][com.java.TestType] [ 5556] - value = PFC
[INFO ][2015-12-16 17:42:50,850][com.java.TestType] [10297] -  RESULT true
[INFO ][2015-12-16 17:42:50,850][com.java.TestType] [10414] - ?   P A S S   ?
[DEBUG][2015-12-16 17:42:50,850][com.java.TestType] [10220] - Concept ID:2 :: Step being Executed: 2::2
[INFO ][2015-12-16 17:42:50,850][com.java.TestType] [10258] - dataFields : LNKLogout
[DEBUG][2015-12-16 17:42:50,850][com.java.TestType] [10264] - <In Set values of the page>
[DEBUG][2015-12-16 17:42:50,850][com.java.TestType] [10269] - {Data Fields & Data Values Exist}
[INFO ][2015-12-16 17:42:50,850][com.java.TestType] [10275] - --------------------------setting values-----------------------------
[INFO ][2015-12-16 17:42:50,850][com.java.TestType] [10278] - Action Type : WaitTime
[DEBUG][2015-12-16 17:42:50,850][com.java.TestType] [ 5376] - sleepTime: 5000
[INFO ][2015-12-16 17:42:55,852][com.java.TestType] [10297] -  RESULT true
[INFO ][2015-12-16 17:42:55,852][com.java.TestType] [10414] - ?   P A S S   ?
[INFO ][2015-12-16 17:42:55,852][com.java.TestType] [10485] - Looping End......
[INFO ][2015-12-16 17:42:55,852][com.java.SeleniumDriver] [  894] -  RESULT true
[INFO ][2015-12-16 17:42:55,852][com.java.SeleniumDriver] [ 1100] - ?   P A S S   ?
[INFO ][2015-12-16 17:42:55,852][com.java.SeleniumDriver] [  821] - ------------------------------------------
[INFO ][2015-12-16 17:42:55,852][com.java.SeleniumDriver] [  822] - Test case being Executed: 2
[INFO ][2015-12-16 17:42:55,852][com.java.SeleniumDriver] [  833] - Test step:4
[INFO ][2015-12-16 17:42:55,852][com.java.SeleniumDriver] [  845] - Datavalue is----------null
[DEBUG][2015-12-16 17:42:55,852][com.java.SeleniumDriver] [  863] - Exception: null
[INFO ][2015-12-16 17:42:55,852][com.java.SeleniumDriver] [  869] - DataField : //span[@class='icon-cog2']&&//a[@data-id="UserSettings"]
[INFO ][2015-12-16 17:42:55,852][com.java.SeleniumDriver] [  871] - DataValue : 
[INFO ][2015-12-16 17:42:55,852][com.java.SeleniumDriver] [  877] - <In Set values of the page>
[INFO ][2015-12-16 17:42:55,852][com.java.SeleniumDriver] [  880] - {Data Fields & Data Values Exist}
[INFO ][2015-12-16 17:42:55,852][com.java.SeleniumDriver] [  882] - --------------------------setting values-----------------------------
[INFO ][2015-12-16 17:42:55,852][com.java.SeleniumDriver] [  885] - Action Type : MOUSEOVER
[INFO ][2015-12-16 17:43:18,896][com.java.SeleniumDriver] [  894] -  RESULT true
[INFO ][2015-12-16 17:43:18,896][com.java.SeleniumDriver] [ 1100] - ?   P A S S   ?
[INFO ][2015-12-16 17:43:18,896][com.java.SeleniumDriver] [  821] - ------------------------------------------
[INFO ][2015-12-16 17:43:18,896][com.java.SeleniumDriver] [  822] - Test case being Executed: 2
[INFO ][2015-12-16 17:43:18,896][com.java.SeleniumDriver] [  833] - Test step:5
[INFO ][2015-12-16 17:43:18,896][com.java.SeleniumDriver] [  845] - Datavalue is----------2
[INFO ][2015-12-16 17:43:18,896][com.java.SeleniumDriver] [  869] - DataField : BTNframeDialogContent
[INFO ][2015-12-16 17:43:18,896][com.java.SeleniumDriver] [  871] - DataValue : 2
[INFO ][2015-12-16 17:43:18,896][com.java.SeleniumDriver] [  877] - <In Set values of the page>
[INFO ][2015-12-16 17:43:18,896][com.java.SeleniumDriver] [  880] - {Data Fields & Data Values Exist}
[INFO ][2015-12-16 17:43:18,896][com.java.SeleniumDriver] [  882] - --------------------------setting values-----------------------------
[INFO ][2015-12-16 17:43:18,896][com.java.SeleniumDriver] [  885] - Action Type : WAITFORELEMENT
[INFO ][2015-12-16 17:43:20,077][com.java.SeleniumDriver] [  894] -  RESULT true
[INFO ][2015-12-16 17:43:20,077][com.java.SeleniumDriver] [ 1100] - ?   P A S S   ?
[INFO ][2015-12-16 17:43:20,077][com.java.SeleniumDriver] [  821] - ------------------------------------------
[INFO ][2015-12-16 17:43:20,077][com.java.SeleniumDriver] [  822] - Test case being Executed: 2
[INFO ][2015-12-16 17:43:20,077][com.java.SeleniumDriver] [  833] - Test step:6
[INFO ][2015-12-16 17:43:20,077][com.java.SeleniumDriver] [  845] - Datavalue is----------User Settings
[INFO ][2015-12-16 17:43:20,077][com.java.SeleniumDriver] [  869] - DataField : XPH//span[@class="ui-dialog-title"]
[INFO ][2015-12-16 17:43:20,077][com.java.SeleniumDriver] [  871] - DataValue : User Settings
[INFO ][2015-12-16 17:43:20,077][com.java.SeleniumDriver] [  877] - <In Set values of the page>
[INFO ][2015-12-16 17:43:20,077][com.java.SeleniumDriver] [  880] - {Data Fields & Data Values Exist}
[INFO ][2015-12-16 17:43:20,077][com.java.SeleniumDriver] [  882] - --------------------------setting values-----------------------------
[INFO ][2015-12-16 17:43:20,077][com.java.SeleniumDriver] [  885] - Action Type : VERIFY
[INFO ][2015-12-16 17:43:20,077][com.java.TestType] [ 6865] - field= XPH//span[@class="ui-dialog-title"] value= User Settings
[INFO ][2015-12-16 17:43:20,077][com.java.TestType] [ 5556] - value = User Settings
[INFO ][2015-12-16 17:43:20,218][com.java.SeleniumDriver] [  894] -  RESULT true
[INFO ][2015-12-16 17:43:20,218][com.java.SeleniumDriver] [ 1100] - ?   P A S S   ?
[INFO ][2015-12-16 17:43:20,218][com.java.SeleniumDriver] [  821] - ------------------------------------------
[INFO ][2015-12-16 17:43:20,218][com.java.SeleniumDriver] [  822] - Test case being Executed: 2
[INFO ][2015-12-16 17:43:20,218][com.java.SeleniumDriver] [  833] - Test step:7
[INFO ][2015-12-16 17:43:20,218][com.java.SeleniumDriver] [  845] - Datavalue is----------null
[DEBUG][2015-12-16 17:43:20,218][com.java.SeleniumDriver] [  863] - Exception: null
[INFO ][2015-12-16 17:43:20,218][com.java.SeleniumDriver] [  869] - DataField : BTNframeDialogContent
[INFO ][2015-12-16 17:43:20,218][com.java.SeleniumDriver] [  871] - DataValue : 
[INFO ][2015-12-16 17:43:20,218][com.java.SeleniumDriver] [  877] - <In Set values of the page>
[INFO ][2015-12-16 17:43:20,218][com.java.SeleniumDriver] [  880] - {Data Fields & Data Values Exist}
[INFO ][2015-12-16 17:43:20,218][com.java.SeleniumDriver] [  882] - --------------------------setting values-----------------------------
[INFO ][2015-12-16 17:43:20,218][com.java.SeleniumDriver] [  885] - Action Type : SELECTFRAME
[INFO ][2015-12-16 17:43:21,449][com.java.SeleniumDriver] [  894] -  RESULT true
[INFO ][2015-12-16 17:43:21,449][com.java.SeleniumDriver] [ 1100] - ?   P A S S   ?
[INFO ][2015-12-16 17:43:21,449][com.java.SeleniumDriver] [  821] - ------------------------------------------
[INFO ][2015-12-16 17:43:21,449][com.java.SeleniumDriver] [  822] - Test case being Executed: 2
[INFO ][2015-12-16 17:43:21,449][com.java.SeleniumDriver] [  833] - Test step:8
[INFO ][2015-12-16 17:43:21,449][com.java.SeleniumDriver] [  845] - Datavalue is----------1,000
[INFO ][2015-12-16 17:43:21,449][com.java.SeleniumDriver] [  869] - DataField : SLBddlRoundingValue
[INFO ][2015-12-16 17:43:21,449][com.java.SeleniumDriver] [  871] - DataValue : 1,000
[INFO ][2015-12-16 17:43:21,449][com.java.SeleniumDriver] [  877] - <In Set values of the page>
[INFO ][2015-12-16 17:43:21,449][com.java.SeleniumDriver] [  880] - {Data Fields & Data Values Exist}
[INFO ][2015-12-16 17:43:21,449][com.java.SeleniumDriver] [  882] - --------------------------setting values-----------------------------
[INFO ][2015-12-16 17:43:21,449][com.java.SeleniumDriver] [  885] - Action Type : SELECT
[INFO ][2015-12-16 17:43:21,449][com.java.TestType] [ 5556] - value = 1,000
[INFO ][2015-12-16 17:43:23,822][com.java.SeleniumDriver] [  894] -  RESULT true
[INFO ][2015-12-16 17:43:23,822][com.java.SeleniumDriver] [ 1100] - ?   P A S S   ?
[INFO ][2015-12-16 17:43:23,822][com.java.SeleniumDriver] [  821] - ------------------------------------------
[INFO ][2015-12-16 17:43:23,822][com.java.SeleniumDriver] [  822] - Test case being Executed: 2
[INFO ][2015-12-16 17:43:23,822][com.java.SeleniumDriver] [  833] - Test step:9
[INFO ][2015-12-16 17:43:23,822][com.java.SeleniumDriver] [  845] - Datavalue is----------null
[DEBUG][2015-12-16 17:43:23,822][com.java.SeleniumDriver] [  863] - Exception: null
[INFO ][2015-12-16 17:43:23,822][com.java.SeleniumDriver] [  869] - DataField : BTNparent
[INFO ][2015-12-16 17:43:23,822][com.java.SeleniumDriver] [  871] - DataValue : 
[INFO ][2015-12-16 17:43:23,822][com.java.SeleniumDriver] [  877] - <In Set values of the page>
[INFO ][2015-12-16 17:43:23,822][com.java.SeleniumDriver] [  880] - {Data Fields & Data Values Exist}
[INFO ][2015-12-16 17:43:23,822][com.java.SeleniumDriver] [  882] - --------------------------setting values-----------------------------
[INFO ][2015-12-16 17:43:23,822][com.java.SeleniumDriver] [  885] - Action Type : SELECTFRAME
[INFO ][2015-12-16 17:43:23,832][com.java.SeleniumDriver] [  894] -  RESULT true
[INFO ][2015-12-16 17:43:23,832][com.java.SeleniumDriver] [ 1100] - ?   P A S S   ?
[INFO ][2015-12-16 17:43:23,832][com.java.SeleniumDriver] [  821] - ------------------------------------------
[INFO ][2015-12-16 17:43:23,832][com.java.SeleniumDriver] [  822] - Test case being Executed: 2
[INFO ][2015-12-16 17:43:23,832][com.java.SeleniumDriver] [  833] - Test step:10
[INFO ][2015-12-16 17:43:23,832][com.java.SeleniumDriver] [  845] - Datavalue is----------null
[DEBUG][2015-12-16 17:43:23,832][com.java.SeleniumDriver] [  863] - Exception: null
[INFO ][2015-12-16 17:43:23,832][com.java.SeleniumDriver] [  869] - DataField : XPH//span[@class="ui-button-text" and contains(text(),'Finished')]
[INFO ][2015-12-16 17:43:23,832][com.java.SeleniumDriver] [  871] - DataValue : 
[INFO ][2015-12-16 17:43:23,832][com.java.SeleniumDriver] [  877] - <In Set values of the page>
[INFO ][2015-12-16 17:43:23,832][com.java.SeleniumDriver] [  880] - {Data Fields & Data Values Exist}
[INFO ][2015-12-16 17:43:23,832][com.java.SeleniumDriver] [  882] - --------------------------setting values-----------------------------
[INFO ][2015-12-16 17:43:23,832][com.java.SeleniumDriver] [  885] - Action Type : CLICK
[INFO ][2015-12-16 17:43:23,832][com.java.TestType] [ 5922] - Field ::XPH//span[@class="ui-button-text" and contains(text(),'Finished')]
[INFO ][2015-12-16 17:43:23,832][com.java.TestType] [ 5556] - value = 
[INFO ][2015-12-16 17:43:24,832][com.java.TestType] [ 6059] - BEFORE CLICK
[INFO ][2015-12-16 17:43:25,792][com.java.TestType] [ 6067] - Unable to click the object Finish Button
[INFO ][2015-12-16 17:43:25,792][com.java.SeleniumDriver] [  894] -  RESULT true
[INFO ][2015-12-16 17:43:25,792][com.java.SeleniumDriver] [ 1100] - ?   P A S S   ?
[INFO ][2015-12-16 17:43:25,792][com.java.SeleniumDriver] [  821] - ------------------------------------------
[INFO ][2015-12-16 17:43:25,792][com.java.SeleniumDriver] [  822] - Test case being Executed: 2
[INFO ][2015-12-16 17:43:25,792][com.java.SeleniumDriver] [  833] - Test step:11
[INFO ][2015-12-16 17:43:25,792][com.java.SeleniumDriver] [  845] - Datavalue is----------null
[DEBUG][2015-12-16 17:43:25,792][com.java.SeleniumDriver] [  863] - Exception: null
[INFO ][2015-12-16 17:43:25,792][com.java.SeleniumDriver] [  869] - DataField : null
[INFO ][2015-12-16 17:43:25,792][com.java.SeleniumDriver] [  871] - DataValue : 
[INFO ][2015-12-16 17:43:25,792][com.java.SeleniumDriver] [  877] - <In Set values of the page>
[INFO ][2015-12-16 17:43:25,792][com.java.SeleniumDriver] [  880] - {Data Fields & Data Values Exist}
[INFO ][2015-12-16 17:43:25,792][com.java.SeleniumDriver] [  882] - --------------------------setting values-----------------------------
[INFO ][2015-12-16 17:43:25,792][com.java.SeleniumDriver] [  885] - Action Type : MOUSEOVER
[ERROR][2015-12-16 17:43:25,833][com.java.TestType] [ 2550] - exception value : null
[INFO ][2015-12-16 17:43:25,833][com.java.SeleniumDriver] [  894] -  RESULT false
[INFO ][2015-12-16 17:43:25,833][com.java.SeleniumDriver] [  941] - ?   F A I L   ?
[INFO ][2015-12-16 17:43:25,833][com.java.SeleniumDriver] [  949] - Browser Type : IE10
[INFO ][2015-12-16 17:43:25,833][com.java.SeleniumDriver] [  950] - Adding Failed case2
[INFO ][2015-12-16 17:43:26,014][com.java.SeleniumDriver] [ 1064] - failedCases = 2
[ERROR][2015-12-16 17:43:26,014][com.java.SeleniumDriver] [ 1561] - Platform Errors : Our apologies...::We have encountered an issue with your request.::Our apologies?:We encountered an issue with your request.
[INFO ][2015-12-16 17:43:26,014][com.java.SeleniumDriver] [ 1565] - Length =3
[ERROR][2015-12-16 17:43:26,014][com.java.SeleniumDriver] [ 1568] - Error 0 = Our apologies...
[ERROR][2015-12-16 17:43:26,094][com.java.SeleniumDriver] [ 1568] - Error 1 = We have encountered an issue with your request.
[ERROR][2015-12-16 17:43:26,134][com.java.SeleniumDriver] [ 1568] - Error 2 = Our apologies?:We encountered an issue with your request.
[INFO ][2015-12-16 17:43:26,174][com.java.SeleniumDriver] [ 1579] - strError:
[DEBUG][2015-12-16 17:43:26,184][com.java.SeleniumDriver] [ 1212] - Case found
[DEBUG][2015-12-16 17:43:26,184][com.java.SeleniumDriver] [ 1217] - Incrementing ReportCounters[0]:2
[INFO ][2015-12-16 17:43:26,184][com.java.SeleniumDriver] [ 1236] - The results are-------------------[2, 11, Rounding Value, Fail, 
Test case failed at Step No. :: 11   Error Message ::  Element:  is not found. Screen Shot : D:\BankersDashboard\TestReports\121615\2_121615_174325_IE10.png, Wed Dec 16 17:43:26 IST 2015]
[INFO ][2015-12-16 17:43:26,184][com.java.SeleniumDriver] [ 1240] - End time is-------1 min 29 sec
[INFO ][2015-12-16 17:43:26,184][com.java.SeleniumDriver] [ 1241] - The results are-------------------[2, 11, Rounding Value, Fail, 
Test case failed at Step No. :: 11   Error Message ::  Element:  is not found. Screen Shot : D:\BankersDashboard\TestReports\121615\2_121615_174325_IE10.png, Wed Dec 16 17:43:26 IST 2015]
[DEBUG][2015-12-16 17:43:26,184][com.java.ImportnExport.ExportTestResultsExcel] [  222] - testResultPath = D:\BankersDashboard/TestReports/Test Results_BankersDashBoard_121615_174158_IE10_Bank of North Carolina.xls
[DEBUG][2015-12-16 17:43:26,184][com.java.ImportnExport.ExportTestResultsExcel] [  223] - browser is------------IE10
[DEBUG][2015-12-16 17:43:26,184][com.java.ImportnExport.ExportTestResultsExcel] [  270] - result.size() = 6
[DEBUG][2015-12-16 17:43:26,184][com.java.ImportnExport.ExportTestResultsExcel] [  274] - No of rows in sheet=2
[DEBUG][2015-12-16 17:43:26,184][com.java.ImportnExport.ExportTestResultsExcel] [  301] - ..in export..2
[DEBUG][2015-12-16 17:43:26,184][com.java.ImportnExport.ExportTestResultsExcel] [  301] - ..in export..Rounding Value
[DEBUG][2015-12-16 17:43:26,184][com.java.ImportnExport.ExportTestResultsExcel] [  301] - ..in export..Fail
[DEBUG][2015-12-16 17:43:26,184][com.java.ImportnExport.ExportTestResultsExcel] [  301] - ..in export..
Test case failed at Step No. :: 11   Error Message ::  Element:  is not found. Screen Shot : D:\BankersDashboard\TestReports\121615\2_121615_174325_IE10.png
[DEBUG][2015-12-16 17:43:26,184][com.java.ImportnExport.ExportTestResultsExcel] [  301] - ..in export..Wed Dec 16 17:43:26 IST 2015
[INFO ][2015-12-16 17:43:26,184][com.java.SeleniumDriver] [ 1299] - out loop:1 size:3 TestCases:[1, 2, 3] testcases:[1, 2, 3]
[INFO ][2015-12-16 17:43:26,184][com.java.ImportnExport.ImportTestDataDetailsExcel] [   49] - test data details path===== D:\BankersDashboard\TestInputs\TestData.xls
[INFO ][2015-12-16 17:43:48,721][com.java.SeleniumDriver] [  821] - ------------------------------------------
[INFO ][2015-12-16 17:43:48,721][com.java.SeleniumDriver] [  822] - Test case being Executed: 3
[INFO ][2015-12-16 17:43:48,721][com.java.SeleniumDriver] [  833] - Test step:1
[INFO ][2015-12-16 17:43:48,721][com.java.SeleniumDriver] [  845] - Datavalue is----------Logout
[INFO ][2015-12-16 17:43:48,721][com.java.SeleniumDriver] [  869] - DataField : BTN
[INFO ][2015-12-16 17:43:48,721][com.java.SeleniumDriver] [  871] - DataValue : Logout
[INFO ][2015-12-16 17:43:48,721][com.java.SeleniumDriver] [  877] - <In Set values of the page>
[INFO ][2015-12-16 17:43:48,721][com.java.SeleniumDriver] [  880] - {Data Fields & Data Values Exist}
[INFO ][2015-12-16 17:43:48,721][com.java.SeleniumDriver] [  882] - --------------------------setting values-----------------------------
[INFO ][2015-12-16 17:43:48,721][com.java.SeleniumDriver] [  885] - Action Type : Verify
[INFO ][2015-12-16 17:43:48,721][com.java.TestType] [ 6865] - field= BTN value= Logout
[INFO ][2015-12-16 17:43:48,721][com.java.TestType] [ 5556] - value = Logout
[INFO ][2015-12-16 17:43:48,782][com.java.SeleniumDriver] [  894] -  RESULT true
[INFO ][2015-12-16 17:43:48,782][com.java.SeleniumDriver] [ 1100] - ?   P A S S   ?
[INFO ][2015-12-16 17:43:48,782][com.java.SeleniumDriver] [ 1142] - step change to 3
[INFO ][2015-12-16 17:43:48,782][com.java.SeleniumDriver] [  821] - ------------------------------------------
[INFO ][2015-12-16 17:43:48,782][com.java.SeleniumDriver] [  822] - Test case being Executed: 3
[INFO ][2015-12-16 17:43:48,782][com.java.SeleniumDriver] [  833] - Test step:3
[INFO ][2015-12-16 17:43:48,782][com.java.SeleniumDriver] [  845] - Datavalue is----------Concept#2:1-2
[INFO ][2015-12-16 17:43:48,782][com.java.SeleniumDriver] [  869] - DataField : test
[INFO ][2015-12-16 17:43:48,782][com.java.SeleniumDriver] [  871] - DataValue : Concept#2:1-2
[INFO ][2015-12-16 17:43:48,782][com.java.SeleniumDriver] [  877] - <In Set values of the page>
[INFO ][2015-12-16 17:43:48,782][com.java.SeleniumDriver] [  880] - {Data Fields & Data Values Exist}
[INFO ][2015-12-16 17:43:48,782][com.java.SeleniumDriver] [  882] - --------------------------setting values-----------------------------
[INFO ][2015-12-16 17:43:48,782][com.java.SeleniumDriver] [  885] - Action Type : ExecuteTestCase
[INFO ][2015-12-16 17:43:48,782][com.java.TestType] [  437] - The Concept sheet name is ---------- Concept
[INFO ][2015-12-16 17:43:48,782][com.java.TestType] [  440] - The Concept ID  is ---------- 2
[DEBUG][2015-12-16 17:43:48,782][com.java.TestType] [  444] - Steps being executted in the Concept are: 1:2
[INFO ][2015-12-16 17:43:48,782][com.java.TestType] [  451] - Test data details path ---------- D:\BankersDashboard\TestInputs\TestData.xls
[INFO ][2015-12-16 17:43:48,812][com.java.TestType] [  482] -  str(1) = 2
[INFO ][2015-12-16 17:43:48,812][com.java.TestType] [  485] - Test case Id is---2
[INFO ][2015-12-16 17:43:48,812][com.java.TestType] [  487] - 2
[INFO ][2015-12-16 17:43:48,812][com.java.TestType] [  482] -  str(2) = 1
[INFO ][2015-12-16 17:43:48,812][com.java.TestType] [  534] - row values are--------{1=com.java.Objects.TestDataDetails@e93442}
[INFO ][2015-12-16 17:43:48,812][com.java.TestType] [  482] -  str(1) = 2
[INFO ][2015-12-16 17:43:48,812][com.java.TestType] [  485] - Test case Id is---2
[INFO ][2015-12-16 17:43:48,812][com.java.TestType] [  487] - 2
[INFO ][2015-12-16 17:43:48,812][com.java.TestType] [  482] -  str(2) = 2
[INFO ][2015-12-16 17:43:48,812][com.java.TestType] [  534] - row values are--------{1=com.java.Objects.TestDataDetails@e93442, 2=com.java.Objects.TestDataDetails@46692c}
[INFO ][2015-12-16 17:43:48,812][com.java.TestType] [  482] -  str(1) = 2
[INFO ][2015-12-16 17:43:48,812][com.java.TestType] [  485] - Test case Id is---2
[INFO ][2015-12-16 17:43:48,812][com.java.TestType] [  487] - 2
[INFO ][2015-12-16 17:43:48,812][com.java.TestType] [  482] -  str(2) = 3
[INFO ][2015-12-16 17:43:48,812][com.java.TestType] [  534] - row values are--------{1=com.java.Objects.TestDataDetails@e93442, 2=com.java.Objects.TestDataDetails@46692c, 3=com.java.Objects.TestDataDetails@1697ad3}
[INFO ][2015-12-16 17:43:48,812][com.java.TestType] [10179] - Looping 1TCID = 2
[DEBUG][2015-12-16 17:43:48,812][com.java.TestType] [10220] - Concept ID:2 :: Step being Executed: 2::1
[INFO ][2015-12-16 17:43:48,812][com.java.TestType] [10258] - dataFields : BNK//select[@id='bank']
[DEBUG][2015-12-16 17:43:48,812][com.java.TestType] [10264] - <In Set values of the page>
[DEBUG][2015-12-16 17:43:48,812][com.java.TestType] [10269] - {Data Fields & Data Values Exist}
[INFO ][2015-12-16 17:43:48,812][com.java.TestType] [10275] - --------------------------setting values-----------------------------
[INFO ][2015-12-16 17:43:48,812][com.java.TestType] [10278] - Action Type : Select
[INFO ][2015-12-16 17:43:48,812][com.java.TestType] [ 5556] - value = PFC
[INFO ][2015-12-16 17:43:49,002][com.java.TestType] [10297] -  RESULT true
[INFO ][2015-12-16 17:43:49,002][com.java.TestType] [10414] - ?   P A S S   ?
[DEBUG][2015-12-16 17:43:49,002][com.java.TestType] [10220] - Concept ID:2 :: Step being Executed: 2::2
[INFO ][2015-12-16 17:43:49,002][com.java.TestType] [10258] - dataFields : LNKLogout
[DEBUG][2015-12-16 17:43:49,002][com.java.TestType] [10264] - <In Set values of the page>
[DEBUG][2015-12-16 17:43:49,002][com.java.TestType] [10269] - {Data Fields & Data Values Exist}
[INFO ][2015-12-16 17:43:49,002][com.java.TestType] [10275] - --------------------------setting values-----------------------------
[INFO ][2015-12-16 17:43:49,002][com.java.TestType] [10278] - Action Type : WaitTime
[DEBUG][2015-12-16 17:43:49,002][com.java.TestType] [ 5376] - sleepTime: 5000
[INFO ][2015-12-16 17:43:54,002][com.java.TestType] [10297] -  RESULT true
[INFO ][2015-12-16 17:43:54,002][com.java.TestType] [10414] - ?   P A S S   ?
[INFO ][2015-12-16 17:43:54,002][com.java.TestType] [10485] - Looping End......
[INFO ][2015-12-16 17:43:54,002][com.java.SeleniumDriver] [  894] -  RESULT true
[INFO ][2015-12-16 17:43:54,002][com.java.SeleniumDriver] [ 1100] - ?   P A S S   ?
[INFO ][2015-12-16 17:43:54,002][com.java.SeleniumDriver] [  821] - ------------------------------------------
[INFO ][2015-12-16 17:43:54,002][com.java.SeleniumDriver] [  822] - Test case being Executed: 3
[INFO ][2015-12-16 17:43:54,002][com.java.SeleniumDriver] [  833] - Test step:4
[INFO ][2015-12-16 17:43:54,002][com.java.SeleniumDriver] [  845] - Datavalue is----------null
[DEBUG][2015-12-16 17:43:54,002][com.java.SeleniumDriver] [  863] - Exception: null
[INFO ][2015-12-16 17:43:54,002][com.java.SeleniumDriver] [  869] - DataField : //span[@class='icon-cog2']&&//a[@data-id="UserSettings"]
[INFO ][2015-12-16 17:43:54,002][com.java.SeleniumDriver] [  871] - DataValue : 
[INFO ][2015-12-16 17:43:54,002][com.java.SeleniumDriver] [  877] - <In Set values of the page>
[INFO ][2015-12-16 17:43:54,002][com.java.SeleniumDriver] [  880] - {Data Fields & Data Values Exist}
[INFO ][2015-12-16 17:43:54,002][com.java.SeleniumDriver] [  882] - --------------------------setting values-----------------------------
[INFO ][2015-12-16 17:43:54,002][com.java.SeleniumDriver] [  885] - Action Type : MOUSEOVER
[INFO ][2015-12-16 17:44:17,031][com.java.SeleniumDriver] [  894] -  RESULT true
[INFO ][2015-12-16 17:44:17,031][com.java.SeleniumDriver] [ 1100] - ?   P A S S   ?
[INFO ][2015-12-16 17:44:17,031][com.java.SeleniumDriver] [  821] - ------------------------------------------
[INFO ][2015-12-16 17:44:17,031][com.java.SeleniumDriver] [  822] - Test case being Executed: 3
[INFO ][2015-12-16 17:44:17,031][com.java.SeleniumDriver] [  833] - Test step:5
[INFO ][2015-12-16 17:44:17,031][com.java.SeleniumDriver] [  845] - Datavalue is----------2
[INFO ][2015-12-16 17:44:17,031][com.java.SeleniumDriver] [  869] - DataField : BTNframeDialogContent
[INFO ][2015-12-16 17:44:17,031][com.java.SeleniumDriver] [  871] - DataValue : 2
[INFO ][2015-12-16 17:44:17,031][com.java.SeleniumDriver] [  877] - <In Set values of the page>
[INFO ][2015-12-16 17:44:17,031][com.java.SeleniumDriver] [  880] - {Data Fields & Data Values Exist}
[INFO ][2015-12-16 17:44:17,031][com.java.SeleniumDriver] [  882] - --------------------------setting values-----------------------------
[INFO ][2015-12-16 17:44:17,031][com.java.SeleniumDriver] [  885] - Action Type : WAITFORELEMENT
[INFO ][2015-12-16 17:44:18,232][com.java.SeleniumDriver] [  894] -  RESULT true
[INFO ][2015-12-16 17:44:18,232][com.java.SeleniumDriver] [ 1100] - ?   P A S S   ?
[INFO ][2015-12-16 17:44:18,232][com.java.SeleniumDriver] [  821] - ------------------------------------------
[INFO ][2015-12-16 17:44:18,232][com.java.SeleniumDriver] [  822] - Test case being Executed: 3
[INFO ][2015-12-16 17:44:18,232][com.java.SeleniumDriver] [  833] - Test step:6
[INFO ][2015-12-16 17:44:18,232][com.java.SeleniumDriver] [  845] - Datavalue is----------User Settings
[INFO ][2015-12-16 17:44:18,232][com.java.SeleniumDriver] [  869] - DataField : XPH//span[@class="ui-dialog-title"]
[INFO ][2015-12-16 17:44:18,232][com.java.SeleniumDriver] [  871] - DataValue : User Settings
[INFO ][2015-12-16 17:44:18,232][com.java.SeleniumDriver] [  877] - <In Set values of the page>
[INFO ][2015-12-16 17:44:18,232][com.java.SeleniumDriver] [  880] - {Data Fields & Data Values Exist}
[INFO ][2015-12-16 17:44:18,232][com.java.SeleniumDriver] [  882] - --------------------------setting values-----------------------------
[INFO ][2015-12-16 17:44:18,232][com.java.SeleniumDriver] [  885] - Action Type : VERIFY
[INFO ][2015-12-16 17:44:18,232][com.java.TestType] [ 6865] - field= XPH//span[@class="ui-dialog-title"] value= User Settings
[INFO ][2015-12-16 17:44:18,232][com.java.TestType] [ 5556] - value = User Settings
[INFO ][2015-12-16 17:44:18,383][com.java.SeleniumDriver] [  894] -  RESULT true
[INFO ][2015-12-16 17:44:18,383][com.java.SeleniumDriver] [ 1100] - ?   P A S S   ?
[INFO ][2015-12-16 17:44:18,383][com.java.SeleniumDriver] [  821] - ------------------------------------------
[INFO ][2015-12-16 17:44:18,383][com.java.SeleniumDriver] [  822] - Test case being Executed: 3
[INFO ][2015-12-16 17:44:18,383][com.java.SeleniumDriver] [  833] - Test step:7
[INFO ][2015-12-16 17:44:18,383][com.java.SeleniumDriver] [  845] - Datavalue is----------null
[DEBUG][2015-12-16 17:44:18,383][com.java.SeleniumDriver] [  863] - Exception: null
[INFO ][2015-12-16 17:44:18,383][com.java.SeleniumDriver] [  869] - DataField : BTNframeDialogContent
[INFO ][2015-12-16 17:44:18,383][com.java.SeleniumDriver] [  871] - DataValue : 
[INFO ][2015-12-16 17:44:18,383][com.java.SeleniumDriver] [  877] - <In Set values of the page>
[INFO ][2015-12-16 17:44:18,383][com.java.SeleniumDriver] [  880] - {Data Fields & Data Values Exist}
[INFO ][2015-12-16 17:44:18,383][com.java.SeleniumDriver] [  882] - --------------------------setting values-----------------------------
[INFO ][2015-12-16 17:44:18,383][com.java.SeleniumDriver] [  885] - Action Type : SELECTFRAME
[INFO ][2015-12-16 17:44:19,606][com.java.SeleniumDriver] [  894] -  RESULT true
[INFO ][2015-12-16 17:44:19,606][com.java.SeleniumDriver] [ 1100] - ?   P A S S   ?
[INFO ][2015-12-16 17:44:19,606][com.java.SeleniumDriver] [  821] - ------------------------------------------
[INFO ][2015-12-16 17:44:19,606][com.java.SeleniumDriver] [  822] - Test case being Executed: 3
[INFO ][2015-12-16 17:44:19,606][com.java.SeleniumDriver] [  833] - Test step:8
[INFO ][2015-12-16 17:44:19,606][com.java.SeleniumDriver] [  845] - Datavalue is----------index:2
[INFO ][2015-12-16 17:44:19,606][com.java.SeleniumDriver] [  869] - DataField : COBddlDefaultPC
[INFO ][2015-12-16 17:44:19,606][com.java.SeleniumDriver] [  871] - DataValue : index:2
[INFO ][2015-12-16 17:44:19,606][com.java.SeleniumDriver] [  877] - <In Set values of the page>
[INFO ][2015-12-16 17:44:19,606][com.java.SeleniumDriver] [  880] - {Data Fields & Data Values Exist}
[INFO ][2015-12-16 17:44:19,606][com.java.SeleniumDriver] [  882] - --------------------------setting values-----------------------------
[INFO ][2015-12-16 17:44:19,606][com.java.SeleniumDriver] [  885] - Action Type : SELECT
[INFO ][2015-12-16 17:44:19,606][com.java.TestType] [ 5556] - value = 2
[INFO ][2015-12-16 17:44:20,717][com.java.TestType] [ 5674] -  In COB ddlDefaultPC : 2
[INFO ][2015-12-16 17:44:20,937][com.java.SeleniumDriver] [  894] -  RESULT true
[INFO ][2015-12-16 17:44:20,937][com.java.SeleniumDriver] [ 1100] - ?   P A S S   ?
[INFO ][2015-12-16 17:44:20,937][com.java.SeleniumDriver] [  821] - ------------------------------------------
[INFO ][2015-12-16 17:44:20,937][com.java.SeleniumDriver] [  822] - Test case being Executed: 3
[INFO ][2015-12-16 17:44:20,937][com.java.SeleniumDriver] [  833] - Test step:9
[INFO ][2015-12-16 17:44:20,937][com.java.SeleniumDriver] [  845] - Datavalue is----------Profitcenter
[INFO ][2015-12-16 17:44:20,937][com.java.SeleniumDriver] [  869] - DataField : SLBddlDefaultPC
[INFO ][2015-12-16 17:44:20,937][com.java.SeleniumDriver] [  871] - DataValue : Profitcenter
[INFO ][2015-12-16 17:44:20,937][com.java.SeleniumDriver] [  877] - <In Set values of the page>
[INFO ][2015-12-16 17:44:20,937][com.java.SeleniumDriver] [  880] - {Data Fields & Data Values Exist}
[INFO ][2015-12-16 17:44:20,937][com.java.SeleniumDriver] [  882] - --------------------------setting values-----------------------------
[INFO ][2015-12-16 17:44:20,937][com.java.SeleniumDriver] [  885] - Action Type : STOREVALUE
[INFO ][2015-12-16 17:44:20,937][com.java.TestType] [ 8045] - field= SLBddlDefaultPC
[INFO ][2015-12-16 17:44:22,208][com.java.SeleniumDriver] [  894] -  RESULT true
[INFO ][2015-12-16 17:44:22,208][com.java.SeleniumDriver] [ 1100] - ?   P A S S   ?
[INFO ][2015-12-16 17:44:22,208][com.java.SeleniumDriver] [  821] - ------------------------------------------
[INFO ][2015-12-16 17:44:22,208][com.java.SeleniumDriver] [  822] - Test case being Executed: 3
[INFO ][2015-12-16 17:44:22,208][com.java.SeleniumDriver] [  833] - Test step:10
[INFO ][2015-12-16 17:44:22,208][com.java.SeleniumDriver] [  845] - Datavalue is----------null
[DEBUG][2015-12-16 17:44:22,208][com.java.SeleniumDriver] [  863] - Exception: null
[INFO ][2015-12-16 17:44:22,208][com.java.SeleniumDriver] [  869] - DataField : BTNparent
[INFO ][2015-12-16 17:44:22,208][com.java.SeleniumDriver] [  871] - DataValue : 
[INFO ][2015-12-16 17:44:22,208][com.java.SeleniumDriver] [  877] - <In Set values of the page>
[INFO ][2015-12-16 17:44:22,208][com.java.SeleniumDriver] [  880] - {Data Fields & Data Values Exist}
[INFO ][2015-12-16 17:44:22,208][com.java.SeleniumDriver] [  882] - --------------------------setting values-----------------------------
[INFO ][2015-12-16 17:44:22,208][com.java.SeleniumDriver] [  885] - Action Type : SELECTFRAME
[INFO ][2015-12-16 17:44:22,218][com.java.SeleniumDriver] [  894] -  RESULT true
[INFO ][2015-12-16 17:44:22,218][com.java.SeleniumDriver] [ 1100] - ?   P A S S   ?
[INFO ][2015-12-16 17:44:22,218][com.java.SeleniumDriver] [  821] - ------------------------------------------
[INFO ][2015-12-16 17:44:22,218][com.java.SeleniumDriver] [  822] - Test case being Executed: 3
[INFO ][2015-12-16 17:44:22,218][com.java.SeleniumDriver] [  833] - Test step:11
[INFO ][2015-12-16 17:44:22,218][com.java.SeleniumDriver] [  845] - Datavalue is----------null
[DEBUG][2015-12-16 17:44:22,218][com.java.SeleniumDriver] [  863] - Exception: null
[INFO ][2015-12-16 17:44:22,218][com.java.SeleniumDriver] [  869] - DataField : XPH//span[@class="ui-button-text" and contains(text(),'Finished')]
[INFO ][2015-12-16 17:44:22,218][com.java.SeleniumDriver] [  871] - DataValue : 
[INFO ][2015-12-16 17:44:22,218][com.java.SeleniumDriver] [  877] - <In Set values of the page>
[INFO ][2015-12-16 17:44:22,218][com.java.SeleniumDriver] [  880] - {Data Fields & Data Values Exist}
[INFO ][2015-12-16 17:44:22,218][com.java.SeleniumDriver] [  882] - --------------------------setting values-----------------------------
[INFO ][2015-12-16 17:44:22,218][com.java.SeleniumDriver] [  885] - Action Type : CLICK
[INFO ][2015-12-16 17:44:22,218][com.java.TestType] [ 5922] - Field ::XPH//span[@class="ui-button-text" and contains(text(),'Finished')]
[INFO ][2015-12-16 17:44:22,218][com.java.TestType] [ 5556] - value = 
[INFO ][2015-12-16 17:44:23,222][com.java.TestType] [ 6059] - BEFORE CLICK
[INFO ][2015-12-16 17:44:24,202][com.java.TestType] [ 6067] - Unable to click the object Finish Button
[INFO ][2015-12-16 17:44:24,202][com.java.SeleniumDriver] [  894] -  RESULT true
[INFO ][2015-12-16 17:44:24,202][com.java.SeleniumDriver] [ 1100] - ?   P A S S   ?
[INFO ][2015-12-16 17:44:24,202][com.java.SeleniumDriver] [  821] - ------------------------------------------
[INFO ][2015-12-16 17:44:24,202][com.java.SeleniumDriver] [  822] - Test case being Executed: 3
[INFO ][2015-12-16 17:44:24,202][com.java.SeleniumDriver] [  833] - Test step:12
[INFO ][2015-12-16 17:44:24,202][com.java.SeleniumDriver] [  845] - Datavalue is----------null
[DEBUG][2015-12-16 17:44:24,202][com.java.SeleniumDriver] [  863] - Exception: null
[INFO ][2015-12-16 17:44:24,202][com.java.SeleniumDriver] [  869] - DataField : BTNcloseAllTabs
[INFO ][2015-12-16 17:44:24,202][com.java.SeleniumDriver] [  871] - DataValue : 
[INFO ][2015-12-16 17:44:24,202][com.java.SeleniumDriver] [  877] - <In Set values of the page>
[INFO ][2015-12-16 17:44:24,202][com.java.SeleniumDriver] [  880] - {Data Fields & Data Values Exist}
[INFO ][2015-12-16 17:44:24,202][com.java.SeleniumDriver] [  882] - --------------------------setting values-----------------------------
[INFO ][2015-12-16 17:44:24,202][com.java.SeleniumDriver] [  885] - Action Type : CLICK
[INFO ][2015-12-16 17:44:24,202][com.java.TestType] [ 5922] - Field ::BTNcloseAllTabs
[INFO ][2015-12-16 17:44:24,202][com.java.TestType] [ 5556] - value = 
[INFO ][2015-12-16 17:44:25,203][com.java.TestType] [ 6038] - BEFORE CLICK
[INFO ][2015-12-16 17:44:26,544][com.java.TestType] [ 6045] - Unable to click the object Close all tabs
[INFO ][2015-12-16 17:44:26,544][com.java.SeleniumDriver] [  894] -  RESULT true
[INFO ][2015-12-16 17:44:26,544][com.java.SeleniumDriver] [ 1100] - ?   P A S S   ?
[INFO ][2015-12-16 17:44:26,544][com.java.SeleniumDriver] [  821] - ------------------------------------------
[INFO ][2015-12-16 17:44:26,544][com.java.SeleniumDriver] [  822] - Test case being Executed: 3
[INFO ][2015-12-16 17:44:26,544][com.java.SeleniumDriver] [  833] - Test step:13
[INFO ][2015-12-16 17:44:26,544][com.java.SeleniumDriver] [  845] - Datavalue is----------2
[INFO ][2015-12-16 17:44:26,544][com.java.SeleniumDriver] [  869] - DataField : XPH//div[@id="WidgetBodyPanel.0"]//tr[1]//td[1]
[INFO ][2015-12-16 17:44:26,544][com.java.SeleniumDriver] [  871] - DataValue : 2
[INFO ][2015-12-16 17:44:26,544][com.java.SeleniumDriver] [  877] - <In Set values of the page>
[INFO ][2015-12-16 17:44:26,544][com.java.SeleniumDriver] [  880] - {Data Fields & Data Values Exist}
[INFO ][2015-12-16 17:44:26,544][com.java.SeleniumDriver] [  882] - --------------------------setting values-----------------------------
[INFO ][2015-12-16 17:44:26,544][com.java.SeleniumDriver] [  885] - Action Type : WAITFORELEMENT
[INFO ][2015-12-16 17:44:28,715][com.java.SeleniumDriver] [  894] -  RESULT true
[INFO ][2015-12-16 17:44:28,715][com.java.SeleniumDriver] [ 1100] - ?   P A S S   ?
[INFO ][2015-12-16 17:44:28,715][com.java.SeleniumDriver] [  821] - ------------------------------------------
[INFO ][2015-12-16 17:44:28,715][com.java.SeleniumDriver] [  822] - Test case being Executed: 3
[INFO ][2015-12-16 17:44:28,715][com.java.SeleniumDriver] [  833] - Test step:14
[INFO ][2015-12-16 17:44:28,715][com.java.SeleniumDriver] [  845] - Datavalue is----------HMVProfitcenter
[INFO ][2015-12-16 17:44:28,715][com.java.SeleniumDriver] [  869] - DataField : XPH//div[@id="WidgetBodyPanel.0"]//tr[1]//td[1]
[INFO ][2015-12-16 17:44:28,715][com.java.SeleniumDriver] [  871] - DataValue : HMVProfitcenter
[INFO ][2015-12-16 17:44:28,715][com.java.SeleniumDriver] [  877] - <In Set values of the page>
[INFO ][2015-12-16 17:44:28,715][com.java.SeleniumDriver] [  880] - {Data Fields & Data Values Exist}
[INFO ][2015-12-16 17:44:28,715][com.java.SeleniumDriver] [  882] - --------------------------setting values-----------------------------
[INFO ][2015-12-16 17:44:28,715][com.java.SeleniumDriver] [  885] - Action Type : VERIFY
[INFO ][2015-12-16 17:44:28,715][com.java.TestType] [ 6865] - field= XPH//div[@id="WidgetBodyPanel.0"]//tr[1]//td[1] value= HMVProfitcenter
[INFO ][2015-12-16 17:44:28,715][com.java.TestType] [ 5556] - value = 020 - Raleigh Falls of Nuese
[INFO ][2015-12-16 17:44:28,876][com.java.SeleniumDriver] [  894] -  RESULT true
[INFO ][2015-12-16 17:44:28,876][com.java.SeleniumDriver] [ 1100] - ?   P A S S   ?
[DEBUG][2015-12-16 17:44:28,876][com.java.SeleniumDriver] [ 1212] - Case found
[DEBUG][2015-12-16 17:44:28,876][com.java.SeleniumDriver] [ 1217] - Incrementing ReportCounters[0]:3
[INFO ][2015-12-16 17:44:28,876][com.java.SeleniumDriver] [ 1236] - The results are-------------------[3, 1, Settings : User Settings : Default Profit Center, Pass, , Wed Dec 16 17:43:48 IST 2015, 3, 3, Settings : User Settings : Default Profit Center, Pass, , Wed Dec 16 17:43:54 IST 2015, 3, 4, Settings : User Settings : Default Profit Center, Pass, , Wed Dec 16 17:44:17 IST 2015, 3, 5, Settings : User Settings : Default Profit Center, Pass, , Wed Dec 16 17:44:18 IST 2015, 3, 6, Settings : User Settings : Default Profit Center, Pass, , Wed Dec 16 17:44:18 IST 2015, 3, 7, Settings : User Settings : Default Profit Center, Pass, , Wed Dec 16 17:44:19 IST 2015, 3, 8, Settings : User Settings : Default Profit Center, Pass, , Wed Dec 16 17:44:20 IST 2015, 3, 9, Settings : User Settings : Default Profit Center, Pass, , Wed Dec 16 17:44:22 IST 2015, 3, 10, Settings : User Settings : Default Profit Center, Pass, , Wed Dec 16 17:44:22 IST 2015, 3, 11, Settings : User Settings : Default Profit Center, Pass, , Wed Dec 16 17:44:24 IST 2015, 3, 12, Settings : User Settings : Default Profit Center, Pass, , Wed Dec 16 17:44:26 IST 2015, 3, 13, Settings : User Settings : Default Profit Center, Pass, , Wed Dec 16 17:44:28 IST 2015, 3, 14, Settings : User Settings : Default Profit Center, Pass, , Wed Dec 16 17:44:28 IST 2015]
[INFO ][2015-12-16 17:44:28,876][com.java.SeleniumDriver] [ 1240] - End time is-------2 min 32 sec
[INFO ][2015-12-16 17:44:28,876][com.java.SeleniumDriver] [ 1241] - The results are-------------------[3, 1, Settings : User Settings : Default Profit Center, Pass, , Wed Dec 16 17:43:48 IST 2015, 3, 3, Settings : User Settings : Default Profit Center, Pass, , Wed Dec 16 17:43:54 IST 2015, 3, 4, Settings : User Settings : Default Profit Center, Pass, , Wed Dec 16 17:44:17 IST 2015, 3, 5, Settings : User Settings : Default Profit Center, Pass, , Wed Dec 16 17:44:18 IST 2015, 3, 6, Settings : User Settings : Default Profit Center, Pass, , Wed Dec 16 17:44:18 IST 2015, 3, 7, Settings : User Settings : Default Profit Center, Pass, , Wed Dec 16 17:44:19 IST 2015, 3, 8, Settings : User Settings : Default Profit Center, Pass, , Wed Dec 16 17:44:20 IST 2015, 3, 9, Settings : User Settings : Default Profit Center, Pass, , Wed Dec 16 17:44:22 IST 2015, 3, 10, Settings : User Settings : Default Profit Center, Pass, , Wed Dec 16 17:44:22 IST 2015, 3, 11, Settings : User Settings : Default Profit Center, Pass, , Wed Dec 16 17:44:24 IST 2015, 3, 12, Settings : User Settings : Default Profit Center, Pass, , Wed Dec 16 17:44:26 IST 2015, 3, 13, Settings : User Settings : Default Profit Center, Pass, , Wed Dec 16 17:44:28 IST 2015, 3, 14, Settings : User Settings : Default Profit Center, Pass, , Wed Dec 16 17:44:28 IST 2015]
[DEBUG][2015-12-16 17:44:28,876][com.java.ImportnExport.ExportTestResultsExcel] [  222] - testResultPath = D:\BankersDashboard/TestReports/Test Results_BankersDashBoard_121615_174158_IE10_Bank of North Carolina.xls
[DEBUG][2015-12-16 17:44:28,876][com.java.ImportnExport.ExportTestResultsExcel] [  223] - browser is------------IE10
[DEBUG][2015-12-16 17:44:28,876][com.java.ImportnExport.ExportTestResultsExcel] [  270] - result.size() = 78
[DEBUG][2015-12-16 17:44:28,876][com.java.ImportnExport.ExportTestResultsExcel] [  274] - No of rows in sheet=3
[DEBUG][2015-12-16 17:44:28,876][com.java.ImportnExport.ExportTestResultsExcel] [  301] - ..in export..3
[DEBUG][2015-12-16 17:44:28,876][com.java.ImportnExport.ExportTestResultsExcel] [  301] - ..in export..Settings : User Settings : Default Profit Center
[DEBUG][2015-12-16 17:44:28,876][com.java.ImportnExport.ExportTestResultsExcel] [  301] - ..in export..Pass
[DEBUG][2015-12-16 17:44:28,876][com.java.ImportnExport.ExportTestResultsExcel] [  301] - ..in export..
[DEBUG][2015-12-16 17:44:28,876][com.java.ImportnExport.ExportTestResultsExcel] [  301] - ..in export..Wed Dec 16 17:43:48 IST 2015
[INFO ][2015-12-16 17:44:28,876][com.java.SeleniumDriver] [ 1299] - out loop:2 size:3 TestCases:[1, 2, 3] testcases:[1, 2, 3]
[INFO ][2015-12-16 17:44:30,876][com.java.SeleniumDriver] [ 1342] - Total Number of Cases:3
[INFO ][2015-12-16 17:44:30,876][com.java.TemplateGenerator] [  302] - Executed:3
[INFO ][2015-12-16 17:44:30,876][com.java.TemplateGenerator] [  303] - Passed:2
[INFO ][2015-12-16 17:44:30,876][com.java.TemplateGenerator] [  304] - Failed:1
[INFO ][2015-12-16 17:44:30,876][com.java.TemplateGenerator] [  305] - Skipeed:0
[INFO ][2015-12-16 17:44:30,876][com.java.TemplateGenerator] [  306] - Application URL:https://clients-xuat.bankersdashboard.com
[INFO ][2015-12-16 17:44:30,876][com.java.TemplateGenerator] [  307] - Start Time:121615_174158
[INFO ][2015-12-16 17:44:30,876][com.java.TemplateGenerator] [  308] -  Creating HTML Report 
[ERROR][2015-12-16 17:44:30,876][com.java.TemplateGenerator] [  409] - Unparseable date: "Wed Dec 16 05:41:58 IST 2015"
[INFO ][2015-12-16 17:44:30,876][com.java.TemplateGenerator] [  654] -  Exporting case :: 1
[INFO ][2015-12-16 17:44:30,876][com.java.TemplateGenerator] [  654] -  Exporting case :: 2
[INFO ][2015-12-16 17:44:30,876][com.java.TemplateGenerator] [  654] -  Exporting case :: 3
[INFO ][2015-12-16 17:44:30,876][com.java.SeleniumDriver] [ 1391] - End Time:121615_174430
[INFO ][2015-12-16 17:44:30,876][com.java.SeleniumDriver] [ 1394] - Data in Test Execution Details:{1=PASS, 2=FAILTest case failed at Step No. :: 11   Error Message ::  Element:  is not found, 3=PASS}
[INFO ][2015-12-16 17:44:30,876][com.java.SeleniumDriver] [ 1395] - Data in Failed Execution Deatils:{}
[INFO ][2015-12-16 17:44:30,876][com.java.SeleniumDriver] [ 1397] - ReportCounter:Total:3 :: PASS: 2 ::FAIL: 1
[INFO ][2015-12-16 17:44:30,876][com.java.SeleniumDriver] [ 1398] - FailedReportCounter:Total:0 :: PASS: 0 ::FAIL: 0
[INFO ][2015-12-16 17:44:30,877][com.java.EmailTestReport] [   63] - Sending report mail details:
[INFO ][2015-12-16 17:44:30,877][com.java.EmailTestReport] [   80] - Excel Report Path:D:\BankersDashboard/TestReports/Test Results_BankersDashBoard_121615_174158_IE10_Bank of North Carolina.xls
[INFO ][2015-12-16 17:44:30,877][com.java.EmailTestReport] [   81] - HTML Report Path:D:\BankersDashboard//TestReports//Test Results_BankersDashBoard_121615_174158_IE10_Bank of North Carolina.html
[INFO ][2015-12-16 17:44:30,877][com.java.EmailTestReport] [   82] - smtpHostName:mail01.valuelabs.com
[INFO ][2015-12-16 17:44:30,877][com.java.EmailTestReport] [   83] - Recipient:venkateswararao.gubbala@valuelabs.com;
[INFO ][2015-12-16 17:44:30,877][com.java.EmailTestReport] [   84] - From:venkateswararao.gubbala@valuelabs.com;
[INFO ][2015-12-16 17:44:30,877][com.java.EmailTestReport] [   85] - Subject:Deluxe Corp Bankers Dashboard Automation Test Report - Bank of North Carolina - IE10
[INFO ][2015-12-16 17:44:30,907][com.java.EmailTestReport] [  143] -  Added venkateswararao.gubbala@valuelabs.com
[INFO ][2015-12-16 17:44:34,287][com.java.SeleniumDriver] [  720] - quitting the browser 
[INFO ][2015-12-16 17:44:35,507][com.java.SeleniumDriver] [  264] - Execution Completed Stopping the thread
