[INFO ][2015-11-19 12:01:17,718][com.java.SeleniumDriver] [  213] - Execute Failed Casesfalse
[INFO ][2015-11-19 12:01:17,718][com.java.SeleniumDriver] [  214] - Browser: IE10
[INFO ][2015-11-19 12:01:17,718][com.java.SeleniumDriver] [  215] - [1, 6]
[INFO ][2015-11-19 12:01:17,718][com.java.SeleniumDriver] [  216] - Total TestCases:2
[INFO ][2015-11-19 12:01:17,718][com.java.SeleniumDriver] [  217] -  Reading Properties from Property File 
[DEBUG][2015-11-19 12:01:17,718][com.java.SeleniumDriver] [  238] - url : https://clients-xuat.bankersdashboard.com
[INFO ][2015-11-19 12:01:17,718][com.java.ImportnExport.ExportTestResultsExcel] [  116] - Time Stamp Thu Nov 19 12:01:17 IST 2015
[INFO ][2015-11-19 12:01:17,718][com.java.ImportnExport.ExportTestResultsExcel] [  175] - OUT FILE : D:\BankersDashboard/TestReports/Test Results_BankersDashBoard_111915_120117_IE10_Bank of North Carolina.xls
[INFO ][2015-11-19 12:01:17,739][com.java.ImportnExport.ExportTestResultsExcel] [  180] - Test Result file is created
[DEBUG][2015-11-19 12:01:17,839][com.java.SeleniumDriver] [  425] - Hub ip address is-------172.17.68.34
[INFO ][2015-11-19 12:01:17,839][com.java.SeleniumDriver] [  451] - Grid URL:http://172.17.68.34:4444/wd/hub
[INFO ][2015-11-19 12:01:17,839][com.java.SeleniumDriver] [  452] - Capability:Capabilities [{platform=ANY, ensureCleanSession=true, ignoreProtectedModeSettings=true, acceptSslCerts=true, ignoreZoomSetting=true, browserName=internet explorer, browserstack.ie.noFlash=true, version=null}]
[ERROR][2015-11-19 12:01:19,129][com.java.SeleniumDriver] [  496] - Unable invoke browser in grid:Could not start a new session. Possible causes are invalid address of the remote server or browser start-up failure.
Build info: version: '2.48.2', revision: '41bccdd', time: '2015-10-09 19:59:12'
System info: host: 'FVTIII438F1D', ip: '172.17.68.34', os.name: 'Windows 7', os.arch: 'x86', os.version: '6.1', java.version: '1.7.0_55'
Driver info: driver.version: SeleniumDriver
[INFO ][2015-11-19 12:01:19,129][com.java.SeleniumDriver] [  498] - Executing on local machine
[INFO ][2015-11-19 12:01:28,762][com.java.SeleniumDriver] [  248] - IE10is opened
[INFO ][2015-11-19 12:01:29,387][com.java.SeleniumDriver] [  753] - Test cases to be executed are: [1, 6]
[INFO ][2015-11-19 12:01:29,388][com.java.ImportnExport.ImportTestDataDetailsExcel] [   49] - test data details path===== D:\BankersDashboard\TestInputs\TestData.xls
[INFO ][2015-11-19 12:01:29,448][com.java.SeleniumDriver] [  796] - ------------------------------------------
[INFO ][2015-11-19 12:01:29,448][com.java.SeleniumDriver] [  797] - Test case being Executed: 1
[INFO ][2015-11-19 12:01:29,448][com.java.SeleniumDriver] [  808] - Test step:1
[INFO ][2015-11-19 12:01:29,448][com.java.SeleniumDriver] [  820] - Datavalue is----------Concept#1:1-14
[INFO ][2015-11-19 12:01:29,448][com.java.SeleniumDriver] [  844] - DataField : test
[INFO ][2015-11-19 12:01:29,448][com.java.SeleniumDriver] [  846] - DataValue : Concept#1:1-14
[INFO ][2015-11-19 12:01:29,448][com.java.SeleniumDriver] [  852] - <In Set values of the page>
[INFO ][2015-11-19 12:01:29,448][com.java.SeleniumDriver] [  855] - {Data Fields & Data Values Exist}
[INFO ][2015-11-19 12:01:29,448][com.java.SeleniumDriver] [  857] - --------------------------setting values-----------------------------
[INFO ][2015-11-19 12:01:29,448][com.java.SeleniumDriver] [  860] - Action Type : ExecuteTestCase
[INFO ][2015-11-19 12:01:29,468][com.java.TestType] [  426] - The Concept sheet name is ---------- Concept
[INFO ][2015-11-19 12:01:29,468][com.java.TestType] [  429] - The Concept ID  is ---------- 1
[DEBUG][2015-11-19 12:01:29,468][com.java.TestType] [  433] - Steps being executted in the Concept are: 1:14
[INFO ][2015-11-19 12:01:29,468][com.java.TestType] [  440] - Test data details path ---------- D:\BankersDashboard\TestInputs\TestData.xls
[INFO ][2015-11-19 12:01:29,498][com.java.TestType] [  471] -  str(1) = 1
[INFO ][2015-11-19 12:01:29,498][com.java.TestType] [  474] - Test case Id is---1
[INFO ][2015-11-19 12:01:29,498][com.java.TestType] [  476] - 1
[INFO ][2015-11-19 12:01:29,498][com.java.TestType] [  471] -  str(2) = 1
[INFO ][2015-11-19 12:01:29,508][com.java.TestType] [  523] - row values are--------{1=com.java.Objects.TestDataDetails@1b6a48d}
[INFO ][2015-11-19 12:01:29,508][com.java.TestType] [  471] -  str(1) = 1
[INFO ][2015-11-19 12:01:29,508][com.java.TestType] [  474] - Test case Id is---1
[INFO ][2015-11-19 12:01:29,508][com.java.TestType] [  476] - 1
[INFO ][2015-11-19 12:01:29,508][com.java.TestType] [  471] -  str(2) = 2
[INFO ][2015-11-19 12:01:29,508][com.java.TestType] [  523] - row values are--------{1=com.java.Objects.TestDataDetails@1b6a48d, 2=com.java.Objects.TestDataDetails@7eaba4}
[INFO ][2015-11-19 12:01:29,508][com.java.TestType] [  471] -  str(1) = 1
[INFO ][2015-11-19 12:01:29,508][com.java.TestType] [  474] - Test case Id is---1
[INFO ][2015-11-19 12:01:29,508][com.java.TestType] [  476] - 1
[INFO ][2015-11-19 12:01:29,508][com.java.TestType] [  471] -  str(2) = 3
[INFO ][2015-11-19 12:01:29,508][com.java.TestType] [  523] - row values are--------{1=com.java.Objects.TestDataDetails@1b6a48d, 2=com.java.Objects.TestDataDetails@7eaba4, 3=com.java.Objects.TestDataDetails@1658567}
[INFO ][2015-11-19 12:01:29,508][com.java.TestType] [  471] -  str(1) = 1
[INFO ][2015-11-19 12:01:29,508][com.java.TestType] [  474] - Test case Id is---1
[INFO ][2015-11-19 12:01:29,508][com.java.TestType] [  476] - 1
[INFO ][2015-11-19 12:01:29,508][com.java.TestType] [  471] -  str(2) = 4
[INFO ][2015-11-19 12:01:29,508][com.java.TestType] [  523] - row values are--------{1=com.java.Objects.TestDataDetails@1b6a48d, 2=com.java.Objects.TestDataDetails@7eaba4, 3=com.java.Objects.TestDataDetails@1658567, 4=com.java.Objects.TestDataDetails@1b81acf}
[INFO ][2015-11-19 12:01:29,508][com.java.TestType] [  471] -  str(1) = 1
[INFO ][2015-11-19 12:01:29,508][com.java.TestType] [  474] - Test case Id is---1
[INFO ][2015-11-19 12:01:29,508][com.java.TestType] [  476] - 1
[INFO ][2015-11-19 12:01:29,508][com.java.TestType] [  471] -  str(2) = 5
[INFO ][2015-11-19 12:01:29,508][com.java.TestType] [  523] - row values are--------{1=com.java.Objects.TestDataDetails@1b6a48d, 2=com.java.Objects.TestDataDetails@7eaba4, 3=com.java.Objects.TestDataDetails@1658567, 4=com.java.Objects.TestDataDetails@1b81acf, 5=com.java.Objects.TestDataDetails@1e244b5}
[INFO ][2015-11-19 12:01:29,508][com.java.TestType] [  471] -  str(1) = 1
[INFO ][2015-11-19 12:01:29,508][com.java.TestType] [  474] - Test case Id is---1
[INFO ][2015-11-19 12:01:29,508][com.java.TestType] [  476] - 1
[INFO ][2015-11-19 12:01:29,508][com.java.TestType] [  471] -  str(2) = 6
[INFO ][2015-11-19 12:01:29,518][com.java.TestType] [  523] - row values are--------{1=com.java.Objects.TestDataDetails@1b6a48d, 2=com.java.Objects.TestDataDetails@7eaba4, 3=com.java.Objects.TestDataDetails@1658567, 4=com.java.Objects.TestDataDetails@1b81acf, 5=com.java.Objects.TestDataDetails@1e244b5, 6=com.java.Objects.TestDataDetails@ee5193}
[INFO ][2015-11-19 12:01:29,518][com.java.TestType] [  471] -  str(1) = 1
[INFO ][2015-11-19 12:01:29,518][com.java.TestType] [  474] - Test case Id is---1
[INFO ][2015-11-19 12:01:29,518][com.java.TestType] [  476] - 1
[INFO ][2015-11-19 12:01:29,518][com.java.TestType] [  471] -  str(2) = 7
[INFO ][2015-11-19 12:01:29,518][com.java.TestType] [  523] - row values are--------{1=com.java.Objects.TestDataDetails@1b6a48d, 2=com.java.Objects.TestDataDetails@7eaba4, 3=com.java.Objects.TestDataDetails@1658567, 4=com.java.Objects.TestDataDetails@1b81acf, 5=com.java.Objects.TestDataDetails@1e244b5, 6=com.java.Objects.TestDataDetails@ee5193, 7=com.java.Objects.TestDataDetails@e0696c}
[INFO ][2015-11-19 12:01:29,518][com.java.TestType] [  471] -  str(1) = 1
[INFO ][2015-11-19 12:01:29,518][com.java.TestType] [  474] - Test case Id is---1
[INFO ][2015-11-19 12:01:29,518][com.java.TestType] [  476] - 1
[INFO ][2015-11-19 12:01:29,518][com.java.TestType] [  471] -  str(2) = 8
[INFO ][2015-11-19 12:01:29,518][com.java.TestType] [  523] - row values are--------{1=com.java.Objects.TestDataDetails@1b6a48d, 2=com.java.Objects.TestDataDetails@7eaba4, 3=com.java.Objects.TestDataDetails@1658567, 4=com.java.Objects.TestDataDetails@1b81acf, 5=com.java.Objects.TestDataDetails@1e244b5, 6=com.java.Objects.TestDataDetails@ee5193, 7=com.java.Objects.TestDataDetails@e0696c, 8=com.java.Objects.TestDataDetails@238067}
[INFO ][2015-11-19 12:01:29,518][com.java.TestType] [  471] -  str(1) = 1
[INFO ][2015-11-19 12:01:29,518][com.java.TestType] [  474] - Test case Id is---1
[INFO ][2015-11-19 12:01:29,518][com.java.TestType] [  476] - 1
[INFO ][2015-11-19 12:01:29,518][com.java.TestType] [  471] -  str(2) = 9
[INFO ][2015-11-19 12:01:29,518][com.java.TestType] [  523] - row values are--------{1=com.java.Objects.TestDataDetails@1b6a48d, 2=com.java.Objects.TestDataDetails@7eaba4, 3=com.java.Objects.TestDataDetails@1658567, 4=com.java.Objects.TestDataDetails@1b81acf, 5=com.java.Objects.TestDataDetails@1e244b5, 6=com.java.Objects.TestDataDetails@ee5193, 7=com.java.Objects.TestDataDetails@e0696c, 8=com.java.Objects.TestDataDetails@238067, 9=com.java.Objects.TestDataDetails@1b9c2f0}
[INFO ][2015-11-19 12:01:29,518][com.java.TestType] [  471] -  str(1) = 1
[INFO ][2015-11-19 12:01:29,518][com.java.TestType] [  474] - Test case Id is---1
[INFO ][2015-11-19 12:01:29,518][com.java.TestType] [  476] - 1
[INFO ][2015-11-19 12:01:29,518][com.java.TestType] [  471] -  str(2) = 10
[INFO ][2015-11-19 12:01:29,518][com.java.TestType] [  523] - row values are--------{1=com.java.Objects.TestDataDetails@1b6a48d, 2=com.java.Objects.TestDataDetails@7eaba4, 3=com.java.Objects.TestDataDetails@1658567, 4=com.java.Objects.TestDataDetails@1b81acf, 5=com.java.Objects.TestDataDetails@1e244b5, 6=com.java.Objects.TestDataDetails@ee5193, 7=com.java.Objects.TestDataDetails@e0696c, 8=com.java.Objects.TestDataDetails@238067, 9=com.java.Objects.TestDataDetails@1b9c2f0, 10=com.java.Objects.TestDataDetails@4809be}
[INFO ][2015-11-19 12:01:29,518][com.java.TestType] [  471] -  str(1) = 1
[INFO ][2015-11-19 12:01:29,518][com.java.TestType] [  474] - Test case Id is---1
[INFO ][2015-11-19 12:01:29,518][com.java.TestType] [  476] - 1
[INFO ][2015-11-19 12:01:29,518][com.java.TestType] [  471] -  str(2) = 11
[INFO ][2015-11-19 12:01:29,518][com.java.TestType] [  523] - row values are--------{1=com.java.Objects.TestDataDetails@1b6a48d, 2=com.java.Objects.TestDataDetails@7eaba4, 3=com.java.Objects.TestDataDetails@1658567, 4=com.java.Objects.TestDataDetails@1b81acf, 5=com.java.Objects.TestDataDetails@1e244b5, 6=com.java.Objects.TestDataDetails@ee5193, 7=com.java.Objects.TestDataDetails@e0696c, 8=com.java.Objects.TestDataDetails@238067, 9=com.java.Objects.TestDataDetails@1b9c2f0, 10=com.java.Objects.TestDataDetails@4809be, 11=com.java.Objects.TestDataDetails@1ebc96b}
[INFO ][2015-11-19 12:01:29,518][com.java.TestType] [  471] -  str(1) = 1
[INFO ][2015-11-19 12:01:29,518][com.java.TestType] [  474] - Test case Id is---1
[INFO ][2015-11-19 12:01:29,518][com.java.TestType] [  476] - 1
[INFO ][2015-11-19 12:01:29,518][com.java.TestType] [  471] -  str(2) = 12
[INFO ][2015-11-19 12:01:29,518][com.java.TestType] [  523] - row values are--------{1=com.java.Objects.TestDataDetails@1b6a48d, 2=com.java.Objects.TestDataDetails@7eaba4, 3=com.java.Objects.TestDataDetails@1658567, 4=com.java.Objects.TestDataDetails@1b81acf, 5=com.java.Objects.TestDataDetails@1e244b5, 6=com.java.Objects.TestDataDetails@ee5193, 7=com.java.Objects.TestDataDetails@e0696c, 8=com.java.Objects.TestDataDetails@238067, 9=com.java.Objects.TestDataDetails@1b9c2f0, 10=com.java.Objects.TestDataDetails@4809be, 11=com.java.Objects.TestDataDetails@1ebc96b, 12=com.java.Objects.TestDataDetails@1cd14d1}
[INFO ][2015-11-19 12:01:29,518][com.java.TestType] [  471] -  str(1) = 1
[INFO ][2015-11-19 12:01:29,518][com.java.TestType] [  474] - Test case Id is---1
[INFO ][2015-11-19 12:01:29,518][com.java.TestType] [  476] - 1
[INFO ][2015-11-19 12:01:29,518][com.java.TestType] [  471] -  str(2) = 13
[INFO ][2015-11-19 12:01:29,528][com.java.TestType] [  523] - row values are--------{1=com.java.Objects.TestDataDetails@1b6a48d, 2=com.java.Objects.TestDataDetails@7eaba4, 3=com.java.Objects.TestDataDetails@1658567, 4=com.java.Objects.TestDataDetails@1b81acf, 5=com.java.Objects.TestDataDetails@1e244b5, 6=com.java.Objects.TestDataDetails@ee5193, 7=com.java.Objects.TestDataDetails@e0696c, 8=com.java.Objects.TestDataDetails@238067, 9=com.java.Objects.TestDataDetails@1b9c2f0, 10=com.java.Objects.TestDataDetails@4809be, 11=com.java.Objects.TestDataDetails@1ebc96b, 12=com.java.Objects.TestDataDetails@1cd14d1, 13=com.java.Objects.TestDataDetails@606914}
[INFO ][2015-11-19 12:01:29,528][com.java.TestType] [  471] -  str(1) = 1
[INFO ][2015-11-19 12:01:29,528][com.java.TestType] [  474] - Test case Id is---1
[INFO ][2015-11-19 12:01:29,528][com.java.TestType] [  476] - 1
[INFO ][2015-11-19 12:01:29,528][com.java.TestType] [  471] -  str(2) = 14
[INFO ][2015-11-19 12:01:29,528][com.java.TestType] [  523] - row values are--------{1=com.java.Objects.TestDataDetails@1b6a48d, 2=com.java.Objects.TestDataDetails@7eaba4, 3=com.java.Objects.TestDataDetails@1658567, 4=com.java.Objects.TestDataDetails@1b81acf, 5=com.java.Objects.TestDataDetails@1e244b5, 6=com.java.Objects.TestDataDetails@ee5193, 7=com.java.Objects.TestDataDetails@e0696c, 8=com.java.Objects.TestDataDetails@238067, 9=com.java.Objects.TestDataDetails@1b9c2f0, 10=com.java.Objects.TestDataDetails@4809be, 11=com.java.Objects.TestDataDetails@1ebc96b, 12=com.java.Objects.TestDataDetails@1cd14d1, 13=com.java.Objects.TestDataDetails@606914, 14=com.java.Objects.TestDataDetails@14e9fee}
[INFO ][2015-11-19 12:01:29,528][com.java.TestType] [ 8806] - Looping 1TCID = 1
[DEBUG][2015-11-19 12:01:29,528][com.java.TestType] [ 8847] - Concept ID:1 :: Step being Executed: 1::1
[INFO ][2015-11-19 12:01:29,528][com.java.TestType] [ 8885] - dataFields : TXTusername
[DEBUG][2015-11-19 12:01:29,528][com.java.TestType] [ 8891] - <In Set values of the page>
[DEBUG][2015-11-19 12:01:29,528][com.java.TestType] [ 8896] - {Data Fields & Data Values Exist}
[INFO ][2015-11-19 12:01:29,528][com.java.TestType] [ 8902] - --------------------------setting values-----------------------------
[INFO ][2015-11-19 12:01:29,528][com.java.TestType] [ 8905] - Action Type : CLEARANDENTER
[INFO ][2015-11-19 12:01:29,528][com.java.TestType] [ 4461] - value = valuelabs.ie10.33527
[INFO ][2015-11-19 12:01:34,552][com.java.TestType] [ 8924] -  RESULT true
[INFO ][2015-11-19 12:01:34,552][com.java.TestType] [ 9041] - ?   P A S S   ?
[DEBUG][2015-11-19 12:01:34,552][com.java.TestType] [ 8847] - Concept ID:1 :: Step being Executed: 1::2
[INFO ][2015-11-19 12:01:34,552][com.java.TestType] [ 8885] - dataFields : TXTpassword
[DEBUG][2015-11-19 12:01:34,552][com.java.TestType] [ 8891] - <In Set values of the page>
[DEBUG][2015-11-19 12:01:34,552][com.java.TestType] [ 8896] - {Data Fields & Data Values Exist}
[INFO ][2015-11-19 12:01:34,552][com.java.TestType] [ 8902] - --------------------------setting values-----------------------------
[INFO ][2015-11-19 12:01:34,552][com.java.TestType] [ 8905] - Action Type : CLEARANDENTER
[INFO ][2015-11-19 12:01:34,552][com.java.TestType] [ 4461] - value = Password1*
[INFO ][2015-11-19 12:01:39,449][com.java.TestType] [ 8924] -  RESULT true
[INFO ][2015-11-19 12:01:39,449][com.java.TestType] [ 9041] - ?   P A S S   ?
[DEBUG][2015-11-19 12:01:39,449][com.java.TestType] [ 8847] - Concept ID:1 :: Step being Executed: 1::3
[ERROR][2015-11-19 12:01:39,449][com.java.TestType] [ 8880] - Exception: null
[INFO ][2015-11-19 12:01:39,449][com.java.TestType] [ 8885] - dataFields : XPH//button[@type='submit']
[DEBUG][2015-11-19 12:01:39,449][com.java.TestType] [ 8891] - <In Set values of the page>
[DEBUG][2015-11-19 12:01:39,449][com.java.TestType] [ 8896] - {Data Fields & Data Values Exist}
[INFO ][2015-11-19 12:01:39,449][com.java.TestType] [ 8902] - --------------------------setting values-----------------------------
[INFO ][2015-11-19 12:01:39,449][com.java.TestType] [ 8905] - Action Type : Click
[INFO ][2015-11-19 12:01:39,449][com.java.TestType] [ 4774] - Field ::XPH//button[@type='submit']
[INFO ][2015-11-19 12:01:40,449][com.java.TestType] [ 4833] - BEFORE CLICK
[INFO ][2015-11-19 12:01:41,309][com.java.TestType] [ 4841] - Unable to click the object Login
[INFO ][2015-11-19 12:01:41,309][com.java.TestType] [ 8924] -  RESULT true
[INFO ][2015-11-19 12:01:41,309][com.java.TestType] [ 9041] - ?   P A S S   ?
[DEBUG][2015-11-19 12:01:41,309][com.java.TestType] [ 8847] - Concept ID:1 :: Step being Executed: 1::4
[INFO ][2015-11-19 12:01:41,309][com.java.TestType] [ 8885] - dataFields : LNKLogout
[DEBUG][2015-11-19 12:01:41,309][com.java.TestType] [ 8891] - <In Set values of the page>
[DEBUG][2015-11-19 12:01:41,309][com.java.TestType] [ 8896] - {Data Fields & Data Values Exist}
[INFO ][2015-11-19 12:01:41,309][com.java.TestType] [ 8902] - --------------------------setting values-----------------------------
[INFO ][2015-11-19 12:01:41,309][com.java.TestType] [ 8905] - Action Type : WaitForElement
[INFO ][2015-11-19 12:01:48,257][com.java.TestType] [ 8924] -  RESULT true
[INFO ][2015-11-19 12:01:48,257][com.java.TestType] [ 9041] - ?   P A S S   ?
[DEBUG][2015-11-19 12:01:48,257][com.java.TestType] [ 8847] - Concept ID:1 :: Step being Executed: 1::13
[INFO ][2015-11-19 12:01:48,257][com.java.TestType] [ 8885] - dataFields : LNK
[DEBUG][2015-11-19 12:01:48,257][com.java.TestType] [ 8891] - <In Set values of the page>
[DEBUG][2015-11-19 12:01:48,257][com.java.TestType] [ 8896] - {Data Fields & Data Values Exist}
[INFO ][2015-11-19 12:01:48,257][com.java.TestType] [ 8902] - --------------------------setting values-----------------------------
[INFO ][2015-11-19 12:01:48,257][com.java.TestType] [ 8905] - Action Type : Verify
[INFO ][2015-11-19 12:01:48,257][com.java.TestType] [ 5568] - field= LNK value= Logout
[INFO ][2015-11-19 12:01:48,257][com.java.TestType] [ 4461] - value = Logout
[INFO ][2015-11-19 12:01:48,288][com.java.TestType] [ 8924] -  RESULT true
[INFO ][2015-11-19 12:01:48,288][com.java.TestType] [ 9041] - ?   P A S S   ?
[DEBUG][2015-11-19 12:01:48,288][com.java.TestType] [ 8847] - Concept ID:1 :: Step being Executed: 1::14
[INFO ][2015-11-19 12:01:48,288][com.java.TestType] [ 8885] - dataFields : BTN
[DEBUG][2015-11-19 12:01:48,288][com.java.TestType] [ 8891] - <In Set values of the page>
[DEBUG][2015-11-19 12:01:48,288][com.java.TestType] [ 8896] - {Data Fields & Data Values Exist}
[INFO ][2015-11-19 12:01:48,288][com.java.TestType] [ 8902] - --------------------------setting values-----------------------------
[INFO ][2015-11-19 12:01:48,288][com.java.TestType] [ 8905] - Action Type : Verify
[INFO ][2015-11-19 12:01:48,288][com.java.TestType] [ 5568] - field= BTN value= //img[contains(@src,'bdlogo.jpg')]
[INFO ][2015-11-19 12:01:48,288][com.java.TestType] [ 4461] - value = //img[contains(@src,'bdlogo.jpg')]
[INFO ][2015-11-19 12:01:48,318][com.java.TestType] [ 8924] -  RESULT true
[INFO ][2015-11-19 12:01:48,318][com.java.TestType] [ 9041] - ?   P A S S   ?
[INFO ][2015-11-19 12:01:48,318][com.java.TestType] [ 9112] - Looping End......
[INFO ][2015-11-19 12:01:48,318][com.java.SeleniumDriver] [  869] -  RESULT true
[INFO ][2015-11-19 12:01:48,318][com.java.SeleniumDriver] [ 1074] - ?   P A S S   ?
[INFO ][2015-11-19 12:01:48,318][com.java.SeleniumDriver] [  796] - ------------------------------------------
[INFO ][2015-11-19 12:01:48,318][com.java.SeleniumDriver] [  797] - Test case being Executed: 1
[INFO ][2015-11-19 12:01:48,318][com.java.SeleniumDriver] [  808] - Test step:2
[INFO ][2015-11-19 12:01:48,318][com.java.SeleniumDriver] [  820] - Datavalue is----------Concept#2:1-2
[INFO ][2015-11-19 12:01:48,318][com.java.SeleniumDriver] [  844] - DataField : test
[INFO ][2015-11-19 12:01:48,318][com.java.SeleniumDriver] [  846] - DataValue : Concept#2:1-2
[INFO ][2015-11-19 12:01:48,318][com.java.SeleniumDriver] [  852] - <In Set values of the page>
[INFO ][2015-11-19 12:01:48,318][com.java.SeleniumDriver] [  855] - {Data Fields & Data Values Exist}
[INFO ][2015-11-19 12:01:48,318][com.java.SeleniumDriver] [  857] - --------------------------setting values-----------------------------
[INFO ][2015-11-19 12:01:48,318][com.java.SeleniumDriver] [  860] - Action Type : ExecuteTestCase
[INFO ][2015-11-19 12:01:48,318][com.java.TestType] [  426] - The Concept sheet name is ---------- Concept
[INFO ][2015-11-19 12:01:48,318][com.java.TestType] [  429] - The Concept ID  is ---------- 2
[DEBUG][2015-11-19 12:01:48,318][com.java.TestType] [  433] - Steps being executted in the Concept are: 1:2
[INFO ][2015-11-19 12:01:48,318][com.java.TestType] [  440] - Test data details path ---------- D:\BankersDashboard\TestInputs\TestData.xls
[INFO ][2015-11-19 12:01:48,348][com.java.TestType] [  471] -  str(1) = 2
[INFO ][2015-11-19 12:01:48,348][com.java.TestType] [  474] - Test case Id is---2
[INFO ][2015-11-19 12:01:48,348][com.java.TestType] [  476] - 2
[INFO ][2015-11-19 12:01:48,348][com.java.TestType] [  471] -  str(2) = 1
[INFO ][2015-11-19 12:01:48,358][com.java.TestType] [  523] - row values are--------{1=com.java.Objects.TestDataDetails@485c2f}
[INFO ][2015-11-19 12:01:48,358][com.java.TestType] [  471] -  str(1) = 2
[INFO ][2015-11-19 12:01:48,358][com.java.TestType] [  474] - Test case Id is---2
[INFO ][2015-11-19 12:01:48,358][com.java.TestType] [  476] - 2
[INFO ][2015-11-19 12:01:48,358][com.java.TestType] [  471] -  str(2) = 2
[INFO ][2015-11-19 12:01:48,358][com.java.TestType] [  523] - row values are--------{1=com.java.Objects.TestDataDetails@485c2f, 2=com.java.Objects.TestDataDetails@15886b4}
[INFO ][2015-11-19 12:01:48,358][com.java.TestType] [  471] -  str(1) = 2
[INFO ][2015-11-19 12:01:48,358][com.java.TestType] [  474] - Test case Id is---2
[INFO ][2015-11-19 12:01:48,358][com.java.TestType] [  476] - 2
[INFO ][2015-11-19 12:01:48,358][com.java.TestType] [  471] -  str(2) = 3
[INFO ][2015-11-19 12:01:48,358][com.java.TestType] [  523] - row values are--------{1=com.java.Objects.TestDataDetails@485c2f, 2=com.java.Objects.TestDataDetails@15886b4, 3=com.java.Objects.TestDataDetails@f38fd1}
[INFO ][2015-11-19 12:01:48,358][com.java.TestType] [ 8806] - Looping 1TCID = 2
[DEBUG][2015-11-19 12:01:48,358][com.java.TestType] [ 8847] - Concept ID:2 :: Step being Executed: 2::1
[INFO ][2015-11-19 12:01:48,358][com.java.TestType] [ 8885] - dataFields : BNK//select[@id='bank']
[DEBUG][2015-11-19 12:01:48,358][com.java.TestType] [ 8891] - <In Set values of the page>
[DEBUG][2015-11-19 12:01:48,358][com.java.TestType] [ 8896] - {Data Fields & Data Values Exist}
[INFO ][2015-11-19 12:01:48,358][com.java.TestType] [ 8902] - --------------------------setting values-----------------------------
[INFO ][2015-11-19 12:01:48,358][com.java.TestType] [ 8905] - Action Type : Select
[INFO ][2015-11-19 12:01:48,358][com.java.TestType] [ 4461] - value = PFC
[INFO ][2015-11-19 12:01:48,603][com.java.TestType] [ 8924] -  RESULT true
[INFO ][2015-11-19 12:01:48,603][com.java.TestType] [ 9041] - ?   P A S S   ?
[DEBUG][2015-11-19 12:01:48,603][com.java.TestType] [ 8847] - Concept ID:2 :: Step being Executed: 2::2
[INFO ][2015-11-19 12:01:48,603][com.java.TestType] [ 8885] - dataFields : LNKLogout
[DEBUG][2015-11-19 12:01:48,603][com.java.TestType] [ 8891] - <In Set values of the page>
[DEBUG][2015-11-19 12:01:48,603][com.java.TestType] [ 8896] - {Data Fields & Data Values Exist}
[INFO ][2015-11-19 12:01:48,603][com.java.TestType] [ 8902] - --------------------------setting values-----------------------------
[INFO ][2015-11-19 12:01:48,603][com.java.TestType] [ 8905] - Action Type : WaitTime
[DEBUG][2015-11-19 12:01:48,603][com.java.TestType] [ 4296] - sleepTime: 5000
[INFO ][2015-11-19 12:01:53,624][com.java.TestType] [ 8924] -  RESULT true
[INFO ][2015-11-19 12:01:53,624][com.java.TestType] [ 9041] - ?   P A S S   ?
[INFO ][2015-11-19 12:01:53,624][com.java.TestType] [ 9112] - Looping End......
[INFO ][2015-11-19 12:01:53,624][com.java.SeleniumDriver] [  869] -  RESULT true
[INFO ][2015-11-19 12:01:53,624][com.java.SeleniumDriver] [ 1074] - ?   P A S S   ?
[INFO ][2015-11-19 12:01:53,624][com.java.SeleniumDriver] [  796] - ------------------------------------------
[INFO ][2015-11-19 12:01:53,624][com.java.SeleniumDriver] [  797] - Test case being Executed: 1
[INFO ][2015-11-19 12:01:53,624][com.java.SeleniumDriver] [  808] - Test step:3
[INFO ][2015-11-19 12:01:53,624][com.java.SeleniumDriver] [  820] - Datavalue is----------2
[INFO ][2015-11-19 12:01:53,624][com.java.SeleniumDriver] [  844] - DataField : XPH//button[contains(text(),'Add Content')]
[INFO ][2015-11-19 12:01:53,624][com.java.SeleniumDriver] [  846] - DataValue : 2
[INFO ][2015-11-19 12:01:53,624][com.java.SeleniumDriver] [  852] - <In Set values of the page>
[INFO ][2015-11-19 12:01:53,624][com.java.SeleniumDriver] [  855] - {Data Fields & Data Values Exist}
[INFO ][2015-11-19 12:01:53,624][com.java.SeleniumDriver] [  857] - --------------------------setting values-----------------------------
[INFO ][2015-11-19 12:01:53,624][com.java.SeleniumDriver] [  860] - Action Type : WAITFORELEMENT
[INFO ][2015-11-19 12:02:04,233][com.java.SeleniumDriver] [  869] -  RESULT true
[INFO ][2015-11-19 12:02:04,233][com.java.SeleniumDriver] [ 1074] - ?   P A S S   ?
[DEBUG][2015-11-19 12:02:04,233][com.java.SeleniumDriver] [ 1176] - Case found
[DEBUG][2015-11-19 12:02:04,233][com.java.SeleniumDriver] [ 1181] - Incrementing ReportCounters[0]:1
[INFO ][2015-11-19 12:02:04,233][com.java.SeleniumDriver] [ 1200] - The results are-------------------[1, 1, Valid Login, Pass, , Thu Nov 19 12:01:48 IST 2015, 1, 2, Valid Login, Pass, , Thu Nov 19 12:01:53 IST 2015, 1, 3, Valid Login, Pass, , Thu Nov 19 12:02:04 IST 2015]
[INFO ][2015-11-19 12:02:04,233][com.java.SeleniumDriver] [ 1204] - End time is-------48 sec
[INFO ][2015-11-19 12:02:04,233][com.java.SeleniumDriver] [ 1205] - The results are-------------------[1, 1, Valid Login, Pass, , Thu Nov 19 12:01:48 IST 2015, 1, 2, Valid Login, Pass, , Thu Nov 19 12:01:53 IST 2015, 1, 3, Valid Login, Pass, , Thu Nov 19 12:02:04 IST 2015]
[DEBUG][2015-11-19 12:02:04,233][com.java.ImportnExport.ExportTestResultsExcel] [  222] - testResultPath = D:\BankersDashboard/TestReports/Test Results_BankersDashBoard_111915_120117_IE10_Bank of North Carolina.xls
[DEBUG][2015-11-19 12:02:04,233][com.java.ImportnExport.ExportTestResultsExcel] [  223] - browser is------------IE10
[DEBUG][2015-11-19 12:02:04,274][com.java.ImportnExport.ExportTestResultsExcel] [  270] - result.size() = 18
[DEBUG][2015-11-19 12:02:04,274][com.java.ImportnExport.ExportTestResultsExcel] [  274] - No of rows in sheet=1
[DEBUG][2015-11-19 12:02:04,274][com.java.ImportnExport.ExportTestResultsExcel] [  301] - ..in export..1
[DEBUG][2015-11-19 12:02:04,274][com.java.ImportnExport.ExportTestResultsExcel] [  301] - ..in export..Valid Login
[DEBUG][2015-11-19 12:02:04,274][com.java.ImportnExport.ExportTestResultsExcel] [  301] - ..in export..Pass
[DEBUG][2015-11-19 12:02:04,274][com.java.ImportnExport.ExportTestResultsExcel] [  301] - ..in export..
[DEBUG][2015-11-19 12:02:04,274][com.java.ImportnExport.ExportTestResultsExcel] [  301] - ..in export..Thu Nov 19 12:01:48 IST 2015
[INFO ][2015-11-19 12:02:04,284][com.java.SeleniumDriver] [ 1263] - out loop:0 size:2 TestCases:[1, 6] testcases:[1, 6]
[INFO ][2015-11-19 12:02:04,284][com.java.ImportnExport.ImportTestDataDetailsExcel] [   49] - test data details path===== D:\BankersDashboard\TestInputs\TestData.xls
[INFO ][2015-11-19 12:02:43,063][com.java.SeleniumDriver] [  796] - ------------------------------------------
[INFO ][2015-11-19 12:02:43,063][com.java.SeleniumDriver] [  797] - Test case being Executed: 6
[INFO ][2015-11-19 12:02:43,063][com.java.SeleniumDriver] [  808] - Test step:1
[INFO ][2015-11-19 12:02:43,063][com.java.SeleniumDriver] [  820] - Datavalue is----------Logout
[INFO ][2015-11-19 12:02:43,063][com.java.SeleniumDriver] [  844] - DataField : BTN
[INFO ][2015-11-19 12:02:43,063][com.java.SeleniumDriver] [  846] - DataValue : Logout
[INFO ][2015-11-19 12:02:43,063][com.java.SeleniumDriver] [  852] - <In Set values of the page>
[INFO ][2015-11-19 12:02:43,063][com.java.SeleniumDriver] [  855] - {Data Fields & Data Values Exist}
[INFO ][2015-11-19 12:02:43,063][com.java.SeleniumDriver] [  857] - --------------------------setting values-----------------------------
[INFO ][2015-11-19 12:02:43,063][com.java.SeleniumDriver] [  860] - Action Type : Verify
[INFO ][2015-11-19 12:02:43,063][com.java.TestType] [ 5568] - field= BTN value= Logout
[INFO ][2015-11-19 12:02:43,063][com.java.TestType] [ 4461] - value = Logout
[INFO ][2015-11-19 12:02:43,107][com.java.SeleniumDriver] [  869] -  RESULT true
[INFO ][2015-11-19 12:02:43,107][com.java.SeleniumDriver] [ 1074] - ?   P A S S   ?
[INFO ][2015-11-19 12:02:43,107][com.java.SeleniumDriver] [ 1116] - step change to 3
[INFO ][2015-11-19 12:02:43,107][com.java.SeleniumDriver] [  796] - ------------------------------------------
[INFO ][2015-11-19 12:02:43,107][com.java.SeleniumDriver] [  797] - Test case being Executed: 6
[INFO ][2015-11-19 12:02:43,107][com.java.SeleniumDriver] [  808] - Test step:3
[INFO ][2015-11-19 12:02:43,107][com.java.SeleniumDriver] [  820] - Datavalue is----------Concept#2:1-2
[INFO ][2015-11-19 12:02:43,107][com.java.SeleniumDriver] [  844] - DataField : test
[INFO ][2015-11-19 12:02:43,107][com.java.SeleniumDriver] [  846] - DataValue : Concept#2:1-2
[INFO ][2015-11-19 12:02:43,107][com.java.SeleniumDriver] [  852] - <In Set values of the page>
[INFO ][2015-11-19 12:02:43,109][com.java.SeleniumDriver] [  855] - {Data Fields & Data Values Exist}
[INFO ][2015-11-19 12:02:43,109][com.java.SeleniumDriver] [  857] - --------------------------setting values-----------------------------
[INFO ][2015-11-19 12:02:43,109][com.java.SeleniumDriver] [  860] - Action Type : ExecuteTestCase
[INFO ][2015-11-19 12:02:43,109][com.java.TestType] [  426] - The Concept sheet name is ---------- Concept
[INFO ][2015-11-19 12:02:43,109][com.java.TestType] [  429] - The Concept ID  is ---------- 2
[DEBUG][2015-11-19 12:02:43,109][com.java.TestType] [  433] - Steps being executted in the Concept are: 1:2
[INFO ][2015-11-19 12:02:43,109][com.java.TestType] [  440] - Test data details path ---------- D:\BankersDashboard\TestInputs\TestData.xls
[INFO ][2015-11-19 12:02:43,139][com.java.TestType] [  471] -  str(1) = 2
[INFO ][2015-11-19 12:02:43,139][com.java.TestType] [  474] - Test case Id is---2
[INFO ][2015-11-19 12:02:43,139][com.java.TestType] [  476] - 2
[INFO ][2015-11-19 12:02:43,139][com.java.TestType] [  471] -  str(2) = 1
[INFO ][2015-11-19 12:02:43,142][com.java.TestType] [  523] - row values are--------{1=com.java.Objects.TestDataDetails@88cc5f}
[INFO ][2015-11-19 12:02:43,142][com.java.TestType] [  471] -  str(1) = 2
[INFO ][2015-11-19 12:02:43,142][com.java.TestType] [  474] - Test case Id is---2
[INFO ][2015-11-19 12:02:43,142][com.java.TestType] [  476] - 2
[INFO ][2015-11-19 12:02:43,142][com.java.TestType] [  471] -  str(2) = 2
[INFO ][2015-11-19 12:02:43,142][com.java.TestType] [  523] - row values are--------{1=com.java.Objects.TestDataDetails@88cc5f, 2=com.java.Objects.TestDataDetails@672832}
[INFO ][2015-11-19 12:02:43,142][com.java.TestType] [  471] -  str(1) = 2
[INFO ][2015-11-19 12:02:43,142][com.java.TestType] [  474] - Test case Id is---2
[INFO ][2015-11-19 12:02:43,142][com.java.TestType] [  476] - 2
[INFO ][2015-11-19 12:02:43,142][com.java.TestType] [  471] -  str(2) = 3
[INFO ][2015-11-19 12:02:43,142][com.java.TestType] [  523] - row values are--------{1=com.java.Objects.TestDataDetails@88cc5f, 2=com.java.Objects.TestDataDetails@672832, 3=com.java.Objects.TestDataDetails@58825}
[INFO ][2015-11-19 12:02:43,142][com.java.TestType] [ 8806] - Looping 1TCID = 2
[DEBUG][2015-11-19 12:02:43,142][com.java.TestType] [ 8847] - Concept ID:2 :: Step being Executed: 2::1
[INFO ][2015-11-19 12:02:43,142][com.java.TestType] [ 8885] - dataFields : BNK//select[@id='bank']
[DEBUG][2015-11-19 12:02:43,142][com.java.TestType] [ 8891] - <In Set values of the page>
[DEBUG][2015-11-19 12:02:43,142][com.java.TestType] [ 8896] - {Data Fields & Data Values Exist}
[INFO ][2015-11-19 12:02:43,142][com.java.TestType] [ 8902] - --------------------------setting values-----------------------------
[INFO ][2015-11-19 12:02:43,144][com.java.TestType] [ 8905] - Action Type : Select
[INFO ][2015-11-19 12:02:43,144][com.java.TestType] [ 4461] - value = PFC
[INFO ][2015-11-19 12:02:43,384][com.java.TestType] [ 8924] -  RESULT true
[INFO ][2015-11-19 12:02:43,384][com.java.TestType] [ 9041] - ?   P A S S   ?
[DEBUG][2015-11-19 12:02:43,384][com.java.TestType] [ 8847] - Concept ID:2 :: Step being Executed: 2::2
[INFO ][2015-11-19 12:02:43,384][com.java.TestType] [ 8885] - dataFields : LNKLogout
[DEBUG][2015-11-19 12:02:43,384][com.java.TestType] [ 8891] - <In Set values of the page>
[DEBUG][2015-11-19 12:02:43,384][com.java.TestType] [ 8896] - {Data Fields & Data Values Exist}
[INFO ][2015-11-19 12:02:43,384][com.java.TestType] [ 8902] - --------------------------setting values-----------------------------
[INFO ][2015-11-19 12:02:43,384][com.java.TestType] [ 8905] - Action Type : WaitTime
[DEBUG][2015-11-19 12:02:43,384][com.java.TestType] [ 4296] - sleepTime: 5000
[INFO ][2015-11-19 12:02:48,384][com.java.TestType] [ 8924] -  RESULT true
[INFO ][2015-11-19 12:02:48,384][com.java.TestType] [ 9041] - ?   P A S S   ?
[INFO ][2015-11-19 12:02:48,384][com.java.TestType] [ 9112] - Looping End......
[INFO ][2015-11-19 12:02:48,384][com.java.SeleniumDriver] [  869] -  RESULT true
[INFO ][2015-11-19 12:02:48,384][com.java.SeleniumDriver] [ 1074] - ?   P A S S   ?
[INFO ][2015-11-19 12:02:48,384][com.java.SeleniumDriver] [  796] - ------------------------------------------
[INFO ][2015-11-19 12:02:48,384][com.java.SeleniumDriver] [  797] - Test case being Executed: 6
[INFO ][2015-11-19 12:02:48,384][com.java.SeleniumDriver] [  808] - Test step:4
[INFO ][2015-11-19 12:02:48,384][com.java.SeleniumDriver] [  820] - Datavalue is----------5
[INFO ][2015-11-19 12:02:48,384][com.java.SeleniumDriver] [  844] - DataField : LNKSettings
[INFO ][2015-11-19 12:02:48,384][com.java.SeleniumDriver] [  846] - DataValue : 5
[INFO ][2015-11-19 12:02:48,384][com.java.SeleniumDriver] [  852] - <In Set values of the page>
[INFO ][2015-11-19 12:02:48,384][com.java.SeleniumDriver] [  855] - {Data Fields & Data Values Exist}
[INFO ][2015-11-19 12:02:48,384][com.java.SeleniumDriver] [  857] - --------------------------setting values-----------------------------
[INFO ][2015-11-19 12:02:48,384][com.java.SeleniumDriver] [  860] - Action Type : WAITFORELEMENT
[INFO ][2015-11-19 12:02:48,475][com.java.SeleniumDriver] [  869] -  RESULT true
[INFO ][2015-11-19 12:02:48,475][com.java.SeleniumDriver] [ 1074] - ?   P A S S   ?
[INFO ][2015-11-19 12:02:48,475][com.java.SeleniumDriver] [  796] - ------------------------------------------
[INFO ][2015-11-19 12:02:48,475][com.java.SeleniumDriver] [  797] - Test case being Executed: 6
[INFO ][2015-11-19 12:02:48,475][com.java.SeleniumDriver] [  808] - Test step:5
[INFO ][2015-11-19 12:02:48,475][com.java.SeleniumDriver] [  820] - Datavalue is----------null
[DEBUG][2015-11-19 12:02:48,475][com.java.SeleniumDriver] [  838] - Exception: null
[INFO ][2015-11-19 12:02:48,475][com.java.SeleniumDriver] [  844] - DataField : //span[@class='icon-hammer']&&//a[text()='Custom Calculations']
[INFO ][2015-11-19 12:02:48,475][com.java.SeleniumDriver] [  846] - DataValue : 
[INFO ][2015-11-19 12:02:48,475][com.java.SeleniumDriver] [  852] - <In Set values of the page>
[INFO ][2015-11-19 12:02:48,475][com.java.SeleniumDriver] [  855] - {Data Fields & Data Values Exist}
[INFO ][2015-11-19 12:02:48,475][com.java.SeleniumDriver] [  857] - --------------------------setting values-----------------------------
[INFO ][2015-11-19 12:02:48,475][com.java.SeleniumDriver] [  860] - Action Type : MOUSEOVER
[INFO ][2015-11-19 12:03:16,984][com.java.SeleniumDriver] [  869] -  RESULT true
[INFO ][2015-11-19 12:03:16,984][com.java.SeleniumDriver] [ 1074] - ?   P A S S   ?
[INFO ][2015-11-19 12:03:16,984][com.java.SeleniumDriver] [  796] - ------------------------------------------
[INFO ][2015-11-19 12:03:16,984][com.java.SeleniumDriver] [  797] - Test case being Executed: 6
[INFO ][2015-11-19 12:03:16,984][com.java.SeleniumDriver] [  808] - Test step:6
[INFO ][2015-11-19 12:03:16,984][com.java.SeleniumDriver] [  820] - Datavalue is----------5
[INFO ][2015-11-19 12:03:16,984][com.java.SeleniumDriver] [  844] - DataField : BTN//iframe[@class='frameTabContent']
[INFO ][2015-11-19 12:03:16,984][com.java.SeleniumDriver] [  846] - DataValue : 5
[INFO ][2015-11-19 12:03:16,984][com.java.SeleniumDriver] [  852] - <In Set values of the page>
[INFO ][2015-11-19 12:03:16,984][com.java.SeleniumDriver] [  855] - {Data Fields & Data Values Exist}
[INFO ][2015-11-19 12:03:16,984][com.java.SeleniumDriver] [  857] - --------------------------setting values-----------------------------
[INFO ][2015-11-19 12:03:16,984][com.java.SeleniumDriver] [  860] - Action Type : waitforelement
[INFO ][2015-11-19 12:03:17,075][com.java.SeleniumDriver] [  869] -  RESULT true
[INFO ][2015-11-19 12:03:17,075][com.java.SeleniumDriver] [ 1074] - ?   P A S S   ?
[INFO ][2015-11-19 12:03:17,075][com.java.SeleniumDriver] [  796] - ------------------------------------------
[INFO ][2015-11-19 12:03:17,075][com.java.SeleniumDriver] [  797] - Test case being Executed: 6
[INFO ][2015-11-19 12:03:17,075][com.java.SeleniumDriver] [  808] - Test step:7
[INFO ][2015-11-19 12:03:17,075][com.java.SeleniumDriver] [  820] - Datavalue is----------null
[DEBUG][2015-11-19 12:03:17,075][com.java.SeleniumDriver] [  838] - Exception: null
[INFO ][2015-11-19 12:03:17,075][com.java.SeleniumDriver] [  844] - DataField : BTN//iframe[@class='frameTabContent']
[INFO ][2015-11-19 12:03:17,075][com.java.SeleniumDriver] [  846] - DataValue : 
[INFO ][2015-11-19 12:03:17,075][com.java.SeleniumDriver] [  852] - <In Set values of the page>
[INFO ][2015-11-19 12:03:17,075][com.java.SeleniumDriver] [  855] - {Data Fields & Data Values Exist}
[INFO ][2015-11-19 12:03:17,075][com.java.SeleniumDriver] [  857] - --------------------------setting values-----------------------------
[INFO ][2015-11-19 12:03:17,075][com.java.SeleniumDriver] [  860] - Action Type : SELECTFRAME
[INFO ][2015-11-19 12:03:17,335][com.java.SeleniumDriver] [  869] -  RESULT true
[INFO ][2015-11-19 12:03:17,335][com.java.SeleniumDriver] [ 1074] - ?   P A S S   ?
[INFO ][2015-11-19 12:03:17,335][com.java.SeleniumDriver] [  796] - ------------------------------------------
[INFO ][2015-11-19 12:03:17,335][com.java.SeleniumDriver] [  797] - Test case being Executed: 6
[INFO ][2015-11-19 12:03:17,335][com.java.SeleniumDriver] [  808] - Test step:8
[INFO ][2015-11-19 12:03:17,335][com.java.SeleniumDriver] [  820] - Datavalue is----------5
[INFO ][2015-11-19 12:03:17,335][com.java.SeleniumDriver] [  844] - DataField : XPH//h1[contains(text(), 'Custom Calculations')]
[INFO ][2015-11-19 12:03:17,335][com.java.SeleniumDriver] [  846] - DataValue : 5
[INFO ][2015-11-19 12:03:17,335][com.java.SeleniumDriver] [  852] - <In Set values of the page>
[INFO ][2015-11-19 12:03:17,335][com.java.SeleniumDriver] [  855] - {Data Fields & Data Values Exist}
[INFO ][2015-11-19 12:03:17,335][com.java.SeleniumDriver] [  857] - --------------------------setting values-----------------------------
[INFO ][2015-11-19 12:03:17,335][com.java.SeleniumDriver] [  860] - Action Type : waitforelement
[INFO ][2015-11-19 12:03:17,445][com.java.SeleniumDriver] [  869] -  RESULT true
[INFO ][2015-11-19 12:03:17,445][com.java.SeleniumDriver] [ 1074] - ?   P A S S   ?
[INFO ][2015-11-19 12:03:17,445][com.java.SeleniumDriver] [  796] - ------------------------------------------
[INFO ][2015-11-19 12:03:17,445][com.java.SeleniumDriver] [  797] - Test case being Executed: 6
[INFO ][2015-11-19 12:03:17,445][com.java.SeleniumDriver] [  808] - Test step:9
[INFO ][2015-11-19 12:03:17,445][com.java.SeleniumDriver] [  820] - Datavalue is----------Custom Calculations
[INFO ][2015-11-19 12:03:17,445][com.java.SeleniumDriver] [  844] - DataField : MSG
[INFO ][2015-11-19 12:03:17,445][com.java.SeleniumDriver] [  846] - DataValue : Custom Calculations
[INFO ][2015-11-19 12:03:17,445][com.java.SeleniumDriver] [  852] - <In Set values of the page>
[INFO ][2015-11-19 12:03:17,445][com.java.SeleniumDriver] [  855] - {Data Fields & Data Values Exist}
[INFO ][2015-11-19 12:03:17,445][com.java.SeleniumDriver] [  857] - --------------------------setting values-----------------------------
[INFO ][2015-11-19 12:03:17,445][com.java.SeleniumDriver] [  860] - Action Type : Verify
[INFO ][2015-11-19 12:03:17,445][com.java.TestType] [ 5568] - field= MSG value= Custom Calculations
[INFO ][2015-11-19 12:03:17,445][com.java.TestType] [ 4461] - value = Custom Calculations
[DEBUG][2015-11-19 12:03:17,445][com.java.TestType] [ 6337] - value :: Custom Calculations
[INFO ][2015-11-19 12:03:17,485][com.java.SeleniumDriver] [  869] -  RESULT true
[INFO ][2015-11-19 12:03:17,485][com.java.SeleniumDriver] [ 1074] - ?   P A S S   ?
[INFO ][2015-11-19 12:03:17,485][com.java.SeleniumDriver] [  796] - ------------------------------------------
[INFO ][2015-11-19 12:03:17,485][com.java.SeleniumDriver] [  797] - Test case being Executed: 6
[INFO ][2015-11-19 12:03:17,485][com.java.SeleniumDriver] [  808] - Test step:10
[INFO ][2015-11-19 12:03:17,485][com.java.SeleniumDriver] [  820] - Datavalue is----------5
[INFO ][2015-11-19 12:03:17,485][com.java.SeleniumDriver] [  844] - DataField : XPH//a[contains(text(), 'Add Calculation')]
[INFO ][2015-11-19 12:03:17,485][com.java.SeleniumDriver] [  846] - DataValue : 5
[INFO ][2015-11-19 12:03:17,485][com.java.SeleniumDriver] [  852] - <In Set values of the page>
[INFO ][2015-11-19 12:03:17,485][com.java.SeleniumDriver] [  855] - {Data Fields & Data Values Exist}
[INFO ][2015-11-19 12:03:17,485][com.java.SeleniumDriver] [  857] - --------------------------setting values-----------------------------
[INFO ][2015-11-19 12:03:17,485][com.java.SeleniumDriver] [  860] - Action Type : waitforelement
[INFO ][2015-11-19 12:03:17,555][com.java.SeleniumDriver] [  869] -  RESULT true
[INFO ][2015-11-19 12:03:17,555][com.java.SeleniumDriver] [ 1074] - ?   P A S S   ?
[INFO ][2015-11-19 12:03:17,555][com.java.SeleniumDriver] [  796] - ------------------------------------------
[INFO ][2015-11-19 12:03:17,555][com.java.SeleniumDriver] [  797] - Test case being Executed: 6
[INFO ][2015-11-19 12:03:17,555][com.java.SeleniumDriver] [  808] - Test step:11
[INFO ][2015-11-19 12:03:17,555][com.java.SeleniumDriver] [  820] - Datavalue is----------null
[DEBUG][2015-11-19 12:03:17,555][com.java.SeleniumDriver] [  838] - Exception: null
[INFO ][2015-11-19 12:03:17,555][com.java.SeleniumDriver] [  844] - DataField : HDN//a[contains(text(), 'Add Calculation')]
[INFO ][2015-11-19 12:03:17,555][com.java.SeleniumDriver] [  846] - DataValue : 
[INFO ][2015-11-19 12:03:17,555][com.java.SeleniumDriver] [  852] - <In Set values of the page>
[INFO ][2015-11-19 12:03:17,555][com.java.SeleniumDriver] [  855] - {Data Fields & Data Values Exist}
[INFO ][2015-11-19 12:03:17,555][com.java.SeleniumDriver] [  857] - --------------------------setting values-----------------------------
[INFO ][2015-11-19 12:03:17,555][com.java.SeleniumDriver] [  860] - Action Type : click
[INFO ][2015-11-19 12:03:17,555][com.java.TestType] [ 4774] - Field ::HDN//a[contains(text(), 'Add Calculation')]
[INFO ][2015-11-19 12:03:19,126][com.java.SeleniumDriver] [  869] -  RESULT true
[INFO ][2015-11-19 12:03:19,126][com.java.SeleniumDriver] [ 1074] - ?   P A S S   ?
[INFO ][2015-11-19 12:03:19,126][com.java.SeleniumDriver] [  796] - ------------------------------------------
[INFO ][2015-11-19 12:03:19,126][com.java.SeleniumDriver] [  797] - Test case being Executed: 6
[INFO ][2015-11-19 12:03:19,126][com.java.SeleniumDriver] [  808] - Test step:12
[INFO ][2015-11-19 12:03:19,126][com.java.SeleniumDriver] [  820] - Datavalue is----------5
[INFO ][2015-11-19 12:03:19,126][com.java.SeleniumDriver] [  844] - DataField : XPH//button[text()='+']
[INFO ][2015-11-19 12:03:19,126][com.java.SeleniumDriver] [  846] - DataValue : 5
[INFO ][2015-11-19 12:03:19,126][com.java.SeleniumDriver] [  852] - <In Set values of the page>
[INFO ][2015-11-19 12:03:19,126][com.java.SeleniumDriver] [  855] - {Data Fields & Data Values Exist}
[INFO ][2015-11-19 12:03:19,126][com.java.SeleniumDriver] [  857] - --------------------------setting values-----------------------------
[INFO ][2015-11-19 12:03:19,126][com.java.SeleniumDriver] [  860] - Action Type : waitforelement
[INFO ][2015-11-19 12:03:19,258][com.java.SeleniumDriver] [  869] -  RESULT true
[INFO ][2015-11-19 12:03:19,258][com.java.SeleniumDriver] [ 1074] - ?   P A S S   ?
[INFO ][2015-11-19 12:03:19,258][com.java.SeleniumDriver] [  796] - ------------------------------------------
[INFO ][2015-11-19 12:03:19,258][com.java.SeleniumDriver] [  797] - Test case being Executed: 6
[INFO ][2015-11-19 12:03:19,258][com.java.SeleniumDriver] [  808] - Test step:13
[INFO ][2015-11-19 12:03:19,258][com.java.SeleniumDriver] [  820] - Datavalue is----------null
[DEBUG][2015-11-19 12:03:19,258][com.java.SeleniumDriver] [  838] - Exception: null
[INFO ][2015-11-19 12:03:19,258][com.java.SeleniumDriver] [  844] - DataField : XPH//button[contains(text(), 'Save')]
[INFO ][2015-11-19 12:03:19,258][com.java.SeleniumDriver] [  846] - DataValue : 
[INFO ][2015-11-19 12:03:19,258][com.java.SeleniumDriver] [  852] - <In Set values of the page>
[INFO ][2015-11-19 12:03:19,258][com.java.SeleniumDriver] [  855] - {Data Fields & Data Values Exist}
[INFO ][2015-11-19 12:03:19,258][com.java.SeleniumDriver] [  857] - --------------------------setting values-----------------------------
[INFO ][2015-11-19 12:03:19,258][com.java.SeleniumDriver] [  860] - Action Type : ISDISABLED
[INFO ][2015-11-19 12:03:19,258][com.java.TestType] [ 6619] - field= XPH//button[contains(text(), 'Save')]
[INFO ][2015-11-19 12:03:19,438][com.java.SeleniumDriver] [  869] -  RESULT true
[INFO ][2015-11-19 12:03:19,438][com.java.SeleniumDriver] [ 1074] - ?   P A S S   ?
[INFO ][2015-11-19 12:03:19,438][com.java.SeleniumDriver] [  796] - ------------------------------------------
[INFO ][2015-11-19 12:03:19,438][com.java.SeleniumDriver] [  797] - Test case being Executed: 6
[INFO ][2015-11-19 12:03:19,438][com.java.SeleniumDriver] [  808] - Test step:14
[INFO ][2015-11-19 12:03:19,438][com.java.SeleniumDriver] [  820] - Datavalue is----------3
[INFO ][2015-11-19 12:03:19,438][com.java.SeleniumDriver] [  844] - DataField : XPH//select[contains(@class,'mber-select form-control')]
[INFO ][2015-11-19 12:03:19,438][com.java.SeleniumDriver] [  846] - DataValue : 3
[INFO ][2015-11-19 12:03:19,438][com.java.SeleniumDriver] [  852] - <In Set values of the page>
[INFO ][2015-11-19 12:03:19,438][com.java.SeleniumDriver] [  855] - {Data Fields & Data Values Exist}
[INFO ][2015-11-19 12:03:19,438][com.java.SeleniumDriver] [  857] - --------------------------setting values-----------------------------
[INFO ][2015-11-19 12:03:19,438][com.java.SeleniumDriver] [  860] - Action Type : waitforelement
[INFO ][2015-11-19 12:03:19,498][com.java.SeleniumDriver] [  869] -  RESULT true
[INFO ][2015-11-19 12:03:19,498][com.java.SeleniumDriver] [ 1074] - ?   P A S S   ?
[INFO ][2015-11-19 12:03:19,498][com.java.SeleniumDriver] [  796] - ------------------------------------------
[INFO ][2015-11-19 12:03:19,498][com.java.SeleniumDriver] [  797] - Test case being Executed: 6
[INFO ][2015-11-19 12:03:19,498][com.java.SeleniumDriver] [  808] - Test step:15
[INFO ][2015-11-19 12:03:19,498][com.java.SeleniumDriver] [  820] - Datavalue is----------null
[DEBUG][2015-11-19 12:03:19,498][com.java.SeleniumDriver] [  838] - Exception: null
[INFO ][2015-11-19 12:03:19,498][com.java.SeleniumDriver] [  844] - DataField : XPH//select[contains(@class,'mber-select form-control')]
[INFO ][2015-11-19 12:03:19,498][com.java.SeleniumDriver] [  846] - DataValue : 
[INFO ][2015-11-19 12:03:19,498][com.java.SeleniumDriver] [  852] - <In Set values of the page>
[INFO ][2015-11-19 12:03:19,498][com.java.SeleniumDriver] [  855] - {Data Fields & Data Values Exist}
[INFO ][2015-11-19 12:03:19,498][com.java.SeleniumDriver] [  857] - --------------------------setting values-----------------------------
[INFO ][2015-11-19 12:03:19,498][com.java.SeleniumDriver] [  860] - Action Type : click
[INFO ][2015-11-19 12:03:19,498][com.java.TestType] [ 4774] - Field ::XPH//select[contains(@class,'mber-select form-control')]
[INFO ][2015-11-19 12:03:20,498][com.java.TestType] [ 4833] - BEFORE CLICK
[INFO ][2015-11-19 12:03:21,635][com.java.TestType] [ 4841] - Unable to click the object dollar value dropdown
[INFO ][2015-11-19 12:03:21,635][com.java.SeleniumDriver] [  869] -  RESULT true
[INFO ][2015-11-19 12:03:21,635][com.java.SeleniumDriver] [ 1074] - ?   P A S S   ?
[INFO ][2015-11-19 12:03:21,635][com.java.SeleniumDriver] [  796] - ------------------------------------------
[INFO ][2015-11-19 12:03:21,635][com.java.SeleniumDriver] [  797] - Test case being Executed: 6
[INFO ][2015-11-19 12:03:21,635][com.java.SeleniumDriver] [  808] - Test step:16
[INFO ][2015-11-19 12:03:21,635][com.java.SeleniumDriver] [  820] - Datavalue is----------3
[INFO ][2015-11-19 12:03:21,635][com.java.SeleniumDriver] [  844] - DataField : XPH//select/option[contains(text(), 'Dollar ($)')]
[INFO ][2015-11-19 12:03:21,635][com.java.SeleniumDriver] [  846] - DataValue : 3
[INFO ][2015-11-19 12:03:21,635][com.java.SeleniumDriver] [  852] - <In Set values of the page>
[INFO ][2015-11-19 12:03:21,635][com.java.SeleniumDriver] [  855] - {Data Fields & Data Values Exist}
[INFO ][2015-11-19 12:03:21,635][com.java.SeleniumDriver] [  857] - --------------------------setting values-----------------------------
[INFO ][2015-11-19 12:03:21,635][com.java.SeleniumDriver] [  860] - Action Type : waitforelement
[INFO ][2015-11-19 12:03:21,656][com.java.SeleniumDriver] [  869] -  RESULT true
[INFO ][2015-11-19 12:03:21,656][com.java.SeleniumDriver] [ 1074] - ?   P A S S   ?
[INFO ][2015-11-19 12:03:21,656][com.java.SeleniumDriver] [  796] - ------------------------------------------
[INFO ][2015-11-19 12:03:21,656][com.java.SeleniumDriver] [  797] - Test case being Executed: 6
[INFO ][2015-11-19 12:03:21,656][com.java.SeleniumDriver] [  808] - Test step:17
[INFO ][2015-11-19 12:03:21,656][com.java.SeleniumDriver] [  820] - Datavalue is----------null
[DEBUG][2015-11-19 12:03:21,656][com.java.SeleniumDriver] [  838] - Exception: null
[INFO ][2015-11-19 12:03:21,656][com.java.SeleniumDriver] [  844] - DataField : XPH//select/option[contains(text(), 'Dollar ($)')]
[INFO ][2015-11-19 12:03:21,656][com.java.SeleniumDriver] [  846] - DataValue : 
[INFO ][2015-11-19 12:03:21,656][com.java.SeleniumDriver] [  852] - <In Set values of the page>
[INFO ][2015-11-19 12:03:21,656][com.java.SeleniumDriver] [  855] - {Data Fields & Data Values Exist}
[INFO ][2015-11-19 12:03:21,656][com.java.SeleniumDriver] [  857] - --------------------------setting values-----------------------------
[INFO ][2015-11-19 12:03:21,656][com.java.SeleniumDriver] [  860] - Action Type : click
[INFO ][2015-11-19 12:03:21,656][com.java.TestType] [ 4774] - Field ::XPH//select/option[contains(text(), 'Dollar ($)')]
[INFO ][2015-11-19 12:03:22,656][com.java.TestType] [ 4833] - BEFORE CLICK
[INFO ][2015-11-19 12:03:23,346][com.java.TestType] [ 4841] - Unable to click the object dollar value dropdown
[INFO ][2015-11-19 12:03:23,346][com.java.SeleniumDriver] [  869] -  RESULT true
[INFO ][2015-11-19 12:03:23,346][com.java.SeleniumDriver] [ 1074] - ?   P A S S   ?
[INFO ][2015-11-19 12:03:23,346][com.java.SeleniumDriver] [  796] - ------------------------------------------
[INFO ][2015-11-19 12:03:23,346][com.java.SeleniumDriver] [  797] - Test case being Executed: 6
[INFO ][2015-11-19 12:03:23,346][com.java.SeleniumDriver] [  808] - Test step:18
[INFO ][2015-11-19 12:03:23,346][com.java.SeleniumDriver] [  820] - Datavalue is----------RNDA_VLTest
[INFO ][2015-11-19 12:03:23,346][com.java.SeleniumDriver] [  844] - DataField : TXT//input[contains(@placeholder, 'Name your Calcu')]
[INFO ][2015-11-19 12:03:23,346][com.java.SeleniumDriver] [  846] - DataValue : RNDA_VLTest
[INFO ][2015-11-19 12:03:23,346][com.java.SeleniumDriver] [  852] - <In Set values of the page>
[INFO ][2015-11-19 12:03:23,346][com.java.SeleniumDriver] [  855] - {Data Fields & Data Values Exist}
[INFO ][2015-11-19 12:03:23,346][com.java.SeleniumDriver] [  857] - --------------------------setting values-----------------------------
[INFO ][2015-11-19 12:03:23,346][com.java.SeleniumDriver] [  860] - Action Type : enter
[INFO ][2015-11-19 12:03:23,346][com.java.TestType] [ 5094] - field = //input[contains(@placeholder, 'Name your Calcu')]
[INFO ][2015-11-19 12:03:23,346][com.java.TestType] [ 4461] - value = A_VLTest62673
[INFO ][2015-11-19 12:03:24,457][com.java.SeleniumDriver] [  869] -  RESULT true
[INFO ][2015-11-19 12:03:24,457][com.java.SeleniumDriver] [ 1074] - ?   P A S S   ?
[INFO ][2015-11-19 12:03:24,457][com.java.SeleniumDriver] [  796] - ------------------------------------------
[INFO ][2015-11-19 12:03:24,457][com.java.SeleniumDriver] [  797] - Test case being Executed: 6
[INFO ][2015-11-19 12:03:24,457][com.java.SeleniumDriver] [  808] - Test step:19
[INFO ][2015-11-19 12:03:24,457][com.java.SeleniumDriver] [  820] - Datavalue is----------Calusing_Keys
[INFO ][2015-11-19 12:03:24,457][com.java.SeleniumDriver] [  844] - DataField : TXT//input[contains(@placeholder, 'Name your Calcu')]
[INFO ][2015-11-19 12:03:24,457][com.java.SeleniumDriver] [  846] - DataValue : Calusing_Keys
[INFO ][2015-11-19 12:03:24,457][com.java.SeleniumDriver] [  852] - <In Set values of the page>
[INFO ][2015-11-19 12:03:24,457][com.java.SeleniumDriver] [  855] - {Data Fields & Data Values Exist}
[INFO ][2015-11-19 12:03:24,457][com.java.SeleniumDriver] [  857] - --------------------------setting values-----------------------------
[INFO ][2015-11-19 12:03:24,457][com.java.SeleniumDriver] [  860] - Action Type : STOREVALUE
[INFO ][2015-11-19 12:03:24,457][com.java.TestType] [ 6694] - field= TXT//input[contains(@placeholder, 'Name your Calcu')]
[DEBUG][2015-11-19 12:03:24,528][com.java.TestType] [ 6708] - Key:: Calusing_Keys  Value:: A_VLTest62673
[INFO ][2015-11-19 12:03:24,528][com.java.SeleniumDriver] [  869] -  RESULT true
[INFO ][2015-11-19 12:03:24,528][com.java.SeleniumDriver] [ 1074] - ?   P A S S   ?
[INFO ][2015-11-19 12:03:24,528][com.java.SeleniumDriver] [  796] - ------------------------------------------
[INFO ][2015-11-19 12:03:24,528][com.java.SeleniumDriver] [  797] - Test case being Executed: 6
[INFO ][2015-11-19 12:03:24,528][com.java.SeleniumDriver] [  808] - Test step:20
[INFO ][2015-11-19 12:03:24,528][com.java.SeleniumDriver] [  820] - Datavalue is----------//div[@id='group-list']/ul/li//a
[INFO ][2015-11-19 12:03:24,528][com.java.SeleniumDriver] [  844] - DataField : BTN
[INFO ][2015-11-19 12:03:24,528][com.java.SeleniumDriver] [  846] - DataValue : //div[@id='group-list']/ul/li//a
[INFO ][2015-11-19 12:03:24,528][com.java.SeleniumDriver] [  852] - <In Set values of the page>
[INFO ][2015-11-19 12:03:24,528][com.java.SeleniumDriver] [  855] - {Data Fields & Data Values Exist}
[INFO ][2015-11-19 12:03:24,528][com.java.SeleniumDriver] [  857] - --------------------------setting values-----------------------------
[INFO ][2015-11-19 12:03:24,528][com.java.SeleniumDriver] [  860] - Action Type : verify
[INFO ][2015-11-19 12:03:24,528][com.java.TestType] [ 5568] - field= BTN value= //div[@id='group-list']/ul/li//a
[INFO ][2015-11-19 12:03:24,528][com.java.TestType] [ 4461] - value = //div[@id='group-list']/ul/li//a
[INFO ][2015-11-19 12:03:24,558][com.java.SeleniumDriver] [  869] -  RESULT true
[INFO ][2015-11-19 12:03:24,558][com.java.SeleniumDriver] [ 1074] - ?   P A S S   ?
[INFO ][2015-11-19 12:03:24,558][com.java.SeleniumDriver] [  796] - ------------------------------------------
[INFO ][2015-11-19 12:03:24,558][com.java.SeleniumDriver] [  797] - Test case being Executed: 6
[INFO ][2015-11-19 12:03:24,558][com.java.SeleniumDriver] [  808] - Test step:21
[INFO ][2015-11-19 12:03:24,558][com.java.SeleniumDriver] [  820] - Datavalue is----------5
[INFO ][2015-11-19 12:03:24,558][com.java.SeleniumDriver] [  844] - DataField : TXT//div[contains(@class, 'input-group btn-')]/input[contains(@class ,'ember-text-field form-')]
[INFO ][2015-11-19 12:03:24,558][com.java.SeleniumDriver] [  846] - DataValue : 5
[INFO ][2015-11-19 12:03:24,558][com.java.SeleniumDriver] [  852] - <In Set values of the page>
[INFO ][2015-11-19 12:03:24,558][com.java.SeleniumDriver] [  855] - {Data Fields & Data Values Exist}
[INFO ][2015-11-19 12:03:24,558][com.java.SeleniumDriver] [  857] - --------------------------setting values-----------------------------
[INFO ][2015-11-19 12:03:24,558][com.java.SeleniumDriver] [  860] - Action Type : enter
[INFO ][2015-11-19 12:03:24,558][com.java.TestType] [ 5094] - field = //div[contains(@class, 'input-group btn-')]/input[contains(@class ,'ember-text-field form-')]
[INFO ][2015-11-19 12:03:24,558][com.java.TestType] [ 4461] - value = 5
[INFO ][2015-11-19 12:03:24,978][com.java.SeleniumDriver] [  869] -  RESULT true
[INFO ][2015-11-19 12:03:24,978][com.java.SeleniumDriver] [ 1074] - ?   P A S S   ?
[INFO ][2015-11-19 12:03:24,978][com.java.SeleniumDriver] [  796] - ------------------------------------------
[INFO ][2015-11-19 12:03:24,978][com.java.SeleniumDriver] [  797] - Test case being Executed: 6
[INFO ][2015-11-19 12:03:24,978][com.java.SeleniumDriver] [  808] - Test step:22
[INFO ][2015-11-19 12:03:24,978][com.java.SeleniumDriver] [  820] - Datavalue is----------5
[INFO ][2015-11-19 12:03:24,978][com.java.SeleniumDriver] [  844] - DataField : XPH//button[text()='Constant']
[INFO ][2015-11-19 12:03:24,978][com.java.SeleniumDriver] [  846] - DataValue : 5
[INFO ][2015-11-19 12:03:24,978][com.java.SeleniumDriver] [  852] - <In Set values of the page>
[INFO ][2015-11-19 12:03:24,978][com.java.SeleniumDriver] [  855] - {Data Fields & Data Values Exist}
[INFO ][2015-11-19 12:03:24,978][com.java.SeleniumDriver] [  857] - --------------------------setting values-----------------------------
[INFO ][2015-11-19 12:03:24,978][com.java.SeleniumDriver] [  860] - Action Type : waitforelement
[INFO ][2015-11-19 12:03:25,008][com.java.SeleniumDriver] [  869] -  RESULT true
[INFO ][2015-11-19 12:03:25,008][com.java.SeleniumDriver] [ 1074] - ?   P A S S   ?
[INFO ][2015-11-19 12:03:25,008][com.java.SeleniumDriver] [  796] - ------------------------------------------
[INFO ][2015-11-19 12:03:25,008][com.java.SeleniumDriver] [  797] - Test case being Executed: 6
[INFO ][2015-11-19 12:03:25,008][com.java.SeleniumDriver] [  808] - Test step:23
[INFO ][2015-11-19 12:03:25,008][com.java.SeleniumDriver] [  820] - Datavalue is----------null
[DEBUG][2015-11-19 12:03:25,008][com.java.SeleniumDriver] [  838] - Exception: null
[INFO ][2015-11-19 12:03:25,008][com.java.SeleniumDriver] [  844] - DataField : XPH//button[text()='Constant']
[INFO ][2015-11-19 12:03:25,008][com.java.SeleniumDriver] [  846] - DataValue : 
[INFO ][2015-11-19 12:03:25,008][com.java.SeleniumDriver] [  852] - <In Set values of the page>
[INFO ][2015-11-19 12:03:25,008][com.java.SeleniumDriver] [  855] - {Data Fields & Data Values Exist}
[INFO ][2015-11-19 12:03:25,008][com.java.SeleniumDriver] [  857] - --------------------------setting values-----------------------------
[INFO ][2015-11-19 12:03:25,008][com.java.SeleniumDriver] [  860] - Action Type : click
[INFO ][2015-11-19 12:03:25,008][com.java.TestType] [ 4774] - Field ::XPH//button[text()='Constant']
[INFO ][2015-11-19 12:03:26,008][com.java.TestType] [ 4833] - BEFORE CLICK
[INFO ][2015-11-19 12:03:26,871][com.java.TestType] [ 4841] - Unable to click the object click on constant
[INFO ][2015-11-19 12:03:26,871][com.java.SeleniumDriver] [  869] -  RESULT true
[INFO ][2015-11-19 12:03:26,871][com.java.SeleniumDriver] [ 1074] - ?   P A S S   ?
[INFO ][2015-11-19 12:03:26,871][com.java.SeleniumDriver] [  796] - ------------------------------------------
[INFO ][2015-11-19 12:03:26,871][com.java.SeleniumDriver] [  797] - Test case being Executed: 6
[INFO ][2015-11-19 12:03:26,871][com.java.SeleniumDriver] [  808] - Test step:24
[INFO ][2015-11-19 12:03:26,871][com.java.SeleniumDriver] [  820] - Datavalue is----------3
[INFO ][2015-11-19 12:03:26,871][com.java.SeleniumDriver] [  844] - DataField : XPH//button[text()='Constant']
[INFO ][2015-11-19 12:03:26,871][com.java.SeleniumDriver] [  846] - DataValue : 3
[INFO ][2015-11-19 12:03:26,871][com.java.SeleniumDriver] [  852] - <In Set values of the page>
[INFO ][2015-11-19 12:03:26,871][com.java.SeleniumDriver] [  855] - {Data Fields & Data Values Exist}
[INFO ][2015-11-19 12:03:26,871][com.java.SeleniumDriver] [  857] - --------------------------setting values-----------------------------
[INFO ][2015-11-19 12:03:26,871][com.java.SeleniumDriver] [  860] - Action Type : waitforelement
[INFO ][2015-11-19 12:03:26,902][com.java.SeleniumDriver] [  869] -  RESULT true
[INFO ][2015-11-19 12:03:26,902][com.java.SeleniumDriver] [ 1074] - ?   P A S S   ?
[INFO ][2015-11-19 12:03:26,902][com.java.SeleniumDriver] [  796] - ------------------------------------------
[INFO ][2015-11-19 12:03:26,902][com.java.SeleniumDriver] [  797] - Test case being Executed: 6
[INFO ][2015-11-19 12:03:26,902][com.java.SeleniumDriver] [  808] - Test step:25
[INFO ][2015-11-19 12:03:26,902][com.java.SeleniumDriver] [  820] - Datavalue is----------null
[DEBUG][2015-11-19 12:03:26,902][com.java.SeleniumDriver] [  838] - Exception: null
[INFO ][2015-11-19 12:03:26,902][com.java.SeleniumDriver] [  844] - DataField : XPH//button[text()='+']
[INFO ][2015-11-19 12:03:26,902][com.java.SeleniumDriver] [  846] - DataValue : 
[INFO ][2015-11-19 12:03:26,902][com.java.SeleniumDriver] [  852] - <In Set values of the page>
[INFO ][2015-11-19 12:03:26,902][com.java.SeleniumDriver] [  855] - {Data Fields & Data Values Exist}
[INFO ][2015-11-19 12:03:26,902][com.java.SeleniumDriver] [  857] - --------------------------setting values-----------------------------
[INFO ][2015-11-19 12:03:26,902][com.java.SeleniumDriver] [  860] - Action Type : click
[INFO ][2015-11-19 12:03:26,902][com.java.TestType] [ 4774] - Field ::XPH//button[text()='+']
[INFO ][2015-11-19 12:03:27,902][com.java.TestType] [ 4833] - BEFORE CLICK
[INFO ][2015-11-19 12:03:28,662][com.java.TestType] [ 4841] - Unable to click the object enter operator
[INFO ][2015-11-19 12:03:28,662][com.java.SeleniumDriver] [  869] -  RESULT true
[INFO ][2015-11-19 12:03:28,662][com.java.SeleniumDriver] [ 1074] - ?   P A S S   ?
[INFO ][2015-11-19 12:03:28,662][com.java.SeleniumDriver] [  796] - ------------------------------------------
[INFO ][2015-11-19 12:03:28,662][com.java.SeleniumDriver] [  797] - Test case being Executed: 6
[INFO ][2015-11-19 12:03:28,662][com.java.SeleniumDriver] [  808] - Test step:26
[INFO ][2015-11-19 12:03:28,662][com.java.SeleniumDriver] [  820] - Datavalue is----------5
[INFO ][2015-11-19 12:03:28,662][com.java.SeleniumDriver] [  844] - DataField : TXT//div[contains(@class, 'input-group btn-')]/input[contains(@class ,'ember-text-field form-')]
[INFO ][2015-11-19 12:03:28,662][com.java.SeleniumDriver] [  846] - DataValue : 5
[INFO ][2015-11-19 12:03:28,662][com.java.SeleniumDriver] [  852] - <In Set values of the page>
[INFO ][2015-11-19 12:03:28,662][com.java.SeleniumDriver] [  855] - {Data Fields & Data Values Exist}
[INFO ][2015-11-19 12:03:28,662][com.java.SeleniumDriver] [  857] - --------------------------setting values-----------------------------
[INFO ][2015-11-19 12:03:28,662][com.java.SeleniumDriver] [  860] - Action Type : enter
[INFO ][2015-11-19 12:03:28,662][com.java.TestType] [ 5094] - field = //div[contains(@class, 'input-group btn-')]/input[contains(@class ,'ember-text-field form-')]
[INFO ][2015-11-19 12:03:28,662][com.java.TestType] [ 4461] - value = 5
[INFO ][2015-11-19 12:03:29,043][com.java.SeleniumDriver] [  869] -  RESULT true
[INFO ][2015-11-19 12:03:29,043][com.java.SeleniumDriver] [ 1074] - ?   P A S S   ?
[INFO ][2015-11-19 12:03:29,043][com.java.SeleniumDriver] [  796] - ------------------------------------------
[INFO ][2015-11-19 12:03:29,043][com.java.SeleniumDriver] [  797] - Test case being Executed: 6
[INFO ][2015-11-19 12:03:29,043][com.java.SeleniumDriver] [  808] - Test step:27
[INFO ][2015-11-19 12:03:29,043][com.java.SeleniumDriver] [  820] - Datavalue is----------3
[INFO ][2015-11-19 12:03:29,043][com.java.SeleniumDriver] [  844] - DataField : XPH//button[text()='Constant']
[INFO ][2015-11-19 12:03:29,043][com.java.SeleniumDriver] [  846] - DataValue : 3
[INFO ][2015-11-19 12:03:29,043][com.java.SeleniumDriver] [  852] - <In Set values of the page>
[INFO ][2015-11-19 12:03:29,043][com.java.SeleniumDriver] [  855] - {Data Fields & Data Values Exist}
[INFO ][2015-11-19 12:03:29,043][com.java.SeleniumDriver] [  857] - --------------------------setting values-----------------------------
[INFO ][2015-11-19 12:03:29,043][com.java.SeleniumDriver] [  860] - Action Type : waitforelement
[INFO ][2015-11-19 12:03:29,073][com.java.SeleniumDriver] [  869] -  RESULT true
[INFO ][2015-11-19 12:03:29,073][com.java.SeleniumDriver] [ 1074] - ?   P A S S   ?
[INFO ][2015-11-19 12:03:29,073][com.java.SeleniumDriver] [  796] - ------------------------------------------
[INFO ][2015-11-19 12:03:29,073][com.java.SeleniumDriver] [  797] - Test case being Executed: 6
[INFO ][2015-11-19 12:03:29,073][com.java.SeleniumDriver] [  808] - Test step:28
[INFO ][2015-11-19 12:03:29,073][com.java.SeleniumDriver] [  820] - Datavalue is----------null
[DEBUG][2015-11-19 12:03:29,073][com.java.SeleniumDriver] [  838] - Exception: null
[INFO ][2015-11-19 12:03:29,073][com.java.SeleniumDriver] [  844] - DataField : XPH//button[text()='Constant']
[INFO ][2015-11-19 12:03:29,073][com.java.SeleniumDriver] [  846] - DataValue : 
[INFO ][2015-11-19 12:03:29,073][com.java.SeleniumDriver] [  852] - <In Set values of the page>
[INFO ][2015-11-19 12:03:29,073][com.java.SeleniumDriver] [  855] - {Data Fields & Data Values Exist}
[INFO ][2015-11-19 12:03:29,073][com.java.SeleniumDriver] [  857] - --------------------------setting values-----------------------------
[INFO ][2015-11-19 12:03:29,073][com.java.SeleniumDriver] [  860] - Action Type : click
[INFO ][2015-11-19 12:03:29,073][com.java.TestType] [ 4774] - Field ::XPH//button[text()='Constant']
[INFO ][2015-11-19 12:03:30,073][com.java.TestType] [ 4833] - BEFORE CLICK
[INFO ][2015-11-19 12:03:30,843][com.java.TestType] [ 4841] - Unable to click the object click constant
[INFO ][2015-11-19 12:03:30,843][com.java.SeleniumDriver] [  869] -  RESULT true
[INFO ][2015-11-19 12:03:30,843][com.java.SeleniumDriver] [ 1074] - ?   P A S S   ?
[INFO ][2015-11-19 12:03:30,843][com.java.SeleniumDriver] [  796] - ------------------------------------------
[INFO ][2015-11-19 12:03:30,843][com.java.SeleniumDriver] [  797] - Test case being Executed: 6
[INFO ][2015-11-19 12:03:30,843][com.java.SeleniumDriver] [  808] - Test step:29
[INFO ][2015-11-19 12:03:30,843][com.java.SeleniumDriver] [  820] - Datavalue is----------3
[INFO ][2015-11-19 12:03:30,843][com.java.SeleniumDriver] [  844] - DataField : XPH//button[text()='-']
[INFO ][2015-11-19 12:03:30,843][com.java.SeleniumDriver] [  846] - DataValue : 3
[INFO ][2015-11-19 12:03:30,843][com.java.SeleniumDriver] [  852] - <In Set values of the page>
[INFO ][2015-11-19 12:03:30,843][com.java.SeleniumDriver] [  855] - {Data Fields & Data Values Exist}
[INFO ][2015-11-19 12:03:30,843][com.java.SeleniumDriver] [  857] - --------------------------setting values-----------------------------
[INFO ][2015-11-19 12:03:30,843][com.java.SeleniumDriver] [  860] - Action Type : waitforelement
[INFO ][2015-11-19 12:03:30,874][com.java.SeleniumDriver] [  869] -  RESULT true
[INFO ][2015-11-19 12:03:30,874][com.java.SeleniumDriver] [ 1074] - ?   P A S S   ?
[INFO ][2015-11-19 12:03:30,874][com.java.SeleniumDriver] [  796] - ------------------------------------------
[INFO ][2015-11-19 12:03:30,874][com.java.SeleniumDriver] [  797] - Test case being Executed: 6
[INFO ][2015-11-19 12:03:30,874][com.java.SeleniumDriver] [  808] - Test step:30
[INFO ][2015-11-19 12:03:30,874][com.java.SeleniumDriver] [  820] - Datavalue is----------null
[DEBUG][2015-11-19 12:03:30,874][com.java.SeleniumDriver] [  838] - Exception: null
[INFO ][2015-11-19 12:03:30,874][com.java.SeleniumDriver] [  844] - DataField : XPH//button[text()='-']
[INFO ][2015-11-19 12:03:30,874][com.java.SeleniumDriver] [  846] - DataValue : 
[INFO ][2015-11-19 12:03:30,874][com.java.SeleniumDriver] [  852] - <In Set values of the page>
[INFO ][2015-11-19 12:03:30,874][com.java.SeleniumDriver] [  855] - {Data Fields & Data Values Exist}
[INFO ][2015-11-19 12:03:30,874][com.java.SeleniumDriver] [  857] - --------------------------setting values-----------------------------
[INFO ][2015-11-19 12:03:30,874][com.java.SeleniumDriver] [  860] - Action Type : click
[INFO ][2015-11-19 12:03:30,874][com.java.TestType] [ 4774] - Field ::XPH//button[text()='-']
[INFO ][2015-11-19 12:03:31,874][com.java.TestType] [ 4833] - BEFORE CLICK
[INFO ][2015-11-19 12:03:32,624][com.java.TestType] [ 4841] - Unable to click the object enter operator
[INFO ][2015-11-19 12:03:32,624][com.java.SeleniumDriver] [  869] -  RESULT true
[INFO ][2015-11-19 12:03:32,624][com.java.SeleniumDriver] [ 1074] - ?   P A S S   ?
[INFO ][2015-11-19 12:03:32,624][com.java.SeleniumDriver] [  796] - ------------------------------------------
[INFO ][2015-11-19 12:03:32,624][com.java.SeleniumDriver] [  797] - Test case being Executed: 6
[INFO ][2015-11-19 12:03:32,624][com.java.SeleniumDriver] [  808] - Test step:31
[INFO ][2015-11-19 12:03:32,624][com.java.SeleniumDriver] [  820] - Datavalue is----------3
[INFO ][2015-11-19 12:03:32,624][com.java.SeleniumDriver] [  844] - DataField : XPH//div[contains(@class, 'input-group btn-')]/input[contains(@class ,'ember-text-field form-')]
[INFO ][2015-11-19 12:03:32,624][com.java.SeleniumDriver] [  846] - DataValue : 3
[INFO ][2015-11-19 12:03:32,624][com.java.SeleniumDriver] [  852] - <In Set values of the page>
[INFO ][2015-11-19 12:03:32,624][com.java.SeleniumDriver] [  855] - {Data Fields & Data Values Exist}
[INFO ][2015-11-19 12:03:32,624][com.java.SeleniumDriver] [  857] - --------------------------setting values-----------------------------
[INFO ][2015-11-19 12:03:32,624][com.java.SeleniumDriver] [  860] - Action Type : waitforelement
[INFO ][2015-11-19 12:03:32,655][com.java.SeleniumDriver] [  869] -  RESULT true
[INFO ][2015-11-19 12:03:32,655][com.java.SeleniumDriver] [ 1074] - ?   P A S S   ?
[INFO ][2015-11-19 12:03:32,655][com.java.SeleniumDriver] [  796] - ------------------------------------------
[INFO ][2015-11-19 12:03:32,655][com.java.SeleniumDriver] [  797] - Test case being Executed: 6
[INFO ][2015-11-19 12:03:32,655][com.java.SeleniumDriver] [  808] - Test step:32
[INFO ][2015-11-19 12:03:32,655][com.java.SeleniumDriver] [  820] - Datavalue is----------5
[INFO ][2015-11-19 12:03:32,655][com.java.SeleniumDriver] [  844] - DataField : TXT//div[contains(@class, 'input-group btn-')]/input[contains(@class ,'ember-text-field form-')]
[INFO ][2015-11-19 12:03:32,655][com.java.SeleniumDriver] [  846] - DataValue : 5
[INFO ][2015-11-19 12:03:32,655][com.java.SeleniumDriver] [  852] - <In Set values of the page>
[INFO ][2015-11-19 12:03:32,655][com.java.SeleniumDriver] [  855] - {Data Fields & Data Values Exist}
[INFO ][2015-11-19 12:03:32,655][com.java.SeleniumDriver] [  857] - --------------------------setting values-----------------------------
[INFO ][2015-11-19 12:03:32,655][com.java.SeleniumDriver] [  860] - Action Type : enter
[INFO ][2015-11-19 12:03:32,655][com.java.TestType] [ 5094] - field = //div[contains(@class, 'input-group btn-')]/input[contains(@class ,'ember-text-field form-')]
[INFO ][2015-11-19 12:03:32,655][com.java.TestType] [ 4461] - value = 5
[INFO ][2015-11-19 12:03:33,035][com.java.SeleniumDriver] [  869] -  RESULT true
[INFO ][2015-11-19 12:03:33,035][com.java.SeleniumDriver] [ 1074] - ?   P A S S   ?
[INFO ][2015-11-19 12:03:33,035][com.java.SeleniumDriver] [  796] - ------------------------------------------
[INFO ][2015-11-19 12:03:33,035][com.java.SeleniumDriver] [  797] - Test case being Executed: 6
[INFO ][2015-11-19 12:03:33,035][com.java.SeleniumDriver] [  808] - Test step:33
[INFO ][2015-11-19 12:03:33,035][com.java.SeleniumDriver] [  820] - Datavalue is----------3
[INFO ][2015-11-19 12:03:33,035][com.java.SeleniumDriver] [  844] - DataField : XPH//button[text()='Constant']
[INFO ][2015-11-19 12:03:33,035][com.java.SeleniumDriver] [  846] - DataValue : 3
[INFO ][2015-11-19 12:03:33,035][com.java.SeleniumDriver] [  852] - <In Set values of the page>
[INFO ][2015-11-19 12:03:33,035][com.java.SeleniumDriver] [  855] - {Data Fields & Data Values Exist}
[INFO ][2015-11-19 12:03:33,035][com.java.SeleniumDriver] [  857] - --------------------------setting values-----------------------------
[INFO ][2015-11-19 12:03:33,035][com.java.SeleniumDriver] [  860] - Action Type : waitforelement
[INFO ][2015-11-19 12:03:33,065][com.java.SeleniumDriver] [  869] -  RESULT true
[INFO ][2015-11-19 12:03:33,065][com.java.SeleniumDriver] [ 1074] - ?   P A S S   ?
[INFO ][2015-11-19 12:03:33,065][com.java.SeleniumDriver] [  796] - ------------------------------------------
[INFO ][2015-11-19 12:03:33,065][com.java.SeleniumDriver] [  797] - Test case being Executed: 6
[INFO ][2015-11-19 12:03:33,065][com.java.SeleniumDriver] [  808] - Test step:34
[INFO ][2015-11-19 12:03:33,065][com.java.SeleniumDriver] [  820] - Datavalue is----------null
[DEBUG][2015-11-19 12:03:33,065][com.java.SeleniumDriver] [  838] - Exception: null
[INFO ][2015-11-19 12:03:33,065][com.java.SeleniumDriver] [  844] - DataField : XPH//button[text()='Constant']
[INFO ][2015-11-19 12:03:33,065][com.java.SeleniumDriver] [  846] - DataValue : 
[INFO ][2015-11-19 12:03:33,065][com.java.SeleniumDriver] [  852] - <In Set values of the page>
[INFO ][2015-11-19 12:03:33,065][com.java.SeleniumDriver] [  855] - {Data Fields & Data Values Exist}
[INFO ][2015-11-19 12:03:33,065][com.java.SeleniumDriver] [  857] - --------------------------setting values-----------------------------
[INFO ][2015-11-19 12:03:33,065][com.java.SeleniumDriver] [  860] - Action Type : click
[INFO ][2015-11-19 12:03:33,065][com.java.TestType] [ 4774] - Field ::XPH//button[text()='Constant']
[INFO ][2015-11-19 12:03:34,065][com.java.TestType] [ 4833] - BEFORE CLICK
[INFO ][2015-11-19 12:03:34,845][com.java.TestType] [ 4841] - Unable to click the object click constant
[INFO ][2015-11-19 12:03:34,845][com.java.SeleniumDriver] [  869] -  RESULT true
[INFO ][2015-11-19 12:03:34,845][com.java.SeleniumDriver] [ 1074] - ?   P A S S   ?
[INFO ][2015-11-19 12:03:34,845][com.java.SeleniumDriver] [  796] - ------------------------------------------
[INFO ][2015-11-19 12:03:34,845][com.java.SeleniumDriver] [  797] - Test case being Executed: 6
[INFO ][2015-11-19 12:03:34,845][com.java.SeleniumDriver] [  808] - Test step:35
[INFO ][2015-11-19 12:03:34,845][com.java.SeleniumDriver] [  820] - Datavalue is----------3
[INFO ][2015-11-19 12:03:34,845][com.java.SeleniumDriver] [  844] - DataField : XPH//button[contains(text(), 'Save')]
[INFO ][2015-11-19 12:03:34,845][com.java.SeleniumDriver] [  846] - DataValue : 3
[INFO ][2015-11-19 12:03:34,845][com.java.SeleniumDriver] [  852] - <In Set values of the page>
[INFO ][2015-11-19 12:03:34,845][com.java.SeleniumDriver] [  855] - {Data Fields & Data Values Exist}
[INFO ][2015-11-19 12:03:34,845][com.java.SeleniumDriver] [  857] - --------------------------setting values-----------------------------
[INFO ][2015-11-19 12:03:34,845][com.java.SeleniumDriver] [  860] - Action Type : waitforelement
[INFO ][2015-11-19 12:03:34,866][com.java.SeleniumDriver] [  869] -  RESULT true
[INFO ][2015-11-19 12:03:34,866][com.java.SeleniumDriver] [ 1074] - ?   P A S S   ?
[INFO ][2015-11-19 12:03:34,866][com.java.SeleniumDriver] [  796] - ------------------------------------------
[INFO ][2015-11-19 12:03:34,866][com.java.SeleniumDriver] [  797] - Test case being Executed: 6
[INFO ][2015-11-19 12:03:34,866][com.java.SeleniumDriver] [  808] - Test step:36
[INFO ][2015-11-19 12:03:34,866][com.java.SeleniumDriver] [  820] - Datavalue is----------null
[DEBUG][2015-11-19 12:03:34,866][com.java.SeleniumDriver] [  838] - Exception: null
[INFO ][2015-11-19 12:03:34,866][com.java.SeleniumDriver] [  844] - DataField : XPH//button[contains(text(), 'Save')]
[INFO ][2015-11-19 12:03:34,866][com.java.SeleniumDriver] [  846] - DataValue : 
[INFO ][2015-11-19 12:03:34,866][com.java.SeleniumDriver] [  852] - <In Set values of the page>
[INFO ][2015-11-19 12:03:34,866][com.java.SeleniumDriver] [  855] - {Data Fields & Data Values Exist}
[INFO ][2015-11-19 12:03:34,866][com.java.SeleniumDriver] [  857] - --------------------------setting values-----------------------------
[INFO ][2015-11-19 12:03:34,866][com.java.SeleniumDriver] [  860] - Action Type : ISENABLED
[INFO ][2015-11-19 12:03:34,866][com.java.TestType] [ 6655] - field= XPH//button[contains(text(), 'Save')]
[INFO ][2015-11-19 12:03:34,956][com.java.SeleniumDriver] [  869] -  RESULT true
[INFO ][2015-11-19 12:03:34,956][com.java.SeleniumDriver] [ 1074] - ?   P A S S   ?
[INFO ][2015-11-19 12:03:34,956][com.java.SeleniumDriver] [  796] - ------------------------------------------
[INFO ][2015-11-19 12:03:34,956][com.java.SeleniumDriver] [  797] - Test case being Executed: 6
[INFO ][2015-11-19 12:03:34,956][com.java.SeleniumDriver] [  808] - Test step:37
[INFO ][2015-11-19 12:03:34,956][com.java.SeleniumDriver] [  820] - Datavalue is----------null
[DEBUG][2015-11-19 12:03:34,956][com.java.SeleniumDriver] [  838] - Exception: null
[INFO ][2015-11-19 12:03:34,956][com.java.SeleniumDriver] [  844] - DataField : XPH//button[contains(text(), 'Save')]
[INFO ][2015-11-19 12:03:34,956][com.java.SeleniumDriver] [  846] - DataValue : 
[INFO ][2015-11-19 12:03:34,956][com.java.SeleniumDriver] [  852] - <In Set values of the page>
[INFO ][2015-11-19 12:03:34,956][com.java.SeleniumDriver] [  855] - {Data Fields & Data Values Exist}
[INFO ][2015-11-19 12:03:34,956][com.java.SeleniumDriver] [  857] - --------------------------setting values-----------------------------
[INFO ][2015-11-19 12:03:34,956][com.java.SeleniumDriver] [  860] - Action Type : click
[INFO ][2015-11-19 12:03:34,956][com.java.TestType] [ 4774] - Field ::XPH//button[contains(text(), 'Save')]
[INFO ][2015-11-19 12:03:35,956][com.java.TestType] [ 4833] - BEFORE CLICK
[INFO ][2015-11-19 12:03:36,874][com.java.TestType] [ 4841] - Unable to click the object save button
[INFO ][2015-11-19 12:03:36,874][com.java.SeleniumDriver] [  869] -  RESULT true
[INFO ][2015-11-19 12:03:36,874][com.java.SeleniumDriver] [ 1074] - ?   P A S S   ?
[INFO ][2015-11-19 12:03:36,874][com.java.SeleniumDriver] [  796] - ------------------------------------------
[INFO ][2015-11-19 12:03:36,874][com.java.SeleniumDriver] [  797] - Test case being Executed: 6
[INFO ][2015-11-19 12:03:36,874][com.java.SeleniumDriver] [  808] - Test step:38
[INFO ][2015-11-19 12:03:36,874][com.java.SeleniumDriver] [  820] - Datavalue is----------3
[INFO ][2015-11-19 12:03:36,874][com.java.SeleniumDriver] [  844] - DataField : XPH//a[contains(text(), 'Add Calculation')]
[INFO ][2015-11-19 12:03:36,874][com.java.SeleniumDriver] [  846] - DataValue : 3
[INFO ][2015-11-19 12:03:36,874][com.java.SeleniumDriver] [  852] - <In Set values of the page>
[INFO ][2015-11-19 12:03:36,874][com.java.SeleniumDriver] [  855] - {Data Fields & Data Values Exist}
[INFO ][2015-11-19 12:03:36,874][com.java.SeleniumDriver] [  857] - --------------------------setting values-----------------------------
[INFO ][2015-11-19 12:03:36,874][com.java.SeleniumDriver] [  860] - Action Type : waitforelement
[INFO ][2015-11-19 12:03:36,895][com.java.SeleniumDriver] [  869] -  RESULT true
[INFO ][2015-11-19 12:03:36,895][com.java.SeleniumDriver] [ 1074] - ?   P A S S   ?
[INFO ][2015-11-19 12:03:36,895][com.java.SeleniumDriver] [  796] - ------------------------------------------
[INFO ][2015-11-19 12:03:36,895][com.java.SeleniumDriver] [  797] - Test case being Executed: 6
[INFO ][2015-11-19 12:03:36,895][com.java.SeleniumDriver] [  808] - Test step:39
[INFO ][2015-11-19 12:03:36,895][com.java.SeleniumDriver] [  820] - Datavalue is----------HMVCalusing_Keys
[INFO ][2015-11-19 12:03:36,895][com.java.SeleniumDriver] [  844] - DataField : MSG
[INFO ][2015-11-19 12:03:36,895][com.java.SeleniumDriver] [  846] - DataValue : HMVCalusing_Keys
[INFO ][2015-11-19 12:03:36,895][com.java.SeleniumDriver] [  852] - <In Set values of the page>
[INFO ][2015-11-19 12:03:36,895][com.java.SeleniumDriver] [  855] - {Data Fields & Data Values Exist}
[INFO ][2015-11-19 12:03:36,895][com.java.SeleniumDriver] [  857] - --------------------------setting values-----------------------------
[INFO ][2015-11-19 12:03:36,895][com.java.SeleniumDriver] [  860] - Action Type : verify
[INFO ][2015-11-19 12:03:36,895][com.java.TestType] [ 5568] - field= MSG value= HMVCalusing_Keys
[INFO ][2015-11-19 12:03:36,895][com.java.TestType] [ 4461] - value = A_VLTest62673
[DEBUG][2015-11-19 12:03:36,895][com.java.TestType] [ 6337] - value :: A_VLTest62673
[INFO ][2015-11-19 12:03:36,915][com.java.SeleniumDriver] [  869] -  RESULT true
[INFO ][2015-11-19 12:03:36,915][com.java.SeleniumDriver] [ 1074] - ?   P A S S   ?
[INFO ][2015-11-19 12:03:36,915][com.java.SeleniumDriver] [  796] - ------------------------------------------
[INFO ][2015-11-19 12:03:36,915][com.java.SeleniumDriver] [  797] - Test case being Executed: 6
[INFO ][2015-11-19 12:03:36,915][com.java.SeleniumDriver] [  808] - Test step:40
[INFO ][2015-11-19 12:03:36,915][com.java.SeleniumDriver] [  820] - Datavalue is----------null
[DEBUG][2015-11-19 12:03:36,915][com.java.SeleniumDriver] [  838] - Exception: null
[INFO ][2015-11-19 12:03:36,915][com.java.SeleniumDriver] [  844] - DataField : HDN//a[contains(text(), 'Add Calculation')]
[INFO ][2015-11-19 12:03:36,915][com.java.SeleniumDriver] [  846] - DataValue : 
[INFO ][2015-11-19 12:03:36,915][com.java.SeleniumDriver] [  852] - <In Set values of the page>
[INFO ][2015-11-19 12:03:36,915][com.java.SeleniumDriver] [  855] - {Data Fields & Data Values Exist}
[INFO ][2015-11-19 12:03:36,915][com.java.SeleniumDriver] [  857] - --------------------------setting values-----------------------------
[INFO ][2015-11-19 12:03:36,915][com.java.SeleniumDriver] [  860] - Action Type : click
[INFO ][2015-11-19 12:03:36,915][com.java.TestType] [ 4774] - Field ::HDN//a[contains(text(), 'Add Calculation')]
[INFO ][2015-11-19 12:03:38,026][com.java.SeleniumDriver] [  869] -  RESULT true
[INFO ][2015-11-19 12:03:38,026][com.java.SeleniumDriver] [ 1074] - ?   P A S S   ?
[INFO ][2015-11-19 12:03:38,026][com.java.SeleniumDriver] [  796] - ------------------------------------------
[INFO ][2015-11-19 12:03:38,026][com.java.SeleniumDriver] [  797] - Test case being Executed: 6
[INFO ][2015-11-19 12:03:38,026][com.java.SeleniumDriver] [  808] - Test step:41
[INFO ][2015-11-19 12:03:38,026][com.java.SeleniumDriver] [  820] - Datavalue is----------3
[INFO ][2015-11-19 12:03:38,026][com.java.SeleniumDriver] [  844] - DataField : XPH//label[contains(text(), 'Dashboard Groups:')]
[INFO ][2015-11-19 12:03:38,026][com.java.SeleniumDriver] [  846] - DataValue : 3
[INFO ][2015-11-19 12:03:38,026][com.java.SeleniumDriver] [  852] - <In Set values of the page>
[INFO ][2015-11-19 12:03:38,026][com.java.SeleniumDriver] [  855] - {Data Fields & Data Values Exist}
[INFO ][2015-11-19 12:03:38,026][com.java.SeleniumDriver] [  857] - --------------------------setting values-----------------------------
[INFO ][2015-11-19 12:03:38,026][com.java.SeleniumDriver] [  860] - Action Type : waitforelement
[INFO ][2015-11-19 12:03:38,056][com.java.SeleniumDriver] [  869] -  RESULT true
[INFO ][2015-11-19 12:03:38,056][com.java.SeleniumDriver] [ 1074] - ?   P A S S   ?
[INFO ][2015-11-19 12:03:38,056][com.java.SeleniumDriver] [  796] - ------------------------------------------
[INFO ][2015-11-19 12:03:38,056][com.java.SeleniumDriver] [  797] - Test case being Executed: 6
[INFO ][2015-11-19 12:03:38,056][com.java.SeleniumDriver] [  808] - Test step:42
[INFO ][2015-11-19 12:03:38,056][com.java.SeleniumDriver] [  820] - Datavalue is----------null
[DEBUG][2015-11-19 12:03:38,056][com.java.SeleniumDriver] [  838] - Exception: null
[INFO ][2015-11-19 12:03:38,056][com.java.SeleniumDriver] [  844] - DataField : XPH//button[contains(text(), 'Save')]
[INFO ][2015-11-19 12:03:38,056][com.java.SeleniumDriver] [  846] - DataValue : 
[INFO ][2015-11-19 12:03:38,056][com.java.SeleniumDriver] [  852] - <In Set values of the page>
[INFO ][2015-11-19 12:03:38,056][com.java.SeleniumDriver] [  855] - {Data Fields & Data Values Exist}
[INFO ][2015-11-19 12:03:38,056][com.java.SeleniumDriver] [  857] - --------------------------setting values-----------------------------
[INFO ][2015-11-19 12:03:38,056][com.java.SeleniumDriver] [  860] - Action Type : ISDISABLED
[INFO ][2015-11-19 12:03:38,056][com.java.TestType] [ 6619] - field= XPH//button[contains(text(), 'Save')]
[INFO ][2015-11-19 12:03:38,126][com.java.SeleniumDriver] [  869] -  RESULT true
[INFO ][2015-11-19 12:03:38,126][com.java.SeleniumDriver] [ 1074] - ?   P A S S   ?
[INFO ][2015-11-19 12:03:38,126][com.java.SeleniumDriver] [  796] - ------------------------------------------
[INFO ][2015-11-19 12:03:38,126][com.java.SeleniumDriver] [  797] - Test case being Executed: 6
[INFO ][2015-11-19 12:03:38,126][com.java.SeleniumDriver] [  808] - Test step:43
[INFO ][2015-11-19 12:03:38,126][com.java.SeleniumDriver] [  820] - Datavalue is----------3
[INFO ][2015-11-19 12:03:38,126][com.java.SeleniumDriver] [  844] - DataField : XPH//select[contains(@class,'mber-select form-control')]
[INFO ][2015-11-19 12:03:38,126][com.java.SeleniumDriver] [  846] - DataValue : 3
[INFO ][2015-11-19 12:03:38,126][com.java.SeleniumDriver] [  852] - <In Set values of the page>
[INFO ][2015-11-19 12:03:38,126][com.java.SeleniumDriver] [  855] - {Data Fields & Data Values Exist}
[INFO ][2015-11-19 12:03:38,126][com.java.SeleniumDriver] [  857] - --------------------------setting values-----------------------------
[INFO ][2015-11-19 12:03:38,126][com.java.SeleniumDriver] [  860] - Action Type : waitforelement
[INFO ][2015-11-19 12:03:38,156][com.java.SeleniumDriver] [  869] -  RESULT true
[INFO ][2015-11-19 12:03:38,156][com.java.SeleniumDriver] [ 1074] - ?   P A S S   ?
[INFO ][2015-11-19 12:03:38,156][com.java.SeleniumDriver] [  796] - ------------------------------------------
[INFO ][2015-11-19 12:03:38,156][com.java.SeleniumDriver] [  797] - Test case being Executed: 6
[INFO ][2015-11-19 12:03:38,156][com.java.SeleniumDriver] [  808] - Test step:44
[INFO ][2015-11-19 12:03:38,156][com.java.SeleniumDriver] [  820] - Datavalue is----------null
[DEBUG][2015-11-19 12:03:38,156][com.java.SeleniumDriver] [  838] - Exception: null
[INFO ][2015-11-19 12:03:38,156][com.java.SeleniumDriver] [  844] - DataField : XPH//select[contains(@class,'mber-select form-control')]
[INFO ][2015-11-19 12:03:38,156][com.java.SeleniumDriver] [  846] - DataValue : 
[INFO ][2015-11-19 12:03:38,156][com.java.SeleniumDriver] [  852] - <In Set values of the page>
[INFO ][2015-11-19 12:03:38,156][com.java.SeleniumDriver] [  855] - {Data Fields & Data Values Exist}
[INFO ][2015-11-19 12:03:38,156][com.java.SeleniumDriver] [  857] - --------------------------setting values-----------------------------
[INFO ][2015-11-19 12:03:38,156][com.java.SeleniumDriver] [  860] - Action Type : click
[INFO ][2015-11-19 12:03:38,156][com.java.TestType] [ 4774] - Field ::XPH//select[contains(@class,'mber-select form-control')]
[INFO ][2015-11-19 12:03:39,156][com.java.TestType] [ 4833] - BEFORE CLICK
[INFO ][2015-11-19 12:03:39,926][com.java.TestType] [ 4841] - Unable to click the object dollar value dropdown
[INFO ][2015-11-19 12:03:39,926][com.java.SeleniumDriver] [  869] -  RESULT true
[INFO ][2015-11-19 12:03:39,926][com.java.SeleniumDriver] [ 1074] - ?   P A S S   ?
[INFO ][2015-11-19 12:03:39,926][com.java.SeleniumDriver] [  796] - ------------------------------------------
[INFO ][2015-11-19 12:03:39,926][com.java.SeleniumDriver] [  797] - Test case being Executed: 6
[INFO ][2015-11-19 12:03:39,926][com.java.SeleniumDriver] [  808] - Test step:45
[INFO ][2015-11-19 12:03:39,926][com.java.SeleniumDriver] [  820] - Datavalue is----------3
[INFO ][2015-11-19 12:03:39,926][com.java.SeleniumDriver] [  844] - DataField : XPH//select/option[contains(text(), 'Dollar ($)')]
[INFO ][2015-11-19 12:03:39,926][com.java.SeleniumDriver] [  846] - DataValue : 3
[INFO ][2015-11-19 12:03:39,926][com.java.SeleniumDriver] [  852] - <In Set values of the page>
[INFO ][2015-11-19 12:03:39,926][com.java.SeleniumDriver] [  855] - {Data Fields & Data Values Exist}
[INFO ][2015-11-19 12:03:39,926][com.java.SeleniumDriver] [  857] - --------------------------setting values-----------------------------
[INFO ][2015-11-19 12:03:39,926][com.java.SeleniumDriver] [  860] - Action Type : waitforelement
[INFO ][2015-11-19 12:03:39,957][com.java.SeleniumDriver] [  869] -  RESULT true
[INFO ][2015-11-19 12:03:39,957][com.java.SeleniumDriver] [ 1074] - ?   P A S S   ?
[INFO ][2015-11-19 12:03:39,957][com.java.SeleniumDriver] [  796] - ------------------------------------------
[INFO ][2015-11-19 12:03:39,957][com.java.SeleniumDriver] [  797] - Test case being Executed: 6
[INFO ][2015-11-19 12:03:39,957][com.java.SeleniumDriver] [  808] - Test step:46
[INFO ][2015-11-19 12:03:39,957][com.java.SeleniumDriver] [  820] - Datavalue is----------null
[DEBUG][2015-11-19 12:03:39,957][com.java.SeleniumDriver] [  838] - Exception: null
[INFO ][2015-11-19 12:03:39,957][com.java.SeleniumDriver] [  844] - DataField : XPH//select/option[contains(text(), 'Dollar ($)')]
[INFO ][2015-11-19 12:03:39,957][com.java.SeleniumDriver] [  846] - DataValue : 
[INFO ][2015-11-19 12:03:39,957][com.java.SeleniumDriver] [  852] - <In Set values of the page>
[INFO ][2015-11-19 12:03:39,957][com.java.SeleniumDriver] [  855] - {Data Fields & Data Values Exist}
[INFO ][2015-11-19 12:03:39,957][com.java.SeleniumDriver] [  857] - --------------------------setting values-----------------------------
[INFO ][2015-11-19 12:03:39,957][com.java.SeleniumDriver] [  860] - Action Type : click
[INFO ][2015-11-19 12:03:39,957][com.java.TestType] [ 4774] - Field ::XPH//select/option[contains(text(), 'Dollar ($)')]
[INFO ][2015-11-19 12:03:40,957][com.java.TestType] [ 4833] - BEFORE CLICK
[INFO ][2015-11-19 12:03:41,681][com.java.TestType] [ 4841] - Unable to click the object dollar value dropdown
[INFO ][2015-11-19 12:03:41,681][com.java.SeleniumDriver] [  869] -  RESULT true
[INFO ][2015-11-19 12:03:41,681][com.java.SeleniumDriver] [ 1074] - ?   P A S S   ?
[INFO ][2015-11-19 12:03:41,681][com.java.SeleniumDriver] [  796] - ------------------------------------------
[INFO ][2015-11-19 12:03:41,681][com.java.SeleniumDriver] [  797] - Test case being Executed: 6
[INFO ][2015-11-19 12:03:41,681][com.java.SeleniumDriver] [  808] - Test step:47
[INFO ][2015-11-19 12:03:41,681][com.java.SeleniumDriver] [  820] - Datavalue is----------RNDA_VLTest
[INFO ][2015-11-19 12:03:41,681][com.java.SeleniumDriver] [  844] - DataField : TXT//input[contains(@placeholder, 'Name your Calcu')]
[INFO ][2015-11-19 12:03:41,681][com.java.SeleniumDriver] [  846] - DataValue : RNDA_VLTest
[INFO ][2015-11-19 12:03:41,681][com.java.SeleniumDriver] [  852] - <In Set values of the page>
[INFO ][2015-11-19 12:03:41,681][com.java.SeleniumDriver] [  855] - {Data Fields & Data Values Exist}
[INFO ][2015-11-19 12:03:41,681][com.java.SeleniumDriver] [  857] - --------------------------setting values-----------------------------
[INFO ][2015-11-19 12:03:41,681][com.java.SeleniumDriver] [  860] - Action Type : enter
[INFO ][2015-11-19 12:03:41,681][com.java.TestType] [ 5094] - field = //input[contains(@placeholder, 'Name your Calcu')]
[INFO ][2015-11-19 12:03:41,681][com.java.TestType] [ 4461] - value = A_VLTest92332
[INFO ][2015-11-19 12:03:42,782][com.java.SeleniumDriver] [  869] -  RESULT true
[INFO ][2015-11-19 12:03:42,782][com.java.SeleniumDriver] [ 1074] - ?   P A S S   ?
[INFO ][2015-11-19 12:03:42,782][com.java.SeleniumDriver] [  796] - ------------------------------------------
[INFO ][2015-11-19 12:03:42,782][com.java.SeleniumDriver] [  797] - Test case being Executed: 6
[INFO ][2015-11-19 12:03:42,782][com.java.SeleniumDriver] [  808] - Test step:48
[INFO ][2015-11-19 12:03:42,782][com.java.SeleniumDriver] [  820] - Datavalue is----------Cal_Using_Precustoms
[INFO ][2015-11-19 12:03:42,782][com.java.SeleniumDriver] [  844] - DataField : TXT//input[contains(@placeholder, 'Name your Calcu')]
[INFO ][2015-11-19 12:03:42,782][com.java.SeleniumDriver] [  846] - DataValue : Cal_Using_Precustoms
[INFO ][2015-11-19 12:03:42,782][com.java.SeleniumDriver] [  852] - <In Set values of the page>
[INFO ][2015-11-19 12:03:42,782][com.java.SeleniumDriver] [  855] - {Data Fields & Data Values Exist}
[INFO ][2015-11-19 12:03:42,782][com.java.SeleniumDriver] [  857] - --------------------------setting values-----------------------------
[INFO ][2015-11-19 12:03:42,782][com.java.SeleniumDriver] [  860] - Action Type : STOREVALUE
[INFO ][2015-11-19 12:03:42,782][com.java.TestType] [ 6694] - field= TXT//input[contains(@placeholder, 'Name your Calcu')]
[DEBUG][2015-11-19 12:03:42,843][com.java.TestType] [ 6708] - Key:: Cal_Using_Precustoms  Value:: A_VLTest92332
[INFO ][2015-11-19 12:03:42,843][com.java.SeleniumDriver] [  869] -  RESULT true
[INFO ][2015-11-19 12:03:42,843][com.java.SeleniumDriver] [ 1074] - ?   P A S S   ?
[INFO ][2015-11-19 12:03:42,843][com.java.SeleniumDriver] [  796] - ------------------------------------------
[INFO ][2015-11-19 12:03:42,843][com.java.SeleniumDriver] [  797] - Test case being Executed: 6
[INFO ][2015-11-19 12:03:42,843][com.java.SeleniumDriver] [  808] - Test step:49
[INFO ][2015-11-19 12:03:42,843][com.java.SeleniumDriver] [  820] - Datavalue is----------//div[@id='group-list']/ul/li[2]//a
[INFO ][2015-11-19 12:03:42,843][com.java.SeleniumDriver] [  844] - DataField : BTN
[INFO ][2015-11-19 12:03:42,843][com.java.SeleniumDriver] [  846] - DataValue : //div[@id='group-list']/ul/li[2]//a
[INFO ][2015-11-19 12:03:42,843][com.java.SeleniumDriver] [  852] - <In Set values of the page>
[INFO ][2015-11-19 12:03:42,843][com.java.SeleniumDriver] [  855] - {Data Fields & Data Values Exist}
[INFO ][2015-11-19 12:03:42,843][com.java.SeleniumDriver] [  857] - --------------------------setting values-----------------------------
[INFO ][2015-11-19 12:03:42,843][com.java.SeleniumDriver] [  860] - Action Type : verify
[INFO ][2015-11-19 12:03:42,843][com.java.TestType] [ 5568] - field= BTN value= //div[@id='group-list']/ul/li[2]//a
[INFO ][2015-11-19 12:03:42,843][com.java.TestType] [ 4461] - value = //div[@id='group-list']/ul/li[2]//a
[INFO ][2015-11-19 12:03:42,863][com.java.SeleniumDriver] [  869] -  RESULT true
[INFO ][2015-11-19 12:03:42,863][com.java.SeleniumDriver] [ 1074] - ?   P A S S   ?
[INFO ][2015-11-19 12:03:42,863][com.java.SeleniumDriver] [  796] - ------------------------------------------
[INFO ][2015-11-19 12:03:42,863][com.java.SeleniumDriver] [  797] - Test case being Executed: 6
[INFO ][2015-11-19 12:03:42,863][com.java.SeleniumDriver] [  808] - Test step:50
[INFO ][2015-11-19 12:03:42,863][com.java.SeleniumDriver] [  820] - Datavalue is----------null
[DEBUG][2015-11-19 12:03:42,863][com.java.SeleniumDriver] [  838] - Exception: null
[INFO ][2015-11-19 12:03:42,863][com.java.SeleniumDriver] [  844] - DataField : XPH//div[@id='group-list']/ul/li[2]//a
[INFO ][2015-11-19 12:03:42,863][com.java.SeleniumDriver] [  846] - DataValue : 
[INFO ][2015-11-19 12:03:42,863][com.java.SeleniumDriver] [  852] - <In Set values of the page>
[INFO ][2015-11-19 12:03:42,863][com.java.SeleniumDriver] [  855] - {Data Fields & Data Values Exist}
[INFO ][2015-11-19 12:03:42,863][com.java.SeleniumDriver] [  857] - --------------------------setting values-----------------------------
[INFO ][2015-11-19 12:03:42,863][com.java.SeleniumDriver] [  860] - Action Type : CLICK
[INFO ][2015-11-19 12:03:42,863][com.java.TestType] [ 4774] - Field ::XPH//div[@id='group-list']/ul/li[2]//a
[INFO ][2015-11-19 12:03:43,863][com.java.TestType] [ 4833] - BEFORE CLICK
[INFO ][2015-11-19 12:03:44,813][com.java.TestType] [ 4841] - Unable to click the object calculation name field
[INFO ][2015-11-19 12:03:44,813][com.java.SeleniumDriver] [  869] -  RESULT true
[INFO ][2015-11-19 12:03:44,813][com.java.SeleniumDriver] [ 1074] - ?   P A S S   ?
[INFO ][2015-11-19 12:03:44,813][com.java.SeleniumDriver] [  796] - ------------------------------------------
[INFO ][2015-11-19 12:03:44,813][com.java.SeleniumDriver] [  797] - Test case being Executed: 6
[INFO ][2015-11-19 12:03:44,813][com.java.SeleniumDriver] [  808] - Test step:51
[INFO ][2015-11-19 12:03:44,813][com.java.SeleniumDriver] [  820] - Datavalue is----------3
[INFO ][2015-11-19 12:03:44,813][com.java.SeleniumDriver] [  844] - DataField : XPH//a[contains(text(),'Non-Interest Bearing Deposits')]
[INFO ][2015-11-19 12:03:44,813][com.java.SeleniumDriver] [  846] - DataValue : 3
[INFO ][2015-11-19 12:03:44,813][com.java.SeleniumDriver] [  852] - <In Set values of the page>
[INFO ][2015-11-19 12:03:44,813][com.java.SeleniumDriver] [  855] - {Data Fields & Data Values Exist}
[INFO ][2015-11-19 12:03:44,813][com.java.SeleniumDriver] [  857] - --------------------------setting values-----------------------------
[INFO ][2015-11-19 12:03:44,813][com.java.SeleniumDriver] [  860] - Action Type : waitforelement
[INFO ][2015-11-19 12:03:44,874][com.java.SeleniumDriver] [  869] -  RESULT true
[INFO ][2015-11-19 12:03:44,874][com.java.SeleniumDriver] [ 1074] - ?   P A S S   ?
[INFO ][2015-11-19 12:03:44,874][com.java.SeleniumDriver] [  796] - ------------------------------------------
[INFO ][2015-11-19 12:03:44,874][com.java.SeleniumDriver] [  797] - Test case being Executed: 6
[INFO ][2015-11-19 12:03:44,874][com.java.SeleniumDriver] [  808] - Test step:52
[INFO ][2015-11-19 12:03:44,874][com.java.SeleniumDriver] [  820] - Datavalue is----------//div[contains(@class, 'expression ui-droppable')]/span
[INFO ][2015-11-19 12:03:44,874][com.java.SeleniumDriver] [  844] - DataField : //a[contains(text(),'Non-Interest Bearing Deposits')]
[INFO ][2015-11-19 12:03:44,874][com.java.SeleniumDriver] [  846] - DataValue : //div[contains(@class, 'expression ui-droppable')]/span
[INFO ][2015-11-19 12:03:44,874][com.java.SeleniumDriver] [  852] - <In Set values of the page>
[INFO ][2015-11-19 12:03:44,874][com.java.SeleniumDriver] [  855] - {Data Fields & Data Values Exist}
[INFO ][2015-11-19 12:03:44,874][com.java.SeleniumDriver] [  857] - --------------------------setting values-----------------------------
[INFO ][2015-11-19 12:03:44,874][com.java.SeleniumDriver] [  860] - Action Type : DRAGANDDROP
[INFO ][2015-11-19 12:03:45,998][com.java.SeleniumDriver] [  869] -  RESULT true
[INFO ][2015-11-19 12:03:45,998][com.java.SeleniumDriver] [ 1074] - ?   P A S S   ?
[INFO ][2015-11-19 12:03:45,998][com.java.SeleniumDriver] [  796] - ------------------------------------------
[INFO ][2015-11-19 12:03:45,998][com.java.SeleniumDriver] [  797] - Test case being Executed: 6
[INFO ][2015-11-19 12:03:45,998][com.java.SeleniumDriver] [  808] - Test step:53
[INFO ][2015-11-19 12:03:45,998][com.java.SeleniumDriver] [  820] - Datavalue is----------null
[DEBUG][2015-11-19 12:03:45,998][com.java.SeleniumDriver] [  838] - Exception: null
[INFO ][2015-11-19 12:03:45,998][com.java.SeleniumDriver] [  844] - DataField : XPH//button[text()='+']
[INFO ][2015-11-19 12:03:45,998][com.java.SeleniumDriver] [  846] - DataValue : 
[INFO ][2015-11-19 12:03:45,998][com.java.SeleniumDriver] [  852] - <In Set values of the page>
[INFO ][2015-11-19 12:03:45,998][com.java.SeleniumDriver] [  855] - {Data Fields & Data Values Exist}
[INFO ][2015-11-19 12:03:45,998][com.java.SeleniumDriver] [  857] - --------------------------setting values-----------------------------
[INFO ][2015-11-19 12:03:45,998][com.java.SeleniumDriver] [  860] - Action Type : click
[INFO ][2015-11-19 12:03:45,998][com.java.TestType] [ 4774] - Field ::XPH//button[text()='+']
[INFO ][2015-11-19 12:03:47,001][com.java.TestType] [ 4833] - BEFORE CLICK
[INFO ][2015-11-19 12:03:47,741][com.java.TestType] [ 4841] - Unable to click the object enter operator
[INFO ][2015-11-19 12:03:47,741][com.java.SeleniumDriver] [  869] -  RESULT true
[INFO ][2015-11-19 12:03:47,741][com.java.SeleniumDriver] [ 1074] - ?   P A S S   ?
[INFO ][2015-11-19 12:03:47,741][com.java.SeleniumDriver] [  796] - ------------------------------------------
[INFO ][2015-11-19 12:03:47,741][com.java.SeleniumDriver] [  797] - Test case being Executed: 6
[INFO ][2015-11-19 12:03:47,741][com.java.SeleniumDriver] [  808] - Test step:54
[INFO ][2015-11-19 12:03:47,741][com.java.SeleniumDriver] [  820] - Datavalue is----------//div[@class="ember-view alert alert-info expression ui-droppable"]
[INFO ][2015-11-19 12:03:47,741][com.java.SeleniumDriver] [  844] - DataField : //a[contains(text(),'Interest bearing demand deposits')]
[INFO ][2015-11-19 12:03:47,741][com.java.SeleniumDriver] [  846] - DataValue : //div[@class="ember-view alert alert-info expression ui-droppable"]
[INFO ][2015-11-19 12:03:47,741][com.java.SeleniumDriver] [  852] - <In Set values of the page>
[INFO ][2015-11-19 12:03:47,741][com.java.SeleniumDriver] [  855] - {Data Fields & Data Values Exist}
[INFO ][2015-11-19 12:03:47,741][com.java.SeleniumDriver] [  857] - --------------------------setting values-----------------------------
[INFO ][2015-11-19 12:03:47,741][com.java.SeleniumDriver] [  860] - Action Type : DRAGANDDROP
[INFO ][2015-11-19 12:03:48,855][com.java.SeleniumDriver] [  869] -  RESULT true
[INFO ][2015-11-19 12:03:48,855][com.java.SeleniumDriver] [ 1074] - ?   P A S S   ?
[INFO ][2015-11-19 12:03:48,855][com.java.SeleniumDriver] [  796] - ------------------------------------------
[INFO ][2015-11-19 12:03:48,855][com.java.SeleniumDriver] [  797] - Test case being Executed: 6
[INFO ][2015-11-19 12:03:48,855][com.java.SeleniumDriver] [  808] - Test step:55
[INFO ][2015-11-19 12:03:48,855][com.java.SeleniumDriver] [  820] - Datavalue is----------3
[INFO ][2015-11-19 12:03:48,855][com.java.SeleniumDriver] [  844] - DataField : XPH//button[contains(text(), 'Save')]
[INFO ][2015-11-19 12:03:48,855][com.java.SeleniumDriver] [  846] - DataValue : 3
[INFO ][2015-11-19 12:03:48,855][com.java.SeleniumDriver] [  852] - <In Set values of the page>
[INFO ][2015-11-19 12:03:48,855][com.java.SeleniumDriver] [  855] - {Data Fields & Data Values Exist}
[INFO ][2015-11-19 12:03:48,855][com.java.SeleniumDriver] [  857] - --------------------------setting values-----------------------------
[INFO ][2015-11-19 12:03:48,855][com.java.SeleniumDriver] [  860] - Action Type : waitforelement
[INFO ][2015-11-19 12:03:48,897][com.java.SeleniumDriver] [  869] -  RESULT true
[INFO ][2015-11-19 12:03:48,897][com.java.SeleniumDriver] [ 1074] - ?   P A S S   ?
[INFO ][2015-11-19 12:03:48,897][com.java.SeleniumDriver] [  796] - ------------------------------------------
[INFO ][2015-11-19 12:03:48,897][com.java.SeleniumDriver] [  797] - Test case being Executed: 6
[INFO ][2015-11-19 12:03:48,897][com.java.SeleniumDriver] [  808] - Test step:56
[INFO ][2015-11-19 12:03:48,897][com.java.SeleniumDriver] [  820] - Datavalue is----------null
[DEBUG][2015-11-19 12:03:48,897][com.java.SeleniumDriver] [  838] - Exception: null
[INFO ][2015-11-19 12:03:48,897][com.java.SeleniumDriver] [  844] - DataField : XPH//button[contains(text(), 'Save')]
[INFO ][2015-11-19 12:03:48,897][com.java.SeleniumDriver] [  846] - DataValue : 
[INFO ][2015-11-19 12:03:48,897][com.java.SeleniumDriver] [  852] - <In Set values of the page>
[INFO ][2015-11-19 12:03:48,897][com.java.SeleniumDriver] [  855] - {Data Fields & Data Values Exist}
[INFO ][2015-11-19 12:03:48,897][com.java.SeleniumDriver] [  857] - --------------------------setting values-----------------------------
[INFO ][2015-11-19 12:03:48,897][com.java.SeleniumDriver] [  860] - Action Type : ISENABLED
[INFO ][2015-11-19 12:03:48,897][com.java.TestType] [ 6655] - field= XPH//button[contains(text(), 'Save')]
[INFO ][2015-11-19 12:03:48,957][com.java.SeleniumDriver] [  869] -  RESULT true
[INFO ][2015-11-19 12:03:48,957][com.java.SeleniumDriver] [ 1074] - ?   P A S S   ?
[INFO ][2015-11-19 12:03:48,957][com.java.SeleniumDriver] [  796] - ------------------------------------------
[INFO ][2015-11-19 12:03:48,957][com.java.SeleniumDriver] [  797] - Test case being Executed: 6
[INFO ][2015-11-19 12:03:48,957][com.java.SeleniumDriver] [  808] - Test step:57
[INFO ][2015-11-19 12:03:48,957][com.java.SeleniumDriver] [  820] - Datavalue is----------null
[DEBUG][2015-11-19 12:03:48,957][com.java.SeleniumDriver] [  838] - Exception: null
[INFO ][2015-11-19 12:03:48,957][com.java.SeleniumDriver] [  844] - DataField : XPH//button[contains(text(), 'Save')]
[INFO ][2015-11-19 12:03:48,957][com.java.SeleniumDriver] [  846] - DataValue : 
[INFO ][2015-11-19 12:03:48,957][com.java.SeleniumDriver] [  852] - <In Set values of the page>
[INFO ][2015-11-19 12:03:48,957][com.java.SeleniumDriver] [  855] - {Data Fields & Data Values Exist}
[INFO ][2015-11-19 12:03:48,957][com.java.SeleniumDriver] [  857] - --------------------------setting values-----------------------------
[INFO ][2015-11-19 12:03:48,957][com.java.SeleniumDriver] [  860] - Action Type : click
[INFO ][2015-11-19 12:03:48,957][com.java.TestType] [ 4774] - Field ::XPH//button[contains(text(), 'Save')]
[INFO ][2015-11-19 12:03:49,957][com.java.TestType] [ 4833] - BEFORE CLICK
[INFO ][2015-11-19 12:03:50,724][com.java.TestType] [ 4841] - Unable to click the object save button
[INFO ][2015-11-19 12:03:50,724][com.java.SeleniumDriver] [  869] -  RESULT true
[INFO ][2015-11-19 12:03:50,724][com.java.SeleniumDriver] [ 1074] - ?   P A S S   ?
[INFO ][2015-11-19 12:03:50,724][com.java.SeleniumDriver] [  796] - ------------------------------------------
[INFO ][2015-11-19 12:03:50,724][com.java.SeleniumDriver] [  797] - Test case being Executed: 6
[INFO ][2015-11-19 12:03:50,724][com.java.SeleniumDriver] [  808] - Test step:58
[INFO ][2015-11-19 12:03:50,724][com.java.SeleniumDriver] [  820] - Datavalue is----------3
[INFO ][2015-11-19 12:03:50,724][com.java.SeleniumDriver] [  844] - DataField : XPH//a[contains(text(), 'Add Calculation')]
[INFO ][2015-11-19 12:03:50,724][com.java.SeleniumDriver] [  846] - DataValue : 3
[INFO ][2015-11-19 12:03:50,724][com.java.SeleniumDriver] [  852] - <In Set values of the page>
[INFO ][2015-11-19 12:03:50,724][com.java.SeleniumDriver] [  855] - {Data Fields & Data Values Exist}
[INFO ][2015-11-19 12:03:50,724][com.java.SeleniumDriver] [  857] - --------------------------setting values-----------------------------
[INFO ][2015-11-19 12:03:50,724][com.java.SeleniumDriver] [  860] - Action Type : waitforelement
[INFO ][2015-11-19 12:03:50,755][com.java.SeleniumDriver] [  869] -  RESULT true
[INFO ][2015-11-19 12:03:50,755][com.java.SeleniumDriver] [ 1074] - ?   P A S S   ?
[INFO ][2015-11-19 12:03:50,755][com.java.SeleniumDriver] [  796] - ------------------------------------------
[INFO ][2015-11-19 12:03:50,755][com.java.SeleniumDriver] [  797] - Test case being Executed: 6
[INFO ][2015-11-19 12:03:50,755][com.java.SeleniumDriver] [  808] - Test step:59
[INFO ][2015-11-19 12:03:50,755][com.java.SeleniumDriver] [  820] - Datavalue is----------HMVCal_Using_Precustoms
[INFO ][2015-11-19 12:03:50,755][com.java.SeleniumDriver] [  844] - DataField : MSG
[INFO ][2015-11-19 12:03:50,755][com.java.SeleniumDriver] [  846] - DataValue : HMVCal_Using_Precustoms
[INFO ][2015-11-19 12:03:50,755][com.java.SeleniumDriver] [  852] - <In Set values of the page>
[INFO ][2015-11-19 12:03:50,755][com.java.SeleniumDriver] [  855] - {Data Fields & Data Values Exist}
[INFO ][2015-11-19 12:03:50,755][com.java.SeleniumDriver] [  857] - --------------------------setting values-----------------------------
[INFO ][2015-11-19 12:03:50,755][com.java.SeleniumDriver] [  860] - Action Type : verify
[INFO ][2015-11-19 12:03:50,755][com.java.TestType] [ 5568] - field= MSG value= HMVCal_Using_Precustoms
[INFO ][2015-11-19 12:03:50,755][com.java.TestType] [ 4461] - value = A_VLTest92332
[DEBUG][2015-11-19 12:03:50,755][com.java.TestType] [ 6337] - value :: A_VLTest92332
[INFO ][2015-11-19 12:03:50,766][com.java.SeleniumDriver] [  869] -  RESULT true
[INFO ][2015-11-19 12:03:50,766][com.java.SeleniumDriver] [ 1074] - ?   P A S S   ?
[INFO ][2015-11-19 12:03:50,766][com.java.SeleniumDriver] [  796] - ------------------------------------------
[INFO ][2015-11-19 12:03:50,766][com.java.SeleniumDriver] [  797] - Test case being Executed: 6
[INFO ][2015-11-19 12:03:50,766][com.java.SeleniumDriver] [  808] - Test step:60
[INFO ][2015-11-19 12:03:50,766][com.java.SeleniumDriver] [  820] - Datavalue is----------null
[DEBUG][2015-11-19 12:03:50,766][com.java.SeleniumDriver] [  838] - Exception: null
[INFO ][2015-11-19 12:03:50,766][com.java.SeleniumDriver] [  844] - DataField : BTNparent
[INFO ][2015-11-19 12:03:50,766][com.java.SeleniumDriver] [  846] - DataValue : 
[INFO ][2015-11-19 12:03:50,766][com.java.SeleniumDriver] [  852] - <In Set values of the page>
[INFO ][2015-11-19 12:03:50,766][com.java.SeleniumDriver] [  855] - {Data Fields & Data Values Exist}
[INFO ][2015-11-19 12:03:50,766][com.java.SeleniumDriver] [  857] - --------------------------setting values-----------------------------
[INFO ][2015-11-19 12:03:50,766][com.java.SeleniumDriver] [  860] - Action Type : SELECTFRAME
[INFO ][2015-11-19 12:03:50,786][com.java.SeleniumDriver] [  869] -  RESULT true
[INFO ][2015-11-19 12:03:50,786][com.java.SeleniumDriver] [ 1074] - ?   P A S S   ?
[INFO ][2015-11-19 12:03:50,786][com.java.SeleniumDriver] [  796] - ------------------------------------------
[INFO ][2015-11-19 12:03:50,786][com.java.SeleniumDriver] [  797] - Test case being Executed: 6
[INFO ][2015-11-19 12:03:50,786][com.java.SeleniumDriver] [  808] - Test step:61
[INFO ][2015-11-19 12:03:50,786][com.java.SeleniumDriver] [  820] - Datavalue is----------CNS
[INFO ][2015-11-19 12:03:50,786][com.java.SeleniumDriver] [  844] - DataField : BNK//select[@id='bank']
[INFO ][2015-11-19 12:03:50,786][com.java.SeleniumDriver] [  846] - DataValue : CNS
[INFO ][2015-11-19 12:03:50,786][com.java.SeleniumDriver] [  852] - <In Set values of the page>
[INFO ][2015-11-19 12:03:50,786][com.java.SeleniumDriver] [  855] - {Data Fields & Data Values Exist}
[INFO ][2015-11-19 12:03:50,786][com.java.SeleniumDriver] [  857] - --------------------------setting values-----------------------------
[INFO ][2015-11-19 12:03:50,786][com.java.SeleniumDriver] [  860] - Action Type : SELECT
[INFO ][2015-11-19 12:03:50,786][com.java.TestType] [ 4461] - value = CNS
[INFO ][2015-11-19 12:03:51,212][com.java.SeleniumDriver] [  869] -  RESULT true
[INFO ][2015-11-19 12:03:51,212][com.java.SeleniumDriver] [ 1074] - ?   P A S S   ?
[INFO ][2015-11-19 12:03:51,212][com.java.SeleniumDriver] [  796] - ------------------------------------------
[INFO ][2015-11-19 12:03:51,212][com.java.SeleniumDriver] [  797] - Test case being Executed: 6
[INFO ][2015-11-19 12:03:51,212][com.java.SeleniumDriver] [  808] - Test step:62
[INFO ][2015-11-19 12:03:51,212][com.java.SeleniumDriver] [  820] - Datavalue is----------3
[INFO ][2015-11-19 12:03:51,212][com.java.SeleniumDriver] [  844] - DataField : XPH//div[contains(text(),'My Dashboard')]
[INFO ][2015-11-19 12:03:51,212][com.java.SeleniumDriver] [  846] - DataValue : 3
[INFO ][2015-11-19 12:03:51,212][com.java.SeleniumDriver] [  852] - <In Set values of the page>
[INFO ][2015-11-19 12:03:51,212][com.java.SeleniumDriver] [  855] - {Data Fields & Data Values Exist}
[INFO ][2015-11-19 12:03:51,212][com.java.SeleniumDriver] [  857] - --------------------------setting values-----------------------------
[INFO ][2015-11-19 12:03:51,212][com.java.SeleniumDriver] [  860] - Action Type : waitforelement
[INFO ][2015-11-19 12:03:51,287][com.java.SeleniumDriver] [  869] -  RESULT true
[INFO ][2015-11-19 12:03:51,287][com.java.SeleniumDriver] [ 1074] - ?   P A S S   ?
[INFO ][2015-11-19 12:03:51,287][com.java.SeleniumDriver] [  796] - ------------------------------------------
[INFO ][2015-11-19 12:03:51,287][com.java.SeleniumDriver] [  797] - Test case being Executed: 6
[INFO ][2015-11-19 12:03:51,287][com.java.SeleniumDriver] [  808] - Test step:63
[INFO ][2015-11-19 12:03:51,287][com.java.SeleniumDriver] [  820] - Datavalue is----------My Dashboard
[INFO ][2015-11-19 12:03:51,287][com.java.SeleniumDriver] [  844] - DataField : MSG
[INFO ][2015-11-19 12:03:51,287][com.java.SeleniumDriver] [  846] - DataValue : My Dashboard
[INFO ][2015-11-19 12:03:51,287][com.java.SeleniumDriver] [  852] - <In Set values of the page>
[INFO ][2015-11-19 12:03:51,287][com.java.SeleniumDriver] [  855] - {Data Fields & Data Values Exist}
[INFO ][2015-11-19 12:03:51,287][com.java.SeleniumDriver] [  857] - --------------------------setting values-----------------------------
[INFO ][2015-11-19 12:03:51,287][com.java.SeleniumDriver] [  860] - Action Type : Verify
[INFO ][2015-11-19 12:03:51,287][com.java.TestType] [ 5568] - field= MSG value= My Dashboard
[INFO ][2015-11-19 12:03:51,287][com.java.TestType] [ 4461] - value = My Dashboard
[DEBUG][2015-11-19 12:03:51,287][com.java.TestType] [ 6337] - value :: My Dashboard
[INFO ][2015-11-19 12:03:51,367][com.java.SeleniumDriver] [  869] -  RESULT true
[INFO ][2015-11-19 12:03:51,367][com.java.SeleniumDriver] [ 1074] - ?   P A S S   ?
[INFO ][2015-11-19 12:03:51,367][com.java.SeleniumDriver] [  796] - ------------------------------------------
[INFO ][2015-11-19 12:03:51,367][com.java.SeleniumDriver] [  797] - Test case being Executed: 6
[INFO ][2015-11-19 12:03:51,367][com.java.SeleniumDriver] [  808] - Test step:64
[INFO ][2015-11-19 12:03:51,367][com.java.SeleniumDriver] [  820] - Datavalue is----------null
[DEBUG][2015-11-19 12:03:51,367][com.java.SeleniumDriver] [  838] - Exception: null
[INFO ][2015-11-19 12:03:51,367][com.java.SeleniumDriver] [  844] - DataField : //span[@class='icon-hammer']&&//a[text()='Custom Calculations']
[INFO ][2015-11-19 12:03:51,367][com.java.SeleniumDriver] [  846] - DataValue : 
[INFO ][2015-11-19 12:03:51,367][com.java.SeleniumDriver] [  852] - <In Set values of the page>
[INFO ][2015-11-19 12:03:51,367][com.java.SeleniumDriver] [  855] - {Data Fields & Data Values Exist}
[INFO ][2015-11-19 12:03:51,367][com.java.SeleniumDriver] [  857] - --------------------------setting values-----------------------------
[INFO ][2015-11-19 12:03:51,367][com.java.SeleniumDriver] [  860] - Action Type : MOUSEOVER
[INFO ][2015-11-19 12:05:01,667][com.java.SeleniumDriver] [  869] -  RESULT true
[INFO ][2015-11-19 12:05:01,667][com.java.SeleniumDriver] [ 1074] - ?   P A S S   ?
[INFO ][2015-11-19 12:05:01,667][com.java.SeleniumDriver] [  796] - ------------------------------------------
[INFO ][2015-11-19 12:05:01,667][com.java.SeleniumDriver] [  797] - Test case being Executed: 6
[INFO ][2015-11-19 12:05:01,667][com.java.SeleniumDriver] [  808] - Test step:65
[INFO ][2015-11-19 12:05:01,667][com.java.SeleniumDriver] [  820] - Datavalue is----------null
[DEBUG][2015-11-19 12:05:01,667][com.java.SeleniumDriver] [  838] - Exception: null
[INFO ][2015-11-19 12:05:01,667][com.java.SeleniumDriver] [  844] - DataField : BTN//iframe[@class='frameTabContent']
[INFO ][2015-11-19 12:05:01,667][com.java.SeleniumDriver] [  846] - DataValue : 
[INFO ][2015-11-19 12:05:01,667][com.java.SeleniumDriver] [  852] - <In Set values of the page>
[INFO ][2015-11-19 12:05:01,667][com.java.SeleniumDriver] [  855] - {Data Fields & Data Values Exist}
[INFO ][2015-11-19 12:05:01,667][com.java.SeleniumDriver] [  857] - --------------------------setting values-----------------------------
[INFO ][2015-11-19 12:05:01,667][com.java.SeleniumDriver] [  860] - Action Type : SELECTFRAME
[INFO ][2015-11-19 12:05:01,938][com.java.SeleniumDriver] [  869] -  RESULT true
[INFO ][2015-11-19 12:05:01,938][com.java.SeleniumDriver] [ 1074] - ?   P A S S   ?
[INFO ][2015-11-19 12:05:01,938][com.java.SeleniumDriver] [  796] - ------------------------------------------
[INFO ][2015-11-19 12:05:01,938][com.java.SeleniumDriver] [  797] - Test case being Executed: 6
[INFO ][2015-11-19 12:05:01,938][com.java.SeleniumDriver] [  808] - Test step:66
[INFO ][2015-11-19 12:05:01,938][com.java.SeleniumDriver] [  820] - Datavalue is----------Custom Calculations
[INFO ][2015-11-19 12:05:01,938][com.java.SeleniumDriver] [  844] - DataField : MSG
[INFO ][2015-11-19 12:05:01,938][com.java.SeleniumDriver] [  846] - DataValue : Custom Calculations
[INFO ][2015-11-19 12:05:01,938][com.java.SeleniumDriver] [  852] - <In Set values of the page>
[INFO ][2015-11-19 12:05:01,938][com.java.SeleniumDriver] [  855] - {Data Fields & Data Values Exist}
[INFO ][2015-11-19 12:05:01,938][com.java.SeleniumDriver] [  857] - --------------------------setting values-----------------------------
[INFO ][2015-11-19 12:05:01,938][com.java.SeleniumDriver] [  860] - Action Type : Verify
[INFO ][2015-11-19 12:05:01,938][com.java.TestType] [ 5568] - field= MSG value= Custom Calculations
[INFO ][2015-11-19 12:05:01,938][com.java.TestType] [ 4461] - value = Custom Calculations
[DEBUG][2015-11-19 12:05:01,938][com.java.TestType] [ 6337] - value :: Custom Calculations
[INFO ][2015-11-19 12:05:01,978][com.java.SeleniumDriver] [  869] -  RESULT true
[INFO ][2015-11-19 12:05:01,978][com.java.SeleniumDriver] [ 1074] - ?   P A S S   ?
[INFO ][2015-11-19 12:05:01,978][com.java.SeleniumDriver] [  796] - ------------------------------------------
[INFO ][2015-11-19 12:05:01,978][com.java.SeleniumDriver] [  797] - Test case being Executed: 6
[INFO ][2015-11-19 12:05:01,978][com.java.SeleniumDriver] [  808] - Test step:67
[INFO ][2015-11-19 12:05:01,978][com.java.SeleniumDriver] [  820] - Datavalue is----------A_VLTest
[INFO ][2015-11-19 12:05:01,978][com.java.SeleniumDriver] [  844] - DataField : MSG
[INFO ][2015-11-19 12:05:01,978][com.java.SeleniumDriver] [  846] - DataValue : A_VLTest
[INFO ][2015-11-19 12:05:01,978][com.java.SeleniumDriver] [  852] - <In Set values of the page>
[INFO ][2015-11-19 12:05:01,978][com.java.SeleniumDriver] [  855] - {Data Fields & Data Values Exist}
[INFO ][2015-11-19 12:05:01,978][com.java.SeleniumDriver] [  857] - --------------------------setting values-----------------------------
[INFO ][2015-11-19 12:05:01,978][com.java.SeleniumDriver] [  860] - Action Type : VERIFYNOTPRESENT
[INFO ][2015-11-19 12:05:01,978][com.java.TestType] [ 6970] - field= MSG value= A_VLTest
[INFO ][2015-11-19 12:05:02,018][com.java.SeleniumDriver] [  869] -  RESULT true
[INFO ][2015-11-19 12:05:02,018][com.java.SeleniumDriver] [ 1074] - ?   P A S S   ?
[DEBUG][2015-11-19 12:05:02,018][com.java.SeleniumDriver] [ 1176] - Case found
[DEBUG][2015-11-19 12:05:02,018][com.java.SeleniumDriver] [ 1181] - Incrementing ReportCounters[0]:2
[INFO ][2015-11-19 12:05:02,018][com.java.SeleniumDriver] [ 1200] - The results are-------------------[6, 1, Add Custom Calculation, Pass, , Thu Nov 19 12:02:43 IST 2015, 6, 3, Add Custom Calculation, Pass, , Thu Nov 19 12:02:48 IST 2015, 6, 4, Add Custom Calculation Indicator to My Dashboard, Pass, , Thu Nov 19 12:02:48 IST 2015, 6, 5, Add Custom Calculation, Pass, , Thu Nov 19 12:03:16 IST 2015, 6, 6, Add Custom Calculation, Pass, , Thu Nov 19 12:03:17 IST 2015, 6, 7, Add Custom Calculation, Pass, , Thu Nov 19 12:03:17 IST 2015, 6, 8, Add Custom Calculation, Pass, , Thu Nov 19 12:03:17 IST 2015, 6, 9, Add Custom Calculation, Pass, , Thu Nov 19 12:03:17 IST 2015, 6, 10, Add Custom Calculation, Pass, , Thu Nov 19 12:03:17 IST 2015, 6, 11, Add Custom Calculation, Pass, , Thu Nov 19 12:03:19 IST 2015, 6, 12, Add Custom Calculation, Pass, , Thu Nov 19 12:03:19 IST 2015, 6, 13, Add Custom Calculation, Pass, , Thu Nov 19 12:03:19 IST 2015, 6, 14, Add Custom Calculation, Pass, , Thu Nov 19 12:03:19 IST 2015, 6, 15, Add Custom Calculation, Pass, , Thu Nov 19 12:03:21 IST 2015, 6, 16, Add Custom Calculation, Pass, , Thu Nov 19 12:03:21 IST 2015, 6, 17, Add Custom Calculation, Pass, , Thu Nov 19 12:03:23 IST 2015, 6, 18, Add Custom Calculation, Pass, , Thu Nov 19 12:03:24 IST 2015, 6, 19, Add Custom Calculation, Pass, , Thu Nov 19 12:03:24 IST 2015, 6, 20, Add Custom Calculation, Pass, , Thu Nov 19 12:03:24 IST 2015, 6, 21, Add Custom Calculation, Pass, , Thu Nov 19 12:03:24 IST 2015, 6, 22, Add Custom Calculation, Pass, , Thu Nov 19 12:03:25 IST 2015, 6, 23, Add Custom Calculation, Pass, , Thu Nov 19 12:03:26 IST 2015, 6, 24, Add Custom Calculation, Pass, , Thu Nov 19 12:03:26 IST 2015, 6, 25, Add Custom Calculation, Pass, , Thu Nov 19 12:03:28 IST 2015, 6, 26, Add Custom Calculation, Pass, , Thu Nov 19 12:03:29 IST 2015, 6, 27, Add Custom Calculation, Pass, , Thu Nov 19 12:03:29 IST 2015, 6, 28, Add Custom Calculation, Pass, , Thu Nov 19 12:03:30 IST 2015, 6, 29, Add Custom Calculation, Pass, , Thu Nov 19 12:03:30 IST 2015, 6, 30, Add Custom Calculation, Pass, , Thu Nov 19 12:03:32 IST 2015, 6, 31, Add Custom Calculation, Pass, , Thu Nov 19 12:03:32 IST 2015, 6, 32, Add Custom Calculation, Pass, , Thu Nov 19 12:03:33 IST 2015, 6, 33, Add Custom Calculation, Pass, , Thu Nov 19 12:03:33 IST 2015, 6, 34, Add Custom Calculation, Pass, , Thu Nov 19 12:03:34 IST 2015, 6, 35, Add Custom Calculation, Pass, , Thu Nov 19 12:03:34 IST 2015, 6, 36, Add Custom Calculation, Pass, , Thu Nov 19 12:03:34 IST 2015, 6, 37, Add Custom Calculation, Pass, , Thu Nov 19 12:03:36 IST 2015, 6, 38, Add Custom Calculation, Pass, , Thu Nov 19 12:03:36 IST 2015, 6, 39, Add Custom Calculation, Pass, , Thu Nov 19 12:03:36 IST 2015, 6, 40, Add Custom Calculation, Pass, , Thu Nov 19 12:03:38 IST 2015, 6, 41, Add Custom Calculation, Pass, , Thu Nov 19 12:03:38 IST 2015, 6, 42, Add Custom Calculation, Pass, , Thu Nov 19 12:03:38 IST 2015, 6, 43, Add Custom Calculation, Pass, , Thu Nov 19 12:03:38 IST 2015, 6, 44, Add Custom Calculation, Pass, , Thu Nov 19 12:03:39 IST 2015, 6, 45, Add Custom Calculation, Pass, , Thu Nov 19 12:03:39 IST 2015, 6, 46, Add Custom Calculation, Pass, , Thu Nov 19 12:03:41 IST 2015, 6, 47, Add Custom Calculation, Pass, , Thu Nov 19 12:03:42 IST 2015, 6, 48, Add Custom Calculation, Pass, , Thu Nov 19 12:03:42 IST 2015, 6, 49, Add Custom Calculation, Pass, , Thu Nov 19 12:03:42 IST 2015, 6, 50, Add Custom Calculation, Pass, , Thu Nov 19 12:03:44 IST 2015, 6, 51, Add Custom Calculation, Pass, , Thu Nov 19 12:03:44 IST 2015, 6, 52, Add Custom Calculation, Pass, , Thu Nov 19 12:03:45 IST 2015, 6, 53, Add Custom Calculation, Pass, , Thu Nov 19 12:03:47 IST 2015, 6, 54, Add Custom Calculation, Pass, , Thu Nov 19 12:03:48 IST 2015, 6, 55, Add Custom Calculation, Pass, , Thu Nov 19 12:03:48 IST 2015, 6, 56, Add Custom Calculation, Pass, , Thu Nov 19 12:03:48 IST 2015, 6, 57, Add Custom Calculation, Pass, , Thu Nov 19 12:03:50 IST 2015, 6, 58, Add Custom Calculation, Pass, , Thu Nov 19 12:03:50 IST 2015, 6, 59, Add Custom Calculation, Pass, , Thu Nov 19 12:03:50 IST 2015, 6, 60, Add Custom Calculation, Pass, , Thu Nov 19 12:03:50 IST 2015, 6, 61, Add Custom Calculation, Pass, , Thu Nov 19 12:03:51 IST 2015, 6, 62, Add Custom Calculation, Pass, , Thu Nov 19 12:03:51 IST 2015, 6, 63, Add Custom Calculation, Pass, , Thu Nov 19 12:03:51 IST 2015, 6, 64, Add Custom Calculation, Pass, , Thu Nov 19 12:05:01 IST 2015, 6, 65, Add Custom Calculation, Pass, , Thu Nov 19 12:05:01 IST 2015, 6, 66, Add Custom Calculation, Pass, , Thu Nov 19 12:05:01 IST 2015, 6, 67, Add Custom Calculation, Pass, , Thu Nov 19 12:05:02 IST 2015]
[INFO ][2015-11-19 12:05:02,018][com.java.SeleniumDriver] [ 1204] - End time is-------3 min 46 sec
[INFO ][2015-11-19 12:05:02,018][com.java.SeleniumDriver] [ 1205] - The results are-------------------[6, 1, Add Custom Calculation, Pass, , Thu Nov 19 12:02:43 IST 2015, 6, 3, Add Custom Calculation, Pass, , Thu Nov 19 12:02:48 IST 2015, 6, 4, Add Custom Calculation Indicator to My Dashboard, Pass, , Thu Nov 19 12:02:48 IST 2015, 6, 5, Add Custom Calculation, Pass, , Thu Nov 19 12:03:16 IST 2015, 6, 6, Add Custom Calculation, Pass, , Thu Nov 19 12:03:17 IST 2015, 6, 7, Add Custom Calculation, Pass, , Thu Nov 19 12:03:17 IST 2015, 6, 8, Add Custom Calculation, Pass, , Thu Nov 19 12:03:17 IST 2015, 6, 9, Add Custom Calculation, Pass, , Thu Nov 19 12:03:17 IST 2015, 6, 10, Add Custom Calculation, Pass, , Thu Nov 19 12:03:17 IST 2015, 6, 11, Add Custom Calculation, Pass, , Thu Nov 19 12:03:19 IST 2015, 6, 12, Add Custom Calculation, Pass, , Thu Nov 19 12:03:19 IST 2015, 6, 13, Add Custom Calculation, Pass, , Thu Nov 19 12:03:19 IST 2015, 6, 14, Add Custom Calculation, Pass, , Thu Nov 19 12:03:19 IST 2015, 6, 15, Add Custom Calculation, Pass, , Thu Nov 19 12:03:21 IST 2015, 6, 16, Add Custom Calculation, Pass, , Thu Nov 19 12:03:21 IST 2015, 6, 17, Add Custom Calculation, Pass, , Thu Nov 19 12:03:23 IST 2015, 6, 18, Add Custom Calculation, Pass, , Thu Nov 19 12:03:24 IST 2015, 6, 19, Add Custom Calculation, Pass, , Thu Nov 19 12:03:24 IST 2015, 6, 20, Add Custom Calculation, Pass, , Thu Nov 19 12:03:24 IST 2015, 6, 21, Add Custom Calculation, Pass, , Thu Nov 19 12:03:24 IST 2015, 6, 22, Add Custom Calculation, Pass, , Thu Nov 19 12:03:25 IST 2015, 6, 23, Add Custom Calculation, Pass, , Thu Nov 19 12:03:26 IST 2015, 6, 24, Add Custom Calculation, Pass, , Thu Nov 19 12:03:26 IST 2015, 6, 25, Add Custom Calculation, Pass, , Thu Nov 19 12:03:28 IST 2015, 6, 26, Add Custom Calculation, Pass, , Thu Nov 19 12:03:29 IST 2015, 6, 27, Add Custom Calculation, Pass, , Thu Nov 19 12:03:29 IST 2015, 6, 28, Add Custom Calculation, Pass, , Thu Nov 19 12:03:30 IST 2015, 6, 29, Add Custom Calculation, Pass, , Thu Nov 19 12:03:30 IST 2015, 6, 30, Add Custom Calculation, Pass, , Thu Nov 19 12:03:32 IST 2015, 6, 31, Add Custom Calculation, Pass, , Thu Nov 19 12:03:32 IST 2015, 6, 32, Add Custom Calculation, Pass, , Thu Nov 19 12:03:33 IST 2015, 6, 33, Add Custom Calculation, Pass, , Thu Nov 19 12:03:33 IST 2015, 6, 34, Add Custom Calculation, Pass, , Thu Nov 19 12:03:34 IST 2015, 6, 35, Add Custom Calculation, Pass, , Thu Nov 19 12:03:34 IST 2015, 6, 36, Add Custom Calculation, Pass, , Thu Nov 19 12:03:34 IST 2015, 6, 37, Add Custom Calculation, Pass, , Thu Nov 19 12:03:36 IST 2015, 6, 38, Add Custom Calculation, Pass, , Thu Nov 19 12:03:36 IST 2015, 6, 39, Add Custom Calculation, Pass, , Thu Nov 19 12:03:36 IST 2015, 6, 40, Add Custom Calculation, Pass, , Thu Nov 19 12:03:38 IST 2015, 6, 41, Add Custom Calculation, Pass, , Thu Nov 19 12:03:38 IST 2015, 6, 42, Add Custom Calculation, Pass, , Thu Nov 19 12:03:38 IST 2015, 6, 43, Add Custom Calculation, Pass, , Thu Nov 19 12:03:38 IST 2015, 6, 44, Add Custom Calculation, Pass, , Thu Nov 19 12:03:39 IST 2015, 6, 45, Add Custom Calculation, Pass, , Thu Nov 19 12:03:39 IST 2015, 6, 46, Add Custom Calculation, Pass, , Thu Nov 19 12:03:41 IST 2015, 6, 47, Add Custom Calculation, Pass, , Thu Nov 19 12:03:42 IST 2015, 6, 48, Add Custom Calculation, Pass, , Thu Nov 19 12:03:42 IST 2015, 6, 49, Add Custom Calculation, Pass, , Thu Nov 19 12:03:42 IST 2015, 6, 50, Add Custom Calculation, Pass, , Thu Nov 19 12:03:44 IST 2015, 6, 51, Add Custom Calculation, Pass, , Thu Nov 19 12:03:44 IST 2015, 6, 52, Add Custom Calculation, Pass, , Thu Nov 19 12:03:45 IST 2015, 6, 53, Add Custom Calculation, Pass, , Thu Nov 19 12:03:47 IST 2015, 6, 54, Add Custom Calculation, Pass, , Thu Nov 19 12:03:48 IST 2015, 6, 55, Add Custom Calculation, Pass, , Thu Nov 19 12:03:48 IST 2015, 6, 56, Add Custom Calculation, Pass, , Thu Nov 19 12:03:48 IST 2015, 6, 57, Add Custom Calculation, Pass, , Thu Nov 19 12:03:50 IST 2015, 6, 58, Add Custom Calculation, Pass, , Thu Nov 19 12:03:50 IST 2015, 6, 59, Add Custom Calculation, Pass, , Thu Nov 19 12:03:50 IST 2015, 6, 60, Add Custom Calculation, Pass, , Thu Nov 19 12:03:50 IST 2015, 6, 61, Add Custom Calculation, Pass, , Thu Nov 19 12:03:51 IST 2015, 6, 62, Add Custom Calculation, Pass, , Thu Nov 19 12:03:51 IST 2015, 6, 63, Add Custom Calculation, Pass, , Thu Nov 19 12:03:51 IST 2015, 6, 64, Add Custom Calculation, Pass, , Thu Nov 19 12:05:01 IST 2015, 6, 65, Add Custom Calculation, Pass, , Thu Nov 19 12:05:01 IST 2015, 6, 66, Add Custom Calculation, Pass, , Thu Nov 19 12:05:01 IST 2015, 6, 67, Add Custom Calculation, Pass, , Thu Nov 19 12:05:02 IST 2015]
[DEBUG][2015-11-19 12:05:02,018][com.java.ImportnExport.ExportTestResultsExcel] [  222] - testResultPath = D:\BankersDashboard/TestReports/Test Results_BankersDashBoard_111915_120117_IE10_Bank of North Carolina.xls
[DEBUG][2015-11-19 12:05:02,018][com.java.ImportnExport.ExportTestResultsExcel] [  223] - browser is------------IE10
[DEBUG][2015-11-19 12:05:02,018][com.java.ImportnExport.ExportTestResultsExcel] [  270] - result.size() = 396
[DEBUG][2015-11-19 12:05:02,018][com.java.ImportnExport.ExportTestResultsExcel] [  274] - No of rows in sheet=2
[DEBUG][2015-11-19 12:05:02,028][com.java.ImportnExport.ExportTestResultsExcel] [  301] - ..in export..6
[DEBUG][2015-11-19 12:05:02,028][com.java.ImportnExport.ExportTestResultsExcel] [  301] - ..in export..Add Custom Calculation
[DEBUG][2015-11-19 12:05:02,028][com.java.ImportnExport.ExportTestResultsExcel] [  301] - ..in export..Pass
[DEBUG][2015-11-19 12:05:02,028][com.java.ImportnExport.ExportTestResultsExcel] [  301] - ..in export..
[DEBUG][2015-11-19 12:05:02,028][com.java.ImportnExport.ExportTestResultsExcel] [  301] - ..in export..Thu Nov 19 12:02:43 IST 2015
[INFO ][2015-11-19 12:05:02,028][com.java.SeleniumDriver] [ 1263] - out loop:1 size:2 TestCases:[1, 6] testcases:[1, 6]
[INFO ][2015-11-19 12:05:04,028][com.java.SeleniumDriver] [ 1306] - Total Number of Cases:2
[INFO ][2015-11-19 12:05:04,028][com.java.TemplateGenerator] [  302] - Executed:2
[INFO ][2015-11-19 12:05:04,028][com.java.TemplateGenerator] [  303] - Passed:2
[INFO ][2015-11-19 12:05:04,028][com.java.TemplateGenerator] [  304] - Failed:0
[INFO ][2015-11-19 12:05:04,028][com.java.TemplateGenerator] [  305] - Skipeed:0
[INFO ][2015-11-19 12:05:04,028][com.java.TemplateGenerator] [  306] - Application URL:https://clients-xuat.bankersdashboard.com
[INFO ][2015-11-19 12:05:04,028][com.java.TemplateGenerator] [  307] - Start Time:111915_120117
[INFO ][2015-11-19 12:05:04,028][com.java.TemplateGenerator] [  308] -  Creating HTML Report 
[ERROR][2015-11-19 12:05:04,028][com.java.TemplateGenerator] [  409] - Unparseable date: "Thu Nov 19 12:01:17 IST 2015"
[INFO ][2015-11-19 12:05:04,028][com.java.TemplateGenerator] [  654] -  Exporting case :: 1
[INFO ][2015-11-19 12:05:04,028][com.java.TemplateGenerator] [  654] -  Exporting case :: 6
[INFO ][2015-11-19 12:05:04,029][com.java.SeleniumDriver] [ 1355] - End Time:111915_120504
[INFO ][2015-11-19 12:05:04,029][com.java.SeleniumDriver] [ 1358] - Data in Test Execution Details:{1=PASS, 6=PASS}
[INFO ][2015-11-19 12:05:04,029][com.java.SeleniumDriver] [ 1359] - Data in Failed Execution Deatils:{}
[INFO ][2015-11-19 12:05:04,029][com.java.SeleniumDriver] [ 1361] - ReportCounter:Total:2 :: PASS: 2 ::FAIL: 0
[INFO ][2015-11-19 12:05:04,029][com.java.SeleniumDriver] [ 1362] - FailedReportCounter:Total:0 :: PASS: 0 ::FAIL: 0
[INFO ][2015-11-19 12:05:04,029][com.java.EmailTestReport] [   63] - Sending report mail details:
[INFO ][2015-11-19 12:05:04,029][com.java.EmailTestReport] [   80] - Excel Report Path:D:\BankersDashboard/TestReports/Test Results_BankersDashBoard_111915_120117_IE10_Bank of North Carolina.xls
[INFO ][2015-11-19 12:05:04,029][com.java.EmailTestReport] [   81] - HTML Report Path:D:\BankersDashboard//TestReports//Test Results_BankersDashBoard_111915_120117_IE10_Bank of North Carolina.html
[INFO ][2015-11-19 12:05:04,029][com.java.EmailTestReport] [   82] - smtpHostName:mail01.valuelabs.com
[INFO ][2015-11-19 12:05:04,029][com.java.EmailTestReport] [   83] - Recipient:venkateswararao.gubbala@valuelabs.com;
[INFO ][2015-11-19 12:05:04,029][com.java.EmailTestReport] [   84] - From:venkateswararao.gubbala@valuelabs.com;
[INFO ][2015-11-19 12:05:04,029][com.java.EmailTestReport] [   85] - Subject:Deluxe Corp Bankers Dashboard Automation Test Report - Bank of North Carolina - IE10
[INFO ][2015-11-19 12:05:04,059][com.java.EmailTestReport] [  143] -  Added venkateswararao.gubbala@valuelabs.com
[INFO ][2015-11-19 12:05:07,210][com.java.SeleniumDriver] [  719] - quitting the browser 
[INFO ][2015-11-19 12:05:08,907][com.java.SeleniumDriver] [  263] - Execution Completed Stopping the thread
