[INFO ][2015-12-04 19:50:16,002][com.java.SeleniumDriver] [  213] - Execute Failed Casesfalse
[INFO ][2015-12-04 19:50:16,002][com.java.SeleniumDriver] [  214] - Browser: IE10
[INFO ][2015-12-04 19:50:16,002][com.java.SeleniumDriver] [  215] - [1, 2, 3, 4, 5, 6, 7, 8, 9, 10, 11, 12]
[INFO ][2015-12-04 19:50:16,002][com.java.SeleniumDriver] [  216] - Total TestCases:12
[INFO ][2015-12-04 19:50:16,004][com.java.SeleniumDriver] [  217] -  Reading Properties from Property File 
[DEBUG][2015-12-04 19:50:16,004][com.java.SeleniumDriver] [  238] - url : https://clients-xuat.bankersdashboard.com
[INFO ][2015-12-04 19:50:16,004][com.java.ImportnExport.ExportTestResultsExcel] [  116] - Time Stamp Fri Dec 04 07:50:15 IST 2015
[INFO ][2015-12-04 19:50:16,004][com.java.ImportnExport.ExportTestResultsExcel] [  175] - OUT FILE : D:\BankersDashboard/TestReports/Test Results_BankersDashBoard_120415_195015_IE10_Any Bank USA.xls
[INFO ][2015-12-04 19:50:16,033][com.java.ImportnExport.ExportTestResultsExcel] [  180] - Test Result file is created
[DEBUG][2015-12-04 19:50:16,140][com.java.SeleniumDriver] [  426] - Hub ip address is-------172.17.68.34
[INFO ][2015-12-04 19:50:16,140][com.java.SeleniumDriver] [  452] - Grid URL:http://172.17.68.34:4444/wd/hub
[INFO ][2015-12-04 19:50:16,140][com.java.SeleniumDriver] [  453] - Capability:Capabilities [{platform=ANY, ensureCleanSession=true, ignoreProtectedModeSettings=true, acceptSslCerts=true, ignoreZoomSetting=true, browserName=internet explorer, browserstack.ie.noFlash=true, version=null}]
[ERROR][2015-12-04 19:50:17,470][com.java.SeleniumDriver] [  497] - Unable invoke browser in grid:Could not start a new session. Possible causes are invalid address of the remote server or browser start-up failure.
Build info: version: '2.48.2', revision: '41bccdd', time: '2015-10-09 19:59:12'
System info: host: 'FVTIII438F1D', ip: '172.17.68.34', os.name: 'Windows 7', os.arch: 'x86', os.version: '6.1', java.version: '1.7.0_55'
Driver info: driver.version: SeleniumDriver
[INFO ][2015-12-04 19:50:17,473][com.java.SeleniumDriver] [  499] - Executing on local machine
[INFO ][2015-12-04 19:50:27,225][com.java.SeleniumDriver] [  248] - IE10is opened
[INFO ][2015-12-04 19:50:28,310][com.java.SeleniumDriver] [  754] - Test cases to be executed are: [1, 2, 3, 4, 5, 6, 7, 8, 9, 10, 11, 12]
[INFO ][2015-12-04 19:50:28,328][com.java.ImportnExport.ImportTestDataDetailsExcel] [   49] - test data details path===== D:\BankersDashboard\TestInputs\TestData.xls
[INFO ][2015-12-04 19:50:28,393][com.java.SeleniumDriver] [  837] - ------------------------------------------
[INFO ][2015-12-04 19:50:28,393][com.java.SeleniumDriver] [  838] - Test case being Executed: 1
[INFO ][2015-12-04 19:50:28,393][com.java.SeleniumDriver] [  849] - Test step:1
[INFO ][2015-12-04 19:50:28,393][com.java.SeleniumDriver] [  861] - Datavalue is----------Concept#1:1-14
[INFO ][2015-12-04 19:50:28,393][com.java.SeleniumDriver] [  885] - DataField : test
[INFO ][2015-12-04 19:50:28,393][com.java.SeleniumDriver] [  887] - DataValue : Concept#1:1-14
[INFO ][2015-12-04 19:50:28,393][com.java.SeleniumDriver] [  893] - <In Set values of the page>
[INFO ][2015-12-04 19:50:28,393][com.java.SeleniumDriver] [  896] - {Data Fields & Data Values Exist}
[INFO ][2015-12-04 19:50:28,393][com.java.SeleniumDriver] [  898] - --------------------------setting values-----------------------------
[INFO ][2015-12-04 19:50:28,393][com.java.SeleniumDriver] [  901] - Action Type : ExecuteTestCase
[INFO ][2015-12-04 19:50:28,413][com.java.TestType] [  436] - The Concept sheet name is ---------- Concept
[INFO ][2015-12-04 19:50:28,413][com.java.TestType] [  439] - The Concept ID  is ---------- 1
[DEBUG][2015-12-04 19:50:28,413][com.java.TestType] [  443] - Steps being executted in the Concept are: 1:14
[INFO ][2015-12-04 19:50:28,413][com.java.TestType] [  450] - Test data details path ---------- D:\BankersDashboard\TestInputs\TestData.xls
[INFO ][2015-12-04 19:50:28,453][com.java.TestType] [  481] -  str(1) = 1
[INFO ][2015-12-04 19:50:28,453][com.java.TestType] [  484] - Test case Id is---1
[INFO ][2015-12-04 19:50:28,453][com.java.TestType] [  486] - 1
[INFO ][2015-12-04 19:50:28,453][com.java.TestType] [  481] -  str(2) = 1
[INFO ][2015-12-04 19:50:28,456][com.java.TestType] [  533] - row values are--------{1=com.java.Objects.TestDataDetails@1cd72ca}
[INFO ][2015-12-04 19:50:28,456][com.java.TestType] [  481] -  str(1) = 1
[INFO ][2015-12-04 19:50:28,456][com.java.TestType] [  484] - Test case Id is---1
[INFO ][2015-12-04 19:50:28,456][com.java.TestType] [  486] - 1
[INFO ][2015-12-04 19:50:28,456][com.java.TestType] [  481] -  str(2) = 2
[INFO ][2015-12-04 19:50:28,456][com.java.TestType] [  533] - row values are--------{1=com.java.Objects.TestDataDetails@1cd72ca, 2=com.java.Objects.TestDataDetails@f97aff}
[INFO ][2015-12-04 19:50:28,458][com.java.TestType] [  481] -  str(1) = 1
[INFO ][2015-12-04 19:50:28,458][com.java.TestType] [  484] - Test case Id is---1
[INFO ][2015-12-04 19:50:28,458][com.java.TestType] [  486] - 1
[INFO ][2015-12-04 19:50:28,458][com.java.TestType] [  481] -  str(2) = 3
[INFO ][2015-12-04 19:50:28,458][com.java.TestType] [  533] - row values are--------{1=com.java.Objects.TestDataDetails@1cd72ca, 2=com.java.Objects.TestDataDetails@f97aff, 3=com.java.Objects.TestDataDetails@586f87}
[INFO ][2015-12-04 19:50:28,458][com.java.TestType] [  481] -  str(1) = 1
[INFO ][2015-12-04 19:50:28,458][com.java.TestType] [  484] - Test case Id is---1
[INFO ][2015-12-04 19:50:28,458][com.java.TestType] [  486] - 1
[INFO ][2015-12-04 19:50:28,458][com.java.TestType] [  481] -  str(2) = 4
[INFO ][2015-12-04 19:50:28,461][com.java.TestType] [  533] - row values are--------{1=com.java.Objects.TestDataDetails@1cd72ca, 2=com.java.Objects.TestDataDetails@f97aff, 3=com.java.Objects.TestDataDetails@586f87, 4=com.java.Objects.TestDataDetails@9dc6db}
[INFO ][2015-12-04 19:50:28,461][com.java.TestType] [  481] -  str(1) = 1
[INFO ][2015-12-04 19:50:28,461][com.java.TestType] [  484] - Test case Id is---1
[INFO ][2015-12-04 19:50:28,461][com.java.TestType] [  486] - 1
[INFO ][2015-12-04 19:50:28,461][com.java.TestType] [  481] -  str(2) = 5
[INFO ][2015-12-04 19:50:28,463][com.java.TestType] [  533] - row values are--------{1=com.java.Objects.TestDataDetails@1cd72ca, 2=com.java.Objects.TestDataDetails@f97aff, 3=com.java.Objects.TestDataDetails@586f87, 4=com.java.Objects.TestDataDetails@9dc6db, 5=com.java.Objects.TestDataDetails@a71b2e}
[INFO ][2015-12-04 19:50:28,463][com.java.TestType] [  481] -  str(1) = 1
[INFO ][2015-12-04 19:50:28,463][com.java.TestType] [  484] - Test case Id is---1
[INFO ][2015-12-04 19:50:28,463][com.java.TestType] [  486] - 1
[INFO ][2015-12-04 19:50:28,463][com.java.TestType] [  481] -  str(2) = 6
[INFO ][2015-12-04 19:50:28,466][com.java.TestType] [  533] - row values are--------{1=com.java.Objects.TestDataDetails@1cd72ca, 2=com.java.Objects.TestDataDetails@f97aff, 3=com.java.Objects.TestDataDetails@586f87, 4=com.java.Objects.TestDataDetails@9dc6db, 5=com.java.Objects.TestDataDetails@a71b2e, 6=com.java.Objects.TestDataDetails@20ac02}
[INFO ][2015-12-04 19:50:28,466][com.java.TestType] [  481] -  str(1) = 1
[INFO ][2015-12-04 19:50:28,466][com.java.TestType] [  484] - Test case Id is---1
[INFO ][2015-12-04 19:50:28,466][com.java.TestType] [  486] - 1
[INFO ][2015-12-04 19:50:28,466][com.java.TestType] [  481] -  str(2) = 7
[INFO ][2015-12-04 19:50:28,466][com.java.TestType] [  533] - row values are--------{1=com.java.Objects.TestDataDetails@1cd72ca, 2=com.java.Objects.TestDataDetails@f97aff, 3=com.java.Objects.TestDataDetails@586f87, 4=com.java.Objects.TestDataDetails@9dc6db, 5=com.java.Objects.TestDataDetails@a71b2e, 6=com.java.Objects.TestDataDetails@20ac02, 7=com.java.Objects.TestDataDetails@1887c71}
[INFO ][2015-12-04 19:50:28,466][com.java.TestType] [  481] -  str(1) = 1
[INFO ][2015-12-04 19:50:28,466][com.java.TestType] [  484] - Test case Id is---1
[INFO ][2015-12-04 19:50:28,466][com.java.TestType] [  486] - 1
[INFO ][2015-12-04 19:50:28,466][com.java.TestType] [  481] -  str(2) = 8
[INFO ][2015-12-04 19:50:28,468][com.java.TestType] [  533] - row values are--------{1=com.java.Objects.TestDataDetails@1cd72ca, 2=com.java.Objects.TestDataDetails@f97aff, 3=com.java.Objects.TestDataDetails@586f87, 4=com.java.Objects.TestDataDetails@9dc6db, 5=com.java.Objects.TestDataDetails@a71b2e, 6=com.java.Objects.TestDataDetails@20ac02, 7=com.java.Objects.TestDataDetails@1887c71, 8=com.java.Objects.TestDataDetails@119ab42}
[INFO ][2015-12-04 19:50:28,468][com.java.TestType] [  481] -  str(1) = 1
[INFO ][2015-12-04 19:50:28,468][com.java.TestType] [  484] - Test case Id is---1
[INFO ][2015-12-04 19:50:28,468][com.java.TestType] [  486] - 1
[INFO ][2015-12-04 19:50:28,468][com.java.TestType] [  481] -  str(2) = 9
[INFO ][2015-12-04 19:50:28,468][com.java.TestType] [  533] - row values are--------{1=com.java.Objects.TestDataDetails@1cd72ca, 2=com.java.Objects.TestDataDetails@f97aff, 3=com.java.Objects.TestDataDetails@586f87, 4=com.java.Objects.TestDataDetails@9dc6db, 5=com.java.Objects.TestDataDetails@a71b2e, 6=com.java.Objects.TestDataDetails@20ac02, 7=com.java.Objects.TestDataDetails@1887c71, 8=com.java.Objects.TestDataDetails@119ab42, 9=com.java.Objects.TestDataDetails@915056}
[INFO ][2015-12-04 19:50:28,468][com.java.TestType] [  481] -  str(1) = 1
[INFO ][2015-12-04 19:50:28,468][com.java.TestType] [  484] - Test case Id is---1
[INFO ][2015-12-04 19:50:28,468][com.java.TestType] [  486] - 1
[INFO ][2015-12-04 19:50:28,468][com.java.TestType] [  481] -  str(2) = 10
[INFO ][2015-12-04 19:50:28,471][com.java.TestType] [  533] - row values are--------{1=com.java.Objects.TestDataDetails@1cd72ca, 2=com.java.Objects.TestDataDetails@f97aff, 3=com.java.Objects.TestDataDetails@586f87, 4=com.java.Objects.TestDataDetails@9dc6db, 5=com.java.Objects.TestDataDetails@a71b2e, 6=com.java.Objects.TestDataDetails@20ac02, 7=com.java.Objects.TestDataDetails@1887c71, 8=com.java.Objects.TestDataDetails@119ab42, 9=com.java.Objects.TestDataDetails@915056, 10=com.java.Objects.TestDataDetails@185a2a8}
[INFO ][2015-12-04 19:50:28,471][com.java.TestType] [  481] -  str(1) = 1
[INFO ][2015-12-04 19:50:28,471][com.java.TestType] [  484] - Test case Id is---1
[INFO ][2015-12-04 19:50:28,471][com.java.TestType] [  486] - 1
[INFO ][2015-12-04 19:50:28,471][com.java.TestType] [  481] -  str(2) = 11
[INFO ][2015-12-04 19:50:28,471][com.java.TestType] [  533] - row values are--------{1=com.java.Objects.TestDataDetails@1cd72ca, 2=com.java.Objects.TestDataDetails@f97aff, 3=com.java.Objects.TestDataDetails@586f87, 4=com.java.Objects.TestDataDetails@9dc6db, 5=com.java.Objects.TestDataDetails@a71b2e, 6=com.java.Objects.TestDataDetails@20ac02, 7=com.java.Objects.TestDataDetails@1887c71, 8=com.java.Objects.TestDataDetails@119ab42, 9=com.java.Objects.TestDataDetails@915056, 10=com.java.Objects.TestDataDetails@185a2a8, 11=com.java.Objects.TestDataDetails@b04f0b}
[INFO ][2015-12-04 19:50:28,473][com.java.TestType] [  481] -  str(1) = 1
[INFO ][2015-12-04 19:50:28,473][com.java.TestType] [  484] - Test case Id is---1
[INFO ][2015-12-04 19:50:28,473][com.java.TestType] [  486] - 1
[INFO ][2015-12-04 19:50:28,473][com.java.TestType] [  481] -  str(2) = 12
[INFO ][2015-12-04 19:50:28,473][com.java.TestType] [  533] - row values are--------{1=com.java.Objects.TestDataDetails@1cd72ca, 2=com.java.Objects.TestDataDetails@f97aff, 3=com.java.Objects.TestDataDetails@586f87, 4=com.java.Objects.TestDataDetails@9dc6db, 5=com.java.Objects.TestDataDetails@a71b2e, 6=com.java.Objects.TestDataDetails@20ac02, 7=com.java.Objects.TestDataDetails@1887c71, 8=com.java.Objects.TestDataDetails@119ab42, 9=com.java.Objects.TestDataDetails@915056, 10=com.java.Objects.TestDataDetails@185a2a8, 11=com.java.Objects.TestDataDetails@b04f0b, 12=com.java.Objects.TestDataDetails@1c2c35}
[INFO ][2015-12-04 19:50:28,473][com.java.TestType] [  481] -  str(1) = 1
[INFO ][2015-12-04 19:50:28,473][com.java.TestType] [  484] - Test case Id is---1
[INFO ][2015-12-04 19:50:28,473][com.java.TestType] [  486] - 1
[INFO ][2015-12-04 19:50:28,473][com.java.TestType] [  481] -  str(2) = 13
[INFO ][2015-12-04 19:50:28,476][com.java.TestType] [  533] - row values are--------{1=com.java.Objects.TestDataDetails@1cd72ca, 2=com.java.Objects.TestDataDetails@f97aff, 3=com.java.Objects.TestDataDetails@586f87, 4=com.java.Objects.TestDataDetails@9dc6db, 5=com.java.Objects.TestDataDetails@a71b2e, 6=com.java.Objects.TestDataDetails@20ac02, 7=com.java.Objects.TestDataDetails@1887c71, 8=com.java.Objects.TestDataDetails@119ab42, 9=com.java.Objects.TestDataDetails@915056, 10=com.java.Objects.TestDataDetails@185a2a8, 11=com.java.Objects.TestDataDetails@b04f0b, 12=com.java.Objects.TestDataDetails@1c2c35, 13=com.java.Objects.TestDataDetails@16e68a0}
[INFO ][2015-12-04 19:50:28,476][com.java.TestType] [  481] -  str(1) = 1
[INFO ][2015-12-04 19:50:28,476][com.java.TestType] [  484] - Test case Id is---1
[INFO ][2015-12-04 19:50:28,476][com.java.TestType] [  486] - 1
[INFO ][2015-12-04 19:50:28,476][com.java.TestType] [  481] -  str(2) = 14
[INFO ][2015-12-04 19:50:28,476][com.java.TestType] [  533] - row values are--------{1=com.java.Objects.TestDataDetails@1cd72ca, 2=com.java.Objects.TestDataDetails@f97aff, 3=com.java.Objects.TestDataDetails@586f87, 4=com.java.Objects.TestDataDetails@9dc6db, 5=com.java.Objects.TestDataDetails@a71b2e, 6=com.java.Objects.TestDataDetails@20ac02, 7=com.java.Objects.TestDataDetails@1887c71, 8=com.java.Objects.TestDataDetails@119ab42, 9=com.java.Objects.TestDataDetails@915056, 10=com.java.Objects.TestDataDetails@185a2a8, 11=com.java.Objects.TestDataDetails@b04f0b, 12=com.java.Objects.TestDataDetails@1c2c35, 13=com.java.Objects.TestDataDetails@16e68a0, 14=com.java.Objects.TestDataDetails@60525c}
[INFO ][2015-12-04 19:50:28,476][com.java.TestType] [ 9932] - Looping 1TCID = 1
[DEBUG][2015-12-04 19:50:28,476][com.java.TestType] [ 9973] - Concept ID:1 :: Step being Executed: 1::1
[INFO ][2015-12-04 19:50:28,476][com.java.TestType] [10011] - dataFields : TXTusername
[DEBUG][2015-12-04 19:50:28,476][com.java.TestType] [10017] - <In Set values of the page>
[DEBUG][2015-12-04 19:50:28,476][com.java.TestType] [10022] - {Data Fields & Data Values Exist}
[INFO ][2015-12-04 19:50:28,476][com.java.TestType] [10028] - --------------------------setting values-----------------------------
[INFO ][2015-12-04 19:50:28,476][com.java.TestType] [10031] - Action Type : CLEARANDENTER
[INFO ][2015-12-04 19:50:28,476][com.java.TestType] [ 5433] - value = naresh.nayini.00000
[INFO ][2015-12-04 19:50:33,300][com.java.TestType] [10050] -  RESULT true
[INFO ][2015-12-04 19:50:33,300][com.java.TestType] [10167] - ?   P A S S   ?
[DEBUG][2015-12-04 19:50:33,300][com.java.TestType] [ 9973] - Concept ID:1 :: Step being Executed: 1::2
[INFO ][2015-12-04 19:50:33,300][com.java.TestType] [10011] - dataFields : TXTpassword
[DEBUG][2015-12-04 19:50:33,300][com.java.TestType] [10017] - <In Set values of the page>
[DEBUG][2015-12-04 19:50:33,303][com.java.TestType] [10022] - {Data Fields & Data Values Exist}
[INFO ][2015-12-04 19:50:33,303][com.java.TestType] [10028] - --------------------------setting values-----------------------------
[INFO ][2015-12-04 19:50:33,303][com.java.TestType] [10031] - Action Type : CLEARANDENTER
[INFO ][2015-12-04 19:50:33,303][com.java.TestType] [ 5433] - value = Password1*
[INFO ][2015-12-04 19:50:38,235][com.java.TestType] [10050] -  RESULT true
[INFO ][2015-12-04 19:50:38,235][com.java.TestType] [10167] - ?   P A S S   ?
[DEBUG][2015-12-04 19:50:38,235][com.java.TestType] [ 9973] - Concept ID:1 :: Step being Executed: 1::3
[ERROR][2015-12-04 19:50:38,235][com.java.TestType] [10006] - Exception: null
[INFO ][2015-12-04 19:50:38,235][com.java.TestType] [10011] - dataFields : XPH//button[@type='submit']
[DEBUG][2015-12-04 19:50:38,235][com.java.TestType] [10017] - <In Set values of the page>
[DEBUG][2015-12-04 19:50:38,235][com.java.TestType] [10022] - {Data Fields & Data Values Exist}
[INFO ][2015-12-04 19:50:38,235][com.java.TestType] [10028] - --------------------------setting values-----------------------------
[INFO ][2015-12-04 19:50:38,235][com.java.TestType] [10031] - Action Type : Click
[INFO ][2015-12-04 19:50:38,235][com.java.TestType] [ 5761] - Field ::XPH//button[@type='submit']
[INFO ][2015-12-04 19:50:39,235][com.java.TestType] [ 5848] - BEFORE CLICK
[INFO ][2015-12-04 19:50:40,087][com.java.TestType] [ 5856] - Unable to click the object Login
[INFO ][2015-12-04 19:50:40,087][com.java.TestType] [10050] -  RESULT true
[INFO ][2015-12-04 19:50:40,087][com.java.TestType] [10167] - ?   P A S S   ?
[DEBUG][2015-12-04 19:50:40,087][com.java.TestType] [ 9973] - Concept ID:1 :: Step being Executed: 1::4
[INFO ][2015-12-04 19:50:40,087][com.java.TestType] [10011] - dataFields : LNKLogout
[DEBUG][2015-12-04 19:50:40,087][com.java.TestType] [10017] - <In Set values of the page>
[DEBUG][2015-12-04 19:50:40,087][com.java.TestType] [10022] - {Data Fields & Data Values Exist}
[INFO ][2015-12-04 19:50:40,087][com.java.TestType] [10028] - --------------------------setting values-----------------------------
[INFO ][2015-12-04 19:50:40,087][com.java.TestType] [10031] - Action Type : WaitForElement
[INFO ][2015-12-04 19:50:43,496][com.java.TestType] [10050] -  RESULT true
[INFO ][2015-12-04 19:50:43,496][com.java.TestType] [10167] - ?   P A S S   ?
[DEBUG][2015-12-04 19:50:43,496][com.java.TestType] [ 9973] - Concept ID:1 :: Step being Executed: 1::13
[INFO ][2015-12-04 19:50:43,496][com.java.TestType] [10011] - dataFields : LNK
[DEBUG][2015-12-04 19:50:43,496][com.java.TestType] [10017] - <In Set values of the page>
[DEBUG][2015-12-04 19:50:43,496][com.java.TestType] [10022] - {Data Fields & Data Values Exist}
[INFO ][2015-12-04 19:50:43,496][com.java.TestType] [10028] - --------------------------setting values-----------------------------
[INFO ][2015-12-04 19:50:43,496][com.java.TestType] [10031] - Action Type : Verify
[INFO ][2015-12-04 19:50:43,496][com.java.TestType] [ 6624] - field= LNK value= Logout
[INFO ][2015-12-04 19:50:43,497][com.java.TestType] [ 5433] - value = Logout
[INFO ][2015-12-04 19:50:43,532][com.java.TestType] [10050] -  RESULT true
[INFO ][2015-12-04 19:50:43,534][com.java.TestType] [10167] - ?   P A S S   ?
[DEBUG][2015-12-04 19:50:43,534][com.java.TestType] [ 9973] - Concept ID:1 :: Step being Executed: 1::14
[INFO ][2015-12-04 19:50:43,534][com.java.TestType] [10011] - dataFields : BTN
[DEBUG][2015-12-04 19:50:43,534][com.java.TestType] [10017] - <In Set values of the page>
[DEBUG][2015-12-04 19:50:43,534][com.java.TestType] [10022] - {Data Fields & Data Values Exist}
[INFO ][2015-12-04 19:50:43,534][com.java.TestType] [10028] - --------------------------setting values-----------------------------
[INFO ][2015-12-04 19:50:43,534][com.java.TestType] [10031] - Action Type : Verify
[INFO ][2015-12-04 19:50:43,534][com.java.TestType] [ 6624] - field= BTN value= //img[contains(@src,'bdlogo.jpg')]
[INFO ][2015-12-04 19:50:43,534][com.java.TestType] [ 5433] - value = //img[contains(@src,'bdlogo.jpg')]
[INFO ][2015-12-04 19:50:43,609][com.java.TestType] [10050] -  RESULT true
[INFO ][2015-12-04 19:50:43,609][com.java.TestType] [10167] - ?   P A S S   ?
[INFO ][2015-12-04 19:50:43,609][com.java.TestType] [10238] - Looping End......
[INFO ][2015-12-04 19:50:43,614][com.java.SeleniumDriver] [  910] -  RESULT true
[INFO ][2015-12-04 19:50:43,614][com.java.SeleniumDriver] [ 1116] - ?   P A S S   ?
[INFO ][2015-12-04 19:50:43,614][com.java.SeleniumDriver] [  837] - ------------------------------------------
[INFO ][2015-12-04 19:50:43,614][com.java.SeleniumDriver] [  838] - Test case being Executed: 1
[INFO ][2015-12-04 19:50:43,614][com.java.SeleniumDriver] [  849] - Test step:2
[INFO ][2015-12-04 19:50:43,614][com.java.SeleniumDriver] [  861] - Datavalue is----------Concept#2:1-2
[INFO ][2015-12-04 19:50:43,614][com.java.SeleniumDriver] [  885] - DataField : test
[INFO ][2015-12-04 19:50:43,614][com.java.SeleniumDriver] [  887] - DataValue : Concept#2:1-2
[INFO ][2015-12-04 19:50:43,614][com.java.SeleniumDriver] [  893] - <In Set values of the page>
[INFO ][2015-12-04 19:50:43,614][com.java.SeleniumDriver] [  896] - {Data Fields & Data Values Exist}
[INFO ][2015-12-04 19:50:43,617][com.java.SeleniumDriver] [  898] - --------------------------setting values-----------------------------
[INFO ][2015-12-04 19:50:43,617][com.java.SeleniumDriver] [  901] - Action Type : ExecuteTestCase
[INFO ][2015-12-04 19:50:43,617][com.java.TestType] [  436] - The Concept sheet name is ---------- Concept
[INFO ][2015-12-04 19:50:43,617][com.java.TestType] [  439] - The Concept ID  is ---------- 2
[DEBUG][2015-12-04 19:50:43,617][com.java.TestType] [  443] - Steps being executted in the Concept are: 1:2
[INFO ][2015-12-04 19:50:43,617][com.java.TestType] [  450] - Test data details path ---------- D:\BankersDashboard\TestInputs\TestData.xls
[INFO ][2015-12-04 19:50:43,649][com.java.TestType] [  481] -  str(1) = 2
[INFO ][2015-12-04 19:50:43,649][com.java.TestType] [  484] - Test case Id is---2
[INFO ][2015-12-04 19:50:43,649][com.java.TestType] [  486] - 2
[INFO ][2015-12-04 19:50:43,649][com.java.TestType] [  481] -  str(2) = 1
[INFO ][2015-12-04 19:50:43,652][com.java.TestType] [  533] - row values are--------{1=com.java.Objects.TestDataDetails@75bb62}
[INFO ][2015-12-04 19:50:43,652][com.java.TestType] [  481] -  str(1) = 2
[INFO ][2015-12-04 19:50:43,652][com.java.TestType] [  484] - Test case Id is---2
[INFO ][2015-12-04 19:50:43,652][com.java.TestType] [  486] - 2
[INFO ][2015-12-04 19:50:43,652][com.java.TestType] [  481] -  str(2) = 2
[INFO ][2015-12-04 19:50:43,654][com.java.TestType] [  533] - row values are--------{1=com.java.Objects.TestDataDetails@75bb62, 2=com.java.Objects.TestDataDetails@162c756}
[INFO ][2015-12-04 19:50:43,654][com.java.TestType] [  481] -  str(1) = 2
[INFO ][2015-12-04 19:50:43,654][com.java.TestType] [  484] - Test case Id is---2
[INFO ][2015-12-04 19:50:43,654][com.java.TestType] [  486] - 2
[INFO ][2015-12-04 19:50:43,654][com.java.TestType] [  481] -  str(2) = 3
[INFO ][2015-12-04 19:50:43,654][com.java.TestType] [  533] - row values are--------{1=com.java.Objects.TestDataDetails@75bb62, 2=com.java.Objects.TestDataDetails@162c756, 3=com.java.Objects.TestDataDetails@1f32e51}
[INFO ][2015-12-04 19:50:43,654][com.java.TestType] [ 9932] - Looping 1TCID = 2
[DEBUG][2015-12-04 19:50:43,654][com.java.TestType] [ 9973] - Concept ID:2 :: Step being Executed: 2::1
[INFO ][2015-12-04 19:50:43,654][com.java.TestType] [10011] - dataFields : BNK//select[@id='bank']
[DEBUG][2015-12-04 19:50:43,654][com.java.TestType] [10017] - <In Set values of the page>
[DEBUG][2015-12-04 19:50:43,654][com.java.TestType] [10022] - {Data Fields & Data Values Exist}
[INFO ][2015-12-04 19:50:43,654][com.java.TestType] [10028] - --------------------------setting values-----------------------------
[INFO ][2015-12-04 19:50:43,654][com.java.TestType] [10031] - Action Type : Select
[INFO ][2015-12-04 19:50:43,654][com.java.TestType] [ 5433] - value = PFC
[INFO ][2015-12-04 19:50:43,842][com.java.TestType] [10050] -  RESULT true
[INFO ][2015-12-04 19:50:43,842][com.java.TestType] [10167] - ?   P A S S   ?
[DEBUG][2015-12-04 19:50:43,844][com.java.TestType] [ 9973] - Concept ID:2 :: Step being Executed: 2::2
[INFO ][2015-12-04 19:50:43,844][com.java.TestType] [10011] - dataFields : LNKLogout
[DEBUG][2015-12-04 19:50:43,844][com.java.TestType] [10017] - <In Set values of the page>
[DEBUG][2015-12-04 19:50:43,844][com.java.TestType] [10022] - {Data Fields & Data Values Exist}
[INFO ][2015-12-04 19:50:43,844][com.java.TestType] [10028] - --------------------------setting values-----------------------------
[INFO ][2015-12-04 19:50:43,844][com.java.TestType] [10031] - Action Type : WaitTime
[DEBUG][2015-12-04 19:50:43,844][com.java.TestType] [ 5253] - sleepTime: 5000
[INFO ][2015-12-04 19:50:48,844][com.java.TestType] [10050] -  RESULT true
[INFO ][2015-12-04 19:50:48,844][com.java.TestType] [10167] - ?   P A S S   ?
[INFO ][2015-12-04 19:50:48,844][com.java.TestType] [10238] - Looping End......
[INFO ][2015-12-04 19:50:48,847][com.java.SeleniumDriver] [  910] -  RESULT true
[INFO ][2015-12-04 19:50:48,847][com.java.SeleniumDriver] [ 1116] - ?   P A S S   ?
[INFO ][2015-12-04 19:50:48,848][com.java.SeleniumDriver] [  837] - ------------------------------------------
[INFO ][2015-12-04 19:50:48,848][com.java.SeleniumDriver] [  838] - Test case being Executed: 1
[INFO ][2015-12-04 19:50:48,848][com.java.SeleniumDriver] [  849] - Test step:3
[INFO ][2015-12-04 19:50:48,848][com.java.SeleniumDriver] [  861] - Datavalue is----------2
[INFO ][2015-12-04 19:50:48,848][com.java.SeleniumDriver] [  885] - DataField : XPH//button[contains(text(),'Add Content')]
[INFO ][2015-12-04 19:50:48,848][com.java.SeleniumDriver] [  887] - DataValue : 2
[INFO ][2015-12-04 19:50:48,848][com.java.SeleniumDriver] [  893] - <In Set values of the page>
[INFO ][2015-12-04 19:50:48,848][com.java.SeleniumDriver] [  896] - {Data Fields & Data Values Exist}
[INFO ][2015-12-04 19:50:48,848][com.java.SeleniumDriver] [  898] - --------------------------setting values-----------------------------
[INFO ][2015-12-04 19:50:48,848][com.java.SeleniumDriver] [  901] - Action Type : WAITFORELEMENT
[INFO ][2015-12-04 19:50:48,883][com.java.SeleniumDriver] [  910] -  RESULT true
[INFO ][2015-12-04 19:50:48,883][com.java.SeleniumDriver] [ 1116] - ?   P A S S   ?
[DEBUG][2015-12-04 19:50:48,883][com.java.SeleniumDriver] [ 1228] - Case found
[DEBUG][2015-12-04 19:50:48,883][com.java.SeleniumDriver] [ 1233] - Incrementing ReportCounters[0]:1
[INFO ][2015-12-04 19:50:48,885][com.java.SeleniumDriver] [ 1252] - The results are-------------------[1, 1, Valid Login, Pass, , Fri Dec 04 19:50:43 IST 2015, 1, 2, Valid Login, Pass, , Fri Dec 04 19:50:48 IST 2015, 1, 3, Valid Login, Pass, , Fri Dec 04 19:50:48 IST 2015]
[INFO ][2015-12-04 19:50:48,885][com.java.SeleniumDriver] [ 1256] - End time is-------35 sec
[INFO ][2015-12-04 19:50:48,885][com.java.SeleniumDriver] [ 1257] - The results are-------------------[1, 1, Valid Login, Pass, , Fri Dec 04 19:50:43 IST 2015, 1, 2, Valid Login, Pass, , Fri Dec 04 19:50:48 IST 2015, 1, 3, Valid Login, Pass, , Fri Dec 04 19:50:48 IST 2015]
[DEBUG][2015-12-04 19:50:48,885][com.java.ImportnExport.ExportTestResultsExcel] [  222] - testResultPath = D:\BankersDashboard/TestReports/Test Results_BankersDashBoard_120415_195015_IE10_Any Bank USA.xls
[DEBUG][2015-12-04 19:50:48,885][com.java.ImportnExport.ExportTestResultsExcel] [  223] - browser is------------IE10
[DEBUG][2015-12-04 19:50:48,928][com.java.ImportnExport.ExportTestResultsExcel] [  270] - result.size() = 18
[DEBUG][2015-12-04 19:50:48,928][com.java.ImportnExport.ExportTestResultsExcel] [  274] - No of rows in sheet=1
[DEBUG][2015-12-04 19:50:48,928][com.java.ImportnExport.ExportTestResultsExcel] [  301] - ..in export..1
[DEBUG][2015-12-04 19:50:48,930][com.java.ImportnExport.ExportTestResultsExcel] [  301] - ..in export..Valid Login
[DEBUG][2015-12-04 19:50:48,930][com.java.ImportnExport.ExportTestResultsExcel] [  301] - ..in export..Pass
[DEBUG][2015-12-04 19:50:48,930][com.java.ImportnExport.ExportTestResultsExcel] [  301] - ..in export..
[DEBUG][2015-12-04 19:50:48,930][com.java.ImportnExport.ExportTestResultsExcel] [  301] - ..in export..Fri Dec 04 19:50:43 IST 2015
[INFO ][2015-12-04 19:50:48,933][com.java.SeleniumDriver] [ 1315] - out loop:0 size:12 TestCases:[1, 2, 3, 4, 5, 6, 7, 8, 9, 10, 11, 12] testcases:[1, 2, 3, 4, 5, 6, 7, 8, 9, 10, 11, 12]
[INFO ][2015-12-04 19:50:48,933][com.java.ImportnExport.ImportTestDataDetailsExcel] [   49] - test data details path===== D:\BankersDashboard\TestInputs\TestData.xls
[INFO ][2015-12-04 19:51:04,825][com.java.SeleniumDriver] [  837] - ------------------------------------------
[INFO ][2015-12-04 19:51:04,825][com.java.SeleniumDriver] [  838] - Test case being Executed: 2
[INFO ][2015-12-04 19:51:04,825][com.java.SeleniumDriver] [  849] - Test step:2
[INFO ][2015-12-04 19:51:04,825][com.java.SeleniumDriver] [  861] - Datavalue is----------Logout
[INFO ][2015-12-04 19:51:04,825][com.java.SeleniumDriver] [  885] - DataField : BTN
[INFO ][2015-12-04 19:51:04,825][com.java.SeleniumDriver] [  887] - DataValue : Logout
[INFO ][2015-12-04 19:51:04,825][com.java.SeleniumDriver] [  893] - <In Set values of the page>
[INFO ][2015-12-04 19:51:04,825][com.java.SeleniumDriver] [  896] - {Data Fields & Data Values Exist}
[INFO ][2015-12-04 19:51:04,825][com.java.SeleniumDriver] [  898] - --------------------------setting values-----------------------------
[INFO ][2015-12-04 19:51:04,825][com.java.SeleniumDriver] [  901] - Action Type : Verify
[INFO ][2015-12-04 19:51:04,825][com.java.TestType] [ 6624] - field= BTN value= Logout
[INFO ][2015-12-04 19:51:04,825][com.java.TestType] [ 5433] - value = Logout
[INFO ][2015-12-04 19:51:04,891][com.java.SeleniumDriver] [  910] -  RESULT true
[INFO ][2015-12-04 19:51:04,891][com.java.SeleniumDriver] [ 1116] - ?   P A S S   ?
[INFO ][2015-12-04 19:51:04,891][com.java.SeleniumDriver] [ 1158] - step change to 4
[INFO ][2015-12-04 19:51:04,891][com.java.SeleniumDriver] [  837] - ------------------------------------------
[INFO ][2015-12-04 19:51:04,891][com.java.SeleniumDriver] [  838] - Test case being Executed: 2
[INFO ][2015-12-04 19:51:04,891][com.java.SeleniumDriver] [  849] - Test step:5
[INFO ][2015-12-04 19:51:04,891][com.java.SeleniumDriver] [  861] - Datavalue is----------null
[DEBUG][2015-12-04 19:51:04,891][com.java.SeleniumDriver] [  879] - Exception: null
[INFO ][2015-12-04 19:51:04,891][com.java.SeleniumDriver] [  885] - DataField : //span[@class='icon-stats']&&//a[@data-id="Forecasting"]
[INFO ][2015-12-04 19:51:04,891][com.java.SeleniumDriver] [  887] - DataValue : 
[INFO ][2015-12-04 19:51:04,891][com.java.SeleniumDriver] [  893] - <In Set values of the page>
[INFO ][2015-12-04 19:51:04,891][com.java.SeleniumDriver] [  896] - {Data Fields & Data Values Exist}
[INFO ][2015-12-04 19:51:04,891][com.java.SeleniumDriver] [  898] - --------------------------setting values-----------------------------
[INFO ][2015-12-04 19:51:04,891][com.java.SeleniumDriver] [  901] - Action Type : MOUSEOVER
[INFO ][2015-12-04 19:51:28,478][com.java.SeleniumDriver] [  910] -  RESULT true
[INFO ][2015-12-04 19:51:28,478][com.java.SeleniumDriver] [ 1116] - ?   P A S S   ?
[INFO ][2015-12-04 19:51:28,478][com.java.SeleniumDriver] [  837] - ------------------------------------------
[INFO ][2015-12-04 19:51:28,478][com.java.SeleniumDriver] [  838] - Test case being Executed: 2
[INFO ][2015-12-04 19:51:28,478][com.java.SeleniumDriver] [  849] - Test step:6
[INFO ][2015-12-04 19:51:28,478][com.java.SeleniumDriver] [  861] - Datavalue is----------5
[INFO ][2015-12-04 19:51:28,478][com.java.SeleniumDriver] [  885] - DataField : null
[INFO ][2015-12-04 19:51:28,478][com.java.SeleniumDriver] [  887] - DataValue : 5
[INFO ][2015-12-04 19:51:28,478][com.java.SeleniumDriver] [  893] - <In Set values of the page>
[INFO ][2015-12-04 19:51:28,478][com.java.SeleniumDriver] [  896] - {Data Fields & Data Values Exist}
[INFO ][2015-12-04 19:51:28,478][com.java.SeleniumDriver] [  898] - --------------------------setting values-----------------------------
[INFO ][2015-12-04 19:51:28,478][com.java.SeleniumDriver] [  901] - Action Type : WAITTIME
[DEBUG][2015-12-04 19:51:28,478][com.java.TestType] [ 5253] - sleepTime: 5000
[INFO ][2015-12-04 19:51:33,479][com.java.SeleniumDriver] [  910] -  RESULT true
[INFO ][2015-12-04 19:51:33,479][com.java.SeleniumDriver] [ 1116] - ?   P A S S   ?
[INFO ][2015-12-04 19:51:33,479][com.java.SeleniumDriver] [  837] - ------------------------------------------
[INFO ][2015-12-04 19:51:33,479][com.java.SeleniumDriver] [  838] - Test case being Executed: 2
[INFO ][2015-12-04 19:51:33,479][com.java.SeleniumDriver] [  849] - Test step:7
[INFO ][2015-12-04 19:51:33,479][com.java.SeleniumDriver] [  861] - Datavalue is----------Forecasting 
[INFO ][2015-12-04 19:51:33,479][com.java.SeleniumDriver] [  885] - DataField : TTL
[INFO ][2015-12-04 19:51:33,479][com.java.SeleniumDriver] [  887] - DataValue : Forecasting 
[INFO ][2015-12-04 19:51:33,479][com.java.SeleniumDriver] [  893] - <In Set values of the page>
[INFO ][2015-12-04 19:51:33,479][com.java.SeleniumDriver] [  896] - {Data Fields & Data Values Exist}
[INFO ][2015-12-04 19:51:33,479][com.java.SeleniumDriver] [  898] - --------------------------setting values-----------------------------
[INFO ][2015-12-04 19:51:33,479][com.java.SeleniumDriver] [  901] - Action Type : SELECTWINDOW
[INFO ][2015-12-04 19:51:46,033][com.java.SeleniumDriver] [  910] -  RESULT true
[INFO ][2015-12-04 19:51:46,033][com.java.SeleniumDriver] [ 1116] - ?   P A S S   ?
[INFO ][2015-12-04 19:51:46,033][com.java.SeleniumDriver] [  837] - ------------------------------------------
[INFO ][2015-12-04 19:51:46,033][com.java.SeleniumDriver] [  838] - Test case being Executed: 2
[INFO ][2015-12-04 19:51:46,033][com.java.SeleniumDriver] [  849] - Test step:8
[INFO ][2015-12-04 19:51:46,033][com.java.SeleniumDriver] [  861] - Datavalue is----------null
[DEBUG][2015-12-04 19:51:46,033][com.java.SeleniumDriver] [  879] - Exception: null
[INFO ][2015-12-04 19:51:46,033][com.java.SeleniumDriver] [  885] - DataField : BTNframeDialogContent
[INFO ][2015-12-04 19:51:46,033][com.java.SeleniumDriver] [  887] - DataValue : 
[INFO ][2015-12-04 19:51:46,034][com.java.SeleniumDriver] [  893] - <In Set values of the page>
[INFO ][2015-12-04 19:51:46,034][com.java.SeleniumDriver] [  896] - {Data Fields & Data Values Exist}
[INFO ][2015-12-04 19:51:46,034][com.java.SeleniumDriver] [  898] - --------------------------setting values-----------------------------
[INFO ][2015-12-04 19:51:46,034][com.java.SeleniumDriver] [  901] - Action Type : WAITFORELEMENT
[DEBUG][2015-12-04 19:52:39,377][com.java.TestType] [ 6342] - frameDialogContent   :: Element not Found
[INFO ][2015-12-04 19:52:39,377][com.java.SeleniumDriver] [  910] -  RESULT false
[INFO ][2015-12-04 19:52:39,377][com.java.SeleniumDriver] [  957] - ?   F A I L   ?
[INFO ][2015-12-04 19:52:39,377][com.java.SeleniumDriver] [  965] - Browser Type : IE10
[INFO ][2015-12-04 19:52:39,377][com.java.SeleniumDriver] [  966] - Adding Failed case2
[INFO ][2015-12-04 19:52:39,980][com.java.SeleniumDriver] [ 1080] - failedCases = 2
[ERROR][2015-12-04 19:52:39,980][com.java.SeleniumDriver] [ 1577] - Platform Errors : Our apologies...::We have encountered an issue with your request.::Our apologies?:We encountered an issue with your request.
[INFO ][2015-12-04 19:52:39,980][com.java.SeleniumDriver] [ 1581] - Length =3
[ERROR][2015-12-04 19:52:39,980][com.java.SeleniumDriver] [ 1584] - Error 0 = Our apologies...
[ERROR][2015-12-04 19:52:40,010][com.java.SeleniumDriver] [ 1584] - Error 1 = We have encountered an issue with your request.
[ERROR][2015-12-04 19:52:40,040][com.java.SeleniumDriver] [ 1584] - Error 2 = Our apologies?:We encountered an issue with your request.
[INFO ][2015-12-04 19:52:40,070][com.java.SeleniumDriver] [ 1595] - strError:
[DEBUG][2015-12-04 19:52:40,083][com.java.SeleniumDriver] [ 1228] - Case found
[DEBUG][2015-12-04 19:52:40,083][com.java.SeleniumDriver] [ 1233] - Incrementing ReportCounters[0]:2
[INFO ][2015-12-04 19:52:40,083][com.java.SeleniumDriver] [ 1252] - The results are-------------------[2, 8, Projectioans: Forecasting, Fail, 
Test case failed at Step No. :: 8   Error Message ::  frameDialogContent   :: Element not Found. Screen Shot : D:\BankersDashboard\TestReports\120415\2_120415_195239_IE10.png, Fri Dec 04 19:52:40 IST 2015]
[INFO ][2015-12-04 19:52:40,083][com.java.SeleniumDriver] [ 1256] - End time is-------2 min 26 sec
[INFO ][2015-12-04 19:52:40,083][com.java.SeleniumDriver] [ 1257] - The results are-------------------[2, 8, Projectioans: Forecasting, Fail, 
Test case failed at Step No. :: 8   Error Message ::  frameDialogContent   :: Element not Found. Screen Shot : D:\BankersDashboard\TestReports\120415\2_120415_195239_IE10.png, Fri Dec 04 19:52:40 IST 2015]
[DEBUG][2015-12-04 19:52:40,083][com.java.ImportnExport.ExportTestResultsExcel] [  222] - testResultPath = D:\BankersDashboard/TestReports/Test Results_BankersDashBoard_120415_195015_IE10_Any Bank USA.xls
[DEBUG][2015-12-04 19:52:40,083][com.java.ImportnExport.ExportTestResultsExcel] [  223] - browser is------------IE10
[DEBUG][2015-12-04 19:52:40,085][com.java.ImportnExport.ExportTestResultsExcel] [  270] - result.size() = 6
[DEBUG][2015-12-04 19:52:40,085][com.java.ImportnExport.ExportTestResultsExcel] [  274] - No of rows in sheet=2
[DEBUG][2015-12-04 19:52:40,085][com.java.ImportnExport.ExportTestResultsExcel] [  301] - ..in export..2
[DEBUG][2015-12-04 19:52:40,085][com.java.ImportnExport.ExportTestResultsExcel] [  301] - ..in export..Projectioans: Forecasting
[DEBUG][2015-12-04 19:52:40,085][com.java.ImportnExport.ExportTestResultsExcel] [  301] - ..in export..Fail
[DEBUG][2015-12-04 19:52:40,085][com.java.ImportnExport.ExportTestResultsExcel] [  301] - ..in export..
Test case failed at Step No. :: 8   Error Message ::  frameDialogContent   :: Element not Found. Screen Shot : D:\BankersDashboard\TestReports\120415\2_120415_195239_IE10.png
[DEBUG][2015-12-04 19:52:40,085][com.java.ImportnExport.ExportTestResultsExcel] [  301] - ..in export..Fri Dec 04 19:52:40 IST 2015
[INFO ][2015-12-04 19:52:40,088][com.java.SeleniumDriver] [ 1315] - out loop:1 size:12 TestCases:[1, 2, 3, 4, 5, 6, 7, 8, 9, 10, 11, 12] testcases:[1, 2, 3, 4, 5, 6, 7, 8, 9, 10, 11, 12]
[INFO ][2015-12-04 19:52:40,088][com.java.ImportnExport.ImportTestDataDetailsExcel] [   49] - test data details path===== D:\BankersDashboard\TestInputs\TestData.xls
[INFO ][2015-12-04 19:52:43,394][com.java.SeleniumDriver] [  837] - ------------------------------------------
[INFO ][2015-12-04 19:52:43,394][com.java.SeleniumDriver] [  838] - Test case being Executed: 3
[INFO ][2015-12-04 19:52:43,394][com.java.SeleniumDriver] [  849] - Test step:2
[INFO ][2015-12-04 19:52:43,394][com.java.SeleniumDriver] [  861] - Datavalue is----------Logout
[INFO ][2015-12-04 19:52:43,394][com.java.SeleniumDriver] [  885] - DataField : BTN
[INFO ][2015-12-04 19:52:43,394][com.java.SeleniumDriver] [  887] - DataValue : Logout
[INFO ][2015-12-04 19:52:43,394][com.java.SeleniumDriver] [  893] - <In Set values of the page>
[INFO ][2015-12-04 19:52:43,394][com.java.SeleniumDriver] [  896] - {Data Fields & Data Values Exist}
[INFO ][2015-12-04 19:52:43,394][com.java.SeleniumDriver] [  898] - --------------------------setting values-----------------------------
[INFO ][2015-12-04 19:52:43,394][com.java.SeleniumDriver] [  901] - Action Type : Verify
[INFO ][2015-12-04 19:52:43,394][com.java.TestType] [ 6624] - field= BTN value= Logout
[INFO ][2015-12-04 19:52:43,394][com.java.TestType] [ 5433] - value = Logout
[DEBUG][2015-12-04 19:52:45,427][com.java.TestType] [ 6342] - Logout   :: Element not Found
[ERROR][2015-12-04 19:52:45,441][com.java.TestType] [ 7335] - Assertion Error: 
[INFO ][2015-12-04 19:52:45,441][com.java.SeleniumDriver] [  910] -  RESULT false
[INFO ][2015-12-04 19:52:45,441][com.java.SeleniumDriver] [  957] - ?   F A I L   ?
[INFO ][2015-12-04 19:52:45,441][com.java.SeleniumDriver] [  965] - Browser Type : IE10
[INFO ][2015-12-04 19:52:45,441][com.java.SeleniumDriver] [  966] - Adding Failed case3
[WARN ][2015-12-04 19:52:45,454][com.java.SeleniumDriver] [ 1026] - Source 'D:\BankersDashboard\TestReports\120415' exists but is a directory
[DEBUG][2015-12-04 19:52:45,454][com.java.SeleniumDriver] [ 1034] -  tdd.getCondition() IF:4:Next
[INFO ][2015-12-04 19:52:45,454][com.java.SeleniumDriver] [ 1038] - Continue next step...
[INFO ][2015-12-04 19:52:45,454][com.java.SeleniumDriver] [  837] - ------------------------------------------
[INFO ][2015-12-04 19:52:45,454][com.java.SeleniumDriver] [  838] - Test case being Executed: 3
[INFO ][2015-12-04 19:52:45,454][com.java.SeleniumDriver] [  849] - Test step:3
[INFO ][2015-12-04 19:52:45,454][com.java.SeleniumDriver] [  861] - Datavalue is----------Concept#1:1-14
[INFO ][2015-12-04 19:52:45,454][com.java.SeleniumDriver] [  885] - DataField : test
[INFO ][2015-12-04 19:52:45,454][com.java.SeleniumDriver] [  887] - DataValue : Concept#1:1-14
[INFO ][2015-12-04 19:52:45,454][com.java.SeleniumDriver] [  893] - <In Set values of the page>
[INFO ][2015-12-04 19:52:45,454][com.java.SeleniumDriver] [  896] - {Data Fields & Data Values Exist}
[INFO ][2015-12-04 19:52:45,454][com.java.SeleniumDriver] [  898] - --------------------------setting values-----------------------------
[INFO ][2015-12-04 19:52:45,454][com.java.SeleniumDriver] [  901] - Action Type : ExecuteTestCase
[INFO ][2015-12-04 19:52:45,456][com.java.TestType] [  436] - The Concept sheet name is ---------- Concept
[INFO ][2015-12-04 19:52:45,456][com.java.TestType] [  439] - The Concept ID  is ---------- 1
[DEBUG][2015-12-04 19:52:45,456][com.java.TestType] [  443] - Steps being executted in the Concept are: 1:14
[INFO ][2015-12-04 19:52:45,456][com.java.TestType] [  450] - Test data details path ---------- D:\BankersDashboard\TestInputs\TestData.xls
[INFO ][2015-12-04 19:52:45,489][com.java.TestType] [  481] -  str(1) = 1
[INFO ][2015-12-04 19:52:45,489][com.java.TestType] [  484] - Test case Id is---1
[INFO ][2015-12-04 19:52:45,489][com.java.TestType] [  486] - 1
[INFO ][2015-12-04 19:52:45,489][com.java.TestType] [  481] -  str(2) = 1
[INFO ][2015-12-04 19:52:45,491][com.java.TestType] [  533] - row values are--------{1=com.java.Objects.TestDataDetails@3e1025}
[INFO ][2015-12-04 19:52:45,491][com.java.TestType] [  481] -  str(1) = 1
[INFO ][2015-12-04 19:52:45,491][com.java.TestType] [  484] - Test case Id is---1
[INFO ][2015-12-04 19:52:45,491][com.java.TestType] [  486] - 1
[INFO ][2015-12-04 19:52:45,491][com.java.TestType] [  481] -  str(2) = 2
[INFO ][2015-12-04 19:52:45,491][com.java.TestType] [  533] - row values are--------{1=com.java.Objects.TestDataDetails@3e1025, 2=com.java.Objects.TestDataDetails@1f8e35d}
[INFO ][2015-12-04 19:52:45,491][com.java.TestType] [  481] -  str(1) = 1
[INFO ][2015-12-04 19:52:45,491][com.java.TestType] [  484] - Test case Id is---1
[INFO ][2015-12-04 19:52:45,491][com.java.TestType] [  486] - 1
[INFO ][2015-12-04 19:52:45,491][com.java.TestType] [  481] -  str(2) = 3
[INFO ][2015-12-04 19:52:45,491][com.java.TestType] [  533] - row values are--------{1=com.java.Objects.TestDataDetails@3e1025, 2=com.java.Objects.TestDataDetails@1f8e35d, 3=com.java.Objects.TestDataDetails@1dd9f37}
[INFO ][2015-12-04 19:52:45,491][com.java.TestType] [  481] -  str(1) = 1
[INFO ][2015-12-04 19:52:45,491][com.java.TestType] [  484] - Test case Id is---1
[INFO ][2015-12-04 19:52:45,491][com.java.TestType] [  486] - 1
[INFO ][2015-12-04 19:52:45,491][com.java.TestType] [  481] -  str(2) = 4
[INFO ][2015-12-04 19:52:45,494][com.java.TestType] [  533] - row values are--------{1=com.java.Objects.TestDataDetails@3e1025, 2=com.java.Objects.TestDataDetails@1f8e35d, 3=com.java.Objects.TestDataDetails@1dd9f37, 4=com.java.Objects.TestDataDetails@16bf659}
[INFO ][2015-12-04 19:52:45,494][com.java.TestType] [  481] -  str(1) = 1
[INFO ][2015-12-04 19:52:45,494][com.java.TestType] [  484] - Test case Id is---1
[INFO ][2015-12-04 19:52:45,494][com.java.TestType] [  486] - 1
[INFO ][2015-12-04 19:52:45,494][com.java.TestType] [  481] -  str(2) = 5
[INFO ][2015-12-04 19:52:45,494][com.java.TestType] [  533] - row values are--------{1=com.java.Objects.TestDataDetails@3e1025, 2=com.java.Objects.TestDataDetails@1f8e35d, 3=com.java.Objects.TestDataDetails@1dd9f37, 4=com.java.Objects.TestDataDetails@16bf659, 5=com.java.Objects.TestDataDetails@b9e764}
[INFO ][2015-12-04 19:52:45,494][com.java.TestType] [  481] -  str(1) = 1
[INFO ][2015-12-04 19:52:45,494][com.java.TestType] [  484] - Test case Id is---1
[INFO ][2015-12-04 19:52:45,494][com.java.TestType] [  486] - 1
[INFO ][2015-12-04 19:52:45,494][com.java.TestType] [  481] -  str(2) = 6
[INFO ][2015-12-04 19:52:45,496][com.java.TestType] [  533] - row values are--------{1=com.java.Objects.TestDataDetails@3e1025, 2=com.java.Objects.TestDataDetails@1f8e35d, 3=com.java.Objects.TestDataDetails@1dd9f37, 4=com.java.Objects.TestDataDetails@16bf659, 5=com.java.Objects.TestDataDetails@b9e764, 6=com.java.Objects.TestDataDetails@de86b6}
[INFO ][2015-12-04 19:52:45,496][com.java.TestType] [  481] -  str(1) = 1
[INFO ][2015-12-04 19:52:45,496][com.java.TestType] [  484] - Test case Id is---1
[INFO ][2015-12-04 19:52:45,496][com.java.TestType] [  486] - 1
[INFO ][2015-12-04 19:52:45,496][com.java.TestType] [  481] -  str(2) = 7
[INFO ][2015-12-04 19:52:45,496][com.java.TestType] [  533] - row values are--------{1=com.java.Objects.TestDataDetails@3e1025, 2=com.java.Objects.TestDataDetails@1f8e35d, 3=com.java.Objects.TestDataDetails@1dd9f37, 4=com.java.Objects.TestDataDetails@16bf659, 5=com.java.Objects.TestDataDetails@b9e764, 6=com.java.Objects.TestDataDetails@de86b6, 7=com.java.Objects.TestDataDetails@1e897cc}
[INFO ][2015-12-04 19:52:45,496][com.java.TestType] [  481] -  str(1) = 1
[INFO ][2015-12-04 19:52:45,496][com.java.TestType] [  484] - Test case Id is---1
[INFO ][2015-12-04 19:52:45,496][com.java.TestType] [  486] - 1
[INFO ][2015-12-04 19:52:45,496][com.java.TestType] [  481] -  str(2) = 8
[INFO ][2015-12-04 19:52:45,496][com.java.TestType] [  533] - row values are--------{1=com.java.Objects.TestDataDetails@3e1025, 2=com.java.Objects.TestDataDetails@1f8e35d, 3=com.java.Objects.TestDataDetails@1dd9f37, 4=com.java.Objects.TestDataDetails@16bf659, 5=com.java.Objects.TestDataDetails@b9e764, 6=com.java.Objects.TestDataDetails@de86b6, 7=com.java.Objects.TestDataDetails@1e897cc, 8=com.java.Objects.TestDataDetails@162f7ec}
[INFO ][2015-12-04 19:52:45,496][com.java.TestType] [  481] -  str(1) = 1
[INFO ][2015-12-04 19:52:45,496][com.java.TestType] [  484] - Test case Id is---1
[INFO ][2015-12-04 19:52:45,496][com.java.TestType] [  486] - 1
[INFO ][2015-12-04 19:52:45,499][com.java.TestType] [  481] -  str(2) = 9
[INFO ][2015-12-04 19:52:45,499][com.java.TestType] [  533] - row values are--------{1=com.java.Objects.TestDataDetails@3e1025, 2=com.java.Objects.TestDataDetails@1f8e35d, 3=com.java.Objects.TestDataDetails@1dd9f37, 4=com.java.Objects.TestDataDetails@16bf659, 5=com.java.Objects.TestDataDetails@b9e764, 6=com.java.Objects.TestDataDetails@de86b6, 7=com.java.Objects.TestDataDetails@1e897cc, 8=com.java.Objects.TestDataDetails@162f7ec, 9=com.java.Objects.TestDataDetails@aae131}
[INFO ][2015-12-04 19:52:45,499][com.java.TestType] [  481] -  str(1) = 1
[INFO ][2015-12-04 19:52:45,499][com.java.TestType] [  484] - Test case Id is---1
[INFO ][2015-12-04 19:52:45,499][com.java.TestType] [  486] - 1
[INFO ][2015-12-04 19:52:45,499][com.java.TestType] [  481] -  str(2) = 10
[INFO ][2015-12-04 19:52:45,499][com.java.TestType] [  533] - row values are--------{1=com.java.Objects.TestDataDetails@3e1025, 2=com.java.Objects.TestDataDetails@1f8e35d, 3=com.java.Objects.TestDataDetails@1dd9f37, 4=com.java.Objects.TestDataDetails@16bf659, 5=com.java.Objects.TestDataDetails@b9e764, 6=com.java.Objects.TestDataDetails@de86b6, 7=com.java.Objects.TestDataDetails@1e897cc, 8=com.java.Objects.TestDataDetails@162f7ec, 9=com.java.Objects.TestDataDetails@aae131, 10=com.java.Objects.TestDataDetails@a18951}
[INFO ][2015-12-04 19:52:45,499][com.java.TestType] [  481] -  str(1) = 1
[INFO ][2015-12-04 19:52:45,499][com.java.TestType] [  484] - Test case Id is---1
[INFO ][2015-12-04 19:52:45,499][com.java.TestType] [  486] - 1
[INFO ][2015-12-04 19:52:45,499][com.java.TestType] [  481] -  str(2) = 11
[INFO ][2015-12-04 19:52:45,499][com.java.TestType] [  533] - row values are--------{1=com.java.Objects.TestDataDetails@3e1025, 2=com.java.Objects.TestDataDetails@1f8e35d, 3=com.java.Objects.TestDataDetails@1dd9f37, 4=com.java.Objects.TestDataDetails@16bf659, 5=com.java.Objects.TestDataDetails@b9e764, 6=com.java.Objects.TestDataDetails@de86b6, 7=com.java.Objects.TestDataDetails@1e897cc, 8=com.java.Objects.TestDataDetails@162f7ec, 9=com.java.Objects.TestDataDetails@aae131, 10=com.java.Objects.TestDataDetails@a18951, 11=com.java.Objects.TestDataDetails@17da8eb}
[INFO ][2015-12-04 19:52:45,499][com.java.TestType] [  481] -  str(1) = 1
[INFO ][2015-12-04 19:52:45,501][com.java.TestType] [  484] - Test case Id is---1
[INFO ][2015-12-04 19:52:45,501][com.java.TestType] [  486] - 1
[INFO ][2015-12-04 19:52:45,501][com.java.TestType] [  481] -  str(2) = 12
[INFO ][2015-12-04 19:52:45,501][com.java.TestType] [  533] - row values are--------{1=com.java.Objects.TestDataDetails@3e1025, 2=com.java.Objects.TestDataDetails@1f8e35d, 3=com.java.Objects.TestDataDetails@1dd9f37, 4=com.java.Objects.TestDataDetails@16bf659, 5=com.java.Objects.TestDataDetails@b9e764, 6=com.java.Objects.TestDataDetails@de86b6, 7=com.java.Objects.TestDataDetails@1e897cc, 8=com.java.Objects.TestDataDetails@162f7ec, 9=com.java.Objects.TestDataDetails@aae131, 10=com.java.Objects.TestDataDetails@a18951, 11=com.java.Objects.TestDataDetails@17da8eb, 12=com.java.Objects.TestDataDetails@85a6fa}
[INFO ][2015-12-04 19:52:45,501][com.java.TestType] [  481] -  str(1) = 1
[INFO ][2015-12-04 19:52:45,501][com.java.TestType] [  484] - Test case Id is---1
[INFO ][2015-12-04 19:52:45,501][com.java.TestType] [  486] - 1
[INFO ][2015-12-04 19:52:45,501][com.java.TestType] [  481] -  str(2) = 13
[INFO ][2015-12-04 19:52:45,501][com.java.TestType] [  533] - row values are--------{1=com.java.Objects.TestDataDetails@3e1025, 2=com.java.Objects.TestDataDetails@1f8e35d, 3=com.java.Objects.TestDataDetails@1dd9f37, 4=com.java.Objects.TestDataDetails@16bf659, 5=com.java.Objects.TestDataDetails@b9e764, 6=com.java.Objects.TestDataDetails@de86b6, 7=com.java.Objects.TestDataDetails@1e897cc, 8=com.java.Objects.TestDataDetails@162f7ec, 9=com.java.Objects.TestDataDetails@aae131, 10=com.java.Objects.TestDataDetails@a18951, 11=com.java.Objects.TestDataDetails@17da8eb, 12=com.java.Objects.TestDataDetails@85a6fa, 13=com.java.Objects.TestDataDetails@5508ab}
[INFO ][2015-12-04 19:52:45,501][com.java.TestType] [  481] -  str(1) = 1
[INFO ][2015-12-04 19:52:45,501][com.java.TestType] [  484] - Test case Id is---1
[INFO ][2015-12-04 19:52:45,504][com.java.TestType] [  486] - 1
[INFO ][2015-12-04 19:52:45,504][com.java.TestType] [  481] -  str(2) = 14
[INFO ][2015-12-04 19:52:45,504][com.java.TestType] [  533] - row values are--------{1=com.java.Objects.TestDataDetails@3e1025, 2=com.java.Objects.TestDataDetails@1f8e35d, 3=com.java.Objects.TestDataDetails@1dd9f37, 4=com.java.Objects.TestDataDetails@16bf659, 5=com.java.Objects.TestDataDetails@b9e764, 6=com.java.Objects.TestDataDetails@de86b6, 7=com.java.Objects.TestDataDetails@1e897cc, 8=com.java.Objects.TestDataDetails@162f7ec, 9=com.java.Objects.TestDataDetails@aae131, 10=com.java.Objects.TestDataDetails@a18951, 11=com.java.Objects.TestDataDetails@17da8eb, 12=com.java.Objects.TestDataDetails@85a6fa, 13=com.java.Objects.TestDataDetails@5508ab, 14=com.java.Objects.TestDataDetails@1083899}
[INFO ][2015-12-04 19:52:45,504][com.java.TestType] [ 9932] - Looping 1TCID = 1
[DEBUG][2015-12-04 19:52:45,504][com.java.TestType] [ 9973] - Concept ID:1 :: Step being Executed: 1::1
[INFO ][2015-12-04 19:52:45,504][com.java.TestType] [10011] - dataFields : TXTusername
[DEBUG][2015-12-04 19:52:45,504][com.java.TestType] [10017] - <In Set values of the page>
[DEBUG][2015-12-04 19:52:45,504][com.java.TestType] [10022] - {Data Fields & Data Values Exist}
[INFO ][2015-12-04 19:52:45,504][com.java.TestType] [10028] - --------------------------setting values-----------------------------
[INFO ][2015-12-04 19:52:45,504][com.java.TestType] [10031] - Action Type : CLEARANDENTER
[INFO ][2015-12-04 19:52:45,504][com.java.TestType] [ 5433] - value = naresh.nayini.00000
[ERROR][2015-12-04 19:52:45,519][com.java.TestType] [ 6286] - Exception in clearAndEnter: null
[DEBUG][2015-12-04 19:52:45,519][com.java.TestType] [ 6290] - For ENTER action type the data field should be TXT
[INFO ][2015-12-04 19:52:45,519][com.java.TestType] [10050] -  RESULT false
[INFO ][2015-12-04 19:52:45,519][com.java.TestType] [10088] - ?   F A I L   ?
[DEBUG][2015-12-04 19:52:45,519][com.java.TestType] [10091] - Browser Type : IE10
[INFO ][2015-12-04 19:52:45,524][com.java.SeleniumDriver] [  910] -  RESULT false
[INFO ][2015-12-04 19:52:45,524][com.java.SeleniumDriver] [  957] - ?   F A I L   ?
[INFO ][2015-12-04 19:52:45,524][com.java.SeleniumDriver] [  965] - Browser Type : IE10
[INFO ][2015-12-04 19:52:45,524][com.java.SeleniumDriver] [  966] - Adding Failed case3
[WARN ][2015-12-04 19:52:45,536][com.java.SeleniumDriver] [ 1026] - Source 'D:\BankersDashboard\TestReports\120415' exists but is a directory
[INFO ][2015-12-04 19:52:45,536][com.java.SeleniumDriver] [ 1080] - failedCases = 2-3
[ERROR][2015-12-04 19:52:45,536][com.java.SeleniumDriver] [ 1577] - Platform Errors : Our apologies...::We have encountered an issue with your request.::Our apologies?:We encountered an issue with your request.
[INFO ][2015-12-04 19:52:45,536][com.java.SeleniumDriver] [ 1581] - Length =3
[ERROR][2015-12-04 19:52:45,536][com.java.SeleniumDriver] [ 1584] - Error 0 = Our apologies...
[ERROR][2015-12-04 19:52:45,549][com.java.SeleniumDriver] [ 1598] - Unable to get browser (WARNING: The server did not provide any stacktrace information)
Command duration or timeout: 13 milliseconds
Build info: version: '2.48.2', revision: '41bccdd', time: '2015-10-09 19:59:12'
System info: host: 'FVTIII438F1D', ip: '172.17.68.34', os.name: 'Windows 7', os.arch: 'x86', os.version: '6.1', java.version: '1.7.0_55'
Session ID: 7bcf389b-2ff4-4dec-b71a-3b114af9081d
Driver info: org.openqa.selenium.ie.InternetExplorerDriver
Capabilities [{platform=WINDOWS, javascriptEnabled=true, elementScrollBehavior=0, ignoreZoomSetting=false, enablePersistentHover=true, ie.ensureCleanSession=false, browserName=internet explorer, enableElementCacheCleanup=true, unexpectedAlertBehaviour=dismiss, version=10, ie.usePerProcessProxy=false, ignoreProtectedModeSettings=true, cssSelectorsEnabled=true, requireWindowFocus=false, initialBrowserUrl=http://localhost:39997/, handlesAlerts=true, ie.forceCreateProcessApi=false, nativeEvents=true, browserAttachTimeout=0, ie.browserCommandLineSwitches=, takesScreenshot=true}]
[INFO ][2015-12-04 19:52:45,551][com.java.SeleniumDriver] [ 1600] - FindPlatformErrors exception: Unable to get browser (WARNING: The server did not provide any stacktrace information)
Command duration or timeout: 13 milliseconds
Build info: version: '2.48.2', revision: '41bccdd', time: '2015-10-09 19:59:12'
System info: host: 'FVTIII438F1D', ip: '172.17.68.34', os.name: 'Windows 7', os.arch: 'x86', os.version: '6.1', java.version: '1.7.0_55'
Session ID: 7bcf389b-2ff4-4dec-b71a-3b114af9081d
Driver info: org.openqa.selenium.ie.InternetExplorerDriver
Capabilities [{platform=WINDOWS, javascriptEnabled=true, elementScrollBehavior=0, ignoreZoomSetting=false, enablePersistentHover=true, ie.ensureCleanSession=false, browserName=internet explorer, enableElementCacheCleanup=true, unexpectedAlertBehaviour=dismiss, version=10, ie.usePerProcessProxy=false, ignoreProtectedModeSettings=true, cssSelectorsEnabled=true, requireWindowFocus=false, initialBrowserUrl=http://localhost:39997/, handlesAlerts=true, ie.forceCreateProcessApi=false, nativeEvents=true, browserAttachTimeout=0, ie.browserCommandLineSwitches=, takesScreenshot=true}]
[DEBUG][2015-12-04 19:52:45,551][com.java.SeleniumDriver] [ 1602] - Unable to get the Platform Error list from Hash Map.
[ERROR][2015-12-04 19:52:45,551][com.java.SeleniumDriver] [ 1198] - 
[INFO ][2015-12-04 19:52:45,551][com.java.SeleniumDriver] [  837] - ------------------------------------------
[INFO ][2015-12-04 19:52:45,551][com.java.SeleniumDriver] [  838] - Test case being Executed: 3
[INFO ][2015-12-04 19:52:45,551][com.java.SeleniumDriver] [  849] - Test step:4
[INFO ][2015-12-04 19:52:45,551][com.java.SeleniumDriver] [  861] - Datavalue is----------Concept#2:1-2
[INFO ][2015-12-04 19:52:45,551][com.java.SeleniumDriver] [  885] - DataField : test
[INFO ][2015-12-04 19:52:45,551][com.java.SeleniumDriver] [  887] - DataValue : Concept#2:1-2
[INFO ][2015-12-04 19:52:45,551][com.java.SeleniumDriver] [  893] - <In Set values of the page>
[INFO ][2015-12-04 19:52:45,551][com.java.SeleniumDriver] [  896] - {Data Fields & Data Values Exist}
[INFO ][2015-12-04 19:52:45,551][com.java.SeleniumDriver] [  898] - --------------------------setting values-----------------------------
[INFO ][2015-12-04 19:52:45,551][com.java.SeleniumDriver] [  901] - Action Type : ExecuteTestCase
[INFO ][2015-12-04 19:52:45,551][com.java.TestType] [  436] - The Concept sheet name is ---------- Concept
[INFO ][2015-12-04 19:52:45,551][com.java.TestType] [  439] - The Concept ID  is ---------- 2
[DEBUG][2015-12-04 19:52:45,551][com.java.TestType] [  443] - Steps being executted in the Concept are: 1:2
[INFO ][2015-12-04 19:52:45,551][com.java.TestType] [  450] - Test data details path ---------- D:\BankersDashboard\TestInputs\TestData.xls
[INFO ][2015-12-04 19:52:45,586][com.java.TestType] [  481] -  str(1) = 2
[INFO ][2015-12-04 19:52:45,586][com.java.TestType] [  484] - Test case Id is---2
[INFO ][2015-12-04 19:52:45,586][com.java.TestType] [  486] - 2
[INFO ][2015-12-04 19:52:45,586][com.java.TestType] [  481] -  str(2) = 1
[INFO ][2015-12-04 19:52:45,586][com.java.TestType] [  533] - row values are--------{1=com.java.Objects.TestDataDetails@1ddd550}
[INFO ][2015-12-04 19:52:45,586][com.java.TestType] [  481] -  str(1) = 2
[INFO ][2015-12-04 19:52:45,589][com.java.TestType] [  484] - Test case Id is---2
[INFO ][2015-12-04 19:52:45,589][com.java.TestType] [  486] - 2
[INFO ][2015-12-04 19:52:45,589][com.java.TestType] [  481] -  str(2) = 2
[INFO ][2015-12-04 19:52:45,589][com.java.TestType] [  533] - row values are--------{1=com.java.Objects.TestDataDetails@1ddd550, 2=com.java.Objects.TestDataDetails@33819a}
[INFO ][2015-12-04 19:52:45,589][com.java.TestType] [  481] -  str(1) = 2
[INFO ][2015-12-04 19:52:45,589][com.java.TestType] [  484] - Test case Id is---2
[INFO ][2015-12-04 19:52:45,589][com.java.TestType] [  486] - 2
[INFO ][2015-12-04 19:52:45,589][com.java.TestType] [  481] -  str(2) = 3
[INFO ][2015-12-04 19:52:45,589][com.java.TestType] [  533] - row values are--------{1=com.java.Objects.TestDataDetails@1ddd550, 2=com.java.Objects.TestDataDetails@33819a, 3=com.java.Objects.TestDataDetails@1956b11}
[INFO ][2015-12-04 19:52:45,589][com.java.TestType] [ 9932] - Looping 1TCID = 2
[DEBUG][2015-12-04 19:52:45,589][com.java.TestType] [ 9973] - Concept ID:2 :: Step being Executed: 2::1
[INFO ][2015-12-04 19:52:45,589][com.java.TestType] [10011] - dataFields : BNK//select[@id='bank']
[DEBUG][2015-12-04 19:52:45,589][com.java.TestType] [10017] - <In Set values of the page>
[DEBUG][2015-12-04 19:52:45,589][com.java.TestType] [10022] - {Data Fields & Data Values Exist}
[INFO ][2015-12-04 19:52:45,589][com.java.TestType] [10028] - --------------------------setting values-----------------------------
[INFO ][2015-12-04 19:52:45,589][com.java.TestType] [10031] - Action Type : Select
[INFO ][2015-12-04 19:52:45,589][com.java.TestType] [ 5433] - value = PFC
[ERROR][2015-12-04 19:52:45,604][com.java.TestType] [ 5647] - Unable to perform Action Select null
[INFO ][2015-12-04 19:52:45,604][com.java.TestType] [10050] -  RESULT false
[INFO ][2015-12-04 19:52:45,604][com.java.TestType] [10088] - ?   F A I L   ?
[DEBUG][2015-12-04 19:52:45,604][com.java.TestType] [10091] - Browser Type : IE10
[INFO ][2015-12-04 19:52:45,609][com.java.SeleniumDriver] [  910] -  RESULT false
[INFO ][2015-12-04 19:52:45,609][com.java.SeleniumDriver] [  957] - ?   F A I L   ?
[INFO ][2015-12-04 19:52:45,609][com.java.SeleniumDriver] [  965] - Browser Type : IE10
[INFO ][2015-12-04 19:52:45,609][com.java.SeleniumDriver] [  966] - Adding Failed case3
[WARN ][2015-12-04 19:52:45,621][com.java.SeleniumDriver] [ 1026] - Source 'D:\BankersDashboard\TestReports\120415' exists but is a directory
[INFO ][2015-12-04 19:52:45,621][com.java.SeleniumDriver] [ 1080] - failedCases = 2-3,3
[ERROR][2015-12-04 19:52:45,621][com.java.SeleniumDriver] [ 1577] - Platform Errors : Our apologies...::We have encountered an issue with your request.::Our apologies?:We encountered an issue with your request.
[INFO ][2015-12-04 19:52:45,621][com.java.SeleniumDriver] [ 1581] - Length =3
[ERROR][2015-12-04 19:52:45,621][com.java.SeleniumDriver] [ 1584] - Error 0 = Our apologies...
[ERROR][2015-12-04 19:52:45,636][com.java.SeleniumDriver] [ 1598] - Unable to get browser (WARNING: The server did not provide any stacktrace information)
Command duration or timeout: 13 milliseconds
Build info: version: '2.48.2', revision: '41bccdd', time: '2015-10-09 19:59:12'
System info: host: 'FVTIII438F1D', ip: '172.17.68.34', os.name: 'Windows 7', os.arch: 'x86', os.version: '6.1', java.version: '1.7.0_55'
Session ID: 7bcf389b-2ff4-4dec-b71a-3b114af9081d
Driver info: org.openqa.selenium.ie.InternetExplorerDriver
Capabilities [{platform=WINDOWS, javascriptEnabled=true, elementScrollBehavior=0, ignoreZoomSetting=false, enablePersistentHover=true, ie.ensureCleanSession=false, browserName=internet explorer, enableElementCacheCleanup=true, unexpectedAlertBehaviour=dismiss, version=10, ie.usePerProcessProxy=false, ignoreProtectedModeSettings=true, cssSelectorsEnabled=true, requireWindowFocus=false, initialBrowserUrl=http://localhost:39997/, handlesAlerts=true, ie.forceCreateProcessApi=false, nativeEvents=true, browserAttachTimeout=0, ie.browserCommandLineSwitches=, takesScreenshot=true}]
[INFO ][2015-12-04 19:52:45,636][com.java.SeleniumDriver] [ 1600] - FindPlatformErrors exception: Unable to get browser (WARNING: The server did not provide any stacktrace information)
Command duration or timeout: 13 milliseconds
Build info: version: '2.48.2', revision: '41bccdd', time: '2015-10-09 19:59:12'
System info: host: 'FVTIII438F1D', ip: '172.17.68.34', os.name: 'Windows 7', os.arch: 'x86', os.version: '6.1', java.version: '1.7.0_55'
Session ID: 7bcf389b-2ff4-4dec-b71a-3b114af9081d
Driver info: org.openqa.selenium.ie.InternetExplorerDriver
Capabilities [{platform=WINDOWS, javascriptEnabled=true, elementScrollBehavior=0, ignoreZoomSetting=false, enablePersistentHover=true, ie.ensureCleanSession=false, browserName=internet explorer, enableElementCacheCleanup=true, unexpectedAlertBehaviour=dismiss, version=10, ie.usePerProcessProxy=false, ignoreProtectedModeSettings=true, cssSelectorsEnabled=true, requireWindowFocus=false, initialBrowserUrl=http://localhost:39997/, handlesAlerts=true, ie.forceCreateProcessApi=false, nativeEvents=true, browserAttachTimeout=0, ie.browserCommandLineSwitches=, takesScreenshot=true}]
[DEBUG][2015-12-04 19:52:45,636][com.java.SeleniumDriver] [ 1602] - Unable to get the Platform Error list from Hash Map.
[ERROR][2015-12-04 19:52:45,636][com.java.SeleniumDriver] [ 1198] - 
[INFO ][2015-12-04 19:52:45,636][com.java.SeleniumDriver] [  837] - ------------------------------------------
[INFO ][2015-12-04 19:52:45,636][com.java.SeleniumDriver] [  838] - Test case being Executed: 3
[INFO ][2015-12-04 19:52:45,636][com.java.SeleniumDriver] [  849] - Test step:5
[INFO ][2015-12-04 19:52:45,636][com.java.SeleniumDriver] [  861] - Datavalue is----------null
[DEBUG][2015-12-04 19:52:45,636][com.java.SeleniumDriver] [  879] - Exception: null
[INFO ][2015-12-04 19:52:45,636][com.java.SeleniumDriver] [  885] - DataField : //span[@class='icon-stats']&&//a[@data-id="Forecasting"]
[INFO ][2015-12-04 19:52:45,636][com.java.SeleniumDriver] [  887] - DataValue : 
[INFO ][2015-12-04 19:52:45,636][com.java.SeleniumDriver] [  893] - <In Set values of the page>
[INFO ][2015-12-04 19:52:45,636][com.java.SeleniumDriver] [  896] - {Data Fields & Data Values Exist}
[INFO ][2015-12-04 19:52:45,636][com.java.SeleniumDriver] [  898] - --------------------------setting values-----------------------------
[INFO ][2015-12-04 19:52:45,636][com.java.SeleniumDriver] [  901] - Action Type : MOUSEOVER
[ERROR][2015-12-04 19:52:45,651][com.java.TestType] [ 2427] - exception value : Unable to get browser (WARNING: The server did not provide any stacktrace information)
Command duration or timeout: 13 milliseconds
Build info: version: '2.48.2', revision: '41bccdd', time: '2015-10-09 19:59:12'
System info: host: 'FVTIII438F1D', ip: '172.17.68.34', os.name: 'Windows 7', os.arch: 'x86', os.version: '6.1', java.version: '1.7.0_55'
Session ID: 7bcf389b-2ff4-4dec-b71a-3b114af9081d
Driver info: org.openqa.selenium.ie.InternetExplorerDriver
Capabilities [{platform=WINDOWS, javascriptEnabled=true, elementScrollBehavior=0, ignoreZoomSetting=false, enablePersistentHover=true, ie.ensureCleanSession=false, browserName=internet explorer, enableElementCacheCleanup=true, unexpectedAlertBehaviour=dismiss, version=10, ie.usePerProcessProxy=false, ignoreProtectedModeSettings=true, cssSelectorsEnabled=true, requireWindowFocus=false, initialBrowserUrl=http://localhost:39997/, handlesAlerts=true, ie.forceCreateProcessApi=false, nativeEvents=true, browserAttachTimeout=0, ie.browserCommandLineSwitches=, takesScreenshot=true}]
[INFO ][2015-12-04 19:52:45,651][com.java.SeleniumDriver] [  910] -  RESULT false
[INFO ][2015-12-04 19:52:45,651][com.java.SeleniumDriver] [  957] - ?   F A I L   ?
[INFO ][2015-12-04 19:52:45,651][com.java.SeleniumDriver] [  965] - Browser Type : IE10
[INFO ][2015-12-04 19:52:45,651][com.java.SeleniumDriver] [  966] - Adding Failed case3
[WARN ][2015-12-04 19:52:45,664][com.java.SeleniumDriver] [ 1026] - Source 'D:\BankersDashboard\TestReports\120415' exists but is a directory
[INFO ][2015-12-04 19:52:45,664][com.java.SeleniumDriver] [ 1080] - failedCases = 2-3,3,3
[ERROR][2015-12-04 19:52:45,664][com.java.SeleniumDriver] [ 1577] - Platform Errors : Our apologies...::We have encountered an issue with your request.::Our apologies?:We encountered an issue with your request.
[INFO ][2015-12-04 19:52:45,664][com.java.SeleniumDriver] [ 1581] - Length =3
[ERROR][2015-12-04 19:52:45,664][com.java.SeleniumDriver] [ 1584] - Error 0 = Our apologies...
[ERROR][2015-12-04 19:52:45,676][com.java.SeleniumDriver] [ 1598] - Unable to get browser (WARNING: The server did not provide any stacktrace information)
Command duration or timeout: 12 milliseconds
Build info: version: '2.48.2', revision: '41bccdd', time: '2015-10-09 19:59:12'
System info: host: 'FVTIII438F1D', ip: '172.17.68.34', os.name: 'Windows 7', os.arch: 'x86', os.version: '6.1', java.version: '1.7.0_55'
Session ID: 7bcf389b-2ff4-4dec-b71a-3b114af9081d
Driver info: org.openqa.selenium.ie.InternetExplorerDriver
Capabilities [{platform=WINDOWS, javascriptEnabled=true, elementScrollBehavior=0, ignoreZoomSetting=false, enablePersistentHover=true, ie.ensureCleanSession=false, browserName=internet explorer, enableElementCacheCleanup=true, unexpectedAlertBehaviour=dismiss, version=10, ie.usePerProcessProxy=false, ignoreProtectedModeSettings=true, cssSelectorsEnabled=true, requireWindowFocus=false, initialBrowserUrl=http://localhost:39997/, handlesAlerts=true, ie.forceCreateProcessApi=false, nativeEvents=true, browserAttachTimeout=0, ie.browserCommandLineSwitches=, takesScreenshot=true}]
[INFO ][2015-12-04 19:52:45,679][com.java.SeleniumDriver] [ 1600] - FindPlatformErrors exception: Unable to get browser (WARNING: The server did not provide any stacktrace information)
Command duration or timeout: 12 milliseconds
Build info: version: '2.48.2', revision: '41bccdd', time: '2015-10-09 19:59:12'
System info: host: 'FVTIII438F1D', ip: '172.17.68.34', os.name: 'Windows 7', os.arch: 'x86', os.version: '6.1', java.version: '1.7.0_55'
Session ID: 7bcf389b-2ff4-4dec-b71a-3b114af9081d
Driver info: org.openqa.selenium.ie.InternetExplorerDriver
Capabilities [{platform=WINDOWS, javascriptEnabled=true, elementScrollBehavior=0, ignoreZoomSetting=false, enablePersistentHover=true, ie.ensureCleanSession=false, browserName=internet explorer, enableElementCacheCleanup=true, unexpectedAlertBehaviour=dismiss, version=10, ie.usePerProcessProxy=false, ignoreProtectedModeSettings=true, cssSelectorsEnabled=true, requireWindowFocus=false, initialBrowserUrl=http://localhost:39997/, handlesAlerts=true, ie.forceCreateProcessApi=false, nativeEvents=true, browserAttachTimeout=0, ie.browserCommandLineSwitches=, takesScreenshot=true}]
[DEBUG][2015-12-04 19:52:45,679][com.java.SeleniumDriver] [ 1602] - Unable to get the Platform Error list from Hash Map.
[ERROR][2015-12-04 19:52:45,679][com.java.SeleniumDriver] [ 1198] - 
[INFO ][2015-12-04 19:52:45,679][com.java.SeleniumDriver] [  837] - ------------------------------------------
[INFO ][2015-12-04 19:52:45,679][com.java.SeleniumDriver] [  838] - Test case being Executed: 3
[INFO ][2015-12-04 19:52:45,679][com.java.SeleniumDriver] [  849] - Test step:6
[INFO ][2015-12-04 19:52:45,679][com.java.SeleniumDriver] [  861] - Datavalue is----------5
[INFO ][2015-12-04 19:52:45,679][com.java.SeleniumDriver] [  885] - DataField : null
[INFO ][2015-12-04 19:52:45,679][com.java.SeleniumDriver] [  887] - DataValue : 5
[INFO ][2015-12-04 19:52:45,679][com.java.SeleniumDriver] [  893] - <In Set values of the page>
[INFO ][2015-12-04 19:52:45,679][com.java.SeleniumDriver] [  896] - {Data Fields & Data Values Exist}
[INFO ][2015-12-04 19:52:45,679][com.java.SeleniumDriver] [  898] - --------------------------setting values-----------------------------
[INFO ][2015-12-04 19:52:45,679][com.java.SeleniumDriver] [  901] - Action Type : WAITTIME
[DEBUG][2015-12-04 19:52:45,679][com.java.TestType] [ 5253] - sleepTime: 5000
[INFO ][2015-12-04 19:52:50,680][com.java.SeleniumDriver] [  910] -  RESULT true
[INFO ][2015-12-04 19:52:50,680][com.java.SeleniumDriver] [ 1116] - ?   P A S S   ?
[INFO ][2015-12-04 19:52:50,680][com.java.SeleniumDriver] [  837] - ------------------------------------------
[INFO ][2015-12-04 19:52:50,680][com.java.SeleniumDriver] [  838] - Test case being Executed: 3
[INFO ][2015-12-04 19:52:50,680][com.java.SeleniumDriver] [  849] - Test step:7
[INFO ][2015-12-04 19:52:50,680][com.java.SeleniumDriver] [  861] - Datavalue is----------Forecasting 
[INFO ][2015-12-04 19:52:50,680][com.java.SeleniumDriver] [  885] - DataField : TTL
[INFO ][2015-12-04 19:52:50,680][com.java.SeleniumDriver] [  887] - DataValue : Forecasting 
[INFO ][2015-12-04 19:52:50,680][com.java.SeleniumDriver] [  893] - <In Set values of the page>
[INFO ][2015-12-04 19:52:50,680][com.java.SeleniumDriver] [  896] - {Data Fields & Data Values Exist}
[INFO ][2015-12-04 19:52:50,680][com.java.SeleniumDriver] [  898] - --------------------------setting values-----------------------------
[INFO ][2015-12-04 19:52:50,680][com.java.SeleniumDriver] [  901] - Action Type : SELECTWINDOW
