[INFO ][2015-11-06 11:03:08,487][com.java.SeleniumDriver] [  213] - Execute Failed Casesfalse
[INFO ][2015-11-06 11:03:08,503][com.java.SeleniumDriver] [  214] - Browser: IE11
[INFO ][2015-11-06 11:03:08,503][com.java.SeleniumDriver] [  215] - [1, 2]
[INFO ][2015-11-06 11:03:08,503][com.java.SeleniumDriver] [  216] - Total TestCases:2
[INFO ][2015-11-06 11:03:08,503][com.java.SeleniumDriver] [  217] -  Reading Properties from Property File 
[DEBUG][2015-11-06 11:03:08,503][com.java.SeleniumDriver] [  238] - url : https://clients-xuat.bankersdashboard.com
[INFO ][2015-11-06 11:03:08,503][com.java.ImportnExport.ExportTestResultsExcel] [  116] - Time Stamp Fri Nov 06 11:03:08 IST 2015
[INFO ][2015-11-06 11:03:08,503][com.java.ImportnExport.ExportTestResultsExcel] [  175] - OUT FILE : D:\BankersDashboard/TestReports/Test Results_BankersDashBoard_110615_110308_IE11_Any Bank USA.xls
[INFO ][2015-11-06 11:03:08,504][com.java.ImportnExport.ExportTestResultsExcel] [  180] - Test Result file is created
[DEBUG][2015-11-06 11:03:08,613][com.java.SeleniumDriver] [  425] - Hub ip address is-------172.17.68.34
[INFO ][2015-11-06 11:03:08,613][com.java.SeleniumDriver] [  451] - Grid URL:http://172.17.68.34:4444/wd/hub
[INFO ][2015-11-06 11:03:08,613][com.java.SeleniumDriver] [  452] - Capability:Capabilities [{platform=ANY, ensureCleanSession=true, ignoreProtectedModeSettings=true, acceptSslCerts=true, ignoreZoomSetting=true, browserName=internet explorer, browserstack.ie.noFlash=true, version=Node1}]
[ERROR][2015-11-06 11:03:09,923][com.java.SeleniumDriver] [  496] - Unable invoke browser in grid:Could not start a new session. Possible causes are invalid address of the remote server or browser start-up failure.
Build info: version: '2.48.2', revision: '41bccdd', time: '2015-10-09 19:59:12'
System info: host: 'FVTIII438F1D', ip: '172.17.68.34', os.name: 'Windows 7', os.arch: 'x86', os.version: '6.1', java.version: '1.7.0_55'
Driver info: driver.version: SeleniumDriver
[INFO ][2015-11-06 11:03:09,923][com.java.SeleniumDriver] [  498] - Executing on local machine
[INFO ][2015-11-06 11:03:26,230][com.java.SeleniumDriver] [  248] - IE11is opened
[INFO ][2015-11-06 11:03:26,872][com.java.SeleniumDriver] [  752] - Test cases to be executed are: [1, 2]
[INFO ][2015-11-06 11:03:26,872][com.java.ImportnExport.ImportTestDataDetailsExcel] [   49] - test data details path===== D:\BankersDashboard\TestInputs\TestData.xls
[INFO ][2015-11-06 11:03:37,678][com.java.SeleniumDriver] [  788] - ------------------------------------------
[INFO ][2015-11-06 11:03:37,678][com.java.SeleniumDriver] [  789] - Test case being Executed: 1
[INFO ][2015-11-06 11:03:37,679][com.java.SeleniumDriver] [  800] - Test step:1
[INFO ][2015-11-06 11:03:37,679][com.java.SeleniumDriver] [  812] - Datavalue is----------Concept#1:1-14
[INFO ][2015-11-06 11:03:37,679][com.java.SeleniumDriver] [  836] - DataField : test
[INFO ][2015-11-06 11:03:37,679][com.java.SeleniumDriver] [  838] - DataValue : Concept#1:1-14
[INFO ][2015-11-06 11:03:37,679][com.java.SeleniumDriver] [  844] - <In Set values of the page>
[INFO ][2015-11-06 11:03:37,679][com.java.SeleniumDriver] [  847] - {Data Fields & Data Values Exist}
[INFO ][2015-11-06 11:03:37,679][com.java.SeleniumDriver] [  849] - --------------------------setting values-----------------------------
[INFO ][2015-11-06 11:03:37,679][com.java.SeleniumDriver] [  852] - Action Type : ExecuteTestCase
[INFO ][2015-11-06 11:03:37,710][com.java.TestType] [  414] - The Concept sheet name is ---------- Concept
[INFO ][2015-11-06 11:03:37,710][com.java.TestType] [  417] - The Concept ID  is ---------- 1
[DEBUG][2015-11-06 11:03:37,710][com.java.TestType] [  421] - Steps being executted in the Concept are: 1:14
[INFO ][2015-11-06 11:03:37,710][com.java.TestType] [  428] - Test data details path ---------- D:\BankersDashboard\TestInputs\TestData.xls
[INFO ][2015-11-06 11:03:37,726][com.java.TestType] [  459] -  str(1) = 1
[INFO ][2015-11-06 11:03:37,726][com.java.TestType] [  462] - Test case Id is---1
[INFO ][2015-11-06 11:03:37,726][com.java.TestType] [  464] - 1
[INFO ][2015-11-06 11:03:37,726][com.java.TestType] [  459] -  str(2) = 1
[INFO ][2015-11-06 11:03:37,741][com.java.TestType] [  511] - row values are--------{1=com.java.Objects.TestDataDetails@19c93f4}
[INFO ][2015-11-06 11:03:37,741][com.java.TestType] [  459] -  str(1) = 1
[INFO ][2015-11-06 11:03:37,741][com.java.TestType] [  462] - Test case Id is---1
[INFO ][2015-11-06 11:03:37,741][com.java.TestType] [  464] - 1
[INFO ][2015-11-06 11:03:37,741][com.java.TestType] [  459] -  str(2) = 2
[INFO ][2015-11-06 11:03:37,741][com.java.TestType] [  511] - row values are--------{1=com.java.Objects.TestDataDetails@19c93f4, 2=com.java.Objects.TestDataDetails@ea1ac9}
[INFO ][2015-11-06 11:03:37,741][com.java.TestType] [  459] -  str(1) = 1
[INFO ][2015-11-06 11:03:37,741][com.java.TestType] [  462] - Test case Id is---1
[INFO ][2015-11-06 11:03:37,741][com.java.TestType] [  464] - 1
[INFO ][2015-11-06 11:03:37,741][com.java.TestType] [  459] -  str(2) = 3
[INFO ][2015-11-06 11:03:37,741][com.java.TestType] [  511] - row values are--------{1=com.java.Objects.TestDataDetails@19c93f4, 2=com.java.Objects.TestDataDetails@ea1ac9, 3=com.java.Objects.TestDataDetails@16e8707}
[INFO ][2015-11-06 11:03:37,741][com.java.TestType] [  459] -  str(1) = 1
[INFO ][2015-11-06 11:03:37,741][com.java.TestType] [  462] - Test case Id is---1
[INFO ][2015-11-06 11:03:37,741][com.java.TestType] [  464] - 1
[INFO ][2015-11-06 11:03:37,741][com.java.TestType] [  459] -  str(2) = 4
[INFO ][2015-11-06 11:03:37,741][com.java.TestType] [  511] - row values are--------{1=com.java.Objects.TestDataDetails@19c93f4, 2=com.java.Objects.TestDataDetails@ea1ac9, 3=com.java.Objects.TestDataDetails@16e8707, 4=com.java.Objects.TestDataDetails@144f423}
[INFO ][2015-11-06 11:03:37,741][com.java.TestType] [  459] -  str(1) = 1
[INFO ][2015-11-06 11:03:37,741][com.java.TestType] [  462] - Test case Id is---1
[INFO ][2015-11-06 11:03:37,741][com.java.TestType] [  464] - 1
[INFO ][2015-11-06 11:03:37,741][com.java.TestType] [  459] -  str(2) = 5
[INFO ][2015-11-06 11:03:37,741][com.java.TestType] [  511] - row values are--------{1=com.java.Objects.TestDataDetails@19c93f4, 2=com.java.Objects.TestDataDetails@ea1ac9, 3=com.java.Objects.TestDataDetails@16e8707, 4=com.java.Objects.TestDataDetails@144f423, 5=com.java.Objects.TestDataDetails@1b2a5c}
[INFO ][2015-11-06 11:03:37,741][com.java.TestType] [  459] -  str(1) = 1
[INFO ][2015-11-06 11:03:37,741][com.java.TestType] [  462] - Test case Id is---1
[INFO ][2015-11-06 11:03:37,741][com.java.TestType] [  464] - 1
[INFO ][2015-11-06 11:03:37,741][com.java.TestType] [  459] -  str(2) = 6
[INFO ][2015-11-06 11:03:37,741][com.java.TestType] [  511] - row values are--------{1=com.java.Objects.TestDataDetails@19c93f4, 2=com.java.Objects.TestDataDetails@ea1ac9, 3=com.java.Objects.TestDataDetails@16e8707, 4=com.java.Objects.TestDataDetails@144f423, 5=com.java.Objects.TestDataDetails@1b2a5c, 6=com.java.Objects.TestDataDetails@11f2b31}
[INFO ][2015-11-06 11:03:37,741][com.java.TestType] [  459] -  str(1) = 1
[INFO ][2015-11-06 11:03:37,741][com.java.TestType] [  462] - Test case Id is---1
[INFO ][2015-11-06 11:03:37,741][com.java.TestType] [  464] - 1
[INFO ][2015-11-06 11:03:37,741][com.java.TestType] [  459] -  str(2) = 7
[INFO ][2015-11-06 11:03:37,741][com.java.TestType] [  511] - row values are--------{1=com.java.Objects.TestDataDetails@19c93f4, 2=com.java.Objects.TestDataDetails@ea1ac9, 3=com.java.Objects.TestDataDetails@16e8707, 4=com.java.Objects.TestDataDetails@144f423, 5=com.java.Objects.TestDataDetails@1b2a5c, 6=com.java.Objects.TestDataDetails@11f2b31, 7=com.java.Objects.TestDataDetails@116bccb}
[INFO ][2015-11-06 11:03:37,741][com.java.TestType] [  459] -  str(1) = 1
[INFO ][2015-11-06 11:03:37,741][com.java.TestType] [  462] - Test case Id is---1
[INFO ][2015-11-06 11:03:37,741][com.java.TestType] [  464] - 1
[INFO ][2015-11-06 11:03:37,741][com.java.TestType] [  459] -  str(2) = 8
[INFO ][2015-11-06 11:03:37,741][com.java.TestType] [  511] - row values are--------{1=com.java.Objects.TestDataDetails@19c93f4, 2=com.java.Objects.TestDataDetails@ea1ac9, 3=com.java.Objects.TestDataDetails@16e8707, 4=com.java.Objects.TestDataDetails@144f423, 5=com.java.Objects.TestDataDetails@1b2a5c, 6=com.java.Objects.TestDataDetails@11f2b31, 7=com.java.Objects.TestDataDetails@116bccb, 8=com.java.Objects.TestDataDetails@1ac5211}
[INFO ][2015-11-06 11:03:37,757][com.java.TestType] [  459] -  str(1) = 1
[INFO ][2015-11-06 11:03:37,757][com.java.TestType] [  462] - Test case Id is---1
[INFO ][2015-11-06 11:03:37,757][com.java.TestType] [  464] - 1
[INFO ][2015-11-06 11:03:37,757][com.java.TestType] [  459] -  str(2) = 9
[INFO ][2015-11-06 11:03:37,757][com.java.TestType] [  511] - row values are--------{1=com.java.Objects.TestDataDetails@19c93f4, 2=com.java.Objects.TestDataDetails@ea1ac9, 3=com.java.Objects.TestDataDetails@16e8707, 4=com.java.Objects.TestDataDetails@144f423, 5=com.java.Objects.TestDataDetails@1b2a5c, 6=com.java.Objects.TestDataDetails@11f2b31, 7=com.java.Objects.TestDataDetails@116bccb, 8=com.java.Objects.TestDataDetails@1ac5211, 9=com.java.Objects.TestDataDetails@17a56a7}
[INFO ][2015-11-06 11:03:37,757][com.java.TestType] [  459] -  str(1) = 1
[INFO ][2015-11-06 11:03:37,757][com.java.TestType] [  462] - Test case Id is---1
[INFO ][2015-11-06 11:03:37,757][com.java.TestType] [  464] - 1
[INFO ][2015-11-06 11:03:37,757][com.java.TestType] [  459] -  str(2) = 10
[INFO ][2015-11-06 11:03:37,757][com.java.TestType] [  511] - row values are--------{1=com.java.Objects.TestDataDetails@19c93f4, 2=com.java.Objects.TestDataDetails@ea1ac9, 3=com.java.Objects.TestDataDetails@16e8707, 4=com.java.Objects.TestDataDetails@144f423, 5=com.java.Objects.TestDataDetails@1b2a5c, 6=com.java.Objects.TestDataDetails@11f2b31, 7=com.java.Objects.TestDataDetails@116bccb, 8=com.java.Objects.TestDataDetails@1ac5211, 9=com.java.Objects.TestDataDetails@17a56a7, 10=com.java.Objects.TestDataDetails@fd8890}
[INFO ][2015-11-06 11:03:37,757][com.java.TestType] [  459] -  str(1) = 1
[INFO ][2015-11-06 11:03:37,757][com.java.TestType] [  462] - Test case Id is---1
[INFO ][2015-11-06 11:03:37,757][com.java.TestType] [  464] - 1
[INFO ][2015-11-06 11:03:37,757][com.java.TestType] [  459] -  str(2) = 11
[INFO ][2015-11-06 11:03:37,757][com.java.TestType] [  511] - row values are--------{1=com.java.Objects.TestDataDetails@19c93f4, 2=com.java.Objects.TestDataDetails@ea1ac9, 3=com.java.Objects.TestDataDetails@16e8707, 4=com.java.Objects.TestDataDetails@144f423, 5=com.java.Objects.TestDataDetails@1b2a5c, 6=com.java.Objects.TestDataDetails@11f2b31, 7=com.java.Objects.TestDataDetails@116bccb, 8=com.java.Objects.TestDataDetails@1ac5211, 9=com.java.Objects.TestDataDetails@17a56a7, 10=com.java.Objects.TestDataDetails@fd8890, 11=com.java.Objects.TestDataDetails@98e5da}
[INFO ][2015-11-06 11:03:37,757][com.java.TestType] [  459] -  str(1) = 1
[INFO ][2015-11-06 11:03:37,757][com.java.TestType] [  462] - Test case Id is---1
[INFO ][2015-11-06 11:03:37,757][com.java.TestType] [  464] - 1
[INFO ][2015-11-06 11:03:37,757][com.java.TestType] [  459] -  str(2) = 12
[INFO ][2015-11-06 11:03:37,757][com.java.TestType] [  511] - row values are--------{1=com.java.Objects.TestDataDetails@19c93f4, 2=com.java.Objects.TestDataDetails@ea1ac9, 3=com.java.Objects.TestDataDetails@16e8707, 4=com.java.Objects.TestDataDetails@144f423, 5=com.java.Objects.TestDataDetails@1b2a5c, 6=com.java.Objects.TestDataDetails@11f2b31, 7=com.java.Objects.TestDataDetails@116bccb, 8=com.java.Objects.TestDataDetails@1ac5211, 9=com.java.Objects.TestDataDetails@17a56a7, 10=com.java.Objects.TestDataDetails@fd8890, 11=com.java.Objects.TestDataDetails@98e5da, 12=com.java.Objects.TestDataDetails@1ed8c20}
[INFO ][2015-11-06 11:03:37,757][com.java.TestType] [  459] -  str(1) = 1
[INFO ][2015-11-06 11:03:37,757][com.java.TestType] [  462] - Test case Id is---1
[INFO ][2015-11-06 11:03:37,757][com.java.TestType] [  464] - 1
[INFO ][2015-11-06 11:03:37,757][com.java.TestType] [  459] -  str(2) = 13
[INFO ][2015-11-06 11:03:37,757][com.java.TestType] [  511] - row values are--------{1=com.java.Objects.TestDataDetails@19c93f4, 2=com.java.Objects.TestDataDetails@ea1ac9, 3=com.java.Objects.TestDataDetails@16e8707, 4=com.java.Objects.TestDataDetails@144f423, 5=com.java.Objects.TestDataDetails@1b2a5c, 6=com.java.Objects.TestDataDetails@11f2b31, 7=com.java.Objects.TestDataDetails@116bccb, 8=com.java.Objects.TestDataDetails@1ac5211, 9=com.java.Objects.TestDataDetails@17a56a7, 10=com.java.Objects.TestDataDetails@fd8890, 11=com.java.Objects.TestDataDetails@98e5da, 12=com.java.Objects.TestDataDetails@1ed8c20, 13=com.java.Objects.TestDataDetails@da5bd7}
[INFO ][2015-11-06 11:03:37,757][com.java.TestType] [  459] -  str(1) = 1
[INFO ][2015-11-06 11:03:37,757][com.java.TestType] [  462] - Test case Id is---1
[INFO ][2015-11-06 11:03:37,757][com.java.TestType] [  464] - 1
[INFO ][2015-11-06 11:03:37,757][com.java.TestType] [  459] -  str(2) = 14
[INFO ][2015-11-06 11:03:37,757][com.java.TestType] [  511] - row values are--------{1=com.java.Objects.TestDataDetails@19c93f4, 2=com.java.Objects.TestDataDetails@ea1ac9, 3=com.java.Objects.TestDataDetails@16e8707, 4=com.java.Objects.TestDataDetails@144f423, 5=com.java.Objects.TestDataDetails@1b2a5c, 6=com.java.Objects.TestDataDetails@11f2b31, 7=com.java.Objects.TestDataDetails@116bccb, 8=com.java.Objects.TestDataDetails@1ac5211, 9=com.java.Objects.TestDataDetails@17a56a7, 10=com.java.Objects.TestDataDetails@fd8890, 11=com.java.Objects.TestDataDetails@98e5da, 12=com.java.Objects.TestDataDetails@1ed8c20, 13=com.java.Objects.TestDataDetails@da5bd7, 14=com.java.Objects.TestDataDetails@1689f7c}
[INFO ][2015-11-06 11:03:37,757][com.java.TestType] [ 7986] - Looping 1TCID = 1
[DEBUG][2015-11-06 11:03:37,757][com.java.TestType] [ 8027] - Concept ID:1 :: Step being Executed: 1::1
[INFO ][2015-11-06 11:03:37,757][com.java.TestType] [ 8065] - dataFields : TXTusername
[DEBUG][2015-11-06 11:03:37,757][com.java.TestType] [ 8071] - <In Set values of the page>
[DEBUG][2015-11-06 11:03:37,757][com.java.TestType] [ 8076] - {Data Fields & Data Values Exist}
[INFO ][2015-11-06 11:03:37,757][com.java.TestType] [ 8082] - --------------------------setting values-----------------------------
[INFO ][2015-11-06 11:03:37,757][com.java.TestType] [ 8085] - Action Type : CLEARANDENTER
[INFO ][2015-11-06 11:03:37,757][com.java.TestType] [ 3837] - value = naresh.nayini.00000
[INFO ][2015-11-06 11:03:42,781][com.java.TestType] [ 8104] -  RESULT true
[INFO ][2015-11-06 11:03:42,781][com.java.TestType] [ 8221] - ?   P A S S   ?
[DEBUG][2015-11-06 11:03:42,781][com.java.TestType] [ 8027] - Concept ID:1 :: Step being Executed: 1::2
[INFO ][2015-11-06 11:03:42,781][com.java.TestType] [ 8065] - dataFields : TXTpassword
[DEBUG][2015-11-06 11:03:42,781][com.java.TestType] [ 8071] - <In Set values of the page>
[DEBUG][2015-11-06 11:03:42,781][com.java.TestType] [ 8076] - {Data Fields & Data Values Exist}
[INFO ][2015-11-06 11:03:42,781][com.java.TestType] [ 8082] - --------------------------setting values-----------------------------
[INFO ][2015-11-06 11:03:42,781][com.java.TestType] [ 8085] - Action Type : CLEARANDENTER
[INFO ][2015-11-06 11:03:42,781][com.java.TestType] [ 3837] - value = Password1*
[INFO ][2015-11-06 11:03:47,969][com.java.TestType] [ 8104] -  RESULT true
[INFO ][2015-11-06 11:03:47,969][com.java.TestType] [ 8221] - ?   P A S S   ?
[DEBUG][2015-11-06 11:03:47,969][com.java.TestType] [ 8027] - Concept ID:1 :: Step being Executed: 1::3
[ERROR][2015-11-06 11:03:47,969][com.java.TestType] [ 8060] - Exception: null
[INFO ][2015-11-06 11:03:47,969][com.java.TestType] [ 8065] - dataFields : XPH//button[@type='submit']
[DEBUG][2015-11-06 11:03:47,969][com.java.TestType] [ 8071] - <In Set values of the page>
[DEBUG][2015-11-06 11:03:47,969][com.java.TestType] [ 8076] - {Data Fields & Data Values Exist}
[INFO ][2015-11-06 11:03:47,969][com.java.TestType] [ 8082] - --------------------------setting values-----------------------------
[INFO ][2015-11-06 11:03:47,969][com.java.TestType] [ 8085] - Action Type : Click
[INFO ][2015-11-06 11:03:47,969][com.java.TestType] [ 4150] - Field ::XPH//button[@type='submit']
[INFO ][2015-11-06 11:03:48,983][com.java.TestType] [ 4209] - BEFORE CLICK
[INFO ][2015-11-06 11:03:49,874][com.java.TestType] [ 4217] - Unable to click the object Login
[INFO ][2015-11-06 11:03:49,874][com.java.TestType] [ 8104] -  RESULT true
[INFO ][2015-11-06 11:03:49,874][com.java.TestType] [ 8221] - ?   P A S S   ?
[DEBUG][2015-11-06 11:03:49,874][com.java.TestType] [ 8027] - Concept ID:1 :: Step being Executed: 1::4
[INFO ][2015-11-06 11:03:49,874][com.java.TestType] [ 8065] - dataFields : LNKLogout
[DEBUG][2015-11-06 11:03:49,874][com.java.TestType] [ 8071] - <In Set values of the page>
[DEBUG][2015-11-06 11:03:49,874][com.java.TestType] [ 8076] - {Data Fields & Data Values Exist}
[INFO ][2015-11-06 11:03:49,874][com.java.TestType] [ 8082] - --------------------------setting values-----------------------------
[INFO ][2015-11-06 11:03:49,874][com.java.TestType] [ 8085] - Action Type : WaitForElement
[INFO ][2015-11-06 11:03:56,252][com.java.TestType] [ 8104] -  RESULT true
[INFO ][2015-11-06 11:03:56,252][com.java.TestType] [ 8221] - ?   P A S S   ?
[DEBUG][2015-11-06 11:03:56,252][com.java.TestType] [ 8027] - Concept ID:1 :: Step being Executed: 1::13
[INFO ][2015-11-06 11:03:56,252][com.java.TestType] [ 8065] - dataFields : LNK
[DEBUG][2015-11-06 11:03:56,252][com.java.TestType] [ 8071] - <In Set values of the page>
[DEBUG][2015-11-06 11:03:56,252][com.java.TestType] [ 8076] - {Data Fields & Data Values Exist}
[INFO ][2015-11-06 11:03:56,252][com.java.TestType] [ 8082] - --------------------------setting values-----------------------------
[INFO ][2015-11-06 11:03:56,252][com.java.TestType] [ 8085] - Action Type : Verify
[INFO ][2015-11-06 11:03:56,252][com.java.TestType] [ 4963] - field= LNK value= Logout
[INFO ][2015-11-06 11:03:56,253][com.java.TestType] [ 3837] - value = Logout
[INFO ][2015-11-06 11:03:56,288][com.java.TestType] [ 8104] -  RESULT true
[INFO ][2015-11-06 11:03:56,288][com.java.TestType] [ 8221] - ?   P A S S   ?
[DEBUG][2015-11-06 11:03:56,288][com.java.TestType] [ 8027] - Concept ID:1 :: Step being Executed: 1::14
[INFO ][2015-11-06 11:03:56,288][com.java.TestType] [ 8065] - dataFields : BTN
[DEBUG][2015-11-06 11:03:56,288][com.java.TestType] [ 8071] - <In Set values of the page>
[DEBUG][2015-11-06 11:03:56,288][com.java.TestType] [ 8076] - {Data Fields & Data Values Exist}
[INFO ][2015-11-06 11:03:56,291][com.java.TestType] [ 8082] - --------------------------setting values-----------------------------
[INFO ][2015-11-06 11:03:56,291][com.java.TestType] [ 8085] - Action Type : Verify
[INFO ][2015-11-06 11:03:56,291][com.java.TestType] [ 4963] - field= BTN value= //img[contains(@src,'bdlogo.jpg')]
[INFO ][2015-11-06 11:03:56,291][com.java.TestType] [ 3837] - value = //img[contains(@src,'bdlogo.jpg')]
[INFO ][2015-11-06 11:03:56,321][com.java.TestType] [ 8104] -  RESULT true
[INFO ][2015-11-06 11:03:56,321][com.java.TestType] [ 8221] - ?   P A S S   ?
[INFO ][2015-11-06 11:03:56,321][com.java.TestType] [ 8292] - Looping End......
[INFO ][2015-11-06 11:03:56,326][com.java.SeleniumDriver] [  861] -  RESULT true
[INFO ][2015-11-06 11:03:56,326][com.java.SeleniumDriver] [ 1066] - ?   P A S S   ?
[INFO ][2015-11-06 11:03:56,326][com.java.SeleniumDriver] [  788] - ------------------------------------------
[INFO ][2015-11-06 11:03:56,326][com.java.SeleniumDriver] [  789] - Test case being Executed: 1
[INFO ][2015-11-06 11:03:56,326][com.java.SeleniumDriver] [  800] - Test step:2
[INFO ][2015-11-06 11:03:56,326][com.java.SeleniumDriver] [  812] - Datavalue is----------Concept#2:1-2
[INFO ][2015-11-06 11:03:56,326][com.java.SeleniumDriver] [  836] - DataField : test
[INFO ][2015-11-06 11:03:56,326][com.java.SeleniumDriver] [  838] - DataValue : Concept#2:1-2
[INFO ][2015-11-06 11:03:56,326][com.java.SeleniumDriver] [  844] - <In Set values of the page>
[INFO ][2015-11-06 11:03:56,328][com.java.SeleniumDriver] [  847] - {Data Fields & Data Values Exist}
[INFO ][2015-11-06 11:03:56,328][com.java.SeleniumDriver] [  849] - --------------------------setting values-----------------------------
[INFO ][2015-11-06 11:03:56,328][com.java.SeleniumDriver] [  852] - Action Type : ExecuteTestCase
[INFO ][2015-11-06 11:03:56,328][com.java.TestType] [  414] - The Concept sheet name is ---------- Concept
[INFO ][2015-11-06 11:03:56,328][com.java.TestType] [  417] - The Concept ID  is ---------- 2
[DEBUG][2015-11-06 11:03:56,328][com.java.TestType] [  421] - Steps being executted in the Concept are: 1:2
[INFO ][2015-11-06 11:03:56,328][com.java.TestType] [  428] - Test data details path ---------- D:\BankersDashboard\TestInputs\TestData.xls
[INFO ][2015-11-06 11:03:56,358][com.java.TestType] [  459] -  str(1) = 2
[INFO ][2015-11-06 11:03:56,358][com.java.TestType] [  462] - Test case Id is---2
[INFO ][2015-11-06 11:03:56,358][com.java.TestType] [  464] - 2
[INFO ][2015-11-06 11:03:56,358][com.java.TestType] [  459] -  str(2) = 1
[INFO ][2015-11-06 11:03:56,361][com.java.TestType] [  511] - row values are--------{1=com.java.Objects.TestDataDetails@2b25b8}
[INFO ][2015-11-06 11:03:56,361][com.java.TestType] [  459] -  str(1) = 2
[INFO ][2015-11-06 11:03:56,361][com.java.TestType] [  462] - Test case Id is---2
[INFO ][2015-11-06 11:03:56,361][com.java.TestType] [  464] - 2
[INFO ][2015-11-06 11:03:56,363][com.java.TestType] [  459] -  str(2) = 2
[INFO ][2015-11-06 11:03:56,363][com.java.TestType] [  511] - row values are--------{1=com.java.Objects.TestDataDetails@2b25b8, 2=com.java.Objects.TestDataDetails@157385e}
[INFO ][2015-11-06 11:03:56,363][com.java.TestType] [  459] -  str(1) = 2
[INFO ][2015-11-06 11:03:56,363][com.java.TestType] [  462] - Test case Id is---2
[INFO ][2015-11-06 11:03:56,363][com.java.TestType] [  464] - 2
[INFO ][2015-11-06 11:03:56,363][com.java.TestType] [  459] -  str(2) = 3
[INFO ][2015-11-06 11:03:56,363][com.java.TestType] [  511] - row values are--------{1=com.java.Objects.TestDataDetails@2b25b8, 2=com.java.Objects.TestDataDetails@157385e, 3=com.java.Objects.TestDataDetails@1293b95}
[INFO ][2015-11-06 11:03:56,363][com.java.TestType] [ 7986] - Looping 1TCID = 2
[DEBUG][2015-11-06 11:03:56,363][com.java.TestType] [ 8027] - Concept ID:2 :: Step being Executed: 2::1
[INFO ][2015-11-06 11:03:56,363][com.java.TestType] [ 8065] - dataFields : BNK//select[@id='bank']
[DEBUG][2015-11-06 11:03:56,363][com.java.TestType] [ 8071] - <In Set values of the page>
[DEBUG][2015-11-06 11:03:56,363][com.java.TestType] [ 8076] - {Data Fields & Data Values Exist}
[INFO ][2015-11-06 11:03:56,363][com.java.TestType] [ 8082] - --------------------------setting values-----------------------------
[INFO ][2015-11-06 11:03:56,363][com.java.TestType] [ 8085] - Action Type : Select
[INFO ][2015-11-06 11:03:56,366][com.java.TestType] [ 3837] - value = PFC
[INFO ][2015-11-06 11:03:56,561][com.java.TestType] [ 8104] -  RESULT true
[INFO ][2015-11-06 11:03:56,561][com.java.TestType] [ 8221] - ?   P A S S   ?
[DEBUG][2015-11-06 11:03:56,561][com.java.TestType] [ 8027] - Concept ID:2 :: Step being Executed: 2::2
[INFO ][2015-11-06 11:03:56,561][com.java.TestType] [ 8065] - dataFields : LNKLogout
[DEBUG][2015-11-06 11:03:56,561][com.java.TestType] [ 8071] - <In Set values of the page>
[DEBUG][2015-11-06 11:03:56,561][com.java.TestType] [ 8076] - {Data Fields & Data Values Exist}
[INFO ][2015-11-06 11:03:56,561][com.java.TestType] [ 8082] - --------------------------setting values-----------------------------
[INFO ][2015-11-06 11:03:56,561][com.java.TestType] [ 8085] - Action Type : WaitTime
[DEBUG][2015-11-06 11:03:56,563][com.java.TestType] [ 3736] - sleepTime: 5000
[INFO ][2015-11-06 11:04:01,563][com.java.TestType] [ 8104] -  RESULT true
[INFO ][2015-11-06 11:04:01,563][com.java.TestType] [ 8221] - ?   P A S S   ?
[INFO ][2015-11-06 11:04:01,563][com.java.TestType] [ 8292] - Looping End......
[INFO ][2015-11-06 11:04:01,564][com.java.SeleniumDriver] [  861] -  RESULT true
[INFO ][2015-11-06 11:04:01,564][com.java.SeleniumDriver] [ 1066] - ?   P A S S   ?
[INFO ][2015-11-06 11:04:01,564][com.java.SeleniumDriver] [  788] - ------------------------------------------
[INFO ][2015-11-06 11:04:01,564][com.java.SeleniumDriver] [  789] - Test case being Executed: 1
[INFO ][2015-11-06 11:04:01,564][com.java.SeleniumDriver] [  800] - Test step:3
[INFO ][2015-11-06 11:04:01,564][com.java.SeleniumDriver] [  812] - Datavalue is----------2
[INFO ][2015-11-06 11:04:01,564][com.java.SeleniumDriver] [  836] - DataField : XPH//button[contains(text(),'Add Content')]
[INFO ][2015-11-06 11:04:01,564][com.java.SeleniumDriver] [  838] - DataValue : 2
[INFO ][2015-11-06 11:04:01,564][com.java.SeleniumDriver] [  844] - <In Set values of the page>
[INFO ][2015-11-06 11:04:01,564][com.java.SeleniumDriver] [  847] - {Data Fields & Data Values Exist}
[INFO ][2015-11-06 11:04:01,564][com.java.SeleniumDriver] [  849] - --------------------------setting values-----------------------------
[INFO ][2015-11-06 11:04:01,564][com.java.SeleniumDriver] [  852] - Action Type : WAITFORELEMENT
[INFO ][2015-11-06 11:04:01,599][com.java.SeleniumDriver] [  861] -  RESULT true
[INFO ][2015-11-06 11:04:01,599][com.java.SeleniumDriver] [ 1066] - ?   P A S S   ?
[DEBUG][2015-11-06 11:04:01,599][com.java.SeleniumDriver] [ 1168] - Case found
[DEBUG][2015-11-06 11:04:01,599][com.java.SeleniumDriver] [ 1173] - Incrementing ReportCounters[0]:1
[INFO ][2015-11-06 11:04:01,599][com.java.SeleniumDriver] [ 1192] - The results are-------------------[1, 1, Valid Login, Pass, , Fri Nov 06 11:03:56 IST 2015, 1, 2, Valid Login, Pass, , Fri Nov 06 11:04:01 IST 2015, 1, 3, Valid Login, Pass, , Fri Nov 06 11:04:01 IST 2015]
[INFO ][2015-11-06 11:04:01,599][com.java.SeleniumDriver] [ 1196] - End time is-------55 sec
[INFO ][2015-11-06 11:04:01,599][com.java.SeleniumDriver] [ 1197] - The results are-------------------[1, 1, Valid Login, Pass, , Fri Nov 06 11:03:56 IST 2015, 1, 2, Valid Login, Pass, , Fri Nov 06 11:04:01 IST 2015, 1, 3, Valid Login, Pass, , Fri Nov 06 11:04:01 IST 2015]
[DEBUG][2015-11-06 11:04:01,599][com.java.ImportnExport.ExportTestResultsExcel] [  222] - testResultPath = D:\BankersDashboard/TestReports/Test Results_BankersDashBoard_110615_110308_IE11_Any Bank USA.xls
[DEBUG][2015-11-06 11:04:01,599][com.java.ImportnExport.ExportTestResultsExcel] [  223] - browser is------------IE11
[DEBUG][2015-11-06 11:04:01,642][com.java.ImportnExport.ExportTestResultsExcel] [  270] - result.size() = 18
[DEBUG][2015-11-06 11:04:01,642][com.java.ImportnExport.ExportTestResultsExcel] [  274] - No of rows in sheet=1
[DEBUG][2015-11-06 11:04:01,642][com.java.ImportnExport.ExportTestResultsExcel] [  301] - ..in export..1
[DEBUG][2015-11-06 11:04:01,642][com.java.ImportnExport.ExportTestResultsExcel] [  301] - ..in export..Valid Login
[DEBUG][2015-11-06 11:04:01,642][com.java.ImportnExport.ExportTestResultsExcel] [  301] - ..in export..Pass
[DEBUG][2015-11-06 11:04:01,642][com.java.ImportnExport.ExportTestResultsExcel] [  301] - ..in export..
[DEBUG][2015-11-06 11:04:01,642][com.java.ImportnExport.ExportTestResultsExcel] [  301] - ..in export..Fri Nov 06 11:03:56 IST 2015
[INFO ][2015-11-06 11:04:01,644][com.java.SeleniumDriver] [ 1255] - out loop:0 size:2 TestCases:[1, 2] testcases:[1, 2]
[INFO ][2015-11-06 11:04:01,644][com.java.ImportnExport.ImportTestDataDetailsExcel] [   49] - test data details path===== D:\BankersDashboard\TestInputs\TestData.xls
[INFO ][2015-11-06 11:04:14,270][com.java.SeleniumDriver] [  788] - ------------------------------------------
[INFO ][2015-11-06 11:04:14,270][com.java.SeleniumDriver] [  789] - Test case being Executed: 2
[INFO ][2015-11-06 11:04:14,270][com.java.SeleniumDriver] [  800] - Test step:1
[INFO ][2015-11-06 11:04:14,270][com.java.SeleniumDriver] [  812] - Datavalue is----------null
[DEBUG][2015-11-06 11:04:14,272][com.java.SeleniumDriver] [  830] - Exception: null
[INFO ][2015-11-06 11:04:14,272][com.java.SeleniumDriver] [  836] - DataField : LNKG/L
[INFO ][2015-11-06 11:04:14,272][com.java.SeleniumDriver] [  838] - DataValue : 
[INFO ][2015-11-06 11:04:14,272][com.java.SeleniumDriver] [  844] - <In Set values of the page>
[INFO ][2015-11-06 11:04:14,272][com.java.SeleniumDriver] [  847] - {Data Fields & Data Values Exist}
[INFO ][2015-11-06 11:04:14,272][com.java.SeleniumDriver] [  849] - --------------------------setting values-----------------------------
[INFO ][2015-11-06 11:04:14,272][com.java.SeleniumDriver] [  852] - Action Type : WAITFORELEMENT
[INFO ][2015-11-06 11:04:14,319][com.java.SeleniumDriver] [  861] -  RESULT true
[INFO ][2015-11-06 11:04:14,319][com.java.SeleniumDriver] [ 1066] - ?   P A S S   ?
[INFO ][2015-11-06 11:04:14,319][com.java.SeleniumDriver] [  788] - ------------------------------------------
[INFO ][2015-11-06 11:04:14,319][com.java.SeleniumDriver] [  789] - Test case being Executed: 2
[INFO ][2015-11-06 11:04:14,319][com.java.SeleniumDriver] [  800] - Test step:2
[INFO ][2015-11-06 11:04:14,319][com.java.SeleniumDriver] [  812] - Datavalue is----------Concept#4:1-20
[INFO ][2015-11-06 11:04:14,319][com.java.SeleniumDriver] [  836] - DataField : test
[INFO ][2015-11-06 11:04:14,319][com.java.SeleniumDriver] [  838] - DataValue : Concept#4:1-20
[INFO ][2015-11-06 11:04:14,319][com.java.SeleniumDriver] [  844] - <In Set values of the page>
[INFO ][2015-11-06 11:04:14,319][com.java.SeleniumDriver] [  847] - {Data Fields & Data Values Exist}
[INFO ][2015-11-06 11:04:14,319][com.java.SeleniumDriver] [  849] - --------------------------setting values-----------------------------
[INFO ][2015-11-06 11:04:14,319][com.java.SeleniumDriver] [  852] - Action Type : ExecuteTestCase
[INFO ][2015-11-06 11:04:14,321][com.java.TestType] [  414] - The Concept sheet name is ---------- Concept
[INFO ][2015-11-06 11:04:14,321][com.java.TestType] [  417] - The Concept ID  is ---------- 4
[DEBUG][2015-11-06 11:04:14,321][com.java.TestType] [  421] - Steps being executted in the Concept are: 1:20
[INFO ][2015-11-06 11:04:14,321][com.java.TestType] [  428] - Test data details path ---------- D:\BankersDashboard\TestInputs\TestData.xls
[INFO ][2015-11-06 11:04:14,354][com.java.TestType] [  459] -  str(1) = 4
[INFO ][2015-11-06 11:04:14,354][com.java.TestType] [  462] - Test case Id is---4
[INFO ][2015-11-06 11:04:14,354][com.java.TestType] [  464] - 4
[INFO ][2015-11-06 11:04:14,354][com.java.TestType] [  459] -  str(2) = 1
[INFO ][2015-11-06 11:04:14,356][com.java.TestType] [  511] - row values are--------{1=com.java.Objects.TestDataDetails@1b4c982}
[INFO ][2015-11-06 11:04:14,356][com.java.TestType] [  459] -  str(1) = 4
[INFO ][2015-11-06 11:04:14,356][com.java.TestType] [  462] - Test case Id is---4
[INFO ][2015-11-06 11:04:14,356][com.java.TestType] [  464] - 4
[INFO ][2015-11-06 11:04:14,356][com.java.TestType] [  459] -  str(2) = 2
[INFO ][2015-11-06 11:04:14,356][com.java.TestType] [  511] - row values are--------{1=com.java.Objects.TestDataDetails@1b4c982, 2=com.java.Objects.TestDataDetails@32bbcc}
[INFO ][2015-11-06 11:04:14,356][com.java.TestType] [  459] -  str(1) = 4
[INFO ][2015-11-06 11:04:14,356][com.java.TestType] [  462] - Test case Id is---4
[INFO ][2015-11-06 11:04:14,359][com.java.TestType] [  464] - 4
[INFO ][2015-11-06 11:04:14,359][com.java.TestType] [  459] -  str(2) = 3
[INFO ][2015-11-06 11:04:14,359][com.java.TestType] [  511] - row values are--------{1=com.java.Objects.TestDataDetails@1b4c982, 2=com.java.Objects.TestDataDetails@32bbcc, 3=com.java.Objects.TestDataDetails@175b87e}
[INFO ][2015-11-06 11:04:14,359][com.java.TestType] [  459] -  str(1) = 4
[INFO ][2015-11-06 11:04:14,359][com.java.TestType] [  462] - Test case Id is---4
[INFO ][2015-11-06 11:04:14,359][com.java.TestType] [  464] - 4
[INFO ][2015-11-06 11:04:14,359][com.java.TestType] [  459] -  str(2) = 4
[INFO ][2015-11-06 11:04:14,359][com.java.TestType] [  511] - row values are--------{1=com.java.Objects.TestDataDetails@1b4c982, 2=com.java.Objects.TestDataDetails@32bbcc, 3=com.java.Objects.TestDataDetails@175b87e, 4=com.java.Objects.TestDataDetails@4a3993}
[INFO ][2015-11-06 11:04:14,359][com.java.TestType] [  459] -  str(1) = 4
[INFO ][2015-11-06 11:04:14,361][com.java.TestType] [  462] - Test case Id is---4
[INFO ][2015-11-06 11:04:14,361][com.java.TestType] [  464] - 4
[INFO ][2015-11-06 11:04:14,361][com.java.TestType] [  459] -  str(2) = 5
[INFO ][2015-11-06 11:04:14,361][com.java.TestType] [  511] - row values are--------{1=com.java.Objects.TestDataDetails@1b4c982, 2=com.java.Objects.TestDataDetails@32bbcc, 3=com.java.Objects.TestDataDetails@175b87e, 4=com.java.Objects.TestDataDetails@4a3993, 5=com.java.Objects.TestDataDetails@77602d}
[INFO ][2015-11-06 11:04:14,361][com.java.TestType] [  459] -  str(1) = 4
[INFO ][2015-11-06 11:04:14,361][com.java.TestType] [  462] - Test case Id is---4
[INFO ][2015-11-06 11:04:14,361][com.java.TestType] [  464] - 4
[INFO ][2015-11-06 11:04:14,361][com.java.TestType] [  459] -  str(2) = 6
[INFO ][2015-11-06 11:04:14,361][com.java.TestType] [  511] - row values are--------{1=com.java.Objects.TestDataDetails@1b4c982, 2=com.java.Objects.TestDataDetails@32bbcc, 3=com.java.Objects.TestDataDetails@175b87e, 4=com.java.Objects.TestDataDetails@4a3993, 5=com.java.Objects.TestDataDetails@77602d, 6=com.java.Objects.TestDataDetails@d79805}
[INFO ][2015-11-06 11:04:14,361][com.java.TestType] [  459] -  str(1) = 4
[INFO ][2015-11-06 11:04:14,361][com.java.TestType] [  462] - Test case Id is---4
[INFO ][2015-11-06 11:04:14,361][com.java.TestType] [  464] - 4
[INFO ][2015-11-06 11:04:14,361][com.java.TestType] [  459] -  str(2) = 7
[INFO ][2015-11-06 11:04:14,364][com.java.TestType] [  511] - row values are--------{1=com.java.Objects.TestDataDetails@1b4c982, 2=com.java.Objects.TestDataDetails@32bbcc, 3=com.java.Objects.TestDataDetails@175b87e, 4=com.java.Objects.TestDataDetails@4a3993, 5=com.java.Objects.TestDataDetails@77602d, 6=com.java.Objects.TestDataDetails@d79805, 7=com.java.Objects.TestDataDetails@1d96549}
[INFO ][2015-11-06 11:04:14,364][com.java.TestType] [  459] -  str(1) = 4
[INFO ][2015-11-06 11:04:14,364][com.java.TestType] [  462] - Test case Id is---4
[INFO ][2015-11-06 11:04:14,364][com.java.TestType] [  464] - 4
[INFO ][2015-11-06 11:04:14,364][com.java.TestType] [  459] -  str(2) = 8
[INFO ][2015-11-06 11:04:14,364][com.java.TestType] [  511] - row values are--------{1=com.java.Objects.TestDataDetails@1b4c982, 2=com.java.Objects.TestDataDetails@32bbcc, 3=com.java.Objects.TestDataDetails@175b87e, 4=com.java.Objects.TestDataDetails@4a3993, 5=com.java.Objects.TestDataDetails@77602d, 6=com.java.Objects.TestDataDetails@d79805, 7=com.java.Objects.TestDataDetails@1d96549, 8=com.java.Objects.TestDataDetails@99721d}
[INFO ][2015-11-06 11:04:14,366][com.java.TestType] [  459] -  str(1) = 4
[INFO ][2015-11-06 11:04:14,366][com.java.TestType] [  462] - Test case Id is---4
[INFO ][2015-11-06 11:04:14,366][com.java.TestType] [  464] - 4
[INFO ][2015-11-06 11:04:14,366][com.java.TestType] [  459] -  str(2) = 9
[INFO ][2015-11-06 11:04:14,366][com.java.TestType] [  511] - row values are--------{1=com.java.Objects.TestDataDetails@1b4c982, 2=com.java.Objects.TestDataDetails@32bbcc, 3=com.java.Objects.TestDataDetails@175b87e, 4=com.java.Objects.TestDataDetails@4a3993, 5=com.java.Objects.TestDataDetails@77602d, 6=com.java.Objects.TestDataDetails@d79805, 7=com.java.Objects.TestDataDetails@1d96549, 8=com.java.Objects.TestDataDetails@99721d, 9=com.java.Objects.TestDataDetails@df2888}
[INFO ][2015-11-06 11:04:14,366][com.java.TestType] [  459] -  str(1) = 4
[INFO ][2015-11-06 11:04:14,366][com.java.TestType] [  462] - Test case Id is---4
[INFO ][2015-11-06 11:04:14,366][com.java.TestType] [  464] - 4
[INFO ][2015-11-06 11:04:14,366][com.java.TestType] [  459] -  str(2) = 10
[INFO ][2015-11-06 11:04:14,366][com.java.TestType] [  511] - row values are--------{1=com.java.Objects.TestDataDetails@1b4c982, 2=com.java.Objects.TestDataDetails@32bbcc, 3=com.java.Objects.TestDataDetails@175b87e, 4=com.java.Objects.TestDataDetails@4a3993, 5=com.java.Objects.TestDataDetails@77602d, 6=com.java.Objects.TestDataDetails@d79805, 7=com.java.Objects.TestDataDetails@1d96549, 8=com.java.Objects.TestDataDetails@99721d, 9=com.java.Objects.TestDataDetails@df2888, 10=com.java.Objects.TestDataDetails@ac727c}
[INFO ][2015-11-06 11:04:14,369][com.java.TestType] [  459] -  str(1) = 4
[INFO ][2015-11-06 11:04:14,369][com.java.TestType] [  462] - Test case Id is---4
[INFO ][2015-11-06 11:04:14,369][com.java.TestType] [  464] - 4
[INFO ][2015-11-06 11:04:14,369][com.java.TestType] [  459] -  str(2) = 11
[INFO ][2015-11-06 11:04:14,369][com.java.TestType] [  511] - row values are--------{1=com.java.Objects.TestDataDetails@1b4c982, 2=com.java.Objects.TestDataDetails@32bbcc, 3=com.java.Objects.TestDataDetails@175b87e, 4=com.java.Objects.TestDataDetails@4a3993, 5=com.java.Objects.TestDataDetails@77602d, 6=com.java.Objects.TestDataDetails@d79805, 7=com.java.Objects.TestDataDetails@1d96549, 8=com.java.Objects.TestDataDetails@99721d, 9=com.java.Objects.TestDataDetails@df2888, 10=com.java.Objects.TestDataDetails@ac727c, 11=com.java.Objects.TestDataDetails@f62f97}
[INFO ][2015-11-06 11:04:14,369][com.java.TestType] [  459] -  str(1) = 4
[INFO ][2015-11-06 11:04:14,369][com.java.TestType] [  462] - Test case Id is---4
[INFO ][2015-11-06 11:04:14,369][com.java.TestType] [  464] - 4
[INFO ][2015-11-06 11:04:14,369][com.java.TestType] [  459] -  str(2) = 12
[INFO ][2015-11-06 11:04:14,371][com.java.TestType] [  511] - row values are--------{1=com.java.Objects.TestDataDetails@1b4c982, 2=com.java.Objects.TestDataDetails@32bbcc, 3=com.java.Objects.TestDataDetails@175b87e, 4=com.java.Objects.TestDataDetails@4a3993, 5=com.java.Objects.TestDataDetails@77602d, 6=com.java.Objects.TestDataDetails@d79805, 7=com.java.Objects.TestDataDetails@1d96549, 8=com.java.Objects.TestDataDetails@99721d, 9=com.java.Objects.TestDataDetails@df2888, 10=com.java.Objects.TestDataDetails@ac727c, 11=com.java.Objects.TestDataDetails@f62f97, 12=com.java.Objects.TestDataDetails@1e1d5}
[INFO ][2015-11-06 11:04:14,371][com.java.TestType] [  459] -  str(1) = 4
[INFO ][2015-11-06 11:04:14,371][com.java.TestType] [  462] - Test case Id is---4
[INFO ][2015-11-06 11:04:14,371][com.java.TestType] [  464] - 4
[INFO ][2015-11-06 11:04:14,371][com.java.TestType] [  459] -  str(2) = 13
[INFO ][2015-11-06 11:04:14,371][com.java.TestType] [  511] - row values are--------{1=com.java.Objects.TestDataDetails@1b4c982, 2=com.java.Objects.TestDataDetails@32bbcc, 3=com.java.Objects.TestDataDetails@175b87e, 4=com.java.Objects.TestDataDetails@4a3993, 5=com.java.Objects.TestDataDetails@77602d, 6=com.java.Objects.TestDataDetails@d79805, 7=com.java.Objects.TestDataDetails@1d96549, 8=com.java.Objects.TestDataDetails@99721d, 9=com.java.Objects.TestDataDetails@df2888, 10=com.java.Objects.TestDataDetails@ac727c, 11=com.java.Objects.TestDataDetails@f62f97, 12=com.java.Objects.TestDataDetails@1e1d5, 13=com.java.Objects.TestDataDetails@c9a74c}
[INFO ][2015-11-06 11:04:14,371][com.java.TestType] [  459] -  str(1) = 4
[INFO ][2015-11-06 11:04:14,371][com.java.TestType] [  462] - Test case Id is---4
[INFO ][2015-11-06 11:04:14,371][com.java.TestType] [  464] - 4
[INFO ][2015-11-06 11:04:14,371][com.java.TestType] [  459] -  str(2) = 14
[INFO ][2015-11-06 11:04:14,374][com.java.TestType] [  511] - row values are--------{1=com.java.Objects.TestDataDetails@1b4c982, 2=com.java.Objects.TestDataDetails@32bbcc, 3=com.java.Objects.TestDataDetails@175b87e, 4=com.java.Objects.TestDataDetails@4a3993, 5=com.java.Objects.TestDataDetails@77602d, 6=com.java.Objects.TestDataDetails@d79805, 7=com.java.Objects.TestDataDetails@1d96549, 8=com.java.Objects.TestDataDetails@99721d, 9=com.java.Objects.TestDataDetails@df2888, 10=com.java.Objects.TestDataDetails@ac727c, 11=com.java.Objects.TestDataDetails@f62f97, 12=com.java.Objects.TestDataDetails@1e1d5, 13=com.java.Objects.TestDataDetails@c9a74c, 14=com.java.Objects.TestDataDetails@799425}
[INFO ][2015-11-06 11:04:14,374][com.java.TestType] [  459] -  str(1) = 4
[INFO ][2015-11-06 11:04:14,374][com.java.TestType] [  462] - Test case Id is---4
[INFO ][2015-11-06 11:04:14,374][com.java.TestType] [  464] - 4
[INFO ][2015-11-06 11:04:14,374][com.java.TestType] [  459] -  str(2) = 15
[INFO ][2015-11-06 11:04:14,374][com.java.TestType] [  511] - row values are--------{1=com.java.Objects.TestDataDetails@1b4c982, 2=com.java.Objects.TestDataDetails@32bbcc, 3=com.java.Objects.TestDataDetails@175b87e, 4=com.java.Objects.TestDataDetails@4a3993, 5=com.java.Objects.TestDataDetails@77602d, 6=com.java.Objects.TestDataDetails@d79805, 7=com.java.Objects.TestDataDetails@1d96549, 8=com.java.Objects.TestDataDetails@99721d, 9=com.java.Objects.TestDataDetails@df2888, 10=com.java.Objects.TestDataDetails@ac727c, 11=com.java.Objects.TestDataDetails@f62f97, 12=com.java.Objects.TestDataDetails@1e1d5, 13=com.java.Objects.TestDataDetails@c9a74c, 14=com.java.Objects.TestDataDetails@799425, 15=com.java.Objects.TestDataDetails@7cf002}
[INFO ][2015-11-06 11:04:14,374][com.java.TestType] [  459] -  str(1) = 4
[INFO ][2015-11-06 11:04:14,374][com.java.TestType] [  462] - Test case Id is---4
[INFO ][2015-11-06 11:04:14,374][com.java.TestType] [  464] - 4
[INFO ][2015-11-06 11:04:14,374][com.java.TestType] [  459] -  str(2) = 16
[INFO ][2015-11-06 11:04:14,376][com.java.TestType] [  511] - row values are--------{1=com.java.Objects.TestDataDetails@1b4c982, 2=com.java.Objects.TestDataDetails@32bbcc, 3=com.java.Objects.TestDataDetails@175b87e, 4=com.java.Objects.TestDataDetails@4a3993, 5=com.java.Objects.TestDataDetails@77602d, 6=com.java.Objects.TestDataDetails@d79805, 7=com.java.Objects.TestDataDetails@1d96549, 8=com.java.Objects.TestDataDetails@99721d, 9=com.java.Objects.TestDataDetails@df2888, 10=com.java.Objects.TestDataDetails@ac727c, 11=com.java.Objects.TestDataDetails@f62f97, 12=com.java.Objects.TestDataDetails@1e1d5, 13=com.java.Objects.TestDataDetails@c9a74c, 14=com.java.Objects.TestDataDetails@799425, 15=com.java.Objects.TestDataDetails@7cf002, 16=com.java.Objects.TestDataDetails@1a56c1a}
[INFO ][2015-11-06 11:04:14,376][com.java.TestType] [  459] -  str(1) = 4
[INFO ][2015-11-06 11:04:14,376][com.java.TestType] [  462] - Test case Id is---4
[INFO ][2015-11-06 11:04:14,376][com.java.TestType] [  464] - 4
[INFO ][2015-11-06 11:04:14,376][com.java.TestType] [  459] -  str(2) = 17
[INFO ][2015-11-06 11:04:14,376][com.java.TestType] [  511] - row values are--------{1=com.java.Objects.TestDataDetails@1b4c982, 2=com.java.Objects.TestDataDetails@32bbcc, 3=com.java.Objects.TestDataDetails@175b87e, 4=com.java.Objects.TestDataDetails@4a3993, 5=com.java.Objects.TestDataDetails@77602d, 6=com.java.Objects.TestDataDetails@d79805, 7=com.java.Objects.TestDataDetails@1d96549, 8=com.java.Objects.TestDataDetails@99721d, 9=com.java.Objects.TestDataDetails@df2888, 10=com.java.Objects.TestDataDetails@ac727c, 11=com.java.Objects.TestDataDetails@f62f97, 12=com.java.Objects.TestDataDetails@1e1d5, 13=com.java.Objects.TestDataDetails@c9a74c, 14=com.java.Objects.TestDataDetails@799425, 15=com.java.Objects.TestDataDetails@7cf002, 17=com.java.Objects.TestDataDetails@1449539, 16=com.java.Objects.TestDataDetails@1a56c1a}
[INFO ][2015-11-06 11:04:14,376][com.java.TestType] [  459] -  str(1) = 4
[INFO ][2015-11-06 11:04:14,376][com.java.TestType] [  462] - Test case Id is---4
[INFO ][2015-11-06 11:04:14,376][com.java.TestType] [  464] - 4
[INFO ][2015-11-06 11:04:14,376][com.java.TestType] [  459] -  str(2) = 18
[INFO ][2015-11-06 11:04:14,379][com.java.TestType] [  511] - row values are--------{1=com.java.Objects.TestDataDetails@1b4c982, 2=com.java.Objects.TestDataDetails@32bbcc, 3=com.java.Objects.TestDataDetails@175b87e, 4=com.java.Objects.TestDataDetails@4a3993, 5=com.java.Objects.TestDataDetails@77602d, 6=com.java.Objects.TestDataDetails@d79805, 7=com.java.Objects.TestDataDetails@1d96549, 8=com.java.Objects.TestDataDetails@99721d, 9=com.java.Objects.TestDataDetails@df2888, 10=com.java.Objects.TestDataDetails@ac727c, 11=com.java.Objects.TestDataDetails@f62f97, 12=com.java.Objects.TestDataDetails@1e1d5, 13=com.java.Objects.TestDataDetails@c9a74c, 14=com.java.Objects.TestDataDetails@799425, 15=com.java.Objects.TestDataDetails@7cf002, 17=com.java.Objects.TestDataDetails@1449539, 16=com.java.Objects.TestDataDetails@1a56c1a, 18=com.java.Objects.TestDataDetails@154f07c}
[INFO ][2015-11-06 11:04:14,379][com.java.TestType] [  459] -  str(1) = 4
[INFO ][2015-11-06 11:04:14,379][com.java.TestType] [  462] - Test case Id is---4
[INFO ][2015-11-06 11:04:14,379][com.java.TestType] [  464] - 4
[INFO ][2015-11-06 11:04:14,379][com.java.TestType] [  459] -  str(2) = 19
[INFO ][2015-11-06 11:04:14,379][com.java.TestType] [  511] - row values are--------{1=com.java.Objects.TestDataDetails@1b4c982, 2=com.java.Objects.TestDataDetails@32bbcc, 3=com.java.Objects.TestDataDetails@175b87e, 4=com.java.Objects.TestDataDetails@4a3993, 5=com.java.Objects.TestDataDetails@77602d, 6=com.java.Objects.TestDataDetails@d79805, 7=com.java.Objects.TestDataDetails@1d96549, 8=com.java.Objects.TestDataDetails@99721d, 9=com.java.Objects.TestDataDetails@df2888, 10=com.java.Objects.TestDataDetails@ac727c, 11=com.java.Objects.TestDataDetails@f62f97, 12=com.java.Objects.TestDataDetails@1e1d5, 13=com.java.Objects.TestDataDetails@c9a74c, 14=com.java.Objects.TestDataDetails@799425, 15=com.java.Objects.TestDataDetails@7cf002, 17=com.java.Objects.TestDataDetails@1449539, 16=com.java.Objects.TestDataDetails@1a56c1a, 19=com.java.Objects.TestDataDetails@491681, 18=com.java.Objects.TestDataDetails@154f07c}
[INFO ][2015-11-06 11:04:14,379][com.java.TestType] [  459] -  str(1) = 4
[INFO ][2015-11-06 11:04:14,379][com.java.TestType] [  462] - Test case Id is---4
[INFO ][2015-11-06 11:04:14,379][com.java.TestType] [  464] - 4
[INFO ][2015-11-06 11:04:14,379][com.java.TestType] [  459] -  str(2) = 20
[INFO ][2015-11-06 11:04:14,381][com.java.TestType] [  511] - row values are--------{1=com.java.Objects.TestDataDetails@1b4c982, 2=com.java.Objects.TestDataDetails@32bbcc, 3=com.java.Objects.TestDataDetails@175b87e, 4=com.java.Objects.TestDataDetails@4a3993, 5=com.java.Objects.TestDataDetails@77602d, 6=com.java.Objects.TestDataDetails@d79805, 7=com.java.Objects.TestDataDetails@1d96549, 8=com.java.Objects.TestDataDetails@99721d, 9=com.java.Objects.TestDataDetails@df2888, 10=com.java.Objects.TestDataDetails@ac727c, 11=com.java.Objects.TestDataDetails@f62f97, 12=com.java.Objects.TestDataDetails@1e1d5, 13=com.java.Objects.TestDataDetails@c9a74c, 14=com.java.Objects.TestDataDetails@799425, 15=com.java.Objects.TestDataDetails@7cf002, 17=com.java.Objects.TestDataDetails@1449539, 16=com.java.Objects.TestDataDetails@1a56c1a, 19=com.java.Objects.TestDataDetails@491681, 18=com.java.Objects.TestDataDetails@154f07c, 20=com.java.Objects.TestDataDetails@1ab7891}
[INFO ][2015-11-06 11:04:14,381][com.java.TestType] [ 7986] - Looping 1TCID = 4
[DEBUG][2015-11-06 11:04:14,381][com.java.TestType] [ 8027] - Concept ID:4 :: Step being Executed: 4::1
[ERROR][2015-11-06 11:04:14,381][com.java.TestType] [ 8060] - Exception: null
[INFO ][2015-11-06 11:04:14,381][com.java.TestType] [ 8065] - dataFields : LNKG/L
[DEBUG][2015-11-06 11:04:14,381][com.java.TestType] [ 8071] - <In Set values of the page>
[DEBUG][2015-11-06 11:04:14,381][com.java.TestType] [ 8076] - {Data Fields & Data Values Exist}
[INFO ][2015-11-06 11:04:14,381][com.java.TestType] [ 8082] - --------------------------setting values-----------------------------
[INFO ][2015-11-06 11:04:14,381][com.java.TestType] [ 8085] - Action Type : WAITFORELEMENT
[INFO ][2015-11-06 11:04:14,429][com.java.TestType] [ 8104] -  RESULT true
[INFO ][2015-11-06 11:04:14,429][com.java.TestType] [ 8221] - ?   P A S S   ?
[DEBUG][2015-11-06 11:04:14,429][com.java.TestType] [ 8027] - Concept ID:4 :: Step being Executed: 4::2
[ERROR][2015-11-06 11:04:14,429][com.java.TestType] [ 8060] - Exception: null
[INFO ][2015-11-06 11:04:14,431][com.java.TestType] [ 8065] - dataFields : XPH//div[@class="menu"]//span[@class="icon-pencil2"]
[DEBUG][2015-11-06 11:04:14,431][com.java.TestType] [ 8071] - <In Set values of the page>
[DEBUG][2015-11-06 11:04:14,431][com.java.TestType] [ 8076] - {Data Fields & Data Values Exist}
[INFO ][2015-11-06 11:04:14,431][com.java.TestType] [ 8082] - --------------------------setting values-----------------------------
[INFO ][2015-11-06 11:04:14,431][com.java.TestType] [ 8085] - Action Type : CLICK
[INFO ][2015-11-06 11:04:14,431][com.java.TestType] [ 4150] - Field ::XPH//div[@class="menu"]//span[@class="icon-pencil2"]
[INFO ][2015-11-06 11:04:15,431][com.java.TestType] [ 4209] - BEFORE CLICK
[INFO ][2015-11-06 11:04:16,361][com.java.TestType] [ 4217] - Unable to click the object Edit Content
[INFO ][2015-11-06 11:04:16,361][com.java.TestType] [ 8104] -  RESULT true
[INFO ][2015-11-06 11:04:16,361][com.java.TestType] [ 8221] - ?   P A S S   ?
[DEBUG][2015-11-06 11:04:16,361][com.java.TestType] [ 8027] - Concept ID:4 :: Step being Executed: 4::3
[ERROR][2015-11-06 11:04:16,361][com.java.TestType] [ 8060] - Exception: null
[INFO ][2015-11-06 11:04:16,361][com.java.TestType] [ 8065] - dataFields : test
[DEBUG][2015-11-06 11:04:16,361][com.java.TestType] [ 8071] - <In Set values of the page>
[DEBUG][2015-11-06 11:04:16,361][com.java.TestType] [ 8076] - {Data Fields & Data Values Exist}
[INFO ][2015-11-06 11:04:16,361][com.java.TestType] [ 8082] - --------------------------setting values-----------------------------
[INFO ][2015-11-06 11:04:16,361][com.java.TestType] [ 8085] - Action Type : WaitTime
[DEBUG][2015-11-06 11:04:16,361][com.java.TestType] [ 3736] - sleepTime: 10000
[INFO ][2015-11-06 11:04:26,361][com.java.TestType] [ 8104] -  RESULT true
[INFO ][2015-11-06 11:04:26,361][com.java.TestType] [ 8221] - ?   P A S S   ?
[DEBUG][2015-11-06 11:04:26,361][com.java.TestType] [ 8027] - Concept ID:4 :: Step being Executed: 4::4
[INFO ][2015-11-06 11:04:26,361][com.java.TestType] [ 8065] - dataFields : BTN
[DEBUG][2015-11-06 11:04:26,361][com.java.TestType] [ 8071] - <In Set values of the page>
[DEBUG][2015-11-06 11:04:26,361][com.java.TestType] [ 8076] - {Data Fields & Data Values Exist}
[INFO ][2015-11-06 11:04:26,361][com.java.TestType] [ 8082] - --------------------------setting values-----------------------------
[INFO ][2015-11-06 11:04:26,364][com.java.TestType] [ 8085] - Action Type : VERIFY
[INFO ][2015-11-06 11:04:26,364][com.java.TestType] [ 4963] - field= BTN value= //div[contains(text(),'Fed Funds Futures Curve')]/following-sibling::div//span[@class="icon-remove"]
[INFO ][2015-11-06 11:04:26,364][com.java.TestType] [ 3837] - value = //div[contains(text(),'Fed Funds Futures Curve')]/following-sibling::div//span[@class="icon-remove"]
[ERROR][2015-11-06 11:04:47,225][com.java.TestType] [ 5432] - Assertion Error: 
[INFO ][2015-11-06 11:04:47,225][com.java.TestType] [ 8104] -  RESULT false
[INFO ][2015-11-06 11:04:47,225][com.java.TestType] [ 8142] - ?   F A I L   ?
[DEBUG][2015-11-06 11:04:47,225][com.java.TestType] [ 8145] - Browser Type : IE11
[DEBUG][2015-11-06 11:04:47,226][com.java.TestType] [ 8027] - Concept ID:4 :: Step being Executed: 4::8
[INFO ][2015-11-06 11:04:47,226][com.java.TestType] [ 8065] - dataFields : BTN
[DEBUG][2015-11-06 11:04:47,226][com.java.TestType] [ 8071] - <In Set values of the page>
[DEBUG][2015-11-06 11:04:47,226][com.java.TestType] [ 8076] - {Data Fields & Data Values Exist}
[INFO ][2015-11-06 11:04:47,226][com.java.TestType] [ 8082] - --------------------------setting values-----------------------------
[INFO ][2015-11-06 11:04:47,226][com.java.TestType] [ 8085] - Action Type : VERIFY
[INFO ][2015-11-06 11:04:47,226][com.java.TestType] [ 4963] - field= BTN value= //div[contains(text(),'My Favorite Report')]/following-sibling::div//span[@class="icon-remove"]
[INFO ][2015-11-06 11:04:47,226][com.java.TestType] [ 3837] - value = //div[contains(text(),'My Favorite Report')]/following-sibling::div//span[@class="icon-remove"]
[ERROR][2015-11-06 11:05:07,923][com.java.TestType] [ 5432] - Assertion Error: 
[INFO ][2015-11-06 11:05:07,923][com.java.TestType] [ 8104] -  RESULT false
[INFO ][2015-11-06 11:05:07,923][com.java.TestType] [ 8142] - ?   F A I L   ?
[DEBUG][2015-11-06 11:05:07,923][com.java.TestType] [ 8145] - Browser Type : IE11
[DEBUG][2015-11-06 11:05:07,923][com.java.TestType] [ 8027] - Concept ID:4 :: Step being Executed: 4::12
[INFO ][2015-11-06 11:05:07,923][com.java.TestType] [ 8065] - dataFields : BTN
[DEBUG][2015-11-06 11:05:07,923][com.java.TestType] [ 8071] - <In Set values of the page>
[DEBUG][2015-11-06 11:05:07,923][com.java.TestType] [ 8076] - {Data Fields & Data Values Exist}
[INFO ][2015-11-06 11:05:07,923][com.java.TestType] [ 8082] - --------------------------setting values-----------------------------
[INFO ][2015-11-06 11:05:07,923][com.java.TestType] [ 8085] - Action Type : VERIFY
[INFO ][2015-11-06 11:05:07,926][com.java.TestType] [ 4963] - field= BTN value= //div[contains(text(),'My Margin')]/following-sibling::div//span[@class="icon-remove"]
[INFO ][2015-11-06 11:05:07,926][com.java.TestType] [ 3837] - value = //div[contains(text(),'My Margin')]/following-sibling::div//span[@class="icon-remove"]
[ERROR][2015-11-06 11:05:28,607][com.java.TestType] [ 5432] - Assertion Error: 
[INFO ][2015-11-06 11:05:28,607][com.java.TestType] [ 8104] -  RESULT false
[INFO ][2015-11-06 11:05:28,607][com.java.TestType] [ 8142] - ?   F A I L   ?
[DEBUG][2015-11-06 11:05:28,607][com.java.TestType] [ 8145] - Browser Type : IE11
[DEBUG][2015-11-06 11:05:28,607][com.java.TestType] [ 8027] - Concept ID:4 :: Step being Executed: 4::16
[INFO ][2015-11-06 11:05:28,607][com.java.TestType] [ 8065] - dataFields : BTN
[DEBUG][2015-11-06 11:05:28,607][com.java.TestType] [ 8071] - <In Set values of the page>
[DEBUG][2015-11-06 11:05:28,607][com.java.TestType] [ 8076] - {Data Fields & Data Values Exist}
[INFO ][2015-11-06 11:05:28,607][com.java.TestType] [ 8082] - --------------------------setting values-----------------------------
[INFO ][2015-11-06 11:05:28,607][com.java.TestType] [ 8085] - Action Type : VERIFY
[INFO ][2015-11-06 11:05:28,608][com.java.TestType] [ 4963] - field= BTN value= //div[contains(text(),'New/Renewed Loans vs CD')]/following-sibling::div//span[@class="icon-remove"]
[INFO ][2015-11-06 11:05:28,608][com.java.TestType] [ 3837] - value = //div[contains(text(),'New/Renewed Loans vs CD')]/following-sibling::div//span[@class="icon-remove"]
[ERROR][2015-11-06 11:05:49,308][com.java.TestType] [ 5432] - Assertion Error: 
[INFO ][2015-11-06 11:05:49,308][com.java.TestType] [ 8104] -  RESULT false
[INFO ][2015-11-06 11:05:49,308][com.java.TestType] [ 8142] - ?   F A I L   ?
[DEBUG][2015-11-06 11:05:49,308][com.java.TestType] [ 8145] - Browser Type : IE11
[DEBUG][2015-11-06 11:05:49,308][com.java.TestType] [ 8027] - Concept ID:4 :: Step being Executed: 4::20
[ERROR][2015-11-06 11:05:49,308][com.java.TestType] [ 8060] - Exception: null
[INFO ][2015-11-06 11:05:49,308][com.java.TestType] [ 8065] - dataFields : XPH//div[@class="menu"]//span[@class="icon-pencil2"]
[DEBUG][2015-11-06 11:05:49,308][com.java.TestType] [ 8071] - <In Set values of the page>
[DEBUG][2015-11-06 11:05:49,309][com.java.TestType] [ 8076] - {Data Fields & Data Values Exist}
[INFO ][2015-11-06 11:05:49,309][com.java.TestType] [ 8082] - --------------------------setting values-----------------------------
[INFO ][2015-11-06 11:05:49,309][com.java.TestType] [ 8085] - Action Type : CLICK
[INFO ][2015-11-06 11:05:49,309][com.java.TestType] [ 4150] - Field ::XPH//div[@class="menu"]//span[@class="icon-pencil2"]
[INFO ][2015-11-06 11:05:50,311][com.java.TestType] [ 4209] - BEFORE CLICK
[INFO ][2015-11-06 11:05:51,094][com.java.TestType] [ 4217] - Unable to click the object Edit Content
[INFO ][2015-11-06 11:05:51,094][com.java.TestType] [ 8104] -  RESULT true
[INFO ][2015-11-06 11:05:51,094][com.java.TestType] [ 8221] - ?   P A S S   ?
[INFO ][2015-11-06 11:05:51,094][com.java.TestType] [ 8292] - Looping End......
[INFO ][2015-11-06 11:05:51,095][com.java.SeleniumDriver] [  861] -  RESULT true
[INFO ][2015-11-06 11:05:51,095][com.java.SeleniumDriver] [ 1066] - ?   P A S S   ?
[INFO ][2015-11-06 11:05:51,095][com.java.SeleniumDriver] [  788] - ------------------------------------------
[INFO ][2015-11-06 11:05:51,095][com.java.SeleniumDriver] [  789] - Test case being Executed: 2
[INFO ][2015-11-06 11:05:51,095][com.java.SeleniumDriver] [  800] - Test step:3
[INFO ][2015-11-06 11:05:51,097][com.java.SeleniumDriver] [  812] - Datavalue is----------null
[DEBUG][2015-11-06 11:05:51,100][com.java.SeleniumDriver] [  830] - Exception: null
[INFO ][2015-11-06 11:05:51,100][com.java.SeleniumDriver] [  836] - DataField : XPH//div[@class="menu"]//span[@class="icon-plus"]
[INFO ][2015-11-06 11:05:51,100][com.java.SeleniumDriver] [  838] - DataValue : 
[INFO ][2015-11-06 11:05:51,100][com.java.SeleniumDriver] [  844] - <In Set values of the page>
[INFO ][2015-11-06 11:05:51,100][com.java.SeleniumDriver] [  847] - {Data Fields & Data Values Exist}
[INFO ][2015-11-06 11:05:51,100][com.java.SeleniumDriver] [  849] - --------------------------setting values-----------------------------
[INFO ][2015-11-06 11:05:51,100][com.java.SeleniumDriver] [  852] - Action Type : CLICK
[INFO ][2015-11-06 11:05:51,100][com.java.TestType] [ 4150] - Field ::XPH//div[@class="menu"]//span[@class="icon-plus"]
[INFO ][2015-11-06 11:05:52,100][com.java.TestType] [ 4209] - BEFORE CLICK
[INFO ][2015-11-06 11:05:59,817][com.java.TestType] [ 4217] - Unable to click the object Add Content
[INFO ][2015-11-06 11:05:59,817][com.java.SeleniumDriver] [  861] -  RESULT true
[INFO ][2015-11-06 11:05:59,817][com.java.SeleniumDriver] [ 1066] - ?   P A S S   ?
[INFO ][2015-11-06 11:05:59,817][com.java.SeleniumDriver] [  788] - ------------------------------------------
[INFO ][2015-11-06 11:05:59,817][com.java.SeleniumDriver] [  789] - Test case being Executed: 2
[INFO ][2015-11-06 11:05:59,817][com.java.SeleniumDriver] [  800] - Test step:4
[INFO ][2015-11-06 11:05:59,817][com.java.SeleniumDriver] [  812] - Datavalue is----------null
[DEBUG][2015-11-06 11:05:59,817][com.java.SeleniumDriver] [  830] - Exception: null
[INFO ][2015-11-06 11:05:59,817][com.java.SeleniumDriver] [  836] - DataField : XPH//span[contains(text(),'My Dashboard Modules')]
[INFO ][2015-11-06 11:05:59,817][com.java.SeleniumDriver] [  838] - DataValue : 
[INFO ][2015-11-06 11:05:59,817][com.java.SeleniumDriver] [  844] - <In Set values of the page>
[INFO ][2015-11-06 11:05:59,817][com.java.SeleniumDriver] [  847] - {Data Fields & Data Values Exist}
[INFO ][2015-11-06 11:05:59,817][com.java.SeleniumDriver] [  849] - --------------------------setting values-----------------------------
[INFO ][2015-11-06 11:05:59,817][com.java.SeleniumDriver] [  852] - Action Type : WAITFORELEMENT
[INFO ][2015-11-06 11:05:59,852][com.java.SeleniumDriver] [  861] -  RESULT true
[INFO ][2015-11-06 11:05:59,852][com.java.SeleniumDriver] [ 1066] - ?   P A S S   ?
[INFO ][2015-11-06 11:05:59,852][com.java.SeleniumDriver] [  788] - ------------------------------------------
[INFO ][2015-11-06 11:05:59,852][com.java.SeleniumDriver] [  789] - Test case being Executed: 2
[INFO ][2015-11-06 11:05:59,854][com.java.SeleniumDriver] [  800] - Test step:5
[INFO ][2015-11-06 11:05:59,854][com.java.SeleniumDriver] [  812] - Datavalue is----------null
[DEBUG][2015-11-06 11:05:59,854][com.java.SeleniumDriver] [  830] - Exception: null
[INFO ][2015-11-06 11:05:59,854][com.java.SeleniumDriver] [  836] - DataField : BTNframeDialogContent
[INFO ][2015-11-06 11:05:59,854][com.java.SeleniumDriver] [  838] - DataValue : 
[INFO ][2015-11-06 11:05:59,854][com.java.SeleniumDriver] [  844] - <In Set values of the page>
[INFO ][2015-11-06 11:05:59,854][com.java.SeleniumDriver] [  847] - {Data Fields & Data Values Exist}
[INFO ][2015-11-06 11:05:59,854][com.java.SeleniumDriver] [  849] - --------------------------setting values-----------------------------
[INFO ][2015-11-06 11:05:59,854][com.java.SeleniumDriver] [  852] - Action Type : SELECTFRAME
[INFO ][2015-11-06 11:06:01,105][com.java.SeleniumDriver] [  861] -  RESULT true
[INFO ][2015-11-06 11:06:01,105][com.java.SeleniumDriver] [ 1066] - ?   P A S S   ?
[INFO ][2015-11-06 11:06:01,105][com.java.SeleniumDriver] [  788] - ------------------------------------------
[INFO ][2015-11-06 11:06:01,105][com.java.SeleniumDriver] [  789] - Test case being Executed: 2
[INFO ][2015-11-06 11:06:01,105][com.java.SeleniumDriver] [  800] - Test step:6
[INFO ][2015-11-06 11:06:01,105][com.java.SeleniumDriver] [  812] - Datavalue is----------null
[DEBUG][2015-11-06 11:06:01,105][com.java.SeleniumDriver] [  830] - Exception: null
[INFO ][2015-11-06 11:06:01,105][com.java.SeleniumDriver] [  836] - DataField : XPH//label[contains(text(),'I want to add an')]/preceding-sibling::input
[INFO ][2015-11-06 11:06:01,105][com.java.SeleniumDriver] [  838] - DataValue : 
[INFO ][2015-11-06 11:06:01,105][com.java.SeleniumDriver] [  844] - <In Set values of the page>
[INFO ][2015-11-06 11:06:01,105][com.java.SeleniumDriver] [  847] - {Data Fields & Data Values Exist}
[INFO ][2015-11-06 11:06:01,105][com.java.SeleniumDriver] [  849] - --------------------------setting values-----------------------------
[INFO ][2015-11-06 11:06:01,105][com.java.SeleniumDriver] [  852] - Action Type : CLICK
[INFO ][2015-11-06 11:06:01,105][com.java.TestType] [ 4150] - Field ::XPH//label[contains(text(),'I want to add an')]/preceding-sibling::input
[INFO ][2015-11-06 11:06:02,105][com.java.TestType] [ 4209] - BEFORE CLICK
[INFO ][2015-11-06 11:06:02,858][com.java.TestType] [ 4217] - Unable to click the object Radio button
[INFO ][2015-11-06 11:06:02,858][com.java.SeleniumDriver] [  861] -  RESULT true
[INFO ][2015-11-06 11:06:02,858][com.java.SeleniumDriver] [ 1066] - ?   P A S S   ?
[INFO ][2015-11-06 11:06:02,858][com.java.SeleniumDriver] [  788] - ------------------------------------------
[INFO ][2015-11-06 11:06:02,858][com.java.SeleniumDriver] [  789] - Test case being Executed: 2
[INFO ][2015-11-06 11:06:02,858][com.java.SeleniumDriver] [  800] - Test step:7
[INFO ][2015-11-06 11:06:02,858][com.java.SeleniumDriver] [  812] - Datavalue is----------null
[DEBUG][2015-11-06 11:06:02,858][com.java.SeleniumDriver] [  830] - Exception: null
[INFO ][2015-11-06 11:06:02,858][com.java.SeleniumDriver] [  836] - DataField : BTNnextButton
[INFO ][2015-11-06 11:06:02,858][com.java.SeleniumDriver] [  838] - DataValue : 
[INFO ][2015-11-06 11:06:02,858][com.java.SeleniumDriver] [  844] - <In Set values of the page>
[INFO ][2015-11-06 11:06:02,858][com.java.SeleniumDriver] [  847] - {Data Fields & Data Values Exist}
[INFO ][2015-11-06 11:06:02,858][com.java.SeleniumDriver] [  849] - --------------------------setting values-----------------------------
[INFO ][2015-11-06 11:06:02,858][com.java.SeleniumDriver] [  852] - Action Type : CLICK
[INFO ][2015-11-06 11:06:02,858][com.java.TestType] [ 4150] - Field ::BTNnextButton
[INFO ][2015-11-06 11:06:03,859][com.java.TestType] [ 4188] - BEFORE CLICK
[INFO ][2015-11-06 11:06:05,560][com.java.TestType] [ 4195] - Unable to click the object Next
[INFO ][2015-11-06 11:06:05,560][com.java.SeleniumDriver] [  861] -  RESULT true
[INFO ][2015-11-06 11:06:05,560][com.java.SeleniumDriver] [ 1066] - ?   P A S S   ?
[INFO ][2015-11-06 11:06:05,560][com.java.SeleniumDriver] [  788] - ------------------------------------------
[INFO ][2015-11-06 11:06:05,560][com.java.SeleniumDriver] [  789] - Test case being Executed: 2
[INFO ][2015-11-06 11:06:05,560][com.java.SeleniumDriver] [  800] - Test step:8
[INFO ][2015-11-06 11:06:05,560][com.java.SeleniumDriver] [  812] - Datavalue is----------null
[DEBUG][2015-11-06 11:06:05,560][com.java.SeleniumDriver] [  830] - Exception: null
[INFO ][2015-11-06 11:06:05,560][com.java.SeleniumDriver] [  836] - DataField : XPH//label[contains(text(),"Fed Funds Futures Curve")]/parent::td/preceding-sibling::td/input
[INFO ][2015-11-06 11:06:05,560][com.java.SeleniumDriver] [  838] - DataValue : 
[INFO ][2015-11-06 11:06:05,560][com.java.SeleniumDriver] [  844] - <In Set values of the page>
[INFO ][2015-11-06 11:06:05,560][com.java.SeleniumDriver] [  847] - {Data Fields & Data Values Exist}
[INFO ][2015-11-06 11:06:05,560][com.java.SeleniumDriver] [  849] - --------------------------setting values-----------------------------
[INFO ][2015-11-06 11:06:05,560][com.java.SeleniumDriver] [  852] - Action Type : CLICK
[INFO ][2015-11-06 11:06:05,560][com.java.TestType] [ 4150] - Field ::XPH//label[contains(text(),"Fed Funds Futures Curve")]/parent::td/preceding-sibling::td/input
[INFO ][2015-11-06 11:06:06,560][com.java.TestType] [ 4209] - BEFORE CLICK
[INFO ][2015-11-06 11:06:07,292][com.java.TestType] [ 4217] - Unable to click the object Checkbox
[INFO ][2015-11-06 11:06:07,292][com.java.SeleniumDriver] [  861] -  RESULT true
[INFO ][2015-11-06 11:06:07,292][com.java.SeleniumDriver] [ 1066] - ?   P A S S   ?
[INFO ][2015-11-06 11:06:07,292][com.java.SeleniumDriver] [  788] - ------------------------------------------
[INFO ][2015-11-06 11:06:07,292][com.java.SeleniumDriver] [  789] - Test case being Executed: 2
[INFO ][2015-11-06 11:06:07,292][com.java.SeleniumDriver] [  800] - Test step:9
[INFO ][2015-11-06 11:06:07,292][com.java.SeleniumDriver] [  812] - Datavalue is----------null
[DEBUG][2015-11-06 11:06:07,292][com.java.SeleniumDriver] [  830] - Exception: null
[INFO ][2015-11-06 11:06:07,292][com.java.SeleniumDriver] [  836] - DataField : BTNsaveButton
[INFO ][2015-11-06 11:06:07,292][com.java.SeleniumDriver] [  838] - DataValue : 
[INFO ][2015-11-06 11:06:07,292][com.java.SeleniumDriver] [  844] - <In Set values of the page>
[INFO ][2015-11-06 11:06:07,292][com.java.SeleniumDriver] [  847] - {Data Fields & Data Values Exist}
[INFO ][2015-11-06 11:06:07,292][com.java.SeleniumDriver] [  849] - --------------------------setting values-----------------------------
[INFO ][2015-11-06 11:06:07,292][com.java.SeleniumDriver] [  852] - Action Type : CLICK
[INFO ][2015-11-06 11:06:07,292][com.java.TestType] [ 4150] - Field ::BTNsaveButton
[INFO ][2015-11-06 11:06:08,293][com.java.TestType] [ 4188] - BEFORE CLICK
[INFO ][2015-11-06 11:06:10,822][com.java.TestType] [ 4195] - Unable to click the object Save
[INFO ][2015-11-06 11:06:10,822][com.java.SeleniumDriver] [  861] -  RESULT true
[INFO ][2015-11-06 11:06:10,822][com.java.SeleniumDriver] [ 1066] - ?   P A S S   ?
[INFO ][2015-11-06 11:06:10,822][com.java.SeleniumDriver] [  788] - ------------------------------------------
[INFO ][2015-11-06 11:06:10,822][com.java.SeleniumDriver] [  789] - Test case being Executed: 2
[INFO ][2015-11-06 11:06:10,822][com.java.SeleniumDriver] [  800] - Test step:10
[INFO ][2015-11-06 11:06:10,822][com.java.SeleniumDriver] [  812] - Datavalue is----------null
[DEBUG][2015-11-06 11:06:10,822][com.java.SeleniumDriver] [  830] - Exception: null
[INFO ][2015-11-06 11:06:10,822][com.java.SeleniumDriver] [  836] - DataField : XPH//div[contains(text(),'Fed Funds Futures Curve')]
[INFO ][2015-11-06 11:06:10,822][com.java.SeleniumDriver] [  838] - DataValue : 
[INFO ][2015-11-06 11:06:10,822][com.java.SeleniumDriver] [  844] - <In Set values of the page>
[INFO ][2015-11-06 11:06:10,822][com.java.SeleniumDriver] [  847] - {Data Fields & Data Values Exist}
[INFO ][2015-11-06 11:06:10,822][com.java.SeleniumDriver] [  849] - --------------------------setting values-----------------------------
[INFO ][2015-11-06 11:06:10,822][com.java.SeleniumDriver] [  852] - Action Type : WAITFORELEMENT
[DEBUG][2015-11-06 11:07:15,385][com.java.TestType] [ 4703] - //div[contains(text(),'Fed Funds Futures Curve')]   :: Element not Found
[INFO ][2015-11-06 11:07:15,385][com.java.SeleniumDriver] [  861] -  RESULT false
[INFO ][2015-11-06 11:07:15,385][com.java.SeleniumDriver] [  908] - ?   F A I L   ?
[INFO ][2015-11-06 11:07:15,385][com.java.SeleniumDriver] [  916] - Browser Type : IE11
[INFO ][2015-11-06 11:07:15,385][com.java.SeleniumDriver] [  917] - Adding Failed case2
[INFO ][2015-11-06 11:07:25,951][com.java.SeleniumDriver] [ 1030] - failedCases = 2
[ERROR][2015-11-06 11:07:25,951][com.java.SeleniumDriver] [ 1516] - Platform Errors : Our apologies...::We have encountered an issue with your request.::Our apologies?:We encountered an issue with your request.
[INFO ][2015-11-06 11:07:25,951][com.java.SeleniumDriver] [ 1520] - Length =3
[ERROR][2015-11-06 11:07:25,951][com.java.SeleniumDriver] [ 1523] - Error 0 = Our apologies...
[ERROR][2015-11-06 11:07:25,967][com.java.SeleniumDriver] [ 1523] - Error 1 = We have encountered an issue with your request.
[ERROR][2015-11-06 11:07:25,980][com.java.SeleniumDriver] [ 1523] - Error 2 = Our apologies?:We encountered an issue with your request.
[DEBUG][2015-11-06 11:07:26,005][com.java.SeleniumDriver] [ 1168] - Case found
[DEBUG][2015-11-06 11:07:26,005][com.java.SeleniumDriver] [ 1173] - Incrementing ReportCounters[0]:2
[INFO ][2015-11-06 11:07:26,005][com.java.SeleniumDriver] [ 1192] - The results are-------------------[2, 10, Add content, Fail, 
Test case failed at Step No. :: 10   Error Message ::  //div[contains(text(),'Fed Funds Futures Curve')]   :: Element not Found. Screen Shot : D:\BankersDashboard\TestReports\110615\2_110615_110715_IE11.png, Fri Nov 06 11:07:25 IST 2015]
[INFO ][2015-11-06 11:07:26,005][com.java.SeleniumDriver] [ 1196] - End time is-------4 min 19 sec
[INFO ][2015-11-06 11:07:26,005][com.java.SeleniumDriver] [ 1197] - The results are-------------------[2, 10, Add content, Fail, 
Test case failed at Step No. :: 10   Error Message ::  //div[contains(text(),'Fed Funds Futures Curve')]   :: Element not Found. Screen Shot : D:\BankersDashboard\TestReports\110615\2_110615_110715_IE11.png, Fri Nov 06 11:07:25 IST 2015]
[DEBUG][2015-11-06 11:07:26,005][com.java.ImportnExport.ExportTestResultsExcel] [  222] - testResultPath = D:\BankersDashboard/TestReports/Test Results_BankersDashBoard_110615_110308_IE11_Any Bank USA.xls
[DEBUG][2015-11-06 11:07:26,005][com.java.ImportnExport.ExportTestResultsExcel] [  223] - browser is------------IE11
[DEBUG][2015-11-06 11:07:26,007][com.java.ImportnExport.ExportTestResultsExcel] [  270] - result.size() = 6
[DEBUG][2015-11-06 11:07:26,007][com.java.ImportnExport.ExportTestResultsExcel] [  274] - No of rows in sheet=2
[DEBUG][2015-11-06 11:07:26,007][com.java.ImportnExport.ExportTestResultsExcel] [  301] - ..in export..2
[DEBUG][2015-11-06 11:07:26,007][com.java.ImportnExport.ExportTestResultsExcel] [  301] - ..in export..Add content
[DEBUG][2015-11-06 11:07:26,007][com.java.ImportnExport.ExportTestResultsExcel] [  301] - ..in export..Fail
[DEBUG][2015-11-06 11:07:26,007][com.java.ImportnExport.ExportTestResultsExcel] [  301] - ..in export..
Test case failed at Step No. :: 10   Error Message ::  //div[contains(text(),'Fed Funds Futures Curve')]   :: Element not Found. Screen Shot : D:\BankersDashboard\TestReports\110615\2_110615_110715_IE11.png
[DEBUG][2015-11-06 11:07:26,007][com.java.ImportnExport.ExportTestResultsExcel] [  301] - ..in export..Fri Nov 06 11:07:25 IST 2015
[INFO ][2015-11-06 11:07:26,010][com.java.SeleniumDriver] [ 1255] - out loop:1 size:2 TestCases:[1, 2] testcases:[1, 2]
[INFO ][2015-11-06 11:07:28,010][com.java.SeleniumDriver] [ 1297] - Total Number of Cases:2
[INFO ][2015-11-06 11:07:28,010][com.java.TemplateGenerator] [  302] - Executed:2
[INFO ][2015-11-06 11:07:28,010][com.java.TemplateGenerator] [  303] - Passed:1
[INFO ][2015-11-06 11:07:28,010][com.java.TemplateGenerator] [  304] - Failed:1
[INFO ][2015-11-06 11:07:28,010][com.java.TemplateGenerator] [  305] - Skipeed:0
[INFO ][2015-11-06 11:07:28,010][com.java.TemplateGenerator] [  306] - Application URL:https://clients-xuat.bankersdashboard.com
[INFO ][2015-11-06 11:07:28,010][com.java.TemplateGenerator] [  307] - Start Time:110615_110308
[INFO ][2015-11-06 11:07:28,010][com.java.TemplateGenerator] [  308] -  Creating HTML Report 
[ERROR][2015-11-06 11:07:28,010][com.java.TemplateGenerator] [  409] - Unparseable date: "Fri Nov 06 11:03:08 IST 2015"
[INFO ][2015-11-06 11:07:28,010][com.java.TemplateGenerator] [  654] -  Exporting case :: 1
[INFO ][2015-11-06 11:07:28,010][com.java.TemplateGenerator] [  654] -  Exporting case :: 2
[INFO ][2015-11-06 11:07:28,016][com.java.SeleniumDriver] [ 1346] - End Time:110615_110728
[INFO ][2015-11-06 11:07:28,016][com.java.SeleniumDriver] [ 1349] - Data in Test Execution Details:{1=PASS, 2=FAILTest case failed at Step No. :: 10   Error Message ::  //div[contains(text(),'Fed Funds Futures Curve')]   :: Element not Found}
[INFO ][2015-11-06 11:07:28,016][com.java.SeleniumDriver] [ 1350] - Data in Failed Execution Deatils:{}
[INFO ][2015-11-06 11:07:28,016][com.java.SeleniumDriver] [ 1352] - ReportCounter:Total:2 :: PASS: 1 ::FAIL: 1
[INFO ][2015-11-06 11:07:28,016][com.java.SeleniumDriver] [ 1353] - FailedReportCounter:Total:0 :: PASS: 0 ::FAIL: 0
[INFO ][2015-11-06 11:07:28,023][com.java.EmailTestReport] [   63] - Sending report mail details:
[INFO ][2015-11-06 11:07:28,023][com.java.EmailTestReport] [   80] - Excel Report Path:D:\BankersDashboard/TestReports/Test Results_BankersDashBoard_110615_110308_IE11_Any Bank USA.xls
[INFO ][2015-11-06 11:07:28,023][com.java.EmailTestReport] [   81] - HTML Report Path:D:\BankersDashboard//TestReports//Test Results_BankersDashBoard_110615_110308_IE11_Any Bank USA.html
[INFO ][2015-11-06 11:07:28,023][com.java.EmailTestReport] [   82] - smtpHostName:mail01.valuelabs.com
[INFO ][2015-11-06 11:07:28,023][com.java.EmailTestReport] [   83] - Recipient:venkateswararao.gubbala@valuelabs.com
[INFO ][2015-11-06 11:07:28,023][com.java.EmailTestReport] [   84] - From:venkateswararao.gubbala@valuelabs.com
[INFO ][2015-11-06 11:07:28,023][com.java.EmailTestReport] [   85] - Subject:Deluxe Corp Bankers Dashboard Automation Test Report - Any Bank USA - IE11
[INFO ][2015-11-06 11:07:28,038][com.java.EmailTestReport] [  143] -  Added venkateswararao.gubbala@valuelabs.com
[INFO ][2015-11-06 11:07:31,414][com.java.SeleniumDriver] [  719] - quitting the browser 
[INFO ][2015-11-06 11:07:32,675][com.java.SeleniumDriver] [  263] - Execution Completed Stopping the thread
