[INFO ][2015-11-04 12:43:00,931][com.java.SeleniumDriver] [  213] - Execute Failed Casesfalse
[INFO ][2015-11-04 12:43:00,931][com.java.SeleniumDriver] [  214] - Browser: IE11
[INFO ][2015-11-04 12:43:00,931][com.java.SeleniumDriver] [  215] - [1, 2]
[INFO ][2015-11-04 12:43:00,931][com.java.SeleniumDriver] [  216] - Total TestCases:2
[INFO ][2015-11-04 12:43:00,931][com.java.SeleniumDriver] [  217] -  Reading Properties from Property File 
[DEBUG][2015-11-04 12:43:00,932][com.java.SeleniumDriver] [  238] - url : https://clients-xuat.bankersdashboard.com
[INFO ][2015-11-04 12:43:00,933][com.java.ImportnExport.ExportTestResultsExcel] [  116] - Time Stamp Wed Nov 04 12:43:00 IST 2015
[INFO ][2015-11-04 12:43:00,933][com.java.ImportnExport.ExportTestResultsExcel] [  175] - OUT FILE : D:\BankersDashboard/TestReports/Test Results_BankersDashBoard_110415_124300_IE11_Bank of North Carolina.xls
[INFO ][2015-11-04 12:43:00,969][com.java.ImportnExport.ExportTestResultsExcel] [  180] - Test Result file is created
[DEBUG][2015-11-04 12:43:01,069][com.java.SeleniumDriver] [  425] - Hub ip address is-------172.17.68.34
[INFO ][2015-11-04 12:43:01,070][com.java.SeleniumDriver] [  451] - Grid URL:http://172.17.68.34:4444/wd/hub
[INFO ][2015-11-04 12:43:01,071][com.java.SeleniumDriver] [  452] - Capability:Capabilities [{platform=ANY, ensureCleanSession=true, ignoreProtectedModeSettings=true, acceptSslCerts=true, ignoreZoomSetting=true, browserName=internet explorer, browserstack.ie.noFlash=true, version=Node1}]
[ERROR][2015-11-04 12:43:02,365][com.java.SeleniumDriver] [  496] - Unable invoke browser in grid:Could not start a new session. Possible causes are invalid address of the remote server or browser start-up failure.
Build info: version: '2.48.2', revision: '41bccdd', time: '2015-10-09 19:59:12'
System info: host: 'FVTIII438F1D', ip: '172.17.68.34', os.name: 'Windows 7', os.arch: 'x86', os.version: '6.1', java.version: '1.7.0_55'
Driver info: driver.version: SeleniumDriver
[INFO ][2015-11-04 12:43:02,365][com.java.SeleniumDriver] [  498] - Executing on local machine
[INFO ][2015-11-04 12:43:11,555][com.java.SeleniumDriver] [  248] - IE11is opened
[INFO ][2015-11-04 12:43:12,468][com.java.SeleniumDriver] [  752] - Test cases to be executed are: [1, 2]
[INFO ][2015-11-04 12:43:12,468][com.java.ImportnExport.ImportTestDataDetailsExcel] [   49] - test data details path===== D:\BankersDashboard\TestInputs\TestData.xls
[INFO ][2015-11-04 12:43:23,287][com.java.SeleniumDriver] [  788] - ------------------------------------------
[INFO ][2015-11-04 12:43:23,287][com.java.SeleniumDriver] [  789] - Test case being Executed: 1
[INFO ][2015-11-04 12:43:23,302][com.java.SeleniumDriver] [  800] - Test step:1
[INFO ][2015-11-04 12:43:23,304][com.java.SeleniumDriver] [  812] - Datavalue is----------Concept#1:1-14
[INFO ][2015-11-04 12:43:23,304][com.java.SeleniumDriver] [  836] - DataField : test
[INFO ][2015-11-04 12:43:23,305][com.java.SeleniumDriver] [  838] - DataValue : Concept#1:1-14
[INFO ][2015-11-04 12:43:23,305][com.java.SeleniumDriver] [  844] - <In Set values of the page>
[INFO ][2015-11-04 12:43:23,305][com.java.SeleniumDriver] [  847] - {Data Fields & Data Values Exist}
[INFO ][2015-11-04 12:43:23,305][com.java.SeleniumDriver] [  849] - --------------------------setting values-----------------------------
[INFO ][2015-11-04 12:43:23,305][com.java.SeleniumDriver] [  852] - Action Type : ExecuteTestCase
[INFO ][2015-11-04 12:43:23,322][com.java.TestType] [  411] - The Concept sheet name is ---------- Concept
[INFO ][2015-11-04 12:43:23,322][com.java.TestType] [  414] - The Concept ID  is ---------- 1
[DEBUG][2015-11-04 12:43:23,323][com.java.TestType] [  418] - Steps being executted in the Concept are: 1:14
[INFO ][2015-11-04 12:43:23,323][com.java.TestType] [  425] - Test data details path ---------- D:\BankersDashboard\TestInputs\TestData.xls
[INFO ][2015-11-04 12:43:23,354][com.java.TestType] [  456] -  str(1) = 1
[INFO ][2015-11-04 12:43:23,354][com.java.TestType] [  459] - Test case Id is---1
[INFO ][2015-11-04 12:43:23,354][com.java.TestType] [  461] - 1
[INFO ][2015-11-04 12:43:23,354][com.java.TestType] [  456] -  str(2) = 1
[INFO ][2015-11-04 12:43:23,357][com.java.TestType] [  508] - row values are--------{1=com.java.Objects.TestDataDetails@1c9476e}
[INFO ][2015-11-04 12:43:23,357][com.java.TestType] [  456] -  str(1) = 1
[INFO ][2015-11-04 12:43:23,357][com.java.TestType] [  459] - Test case Id is---1
[INFO ][2015-11-04 12:43:23,357][com.java.TestType] [  461] - 1
[INFO ][2015-11-04 12:43:23,357][com.java.TestType] [  456] -  str(2) = 2
[INFO ][2015-11-04 12:43:23,358][com.java.TestType] [  508] - row values are--------{1=com.java.Objects.TestDataDetails@1c9476e, 2=com.java.Objects.TestDataDetails@a2596a}
[INFO ][2015-11-04 12:43:23,358][com.java.TestType] [  456] -  str(1) = 1
[INFO ][2015-11-04 12:43:23,360][com.java.TestType] [  459] - Test case Id is---1
[INFO ][2015-11-04 12:43:23,360][com.java.TestType] [  461] - 1
[INFO ][2015-11-04 12:43:23,360][com.java.TestType] [  456] -  str(2) = 3
[INFO ][2015-11-04 12:43:23,361][com.java.TestType] [  508] - row values are--------{1=com.java.Objects.TestDataDetails@1c9476e, 2=com.java.Objects.TestDataDetails@a2596a, 3=com.java.Objects.TestDataDetails@3e6611}
[INFO ][2015-11-04 12:43:23,362][com.java.TestType] [  456] -  str(1) = 1
[INFO ][2015-11-04 12:43:23,362][com.java.TestType] [  459] - Test case Id is---1
[INFO ][2015-11-04 12:43:23,362][com.java.TestType] [  461] - 1
[INFO ][2015-11-04 12:43:23,362][com.java.TestType] [  456] -  str(2) = 4
[INFO ][2015-11-04 12:43:23,363][com.java.TestType] [  508] - row values are--------{1=com.java.Objects.TestDataDetails@1c9476e, 2=com.java.Objects.TestDataDetails@a2596a, 3=com.java.Objects.TestDataDetails@3e6611, 4=com.java.Objects.TestDataDetails@113fbcd}
[INFO ][2015-11-04 12:43:23,363][com.java.TestType] [  456] -  str(1) = 1
[INFO ][2015-11-04 12:43:23,363][com.java.TestType] [  459] - Test case Id is---1
[INFO ][2015-11-04 12:43:23,363][com.java.TestType] [  461] - 1
[INFO ][2015-11-04 12:43:23,364][com.java.TestType] [  456] -  str(2) = 5
[INFO ][2015-11-04 12:43:23,365][com.java.TestType] [  508] - row values are--------{1=com.java.Objects.TestDataDetails@1c9476e, 2=com.java.Objects.TestDataDetails@a2596a, 3=com.java.Objects.TestDataDetails@3e6611, 4=com.java.Objects.TestDataDetails@113fbcd, 5=com.java.Objects.TestDataDetails@68c1b6}
[INFO ][2015-11-04 12:43:23,365][com.java.TestType] [  456] -  str(1) = 1
[INFO ][2015-11-04 12:43:23,365][com.java.TestType] [  459] - Test case Id is---1
[INFO ][2015-11-04 12:43:23,365][com.java.TestType] [  461] - 1
[INFO ][2015-11-04 12:43:23,365][com.java.TestType] [  456] -  str(2) = 6
[INFO ][2015-11-04 12:43:23,366][com.java.TestType] [  508] - row values are--------{1=com.java.Objects.TestDataDetails@1c9476e, 2=com.java.Objects.TestDataDetails@a2596a, 3=com.java.Objects.TestDataDetails@3e6611, 4=com.java.Objects.TestDataDetails@113fbcd, 5=com.java.Objects.TestDataDetails@68c1b6, 6=com.java.Objects.TestDataDetails@dc1400}
[INFO ][2015-11-04 12:43:23,366][com.java.TestType] [  456] -  str(1) = 1
[INFO ][2015-11-04 12:43:23,366][com.java.TestType] [  459] - Test case Id is---1
[INFO ][2015-11-04 12:43:23,366][com.java.TestType] [  461] - 1
[INFO ][2015-11-04 12:43:23,366][com.java.TestType] [  456] -  str(2) = 7
[INFO ][2015-11-04 12:43:23,367][com.java.TestType] [  508] - row values are--------{1=com.java.Objects.TestDataDetails@1c9476e, 2=com.java.Objects.TestDataDetails@a2596a, 3=com.java.Objects.TestDataDetails@3e6611, 4=com.java.Objects.TestDataDetails@113fbcd, 5=com.java.Objects.TestDataDetails@68c1b6, 6=com.java.Objects.TestDataDetails@dc1400, 7=com.java.Objects.TestDataDetails@14cbd69}
[INFO ][2015-11-04 12:43:23,367][com.java.TestType] [  456] -  str(1) = 1
[INFO ][2015-11-04 12:43:23,367][com.java.TestType] [  459] - Test case Id is---1
[INFO ][2015-11-04 12:43:23,367][com.java.TestType] [  461] - 1
[INFO ][2015-11-04 12:43:23,368][com.java.TestType] [  456] -  str(2) = 8
[INFO ][2015-11-04 12:43:23,368][com.java.TestType] [  508] - row values are--------{1=com.java.Objects.TestDataDetails@1c9476e, 2=com.java.Objects.TestDataDetails@a2596a, 3=com.java.Objects.TestDataDetails@3e6611, 4=com.java.Objects.TestDataDetails@113fbcd, 5=com.java.Objects.TestDataDetails@68c1b6, 6=com.java.Objects.TestDataDetails@dc1400, 7=com.java.Objects.TestDataDetails@14cbd69, 8=com.java.Objects.TestDataDetails@1fe3f48}
[INFO ][2015-11-04 12:43:23,368][com.java.TestType] [  456] -  str(1) = 1
[INFO ][2015-11-04 12:43:23,369][com.java.TestType] [  459] - Test case Id is---1
[INFO ][2015-11-04 12:43:23,369][com.java.TestType] [  461] - 1
[INFO ][2015-11-04 12:43:23,369][com.java.TestType] [  456] -  str(2) = 9
[INFO ][2015-11-04 12:43:23,371][com.java.TestType] [  508] - row values are--------{1=com.java.Objects.TestDataDetails@1c9476e, 2=com.java.Objects.TestDataDetails@a2596a, 3=com.java.Objects.TestDataDetails@3e6611, 4=com.java.Objects.TestDataDetails@113fbcd, 5=com.java.Objects.TestDataDetails@68c1b6, 6=com.java.Objects.TestDataDetails@dc1400, 7=com.java.Objects.TestDataDetails@14cbd69, 8=com.java.Objects.TestDataDetails@1fe3f48, 9=com.java.Objects.TestDataDetails@1827638}
[INFO ][2015-11-04 12:43:23,371][com.java.TestType] [  456] -  str(1) = 1
[INFO ][2015-11-04 12:43:23,371][com.java.TestType] [  459] - Test case Id is---1
[INFO ][2015-11-04 12:43:23,371][com.java.TestType] [  461] - 1
[INFO ][2015-11-04 12:43:23,371][com.java.TestType] [  456] -  str(2) = 10
[INFO ][2015-11-04 12:43:23,372][com.java.TestType] [  508] - row values are--------{1=com.java.Objects.TestDataDetails@1c9476e, 2=com.java.Objects.TestDataDetails@a2596a, 3=com.java.Objects.TestDataDetails@3e6611, 4=com.java.Objects.TestDataDetails@113fbcd, 5=com.java.Objects.TestDataDetails@68c1b6, 6=com.java.Objects.TestDataDetails@dc1400, 7=com.java.Objects.TestDataDetails@14cbd69, 8=com.java.Objects.TestDataDetails@1fe3f48, 9=com.java.Objects.TestDataDetails@1827638, 10=com.java.Objects.TestDataDetails@22053a}
[INFO ][2015-11-04 12:43:23,372][com.java.TestType] [  456] -  str(1) = 1
[INFO ][2015-11-04 12:43:23,372][com.java.TestType] [  459] - Test case Id is---1
[INFO ][2015-11-04 12:43:23,372][com.java.TestType] [  461] - 1
[INFO ][2015-11-04 12:43:23,373][com.java.TestType] [  456] -  str(2) = 11
[INFO ][2015-11-04 12:43:23,373][com.java.TestType] [  508] - row values are--------{1=com.java.Objects.TestDataDetails@1c9476e, 2=com.java.Objects.TestDataDetails@a2596a, 3=com.java.Objects.TestDataDetails@3e6611, 4=com.java.Objects.TestDataDetails@113fbcd, 5=com.java.Objects.TestDataDetails@68c1b6, 6=com.java.Objects.TestDataDetails@dc1400, 7=com.java.Objects.TestDataDetails@14cbd69, 8=com.java.Objects.TestDataDetails@1fe3f48, 9=com.java.Objects.TestDataDetails@1827638, 10=com.java.Objects.TestDataDetails@22053a, 11=com.java.Objects.TestDataDetails@1e02bc8}
[INFO ][2015-11-04 12:43:23,373][com.java.TestType] [  456] -  str(1) = 1
[INFO ][2015-11-04 12:43:23,373][com.java.TestType] [  459] - Test case Id is---1
[INFO ][2015-11-04 12:43:23,374][com.java.TestType] [  461] - 1
[INFO ][2015-11-04 12:43:23,374][com.java.TestType] [  456] -  str(2) = 12
[INFO ][2015-11-04 12:43:23,374][com.java.TestType] [  508] - row values are--------{1=com.java.Objects.TestDataDetails@1c9476e, 2=com.java.Objects.TestDataDetails@a2596a, 3=com.java.Objects.TestDataDetails@3e6611, 4=com.java.Objects.TestDataDetails@113fbcd, 5=com.java.Objects.TestDataDetails@68c1b6, 6=com.java.Objects.TestDataDetails@dc1400, 7=com.java.Objects.TestDataDetails@14cbd69, 8=com.java.Objects.TestDataDetails@1fe3f48, 9=com.java.Objects.TestDataDetails@1827638, 10=com.java.Objects.TestDataDetails@22053a, 11=com.java.Objects.TestDataDetails@1e02bc8, 12=com.java.Objects.TestDataDetails@1961e2a}
[INFO ][2015-11-04 12:43:23,374][com.java.TestType] [  456] -  str(1) = 1
[INFO ][2015-11-04 12:43:23,374][com.java.TestType] [  459] - Test case Id is---1
[INFO ][2015-11-04 12:43:23,375][com.java.TestType] [  461] - 1
[INFO ][2015-11-04 12:43:23,375][com.java.TestType] [  456] -  str(2) = 13
[INFO ][2015-11-04 12:43:23,375][com.java.TestType] [  508] - row values are--------{1=com.java.Objects.TestDataDetails@1c9476e, 2=com.java.Objects.TestDataDetails@a2596a, 3=com.java.Objects.TestDataDetails@3e6611, 4=com.java.Objects.TestDataDetails@113fbcd, 5=com.java.Objects.TestDataDetails@68c1b6, 6=com.java.Objects.TestDataDetails@dc1400, 7=com.java.Objects.TestDataDetails@14cbd69, 8=com.java.Objects.TestDataDetails@1fe3f48, 9=com.java.Objects.TestDataDetails@1827638, 10=com.java.Objects.TestDataDetails@22053a, 11=com.java.Objects.TestDataDetails@1e02bc8, 12=com.java.Objects.TestDataDetails@1961e2a, 13=com.java.Objects.TestDataDetails@16f77b6}
[INFO ][2015-11-04 12:43:23,376][com.java.TestType] [  456] -  str(1) = 1
[INFO ][2015-11-04 12:43:23,376][com.java.TestType] [  459] - Test case Id is---1
[INFO ][2015-11-04 12:43:23,376][com.java.TestType] [  461] - 1
[INFO ][2015-11-04 12:43:23,376][com.java.TestType] [  456] -  str(2) = 14
[INFO ][2015-11-04 12:43:23,376][com.java.TestType] [  508] - row values are--------{1=com.java.Objects.TestDataDetails@1c9476e, 2=com.java.Objects.TestDataDetails@a2596a, 3=com.java.Objects.TestDataDetails@3e6611, 4=com.java.Objects.TestDataDetails@113fbcd, 5=com.java.Objects.TestDataDetails@68c1b6, 6=com.java.Objects.TestDataDetails@dc1400, 7=com.java.Objects.TestDataDetails@14cbd69, 8=com.java.Objects.TestDataDetails@1fe3f48, 9=com.java.Objects.TestDataDetails@1827638, 10=com.java.Objects.TestDataDetails@22053a, 11=com.java.Objects.TestDataDetails@1e02bc8, 12=com.java.Objects.TestDataDetails@1961e2a, 13=com.java.Objects.TestDataDetails@16f77b6, 14=com.java.Objects.TestDataDetails@3f09f4}
[INFO ][2015-11-04 12:43:23,377][com.java.TestType] [ 7899] - Looping 1TCID = 1
[DEBUG][2015-11-04 12:43:23,377][com.java.TestType] [ 7940] - Concept ID:1 :: Step being Executed: 1::1
[INFO ][2015-11-04 12:43:23,377][com.java.TestType] [ 7978] - dataFields : TXTusername
[DEBUG][2015-11-04 12:43:23,377][com.java.TestType] [ 7984] - <In Set values of the page>
[DEBUG][2015-11-04 12:43:23,377][com.java.TestType] [ 7989] - {Data Fields & Data Values Exist}
[INFO ][2015-11-04 12:43:23,377][com.java.TestType] [ 7995] - --------------------------setting values-----------------------------
[INFO ][2015-11-04 12:43:23,377][com.java.TestType] [ 7998] - Action Type : CLEARANDENTER
[INFO ][2015-11-04 12:43:23,377][com.java.TestType] [ 3750] - value = valuelabs.ie11.33527
[INFO ][2015-11-04 12:43:28,231][com.java.TestType] [ 8017] -  RESULT true
[INFO ][2015-11-04 12:43:28,231][com.java.TestType] [ 8134] - ?   P A S S   ?
[DEBUG][2015-11-04 12:43:28,231][com.java.TestType] [ 7940] - Concept ID:1 :: Step being Executed: 1::2
[INFO ][2015-11-04 12:43:28,231][com.java.TestType] [ 7978] - dataFields : TXTpassword
[DEBUG][2015-11-04 12:43:28,231][com.java.TestType] [ 7984] - <In Set values of the page>
[DEBUG][2015-11-04 12:43:28,232][com.java.TestType] [ 7989] - {Data Fields & Data Values Exist}
[INFO ][2015-11-04 12:43:28,232][com.java.TestType] [ 7995] - --------------------------setting values-----------------------------
[INFO ][2015-11-04 12:43:28,232][com.java.TestType] [ 7998] - Action Type : CLEARANDENTER
[INFO ][2015-11-04 12:43:28,232][com.java.TestType] [ 3750] - value = Password1*
[INFO ][2015-11-04 12:43:33,169][com.java.TestType] [ 8017] -  RESULT true
[INFO ][2015-11-04 12:43:33,169][com.java.TestType] [ 8134] - ?   P A S S   ?
[DEBUG][2015-11-04 12:43:33,169][com.java.TestType] [ 7940] - Concept ID:1 :: Step being Executed: 1::3
[ERROR][2015-11-04 12:43:33,169][com.java.TestType] [ 7973] - Exception: null
[INFO ][2015-11-04 12:43:33,169][com.java.TestType] [ 7978] - dataFields : XPH//button[@type='submit']
[DEBUG][2015-11-04 12:43:33,169][com.java.TestType] [ 7984] - <In Set values of the page>
[DEBUG][2015-11-04 12:43:33,169][com.java.TestType] [ 7989] - {Data Fields & Data Values Exist}
[INFO ][2015-11-04 12:43:33,170][com.java.TestType] [ 7995] - --------------------------setting values-----------------------------
[INFO ][2015-11-04 12:43:33,170][com.java.TestType] [ 7998] - Action Type : Click
[INFO ][2015-11-04 12:43:33,170][com.java.TestType] [ 4063] - Field ::XPH//button[@type='submit']
[INFO ][2015-11-04 12:43:34,170][com.java.TestType] [ 4122] - BEFORE CLICK
[INFO ][2015-11-04 12:43:35,031][com.java.TestType] [ 4130] - Unable to click the object Login
[INFO ][2015-11-04 12:43:35,031][com.java.TestType] [ 8017] -  RESULT true
[INFO ][2015-11-04 12:43:35,031][com.java.TestType] [ 8134] - ?   P A S S   ?
[DEBUG][2015-11-04 12:43:35,031][com.java.TestType] [ 7940] - Concept ID:1 :: Step being Executed: 1::4
[INFO ][2015-11-04 12:43:35,031][com.java.TestType] [ 7978] - dataFields : LNKLogout
[DEBUG][2015-11-04 12:43:35,032][com.java.TestType] [ 7984] - <In Set values of the page>
[DEBUG][2015-11-04 12:43:35,032][com.java.TestType] [ 7989] - {Data Fields & Data Values Exist}
[INFO ][2015-11-04 12:43:35,032][com.java.TestType] [ 7995] - --------------------------setting values-----------------------------
[INFO ][2015-11-04 12:43:35,032][com.java.TestType] [ 7998] - Action Type : WaitForElement
[INFO ][2015-11-04 12:43:45,248][com.java.TestType] [ 8017] -  RESULT true
[INFO ][2015-11-04 12:43:45,248][com.java.TestType] [ 8134] - ?   P A S S   ?
[DEBUG][2015-11-04 12:43:45,248][com.java.TestType] [ 7940] - Concept ID:1 :: Step being Executed: 1::13
[INFO ][2015-11-04 12:43:45,248][com.java.TestType] [ 7978] - dataFields : LNK
[DEBUG][2015-11-04 12:43:45,248][com.java.TestType] [ 7984] - <In Set values of the page>
[DEBUG][2015-11-04 12:43:45,248][com.java.TestType] [ 7989] - {Data Fields & Data Values Exist}
[INFO ][2015-11-04 12:43:45,249][com.java.TestType] [ 7995] - --------------------------setting values-----------------------------
[INFO ][2015-11-04 12:43:45,249][com.java.TestType] [ 7998] - Action Type : Verify
[INFO ][2015-11-04 12:43:45,249][com.java.TestType] [ 4876] - field= LNK value= Logout
[INFO ][2015-11-04 12:43:45,251][com.java.TestType] [ 3750] - value = Logout
[INFO ][2015-11-04 12:43:45,286][com.java.TestType] [ 8017] -  RESULT true
[INFO ][2015-11-04 12:43:45,286][com.java.TestType] [ 8134] - ?   P A S S   ?
[DEBUG][2015-11-04 12:43:45,286][com.java.TestType] [ 7940] - Concept ID:1 :: Step being Executed: 1::14
[INFO ][2015-11-04 12:43:45,286][com.java.TestType] [ 7978] - dataFields : BTN
[DEBUG][2015-11-04 12:43:45,286][com.java.TestType] [ 7984] - <In Set values of the page>
[DEBUG][2015-11-04 12:43:45,286][com.java.TestType] [ 7989] - {Data Fields & Data Values Exist}
[INFO ][2015-11-04 12:43:45,287][com.java.TestType] [ 7995] - --------------------------setting values-----------------------------
[INFO ][2015-11-04 12:43:45,287][com.java.TestType] [ 7998] - Action Type : Verify
[INFO ][2015-11-04 12:43:45,287][com.java.TestType] [ 4876] - field= BTN value= //img[contains(@src,'bdlogo.jpg')]
[INFO ][2015-11-04 12:43:45,287][com.java.TestType] [ 3750] - value = //img[contains(@src,'bdlogo.jpg')]
[INFO ][2015-11-04 12:43:45,321][com.java.TestType] [ 8017] -  RESULT true
[INFO ][2015-11-04 12:43:45,321][com.java.TestType] [ 8134] - ?   P A S S   ?
[INFO ][2015-11-04 12:43:45,321][com.java.TestType] [ 8205] - Looping End......
[INFO ][2015-11-04 12:43:45,326][com.java.SeleniumDriver] [  861] -  RESULT true
[INFO ][2015-11-04 12:43:45,326][com.java.SeleniumDriver] [ 1066] - ?   P A S S   ?
[INFO ][2015-11-04 12:43:45,326][com.java.SeleniumDriver] [  788] - ------------------------------------------
[INFO ][2015-11-04 12:43:45,326][com.java.SeleniumDriver] [  789] - Test case being Executed: 1
[INFO ][2015-11-04 12:43:45,326][com.java.SeleniumDriver] [  800] - Test step:2
[INFO ][2015-11-04 12:43:45,326][com.java.SeleniumDriver] [  812] - Datavalue is----------Concept#2:1-2
[INFO ][2015-11-04 12:43:45,326][com.java.SeleniumDriver] [  836] - DataField : test
[INFO ][2015-11-04 12:43:45,326][com.java.SeleniumDriver] [  838] - DataValue : Concept#2:1-2
[INFO ][2015-11-04 12:43:45,326][com.java.SeleniumDriver] [  844] - <In Set values of the page>
[INFO ][2015-11-04 12:43:45,326][com.java.SeleniumDriver] [  847] - {Data Fields & Data Values Exist}
[INFO ][2015-11-04 12:43:45,326][com.java.SeleniumDriver] [  849] - --------------------------setting values-----------------------------
[INFO ][2015-11-04 12:43:45,326][com.java.SeleniumDriver] [  852] - Action Type : ExecuteTestCase
[INFO ][2015-11-04 12:43:45,327][com.java.TestType] [  411] - The Concept sheet name is ---------- Concept
[INFO ][2015-11-04 12:43:45,327][com.java.TestType] [  414] - The Concept ID  is ---------- 2
[DEBUG][2015-11-04 12:43:45,327][com.java.TestType] [  418] - Steps being executted in the Concept are: 1:2
[INFO ][2015-11-04 12:43:45,327][com.java.TestType] [  425] - Test data details path ---------- D:\BankersDashboard\TestInputs\TestData.xls
[INFO ][2015-11-04 12:43:45,360][com.java.TestType] [  456] -  str(1) = 2
[INFO ][2015-11-04 12:43:45,360][com.java.TestType] [  459] - Test case Id is---2
[INFO ][2015-11-04 12:43:45,360][com.java.TestType] [  461] - 2
[INFO ][2015-11-04 12:43:45,360][com.java.TestType] [  456] -  str(2) = 1
[INFO ][2015-11-04 12:43:45,362][com.java.TestType] [  508] - row values are--------{1=com.java.Objects.TestDataDetails@181e8ba}
[INFO ][2015-11-04 12:43:45,362][com.java.TestType] [  456] -  str(1) = 2
[INFO ][2015-11-04 12:43:45,362][com.java.TestType] [  459] - Test case Id is---2
[INFO ][2015-11-04 12:43:45,362][com.java.TestType] [  461] - 2
[INFO ][2015-11-04 12:43:45,362][com.java.TestType] [  456] -  str(2) = 2
[INFO ][2015-11-04 12:43:45,363][com.java.TestType] [  508] - row values are--------{1=com.java.Objects.TestDataDetails@181e8ba, 2=com.java.Objects.TestDataDetails@10fd005}
[INFO ][2015-11-04 12:43:45,363][com.java.TestType] [  456] -  str(1) = 2
[INFO ][2015-11-04 12:43:45,363][com.java.TestType] [  459] - Test case Id is---2
[INFO ][2015-11-04 12:43:45,363][com.java.TestType] [  461] - 2
[INFO ][2015-11-04 12:43:45,363][com.java.TestType] [  456] -  str(2) = 3
[INFO ][2015-11-04 12:43:45,364][com.java.TestType] [  508] - row values are--------{1=com.java.Objects.TestDataDetails@181e8ba, 2=com.java.Objects.TestDataDetails@10fd005, 3=com.java.Objects.TestDataDetails@1ae9ba8}
[INFO ][2015-11-04 12:43:45,364][com.java.TestType] [ 7899] - Looping 1TCID = 2
[DEBUG][2015-11-04 12:43:45,364][com.java.TestType] [ 7940] - Concept ID:2 :: Step being Executed: 2::1
[INFO ][2015-11-04 12:43:45,364][com.java.TestType] [ 7978] - dataFields : BNK//select[@id='bank']
[DEBUG][2015-11-04 12:43:45,364][com.java.TestType] [ 7984] - <In Set values of the page>
[DEBUG][2015-11-04 12:43:45,364][com.java.TestType] [ 7989] - {Data Fields & Data Values Exist}
[INFO ][2015-11-04 12:43:45,364][com.java.TestType] [ 7995] - --------------------------setting values-----------------------------
[INFO ][2015-11-04 12:43:45,364][com.java.TestType] [ 7998] - Action Type : Select
[INFO ][2015-11-04 12:43:45,365][com.java.TestType] [ 3750] - value = PFC
[INFO ][2015-11-04 12:43:45,562][com.java.TestType] [ 8017] -  RESULT true
[INFO ][2015-11-04 12:43:45,562][com.java.TestType] [ 8134] - ?   P A S S   ?
[DEBUG][2015-11-04 12:43:45,562][com.java.TestType] [ 7940] - Concept ID:2 :: Step being Executed: 2::2
[INFO ][2015-11-04 12:43:45,562][com.java.TestType] [ 7978] - dataFields : LNKLogout
[DEBUG][2015-11-04 12:43:45,562][com.java.TestType] [ 7984] - <In Set values of the page>
[DEBUG][2015-11-04 12:43:45,562][com.java.TestType] [ 7989] - {Data Fields & Data Values Exist}
[INFO ][2015-11-04 12:43:45,562][com.java.TestType] [ 7995] - --------------------------setting values-----------------------------
[INFO ][2015-11-04 12:43:45,562][com.java.TestType] [ 7998] - Action Type : WaitTime
[DEBUG][2015-11-04 12:43:45,562][com.java.TestType] [ 3654] - sleepTime: 5000
[INFO ][2015-11-04 12:43:50,564][com.java.TestType] [ 8017] -  RESULT true
[INFO ][2015-11-04 12:43:50,564][com.java.TestType] [ 8134] - ?   P A S S   ?
[INFO ][2015-11-04 12:43:50,564][com.java.TestType] [ 8205] - Looping End......
[INFO ][2015-11-04 12:43:50,568][com.java.SeleniumDriver] [  861] -  RESULT true
[INFO ][2015-11-04 12:43:50,568][com.java.SeleniumDriver] [ 1066] - ?   P A S S   ?
[INFO ][2015-11-04 12:43:50,568][com.java.SeleniumDriver] [  788] - ------------------------------------------
[INFO ][2015-11-04 12:43:50,568][com.java.SeleniumDriver] [  789] - Test case being Executed: 1
[INFO ][2015-11-04 12:43:50,568][com.java.SeleniumDriver] [  800] - Test step:3
[INFO ][2015-11-04 12:43:50,568][com.java.SeleniumDriver] [  812] - Datavalue is----------2
[INFO ][2015-11-04 12:43:50,568][com.java.SeleniumDriver] [  836] - DataField : XPH//button[contains(text(),'Add Content')]
[INFO ][2015-11-04 12:43:50,568][com.java.SeleniumDriver] [  838] - DataValue : 2
[INFO ][2015-11-04 12:43:50,568][com.java.SeleniumDriver] [  844] - <In Set values of the page>
[INFO ][2015-11-04 12:43:50,569][com.java.SeleniumDriver] [  847] - {Data Fields & Data Values Exist}
[INFO ][2015-11-04 12:43:50,569][com.java.SeleniumDriver] [  849] - --------------------------setting values-----------------------------
[INFO ][2015-11-04 12:43:50,569][com.java.SeleniumDriver] [  852] - Action Type : WAITFORELEMENT
[INFO ][2015-11-04 12:43:50,602][com.java.SeleniumDriver] [  861] -  RESULT true
[INFO ][2015-11-04 12:43:50,602][com.java.SeleniumDriver] [ 1066] - ?   P A S S   ?
[DEBUG][2015-11-04 12:43:50,602][com.java.SeleniumDriver] [ 1168] - Case found
[DEBUG][2015-11-04 12:43:50,602][com.java.SeleniumDriver] [ 1173] - Incrementing ReportCounters[0]:1
[INFO ][2015-11-04 12:43:50,602][com.java.SeleniumDriver] [ 1192] - The results are-------------------[1, 1, Valid Login, Pass, , Wed Nov 04 12:43:45 IST 2015, 1, 2, Valid Login, Pass, , Wed Nov 04 12:43:50 IST 2015, 1, 3, Valid Login, Pass, , Wed Nov 04 12:43:50 IST 2015]
[INFO ][2015-11-04 12:43:50,602][com.java.SeleniumDriver] [ 1196] - End time is-------51 sec
[INFO ][2015-11-04 12:43:50,603][com.java.SeleniumDriver] [ 1197] - The results are-------------------[1, 1, Valid Login, Pass, , Wed Nov 04 12:43:45 IST 2015, 1, 2, Valid Login, Pass, , Wed Nov 04 12:43:50 IST 2015, 1, 3, Valid Login, Pass, , Wed Nov 04 12:43:50 IST 2015]
[DEBUG][2015-11-04 12:43:50,603][com.java.ImportnExport.ExportTestResultsExcel] [  222] - testResultPath = D:\BankersDashboard/TestReports/Test Results_BankersDashBoard_110415_124300_IE11_Bank of North Carolina.xls
[DEBUG][2015-11-04 12:43:50,603][com.java.ImportnExport.ExportTestResultsExcel] [  223] - browser is------------IE11
[DEBUG][2015-11-04 12:43:50,645][com.java.ImportnExport.ExportTestResultsExcel] [  270] - result.size() = 18
[DEBUG][2015-11-04 12:43:50,645][com.java.ImportnExport.ExportTestResultsExcel] [  274] - No of rows in sheet=1
[DEBUG][2015-11-04 12:43:50,645][com.java.ImportnExport.ExportTestResultsExcel] [  301] - ..in export..1
[DEBUG][2015-11-04 12:43:50,646][com.java.ImportnExport.ExportTestResultsExcel] [  301] - ..in export..Valid Login
[DEBUG][2015-11-04 12:43:50,646][com.java.ImportnExport.ExportTestResultsExcel] [  301] - ..in export..Pass
[DEBUG][2015-11-04 12:43:50,646][com.java.ImportnExport.ExportTestResultsExcel] [  301] - ..in export..
[DEBUG][2015-11-04 12:43:50,646][com.java.ImportnExport.ExportTestResultsExcel] [  301] - ..in export..Wed Nov 04 12:43:45 IST 2015
[INFO ][2015-11-04 12:43:50,647][com.java.SeleniumDriver] [ 1255] - out loop:0 size:2 TestCases:[1, 2] testcases:[1, 2]
[INFO ][2015-11-04 12:43:50,647][com.java.ImportnExport.ImportTestDataDetailsExcel] [   49] - test data details path===== D:\BankersDashboard\TestInputs\TestData.xls
[INFO ][2015-11-04 12:44:10,143][com.java.SeleniumDriver] [  788] - ------------------------------------------
[INFO ][2015-11-04 12:44:10,143][com.java.SeleniumDriver] [  789] - Test case being Executed: 2
[INFO ][2015-11-04 12:44:10,143][com.java.SeleniumDriver] [  800] - Test step:1
[INFO ][2015-11-04 12:44:10,143][com.java.SeleniumDriver] [  812] - Datavalue is----------Logout
[INFO ][2015-11-04 12:44:10,143][com.java.SeleniumDriver] [  836] - DataField : BTN
[INFO ][2015-11-04 12:44:10,143][com.java.SeleniumDriver] [  838] - DataValue : Logout
[INFO ][2015-11-04 12:44:10,143][com.java.SeleniumDriver] [  844] - <In Set values of the page>
[INFO ][2015-11-04 12:44:10,143][com.java.SeleniumDriver] [  847] - {Data Fields & Data Values Exist}
[INFO ][2015-11-04 12:44:10,143][com.java.SeleniumDriver] [  849] - --------------------------setting values-----------------------------
[INFO ][2015-11-04 12:44:10,143][com.java.SeleniumDriver] [  852] - Action Type : Verify
[INFO ][2015-11-04 12:44:10,143][com.java.TestType] [ 4876] - field= BTN value= Logout
[INFO ][2015-11-04 12:44:10,144][com.java.TestType] [ 3750] - value = Logout
[INFO ][2015-11-04 12:44:10,180][com.java.SeleniumDriver] [  861] -  RESULT true
[INFO ][2015-11-04 12:44:10,180][com.java.SeleniumDriver] [ 1066] - ?   P A S S   ?
[INFO ][2015-11-04 12:44:10,180][com.java.SeleniumDriver] [ 1108] - step change to 3
[INFO ][2015-11-04 12:44:10,180][com.java.SeleniumDriver] [  788] - ------------------------------------------
[INFO ][2015-11-04 12:44:10,180][com.java.SeleniumDriver] [  789] - Test case being Executed: 2
[INFO ][2015-11-04 12:44:10,181][com.java.SeleniumDriver] [  800] - Test step:3
[INFO ][2015-11-04 12:44:10,181][com.java.SeleniumDriver] [  812] - Datavalue is----------Concept#2:1-2
[INFO ][2015-11-04 12:44:10,181][com.java.SeleniumDriver] [  836] - DataField : test
[INFO ][2015-11-04 12:44:10,181][com.java.SeleniumDriver] [  838] - DataValue : Concept#2:1-2
[INFO ][2015-11-04 12:44:10,181][com.java.SeleniumDriver] [  844] - <In Set values of the page>
[INFO ][2015-11-04 12:44:10,181][com.java.SeleniumDriver] [  847] - {Data Fields & Data Values Exist}
[INFO ][2015-11-04 12:44:10,181][com.java.SeleniumDriver] [  849] - --------------------------setting values-----------------------------
[INFO ][2015-11-04 12:44:10,181][com.java.SeleniumDriver] [  852] - Action Type : ExecuteTestCase
[INFO ][2015-11-04 12:44:10,181][com.java.TestType] [  411] - The Concept sheet name is ---------- Concept
[INFO ][2015-11-04 12:44:10,181][com.java.TestType] [  414] - The Concept ID  is ---------- 2
[DEBUG][2015-11-04 12:44:10,181][com.java.TestType] [  418] - Steps being executted in the Concept are: 1:2
[INFO ][2015-11-04 12:44:10,181][com.java.TestType] [  425] - Test data details path ---------- D:\BankersDashboard\TestInputs\TestData.xls
[INFO ][2015-11-04 12:44:10,211][com.java.TestType] [  456] -  str(1) = 2
[INFO ][2015-11-04 12:44:10,211][com.java.TestType] [  459] - Test case Id is---2
[INFO ][2015-11-04 12:44:10,211][com.java.TestType] [  461] - 2
[INFO ][2015-11-04 12:44:10,212][com.java.TestType] [  456] -  str(2) = 1
[INFO ][2015-11-04 12:44:10,214][com.java.TestType] [  508] - row values are--------{1=com.java.Objects.TestDataDetails@1d1725b}
[INFO ][2015-11-04 12:44:10,214][com.java.TestType] [  456] -  str(1) = 2
[INFO ][2015-11-04 12:44:10,214][com.java.TestType] [  459] - Test case Id is---2
[INFO ][2015-11-04 12:44:10,214][com.java.TestType] [  461] - 2
[INFO ][2015-11-04 12:44:10,214][com.java.TestType] [  456] -  str(2) = 2
[INFO ][2015-11-04 12:44:10,215][com.java.TestType] [  508] - row values are--------{1=com.java.Objects.TestDataDetails@1d1725b, 2=com.java.Objects.TestDataDetails@b162fa}
[INFO ][2015-11-04 12:44:10,215][com.java.TestType] [  456] -  str(1) = 2
[INFO ][2015-11-04 12:44:10,215][com.java.TestType] [  459] - Test case Id is---2
[INFO ][2015-11-04 12:44:10,215][com.java.TestType] [  461] - 2
[INFO ][2015-11-04 12:44:10,215][com.java.TestType] [  456] -  str(2) = 3
[INFO ][2015-11-04 12:44:10,215][com.java.TestType] [  508] - row values are--------{1=com.java.Objects.TestDataDetails@1d1725b, 2=com.java.Objects.TestDataDetails@b162fa, 3=com.java.Objects.TestDataDetails@c66962}
[INFO ][2015-11-04 12:44:10,216][com.java.TestType] [ 7899] - Looping 1TCID = 2
[DEBUG][2015-11-04 12:44:10,216][com.java.TestType] [ 7940] - Concept ID:2 :: Step being Executed: 2::1
[INFO ][2015-11-04 12:44:10,216][com.java.TestType] [ 7978] - dataFields : BNK//select[@id='bank']
[DEBUG][2015-11-04 12:44:10,216][com.java.TestType] [ 7984] - <In Set values of the page>
[DEBUG][2015-11-04 12:44:10,216][com.java.TestType] [ 7989] - {Data Fields & Data Values Exist}
[INFO ][2015-11-04 12:44:10,216][com.java.TestType] [ 7995] - --------------------------setting values-----------------------------
[INFO ][2015-11-04 12:44:10,216][com.java.TestType] [ 7998] - Action Type : Select
[INFO ][2015-11-04 12:44:10,216][com.java.TestType] [ 3750] - value = PFC
[INFO ][2015-11-04 12:44:10,435][com.java.TestType] [ 8017] -  RESULT true
[INFO ][2015-11-04 12:44:10,435][com.java.TestType] [ 8134] - ?   P A S S   ?
[DEBUG][2015-11-04 12:44:10,435][com.java.TestType] [ 7940] - Concept ID:2 :: Step being Executed: 2::2
[INFO ][2015-11-04 12:44:10,435][com.java.TestType] [ 7978] - dataFields : LNKLogout
[DEBUG][2015-11-04 12:44:10,435][com.java.TestType] [ 7984] - <In Set values of the page>
[DEBUG][2015-11-04 12:44:10,436][com.java.TestType] [ 7989] - {Data Fields & Data Values Exist}
[INFO ][2015-11-04 12:44:10,436][com.java.TestType] [ 7995] - --------------------------setting values-----------------------------
[INFO ][2015-11-04 12:44:10,436][com.java.TestType] [ 7998] - Action Type : WaitTime
[DEBUG][2015-11-04 12:44:10,436][com.java.TestType] [ 3654] - sleepTime: 5000
[INFO ][2015-11-04 12:44:15,436][com.java.TestType] [ 8017] -  RESULT true
[INFO ][2015-11-04 12:44:15,436][com.java.TestType] [ 8134] - ?   P A S S   ?
[INFO ][2015-11-04 12:44:15,436][com.java.TestType] [ 8205] - Looping End......
[INFO ][2015-11-04 12:44:15,440][com.java.SeleniumDriver] [  861] -  RESULT true
[INFO ][2015-11-04 12:44:15,440][com.java.SeleniumDriver] [ 1066] - ?   P A S S   ?
[INFO ][2015-11-04 12:44:15,440][com.java.SeleniumDriver] [  788] - ------------------------------------------
[INFO ][2015-11-04 12:44:15,441][com.java.SeleniumDriver] [  789] - Test case being Executed: 2
[INFO ][2015-11-04 12:44:15,441][com.java.SeleniumDriver] [  800] - Test step:4
[INFO ][2015-11-04 12:44:15,441][com.java.SeleniumDriver] [  812] - Datavalue is----------null
[DEBUG][2015-11-04 12:44:15,441][com.java.SeleniumDriver] [  830] - Exception: null
[INFO ][2015-11-04 12:44:15,441][com.java.SeleniumDriver] [  836] - DataField : //span[@class='icon-stack']&&//ul[@id='ReportPackages']/li[2]/a
[INFO ][2015-11-04 12:44:15,441][com.java.SeleniumDriver] [  838] - DataValue : 
[INFO ][2015-11-04 12:44:15,441][com.java.SeleniumDriver] [  844] - <In Set values of the page>
[INFO ][2015-11-04 12:44:15,441][com.java.SeleniumDriver] [  847] - {Data Fields & Data Values Exist}
[INFO ][2015-11-04 12:44:15,441][com.java.SeleniumDriver] [  849] - --------------------------setting values-----------------------------
[INFO ][2015-11-04 12:44:15,441][com.java.SeleniumDriver] [  852] - Action Type : MOUSEOVER
[INFO ][2015-11-04 12:44:25,027][com.java.SeleniumDriver] [  861] -  RESULT true
[INFO ][2015-11-04 12:44:25,027][com.java.SeleniumDriver] [ 1066] - ?   P A S S   ?
[INFO ][2015-11-04 12:44:25,027][com.java.SeleniumDriver] [  788] - ------------------------------------------
[INFO ][2015-11-04 12:44:25,027][com.java.SeleniumDriver] [  789] - Test case being Executed: 2
[INFO ][2015-11-04 12:44:25,027][com.java.SeleniumDriver] [  800] - Test step:5
[INFO ][2015-11-04 12:44:25,027][com.java.SeleniumDriver] [  812] - Datavalue is----------3
[INFO ][2015-11-04 12:44:25,027][com.java.SeleniumDriver] [  836] - DataField : BTNdivHelpText
[INFO ][2015-11-04 12:44:25,027][com.java.SeleniumDriver] [  838] - DataValue : 3
[INFO ][2015-11-04 12:44:25,027][com.java.SeleniumDriver] [  844] - <In Set values of the page>
[INFO ][2015-11-04 12:44:25,027][com.java.SeleniumDriver] [  847] - {Data Fields & Data Values Exist}
[INFO ][2015-11-04 12:44:25,027][com.java.SeleniumDriver] [  849] - --------------------------setting values-----------------------------
[INFO ][2015-11-04 12:44:25,027][com.java.SeleniumDriver] [  852] - Action Type : WAITFORELEMENT
[INFO ][2015-11-04 12:44:26,259][com.java.SeleniumDriver] [  861] -  RESULT true
[INFO ][2015-11-04 12:44:26,261][com.java.SeleniumDriver] [ 1066] - ?   P A S S   ?
[INFO ][2015-11-04 12:44:26,261][com.java.SeleniumDriver] [  788] - ------------------------------------------
[INFO ][2015-11-04 12:44:26,261][com.java.SeleniumDriver] [  789] - Test case being Executed: 2
[INFO ][2015-11-04 12:44:26,261][com.java.SeleniumDriver] [  800] - Test step:6
[INFO ][2015-11-04 12:44:26,261][com.java.SeleniumDriver] [  812] - Datavalue is----------null
[DEBUG][2015-11-04 12:44:26,261][com.java.SeleniumDriver] [  830] - Exception: null
[INFO ][2015-11-04 12:44:26,261][com.java.SeleniumDriver] [  836] - DataField : BTNframeDialogContent
[INFO ][2015-11-04 12:44:26,261][com.java.SeleniumDriver] [  838] - DataValue : 
[INFO ][2015-11-04 12:44:26,261][com.java.SeleniumDriver] [  844] - <In Set values of the page>
[INFO ][2015-11-04 12:44:26,261][com.java.SeleniumDriver] [  847] - {Data Fields & Data Values Exist}
[INFO ][2015-11-04 12:44:26,261][com.java.SeleniumDriver] [  849] - --------------------------setting values-----------------------------
[INFO ][2015-11-04 12:44:26,261][com.java.SeleniumDriver] [  852] - Action Type : SELECTFRAME
[INFO ][2015-11-04 12:44:27,520][com.java.SeleniumDriver] [  861] -  RESULT true
[INFO ][2015-11-04 12:44:27,520][com.java.SeleniumDriver] [ 1066] - ?   P A S S   ?
[INFO ][2015-11-04 12:44:27,520][com.java.SeleniumDriver] [  788] - ------------------------------------------
[INFO ][2015-11-04 12:44:27,520][com.java.SeleniumDriver] [  789] - Test case being Executed: 2
[INFO ][2015-11-04 12:44:27,520][com.java.SeleniumDriver] [  800] - Test step:7
[INFO ][2015-11-04 12:44:27,520][com.java.SeleniumDriver] [  812] - Datavalue is----------//div[@class='ui-widget-content']/div/button
[INFO ][2015-11-04 12:44:27,520][com.java.SeleniumDriver] [  836] - DataField : BTN
[INFO ][2015-11-04 12:44:27,520][com.java.SeleniumDriver] [  838] - DataValue : //div[@class='ui-widget-content']/div/button
[INFO ][2015-11-04 12:44:27,520][com.java.SeleniumDriver] [  844] - <In Set values of the page>
[INFO ][2015-11-04 12:44:27,520][com.java.SeleniumDriver] [  847] - {Data Fields & Data Values Exist}
[INFO ][2015-11-04 12:44:27,521][com.java.SeleniumDriver] [  849] - --------------------------setting values-----------------------------
[INFO ][2015-11-04 12:44:27,522][com.java.SeleniumDriver] [  852] - Action Type : VERIFY
[INFO ][2015-11-04 12:44:27,522][com.java.TestType] [ 4876] - field= BTN value= //div[@class='ui-widget-content']/div/button
[INFO ][2015-11-04 12:44:27,522][com.java.TestType] [ 3750] - value = //div[@class='ui-widget-content']/div/button
[INFO ][2015-11-04 12:44:27,565][com.java.SeleniumDriver] [  861] -  RESULT true
[INFO ][2015-11-04 12:44:27,565][com.java.SeleniumDriver] [ 1066] - ?   P A S S   ?
[INFO ][2015-11-04 12:44:27,565][com.java.SeleniumDriver] [  788] - ------------------------------------------
[INFO ][2015-11-04 12:44:27,565][com.java.SeleniumDriver] [  789] - Test case being Executed: 2
[INFO ][2015-11-04 12:44:27,565][com.java.SeleniumDriver] [  800] - Test step:8
[INFO ][2015-11-04 12:44:27,566][com.java.SeleniumDriver] [  812] - Datavalue is----------3
[INFO ][2015-11-04 12:44:27,566][com.java.SeleniumDriver] [  836] - DataField : XPH//span[@class='glyphicon glyphicon-plus']
[INFO ][2015-11-04 12:44:27,566][com.java.SeleniumDriver] [  838] - DataValue : 3
[INFO ][2015-11-04 12:44:27,566][com.java.SeleniumDriver] [  844] - <In Set values of the page>
[INFO ][2015-11-04 12:44:27,566][com.java.SeleniumDriver] [  847] - {Data Fields & Data Values Exist}
[INFO ][2015-11-04 12:44:27,566][com.java.SeleniumDriver] [  849] - --------------------------setting values-----------------------------
[INFO ][2015-11-04 12:44:27,566][com.java.SeleniumDriver] [  852] - Action Type : WAITFORELEMENT
[INFO ][2015-11-04 12:44:27,589][com.java.SeleniumDriver] [  861] -  RESULT true
[INFO ][2015-11-04 12:44:27,589][com.java.SeleniumDriver] [ 1066] - ?   P A S S   ?
[INFO ][2015-11-04 12:44:27,589][com.java.SeleniumDriver] [  788] - ------------------------------------------
[INFO ][2015-11-04 12:44:27,589][com.java.SeleniumDriver] [  789] - Test case being Executed: 2
[INFO ][2015-11-04 12:44:27,589][com.java.SeleniumDriver] [  800] - Test step:9
[INFO ][2015-11-04 12:44:27,589][com.java.SeleniumDriver] [  812] - Datavalue is----------null
[DEBUG][2015-11-04 12:44:27,589][com.java.SeleniumDriver] [  830] - Exception: null
[INFO ][2015-11-04 12:44:27,590][com.java.SeleniumDriver] [  836] - DataField : XPH//span[@class='glyphicon glyphicon-plus']
[INFO ][2015-11-04 12:44:27,590][com.java.SeleniumDriver] [  838] - DataValue : 
[INFO ][2015-11-04 12:44:27,590][com.java.SeleniumDriver] [  844] - <In Set values of the page>
[INFO ][2015-11-04 12:44:27,590][com.java.SeleniumDriver] [  847] - {Data Fields & Data Values Exist}
[INFO ][2015-11-04 12:44:27,590][com.java.SeleniumDriver] [  849] - --------------------------setting values-----------------------------
[INFO ][2015-11-04 12:44:27,590][com.java.SeleniumDriver] [  852] - Action Type : CLICK
[INFO ][2015-11-04 12:44:27,590][com.java.TestType] [ 4063] - Field ::XPH//span[@class='glyphicon glyphicon-plus']
[INFO ][2015-11-04 12:44:28,590][com.java.TestType] [ 4122] - BEFORE CLICK
[INFO ][2015-11-04 12:44:29,809][com.java.TestType] [ 4130] - Unable to click the object +' Button
[INFO ][2015-11-04 12:44:29,809][com.java.SeleniumDriver] [  861] -  RESULT true
[INFO ][2015-11-04 12:44:29,809][com.java.SeleniumDriver] [ 1066] - ?   P A S S   ?
[INFO ][2015-11-04 12:44:29,809][com.java.SeleniumDriver] [  788] - ------------------------------------------
[INFO ][2015-11-04 12:44:29,809][com.java.SeleniumDriver] [  789] - Test case being Executed: 2
[INFO ][2015-11-04 12:44:29,809][com.java.SeleniumDriver] [  800] - Test step:10
[INFO ][2015-11-04 12:44:29,809][com.java.SeleniumDriver] [  812] - Datavalue is----------3
[INFO ][2015-11-04 12:44:29,809][com.java.SeleniumDriver] [  836] - DataField : XPH//span[@class='dlg_Label']
[INFO ][2015-11-04 12:44:29,809][com.java.SeleniumDriver] [  838] - DataValue : 3
[INFO ][2015-11-04 12:44:29,809][com.java.SeleniumDriver] [  844] - <In Set values of the page>
[INFO ][2015-11-04 12:44:29,809][com.java.SeleniumDriver] [  847] - {Data Fields & Data Values Exist}
[INFO ][2015-11-04 12:44:29,809][com.java.SeleniumDriver] [  849] - --------------------------setting values-----------------------------
[INFO ][2015-11-04 12:44:29,810][com.java.SeleniumDriver] [  852] - Action Type : WAITFORELEMENT
[INFO ][2015-11-04 12:44:29,833][com.java.SeleniumDriver] [  861] -  RESULT true
[INFO ][2015-11-04 12:44:29,833][com.java.SeleniumDriver] [ 1066] - ?   P A S S   ?
[INFO ][2015-11-04 12:44:29,833][com.java.SeleniumDriver] [  788] - ------------------------------------------
[INFO ][2015-11-04 12:44:29,833][com.java.SeleniumDriver] [  789] - Test case being Executed: 2
[INFO ][2015-11-04 12:44:29,833][com.java.SeleniumDriver] [  800] - Test step:11
[INFO ][2015-11-04 12:44:29,833][com.java.SeleniumDriver] [  812] - Datavalue is----------Package Name
[INFO ][2015-11-04 12:44:29,833][com.java.SeleniumDriver] [  836] - DataField : XPH//span[@class='dlg_Label']
[INFO ][2015-11-04 12:44:29,834][com.java.SeleniumDriver] [  838] - DataValue : Package Name
[INFO ][2015-11-04 12:44:29,834][com.java.SeleniumDriver] [  844] - <In Set values of the page>
[INFO ][2015-11-04 12:44:29,834][com.java.SeleniumDriver] [  847] - {Data Fields & Data Values Exist}
[INFO ][2015-11-04 12:44:29,834][com.java.SeleniumDriver] [  849] - --------------------------setting values-----------------------------
[INFO ][2015-11-04 12:44:29,834][com.java.SeleniumDriver] [  852] - Action Type : VERIFY
[INFO ][2015-11-04 12:44:29,834][com.java.TestType] [ 4876] - field= XPH//span[@class='dlg_Label'] value= Package Name
[INFO ][2015-11-04 12:44:29,834][com.java.TestType] [ 3750] - value = Package Name
[INFO ][2015-11-04 12:44:29,914][com.java.SeleniumDriver] [  861] -  RESULT true
[INFO ][2015-11-04 12:44:29,914][com.java.SeleniumDriver] [ 1066] - ?   P A S S   ?
[INFO ][2015-11-04 12:44:29,914][com.java.SeleniumDriver] [  788] - ------------------------------------------
[INFO ][2015-11-04 12:44:29,914][com.java.SeleniumDriver] [  789] - Test case being Executed: 2
[INFO ][2015-11-04 12:44:29,914][com.java.SeleniumDriver] [  800] - Test step:12
[INFO ][2015-11-04 12:44:29,914][com.java.SeleniumDriver] [  812] - Datavalue is----------3
[INFO ][2015-11-04 12:44:29,914][com.java.SeleniumDriver] [  836] - DataField : XPH//div[contains(@id,'ember')]/div//input[contains(@class, 'ember-view ember-text-')]
[INFO ][2015-11-04 12:44:29,914][com.java.SeleniumDriver] [  838] - DataValue : 3
[INFO ][2015-11-04 12:44:29,914][com.java.SeleniumDriver] [  844] - <In Set values of the page>
[INFO ][2015-11-04 12:44:29,914][com.java.SeleniumDriver] [  847] - {Data Fields & Data Values Exist}
[INFO ][2015-11-04 12:44:29,915][com.java.SeleniumDriver] [  849] - --------------------------setting values-----------------------------
[INFO ][2015-11-04 12:44:29,915][com.java.SeleniumDriver] [  852] - Action Type : WAITFORELEMENT
[INFO ][2015-11-04 12:44:29,948][com.java.SeleniumDriver] [  861] -  RESULT true
[INFO ][2015-11-04 12:44:29,948][com.java.SeleniumDriver] [ 1066] - ?   P A S S   ?
[INFO ][2015-11-04 12:44:29,948][com.java.SeleniumDriver] [  788] - ------------------------------------------
[INFO ][2015-11-04 12:44:29,948][com.java.SeleniumDriver] [  789] - Test case being Executed: 2
[INFO ][2015-11-04 12:44:29,948][com.java.SeleniumDriver] [  800] - Test step:13
[INFO ][2015-11-04 12:44:29,948][com.java.SeleniumDriver] [  812] - Datavalue is----------null
[DEBUG][2015-11-04 12:44:29,948][com.java.SeleniumDriver] [  830] - Exception: null
[INFO ][2015-11-04 12:44:29,948][com.java.SeleniumDriver] [  836] - DataField : XPH//div[contains(@id,'ember')]/div//input[contains(@class, 'ember-view ember-text-')]
[INFO ][2015-11-04 12:44:29,948][com.java.SeleniumDriver] [  838] - DataValue : 
[INFO ][2015-11-04 12:44:29,948][com.java.SeleniumDriver] [  844] - <In Set values of the page>
[INFO ][2015-11-04 12:44:29,948][com.java.SeleniumDriver] [  847] - {Data Fields & Data Values Exist}
[INFO ][2015-11-04 12:44:29,948][com.java.SeleniumDriver] [  849] - --------------------------setting values-----------------------------
[INFO ][2015-11-04 12:44:29,949][com.java.SeleniumDriver] [  852] - Action Type : CLICK
[INFO ][2015-11-04 12:44:29,949][com.java.TestType] [ 4063] - Field ::XPH//div[contains(@id,'ember')]/div//input[contains(@class, 'ember-view ember-text-')]
[INFO ][2015-11-04 12:44:30,949][com.java.TestType] [ 4122] - BEFORE CLICK
[INFO ][2015-11-04 12:44:31,712][com.java.TestType] [ 4130] - Unable to click the object PackageName Textfield
[INFO ][2015-11-04 12:44:31,712][com.java.SeleniumDriver] [  861] -  RESULT true
[INFO ][2015-11-04 12:44:31,712][com.java.SeleniumDriver] [ 1066] - ?   P A S S   ?
[INFO ][2015-11-04 12:44:31,712][com.java.SeleniumDriver] [  788] - ------------------------------------------
[INFO ][2015-11-04 12:44:31,712][com.java.SeleniumDriver] [  789] - Test case being Executed: 2
[INFO ][2015-11-04 12:44:31,712][com.java.SeleniumDriver] [  800] - Test step:14
[INFO ][2015-11-04 12:44:31,712][com.java.SeleniumDriver] [  812] - Datavalue is----------RNDVL_Test#
[INFO ][2015-11-04 12:44:31,712][com.java.SeleniumDriver] [  836] - DataField : TXT//div[contains(@id,'ember')]/div//input[contains(@class, 'ember-view ember-text-')]
[INFO ][2015-11-04 12:44:31,712][com.java.SeleniumDriver] [  838] - DataValue : RNDVL_Test#
[INFO ][2015-11-04 12:44:31,712][com.java.SeleniumDriver] [  844] - <In Set values of the page>
[INFO ][2015-11-04 12:44:31,712][com.java.SeleniumDriver] [  847] - {Data Fields & Data Values Exist}
[INFO ][2015-11-04 12:44:31,712][com.java.SeleniumDriver] [  849] - --------------------------setting values-----------------------------
[INFO ][2015-11-04 12:44:31,713][com.java.SeleniumDriver] [  852] - Action Type : CLEARANDENTER
[INFO ][2015-11-04 12:44:31,713][com.java.TestType] [ 3750] - value = VL_Test#38777
[INFO ][2015-11-04 12:44:32,539][com.java.SeleniumDriver] [  861] -  RESULT true
[INFO ][2015-11-04 12:44:32,540][com.java.SeleniumDriver] [ 1066] - ?   P A S S   ?
[INFO ][2015-11-04 12:44:32,540][com.java.SeleniumDriver] [  788] - ------------------------------------------
[INFO ][2015-11-04 12:44:32,540][com.java.SeleniumDriver] [  789] - Test case being Executed: 2
[INFO ][2015-11-04 12:44:32,540][com.java.SeleniumDriver] [  800] - Test step:15
[INFO ][2015-11-04 12:44:32,540][com.java.SeleniumDriver] [  812] - Datavalue is----------null
[DEBUG][2015-11-04 12:44:32,540][com.java.SeleniumDriver] [  830] - Exception: null
[INFO ][2015-11-04 12:44:32,540][com.java.SeleniumDriver] [  836] - DataField : null
[INFO ][2015-11-04 12:44:32,540][com.java.SeleniumDriver] [  838] - DataValue : 
[INFO ][2015-11-04 12:44:32,540][com.java.SeleniumDriver] [  844] - <In Set values of the page>
[INFO ][2015-11-04 12:44:32,540][com.java.SeleniumDriver] [  847] - {Data Fields & Data Values Exist}
[INFO ][2015-11-04 12:44:32,540][com.java.SeleniumDriver] [  849] - --------------------------setting values-----------------------------
[INFO ][2015-11-04 12:44:32,540][com.java.SeleniumDriver] [  852] - Action Type : WAITTIME
[DEBUG][2015-11-04 12:44:32,541][com.java.TestType] [ 3654] - sleepTime: 10000
[INFO ][2015-11-04 12:44:42,542][com.java.SeleniumDriver] [  861] -  RESULT true
[INFO ][2015-11-04 12:44:42,542][com.java.SeleniumDriver] [ 1066] - ?   P A S S   ?
[INFO ][2015-11-04 12:44:42,542][com.java.SeleniumDriver] [  788] - ------------------------------------------
[INFO ][2015-11-04 12:44:42,542][com.java.SeleniumDriver] [  789] - Test case being Executed: 2
[INFO ][2015-11-04 12:44:42,542][com.java.SeleniumDriver] [  800] - Test step:16
[INFO ][2015-11-04 12:44:42,542][com.java.SeleniumDriver] [  812] - Datavalue is----------PackageName
[INFO ][2015-11-04 12:44:42,542][com.java.SeleniumDriver] [  836] - DataField : TXT//div[contains(@id,'ember')]/div//input[contains(@class, 'ember-view ember-text-')]
[INFO ][2015-11-04 12:44:42,542][com.java.SeleniumDriver] [  838] - DataValue : PackageName
[INFO ][2015-11-04 12:44:42,542][com.java.SeleniumDriver] [  844] - <In Set values of the page>
[INFO ][2015-11-04 12:44:42,542][com.java.SeleniumDriver] [  847] - {Data Fields & Data Values Exist}
[INFO ][2015-11-04 12:44:42,542][com.java.SeleniumDriver] [  849] - --------------------------setting values-----------------------------
[INFO ][2015-11-04 12:44:42,542][com.java.SeleniumDriver] [  852] - Action Type : STOREVALUE
[INFO ][2015-11-04 12:44:42,543][com.java.TestType] [ 5810] - field= TXT//div[contains(@id,'ember')]/div//input[contains(@class, 'ember-view ember-text-')]
[DEBUG][2015-11-04 12:44:42,612][com.java.TestType] [ 5824] - Key:: PackageName  Value:: VL_Test#38777
[INFO ][2015-11-04 12:44:42,612][com.java.SeleniumDriver] [  861] -  RESULT true
[INFO ][2015-11-04 12:44:42,612][com.java.SeleniumDriver] [ 1066] - ?   P A S S   ?
[INFO ][2015-11-04 12:44:42,612][com.java.SeleniumDriver] [  788] - ------------------------------------------
[INFO ][2015-11-04 12:44:42,612][com.java.SeleniumDriver] [  789] - Test case being Executed: 2
[INFO ][2015-11-04 12:44:42,612][com.java.SeleniumDriver] [  800] - Test step:17
[INFO ][2015-11-04 12:44:42,612][com.java.SeleniumDriver] [  812] - Datavalue is----------5
[INFO ][2015-11-04 12:44:42,612][com.java.SeleniumDriver] [  836] - DataField : XPH//span[contains(text(),'Save')]
[INFO ][2015-11-04 12:44:42,612][com.java.SeleniumDriver] [  838] - DataValue : 5
[INFO ][2015-11-04 12:44:42,612][com.java.SeleniumDriver] [  844] - <In Set values of the page>
[INFO ][2015-11-04 12:44:42,612][com.java.SeleniumDriver] [  847] - {Data Fields & Data Values Exist}
[INFO ][2015-11-04 12:44:42,612][com.java.SeleniumDriver] [  849] - --------------------------setting values-----------------------------
[INFO ][2015-11-04 12:44:42,613][com.java.SeleniumDriver] [  852] - Action Type : WAITFORELEMENT
[INFO ][2015-11-04 12:44:42,635][com.java.SeleniumDriver] [  861] -  RESULT true
[INFO ][2015-11-04 12:44:42,635][com.java.SeleniumDriver] [ 1066] - ?   P A S S   ?
[INFO ][2015-11-04 12:44:42,635][com.java.SeleniumDriver] [  788] - ------------------------------------------
[INFO ][2015-11-04 12:44:42,635][com.java.SeleniumDriver] [  789] - Test case being Executed: 2
[INFO ][2015-11-04 12:44:42,635][com.java.SeleniumDriver] [  800] - Test step:18
[INFO ][2015-11-04 12:44:42,635][com.java.SeleniumDriver] [  812] - Datavalue is----------null
[DEBUG][2015-11-04 12:44:42,635][com.java.SeleniumDriver] [  830] - Exception: null
[INFO ][2015-11-04 12:44:42,636][com.java.SeleniumDriver] [  836] - DataField : XPH//span[contains(text(),'Save')]
[INFO ][2015-11-04 12:44:42,636][com.java.SeleniumDriver] [  838] - DataValue : 
[INFO ][2015-11-04 12:44:42,636][com.java.SeleniumDriver] [  844] - <In Set values of the page>
[INFO ][2015-11-04 12:44:42,636][com.java.SeleniumDriver] [  847] - {Data Fields & Data Values Exist}
[INFO ][2015-11-04 12:44:42,636][com.java.SeleniumDriver] [  849] - --------------------------setting values-----------------------------
[INFO ][2015-11-04 12:44:42,636][com.java.SeleniumDriver] [  852] - Action Type : CLICK
[INFO ][2015-11-04 12:44:42,636][com.java.TestType] [ 4063] - Field ::XPH//span[contains(text(),'Save')]
[INFO ][2015-11-04 12:44:43,636][com.java.TestType] [ 4122] - BEFORE CLICK
[INFO ][2015-11-04 12:44:45,352][com.java.TestType] [ 4130] - Unable to click the object Save Button
[INFO ][2015-11-04 12:44:45,352][com.java.SeleniumDriver] [  861] -  RESULT true
[INFO ][2015-11-04 12:44:45,352][com.java.SeleniumDriver] [ 1066] - ?   P A S S   ?
[INFO ][2015-11-04 12:44:45,352][com.java.SeleniumDriver] [  788] - ------------------------------------------
[INFO ][2015-11-04 12:44:45,352][com.java.SeleniumDriver] [  789] - Test case being Executed: 2
[INFO ][2015-11-04 12:44:45,352][com.java.SeleniumDriver] [  800] - Test step:19
[INFO ][2015-11-04 12:44:45,352][com.java.SeleniumDriver] [  812] - Datavalue is----------3
[INFO ][2015-11-04 12:44:45,352][com.java.SeleniumDriver] [  836] - DataField : XPH//span[@class='dlg_Label']
[INFO ][2015-11-04 12:44:45,352][com.java.SeleniumDriver] [  838] - DataValue : 3
[INFO ][2015-11-04 12:44:45,352][com.java.SeleniumDriver] [  844] - <In Set values of the page>
[INFO ][2015-11-04 12:44:45,353][com.java.SeleniumDriver] [  847] - {Data Fields & Data Values Exist}
[INFO ][2015-11-04 12:44:45,353][com.java.SeleniumDriver] [  849] - --------------------------setting values-----------------------------
[INFO ][2015-11-04 12:44:45,353][com.java.SeleniumDriver] [  852] - Action Type : WAITFORELEMENT
[INFO ][2015-11-04 12:44:45,376][com.java.SeleniumDriver] [  861] -  RESULT true
[INFO ][2015-11-04 12:44:45,376][com.java.SeleniumDriver] [ 1066] - ?   P A S S   ?
[INFO ][2015-11-04 12:44:45,376][com.java.SeleniumDriver] [  788] - ------------------------------------------
[INFO ][2015-11-04 12:44:45,376][com.java.SeleniumDriver] [  789] - Test case being Executed: 2
[INFO ][2015-11-04 12:44:45,376][com.java.SeleniumDriver] [  800] - Test step:20
[INFO ][2015-11-04 12:44:45,376][com.java.SeleniumDriver] [  812] - Datavalue is----------Current Package
[INFO ][2015-11-04 12:44:45,376][com.java.SeleniumDriver] [  836] - DataField : XPH//span[@class='dlg_Label']
[INFO ][2015-11-04 12:44:45,376][com.java.SeleniumDriver] [  838] - DataValue : Current Package
[INFO ][2015-11-04 12:44:45,376][com.java.SeleniumDriver] [  844] - <In Set values of the page>
[INFO ][2015-11-04 12:44:45,376][com.java.SeleniumDriver] [  847] - {Data Fields & Data Values Exist}
[INFO ][2015-11-04 12:44:45,376][com.java.SeleniumDriver] [  849] - --------------------------setting values-----------------------------
[INFO ][2015-11-04 12:44:45,377][com.java.SeleniumDriver] [  852] - Action Type : VERIFY
[INFO ][2015-11-04 12:44:45,377][com.java.TestType] [ 4876] - field= XPH//span[@class='dlg_Label'] value= Current Package
[INFO ][2015-11-04 12:44:45,377][com.java.TestType] [ 3750] - value = Current Package
[INFO ][2015-11-04 12:44:45,463][com.java.SeleniumDriver] [  861] -  RESULT true
[INFO ][2015-11-04 12:44:45,463][com.java.SeleniumDriver] [ 1066] - ?   P A S S   ?
[INFO ][2015-11-04 12:44:45,463][com.java.SeleniumDriver] [  788] - ------------------------------------------
[INFO ][2015-11-04 12:44:45,463][com.java.SeleniumDriver] [  789] - Test case being Executed: 2
[INFO ][2015-11-04 12:44:45,463][com.java.SeleniumDriver] [  800] - Test step:21
[INFO ][2015-11-04 12:44:45,463][com.java.SeleniumDriver] [  812] - Datavalue is----------index:2
[INFO ][2015-11-04 12:44:45,463][com.java.SeleniumDriver] [  836] - DataField : COB//select[@action='goToNewReport']
[INFO ][2015-11-04 12:44:45,463][com.java.SeleniumDriver] [  838] - DataValue : index:2
[INFO ][2015-11-04 12:44:45,463][com.java.SeleniumDriver] [  844] - <In Set values of the page>
[INFO ][2015-11-04 12:44:45,463][com.java.SeleniumDriver] [  847] - {Data Fields & Data Values Exist}
[INFO ][2015-11-04 12:44:45,463][com.java.SeleniumDriver] [  849] - --------------------------setting values-----------------------------
[INFO ][2015-11-04 12:44:45,464][com.java.SeleniumDriver] [  852] - Action Type : SELECT
[INFO ][2015-11-04 12:44:45,464][com.java.TestType] [ 3750] - value = 2
[INFO ][2015-11-04 12:44:45,544][com.java.TestType] [ 3868] -  In COB //select[@action='goToNewReport'] : 2
[INFO ][2015-11-04 12:44:47,700][com.java.SeleniumDriver] [  861] -  RESULT true
[INFO ][2015-11-04 12:44:47,700][com.java.SeleniumDriver] [ 1066] - ?   P A S S   ?
[INFO ][2015-11-04 12:44:47,700][com.java.SeleniumDriver] [  788] - ------------------------------------------
[INFO ][2015-11-04 12:44:47,700][com.java.SeleniumDriver] [  789] - Test case being Executed: 2
[INFO ][2015-11-04 12:44:47,700][com.java.SeleniumDriver] [  800] - Test step:22
[INFO ][2015-11-04 12:44:47,700][com.java.SeleniumDriver] [  812] - Datavalue is----------5
[INFO ][2015-11-04 12:44:47,700][com.java.SeleniumDriver] [  836] - DataField : XPH//td/input[contains(@class, 'ember-view ember-')]
[INFO ][2015-11-04 12:44:47,700][com.java.SeleniumDriver] [  838] - DataValue : 5
[INFO ][2015-11-04 12:44:47,700][com.java.SeleniumDriver] [  844] - <In Set values of the page>
[INFO ][2015-11-04 12:44:47,700][com.java.SeleniumDriver] [  847] - {Data Fields & Data Values Exist}
[INFO ][2015-11-04 12:44:47,701][com.java.SeleniumDriver] [  849] - --------------------------setting values-----------------------------
[INFO ][2015-11-04 12:44:47,701][com.java.SeleniumDriver] [  852] - Action Type : WAITFORELEMENT
[INFO ][2015-11-04 12:44:48,214][com.java.SeleniumDriver] [  861] -  RESULT true
[INFO ][2015-11-04 12:44:48,214][com.java.SeleniumDriver] [ 1066] - ?   P A S S   ?
[INFO ][2015-11-04 12:44:48,214][com.java.SeleniumDriver] [  788] - ------------------------------------------
[INFO ][2015-11-04 12:44:48,214][com.java.SeleniumDriver] [  789] - Test case being Executed: 2
[INFO ][2015-11-04 12:44:48,214][com.java.SeleniumDriver] [  800] - Test step:23
[INFO ][2015-11-04 12:44:48,214][com.java.SeleniumDriver] [  812] - Datavalue is----------Executive Summary (12mos.)
[INFO ][2015-11-04 12:44:48,215][com.java.SeleniumDriver] [  836] - DataField : XPH//td/input[contains(@class, 'ember-view ember-')]
[INFO ][2015-11-04 12:44:48,215][com.java.SeleniumDriver] [  838] - DataValue : Executive Summary (12mos.)
[INFO ][2015-11-04 12:44:48,215][com.java.SeleniumDriver] [  844] - <In Set values of the page>
[INFO ][2015-11-04 12:44:48,215][com.java.SeleniumDriver] [  847] - {Data Fields & Data Values Exist}
[INFO ][2015-11-04 12:44:48,215][com.java.SeleniumDriver] [  849] - --------------------------setting values-----------------------------
[INFO ][2015-11-04 12:44:48,215][com.java.SeleniumDriver] [  852] - Action Type : VERIFY
[INFO ][2015-11-04 12:44:48,215][com.java.TestType] [ 4876] - field= XPH//td/input[contains(@class, 'ember-view ember-')] value= Executive Summary (12mos.)
[INFO ][2015-11-04 12:44:48,215][com.java.TestType] [ 3750] - value = Executive Summary (12mos.)
[INFO ][2015-11-04 12:44:48,326][com.java.SeleniumDriver] [  861] -  RESULT true
[INFO ][2015-11-04 12:44:48,326][com.java.SeleniumDriver] [ 1066] - ?   P A S S   ?
[INFO ][2015-11-04 12:44:48,326][com.java.SeleniumDriver] [  788] - ------------------------------------------
[INFO ][2015-11-04 12:44:48,326][com.java.SeleniumDriver] [  789] - Test case being Executed: 2
[INFO ][2015-11-04 12:44:48,326][com.java.SeleniumDriver] [  800] - Test step:24
[INFO ][2015-11-04 12:44:48,326][com.java.SeleniumDriver] [  812] - Datavalue is----------index:1
[INFO ][2015-11-04 12:44:48,326][com.java.SeleniumDriver] [  836] - DataField : COB//td[@colspan='2']/select
[INFO ][2015-11-04 12:44:48,326][com.java.SeleniumDriver] [  838] - DataValue : index:1
[INFO ][2015-11-04 12:44:48,326][com.java.SeleniumDriver] [  844] - <In Set values of the page>
[INFO ][2015-11-04 12:44:48,326][com.java.SeleniumDriver] [  847] - {Data Fields & Data Values Exist}
[INFO ][2015-11-04 12:44:48,327][com.java.SeleniumDriver] [  849] - --------------------------setting values-----------------------------
[INFO ][2015-11-04 12:44:48,327][com.java.SeleniumDriver] [  852] - Action Type : SELECT
[INFO ][2015-11-04 12:44:48,327][com.java.TestType] [ 3750] - value = 1
[INFO ][2015-11-04 12:44:48,408][com.java.TestType] [ 3868] -  In COB //td[@colspan='2']/select : 1
[INFO ][2015-11-04 12:44:49,082][com.java.SeleniumDriver] [  861] -  RESULT true
[INFO ][2015-11-04 12:44:49,082][com.java.SeleniumDriver] [ 1066] - ?   P A S S   ?
[INFO ][2015-11-04 12:44:49,082][com.java.SeleniumDriver] [  788] - ------------------------------------------
[INFO ][2015-11-04 12:44:49,082][com.java.SeleniumDriver] [  789] - Test case being Executed: 2
[INFO ][2015-11-04 12:44:49,082][com.java.SeleniumDriver] [  800] - Test step:25
[INFO ][2015-11-04 12:44:49,082][com.java.SeleniumDriver] [  812] - Datavalue is----------3
[INFO ][2015-11-04 12:44:49,082][com.java.SeleniumDriver] [  836] - DataField : XPH//span[contains(text(),'Save')]
[INFO ][2015-11-04 12:44:49,082][com.java.SeleniumDriver] [  838] - DataValue : 3
[INFO ][2015-11-04 12:44:49,082][com.java.SeleniumDriver] [  844] - <In Set values of the page>
[INFO ][2015-11-04 12:44:49,083][com.java.SeleniumDriver] [  847] - {Data Fields & Data Values Exist}
[INFO ][2015-11-04 12:44:49,083][com.java.SeleniumDriver] [  849] - --------------------------setting values-----------------------------
[INFO ][2015-11-04 12:44:49,083][com.java.SeleniumDriver] [  852] - Action Type : WAITFORELEMENT
[INFO ][2015-11-04 12:44:49,185][com.java.SeleniumDriver] [  861] -  RESULT true
[INFO ][2015-11-04 12:44:49,185][com.java.SeleniumDriver] [ 1066] - ?   P A S S   ?
[INFO ][2015-11-04 12:44:49,185][com.java.SeleniumDriver] [  788] - ------------------------------------------
[INFO ][2015-11-04 12:44:49,185][com.java.SeleniumDriver] [  789] - Test case being Executed: 2
[INFO ][2015-11-04 12:44:49,185][com.java.SeleniumDriver] [  800] - Test step:26
[INFO ][2015-11-04 12:44:49,185][com.java.SeleniumDriver] [  812] - Datavalue is----------null
[DEBUG][2015-11-04 12:44:49,185][com.java.SeleniumDriver] [  830] - Exception: null
[INFO ][2015-11-04 12:44:49,185][com.java.SeleniumDriver] [  836] - DataField : XPH//span[contains(text(),'Save')]
[INFO ][2015-11-04 12:44:49,185][com.java.SeleniumDriver] [  838] - DataValue : 
[INFO ][2015-11-04 12:44:49,185][com.java.SeleniumDriver] [  844] - <In Set values of the page>
[INFO ][2015-11-04 12:44:49,186][com.java.SeleniumDriver] [  847] - {Data Fields & Data Values Exist}
[INFO ][2015-11-04 12:44:49,186][com.java.SeleniumDriver] [  849] - --------------------------setting values-----------------------------
[INFO ][2015-11-04 12:44:49,186][com.java.SeleniumDriver] [  852] - Action Type : CLICK
[INFO ][2015-11-04 12:44:49,186][com.java.TestType] [ 4063] - Field ::XPH//span[contains(text(),'Save')]
[INFO ][2015-11-04 12:44:50,187][com.java.TestType] [ 4122] - BEFORE CLICK
[INFO ][2015-11-04 12:44:51,012][com.java.TestType] [ 4130] - Unable to click the object Save Button
[INFO ][2015-11-04 12:44:51,012][com.java.SeleniumDriver] [  861] -  RESULT true
[INFO ][2015-11-04 12:44:51,012][com.java.SeleniumDriver] [ 1066] - ?   P A S S   ?
[INFO ][2015-11-04 12:44:51,012][com.java.SeleniumDriver] [  788] - ------------------------------------------
[INFO ][2015-11-04 12:44:51,012][com.java.SeleniumDriver] [  789] - Test case being Executed: 2
[INFO ][2015-11-04 12:44:51,012][com.java.SeleniumDriver] [  800] - Test step:27
[INFO ][2015-11-04 12:44:51,012][com.java.SeleniumDriver] [  812] - Datavalue is----------3
[INFO ][2015-11-04 12:44:51,012][com.java.SeleniumDriver] [  836] - DataField : XPH//span[contains(text(), 'Finished')]
[INFO ][2015-11-04 12:44:51,012][com.java.SeleniumDriver] [  838] - DataValue : 3
[INFO ][2015-11-04 12:44:51,012][com.java.SeleniumDriver] [  844] - <In Set values of the page>
[INFO ][2015-11-04 12:44:51,012][com.java.SeleniumDriver] [  847] - {Data Fields & Data Values Exist}
[INFO ][2015-11-04 12:44:51,013][com.java.SeleniumDriver] [  849] - --------------------------setting values-----------------------------
[INFO ][2015-11-04 12:44:51,013][com.java.SeleniumDriver] [  852] - Action Type : WAITFORELEMENT
[INFO ][2015-11-04 12:44:52,066][com.java.SeleniumDriver] [  861] -  RESULT true
[INFO ][2015-11-04 12:44:52,066][com.java.SeleniumDriver] [ 1066] - ?   P A S S   ?
[INFO ][2015-11-04 12:44:52,066][com.java.SeleniumDriver] [  788] - ------------------------------------------
[INFO ][2015-11-04 12:44:52,066][com.java.SeleniumDriver] [  789] - Test case being Executed: 2
[INFO ][2015-11-04 12:44:52,066][com.java.SeleniumDriver] [  800] - Test step:28
[INFO ][2015-11-04 12:44:52,067][com.java.SeleniumDriver] [  812] - Datavalue is----------index:2
[INFO ][2015-11-04 12:44:52,067][com.java.SeleniumDriver] [  836] - DataField : COB//select[@action='goToNewReport']
[INFO ][2015-11-04 12:44:52,067][com.java.SeleniumDriver] [  838] - DataValue : index:2
[INFO ][2015-11-04 12:44:52,067][com.java.SeleniumDriver] [  844] - <In Set values of the page>
[INFO ][2015-11-04 12:44:52,067][com.java.SeleniumDriver] [  847] - {Data Fields & Data Values Exist}
[INFO ][2015-11-04 12:44:52,067][com.java.SeleniumDriver] [  849] - --------------------------setting values-----------------------------
[INFO ][2015-11-04 12:44:52,067][com.java.SeleniumDriver] [  852] - Action Type : SELECT
[INFO ][2015-11-04 12:44:52,067][com.java.TestType] [ 3750] - value = 2
[INFO ][2015-11-04 12:44:52,146][com.java.TestType] [ 3868] -  In COB //select[@action='goToNewReport'] : 2
[INFO ][2015-11-04 12:44:54,298][com.java.SeleniumDriver] [  861] -  RESULT true
[INFO ][2015-11-04 12:44:54,298][com.java.SeleniumDriver] [ 1066] - ?   P A S S   ?
[INFO ][2015-11-04 12:44:54,298][com.java.SeleniumDriver] [  788] - ------------------------------------------
[INFO ][2015-11-04 12:44:54,298][com.java.SeleniumDriver] [  789] - Test case being Executed: 2
[INFO ][2015-11-04 12:44:54,298][com.java.SeleniumDriver] [  800] - Test step:29
[INFO ][2015-11-04 12:44:54,298][com.java.SeleniumDriver] [  812] - Datavalue is----------5
[INFO ][2015-11-04 12:44:54,298][com.java.SeleniumDriver] [  836] - DataField : XPH//td/input[contains(@class, 'ember-view ember-')]
[INFO ][2015-11-04 12:44:54,298][com.java.SeleniumDriver] [  838] - DataValue : 5
[INFO ][2015-11-04 12:44:54,299][com.java.SeleniumDriver] [  844] - <In Set values of the page>
[INFO ][2015-11-04 12:44:54,299][com.java.SeleniumDriver] [  847] - {Data Fields & Data Values Exist}
[INFO ][2015-11-04 12:44:54,299][com.java.SeleniumDriver] [  849] - --------------------------setting values-----------------------------
[INFO ][2015-11-04 12:44:54,299][com.java.SeleniumDriver] [  852] - Action Type : WAITFORELEMENT
[INFO ][2015-11-04 12:44:54,762][com.java.SeleniumDriver] [  861] -  RESULT true
[INFO ][2015-11-04 12:44:54,762][com.java.SeleniumDriver] [ 1066] - ?   P A S S   ?
[INFO ][2015-11-04 12:44:54,762][com.java.SeleniumDriver] [  788] - ------------------------------------------
[INFO ][2015-11-04 12:44:54,762][com.java.SeleniumDriver] [  789] - Test case being Executed: 2
[INFO ][2015-11-04 12:44:54,762][com.java.SeleniumDriver] [  800] - Test step:30
[INFO ][2015-11-04 12:44:54,762][com.java.SeleniumDriver] [  812] - Datavalue is----------Executive Summary (12mos.)
[INFO ][2015-11-04 12:44:54,762][com.java.SeleniumDriver] [  836] - DataField : XPH//td/input[contains(@class, 'ember-view ember-')]
[INFO ][2015-11-04 12:44:54,762][com.java.SeleniumDriver] [  838] - DataValue : Executive Summary (12mos.)
[INFO ][2015-11-04 12:44:54,762][com.java.SeleniumDriver] [  844] - <In Set values of the page>
[INFO ][2015-11-04 12:44:54,762][com.java.SeleniumDriver] [  847] - {Data Fields & Data Values Exist}
[INFO ][2015-11-04 12:44:54,762][com.java.SeleniumDriver] [  849] - --------------------------setting values-----------------------------
[INFO ][2015-11-04 12:44:54,763][com.java.SeleniumDriver] [  852] - Action Type : VERIFY
[INFO ][2015-11-04 12:44:54,763][com.java.TestType] [ 4876] - field= XPH//td/input[contains(@class, 'ember-view ember-')] value= Executive Summary (12mos.)
[INFO ][2015-11-04 12:44:54,763][com.java.TestType] [ 3750] - value = Executive Summary (12mos.)
[INFO ][2015-11-04 12:44:54,871][com.java.SeleniumDriver] [  861] -  RESULT true
[INFO ][2015-11-04 12:44:54,871][com.java.SeleniumDriver] [ 1066] - ?   P A S S   ?
[INFO ][2015-11-04 12:44:54,871][com.java.SeleniumDriver] [  788] - ------------------------------------------
[INFO ][2015-11-04 12:44:54,871][com.java.SeleniumDriver] [  789] - Test case being Executed: 2
[INFO ][2015-11-04 12:44:54,871][com.java.SeleniumDriver] [  800] - Test step:31
[INFO ][2015-11-04 12:44:54,871][com.java.SeleniumDriver] [  812] - Datavalue is----------index:2
[INFO ][2015-11-04 12:44:54,871][com.java.SeleniumDriver] [  836] - DataField : COB//td[@colspan='2']/select
[INFO ][2015-11-04 12:44:54,871][com.java.SeleniumDriver] [  838] - DataValue : index:2
[INFO ][2015-11-04 12:44:54,871][com.java.SeleniumDriver] [  844] - <In Set values of the page>
[INFO ][2015-11-04 12:44:54,871][com.java.SeleniumDriver] [  847] - {Data Fields & Data Values Exist}
[INFO ][2015-11-04 12:44:54,871][com.java.SeleniumDriver] [  849] - --------------------------setting values-----------------------------
[INFO ][2015-11-04 12:44:54,871][com.java.SeleniumDriver] [  852] - Action Type : SELECT
[INFO ][2015-11-04 12:44:54,872][com.java.TestType] [ 3750] - value = 2
[INFO ][2015-11-04 12:44:54,950][com.java.TestType] [ 3868] -  In COB //td[@colspan='2']/select : 2
[INFO ][2015-11-04 12:44:55,643][com.java.SeleniumDriver] [  861] -  RESULT true
[INFO ][2015-11-04 12:44:55,643][com.java.SeleniumDriver] [ 1066] - ?   P A S S   ?
[INFO ][2015-11-04 12:44:55,643][com.java.SeleniumDriver] [  788] - ------------------------------------------
[INFO ][2015-11-04 12:44:55,643][com.java.SeleniumDriver] [  789] - Test case being Executed: 2
[INFO ][2015-11-04 12:44:55,643][com.java.SeleniumDriver] [  800] - Test step:32
[INFO ][2015-11-04 12:44:55,643][com.java.SeleniumDriver] [  812] - Datavalue is----------3
[INFO ][2015-11-04 12:44:55,643][com.java.SeleniumDriver] [  836] - DataField : XPH//span[contains(text(),'Save')]
[INFO ][2015-11-04 12:44:55,643][com.java.SeleniumDriver] [  838] - DataValue : 3
[INFO ][2015-11-04 12:44:55,643][com.java.SeleniumDriver] [  844] - <In Set values of the page>
[INFO ][2015-11-04 12:44:55,643][com.java.SeleniumDriver] [  847] - {Data Fields & Data Values Exist}
[INFO ][2015-11-04 12:44:55,643][com.java.SeleniumDriver] [  849] - --------------------------setting values-----------------------------
[INFO ][2015-11-04 12:44:55,643][com.java.SeleniumDriver] [  852] - Action Type : WAITFORELEMENT
[INFO ][2015-11-04 12:44:55,706][com.java.SeleniumDriver] [  861] -  RESULT true
[INFO ][2015-11-04 12:44:55,706][com.java.SeleniumDriver] [ 1066] - ?   P A S S   ?
[INFO ][2015-11-04 12:44:55,706][com.java.SeleniumDriver] [  788] - ------------------------------------------
[INFO ][2015-11-04 12:44:55,706][com.java.SeleniumDriver] [  789] - Test case being Executed: 2
[INFO ][2015-11-04 12:44:55,706][com.java.SeleniumDriver] [  800] - Test step:33
[INFO ][2015-11-04 12:44:55,706][com.java.SeleniumDriver] [  812] - Datavalue is----------null
[DEBUG][2015-11-04 12:44:55,706][com.java.SeleniumDriver] [  830] - Exception: null
[INFO ][2015-11-04 12:44:55,706][com.java.SeleniumDriver] [  836] - DataField : XPH//span[contains(text(),'Save')]
[INFO ][2015-11-04 12:44:55,706][com.java.SeleniumDriver] [  838] - DataValue : 
[INFO ][2015-11-04 12:44:55,706][com.java.SeleniumDriver] [  844] - <In Set values of the page>
[INFO ][2015-11-04 12:44:55,706][com.java.SeleniumDriver] [  847] - {Data Fields & Data Values Exist}
[INFO ][2015-11-04 12:44:55,706][com.java.SeleniumDriver] [  849] - --------------------------setting values-----------------------------
[INFO ][2015-11-04 12:44:55,706][com.java.SeleniumDriver] [  852] - Action Type : CLICK
[INFO ][2015-11-04 12:44:55,707][com.java.TestType] [ 4063] - Field ::XPH//span[contains(text(),'Save')]
[INFO ][2015-11-04 12:44:56,707][com.java.TestType] [ 4122] - BEFORE CLICK
[INFO ][2015-11-04 12:44:57,567][com.java.TestType] [ 4130] - Unable to click the object Save Button
[INFO ][2015-11-04 12:44:57,567][com.java.SeleniumDriver] [  861] -  RESULT true
[INFO ][2015-11-04 12:44:57,567][com.java.SeleniumDriver] [ 1066] - ?   P A S S   ?
[INFO ][2015-11-04 12:44:57,567][com.java.SeleniumDriver] [  788] - ------------------------------------------
[INFO ][2015-11-04 12:44:57,567][com.java.SeleniumDriver] [  789] - Test case being Executed: 2
[INFO ][2015-11-04 12:44:57,567][com.java.SeleniumDriver] [  800] - Test step:34
[INFO ][2015-11-04 12:44:57,567][com.java.SeleniumDriver] [  812] - Datavalue is----------3
[INFO ][2015-11-04 12:44:57,569][com.java.SeleniumDriver] [  836] - DataField : XPH//span[contains(text(), 'Finished')]
[INFO ][2015-11-04 12:44:57,569][com.java.SeleniumDriver] [  838] - DataValue : 3
[INFO ][2015-11-04 12:44:57,569][com.java.SeleniumDriver] [  844] - <In Set values of the page>
[INFO ][2015-11-04 12:44:57,569][com.java.SeleniumDriver] [  847] - {Data Fields & Data Values Exist}
[INFO ][2015-11-04 12:44:57,569][com.java.SeleniumDriver] [  849] - --------------------------setting values-----------------------------
[INFO ][2015-11-04 12:44:57,569][com.java.SeleniumDriver] [  852] - Action Type : WAITFORELEMENT
[INFO ][2015-11-04 12:44:58,602][com.java.SeleniumDriver] [  861] -  RESULT true
[INFO ][2015-11-04 12:44:58,602][com.java.SeleniumDriver] [ 1066] - ?   P A S S   ?
[INFO ][2015-11-04 12:44:58,602][com.java.SeleniumDriver] [  788] - ------------------------------------------
[INFO ][2015-11-04 12:44:58,602][com.java.SeleniumDriver] [  789] - Test case being Executed: 2
[INFO ][2015-11-04 12:44:58,602][com.java.SeleniumDriver] [  800] - Test step:35
[INFO ][2015-11-04 12:44:58,602][com.java.SeleniumDriver] [  812] - Datavalue is----------null
[DEBUG][2015-11-04 12:44:58,602][com.java.SeleniumDriver] [  830] - Exception: null
[INFO ][2015-11-04 12:44:58,602][com.java.SeleniumDriver] [  836] - DataField : XPH//select[@action='goToPackage']
[INFO ][2015-11-04 12:44:58,602][com.java.SeleniumDriver] [  838] - DataValue : 
[INFO ][2015-11-04 12:44:58,603][com.java.SeleniumDriver] [  844] - <In Set values of the page>
[INFO ][2015-11-04 12:44:58,603][com.java.SeleniumDriver] [  847] - {Data Fields & Data Values Exist}
[INFO ][2015-11-04 12:44:58,603][com.java.SeleniumDriver] [  849] - --------------------------setting values-----------------------------
[INFO ][2015-11-04 12:44:58,603][com.java.SeleniumDriver] [  852] - Action Type : CLICK
[INFO ][2015-11-04 12:44:58,603][com.java.TestType] [ 4063] - Field ::XPH//select[@action='goToPackage']
[INFO ][2015-11-04 12:44:59,603][com.java.TestType] [ 4122] - BEFORE CLICK
[INFO ][2015-11-04 12:45:00,377][com.java.TestType] [ 4130] - Unable to click the object Current Package Dropdown
[INFO ][2015-11-04 12:45:00,377][com.java.SeleniumDriver] [  861] -  RESULT true
[INFO ][2015-11-04 12:45:00,377][com.java.SeleniumDriver] [ 1066] - ?   P A S S   ?
[INFO ][2015-11-04 12:45:00,377][com.java.SeleniumDriver] [  788] - ------------------------------------------
[INFO ][2015-11-04 12:45:00,377][com.java.SeleniumDriver] [  789] - Test case being Executed: 2
[INFO ][2015-11-04 12:45:00,377][com.java.SeleniumDriver] [  800] - Test step:36
[INFO ][2015-11-04 12:45:00,377][com.java.SeleniumDriver] [  812] - Datavalue is----------3
[INFO ][2015-11-04 12:45:00,377][com.java.SeleniumDriver] [  836] - DataField : XPH//select[@action='goToPackage']/option
[INFO ][2015-11-04 12:45:00,377][com.java.SeleniumDriver] [  838] - DataValue : 3
[INFO ][2015-11-04 12:45:00,377][com.java.SeleniumDriver] [  844] - <In Set values of the page>
[INFO ][2015-11-04 12:45:00,377][com.java.SeleniumDriver] [  847] - {Data Fields & Data Values Exist}
[INFO ][2015-11-04 12:45:00,377][com.java.SeleniumDriver] [  849] - --------------------------setting values-----------------------------
[INFO ][2015-11-04 12:45:00,378][com.java.SeleniumDriver] [  852] - Action Type : WAITFORELEMENT
[INFO ][2015-11-04 12:45:00,400][com.java.SeleniumDriver] [  861] -  RESULT true
[INFO ][2015-11-04 12:45:00,400][com.java.SeleniumDriver] [ 1066] - ?   P A S S   ?
[INFO ][2015-11-04 12:45:00,400][com.java.SeleniumDriver] [  788] - ------------------------------------------
[INFO ][2015-11-04 12:45:00,400][com.java.SeleniumDriver] [  789] - Test case being Executed: 2
[INFO ][2015-11-04 12:45:00,400][com.java.SeleniumDriver] [  800] - Test step:37
[INFO ][2015-11-04 12:45:00,400][com.java.SeleniumDriver] [  812] - Datavalue is----------HMVPackageName
[INFO ][2015-11-04 12:45:00,400][com.java.SeleniumDriver] [  836] - DataField : SLB//select[@action='goToPackage']
[INFO ][2015-11-04 12:45:00,400][com.java.SeleniumDriver] [  838] - DataValue : HMVPackageName
[INFO ][2015-11-04 12:45:00,400][com.java.SeleniumDriver] [  844] - <In Set values of the page>
[INFO ][2015-11-04 12:45:00,400][com.java.SeleniumDriver] [  847] - {Data Fields & Data Values Exist}
[INFO ][2015-11-04 12:45:00,400][com.java.SeleniumDriver] [  849] - --------------------------setting values-----------------------------
[INFO ][2015-11-04 12:45:00,401][com.java.SeleniumDriver] [  852] - Action Type : Select
[INFO ][2015-11-04 12:45:00,401][com.java.TestType] [ 3750] - value = VL_Test#38777
[INFO ][2015-11-04 12:45:00,613][com.java.SeleniumDriver] [  861] -  RESULT true
[INFO ][2015-11-04 12:45:00,613][com.java.SeleniumDriver] [ 1066] - ?   P A S S   ?
[INFO ][2015-11-04 12:45:00,613][com.java.SeleniumDriver] [  788] - ------------------------------------------
[INFO ][2015-11-04 12:45:00,613][com.java.SeleniumDriver] [  789] - Test case being Executed: 2
[INFO ][2015-11-04 12:45:00,613][com.java.SeleniumDriver] [  800] - Test step:38
[INFO ][2015-11-04 12:45:00,614][com.java.SeleniumDriver] [  812] - Datavalue is----------3
[INFO ][2015-11-04 12:45:00,614][com.java.SeleniumDriver] [  836] - DataField : XPH//tbody[@class="ui-sortable"]/tr//a[last()-1]
[INFO ][2015-11-04 12:45:00,614][com.java.SeleniumDriver] [  838] - DataValue : 3
[INFO ][2015-11-04 12:45:00,614][com.java.SeleniumDriver] [  844] - <In Set values of the page>
[INFO ][2015-11-04 12:45:00,614][com.java.SeleniumDriver] [  847] - {Data Fields & Data Values Exist}
[INFO ][2015-11-04 12:45:00,614][com.java.SeleniumDriver] [  849] - --------------------------setting values-----------------------------
[INFO ][2015-11-04 12:45:00,614][com.java.SeleniumDriver] [  852] - Action Type : WAITFORELEMENT
[INFO ][2015-11-04 12:45:00,637][com.java.SeleniumDriver] [  861] -  RESULT true
[INFO ][2015-11-04 12:45:00,637][com.java.SeleniumDriver] [ 1066] - ?   P A S S   ?
[INFO ][2015-11-04 12:45:00,637][com.java.SeleniumDriver] [  788] - ------------------------------------------
[INFO ][2015-11-04 12:45:00,637][com.java.SeleniumDriver] [  789] - Test case being Executed: 2
[INFO ][2015-11-04 12:45:00,637][com.java.SeleniumDriver] [  800] - Test step:39
[INFO ][2015-11-04 12:45:00,637][com.java.SeleniumDriver] [  812] - Datavalue is----------null
[DEBUG][2015-11-04 12:45:00,637][com.java.SeleniumDriver] [  830] - Exception: null
[INFO ][2015-11-04 12:45:00,637][com.java.SeleniumDriver] [  836] - DataField : XPH//tbody[@class="ui-sortable"]/tr//a[last()-1]
[INFO ][2015-11-04 12:45:00,637][com.java.SeleniumDriver] [  838] - DataValue : 
[INFO ][2015-11-04 12:45:00,638][com.java.SeleniumDriver] [  844] - <In Set values of the page>
[INFO ][2015-11-04 12:45:00,638][com.java.SeleniumDriver] [  847] - {Data Fields & Data Values Exist}
[INFO ][2015-11-04 12:45:00,638][com.java.SeleniumDriver] [  849] - --------------------------setting values-----------------------------
[INFO ][2015-11-04 12:45:00,638][com.java.SeleniumDriver] [  852] - Action Type : CLICK
[INFO ][2015-11-04 12:45:00,638][com.java.TestType] [ 4063] - Field ::XPH//tbody[@class="ui-sortable"]/tr//a[last()-1]
[INFO ][2015-11-04 12:45:01,638][com.java.TestType] [ 4122] - BEFORE CLICK
[INFO ][2015-11-04 12:45:04,007][com.java.TestType] [ 4130] - Unable to click the object EditButton 
[INFO ][2015-11-04 12:45:04,007][com.java.SeleniumDriver] [  861] -  RESULT true
[INFO ][2015-11-04 12:45:04,007][com.java.SeleniumDriver] [ 1066] - ?   P A S S   ?
[INFO ][2015-11-04 12:45:04,007][com.java.SeleniumDriver] [  788] - ------------------------------------------
[INFO ][2015-11-04 12:45:04,007][com.java.SeleniumDriver] [  789] - Test case being Executed: 2
[INFO ][2015-11-04 12:45:04,007][com.java.SeleniumDriver] [  800] - Test step:40
[INFO ][2015-11-04 12:45:04,007][com.java.SeleniumDriver] [  812] - Datavalue is----------3
[INFO ][2015-11-04 12:45:04,007][com.java.SeleniumDriver] [  836] - DataField : XPH//input[@class='ember-view ember-text-field form-control']
[INFO ][2015-11-04 12:45:04,007][com.java.SeleniumDriver] [  838] - DataValue : 3
[INFO ][2015-11-04 12:45:04,007][com.java.SeleniumDriver] [  844] - <In Set values of the page>
[INFO ][2015-11-04 12:45:04,007][com.java.SeleniumDriver] [  847] - {Data Fields & Data Values Exist}
[INFO ][2015-11-04 12:45:04,007][com.java.SeleniumDriver] [  849] - --------------------------setting values-----------------------------
[INFO ][2015-11-04 12:45:04,008][com.java.SeleniumDriver] [  852] - Action Type : WAITFORELEMENT
[INFO ][2015-11-04 12:45:04,030][com.java.SeleniumDriver] [  861] -  RESULT true
[INFO ][2015-11-04 12:45:04,030][com.java.SeleniumDriver] [ 1066] - ?   P A S S   ?
[INFO ][2015-11-04 12:45:04,031][com.java.SeleniumDriver] [  788] - ------------------------------------------
[INFO ][2015-11-04 12:45:04,031][com.java.SeleniumDriver] [  789] - Test case being Executed: 2
[INFO ][2015-11-04 12:45:04,031][com.java.SeleniumDriver] [  800] - Test step:41
[INFO ][2015-11-04 12:45:04,031][com.java.SeleniumDriver] [  812] - Datavalue is----------null
[DEBUG][2015-11-04 12:45:04,031][com.java.SeleniumDriver] [  830] - Exception: null
[INFO ][2015-11-04 12:45:04,031][com.java.SeleniumDriver] [  836] - DataField : XPH//input[@class='ember-view ember-text-field form-control']
[INFO ][2015-11-04 12:45:04,031][com.java.SeleniumDriver] [  838] - DataValue : 
[INFO ][2015-11-04 12:45:04,031][com.java.SeleniumDriver] [  844] - <In Set values of the page>
[INFO ][2015-11-04 12:45:04,031][com.java.SeleniumDriver] [  847] - {Data Fields & Data Values Exist}
[INFO ][2015-11-04 12:45:04,031][com.java.SeleniumDriver] [  849] - --------------------------setting values-----------------------------
[INFO ][2015-11-04 12:45:04,031][com.java.SeleniumDriver] [  852] - Action Type : CLICK
[INFO ][2015-11-04 12:45:04,031][com.java.TestType] [ 4063] - Field ::XPH//input[@class='ember-view ember-text-field form-control']
[INFO ][2015-11-04 12:45:05,031][com.java.TestType] [ 4122] - BEFORE CLICK
[INFO ][2015-11-04 12:45:05,794][com.java.TestType] [ 4130] - Unable to click the object Report name to be edited
[INFO ][2015-11-04 12:45:05,794][com.java.SeleniumDriver] [  861] -  RESULT true
[INFO ][2015-11-04 12:45:05,794][com.java.SeleniumDriver] [ 1066] - ?   P A S S   ?
[INFO ][2015-11-04 12:45:05,794][com.java.SeleniumDriver] [  788] - ------------------------------------------
[INFO ][2015-11-04 12:45:05,794][com.java.SeleniumDriver] [  789] - Test case being Executed: 2
[INFO ][2015-11-04 12:45:05,794][com.java.SeleniumDriver] [  800] - Test step:42
[INFO ][2015-11-04 12:45:05,794][com.java.SeleniumDriver] [  812] - Datavalue is----------1234
[INFO ][2015-11-04 12:45:05,794][com.java.SeleniumDriver] [  836] - DataField : TXT//input[@class='ember-view ember-text-field form-control']
[INFO ][2015-11-04 12:45:05,794][com.java.SeleniumDriver] [  838] - DataValue : 1234
[INFO ][2015-11-04 12:45:05,794][com.java.SeleniumDriver] [  844] - <In Set values of the page>
[INFO ][2015-11-04 12:45:05,794][com.java.SeleniumDriver] [  847] - {Data Fields & Data Values Exist}
[INFO ][2015-11-04 12:45:05,794][com.java.SeleniumDriver] [  849] - --------------------------setting values-----------------------------
[INFO ][2015-11-04 12:45:05,794][com.java.SeleniumDriver] [  852] - Action Type : CLEARANDENTER
[INFO ][2015-11-04 12:45:05,795][com.java.TestType] [ 3750] - value = 1234
[INFO ][2015-11-04 12:45:06,083][com.java.SeleniumDriver] [  861] -  RESULT true
[INFO ][2015-11-04 12:45:06,083][com.java.SeleniumDriver] [ 1066] - ?   P A S S   ?
[INFO ][2015-11-04 12:45:06,083][com.java.SeleniumDriver] [  788] - ------------------------------------------
[INFO ][2015-11-04 12:45:06,083][com.java.SeleniumDriver] [  789] - Test case being Executed: 2
[INFO ][2015-11-04 12:45:06,083][com.java.SeleniumDriver] [  800] - Test step:43
[INFO ][2015-11-04 12:45:06,083][com.java.SeleniumDriver] [  812] - Datavalue is----------null
[DEBUG][2015-11-04 12:45:06,083][com.java.SeleniumDriver] [  830] - Exception: null
[INFO ][2015-11-04 12:45:06,083][com.java.SeleniumDriver] [  836] - DataField : XPH//div[@class='ui-widget-content']/div/button[2]
[INFO ][2015-11-04 12:45:06,083][com.java.SeleniumDriver] [  838] - DataValue : 
[INFO ][2015-11-04 12:45:06,083][com.java.SeleniumDriver] [  844] - <In Set values of the page>
[INFO ][2015-11-04 12:45:06,083][com.java.SeleniumDriver] [  847] - {Data Fields & Data Values Exist}
[INFO ][2015-11-04 12:45:06,084][com.java.SeleniumDriver] [  849] - --------------------------setting values-----------------------------
[INFO ][2015-11-04 12:45:06,084][com.java.SeleniumDriver] [  852] - Action Type : CLICK
[INFO ][2015-11-04 12:45:06,084][com.java.TestType] [ 4063] - Field ::XPH//div[@class='ui-widget-content']/div/button[2]
[INFO ][2015-11-04 12:45:07,084][com.java.TestType] [ 4122] - BEFORE CLICK
[INFO ][2015-11-04 12:45:07,900][com.java.TestType] [ 4130] - Unable to click the object Save Button
[INFO ][2015-11-04 12:45:07,900][com.java.SeleniumDriver] [  861] -  RESULT true
[INFO ][2015-11-04 12:45:07,900][com.java.SeleniumDriver] [ 1066] - ?   P A S S   ?
[INFO ][2015-11-04 12:45:07,900][com.java.SeleniumDriver] [  788] - ------------------------------------------
[INFO ][2015-11-04 12:45:07,900][com.java.SeleniumDriver] [  789] - Test case being Executed: 2
[INFO ][2015-11-04 12:45:07,900][com.java.SeleniumDriver] [  800] - Test step:44
[INFO ][2015-11-04 12:45:07,900][com.java.SeleniumDriver] [  812] - Datavalue is----------//tbody[@class="ui-sortable"]/tr[2]
[INFO ][2015-11-04 12:45:07,900][com.java.SeleniumDriver] [  836] - DataField : //tbody[@class="ui-sortable"]/tr[1]
[INFO ][2015-11-04 12:45:07,900][com.java.SeleniumDriver] [  838] - DataValue : //tbody[@class="ui-sortable"]/tr[2]
[INFO ][2015-11-04 12:45:07,900][com.java.SeleniumDriver] [  844] - <In Set values of the page>
[INFO ][2015-11-04 12:45:07,900][com.java.SeleniumDriver] [  847] - {Data Fields & Data Values Exist}
[INFO ][2015-11-04 12:45:07,900][com.java.SeleniumDriver] [  849] - --------------------------setting values-----------------------------
[INFO ][2015-11-04 12:45:07,900][com.java.SeleniumDriver] [  852] - Action Type : DRAGANDDROP
[INFO ][2015-11-04 12:45:09,510][com.java.SeleniumDriver] [  861] -  RESULT true
[INFO ][2015-11-04 12:45:09,510][com.java.SeleniumDriver] [ 1066] - ?   P A S S   ?
[INFO ][2015-11-04 12:45:09,510][com.java.SeleniumDriver] [  788] - ------------------------------------------
[INFO ][2015-11-04 12:45:09,510][com.java.SeleniumDriver] [  789] - Test case being Executed: 2
[INFO ][2015-11-04 12:45:09,510][com.java.SeleniumDriver] [  800] - Test step:45
[INFO ][2015-11-04 12:45:09,510][com.java.SeleniumDriver] [  812] - Datavalue is----------null
[DEBUG][2015-11-04 12:45:09,510][com.java.SeleniumDriver] [  830] - Exception: null
[INFO ][2015-11-04 12:45:09,510][com.java.SeleniumDriver] [  836] - DataField : BTN//div[@class='container']/div/div[3]/a/span[contains(@class, 'lyphicon-remove')]
[INFO ][2015-11-04 12:45:09,510][com.java.SeleniumDriver] [  838] - DataValue : 
[INFO ][2015-11-04 12:45:09,510][com.java.SeleniumDriver] [  844] - <In Set values of the page>
[INFO ][2015-11-04 12:45:09,510][com.java.SeleniumDriver] [  847] - {Data Fields & Data Values Exist}
[INFO ][2015-11-04 12:45:09,510][com.java.SeleniumDriver] [  849] - --------------------------setting values-----------------------------
[INFO ][2015-11-04 12:45:09,510][com.java.SeleniumDriver] [  852] - Action Type : CLICK
[INFO ][2015-11-04 12:45:09,511][com.java.TestType] [ 4063] - Field ::BTN//div[@class='container']/div/div[3]/a/span[contains(@class, 'lyphicon-remove')]
[INFO ][2015-11-04 12:45:10,512][com.java.TestType] [ 4101] - BEFORE CLICK
[INFO ][2015-11-04 12:45:10,706][com.java.TestType] [ 4108] - Unable to click the object Delete Button
[INFO ][2015-11-04 12:45:10,706][com.java.SeleniumDriver] [  861] -  RESULT true
[INFO ][2015-11-04 12:45:10,706][com.java.SeleniumDriver] [ 1066] - ?   P A S S   ?
[INFO ][2015-11-04 12:45:10,706][com.java.SeleniumDriver] [  788] - ------------------------------------------
[INFO ][2015-11-04 12:45:10,706][com.java.SeleniumDriver] [  789] - Test case being Executed: 2
[INFO ][2015-11-04 12:45:10,706][com.java.SeleniumDriver] [  800] - Test step:46
[INFO ][2015-11-04 12:45:10,706][com.java.SeleniumDriver] [  812] - Datavalue is----------null
[DEBUG][2015-11-04 12:45:10,707][com.java.SeleniumDriver] [  830] - Exception: null
[INFO ][2015-11-04 12:45:10,707][com.java.SeleniumDriver] [  836] - DataField : null
[INFO ][2015-11-04 12:45:10,707][com.java.SeleniumDriver] [  838] - DataValue : 
[INFO ][2015-11-04 12:45:10,707][com.java.SeleniumDriver] [  844] - <In Set values of the page>
[INFO ][2015-11-04 12:45:10,707][com.java.SeleniumDriver] [  847] - {Data Fields & Data Values Exist}
[INFO ][2015-11-04 12:45:10,707][com.java.SeleniumDriver] [  849] - --------------------------setting values-----------------------------
[INFO ][2015-11-04 12:45:10,707][com.java.SeleniumDriver] [  852] - Action Type : WAITTIME
[DEBUG][2015-11-04 12:45:10,707][com.java.TestType] [ 3654] - sleepTime: 10000
[INFO ][2015-11-04 12:45:20,708][com.java.SeleniumDriver] [  861] -  RESULT true
[INFO ][2015-11-04 12:45:20,708][com.java.SeleniumDriver] [ 1066] - ?   P A S S   ?
[DEBUG][2015-11-04 12:45:20,708][com.java.SeleniumDriver] [ 1168] - Case found
[DEBUG][2015-11-04 12:45:20,708][com.java.SeleniumDriver] [ 1173] - Incrementing ReportCounters[0]:2
[INFO ][2015-11-04 12:45:20,708][com.java.SeleniumDriver] [ 1192] - The results are-------------------[2, 1, Report Package: Run Report Package to Email, Pass, , Wed Nov 04 12:44:10 IST 2015, 2, 3, Report Package: Run Report Package to Email, Pass, , Wed Nov 04 12:44:15 IST 2015, 2, 4, Report Package: Set Up, Pass, , Wed Nov 04 12:44:25 IST 2015, 2, 5, Report Package: Run Report Package to Email, Pass, , Wed Nov 04 12:44:26 IST 2015, 2, 6, Report Package: Set Up, Pass, , Wed Nov 04 12:44:27 IST 2015, 2, 7, Report Package: Run Report Package to Email, Pass, , Wed Nov 04 12:44:27 IST 2015, 2, 8, Report Package: Run Report Package to Email, Pass, , Wed Nov 04 12:44:27 IST 2015, 2, 9, Report Package: Set Up, Pass, , Wed Nov 04 12:44:29 IST 2015, 2, 10, Report Package: Run Report Package to Email, Pass, , Wed Nov 04 12:44:29 IST 2015, 2, 11, Report Package: Set Up, Pass, , Wed Nov 04 12:44:29 IST 2015, 2, 12, Report Package: Run Report Package to Email, Pass, , Wed Nov 04 12:44:29 IST 2015, 2, 13, Report Package: Set Up, Pass, , Wed Nov 04 12:44:31 IST 2015, 2, 14, Report Package: Run Report Package to Email, Pass, , Wed Nov 04 12:44:32 IST 2015, 2, 15, Report Package: Run Report Package to Email, Pass, , Wed Nov 04 12:44:42 IST 2015, 2, 16, Report Package: Run Report Package to Email, Pass, , Wed Nov 04 12:44:42 IST 2015, 2, 17, Report Package: Run Report Package to Email, Pass, , Wed Nov 04 12:44:42 IST 2015, 2, 18, Report Package: Set Up, Pass, , Wed Nov 04 12:44:45 IST 2015, 2, 19, Report Package: Run Report Package to Email, Pass, , Wed Nov 04 12:44:45 IST 2015, 2, 20, Report Package: Set Up, Pass, , Wed Nov 04 12:44:45 IST 2015, 2, 21, Report Package: Run Report Package to Email, Pass, , Wed Nov 04 12:44:47 IST 2015, 2, 22, Report Package: Set Up, Pass, , Wed Nov 04 12:44:48 IST 2015, 2, 23, Report Package: Run Report Package to Email, Pass, , Wed Nov 04 12:44:48 IST 2015, 2, 24, Report Package: Set Up, Pass, , Wed Nov 04 12:44:49 IST 2015, 2, 25, Report Package: Run Report Package to Email, Pass, , Wed Nov 04 12:44:49 IST 2015, 2, 26, Report Package: Set Up, Pass, , Wed Nov 04 12:44:51 IST 2015, 2, 27, Report Package: Run Report Package to Email, Pass, , Wed Nov 04 12:44:52 IST 2015, 2, 28, Report Package: Run Report Package to Email, Pass, , Wed Nov 04 12:44:54 IST 2015, 2, 29, Report Package: Set Up, Pass, , Wed Nov 04 12:44:54 IST 2015, 2, 30, Report Package: Run Report Package to Email, Pass, , Wed Nov 04 12:44:54 IST 2015, 2, 31, Report Package: Set Up, Pass, , Wed Nov 04 12:44:55 IST 2015, 2, 32, Report Package: Run Report Package to Email, Pass, , Wed Nov 04 12:44:55 IST 2015, 2, 33, Report Package: Set Up, Pass, , Wed Nov 04 12:44:57 IST 2015, 2, 34, Report Package: Run Report Package to Email, Pass, , Wed Nov 04 12:44:58 IST 2015, 2, 35, Report Package: Set Up, Pass, , Wed Nov 04 12:45:00 IST 2015, 2, 36, Report Package: Run Report Package to Email, Pass, , Wed Nov 04 12:45:00 IST 2015, 2, 37, Report Package: Set Up, Pass, , Wed Nov 04 12:45:00 IST 2015, 2, 38, Report Package: Set Up, Pass, , Wed Nov 04 12:45:00 IST 2015, 2, 39, Report Package: Set Up, Pass, , Wed Nov 04 12:45:04 IST 2015, 2, 40, Report Package: Run Report Package to Email, Pass, , Wed Nov 04 12:45:04 IST 2015, 2, 41, Report Package: Set Up, Pass, , Wed Nov 04 12:45:05 IST 2015, 2, 42, Report Package: Run Report Package to Email, Pass, , Wed Nov 04 12:45:06 IST 2015, 2, 43, Report Package: Set Up, Pass, , Wed Nov 04 12:45:07 IST 2015, 2, 44, Report Package: Run Report Package to Email, Pass, , Wed Nov 04 12:45:09 IST 2015, 2, 45, Report Package: Set Up, Pass, , Wed Nov 04 12:45:10 IST 2015, 2, 46, Report Package: Run Report Package to Email, Pass, , Wed Nov 04 12:45:20 IST 2015]
[INFO ][2015-11-04 12:45:20,708][com.java.SeleniumDriver] [ 1196] - End time is-------2 min 22 sec
[INFO ][2015-11-04 12:45:20,708][com.java.SeleniumDriver] [ 1197] - The results are-------------------[2, 1, Report Package: Run Report Package to Email, Pass, , Wed Nov 04 12:44:10 IST 2015, 2, 3, Report Package: Run Report Package to Email, Pass, , Wed Nov 04 12:44:15 IST 2015, 2, 4, Report Package: Set Up, Pass, , Wed Nov 04 12:44:25 IST 2015, 2, 5, Report Package: Run Report Package to Email, Pass, , Wed Nov 04 12:44:26 IST 2015, 2, 6, Report Package: Set Up, Pass, , Wed Nov 04 12:44:27 IST 2015, 2, 7, Report Package: Run Report Package to Email, Pass, , Wed Nov 04 12:44:27 IST 2015, 2, 8, Report Package: Run Report Package to Email, Pass, , Wed Nov 04 12:44:27 IST 2015, 2, 9, Report Package: Set Up, Pass, , Wed Nov 04 12:44:29 IST 2015, 2, 10, Report Package: Run Report Package to Email, Pass, , Wed Nov 04 12:44:29 IST 2015, 2, 11, Report Package: Set Up, Pass, , Wed Nov 04 12:44:29 IST 2015, 2, 12, Report Package: Run Report Package to Email, Pass, , Wed Nov 04 12:44:29 IST 2015, 2, 13, Report Package: Set Up, Pass, , Wed Nov 04 12:44:31 IST 2015, 2, 14, Report Package: Run Report Package to Email, Pass, , Wed Nov 04 12:44:32 IST 2015, 2, 15, Report Package: Run Report Package to Email, Pass, , Wed Nov 04 12:44:42 IST 2015, 2, 16, Report Package: Run Report Package to Email, Pass, , Wed Nov 04 12:44:42 IST 2015, 2, 17, Report Package: Run Report Package to Email, Pass, , Wed Nov 04 12:44:42 IST 2015, 2, 18, Report Package: Set Up, Pass, , Wed Nov 04 12:44:45 IST 2015, 2, 19, Report Package: Run Report Package to Email, Pass, , Wed Nov 04 12:44:45 IST 2015, 2, 20, Report Package: Set Up, Pass, , Wed Nov 04 12:44:45 IST 2015, 2, 21, Report Package: Run Report Package to Email, Pass, , Wed Nov 04 12:44:47 IST 2015, 2, 22, Report Package: Set Up, Pass, , Wed Nov 04 12:44:48 IST 2015, 2, 23, Report Package: Run Report Package to Email, Pass, , Wed Nov 04 12:44:48 IST 2015, 2, 24, Report Package: Set Up, Pass, , Wed Nov 04 12:44:49 IST 2015, 2, 25, Report Package: Run Report Package to Email, Pass, , Wed Nov 04 12:44:49 IST 2015, 2, 26, Report Package: Set Up, Pass, , Wed Nov 04 12:44:51 IST 2015, 2, 27, Report Package: Run Report Package to Email, Pass, , Wed Nov 04 12:44:52 IST 2015, 2, 28, Report Package: Run Report Package to Email, Pass, , Wed Nov 04 12:44:54 IST 2015, 2, 29, Report Package: Set Up, Pass, , Wed Nov 04 12:44:54 IST 2015, 2, 30, Report Package: Run Report Package to Email, Pass, , Wed Nov 04 12:44:54 IST 2015, 2, 31, Report Package: Set Up, Pass, , Wed Nov 04 12:44:55 IST 2015, 2, 32, Report Package: Run Report Package to Email, Pass, , Wed Nov 04 12:44:55 IST 2015, 2, 33, Report Package: Set Up, Pass, , Wed Nov 04 12:44:57 IST 2015, 2, 34, Report Package: Run Report Package to Email, Pass, , Wed Nov 04 12:44:58 IST 2015, 2, 35, Report Package: Set Up, Pass, , Wed Nov 04 12:45:00 IST 2015, 2, 36, Report Package: Run Report Package to Email, Pass, , Wed Nov 04 12:45:00 IST 2015, 2, 37, Report Package: Set Up, Pass, , Wed Nov 04 12:45:00 IST 2015, 2, 38, Report Package: Set Up, Pass, , Wed Nov 04 12:45:00 IST 2015, 2, 39, Report Package: Set Up, Pass, , Wed Nov 04 12:45:04 IST 2015, 2, 40, Report Package: Run Report Package to Email, Pass, , Wed Nov 04 12:45:04 IST 2015, 2, 41, Report Package: Set Up, Pass, , Wed Nov 04 12:45:05 IST 2015, 2, 42, Report Package: Run Report Package to Email, Pass, , Wed Nov 04 12:45:06 IST 2015, 2, 43, Report Package: Set Up, Pass, , Wed Nov 04 12:45:07 IST 2015, 2, 44, Report Package: Run Report Package to Email, Pass, , Wed Nov 04 12:45:09 IST 2015, 2, 45, Report Package: Set Up, Pass, , Wed Nov 04 12:45:10 IST 2015, 2, 46, Report Package: Run Report Package to Email, Pass, , Wed Nov 04 12:45:20 IST 2015]
[DEBUG][2015-11-04 12:45:20,708][com.java.ImportnExport.ExportTestResultsExcel] [  222] - testResultPath = D:\BankersDashboard/TestReports/Test Results_BankersDashBoard_110415_124300_IE11_Bank of North Carolina.xls
[DEBUG][2015-11-04 12:45:20,708][com.java.ImportnExport.ExportTestResultsExcel] [  223] - browser is------------IE11
[DEBUG][2015-11-04 12:45:20,711][com.java.ImportnExport.ExportTestResultsExcel] [  270] - result.size() = 270
[DEBUG][2015-11-04 12:45:20,711][com.java.ImportnExport.ExportTestResultsExcel] [  274] - No of rows in sheet=2
[DEBUG][2015-11-04 12:45:20,711][com.java.ImportnExport.ExportTestResultsExcel] [  301] - ..in export..2
[DEBUG][2015-11-04 12:45:20,711][com.java.ImportnExport.ExportTestResultsExcel] [  301] - ..in export..Report Package: Run Report Package to Email
[DEBUG][2015-11-04 12:45:20,711][com.java.ImportnExport.ExportTestResultsExcel] [  301] - ..in export..Pass
[DEBUG][2015-11-04 12:45:20,711][com.java.ImportnExport.ExportTestResultsExcel] [  301] - ..in export..
[DEBUG][2015-11-04 12:45:20,711][com.java.ImportnExport.ExportTestResultsExcel] [  301] - ..in export..Wed Nov 04 12:44:10 IST 2015
[INFO ][2015-11-04 12:45:20,712][com.java.SeleniumDriver] [ 1255] - out loop:1 size:2 TestCases:[1, 2] testcases:[1, 2]
[INFO ][2015-11-04 12:45:22,713][com.java.SeleniumDriver] [ 1297] - Total Number of Cases:2
[INFO ][2015-11-04 12:45:22,713][com.java.TemplateGenerator] [  302] - Executed:2
[INFO ][2015-11-04 12:45:22,713][com.java.TemplateGenerator] [  303] - Passed:2
[INFO ][2015-11-04 12:45:22,713][com.java.TemplateGenerator] [  304] - Failed:0
[INFO ][2015-11-04 12:45:22,713][com.java.TemplateGenerator] [  305] - Skipeed:0
[INFO ][2015-11-04 12:45:22,713][com.java.TemplateGenerator] [  306] - Application URL:https://clients-xuat.bankersdashboard.com
[INFO ][2015-11-04 12:45:22,713][com.java.TemplateGenerator] [  307] - Start Time:110415_124300
[INFO ][2015-11-04 12:45:22,713][com.java.TemplateGenerator] [  308] -  Creating HTML Report 
[ERROR][2015-11-04 12:45:22,714][com.java.TemplateGenerator] [  409] - Unparseable date: "Wed Nov 04 12:43:00 IST 2015"
[INFO ][2015-11-04 12:45:22,714][com.java.TemplateGenerator] [  654] -  Exporting case :: 1
[INFO ][2015-11-04 12:45:22,714][com.java.TemplateGenerator] [  654] -  Exporting case :: 2
[INFO ][2015-11-04 12:45:22,722][com.java.SeleniumDriver] [ 1346] - End Time:110415_124522
[INFO ][2015-11-04 12:45:22,722][com.java.SeleniumDriver] [ 1349] - Data in Test Execution Details:{1=PASS, 2=PASS}
[INFO ][2015-11-04 12:45:22,722][com.java.SeleniumDriver] [ 1350] - Data in Failed Execution Deatils:{}
[INFO ][2015-11-04 12:45:22,722][com.java.SeleniumDriver] [ 1352] - ReportCounter:Total:2 :: PASS: 2 ::FAIL: 0
[INFO ][2015-11-04 12:45:22,722][com.java.SeleniumDriver] [ 1353] - FailedReportCounter:Total:0 :: PASS: 0 ::FAIL: 0
[INFO ][2015-11-04 12:45:22,728][com.java.EmailTestReport] [   63] - Sending report mail details:
[INFO ][2015-11-04 12:45:22,728][com.java.EmailTestReport] [   80] - Excel Report Path:D:\BankersDashboard/TestReports/Test Results_BankersDashBoard_110415_124300_IE11_Bank of North Carolina.xls
[INFO ][2015-11-04 12:45:22,728][com.java.EmailTestReport] [   81] - HTML Report Path:D:\BankersDashboard//TestReports//Test Results_BankersDashBoard_110415_124300_IE11_Bank of North Carolina.html
[INFO ][2015-11-04 12:45:22,728][com.java.EmailTestReport] [   82] - smtpHostName:mail01.valuelabs.com
[INFO ][2015-11-04 12:45:22,728][com.java.EmailTestReport] [   83] - Recipient:venkateswararao.gubbala@valuelabs.com
[INFO ][2015-11-04 12:45:22,728][com.java.EmailTestReport] [   84] - From:venkateswararao.gubbala@valuelabs.com
[INFO ][2015-11-04 12:45:22,728][com.java.EmailTestReport] [   85] - Subject:Deluxe Corp Bankers Dashboard Automation Test Report - Bank of North Carolina - IE11
[INFO ][2015-11-04 12:45:22,743][com.java.EmailTestReport] [  143] -  Added venkateswararao.gubbala@valuelabs.com
[INFO ][2015-11-04 12:45:26,129][com.java.SeleniumDriver] [  719] - quitting the browser 
[INFO ][2015-11-04 12:45:27,500][com.java.SeleniumDriver] [  263] - Execution Completed Stopping the thread
