[INFO ][2015-11-09 15:51:52,383][com.java.SeleniumDriver] [  213] - Execute Failed Casesfalse
[INFO ][2015-11-09 15:51:52,383][com.java.SeleniumDriver] [  214] - Browser: IE11
[INFO ][2015-11-09 15:51:52,383][com.java.SeleniumDriver] [  215] - [10]
[INFO ][2015-11-09 15:51:52,383][com.java.SeleniumDriver] [  216] - Total TestCases:1
[INFO ][2015-11-09 15:51:52,383][com.java.SeleniumDriver] [  217] -  Reading Properties from Property File 
[DEBUG][2015-11-09 15:51:52,383][com.java.SeleniumDriver] [  238] - url : https://clients-xuat.bankersdashboard.com
[INFO ][2015-11-09 15:51:52,383][com.java.ImportnExport.ExportTestResultsExcel] [  116] - Time Stamp Mon Nov 09 03:51:52 IST 2015
[INFO ][2015-11-09 15:51:52,383][com.java.ImportnExport.ExportTestResultsExcel] [  175] - OUT FILE : D:\BankersDashboard/TestReports/Test Results_BankersDashBoard_110915_155152_IE11_Bank of North Carolina.xls
[INFO ][2015-11-09 15:51:52,414][com.java.ImportnExport.ExportTestResultsExcel] [  180] - Test Result file is created
[DEBUG][2015-11-09 15:51:52,509][com.java.SeleniumDriver] [  425] - Hub ip address is-------172.17.68.34
[INFO ][2015-11-09 15:51:52,509][com.java.SeleniumDriver] [  451] - Grid URL:http://172.17.68.34:4444/wd/hub
[INFO ][2015-11-09 15:51:52,509][com.java.SeleniumDriver] [  452] - Capability:Capabilities [{platform=ANY, ensureCleanSession=true, ignoreProtectedModeSettings=true, acceptSslCerts=true, ignoreZoomSetting=true, browserName=internet explorer, browserstack.ie.noFlash=true, version=Node1}]
[ERROR][2015-11-09 15:51:53,835][com.java.SeleniumDriver] [  496] - Unable invoke browser in grid:Could not start a new session. Possible causes are invalid address of the remote server or browser start-up failure.
Build info: version: '2.48.2', revision: '41bccdd', time: '2015-10-09 19:59:12'
System info: host: 'FVTIII438F1D', ip: '172.17.68.34', os.name: 'Windows 7', os.arch: 'x86', os.version: '6.1', java.version: '1.7.0_55'
Driver info: driver.version: SeleniumDriver
[INFO ][2015-11-09 15:51:53,835][com.java.SeleniumDriver] [  498] - Executing on local machine
[INFO ][2015-11-09 15:52:05,383][com.java.SeleniumDriver] [  248] - IE11is opened
[INFO ][2015-11-09 15:52:06,251][com.java.SeleniumDriver] [  752] - Test cases to be executed are: [10]
[INFO ][2015-11-09 15:52:06,251][com.java.ImportnExport.ImportTestDataDetailsExcel] [   49] - test data details path===== D:\BankersDashboard\TestInputs\TestData.xls
[INFO ][2015-11-09 15:52:17,274][com.java.SeleniumDriver] [  788] - ------------------------------------------
[INFO ][2015-11-09 15:52:17,274][com.java.SeleniumDriver] [  789] - Test case being Executed: 10
[INFO ][2015-11-09 15:52:17,275][com.java.SeleniumDriver] [  800] - Test step:1
[INFO ][2015-11-09 15:52:17,275][com.java.SeleniumDriver] [  812] - Datavalue is----------Logout
[INFO ][2015-11-09 15:52:17,275][com.java.SeleniumDriver] [  836] - DataField : BTN
[INFO ][2015-11-09 15:52:17,275][com.java.SeleniumDriver] [  838] - DataValue : Logout
[INFO ][2015-11-09 15:52:17,275][com.java.SeleniumDriver] [  844] - <In Set values of the page>
[INFO ][2015-11-09 15:52:17,275][com.java.SeleniumDriver] [  847] - {Data Fields & Data Values Exist}
[INFO ][2015-11-09 15:52:17,275][com.java.SeleniumDriver] [  849] - --------------------------setting values-----------------------------
[INFO ][2015-11-09 15:52:17,275][com.java.SeleniumDriver] [  852] - Action Type : Verify
[INFO ][2015-11-09 15:52:17,307][com.java.TestType] [ 5204] - field= BTN value= Logout
[INFO ][2015-11-09 15:52:17,307][com.java.TestType] [ 4078] - value = Logout
[ERROR][2015-11-09 15:52:35,155][com.java.TestType] [ 5673] - Assertion Error: 
[INFO ][2015-11-09 15:52:35,155][com.java.SeleniumDriver] [  861] -  RESULT false
[INFO ][2015-11-09 15:52:35,155][com.java.SeleniumDriver] [  908] - ?   F A I L   ?
[INFO ][2015-11-09 15:52:35,155][com.java.SeleniumDriver] [  916] - Browser Type : IE11
[INFO ][2015-11-09 15:52:35,155][com.java.SeleniumDriver] [  917] - Adding Failed case10
[DEBUG][2015-11-09 15:52:35,250][com.java.SeleniumDriver] [  984] -  tdd.getCondition() IF:3:Next
[INFO ][2015-11-09 15:52:35,250][com.java.SeleniumDriver] [  988] - Continue next step...
[INFO ][2015-11-09 15:52:35,250][com.java.SeleniumDriver] [  788] - ------------------------------------------
[INFO ][2015-11-09 15:52:35,250][com.java.SeleniumDriver] [  789] - Test case being Executed: 10
[INFO ][2015-11-09 15:52:35,250][com.java.SeleniumDriver] [  800] - Test step:2
[INFO ][2015-11-09 15:52:35,250][com.java.SeleniumDriver] [  812] - Datavalue is----------Concept#1:1-14
[INFO ][2015-11-09 15:52:35,250][com.java.SeleniumDriver] [  836] - DataField : test
[INFO ][2015-11-09 15:52:35,250][com.java.SeleniumDriver] [  838] - DataValue : Concept#1:1-14
[INFO ][2015-11-09 15:52:35,250][com.java.SeleniumDriver] [  844] - <In Set values of the page>
[INFO ][2015-11-09 15:52:35,250][com.java.SeleniumDriver] [  847] - {Data Fields & Data Values Exist}
[INFO ][2015-11-09 15:52:35,250][com.java.SeleniumDriver] [  849] - --------------------------setting values-----------------------------
[INFO ][2015-11-09 15:52:35,250][com.java.SeleniumDriver] [  852] - Action Type : ExecuteTestCase
[INFO ][2015-11-09 15:52:35,250][com.java.TestType] [  422] - The Concept sheet name is ---------- Concept
[INFO ][2015-11-09 15:52:35,250][com.java.TestType] [  425] - The Concept ID  is ---------- 1
[DEBUG][2015-11-09 15:52:35,250][com.java.TestType] [  429] - Steps being executted in the Concept are: 1:14
[INFO ][2015-11-09 15:52:35,250][com.java.TestType] [  436] - Test data details path ---------- D:\BankersDashboard\TestInputs\TestData.xls
[INFO ][2015-11-09 15:52:35,281][com.java.TestType] [  467] -  str(1) = 1
[INFO ][2015-11-09 15:52:35,281][com.java.TestType] [  470] - Test case Id is---1
[INFO ][2015-11-09 15:52:35,281][com.java.TestType] [  472] - 1
[INFO ][2015-11-09 15:52:35,281][com.java.TestType] [  467] -  str(2) = 1
[INFO ][2015-11-09 15:52:35,281][com.java.TestType] [  519] - row values are--------{1=com.java.Objects.TestDataDetails@da7ebb}
[INFO ][2015-11-09 15:52:35,281][com.java.TestType] [  467] -  str(1) = 1
[INFO ][2015-11-09 15:52:35,281][com.java.TestType] [  470] - Test case Id is---1
[INFO ][2015-11-09 15:52:35,281][com.java.TestType] [  472] - 1
[INFO ][2015-11-09 15:52:35,281][com.java.TestType] [  467] -  str(2) = 2
[INFO ][2015-11-09 15:52:35,281][com.java.TestType] [  519] - row values are--------{1=com.java.Objects.TestDataDetails@da7ebb, 2=com.java.Objects.TestDataDetails@1428e24}
[INFO ][2015-11-09 15:52:35,281][com.java.TestType] [  467] -  str(1) = 1
[INFO ][2015-11-09 15:52:35,281][com.java.TestType] [  470] - Test case Id is---1
[INFO ][2015-11-09 15:52:35,281][com.java.TestType] [  472] - 1
[INFO ][2015-11-09 15:52:35,281][com.java.TestType] [  467] -  str(2) = 3
[INFO ][2015-11-09 15:52:35,281][com.java.TestType] [  519] - row values are--------{1=com.java.Objects.TestDataDetails@da7ebb, 2=com.java.Objects.TestDataDetails@1428e24, 3=com.java.Objects.TestDataDetails@12a0b2f}
[INFO ][2015-11-09 15:52:35,281][com.java.TestType] [  467] -  str(1) = 1
[INFO ][2015-11-09 15:52:35,281][com.java.TestType] [  470] - Test case Id is---1
[INFO ][2015-11-09 15:52:35,281][com.java.TestType] [  472] - 1
[INFO ][2015-11-09 15:52:35,281][com.java.TestType] [  467] -  str(2) = 4
[INFO ][2015-11-09 15:52:35,281][com.java.TestType] [  519] - row values are--------{1=com.java.Objects.TestDataDetails@da7ebb, 2=com.java.Objects.TestDataDetails@1428e24, 3=com.java.Objects.TestDataDetails@12a0b2f, 4=com.java.Objects.TestDataDetails@1203b65}
[INFO ][2015-11-09 15:52:35,281][com.java.TestType] [  467] -  str(1) = 1
[INFO ][2015-11-09 15:52:35,281][com.java.TestType] [  470] - Test case Id is---1
[INFO ][2015-11-09 15:52:35,281][com.java.TestType] [  472] - 1
[INFO ][2015-11-09 15:52:35,281][com.java.TestType] [  467] -  str(2) = 5
[INFO ][2015-11-09 15:52:35,281][com.java.TestType] [  519] - row values are--------{1=com.java.Objects.TestDataDetails@da7ebb, 2=com.java.Objects.TestDataDetails@1428e24, 3=com.java.Objects.TestDataDetails@12a0b2f, 4=com.java.Objects.TestDataDetails@1203b65, 5=com.java.Objects.TestDataDetails@1342054}
[INFO ][2015-11-09 15:52:35,281][com.java.TestType] [  467] -  str(1) = 1
[INFO ][2015-11-09 15:52:35,281][com.java.TestType] [  470] - Test case Id is---1
[INFO ][2015-11-09 15:52:35,281][com.java.TestType] [  472] - 1
[INFO ][2015-11-09 15:52:35,281][com.java.TestType] [  467] -  str(2) = 6
[INFO ][2015-11-09 15:52:35,281][com.java.TestType] [  519] - row values are--------{1=com.java.Objects.TestDataDetails@da7ebb, 2=com.java.Objects.TestDataDetails@1428e24, 3=com.java.Objects.TestDataDetails@12a0b2f, 4=com.java.Objects.TestDataDetails@1203b65, 5=com.java.Objects.TestDataDetails@1342054, 6=com.java.Objects.TestDataDetails@1cc9373}
[INFO ][2015-11-09 15:52:35,281][com.java.TestType] [  467] -  str(1) = 1
[INFO ][2015-11-09 15:52:35,296][com.java.TestType] [  470] - Test case Id is---1
[INFO ][2015-11-09 15:52:35,296][com.java.TestType] [  472] - 1
[INFO ][2015-11-09 15:52:35,296][com.java.TestType] [  467] -  str(2) = 7
[INFO ][2015-11-09 15:52:35,296][com.java.TestType] [  519] - row values are--------{1=com.java.Objects.TestDataDetails@da7ebb, 2=com.java.Objects.TestDataDetails@1428e24, 3=com.java.Objects.TestDataDetails@12a0b2f, 4=com.java.Objects.TestDataDetails@1203b65, 5=com.java.Objects.TestDataDetails@1342054, 6=com.java.Objects.TestDataDetails@1cc9373, 7=com.java.Objects.TestDataDetails@147fda0}
[INFO ][2015-11-09 15:52:35,296][com.java.TestType] [  467] -  str(1) = 1
[INFO ][2015-11-09 15:52:35,296][com.java.TestType] [  470] - Test case Id is---1
[INFO ][2015-11-09 15:52:35,296][com.java.TestType] [  472] - 1
[INFO ][2015-11-09 15:52:35,296][com.java.TestType] [  467] -  str(2) = 8
[INFO ][2015-11-09 15:52:35,296][com.java.TestType] [  519] - row values are--------{1=com.java.Objects.TestDataDetails@da7ebb, 2=com.java.Objects.TestDataDetails@1428e24, 3=com.java.Objects.TestDataDetails@12a0b2f, 4=com.java.Objects.TestDataDetails@1203b65, 5=com.java.Objects.TestDataDetails@1342054, 6=com.java.Objects.TestDataDetails@1cc9373, 7=com.java.Objects.TestDataDetails@147fda0, 8=com.java.Objects.TestDataDetails@923efe}
[INFO ][2015-11-09 15:52:35,296][com.java.TestType] [  467] -  str(1) = 1
[INFO ][2015-11-09 15:52:35,296][com.java.TestType] [  470] - Test case Id is---1
[INFO ][2015-11-09 15:52:35,296][com.java.TestType] [  472] - 1
[INFO ][2015-11-09 15:52:35,296][com.java.TestType] [  467] -  str(2) = 9
[INFO ][2015-11-09 15:52:35,296][com.java.TestType] [  519] - row values are--------{1=com.java.Objects.TestDataDetails@da7ebb, 2=com.java.Objects.TestDataDetails@1428e24, 3=com.java.Objects.TestDataDetails@12a0b2f, 4=com.java.Objects.TestDataDetails@1203b65, 5=com.java.Objects.TestDataDetails@1342054, 6=com.java.Objects.TestDataDetails@1cc9373, 7=com.java.Objects.TestDataDetails@147fda0, 8=com.java.Objects.TestDataDetails@923efe, 9=com.java.Objects.TestDataDetails@3ff528}
[INFO ][2015-11-09 15:52:35,296][com.java.TestType] [  467] -  str(1) = 1
[INFO ][2015-11-09 15:52:35,296][com.java.TestType] [  470] - Test case Id is---1
[INFO ][2015-11-09 15:52:35,296][com.java.TestType] [  472] - 1
[INFO ][2015-11-09 15:52:35,296][com.java.TestType] [  467] -  str(2) = 10
[INFO ][2015-11-09 15:52:35,296][com.java.TestType] [  519] - row values are--------{1=com.java.Objects.TestDataDetails@da7ebb, 2=com.java.Objects.TestDataDetails@1428e24, 3=com.java.Objects.TestDataDetails@12a0b2f, 4=com.java.Objects.TestDataDetails@1203b65, 5=com.java.Objects.TestDataDetails@1342054, 6=com.java.Objects.TestDataDetails@1cc9373, 7=com.java.Objects.TestDataDetails@147fda0, 8=com.java.Objects.TestDataDetails@923efe, 9=com.java.Objects.TestDataDetails@3ff528, 10=com.java.Objects.TestDataDetails@fae153}
[INFO ][2015-11-09 15:52:35,296][com.java.TestType] [  467] -  str(1) = 1
[INFO ][2015-11-09 15:52:35,296][com.java.TestType] [  470] - Test case Id is---1
[INFO ][2015-11-09 15:52:35,296][com.java.TestType] [  472] - 1
[INFO ][2015-11-09 15:52:35,296][com.java.TestType] [  467] -  str(2) = 11
[INFO ][2015-11-09 15:52:35,296][com.java.TestType] [  519] - row values are--------{1=com.java.Objects.TestDataDetails@da7ebb, 2=com.java.Objects.TestDataDetails@1428e24, 3=com.java.Objects.TestDataDetails@12a0b2f, 4=com.java.Objects.TestDataDetails@1203b65, 5=com.java.Objects.TestDataDetails@1342054, 6=com.java.Objects.TestDataDetails@1cc9373, 7=com.java.Objects.TestDataDetails@147fda0, 8=com.java.Objects.TestDataDetails@923efe, 9=com.java.Objects.TestDataDetails@3ff528, 10=com.java.Objects.TestDataDetails@fae153, 11=com.java.Objects.TestDataDetails@aa4a14}
[INFO ][2015-11-09 15:52:35,296][com.java.TestType] [  467] -  str(1) = 1
[INFO ][2015-11-09 15:52:35,296][com.java.TestType] [  470] - Test case Id is---1
[INFO ][2015-11-09 15:52:35,296][com.java.TestType] [  472] - 1
[INFO ][2015-11-09 15:52:35,296][com.java.TestType] [  467] -  str(2) = 12
[INFO ][2015-11-09 15:52:35,296][com.java.TestType] [  519] - row values are--------{1=com.java.Objects.TestDataDetails@da7ebb, 2=com.java.Objects.TestDataDetails@1428e24, 3=com.java.Objects.TestDataDetails@12a0b2f, 4=com.java.Objects.TestDataDetails@1203b65, 5=com.java.Objects.TestDataDetails@1342054, 6=com.java.Objects.TestDataDetails@1cc9373, 7=com.java.Objects.TestDataDetails@147fda0, 8=com.java.Objects.TestDataDetails@923efe, 9=com.java.Objects.TestDataDetails@3ff528, 10=com.java.Objects.TestDataDetails@fae153, 11=com.java.Objects.TestDataDetails@aa4a14, 12=com.java.Objects.TestDataDetails@10e39e6}
[INFO ][2015-11-09 15:52:35,296][com.java.TestType] [  467] -  str(1) = 1
[INFO ][2015-11-09 15:52:35,296][com.java.TestType] [  470] - Test case Id is---1
[INFO ][2015-11-09 15:52:35,296][com.java.TestType] [  472] - 1
[INFO ][2015-11-09 15:52:35,296][com.java.TestType] [  467] -  str(2) = 13
[INFO ][2015-11-09 15:52:35,296][com.java.TestType] [  519] - row values are--------{1=com.java.Objects.TestDataDetails@da7ebb, 2=com.java.Objects.TestDataDetails@1428e24, 3=com.java.Objects.TestDataDetails@12a0b2f, 4=com.java.Objects.TestDataDetails@1203b65, 5=com.java.Objects.TestDataDetails@1342054, 6=com.java.Objects.TestDataDetails@1cc9373, 7=com.java.Objects.TestDataDetails@147fda0, 8=com.java.Objects.TestDataDetails@923efe, 9=com.java.Objects.TestDataDetails@3ff528, 10=com.java.Objects.TestDataDetails@fae153, 11=com.java.Objects.TestDataDetails@aa4a14, 12=com.java.Objects.TestDataDetails@10e39e6, 13=com.java.Objects.TestDataDetails@1ac9e07}
[INFO ][2015-11-09 15:52:35,296][com.java.TestType] [  467] -  str(1) = 1
[INFO ][2015-11-09 15:52:35,296][com.java.TestType] [  470] - Test case Id is---1
[INFO ][2015-11-09 15:52:35,296][com.java.TestType] [  472] - 1
[INFO ][2015-11-09 15:52:35,296][com.java.TestType] [  467] -  str(2) = 14
[INFO ][2015-11-09 15:52:35,296][com.java.TestType] [  519] - row values are--------{1=com.java.Objects.TestDataDetails@da7ebb, 2=com.java.Objects.TestDataDetails@1428e24, 3=com.java.Objects.TestDataDetails@12a0b2f, 4=com.java.Objects.TestDataDetails@1203b65, 5=com.java.Objects.TestDataDetails@1342054, 6=com.java.Objects.TestDataDetails@1cc9373, 7=com.java.Objects.TestDataDetails@147fda0, 8=com.java.Objects.TestDataDetails@923efe, 9=com.java.Objects.TestDataDetails@3ff528, 10=com.java.Objects.TestDataDetails@fae153, 11=com.java.Objects.TestDataDetails@aa4a14, 12=com.java.Objects.TestDataDetails@10e39e6, 13=com.java.Objects.TestDataDetails@1ac9e07, 14=com.java.Objects.TestDataDetails@1a323d}
[INFO ][2015-11-09 15:52:35,296][com.java.TestType] [ 8228] - Looping 1TCID = 1
[DEBUG][2015-11-09 15:52:35,296][com.java.TestType] [ 8269] - Concept ID:1 :: Step being Executed: 1::1
[INFO ][2015-11-09 15:52:35,296][com.java.TestType] [ 8307] - dataFields : TXTusername
[DEBUG][2015-11-09 15:52:35,296][com.java.TestType] [ 8313] - <In Set values of the page>
[DEBUG][2015-11-09 15:52:35,296][com.java.TestType] [ 8318] - {Data Fields & Data Values Exist}
[INFO ][2015-11-09 15:52:35,296][com.java.TestType] [ 8324] - --------------------------setting values-----------------------------
[INFO ][2015-11-09 15:52:35,296][com.java.TestType] [ 8327] - Action Type : CLEARANDENTER
[INFO ][2015-11-09 15:52:35,296][com.java.TestType] [ 4078] - value = valuelabs.ie11.33527
[INFO ][2015-11-09 15:52:40,300][com.java.TestType] [ 8346] -  RESULT true
[INFO ][2015-11-09 15:52:40,300][com.java.TestType] [ 8463] - ?   P A S S   ?
[DEBUG][2015-11-09 15:52:40,300][com.java.TestType] [ 8269] - Concept ID:1 :: Step being Executed: 1::2
[INFO ][2015-11-09 15:52:40,300][com.java.TestType] [ 8307] - dataFields : TXTpassword
[DEBUG][2015-11-09 15:52:40,300][com.java.TestType] [ 8313] - <In Set values of the page>
[DEBUG][2015-11-09 15:52:40,300][com.java.TestType] [ 8318] - {Data Fields & Data Values Exist}
[INFO ][2015-11-09 15:52:40,300][com.java.TestType] [ 8324] - --------------------------setting values-----------------------------
[INFO ][2015-11-09 15:52:40,300][com.java.TestType] [ 8327] - Action Type : CLEARANDENTER
[INFO ][2015-11-09 15:52:40,300][com.java.TestType] [ 4078] - value = Password1*
[INFO ][2015-11-09 15:52:45,508][com.java.TestType] [ 8346] -  RESULT true
[INFO ][2015-11-09 15:52:45,508][com.java.TestType] [ 8463] - ?   P A S S   ?
[DEBUG][2015-11-09 15:52:45,508][com.java.TestType] [ 8269] - Concept ID:1 :: Step being Executed: 1::3
[ERROR][2015-11-09 15:52:45,508][com.java.TestType] [ 8302] - Exception: null
[INFO ][2015-11-09 15:52:45,508][com.java.TestType] [ 8307] - dataFields : XPH//button[@type='submit']
[DEBUG][2015-11-09 15:52:45,508][com.java.TestType] [ 8313] - <In Set values of the page>
[DEBUG][2015-11-09 15:52:45,508][com.java.TestType] [ 8318] - {Data Fields & Data Values Exist}
[INFO ][2015-11-09 15:52:45,508][com.java.TestType] [ 8324] - --------------------------setting values-----------------------------
[INFO ][2015-11-09 15:52:45,508][com.java.TestType] [ 8327] - Action Type : Click
[INFO ][2015-11-09 15:52:45,508][com.java.TestType] [ 4391] - Field ::XPH//button[@type='submit']
[INFO ][2015-11-09 15:52:46,522][com.java.TestType] [ 4450] - BEFORE CLICK
[INFO ][2015-11-09 15:52:53,335][com.java.TestType] [ 4458] - Unable to click the object Login
[INFO ][2015-11-09 15:52:53,335][com.java.TestType] [ 8346] -  RESULT true
[INFO ][2015-11-09 15:52:53,335][com.java.TestType] [ 8463] - ?   P A S S   ?
[DEBUG][2015-11-09 15:52:53,335][com.java.TestType] [ 8269] - Concept ID:1 :: Step being Executed: 1::4
[INFO ][2015-11-09 15:52:53,335][com.java.TestType] [ 8307] - dataFields : LNKLogout
[DEBUG][2015-11-09 15:52:53,335][com.java.TestType] [ 8313] - <In Set values of the page>
[DEBUG][2015-11-09 15:52:53,335][com.java.TestType] [ 8318] - {Data Fields & Data Values Exist}
[INFO ][2015-11-09 15:52:53,335][com.java.TestType] [ 8324] - --------------------------setting values-----------------------------
[INFO ][2015-11-09 15:52:53,335][com.java.TestType] [ 8327] - Action Type : WaitForElement
[INFO ][2015-11-09 15:52:53,367][com.java.TestType] [ 8346] -  RESULT true
[INFO ][2015-11-09 15:52:53,367][com.java.TestType] [ 8463] - ?   P A S S   ?
[DEBUG][2015-11-09 15:52:53,367][com.java.TestType] [ 8269] - Concept ID:1 :: Step being Executed: 1::13
[INFO ][2015-11-09 15:52:53,367][com.java.TestType] [ 8307] - dataFields : LNK
[DEBUG][2015-11-09 15:52:53,367][com.java.TestType] [ 8313] - <In Set values of the page>
[DEBUG][2015-11-09 15:52:53,367][com.java.TestType] [ 8318] - {Data Fields & Data Values Exist}
[INFO ][2015-11-09 15:52:53,367][com.java.TestType] [ 8324] - --------------------------setting values-----------------------------
[INFO ][2015-11-09 15:52:53,367][com.java.TestType] [ 8327] - Action Type : Verify
[INFO ][2015-11-09 15:52:53,367][com.java.TestType] [ 5204] - field= LNK value= Logout
[INFO ][2015-11-09 15:52:53,367][com.java.TestType] [ 4078] - value = Logout
[INFO ][2015-11-09 15:52:53,398][com.java.TestType] [ 8346] -  RESULT true
[INFO ][2015-11-09 15:52:53,398][com.java.TestType] [ 8463] - ?   P A S S   ?
[DEBUG][2015-11-09 15:52:53,398][com.java.TestType] [ 8269] - Concept ID:1 :: Step being Executed: 1::14
[INFO ][2015-11-09 15:52:53,398][com.java.TestType] [ 8307] - dataFields : BTN
[DEBUG][2015-11-09 15:52:53,398][com.java.TestType] [ 8313] - <In Set values of the page>
[DEBUG][2015-11-09 15:52:53,398][com.java.TestType] [ 8318] - {Data Fields & Data Values Exist}
[INFO ][2015-11-09 15:52:53,398][com.java.TestType] [ 8324] - --------------------------setting values-----------------------------
[INFO ][2015-11-09 15:52:53,398][com.java.TestType] [ 8327] - Action Type : Verify
[INFO ][2015-11-09 15:52:53,398][com.java.TestType] [ 5204] - field= BTN value= //img[contains(@src,'bdlogo.jpg')]
[INFO ][2015-11-09 15:52:53,398][com.java.TestType] [ 4078] - value = //img[contains(@src,'bdlogo.jpg')]
[INFO ][2015-11-09 15:52:53,429][com.java.TestType] [ 8346] -  RESULT true
[INFO ][2015-11-09 15:52:53,429][com.java.TestType] [ 8463] - ?   P A S S   ?
[INFO ][2015-11-09 15:52:53,429][com.java.TestType] [ 8534] - Looping End......
[INFO ][2015-11-09 15:52:53,429][com.java.SeleniumDriver] [  861] -  RESULT true
[INFO ][2015-11-09 15:52:53,429][com.java.SeleniumDriver] [ 1066] - ?   P A S S   ?
[INFO ][2015-11-09 15:52:53,429][com.java.SeleniumDriver] [  788] - ------------------------------------------
[INFO ][2015-11-09 15:52:53,429][com.java.SeleniumDriver] [  789] - Test case being Executed: 10
[INFO ][2015-11-09 15:52:53,429][com.java.SeleniumDriver] [  800] - Test step:3
[INFO ][2015-11-09 15:52:53,429][com.java.SeleniumDriver] [  812] - Datavalue is----------Concept#2:1-2
[INFO ][2015-11-09 15:52:53,429][com.java.SeleniumDriver] [  836] - DataField : test
[INFO ][2015-11-09 15:52:53,429][com.java.SeleniumDriver] [  838] - DataValue : Concept#2:1-2
[INFO ][2015-11-09 15:52:53,429][com.java.SeleniumDriver] [  844] - <In Set values of the page>
[INFO ][2015-11-09 15:52:53,429][com.java.SeleniumDriver] [  847] - {Data Fields & Data Values Exist}
[INFO ][2015-11-09 15:52:53,429][com.java.SeleniumDriver] [  849] - --------------------------setting values-----------------------------
[INFO ][2015-11-09 15:52:53,429][com.java.SeleniumDriver] [  852] - Action Type : ExecuteTestCase
[INFO ][2015-11-09 15:52:53,429][com.java.TestType] [  422] - The Concept sheet name is ---------- Concept
[INFO ][2015-11-09 15:52:53,429][com.java.TestType] [  425] - The Concept ID  is ---------- 2
[DEBUG][2015-11-09 15:52:53,429][com.java.TestType] [  429] - Steps being executted in the Concept are: 1:2
[INFO ][2015-11-09 15:52:53,429][com.java.TestType] [  436] - Test data details path ---------- D:\BankersDashboard\TestInputs\TestData.xls
[INFO ][2015-11-09 15:52:53,460][com.java.TestType] [  467] -  str(1) = 2
[INFO ][2015-11-09 15:52:53,460][com.java.TestType] [  470] - Test case Id is---2
[INFO ][2015-11-09 15:52:53,460][com.java.TestType] [  472] - 2
[INFO ][2015-11-09 15:52:53,460][com.java.TestType] [  467] -  str(2) = 1
[INFO ][2015-11-09 15:52:53,460][com.java.TestType] [  519] - row values are--------{1=com.java.Objects.TestDataDetails@496ace}
[INFO ][2015-11-09 15:52:53,460][com.java.TestType] [  467] -  str(1) = 2
[INFO ][2015-11-09 15:52:53,460][com.java.TestType] [  470] - Test case Id is---2
[INFO ][2015-11-09 15:52:53,460][com.java.TestType] [  472] - 2
[INFO ][2015-11-09 15:52:53,460][com.java.TestType] [  467] -  str(2) = 2
[INFO ][2015-11-09 15:52:53,460][com.java.TestType] [  519] - row values are--------{1=com.java.Objects.TestDataDetails@496ace, 2=com.java.Objects.TestDataDetails@59942d}
[INFO ][2015-11-09 15:52:53,460][com.java.TestType] [  467] -  str(1) = 2
[INFO ][2015-11-09 15:52:53,460][com.java.TestType] [  470] - Test case Id is---2
[INFO ][2015-11-09 15:52:53,460][com.java.TestType] [  472] - 2
[INFO ][2015-11-09 15:52:53,460][com.java.TestType] [  467] -  str(2) = 3
[INFO ][2015-11-09 15:52:53,460][com.java.TestType] [  519] - row values are--------{1=com.java.Objects.TestDataDetails@496ace, 2=com.java.Objects.TestDataDetails@59942d, 3=com.java.Objects.TestDataDetails@1bf3b2d}
[INFO ][2015-11-09 15:52:53,460][com.java.TestType] [ 8228] - Looping 1TCID = 2
[DEBUG][2015-11-09 15:52:53,460][com.java.TestType] [ 8269] - Concept ID:2 :: Step being Executed: 2::1
[INFO ][2015-11-09 15:52:53,460][com.java.TestType] [ 8307] - dataFields : BNK//select[@id='bank']
[DEBUG][2015-11-09 15:52:53,460][com.java.TestType] [ 8313] - <In Set values of the page>
[DEBUG][2015-11-09 15:52:53,460][com.java.TestType] [ 8318] - {Data Fields & Data Values Exist}
[INFO ][2015-11-09 15:52:53,460][com.java.TestType] [ 8324] - --------------------------setting values-----------------------------
[INFO ][2015-11-09 15:52:53,460][com.java.TestType] [ 8327] - Action Type : Select
[INFO ][2015-11-09 15:52:53,460][com.java.TestType] [ 4078] - value = PFC
[INFO ][2015-11-09 15:52:53,764][com.java.TestType] [ 8346] -  RESULT true
[INFO ][2015-11-09 15:52:53,764][com.java.TestType] [ 8463] - ?   P A S S   ?
[DEBUG][2015-11-09 15:52:53,764][com.java.TestType] [ 8269] - Concept ID:2 :: Step being Executed: 2::2
[INFO ][2015-11-09 15:52:53,764][com.java.TestType] [ 8307] - dataFields : LNKLogout
[DEBUG][2015-11-09 15:52:53,764][com.java.TestType] [ 8313] - <In Set values of the page>
[DEBUG][2015-11-09 15:52:53,764][com.java.TestType] [ 8318] - {Data Fields & Data Values Exist}
[INFO ][2015-11-09 15:52:53,764][com.java.TestType] [ 8324] - --------------------------setting values-----------------------------
[INFO ][2015-11-09 15:52:53,764][com.java.TestType] [ 8327] - Action Type : WaitTime
[DEBUG][2015-11-09 15:52:53,764][com.java.TestType] [ 3913] - sleepTime: 5000
[INFO ][2015-11-09 15:52:58,775][com.java.TestType] [ 8346] -  RESULT true
[INFO ][2015-11-09 15:52:58,775][com.java.TestType] [ 8463] - ?   P A S S   ?
[INFO ][2015-11-09 15:52:58,775][com.java.TestType] [ 8534] - Looping End......
[INFO ][2015-11-09 15:52:58,775][com.java.SeleniumDriver] [  861] -  RESULT true
[INFO ][2015-11-09 15:52:58,775][com.java.SeleniumDriver] [ 1066] - ?   P A S S   ?
[INFO ][2015-11-09 15:52:58,775][com.java.SeleniumDriver] [  788] - ------------------------------------------
[INFO ][2015-11-09 15:52:58,775][com.java.SeleniumDriver] [  789] - Test case being Executed: 10
[INFO ][2015-11-09 15:52:58,775][com.java.SeleniumDriver] [  800] - Test step:4
[INFO ][2015-11-09 15:52:58,775][com.java.SeleniumDriver] [  812] - Datavalue is----------2
[INFO ][2015-11-09 15:52:58,775][com.java.SeleniumDriver] [  836] - DataField : BTNG/L
[INFO ][2015-11-09 15:52:58,775][com.java.SeleniumDriver] [  838] - DataValue : 2
[INFO ][2015-11-09 15:52:58,775][com.java.SeleniumDriver] [  844] - <In Set values of the page>
[INFO ][2015-11-09 15:52:58,775][com.java.SeleniumDriver] [  847] - {Data Fields & Data Values Exist}
[INFO ][2015-11-09 15:52:58,775][com.java.SeleniumDriver] [  849] - --------------------------setting values-----------------------------
[INFO ][2015-11-09 15:52:58,775][com.java.SeleniumDriver] [  852] - Action Type : WAITFORELEMENT
[INFO ][2015-11-09 15:52:58,823][com.java.SeleniumDriver] [  861] -  RESULT true
[INFO ][2015-11-09 15:52:58,823][com.java.SeleniumDriver] [ 1066] - ?   P A S S   ?
[INFO ][2015-11-09 15:52:58,823][com.java.SeleniumDriver] [  788] - ------------------------------------------
[INFO ][2015-11-09 15:52:58,823][com.java.SeleniumDriver] [  789] - Test case being Executed: 10
[INFO ][2015-11-09 15:52:58,823][com.java.SeleniumDriver] [  800] - Test step:5
[INFO ][2015-11-09 15:52:58,823][com.java.SeleniumDriver] [  812] - Datavalue is----------CNS
[INFO ][2015-11-09 15:52:58,823][com.java.SeleniumDriver] [  836] - DataField : BNK//select[@id='bank']
[INFO ][2015-11-09 15:52:58,823][com.java.SeleniumDriver] [  838] - DataValue : CNS
[INFO ][2015-11-09 15:52:58,823][com.java.SeleniumDriver] [  844] - <In Set values of the page>
[INFO ][2015-11-09 15:52:58,823][com.java.SeleniumDriver] [  847] - {Data Fields & Data Values Exist}
[INFO ][2015-11-09 15:52:58,823][com.java.SeleniumDriver] [  849] - --------------------------setting values-----------------------------
[INFO ][2015-11-09 15:52:58,823][com.java.SeleniumDriver] [  852] - Action Type : SELECT
[INFO ][2015-11-09 15:52:58,823][com.java.TestType] [ 4078] - value = CNS
[INFO ][2015-11-09 15:52:59,112][com.java.SeleniumDriver] [  861] -  RESULT true
[INFO ][2015-11-09 15:52:59,112][com.java.SeleniumDriver] [ 1066] - ?   P A S S   ?
[INFO ][2015-11-09 15:52:59,112][com.java.SeleniumDriver] [  788] - ------------------------------------------
[INFO ][2015-11-09 15:52:59,112][com.java.SeleniumDriver] [  789] - Test case being Executed: 10
[INFO ][2015-11-09 15:52:59,112][com.java.SeleniumDriver] [  800] - Test step:6
[INFO ][2015-11-09 15:52:59,112][com.java.SeleniumDriver] [  812] - Datavalue is----------null
[DEBUG][2015-11-09 15:52:59,112][com.java.SeleniumDriver] [  830] - Exception: null
[INFO ][2015-11-09 15:52:59,112][com.java.SeleniumDriver] [  836] - DataField : null
[INFO ][2015-11-09 15:52:59,112][com.java.SeleniumDriver] [  838] - DataValue : 
[INFO ][2015-11-09 15:52:59,112][com.java.SeleniumDriver] [  844] - <In Set values of the page>
[INFO ][2015-11-09 15:52:59,112][com.java.SeleniumDriver] [  847] - {Data Fields & Data Values Exist}
[INFO ][2015-11-09 15:52:59,112][com.java.SeleniumDriver] [  849] - --------------------------setting values-----------------------------
[INFO ][2015-11-09 15:52:59,112][com.java.SeleniumDriver] [  852] - Action Type : WAITTIME
[DEBUG][2015-11-09 15:52:59,112][com.java.TestType] [ 3913] - sleepTime: 10000
[INFO ][2015-11-09 15:53:09,127][com.java.SeleniumDriver] [  861] -  RESULT true
[INFO ][2015-11-09 15:53:09,127][com.java.SeleniumDriver] [ 1066] - ?   P A S S   ?
[INFO ][2015-11-09 15:53:09,127][com.java.SeleniumDriver] [  788] - ------------------------------------------
[INFO ][2015-11-09 15:53:09,127][com.java.SeleniumDriver] [  789] - Test case being Executed: 10
[INFO ][2015-11-09 15:53:09,127][com.java.SeleniumDriver] [  800] - Test step:7
[INFO ][2015-11-09 15:53:09,127][com.java.SeleniumDriver] [  812] - Datavalue is----------2
[INFO ][2015-11-09 15:53:09,127][com.java.SeleniumDriver] [  836] - DataField : BTNG/L
[INFO ][2015-11-09 15:53:09,127][com.java.SeleniumDriver] [  838] - DataValue : 2
[INFO ][2015-11-09 15:53:09,127][com.java.SeleniumDriver] [  844] - <In Set values of the page>
[INFO ][2015-11-09 15:53:09,127][com.java.SeleniumDriver] [  847] - {Data Fields & Data Values Exist}
[INFO ][2015-11-09 15:53:09,127][com.java.SeleniumDriver] [  849] - --------------------------setting values-----------------------------
[INFO ][2015-11-09 15:53:09,127][com.java.SeleniumDriver] [  852] - Action Type : WAITFORELEMENT
[INFO ][2015-11-09 15:53:09,175][com.java.SeleniumDriver] [  861] -  RESULT true
[INFO ][2015-11-09 15:53:09,175][com.java.SeleniumDriver] [ 1066] - ?   P A S S   ?
[INFO ][2015-11-09 15:53:09,175][com.java.SeleniumDriver] [  788] - ------------------------------------------
[INFO ][2015-11-09 15:53:09,175][com.java.SeleniumDriver] [  789] - Test case being Executed: 10
[INFO ][2015-11-09 15:53:09,175][com.java.SeleniumDriver] [  800] - Test step:8
[INFO ][2015-11-09 15:53:09,175][com.java.SeleniumDriver] [  812] - Datavalue is----------null
[DEBUG][2015-11-09 15:53:09,175][com.java.SeleniumDriver] [  830] - Exception: null
[INFO ][2015-11-09 15:53:09,175][com.java.SeleniumDriver] [  836] - DataField : //span[@class="icon-coin"]&&//a[text()='Balance Sheet']&&//a[@data-id="BSCompare"]
[INFO ][2015-11-09 15:53:09,175][com.java.SeleniumDriver] [  838] - DataValue : 
[INFO ][2015-11-09 15:53:09,175][com.java.SeleniumDriver] [  844] - <In Set values of the page>
[INFO ][2015-11-09 15:53:09,175][com.java.SeleniumDriver] [  847] - {Data Fields & Data Values Exist}
[INFO ][2015-11-09 15:53:09,175][com.java.SeleniumDriver] [  849] - --------------------------setting values-----------------------------
[INFO ][2015-11-09 15:53:09,175][com.java.SeleniumDriver] [  852] - Action Type : MOUSEOVER
[INFO ][2015-11-09 15:53:34,086][com.java.SeleniumDriver] [  861] -  RESULT true
[INFO ][2015-11-09 15:53:34,086][com.java.SeleniumDriver] [ 1066] - ?   P A S S   ?
[INFO ][2015-11-09 15:53:34,086][com.java.SeleniumDriver] [  788] - ------------------------------------------
[INFO ][2015-11-09 15:53:34,086][com.java.SeleniumDriver] [  789] - Test case being Executed: 10
[INFO ][2015-11-09 15:53:34,086][com.java.SeleniumDriver] [  800] - Test step:9
[INFO ][2015-11-09 15:53:34,086][com.java.SeleniumDriver] [  812] - Datavalue is----------2
[INFO ][2015-11-09 15:53:34,086][com.java.SeleniumDriver] [  836] - DataField : XPH//span[contains(text(),'Show Report')]
[INFO ][2015-11-09 15:53:34,086][com.java.SeleniumDriver] [  838] - DataValue : 2
[INFO ][2015-11-09 15:53:34,086][com.java.SeleniumDriver] [  844] - <In Set values of the page>
[INFO ][2015-11-09 15:53:34,086][com.java.SeleniumDriver] [  847] - {Data Fields & Data Values Exist}
[INFO ][2015-11-09 15:53:34,086][com.java.SeleniumDriver] [  849] - --------------------------setting values-----------------------------
[INFO ][2015-11-09 15:53:34,086][com.java.SeleniumDriver] [  852] - Action Type : WAITFORELEMENT
[INFO ][2015-11-09 15:53:34,129][com.java.SeleniumDriver] [  861] -  RESULT true
[INFO ][2015-11-09 15:53:34,129][com.java.SeleniumDriver] [ 1066] - ?   P A S S   ?
[INFO ][2015-11-09 15:53:34,129][com.java.SeleniumDriver] [  788] - ------------------------------------------
[INFO ][2015-11-09 15:53:34,129][com.java.SeleniumDriver] [  789] - Test case being Executed: 10
[INFO ][2015-11-09 15:53:34,129][com.java.SeleniumDriver] [  800] - Test step:10
[INFO ][2015-11-09 15:53:34,129][com.java.SeleniumDriver] [  812] - Datavalue is----------frameDialogContent
[INFO ][2015-11-09 15:53:34,129][com.java.SeleniumDriver] [  836] - DataField : BTN
[INFO ][2015-11-09 15:53:34,129][com.java.SeleniumDriver] [  838] - DataValue : frameDialogContent
[INFO ][2015-11-09 15:53:34,129][com.java.SeleniumDriver] [  844] - <In Set values of the page>
[INFO ][2015-11-09 15:53:34,129][com.java.SeleniumDriver] [  847] - {Data Fields & Data Values Exist}
[INFO ][2015-11-09 15:53:34,129][com.java.SeleniumDriver] [  849] - --------------------------setting values-----------------------------
[INFO ][2015-11-09 15:53:34,129][com.java.SeleniumDriver] [  852] - Action Type : SELECTFRAMEBYNAME
[INFO ][2015-11-09 15:53:34,129][com.java.TestType] [ 4078] - value = frameDialogContent
[INFO ][2015-11-09 15:53:34,240][com.java.SeleniumDriver] [  861] -  RESULT true
[INFO ][2015-11-09 15:53:34,240][com.java.SeleniumDriver] [ 1066] - ?   P A S S   ?
[INFO ][2015-11-09 15:53:34,240][com.java.SeleniumDriver] [  788] - ------------------------------------------
[INFO ][2015-11-09 15:53:34,240][com.java.SeleniumDriver] [  789] - Test case being Executed: 10
[INFO ][2015-11-09 15:53:34,240][com.java.SeleniumDriver] [  800] - Test step:11
[INFO ][2015-11-09 15:53:34,240][com.java.SeleniumDriver] [  812] - Datavalue is----------2
[INFO ][2015-11-09 15:53:34,240][com.java.SeleniumDriver] [  836] - DataField : BTNcbExpandCenters
[INFO ][2015-11-09 15:53:34,240][com.java.SeleniumDriver] [  838] - DataValue : 2
[INFO ][2015-11-09 15:53:34,240][com.java.SeleniumDriver] [  844] - <In Set values of the page>
[INFO ][2015-11-09 15:53:34,240][com.java.SeleniumDriver] [  847] - {Data Fields & Data Values Exist}
[INFO ][2015-11-09 15:53:34,240][com.java.SeleniumDriver] [  849] - --------------------------setting values-----------------------------
[INFO ][2015-11-09 15:53:34,240][com.java.SeleniumDriver] [  852] - Action Type : WAITFORELEMENT
[INFO ][2015-11-09 15:53:35,348][com.java.SeleniumDriver] [  861] -  RESULT true
[INFO ][2015-11-09 15:53:35,348][com.java.SeleniumDriver] [ 1066] - ?   P A S S   ?
[INFO ][2015-11-09 15:53:35,348][com.java.SeleniumDriver] [  788] - ------------------------------------------
[INFO ][2015-11-09 15:53:35,348][com.java.SeleniumDriver] [  789] - Test case being Executed: 10
[INFO ][2015-11-09 15:53:35,348][com.java.SeleniumDriver] [  800] - Test step:12
[INFO ][2015-11-09 15:53:35,348][com.java.SeleniumDriver] [  812] - Datavalue is----------null
[DEBUG][2015-11-09 15:53:35,348][com.java.SeleniumDriver] [  830] - Exception: null
[INFO ][2015-11-09 15:53:35,348][com.java.SeleniumDriver] [  836] - DataField : BTNcbExpandCenters
[INFO ][2015-11-09 15:53:35,348][com.java.SeleniumDriver] [  838] - DataValue : 
[INFO ][2015-11-09 15:53:35,348][com.java.SeleniumDriver] [  844] - <In Set values of the page>
[INFO ][2015-11-09 15:53:35,348][com.java.SeleniumDriver] [  847] - {Data Fields & Data Values Exist}
[INFO ][2015-11-09 15:53:35,348][com.java.SeleniumDriver] [  849] - --------------------------setting values-----------------------------
[INFO ][2015-11-09 15:53:35,348][com.java.SeleniumDriver] [  852] - Action Type : CLICK
[INFO ][2015-11-09 15:53:35,348][com.java.TestType] [ 4391] - Field ::BTNcbExpandCenters
[INFO ][2015-11-09 15:53:36,352][com.java.TestType] [ 4429] - BEFORE CLICK
[INFO ][2015-11-09 15:53:37,617][com.java.TestType] [ 4436] - Unable to click the object Expand Columns checkbox
[INFO ][2015-11-09 15:53:37,617][com.java.SeleniumDriver] [  861] -  RESULT true
[INFO ][2015-11-09 15:53:37,617][com.java.SeleniumDriver] [ 1066] - ?   P A S S   ?
[INFO ][2015-11-09 15:53:37,617][com.java.SeleniumDriver] [  788] - ------------------------------------------
[INFO ][2015-11-09 15:53:37,617][com.java.SeleniumDriver] [  789] - Test case being Executed: 10
[INFO ][2015-11-09 15:53:37,617][com.java.SeleniumDriver] [  800] - Test step:13
[INFO ][2015-11-09 15:53:37,617][com.java.SeleniumDriver] [  812] - Datavalue is----------null
[DEBUG][2015-11-09 15:53:37,617][com.java.SeleniumDriver] [  830] - Exception: null
[INFO ][2015-11-09 15:53:37,617][com.java.SeleniumDriver] [  836] - DataField : BTNparent
[INFO ][2015-11-09 15:53:37,617][com.java.SeleniumDriver] [  838] - DataValue : 
[INFO ][2015-11-09 15:53:37,617][com.java.SeleniumDriver] [  844] - <In Set values of the page>
[INFO ][2015-11-09 15:53:37,617][com.java.SeleniumDriver] [  847] - {Data Fields & Data Values Exist}
[INFO ][2015-11-09 15:53:37,617][com.java.SeleniumDriver] [  849] - --------------------------setting values-----------------------------
[INFO ][2015-11-09 15:53:37,617][com.java.SeleniumDriver] [  852] - Action Type : SELECTFRAME
[INFO ][2015-11-09 15:53:37,633][com.java.SeleniumDriver] [  861] -  RESULT true
[INFO ][2015-11-09 15:53:37,633][com.java.SeleniumDriver] [ 1066] - ?   P A S S   ?
[INFO ][2015-11-09 15:53:37,633][com.java.SeleniumDriver] [  788] - ------------------------------------------
[INFO ][2015-11-09 15:53:37,633][com.java.SeleniumDriver] [  789] - Test case being Executed: 10
[INFO ][2015-11-09 15:53:37,633][com.java.SeleniumDriver] [  800] - Test step:14
[INFO ][2015-11-09 15:53:37,633][com.java.SeleniumDriver] [  812] - Datavalue is----------null
[DEBUG][2015-11-09 15:53:37,633][com.java.SeleniumDriver] [  830] - Exception: null
[INFO ][2015-11-09 15:53:37,633][com.java.SeleniumDriver] [  836] - DataField : XPH//span[contains(text(),'Show Report')]
[INFO ][2015-11-09 15:53:37,633][com.java.SeleniumDriver] [  838] - DataValue : 
[INFO ][2015-11-09 15:53:37,633][com.java.SeleniumDriver] [  844] - <In Set values of the page>
[INFO ][2015-11-09 15:53:37,633][com.java.SeleniumDriver] [  847] - {Data Fields & Data Values Exist}
[INFO ][2015-11-09 15:53:37,633][com.java.SeleniumDriver] [  849] - --------------------------setting values-----------------------------
[INFO ][2015-11-09 15:53:37,633][com.java.SeleniumDriver] [  852] - Action Type : CLICK
[INFO ][2015-11-09 15:53:37,633][com.java.TestType] [ 4391] - Field ::XPH//span[contains(text(),'Show Report')]
[INFO ][2015-11-09 15:53:38,647][com.java.TestType] [ 4450] - BEFORE CLICK
[INFO ][2015-11-09 15:53:42,159][com.java.TestType] [ 4458] - Unable to click the object Show Report button
[INFO ][2015-11-09 15:53:42,159][com.java.SeleniumDriver] [  861] -  RESULT true
[INFO ][2015-11-09 15:53:42,159][com.java.SeleniumDriver] [ 1066] - ?   P A S S   ?
[INFO ][2015-11-09 15:53:42,159][com.java.SeleniumDriver] [  788] - ------------------------------------------
[INFO ][2015-11-09 15:53:42,159][com.java.SeleniumDriver] [  789] - Test case being Executed: 10
[INFO ][2015-11-09 15:53:42,159][com.java.SeleniumDriver] [  800] - Test step:15
[INFO ][2015-11-09 15:53:42,159][com.java.SeleniumDriver] [  812] - Datavalue is----------2
[INFO ][2015-11-09 15:53:42,159][com.java.SeleniumDriver] [  836] - DataField : XPH//td[@class='ReportTitle']
[INFO ][2015-11-09 15:53:42,159][com.java.SeleniumDriver] [  838] - DataValue : 2
[INFO ][2015-11-09 15:53:42,159][com.java.SeleniumDriver] [  844] - <In Set values of the page>
[INFO ][2015-11-09 15:53:42,159][com.java.SeleniumDriver] [  847] - {Data Fields & Data Values Exist}
[INFO ][2015-11-09 15:53:42,159][com.java.SeleniumDriver] [  849] - --------------------------setting values-----------------------------
[INFO ][2015-11-09 15:53:42,159][com.java.SeleniumDriver] [  852] - Action Type : WAITFORELEMENT
[INFO ][2015-11-09 15:53:43,285][com.java.SeleniumDriver] [  861] -  RESULT true
[INFO ][2015-11-09 15:53:43,285][com.java.SeleniumDriver] [ 1066] - ?   P A S S   ?
[INFO ][2015-11-09 15:53:43,285][com.java.SeleniumDriver] [  788] - ------------------------------------------
[INFO ][2015-11-09 15:53:43,285][com.java.SeleniumDriver] [  789] - Test case being Executed: 10
[INFO ][2015-11-09 15:53:43,285][com.java.SeleniumDriver] [  800] - Test step:16
[INFO ][2015-11-09 15:53:43,285][com.java.SeleniumDriver] [  812] - Datavalue is----------dt:BSCompare
[INFO ][2015-11-09 15:53:43,285][com.java.SeleniumDriver] [  836] - DataField : XPH//td[@class='ReportTitle']
[INFO ][2015-11-09 15:53:43,285][com.java.SeleniumDriver] [  838] - DataValue : dt:BSCompare
[INFO ][2015-11-09 15:53:43,285][com.java.SeleniumDriver] [  844] - <In Set values of the page>
[INFO ][2015-11-09 15:53:43,285][com.java.SeleniumDriver] [  847] - {Data Fields & Data Values Exist}
[INFO ][2015-11-09 15:53:43,285][com.java.SeleniumDriver] [  849] - --------------------------setting values-----------------------------
[INFO ][2015-11-09 15:53:43,285][com.java.SeleniumDriver] [  852] - Action Type : VERIFY
[INFO ][2015-11-09 15:53:43,285][com.java.TestType] [ 5204] - field= XPH//td[@class='ReportTitle'] value= dt:BSCompare
[INFO ][2015-11-09 15:53:43,285][com.java.TestType] [ 4078] - value = Balance Sheet Compare
[INFO ][2015-11-09 15:53:43,427][com.java.SeleniumDriver] [  861] -  RESULT true
[INFO ][2015-11-09 15:53:43,427][com.java.SeleniumDriver] [ 1066] - ?   P A S S   ?
[INFO ][2015-11-09 15:53:43,427][com.java.SeleniumDriver] [  788] - ------------------------------------------
[INFO ][2015-11-09 15:53:43,427][com.java.SeleniumDriver] [  789] - Test case being Executed: 10
[INFO ][2015-11-09 15:53:43,427][com.java.SeleniumDriver] [  800] - Test step:17
[INFO ][2015-11-09 15:53:43,427][com.java.SeleniumDriver] [  812] - Datavalue is----------//table[@id='ReportTable2']/tbody/tr
[INFO ][2015-11-09 15:53:43,427][com.java.SeleniumDriver] [  836] - DataField : BTN
[INFO ][2015-11-09 15:53:43,427][com.java.SeleniumDriver] [  838] - DataValue : //table[@id='ReportTable2']/tbody/tr
[INFO ][2015-11-09 15:53:43,427][com.java.SeleniumDriver] [  844] - <In Set values of the page>
[INFO ][2015-11-09 15:53:43,427][com.java.SeleniumDriver] [  847] - {Data Fields & Data Values Exist}
[INFO ][2015-11-09 15:53:43,427][com.java.SeleniumDriver] [  849] - --------------------------setting values-----------------------------
[INFO ][2015-11-09 15:53:43,427][com.java.SeleniumDriver] [  852] - Action Type : VERIFY
[INFO ][2015-11-09 15:53:43,427][com.java.TestType] [ 5204] - field= BTN value= //table[@id='ReportTable2']/tbody/tr
[INFO ][2015-11-09 15:53:43,427][com.java.TestType] [ 4078] - value = //table[@id='ReportTable2']/tbody/tr
[INFO ][2015-11-09 15:53:43,458][com.java.SeleniumDriver] [  861] -  RESULT true
[INFO ][2015-11-09 15:53:43,458][com.java.SeleniumDriver] [ 1066] - ?   P A S S   ?
[INFO ][2015-11-09 15:53:43,458][com.java.SeleniumDriver] [  788] - ------------------------------------------
[INFO ][2015-11-09 15:53:43,458][com.java.SeleniumDriver] [  789] - Test case being Executed: 10
[INFO ][2015-11-09 15:53:43,458][com.java.SeleniumDriver] [  800] - Test step:18
[INFO ][2015-11-09 15:53:43,458][com.java.SeleniumDriver] [  812] - Datavalue is----------null
[DEBUG][2015-11-09 15:53:43,458][com.java.SeleniumDriver] [  830] - Exception: null
[INFO ][2015-11-09 15:53:43,458][com.java.SeleniumDriver] [  836] - DataField : BTNdImage2-0
[INFO ][2015-11-09 15:53:43,458][com.java.SeleniumDriver] [  838] - DataValue : 
[INFO ][2015-11-09 15:53:43,458][com.java.SeleniumDriver] [  844] - <In Set values of the page>
[INFO ][2015-11-09 15:53:43,458][com.java.SeleniumDriver] [  847] - {Data Fields & Data Values Exist}
[INFO ][2015-11-09 15:53:43,458][com.java.SeleniumDriver] [  849] - --------------------------setting values-----------------------------
[INFO ][2015-11-09 15:53:43,458][com.java.SeleniumDriver] [  852] - Action Type : CLICK
[INFO ][2015-11-09 15:53:43,458][com.java.TestType] [ 4391] - Field ::BTNdImage2-0
[INFO ][2015-11-09 15:53:44,472][com.java.TestType] [ 4429] - BEFORE CLICK
[ERROR][2015-11-09 15:53:54,544][com.java.TestType] [ 4624] - Exception in click:: null
[INFO ][2015-11-09 15:53:54,544][com.java.TestType] [ 4628] - Element ::dImage2-0:: not found
[INFO ][2015-11-09 15:53:54,544][com.java.SeleniumDriver] [  861] -  RESULT false
[INFO ][2015-11-09 15:53:54,544][com.java.SeleniumDriver] [  908] - ?   F A I L   ?
[INFO ][2015-11-09 15:53:54,544][com.java.SeleniumDriver] [  916] - Browser Type : IE11
[INFO ][2015-11-09 15:53:54,544][com.java.SeleniumDriver] [  917] - Adding Failed case10
[WARN ][2015-11-09 15:53:54,560][com.java.SeleniumDriver] [  976] - Source 'D:\BankersDashboard\TestReports\110915' exists but is a directory
[INFO ][2015-11-09 15:53:54,560][com.java.SeleniumDriver] [ 1030] - failedCases = 10
[ERROR][2015-11-09 15:53:54,560][com.java.SeleniumDriver] [ 1516] - Platform Errors : Our apologies...::We have encountered an issue with your request.::Our apologies?:We encountered an issue with your request.
[INFO ][2015-11-09 15:53:54,560][com.java.SeleniumDriver] [ 1520] - Length =3
[ERROR][2015-11-09 15:53:54,560][com.java.SeleniumDriver] [ 1523] - Error 0 = Our apologies...
[DEBUG][2015-11-09 15:53:54,591][com.java.SeleniumDriver] [ 1536] - Unable to get the Platform Error list from Hash Map.
[ERROR][2015-11-09 15:53:54,607][com.java.SeleniumDriver] [  270] - Browser crashed. Opening new browser with same capabilities
[ERROR][2015-11-09 15:53:54,607][com.java.SeleniumDriver] [  271] - Error:
org.openqa.selenium.NoSuchWindowException: Unable to get browser (WARNING: The server did not provide any stacktrace information)
Command duration or timeout: 16 milliseconds
Build info: version: '2.48.2', revision: '41bccdd', time: '2015-10-09 19:59:12'
System info: host: 'FVTIII438F1D', ip: '172.17.68.34', os.name: 'Windows 7', os.arch: 'x86', os.version: '6.1', java.version: '1.7.0_55'
Session ID: ffe33a43-a96a-472c-929d-ee80a619d99b
Driver info: org.openqa.selenium.ie.InternetExplorerDriver
Capabilities [{platform=WINDOWS, javascriptEnabled=true, elementScrollBehavior=0, ignoreZoomSetting=false, enablePersistentHover=true, ie.ensureCleanSession=false, browserName=internet explorer, enableElementCacheCleanup=true, unexpectedAlertBehaviour=dismiss, version=11, ie.usePerProcessProxy=false, ignoreProtectedModeSettings=true, cssSelectorsEnabled=true, requireWindowFocus=false, initialBrowserUrl=http://localhost:37144/, handlesAlerts=true, ie.forceCreateProcessApi=false, nativeEvents=true, browserAttachTimeout=0, ie.browserCommandLineSwitches=, takesScreenshot=true}]
	at sun.reflect.NativeConstructorAccessorImpl.newInstance0(Native Method)
	at sun.reflect.NativeConstructorAccessorImpl.newInstance(NativeConstructorAccessorImpl.java:57)
	at sun.reflect.DelegatingConstructorAccessorImpl.newInstance(DelegatingConstructorAccessorImpl.java:45)
	at java.lang.reflect.Constructor.newInstance(Constructor.java:526)
	at org.openqa.selenium.remote.ErrorHandler.createThrowable(ErrorHandler.java:206)
	at org.openqa.selenium.remote.ErrorHandler.throwIfResponseFailed(ErrorHandler.java:158)
	at org.openqa.selenium.remote.RemoteWebDriver.execute(RemoteWebDriver.java:647)
	at org.openqa.selenium.remote.RemoteWebDriver.execute(RemoteWebDriver.java:670)
	at org.openqa.selenium.remote.RemoteWebDriver.getTitle(RemoteWebDriver.java:315)
	at com.java.SeleniumDriver.testInitiation(SeleniumDriver.java:1124)
	at com.java.SeleniumDriver.setup(SeleniumDriver.java:255)
	at com.java.ExecuteThread.run(CreateClient.java:688)
	at java.lang.Thread.run(Thread.java:745)
[DEBUG][2015-11-09 15:53:55,855][com.java.SeleniumDriver] [  425] - Hub ip address is-------172.17.68.34
[INFO ][2015-11-09 15:53:55,855][com.java.SeleniumDriver] [  451] - Grid URL:http://172.17.68.34:4444/wd/hub
[INFO ][2015-11-09 15:53:55,855][com.java.SeleniumDriver] [  452] - Capability:Capabilities [{platform=ANY, ensureCleanSession=true, ignoreProtectedModeSettings=true, acceptSslCerts=true, ignoreZoomSetting=true, browserName=internet explorer, browserstack.ie.noFlash=true, version=Node1}]
[ERROR][2015-11-09 15:53:56,886][com.java.SeleniumDriver] [  496] - Unable invoke browser in grid:Could not start a new session. Possible causes are invalid address of the remote server or browser start-up failure.
Build info: version: '2.48.2', revision: '41bccdd', time: '2015-10-09 19:59:12'
System info: host: 'FVTIII438F1D', ip: '172.17.68.34', os.name: 'Windows 7', os.arch: 'x86', os.version: '6.1', java.version: '1.7.0_55'
Driver info: driver.version: SeleniumDriver
[INFO ][2015-11-09 15:53:56,886][com.java.SeleniumDriver] [  498] - Executing on local machine
