[INFO ][2015-11-13 12:30:06,397][com.java.SeleniumDriver] [  213] - Execute Failed Casesfalse
[INFO ][2015-11-13 12:30:06,397][com.java.SeleniumDriver] [  214] - Browser: IE11
[INFO ][2015-11-13 12:30:06,397][com.java.SeleniumDriver] [  215] - [1, 5]
[INFO ][2015-11-13 12:30:06,397][com.java.SeleniumDriver] [  216] - Total TestCases:2
[INFO ][2015-11-13 12:30:06,397][com.java.SeleniumDriver] [  217] -  Reading Properties from Property File 
[DEBUG][2015-11-13 12:30:06,398][com.java.SeleniumDriver] [  238] - url : https://clients-xuat.bankersdashboard.com
[INFO ][2015-11-13 12:30:06,399][com.java.ImportnExport.ExportTestResultsExcel] [  116] - Time Stamp Fri Nov 13 12:30:06 IST 2015
[INFO ][2015-11-13 12:30:06,399][com.java.ImportnExport.ExportTestResultsExcel] [  175] - OUT FILE : D:\BankersDashboard/TestReports/Test Results_BankersDashBoard_111315_123006_IE11_Any Bank USA.xls
[INFO ][2015-11-13 12:30:06,426][com.java.ImportnExport.ExportTestResultsExcel] [  180] - Test Result file is created
[DEBUG][2015-11-13 12:30:06,522][com.java.SeleniumDriver] [  425] - Hub ip address is-------172.17.68.34
[INFO ][2015-11-13 12:30:06,523][com.java.SeleniumDriver] [  451] - Grid URL:http://172.17.68.34:4444/wd/hub
[INFO ][2015-11-13 12:30:06,523][com.java.SeleniumDriver] [  452] - Capability:Capabilities [{platform=ANY, ensureCleanSession=true, ignoreProtectedModeSettings=true, acceptSslCerts=true, ignoreZoomSetting=true, browserName=internet explorer, browserstack.ie.noFlash=true, version=Node1}]
[ERROR][2015-11-13 12:30:07,817][com.java.SeleniumDriver] [  496] - Unable invoke browser in grid:Could not start a new session. Possible causes are invalid address of the remote server or browser start-up failure.
Build info: version: '2.48.2', revision: '41bccdd', time: '2015-10-09 19:59:12'
System info: host: 'FVTIII438F1D', ip: '172.17.68.34', os.name: 'Windows 7', os.arch: 'x86', os.version: '6.1', java.version: '1.7.0_55'
Driver info: driver.version: SeleniumDriver
[INFO ][2015-11-13 12:30:07,817][com.java.SeleniumDriver] [  498] - Executing on local machine
[INFO ][2015-11-13 12:30:17,565][com.java.SeleniumDriver] [  248] - IE11is opened
[INFO ][2015-11-13 12:30:18,205][com.java.SeleniumDriver] [  753] - Test cases to be executed are: [1, 5]
[INFO ][2015-11-13 12:30:18,223][com.java.ImportnExport.ImportTestDataDetailsExcel] [   49] - test data details path===== D:\BankersDashboard\TestInputs\TestData.xls
[INFO ][2015-11-13 12:30:18,267][com.java.SeleniumDriver] [  796] - ------------------------------------------
[INFO ][2015-11-13 12:30:18,268][com.java.SeleniumDriver] [  797] - Test case being Executed: 1
[INFO ][2015-11-13 12:30:18,268][com.java.SeleniumDriver] [  808] - Test step:1
[INFO ][2015-11-13 12:30:18,268][com.java.SeleniumDriver] [  820] - Datavalue is----------Concept#1:1-14
[INFO ][2015-11-13 12:30:18,268][com.java.SeleniumDriver] [  844] - DataField : test
[INFO ][2015-11-13 12:30:18,268][com.java.SeleniumDriver] [  846] - DataValue : Concept#1:1-14
[INFO ][2015-11-13 12:30:18,268][com.java.SeleniumDriver] [  852] - <In Set values of the page>
[INFO ][2015-11-13 12:30:18,268][com.java.SeleniumDriver] [  855] - {Data Fields & Data Values Exist}
[INFO ][2015-11-13 12:30:18,268][com.java.SeleniumDriver] [  857] - --------------------------setting values-----------------------------
[INFO ][2015-11-13 12:30:18,268][com.java.SeleniumDriver] [  860] - Action Type : ExecuteTestCase
[INFO ][2015-11-13 12:30:18,288][com.java.TestType] [  423] - The Concept sheet name is ---------- Concept
[INFO ][2015-11-13 12:30:18,288][com.java.TestType] [  426] - The Concept ID  is ---------- 1
[DEBUG][2015-11-13 12:30:18,288][com.java.TestType] [  430] - Steps being executted in the Concept are: 1:14
[INFO ][2015-11-13 12:30:18,288][com.java.TestType] [  437] - Test data details path ---------- D:\BankersDashboard\TestInputs\TestData.xls
[INFO ][2015-11-13 12:30:18,323][com.java.TestType] [  468] -  str(1) = 1
[INFO ][2015-11-13 12:30:18,323][com.java.TestType] [  471] - Test case Id is---1
[INFO ][2015-11-13 12:30:18,323][com.java.TestType] [  473] - 1
[INFO ][2015-11-13 12:30:18,323][com.java.TestType] [  468] -  str(2) = 1
[INFO ][2015-11-13 12:30:18,327][com.java.TestType] [  520] - row values are--------{1=com.java.Objects.TestDataDetails@1b6d37d}
[INFO ][2015-11-13 12:30:18,327][com.java.TestType] [  468] -  str(1) = 1
[INFO ][2015-11-13 12:30:18,327][com.java.TestType] [  471] - Test case Id is---1
[INFO ][2015-11-13 12:30:18,327][com.java.TestType] [  473] - 1
[INFO ][2015-11-13 12:30:18,328][com.java.TestType] [  468] -  str(2) = 2
[INFO ][2015-11-13 12:30:18,329][com.java.TestType] [  520] - row values are--------{1=com.java.Objects.TestDataDetails@1b6d37d, 2=com.java.Objects.TestDataDetails@1ed25db}
[INFO ][2015-11-13 12:30:18,329][com.java.TestType] [  468] -  str(1) = 1
[INFO ][2015-11-13 12:30:18,329][com.java.TestType] [  471] - Test case Id is---1
[INFO ][2015-11-13 12:30:18,329][com.java.TestType] [  473] - 1
[INFO ][2015-11-13 12:30:18,329][com.java.TestType] [  468] -  str(2) = 3
[INFO ][2015-11-13 12:30:18,331][com.java.TestType] [  520] - row values are--------{1=com.java.Objects.TestDataDetails@1b6d37d, 2=com.java.Objects.TestDataDetails@1ed25db, 3=com.java.Objects.TestDataDetails@36afba}
[INFO ][2015-11-13 12:30:18,331][com.java.TestType] [  468] -  str(1) = 1
[INFO ][2015-11-13 12:30:18,331][com.java.TestType] [  471] - Test case Id is---1
[INFO ][2015-11-13 12:30:18,331][com.java.TestType] [  473] - 1
[INFO ][2015-11-13 12:30:18,331][com.java.TestType] [  468] -  str(2) = 4
[INFO ][2015-11-13 12:30:18,332][com.java.TestType] [  520] - row values are--------{1=com.java.Objects.TestDataDetails@1b6d37d, 2=com.java.Objects.TestDataDetails@1ed25db, 3=com.java.Objects.TestDataDetails@36afba, 4=com.java.Objects.TestDataDetails@196653}
[INFO ][2015-11-13 12:30:18,332][com.java.TestType] [  468] -  str(1) = 1
[INFO ][2015-11-13 12:30:18,333][com.java.TestType] [  471] - Test case Id is---1
[INFO ][2015-11-13 12:30:18,333][com.java.TestType] [  473] - 1
[INFO ][2015-11-13 12:30:18,333][com.java.TestType] [  468] -  str(2) = 5
[INFO ][2015-11-13 12:30:18,334][com.java.TestType] [  520] - row values are--------{1=com.java.Objects.TestDataDetails@1b6d37d, 2=com.java.Objects.TestDataDetails@1ed25db, 3=com.java.Objects.TestDataDetails@36afba, 4=com.java.Objects.TestDataDetails@196653, 5=com.java.Objects.TestDataDetails@12d8526}
[INFO ][2015-11-13 12:30:18,334][com.java.TestType] [  468] -  str(1) = 1
[INFO ][2015-11-13 12:30:18,334][com.java.TestType] [  471] - Test case Id is---1
[INFO ][2015-11-13 12:30:18,334][com.java.TestType] [  473] - 1
[INFO ][2015-11-13 12:30:18,334][com.java.TestType] [  468] -  str(2) = 6
[INFO ][2015-11-13 12:30:18,335][com.java.TestType] [  520] - row values are--------{1=com.java.Objects.TestDataDetails@1b6d37d, 2=com.java.Objects.TestDataDetails@1ed25db, 3=com.java.Objects.TestDataDetails@36afba, 4=com.java.Objects.TestDataDetails@196653, 5=com.java.Objects.TestDataDetails@12d8526, 6=com.java.Objects.TestDataDetails@ccb1e}
[INFO ][2015-11-13 12:30:18,337][com.java.TestType] [  468] -  str(1) = 1
[INFO ][2015-11-13 12:30:18,337][com.java.TestType] [  471] - Test case Id is---1
[INFO ][2015-11-13 12:30:18,337][com.java.TestType] [  473] - 1
[INFO ][2015-11-13 12:30:18,337][com.java.TestType] [  468] -  str(2) = 7
[INFO ][2015-11-13 12:30:18,338][com.java.TestType] [  520] - row values are--------{1=com.java.Objects.TestDataDetails@1b6d37d, 2=com.java.Objects.TestDataDetails@1ed25db, 3=com.java.Objects.TestDataDetails@36afba, 4=com.java.Objects.TestDataDetails@196653, 5=com.java.Objects.TestDataDetails@12d8526, 6=com.java.Objects.TestDataDetails@ccb1e, 7=com.java.Objects.TestDataDetails@2daa2c}
[INFO ][2015-11-13 12:30:18,338][com.java.TestType] [  468] -  str(1) = 1
[INFO ][2015-11-13 12:30:18,338][com.java.TestType] [  471] - Test case Id is---1
[INFO ][2015-11-13 12:30:18,338][com.java.TestType] [  473] - 1
[INFO ][2015-11-13 12:30:18,339][com.java.TestType] [  468] -  str(2) = 8
[INFO ][2015-11-13 12:30:18,339][com.java.TestType] [  520] - row values are--------{1=com.java.Objects.TestDataDetails@1b6d37d, 2=com.java.Objects.TestDataDetails@1ed25db, 3=com.java.Objects.TestDataDetails@36afba, 4=com.java.Objects.TestDataDetails@196653, 5=com.java.Objects.TestDataDetails@12d8526, 6=com.java.Objects.TestDataDetails@ccb1e, 7=com.java.Objects.TestDataDetails@2daa2c, 8=com.java.Objects.TestDataDetails@1294564}
[INFO ][2015-11-13 12:30:18,339][com.java.TestType] [  468] -  str(1) = 1
[INFO ][2015-11-13 12:30:18,340][com.java.TestType] [  471] - Test case Id is---1
[INFO ][2015-11-13 12:30:18,340][com.java.TestType] [  473] - 1
[INFO ][2015-11-13 12:30:18,340][com.java.TestType] [  468] -  str(2) = 9
[INFO ][2015-11-13 12:30:18,340][com.java.TestType] [  520] - row values are--------{1=com.java.Objects.TestDataDetails@1b6d37d, 2=com.java.Objects.TestDataDetails@1ed25db, 3=com.java.Objects.TestDataDetails@36afba, 4=com.java.Objects.TestDataDetails@196653, 5=com.java.Objects.TestDataDetails@12d8526, 6=com.java.Objects.TestDataDetails@ccb1e, 7=com.java.Objects.TestDataDetails@2daa2c, 8=com.java.Objects.TestDataDetails@1294564, 9=com.java.Objects.TestDataDetails@c31037}
[INFO ][2015-11-13 12:30:18,341][com.java.TestType] [  468] -  str(1) = 1
[INFO ][2015-11-13 12:30:18,341][com.java.TestType] [  471] - Test case Id is---1
[INFO ][2015-11-13 12:30:18,341][com.java.TestType] [  473] - 1
[INFO ][2015-11-13 12:30:18,341][com.java.TestType] [  468] -  str(2) = 10
[INFO ][2015-11-13 12:30:18,342][com.java.TestType] [  520] - row values are--------{1=com.java.Objects.TestDataDetails@1b6d37d, 2=com.java.Objects.TestDataDetails@1ed25db, 3=com.java.Objects.TestDataDetails@36afba, 4=com.java.Objects.TestDataDetails@196653, 5=com.java.Objects.TestDataDetails@12d8526, 6=com.java.Objects.TestDataDetails@ccb1e, 7=com.java.Objects.TestDataDetails@2daa2c, 8=com.java.Objects.TestDataDetails@1294564, 9=com.java.Objects.TestDataDetails@c31037, 10=com.java.Objects.TestDataDetails@ad5b0c}
[INFO ][2015-11-13 12:30:18,343][com.java.TestType] [  468] -  str(1) = 1
[INFO ][2015-11-13 12:30:18,343][com.java.TestType] [  471] - Test case Id is---1
[INFO ][2015-11-13 12:30:18,343][com.java.TestType] [  473] - 1
[INFO ][2015-11-13 12:30:18,343][com.java.TestType] [  468] -  str(2) = 11
[INFO ][2015-11-13 12:30:18,344][com.java.TestType] [  520] - row values are--------{1=com.java.Objects.TestDataDetails@1b6d37d, 2=com.java.Objects.TestDataDetails@1ed25db, 3=com.java.Objects.TestDataDetails@36afba, 4=com.java.Objects.TestDataDetails@196653, 5=com.java.Objects.TestDataDetails@12d8526, 6=com.java.Objects.TestDataDetails@ccb1e, 7=com.java.Objects.TestDataDetails@2daa2c, 8=com.java.Objects.TestDataDetails@1294564, 9=com.java.Objects.TestDataDetails@c31037, 10=com.java.Objects.TestDataDetails@ad5b0c, 11=com.java.Objects.TestDataDetails@177c533}
[INFO ][2015-11-13 12:30:18,344][com.java.TestType] [  468] -  str(1) = 1
[INFO ][2015-11-13 12:30:18,344][com.java.TestType] [  471] - Test case Id is---1
[INFO ][2015-11-13 12:30:18,344][com.java.TestType] [  473] - 1
[INFO ][2015-11-13 12:30:18,344][com.java.TestType] [  468] -  str(2) = 12
[INFO ][2015-11-13 12:30:18,345][com.java.TestType] [  520] - row values are--------{1=com.java.Objects.TestDataDetails@1b6d37d, 2=com.java.Objects.TestDataDetails@1ed25db, 3=com.java.Objects.TestDataDetails@36afba, 4=com.java.Objects.TestDataDetails@196653, 5=com.java.Objects.TestDataDetails@12d8526, 6=com.java.Objects.TestDataDetails@ccb1e, 7=com.java.Objects.TestDataDetails@2daa2c, 8=com.java.Objects.TestDataDetails@1294564, 9=com.java.Objects.TestDataDetails@c31037, 10=com.java.Objects.TestDataDetails@ad5b0c, 11=com.java.Objects.TestDataDetails@177c533, 12=com.java.Objects.TestDataDetails@f4bbde}
[INFO ][2015-11-13 12:30:18,345][com.java.TestType] [  468] -  str(1) = 1
[INFO ][2015-11-13 12:30:18,345][com.java.TestType] [  471] - Test case Id is---1
[INFO ][2015-11-13 12:30:18,347][com.java.TestType] [  473] - 1
[INFO ][2015-11-13 12:30:18,347][com.java.TestType] [  468] -  str(2) = 13
[INFO ][2015-11-13 12:30:18,348][com.java.TestType] [  520] - row values are--------{1=com.java.Objects.TestDataDetails@1b6d37d, 2=com.java.Objects.TestDataDetails@1ed25db, 3=com.java.Objects.TestDataDetails@36afba, 4=com.java.Objects.TestDataDetails@196653, 5=com.java.Objects.TestDataDetails@12d8526, 6=com.java.Objects.TestDataDetails@ccb1e, 7=com.java.Objects.TestDataDetails@2daa2c, 8=com.java.Objects.TestDataDetails@1294564, 9=com.java.Objects.TestDataDetails@c31037, 10=com.java.Objects.TestDataDetails@ad5b0c, 11=com.java.Objects.TestDataDetails@177c533, 12=com.java.Objects.TestDataDetails@f4bbde, 13=com.java.Objects.TestDataDetails@111c509}
[INFO ][2015-11-13 12:30:18,348][com.java.TestType] [  468] -  str(1) = 1
[INFO ][2015-11-13 12:30:18,348][com.java.TestType] [  471] - Test case Id is---1
[INFO ][2015-11-13 12:30:18,348][com.java.TestType] [  473] - 1
[INFO ][2015-11-13 12:30:18,348][com.java.TestType] [  468] -  str(2) = 14
[INFO ][2015-11-13 12:30:18,349][com.java.TestType] [  520] - row values are--------{1=com.java.Objects.TestDataDetails@1b6d37d, 2=com.java.Objects.TestDataDetails@1ed25db, 3=com.java.Objects.TestDataDetails@36afba, 4=com.java.Objects.TestDataDetails@196653, 5=com.java.Objects.TestDataDetails@12d8526, 6=com.java.Objects.TestDataDetails@ccb1e, 7=com.java.Objects.TestDataDetails@2daa2c, 8=com.java.Objects.TestDataDetails@1294564, 9=com.java.Objects.TestDataDetails@c31037, 10=com.java.Objects.TestDataDetails@ad5b0c, 11=com.java.Objects.TestDataDetails@177c533, 12=com.java.Objects.TestDataDetails@f4bbde, 13=com.java.Objects.TestDataDetails@111c509, 14=com.java.Objects.TestDataDetails@192ca4c}
[INFO ][2015-11-13 12:30:18,349][com.java.TestType] [ 8564] - Looping 1TCID = 1
[DEBUG][2015-11-13 12:30:18,349][com.java.TestType] [ 8605] - Concept ID:1 :: Step being Executed: 1::1
[INFO ][2015-11-13 12:30:18,349][com.java.TestType] [ 8643] - dataFields : TXTusername
[DEBUG][2015-11-13 12:30:18,349][com.java.TestType] [ 8649] - <In Set values of the page>
[DEBUG][2015-11-13 12:30:18,349][com.java.TestType] [ 8654] - {Data Fields & Data Values Exist}
[INFO ][2015-11-13 12:30:18,349][com.java.TestType] [ 8660] - --------------------------setting values-----------------------------
[INFO ][2015-11-13 12:30:18,349][com.java.TestType] [ 8663] - Action Type : CLEARANDENTER
[INFO ][2015-11-13 12:30:18,350][com.java.TestType] [ 4318] - value = naresh.nayini.00000
[INFO ][2015-11-13 12:30:23,196][com.java.TestType] [ 8682] -  RESULT true
[INFO ][2015-11-13 12:30:23,196][com.java.TestType] [ 8799] - ?   P A S S   ?
[DEBUG][2015-11-13 12:30:23,196][com.java.TestType] [ 8605] - Concept ID:1 :: Step being Executed: 1::2
[INFO ][2015-11-13 12:30:23,196][com.java.TestType] [ 8643] - dataFields : TXTpassword
[DEBUG][2015-11-13 12:30:23,197][com.java.TestType] [ 8649] - <In Set values of the page>
[DEBUG][2015-11-13 12:30:23,197][com.java.TestType] [ 8654] - {Data Fields & Data Values Exist}
[INFO ][2015-11-13 12:30:23,197][com.java.TestType] [ 8660] - --------------------------setting values-----------------------------
[INFO ][2015-11-13 12:30:23,197][com.java.TestType] [ 8663] - Action Type : CLEARANDENTER
[INFO ][2015-11-13 12:30:23,197][com.java.TestType] [ 4318] - value = Password1*
[INFO ][2015-11-13 12:30:28,110][com.java.TestType] [ 8682] -  RESULT true
[INFO ][2015-11-13 12:30:28,110][com.java.TestType] [ 8799] - ?   P A S S   ?
[DEBUG][2015-11-13 12:30:28,110][com.java.TestType] [ 8605] - Concept ID:1 :: Step being Executed: 1::3
[ERROR][2015-11-13 12:30:28,110][com.java.TestType] [ 8638] - Exception: null
[INFO ][2015-11-13 12:30:28,110][com.java.TestType] [ 8643] - dataFields : XPH//button[@type='submit']
[DEBUG][2015-11-13 12:30:28,110][com.java.TestType] [ 8649] - <In Set values of the page>
[DEBUG][2015-11-13 12:30:28,111][com.java.TestType] [ 8654] - {Data Fields & Data Values Exist}
[INFO ][2015-11-13 12:30:28,111][com.java.TestType] [ 8660] - --------------------------setting values-----------------------------
[INFO ][2015-11-13 12:30:28,111][com.java.TestType] [ 8663] - Action Type : Click
[INFO ][2015-11-13 12:30:28,111][com.java.TestType] [ 4631] - Field ::XPH//button[@type='submit']
[INFO ][2015-11-13 12:30:29,112][com.java.TestType] [ 4690] - BEFORE CLICK
[INFO ][2015-11-13 12:30:29,971][com.java.TestType] [ 4698] - Unable to click the object Login
[INFO ][2015-11-13 12:30:29,971][com.java.TestType] [ 8682] -  RESULT true
[INFO ][2015-11-13 12:30:29,971][com.java.TestType] [ 8799] - ?   P A S S   ?
[DEBUG][2015-11-13 12:30:29,971][com.java.TestType] [ 8605] - Concept ID:1 :: Step being Executed: 1::4
[INFO ][2015-11-13 12:30:29,971][com.java.TestType] [ 8643] - dataFields : LNKLogout
[DEBUG][2015-11-13 12:30:29,971][com.java.TestType] [ 8649] - <In Set values of the page>
[DEBUG][2015-11-13 12:30:29,971][com.java.TestType] [ 8654] - {Data Fields & Data Values Exist}
[INFO ][2015-11-13 12:30:29,971][com.java.TestType] [ 8660] - --------------------------setting values-----------------------------
[INFO ][2015-11-13 12:30:29,971][com.java.TestType] [ 8663] - Action Type : WaitForElement
[INFO ][2015-11-13 12:30:39,095][com.java.TestType] [ 8682] -  RESULT true
[INFO ][2015-11-13 12:30:39,095][com.java.TestType] [ 8799] - ?   P A S S   ?
[DEBUG][2015-11-13 12:30:39,095][com.java.TestType] [ 8605] - Concept ID:1 :: Step being Executed: 1::13
[INFO ][2015-11-13 12:30:39,095][com.java.TestType] [ 8643] - dataFields : LNK
[DEBUG][2015-11-13 12:30:39,095][com.java.TestType] [ 8649] - <In Set values of the page>
[DEBUG][2015-11-13 12:30:39,095][com.java.TestType] [ 8654] - {Data Fields & Data Values Exist}
[INFO ][2015-11-13 12:30:39,095][com.java.TestType] [ 8660] - --------------------------setting values-----------------------------
[INFO ][2015-11-13 12:30:39,095][com.java.TestType] [ 8663] - Action Type : Verify
[INFO ][2015-11-13 12:30:39,095][com.java.TestType] [ 5425] - field= LNK value= Logout
[INFO ][2015-11-13 12:30:39,095][com.java.TestType] [ 4318] - value = Logout
[INFO ][2015-11-13 12:30:39,126][com.java.TestType] [ 8682] -  RESULT true
[INFO ][2015-11-13 12:30:39,126][com.java.TestType] [ 8799] - ?   P A S S   ?
[DEBUG][2015-11-13 12:30:39,126][com.java.TestType] [ 8605] - Concept ID:1 :: Step being Executed: 1::14
[INFO ][2015-11-13 12:30:39,126][com.java.TestType] [ 8643] - dataFields : BTN
[DEBUG][2015-11-13 12:30:39,126][com.java.TestType] [ 8649] - <In Set values of the page>
[DEBUG][2015-11-13 12:30:39,126][com.java.TestType] [ 8654] - {Data Fields & Data Values Exist}
[INFO ][2015-11-13 12:30:39,126][com.java.TestType] [ 8660] - --------------------------setting values-----------------------------
[INFO ][2015-11-13 12:30:39,126][com.java.TestType] [ 8663] - Action Type : Verify
[INFO ][2015-11-13 12:30:39,126][com.java.TestType] [ 5425] - field= BTN value= //img[contains(@src,'bdlogo.jpg')]
[INFO ][2015-11-13 12:30:39,126][com.java.TestType] [ 4318] - value = //img[contains(@src,'bdlogo.jpg')]
[INFO ][2015-11-13 12:30:39,156][com.java.TestType] [ 8682] -  RESULT true
[INFO ][2015-11-13 12:30:39,156][com.java.TestType] [ 8799] - ?   P A S S   ?
[INFO ][2015-11-13 12:30:39,156][com.java.TestType] [ 8870] - Looping End......
[INFO ][2015-11-13 12:30:39,156][com.java.SeleniumDriver] [  869] -  RESULT true
[INFO ][2015-11-13 12:30:39,156][com.java.SeleniumDriver] [ 1074] - ?   P A S S   ?
[INFO ][2015-11-13 12:30:39,156][com.java.SeleniumDriver] [  796] - ------------------------------------------
[INFO ][2015-11-13 12:30:39,156][com.java.SeleniumDriver] [  797] - Test case being Executed: 1
[INFO ][2015-11-13 12:30:39,156][com.java.SeleniumDriver] [  808] - Test step:2
[INFO ][2015-11-13 12:30:39,156][com.java.SeleniumDriver] [  820] - Datavalue is----------Concept#2:1-2
[INFO ][2015-11-13 12:30:39,156][com.java.SeleniumDriver] [  844] - DataField : test
[INFO ][2015-11-13 12:30:39,156][com.java.SeleniumDriver] [  846] - DataValue : Concept#2:1-2
[INFO ][2015-11-13 12:30:39,156][com.java.SeleniumDriver] [  852] - <In Set values of the page>
[INFO ][2015-11-13 12:30:39,156][com.java.SeleniumDriver] [  855] - {Data Fields & Data Values Exist}
[INFO ][2015-11-13 12:30:39,156][com.java.SeleniumDriver] [  857] - --------------------------setting values-----------------------------
[INFO ][2015-11-13 12:30:39,156][com.java.SeleniumDriver] [  860] - Action Type : ExecuteTestCase
[INFO ][2015-11-13 12:30:39,156][com.java.TestType] [  423] - The Concept sheet name is ---------- Concept
[INFO ][2015-11-13 12:30:39,156][com.java.TestType] [  426] - The Concept ID  is ---------- 2
[DEBUG][2015-11-13 12:30:39,156][com.java.TestType] [  430] - Steps being executted in the Concept are: 1:2
[INFO ][2015-11-13 12:30:39,156][com.java.TestType] [  437] - Test data details path ---------- D:\BankersDashboard\TestInputs\TestData.xls
[INFO ][2015-11-13 12:30:39,186][com.java.TestType] [  468] -  str(1) = 2
[INFO ][2015-11-13 12:30:39,186][com.java.TestType] [  471] - Test case Id is---2
[INFO ][2015-11-13 12:30:39,186][com.java.TestType] [  473] - 2
[INFO ][2015-11-13 12:30:39,186][com.java.TestType] [  468] -  str(2) = 1
[INFO ][2015-11-13 12:30:39,186][com.java.TestType] [  520] - row values are--------{1=com.java.Objects.TestDataDetails@b64100}
[INFO ][2015-11-13 12:30:39,186][com.java.TestType] [  468] -  str(1) = 2
[INFO ][2015-11-13 12:30:39,186][com.java.TestType] [  471] - Test case Id is---2
[INFO ][2015-11-13 12:30:39,186][com.java.TestType] [  473] - 2
[INFO ][2015-11-13 12:30:39,186][com.java.TestType] [  468] -  str(2) = 2
[INFO ][2015-11-13 12:30:39,186][com.java.TestType] [  520] - row values are--------{1=com.java.Objects.TestDataDetails@b64100, 2=com.java.Objects.TestDataDetails@1658b53}
[INFO ][2015-11-13 12:30:39,186][com.java.TestType] [  468] -  str(1) = 2
[INFO ][2015-11-13 12:30:39,186][com.java.TestType] [  471] - Test case Id is---2
[INFO ][2015-11-13 12:30:39,186][com.java.TestType] [  473] - 2
[INFO ][2015-11-13 12:30:39,186][com.java.TestType] [  468] -  str(2) = 3
[INFO ][2015-11-13 12:30:39,186][com.java.TestType] [  520] - row values are--------{1=com.java.Objects.TestDataDetails@b64100, 2=com.java.Objects.TestDataDetails@1658b53, 3=com.java.Objects.TestDataDetails@6dc6f3}
[INFO ][2015-11-13 12:30:39,186][com.java.TestType] [ 8564] - Looping 1TCID = 2
[DEBUG][2015-11-13 12:30:39,186][com.java.TestType] [ 8605] - Concept ID:2 :: Step being Executed: 2::1
[INFO ][2015-11-13 12:30:39,186][com.java.TestType] [ 8643] - dataFields : BNK//select[@id='bank']
[DEBUG][2015-11-13 12:30:39,186][com.java.TestType] [ 8649] - <In Set values of the page>
[DEBUG][2015-11-13 12:30:39,186][com.java.TestType] [ 8654] - {Data Fields & Data Values Exist}
[INFO ][2015-11-13 12:30:39,186][com.java.TestType] [ 8660] - --------------------------setting values-----------------------------
[INFO ][2015-11-13 12:30:39,186][com.java.TestType] [ 8663] - Action Type : Select
[INFO ][2015-11-13 12:30:39,196][com.java.TestType] [ 4318] - value = PFC
[INFO ][2015-11-13 12:30:39,376][com.java.TestType] [ 8682] -  RESULT true
[INFO ][2015-11-13 12:30:39,376][com.java.TestType] [ 8799] - ?   P A S S   ?
[DEBUG][2015-11-13 12:30:39,376][com.java.TestType] [ 8605] - Concept ID:2 :: Step being Executed: 2::2
[INFO ][2015-11-13 12:30:39,376][com.java.TestType] [ 8643] - dataFields : LNKLogout
[DEBUG][2015-11-13 12:30:39,376][com.java.TestType] [ 8649] - <In Set values of the page>
[DEBUG][2015-11-13 12:30:39,376][com.java.TestType] [ 8654] - {Data Fields & Data Values Exist}
[INFO ][2015-11-13 12:30:39,376][com.java.TestType] [ 8660] - --------------------------setting values-----------------------------
[INFO ][2015-11-13 12:30:39,376][com.java.TestType] [ 8663] - Action Type : WaitTime
[DEBUG][2015-11-13 12:30:39,376][com.java.TestType] [ 4153] - sleepTime: 5000
[INFO ][2015-11-13 12:30:44,378][com.java.TestType] [ 8682] -  RESULT true
[INFO ][2015-11-13 12:30:44,378][com.java.TestType] [ 8799] - ?   P A S S   ?
[INFO ][2015-11-13 12:30:44,378][com.java.TestType] [ 8870] - Looping End......
[INFO ][2015-11-13 12:30:44,378][com.java.SeleniumDriver] [  869] -  RESULT true
[INFO ][2015-11-13 12:30:44,378][com.java.SeleniumDriver] [ 1074] - ?   P A S S   ?
[INFO ][2015-11-13 12:30:44,378][com.java.SeleniumDriver] [  796] - ------------------------------------------
[INFO ][2015-11-13 12:30:44,378][com.java.SeleniumDriver] [  797] - Test case being Executed: 1
[INFO ][2015-11-13 12:30:44,378][com.java.SeleniumDriver] [  808] - Test step:3
[INFO ][2015-11-13 12:30:44,378][com.java.SeleniumDriver] [  820] - Datavalue is----------2
[INFO ][2015-11-13 12:30:44,378][com.java.SeleniumDriver] [  844] - DataField : XPH//button[contains(text(),'Add Content')]
[INFO ][2015-11-13 12:30:44,378][com.java.SeleniumDriver] [  846] - DataValue : 2
[INFO ][2015-11-13 12:30:44,378][com.java.SeleniumDriver] [  852] - <In Set values of the page>
[INFO ][2015-11-13 12:30:44,378][com.java.SeleniumDriver] [  855] - {Data Fields & Data Values Exist}
[INFO ][2015-11-13 12:30:44,378][com.java.SeleniumDriver] [  857] - --------------------------setting values-----------------------------
[INFO ][2015-11-13 12:30:44,378][com.java.SeleniumDriver] [  860] - Action Type : WAITFORELEMENT
[INFO ][2015-11-13 12:30:44,419][com.java.SeleniumDriver] [  869] -  RESULT true
[INFO ][2015-11-13 12:30:44,419][com.java.SeleniumDriver] [ 1074] - ?   P A S S   ?
[DEBUG][2015-11-13 12:30:44,419][com.java.SeleniumDriver] [ 1176] - Case found
[DEBUG][2015-11-13 12:30:44,419][com.java.SeleniumDriver] [ 1181] - Incrementing ReportCounters[0]:1
[INFO ][2015-11-13 12:30:44,419][com.java.SeleniumDriver] [ 1200] - The results are-------------------[1, 1, Valid Login, Pass, , Fri Nov 13 12:30:39 IST 2015, 1, 2, Valid Login, Pass, , Fri Nov 13 12:30:44 IST 2015, 1, 3, Valid Login, Pass, , Fri Nov 13 12:30:44 IST 2015]
[INFO ][2015-11-13 12:30:44,419][com.java.SeleniumDriver] [ 1204] - End time is-------40 sec
[INFO ][2015-11-13 12:30:44,419][com.java.SeleniumDriver] [ 1205] - The results are-------------------[1, 1, Valid Login, Pass, , Fri Nov 13 12:30:39 IST 2015, 1, 2, Valid Login, Pass, , Fri Nov 13 12:30:44 IST 2015, 1, 3, Valid Login, Pass, , Fri Nov 13 12:30:44 IST 2015]
[DEBUG][2015-11-13 12:30:44,419][com.java.ImportnExport.ExportTestResultsExcel] [  222] - testResultPath = D:\BankersDashboard/TestReports/Test Results_BankersDashBoard_111315_123006_IE11_Any Bank USA.xls
[DEBUG][2015-11-13 12:30:44,419][com.java.ImportnExport.ExportTestResultsExcel] [  223] - browser is------------IE11
[DEBUG][2015-11-13 12:30:44,459][com.java.ImportnExport.ExportTestResultsExcel] [  270] - result.size() = 18
[DEBUG][2015-11-13 12:30:44,459][com.java.ImportnExport.ExportTestResultsExcel] [  274] - No of rows in sheet=1
[DEBUG][2015-11-13 12:30:44,459][com.java.ImportnExport.ExportTestResultsExcel] [  301] - ..in export..1
[DEBUG][2015-11-13 12:30:44,459][com.java.ImportnExport.ExportTestResultsExcel] [  301] - ..in export..Valid Login
[DEBUG][2015-11-13 12:30:44,459][com.java.ImportnExport.ExportTestResultsExcel] [  301] - ..in export..Pass
[DEBUG][2015-11-13 12:30:44,459][com.java.ImportnExport.ExportTestResultsExcel] [  301] - ..in export..
[DEBUG][2015-11-13 12:30:44,459][com.java.ImportnExport.ExportTestResultsExcel] [  301] - ..in export..Fri Nov 13 12:30:39 IST 2015
[INFO ][2015-11-13 12:30:44,459][com.java.SeleniumDriver] [ 1263] - out loop:0 size:2 TestCases:[1, 5] testcases:[1, 5]
[INFO ][2015-11-13 12:30:44,459][com.java.ImportnExport.ImportTestDataDetailsExcel] [   49] - test data details path===== D:\BankersDashboard\TestInputs\TestData.xls
[INFO ][2015-11-13 12:31:06,600][com.java.SeleniumDriver] [  796] - ------------------------------------------
[INFO ][2015-11-13 12:31:06,600][com.java.SeleniumDriver] [  797] - Test case being Executed: 5
[INFO ][2015-11-13 12:31:06,600][com.java.SeleniumDriver] [  808] - Test step:1
[INFO ][2015-11-13 12:31:06,600][com.java.SeleniumDriver] [  820] - Datavalue is----------Logout
[INFO ][2015-11-13 12:31:06,600][com.java.SeleniumDriver] [  844] - DataField : BTN
[INFO ][2015-11-13 12:31:06,600][com.java.SeleniumDriver] [  846] - DataValue : Logout
[INFO ][2015-11-13 12:31:06,600][com.java.SeleniumDriver] [  852] - <In Set values of the page>
[INFO ][2015-11-13 12:31:06,600][com.java.SeleniumDriver] [  855] - {Data Fields & Data Values Exist}
[INFO ][2015-11-13 12:31:06,600][com.java.SeleniumDriver] [  857] - --------------------------setting values-----------------------------
[INFO ][2015-11-13 12:31:06,600][com.java.SeleniumDriver] [  860] - Action Type : Verify
[INFO ][2015-11-13 12:31:06,600][com.java.TestType] [ 5425] - field= BTN value= Logout
[INFO ][2015-11-13 12:31:06,600][com.java.TestType] [ 4318] - value = Logout
[INFO ][2015-11-13 12:31:06,631][com.java.SeleniumDriver] [  869] -  RESULT true
[INFO ][2015-11-13 12:31:06,631][com.java.SeleniumDriver] [ 1074] - ?   P A S S   ?
[INFO ][2015-11-13 12:31:06,631][com.java.SeleniumDriver] [ 1116] - step change to 3
[INFO ][2015-11-13 12:31:06,631][com.java.SeleniumDriver] [  796] - ------------------------------------------
[INFO ][2015-11-13 12:31:06,631][com.java.SeleniumDriver] [  797] - Test case being Executed: 5
[INFO ][2015-11-13 12:31:06,631][com.java.SeleniumDriver] [  808] - Test step:3
[INFO ][2015-11-13 12:31:06,631][com.java.SeleniumDriver] [  820] - Datavalue is----------Concept#2:1-2
[INFO ][2015-11-13 12:31:06,631][com.java.SeleniumDriver] [  844] - DataField : test
[INFO ][2015-11-13 12:31:06,631][com.java.SeleniumDriver] [  846] - DataValue : Concept#2:1-2
[INFO ][2015-11-13 12:31:06,631][com.java.SeleniumDriver] [  852] - <In Set values of the page>
[INFO ][2015-11-13 12:31:06,631][com.java.SeleniumDriver] [  855] - {Data Fields & Data Values Exist}
[INFO ][2015-11-13 12:31:06,631][com.java.SeleniumDriver] [  857] - --------------------------setting values-----------------------------
[INFO ][2015-11-13 12:31:06,631][com.java.SeleniumDriver] [  860] - Action Type : ExecuteTestCase
[INFO ][2015-11-13 12:31:06,631][com.java.TestType] [  423] - The Concept sheet name is ---------- Concept
[INFO ][2015-11-13 12:31:06,631][com.java.TestType] [  426] - The Concept ID  is ---------- 2
[DEBUG][2015-11-13 12:31:06,631][com.java.TestType] [  430] - Steps being executted in the Concept are: 1:2
[INFO ][2015-11-13 12:31:06,631][com.java.TestType] [  437] - Test data details path ---------- D:\BankersDashboard\TestInputs\TestData.xls
[INFO ][2015-11-13 12:31:06,661][com.java.TestType] [  468] -  str(1) = 2
[INFO ][2015-11-13 12:31:06,661][com.java.TestType] [  471] - Test case Id is---2
[INFO ][2015-11-13 12:31:06,661][com.java.TestType] [  473] - 2
[INFO ][2015-11-13 12:31:06,661][com.java.TestType] [  468] -  str(2) = 1
[INFO ][2015-11-13 12:31:06,661][com.java.TestType] [  520] - row values are--------{1=com.java.Objects.TestDataDetails@1cdd02d}
[INFO ][2015-11-13 12:31:06,661][com.java.TestType] [  468] -  str(1) = 2
[INFO ][2015-11-13 12:31:06,661][com.java.TestType] [  471] - Test case Id is---2
[INFO ][2015-11-13 12:31:06,661][com.java.TestType] [  473] - 2
[INFO ][2015-11-13 12:31:06,661][com.java.TestType] [  468] -  str(2) = 2
[INFO ][2015-11-13 12:31:06,661][com.java.TestType] [  520] - row values are--------{1=com.java.Objects.TestDataDetails@1cdd02d, 2=com.java.Objects.TestDataDetails@191c17}
[INFO ][2015-11-13 12:31:06,661][com.java.TestType] [  468] -  str(1) = 2
[INFO ][2015-11-13 12:31:06,661][com.java.TestType] [  471] - Test case Id is---2
[INFO ][2015-11-13 12:31:06,661][com.java.TestType] [  473] - 2
[INFO ][2015-11-13 12:31:06,661][com.java.TestType] [  468] -  str(2) = 3
[INFO ][2015-11-13 12:31:06,661][com.java.TestType] [  520] - row values are--------{1=com.java.Objects.TestDataDetails@1cdd02d, 2=com.java.Objects.TestDataDetails@191c17, 3=com.java.Objects.TestDataDetails@1261c6c}
[INFO ][2015-11-13 12:31:06,661][com.java.TestType] [ 8564] - Looping 1TCID = 2
[DEBUG][2015-11-13 12:31:06,661][com.java.TestType] [ 8605] - Concept ID:2 :: Step being Executed: 2::1
[INFO ][2015-11-13 12:31:06,661][com.java.TestType] [ 8643] - dataFields : BNK//select[@id='bank']
[DEBUG][2015-11-13 12:31:06,661][com.java.TestType] [ 8649] - <In Set values of the page>
[DEBUG][2015-11-13 12:31:06,661][com.java.TestType] [ 8654] - {Data Fields & Data Values Exist}
[INFO ][2015-11-13 12:31:06,661][com.java.TestType] [ 8660] - --------------------------setting values-----------------------------
[INFO ][2015-11-13 12:31:06,661][com.java.TestType] [ 8663] - Action Type : Select
[INFO ][2015-11-13 12:31:06,661][com.java.TestType] [ 4318] - value = PFC
[INFO ][2015-11-13 12:31:06,851][com.java.TestType] [ 8682] -  RESULT true
[INFO ][2015-11-13 12:31:06,851][com.java.TestType] [ 8799] - ?   P A S S   ?
[DEBUG][2015-11-13 12:31:06,851][com.java.TestType] [ 8605] - Concept ID:2 :: Step being Executed: 2::2
[INFO ][2015-11-13 12:31:06,851][com.java.TestType] [ 8643] - dataFields : LNKLogout
[DEBUG][2015-11-13 12:31:06,851][com.java.TestType] [ 8649] - <In Set values of the page>
[DEBUG][2015-11-13 12:31:06,851][com.java.TestType] [ 8654] - {Data Fields & Data Values Exist}
[INFO ][2015-11-13 12:31:06,851][com.java.TestType] [ 8660] - --------------------------setting values-----------------------------
[INFO ][2015-11-13 12:31:06,851][com.java.TestType] [ 8663] - Action Type : WaitTime
[DEBUG][2015-11-13 12:31:06,851][com.java.TestType] [ 4153] - sleepTime: 5000
[INFO ][2015-11-13 12:31:11,851][com.java.TestType] [ 8682] -  RESULT true
[INFO ][2015-11-13 12:31:11,851][com.java.TestType] [ 8799] - ?   P A S S   ?
[INFO ][2015-11-13 12:31:11,851][com.java.TestType] [ 8870] - Looping End......
[INFO ][2015-11-13 12:31:11,851][com.java.SeleniumDriver] [  869] -  RESULT true
[INFO ][2015-11-13 12:31:11,851][com.java.SeleniumDriver] [ 1074] - ?   P A S S   ?
[INFO ][2015-11-13 12:31:11,851][com.java.SeleniumDriver] [  796] - ------------------------------------------
[INFO ][2015-11-13 12:31:11,851][com.java.SeleniumDriver] [  797] - Test case being Executed: 5
[INFO ][2015-11-13 12:31:11,851][com.java.SeleniumDriver] [  808] - Test step:4
[INFO ][2015-11-13 12:31:11,851][com.java.SeleniumDriver] [  820] - Datavalue is----------2
[INFO ][2015-11-13 12:31:11,851][com.java.SeleniumDriver] [  844] - DataField : BTNG/L
[INFO ][2015-11-13 12:31:11,851][com.java.SeleniumDriver] [  846] - DataValue : 2
[INFO ][2015-11-13 12:31:11,851][com.java.SeleniumDriver] [  852] - <In Set values of the page>
[INFO ][2015-11-13 12:31:11,851][com.java.SeleniumDriver] [  855] - {Data Fields & Data Values Exist}
[INFO ][2015-11-13 12:31:11,851][com.java.SeleniumDriver] [  857] - --------------------------setting values-----------------------------
[INFO ][2015-11-13 12:31:11,851][com.java.SeleniumDriver] [  860] - Action Type : WAITFORELEMENT
[INFO ][2015-11-13 12:31:11,902][com.java.SeleniumDriver] [  869] -  RESULT true
[INFO ][2015-11-13 12:31:11,902][com.java.SeleniumDriver] [ 1074] - ?   P A S S   ?
[INFO ][2015-11-13 12:31:11,902][com.java.SeleniumDriver] [  796] - ------------------------------------------
[INFO ][2015-11-13 12:31:11,902][com.java.SeleniumDriver] [  797] - Test case being Executed: 5
[INFO ][2015-11-13 12:31:11,902][com.java.SeleniumDriver] [  808] - Test step:5
[INFO ][2015-11-13 12:31:11,902][com.java.SeleniumDriver] [  820] - Datavalue is----------null
[DEBUG][2015-11-13 12:31:11,902][com.java.SeleniumDriver] [  838] - Exception: null
[INFO ][2015-11-13 12:31:11,902][com.java.SeleniumDriver] [  844] - DataField : //span[@class="icon-coin"]&&//a[text()='Summaries']&&//a[@data-id="RatioAnalysis"]
[INFO ][2015-11-13 12:31:11,902][com.java.SeleniumDriver] [  846] - DataValue : 
[INFO ][2015-11-13 12:31:11,902][com.java.SeleniumDriver] [  852] - <In Set values of the page>
[INFO ][2015-11-13 12:31:11,902][com.java.SeleniumDriver] [  855] - {Data Fields & Data Values Exist}
[INFO ][2015-11-13 12:31:11,902][com.java.SeleniumDriver] [  857] - --------------------------setting values-----------------------------
[INFO ][2015-11-13 12:31:11,902][com.java.SeleniumDriver] [  860] - Action Type : MOUSEOVER
[INFO ][2015-11-13 12:31:43,617][com.java.SeleniumDriver] [  869] -  RESULT true
[INFO ][2015-11-13 12:31:43,617][com.java.SeleniumDriver] [ 1074] - ?   P A S S   ?
[INFO ][2015-11-13 12:31:43,617][com.java.SeleniumDriver] [  796] - ------------------------------------------
[INFO ][2015-11-13 12:31:43,617][com.java.SeleniumDriver] [  797] - Test case being Executed: 5
[INFO ][2015-11-13 12:31:43,617][com.java.SeleniumDriver] [  808] - Test step:6
[INFO ][2015-11-13 12:31:43,617][com.java.SeleniumDriver] [  820] - Datavalue is----------3
[INFO ][2015-11-13 12:31:43,617][com.java.SeleniumDriver] [  844] - DataField : XPH//span[contains(text(),'Show Report')]
[INFO ][2015-11-13 12:31:43,617][com.java.SeleniumDriver] [  846] - DataValue : 3
[INFO ][2015-11-13 12:31:43,617][com.java.SeleniumDriver] [  852] - <In Set values of the page>
[INFO ][2015-11-13 12:31:43,617][com.java.SeleniumDriver] [  855] - {Data Fields & Data Values Exist}
[INFO ][2015-11-13 12:31:43,617][com.java.SeleniumDriver] [  857] - --------------------------setting values-----------------------------
[INFO ][2015-11-13 12:31:43,617][com.java.SeleniumDriver] [  860] - Action Type : WAITFORELEMENT
[INFO ][2015-11-13 12:31:43,658][com.java.SeleniumDriver] [  869] -  RESULT true
[INFO ][2015-11-13 12:31:43,658][com.java.SeleniumDriver] [ 1074] - ?   P A S S   ?
[INFO ][2015-11-13 12:31:43,658][com.java.SeleniumDriver] [  796] - ------------------------------------------
[INFO ][2015-11-13 12:31:43,658][com.java.SeleniumDriver] [  797] - Test case being Executed: 5
[INFO ][2015-11-13 12:31:43,658][com.java.SeleniumDriver] [  808] - Test step:7
[INFO ][2015-11-13 12:31:43,658][com.java.SeleniumDriver] [  820] - Datavalue is----------3
[INFO ][2015-11-13 12:31:43,658][com.java.SeleniumDriver] [  844] - DataField : BTNframeDialogContent
[INFO ][2015-11-13 12:31:43,658][com.java.SeleniumDriver] [  846] - DataValue : 3
[INFO ][2015-11-13 12:31:43,658][com.java.SeleniumDriver] [  852] - <In Set values of the page>
[INFO ][2015-11-13 12:31:43,658][com.java.SeleniumDriver] [  855] - {Data Fields & Data Values Exist}
[INFO ][2015-11-13 12:31:43,658][com.java.SeleniumDriver] [  857] - --------------------------setting values-----------------------------
[INFO ][2015-11-13 12:31:43,658][com.java.SeleniumDriver] [  860] - Action Type : WAITFORELEMENT
[INFO ][2015-11-13 12:31:44,858][com.java.SeleniumDriver] [  869] -  RESULT true
[INFO ][2015-11-13 12:31:44,858][com.java.SeleniumDriver] [ 1074] - ?   P A S S   ?
[INFO ][2015-11-13 12:31:44,858][com.java.SeleniumDriver] [  796] - ------------------------------------------
[INFO ][2015-11-13 12:31:44,858][com.java.SeleniumDriver] [  797] - Test case being Executed: 5
[INFO ][2015-11-13 12:31:44,858][com.java.SeleniumDriver] [  808] - Test step:8
[INFO ][2015-11-13 12:31:44,858][com.java.SeleniumDriver] [  820] - Datavalue is----------Ratio Analysis
[INFO ][2015-11-13 12:31:44,858][com.java.SeleniumDriver] [  844] - DataField : XPH//div[contains(@class,'ui-dialog-titlebar')]/span[@class="ui-dialog-title"]
[INFO ][2015-11-13 12:31:44,858][com.java.SeleniumDriver] [  846] - DataValue : Ratio Analysis
[INFO ][2015-11-13 12:31:44,858][com.java.SeleniumDriver] [  852] - <In Set values of the page>
[INFO ][2015-11-13 12:31:44,858][com.java.SeleniumDriver] [  855] - {Data Fields & Data Values Exist}
[INFO ][2015-11-13 12:31:44,858][com.java.SeleniumDriver] [  857] - --------------------------setting values-----------------------------
[INFO ][2015-11-13 12:31:44,858][com.java.SeleniumDriver] [  860] - Action Type : VERIFY
[INFO ][2015-11-13 12:31:44,858][com.java.TestType] [ 5425] - field= XPH//div[contains(@class,'ui-dialog-titlebar')]/span[@class="ui-dialog-title"] value= Ratio Analysis
[INFO ][2015-11-13 12:31:44,858][com.java.TestType] [ 4318] - value = Ratio Analysis
[INFO ][2015-11-13 12:31:45,019][com.java.SeleniumDriver] [  869] -  RESULT true
[INFO ][2015-11-13 12:31:45,019][com.java.SeleniumDriver] [ 1074] - ?   P A S S   ?
[INFO ][2015-11-13 12:31:45,019][com.java.SeleniumDriver] [  796] - ------------------------------------------
[INFO ][2015-11-13 12:31:45,019][com.java.SeleniumDriver] [  797] - Test case being Executed: 5
[INFO ][2015-11-13 12:31:45,019][com.java.SeleniumDriver] [  808] - Test step:9
[INFO ][2015-11-13 12:31:45,019][com.java.SeleniumDriver] [  820] - Datavalue is----------null
[DEBUG][2015-11-13 12:31:45,019][com.java.SeleniumDriver] [  838] - Exception: null
[INFO ][2015-11-13 12:31:45,019][com.java.SeleniumDriver] [  844] - DataField : BTNframeDialogContent
[INFO ][2015-11-13 12:31:45,019][com.java.SeleniumDriver] [  846] - DataValue : 
[INFO ][2015-11-13 12:31:45,019][com.java.SeleniumDriver] [  852] - <In Set values of the page>
[INFO ][2015-11-13 12:31:45,019][com.java.SeleniumDriver] [  855] - {Data Fields & Data Values Exist}
[INFO ][2015-11-13 12:31:45,019][com.java.SeleniumDriver] [  857] - --------------------------setting values-----------------------------
[INFO ][2015-11-13 12:31:45,019][com.java.SeleniumDriver] [  860] - Action Type : SELECTFRAME
[INFO ][2015-11-13 12:31:46,260][com.java.SeleniumDriver] [  869] -  RESULT true
[INFO ][2015-11-13 12:31:46,260][com.java.SeleniumDriver] [ 1074] - ?   P A S S   ?
[INFO ][2015-11-13 12:31:46,260][com.java.SeleniumDriver] [  796] - ------------------------------------------
[INFO ][2015-11-13 12:31:46,260][com.java.SeleniumDriver] [  797] - Test case being Executed: 5
[INFO ][2015-11-13 12:31:46,260][com.java.SeleniumDriver] [  808] - Test step:10
[INFO ][2015-11-13 12:31:46,260][com.java.SeleniumDriver] [  820] - Datavalue is----------index:0
[INFO ][2015-11-13 12:31:46,260][com.java.SeleniumDriver] [  844] - DataField : COBddlDataSource1
[INFO ][2015-11-13 12:31:46,260][com.java.SeleniumDriver] [  846] - DataValue : index:0
[INFO ][2015-11-13 12:31:46,260][com.java.SeleniumDriver] [  852] - <In Set values of the page>
[INFO ][2015-11-13 12:31:46,260][com.java.SeleniumDriver] [  855] - {Data Fields & Data Values Exist}
[INFO ][2015-11-13 12:31:46,260][com.java.SeleniumDriver] [  857] - --------------------------setting values-----------------------------
[INFO ][2015-11-13 12:31:46,260][com.java.SeleniumDriver] [  860] - Action Type : SELECT
[INFO ][2015-11-13 12:31:46,260][com.java.TestType] [ 4318] - value = 0
[INFO ][2015-11-13 12:31:47,351][com.java.TestType] [ 4436] -  In COB ddlDataSource1 : 0
[INFO ][2015-11-13 12:31:47,421][com.java.SeleniumDriver] [  869] -  RESULT true
[INFO ][2015-11-13 12:31:47,421][com.java.SeleniumDriver] [ 1074] - ?   P A S S   ?
[INFO ][2015-11-13 12:31:47,421][com.java.SeleniumDriver] [  796] - ------------------------------------------
[INFO ][2015-11-13 12:31:47,421][com.java.SeleniumDriver] [  797] - Test case being Executed: 5
[INFO ][2015-11-13 12:31:47,421][com.java.SeleniumDriver] [  808] - Test step:11
[INFO ][2015-11-13 12:31:47,421][com.java.SeleniumDriver] [  820] - Datavalue is----------index:2
[INFO ][2015-11-13 12:31:47,421][com.java.SeleniumDriver] [  844] - DataField : COBddlDataSource2
[INFO ][2015-11-13 12:31:47,421][com.java.SeleniumDriver] [  846] - DataValue : index:2
[INFO ][2015-11-13 12:31:47,421][com.java.SeleniumDriver] [  852] - <In Set values of the page>
[INFO ][2015-11-13 12:31:47,421][com.java.SeleniumDriver] [  855] - {Data Fields & Data Values Exist}
[INFO ][2015-11-13 12:31:47,421][com.java.SeleniumDriver] [  857] - --------------------------setting values-----------------------------
[INFO ][2015-11-13 12:31:47,421][com.java.SeleniumDriver] [  860] - Action Type : SELECT
[INFO ][2015-11-13 12:31:47,421][com.java.TestType] [ 4318] - value = 2
[INFO ][2015-11-13 12:31:48,523][com.java.TestType] [ 4436] -  In COB ddlDataSource2 : 2
[INFO ][2015-11-13 12:31:48,733][com.java.SeleniumDriver] [  869] -  RESULT true
[INFO ][2015-11-13 12:31:48,733][com.java.SeleniumDriver] [ 1074] - ?   P A S S   ?
[INFO ][2015-11-13 12:31:48,733][com.java.SeleniumDriver] [  796] - ------------------------------------------
[INFO ][2015-11-13 12:31:48,733][com.java.SeleniumDriver] [  797] - Test case being Executed: 5
[INFO ][2015-11-13 12:31:48,733][com.java.SeleniumDriver] [  808] - Test step:12
[INFO ][2015-11-13 12:31:48,733][com.java.SeleniumDriver] [  820] - Datavalue is----------index:0
[INFO ][2015-11-13 12:31:48,733][com.java.SeleniumDriver] [  844] - DataField : COBddlDate1
[INFO ][2015-11-13 12:31:48,733][com.java.SeleniumDriver] [  846] - DataValue : index:0
[INFO ][2015-11-13 12:31:48,733][com.java.SeleniumDriver] [  852] - <In Set values of the page>
[INFO ][2015-11-13 12:31:48,733][com.java.SeleniumDriver] [  855] - {Data Fields & Data Values Exist}
[INFO ][2015-11-13 12:31:48,733][com.java.SeleniumDriver] [  857] - --------------------------setting values-----------------------------
[INFO ][2015-11-13 12:31:48,733][com.java.SeleniumDriver] [  860] - Action Type : SELECT
[INFO ][2015-11-13 12:31:48,733][com.java.TestType] [ 4318] - value = 0
[INFO ][2015-11-13 12:31:49,834][com.java.TestType] [ 4436] -  In COB ddlDate1 : 0
[INFO ][2015-11-13 12:31:50,164][com.java.SeleniumDriver] [  869] -  RESULT true
[INFO ][2015-11-13 12:31:50,164][com.java.SeleniumDriver] [ 1074] - ?   P A S S   ?
[INFO ][2015-11-13 12:31:50,164][com.java.SeleniumDriver] [  796] - ------------------------------------------
[INFO ][2015-11-13 12:31:50,164][com.java.SeleniumDriver] [  797] - Test case being Executed: 5
[INFO ][2015-11-13 12:31:50,164][com.java.SeleniumDriver] [  808] - Test step:13
[INFO ][2015-11-13 12:31:50,164][com.java.SeleniumDriver] [  820] - Datavalue is----------SelectedDate
[INFO ][2015-11-13 12:31:50,164][com.java.SeleniumDriver] [  844] - DataField : SLBddlDate1
[INFO ][2015-11-13 12:31:50,164][com.java.SeleniumDriver] [  846] - DataValue : SelectedDate
[INFO ][2015-11-13 12:31:50,164][com.java.SeleniumDriver] [  852] - <In Set values of the page>
[INFO ][2015-11-13 12:31:50,164][com.java.SeleniumDriver] [  855] - {Data Fields & Data Values Exist}
[INFO ][2015-11-13 12:31:50,164][com.java.SeleniumDriver] [  857] - --------------------------setting values-----------------------------
[INFO ][2015-11-13 12:31:50,164][com.java.SeleniumDriver] [  860] - Action Type : STOREVALUE
[INFO ][2015-11-13 12:31:50,164][com.java.TestType] [ 6452] - field= SLBddlDate1
[INFO ][2015-11-13 12:31:51,435][com.java.SeleniumDriver] [  869] -  RESULT true
[INFO ][2015-11-13 12:31:51,435][com.java.SeleniumDriver] [ 1074] - ?   P A S S   ?
[INFO ][2015-11-13 12:31:51,435][com.java.SeleniumDriver] [  796] - ------------------------------------------
[INFO ][2015-11-13 12:31:51,435][com.java.SeleniumDriver] [  797] - Test case being Executed: 5
[INFO ][2015-11-13 12:31:51,435][com.java.SeleniumDriver] [  808] - Test step:14
[INFO ][2015-11-13 12:31:51,435][com.java.SeleniumDriver] [  820] - Datavalue is----------null
[DEBUG][2015-11-13 12:31:51,435][com.java.SeleniumDriver] [  838] - Exception: null
[INFO ][2015-11-13 12:31:51,435][com.java.SeleniumDriver] [  844] - DataField : BTNparent
[INFO ][2015-11-13 12:31:51,435][com.java.SeleniumDriver] [  846] - DataValue : 
[INFO ][2015-11-13 12:31:51,435][com.java.SeleniumDriver] [  852] - <In Set values of the page>
[INFO ][2015-11-13 12:31:51,435][com.java.SeleniumDriver] [  855] - {Data Fields & Data Values Exist}
[INFO ][2015-11-13 12:31:51,435][com.java.SeleniumDriver] [  857] - --------------------------setting values-----------------------------
[INFO ][2015-11-13 12:31:51,435][com.java.SeleniumDriver] [  860] - Action Type : SELECTFRAME
[INFO ][2015-11-13 12:31:51,445][com.java.SeleniumDriver] [  869] -  RESULT true
[INFO ][2015-11-13 12:31:51,445][com.java.SeleniumDriver] [ 1074] - ?   P A S S   ?
[INFO ][2015-11-13 12:31:51,445][com.java.SeleniumDriver] [  796] - ------------------------------------------
[INFO ][2015-11-13 12:31:51,445][com.java.SeleniumDriver] [  797] - Test case being Executed: 5
[INFO ][2015-11-13 12:31:51,445][com.java.SeleniumDriver] [  808] - Test step:15
[INFO ][2015-11-13 12:31:51,445][com.java.SeleniumDriver] [  820] - Datavalue is----------null
[DEBUG][2015-11-13 12:31:51,445][com.java.SeleniumDriver] [  838] - Exception: null
[INFO ][2015-11-13 12:31:51,445][com.java.SeleniumDriver] [  844] - DataField : XPH//span[contains(text(),'Show Report')]
[INFO ][2015-11-13 12:31:51,445][com.java.SeleniumDriver] [  846] - DataValue : 
[INFO ][2015-11-13 12:31:51,445][com.java.SeleniumDriver] [  852] - <In Set values of the page>
[INFO ][2015-11-13 12:31:51,445][com.java.SeleniumDriver] [  855] - {Data Fields & Data Values Exist}
[INFO ][2015-11-13 12:31:51,445][com.java.SeleniumDriver] [  857] - --------------------------setting values-----------------------------
[INFO ][2015-11-13 12:31:51,445][com.java.SeleniumDriver] [  860] - Action Type : CLICK
[INFO ][2015-11-13 12:31:51,445][com.java.TestType] [ 4631] - Field ::XPH//span[contains(text(),'Show Report')]
[INFO ][2015-11-13 12:31:52,445][com.java.TestType] [ 4690] - BEFORE CLICK
[INFO ][2015-11-13 12:31:53,865][com.java.TestType] [ 4698] - Unable to click the object Show Report button
[INFO ][2015-11-13 12:31:53,865][com.java.SeleniumDriver] [  869] -  RESULT true
[INFO ][2015-11-13 12:31:53,865][com.java.SeleniumDriver] [ 1074] - ?   P A S S   ?
[INFO ][2015-11-13 12:31:53,865][com.java.SeleniumDriver] [  796] - ------------------------------------------
[INFO ][2015-11-13 12:31:53,865][com.java.SeleniumDriver] [  797] - Test case being Executed: 5
[INFO ][2015-11-13 12:31:53,865][com.java.SeleniumDriver] [  808] - Test step:16
[INFO ][2015-11-13 12:31:53,865][com.java.SeleniumDriver] [  820] - Datavalue is----------3
[INFO ][2015-11-13 12:31:53,865][com.java.SeleniumDriver] [  844] - DataField : XPH//img[@id='loading']
[INFO ][2015-11-13 12:31:53,865][com.java.SeleniumDriver] [  846] - DataValue : 3
[INFO ][2015-11-13 12:31:53,865][com.java.SeleniumDriver] [  852] - <In Set values of the page>
[INFO ][2015-11-13 12:31:53,865][com.java.SeleniumDriver] [  855] - {Data Fields & Data Values Exist}
[INFO ][2015-11-13 12:31:53,865][com.java.SeleniumDriver] [  857] - --------------------------setting values-----------------------------
[INFO ][2015-11-13 12:31:53,865][com.java.SeleniumDriver] [  860] - Action Type : WaitForElement
[INFO ][2015-11-13 12:31:53,896][com.java.SeleniumDriver] [  869] -  RESULT true
[INFO ][2015-11-13 12:31:53,896][com.java.SeleniumDriver] [ 1074] - ?   P A S S   ?
[INFO ][2015-11-13 12:31:53,896][com.java.SeleniumDriver] [  796] - ------------------------------------------
[INFO ][2015-11-13 12:31:53,896][com.java.SeleniumDriver] [  797] - Test case being Executed: 5
[INFO ][2015-11-13 12:31:53,896][com.java.SeleniumDriver] [  808] - Test step:17
[INFO ][2015-11-13 12:31:53,896][com.java.SeleniumDriver] [  820] - Datavalue is----------90
[INFO ][2015-11-13 12:31:53,896][com.java.SeleniumDriver] [  844] - DataField : XPH//img[@id='loading']
[INFO ][2015-11-13 12:31:53,896][com.java.SeleniumDriver] [  846] - DataValue : 90
[INFO ][2015-11-13 12:31:53,896][com.java.SeleniumDriver] [  852] - <In Set values of the page>
[INFO ][2015-11-13 12:31:53,896][com.java.SeleniumDriver] [  855] - {Data Fields & Data Values Exist}
[INFO ][2015-11-13 12:31:53,896][com.java.SeleniumDriver] [  857] - --------------------------setting values-----------------------------
[INFO ][2015-11-13 12:31:53,896][com.java.SeleniumDriver] [  860] - Action Type : waitForElementNotPresent
[INFO ][2015-11-13 12:31:59,764][com.java.SeleniumDriver] [  869] -  RESULT true
[INFO ][2015-11-13 12:31:59,764][com.java.SeleniumDriver] [ 1074] - ?   P A S S   ?
[INFO ][2015-11-13 12:31:59,764][com.java.SeleniumDriver] [  796] - ------------------------------------------
[INFO ][2015-11-13 12:31:59,764][com.java.SeleniumDriver] [  797] - Test case being Executed: 5
[INFO ][2015-11-13 12:31:59,764][com.java.SeleniumDriver] [  808] - Test step:18
[INFO ][2015-11-13 12:31:59,764][com.java.SeleniumDriver] [  820] - Datavalue is----------Ratio Analysis
[INFO ][2015-11-13 12:31:59,764][com.java.SeleniumDriver] [  844] - DataField : XPH//td[@class='ReportTitle']
[INFO ][2015-11-13 12:31:59,764][com.java.SeleniumDriver] [  846] - DataValue : Ratio Analysis
[INFO ][2015-11-13 12:31:59,764][com.java.SeleniumDriver] [  852] - <In Set values of the page>
[INFO ][2015-11-13 12:31:59,764][com.java.SeleniumDriver] [  855] - {Data Fields & Data Values Exist}
[INFO ][2015-11-13 12:31:59,764][com.java.SeleniumDriver] [  857] - --------------------------setting values-----------------------------
[INFO ][2015-11-13 12:31:59,764][com.java.SeleniumDriver] [  860] - Action Type : VERIFY
[INFO ][2015-11-13 12:31:59,764][com.java.TestType] [ 5425] - field= XPH//td[@class='ReportTitle'] value= Ratio Analysis
[INFO ][2015-11-13 12:31:59,764][com.java.TestType] [ 4318] - value = Ratio Analysis
[INFO ][2015-11-13 12:31:59,904][com.java.SeleniumDriver] [  869] -  RESULT true
[INFO ][2015-11-13 12:31:59,904][com.java.SeleniumDriver] [ 1074] - ?   P A S S   ?
[INFO ][2015-11-13 12:31:59,904][com.java.SeleniumDriver] [  796] - ------------------------------------------
[INFO ][2015-11-13 12:31:59,904][com.java.SeleniumDriver] [  797] - Test case being Executed: 5
[INFO ][2015-11-13 12:31:59,904][com.java.SeleniumDriver] [  808] - Test step:19
[INFO ][2015-11-13 12:31:59,904][com.java.SeleniumDriver] [  820] - Datavalue is----------YTD
[INFO ][2015-11-13 12:31:59,904][com.java.SeleniumDriver] [  844] - DataField : MSG
[INFO ][2015-11-13 12:31:59,904][com.java.SeleniumDriver] [  846] - DataValue : YTD
[INFO ][2015-11-13 12:31:59,904][com.java.SeleniumDriver] [  852] - <In Set values of the page>
[INFO ][2015-11-13 12:31:59,904][com.java.SeleniumDriver] [  855] - {Data Fields & Data Values Exist}
[INFO ][2015-11-13 12:31:59,904][com.java.SeleniumDriver] [  857] - --------------------------setting values-----------------------------
[INFO ][2015-11-13 12:31:59,904][com.java.SeleniumDriver] [  860] - Action Type : VERIFY
[INFO ][2015-11-13 12:31:59,904][com.java.TestType] [ 5425] - field= MSG value= YTD
[INFO ][2015-11-13 12:31:59,904][com.java.TestType] [ 4318] - value = YTD
[DEBUG][2015-11-13 12:31:59,904][com.java.TestType] [ 6095] - value :: YTD
[INFO ][2015-11-13 12:31:59,964][com.java.SeleniumDriver] [  869] -  RESULT true
[INFO ][2015-11-13 12:31:59,964][com.java.SeleniumDriver] [ 1074] - ?   P A S S   ?
[INFO ][2015-11-13 12:31:59,964][com.java.SeleniumDriver] [  796] - ------------------------------------------
[INFO ][2015-11-13 12:31:59,964][com.java.SeleniumDriver] [  797] - Test case being Executed: 5
[INFO ][2015-11-13 12:31:59,964][com.java.SeleniumDriver] [  808] - Test step:20
[INFO ][2015-11-13 12:31:59,964][com.java.SeleniumDriver] [  820] - Datavalue is----------Actual
[INFO ][2015-11-13 12:31:59,964][com.java.SeleniumDriver] [  844] - DataField : MSG
[INFO ][2015-11-13 12:31:59,964][com.java.SeleniumDriver] [  846] - DataValue : Actual
[INFO ][2015-11-13 12:31:59,964][com.java.SeleniumDriver] [  852] - <In Set values of the page>
[INFO ][2015-11-13 12:31:59,964][com.java.SeleniumDriver] [  855] - {Data Fields & Data Values Exist}
[INFO ][2015-11-13 12:31:59,964][com.java.SeleniumDriver] [  857] - --------------------------setting values-----------------------------
[INFO ][2015-11-13 12:31:59,964][com.java.SeleniumDriver] [  860] - Action Type : VERIFY
[INFO ][2015-11-13 12:31:59,964][com.java.TestType] [ 5425] - field= MSG value= Actual
[INFO ][2015-11-13 12:31:59,964][com.java.TestType] [ 4318] - value = Actual
[DEBUG][2015-11-13 12:31:59,964][com.java.TestType] [ 6095] - value :: Actual
[INFO ][2015-11-13 12:32:00,014][com.java.SeleniumDriver] [  869] -  RESULT true
[INFO ][2015-11-13 12:32:00,014][com.java.SeleniumDriver] [ 1074] - ?   P A S S   ?
[INFO ][2015-11-13 12:32:00,014][com.java.SeleniumDriver] [  796] - ------------------------------------------
[INFO ][2015-11-13 12:32:00,014][com.java.SeleniumDriver] [  797] - Test case being Executed: 5
[INFO ][2015-11-13 12:32:00,014][com.java.SeleniumDriver] [  808] - Test step:21
[INFO ][2015-11-13 12:32:00,014][com.java.SeleniumDriver] [  820] - Datavalue is----------Forecast 1*
[INFO ][2015-11-13 12:32:00,014][com.java.SeleniumDriver] [  844] - DataField : MSG
[INFO ][2015-11-13 12:32:00,014][com.java.SeleniumDriver] [  846] - DataValue : Forecast 1*
[INFO ][2015-11-13 12:32:00,014][com.java.SeleniumDriver] [  852] - <In Set values of the page>
[INFO ][2015-11-13 12:32:00,014][com.java.SeleniumDriver] [  855] - {Data Fields & Data Values Exist}
[INFO ][2015-11-13 12:32:00,014][com.java.SeleniumDriver] [  857] - --------------------------setting values-----------------------------
[INFO ][2015-11-13 12:32:00,014][com.java.SeleniumDriver] [  860] - Action Type : VERIFY
[INFO ][2015-11-13 12:32:00,014][com.java.TestType] [ 5425] - field= MSG value= Forecast 1*
[INFO ][2015-11-13 12:32:00,014][com.java.TestType] [ 4318] - value = Forecast 1*
[DEBUG][2015-11-13 12:32:00,014][com.java.TestType] [ 6095] - value :: Forecast 1*
[INFO ][2015-11-13 12:32:00,054][com.java.SeleniumDriver] [  869] -  RESULT true
[INFO ][2015-11-13 12:32:00,054][com.java.SeleniumDriver] [ 1074] - ?   P A S S   ?
[INFO ][2015-11-13 12:32:00,054][com.java.SeleniumDriver] [  796] - ------------------------------------------
[INFO ][2015-11-13 12:32:00,054][com.java.SeleniumDriver] [  797] - Test case being Executed: 5
[INFO ][2015-11-13 12:32:00,054][com.java.SeleniumDriver] [  808] - Test step:22
[INFO ][2015-11-13 12:32:00,054][com.java.SeleniumDriver] [  820] - Datavalue is----------HMVSelectedDate
[INFO ][2015-11-13 12:32:00,054][com.java.SeleniumDriver] [  844] - DataField : Trailing
[INFO ][2015-11-13 12:32:00,054][com.java.SeleniumDriver] [  846] - DataValue : HMVSelectedDate
[INFO ][2015-11-13 12:32:00,054][com.java.SeleniumDriver] [  852] - <In Set values of the page>
[INFO ][2015-11-13 12:32:00,054][com.java.SeleniumDriver] [  855] - {Data Fields & Data Values Exist}
[INFO ][2015-11-13 12:32:00,054][com.java.SeleniumDriver] [  857] - --------------------------setting values-----------------------------
[INFO ][2015-11-13 12:32:00,054][com.java.SeleniumDriver] [  860] - Action Type : RATIOANALYSIS
[INFO ][2015-11-13 12:32:00,054][com.java.TestType] [ 4318] - value = September 2015
[INFO ][2015-11-13 12:32:00,204][com.java.SeleniumDriver] [  869] -  RESULT true
[INFO ][2015-11-13 12:32:00,204][com.java.SeleniumDriver] [ 1074] - ?   P A S S   ?
[DEBUG][2015-11-13 12:32:00,204][com.java.SeleniumDriver] [ 1176] - Case found
[DEBUG][2015-11-13 12:32:00,204][com.java.SeleniumDriver] [ 1181] - Incrementing ReportCounters[0]:2
[INFO ][2015-11-13 12:32:00,204][com.java.SeleniumDriver] [ 1200] - The results are-------------------[5, 1, GL: Summary: Ratio Analysis, Pass, , Fri Nov 13 12:31:06 IST 2015, 5, 3, GL: Summary: Ratio Analysis, Pass, , Fri Nov 13 12:31:11 IST 2015, 5, 4, GL: Summary: Ratio Analysis, Pass, , Fri Nov 13 12:31:11 IST 2015, 5, 5, GL: Summary: Ratio Analysis, Pass, , Fri Nov 13 12:31:43 IST 2015, 5, 6, GL: Summary: Ratio Analysis, Pass, , Fri Nov 13 12:31:43 IST 2015, 5, 7, GL: Summary: Ratio Analysis, Pass, , Fri Nov 13 12:31:44 IST 2015, 5, 8, GL: Summary: Ratio Analysis, Pass, , Fri Nov 13 12:31:45 IST 2015, 5, 9, GL: Summary: Ratio Analysis, Pass, , Fri Nov 13 12:31:46 IST 2015, 5, 10, GL: Summary: Ratio Analysis, Pass, , Fri Nov 13 12:31:47 IST 2015, 5, 11, GL: Summary: Ratio Analysis, Pass, , Fri Nov 13 12:31:48 IST 2015, 5, 12, GL: Summary: Ratio Analysis, Pass, , Fri Nov 13 12:31:50 IST 2015, 5, 13, GL: Summary: Ratio Analysis, Pass, , Fri Nov 13 12:31:51 IST 2015, 5, 14, GL: Summary: Ratio Analysis, Pass, , Fri Nov 13 12:31:51 IST 2015, 5, 15, GL: Summary: Ratio Analysis, Pass, , Fri Nov 13 12:31:53 IST 2015, 5, 16, GL: Summary: Ratio Analysis, Pass, , Fri Nov 13 12:31:53 IST 2015, 5, 17, GL: Summary: Ratio Analysis, Pass, , Fri Nov 13 12:31:59 IST 2015, 5, 18, GL: Summary: Ratio Analysis, Pass, , Fri Nov 13 12:31:59 IST 2015, 5, 19, GL: Summary: Ratio Analysis, Pass, , Fri Nov 13 12:31:59 IST 2015, 5, 20, GL: Summary: Ratio Analysis, Pass, , Fri Nov 13 12:32:00 IST 2015, 5, 21, GL: Summary: Ratio Analysis, Pass, , Fri Nov 13 12:32:00 IST 2015, 5, 22, GL: Summary: Ratio Analysis, Pass, , Fri Nov 13 12:32:00 IST 2015]
[INFO ][2015-11-13 12:32:00,204][com.java.SeleniumDriver] [ 1204] - End time is-------1 min 56 sec
[INFO ][2015-11-13 12:32:00,204][com.java.SeleniumDriver] [ 1205] - The results are-------------------[5, 1, GL: Summary: Ratio Analysis, Pass, , Fri Nov 13 12:31:06 IST 2015, 5, 3, GL: Summary: Ratio Analysis, Pass, , Fri Nov 13 12:31:11 IST 2015, 5, 4, GL: Summary: Ratio Analysis, Pass, , Fri Nov 13 12:31:11 IST 2015, 5, 5, GL: Summary: Ratio Analysis, Pass, , Fri Nov 13 12:31:43 IST 2015, 5, 6, GL: Summary: Ratio Analysis, Pass, , Fri Nov 13 12:31:43 IST 2015, 5, 7, GL: Summary: Ratio Analysis, Pass, , Fri Nov 13 12:31:44 IST 2015, 5, 8, GL: Summary: Ratio Analysis, Pass, , Fri Nov 13 12:31:45 IST 2015, 5, 9, GL: Summary: Ratio Analysis, Pass, , Fri Nov 13 12:31:46 IST 2015, 5, 10, GL: Summary: Ratio Analysis, Pass, , Fri Nov 13 12:31:47 IST 2015, 5, 11, GL: Summary: Ratio Analysis, Pass, , Fri Nov 13 12:31:48 IST 2015, 5, 12, GL: Summary: Ratio Analysis, Pass, , Fri Nov 13 12:31:50 IST 2015, 5, 13, GL: Summary: Ratio Analysis, Pass, , Fri Nov 13 12:31:51 IST 2015, 5, 14, GL: Summary: Ratio Analysis, Pass, , Fri Nov 13 12:31:51 IST 2015, 5, 15, GL: Summary: Ratio Analysis, Pass, , Fri Nov 13 12:31:53 IST 2015, 5, 16, GL: Summary: Ratio Analysis, Pass, , Fri Nov 13 12:31:53 IST 2015, 5, 17, GL: Summary: Ratio Analysis, Pass, , Fri Nov 13 12:31:59 IST 2015, 5, 18, GL: Summary: Ratio Analysis, Pass, , Fri Nov 13 12:31:59 IST 2015, 5, 19, GL: Summary: Ratio Analysis, Pass, , Fri Nov 13 12:31:59 IST 2015, 5, 20, GL: Summary: Ratio Analysis, Pass, , Fri Nov 13 12:32:00 IST 2015, 5, 21, GL: Summary: Ratio Analysis, Pass, , Fri Nov 13 12:32:00 IST 2015, 5, 22, GL: Summary: Ratio Analysis, Pass, , Fri Nov 13 12:32:00 IST 2015]
[DEBUG][2015-11-13 12:32:00,204][com.java.ImportnExport.ExportTestResultsExcel] [  222] - testResultPath = D:\BankersDashboard/TestReports/Test Results_BankersDashBoard_111315_123006_IE11_Any Bank USA.xls
[DEBUG][2015-11-13 12:32:00,204][com.java.ImportnExport.ExportTestResultsExcel] [  223] - browser is------------IE11
[DEBUG][2015-11-13 12:32:00,204][com.java.ImportnExport.ExportTestResultsExcel] [  270] - result.size() = 126
[DEBUG][2015-11-13 12:32:00,204][com.java.ImportnExport.ExportTestResultsExcel] [  274] - No of rows in sheet=2
[DEBUG][2015-11-13 12:32:00,204][com.java.ImportnExport.ExportTestResultsExcel] [  301] - ..in export..5
[DEBUG][2015-11-13 12:32:00,204][com.java.ImportnExport.ExportTestResultsExcel] [  301] - ..in export..GL: Summary: Ratio Analysis
[DEBUG][2015-11-13 12:32:00,204][com.java.ImportnExport.ExportTestResultsExcel] [  301] - ..in export..Pass
[DEBUG][2015-11-13 12:32:00,204][com.java.ImportnExport.ExportTestResultsExcel] [  301] - ..in export..
[DEBUG][2015-11-13 12:32:00,204][com.java.ImportnExport.ExportTestResultsExcel] [  301] - ..in export..Fri Nov 13 12:31:06 IST 2015
[INFO ][2015-11-13 12:32:00,204][com.java.SeleniumDriver] [ 1263] - out loop:1 size:2 TestCases:[1, 5] testcases:[1, 5]
[INFO ][2015-11-13 12:32:02,205][com.java.SeleniumDriver] [ 1306] - Total Number of Cases:2
[INFO ][2015-11-13 12:32:02,205][com.java.TemplateGenerator] [  302] - Executed:2
[INFO ][2015-11-13 12:32:02,205][com.java.TemplateGenerator] [  303] - Passed:2
[INFO ][2015-11-13 12:32:02,205][com.java.TemplateGenerator] [  304] - Failed:0
[INFO ][2015-11-13 12:32:02,205][com.java.TemplateGenerator] [  305] - Skipeed:0
[INFO ][2015-11-13 12:32:02,205][com.java.TemplateGenerator] [  306] - Application URL:https://clients-xuat.bankersdashboard.com
[INFO ][2015-11-13 12:32:02,205][com.java.TemplateGenerator] [  307] - Start Time:111315_123006
[INFO ][2015-11-13 12:32:02,205][com.java.TemplateGenerator] [  308] -  Creating HTML Report 
[ERROR][2015-11-13 12:32:02,205][com.java.TemplateGenerator] [  409] - Unparseable date: "Fri Nov 13 12:30:06 IST 2015"
[INFO ][2015-11-13 12:32:02,205][com.java.TemplateGenerator] [  654] -  Exporting case :: 1
[INFO ][2015-11-13 12:32:02,205][com.java.TemplateGenerator] [  654] -  Exporting case :: 5
[INFO ][2015-11-13 12:32:02,205][com.java.SeleniumDriver] [ 1355] - End Time:111315_123202
[INFO ][2015-11-13 12:32:02,205][com.java.SeleniumDriver] [ 1358] - Data in Test Execution Details:{1=PASS, 5=PASS}
[INFO ][2015-11-13 12:32:02,205][com.java.SeleniumDriver] [ 1359] - Data in Failed Execution Deatils:{}
[INFO ][2015-11-13 12:32:02,205][com.java.SeleniumDriver] [ 1361] - ReportCounter:Total:2 :: PASS: 2 ::FAIL: 0
[INFO ][2015-11-13 12:32:02,205][com.java.SeleniumDriver] [ 1362] - FailedReportCounter:Total:0 :: PASS: 0 ::FAIL: 0
[INFO ][2015-11-13 12:32:02,206][com.java.EmailTestReport] [   63] - Sending report mail details:
[INFO ][2015-11-13 12:32:02,206][com.java.EmailTestReport] [   80] - Excel Report Path:D:\BankersDashboard/TestReports/Test Results_BankersDashBoard_111315_123006_IE11_Any Bank USA.xls
[INFO ][2015-11-13 12:32:02,206][com.java.EmailTestReport] [   81] - HTML Report Path:D:\BankersDashboard//TestReports//Test Results_BankersDashBoard_111315_123006_IE11_Any Bank USA.html
[INFO ][2015-11-13 12:32:02,206][com.java.EmailTestReport] [   82] - smtpHostName:mail01.valuelabs.com
[INFO ][2015-11-13 12:32:02,206][com.java.EmailTestReport] [   83] - Recipient:venkateswararao.gubbala@valuelabs.com;
[INFO ][2015-11-13 12:32:02,206][com.java.EmailTestReport] [   84] - From:venkateswararao.gubbala@valuelabs.com;
[INFO ][2015-11-13 12:32:02,206][com.java.EmailTestReport] [   85] - Subject:Deluxe Corp Bankers Dashboard Automation Test Report - Any Bank USA - IE11
[INFO ][2015-11-13 12:32:02,226][com.java.EmailTestReport] [  143] -  Added venkateswararao.gubbala@valuelabs.com
[INFO ][2015-11-13 12:32:05,616][com.java.SeleniumDriver] [  719] - quitting the browser 
[INFO ][2015-11-13 12:32:06,796][com.java.SeleniumDriver] [  263] - Execution Completed Stopping the thread
