[INFO ][2016-01-20 16:12:48,530][com.java.SeleniumDriver] [  213] - Execute Failed Casesfalse
[INFO ][2016-01-20 16:12:48,530][com.java.SeleniumDriver] [  214] - Browser: IE10
[INFO ][2016-01-20 16:12:48,530][com.java.SeleniumDriver] [  215] - [1, 6]
[INFO ][2016-01-20 16:12:48,530][com.java.SeleniumDriver] [  216] - Total TestCases:2
[INFO ][2016-01-20 16:12:48,530][com.java.SeleniumDriver] [  217] -  Reading Properties from Property File 
[DEBUG][2016-01-20 16:12:48,530][com.java.SeleniumDriver] [  238] - url : https://clients-xuat.bankersdashboard.com
[INFO ][2016-01-20 16:12:48,530][com.java.ImportnExport.ExportTestResultsExcel] [  116] - Time Stamp Wed Jan 20 04:12:48 IST 2016
[INFO ][2016-01-20 16:12:48,530][com.java.ImportnExport.ExportTestResultsExcel] [  175] - OUT FILE : D:\BankersDashboard/TestReports/Test Results_BankersDashBoard_012016_161248_IE10_Any Bank USA.xls
[INFO ][2016-01-20 16:12:48,561][com.java.ImportnExport.ExportTestResultsExcel] [  180] - Test Result file is created
[DEBUG][2016-01-20 16:12:48,641][com.java.SeleniumDriver] [  426] - Hub ip address is-------172.17.68.34
[INFO ][2016-01-20 16:12:48,641][com.java.SeleniumDriver] [  452] - Grid URL:http://172.17.68.34:4444/wd/hub
[INFO ][2016-01-20 16:12:48,641][com.java.SeleniumDriver] [  453] - Capability:Capabilities [{platform=ANY, ensureCleanSession=true, ignoreProtectedModeSettings=true, acceptSslCerts=true, ignoreZoomSetting=true, browserName=internet explorer, browserstack.ie.noFlash=true, version=null}]
[ERROR][2016-01-20 16:12:49,956][com.java.SeleniumDriver] [  498] - Unable invoke browser in grid:Could not start a new session. Possible causes are invalid address of the remote server or browser start-up failure.
Build info: version: '2.49.0', revision: '365eeb4', time: '2016-01-13 18:37:00'
System info: host: 'FVTIII438F1D', ip: '172.17.68.34', os.name: 'Windows 7', os.arch: 'x86', os.version: '6.1', java.version: '1.7.0_55'
Driver info: driver.version: SeleniumDriver
[INFO ][2016-01-20 16:12:49,956][com.java.SeleniumDriver] [  500] - Executing on local machine
[INFO ][2016-01-20 16:12:59,950][com.java.SeleniumDriver] [  248] - IE10is opened
[INFO ][2016-01-20 16:13:00,775][com.java.SeleniumDriver] [  756] - Test cases to be executed are: [1, 6]
[INFO ][2016-01-20 16:13:00,796][com.java.ImportnExport.ImportTestDataDetailsExcel] [   49] - test data details path===== D:\BankersDashboard\TestInputs\TestData.xls
[INFO ][2016-01-20 16:13:00,846][com.java.SeleniumDriver] [  856] - ------------------------------------------
[INFO ][2016-01-20 16:13:00,846][com.java.SeleniumDriver] [  857] - Test case being Executed: 1
[INFO ][2016-01-20 16:13:00,846][com.java.SeleniumDriver] [  869] - Test step:1
[INFO ][2016-01-20 16:13:00,846][com.java.SeleniumDriver] [  881] - Datavalue is----------Concept#1:1-14
[INFO ][2016-01-20 16:13:00,846][com.java.SeleniumDriver] [  905] - DataField : test
[INFO ][2016-01-20 16:13:00,846][com.java.SeleniumDriver] [  907] - DataValue : Concept#1:1-14
[INFO ][2016-01-20 16:13:00,846][com.java.SeleniumDriver] [  913] - <In Set values of the page>
[INFO ][2016-01-20 16:13:00,846][com.java.SeleniumDriver] [  916] - {Data Fields & Data Values Exist}
[INFO ][2016-01-20 16:13:00,846][com.java.SeleniumDriver] [  918] - --------------------------setting values-----------------------------
[INFO ][2016-01-20 16:13:00,846][com.java.SeleniumDriver] [  921] - Action Type : ExecuteTestCase
[INFO ][2016-01-20 16:13:00,866][com.java.TestType] [  442] - The Concept sheet name is ---------- Concept
[INFO ][2016-01-20 16:13:00,866][com.java.TestType] [  445] - The Concept ID  is ---------- 1
[DEBUG][2016-01-20 16:13:00,866][com.java.TestType] [  449] - Steps being executted in the Concept are: 1:14
[INFO ][2016-01-20 16:13:00,866][com.java.TestType] [  456] - Test data details path ---------- D:\BankersDashboard\TestInputs\TestData.xls
[INFO ][2016-01-20 16:13:00,866][com.java.TestType] [  487] -  str(1) = 1
[INFO ][2016-01-20 16:13:00,866][com.java.TestType] [  490] - Test case Id is---1
[INFO ][2016-01-20 16:13:00,866][com.java.TestType] [  492] - 1
[INFO ][2016-01-20 16:13:00,866][com.java.TestType] [  487] -  str(2) = 1
[INFO ][2016-01-20 16:13:00,866][com.java.TestType] [  487] -  str(1) = 1
[INFO ][2016-01-20 16:13:00,866][com.java.TestType] [  490] - Test case Id is---1
[INFO ][2016-01-20 16:13:00,866][com.java.TestType] [  492] - 1
[INFO ][2016-01-20 16:13:00,866][com.java.TestType] [  487] -  str(2) = 2
[INFO ][2016-01-20 16:13:00,876][com.java.TestType] [  487] -  str(1) = 1
[INFO ][2016-01-20 16:13:00,876][com.java.TestType] [  490] - Test case Id is---1
[INFO ][2016-01-20 16:13:00,876][com.java.TestType] [  492] - 1
[INFO ][2016-01-20 16:13:00,876][com.java.TestType] [  487] -  str(2) = 3
[INFO ][2016-01-20 16:13:00,876][com.java.TestType] [  487] -  str(1) = 1
[INFO ][2016-01-20 16:13:00,876][com.java.TestType] [  490] - Test case Id is---1
[INFO ][2016-01-20 16:13:00,876][com.java.TestType] [  492] - 1
[INFO ][2016-01-20 16:13:00,876][com.java.TestType] [  487] -  str(2) = 4
[INFO ][2016-01-20 16:13:00,876][com.java.TestType] [  487] -  str(1) = 1
[INFO ][2016-01-20 16:13:00,876][com.java.TestType] [  490] - Test case Id is---1
[INFO ][2016-01-20 16:13:00,876][com.java.TestType] [  492] - 1
[INFO ][2016-01-20 16:13:00,876][com.java.TestType] [  487] -  str(2) = 5
[INFO ][2016-01-20 16:13:00,876][com.java.TestType] [  487] -  str(1) = 1
[INFO ][2016-01-20 16:13:00,876][com.java.TestType] [  490] - Test case Id is---1
[INFO ][2016-01-20 16:13:00,876][com.java.TestType] [  492] - 1
[INFO ][2016-01-20 16:13:00,876][com.java.TestType] [  487] -  str(2) = 6
[INFO ][2016-01-20 16:13:00,876][com.java.TestType] [  487] -  str(1) = 1
[INFO ][2016-01-20 16:13:00,876][com.java.TestType] [  490] - Test case Id is---1
[INFO ][2016-01-20 16:13:00,876][com.java.TestType] [  492] - 1
[INFO ][2016-01-20 16:13:00,876][com.java.TestType] [  487] -  str(2) = 7
[INFO ][2016-01-20 16:13:00,876][com.java.TestType] [  487] -  str(1) = 1
[INFO ][2016-01-20 16:13:00,876][com.java.TestType] [  490] - Test case Id is---1
[INFO ][2016-01-20 16:13:00,876][com.java.TestType] [  492] - 1
[INFO ][2016-01-20 16:13:00,876][com.java.TestType] [  487] -  str(2) = 8
[INFO ][2016-01-20 16:13:00,876][com.java.TestType] [  487] -  str(1) = 1
[INFO ][2016-01-20 16:13:00,876][com.java.TestType] [  490] - Test case Id is---1
[INFO ][2016-01-20 16:13:00,876][com.java.TestType] [  492] - 1
[INFO ][2016-01-20 16:13:00,876][com.java.TestType] [  487] -  str(2) = 9
[INFO ][2016-01-20 16:13:00,876][com.java.TestType] [  487] -  str(1) = 1
[INFO ][2016-01-20 16:13:00,876][com.java.TestType] [  490] - Test case Id is---1
[INFO ][2016-01-20 16:13:00,876][com.java.TestType] [  492] - 1
[INFO ][2016-01-20 16:13:00,876][com.java.TestType] [  487] -  str(2) = 10
[INFO ][2016-01-20 16:13:00,876][com.java.TestType] [  487] -  str(1) = 1
[INFO ][2016-01-20 16:13:00,876][com.java.TestType] [  490] - Test case Id is---1
[INFO ][2016-01-20 16:13:00,876][com.java.TestType] [  492] - 1
[INFO ][2016-01-20 16:13:00,876][com.java.TestType] [  487] -  str(2) = 11
[INFO ][2016-01-20 16:13:00,876][com.java.TestType] [  487] -  str(1) = 1
[INFO ][2016-01-20 16:13:00,876][com.java.TestType] [  490] - Test case Id is---1
[INFO ][2016-01-20 16:13:00,876][com.java.TestType] [  492] - 1
[INFO ][2016-01-20 16:13:00,876][com.java.TestType] [  487] -  str(2) = 12
[INFO ][2016-01-20 16:13:00,876][com.java.TestType] [  487] -  str(1) = 1
[INFO ][2016-01-20 16:13:00,876][com.java.TestType] [  490] - Test case Id is---1
[INFO ][2016-01-20 16:13:00,876][com.java.TestType] [  492] - 1
[INFO ][2016-01-20 16:13:00,876][com.java.TestType] [  487] -  str(2) = 13
[INFO ][2016-01-20 16:13:00,876][com.java.TestType] [  487] -  str(1) = 1
[INFO ][2016-01-20 16:13:00,876][com.java.TestType] [  490] - Test case Id is---1
[INFO ][2016-01-20 16:13:00,876][com.java.TestType] [  492] - 1
[INFO ][2016-01-20 16:13:00,876][com.java.TestType] [  487] -  str(2) = 14
[INFO ][2016-01-20 16:13:00,876][com.java.TestType] [  487] -  str(1) = 1
[INFO ][2016-01-20 16:13:00,876][com.java.TestType] [  490] - Test case Id is---1
[INFO ][2016-01-20 16:13:00,876][com.java.TestType] [  492] - 1
[INFO ][2016-01-20 16:13:00,876][com.java.TestType] [  487] -  str(2) = 15
[INFO ][2016-01-20 16:13:00,876][com.java.TestType] [  487] -  str(1) = 1
[INFO ][2016-01-20 16:13:00,886][com.java.TestType] [  490] - Test case Id is---1
[INFO ][2016-01-20 16:13:00,886][com.java.TestType] [  492] - 1
[INFO ][2016-01-20 16:13:00,886][com.java.TestType] [  487] -  str(2) = 16
[INFO ][2016-01-20 16:13:00,886][com.java.TestType] [11412] - Looping 1TCID = 1
[DEBUG][2016-01-20 16:13:00,886][com.java.TestType] [11453] - Concept ID:1 :: Step being Executed: 1::1
[INFO ][2016-01-20 16:13:00,886][com.java.TestType] [11491] - dataFields : TXTusername
[DEBUG][2016-01-20 16:13:00,886][com.java.TestType] [11497] - <In Set values of the page>
[DEBUG][2016-01-20 16:13:00,886][com.java.TestType] [11502] - {Data Fields & Data Values Exist}
[INFO ][2016-01-20 16:13:00,886][com.java.TestType] [11508] - --------------------------setting values-----------------------------
[INFO ][2016-01-20 16:13:00,886][com.java.TestType] [11511] - Action Type : CLEARANDENTER
[INFO ][2016-01-20 16:13:03,179][com.java.TestType] [ 6201] - value = naresh.nayini.00000
[INFO ][2016-01-20 16:13:05,607][com.java.TestType] [11530] -  RESULT true
[INFO ][2016-01-20 16:13:05,607][com.java.TestType] [11647] - ?   P A S S   ?
[DEBUG][2016-01-20 16:13:05,607][com.java.TestType] [11453] - Concept ID:1 :: Step being Executed: 1::2
[INFO ][2016-01-20 16:13:05,607][com.java.TestType] [11491] - dataFields : TXTpassword
[DEBUG][2016-01-20 16:13:05,607][com.java.TestType] [11497] - <In Set values of the page>
[DEBUG][2016-01-20 16:13:05,607][com.java.TestType] [11502] - {Data Fields & Data Values Exist}
[INFO ][2016-01-20 16:13:05,607][com.java.TestType] [11508] - --------------------------setting values-----------------------------
[INFO ][2016-01-20 16:13:05,607][com.java.TestType] [11511] - Action Type : CLEARANDENTER
[INFO ][2016-01-20 16:13:07,858][com.java.TestType] [ 6201] - value = Password1*
[INFO ][2016-01-20 16:13:10,416][com.java.TestType] [11530] -  RESULT true
[INFO ][2016-01-20 16:13:10,416][com.java.TestType] [11647] - ?   P A S S   ?
[DEBUG][2016-01-20 16:13:10,416][com.java.TestType] [11453] - Concept ID:1 :: Step being Executed: 1::3
[ERROR][2016-01-20 16:13:10,416][com.java.TestType] [11486] - Exception: null
[INFO ][2016-01-20 16:13:10,416][com.java.TestType] [11491] - dataFields : XPH//button[@type='submit']
[DEBUG][2016-01-20 16:13:10,416][com.java.TestType] [11497] - <In Set values of the page>
[DEBUG][2016-01-20 16:13:10,416][com.java.TestType] [11502] - {Data Fields & Data Values Exist}
[INFO ][2016-01-20 16:13:10,416][com.java.TestType] [11508] - --------------------------setting values-----------------------------
[INFO ][2016-01-20 16:13:10,416][com.java.TestType] [11511] - Action Type : Click
[INFO ][2016-01-20 16:13:10,416][com.java.TestType] [ 6580] - Field ::XPH//button[@type='submit']
[INFO ][2016-01-20 16:13:10,416][com.java.TestType] [ 6201] - value = 
[INFO ][2016-01-20 16:13:11,416][com.java.TestType] [ 6753] - BEFORE CLICK
[INFO ][2016-01-20 16:13:14,592][com.java.TestType] [ 6761] - Unable to click the object Login
[INFO ][2016-01-20 16:13:14,592][com.java.TestType] [11530] -  RESULT true
[INFO ][2016-01-20 16:13:14,592][com.java.TestType] [11647] - ?   P A S S   ?
[DEBUG][2016-01-20 16:13:14,592][com.java.TestType] [11453] - Concept ID:1 :: Step being Executed: 1::4
[INFO ][2016-01-20 16:13:14,592][com.java.TestType] [11491] - dataFields : LNKLogout
[DEBUG][2016-01-20 16:13:14,592][com.java.TestType] [11497] - <In Set values of the page>
[DEBUG][2016-01-20 16:13:14,592][com.java.TestType] [11502] - {Data Fields & Data Values Exist}
[INFO ][2016-01-20 16:13:14,592][com.java.TestType] [11508] - --------------------------setting values-----------------------------
[INFO ][2016-01-20 16:13:14,592][com.java.TestType] [11511] - Action Type : WaitForElement
[INFO ][2016-01-20 16:13:14,633][com.java.TestType] [11530] -  RESULT true
[INFO ][2016-01-20 16:13:14,633][com.java.TestType] [11647] - ?   P A S S   ?
[INFO ][2016-01-20 16:13:14,633][com.java.TestType] [11718] - Looping End......
[INFO ][2016-01-20 16:13:14,633][com.java.SeleniumDriver] [  930] -  RESULT true
[INFO ][2016-01-20 16:13:14,633][com.java.SeleniumDriver] [ 1136] - ?   P A S S   ?
[INFO ][2016-01-20 16:13:14,633][com.java.SeleniumDriver] [  856] - ------------------------------------------
[INFO ][2016-01-20 16:13:14,633][com.java.SeleniumDriver] [  857] - Test case being Executed: 1
[INFO ][2016-01-20 16:13:14,633][com.java.SeleniumDriver] [  869] - Test step:2
[INFO ][2016-01-20 16:13:14,633][com.java.SeleniumDriver] [  881] - Datavalue is----------Concept#2:1-2
[INFO ][2016-01-20 16:13:14,633][com.java.SeleniumDriver] [  905] - DataField : test
[INFO ][2016-01-20 16:13:14,633][com.java.SeleniumDriver] [  907] - DataValue : Concept#2:1-2
[INFO ][2016-01-20 16:13:14,633][com.java.SeleniumDriver] [  913] - <In Set values of the page>
[INFO ][2016-01-20 16:13:14,633][com.java.SeleniumDriver] [  916] - {Data Fields & Data Values Exist}
[INFO ][2016-01-20 16:13:14,633][com.java.SeleniumDriver] [  918] - --------------------------setting values-----------------------------
[INFO ][2016-01-20 16:13:14,633][com.java.SeleniumDriver] [  921] - Action Type : ExecuteTestCase
[INFO ][2016-01-20 16:13:14,633][com.java.TestType] [  442] - The Concept sheet name is ---------- Concept
[INFO ][2016-01-20 16:13:14,633][com.java.TestType] [  445] - The Concept ID  is ---------- 2
[DEBUG][2016-01-20 16:13:14,633][com.java.TestType] [  449] - Steps being executted in the Concept are: 1:2
[INFO ][2016-01-20 16:13:14,633][com.java.TestType] [  456] - Test data details path ---------- D:\BankersDashboard\TestInputs\TestData.xls
[INFO ][2016-01-20 16:13:14,643][com.java.TestType] [  487] -  str(1) = 2
[INFO ][2016-01-20 16:13:14,643][com.java.TestType] [  490] - Test case Id is---2
[INFO ][2016-01-20 16:13:14,643][com.java.TestType] [  492] - 2
[INFO ][2016-01-20 16:13:14,643][com.java.TestType] [  487] -  str(2) = 1
[INFO ][2016-01-20 16:13:14,643][com.java.TestType] [  487] -  str(1) = 2
[INFO ][2016-01-20 16:13:14,643][com.java.TestType] [  490] - Test case Id is---2
[INFO ][2016-01-20 16:13:14,643][com.java.TestType] [  492] - 2
[INFO ][2016-01-20 16:13:14,643][com.java.TestType] [  487] -  str(2) = 2
[INFO ][2016-01-20 16:13:14,643][com.java.TestType] [  487] -  str(1) = 2
[INFO ][2016-01-20 16:13:14,643][com.java.TestType] [  490] - Test case Id is---2
[INFO ][2016-01-20 16:13:14,643][com.java.TestType] [  492] - 2
[INFO ][2016-01-20 16:13:14,643][com.java.TestType] [  487] -  str(2) = 3
[INFO ][2016-01-20 16:13:14,643][com.java.TestType] [11412] - Looping 1TCID = 2
[DEBUG][2016-01-20 16:13:14,643][com.java.TestType] [11453] - Concept ID:2 :: Step being Executed: 2::1
[INFO ][2016-01-20 16:13:14,643][com.java.TestType] [11491] - dataFields : BNK//select[@id='bank']
[DEBUG][2016-01-20 16:13:14,643][com.java.TestType] [11497] - <In Set values of the page>
[DEBUG][2016-01-20 16:13:14,643][com.java.TestType] [11502] - {Data Fields & Data Values Exist}
[INFO ][2016-01-20 16:13:14,643][com.java.TestType] [11508] - --------------------------setting values-----------------------------
[INFO ][2016-01-20 16:13:14,643][com.java.TestType] [11511] - Action Type : Select
[INFO ][2016-01-20 16:13:14,643][com.java.TestType] [ 6201] - value = PFC
[INFO ][2016-01-20 16:13:14,923][com.java.TestType] [11530] -  RESULT true
[INFO ][2016-01-20 16:13:14,923][com.java.TestType] [11647] - ?   P A S S   ?
[DEBUG][2016-01-20 16:13:14,923][com.java.TestType] [11453] - Concept ID:2 :: Step being Executed: 2::2
[INFO ][2016-01-20 16:13:14,923][com.java.TestType] [11491] - dataFields : LNKLogout
[DEBUG][2016-01-20 16:13:14,923][com.java.TestType] [11497] - <In Set values of the page>
[DEBUG][2016-01-20 16:13:14,923][com.java.TestType] [11502] - {Data Fields & Data Values Exist}
[INFO ][2016-01-20 16:13:14,923][com.java.TestType] [11508] - --------------------------setting values-----------------------------
[INFO ][2016-01-20 16:13:14,923][com.java.TestType] [11511] - Action Type : WaitTime
[DEBUG][2016-01-20 16:13:14,923][com.java.TestType] [ 6015] - sleepTime: 5000
[INFO ][2016-01-20 16:13:19,932][com.java.TestType] [11530] -  RESULT true
[INFO ][2016-01-20 16:13:19,932][com.java.TestType] [11647] - ?   P A S S   ?
[INFO ][2016-01-20 16:13:19,932][com.java.TestType] [11718] - Looping End......
[INFO ][2016-01-20 16:13:19,932][com.java.SeleniumDriver] [  930] -  RESULT true
[INFO ][2016-01-20 16:13:19,932][com.java.SeleniumDriver] [ 1136] - ?   P A S S   ?
[INFO ][2016-01-20 16:13:19,932][com.java.SeleniumDriver] [  856] - ------------------------------------------
[INFO ][2016-01-20 16:13:19,932][com.java.SeleniumDriver] [  857] - Test case being Executed: 1
[INFO ][2016-01-20 16:13:19,932][com.java.SeleniumDriver] [  869] - Test step:3
[INFO ][2016-01-20 16:13:19,932][com.java.SeleniumDriver] [  881] - Datavalue is----------2
[INFO ][2016-01-20 16:13:19,932][com.java.SeleniumDriver] [  905] - DataField : XPH//button[contains(text(),'Add Content')]
[INFO ][2016-01-20 16:13:19,932][com.java.SeleniumDriver] [  907] - DataValue : 2
[INFO ][2016-01-20 16:13:19,932][com.java.SeleniumDriver] [  913] - <In Set values of the page>
[INFO ][2016-01-20 16:13:19,932][com.java.SeleniumDriver] [  916] - {Data Fields & Data Values Exist}
[INFO ][2016-01-20 16:13:19,932][com.java.SeleniumDriver] [  918] - --------------------------setting values-----------------------------
[INFO ][2016-01-20 16:13:19,932][com.java.SeleniumDriver] [  921] - Action Type : WAITFORELEMENT
[INFO ][2016-01-20 16:13:19,983][com.java.SeleniumDriver] [  930] -  RESULT true
[INFO ][2016-01-20 16:13:19,983][com.java.SeleniumDriver] [ 1136] - ?   P A S S   ?
[DEBUG][2016-01-20 16:13:19,983][com.java.SeleniumDriver] [ 1248] - Case found
[DEBUG][2016-01-20 16:13:19,983][com.java.SeleniumDriver] [ 1253] - Incrementing ReportCounters[0]:1
[INFO ][2016-01-20 16:13:19,983][com.java.SeleniumDriver] [ 1272] - The results are-------------------[1, 1, Valid Login, Pass, , Wed Jan 20 16:13:14 IST 2016, 1, 2, Valid Login, Pass, , Wed Jan 20 16:13:19 IST 2016, 1, 3, Valid Login, Pass, , Wed Jan 20 16:13:19 IST 2016]
[INFO ][2016-01-20 16:13:19,983][com.java.SeleniumDriver] [ 1276] - End time is-------34 sec
[INFO ][2016-01-20 16:13:19,983][com.java.SeleniumDriver] [ 1277] - The results are-------------------[1, 1, Valid Login, Pass, , Wed Jan 20 16:13:14 IST 2016, 1, 2, Valid Login, Pass, , Wed Jan 20 16:13:19 IST 2016, 1, 3, Valid Login, Pass, , Wed Jan 20 16:13:19 IST 2016]
[DEBUG][2016-01-20 16:13:19,983][com.java.ImportnExport.ExportTestResultsExcel] [  222] - testResultPath = D:\BankersDashboard/TestReports/Test Results_BankersDashBoard_012016_161248_IE10_Any Bank USA.xls
[DEBUG][2016-01-20 16:13:19,983][com.java.ImportnExport.ExportTestResultsExcel] [  223] - browser is------------IE10
[DEBUG][2016-01-20 16:13:20,023][com.java.ImportnExport.ExportTestResultsExcel] [  270] - result.size() = 18
[DEBUG][2016-01-20 16:13:20,023][com.java.ImportnExport.ExportTestResultsExcel] [  274] - No of rows in sheet=1
[DEBUG][2016-01-20 16:13:20,023][com.java.ImportnExport.ExportTestResultsExcel] [  301] - ..in export..1
[DEBUG][2016-01-20 16:13:20,023][com.java.ImportnExport.ExportTestResultsExcel] [  301] - ..in export..Valid Login
[DEBUG][2016-01-20 16:13:20,023][com.java.ImportnExport.ExportTestResultsExcel] [  301] - ..in export..Pass
[DEBUG][2016-01-20 16:13:20,023][com.java.ImportnExport.ExportTestResultsExcel] [  301] - ..in export..
[DEBUG][2016-01-20 16:13:20,023][com.java.ImportnExport.ExportTestResultsExcel] [  301] - ..in export..Wed Jan 20 16:13:14 IST 2016
[INFO ][2016-01-20 16:13:20,023][com.java.SeleniumDriver] [ 1337] - out loop:0 size:2 TestCases:[1, 6] testcases:[1, 6]
[INFO ][2016-01-20 16:13:20,023][com.java.ImportnExport.ImportTestDataDetailsExcel] [   49] - test data details path===== D:\BankersDashboard\TestInputs\TestData.xls
[INFO ][2016-01-20 16:13:35,755][com.java.SeleniumDriver] [  856] - ------------------------------------------
[INFO ][2016-01-20 16:13:35,755][com.java.SeleniumDriver] [  857] - Test case being Executed: 6
[INFO ][2016-01-20 16:13:35,755][com.java.SeleniumDriver] [  869] - Test step:1
[INFO ][2016-01-20 16:13:35,755][com.java.SeleniumDriver] [  881] - Datavalue is----------Logout
[INFO ][2016-01-20 16:13:35,755][com.java.SeleniumDriver] [  905] - DataField : BTN
[INFO ][2016-01-20 16:13:35,755][com.java.SeleniumDriver] [  907] - DataValue : Logout
[INFO ][2016-01-20 16:13:35,755][com.java.SeleniumDriver] [  913] - <In Set values of the page>
[INFO ][2016-01-20 16:13:35,755][com.java.SeleniumDriver] [  916] - {Data Fields & Data Values Exist}
[INFO ][2016-01-20 16:13:35,755][com.java.SeleniumDriver] [  918] - --------------------------setting values-----------------------------
[INFO ][2016-01-20 16:13:35,755][com.java.SeleniumDriver] [  921] - Action Type : Verify
[INFO ][2016-01-20 16:13:35,755][com.java.TestType] [ 7745] - field= BTN value= Logout
[INFO ][2016-01-20 16:13:35,755][com.java.TestType] [ 6201] - value = Logout
[INFO ][2016-01-20 16:13:35,846][com.java.SeleniumDriver] [  930] -  RESULT true
[INFO ][2016-01-20 16:13:35,846][com.java.SeleniumDriver] [ 1136] - ?   P A S S   ?
[INFO ][2016-01-20 16:13:35,846][com.java.SeleniumDriver] [ 1178] - step change to 3
[INFO ][2016-01-20 16:13:35,846][com.java.SeleniumDriver] [  856] - ------------------------------------------
[INFO ][2016-01-20 16:13:35,846][com.java.SeleniumDriver] [  857] - Test case being Executed: 6
[INFO ][2016-01-20 16:13:35,846][com.java.SeleniumDriver] [  869] - Test step:3
[INFO ][2016-01-20 16:13:35,846][com.java.SeleniumDriver] [  881] - Datavalue is----------Concept#2:1-2
[INFO ][2016-01-20 16:13:35,846][com.java.SeleniumDriver] [  905] - DataField : test
[INFO ][2016-01-20 16:13:35,846][com.java.SeleniumDriver] [  907] - DataValue : Concept#2:1-2
[INFO ][2016-01-20 16:13:35,846][com.java.SeleniumDriver] [  913] - <In Set values of the page>
[INFO ][2016-01-20 16:13:35,846][com.java.SeleniumDriver] [  916] - {Data Fields & Data Values Exist}
[INFO ][2016-01-20 16:13:35,846][com.java.SeleniumDriver] [  918] - --------------------------setting values-----------------------------
[INFO ][2016-01-20 16:13:35,846][com.java.SeleniumDriver] [  921] - Action Type : ExecuteTestCase
[INFO ][2016-01-20 16:13:35,846][com.java.TestType] [  442] - The Concept sheet name is ---------- Concept
[INFO ][2016-01-20 16:13:35,846][com.java.TestType] [  445] - The Concept ID  is ---------- 2
[DEBUG][2016-01-20 16:13:35,846][com.java.TestType] [  449] - Steps being executted in the Concept are: 1:2
[INFO ][2016-01-20 16:13:35,846][com.java.TestType] [  456] - Test data details path ---------- D:\BankersDashboard\TestInputs\TestData.xls
[INFO ][2016-01-20 16:13:35,846][com.java.TestType] [  487] -  str(1) = 2
[INFO ][2016-01-20 16:13:35,846][com.java.TestType] [  490] - Test case Id is---2
[INFO ][2016-01-20 16:13:35,846][com.java.TestType] [  492] - 2
[INFO ][2016-01-20 16:13:35,846][com.java.TestType] [  487] -  str(2) = 1
[INFO ][2016-01-20 16:13:35,846][com.java.TestType] [  487] -  str(1) = 2
[INFO ][2016-01-20 16:13:35,846][com.java.TestType] [  490] - Test case Id is---2
[INFO ][2016-01-20 16:13:35,846][com.java.TestType] [  492] - 2
[INFO ][2016-01-20 16:13:35,846][com.java.TestType] [  487] -  str(2) = 2
[INFO ][2016-01-20 16:13:35,846][com.java.TestType] [  487] -  str(1) = 2
[INFO ][2016-01-20 16:13:35,846][com.java.TestType] [  490] - Test case Id is---2
[INFO ][2016-01-20 16:13:35,846][com.java.TestType] [  492] - 2
[INFO ][2016-01-20 16:13:35,846][com.java.TestType] [  487] -  str(2) = 3
[INFO ][2016-01-20 16:13:35,856][com.java.TestType] [11412] - Looping 1TCID = 2
[DEBUG][2016-01-20 16:13:35,856][com.java.TestType] [11453] - Concept ID:2 :: Step being Executed: 2::1
[INFO ][2016-01-20 16:13:35,856][com.java.TestType] [11491] - dataFields : BNK//select[@id='bank']
[DEBUG][2016-01-20 16:13:35,856][com.java.TestType] [11497] - <In Set values of the page>
[DEBUG][2016-01-20 16:13:35,856][com.java.TestType] [11502] - {Data Fields & Data Values Exist}
[INFO ][2016-01-20 16:13:35,856][com.java.TestType] [11508] - --------------------------setting values-----------------------------
[INFO ][2016-01-20 16:13:35,856][com.java.TestType] [11511] - Action Type : Select
[INFO ][2016-01-20 16:13:35,856][com.java.TestType] [ 6201] - value = PFC
[INFO ][2016-01-20 16:13:36,036][com.java.TestType] [11530] -  RESULT true
[INFO ][2016-01-20 16:13:36,036][com.java.TestType] [11647] - ?   P A S S   ?
[DEBUG][2016-01-20 16:13:36,036][com.java.TestType] [11453] - Concept ID:2 :: Step being Executed: 2::2
[INFO ][2016-01-20 16:13:36,036][com.java.TestType] [11491] - dataFields : LNKLogout
[DEBUG][2016-01-20 16:13:36,036][com.java.TestType] [11497] - <In Set values of the page>
[DEBUG][2016-01-20 16:13:36,036][com.java.TestType] [11502] - {Data Fields & Data Values Exist}
[INFO ][2016-01-20 16:13:36,036][com.java.TestType] [11508] - --------------------------setting values-----------------------------
[INFO ][2016-01-20 16:13:36,036][com.java.TestType] [11511] - Action Type : WaitTime
[DEBUG][2016-01-20 16:13:36,036][com.java.TestType] [ 6015] - sleepTime: 5000
[INFO ][2016-01-20 16:13:41,036][com.java.TestType] [11530] -  RESULT true
[INFO ][2016-01-20 16:13:41,036][com.java.TestType] [11647] - ?   P A S S   ?
[INFO ][2016-01-20 16:13:41,036][com.java.TestType] [11718] - Looping End......
[INFO ][2016-01-20 16:13:41,036][com.java.SeleniumDriver] [  930] -  RESULT true
[INFO ][2016-01-20 16:13:41,036][com.java.SeleniumDriver] [ 1136] - ?   P A S S   ?
[INFO ][2016-01-20 16:13:41,036][com.java.SeleniumDriver] [  856] - ------------------------------------------
[INFO ][2016-01-20 16:13:41,036][com.java.SeleniumDriver] [  857] - Test case being Executed: 6
[INFO ][2016-01-20 16:13:41,036][com.java.SeleniumDriver] [  869] - Test step:4
[INFO ][2016-01-20 16:13:41,036][com.java.SeleniumDriver] [  881] - Datavalue is----------null
[DEBUG][2016-01-20 16:13:41,036][com.java.SeleniumDriver] [  899] - Exception: null
[INFO ][2016-01-20 16:13:41,036][com.java.SeleniumDriver] [  905] - DataField : //span[@class='icon-bars2']&&//a[@data-id='ManageExisting']
[INFO ][2016-01-20 16:13:41,036][com.java.SeleniumDriver] [  907] - DataValue : 
[INFO ][2016-01-20 16:13:41,036][com.java.SeleniumDriver] [  913] - <In Set values of the page>
[INFO ][2016-01-20 16:13:41,036][com.java.SeleniumDriver] [  916] - {Data Fields & Data Values Exist}
[INFO ][2016-01-20 16:13:41,036][com.java.SeleniumDriver] [  918] - --------------------------setting values-----------------------------
[INFO ][2016-01-20 16:13:41,036][com.java.SeleniumDriver] [  921] - Action Type : MOUSEOVER
[INFO ][2016-01-20 16:14:04,284][com.java.SeleniumDriver] [  930] -  RESULT true
[INFO ][2016-01-20 16:14:04,284][com.java.SeleniumDriver] [ 1136] - ?   P A S S   ?
[INFO ][2016-01-20 16:14:04,284][com.java.SeleniumDriver] [  856] - ------------------------------------------
[INFO ][2016-01-20 16:14:04,284][com.java.SeleniumDriver] [  857] - Test case being Executed: 6
[INFO ][2016-01-20 16:14:04,284][com.java.SeleniumDriver] [  869] - Test step:5
[INFO ][2016-01-20 16:14:04,284][com.java.SeleniumDriver] [  881] - Datavalue is----------3
[INFO ][2016-01-20 16:14:04,284][com.java.SeleniumDriver] [  905] - DataField : BTNframeDialogContent
[INFO ][2016-01-20 16:14:04,284][com.java.SeleniumDriver] [  907] - DataValue : 3
[INFO ][2016-01-20 16:14:04,284][com.java.SeleniumDriver] [  913] - <In Set values of the page>
[INFO ][2016-01-20 16:14:04,284][com.java.SeleniumDriver] [  916] - {Data Fields & Data Values Exist}
[INFO ][2016-01-20 16:14:04,284][com.java.SeleniumDriver] [  918] - --------------------------setting values-----------------------------
[INFO ][2016-01-20 16:14:04,284][com.java.SeleniumDriver] [  921] - Action Type : WaitForElement
[INFO ][2016-01-20 16:14:05,495][com.java.SeleniumDriver] [  930] -  RESULT true
[INFO ][2016-01-20 16:14:05,495][com.java.SeleniumDriver] [ 1136] - ?   P A S S   ?
[INFO ][2016-01-20 16:14:05,495][com.java.SeleniumDriver] [  856] - ------------------------------------------
[INFO ][2016-01-20 16:14:05,495][com.java.SeleniumDriver] [  857] - Test case being Executed: 6
[INFO ][2016-01-20 16:14:05,495][com.java.SeleniumDriver] [  869] - Test step:6
[INFO ][2016-01-20 16:14:05,495][com.java.SeleniumDriver] [  881] - Datavalue is----------null
[DEBUG][2016-01-20 16:14:05,495][com.java.SeleniumDriver] [  899] - Exception: null
[INFO ][2016-01-20 16:14:05,495][com.java.SeleniumDriver] [  905] - DataField : BTNframeDialogContent
[INFO ][2016-01-20 16:14:05,495][com.java.SeleniumDriver] [  907] - DataValue : 
[INFO ][2016-01-20 16:14:05,495][com.java.SeleniumDriver] [  913] - <In Set values of the page>
[INFO ][2016-01-20 16:14:05,495][com.java.SeleniumDriver] [  916] - {Data Fields & Data Values Exist}
[INFO ][2016-01-20 16:14:05,495][com.java.SeleniumDriver] [  918] - --------------------------setting values-----------------------------
[INFO ][2016-01-20 16:14:05,495][com.java.SeleniumDriver] [  921] - Action Type : SELECTFRAME
[INFO ][2016-01-20 16:14:06,727][com.java.SeleniumDriver] [  930] -  RESULT true
[INFO ][2016-01-20 16:14:06,727][com.java.SeleniumDriver] [ 1136] - ?   P A S S   ?
[INFO ][2016-01-20 16:14:06,727][com.java.SeleniumDriver] [  856] - ------------------------------------------
[INFO ][2016-01-20 16:14:06,727][com.java.SeleniumDriver] [  857] - Test case being Executed: 6
[INFO ][2016-01-20 16:14:06,727][com.java.SeleniumDriver] [  869] - Test step:7
[INFO ][2016-01-20 16:14:06,727][com.java.SeleniumDriver] [  881] - Datavalue is----------HMVTotemPoleNameNew
[INFO ][2016-01-20 16:14:06,727][com.java.SeleniumDriver] [  905] - DataField : SLBddlTotemPoles
[INFO ][2016-01-20 16:14:06,727][com.java.SeleniumDriver] [  907] - DataValue : HMVTotemPoleNameNew
[INFO ][2016-01-20 16:14:06,727][com.java.SeleniumDriver] [  913] - <In Set values of the page>
[INFO ][2016-01-20 16:14:06,727][com.java.SeleniumDriver] [  916] - {Data Fields & Data Values Exist}
[INFO ][2016-01-20 16:14:06,727][com.java.SeleniumDriver] [  918] - --------------------------setting values-----------------------------
[INFO ][2016-01-20 16:14:06,727][com.java.SeleniumDriver] [  921] - Action Type : Select
[INFO ][2016-01-20 16:14:06,727][com.java.TestType] [ 6201] - value = null
[INFO ][2016-01-20 16:14:08,918][com.java.SeleniumDriver] [  930] -  RESULT false
[INFO ][2016-01-20 16:14:08,918][com.java.SeleniumDriver] [  977] - ?   F A I L   ?
[INFO ][2016-01-20 16:14:08,918][com.java.SeleniumDriver] [  985] - Browser Type : IE10
[INFO ][2016-01-20 16:14:08,918][com.java.SeleniumDriver] [  986] - Adding Failed case6
[DEBUG][2016-01-20 16:14:09,668][com.java.SeleniumDriver] [ 1054] -  tdd.getCondition() IF:9:Next
[INFO ][2016-01-20 16:14:09,668][com.java.SeleniumDriver] [ 1058] - Continue next step...
[INFO ][2016-01-20 16:14:09,668][com.java.SeleniumDriver] [  856] - ------------------------------------------
[INFO ][2016-01-20 16:14:09,668][com.java.SeleniumDriver] [  857] - Test case being Executed: 6
[INFO ][2016-01-20 16:14:09,668][com.java.SeleniumDriver] [  869] - Test step:8
[INFO ][2016-01-20 16:14:09,668][com.java.SeleniumDriver] [  881] - Datavalue is----------index:1
[INFO ][2016-01-20 16:14:09,668][com.java.SeleniumDriver] [  905] - DataField : COBddlTotemPoles
[INFO ][2016-01-20 16:14:09,668][com.java.SeleniumDriver] [  907] - DataValue : index:1
[INFO ][2016-01-20 16:14:09,668][com.java.SeleniumDriver] [  913] - <In Set values of the page>
[INFO ][2016-01-20 16:14:09,668][com.java.SeleniumDriver] [  916] - {Data Fields & Data Values Exist}
[INFO ][2016-01-20 16:14:09,668][com.java.SeleniumDriver] [  918] - --------------------------setting values-----------------------------
[INFO ][2016-01-20 16:14:09,668][com.java.SeleniumDriver] [  921] - Action Type : Select
[INFO ][2016-01-20 16:14:09,668][com.java.TestType] [ 6201] - value = 1
[INFO ][2016-01-20 16:14:10,759][com.java.TestType] [ 6319] -  In COB ddlTotemPoles : 1
[INFO ][2016-01-20 16:14:10,949][com.java.SeleniumDriver] [  930] -  RESULT true
[INFO ][2016-01-20 16:14:10,949][com.java.SeleniumDriver] [ 1136] - ?   P A S S   ?
[INFO ][2016-01-20 16:14:10,949][com.java.SeleniumDriver] [  856] - ------------------------------------------
[INFO ][2016-01-20 16:14:10,949][com.java.SeleniumDriver] [  857] - Test case being Executed: 6
[INFO ][2016-01-20 16:14:10,949][com.java.SeleniumDriver] [  869] - Test step:9
[INFO ][2016-01-20 16:14:10,949][com.java.SeleniumDriver] [  881] - Datavalue is----------null
[DEBUG][2016-01-20 16:14:10,949][com.java.SeleniumDriver] [  899] - Exception: null
[INFO ][2016-01-20 16:14:10,949][com.java.SeleniumDriver] [  905] - DataField : BTNparent
[INFO ][2016-01-20 16:14:10,949][com.java.SeleniumDriver] [  907] - DataValue : 
[INFO ][2016-01-20 16:14:10,949][com.java.SeleniumDriver] [  913] - <In Set values of the page>
[INFO ][2016-01-20 16:14:10,949][com.java.SeleniumDriver] [  916] - {Data Fields & Data Values Exist}
[INFO ][2016-01-20 16:14:10,949][com.java.SeleniumDriver] [  918] - --------------------------setting values-----------------------------
[INFO ][2016-01-20 16:14:10,949][com.java.SeleniumDriver] [  921] - Action Type : SELECTFRAME
[INFO ][2016-01-20 16:14:10,959][com.java.SeleniumDriver] [  930] -  RESULT true
[INFO ][2016-01-20 16:14:10,959][com.java.SeleniumDriver] [ 1136] - ?   P A S S   ?
[INFO ][2016-01-20 16:14:10,959][com.java.SeleniumDriver] [  856] - ------------------------------------------
[INFO ][2016-01-20 16:14:10,959][com.java.SeleniumDriver] [  857] - Test case being Executed: 6
[INFO ][2016-01-20 16:14:10,959][com.java.SeleniumDriver] [  869] - Test step:10
[INFO ][2016-01-20 16:14:10,959][com.java.SeleniumDriver] [  881] - Datavalue is----------null
[DEBUG][2016-01-20 16:14:10,959][com.java.SeleniumDriver] [  899] - Exception: null
[INFO ][2016-01-20 16:14:10,959][com.java.SeleniumDriver] [  905] - DataField : HDN//span[text()='Select']
[INFO ][2016-01-20 16:14:10,959][com.java.SeleniumDriver] [  907] - DataValue : 
[INFO ][2016-01-20 16:14:10,959][com.java.SeleniumDriver] [  913] - <In Set values of the page>
[INFO ][2016-01-20 16:14:10,959][com.java.SeleniumDriver] [  916] - {Data Fields & Data Values Exist}
[INFO ][2016-01-20 16:14:10,959][com.java.SeleniumDriver] [  918] - --------------------------setting values-----------------------------
[INFO ][2016-01-20 16:14:10,959][com.java.SeleniumDriver] [  921] - Action Type : Click
[INFO ][2016-01-20 16:14:10,959][com.java.TestType] [ 6580] - Field ::HDN//span[text()='Select']
[INFO ][2016-01-20 16:14:10,959][com.java.TestType] [ 6201] - value = 
[INFO ][2016-01-20 16:14:12,130][com.java.SeleniumDriver] [  930] -  RESULT true
[INFO ][2016-01-20 16:14:12,130][com.java.SeleniumDriver] [ 1136] - ?   P A S S   ?
[INFO ][2016-01-20 16:14:12,130][com.java.SeleniumDriver] [  856] - ------------------------------------------
[INFO ][2016-01-20 16:14:12,130][com.java.SeleniumDriver] [  857] - Test case being Executed: 6
[INFO ][2016-01-20 16:14:12,130][com.java.SeleniumDriver] [  869] - Test step:11
[INFO ][2016-01-20 16:14:12,130][com.java.SeleniumDriver] [  881] - Datavalue is----------2
[INFO ][2016-01-20 16:14:12,130][com.java.SeleniumDriver] [  905] - DataField : BTNbtnAddItem.BalanceSheet
[INFO ][2016-01-20 16:14:12,130][com.java.SeleniumDriver] [  907] - DataValue : 2
[INFO ][2016-01-20 16:14:12,130][com.java.SeleniumDriver] [  913] - <In Set values of the page>
[INFO ][2016-01-20 16:14:12,130][com.java.SeleniumDriver] [  916] - {Data Fields & Data Values Exist}
[INFO ][2016-01-20 16:14:12,130][com.java.SeleniumDriver] [  918] - --------------------------setting values-----------------------------
[INFO ][2016-01-20 16:14:12,130][com.java.SeleniumDriver] [  921] - Action Type : WaitForElement
[INFO ][2016-01-20 16:14:17,979][com.java.SeleniumDriver] [  930] -  RESULT true
[INFO ][2016-01-20 16:14:17,979][com.java.SeleniumDriver] [ 1136] - ?   P A S S   ?
[INFO ][2016-01-20 16:14:17,979][com.java.SeleniumDriver] [  856] - ------------------------------------------
[INFO ][2016-01-20 16:14:17,979][com.java.SeleniumDriver] [  857] - Test case being Executed: 6
[INFO ][2016-01-20 16:14:17,979][com.java.SeleniumDriver] [  869] - Test step:12
[INFO ][2016-01-20 16:14:17,979][com.java.SeleniumDriver] [  881] - Datavalue is----------null
[DEBUG][2016-01-20 16:14:17,979][com.java.SeleniumDriver] [  899] - Exception: null
[INFO ][2016-01-20 16:14:17,979][com.java.SeleniumDriver] [  905] - DataField : HDNbtnAddItem.BalanceSheet
[INFO ][2016-01-20 16:14:17,979][com.java.SeleniumDriver] [  907] - DataValue : 
[INFO ][2016-01-20 16:14:17,979][com.java.SeleniumDriver] [  913] - <In Set values of the page>
[INFO ][2016-01-20 16:14:17,979][com.java.SeleniumDriver] [  916] - {Data Fields & Data Values Exist}
[INFO ][2016-01-20 16:14:17,979][com.java.SeleniumDriver] [  918] - --------------------------setting values-----------------------------
[INFO ][2016-01-20 16:14:17,979][com.java.SeleniumDriver] [  921] - Action Type : Click
[INFO ][2016-01-20 16:14:17,979][com.java.TestType] [ 6580] - Field ::HDNbtnAddItem.BalanceSheet
[INFO ][2016-01-20 16:14:17,979][com.java.TestType] [ 6201] - value = 
[INFO ][2016-01-20 16:14:20,469][com.java.SeleniumDriver] [  930] -  RESULT true
[INFO ][2016-01-20 16:14:20,469][com.java.SeleniumDriver] [ 1136] - ?   P A S S   ?
[INFO ][2016-01-20 16:14:20,469][com.java.SeleniumDriver] [  856] - ------------------------------------------
[INFO ][2016-01-20 16:14:20,469][com.java.SeleniumDriver] [  857] - Test case being Executed: 6
[INFO ][2016-01-20 16:14:20,469][com.java.SeleniumDriver] [  869] - Test step:13
[INFO ][2016-01-20 16:14:20,469][com.java.SeleniumDriver] [  881] - Datavalue is----------3
[INFO ][2016-01-20 16:14:20,469][com.java.SeleniumDriver] [  905] - DataField : BTNframeDialogContent
[INFO ][2016-01-20 16:14:20,469][com.java.SeleniumDriver] [  907] - DataValue : 3
[INFO ][2016-01-20 16:14:20,469][com.java.SeleniumDriver] [  913] - <In Set values of the page>
[INFO ][2016-01-20 16:14:20,469][com.java.SeleniumDriver] [  916] - {Data Fields & Data Values Exist}
[INFO ][2016-01-20 16:14:20,469][com.java.SeleniumDriver] [  918] - --------------------------setting values-----------------------------
[INFO ][2016-01-20 16:14:20,469][com.java.SeleniumDriver] [  921] - Action Type : WaitForElement
[INFO ][2016-01-20 16:14:21,679][com.java.SeleniumDriver] [  930] -  RESULT true
[INFO ][2016-01-20 16:14:21,679][com.java.SeleniumDriver] [ 1136] - ?   P A S S   ?
[INFO ][2016-01-20 16:14:21,679][com.java.SeleniumDriver] [  856] - ------------------------------------------
[INFO ][2016-01-20 16:14:21,679][com.java.SeleniumDriver] [  857] - Test case being Executed: 6
[INFO ][2016-01-20 16:14:21,679][com.java.SeleniumDriver] [  869] - Test step:14
[INFO ][2016-01-20 16:14:21,679][com.java.SeleniumDriver] [  881] - Datavalue is----------null
[DEBUG][2016-01-20 16:14:21,679][com.java.SeleniumDriver] [  899] - Exception: null
[INFO ][2016-01-20 16:14:21,679][com.java.SeleniumDriver] [  905] - DataField : BTNframeDialogContent
[INFO ][2016-01-20 16:14:21,679][com.java.SeleniumDriver] [  907] - DataValue : 
[INFO ][2016-01-20 16:14:21,679][com.java.SeleniumDriver] [  913] - <In Set values of the page>
[INFO ][2016-01-20 16:14:21,679][com.java.SeleniumDriver] [  916] - {Data Fields & Data Values Exist}
[INFO ][2016-01-20 16:14:21,679][com.java.SeleniumDriver] [  918] - --------------------------setting values-----------------------------
[INFO ][2016-01-20 16:14:21,679][com.java.SeleniumDriver] [  921] - Action Type : SELECTFRAME
[INFO ][2016-01-20 16:14:22,916][com.java.SeleniumDriver] [  930] -  RESULT true
[INFO ][2016-01-20 16:14:22,916][com.java.SeleniumDriver] [ 1136] - ?   P A S S   ?
[INFO ][2016-01-20 16:14:22,916][com.java.SeleniumDriver] [  856] - ------------------------------------------
[INFO ][2016-01-20 16:14:22,916][com.java.SeleniumDriver] [  857] - Test case being Executed: 6
[INFO ][2016-01-20 16:14:22,916][com.java.SeleniumDriver] [  869] - Test step:15
[INFO ][2016-01-20 16:14:22,916][com.java.SeleniumDriver] [  881] - Datavalue is----------3
[INFO ][2016-01-20 16:14:22,916][com.java.SeleniumDriver] [  905] - DataField : BTNtxtItemTitle
[INFO ][2016-01-20 16:14:22,916][com.java.SeleniumDriver] [  907] - DataValue : 3
[INFO ][2016-01-20 16:14:22,916][com.java.SeleniumDriver] [  913] - <In Set values of the page>
[INFO ][2016-01-20 16:14:22,916][com.java.SeleniumDriver] [  916] - {Data Fields & Data Values Exist}
[INFO ][2016-01-20 16:14:22,916][com.java.SeleniumDriver] [  918] - --------------------------setting values-----------------------------
[INFO ][2016-01-20 16:14:22,916][com.java.SeleniumDriver] [  921] - Action Type : WaitForElement
[INFO ][2016-01-20 16:14:23,956][com.java.SeleniumDriver] [  930] -  RESULT true
[INFO ][2016-01-20 16:14:23,956][com.java.SeleniumDriver] [ 1136] - ?   P A S S   ?
[INFO ][2016-01-20 16:14:23,956][com.java.SeleniumDriver] [  856] - ------------------------------------------
[INFO ][2016-01-20 16:14:23,956][com.java.SeleniumDriver] [  857] - Test case being Executed: 6
[INFO ][2016-01-20 16:14:23,956][com.java.SeleniumDriver] [  869] - Test step:16
[INFO ][2016-01-20 16:14:23,956][com.java.SeleniumDriver] [  881] - Datavalue is----------RNDVLBSItem
[INFO ][2016-01-20 16:14:23,956][com.java.SeleniumDriver] [  905] - DataField : TXTtxtItemTitle
[INFO ][2016-01-20 16:14:23,956][com.java.SeleniumDriver] [  907] - DataValue : RNDVLBSItem
[INFO ][2016-01-20 16:14:23,956][com.java.SeleniumDriver] [  913] - <In Set values of the page>
[INFO ][2016-01-20 16:14:23,956][com.java.SeleniumDriver] [  916] - {Data Fields & Data Values Exist}
[INFO ][2016-01-20 16:14:23,956][com.java.SeleniumDriver] [  918] - --------------------------setting values-----------------------------
[INFO ][2016-01-20 16:14:23,956][com.java.SeleniumDriver] [  921] - Action Type : Enter
[INFO ][2016-01-20 16:14:23,956][com.java.TestType] [ 7137] - field = txtItemTitle
[INFO ][2016-01-20 16:14:23,956][com.java.TestType] [ 6201] - value = VLBSItem59396
[INFO ][2016-01-20 16:14:25,968][com.java.SeleniumDriver] [  930] -  RESULT true
[INFO ][2016-01-20 16:14:25,968][com.java.SeleniumDriver] [ 1136] - ?   P A S S   ?
[INFO ][2016-01-20 16:14:25,968][com.java.SeleniumDriver] [  856] - ------------------------------------------
[INFO ][2016-01-20 16:14:25,968][com.java.SeleniumDriver] [  857] - Test case being Executed: 6
[INFO ][2016-01-20 16:14:25,968][com.java.SeleniumDriver] [  869] - Test step:17
[INFO ][2016-01-20 16:14:25,968][com.java.SeleniumDriver] [  881] - Datavalue is----------1
[INFO ][2016-01-20 16:14:25,968][com.java.SeleniumDriver] [  905] - DataField : test
[INFO ][2016-01-20 16:14:25,968][com.java.SeleniumDriver] [  907] - DataValue : 1
[INFO ][2016-01-20 16:14:25,968][com.java.SeleniumDriver] [  913] - <In Set values of the page>
[INFO ][2016-01-20 16:14:25,968][com.java.SeleniumDriver] [  916] - {Data Fields & Data Values Exist}
[INFO ][2016-01-20 16:14:25,968][com.java.SeleniumDriver] [  918] - --------------------------setting values-----------------------------
[INFO ][2016-01-20 16:14:25,968][com.java.SeleniumDriver] [  921] - Action Type : WaitTime
[DEBUG][2016-01-20 16:14:25,968][com.java.TestType] [ 6015] - sleepTime: 1000
[INFO ][2016-01-20 16:14:26,967][com.java.SeleniumDriver] [  930] -  RESULT true
[INFO ][2016-01-20 16:14:26,967][com.java.SeleniumDriver] [ 1136] - ?   P A S S   ?
[INFO ][2016-01-20 16:14:26,967][com.java.SeleniumDriver] [  856] - ------------------------------------------
[INFO ][2016-01-20 16:14:26,967][com.java.SeleniumDriver] [  857] - Test case being Executed: 6
[INFO ][2016-01-20 16:14:26,967][com.java.SeleniumDriver] [  869] - Test step:18
[INFO ][2016-01-20 16:14:26,967][com.java.SeleniumDriver] [  881] - Datavalue is----------BSItemName
[INFO ][2016-01-20 16:14:26,967][com.java.SeleniumDriver] [  905] - DataField : TXTtxtItemTitle
[INFO ][2016-01-20 16:14:26,967][com.java.SeleniumDriver] [  907] - DataValue : BSItemName
[INFO ][2016-01-20 16:14:26,967][com.java.SeleniumDriver] [  913] - <In Set values of the page>
[INFO ][2016-01-20 16:14:26,967][com.java.SeleniumDriver] [  916] - {Data Fields & Data Values Exist}
[INFO ][2016-01-20 16:14:26,967][com.java.SeleniumDriver] [  918] - --------------------------setting values-----------------------------
[INFO ][2016-01-20 16:14:26,967][com.java.SeleniumDriver] [  921] - Action Type : StoreValue
[INFO ][2016-01-20 16:14:26,967][com.java.TestType] [ 9172] - field= TXTtxtItemTitle
[DEBUG][2016-01-20 16:14:28,049][com.java.TestType] [ 9186] - Key:: BSItemName  Value:: VLBSItem59396
[INFO ][2016-01-20 16:14:28,049][com.java.SeleniumDriver] [  930] -  RESULT true
[INFO ][2016-01-20 16:14:28,049][com.java.SeleniumDriver] [ 1136] - ?   P A S S   ?
[INFO ][2016-01-20 16:14:28,049][com.java.SeleniumDriver] [  856] - ------------------------------------------
[INFO ][2016-01-20 16:14:28,049][com.java.SeleniumDriver] [  857] - Test case being Executed: 6
[INFO ][2016-01-20 16:14:28,049][com.java.SeleniumDriver] [  869] - Test step:19
[INFO ][2016-01-20 16:14:28,049][com.java.SeleniumDriver] [  881] - Datavalue is----------40
[INFO ][2016-01-20 16:14:28,049][com.java.SeleniumDriver] [  905] - DataField : TXTtxtItemWeight
[INFO ][2016-01-20 16:14:28,049][com.java.SeleniumDriver] [  907] - DataValue : 40
[INFO ][2016-01-20 16:14:28,049][com.java.SeleniumDriver] [  913] - <In Set values of the page>
[INFO ][2016-01-20 16:14:28,049][com.java.SeleniumDriver] [  916] - {Data Fields & Data Values Exist}
[INFO ][2016-01-20 16:14:28,049][com.java.SeleniumDriver] [  918] - --------------------------setting values-----------------------------
[INFO ][2016-01-20 16:14:28,049][com.java.SeleniumDriver] [  921] - Action Type : ClearAndEnter
[INFO ][2016-01-20 16:14:29,190][com.java.TestType] [ 6201] - value = 40
[INFO ][2016-01-20 16:14:30,351][com.java.SeleniumDriver] [  930] -  RESULT true
[INFO ][2016-01-20 16:14:30,351][com.java.SeleniumDriver] [ 1136] - ?   P A S S   ?
[INFO ][2016-01-20 16:14:30,351][com.java.SeleniumDriver] [  856] - ------------------------------------------
[INFO ][2016-01-20 16:14:30,351][com.java.SeleniumDriver] [  857] - Test case being Executed: 6
[INFO ][2016-01-20 16:14:30,351][com.java.SeleniumDriver] [  869] - Test step:20
[INFO ][2016-01-20 16:14:30,351][com.java.SeleniumDriver] [  881] - Datavalue is----------null
[DEBUG][2016-01-20 16:14:30,351][com.java.SeleniumDriver] [  899] - Exception: null
[INFO ][2016-01-20 16:14:30,351][com.java.SeleniumDriver] [  905] - DataField : HDNchkAvg
[INFO ][2016-01-20 16:14:30,351][com.java.SeleniumDriver] [  907] - DataValue : 
[INFO ][2016-01-20 16:14:30,351][com.java.SeleniumDriver] [  913] - <In Set values of the page>
[INFO ][2016-01-20 16:14:30,351][com.java.SeleniumDriver] [  916] - {Data Fields & Data Values Exist}
[INFO ][2016-01-20 16:14:30,351][com.java.SeleniumDriver] [  918] - --------------------------setting values-----------------------------
[INFO ][2016-01-20 16:14:30,351][com.java.SeleniumDriver] [  921] - Action Type : Click
[INFO ][2016-01-20 16:14:30,351][com.java.TestType] [ 6580] - Field ::HDNchkAvg
[INFO ][2016-01-20 16:14:30,351][com.java.TestType] [ 6201] - value = 
[INFO ][2016-01-20 16:14:32,442][com.java.SeleniumDriver] [  930] -  RESULT true
[INFO ][2016-01-20 16:14:32,442][com.java.SeleniumDriver] [ 1136] - ?   P A S S   ?
[INFO ][2016-01-20 16:14:32,442][com.java.SeleniumDriver] [  856] - ------------------------------------------
[INFO ][2016-01-20 16:14:32,442][com.java.SeleniumDriver] [  857] - Test case being Executed: 6
[INFO ][2016-01-20 16:14:32,442][com.java.SeleniumDriver] [  869] - Test step:21
[INFO ][2016-01-20 16:14:32,442][com.java.SeleniumDriver] [  881] - Datavalue is----------Change
[INFO ][2016-01-20 16:14:32,442][com.java.SeleniumDriver] [  905] - DataField : SLBddlItemVariance
[INFO ][2016-01-20 16:14:32,442][com.java.SeleniumDriver] [  907] - DataValue : Change
[INFO ][2016-01-20 16:14:32,442][com.java.SeleniumDriver] [  913] - <In Set values of the page>
[INFO ][2016-01-20 16:14:32,442][com.java.SeleniumDriver] [  916] - {Data Fields & Data Values Exist}
[INFO ][2016-01-20 16:14:32,442][com.java.SeleniumDriver] [  918] - --------------------------setting values-----------------------------
[INFO ][2016-01-20 16:14:32,442][com.java.SeleniumDriver] [  921] - Action Type : Select
[INFO ][2016-01-20 16:14:32,442][com.java.TestType] [ 6201] - value = Change
[INFO ][2016-01-20 16:14:34,758][com.java.SeleniumDriver] [  930] -  RESULT true
[INFO ][2016-01-20 16:14:34,758][com.java.SeleniumDriver] [ 1136] - ?   P A S S   ?
[INFO ][2016-01-20 16:14:34,758][com.java.SeleniumDriver] [  856] - ------------------------------------------
[INFO ][2016-01-20 16:14:34,758][com.java.SeleniumDriver] [  857] - Test case being Executed: 6
[INFO ][2016-01-20 16:14:34,758][com.java.SeleniumDriver] [  869] - Test step:22
[INFO ][2016-01-20 16:14:34,758][com.java.SeleniumDriver] [  881] - Datavalue is----------3
[INFO ][2016-01-20 16:14:34,758][com.java.SeleniumDriver] [  905] - DataField : test
[INFO ][2016-01-20 16:14:34,758][com.java.SeleniumDriver] [  907] - DataValue : 3
[INFO ][2016-01-20 16:14:34,758][com.java.SeleniumDriver] [  913] - <In Set values of the page>
[INFO ][2016-01-20 16:14:34,758][com.java.SeleniumDriver] [  916] - {Data Fields & Data Values Exist}
[INFO ][2016-01-20 16:14:34,758][com.java.SeleniumDriver] [  918] - --------------------------setting values-----------------------------
[INFO ][2016-01-20 16:14:34,758][com.java.SeleniumDriver] [  921] - Action Type : WaitTime
[DEBUG][2016-01-20 16:14:34,758][com.java.TestType] [ 6015] - sleepTime: 3000
[INFO ][2016-01-20 16:14:37,758][com.java.SeleniumDriver] [  930] -  RESULT true
[INFO ][2016-01-20 16:14:37,758][com.java.SeleniumDriver] [ 1136] - ?   P A S S   ?
[INFO ][2016-01-20 16:14:37,758][com.java.SeleniumDriver] [  856] - ------------------------------------------
[INFO ][2016-01-20 16:14:37,758][com.java.SeleniumDriver] [  857] - Test case being Executed: 6
[INFO ][2016-01-20 16:14:37,758][com.java.SeleniumDriver] [  869] - Test step:23
[INFO ][2016-01-20 16:14:37,758][com.java.SeleniumDriver] [  881] - Datavalue is----------Actual
[INFO ][2016-01-20 16:14:37,758][com.java.SeleniumDriver] [  905] - DataField : SLBddlVarianceSource
[INFO ][2016-01-20 16:14:37,758][com.java.SeleniumDriver] [  907] - DataValue : Actual
[INFO ][2016-01-20 16:14:37,758][com.java.SeleniumDriver] [  913] - <In Set values of the page>
[INFO ][2016-01-20 16:14:37,758][com.java.SeleniumDriver] [  916] - {Data Fields & Data Values Exist}
[INFO ][2016-01-20 16:14:37,758][com.java.SeleniumDriver] [  918] - --------------------------setting values-----------------------------
[INFO ][2016-01-20 16:14:37,758][com.java.SeleniumDriver] [  921] - Action Type : Select
[INFO ][2016-01-20 16:14:37,758][com.java.TestType] [ 6201] - value = Actual
[INFO ][2016-01-20 16:14:40,091][com.java.SeleniumDriver] [  930] -  RESULT true
[INFO ][2016-01-20 16:14:40,091][com.java.SeleniumDriver] [ 1136] - ?   P A S S   ?
[INFO ][2016-01-20 16:14:40,091][com.java.SeleniumDriver] [  856] - ------------------------------------------
[INFO ][2016-01-20 16:14:40,091][com.java.SeleniumDriver] [  857] - Test case being Executed: 6
[INFO ][2016-01-20 16:14:40,091][com.java.SeleniumDriver] [  869] - Test step:24
[INFO ][2016-01-20 16:14:40,091][com.java.SeleniumDriver] [  881] - Datavalue is----------Same Period
[INFO ][2016-01-20 16:14:40,091][com.java.SeleniumDriver] [  905] - DataField : SLBddlVarianceRange
[INFO ][2016-01-20 16:14:40,091][com.java.SeleniumDriver] [  907] - DataValue : Same Period
[INFO ][2016-01-20 16:14:40,091][com.java.SeleniumDriver] [  913] - <In Set values of the page>
[INFO ][2016-01-20 16:14:40,091][com.java.SeleniumDriver] [  916] - {Data Fields & Data Values Exist}
[INFO ][2016-01-20 16:14:40,091][com.java.SeleniumDriver] [  918] - --------------------------setting values-----------------------------
[INFO ][2016-01-20 16:14:40,091][com.java.SeleniumDriver] [  921] - Action Type : Select
[INFO ][2016-01-20 16:14:40,091][com.java.TestType] [ 6201] - value = Same Period
[INFO ][2016-01-20 16:14:42,393][com.java.SeleniumDriver] [  930] -  RESULT true
[INFO ][2016-01-20 16:14:42,393][com.java.SeleniumDriver] [ 1136] - ?   P A S S   ?
[INFO ][2016-01-20 16:14:42,393][com.java.SeleniumDriver] [  856] - ------------------------------------------
[INFO ][2016-01-20 16:14:42,393][com.java.SeleniumDriver] [  857] - Test case being Executed: 6
[INFO ][2016-01-20 16:14:42,393][com.java.SeleniumDriver] [  869] - Test step:25
[INFO ][2016-01-20 16:14:42,393][com.java.SeleniumDriver] [  881] - Datavalue is----------null
[DEBUG][2016-01-20 16:14:42,393][com.java.SeleniumDriver] [  899] - Exception: null
[INFO ][2016-01-20 16:14:42,393][com.java.SeleniumDriver] [  905] - DataField : BTN//select[@id='opGroups']/optgroup[1]/option[2]
[INFO ][2016-01-20 16:14:42,393][com.java.SeleniumDriver] [  907] - DataValue : 
[INFO ][2016-01-20 16:14:42,393][com.java.SeleniumDriver] [  913] - <In Set values of the page>
[INFO ][2016-01-20 16:14:42,393][com.java.SeleniumDriver] [  916] - {Data Fields & Data Values Exist}
[INFO ][2016-01-20 16:14:42,393][com.java.SeleniumDriver] [  918] - --------------------------setting values-----------------------------
[INFO ][2016-01-20 16:14:42,393][com.java.SeleniumDriver] [  921] - Action Type : Click
[INFO ][2016-01-20 16:14:42,393][com.java.TestType] [ 6580] - Field ::BTN//select[@id='opGroups']/optgroup[1]/option[2]
[INFO ][2016-01-20 16:14:42,393][com.java.TestType] [ 6201] - value = 
[INFO ][2016-01-20 16:14:43,393][com.java.TestType] [ 6732] - BEFORE CLICK
[INFO ][2016-01-20 16:14:43,534][com.java.TestType] [ 6739] - Unable to click the object Group option
[INFO ][2016-01-20 16:14:43,534][com.java.SeleniumDriver] [  930] -  RESULT true
[INFO ][2016-01-20 16:14:43,534][com.java.SeleniumDriver] [ 1136] - ?   P A S S   ?
[INFO ][2016-01-20 16:14:43,534][com.java.SeleniumDriver] [ 1178] - step change to 27
[INFO ][2016-01-20 16:14:43,534][com.java.SeleniumDriver] [  856] - ------------------------------------------
[INFO ][2016-01-20 16:14:43,534][com.java.SeleniumDriver] [  857] - Test case being Executed: 6
[INFO ][2016-01-20 16:14:43,534][com.java.SeleniumDriver] [  869] - Test step:27
[INFO ][2016-01-20 16:14:43,534][com.java.SeleniumDriver] [  881] - Datavalue is----------5
[INFO ][2016-01-20 16:14:43,534][com.java.SeleniumDriver] [  905] - DataField : BTN//select[@id='opAccounts']/option[1]
[INFO ][2016-01-20 16:14:43,534][com.java.SeleniumDriver] [  907] - DataValue : 5
[INFO ][2016-01-20 16:14:43,534][com.java.SeleniumDriver] [  913] - <In Set values of the page>
[INFO ][2016-01-20 16:14:43,534][com.java.SeleniumDriver] [  916] - {Data Fields & Data Values Exist}
[INFO ][2016-01-20 16:14:43,534][com.java.SeleniumDriver] [  918] - --------------------------setting values-----------------------------
[INFO ][2016-01-20 16:14:43,534][com.java.SeleniumDriver] [  921] - Action Type : WaitForElement
[INFO ][2016-01-20 16:14:44,621][com.java.SeleniumDriver] [  930] -  RESULT true
[INFO ][2016-01-20 16:14:44,621][com.java.SeleniumDriver] [ 1136] - ?   P A S S   ?
[INFO ][2016-01-20 16:14:44,621][com.java.SeleniumDriver] [  856] - ------------------------------------------
[INFO ][2016-01-20 16:14:44,621][com.java.SeleniumDriver] [  857] - Test case being Executed: 6
[INFO ][2016-01-20 16:14:44,621][com.java.SeleniumDriver] [  869] - Test step:28
[INFO ][2016-01-20 16:14:44,621][com.java.SeleniumDriver] [  881] - Datavalue is----------index:0
[INFO ][2016-01-20 16:14:44,621][com.java.SeleniumDriver] [  905] - DataField : COBopAccounts
[INFO ][2016-01-20 16:14:44,621][com.java.SeleniumDriver] [  907] - DataValue : index:0
[INFO ][2016-01-20 16:14:44,621][com.java.SeleniumDriver] [  913] - <In Set values of the page>
[INFO ][2016-01-20 16:14:44,621][com.java.SeleniumDriver] [  916] - {Data Fields & Data Values Exist}
[INFO ][2016-01-20 16:14:44,621][com.java.SeleniumDriver] [  918] - --------------------------setting values-----------------------------
[INFO ][2016-01-20 16:14:44,621][com.java.SeleniumDriver] [  921] - Action Type : Select
[INFO ][2016-01-20 16:14:44,621][com.java.TestType] [ 6201] - value = 0
[INFO ][2016-01-20 16:14:45,723][com.java.TestType] [ 6319] -  In COB opAccounts : 0
[INFO ][2016-01-20 16:14:45,863][com.java.SeleniumDriver] [  930] -  RESULT true
[INFO ][2016-01-20 16:14:45,863][com.java.SeleniumDriver] [ 1136] - ?   P A S S   ?
[INFO ][2016-01-20 16:14:45,863][com.java.SeleniumDriver] [  856] - ------------------------------------------
[INFO ][2016-01-20 16:14:45,863][com.java.SeleniumDriver] [  857] - Test case being Executed: 6
[INFO ][2016-01-20 16:14:45,863][com.java.SeleniumDriver] [  869] - Test step:29
[INFO ][2016-01-20 16:14:45,863][com.java.SeleniumDriver] [  881] - Datavalue is----------null
[DEBUG][2016-01-20 16:14:45,863][com.java.SeleniumDriver] [  899] - Exception: null
[INFO ][2016-01-20 16:14:45,863][com.java.SeleniumDriver] [  905] - DataField : DCL//table[3]/tbody/tr/td[2]/select/option[1]
[INFO ][2016-01-20 16:14:45,863][com.java.SeleniumDriver] [  907] - DataValue : 
[INFO ][2016-01-20 16:14:45,863][com.java.SeleniumDriver] [  913] - <In Set values of the page>
[INFO ][2016-01-20 16:14:45,863][com.java.SeleniumDriver] [  916] - {Data Fields & Data Values Exist}
[INFO ][2016-01-20 16:14:45,863][com.java.SeleniumDriver] [  918] - --------------------------setting values-----------------------------
[INFO ][2016-01-20 16:14:45,863][com.java.SeleniumDriver] [  921] - Action Type : Click
[INFO ][2016-01-20 16:14:45,863][com.java.TestType] [ 6580] - Field ::DCL//table[3]/tbody/tr/td[2]/select/option[1]
[INFO ][2016-01-20 16:14:45,863][com.java.TestType] [ 6201] - value = 
[INFO ][2016-01-20 16:14:48,203][com.java.SeleniumDriver] [  930] -  RESULT true
[INFO ][2016-01-20 16:14:48,203][com.java.SeleniumDriver] [ 1136] - ?   P A S S   ?
[INFO ][2016-01-20 16:14:48,203][com.java.SeleniumDriver] [  856] - ------------------------------------------
[INFO ][2016-01-20 16:14:48,203][com.java.SeleniumDriver] [  857] - Test case being Executed: 6
[INFO ][2016-01-20 16:14:48,203][com.java.SeleniumDriver] [  869] - Test step:30
[INFO ][2016-01-20 16:14:48,203][com.java.SeleniumDriver] [  881] - Datavalue is----------5
[INFO ][2016-01-20 16:14:48,203][com.java.SeleniumDriver] [  905] - DataField : BTN//div[@id="expression"]/span[2]
[INFO ][2016-01-20 16:14:48,203][com.java.SeleniumDriver] [  907] - DataValue : 5
[INFO ][2016-01-20 16:14:48,203][com.java.SeleniumDriver] [  913] - <In Set values of the page>
[INFO ][2016-01-20 16:14:48,203][com.java.SeleniumDriver] [  916] - {Data Fields & Data Values Exist}
[INFO ][2016-01-20 16:14:48,203][com.java.SeleniumDriver] [  918] - --------------------------setting values-----------------------------
[INFO ][2016-01-20 16:14:48,203][com.java.SeleniumDriver] [  921] - Action Type : WaitForElement
