[INFO ][2016-01-25 16:58:33,472][com.java.SeleniumDriver] [  213] - Execute Failed Casesfalse
[INFO ][2016-01-25 16:58:33,472][com.java.SeleniumDriver] [  214] - Browser: IE10
[INFO ][2016-01-25 16:58:33,472][com.java.SeleniumDriver] [  215] - [12]
[INFO ][2016-01-25 16:58:33,472][com.java.SeleniumDriver] [  216] - Total TestCases:1
[INFO ][2016-01-25 16:58:33,472][com.java.SeleniumDriver] [  217] -  Reading Properties from Property File 
[DEBUG][2016-01-25 16:58:33,472][com.java.SeleniumDriver] [  238] - url : https://clients-xuat.bankersdashboard.com
[INFO ][2016-01-25 16:58:33,472][com.java.ImportnExport.ExportTestResultsExcel] [  116] - Time Stamp Mon Jan 25 04:58:33 IST 2016
[INFO ][2016-01-25 16:58:33,472][com.java.ImportnExport.ExportTestResultsExcel] [  175] - OUT FILE : D:\BankersDashboard/TestReports/Test Results_BankersDashBoard_012516_165833_IE10_Any Bank USA.xls
[INFO ][2016-01-25 16:58:33,502][com.java.ImportnExport.ExportTestResultsExcel] [  180] - Test Result file is created
[DEBUG][2016-01-25 16:58:33,583][com.java.SeleniumDriver] [  426] - Hub ip address is-------172.17.68.34
[INFO ][2016-01-25 16:58:33,583][com.java.SeleniumDriver] [  452] - Grid URL:http://172.17.68.34:4444/wd/hub
[INFO ][2016-01-25 16:58:33,583][com.java.SeleniumDriver] [  453] - Capability:Capabilities [{platform=ANY, ensureCleanSession=true, ignoreProtectedModeSettings=true, acceptSslCerts=true, ignoreZoomSetting=true, browserName=internet explorer, browserstack.ie.noFlash=true, version=null}]
[ERROR][2016-01-25 16:58:34,903][com.java.SeleniumDriver] [  498] - Unable invoke browser in grid:Could not start a new session. Possible causes are invalid address of the remote server or browser start-up failure.
Build info: version: '2.48.2', revision: '41bccdd', time: '2015-10-09 19:59:12'
System info: host: 'FVTIII438F1D', ip: '172.17.68.34', os.name: 'Windows 7', os.arch: 'x86', os.version: '6.1', java.version: '1.7.0_55'
Driver info: driver.version: SeleniumDriver
[INFO ][2016-01-25 16:58:34,903][com.java.SeleniumDriver] [  500] - Executing on local machine
[INFO ][2016-01-25 16:58:45,118][com.java.SeleniumDriver] [  248] - IE10is opened
[INFO ][2016-01-25 16:58:45,941][com.java.SeleniumDriver] [  756] - Test cases to be executed are: [12]
[INFO ][2016-01-25 16:58:45,962][com.java.ImportnExport.ImportTestDataDetailsExcel] [   49] - test data details path===== D:\BankersDashboard\TestInputs\TestData.xls
[INFO ][2016-01-25 16:58:46,032][com.java.SeleniumDriver] [  856] - ------------------------------------------
[INFO ][2016-01-25 16:58:46,032][com.java.SeleniumDriver] [  857] - Test case being Executed: 12
[INFO ][2016-01-25 16:58:46,032][com.java.SeleniumDriver] [  869] - Test step:1
[INFO ][2016-01-25 16:58:46,032][com.java.SeleniumDriver] [  881] - Datavalue is----------Logout
[INFO ][2016-01-25 16:58:46,032][com.java.SeleniumDriver] [  905] - DataField : BTN
[INFO ][2016-01-25 16:58:46,032][com.java.SeleniumDriver] [  907] - DataValue : Logout
[INFO ][2016-01-25 16:58:46,032][com.java.SeleniumDriver] [  913] - <In Set values of the page>
[INFO ][2016-01-25 16:58:46,032][com.java.SeleniumDriver] [  916] - {Data Fields & Data Values Exist}
[INFO ][2016-01-25 16:58:46,032][com.java.SeleniumDriver] [  918] - --------------------------setting values-----------------------------
[INFO ][2016-01-25 16:58:46,032][com.java.SeleniumDriver] [  921] - Action Type : Verify
[INFO ][2016-01-25 16:58:46,042][com.java.TestType] [ 7985] - field= BTN value= Logout
[INFO ][2016-01-25 16:58:46,042][com.java.TestType] [ 6395] - value = Logout
[DEBUG][2016-01-25 16:59:21,862][com.java.TestType] [ 7645] - Logout   :: Element not Found
[ERROR][2016-01-25 16:59:38,703][com.java.TestType] [ 8705] - Assertion Error: 
[INFO ][2016-01-25 16:59:38,703][com.java.SeleniumDriver] [  930] -  RESULT false
[INFO ][2016-01-25 16:59:38,703][com.java.SeleniumDriver] [  977] - ?   F A I L   ?
[INFO ][2016-01-25 16:59:38,703][com.java.SeleniumDriver] [  985] - Browser Type : IE10
[INFO ][2016-01-25 16:59:38,703][com.java.SeleniumDriver] [  986] - Adding Failed case12
[DEBUG][2016-01-25 16:59:38,794][com.java.SeleniumDriver] [ 1054] -  tdd.getCondition() IF:3:Next
[INFO ][2016-01-25 16:59:38,794][com.java.SeleniumDriver] [ 1058] - Continue next step...
[INFO ][2016-01-25 16:59:38,794][com.java.SeleniumDriver] [  856] - ------------------------------------------
[INFO ][2016-01-25 16:59:38,794][com.java.SeleniumDriver] [  857] - Test case being Executed: 12
[INFO ][2016-01-25 16:59:38,794][com.java.SeleniumDriver] [  869] - Test step:2
[INFO ][2016-01-25 16:59:38,794][com.java.SeleniumDriver] [  881] - Datavalue is----------Concept#1:1-14
[INFO ][2016-01-25 16:59:38,794][com.java.SeleniumDriver] [  905] - DataField : test
[INFO ][2016-01-25 16:59:38,794][com.java.SeleniumDriver] [  907] - DataValue : Concept#1:1-14
[INFO ][2016-01-25 16:59:38,794][com.java.SeleniumDriver] [  913] - <In Set values of the page>
[INFO ][2016-01-25 16:59:38,794][com.java.SeleniumDriver] [  916] - {Data Fields & Data Values Exist}
[INFO ][2016-01-25 16:59:38,794][com.java.SeleniumDriver] [  918] - --------------------------setting values-----------------------------
[INFO ][2016-01-25 16:59:38,794][com.java.SeleniumDriver] [  921] - Action Type : ExecuteTestCase
[INFO ][2016-01-25 16:59:38,794][com.java.TestType] [  442] - The Concept sheet name is ---------- Concept
[INFO ][2016-01-25 16:59:38,794][com.java.TestType] [  445] - The Concept ID  is ---------- 1
[DEBUG][2016-01-25 16:59:38,794][com.java.TestType] [  449] - Steps being executted in the Concept are: 1:14
[INFO ][2016-01-25 16:59:38,804][com.java.TestType] [  456] - Test data details path ---------- D:\BankersDashboard\TestInputs\TestData.xls
[INFO ][2016-01-25 16:59:38,814][com.java.TestType] [  487] -  str(1) = 1
[INFO ][2016-01-25 16:59:38,814][com.java.TestType] [  490] - Test case Id is---1
[INFO ][2016-01-25 16:59:38,814][com.java.TestType] [  492] - 1
[INFO ][2016-01-25 16:59:38,814][com.java.TestType] [  487] -  str(2) = 1
[INFO ][2016-01-25 16:59:38,814][com.java.TestType] [  487] -  str(1) = 1
[INFO ][2016-01-25 16:59:38,814][com.java.TestType] [  490] - Test case Id is---1
[INFO ][2016-01-25 16:59:38,814][com.java.TestType] [  492] - 1
[INFO ][2016-01-25 16:59:38,814][com.java.TestType] [  487] -  str(2) = 2
[INFO ][2016-01-25 16:59:38,824][com.java.TestType] [  487] -  str(1) = 1
[INFO ][2016-01-25 16:59:38,824][com.java.TestType] [  490] - Test case Id is---1
[INFO ][2016-01-25 16:59:38,824][com.java.TestType] [  492] - 1
[INFO ][2016-01-25 16:59:38,824][com.java.TestType] [  487] -  str(2) = 3
[INFO ][2016-01-25 16:59:38,824][com.java.TestType] [  487] -  str(1) = 1
[INFO ][2016-01-25 16:59:38,824][com.java.TestType] [  490] - Test case Id is---1
[INFO ][2016-01-25 16:59:38,824][com.java.TestType] [  492] - 1
[INFO ][2016-01-25 16:59:38,824][com.java.TestType] [  487] -  str(2) = 4
[INFO ][2016-01-25 16:59:38,824][com.java.TestType] [  487] -  str(1) = 1
[INFO ][2016-01-25 16:59:38,824][com.java.TestType] [  490] - Test case Id is---1
[INFO ][2016-01-25 16:59:38,824][com.java.TestType] [  492] - 1
[INFO ][2016-01-25 16:59:38,824][com.java.TestType] [  487] -  str(2) = 5
[INFO ][2016-01-25 16:59:38,824][com.java.TestType] [  487] -  str(1) = 1
[INFO ][2016-01-25 16:59:38,824][com.java.TestType] [  490] - Test case Id is---1
[INFO ][2016-01-25 16:59:38,824][com.java.TestType] [  492] - 1
[INFO ][2016-01-25 16:59:38,824][com.java.TestType] [  487] -  str(2) = 6
[INFO ][2016-01-25 16:59:38,824][com.java.TestType] [  487] -  str(1) = 1
[INFO ][2016-01-25 16:59:38,824][com.java.TestType] [  490] - Test case Id is---1
[INFO ][2016-01-25 16:59:38,824][com.java.TestType] [  492] - 1
[INFO ][2016-01-25 16:59:38,824][com.java.TestType] [  487] -  str(2) = 7
[INFO ][2016-01-25 16:59:38,824][com.java.TestType] [  487] -  str(1) = 1
[INFO ][2016-01-25 16:59:38,824][com.java.TestType] [  490] - Test case Id is---1
[INFO ][2016-01-25 16:59:38,824][com.java.TestType] [  492] - 1
[INFO ][2016-01-25 16:59:38,824][com.java.TestType] [  487] -  str(2) = 8
[INFO ][2016-01-25 16:59:38,824][com.java.TestType] [  487] -  str(1) = 1
[INFO ][2016-01-25 16:59:38,824][com.java.TestType] [  490] - Test case Id is---1
[INFO ][2016-01-25 16:59:38,824][com.java.TestType] [  492] - 1
[INFO ][2016-01-25 16:59:38,824][com.java.TestType] [  487] -  str(2) = 9
[INFO ][2016-01-25 16:59:38,824][com.java.TestType] [  487] -  str(1) = 1
[INFO ][2016-01-25 16:59:38,824][com.java.TestType] [  490] - Test case Id is---1
[INFO ][2016-01-25 16:59:38,824][com.java.TestType] [  492] - 1
[INFO ][2016-01-25 16:59:38,824][com.java.TestType] [  487] -  str(2) = 10
[INFO ][2016-01-25 16:59:38,824][com.java.TestType] [  487] -  str(1) = 1
[INFO ][2016-01-25 16:59:38,834][com.java.TestType] [  490] - Test case Id is---1
[INFO ][2016-01-25 16:59:38,834][com.java.TestType] [  492] - 1
[INFO ][2016-01-25 16:59:38,834][com.java.TestType] [  487] -  str(2) = 11
[INFO ][2016-01-25 16:59:38,834][com.java.TestType] [  487] -  str(1) = 1
[INFO ][2016-01-25 16:59:38,834][com.java.TestType] [  490] - Test case Id is---1
[INFO ][2016-01-25 16:59:38,834][com.java.TestType] [  492] - 1
[INFO ][2016-01-25 16:59:38,834][com.java.TestType] [  487] -  str(2) = 12
[INFO ][2016-01-25 16:59:38,834][com.java.TestType] [  487] -  str(1) = 1
[INFO ][2016-01-25 16:59:38,834][com.java.TestType] [  490] - Test case Id is---1
[INFO ][2016-01-25 16:59:38,834][com.java.TestType] [  492] - 1
[INFO ][2016-01-25 16:59:38,834][com.java.TestType] [  487] -  str(2) = 13
[INFO ][2016-01-25 16:59:38,834][com.java.TestType] [  487] -  str(1) = 1
[INFO ][2016-01-25 16:59:38,834][com.java.TestType] [  490] - Test case Id is---1
[INFO ][2016-01-25 16:59:38,834][com.java.TestType] [  492] - 1
[INFO ][2016-01-25 16:59:38,834][com.java.TestType] [  487] -  str(2) = 14
[INFO ][2016-01-25 16:59:38,834][com.java.TestType] [11650] - Looping 1TCID = 1
[DEBUG][2016-01-25 16:59:38,834][com.java.TestType] [11691] - Concept ID:1 :: Step being Executed: 1::1
[INFO ][2016-01-25 16:59:38,834][com.java.TestType] [11729] - dataFields : TXTusername
[DEBUG][2016-01-25 16:59:38,834][com.java.TestType] [11735] - <In Set values of the page>
[DEBUG][2016-01-25 16:59:38,834][com.java.TestType] [11740] - {Data Fields & Data Values Exist}
[INFO ][2016-01-25 16:59:38,834][com.java.TestType] [11746] - --------------------------setting values-----------------------------
[INFO ][2016-01-25 16:59:38,834][com.java.TestType] [11749] - Action Type : CLEARANDENTER
[INFO ][2016-01-25 16:59:41,095][com.java.TestType] [ 6395] - value = naresh.nayini.00000
[INFO ][2016-01-25 16:59:43,528][com.java.TestType] [11768] -  RESULT true
[INFO ][2016-01-25 16:59:43,528][com.java.TestType] [11885] - ?   P A S S   ?
[DEBUG][2016-01-25 16:59:43,528][com.java.TestType] [11691] - Concept ID:1 :: Step being Executed: 1::2
[INFO ][2016-01-25 16:59:43,528][com.java.TestType] [11729] - dataFields : TXTpassword
[DEBUG][2016-01-25 16:59:43,528][com.java.TestType] [11735] - <In Set values of the page>
[DEBUG][2016-01-25 16:59:43,528][com.java.TestType] [11740] - {Data Fields & Data Values Exist}
[INFO ][2016-01-25 16:59:43,528][com.java.TestType] [11746] - --------------------------setting values-----------------------------
[INFO ][2016-01-25 16:59:43,528][com.java.TestType] [11749] - Action Type : CLEARANDENTER
[INFO ][2016-01-25 16:59:45,769][com.java.TestType] [ 6395] - value = Password1*
[INFO ][2016-01-25 16:59:48,315][com.java.TestType] [11768] -  RESULT true
[INFO ][2016-01-25 16:59:48,315][com.java.TestType] [11885] - ?   P A S S   ?
[DEBUG][2016-01-25 16:59:48,315][com.java.TestType] [11691] - Concept ID:1 :: Step being Executed: 1::3
[ERROR][2016-01-25 16:59:48,315][com.java.TestType] [11724] - Exception: null
[INFO ][2016-01-25 16:59:48,315][com.java.TestType] [11729] - dataFields : XPH//button[@type='submit']
[DEBUG][2016-01-25 16:59:48,315][com.java.TestType] [11735] - <In Set values of the page>
[DEBUG][2016-01-25 16:59:48,315][com.java.TestType] [11740] - {Data Fields & Data Values Exist}
[INFO ][2016-01-25 16:59:48,315][com.java.TestType] [11746] - --------------------------setting values-----------------------------
[INFO ][2016-01-25 16:59:48,315][com.java.TestType] [11749] - Action Type : Click
[INFO ][2016-01-25 16:59:48,315][com.java.TestType] [ 6774] - Field ::XPH//button[@type='submit']
[INFO ][2016-01-25 16:59:48,315][com.java.TestType] [ 6395] - value = 
[INFO ][2016-01-25 16:59:49,315][com.java.TestType] [ 6947] - BEFORE CLICK
[INFO ][2016-01-25 16:59:50,145][com.java.TestType] [ 6955] - Unable to click the object Login
[INFO ][2016-01-25 16:59:50,145][com.java.TestType] [11768] -  RESULT true
[INFO ][2016-01-25 16:59:50,145][com.java.TestType] [11885] - ?   P A S S   ?
[DEBUG][2016-01-25 16:59:50,145][com.java.TestType] [11691] - Concept ID:1 :: Step being Executed: 1::4
[INFO ][2016-01-25 16:59:50,145][com.java.TestType] [11729] - dataFields : LNKLogout
[DEBUG][2016-01-25 16:59:50,145][com.java.TestType] [11735] - <In Set values of the page>
[DEBUG][2016-01-25 16:59:50,145][com.java.TestType] [11740] - {Data Fields & Data Values Exist}
[INFO ][2016-01-25 16:59:50,145][com.java.TestType] [11746] - --------------------------setting values-----------------------------
[INFO ][2016-01-25 16:59:50,145][com.java.TestType] [11749] - Action Type : WaitForElement
[INFO ][2016-01-25 16:59:57,574][com.java.TestType] [11768] -  RESULT true
[INFO ][2016-01-25 16:59:57,574][com.java.TestType] [11885] - ?   P A S S   ?
[DEBUG][2016-01-25 16:59:57,574][com.java.TestType] [11691] - Concept ID:1 :: Step being Executed: 1::13
[INFO ][2016-01-25 16:59:57,574][com.java.TestType] [11729] - dataFields : LNK
[DEBUG][2016-01-25 16:59:57,574][com.java.TestType] [11735] - <In Set values of the page>
[DEBUG][2016-01-25 16:59:57,574][com.java.TestType] [11740] - {Data Fields & Data Values Exist}
[INFO ][2016-01-25 16:59:57,574][com.java.TestType] [11746] - --------------------------setting values-----------------------------
[INFO ][2016-01-25 16:59:57,574][com.java.TestType] [11749] - Action Type : Verify
[INFO ][2016-01-25 16:59:57,574][com.java.TestType] [ 7985] - field= LNK value= Logout
[INFO ][2016-01-25 16:59:57,574][com.java.TestType] [ 6395] - value = Logout
[INFO ][2016-01-25 16:59:57,605][com.java.TestType] [11768] -  RESULT true
[INFO ][2016-01-25 16:59:57,605][com.java.TestType] [11885] - ?   P A S S   ?
[DEBUG][2016-01-25 16:59:57,605][com.java.TestType] [11691] - Concept ID:1 :: Step being Executed: 1::14
[INFO ][2016-01-25 16:59:57,605][com.java.TestType] [11729] - dataFields : BTN
[DEBUG][2016-01-25 16:59:57,605][com.java.TestType] [11735] - <In Set values of the page>
[DEBUG][2016-01-25 16:59:57,605][com.java.TestType] [11740] - {Data Fields & Data Values Exist}
[INFO ][2016-01-25 16:59:57,605][com.java.TestType] [11746] - --------------------------setting values-----------------------------
[INFO ][2016-01-25 16:59:57,605][com.java.TestType] [11749] - Action Type : Verify
[INFO ][2016-01-25 16:59:57,605][com.java.TestType] [ 7985] - field= BTN value= //img[contains(@src,'bdlogo.jpg')]
[INFO ][2016-01-25 16:59:57,605][com.java.TestType] [ 6395] - value = //img[contains(@src,'bdlogo.jpg')]
[INFO ][2016-01-25 16:59:57,665][com.java.TestType] [11768] -  RESULT true
[INFO ][2016-01-25 16:59:57,665][com.java.TestType] [11885] - ?   P A S S   ?
[INFO ][2016-01-25 16:59:57,665][com.java.TestType] [11956] - Looping End......
[INFO ][2016-01-25 16:59:57,665][com.java.SeleniumDriver] [  930] -  RESULT true
[INFO ][2016-01-25 16:59:57,665][com.java.SeleniumDriver] [ 1136] - ?   P A S S   ?
[INFO ][2016-01-25 16:59:57,665][com.java.SeleniumDriver] [  856] - ------------------------------------------
[INFO ][2016-01-25 16:59:57,665][com.java.SeleniumDriver] [  857] - Test case being Executed: 12
[INFO ][2016-01-25 16:59:57,665][com.java.SeleniumDriver] [  869] - Test step:3
[INFO ][2016-01-25 16:59:57,665][com.java.SeleniumDriver] [  881] - Datavalue is----------Concept#2:1-2
[INFO ][2016-01-25 16:59:57,665][com.java.SeleniumDriver] [  905] - DataField : test
[INFO ][2016-01-25 16:59:57,665][com.java.SeleniumDriver] [  907] - DataValue : Concept#2:1-2
[INFO ][2016-01-25 16:59:57,665][com.java.SeleniumDriver] [  913] - <In Set values of the page>
[INFO ][2016-01-25 16:59:57,665][com.java.SeleniumDriver] [  916] - {Data Fields & Data Values Exist}
[INFO ][2016-01-25 16:59:57,665][com.java.SeleniumDriver] [  918] - --------------------------setting values-----------------------------
[INFO ][2016-01-25 16:59:57,665][com.java.SeleniumDriver] [  921] - Action Type : ExecuteTestCase
[INFO ][2016-01-25 16:59:57,665][com.java.TestType] [  442] - The Concept sheet name is ---------- Concept
[INFO ][2016-01-25 16:59:57,665][com.java.TestType] [  445] - The Concept ID  is ---------- 2
[DEBUG][2016-01-25 16:59:57,665][com.java.TestType] [  449] - Steps being executted in the Concept are: 1:2
[INFO ][2016-01-25 16:59:57,665][com.java.TestType] [  456] - Test data details path ---------- D:\BankersDashboard\TestInputs\TestData.xls
[INFO ][2016-01-25 16:59:57,685][com.java.TestType] [  487] -  str(1) = 2
[INFO ][2016-01-25 16:59:57,685][com.java.TestType] [  490] - Test case Id is---2
[INFO ][2016-01-25 16:59:57,685][com.java.TestType] [  492] - 2
[INFO ][2016-01-25 16:59:57,685][com.java.TestType] [  487] -  str(2) = 1
[INFO ][2016-01-25 16:59:57,685][com.java.TestType] [  487] -  str(1) = 2
[INFO ][2016-01-25 16:59:57,685][com.java.TestType] [  490] - Test case Id is---2
[INFO ][2016-01-25 16:59:57,685][com.java.TestType] [  492] - 2
[INFO ][2016-01-25 16:59:57,685][com.java.TestType] [  487] -  str(2) = 2
[INFO ][2016-01-25 16:59:57,685][com.java.TestType] [  487] -  str(1) = 2
[INFO ][2016-01-25 16:59:57,685][com.java.TestType] [  490] - Test case Id is---2
[INFO ][2016-01-25 16:59:57,685][com.java.TestType] [  492] - 2
[INFO ][2016-01-25 16:59:57,685][com.java.TestType] [  487] -  str(2) = 3
[INFO ][2016-01-25 16:59:57,685][com.java.TestType] [11650] - Looping 1TCID = 2
[DEBUG][2016-01-25 16:59:57,685][com.java.TestType] [11691] - Concept ID:2 :: Step being Executed: 2::1
[INFO ][2016-01-25 16:59:57,685][com.java.TestType] [11729] - dataFields : BNK//select[@id='bank']
[DEBUG][2016-01-25 16:59:57,685][com.java.TestType] [11735] - <In Set values of the page>
[DEBUG][2016-01-25 16:59:57,685][com.java.TestType] [11740] - {Data Fields & Data Values Exist}
[INFO ][2016-01-25 16:59:57,685][com.java.TestType] [11746] - --------------------------setting values-----------------------------
[INFO ][2016-01-25 16:59:57,685][com.java.TestType] [11749] - Action Type : Select
[INFO ][2016-01-25 16:59:57,685][com.java.TestType] [ 6395] - value = PFC
[INFO ][2016-01-25 16:59:57,865][com.java.TestType] [11768] -  RESULT true
[INFO ][2016-01-25 16:59:57,865][com.java.TestType] [11885] - ?   P A S S   ?
[DEBUG][2016-01-25 16:59:57,865][com.java.TestType] [11691] - Concept ID:2 :: Step being Executed: 2::2
[INFO ][2016-01-25 16:59:57,865][com.java.TestType] [11729] - dataFields : LNKLogout
[DEBUG][2016-01-25 16:59:57,865][com.java.TestType] [11735] - <In Set values of the page>
[DEBUG][2016-01-25 16:59:57,865][com.java.TestType] [11740] - {Data Fields & Data Values Exist}
[INFO ][2016-01-25 16:59:57,865][com.java.TestType] [11746] - --------------------------setting values-----------------------------
[INFO ][2016-01-25 16:59:57,865][com.java.TestType] [11749] - Action Type : WaitTime
[DEBUG][2016-01-25 16:59:57,865][com.java.TestType] [ 6209] - sleepTime: 5000
[INFO ][2016-01-25 17:00:02,865][com.java.TestType] [11768] -  RESULT true
[INFO ][2016-01-25 17:00:02,865][com.java.TestType] [11885] - ?   P A S S   ?
[INFO ][2016-01-25 17:00:02,865][com.java.TestType] [11956] - Looping End......
[INFO ][2016-01-25 17:00:02,865][com.java.SeleniumDriver] [  930] -  RESULT true
[INFO ][2016-01-25 17:00:02,865][com.java.SeleniumDriver] [ 1136] - ?   P A S S   ?
[INFO ][2016-01-25 17:00:02,865][com.java.SeleniumDriver] [  856] - ------------------------------------------
[INFO ][2016-01-25 17:00:02,865][com.java.SeleniumDriver] [  857] - Test case being Executed: 12
[INFO ][2016-01-25 17:00:02,865][com.java.SeleniumDriver] [  869] - Test step:4
[INFO ][2016-01-25 17:00:02,865][com.java.SeleniumDriver] [  881] - Datavalue is----------null
[DEBUG][2016-01-25 17:00:02,865][com.java.SeleniumDriver] [  899] - Exception: null
[INFO ][2016-01-25 17:00:02,865][com.java.SeleniumDriver] [  905] - DataField : //span[@class='icon-question']&&//a[text()='Tip Sheets & Webinars']
[INFO ][2016-01-25 17:00:02,865][com.java.SeleniumDriver] [  907] - DataValue : 
[INFO ][2016-01-25 17:00:02,865][com.java.SeleniumDriver] [  913] - <In Set values of the page>
[INFO ][2016-01-25 17:00:02,865][com.java.SeleniumDriver] [  916] - {Data Fields & Data Values Exist}
[INFO ][2016-01-25 17:00:02,865][com.java.SeleniumDriver] [  918] - --------------------------setting values-----------------------------
[INFO ][2016-01-25 17:00:02,865][com.java.SeleniumDriver] [  921] - Action Type : MOUSEOVER
[INFO ][2016-01-25 17:00:25,840][com.java.SeleniumDriver] [  930] -  RESULT true
[INFO ][2016-01-25 17:00:25,840][com.java.SeleniumDriver] [ 1136] - ?   P A S S   ?
[INFO ][2016-01-25 17:00:25,840][com.java.SeleniumDriver] [  856] - ------------------------------------------
[INFO ][2016-01-25 17:00:25,840][com.java.SeleniumDriver] [  857] - Test case being Executed: 12
[INFO ][2016-01-25 17:00:25,840][com.java.SeleniumDriver] [  869] - Test step:5
[INFO ][2016-01-25 17:00:25,840][com.java.SeleniumDriver] [  881] - Datavalue is----------5
[INFO ][2016-01-25 17:00:25,840][com.java.SeleniumDriver] [  905] - DataField : BTN//iframe[@class='frameTabContent']
[INFO ][2016-01-25 17:00:25,840][com.java.SeleniumDriver] [  907] - DataValue : 5
[INFO ][2016-01-25 17:00:25,840][com.java.SeleniumDriver] [  913] - <In Set values of the page>
[INFO ][2016-01-25 17:00:25,840][com.java.SeleniumDriver] [  916] - {Data Fields & Data Values Exist}
[INFO ][2016-01-25 17:00:25,840][com.java.SeleniumDriver] [  918] - --------------------------setting values-----------------------------
[INFO ][2016-01-25 17:00:25,840][com.java.SeleniumDriver] [  921] - Action Type : WAITFORELEMENT
[INFO ][2016-01-25 17:00:25,871][com.java.SeleniumDriver] [  930] -  RESULT true
[INFO ][2016-01-25 17:00:25,871][com.java.SeleniumDriver] [ 1136] - ?   P A S S   ?
[INFO ][2016-01-25 17:00:25,871][com.java.SeleniumDriver] [  856] - ------------------------------------------
[INFO ][2016-01-25 17:00:25,871][com.java.SeleniumDriver] [  857] - Test case being Executed: 12
[INFO ][2016-01-25 17:00:25,871][com.java.SeleniumDriver] [  869] - Test step:6
[INFO ][2016-01-25 17:00:25,871][com.java.SeleniumDriver] [  881] - Datavalue is----------2
[INFO ][2016-01-25 17:00:25,871][com.java.SeleniumDriver] [  905] - DataField : XPH//li[@class='inactiveTab']//a[@title='Tip Sheets & Webinars']
[INFO ][2016-01-25 17:00:25,871][com.java.SeleniumDriver] [  907] - DataValue : 2
[INFO ][2016-01-25 17:00:25,871][com.java.SeleniumDriver] [  913] - <In Set values of the page>
[INFO ][2016-01-25 17:00:25,871][com.java.SeleniumDriver] [  916] - {Data Fields & Data Values Exist}
[INFO ][2016-01-25 17:00:25,871][com.java.SeleniumDriver] [  918] - --------------------------setting values-----------------------------
[INFO ][2016-01-25 17:00:25,871][com.java.SeleniumDriver] [  921] - Action Type : WAITFORELEMENT
[INFO ][2016-01-25 17:00:25,901][com.java.SeleniumDriver] [  930] -  RESULT true
[INFO ][2016-01-25 17:00:25,901][com.java.SeleniumDriver] [ 1136] - ?   P A S S   ?
[INFO ][2016-01-25 17:00:25,901][com.java.SeleniumDriver] [ 1173] - Continue next step...
[INFO ][2016-01-25 17:00:25,901][com.java.SeleniumDriver] [  856] - ------------------------------------------
[INFO ][2016-01-25 17:00:25,901][com.java.SeleniumDriver] [  857] - Test case being Executed: 12
[INFO ][2016-01-25 17:00:25,901][com.java.SeleniumDriver] [  869] - Test step:7
[INFO ][2016-01-25 17:00:25,901][com.java.SeleniumDriver] [  881] - Datavalue is----------null
[DEBUG][2016-01-25 17:00:25,901][com.java.SeleniumDriver] [  899] - Exception: null
[INFO ][2016-01-25 17:00:25,901][com.java.SeleniumDriver] [  905] - DataField : XPH//li[@class='inactiveTab']//a[@title='Tip Sheets & Webinars']
[INFO ][2016-01-25 17:00:25,901][com.java.SeleniumDriver] [  907] - DataValue : 
[INFO ][2016-01-25 17:00:25,901][com.java.SeleniumDriver] [  913] - <In Set values of the page>
[INFO ][2016-01-25 17:00:25,901][com.java.SeleniumDriver] [  916] - {Data Fields & Data Values Exist}
[INFO ][2016-01-25 17:00:25,901][com.java.SeleniumDriver] [  918] - --------------------------setting values-----------------------------
[INFO ][2016-01-25 17:00:25,901][com.java.SeleniumDriver] [  921] - Action Type : CLICK
[INFO ][2016-01-25 17:00:25,901][com.java.TestType] [ 6774] - Field ::XPH//li[@class='inactiveTab']//a[@title='Tip Sheets & Webinars']
[INFO ][2016-01-25 17:00:25,901][com.java.TestType] [ 6395] - value = 
[INFO ][2016-01-25 17:00:26,901][com.java.TestType] [ 6947] - BEFORE CLICK
[INFO ][2016-01-25 17:00:27,764][com.java.TestType] [ 6955] - Unable to click the object Click Tip Sheets & Webinars tab
[INFO ][2016-01-25 17:00:27,764][com.java.SeleniumDriver] [  930] -  RESULT true
[INFO ][2016-01-25 17:00:27,764][com.java.SeleniumDriver] [ 1136] - ?   P A S S   ?
[INFO ][2016-01-25 17:00:27,764][com.java.SeleniumDriver] [  856] - ------------------------------------------
[INFO ][2016-01-25 17:00:27,764][com.java.SeleniumDriver] [  857] - Test case being Executed: 12
[INFO ][2016-01-25 17:00:27,764][com.java.SeleniumDriver] [  869] - Test step:8
[INFO ][2016-01-25 17:00:27,764][com.java.SeleniumDriver] [  881] - Datavalue is----------null
[DEBUG][2016-01-25 17:00:27,764][com.java.SeleniumDriver] [  899] - Exception: null
[INFO ][2016-01-25 17:00:27,764][com.java.SeleniumDriver] [  905] - DataField : XPH//li[@class='inactiveTab']//a[@title='Tip Sheets & Webinars']//span[@class='closeimg icon-close icon-xs']
[INFO ][2016-01-25 17:00:27,764][com.java.SeleniumDriver] [  907] - DataValue : 
[INFO ][2016-01-25 17:00:27,764][com.java.SeleniumDriver] [  913] - <In Set values of the page>
[INFO ][2016-01-25 17:00:27,764][com.java.SeleniumDriver] [  916] - {Data Fields & Data Values Exist}
[INFO ][2016-01-25 17:00:27,764][com.java.SeleniumDriver] [  918] - --------------------------setting values-----------------------------
[INFO ][2016-01-25 17:00:27,764][com.java.SeleniumDriver] [  921] - Action Type : CLICK
[INFO ][2016-01-25 17:00:27,764][com.java.TestType] [ 6774] - Field ::XPH//li[@class='inactiveTab']//a[@title='Tip Sheets & Webinars']//span[@class='closeimg icon-close icon-xs']
[INFO ][2016-01-25 17:00:27,764][com.java.TestType] [ 6395] - value = 
[INFO ][2016-01-25 17:00:28,765][com.java.TestType] [ 6947] - BEFORE CLICK
[INFO ][2016-01-25 17:00:29,655][com.java.TestType] [ 6955] - Unable to click the object Close Tip Sheets & Webinars tab
[INFO ][2016-01-25 17:00:29,655][com.java.SeleniumDriver] [  930] -  RESULT true
[INFO ][2016-01-25 17:00:29,655][com.java.SeleniumDriver] [ 1136] - ?   P A S S   ?
[INFO ][2016-01-25 17:00:29,655][com.java.SeleniumDriver] [  856] - ------------------------------------------
[INFO ][2016-01-25 17:00:29,655][com.java.SeleniumDriver] [  857] - Test case being Executed: 12
[INFO ][2016-01-25 17:00:29,655][com.java.SeleniumDriver] [  869] - Test step:9
[INFO ][2016-01-25 17:00:29,655][com.java.SeleniumDriver] [  881] - Datavalue is----------null
[DEBUG][2016-01-25 17:00:29,655][com.java.SeleniumDriver] [  899] - Exception: null
[INFO ][2016-01-25 17:00:29,655][com.java.SeleniumDriver] [  905] - DataField : BTN//iframe[@class='frameTabContent']
[INFO ][2016-01-25 17:00:29,655][com.java.SeleniumDriver] [  907] - DataValue : 
[INFO ][2016-01-25 17:00:29,655][com.java.SeleniumDriver] [  913] - <In Set values of the page>
[INFO ][2016-01-25 17:00:29,655][com.java.SeleniumDriver] [  916] - {Data Fields & Data Values Exist}
[INFO ][2016-01-25 17:00:29,655][com.java.SeleniumDriver] [  918] - --------------------------setting values-----------------------------
[INFO ][2016-01-25 17:00:29,655][com.java.SeleniumDriver] [  921] - Action Type : SELECTFRAME
[INFO ][2016-01-25 17:00:29,736][com.java.SeleniumDriver] [  930] -  RESULT true
[INFO ][2016-01-25 17:00:29,736][com.java.SeleniumDriver] [ 1136] - ?   P A S S   ?
[INFO ][2016-01-25 17:00:29,736][com.java.SeleniumDriver] [  856] - ------------------------------------------
[INFO ][2016-01-25 17:00:29,736][com.java.SeleniumDriver] [  857] - Test case being Executed: 12
[WARN ][2016-01-25 17:00:29,736][com.java.SeleniumDriver] [  861] - -----------------------Step Skipped:: 	TestCaseNo:  12	 StepNo: 10  	::	Action Type:  Verify 	::		ClientName In TestData:  "SKIP" 	::	ClientName in config:  "Any Bank USA"-----------------------------
[INFO ][2016-01-25 17:00:29,736][com.java.SeleniumDriver] [  856] - ------------------------------------------
[INFO ][2016-01-25 17:00:29,736][com.java.SeleniumDriver] [  857] - Test case being Executed: 12
[INFO ][2016-01-25 17:00:29,736][com.java.SeleniumDriver] [  869] - Test step:11
[INFO ][2016-01-25 17:00:29,736][com.java.SeleniumDriver] [  881] - Datavalue is----------5
[INFO ][2016-01-25 17:00:29,736][com.java.SeleniumDriver] [  905] - DataField : BTN//a[contains(text(),'Recorded Webinars')]
[INFO ][2016-01-25 17:00:29,736][com.java.SeleniumDriver] [  907] - DataValue : 5
[INFO ][2016-01-25 17:00:29,736][com.java.SeleniumDriver] [  913] - <In Set values of the page>
[INFO ][2016-01-25 17:00:29,736][com.java.SeleniumDriver] [  916] - {Data Fields & Data Values Exist}
[INFO ][2016-01-25 17:00:29,736][com.java.SeleniumDriver] [  918] - --------------------------setting values-----------------------------
[INFO ][2016-01-25 17:00:29,736][com.java.SeleniumDriver] [  921] - Action Type : WAITFORELEMENT
[INFO ][2016-01-25 17:00:29,766][com.java.SeleniumDriver] [  930] -  RESULT true
[INFO ][2016-01-25 17:00:29,766][com.java.SeleniumDriver] [ 1136] - ?   P A S S   ?
[INFO ][2016-01-25 17:00:29,766][com.java.SeleniumDriver] [  856] - ------------------------------------------
[INFO ][2016-01-25 17:00:29,766][com.java.SeleniumDriver] [  857] - Test case being Executed: 12
[INFO ][2016-01-25 17:00:29,766][com.java.SeleniumDriver] [  869] - Test step:12
[INFO ][2016-01-25 17:00:29,766][com.java.SeleniumDriver] [  881] - Datavalue is----------Recorded Webinars
[INFO ][2016-01-25 17:00:29,766][com.java.SeleniumDriver] [  905] - DataField : BTN//a[contains(text(),'Recorded Webinars')]
[INFO ][2016-01-25 17:00:29,766][com.java.SeleniumDriver] [  907] - DataValue : Recorded Webinars
[INFO ][2016-01-25 17:00:29,766][com.java.SeleniumDriver] [  913] - <In Set values of the page>
[INFO ][2016-01-25 17:00:29,766][com.java.SeleniumDriver] [  916] - {Data Fields & Data Values Exist}
[INFO ][2016-01-25 17:00:29,766][com.java.SeleniumDriver] [  918] - --------------------------setting values-----------------------------
[INFO ][2016-01-25 17:00:29,766][com.java.SeleniumDriver] [  921] - Action Type : CLICK
[INFO ][2016-01-25 17:00:29,766][com.java.TestType] [ 6774] - Field ::BTN//a[contains(text(),'Recorded Webinars')]
[INFO ][2016-01-25 17:00:29,766][com.java.TestType] [ 6395] - value = Recorded Webinars
[INFO ][2016-01-25 17:00:30,766][com.java.TestType] [ 6926] - BEFORE CLICK
[INFO ][2016-01-25 17:00:31,597][com.java.TestType] [ 6933] - Unable to click the object Custom Calculations link
[INFO ][2016-01-25 17:00:31,597][com.java.SeleniumDriver] [  930] -  RESULT true
[INFO ][2016-01-25 17:00:31,597][com.java.SeleniumDriver] [ 1136] - ?   P A S S   ?
[DEBUG][2016-01-25 17:00:31,597][com.java.SeleniumDriver] [ 1248] - Case found
[DEBUG][2016-01-25 17:00:31,597][com.java.SeleniumDriver] [ 1253] - Incrementing ReportCounters[0]:1
[INFO ][2016-01-25 17:00:31,597][com.java.SeleniumDriver] [ 1272] - The results are-------------------[12, 1, Support: Tip Sheets and Webinars, Pass, , Mon Jan 25 16:59:38 IST 2016, 12, 2, Support: Tip Sheets and Webinars, Pass, , Mon Jan 25 16:59:57 IST 2016, 12, 3, Support: Tip Sheets and Webinars, Pass, , Mon Jan 25 17:00:02 IST 2016, 12, 4, Support: Tip Sheets and Webinars, Pass, , Mon Jan 25 17:00:25 IST 2016, 12, 5, Support: Tip Sheets and Webinars, Pass, , Mon Jan 25 17:00:25 IST 2016, 12, 6, Support: Tip Sheets and Webinars, Pass, , Mon Jan 25 17:00:25 IST 2016, 12, 7, Support: Tip Sheets and Webinars, Pass, , Mon Jan 25 17:00:27 IST 2016, 12, 8, Support: Tip Sheets and Webinars, Pass, , Mon Jan 25 17:00:29 IST 2016, 12, 9, Support: Tip Sheets and Webinars, Pass, , Mon Jan 25 17:00:29 IST 2016, 12, 11, Support: Tip Sheets and Webinars, Pass, , Mon Jan 25 17:00:29 IST 2016, 12, 12, Support: Tip Sheets and Webinars, Pass, , Mon Jan 25 17:00:31 IST 2016]
[INFO ][2016-01-25 17:00:31,597][com.java.SeleniumDriver] [ 1276] - End time is-------2 min 0 sec
[INFO ][2016-01-25 17:00:31,597][com.java.SeleniumDriver] [ 1277] - The results are-------------------[12, 1, Support: Tip Sheets and Webinars, Pass, , Mon Jan 25 16:59:38 IST 2016, 12, 2, Support: Tip Sheets and Webinars, Pass, , Mon Jan 25 16:59:57 IST 2016, 12, 3, Support: Tip Sheets and Webinars, Pass, , Mon Jan 25 17:00:02 IST 2016, 12, 4, Support: Tip Sheets and Webinars, Pass, , Mon Jan 25 17:00:25 IST 2016, 12, 5, Support: Tip Sheets and Webinars, Pass, , Mon Jan 25 17:00:25 IST 2016, 12, 6, Support: Tip Sheets and Webinars, Pass, , Mon Jan 25 17:00:25 IST 2016, 12, 7, Support: Tip Sheets and Webinars, Pass, , Mon Jan 25 17:00:27 IST 2016, 12, 8, Support: Tip Sheets and Webinars, Pass, , Mon Jan 25 17:00:29 IST 2016, 12, 9, Support: Tip Sheets and Webinars, Pass, , Mon Jan 25 17:00:29 IST 2016, 12, 11, Support: Tip Sheets and Webinars, Pass, , Mon Jan 25 17:00:29 IST 2016, 12, 12, Support: Tip Sheets and Webinars, Pass, , Mon Jan 25 17:00:31 IST 2016]
[DEBUG][2016-01-25 17:00:31,597][com.java.ImportnExport.ExportTestResultsExcel] [  222] - testResultPath = D:\BankersDashboard/TestReports/Test Results_BankersDashBoard_012516_165833_IE10_Any Bank USA.xls
[DEBUG][2016-01-25 17:00:31,597][com.java.ImportnExport.ExportTestResultsExcel] [  223] - browser is------------IE10
[DEBUG][2016-01-25 17:00:31,637][com.java.ImportnExport.ExportTestResultsExcel] [  270] - result.size() = 66
[DEBUG][2016-01-25 17:00:31,637][com.java.ImportnExport.ExportTestResultsExcel] [  274] - No of rows in sheet=1
[DEBUG][2016-01-25 17:00:31,637][com.java.ImportnExport.ExportTestResultsExcel] [  301] - ..in export..12
[DEBUG][2016-01-25 17:00:31,637][com.java.ImportnExport.ExportTestResultsExcel] [  301] - ..in export..Support: Tip Sheets and Webinars
[DEBUG][2016-01-25 17:00:31,637][com.java.ImportnExport.ExportTestResultsExcel] [  301] - ..in export..Pass
[DEBUG][2016-01-25 17:00:31,637][com.java.ImportnExport.ExportTestResultsExcel] [  301] - ..in export..
[DEBUG][2016-01-25 17:00:31,637][com.java.ImportnExport.ExportTestResultsExcel] [  301] - ..in export..Mon Jan 25 16:59:38 IST 2016
[INFO ][2016-01-25 17:00:31,637][com.java.SeleniumDriver] [ 1337] - out loop:0 size:1 TestCases:[12] testcases:[12]
[INFO ][2016-01-25 17:00:33,637][com.java.SeleniumDriver] [ 1380] - Total Number of Cases:1
[INFO ][2016-01-25 17:00:33,637][com.java.TemplateGenerator] [  302] - Executed:1
[INFO ][2016-01-25 17:00:33,637][com.java.TemplateGenerator] [  303] - Passed:1
[INFO ][2016-01-25 17:00:33,637][com.java.TemplateGenerator] [  304] - Failed:0
[INFO ][2016-01-25 17:00:33,637][com.java.TemplateGenerator] [  305] - Skipeed:0
[INFO ][2016-01-25 17:00:33,637][com.java.TemplateGenerator] [  306] - Application URL:https://clients-xuat.bankersdashboard.com
[INFO ][2016-01-25 17:00:33,637][com.java.TemplateGenerator] [  307] - Start Time:012516_165833
[INFO ][2016-01-25 17:00:33,637][com.java.TemplateGenerator] [  308] -  Creating HTML Report 
[ERROR][2016-01-25 17:00:33,637][com.java.TemplateGenerator] [  409] - Unparseable date: "Mon Jan 25 04:58:33 IST 2016"
[INFO ][2016-01-25 17:00:33,637][com.java.TemplateGenerator] [  654] -  Exporting case :: 12
[INFO ][2016-01-25 17:00:33,637][com.java.SeleniumDriver] [ 1429] - End Time:012516_170033
[INFO ][2016-01-25 17:00:33,637][com.java.SeleniumDriver] [ 1432] - Data in Test Execution Details:{12=PASS}
[INFO ][2016-01-25 17:00:33,637][com.java.SeleniumDriver] [ 1433] - Data in Failed Execution Deatils:{}
[INFO ][2016-01-25 17:00:33,637][com.java.SeleniumDriver] [ 1435] - ReportCounter:Total:1 :: PASS: 1 ::FAIL: 0
[INFO ][2016-01-25 17:00:33,637][com.java.SeleniumDriver] [ 1436] - FailedReportCounter:Total:0 :: PASS: 0 ::FAIL: 0
[INFO ][2016-01-25 17:00:33,638][com.java.EmailTestReport] [   63] - Sending report mail details:
[INFO ][2016-01-25 17:00:33,638][com.java.EmailTestReport] [   80] - Excel Report Path:D:\BankersDashboard/TestReports/Test Results_BankersDashBoard_012516_165833_IE10_Any Bank USA.xls
[INFO ][2016-01-25 17:00:33,638][com.java.EmailTestReport] [   81] - HTML Report Path:D:\BankersDashboard//TestReports//Test Results_BankersDashBoard_012516_165833_IE10_Any Bank USA.html
[INFO ][2016-01-25 17:00:33,638][com.java.EmailTestReport] [   82] - smtpHostName:mail01.valuelabs.com
[INFO ][2016-01-25 17:00:33,638][com.java.EmailTestReport] [   83] - Recipient:venkateswararao.gubbala@valuelabs.com;
[INFO ][2016-01-25 17:00:33,638][com.java.EmailTestReport] [   84] - From:venkateswararao.gubbala@valuelabs.com;
[INFO ][2016-01-25 17:00:33,638][com.java.EmailTestReport] [   85] - Subject:Deluxe Corp Bankers Dashboard Automation Test Report - Any Bank USA - IE10
[INFO ][2016-01-25 17:00:33,668][com.java.EmailTestReport] [  143] -  Added venkateswararao.gubbala@valuelabs.com
[INFO ][2016-01-25 17:00:36,788][com.java.SeleniumDriver] [  722] - quitting the browser 
[INFO ][2016-01-25 17:00:38,470][com.java.SeleniumDriver] [  264] - Execution Completed Stopping the thread
