[INFO ][2016-01-20 20:19:46,848][com.java.SeleniumDriver] [  213] - Execute Failed Casesfalse
[INFO ][2016-01-20 20:19:46,848][com.java.SeleniumDriver] [  214] - Browser: IE10
[INFO ][2016-01-20 20:19:46,848][com.java.SeleniumDriver] [  215] - [1, 4]
[INFO ][2016-01-20 20:19:46,848][com.java.SeleniumDriver] [  216] - Total TestCases:2
[INFO ][2016-01-20 20:19:46,848][com.java.SeleniumDriver] [  217] -  Reading Properties from Property File 
[DEBUG][2016-01-20 20:19:46,848][com.java.SeleniumDriver] [  238] - url : https://clients-xuat.bankersdashboard.com
[INFO ][2016-01-20 20:19:46,848][com.java.ImportnExport.ExportTestResultsExcel] [  116] - Time Stamp Wed Jan 20 08:19:46 IST 2016
[INFO ][2016-01-20 20:19:46,848][com.java.ImportnExport.ExportTestResultsExcel] [  175] - OUT FILE : D:\BankersDashboard/TestReports/Test Results_BankersDashBoard_012016_201946_IE10_Any Bank USA.xls
[INFO ][2016-01-20 20:19:46,879][com.java.ImportnExport.ExportTestResultsExcel] [  180] - Test Result file is created
[DEBUG][2016-01-20 20:19:46,969][com.java.SeleniumDriver] [  426] - Hub ip address is-------172.17.68.34
[INFO ][2016-01-20 20:19:46,969][com.java.SeleniumDriver] [  452] - Grid URL:http://172.17.68.34:4444/wd/hub
[INFO ][2016-01-20 20:19:46,969][com.java.SeleniumDriver] [  453] - Capability:Capabilities [{platform=ANY, ensureCleanSession=true, ignoreProtectedModeSettings=true, acceptSslCerts=true, ignoreZoomSetting=true, browserName=internet explorer, browserstack.ie.noFlash=true, version=null}]
[ERROR][2016-01-20 20:19:48,283][com.java.SeleniumDriver] [  498] - Unable invoke browser in grid:Could not start a new session. Possible causes are invalid address of the remote server or browser start-up failure.
Build info: version: '2.49.0', revision: '365eeb4', time: '2016-01-13 18:37:00'
System info: host: 'FVTIII438F1D', ip: '172.17.68.34', os.name: 'Windows 7', os.arch: 'x86', os.version: '6.1', java.version: '1.7.0_55'
Driver info: driver.version: SeleniumDriver
[INFO ][2016-01-20 20:19:48,283][com.java.SeleniumDriver] [  500] - Executing on local machine
[INFO ][2016-01-20 20:19:58,309][com.java.SeleniumDriver] [  248] - IE10is opened
[INFO ][2016-01-20 20:19:59,132][com.java.SeleniumDriver] [  756] - Test cases to be executed are: [1, 4]
[INFO ][2016-01-20 20:19:59,153][com.java.ImportnExport.ImportTestDataDetailsExcel] [   49] - test data details path===== D:\BankersDashboard\TestInputs\TestData.xls
[INFO ][2016-01-20 20:19:59,213][com.java.SeleniumDriver] [  856] - ------------------------------------------
[INFO ][2016-01-20 20:19:59,213][com.java.SeleniumDriver] [  857] - Test case being Executed: 1
[INFO ][2016-01-20 20:19:59,213][com.java.SeleniumDriver] [  869] - Test step:1
[INFO ][2016-01-20 20:19:59,213][com.java.SeleniumDriver] [  881] - Datavalue is----------Concept#1:1-14
[INFO ][2016-01-20 20:19:59,213][com.java.SeleniumDriver] [  905] - DataField : test
[INFO ][2016-01-20 20:19:59,213][com.java.SeleniumDriver] [  907] - DataValue : Concept#1:1-14
[INFO ][2016-01-20 20:19:59,213][com.java.SeleniumDriver] [  913] - <In Set values of the page>
[INFO ][2016-01-20 20:19:59,213][com.java.SeleniumDriver] [  916] - {Data Fields & Data Values Exist}
[INFO ][2016-01-20 20:19:59,213][com.java.SeleniumDriver] [  918] - --------------------------setting values-----------------------------
[INFO ][2016-01-20 20:19:59,213][com.java.SeleniumDriver] [  921] - Action Type : ExecuteTestCase
[INFO ][2016-01-20 20:19:59,233][com.java.TestType] [  442] - The Concept sheet name is ---------- Concept
[INFO ][2016-01-20 20:19:59,233][com.java.TestType] [  445] - The Concept ID  is ---------- 1
[DEBUG][2016-01-20 20:19:59,233][com.java.TestType] [  449] - Steps being executted in the Concept are: 1:14
[INFO ][2016-01-20 20:19:59,233][com.java.TestType] [  456] - Test data details path ---------- D:\BankersDashboard\TestInputs\TestData.xls
[INFO ][2016-01-20 20:19:59,253][com.java.TestType] [  487] -  str(1) = 1
[INFO ][2016-01-20 20:19:59,253][com.java.TestType] [  490] - Test case Id is---1
[INFO ][2016-01-20 20:19:59,253][com.java.TestType] [  492] - 1
[INFO ][2016-01-20 20:19:59,253][com.java.TestType] [  487] -  str(2) = 1
[INFO ][2016-01-20 20:19:59,253][com.java.TestType] [  487] -  str(1) = 1
[INFO ][2016-01-20 20:19:59,253][com.java.TestType] [  490] - Test case Id is---1
[INFO ][2016-01-20 20:19:59,253][com.java.TestType] [  492] - 1
[INFO ][2016-01-20 20:19:59,253][com.java.TestType] [  487] -  str(2) = 2
[INFO ][2016-01-20 20:19:59,253][com.java.TestType] [  487] -  str(1) = 1
[INFO ][2016-01-20 20:19:59,253][com.java.TestType] [  490] - Test case Id is---1
[INFO ][2016-01-20 20:19:59,253][com.java.TestType] [  492] - 1
[INFO ][2016-01-20 20:19:59,253][com.java.TestType] [  487] -  str(2) = 3
[INFO ][2016-01-20 20:19:59,253][com.java.TestType] [  487] -  str(1) = 1
[INFO ][2016-01-20 20:19:59,253][com.java.TestType] [  490] - Test case Id is---1
[INFO ][2016-01-20 20:19:59,253][com.java.TestType] [  492] - 1
[INFO ][2016-01-20 20:19:59,253][com.java.TestType] [  487] -  str(2) = 4
[INFO ][2016-01-20 20:19:59,263][com.java.TestType] [  487] -  str(1) = 1
[INFO ][2016-01-20 20:19:59,263][com.java.TestType] [  490] - Test case Id is---1
[INFO ][2016-01-20 20:19:59,263][com.java.TestType] [  492] - 1
[INFO ][2016-01-20 20:19:59,263][com.java.TestType] [  487] -  str(2) = 5
[INFO ][2016-01-20 20:19:59,263][com.java.TestType] [  487] -  str(1) = 1
[INFO ][2016-01-20 20:19:59,263][com.java.TestType] [  490] - Test case Id is---1
[INFO ][2016-01-20 20:19:59,263][com.java.TestType] [  492] - 1
[INFO ][2016-01-20 20:19:59,263][com.java.TestType] [  487] -  str(2) = 6
[INFO ][2016-01-20 20:19:59,263][com.java.TestType] [  487] -  str(1) = 1
[INFO ][2016-01-20 20:19:59,263][com.java.TestType] [  490] - Test case Id is---1
[INFO ][2016-01-20 20:19:59,263][com.java.TestType] [  492] - 1
[INFO ][2016-01-20 20:19:59,263][com.java.TestType] [  487] -  str(2) = 7
[INFO ][2016-01-20 20:19:59,263][com.java.TestType] [  487] -  str(1) = 1
[INFO ][2016-01-20 20:19:59,263][com.java.TestType] [  490] - Test case Id is---1
[INFO ][2016-01-20 20:19:59,263][com.java.TestType] [  492] - 1
[INFO ][2016-01-20 20:19:59,263][com.java.TestType] [  487] -  str(2) = 8
[INFO ][2016-01-20 20:19:59,263][com.java.TestType] [  487] -  str(1) = 1
[INFO ][2016-01-20 20:19:59,263][com.java.TestType] [  490] - Test case Id is---1
[INFO ][2016-01-20 20:19:59,263][com.java.TestType] [  492] - 1
[INFO ][2016-01-20 20:19:59,263][com.java.TestType] [  487] -  str(2) = 9
[INFO ][2016-01-20 20:19:59,263][com.java.TestType] [  487] -  str(1) = 1
[INFO ][2016-01-20 20:19:59,263][com.java.TestType] [  490] - Test case Id is---1
[INFO ][2016-01-20 20:19:59,263][com.java.TestType] [  492] - 1
[INFO ][2016-01-20 20:19:59,263][com.java.TestType] [  487] -  str(2) = 10
[INFO ][2016-01-20 20:19:59,263][com.java.TestType] [  487] -  str(1) = 1
[INFO ][2016-01-20 20:19:59,263][com.java.TestType] [  490] - Test case Id is---1
[INFO ][2016-01-20 20:19:59,263][com.java.TestType] [  492] - 1
[INFO ][2016-01-20 20:19:59,263][com.java.TestType] [  487] -  str(2) = 11
[INFO ][2016-01-20 20:19:59,273][com.java.TestType] [  487] -  str(1) = 1
[INFO ][2016-01-20 20:19:59,273][com.java.TestType] [  490] - Test case Id is---1
[INFO ][2016-01-20 20:19:59,273][com.java.TestType] [  492] - 1
[INFO ][2016-01-20 20:19:59,273][com.java.TestType] [  487] -  str(2) = 12
[INFO ][2016-01-20 20:19:59,273][com.java.TestType] [  487] -  str(1) = 1
[INFO ][2016-01-20 20:19:59,273][com.java.TestType] [  490] - Test case Id is---1
[INFO ][2016-01-20 20:19:59,273][com.java.TestType] [  492] - 1
[INFO ][2016-01-20 20:19:59,273][com.java.TestType] [  487] -  str(2) = 13
[INFO ][2016-01-20 20:19:59,273][com.java.TestType] [  487] -  str(1) = 1
[INFO ][2016-01-20 20:19:59,273][com.java.TestType] [  490] - Test case Id is---1
[INFO ][2016-01-20 20:19:59,273][com.java.TestType] [  492] - 1
[INFO ][2016-01-20 20:19:59,273][com.java.TestType] [  487] -  str(2) = 14
[INFO ][2016-01-20 20:19:59,273][com.java.TestType] [11443] - Looping 1TCID = 1
[DEBUG][2016-01-20 20:19:59,273][com.java.TestType] [11484] - Concept ID:1 :: Step being Executed: 1::1
[INFO ][2016-01-20 20:19:59,273][com.java.TestType] [11522] - dataFields : TXTusername
[DEBUG][2016-01-20 20:19:59,273][com.java.TestType] [11528] - <In Set values of the page>
[DEBUG][2016-01-20 20:19:59,273][com.java.TestType] [11533] - {Data Fields & Data Values Exist}
[INFO ][2016-01-20 20:19:59,273][com.java.TestType] [11539] - --------------------------setting values-----------------------------
[INFO ][2016-01-20 20:19:59,273][com.java.TestType] [11542] - Action Type : CLEARANDENTER
[INFO ][2016-01-20 20:20:01,554][com.java.TestType] [ 6204] - value = naresh.nayini.00000
[INFO ][2016-01-20 20:20:03,975][com.java.TestType] [11561] -  RESULT true
[INFO ][2016-01-20 20:20:03,975][com.java.TestType] [11678] - ?   P A S S   ?
[DEBUG][2016-01-20 20:20:03,975][com.java.TestType] [11484] - Concept ID:1 :: Step being Executed: 1::2
[INFO ][2016-01-20 20:20:03,975][com.java.TestType] [11522] - dataFields : TXTpassword
[DEBUG][2016-01-20 20:20:03,975][com.java.TestType] [11528] - <In Set values of the page>
[DEBUG][2016-01-20 20:20:03,975][com.java.TestType] [11533] - {Data Fields & Data Values Exist}
[INFO ][2016-01-20 20:20:03,975][com.java.TestType] [11539] - --------------------------setting values-----------------------------
[INFO ][2016-01-20 20:20:03,975][com.java.TestType] [11542] - Action Type : CLEARANDENTER
[INFO ][2016-01-20 20:20:06,226][com.java.TestType] [ 6204] - value = Password1*
[INFO ][2016-01-20 20:20:08,792][com.java.TestType] [11561] -  RESULT true
[INFO ][2016-01-20 20:20:08,792][com.java.TestType] [11678] - ?   P A S S   ?
[DEBUG][2016-01-20 20:20:08,792][com.java.TestType] [11484] - Concept ID:1 :: Step being Executed: 1::3
[ERROR][2016-01-20 20:20:08,792][com.java.TestType] [11517] - Exception: null
[INFO ][2016-01-20 20:20:08,792][com.java.TestType] [11522] - dataFields : XPH//button[@type='submit']
[DEBUG][2016-01-20 20:20:08,792][com.java.TestType] [11528] - <In Set values of the page>
[DEBUG][2016-01-20 20:20:08,792][com.java.TestType] [11533] - {Data Fields & Data Values Exist}
[INFO ][2016-01-20 20:20:08,792][com.java.TestType] [11539] - --------------------------setting values-----------------------------
[INFO ][2016-01-20 20:20:08,792][com.java.TestType] [11542] - Action Type : Click
[INFO ][2016-01-20 20:20:08,792][com.java.TestType] [ 6583] - Field ::XPH//button[@type='submit']
[INFO ][2016-01-20 20:20:08,792][com.java.TestType] [ 6204] - value = 
[INFO ][2016-01-20 20:20:09,792][com.java.TestType] [ 6756] - BEFORE CLICK
[INFO ][2016-01-20 20:20:13,257][com.java.TestType] [ 6764] - Unable to click the object Login
[INFO ][2016-01-20 20:20:13,257][com.java.TestType] [11561] -  RESULT true
[INFO ][2016-01-20 20:20:13,257][com.java.TestType] [11678] - ?   P A S S   ?
[DEBUG][2016-01-20 20:20:13,257][com.java.TestType] [11484] - Concept ID:1 :: Step being Executed: 1::4
[INFO ][2016-01-20 20:20:13,257][com.java.TestType] [11522] - dataFields : LNKLogout
[DEBUG][2016-01-20 20:20:13,257][com.java.TestType] [11528] - <In Set values of the page>
[DEBUG][2016-01-20 20:20:13,257][com.java.TestType] [11533] - {Data Fields & Data Values Exist}
[INFO ][2016-01-20 20:20:13,257][com.java.TestType] [11539] - --------------------------setting values-----------------------------
[INFO ][2016-01-20 20:20:13,257][com.java.TestType] [11542] - Action Type : WaitForElement
[INFO ][2016-01-20 20:20:13,288][com.java.TestType] [11561] -  RESULT true
[INFO ][2016-01-20 20:20:13,288][com.java.TestType] [11678] - ?   P A S S   ?
[DEBUG][2016-01-20 20:20:13,288][com.java.TestType] [11484] - Concept ID:1 :: Step being Executed: 1::13
[INFO ][2016-01-20 20:20:13,288][com.java.TestType] [11522] - dataFields : LNK
[DEBUG][2016-01-20 20:20:13,288][com.java.TestType] [11528] - <In Set values of the page>
[DEBUG][2016-01-20 20:20:13,288][com.java.TestType] [11533] - {Data Fields & Data Values Exist}
[INFO ][2016-01-20 20:20:13,288][com.java.TestType] [11539] - --------------------------setting values-----------------------------
[INFO ][2016-01-20 20:20:13,288][com.java.TestType] [11542] - Action Type : Verify
[INFO ][2016-01-20 20:20:13,288][com.java.TestType] [ 7776] - field= LNK value= Logout
[INFO ][2016-01-20 20:20:13,288][com.java.TestType] [ 6204] - value = Logout
[INFO ][2016-01-20 20:20:13,328][com.java.TestType] [11561] -  RESULT true
[INFO ][2016-01-20 20:20:13,328][com.java.TestType] [11678] - ?   P A S S   ?
[DEBUG][2016-01-20 20:20:13,328][com.java.TestType] [11484] - Concept ID:1 :: Step being Executed: 1::14
[INFO ][2016-01-20 20:20:13,328][com.java.TestType] [11522] - dataFields : BTN
[DEBUG][2016-01-20 20:20:13,328][com.java.TestType] [11528] - <In Set values of the page>
[DEBUG][2016-01-20 20:20:13,328][com.java.TestType] [11533] - {Data Fields & Data Values Exist}
[INFO ][2016-01-20 20:20:13,328][com.java.TestType] [11539] - --------------------------setting values-----------------------------
[INFO ][2016-01-20 20:20:13,328][com.java.TestType] [11542] - Action Type : Verify
[INFO ][2016-01-20 20:20:13,328][com.java.TestType] [ 7776] - field= BTN value= //img[contains(@src,'bdlogo.jpg')]
[INFO ][2016-01-20 20:20:13,328][com.java.TestType] [ 6204] - value = //img[contains(@src,'bdlogo.jpg')]
[INFO ][2016-01-20 20:20:13,488][com.java.TestType] [11561] -  RESULT true
[INFO ][2016-01-20 20:20:13,488][com.java.TestType] [11678] - ?   P A S S   ?
[INFO ][2016-01-20 20:20:13,488][com.java.TestType] [11749] - Looping End......
[INFO ][2016-01-20 20:20:13,488][com.java.SeleniumDriver] [  930] -  RESULT true
[INFO ][2016-01-20 20:20:13,488][com.java.SeleniumDriver] [ 1136] - ?   P A S S   ?
[INFO ][2016-01-20 20:20:13,488][com.java.SeleniumDriver] [  856] - ------------------------------------------
[INFO ][2016-01-20 20:20:13,488][com.java.SeleniumDriver] [  857] - Test case being Executed: 1
[INFO ][2016-01-20 20:20:13,488][com.java.SeleniumDriver] [  869] - Test step:2
[INFO ][2016-01-20 20:20:13,488][com.java.SeleniumDriver] [  881] - Datavalue is----------Concept#2:1-2
[INFO ][2016-01-20 20:20:13,488][com.java.SeleniumDriver] [  905] - DataField : test
[INFO ][2016-01-20 20:20:13,488][com.java.SeleniumDriver] [  907] - DataValue : Concept#2:1-2
[INFO ][2016-01-20 20:20:13,488][com.java.SeleniumDriver] [  913] - <In Set values of the page>
[INFO ][2016-01-20 20:20:13,488][com.java.SeleniumDriver] [  916] - {Data Fields & Data Values Exist}
[INFO ][2016-01-20 20:20:13,488][com.java.SeleniumDriver] [  918] - --------------------------setting values-----------------------------
[INFO ][2016-01-20 20:20:13,488][com.java.SeleniumDriver] [  921] - Action Type : ExecuteTestCase
[INFO ][2016-01-20 20:20:13,488][com.java.TestType] [  442] - The Concept sheet name is ---------- Concept
[INFO ][2016-01-20 20:20:13,488][com.java.TestType] [  445] - The Concept ID  is ---------- 2
[DEBUG][2016-01-20 20:20:13,488][com.java.TestType] [  449] - Steps being executted in the Concept are: 1:2
[INFO ][2016-01-20 20:20:13,488][com.java.TestType] [  456] - Test data details path ---------- D:\BankersDashboard\TestInputs\TestData.xls
[INFO ][2016-01-20 20:20:13,508][com.java.TestType] [  487] -  str(1) = 2
[INFO ][2016-01-20 20:20:13,508][com.java.TestType] [  490] - Test case Id is---2
[INFO ][2016-01-20 20:20:13,508][com.java.TestType] [  492] - 2
[INFO ][2016-01-20 20:20:13,508][com.java.TestType] [  487] -  str(2) = 1
[INFO ][2016-01-20 20:20:13,508][com.java.TestType] [  487] -  str(1) = 2
[INFO ][2016-01-20 20:20:13,508][com.java.TestType] [  490] - Test case Id is---2
[INFO ][2016-01-20 20:20:13,508][com.java.TestType] [  492] - 2
[INFO ][2016-01-20 20:20:13,508][com.java.TestType] [  487] -  str(2) = 2
[INFO ][2016-01-20 20:20:13,508][com.java.TestType] [  487] -  str(1) = 2
[INFO ][2016-01-20 20:20:13,508][com.java.TestType] [  490] - Test case Id is---2
[INFO ][2016-01-20 20:20:13,508][com.java.TestType] [  492] - 2
[INFO ][2016-01-20 20:20:13,508][com.java.TestType] [  487] -  str(2) = 3
[INFO ][2016-01-20 20:20:13,508][com.java.TestType] [11443] - Looping 1TCID = 2
[DEBUG][2016-01-20 20:20:13,508][com.java.TestType] [11484] - Concept ID:2 :: Step being Executed: 2::1
[INFO ][2016-01-20 20:20:13,508][com.java.TestType] [11522] - dataFields : BNK//select[@id='bank']
[DEBUG][2016-01-20 20:20:13,508][com.java.TestType] [11528] - <In Set values of the page>
[DEBUG][2016-01-20 20:20:13,508][com.java.TestType] [11533] - {Data Fields & Data Values Exist}
[INFO ][2016-01-20 20:20:13,508][com.java.TestType] [11539] - --------------------------setting values-----------------------------
[INFO ][2016-01-20 20:20:13,508][com.java.TestType] [11542] - Action Type : Select
[INFO ][2016-01-20 20:20:13,508][com.java.TestType] [ 6204] - value = PFC
[INFO ][2016-01-20 20:20:13,698][com.java.TestType] [11561] -  RESULT true
[INFO ][2016-01-20 20:20:13,698][com.java.TestType] [11678] - ?   P A S S   ?
[DEBUG][2016-01-20 20:20:13,698][com.java.TestType] [11484] - Concept ID:2 :: Step being Executed: 2::2
[INFO ][2016-01-20 20:20:13,698][com.java.TestType] [11522] - dataFields : LNKLogout
[DEBUG][2016-01-20 20:20:13,698][com.java.TestType] [11528] - <In Set values of the page>
[DEBUG][2016-01-20 20:20:13,698][com.java.TestType] [11533] - {Data Fields & Data Values Exist}
[INFO ][2016-01-20 20:20:13,698][com.java.TestType] [11539] - --------------------------setting values-----------------------------
[INFO ][2016-01-20 20:20:13,698][com.java.TestType] [11542] - Action Type : WaitTime
[DEBUG][2016-01-20 20:20:13,698][com.java.TestType] [ 6018] - sleepTime: 5000
[INFO ][2016-01-20 20:20:18,705][com.java.TestType] [11561] -  RESULT true
[INFO ][2016-01-20 20:20:18,705][com.java.TestType] [11678] - ?   P A S S   ?
[INFO ][2016-01-20 20:20:18,705][com.java.TestType] [11749] - Looping End......
[INFO ][2016-01-20 20:20:18,705][com.java.SeleniumDriver] [  930] -  RESULT true
[INFO ][2016-01-20 20:20:18,705][com.java.SeleniumDriver] [ 1136] - ?   P A S S   ?
[INFO ][2016-01-20 20:20:18,705][com.java.SeleniumDriver] [  856] - ------------------------------------------
[INFO ][2016-01-20 20:20:18,705][com.java.SeleniumDriver] [  857] - Test case being Executed: 1
[INFO ][2016-01-20 20:20:18,705][com.java.SeleniumDriver] [  869] - Test step:3
[INFO ][2016-01-20 20:20:18,705][com.java.SeleniumDriver] [  881] - Datavalue is----------2
[INFO ][2016-01-20 20:20:18,705][com.java.SeleniumDriver] [  905] - DataField : XPH//button[contains(text(),'Add Content')]
[INFO ][2016-01-20 20:20:18,705][com.java.SeleniumDriver] [  907] - DataValue : 2
[INFO ][2016-01-20 20:20:18,705][com.java.SeleniumDriver] [  913] - <In Set values of the page>
[INFO ][2016-01-20 20:20:18,705][com.java.SeleniumDriver] [  916] - {Data Fields & Data Values Exist}
[INFO ][2016-01-20 20:20:18,705][com.java.SeleniumDriver] [  918] - --------------------------setting values-----------------------------
[INFO ][2016-01-20 20:20:18,705][com.java.SeleniumDriver] [  921] - Action Type : WAITFORELEMENT
[INFO ][2016-01-20 20:20:18,746][com.java.SeleniumDriver] [  930] -  RESULT true
[INFO ][2016-01-20 20:20:18,746][com.java.SeleniumDriver] [ 1136] - ?   P A S S   ?
[DEBUG][2016-01-20 20:20:18,746][com.java.SeleniumDriver] [ 1248] - Case found
[DEBUG][2016-01-20 20:20:18,746][com.java.SeleniumDriver] [ 1253] - Incrementing ReportCounters[0]:1
[INFO ][2016-01-20 20:20:18,746][com.java.SeleniumDriver] [ 1272] - The results are-------------------[1, 1, Valid Login, Pass, , Wed Jan 20 20:20:13 IST 2016, 1, 2, Valid Login, Pass, , Wed Jan 20 20:20:18 IST 2016, 1, 3, Valid Login, Pass, , Wed Jan 20 20:20:18 IST 2016]
[INFO ][2016-01-20 20:20:18,746][com.java.SeleniumDriver] [ 1276] - End time is-------34 sec
[INFO ][2016-01-20 20:20:18,746][com.java.SeleniumDriver] [ 1277] - The results are-------------------[1, 1, Valid Login, Pass, , Wed Jan 20 20:20:13 IST 2016, 1, 2, Valid Login, Pass, , Wed Jan 20 20:20:18 IST 2016, 1, 3, Valid Login, Pass, , Wed Jan 20 20:20:18 IST 2016]
[DEBUG][2016-01-20 20:20:18,746][com.java.ImportnExport.ExportTestResultsExcel] [  222] - testResultPath = D:\BankersDashboard/TestReports/Test Results_BankersDashBoard_012016_201946_IE10_Any Bank USA.xls
[DEBUG][2016-01-20 20:20:18,746][com.java.ImportnExport.ExportTestResultsExcel] [  223] - browser is------------IE10
[DEBUG][2016-01-20 20:20:18,786][com.java.ImportnExport.ExportTestResultsExcel] [  270] - result.size() = 18
[DEBUG][2016-01-20 20:20:18,786][com.java.ImportnExport.ExportTestResultsExcel] [  274] - No of rows in sheet=1
[DEBUG][2016-01-20 20:20:18,786][com.java.ImportnExport.ExportTestResultsExcel] [  301] - ..in export..1
[DEBUG][2016-01-20 20:20:18,786][com.java.ImportnExport.ExportTestResultsExcel] [  301] - ..in export..Valid Login
[DEBUG][2016-01-20 20:20:18,786][com.java.ImportnExport.ExportTestResultsExcel] [  301] - ..in export..Pass
[DEBUG][2016-01-20 20:20:18,786][com.java.ImportnExport.ExportTestResultsExcel] [  301] - ..in export..
[DEBUG][2016-01-20 20:20:18,786][com.java.ImportnExport.ExportTestResultsExcel] [  301] - ..in export..Wed Jan 20 20:20:13 IST 2016
[INFO ][2016-01-20 20:20:18,786][com.java.SeleniumDriver] [ 1337] - out loop:0 size:2 TestCases:[1, 4] testcases:[1, 4]
[INFO ][2016-01-20 20:20:18,786][com.java.ImportnExport.ImportTestDataDetailsExcel] [   49] - test data details path===== D:\BankersDashboard\TestInputs\TestData.xls
[INFO ][2016-01-20 20:20:34,089][com.java.SeleniumDriver] [  856] - ------------------------------------------
[INFO ][2016-01-20 20:20:34,089][com.java.SeleniumDriver] [  857] - Test case being Executed: 4
[INFO ][2016-01-20 20:20:34,089][com.java.SeleniumDriver] [  869] - Test step:1
[INFO ][2016-01-20 20:20:34,089][com.java.SeleniumDriver] [  881] - Datavalue is----------Logout
[INFO ][2016-01-20 20:20:34,089][com.java.SeleniumDriver] [  905] - DataField : BTN
[INFO ][2016-01-20 20:20:34,089][com.java.SeleniumDriver] [  907] - DataValue : Logout
[INFO ][2016-01-20 20:20:34,089][com.java.SeleniumDriver] [  913] - <In Set values of the page>
[INFO ][2016-01-20 20:20:34,089][com.java.SeleniumDriver] [  916] - {Data Fields & Data Values Exist}
[INFO ][2016-01-20 20:20:34,089][com.java.SeleniumDriver] [  918] - --------------------------setting values-----------------------------
[INFO ][2016-01-20 20:20:34,089][com.java.SeleniumDriver] [  921] - Action Type : Verify
[INFO ][2016-01-20 20:20:34,089][com.java.TestType] [ 7776] - field= BTN value= Logout
[INFO ][2016-01-20 20:20:34,089][com.java.TestType] [ 6204] - value = Logout
[INFO ][2016-01-20 20:20:34,170][com.java.SeleniumDriver] [  930] -  RESULT true
[INFO ][2016-01-20 20:20:34,170][com.java.SeleniumDriver] [ 1136] - ?   P A S S   ?
[INFO ][2016-01-20 20:20:34,170][com.java.SeleniumDriver] [ 1178] - step change to 3
[INFO ][2016-01-20 20:20:34,170][com.java.SeleniumDriver] [  856] - ------------------------------------------
[INFO ][2016-01-20 20:20:34,170][com.java.SeleniumDriver] [  857] - Test case being Executed: 4
[INFO ][2016-01-20 20:20:34,170][com.java.SeleniumDriver] [  869] - Test step:3
[INFO ][2016-01-20 20:20:34,170][com.java.SeleniumDriver] [  881] - Datavalue is----------Concept#2:1-2
[INFO ][2016-01-20 20:20:34,170][com.java.SeleniumDriver] [  905] - DataField : test
[INFO ][2016-01-20 20:20:34,170][com.java.SeleniumDriver] [  907] - DataValue : Concept#2:1-2
[INFO ][2016-01-20 20:20:34,170][com.java.SeleniumDriver] [  913] - <In Set values of the page>
[INFO ][2016-01-20 20:20:34,170][com.java.SeleniumDriver] [  916] - {Data Fields & Data Values Exist}
[INFO ][2016-01-20 20:20:34,170][com.java.SeleniumDriver] [  918] - --------------------------setting values-----------------------------
[INFO ][2016-01-20 20:20:34,170][com.java.SeleniumDriver] [  921] - Action Type : ExecuteTestCase
[INFO ][2016-01-20 20:20:34,170][com.java.TestType] [  442] - The Concept sheet name is ---------- Concept
[INFO ][2016-01-20 20:20:34,170][com.java.TestType] [  445] - The Concept ID  is ---------- 2
[DEBUG][2016-01-20 20:20:34,170][com.java.TestType] [  449] - Steps being executted in the Concept are: 1:2
[INFO ][2016-01-20 20:20:34,170][com.java.TestType] [  456] - Test data details path ---------- D:\BankersDashboard\TestInputs\TestData.xls
[INFO ][2016-01-20 20:20:34,180][com.java.TestType] [  487] -  str(1) = 2
[INFO ][2016-01-20 20:20:34,180][com.java.TestType] [  490] - Test case Id is---2
[INFO ][2016-01-20 20:20:34,190][com.java.TestType] [  492] - 2
[INFO ][2016-01-20 20:20:34,190][com.java.TestType] [  487] -  str(2) = 1
[INFO ][2016-01-20 20:20:34,190][com.java.TestType] [  487] -  str(1) = 2
[INFO ][2016-01-20 20:20:34,190][com.java.TestType] [  490] - Test case Id is---2
[INFO ][2016-01-20 20:20:34,190][com.java.TestType] [  492] - 2
[INFO ][2016-01-20 20:20:34,190][com.java.TestType] [  487] -  str(2) = 2
[INFO ][2016-01-20 20:20:34,190][com.java.TestType] [  487] -  str(1) = 2
[INFO ][2016-01-20 20:20:34,190][com.java.TestType] [  490] - Test case Id is---2
[INFO ][2016-01-20 20:20:34,190][com.java.TestType] [  492] - 2
[INFO ][2016-01-20 20:20:34,190][com.java.TestType] [  487] -  str(2) = 3
[INFO ][2016-01-20 20:20:34,190][com.java.TestType] [11443] - Looping 1TCID = 2
[DEBUG][2016-01-20 20:20:34,190][com.java.TestType] [11484] - Concept ID:2 :: Step being Executed: 2::1
[INFO ][2016-01-20 20:20:34,190][com.java.TestType] [11522] - dataFields : BNK//select[@id='bank']
[DEBUG][2016-01-20 20:20:34,190][com.java.TestType] [11528] - <In Set values of the page>
[DEBUG][2016-01-20 20:20:34,190][com.java.TestType] [11533] - {Data Fields & Data Values Exist}
[INFO ][2016-01-20 20:20:34,190][com.java.TestType] [11539] - --------------------------setting values-----------------------------
[INFO ][2016-01-20 20:20:34,190][com.java.TestType] [11542] - Action Type : Select
[INFO ][2016-01-20 20:20:34,190][com.java.TestType] [ 6204] - value = PFC
[INFO ][2016-01-20 20:20:34,380][com.java.TestType] [11561] -  RESULT true
[INFO ][2016-01-20 20:20:34,380][com.java.TestType] [11678] - ?   P A S S   ?
[DEBUG][2016-01-20 20:20:34,380][com.java.TestType] [11484] - Concept ID:2 :: Step being Executed: 2::2
[INFO ][2016-01-20 20:20:34,380][com.java.TestType] [11522] - dataFields : LNKLogout
[DEBUG][2016-01-20 20:20:34,380][com.java.TestType] [11528] - <In Set values of the page>
[DEBUG][2016-01-20 20:20:34,380][com.java.TestType] [11533] - {Data Fields & Data Values Exist}
[INFO ][2016-01-20 20:20:34,380][com.java.TestType] [11539] - --------------------------setting values-----------------------------
[INFO ][2016-01-20 20:20:34,380][com.java.TestType] [11542] - Action Type : WaitTime
[DEBUG][2016-01-20 20:20:34,380][com.java.TestType] [ 6018] - sleepTime: 5000
[INFO ][2016-01-20 20:20:39,380][com.java.TestType] [11561] -  RESULT true
[INFO ][2016-01-20 20:20:39,380][com.java.TestType] [11678] - ?   P A S S   ?
[INFO ][2016-01-20 20:20:39,380][com.java.TestType] [11749] - Looping End......
[INFO ][2016-01-20 20:20:39,380][com.java.SeleniumDriver] [  930] -  RESULT true
[INFO ][2016-01-20 20:20:39,380][com.java.SeleniumDriver] [ 1136] - ?   P A S S   ?
[INFO ][2016-01-20 20:20:39,380][com.java.SeleniumDriver] [  856] - ------------------------------------------
[INFO ][2016-01-20 20:20:39,380][com.java.SeleniumDriver] [  857] - Test case being Executed: 4
[INFO ][2016-01-20 20:20:39,380][com.java.SeleniumDriver] [  869] - Test step:4
[INFO ][2016-01-20 20:20:39,380][com.java.SeleniumDriver] [  881] - Datavalue is----------2
[INFO ][2016-01-20 20:20:39,380][com.java.SeleniumDriver] [  905] - DataField : BTNG/L
[INFO ][2016-01-20 20:20:39,380][com.java.SeleniumDriver] [  907] - DataValue : 2
[INFO ][2016-01-20 20:20:39,380][com.java.SeleniumDriver] [  913] - <In Set values of the page>
[INFO ][2016-01-20 20:20:39,380][com.java.SeleniumDriver] [  916] - {Data Fields & Data Values Exist}
[INFO ][2016-01-20 20:20:39,380][com.java.SeleniumDriver] [  918] - --------------------------setting values-----------------------------
[INFO ][2016-01-20 20:20:39,380][com.java.SeleniumDriver] [  921] - Action Type : WAITFORELEMENT
[INFO ][2016-01-20 20:20:39,421][com.java.SeleniumDriver] [  930] -  RESULT true
[INFO ][2016-01-20 20:20:39,421][com.java.SeleniumDriver] [ 1136] - ?   P A S S   ?
[INFO ][2016-01-20 20:20:39,421][com.java.SeleniumDriver] [  856] - ------------------------------------------
[INFO ][2016-01-20 20:20:39,421][com.java.SeleniumDriver] [  857] - Test case being Executed: 4
[INFO ][2016-01-20 20:20:39,421][com.java.SeleniumDriver] [  869] - Test step:5
[INFO ][2016-01-20 20:20:39,421][com.java.SeleniumDriver] [  881] - Datavalue is----------null
[DEBUG][2016-01-20 20:20:39,421][com.java.SeleniumDriver] [  899] - Exception: null
[INFO ][2016-01-20 20:20:39,421][com.java.SeleniumDriver] [  905] - DataField : //a[starts-with(normalize-space(.), 'Settings')]/span[2]&&//a[starts-with(normalize-space(.), 'Customize')]&&//li[@data-id='MyDashboard']/a[starts-with(text(), 'My Dashboard')]
[INFO ][2016-01-20 20:20:39,421][com.java.SeleniumDriver] [  907] - DataValue : 
[INFO ][2016-01-20 20:20:39,421][com.java.SeleniumDriver] [  913] - <In Set values of the page>
[INFO ][2016-01-20 20:20:39,421][com.java.SeleniumDriver] [  916] - {Data Fields & Data Values Exist}
[INFO ][2016-01-20 20:20:39,421][com.java.SeleniumDriver] [  918] - --------------------------setting values-----------------------------
[INFO ][2016-01-20 20:20:39,421][com.java.SeleniumDriver] [  921] - Action Type : MOUSEOVER
[INFO ][2016-01-20 20:21:06,174][com.java.SeleniumDriver] [  930] -  RESULT true
[INFO ][2016-01-20 20:21:06,174][com.java.SeleniumDriver] [ 1136] - ?   P A S S   ?
[INFO ][2016-01-20 20:21:06,174][com.java.SeleniumDriver] [  856] - ------------------------------------------
[INFO ][2016-01-20 20:21:06,174][com.java.SeleniumDriver] [  857] - Test case being Executed: 4
[INFO ][2016-01-20 20:21:06,174][com.java.SeleniumDriver] [  869] - Test step:6
[INFO ][2016-01-20 20:21:06,174][com.java.SeleniumDriver] [  881] - Datavalue is----------5
[INFO ][2016-01-20 20:21:06,174][com.java.SeleniumDriver] [  905] - DataField : BTN//iframe[@id='frameDialogContent']
[INFO ][2016-01-20 20:21:06,174][com.java.SeleniumDriver] [  907] - DataValue : 5
[INFO ][2016-01-20 20:21:06,174][com.java.SeleniumDriver] [  913] - <In Set values of the page>
[INFO ][2016-01-20 20:21:06,174][com.java.SeleniumDriver] [  916] - {Data Fields & Data Values Exist}
[INFO ][2016-01-20 20:21:06,174][com.java.SeleniumDriver] [  918] - --------------------------setting values-----------------------------
[INFO ][2016-01-20 20:21:06,174][com.java.SeleniumDriver] [  921] - Action Type : WAITFORELEMENT
[INFO ][2016-01-20 20:21:06,205][com.java.SeleniumDriver] [  930] -  RESULT true
[INFO ][2016-01-20 20:21:06,205][com.java.SeleniumDriver] [ 1136] - ?   P A S S   ?
[INFO ][2016-01-20 20:21:06,205][com.java.SeleniumDriver] [  856] - ------------------------------------------
[INFO ][2016-01-20 20:21:06,205][com.java.SeleniumDriver] [  857] - Test case being Executed: 4
[INFO ][2016-01-20 20:21:06,205][com.java.SeleniumDriver] [  869] - Test step:7
[INFO ][2016-01-20 20:21:06,205][com.java.SeleniumDriver] [  881] - Datavalue is----------null
[DEBUG][2016-01-20 20:21:06,205][com.java.SeleniumDriver] [  899] - Exception: null
[INFO ][2016-01-20 20:21:06,205][com.java.SeleniumDriver] [  905] - DataField : BTN//iframe[@id='frameDialogContent']
[INFO ][2016-01-20 20:21:06,205][com.java.SeleniumDriver] [  907] - DataValue : 
[INFO ][2016-01-20 20:21:06,205][com.java.SeleniumDriver] [  913] - <In Set values of the page>
[INFO ][2016-01-20 20:21:06,205][com.java.SeleniumDriver] [  916] - {Data Fields & Data Values Exist}
[INFO ][2016-01-20 20:21:06,205][com.java.SeleniumDriver] [  918] - --------------------------setting values-----------------------------
[INFO ][2016-01-20 20:21:06,205][com.java.SeleniumDriver] [  921] - Action Type : SELECTFRAME
[INFO ][2016-01-20 20:21:06,285][com.java.SeleniumDriver] [  930] -  RESULT true
[INFO ][2016-01-20 20:21:06,285][com.java.SeleniumDriver] [ 1136] - ?   P A S S   ?
[INFO ][2016-01-20 20:21:06,285][com.java.SeleniumDriver] [  856] - ------------------------------------------
[INFO ][2016-01-20 20:21:06,285][com.java.SeleniumDriver] [  857] - Test case being Executed: 4
[INFO ][2016-01-20 20:21:06,285][com.java.SeleniumDriver] [  869] - Test step:8
[INFO ][2016-01-20 20:21:06,285][com.java.SeleniumDriver] [  881] - Datavalue is----------#_keys
[INFO ][2016-01-20 20:21:06,285][com.java.SeleniumDriver] [  905] - DataField : XPH//td[starts-with(text(), '#_CAL')]
[INFO ][2016-01-20 20:21:06,285][com.java.SeleniumDriver] [  907] - DataValue : #_keys
[INFO ][2016-01-20 20:21:06,285][com.java.SeleniumDriver] [  913] - <In Set values of the page>
[INFO ][2016-01-20 20:21:06,285][com.java.SeleniumDriver] [  916] - {Data Fields & Data Values Exist}
[INFO ][2016-01-20 20:21:06,285][com.java.SeleniumDriver] [  918] - --------------------------setting values-----------------------------
[INFO ][2016-01-20 20:21:06,285][com.java.SeleniumDriver] [  921] - Action Type : STOREVALUE
[INFO ][2016-01-20 20:21:06,285][com.java.TestType] [ 9203] - field= XPH//td[starts-with(text(), '#_CAL')]
[DEBUG][2016-01-20 20:21:06,365][com.java.TestType] [ 9258] - Key:: #_keys   Value:: #_CAL47152
[INFO ][2016-01-20 20:21:06,365][com.java.SeleniumDriver] [  930] -  RESULT true
[INFO ][2016-01-20 20:21:06,365][com.java.SeleniumDriver] [ 1136] - ?   P A S S   ?
[INFO ][2016-01-20 20:21:06,365][com.java.SeleniumDriver] [ 1173] - Continue next step...
[INFO ][2016-01-20 20:21:06,365][com.java.SeleniumDriver] [  856] - ------------------------------------------
[INFO ][2016-01-20 20:21:06,365][com.java.SeleniumDriver] [  857] - Test case being Executed: 4
[INFO ][2016-01-20 20:21:06,365][com.java.SeleniumDriver] [  869] - Test step:9
[INFO ][2016-01-20 20:21:06,365][com.java.SeleniumDriver] [  881] - Datavalue is----------#_keys
[INFO ][2016-01-20 20:21:06,365][com.java.SeleniumDriver] [  905] - DataField : MNC//td[contains(text(),'mytext')]/../td[@align='center']/span[2]
[INFO ][2016-01-20 20:21:06,365][com.java.SeleniumDriver] [  907] - DataValue : #_keys
[INFO ][2016-01-20 20:21:06,365][com.java.SeleniumDriver] [  913] - <In Set values of the page>
[INFO ][2016-01-20 20:21:06,365][com.java.SeleniumDriver] [  916] - {Data Fields & Data Values Exist}
[INFO ][2016-01-20 20:21:06,365][com.java.SeleniumDriver] [  918] - --------------------------setting values-----------------------------
[INFO ][2016-01-20 20:21:06,365][com.java.SeleniumDriver] [  921] - Action Type : Click
[INFO ][2016-01-20 20:21:06,365][com.java.TestType] [ 6583] - Field ::MNC//td[contains(text(),'mytext')]/../td[@align='center']/span[2]
[INFO ][2016-01-20 20:21:06,365][com.java.TestType] [ 6204] - value = #_keys
[INFO ][2016-01-20 20:21:09,306][com.java.SeleniumDriver] [  930] -  RESULT true
[INFO ][2016-01-20 20:21:09,306][com.java.SeleniumDriver] [ 1136] - ?   P A S S   ?
[INFO ][2016-01-20 20:21:09,306][com.java.SeleniumDriver] [ 1178] - step change to 15
[INFO ][2016-01-20 20:21:09,306][com.java.SeleniumDriver] [  856] - ------------------------------------------
[INFO ][2016-01-20 20:21:09,306][com.java.SeleniumDriver] [  857] - Test case being Executed: 4
[INFO ][2016-01-20 20:21:09,306][com.java.SeleniumDriver] [  869] - Test step:15
[INFO ][2016-01-20 20:21:09,306][com.java.SeleniumDriver] [  881] - Datavalue is----------#_keys
[INFO ][2016-01-20 20:21:09,306][com.java.SeleniumDriver] [  905] - DataField : HDC//td[contains(text(),'mytext')]/../td[@align='center']/span[2]
[INFO ][2016-01-20 20:21:09,306][com.java.SeleniumDriver] [  907] - DataValue : #_keys
[INFO ][2016-01-20 20:21:09,306][com.java.SeleniumDriver] [  913] - <In Set values of the page>
[INFO ][2016-01-20 20:21:09,306][com.java.SeleniumDriver] [  916] - {Data Fields & Data Values Exist}
[INFO ][2016-01-20 20:21:09,306][com.java.SeleniumDriver] [  918] - --------------------------setting values-----------------------------
[INFO ][2016-01-20 20:21:09,306][com.java.SeleniumDriver] [  921] - Action Type : Click
[INFO ][2016-01-20 20:21:09,306][com.java.TestType] [ 6583] - Field ::HDC//td[contains(text(),'mytext')]/../td[@align='center']/span[2]
[INFO ][2016-01-20 20:21:09,306][com.java.TestType] [ 6204] - value = #_keys
[INFO ][2016-01-20 20:21:11,750][com.java.SeleniumDriver] [  930] -  RESULT true
[INFO ][2016-01-20 20:21:11,750][com.java.SeleniumDriver] [ 1136] - ?   P A S S   ?
[INFO ][2016-01-20 20:21:11,750][com.java.SeleniumDriver] [  856] - ------------------------------------------
[INFO ][2016-01-20 20:21:11,750][com.java.SeleniumDriver] [  857] - Test case being Executed: 4
[INFO ][2016-01-20 20:21:11,750][com.java.SeleniumDriver] [  869] - Test step:16
[INFO ][2016-01-20 20:21:11,750][com.java.SeleniumDriver] [  881] - Datavalue is----------10
[INFO ][2016-01-20 20:21:11,750][com.java.SeleniumDriver] [  905] - DataField : test
[INFO ][2016-01-20 20:21:11,750][com.java.SeleniumDriver] [  907] - DataValue : 10
[INFO ][2016-01-20 20:21:11,750][com.java.SeleniumDriver] [  913] - <In Set values of the page>
[INFO ][2016-01-20 20:21:11,750][com.java.SeleniumDriver] [  916] - {Data Fields & Data Values Exist}
[INFO ][2016-01-20 20:21:11,750][com.java.SeleniumDriver] [  918] - --------------------------setting values-----------------------------
[INFO ][2016-01-20 20:21:11,750][com.java.SeleniumDriver] [  921] - Action Type : WaitTime
[DEBUG][2016-01-20 20:21:11,750][com.java.TestType] [ 6018] - sleepTime: 10000
[INFO ][2016-01-20 20:21:21,754][com.java.SeleniumDriver] [  930] -  RESULT true
[INFO ][2016-01-20 20:21:21,754][com.java.SeleniumDriver] [ 1136] - ?   P A S S   ?
[INFO ][2016-01-20 20:21:21,754][com.java.SeleniumDriver] [  856] - ------------------------------------------
[INFO ][2016-01-20 20:21:21,754][com.java.SeleniumDriver] [  857] - Test case being Executed: 4
[INFO ][2016-01-20 20:21:21,754][com.java.SeleniumDriver] [  869] - Test step:17
[INFO ][2016-01-20 20:21:21,754][com.java.SeleniumDriver] [  881] - Datavalue is----------Indicator Type
[INFO ][2016-01-20 20:21:21,754][com.java.SeleniumDriver] [  905] - DataField : MSG
[INFO ][2016-01-20 20:21:21,754][com.java.SeleniumDriver] [  907] - DataValue : Indicator Type
[INFO ][2016-01-20 20:21:21,754][com.java.SeleniumDriver] [  913] - <In Set values of the page>
[INFO ][2016-01-20 20:21:21,754][com.java.SeleniumDriver] [  916] - {Data Fields & Data Values Exist}
[INFO ][2016-01-20 20:21:21,754][com.java.SeleniumDriver] [  918] - --------------------------setting values-----------------------------
[INFO ][2016-01-20 20:21:21,754][com.java.SeleniumDriver] [  921] - Action Type : verify
[INFO ][2016-01-20 20:21:21,754][com.java.TestType] [ 7776] - field= MSG value= Indicator Type
[INFO ][2016-01-20 20:21:21,754][com.java.TestType] [ 6204] - value = Indicator Type
[DEBUG][2016-01-20 20:21:21,754][com.java.TestType] [ 8606] - value :: Indicator Type
[INFO ][2016-01-20 20:21:21,775][com.java.SeleniumDriver] [  930] -  RESULT true
[INFO ][2016-01-20 20:21:21,775][com.java.SeleniumDriver] [ 1136] - ?   P A S S   ?
[INFO ][2016-01-20 20:21:21,775][com.java.SeleniumDriver] [  856] - ------------------------------------------
[INFO ][2016-01-20 20:21:21,775][com.java.SeleniumDriver] [  857] - Test case being Executed: 4
[INFO ][2016-01-20 20:21:21,775][com.java.SeleniumDriver] [  869] - Test step:18
[INFO ][2016-01-20 20:21:21,775][com.java.SeleniumDriver] [  881] - Datavalue is----------Indicator Value
[INFO ][2016-01-20 20:21:21,775][com.java.SeleniumDriver] [  905] - DataField : MSG
[INFO ][2016-01-20 20:21:21,775][com.java.SeleniumDriver] [  907] - DataValue : Indicator Value
[INFO ][2016-01-20 20:21:21,775][com.java.SeleniumDriver] [  913] - <In Set values of the page>
[INFO ][2016-01-20 20:21:21,775][com.java.SeleniumDriver] [  916] - {Data Fields & Data Values Exist}
[INFO ][2016-01-20 20:21:21,775][com.java.SeleniumDriver] [  918] - --------------------------setting values-----------------------------
[INFO ][2016-01-20 20:21:21,775][com.java.SeleniumDriver] [  921] - Action Type : verify
[INFO ][2016-01-20 20:21:21,775][com.java.TestType] [ 7776] - field= MSG value= Indicator Value
[INFO ][2016-01-20 20:21:21,775][com.java.TestType] [ 6204] - value = Indicator Value
[DEBUG][2016-01-20 20:21:21,775][com.java.TestType] [ 8606] - value :: Indicator Value
[INFO ][2016-01-20 20:21:21,795][com.java.SeleniumDriver] [  930] -  RESULT true
[INFO ][2016-01-20 20:21:21,795][com.java.SeleniumDriver] [ 1136] - ?   P A S S   ?
[INFO ][2016-01-20 20:21:21,795][com.java.SeleniumDriver] [  856] - ------------------------------------------
[INFO ][2016-01-20 20:21:21,795][com.java.SeleniumDriver] [  857] - Test case being Executed: 4
[INFO ][2016-01-20 20:21:21,795][com.java.SeleniumDriver] [  869] - Test step:19
[INFO ][2016-01-20 20:21:21,795][com.java.SeleniumDriver] [  881] - Datavalue is----------Indicator Name
[INFO ][2016-01-20 20:21:21,795][com.java.SeleniumDriver] [  905] - DataField : MSG
[INFO ][2016-01-20 20:21:21,795][com.java.SeleniumDriver] [  907] - DataValue : Indicator Name
[INFO ][2016-01-20 20:21:21,795][com.java.SeleniumDriver] [  913] - <In Set values of the page>
[INFO ][2016-01-20 20:21:21,795][com.java.SeleniumDriver] [  916] - {Data Fields & Data Values Exist}
[INFO ][2016-01-20 20:21:21,795][com.java.SeleniumDriver] [  918] - --------------------------setting values-----------------------------
[INFO ][2016-01-20 20:21:21,795][com.java.SeleniumDriver] [  921] - Action Type : verify
[INFO ][2016-01-20 20:21:21,795][com.java.TestType] [ 7776] - field= MSG value= Indicator Name
[INFO ][2016-01-20 20:21:21,795][com.java.TestType] [ 6204] - value = Indicator Name
[DEBUG][2016-01-20 20:21:21,795][com.java.TestType] [ 8606] - value :: Indicator Name
[INFO ][2016-01-20 20:21:21,815][com.java.SeleniumDriver] [  930] -  RESULT true
[INFO ][2016-01-20 20:21:21,815][com.java.SeleniumDriver] [ 1136] - ?   P A S S   ?
[INFO ][2016-01-20 20:21:21,815][com.java.SeleniumDriver] [  856] - ------------------------------------------
[INFO ][2016-01-20 20:21:21,815][com.java.SeleniumDriver] [  857] - Test case being Executed: 4
[INFO ][2016-01-20 20:21:21,815][com.java.SeleniumDriver] [  869] - Test step:20
[INFO ][2016-01-20 20:21:21,815][com.java.SeleniumDriver] [  881] - Datavalue is----------5
[INFO ][2016-01-20 20:21:21,815][com.java.SeleniumDriver] [  905] - DataField : test
[INFO ][2016-01-20 20:21:21,815][com.java.SeleniumDriver] [  907] - DataValue : 5
[INFO ][2016-01-20 20:21:21,815][com.java.SeleniumDriver] [  913] - <In Set values of the page>
[INFO ][2016-01-20 20:21:21,815][com.java.SeleniumDriver] [  916] - {Data Fields & Data Values Exist}
[INFO ][2016-01-20 20:21:21,815][com.java.SeleniumDriver] [  918] - --------------------------setting values-----------------------------
[INFO ][2016-01-20 20:21:21,815][com.java.SeleniumDriver] [  921] - Action Type : WaitTime
[DEBUG][2016-01-20 20:21:21,815][com.java.TestType] [ 6018] - sleepTime: 5000
[INFO ][2016-01-20 20:21:26,821][com.java.SeleniumDriver] [  930] -  RESULT true
[INFO ][2016-01-20 20:21:26,821][com.java.SeleniumDriver] [ 1136] - ?   P A S S   ?
[INFO ][2016-01-20 20:21:26,821][com.java.SeleniumDriver] [  856] - ------------------------------------------
[INFO ][2016-01-20 20:21:26,821][com.java.SeleniumDriver] [  857] - Test case being Executed: 4
[INFO ][2016-01-20 20:21:26,821][com.java.SeleniumDriver] [  869] - Test step:21
[INFO ][2016-01-20 20:21:26,821][com.java.SeleniumDriver] [  881] - Datavalue is----------null
[DEBUG][2016-01-20 20:21:26,821][com.java.SeleniumDriver] [  899] - Exception: null
[INFO ][2016-01-20 20:21:26,821][com.java.SeleniumDriver] [  905] - DataField : HDN//input[@id='btnNext']
[INFO ][2016-01-20 20:21:26,821][com.java.SeleniumDriver] [  907] - DataValue : 
[INFO ][2016-01-20 20:21:26,821][com.java.SeleniumDriver] [  913] - <In Set values of the page>
[INFO ][2016-01-20 20:21:26,821][com.java.SeleniumDriver] [  916] - {Data Fields & Data Values Exist}
[INFO ][2016-01-20 20:21:26,821][com.java.SeleniumDriver] [  918] - --------------------------setting values-----------------------------
[INFO ][2016-01-20 20:21:26,821][com.java.SeleniumDriver] [  921] - Action Type : CLICK
[INFO ][2016-01-20 20:21:26,821][com.java.TestType] [ 6583] - Field ::HDN//input[@id='btnNext']
[INFO ][2016-01-20 20:21:26,821][com.java.TestType] [ 6204] - value = 
[INFO ][2016-01-20 20:21:27,923][com.java.SeleniumDriver] [  930] -  RESULT true
[INFO ][2016-01-20 20:21:27,923][com.java.SeleniumDriver] [ 1136] - ?   P A S S   ?
[INFO ][2016-01-20 20:21:27,923][com.java.SeleniumDriver] [  856] - ------------------------------------------
[INFO ][2016-01-20 20:21:27,923][com.java.SeleniumDriver] [  857] - Test case being Executed: 4
[INFO ][2016-01-20 20:21:27,923][com.java.SeleniumDriver] [  869] - Test step:22
[INFO ][2016-01-20 20:21:27,923][com.java.SeleniumDriver] [  881] - Datavalue is----------3
[INFO ][2016-01-20 20:21:27,923][com.java.SeleniumDriver] [  905] - DataField : TXTGreenCompare
[INFO ][2016-01-20 20:21:27,923][com.java.SeleniumDriver] [  907] - DataValue : 3
[INFO ][2016-01-20 20:21:27,923][com.java.SeleniumDriver] [  913] - <In Set values of the page>
[INFO ][2016-01-20 20:21:27,923][com.java.SeleniumDriver] [  916] - {Data Fields & Data Values Exist}
[INFO ][2016-01-20 20:21:27,923][com.java.SeleniumDriver] [  918] - --------------------------setting values-----------------------------
[INFO ][2016-01-20 20:21:27,923][com.java.SeleniumDriver] [  921] - Action Type : WaitForElement
[INFO ][2016-01-20 20:21:29,033][com.java.SeleniumDriver] [  930] -  RESULT true
[INFO ][2016-01-20 20:21:29,033][com.java.SeleniumDriver] [ 1136] - ?   P A S S   ?
[INFO ][2016-01-20 20:21:29,033][com.java.SeleniumDriver] [  856] - ------------------------------------------
[INFO ][2016-01-20 20:21:29,033][com.java.SeleniumDriver] [  857] - Test case being Executed: 4
[INFO ][2016-01-20 20:21:29,033][com.java.SeleniumDriver] [  869] - Test step:23
[INFO ][2016-01-20 20:21:29,033][com.java.SeleniumDriver] [  881] - Datavalue is----------index:1
[INFO ][2016-01-20 20:21:29,033][com.java.SeleniumDriver] [  905] - DataField : COBGreenCompare
[INFO ][2016-01-20 20:21:29,033][com.java.SeleniumDriver] [  907] - DataValue : index:1
[INFO ][2016-01-20 20:21:29,033][com.java.SeleniumDriver] [  913] - <In Set values of the page>
[INFO ][2016-01-20 20:21:29,033][com.java.SeleniumDriver] [  916] - {Data Fields & Data Values Exist}
[INFO ][2016-01-20 20:21:29,033][com.java.SeleniumDriver] [  918] - --------------------------setting values-----------------------------
[INFO ][2016-01-20 20:21:29,033][com.java.SeleniumDriver] [  921] - Action Type : Select
[INFO ][2016-01-20 20:21:29,033][com.java.TestType] [ 6204] - value = 1
[INFO ][2016-01-20 20:21:30,185][com.java.TestType] [ 6322] -  In COB GreenCompare : 1
[INFO ][2016-01-20 20:21:30,275][com.java.SeleniumDriver] [  930] -  RESULT true
[INFO ][2016-01-20 20:21:30,275][com.java.SeleniumDriver] [ 1136] - ?   P A S S   ?
[INFO ][2016-01-20 20:21:30,275][com.java.SeleniumDriver] [  856] - ------------------------------------------
[INFO ][2016-01-20 20:21:30,275][com.java.SeleniumDriver] [  857] - Test case being Executed: 4
[INFO ][2016-01-20 20:21:30,275][com.java.SeleniumDriver] [  869] - Test step:24
[INFO ][2016-01-20 20:21:30,275][com.java.SeleniumDriver] [  881] - Datavalue is----------100000000
[INFO ][2016-01-20 20:21:30,275][com.java.SeleniumDriver] [  905] - DataField : TXTGreenValue
[INFO ][2016-01-20 20:21:30,275][com.java.SeleniumDriver] [  907] - DataValue : 100000000
[INFO ][2016-01-20 20:21:30,275][com.java.SeleniumDriver] [  913] - <In Set values of the page>
[INFO ][2016-01-20 20:21:30,275][com.java.SeleniumDriver] [  916] - {Data Fields & Data Values Exist}
[INFO ][2016-01-20 20:21:30,275][com.java.SeleniumDriver] [  918] - --------------------------setting values-----------------------------
[INFO ][2016-01-20 20:21:30,275][com.java.SeleniumDriver] [  921] - Action Type : CLEARANDENTER
[INFO ][2016-01-20 20:21:31,452][com.java.TestType] [ 6204] - value = 100000000
[INFO ][2016-01-20 20:21:32,743][com.java.SeleniumDriver] [  930] -  RESULT true
[INFO ][2016-01-20 20:21:32,743][com.java.SeleniumDriver] [ 1136] - ?   P A S S   ?
[INFO ][2016-01-20 20:21:32,743][com.java.SeleniumDriver] [  856] - ------------------------------------------
[INFO ][2016-01-20 20:21:32,743][com.java.SeleniumDriver] [  857] - Test case being Executed: 4
[INFO ][2016-01-20 20:21:32,743][com.java.SeleniumDriver] [  869] - Test step:25
[INFO ][2016-01-20 20:21:32,743][com.java.SeleniumDriver] [  881] - Datavalue is----------null
[DEBUG][2016-01-20 20:21:32,743][com.java.SeleniumDriver] [  899] - Exception: null
[INFO ][2016-01-20 20:21:32,743][com.java.SeleniumDriver] [  905] - DataField : BTNparent
[INFO ][2016-01-20 20:21:32,743][com.java.SeleniumDriver] [  907] - DataValue : 
[INFO ][2016-01-20 20:21:32,743][com.java.SeleniumDriver] [  913] - <In Set values of the page>
[INFO ][2016-01-20 20:21:32,743][com.java.SeleniumDriver] [  916] - {Data Fields & Data Values Exist}
[INFO ][2016-01-20 20:21:32,743][com.java.SeleniumDriver] [  918] - --------------------------setting values-----------------------------
[INFO ][2016-01-20 20:21:32,743][com.java.SeleniumDriver] [  921] - Action Type : SELECTFRAME
[INFO ][2016-01-20 20:21:32,753][com.java.SeleniumDriver] [  930] -  RESULT true
[INFO ][2016-01-20 20:21:32,753][com.java.SeleniumDriver] [ 1136] - ?   P A S S   ?
[INFO ][2016-01-20 20:21:32,753][com.java.SeleniumDriver] [  856] - ------------------------------------------
[INFO ][2016-01-20 20:21:32,753][com.java.SeleniumDriver] [  857] - Test case being Executed: 4
[INFO ][2016-01-20 20:21:32,753][com.java.SeleniumDriver] [  869] - Test step:26
[INFO ][2016-01-20 20:21:32,753][com.java.SeleniumDriver] [  881] - Datavalue is----------5
[INFO ][2016-01-20 20:21:32,753][com.java.SeleniumDriver] [  905] - DataField : XPH//span[contains(text(),'Finished')]
[INFO ][2016-01-20 20:21:32,753][com.java.SeleniumDriver] [  907] - DataValue : 5
[INFO ][2016-01-20 20:21:32,753][com.java.SeleniumDriver] [  913] - <In Set values of the page>
[INFO ][2016-01-20 20:21:32,753][com.java.SeleniumDriver] [  916] - {Data Fields & Data Values Exist}
[INFO ][2016-01-20 20:21:32,753][com.java.SeleniumDriver] [  918] - --------------------------setting values-----------------------------
[INFO ][2016-01-20 20:21:32,753][com.java.SeleniumDriver] [  921] - Action Type : WAITFORELEMENT
[INFO ][2016-01-20 20:21:32,793][com.java.SeleniumDriver] [  930] -  RESULT true
[INFO ][2016-01-20 20:21:32,793][com.java.SeleniumDriver] [ 1136] - ?   P A S S   ?
[INFO ][2016-01-20 20:21:32,793][com.java.SeleniumDriver] [  856] - ------------------------------------------
[INFO ][2016-01-20 20:21:32,793][com.java.SeleniumDriver] [  857] - Test case being Executed: 4
[INFO ][2016-01-20 20:21:32,793][com.java.SeleniumDriver] [  869] - Test step:27
[INFO ][2016-01-20 20:21:32,793][com.java.SeleniumDriver] [  881] - Datavalue is----------null
[DEBUG][2016-01-20 20:21:32,793][com.java.SeleniumDriver] [  899] - Exception: null
[INFO ][2016-01-20 20:21:32,793][com.java.SeleniumDriver] [  905] - DataField : HDN//span[contains(text(),'Finished')]
[INFO ][2016-01-20 20:21:32,793][com.java.SeleniumDriver] [  907] - DataValue : 
[INFO ][2016-01-20 20:21:32,793][com.java.SeleniumDriver] [  913] - <In Set values of the page>
[INFO ][2016-01-20 20:21:32,793][com.java.SeleniumDriver] [  916] - {Data Fields & Data Values Exist}
[INFO ][2016-01-20 20:21:32,793][com.java.SeleniumDriver] [  918] - --------------------------setting values-----------------------------
[INFO ][2016-01-20 20:21:32,793][com.java.SeleniumDriver] [  921] - Action Type : CLICK
[INFO ][2016-01-20 20:21:32,793][com.java.TestType] [ 6583] - Field ::HDN//span[contains(text(),'Finished')]
[INFO ][2016-01-20 20:21:32,793][com.java.TestType] [ 6204] - value = 
[INFO ][2016-01-20 20:21:33,974][com.java.SeleniumDriver] [  930] -  RESULT true
[INFO ][2016-01-20 20:21:33,974][com.java.SeleniumDriver] [ 1136] - ?   P A S S   ?
[INFO ][2016-01-20 20:21:33,974][com.java.SeleniumDriver] [  856] - ------------------------------------------
[INFO ][2016-01-20 20:21:33,974][com.java.SeleniumDriver] [  857] - Test case being Executed: 4
[INFO ][2016-01-20 20:21:33,974][com.java.SeleniumDriver] [  869] - Test step:28
[INFO ][2016-01-20 20:21:33,974][com.java.SeleniumDriver] [  881] - Datavalue is----------5
[INFO ][2016-01-20 20:21:33,974][com.java.SeleniumDriver] [  905] - DataField : BTN//iframe[@id='frameDialogContent']
[INFO ][2016-01-20 20:21:33,974][com.java.SeleniumDriver] [  907] - DataValue : 5
[INFO ][2016-01-20 20:21:33,974][com.java.SeleniumDriver] [  913] - <In Set values of the page>
[INFO ][2016-01-20 20:21:33,974][com.java.SeleniumDriver] [  916] - {Data Fields & Data Values Exist}
[INFO ][2016-01-20 20:21:33,974][com.java.SeleniumDriver] [  918] - --------------------------setting values-----------------------------
[INFO ][2016-01-20 20:21:33,974][com.java.SeleniumDriver] [  921] - Action Type : WAITFORELEMENT
[INFO ][2016-01-20 20:21:34,004][com.java.SeleniumDriver] [  930] -  RESULT true
[INFO ][2016-01-20 20:21:34,004][com.java.SeleniumDriver] [ 1136] - ?   P A S S   ?
[INFO ][2016-01-20 20:21:34,004][com.java.SeleniumDriver] [  856] - ------------------------------------------
[INFO ][2016-01-20 20:21:34,004][com.java.SeleniumDriver] [  857] - Test case being Executed: 4
[INFO ][2016-01-20 20:21:34,004][com.java.SeleniumDriver] [  869] - Test step:29
[INFO ][2016-01-20 20:21:34,004][com.java.SeleniumDriver] [  881] - Datavalue is----------null
[DEBUG][2016-01-20 20:21:34,004][com.java.SeleniumDriver] [  899] - Exception: null
[INFO ][2016-01-20 20:21:34,004][com.java.SeleniumDriver] [  905] - DataField : BTN//iframe[@id='frameDialogContent']
[INFO ][2016-01-20 20:21:34,004][com.java.SeleniumDriver] [  907] - DataValue : 
[INFO ][2016-01-20 20:21:34,004][com.java.SeleniumDriver] [  913] - <In Set values of the page>
[INFO ][2016-01-20 20:21:34,004][com.java.SeleniumDriver] [  916] - {Data Fields & Data Values Exist}
[INFO ][2016-01-20 20:21:34,004][com.java.SeleniumDriver] [  918] - --------------------------setting values-----------------------------
[INFO ][2016-01-20 20:21:34,004][com.java.SeleniumDriver] [  921] - Action Type : SELECTFRAME
[INFO ][2016-01-20 20:21:34,084][com.java.SeleniumDriver] [  930] -  RESULT true
[INFO ][2016-01-20 20:21:34,084][com.java.SeleniumDriver] [ 1136] - ?   P A S S   ?
[INFO ][2016-01-20 20:21:34,084][com.java.SeleniumDriver] [  856] - ------------------------------------------
[INFO ][2016-01-20 20:21:34,084][com.java.SeleniumDriver] [  857] - Test case being Executed: 4
[INFO ][2016-01-20 20:21:34,084][com.java.SeleniumDriver] [  869] - Test step:30
[INFO ][2016-01-20 20:21:34,084][com.java.SeleniumDriver] [  881] - Datavalue is----------5
[INFO ][2016-01-20 20:21:34,084][com.java.SeleniumDriver] [  905] - DataField : test
[INFO ][2016-01-20 20:21:34,084][com.java.SeleniumDriver] [  907] - DataValue : 5
[INFO ][2016-01-20 20:21:34,084][com.java.SeleniumDriver] [  913] - <In Set values of the page>
[INFO ][2016-01-20 20:21:34,084][com.java.SeleniumDriver] [  916] - {Data Fields & Data Values Exist}
[INFO ][2016-01-20 20:21:34,084][com.java.SeleniumDriver] [  918] - --------------------------setting values-----------------------------
[INFO ][2016-01-20 20:21:34,084][com.java.SeleniumDriver] [  921] - Action Type : WaitTime
[DEBUG][2016-01-20 20:21:34,084][com.java.TestType] [ 6018] - sleepTime: 5000
[INFO ][2016-01-20 20:21:39,084][com.java.SeleniumDriver] [  930] -  RESULT true
[INFO ][2016-01-20 20:21:39,084][com.java.SeleniumDriver] [ 1136] - ?   P A S S   ?
[INFO ][2016-01-20 20:21:39,084][com.java.SeleniumDriver] [  856] - ------------------------------------------
[INFO ][2016-01-20 20:21:39,084][com.java.SeleniumDriver] [  857] - Test case being Executed: 4
[INFO ][2016-01-20 20:21:39,084][com.java.SeleniumDriver] [  869] - Test step:31
[INFO ][2016-01-20 20:21:39,084][com.java.SeleniumDriver] [  881] - Datavalue is----------#_keys::< 100,000,000
[INFO ][2016-01-20 20:21:39,084][com.java.SeleniumDriver] [  905] - DataField : PVP//td[contains(text(),'mytext')]//following-sibling::td[1]
[INFO ][2016-01-20 20:21:39,084][com.java.SeleniumDriver] [  907] - DataValue : #_keys::< 100,000,000
[INFO ][2016-01-20 20:21:39,084][com.java.SeleniumDriver] [  913] - <In Set values of the page>
[INFO ][2016-01-20 20:21:39,084][com.java.SeleniumDriver] [  916] - {Data Fields & Data Values Exist}
[INFO ][2016-01-20 20:21:39,084][com.java.SeleniumDriver] [  918] - --------------------------setting values-----------------------------
[INFO ][2016-01-20 20:21:39,084][com.java.SeleniumDriver] [  921] - Action Type : verify
[INFO ][2016-01-20 20:21:39,084][com.java.TestType] [ 7776] - field= PVP//td[contains(text(),'mytext')]//following-sibling::td[1] value= #_keys::< 100,000,000
[INFO ][2016-01-20 20:21:39,084][com.java.TestType] [ 6204] - value = #_keys::< 100,000,000
[INFO ][2016-01-20 20:21:39,195][com.java.SeleniumDriver] [  930] -  RESULT true
[INFO ][2016-01-20 20:21:39,195][com.java.SeleniumDriver] [ 1136] - ?   P A S S   ?
[INFO ][2016-01-20 20:21:39,195][com.java.SeleniumDriver] [  856] - ------------------------------------------
[INFO ][2016-01-20 20:21:39,195][com.java.SeleniumDriver] [  857] - Test case being Executed: 4
[INFO ][2016-01-20 20:21:39,195][com.java.SeleniumDriver] [  869] - Test step:32
[INFO ][2016-01-20 20:21:39,195][com.java.SeleniumDriver] [  881] - Datavalue is----------null
[DEBUG][2016-01-20 20:21:39,195][com.java.SeleniumDriver] [  899] - Exception: null
[INFO ][2016-01-20 20:21:39,195][com.java.SeleniumDriver] [  905] - DataField : BTNparent
[INFO ][2016-01-20 20:21:39,195][com.java.SeleniumDriver] [  907] - DataValue : 
[INFO ][2016-01-20 20:21:39,195][com.java.SeleniumDriver] [  913] - <In Set values of the page>
[INFO ][2016-01-20 20:21:39,195][com.java.SeleniumDriver] [  916] - {Data Fields & Data Values Exist}
[INFO ][2016-01-20 20:21:39,195][com.java.SeleniumDriver] [  918] - --------------------------setting values-----------------------------
[INFO ][2016-01-20 20:21:39,195][com.java.SeleniumDriver] [  921] - Action Type : SELECTFRAME
[INFO ][2016-01-20 20:21:39,205][com.java.SeleniumDriver] [  930] -  RESULT true
[INFO ][2016-01-20 20:21:39,205][com.java.SeleniumDriver] [ 1136] - ?   P A S S   ?
[INFO ][2016-01-20 20:21:39,205][com.java.SeleniumDriver] [  856] - ------------------------------------------
[INFO ][2016-01-20 20:21:39,205][com.java.SeleniumDriver] [  857] - Test case being Executed: 4
[INFO ][2016-01-20 20:21:39,205][com.java.SeleniumDriver] [  869] - Test step:33
[INFO ][2016-01-20 20:21:39,205][com.java.SeleniumDriver] [  881] - Datavalue is----------5
[INFO ][2016-01-20 20:21:39,205][com.java.SeleniumDriver] [  905] - DataField : XPH//span[contains(text(),'Finished')]
[INFO ][2016-01-20 20:21:39,205][com.java.SeleniumDriver] [  907] - DataValue : 5
[INFO ][2016-01-20 20:21:39,205][com.java.SeleniumDriver] [  913] - <In Set values of the page>
[INFO ][2016-01-20 20:21:39,205][com.java.SeleniumDriver] [  916] - {Data Fields & Data Values Exist}
[INFO ][2016-01-20 20:21:39,205][com.java.SeleniumDriver] [  918] - --------------------------setting values-----------------------------
[INFO ][2016-01-20 20:21:39,205][com.java.SeleniumDriver] [  921] - Action Type : WAITFORELEMENT
[INFO ][2016-01-20 20:21:39,235][com.java.SeleniumDriver] [  930] -  RESULT true
[INFO ][2016-01-20 20:21:39,235][com.java.SeleniumDriver] [ 1136] - ?   P A S S   ?
[INFO ][2016-01-20 20:21:39,235][com.java.SeleniumDriver] [  856] - ------------------------------------------
[INFO ][2016-01-20 20:21:39,235][com.java.SeleniumDriver] [  857] - Test case being Executed: 4
[INFO ][2016-01-20 20:21:39,235][com.java.SeleniumDriver] [  869] - Test step:34
[INFO ][2016-01-20 20:21:39,235][com.java.SeleniumDriver] [  881] - Datavalue is----------null
[DEBUG][2016-01-20 20:21:39,235][com.java.SeleniumDriver] [  899] - Exception: null
[INFO ][2016-01-20 20:21:39,235][com.java.SeleniumDriver] [  905] - DataField : HDN//span[contains(text(),'Finished')]
[INFO ][2016-01-20 20:21:39,235][com.java.SeleniumDriver] [  907] - DataValue : 
[INFO ][2016-01-20 20:21:39,235][com.java.SeleniumDriver] [  913] - <In Set values of the page>
[INFO ][2016-01-20 20:21:39,235][com.java.SeleniumDriver] [  916] - {Data Fields & Data Values Exist}
[INFO ][2016-01-20 20:21:39,235][com.java.SeleniumDriver] [  918] - --------------------------setting values-----------------------------
[INFO ][2016-01-20 20:21:39,235][com.java.SeleniumDriver] [  921] - Action Type : CLICK
[INFO ][2016-01-20 20:21:39,235][com.java.TestType] [ 6583] - Field ::HDN//span[contains(text(),'Finished')]
[INFO ][2016-01-20 20:21:39,235][com.java.TestType] [ 6204] - value = 
[INFO ][2016-01-20 20:21:40,366][com.java.SeleniumDriver] [  930] -  RESULT true
[INFO ][2016-01-20 20:21:40,366][com.java.SeleniumDriver] [ 1136] - ?   P A S S   ?
[INFO ][2016-01-20 20:21:40,366][com.java.SeleniumDriver] [  856] - ------------------------------------------
[INFO ][2016-01-20 20:21:40,366][com.java.SeleniumDriver] [  857] - Test case being Executed: 4
[INFO ][2016-01-20 20:21:40,366][com.java.SeleniumDriver] [  869] - Test step:35
[INFO ][2016-01-20 20:21:40,366][com.java.SeleniumDriver] [  881] - Datavalue is----------10
[INFO ][2016-01-20 20:21:40,366][com.java.SeleniumDriver] [  905] - DataField : DSP//div[@class='widgetBody']//tr[last()]
[INFO ][2016-01-20 20:21:40,366][com.java.SeleniumDriver] [  907] - DataValue : 10
[INFO ][2016-01-20 20:21:40,366][com.java.SeleniumDriver] [  913] - <In Set values of the page>
[INFO ][2016-01-20 20:21:40,366][com.java.SeleniumDriver] [  916] - {Data Fields & Data Values Exist}
[INFO ][2016-01-20 20:21:40,366][com.java.SeleniumDriver] [  918] - --------------------------setting values-----------------------------
[INFO ][2016-01-20 20:21:40,366][com.java.SeleniumDriver] [  921] - Action Type : WaitForElement
[INFO ][2016-01-20 20:21:40,526][com.java.SeleniumDriver] [  930] -  RESULT true
[INFO ][2016-01-20 20:21:40,526][com.java.SeleniumDriver] [ 1136] - ?   P A S S   ?
[INFO ][2016-01-20 20:21:40,526][com.java.SeleniumDriver] [  856] - ------------------------------------------
[INFO ][2016-01-20 20:21:40,526][com.java.SeleniumDriver] [  857] - Test case being Executed: 4
[INFO ][2016-01-20 20:21:40,526][com.java.SeleniumDriver] [  869] - Test step:36
[INFO ][2016-01-20 20:21:40,526][com.java.SeleniumDriver] [  881] - Datavalue is----------HMV#_keys
[INFO ][2016-01-20 20:21:40,526][com.java.SeleniumDriver] [  905] - DataField : MSG
[INFO ][2016-01-20 20:21:40,526][com.java.SeleniumDriver] [  907] - DataValue : HMV#_keys
[INFO ][2016-01-20 20:21:40,526][com.java.SeleniumDriver] [  913] - <In Set values of the page>
[INFO ][2016-01-20 20:21:40,526][com.java.SeleniumDriver] [  916] - {Data Fields & Data Values Exist}
[INFO ][2016-01-20 20:21:40,526][com.java.SeleniumDriver] [  918] - --------------------------setting values-----------------------------
[INFO ][2016-01-20 20:21:40,526][com.java.SeleniumDriver] [  921] - Action Type : verify
[INFO ][2016-01-20 20:21:40,526][com.java.TestType] [ 7776] - field= MSG value= HMV#_keys
[INFO ][2016-01-20 20:21:40,526][com.java.TestType] [ 6204] - value = #_CAL47152
[DEBUG][2016-01-20 20:21:40,526][com.java.TestType] [ 8606] - value :: #_CAL47152
[INFO ][2016-01-20 20:21:40,586][com.java.SeleniumDriver] [  930] -  RESULT true
[INFO ][2016-01-20 20:21:40,586][com.java.SeleniumDriver] [ 1136] - ?   P A S S   ?
[INFO ][2016-01-20 20:21:40,586][com.java.SeleniumDriver] [  856] - ------------------------------------------
[INFO ][2016-01-20 20:21:40,586][com.java.SeleniumDriver] [  857] - Test case being Executed: 4
[INFO ][2016-01-20 20:21:40,586][com.java.SeleniumDriver] [  869] - Test step:37
[INFO ][2016-01-20 20:21:40,586][com.java.SeleniumDriver] [  881] - Datavalue is----------5
[INFO ][2016-01-20 20:21:40,586][com.java.SeleniumDriver] [  905] - DataField : test
[INFO ][2016-01-20 20:21:40,586][com.java.SeleniumDriver] [  907] - DataValue : 5
[INFO ][2016-01-20 20:21:40,586][com.java.SeleniumDriver] [  913] - <In Set values of the page>
[INFO ][2016-01-20 20:21:40,586][com.java.SeleniumDriver] [  916] - {Data Fields & Data Values Exist}
[INFO ][2016-01-20 20:21:40,586][com.java.SeleniumDriver] [  918] - --------------------------setting values-----------------------------
[INFO ][2016-01-20 20:21:40,586][com.java.SeleniumDriver] [  921] - Action Type : WaitTime
[DEBUG][2016-01-20 20:21:40,586][com.java.TestType] [ 6018] - sleepTime: 5000
[INFO ][2016-01-20 20:21:45,591][com.java.SeleniumDriver] [  930] -  RESULT true
[INFO ][2016-01-20 20:21:45,591][com.java.SeleniumDriver] [ 1136] - ?   P A S S   ?
[INFO ][2016-01-20 20:21:45,591][com.java.SeleniumDriver] [  856] - ------------------------------------------
[INFO ][2016-01-20 20:21:45,591][com.java.SeleniumDriver] [  857] - Test case being Executed: 4
[INFO ][2016-01-20 20:21:45,591][com.java.SeleniumDriver] [  869] - Test step:38
[INFO ][2016-01-20 20:21:45,591][com.java.SeleniumDriver] [  881] - Datavalue is----------Concept#8:1-12
[INFO ][2016-01-20 20:21:45,591][com.java.SeleniumDriver] [  905] - DataField : test
[INFO ][2016-01-20 20:21:45,591][com.java.SeleniumDriver] [  907] - DataValue : Concept#8:1-12
[INFO ][2016-01-20 20:21:45,591][com.java.SeleniumDriver] [  913] - <In Set values of the page>
[INFO ][2016-01-20 20:21:45,591][com.java.SeleniumDriver] [  916] - {Data Fields & Data Values Exist}
[INFO ][2016-01-20 20:21:45,591][com.java.SeleniumDriver] [  918] - --------------------------setting values-----------------------------
[INFO ][2016-01-20 20:21:45,591][com.java.SeleniumDriver] [  921] - Action Type : ExecuteTestCase
[INFO ][2016-01-20 20:21:45,591][com.java.TestType] [  442] - The Concept sheet name is ---------- Concept
[INFO ][2016-01-20 20:21:45,591][com.java.TestType] [  445] - The Concept ID  is ---------- 8
[DEBUG][2016-01-20 20:21:45,591][com.java.TestType] [  449] - Steps being executted in the Concept are: 1:12
[INFO ][2016-01-20 20:21:45,591][com.java.TestType] [  456] - Test data details path ---------- D:\BankersDashboard\TestInputs\TestData.xls
[INFO ][2016-01-20 20:21:45,592][com.java.TestType] [  487] -  str(1) = 8
[INFO ][2016-01-20 20:21:45,592][com.java.TestType] [  490] - Test case Id is---8
[INFO ][2016-01-20 20:21:45,592][com.java.TestType] [  492] - 8
[INFO ][2016-01-20 20:21:45,592][com.java.TestType] [  487] -  str(2) = 1
[INFO ][2016-01-20 20:21:45,602][com.java.TestType] [  487] -  str(1) = 8
[INFO ][2016-01-20 20:21:45,602][com.java.TestType] [  490] - Test case Id is---8
[INFO ][2016-01-20 20:21:45,602][com.java.TestType] [  492] - 8
[INFO ][2016-01-20 20:21:45,602][com.java.TestType] [  487] -  str(2) = 2
[INFO ][2016-01-20 20:21:45,602][com.java.TestType] [  487] -  str(1) = 8
[INFO ][2016-01-20 20:21:45,612][com.java.TestType] [  490] - Test case Id is---8
[INFO ][2016-01-20 20:21:45,612][com.java.TestType] [  492] - 8
[INFO ][2016-01-20 20:21:45,612][com.java.TestType] [  487] -  str(2) = 3
[INFO ][2016-01-20 20:21:45,612][com.java.TestType] [  487] -  str(1) = 8
[INFO ][2016-01-20 20:21:45,612][com.java.TestType] [  490] - Test case Id is---8
[INFO ][2016-01-20 20:21:45,612][com.java.TestType] [  492] - 8
[INFO ][2016-01-20 20:21:45,612][com.java.TestType] [  487] -  str(2) = 4
[INFO ][2016-01-20 20:21:45,612][com.java.TestType] [  487] -  str(1) = 8
[INFO ][2016-01-20 20:21:45,612][com.java.TestType] [  490] - Test case Id is---8
[INFO ][2016-01-20 20:21:45,612][com.java.TestType] [  492] - 8
[INFO ][2016-01-20 20:21:45,612][com.java.TestType] [  487] -  str(2) = 5
[INFO ][2016-01-20 20:21:45,612][com.java.TestType] [  487] -  str(1) = 8
[INFO ][2016-01-20 20:21:45,612][com.java.TestType] [  490] - Test case Id is---8
[INFO ][2016-01-20 20:21:45,612][com.java.TestType] [  492] - 8
[INFO ][2016-01-20 20:21:45,612][com.java.TestType] [  487] -  str(2) = 6
[INFO ][2016-01-20 20:21:45,612][com.java.TestType] [  487] -  str(1) = 8
[INFO ][2016-01-20 20:21:45,612][com.java.TestType] [  490] - Test case Id is---8
[INFO ][2016-01-20 20:21:45,612][com.java.TestType] [  492] - 8
[INFO ][2016-01-20 20:21:45,612][com.java.TestType] [  487] -  str(2) = 7
[INFO ][2016-01-20 20:21:45,612][com.java.TestType] [  487] -  str(1) = 8
[INFO ][2016-01-20 20:21:45,612][com.java.TestType] [  490] - Test case Id is---8
[INFO ][2016-01-20 20:21:45,612][com.java.TestType] [  492] - 8
[INFO ][2016-01-20 20:21:45,612][com.java.TestType] [  487] -  str(2) = 8
[INFO ][2016-01-20 20:21:45,612][com.java.TestType] [  487] -  str(1) = 8
[INFO ][2016-01-20 20:21:45,612][com.java.TestType] [  490] - Test case Id is---8
[INFO ][2016-01-20 20:21:45,612][com.java.TestType] [  492] - 8
[INFO ][2016-01-20 20:21:45,612][com.java.TestType] [  487] -  str(2) = 9
[INFO ][2016-01-20 20:21:45,612][com.java.TestType] [  487] -  str(1) = 8
[INFO ][2016-01-20 20:21:45,612][com.java.TestType] [  490] - Test case Id is---8
[INFO ][2016-01-20 20:21:45,612][com.java.TestType] [  492] - 8
[INFO ][2016-01-20 20:21:45,612][com.java.TestType] [  487] -  str(2) = 10
[INFO ][2016-01-20 20:21:45,612][com.java.TestType] [  487] -  str(1) = 8
[INFO ][2016-01-20 20:21:45,612][com.java.TestType] [  490] - Test case Id is---8
[INFO ][2016-01-20 20:21:45,612][com.java.TestType] [  492] - 8
[INFO ][2016-01-20 20:21:45,612][com.java.TestType] [  487] -  str(2) = 11
[INFO ][2016-01-20 20:21:45,612][com.java.TestType] [  487] -  str(1) = 8
[INFO ][2016-01-20 20:21:45,612][com.java.TestType] [  490] - Test case Id is---8
[INFO ][2016-01-20 20:21:45,612][com.java.TestType] [  492] - 8
[INFO ][2016-01-20 20:21:45,612][com.java.TestType] [  487] -  str(2) = 12
[INFO ][2016-01-20 20:21:45,612][com.java.TestType] [11443] - Looping 1TCID = 8
[DEBUG][2016-01-20 20:21:45,612][com.java.TestType] [11484] - Concept ID:8 :: Step being Executed: 8::1
[ERROR][2016-01-20 20:21:45,612][com.java.TestType] [11517] - Exception: null
[INFO ][2016-01-20 20:21:45,612][com.java.TestType] [11522] - dataFields : BTNparent
[DEBUG][2016-01-20 20:21:45,612][com.java.TestType] [11528] - <In Set values of the page>
[DEBUG][2016-01-20 20:21:45,612][com.java.TestType] [11533] - {Data Fields & Data Values Exist}
[INFO ][2016-01-20 20:21:45,612][com.java.TestType] [11539] - --------------------------setting values-----------------------------
[INFO ][2016-01-20 20:21:45,612][com.java.TestType] [11542] - Action Type : SELECTFRAME
[INFO ][2016-01-20 20:21:45,632][com.java.TestType] [11561] -  RESULT true
[INFO ][2016-01-20 20:21:45,632][com.java.TestType] [11678] - ?   P A S S   ?
[DEBUG][2016-01-20 20:21:45,632][com.java.TestType] [11484] - Concept ID:8 :: Step being Executed: 8::2
[INFO ][2016-01-20 20:21:45,632][com.java.TestType] [11522] - dataFields : test
[DEBUG][2016-01-20 20:21:45,632][com.java.TestType] [11528] - <In Set values of the page>
[DEBUG][2016-01-20 20:21:45,632][com.java.TestType] [11533] - {Data Fields & Data Values Exist}
[INFO ][2016-01-20 20:21:45,632][com.java.TestType] [11539] - --------------------------setting values-----------------------------
[INFO ][2016-01-20 20:21:45,632][com.java.TestType] [11542] - Action Type : OPENURL
[INFO ][2016-01-20 20:21:45,632][com.java.TestType] [ 6204] - value = https://clients-xuat.bankersdashboard.com
[INFO ][2016-01-20 20:21:45,632][com.java.TestType] [  358] - Open URL : https://clients-xuat.bankersdashboard.com
[INFO ][2016-01-20 20:21:48,172][com.java.TestType] [11561] -  RESULT true
[INFO ][2016-01-20 20:21:48,172][com.java.TestType] [11678] - ?   P A S S   ?
[DEBUG][2016-01-20 20:21:48,172][com.java.TestType] [11484] - Concept ID:8 :: Step being Executed: 8::3
[ERROR][2016-01-20 20:21:48,172][com.java.TestType] [11517] - Exception: null
[INFO ][2016-01-20 20:21:48,172][com.java.TestType] [11522] - dataFields : //span[@class='icon-cog2']&&//ul[@id='Settings']/li/a&&//ul[@id='Customize']/li/a
[DEBUG][2016-01-20 20:21:48,172][com.java.TestType] [11528] - <In Set values of the page>
[DEBUG][2016-01-20 20:21:48,172][com.java.TestType] [11533] - {Data Fields & Data Values Exist}
[INFO ][2016-01-20 20:21:48,172][com.java.TestType] [11539] - --------------------------setting values-----------------------------
[INFO ][2016-01-20 20:21:48,172][com.java.TestType] [11542] - Action Type : MOUSEOVER
[INFO ][2016-01-20 20:22:15,126][com.java.TestType] [11561] -  RESULT true
[INFO ][2016-01-20 20:22:15,126][com.java.TestType] [11678] - ?   P A S S   ?
[DEBUG][2016-01-20 20:22:15,126][com.java.TestType] [11484] - Concept ID:8 :: Step being Executed: 8::4
[INFO ][2016-01-20 20:22:15,126][com.java.TestType] [11522] - dataFields : XPH//span[@class='ui-dialog-title']
[DEBUG][2016-01-20 20:22:15,126][com.java.TestType] [11528] - <In Set values of the page>
[DEBUG][2016-01-20 20:22:15,126][com.java.TestType] [11533] - {Data Fields & Data Values Exist}
[INFO ][2016-01-20 20:22:15,126][com.java.TestType] [11539] - --------------------------setting values-----------------------------
[INFO ][2016-01-20 20:22:15,126][com.java.TestType] [11542] - Action Type : Verify
[INFO ][2016-01-20 20:22:15,126][com.java.TestType] [ 7776] - field= XPH//span[@class='ui-dialog-title'] value= My Dashboard Indicators
[INFO ][2016-01-20 20:22:15,126][com.java.TestType] [ 6204] - value = My Dashboard Indicators
[INFO ][2016-01-20 20:22:15,237][com.java.TestType] [11561] -  RESULT true
[INFO ][2016-01-20 20:22:15,237][com.java.TestType] [11678] - ?   P A S S   ?
[DEBUG][2016-01-20 20:22:15,237][com.java.TestType] [11484] - Concept ID:8 :: Step being Executed: 8::5
[ERROR][2016-01-20 20:22:15,237][com.java.TestType] [11517] - Exception: null
[INFO ][2016-01-20 20:22:15,237][com.java.TestType] [11522] - dataFields : BTNframeDialogContent
[DEBUG][2016-01-20 20:22:15,237][com.java.TestType] [11528] - <In Set values of the page>
[DEBUG][2016-01-20 20:22:15,237][com.java.TestType] [11533] - {Data Fields & Data Values Exist}
[INFO ][2016-01-20 20:22:15,237][com.java.TestType] [11539] - --------------------------setting values-----------------------------
[INFO ][2016-01-20 20:22:15,237][com.java.TestType] [11542] - Action Type : selectframe
[INFO ][2016-01-20 20:22:16,468][com.java.TestType] [11561] -  RESULT true
[INFO ][2016-01-20 20:22:16,468][com.java.TestType] [11678] - ?   P A S S   ?
[DEBUG][2016-01-20 20:22:16,468][com.java.TestType] [11484] - Concept ID:8 :: Step being Executed: 8::6
[INFO ][2016-01-20 20:22:16,468][com.java.TestType] [11522] - dataFields : RCC//td[contains(text(),'mytext')]/following-sibling::td[7]//span[@class="glyphicon glyphicon-remove"]
[DEBUG][2016-01-20 20:22:16,468][com.java.TestType] [11528] - <In Set values of the page>
[DEBUG][2016-01-20 20:22:16,468][com.java.TestType] [11533] - {Data Fields & Data Values Exist}
[INFO ][2016-01-20 20:22:16,468][com.java.TestType] [11539] - --------------------------setting values-----------------------------
[INFO ][2016-01-20 20:22:16,468][com.java.TestType] [11542] - Action Type : CLICKWITHALERT
[INFO ][2016-01-20 20:22:22,819][com.java.TestType] [11561] -  RESULT true
[INFO ][2016-01-20 20:22:22,819][com.java.TestType] [11678] - ?   P A S S   ?
[DEBUG][2016-01-20 20:22:22,819][com.java.TestType] [11484] - Concept ID:8 :: Step being Executed: 8::8
[INFO ][2016-01-20 20:22:22,819][com.java.TestType] [11522] - dataFields : null
[DEBUG][2016-01-20 20:22:22,819][com.java.TestType] [11528] - <In Set values of the page>
[INFO ][2016-01-20 20:22:22,819][com.java.TestType] [11678] - ?   P A S S   ?
[DEBUG][2016-01-20 20:22:22,819][com.java.TestType] [11484] - Concept ID:8 :: Step being Executed: 8::9
[ERROR][2016-01-20 20:22:22,819][com.java.TestType] [11517] - Exception: null
[INFO ][2016-01-20 20:22:22,819][com.java.TestType] [11522] - dataFields : BTNparent
[DEBUG][2016-01-20 20:22:22,819][com.java.TestType] [11528] - <In Set values of the page>
[DEBUG][2016-01-20 20:22:22,819][com.java.TestType] [11533] - {Data Fields & Data Values Exist}
[INFO ][2016-01-20 20:22:22,819][com.java.TestType] [11539] - --------------------------setting values-----------------------------
[INFO ][2016-01-20 20:22:22,819][com.java.TestType] [11542] - Action Type : SELECTFRAME
[INFO ][2016-01-20 20:22:22,820][com.java.TestType] [11561] -  RESULT true
[INFO ][2016-01-20 20:22:22,820][com.java.TestType] [11678] - ?   P A S S   ?
[DEBUG][2016-01-20 20:22:22,820][com.java.TestType] [11484] - Concept ID:8 :: Step being Executed: 8::10
[ERROR][2016-01-20 20:22:22,820][com.java.TestType] [11517] - Exception: null
[INFO ][2016-01-20 20:22:22,820][com.java.TestType] [11522] - dataFields : HDN//span[contains(text(),'Finished')]
[DEBUG][2016-01-20 20:22:22,820][com.java.TestType] [11528] - <In Set values of the page>
[DEBUG][2016-01-20 20:22:22,820][com.java.TestType] [11533] - {Data Fields & Data Values Exist}
[INFO ][2016-01-20 20:22:22,820][com.java.TestType] [11539] - --------------------------setting values-----------------------------
[INFO ][2016-01-20 20:22:22,820][com.java.TestType] [11542] - Action Type : click
[INFO ][2016-01-20 20:22:22,820][com.java.TestType] [ 6583] - Field ::HDN//span[contains(text(),'Finished')]
[INFO ][2016-01-20 20:22:22,820][com.java.TestType] [ 6204] - value = 
[INFO ][2016-01-20 20:22:24,011][com.java.TestType] [11561] -  RESULT true
[INFO ][2016-01-20 20:22:24,011][com.java.TestType] [11678] - ?   P A S S   ?
[DEBUG][2016-01-20 20:22:24,011][com.java.TestType] [11484] - Concept ID:8 :: Step being Executed: 8::11
[INFO ][2016-01-20 20:22:24,011][com.java.TestType] [11522] - dataFields : XPH//div[contains(text(), 'My Dashboard')]
[DEBUG][2016-01-20 20:22:24,011][com.java.TestType] [11528] - <In Set values of the page>
[DEBUG][2016-01-20 20:22:24,011][com.java.TestType] [11533] - {Data Fields & Data Values Exist}
[INFO ][2016-01-20 20:22:24,011][com.java.TestType] [11539] - --------------------------setting values-----------------------------
[INFO ][2016-01-20 20:22:24,011][com.java.TestType] [11542] - Action Type : WAITFORELEMENT
[INFO ][2016-01-20 20:22:24,051][com.java.TestType] [11561] -  RESULT true
[INFO ][2016-01-20 20:22:24,051][com.java.TestType] [11678] - ?   P A S S   ?
[DEBUG][2016-01-20 20:22:24,051][com.java.TestType] [11484] - Concept ID:8 :: Step being Executed: 8::12
[INFO ][2016-01-20 20:22:24,051][com.java.TestType] [11522] - dataFields : BTN
[DEBUG][2016-01-20 20:22:24,051][com.java.TestType] [11528] - <In Set values of the page>
[DEBUG][2016-01-20 20:22:24,051][com.java.TestType] [11533] - {Data Fields & Data Values Exist}
[INFO ][2016-01-20 20:22:24,051][com.java.TestType] [11539] - --------------------------setting values-----------------------------
[INFO ][2016-01-20 20:22:24,051][com.java.TestType] [11542] - Action Type : Verify
[INFO ][2016-01-20 20:22:24,051][com.java.TestType] [ 7776] - field= BTN value= //div[contains(text(), 'My Dashboard')]
[INFO ][2016-01-20 20:22:24,051][com.java.TestType] [ 6204] - value = //div[contains(text(), 'My Dashboard')]
[INFO ][2016-01-20 20:22:24,111][com.java.TestType] [11561] -  RESULT true
[INFO ][2016-01-20 20:22:24,111][com.java.TestType] [11678] - ?   P A S S   ?
[INFO ][2016-01-20 20:22:24,111][com.java.TestType] [11749] - Looping End......
[INFO ][2016-01-20 20:22:24,111][com.java.SeleniumDriver] [  930] -  RESULT true
[INFO ][2016-01-20 20:22:24,111][com.java.SeleniumDriver] [ 1136] - ?   P A S S   ?
[INFO ][2016-01-20 20:22:24,111][com.java.SeleniumDriver] [  856] - ------------------------------------------
[INFO ][2016-01-20 20:22:24,111][com.java.SeleniumDriver] [  857] - Test case being Executed: 4
[INFO ][2016-01-20 20:22:24,111][com.java.SeleniumDriver] [  869] - Test step:39
[INFO ][2016-01-20 20:22:24,111][com.java.SeleniumDriver] [  881] - Datavalue is----------Concept#9:1-16
[INFO ][2016-01-20 20:22:24,111][com.java.SeleniumDriver] [  905] - DataField : test
[INFO ][2016-01-20 20:22:24,111][com.java.SeleniumDriver] [  907] - DataValue : Concept#9:1-16
[INFO ][2016-01-20 20:22:24,111][com.java.SeleniumDriver] [  913] - <In Set values of the page>
[INFO ][2016-01-20 20:22:24,111][com.java.SeleniumDriver] [  916] - {Data Fields & Data Values Exist}
[INFO ][2016-01-20 20:22:24,111][com.java.SeleniumDriver] [  918] - --------------------------setting values-----------------------------
[INFO ][2016-01-20 20:22:24,111][com.java.SeleniumDriver] [  921] - Action Type : ExecuteTestCase
[INFO ][2016-01-20 20:22:24,111][com.java.TestType] [  442] - The Concept sheet name is ---------- Concept
[INFO ][2016-01-20 20:22:24,111][com.java.TestType] [  445] - The Concept ID  is ---------- 9
[DEBUG][2016-01-20 20:22:24,111][com.java.TestType] [  449] - Steps being executted in the Concept are: 1:16
[INFO ][2016-01-20 20:22:24,111][com.java.TestType] [  456] - Test data details path ---------- D:\BankersDashboard\TestInputs\TestData.xls
[INFO ][2016-01-20 20:22:24,131][com.java.TestType] [  487] -  str(1) = 9
[INFO ][2016-01-20 20:22:24,131][com.java.TestType] [  490] - Test case Id is---9
[INFO ][2016-01-20 20:22:24,131][com.java.TestType] [  492] - 9
[INFO ][2016-01-20 20:22:24,131][com.java.TestType] [  487] -  str(2) = 1
[INFO ][2016-01-20 20:22:24,131][com.java.TestType] [  487] -  str(1) = 9
[INFO ][2016-01-20 20:22:24,131][com.java.TestType] [  490] - Test case Id is---9
[INFO ][2016-01-20 20:22:24,131][com.java.TestType] [  492] - 9
[INFO ][2016-01-20 20:22:24,131][com.java.TestType] [  487] -  str(2) = 2
[INFO ][2016-01-20 20:22:24,131][com.java.TestType] [  487] -  str(1) = 9
[INFO ][2016-01-20 20:22:24,131][com.java.TestType] [  490] - Test case Id is---9
[INFO ][2016-01-20 20:22:24,131][com.java.TestType] [  492] - 9
[INFO ][2016-01-20 20:22:24,131][com.java.TestType] [  487] -  str(2) = 3
[INFO ][2016-01-20 20:22:24,131][com.java.TestType] [  487] -  str(1) = 9
[INFO ][2016-01-20 20:22:24,131][com.java.TestType] [  490] - Test case Id is---9
[INFO ][2016-01-20 20:22:24,131][com.java.TestType] [  492] - 9
[INFO ][2016-01-20 20:22:24,131][com.java.TestType] [  487] -  str(2) = 4
[INFO ][2016-01-20 20:22:24,131][com.java.TestType] [  487] -  str(1) = 9
[INFO ][2016-01-20 20:22:24,131][com.java.TestType] [  490] - Test case Id is---9
[INFO ][2016-01-20 20:22:24,131][com.java.TestType] [  492] - 9
[INFO ][2016-01-20 20:22:24,131][com.java.TestType] [  487] -  str(2) = 5
[INFO ][2016-01-20 20:22:24,131][com.java.TestType] [  487] -  str(1) = 9
[INFO ][2016-01-20 20:22:24,131][com.java.TestType] [  490] - Test case Id is---9
[INFO ][2016-01-20 20:22:24,141][com.java.TestType] [  492] - 9
[INFO ][2016-01-20 20:22:24,141][com.java.TestType] [  487] -  str(2) = 6
[INFO ][2016-01-20 20:22:24,141][com.java.TestType] [  487] -  str(1) = 9
[INFO ][2016-01-20 20:22:24,141][com.java.TestType] [  490] - Test case Id is---9
[INFO ][2016-01-20 20:22:24,141][com.java.TestType] [  492] - 9
[INFO ][2016-01-20 20:22:24,141][com.java.TestType] [  487] -  str(2) = 7
[INFO ][2016-01-20 20:22:24,141][com.java.TestType] [  487] -  str(1) = 9
[INFO ][2016-01-20 20:22:24,141][com.java.TestType] [  490] - Test case Id is---9
[INFO ][2016-01-20 20:22:24,141][com.java.TestType] [  492] - 9
[INFO ][2016-01-20 20:22:24,141][com.java.TestType] [  487] -  str(2) = 8
[INFO ][2016-01-20 20:22:24,141][com.java.TestType] [  487] -  str(1) = 9
[INFO ][2016-01-20 20:22:24,141][com.java.TestType] [  490] - Test case Id is---9
[INFO ][2016-01-20 20:22:24,141][com.java.TestType] [  492] - 9
[INFO ][2016-01-20 20:22:24,141][com.java.TestType] [  487] -  str(2) = 9
[INFO ][2016-01-20 20:22:24,141][com.java.TestType] [  487] -  str(1) = 9
[INFO ][2016-01-20 20:22:24,141][com.java.TestType] [  490] - Test case Id is---9
[INFO ][2016-01-20 20:22:24,141][com.java.TestType] [  492] - 9
[INFO ][2016-01-20 20:22:24,141][com.java.TestType] [  487] -  str(2) = 10
[INFO ][2016-01-20 20:22:24,141][com.java.TestType] [  487] -  str(1) = 9
[INFO ][2016-01-20 20:22:24,141][com.java.TestType] [  490] - Test case Id is---9
[INFO ][2016-01-20 20:22:24,141][com.java.TestType] [  492] - 9
[INFO ][2016-01-20 20:22:24,141][com.java.TestType] [  487] -  str(2) = 11
[INFO ][2016-01-20 20:22:24,141][com.java.TestType] [  487] -  str(1) = 9
[INFO ][2016-01-20 20:22:24,141][com.java.TestType] [  490] - Test case Id is---9
[INFO ][2016-01-20 20:22:24,141][com.java.TestType] [  492] - 9
[INFO ][2016-01-20 20:22:24,141][com.java.TestType] [  487] -  str(2) = 12
[INFO ][2016-01-20 20:22:24,141][com.java.TestType] [  487] -  str(1) = 9
[INFO ][2016-01-20 20:22:24,141][com.java.TestType] [  490] - Test case Id is---9
[INFO ][2016-01-20 20:22:24,141][com.java.TestType] [  492] - 9
[INFO ][2016-01-20 20:22:24,141][com.java.TestType] [  487] -  str(2) = 13
[INFO ][2016-01-20 20:22:24,141][com.java.TestType] [  487] -  str(1) = 9
[INFO ][2016-01-20 20:22:24,141][com.java.TestType] [  490] - Test case Id is---9
[INFO ][2016-01-20 20:22:24,141][com.java.TestType] [  492] - 9
[INFO ][2016-01-20 20:22:24,141][com.java.TestType] [  487] -  str(2) = 14
[INFO ][2016-01-20 20:22:24,141][com.java.TestType] [  487] -  str(1) = 9
[INFO ][2016-01-20 20:22:24,141][com.java.TestType] [  490] - Test case Id is---9
[INFO ][2016-01-20 20:22:24,141][com.java.TestType] [  492] - 9
[INFO ][2016-01-20 20:22:24,141][com.java.TestType] [  487] -  str(2) = 15
[INFO ][2016-01-20 20:22:24,141][com.java.TestType] [  487] -  str(1) = 9
[INFO ][2016-01-20 20:22:24,141][com.java.TestType] [  490] - Test case Id is---9
[INFO ][2016-01-20 20:22:24,141][com.java.TestType] [  492] - 9
[INFO ][2016-01-20 20:22:24,141][com.java.TestType] [  487] -  str(2) = 16
[INFO ][2016-01-20 20:22:24,141][com.java.TestType] [11443] - Looping 1TCID = 9
[DEBUG][2016-01-20 20:22:24,141][com.java.TestType] [11484] - Concept ID:9 :: Step being Executed: 9::1
[ERROR][2016-01-20 20:22:24,141][com.java.TestType] [11517] - Exception: null
[INFO ][2016-01-20 20:22:24,141][com.java.TestType] [11522] - dataFields : BTNparent
[DEBUG][2016-01-20 20:22:24,141][com.java.TestType] [11528] - <In Set values of the page>
[DEBUG][2016-01-20 20:22:24,141][com.java.TestType] [11533] - {Data Fields & Data Values Exist}
[INFO ][2016-01-20 20:22:24,141][com.java.TestType] [11539] - --------------------------setting values-----------------------------
[INFO ][2016-01-20 20:22:24,141][com.java.TestType] [11542] - Action Type : SELECTFRAME
[INFO ][2016-01-20 20:22:24,161][com.java.TestType] [11561] -  RESULT true
[INFO ][2016-01-20 20:22:24,161][com.java.TestType] [11678] - ?   P A S S   ?
[DEBUG][2016-01-20 20:22:24,161][com.java.TestType] [11484] - Concept ID:9 :: Step being Executed: 9::2
[INFO ][2016-01-20 20:22:24,161][com.java.TestType] [11522] - dataFields : test
[DEBUG][2016-01-20 20:22:24,161][com.java.TestType] [11528] - <In Set values of the page>
[DEBUG][2016-01-20 20:22:24,161][com.java.TestType] [11533] - {Data Fields & Data Values Exist}
[INFO ][2016-01-20 20:22:24,161][com.java.TestType] [11539] - --------------------------setting values-----------------------------
[INFO ][2016-01-20 20:22:24,161][com.java.TestType] [11542] - Action Type : OPENURL
[INFO ][2016-01-20 20:22:24,161][com.java.TestType] [ 6204] - value = https://clients-xuat.bankersdashboard.com
[INFO ][2016-01-20 20:22:24,161][com.java.TestType] [  358] - Open URL : https://clients-xuat.bankersdashboard.com
[INFO ][2016-01-20 20:22:28,066][com.java.TestType] [11561] -  RESULT true
[INFO ][2016-01-20 20:22:28,066][com.java.TestType] [11678] - ?   P A S S   ?
[DEBUG][2016-01-20 20:22:28,066][com.java.TestType] [11484] - Concept ID:9 :: Step being Executed: 9::3
[ERROR][2016-01-20 20:22:28,066][com.java.TestType] [11517] - Exception: null
[INFO ][2016-01-20 20:22:28,066][com.java.TestType] [11522] - dataFields : //span[@class='icon-hammer']&&//a[text()='Custom Calculations']
[DEBUG][2016-01-20 20:22:28,066][com.java.TestType] [11528] - <In Set values of the page>
[DEBUG][2016-01-20 20:22:28,066][com.java.TestType] [11533] - {Data Fields & Data Values Exist}
[INFO ][2016-01-20 20:22:28,066][com.java.TestType] [11539] - --------------------------setting values-----------------------------
[INFO ][2016-01-20 20:22:28,066][com.java.TestType] [11542] - Action Type : MOUSEOVER
[INFO ][2016-01-20 20:22:51,117][com.java.TestType] [11561] -  RESULT true
[INFO ][2016-01-20 20:22:51,117][com.java.TestType] [11678] - ?   P A S S   ?
[DEBUG][2016-01-20 20:22:51,117][com.java.TestType] [11484] - Concept ID:9 :: Step being Executed: 9::4
[INFO ][2016-01-20 20:22:51,117][com.java.TestType] [11522] - dataFields : BTN//iframe[@class='frameTabContent']
[DEBUG][2016-01-20 20:22:51,117][com.java.TestType] [11528] - <In Set values of the page>
[DEBUG][2016-01-20 20:22:51,117][com.java.TestType] [11533] - {Data Fields & Data Values Exist}
[INFO ][2016-01-20 20:22:51,117][com.java.TestType] [11539] - --------------------------setting values-----------------------------
[INFO ][2016-01-20 20:22:51,117][com.java.TestType] [11542] - Action Type : waitforelement
[INFO ][2016-01-20 20:22:51,148][com.java.TestType] [11561] -  RESULT true
[INFO ][2016-01-20 20:22:51,148][com.java.TestType] [11678] - ?   P A S S   ?
[DEBUG][2016-01-20 20:22:51,148][com.java.TestType] [11484] - Concept ID:9 :: Step being Executed: 9::5
[INFO ][2016-01-20 20:22:51,148][com.java.TestType] [11522] - dataFields : XPH//li[@class="inactiveTab"]//a[@title="Custom Calcs"]
[DEBUG][2016-01-20 20:22:51,148][com.java.TestType] [11528] - <In Set values of the page>
[DEBUG][2016-01-20 20:22:51,148][com.java.TestType] [11533] - {Data Fields & Data Values Exist}
[INFO ][2016-01-20 20:22:51,148][com.java.TestType] [11539] - --------------------------setting values-----------------------------
[INFO ][2016-01-20 20:22:51,148][com.java.TestType] [11542] - Action Type : waitforelement
[INFO ][2016-01-20 20:22:51,178][com.java.TestType] [11561] -  RESULT true
[INFO ][2016-01-20 20:22:51,178][com.java.TestType] [11678] - ?   P A S S   ?
[DEBUG][2016-01-20 20:22:51,178][com.java.TestType] [11484] - Concept ID:9 :: Step being Executed: 9::6
[ERROR][2016-01-20 20:22:51,178][com.java.TestType] [11517] - Exception: null
[INFO ][2016-01-20 20:22:51,178][com.java.TestType] [11522] - dataFields : XPH//li[@class="inactiveTab"]//a[@title="Custom Calcs"]
[DEBUG][2016-01-20 20:22:51,178][com.java.TestType] [11528] - <In Set values of the page>
[DEBUG][2016-01-20 20:22:51,178][com.java.TestType] [11533] - {Data Fields & Data Values Exist}
[INFO ][2016-01-20 20:22:51,178][com.java.TestType] [11539] - --------------------------setting values-----------------------------
[INFO ][2016-01-20 20:22:51,178][com.java.TestType] [11542] - Action Type : click
[INFO ][2016-01-20 20:22:51,178][com.java.TestType] [ 6583] - Field ::XPH//li[@class="inactiveTab"]//a[@title="Custom Calcs"]
[INFO ][2016-01-20 20:22:51,178][com.java.TestType] [ 6204] - value = 
[INFO ][2016-01-20 20:22:52,178][com.java.TestType] [ 6756] - BEFORE CLICK
[INFO ][2016-01-20 20:22:53,090][com.java.TestType] [ 6764] - Unable to click the object click on add button
[INFO ][2016-01-20 20:22:53,090][com.java.TestType] [11561] -  RESULT true
[INFO ][2016-01-20 20:22:53,090][com.java.TestType] [11678] - ?   P A S S   ?
[DEBUG][2016-01-20 20:22:53,090][com.java.TestType] [11484] - Concept ID:9 :: Step being Executed: 9::7
[INFO ][2016-01-20 20:22:53,090][com.java.TestType] [11522] - dataFields : test
[DEBUG][2016-01-20 20:22:53,090][com.java.TestType] [11528] - <In Set values of the page>
[DEBUG][2016-01-20 20:22:53,090][com.java.TestType] [11533] - {Data Fields & Data Values Exist}
[INFO ][2016-01-20 20:22:53,090][com.java.TestType] [11539] - --------------------------setting values-----------------------------
[INFO ][2016-01-20 20:22:53,090][com.java.TestType] [11542] - Action Type : WaitTime
[DEBUG][2016-01-20 20:22:53,090][com.java.TestType] [ 6018] - sleepTime: 5000
[INFO ][2016-01-20 20:22:58,091][com.java.TestType] [11561] -  RESULT true
[INFO ][2016-01-20 20:22:58,091][com.java.TestType] [11678] - ?   P A S S   ?
[DEBUG][2016-01-20 20:22:58,091][com.java.TestType] [11484] - Concept ID:9 :: Step being Executed: 9::8
[ERROR][2016-01-20 20:22:58,091][com.java.TestType] [11517] - Exception: null
[INFO ][2016-01-20 20:22:58,091][com.java.TestType] [11522] - dataFields : XPH//li[@class="inactiveTab"]//a[@title="Custom Calcs"]//span[@class="closeimg icon-close icon-xs"]
[DEBUG][2016-01-20 20:22:58,091][com.java.TestType] [11528] - <In Set values of the page>
[DEBUG][2016-01-20 20:22:58,091][com.java.TestType] [11533] - {Data Fields & Data Values Exist}
[INFO ][2016-01-20 20:22:58,091][com.java.TestType] [11539] - --------------------------setting values-----------------------------
[INFO ][2016-01-20 20:22:58,091][com.java.TestType] [11542] - Action Type : click
[INFO ][2016-01-20 20:22:58,091][com.java.TestType] [ 6583] - Field ::XPH//li[@class="inactiveTab"]//a[@title="Custom Calcs"]//span[@class="closeimg icon-close icon-xs"]
[INFO ][2016-01-20 20:22:58,091][com.java.TestType] [ 6204] - value = 
[INFO ][2016-01-20 20:22:59,092][com.java.TestType] [ 6756] - BEFORE CLICK
[INFO ][2016-01-20 20:22:59,972][com.java.TestType] [ 6764] - Unable to click the object click on add button
[INFO ][2016-01-20 20:22:59,972][com.java.TestType] [11561] -  RESULT true
[INFO ][2016-01-20 20:22:59,972][com.java.TestType] [11678] - ?   P A S S   ?
[DEBUG][2016-01-20 20:22:59,972][com.java.TestType] [11484] - Concept ID:9 :: Step being Executed: 9::9
[INFO ][2016-01-20 20:22:59,972][com.java.TestType] [11522] - dataFields : BTN//iframe[@class='frameTabContent']
[DEBUG][2016-01-20 20:22:59,972][com.java.TestType] [11528] - <In Set values of the page>
[DEBUG][2016-01-20 20:22:59,972][com.java.TestType] [11533] - {Data Fields & Data Values Exist}
[INFO ][2016-01-20 20:22:59,972][com.java.TestType] [11539] - --------------------------setting values-----------------------------
[INFO ][2016-01-20 20:22:59,972][com.java.TestType] [11542] - Action Type : waitforelement
[INFO ][2016-01-20 20:23:00,003][com.java.TestType] [11561] -  RESULT true
[INFO ][2016-01-20 20:23:00,003][com.java.TestType] [11678] - ?   P A S S   ?
[DEBUG][2016-01-20 20:23:00,003][com.java.TestType] [11484] - Concept ID:9 :: Step being Executed: 9::10
[ERROR][2016-01-20 20:23:00,003][com.java.TestType] [11517] - Exception: null
[INFO ][2016-01-20 20:23:00,003][com.java.TestType] [11522] - dataFields : BTN//iframe[@class='frameTabContent']
[DEBUG][2016-01-20 20:23:00,003][com.java.TestType] [11528] - <In Set values of the page>
[DEBUG][2016-01-20 20:23:00,003][com.java.TestType] [11533] - {Data Fields & Data Values Exist}
[INFO ][2016-01-20 20:23:00,003][com.java.TestType] [11539] - --------------------------setting values-----------------------------
[INFO ][2016-01-20 20:23:00,003][com.java.TestType] [11542] - Action Type : SELECTFRAME
[INFO ][2016-01-20 20:23:00,083][com.java.TestType] [11561] -  RESULT true
[INFO ][2016-01-20 20:23:00,083][com.java.TestType] [11678] - ?   P A S S   ?
[DEBUG][2016-01-20 20:23:00,083][com.java.TestType] [11484] - Concept ID:9 :: Step being Executed: 9::11
[INFO ][2016-01-20 20:23:00,083][com.java.TestType] [11522] - dataFields : RCC//td[contains(text(),'mytext')]/following-sibling::td[2]//span[@class="glyphicon glyphicon-remove"]
[DEBUG][2016-01-20 20:23:00,083][com.java.TestType] [11528] - <In Set values of the page>
[DEBUG][2016-01-20 20:23:00,083][com.java.TestType] [11533] - {Data Fields & Data Values Exist}
[INFO ][2016-01-20 20:23:00,083][com.java.TestType] [11539] - --------------------------setting values-----------------------------
[INFO ][2016-01-20 20:23:00,083][com.java.TestType] [11542] - Action Type : CLICKWITHALERT
[ERROR][2016-01-20 20:23:00,223][com.java.TestType] [ 1668] - Exception in RCC click: Cannot click on element (WARNING: The server did not provide any stacktrace information)
Command duration or timeout: 30 milliseconds
Build info: version: '2.49.0', revision: '365eeb4', time: '2016-01-13 18:37:00'
System info: host: 'FVTIII438F1D', ip: '172.17.68.34', os.name: 'Windows 7', os.arch: 'x86', os.version: '6.1', java.version: '1.7.0_55'
Session ID: 36e53c09-d018-4be6-acbd-4f48e78f806d
Driver info: org.openqa.selenium.ie.InternetExplorerDriver
Capabilities [{platform=WINDOWS, javascriptEnabled=true, elementScrollBehavior=0, ignoreZoomSetting=false, enablePersistentHover=true, ie.ensureCleanSession=false, browserName=internet explorer, enableElementCacheCleanup=true, unexpectedAlertBehaviour=dismiss, version=10, ie.usePerProcessProxy=false, ignoreProtectedModeSettings=true, cssSelectorsEnabled=true, requireWindowFocus=false, initialBrowserUrl=http://localhost:3808/, handlesAlerts=true, ie.forceCreateProcessApi=false, nativeEvents=true, browserAttachTimeout=0, ie.browserCommandLineSwitches=, takesScreenshot=true}]
[INFO ][2016-01-20 20:23:00,223][com.java.TestType] [11561] -  RESULT false
[INFO ][2016-01-20 20:23:00,223][com.java.TestType] [11599] - ?   F A I L   ?
[DEBUG][2016-01-20 20:23:00,223][com.java.TestType] [11602] - Browser Type : IE10
[DEBUG][2016-01-20 20:23:00,223][com.java.TestType] [11484] - Concept ID:9 :: Step being Executed: 9::12
[INFO ][2016-01-20 20:23:00,223][com.java.TestType] [11522] - dataFields : RCC//td[contains(text(),'mytext')]/following-sibling::td[2]//span[@class="glyphicon glyphicon-remove"]
[DEBUG][2016-01-20 20:23:00,223][com.java.TestType] [11528] - <In Set values of the page>
[DEBUG][2016-01-20 20:23:00,223][com.java.TestType] [11533] - {Data Fields & Data Values Exist}
[INFO ][2016-01-20 20:23:00,223][com.java.TestType] [11539] - --------------------------setting values-----------------------------
[INFO ][2016-01-20 20:23:00,223][com.java.TestType] [11542] - Action Type : CLICKWITHALERT
[ERROR][2016-01-20 20:23:00,223][com.java.TestType] [ 1668] - Exception in RCC click: null
[INFO ][2016-01-20 20:23:00,223][com.java.TestType] [11561] -  RESULT false
[INFO ][2016-01-20 20:23:00,223][com.java.TestType] [11599] - ?   F A I L   ?
[DEBUG][2016-01-20 20:23:00,223][com.java.TestType] [11602] - Browser Type : IE10
[INFO ][2016-01-20 20:23:00,223][com.java.SeleniumDriver] [  930] -  RESULT false
[INFO ][2016-01-20 20:23:00,223][com.java.SeleniumDriver] [  977] - ?   F A I L   ?
[INFO ][2016-01-20 20:23:00,223][com.java.SeleniumDriver] [  985] - Browser Type : IE10
[INFO ][2016-01-20 20:23:00,223][com.java.SeleniumDriver] [  986] - Adding Failed case4
[INFO ][2016-01-20 20:23:00,393][com.java.SeleniumDriver] [ 1100] - failedCases = 4
[ERROR][2016-01-20 20:23:00,393][com.java.SeleniumDriver] [ 1599] - Platform Errors : Our apologies...::We have encountered an issue with your request.::Our apologies?:We encountered an issue with your request.
[INFO ][2016-01-20 20:23:00,393][com.java.SeleniumDriver] [ 1603] - Length =3
[ERROR][2016-01-20 20:23:00,393][com.java.SeleniumDriver] [ 1606] - Error 0 = Our apologies...
[ERROR][2016-01-20 20:23:00,453][com.java.SeleniumDriver] [ 1606] - Error 1 = We have encountered an issue with your request.
[ERROR][2016-01-20 20:23:00,473][com.java.SeleniumDriver] [ 1606] - Error 2 = Our apologies?:We encountered an issue with your request.
[INFO ][2016-01-20 20:23:00,493][com.java.SeleniumDriver] [ 1617] - strError:
[DEBUG][2016-01-20 20:23:00,503][com.java.SeleniumDriver] [ 1248] - Case found
[DEBUG][2016-01-20 20:23:00,503][com.java.SeleniumDriver] [ 1253] - Incrementing ReportCounters[0]:2
[INFO ][2016-01-20 20:23:00,503][com.java.SeleniumDriver] [ 1272] - The results are-------------------[4, 39, Settings: Customize My Dashboards: Custom Calculations: Edit Custom Calculation Indicator, Fail, 
Test case failed at Step No. :: 39   Error Message ::  In CONCEPT: Test case failed at Step No. :: 12   Error Message ::  Unable to click on the elemnt using RCC: null. Screen Shot : D:\BankersDashboard\TestReports\012016\4_012016_202300_IE10.png, Wed Jan 20 20:23:00 IST 2016]
[INFO ][2016-01-20 20:23:00,503][com.java.SeleniumDriver] [ 1276] - End time is-------3 min 15 sec
[INFO ][2016-01-20 20:23:00,503][com.java.SeleniumDriver] [ 1277] - The results are-------------------[4, 39, Settings: Customize My Dashboards: Custom Calculations: Edit Custom Calculation Indicator, Fail, 
Test case failed at Step No. :: 39   Error Message ::  In CONCEPT: Test case failed at Step No. :: 12   Error Message ::  Unable to click on the elemnt using RCC: null. Screen Shot : D:\BankersDashboard\TestReports\012016\4_012016_202300_IE10.png, Wed Jan 20 20:23:00 IST 2016]
[DEBUG][2016-01-20 20:23:00,503][com.java.ImportnExport.ExportTestResultsExcel] [  222] - testResultPath = D:\BankersDashboard/TestReports/Test Results_BankersDashBoard_012016_201946_IE10_Any Bank USA.xls
[DEBUG][2016-01-20 20:23:00,503][com.java.ImportnExport.ExportTestResultsExcel] [  223] - browser is------------IE10
[DEBUG][2016-01-20 20:23:00,503][com.java.ImportnExport.ExportTestResultsExcel] [  270] - result.size() = 6
[DEBUG][2016-01-20 20:23:00,503][com.java.ImportnExport.ExportTestResultsExcel] [  274] - No of rows in sheet=2
[DEBUG][2016-01-20 20:23:00,503][com.java.ImportnExport.ExportTestResultsExcel] [  301] - ..in export..4
[DEBUG][2016-01-20 20:23:00,503][com.java.ImportnExport.ExportTestResultsExcel] [  301] - ..in export..Settings: Customize My Dashboards: Custom Calculations: Edit Custom Calculation Indicator
[DEBUG][2016-01-20 20:23:00,503][com.java.ImportnExport.ExportTestResultsExcel] [  301] - ..in export..Fail
[DEBUG][2016-01-20 20:23:00,503][com.java.ImportnExport.ExportTestResultsExcel] [  301] - ..in export..
Test case failed at Step No. :: 39   Error Message ::  In CONCEPT: Test case failed at Step No. :: 12   Error Message ::  Unable to click on the elemnt using RCC: null. Screen Shot : D:\BankersDashboard\TestReports\012016\4_012016_202300_IE10.png
[DEBUG][2016-01-20 20:23:00,503][com.java.ImportnExport.ExportTestResultsExcel] [  301] - ..in export..Wed Jan 20 20:23:00 IST 2016
[INFO ][2016-01-20 20:23:00,503][com.java.SeleniumDriver] [ 1337] - out loop:1 size:2 TestCases:[1, 4] testcases:[1, 4]
[INFO ][2016-01-20 20:23:02,503][com.java.SeleniumDriver] [ 1380] - Total Number of Cases:2
[INFO ][2016-01-20 20:23:02,503][com.java.TemplateGenerator] [  302] - Executed:2
[INFO ][2016-01-20 20:23:02,503][com.java.TemplateGenerator] [  303] - Passed:1
[INFO ][2016-01-20 20:23:02,503][com.java.TemplateGenerator] [  304] - Failed:1
[INFO ][2016-01-20 20:23:02,503][com.java.TemplateGenerator] [  305] - Skipeed:0
[INFO ][2016-01-20 20:23:02,503][com.java.TemplateGenerator] [  306] - Application URL:https://clients-xuat.bankersdashboard.com
[INFO ][2016-01-20 20:23:02,503][com.java.TemplateGenerator] [  307] - Start Time:012016_201946
[INFO ][2016-01-20 20:23:02,503][com.java.TemplateGenerator] [  308] -  Creating HTML Report 
[ERROR][2016-01-20 20:23:02,503][com.java.TemplateGenerator] [  409] - Unparseable date: "Wed Jan 20 08:19:46 IST 2016"
[INFO ][2016-01-20 20:23:02,503][com.java.TemplateGenerator] [  654] -  Exporting case :: 1
[INFO ][2016-01-20 20:23:02,503][com.java.TemplateGenerator] [  654] -  Exporting case :: 4
[INFO ][2016-01-20 20:23:02,503][com.java.SeleniumDriver] [ 1429] - End Time:012016_202302
[INFO ][2016-01-20 20:23:02,503][com.java.SeleniumDriver] [ 1432] - Data in Test Execution Details:{1=PASS, 4=FAILTest case failed at Step No. :: 39   Error Message ::  In CONCEPT: Test case failed at Step No. :: 12   Error Message ::  Unable to click on the elemnt using RCC: null}
[INFO ][2016-01-20 20:23:02,503][com.java.SeleniumDriver] [ 1433] - Data in Failed Execution Deatils:{}
[INFO ][2016-01-20 20:23:02,503][com.java.SeleniumDriver] [ 1435] - ReportCounter:Total:2 :: PASS: 1 ::FAIL: 1
[INFO ][2016-01-20 20:23:02,503][com.java.SeleniumDriver] [ 1436] - FailedReportCounter:Total:0 :: PASS: 0 ::FAIL: 0
[INFO ][2016-01-20 20:23:02,504][com.java.EmailTestReport] [   63] - Sending report mail details:
[INFO ][2016-01-20 20:23:02,504][com.java.EmailTestReport] [   80] - Excel Report Path:D:\BankersDashboard/TestReports/Test Results_BankersDashBoard_012016_201946_IE10_Any Bank USA.xls
[INFO ][2016-01-20 20:23:02,504][com.java.EmailTestReport] [   81] - HTML Report Path:D:\BankersDashboard//TestReports//Test Results_BankersDashBoard_012016_201946_IE10_Any Bank USA.html
[INFO ][2016-01-20 20:23:02,504][com.java.EmailTestReport] [   82] - smtpHostName:mail01.valuelabs.com
[INFO ][2016-01-20 20:23:02,504][com.java.EmailTestReport] [   83] - Recipient:venkateswararao.gubbala@valuelabs.com;
[INFO ][2016-01-20 20:23:02,504][com.java.EmailTestReport] [   84] - From:venkateswararao.gubbala@valuelabs.com;
[INFO ][2016-01-20 20:23:02,504][com.java.EmailTestReport] [   85] - Subject:Deluxe Corp Bankers Dashboard Automation Test Report - Any Bank USA - IE10
[INFO ][2016-01-20 20:23:02,524][com.java.EmailTestReport] [  143] -  Added venkateswararao.gubbala@valuelabs.com
[INFO ][2016-01-20 20:23:05,657][com.java.SeleniumDriver] [  722] - quitting the browser 
[INFO ][2016-01-20 20:23:06,907][com.java.SeleniumDriver] [  264] - Execution Completed Stopping the thread
