[INFO ][2015-11-18 17:48:47,755][com.java.SeleniumDriver] [  213] - Execute Failed Casesfalse
[INFO ][2015-11-18 17:48:47,755][com.java.SeleniumDriver] [  214] - Browser: IE10
[INFO ][2015-11-18 17:48:47,755][com.java.SeleniumDriver] [  215] - [1, 6]
[INFO ][2015-11-18 17:48:47,755][com.java.SeleniumDriver] [  216] - Total TestCases:2
[INFO ][2015-11-18 17:48:47,756][com.java.SeleniumDriver] [  217] -  Reading Properties from Property File 
[DEBUG][2015-11-18 17:48:47,756][com.java.SeleniumDriver] [  238] - url : https://clients-xuat.bankersdashboard.com
[INFO ][2015-11-18 17:48:47,757][com.java.ImportnExport.ExportTestResultsExcel] [  116] - Time Stamp Wed Nov 18 05:48:47 IST 2015
[INFO ][2015-11-18 17:48:47,757][com.java.ImportnExport.ExportTestResultsExcel] [  175] - OUT FILE : D:\BankersDashboard/TestReports/Test Results_BankersDashBoard_111815_174847_IE10_Bank of North Carolina.xls
[INFO ][2015-11-18 17:48:47,785][com.java.ImportnExport.ExportTestResultsExcel] [  180] - Test Result file is created
[DEBUG][2015-11-18 17:48:47,888][com.java.SeleniumDriver] [  425] - Hub ip address is-------172.17.68.34
[INFO ][2015-11-18 17:48:47,889][com.java.SeleniumDriver] [  451] - Grid URL:http://172.17.68.34:4444/wd/hub
[INFO ][2015-11-18 17:48:47,889][com.java.SeleniumDriver] [  452] - Capability:Capabilities [{platform=ANY, ensureCleanSession=true, ignoreProtectedModeSettings=true, acceptSslCerts=true, ignoreZoomSetting=true, browserName=internet explorer, browserstack.ie.noFlash=true, version=null}]
[ERROR][2015-11-18 17:48:49,191][com.java.SeleniumDriver] [  496] - Unable invoke browser in grid:Could not start a new session. Possible causes are invalid address of the remote server or browser start-up failure.
Build info: version: '2.48.2', revision: '41bccdd', time: '2015-10-09 19:59:12'
System info: host: 'FVTIII438F1D', ip: '172.17.68.34', os.name: 'Windows 7', os.arch: 'x86', os.version: '6.1', java.version: '1.7.0_55'
Driver info: driver.version: SeleniumDriver
[INFO ][2015-11-18 17:48:49,191][com.java.SeleniumDriver] [  498] - Executing on local machine
[INFO ][2015-11-18 17:48:58,667][com.java.SeleniumDriver] [  248] - IE10is opened
[INFO ][2015-11-18 17:48:59,289][com.java.SeleniumDriver] [  753] - Test cases to be executed are: [1, 6]
[INFO ][2015-11-18 17:48:59,306][com.java.ImportnExport.ImportTestDataDetailsExcel] [   49] - test data details path===== D:\BankersDashboard\TestInputs\TestData.xls
[INFO ][2015-11-18 17:48:59,352][com.java.SeleniumDriver] [  796] - ------------------------------------------
[INFO ][2015-11-18 17:48:59,353][com.java.SeleniumDriver] [  797] - Test case being Executed: 1
[INFO ][2015-11-18 17:48:59,353][com.java.SeleniumDriver] [  808] - Test step:1
[INFO ][2015-11-18 17:48:59,353][com.java.SeleniumDriver] [  820] - Datavalue is----------Concept#1:1-14
[INFO ][2015-11-18 17:48:59,353][com.java.SeleniumDriver] [  844] - DataField : test
[INFO ][2015-11-18 17:48:59,353][com.java.SeleniumDriver] [  846] - DataValue : Concept#1:1-14
[INFO ][2015-11-18 17:48:59,353][com.java.SeleniumDriver] [  852] - <In Set values of the page>
[INFO ][2015-11-18 17:48:59,353][com.java.SeleniumDriver] [  855] - {Data Fields & Data Values Exist}
[INFO ][2015-11-18 17:48:59,353][com.java.SeleniumDriver] [  857] - --------------------------setting values-----------------------------
[INFO ][2015-11-18 17:48:59,354][com.java.SeleniumDriver] [  860] - Action Type : ExecuteTestCase
[INFO ][2015-11-18 17:48:59,371][com.java.TestType] [  423] - The Concept sheet name is ---------- Concept
[INFO ][2015-11-18 17:48:59,371][com.java.TestType] [  426] - The Concept ID  is ---------- 1
[DEBUG][2015-11-18 17:48:59,371][com.java.TestType] [  430] - Steps being executted in the Concept are: 1:14
[INFO ][2015-11-18 17:48:59,371][com.java.TestType] [  437] - Test data details path ---------- D:\BankersDashboard\TestInputs\TestData.xls
[INFO ][2015-11-18 17:48:59,406][com.java.TestType] [  468] -  str(1) = 1
[INFO ][2015-11-18 17:48:59,407][com.java.TestType] [  471] - Test case Id is---1
[INFO ][2015-11-18 17:48:59,407][com.java.TestType] [  473] - 1
[INFO ][2015-11-18 17:48:59,407][com.java.TestType] [  468] -  str(2) = 1
[INFO ][2015-11-18 17:48:59,411][com.java.TestType] [  520] - row values are--------{1=com.java.Objects.TestDataDetails@16072}
[INFO ][2015-11-18 17:48:59,411][com.java.TestType] [  468] -  str(1) = 1
[INFO ][2015-11-18 17:48:59,411][com.java.TestType] [  471] - Test case Id is---1
[INFO ][2015-11-18 17:48:59,411][com.java.TestType] [  473] - 1
[INFO ][2015-11-18 17:48:59,412][com.java.TestType] [  468] -  str(2) = 2
[INFO ][2015-11-18 17:48:59,413][com.java.TestType] [  520] - row values are--------{1=com.java.Objects.TestDataDetails@16072, 2=com.java.Objects.TestDataDetails@1921eac}
[INFO ][2015-11-18 17:48:59,413][com.java.TestType] [  468] -  str(1) = 1
[INFO ][2015-11-18 17:48:59,413][com.java.TestType] [  471] - Test case Id is---1
[INFO ][2015-11-18 17:48:59,413][com.java.TestType] [  473] - 1
[INFO ][2015-11-18 17:48:59,413][com.java.TestType] [  468] -  str(2) = 3
[INFO ][2015-11-18 17:48:59,415][com.java.TestType] [  520] - row values are--------{1=com.java.Objects.TestDataDetails@16072, 2=com.java.Objects.TestDataDetails@1921eac, 3=com.java.Objects.TestDataDetails@1c9b12c}
[INFO ][2015-11-18 17:48:59,415][com.java.TestType] [  468] -  str(1) = 1
[INFO ][2015-11-18 17:48:59,415][com.java.TestType] [  471] - Test case Id is---1
[INFO ][2015-11-18 17:48:59,415][com.java.TestType] [  473] - 1
[INFO ][2015-11-18 17:48:59,415][com.java.TestType] [  468] -  str(2) = 4
[INFO ][2015-11-18 17:48:59,416][com.java.TestType] [  520] - row values are--------{1=com.java.Objects.TestDataDetails@16072, 2=com.java.Objects.TestDataDetails@1921eac, 3=com.java.Objects.TestDataDetails@1c9b12c, 4=com.java.Objects.TestDataDetails@1ff9980}
[INFO ][2015-11-18 17:48:59,417][com.java.TestType] [  468] -  str(1) = 1
[INFO ][2015-11-18 17:48:59,417][com.java.TestType] [  471] - Test case Id is---1
[INFO ][2015-11-18 17:48:59,417][com.java.TestType] [  473] - 1
[INFO ][2015-11-18 17:48:59,417][com.java.TestType] [  468] -  str(2) = 5
[INFO ][2015-11-18 17:48:59,418][com.java.TestType] [  520] - row values are--------{1=com.java.Objects.TestDataDetails@16072, 2=com.java.Objects.TestDataDetails@1921eac, 3=com.java.Objects.TestDataDetails@1c9b12c, 4=com.java.Objects.TestDataDetails@1ff9980, 5=com.java.Objects.TestDataDetails@7eaba4}
[INFO ][2015-11-18 17:48:59,418][com.java.TestType] [  468] -  str(1) = 1
[INFO ][2015-11-18 17:48:59,418][com.java.TestType] [  471] - Test case Id is---1
[INFO ][2015-11-18 17:48:59,418][com.java.TestType] [  473] - 1
[INFO ][2015-11-18 17:48:59,418][com.java.TestType] [  468] -  str(2) = 6
[INFO ][2015-11-18 17:48:59,420][com.java.TestType] [  520] - row values are--------{1=com.java.Objects.TestDataDetails@16072, 2=com.java.Objects.TestDataDetails@1921eac, 3=com.java.Objects.TestDataDetails@1c9b12c, 4=com.java.Objects.TestDataDetails@1ff9980, 5=com.java.Objects.TestDataDetails@7eaba4, 6=com.java.Objects.TestDataDetails@196653}
[INFO ][2015-11-18 17:48:59,420][com.java.TestType] [  468] -  str(1) = 1
[INFO ][2015-11-18 17:48:59,420][com.java.TestType] [  471] - Test case Id is---1
[INFO ][2015-11-18 17:48:59,420][com.java.TestType] [  473] - 1
[INFO ][2015-11-18 17:48:59,420][com.java.TestType] [  468] -  str(2) = 7
[INFO ][2015-11-18 17:48:59,421][com.java.TestType] [  520] - row values are--------{1=com.java.Objects.TestDataDetails@16072, 2=com.java.Objects.TestDataDetails@1921eac, 3=com.java.Objects.TestDataDetails@1c9b12c, 4=com.java.Objects.TestDataDetails@1ff9980, 5=com.java.Objects.TestDataDetails@7eaba4, 6=com.java.Objects.TestDataDetails@196653, 7=com.java.Objects.TestDataDetails@1e84970}
[INFO ][2015-11-18 17:48:59,421][com.java.TestType] [  468] -  str(1) = 1
[INFO ][2015-11-18 17:48:59,422][com.java.TestType] [  471] - Test case Id is---1
[INFO ][2015-11-18 17:48:59,422][com.java.TestType] [  473] - 1
[INFO ][2015-11-18 17:48:59,422][com.java.TestType] [  468] -  str(2) = 8
[INFO ][2015-11-18 17:48:59,423][com.java.TestType] [  520] - row values are--------{1=com.java.Objects.TestDataDetails@16072, 2=com.java.Objects.TestDataDetails@1921eac, 3=com.java.Objects.TestDataDetails@1c9b12c, 4=com.java.Objects.TestDataDetails@1ff9980, 5=com.java.Objects.TestDataDetails@7eaba4, 6=com.java.Objects.TestDataDetails@196653, 7=com.java.Objects.TestDataDetails@1e84970, 8=com.java.Objects.TestDataDetails@1e244b5}
[INFO ][2015-11-18 17:48:59,423][com.java.TestType] [  468] -  str(1) = 1
[INFO ][2015-11-18 17:48:59,423][com.java.TestType] [  471] - Test case Id is---1
[INFO ][2015-11-18 17:48:59,423][com.java.TestType] [  473] - 1
[INFO ][2015-11-18 17:48:59,423][com.java.TestType] [  468] -  str(2) = 9
[INFO ][2015-11-18 17:48:59,424][com.java.TestType] [  520] - row values are--------{1=com.java.Objects.TestDataDetails@16072, 2=com.java.Objects.TestDataDetails@1921eac, 3=com.java.Objects.TestDataDetails@1c9b12c, 4=com.java.Objects.TestDataDetails@1ff9980, 5=com.java.Objects.TestDataDetails@7eaba4, 6=com.java.Objects.TestDataDetails@196653, 7=com.java.Objects.TestDataDetails@1e84970, 8=com.java.Objects.TestDataDetails@1e244b5, 9=com.java.Objects.TestDataDetails@13fba84}
[INFO ][2015-11-18 17:48:59,424][com.java.TestType] [  468] -  str(1) = 1
[INFO ][2015-11-18 17:48:59,424][com.java.TestType] [  471] - Test case Id is---1
[INFO ][2015-11-18 17:48:59,424][com.java.TestType] [  473] - 1
[INFO ][2015-11-18 17:48:59,424][com.java.TestType] [  468] -  str(2) = 10
[INFO ][2015-11-18 17:48:59,425][com.java.TestType] [  520] - row values are--------{1=com.java.Objects.TestDataDetails@16072, 2=com.java.Objects.TestDataDetails@1921eac, 3=com.java.Objects.TestDataDetails@1c9b12c, 4=com.java.Objects.TestDataDetails@1ff9980, 5=com.java.Objects.TestDataDetails@7eaba4, 6=com.java.Objects.TestDataDetails@196653, 7=com.java.Objects.TestDataDetails@1e84970, 8=com.java.Objects.TestDataDetails@1e244b5, 9=com.java.Objects.TestDataDetails@13fba84, 10=com.java.Objects.TestDataDetails@1ff8e70}
[INFO ][2015-11-18 17:48:59,425][com.java.TestType] [  468] -  str(1) = 1
[INFO ][2015-11-18 17:48:59,426][com.java.TestType] [  471] - Test case Id is---1
[INFO ][2015-11-18 17:48:59,426][com.java.TestType] [  473] - 1
[INFO ][2015-11-18 17:48:59,426][com.java.TestType] [  468] -  str(2) = 11
[INFO ][2015-11-18 17:48:59,427][com.java.TestType] [  520] - row values are--------{1=com.java.Objects.TestDataDetails@16072, 2=com.java.Objects.TestDataDetails@1921eac, 3=com.java.Objects.TestDataDetails@1c9b12c, 4=com.java.Objects.TestDataDetails@1ff9980, 5=com.java.Objects.TestDataDetails@7eaba4, 6=com.java.Objects.TestDataDetails@196653, 7=com.java.Objects.TestDataDetails@1e84970, 8=com.java.Objects.TestDataDetails@1e244b5, 9=com.java.Objects.TestDataDetails@13fba84, 10=com.java.Objects.TestDataDetails@1ff8e70, 11=com.java.Objects.TestDataDetails@1b40e7e}
[INFO ][2015-11-18 17:48:59,427][com.java.TestType] [  468] -  str(1) = 1
[INFO ][2015-11-18 17:48:59,427][com.java.TestType] [  471] - Test case Id is---1
[INFO ][2015-11-18 17:48:59,427][com.java.TestType] [  473] - 1
[INFO ][2015-11-18 17:48:59,427][com.java.TestType] [  468] -  str(2) = 12
[INFO ][2015-11-18 17:48:59,429][com.java.TestType] [  520] - row values are--------{1=com.java.Objects.TestDataDetails@16072, 2=com.java.Objects.TestDataDetails@1921eac, 3=com.java.Objects.TestDataDetails@1c9b12c, 4=com.java.Objects.TestDataDetails@1ff9980, 5=com.java.Objects.TestDataDetails@7eaba4, 6=com.java.Objects.TestDataDetails@196653, 7=com.java.Objects.TestDataDetails@1e84970, 8=com.java.Objects.TestDataDetails@1e244b5, 9=com.java.Objects.TestDataDetails@13fba84, 10=com.java.Objects.TestDataDetails@1ff8e70, 11=com.java.Objects.TestDataDetails@1b40e7e, 12=com.java.Objects.TestDataDetails@1b9c2f0}
[INFO ][2015-11-18 17:48:59,429][com.java.TestType] [  468] -  str(1) = 1
[INFO ][2015-11-18 17:48:59,429][com.java.TestType] [  471] - Test case Id is---1
[INFO ][2015-11-18 17:48:59,429][com.java.TestType] [  473] - 1
[INFO ][2015-11-18 17:48:59,429][com.java.TestType] [  468] -  str(2) = 13
[INFO ][2015-11-18 17:48:59,430][com.java.TestType] [  520] - row values are--------{1=com.java.Objects.TestDataDetails@16072, 2=com.java.Objects.TestDataDetails@1921eac, 3=com.java.Objects.TestDataDetails@1c9b12c, 4=com.java.Objects.TestDataDetails@1ff9980, 5=com.java.Objects.TestDataDetails@7eaba4, 6=com.java.Objects.TestDataDetails@196653, 7=com.java.Objects.TestDataDetails@1e84970, 8=com.java.Objects.TestDataDetails@1e244b5, 9=com.java.Objects.TestDataDetails@13fba84, 10=com.java.Objects.TestDataDetails@1ff8e70, 11=com.java.Objects.TestDataDetails@1b40e7e, 12=com.java.Objects.TestDataDetails@1b9c2f0, 13=com.java.Objects.TestDataDetails@4809be}
[INFO ][2015-11-18 17:48:59,430][com.java.TestType] [  468] -  str(1) = 1
[INFO ][2015-11-18 17:48:59,430][com.java.TestType] [  471] - Test case Id is---1
[INFO ][2015-11-18 17:48:59,430][com.java.TestType] [  473] - 1
[INFO ][2015-11-18 17:48:59,430][com.java.TestType] [  468] -  str(2) = 14
[INFO ][2015-11-18 17:48:59,431][com.java.TestType] [  520] - row values are--------{1=com.java.Objects.TestDataDetails@16072, 2=com.java.Objects.TestDataDetails@1921eac, 3=com.java.Objects.TestDataDetails@1c9b12c, 4=com.java.Objects.TestDataDetails@1ff9980, 5=com.java.Objects.TestDataDetails@7eaba4, 6=com.java.Objects.TestDataDetails@196653, 7=com.java.Objects.TestDataDetails@1e84970, 8=com.java.Objects.TestDataDetails@1e244b5, 9=com.java.Objects.TestDataDetails@13fba84, 10=com.java.Objects.TestDataDetails@1ff8e70, 11=com.java.Objects.TestDataDetails@1b40e7e, 12=com.java.Objects.TestDataDetails@1b9c2f0, 13=com.java.Objects.TestDataDetails@4809be, 14=com.java.Objects.TestDataDetails@1ebc96b}
[INFO ][2015-11-18 17:48:59,431][com.java.TestType] [ 8799] - Looping 1TCID = 1
[DEBUG][2015-11-18 17:48:59,431][com.java.TestType] [ 8840] - Concept ID:1 :: Step being Executed: 1::1
[INFO ][2015-11-18 17:48:59,431][com.java.TestType] [ 8878] - dataFields : TXTusername
[DEBUG][2015-11-18 17:48:59,432][com.java.TestType] [ 8884] - <In Set values of the page>
[DEBUG][2015-11-18 17:48:59,432][com.java.TestType] [ 8889] - {Data Fields & Data Values Exist}
[INFO ][2015-11-18 17:48:59,432][com.java.TestType] [ 8895] - --------------------------setting values-----------------------------
[INFO ][2015-11-18 17:48:59,432][com.java.TestType] [ 8898] - Action Type : CLEARANDENTER
[INFO ][2015-11-18 17:48:59,432][com.java.TestType] [ 4454] - value = valuelabs.ie10.33527
[INFO ][2015-11-18 17:49:04,096][com.java.TestType] [ 8917] -  RESULT true
[INFO ][2015-11-18 17:49:04,096][com.java.TestType] [ 9034] - ?   P A S S   ?
[DEBUG][2015-11-18 17:49:04,096][com.java.TestType] [ 8840] - Concept ID:1 :: Step being Executed: 1::2
[INFO ][2015-11-18 17:49:04,096][com.java.TestType] [ 8878] - dataFields : TXTpassword
[DEBUG][2015-11-18 17:49:04,097][com.java.TestType] [ 8884] - <In Set values of the page>
[DEBUG][2015-11-18 17:49:04,097][com.java.TestType] [ 8889] - {Data Fields & Data Values Exist}
[INFO ][2015-11-18 17:49:04,097][com.java.TestType] [ 8895] - --------------------------setting values-----------------------------
[INFO ][2015-11-18 17:49:04,097][com.java.TestType] [ 8898] - Action Type : CLEARANDENTER
[INFO ][2015-11-18 17:49:04,098][com.java.TestType] [ 4454] - value = Password1*
[INFO ][2015-11-18 17:49:08,878][com.java.TestType] [ 8917] -  RESULT true
[INFO ][2015-11-18 17:49:08,878][com.java.TestType] [ 9034] - ?   P A S S   ?
[DEBUG][2015-11-18 17:49:08,878][com.java.TestType] [ 8840] - Concept ID:1 :: Step being Executed: 1::3
[ERROR][2015-11-18 17:49:08,878][com.java.TestType] [ 8873] - Exception: null
[INFO ][2015-11-18 17:49:08,878][com.java.TestType] [ 8878] - dataFields : XPH//button[@type='submit']
[DEBUG][2015-11-18 17:49:08,879][com.java.TestType] [ 8884] - <In Set values of the page>
[DEBUG][2015-11-18 17:49:08,879][com.java.TestType] [ 8889] - {Data Fields & Data Values Exist}
[INFO ][2015-11-18 17:49:08,879][com.java.TestType] [ 8895] - --------------------------setting values-----------------------------
[INFO ][2015-11-18 17:49:08,879][com.java.TestType] [ 8898] - Action Type : Click
[INFO ][2015-11-18 17:49:08,879][com.java.TestType] [ 4767] - Field ::XPH//button[@type='submit']
[INFO ][2015-11-18 17:49:09,879][com.java.TestType] [ 4826] - BEFORE CLICK
[INFO ][2015-11-18 17:49:12,951][com.java.TestType] [ 4834] - Unable to click the object Login
[INFO ][2015-11-18 17:49:12,951][com.java.TestType] [ 8917] -  RESULT true
[INFO ][2015-11-18 17:49:12,951][com.java.TestType] [ 9034] - ?   P A S S   ?
[DEBUG][2015-11-18 17:49:12,951][com.java.TestType] [ 8840] - Concept ID:1 :: Step being Executed: 1::4
[INFO ][2015-11-18 17:49:12,951][com.java.TestType] [ 8878] - dataFields : LNKLogout
[DEBUG][2015-11-18 17:49:12,951][com.java.TestType] [ 8884] - <In Set values of the page>
[DEBUG][2015-11-18 17:49:12,951][com.java.TestType] [ 8889] - {Data Fields & Data Values Exist}
[INFO ][2015-11-18 17:49:12,951][com.java.TestType] [ 8895] - --------------------------setting values-----------------------------
[INFO ][2015-11-18 17:49:12,952][com.java.TestType] [ 8898] - Action Type : WaitForElement
[INFO ][2015-11-18 17:49:19,786][com.java.TestType] [ 8917] -  RESULT true
[INFO ][2015-11-18 17:49:19,786][com.java.TestType] [ 9034] - ?   P A S S   ?
[DEBUG][2015-11-18 17:49:19,787][com.java.TestType] [ 8840] - Concept ID:1 :: Step being Executed: 1::13
[INFO ][2015-11-18 17:49:19,787][com.java.TestType] [ 8878] - dataFields : LNK
[DEBUG][2015-11-18 17:49:19,787][com.java.TestType] [ 8884] - <In Set values of the page>
[DEBUG][2015-11-18 17:49:19,787][com.java.TestType] [ 8889] - {Data Fields & Data Values Exist}
[INFO ][2015-11-18 17:49:19,787][com.java.TestType] [ 8895] - --------------------------setting values-----------------------------
[INFO ][2015-11-18 17:49:19,787][com.java.TestType] [ 8898] - Action Type : Verify
[INFO ][2015-11-18 17:49:19,787][com.java.TestType] [ 5561] - field= LNK value= Logout
[INFO ][2015-11-18 17:49:19,788][com.java.TestType] [ 4454] - value = Logout
[INFO ][2015-11-18 17:49:19,824][com.java.TestType] [ 8917] -  RESULT true
[INFO ][2015-11-18 17:49:19,825][com.java.TestType] [ 9034] - ?   P A S S   ?
[DEBUG][2015-11-18 17:49:19,825][com.java.TestType] [ 8840] - Concept ID:1 :: Step being Executed: 1::14
[INFO ][2015-11-18 17:49:19,825][com.java.TestType] [ 8878] - dataFields : BTN
[DEBUG][2015-11-18 17:49:19,825][com.java.TestType] [ 8884] - <In Set values of the page>
[DEBUG][2015-11-18 17:49:19,825][com.java.TestType] [ 8889] - {Data Fields & Data Values Exist}
[INFO ][2015-11-18 17:49:19,826][com.java.TestType] [ 8895] - --------------------------setting values-----------------------------
[INFO ][2015-11-18 17:49:19,826][com.java.TestType] [ 8898] - Action Type : Verify
[INFO ][2015-11-18 17:49:19,826][com.java.TestType] [ 5561] - field= BTN value= //img[contains(@src,'bdlogo.jpg')]
[INFO ][2015-11-18 17:49:19,826][com.java.TestType] [ 4454] - value = //img[contains(@src,'bdlogo.jpg')]
[INFO ][2015-11-18 17:49:19,869][com.java.TestType] [ 8917] -  RESULT true
[INFO ][2015-11-18 17:49:19,869][com.java.TestType] [ 9034] - ?   P A S S   ?
[INFO ][2015-11-18 17:49:19,869][com.java.TestType] [ 9105] - Looping End......
[INFO ][2015-11-18 17:49:19,873][com.java.SeleniumDriver] [  869] -  RESULT true
[INFO ][2015-11-18 17:49:19,873][com.java.SeleniumDriver] [ 1074] - ?   P A S S   ?
[INFO ][2015-11-18 17:49:19,874][com.java.SeleniumDriver] [  796] - ------------------------------------------
[INFO ][2015-11-18 17:49:19,874][com.java.SeleniumDriver] [  797] - Test case being Executed: 1
[INFO ][2015-11-18 17:49:19,874][com.java.SeleniumDriver] [  808] - Test step:2
[INFO ][2015-11-18 17:49:19,874][com.java.SeleniumDriver] [  820] - Datavalue is----------Concept#2:1-2
[INFO ][2015-11-18 17:49:19,874][com.java.SeleniumDriver] [  844] - DataField : test
[INFO ][2015-11-18 17:49:19,874][com.java.SeleniumDriver] [  846] - DataValue : Concept#2:1-2
[INFO ][2015-11-18 17:49:19,874][com.java.SeleniumDriver] [  852] - <In Set values of the page>
[INFO ][2015-11-18 17:49:19,874][com.java.SeleniumDriver] [  855] - {Data Fields & Data Values Exist}
[INFO ][2015-11-18 17:49:19,874][com.java.SeleniumDriver] [  857] - --------------------------setting values-----------------------------
[INFO ][2015-11-18 17:49:19,874][com.java.SeleniumDriver] [  860] - Action Type : ExecuteTestCase
[INFO ][2015-11-18 17:49:19,875][com.java.TestType] [  423] - The Concept sheet name is ---------- Concept
[INFO ][2015-11-18 17:49:19,875][com.java.TestType] [  426] - The Concept ID  is ---------- 2
[DEBUG][2015-11-18 17:49:19,875][com.java.TestType] [  430] - Steps being executted in the Concept are: 1:2
[INFO ][2015-11-18 17:49:19,875][com.java.TestType] [  437] - Test data details path ---------- D:\BankersDashboard\TestInputs\TestData.xls
[INFO ][2015-11-18 17:49:19,907][com.java.TestType] [  468] -  str(1) = 2
[INFO ][2015-11-18 17:49:19,908][com.java.TestType] [  471] - Test case Id is---2
[INFO ][2015-11-18 17:49:19,908][com.java.TestType] [  473] - 2
[INFO ][2015-11-18 17:49:19,908][com.java.TestType] [  468] -  str(2) = 1
[INFO ][2015-11-18 17:49:19,910][com.java.TestType] [  520] - row values are--------{1=com.java.Objects.TestDataDetails@c13917}
[INFO ][2015-11-18 17:49:19,910][com.java.TestType] [  468] -  str(1) = 2
[INFO ][2015-11-18 17:49:19,910][com.java.TestType] [  471] - Test case Id is---2
[INFO ][2015-11-18 17:49:19,910][com.java.TestType] [  473] - 2
[INFO ][2015-11-18 17:49:19,911][com.java.TestType] [  468] -  str(2) = 2
[INFO ][2015-11-18 17:49:19,911][com.java.TestType] [  520] - row values are--------{1=com.java.Objects.TestDataDetails@c13917, 2=com.java.Objects.TestDataDetails@db8779}
[INFO ][2015-11-18 17:49:19,911][com.java.TestType] [  468] -  str(1) = 2
[INFO ][2015-11-18 17:49:19,911][com.java.TestType] [  471] - Test case Id is---2
[INFO ][2015-11-18 17:49:19,911][com.java.TestType] [  473] - 2
[INFO ][2015-11-18 17:49:19,912][com.java.TestType] [  468] -  str(2) = 3
[INFO ][2015-11-18 17:49:19,912][com.java.TestType] [  520] - row values are--------{1=com.java.Objects.TestDataDetails@c13917, 2=com.java.Objects.TestDataDetails@db8779, 3=com.java.Objects.TestDataDetails@1e4f1ec}
[INFO ][2015-11-18 17:49:19,912][com.java.TestType] [ 8799] - Looping 1TCID = 2
[DEBUG][2015-11-18 17:49:19,912][com.java.TestType] [ 8840] - Concept ID:2 :: Step being Executed: 2::1
[INFO ][2015-11-18 17:49:19,912][com.java.TestType] [ 8878] - dataFields : BNK//select[@id='bank']
[DEBUG][2015-11-18 17:49:19,913][com.java.TestType] [ 8884] - <In Set values of the page>
[DEBUG][2015-11-18 17:49:19,913][com.java.TestType] [ 8889] - {Data Fields & Data Values Exist}
[INFO ][2015-11-18 17:49:19,913][com.java.TestType] [ 8895] - --------------------------setting values-----------------------------
[INFO ][2015-11-18 17:49:19,913][com.java.TestType] [ 8898] - Action Type : Select
[INFO ][2015-11-18 17:49:19,913][com.java.TestType] [ 4454] - value = PFC
[INFO ][2015-11-18 17:49:20,121][com.java.TestType] [ 8917] -  RESULT true
[INFO ][2015-11-18 17:49:20,121][com.java.TestType] [ 9034] - ?   P A S S   ?
[DEBUG][2015-11-18 17:49:20,121][com.java.TestType] [ 8840] - Concept ID:2 :: Step being Executed: 2::2
[INFO ][2015-11-18 17:49:20,121][com.java.TestType] [ 8878] - dataFields : LNKLogout
[DEBUG][2015-11-18 17:49:20,121][com.java.TestType] [ 8884] - <In Set values of the page>
[DEBUG][2015-11-18 17:49:20,121][com.java.TestType] [ 8889] - {Data Fields & Data Values Exist}
[INFO ][2015-11-18 17:49:20,122][com.java.TestType] [ 8895] - --------------------------setting values-----------------------------
[INFO ][2015-11-18 17:49:20,122][com.java.TestType] [ 8898] - Action Type : WaitTime
[DEBUG][2015-11-18 17:49:20,122][com.java.TestType] [ 4289] - sleepTime: 5000
[INFO ][2015-11-18 17:49:25,122][com.java.TestType] [ 8917] -  RESULT true
[INFO ][2015-11-18 17:49:25,122][com.java.TestType] [ 9034] - ?   P A S S   ?
[INFO ][2015-11-18 17:49:25,122][com.java.TestType] [ 9105] - Looping End......
[INFO ][2015-11-18 17:49:25,126][com.java.SeleniumDriver] [  869] -  RESULT true
[INFO ][2015-11-18 17:49:25,126][com.java.SeleniumDriver] [ 1074] - ?   P A S S   ?
[INFO ][2015-11-18 17:49:25,127][com.java.SeleniumDriver] [  796] - ------------------------------------------
[INFO ][2015-11-18 17:49:25,127][com.java.SeleniumDriver] [  797] - Test case being Executed: 1
[INFO ][2015-11-18 17:49:25,127][com.java.SeleniumDriver] [  808] - Test step:3
[INFO ][2015-11-18 17:49:25,127][com.java.SeleniumDriver] [  820] - Datavalue is----------2
[INFO ][2015-11-18 17:49:25,127][com.java.SeleniumDriver] [  844] - DataField : XPH//button[contains(text(),'Add Content')]
[INFO ][2015-11-18 17:49:25,127][com.java.SeleniumDriver] [  846] - DataValue : 2
[INFO ][2015-11-18 17:49:25,127][com.java.SeleniumDriver] [  852] - <In Set values of the page>
[INFO ][2015-11-18 17:49:25,127][com.java.SeleniumDriver] [  855] - {Data Fields & Data Values Exist}
[INFO ][2015-11-18 17:49:25,127][com.java.SeleniumDriver] [  857] - --------------------------setting values-----------------------------
[INFO ][2015-11-18 17:49:25,127][com.java.SeleniumDriver] [  860] - Action Type : WAITFORELEMENT
[INFO ][2015-11-18 17:49:25,182][com.java.SeleniumDriver] [  869] -  RESULT true
[INFO ][2015-11-18 17:49:25,182][com.java.SeleniumDriver] [ 1074] - ?   P A S S   ?
[DEBUG][2015-11-18 17:49:25,182][com.java.SeleniumDriver] [ 1176] - Case found
[DEBUG][2015-11-18 17:49:25,182][com.java.SeleniumDriver] [ 1181] - Incrementing ReportCounters[0]:1
[INFO ][2015-11-18 17:49:25,182][com.java.SeleniumDriver] [ 1200] - The results are-------------------[1, 1, Valid Login, Pass, , Wed Nov 18 17:49:19 IST 2015, 1, 2, Valid Login, Pass, , Wed Nov 18 17:49:25 IST 2015, 1, 3, Valid Login, Pass, , Wed Nov 18 17:49:25 IST 2015]
[INFO ][2015-11-18 17:49:25,183][com.java.SeleniumDriver] [ 1204] - End time is-------39 sec
[INFO ][2015-11-18 17:49:25,183][com.java.SeleniumDriver] [ 1205] - The results are-------------------[1, 1, Valid Login, Pass, , Wed Nov 18 17:49:19 IST 2015, 1, 2, Valid Login, Pass, , Wed Nov 18 17:49:25 IST 2015, 1, 3, Valid Login, Pass, , Wed Nov 18 17:49:25 IST 2015]
[DEBUG][2015-11-18 17:49:25,183][com.java.ImportnExport.ExportTestResultsExcel] [  222] - testResultPath = D:\BankersDashboard/TestReports/Test Results_BankersDashBoard_111815_174847_IE10_Bank of North Carolina.xls
[DEBUG][2015-11-18 17:49:25,183][com.java.ImportnExport.ExportTestResultsExcel] [  223] - browser is------------IE10
[DEBUG][2015-11-18 17:49:25,225][com.java.ImportnExport.ExportTestResultsExcel] [  270] - result.size() = 18
[DEBUG][2015-11-18 17:49:25,225][com.java.ImportnExport.ExportTestResultsExcel] [  274] - No of rows in sheet=1
[DEBUG][2015-11-18 17:49:25,225][com.java.ImportnExport.ExportTestResultsExcel] [  301] - ..in export..1
[DEBUG][2015-11-18 17:49:25,225][com.java.ImportnExport.ExportTestResultsExcel] [  301] - ..in export..Valid Login
[DEBUG][2015-11-18 17:49:25,225][com.java.ImportnExport.ExportTestResultsExcel] [  301] - ..in export..Pass
[DEBUG][2015-11-18 17:49:25,227][com.java.ImportnExport.ExportTestResultsExcel] [  301] - ..in export..
[DEBUG][2015-11-18 17:49:25,227][com.java.ImportnExport.ExportTestResultsExcel] [  301] - ..in export..Wed Nov 18 17:49:19 IST 2015
[INFO ][2015-11-18 17:49:25,228][com.java.SeleniumDriver] [ 1263] - out loop:0 size:2 TestCases:[1, 6] testcases:[1, 6]
[INFO ][2015-11-18 17:49:25,228][com.java.ImportnExport.ImportTestDataDetailsExcel] [   49] - test data details path===== D:\BankersDashboard\TestInputs\TestData.xls
[INFO ][2015-11-18 17:50:02,535][com.java.SeleniumDriver] [  796] - ------------------------------------------
[INFO ][2015-11-18 17:50:02,535][com.java.SeleniumDriver] [  797] - Test case being Executed: 6
[INFO ][2015-11-18 17:50:02,535][com.java.SeleniumDriver] [  808] - Test step:1
[INFO ][2015-11-18 17:50:02,535][com.java.SeleniumDriver] [  820] - Datavalue is----------Logout
[INFO ][2015-11-18 17:50:02,535][com.java.SeleniumDriver] [  844] - DataField : BTN
[INFO ][2015-11-18 17:50:02,535][com.java.SeleniumDriver] [  846] - DataValue : Logout
[INFO ][2015-11-18 17:50:02,535][com.java.SeleniumDriver] [  852] - <In Set values of the page>
[INFO ][2015-11-18 17:50:02,535][com.java.SeleniumDriver] [  855] - {Data Fields & Data Values Exist}
[INFO ][2015-11-18 17:50:02,535][com.java.SeleniumDriver] [  857] - --------------------------setting values-----------------------------
[INFO ][2015-11-18 17:50:02,535][com.java.SeleniumDriver] [  860] - Action Type : Verify
[INFO ][2015-11-18 17:50:02,535][com.java.TestType] [ 5561] - field= BTN value= Logout
[INFO ][2015-11-18 17:50:02,536][com.java.TestType] [ 4454] - value = Logout
[INFO ][2015-11-18 17:50:02,581][com.java.SeleniumDriver] [  869] -  RESULT true
[INFO ][2015-11-18 17:50:02,581][com.java.SeleniumDriver] [ 1074] - ?   P A S S   ?
[INFO ][2015-11-18 17:50:02,582][com.java.SeleniumDriver] [ 1116] - step change to 3
[INFO ][2015-11-18 17:50:02,582][com.java.SeleniumDriver] [  796] - ------------------------------------------
[INFO ][2015-11-18 17:50:02,582][com.java.SeleniumDriver] [  797] - Test case being Executed: 6
[INFO ][2015-11-18 17:50:02,582][com.java.SeleniumDriver] [  808] - Test step:3
[INFO ][2015-11-18 17:50:02,582][com.java.SeleniumDriver] [  820] - Datavalue is----------Concept#2:1-2
[INFO ][2015-11-18 17:50:02,582][com.java.SeleniumDriver] [  844] - DataField : test
[INFO ][2015-11-18 17:50:02,582][com.java.SeleniumDriver] [  846] - DataValue : Concept#2:1-2
[INFO ][2015-11-18 17:50:02,582][com.java.SeleniumDriver] [  852] - <In Set values of the page>
[INFO ][2015-11-18 17:50:02,582][com.java.SeleniumDriver] [  855] - {Data Fields & Data Values Exist}
[INFO ][2015-11-18 17:50:02,582][com.java.SeleniumDriver] [  857] - --------------------------setting values-----------------------------
[INFO ][2015-11-18 17:50:02,583][com.java.SeleniumDriver] [  860] - Action Type : ExecuteTestCase
[INFO ][2015-11-18 17:50:02,583][com.java.TestType] [  423] - The Concept sheet name is ---------- Concept
[INFO ][2015-11-18 17:50:02,583][com.java.TestType] [  426] - The Concept ID  is ---------- 2
[DEBUG][2015-11-18 17:50:02,583][com.java.TestType] [  430] - Steps being executted in the Concept are: 1:2
[INFO ][2015-11-18 17:50:02,583][com.java.TestType] [  437] - Test data details path ---------- D:\BankersDashboard\TestInputs\TestData.xls
[INFO ][2015-11-18 17:50:02,614][com.java.TestType] [  468] -  str(1) = 2
[INFO ][2015-11-18 17:50:02,614][com.java.TestType] [  471] - Test case Id is---2
[INFO ][2015-11-18 17:50:02,614][com.java.TestType] [  473] - 2
[INFO ][2015-11-18 17:50:02,614][com.java.TestType] [  468] -  str(2) = 1
[INFO ][2015-11-18 17:50:02,615][com.java.TestType] [  520] - row values are--------{1=com.java.Objects.TestDataDetails@5ef899}
[INFO ][2015-11-18 17:50:02,615][com.java.TestType] [  468] -  str(1) = 2
[INFO ][2015-11-18 17:50:02,615][com.java.TestType] [  471] - Test case Id is---2
[INFO ][2015-11-18 17:50:02,616][com.java.TestType] [  473] - 2
[INFO ][2015-11-18 17:50:02,616][com.java.TestType] [  468] -  str(2) = 2
[INFO ][2015-11-18 17:50:02,616][com.java.TestType] [  520] - row values are--------{1=com.java.Objects.TestDataDetails@5ef899, 2=com.java.Objects.TestDataDetails@192ba63}
[INFO ][2015-11-18 17:50:02,616][com.java.TestType] [  468] -  str(1) = 2
[INFO ][2015-11-18 17:50:02,616][com.java.TestType] [  471] - Test case Id is---2
[INFO ][2015-11-18 17:50:02,616][com.java.TestType] [  473] - 2
[INFO ][2015-11-18 17:50:02,617][com.java.TestType] [  468] -  str(2) = 3
[INFO ][2015-11-18 17:50:02,617][com.java.TestType] [  520] - row values are--------{1=com.java.Objects.TestDataDetails@5ef899, 2=com.java.Objects.TestDataDetails@192ba63, 3=com.java.Objects.TestDataDetails@157d954}
[INFO ][2015-11-18 17:50:02,617][com.java.TestType] [ 8799] - Looping 1TCID = 2
[DEBUG][2015-11-18 17:50:02,617][com.java.TestType] [ 8840] - Concept ID:2 :: Step being Executed: 2::1
[INFO ][2015-11-18 17:50:02,618][com.java.TestType] [ 8878] - dataFields : BNK//select[@id='bank']
[DEBUG][2015-11-18 17:50:02,618][com.java.TestType] [ 8884] - <In Set values of the page>
[DEBUG][2015-11-18 17:50:02,618][com.java.TestType] [ 8889] - {Data Fields & Data Values Exist}
[INFO ][2015-11-18 17:50:02,619][com.java.TestType] [ 8895] - --------------------------setting values-----------------------------
[INFO ][2015-11-18 17:50:02,619][com.java.TestType] [ 8898] - Action Type : Select
[INFO ][2015-11-18 17:50:02,619][com.java.TestType] [ 4454] - value = PFC
[INFO ][2015-11-18 17:50:02,869][com.java.TestType] [ 8917] -  RESULT true
[INFO ][2015-11-18 17:50:02,869][com.java.TestType] [ 9034] - ?   P A S S   ?
[DEBUG][2015-11-18 17:50:02,869][com.java.TestType] [ 8840] - Concept ID:2 :: Step being Executed: 2::2
[INFO ][2015-11-18 17:50:02,869][com.java.TestType] [ 8878] - dataFields : LNKLogout
[DEBUG][2015-11-18 17:50:02,869][com.java.TestType] [ 8884] - <In Set values of the page>
[DEBUG][2015-11-18 17:50:02,869][com.java.TestType] [ 8889] - {Data Fields & Data Values Exist}
[INFO ][2015-11-18 17:50:02,869][com.java.TestType] [ 8895] - --------------------------setting values-----------------------------
[INFO ][2015-11-18 17:50:02,869][com.java.TestType] [ 8898] - Action Type : WaitTime
[DEBUG][2015-11-18 17:50:02,870][com.java.TestType] [ 4289] - sleepTime: 5000
[INFO ][2015-11-18 17:50:07,870][com.java.TestType] [ 8917] -  RESULT true
[INFO ][2015-11-18 17:50:07,870][com.java.TestType] [ 9034] - ?   P A S S   ?
[INFO ][2015-11-18 17:50:07,870][com.java.TestType] [ 9105] - Looping End......
[INFO ][2015-11-18 17:50:07,874][com.java.SeleniumDriver] [  869] -  RESULT true
[INFO ][2015-11-18 17:50:07,874][com.java.SeleniumDriver] [ 1074] - ?   P A S S   ?
[INFO ][2015-11-18 17:50:07,874][com.java.SeleniumDriver] [  796] - ------------------------------------------
[INFO ][2015-11-18 17:50:07,874][com.java.SeleniumDriver] [  797] - Test case being Executed: 6
[INFO ][2015-11-18 17:50:07,874][com.java.SeleniumDriver] [  808] - Test step:4
[INFO ][2015-11-18 17:50:07,874][com.java.SeleniumDriver] [  820] - Datavalue is----------null
[DEBUG][2015-11-18 17:50:07,874][com.java.SeleniumDriver] [  838] - Exception: null
[INFO ][2015-11-18 17:50:07,874][com.java.SeleniumDriver] [  844] - DataField : //span[@class='icon-hammer']&&//a[text()='Custom Calculations']
[INFO ][2015-11-18 17:50:07,874][com.java.SeleniumDriver] [  846] - DataValue : 
[INFO ][2015-11-18 17:50:07,875][com.java.SeleniumDriver] [  852] - <In Set values of the page>
[INFO ][2015-11-18 17:50:07,875][com.java.SeleniumDriver] [  855] - {Data Fields & Data Values Exist}
[INFO ][2015-11-18 17:50:07,875][com.java.SeleniumDriver] [  857] - --------------------------setting values-----------------------------
[INFO ][2015-11-18 17:50:07,875][com.java.SeleniumDriver] [  860] - Action Type : MOUSEOVER
[INFO ][2015-11-18 17:50:36,698][com.java.SeleniumDriver] [  869] -  RESULT true
[INFO ][2015-11-18 17:50:36,698][com.java.SeleniumDriver] [ 1074] - ?   P A S S   ?
[INFO ][2015-11-18 17:50:36,698][com.java.SeleniumDriver] [  796] - ------------------------------------------
[INFO ][2015-11-18 17:50:36,698][com.java.SeleniumDriver] [  797] - Test case being Executed: 6
[INFO ][2015-11-18 17:50:36,698][com.java.SeleniumDriver] [  808] - Test step:5
[INFO ][2015-11-18 17:50:36,698][com.java.SeleniumDriver] [  820] - Datavalue is----------5
[INFO ][2015-11-18 17:50:36,698][com.java.SeleniumDriver] [  844] - DataField : BTN//iframe[@class='frameTabContent']
[INFO ][2015-11-18 17:50:36,698][com.java.SeleniumDriver] [  846] - DataValue : 5
[INFO ][2015-11-18 17:50:36,698][com.java.SeleniumDriver] [  852] - <In Set values of the page>
[INFO ][2015-11-18 17:50:36,698][com.java.SeleniumDriver] [  855] - {Data Fields & Data Values Exist}
[INFO ][2015-11-18 17:50:36,698][com.java.SeleniumDriver] [  857] - --------------------------setting values-----------------------------
[INFO ][2015-11-18 17:50:36,698][com.java.SeleniumDriver] [  860] - Action Type : waitforelement
[INFO ][2015-11-18 17:50:36,791][com.java.SeleniumDriver] [  869] -  RESULT true
[INFO ][2015-11-18 17:50:36,791][com.java.SeleniumDriver] [ 1074] - ?   P A S S   ?
[INFO ][2015-11-18 17:50:36,791][com.java.SeleniumDriver] [  796] - ------------------------------------------
[INFO ][2015-11-18 17:50:36,791][com.java.SeleniumDriver] [  797] - Test case being Executed: 6
[INFO ][2015-11-18 17:50:36,791][com.java.SeleniumDriver] [  808] - Test step:6
[INFO ][2015-11-18 17:50:36,791][com.java.SeleniumDriver] [  820] - Datavalue is----------null
[DEBUG][2015-11-18 17:50:36,791][com.java.SeleniumDriver] [  838] - Exception: null
[INFO ][2015-11-18 17:50:36,791][com.java.SeleniumDriver] [  844] - DataField : BTN//iframe[@class='frameTabContent']
[INFO ][2015-11-18 17:50:36,791][com.java.SeleniumDriver] [  846] - DataValue : 
[INFO ][2015-11-18 17:50:36,792][com.java.SeleniumDriver] [  852] - <In Set values of the page>
[INFO ][2015-11-18 17:50:36,792][com.java.SeleniumDriver] [  855] - {Data Fields & Data Values Exist}
[INFO ][2015-11-18 17:50:36,792][com.java.SeleniumDriver] [  857] - --------------------------setting values-----------------------------
[INFO ][2015-11-18 17:50:36,792][com.java.SeleniumDriver] [  860] - Action Type : SELECTFRAME
[INFO ][2015-11-18 17:50:37,074][com.java.SeleniumDriver] [  869] -  RESULT true
[INFO ][2015-11-18 17:50:37,074][com.java.SeleniumDriver] [ 1074] - ?   P A S S   ?
[INFO ][2015-11-18 17:50:37,074][com.java.SeleniumDriver] [  796] - ------------------------------------------
[INFO ][2015-11-18 17:50:37,074][com.java.SeleniumDriver] [  797] - Test case being Executed: 6
[INFO ][2015-11-18 17:50:37,074][com.java.SeleniumDriver] [  808] - Test step:7
[INFO ][2015-11-18 17:50:37,074][com.java.SeleniumDriver] [  820] - Datavalue is----------5
[INFO ][2015-11-18 17:50:37,074][com.java.SeleniumDriver] [  844] - DataField : XPH//h1[contains(text(), 'Custom Calculations')]
[INFO ][2015-11-18 17:50:37,074][com.java.SeleniumDriver] [  846] - DataValue : 5
[INFO ][2015-11-18 17:50:37,074][com.java.SeleniumDriver] [  852] - <In Set values of the page>
[INFO ][2015-11-18 17:50:37,074][com.java.SeleniumDriver] [  855] - {Data Fields & Data Values Exist}
[INFO ][2015-11-18 17:50:37,074][com.java.SeleniumDriver] [  857] - --------------------------setting values-----------------------------
[INFO ][2015-11-18 17:50:37,074][com.java.SeleniumDriver] [  860] - Action Type : waitforelement
[INFO ][2015-11-18 17:50:37,147][com.java.SeleniumDriver] [  869] -  RESULT true
[INFO ][2015-11-18 17:50:37,147][com.java.SeleniumDriver] [ 1074] - ?   P A S S   ?
[INFO ][2015-11-18 17:50:37,147][com.java.SeleniumDriver] [  796] - ------------------------------------------
[INFO ][2015-11-18 17:50:37,147][com.java.SeleniumDriver] [  797] - Test case being Executed: 6
[INFO ][2015-11-18 17:50:37,147][com.java.SeleniumDriver] [  808] - Test step:8
[INFO ][2015-11-18 17:50:37,147][com.java.SeleniumDriver] [  820] - Datavalue is----------Custom Calculations
[INFO ][2015-11-18 17:50:37,147][com.java.SeleniumDriver] [  844] - DataField : MSG
[INFO ][2015-11-18 17:50:37,147][com.java.SeleniumDriver] [  846] - DataValue : Custom Calculations
[INFO ][2015-11-18 17:50:37,147][com.java.SeleniumDriver] [  852] - <In Set values of the page>
[INFO ][2015-11-18 17:50:37,148][com.java.SeleniumDriver] [  855] - {Data Fields & Data Values Exist}
[INFO ][2015-11-18 17:50:37,148][com.java.SeleniumDriver] [  857] - --------------------------setting values-----------------------------
[INFO ][2015-11-18 17:50:37,148][com.java.SeleniumDriver] [  860] - Action Type : Verify
[INFO ][2015-11-18 17:50:37,148][com.java.TestType] [ 5561] - field= MSG value= Custom Calculations
[INFO ][2015-11-18 17:50:37,150][com.java.TestType] [ 4454] - value = Custom Calculations
[DEBUG][2015-11-18 17:50:37,150][com.java.TestType] [ 6330] - value :: Custom Calculations
[INFO ][2015-11-18 17:50:37,175][com.java.SeleniumDriver] [  869] -  RESULT true
[INFO ][2015-11-18 17:50:37,175][com.java.SeleniumDriver] [ 1074] - ?   P A S S   ?
[INFO ][2015-11-18 17:50:37,175][com.java.SeleniumDriver] [  796] - ------------------------------------------
[INFO ][2015-11-18 17:50:37,175][com.java.SeleniumDriver] [  797] - Test case being Executed: 6
[INFO ][2015-11-18 17:50:37,175][com.java.SeleniumDriver] [  808] - Test step:9
[INFO ][2015-11-18 17:50:37,175][com.java.SeleniumDriver] [  820] - Datavalue is----------5
[INFO ][2015-11-18 17:50:37,177][com.java.SeleniumDriver] [  844] - DataField : XPH//a[contains(text(), 'Add Calculation')]
[INFO ][2015-11-18 17:50:37,177][com.java.SeleniumDriver] [  846] - DataValue : 5
[INFO ][2015-11-18 17:50:37,177][com.java.SeleniumDriver] [  852] - <In Set values of the page>
[INFO ][2015-11-18 17:50:37,177][com.java.SeleniumDriver] [  855] - {Data Fields & Data Values Exist}
[INFO ][2015-11-18 17:50:37,177][com.java.SeleniumDriver] [  857] - --------------------------setting values-----------------------------
[INFO ][2015-11-18 17:50:37,177][com.java.SeleniumDriver] [  860] - Action Type : waitforelement
[INFO ][2015-11-18 17:50:37,230][com.java.SeleniumDriver] [  869] -  RESULT true
[INFO ][2015-11-18 17:50:37,231][com.java.SeleniumDriver] [ 1074] - ?   P A S S   ?
[INFO ][2015-11-18 17:50:37,231][com.java.SeleniumDriver] [  796] - ------------------------------------------
[INFO ][2015-11-18 17:50:37,232][com.java.SeleniumDriver] [  797] - Test case being Executed: 6
[INFO ][2015-11-18 17:50:37,232][com.java.SeleniumDriver] [  808] - Test step:10
[INFO ][2015-11-18 17:50:37,232][com.java.SeleniumDriver] [  820] - Datavalue is----------null
[DEBUG][2015-11-18 17:50:37,232][com.java.SeleniumDriver] [  838] - Exception: null
[INFO ][2015-11-18 17:50:37,232][com.java.SeleniumDriver] [  844] - DataField : XPH//a[contains(text(), 'Add Calculation')]
[INFO ][2015-11-18 17:50:37,232][com.java.SeleniumDriver] [  846] - DataValue : 
[INFO ][2015-11-18 17:50:37,232][com.java.SeleniumDriver] [  852] - <In Set values of the page>
[INFO ][2015-11-18 17:50:37,232][com.java.SeleniumDriver] [  855] - {Data Fields & Data Values Exist}
[INFO ][2015-11-18 17:50:37,232][com.java.SeleniumDriver] [  857] - --------------------------setting values-----------------------------
[INFO ][2015-11-18 17:50:37,232][com.java.SeleniumDriver] [  860] - Action Type : click
[INFO ][2015-11-18 17:50:37,232][com.java.TestType] [ 4767] - Field ::XPH//a[contains(text(), 'Add Calculation')]
[INFO ][2015-11-18 17:50:38,232][com.java.TestType] [ 4826] - BEFORE CLICK
[INFO ][2015-11-18 17:50:39,702][com.java.TestType] [ 4834] - Unable to click the object click on add button
[INFO ][2015-11-18 17:50:39,702][com.java.SeleniumDriver] [  869] -  RESULT true
[INFO ][2015-11-18 17:50:39,702][com.java.SeleniumDriver] [ 1074] - ?   P A S S   ?
[INFO ][2015-11-18 17:50:39,702][com.java.SeleniumDriver] [  796] - ------------------------------------------
[INFO ][2015-11-18 17:50:39,702][com.java.SeleniumDriver] [  797] - Test case being Executed: 6
[INFO ][2015-11-18 17:50:39,702][com.java.SeleniumDriver] [  808] - Test step:11
[INFO ][2015-11-18 17:50:39,702][com.java.SeleniumDriver] [  820] - Datavalue is----------3
[INFO ][2015-11-18 17:50:39,702][com.java.SeleniumDriver] [  844] - DataField : XPH//label[contains(text(), 'Dashboard Groups:')]
[INFO ][2015-11-18 17:50:39,702][com.java.SeleniumDriver] [  846] - DataValue : 3
[INFO ][2015-11-18 17:50:39,702][com.java.SeleniumDriver] [  852] - <In Set values of the page>
[INFO ][2015-11-18 17:50:39,702][com.java.SeleniumDriver] [  855] - {Data Fields & Data Values Exist}
[INFO ][2015-11-18 17:50:39,702][com.java.SeleniumDriver] [  857] - --------------------------setting values-----------------------------
[INFO ][2015-11-18 17:50:39,702][com.java.SeleniumDriver] [  860] - Action Type : waitforelement
[INFO ][2015-11-18 17:50:39,726][com.java.SeleniumDriver] [  869] -  RESULT true
[INFO ][2015-11-18 17:50:39,726][com.java.SeleniumDriver] [ 1074] - ?   P A S S   ?
[INFO ][2015-11-18 17:50:39,726][com.java.SeleniumDriver] [  796] - ------------------------------------------
[INFO ][2015-11-18 17:50:39,726][com.java.SeleniumDriver] [  797] - Test case being Executed: 6
[INFO ][2015-11-18 17:50:39,726][com.java.SeleniumDriver] [  808] - Test step:12
[INFO ][2015-11-18 17:50:39,726][com.java.SeleniumDriver] [  820] - Datavalue is----------null
[DEBUG][2015-11-18 17:50:39,726][com.java.SeleniumDriver] [  838] - Exception: null
[INFO ][2015-11-18 17:50:39,726][com.java.SeleniumDriver] [  844] - DataField : XPH//button[contains(text(), 'Save')]
[INFO ][2015-11-18 17:50:39,727][com.java.SeleniumDriver] [  846] - DataValue : 
[INFO ][2015-11-18 17:50:39,727][com.java.SeleniumDriver] [  852] - <In Set values of the page>
[INFO ][2015-11-18 17:50:39,727][com.java.SeleniumDriver] [  855] - {Data Fields & Data Values Exist}
[INFO ][2015-11-18 17:50:39,727][com.java.SeleniumDriver] [  857] - --------------------------setting values-----------------------------
[INFO ][2015-11-18 17:50:39,727][com.java.SeleniumDriver] [  860] - Action Type : ISDISABLED
[INFO ][2015-11-18 17:50:39,727][com.java.TestType] [ 6612] - field= XPH//button[contains(text(), 'Save')]
[INFO ][2015-11-18 17:50:39,794][com.java.SeleniumDriver] [  869] -  RESULT true
[INFO ][2015-11-18 17:50:39,794][com.java.SeleniumDriver] [ 1074] - ?   P A S S   ?
[INFO ][2015-11-18 17:50:39,794][com.java.SeleniumDriver] [  796] - ------------------------------------------
[INFO ][2015-11-18 17:50:39,794][com.java.SeleniumDriver] [  797] - Test case being Executed: 6
[INFO ][2015-11-18 17:50:39,794][com.java.SeleniumDriver] [  808] - Test step:13
[INFO ][2015-11-18 17:50:39,794][com.java.SeleniumDriver] [  820] - Datavalue is----------3
[INFO ][2015-11-18 17:50:39,794][com.java.SeleniumDriver] [  844] - DataField : XPH//select[contains(@class,'mber-select form-control')]
[INFO ][2015-11-18 17:50:39,794][com.java.SeleniumDriver] [  846] - DataValue : 3
[INFO ][2015-11-18 17:50:39,794][com.java.SeleniumDriver] [  852] - <In Set values of the page>
[INFO ][2015-11-18 17:50:39,794][com.java.SeleniumDriver] [  855] - {Data Fields & Data Values Exist}
[INFO ][2015-11-18 17:50:39,795][com.java.SeleniumDriver] [  857] - --------------------------setting values-----------------------------
[INFO ][2015-11-18 17:50:39,795][com.java.SeleniumDriver] [  860] - Action Type : waitforelement
[INFO ][2015-11-18 17:50:39,818][com.java.SeleniumDriver] [  869] -  RESULT true
[INFO ][2015-11-18 17:50:39,818][com.java.SeleniumDriver] [ 1074] - ?   P A S S   ?
[INFO ][2015-11-18 17:50:39,818][com.java.SeleniumDriver] [  796] - ------------------------------------------
[INFO ][2015-11-18 17:50:39,818][com.java.SeleniumDriver] [  797] - Test case being Executed: 6
[INFO ][2015-11-18 17:50:39,818][com.java.SeleniumDriver] [  808] - Test step:14
[INFO ][2015-11-18 17:50:39,818][com.java.SeleniumDriver] [  820] - Datavalue is----------null
[DEBUG][2015-11-18 17:50:39,818][com.java.SeleniumDriver] [  838] - Exception: null
[INFO ][2015-11-18 17:50:39,818][com.java.SeleniumDriver] [  844] - DataField : XPH//select[contains(@class,'mber-select form-control')]
[INFO ][2015-11-18 17:50:39,819][com.java.SeleniumDriver] [  846] - DataValue : 
[INFO ][2015-11-18 17:50:39,819][com.java.SeleniumDriver] [  852] - <In Set values of the page>
[INFO ][2015-11-18 17:50:39,819][com.java.SeleniumDriver] [  855] - {Data Fields & Data Values Exist}
[INFO ][2015-11-18 17:50:39,819][com.java.SeleniumDriver] [  857] - --------------------------setting values-----------------------------
[INFO ][2015-11-18 17:50:39,819][com.java.SeleniumDriver] [  860] - Action Type : click
[INFO ][2015-11-18 17:50:39,819][com.java.TestType] [ 4767] - Field ::XPH//select[contains(@class,'mber-select form-control')]
[INFO ][2015-11-18 17:50:40,819][com.java.TestType] [ 4826] - BEFORE CLICK
[INFO ][2015-11-18 17:50:41,708][com.java.TestType] [ 4834] - Unable to click the object dollar value dropdown
[INFO ][2015-11-18 17:50:41,708][com.java.SeleniumDriver] [  869] -  RESULT true
[INFO ][2015-11-18 17:50:41,708][com.java.SeleniumDriver] [ 1074] - ?   P A S S   ?
[INFO ][2015-11-18 17:50:41,708][com.java.SeleniumDriver] [  796] - ------------------------------------------
[INFO ][2015-11-18 17:50:41,708][com.java.SeleniumDriver] [  797] - Test case being Executed: 6
[INFO ][2015-11-18 17:50:41,708][com.java.SeleniumDriver] [  808] - Test step:15
[INFO ][2015-11-18 17:50:41,708][com.java.SeleniumDriver] [  820] - Datavalue is----------3
[INFO ][2015-11-18 17:50:41,708][com.java.SeleniumDriver] [  844] - DataField : XPH//select/option[contains(text(), 'Dollar ($)')]
[INFO ][2015-11-18 17:50:41,708][com.java.SeleniumDriver] [  846] - DataValue : 3
[INFO ][2015-11-18 17:50:41,708][com.java.SeleniumDriver] [  852] - <In Set values of the page>
[INFO ][2015-11-18 17:50:41,708][com.java.SeleniumDriver] [  855] - {Data Fields & Data Values Exist}
[INFO ][2015-11-18 17:50:41,708][com.java.SeleniumDriver] [  857] - --------------------------setting values-----------------------------
[INFO ][2015-11-18 17:50:41,709][com.java.SeleniumDriver] [  860] - Action Type : waitforelement
[INFO ][2015-11-18 17:50:41,732][com.java.SeleniumDriver] [  869] -  RESULT true
[INFO ][2015-11-18 17:50:41,733][com.java.SeleniumDriver] [ 1074] - ?   P A S S   ?
[INFO ][2015-11-18 17:50:41,733][com.java.SeleniumDriver] [  796] - ------------------------------------------
[INFO ][2015-11-18 17:50:41,733][com.java.SeleniumDriver] [  797] - Test case being Executed: 6
[INFO ][2015-11-18 17:50:41,733][com.java.SeleniumDriver] [  808] - Test step:16
[INFO ][2015-11-18 17:50:41,733][com.java.SeleniumDriver] [  820] - Datavalue is----------null
[DEBUG][2015-11-18 17:50:41,733][com.java.SeleniumDriver] [  838] - Exception: null
[INFO ][2015-11-18 17:50:41,733][com.java.SeleniumDriver] [  844] - DataField : XPH//select/option[contains(text(), 'Dollar ($)')]
[INFO ][2015-11-18 17:50:41,733][com.java.SeleniumDriver] [  846] - DataValue : 
[INFO ][2015-11-18 17:50:41,733][com.java.SeleniumDriver] [  852] - <In Set values of the page>
[INFO ][2015-11-18 17:50:41,733][com.java.SeleniumDriver] [  855] - {Data Fields & Data Values Exist}
[INFO ][2015-11-18 17:50:41,733][com.java.SeleniumDriver] [  857] - --------------------------setting values-----------------------------
[INFO ][2015-11-18 17:50:41,733][com.java.SeleniumDriver] [  860] - Action Type : click
[INFO ][2015-11-18 17:50:41,733][com.java.TestType] [ 4767] - Field ::XPH//select/option[contains(text(), 'Dollar ($)')]
[INFO ][2015-11-18 17:50:42,733][com.java.TestType] [ 4826] - BEFORE CLICK
[INFO ][2015-11-18 17:50:43,542][com.java.TestType] [ 4834] - Unable to click the object dollar value dropdown
[INFO ][2015-11-18 17:50:43,542][com.java.SeleniumDriver] [  869] -  RESULT true
[INFO ][2015-11-18 17:50:43,542][com.java.SeleniumDriver] [ 1074] - ?   P A S S   ?
[INFO ][2015-11-18 17:50:43,542][com.java.SeleniumDriver] [  796] - ------------------------------------------
[INFO ][2015-11-18 17:50:43,542][com.java.SeleniumDriver] [  797] - Test case being Executed: 6
[INFO ][2015-11-18 17:50:43,542][com.java.SeleniumDriver] [  808] - Test step:17
[INFO ][2015-11-18 17:50:43,542][com.java.SeleniumDriver] [  820] - Datavalue is----------RNDA_VLTest
[INFO ][2015-11-18 17:50:43,542][com.java.SeleniumDriver] [  844] - DataField : TXT//input[contains(@placeholder, 'Name your Calcu')]
[INFO ][2015-11-18 17:50:43,542][com.java.SeleniumDriver] [  846] - DataValue : RNDA_VLTest
[INFO ][2015-11-18 17:50:43,542][com.java.SeleniumDriver] [  852] - <In Set values of the page>
[INFO ][2015-11-18 17:50:43,542][com.java.SeleniumDriver] [  855] - {Data Fields & Data Values Exist}
[INFO ][2015-11-18 17:50:43,542][com.java.SeleniumDriver] [  857] - --------------------------setting values-----------------------------
[INFO ][2015-11-18 17:50:43,543][com.java.SeleniumDriver] [  860] - Action Type : enter
[INFO ][2015-11-18 17:50:43,543][com.java.TestType] [ 5087] - field = //input[contains(@placeholder, 'Name your Calcu')]
[INFO ][2015-11-18 17:50:43,543][com.java.TestType] [ 4454] - value = A_VLTest103997
[INFO ][2015-11-18 17:50:44,544][com.java.SeleniumDriver] [  869] -  RESULT true
[INFO ][2015-11-18 17:50:44,544][com.java.SeleniumDriver] [ 1074] - ?   P A S S   ?
[INFO ][2015-11-18 17:50:44,544][com.java.SeleniumDriver] [  796] - ------------------------------------------
[INFO ][2015-11-18 17:50:44,544][com.java.SeleniumDriver] [  797] - Test case being Executed: 6
[INFO ][2015-11-18 17:50:44,544][com.java.SeleniumDriver] [  808] - Test step:18
[INFO ][2015-11-18 17:50:44,544][com.java.SeleniumDriver] [  820] - Datavalue is----------Calusing_Keys
[INFO ][2015-11-18 17:50:44,544][com.java.SeleniumDriver] [  844] - DataField : TXT//input[contains(@placeholder, 'Name your Calcu')]
[INFO ][2015-11-18 17:50:44,544][com.java.SeleniumDriver] [  846] - DataValue : Calusing_Keys
[INFO ][2015-11-18 17:50:44,544][com.java.SeleniumDriver] [  852] - <In Set values of the page>
[INFO ][2015-11-18 17:50:44,544][com.java.SeleniumDriver] [  855] - {Data Fields & Data Values Exist}
[INFO ][2015-11-18 17:50:44,544][com.java.SeleniumDriver] [  857] - --------------------------setting values-----------------------------
[INFO ][2015-11-18 17:50:44,544][com.java.SeleniumDriver] [  860] - Action Type : STOREVALUE
[INFO ][2015-11-18 17:50:44,544][com.java.TestType] [ 6687] - field= TXT//input[contains(@placeholder, 'Name your Calcu')]
[DEBUG][2015-11-18 17:50:44,601][com.java.TestType] [ 6701] - Key:: Calusing_Keys  Value:: A_VLTest103997
[INFO ][2015-11-18 17:50:44,601][com.java.SeleniumDriver] [  869] -  RESULT true
[INFO ][2015-11-18 17:50:44,601][com.java.SeleniumDriver] [ 1074] - ?   P A S S   ?
[INFO ][2015-11-18 17:50:44,601][com.java.SeleniumDriver] [  796] - ------------------------------------------
[INFO ][2015-11-18 17:50:44,601][com.java.SeleniumDriver] [  797] - Test case being Executed: 6
[INFO ][2015-11-18 17:50:44,601][com.java.SeleniumDriver] [  808] - Test step:19
[INFO ][2015-11-18 17:50:44,601][com.java.SeleniumDriver] [  820] - Datavalue is----------//div[@id='group-list']/ul/li//a
[INFO ][2015-11-18 17:50:44,601][com.java.SeleniumDriver] [  844] - DataField : BTN
[INFO ][2015-11-18 17:50:44,601][com.java.SeleniumDriver] [  846] - DataValue : //div[@id='group-list']/ul/li//a
[INFO ][2015-11-18 17:50:44,601][com.java.SeleniumDriver] [  852] - <In Set values of the page>
[INFO ][2015-11-18 17:50:44,601][com.java.SeleniumDriver] [  855] - {Data Fields & Data Values Exist}
[INFO ][2015-11-18 17:50:44,601][com.java.SeleniumDriver] [  857] - --------------------------setting values-----------------------------
[INFO ][2015-11-18 17:50:44,602][com.java.SeleniumDriver] [  860] - Action Type : verify
[INFO ][2015-11-18 17:50:44,602][com.java.TestType] [ 5561] - field= BTN value= //div[@id='group-list']/ul/li//a
[INFO ][2015-11-18 17:50:44,602][com.java.TestType] [ 4454] - value = //div[@id='group-list']/ul/li//a
[INFO ][2015-11-18 17:50:44,624][com.java.SeleniumDriver] [  869] -  RESULT true
[INFO ][2015-11-18 17:50:44,624][com.java.SeleniumDriver] [ 1074] - ?   P A S S   ?
[INFO ][2015-11-18 17:50:44,624][com.java.SeleniumDriver] [  796] - ------------------------------------------
[INFO ][2015-11-18 17:50:44,624][com.java.SeleniumDriver] [  797] - Test case being Executed: 6
[INFO ][2015-11-18 17:50:44,624][com.java.SeleniumDriver] [  808] - Test step:20
[INFO ][2015-11-18 17:50:44,624][com.java.SeleniumDriver] [  820] - Datavalue is----------5
[INFO ][2015-11-18 17:50:44,624][com.java.SeleniumDriver] [  844] - DataField : TXT//div[contains(@class, 'input-group btn-')]/input[contains(@class ,'ember-text-field form-')]
[INFO ][2015-11-18 17:50:44,624][com.java.SeleniumDriver] [  846] - DataValue : 5
[INFO ][2015-11-18 17:50:44,624][com.java.SeleniumDriver] [  852] - <In Set values of the page>
[INFO ][2015-11-18 17:50:44,625][com.java.SeleniumDriver] [  855] - {Data Fields & Data Values Exist}
[INFO ][2015-11-18 17:50:44,625][com.java.SeleniumDriver] [  857] - --------------------------setting values-----------------------------
[INFO ][2015-11-18 17:50:44,625][com.java.SeleniumDriver] [  860] - Action Type : enter
[INFO ][2015-11-18 17:50:44,625][com.java.TestType] [ 5087] - field = //div[contains(@class, 'input-group btn-')]/input[contains(@class ,'ember-text-field form-')]
[INFO ][2015-11-18 17:50:44,625][com.java.TestType] [ 4454] - value = 5
[INFO ][2015-11-18 17:50:45,052][com.java.SeleniumDriver] [  869] -  RESULT true
[INFO ][2015-11-18 17:50:45,052][com.java.SeleniumDriver] [ 1074] - ?   P A S S   ?
[INFO ][2015-11-18 17:50:45,052][com.java.SeleniumDriver] [  796] - ------------------------------------------
[INFO ][2015-11-18 17:50:45,052][com.java.SeleniumDriver] [  797] - Test case being Executed: 6
[INFO ][2015-11-18 17:50:45,052][com.java.SeleniumDriver] [  808] - Test step:21
[INFO ][2015-11-18 17:50:45,052][com.java.SeleniumDriver] [  820] - Datavalue is----------5
[INFO ][2015-11-18 17:50:45,053][com.java.SeleniumDriver] [  844] - DataField : XPH//button[text()='Constant']
[INFO ][2015-11-18 17:50:45,054][com.java.SeleniumDriver] [  846] - DataValue : 5
[INFO ][2015-11-18 17:50:45,054][com.java.SeleniumDriver] [  852] - <In Set values of the page>
[INFO ][2015-11-18 17:50:45,054][com.java.SeleniumDriver] [  855] - {Data Fields & Data Values Exist}
[INFO ][2015-11-18 17:50:45,054][com.java.SeleniumDriver] [  857] - --------------------------setting values-----------------------------
[INFO ][2015-11-18 17:50:45,054][com.java.SeleniumDriver] [  860] - Action Type : waitforelement
[INFO ][2015-11-18 17:50:45,087][com.java.SeleniumDriver] [  869] -  RESULT true
[INFO ][2015-11-18 17:50:45,087][com.java.SeleniumDriver] [ 1074] - ?   P A S S   ?
[INFO ][2015-11-18 17:50:45,087][com.java.SeleniumDriver] [  796] - ------------------------------------------
[INFO ][2015-11-18 17:50:45,087][com.java.SeleniumDriver] [  797] - Test case being Executed: 6
[INFO ][2015-11-18 17:50:45,087][com.java.SeleniumDriver] [  808] - Test step:22
[INFO ][2015-11-18 17:50:45,087][com.java.SeleniumDriver] [  820] - Datavalue is----------null
[DEBUG][2015-11-18 17:50:45,087][com.java.SeleniumDriver] [  838] - Exception: null
[INFO ][2015-11-18 17:50:45,087][com.java.SeleniumDriver] [  844] - DataField : XPH//button[text()='Constant']
[INFO ][2015-11-18 17:50:45,087][com.java.SeleniumDriver] [  846] - DataValue : 
[INFO ][2015-11-18 17:50:45,088][com.java.SeleniumDriver] [  852] - <In Set values of the page>
[INFO ][2015-11-18 17:50:45,088][com.java.SeleniumDriver] [  855] - {Data Fields & Data Values Exist}
[INFO ][2015-11-18 17:50:45,088][com.java.SeleniumDriver] [  857] - --------------------------setting values-----------------------------
[INFO ][2015-11-18 17:50:45,088][com.java.SeleniumDriver] [  860] - Action Type : click
[INFO ][2015-11-18 17:50:45,088][com.java.TestType] [ 4767] - Field ::XPH//button[text()='Constant']
[INFO ][2015-11-18 17:50:46,088][com.java.TestType] [ 4826] - BEFORE CLICK
[INFO ][2015-11-18 17:50:46,983][com.java.TestType] [ 4834] - Unable to click the object click on constant
[INFO ][2015-11-18 17:50:46,983][com.java.SeleniumDriver] [  869] -  RESULT true
[INFO ][2015-11-18 17:50:46,983][com.java.SeleniumDriver] [ 1074] - ?   P A S S   ?
[INFO ][2015-11-18 17:50:46,983][com.java.SeleniumDriver] [  796] - ------------------------------------------
[INFO ][2015-11-18 17:50:46,983][com.java.SeleniumDriver] [  797] - Test case being Executed: 6
[INFO ][2015-11-18 17:50:46,983][com.java.SeleniumDriver] [  808] - Test step:23
[INFO ][2015-11-18 17:50:46,983][com.java.SeleniumDriver] [  820] - Datavalue is----------3
[INFO ][2015-11-18 17:50:46,983][com.java.SeleniumDriver] [  844] - DataField : XPH//button[text()='Constant']
[INFO ][2015-11-18 17:50:46,983][com.java.SeleniumDriver] [  846] - DataValue : 3
[INFO ][2015-11-18 17:50:46,983][com.java.SeleniumDriver] [  852] - <In Set values of the page>
[INFO ][2015-11-18 17:50:46,983][com.java.SeleniumDriver] [  855] - {Data Fields & Data Values Exist}
[INFO ][2015-11-18 17:50:46,983][com.java.SeleniumDriver] [  857] - --------------------------setting values-----------------------------
[INFO ][2015-11-18 17:50:46,983][com.java.SeleniumDriver] [  860] - Action Type : waitforelement
[INFO ][2015-11-18 17:50:46,996][com.java.SeleniumDriver] [  869] -  RESULT true
[INFO ][2015-11-18 17:50:46,996][com.java.SeleniumDriver] [ 1074] - ?   P A S S   ?
[INFO ][2015-11-18 17:50:46,996][com.java.SeleniumDriver] [  796] - ------------------------------------------
[INFO ][2015-11-18 17:50:46,996][com.java.SeleniumDriver] [  797] - Test case being Executed: 6
[INFO ][2015-11-18 17:50:46,996][com.java.SeleniumDriver] [  808] - Test step:24
[INFO ][2015-11-18 17:50:46,996][com.java.SeleniumDriver] [  820] - Datavalue is----------null
[DEBUG][2015-11-18 17:50:46,996][com.java.SeleniumDriver] [  838] - Exception: null
[INFO ][2015-11-18 17:50:46,996][com.java.SeleniumDriver] [  844] - DataField : XPH//button[text()='+']
[INFO ][2015-11-18 17:50:46,996][com.java.SeleniumDriver] [  846] - DataValue : 
[INFO ][2015-11-18 17:50:46,996][com.java.SeleniumDriver] [  852] - <In Set values of the page>
[INFO ][2015-11-18 17:50:46,997][com.java.SeleniumDriver] [  855] - {Data Fields & Data Values Exist}
[INFO ][2015-11-18 17:50:46,997][com.java.SeleniumDriver] [  857] - --------------------------setting values-----------------------------
[INFO ][2015-11-18 17:50:46,997][com.java.SeleniumDriver] [  860] - Action Type : click
[INFO ][2015-11-18 17:50:46,997][com.java.TestType] [ 4767] - Field ::XPH//button[text()='+']
[INFO ][2015-11-18 17:50:47,997][com.java.TestType] [ 4826] - BEFORE CLICK
[INFO ][2015-11-18 17:50:48,861][com.java.TestType] [ 4834] - Unable to click the object enter operator
[INFO ][2015-11-18 17:50:48,861][com.java.SeleniumDriver] [  869] -  RESULT true
[INFO ][2015-11-18 17:50:48,861][com.java.SeleniumDriver] [ 1074] - ?   P A S S   ?
[INFO ][2015-11-18 17:50:48,861][com.java.SeleniumDriver] [  796] - ------------------------------------------
[INFO ][2015-11-18 17:50:48,861][com.java.SeleniumDriver] [  797] - Test case being Executed: 6
[INFO ][2015-11-18 17:50:48,861][com.java.SeleniumDriver] [  808] - Test step:25
[INFO ][2015-11-18 17:50:48,861][com.java.SeleniumDriver] [  820] - Datavalue is----------5
[INFO ][2015-11-18 17:50:48,861][com.java.SeleniumDriver] [  844] - DataField : TXT//div[contains(@class, 'input-group btn-')]/input[contains(@class ,'ember-text-field form-')]
[INFO ][2015-11-18 17:50:48,861][com.java.SeleniumDriver] [  846] - DataValue : 5
[INFO ][2015-11-18 17:50:48,861][com.java.SeleniumDriver] [  852] - <In Set values of the page>
[INFO ][2015-11-18 17:50:48,861][com.java.SeleniumDriver] [  855] - {Data Fields & Data Values Exist}
[INFO ][2015-11-18 17:50:48,861][com.java.SeleniumDriver] [  857] - --------------------------setting values-----------------------------
[INFO ][2015-11-18 17:50:48,861][com.java.SeleniumDriver] [  860] - Action Type : enter
[INFO ][2015-11-18 17:50:48,862][com.java.TestType] [ 5087] - field = //div[contains(@class, 'input-group btn-')]/input[contains(@class ,'ember-text-field form-')]
[INFO ][2015-11-18 17:50:48,862][com.java.TestType] [ 4454] - value = 5
[INFO ][2015-11-18 17:50:49,261][com.java.SeleniumDriver] [  869] -  RESULT true
[INFO ][2015-11-18 17:50:49,261][com.java.SeleniumDriver] [ 1074] - ?   P A S S   ?
[INFO ][2015-11-18 17:50:49,261][com.java.SeleniumDriver] [  796] - ------------------------------------------
[INFO ][2015-11-18 17:50:49,261][com.java.SeleniumDriver] [  797] - Test case being Executed: 6
[INFO ][2015-11-18 17:50:49,261][com.java.SeleniumDriver] [  808] - Test step:26
[INFO ][2015-11-18 17:50:49,261][com.java.SeleniumDriver] [  820] - Datavalue is----------3
[INFO ][2015-11-18 17:50:49,261][com.java.SeleniumDriver] [  844] - DataField : XPH//button[text()='Constant']
[INFO ][2015-11-18 17:50:49,261][com.java.SeleniumDriver] [  846] - DataValue : 3
[INFO ][2015-11-18 17:50:49,261][com.java.SeleniumDriver] [  852] - <In Set values of the page>
[INFO ][2015-11-18 17:50:49,261][com.java.SeleniumDriver] [  855] - {Data Fields & Data Values Exist}
[INFO ][2015-11-18 17:50:49,262][com.java.SeleniumDriver] [  857] - --------------------------setting values-----------------------------
[INFO ][2015-11-18 17:50:49,262][com.java.SeleniumDriver] [  860] - Action Type : waitforelement
[INFO ][2015-11-18 17:50:49,325][com.java.SeleniumDriver] [  869] -  RESULT true
[INFO ][2015-11-18 17:50:49,325][com.java.SeleniumDriver] [ 1074] - ?   P A S S   ?
[INFO ][2015-11-18 17:50:49,325][com.java.SeleniumDriver] [  796] - ------------------------------------------
[INFO ][2015-11-18 17:50:49,325][com.java.SeleniumDriver] [  797] - Test case being Executed: 6
[INFO ][2015-11-18 17:50:49,325][com.java.SeleniumDriver] [  808] - Test step:27
[INFO ][2015-11-18 17:50:49,325][com.java.SeleniumDriver] [  820] - Datavalue is----------null
[DEBUG][2015-11-18 17:50:49,326][com.java.SeleniumDriver] [  838] - Exception: null
[INFO ][2015-11-18 17:50:49,326][com.java.SeleniumDriver] [  844] - DataField : XPH//button[text()='Constant']
[INFO ][2015-11-18 17:50:49,326][com.java.SeleniumDriver] [  846] - DataValue : 
[INFO ][2015-11-18 17:50:49,326][com.java.SeleniumDriver] [  852] - <In Set values of the page>
[INFO ][2015-11-18 17:50:49,326][com.java.SeleniumDriver] [  855] - {Data Fields & Data Values Exist}
[INFO ][2015-11-18 17:50:49,326][com.java.SeleniumDriver] [  857] - --------------------------setting values-----------------------------
[INFO ][2015-11-18 17:50:49,326][com.java.SeleniumDriver] [  860] - Action Type : click
[INFO ][2015-11-18 17:50:49,326][com.java.TestType] [ 4767] - Field ::XPH//button[text()='Constant']
[INFO ][2015-11-18 17:50:50,326][com.java.TestType] [ 4826] - BEFORE CLICK
[INFO ][2015-11-18 17:50:51,204][com.java.TestType] [ 4834] - Unable to click the object click constant
[INFO ][2015-11-18 17:50:51,204][com.java.SeleniumDriver] [  869] -  RESULT true
[INFO ][2015-11-18 17:50:51,204][com.java.SeleniumDriver] [ 1074] - ?   P A S S   ?
[INFO ][2015-11-18 17:50:51,204][com.java.SeleniumDriver] [  796] - ------------------------------------------
[INFO ][2015-11-18 17:50:51,204][com.java.SeleniumDriver] [  797] - Test case being Executed: 6
[INFO ][2015-11-18 17:50:51,204][com.java.SeleniumDriver] [  808] - Test step:28
[INFO ][2015-11-18 17:50:51,204][com.java.SeleniumDriver] [  820] - Datavalue is----------3
[INFO ][2015-11-18 17:50:51,204][com.java.SeleniumDriver] [  844] - DataField : XPH//button[text()='-']
[INFO ][2015-11-18 17:50:51,204][com.java.SeleniumDriver] [  846] - DataValue : 3
[INFO ][2015-11-18 17:50:51,204][com.java.SeleniumDriver] [  852] - <In Set values of the page>
[INFO ][2015-11-18 17:50:51,204][com.java.SeleniumDriver] [  855] - {Data Fields & Data Values Exist}
[INFO ][2015-11-18 17:50:51,204][com.java.SeleniumDriver] [  857] - --------------------------setting values-----------------------------
[INFO ][2015-11-18 17:50:51,204][com.java.SeleniumDriver] [  860] - Action Type : waitforelement
[INFO ][2015-11-18 17:50:51,227][com.java.SeleniumDriver] [  869] -  RESULT true
[INFO ][2015-11-18 17:50:51,227][com.java.SeleniumDriver] [ 1074] - ?   P A S S   ?
[INFO ][2015-11-18 17:50:51,227][com.java.SeleniumDriver] [  796] - ------------------------------------------
[INFO ][2015-11-18 17:50:51,227][com.java.SeleniumDriver] [  797] - Test case being Executed: 6
[INFO ][2015-11-18 17:50:51,227][com.java.SeleniumDriver] [  808] - Test step:29
[INFO ][2015-11-18 17:50:51,227][com.java.SeleniumDriver] [  820] - Datavalue is----------null
[DEBUG][2015-11-18 17:50:51,227][com.java.SeleniumDriver] [  838] - Exception: null
[INFO ][2015-11-18 17:50:51,227][com.java.SeleniumDriver] [  844] - DataField : XPH//button[text()='-']
[INFO ][2015-11-18 17:50:51,227][com.java.SeleniumDriver] [  846] - DataValue : 
[INFO ][2015-11-18 17:50:51,227][com.java.SeleniumDriver] [  852] - <In Set values of the page>
[INFO ][2015-11-18 17:50:51,228][com.java.SeleniumDriver] [  855] - {Data Fields & Data Values Exist}
[INFO ][2015-11-18 17:50:51,228][com.java.SeleniumDriver] [  857] - --------------------------setting values-----------------------------
[INFO ][2015-11-18 17:50:51,228][com.java.SeleniumDriver] [  860] - Action Type : click
[INFO ][2015-11-18 17:50:51,228][com.java.TestType] [ 4767] - Field ::XPH//button[text()='-']
[INFO ][2015-11-18 17:50:52,228][com.java.TestType] [ 4826] - BEFORE CLICK
[INFO ][2015-11-18 17:50:53,099][com.java.TestType] [ 4834] - Unable to click the object enter operator
[INFO ][2015-11-18 17:50:53,099][com.java.SeleniumDriver] [  869] -  RESULT true
[INFO ][2015-11-18 17:50:53,099][com.java.SeleniumDriver] [ 1074] - ?   P A S S   ?
[INFO ][2015-11-18 17:50:53,099][com.java.SeleniumDriver] [  796] - ------------------------------------------
[INFO ][2015-11-18 17:50:53,099][com.java.SeleniumDriver] [  797] - Test case being Executed: 6
[INFO ][2015-11-18 17:50:53,099][com.java.SeleniumDriver] [  808] - Test step:30
[INFO ][2015-11-18 17:50:53,099][com.java.SeleniumDriver] [  820] - Datavalue is----------3
[INFO ][2015-11-18 17:50:53,099][com.java.SeleniumDriver] [  844] - DataField : XPH//div[contains(@class, 'input-group btn-')]/input[contains(@class ,'ember-text-field form-')]
[INFO ][2015-11-18 17:50:53,101][com.java.SeleniumDriver] [  846] - DataValue : 3
[INFO ][2015-11-18 17:50:53,101][com.java.SeleniumDriver] [  852] - <In Set values of the page>
[INFO ][2015-11-18 17:50:53,101][com.java.SeleniumDriver] [  855] - {Data Fields & Data Values Exist}
[INFO ][2015-11-18 17:50:53,101][com.java.SeleniumDriver] [  857] - --------------------------setting values-----------------------------
[INFO ][2015-11-18 17:50:53,101][com.java.SeleniumDriver] [  860] - Action Type : waitforelement
[INFO ][2015-11-18 17:50:53,114][com.java.SeleniumDriver] [  869] -  RESULT true
[INFO ][2015-11-18 17:50:53,114][com.java.SeleniumDriver] [ 1074] - ?   P A S S   ?
[INFO ][2015-11-18 17:50:53,115][com.java.SeleniumDriver] [  796] - ------------------------------------------
[INFO ][2015-11-18 17:50:53,115][com.java.SeleniumDriver] [  797] - Test case being Executed: 6
[INFO ][2015-11-18 17:50:53,115][com.java.SeleniumDriver] [  808] - Test step:31
[INFO ][2015-11-18 17:50:53,115][com.java.SeleniumDriver] [  820] - Datavalue is----------5
[INFO ][2015-11-18 17:50:53,115][com.java.SeleniumDriver] [  844] - DataField : TXT//div[contains(@class, 'input-group btn-')]/input[contains(@class ,'ember-text-field form-')]
[INFO ][2015-11-18 17:50:53,115][com.java.SeleniumDriver] [  846] - DataValue : 5
[INFO ][2015-11-18 17:50:53,115][com.java.SeleniumDriver] [  852] - <In Set values of the page>
[INFO ][2015-11-18 17:50:53,115][com.java.SeleniumDriver] [  855] - {Data Fields & Data Values Exist}
[INFO ][2015-11-18 17:50:53,115][com.java.SeleniumDriver] [  857] - --------------------------setting values-----------------------------
[INFO ][2015-11-18 17:50:53,115][com.java.SeleniumDriver] [  860] - Action Type : enter
[INFO ][2015-11-18 17:50:53,115][com.java.TestType] [ 5087] - field = //div[contains(@class, 'input-group btn-')]/input[contains(@class ,'ember-text-field form-')]
[INFO ][2015-11-18 17:50:53,115][com.java.TestType] [ 4454] - value = 5
[INFO ][2015-11-18 17:50:53,510][com.java.SeleniumDriver] [  869] -  RESULT true
[INFO ][2015-11-18 17:50:53,510][com.java.SeleniumDriver] [ 1074] - ?   P A S S   ?
[INFO ][2015-11-18 17:50:53,510][com.java.SeleniumDriver] [  796] - ------------------------------------------
[INFO ][2015-11-18 17:50:53,510][com.java.SeleniumDriver] [  797] - Test case being Executed: 6
[INFO ][2015-11-18 17:50:53,510][com.java.SeleniumDriver] [  808] - Test step:32
[INFO ][2015-11-18 17:50:53,510][com.java.SeleniumDriver] [  820] - Datavalue is----------3
[INFO ][2015-11-18 17:50:53,510][com.java.SeleniumDriver] [  844] - DataField : XPH//button[text()='Constant']
[INFO ][2015-11-18 17:50:53,510][com.java.SeleniumDriver] [  846] - DataValue : 3
[INFO ][2015-11-18 17:50:53,510][com.java.SeleniumDriver] [  852] - <In Set values of the page>
[INFO ][2015-11-18 17:50:53,510][com.java.SeleniumDriver] [  855] - {Data Fields & Data Values Exist}
[INFO ][2015-11-18 17:50:53,510][com.java.SeleniumDriver] [  857] - --------------------------setting values-----------------------------
[INFO ][2015-11-18 17:50:53,511][com.java.SeleniumDriver] [  860] - Action Type : waitforelement
[INFO ][2015-11-18 17:50:53,563][com.java.SeleniumDriver] [  869] -  RESULT true
[INFO ][2015-11-18 17:50:53,563][com.java.SeleniumDriver] [ 1074] - ?   P A S S   ?
[INFO ][2015-11-18 17:50:53,563][com.java.SeleniumDriver] [  796] - ------------------------------------------
[INFO ][2015-11-18 17:50:53,563][com.java.SeleniumDriver] [  797] - Test case being Executed: 6
[INFO ][2015-11-18 17:50:53,563][com.java.SeleniumDriver] [  808] - Test step:33
[INFO ][2015-11-18 17:50:53,563][com.java.SeleniumDriver] [  820] - Datavalue is----------null
[DEBUG][2015-11-18 17:50:53,563][com.java.SeleniumDriver] [  838] - Exception: null
[INFO ][2015-11-18 17:50:53,563][com.java.SeleniumDriver] [  844] - DataField : XPH//button[text()='Constant']
[INFO ][2015-11-18 17:50:53,563][com.java.SeleniumDriver] [  846] - DataValue : 
[INFO ][2015-11-18 17:50:53,563][com.java.SeleniumDriver] [  852] - <In Set values of the page>
[INFO ][2015-11-18 17:50:53,563][com.java.SeleniumDriver] [  855] - {Data Fields & Data Values Exist}
[INFO ][2015-11-18 17:50:53,563][com.java.SeleniumDriver] [  857] - --------------------------setting values-----------------------------
[INFO ][2015-11-18 17:50:53,564][com.java.SeleniumDriver] [  860] - Action Type : click
[INFO ][2015-11-18 17:50:53,564][com.java.TestType] [ 4767] - Field ::XPH//button[text()='Constant']
[INFO ][2015-11-18 17:50:54,564][com.java.TestType] [ 4826] - BEFORE CLICK
[INFO ][2015-11-18 17:50:55,429][com.java.TestType] [ 4834] - Unable to click the object click constant
[INFO ][2015-11-18 17:50:55,429][com.java.SeleniumDriver] [  869] -  RESULT true
[INFO ][2015-11-18 17:50:55,429][com.java.SeleniumDriver] [ 1074] - ?   P A S S   ?
[INFO ][2015-11-18 17:50:55,429][com.java.SeleniumDriver] [  796] - ------------------------------------------
[INFO ][2015-11-18 17:50:55,429][com.java.SeleniumDriver] [  797] - Test case being Executed: 6
[INFO ][2015-11-18 17:50:55,429][com.java.SeleniumDriver] [  808] - Test step:34
[INFO ][2015-11-18 17:50:55,429][com.java.SeleniumDriver] [  820] - Datavalue is----------3
[INFO ][2015-11-18 17:50:55,429][com.java.SeleniumDriver] [  844] - DataField : XPH//button[contains(text(), 'Save')]
[INFO ][2015-11-18 17:50:55,429][com.java.SeleniumDriver] [  846] - DataValue : 3
[INFO ][2015-11-18 17:50:55,429][com.java.SeleniumDriver] [  852] - <In Set values of the page>
[INFO ][2015-11-18 17:50:55,429][com.java.SeleniumDriver] [  855] - {Data Fields & Data Values Exist}
[INFO ][2015-11-18 17:50:55,429][com.java.SeleniumDriver] [  857] - --------------------------setting values-----------------------------
[INFO ][2015-11-18 17:50:55,430][com.java.SeleniumDriver] [  860] - Action Type : waitforelement
[INFO ][2015-11-18 17:50:55,452][com.java.SeleniumDriver] [  869] -  RESULT true
[INFO ][2015-11-18 17:50:55,452][com.java.SeleniumDriver] [ 1074] - ?   P A S S   ?
[INFO ][2015-11-18 17:50:55,452][com.java.SeleniumDriver] [  796] - ------------------------------------------
[INFO ][2015-11-18 17:50:55,452][com.java.SeleniumDriver] [  797] - Test case being Executed: 6
[INFO ][2015-11-18 17:50:55,452][com.java.SeleniumDriver] [  808] - Test step:35
[INFO ][2015-11-18 17:50:55,452][com.java.SeleniumDriver] [  820] - Datavalue is----------null
[DEBUG][2015-11-18 17:50:55,452][com.java.SeleniumDriver] [  838] - Exception: null
[INFO ][2015-11-18 17:50:55,452][com.java.SeleniumDriver] [  844] - DataField : XPH//button[contains(text(), 'Save')]
[INFO ][2015-11-18 17:50:55,452][com.java.SeleniumDriver] [  846] - DataValue : 
[INFO ][2015-11-18 17:50:55,452][com.java.SeleniumDriver] [  852] - <In Set values of the page>
[INFO ][2015-11-18 17:50:55,452][com.java.SeleniumDriver] [  855] - {Data Fields & Data Values Exist}
[INFO ][2015-11-18 17:50:55,453][com.java.SeleniumDriver] [  857] - --------------------------setting values-----------------------------
[INFO ][2015-11-18 17:50:55,453][com.java.SeleniumDriver] [  860] - Action Type : ISENABLED
[INFO ][2015-11-18 17:50:55,453][com.java.TestType] [ 6648] - field= XPH//button[contains(text(), 'Save')]
[INFO ][2015-11-18 17:50:55,512][com.java.SeleniumDriver] [  869] -  RESULT true
[INFO ][2015-11-18 17:50:55,512][com.java.SeleniumDriver] [ 1074] - ?   P A S S   ?
[INFO ][2015-11-18 17:50:55,513][com.java.SeleniumDriver] [  796] - ------------------------------------------
[INFO ][2015-11-18 17:50:55,513][com.java.SeleniumDriver] [  797] - Test case being Executed: 6
[INFO ][2015-11-18 17:50:55,513][com.java.SeleniumDriver] [  808] - Test step:36
[INFO ][2015-11-18 17:50:55,513][com.java.SeleniumDriver] [  820] - Datavalue is----------null
[DEBUG][2015-11-18 17:50:55,513][com.java.SeleniumDriver] [  838] - Exception: null
[INFO ][2015-11-18 17:50:55,513][com.java.SeleniumDriver] [  844] - DataField : XPH//button[contains(text(), 'Save')]
[INFO ][2015-11-18 17:50:55,514][com.java.SeleniumDriver] [  846] - DataValue : 
[INFO ][2015-11-18 17:50:55,514][com.java.SeleniumDriver] [  852] - <In Set values of the page>
[INFO ][2015-11-18 17:50:55,514][com.java.SeleniumDriver] [  855] - {Data Fields & Data Values Exist}
[INFO ][2015-11-18 17:50:55,514][com.java.SeleniumDriver] [  857] - --------------------------setting values-----------------------------
[INFO ][2015-11-18 17:50:55,514][com.java.SeleniumDriver] [  860] - Action Type : click
[INFO ][2015-11-18 17:50:55,514][com.java.TestType] [ 4767] - Field ::XPH//button[contains(text(), 'Save')]
[INFO ][2015-11-18 17:50:56,514][com.java.TestType] [ 4826] - BEFORE CLICK
[INFO ][2015-11-18 17:50:57,513][com.java.TestType] [ 4834] - Unable to click the object save button
[INFO ][2015-11-18 17:50:57,513][com.java.SeleniumDriver] [  869] -  RESULT true
[INFO ][2015-11-18 17:50:57,513][com.java.SeleniumDriver] [ 1074] - ?   P A S S   ?
[INFO ][2015-11-18 17:50:57,513][com.java.SeleniumDriver] [  796] - ------------------------------------------
[INFO ][2015-11-18 17:50:57,513][com.java.SeleniumDriver] [  797] - Test case being Executed: 6
[INFO ][2015-11-18 17:50:57,513][com.java.SeleniumDriver] [  808] - Test step:37
[INFO ][2015-11-18 17:50:57,513][com.java.SeleniumDriver] [  820] - Datavalue is----------3
[INFO ][2015-11-18 17:50:57,513][com.java.SeleniumDriver] [  844] - DataField : XPH//a[contains(text(), 'Add Calculation')]
[INFO ][2015-11-18 17:50:57,513][com.java.SeleniumDriver] [  846] - DataValue : 3
[INFO ][2015-11-18 17:50:57,513][com.java.SeleniumDriver] [  852] - <In Set values of the page>
[INFO ][2015-11-18 17:50:57,513][com.java.SeleniumDriver] [  855] - {Data Fields & Data Values Exist}
[INFO ][2015-11-18 17:50:57,513][com.java.SeleniumDriver] [  857] - --------------------------setting values-----------------------------
[INFO ][2015-11-18 17:50:57,513][com.java.SeleniumDriver] [  860] - Action Type : waitforelement
[INFO ][2015-11-18 17:50:57,578][com.java.SeleniumDriver] [  869] -  RESULT true
[INFO ][2015-11-18 17:50:57,578][com.java.SeleniumDriver] [ 1074] - ?   P A S S   ?
[INFO ][2015-11-18 17:50:57,578][com.java.SeleniumDriver] [  796] - ------------------------------------------
[INFO ][2015-11-18 17:50:57,579][com.java.SeleniumDriver] [  797] - Test case being Executed: 6
[INFO ][2015-11-18 17:50:57,579][com.java.SeleniumDriver] [  808] - Test step:38
[INFO ][2015-11-18 17:50:57,579][com.java.SeleniumDriver] [  820] - Datavalue is----------HMVCalusing_Keys
[INFO ][2015-11-18 17:50:57,579][com.java.SeleniumDriver] [  844] - DataField : MSG
[INFO ][2015-11-18 17:50:57,579][com.java.SeleniumDriver] [  846] - DataValue : HMVCalusing_Keys
[INFO ][2015-11-18 17:50:57,579][com.java.SeleniumDriver] [  852] - <In Set values of the page>
[INFO ][2015-11-18 17:50:57,579][com.java.SeleniumDriver] [  855] - {Data Fields & Data Values Exist}
[INFO ][2015-11-18 17:50:57,579][com.java.SeleniumDriver] [  857] - --------------------------setting values-----------------------------
[INFO ][2015-11-18 17:50:57,579][com.java.SeleniumDriver] [  860] - Action Type : verify
[INFO ][2015-11-18 17:50:57,579][com.java.TestType] [ 5561] - field= MSG value= HMVCalusing_Keys
[INFO ][2015-11-18 17:50:57,579][com.java.TestType] [ 4454] - value = A_VLTest103997
[DEBUG][2015-11-18 17:50:57,579][com.java.TestType] [ 6330] - value :: A_VLTest103997
[INFO ][2015-11-18 17:50:57,603][com.java.SeleniumDriver] [  869] -  RESULT true
[INFO ][2015-11-18 17:50:57,603][com.java.SeleniumDriver] [ 1074] - ?   P A S S   ?
[INFO ][2015-11-18 17:50:57,603][com.java.SeleniumDriver] [  796] - ------------------------------------------
[INFO ][2015-11-18 17:50:57,604][com.java.SeleniumDriver] [  797] - Test case being Executed: 6
[INFO ][2015-11-18 17:50:57,604][com.java.SeleniumDriver] [  808] - Test step:39
[INFO ][2015-11-18 17:50:57,604][com.java.SeleniumDriver] [  820] - Datavalue is----------null
[DEBUG][2015-11-18 17:50:57,604][com.java.SeleniumDriver] [  838] - Exception: null
[INFO ][2015-11-18 17:50:57,604][com.java.SeleniumDriver] [  844] - DataField : XPH//a[contains(text(), 'Add Calculation')]
[INFO ][2015-11-18 17:50:57,604][com.java.SeleniumDriver] [  846] - DataValue : 
[INFO ][2015-11-18 17:50:57,604][com.java.SeleniumDriver] [  852] - <In Set values of the page>
[INFO ][2015-11-18 17:50:57,604][com.java.SeleniumDriver] [  855] - {Data Fields & Data Values Exist}
[INFO ][2015-11-18 17:50:57,604][com.java.SeleniumDriver] [  857] - --------------------------setting values-----------------------------
[INFO ][2015-11-18 17:50:57,604][com.java.SeleniumDriver] [  860] - Action Type : click
[INFO ][2015-11-18 17:50:57,604][com.java.TestType] [ 4767] - Field ::XPH//a[contains(text(), 'Add Calculation')]
[INFO ][2015-11-18 17:50:58,604][com.java.TestType] [ 4826] - BEFORE CLICK
[INFO ][2015-11-18 17:50:59,814][com.java.TestType] [ 4834] - Unable to click the object click on add button
[INFO ][2015-11-18 17:50:59,814][com.java.SeleniumDriver] [  869] -  RESULT true
[INFO ][2015-11-18 17:50:59,814][com.java.SeleniumDriver] [ 1074] - ?   P A S S   ?
[INFO ][2015-11-18 17:50:59,814][com.java.SeleniumDriver] [  796] - ------------------------------------------
[INFO ][2015-11-18 17:50:59,814][com.java.SeleniumDriver] [  797] - Test case being Executed: 6
[INFO ][2015-11-18 17:50:59,814][com.java.SeleniumDriver] [  808] - Test step:40
[INFO ][2015-11-18 17:50:59,814][com.java.SeleniumDriver] [  820] - Datavalue is----------3
[INFO ][2015-11-18 17:50:59,815][com.java.SeleniumDriver] [  844] - DataField : XPH//label[contains(text(), 'Dashboard Groups:')]
[INFO ][2015-11-18 17:50:59,815][com.java.SeleniumDriver] [  846] - DataValue : 3
[INFO ][2015-11-18 17:50:59,815][com.java.SeleniumDriver] [  852] - <In Set values of the page>
[INFO ][2015-11-18 17:50:59,815][com.java.SeleniumDriver] [  855] - {Data Fields & Data Values Exist}
[INFO ][2015-11-18 17:50:59,815][com.java.SeleniumDriver] [  857] - --------------------------setting values-----------------------------
[INFO ][2015-11-18 17:50:59,815][com.java.SeleniumDriver] [  860] - Action Type : waitforelement
[INFO ][2015-11-18 17:50:59,838][com.java.SeleniumDriver] [  869] -  RESULT true
[INFO ][2015-11-18 17:50:59,838][com.java.SeleniumDriver] [ 1074] - ?   P A S S   ?
[INFO ][2015-11-18 17:50:59,838][com.java.SeleniumDriver] [  796] - ------------------------------------------
[INFO ][2015-11-18 17:50:59,838][com.java.SeleniumDriver] [  797] - Test case being Executed: 6
[INFO ][2015-11-18 17:50:59,838][com.java.SeleniumDriver] [  808] - Test step:41
[INFO ][2015-11-18 17:50:59,838][com.java.SeleniumDriver] [  820] - Datavalue is----------null
[DEBUG][2015-11-18 17:50:59,838][com.java.SeleniumDriver] [  838] - Exception: null
[INFO ][2015-11-18 17:50:59,838][com.java.SeleniumDriver] [  844] - DataField : XPH//button[contains(text(), 'Save')]
[INFO ][2015-11-18 17:50:59,838][com.java.SeleniumDriver] [  846] - DataValue : 
[INFO ][2015-11-18 17:50:59,839][com.java.SeleniumDriver] [  852] - <In Set values of the page>
[INFO ][2015-11-18 17:50:59,839][com.java.SeleniumDriver] [  855] - {Data Fields & Data Values Exist}
[INFO ][2015-11-18 17:50:59,839][com.java.SeleniumDriver] [  857] - --------------------------setting values-----------------------------
[INFO ][2015-11-18 17:50:59,839][com.java.SeleniumDriver] [  860] - Action Type : ISDISABLED
[INFO ][2015-11-18 17:50:59,839][com.java.TestType] [ 6612] - field= XPH//button[contains(text(), 'Save')]
[INFO ][2015-11-18 17:50:59,906][com.java.SeleniumDriver] [  869] -  RESULT true
[INFO ][2015-11-18 17:50:59,906][com.java.SeleniumDriver] [ 1074] - ?   P A S S   ?
[INFO ][2015-11-18 17:50:59,906][com.java.SeleniumDriver] [  796] - ------------------------------------------
[INFO ][2015-11-18 17:50:59,906][com.java.SeleniumDriver] [  797] - Test case being Executed: 6
[INFO ][2015-11-18 17:50:59,907][com.java.SeleniumDriver] [  808] - Test step:42
[INFO ][2015-11-18 17:50:59,908][com.java.SeleniumDriver] [  820] - Datavalue is----------3
[INFO ][2015-11-18 17:50:59,908][com.java.SeleniumDriver] [  844] - DataField : XPH//select[contains(@class,'mber-select form-control')]
[INFO ][2015-11-18 17:50:59,908][com.java.SeleniumDriver] [  846] - DataValue : 3
[INFO ][2015-11-18 17:50:59,908][com.java.SeleniumDriver] [  852] - <In Set values of the page>
[INFO ][2015-11-18 17:50:59,908][com.java.SeleniumDriver] [  855] - {Data Fields & Data Values Exist}
[INFO ][2015-11-18 17:50:59,908][com.java.SeleniumDriver] [  857] - --------------------------setting values-----------------------------
[INFO ][2015-11-18 17:50:59,908][com.java.SeleniumDriver] [  860] - Action Type : waitforelement
[INFO ][2015-11-18 17:50:59,931][com.java.SeleniumDriver] [  869] -  RESULT true
[INFO ][2015-11-18 17:50:59,931][com.java.SeleniumDriver] [ 1074] - ?   P A S S   ?
[INFO ][2015-11-18 17:50:59,931][com.java.SeleniumDriver] [  796] - ------------------------------------------
[INFO ][2015-11-18 17:50:59,931][com.java.SeleniumDriver] [  797] - Test case being Executed: 6
[INFO ][2015-11-18 17:50:59,931][com.java.SeleniumDriver] [  808] - Test step:43
[INFO ][2015-11-18 17:50:59,931][com.java.SeleniumDriver] [  820] - Datavalue is----------null
[DEBUG][2015-11-18 17:50:59,931][com.java.SeleniumDriver] [  838] - Exception: null
[INFO ][2015-11-18 17:50:59,931][com.java.SeleniumDriver] [  844] - DataField : XPH//select[contains(@class,'mber-select form-control')]
[INFO ][2015-11-18 17:50:59,931][com.java.SeleniumDriver] [  846] - DataValue : 
[INFO ][2015-11-18 17:50:59,931][com.java.SeleniumDriver] [  852] - <In Set values of the page>
[INFO ][2015-11-18 17:50:59,931][com.java.SeleniumDriver] [  855] - {Data Fields & Data Values Exist}
[INFO ][2015-11-18 17:50:59,932][com.java.SeleniumDriver] [  857] - --------------------------setting values-----------------------------
[INFO ][2015-11-18 17:50:59,932][com.java.SeleniumDriver] [  860] - Action Type : click
[INFO ][2015-11-18 17:50:59,932][com.java.TestType] [ 4767] - Field ::XPH//select[contains(@class,'mber-select form-control')]
[INFO ][2015-11-18 17:51:00,932][com.java.TestType] [ 4826] - BEFORE CLICK
[INFO ][2015-11-18 17:51:01,833][com.java.TestType] [ 4834] - Unable to click the object dollar value dropdown
[INFO ][2015-11-18 17:51:01,833][com.java.SeleniumDriver] [  869] -  RESULT true
[INFO ][2015-11-18 17:51:01,833][com.java.SeleniumDriver] [ 1074] - ?   P A S S   ?
[INFO ][2015-11-18 17:51:01,833][com.java.SeleniumDriver] [  796] - ------------------------------------------
[INFO ][2015-11-18 17:51:01,833][com.java.SeleniumDriver] [  797] - Test case being Executed: 6
[INFO ][2015-11-18 17:51:01,833][com.java.SeleniumDriver] [  808] - Test step:44
[INFO ][2015-11-18 17:51:01,833][com.java.SeleniumDriver] [  820] - Datavalue is----------3
[INFO ][2015-11-18 17:51:01,833][com.java.SeleniumDriver] [  844] - DataField : XPH//select/option[contains(text(), 'Dollar ($)')]
[INFO ][2015-11-18 17:51:01,833][com.java.SeleniumDriver] [  846] - DataValue : 3
[INFO ][2015-11-18 17:51:01,833][com.java.SeleniumDriver] [  852] - <In Set values of the page>
[INFO ][2015-11-18 17:51:01,833][com.java.SeleniumDriver] [  855] - {Data Fields & Data Values Exist}
[INFO ][2015-11-18 17:51:01,833][com.java.SeleniumDriver] [  857] - --------------------------setting values-----------------------------
[INFO ][2015-11-18 17:51:01,833][com.java.SeleniumDriver] [  860] - Action Type : waitforelement
[INFO ][2015-11-18 17:51:01,856][com.java.SeleniumDriver] [  869] -  RESULT true
[INFO ][2015-11-18 17:51:01,856][com.java.SeleniumDriver] [ 1074] - ?   P A S S   ?
[INFO ][2015-11-18 17:51:01,856][com.java.SeleniumDriver] [  796] - ------------------------------------------
[INFO ][2015-11-18 17:51:01,856][com.java.SeleniumDriver] [  797] - Test case being Executed: 6
[INFO ][2015-11-18 17:51:01,856][com.java.SeleniumDriver] [  808] - Test step:45
[INFO ][2015-11-18 17:51:01,856][com.java.SeleniumDriver] [  820] - Datavalue is----------null
[DEBUG][2015-11-18 17:51:01,857][com.java.SeleniumDriver] [  838] - Exception: null
[INFO ][2015-11-18 17:51:01,857][com.java.SeleniumDriver] [  844] - DataField : XPH//select/option[contains(text(), 'Dollar ($)')]
[INFO ][2015-11-18 17:51:01,857][com.java.SeleniumDriver] [  846] - DataValue : 
[INFO ][2015-11-18 17:51:01,857][com.java.SeleniumDriver] [  852] - <In Set values of the page>
[INFO ][2015-11-18 17:51:01,857][com.java.SeleniumDriver] [  855] - {Data Fields & Data Values Exist}
[INFO ][2015-11-18 17:51:01,857][com.java.SeleniumDriver] [  857] - --------------------------setting values-----------------------------
[INFO ][2015-11-18 17:51:01,857][com.java.SeleniumDriver] [  860] - Action Type : click
[INFO ][2015-11-18 17:51:01,857][com.java.TestType] [ 4767] - Field ::XPH//select/option[contains(text(), 'Dollar ($)')]
[INFO ][2015-11-18 17:51:02,857][com.java.TestType] [ 4826] - BEFORE CLICK
[INFO ][2015-11-18 17:51:03,598][com.java.TestType] [ 4834] - Unable to click the object dollar value dropdown
[INFO ][2015-11-18 17:51:03,598][com.java.SeleniumDriver] [  869] -  RESULT true
[INFO ][2015-11-18 17:51:03,598][com.java.SeleniumDriver] [ 1074] - ?   P A S S   ?
[INFO ][2015-11-18 17:51:03,598][com.java.SeleniumDriver] [  796] - ------------------------------------------
[INFO ][2015-11-18 17:51:03,598][com.java.SeleniumDriver] [  797] - Test case being Executed: 6
[INFO ][2015-11-18 17:51:03,598][com.java.SeleniumDriver] [  808] - Test step:46
[INFO ][2015-11-18 17:51:03,598][com.java.SeleniumDriver] [  820] - Datavalue is----------RNDA_VLTest
[INFO ][2015-11-18 17:51:03,598][com.java.SeleniumDriver] [  844] - DataField : TXT//input[contains(@placeholder, 'Name your Calcu')]
[INFO ][2015-11-18 17:51:03,599][com.java.SeleniumDriver] [  846] - DataValue : RNDA_VLTest
[INFO ][2015-11-18 17:51:03,599][com.java.SeleniumDriver] [  852] - <In Set values of the page>
[INFO ][2015-11-18 17:51:03,599][com.java.SeleniumDriver] [  855] - {Data Fields & Data Values Exist}
[INFO ][2015-11-18 17:51:03,599][com.java.SeleniumDriver] [  857] - --------------------------setting values-----------------------------
[INFO ][2015-11-18 17:51:03,599][com.java.SeleniumDriver] [  860] - Action Type : enter
[INFO ][2015-11-18 17:51:03,599][com.java.TestType] [ 5087] - field = //input[contains(@placeholder, 'Name your Calcu')]
[INFO ][2015-11-18 17:51:03,599][com.java.TestType] [ 4454] - value = A_VLTest24615
[INFO ][2015-11-18 17:51:04,530][com.java.SeleniumDriver] [  869] -  RESULT true
[INFO ][2015-11-18 17:51:04,530][com.java.SeleniumDriver] [ 1074] - ?   P A S S   ?
[INFO ][2015-11-18 17:51:04,530][com.java.SeleniumDriver] [  796] - ------------------------------------------
[INFO ][2015-11-18 17:51:04,530][com.java.SeleniumDriver] [  797] - Test case being Executed: 6
[INFO ][2015-11-18 17:51:04,530][com.java.SeleniumDriver] [  808] - Test step:47
[INFO ][2015-11-18 17:51:04,530][com.java.SeleniumDriver] [  820] - Datavalue is----------Cal_Using_Precustoms
[INFO ][2015-11-18 17:51:04,530][com.java.SeleniumDriver] [  844] - DataField : TXT//input[contains(@placeholder, 'Name your Calcu')]
[INFO ][2015-11-18 17:51:04,531][com.java.SeleniumDriver] [  846] - DataValue : Cal_Using_Precustoms
[INFO ][2015-11-18 17:51:04,531][com.java.SeleniumDriver] [  852] - <In Set values of the page>
[INFO ][2015-11-18 17:51:04,531][com.java.SeleniumDriver] [  855] - {Data Fields & Data Values Exist}
[INFO ][2015-11-18 17:51:04,531][com.java.SeleniumDriver] [  857] - --------------------------setting values-----------------------------
[INFO ][2015-11-18 17:51:04,531][com.java.SeleniumDriver] [  860] - Action Type : STOREVALUE
[INFO ][2015-11-18 17:51:04,531][com.java.TestType] [ 6687] - field= TXT//input[contains(@placeholder, 'Name your Calcu')]
[DEBUG][2015-11-18 17:51:04,608][com.java.TestType] [ 6701] - Key:: Cal_Using_Precustoms  Value:: A_VLTest24615
[INFO ][2015-11-18 17:51:04,608][com.java.SeleniumDriver] [  869] -  RESULT true
[INFO ][2015-11-18 17:51:04,608][com.java.SeleniumDriver] [ 1074] - ?   P A S S   ?
[INFO ][2015-11-18 17:51:04,608][com.java.SeleniumDriver] [  796] - ------------------------------------------
[INFO ][2015-11-18 17:51:04,608][com.java.SeleniumDriver] [  797] - Test case being Executed: 6
[INFO ][2015-11-18 17:51:04,608][com.java.SeleniumDriver] [  808] - Test step:48
[INFO ][2015-11-18 17:51:04,608][com.java.SeleniumDriver] [  820] - Datavalue is----------//div[@id='group-list']/ul/li[2]//a
[INFO ][2015-11-18 17:51:04,608][com.java.SeleniumDriver] [  844] - DataField : BTN
[INFO ][2015-11-18 17:51:04,608][com.java.SeleniumDriver] [  846] - DataValue : //div[@id='group-list']/ul/li[2]//a
[INFO ][2015-11-18 17:51:04,608][com.java.SeleniumDriver] [  852] - <In Set values of the page>
[INFO ][2015-11-18 17:51:04,608][com.java.SeleniumDriver] [  855] - {Data Fields & Data Values Exist}
[INFO ][2015-11-18 17:51:04,608][com.java.SeleniumDriver] [  857] - --------------------------setting values-----------------------------
[INFO ][2015-11-18 17:51:04,608][com.java.SeleniumDriver] [  860] - Action Type : verify
[INFO ][2015-11-18 17:51:04,609][com.java.TestType] [ 5561] - field= BTN value= //div[@id='group-list']/ul/li[2]//a
[INFO ][2015-11-18 17:51:04,609][com.java.TestType] [ 4454] - value = //div[@id='group-list']/ul/li[2]//a
[INFO ][2015-11-18 17:51:04,631][com.java.SeleniumDriver] [  869] -  RESULT true
[INFO ][2015-11-18 17:51:04,631][com.java.SeleniumDriver] [ 1074] - ?   P A S S   ?
[INFO ][2015-11-18 17:51:04,631][com.java.SeleniumDriver] [  796] - ------------------------------------------
[INFO ][2015-11-18 17:51:04,631][com.java.SeleniumDriver] [  797] - Test case being Executed: 6
[INFO ][2015-11-18 17:51:04,631][com.java.SeleniumDriver] [  808] - Test step:49
[INFO ][2015-11-18 17:51:04,631][com.java.SeleniumDriver] [  820] - Datavalue is----------null
[DEBUG][2015-11-18 17:51:04,631][com.java.SeleniumDriver] [  838] - Exception: null
[INFO ][2015-11-18 17:51:04,631][com.java.SeleniumDriver] [  844] - DataField : XPH//div[@id='group-list']/ul/li[2]//a
[INFO ][2015-11-18 17:51:04,631][com.java.SeleniumDriver] [  846] - DataValue : 
[INFO ][2015-11-18 17:51:04,631][com.java.SeleniumDriver] [  852] - <In Set values of the page>
[INFO ][2015-11-18 17:51:04,631][com.java.SeleniumDriver] [  855] - {Data Fields & Data Values Exist}
[INFO ][2015-11-18 17:51:04,631][com.java.SeleniumDriver] [  857] - --------------------------setting values-----------------------------
[INFO ][2015-11-18 17:51:04,632][com.java.SeleniumDriver] [  860] - Action Type : CLICK
[INFO ][2015-11-18 17:51:04,632][com.java.TestType] [ 4767] - Field ::XPH//div[@id='group-list']/ul/li[2]//a
[INFO ][2015-11-18 17:51:05,632][com.java.TestType] [ 4826] - BEFORE CLICK
[INFO ][2015-11-18 17:51:06,694][com.java.TestType] [ 4834] - Unable to click the object calculation name field
[INFO ][2015-11-18 17:51:06,694][com.java.SeleniumDriver] [  869] -  RESULT true
[INFO ][2015-11-18 17:51:06,694][com.java.SeleniumDriver] [ 1074] - ?   P A S S   ?
[INFO ][2015-11-18 17:51:06,694][com.java.SeleniumDriver] [  796] - ------------------------------------------
[INFO ][2015-11-18 17:51:06,694][com.java.SeleniumDriver] [  797] - Test case being Executed: 6
[INFO ][2015-11-18 17:51:06,694][com.java.SeleniumDriver] [  808] - Test step:50
[INFO ][2015-11-18 17:51:06,694][com.java.SeleniumDriver] [  820] - Datavalue is----------3
[INFO ][2015-11-18 17:51:06,694][com.java.SeleniumDriver] [  844] - DataField : XPH//a[contains(text(),'Non-Interest Bearing Deposits')]
[INFO ][2015-11-18 17:51:06,694][com.java.SeleniumDriver] [  846] - DataValue : 3
[INFO ][2015-11-18 17:51:06,694][com.java.SeleniumDriver] [  852] - <In Set values of the page>
[INFO ][2015-11-18 17:51:06,694][com.java.SeleniumDriver] [  855] - {Data Fields & Data Values Exist}
[INFO ][2015-11-18 17:51:06,694][com.java.SeleniumDriver] [  857] - --------------------------setting values-----------------------------
[INFO ][2015-11-18 17:51:06,694][com.java.SeleniumDriver] [  860] - Action Type : waitforelement
[INFO ][2015-11-18 17:51:06,747][com.java.SeleniumDriver] [  869] -  RESULT true
[INFO ][2015-11-18 17:51:06,747][com.java.SeleniumDriver] [ 1074] - ?   P A S S   ?
[INFO ][2015-11-18 17:51:06,747][com.java.SeleniumDriver] [  796] - ------------------------------------------
[INFO ][2015-11-18 17:51:06,747][com.java.SeleniumDriver] [  797] - Test case being Executed: 6
[INFO ][2015-11-18 17:51:06,747][com.java.SeleniumDriver] [  808] - Test step:51
[INFO ][2015-11-18 17:51:06,747][com.java.SeleniumDriver] [  820] - Datavalue is----------//div[contains(@class, 'expression ui-droppable')]/span
[INFO ][2015-11-18 17:51:06,747][com.java.SeleniumDriver] [  844] - DataField : //a[contains(text(),'Non-Interest Bearing Deposits')]
[INFO ][2015-11-18 17:51:06,747][com.java.SeleniumDriver] [  846] - DataValue : //div[contains(@class, 'expression ui-droppable')]/span
[INFO ][2015-11-18 17:51:06,747][com.java.SeleniumDriver] [  852] - <In Set values of the page>
[INFO ][2015-11-18 17:51:06,747][com.java.SeleniumDriver] [  855] - {Data Fields & Data Values Exist}
[INFO ][2015-11-18 17:51:06,747][com.java.SeleniumDriver] [  857] - --------------------------setting values-----------------------------
[INFO ][2015-11-18 17:51:06,747][com.java.SeleniumDriver] [  860] - Action Type : DRAGANDDROP
[INFO ][2015-11-18 17:51:07,912][com.java.SeleniumDriver] [  869] -  RESULT true
[INFO ][2015-11-18 17:51:07,912][com.java.SeleniumDriver] [ 1074] - ?   P A S S   ?
[INFO ][2015-11-18 17:51:07,912][com.java.SeleniumDriver] [  796] - ------------------------------------------
[INFO ][2015-11-18 17:51:07,912][com.java.SeleniumDriver] [  797] - Test case being Executed: 6
[INFO ][2015-11-18 17:51:07,912][com.java.SeleniumDriver] [  808] - Test step:52
[INFO ][2015-11-18 17:51:07,912][com.java.SeleniumDriver] [  820] - Datavalue is----------null
[DEBUG][2015-11-18 17:51:07,912][com.java.SeleniumDriver] [  838] - Exception: null
[INFO ][2015-11-18 17:51:07,912][com.java.SeleniumDriver] [  844] - DataField : XPH//button[text()='+']
[INFO ][2015-11-18 17:51:07,912][com.java.SeleniumDriver] [  846] - DataValue : 
[INFO ][2015-11-18 17:51:07,912][com.java.SeleniumDriver] [  852] - <In Set values of the page>
[INFO ][2015-11-18 17:51:07,912][com.java.SeleniumDriver] [  855] - {Data Fields & Data Values Exist}
[INFO ][2015-11-18 17:51:07,912][com.java.SeleniumDriver] [  857] - --------------------------setting values-----------------------------
[INFO ][2015-11-18 17:51:07,912][com.java.SeleniumDriver] [  860] - Action Type : click
[INFO ][2015-11-18 17:51:07,913][com.java.TestType] [ 4767] - Field ::XPH//button[text()='+']
[INFO ][2015-11-18 17:51:08,913][com.java.TestType] [ 4826] - BEFORE CLICK
[INFO ][2015-11-18 17:51:09,761][com.java.TestType] [ 4834] - Unable to click the object enter operator
[INFO ][2015-11-18 17:51:09,761][com.java.SeleniumDriver] [  869] -  RESULT true
[INFO ][2015-11-18 17:51:09,761][com.java.SeleniumDriver] [ 1074] - ?   P A S S   ?
[INFO ][2015-11-18 17:51:09,761][com.java.SeleniumDriver] [  796] - ------------------------------------------
[INFO ][2015-11-18 17:51:09,761][com.java.SeleniumDriver] [  797] - Test case being Executed: 6
[INFO ][2015-11-18 17:51:09,761][com.java.SeleniumDriver] [  808] - Test step:53
[INFO ][2015-11-18 17:51:09,761][com.java.SeleniumDriver] [  820] - Datavalue is----------//div[@class="ember-view alert alert-info expression ui-droppable"]
[INFO ][2015-11-18 17:51:09,761][com.java.SeleniumDriver] [  844] - DataField : //a[contains(text(),'Interest bearing demand deposits')]
[INFO ][2015-11-18 17:51:09,761][com.java.SeleniumDriver] [  846] - DataValue : //div[@class="ember-view alert alert-info expression ui-droppable"]
[INFO ][2015-11-18 17:51:09,761][com.java.SeleniumDriver] [  852] - <In Set values of the page>
[INFO ][2015-11-18 17:51:09,761][com.java.SeleniumDriver] [  855] - {Data Fields & Data Values Exist}
[INFO ][2015-11-18 17:51:09,761][com.java.SeleniumDriver] [  857] - --------------------------setting values-----------------------------
[INFO ][2015-11-18 17:51:09,761][com.java.SeleniumDriver] [  860] - Action Type : DRAGANDDROP
[INFO ][2015-11-18 17:51:10,668][com.java.SeleniumDriver] [  869] -  RESULT true
[INFO ][2015-11-18 17:51:10,669][com.java.SeleniumDriver] [ 1074] - ?   P A S S   ?
[INFO ][2015-11-18 17:51:10,669][com.java.SeleniumDriver] [  796] - ------------------------------------------
[INFO ][2015-11-18 17:51:10,669][com.java.SeleniumDriver] [  797] - Test case being Executed: 6
[INFO ][2015-11-18 17:51:10,669][com.java.SeleniumDriver] [  808] - Test step:54
[INFO ][2015-11-18 17:51:10,669][com.java.SeleniumDriver] [  820] - Datavalue is----------3
[INFO ][2015-11-18 17:51:10,669][com.java.SeleniumDriver] [  844] - DataField : XPH//button[contains(text(), 'Save')]
[INFO ][2015-11-18 17:51:10,669][com.java.SeleniumDriver] [  846] - DataValue : 3
[INFO ][2015-11-18 17:51:10,669][com.java.SeleniumDriver] [  852] - <In Set values of the page>
[INFO ][2015-11-18 17:51:10,669][com.java.SeleniumDriver] [  855] - {Data Fields & Data Values Exist}
[INFO ][2015-11-18 17:51:10,669][com.java.SeleniumDriver] [  857] - --------------------------setting values-----------------------------
[INFO ][2015-11-18 17:51:10,669][com.java.SeleniumDriver] [  860] - Action Type : waitforelement
[INFO ][2015-11-18 17:51:10,712][com.java.SeleniumDriver] [  869] -  RESULT true
[INFO ][2015-11-18 17:51:10,712][com.java.SeleniumDriver] [ 1074] - ?   P A S S   ?
[INFO ][2015-11-18 17:51:10,712][com.java.SeleniumDriver] [  796] - ------------------------------------------
[INFO ][2015-11-18 17:51:10,712][com.java.SeleniumDriver] [  797] - Test case being Executed: 6
[INFO ][2015-11-18 17:51:10,712][com.java.SeleniumDriver] [  808] - Test step:55
[INFO ][2015-11-18 17:51:10,712][com.java.SeleniumDriver] [  820] - Datavalue is----------null
[DEBUG][2015-11-18 17:51:10,712][com.java.SeleniumDriver] [  838] - Exception: null
[INFO ][2015-11-18 17:51:10,712][com.java.SeleniumDriver] [  844] - DataField : XPH//button[contains(text(), 'Save')]
[INFO ][2015-11-18 17:51:10,712][com.java.SeleniumDriver] [  846] - DataValue : 
[INFO ][2015-11-18 17:51:10,712][com.java.SeleniumDriver] [  852] - <In Set values of the page>
[INFO ][2015-11-18 17:51:10,712][com.java.SeleniumDriver] [  855] - {Data Fields & Data Values Exist}
[INFO ][2015-11-18 17:51:10,713][com.java.SeleniumDriver] [  857] - --------------------------setting values-----------------------------
[INFO ][2015-11-18 17:51:10,713][com.java.SeleniumDriver] [  860] - Action Type : ISENABLED
[INFO ][2015-11-18 17:51:10,713][com.java.TestType] [ 6648] - field= XPH//button[contains(text(), 'Save')]
[INFO ][2015-11-18 17:51:10,769][com.java.SeleniumDriver] [  869] -  RESULT true
[INFO ][2015-11-18 17:51:10,769][com.java.SeleniumDriver] [ 1074] - ?   P A S S   ?
[INFO ][2015-11-18 17:51:10,769][com.java.SeleniumDriver] [  796] - ------------------------------------------
[INFO ][2015-11-18 17:51:10,769][com.java.SeleniumDriver] [  797] - Test case being Executed: 6
[INFO ][2015-11-18 17:51:10,769][com.java.SeleniumDriver] [  808] - Test step:56
[INFO ][2015-11-18 17:51:10,769][com.java.SeleniumDriver] [  820] - Datavalue is----------null
[DEBUG][2015-11-18 17:51:10,769][com.java.SeleniumDriver] [  838] - Exception: null
[INFO ][2015-11-18 17:51:10,769][com.java.SeleniumDriver] [  844] - DataField : XPH//button[contains(text(), 'Save')]
[INFO ][2015-11-18 17:51:10,769][com.java.SeleniumDriver] [  846] - DataValue : 
[INFO ][2015-11-18 17:51:10,769][com.java.SeleniumDriver] [  852] - <In Set values of the page>
[INFO ][2015-11-18 17:51:10,769][com.java.SeleniumDriver] [  855] - {Data Fields & Data Values Exist}
[INFO ][2015-11-18 17:51:10,770][com.java.SeleniumDriver] [  857] - --------------------------setting values-----------------------------
[INFO ][2015-11-18 17:51:10,770][com.java.SeleniumDriver] [  860] - Action Type : click
[INFO ][2015-11-18 17:51:10,770][com.java.TestType] [ 4767] - Field ::XPH//button[contains(text(), 'Save')]
[INFO ][2015-11-18 17:51:11,770][com.java.TestType] [ 4826] - BEFORE CLICK
[INFO ][2015-11-18 17:51:12,698][com.java.TestType] [ 4834] - Unable to click the object save button
[INFO ][2015-11-18 17:51:12,698][com.java.SeleniumDriver] [  869] -  RESULT true
[INFO ][2015-11-18 17:51:12,698][com.java.SeleniumDriver] [ 1074] - ?   P A S S   ?
[INFO ][2015-11-18 17:51:12,698][com.java.SeleniumDriver] [  796] - ------------------------------------------
[INFO ][2015-11-18 17:51:12,698][com.java.SeleniumDriver] [  797] - Test case being Executed: 6
[INFO ][2015-11-18 17:51:12,698][com.java.SeleniumDriver] [  808] - Test step:57
[INFO ][2015-11-18 17:51:12,698][com.java.SeleniumDriver] [  820] - Datavalue is----------3
[INFO ][2015-11-18 17:51:12,698][com.java.SeleniumDriver] [  844] - DataField : XPH//a[contains(text(), 'Add Calculation')]
[INFO ][2015-11-18 17:51:12,698][com.java.SeleniumDriver] [  846] - DataValue : 3
[INFO ][2015-11-18 17:51:12,698][com.java.SeleniumDriver] [  852] - <In Set values of the page>
[INFO ][2015-11-18 17:51:12,698][com.java.SeleniumDriver] [  855] - {Data Fields & Data Values Exist}
[INFO ][2015-11-18 17:51:12,698][com.java.SeleniumDriver] [  857] - --------------------------setting values-----------------------------
[INFO ][2015-11-18 17:51:12,698][com.java.SeleniumDriver] [  860] - Action Type : waitforelement
[INFO ][2015-11-18 17:51:12,722][com.java.SeleniumDriver] [  869] -  RESULT true
[INFO ][2015-11-18 17:51:12,722][com.java.SeleniumDriver] [ 1074] - ?   P A S S   ?
[INFO ][2015-11-18 17:51:12,722][com.java.SeleniumDriver] [  796] - ------------------------------------------
[INFO ][2015-11-18 17:51:12,722][com.java.SeleniumDriver] [  797] - Test case being Executed: 6
[INFO ][2015-11-18 17:51:12,722][com.java.SeleniumDriver] [  808] - Test step:58
[INFO ][2015-11-18 17:51:12,722][com.java.SeleniumDriver] [  820] - Datavalue is----------HMVCal_Using_Precustoms
[INFO ][2015-11-18 17:51:12,722][com.java.SeleniumDriver] [  844] - DataField : MSG
[INFO ][2015-11-18 17:51:12,722][com.java.SeleniumDriver] [  846] - DataValue : HMVCal_Using_Precustoms
[INFO ][2015-11-18 17:51:12,722][com.java.SeleniumDriver] [  852] - <In Set values of the page>
[INFO ][2015-11-18 17:51:12,722][com.java.SeleniumDriver] [  855] - {Data Fields & Data Values Exist}
[INFO ][2015-11-18 17:51:12,722][com.java.SeleniumDriver] [  857] - --------------------------setting values-----------------------------
[INFO ][2015-11-18 17:51:12,722][com.java.SeleniumDriver] [  860] - Action Type : verify
[INFO ][2015-11-18 17:51:12,723][com.java.TestType] [ 5561] - field= MSG value= HMVCal_Using_Precustoms
[INFO ][2015-11-18 17:51:12,723][com.java.TestType] [ 4454] - value = A_VLTest24615
[DEBUG][2015-11-18 17:51:12,723][com.java.TestType] [ 6330] - value :: A_VLTest24615
[INFO ][2015-11-18 17:51:12,736][com.java.SeleniumDriver] [  869] -  RESULT true
[INFO ][2015-11-18 17:51:12,736][com.java.SeleniumDriver] [ 1074] - ?   P A S S   ?
[INFO ][2015-11-18 17:51:12,736][com.java.SeleniumDriver] [  796] - ------------------------------------------
[INFO ][2015-11-18 17:51:12,736][com.java.SeleniumDriver] [  797] - Test case being Executed: 6
[INFO ][2015-11-18 17:51:12,736][com.java.SeleniumDriver] [  808] - Test step:59
[INFO ][2015-11-18 17:51:12,736][com.java.SeleniumDriver] [  820] - Datavalue is----------null
[DEBUG][2015-11-18 17:51:12,736][com.java.SeleniumDriver] [  838] - Exception: null
[INFO ][2015-11-18 17:51:12,736][com.java.SeleniumDriver] [  844] - DataField : BTNparent
[INFO ][2015-11-18 17:51:12,736][com.java.SeleniumDriver] [  846] - DataValue : 
[INFO ][2015-11-18 17:51:12,737][com.java.SeleniumDriver] [  852] - <In Set values of the page>
[INFO ][2015-11-18 17:51:12,737][com.java.SeleniumDriver] [  855] - {Data Fields & Data Values Exist}
[INFO ][2015-11-18 17:51:12,737][com.java.SeleniumDriver] [  857] - --------------------------setting values-----------------------------
[INFO ][2015-11-18 17:51:12,737][com.java.SeleniumDriver] [  860] - Action Type : SELECTFRAME
[INFO ][2015-11-18 17:51:12,750][com.java.SeleniumDriver] [  869] -  RESULT true
[INFO ][2015-11-18 17:51:12,750][com.java.SeleniumDriver] [ 1074] - ?   P A S S   ?
[INFO ][2015-11-18 17:51:12,750][com.java.SeleniumDriver] [  796] - ------------------------------------------
[INFO ][2015-11-18 17:51:12,750][com.java.SeleniumDriver] [  797] - Test case being Executed: 6
[INFO ][2015-11-18 17:51:12,750][com.java.SeleniumDriver] [  808] - Test step:60
[INFO ][2015-11-18 17:51:12,750][com.java.SeleniumDriver] [  820] - Datavalue is----------CNS
[INFO ][2015-11-18 17:51:12,750][com.java.SeleniumDriver] [  844] - DataField : BNK//select[@id='bank']
[INFO ][2015-11-18 17:51:12,750][com.java.SeleniumDriver] [  846] - DataValue : CNS
[INFO ][2015-11-18 17:51:12,750][com.java.SeleniumDriver] [  852] - <In Set values of the page>
[INFO ][2015-11-18 17:51:12,750][com.java.SeleniumDriver] [  855] - {Data Fields & Data Values Exist}
[INFO ][2015-11-18 17:51:12,750][com.java.SeleniumDriver] [  857] - --------------------------setting values-----------------------------
[INFO ][2015-11-18 17:51:12,750][com.java.SeleniumDriver] [  860] - Action Type : SELECT
[INFO ][2015-11-18 17:51:12,750][com.java.TestType] [ 4454] - value = CNS
[INFO ][2015-11-18 17:51:13,338][com.java.SeleniumDriver] [  869] -  RESULT true
[INFO ][2015-11-18 17:51:13,339][com.java.SeleniumDriver] [ 1074] - ?   P A S S   ?
[INFO ][2015-11-18 17:51:13,339][com.java.SeleniumDriver] [  796] - ------------------------------------------
[INFO ][2015-11-18 17:51:13,339][com.java.SeleniumDriver] [  797] - Test case being Executed: 6
[INFO ][2015-11-18 17:51:13,339][com.java.SeleniumDriver] [  808] - Test step:61
[INFO ][2015-11-18 17:51:13,339][com.java.SeleniumDriver] [  820] - Datavalue is----------3
[INFO ][2015-11-18 17:51:13,339][com.java.SeleniumDriver] [  844] - DataField : XPH//div[contains(text(),'My Dashboard')]
[INFO ][2015-11-18 17:51:13,339][com.java.SeleniumDriver] [  846] - DataValue : 3
[INFO ][2015-11-18 17:51:13,339][com.java.SeleniumDriver] [  852] - <In Set values of the page>
[INFO ][2015-11-18 17:51:13,339][com.java.SeleniumDriver] [  855] - {Data Fields & Data Values Exist}
[INFO ][2015-11-18 17:51:13,341][com.java.SeleniumDriver] [  857] - --------------------------setting values-----------------------------
[INFO ][2015-11-18 17:51:13,341][com.java.SeleniumDriver] [  860] - Action Type : waitforelement
[INFO ][2015-11-18 17:51:13,424][com.java.SeleniumDriver] [  869] -  RESULT true
[INFO ][2015-11-18 17:51:13,424][com.java.SeleniumDriver] [ 1074] - ?   P A S S   ?
[INFO ][2015-11-18 17:51:13,424][com.java.SeleniumDriver] [  796] - ------------------------------------------
[INFO ][2015-11-18 17:51:13,424][com.java.SeleniumDriver] [  797] - Test case being Executed: 6
[INFO ][2015-11-18 17:51:13,424][com.java.SeleniumDriver] [  808] - Test step:62
[INFO ][2015-11-18 17:51:13,424][com.java.SeleniumDriver] [  820] - Datavalue is----------My Dashboard
[INFO ][2015-11-18 17:51:13,424][com.java.SeleniumDriver] [  844] - DataField : MSG
[INFO ][2015-11-18 17:51:13,424][com.java.SeleniumDriver] [  846] - DataValue : My Dashboard
[INFO ][2015-11-18 17:51:13,424][com.java.SeleniumDriver] [  852] - <In Set values of the page>
[INFO ][2015-11-18 17:51:13,424][com.java.SeleniumDriver] [  855] - {Data Fields & Data Values Exist}
[INFO ][2015-11-18 17:51:13,424][com.java.SeleniumDriver] [  857] - --------------------------setting values-----------------------------
[INFO ][2015-11-18 17:51:13,424][com.java.SeleniumDriver] [  860] - Action Type : Verify
[INFO ][2015-11-18 17:51:13,425][com.java.TestType] [ 5561] - field= MSG value= My Dashboard
[INFO ][2015-11-18 17:51:13,425][com.java.TestType] [ 4454] - value = My Dashboard
[DEBUG][2015-11-18 17:51:13,425][com.java.TestType] [ 6330] - value :: My Dashboard
[INFO ][2015-11-18 17:51:13,523][com.java.SeleniumDriver] [  869] -  RESULT true
[INFO ][2015-11-18 17:51:13,523][com.java.SeleniumDriver] [ 1074] - ?   P A S S   ?
[INFO ][2015-11-18 17:51:13,523][com.java.SeleniumDriver] [  796] - ------------------------------------------
[INFO ][2015-11-18 17:51:13,523][com.java.SeleniumDriver] [  797] - Test case being Executed: 6
[INFO ][2015-11-18 17:51:13,523][com.java.SeleniumDriver] [  808] - Test step:63
[INFO ][2015-11-18 17:51:13,523][com.java.SeleniumDriver] [  820] - Datavalue is----------null
[DEBUG][2015-11-18 17:51:13,525][com.java.SeleniumDriver] [  838] - Exception: null
[INFO ][2015-11-18 17:51:13,525][com.java.SeleniumDriver] [  844] - DataField : //span[@class='icon-hammer']&&//a[text()='Custom Calculations']
[INFO ][2015-11-18 17:51:13,525][com.java.SeleniumDriver] [  846] - DataValue : 
[INFO ][2015-11-18 17:51:13,525][com.java.SeleniumDriver] [  852] - <In Set values of the page>
[INFO ][2015-11-18 17:51:13,525][com.java.SeleniumDriver] [  855] - {Data Fields & Data Values Exist}
[INFO ][2015-11-18 17:51:13,525][com.java.SeleniumDriver] [  857] - --------------------------setting values-----------------------------
[INFO ][2015-11-18 17:51:13,525][com.java.SeleniumDriver] [  860] - Action Type : MOUSEOVER
[INFO ][2015-11-18 17:51:44,910][com.java.SeleniumDriver] [  869] -  RESULT true
[INFO ][2015-11-18 17:51:44,910][com.java.SeleniumDriver] [ 1074] - ?   P A S S   ?
[INFO ][2015-11-18 17:51:44,910][com.java.SeleniumDriver] [  796] - ------------------------------------------
[INFO ][2015-11-18 17:51:44,910][com.java.SeleniumDriver] [  797] - Test case being Executed: 6
[INFO ][2015-11-18 17:51:44,910][com.java.SeleniumDriver] [  808] - Test step:64
[INFO ][2015-11-18 17:51:44,910][com.java.SeleniumDriver] [  820] - Datavalue is----------null
[DEBUG][2015-11-18 17:51:44,910][com.java.SeleniumDriver] [  838] - Exception: null
[INFO ][2015-11-18 17:51:44,910][com.java.SeleniumDriver] [  844] - DataField : BTN//iframe[@class='frameTabContent']
[INFO ][2015-11-18 17:51:44,910][com.java.SeleniumDriver] [  846] - DataValue : 
[INFO ][2015-11-18 17:51:44,910][com.java.SeleniumDriver] [  852] - <In Set values of the page>
[INFO ][2015-11-18 17:51:44,911][com.java.SeleniumDriver] [  855] - {Data Fields & Data Values Exist}
[INFO ][2015-11-18 17:51:44,911][com.java.SeleniumDriver] [  857] - --------------------------setting values-----------------------------
[INFO ][2015-11-18 17:51:44,911][com.java.SeleniumDriver] [  860] - Action Type : SELECTFRAME
[INFO ][2015-11-18 17:51:44,998][com.java.SeleniumDriver] [  869] -  RESULT true
[INFO ][2015-11-18 17:51:44,998][com.java.SeleniumDriver] [ 1074] - ?   P A S S   ?
[INFO ][2015-11-18 17:51:44,998][com.java.SeleniumDriver] [  796] - ------------------------------------------
[INFO ][2015-11-18 17:51:44,998][com.java.SeleniumDriver] [  797] - Test case being Executed: 6
[INFO ][2015-11-18 17:51:44,998][com.java.SeleniumDriver] [  808] - Test step:65
[INFO ][2015-11-18 17:51:44,998][com.java.SeleniumDriver] [  820] - Datavalue is----------Custom Calculations
[INFO ][2015-11-18 17:51:44,998][com.java.SeleniumDriver] [  844] - DataField : XPH//h1[contains(text(), 'Custom Calculations')]
[INFO ][2015-11-18 17:51:44,998][com.java.SeleniumDriver] [  846] - DataValue : Custom Calculations
[INFO ][2015-11-18 17:51:44,998][com.java.SeleniumDriver] [  852] - <In Set values of the page>
[INFO ][2015-11-18 17:51:44,998][com.java.SeleniumDriver] [  855] - {Data Fields & Data Values Exist}
[INFO ][2015-11-18 17:51:44,998][com.java.SeleniumDriver] [  857] - --------------------------setting values-----------------------------
[INFO ][2015-11-18 17:51:44,998][com.java.SeleniumDriver] [  860] - Action Type : Verify
[INFO ][2015-11-18 17:51:45,000][com.java.TestType] [ 5561] - field= XPH//h1[contains(text(), 'Custom Calculations')] value= Custom Calculations
[INFO ][2015-11-18 17:51:45,000][com.java.TestType] [ 4454] - value = Custom Calculations
[INFO ][2015-11-18 17:51:45,899][com.java.SeleniumDriver] [  869] -  RESULT true
[INFO ][2015-11-18 17:51:45,900][com.java.SeleniumDriver] [ 1074] - ?   P A S S   ?
[INFO ][2015-11-18 17:51:45,900][com.java.SeleniumDriver] [  796] - ------------------------------------------
[INFO ][2015-11-18 17:51:45,900][com.java.SeleniumDriver] [  797] - Test case being Executed: 6
[INFO ][2015-11-18 17:51:45,900][com.java.SeleniumDriver] [  808] - Test step:66
[INFO ][2015-11-18 17:51:45,900][com.java.SeleniumDriver] [  820] - Datavalue is----------A_VLTest
[INFO ][2015-11-18 17:51:45,900][com.java.SeleniumDriver] [  844] - DataField : MSG
[INFO ][2015-11-18 17:51:45,900][com.java.SeleniumDriver] [  846] - DataValue : A_VLTest
[INFO ][2015-11-18 17:51:45,900][com.java.SeleniumDriver] [  852] - <In Set values of the page>
[INFO ][2015-11-18 17:51:45,900][com.java.SeleniumDriver] [  855] - {Data Fields & Data Values Exist}
[INFO ][2015-11-18 17:51:45,900][com.java.SeleniumDriver] [  857] - --------------------------setting values-----------------------------
[INFO ][2015-11-18 17:51:45,900][com.java.SeleniumDriver] [  860] - Action Type : VERIFYNOTPRESENT
[INFO ][2015-11-18 17:51:45,900][com.java.TestType] [ 6963] - field= MSG value= A_VLTest
[INFO ][2015-11-18 17:51:45,914][com.java.SeleniumDriver] [  869] -  RESULT true
[INFO ][2015-11-18 17:51:45,914][com.java.SeleniumDriver] [ 1074] - ?   P A S S   ?
[DEBUG][2015-11-18 17:51:45,914][com.java.SeleniumDriver] [ 1176] - Case found
[DEBUG][2015-11-18 17:51:45,914][com.java.SeleniumDriver] [ 1181] - Incrementing ReportCounters[0]:2
[INFO ][2015-11-18 17:51:45,914][com.java.SeleniumDriver] [ 1200] - The results are-------------------[6, 1, Add Custom Calculation, Pass, , Wed Nov 18 17:50:02 IST 2015, 6, 3, Add Custom Calculation, Pass, , Wed Nov 18 17:50:07 IST 2015, 6, 4, Add Custom Calculation, Pass, , Wed Nov 18 17:50:36 IST 2015, 6, 5, Add Custom Calculation, Pass, , Wed Nov 18 17:50:36 IST 2015, 6, 6, Add Custom Calculation, Pass, , Wed Nov 18 17:50:37 IST 2015, 6, 7, Add Custom Calculation, Pass, , Wed Nov 18 17:50:37 IST 2015, 6, 8, Add Custom Calculation, Pass, , Wed Nov 18 17:50:37 IST 2015, 6, 9, Add Custom Calculation, Pass, , Wed Nov 18 17:50:37 IST 2015, 6, 10, Add Custom Calculation, Pass, , Wed Nov 18 17:50:39 IST 2015, 6, 11, Add Custom Calculation, Pass, , Wed Nov 18 17:50:39 IST 2015, 6, 12, Add Custom Calculation, Pass, , Wed Nov 18 17:50:39 IST 2015, 6, 13, Add Custom Calculation, Pass, , Wed Nov 18 17:50:39 IST 2015, 6, 14, Add Custom Calculation, Pass, , Wed Nov 18 17:50:41 IST 2015, 6, 15, Add Custom Calculation, Pass, , Wed Nov 18 17:50:41 IST 2015, 6, 16, Add Custom Calculation, Pass, , Wed Nov 18 17:50:43 IST 2015, 6, 17, Add Custom Calculation, Pass, , Wed Nov 18 17:50:44 IST 2015, 6, 18, Add Custom Calculation, Pass, , Wed Nov 18 17:50:44 IST 2015, 6, 19, Add Custom Calculation, Pass, , Wed Nov 18 17:50:44 IST 2015, 6, 20, Add Custom Calculation, Pass, , Wed Nov 18 17:50:45 IST 2015, 6, 21, Add Custom Calculation, Pass, , Wed Nov 18 17:50:45 IST 2015, 6, 22, Add Custom Calculation, Pass, , Wed Nov 18 17:50:46 IST 2015, 6, 23, Add Custom Calculation, Pass, , Wed Nov 18 17:50:46 IST 2015, 6, 24, Add Custom Calculation, Pass, , Wed Nov 18 17:50:48 IST 2015, 6, 25, Add Custom Calculation, Pass, , Wed Nov 18 17:50:49 IST 2015, 6, 26, Add Custom Calculation, Pass, , Wed Nov 18 17:50:49 IST 2015, 6, 27, Add Custom Calculation, Pass, , Wed Nov 18 17:50:51 IST 2015, 6, 28, Add Custom Calculation, Pass, , Wed Nov 18 17:50:51 IST 2015, 6, 29, Add Custom Calculation, Pass, , Wed Nov 18 17:50:53 IST 2015, 6, 30, Add Custom Calculation, Pass, , Wed Nov 18 17:50:53 IST 2015, 6, 31, Add Custom Calculation, Pass, , Wed Nov 18 17:50:53 IST 2015, 6, 32, Add Custom Calculation, Pass, , Wed Nov 18 17:50:53 IST 2015, 6, 33, Add Custom Calculation, Pass, , Wed Nov 18 17:50:55 IST 2015, 6, 34, Add Custom Calculation, Pass, , Wed Nov 18 17:50:55 IST 2015, 6, 35, Add Custom Calculation, Pass, , Wed Nov 18 17:50:55 IST 2015, 6, 36, Add Custom Calculation, Pass, , Wed Nov 18 17:50:57 IST 2015, 6, 37, Add Custom Calculation, Pass, , Wed Nov 18 17:50:57 IST 2015, 6, 38, Add Custom Calculation, Pass, , Wed Nov 18 17:50:57 IST 2015, 6, 39, Add Custom Calculation, Pass, , Wed Nov 18 17:50:59 IST 2015, 6, 40, Add Custom Calculation, Pass, , Wed Nov 18 17:50:59 IST 2015, 6, 41, Add Custom Calculation, Pass, , Wed Nov 18 17:50:59 IST 2015, 6, 42, Add Custom Calculation, Pass, , Wed Nov 18 17:50:59 IST 2015, 6, 43, Add Custom Calculation, Pass, , Wed Nov 18 17:51:01 IST 2015, 6, 44, Add Custom Calculation, Pass, , Wed Nov 18 17:51:01 IST 2015, 6, 45, Add Custom Calculation, Pass, , Wed Nov 18 17:51:03 IST 2015, 6, 46, Add Custom Calculation, Pass, , Wed Nov 18 17:51:04 IST 2015, 6, 47, Add Custom Calculation, Pass, , Wed Nov 18 17:51:04 IST 2015, 6, 48, Add Custom Calculation, Pass, , Wed Nov 18 17:51:04 IST 2015, 6, 49, Add Custom Calculation, Pass, , Wed Nov 18 17:51:06 IST 2015, 6, 50, Add Custom Calculation, Pass, , Wed Nov 18 17:51:06 IST 2015, 6, 51, Add Custom Calculation, Pass, , Wed Nov 18 17:51:07 IST 2015, 6, 52, Add Custom Calculation, Pass, , Wed Nov 18 17:51:09 IST 2015, 6, 53, Add Custom Calculation, Pass, , Wed Nov 18 17:51:10 IST 2015, 6, 54, Add Custom Calculation, Pass, , Wed Nov 18 17:51:10 IST 2015, 6, 55, Add Custom Calculation, Pass, , Wed Nov 18 17:51:10 IST 2015, 6, 56, Add Custom Calculation, Pass, , Wed Nov 18 17:51:12 IST 2015, 6, 57, Add Custom Calculation, Pass, , Wed Nov 18 17:51:12 IST 2015, 6, 58, Add Custom Calculation, Pass, , Wed Nov 18 17:51:12 IST 2015, 6, 59, Add Custom Calculation, Pass, , Wed Nov 18 17:51:12 IST 2015, 6, 60, Add Custom Calculation, Pass, , Wed Nov 18 17:51:13 IST 2015, 6, 61, Add Custom Calculation, Pass, , Wed Nov 18 17:51:13 IST 2015, 6, 62, Add Custom Calculation, Pass, , Wed Nov 18 17:51:13 IST 2015, 6, 63, Add Custom Calculation, Pass, , Wed Nov 18 17:51:44 IST 2015, 6, 64, Add Custom Calculation, Pass, , Wed Nov 18 17:51:44 IST 2015, 6, 65, Add Custom Calculation, Pass, , Wed Nov 18 17:51:45 IST 2015, 6, 66, Add Custom Calculation, Pass, , Wed Nov 18 17:51:45 IST 2015]
[INFO ][2015-11-18 17:51:45,914][com.java.SeleniumDriver] [ 1204] - End time is-------3 min 0 sec
[INFO ][2015-11-18 17:51:45,914][com.java.SeleniumDriver] [ 1205] - The results are-------------------[6, 1, Add Custom Calculation, Pass, , Wed Nov 18 17:50:02 IST 2015, 6, 3, Add Custom Calculation, Pass, , Wed Nov 18 17:50:07 IST 2015, 6, 4, Add Custom Calculation, Pass, , Wed Nov 18 17:50:36 IST 2015, 6, 5, Add Custom Calculation, Pass, , Wed Nov 18 17:50:36 IST 2015, 6, 6, Add Custom Calculation, Pass, , Wed Nov 18 17:50:37 IST 2015, 6, 7, Add Custom Calculation, Pass, , Wed Nov 18 17:50:37 IST 2015, 6, 8, Add Custom Calculation, Pass, , Wed Nov 18 17:50:37 IST 2015, 6, 9, Add Custom Calculation, Pass, , Wed Nov 18 17:50:37 IST 2015, 6, 10, Add Custom Calculation, Pass, , Wed Nov 18 17:50:39 IST 2015, 6, 11, Add Custom Calculation, Pass, , Wed Nov 18 17:50:39 IST 2015, 6, 12, Add Custom Calculation, Pass, , Wed Nov 18 17:50:39 IST 2015, 6, 13, Add Custom Calculation, Pass, , Wed Nov 18 17:50:39 IST 2015, 6, 14, Add Custom Calculation, Pass, , Wed Nov 18 17:50:41 IST 2015, 6, 15, Add Custom Calculation, Pass, , Wed Nov 18 17:50:41 IST 2015, 6, 16, Add Custom Calculation, Pass, , Wed Nov 18 17:50:43 IST 2015, 6, 17, Add Custom Calculation, Pass, , Wed Nov 18 17:50:44 IST 2015, 6, 18, Add Custom Calculation, Pass, , Wed Nov 18 17:50:44 IST 2015, 6, 19, Add Custom Calculation, Pass, , Wed Nov 18 17:50:44 IST 2015, 6, 20, Add Custom Calculation, Pass, , Wed Nov 18 17:50:45 IST 2015, 6, 21, Add Custom Calculation, Pass, , Wed Nov 18 17:50:45 IST 2015, 6, 22, Add Custom Calculation, Pass, , Wed Nov 18 17:50:46 IST 2015, 6, 23, Add Custom Calculation, Pass, , Wed Nov 18 17:50:46 IST 2015, 6, 24, Add Custom Calculation, Pass, , Wed Nov 18 17:50:48 IST 2015, 6, 25, Add Custom Calculation, Pass, , Wed Nov 18 17:50:49 IST 2015, 6, 26, Add Custom Calculation, Pass, , Wed Nov 18 17:50:49 IST 2015, 6, 27, Add Custom Calculation, Pass, , Wed Nov 18 17:50:51 IST 2015, 6, 28, Add Custom Calculation, Pass, , Wed Nov 18 17:50:51 IST 2015, 6, 29, Add Custom Calculation, Pass, , Wed Nov 18 17:50:53 IST 2015, 6, 30, Add Custom Calculation, Pass, , Wed Nov 18 17:50:53 IST 2015, 6, 31, Add Custom Calculation, Pass, , Wed Nov 18 17:50:53 IST 2015, 6, 32, Add Custom Calculation, Pass, , Wed Nov 18 17:50:53 IST 2015, 6, 33, Add Custom Calculation, Pass, , Wed Nov 18 17:50:55 IST 2015, 6, 34, Add Custom Calculation, Pass, , Wed Nov 18 17:50:55 IST 2015, 6, 35, Add Custom Calculation, Pass, , Wed Nov 18 17:50:55 IST 2015, 6, 36, Add Custom Calculation, Pass, , Wed Nov 18 17:50:57 IST 2015, 6, 37, Add Custom Calculation, Pass, , Wed Nov 18 17:50:57 IST 2015, 6, 38, Add Custom Calculation, Pass, , Wed Nov 18 17:50:57 IST 2015, 6, 39, Add Custom Calculation, Pass, , Wed Nov 18 17:50:59 IST 2015, 6, 40, Add Custom Calculation, Pass, , Wed Nov 18 17:50:59 IST 2015, 6, 41, Add Custom Calculation, Pass, , Wed Nov 18 17:50:59 IST 2015, 6, 42, Add Custom Calculation, Pass, , Wed Nov 18 17:50:59 IST 2015, 6, 43, Add Custom Calculation, Pass, , Wed Nov 18 17:51:01 IST 2015, 6, 44, Add Custom Calculation, Pass, , Wed Nov 18 17:51:01 IST 2015, 6, 45, Add Custom Calculation, Pass, , Wed Nov 18 17:51:03 IST 2015, 6, 46, Add Custom Calculation, Pass, , Wed Nov 18 17:51:04 IST 2015, 6, 47, Add Custom Calculation, Pass, , Wed Nov 18 17:51:04 IST 2015, 6, 48, Add Custom Calculation, Pass, , Wed Nov 18 17:51:04 IST 2015, 6, 49, Add Custom Calculation, Pass, , Wed Nov 18 17:51:06 IST 2015, 6, 50, Add Custom Calculation, Pass, , Wed Nov 18 17:51:06 IST 2015, 6, 51, Add Custom Calculation, Pass, , Wed Nov 18 17:51:07 IST 2015, 6, 52, Add Custom Calculation, Pass, , Wed Nov 18 17:51:09 IST 2015, 6, 53, Add Custom Calculation, Pass, , Wed Nov 18 17:51:10 IST 2015, 6, 54, Add Custom Calculation, Pass, , Wed Nov 18 17:51:10 IST 2015, 6, 55, Add Custom Calculation, Pass, , Wed Nov 18 17:51:10 IST 2015, 6, 56, Add Custom Calculation, Pass, , Wed Nov 18 17:51:12 IST 2015, 6, 57, Add Custom Calculation, Pass, , Wed Nov 18 17:51:12 IST 2015, 6, 58, Add Custom Calculation, Pass, , Wed Nov 18 17:51:12 IST 2015, 6, 59, Add Custom Calculation, Pass, , Wed Nov 18 17:51:12 IST 2015, 6, 60, Add Custom Calculation, Pass, , Wed Nov 18 17:51:13 IST 2015, 6, 61, Add Custom Calculation, Pass, , Wed Nov 18 17:51:13 IST 2015, 6, 62, Add Custom Calculation, Pass, , Wed Nov 18 17:51:13 IST 2015, 6, 63, Add Custom Calculation, Pass, , Wed Nov 18 17:51:44 IST 2015, 6, 64, Add Custom Calculation, Pass, , Wed Nov 18 17:51:44 IST 2015, 6, 65, Add Custom Calculation, Pass, , Wed Nov 18 17:51:45 IST 2015, 6, 66, Add Custom Calculation, Pass, , Wed Nov 18 17:51:45 IST 2015]
[DEBUG][2015-11-18 17:51:45,914][com.java.ImportnExport.ExportTestResultsExcel] [  222] - testResultPath = D:\BankersDashboard/TestReports/Test Results_BankersDashBoard_111815_174847_IE10_Bank of North Carolina.xls
[DEBUG][2015-11-18 17:51:45,914][com.java.ImportnExport.ExportTestResultsExcel] [  223] - browser is------------IE10
[DEBUG][2015-11-18 17:51:45,918][com.java.ImportnExport.ExportTestResultsExcel] [  270] - result.size() = 390
[DEBUG][2015-11-18 17:51:45,918][com.java.ImportnExport.ExportTestResultsExcel] [  274] - No of rows in sheet=2
[DEBUG][2015-11-18 17:51:45,918][com.java.ImportnExport.ExportTestResultsExcel] [  301] - ..in export..6
[DEBUG][2015-11-18 17:51:45,919][com.java.ImportnExport.ExportTestResultsExcel] [  301] - ..in export..Add Custom Calculation
[DEBUG][2015-11-18 17:51:45,919][com.java.ImportnExport.ExportTestResultsExcel] [  301] - ..in export..Pass
[DEBUG][2015-11-18 17:51:45,919][com.java.ImportnExport.ExportTestResultsExcel] [  301] - ..in export..
[DEBUG][2015-11-18 17:51:45,919][com.java.ImportnExport.ExportTestResultsExcel] [  301] - ..in export..Wed Nov 18 17:50:02 IST 2015
[INFO ][2015-11-18 17:51:45,920][com.java.SeleniumDriver] [ 1263] - out loop:1 size:2 TestCases:[1, 6] testcases:[1, 6]
[INFO ][2015-11-18 17:51:47,920][com.java.SeleniumDriver] [ 1306] - Total Number of Cases:2
[INFO ][2015-11-18 17:51:47,920][com.java.TemplateGenerator] [  302] - Executed:2
[INFO ][2015-11-18 17:51:47,920][com.java.TemplateGenerator] [  303] - Passed:2
[INFO ][2015-11-18 17:51:47,920][com.java.TemplateGenerator] [  304] - Failed:0
[INFO ][2015-11-18 17:51:47,920][com.java.TemplateGenerator] [  305] - Skipeed:0
[INFO ][2015-11-18 17:51:47,920][com.java.TemplateGenerator] [  306] - Application URL:https://clients-xuat.bankersdashboard.com
[INFO ][2015-11-18 17:51:47,920][com.java.TemplateGenerator] [  307] - Start Time:111815_174847
[INFO ][2015-11-18 17:51:47,920][com.java.TemplateGenerator] [  308] -  Creating HTML Report 
[ERROR][2015-11-18 17:51:47,921][com.java.TemplateGenerator] [  409] - Unparseable date: "Wed Nov 18 05:48:47 IST 2015"
[INFO ][2015-11-18 17:51:47,921][com.java.TemplateGenerator] [  654] -  Exporting case :: 1
[INFO ][2015-11-18 17:51:47,921][com.java.TemplateGenerator] [  654] -  Exporting case :: 6
[INFO ][2015-11-18 17:51:47,927][com.java.SeleniumDriver] [ 1355] - End Time:111815_175147
[INFO ][2015-11-18 17:51:47,927][com.java.SeleniumDriver] [ 1358] - Data in Test Execution Details:{1=PASS, 6=PASS}
[INFO ][2015-11-18 17:51:47,927][com.java.SeleniumDriver] [ 1359] - Data in Failed Execution Deatils:{}
[INFO ][2015-11-18 17:51:47,927][com.java.SeleniumDriver] [ 1361] - ReportCounter:Total:2 :: PASS: 2 ::FAIL: 0
[INFO ][2015-11-18 17:51:47,927][com.java.SeleniumDriver] [ 1362] - FailedReportCounter:Total:0 :: PASS: 0 ::FAIL: 0
[INFO ][2015-11-18 17:51:47,933][com.java.EmailTestReport] [   63] - Sending report mail details:
[INFO ][2015-11-18 17:51:47,933][com.java.EmailTestReport] [   80] - Excel Report Path:D:\BankersDashboard/TestReports/Test Results_BankersDashBoard_111815_174847_IE10_Bank of North Carolina.xls
[INFO ][2015-11-18 17:51:47,933][com.java.EmailTestReport] [   81] - HTML Report Path:D:\BankersDashboard//TestReports//Test Results_BankersDashBoard_111815_174847_IE10_Bank of North Carolina.html
[INFO ][2015-11-18 17:51:47,933][com.java.EmailTestReport] [   82] - smtpHostName:mail01.valuelabs.com
[INFO ][2015-11-18 17:51:47,933][com.java.EmailTestReport] [   83] - Recipient:venkateswararao.gubbala@valuelabs.com;
[INFO ][2015-11-18 17:51:47,933][com.java.EmailTestReport] [   84] - From:venkateswararao.gubbala@valuelabs.com;
[INFO ][2015-11-18 17:51:47,934][com.java.EmailTestReport] [   85] - Subject:Deluxe Corp Bankers Dashboard Automation Test Report - Bank of North Carolina - IE10
[INFO ][2015-11-18 17:51:47,950][com.java.EmailTestReport] [  143] -  Added venkateswararao.gubbala@valuelabs.com
[INFO ][2015-11-18 17:51:51,540][com.java.SeleniumDriver] [  719] - quitting the browser 
[INFO ][2015-11-18 17:51:52,744][com.java.SeleniumDriver] [  263] - Execution Completed Stopping the thread
