[INFO ][2015-12-11 12:24:09,490][com.java.SeleniumDriver] [  213] - Execute Failed Casesfalse
[INFO ][2015-12-11 12:24:09,490][com.java.SeleniumDriver] [  214] - Browser: IE10
[INFO ][2015-12-11 12:24:09,490][com.java.SeleniumDriver] [  215] - [1, 7]
[INFO ][2015-12-11 12:24:09,490][com.java.SeleniumDriver] [  216] - Total TestCases:2
[INFO ][2015-12-11 12:24:09,490][com.java.SeleniumDriver] [  217] -  Reading Properties from Property File 
[DEBUG][2015-12-11 12:24:09,491][com.java.SeleniumDriver] [  238] - url : https://clients-xuat.bankersdashboard.com
[INFO ][2015-12-11 12:24:09,492][com.java.ImportnExport.ExportTestResultsExcel] [  116] - Time Stamp Fri Dec 11 12:24:09 IST 2015
[INFO ][2015-12-11 12:24:09,492][com.java.ImportnExport.ExportTestResultsExcel] [  175] - OUT FILE : D:\BankersDashboard/TestReports/Test Results_BankersDashBoard_121115_122409_IE10_First Bank.xls
[INFO ][2015-12-11 12:24:09,521][com.java.ImportnExport.ExportTestResultsExcel] [  180] - Test Result file is created
[DEBUG][2015-12-11 12:24:09,627][com.java.SeleniumDriver] [  426] - Hub ip address is-------172.17.68.34
[INFO ][2015-12-11 12:24:09,627][com.java.SeleniumDriver] [  452] - Grid URL:http://172.17.68.34:4444/wd/hub
[INFO ][2015-12-11 12:24:09,628][com.java.SeleniumDriver] [  453] - Capability:Capabilities [{platform=ANY, ensureCleanSession=true, ignoreProtectedModeSettings=true, acceptSslCerts=true, ignoreZoomSetting=true, browserName=internet explorer, browserstack.ie.noFlash=true, version=null}]
[ERROR][2015-12-11 12:24:10,945][com.java.SeleniumDriver] [  497] - Unable invoke browser in grid:Could not start a new session. Possible causes are invalid address of the remote server or browser start-up failure.
Build info: version: '2.48.2', revision: '41bccdd', time: '2015-10-09 19:59:12'
System info: host: 'FVTIII438F1D', ip: '172.17.68.34', os.name: 'Windows 7', os.arch: 'x86', os.version: '6.1', java.version: '1.7.0_55'
Driver info: driver.version: SeleniumDriver
[INFO ][2015-12-11 12:24:10,946][com.java.SeleniumDriver] [  499] - Executing on local machine
[INFO ][2015-12-11 12:24:20,513][com.java.SeleniumDriver] [  248] - IE10is opened
[INFO ][2015-12-11 12:24:21,409][com.java.SeleniumDriver] [  754] - Test cases to be executed are: [1, 7]
[INFO ][2015-12-11 12:24:21,429][com.java.ImportnExport.ImportTestDataDetailsExcel] [   49] - test data details path===== D:\BankersDashboard\TestInputs\TestData.xls
[INFO ][2015-12-11 12:24:21,504][com.java.SeleniumDriver] [  821] - ------------------------------------------
[INFO ][2015-12-11 12:24:21,504][com.java.SeleniumDriver] [  822] - Test case being Executed: 1
[INFO ][2015-12-11 12:24:21,505][com.java.SeleniumDriver] [  833] - Test step:1
[INFO ][2015-12-11 12:24:21,505][com.java.SeleniumDriver] [  845] - Datavalue is----------Concept#1:1-16
[INFO ][2015-12-11 12:24:21,505][com.java.SeleniumDriver] [  869] - DataField : test
[INFO ][2015-12-11 12:24:21,505][com.java.SeleniumDriver] [  871] - DataValue : Concept#1:1-16
[INFO ][2015-12-11 12:24:21,505][com.java.SeleniumDriver] [  877] - <In Set values of the page>
[INFO ][2015-12-11 12:24:21,505][com.java.SeleniumDriver] [  880] - {Data Fields & Data Values Exist}
[INFO ][2015-12-11 12:24:21,505][com.java.SeleniumDriver] [  882] - --------------------------setting values-----------------------------
[INFO ][2015-12-11 12:24:21,505][com.java.SeleniumDriver] [  885] - Action Type : ExecuteTestCase
[INFO ][2015-12-11 12:24:21,525][com.java.TestType] [  436] - The Concept sheet name is ---------- Concept
[INFO ][2015-12-11 12:24:21,525][com.java.TestType] [  439] - The Concept ID  is ---------- 1
[DEBUG][2015-12-11 12:24:21,525][com.java.TestType] [  443] - Steps being executted in the Concept are: 1:16
[INFO ][2015-12-11 12:24:21,525][com.java.TestType] [  450] - Test data details path ---------- D:\BankersDashboard\TestInputs\TestData.xls
[INFO ][2015-12-11 12:24:21,560][com.java.TestType] [  481] -  str(1) = 1
[INFO ][2015-12-11 12:24:21,560][com.java.TestType] [  484] - Test case Id is---1
[INFO ][2015-12-11 12:24:21,560][com.java.TestType] [  486] - 1
[INFO ][2015-12-11 12:24:21,561][com.java.TestType] [  481] -  str(2) = 1
[INFO ][2015-12-11 12:24:21,563][com.java.TestType] [  533] - row values are--------{1=com.java.Objects.TestDataDetails@11493df}
[INFO ][2015-12-11 12:24:21,563][com.java.TestType] [  481] -  str(1) = 1
[INFO ][2015-12-11 12:24:21,563][com.java.TestType] [  484] - Test case Id is---1
[INFO ][2015-12-11 12:24:21,563][com.java.TestType] [  486] - 1
[INFO ][2015-12-11 12:24:21,563][com.java.TestType] [  481] -  str(2) = 2
[INFO ][2015-12-11 12:24:21,566][com.java.TestType] [  533] - row values are--------{1=com.java.Objects.TestDataDetails@11493df, 2=com.java.Objects.TestDataDetails@1aefd28}
[INFO ][2015-12-11 12:24:21,566][com.java.TestType] [  481] -  str(1) = 1
[INFO ][2015-12-11 12:24:21,567][com.java.TestType] [  484] - Test case Id is---1
[INFO ][2015-12-11 12:24:21,567][com.java.TestType] [  486] - 1
[INFO ][2015-12-11 12:24:21,567][com.java.TestType] [  481] -  str(2) = 3
[INFO ][2015-12-11 12:24:21,568][com.java.TestType] [  533] - row values are--------{1=com.java.Objects.TestDataDetails@11493df, 2=com.java.Objects.TestDataDetails@1aefd28, 3=com.java.Objects.TestDataDetails@fafe96}
[INFO ][2015-12-11 12:24:21,568][com.java.TestType] [  481] -  str(1) = 1
[INFO ][2015-12-11 12:24:21,568][com.java.TestType] [  484] - Test case Id is---1
[INFO ][2015-12-11 12:24:21,568][com.java.TestType] [  486] - 1
[INFO ][2015-12-11 12:24:21,569][com.java.TestType] [  481] -  str(2) = 4
[INFO ][2015-12-11 12:24:21,570][com.java.TestType] [  533] - row values are--------{1=com.java.Objects.TestDataDetails@11493df, 2=com.java.Objects.TestDataDetails@1aefd28, 3=com.java.Objects.TestDataDetails@fafe96, 4=com.java.Objects.TestDataDetails@1b1c3a3}
[INFO ][2015-12-11 12:24:21,570][com.java.TestType] [  481] -  str(1) = 1
[INFO ][2015-12-11 12:24:21,570][com.java.TestType] [  484] - Test case Id is---1
[INFO ][2015-12-11 12:24:21,570][com.java.TestType] [  486] - 1
[INFO ][2015-12-11 12:24:21,570][com.java.TestType] [  481] -  str(2) = 5
[INFO ][2015-12-11 12:24:21,571][com.java.TestType] [  533] - row values are--------{1=com.java.Objects.TestDataDetails@11493df, 2=com.java.Objects.TestDataDetails@1aefd28, 3=com.java.Objects.TestDataDetails@fafe96, 4=com.java.Objects.TestDataDetails@1b1c3a3, 5=com.java.Objects.TestDataDetails@1490eab}
[INFO ][2015-12-11 12:24:21,572][com.java.TestType] [  481] -  str(1) = 1
[INFO ][2015-12-11 12:24:21,572][com.java.TestType] [  484] - Test case Id is---1
[INFO ][2015-12-11 12:24:21,572][com.java.TestType] [  486] - 1
[INFO ][2015-12-11 12:24:21,572][com.java.TestType] [  481] -  str(2) = 6
[INFO ][2015-12-11 12:24:21,573][com.java.TestType] [  533] - row values are--------{1=com.java.Objects.TestDataDetails@11493df, 2=com.java.Objects.TestDataDetails@1aefd28, 3=com.java.Objects.TestDataDetails@fafe96, 4=com.java.Objects.TestDataDetails@1b1c3a3, 5=com.java.Objects.TestDataDetails@1490eab, 6=com.java.Objects.TestDataDetails@5db277}
[INFO ][2015-12-11 12:24:21,573][com.java.TestType] [  481] -  str(1) = 1
[INFO ][2015-12-11 12:24:21,573][com.java.TestType] [  484] - Test case Id is---1
[INFO ][2015-12-11 12:24:21,573][com.java.TestType] [  486] - 1
[INFO ][2015-12-11 12:24:21,573][com.java.TestType] [  481] -  str(2) = 7
[INFO ][2015-12-11 12:24:21,574][com.java.TestType] [  533] - row values are--------{1=com.java.Objects.TestDataDetails@11493df, 2=com.java.Objects.TestDataDetails@1aefd28, 3=com.java.Objects.TestDataDetails@fafe96, 4=com.java.Objects.TestDataDetails@1b1c3a3, 5=com.java.Objects.TestDataDetails@1490eab, 6=com.java.Objects.TestDataDetails@5db277, 7=com.java.Objects.TestDataDetails@11f7458}
[INFO ][2015-12-11 12:24:21,574][com.java.TestType] [  481] -  str(1) = 1
[INFO ][2015-12-11 12:24:21,574][com.java.TestType] [  484] - Test case Id is---1
[INFO ][2015-12-11 12:24:21,576][com.java.TestType] [  486] - 1
[INFO ][2015-12-11 12:24:21,576][com.java.TestType] [  481] -  str(2) = 8
[INFO ][2015-12-11 12:24:21,577][com.java.TestType] [  533] - row values are--------{1=com.java.Objects.TestDataDetails@11493df, 2=com.java.Objects.TestDataDetails@1aefd28, 3=com.java.Objects.TestDataDetails@fafe96, 4=com.java.Objects.TestDataDetails@1b1c3a3, 5=com.java.Objects.TestDataDetails@1490eab, 6=com.java.Objects.TestDataDetails@5db277, 7=com.java.Objects.TestDataDetails@11f7458, 8=com.java.Objects.TestDataDetails@238a4d}
[INFO ][2015-12-11 12:24:21,577][com.java.TestType] [  481] -  str(1) = 1
[INFO ][2015-12-11 12:24:21,577][com.java.TestType] [  484] - Test case Id is---1
[INFO ][2015-12-11 12:24:21,577][com.java.TestType] [  486] - 1
[INFO ][2015-12-11 12:24:21,578][com.java.TestType] [  481] -  str(2) = 9
[INFO ][2015-12-11 12:24:21,578][com.java.TestType] [  533] - row values are--------{1=com.java.Objects.TestDataDetails@11493df, 2=com.java.Objects.TestDataDetails@1aefd28, 3=com.java.Objects.TestDataDetails@fafe96, 4=com.java.Objects.TestDataDetails@1b1c3a3, 5=com.java.Objects.TestDataDetails@1490eab, 6=com.java.Objects.TestDataDetails@5db277, 7=com.java.Objects.TestDataDetails@11f7458, 8=com.java.Objects.TestDataDetails@238a4d, 9=com.java.Objects.TestDataDetails@7393a2}
[INFO ][2015-12-11 12:24:21,578][com.java.TestType] [  481] -  str(1) = 1
[INFO ][2015-12-11 12:24:21,578][com.java.TestType] [  484] - Test case Id is---1
[INFO ][2015-12-11 12:24:21,579][com.java.TestType] [  486] - 1
[INFO ][2015-12-11 12:24:21,579][com.java.TestType] [  481] -  str(2) = 10
[INFO ][2015-12-11 12:24:21,579][com.java.TestType] [  533] - row values are--------{1=com.java.Objects.TestDataDetails@11493df, 2=com.java.Objects.TestDataDetails@1aefd28, 3=com.java.Objects.TestDataDetails@fafe96, 4=com.java.Objects.TestDataDetails@1b1c3a3, 5=com.java.Objects.TestDataDetails@1490eab, 6=com.java.Objects.TestDataDetails@5db277, 7=com.java.Objects.TestDataDetails@11f7458, 8=com.java.Objects.TestDataDetails@238a4d, 9=com.java.Objects.TestDataDetails@7393a2, 10=com.java.Objects.TestDataDetails@192223}
[INFO ][2015-12-11 12:24:21,580][com.java.TestType] [  481] -  str(1) = 1
[INFO ][2015-12-11 12:24:21,580][com.java.TestType] [  484] - Test case Id is---1
[INFO ][2015-12-11 12:24:21,580][com.java.TestType] [  486] - 1
[INFO ][2015-12-11 12:24:21,580][com.java.TestType] [  481] -  str(2) = 11
[INFO ][2015-12-11 12:24:21,581][com.java.TestType] [  533] - row values are--------{1=com.java.Objects.TestDataDetails@11493df, 2=com.java.Objects.TestDataDetails@1aefd28, 3=com.java.Objects.TestDataDetails@fafe96, 4=com.java.Objects.TestDataDetails@1b1c3a3, 5=com.java.Objects.TestDataDetails@1490eab, 6=com.java.Objects.TestDataDetails@5db277, 7=com.java.Objects.TestDataDetails@11f7458, 8=com.java.Objects.TestDataDetails@238a4d, 9=com.java.Objects.TestDataDetails@7393a2, 10=com.java.Objects.TestDataDetails@192223, 11=com.java.Objects.TestDataDetails@dfb9cd}
[INFO ][2015-12-11 12:24:21,581][com.java.TestType] [  481] -  str(1) = 1
[INFO ][2015-12-11 12:24:21,581][com.java.TestType] [  484] - Test case Id is---1
[INFO ][2015-12-11 12:24:21,581][com.java.TestType] [  486] - 1
[INFO ][2015-12-11 12:24:21,581][com.java.TestType] [  481] -  str(2) = 12
[INFO ][2015-12-11 12:24:21,582][com.java.TestType] [  533] - row values are--------{1=com.java.Objects.TestDataDetails@11493df, 2=com.java.Objects.TestDataDetails@1aefd28, 3=com.java.Objects.TestDataDetails@fafe96, 4=com.java.Objects.TestDataDetails@1b1c3a3, 5=com.java.Objects.TestDataDetails@1490eab, 6=com.java.Objects.TestDataDetails@5db277, 7=com.java.Objects.TestDataDetails@11f7458, 8=com.java.Objects.TestDataDetails@238a4d, 9=com.java.Objects.TestDataDetails@7393a2, 10=com.java.Objects.TestDataDetails@192223, 11=com.java.Objects.TestDataDetails@dfb9cd, 12=com.java.Objects.TestDataDetails@1b5889c}
[INFO ][2015-12-11 12:24:21,582][com.java.TestType] [  481] -  str(1) = 1
[INFO ][2015-12-11 12:24:21,582][com.java.TestType] [  484] - Test case Id is---1
[INFO ][2015-12-11 12:24:21,582][com.java.TestType] [  486] - 1
[INFO ][2015-12-11 12:24:21,582][com.java.TestType] [  481] -  str(2) = 13
[INFO ][2015-12-11 12:24:21,583][com.java.TestType] [  533] - row values are--------{1=com.java.Objects.TestDataDetails@11493df, 2=com.java.Objects.TestDataDetails@1aefd28, 3=com.java.Objects.TestDataDetails@fafe96, 4=com.java.Objects.TestDataDetails@1b1c3a3, 5=com.java.Objects.TestDataDetails@1490eab, 6=com.java.Objects.TestDataDetails@5db277, 7=com.java.Objects.TestDataDetails@11f7458, 8=com.java.Objects.TestDataDetails@238a4d, 9=com.java.Objects.TestDataDetails@7393a2, 10=com.java.Objects.TestDataDetails@192223, 11=com.java.Objects.TestDataDetails@dfb9cd, 12=com.java.Objects.TestDataDetails@1b5889c, 13=com.java.Objects.TestDataDetails@544c70}
[INFO ][2015-12-11 12:24:21,583][com.java.TestType] [  481] -  str(1) = 1
[INFO ][2015-12-11 12:24:21,583][com.java.TestType] [  484] - Test case Id is---1
[INFO ][2015-12-11 12:24:21,583][com.java.TestType] [  486] - 1
[INFO ][2015-12-11 12:24:21,583][com.java.TestType] [  481] -  str(2) = 14
[INFO ][2015-12-11 12:24:21,586][com.java.TestType] [  533] - row values are--------{1=com.java.Objects.TestDataDetails@11493df, 2=com.java.Objects.TestDataDetails@1aefd28, 3=com.java.Objects.TestDataDetails@fafe96, 4=com.java.Objects.TestDataDetails@1b1c3a3, 5=com.java.Objects.TestDataDetails@1490eab, 6=com.java.Objects.TestDataDetails@5db277, 7=com.java.Objects.TestDataDetails@11f7458, 8=com.java.Objects.TestDataDetails@238a4d, 9=com.java.Objects.TestDataDetails@7393a2, 10=com.java.Objects.TestDataDetails@192223, 11=com.java.Objects.TestDataDetails@dfb9cd, 12=com.java.Objects.TestDataDetails@1b5889c, 13=com.java.Objects.TestDataDetails@544c70, 14=com.java.Objects.TestDataDetails@16c25eb}
[INFO ][2015-12-11 12:24:21,586][com.java.TestType] [  481] -  str(1) = 1
[INFO ][2015-12-11 12:24:21,586][com.java.TestType] [  484] - Test case Id is---1
[INFO ][2015-12-11 12:24:21,586][com.java.TestType] [  486] - 1
[INFO ][2015-12-11 12:24:21,586][com.java.TestType] [  481] -  str(2) = 15
[INFO ][2015-12-11 12:24:21,587][com.java.TestType] [  533] - row values are--------{1=com.java.Objects.TestDataDetails@11493df, 2=com.java.Objects.TestDataDetails@1aefd28, 3=com.java.Objects.TestDataDetails@fafe96, 4=com.java.Objects.TestDataDetails@1b1c3a3, 5=com.java.Objects.TestDataDetails@1490eab, 6=com.java.Objects.TestDataDetails@5db277, 7=com.java.Objects.TestDataDetails@11f7458, 8=com.java.Objects.TestDataDetails@238a4d, 9=com.java.Objects.TestDataDetails@7393a2, 10=com.java.Objects.TestDataDetails@192223, 11=com.java.Objects.TestDataDetails@dfb9cd, 12=com.java.Objects.TestDataDetails@1b5889c, 13=com.java.Objects.TestDataDetails@544c70, 14=com.java.Objects.TestDataDetails@16c25eb, 15=com.java.Objects.TestDataDetails@59e710}
[INFO ][2015-12-11 12:24:21,587][com.java.TestType] [  481] -  str(1) = 1
[INFO ][2015-12-11 12:24:21,587][com.java.TestType] [  484] - Test case Id is---1
[INFO ][2015-12-11 12:24:21,587][com.java.TestType] [  486] - 1
[INFO ][2015-12-11 12:24:21,587][com.java.TestType] [  481] -  str(2) = 16
[INFO ][2015-12-11 12:24:21,588][com.java.TestType] [  533] - row values are--------{1=com.java.Objects.TestDataDetails@11493df, 2=com.java.Objects.TestDataDetails@1aefd28, 3=com.java.Objects.TestDataDetails@fafe96, 4=com.java.Objects.TestDataDetails@1b1c3a3, 5=com.java.Objects.TestDataDetails@1490eab, 6=com.java.Objects.TestDataDetails@5db277, 7=com.java.Objects.TestDataDetails@11f7458, 8=com.java.Objects.TestDataDetails@238a4d, 9=com.java.Objects.TestDataDetails@7393a2, 10=com.java.Objects.TestDataDetails@192223, 11=com.java.Objects.TestDataDetails@dfb9cd, 12=com.java.Objects.TestDataDetails@1b5889c, 13=com.java.Objects.TestDataDetails@544c70, 14=com.java.Objects.TestDataDetails@16c25eb, 15=com.java.Objects.TestDataDetails@59e710, 16=com.java.Objects.TestDataDetails@8493c9}
[INFO ][2015-12-11 12:24:21,588][com.java.TestType] [10074] - Looping 1TCID = 1
[DEBUG][2015-12-11 12:24:21,588][com.java.TestType] [10115] - Concept ID:1 :: Step being Executed: 1::1
[INFO ][2015-12-11 12:24:21,588][com.java.TestType] [10153] - dataFields : TXTusername
[DEBUG][2015-12-11 12:24:21,588][com.java.TestType] [10159] - <In Set values of the page>
[DEBUG][2015-12-11 12:24:21,588][com.java.TestType] [10164] - {Data Fields & Data Values Exist}
[INFO ][2015-12-11 12:24:21,589][com.java.TestType] [10170] - --------------------------setting values-----------------------------
[INFO ][2015-12-11 12:24:21,589][com.java.TestType] [10173] - Action Type : CLEARANDENTER
[INFO ][2015-12-11 12:24:21,589][com.java.TestType] [ 5500] - value = valuelabs.ie10.15019
[INFO ][2015-12-11 12:24:26,430][com.java.TestType] [10192] -  RESULT true
[INFO ][2015-12-11 12:24:26,430][com.java.TestType] [10309] - ?   P A S S   ?
[DEBUG][2015-12-11 12:24:26,430][com.java.TestType] [10115] - Concept ID:1 :: Step being Executed: 1::2
[INFO ][2015-12-11 12:24:26,430][com.java.TestType] [10153] - dataFields : TXTpassword
[DEBUG][2015-12-11 12:24:26,430][com.java.TestType] [10159] - <In Set values of the page>
[DEBUG][2015-12-11 12:24:26,430][com.java.TestType] [10164] - {Data Fields & Data Values Exist}
[INFO ][2015-12-11 12:24:26,431][com.java.TestType] [10170] - --------------------------setting values-----------------------------
[INFO ][2015-12-11 12:24:26,431][com.java.TestType] [10173] - Action Type : CLEARANDENTER
[INFO ][2015-12-11 12:24:26,431][com.java.TestType] [ 5500] - value = Password1*
[INFO ][2015-12-11 12:24:31,315][com.java.TestType] [10192] -  RESULT true
[INFO ][2015-12-11 12:24:31,315][com.java.TestType] [10309] - ?   P A S S   ?
[DEBUG][2015-12-11 12:24:31,315][com.java.TestType] [10115] - Concept ID:1 :: Step being Executed: 1::3
[ERROR][2015-12-11 12:24:31,315][com.java.TestType] [10148] - Exception: null
[INFO ][2015-12-11 12:24:31,316][com.java.TestType] [10153] - dataFields : XPH//button[@type='submit']
[DEBUG][2015-12-11 12:24:31,316][com.java.TestType] [10159] - <In Set values of the page>
[DEBUG][2015-12-11 12:24:31,316][com.java.TestType] [10164] - {Data Fields & Data Values Exist}
[INFO ][2015-12-11 12:24:31,316][com.java.TestType] [10170] - --------------------------setting values-----------------------------
[INFO ][2015-12-11 12:24:31,316][com.java.TestType] [10173] - Action Type : Click
[INFO ][2015-12-11 12:24:31,316][com.java.TestType] [ 5849] - Field ::XPH//button[@type='submit']
[INFO ][2015-12-11 12:24:31,316][com.java.TestType] [ 5500] - value = 
[INFO ][2015-12-11 12:24:32,316][com.java.TestType] [ 5956] - BEFORE CLICK
[INFO ][2015-12-11 12:24:33,173][com.java.TestType] [ 5964] - Unable to click the object Login
[INFO ][2015-12-11 12:24:33,173][com.java.TestType] [10192] -  RESULT true
[INFO ][2015-12-11 12:24:33,173][com.java.TestType] [10309] - ?   P A S S   ?
[DEBUG][2015-12-11 12:24:33,173][com.java.TestType] [10115] - Concept ID:1 :: Step being Executed: 1::4
[INFO ][2015-12-11 12:24:33,173][com.java.TestType] [10153] - dataFields : LNKLogout
[DEBUG][2015-12-11 12:24:33,173][com.java.TestType] [10159] - <In Set values of the page>
[DEBUG][2015-12-11 12:24:33,173][com.java.TestType] [10164] - {Data Fields & Data Values Exist}
[INFO ][2015-12-11 12:24:33,173][com.java.TestType] [10170] - --------------------------setting values-----------------------------
[INFO ][2015-12-11 12:24:33,173][com.java.TestType] [10173] - Action Type : WaitForElement
[INFO ][2015-12-11 12:24:36,676][com.java.TestType] [10192] -  RESULT true
[INFO ][2015-12-11 12:24:36,676][com.java.TestType] [10309] - ?   P A S S   ?
[DEBUG][2015-12-11 12:24:36,676][com.java.TestType] [10115] - Concept ID:1 :: Step being Executed: 1::15
[INFO ][2015-12-11 12:24:36,676][com.java.TestType] [10153] - dataFields : LNK
[DEBUG][2015-12-11 12:24:36,676][com.java.TestType] [10159] - <In Set values of the page>
[DEBUG][2015-12-11 12:24:36,677][com.java.TestType] [10164] - {Data Fields & Data Values Exist}
[INFO ][2015-12-11 12:24:36,677][com.java.TestType] [10170] - --------------------------setting values-----------------------------
[INFO ][2015-12-11 12:24:36,678][com.java.TestType] [10173] - Action Type : Verify
[INFO ][2015-12-11 12:24:36,678][com.java.TestType] [ 6762] - field= LNK value= Logout
[INFO ][2015-12-11 12:24:36,679][com.java.TestType] [ 5500] - value = Logout
[INFO ][2015-12-11 12:24:36,712][com.java.TestType] [10192] -  RESULT true
[INFO ][2015-12-11 12:24:36,712][com.java.TestType] [10309] - ?   P A S S   ?
[DEBUG][2015-12-11 12:24:36,712][com.java.TestType] [10115] - Concept ID:1 :: Step being Executed: 1::16
[INFO ][2015-12-11 12:24:36,712][com.java.TestType] [10153] - dataFields : BTN
[DEBUG][2015-12-11 12:24:36,712][com.java.TestType] [10159] - <In Set values of the page>
[DEBUG][2015-12-11 12:24:36,712][com.java.TestType] [10164] - {Data Fields & Data Values Exist}
[INFO ][2015-12-11 12:24:36,712][com.java.TestType] [10170] - --------------------------setting values-----------------------------
[INFO ][2015-12-11 12:24:36,712][com.java.TestType] [10173] - Action Type : Verify
[INFO ][2015-12-11 12:24:36,713][com.java.TestType] [ 6762] - field= BTN value= //img[contains(@src,'bdlogo.jpg')]
[INFO ][2015-12-11 12:24:36,713][com.java.TestType] [ 5500] - value = //img[contains(@src,'bdlogo.jpg')]
[INFO ][2015-12-11 12:24:36,777][com.java.TestType] [10192] -  RESULT true
[INFO ][2015-12-11 12:24:36,777][com.java.TestType] [10309] - ?   P A S S   ?
[INFO ][2015-12-11 12:24:36,777][com.java.TestType] [10380] - Looping End......
[INFO ][2015-12-11 12:24:36,781][com.java.SeleniumDriver] [  894] -  RESULT true
[INFO ][2015-12-11 12:24:36,781][com.java.SeleniumDriver] [ 1100] - ?   P A S S   ?
[INFO ][2015-12-11 12:24:36,781][com.java.SeleniumDriver] [  821] - ------------------------------------------
[INFO ][2015-12-11 12:24:36,782][com.java.SeleniumDriver] [  822] - Test case being Executed: 1
[INFO ][2015-12-11 12:24:36,782][com.java.SeleniumDriver] [  833] - Test step:2
[INFO ][2015-12-11 12:24:36,782][com.java.SeleniumDriver] [  845] - Datavalue is----------Concept#2:1-2
[INFO ][2015-12-11 12:24:36,782][com.java.SeleniumDriver] [  869] - DataField : test
[INFO ][2015-12-11 12:24:36,782][com.java.SeleniumDriver] [  871] - DataValue : Concept#2:1-2
[INFO ][2015-12-11 12:24:36,782][com.java.SeleniumDriver] [  877] - <In Set values of the page>
[INFO ][2015-12-11 12:24:36,782][com.java.SeleniumDriver] [  880] - {Data Fields & Data Values Exist}
[INFO ][2015-12-11 12:24:36,782][com.java.SeleniumDriver] [  882] - --------------------------setting values-----------------------------
[INFO ][2015-12-11 12:24:36,782][com.java.SeleniumDriver] [  885] - Action Type : ExecuteTestCase
[INFO ][2015-12-11 12:24:36,782][com.java.TestType] [  436] - The Concept sheet name is ---------- Concept
[INFO ][2015-12-11 12:24:36,783][com.java.TestType] [  439] - The Concept ID  is ---------- 2
[DEBUG][2015-12-11 12:24:36,783][com.java.TestType] [  443] - Steps being executted in the Concept are: 1:2
[INFO ][2015-12-11 12:24:36,783][com.java.TestType] [  450] - Test data details path ---------- D:\BankersDashboard\TestInputs\TestData.xls
[INFO ][2015-12-11 12:24:36,813][com.java.TestType] [  481] -  str(1) = 2
[INFO ][2015-12-11 12:24:36,813][com.java.TestType] [  484] - Test case Id is---2
[INFO ][2015-12-11 12:24:36,813][com.java.TestType] [  486] - 2
[INFO ][2015-12-11 12:24:36,813][com.java.TestType] [  481] -  str(2) = 1
[INFO ][2015-12-11 12:24:36,815][com.java.TestType] [  533] - row values are--------{1=com.java.Objects.TestDataDetails@57cbd9}
[INFO ][2015-12-11 12:24:36,815][com.java.TestType] [  481] -  str(1) = 2
[INFO ][2015-12-11 12:24:36,815][com.java.TestType] [  484] - Test case Id is---2
[INFO ][2015-12-11 12:24:36,815][com.java.TestType] [  486] - 2
[INFO ][2015-12-11 12:24:36,815][com.java.TestType] [  481] -  str(2) = 2
[INFO ][2015-12-11 12:24:36,817][com.java.TestType] [  533] - row values are--------{1=com.java.Objects.TestDataDetails@57cbd9, 2=com.java.Objects.TestDataDetails@11bd60e}
[INFO ][2015-12-11 12:24:36,817][com.java.TestType] [  481] -  str(1) = 2
[INFO ][2015-12-11 12:24:36,817][com.java.TestType] [  484] - Test case Id is---2
[INFO ][2015-12-11 12:24:36,817][com.java.TestType] [  486] - 2
[INFO ][2015-12-11 12:24:36,817][com.java.TestType] [  481] -  str(2) = 3
[INFO ][2015-12-11 12:24:36,818][com.java.TestType] [  533] - row values are--------{1=com.java.Objects.TestDataDetails@57cbd9, 2=com.java.Objects.TestDataDetails@11bd60e, 3=com.java.Objects.TestDataDetails@18f67d0}
[INFO ][2015-12-11 12:24:36,818][com.java.TestType] [10074] - Looping 1TCID = 2
[DEBUG][2015-12-11 12:24:36,818][com.java.TestType] [10115] - Concept ID:2 :: Step being Executed: 2::1
[INFO ][2015-12-11 12:24:36,818][com.java.TestType] [10153] - dataFields : BNK//select[@id='bank']
[DEBUG][2015-12-11 12:24:36,818][com.java.TestType] [10159] - <In Set values of the page>
[DEBUG][2015-12-11 12:24:36,818][com.java.TestType] [10164] - {Data Fields & Data Values Exist}
[INFO ][2015-12-11 12:24:36,818][com.java.TestType] [10170] - --------------------------setting values-----------------------------
[INFO ][2015-12-11 12:24:36,818][com.java.TestType] [10173] - Action Type : Select
[INFO ][2015-12-11 12:24:36,819][com.java.TestType] [ 5500] - value = PFC
[INFO ][2015-12-11 12:24:37,017][com.java.TestType] [10192] -  RESULT true
[INFO ][2015-12-11 12:24:37,017][com.java.TestType] [10309] - ?   P A S S   ?
[DEBUG][2015-12-11 12:24:37,017][com.java.TestType] [10115] - Concept ID:2 :: Step being Executed: 2::2
[INFO ][2015-12-11 12:24:37,017][com.java.TestType] [10153] - dataFields : LNKLogout
[DEBUG][2015-12-11 12:24:37,017][com.java.TestType] [10159] - <In Set values of the page>
[DEBUG][2015-12-11 12:24:37,017][com.java.TestType] [10164] - {Data Fields & Data Values Exist}
[INFO ][2015-12-11 12:24:37,018][com.java.TestType] [10170] - --------------------------setting values-----------------------------
[INFO ][2015-12-11 12:24:37,018][com.java.TestType] [10173] - Action Type : WaitTime
[DEBUG][2015-12-11 12:24:37,018][com.java.TestType] [ 5320] - sleepTime: 5000
[INFO ][2015-12-11 12:24:42,018][com.java.TestType] [10192] -  RESULT true
[INFO ][2015-12-11 12:24:42,018][com.java.TestType] [10309] - ?   P A S S   ?
[INFO ][2015-12-11 12:24:42,018][com.java.TestType] [10380] - Looping End......
[INFO ][2015-12-11 12:24:42,022][com.java.SeleniumDriver] [  894] -  RESULT true
[INFO ][2015-12-11 12:24:42,022][com.java.SeleniumDriver] [ 1100] - ?   P A S S   ?
[INFO ][2015-12-11 12:24:42,022][com.java.SeleniumDriver] [  821] - ------------------------------------------
[INFO ][2015-12-11 12:24:42,022][com.java.SeleniumDriver] [  822] - Test case being Executed: 1
[INFO ][2015-12-11 12:24:42,022][com.java.SeleniumDriver] [  833] - Test step:3
[INFO ][2015-12-11 12:24:42,022][com.java.SeleniumDriver] [  845] - Datavalue is----------2
[INFO ][2015-12-11 12:24:42,022][com.java.SeleniumDriver] [  869] - DataField : XPH//button[contains(text(),'Add Content')]
[INFO ][2015-12-11 12:24:42,022][com.java.SeleniumDriver] [  871] - DataValue : 2
[INFO ][2015-12-11 12:24:42,022][com.java.SeleniumDriver] [  877] - <In Set values of the page>
[INFO ][2015-12-11 12:24:42,023][com.java.SeleniumDriver] [  880] - {Data Fields & Data Values Exist}
[INFO ][2015-12-11 12:24:42,023][com.java.SeleniumDriver] [  882] - --------------------------setting values-----------------------------
[INFO ][2015-12-11 12:24:42,023][com.java.SeleniumDriver] [  885] - Action Type : WAITFORELEMENT
[INFO ][2015-12-11 12:24:42,056][com.java.SeleniumDriver] [  894] -  RESULT true
[INFO ][2015-12-11 12:24:42,056][com.java.SeleniumDriver] [ 1100] - ?   P A S S   ?
[DEBUG][2015-12-11 12:24:42,056][com.java.SeleniumDriver] [ 1212] - Case found
[DEBUG][2015-12-11 12:24:42,056][com.java.SeleniumDriver] [ 1217] - Incrementing ReportCounters[0]:1
[INFO ][2015-12-11 12:24:42,056][com.java.SeleniumDriver] [ 1236] - The results are-------------------[1, 1, Valid Login, Pass, , Fri Dec 11 12:24:36 IST 2015, 1, 2, Valid Login, Pass, , Fri Dec 11 12:24:42 IST 2015, 1, 3, Valid Login, Pass, , Fri Dec 11 12:24:42 IST 2015]
[INFO ][2015-12-11 12:24:42,056][com.java.SeleniumDriver] [ 1240] - End time is-------35 sec
[INFO ][2015-12-11 12:24:42,056][com.java.SeleniumDriver] [ 1241] - The results are-------------------[1, 1, Valid Login, Pass, , Fri Dec 11 12:24:36 IST 2015, 1, 2, Valid Login, Pass, , Fri Dec 11 12:24:42 IST 2015, 1, 3, Valid Login, Pass, , Fri Dec 11 12:24:42 IST 2015]
[DEBUG][2015-12-11 12:24:42,056][com.java.ImportnExport.ExportTestResultsExcel] [  222] - testResultPath = D:\BankersDashboard/TestReports/Test Results_BankersDashBoard_121115_122409_IE10_First Bank.xls
[DEBUG][2015-12-11 12:24:42,057][com.java.ImportnExport.ExportTestResultsExcel] [  223] - browser is------------IE10
[DEBUG][2015-12-11 12:24:42,103][com.java.ImportnExport.ExportTestResultsExcel] [  270] - result.size() = 18
[DEBUG][2015-12-11 12:24:42,103][com.java.ImportnExport.ExportTestResultsExcel] [  274] - No of rows in sheet=1
[DEBUG][2015-12-11 12:24:42,103][com.java.ImportnExport.ExportTestResultsExcel] [  301] - ..in export..1
[DEBUG][2015-12-11 12:24:42,103][com.java.ImportnExport.ExportTestResultsExcel] [  301] - ..in export..Valid Login
[DEBUG][2015-12-11 12:24:42,103][com.java.ImportnExport.ExportTestResultsExcel] [  301] - ..in export..Pass
[DEBUG][2015-12-11 12:24:42,103][com.java.ImportnExport.ExportTestResultsExcel] [  301] - ..in export..
[DEBUG][2015-12-11 12:24:42,103][com.java.ImportnExport.ExportTestResultsExcel] [  301] - ..in export..Fri Dec 11 12:24:36 IST 2015
[INFO ][2015-12-11 12:24:42,105][com.java.SeleniumDriver] [ 1299] - out loop:0 size:2 TestCases:[1, 7] testcases:[1, 7]
[INFO ][2015-12-11 12:24:42,105][com.java.ImportnExport.ImportTestDataDetailsExcel] [   49] - test data details path===== D:\BankersDashboard\TestInputs\TestData.xls
[INFO ][2015-12-11 12:25:02,223][com.java.SeleniumDriver] [  821] - ------------------------------------------
[INFO ][2015-12-11 12:25:02,223][com.java.SeleniumDriver] [  822] - Test case being Executed: 7
[INFO ][2015-12-11 12:25:02,223][com.java.SeleniumDriver] [  833] - Test step:1
[INFO ][2015-12-11 12:25:02,223][com.java.SeleniumDriver] [  845] - Datavalue is----------Logout
[INFO ][2015-12-11 12:25:02,223][com.java.SeleniumDriver] [  869] - DataField : BTN
[INFO ][2015-12-11 12:25:02,223][com.java.SeleniumDriver] [  871] - DataValue : Logout
[INFO ][2015-12-11 12:25:02,223][com.java.SeleniumDriver] [  877] - <In Set values of the page>
[INFO ][2015-12-11 12:25:02,223][com.java.SeleniumDriver] [  880] - {Data Fields & Data Values Exist}
[INFO ][2015-12-11 12:25:02,223][com.java.SeleniumDriver] [  882] - --------------------------setting values-----------------------------
[INFO ][2015-12-11 12:25:02,223][com.java.SeleniumDriver] [  885] - Action Type : Verify
[INFO ][2015-12-11 12:25:02,223][com.java.TestType] [ 6762] - field= BTN value= Logout
[INFO ][2015-12-11 12:25:02,223][com.java.TestType] [ 5500] - value = Logout
[INFO ][2015-12-11 12:25:02,300][com.java.SeleniumDriver] [  894] -  RESULT true
[INFO ][2015-12-11 12:25:02,300][com.java.SeleniumDriver] [ 1100] - ?   P A S S   ?
[INFO ][2015-12-11 12:25:02,300][com.java.SeleniumDriver] [ 1142] - step change to 3
[INFO ][2015-12-11 12:25:02,300][com.java.SeleniumDriver] [  821] - ------------------------------------------
[INFO ][2015-12-11 12:25:02,300][com.java.SeleniumDriver] [  822] - Test case being Executed: 7
[INFO ][2015-12-11 12:25:02,300][com.java.SeleniumDriver] [  833] - Test step:3
[INFO ][2015-12-11 12:25:02,302][com.java.SeleniumDriver] [  845] - Datavalue is----------Concept#2:1-2
[INFO ][2015-12-11 12:25:02,302][com.java.SeleniumDriver] [  869] - DataField : test
[INFO ][2015-12-11 12:25:02,302][com.java.SeleniumDriver] [  871] - DataValue : Concept#2:1-2
[INFO ][2015-12-11 12:25:02,302][com.java.SeleniumDriver] [  877] - <In Set values of the page>
[INFO ][2015-12-11 12:25:02,302][com.java.SeleniumDriver] [  880] - {Data Fields & Data Values Exist}
[INFO ][2015-12-11 12:25:02,302][com.java.SeleniumDriver] [  882] - --------------------------setting values-----------------------------
[INFO ][2015-12-11 12:25:02,302][com.java.SeleniumDriver] [  885] - Action Type : ExecuteTestCase
[INFO ][2015-12-11 12:25:02,302][com.java.TestType] [  436] - The Concept sheet name is ---------- Concept
[INFO ][2015-12-11 12:25:02,302][com.java.TestType] [  439] - The Concept ID  is ---------- 2
[DEBUG][2015-12-11 12:25:02,303][com.java.TestType] [  443] - Steps being executted in the Concept are: 1:2
[INFO ][2015-12-11 12:25:02,303][com.java.TestType] [  450] - Test data details path ---------- D:\BankersDashboard\TestInputs\TestData.xls
[INFO ][2015-12-11 12:25:02,333][com.java.TestType] [  481] -  str(1) = 2
[INFO ][2015-12-11 12:25:02,333][com.java.TestType] [  484] - Test case Id is---2
[INFO ][2015-12-11 12:25:02,333][com.java.TestType] [  486] - 2
[INFO ][2015-12-11 12:25:02,333][com.java.TestType] [  481] -  str(2) = 1
[INFO ][2015-12-11 12:25:02,335][com.java.TestType] [  533] - row values are--------{1=com.java.Objects.TestDataDetails@5ad386}
[INFO ][2015-12-11 12:25:02,335][com.java.TestType] [  481] -  str(1) = 2
[INFO ][2015-12-11 12:25:02,335][com.java.TestType] [  484] - Test case Id is---2
[INFO ][2015-12-11 12:25:02,335][com.java.TestType] [  486] - 2
[INFO ][2015-12-11 12:25:02,335][com.java.TestType] [  481] -  str(2) = 2
[INFO ][2015-12-11 12:25:02,336][com.java.TestType] [  533] - row values are--------{1=com.java.Objects.TestDataDetails@5ad386, 2=com.java.Objects.TestDataDetails@1ce1b2b}
[INFO ][2015-12-11 12:25:02,336][com.java.TestType] [  481] -  str(1) = 2
[INFO ][2015-12-11 12:25:02,336][com.java.TestType] [  484] - Test case Id is---2
[INFO ][2015-12-11 12:25:02,336][com.java.TestType] [  486] - 2
[INFO ][2015-12-11 12:25:02,336][com.java.TestType] [  481] -  str(2) = 3
[INFO ][2015-12-11 12:25:02,337][com.java.TestType] [  533] - row values are--------{1=com.java.Objects.TestDataDetails@5ad386, 2=com.java.Objects.TestDataDetails@1ce1b2b, 3=com.java.Objects.TestDataDetails@1d034cf}
[INFO ][2015-12-11 12:25:02,337][com.java.TestType] [10074] - Looping 1TCID = 2
[DEBUG][2015-12-11 12:25:02,337][com.java.TestType] [10115] - Concept ID:2 :: Step being Executed: 2::1
[INFO ][2015-12-11 12:25:02,337][com.java.TestType] [10153] - dataFields : BNK//select[@id='bank']
[DEBUG][2015-12-11 12:25:02,338][com.java.TestType] [10159] - <In Set values of the page>
[DEBUG][2015-12-11 12:25:02,338][com.java.TestType] [10164] - {Data Fields & Data Values Exist}
[INFO ][2015-12-11 12:25:02,338][com.java.TestType] [10170] - --------------------------setting values-----------------------------
[INFO ][2015-12-11 12:25:02,338][com.java.TestType] [10173] - Action Type : Select
[INFO ][2015-12-11 12:25:02,338][com.java.TestType] [ 5500] - value = PFC
[INFO ][2015-12-11 12:25:02,514][com.java.TestType] [10192] -  RESULT true
[INFO ][2015-12-11 12:25:02,514][com.java.TestType] [10309] - ?   P A S S   ?
[DEBUG][2015-12-11 12:25:02,514][com.java.TestType] [10115] - Concept ID:2 :: Step being Executed: 2::2
[INFO ][2015-12-11 12:25:02,514][com.java.TestType] [10153] - dataFields : LNKLogout
[DEBUG][2015-12-11 12:25:02,514][com.java.TestType] [10159] - <In Set values of the page>
[DEBUG][2015-12-11 12:25:02,514][com.java.TestType] [10164] - {Data Fields & Data Values Exist}
[INFO ][2015-12-11 12:25:02,514][com.java.TestType] [10170] - --------------------------setting values-----------------------------
[INFO ][2015-12-11 12:25:02,514][com.java.TestType] [10173] - Action Type : WaitTime
[DEBUG][2015-12-11 12:25:02,514][com.java.TestType] [ 5320] - sleepTime: 5000
[INFO ][2015-12-11 12:25:07,514][com.java.TestType] [10192] -  RESULT true
[INFO ][2015-12-11 12:25:07,514][com.java.TestType] [10309] - ?   P A S S   ?
[INFO ][2015-12-11 12:25:07,514][com.java.TestType] [10380] - Looping End......
[INFO ][2015-12-11 12:25:07,518][com.java.SeleniumDriver] [  894] -  RESULT true
[INFO ][2015-12-11 12:25:07,518][com.java.SeleniumDriver] [ 1100] - ?   P A S S   ?
[INFO ][2015-12-11 12:25:07,518][com.java.SeleniumDriver] [  821] - ------------------------------------------
[INFO ][2015-12-11 12:25:07,518][com.java.SeleniumDriver] [  822] - Test case being Executed: 7
[INFO ][2015-12-11 12:25:07,518][com.java.SeleniumDriver] [  833] - Test step:4
[INFO ][2015-12-11 12:25:07,518][com.java.SeleniumDriver] [  845] - Datavalue is----------null
[DEBUG][2015-12-11 12:25:07,518][com.java.SeleniumDriver] [  863] - Exception: null
[INFO ][2015-12-11 12:25:07,518][com.java.SeleniumDriver] [  869] - DataField : //span[@class='icon-user4']&&//a[text()='Users']&&//a[@data-id="ModifyUsers"]
[INFO ][2015-12-11 12:25:07,518][com.java.SeleniumDriver] [  871] - DataValue : 
[INFO ][2015-12-11 12:25:07,518][com.java.SeleniumDriver] [  877] - <In Set values of the page>
[INFO ][2015-12-11 12:25:07,518][com.java.SeleniumDriver] [  880] - {Data Fields & Data Values Exist}
[INFO ][2015-12-11 12:25:07,518][com.java.SeleniumDriver] [  882] - --------------------------setting values-----------------------------
[INFO ][2015-12-11 12:25:07,518][com.java.SeleniumDriver] [  885] - Action Type : MouseOver
[INFO ][2015-12-11 12:25:34,255][com.java.SeleniumDriver] [  894] -  RESULT true
[INFO ][2015-12-11 12:25:34,255][com.java.SeleniumDriver] [ 1100] - ?   P A S S   ?
[INFO ][2015-12-11 12:25:34,255][com.java.SeleniumDriver] [  821] - ------------------------------------------
[INFO ][2015-12-11 12:25:34,255][com.java.SeleniumDriver] [  822] - Test case being Executed: 7
[INFO ][2015-12-11 12:25:34,255][com.java.SeleniumDriver] [  833] - Test step:5
[INFO ][2015-12-11 12:25:34,255][com.java.SeleniumDriver] [  845] - Datavalue is----------2
[INFO ][2015-12-11 12:25:34,255][com.java.SeleniumDriver] [  869] - DataField : BTNframeDialogContent
[INFO ][2015-12-11 12:25:34,255][com.java.SeleniumDriver] [  871] - DataValue : 2
[INFO ][2015-12-11 12:25:34,255][com.java.SeleniumDriver] [  877] - <In Set values of the page>
[INFO ][2015-12-11 12:25:34,255][com.java.SeleniumDriver] [  880] - {Data Fields & Data Values Exist}
[INFO ][2015-12-11 12:25:34,255][com.java.SeleniumDriver] [  882] - --------------------------setting values-----------------------------
[INFO ][2015-12-11 12:25:34,255][com.java.SeleniumDriver] [  885] - Action Type : WaitForElement
[INFO ][2015-12-11 12:25:35,458][com.java.SeleniumDriver] [  894] -  RESULT true
[INFO ][2015-12-11 12:25:35,458][com.java.SeleniumDriver] [ 1100] - ?   P A S S   ?
[INFO ][2015-12-11 12:25:35,458][com.java.SeleniumDriver] [  821] - ------------------------------------------
[INFO ][2015-12-11 12:25:35,458][com.java.SeleniumDriver] [  822] - Test case being Executed: 7
[INFO ][2015-12-11 12:25:35,458][com.java.SeleniumDriver] [  833] - Test step:6
[INFO ][2015-12-11 12:25:35,458][com.java.SeleniumDriver] [  845] - Datavalue is----------null
[DEBUG][2015-12-11 12:25:35,459][com.java.SeleniumDriver] [  863] - Exception: null
[INFO ][2015-12-11 12:25:35,459][com.java.SeleniumDriver] [  869] - DataField : BTNframeDialogContent
[INFO ][2015-12-11 12:25:35,459][com.java.SeleniumDriver] [  871] - DataValue : 
[INFO ][2015-12-11 12:25:35,459][com.java.SeleniumDriver] [  877] - <In Set values of the page>
[INFO ][2015-12-11 12:25:35,459][com.java.SeleniumDriver] [  880] - {Data Fields & Data Values Exist}
[INFO ][2015-12-11 12:25:35,459][com.java.SeleniumDriver] [  882] - --------------------------setting values-----------------------------
[INFO ][2015-12-11 12:25:35,459][com.java.SeleniumDriver] [  885] - Action Type : SELECTFRAME
[INFO ][2015-12-11 12:25:36,690][com.java.SeleniumDriver] [  894] -  RESULT true
[INFO ][2015-12-11 12:25:36,690][com.java.SeleniumDriver] [ 1100] - ?   P A S S   ?
[INFO ][2015-12-11 12:25:36,690][com.java.SeleniumDriver] [  821] - ------------------------------------------
[INFO ][2015-12-11 12:25:36,690][com.java.SeleniumDriver] [  822] - Test case being Executed: 7
[INFO ][2015-12-11 12:25:36,690][com.java.SeleniumDriver] [  833] - Test step:7
[INFO ][2015-12-11 12:25:36,690][com.java.SeleniumDriver] [  845] - Datavalue is----------2
[INFO ][2015-12-11 12:25:36,690][com.java.SeleniumDriver] [  869] - DataField : BTNbtnAddUser
[INFO ][2015-12-11 12:25:36,690][com.java.SeleniumDriver] [  871] - DataValue : 2
[INFO ][2015-12-11 12:25:36,690][com.java.SeleniumDriver] [  877] - <In Set values of the page>
[INFO ][2015-12-11 12:25:36,690][com.java.SeleniumDriver] [  880] - {Data Fields & Data Values Exist}
[INFO ][2015-12-11 12:25:36,691][com.java.SeleniumDriver] [  882] - --------------------------setting values-----------------------------
[INFO ][2015-12-11 12:25:36,691][com.java.SeleniumDriver] [  885] - Action Type : WaitForElement
[INFO ][2015-12-11 12:25:38,309][com.java.SeleniumDriver] [  894] -  RESULT true
[INFO ][2015-12-11 12:25:38,309][com.java.SeleniumDriver] [ 1100] - ?   P A S S   ?
[INFO ][2015-12-11 12:25:38,309][com.java.SeleniumDriver] [  821] - ------------------------------------------
[INFO ][2015-12-11 12:25:38,309][com.java.SeleniumDriver] [  822] - Test case being Executed: 7
[INFO ][2015-12-11 12:25:38,309][com.java.SeleniumDriver] [  833] - Test step:8
[INFO ][2015-12-11 12:25:38,309][com.java.SeleniumDriver] [  845] - Datavalue is----------null
[DEBUG][2015-12-11 12:25:38,309][com.java.SeleniumDriver] [  863] - Exception: null
[INFO ][2015-12-11 12:25:38,310][com.java.SeleniumDriver] [  869] - DataField : BTNbtnAddUser
[INFO ][2015-12-11 12:25:38,310][com.java.SeleniumDriver] [  871] - DataValue : 
[INFO ][2015-12-11 12:25:38,310][com.java.SeleniumDriver] [  877] - <In Set values of the page>
[INFO ][2015-12-11 12:25:38,310][com.java.SeleniumDriver] [  880] - {Data Fields & Data Values Exist}
[INFO ][2015-12-11 12:25:38,310][com.java.SeleniumDriver] [  882] - --------------------------setting values-----------------------------
[INFO ][2015-12-11 12:25:38,310][com.java.SeleniumDriver] [  885] - Action Type : Click
[INFO ][2015-12-11 12:25:38,310][com.java.TestType] [ 5849] - Field ::BTNbtnAddUser
[INFO ][2015-12-11 12:25:38,310][com.java.TestType] [ 5500] - value = 
[INFO ][2015-12-11 12:25:39,310][com.java.TestType] [ 5935] - BEFORE CLICK
[INFO ][2015-12-11 12:25:41,102][com.java.TestType] [ 5942] - Unable to click the object Add user button
[INFO ][2015-12-11 12:25:41,102][com.java.SeleniumDriver] [  894] -  RESULT true
[INFO ][2015-12-11 12:25:41,102][com.java.SeleniumDriver] [ 1100] - ?   P A S S   ?
[INFO ][2015-12-11 12:25:41,102][com.java.SeleniumDriver] [  821] - ------------------------------------------
[INFO ][2015-12-11 12:25:41,102][com.java.SeleniumDriver] [  822] - Test case being Executed: 7
[INFO ][2015-12-11 12:25:41,102][com.java.SeleniumDriver] [  833] - Test step:9
[INFO ][2015-12-11 12:25:41,102][com.java.SeleniumDriver] [  845] - Datavalue is----------2
[INFO ][2015-12-11 12:25:41,102][com.java.SeleniumDriver] [  869] - DataField : BTNtxtUserName
[INFO ][2015-12-11 12:25:41,102][com.java.SeleniumDriver] [  871] - DataValue : 2
[INFO ][2015-12-11 12:25:41,102][com.java.SeleniumDriver] [  877] - <In Set values of the page>
[INFO ][2015-12-11 12:25:41,102][com.java.SeleniumDriver] [  880] - {Data Fields & Data Values Exist}
[INFO ][2015-12-11 12:25:41,102][com.java.SeleniumDriver] [  882] - --------------------------setting values-----------------------------
[INFO ][2015-12-11 12:25:41,103][com.java.SeleniumDriver] [  885] - Action Type : WaitForElement
[INFO ][2015-12-11 12:25:42,268][com.java.SeleniumDriver] [  894] -  RESULT true
[INFO ][2015-12-11 12:25:42,268][com.java.SeleniumDriver] [ 1100] - ?   P A S S   ?
[INFO ][2015-12-11 12:25:42,268][com.java.SeleniumDriver] [  821] - ------------------------------------------
[INFO ][2015-12-11 12:25:42,268][com.java.SeleniumDriver] [  822] - Test case being Executed: 7
[INFO ][2015-12-11 12:25:42,268][com.java.SeleniumDriver] [  833] - Test step:10
[INFO ][2015-12-11 12:25:42,268][com.java.SeleniumDriver] [  845] - Datavalue is----------dt:NewUserName
[INFO ][2015-12-11 12:25:42,268][com.java.SeleniumDriver] [  869] - DataField : TXTtxtUserName
[INFO ][2015-12-11 12:25:42,268][com.java.SeleniumDriver] [  871] - DataValue : dt:NewUserName
[INFO ][2015-12-11 12:25:42,268][com.java.SeleniumDriver] [  877] - <In Set values of the page>
[INFO ][2015-12-11 12:25:42,268][com.java.SeleniumDriver] [  880] - {Data Fields & Data Values Exist}
[INFO ][2015-12-11 12:25:42,269][com.java.SeleniumDriver] [  882] - --------------------------setting values-----------------------------
[INFO ][2015-12-11 12:25:42,269][com.java.SeleniumDriver] [  885] - Action Type : Enter
[INFO ][2015-12-11 12:25:42,269][com.java.TestType] [ 6217] - field = txtUserName
[INFO ][2015-12-11 12:25:42,269][com.java.TestType] [ 5500] - value = vltest.robot
[INFO ][2015-12-11 12:25:44,949][com.java.SeleniumDriver] [  894] -  RESULT true
[INFO ][2015-12-11 12:25:44,949][com.java.SeleniumDriver] [ 1100] - ?   P A S S   ?
[INFO ][2015-12-11 12:25:44,949][com.java.SeleniumDriver] [  821] - ------------------------------------------
[INFO ][2015-12-11 12:25:44,949][com.java.SeleniumDriver] [  822] - Test case being Executed: 7
[INFO ][2015-12-11 12:25:44,949][com.java.SeleniumDriver] [  833] - Test step:11
[INFO ][2015-12-11 12:25:44,949][com.java.SeleniumDriver] [  845] - Datavalue is----------VLTest
[INFO ][2015-12-11 12:25:44,949][com.java.SeleniumDriver] [  869] - DataField : TXTtxtFirstName
[INFO ][2015-12-11 12:25:44,949][com.java.SeleniumDriver] [  871] - DataValue : VLTest
[INFO ][2015-12-11 12:25:44,949][com.java.SeleniumDriver] [  877] - <In Set values of the page>
[INFO ][2015-12-11 12:25:44,949][com.java.SeleniumDriver] [  880] - {Data Fields & Data Values Exist}
[INFO ][2015-12-11 12:25:44,949][com.java.SeleniumDriver] [  882] - --------------------------setting values-----------------------------
[INFO ][2015-12-11 12:25:44,949][com.java.SeleniumDriver] [  885] - Action Type : Enter
[INFO ][2015-12-11 12:25:44,950][com.java.TestType] [ 6217] - field = txtFirstName
[INFO ][2015-12-11 12:25:44,950][com.java.TestType] [ 5500] - value = VLTest
[INFO ][2015-12-11 12:25:47,903][com.java.SeleniumDriver] [  894] -  RESULT true
[INFO ][2015-12-11 12:25:47,903][com.java.SeleniumDriver] [ 1100] - ?   P A S S   ?
[INFO ][2015-12-11 12:25:47,903][com.java.SeleniumDriver] [  821] - ------------------------------------------
[INFO ][2015-12-11 12:25:47,903][com.java.SeleniumDriver] [  822] - Test case being Executed: 7
[INFO ][2015-12-11 12:25:47,903][com.java.SeleniumDriver] [  833] - Test step:12
[INFO ][2015-12-11 12:25:47,903][com.java.SeleniumDriver] [  845] - Datavalue is----------Robot
[INFO ][2015-12-11 12:25:47,903][com.java.SeleniumDriver] [  869] - DataField : TXTtxtLastName
[INFO ][2015-12-11 12:25:47,903][com.java.SeleniumDriver] [  871] - DataValue : Robot
[INFO ][2015-12-11 12:25:47,903][com.java.SeleniumDriver] [  877] - <In Set values of the page>
[INFO ][2015-12-11 12:25:47,903][com.java.SeleniumDriver] [  880] - {Data Fields & Data Values Exist}
[INFO ][2015-12-11 12:25:47,903][com.java.SeleniumDriver] [  882] - --------------------------setting values-----------------------------
[INFO ][2015-12-11 12:25:47,903][com.java.SeleniumDriver] [  885] - Action Type : Enter
[INFO ][2015-12-11 12:25:47,904][com.java.TestType] [ 6217] - field = txtLastName
[INFO ][2015-12-11 12:25:47,904][com.java.TestType] [ 5500] - value = Robot
[INFO ][2015-12-11 12:25:50,644][com.java.SeleniumDriver] [  894] -  RESULT true
[INFO ][2015-12-11 12:25:50,644][com.java.SeleniumDriver] [ 1100] - ?   P A S S   ?
[INFO ][2015-12-11 12:25:50,644][com.java.SeleniumDriver] [  821] - ------------------------------------------
[INFO ][2015-12-11 12:25:50,644][com.java.SeleniumDriver] [  822] - Test case being Executed: 7
[INFO ][2015-12-11 12:25:50,644][com.java.SeleniumDriver] [  833] - Test step:13
[INFO ][2015-12-11 12:25:50,644][com.java.SeleniumDriver] [  845] - Datavalue is----------ValueLabs
[INFO ][2015-12-11 12:25:50,644][com.java.SeleniumDriver] [  869] - DataField : TXTtxtCompany
[INFO ][2015-12-11 12:25:50,644][com.java.SeleniumDriver] [  871] - DataValue : ValueLabs
[INFO ][2015-12-11 12:25:50,645][com.java.SeleniumDriver] [  877] - <In Set values of the page>
[INFO ][2015-12-11 12:25:50,645][com.java.SeleniumDriver] [  880] - {Data Fields & Data Values Exist}
[INFO ][2015-12-11 12:25:50,645][com.java.SeleniumDriver] [  882] - --------------------------setting values-----------------------------
[INFO ][2015-12-11 12:25:50,645][com.java.SeleniumDriver] [  885] - Action Type : Enter
[INFO ][2015-12-11 12:25:50,645][com.java.TestType] [ 6217] - field = txtCompany
[INFO ][2015-12-11 12:25:50,645][com.java.TestType] [ 5500] - value = ValueLabs
[INFO ][2015-12-11 12:25:53,515][com.java.SeleniumDriver] [  894] -  RESULT true
[INFO ][2015-12-11 12:25:53,515][com.java.SeleniumDriver] [ 1100] - ?   P A S S   ?
[INFO ][2015-12-11 12:25:53,515][com.java.SeleniumDriver] [  821] - ------------------------------------------
[INFO ][2015-12-11 12:25:53,515][com.java.SeleniumDriver] [  822] - Test case being Executed: 7
[INFO ][2015-12-11 12:25:53,515][com.java.SeleniumDriver] [  833] - Test step:14
[INFO ][2015-12-11 12:25:53,516][com.java.SeleniumDriver] [  845] - Datavalue is----------India
[INFO ][2015-12-11 12:25:53,516][com.java.SeleniumDriver] [  869] - DataField : TXTtxtLocation
[INFO ][2015-12-11 12:25:53,516][com.java.SeleniumDriver] [  871] - DataValue : India
[INFO ][2015-12-11 12:25:53,516][com.java.SeleniumDriver] [  877] - <In Set values of the page>
[INFO ][2015-12-11 12:25:53,516][com.java.SeleniumDriver] [  880] - {Data Fields & Data Values Exist}
[INFO ][2015-12-11 12:25:53,516][com.java.SeleniumDriver] [  882] - --------------------------setting values-----------------------------
[INFO ][2015-12-11 12:25:53,516][com.java.SeleniumDriver] [  885] - Action Type : Enter
[INFO ][2015-12-11 12:25:53,516][com.java.TestType] [ 6217] - field = txtLocation
[INFO ][2015-12-11 12:25:53,516][com.java.TestType] [ 5500] - value = India
[INFO ][2015-12-11 12:25:56,262][com.java.SeleniumDriver] [  894] -  RESULT true
[INFO ][2015-12-11 12:25:56,262][com.java.SeleniumDriver] [ 1100] - ?   P A S S   ?
[INFO ][2015-12-11 12:25:56,262][com.java.SeleniumDriver] [  821] - ------------------------------------------
[INFO ][2015-12-11 12:25:56,262][com.java.SeleniumDriver] [  822] - Test case being Executed: 7
[INFO ][2015-12-11 12:25:56,262][com.java.SeleniumDriver] [  833] - Test step:15
[INFO ][2015-12-11 12:25:56,262][com.java.SeleniumDriver] [  845] - Datavalue is----------vltest.robot@valuelabs.com
[INFO ][2015-12-11 12:25:56,262][com.java.SeleniumDriver] [  869] - DataField : TXTtxtEMail
[INFO ][2015-12-11 12:25:56,262][com.java.SeleniumDriver] [  871] - DataValue : vltest.robot@valuelabs.com
[INFO ][2015-12-11 12:25:56,262][com.java.SeleniumDriver] [  877] - <In Set values of the page>
[INFO ][2015-12-11 12:25:56,262][com.java.SeleniumDriver] [  880] - {Data Fields & Data Values Exist}
[INFO ][2015-12-11 12:25:56,262][com.java.SeleniumDriver] [  882] - --------------------------setting values-----------------------------
[INFO ][2015-12-11 12:25:56,262][com.java.SeleniumDriver] [  885] - Action Type : Enter
[INFO ][2015-12-11 12:25:56,263][com.java.TestType] [ 6217] - field = txtEMail
[INFO ][2015-12-11 12:25:56,263][com.java.TestType] [ 5500] - value = vltest.robot@valuelabs.com
[INFO ][2015-12-11 12:25:59,125][com.java.SeleniumDriver] [  894] -  RESULT true
[INFO ][2015-12-11 12:25:59,126][com.java.SeleniumDriver] [ 1100] - ?   P A S S   ?
[INFO ][2015-12-11 12:25:59,126][com.java.SeleniumDriver] [  821] - ------------------------------------------
[INFO ][2015-12-11 12:25:59,126][com.java.SeleniumDriver] [  822] - Test case being Executed: 7
[INFO ][2015-12-11 12:25:59,126][com.java.SeleniumDriver] [  833] - Test step:16
[INFO ][2015-12-11 12:25:59,126][com.java.SeleniumDriver] [  845] - Datavalue is----------12345678901
[INFO ][2015-12-11 12:25:59,126][com.java.SeleniumDriver] [  869] - DataField : TXTtxtPhone
[INFO ][2015-12-11 12:25:59,126][com.java.SeleniumDriver] [  871] - DataValue : 12345678901
[INFO ][2015-12-11 12:25:59,126][com.java.SeleniumDriver] [  877] - <In Set values of the page>
[INFO ][2015-12-11 12:25:59,126][com.java.SeleniumDriver] [  880] - {Data Fields & Data Values Exist}
[INFO ][2015-12-11 12:25:59,126][com.java.SeleniumDriver] [  882] - --------------------------setting values-----------------------------
[INFO ][2015-12-11 12:25:59,126][com.java.SeleniumDriver] [  885] - Action Type : Enter
[INFO ][2015-12-11 12:25:59,126][com.java.TestType] [ 6217] - field = txtPhone
[INFO ][2015-12-11 12:25:59,127][com.java.TestType] [ 5500] - value = 12345678901
[INFO ][2015-12-11 12:26:01,805][com.java.SeleniumDriver] [  894] -  RESULT true
[INFO ][2015-12-11 12:26:01,805][com.java.SeleniumDriver] [ 1100] - ?   P A S S   ?
[INFO ][2015-12-11 12:26:01,805][com.java.SeleniumDriver] [  821] - ------------------------------------------
[INFO ][2015-12-11 12:26:01,805][com.java.SeleniumDriver] [  822] - Test case being Executed: 7
[INFO ][2015-12-11 12:26:01,805][com.java.SeleniumDriver] [  833] - Test step:17
[INFO ][2015-12-11 12:26:01,805][com.java.SeleniumDriver] [  845] - Datavalue is----------dt:NewUserPswd
[INFO ][2015-12-11 12:26:01,805][com.java.SeleniumDriver] [  869] - DataField : TXTtxtPassword
[INFO ][2015-12-11 12:26:01,805][com.java.SeleniumDriver] [  871] - DataValue : dt:NewUserPswd
[INFO ][2015-12-11 12:26:01,805][com.java.SeleniumDriver] [  877] - <In Set values of the page>
[INFO ][2015-12-11 12:26:01,805][com.java.SeleniumDriver] [  880] - {Data Fields & Data Values Exist}
[INFO ][2015-12-11 12:26:01,805][com.java.SeleniumDriver] [  882] - --------------------------setting values-----------------------------
[INFO ][2015-12-11 12:26:01,805][com.java.SeleniumDriver] [  885] - Action Type : Enter
[INFO ][2015-12-11 12:26:01,805][com.java.TestType] [ 6217] - field = txtPassword
[INFO ][2015-12-11 12:26:01,806][com.java.TestType] [ 5500] - value = Password1*
[INFO ][2015-12-11 12:26:04,690][com.java.SeleniumDriver] [  894] -  RESULT true
[INFO ][2015-12-11 12:26:04,691][com.java.SeleniumDriver] [ 1100] - ?   P A S S   ?
[INFO ][2015-12-11 12:26:04,691][com.java.SeleniumDriver] [  821] - ------------------------------------------
[INFO ][2015-12-11 12:26:04,691][com.java.SeleniumDriver] [  822] - Test case being Executed: 7
[INFO ][2015-12-11 12:26:04,691][com.java.SeleniumDriver] [  833] - Test step:18
[INFO ][2015-12-11 12:26:04,691][com.java.SeleniumDriver] [  845] - Datavalue is----------dt:NewUserPswd
[INFO ][2015-12-11 12:26:04,691][com.java.SeleniumDriver] [  869] - DataField : TXTtxtPasswordConfirm
[INFO ][2015-12-11 12:26:04,691][com.java.SeleniumDriver] [  871] - DataValue : dt:NewUserPswd
[INFO ][2015-12-11 12:26:04,691][com.java.SeleniumDriver] [  877] - <In Set values of the page>
[INFO ][2015-12-11 12:26:04,691][com.java.SeleniumDriver] [  880] - {Data Fields & Data Values Exist}
[INFO ][2015-12-11 12:26:04,691][com.java.SeleniumDriver] [  882] - --------------------------setting values-----------------------------
[INFO ][2015-12-11 12:26:04,691][com.java.SeleniumDriver] [  885] - Action Type : Enter
[INFO ][2015-12-11 12:26:04,691][com.java.TestType] [ 6217] - field = txtPasswordConfirm
[INFO ][2015-12-11 12:26:04,692][com.java.TestType] [ 5500] - value = Password1*
[INFO ][2015-12-11 12:26:07,607][com.java.SeleniumDriver] [  894] -  RESULT true
[INFO ][2015-12-11 12:26:07,607][com.java.SeleniumDriver] [ 1100] - ?   P A S S   ?
[INFO ][2015-12-11 12:26:07,607][com.java.SeleniumDriver] [  821] - ------------------------------------------
[INFO ][2015-12-11 12:26:07,607][com.java.SeleniumDriver] [  822] - Test case being Executed: 7
[INFO ][2015-12-11 12:26:07,607][com.java.SeleniumDriver] [  833] - Test step:19
[INFO ][2015-12-11 12:26:07,607][com.java.SeleniumDriver] [  845] - Datavalue is----------null
[DEBUG][2015-12-11 12:26:07,607][com.java.SeleniumDriver] [  863] - Exception: null
[INFO ][2015-12-11 12:26:07,607][com.java.SeleniumDriver] [  869] - DataField : BTNparent
[INFO ][2015-12-11 12:26:07,607][com.java.SeleniumDriver] [  871] - DataValue : 
[INFO ][2015-12-11 12:26:07,607][com.java.SeleniumDriver] [  877] - <In Set values of the page>
[INFO ][2015-12-11 12:26:07,607][com.java.SeleniumDriver] [  880] - {Data Fields & Data Values Exist}
[INFO ][2015-12-11 12:26:07,607][com.java.SeleniumDriver] [  882] - --------------------------setting values-----------------------------
[INFO ][2015-12-11 12:26:07,608][com.java.SeleniumDriver] [  885] - Action Type : SELECTFRAME
[INFO ][2015-12-11 12:26:07,619][com.java.SeleniumDriver] [  894] -  RESULT true
[INFO ][2015-12-11 12:26:07,620][com.java.SeleniumDriver] [ 1100] - ?   P A S S   ?
[INFO ][2015-12-11 12:26:07,620][com.java.SeleniumDriver] [  821] - ------------------------------------------
[INFO ][2015-12-11 12:26:07,620][com.java.SeleniumDriver] [  822] - Test case being Executed: 7
[INFO ][2015-12-11 12:26:07,620][com.java.SeleniumDriver] [  833] - Test step:20
[INFO ][2015-12-11 12:26:07,620][com.java.SeleniumDriver] [  845] - Datavalue is----------5
[INFO ][2015-12-11 12:26:07,620][com.java.SeleniumDriver] [  869] - DataField : test
[INFO ][2015-12-11 12:26:07,620][com.java.SeleniumDriver] [  871] - DataValue : 5
[INFO ][2015-12-11 12:26:07,620][com.java.SeleniumDriver] [  877] - <In Set values of the page>
[INFO ][2015-12-11 12:26:07,620][com.java.SeleniumDriver] [  880] - {Data Fields & Data Values Exist}
[INFO ][2015-12-11 12:26:07,620][com.java.SeleniumDriver] [  882] - --------------------------setting values-----------------------------
[INFO ][2015-12-11 12:26:07,620][com.java.SeleniumDriver] [  885] - Action Type : WaitTime
[DEBUG][2015-12-11 12:26:07,620][com.java.TestType] [ 5320] - sleepTime: 5000
[INFO ][2015-12-11 12:26:12,643][com.java.SeleniumDriver] [  894] -  RESULT true
[INFO ][2015-12-11 12:26:12,643][com.java.SeleniumDriver] [ 1100] - ?   P A S S   ?
[INFO ][2015-12-11 12:26:12,643][com.java.SeleniumDriver] [  821] - ------------------------------------------
[INFO ][2015-12-11 12:26:12,643][com.java.SeleniumDriver] [  822] - Test case being Executed: 7
[INFO ][2015-12-11 12:26:12,643][com.java.SeleniumDriver] [  833] - Test step:21
[INFO ][2015-12-11 12:26:12,643][com.java.SeleniumDriver] [  845] - Datavalue is----------null
[DEBUG][2015-12-11 12:26:12,643][com.java.SeleniumDriver] [  863] - Exception: null
[INFO ][2015-12-11 12:26:12,643][com.java.SeleniumDriver] [  869] - DataField : XPH//span[contains(text(), 'Finished')]
[INFO ][2015-12-11 12:26:12,643][com.java.SeleniumDriver] [  871] - DataValue : 
[INFO ][2015-12-11 12:26:12,643][com.java.SeleniumDriver] [  877] - <In Set values of the page>
[INFO ][2015-12-11 12:26:12,643][com.java.SeleniumDriver] [  880] - {Data Fields & Data Values Exist}
[INFO ][2015-12-11 12:26:12,643][com.java.SeleniumDriver] [  882] - --------------------------setting values-----------------------------
[INFO ][2015-12-11 12:26:12,643][com.java.SeleniumDriver] [  885] - Action Type : Click
[INFO ][2015-12-11 12:26:12,643][com.java.TestType] [ 5849] - Field ::XPH//span[contains(text(), 'Finished')]
[INFO ][2015-12-11 12:26:12,643][com.java.TestType] [ 5500] - value = 
[INFO ][2015-12-11 12:26:13,644][com.java.TestType] [ 5956] - BEFORE CLICK
[INFO ][2015-12-11 12:26:14,624][com.java.TestType] [ 5964] - Unable to click the object Finished button
[INFO ][2015-12-11 12:26:14,624][com.java.SeleniumDriver] [  894] -  RESULT true
[INFO ][2015-12-11 12:26:14,624][com.java.SeleniumDriver] [ 1100] - ?   P A S S   ?
[INFO ][2015-12-11 12:26:14,624][com.java.SeleniumDriver] [  821] - ------------------------------------------
[INFO ][2015-12-11 12:26:14,624][com.java.SeleniumDriver] [  822] - Test case being Executed: 7
[INFO ][2015-12-11 12:26:14,624][com.java.SeleniumDriver] [  833] - Test step:22
[INFO ][2015-12-11 12:26:14,624][com.java.SeleniumDriver] [  845] - Datavalue is----------3
[INFO ][2015-12-11 12:26:14,624][com.java.SeleniumDriver] [  869] - DataField : XPH//span[contains(text(), 'Finished')]
[INFO ][2015-12-11 12:26:14,624][com.java.SeleniumDriver] [  871] - DataValue : 3
[INFO ][2015-12-11 12:26:14,624][com.java.SeleniumDriver] [  877] - <In Set values of the page>
[INFO ][2015-12-11 12:26:14,624][com.java.SeleniumDriver] [  880] - {Data Fields & Data Values Exist}
[INFO ][2015-12-11 12:26:14,624][com.java.SeleniumDriver] [  882] - --------------------------setting values-----------------------------
[INFO ][2015-12-11 12:26:14,624][com.java.SeleniumDriver] [  885] - Action Type : WaitForElement
[INFO ][2015-12-11 12:26:14,655][com.java.SeleniumDriver] [  894] -  RESULT true
[INFO ][2015-12-11 12:26:14,655][com.java.SeleniumDriver] [ 1100] - ?   P A S S   ?
[INFO ][2015-12-11 12:26:14,655][com.java.SeleniumDriver] [  821] - ------------------------------------------
[INFO ][2015-12-11 12:26:14,655][com.java.SeleniumDriver] [  822] - Test case being Executed: 7
[INFO ][2015-12-11 12:26:14,655][com.java.SeleniumDriver] [  833] - Test step:23
[INFO ][2015-12-11 12:26:14,655][com.java.SeleniumDriver] [  845] - Datavalue is----------null
[DEBUG][2015-12-11 12:26:14,655][com.java.SeleniumDriver] [  863] - Exception: null
[INFO ][2015-12-11 12:26:14,655][com.java.SeleniumDriver] [  869] - DataField : BTNframeDialogContent
[INFO ][2015-12-11 12:26:14,655][com.java.SeleniumDriver] [  871] - DataValue : 
[INFO ][2015-12-11 12:26:14,655][com.java.SeleniumDriver] [  877] - <In Set values of the page>
[INFO ][2015-12-11 12:26:14,655][com.java.SeleniumDriver] [  880] - {Data Fields & Data Values Exist}
[INFO ][2015-12-11 12:26:14,655][com.java.SeleniumDriver] [  882] - --------------------------setting values-----------------------------
[INFO ][2015-12-11 12:26:14,655][com.java.SeleniumDriver] [  885] - Action Type : SELECTFRAME
[INFO ][2015-12-11 12:26:15,887][com.java.SeleniumDriver] [  894] -  RESULT true
[INFO ][2015-12-11 12:26:15,887][com.java.SeleniumDriver] [ 1100] - ?   P A S S   ?
[INFO ][2015-12-11 12:26:15,887][com.java.SeleniumDriver] [  821] - ------------------------------------------
[INFO ][2015-12-11 12:26:15,887][com.java.SeleniumDriver] [  822] - Test case being Executed: 7
[INFO ][2015-12-11 12:26:15,887][com.java.SeleniumDriver] [  833] - Test step:24
[INFO ][2015-12-11 12:26:15,887][com.java.SeleniumDriver] [  845] - Datavalue is----------index:3
[INFO ][2015-12-11 12:26:15,887][com.java.SeleniumDriver] [  869] - DataField : BTNddlEntityAccess
[INFO ][2015-12-11 12:26:15,887][com.java.SeleniumDriver] [  871] - DataValue : index:3
[INFO ][2015-12-11 12:26:15,887][com.java.SeleniumDriver] [  877] - <In Set values of the page>
[INFO ][2015-12-11 12:26:15,887][com.java.SeleniumDriver] [  880] - {Data Fields & Data Values Exist}
[INFO ][2015-12-11 12:26:15,887][com.java.SeleniumDriver] [  882] - --------------------------setting values-----------------------------
[INFO ][2015-12-11 12:26:15,887][com.java.SeleniumDriver] [  885] - Action Type : Click
[INFO ][2015-12-11 12:26:15,887][com.java.TestType] [ 5849] - Field ::BTNddlEntityAccess
[INFO ][2015-12-11 12:26:15,887][com.java.TestType] [ 5500] - value = index:3
[INFO ][2015-12-11 12:26:16,887][com.java.TestType] [ 5935] - BEFORE CLICK
[ERROR][2015-12-11 12:26:18,098][com.java.TestType] [ 6130] - Exception in click:: Cannot click on element (WARNING: The server did not provide any stacktrace information)
Command duration or timeout: 40 milliseconds
Build info: version: '2.48.2', revision: '41bccdd', time: '2015-10-09 19:59:12'
System info: host: 'FVTIII438F1D', ip: '172.17.68.34', os.name: 'Windows 7', os.arch: 'x86', os.version: '6.1', java.version: '1.7.0_55'
Session ID: 5b9dce8f-c7c5-414d-9da0-e295534ebe51
Driver info: org.openqa.selenium.ie.InternetExplorerDriver
Capabilities [{platform=WINDOWS, javascriptEnabled=true, elementScrollBehavior=0, ignoreZoomSetting=false, enablePersistentHover=true, ie.ensureCleanSession=false, browserName=internet explorer, enableElementCacheCleanup=true, unexpectedAlertBehaviour=dismiss, version=10, ie.usePerProcessProxy=false, ignoreProtectedModeSettings=true, cssSelectorsEnabled=true, requireWindowFocus=false, initialBrowserUrl=http://localhost:29906/, handlesAlerts=true, ie.forceCreateProcessApi=false, nativeEvents=true, browserAttachTimeout=0, ie.browserCommandLineSwitches=, takesScreenshot=true}]
[INFO ][2015-12-11 12:26:18,098][com.java.TestType] [ 6134] - Element ::ddlEntityAccess:: not found
[INFO ][2015-12-11 12:26:18,098][com.java.SeleniumDriver] [  894] -  RESULT false
[INFO ][2015-12-11 12:26:18,098][com.java.SeleniumDriver] [  941] - ?   F A I L   ?
[INFO ][2015-12-11 12:26:18,098][com.java.SeleniumDriver] [  949] - Browser Type : IE10
[INFO ][2015-12-11 12:26:18,098][com.java.SeleniumDriver] [  950] - Adding Failed case7
[INFO ][2015-12-11 12:26:18,338][com.java.SeleniumDriver] [ 1064] - failedCases = 7
[ERROR][2015-12-11 12:26:18,338][com.java.SeleniumDriver] [ 1561] - Platform Errors : Our apologies...::We have encountered an issue with your request.::Our apologies?:We encountered an issue with your request.
[INFO ][2015-12-11 12:26:18,338][com.java.SeleniumDriver] [ 1565] - Length =3
[ERROR][2015-12-11 12:26:18,338][com.java.SeleniumDriver] [ 1568] - Error 0 = Our apologies...
[ERROR][2015-12-11 12:26:18,470][com.java.SeleniumDriver] [ 1568] - Error 1 = We have encountered an issue with your request.
[ERROR][2015-12-11 12:26:18,500][com.java.SeleniumDriver] [ 1568] - Error 2 = Our apologies?:We encountered an issue with your request.
[INFO ][2015-12-11 12:26:18,520][com.java.SeleniumDriver] [ 1579] - strError:
[DEBUG][2015-12-11 12:26:18,540][com.java.SeleniumDriver] [ 1212] - Case found
[DEBUG][2015-12-11 12:26:18,540][com.java.SeleniumDriver] [ 1217] - Incrementing ReportCounters[0]:2
[INFO ][2015-12-11 12:26:18,540][com.java.SeleniumDriver] [ 1236] - The results are-------------------[7, 24, Report Packages: Add Board Report Package then Revoke Priviledges, Fail, 
Test case failed at Step No. :: 24   Error Message ::  Element ::ddlEntityAccess:: not found. Screen Shot : D:\BankersDashboard\TestReports\121115\7_121115_122618_IE10.png, Fri Dec 11 12:26:18 IST 2015]
[INFO ][2015-12-11 12:26:18,540][com.java.SeleniumDriver] [ 1240] - End time is-------2 min 11 sec
[INFO ][2015-12-11 12:26:18,540][com.java.SeleniumDriver] [ 1241] - The results are-------------------[7, 24, Report Packages: Add Board Report Package then Revoke Priviledges, Fail, 
Test case failed at Step No. :: 24   Error Message ::  Element ::ddlEntityAccess:: not found. Screen Shot : D:\BankersDashboard\TestReports\121115\7_121115_122618_IE10.png, Fri Dec 11 12:26:18 IST 2015]
[DEBUG][2015-12-11 12:26:18,540][com.java.ImportnExport.ExportTestResultsExcel] [  222] - testResultPath = D:\BankersDashboard/TestReports/Test Results_BankersDashBoard_121115_122409_IE10_First Bank.xls
[DEBUG][2015-12-11 12:26:18,540][com.java.ImportnExport.ExportTestResultsExcel] [  223] - browser is------------IE10
[DEBUG][2015-12-11 12:26:18,540][com.java.ImportnExport.ExportTestResultsExcel] [  270] - result.size() = 6
[DEBUG][2015-12-11 12:26:18,540][com.java.ImportnExport.ExportTestResultsExcel] [  274] - No of rows in sheet=2
[DEBUG][2015-12-11 12:26:18,540][com.java.ImportnExport.ExportTestResultsExcel] [  301] - ..in export..7
[DEBUG][2015-12-11 12:26:18,540][com.java.ImportnExport.ExportTestResultsExcel] [  301] - ..in export..Report Packages: Add Board Report Package then Revoke Priviledges
[DEBUG][2015-12-11 12:26:18,540][com.java.ImportnExport.ExportTestResultsExcel] [  301] - ..in export..Fail
[DEBUG][2015-12-11 12:26:18,540][com.java.ImportnExport.ExportTestResultsExcel] [  301] - ..in export..
Test case failed at Step No. :: 24   Error Message ::  Element ::ddlEntityAccess:: not found. Screen Shot : D:\BankersDashboard\TestReports\121115\7_121115_122618_IE10.png
[DEBUG][2015-12-11 12:26:18,540][com.java.ImportnExport.ExportTestResultsExcel] [  301] - ..in export..Fri Dec 11 12:26:18 IST 2015
[INFO ][2015-12-11 12:26:18,540][com.java.SeleniumDriver] [ 1299] - out loop:1 size:2 TestCases:[1, 7] testcases:[1, 7]
[INFO ][2015-12-11 12:26:20,539][com.java.SeleniumDriver] [ 1342] - Total Number of Cases:2
[INFO ][2015-12-11 12:26:20,539][com.java.TemplateGenerator] [  302] - Executed:2
[INFO ][2015-12-11 12:26:20,539][com.java.TemplateGenerator] [  303] - Passed:1
[INFO ][2015-12-11 12:26:20,539][com.java.TemplateGenerator] [  304] - Failed:1
[INFO ][2015-12-11 12:26:20,539][com.java.TemplateGenerator] [  305] - Skipeed:0
[INFO ][2015-12-11 12:26:20,539][com.java.TemplateGenerator] [  306] - Application URL:https://clients-xuat.bankersdashboard.com
[INFO ][2015-12-11 12:26:20,539][com.java.TemplateGenerator] [  307] - Start Time:121115_122409
[INFO ][2015-12-11 12:26:20,539][com.java.TemplateGenerator] [  308] -  Creating HTML Report 
[ERROR][2015-12-11 12:26:20,539][com.java.TemplateGenerator] [  409] - Unparseable date: "Fri Dec 11 12:24:09 IST 2015"
[INFO ][2015-12-11 12:26:20,539][com.java.TemplateGenerator] [  654] -  Exporting case :: 1
[INFO ][2015-12-11 12:26:20,539][com.java.TemplateGenerator] [  654] -  Exporting case :: 7
[INFO ][2015-12-11 12:26:20,539][com.java.SeleniumDriver] [ 1391] - End Time:121115_122620
[INFO ][2015-12-11 12:26:20,539][com.java.SeleniumDriver] [ 1394] - Data in Test Execution Details:{1=PASS, 7=FAILTest case failed at Step No. :: 24   Error Message ::  Element ::ddlEntityAccess:: not found}
[INFO ][2015-12-11 12:26:20,539][com.java.SeleniumDriver] [ 1395] - Data in Failed Execution Deatils:{}
[INFO ][2015-12-11 12:26:20,539][com.java.SeleniumDriver] [ 1397] - ReportCounter:Total:2 :: PASS: 1 ::FAIL: 1
[INFO ][2015-12-11 12:26:20,539][com.java.SeleniumDriver] [ 1398] - FailedReportCounter:Total:0 :: PASS: 0 ::FAIL: 0
[INFO ][2015-12-11 12:26:20,540][com.java.EmailTestReport] [   63] - Sending report mail details:
[INFO ][2015-12-11 12:26:20,540][com.java.EmailTestReport] [   80] - Excel Report Path:D:\BankersDashboard/TestReports/Test Results_BankersDashBoard_121115_122409_IE10_First Bank.xls
[INFO ][2015-12-11 12:26:20,540][com.java.EmailTestReport] [   81] - HTML Report Path:D:\BankersDashboard//TestReports//Test Results_BankersDashBoard_121115_122409_IE10_First Bank.html
[INFO ][2015-12-11 12:26:20,540][com.java.EmailTestReport] [   82] - smtpHostName:mail01.valuelabs.com
[INFO ][2015-12-11 12:26:20,540][com.java.EmailTestReport] [   83] - Recipient:venkateswararao.gubbala@valuelabs.com;
[INFO ][2015-12-11 12:26:20,540][com.java.EmailTestReport] [   84] - From:venkateswararao.gubbala@valuelabs.com;
[INFO ][2015-12-11 12:26:20,540][com.java.EmailTestReport] [   85] - Subject:Deluxe Corp Bankers Dashboard Automation Test Report - First Bank - IE10
[INFO ][2015-12-11 12:26:20,570][com.java.EmailTestReport] [  143] -  Added venkateswararao.gubbala@valuelabs.com
[INFO ][2015-12-11 12:26:23,950][com.java.SeleniumDriver] [  720] - quitting the browser 
[INFO ][2015-12-11 12:26:25,630][com.java.SeleniumDriver] [  264] - Execution Completed Stopping the thread
