[INFO ][2015-11-19 11:56:33,483][com.java.SeleniumDriver] [  213] - Execute Failed Casesfalse
[INFO ][2015-11-19 11:56:33,483][com.java.SeleniumDriver] [  214] - Browser: IE10
[INFO ][2015-11-19 11:56:33,483][com.java.SeleniumDriver] [  215] - [1, 6]
[INFO ][2015-11-19 11:56:33,483][com.java.SeleniumDriver] [  216] - Total TestCases:2
[INFO ][2015-11-19 11:56:33,483][com.java.SeleniumDriver] [  217] -  Reading Properties from Property File 
[DEBUG][2015-11-19 11:56:33,483][com.java.SeleniumDriver] [  238] - url : https://clients-xuat.bankersdashboard.com
[INFO ][2015-11-19 11:56:33,483][com.java.ImportnExport.ExportTestResultsExcel] [  116] - Time Stamp Thu Nov 19 11:56:33 IST 2015
[INFO ][2015-11-19 11:56:33,483][com.java.ImportnExport.ExportTestResultsExcel] [  175] - OUT FILE : D:\BankersDashboard/TestReports/Test Results_BankersDashBoard_111915_115633_IE10_Bank of North Carolina.xls
[INFO ][2015-11-19 11:56:33,504][com.java.ImportnExport.ExportTestResultsExcel] [  180] - Test Result file is created
[DEBUG][2015-11-19 11:56:33,615][com.java.SeleniumDriver] [  425] - Hub ip address is-------172.17.68.34
[INFO ][2015-11-19 11:56:33,615][com.java.SeleniumDriver] [  451] - Grid URL:http://172.17.68.34:4444/wd/hub
[INFO ][2015-11-19 11:56:33,615][com.java.SeleniumDriver] [  452] - Capability:Capabilities [{platform=ANY, ensureCleanSession=true, ignoreProtectedModeSettings=true, acceptSslCerts=true, ignoreZoomSetting=true, browserName=internet explorer, browserstack.ie.noFlash=true, version=null}]
[ERROR][2015-11-19 11:56:34,955][com.java.SeleniumDriver] [  496] - Unable invoke browser in grid:Could not start a new session. Possible causes are invalid address of the remote server or browser start-up failure.
Build info: version: '2.48.2', revision: '41bccdd', time: '2015-10-09 19:59:12'
System info: host: 'FVTIII438F1D', ip: '172.17.68.34', os.name: 'Windows 7', os.arch: 'x86', os.version: '6.1', java.version: '1.7.0_55'
Driver info: driver.version: SeleniumDriver
[INFO ][2015-11-19 11:56:34,955][com.java.SeleniumDriver] [  498] - Executing on local machine
[INFO ][2015-11-19 11:56:44,170][com.java.SeleniumDriver] [  248] - IE10is opened
[INFO ][2015-11-19 11:56:44,930][com.java.SeleniumDriver] [  753] - Test cases to be executed are: [1, 6]
[INFO ][2015-11-19 11:56:44,961][com.java.ImportnExport.ImportTestDataDetailsExcel] [   49] - test data details path===== D:\BankersDashboard\TestInputs\TestData.xls
[INFO ][2015-11-19 11:56:45,011][com.java.SeleniumDriver] [  796] - ------------------------------------------
[INFO ][2015-11-19 11:56:45,011][com.java.SeleniumDriver] [  797] - Test case being Executed: 1
[INFO ][2015-11-19 11:56:45,011][com.java.SeleniumDriver] [  808] - Test step:1
[INFO ][2015-11-19 11:56:45,011][com.java.SeleniumDriver] [  820] - Datavalue is----------Concept#1:1-14
[INFO ][2015-11-19 11:56:45,011][com.java.SeleniumDriver] [  844] - DataField : test
[INFO ][2015-11-19 11:56:45,011][com.java.SeleniumDriver] [  846] - DataValue : Concept#1:1-14
[INFO ][2015-11-19 11:56:45,011][com.java.SeleniumDriver] [  852] - <In Set values of the page>
[INFO ][2015-11-19 11:56:45,011][com.java.SeleniumDriver] [  855] - {Data Fields & Data Values Exist}
[INFO ][2015-11-19 11:56:45,011][com.java.SeleniumDriver] [  857] - --------------------------setting values-----------------------------
[INFO ][2015-11-19 11:56:45,011][com.java.SeleniumDriver] [  860] - Action Type : ExecuteTestCase
[INFO ][2015-11-19 11:56:45,051][com.java.TestType] [  426] - The Concept sheet name is ---------- Concept
[INFO ][2015-11-19 11:56:45,051][com.java.TestType] [  429] - The Concept ID  is ---------- 1
[DEBUG][2015-11-19 11:56:45,051][com.java.TestType] [  433] - Steps being executted in the Concept are: 1:14
[INFO ][2015-11-19 11:56:45,051][com.java.TestType] [  440] - Test data details path ---------- D:\BankersDashboard\TestInputs\TestData.xls
[INFO ][2015-11-19 11:56:45,081][com.java.TestType] [  471] -  str(1) = 1
[INFO ][2015-11-19 11:56:45,081][com.java.TestType] [  474] - Test case Id is---1
[INFO ][2015-11-19 11:56:45,081][com.java.TestType] [  476] - 1
[INFO ][2015-11-19 11:56:45,081][com.java.TestType] [  471] -  str(2) = 1
[INFO ][2015-11-19 11:56:45,091][com.java.TestType] [  523] - row values are--------{1=com.java.Objects.TestDataDetails@1963cd1}
[INFO ][2015-11-19 11:56:45,091][com.java.TestType] [  471] -  str(1) = 1
[INFO ][2015-11-19 11:56:45,091][com.java.TestType] [  474] - Test case Id is---1
[INFO ][2015-11-19 11:56:45,091][com.java.TestType] [  476] - 1
[INFO ][2015-11-19 11:56:45,091][com.java.TestType] [  471] -  str(2) = 2
[INFO ][2015-11-19 11:56:45,091][com.java.TestType] [  523] - row values are--------{1=com.java.Objects.TestDataDetails@1963cd1, 2=com.java.Objects.TestDataDetails@9c66d2}
[INFO ][2015-11-19 11:56:45,091][com.java.TestType] [  471] -  str(1) = 1
[INFO ][2015-11-19 11:56:45,091][com.java.TestType] [  474] - Test case Id is---1
[INFO ][2015-11-19 11:56:45,091][com.java.TestType] [  476] - 1
[INFO ][2015-11-19 11:56:45,091][com.java.TestType] [  471] -  str(2) = 3
[INFO ][2015-11-19 11:56:45,091][com.java.TestType] [  523] - row values are--------{1=com.java.Objects.TestDataDetails@1963cd1, 2=com.java.Objects.TestDataDetails@9c66d2, 3=com.java.Objects.TestDataDetails@1a201ec}
[INFO ][2015-11-19 11:56:45,091][com.java.TestType] [  471] -  str(1) = 1
[INFO ][2015-11-19 11:56:45,091][com.java.TestType] [  474] - Test case Id is---1
[INFO ][2015-11-19 11:56:45,091][com.java.TestType] [  476] - 1
[INFO ][2015-11-19 11:56:45,091][com.java.TestType] [  471] -  str(2) = 4
[INFO ][2015-11-19 11:56:45,091][com.java.TestType] [  523] - row values are--------{1=com.java.Objects.TestDataDetails@1963cd1, 2=com.java.Objects.TestDataDetails@9c66d2, 3=com.java.Objects.TestDataDetails@1a201ec, 4=com.java.Objects.TestDataDetails@bc1115}
[INFO ][2015-11-19 11:56:45,091][com.java.TestType] [  471] -  str(1) = 1
[INFO ][2015-11-19 11:56:45,091][com.java.TestType] [  474] - Test case Id is---1
[INFO ][2015-11-19 11:56:45,091][com.java.TestType] [  476] - 1
[INFO ][2015-11-19 11:56:45,091][com.java.TestType] [  471] -  str(2) = 5
[INFO ][2015-11-19 11:56:45,091][com.java.TestType] [  523] - row values are--------{1=com.java.Objects.TestDataDetails@1963cd1, 2=com.java.Objects.TestDataDetails@9c66d2, 3=com.java.Objects.TestDataDetails@1a201ec, 4=com.java.Objects.TestDataDetails@bc1115, 5=com.java.Objects.TestDataDetails@1fa419d}
[INFO ][2015-11-19 11:56:45,091][com.java.TestType] [  471] -  str(1) = 1
[INFO ][2015-11-19 11:56:45,091][com.java.TestType] [  474] - Test case Id is---1
[INFO ][2015-11-19 11:56:45,091][com.java.TestType] [  476] - 1
[INFO ][2015-11-19 11:56:45,091][com.java.TestType] [  471] -  str(2) = 6
[INFO ][2015-11-19 11:56:45,091][com.java.TestType] [  523] - row values are--------{1=com.java.Objects.TestDataDetails@1963cd1, 2=com.java.Objects.TestDataDetails@9c66d2, 3=com.java.Objects.TestDataDetails@1a201ec, 4=com.java.Objects.TestDataDetails@bc1115, 5=com.java.Objects.TestDataDetails@1fa419d, 6=com.java.Objects.TestDataDetails@1efe989}
[INFO ][2015-11-19 11:56:45,091][com.java.TestType] [  471] -  str(1) = 1
[INFO ][2015-11-19 11:56:45,091][com.java.TestType] [  474] - Test case Id is---1
[INFO ][2015-11-19 11:56:45,091][com.java.TestType] [  476] - 1
[INFO ][2015-11-19 11:56:45,091][com.java.TestType] [  471] -  str(2) = 7
[INFO ][2015-11-19 11:56:45,101][com.java.TestType] [  523] - row values are--------{1=com.java.Objects.TestDataDetails@1963cd1, 2=com.java.Objects.TestDataDetails@9c66d2, 3=com.java.Objects.TestDataDetails@1a201ec, 4=com.java.Objects.TestDataDetails@bc1115, 5=com.java.Objects.TestDataDetails@1fa419d, 6=com.java.Objects.TestDataDetails@1efe989, 7=com.java.Objects.TestDataDetails@d00e99}
[INFO ][2015-11-19 11:56:45,101][com.java.TestType] [  471] -  str(1) = 1
[INFO ][2015-11-19 11:56:45,101][com.java.TestType] [  474] - Test case Id is---1
[INFO ][2015-11-19 11:56:45,101][com.java.TestType] [  476] - 1
[INFO ][2015-11-19 11:56:45,101][com.java.TestType] [  471] -  str(2) = 8
[INFO ][2015-11-19 11:56:45,101][com.java.TestType] [  523] - row values are--------{1=com.java.Objects.TestDataDetails@1963cd1, 2=com.java.Objects.TestDataDetails@9c66d2, 3=com.java.Objects.TestDataDetails@1a201ec, 4=com.java.Objects.TestDataDetails@bc1115, 5=com.java.Objects.TestDataDetails@1fa419d, 6=com.java.Objects.TestDataDetails@1efe989, 7=com.java.Objects.TestDataDetails@d00e99, 8=com.java.Objects.TestDataDetails@1bef68f}
[INFO ][2015-11-19 11:56:45,101][com.java.TestType] [  471] -  str(1) = 1
[INFO ][2015-11-19 11:56:45,101][com.java.TestType] [  474] - Test case Id is---1
[INFO ][2015-11-19 11:56:45,101][com.java.TestType] [  476] - 1
[INFO ][2015-11-19 11:56:45,101][com.java.TestType] [  471] -  str(2) = 9
[INFO ][2015-11-19 11:56:45,101][com.java.TestType] [  523] - row values are--------{1=com.java.Objects.TestDataDetails@1963cd1, 2=com.java.Objects.TestDataDetails@9c66d2, 3=com.java.Objects.TestDataDetails@1a201ec, 4=com.java.Objects.TestDataDetails@bc1115, 5=com.java.Objects.TestDataDetails@1fa419d, 6=com.java.Objects.TestDataDetails@1efe989, 7=com.java.Objects.TestDataDetails@d00e99, 8=com.java.Objects.TestDataDetails@1bef68f, 9=com.java.Objects.TestDataDetails@1a7d559}
[INFO ][2015-11-19 11:56:45,101][com.java.TestType] [  471] -  str(1) = 1
[INFO ][2015-11-19 11:56:45,101][com.java.TestType] [  474] - Test case Id is---1
[INFO ][2015-11-19 11:56:45,101][com.java.TestType] [  476] - 1
[INFO ][2015-11-19 11:56:45,101][com.java.TestType] [  471] -  str(2) = 10
[INFO ][2015-11-19 11:56:45,101][com.java.TestType] [  523] - row values are--------{1=com.java.Objects.TestDataDetails@1963cd1, 2=com.java.Objects.TestDataDetails@9c66d2, 3=com.java.Objects.TestDataDetails@1a201ec, 4=com.java.Objects.TestDataDetails@bc1115, 5=com.java.Objects.TestDataDetails@1fa419d, 6=com.java.Objects.TestDataDetails@1efe989, 7=com.java.Objects.TestDataDetails@d00e99, 8=com.java.Objects.TestDataDetails@1bef68f, 9=com.java.Objects.TestDataDetails@1a7d559, 10=com.java.Objects.TestDataDetails@627b73}
[INFO ][2015-11-19 11:56:45,101][com.java.TestType] [  471] -  str(1) = 1
[INFO ][2015-11-19 11:56:45,101][com.java.TestType] [  474] - Test case Id is---1
[INFO ][2015-11-19 11:56:45,101][com.java.TestType] [  476] - 1
[INFO ][2015-11-19 11:56:45,101][com.java.TestType] [  471] -  str(2) = 11
[INFO ][2015-11-19 11:56:45,101][com.java.TestType] [  523] - row values are--------{1=com.java.Objects.TestDataDetails@1963cd1, 2=com.java.Objects.TestDataDetails@9c66d2, 3=com.java.Objects.TestDataDetails@1a201ec, 4=com.java.Objects.TestDataDetails@bc1115, 5=com.java.Objects.TestDataDetails@1fa419d, 6=com.java.Objects.TestDataDetails@1efe989, 7=com.java.Objects.TestDataDetails@d00e99, 8=com.java.Objects.TestDataDetails@1bef68f, 9=com.java.Objects.TestDataDetails@1a7d559, 10=com.java.Objects.TestDataDetails@627b73, 11=com.java.Objects.TestDataDetails@1dd1435}
[INFO ][2015-11-19 11:56:45,101][com.java.TestType] [  471] -  str(1) = 1
[INFO ][2015-11-19 11:56:45,101][com.java.TestType] [  474] - Test case Id is---1
[INFO ][2015-11-19 11:56:45,101][com.java.TestType] [  476] - 1
[INFO ][2015-11-19 11:56:45,101][com.java.TestType] [  471] -  str(2) = 12
[INFO ][2015-11-19 11:56:45,101][com.java.TestType] [  523] - row values are--------{1=com.java.Objects.TestDataDetails@1963cd1, 2=com.java.Objects.TestDataDetails@9c66d2, 3=com.java.Objects.TestDataDetails@1a201ec, 4=com.java.Objects.TestDataDetails@bc1115, 5=com.java.Objects.TestDataDetails@1fa419d, 6=com.java.Objects.TestDataDetails@1efe989, 7=com.java.Objects.TestDataDetails@d00e99, 8=com.java.Objects.TestDataDetails@1bef68f, 9=com.java.Objects.TestDataDetails@1a7d559, 10=com.java.Objects.TestDataDetails@627b73, 11=com.java.Objects.TestDataDetails@1dd1435, 12=com.java.Objects.TestDataDetails@16645ac}
[INFO ][2015-11-19 11:56:45,101][com.java.TestType] [  471] -  str(1) = 1
[INFO ][2015-11-19 11:56:45,101][com.java.TestType] [  474] - Test case Id is---1
[INFO ][2015-11-19 11:56:45,101][com.java.TestType] [  476] - 1
[INFO ][2015-11-19 11:56:45,101][com.java.TestType] [  471] -  str(2) = 13
[INFO ][2015-11-19 11:56:45,101][com.java.TestType] [  523] - row values are--------{1=com.java.Objects.TestDataDetails@1963cd1, 2=com.java.Objects.TestDataDetails@9c66d2, 3=com.java.Objects.TestDataDetails@1a201ec, 4=com.java.Objects.TestDataDetails@bc1115, 5=com.java.Objects.TestDataDetails@1fa419d, 6=com.java.Objects.TestDataDetails@1efe989, 7=com.java.Objects.TestDataDetails@d00e99, 8=com.java.Objects.TestDataDetails@1bef68f, 9=com.java.Objects.TestDataDetails@1a7d559, 10=com.java.Objects.TestDataDetails@627b73, 11=com.java.Objects.TestDataDetails@1dd1435, 12=com.java.Objects.TestDataDetails@16645ac, 13=com.java.Objects.TestDataDetails@1d45884}
[INFO ][2015-11-19 11:56:45,101][com.java.TestType] [  471] -  str(1) = 1
[INFO ][2015-11-19 11:56:45,101][com.java.TestType] [  474] - Test case Id is---1
[INFO ][2015-11-19 11:56:45,101][com.java.TestType] [  476] - 1
[INFO ][2015-11-19 11:56:45,101][com.java.TestType] [  471] -  str(2) = 14
[INFO ][2015-11-19 11:56:45,111][com.java.TestType] [  523] - row values are--------{1=com.java.Objects.TestDataDetails@1963cd1, 2=com.java.Objects.TestDataDetails@9c66d2, 3=com.java.Objects.TestDataDetails@1a201ec, 4=com.java.Objects.TestDataDetails@bc1115, 5=com.java.Objects.TestDataDetails@1fa419d, 6=com.java.Objects.TestDataDetails@1efe989, 7=com.java.Objects.TestDataDetails@d00e99, 8=com.java.Objects.TestDataDetails@1bef68f, 9=com.java.Objects.TestDataDetails@1a7d559, 10=com.java.Objects.TestDataDetails@627b73, 11=com.java.Objects.TestDataDetails@1dd1435, 12=com.java.Objects.TestDataDetails@16645ac, 13=com.java.Objects.TestDataDetails@1d45884, 14=com.java.Objects.TestDataDetails@69e42a}
[INFO ][2015-11-19 11:56:45,111][com.java.TestType] [ 8806] - Looping 1TCID = 1
[DEBUG][2015-11-19 11:56:45,111][com.java.TestType] [ 8847] - Concept ID:1 :: Step being Executed: 1::1
[INFO ][2015-11-19 11:56:45,111][com.java.TestType] [ 8885] - dataFields : TXTusername
[DEBUG][2015-11-19 11:56:45,111][com.java.TestType] [ 8891] - <In Set values of the page>
[DEBUG][2015-11-19 11:56:45,111][com.java.TestType] [ 8896] - {Data Fields & Data Values Exist}
[INFO ][2015-11-19 11:56:45,111][com.java.TestType] [ 8902] - --------------------------setting values-----------------------------
[INFO ][2015-11-19 11:56:45,111][com.java.TestType] [ 8905] - Action Type : CLEARANDENTER
[INFO ][2015-11-19 11:56:45,111][com.java.TestType] [ 4461] - value = valuelabs.ie10.33527
[INFO ][2015-11-19 11:56:49,940][com.java.TestType] [ 8924] -  RESULT true
[INFO ][2015-11-19 11:56:49,940][com.java.TestType] [ 9041] - ?   P A S S   ?
[DEBUG][2015-11-19 11:56:49,940][com.java.TestType] [ 8847] - Concept ID:1 :: Step being Executed: 1::2
[INFO ][2015-11-19 11:56:49,940][com.java.TestType] [ 8885] - dataFields : TXTpassword
[DEBUG][2015-11-19 11:56:49,940][com.java.TestType] [ 8891] - <In Set values of the page>
[DEBUG][2015-11-19 11:56:49,940][com.java.TestType] [ 8896] - {Data Fields & Data Values Exist}
[INFO ][2015-11-19 11:56:49,940][com.java.TestType] [ 8902] - --------------------------setting values-----------------------------
[INFO ][2015-11-19 11:56:49,940][com.java.TestType] [ 8905] - Action Type : CLEARANDENTER
[INFO ][2015-11-19 11:56:49,940][com.java.TestType] [ 4461] - value = Password1*
[INFO ][2015-11-19 11:56:54,879][com.java.TestType] [ 8924] -  RESULT true
[INFO ][2015-11-19 11:56:54,879][com.java.TestType] [ 9041] - ?   P A S S   ?
[DEBUG][2015-11-19 11:56:54,879][com.java.TestType] [ 8847] - Concept ID:1 :: Step being Executed: 1::3
[ERROR][2015-11-19 11:56:54,879][com.java.TestType] [ 8880] - Exception: null
[INFO ][2015-11-19 11:56:54,879][com.java.TestType] [ 8885] - dataFields : XPH//button[@type='submit']
[DEBUG][2015-11-19 11:56:54,879][com.java.TestType] [ 8891] - <In Set values of the page>
[DEBUG][2015-11-19 11:56:54,879][com.java.TestType] [ 8896] - {Data Fields & Data Values Exist}
[INFO ][2015-11-19 11:56:54,879][com.java.TestType] [ 8902] - --------------------------setting values-----------------------------
[INFO ][2015-11-19 11:56:54,879][com.java.TestType] [ 8905] - Action Type : Click
[INFO ][2015-11-19 11:56:54,879][com.java.TestType] [ 4774] - Field ::XPH//button[@type='submit']
[INFO ][2015-11-19 11:56:55,879][com.java.TestType] [ 4833] - BEFORE CLICK
[INFO ][2015-11-19 11:56:56,734][com.java.TestType] [ 4841] - Unable to click the object Login
[INFO ][2015-11-19 11:56:56,734][com.java.TestType] [ 8924] -  RESULT true
[INFO ][2015-11-19 11:56:56,734][com.java.TestType] [ 9041] - ?   P A S S   ?
[DEBUG][2015-11-19 11:56:56,734][com.java.TestType] [ 8847] - Concept ID:1 :: Step being Executed: 1::4
[INFO ][2015-11-19 11:56:56,734][com.java.TestType] [ 8885] - dataFields : LNKLogout
[DEBUG][2015-11-19 11:56:56,734][com.java.TestType] [ 8891] - <In Set values of the page>
[DEBUG][2015-11-19 11:56:56,734][com.java.TestType] [ 8896] - {Data Fields & Data Values Exist}
[INFO ][2015-11-19 11:56:56,734][com.java.TestType] [ 8902] - --------------------------setting values-----------------------------
[INFO ][2015-11-19 11:56:56,734][com.java.TestType] [ 8905] - Action Type : WaitForElement
[INFO ][2015-11-19 11:57:06,718][com.java.TestType] [ 8924] -  RESULT true
[INFO ][2015-11-19 11:57:06,718][com.java.TestType] [ 9041] - ?   P A S S   ?
[DEBUG][2015-11-19 11:57:06,718][com.java.TestType] [ 8847] - Concept ID:1 :: Step being Executed: 1::13
[INFO ][2015-11-19 11:57:06,718][com.java.TestType] [ 8885] - dataFields : LNK
[DEBUG][2015-11-19 11:57:06,718][com.java.TestType] [ 8891] - <In Set values of the page>
[DEBUG][2015-11-19 11:57:06,718][com.java.TestType] [ 8896] - {Data Fields & Data Values Exist}
[INFO ][2015-11-19 11:57:06,718][com.java.TestType] [ 8902] - --------------------------setting values-----------------------------
[INFO ][2015-11-19 11:57:06,718][com.java.TestType] [ 8905] - Action Type : Verify
[INFO ][2015-11-19 11:57:06,718][com.java.TestType] [ 5568] - field= LNK value= Logout
[INFO ][2015-11-19 11:57:06,718][com.java.TestType] [ 4461] - value = Logout
[INFO ][2015-11-19 11:57:06,749][com.java.TestType] [ 8924] -  RESULT true
[INFO ][2015-11-19 11:57:06,749][com.java.TestType] [ 9041] - ?   P A S S   ?
[DEBUG][2015-11-19 11:57:06,749][com.java.TestType] [ 8847] - Concept ID:1 :: Step being Executed: 1::14
[INFO ][2015-11-19 11:57:06,749][com.java.TestType] [ 8885] - dataFields : BTN
[DEBUG][2015-11-19 11:57:06,749][com.java.TestType] [ 8891] - <In Set values of the page>
[DEBUG][2015-11-19 11:57:06,749][com.java.TestType] [ 8896] - {Data Fields & Data Values Exist}
[INFO ][2015-11-19 11:57:06,749][com.java.TestType] [ 8902] - --------------------------setting values-----------------------------
[INFO ][2015-11-19 11:57:06,749][com.java.TestType] [ 8905] - Action Type : Verify
[INFO ][2015-11-19 11:57:06,749][com.java.TestType] [ 5568] - field= BTN value= //img[contains(@src,'bdlogo.jpg')]
[INFO ][2015-11-19 11:57:06,749][com.java.TestType] [ 4461] - value = //img[contains(@src,'bdlogo.jpg')]
[INFO ][2015-11-19 11:57:06,779][com.java.TestType] [ 8924] -  RESULT true
[INFO ][2015-11-19 11:57:06,779][com.java.TestType] [ 9041] - ?   P A S S   ?
[INFO ][2015-11-19 11:57:06,779][com.java.TestType] [ 9112] - Looping End......
[INFO ][2015-11-19 11:57:06,779][com.java.SeleniumDriver] [  869] -  RESULT true
[INFO ][2015-11-19 11:57:06,779][com.java.SeleniumDriver] [ 1074] - ?   P A S S   ?
[INFO ][2015-11-19 11:57:06,779][com.java.SeleniumDriver] [  796] - ------------------------------------------
[INFO ][2015-11-19 11:57:06,779][com.java.SeleniumDriver] [  797] - Test case being Executed: 1
[INFO ][2015-11-19 11:57:06,779][com.java.SeleniumDriver] [  808] - Test step:2
[INFO ][2015-11-19 11:57:06,779][com.java.SeleniumDriver] [  820] - Datavalue is----------Concept#2:1-2
[INFO ][2015-11-19 11:57:06,779][com.java.SeleniumDriver] [  844] - DataField : test
[INFO ][2015-11-19 11:57:06,779][com.java.SeleniumDriver] [  846] - DataValue : Concept#2:1-2
[INFO ][2015-11-19 11:57:06,779][com.java.SeleniumDriver] [  852] - <In Set values of the page>
[INFO ][2015-11-19 11:57:06,779][com.java.SeleniumDriver] [  855] - {Data Fields & Data Values Exist}
[INFO ][2015-11-19 11:57:06,779][com.java.SeleniumDriver] [  857] - --------------------------setting values-----------------------------
[INFO ][2015-11-19 11:57:06,779][com.java.SeleniumDriver] [  860] - Action Type : ExecuteTestCase
[INFO ][2015-11-19 11:57:06,779][com.java.TestType] [  426] - The Concept sheet name is ---------- Concept
[INFO ][2015-11-19 11:57:06,779][com.java.TestType] [  429] - The Concept ID  is ---------- 2
[DEBUG][2015-11-19 11:57:06,779][com.java.TestType] [  433] - Steps being executted in the Concept are: 1:2
[INFO ][2015-11-19 11:57:06,779][com.java.TestType] [  440] - Test data details path ---------- D:\BankersDashboard\TestInputs\TestData.xls
[INFO ][2015-11-19 11:57:06,809][com.java.TestType] [  471] -  str(1) = 2
[INFO ][2015-11-19 11:57:06,809][com.java.TestType] [  474] - Test case Id is---2
[INFO ][2015-11-19 11:57:06,809][com.java.TestType] [  476] - 2
[INFO ][2015-11-19 11:57:06,809][com.java.TestType] [  471] -  str(2) = 1
[INFO ][2015-11-19 11:57:06,819][com.java.TestType] [  523] - row values are--------{1=com.java.Objects.TestDataDetails@11a1599}
[INFO ][2015-11-19 11:57:06,819][com.java.TestType] [  471] -  str(1) = 2
[INFO ][2015-11-19 11:57:06,819][com.java.TestType] [  474] - Test case Id is---2
[INFO ][2015-11-19 11:57:06,819][com.java.TestType] [  476] - 2
[INFO ][2015-11-19 11:57:06,819][com.java.TestType] [  471] -  str(2) = 2
[INFO ][2015-11-19 11:57:06,819][com.java.TestType] [  523] - row values are--------{1=com.java.Objects.TestDataDetails@11a1599, 2=com.java.Objects.TestDataDetails@fd6cf0}
[INFO ][2015-11-19 11:57:06,819][com.java.TestType] [  471] -  str(1) = 2
[INFO ][2015-11-19 11:57:06,819][com.java.TestType] [  474] - Test case Id is---2
[INFO ][2015-11-19 11:57:06,819][com.java.TestType] [  476] - 2
[INFO ][2015-11-19 11:57:06,819][com.java.TestType] [  471] -  str(2) = 3
[INFO ][2015-11-19 11:57:06,819][com.java.TestType] [  523] - row values are--------{1=com.java.Objects.TestDataDetails@11a1599, 2=com.java.Objects.TestDataDetails@fd6cf0, 3=com.java.Objects.TestDataDetails@1091451}
[INFO ][2015-11-19 11:57:06,819][com.java.TestType] [ 8806] - Looping 1TCID = 2
[DEBUG][2015-11-19 11:57:06,819][com.java.TestType] [ 8847] - Concept ID:2 :: Step being Executed: 2::1
[INFO ][2015-11-19 11:57:06,819][com.java.TestType] [ 8885] - dataFields : BNK//select[@id='bank']
[DEBUG][2015-11-19 11:57:06,819][com.java.TestType] [ 8891] - <In Set values of the page>
[DEBUG][2015-11-19 11:57:06,819][com.java.TestType] [ 8896] - {Data Fields & Data Values Exist}
[INFO ][2015-11-19 11:57:06,819][com.java.TestType] [ 8902] - --------------------------setting values-----------------------------
[INFO ][2015-11-19 11:57:06,819][com.java.TestType] [ 8905] - Action Type : Select
[INFO ][2015-11-19 11:57:06,819][com.java.TestType] [ 4461] - value = PFC
[INFO ][2015-11-19 11:57:07,009][com.java.TestType] [ 8924] -  RESULT true
[INFO ][2015-11-19 11:57:07,009][com.java.TestType] [ 9041] - ?   P A S S   ?
[DEBUG][2015-11-19 11:57:07,009][com.java.TestType] [ 8847] - Concept ID:2 :: Step being Executed: 2::2
[INFO ][2015-11-19 11:57:07,009][com.java.TestType] [ 8885] - dataFields : LNKLogout
[DEBUG][2015-11-19 11:57:07,009][com.java.TestType] [ 8891] - <In Set values of the page>
[DEBUG][2015-11-19 11:57:07,009][com.java.TestType] [ 8896] - {Data Fields & Data Values Exist}
[INFO ][2015-11-19 11:57:07,009][com.java.TestType] [ 8902] - --------------------------setting values-----------------------------
[INFO ][2015-11-19 11:57:07,009][com.java.TestType] [ 8905] - Action Type : WaitTime
[DEBUG][2015-11-19 11:57:07,009][com.java.TestType] [ 4296] - sleepTime: 5000
[INFO ][2015-11-19 11:57:12,016][com.java.TestType] [ 8924] -  RESULT true
[INFO ][2015-11-19 11:57:12,016][com.java.TestType] [ 9041] - ?   P A S S   ?
[INFO ][2015-11-19 11:57:12,016][com.java.TestType] [ 9112] - Looping End......
[INFO ][2015-11-19 11:57:12,016][com.java.SeleniumDriver] [  869] -  RESULT true
[INFO ][2015-11-19 11:57:12,016][com.java.SeleniumDriver] [ 1074] - ?   P A S S   ?
[INFO ][2015-11-19 11:57:12,016][com.java.SeleniumDriver] [  796] - ------------------------------------------
[INFO ][2015-11-19 11:57:12,016][com.java.SeleniumDriver] [  797] - Test case being Executed: 1
[INFO ][2015-11-19 11:57:12,016][com.java.SeleniumDriver] [  808] - Test step:3
[INFO ][2015-11-19 11:57:12,016][com.java.SeleniumDriver] [  820] - Datavalue is----------2
[INFO ][2015-11-19 11:57:12,016][com.java.SeleniumDriver] [  844] - DataField : XPH//button[contains(text(),'Add Content')]
[INFO ][2015-11-19 11:57:12,016][com.java.SeleniumDriver] [  846] - DataValue : 2
[INFO ][2015-11-19 11:57:12,016][com.java.SeleniumDriver] [  852] - <In Set values of the page>
[INFO ][2015-11-19 11:57:12,016][com.java.SeleniumDriver] [  855] - {Data Fields & Data Values Exist}
[INFO ][2015-11-19 11:57:12,016][com.java.SeleniumDriver] [  857] - --------------------------setting values-----------------------------
[INFO ][2015-11-19 11:57:12,016][com.java.SeleniumDriver] [  860] - Action Type : WAITFORELEMENT
[INFO ][2015-11-19 11:57:12,057][com.java.SeleniumDriver] [  869] -  RESULT true
[INFO ][2015-11-19 11:57:12,057][com.java.SeleniumDriver] [ 1074] - ?   P A S S   ?
[DEBUG][2015-11-19 11:57:12,057][com.java.SeleniumDriver] [ 1176] - Case found
[DEBUG][2015-11-19 11:57:12,057][com.java.SeleniumDriver] [ 1181] - Incrementing ReportCounters[0]:1
[INFO ][2015-11-19 11:57:12,057][com.java.SeleniumDriver] [ 1200] - The results are-------------------[1, 1, Valid Login, Pass, , Thu Nov 19 11:57:06 IST 2015, 1, 2, Valid Login, Pass, , Thu Nov 19 11:57:12 IST 2015, 1, 3, Valid Login, Pass, , Thu Nov 19 11:57:12 IST 2015]
[INFO ][2015-11-19 11:57:12,057][com.java.SeleniumDriver] [ 1204] - End time is-------40 sec
[INFO ][2015-11-19 11:57:12,057][com.java.SeleniumDriver] [ 1205] - The results are-------------------[1, 1, Valid Login, Pass, , Thu Nov 19 11:57:06 IST 2015, 1, 2, Valid Login, Pass, , Thu Nov 19 11:57:12 IST 2015, 1, 3, Valid Login, Pass, , Thu Nov 19 11:57:12 IST 2015]
[DEBUG][2015-11-19 11:57:12,057][com.java.ImportnExport.ExportTestResultsExcel] [  222] - testResultPath = D:\BankersDashboard/TestReports/Test Results_BankersDashBoard_111915_115633_IE10_Bank of North Carolina.xls
[DEBUG][2015-11-19 11:57:12,057][com.java.ImportnExport.ExportTestResultsExcel] [  223] - browser is------------IE10
[DEBUG][2015-11-19 11:57:12,107][com.java.ImportnExport.ExportTestResultsExcel] [  270] - result.size() = 18
[DEBUG][2015-11-19 11:57:12,107][com.java.ImportnExport.ExportTestResultsExcel] [  274] - No of rows in sheet=1
[DEBUG][2015-11-19 11:57:12,107][com.java.ImportnExport.ExportTestResultsExcel] [  301] - ..in export..1
[DEBUG][2015-11-19 11:57:12,107][com.java.ImportnExport.ExportTestResultsExcel] [  301] - ..in export..Valid Login
[DEBUG][2015-11-19 11:57:12,107][com.java.ImportnExport.ExportTestResultsExcel] [  301] - ..in export..Pass
[DEBUG][2015-11-19 11:57:12,107][com.java.ImportnExport.ExportTestResultsExcel] [  301] - ..in export..
[DEBUG][2015-11-19 11:57:12,107][com.java.ImportnExport.ExportTestResultsExcel] [  301] - ..in export..Thu Nov 19 11:57:06 IST 2015
[INFO ][2015-11-19 11:57:12,107][com.java.SeleniumDriver] [ 1263] - out loop:0 size:2 TestCases:[1, 6] testcases:[1, 6]
[INFO ][2015-11-19 11:57:12,107][com.java.ImportnExport.ImportTestDataDetailsExcel] [   49] - test data details path===== D:\BankersDashboard\TestInputs\TestData.xls
[INFO ][2015-11-19 11:57:51,851][com.java.SeleniumDriver] [  796] - ------------------------------------------
[INFO ][2015-11-19 11:57:51,851][com.java.SeleniumDriver] [  797] - Test case being Executed: 6
[INFO ][2015-11-19 11:57:51,851][com.java.SeleniumDriver] [  808] - Test step:1
[INFO ][2015-11-19 11:57:51,851][com.java.SeleniumDriver] [  820] - Datavalue is----------Logout
[INFO ][2015-11-19 11:57:51,851][com.java.SeleniumDriver] [  844] - DataField : BTN
[INFO ][2015-11-19 11:57:51,851][com.java.SeleniumDriver] [  846] - DataValue : Logout
[INFO ][2015-11-19 11:57:51,851][com.java.SeleniumDriver] [  852] - <In Set values of the page>
[INFO ][2015-11-19 11:57:51,851][com.java.SeleniumDriver] [  855] - {Data Fields & Data Values Exist}
[INFO ][2015-11-19 11:57:51,851][com.java.SeleniumDriver] [  857] - --------------------------setting values-----------------------------
[INFO ][2015-11-19 11:57:51,851][com.java.SeleniumDriver] [  860] - Action Type : Verify
[INFO ][2015-11-19 11:57:51,851][com.java.TestType] [ 5568] - field= BTN value= Logout
[INFO ][2015-11-19 11:57:51,851][com.java.TestType] [ 4461] - value = Logout
[INFO ][2015-11-19 11:57:51,892][com.java.SeleniumDriver] [  869] -  RESULT true
[INFO ][2015-11-19 11:57:51,892][com.java.SeleniumDriver] [ 1074] - ?   P A S S   ?
[INFO ][2015-11-19 11:57:51,892][com.java.SeleniumDriver] [ 1116] - step change to 3
[INFO ][2015-11-19 11:57:51,892][com.java.SeleniumDriver] [  796] - ------------------------------------------
[INFO ][2015-11-19 11:57:51,892][com.java.SeleniumDriver] [  797] - Test case being Executed: 6
[INFO ][2015-11-19 11:57:51,892][com.java.SeleniumDriver] [  808] - Test step:3
[INFO ][2015-11-19 11:57:51,892][com.java.SeleniumDriver] [  820] - Datavalue is----------Concept#2:1-2
[INFO ][2015-11-19 11:57:51,892][com.java.SeleniumDriver] [  844] - DataField : test
[INFO ][2015-11-19 11:57:51,892][com.java.SeleniumDriver] [  846] - DataValue : Concept#2:1-2
[INFO ][2015-11-19 11:57:51,892][com.java.SeleniumDriver] [  852] - <In Set values of the page>
[INFO ][2015-11-19 11:57:51,892][com.java.SeleniumDriver] [  855] - {Data Fields & Data Values Exist}
[INFO ][2015-11-19 11:57:51,892][com.java.SeleniumDriver] [  857] - --------------------------setting values-----------------------------
[INFO ][2015-11-19 11:57:51,892][com.java.SeleniumDriver] [  860] - Action Type : ExecuteTestCase
[INFO ][2015-11-19 11:57:51,892][com.java.TestType] [  426] - The Concept sheet name is ---------- Concept
[INFO ][2015-11-19 11:57:51,892][com.java.TestType] [  429] - The Concept ID  is ---------- 2
[DEBUG][2015-11-19 11:57:51,892][com.java.TestType] [  433] - Steps being executted in the Concept are: 1:2
[INFO ][2015-11-19 11:57:51,892][com.java.TestType] [  440] - Test data details path ---------- D:\BankersDashboard\TestInputs\TestData.xls
[INFO ][2015-11-19 11:57:51,922][com.java.TestType] [  471] -  str(1) = 2
[INFO ][2015-11-19 11:57:51,922][com.java.TestType] [  474] - Test case Id is---2
[INFO ][2015-11-19 11:57:51,922][com.java.TestType] [  476] - 2
[INFO ][2015-11-19 11:57:51,922][com.java.TestType] [  471] -  str(2) = 1
[INFO ][2015-11-19 11:57:51,922][com.java.TestType] [  523] - row values are--------{1=com.java.Objects.TestDataDetails@12c820f}
[INFO ][2015-11-19 11:57:51,922][com.java.TestType] [  471] -  str(1) = 2
[INFO ][2015-11-19 11:57:51,922][com.java.TestType] [  474] - Test case Id is---2
[INFO ][2015-11-19 11:57:51,922][com.java.TestType] [  476] - 2
[INFO ][2015-11-19 11:57:51,922][com.java.TestType] [  471] -  str(2) = 2
[INFO ][2015-11-19 11:57:51,922][com.java.TestType] [  523] - row values are--------{1=com.java.Objects.TestDataDetails@12c820f, 2=com.java.Objects.TestDataDetails@132507}
[INFO ][2015-11-19 11:57:51,922][com.java.TestType] [  471] -  str(1) = 2
[INFO ][2015-11-19 11:57:51,922][com.java.TestType] [  474] - Test case Id is---2
[INFO ][2015-11-19 11:57:51,922][com.java.TestType] [  476] - 2
[INFO ][2015-11-19 11:57:51,922][com.java.TestType] [  471] -  str(2) = 3
[INFO ][2015-11-19 11:57:51,922][com.java.TestType] [  523] - row values are--------{1=com.java.Objects.TestDataDetails@12c820f, 2=com.java.Objects.TestDataDetails@132507, 3=com.java.Objects.TestDataDetails@17c4232}
[INFO ][2015-11-19 11:57:51,922][com.java.TestType] [ 8806] - Looping 1TCID = 2
[DEBUG][2015-11-19 11:57:51,922][com.java.TestType] [ 8847] - Concept ID:2 :: Step being Executed: 2::1
[INFO ][2015-11-19 11:57:51,922][com.java.TestType] [ 8885] - dataFields : BNK//select[@id='bank']
[DEBUG][2015-11-19 11:57:51,922][com.java.TestType] [ 8891] - <In Set values of the page>
[DEBUG][2015-11-19 11:57:51,922][com.java.TestType] [ 8896] - {Data Fields & Data Values Exist}
[INFO ][2015-11-19 11:57:51,922][com.java.TestType] [ 8902] - --------------------------setting values-----------------------------
[INFO ][2015-11-19 11:57:51,922][com.java.TestType] [ 8905] - Action Type : Select
[INFO ][2015-11-19 11:57:51,922][com.java.TestType] [ 4461] - value = PFC
[INFO ][2015-11-19 11:57:52,122][com.java.TestType] [ 8924] -  RESULT true
[INFO ][2015-11-19 11:57:52,122][com.java.TestType] [ 9041] - ?   P A S S   ?
[DEBUG][2015-11-19 11:57:52,122][com.java.TestType] [ 8847] - Concept ID:2 :: Step being Executed: 2::2
[INFO ][2015-11-19 11:57:52,122][com.java.TestType] [ 8885] - dataFields : LNKLogout
[DEBUG][2015-11-19 11:57:52,122][com.java.TestType] [ 8891] - <In Set values of the page>
[DEBUG][2015-11-19 11:57:52,122][com.java.TestType] [ 8896] - {Data Fields & Data Values Exist}
[INFO ][2015-11-19 11:57:52,122][com.java.TestType] [ 8902] - --------------------------setting values-----------------------------
[INFO ][2015-11-19 11:57:52,122][com.java.TestType] [ 8905] - Action Type : WaitTime
[DEBUG][2015-11-19 11:57:52,122][com.java.TestType] [ 4296] - sleepTime: 5000
[INFO ][2015-11-19 11:57:57,122][com.java.TestType] [ 8924] -  RESULT true
[INFO ][2015-11-19 11:57:57,122][com.java.TestType] [ 9041] - ?   P A S S   ?
[INFO ][2015-11-19 11:57:57,122][com.java.TestType] [ 9112] - Looping End......
[INFO ][2015-11-19 11:57:57,122][com.java.SeleniumDriver] [  869] -  RESULT true
[INFO ][2015-11-19 11:57:57,122][com.java.SeleniumDriver] [ 1074] - ?   P A S S   ?
[INFO ][2015-11-19 11:57:57,122][com.java.SeleniumDriver] [  796] - ------------------------------------------
[INFO ][2015-11-19 11:57:57,122][com.java.SeleniumDriver] [  797] - Test case being Executed: 6
[INFO ][2015-11-19 11:57:57,122][com.java.SeleniumDriver] [  808] - Test step:4
[INFO ][2015-11-19 11:57:57,122][com.java.SeleniumDriver] [  820] - Datavalue is----------5
[INFO ][2015-11-19 11:57:57,122][com.java.SeleniumDriver] [  844] - DataField : LNKSettings
[INFO ][2015-11-19 11:57:57,122][com.java.SeleniumDriver] [  846] - DataValue : 5
[INFO ][2015-11-19 11:57:57,122][com.java.SeleniumDriver] [  852] - <In Set values of the page>
[INFO ][2015-11-19 11:57:57,122][com.java.SeleniumDriver] [  855] - {Data Fields & Data Values Exist}
[INFO ][2015-11-19 11:57:57,122][com.java.SeleniumDriver] [  857] - --------------------------setting values-----------------------------
[INFO ][2015-11-19 11:57:57,122][com.java.SeleniumDriver] [  860] - Action Type : WAITFORELEMENT
[INFO ][2015-11-19 11:57:57,214][com.java.SeleniumDriver] [  869] -  RESULT true
[INFO ][2015-11-19 11:57:57,214][com.java.SeleniumDriver] [ 1074] - ?   P A S S   ?
[INFO ][2015-11-19 11:57:57,214][com.java.SeleniumDriver] [  796] - ------------------------------------------
[INFO ][2015-11-19 11:57:57,214][com.java.SeleniumDriver] [  797] - Test case being Executed: 6
[INFO ][2015-11-19 11:57:57,214][com.java.SeleniumDriver] [  808] - Test step:5
[INFO ][2015-11-19 11:57:57,214][com.java.SeleniumDriver] [  820] - Datavalue is----------null
[DEBUG][2015-11-19 11:57:57,214][com.java.SeleniumDriver] [  838] - Exception: null
[INFO ][2015-11-19 11:57:57,214][com.java.SeleniumDriver] [  844] - DataField : //span[@class='icon-hammer']&&//a[text()='Custom Calculations']
[INFO ][2015-11-19 11:57:57,214][com.java.SeleniumDriver] [  846] - DataValue : 
[INFO ][2015-11-19 11:57:57,214][com.java.SeleniumDriver] [  852] - <In Set values of the page>
[INFO ][2015-11-19 11:57:57,214][com.java.SeleniumDriver] [  855] - {Data Fields & Data Values Exist}
[INFO ][2015-11-19 11:57:57,214][com.java.SeleniumDriver] [  857] - --------------------------setting values-----------------------------
[INFO ][2015-11-19 11:57:57,214][com.java.SeleniumDriver] [  860] - Action Type : MOUSEOVER
[INFO ][2015-11-19 11:58:25,814][com.java.SeleniumDriver] [  869] -  RESULT true
[INFO ][2015-11-19 11:58:25,814][com.java.SeleniumDriver] [ 1074] - ?   P A S S   ?
[INFO ][2015-11-19 11:58:25,814][com.java.SeleniumDriver] [  796] - ------------------------------------------
[INFO ][2015-11-19 11:58:25,814][com.java.SeleniumDriver] [  797] - Test case being Executed: 6
[INFO ][2015-11-19 11:58:25,814][com.java.SeleniumDriver] [  808] - Test step:6
[INFO ][2015-11-19 11:58:25,814][com.java.SeleniumDriver] [  820] - Datavalue is----------5
[INFO ][2015-11-19 11:58:25,814][com.java.SeleniumDriver] [  844] - DataField : BTN//iframe[@class='frameTabContent']
[INFO ][2015-11-19 11:58:25,814][com.java.SeleniumDriver] [  846] - DataValue : 5
[INFO ][2015-11-19 11:58:25,814][com.java.SeleniumDriver] [  852] - <In Set values of the page>
[INFO ][2015-11-19 11:58:25,814][com.java.SeleniumDriver] [  855] - {Data Fields & Data Values Exist}
[INFO ][2015-11-19 11:58:25,814][com.java.SeleniumDriver] [  857] - --------------------------setting values-----------------------------
[INFO ][2015-11-19 11:58:25,814][com.java.SeleniumDriver] [  860] - Action Type : waitforelement
[INFO ][2015-11-19 11:58:25,904][com.java.SeleniumDriver] [  869] -  RESULT true
[INFO ][2015-11-19 11:58:25,904][com.java.SeleniumDriver] [ 1074] - ?   P A S S   ?
[INFO ][2015-11-19 11:58:25,904][com.java.SeleniumDriver] [  796] - ------------------------------------------
[INFO ][2015-11-19 11:58:25,904][com.java.SeleniumDriver] [  797] - Test case being Executed: 6
[INFO ][2015-11-19 11:58:25,904][com.java.SeleniumDriver] [  808] - Test step:7
[INFO ][2015-11-19 11:58:25,904][com.java.SeleniumDriver] [  820] - Datavalue is----------null
[DEBUG][2015-11-19 11:58:25,904][com.java.SeleniumDriver] [  838] - Exception: null
[INFO ][2015-11-19 11:58:25,904][com.java.SeleniumDriver] [  844] - DataField : BTN//iframe[@class='frameTabContent']
[INFO ][2015-11-19 11:58:25,904][com.java.SeleniumDriver] [  846] - DataValue : 
[INFO ][2015-11-19 11:58:25,904][com.java.SeleniumDriver] [  852] - <In Set values of the page>
[INFO ][2015-11-19 11:58:25,904][com.java.SeleniumDriver] [  855] - {Data Fields & Data Values Exist}
[INFO ][2015-11-19 11:58:25,904][com.java.SeleniumDriver] [  857] - --------------------------setting values-----------------------------
[INFO ][2015-11-19 11:58:25,904][com.java.SeleniumDriver] [  860] - Action Type : SELECTFRAME
[INFO ][2015-11-19 11:58:26,144][com.java.SeleniumDriver] [  869] -  RESULT true
[INFO ][2015-11-19 11:58:26,144][com.java.SeleniumDriver] [ 1074] - ?   P A S S   ?
[INFO ][2015-11-19 11:58:26,144][com.java.SeleniumDriver] [  796] - ------------------------------------------
[INFO ][2015-11-19 11:58:26,144][com.java.SeleniumDriver] [  797] - Test case being Executed: 6
[INFO ][2015-11-19 11:58:26,144][com.java.SeleniumDriver] [  808] - Test step:8
[INFO ][2015-11-19 11:58:26,144][com.java.SeleniumDriver] [  820] - Datavalue is----------5
[INFO ][2015-11-19 11:58:26,144][com.java.SeleniumDriver] [  844] - DataField : XPH//h1[contains(text(), 'Custom Calculations')]
[INFO ][2015-11-19 11:58:26,144][com.java.SeleniumDriver] [  846] - DataValue : 5
[INFO ][2015-11-19 11:58:26,144][com.java.SeleniumDriver] [  852] - <In Set values of the page>
[INFO ][2015-11-19 11:58:26,144][com.java.SeleniumDriver] [  855] - {Data Fields & Data Values Exist}
[INFO ][2015-11-19 11:58:26,144][com.java.SeleniumDriver] [  857] - --------------------------setting values-----------------------------
[INFO ][2015-11-19 11:58:26,144][com.java.SeleniumDriver] [  860] - Action Type : waitforelement
[INFO ][2015-11-19 11:58:26,204][com.java.SeleniumDriver] [  869] -  RESULT true
[INFO ][2015-11-19 11:58:26,204][com.java.SeleniumDriver] [ 1074] - ?   P A S S   ?
[INFO ][2015-11-19 11:58:26,204][com.java.SeleniumDriver] [  796] - ------------------------------------------
[INFO ][2015-11-19 11:58:26,204][com.java.SeleniumDriver] [  797] - Test case being Executed: 6
[INFO ][2015-11-19 11:58:26,204][com.java.SeleniumDriver] [  808] - Test step:9
[INFO ][2015-11-19 11:58:26,204][com.java.SeleniumDriver] [  820] - Datavalue is----------Custom Calculations
[INFO ][2015-11-19 11:58:26,204][com.java.SeleniumDriver] [  844] - DataField : MSG
[INFO ][2015-11-19 11:58:26,204][com.java.SeleniumDriver] [  846] - DataValue : Custom Calculations
[INFO ][2015-11-19 11:58:26,204][com.java.SeleniumDriver] [  852] - <In Set values of the page>
[INFO ][2015-11-19 11:58:26,204][com.java.SeleniumDriver] [  855] - {Data Fields & Data Values Exist}
[INFO ][2015-11-19 11:58:26,204][com.java.SeleniumDriver] [  857] - --------------------------setting values-----------------------------
[INFO ][2015-11-19 11:58:26,204][com.java.SeleniumDriver] [  860] - Action Type : Verify
[INFO ][2015-11-19 11:58:26,204][com.java.TestType] [ 5568] - field= MSG value= Custom Calculations
[INFO ][2015-11-19 11:58:26,204][com.java.TestType] [ 4461] - value = Custom Calculations
[DEBUG][2015-11-19 11:58:26,204][com.java.TestType] [ 6337] - value :: Custom Calculations
[INFO ][2015-11-19 11:58:26,224][com.java.SeleniumDriver] [  869] -  RESULT true
[INFO ][2015-11-19 11:58:26,224][com.java.SeleniumDriver] [ 1074] - ?   P A S S   ?
[INFO ][2015-11-19 11:58:26,224][com.java.SeleniumDriver] [  796] - ------------------------------------------
[INFO ][2015-11-19 11:58:26,224][com.java.SeleniumDriver] [  797] - Test case being Executed: 6
[INFO ][2015-11-19 11:58:26,224][com.java.SeleniumDriver] [  808] - Test step:10
[INFO ][2015-11-19 11:58:26,224][com.java.SeleniumDriver] [  820] - Datavalue is----------5
[INFO ][2015-11-19 11:58:26,224][com.java.SeleniumDriver] [  844] - DataField : XPH//a[contains(text(), 'Add Calculation')]
[INFO ][2015-11-19 11:58:26,224][com.java.SeleniumDriver] [  846] - DataValue : 5
[INFO ][2015-11-19 11:58:26,224][com.java.SeleniumDriver] [  852] - <In Set values of the page>
[INFO ][2015-11-19 11:58:26,224][com.java.SeleniumDriver] [  855] - {Data Fields & Data Values Exist}
[INFO ][2015-11-19 11:58:26,224][com.java.SeleniumDriver] [  857] - --------------------------setting values-----------------------------
[INFO ][2015-11-19 11:58:26,224][com.java.SeleniumDriver] [  860] - Action Type : waitforelement
[INFO ][2015-11-19 11:58:26,254][com.java.SeleniumDriver] [  869] -  RESULT true
[INFO ][2015-11-19 11:58:26,254][com.java.SeleniumDriver] [ 1074] - ?   P A S S   ?
[INFO ][2015-11-19 11:58:26,254][com.java.SeleniumDriver] [  796] - ------------------------------------------
[INFO ][2015-11-19 11:58:26,254][com.java.SeleniumDriver] [  797] - Test case being Executed: 6
[INFO ][2015-11-19 11:58:26,254][com.java.SeleniumDriver] [  808] - Test step:11
[INFO ][2015-11-19 11:58:26,254][com.java.SeleniumDriver] [  820] - Datavalue is----------null
[DEBUG][2015-11-19 11:58:26,254][com.java.SeleniumDriver] [  838] - Exception: null
[INFO ][2015-11-19 11:58:26,254][com.java.SeleniumDriver] [  844] - DataField : HDN//a[contains(text(), 'Add Calculation')]
[INFO ][2015-11-19 11:58:26,254][com.java.SeleniumDriver] [  846] - DataValue : 
[INFO ][2015-11-19 11:58:26,254][com.java.SeleniumDriver] [  852] - <In Set values of the page>
[INFO ][2015-11-19 11:58:26,254][com.java.SeleniumDriver] [  855] - {Data Fields & Data Values Exist}
[INFO ][2015-11-19 11:58:26,254][com.java.SeleniumDriver] [  857] - --------------------------setting values-----------------------------
[INFO ][2015-11-19 11:58:26,254][com.java.SeleniumDriver] [  860] - Action Type : click
[INFO ][2015-11-19 11:58:26,254][com.java.TestType] [ 4774] - Field ::HDN//a[contains(text(), 'Add Calculation')]
[INFO ][2015-11-19 11:59:20,654][com.java.SeleniumDriver] [  869] -  RESULT true
[INFO ][2015-11-19 11:59:20,654][com.java.SeleniumDriver] [ 1074] - ?   P A S S   ?
[INFO ][2015-11-19 11:59:20,654][com.java.SeleniumDriver] [  796] - ------------------------------------------
[INFO ][2015-11-19 11:59:20,654][com.java.SeleniumDriver] [  797] - Test case being Executed: 6
[INFO ][2015-11-19 11:59:20,654][com.java.SeleniumDriver] [  808] - Test step:12
[INFO ][2015-11-19 11:59:20,654][com.java.SeleniumDriver] [  820] - Datavalue is----------5
[INFO ][2015-11-19 11:59:20,654][com.java.SeleniumDriver] [  844] - DataField : XPH//button[text()='+']
[INFO ][2015-11-19 11:59:20,654][com.java.SeleniumDriver] [  846] - DataValue : 5
[INFO ][2015-11-19 11:59:20,654][com.java.SeleniumDriver] [  852] - <In Set values of the page>
[INFO ][2015-11-19 11:59:20,654][com.java.SeleniumDriver] [  855] - {Data Fields & Data Values Exist}
[INFO ][2015-11-19 11:59:20,654][com.java.SeleniumDriver] [  857] - --------------------------setting values-----------------------------
[INFO ][2015-11-19 11:59:20,654][com.java.SeleniumDriver] [  860] - Action Type : waitforelement
[INFO ][2015-11-19 11:59:20,685][com.java.SeleniumDriver] [  869] -  RESULT true
[INFO ][2015-11-19 11:59:20,685][com.java.SeleniumDriver] [ 1074] - ?   P A S S   ?
[INFO ][2015-11-19 11:59:20,685][com.java.SeleniumDriver] [  796] - ------------------------------------------
[INFO ][2015-11-19 11:59:20,685][com.java.SeleniumDriver] [  797] - Test case being Executed: 6
[INFO ][2015-11-19 11:59:20,685][com.java.SeleniumDriver] [  808] - Test step:13
[INFO ][2015-11-19 11:59:20,685][com.java.SeleniumDriver] [  820] - Datavalue is----------null
[DEBUG][2015-11-19 11:59:20,685][com.java.SeleniumDriver] [  838] - Exception: null
[INFO ][2015-11-19 11:59:20,685][com.java.SeleniumDriver] [  844] - DataField : XPH//button[contains(text(), 'Save')]
[INFO ][2015-11-19 11:59:20,685][com.java.SeleniumDriver] [  846] - DataValue : 
[INFO ][2015-11-19 11:59:20,685][com.java.SeleniumDriver] [  852] - <In Set values of the page>
[INFO ][2015-11-19 11:59:20,685][com.java.SeleniumDriver] [  855] - {Data Fields & Data Values Exist}
[INFO ][2015-11-19 11:59:20,685][com.java.SeleniumDriver] [  857] - --------------------------setting values-----------------------------
[INFO ][2015-11-19 11:59:20,685][com.java.SeleniumDriver] [  860] - Action Type : ISDISABLED
[INFO ][2015-11-19 11:59:20,685][com.java.TestType] [ 6619] - field= XPH//button[contains(text(), 'Save')]
[INFO ][2015-11-19 11:59:20,755][com.java.SeleniumDriver] [  869] -  RESULT true
[INFO ][2015-11-19 11:59:20,755][com.java.SeleniumDriver] [ 1074] - ?   P A S S   ?
[INFO ][2015-11-19 11:59:20,755][com.java.SeleniumDriver] [  796] - ------------------------------------------
[INFO ][2015-11-19 11:59:20,755][com.java.SeleniumDriver] [  797] - Test case being Executed: 6
[INFO ][2015-11-19 11:59:20,755][com.java.SeleniumDriver] [  808] - Test step:14
[INFO ][2015-11-19 11:59:20,755][com.java.SeleniumDriver] [  820] - Datavalue is----------3
[INFO ][2015-11-19 11:59:20,755][com.java.SeleniumDriver] [  844] - DataField : XPH//select[contains(@class,'mber-select form-control')]
[INFO ][2015-11-19 11:59:20,755][com.java.SeleniumDriver] [  846] - DataValue : 3
[INFO ][2015-11-19 11:59:20,755][com.java.SeleniumDriver] [  852] - <In Set values of the page>
[INFO ][2015-11-19 11:59:20,755][com.java.SeleniumDriver] [  855] - {Data Fields & Data Values Exist}
[INFO ][2015-11-19 11:59:20,755][com.java.SeleniumDriver] [  857] - --------------------------setting values-----------------------------
[INFO ][2015-11-19 11:59:20,755][com.java.SeleniumDriver] [  860] - Action Type : waitforelement
[INFO ][2015-11-19 11:59:20,785][com.java.SeleniumDriver] [  869] -  RESULT true
[INFO ][2015-11-19 11:59:20,785][com.java.SeleniumDriver] [ 1074] - ?   P A S S   ?
[INFO ][2015-11-19 11:59:20,785][com.java.SeleniumDriver] [  796] - ------------------------------------------
[INFO ][2015-11-19 11:59:20,785][com.java.SeleniumDriver] [  797] - Test case being Executed: 6
[INFO ][2015-11-19 11:59:20,785][com.java.SeleniumDriver] [  808] - Test step:15
[INFO ][2015-11-19 11:59:20,785][com.java.SeleniumDriver] [  820] - Datavalue is----------null
[DEBUG][2015-11-19 11:59:20,785][com.java.SeleniumDriver] [  838] - Exception: null
[INFO ][2015-11-19 11:59:20,785][com.java.SeleniumDriver] [  844] - DataField : XPH//select[contains(@class,'mber-select form-control')]
[INFO ][2015-11-19 11:59:20,785][com.java.SeleniumDriver] [  846] - DataValue : 
[INFO ][2015-11-19 11:59:20,785][com.java.SeleniumDriver] [  852] - <In Set values of the page>
[INFO ][2015-11-19 11:59:20,785][com.java.SeleniumDriver] [  855] - {Data Fields & Data Values Exist}
[INFO ][2015-11-19 11:59:20,785][com.java.SeleniumDriver] [  857] - --------------------------setting values-----------------------------
[INFO ][2015-11-19 11:59:20,785][com.java.SeleniumDriver] [  860] - Action Type : click
[INFO ][2015-11-19 11:59:20,785][com.java.TestType] [ 4774] - Field ::XPH//select[contains(@class,'mber-select form-control')]
[INFO ][2015-11-19 11:59:21,785][com.java.TestType] [ 4833] - BEFORE CLICK
[INFO ][2015-11-19 11:59:22,605][com.java.TestType] [ 4841] - Unable to click the object dollar value dropdown
[INFO ][2015-11-19 11:59:22,605][com.java.SeleniumDriver] [  869] -  RESULT true
[INFO ][2015-11-19 11:59:22,605][com.java.SeleniumDriver] [ 1074] - ?   P A S S   ?
[INFO ][2015-11-19 11:59:22,605][com.java.SeleniumDriver] [  796] - ------------------------------------------
[INFO ][2015-11-19 11:59:22,605][com.java.SeleniumDriver] [  797] - Test case being Executed: 6
[INFO ][2015-11-19 11:59:22,605][com.java.SeleniumDriver] [  808] - Test step:16
[INFO ][2015-11-19 11:59:22,605][com.java.SeleniumDriver] [  820] - Datavalue is----------3
[INFO ][2015-11-19 11:59:22,605][com.java.SeleniumDriver] [  844] - DataField : XPH//select/option[contains(text(), 'Dollar ($)')]
[INFO ][2015-11-19 11:59:22,605][com.java.SeleniumDriver] [  846] - DataValue : 3
[INFO ][2015-11-19 11:59:22,605][com.java.SeleniumDriver] [  852] - <In Set values of the page>
[INFO ][2015-11-19 11:59:22,605][com.java.SeleniumDriver] [  855] - {Data Fields & Data Values Exist}
[INFO ][2015-11-19 11:59:22,605][com.java.SeleniumDriver] [  857] - --------------------------setting values-----------------------------
[INFO ][2015-11-19 11:59:22,605][com.java.SeleniumDriver] [  860] - Action Type : waitforelement
[INFO ][2015-11-19 11:59:22,646][com.java.SeleniumDriver] [  869] -  RESULT true
[INFO ][2015-11-19 11:59:22,646][com.java.SeleniumDriver] [ 1074] - ?   P A S S   ?
[INFO ][2015-11-19 11:59:22,646][com.java.SeleniumDriver] [  796] - ------------------------------------------
[INFO ][2015-11-19 11:59:22,646][com.java.SeleniumDriver] [  797] - Test case being Executed: 6
[INFO ][2015-11-19 11:59:22,646][com.java.SeleniumDriver] [  808] - Test step:17
[INFO ][2015-11-19 11:59:22,646][com.java.SeleniumDriver] [  820] - Datavalue is----------null
[DEBUG][2015-11-19 11:59:22,646][com.java.SeleniumDriver] [  838] - Exception: null
[INFO ][2015-11-19 11:59:22,646][com.java.SeleniumDriver] [  844] - DataField : XPH//select/option[contains(text(), 'Dollar ($)')]
[INFO ][2015-11-19 11:59:22,646][com.java.SeleniumDriver] [  846] - DataValue : 
[INFO ][2015-11-19 11:59:22,646][com.java.SeleniumDriver] [  852] - <In Set values of the page>
[INFO ][2015-11-19 11:59:22,646][com.java.SeleniumDriver] [  855] - {Data Fields & Data Values Exist}
[INFO ][2015-11-19 11:59:22,646][com.java.SeleniumDriver] [  857] - --------------------------setting values-----------------------------
[INFO ][2015-11-19 11:59:22,646][com.java.SeleniumDriver] [  860] - Action Type : click
[INFO ][2015-11-19 11:59:22,646][com.java.TestType] [ 4774] - Field ::XPH//select/option[contains(text(), 'Dollar ($)')]
[INFO ][2015-11-19 11:59:23,646][com.java.TestType] [ 4833] - BEFORE CLICK
[INFO ][2015-11-19 11:59:24,326][com.java.TestType] [ 4841] - Unable to click the object dollar value dropdown
[INFO ][2015-11-19 11:59:24,326][com.java.SeleniumDriver] [  869] -  RESULT true
[INFO ][2015-11-19 11:59:24,326][com.java.SeleniumDriver] [ 1074] - ?   P A S S   ?
[INFO ][2015-11-19 11:59:24,326][com.java.SeleniumDriver] [  796] - ------------------------------------------
[INFO ][2015-11-19 11:59:24,326][com.java.SeleniumDriver] [  797] - Test case being Executed: 6
[INFO ][2015-11-19 11:59:24,326][com.java.SeleniumDriver] [  808] - Test step:18
[INFO ][2015-11-19 11:59:24,326][com.java.SeleniumDriver] [  820] - Datavalue is----------RNDA_VLTest
[INFO ][2015-11-19 11:59:24,326][com.java.SeleniumDriver] [  844] - DataField : TXT//input[contains(@placeholder, 'Name your Calcu')]
[INFO ][2015-11-19 11:59:24,326][com.java.SeleniumDriver] [  846] - DataValue : RNDA_VLTest
[INFO ][2015-11-19 11:59:24,326][com.java.SeleniumDriver] [  852] - <In Set values of the page>
[INFO ][2015-11-19 11:59:24,326][com.java.SeleniumDriver] [  855] - {Data Fields & Data Values Exist}
[INFO ][2015-11-19 11:59:24,326][com.java.SeleniumDriver] [  857] - --------------------------setting values-----------------------------
[INFO ][2015-11-19 11:59:24,326][com.java.SeleniumDriver] [  860] - Action Type : enter
[INFO ][2015-11-19 11:59:24,326][com.java.TestType] [ 5094] - field = //input[contains(@placeholder, 'Name your Calcu')]
[INFO ][2015-11-19 11:59:24,326][com.java.TestType] [ 4461] - value = A_VLTest65206
[INFO ][2015-11-19 11:59:25,715][com.java.SeleniumDriver] [  869] -  RESULT true
[INFO ][2015-11-19 11:59:25,715][com.java.SeleniumDriver] [ 1074] - ?   P A S S   ?
[INFO ][2015-11-19 11:59:25,715][com.java.SeleniumDriver] [  796] - ------------------------------------------
[INFO ][2015-11-19 11:59:25,715][com.java.SeleniumDriver] [  797] - Test case being Executed: 6
[INFO ][2015-11-19 11:59:25,715][com.java.SeleniumDriver] [  808] - Test step:19
[INFO ][2015-11-19 11:59:25,715][com.java.SeleniumDriver] [  820] - Datavalue is----------Calusing_Keys
[INFO ][2015-11-19 11:59:25,715][com.java.SeleniumDriver] [  844] - DataField : TXT//input[contains(@placeholder, 'Name your Calcu')]
[INFO ][2015-11-19 11:59:25,715][com.java.SeleniumDriver] [  846] - DataValue : Calusing_Keys
[INFO ][2015-11-19 11:59:25,715][com.java.SeleniumDriver] [  852] - <In Set values of the page>
[INFO ][2015-11-19 11:59:25,715][com.java.SeleniumDriver] [  855] - {Data Fields & Data Values Exist}
[INFO ][2015-11-19 11:59:25,715][com.java.SeleniumDriver] [  857] - --------------------------setting values-----------------------------
[INFO ][2015-11-19 11:59:25,715][com.java.SeleniumDriver] [  860] - Action Type : STOREVALUE
[INFO ][2015-11-19 11:59:25,715][com.java.TestType] [ 6694] - field= TXT//input[contains(@placeholder, 'Name your Calcu')]
[DEBUG][2015-11-19 11:59:25,786][com.java.TestType] [ 6708] - Key:: Calusing_Keys  Value:: A_VLTest65206
[INFO ][2015-11-19 11:59:25,786][com.java.SeleniumDriver] [  869] -  RESULT true
[INFO ][2015-11-19 11:59:25,786][com.java.SeleniumDriver] [ 1074] - ?   P A S S   ?
[INFO ][2015-11-19 11:59:25,786][com.java.SeleniumDriver] [  796] - ------------------------------------------
[INFO ][2015-11-19 11:59:25,786][com.java.SeleniumDriver] [  797] - Test case being Executed: 6
[INFO ][2015-11-19 11:59:25,786][com.java.SeleniumDriver] [  808] - Test step:20
[INFO ][2015-11-19 11:59:25,786][com.java.SeleniumDriver] [  820] - Datavalue is----------//div[@id='group-list']/ul/li//a
[INFO ][2015-11-19 11:59:25,786][com.java.SeleniumDriver] [  844] - DataField : BTN
[INFO ][2015-11-19 11:59:25,786][com.java.SeleniumDriver] [  846] - DataValue : //div[@id='group-list']/ul/li//a
[INFO ][2015-11-19 11:59:25,786][com.java.SeleniumDriver] [  852] - <In Set values of the page>
[INFO ][2015-11-19 11:59:25,786][com.java.SeleniumDriver] [  855] - {Data Fields & Data Values Exist}
[INFO ][2015-11-19 11:59:25,786][com.java.SeleniumDriver] [  857] - --------------------------setting values-----------------------------
[INFO ][2015-11-19 11:59:25,786][com.java.SeleniumDriver] [  860] - Action Type : verify
[INFO ][2015-11-19 11:59:25,786][com.java.TestType] [ 5568] - field= BTN value= //div[@id='group-list']/ul/li//a
[INFO ][2015-11-19 11:59:25,786][com.java.TestType] [ 4461] - value = //div[@id='group-list']/ul/li//a
[INFO ][2015-11-19 11:59:25,816][com.java.SeleniumDriver] [  869] -  RESULT true
[INFO ][2015-11-19 11:59:25,816][com.java.SeleniumDriver] [ 1074] - ?   P A S S   ?
[INFO ][2015-11-19 11:59:25,816][com.java.SeleniumDriver] [  796] - ------------------------------------------
[INFO ][2015-11-19 11:59:25,816][com.java.SeleniumDriver] [  797] - Test case being Executed: 6
[INFO ][2015-11-19 11:59:25,816][com.java.SeleniumDriver] [  808] - Test step:21
[INFO ][2015-11-19 11:59:25,816][com.java.SeleniumDriver] [  820] - Datavalue is----------5
[INFO ][2015-11-19 11:59:25,816][com.java.SeleniumDriver] [  844] - DataField : TXT//div[contains(@class, 'input-group btn-')]/input[contains(@class ,'ember-text-field form-')]
[INFO ][2015-11-19 11:59:25,816][com.java.SeleniumDriver] [  846] - DataValue : 5
[INFO ][2015-11-19 11:59:25,816][com.java.SeleniumDriver] [  852] - <In Set values of the page>
[INFO ][2015-11-19 11:59:25,816][com.java.SeleniumDriver] [  855] - {Data Fields & Data Values Exist}
[INFO ][2015-11-19 11:59:25,816][com.java.SeleniumDriver] [  857] - --------------------------setting values-----------------------------
[INFO ][2015-11-19 11:59:25,816][com.java.SeleniumDriver] [  860] - Action Type : enter
[INFO ][2015-11-19 11:59:25,816][com.java.TestType] [ 5094] - field = //div[contains(@class, 'input-group btn-')]/input[contains(@class ,'ember-text-field form-')]
[INFO ][2015-11-19 11:59:25,816][com.java.TestType] [ 4461] - value = 5
[INFO ][2015-11-19 11:59:26,186][com.java.SeleniumDriver] [  869] -  RESULT true
[INFO ][2015-11-19 11:59:26,186][com.java.SeleniumDriver] [ 1074] - ?   P A S S   ?
[INFO ][2015-11-19 11:59:26,186][com.java.SeleniumDriver] [  796] - ------------------------------------------
[INFO ][2015-11-19 11:59:26,186][com.java.SeleniumDriver] [  797] - Test case being Executed: 6
[INFO ][2015-11-19 11:59:26,186][com.java.SeleniumDriver] [  808] - Test step:22
[INFO ][2015-11-19 11:59:26,186][com.java.SeleniumDriver] [  820] - Datavalue is----------5
[INFO ][2015-11-19 11:59:26,186][com.java.SeleniumDriver] [  844] - DataField : XPH//button[text()='Constant']
[INFO ][2015-11-19 11:59:26,186][com.java.SeleniumDriver] [  846] - DataValue : 5
[INFO ][2015-11-19 11:59:26,186][com.java.SeleniumDriver] [  852] - <In Set values of the page>
[INFO ][2015-11-19 11:59:26,186][com.java.SeleniumDriver] [  855] - {Data Fields & Data Values Exist}
[INFO ][2015-11-19 11:59:26,186][com.java.SeleniumDriver] [  857] - --------------------------setting values-----------------------------
[INFO ][2015-11-19 11:59:26,186][com.java.SeleniumDriver] [  860] - Action Type : waitforelement
[INFO ][2015-11-19 11:59:26,226][com.java.SeleniumDriver] [  869] -  RESULT true
[INFO ][2015-11-19 11:59:26,226][com.java.SeleniumDriver] [ 1074] - ?   P A S S   ?
[INFO ][2015-11-19 11:59:26,226][com.java.SeleniumDriver] [  796] - ------------------------------------------
[INFO ][2015-11-19 11:59:26,226][com.java.SeleniumDriver] [  797] - Test case being Executed: 6
[INFO ][2015-11-19 11:59:26,226][com.java.SeleniumDriver] [  808] - Test step:23
[INFO ][2015-11-19 11:59:26,226][com.java.SeleniumDriver] [  820] - Datavalue is----------null
[DEBUG][2015-11-19 11:59:26,226][com.java.SeleniumDriver] [  838] - Exception: null
[INFO ][2015-11-19 11:59:26,226][com.java.SeleniumDriver] [  844] - DataField : XPH//button[text()='Constant']
[INFO ][2015-11-19 11:59:26,226][com.java.SeleniumDriver] [  846] - DataValue : 
[INFO ][2015-11-19 11:59:26,226][com.java.SeleniumDriver] [  852] - <In Set values of the page>
[INFO ][2015-11-19 11:59:26,226][com.java.SeleniumDriver] [  855] - {Data Fields & Data Values Exist}
[INFO ][2015-11-19 11:59:26,226][com.java.SeleniumDriver] [  857] - --------------------------setting values-----------------------------
[INFO ][2015-11-19 11:59:26,226][com.java.SeleniumDriver] [  860] - Action Type : click
[INFO ][2015-11-19 11:59:26,226][com.java.TestType] [ 4774] - Field ::XPH//button[text()='Constant']
[INFO ][2015-11-19 11:59:27,226][com.java.TestType] [ 4833] - BEFORE CLICK
[INFO ][2015-11-19 11:59:28,046][com.java.TestType] [ 4841] - Unable to click the object click on constant
[INFO ][2015-11-19 11:59:28,046][com.java.SeleniumDriver] [  869] -  RESULT true
[INFO ][2015-11-19 11:59:28,046][com.java.SeleniumDriver] [ 1074] - ?   P A S S   ?
[INFO ][2015-11-19 11:59:28,046][com.java.SeleniumDriver] [  796] - ------------------------------------------
[INFO ][2015-11-19 11:59:28,046][com.java.SeleniumDriver] [  797] - Test case being Executed: 6
[INFO ][2015-11-19 11:59:28,046][com.java.SeleniumDriver] [  808] - Test step:24
[INFO ][2015-11-19 11:59:28,046][com.java.SeleniumDriver] [  820] - Datavalue is----------3
[INFO ][2015-11-19 11:59:28,046][com.java.SeleniumDriver] [  844] - DataField : XPH//button[text()='Constant']
[INFO ][2015-11-19 11:59:28,046][com.java.SeleniumDriver] [  846] - DataValue : 3
[INFO ][2015-11-19 11:59:28,046][com.java.SeleniumDriver] [  852] - <In Set values of the page>
[INFO ][2015-11-19 11:59:28,046][com.java.SeleniumDriver] [  855] - {Data Fields & Data Values Exist}
[INFO ][2015-11-19 11:59:28,046][com.java.SeleniumDriver] [  857] - --------------------------setting values-----------------------------
[INFO ][2015-11-19 11:59:28,046][com.java.SeleniumDriver] [  860] - Action Type : waitforelement
[INFO ][2015-11-19 11:59:28,077][com.java.SeleniumDriver] [  869] -  RESULT true
[INFO ][2015-11-19 11:59:28,077][com.java.SeleniumDriver] [ 1074] - ?   P A S S   ?
[INFO ][2015-11-19 11:59:28,077][com.java.SeleniumDriver] [  796] - ------------------------------------------
[INFO ][2015-11-19 11:59:28,077][com.java.SeleniumDriver] [  797] - Test case being Executed: 6
[INFO ][2015-11-19 11:59:28,077][com.java.SeleniumDriver] [  808] - Test step:25
[INFO ][2015-11-19 11:59:28,077][com.java.SeleniumDriver] [  820] - Datavalue is----------null
[DEBUG][2015-11-19 11:59:28,077][com.java.SeleniumDriver] [  838] - Exception: null
[INFO ][2015-11-19 11:59:28,077][com.java.SeleniumDriver] [  844] - DataField : XPH//button[text()='+']
[INFO ][2015-11-19 11:59:28,077][com.java.SeleniumDriver] [  846] - DataValue : 
[INFO ][2015-11-19 11:59:28,077][com.java.SeleniumDriver] [  852] - <In Set values of the page>
[INFO ][2015-11-19 11:59:28,077][com.java.SeleniumDriver] [  855] - {Data Fields & Data Values Exist}
[INFO ][2015-11-19 11:59:28,077][com.java.SeleniumDriver] [  857] - --------------------------setting values-----------------------------
[INFO ][2015-11-19 11:59:28,077][com.java.SeleniumDriver] [  860] - Action Type : click
[INFO ][2015-11-19 11:59:28,077][com.java.TestType] [ 4774] - Field ::XPH//button[text()='+']
[INFO ][2015-11-19 11:59:29,077][com.java.TestType] [ 4833] - BEFORE CLICK
[INFO ][2015-11-19 11:59:29,807][com.java.TestType] [ 4841] - Unable to click the object enter operator
[INFO ][2015-11-19 11:59:29,807][com.java.SeleniumDriver] [  869] -  RESULT true
[INFO ][2015-11-19 11:59:29,807][com.java.SeleniumDriver] [ 1074] - ?   P A S S   ?
[INFO ][2015-11-19 11:59:29,807][com.java.SeleniumDriver] [  796] - ------------------------------------------
[INFO ][2015-11-19 11:59:29,807][com.java.SeleniumDriver] [  797] - Test case being Executed: 6
[INFO ][2015-11-19 11:59:29,807][com.java.SeleniumDriver] [  808] - Test step:26
[INFO ][2015-11-19 11:59:29,807][com.java.SeleniumDriver] [  820] - Datavalue is----------5
[INFO ][2015-11-19 11:59:29,807][com.java.SeleniumDriver] [  844] - DataField : TXT//div[contains(@class, 'input-group btn-')]/input[contains(@class ,'ember-text-field form-')]
[INFO ][2015-11-19 11:59:29,807][com.java.SeleniumDriver] [  846] - DataValue : 5
[INFO ][2015-11-19 11:59:29,807][com.java.SeleniumDriver] [  852] - <In Set values of the page>
[INFO ][2015-11-19 11:59:29,807][com.java.SeleniumDriver] [  855] - {Data Fields & Data Values Exist}
[INFO ][2015-11-19 11:59:29,807][com.java.SeleniumDriver] [  857] - --------------------------setting values-----------------------------
[INFO ][2015-11-19 11:59:29,807][com.java.SeleniumDriver] [  860] - Action Type : enter
[INFO ][2015-11-19 11:59:29,807][com.java.TestType] [ 5094] - field = //div[contains(@class, 'input-group btn-')]/input[contains(@class ,'ember-text-field form-')]
[INFO ][2015-11-19 11:59:29,807][com.java.TestType] [ 4461] - value = 5
[INFO ][2015-11-19 11:59:30,228][com.java.SeleniumDriver] [  869] -  RESULT true
[INFO ][2015-11-19 11:59:30,228][com.java.SeleniumDriver] [ 1074] - ?   P A S S   ?
[INFO ][2015-11-19 11:59:30,228][com.java.SeleniumDriver] [  796] - ------------------------------------------
[INFO ][2015-11-19 11:59:30,228][com.java.SeleniumDriver] [  797] - Test case being Executed: 6
[INFO ][2015-11-19 11:59:30,228][com.java.SeleniumDriver] [  808] - Test step:27
[INFO ][2015-11-19 11:59:30,228][com.java.SeleniumDriver] [  820] - Datavalue is----------3
[INFO ][2015-11-19 11:59:30,228][com.java.SeleniumDriver] [  844] - DataField : XPH//button[text()='Constant']
[INFO ][2015-11-19 11:59:30,228][com.java.SeleniumDriver] [  846] - DataValue : 3
[INFO ][2015-11-19 11:59:30,228][com.java.SeleniumDriver] [  852] - <In Set values of the page>
[INFO ][2015-11-19 11:59:30,228][com.java.SeleniumDriver] [  855] - {Data Fields & Data Values Exist}
[INFO ][2015-11-19 11:59:30,228][com.java.SeleniumDriver] [  857] - --------------------------setting values-----------------------------
[INFO ][2015-11-19 11:59:30,228][com.java.SeleniumDriver] [  860] - Action Type : waitforelement
[INFO ][2015-11-19 11:59:30,258][com.java.SeleniumDriver] [  869] -  RESULT true
[INFO ][2015-11-19 11:59:30,258][com.java.SeleniumDriver] [ 1074] - ?   P A S S   ?
[INFO ][2015-11-19 11:59:30,258][com.java.SeleniumDriver] [  796] - ------------------------------------------
[INFO ][2015-11-19 11:59:30,258][com.java.SeleniumDriver] [  797] - Test case being Executed: 6
[INFO ][2015-11-19 11:59:30,258][com.java.SeleniumDriver] [  808] - Test step:28
[INFO ][2015-11-19 11:59:30,258][com.java.SeleniumDriver] [  820] - Datavalue is----------null
[DEBUG][2015-11-19 11:59:30,258][com.java.SeleniumDriver] [  838] - Exception: null
[INFO ][2015-11-19 11:59:30,258][com.java.SeleniumDriver] [  844] - DataField : XPH//button[text()='Constant']
[INFO ][2015-11-19 11:59:30,258][com.java.SeleniumDriver] [  846] - DataValue : 
[INFO ][2015-11-19 11:59:30,258][com.java.SeleniumDriver] [  852] - <In Set values of the page>
[INFO ][2015-11-19 11:59:30,258][com.java.SeleniumDriver] [  855] - {Data Fields & Data Values Exist}
[INFO ][2015-11-19 11:59:30,258][com.java.SeleniumDriver] [  857] - --------------------------setting values-----------------------------
[INFO ][2015-11-19 11:59:30,258][com.java.SeleniumDriver] [  860] - Action Type : click
[INFO ][2015-11-19 11:59:30,258][com.java.TestType] [ 4774] - Field ::XPH//button[text()='Constant']
[INFO ][2015-11-19 11:59:31,258][com.java.TestType] [ 4833] - BEFORE CLICK
[INFO ][2015-11-19 11:59:31,988][com.java.TestType] [ 4841] - Unable to click the object click constant
[INFO ][2015-11-19 11:59:31,988][com.java.SeleniumDriver] [  869] -  RESULT true
[INFO ][2015-11-19 11:59:31,988][com.java.SeleniumDriver] [ 1074] - ?   P A S S   ?
[INFO ][2015-11-19 11:59:31,988][com.java.SeleniumDriver] [  796] - ------------------------------------------
[INFO ][2015-11-19 11:59:31,988][com.java.SeleniumDriver] [  797] - Test case being Executed: 6
[INFO ][2015-11-19 11:59:31,988][com.java.SeleniumDriver] [  808] - Test step:29
[INFO ][2015-11-19 11:59:31,988][com.java.SeleniumDriver] [  820] - Datavalue is----------3
[INFO ][2015-11-19 11:59:31,988][com.java.SeleniumDriver] [  844] - DataField : XPH//button[text()='-']
[INFO ][2015-11-19 11:59:31,988][com.java.SeleniumDriver] [  846] - DataValue : 3
[INFO ][2015-11-19 11:59:31,988][com.java.SeleniumDriver] [  852] - <In Set values of the page>
[INFO ][2015-11-19 11:59:31,988][com.java.SeleniumDriver] [  855] - {Data Fields & Data Values Exist}
[INFO ][2015-11-19 11:59:31,988][com.java.SeleniumDriver] [  857] - --------------------------setting values-----------------------------
[INFO ][2015-11-19 11:59:31,988][com.java.SeleniumDriver] [  860] - Action Type : waitforelement
[INFO ][2015-11-19 11:59:32,019][com.java.SeleniumDriver] [  869] -  RESULT true
[INFO ][2015-11-19 11:59:32,019][com.java.SeleniumDriver] [ 1074] - ?   P A S S   ?
[INFO ][2015-11-19 11:59:32,019][com.java.SeleniumDriver] [  796] - ------------------------------------------
[INFO ][2015-11-19 11:59:32,019][com.java.SeleniumDriver] [  797] - Test case being Executed: 6
[INFO ][2015-11-19 11:59:32,019][com.java.SeleniumDriver] [  808] - Test step:30
[INFO ][2015-11-19 11:59:32,019][com.java.SeleniumDriver] [  820] - Datavalue is----------null
[DEBUG][2015-11-19 11:59:32,019][com.java.SeleniumDriver] [  838] - Exception: null
[INFO ][2015-11-19 11:59:32,019][com.java.SeleniumDriver] [  844] - DataField : XPH//button[text()='-']
[INFO ][2015-11-19 11:59:32,019][com.java.SeleniumDriver] [  846] - DataValue : 
[INFO ][2015-11-19 11:59:32,019][com.java.SeleniumDriver] [  852] - <In Set values of the page>
[INFO ][2015-11-19 11:59:32,019][com.java.SeleniumDriver] [  855] - {Data Fields & Data Values Exist}
[INFO ][2015-11-19 11:59:32,019][com.java.SeleniumDriver] [  857] - --------------------------setting values-----------------------------
[INFO ][2015-11-19 11:59:32,019][com.java.SeleniumDriver] [  860] - Action Type : click
[INFO ][2015-11-19 11:59:32,019][com.java.TestType] [ 4774] - Field ::XPH//button[text()='-']
[INFO ][2015-11-19 11:59:33,019][com.java.TestType] [ 4833] - BEFORE CLICK
[INFO ][2015-11-19 11:59:33,729][com.java.TestType] [ 4841] - Unable to click the object enter operator
[INFO ][2015-11-19 11:59:33,729][com.java.SeleniumDriver] [  869] -  RESULT true
[INFO ][2015-11-19 11:59:33,729][com.java.SeleniumDriver] [ 1074] - ?   P A S S   ?
[INFO ][2015-11-19 11:59:33,729][com.java.SeleniumDriver] [  796] - ------------------------------------------
[INFO ][2015-11-19 11:59:33,729][com.java.SeleniumDriver] [  797] - Test case being Executed: 6
[INFO ][2015-11-19 11:59:33,729][com.java.SeleniumDriver] [  808] - Test step:31
[INFO ][2015-11-19 11:59:33,729][com.java.SeleniumDriver] [  820] - Datavalue is----------3
[INFO ][2015-11-19 11:59:33,729][com.java.SeleniumDriver] [  844] - DataField : XPH//div[contains(@class, 'input-group btn-')]/input[contains(@class ,'ember-text-field form-')]
[INFO ][2015-11-19 11:59:33,729][com.java.SeleniumDriver] [  846] - DataValue : 3
[INFO ][2015-11-19 11:59:33,729][com.java.SeleniumDriver] [  852] - <In Set values of the page>
[INFO ][2015-11-19 11:59:33,729][com.java.SeleniumDriver] [  855] - {Data Fields & Data Values Exist}
[INFO ][2015-11-19 11:59:33,729][com.java.SeleniumDriver] [  857] - --------------------------setting values-----------------------------
[INFO ][2015-11-19 11:59:33,729][com.java.SeleniumDriver] [  860] - Action Type : waitforelement
[INFO ][2015-11-19 11:59:33,942][com.java.SeleniumDriver] [  869] -  RESULT true
[INFO ][2015-11-19 11:59:33,942][com.java.SeleniumDriver] [ 1074] - ?   P A S S   ?
[INFO ][2015-11-19 11:59:33,942][com.java.SeleniumDriver] [  796] - ------------------------------------------
[INFO ][2015-11-19 11:59:33,942][com.java.SeleniumDriver] [  797] - Test case being Executed: 6
[INFO ][2015-11-19 11:59:33,942][com.java.SeleniumDriver] [  808] - Test step:32
[INFO ][2015-11-19 11:59:33,942][com.java.SeleniumDriver] [  820] - Datavalue is----------5
[INFO ][2015-11-19 11:59:33,942][com.java.SeleniumDriver] [  844] - DataField : TXT//div[contains(@class, 'input-group btn-')]/input[contains(@class ,'ember-text-field form-')]
[INFO ][2015-11-19 11:59:33,942][com.java.SeleniumDriver] [  846] - DataValue : 5
[INFO ][2015-11-19 11:59:33,942][com.java.SeleniumDriver] [  852] - <In Set values of the page>
[INFO ][2015-11-19 11:59:33,942][com.java.SeleniumDriver] [  855] - {Data Fields & Data Values Exist}
[INFO ][2015-11-19 11:59:33,942][com.java.SeleniumDriver] [  857] - --------------------------setting values-----------------------------
[INFO ][2015-11-19 11:59:33,942][com.java.SeleniumDriver] [  860] - Action Type : enter
[INFO ][2015-11-19 11:59:33,942][com.java.TestType] [ 5094] - field = //div[contains(@class, 'input-group btn-')]/input[contains(@class ,'ember-text-field form-')]
[INFO ][2015-11-19 11:59:33,942][com.java.TestType] [ 4461] - value = 5
[INFO ][2015-11-19 11:59:34,362][com.java.SeleniumDriver] [  869] -  RESULT true
[INFO ][2015-11-19 11:59:34,362][com.java.SeleniumDriver] [ 1074] - ?   P A S S   ?
[INFO ][2015-11-19 11:59:34,362][com.java.SeleniumDriver] [  796] - ------------------------------------------
[INFO ][2015-11-19 11:59:34,362][com.java.SeleniumDriver] [  797] - Test case being Executed: 6
[INFO ][2015-11-19 11:59:34,362][com.java.SeleniumDriver] [  808] - Test step:33
[INFO ][2015-11-19 11:59:34,362][com.java.SeleniumDriver] [  820] - Datavalue is----------3
[INFO ][2015-11-19 11:59:34,362][com.java.SeleniumDriver] [  844] - DataField : XPH//button[text()='Constant']
[INFO ][2015-11-19 11:59:34,362][com.java.SeleniumDriver] [  846] - DataValue : 3
[INFO ][2015-11-19 11:59:34,362][com.java.SeleniumDriver] [  852] - <In Set values of the page>
[INFO ][2015-11-19 11:59:34,362][com.java.SeleniumDriver] [  855] - {Data Fields & Data Values Exist}
[INFO ][2015-11-19 11:59:34,362][com.java.SeleniumDriver] [  857] - --------------------------setting values-----------------------------
[INFO ][2015-11-19 11:59:34,362][com.java.SeleniumDriver] [  860] - Action Type : waitforelement
[INFO ][2015-11-19 11:59:34,392][com.java.SeleniumDriver] [  869] -  RESULT true
[INFO ][2015-11-19 11:59:34,392][com.java.SeleniumDriver] [ 1074] - ?   P A S S   ?
[INFO ][2015-11-19 11:59:34,392][com.java.SeleniumDriver] [  796] - ------------------------------------------
[INFO ][2015-11-19 11:59:34,392][com.java.SeleniumDriver] [  797] - Test case being Executed: 6
[INFO ][2015-11-19 11:59:34,392][com.java.SeleniumDriver] [  808] - Test step:34
[INFO ][2015-11-19 11:59:34,392][com.java.SeleniumDriver] [  820] - Datavalue is----------null
[DEBUG][2015-11-19 11:59:34,392][com.java.SeleniumDriver] [  838] - Exception: null
[INFO ][2015-11-19 11:59:34,392][com.java.SeleniumDriver] [  844] - DataField : XPH//button[text()='Constant']
[INFO ][2015-11-19 11:59:34,392][com.java.SeleniumDriver] [  846] - DataValue : 
[INFO ][2015-11-19 11:59:34,392][com.java.SeleniumDriver] [  852] - <In Set values of the page>
[INFO ][2015-11-19 11:59:34,392][com.java.SeleniumDriver] [  855] - {Data Fields & Data Values Exist}
[INFO ][2015-11-19 11:59:34,392][com.java.SeleniumDriver] [  857] - --------------------------setting values-----------------------------
[INFO ][2015-11-19 11:59:34,392][com.java.SeleniumDriver] [  860] - Action Type : click
[INFO ][2015-11-19 11:59:34,392][com.java.TestType] [ 4774] - Field ::XPH//button[text()='Constant']
[INFO ][2015-11-19 11:59:35,392][com.java.TestType] [ 4833] - BEFORE CLICK
[INFO ][2015-11-19 11:59:36,172][com.java.TestType] [ 4841] - Unable to click the object click constant
[INFO ][2015-11-19 11:59:36,172][com.java.SeleniumDriver] [  869] -  RESULT true
[INFO ][2015-11-19 11:59:36,172][com.java.SeleniumDriver] [ 1074] - ?   P A S S   ?
[INFO ][2015-11-19 11:59:36,172][com.java.SeleniumDriver] [  796] - ------------------------------------------
[INFO ][2015-11-19 11:59:36,172][com.java.SeleniumDriver] [  797] - Test case being Executed: 6
[INFO ][2015-11-19 11:59:36,172][com.java.SeleniumDriver] [  808] - Test step:35
[INFO ][2015-11-19 11:59:36,172][com.java.SeleniumDriver] [  820] - Datavalue is----------3
[INFO ][2015-11-19 11:59:36,172][com.java.SeleniumDriver] [  844] - DataField : XPH//button[contains(text(), 'Save')]
[INFO ][2015-11-19 11:59:36,172][com.java.SeleniumDriver] [  846] - DataValue : 3
[INFO ][2015-11-19 11:59:36,172][com.java.SeleniumDriver] [  852] - <In Set values of the page>
[INFO ][2015-11-19 11:59:36,172][com.java.SeleniumDriver] [  855] - {Data Fields & Data Values Exist}
[INFO ][2015-11-19 11:59:36,172][com.java.SeleniumDriver] [  857] - --------------------------setting values-----------------------------
[INFO ][2015-11-19 11:59:36,172][com.java.SeleniumDriver] [  860] - Action Type : waitforelement
[INFO ][2015-11-19 11:59:36,203][com.java.SeleniumDriver] [  869] -  RESULT true
[INFO ][2015-11-19 11:59:36,203][com.java.SeleniumDriver] [ 1074] - ?   P A S S   ?
[INFO ][2015-11-19 11:59:36,203][com.java.SeleniumDriver] [  796] - ------------------------------------------
[INFO ][2015-11-19 11:59:36,203][com.java.SeleniumDriver] [  797] - Test case being Executed: 6
[INFO ][2015-11-19 11:59:36,203][com.java.SeleniumDriver] [  808] - Test step:36
[INFO ][2015-11-19 11:59:36,203][com.java.SeleniumDriver] [  820] - Datavalue is----------null
[DEBUG][2015-11-19 11:59:36,203][com.java.SeleniumDriver] [  838] - Exception: null
[INFO ][2015-11-19 11:59:36,203][com.java.SeleniumDriver] [  844] - DataField : XPH//button[contains(text(), 'Save')]
[INFO ][2015-11-19 11:59:36,203][com.java.SeleniumDriver] [  846] - DataValue : 
[INFO ][2015-11-19 11:59:36,203][com.java.SeleniumDriver] [  852] - <In Set values of the page>
[INFO ][2015-11-19 11:59:36,203][com.java.SeleniumDriver] [  855] - {Data Fields & Data Values Exist}
[INFO ][2015-11-19 11:59:36,203][com.java.SeleniumDriver] [  857] - --------------------------setting values-----------------------------
[INFO ][2015-11-19 11:59:36,203][com.java.SeleniumDriver] [  860] - Action Type : ISENABLED
[INFO ][2015-11-19 11:59:36,203][com.java.TestType] [ 6655] - field= XPH//button[contains(text(), 'Save')]
[INFO ][2015-11-19 11:59:36,293][com.java.SeleniumDriver] [  869] -  RESULT true
[INFO ][2015-11-19 11:59:36,293][com.java.SeleniumDriver] [ 1074] - ?   P A S S   ?
[INFO ][2015-11-19 11:59:36,293][com.java.SeleniumDriver] [  796] - ------------------------------------------
[INFO ][2015-11-19 11:59:36,293][com.java.SeleniumDriver] [  797] - Test case being Executed: 6
[INFO ][2015-11-19 11:59:36,293][com.java.SeleniumDriver] [  808] - Test step:37
[INFO ][2015-11-19 11:59:36,293][com.java.SeleniumDriver] [  820] - Datavalue is----------null
[DEBUG][2015-11-19 11:59:36,293][com.java.SeleniumDriver] [  838] - Exception: null
[INFO ][2015-11-19 11:59:36,293][com.java.SeleniumDriver] [  844] - DataField : XPH//button[contains(text(), 'Save')]
[INFO ][2015-11-19 11:59:36,293][com.java.SeleniumDriver] [  846] - DataValue : 
[INFO ][2015-11-19 11:59:36,293][com.java.SeleniumDriver] [  852] - <In Set values of the page>
[INFO ][2015-11-19 11:59:36,293][com.java.SeleniumDriver] [  855] - {Data Fields & Data Values Exist}
[INFO ][2015-11-19 11:59:36,293][com.java.SeleniumDriver] [  857] - --------------------------setting values-----------------------------
[INFO ][2015-11-19 11:59:36,293][com.java.SeleniumDriver] [  860] - Action Type : click
[INFO ][2015-11-19 11:59:36,293][com.java.TestType] [ 4774] - Field ::XPH//button[contains(text(), 'Save')]
[INFO ][2015-11-19 11:59:37,293][com.java.TestType] [ 4833] - BEFORE CLICK
[INFO ][2015-11-19 11:59:38,043][com.java.TestType] [ 4841] - Unable to click the object save button
[INFO ][2015-11-19 11:59:38,043][com.java.SeleniumDriver] [  869] -  RESULT true
[INFO ][2015-11-19 11:59:38,043][com.java.SeleniumDriver] [ 1074] - ?   P A S S   ?
[INFO ][2015-11-19 11:59:38,043][com.java.SeleniumDriver] [  796] - ------------------------------------------
[INFO ][2015-11-19 11:59:38,043][com.java.SeleniumDriver] [  797] - Test case being Executed: 6
[INFO ][2015-11-19 11:59:38,043][com.java.SeleniumDriver] [  808] - Test step:38
[INFO ][2015-11-19 11:59:38,043][com.java.SeleniumDriver] [  820] - Datavalue is----------3
[INFO ][2015-11-19 11:59:38,043][com.java.SeleniumDriver] [  844] - DataField : XPH//a[contains(text(), 'Add Calculation')]
[INFO ][2015-11-19 11:59:38,043][com.java.SeleniumDriver] [  846] - DataValue : 3
[INFO ][2015-11-19 11:59:38,043][com.java.SeleniumDriver] [  852] - <In Set values of the page>
[INFO ][2015-11-19 11:59:38,043][com.java.SeleniumDriver] [  855] - {Data Fields & Data Values Exist}
[INFO ][2015-11-19 11:59:38,043][com.java.SeleniumDriver] [  857] - --------------------------setting values-----------------------------
[INFO ][2015-11-19 11:59:38,043][com.java.SeleniumDriver] [  860] - Action Type : waitforelement
[INFO ][2015-11-19 11:59:39,139][com.java.SeleniumDriver] [  869] -  RESULT true
[INFO ][2015-11-19 11:59:39,139][com.java.SeleniumDriver] [ 1074] - ?   P A S S   ?
[INFO ][2015-11-19 11:59:39,139][com.java.SeleniumDriver] [  796] - ------------------------------------------
[INFO ][2015-11-19 11:59:39,139][com.java.SeleniumDriver] [  797] - Test case being Executed: 6
[INFO ][2015-11-19 11:59:39,139][com.java.SeleniumDriver] [  808] - Test step:39
[INFO ][2015-11-19 11:59:39,139][com.java.SeleniumDriver] [  820] - Datavalue is----------HMVCalusing_Keys
[INFO ][2015-11-19 11:59:39,139][com.java.SeleniumDriver] [  844] - DataField : MSG
[INFO ][2015-11-19 11:59:39,139][com.java.SeleniumDriver] [  846] - DataValue : HMVCalusing_Keys
[INFO ][2015-11-19 11:59:39,139][com.java.SeleniumDriver] [  852] - <In Set values of the page>
[INFO ][2015-11-19 11:59:39,139][com.java.SeleniumDriver] [  855] - {Data Fields & Data Values Exist}
[INFO ][2015-11-19 11:59:39,139][com.java.SeleniumDriver] [  857] - --------------------------setting values-----------------------------
[INFO ][2015-11-19 11:59:39,139][com.java.SeleniumDriver] [  860] - Action Type : verify
[INFO ][2015-11-19 11:59:39,139][com.java.TestType] [ 5568] - field= MSG value= HMVCalusing_Keys
[INFO ][2015-11-19 11:59:39,139][com.java.TestType] [ 4461] - value = A_VLTest65206
[DEBUG][2015-11-19 11:59:39,139][com.java.TestType] [ 6337] - value :: A_VLTest65206
[INFO ][2015-11-19 11:59:39,150][com.java.SeleniumDriver] [  869] -  RESULT true
[INFO ][2015-11-19 11:59:39,150][com.java.SeleniumDriver] [ 1074] - ?   P A S S   ?
[INFO ][2015-11-19 11:59:39,150][com.java.SeleniumDriver] [  796] - ------------------------------------------
[INFO ][2015-11-19 11:59:39,150][com.java.SeleniumDriver] [  797] - Test case being Executed: 6
[INFO ][2015-11-19 11:59:39,150][com.java.SeleniumDriver] [  808] - Test step:40
[INFO ][2015-11-19 11:59:39,150][com.java.SeleniumDriver] [  820] - Datavalue is----------null
[DEBUG][2015-11-19 11:59:39,150][com.java.SeleniumDriver] [  838] - Exception: null
[INFO ][2015-11-19 11:59:39,150][com.java.SeleniumDriver] [  844] - DataField : HDN//a[contains(text(), 'Add Calculation')]
[INFO ][2015-11-19 11:59:39,150][com.java.SeleniumDriver] [  846] - DataValue : 
[INFO ][2015-11-19 11:59:39,150][com.java.SeleniumDriver] [  852] - <In Set values of the page>
[INFO ][2015-11-19 11:59:39,150][com.java.SeleniumDriver] [  855] - {Data Fields & Data Values Exist}
[INFO ][2015-11-19 11:59:39,150][com.java.SeleniumDriver] [  857] - --------------------------setting values-----------------------------
[INFO ][2015-11-19 11:59:39,150][com.java.SeleniumDriver] [  860] - Action Type : click
[INFO ][2015-11-19 11:59:39,150][com.java.TestType] [ 4774] - Field ::HDN//a[contains(text(), 'Add Calculation')]
[INFO ][2015-11-19 12:00:01,750][com.java.SeleniumDriver] [  869] -  RESULT true
[INFO ][2015-11-19 12:00:01,750][com.java.SeleniumDriver] [ 1074] - ?   P A S S   ?
[INFO ][2015-11-19 12:00:01,750][com.java.SeleniumDriver] [  796] - ------------------------------------------
[INFO ][2015-11-19 12:00:01,750][com.java.SeleniumDriver] [  797] - Test case being Executed: 6
[INFO ][2015-11-19 12:00:01,750][com.java.SeleniumDriver] [  808] - Test step:41
[INFO ][2015-11-19 12:00:01,750][com.java.SeleniumDriver] [  820] - Datavalue is----------3
[INFO ][2015-11-19 12:00:01,750][com.java.SeleniumDriver] [  844] - DataField : XPH//label[contains(text(), 'Dashboard Groups:')]
[INFO ][2015-11-19 12:00:01,750][com.java.SeleniumDriver] [  846] - DataValue : 3
[INFO ][2015-11-19 12:00:01,750][com.java.SeleniumDriver] [  852] - <In Set values of the page>
[INFO ][2015-11-19 12:00:01,750][com.java.SeleniumDriver] [  855] - {Data Fields & Data Values Exist}
[INFO ][2015-11-19 12:00:01,750][com.java.SeleniumDriver] [  857] - --------------------------setting values-----------------------------
[INFO ][2015-11-19 12:00:01,750][com.java.SeleniumDriver] [  860] - Action Type : waitforelement
[INFO ][2015-11-19 12:00:01,781][com.java.SeleniumDriver] [  869] -  RESULT true
[INFO ][2015-11-19 12:00:01,781][com.java.SeleniumDriver] [ 1074] - ?   P A S S   ?
[INFO ][2015-11-19 12:00:01,781][com.java.SeleniumDriver] [  796] - ------------------------------------------
[INFO ][2015-11-19 12:00:01,781][com.java.SeleniumDriver] [  797] - Test case being Executed: 6
[INFO ][2015-11-19 12:00:01,781][com.java.SeleniumDriver] [  808] - Test step:42
[INFO ][2015-11-19 12:00:01,781][com.java.SeleniumDriver] [  820] - Datavalue is----------null
[DEBUG][2015-11-19 12:00:01,781][com.java.SeleniumDriver] [  838] - Exception: null
[INFO ][2015-11-19 12:00:01,781][com.java.SeleniumDriver] [  844] - DataField : XPH//button[contains(text(), 'Save')]
[INFO ][2015-11-19 12:00:01,781][com.java.SeleniumDriver] [  846] - DataValue : 
[INFO ][2015-11-19 12:00:01,781][com.java.SeleniumDriver] [  852] - <In Set values of the page>
[INFO ][2015-11-19 12:00:01,781][com.java.SeleniumDriver] [  855] - {Data Fields & Data Values Exist}
[INFO ][2015-11-19 12:00:01,781][com.java.SeleniumDriver] [  857] - --------------------------setting values-----------------------------
[INFO ][2015-11-19 12:00:01,781][com.java.SeleniumDriver] [  860] - Action Type : ISDISABLED
[INFO ][2015-11-19 12:00:01,781][com.java.TestType] [ 6619] - field= XPH//button[contains(text(), 'Save')]
[INFO ][2015-11-19 12:00:01,851][com.java.SeleniumDriver] [  869] -  RESULT true
[INFO ][2015-11-19 12:00:01,851][com.java.SeleniumDriver] [ 1074] - ?   P A S S   ?
[INFO ][2015-11-19 12:00:01,851][com.java.SeleniumDriver] [  796] - ------------------------------------------
[INFO ][2015-11-19 12:00:01,851][com.java.SeleniumDriver] [  797] - Test case being Executed: 6
[INFO ][2015-11-19 12:00:01,851][com.java.SeleniumDriver] [  808] - Test step:43
[INFO ][2015-11-19 12:00:01,851][com.java.SeleniumDriver] [  820] - Datavalue is----------3
[INFO ][2015-11-19 12:00:01,851][com.java.SeleniumDriver] [  844] - DataField : XPH//select[contains(@class,'mber-select form-control')]
[INFO ][2015-11-19 12:00:01,851][com.java.SeleniumDriver] [  846] - DataValue : 3
[INFO ][2015-11-19 12:00:01,851][com.java.SeleniumDriver] [  852] - <In Set values of the page>
[INFO ][2015-11-19 12:00:01,851][com.java.SeleniumDriver] [  855] - {Data Fields & Data Values Exist}
[INFO ][2015-11-19 12:00:01,851][com.java.SeleniumDriver] [  857] - --------------------------setting values-----------------------------
[INFO ][2015-11-19 12:00:01,851][com.java.SeleniumDriver] [  860] - Action Type : waitforelement
[INFO ][2015-11-19 12:00:01,881][com.java.SeleniumDriver] [  869] -  RESULT true
[INFO ][2015-11-19 12:00:01,881][com.java.SeleniumDriver] [ 1074] - ?   P A S S   ?
[INFO ][2015-11-19 12:00:01,881][com.java.SeleniumDriver] [  796] - ------------------------------------------
[INFO ][2015-11-19 12:00:01,881][com.java.SeleniumDriver] [  797] - Test case being Executed: 6
[INFO ][2015-11-19 12:00:01,881][com.java.SeleniumDriver] [  808] - Test step:44
[INFO ][2015-11-19 12:00:01,881][com.java.SeleniumDriver] [  820] - Datavalue is----------null
[DEBUG][2015-11-19 12:00:01,881][com.java.SeleniumDriver] [  838] - Exception: null
[INFO ][2015-11-19 12:00:01,881][com.java.SeleniumDriver] [  844] - DataField : XPH//select[contains(@class,'mber-select form-control')]
[INFO ][2015-11-19 12:00:01,881][com.java.SeleniumDriver] [  846] - DataValue : 
[INFO ][2015-11-19 12:00:01,881][com.java.SeleniumDriver] [  852] - <In Set values of the page>
[INFO ][2015-11-19 12:00:01,881][com.java.SeleniumDriver] [  855] - {Data Fields & Data Values Exist}
[INFO ][2015-11-19 12:00:01,881][com.java.SeleniumDriver] [  857] - --------------------------setting values-----------------------------
[INFO ][2015-11-19 12:00:01,881][com.java.SeleniumDriver] [  860] - Action Type : click
[INFO ][2015-11-19 12:00:01,881][com.java.TestType] [ 4774] - Field ::XPH//select[contains(@class,'mber-select form-control')]
[INFO ][2015-11-19 12:00:02,881][com.java.TestType] [ 4833] - BEFORE CLICK
[INFO ][2015-11-19 12:00:03,651][com.java.TestType] [ 4841] - Unable to click the object dollar value dropdown
[INFO ][2015-11-19 12:00:03,651][com.java.SeleniumDriver] [  869] -  RESULT true
[INFO ][2015-11-19 12:00:03,651][com.java.SeleniumDriver] [ 1074] - ?   P A S S   ?
[INFO ][2015-11-19 12:00:03,651][com.java.SeleniumDriver] [  796] - ------------------------------------------
[INFO ][2015-11-19 12:00:03,651][com.java.SeleniumDriver] [  797] - Test case being Executed: 6
[INFO ][2015-11-19 12:00:03,651][com.java.SeleniumDriver] [  808] - Test step:45
[INFO ][2015-11-19 12:00:03,651][com.java.SeleniumDriver] [  820] - Datavalue is----------3
[INFO ][2015-11-19 12:00:03,651][com.java.SeleniumDriver] [  844] - DataField : XPH//select/option[contains(text(), 'Dollar ($)')]
[INFO ][2015-11-19 12:00:03,651][com.java.SeleniumDriver] [  846] - DataValue : 3
[INFO ][2015-11-19 12:00:03,651][com.java.SeleniumDriver] [  852] - <In Set values of the page>
[INFO ][2015-11-19 12:00:03,651][com.java.SeleniumDriver] [  855] - {Data Fields & Data Values Exist}
[INFO ][2015-11-19 12:00:03,651][com.java.SeleniumDriver] [  857] - --------------------------setting values-----------------------------
[INFO ][2015-11-19 12:00:03,651][com.java.SeleniumDriver] [  860] - Action Type : waitforelement
[INFO ][2015-11-19 12:00:03,692][com.java.SeleniumDriver] [  869] -  RESULT true
[INFO ][2015-11-19 12:00:03,692][com.java.SeleniumDriver] [ 1074] - ?   P A S S   ?
[INFO ][2015-11-19 12:00:03,692][com.java.SeleniumDriver] [  796] - ------------------------------------------
[INFO ][2015-11-19 12:00:03,692][com.java.SeleniumDriver] [  797] - Test case being Executed: 6
[INFO ][2015-11-19 12:00:03,692][com.java.SeleniumDriver] [  808] - Test step:46
[INFO ][2015-11-19 12:00:03,692][com.java.SeleniumDriver] [  820] - Datavalue is----------null
[DEBUG][2015-11-19 12:00:03,692][com.java.SeleniumDriver] [  838] - Exception: null
[INFO ][2015-11-19 12:00:03,692][com.java.SeleniumDriver] [  844] - DataField : XPH//select/option[contains(text(), 'Dollar ($)')]
[INFO ][2015-11-19 12:00:03,692][com.java.SeleniumDriver] [  846] - DataValue : 
[INFO ][2015-11-19 12:00:03,692][com.java.SeleniumDriver] [  852] - <In Set values of the page>
[INFO ][2015-11-19 12:00:03,692][com.java.SeleniumDriver] [  855] - {Data Fields & Data Values Exist}
[INFO ][2015-11-19 12:00:03,692][com.java.SeleniumDriver] [  857] - --------------------------setting values-----------------------------
[INFO ][2015-11-19 12:00:03,692][com.java.SeleniumDriver] [  860] - Action Type : click
[INFO ][2015-11-19 12:00:03,692][com.java.TestType] [ 4774] - Field ::XPH//select/option[contains(text(), 'Dollar ($)')]
[INFO ][2015-11-19 12:00:04,692][com.java.TestType] [ 4833] - BEFORE CLICK
[INFO ][2015-11-19 12:00:05,392][com.java.TestType] [ 4841] - Unable to click the object dollar value dropdown
[INFO ][2015-11-19 12:00:05,392][com.java.SeleniumDriver] [  869] -  RESULT true
[INFO ][2015-11-19 12:00:05,392][com.java.SeleniumDriver] [ 1074] - ?   P A S S   ?
[INFO ][2015-11-19 12:00:05,392][com.java.SeleniumDriver] [  796] - ------------------------------------------
[INFO ][2015-11-19 12:00:05,392][com.java.SeleniumDriver] [  797] - Test case being Executed: 6
[INFO ][2015-11-19 12:00:05,392][com.java.SeleniumDriver] [  808] - Test step:47
[INFO ][2015-11-19 12:00:05,392][com.java.SeleniumDriver] [  820] - Datavalue is----------RNDA_VLTest
[INFO ][2015-11-19 12:00:05,392][com.java.SeleniumDriver] [  844] - DataField : TXT//input[contains(@placeholder, 'Name your Calcu')]
[INFO ][2015-11-19 12:00:05,392][com.java.SeleniumDriver] [  846] - DataValue : RNDA_VLTest
[INFO ][2015-11-19 12:00:05,392][com.java.SeleniumDriver] [  852] - <In Set values of the page>
[INFO ][2015-11-19 12:00:05,392][com.java.SeleniumDriver] [  855] - {Data Fields & Data Values Exist}
[INFO ][2015-11-19 12:00:05,392][com.java.SeleniumDriver] [  857] - --------------------------setting values-----------------------------
[INFO ][2015-11-19 12:00:05,392][com.java.SeleniumDriver] [  860] - Action Type : enter
[INFO ][2015-11-19 12:00:05,392][com.java.TestType] [ 5094] - field = //input[contains(@placeholder, 'Name your Calcu')]
[INFO ][2015-11-19 12:00:05,392][com.java.TestType] [ 4461] - value = A_VLTest24734
[INFO ][2015-11-19 12:00:06,504][com.java.SeleniumDriver] [  869] -  RESULT true
[INFO ][2015-11-19 12:00:06,504][com.java.SeleniumDriver] [ 1074] - ?   P A S S   ?
[INFO ][2015-11-19 12:00:06,504][com.java.SeleniumDriver] [  796] - ------------------------------------------
[INFO ][2015-11-19 12:00:06,504][com.java.SeleniumDriver] [  797] - Test case being Executed: 6
[INFO ][2015-11-19 12:00:06,504][com.java.SeleniumDriver] [  808] - Test step:48
[INFO ][2015-11-19 12:00:06,504][com.java.SeleniumDriver] [  820] - Datavalue is----------Cal_Using_Precustoms
[INFO ][2015-11-19 12:00:06,504][com.java.SeleniumDriver] [  844] - DataField : TXT//input[contains(@placeholder, 'Name your Calcu')]
[INFO ][2015-11-19 12:00:06,504][com.java.SeleniumDriver] [  846] - DataValue : Cal_Using_Precustoms
[INFO ][2015-11-19 12:00:06,504][com.java.SeleniumDriver] [  852] - <In Set values of the page>
[INFO ][2015-11-19 12:00:06,504][com.java.SeleniumDriver] [  855] - {Data Fields & Data Values Exist}
[INFO ][2015-11-19 12:00:06,504][com.java.SeleniumDriver] [  857] - --------------------------setting values-----------------------------
[INFO ][2015-11-19 12:00:06,504][com.java.SeleniumDriver] [  860] - Action Type : STOREVALUE
[INFO ][2015-11-19 12:00:06,504][com.java.TestType] [ 6694] - field= TXT//input[contains(@placeholder, 'Name your Calcu')]
[DEBUG][2015-11-19 12:00:06,586][com.java.TestType] [ 6708] - Key:: Cal_Using_Precustoms  Value:: A_VLTest24734
[INFO ][2015-11-19 12:00:06,586][com.java.SeleniumDriver] [  869] -  RESULT true
[INFO ][2015-11-19 12:00:06,586][com.java.SeleniumDriver] [ 1074] - ?   P A S S   ?
[INFO ][2015-11-19 12:00:06,586][com.java.SeleniumDriver] [  796] - ------------------------------------------
[INFO ][2015-11-19 12:00:06,586][com.java.SeleniumDriver] [  797] - Test case being Executed: 6
[INFO ][2015-11-19 12:00:06,586][com.java.SeleniumDriver] [  808] - Test step:49
[INFO ][2015-11-19 12:00:06,586][com.java.SeleniumDriver] [  820] - Datavalue is----------//div[@id='group-list']/ul/li[2]//a
[INFO ][2015-11-19 12:00:06,586][com.java.SeleniumDriver] [  844] - DataField : BTN
[INFO ][2015-11-19 12:00:06,586][com.java.SeleniumDriver] [  846] - DataValue : //div[@id='group-list']/ul/li[2]//a
[INFO ][2015-11-19 12:00:06,586][com.java.SeleniumDriver] [  852] - <In Set values of the page>
[INFO ][2015-11-19 12:00:06,586][com.java.SeleniumDriver] [  855] - {Data Fields & Data Values Exist}
[INFO ][2015-11-19 12:00:06,586][com.java.SeleniumDriver] [  857] - --------------------------setting values-----------------------------
[INFO ][2015-11-19 12:00:06,586][com.java.SeleniumDriver] [  860] - Action Type : verify
[INFO ][2015-11-19 12:00:06,586][com.java.TestType] [ 5568] - field= BTN value= //div[@id='group-list']/ul/li[2]//a
[INFO ][2015-11-19 12:00:06,586][com.java.TestType] [ 4461] - value = //div[@id='group-list']/ul/li[2]//a
[INFO ][2015-11-19 12:00:06,616][com.java.SeleniumDriver] [  869] -  RESULT true
[INFO ][2015-11-19 12:00:06,616][com.java.SeleniumDriver] [ 1074] - ?   P A S S   ?
[INFO ][2015-11-19 12:00:06,616][com.java.SeleniumDriver] [  796] - ------------------------------------------
[INFO ][2015-11-19 12:00:06,616][com.java.SeleniumDriver] [  797] - Test case being Executed: 6
[INFO ][2015-11-19 12:00:06,616][com.java.SeleniumDriver] [  808] - Test step:50
[INFO ][2015-11-19 12:00:06,616][com.java.SeleniumDriver] [  820] - Datavalue is----------null
[DEBUG][2015-11-19 12:00:06,616][com.java.SeleniumDriver] [  838] - Exception: null
[INFO ][2015-11-19 12:00:06,616][com.java.SeleniumDriver] [  844] - DataField : XPH//div[@id='group-list']/ul/li[2]//a
[INFO ][2015-11-19 12:00:06,616][com.java.SeleniumDriver] [  846] - DataValue : 
[INFO ][2015-11-19 12:00:06,616][com.java.SeleniumDriver] [  852] - <In Set values of the page>
[INFO ][2015-11-19 12:00:06,616][com.java.SeleniumDriver] [  855] - {Data Fields & Data Values Exist}
[INFO ][2015-11-19 12:00:06,616][com.java.SeleniumDriver] [  857] - --------------------------setting values-----------------------------
[INFO ][2015-11-19 12:00:06,616][com.java.SeleniumDriver] [  860] - Action Type : CLICK
[INFO ][2015-11-19 12:00:06,616][com.java.TestType] [ 4774] - Field ::XPH//div[@id='group-list']/ul/li[2]//a
[INFO ][2015-11-19 12:00:07,616][com.java.TestType] [ 4833] - BEFORE CLICK
[INFO ][2015-11-19 12:00:08,456][com.java.TestType] [ 4841] - Unable to click the object calculation name field
[INFO ][2015-11-19 12:00:08,456][com.java.SeleniumDriver] [  869] -  RESULT true
[INFO ][2015-11-19 12:00:08,456][com.java.SeleniumDriver] [ 1074] - ?   P A S S   ?
[INFO ][2015-11-19 12:00:08,456][com.java.SeleniumDriver] [  796] - ------------------------------------------
[INFO ][2015-11-19 12:00:08,456][com.java.SeleniumDriver] [  797] - Test case being Executed: 6
[INFO ][2015-11-19 12:00:08,456][com.java.SeleniumDriver] [  808] - Test step:51
[INFO ][2015-11-19 12:00:08,456][com.java.SeleniumDriver] [  820] - Datavalue is----------3
[INFO ][2015-11-19 12:00:08,456][com.java.SeleniumDriver] [  844] - DataField : XPH//a[contains(text(),'Non-Interest Bearing Deposits')]
[INFO ][2015-11-19 12:00:08,456][com.java.SeleniumDriver] [  846] - DataValue : 3
[INFO ][2015-11-19 12:00:08,456][com.java.SeleniumDriver] [  852] - <In Set values of the page>
[INFO ][2015-11-19 12:00:08,456][com.java.SeleniumDriver] [  855] - {Data Fields & Data Values Exist}
[INFO ][2015-11-19 12:00:08,456][com.java.SeleniumDriver] [  857] - --------------------------setting values-----------------------------
[INFO ][2015-11-19 12:00:08,456][com.java.SeleniumDriver] [  860] - Action Type : waitforelement
[INFO ][2015-11-19 12:00:08,477][com.java.SeleniumDriver] [  869] -  RESULT true
[INFO ][2015-11-19 12:00:08,477][com.java.SeleniumDriver] [ 1074] - ?   P A S S   ?
[INFO ][2015-11-19 12:00:08,477][com.java.SeleniumDriver] [  796] - ------------------------------------------
[INFO ][2015-11-19 12:00:08,477][com.java.SeleniumDriver] [  797] - Test case being Executed: 6
[INFO ][2015-11-19 12:00:08,477][com.java.SeleniumDriver] [  808] - Test step:52
[INFO ][2015-11-19 12:00:08,477][com.java.SeleniumDriver] [  820] - Datavalue is----------//div[contains(@class, 'expression ui-droppable')]/span
[INFO ][2015-11-19 12:00:08,477][com.java.SeleniumDriver] [  844] - DataField : //a[contains(text(),'Non-Interest Bearing Deposits')]
[INFO ][2015-11-19 12:00:08,477][com.java.SeleniumDriver] [  846] - DataValue : //div[contains(@class, 'expression ui-droppable')]/span
[INFO ][2015-11-19 12:00:08,477][com.java.SeleniumDriver] [  852] - <In Set values of the page>
[INFO ][2015-11-19 12:00:08,477][com.java.SeleniumDriver] [  855] - {Data Fields & Data Values Exist}
[INFO ][2015-11-19 12:00:08,477][com.java.SeleniumDriver] [  857] - --------------------------setting values-----------------------------
[INFO ][2015-11-19 12:00:08,477][com.java.SeleniumDriver] [  860] - Action Type : DRAGANDDROP
[INFO ][2015-11-19 12:00:09,059][com.java.SeleniumDriver] [  869] -  RESULT true
[INFO ][2015-11-19 12:00:09,059][com.java.SeleniumDriver] [ 1074] - ?   P A S S   ?
[INFO ][2015-11-19 12:00:09,059][com.java.SeleniumDriver] [  796] - ------------------------------------------
[INFO ][2015-11-19 12:00:09,059][com.java.SeleniumDriver] [  797] - Test case being Executed: 6
[INFO ][2015-11-19 12:00:09,059][com.java.SeleniumDriver] [  808] - Test step:53
[INFO ][2015-11-19 12:00:09,059][com.java.SeleniumDriver] [  820] - Datavalue is----------null
[DEBUG][2015-11-19 12:00:09,059][com.java.SeleniumDriver] [  838] - Exception: null
[INFO ][2015-11-19 12:00:09,059][com.java.SeleniumDriver] [  844] - DataField : XPH//button[text()='+']
[INFO ][2015-11-19 12:00:09,059][com.java.SeleniumDriver] [  846] - DataValue : 
[INFO ][2015-11-19 12:00:09,059][com.java.SeleniumDriver] [  852] - <In Set values of the page>
[INFO ][2015-11-19 12:00:09,059][com.java.SeleniumDriver] [  855] - {Data Fields & Data Values Exist}
[INFO ][2015-11-19 12:00:09,059][com.java.SeleniumDriver] [  857] - --------------------------setting values-----------------------------
[INFO ][2015-11-19 12:00:09,059][com.java.SeleniumDriver] [  860] - Action Type : click
[INFO ][2015-11-19 12:00:09,059][com.java.TestType] [ 4774] - Field ::XPH//button[text()='+']
[INFO ][2015-11-19 12:00:10,064][com.java.TestType] [ 4833] - BEFORE CLICK
[INFO ][2015-11-19 12:00:10,794][com.java.TestType] [ 4841] - Unable to click the object enter operator
[INFO ][2015-11-19 12:00:10,794][com.java.SeleniumDriver] [  869] -  RESULT true
[INFO ][2015-11-19 12:00:10,794][com.java.SeleniumDriver] [ 1074] - ?   P A S S   ?
[INFO ][2015-11-19 12:00:10,794][com.java.SeleniumDriver] [  796] - ------------------------------------------
[INFO ][2015-11-19 12:00:10,794][com.java.SeleniumDriver] [  797] - Test case being Executed: 6
[INFO ][2015-11-19 12:00:10,794][com.java.SeleniumDriver] [  808] - Test step:54
[INFO ][2015-11-19 12:00:10,794][com.java.SeleniumDriver] [  820] - Datavalue is----------//div[@class="ember-view alert alert-info expression ui-droppable"]
[INFO ][2015-11-19 12:00:10,794][com.java.SeleniumDriver] [  844] - DataField : //a[contains(text(),'Interest bearing demand deposits')]
[INFO ][2015-11-19 12:00:10,794][com.java.SeleniumDriver] [  846] - DataValue : //div[@class="ember-view alert alert-info expression ui-droppable"]
[INFO ][2015-11-19 12:00:10,794][com.java.SeleniumDriver] [  852] - <In Set values of the page>
[INFO ][2015-11-19 12:00:10,794][com.java.SeleniumDriver] [  855] - {Data Fields & Data Values Exist}
[INFO ][2015-11-19 12:00:10,794][com.java.SeleniumDriver] [  857] - --------------------------setting values-----------------------------
[INFO ][2015-11-19 12:00:10,794][com.java.SeleniumDriver] [  860] - Action Type : DRAGANDDROP
[INFO ][2015-11-19 12:00:11,347][com.java.SeleniumDriver] [  869] -  RESULT true
[INFO ][2015-11-19 12:00:11,347][com.java.SeleniumDriver] [ 1074] - ?   P A S S   ?
[INFO ][2015-11-19 12:00:11,347][com.java.SeleniumDriver] [  796] - ------------------------------------------
[INFO ][2015-11-19 12:00:11,347][com.java.SeleniumDriver] [  797] - Test case being Executed: 6
[INFO ][2015-11-19 12:00:11,347][com.java.SeleniumDriver] [  808] - Test step:55
[INFO ][2015-11-19 12:00:11,347][com.java.SeleniumDriver] [  820] - Datavalue is----------3
[INFO ][2015-11-19 12:00:11,347][com.java.SeleniumDriver] [  844] - DataField : XPH//button[contains(text(), 'Save')]
[INFO ][2015-11-19 12:00:11,347][com.java.SeleniumDriver] [  846] - DataValue : 3
[INFO ][2015-11-19 12:00:11,347][com.java.SeleniumDriver] [  852] - <In Set values of the page>
[INFO ][2015-11-19 12:00:11,347][com.java.SeleniumDriver] [  855] - {Data Fields & Data Values Exist}
[INFO ][2015-11-19 12:00:11,347][com.java.SeleniumDriver] [  857] - --------------------------setting values-----------------------------
[INFO ][2015-11-19 12:00:11,347][com.java.SeleniumDriver] [  860] - Action Type : waitforelement
[INFO ][2015-11-19 12:00:11,387][com.java.SeleniumDriver] [  869] -  RESULT true
[INFO ][2015-11-19 12:00:11,387][com.java.SeleniumDriver] [ 1074] - ?   P A S S   ?
[INFO ][2015-11-19 12:00:11,387][com.java.SeleniumDriver] [  796] - ------------------------------------------
[INFO ][2015-11-19 12:00:11,387][com.java.SeleniumDriver] [  797] - Test case being Executed: 6
[INFO ][2015-11-19 12:00:11,387][com.java.SeleniumDriver] [  808] - Test step:56
[INFO ][2015-11-19 12:00:11,387][com.java.SeleniumDriver] [  820] - Datavalue is----------null
[DEBUG][2015-11-19 12:00:11,387][com.java.SeleniumDriver] [  838] - Exception: null
[INFO ][2015-11-19 12:00:11,387][com.java.SeleniumDriver] [  844] - DataField : XPH//button[contains(text(), 'Save')]
[INFO ][2015-11-19 12:00:11,387][com.java.SeleniumDriver] [  846] - DataValue : 
[INFO ][2015-11-19 12:00:11,387][com.java.SeleniumDriver] [  852] - <In Set values of the page>
[INFO ][2015-11-19 12:00:11,387][com.java.SeleniumDriver] [  855] - {Data Fields & Data Values Exist}
[INFO ][2015-11-19 12:00:11,387][com.java.SeleniumDriver] [  857] - --------------------------setting values-----------------------------
[INFO ][2015-11-19 12:00:11,387][com.java.SeleniumDriver] [  860] - Action Type : ISENABLED
[INFO ][2015-11-19 12:00:11,387][com.java.TestType] [ 6655] - field= XPH//button[contains(text(), 'Save')]
[INFO ][2015-11-19 12:00:11,447][com.java.SeleniumDriver] [  869] -  RESULT true
[INFO ][2015-11-19 12:00:11,447][com.java.SeleniumDriver] [ 1074] - ?   P A S S   ?
[INFO ][2015-11-19 12:00:11,447][com.java.SeleniumDriver] [  796] - ------------------------------------------
[INFO ][2015-11-19 12:00:11,447][com.java.SeleniumDriver] [  797] - Test case being Executed: 6
[INFO ][2015-11-19 12:00:11,447][com.java.SeleniumDriver] [  808] - Test step:57
[INFO ][2015-11-19 12:00:11,447][com.java.SeleniumDriver] [  820] - Datavalue is----------null
[DEBUG][2015-11-19 12:00:11,447][com.java.SeleniumDriver] [  838] - Exception: null
[INFO ][2015-11-19 12:00:11,447][com.java.SeleniumDriver] [  844] - DataField : XPH//button[contains(text(), 'Save')]
[INFO ][2015-11-19 12:00:11,447][com.java.SeleniumDriver] [  846] - DataValue : 
[INFO ][2015-11-19 12:00:11,447][com.java.SeleniumDriver] [  852] - <In Set values of the page>
[INFO ][2015-11-19 12:00:11,447][com.java.SeleniumDriver] [  855] - {Data Fields & Data Values Exist}
[INFO ][2015-11-19 12:00:11,447][com.java.SeleniumDriver] [  857] - --------------------------setting values-----------------------------
[INFO ][2015-11-19 12:00:11,447][com.java.SeleniumDriver] [  860] - Action Type : click
[INFO ][2015-11-19 12:00:11,447][com.java.TestType] [ 4774] - Field ::XPH//button[contains(text(), 'Save')]
[INFO ][2015-11-19 12:00:12,447][com.java.TestType] [ 4833] - BEFORE CLICK
[INFO ][2015-11-19 12:00:13,215][com.java.TestType] [ 4841] - Unable to click the object save button
[INFO ][2015-11-19 12:00:13,215][com.java.SeleniumDriver] [  869] -  RESULT true
[INFO ][2015-11-19 12:00:13,215][com.java.SeleniumDriver] [ 1074] - ?   P A S S   ?
[INFO ][2015-11-19 12:00:13,215][com.java.SeleniumDriver] [  796] - ------------------------------------------
[INFO ][2015-11-19 12:00:13,215][com.java.SeleniumDriver] [  797] - Test case being Executed: 6
[INFO ][2015-11-19 12:00:13,215][com.java.SeleniumDriver] [  808] - Test step:58
[INFO ][2015-11-19 12:00:13,215][com.java.SeleniumDriver] [  820] - Datavalue is----------3
[INFO ][2015-11-19 12:00:13,215][com.java.SeleniumDriver] [  844] - DataField : XPH//a[contains(text(), 'Add Calculation')]
[INFO ][2015-11-19 12:00:13,215][com.java.SeleniumDriver] [  846] - DataValue : 3
[INFO ][2015-11-19 12:00:13,215][com.java.SeleniumDriver] [  852] - <In Set values of the page>
[INFO ][2015-11-19 12:00:13,215][com.java.SeleniumDriver] [  855] - {Data Fields & Data Values Exist}
[INFO ][2015-11-19 12:00:13,215][com.java.SeleniumDriver] [  857] - --------------------------setting values-----------------------------
[INFO ][2015-11-19 12:00:13,215][com.java.SeleniumDriver] [  860] - Action Type : waitforelement
[INFO ][2015-11-19 12:00:13,246][com.java.SeleniumDriver] [  869] -  RESULT true
[INFO ][2015-11-19 12:00:13,246][com.java.SeleniumDriver] [ 1074] - ?   P A S S   ?
[INFO ][2015-11-19 12:00:13,246][com.java.SeleniumDriver] [  796] - ------------------------------------------
[INFO ][2015-11-19 12:00:13,246][com.java.SeleniumDriver] [  797] - Test case being Executed: 6
[INFO ][2015-11-19 12:00:13,246][com.java.SeleniumDriver] [  808] - Test step:59
[INFO ][2015-11-19 12:00:13,246][com.java.SeleniumDriver] [  820] - Datavalue is----------HMVCal_Using_Precustoms
[INFO ][2015-11-19 12:00:13,246][com.java.SeleniumDriver] [  844] - DataField : MSG
[INFO ][2015-11-19 12:00:13,246][com.java.SeleniumDriver] [  846] - DataValue : HMVCal_Using_Precustoms
[INFO ][2015-11-19 12:00:13,246][com.java.SeleniumDriver] [  852] - <In Set values of the page>
[INFO ][2015-11-19 12:00:13,246][com.java.SeleniumDriver] [  855] - {Data Fields & Data Values Exist}
[INFO ][2015-11-19 12:00:13,246][com.java.SeleniumDriver] [  857] - --------------------------setting values-----------------------------
[INFO ][2015-11-19 12:00:13,246][com.java.SeleniumDriver] [  860] - Action Type : verify
[INFO ][2015-11-19 12:00:13,246][com.java.TestType] [ 5568] - field= MSG value= HMVCal_Using_Precustoms
[INFO ][2015-11-19 12:00:13,246][com.java.TestType] [ 4461] - value = A_VLTest24734
[DEBUG][2015-11-19 12:00:13,246][com.java.TestType] [ 6337] - value :: A_VLTest24734
[INFO ][2015-11-19 12:00:13,266][com.java.SeleniumDriver] [  869] -  RESULT true
[INFO ][2015-11-19 12:00:13,266][com.java.SeleniumDriver] [ 1074] - ?   P A S S   ?
[INFO ][2015-11-19 12:00:13,266][com.java.SeleniumDriver] [  796] - ------------------------------------------
[INFO ][2015-11-19 12:00:13,266][com.java.SeleniumDriver] [  797] - Test case being Executed: 6
[INFO ][2015-11-19 12:00:13,266][com.java.SeleniumDriver] [  808] - Test step:60
[INFO ][2015-11-19 12:00:13,266][com.java.SeleniumDriver] [  820] - Datavalue is----------null
[DEBUG][2015-11-19 12:00:13,266][com.java.SeleniumDriver] [  838] - Exception: null
[INFO ][2015-11-19 12:00:13,266][com.java.SeleniumDriver] [  844] - DataField : BTNparent
[INFO ][2015-11-19 12:00:13,266][com.java.SeleniumDriver] [  846] - DataValue : 
[INFO ][2015-11-19 12:00:13,266][com.java.SeleniumDriver] [  852] - <In Set values of the page>
[INFO ][2015-11-19 12:00:13,266][com.java.SeleniumDriver] [  855] - {Data Fields & Data Values Exist}
[INFO ][2015-11-19 12:00:13,266][com.java.SeleniumDriver] [  857] - --------------------------setting values-----------------------------
[INFO ][2015-11-19 12:00:13,266][com.java.SeleniumDriver] [  860] - Action Type : SELECTFRAME
[INFO ][2015-11-19 12:00:13,276][com.java.SeleniumDriver] [  869] -  RESULT true
[INFO ][2015-11-19 12:00:13,276][com.java.SeleniumDriver] [ 1074] - ?   P A S S   ?
[INFO ][2015-11-19 12:00:13,276][com.java.SeleniumDriver] [  796] - ------------------------------------------
[INFO ][2015-11-19 12:00:13,276][com.java.SeleniumDriver] [  797] - Test case being Executed: 6
[INFO ][2015-11-19 12:00:13,276][com.java.SeleniumDriver] [  808] - Test step:61
[INFO ][2015-11-19 12:00:13,276][com.java.SeleniumDriver] [  820] - Datavalue is----------CNS
[INFO ][2015-11-19 12:00:13,276][com.java.SeleniumDriver] [  844] - DataField : BNK//select[@id='bank']
[INFO ][2015-11-19 12:00:13,276][com.java.SeleniumDriver] [  846] - DataValue : CNS
[INFO ][2015-11-19 12:00:13,276][com.java.SeleniumDriver] [  852] - <In Set values of the page>
[INFO ][2015-11-19 12:00:13,276][com.java.SeleniumDriver] [  855] - {Data Fields & Data Values Exist}
[INFO ][2015-11-19 12:00:13,276][com.java.SeleniumDriver] [  857] - --------------------------setting values-----------------------------
[INFO ][2015-11-19 12:00:13,276][com.java.SeleniumDriver] [  860] - Action Type : SELECT
[INFO ][2015-11-19 12:00:13,276][com.java.TestType] [ 4461] - value = CNS
[INFO ][2015-11-19 12:00:13,543][com.java.SeleniumDriver] [  869] -  RESULT true
[INFO ][2015-11-19 12:00:13,543][com.java.SeleniumDriver] [ 1074] - ?   P A S S   ?
[INFO ][2015-11-19 12:00:13,543][com.java.SeleniumDriver] [  796] - ------------------------------------------
[INFO ][2015-11-19 12:00:13,543][com.java.SeleniumDriver] [  797] - Test case being Executed: 6
[INFO ][2015-11-19 12:00:13,543][com.java.SeleniumDriver] [  808] - Test step:62
[INFO ][2015-11-19 12:00:13,543][com.java.SeleniumDriver] [  820] - Datavalue is----------3
[INFO ][2015-11-19 12:00:13,543][com.java.SeleniumDriver] [  844] - DataField : XPH//div[contains(text(),'My Dashboard')]
[INFO ][2015-11-19 12:00:13,543][com.java.SeleniumDriver] [  846] - DataValue : 3
[INFO ][2015-11-19 12:00:13,543][com.java.SeleniumDriver] [  852] - <In Set values of the page>
[INFO ][2015-11-19 12:00:13,543][com.java.SeleniumDriver] [  855] - {Data Fields & Data Values Exist}
[INFO ][2015-11-19 12:00:13,543][com.java.SeleniumDriver] [  857] - --------------------------setting values-----------------------------
[INFO ][2015-11-19 12:00:13,543][com.java.SeleniumDriver] [  860] - Action Type : waitforelement
[INFO ][2015-11-19 12:00:13,593][com.java.SeleniumDriver] [  869] -  RESULT true
[INFO ][2015-11-19 12:00:13,593][com.java.SeleniumDriver] [ 1074] - ?   P A S S   ?
[INFO ][2015-11-19 12:00:13,593][com.java.SeleniumDriver] [  796] - ------------------------------------------
[INFO ][2015-11-19 12:00:13,593][com.java.SeleniumDriver] [  797] - Test case being Executed: 6
[INFO ][2015-11-19 12:00:13,593][com.java.SeleniumDriver] [  808] - Test step:63
[INFO ][2015-11-19 12:00:13,593][com.java.SeleniumDriver] [  820] - Datavalue is----------My Dashboard
[INFO ][2015-11-19 12:00:13,593][com.java.SeleniumDriver] [  844] - DataField : MSG
[INFO ][2015-11-19 12:00:13,593][com.java.SeleniumDriver] [  846] - DataValue : My Dashboard
[INFO ][2015-11-19 12:00:13,593][com.java.SeleniumDriver] [  852] - <In Set values of the page>
[INFO ][2015-11-19 12:00:13,593][com.java.SeleniumDriver] [  855] - {Data Fields & Data Values Exist}
[INFO ][2015-11-19 12:00:13,593][com.java.SeleniumDriver] [  857] - --------------------------setting values-----------------------------
[INFO ][2015-11-19 12:00:13,593][com.java.SeleniumDriver] [  860] - Action Type : Verify
[INFO ][2015-11-19 12:00:13,593][com.java.TestType] [ 5568] - field= MSG value= My Dashboard
[INFO ][2015-11-19 12:00:13,593][com.java.TestType] [ 4461] - value = My Dashboard
[DEBUG][2015-11-19 12:00:13,593][com.java.TestType] [ 6337] - value :: My Dashboard
[INFO ][2015-11-19 12:00:13,663][com.java.SeleniumDriver] [  869] -  RESULT true
[INFO ][2015-11-19 12:00:13,663][com.java.SeleniumDriver] [ 1074] - ?   P A S S   ?
[INFO ][2015-11-19 12:00:13,663][com.java.SeleniumDriver] [  796] - ------------------------------------------
[INFO ][2015-11-19 12:00:13,663][com.java.SeleniumDriver] [  797] - Test case being Executed: 6
[INFO ][2015-11-19 12:00:13,663][com.java.SeleniumDriver] [  808] - Test step:64
[INFO ][2015-11-19 12:00:13,663][com.java.SeleniumDriver] [  820] - Datavalue is----------null
[DEBUG][2015-11-19 12:00:13,663][com.java.SeleniumDriver] [  838] - Exception: null
[INFO ][2015-11-19 12:00:13,663][com.java.SeleniumDriver] [  844] - DataField : //span[@class='icon-hammer']&&//a[text()='Custom Calculations']
[INFO ][2015-11-19 12:00:13,663][com.java.SeleniumDriver] [  846] - DataValue : 
[INFO ][2015-11-19 12:00:13,663][com.java.SeleniumDriver] [  852] - <In Set values of the page>
[INFO ][2015-11-19 12:00:13,663][com.java.SeleniumDriver] [  855] - {Data Fields & Data Values Exist}
[INFO ][2015-11-19 12:00:13,663][com.java.SeleniumDriver] [  857] - --------------------------setting values-----------------------------
[INFO ][2015-11-19 12:00:13,663][com.java.SeleniumDriver] [  860] - Action Type : MOUSEOVER
[INFO ][2015-11-19 12:00:56,386][com.java.SeleniumDriver] [  869] -  RESULT true
[INFO ][2015-11-19 12:00:56,386][com.java.SeleniumDriver] [ 1074] - ?   P A S S   ?
[INFO ][2015-11-19 12:00:56,386][com.java.SeleniumDriver] [  796] - ------------------------------------------
[INFO ][2015-11-19 12:00:56,386][com.java.SeleniumDriver] [  797] - Test case being Executed: 6
[INFO ][2015-11-19 12:00:56,386][com.java.SeleniumDriver] [  808] - Test step:65
[INFO ][2015-11-19 12:00:56,386][com.java.SeleniumDriver] [  820] - Datavalue is----------null
[DEBUG][2015-11-19 12:00:56,386][com.java.SeleniumDriver] [  838] - Exception: null
[INFO ][2015-11-19 12:00:56,386][com.java.SeleniumDriver] [  844] - DataField : BTN//iframe[@class='frameTabContent']
[INFO ][2015-11-19 12:00:56,386][com.java.SeleniumDriver] [  846] - DataValue : 
[INFO ][2015-11-19 12:00:56,386][com.java.SeleniumDriver] [  852] - <In Set values of the page>
[INFO ][2015-11-19 12:00:56,386][com.java.SeleniumDriver] [  855] - {Data Fields & Data Values Exist}
[INFO ][2015-11-19 12:00:56,386][com.java.SeleniumDriver] [  857] - --------------------------setting values-----------------------------
[INFO ][2015-11-19 12:00:56,386][com.java.SeleniumDriver] [  860] - Action Type : SELECTFRAME
[INFO ][2015-11-19 12:00:56,487][com.java.SeleniumDriver] [  869] -  RESULT true
[INFO ][2015-11-19 12:00:56,487][com.java.SeleniumDriver] [ 1074] - ?   P A S S   ?
[INFO ][2015-11-19 12:00:56,487][com.java.SeleniumDriver] [  796] - ------------------------------------------
[INFO ][2015-11-19 12:00:56,487][com.java.SeleniumDriver] [  797] - Test case being Executed: 6
[INFO ][2015-11-19 12:00:56,487][com.java.SeleniumDriver] [  808] - Test step:66
[INFO ][2015-11-19 12:00:56,487][com.java.SeleniumDriver] [  820] - Datavalue is----------Custom Calculations
[INFO ][2015-11-19 12:00:56,487][com.java.SeleniumDriver] [  844] - DataField : MSG
[INFO ][2015-11-19 12:00:56,487][com.java.SeleniumDriver] [  846] - DataValue : Custom Calculations
[INFO ][2015-11-19 12:00:56,487][com.java.SeleniumDriver] [  852] - <In Set values of the page>
[INFO ][2015-11-19 12:00:56,487][com.java.SeleniumDriver] [  855] - {Data Fields & Data Values Exist}
[INFO ][2015-11-19 12:00:56,487][com.java.SeleniumDriver] [  857] - --------------------------setting values-----------------------------
[INFO ][2015-11-19 12:00:56,487][com.java.SeleniumDriver] [  860] - Action Type : Verify
[INFO ][2015-11-19 12:00:56,487][com.java.TestType] [ 5568] - field= MSG value= Custom Calculations
[INFO ][2015-11-19 12:00:56,487][com.java.TestType] [ 4461] - value = Custom Calculations
[DEBUG][2015-11-19 12:00:56,487][com.java.TestType] [ 6337] - value :: Custom Calculations
[INFO ][2015-11-19 12:00:56,517][com.java.SeleniumDriver] [  869] -  RESULT true
[INFO ][2015-11-19 12:00:56,517][com.java.SeleniumDriver] [ 1074] - ?   P A S S   ?
[INFO ][2015-11-19 12:00:56,517][com.java.SeleniumDriver] [  796] - ------------------------------------------
[INFO ][2015-11-19 12:00:56,517][com.java.SeleniumDriver] [  797] - Test case being Executed: 6
[INFO ][2015-11-19 12:00:56,517][com.java.SeleniumDriver] [  808] - Test step:67
[INFO ][2015-11-19 12:00:56,517][com.java.SeleniumDriver] [  820] - Datavalue is----------A_VLTest
[INFO ][2015-11-19 12:00:56,517][com.java.SeleniumDriver] [  844] - DataField : MSG
[INFO ][2015-11-19 12:00:56,517][com.java.SeleniumDriver] [  846] - DataValue : A_VLTest
[INFO ][2015-11-19 12:00:56,517][com.java.SeleniumDriver] [  852] - <In Set values of the page>
[INFO ][2015-11-19 12:00:56,517][com.java.SeleniumDriver] [  855] - {Data Fields & Data Values Exist}
[INFO ][2015-11-19 12:00:56,517][com.java.SeleniumDriver] [  857] - --------------------------setting values-----------------------------
[INFO ][2015-11-19 12:00:56,517][com.java.SeleniumDriver] [  860] - Action Type : VERIFYNOTPRESENT
[INFO ][2015-11-19 12:00:56,517][com.java.TestType] [ 6970] - field= MSG value= A_VLTest
[INFO ][2015-11-19 12:00:56,527][com.java.SeleniumDriver] [  869] -  RESULT true
[INFO ][2015-11-19 12:00:56,527][com.java.SeleniumDriver] [ 1074] - ?   P A S S   ?
[DEBUG][2015-11-19 12:00:56,527][com.java.SeleniumDriver] [ 1176] - Case found
[DEBUG][2015-11-19 12:00:56,527][com.java.SeleniumDriver] [ 1181] - Incrementing ReportCounters[0]:2
[INFO ][2015-11-19 12:00:56,527][com.java.SeleniumDriver] [ 1200] - The results are-------------------[6, 1, Add Custom Calculation, Pass, , Thu Nov 19 11:57:51 IST 2015, 6, 3, Add Custom Calculation, Pass, , Thu Nov 19 11:57:57 IST 2015, 6, 4, Add Custom Calculation Indicator to My Dashboard, Pass, , Thu Nov 19 11:57:57 IST 2015, 6, 5, Add Custom Calculation, Pass, , Thu Nov 19 11:58:25 IST 2015, 6, 6, Add Custom Calculation, Pass, , Thu Nov 19 11:58:25 IST 2015, 6, 7, Add Custom Calculation, Pass, , Thu Nov 19 11:58:26 IST 2015, 6, 8, Add Custom Calculation, Pass, , Thu Nov 19 11:58:26 IST 2015, 6, 9, Add Custom Calculation, Pass, , Thu Nov 19 11:58:26 IST 2015, 6, 10, Add Custom Calculation, Pass, , Thu Nov 19 11:58:26 IST 2015, 6, 11, Add Custom Calculation, Pass, , Thu Nov 19 11:59:20 IST 2015, 6, 12, Add Custom Calculation, Pass, , Thu Nov 19 11:59:20 IST 2015, 6, 13, Add Custom Calculation, Pass, , Thu Nov 19 11:59:20 IST 2015, 6, 14, Add Custom Calculation, Pass, , Thu Nov 19 11:59:20 IST 2015, 6, 15, Add Custom Calculation, Pass, , Thu Nov 19 11:59:22 IST 2015, 6, 16, Add Custom Calculation, Pass, , Thu Nov 19 11:59:22 IST 2015, 6, 17, Add Custom Calculation, Pass, , Thu Nov 19 11:59:24 IST 2015, 6, 18, Add Custom Calculation, Pass, , Thu Nov 19 11:59:25 IST 2015, 6, 19, Add Custom Calculation, Pass, , Thu Nov 19 11:59:25 IST 2015, 6, 20, Add Custom Calculation, Pass, , Thu Nov 19 11:59:25 IST 2015, 6, 21, Add Custom Calculation, Pass, , Thu Nov 19 11:59:26 IST 2015, 6, 22, Add Custom Calculation, Pass, , Thu Nov 19 11:59:26 IST 2015, 6, 23, Add Custom Calculation, Pass, , Thu Nov 19 11:59:28 IST 2015, 6, 24, Add Custom Calculation, Pass, , Thu Nov 19 11:59:28 IST 2015, 6, 25, Add Custom Calculation, Pass, , Thu Nov 19 11:59:29 IST 2015, 6, 26, Add Custom Calculation, Pass, , Thu Nov 19 11:59:30 IST 2015, 6, 27, Add Custom Calculation, Pass, , Thu Nov 19 11:59:30 IST 2015, 6, 28, Add Custom Calculation, Pass, , Thu Nov 19 11:59:31 IST 2015, 6, 29, Add Custom Calculation, Pass, , Thu Nov 19 11:59:32 IST 2015, 6, 30, Add Custom Calculation, Pass, , Thu Nov 19 11:59:33 IST 2015, 6, 31, Add Custom Calculation, Pass, , Thu Nov 19 11:59:33 IST 2015, 6, 32, Add Custom Calculation, Pass, , Thu Nov 19 11:59:34 IST 2015, 6, 33, Add Custom Calculation, Pass, , Thu Nov 19 11:59:34 IST 2015, 6, 34, Add Custom Calculation, Pass, , Thu Nov 19 11:59:36 IST 2015, 6, 35, Add Custom Calculation, Pass, , Thu Nov 19 11:59:36 IST 2015, 6, 36, Add Custom Calculation, Pass, , Thu Nov 19 11:59:36 IST 2015, 6, 37, Add Custom Calculation, Pass, , Thu Nov 19 11:59:38 IST 2015, 6, 38, Add Custom Calculation, Pass, , Thu Nov 19 11:59:39 IST 2015, 6, 39, Add Custom Calculation, Pass, , Thu Nov 19 11:59:39 IST 2015, 6, 40, Add Custom Calculation, Pass, , Thu Nov 19 12:00:01 IST 2015, 6, 41, Add Custom Calculation, Pass, , Thu Nov 19 12:00:01 IST 2015, 6, 42, Add Custom Calculation, Pass, , Thu Nov 19 12:00:01 IST 2015, 6, 43, Add Custom Calculation, Pass, , Thu Nov 19 12:00:01 IST 2015, 6, 44, Add Custom Calculation, Pass, , Thu Nov 19 12:00:03 IST 2015, 6, 45, Add Custom Calculation, Pass, , Thu Nov 19 12:00:03 IST 2015, 6, 46, Add Custom Calculation, Pass, , Thu Nov 19 12:00:05 IST 2015, 6, 47, Add Custom Calculation, Pass, , Thu Nov 19 12:00:06 IST 2015, 6, 48, Add Custom Calculation, Pass, , Thu Nov 19 12:00:06 IST 2015, 6, 49, Add Custom Calculation, Pass, , Thu Nov 19 12:00:06 IST 2015, 6, 50, Add Custom Calculation, Pass, , Thu Nov 19 12:00:08 IST 2015, 6, 51, Add Custom Calculation, Pass, , Thu Nov 19 12:00:08 IST 2015, 6, 52, Add Custom Calculation, Pass, , Thu Nov 19 12:00:09 IST 2015, 6, 53, Add Custom Calculation, Pass, , Thu Nov 19 12:00:10 IST 2015, 6, 54, Add Custom Calculation, Pass, , Thu Nov 19 12:00:11 IST 2015, 6, 55, Add Custom Calculation, Pass, , Thu Nov 19 12:00:11 IST 2015, 6, 56, Add Custom Calculation, Pass, , Thu Nov 19 12:00:11 IST 2015, 6, 57, Add Custom Calculation, Pass, , Thu Nov 19 12:00:13 IST 2015, 6, 58, Add Custom Calculation, Pass, , Thu Nov 19 12:00:13 IST 2015, 6, 59, Add Custom Calculation, Pass, , Thu Nov 19 12:00:13 IST 2015, 6, 60, Add Custom Calculation, Pass, , Thu Nov 19 12:00:13 IST 2015, 6, 61, Add Custom Calculation, Pass, , Thu Nov 19 12:00:13 IST 2015, 6, 62, Add Custom Calculation, Pass, , Thu Nov 19 12:00:13 IST 2015, 6, 63, Add Custom Calculation, Pass, , Thu Nov 19 12:00:13 IST 2015, 6, 64, Add Custom Calculation, Pass, , Thu Nov 19 12:00:56 IST 2015, 6, 65, Add Custom Calculation, Pass, , Thu Nov 19 12:00:56 IST 2015, 6, 66, Add Custom Calculation, Pass, , Thu Nov 19 12:00:56 IST 2015, 6, 67, Add Custom Calculation, Pass, , Thu Nov 19 12:00:56 IST 2015]
[INFO ][2015-11-19 12:00:56,527][com.java.SeleniumDriver] [ 1204] - End time is-------4 min 25 sec
[INFO ][2015-11-19 12:00:56,527][com.java.SeleniumDriver] [ 1205] - The results are-------------------[6, 1, Add Custom Calculation, Pass, , Thu Nov 19 11:57:51 IST 2015, 6, 3, Add Custom Calculation, Pass, , Thu Nov 19 11:57:57 IST 2015, 6, 4, Add Custom Calculation Indicator to My Dashboard, Pass, , Thu Nov 19 11:57:57 IST 2015, 6, 5, Add Custom Calculation, Pass, , Thu Nov 19 11:58:25 IST 2015, 6, 6, Add Custom Calculation, Pass, , Thu Nov 19 11:58:25 IST 2015, 6, 7, Add Custom Calculation, Pass, , Thu Nov 19 11:58:26 IST 2015, 6, 8, Add Custom Calculation, Pass, , Thu Nov 19 11:58:26 IST 2015, 6, 9, Add Custom Calculation, Pass, , Thu Nov 19 11:58:26 IST 2015, 6, 10, Add Custom Calculation, Pass, , Thu Nov 19 11:58:26 IST 2015, 6, 11, Add Custom Calculation, Pass, , Thu Nov 19 11:59:20 IST 2015, 6, 12, Add Custom Calculation, Pass, , Thu Nov 19 11:59:20 IST 2015, 6, 13, Add Custom Calculation, Pass, , Thu Nov 19 11:59:20 IST 2015, 6, 14, Add Custom Calculation, Pass, , Thu Nov 19 11:59:20 IST 2015, 6, 15, Add Custom Calculation, Pass, , Thu Nov 19 11:59:22 IST 2015, 6, 16, Add Custom Calculation, Pass, , Thu Nov 19 11:59:22 IST 2015, 6, 17, Add Custom Calculation, Pass, , Thu Nov 19 11:59:24 IST 2015, 6, 18, Add Custom Calculation, Pass, , Thu Nov 19 11:59:25 IST 2015, 6, 19, Add Custom Calculation, Pass, , Thu Nov 19 11:59:25 IST 2015, 6, 20, Add Custom Calculation, Pass, , Thu Nov 19 11:59:25 IST 2015, 6, 21, Add Custom Calculation, Pass, , Thu Nov 19 11:59:26 IST 2015, 6, 22, Add Custom Calculation, Pass, , Thu Nov 19 11:59:26 IST 2015, 6, 23, Add Custom Calculation, Pass, , Thu Nov 19 11:59:28 IST 2015, 6, 24, Add Custom Calculation, Pass, , Thu Nov 19 11:59:28 IST 2015, 6, 25, Add Custom Calculation, Pass, , Thu Nov 19 11:59:29 IST 2015, 6, 26, Add Custom Calculation, Pass, , Thu Nov 19 11:59:30 IST 2015, 6, 27, Add Custom Calculation, Pass, , Thu Nov 19 11:59:30 IST 2015, 6, 28, Add Custom Calculation, Pass, , Thu Nov 19 11:59:31 IST 2015, 6, 29, Add Custom Calculation, Pass, , Thu Nov 19 11:59:32 IST 2015, 6, 30, Add Custom Calculation, Pass, , Thu Nov 19 11:59:33 IST 2015, 6, 31, Add Custom Calculation, Pass, , Thu Nov 19 11:59:33 IST 2015, 6, 32, Add Custom Calculation, Pass, , Thu Nov 19 11:59:34 IST 2015, 6, 33, Add Custom Calculation, Pass, , Thu Nov 19 11:59:34 IST 2015, 6, 34, Add Custom Calculation, Pass, , Thu Nov 19 11:59:36 IST 2015, 6, 35, Add Custom Calculation, Pass, , Thu Nov 19 11:59:36 IST 2015, 6, 36, Add Custom Calculation, Pass, , Thu Nov 19 11:59:36 IST 2015, 6, 37, Add Custom Calculation, Pass, , Thu Nov 19 11:59:38 IST 2015, 6, 38, Add Custom Calculation, Pass, , Thu Nov 19 11:59:39 IST 2015, 6, 39, Add Custom Calculation, Pass, , Thu Nov 19 11:59:39 IST 2015, 6, 40, Add Custom Calculation, Pass, , Thu Nov 19 12:00:01 IST 2015, 6, 41, Add Custom Calculation, Pass, , Thu Nov 19 12:00:01 IST 2015, 6, 42, Add Custom Calculation, Pass, , Thu Nov 19 12:00:01 IST 2015, 6, 43, Add Custom Calculation, Pass, , Thu Nov 19 12:00:01 IST 2015, 6, 44, Add Custom Calculation, Pass, , Thu Nov 19 12:00:03 IST 2015, 6, 45, Add Custom Calculation, Pass, , Thu Nov 19 12:00:03 IST 2015, 6, 46, Add Custom Calculation, Pass, , Thu Nov 19 12:00:05 IST 2015, 6, 47, Add Custom Calculation, Pass, , Thu Nov 19 12:00:06 IST 2015, 6, 48, Add Custom Calculation, Pass, , Thu Nov 19 12:00:06 IST 2015, 6, 49, Add Custom Calculation, Pass, , Thu Nov 19 12:00:06 IST 2015, 6, 50, Add Custom Calculation, Pass, , Thu Nov 19 12:00:08 IST 2015, 6, 51, Add Custom Calculation, Pass, , Thu Nov 19 12:00:08 IST 2015, 6, 52, Add Custom Calculation, Pass, , Thu Nov 19 12:00:09 IST 2015, 6, 53, Add Custom Calculation, Pass, , Thu Nov 19 12:00:10 IST 2015, 6, 54, Add Custom Calculation, Pass, , Thu Nov 19 12:00:11 IST 2015, 6, 55, Add Custom Calculation, Pass, , Thu Nov 19 12:00:11 IST 2015, 6, 56, Add Custom Calculation, Pass, , Thu Nov 19 12:00:11 IST 2015, 6, 57, Add Custom Calculation, Pass, , Thu Nov 19 12:00:13 IST 2015, 6, 58, Add Custom Calculation, Pass, , Thu Nov 19 12:00:13 IST 2015, 6, 59, Add Custom Calculation, Pass, , Thu Nov 19 12:00:13 IST 2015, 6, 60, Add Custom Calculation, Pass, , Thu Nov 19 12:00:13 IST 2015, 6, 61, Add Custom Calculation, Pass, , Thu Nov 19 12:00:13 IST 2015, 6, 62, Add Custom Calculation, Pass, , Thu Nov 19 12:00:13 IST 2015, 6, 63, Add Custom Calculation, Pass, , Thu Nov 19 12:00:13 IST 2015, 6, 64, Add Custom Calculation, Pass, , Thu Nov 19 12:00:56 IST 2015, 6, 65, Add Custom Calculation, Pass, , Thu Nov 19 12:00:56 IST 2015, 6, 66, Add Custom Calculation, Pass, , Thu Nov 19 12:00:56 IST 2015, 6, 67, Add Custom Calculation, Pass, , Thu Nov 19 12:00:56 IST 2015]
[DEBUG][2015-11-19 12:00:56,527][com.java.ImportnExport.ExportTestResultsExcel] [  222] - testResultPath = D:\BankersDashboard/TestReports/Test Results_BankersDashBoard_111915_115633_IE10_Bank of North Carolina.xls
[DEBUG][2015-11-19 12:00:56,527][com.java.ImportnExport.ExportTestResultsExcel] [  223] - browser is------------IE10
[DEBUG][2015-11-19 12:00:56,537][com.java.ImportnExport.ExportTestResultsExcel] [  270] - result.size() = 396
[DEBUG][2015-11-19 12:00:56,537][com.java.ImportnExport.ExportTestResultsExcel] [  274] - No of rows in sheet=2
[DEBUG][2015-11-19 12:00:56,537][com.java.ImportnExport.ExportTestResultsExcel] [  301] - ..in export..6
[DEBUG][2015-11-19 12:00:56,537][com.java.ImportnExport.ExportTestResultsExcel] [  301] - ..in export..Add Custom Calculation
[DEBUG][2015-11-19 12:00:56,537][com.java.ImportnExport.ExportTestResultsExcel] [  301] - ..in export..Pass
[DEBUG][2015-11-19 12:00:56,537][com.java.ImportnExport.ExportTestResultsExcel] [  301] - ..in export..
[DEBUG][2015-11-19 12:00:56,537][com.java.ImportnExport.ExportTestResultsExcel] [  301] - ..in export..Thu Nov 19 11:57:51 IST 2015
[INFO ][2015-11-19 12:00:56,537][com.java.SeleniumDriver] [ 1263] - out loop:1 size:2 TestCases:[1, 6] testcases:[1, 6]
[INFO ][2015-11-19 12:00:58,537][com.java.SeleniumDriver] [ 1306] - Total Number of Cases:2
[INFO ][2015-11-19 12:00:58,537][com.java.TemplateGenerator] [  302] - Executed:2
[INFO ][2015-11-19 12:00:58,537][com.java.TemplateGenerator] [  303] - Passed:2
[INFO ][2015-11-19 12:00:58,537][com.java.TemplateGenerator] [  304] - Failed:0
[INFO ][2015-11-19 12:00:58,537][com.java.TemplateGenerator] [  305] - Skipeed:0
[INFO ][2015-11-19 12:00:58,537][com.java.TemplateGenerator] [  306] - Application URL:https://clients-xuat.bankersdashboard.com
[INFO ][2015-11-19 12:00:58,537][com.java.TemplateGenerator] [  307] - Start Time:111915_115633
[INFO ][2015-11-19 12:00:58,537][com.java.TemplateGenerator] [  308] -  Creating HTML Report 
[ERROR][2015-11-19 12:00:58,537][com.java.TemplateGenerator] [  409] - Unparseable date: "Thu Nov 19 11:56:33 IST 2015"
[INFO ][2015-11-19 12:00:58,537][com.java.TemplateGenerator] [  654] -  Exporting case :: 1
[INFO ][2015-11-19 12:00:58,537][com.java.TemplateGenerator] [  654] -  Exporting case :: 6
[INFO ][2015-11-19 12:00:58,547][com.java.SeleniumDriver] [ 1355] - End Time:111915_120058
[INFO ][2015-11-19 12:00:58,547][com.java.SeleniumDriver] [ 1358] - Data in Test Execution Details:{1=PASS, 6=PASS}
[INFO ][2015-11-19 12:00:58,547][com.java.SeleniumDriver] [ 1359] - Data in Failed Execution Deatils:{}
[INFO ][2015-11-19 12:00:58,547][com.java.SeleniumDriver] [ 1361] - ReportCounter:Total:2 :: PASS: 2 ::FAIL: 0
[INFO ][2015-11-19 12:00:58,547][com.java.SeleniumDriver] [ 1362] - FailedReportCounter:Total:0 :: PASS: 0 ::FAIL: 0
[INFO ][2015-11-19 12:00:58,548][com.java.EmailTestReport] [   63] - Sending report mail details:
[INFO ][2015-11-19 12:00:58,548][com.java.EmailTestReport] [   80] - Excel Report Path:D:\BankersDashboard/TestReports/Test Results_BankersDashBoard_111915_115633_IE10_Bank of North Carolina.xls
[INFO ][2015-11-19 12:00:58,548][com.java.EmailTestReport] [   81] - HTML Report Path:D:\BankersDashboard//TestReports//Test Results_BankersDashBoard_111915_115633_IE10_Bank of North Carolina.html
[INFO ][2015-11-19 12:00:58,548][com.java.EmailTestReport] [   82] - smtpHostName:mail01.valuelabs.com
[INFO ][2015-11-19 12:00:58,548][com.java.EmailTestReport] [   83] - Recipient:venkateswararao.gubbala@valuelabs.com;
[INFO ][2015-11-19 12:00:58,548][com.java.EmailTestReport] [   84] - From:venkateswararao.gubbala@valuelabs.com;
[INFO ][2015-11-19 12:00:58,548][com.java.EmailTestReport] [   85] - Subject:Deluxe Corp Bankers Dashboard Automation Test Report - Bank of North Carolina - IE10
[INFO ][2015-11-19 12:00:58,568][com.java.EmailTestReport] [  143] -  Added venkateswararao.gubbala@valuelabs.com
[INFO ][2015-11-19 12:01:01,998][com.java.SeleniumDriver] [  719] - quitting the browser 
[INFO ][2015-11-19 12:01:03,702][com.java.SeleniumDriver] [  263] - Execution Completed Stopping the thread
