[INFO ][2016-01-13 14:37:06,670][com.java.SeleniumDriver] [  213] - Execute Failed Casesfalse
[INFO ][2016-01-13 14:37:06,670][com.java.SeleniumDriver] [  214] - Browser: IE10
[INFO ][2016-01-13 14:37:06,670][com.java.SeleniumDriver] [  215] - [1, 21]
[INFO ][2016-01-13 14:37:06,670][com.java.SeleniumDriver] [  216] - Total TestCases:2
[INFO ][2016-01-13 14:37:06,671][com.java.SeleniumDriver] [  217] -  Reading Properties from Property File 
[DEBUG][2016-01-13 14:37:06,671][com.java.SeleniumDriver] [  238] - url : https://clients-xuat.bankersdashboard.com
[INFO ][2016-01-13 14:37:06,672][com.java.ImportnExport.ExportTestResultsExcel] [  116] - Time Stamp Wed Jan 13 02:37:06 IST 2016
[INFO ][2016-01-13 14:37:06,672][com.java.ImportnExport.ExportTestResultsExcel] [  175] - OUT FILE : D:\BankersDashboard/TestReports/Test Results_BankersDashBoard_011316_143706_IE10_Any Bank USA.xls
[INFO ][2016-01-13 14:37:06,701][com.java.ImportnExport.ExportTestResultsExcel] [  180] - Test Result file is created
[DEBUG][2016-01-13 14:37:06,808][com.java.SeleniumDriver] [  426] - Hub ip address is-------172.17.68.34
[INFO ][2016-01-13 14:37:06,809][com.java.SeleniumDriver] [  452] - Grid URL:http://172.17.68.34:4444/wd/hub
[INFO ][2016-01-13 14:37:06,809][com.java.SeleniumDriver] [  453] - Capability:Capabilities [{platform=ANY, ensureCleanSession=true, ignoreProtectedModeSettings=true, acceptSslCerts=true, ignoreZoomSetting=true, browserName=internet explorer, browserstack.ie.noFlash=true, version=null}]
[ERROR][2016-01-13 14:37:08,114][com.java.SeleniumDriver] [  498] - Unable invoke browser in grid:Could not start a new session. Possible causes are invalid address of the remote server or browser start-up failure.
Build info: version: '2.48.2', revision: '41bccdd', time: '2015-10-09 19:59:12'
System info: host: 'FVTIII438F1D', ip: '172.17.68.34', os.name: 'Windows 7', os.arch: 'x86', os.version: '6.1', java.version: '1.7.0_55'
Driver info: driver.version: SeleniumDriver
[INFO ][2016-01-13 14:37:08,115][com.java.SeleniumDriver] [  500] - Executing on local machine
[INFO ][2016-01-13 14:37:18,584][com.java.SeleniumDriver] [  248] - IE10is opened
[INFO ][2016-01-13 14:37:19,424][com.java.SeleniumDriver] [  756] - Test cases to be executed are: [1, 21]
[INFO ][2016-01-13 14:37:19,446][com.java.ImportnExport.ImportTestDataDetailsExcel] [   49] - test data details path===== D:\BankersDashboard\TestInputs\TestData.xls
[INFO ][2016-01-13 14:37:19,555][com.java.SeleniumDriver] [  856] - ------------------------------------------
[INFO ][2016-01-13 14:37:19,555][com.java.SeleniumDriver] [  857] - Test case being Executed: 1
[INFO ][2016-01-13 14:37:19,555][com.java.SeleniumDriver] [  869] - Test step:1
[INFO ][2016-01-13 14:37:19,555][com.java.SeleniumDriver] [  881] - Datavalue is----------Concept#1:1-16
[INFO ][2016-01-13 14:37:19,555][com.java.SeleniumDriver] [  905] - DataField : test
[INFO ][2016-01-13 14:37:19,556][com.java.SeleniumDriver] [  907] - DataValue : Concept#1:1-16
[INFO ][2016-01-13 14:37:19,556][com.java.SeleniumDriver] [  913] - <In Set values of the page>
[INFO ][2016-01-13 14:37:19,556][com.java.SeleniumDriver] [  916] - {Data Fields & Data Values Exist}
[INFO ][2016-01-13 14:37:19,556][com.java.SeleniumDriver] [  918] - --------------------------setting values-----------------------------
[INFO ][2016-01-13 14:37:19,556][com.java.SeleniumDriver] [  921] - Action Type : ExecuteTestCase
[INFO ][2016-01-13 14:37:19,577][com.java.TestType] [  437] - The Concept sheet name is ---------- Concept
[INFO ][2016-01-13 14:37:19,577][com.java.TestType] [  440] - The Concept ID  is ---------- 1
[DEBUG][2016-01-13 14:37:19,577][com.java.TestType] [  444] - Steps being executted in the Concept are: 1:16
[INFO ][2016-01-13 14:37:19,577][com.java.TestType] [  451] - Test data details path ---------- D:\BankersDashboard\TestInputs\TestData.xls
[INFO ][2016-01-13 14:37:19,615][com.java.TestType] [  482] -  str(1) = 1
[INFO ][2016-01-13 14:37:19,615][com.java.TestType] [  485] - Test case Id is---1
[INFO ][2016-01-13 14:37:19,615][com.java.TestType] [  487] - 1
[INFO ][2016-01-13 14:37:19,615][com.java.TestType] [  482] -  str(2) = 1
[INFO ][2016-01-13 14:37:19,619][com.java.TestType] [  482] -  str(1) = 1
[INFO ][2016-01-13 14:37:19,619][com.java.TestType] [  485] - Test case Id is---1
[INFO ][2016-01-13 14:37:19,620][com.java.TestType] [  487] - 1
[INFO ][2016-01-13 14:37:19,620][com.java.TestType] [  482] -  str(2) = 2
[INFO ][2016-01-13 14:37:19,621][com.java.TestType] [  482] -  str(1) = 1
[INFO ][2016-01-13 14:37:19,621][com.java.TestType] [  485] - Test case Id is---1
[INFO ][2016-01-13 14:37:19,621][com.java.TestType] [  487] - 1
[INFO ][2016-01-13 14:37:19,621][com.java.TestType] [  482] -  str(2) = 3
[INFO ][2016-01-13 14:37:19,622][com.java.TestType] [  482] -  str(1) = 1
[INFO ][2016-01-13 14:37:19,623][com.java.TestType] [  485] - Test case Id is---1
[INFO ][2016-01-13 14:37:19,623][com.java.TestType] [  487] - 1
[INFO ][2016-01-13 14:37:19,623][com.java.TestType] [  482] -  str(2) = 4
[INFO ][2016-01-13 14:37:19,624][com.java.TestType] [  482] -  str(1) = 1
[INFO ][2016-01-13 14:37:19,624][com.java.TestType] [  485] - Test case Id is---1
[INFO ][2016-01-13 14:37:19,624][com.java.TestType] [  487] - 1
[INFO ][2016-01-13 14:37:19,624][com.java.TestType] [  482] -  str(2) = 5
[INFO ][2016-01-13 14:37:19,625][com.java.TestType] [  482] -  str(1) = 1
[INFO ][2016-01-13 14:37:19,625][com.java.TestType] [  485] - Test case Id is---1
[INFO ][2016-01-13 14:37:19,625][com.java.TestType] [  487] - 1
[INFO ][2016-01-13 14:37:19,626][com.java.TestType] [  482] -  str(2) = 6
[INFO ][2016-01-13 14:37:19,628][com.java.TestType] [  482] -  str(1) = 1
[INFO ][2016-01-13 14:37:19,628][com.java.TestType] [  485] - Test case Id is---1
[INFO ][2016-01-13 14:37:19,628][com.java.TestType] [  487] - 1
[INFO ][2016-01-13 14:37:19,628][com.java.TestType] [  482] -  str(2) = 7
[INFO ][2016-01-13 14:37:19,629][com.java.TestType] [  482] -  str(1) = 1
[INFO ][2016-01-13 14:37:19,629][com.java.TestType] [  485] - Test case Id is---1
[INFO ][2016-01-13 14:37:19,629][com.java.TestType] [  487] - 1
[INFO ][2016-01-13 14:37:19,629][com.java.TestType] [  482] -  str(2) = 8
[INFO ][2016-01-13 14:37:19,630][com.java.TestType] [  482] -  str(1) = 1
[INFO ][2016-01-13 14:37:19,630][com.java.TestType] [  485] - Test case Id is---1
[INFO ][2016-01-13 14:37:19,630][com.java.TestType] [  487] - 1
[INFO ][2016-01-13 14:37:19,630][com.java.TestType] [  482] -  str(2) = 9
[INFO ][2016-01-13 14:37:19,631][com.java.TestType] [  482] -  str(1) = 1
[INFO ][2016-01-13 14:37:19,631][com.java.TestType] [  485] - Test case Id is---1
[INFO ][2016-01-13 14:37:19,631][com.java.TestType] [  487] - 1
[INFO ][2016-01-13 14:37:19,631][com.java.TestType] [  482] -  str(2) = 10
[INFO ][2016-01-13 14:37:19,632][com.java.TestType] [  482] -  str(1) = 1
[INFO ][2016-01-13 14:37:19,632][com.java.TestType] [  485] - Test case Id is---1
[INFO ][2016-01-13 14:37:19,632][com.java.TestType] [  487] - 1
[INFO ][2016-01-13 14:37:19,632][com.java.TestType] [  482] -  str(2) = 11
[INFO ][2016-01-13 14:37:19,633][com.java.TestType] [  482] -  str(1) = 1
[INFO ][2016-01-13 14:37:19,633][com.java.TestType] [  485] - Test case Id is---1
[INFO ][2016-01-13 14:37:19,633][com.java.TestType] [  487] - 1
[INFO ][2016-01-13 14:37:19,634][com.java.TestType] [  482] -  str(2) = 12
[INFO ][2016-01-13 14:37:19,634][com.java.TestType] [  482] -  str(1) = 1
[INFO ][2016-01-13 14:37:19,634][com.java.TestType] [  485] - Test case Id is---1
[INFO ][2016-01-13 14:37:19,635][com.java.TestType] [  487] - 1
[INFO ][2016-01-13 14:37:19,635][com.java.TestType] [  482] -  str(2) = 13
[INFO ][2016-01-13 14:37:19,635][com.java.TestType] [  482] -  str(1) = 1
[INFO ][2016-01-13 14:37:19,636][com.java.TestType] [  485] - Test case Id is---1
[INFO ][2016-01-13 14:37:19,636][com.java.TestType] [  487] - 1
[INFO ][2016-01-13 14:37:19,636][com.java.TestType] [  482] -  str(2) = 14
[INFO ][2016-01-13 14:37:19,637][com.java.TestType] [  482] -  str(1) = 1
[INFO ][2016-01-13 14:37:19,638][com.java.TestType] [  485] - Test case Id is---1
[INFO ][2016-01-13 14:37:19,638][com.java.TestType] [  487] - 1
[INFO ][2016-01-13 14:37:19,638][com.java.TestType] [  482] -  str(2) = 15
[INFO ][2016-01-13 14:37:19,638][com.java.TestType] [  482] -  str(1) = 1
[INFO ][2016-01-13 14:37:19,639][com.java.TestType] [  485] - Test case Id is---1
[INFO ][2016-01-13 14:37:19,639][com.java.TestType] [  487] - 1
[INFO ][2016-01-13 14:37:19,639][com.java.TestType] [  482] -  str(2) = 16
[INFO ][2016-01-13 14:37:19,639][com.java.TestType] [11297] - Looping 1TCID = 1
[DEBUG][2016-01-13 14:37:19,640][com.java.TestType] [11338] - Concept ID:1 :: Step being Executed: 1::1
[INFO ][2016-01-13 14:37:19,640][com.java.TestType] [11376] - dataFields : TXTusername
[DEBUG][2016-01-13 14:37:19,640][com.java.TestType] [11382] - <In Set values of the page>
[DEBUG][2016-01-13 14:37:19,640][com.java.TestType] [11387] - {Data Fields & Data Values Exist}
[INFO ][2016-01-13 14:37:19,640][com.java.TestType] [11393] - --------------------------setting values-----------------------------
[INFO ][2016-01-13 14:37:19,640][com.java.TestType] [11396] - Action Type : CLEARANDENTER
[INFO ][2016-01-13 14:37:19,640][com.java.TestType] [ 6136] - value = naresh.nayini.00000
[INFO ][2016-01-13 14:37:24,333][com.java.TestType] [11415] -  RESULT true
[INFO ][2016-01-13 14:37:24,333][com.java.TestType] [11532] - ?   P A S S   ?
[DEBUG][2016-01-13 14:37:24,333][com.java.TestType] [11338] - Concept ID:1 :: Step being Executed: 1::2
[INFO ][2016-01-13 14:37:24,334][com.java.TestType] [11376] - dataFields : TXTpassword
[DEBUG][2016-01-13 14:37:24,334][com.java.TestType] [11382] - <In Set values of the page>
[DEBUG][2016-01-13 14:37:24,334][com.java.TestType] [11387] - {Data Fields & Data Values Exist}
[INFO ][2016-01-13 14:37:24,334][com.java.TestType] [11393] - --------------------------setting values-----------------------------
[INFO ][2016-01-13 14:37:24,334][com.java.TestType] [11396] - Action Type : CLEARANDENTER
[INFO ][2016-01-13 14:37:24,334][com.java.TestType] [ 6136] - value = Password1*
[INFO ][2016-01-13 14:37:29,234][com.java.TestType] [11415] -  RESULT true
[INFO ][2016-01-13 14:37:29,234][com.java.TestType] [11532] - ?   P A S S   ?
[DEBUG][2016-01-13 14:37:29,234][com.java.TestType] [11338] - Concept ID:1 :: Step being Executed: 1::3
[ERROR][2016-01-13 14:37:29,234][com.java.TestType] [11371] - Exception: null
[INFO ][2016-01-13 14:37:29,234][com.java.TestType] [11376] - dataFields : XPH//button[@type='submit']
[DEBUG][2016-01-13 14:37:29,234][com.java.TestType] [11382] - <In Set values of the page>
[DEBUG][2016-01-13 14:37:29,235][com.java.TestType] [11387] - {Data Fields & Data Values Exist}
[INFO ][2016-01-13 14:37:29,235][com.java.TestType] [11393] - --------------------------setting values-----------------------------
[INFO ][2016-01-13 14:37:29,235][com.java.TestType] [11396] - Action Type : Click
[INFO ][2016-01-13 14:37:29,235][com.java.TestType] [ 6515] - Field ::XPH//button[@type='submit']
[INFO ][2016-01-13 14:37:29,235][com.java.TestType] [ 6136] - value = 
[INFO ][2016-01-13 14:37:30,235][com.java.TestType] [ 6652] - BEFORE CLICK
[INFO ][2016-01-13 14:37:31,075][com.java.TestType] [ 6660] - Unable to click the object Login
[INFO ][2016-01-13 14:37:31,075][com.java.TestType] [11415] -  RESULT true
[INFO ][2016-01-13 14:37:31,075][com.java.TestType] [11532] - ?   P A S S   ?
[DEBUG][2016-01-13 14:37:31,075][com.java.TestType] [11338] - Concept ID:1 :: Step being Executed: 1::4
[INFO ][2016-01-13 14:37:31,075][com.java.TestType] [11376] - dataFields : LNKLogout
[DEBUG][2016-01-13 14:37:31,075][com.java.TestType] [11382] - <In Set values of the page>
[DEBUG][2016-01-13 14:37:31,075][com.java.TestType] [11387] - {Data Fields & Data Values Exist}
[INFO ][2016-01-13 14:37:31,075][com.java.TestType] [11393] - --------------------------setting values-----------------------------
[INFO ][2016-01-13 14:37:31,075][com.java.TestType] [11396] - Action Type : WaitForElement
[INFO ][2016-01-13 14:37:34,553][com.java.TestType] [11415] -  RESULT true
[INFO ][2016-01-13 14:37:34,553][com.java.TestType] [11532] - ?   P A S S   ?
[DEBUG][2016-01-13 14:37:34,553][com.java.TestType] [11338] - Concept ID:1 :: Step being Executed: 1::15
[INFO ][2016-01-13 14:37:34,554][com.java.TestType] [11376] - dataFields : LNK
[DEBUG][2016-01-13 14:37:34,554][com.java.TestType] [11382] - <In Set values of the page>
[DEBUG][2016-01-13 14:37:34,554][com.java.TestType] [11387] - {Data Fields & Data Values Exist}
[INFO ][2016-01-13 14:37:34,554][com.java.TestType] [11393] - --------------------------setting values-----------------------------
[INFO ][2016-01-13 14:37:34,554][com.java.TestType] [11396] - Action Type : Verify
[INFO ][2016-01-13 14:37:34,554][com.java.TestType] [ 7635] - field= LNK value= Logout
[INFO ][2016-01-13 14:37:34,555][com.java.TestType] [ 6136] - value = Logout
[INFO ][2016-01-13 14:37:34,591][com.java.TestType] [11415] -  RESULT true
[INFO ][2016-01-13 14:37:34,591][com.java.TestType] [11532] - ?   P A S S   ?
[DEBUG][2016-01-13 14:37:34,591][com.java.TestType] [11338] - Concept ID:1 :: Step being Executed: 1::16
[INFO ][2016-01-13 14:37:34,591][com.java.TestType] [11376] - dataFields : BTN
[DEBUG][2016-01-13 14:37:34,592][com.java.TestType] [11382] - <In Set values of the page>
[DEBUG][2016-01-13 14:37:34,592][com.java.TestType] [11387] - {Data Fields & Data Values Exist}
[INFO ][2016-01-13 14:37:34,592][com.java.TestType] [11393] - --------------------------setting values-----------------------------
[INFO ][2016-01-13 14:37:34,592][com.java.TestType] [11396] - Action Type : Verify
[INFO ][2016-01-13 14:37:34,592][com.java.TestType] [ 7635] - field= BTN value= //img[contains(@src,'bdlogo.jpg')]
[INFO ][2016-01-13 14:37:34,592][com.java.TestType] [ 6136] - value = //img[contains(@src,'bdlogo.jpg')]
[INFO ][2016-01-13 14:37:34,662][com.java.TestType] [11415] -  RESULT true
[INFO ][2016-01-13 14:37:34,662][com.java.TestType] [11532] - ?   P A S S   ?
[INFO ][2016-01-13 14:37:34,662][com.java.TestType] [11603] - Looping End......
[INFO ][2016-01-13 14:37:34,667][com.java.SeleniumDriver] [  930] -  RESULT true
[INFO ][2016-01-13 14:37:34,667][com.java.SeleniumDriver] [ 1136] - ?   P A S S   ?
[INFO ][2016-01-13 14:37:34,668][com.java.SeleniumDriver] [  856] - ------------------------------------------
[INFO ][2016-01-13 14:37:34,668][com.java.SeleniumDriver] [  857] - Test case being Executed: 1
[INFO ][2016-01-13 14:37:34,668][com.java.SeleniumDriver] [  869] - Test step:2
[INFO ][2016-01-13 14:37:34,668][com.java.SeleniumDriver] [  881] - Datavalue is----------Concept#2:1-2
[INFO ][2016-01-13 14:37:34,668][com.java.SeleniumDriver] [  905] - DataField : test
[INFO ][2016-01-13 14:37:34,668][com.java.SeleniumDriver] [  907] - DataValue : Concept#2:1-2
[INFO ][2016-01-13 14:37:34,668][com.java.SeleniumDriver] [  913] - <In Set values of the page>
[INFO ][2016-01-13 14:37:34,668][com.java.SeleniumDriver] [  916] - {Data Fields & Data Values Exist}
[INFO ][2016-01-13 14:37:34,668][com.java.SeleniumDriver] [  918] - --------------------------setting values-----------------------------
[INFO ][2016-01-13 14:37:34,668][com.java.SeleniumDriver] [  921] - Action Type : ExecuteTestCase
[INFO ][2016-01-13 14:37:34,668][com.java.TestType] [  437] - The Concept sheet name is ---------- Concept
[INFO ][2016-01-13 14:37:34,669][com.java.TestType] [  440] - The Concept ID  is ---------- 2
[DEBUG][2016-01-13 14:37:34,669][com.java.TestType] [  444] - Steps being executted in the Concept are: 1:2
[INFO ][2016-01-13 14:37:34,669][com.java.TestType] [  451] - Test data details path ---------- D:\BankersDashboard\TestInputs\TestData.xls
[INFO ][2016-01-13 14:37:34,703][com.java.TestType] [  482] -  str(1) = 2
[INFO ][2016-01-13 14:37:34,703][com.java.TestType] [  485] - Test case Id is---2
[INFO ][2016-01-13 14:37:34,703][com.java.TestType] [  487] - 2
[INFO ][2016-01-13 14:37:34,703][com.java.TestType] [  482] -  str(2) = 1
[INFO ][2016-01-13 14:37:34,705][com.java.TestType] [  482] -  str(1) = 2
[INFO ][2016-01-13 14:37:34,705][com.java.TestType] [  485] - Test case Id is---2
[INFO ][2016-01-13 14:37:34,705][com.java.TestType] [  487] - 2
[INFO ][2016-01-13 14:37:34,705][com.java.TestType] [  482] -  str(2) = 2
[INFO ][2016-01-13 14:37:34,705][com.java.TestType] [  482] -  str(1) = 2
[INFO ][2016-01-13 14:37:34,706][com.java.TestType] [  485] - Test case Id is---2
[INFO ][2016-01-13 14:37:34,706][com.java.TestType] [  487] - 2
[INFO ][2016-01-13 14:37:34,706][com.java.TestType] [  482] -  str(2) = 3
[INFO ][2016-01-13 14:37:34,706][com.java.TestType] [11297] - Looping 1TCID = 2
[DEBUG][2016-01-13 14:37:34,706][com.java.TestType] [11338] - Concept ID:2 :: Step being Executed: 2::1
[INFO ][2016-01-13 14:37:34,707][com.java.TestType] [11376] - dataFields : BNK//select[@id='bank']
[DEBUG][2016-01-13 14:37:34,707][com.java.TestType] [11382] - <In Set values of the page>
[DEBUG][2016-01-13 14:37:34,707][com.java.TestType] [11387] - {Data Fields & Data Values Exist}
[INFO ][2016-01-13 14:37:34,707][com.java.TestType] [11393] - --------------------------setting values-----------------------------
[INFO ][2016-01-13 14:37:34,707][com.java.TestType] [11396] - Action Type : Select
[INFO ][2016-01-13 14:37:34,707][com.java.TestType] [ 6136] - value = PFC
[INFO ][2016-01-13 14:37:35,091][com.java.TestType] [11415] -  RESULT true
[INFO ][2016-01-13 14:37:35,091][com.java.TestType] [11532] - ?   P A S S   ?
[DEBUG][2016-01-13 14:37:35,091][com.java.TestType] [11338] - Concept ID:2 :: Step being Executed: 2::2
[INFO ][2016-01-13 14:37:35,091][com.java.TestType] [11376] - dataFields : LNKLogout
[DEBUG][2016-01-13 14:37:35,091][com.java.TestType] [11382] - <In Set values of the page>
[DEBUG][2016-01-13 14:37:35,091][com.java.TestType] [11387] - {Data Fields & Data Values Exist}
[INFO ][2016-01-13 14:37:35,092][com.java.TestType] [11393] - --------------------------setting values-----------------------------
[INFO ][2016-01-13 14:37:35,092][com.java.TestType] [11396] - Action Type : WaitTime
[DEBUG][2016-01-13 14:37:35,092][com.java.TestType] [ 5950] - sleepTime: 5000
[INFO ][2016-01-13 14:37:40,092][com.java.TestType] [11415] -  RESULT true
[INFO ][2016-01-13 14:37:40,092][com.java.TestType] [11532] - ?   P A S S   ?
[INFO ][2016-01-13 14:37:40,092][com.java.TestType] [11603] - Looping End......
[INFO ][2016-01-13 14:37:40,096][com.java.SeleniumDriver] [  930] -  RESULT true
[INFO ][2016-01-13 14:37:40,096][com.java.SeleniumDriver] [ 1136] - ?   P A S S   ?
[INFO ][2016-01-13 14:37:40,096][com.java.SeleniumDriver] [  856] - ------------------------------------------
[INFO ][2016-01-13 14:37:40,096][com.java.SeleniumDriver] [  857] - Test case being Executed: 1
[INFO ][2016-01-13 14:37:40,096][com.java.SeleniumDriver] [  869] - Test step:3
[INFO ][2016-01-13 14:37:40,097][com.java.SeleniumDriver] [  881] - Datavalue is----------2
[INFO ][2016-01-13 14:37:40,097][com.java.SeleniumDriver] [  905] - DataField : XPH//button[contains(text(),'Add Content')]
[INFO ][2016-01-13 14:37:40,097][com.java.SeleniumDriver] [  907] - DataValue : 2
[INFO ][2016-01-13 14:37:40,097][com.java.SeleniumDriver] [  913] - <In Set values of the page>
[INFO ][2016-01-13 14:37:40,097][com.java.SeleniumDriver] [  916] - {Data Fields & Data Values Exist}
[INFO ][2016-01-13 14:37:40,097][com.java.SeleniumDriver] [  918] - --------------------------setting values-----------------------------
[INFO ][2016-01-13 14:37:40,097][com.java.SeleniumDriver] [  921] - Action Type : WAITFORELEMENT
[INFO ][2016-01-13 14:37:40,134][com.java.SeleniumDriver] [  930] -  RESULT true
[INFO ][2016-01-13 14:37:40,134][com.java.SeleniumDriver] [ 1136] - ?   P A S S   ?
[DEBUG][2016-01-13 14:37:40,134][com.java.SeleniumDriver] [ 1248] - Case found
[DEBUG][2016-01-13 14:37:40,134][com.java.SeleniumDriver] [ 1253] - Incrementing ReportCounters[0]:1
[INFO ][2016-01-13 14:37:40,134][com.java.SeleniumDriver] [ 1272] - The results are-------------------[1, 1, Valid Login, Pass, , Wed Jan 13 14:37:34 IST 2016, 1, 2, Valid Login, Pass, , Wed Jan 13 14:37:40 IST 2016, 1, 3, Valid Login, Pass, , Wed Jan 13 14:37:40 IST 2016]
[INFO ][2016-01-13 14:37:40,134][com.java.SeleniumDriver] [ 1276] - End time is-------35 sec
[INFO ][2016-01-13 14:37:40,134][com.java.SeleniumDriver] [ 1277] - The results are-------------------[1, 1, Valid Login, Pass, , Wed Jan 13 14:37:34 IST 2016, 1, 2, Valid Login, Pass, , Wed Jan 13 14:37:40 IST 2016, 1, 3, Valid Login, Pass, , Wed Jan 13 14:37:40 IST 2016]
[DEBUG][2016-01-13 14:37:40,135][com.java.ImportnExport.ExportTestResultsExcel] [  222] - testResultPath = D:\BankersDashboard/TestReports/Test Results_BankersDashBoard_011316_143706_IE10_Any Bank USA.xls
[DEBUG][2016-01-13 14:37:40,135][com.java.ImportnExport.ExportTestResultsExcel] [  223] - browser is------------IE10
[DEBUG][2016-01-13 14:37:40,191][com.java.ImportnExport.ExportTestResultsExcel] [  270] - result.size() = 18
[DEBUG][2016-01-13 14:37:40,191][com.java.ImportnExport.ExportTestResultsExcel] [  274] - No of rows in sheet=1
[DEBUG][2016-01-13 14:37:40,191][com.java.ImportnExport.ExportTestResultsExcel] [  301] - ..in export..1
[DEBUG][2016-01-13 14:37:40,191][com.java.ImportnExport.ExportTestResultsExcel] [  301] - ..in export..Valid Login
[DEBUG][2016-01-13 14:37:40,191][com.java.ImportnExport.ExportTestResultsExcel] [  301] - ..in export..Pass
[DEBUG][2016-01-13 14:37:40,191][com.java.ImportnExport.ExportTestResultsExcel] [  301] - ..in export..
[DEBUG][2016-01-13 14:37:40,191][com.java.ImportnExport.ExportTestResultsExcel] [  301] - ..in export..Wed Jan 13 14:37:34 IST 2016
[INFO ][2016-01-13 14:37:40,193][com.java.SeleniumDriver] [ 1337] - out loop:0 size:2 TestCases:[1, 21] testcases:[1, 21]
[INFO ][2016-01-13 14:37:40,193][com.java.ImportnExport.ImportTestDataDetailsExcel] [   49] - test data details path===== D:\BankersDashboard\TestInputs\TestData.xls
[INFO ][2016-01-13 14:37:56,518][com.java.SeleniumDriver] [  856] - ------------------------------------------
[INFO ][2016-01-13 14:37:56,518][com.java.SeleniumDriver] [  857] - Test case being Executed: 21
[INFO ][2016-01-13 14:37:56,518][com.java.SeleniumDriver] [  869] - Test step:1
[INFO ][2016-01-13 14:37:56,518][com.java.SeleniumDriver] [  881] - Datavalue is----------Logout
[INFO ][2016-01-13 14:37:56,518][com.java.SeleniumDriver] [  905] - DataField : BTN
[INFO ][2016-01-13 14:37:56,518][com.java.SeleniumDriver] [  907] - DataValue : Logout
[INFO ][2016-01-13 14:37:56,518][com.java.SeleniumDriver] [  913] - <In Set values of the page>
[INFO ][2016-01-13 14:37:56,518][com.java.SeleniumDriver] [  916] - {Data Fields & Data Values Exist}
[INFO ][2016-01-13 14:37:56,518][com.java.SeleniumDriver] [  918] - --------------------------setting values-----------------------------
[INFO ][2016-01-13 14:37:56,518][com.java.SeleniumDriver] [  921] - Action Type : Verify
[INFO ][2016-01-13 14:37:56,518][com.java.TestType] [ 7635] - field= BTN value= Logout
[INFO ][2016-01-13 14:37:56,518][com.java.TestType] [ 6136] - value = Logout
[INFO ][2016-01-13 14:37:56,589][com.java.SeleniumDriver] [  930] -  RESULT true
[INFO ][2016-01-13 14:37:56,589][com.java.SeleniumDriver] [ 1136] - ?   P A S S   ?
[INFO ][2016-01-13 14:37:56,590][com.java.SeleniumDriver] [ 1178] - step change to 3
[INFO ][2016-01-13 14:37:56,590][com.java.SeleniumDriver] [  856] - ------------------------------------------
[INFO ][2016-01-13 14:37:56,590][com.java.SeleniumDriver] [  857] - Test case being Executed: 21
[INFO ][2016-01-13 14:37:56,590][com.java.SeleniumDriver] [  869] - Test step:3
[INFO ][2016-01-13 14:37:56,590][com.java.SeleniumDriver] [  881] - Datavalue is----------Concept#2:1-2
[INFO ][2016-01-13 14:37:56,590][com.java.SeleniumDriver] [  905] - DataField : test
[INFO ][2016-01-13 14:37:56,590][com.java.SeleniumDriver] [  907] - DataValue : Concept#2:1-2
[INFO ][2016-01-13 14:37:56,590][com.java.SeleniumDriver] [  913] - <In Set values of the page>
[INFO ][2016-01-13 14:37:56,590][com.java.SeleniumDriver] [  916] - {Data Fields & Data Values Exist}
[INFO ][2016-01-13 14:37:56,590][com.java.SeleniumDriver] [  918] - --------------------------setting values-----------------------------
[INFO ][2016-01-13 14:37:56,590][com.java.SeleniumDriver] [  921] - Action Type : ExecuteTestCase
[INFO ][2016-01-13 14:37:56,591][com.java.TestType] [  437] - The Concept sheet name is ---------- Concept
[INFO ][2016-01-13 14:37:56,591][com.java.TestType] [  440] - The Concept ID  is ---------- 2
[DEBUG][2016-01-13 14:37:56,591][com.java.TestType] [  444] - Steps being executted in the Concept are: 1:2
[INFO ][2016-01-13 14:37:56,591][com.java.TestType] [  451] - Test data details path ---------- D:\BankersDashboard\TestInputs\TestData.xls
[INFO ][2016-01-13 14:37:56,626][com.java.TestType] [  482] -  str(1) = 2
[INFO ][2016-01-13 14:37:56,626][com.java.TestType] [  485] - Test case Id is---2
[INFO ][2016-01-13 14:37:56,626][com.java.TestType] [  487] - 2
[INFO ][2016-01-13 14:37:56,626][com.java.TestType] [  482] -  str(2) = 1
[INFO ][2016-01-13 14:37:56,627][com.java.TestType] [  482] -  str(1) = 2
[INFO ][2016-01-13 14:37:56,627][com.java.TestType] [  485] - Test case Id is---2
[INFO ][2016-01-13 14:37:56,627][com.java.TestType] [  487] - 2
[INFO ][2016-01-13 14:37:56,628][com.java.TestType] [  482] -  str(2) = 2
[INFO ][2016-01-13 14:37:56,628][com.java.TestType] [  482] -  str(1) = 2
[INFO ][2016-01-13 14:37:56,628][com.java.TestType] [  485] - Test case Id is---2
[INFO ][2016-01-13 14:37:56,628][com.java.TestType] [  487] - 2
[INFO ][2016-01-13 14:37:56,628][com.java.TestType] [  482] -  str(2) = 3
[INFO ][2016-01-13 14:37:56,629][com.java.TestType] [11297] - Looping 1TCID = 2
[DEBUG][2016-01-13 14:37:56,629][com.java.TestType] [11338] - Concept ID:2 :: Step being Executed: 2::1
[INFO ][2016-01-13 14:37:56,629][com.java.TestType] [11376] - dataFields : BNK//select[@id='bank']
[DEBUG][2016-01-13 14:37:56,629][com.java.TestType] [11382] - <In Set values of the page>
[DEBUG][2016-01-13 14:37:56,629][com.java.TestType] [11387] - {Data Fields & Data Values Exist}
[INFO ][2016-01-13 14:37:56,629][com.java.TestType] [11393] - --------------------------setting values-----------------------------
[INFO ][2016-01-13 14:37:56,629][com.java.TestType] [11396] - Action Type : Select
[INFO ][2016-01-13 14:37:56,630][com.java.TestType] [ 6136] - value = PFC
[INFO ][2016-01-13 14:37:56,832][com.java.TestType] [11415] -  RESULT true
[INFO ][2016-01-13 14:37:56,832][com.java.TestType] [11532] - ?   P A S S   ?
[DEBUG][2016-01-13 14:37:56,832][com.java.TestType] [11338] - Concept ID:2 :: Step being Executed: 2::2
[INFO ][2016-01-13 14:37:56,832][com.java.TestType] [11376] - dataFields : LNKLogout
[DEBUG][2016-01-13 14:37:56,832][com.java.TestType] [11382] - <In Set values of the page>
[DEBUG][2016-01-13 14:37:56,832][com.java.TestType] [11387] - {Data Fields & Data Values Exist}
[INFO ][2016-01-13 14:37:56,832][com.java.TestType] [11393] - --------------------------setting values-----------------------------
[INFO ][2016-01-13 14:37:56,833][com.java.TestType] [11396] - Action Type : WaitTime
[DEBUG][2016-01-13 14:37:56,833][com.java.TestType] [ 5950] - sleepTime: 5000
[INFO ][2016-01-13 14:38:01,833][com.java.TestType] [11415] -  RESULT true
[INFO ][2016-01-13 14:38:01,833][com.java.TestType] [11532] - ?   P A S S   ?
[INFO ][2016-01-13 14:38:01,833][com.java.TestType] [11603] - Looping End......
[INFO ][2016-01-13 14:38:01,837][com.java.SeleniumDriver] [  930] -  RESULT true
[INFO ][2016-01-13 14:38:01,837][com.java.SeleniumDriver] [ 1136] - ?   P A S S   ?
[INFO ][2016-01-13 14:38:01,837][com.java.SeleniumDriver] [  856] - ------------------------------------------
[INFO ][2016-01-13 14:38:01,837][com.java.SeleniumDriver] [  857] - Test case being Executed: 21
[INFO ][2016-01-13 14:38:01,837][com.java.SeleniumDriver] [  869] - Test step:4
[INFO ][2016-01-13 14:38:01,837][com.java.SeleniumDriver] [  881] - Datavalue is----------null
[DEBUG][2016-01-13 14:38:01,837][com.java.SeleniumDriver] [  899] - Exception: null
[INFO ][2016-01-13 14:38:01,838][com.java.SeleniumDriver] [  905] - DataField : //span[@class='icon-user4']&&//a[text()='G/L Mapping']&&//a[@data-id="AcctMapping"]
[INFO ][2016-01-13 14:38:01,838][com.java.SeleniumDriver] [  907] - DataValue : 
[INFO ][2016-01-13 14:38:01,838][com.java.SeleniumDriver] [  913] - <In Set values of the page>
[INFO ][2016-01-13 14:38:01,838][com.java.SeleniumDriver] [  916] - {Data Fields & Data Values Exist}
[INFO ][2016-01-13 14:38:01,838][com.java.SeleniumDriver] [  918] - --------------------------setting values-----------------------------
[INFO ][2016-01-13 14:38:01,838][com.java.SeleniumDriver] [  921] - Action Type : MOUSEOVER
[INFO ][2016-01-13 14:38:28,608][com.java.SeleniumDriver] [  930] -  RESULT true
[INFO ][2016-01-13 14:38:28,608][com.java.SeleniumDriver] [ 1136] - ?   P A S S   ?
[INFO ][2016-01-13 14:38:28,608][com.java.SeleniumDriver] [  856] - ------------------------------------------
[INFO ][2016-01-13 14:38:28,608][com.java.SeleniumDriver] [  857] - Test case being Executed: 21
[INFO ][2016-01-13 14:38:28,608][com.java.SeleniumDriver] [  869] - Test step:5
[INFO ][2016-01-13 14:38:28,608][com.java.SeleniumDriver] [  881] - Datavalue is----------Assets
[INFO ][2016-01-13 14:38:28,608][com.java.SeleniumDriver] [  905] - DataField : XPH//span[@id="glMappingTabAssets"]
[INFO ][2016-01-13 14:38:28,608][com.java.SeleniumDriver] [  907] - DataValue : Assets
[INFO ][2016-01-13 14:38:28,608][com.java.SeleniumDriver] [  913] - <In Set values of the page>
[INFO ][2016-01-13 14:38:28,608][com.java.SeleniumDriver] [  916] - {Data Fields & Data Values Exist}
[INFO ][2016-01-13 14:38:28,609][com.java.SeleniumDriver] [  918] - --------------------------setting values-----------------------------
[INFO ][2016-01-13 14:38:28,609][com.java.SeleniumDriver] [  921] - Action Type : VERIFY
[INFO ][2016-01-13 14:38:28,609][com.java.TestType] [ 7635] - field= XPH//span[@id="glMappingTabAssets"] value= Assets
[INFO ][2016-01-13 14:38:28,609][com.java.TestType] [ 6136] - value = Assets
[INFO ][2016-01-13 14:38:28,736][com.java.SeleniumDriver] [  930] -  RESULT true
[INFO ][2016-01-13 14:38:28,736][com.java.SeleniumDriver] [ 1136] - ?   P A S S   ?
[INFO ][2016-01-13 14:38:28,736][com.java.SeleniumDriver] [  856] - ------------------------------------------
[INFO ][2016-01-13 14:38:28,737][com.java.SeleniumDriver] [  857] - Test case being Executed: 21
[INFO ][2016-01-13 14:38:28,737][com.java.SeleniumDriver] [  869] - Test step:6
[INFO ][2016-01-13 14:38:28,737][com.java.SeleniumDriver] [  881] - Datavalue is----------null
[DEBUG][2016-01-13 14:38:28,737][com.java.SeleniumDriver] [  899] - Exception: null
[INFO ][2016-01-13 14:38:28,737][com.java.SeleniumDriver] [  905] - DataField : XPH//div[@id='divGLMappingAccounts']//td[@class="dlg_Rowalt"][1]/a[1]
[INFO ][2016-01-13 14:38:28,737][com.java.SeleniumDriver] [  907] - DataValue : 
[INFO ][2016-01-13 14:38:28,737][com.java.SeleniumDriver] [  913] - <In Set values of the page>
[INFO ][2016-01-13 14:38:28,737][com.java.SeleniumDriver] [  916] - {Data Fields & Data Values Exist}
[INFO ][2016-01-13 14:38:28,737][com.java.SeleniumDriver] [  918] - --------------------------setting values-----------------------------
[INFO ][2016-01-13 14:38:28,737][com.java.SeleniumDriver] [  921] - Action Type : CLICK
[INFO ][2016-01-13 14:38:28,737][com.java.TestType] [ 6515] - Field ::XPH//div[@id='divGLMappingAccounts']//td[@class="dlg_Rowalt"][1]/a[1]
[INFO ][2016-01-13 14:38:28,737][com.java.TestType] [ 6136] - value = 
[INFO ][2016-01-13 14:38:29,737][com.java.TestType] [ 6652] - BEFORE CLICK
[INFO ][2016-01-13 14:38:32,785][com.java.TestType] [ 6660] - Unable to click the object GL A/C
[INFO ][2016-01-13 14:38:32,785][com.java.SeleniumDriver] [  930] -  RESULT true
[INFO ][2016-01-13 14:38:32,785][com.java.SeleniumDriver] [ 1136] - ?   P A S S   ?
[INFO ][2016-01-13 14:38:32,785][com.java.SeleniumDriver] [  856] - ------------------------------------------
[INFO ][2016-01-13 14:38:32,785][com.java.SeleniumDriver] [  857] - Test case being Executed: 21
[INFO ][2016-01-13 14:38:32,785][com.java.SeleniumDriver] [  869] - Test step:7
[INFO ][2016-01-13 14:38:32,785][com.java.SeleniumDriver] [  881] - Datavalue is----------20
[INFO ][2016-01-13 14:38:32,785][com.java.SeleniumDriver] [  905] - DataField : XPH//span[contains(text(),'GL Account Mapping')]
[INFO ][2016-01-13 14:38:32,785][com.java.SeleniumDriver] [  907] - DataValue : 20
[INFO ][2016-01-13 14:38:32,785][com.java.SeleniumDriver] [  913] - <In Set values of the page>
[INFO ][2016-01-13 14:38:32,785][com.java.SeleniumDriver] [  916] - {Data Fields & Data Values Exist}
[INFO ][2016-01-13 14:38:32,786][com.java.SeleniumDriver] [  918] - --------------------------setting values-----------------------------
[INFO ][2016-01-13 14:38:32,786][com.java.SeleniumDriver] [  921] - Action Type : WAITFORELEMENT
[INFO ][2016-01-13 14:38:32,820][com.java.SeleniumDriver] [  930] -  RESULT true
[INFO ][2016-01-13 14:38:32,820][com.java.SeleniumDriver] [ 1136] - ?   P A S S   ?
[INFO ][2016-01-13 14:38:32,820][com.java.SeleniumDriver] [  856] - ------------------------------------------
[INFO ][2016-01-13 14:38:32,820][com.java.SeleniumDriver] [  857] - Test case being Executed: 21
[INFO ][2016-01-13 14:38:32,821][com.java.SeleniumDriver] [  869] - Test step:8
[INFO ][2016-01-13 14:38:32,821][com.java.SeleniumDriver] [  881] - Datavalue is----------10
[INFO ][2016-01-13 14:38:32,821][com.java.SeleniumDriver] [  905] - DataField : BTNframeDialogContent
[INFO ][2016-01-13 14:38:32,821][com.java.SeleniumDriver] [  907] - DataValue : 10
[INFO ][2016-01-13 14:38:32,821][com.java.SeleniumDriver] [  913] - <In Set values of the page>
[INFO ][2016-01-13 14:38:32,821][com.java.SeleniumDriver] [  916] - {Data Fields & Data Values Exist}
[INFO ][2016-01-13 14:38:32,821][com.java.SeleniumDriver] [  918] - --------------------------setting values-----------------------------
[INFO ][2016-01-13 14:38:32,821][com.java.SeleniumDriver] [  921] - Action Type : WAITFORELEMENT
[INFO ][2016-01-13 14:38:34,894][com.java.SeleniumDriver] [  930] -  RESULT true
[INFO ][2016-01-13 14:38:34,894][com.java.SeleniumDriver] [ 1136] - ?   P A S S   ?
[INFO ][2016-01-13 14:38:34,894][com.java.SeleniumDriver] [  856] - ------------------------------------------
[INFO ][2016-01-13 14:38:34,894][com.java.SeleniumDriver] [  857] - Test case being Executed: 21
[INFO ][2016-01-13 14:38:34,894][com.java.SeleniumDriver] [  869] - Test step:9
[INFO ][2016-01-13 14:38:34,894][com.java.SeleniumDriver] [  881] - Datavalue is----------GL Account Mapping
[INFO ][2016-01-13 14:38:34,894][com.java.SeleniumDriver] [  905] - DataField : XPH//span[contains(text(),'GL Account Mapping')]
[INFO ][2016-01-13 14:38:34,895][com.java.SeleniumDriver] [  907] - DataValue : GL Account Mapping
[INFO ][2016-01-13 14:38:34,895][com.java.SeleniumDriver] [  913] - <In Set values of the page>
[INFO ][2016-01-13 14:38:34,895][com.java.SeleniumDriver] [  916] - {Data Fields & Data Values Exist}
[INFO ][2016-01-13 14:38:34,895][com.java.SeleniumDriver] [  918] - --------------------------setting values-----------------------------
[INFO ][2016-01-13 14:38:34,895][com.java.SeleniumDriver] [  921] - Action Type : VERIFY
[INFO ][2016-01-13 14:38:34,895][com.java.TestType] [ 7635] - field= XPH//span[contains(text(),'GL Account Mapping')] value= GL Account Mapping
[INFO ][2016-01-13 14:38:34,895][com.java.TestType] [ 6136] - value = GL Account Mapping
[INFO ][2016-01-13 14:38:35,008][com.java.SeleniumDriver] [  930] -  RESULT true
[INFO ][2016-01-13 14:38:35,008][com.java.SeleniumDriver] [ 1136] - ?   P A S S   ?
[INFO ][2016-01-13 14:38:35,008][com.java.SeleniumDriver] [  856] - ------------------------------------------
[INFO ][2016-01-13 14:38:35,008][com.java.SeleniumDriver] [  857] - Test case being Executed: 21
[INFO ][2016-01-13 14:38:35,008][com.java.SeleniumDriver] [  869] - Test step:10
[INFO ][2016-01-13 14:38:35,010][com.java.SeleniumDriver] [  881] - Datavalue is----------null
[DEBUG][2016-01-13 14:38:35,010][com.java.SeleniumDriver] [  899] - Exception: null
[INFO ][2016-01-13 14:38:35,010][com.java.SeleniumDriver] [  905] - DataField : BTNframeDialogContent
[INFO ][2016-01-13 14:38:35,010][com.java.SeleniumDriver] [  907] - DataValue : 
[INFO ][2016-01-13 14:38:35,010][com.java.SeleniumDriver] [  913] - <In Set values of the page>
[INFO ][2016-01-13 14:38:35,010][com.java.SeleniumDriver] [  916] - {Data Fields & Data Values Exist}
[INFO ][2016-01-13 14:38:35,010][com.java.SeleniumDriver] [  918] - --------------------------setting values-----------------------------
[INFO ][2016-01-13 14:38:35,010][com.java.SeleniumDriver] [  921] - Action Type : SELECTFRAME
[INFO ][2016-01-13 14:38:37,083][com.java.SeleniumDriver] [  930] -  RESULT true
[INFO ][2016-01-13 14:38:37,083][com.java.SeleniumDriver] [ 1136] - ?   P A S S   ?
[INFO ][2016-01-13 14:38:37,083][com.java.SeleniumDriver] [  856] - ------------------------------------------
[INFO ][2016-01-13 14:38:37,083][com.java.SeleniumDriver] [  857] - Test case being Executed: 21
[INFO ][2016-01-13 14:38:37,083][com.java.SeleniumDriver] [  869] - Test step:11
[INFO ][2016-01-13 14:38:37,083][com.java.SeleniumDriver] [  881] - Datavalue is----------Assets
[INFO ][2016-01-13 14:38:37,083][com.java.SeleniumDriver] [  905] - DataField : XPH//div[@id="dynatreeDiv"]//a[@class="dynatree-title"][1]
[INFO ][2016-01-13 14:38:37,083][com.java.SeleniumDriver] [  907] - DataValue : Assets
[INFO ][2016-01-13 14:38:37,083][com.java.SeleniumDriver] [  913] - <In Set values of the page>
[INFO ][2016-01-13 14:38:37,083][com.java.SeleniumDriver] [  916] - {Data Fields & Data Values Exist}
[INFO ][2016-01-13 14:38:37,083][com.java.SeleniumDriver] [  918] - --------------------------setting values-----------------------------
[INFO ][2016-01-13 14:38:37,084][com.java.SeleniumDriver] [  921] - Action Type : STOREVALUE
[INFO ][2016-01-13 14:38:37,084][com.java.TestType] [ 9057] - field= XPH//div[@id="dynatreeDiv"]//a[@class="dynatree-title"][1]
[DEBUG][2016-01-13 14:38:37,156][com.java.TestType] [ 9112] - Key:: Assets   Value:: Assets
[INFO ][2016-01-13 14:38:37,156][com.java.SeleniumDriver] [  930] -  RESULT true
[INFO ][2016-01-13 14:38:37,156][com.java.SeleniumDriver] [ 1136] - ?   P A S S   ?
[INFO ][2016-01-13 14:38:37,157][com.java.SeleniumDriver] [  856] - ------------------------------------------
[INFO ][2016-01-13 14:38:37,157][com.java.SeleniumDriver] [  857] - Test case being Executed: 21
[INFO ][2016-01-13 14:38:37,157][com.java.SeleniumDriver] [  869] - Test step:12
[INFO ][2016-01-13 14:38:37,157][com.java.SeleniumDriver] [  881] - Datavalue is----------Assets::dynatree-exp-e
[INFO ][2016-01-13 14:38:37,157][com.java.SeleniumDriver] [  905] - DataField : CCM//a[contains(text(),'mytext')]/parent::span
[INFO ][2016-01-13 14:38:37,157][com.java.SeleniumDriver] [  907] - DataValue : Assets::dynatree-exp-e
[INFO ][2016-01-13 14:38:37,157][com.java.SeleniumDriver] [  913] - <In Set values of the page>
[INFO ][2016-01-13 14:38:37,157][com.java.SeleniumDriver] [  916] - {Data Fields & Data Values Exist}
[INFO ][2016-01-13 14:38:37,157][com.java.SeleniumDriver] [  918] - --------------------------setting values-----------------------------
[INFO ][2016-01-13 14:38:37,157][com.java.SeleniumDriver] [  921] - Action Type : VERIFY
[INFO ][2016-01-13 14:38:37,157][com.java.TestType] [ 7635] - field= CCM//a[contains(text(),'mytext')]/parent::span value= Assets::dynatree-exp-e
[INFO ][2016-01-13 14:38:37,157][com.java.TestType] [ 6136] - value = Assets::dynatree-exp-e
[INFO ][2016-01-13 14:38:37,237][com.java.SeleniumDriver] [  930] -  RESULT true
[INFO ][2016-01-13 14:38:37,237][com.java.SeleniumDriver] [ 1136] - ?   P A S S   ?
[INFO ][2016-01-13 14:38:37,237][com.java.SeleniumDriver] [ 1178] - step change to 14
[INFO ][2016-01-13 14:38:37,237][com.java.SeleniumDriver] [  856] - ------------------------------------------
[INFO ][2016-01-13 14:38:37,237][com.java.SeleniumDriver] [  857] - Test case being Executed: 21
[INFO ][2016-01-13 14:38:37,237][com.java.SeleniumDriver] [  869] - Test step:14
[INFO ][2016-01-13 14:38:37,237][com.java.SeleniumDriver] [  881] - Datavalue is----------Assetschild
[INFO ][2016-01-13 14:38:37,237][com.java.SeleniumDriver] [  905] - DataField : XPH//div[@id="dynatreeDiv"]//li[1]//ul[1]//a[@class="dynatree-title"]
[INFO ][2016-01-13 14:38:37,237][com.java.SeleniumDriver] [  907] - DataValue : Assetschild
[INFO ][2016-01-13 14:38:37,237][com.java.SeleniumDriver] [  913] - <In Set values of the page>
[INFO ][2016-01-13 14:38:37,237][com.java.SeleniumDriver] [  916] - {Data Fields & Data Values Exist}
[INFO ][2016-01-13 14:38:37,237][com.java.SeleniumDriver] [  918] - --------------------------setting values-----------------------------
[INFO ][2016-01-13 14:38:37,238][com.java.SeleniumDriver] [  921] - Action Type : STOREVALUE
[INFO ][2016-01-13 14:38:37,238][com.java.TestType] [ 9057] - field= XPH//div[@id="dynatreeDiv"]//li[1]//ul[1]//a[@class="dynatree-title"]
[DEBUG][2016-01-13 14:38:37,302][com.java.TestType] [ 9112] - Key:: Assetschild   Value:: Cash and due from banks
[INFO ][2016-01-13 14:38:37,302][com.java.SeleniumDriver] [  930] -  RESULT true
[INFO ][2016-01-13 14:38:37,302][com.java.SeleniumDriver] [ 1136] - ?   P A S S   ?
[INFO ][2016-01-13 14:38:37,302][com.java.SeleniumDriver] [  856] - ------------------------------------------
[INFO ][2016-01-13 14:38:37,302][com.java.SeleniumDriver] [  857] - Test case being Executed: 21
[INFO ][2016-01-13 14:38:37,302][com.java.SeleniumDriver] [  869] - Test step:15
[INFO ][2016-01-13 14:38:37,302][com.java.SeleniumDriver] [  881] - Datavalue is----------Assetschild::dynatree-exp-e
[INFO ][2016-01-13 14:38:37,302][com.java.SeleniumDriver] [  905] - DataField : CCM//a[contains(text(),'mytext')]/parent::span
[INFO ][2016-01-13 14:38:37,302][com.java.SeleniumDriver] [  907] - DataValue : Assetschild::dynatree-exp-e
[INFO ][2016-01-13 14:38:37,303][com.java.SeleniumDriver] [  913] - <In Set values of the page>
[INFO ][2016-01-13 14:38:37,303][com.java.SeleniumDriver] [  916] - {Data Fields & Data Values Exist}
[INFO ][2016-01-13 14:38:37,303][com.java.SeleniumDriver] [  918] - --------------------------setting values-----------------------------
[INFO ][2016-01-13 14:38:37,303][com.java.SeleniumDriver] [  921] - Action Type : VERIFY
[INFO ][2016-01-13 14:38:37,303][com.java.TestType] [ 7635] - field= CCM//a[contains(text(),'mytext')]/parent::span value= Assetschild::dynatree-exp-e
[INFO ][2016-01-13 14:38:37,303][com.java.TestType] [ 6136] - value = 
[DEBUG][2016-01-13 14:38:37,303][com.java.TestType] [ 8919] - Exception: 
[DEBUG][2016-01-13 14:38:37,303][com.java.TestType] [ 8922] - Element not replaced::
[INFO ][2016-01-13 14:38:37,303][com.java.SeleniumDriver] [  930] -  RESULT false
[INFO ][2016-01-13 14:38:37,303][com.java.SeleniumDriver] [  977] - ?   F A I L   ?
[INFO ][2016-01-13 14:38:37,303][com.java.SeleniumDriver] [  985] - Browser Type : IE10
[INFO ][2016-01-13 14:38:37,303][com.java.SeleniumDriver] [  986] - Adding Failed case21
[DEBUG][2016-01-13 14:38:37,664][com.java.SeleniumDriver] [ 1054] -  tdd.getCondition() IF:17:Next
[INFO ][2016-01-13 14:38:37,664][com.java.SeleniumDriver] [ 1058] - Continue next step...
[INFO ][2016-01-13 14:38:37,664][com.java.SeleniumDriver] [  856] - ------------------------------------------
[INFO ][2016-01-13 14:38:37,664][com.java.SeleniumDriver] [  857] - Test case being Executed: 21
[INFO ][2016-01-13 14:38:37,664][com.java.SeleniumDriver] [  869] - Test step:16
[INFO ][2016-01-13 14:38:37,664][com.java.SeleniumDriver] [  881] - Datavalue is----------HMVAssetschild
[INFO ][2016-01-13 14:38:37,664][com.java.SeleniumDriver] [  905] - DataField : FCV//a
[INFO ][2016-01-13 14:38:37,664][com.java.SeleniumDriver] [  907] - DataValue : HMVAssetschild
[INFO ][2016-01-13 14:38:37,664][com.java.SeleniumDriver] [  913] - <In Set values of the page>
[INFO ][2016-01-13 14:38:37,664][com.java.SeleniumDriver] [  916] - {Data Fields & Data Values Exist}
[INFO ][2016-01-13 14:38:37,664][com.java.SeleniumDriver] [  918] - --------------------------setting values-----------------------------
[INFO ][2016-01-13 14:38:37,664][com.java.SeleniumDriver] [  921] - Action Type : CLICK
[INFO ][2016-01-13 14:38:37,664][com.java.TestType] [ 6515] - Field ::FCV//a
[INFO ][2016-01-13 14:38:37,665][com.java.TestType] [ 6136] - value = Cash and due from banks
[INFO ][2016-01-13 14:38:38,665][com.java.TestType] [ 6533] - BEFORE CLICK on //a[contains(text(),'Cash and due from banks')]
[INFO ][2016-01-13 14:38:38,848][com.java.SeleniumDriver] [  930] -  RESULT true
[INFO ][2016-01-13 14:38:38,848][com.java.SeleniumDriver] [ 1136] - ?   P A S S   ?
[INFO ][2016-01-13 14:38:38,848][com.java.SeleniumDriver] [  856] - ------------------------------------------
[INFO ][2016-01-13 14:38:38,848][com.java.SeleniumDriver] [  857] - Test case being Executed: 21
[INFO ][2016-01-13 14:38:38,848][com.java.SeleniumDriver] [  869] - Test step:17
[INFO ][2016-01-13 14:38:38,848][com.java.SeleniumDriver] [  881] - Datavalue is----------CashTeller
[INFO ][2016-01-13 14:38:38,850][com.java.SeleniumDriver] [  905] - DataField : XPH//div[@id="dynatreeDiv"]//span[contains(@class,'dynatree-selected')]/a
[INFO ][2016-01-13 14:38:38,850][com.java.SeleniumDriver] [  907] - DataValue : CashTeller
[INFO ][2016-01-13 14:38:38,850][com.java.SeleniumDriver] [  913] - <In Set values of the page>
[INFO ][2016-01-13 14:38:38,850][com.java.SeleniumDriver] [  916] - {Data Fields & Data Values Exist}
[INFO ][2016-01-13 14:38:38,850][com.java.SeleniumDriver] [  918] - --------------------------setting values-----------------------------
[INFO ][2016-01-13 14:38:38,850][com.java.SeleniumDriver] [  921] - Action Type : STOREVALUE
[INFO ][2016-01-13 14:38:38,850][com.java.TestType] [ 9057] - field= XPH//div[@id="dynatreeDiv"]//span[contains(@class,'dynatree-selected')]/a
[DEBUG][2016-01-13 14:38:38,914][com.java.TestType] [ 9112] - Key:: CashTeller   Value:: 
[INFO ][2016-01-13 14:38:38,914][com.java.SeleniumDriver] [  930] -  RESULT true
[INFO ][2016-01-13 14:38:38,914][com.java.SeleniumDriver] [ 1136] - ?   P A S S   ?
[INFO ][2016-01-13 14:38:38,914][com.java.SeleniumDriver] [  856] - ------------------------------------------
[INFO ][2016-01-13 14:38:38,914][com.java.SeleniumDriver] [  857] - Test case being Executed: 21
[INFO ][2016-01-13 14:38:38,914][com.java.SeleniumDriver] [  869] - Test step:18
[INFO ][2016-01-13 14:38:38,914][com.java.SeleniumDriver] [  881] - Datavalue is----------null
[DEBUG][2016-01-13 14:38:38,914][com.java.SeleniumDriver] [  899] - Exception: null
[INFO ][2016-01-13 14:38:38,914][com.java.SeleniumDriver] [  905] - DataField : XPH//div[@id="dynatreeDiv"]//span[contains(@class,'dynatree-selected')]/a
[INFO ][2016-01-13 14:38:38,914][com.java.SeleniumDriver] [  907] - DataValue : 
[INFO ][2016-01-13 14:38:38,914][com.java.SeleniumDriver] [  913] - <In Set values of the page>
[INFO ][2016-01-13 14:38:38,915][com.java.SeleniumDriver] [  916] - {Data Fields & Data Values Exist}
[INFO ][2016-01-13 14:38:38,915][com.java.SeleniumDriver] [  918] - --------------------------setting values-----------------------------
[INFO ][2016-01-13 14:38:38,915][com.java.SeleniumDriver] [  921] - Action Type : CLICK
[INFO ][2016-01-13 14:38:38,915][com.java.TestType] [ 6515] - Field ::XPH//div[@id="dynatreeDiv"]//span[contains(@class,'dynatree-selected')]/a
[INFO ][2016-01-13 14:38:38,915][com.java.TestType] [ 6136] - value = 
[INFO ][2016-01-13 14:38:39,915][com.java.TestType] [ 6652] - BEFORE CLICK
[ERROR][2016-01-13 14:38:40,067][com.java.TestType] [ 6947] - Exception in click:: Cannot click on element (WARNING: The server did not provide any stacktrace information)
Command duration or timeout: 24 milliseconds
Build info: version: '2.48.2', revision: '41bccdd', time: '2015-10-09 19:59:12'
System info: host: 'FVTIII438F1D', ip: '172.17.68.34', os.name: 'Windows 7', os.arch: 'x86', os.version: '6.1', java.version: '1.7.0_55'
Session ID: 66409af3-0381-4a18-9dab-7eeba5b38c8f
Driver info: org.openqa.selenium.ie.InternetExplorerDriver
Capabilities [{platform=WINDOWS, javascriptEnabled=true, elementScrollBehavior=0, ignoreZoomSetting=false, enablePersistentHover=true, ie.ensureCleanSession=false, browserName=internet explorer, enableElementCacheCleanup=true, unexpectedAlertBehaviour=dismiss, version=10, ie.usePerProcessProxy=false, ignoreProtectedModeSettings=true, cssSelectorsEnabled=true, requireWindowFocus=false, initialBrowserUrl=http://localhost:34677/, handlesAlerts=true, ie.forceCreateProcessApi=false, nativeEvents=true, browserAttachTimeout=0, ie.browserCommandLineSwitches=, takesScreenshot=true}]
[INFO ][2016-01-13 14:38:40,067][com.java.TestType] [ 6951] - Element :://div[@id="dynatreeDiv"]//span[contains(@class,'dynatree-selected')]/a:: not found
[INFO ][2016-01-13 14:38:40,067][com.java.SeleniumDriver] [  930] -  RESULT false
[INFO ][2016-01-13 14:38:40,067][com.java.SeleniumDriver] [  977] - ?   F A I L   ?
[INFO ][2016-01-13 14:38:40,067][com.java.SeleniumDriver] [  985] - Browser Type : IE10
[INFO ][2016-01-13 14:38:40,067][com.java.SeleniumDriver] [  986] - Adding Failed case21
[INFO ][2016-01-13 14:38:40,473][com.java.SeleniumDriver] [ 1100] - failedCases = 21
[ERROR][2016-01-13 14:38:40,473][com.java.SeleniumDriver] [ 1599] - Platform Errors : Our apologies...::We have encountered an issue with your request.::Our apologies?:We encountered an issue with your request.
[INFO ][2016-01-13 14:38:40,473][com.java.SeleniumDriver] [ 1603] - Length =3
[ERROR][2016-01-13 14:38:40,473][com.java.SeleniumDriver] [ 1606] - Error 0 = Our apologies...
[ERROR][2016-01-13 14:38:40,490][com.java.SeleniumDriver] [ 1606] - Error 1 = We have encountered an issue with your request.
[ERROR][2016-01-13 14:38:40,505][com.java.SeleniumDriver] [ 1606] - Error 2 = Our apologies?:We encountered an issue with your request.
[INFO ][2016-01-13 14:38:40,521][com.java.SeleniumDriver] [ 1617] - strError:
[DEBUG][2016-01-13 14:38:40,537][com.java.SeleniumDriver] [ 1248] - Case found
[DEBUG][2016-01-13 14:38:40,537][com.java.SeleniumDriver] [ 1253] - Incrementing ReportCounters[0]:2
[INFO ][2016-01-13 14:38:40,537][com.java.SeleniumDriver] [ 1272] - The results are-------------------[21, 18, Admin: GL Mapping: Account Mapping: Map G/L Account to Child Group, Fail, 
Test case failed at Step No. :: 18   Error Message ::  Element :://div[@id="dynatreeDiv"]//span[contains(@class,'dynatree-selected')]/a:: not found. Screen Shot : D:\BankersDashboard\TestReports\011316\21_011316_143840_IE10.png, Wed Jan 13 14:38:40 IST 2016]
[INFO ][2016-01-13 14:38:40,537][com.java.SeleniumDriver] [ 1276] - End time is-------1 min 36 sec
[INFO ][2016-01-13 14:38:40,537][com.java.SeleniumDriver] [ 1277] - The results are-------------------[21, 18, Admin: GL Mapping: Account Mapping: Map G/L Account to Child Group, Fail, 
Test case failed at Step No. :: 18   Error Message ::  Element :://div[@id="dynatreeDiv"]//span[contains(@class,'dynatree-selected')]/a:: not found. Screen Shot : D:\BankersDashboard\TestReports\011316\21_011316_143840_IE10.png, Wed Jan 13 14:38:40 IST 2016]
[DEBUG][2016-01-13 14:38:40,537][com.java.ImportnExport.ExportTestResultsExcel] [  222] - testResultPath = D:\BankersDashboard/TestReports/Test Results_BankersDashBoard_011316_143706_IE10_Any Bank USA.xls
[DEBUG][2016-01-13 14:38:40,537][com.java.ImportnExport.ExportTestResultsExcel] [  223] - browser is------------IE10
[DEBUG][2016-01-13 14:38:40,539][com.java.ImportnExport.ExportTestResultsExcel] [  270] - result.size() = 6
[DEBUG][2016-01-13 14:38:40,539][com.java.ImportnExport.ExportTestResultsExcel] [  274] - No of rows in sheet=2
[DEBUG][2016-01-13 14:38:40,539][com.java.ImportnExport.ExportTestResultsExcel] [  301] - ..in export..21
[DEBUG][2016-01-13 14:38:40,540][com.java.ImportnExport.ExportTestResultsExcel] [  301] - ..in export..Admin: GL Mapping: Account Mapping: Map G/L Account to Child Group
[DEBUG][2016-01-13 14:38:40,540][com.java.ImportnExport.ExportTestResultsExcel] [  301] - ..in export..Fail
[DEBUG][2016-01-13 14:38:40,540][com.java.ImportnExport.ExportTestResultsExcel] [  301] - ..in export..
Test case failed at Step No. :: 18   Error Message ::  Element :://div[@id="dynatreeDiv"]//span[contains(@class,'dynatree-selected')]/a:: not found. Screen Shot : D:\BankersDashboard\TestReports\011316\21_011316_143840_IE10.png
[DEBUG][2016-01-13 14:38:40,540][com.java.ImportnExport.ExportTestResultsExcel] [  301] - ..in export..Wed Jan 13 14:38:40 IST 2016
[INFO ][2016-01-13 14:38:40,541][com.java.SeleniumDriver] [ 1337] - out loop:1 size:2 TestCases:[1, 21] testcases:[1, 21]
[INFO ][2016-01-13 14:38:42,541][com.java.SeleniumDriver] [ 1380] - Total Number of Cases:2
[INFO ][2016-01-13 14:38:42,541][com.java.TemplateGenerator] [  302] - Executed:2
[INFO ][2016-01-13 14:38:42,541][com.java.TemplateGenerator] [  303] - Passed:1
[INFO ][2016-01-13 14:38:42,541][com.java.TemplateGenerator] [  304] - Failed:1
[INFO ][2016-01-13 14:38:42,541][com.java.TemplateGenerator] [  305] - Skipeed:0
[INFO ][2016-01-13 14:38:42,541][com.java.TemplateGenerator] [  306] - Application URL:https://clients-xuat.bankersdashboard.com
[INFO ][2016-01-13 14:38:42,541][com.java.TemplateGenerator] [  307] - Start Time:011316_143706
[INFO ][2016-01-13 14:38:42,541][com.java.TemplateGenerator] [  308] -  Creating HTML Report 
[ERROR][2016-01-13 14:38:42,542][com.java.TemplateGenerator] [  409] - Unparseable date: "Wed Jan 13 02:37:06 IST 2016"
[INFO ][2016-01-13 14:38:42,542][com.java.TemplateGenerator] [  654] -  Exporting case :: 1
[INFO ][2016-01-13 14:38:42,542][com.java.TemplateGenerator] [  654] -  Exporting case :: 21
[INFO ][2016-01-13 14:38:42,547][com.java.SeleniumDriver] [ 1429] - End Time:011316_143842
[INFO ][2016-01-13 14:38:42,547][com.java.SeleniumDriver] [ 1432] - Data in Test Execution Details:{1=PASS, 21=FAILTest case failed at Step No. :: 18   Error Message ::  Element :://div[@id="dynatreeDiv"]//span[contains(@class,'dynatree-selected')]/a:: not found}
[INFO ][2016-01-13 14:38:42,547][com.java.SeleniumDriver] [ 1433] - Data in Failed Execution Deatils:{}
[INFO ][2016-01-13 14:38:42,547][com.java.SeleniumDriver] [ 1435] - ReportCounter:Total:2 :: PASS: 1 ::FAIL: 1
[INFO ][2016-01-13 14:38:42,547][com.java.SeleniumDriver] [ 1436] - FailedReportCounter:Total:0 :: PASS: 0 ::FAIL: 0
[INFO ][2016-01-13 14:38:42,554][com.java.EmailTestReport] [   63] - Sending report mail details:
[INFO ][2016-01-13 14:38:42,555][com.java.EmailTestReport] [   80] - Excel Report Path:D:\BankersDashboard/TestReports/Test Results_BankersDashBoard_011316_143706_IE10_Any Bank USA.xls
[INFO ][2016-01-13 14:38:42,555][com.java.EmailTestReport] [   81] - HTML Report Path:D:\BankersDashboard//TestReports//Test Results_BankersDashBoard_011316_143706_IE10_Any Bank USA.html
[INFO ][2016-01-13 14:38:42,555][com.java.EmailTestReport] [   82] - smtpHostName:mail01.valuelabs.com
[INFO ][2016-01-13 14:38:42,555][com.java.EmailTestReport] [   83] - Recipient:venkateswararao.gubbala@valuelabs.com;
[INFO ][2016-01-13 14:38:42,555][com.java.EmailTestReport] [   84] - From:venkateswararao.gubbala@valuelabs.com;
[INFO ][2016-01-13 14:38:42,555][com.java.EmailTestReport] [   85] - Subject:Deluxe Corp Bankers Dashboard Automation Test Report - Any Bank USA - IE10
[INFO ][2016-01-13 14:38:42,571][com.java.EmailTestReport] [  143] -  Added venkateswararao.gubbala@valuelabs.com
[INFO ][2016-01-13 14:38:45,691][com.java.SeleniumDriver] [  722] - quitting the browser 
[INFO ][2016-01-13 14:38:47,398][com.java.SeleniumDriver] [  264] - Execution Completed Stopping the thread
