[INFO ][2015-12-21 14:47:46,807][com.java.SeleniumDriver] [  213] - Execute Failed Casesfalse
[INFO ][2015-12-21 14:47:46,807][com.java.SeleniumDriver] [  214] - Browser: IE10
[INFO ][2015-12-21 14:47:46,807][com.java.SeleniumDriver] [  215] - [1, 28]
[INFO ][2015-12-21 14:47:46,807][com.java.SeleniumDriver] [  216] - Total TestCases:2
[INFO ][2015-12-21 14:47:46,807][com.java.SeleniumDriver] [  217] -  Reading Properties from Property File 
[DEBUG][2015-12-21 14:47:46,808][com.java.SeleniumDriver] [  238] - url : https://clients-xuat.bankersdashboard.com
[INFO ][2015-12-21 14:47:46,809][com.java.ImportnExport.ExportTestResultsExcel] [  116] - Time Stamp Mon Dec 21 02:47:46 IST 2015
[INFO ][2015-12-21 14:47:46,809][com.java.ImportnExport.ExportTestResultsExcel] [  175] - OUT FILE : D:\BankersDashboard/TestReports/Test Results_BankersDashBoard_122115_144746_IE10_Bank of North Carolina.xls
[INFO ][2015-12-21 14:47:46,838][com.java.ImportnExport.ExportTestResultsExcel] [  180] - Test Result file is created
[DEBUG][2015-12-21 14:47:46,954][com.java.SeleniumDriver] [  426] - Hub ip address is-------172.17.68.34
[INFO ][2015-12-21 14:47:46,954][com.java.SeleniumDriver] [  452] - Grid URL:http://172.17.68.34:4444/wd/hub
[INFO ][2015-12-21 14:47:46,955][com.java.SeleniumDriver] [  453] - Capability:Capabilities [{platform=ANY, ensureCleanSession=true, ignoreProtectedModeSettings=true, acceptSslCerts=true, ignoreZoomSetting=true, browserName=internet explorer, browserstack.ie.noFlash=true, version=null}]
[ERROR][2015-12-21 14:47:48,267][com.java.SeleniumDriver] [  497] - Unable invoke browser in grid:Could not start a new session. Possible causes are invalid address of the remote server or browser start-up failure.
Build info: version: '2.48.2', revision: '41bccdd', time: '2015-10-09 19:59:12'
System info: host: 'FVTIII438F1D', ip: '172.17.68.34', os.name: 'Windows 7', os.arch: 'x86', os.version: '6.1', java.version: '1.7.0_55'
Driver info: driver.version: SeleniumDriver
[INFO ][2015-12-21 14:47:48,267][com.java.SeleniumDriver] [  499] - Executing on local machine
[INFO ][2015-12-21 14:47:58,864][com.java.SeleniumDriver] [  248] - IE10is opened
[INFO ][2015-12-21 14:47:59,742][com.java.SeleniumDriver] [  754] - Test cases to be executed are: [1, 28]
[INFO ][2015-12-21 14:47:59,790][com.java.ImportnExport.ImportTestDataDetailsExcel] [   49] - test data details path===== D:\BankersDashboard\TestInputs\TestData.xls
[INFO ][2015-12-21 14:48:01,446][com.java.SeleniumDriver] [  821] - ------------------------------------------
[INFO ][2015-12-21 14:48:01,446][com.java.SeleniumDriver] [  822] - Test case being Executed: 1
[INFO ][2015-12-21 14:48:01,447][com.java.SeleniumDriver] [  833] - Test step:1
[INFO ][2015-12-21 14:48:01,447][com.java.SeleniumDriver] [  845] - Datavalue is----------Concept#1:1-16
[INFO ][2015-12-21 14:48:01,447][com.java.SeleniumDriver] [  869] - DataField : test
[INFO ][2015-12-21 14:48:01,447][com.java.SeleniumDriver] [  871] - DataValue : Concept#1:1-16
[INFO ][2015-12-21 14:48:01,447][com.java.SeleniumDriver] [  877] - <In Set values of the page>
[INFO ][2015-12-21 14:48:01,447][com.java.SeleniumDriver] [  880] - {Data Fields & Data Values Exist}
[INFO ][2015-12-21 14:48:01,447][com.java.SeleniumDriver] [  882] - --------------------------setting values-----------------------------
[INFO ][2015-12-21 14:48:01,447][com.java.SeleniumDriver] [  885] - Action Type : ExecuteTestCase
[INFO ][2015-12-21 14:48:01,513][com.java.TestType] [  437] - The Concept sheet name is ---------- Concept
[INFO ][2015-12-21 14:48:01,513][com.java.TestType] [  440] - The Concept ID  is ---------- 1
[DEBUG][2015-12-21 14:48:01,513][com.java.TestType] [  444] - Steps being executted in the Concept are: 1:16
[INFO ][2015-12-21 14:48:01,513][com.java.TestType] [  451] - Test data details path ---------- D:\BankersDashboard\TestInputs\TestData.xls
[INFO ][2015-12-21 14:48:01,946][com.java.TestType] [  482] -  str(1) = 1
[INFO ][2015-12-21 14:48:01,946][com.java.TestType] [  485] - Test case Id is---1
[INFO ][2015-12-21 14:48:01,947][com.java.TestType] [  487] - 1
[INFO ][2015-12-21 14:48:01,947][com.java.TestType] [  482] -  str(2) = 1
[INFO ][2015-12-21 14:48:01,949][com.java.TestType] [  534] - row values are--------{1=com.java.Objects.TestDataDetails@aa441a}
[INFO ][2015-12-21 14:48:01,949][com.java.TestType] [  482] -  str(1) = 1
[INFO ][2015-12-21 14:48:01,949][com.java.TestType] [  485] - Test case Id is---1
[INFO ][2015-12-21 14:48:01,949][com.java.TestType] [  487] - 1
[INFO ][2015-12-21 14:48:01,950][com.java.TestType] [  482] -  str(2) = 2
[INFO ][2015-12-21 14:48:01,951][com.java.TestType] [  534] - row values are--------{1=com.java.Objects.TestDataDetails@aa441a, 2=com.java.Objects.TestDataDetails@7a00b}
[INFO ][2015-12-21 14:48:01,951][com.java.TestType] [  482] -  str(1) = 1
[INFO ][2015-12-21 14:48:01,951][com.java.TestType] [  485] - Test case Id is---1
[INFO ][2015-12-21 14:48:01,951][com.java.TestType] [  487] - 1
[INFO ][2015-12-21 14:48:01,951][com.java.TestType] [  482] -  str(2) = 3
[INFO ][2015-12-21 14:48:01,954][com.java.TestType] [  534] - row values are--------{1=com.java.Objects.TestDataDetails@aa441a, 2=com.java.Objects.TestDataDetails@7a00b, 3=com.java.Objects.TestDataDetails@6f4689}
[INFO ][2015-12-21 14:48:01,954][com.java.TestType] [  482] -  str(1) = 1
[INFO ][2015-12-21 14:48:01,954][com.java.TestType] [  485] - Test case Id is---1
[INFO ][2015-12-21 14:48:01,954][com.java.TestType] [  487] - 1
[INFO ][2015-12-21 14:48:01,954][com.java.TestType] [  482] -  str(2) = 4
[INFO ][2015-12-21 14:48:01,955][com.java.TestType] [  534] - row values are--------{1=com.java.Objects.TestDataDetails@aa441a, 2=com.java.Objects.TestDataDetails@7a00b, 3=com.java.Objects.TestDataDetails@6f4689, 4=com.java.Objects.TestDataDetails@a02b5e}
[INFO ][2015-12-21 14:48:01,956][com.java.TestType] [  482] -  str(1) = 1
[INFO ][2015-12-21 14:48:01,956][com.java.TestType] [  485] - Test case Id is---1
[INFO ][2015-12-21 14:48:01,956][com.java.TestType] [  487] - 1
[INFO ][2015-12-21 14:48:01,956][com.java.TestType] [  482] -  str(2) = 5
[INFO ][2015-12-21 14:48:01,957][com.java.TestType] [  534] - row values are--------{1=com.java.Objects.TestDataDetails@aa441a, 2=com.java.Objects.TestDataDetails@7a00b, 3=com.java.Objects.TestDataDetails@6f4689, 4=com.java.Objects.TestDataDetails@a02b5e, 5=com.java.Objects.TestDataDetails@1854dc0}
[INFO ][2015-12-21 14:48:01,957][com.java.TestType] [  482] -  str(1) = 1
[INFO ][2015-12-21 14:48:01,957][com.java.TestType] [  485] - Test case Id is---1
[INFO ][2015-12-21 14:48:01,957][com.java.TestType] [  487] - 1
[INFO ][2015-12-21 14:48:01,957][com.java.TestType] [  482] -  str(2) = 6
[INFO ][2015-12-21 14:48:01,958][com.java.TestType] [  534] - row values are--------{1=com.java.Objects.TestDataDetails@aa441a, 2=com.java.Objects.TestDataDetails@7a00b, 3=com.java.Objects.TestDataDetails@6f4689, 4=com.java.Objects.TestDataDetails@a02b5e, 5=com.java.Objects.TestDataDetails@1854dc0, 6=com.java.Objects.TestDataDetails@b3c498}
[INFO ][2015-12-21 14:48:01,958][com.java.TestType] [  482] -  str(1) = 1
[INFO ][2015-12-21 14:48:01,958][com.java.TestType] [  485] - Test case Id is---1
[INFO ][2015-12-21 14:48:01,958][com.java.TestType] [  487] - 1
[INFO ][2015-12-21 14:48:01,958][com.java.TestType] [  482] -  str(2) = 7
[INFO ][2015-12-21 14:48:01,959][com.java.TestType] [  534] - row values are--------{1=com.java.Objects.TestDataDetails@aa441a, 2=com.java.Objects.TestDataDetails@7a00b, 3=com.java.Objects.TestDataDetails@6f4689, 4=com.java.Objects.TestDataDetails@a02b5e, 5=com.java.Objects.TestDataDetails@1854dc0, 6=com.java.Objects.TestDataDetails@b3c498, 7=com.java.Objects.TestDataDetails@d3ac67}
[INFO ][2015-12-21 14:48:01,959][com.java.TestType] [  482] -  str(1) = 1
[INFO ][2015-12-21 14:48:01,959][com.java.TestType] [  485] - Test case Id is---1
[INFO ][2015-12-21 14:48:01,959][com.java.TestType] [  487] - 1
[INFO ][2015-12-21 14:48:01,960][com.java.TestType] [  482] -  str(2) = 8
[INFO ][2015-12-21 14:48:01,960][com.java.TestType] [  534] - row values are--------{1=com.java.Objects.TestDataDetails@aa441a, 2=com.java.Objects.TestDataDetails@7a00b, 3=com.java.Objects.TestDataDetails@6f4689, 4=com.java.Objects.TestDataDetails@a02b5e, 5=com.java.Objects.TestDataDetails@1854dc0, 6=com.java.Objects.TestDataDetails@b3c498, 7=com.java.Objects.TestDataDetails@d3ac67, 8=com.java.Objects.TestDataDetails@3891a1}
[INFO ][2015-12-21 14:48:01,960][com.java.TestType] [  482] -  str(1) = 1
[INFO ][2015-12-21 14:48:01,960][com.java.TestType] [  485] - Test case Id is---1
[INFO ][2015-12-21 14:48:01,961][com.java.TestType] [  487] - 1
[INFO ][2015-12-21 14:48:01,961][com.java.TestType] [  482] -  str(2) = 9
[INFO ][2015-12-21 14:48:01,962][com.java.TestType] [  534] - row values are--------{1=com.java.Objects.TestDataDetails@aa441a, 2=com.java.Objects.TestDataDetails@7a00b, 3=com.java.Objects.TestDataDetails@6f4689, 4=com.java.Objects.TestDataDetails@a02b5e, 5=com.java.Objects.TestDataDetails@1854dc0, 6=com.java.Objects.TestDataDetails@b3c498, 7=com.java.Objects.TestDataDetails@d3ac67, 8=com.java.Objects.TestDataDetails@3891a1, 9=com.java.Objects.TestDataDetails@3d23f0}
[INFO ][2015-12-21 14:48:01,962][com.java.TestType] [  482] -  str(1) = 1
[INFO ][2015-12-21 14:48:01,962][com.java.TestType] [  485] - Test case Id is---1
[INFO ][2015-12-21 14:48:01,962][com.java.TestType] [  487] - 1
[INFO ][2015-12-21 14:48:01,962][com.java.TestType] [  482] -  str(2) = 10
[INFO ][2015-12-21 14:48:01,964][com.java.TestType] [  534] - row values are--------{1=com.java.Objects.TestDataDetails@aa441a, 2=com.java.Objects.TestDataDetails@7a00b, 3=com.java.Objects.TestDataDetails@6f4689, 4=com.java.Objects.TestDataDetails@a02b5e, 5=com.java.Objects.TestDataDetails@1854dc0, 6=com.java.Objects.TestDataDetails@b3c498, 7=com.java.Objects.TestDataDetails@d3ac67, 8=com.java.Objects.TestDataDetails@3891a1, 9=com.java.Objects.TestDataDetails@3d23f0, 10=com.java.Objects.TestDataDetails@3aca}
[INFO ][2015-12-21 14:48:01,964][com.java.TestType] [  482] -  str(1) = 1
[INFO ][2015-12-21 14:48:01,964][com.java.TestType] [  485] - Test case Id is---1
[INFO ][2015-12-21 14:48:01,964][com.java.TestType] [  487] - 1
[INFO ][2015-12-21 14:48:01,964][com.java.TestType] [  482] -  str(2) = 11
[INFO ][2015-12-21 14:48:01,965][com.java.TestType] [  534] - row values are--------{1=com.java.Objects.TestDataDetails@aa441a, 2=com.java.Objects.TestDataDetails@7a00b, 3=com.java.Objects.TestDataDetails@6f4689, 4=com.java.Objects.TestDataDetails@a02b5e, 5=com.java.Objects.TestDataDetails@1854dc0, 6=com.java.Objects.TestDataDetails@b3c498, 7=com.java.Objects.TestDataDetails@d3ac67, 8=com.java.Objects.TestDataDetails@3891a1, 9=com.java.Objects.TestDataDetails@3d23f0, 10=com.java.Objects.TestDataDetails@3aca, 11=com.java.Objects.TestDataDetails@1b08736}
[INFO ][2015-12-21 14:48:01,965][com.java.TestType] [  482] -  str(1) = 1
[INFO ][2015-12-21 14:48:01,965][com.java.TestType] [  485] - Test case Id is---1
[INFO ][2015-12-21 14:48:01,965][com.java.TestType] [  487] - 1
[INFO ][2015-12-21 14:48:01,966][com.java.TestType] [  482] -  str(2) = 12
[INFO ][2015-12-21 14:48:01,966][com.java.TestType] [  534] - row values are--------{1=com.java.Objects.TestDataDetails@aa441a, 2=com.java.Objects.TestDataDetails@7a00b, 3=com.java.Objects.TestDataDetails@6f4689, 4=com.java.Objects.TestDataDetails@a02b5e, 5=com.java.Objects.TestDataDetails@1854dc0, 6=com.java.Objects.TestDataDetails@b3c498, 7=com.java.Objects.TestDataDetails@d3ac67, 8=com.java.Objects.TestDataDetails@3891a1, 9=com.java.Objects.TestDataDetails@3d23f0, 10=com.java.Objects.TestDataDetails@3aca, 11=com.java.Objects.TestDataDetails@1b08736, 12=com.java.Objects.TestDataDetails@111651c}
[INFO ][2015-12-21 14:48:01,966][com.java.TestType] [  482] -  str(1) = 1
[INFO ][2015-12-21 14:48:01,967][com.java.TestType] [  485] - Test case Id is---1
[INFO ][2015-12-21 14:48:01,967][com.java.TestType] [  487] - 1
[INFO ][2015-12-21 14:48:01,967][com.java.TestType] [  482] -  str(2) = 13
[INFO ][2015-12-21 14:48:01,967][com.java.TestType] [  534] - row values are--------{1=com.java.Objects.TestDataDetails@aa441a, 2=com.java.Objects.TestDataDetails@7a00b, 3=com.java.Objects.TestDataDetails@6f4689, 4=com.java.Objects.TestDataDetails@a02b5e, 5=com.java.Objects.TestDataDetails@1854dc0, 6=com.java.Objects.TestDataDetails@b3c498, 7=com.java.Objects.TestDataDetails@d3ac67, 8=com.java.Objects.TestDataDetails@3891a1, 9=com.java.Objects.TestDataDetails@3d23f0, 10=com.java.Objects.TestDataDetails@3aca, 11=com.java.Objects.TestDataDetails@1b08736, 12=com.java.Objects.TestDataDetails@111651c, 13=com.java.Objects.TestDataDetails@b99fe2}
[INFO ][2015-12-21 14:48:01,967][com.java.TestType] [  482] -  str(1) = 1
[INFO ][2015-12-21 14:48:01,967][com.java.TestType] [  485] - Test case Id is---1
[INFO ][2015-12-21 14:48:01,968][com.java.TestType] [  487] - 1
[INFO ][2015-12-21 14:48:01,968][com.java.TestType] [  482] -  str(2) = 14
[INFO ][2015-12-21 14:48:01,968][com.java.TestType] [  534] - row values are--------{1=com.java.Objects.TestDataDetails@aa441a, 2=com.java.Objects.TestDataDetails@7a00b, 3=com.java.Objects.TestDataDetails@6f4689, 4=com.java.Objects.TestDataDetails@a02b5e, 5=com.java.Objects.TestDataDetails@1854dc0, 6=com.java.Objects.TestDataDetails@b3c498, 7=com.java.Objects.TestDataDetails@d3ac67, 8=com.java.Objects.TestDataDetails@3891a1, 9=com.java.Objects.TestDataDetails@3d23f0, 10=com.java.Objects.TestDataDetails@3aca, 11=com.java.Objects.TestDataDetails@1b08736, 12=com.java.Objects.TestDataDetails@111651c, 13=com.java.Objects.TestDataDetails@b99fe2, 14=com.java.Objects.TestDataDetails@606f26}
[INFO ][2015-12-21 14:48:01,968][com.java.TestType] [  482] -  str(1) = 1
[INFO ][2015-12-21 14:48:01,968][com.java.TestType] [  485] - Test case Id is---1
[INFO ][2015-12-21 14:48:01,968][com.java.TestType] [  487] - 1
[INFO ][2015-12-21 14:48:01,969][com.java.TestType] [  482] -  str(2) = 15
[INFO ][2015-12-21 14:48:01,969][com.java.TestType] [  534] - row values are--------{1=com.java.Objects.TestDataDetails@aa441a, 2=com.java.Objects.TestDataDetails@7a00b, 3=com.java.Objects.TestDataDetails@6f4689, 4=com.java.Objects.TestDataDetails@a02b5e, 5=com.java.Objects.TestDataDetails@1854dc0, 6=com.java.Objects.TestDataDetails@b3c498, 7=com.java.Objects.TestDataDetails@d3ac67, 8=com.java.Objects.TestDataDetails@3891a1, 9=com.java.Objects.TestDataDetails@3d23f0, 10=com.java.Objects.TestDataDetails@3aca, 11=com.java.Objects.TestDataDetails@1b08736, 12=com.java.Objects.TestDataDetails@111651c, 13=com.java.Objects.TestDataDetails@b99fe2, 14=com.java.Objects.TestDataDetails@606f26, 15=com.java.Objects.TestDataDetails@11b3c6a}
[INFO ][2015-12-21 14:48:01,969][com.java.TestType] [  482] -  str(1) = 1
[INFO ][2015-12-21 14:48:01,969][com.java.TestType] [  485] - Test case Id is---1
[INFO ][2015-12-21 14:48:01,969][com.java.TestType] [  487] - 1
[INFO ][2015-12-21 14:48:01,970][com.java.TestType] [  482] -  str(2) = 16
[INFO ][2015-12-21 14:48:01,971][com.java.TestType] [  534] - row values are--------{1=com.java.Objects.TestDataDetails@aa441a, 2=com.java.Objects.TestDataDetails@7a00b, 3=com.java.Objects.TestDataDetails@6f4689, 4=com.java.Objects.TestDataDetails@a02b5e, 5=com.java.Objects.TestDataDetails@1854dc0, 6=com.java.Objects.TestDataDetails@b3c498, 7=com.java.Objects.TestDataDetails@d3ac67, 8=com.java.Objects.TestDataDetails@3891a1, 9=com.java.Objects.TestDataDetails@3d23f0, 10=com.java.Objects.TestDataDetails@3aca, 11=com.java.Objects.TestDataDetails@1b08736, 12=com.java.Objects.TestDataDetails@111651c, 13=com.java.Objects.TestDataDetails@b99fe2, 14=com.java.Objects.TestDataDetails@606f26, 15=com.java.Objects.TestDataDetails@11b3c6a, 16=com.java.Objects.TestDataDetails@1e7c47}
[INFO ][2015-12-21 14:48:01,971][com.java.TestType] [10213] - Looping 1TCID = 1
[DEBUG][2015-12-21 14:48:01,971][com.java.TestType] [10254] - Concept ID:1 :: Step being Executed: 1::1
[INFO ][2015-12-21 14:48:01,971][com.java.TestType] [10292] - dataFields : TXTusername
[DEBUG][2015-12-21 14:48:01,971][com.java.TestType] [10298] - <In Set values of the page>
[DEBUG][2015-12-21 14:48:01,971][com.java.TestType] [10303] - {Data Fields & Data Values Exist}
[INFO ][2015-12-21 14:48:01,971][com.java.TestType] [10309] - --------------------------setting values-----------------------------
[INFO ][2015-12-21 14:48:01,972][com.java.TestType] [10312] - Action Type : CLEARANDENTER
[INFO ][2015-12-21 14:48:01,972][com.java.TestType] [ 5577] - value = valuelabs.ie10.33527
[INFO ][2015-12-21 14:48:06,670][com.java.TestType] [10331] -  RESULT true
[INFO ][2015-12-21 14:48:06,670][com.java.TestType] [10448] - ?   P A S S   ?
[DEBUG][2015-12-21 14:48:06,670][com.java.TestType] [10254] - Concept ID:1 :: Step being Executed: 1::2
[INFO ][2015-12-21 14:48:06,670][com.java.TestType] [10292] - dataFields : TXTpassword
[DEBUG][2015-12-21 14:48:06,670][com.java.TestType] [10298] - <In Set values of the page>
[DEBUG][2015-12-21 14:48:06,671][com.java.TestType] [10303] - {Data Fields & Data Values Exist}
[INFO ][2015-12-21 14:48:06,671][com.java.TestType] [10309] - --------------------------setting values-----------------------------
[INFO ][2015-12-21 14:48:06,671][com.java.TestType] [10312] - Action Type : CLEARANDENTER
[INFO ][2015-12-21 14:48:06,671][com.java.TestType] [ 5577] - value = Password1*
[INFO ][2015-12-21 14:48:11,450][com.java.TestType] [10331] -  RESULT true
[INFO ][2015-12-21 14:48:11,450][com.java.TestType] [10448] - ?   P A S S   ?
[DEBUG][2015-12-21 14:48:11,450][com.java.TestType] [10254] - Concept ID:1 :: Step being Executed: 1::3
[ERROR][2015-12-21 14:48:11,450][com.java.TestType] [10287] - Exception: null
[INFO ][2015-12-21 14:48:11,450][com.java.TestType] [10292] - dataFields : XPH//button[@type='submit']
[DEBUG][2015-12-21 14:48:11,450][com.java.TestType] [10298] - <In Set values of the page>
[DEBUG][2015-12-21 14:48:11,451][com.java.TestType] [10303] - {Data Fields & Data Values Exist}
[INFO ][2015-12-21 14:48:11,451][com.java.TestType] [10309] - --------------------------setting values-----------------------------
[INFO ][2015-12-21 14:48:11,451][com.java.TestType] [10312] - Action Type : Click
[INFO ][2015-12-21 14:48:11,451][com.java.TestType] [ 5956] - Field ::XPH//button[@type='submit']
[INFO ][2015-12-21 14:48:11,451][com.java.TestType] [ 5577] - value = 
[INFO ][2015-12-21 14:48:12,452][com.java.TestType] [ 6093] - BEFORE CLICK
[INFO ][2015-12-21 14:48:13,332][com.java.TestType] [ 6101] - Unable to click the object Login
[INFO ][2015-12-21 14:48:13,332][com.java.TestType] [10331] -  RESULT true
[INFO ][2015-12-21 14:48:13,332][com.java.TestType] [10448] - ?   P A S S   ?
[DEBUG][2015-12-21 14:48:13,332][com.java.TestType] [10254] - Concept ID:1 :: Step being Executed: 1::4
[INFO ][2015-12-21 14:48:13,332][com.java.TestType] [10292] - dataFields : LNKLogout
[DEBUG][2015-12-21 14:48:13,332][com.java.TestType] [10298] - <In Set values of the page>
[DEBUG][2015-12-21 14:48:13,332][com.java.TestType] [10303] - {Data Fields & Data Values Exist}
[INFO ][2015-12-21 14:48:13,332][com.java.TestType] [10309] - --------------------------setting values-----------------------------
[INFO ][2015-12-21 14:48:13,332][com.java.TestType] [10312] - Action Type : WaitForElement
[INFO ][2015-12-21 14:48:16,827][com.java.TestType] [10331] -  RESULT true
[INFO ][2015-12-21 14:48:16,827][com.java.TestType] [10448] - ?   P A S S   ?
[DEBUG][2015-12-21 14:48:16,828][com.java.TestType] [10254] - Concept ID:1 :: Step being Executed: 1::15
[INFO ][2015-12-21 14:48:16,828][com.java.TestType] [10292] - dataFields : LNK
[DEBUG][2015-12-21 14:48:16,828][com.java.TestType] [10298] - <In Set values of the page>
[DEBUG][2015-12-21 14:48:16,828][com.java.TestType] [10303] - {Data Fields & Data Values Exist}
[INFO ][2015-12-21 14:48:16,828][com.java.TestType] [10309] - --------------------------setting values-----------------------------
[INFO ][2015-12-21 14:48:16,828][com.java.TestType] [10312] - Action Type : Verify
[INFO ][2015-12-21 14:48:16,828][com.java.TestType] [ 6899] - field= LNK value= Logout
[INFO ][2015-12-21 14:48:16,829][com.java.TestType] [ 5577] - value = Logout
[INFO ][2015-12-21 14:48:16,901][com.java.TestType] [10331] -  RESULT true
[INFO ][2015-12-21 14:48:16,901][com.java.TestType] [10448] - ?   P A S S   ?
[DEBUG][2015-12-21 14:48:16,901][com.java.TestType] [10254] - Concept ID:1 :: Step being Executed: 1::16
[INFO ][2015-12-21 14:48:16,901][com.java.TestType] [10292] - dataFields : BTN
[DEBUG][2015-12-21 14:48:16,902][com.java.TestType] [10298] - <In Set values of the page>
[DEBUG][2015-12-21 14:48:16,902][com.java.TestType] [10303] - {Data Fields & Data Values Exist}
[INFO ][2015-12-21 14:48:16,902][com.java.TestType] [10309] - --------------------------setting values-----------------------------
[INFO ][2015-12-21 14:48:16,902][com.java.TestType] [10312] - Action Type : Verify
[INFO ][2015-12-21 14:48:16,902][com.java.TestType] [ 6899] - field= BTN value= //img[contains(@src,'bdlogo.jpg')]
[INFO ][2015-12-21 14:48:16,902][com.java.TestType] [ 5577] - value = //img[contains(@src,'bdlogo.jpg')]
[INFO ][2015-12-21 14:48:16,983][com.java.TestType] [10331] -  RESULT true
[INFO ][2015-12-21 14:48:16,983][com.java.TestType] [10448] - ?   P A S S   ?
[INFO ][2015-12-21 14:48:16,983][com.java.TestType] [10519] - Looping End......
[INFO ][2015-12-21 14:48:16,984][com.java.SeleniumDriver] [  894] -  RESULT true
[INFO ][2015-12-21 14:48:16,984][com.java.SeleniumDriver] [ 1100] - ?   P A S S   ?
[INFO ][2015-12-21 14:48:16,984][com.java.SeleniumDriver] [  821] - ------------------------------------------
[INFO ][2015-12-21 14:48:16,984][com.java.SeleniumDriver] [  822] - Test case being Executed: 1
[INFO ][2015-12-21 14:48:16,984][com.java.SeleniumDriver] [  833] - Test step:2
[INFO ][2015-12-21 14:48:16,985][com.java.SeleniumDriver] [  845] - Datavalue is----------Concept#2:1-2
[INFO ][2015-12-21 14:48:16,985][com.java.SeleniumDriver] [  869] - DataField : test
[INFO ][2015-12-21 14:48:16,985][com.java.SeleniumDriver] [  871] - DataValue : Concept#2:1-2
[INFO ][2015-12-21 14:48:16,985][com.java.SeleniumDriver] [  877] - <In Set values of the page>
[INFO ][2015-12-21 14:48:16,985][com.java.SeleniumDriver] [  880] - {Data Fields & Data Values Exist}
[INFO ][2015-12-21 14:48:16,985][com.java.SeleniumDriver] [  882] - --------------------------setting values-----------------------------
[INFO ][2015-12-21 14:48:16,985][com.java.SeleniumDriver] [  885] - Action Type : ExecuteTestCase
[INFO ][2015-12-21 14:48:16,985][com.java.TestType] [  437] - The Concept sheet name is ---------- Concept
[INFO ][2015-12-21 14:48:16,985][com.java.TestType] [  440] - The Concept ID  is ---------- 2
[DEBUG][2015-12-21 14:48:16,986][com.java.TestType] [  444] - Steps being executted in the Concept are: 1:2
[INFO ][2015-12-21 14:48:16,986][com.java.TestType] [  451] - Test data details path ---------- D:\BankersDashboard\TestInputs\TestData.xls
[INFO ][2015-12-21 14:48:17,513][com.java.TestType] [  482] -  str(1) = 2
[INFO ][2015-12-21 14:48:17,514][com.java.TestType] [  485] - Test case Id is---2
[INFO ][2015-12-21 14:48:17,514][com.java.TestType] [  487] - 2
[INFO ][2015-12-21 14:48:17,514][com.java.TestType] [  482] -  str(2) = 1
[INFO ][2015-12-21 14:48:17,516][com.java.TestType] [  534] - row values are--------{1=com.java.Objects.TestDataDetails@1366e7d}
[INFO ][2015-12-21 14:48:17,516][com.java.TestType] [  482] -  str(1) = 2
[INFO ][2015-12-21 14:48:17,516][com.java.TestType] [  485] - Test case Id is---2
[INFO ][2015-12-21 14:48:17,516][com.java.TestType] [  487] - 2
[INFO ][2015-12-21 14:48:17,516][com.java.TestType] [  482] -  str(2) = 2
[INFO ][2015-12-21 14:48:17,517][com.java.TestType] [  534] - row values are--------{1=com.java.Objects.TestDataDetails@1366e7d, 2=com.java.Objects.TestDataDetails@1e4a077}
[INFO ][2015-12-21 14:48:17,517][com.java.TestType] [  482] -  str(1) = 2
[INFO ][2015-12-21 14:48:17,517][com.java.TestType] [  485] - Test case Id is---2
[INFO ][2015-12-21 14:48:17,517][com.java.TestType] [  487] - 2
[INFO ][2015-12-21 14:48:17,517][com.java.TestType] [  482] -  str(2) = 3
[INFO ][2015-12-21 14:48:17,518][com.java.TestType] [  534] - row values are--------{1=com.java.Objects.TestDataDetails@1366e7d, 2=com.java.Objects.TestDataDetails@1e4a077, 3=com.java.Objects.TestDataDetails@147fda0}
[INFO ][2015-12-21 14:48:17,518][com.java.TestType] [10213] - Looping 1TCID = 2
[DEBUG][2015-12-21 14:48:17,518][com.java.TestType] [10254] - Concept ID:2 :: Step being Executed: 2::1
[INFO ][2015-12-21 14:48:17,518][com.java.TestType] [10292] - dataFields : BNK//select[@id='bank']
[DEBUG][2015-12-21 14:48:17,519][com.java.TestType] [10298] - <In Set values of the page>
[DEBUG][2015-12-21 14:48:17,519][com.java.TestType] [10303] - {Data Fields & Data Values Exist}
[INFO ][2015-12-21 14:48:17,519][com.java.TestType] [10309] - --------------------------setting values-----------------------------
[INFO ][2015-12-21 14:48:17,519][com.java.TestType] [10312] - Action Type : Select
[INFO ][2015-12-21 14:48:17,519][com.java.TestType] [ 5577] - value = PFC
[INFO ][2015-12-21 14:48:17,758][com.java.TestType] [10331] -  RESULT true
[INFO ][2015-12-21 14:48:17,759][com.java.TestType] [10448] - ?   P A S S   ?
[DEBUG][2015-12-21 14:48:17,759][com.java.TestType] [10254] - Concept ID:2 :: Step being Executed: 2::2
[INFO ][2015-12-21 14:48:17,759][com.java.TestType] [10292] - dataFields : LNKLogout
[DEBUG][2015-12-21 14:48:17,759][com.java.TestType] [10298] - <In Set values of the page>
[DEBUG][2015-12-21 14:48:17,759][com.java.TestType] [10303] - {Data Fields & Data Values Exist}
[INFO ][2015-12-21 14:48:17,759][com.java.TestType] [10309] - --------------------------setting values-----------------------------
[INFO ][2015-12-21 14:48:17,759][com.java.TestType] [10312] - Action Type : WaitTime
[DEBUG][2015-12-21 14:48:17,760][com.java.TestType] [ 5397] - sleepTime: 5000
[INFO ][2015-12-21 14:48:22,760][com.java.TestType] [10331] -  RESULT true
[INFO ][2015-12-21 14:48:22,760][com.java.TestType] [10448] - ?   P A S S   ?
[INFO ][2015-12-21 14:48:22,760][com.java.TestType] [10519] - Looping End......
[INFO ][2015-12-21 14:48:22,761][com.java.SeleniumDriver] [  894] -  RESULT true
[INFO ][2015-12-21 14:48:22,761][com.java.SeleniumDriver] [ 1100] - ?   P A S S   ?
[INFO ][2015-12-21 14:48:22,761][com.java.SeleniumDriver] [  821] - ------------------------------------------
[INFO ][2015-12-21 14:48:22,761][com.java.SeleniumDriver] [  822] - Test case being Executed: 1
[INFO ][2015-12-21 14:48:22,761][com.java.SeleniumDriver] [  833] - Test step:3
[INFO ][2015-12-21 14:48:22,762][com.java.SeleniumDriver] [  845] - Datavalue is----------2
[INFO ][2015-12-21 14:48:22,762][com.java.SeleniumDriver] [  869] - DataField : XPH//button[contains(text(),'Add Content')]
[INFO ][2015-12-21 14:48:22,762][com.java.SeleniumDriver] [  871] - DataValue : 2
[INFO ][2015-12-21 14:48:22,762][com.java.SeleniumDriver] [  877] - <In Set values of the page>
[INFO ][2015-12-21 14:48:22,762][com.java.SeleniumDriver] [  880] - {Data Fields & Data Values Exist}
[INFO ][2015-12-21 14:48:22,762][com.java.SeleniumDriver] [  882] - --------------------------setting values-----------------------------
[INFO ][2015-12-21 14:48:22,762][com.java.SeleniumDriver] [  885] - Action Type : WAITFORELEMENT
[INFO ][2015-12-21 14:48:22,801][com.java.SeleniumDriver] [  894] -  RESULT true
[INFO ][2015-12-21 14:48:22,801][com.java.SeleniumDriver] [ 1100] - ?   P A S S   ?
[DEBUG][2015-12-21 14:48:22,801][com.java.SeleniumDriver] [ 1212] - Case found
[DEBUG][2015-12-21 14:48:22,801][com.java.SeleniumDriver] [ 1217] - Incrementing ReportCounters[0]:1
[INFO ][2015-12-21 14:48:22,801][com.java.SeleniumDriver] [ 1236] - The results are-------------------[1, 1, Valid Login, Pass, , Mon Dec 21 14:48:16 IST 2015, 1, 2, Valid Login, Pass, , Mon Dec 21 14:48:22 IST 2015, 1, 3, Valid Login, Pass, , Mon Dec 21 14:48:22 IST 2015]
[INFO ][2015-12-21 14:48:22,802][com.java.SeleniumDriver] [ 1240] - End time is-------38 sec
[INFO ][2015-12-21 14:48:22,802][com.java.SeleniumDriver] [ 1241] - The results are-------------------[1, 1, Valid Login, Pass, , Mon Dec 21 14:48:16 IST 2015, 1, 2, Valid Login, Pass, , Mon Dec 21 14:48:22 IST 2015, 1, 3, Valid Login, Pass, , Mon Dec 21 14:48:22 IST 2015]
[DEBUG][2015-12-21 14:48:22,802][com.java.ImportnExport.ExportTestResultsExcel] [  222] - testResultPath = D:\BankersDashboard/TestReports/Test Results_BankersDashBoard_122115_144746_IE10_Bank of North Carolina.xls
[DEBUG][2015-12-21 14:48:22,802][com.java.ImportnExport.ExportTestResultsExcel] [  223] - browser is------------IE10
[DEBUG][2015-12-21 14:48:22,939][com.java.ImportnExport.ExportTestResultsExcel] [  270] - result.size() = 18
[DEBUG][2015-12-21 14:48:22,939][com.java.ImportnExport.ExportTestResultsExcel] [  274] - No of rows in sheet=1
[DEBUG][2015-12-21 14:48:22,939][com.java.ImportnExport.ExportTestResultsExcel] [  301] - ..in export..1
[DEBUG][2015-12-21 14:48:22,939][com.java.ImportnExport.ExportTestResultsExcel] [  301] - ..in export..Valid Login
[DEBUG][2015-12-21 14:48:22,939][com.java.ImportnExport.ExportTestResultsExcel] [  301] - ..in export..Pass
[DEBUG][2015-12-21 14:48:22,939][com.java.ImportnExport.ExportTestResultsExcel] [  301] - ..in export..
[DEBUG][2015-12-21 14:48:22,939][com.java.ImportnExport.ExportTestResultsExcel] [  301] - ..in export..Mon Dec 21 14:48:16 IST 2015
[INFO ][2015-12-21 14:48:22,941][com.java.SeleniumDriver] [ 1299] - out loop:0 size:2 TestCases:[1, 28] testcases:[1, 28]
[INFO ][2015-12-21 14:48:22,941][com.java.ImportnExport.ImportTestDataDetailsExcel] [   49] - test data details path===== D:\BankersDashboard\TestInputs\TestData.xls
[INFO ][2015-12-21 14:48:43,121][com.java.SeleniumDriver] [  821] - ------------------------------------------
[INFO ][2015-12-21 14:48:43,121][com.java.SeleniumDriver] [  822] - Test case being Executed: 28
[INFO ][2015-12-21 14:48:43,121][com.java.SeleniumDriver] [  833] - Test step:1
[INFO ][2015-12-21 14:48:43,121][com.java.SeleniumDriver] [  845] - Datavalue is----------Logout
[INFO ][2015-12-21 14:48:43,121][com.java.SeleniumDriver] [  869] - DataField : BTN
[INFO ][2015-12-21 14:48:43,121][com.java.SeleniumDriver] [  871] - DataValue : Logout
[INFO ][2015-12-21 14:48:43,121][com.java.SeleniumDriver] [  877] - <In Set values of the page>
[INFO ][2015-12-21 14:48:43,123][com.java.SeleniumDriver] [  880] - {Data Fields & Data Values Exist}
[INFO ][2015-12-21 14:48:43,123][com.java.SeleniumDriver] [  882] - --------------------------setting values-----------------------------
[INFO ][2015-12-21 14:48:43,123][com.java.SeleniumDriver] [  885] - Action Type : Verify
[INFO ][2015-12-21 14:48:43,123][com.java.TestType] [ 6899] - field= BTN value= Logout
[INFO ][2015-12-21 14:48:43,123][com.java.TestType] [ 5577] - value = Logout
[INFO ][2015-12-21 14:48:43,204][com.java.SeleniumDriver] [  894] -  RESULT true
[INFO ][2015-12-21 14:48:43,204][com.java.SeleniumDriver] [ 1100] - ?   P A S S   ?
[INFO ][2015-12-21 14:48:43,204][com.java.SeleniumDriver] [ 1142] - step change to 3
[INFO ][2015-12-21 14:48:43,204][com.java.SeleniumDriver] [  821] - ------------------------------------------
[INFO ][2015-12-21 14:48:43,204][com.java.SeleniumDriver] [  822] - Test case being Executed: 28
[INFO ][2015-12-21 14:48:43,204][com.java.SeleniumDriver] [  833] - Test step:3
[INFO ][2015-12-21 14:48:43,204][com.java.SeleniumDriver] [  845] - Datavalue is----------Concept#2:1-2
[INFO ][2015-12-21 14:48:43,204][com.java.SeleniumDriver] [  869] - DataField : test
[INFO ][2015-12-21 14:48:43,204][com.java.SeleniumDriver] [  871] - DataValue : Concept#2:1-2
[INFO ][2015-12-21 14:48:43,204][com.java.SeleniumDriver] [  877] - <In Set values of the page>
[INFO ][2015-12-21 14:48:43,204][com.java.SeleniumDriver] [  880] - {Data Fields & Data Values Exist}
[INFO ][2015-12-21 14:48:43,204][com.java.SeleniumDriver] [  882] - --------------------------setting values-----------------------------
[INFO ][2015-12-21 14:48:43,205][com.java.SeleniumDriver] [  885] - Action Type : ExecuteTestCase
[INFO ][2015-12-21 14:48:43,205][com.java.TestType] [  437] - The Concept sheet name is ---------- Concept
[INFO ][2015-12-21 14:48:43,205][com.java.TestType] [  440] - The Concept ID  is ---------- 2
[DEBUG][2015-12-21 14:48:43,205][com.java.TestType] [  444] - Steps being executted in the Concept are: 1:2
[INFO ][2015-12-21 14:48:43,205][com.java.TestType] [  451] - Test data details path ---------- D:\BankersDashboard\TestInputs\TestData.xls
[INFO ][2015-12-21 14:48:43,640][com.java.TestType] [  482] -  str(1) = 2
[INFO ][2015-12-21 14:48:43,640][com.java.TestType] [  485] - Test case Id is---2
[INFO ][2015-12-21 14:48:43,640][com.java.TestType] [  487] - 2
[INFO ][2015-12-21 14:48:43,640][com.java.TestType] [  482] -  str(2) = 1
[INFO ][2015-12-21 14:48:43,642][com.java.TestType] [  534] - row values are--------{1=com.java.Objects.TestDataDetails@1e90ea7}
[INFO ][2015-12-21 14:48:43,642][com.java.TestType] [  482] -  str(1) = 2
[INFO ][2015-12-21 14:48:43,642][com.java.TestType] [  485] - Test case Id is---2
[INFO ][2015-12-21 14:48:43,642][com.java.TestType] [  487] - 2
[INFO ][2015-12-21 14:48:43,642][com.java.TestType] [  482] -  str(2) = 2
[INFO ][2015-12-21 14:48:43,643][com.java.TestType] [  534] - row values are--------{1=com.java.Objects.TestDataDetails@1e90ea7, 2=com.java.Objects.TestDataDetails@116b458}
[INFO ][2015-12-21 14:48:43,643][com.java.TestType] [  482] -  str(1) = 2
[INFO ][2015-12-21 14:48:43,643][com.java.TestType] [  485] - Test case Id is---2
[INFO ][2015-12-21 14:48:43,643][com.java.TestType] [  487] - 2
[INFO ][2015-12-21 14:48:43,643][com.java.TestType] [  482] -  str(2) = 3
[INFO ][2015-12-21 14:48:43,643][com.java.TestType] [  534] - row values are--------{1=com.java.Objects.TestDataDetails@1e90ea7, 2=com.java.Objects.TestDataDetails@116b458, 3=com.java.Objects.TestDataDetails@22da8f}
[INFO ][2015-12-21 14:48:43,644][com.java.TestType] [10213] - Looping 1TCID = 2
[DEBUG][2015-12-21 14:48:43,644][com.java.TestType] [10254] - Concept ID:2 :: Step being Executed: 2::1
[INFO ][2015-12-21 14:48:43,644][com.java.TestType] [10292] - dataFields : BNK//select[@id='bank']
[DEBUG][2015-12-21 14:48:43,644][com.java.TestType] [10298] - <In Set values of the page>
[DEBUG][2015-12-21 14:48:43,644][com.java.TestType] [10303] - {Data Fields & Data Values Exist}
[INFO ][2015-12-21 14:48:43,644][com.java.TestType] [10309] - --------------------------setting values-----------------------------
[INFO ][2015-12-21 14:48:43,644][com.java.TestType] [10312] - Action Type : Select
[INFO ][2015-12-21 14:48:43,644][com.java.TestType] [ 5577] - value = PFC
[INFO ][2015-12-21 14:48:43,851][com.java.TestType] [10331] -  RESULT true
[INFO ][2015-12-21 14:48:43,851][com.java.TestType] [10448] - ?   P A S S   ?
[DEBUG][2015-12-21 14:48:43,851][com.java.TestType] [10254] - Concept ID:2 :: Step being Executed: 2::2
[INFO ][2015-12-21 14:48:43,851][com.java.TestType] [10292] - dataFields : LNKLogout
[DEBUG][2015-12-21 14:48:43,851][com.java.TestType] [10298] - <In Set values of the page>
[DEBUG][2015-12-21 14:48:43,851][com.java.TestType] [10303] - {Data Fields & Data Values Exist}
[INFO ][2015-12-21 14:48:43,852][com.java.TestType] [10309] - --------------------------setting values-----------------------------
[INFO ][2015-12-21 14:48:43,852][com.java.TestType] [10312] - Action Type : WaitTime
[DEBUG][2015-12-21 14:48:43,852][com.java.TestType] [ 5397] - sleepTime: 5000
[INFO ][2015-12-21 14:48:48,852][com.java.TestType] [10331] -  RESULT true
[INFO ][2015-12-21 14:48:48,853][com.java.TestType] [10448] - ?   P A S S   ?
[INFO ][2015-12-21 14:48:48,853][com.java.TestType] [10519] - Looping End......
[INFO ][2015-12-21 14:48:48,854][com.java.SeleniumDriver] [  894] -  RESULT true
[INFO ][2015-12-21 14:48:48,854][com.java.SeleniumDriver] [ 1100] - ?   P A S S   ?
[INFO ][2015-12-21 14:48:48,854][com.java.SeleniumDriver] [  821] - ------------------------------------------
[INFO ][2015-12-21 14:48:48,854][com.java.SeleniumDriver] [  822] - Test case being Executed: 28
[INFO ][2015-12-21 14:48:48,854][com.java.SeleniumDriver] [  833] - Test step:4
[INFO ][2015-12-21 14:48:48,854][com.java.SeleniumDriver] [  845] - Datavalue is----------null
[DEBUG][2015-12-21 14:48:48,854][com.java.SeleniumDriver] [  863] - Exception: null
[INFO ][2015-12-21 14:48:48,854][com.java.SeleniumDriver] [  869] - DataField : //span[@class='icon-cog2']&&//a[@data-id="UserSettings"]
[INFO ][2015-12-21 14:48:48,854][com.java.SeleniumDriver] [  871] - DataValue : 
[INFO ][2015-12-21 14:48:48,854][com.java.SeleniumDriver] [  877] - <In Set values of the page>
[INFO ][2015-12-21 14:48:48,854][com.java.SeleniumDriver] [  880] - {Data Fields & Data Values Exist}
[INFO ][2015-12-21 14:48:48,855][com.java.SeleniumDriver] [  882] - --------------------------setting values-----------------------------
[INFO ][2015-12-21 14:48:48,855][com.java.SeleniumDriver] [  885] - Action Type : MOUSEOVER
[INFO ][2015-12-21 14:49:12,268][com.java.SeleniumDriver] [  894] -  RESULT true
[INFO ][2015-12-21 14:49:12,268][com.java.SeleniumDriver] [ 1100] - ?   P A S S   ?
[INFO ][2015-12-21 14:49:12,268][com.java.SeleniumDriver] [  821] - ------------------------------------------
[INFO ][2015-12-21 14:49:12,268][com.java.SeleniumDriver] [  822] - Test case being Executed: 28
[INFO ][2015-12-21 14:49:12,268][com.java.SeleniumDriver] [  833] - Test step:5
[INFO ][2015-12-21 14:49:12,268][com.java.SeleniumDriver] [  845] - Datavalue is----------2
[INFO ][2015-12-21 14:49:12,268][com.java.SeleniumDriver] [  869] - DataField : BTNframeDialogContent
[INFO ][2015-12-21 14:49:12,268][com.java.SeleniumDriver] [  871] - DataValue : 2
[INFO ][2015-12-21 14:49:12,268][com.java.SeleniumDriver] [  877] - <In Set values of the page>
[INFO ][2015-12-21 14:49:12,268][com.java.SeleniumDriver] [  880] - {Data Fields & Data Values Exist}
[INFO ][2015-12-21 14:49:12,268][com.java.SeleniumDriver] [  882] - --------------------------setting values-----------------------------
[INFO ][2015-12-21 14:49:12,268][com.java.SeleniumDriver] [  885] - Action Type : WAITFORELEMENT
[INFO ][2015-12-21 14:49:13,487][com.java.SeleniumDriver] [  894] -  RESULT true
[INFO ][2015-12-21 14:49:13,487][com.java.SeleniumDriver] [ 1100] - ?   P A S S   ?
[INFO ][2015-12-21 14:49:13,487][com.java.SeleniumDriver] [  821] - ------------------------------------------
[INFO ][2015-12-21 14:49:13,487][com.java.SeleniumDriver] [  822] - Test case being Executed: 28
[INFO ][2015-12-21 14:49:13,487][com.java.SeleniumDriver] [  833] - Test step:6
[INFO ][2015-12-21 14:49:13,487][com.java.SeleniumDriver] [  845] - Datavalue is----------User Settings
[INFO ][2015-12-21 14:49:13,488][com.java.SeleniumDriver] [  869] - DataField : XPH//span[@class="ui-dialog-title"]
[INFO ][2015-12-21 14:49:13,488][com.java.SeleniumDriver] [  871] - DataValue : User Settings
[INFO ][2015-12-21 14:49:13,488][com.java.SeleniumDriver] [  877] - <In Set values of the page>
[INFO ][2015-12-21 14:49:13,488][com.java.SeleniumDriver] [  880] - {Data Fields & Data Values Exist}
[INFO ][2015-12-21 14:49:13,488][com.java.SeleniumDriver] [  882] - --------------------------setting values-----------------------------
[INFO ][2015-12-21 14:49:13,488][com.java.SeleniumDriver] [  885] - Action Type : VERIFY
[INFO ][2015-12-21 14:49:13,488][com.java.TestType] [ 6899] - field= XPH//span[@class="ui-dialog-title"] value= User Settings
[INFO ][2015-12-21 14:49:13,488][com.java.TestType] [ 5577] - value = User Settings
[INFO ][2015-12-21 14:49:13,638][com.java.SeleniumDriver] [  894] -  RESULT true
[INFO ][2015-12-21 14:49:13,638][com.java.SeleniumDriver] [ 1100] - ?   P A S S   ?
[INFO ][2015-12-21 14:49:13,638][com.java.SeleniumDriver] [  821] - ------------------------------------------
[INFO ][2015-12-21 14:49:13,638][com.java.SeleniumDriver] [  822] - Test case being Executed: 28
[INFO ][2015-12-21 14:49:13,638][com.java.SeleniumDriver] [  833] - Test step:7
[INFO ][2015-12-21 14:49:13,638][com.java.SeleniumDriver] [  845] - Datavalue is----------null
[DEBUG][2015-12-21 14:49:13,638][com.java.SeleniumDriver] [  863] - Exception: null
[INFO ][2015-12-21 14:49:13,638][com.java.SeleniumDriver] [  869] - DataField : BTNframeDialogContent
[INFO ][2015-12-21 14:49:13,638][com.java.SeleniumDriver] [  871] - DataValue : 
[INFO ][2015-12-21 14:49:13,639][com.java.SeleniumDriver] [  877] - <In Set values of the page>
[INFO ][2015-12-21 14:49:13,639][com.java.SeleniumDriver] [  880] - {Data Fields & Data Values Exist}
[INFO ][2015-12-21 14:49:13,639][com.java.SeleniumDriver] [  882] - --------------------------setting values-----------------------------
[INFO ][2015-12-21 14:49:13,639][com.java.SeleniumDriver] [  885] - Action Type : SELECTFRAME
[INFO ][2015-12-21 14:49:14,904][com.java.SeleniumDriver] [  894] -  RESULT true
[INFO ][2015-12-21 14:49:14,904][com.java.SeleniumDriver] [ 1100] - ?   P A S S   ?
[INFO ][2015-12-21 14:49:14,904][com.java.SeleniumDriver] [  821] - ------------------------------------------
[INFO ][2015-12-21 14:49:14,904][com.java.SeleniumDriver] [  822] - Test case being Executed: 28
[INFO ][2015-12-21 14:49:14,904][com.java.SeleniumDriver] [  833] - Test step:8
[INFO ][2015-12-21 14:49:14,905][com.java.SeleniumDriver] [  845] - Datavalue is----------index:0
[INFO ][2015-12-21 14:49:14,905][com.java.SeleniumDriver] [  869] - DataField : COBddlShowDashboard
[INFO ][2015-12-21 14:49:14,905][com.java.SeleniumDriver] [  871] - DataValue : index:0
[INFO ][2015-12-21 14:49:14,905][com.java.SeleniumDriver] [  877] - <In Set values of the page>
[INFO ][2015-12-21 14:49:14,905][com.java.SeleniumDriver] [  880] - {Data Fields & Data Values Exist}
[INFO ][2015-12-21 14:49:14,905][com.java.SeleniumDriver] [  882] - --------------------------setting values-----------------------------
[INFO ][2015-12-21 14:49:14,905][com.java.SeleniumDriver] [  885] - Action Type : SELECT
[INFO ][2015-12-21 14:49:14,905][com.java.TestType] [ 5577] - value = 0
[INFO ][2015-12-21 14:49:16,023][com.java.TestType] [ 5695] -  In COB ddlShowDashboard : 0
[INFO ][2015-12-21 14:49:16,170][com.java.SeleniumDriver] [  894] -  RESULT true
[INFO ][2015-12-21 14:49:16,170][com.java.SeleniumDriver] [ 1100] - ?   P A S S   ?
[INFO ][2015-12-21 14:49:16,170][com.java.SeleniumDriver] [  821] - ------------------------------------------
[INFO ][2015-12-21 14:49:16,170][com.java.SeleniumDriver] [  822] - Test case being Executed: 28
[INFO ][2015-12-21 14:49:16,170][com.java.SeleniumDriver] [  833] - Test step:9
[INFO ][2015-12-21 14:49:16,170][com.java.SeleniumDriver] [  845] - Datavalue is----------null
[DEBUG][2015-12-21 14:49:16,172][com.java.SeleniumDriver] [  863] - Exception: null
[INFO ][2015-12-21 14:49:16,172][com.java.SeleniumDriver] [  869] - DataField : BTNparent
[INFO ][2015-12-21 14:49:16,172][com.java.SeleniumDriver] [  871] - DataValue : 
[INFO ][2015-12-21 14:49:16,172][com.java.SeleniumDriver] [  877] - <In Set values of the page>
[INFO ][2015-12-21 14:49:16,172][com.java.SeleniumDriver] [  880] - {Data Fields & Data Values Exist}
[INFO ][2015-12-21 14:49:16,172][com.java.SeleniumDriver] [  882] - --------------------------setting values-----------------------------
[INFO ][2015-12-21 14:49:16,172][com.java.SeleniumDriver] [  885] - Action Type : SELECTFRAME
[INFO ][2015-12-21 14:49:16,188][com.java.SeleniumDriver] [  894] -  RESULT true
[INFO ][2015-12-21 14:49:16,188][com.java.SeleniumDriver] [ 1100] - ?   P A S S   ?
[INFO ][2015-12-21 14:49:16,188][com.java.SeleniumDriver] [  821] - ------------------------------------------
[INFO ][2015-12-21 14:49:16,188][com.java.SeleniumDriver] [  822] - Test case being Executed: 28
[INFO ][2015-12-21 14:49:16,188][com.java.SeleniumDriver] [  833] - Test step:10
[INFO ][2015-12-21 14:49:16,188][com.java.SeleniumDriver] [  845] - Datavalue is----------null
[DEBUG][2015-12-21 14:49:16,188][com.java.SeleniumDriver] [  863] - Exception: null
[INFO ][2015-12-21 14:49:16,188][com.java.SeleniumDriver] [  869] - DataField : XPH//span[@class="ui-button-text" and contains(text(),'Finished')]
[INFO ][2015-12-21 14:49:16,189][com.java.SeleniumDriver] [  871] - DataValue : 
[INFO ][2015-12-21 14:49:16,189][com.java.SeleniumDriver] [  877] - <In Set values of the page>
[INFO ][2015-12-21 14:49:16,189][com.java.SeleniumDriver] [  880] - {Data Fields & Data Values Exist}
[INFO ][2015-12-21 14:49:16,189][com.java.SeleniumDriver] [  882] - --------------------------setting values-----------------------------
[INFO ][2015-12-21 14:49:16,189][com.java.SeleniumDriver] [  885] - Action Type : CLICK
[INFO ][2015-12-21 14:49:16,189][com.java.TestType] [ 5956] - Field ::XPH//span[@class="ui-button-text" and contains(text(),'Finished')]
[INFO ][2015-12-21 14:49:16,189][com.java.TestType] [ 5577] - value = 
[INFO ][2015-12-21 14:49:17,190][com.java.TestType] [ 6093] - BEFORE CLICK
[INFO ][2015-12-21 14:49:18,190][com.java.TestType] [ 6101] - Unable to click the object Finish Button
[INFO ][2015-12-21 14:49:18,190][com.java.SeleniumDriver] [  894] -  RESULT true
[INFO ][2015-12-21 14:49:18,190][com.java.SeleniumDriver] [ 1100] - ?   P A S S   ?
[INFO ][2015-12-21 14:49:18,190][com.java.SeleniumDriver] [  821] - ------------------------------------------
[INFO ][2015-12-21 14:49:18,190][com.java.SeleniumDriver] [  822] - Test case being Executed: 28
[INFO ][2015-12-21 14:49:18,190][com.java.SeleniumDriver] [  833] - Test step:11
[INFO ][2015-12-21 14:49:18,190][com.java.SeleniumDriver] [  845] - Datavalue is----------null
[DEBUG][2015-12-21 14:49:18,190][com.java.SeleniumDriver] [  863] - Exception: null
[INFO ][2015-12-21 14:49:18,190][com.java.SeleniumDriver] [  869] - DataField : BTNcloseAllTabs
[INFO ][2015-12-21 14:49:18,190][com.java.SeleniumDriver] [  871] - DataValue : 
[INFO ][2015-12-21 14:49:18,190][com.java.SeleniumDriver] [  877] - <In Set values of the page>
[INFO ][2015-12-21 14:49:18,190][com.java.SeleniumDriver] [  880] - {Data Fields & Data Values Exist}
[INFO ][2015-12-21 14:49:18,191][com.java.SeleniumDriver] [  882] - --------------------------setting values-----------------------------
[INFO ][2015-12-21 14:49:18,191][com.java.SeleniumDriver] [  885] - Action Type : CLICK
[INFO ][2015-12-21 14:49:18,191][com.java.TestType] [ 5956] - Field ::BTNcloseAllTabs
[INFO ][2015-12-21 14:49:18,191][com.java.TestType] [ 5577] - value = 
[INFO ][2015-12-21 14:49:19,191][com.java.TestType] [ 6072] - BEFORE CLICK
[INFO ][2015-12-21 14:49:20,702][com.java.TestType] [ 6079] - Unable to click the object Close all tabs
[INFO ][2015-12-21 14:49:20,702][com.java.SeleniumDriver] [  894] -  RESULT true
[INFO ][2015-12-21 14:49:20,702][com.java.SeleniumDriver] [ 1100] - ?   P A S S   ?
[INFO ][2015-12-21 14:49:20,702][com.java.SeleniumDriver] [  821] - ------------------------------------------
[INFO ][2015-12-21 14:49:20,702][com.java.SeleniumDriver] [  822] - Test case being Executed: 28
[INFO ][2015-12-21 14:49:20,702][com.java.SeleniumDriver] [  833] - Test step:12
[INFO ][2015-12-21 14:49:20,702][com.java.SeleniumDriver] [  845] - Datavalue is----------2
[INFO ][2015-12-21 14:49:20,702][com.java.SeleniumDriver] [  869] - DataField : XPH//div[@id="WidgetBodyPanel.0"]//tr//td
[INFO ][2015-12-21 14:49:20,702][com.java.SeleniumDriver] [  871] - DataValue : 2
[INFO ][2015-12-21 14:49:20,702][com.java.SeleniumDriver] [  877] - <In Set values of the page>
[INFO ][2015-12-21 14:49:20,702][com.java.SeleniumDriver] [  880] - {Data Fields & Data Values Exist}
[INFO ][2015-12-21 14:49:20,702][com.java.SeleniumDriver] [  882] - --------------------------setting values-----------------------------
[INFO ][2015-12-21 14:49:20,703][com.java.SeleniumDriver] [  885] - Action Type : WAITFORELEMENT
[INFO ][2015-12-21 14:49:22,907][com.java.SeleniumDriver] [  894] -  RESULT true
[INFO ][2015-12-21 14:49:22,907][com.java.SeleniumDriver] [ 1100] - ?   P A S S   ?
[INFO ][2015-12-21 14:49:22,908][com.java.SeleniumDriver] [  821] - ------------------------------------------
[INFO ][2015-12-21 14:49:22,908][com.java.SeleniumDriver] [  822] - Test case being Executed: 28
[INFO ][2015-12-21 14:49:22,908][com.java.SeleniumDriver] [  833] - Test step:13
[INFO ][2015-12-21 14:49:22,908][com.java.SeleniumDriver] [  845] - Datavalue is----------//div[@id="WidgetBodyPanel.0"]//tr//td
[INFO ][2015-12-21 14:49:22,908][com.java.SeleniumDriver] [  869] - DataField : BTN
[INFO ][2015-12-21 14:49:22,908][com.java.SeleniumDriver] [  871] - DataValue : //div[@id="WidgetBodyPanel.0"]//tr//td
[INFO ][2015-12-21 14:49:22,908][com.java.SeleniumDriver] [  877] - <In Set values of the page>
[INFO ][2015-12-21 14:49:22,908][com.java.SeleniumDriver] [  880] - {Data Fields & Data Values Exist}
[INFO ][2015-12-21 14:49:22,908][com.java.SeleniumDriver] [  882] - --------------------------setting values-----------------------------
[INFO ][2015-12-21 14:49:22,908][com.java.SeleniumDriver] [  885] - Action Type : VERIFY
[INFO ][2015-12-21 14:49:22,908][com.java.TestType] [ 6899] - field= BTN value= //div[@id="WidgetBodyPanel.0"]//tr//td
[INFO ][2015-12-21 14:49:22,908][com.java.TestType] [ 5577] - value = //div[@id="WidgetBodyPanel.0"]//tr//td
[INFO ][2015-12-21 14:49:22,989][com.java.SeleniumDriver] [  894] -  RESULT true
[INFO ][2015-12-21 14:49:22,989][com.java.SeleniumDriver] [ 1100] - ?   P A S S   ?
[INFO ][2015-12-21 14:49:22,989][com.java.SeleniumDriver] [  821] - ------------------------------------------
[INFO ][2015-12-21 14:49:22,989][com.java.SeleniumDriver] [  822] - Test case being Executed: 28
[INFO ][2015-12-21 14:49:22,989][com.java.SeleniumDriver] [  833] - Test step:14
[INFO ][2015-12-21 14:49:22,989][com.java.SeleniumDriver] [  845] - Datavalue is----------null
[DEBUG][2015-12-21 14:49:22,989][com.java.SeleniumDriver] [  863] - Exception: null
[INFO ][2015-12-21 14:49:22,990][com.java.SeleniumDriver] [  869] - DataField : //span[@class='icon-cog2']&&//a[@data-id="UserSettings"]
[INFO ][2015-12-21 14:49:22,990][com.java.SeleniumDriver] [  871] - DataValue : 
[INFO ][2015-12-21 14:49:22,990][com.java.SeleniumDriver] [  877] - <In Set values of the page>
[INFO ][2015-12-21 14:49:22,990][com.java.SeleniumDriver] [  880] - {Data Fields & Data Values Exist}
[INFO ][2015-12-21 14:49:22,990][com.java.SeleniumDriver] [  882] - --------------------------setting values-----------------------------
[INFO ][2015-12-21 14:49:22,990][com.java.SeleniumDriver] [  885] - Action Type : MOUSEOVER
[INFO ][2015-12-21 14:49:46,267][com.java.SeleniumDriver] [  894] -  RESULT true
[INFO ][2015-12-21 14:49:46,267][com.java.SeleniumDriver] [ 1100] - ?   P A S S   ?
[INFO ][2015-12-21 14:49:46,267][com.java.SeleniumDriver] [  821] - ------------------------------------------
[INFO ][2015-12-21 14:49:46,267][com.java.SeleniumDriver] [  822] - Test case being Executed: 28
[INFO ][2015-12-21 14:49:46,267][com.java.SeleniumDriver] [  833] - Test step:15
[INFO ][2015-12-21 14:49:46,267][com.java.SeleniumDriver] [  845] - Datavalue is----------2
[INFO ][2015-12-21 14:49:46,267][com.java.SeleniumDriver] [  869] - DataField : BTNframeDialogContent
[INFO ][2015-12-21 14:49:46,267][com.java.SeleniumDriver] [  871] - DataValue : 2
[INFO ][2015-12-21 14:49:46,267][com.java.SeleniumDriver] [  877] - <In Set values of the page>
[INFO ][2015-12-21 14:49:46,267][com.java.SeleniumDriver] [  880] - {Data Fields & Data Values Exist}
[INFO ][2015-12-21 14:49:46,267][com.java.SeleniumDriver] [  882] - --------------------------setting values-----------------------------
[INFO ][2015-12-21 14:49:46,267][com.java.SeleniumDriver] [  885] - Action Type : WAITFORELEMENT
[INFO ][2015-12-21 14:49:47,487][com.java.SeleniumDriver] [  894] -  RESULT true
[INFO ][2015-12-21 14:49:47,488][com.java.SeleniumDriver] [ 1100] - ?   P A S S   ?
[INFO ][2015-12-21 14:49:47,488][com.java.SeleniumDriver] [  821] - ------------------------------------------
[INFO ][2015-12-21 14:49:47,488][com.java.SeleniumDriver] [  822] - Test case being Executed: 28
[INFO ][2015-12-21 14:49:47,488][com.java.SeleniumDriver] [  833] - Test step:16
[INFO ][2015-12-21 14:49:47,488][com.java.SeleniumDriver] [  845] - Datavalue is----------User Settings
[INFO ][2015-12-21 14:49:47,488][com.java.SeleniumDriver] [  869] - DataField : XPH//span[@class="ui-dialog-title"]
[INFO ][2015-12-21 14:49:47,488][com.java.SeleniumDriver] [  871] - DataValue : User Settings
[INFO ][2015-12-21 14:49:47,488][com.java.SeleniumDriver] [  877] - <In Set values of the page>
[INFO ][2015-12-21 14:49:47,488][com.java.SeleniumDriver] [  880] - {Data Fields & Data Values Exist}
[INFO ][2015-12-21 14:49:47,488][com.java.SeleniumDriver] [  882] - --------------------------setting values-----------------------------
[INFO ][2015-12-21 14:49:47,488][com.java.SeleniumDriver] [  885] - Action Type : VERIFY
[INFO ][2015-12-21 14:49:47,488][com.java.TestType] [ 6899] - field= XPH//span[@class="ui-dialog-title"] value= User Settings
[INFO ][2015-12-21 14:49:47,488][com.java.TestType] [ 5577] - value = User Settings
[INFO ][2015-12-21 14:49:47,648][com.java.SeleniumDriver] [  894] -  RESULT true
[INFO ][2015-12-21 14:49:47,648][com.java.SeleniumDriver] [ 1100] - ?   P A S S   ?
[INFO ][2015-12-21 14:49:47,648][com.java.SeleniumDriver] [  821] - ------------------------------------------
[INFO ][2015-12-21 14:49:47,648][com.java.SeleniumDriver] [  822] - Test case being Executed: 28
[INFO ][2015-12-21 14:49:47,648][com.java.SeleniumDriver] [  833] - Test step:17
[INFO ][2015-12-21 14:49:47,648][com.java.SeleniumDriver] [  845] - Datavalue is----------null
[DEBUG][2015-12-21 14:49:47,648][com.java.SeleniumDriver] [  863] - Exception: null
[INFO ][2015-12-21 14:49:47,649][com.java.SeleniumDriver] [  869] - DataField : BTNframeDialogContent
[INFO ][2015-12-21 14:49:47,649][com.java.SeleniumDriver] [  871] - DataValue : 
[INFO ][2015-12-21 14:49:47,649][com.java.SeleniumDriver] [  877] - <In Set values of the page>
[INFO ][2015-12-21 14:49:47,649][com.java.SeleniumDriver] [  880] - {Data Fields & Data Values Exist}
[INFO ][2015-12-21 14:49:47,649][com.java.SeleniumDriver] [  882] - --------------------------setting values-----------------------------
[INFO ][2015-12-21 14:49:47,649][com.java.SeleniumDriver] [  885] - Action Type : SELECTFRAME
[INFO ][2015-12-21 14:49:48,904][com.java.SeleniumDriver] [  894] -  RESULT true
[INFO ][2015-12-21 14:49:48,904][com.java.SeleniumDriver] [ 1100] - ?   P A S S   ?
[INFO ][2015-12-21 14:49:48,904][com.java.SeleniumDriver] [  821] - ------------------------------------------
[INFO ][2015-12-21 14:49:48,904][com.java.SeleniumDriver] [  822] - Test case being Executed: 28
[INFO ][2015-12-21 14:49:48,904][com.java.SeleniumDriver] [  833] - Test step:18
[INFO ][2015-12-21 14:49:48,905][com.java.SeleniumDriver] [  845] - Datavalue is----------index:1
[INFO ][2015-12-21 14:49:48,905][com.java.SeleniumDriver] [  869] - DataField : COBddlShowDashboard
[INFO ][2015-12-21 14:49:48,905][com.java.SeleniumDriver] [  871] - DataValue : index:1
[INFO ][2015-12-21 14:49:48,905][com.java.SeleniumDriver] [  877] - <In Set values of the page>
[INFO ][2015-12-21 14:49:48,905][com.java.SeleniumDriver] [  880] - {Data Fields & Data Values Exist}
[INFO ][2015-12-21 14:49:48,905][com.java.SeleniumDriver] [  882] - --------------------------setting values-----------------------------
[INFO ][2015-12-21 14:49:48,905][com.java.SeleniumDriver] [  885] - Action Type : SELECT
[INFO ][2015-12-21 14:49:48,905][com.java.TestType] [ 5577] - value = 1
[INFO ][2015-12-21 14:49:50,021][com.java.TestType] [ 5695] -  In COB ddlShowDashboard : 1
[INFO ][2015-12-21 14:49:50,181][com.java.SeleniumDriver] [  894] -  RESULT true
[INFO ][2015-12-21 14:49:50,181][com.java.SeleniumDriver] [ 1100] - ?   P A S S   ?
[INFO ][2015-12-21 14:49:50,181][com.java.SeleniumDriver] [  821] - ------------------------------------------
[INFO ][2015-12-21 14:49:50,181][com.java.SeleniumDriver] [  822] - Test case being Executed: 28
[INFO ][2015-12-21 14:49:50,181][com.java.SeleniumDriver] [  833] - Test step:19
[INFO ][2015-12-21 14:49:50,181][com.java.SeleniumDriver] [  845] - Datavalue is----------null
[DEBUG][2015-12-21 14:49:50,181][com.java.SeleniumDriver] [  863] - Exception: null
[INFO ][2015-12-21 14:49:50,182][com.java.SeleniumDriver] [  869] - DataField : BTNparent
[INFO ][2015-12-21 14:49:50,182][com.java.SeleniumDriver] [  871] - DataValue : 
[INFO ][2015-12-21 14:49:50,182][com.java.SeleniumDriver] [  877] - <In Set values of the page>
[INFO ][2015-12-21 14:49:50,182][com.java.SeleniumDriver] [  880] - {Data Fields & Data Values Exist}
[INFO ][2015-12-21 14:49:50,182][com.java.SeleniumDriver] [  882] - --------------------------setting values-----------------------------
[INFO ][2015-12-21 14:49:50,182][com.java.SeleniumDriver] [  885] - Action Type : SELECTFRAME
[INFO ][2015-12-21 14:49:50,197][com.java.SeleniumDriver] [  894] -  RESULT true
[INFO ][2015-12-21 14:49:50,197][com.java.SeleniumDriver] [ 1100] - ?   P A S S   ?
[INFO ][2015-12-21 14:49:50,197][com.java.SeleniumDriver] [  821] - ------------------------------------------
[INFO ][2015-12-21 14:49:50,197][com.java.SeleniumDriver] [  822] - Test case being Executed: 28
[INFO ][2015-12-21 14:49:50,197][com.java.SeleniumDriver] [  833] - Test step:20
[INFO ][2015-12-21 14:49:50,197][com.java.SeleniumDriver] [  845] - Datavalue is----------null
[DEBUG][2015-12-21 14:49:50,197][com.java.SeleniumDriver] [  863] - Exception: null
[INFO ][2015-12-21 14:49:50,197][com.java.SeleniumDriver] [  869] - DataField : XPH//span[@class="ui-button-text" and contains(text(),'Finished')]
[INFO ][2015-12-21 14:49:50,197][com.java.SeleniumDriver] [  871] - DataValue : 
[INFO ][2015-12-21 14:49:50,198][com.java.SeleniumDriver] [  877] - <In Set values of the page>
[INFO ][2015-12-21 14:49:50,198][com.java.SeleniumDriver] [  880] - {Data Fields & Data Values Exist}
[INFO ][2015-12-21 14:49:50,198][com.java.SeleniumDriver] [  882] - --------------------------setting values-----------------------------
[INFO ][2015-12-21 14:49:50,198][com.java.SeleniumDriver] [  885] - Action Type : CLICK
[INFO ][2015-12-21 14:49:50,198][com.java.TestType] [ 5956] - Field ::XPH//span[@class="ui-button-text" and contains(text(),'Finished')]
[INFO ][2015-12-21 14:49:50,198][com.java.TestType] [ 5577] - value = 
[INFO ][2015-12-21 14:49:51,198][com.java.TestType] [ 6093] - BEFORE CLICK
[INFO ][2015-12-21 14:49:52,248][com.java.TestType] [ 6101] - Unable to click the object Finish Button
[INFO ][2015-12-21 14:49:52,248][com.java.SeleniumDriver] [  894] -  RESULT true
[INFO ][2015-12-21 14:49:52,248][com.java.SeleniumDriver] [ 1100] - ?   P A S S   ?
[INFO ][2015-12-21 14:49:52,248][com.java.SeleniumDriver] [  821] - ------------------------------------------
[INFO ][2015-12-21 14:49:52,248][com.java.SeleniumDriver] [  822] - Test case being Executed: 28
[INFO ][2015-12-21 14:49:52,248][com.java.SeleniumDriver] [  833] - Test step:21
[INFO ][2015-12-21 14:49:52,248][com.java.SeleniumDriver] [  845] - Datavalue is----------null
[DEBUG][2015-12-21 14:49:52,248][com.java.SeleniumDriver] [  863] - Exception: null
[INFO ][2015-12-21 14:49:52,248][com.java.SeleniumDriver] [  869] - DataField : BTNcloseAllTabs
[INFO ][2015-12-21 14:49:52,248][com.java.SeleniumDriver] [  871] - DataValue : 
[INFO ][2015-12-21 14:49:52,248][com.java.SeleniumDriver] [  877] - <In Set values of the page>
[INFO ][2015-12-21 14:49:52,248][com.java.SeleniumDriver] [  880] - {Data Fields & Data Values Exist}
[INFO ][2015-12-21 14:49:52,249][com.java.SeleniumDriver] [  882] - --------------------------setting values-----------------------------
[INFO ][2015-12-21 14:49:52,249][com.java.SeleniumDriver] [  885] - Action Type : CLICK
[INFO ][2015-12-21 14:49:52,249][com.java.TestType] [ 5956] - Field ::BTNcloseAllTabs
[INFO ][2015-12-21 14:49:52,249][com.java.TestType] [ 5577] - value = 
[INFO ][2015-12-21 14:49:53,250][com.java.TestType] [ 6072] - BEFORE CLICK
[INFO ][2015-12-21 14:49:54,771][com.java.TestType] [ 6079] - Unable to click the object Close all tabs
[INFO ][2015-12-21 14:49:54,772][com.java.SeleniumDriver] [  894] -  RESULT true
[INFO ][2015-12-21 14:49:54,772][com.java.SeleniumDriver] [ 1100] - ?   P A S S   ?
[INFO ][2015-12-21 14:49:54,772][com.java.SeleniumDriver] [  821] - ------------------------------------------
[INFO ][2015-12-21 14:49:54,772][com.java.SeleniumDriver] [  822] - Test case being Executed: 28
[INFO ][2015-12-21 14:49:54,772][com.java.SeleniumDriver] [  833] - Test step:22
[INFO ][2015-12-21 14:49:54,772][com.java.SeleniumDriver] [  845] - Datavalue is----------2
[INFO ][2015-12-21 14:49:54,772][com.java.SeleniumDriver] [  869] - DataField : BTNnewusercontent
[INFO ][2015-12-21 14:49:54,772][com.java.SeleniumDriver] [  871] - DataValue : 2
[INFO ][2015-12-21 14:49:54,772][com.java.SeleniumDriver] [  877] - <In Set values of the page>
[INFO ][2015-12-21 14:49:54,772][com.java.SeleniumDriver] [  880] - {Data Fields & Data Values Exist}
[INFO ][2015-12-21 14:49:54,772][com.java.SeleniumDriver] [  882] - --------------------------setting values-----------------------------
[INFO ][2015-12-21 14:49:54,772][com.java.SeleniumDriver] [  885] - Action Type : WAITFORELEMENT
[INFO ][2015-12-21 14:49:55,989][com.java.SeleniumDriver] [  894] -  RESULT true
[INFO ][2015-12-21 14:49:55,989][com.java.SeleniumDriver] [ 1100] - ?   P A S S   ?
[INFO ][2015-12-21 14:49:55,989][com.java.SeleniumDriver] [  821] - ------------------------------------------
[INFO ][2015-12-21 14:49:55,989][com.java.SeleniumDriver] [  822] - Test case being Executed: 28
[INFO ][2015-12-21 14:49:55,989][com.java.SeleniumDriver] [  833] - Test step:23
[INFO ][2015-12-21 14:49:55,989][com.java.SeleniumDriver] [  845] - Datavalue is----------//div[@id="WidgetBodyPanel.0"]//tr//td
[INFO ][2015-12-21 14:49:55,990][com.java.SeleniumDriver] [  869] - DataField : BTN
[INFO ][2015-12-21 14:49:55,990][com.java.SeleniumDriver] [  871] - DataValue : //div[@id="WidgetBodyPanel.0"]//tr//td
[INFO ][2015-12-21 14:49:55,990][com.java.SeleniumDriver] [  877] - <In Set values of the page>
[INFO ][2015-12-21 14:49:55,990][com.java.SeleniumDriver] [  880] - {Data Fields & Data Values Exist}
[INFO ][2015-12-21 14:49:55,990][com.java.SeleniumDriver] [  882] - --------------------------setting values-----------------------------
[INFO ][2015-12-21 14:49:55,990][com.java.SeleniumDriver] [  885] - Action Type : VERIFYNOTPRESENT
[INFO ][2015-12-21 14:49:55,990][com.java.TestType] [ 8355] - field= BTN value= //div[@id="WidgetBodyPanel.0"]//tr//td
[DEBUG][2015-12-21 14:49:57,102][com.java.TestType] [ 8388] - Object :: +//div[@id="WidgetBodyPanel.0"]//tr//td   :: found which is NOT expected.
[INFO ][2015-12-21 14:49:57,102][com.java.SeleniumDriver] [  894] -  RESULT false
[INFO ][2015-12-21 14:49:57,102][com.java.SeleniumDriver] [  941] - ?   F A I L   ?
[INFO ][2015-12-21 14:49:57,102][com.java.SeleniumDriver] [  949] - Browser Type : IE10
[INFO ][2015-12-21 14:49:57,102][com.java.SeleniumDriver] [  950] - Adding Failed case28
[INFO ][2015-12-21 14:49:57,103][com.java.SeleniumDriver] [  969] - Directory Created
[INFO ][2015-12-21 14:49:57,454][com.java.SeleniumDriver] [ 1064] - failedCases = 28
[ERROR][2015-12-21 14:49:57,454][com.java.SeleniumDriver] [ 1561] - Platform Errors : Our apologies...::We have encountered an issue with your request.::Our apologies?:We encountered an issue with your request.
[INFO ][2015-12-21 14:49:57,454][com.java.SeleniumDriver] [ 1565] - Length =3
[ERROR][2015-12-21 14:49:57,454][com.java.SeleniumDriver] [ 1568] - Error 0 = Our apologies...
[ERROR][2015-12-21 14:49:57,507][com.java.SeleniumDriver] [ 1568] - Error 1 = We have encountered an issue with your request.
[ERROR][2015-12-21 14:49:57,560][com.java.SeleniumDriver] [ 1568] - Error 2 = Our apologies?:We encountered an issue with your request.
[INFO ][2015-12-21 14:49:57,612][com.java.SeleniumDriver] [ 1579] - strError:
[DEBUG][2015-12-21 14:49:57,627][com.java.SeleniumDriver] [ 1212] - Case found
[DEBUG][2015-12-21 14:49:57,627][com.java.SeleniumDriver] [ 1217] - Incrementing ReportCounters[0]:2
[INFO ][2015-12-21 14:49:57,627][com.java.SeleniumDriver] [ 1236] - The results are-------------------[28, 23, Settings : User Settings : Show dashboard on start page, Fail, 
Test case failed at Step No. :: 23   Error Message ::  Object :: +//div[@id="WidgetBodyPanel.0"]//tr//td   :: found which is NOT expected.. Screen Shot : D:\BankersDashboard\TestReports\122115\28_122115_144957_IE10.png, Mon Dec 21 14:49:57 IST 2015]
[INFO ][2015-12-21 14:49:57,627][com.java.SeleniumDriver] [ 1240] - End time is-------2 min 13 sec
[INFO ][2015-12-21 14:49:57,627][com.java.SeleniumDriver] [ 1241] - The results are-------------------[28, 23, Settings : User Settings : Show dashboard on start page, Fail, 
Test case failed at Step No. :: 23   Error Message ::  Object :: +//div[@id="WidgetBodyPanel.0"]//tr//td   :: found which is NOT expected.. Screen Shot : D:\BankersDashboard\TestReports\122115\28_122115_144957_IE10.png, Mon Dec 21 14:49:57 IST 2015]
[DEBUG][2015-12-21 14:49:57,627][com.java.ImportnExport.ExportTestResultsExcel] [  222] - testResultPath = D:\BankersDashboard/TestReports/Test Results_BankersDashBoard_122115_144746_IE10_Bank of North Carolina.xls
[DEBUG][2015-12-21 14:49:57,627][com.java.ImportnExport.ExportTestResultsExcel] [  223] - browser is------------IE10
[DEBUG][2015-12-21 14:49:57,629][com.java.ImportnExport.ExportTestResultsExcel] [  270] - result.size() = 6
[DEBUG][2015-12-21 14:49:57,630][com.java.ImportnExport.ExportTestResultsExcel] [  274] - No of rows in sheet=2
[DEBUG][2015-12-21 14:49:57,630][com.java.ImportnExport.ExportTestResultsExcel] [  301] - ..in export..28
[DEBUG][2015-12-21 14:49:57,630][com.java.ImportnExport.ExportTestResultsExcel] [  301] - ..in export..Settings : User Settings : Show dashboard on start page
[DEBUG][2015-12-21 14:49:57,630][com.java.ImportnExport.ExportTestResultsExcel] [  301] - ..in export..Fail
[DEBUG][2015-12-21 14:49:57,630][com.java.ImportnExport.ExportTestResultsExcel] [  301] - ..in export..
Test case failed at Step No. :: 23   Error Message ::  Object :: +//div[@id="WidgetBodyPanel.0"]//tr//td   :: found which is NOT expected.. Screen Shot : D:\BankersDashboard\TestReports\122115\28_122115_144957_IE10.png
[DEBUG][2015-12-21 14:49:57,630][com.java.ImportnExport.ExportTestResultsExcel] [  301] - ..in export..Mon Dec 21 14:49:57 IST 2015
[INFO ][2015-12-21 14:49:57,631][com.java.SeleniumDriver] [ 1299] - out loop:1 size:2 TestCases:[1, 28] testcases:[1, 28]
[INFO ][2015-12-21 14:49:59,631][com.java.SeleniumDriver] [ 1342] - Total Number of Cases:2
[INFO ][2015-12-21 14:49:59,631][com.java.TemplateGenerator] [  302] - Executed:2
[INFO ][2015-12-21 14:49:59,631][com.java.TemplateGenerator] [  303] - Passed:1
[INFO ][2015-12-21 14:49:59,631][com.java.TemplateGenerator] [  304] - Failed:1
[INFO ][2015-12-21 14:49:59,633][com.java.TemplateGenerator] [  305] - Skipeed:0
[INFO ][2015-12-21 14:49:59,633][com.java.TemplateGenerator] [  306] - Application URL:https://clients-xuat.bankersdashboard.com
[INFO ][2015-12-21 14:49:59,633][com.java.TemplateGenerator] [  307] - Start Time:122115_144746
[INFO ][2015-12-21 14:49:59,633][com.java.TemplateGenerator] [  308] -  Creating HTML Report 
[ERROR][2015-12-21 14:49:59,634][com.java.TemplateGenerator] [  409] - Unparseable date: "Mon Dec 21 02:47:46 IST 2015"
[INFO ][2015-12-21 14:49:59,634][com.java.TemplateGenerator] [  654] -  Exporting case :: 1
[INFO ][2015-12-21 14:49:59,634][com.java.TemplateGenerator] [  654] -  Exporting case :: 28
[INFO ][2015-12-21 14:49:59,642][com.java.SeleniumDriver] [ 1391] - End Time:122115_144959
[INFO ][2015-12-21 14:49:59,642][com.java.SeleniumDriver] [ 1394] - Data in Test Execution Details:{1=PASS, 28=FAILTest case failed at Step No. :: 23   Error Message ::  Object :: +//div[@id="WidgetBodyPanel.0"]//tr//td   :: found which is NOT expected.}
[INFO ][2015-12-21 14:49:59,642][com.java.SeleniumDriver] [ 1395] - Data in Failed Execution Deatils:{}
[INFO ][2015-12-21 14:49:59,642][com.java.SeleniumDriver] [ 1397] - ReportCounter:Total:2 :: PASS: 1 ::FAIL: 1
[INFO ][2015-12-21 14:49:59,642][com.java.SeleniumDriver] [ 1398] - FailedReportCounter:Total:0 :: PASS: 0 ::FAIL: 0
[INFO ][2015-12-21 14:49:59,708][com.java.EmailTestReport] [   63] - Sending report mail details:
[INFO ][2015-12-21 14:49:59,708][com.java.EmailTestReport] [   80] - Excel Report Path:D:\BankersDashboard/TestReports/Test Results_BankersDashBoard_122115_144746_IE10_Bank of North Carolina.xls
[INFO ][2015-12-21 14:49:59,708][com.java.EmailTestReport] [   81] - HTML Report Path:D:\BankersDashboard//TestReports//Test Results_BankersDashBoard_122115_144746_IE10_Bank of North Carolina.html
[INFO ][2015-12-21 14:49:59,708][com.java.EmailTestReport] [   82] - smtpHostName:mail01.valuelabs.com
[INFO ][2015-12-21 14:49:59,708][com.java.EmailTestReport] [   83] - Recipient:venkateswararao.gubbala@valuelabs.com;
[INFO ][2015-12-21 14:49:59,708][com.java.EmailTestReport] [   84] - From:venkateswararao.gubbala@valuelabs.com;
[INFO ][2015-12-21 14:49:59,709][com.java.EmailTestReport] [   85] - Subject:Deluxe Corp Bankers Dashboard Automation Test Report - Bank of North Carolina - IE10
[INFO ][2015-12-21 14:49:59,726][com.java.EmailTestReport] [  143] -  Added venkateswararao.gubbala@valuelabs.com
[INFO ][2015-12-21 14:50:03,339][com.java.SeleniumDriver] [  720] - quitting the browser 
[INFO ][2015-12-21 14:50:04,746][com.java.SeleniumDriver] [  264] - Execution Completed Stopping the thread
