[INFO ][2015-11-12 12:30:55,049][com.java.SeleniumDriver] [  213] - Execute Failed Casesfalse
[INFO ][2015-11-12 12:30:55,053][com.java.SeleniumDriver] [  214] - Browser: IE11
[INFO ][2015-11-12 12:30:55,053][com.java.SeleniumDriver] [  215] - [1, 3]
[INFO ][2015-11-12 12:30:55,053][com.java.SeleniumDriver] [  216] - Total TestCases:2
[INFO ][2015-11-12 12:30:55,053][com.java.SeleniumDriver] [  217] -  Reading Properties from Property File 
[DEBUG][2015-11-12 12:30:55,054][com.java.SeleniumDriver] [  238] - url : https://clients-xuat.bankersdashboard.com
[INFO ][2015-11-12 12:30:55,055][com.java.ImportnExport.ExportTestResultsExcel] [  116] - Time Stamp Thu Nov 12 12:30:55 IST 2015
[INFO ][2015-11-12 12:30:55,055][com.java.ImportnExport.ExportTestResultsExcel] [  175] - OUT FILE : D:\BankersDashboard/TestReports/Test Results_BankersDashBoard_111215_123055_IE11_Any Bank USA.xls
[INFO ][2015-11-12 12:30:55,084][com.java.ImportnExport.ExportTestResultsExcel] [  180] - Test Result file is created
[DEBUG][2015-11-12 12:30:55,185][com.java.SeleniumDriver] [  425] - Hub ip address is-------172.17.68.34
[INFO ][2015-11-12 12:30:55,186][com.java.SeleniumDriver] [  451] - Grid URL:http://172.17.68.34:4444/wd/hub
[INFO ][2015-11-12 12:30:55,186][com.java.SeleniumDriver] [  452] - Capability:Capabilities [{platform=ANY, ensureCleanSession=true, ignoreProtectedModeSettings=true, acceptSslCerts=true, ignoreZoomSetting=true, browserName=internet explorer, browserstack.ie.noFlash=true, version=Node1}]
[ERROR][2015-11-12 12:30:56,480][com.java.SeleniumDriver] [  496] - Unable invoke browser in grid:Could not start a new session. Possible causes are invalid address of the remote server or browser start-up failure.
Build info: version: '2.48.2', revision: '41bccdd', time: '2015-10-09 19:59:12'
System info: host: 'FVTIII438F1D', ip: '172.17.68.34', os.name: 'Windows 7', os.arch: 'x86', os.version: '6.1', java.version: '1.7.0_55'
Driver info: driver.version: SeleniumDriver
[INFO ][2015-11-12 12:30:56,480][com.java.SeleniumDriver] [  498] - Executing on local machine
[INFO ][2015-11-12 12:31:05,858][com.java.SeleniumDriver] [  248] - IE11is opened
[INFO ][2015-11-12 12:31:06,705][com.java.SeleniumDriver] [  753] - Test cases to be executed are: [1, 3]
[INFO ][2015-11-12 12:31:06,721][com.java.ImportnExport.ImportTestDataDetailsExcel] [   49] - test data details path===== D:\BankersDashboard\TestInputs\TestData.xls
[INFO ][2015-11-12 12:31:06,766][com.java.SeleniumDriver] [  796] - ------------------------------------------
[INFO ][2015-11-12 12:31:06,766][com.java.SeleniumDriver] [  797] - Test case being Executed: 1
[INFO ][2015-11-12 12:31:06,766][com.java.SeleniumDriver] [  808] - Test step:1
[INFO ][2015-11-12 12:31:06,766][com.java.SeleniumDriver] [  820] - Datavalue is----------Concept#1:1-14
[INFO ][2015-11-12 12:31:06,766][com.java.SeleniumDriver] [  844] - DataField : test
[INFO ][2015-11-12 12:31:06,767][com.java.SeleniumDriver] [  846] - DataValue : Concept#1:1-14
[INFO ][2015-11-12 12:31:06,767][com.java.SeleniumDriver] [  852] - <In Set values of the page>
[INFO ][2015-11-12 12:31:06,767][com.java.SeleniumDriver] [  855] - {Data Fields & Data Values Exist}
[INFO ][2015-11-12 12:31:06,767][com.java.SeleniumDriver] [  857] - --------------------------setting values-----------------------------
[INFO ][2015-11-12 12:31:06,767][com.java.SeleniumDriver] [  860] - Action Type : ExecuteTestCase
[INFO ][2015-11-12 12:31:06,783][com.java.TestType] [  423] - The Concept sheet name is ---------- Concept
[INFO ][2015-11-12 12:31:06,783][com.java.TestType] [  426] - The Concept ID  is ---------- 1
[DEBUG][2015-11-12 12:31:06,783][com.java.TestType] [  430] - Steps being executted in the Concept are: 1:14
[INFO ][2015-11-12 12:31:06,783][com.java.TestType] [  437] - Test data details path ---------- D:\BankersDashboard\TestInputs\TestData.xls
[INFO ][2015-11-12 12:31:06,817][com.java.TestType] [  468] -  str(1) = 1
[INFO ][2015-11-12 12:31:06,818][com.java.TestType] [  471] - Test case Id is---1
[INFO ][2015-11-12 12:31:06,818][com.java.TestType] [  473] - 1
[INFO ][2015-11-12 12:31:06,818][com.java.TestType] [  468] -  str(2) = 1
[INFO ][2015-11-12 12:31:06,820][com.java.TestType] [  520] - row values are--------{1=com.java.Objects.TestDataDetails@1e43267}
[INFO ][2015-11-12 12:31:06,820][com.java.TestType] [  468] -  str(1) = 1
[INFO ][2015-11-12 12:31:06,820][com.java.TestType] [  471] - Test case Id is---1
[INFO ][2015-11-12 12:31:06,821][com.java.TestType] [  473] - 1
[INFO ][2015-11-12 12:31:06,821][com.java.TestType] [  468] -  str(2) = 2
[INFO ][2015-11-12 12:31:06,822][com.java.TestType] [  520] - row values are--------{1=com.java.Objects.TestDataDetails@1e43267, 2=com.java.Objects.TestDataDetails@7aa43b}
[INFO ][2015-11-12 12:31:06,822][com.java.TestType] [  468] -  str(1) = 1
[INFO ][2015-11-12 12:31:06,822][com.java.TestType] [  471] - Test case Id is---1
[INFO ][2015-11-12 12:31:06,822][com.java.TestType] [  473] - 1
[INFO ][2015-11-12 12:31:06,823][com.java.TestType] [  468] -  str(2) = 3
[INFO ][2015-11-12 12:31:06,825][com.java.TestType] [  520] - row values are--------{1=com.java.Objects.TestDataDetails@1e43267, 2=com.java.Objects.TestDataDetails@7aa43b, 3=com.java.Objects.TestDataDetails@1bc6f41}
[INFO ][2015-11-12 12:31:06,825][com.java.TestType] [  468] -  str(1) = 1
[INFO ][2015-11-12 12:31:06,825][com.java.TestType] [  471] - Test case Id is---1
[INFO ][2015-11-12 12:31:06,825][com.java.TestType] [  473] - 1
[INFO ][2015-11-12 12:31:06,825][com.java.TestType] [  468] -  str(2) = 4
[INFO ][2015-11-12 12:31:06,828][com.java.TestType] [  520] - row values are--------{1=com.java.Objects.TestDataDetails@1e43267, 2=com.java.Objects.TestDataDetails@7aa43b, 3=com.java.Objects.TestDataDetails@1bc6f41, 4=com.java.Objects.TestDataDetails@8f3911}
[INFO ][2015-11-12 12:31:06,828][com.java.TestType] [  468] -  str(1) = 1
[INFO ][2015-11-12 12:31:06,828][com.java.TestType] [  471] - Test case Id is---1
[INFO ][2015-11-12 12:31:06,828][com.java.TestType] [  473] - 1
[INFO ][2015-11-12 12:31:06,829][com.java.TestType] [  468] -  str(2) = 5
[INFO ][2015-11-12 12:31:06,829][com.java.TestType] [  520] - row values are--------{1=com.java.Objects.TestDataDetails@1e43267, 2=com.java.Objects.TestDataDetails@7aa43b, 3=com.java.Objects.TestDataDetails@1bc6f41, 4=com.java.Objects.TestDataDetails@8f3911, 5=com.java.Objects.TestDataDetails@1d66cd}
[INFO ][2015-11-12 12:31:06,830][com.java.TestType] [  468] -  str(1) = 1
[INFO ][2015-11-12 12:31:06,830][com.java.TestType] [  471] - Test case Id is---1
[INFO ][2015-11-12 12:31:06,830][com.java.TestType] [  473] - 1
[INFO ][2015-11-12 12:31:06,830][com.java.TestType] [  468] -  str(2) = 6
[INFO ][2015-11-12 12:31:06,831][com.java.TestType] [  520] - row values are--------{1=com.java.Objects.TestDataDetails@1e43267, 2=com.java.Objects.TestDataDetails@7aa43b, 3=com.java.Objects.TestDataDetails@1bc6f41, 4=com.java.Objects.TestDataDetails@8f3911, 5=com.java.Objects.TestDataDetails@1d66cd, 6=com.java.Objects.TestDataDetails@1dd51a7}
[INFO ][2015-11-12 12:31:06,831][com.java.TestType] [  468] -  str(1) = 1
[INFO ][2015-11-12 12:31:06,831][com.java.TestType] [  471] - Test case Id is---1
[INFO ][2015-11-12 12:31:06,831][com.java.TestType] [  473] - 1
[INFO ][2015-11-12 12:31:06,831][com.java.TestType] [  468] -  str(2) = 7
[INFO ][2015-11-12 12:31:06,832][com.java.TestType] [  520] - row values are--------{1=com.java.Objects.TestDataDetails@1e43267, 2=com.java.Objects.TestDataDetails@7aa43b, 3=com.java.Objects.TestDataDetails@1bc6f41, 4=com.java.Objects.TestDataDetails@8f3911, 5=com.java.Objects.TestDataDetails@1d66cd, 6=com.java.Objects.TestDataDetails@1dd51a7, 7=com.java.Objects.TestDataDetails@1632866}
[INFO ][2015-11-12 12:31:06,832][com.java.TestType] [  468] -  str(1) = 1
[INFO ][2015-11-12 12:31:06,832][com.java.TestType] [  471] - Test case Id is---1
[INFO ][2015-11-12 12:31:06,832][com.java.TestType] [  473] - 1
[INFO ][2015-11-12 12:31:06,832][com.java.TestType] [  468] -  str(2) = 8
[INFO ][2015-11-12 12:31:06,833][com.java.TestType] [  520] - row values are--------{1=com.java.Objects.TestDataDetails@1e43267, 2=com.java.Objects.TestDataDetails@7aa43b, 3=com.java.Objects.TestDataDetails@1bc6f41, 4=com.java.Objects.TestDataDetails@8f3911, 5=com.java.Objects.TestDataDetails@1d66cd, 6=com.java.Objects.TestDataDetails@1dd51a7, 7=com.java.Objects.TestDataDetails@1632866, 8=com.java.Objects.TestDataDetails@1b6d37d}
[INFO ][2015-11-12 12:31:06,833][com.java.TestType] [  468] -  str(1) = 1
[INFO ][2015-11-12 12:31:06,833][com.java.TestType] [  471] - Test case Id is---1
[INFO ][2015-11-12 12:31:06,833][com.java.TestType] [  473] - 1
[INFO ][2015-11-12 12:31:06,833][com.java.TestType] [  468] -  str(2) = 9
[INFO ][2015-11-12 12:31:06,834][com.java.TestType] [  520] - row values are--------{1=com.java.Objects.TestDataDetails@1e43267, 2=com.java.Objects.TestDataDetails@7aa43b, 3=com.java.Objects.TestDataDetails@1bc6f41, 4=com.java.Objects.TestDataDetails@8f3911, 5=com.java.Objects.TestDataDetails@1d66cd, 6=com.java.Objects.TestDataDetails@1dd51a7, 7=com.java.Objects.TestDataDetails@1632866, 8=com.java.Objects.TestDataDetails@1b6d37d, 9=com.java.Objects.TestDataDetails@1ed25db}
[INFO ][2015-11-12 12:31:06,834][com.java.TestType] [  468] -  str(1) = 1
[INFO ][2015-11-12 12:31:06,834][com.java.TestType] [  471] - Test case Id is---1
[INFO ][2015-11-12 12:31:06,834][com.java.TestType] [  473] - 1
[INFO ][2015-11-12 12:31:06,835][com.java.TestType] [  468] -  str(2) = 10
[INFO ][2015-11-12 12:31:06,837][com.java.TestType] [  520] - row values are--------{1=com.java.Objects.TestDataDetails@1e43267, 2=com.java.Objects.TestDataDetails@7aa43b, 3=com.java.Objects.TestDataDetails@1bc6f41, 4=com.java.Objects.TestDataDetails@8f3911, 5=com.java.Objects.TestDataDetails@1d66cd, 6=com.java.Objects.TestDataDetails@1dd51a7, 7=com.java.Objects.TestDataDetails@1632866, 8=com.java.Objects.TestDataDetails@1b6d37d, 9=com.java.Objects.TestDataDetails@1ed25db, 10=com.java.Objects.TestDataDetails@4b0059}
[INFO ][2015-11-12 12:31:06,837][com.java.TestType] [  468] -  str(1) = 1
[INFO ][2015-11-12 12:31:06,837][com.java.TestType] [  471] - Test case Id is---1
[INFO ][2015-11-12 12:31:06,837][com.java.TestType] [  473] - 1
[INFO ][2015-11-12 12:31:06,837][com.java.TestType] [  468] -  str(2) = 11
[INFO ][2015-11-12 12:31:06,838][com.java.TestType] [  520] - row values are--------{1=com.java.Objects.TestDataDetails@1e43267, 2=com.java.Objects.TestDataDetails@7aa43b, 3=com.java.Objects.TestDataDetails@1bc6f41, 4=com.java.Objects.TestDataDetails@8f3911, 5=com.java.Objects.TestDataDetails@1d66cd, 6=com.java.Objects.TestDataDetails@1dd51a7, 7=com.java.Objects.TestDataDetails@1632866, 8=com.java.Objects.TestDataDetails@1b6d37d, 9=com.java.Objects.TestDataDetails@1ed25db, 10=com.java.Objects.TestDataDetails@4b0059, 11=com.java.Objects.TestDataDetails@18d0daa}
[INFO ][2015-11-12 12:31:06,839][com.java.TestType] [  468] -  str(1) = 1
[INFO ][2015-11-12 12:31:06,839][com.java.TestType] [  471] - Test case Id is---1
[INFO ][2015-11-12 12:31:06,839][com.java.TestType] [  473] - 1
[INFO ][2015-11-12 12:31:06,839][com.java.TestType] [  468] -  str(2) = 12
[INFO ][2015-11-12 12:31:06,840][com.java.TestType] [  520] - row values are--------{1=com.java.Objects.TestDataDetails@1e43267, 2=com.java.Objects.TestDataDetails@7aa43b, 3=com.java.Objects.TestDataDetails@1bc6f41, 4=com.java.Objects.TestDataDetails@8f3911, 5=com.java.Objects.TestDataDetails@1d66cd, 6=com.java.Objects.TestDataDetails@1dd51a7, 7=com.java.Objects.TestDataDetails@1632866, 8=com.java.Objects.TestDataDetails@1b6d37d, 9=com.java.Objects.TestDataDetails@1ed25db, 10=com.java.Objects.TestDataDetails@4b0059, 11=com.java.Objects.TestDataDetails@18d0daa, 12=com.java.Objects.TestDataDetails@12d8526}
[INFO ][2015-11-12 12:31:06,840][com.java.TestType] [  468] -  str(1) = 1
[INFO ][2015-11-12 12:31:06,840][com.java.TestType] [  471] - Test case Id is---1
[INFO ][2015-11-12 12:31:06,840][com.java.TestType] [  473] - 1
[INFO ][2015-11-12 12:31:06,840][com.java.TestType] [  468] -  str(2) = 13
[INFO ][2015-11-12 12:31:06,841][com.java.TestType] [  520] - row values are--------{1=com.java.Objects.TestDataDetails@1e43267, 2=com.java.Objects.TestDataDetails@7aa43b, 3=com.java.Objects.TestDataDetails@1bc6f41, 4=com.java.Objects.TestDataDetails@8f3911, 5=com.java.Objects.TestDataDetails@1d66cd, 6=com.java.Objects.TestDataDetails@1dd51a7, 7=com.java.Objects.TestDataDetails@1632866, 8=com.java.Objects.TestDataDetails@1b6d37d, 9=com.java.Objects.TestDataDetails@1ed25db, 10=com.java.Objects.TestDataDetails@4b0059, 11=com.java.Objects.TestDataDetails@18d0daa, 12=com.java.Objects.TestDataDetails@12d8526, 13=com.java.Objects.TestDataDetails@ccb1e}
[INFO ][2015-11-12 12:31:06,841][com.java.TestType] [  468] -  str(1) = 1
[INFO ][2015-11-12 12:31:06,841][com.java.TestType] [  471] - Test case Id is---1
[INFO ][2015-11-12 12:31:06,841][com.java.TestType] [  473] - 1
[INFO ][2015-11-12 12:31:06,841][com.java.TestType] [  468] -  str(2) = 14
[INFO ][2015-11-12 12:31:06,842][com.java.TestType] [  520] - row values are--------{1=com.java.Objects.TestDataDetails@1e43267, 2=com.java.Objects.TestDataDetails@7aa43b, 3=com.java.Objects.TestDataDetails@1bc6f41, 4=com.java.Objects.TestDataDetails@8f3911, 5=com.java.Objects.TestDataDetails@1d66cd, 6=com.java.Objects.TestDataDetails@1dd51a7, 7=com.java.Objects.TestDataDetails@1632866, 8=com.java.Objects.TestDataDetails@1b6d37d, 9=com.java.Objects.TestDataDetails@1ed25db, 10=com.java.Objects.TestDataDetails@4b0059, 11=com.java.Objects.TestDataDetails@18d0daa, 12=com.java.Objects.TestDataDetails@12d8526, 13=com.java.Objects.TestDataDetails@ccb1e, 14=com.java.Objects.TestDataDetails@ee5193}
[INFO ][2015-11-12 12:31:06,842][com.java.TestType] [ 8350] - Looping 1TCID = 1
[DEBUG][2015-11-12 12:31:06,842][com.java.TestType] [ 8391] - Concept ID:1 :: Step being Executed: 1::1
[INFO ][2015-11-12 12:31:06,842][com.java.TestType] [ 8429] - dataFields : TXTusername
[DEBUG][2015-11-12 12:31:06,842][com.java.TestType] [ 8435] - <In Set values of the page>
[DEBUG][2015-11-12 12:31:06,842][com.java.TestType] [ 8440] - {Data Fields & Data Values Exist}
[INFO ][2015-11-12 12:31:06,843][com.java.TestType] [ 8446] - --------------------------setting values-----------------------------
[INFO ][2015-11-12 12:31:06,843][com.java.TestType] [ 8449] - Action Type : CLEARANDENTER
[INFO ][2015-11-12 12:31:06,843][com.java.TestType] [ 4140] - value = naresh.nayini.00000
[INFO ][2015-11-12 12:31:11,662][com.java.TestType] [ 8468] -  RESULT true
[INFO ][2015-11-12 12:31:11,662][com.java.TestType] [ 8585] - ?   P A S S   ?
[DEBUG][2015-11-12 12:31:11,663][com.java.TestType] [ 8391] - Concept ID:1 :: Step being Executed: 1::2
[INFO ][2015-11-12 12:31:11,663][com.java.TestType] [ 8429] - dataFields : TXTpassword
[DEBUG][2015-11-12 12:31:11,663][com.java.TestType] [ 8435] - <In Set values of the page>
[DEBUG][2015-11-12 12:31:11,663][com.java.TestType] [ 8440] - {Data Fields & Data Values Exist}
[INFO ][2015-11-12 12:31:11,663][com.java.TestType] [ 8446] - --------------------------setting values-----------------------------
[INFO ][2015-11-12 12:31:11,663][com.java.TestType] [ 8449] - Action Type : CLEARANDENTER
[INFO ][2015-11-12 12:31:11,663][com.java.TestType] [ 4140] - value = Password1*
[INFO ][2015-11-12 12:31:16,568][com.java.TestType] [ 8468] -  RESULT true
[INFO ][2015-11-12 12:31:16,568][com.java.TestType] [ 8585] - ?   P A S S   ?
[DEBUG][2015-11-12 12:31:16,568][com.java.TestType] [ 8391] - Concept ID:1 :: Step being Executed: 1::3
[ERROR][2015-11-12 12:31:16,568][com.java.TestType] [ 8424] - Exception: null
[INFO ][2015-11-12 12:31:16,569][com.java.TestType] [ 8429] - dataFields : XPH//button[@type='submit']
[DEBUG][2015-11-12 12:31:16,569][com.java.TestType] [ 8435] - <In Set values of the page>
[DEBUG][2015-11-12 12:31:16,569][com.java.TestType] [ 8440] - {Data Fields & Data Values Exist}
[INFO ][2015-11-12 12:31:16,569][com.java.TestType] [ 8446] - --------------------------setting values-----------------------------
[INFO ][2015-11-12 12:31:16,569][com.java.TestType] [ 8449] - Action Type : Click
[INFO ][2015-11-12 12:31:16,569][com.java.TestType] [ 4453] - Field ::XPH//button[@type='submit']
[INFO ][2015-11-12 12:31:17,569][com.java.TestType] [ 4512] - BEFORE CLICK
[INFO ][2015-11-12 12:31:18,435][com.java.TestType] [ 4520] - Unable to click the object Login
[INFO ][2015-11-12 12:31:18,435][com.java.TestType] [ 8468] -  RESULT true
[INFO ][2015-11-12 12:31:18,435][com.java.TestType] [ 8585] - ?   P A S S   ?
[DEBUG][2015-11-12 12:31:18,435][com.java.TestType] [ 8391] - Concept ID:1 :: Step being Executed: 1::4
[INFO ][2015-11-12 12:31:18,435][com.java.TestType] [ 8429] - dataFields : LNKLogout
[DEBUG][2015-11-12 12:31:18,435][com.java.TestType] [ 8435] - <In Set values of the page>
[DEBUG][2015-11-12 12:31:18,435][com.java.TestType] [ 8440] - {Data Fields & Data Values Exist}
[INFO ][2015-11-12 12:31:18,435][com.java.TestType] [ 8446] - --------------------------setting values-----------------------------
[INFO ][2015-11-12 12:31:18,435][com.java.TestType] [ 8449] - Action Type : WaitForElement
[INFO ][2015-11-12 12:31:23,533][com.java.TestType] [ 8468] -  RESULT true
[INFO ][2015-11-12 12:31:23,533][com.java.TestType] [ 8585] - ?   P A S S   ?
[DEBUG][2015-11-12 12:31:23,533][com.java.TestType] [ 8391] - Concept ID:1 :: Step being Executed: 1::13
[INFO ][2015-11-12 12:31:23,533][com.java.TestType] [ 8429] - dataFields : LNK
[DEBUG][2015-11-12 12:31:23,533][com.java.TestType] [ 8435] - <In Set values of the page>
[DEBUG][2015-11-12 12:31:23,533][com.java.TestType] [ 8440] - {Data Fields & Data Values Exist}
[INFO ][2015-11-12 12:31:23,533][com.java.TestType] [ 8446] - --------------------------setting values-----------------------------
[INFO ][2015-11-12 12:31:23,533][com.java.TestType] [ 8449] - Action Type : Verify
[INFO ][2015-11-12 12:31:23,534][com.java.TestType] [ 5247] - field= LNK value= Logout
[INFO ][2015-11-12 12:31:23,534][com.java.TestType] [ 4140] - value = Logout
[INFO ][2015-11-12 12:31:23,570][com.java.TestType] [ 8468] -  RESULT true
[INFO ][2015-11-12 12:31:23,570][com.java.TestType] [ 8585] - ?   P A S S   ?
[DEBUG][2015-11-12 12:31:23,570][com.java.TestType] [ 8391] - Concept ID:1 :: Step being Executed: 1::14
[INFO ][2015-11-12 12:31:23,570][com.java.TestType] [ 8429] - dataFields : BTN
[DEBUG][2015-11-12 12:31:23,570][com.java.TestType] [ 8435] - <In Set values of the page>
[DEBUG][2015-11-12 12:31:23,570][com.java.TestType] [ 8440] - {Data Fields & Data Values Exist}
[INFO ][2015-11-12 12:31:23,570][com.java.TestType] [ 8446] - --------------------------setting values-----------------------------
[INFO ][2015-11-12 12:31:23,570][com.java.TestType] [ 8449] - Action Type : Verify
[INFO ][2015-11-12 12:31:23,570][com.java.TestType] [ 5247] - field= BTN value= //img[contains(@src,'bdlogo.jpg')]
[INFO ][2015-11-12 12:31:23,571][com.java.TestType] [ 4140] - value = //img[contains(@src,'bdlogo.jpg')]
[INFO ][2015-11-12 12:31:23,603][com.java.TestType] [ 8468] -  RESULT true
[INFO ][2015-11-12 12:31:23,603][com.java.TestType] [ 8585] - ?   P A S S   ?
[INFO ][2015-11-12 12:31:23,603][com.java.TestType] [ 8656] - Looping End......
[INFO ][2015-11-12 12:31:23,608][com.java.SeleniumDriver] [  869] -  RESULT true
[INFO ][2015-11-12 12:31:23,608][com.java.SeleniumDriver] [ 1074] - ?   P A S S   ?
[INFO ][2015-11-12 12:31:23,609][com.java.SeleniumDriver] [  796] - ------------------------------------------
[INFO ][2015-11-12 12:31:23,609][com.java.SeleniumDriver] [  797] - Test case being Executed: 1
[INFO ][2015-11-12 12:31:23,609][com.java.SeleniumDriver] [  808] - Test step:2
[INFO ][2015-11-12 12:31:23,609][com.java.SeleniumDriver] [  820] - Datavalue is----------Concept#2:1-2
[INFO ][2015-11-12 12:31:23,609][com.java.SeleniumDriver] [  844] - DataField : test
[INFO ][2015-11-12 12:31:23,609][com.java.SeleniumDriver] [  846] - DataValue : Concept#2:1-2
[INFO ][2015-11-12 12:31:23,609][com.java.SeleniumDriver] [  852] - <In Set values of the page>
[INFO ][2015-11-12 12:31:23,609][com.java.SeleniumDriver] [  855] - {Data Fields & Data Values Exist}
[INFO ][2015-11-12 12:31:23,609][com.java.SeleniumDriver] [  857] - --------------------------setting values-----------------------------
[INFO ][2015-11-12 12:31:23,609][com.java.SeleniumDriver] [  860] - Action Type : ExecuteTestCase
[INFO ][2015-11-12 12:31:23,610][com.java.TestType] [  423] - The Concept sheet name is ---------- Concept
[INFO ][2015-11-12 12:31:23,610][com.java.TestType] [  426] - The Concept ID  is ---------- 2
[DEBUG][2015-11-12 12:31:23,610][com.java.TestType] [  430] - Steps being executted in the Concept are: 1:2
[INFO ][2015-11-12 12:31:23,610][com.java.TestType] [  437] - Test data details path ---------- D:\BankersDashboard\TestInputs\TestData.xls
[INFO ][2015-11-12 12:31:23,639][com.java.TestType] [  468] -  str(1) = 2
[INFO ][2015-11-12 12:31:23,639][com.java.TestType] [  471] - Test case Id is---2
[INFO ][2015-11-12 12:31:23,639][com.java.TestType] [  473] - 2
[INFO ][2015-11-12 12:31:23,639][com.java.TestType] [  468] -  str(2) = 1
[INFO ][2015-11-12 12:31:23,641][com.java.TestType] [  520] - row values are--------{1=com.java.Objects.TestDataDetails@60fae8}
[INFO ][2015-11-12 12:31:23,641][com.java.TestType] [  468] -  str(1) = 2
[INFO ][2015-11-12 12:31:23,641][com.java.TestType] [  471] - Test case Id is---2
[INFO ][2015-11-12 12:31:23,641][com.java.TestType] [  473] - 2
[INFO ][2015-11-12 12:31:23,641][com.java.TestType] [  468] -  str(2) = 2
[INFO ][2015-11-12 12:31:23,642][com.java.TestType] [  520] - row values are--------{1=com.java.Objects.TestDataDetails@60fae8, 2=com.java.Objects.TestDataDetails@432395}
[INFO ][2015-11-12 12:31:23,642][com.java.TestType] [  468] -  str(1) = 2
[INFO ][2015-11-12 12:31:23,642][com.java.TestType] [  471] - Test case Id is---2
[INFO ][2015-11-12 12:31:23,642][com.java.TestType] [  473] - 2
[INFO ][2015-11-12 12:31:23,642][com.java.TestType] [  468] -  str(2) = 3
[INFO ][2015-11-12 12:31:23,643][com.java.TestType] [  520] - row values are--------{1=com.java.Objects.TestDataDetails@60fae8, 2=com.java.Objects.TestDataDetails@432395, 3=com.java.Objects.TestDataDetails@427a0b}
[INFO ][2015-11-12 12:31:23,643][com.java.TestType] [ 8350] - Looping 1TCID = 2
[DEBUG][2015-11-12 12:31:23,644][com.java.TestType] [ 8391] - Concept ID:2 :: Step being Executed: 2::1
[INFO ][2015-11-12 12:31:23,644][com.java.TestType] [ 8429] - dataFields : BNK//select[@id='bank']
[DEBUG][2015-11-12 12:31:23,644][com.java.TestType] [ 8435] - <In Set values of the page>
[DEBUG][2015-11-12 12:31:23,644][com.java.TestType] [ 8440] - {Data Fields & Data Values Exist}
[INFO ][2015-11-12 12:31:23,644][com.java.TestType] [ 8446] - --------------------------setting values-----------------------------
[INFO ][2015-11-12 12:31:23,644][com.java.TestType] [ 8449] - Action Type : Select
[INFO ][2015-11-12 12:31:23,644][com.java.TestType] [ 4140] - value = PFC
[INFO ][2015-11-12 12:31:23,830][com.java.TestType] [ 8468] -  RESULT true
[INFO ][2015-11-12 12:31:23,830][com.java.TestType] [ 8585] - ?   P A S S   ?
[DEBUG][2015-11-12 12:31:23,830][com.java.TestType] [ 8391] - Concept ID:2 :: Step being Executed: 2::2
[INFO ][2015-11-12 12:31:23,831][com.java.TestType] [ 8429] - dataFields : LNKLogout
[DEBUG][2015-11-12 12:31:23,831][com.java.TestType] [ 8435] - <In Set values of the page>
[DEBUG][2015-11-12 12:31:23,831][com.java.TestType] [ 8440] - {Data Fields & Data Values Exist}
[INFO ][2015-11-12 12:31:23,831][com.java.TestType] [ 8446] - --------------------------setting values-----------------------------
[INFO ][2015-11-12 12:31:23,831][com.java.TestType] [ 8449] - Action Type : WaitTime
[DEBUG][2015-11-12 12:31:23,831][com.java.TestType] [ 3975] - sleepTime: 5000
[INFO ][2015-11-12 12:31:28,831][com.java.TestType] [ 8468] -  RESULT true
[INFO ][2015-11-12 12:31:28,831][com.java.TestType] [ 8585] - ?   P A S S   ?
[INFO ][2015-11-12 12:31:28,831][com.java.TestType] [ 8656] - Looping End......
[INFO ][2015-11-12 12:31:28,835][com.java.SeleniumDriver] [  869] -  RESULT true
[INFO ][2015-11-12 12:31:28,835][com.java.SeleniumDriver] [ 1074] - ?   P A S S   ?
[INFO ][2015-11-12 12:31:28,835][com.java.SeleniumDriver] [  796] - ------------------------------------------
[INFO ][2015-11-12 12:31:28,835][com.java.SeleniumDriver] [  797] - Test case being Executed: 1
[INFO ][2015-11-12 12:31:28,835][com.java.SeleniumDriver] [  808] - Test step:3
[INFO ][2015-11-12 12:31:28,835][com.java.SeleniumDriver] [  820] - Datavalue is----------2
[INFO ][2015-11-12 12:31:28,835][com.java.SeleniumDriver] [  844] - DataField : XPH//button[contains(text(),'Add Content')]
[INFO ][2015-11-12 12:31:28,835][com.java.SeleniumDriver] [  846] - DataValue : 2
[INFO ][2015-11-12 12:31:28,835][com.java.SeleniumDriver] [  852] - <In Set values of the page>
[INFO ][2015-11-12 12:31:28,835][com.java.SeleniumDriver] [  855] - {Data Fields & Data Values Exist}
[INFO ][2015-11-12 12:31:28,835][com.java.SeleniumDriver] [  857] - --------------------------setting values-----------------------------
[INFO ][2015-11-12 12:31:28,835][com.java.SeleniumDriver] [  860] - Action Type : WAITFORELEMENT
[INFO ][2015-11-12 12:31:28,879][com.java.SeleniumDriver] [  869] -  RESULT true
[INFO ][2015-11-12 12:31:28,879][com.java.SeleniumDriver] [ 1074] - ?   P A S S   ?
[DEBUG][2015-11-12 12:31:28,879][com.java.SeleniumDriver] [ 1176] - Case found
[DEBUG][2015-11-12 12:31:28,879][com.java.SeleniumDriver] [ 1181] - Incrementing ReportCounters[0]:1
[INFO ][2015-11-12 12:31:28,879][com.java.SeleniumDriver] [ 1200] - The results are-------------------[1, 1, Valid Login, Pass, , Thu Nov 12 12:31:23 IST 2015, 1, 2, Valid Login, Pass, , Thu Nov 12 12:31:28 IST 2015, 1, 3, Valid Login, Pass, , Thu Nov 12 12:31:28 IST 2015]
[INFO ][2015-11-12 12:31:28,879][com.java.SeleniumDriver] [ 1204] - End time is-------36 sec
[INFO ][2015-11-12 12:31:28,879][com.java.SeleniumDriver] [ 1205] - The results are-------------------[1, 1, Valid Login, Pass, , Thu Nov 12 12:31:23 IST 2015, 1, 2, Valid Login, Pass, , Thu Nov 12 12:31:28 IST 2015, 1, 3, Valid Login, Pass, , Thu Nov 12 12:31:28 IST 2015]
[DEBUG][2015-11-12 12:31:28,879][com.java.ImportnExport.ExportTestResultsExcel] [  222] - testResultPath = D:\BankersDashboard/TestReports/Test Results_BankersDashBoard_111215_123055_IE11_Any Bank USA.xls
[DEBUG][2015-11-12 12:31:28,880][com.java.ImportnExport.ExportTestResultsExcel] [  223] - browser is------------IE11
[DEBUG][2015-11-12 12:31:28,924][com.java.ImportnExport.ExportTestResultsExcel] [  270] - result.size() = 18
[DEBUG][2015-11-12 12:31:28,924][com.java.ImportnExport.ExportTestResultsExcel] [  274] - No of rows in sheet=1
[DEBUG][2015-11-12 12:31:28,924][com.java.ImportnExport.ExportTestResultsExcel] [  301] - ..in export..1
[DEBUG][2015-11-12 12:31:28,924][com.java.ImportnExport.ExportTestResultsExcel] [  301] - ..in export..Valid Login
[DEBUG][2015-11-12 12:31:28,925][com.java.ImportnExport.ExportTestResultsExcel] [  301] - ..in export..Pass
[DEBUG][2015-11-12 12:31:28,925][com.java.ImportnExport.ExportTestResultsExcel] [  301] - ..in export..
[DEBUG][2015-11-12 12:31:28,925][com.java.ImportnExport.ExportTestResultsExcel] [  301] - ..in export..Thu Nov 12 12:31:23 IST 2015
[INFO ][2015-11-12 12:31:28,926][com.java.SeleniumDriver] [ 1263] - out loop:0 size:2 TestCases:[1, 3] testcases:[1, 3]
[INFO ][2015-11-12 12:31:28,926][com.java.ImportnExport.ImportTestDataDetailsExcel] [   49] - test data details path===== D:\BankersDashboard\TestInputs\TestData.xls
[INFO ][2015-11-12 12:31:46,348][com.java.SeleniumDriver] [  796] - ------------------------------------------
[INFO ][2015-11-12 12:31:46,348][com.java.SeleniumDriver] [  797] - Test case being Executed: 3
[INFO ][2015-11-12 12:31:46,348][com.java.SeleniumDriver] [  808] - Test step:1
[INFO ][2015-11-12 12:31:46,348][com.java.SeleniumDriver] [  820] - Datavalue is----------Logout
[INFO ][2015-11-12 12:31:46,348][com.java.SeleniumDriver] [  844] - DataField : BTN
[INFO ][2015-11-12 12:31:46,348][com.java.SeleniumDriver] [  846] - DataValue : Logout
[INFO ][2015-11-12 12:31:46,348][com.java.SeleniumDriver] [  852] - <In Set values of the page>
[INFO ][2015-11-12 12:31:46,348][com.java.SeleniumDriver] [  855] - {Data Fields & Data Values Exist}
[INFO ][2015-11-12 12:31:46,348][com.java.SeleniumDriver] [  857] - --------------------------setting values-----------------------------
[INFO ][2015-11-12 12:31:46,348][com.java.SeleniumDriver] [  860] - Action Type : Verify
[INFO ][2015-11-12 12:31:46,348][com.java.TestType] [ 5247] - field= BTN value= Logout
[INFO ][2015-11-12 12:31:46,348][com.java.TestType] [ 4140] - value = Logout
[INFO ][2015-11-12 12:31:46,392][com.java.SeleniumDriver] [  869] -  RESULT true
[INFO ][2015-11-12 12:31:46,392][com.java.SeleniumDriver] [ 1074] - ?   P A S S   ?
[INFO ][2015-11-12 12:31:46,392][com.java.SeleniumDriver] [ 1116] - step change to 3
[INFO ][2015-11-12 12:31:46,392][com.java.SeleniumDriver] [  796] - ------------------------------------------
[INFO ][2015-11-12 12:31:46,392][com.java.SeleniumDriver] [  797] - Test case being Executed: 3
[INFO ][2015-11-12 12:31:46,392][com.java.SeleniumDriver] [  808] - Test step:3
[INFO ][2015-11-12 12:31:46,392][com.java.SeleniumDriver] [  820] - Datavalue is----------Concept#2:1-2
[INFO ][2015-11-12 12:31:46,392][com.java.SeleniumDriver] [  844] - DataField : test
[INFO ][2015-11-12 12:31:46,392][com.java.SeleniumDriver] [  846] - DataValue : Concept#2:1-2
[INFO ][2015-11-12 12:31:46,392][com.java.SeleniumDriver] [  852] - <In Set values of the page>
[INFO ][2015-11-12 12:31:46,393][com.java.SeleniumDriver] [  855] - {Data Fields & Data Values Exist}
[INFO ][2015-11-12 12:31:46,393][com.java.SeleniumDriver] [  857] - --------------------------setting values-----------------------------
[INFO ][2015-11-12 12:31:46,393][com.java.SeleniumDriver] [  860] - Action Type : ExecuteTestCase
[INFO ][2015-11-12 12:31:46,393][com.java.TestType] [  423] - The Concept sheet name is ---------- Concept
[INFO ][2015-11-12 12:31:46,393][com.java.TestType] [  426] - The Concept ID  is ---------- 2
[DEBUG][2015-11-12 12:31:46,393][com.java.TestType] [  430] - Steps being executted in the Concept are: 1:2
[INFO ][2015-11-12 12:31:46,393][com.java.TestType] [  437] - Test data details path ---------- D:\BankersDashboard\TestInputs\TestData.xls
[INFO ][2015-11-12 12:31:46,422][com.java.TestType] [  468] -  str(1) = 2
[INFO ][2015-11-12 12:31:46,422][com.java.TestType] [  471] - Test case Id is---2
[INFO ][2015-11-12 12:31:46,422][com.java.TestType] [  473] - 2
[INFO ][2015-11-12 12:31:46,422][com.java.TestType] [  468] -  str(2) = 1
[INFO ][2015-11-12 12:31:46,423][com.java.TestType] [  520] - row values are--------{1=com.java.Objects.TestDataDetails@bf9988}
[INFO ][2015-11-12 12:31:46,423][com.java.TestType] [  468] -  str(1) = 2
[INFO ][2015-11-12 12:31:46,424][com.java.TestType] [  471] - Test case Id is---2
[INFO ][2015-11-12 12:31:46,424][com.java.TestType] [  473] - 2
[INFO ][2015-11-12 12:31:46,424][com.java.TestType] [  468] -  str(2) = 2
[INFO ][2015-11-12 12:31:46,424][com.java.TestType] [  520] - row values are--------{1=com.java.Objects.TestDataDetails@bf9988, 2=com.java.Objects.TestDataDetails@ba638e}
[INFO ][2015-11-12 12:31:46,424][com.java.TestType] [  468] -  str(1) = 2
[INFO ][2015-11-12 12:31:46,424][com.java.TestType] [  471] - Test case Id is---2
[INFO ][2015-11-12 12:31:46,425][com.java.TestType] [  473] - 2
[INFO ][2015-11-12 12:31:46,425][com.java.TestType] [  468] -  str(2) = 3
[INFO ][2015-11-12 12:31:46,426][com.java.TestType] [  520] - row values are--------{1=com.java.Objects.TestDataDetails@bf9988, 2=com.java.Objects.TestDataDetails@ba638e, 3=com.java.Objects.TestDataDetails@271814}
[INFO ][2015-11-12 12:31:46,426][com.java.TestType] [ 8350] - Looping 1TCID = 2
[DEBUG][2015-11-12 12:31:46,426][com.java.TestType] [ 8391] - Concept ID:2 :: Step being Executed: 2::1
[INFO ][2015-11-12 12:31:46,426][com.java.TestType] [ 8429] - dataFields : BNK//select[@id='bank']
[DEBUG][2015-11-12 12:31:46,426][com.java.TestType] [ 8435] - <In Set values of the page>
[DEBUG][2015-11-12 12:31:46,426][com.java.TestType] [ 8440] - {Data Fields & Data Values Exist}
[INFO ][2015-11-12 12:31:46,426][com.java.TestType] [ 8446] - --------------------------setting values-----------------------------
[INFO ][2015-11-12 12:31:46,426][com.java.TestType] [ 8449] - Action Type : Select
[INFO ][2015-11-12 12:31:46,427][com.java.TestType] [ 4140] - value = PFC
[INFO ][2015-11-12 12:31:46,625][com.java.TestType] [ 8468] -  RESULT true
[INFO ][2015-11-12 12:31:46,625][com.java.TestType] [ 8585] - ?   P A S S   ?
[DEBUG][2015-11-12 12:31:46,625][com.java.TestType] [ 8391] - Concept ID:2 :: Step being Executed: 2::2
[INFO ][2015-11-12 12:31:46,625][com.java.TestType] [ 8429] - dataFields : LNKLogout
[DEBUG][2015-11-12 12:31:46,625][com.java.TestType] [ 8435] - <In Set values of the page>
[DEBUG][2015-11-12 12:31:46,625][com.java.TestType] [ 8440] - {Data Fields & Data Values Exist}
[INFO ][2015-11-12 12:31:46,625][com.java.TestType] [ 8446] - --------------------------setting values-----------------------------
[INFO ][2015-11-12 12:31:46,625][com.java.TestType] [ 8449] - Action Type : WaitTime
[DEBUG][2015-11-12 12:31:46,626][com.java.TestType] [ 3975] - sleepTime: 5000
[INFO ][2015-11-12 12:31:51,626][com.java.TestType] [ 8468] -  RESULT true
[INFO ][2015-11-12 12:31:51,626][com.java.TestType] [ 8585] - ?   P A S S   ?
[INFO ][2015-11-12 12:31:51,626][com.java.TestType] [ 8656] - Looping End......
[INFO ][2015-11-12 12:31:51,630][com.java.SeleniumDriver] [  869] -  RESULT true
[INFO ][2015-11-12 12:31:51,630][com.java.SeleniumDriver] [ 1074] - ?   P A S S   ?
[INFO ][2015-11-12 12:31:51,630][com.java.SeleniumDriver] [  796] - ------------------------------------------
[INFO ][2015-11-12 12:31:51,630][com.java.SeleniumDriver] [  797] - Test case being Executed: 3
[INFO ][2015-11-12 12:31:51,630][com.java.SeleniumDriver] [  808] - Test step:4
[INFO ][2015-11-12 12:31:51,630][com.java.SeleniumDriver] [  820] - Datavalue is----------2
[INFO ][2015-11-12 12:31:51,630][com.java.SeleniumDriver] [  844] - DataField : BTNG/L
[INFO ][2015-11-12 12:31:51,630][com.java.SeleniumDriver] [  846] - DataValue : 2
[INFO ][2015-11-12 12:31:51,630][com.java.SeleniumDriver] [  852] - <In Set values of the page>
[INFO ][2015-11-12 12:31:51,630][com.java.SeleniumDriver] [  855] - {Data Fields & Data Values Exist}
[INFO ][2015-11-12 12:31:51,631][com.java.SeleniumDriver] [  857] - --------------------------setting values-----------------------------
[INFO ][2015-11-12 12:31:51,631][com.java.SeleniumDriver] [  860] - Action Type : WAITFORELEMENT
[INFO ][2015-11-12 12:31:51,675][com.java.SeleniumDriver] [  869] -  RESULT true
[INFO ][2015-11-12 12:31:51,675][com.java.SeleniumDriver] [ 1074] - ?   P A S S   ?
[INFO ][2015-11-12 12:31:51,675][com.java.SeleniumDriver] [  796] - ------------------------------------------
[INFO ][2015-11-12 12:31:51,675][com.java.SeleniumDriver] [  797] - Test case being Executed: 3
[INFO ][2015-11-12 12:31:51,675][com.java.SeleniumDriver] [  808] - Test step:5
[INFO ][2015-11-12 12:31:51,675][com.java.SeleniumDriver] [  820] - Datavalue is----------null
[DEBUG][2015-11-12 12:31:51,675][com.java.SeleniumDriver] [  838] - Exception: null
[INFO ][2015-11-12 12:31:51,675][com.java.SeleniumDriver] [  844] - DataField : //span[@class="icon-coin"]&&//a[text()='Summaries']&&//a[@data-id="ExecutiveSummary"]
[INFO ][2015-11-12 12:31:51,676][com.java.SeleniumDriver] [  846] - DataValue : 
[INFO ][2015-11-12 12:31:51,676][com.java.SeleniumDriver] [  852] - <In Set values of the page>
[INFO ][2015-11-12 12:31:51,676][com.java.SeleniumDriver] [  855] - {Data Fields & Data Values Exist}
[INFO ][2015-11-12 12:31:51,676][com.java.SeleniumDriver] [  857] - --------------------------setting values-----------------------------
[INFO ][2015-11-12 12:31:51,676][com.java.SeleniumDriver] [  860] - Action Type : MOUSEOVER
[INFO ][2015-11-12 12:32:24,411][com.java.SeleniumDriver] [  869] -  RESULT true
[INFO ][2015-11-12 12:32:24,412][com.java.SeleniumDriver] [ 1074] - ?   P A S S   ?
[INFO ][2015-11-12 12:32:24,412][com.java.SeleniumDriver] [  796] - ------------------------------------------
[INFO ][2015-11-12 12:32:24,412][com.java.SeleniumDriver] [  797] - Test case being Executed: 3
[INFO ][2015-11-12 12:32:24,412][com.java.SeleniumDriver] [  808] - Test step:6
[INFO ][2015-11-12 12:32:24,413][com.java.SeleniumDriver] [  820] - Datavalue is----------3
[INFO ][2015-11-12 12:32:24,413][com.java.SeleniumDriver] [  844] - DataField : XPH//span[contains(text(),'Show Report')]
[INFO ][2015-11-12 12:32:24,413][com.java.SeleniumDriver] [  846] - DataValue : 3
[INFO ][2015-11-12 12:32:24,413][com.java.SeleniumDriver] [  852] - <In Set values of the page>
[INFO ][2015-11-12 12:32:24,413][com.java.SeleniumDriver] [  855] - {Data Fields & Data Values Exist}
[INFO ][2015-11-12 12:32:24,413][com.java.SeleniumDriver] [  857] - --------------------------setting values-----------------------------
[INFO ][2015-11-12 12:32:24,413][com.java.SeleniumDriver] [  860] - Action Type : WAITFORELEMENT
[INFO ][2015-11-12 12:32:24,456][com.java.SeleniumDriver] [  869] -  RESULT true
[INFO ][2015-11-12 12:32:24,456][com.java.SeleniumDriver] [ 1074] - ?   P A S S   ?
[INFO ][2015-11-12 12:32:24,456][com.java.SeleniumDriver] [  796] - ------------------------------------------
[INFO ][2015-11-12 12:32:24,456][com.java.SeleniumDriver] [  797] - Test case being Executed: 3
[INFO ][2015-11-12 12:32:24,456][com.java.SeleniumDriver] [  808] - Test step:7
[INFO ][2015-11-12 12:32:24,456][com.java.SeleniumDriver] [  820] - Datavalue is----------3
[INFO ][2015-11-12 12:32:24,456][com.java.SeleniumDriver] [  844] - DataField : BTNframeDialogContent
[INFO ][2015-11-12 12:32:24,457][com.java.SeleniumDriver] [  846] - DataValue : 3
[INFO ][2015-11-12 12:32:24,457][com.java.SeleniumDriver] [  852] - <In Set values of the page>
[INFO ][2015-11-12 12:32:24,457][com.java.SeleniumDriver] [  855] - {Data Fields & Data Values Exist}
[INFO ][2015-11-12 12:32:24,457][com.java.SeleniumDriver] [  857] - --------------------------setting values-----------------------------
[INFO ][2015-11-12 12:32:24,457][com.java.SeleniumDriver] [  860] - Action Type : WAITFORELEMENT
[INFO ][2015-11-12 12:32:25,674][com.java.SeleniumDriver] [  869] -  RESULT true
[INFO ][2015-11-12 12:32:25,675][com.java.SeleniumDriver] [ 1074] - ?   P A S S   ?
[INFO ][2015-11-12 12:32:25,675][com.java.SeleniumDriver] [  796] - ------------------------------------------
[INFO ][2015-11-12 12:32:25,675][com.java.SeleniumDriver] [  797] - Test case being Executed: 3
[INFO ][2015-11-12 12:32:25,675][com.java.SeleniumDriver] [  808] - Test step:8
[INFO ][2015-11-12 12:32:25,675][com.java.SeleniumDriver] [  820] - Datavalue is----------executive summary
[INFO ][2015-11-12 12:32:25,675][com.java.SeleniumDriver] [  844] - DataField : XPH//div[contains(@class,'ui-dialog-titlebar')]/span[@class="ui-dialog-title"]
[INFO ][2015-11-12 12:32:25,675][com.java.SeleniumDriver] [  846] - DataValue : executive summary
[INFO ][2015-11-12 12:32:25,675][com.java.SeleniumDriver] [  852] - <In Set values of the page>
[INFO ][2015-11-12 12:32:25,675][com.java.SeleniumDriver] [  855] - {Data Fields & Data Values Exist}
[INFO ][2015-11-12 12:32:25,675][com.java.SeleniumDriver] [  857] - --------------------------setting values-----------------------------
[INFO ][2015-11-12 12:32:25,675][com.java.SeleniumDriver] [  860] - Action Type : VERIFY
[INFO ][2015-11-12 12:32:25,675][com.java.TestType] [ 5247] - field= XPH//div[contains(@class,'ui-dialog-titlebar')]/span[@class="ui-dialog-title"] value= executive summary
[INFO ][2015-11-12 12:32:25,675][com.java.TestType] [ 4140] - value = executive summary
[INFO ][2015-11-12 12:32:25,836][com.java.SeleniumDriver] [  869] -  RESULT true
[INFO ][2015-11-12 12:32:25,836][com.java.SeleniumDriver] [ 1074] - ?   P A S S   ?
[INFO ][2015-11-12 12:32:25,836][com.java.SeleniumDriver] [  796] - ------------------------------------------
[INFO ][2015-11-12 12:32:25,836][com.java.SeleniumDriver] [  797] - Test case being Executed: 3
[INFO ][2015-11-12 12:32:25,836][com.java.SeleniumDriver] [  808] - Test step:9
[INFO ][2015-11-12 12:32:25,836][com.java.SeleniumDriver] [  820] - Datavalue is----------null
[DEBUG][2015-11-12 12:32:25,836][com.java.SeleniumDriver] [  838] - Exception: null
[INFO ][2015-11-12 12:32:25,836][com.java.SeleniumDriver] [  844] - DataField : BTNframeDialogContent
[INFO ][2015-11-12 12:32:25,836][com.java.SeleniumDriver] [  846] - DataValue : 
[INFO ][2015-11-12 12:32:25,836][com.java.SeleniumDriver] [  852] - <In Set values of the page>
[INFO ][2015-11-12 12:32:25,836][com.java.SeleniumDriver] [  855] - {Data Fields & Data Values Exist}
[INFO ][2015-11-12 12:32:25,837][com.java.SeleniumDriver] [  857] - --------------------------setting values-----------------------------
[INFO ][2015-11-12 12:32:25,837][com.java.SeleniumDriver] [  860] - Action Type : SELECTFRAME
[INFO ][2015-11-12 12:32:27,372][com.java.SeleniumDriver] [  869] -  RESULT true
[INFO ][2015-11-12 12:32:27,372][com.java.SeleniumDriver] [ 1074] - ?   P A S S   ?
[INFO ][2015-11-12 12:32:27,372][com.java.SeleniumDriver] [  796] - ------------------------------------------
[INFO ][2015-11-12 12:32:27,372][com.java.SeleniumDriver] [  797] - Test case being Executed: 3
[INFO ][2015-11-12 12:32:27,372][com.java.SeleniumDriver] [  808] - Test step:10
[INFO ][2015-11-12 12:32:27,372][com.java.SeleniumDriver] [  820] - Datavalue is----------index:1
[INFO ][2015-11-12 12:32:27,372][com.java.SeleniumDriver] [  844] - DataField : COBddProfitCenter
[INFO ][2015-11-12 12:32:27,372][com.java.SeleniumDriver] [  846] - DataValue : index:1
[INFO ][2015-11-12 12:32:27,372][com.java.SeleniumDriver] [  852] - <In Set values of the page>
[INFO ][2015-11-12 12:32:27,372][com.java.SeleniumDriver] [  855] - {Data Fields & Data Values Exist}
[INFO ][2015-11-12 12:32:27,372][com.java.SeleniumDriver] [  857] - --------------------------setting values-----------------------------
[INFO ][2015-11-12 12:32:27,372][com.java.SeleniumDriver] [  860] - Action Type : SELECT
[INFO ][2015-11-12 12:32:27,373][com.java.TestType] [ 4140] - value = 1
[ERROR][2015-11-12 12:32:43,963][com.java.TestType] [ 4339] - Unable to perform Action Select null
[INFO ][2015-11-12 12:32:43,963][com.java.SeleniumDriver] [  869] -  RESULT false
[INFO ][2015-11-12 12:32:43,963][com.java.SeleniumDriver] [  916] - ?   F A I L   ?
[INFO ][2015-11-12 12:32:43,963][com.java.SeleniumDriver] [  924] - Browser Type : IE11
[INFO ][2015-11-12 12:32:43,963][com.java.SeleniumDriver] [  925] - Adding Failed case3
[INFO ][2015-11-12 12:32:44,246][com.java.SeleniumDriver] [ 1038] - failedCases = 3
[ERROR][2015-11-12 12:32:44,246][com.java.SeleniumDriver] [ 1525] - Platform Errors : Our apologies...::We have encountered an issue with your request.::Our apologies?:We encountered an issue with your request.
[INFO ][2015-11-12 12:32:44,246][com.java.SeleniumDriver] [ 1529] - Length =3
[ERROR][2015-11-12 12:32:44,246][com.java.SeleniumDriver] [ 1532] - Error 0 = Our apologies...
[ERROR][2015-11-12 12:32:44,264][com.java.SeleniumDriver] [ 1532] - Error 1 = We have encountered an issue with your request.
[ERROR][2015-11-12 12:32:44,279][com.java.SeleniumDriver] [ 1532] - Error 2 = Our apologies?:We encountered an issue with your request.
[DEBUG][2015-11-12 12:32:44,307][com.java.SeleniumDriver] [ 1176] - Case found
[DEBUG][2015-11-12 12:32:44,307][com.java.SeleniumDriver] [ 1181] - Incrementing ReportCounters[0]:2
[INFO ][2015-11-12 12:32:44,307][com.java.SeleniumDriver] [ 1200] - The results are-------------------[3, 10, GL: Summary: Executive Summary, Fail, 
Test case failed at Step No. :: 10   Error Message ::  Option ::1:: not found in Combo box :: ddProfitCenter. Screen Shot : D:\BankersDashboard\TestReports\111215\3_111215_123243_IE11.png, Thu Nov 12 12:32:44 IST 2015]
[INFO ][2015-11-12 12:32:44,307][com.java.SeleniumDriver] [ 1204] - End time is-------1 min 51 sec
[INFO ][2015-11-12 12:32:44,307][com.java.SeleniumDriver] [ 1205] - The results are-------------------[3, 10, GL: Summary: Executive Summary, Fail, 
Test case failed at Step No. :: 10   Error Message ::  Option ::1:: not found in Combo box :: ddProfitCenter. Screen Shot : D:\BankersDashboard\TestReports\111215\3_111215_123243_IE11.png, Thu Nov 12 12:32:44 IST 2015]
[DEBUG][2015-11-12 12:32:44,307][com.java.ImportnExport.ExportTestResultsExcel] [  222] - testResultPath = D:\BankersDashboard/TestReports/Test Results_BankersDashBoard_111215_123055_IE11_Any Bank USA.xls
[DEBUG][2015-11-12 12:32:44,307][com.java.ImportnExport.ExportTestResultsExcel] [  223] - browser is------------IE11
[DEBUG][2015-11-12 12:32:44,310][com.java.ImportnExport.ExportTestResultsExcel] [  270] - result.size() = 6
[DEBUG][2015-11-12 12:32:44,310][com.java.ImportnExport.ExportTestResultsExcel] [  274] - No of rows in sheet=2
[DEBUG][2015-11-12 12:32:44,310][com.java.ImportnExport.ExportTestResultsExcel] [  301] - ..in export..3
[DEBUG][2015-11-12 12:32:44,310][com.java.ImportnExport.ExportTestResultsExcel] [  301] - ..in export..GL: Summary: Executive Summary
[DEBUG][2015-11-12 12:32:44,310][com.java.ImportnExport.ExportTestResultsExcel] [  301] - ..in export..Fail
[DEBUG][2015-11-12 12:32:44,310][com.java.ImportnExport.ExportTestResultsExcel] [  301] - ..in export..
Test case failed at Step No. :: 10   Error Message ::  Option ::1:: not found in Combo box :: ddProfitCenter. Screen Shot : D:\BankersDashboard\TestReports\111215\3_111215_123243_IE11.png
[DEBUG][2015-11-12 12:32:44,310][com.java.ImportnExport.ExportTestResultsExcel] [  301] - ..in export..Thu Nov 12 12:32:44 IST 2015
[INFO ][2015-11-12 12:32:44,312][com.java.SeleniumDriver] [ 1263] - out loop:1 size:2 TestCases:[1, 3] testcases:[1, 3]
[INFO ][2015-11-12 12:32:46,312][com.java.SeleniumDriver] [ 1306] - Total Number of Cases:2
[INFO ][2015-11-12 12:32:46,312][com.java.TemplateGenerator] [  302] - Executed:2
[INFO ][2015-11-12 12:32:46,312][com.java.TemplateGenerator] [  303] - Passed:1
[INFO ][2015-11-12 12:32:46,314][com.java.TemplateGenerator] [  304] - Failed:1
[INFO ][2015-11-12 12:32:46,314][com.java.TemplateGenerator] [  305] - Skipeed:0
[INFO ][2015-11-12 12:32:46,314][com.java.TemplateGenerator] [  306] - Application URL:https://clients-xuat.bankersdashboard.com
[INFO ][2015-11-12 12:32:46,314][com.java.TemplateGenerator] [  307] - Start Time:111215_123055
[INFO ][2015-11-12 12:32:46,314][com.java.TemplateGenerator] [  308] -  Creating HTML Report 
[ERROR][2015-11-12 12:32:46,314][com.java.TemplateGenerator] [  409] - Unparseable date: "Thu Nov 12 12:30:55 IST 2015"
[INFO ][2015-11-12 12:32:46,315][com.java.TemplateGenerator] [  654] -  Exporting case :: 1
[INFO ][2015-11-12 12:32:46,315][com.java.TemplateGenerator] [  654] -  Exporting case :: 3
[INFO ][2015-11-12 12:32:46,319][com.java.SeleniumDriver] [ 1355] - End Time:111215_123246
[INFO ][2015-11-12 12:32:46,319][com.java.SeleniumDriver] [ 1358] - Data in Test Execution Details:{1=PASS, 3=FAILTest case failed at Step No. :: 10   Error Message ::  Option ::1:: not found in Combo box :: ddProfitCenter}
[INFO ][2015-11-12 12:32:46,319][com.java.SeleniumDriver] [ 1359] - Data in Failed Execution Deatils:{}
[INFO ][2015-11-12 12:32:46,319][com.java.SeleniumDriver] [ 1361] - ReportCounter:Total:2 :: PASS: 1 ::FAIL: 1
[INFO ][2015-11-12 12:32:46,319][com.java.SeleniumDriver] [ 1362] - FailedReportCounter:Total:0 :: PASS: 0 ::FAIL: 0
[INFO ][2015-11-12 12:32:46,326][com.java.EmailTestReport] [   63] - Sending report mail details:
[INFO ][2015-11-12 12:32:46,327][com.java.EmailTestReport] [   80] - Excel Report Path:D:\BankersDashboard/TestReports/Test Results_BankersDashBoard_111215_123055_IE11_Any Bank USA.xls
[INFO ][2015-11-12 12:32:46,327][com.java.EmailTestReport] [   81] - HTML Report Path:D:\BankersDashboard//TestReports//Test Results_BankersDashBoard_111215_123055_IE11_Any Bank USA.html
[INFO ][2015-11-12 12:32:46,327][com.java.EmailTestReport] [   82] - smtpHostName:mail01.valuelabs.com
[INFO ][2015-11-12 12:32:46,327][com.java.EmailTestReport] [   83] - Recipient:venkateswararao.gubbala@valuelabs.com;
[INFO ][2015-11-12 12:32:46,327][com.java.EmailTestReport] [   84] - From:venkateswararao.gubbala@valuelabs.com;
[INFO ][2015-11-12 12:32:46,327][com.java.EmailTestReport] [   85] - Subject:Deluxe Corp Bankers Dashboard Automation Test Report - Any Bank USA - IE11
[INFO ][2015-11-12 12:32:46,342][com.java.EmailTestReport] [  143] -  Added venkateswararao.gubbala@valuelabs.com
[INFO ][2015-11-12 12:32:49,735][com.java.SeleniumDriver] [  719] - quitting the browser 
[INFO ][2015-11-12 12:32:50,937][com.java.SeleniumDriver] [  263] - Execution Completed Stopping the thread
