[INFO ][2015-11-09 16:11:24,385][com.java.SeleniumDriver] [  213] - Execute Failed Casesfalse
[INFO ][2015-11-09 16:11:24,385][com.java.SeleniumDriver] [  214] - Browser: IE11
[INFO ][2015-11-09 16:11:24,385][com.java.SeleniumDriver] [  215] - [1, 10]
[INFO ][2015-11-09 16:11:24,385][com.java.SeleniumDriver] [  216] - Total TestCases:2
[INFO ][2015-11-09 16:11:24,385][com.java.SeleniumDriver] [  217] -  Reading Properties from Property File 
[DEBUG][2015-11-09 16:11:24,385][com.java.SeleniumDriver] [  238] - url : https://clients-xuat.bankersdashboard.com
[INFO ][2015-11-09 16:11:24,395][com.java.ImportnExport.ExportTestResultsExcel] [  116] - Time Stamp Mon Nov 09 04:11:24 IST 2015
[INFO ][2015-11-09 16:11:24,395][com.java.ImportnExport.ExportTestResultsExcel] [  175] - OUT FILE : D:\BankersDashboard/TestReports/Test Results_BankersDashBoard_110915_161124_IE11_Simmons First National Bank.xls
[INFO ][2015-11-09 16:11:24,416][com.java.ImportnExport.ExportTestResultsExcel] [  180] - Test Result file is created
[DEBUG][2015-11-09 16:11:24,516][com.java.SeleniumDriver] [  425] - Hub ip address is-------172.17.68.34
[INFO ][2015-11-09 16:11:24,516][com.java.SeleniumDriver] [  451] - Grid URL:http://172.17.68.34:4444/wd/hub
[INFO ][2015-11-09 16:11:24,516][com.java.SeleniumDriver] [  452] - Capability:Capabilities [{platform=ANY, ensureCleanSession=true, ignoreProtectedModeSettings=true, acceptSslCerts=true, ignoreZoomSetting=true, browserName=internet explorer, browserstack.ie.noFlash=true, version=Node1}]
[ERROR][2015-11-09 16:11:25,816][com.java.SeleniumDriver] [  496] - Unable invoke browser in grid:Could not start a new session. Possible causes are invalid address of the remote server or browser start-up failure.
Build info: version: '2.48.2', revision: '41bccdd', time: '2015-10-09 19:59:12'
System info: host: 'FVTIII438F1D', ip: '172.17.68.34', os.name: 'Windows 7', os.arch: 'x86', os.version: '6.1', java.version: '1.7.0_55'
Driver info: driver.version: SeleniumDriver
[INFO ][2015-11-09 16:11:25,816][com.java.SeleniumDriver] [  498] - Executing on local machine
[INFO ][2015-11-09 16:11:35,129][com.java.SeleniumDriver] [  248] - IE11is opened
[INFO ][2015-11-09 16:11:35,774][com.java.SeleniumDriver] [  752] - Test cases to be executed are: [1, 10]
[INFO ][2015-11-09 16:11:35,774][com.java.ImportnExport.ImportTestDataDetailsExcel] [   49] - test data details path===== D:\BankersDashboard\TestInputs\TestData.xls
[INFO ][2015-11-09 16:11:46,754][com.java.SeleniumDriver] [  788] - ------------------------------------------
[INFO ][2015-11-09 16:11:46,754][com.java.SeleniumDriver] [  789] - Test case being Executed: 1
[INFO ][2015-11-09 16:11:46,755][com.java.SeleniumDriver] [  800] - Test step:1
[INFO ][2015-11-09 16:11:46,755][com.java.SeleniumDriver] [  812] - Datavalue is----------Concept#1:1-14
[INFO ][2015-11-09 16:11:46,755][com.java.SeleniumDriver] [  836] - DataField : test
[INFO ][2015-11-09 16:11:46,755][com.java.SeleniumDriver] [  838] - DataValue : Concept#1:1-14
[INFO ][2015-11-09 16:11:46,755][com.java.SeleniumDriver] [  844] - <In Set values of the page>
[INFO ][2015-11-09 16:11:46,755][com.java.SeleniumDriver] [  847] - {Data Fields & Data Values Exist}
[INFO ][2015-11-09 16:11:46,755][com.java.SeleniumDriver] [  849] - --------------------------setting values-----------------------------
[INFO ][2015-11-09 16:11:46,755][com.java.SeleniumDriver] [  852] - Action Type : ExecuteTestCase
[INFO ][2015-11-09 16:11:46,785][com.java.TestType] [  422] - The Concept sheet name is ---------- Concept
[INFO ][2015-11-09 16:11:46,785][com.java.TestType] [  425] - The Concept ID  is ---------- 1
[DEBUG][2015-11-09 16:11:46,785][com.java.TestType] [  429] - Steps being executted in the Concept are: 1:14
[INFO ][2015-11-09 16:11:46,785][com.java.TestType] [  436] - Test data details path ---------- D:\BankersDashboard\TestInputs\TestData.xls
[INFO ][2015-11-09 16:11:46,815][com.java.TestType] [  467] -  str(1) = 1
[INFO ][2015-11-09 16:11:46,815][com.java.TestType] [  470] - Test case Id is---1
[INFO ][2015-11-09 16:11:46,815][com.java.TestType] [  472] - 1
[INFO ][2015-11-09 16:11:46,815][com.java.TestType] [  467] -  str(2) = 1
[INFO ][2015-11-09 16:11:46,815][com.java.TestType] [  519] - row values are--------{1=com.java.Objects.TestDataDetails@1f8a98}
[INFO ][2015-11-09 16:11:46,815][com.java.TestType] [  467] -  str(1) = 1
[INFO ][2015-11-09 16:11:46,815][com.java.TestType] [  470] - Test case Id is---1
[INFO ][2015-11-09 16:11:46,815][com.java.TestType] [  472] - 1
[INFO ][2015-11-09 16:11:46,815][com.java.TestType] [  467] -  str(2) = 2
[INFO ][2015-11-09 16:11:46,825][com.java.TestType] [  519] - row values are--------{1=com.java.Objects.TestDataDetails@1f8a98, 2=com.java.Objects.TestDataDetails@185552b}
[INFO ][2015-11-09 16:11:46,825][com.java.TestType] [  467] -  str(1) = 1
[INFO ][2015-11-09 16:11:46,825][com.java.TestType] [  470] - Test case Id is---1
[INFO ][2015-11-09 16:11:46,825][com.java.TestType] [  472] - 1
[INFO ][2015-11-09 16:11:46,825][com.java.TestType] [  467] -  str(2) = 3
[INFO ][2015-11-09 16:11:46,825][com.java.TestType] [  519] - row values are--------{1=com.java.Objects.TestDataDetails@1f8a98, 2=com.java.Objects.TestDataDetails@185552b, 3=com.java.Objects.TestDataDetails@5a7006}
[INFO ][2015-11-09 16:11:46,825][com.java.TestType] [  467] -  str(1) = 1
[INFO ][2015-11-09 16:11:46,825][com.java.TestType] [  470] - Test case Id is---1
[INFO ][2015-11-09 16:11:46,825][com.java.TestType] [  472] - 1
[INFO ][2015-11-09 16:11:46,825][com.java.TestType] [  467] -  str(2) = 4
[INFO ][2015-11-09 16:11:46,825][com.java.TestType] [  519] - row values are--------{1=com.java.Objects.TestDataDetails@1f8a98, 2=com.java.Objects.TestDataDetails@185552b, 3=com.java.Objects.TestDataDetails@5a7006, 4=com.java.Objects.TestDataDetails@9676fc}
[INFO ][2015-11-09 16:11:46,825][com.java.TestType] [  467] -  str(1) = 1
[INFO ][2015-11-09 16:11:46,825][com.java.TestType] [  470] - Test case Id is---1
[INFO ][2015-11-09 16:11:46,825][com.java.TestType] [  472] - 1
[INFO ][2015-11-09 16:11:46,825][com.java.TestType] [  467] -  str(2) = 5
[INFO ][2015-11-09 16:11:46,825][com.java.TestType] [  519] - row values are--------{1=com.java.Objects.TestDataDetails@1f8a98, 2=com.java.Objects.TestDataDetails@185552b, 3=com.java.Objects.TestDataDetails@5a7006, 4=com.java.Objects.TestDataDetails@9676fc, 5=com.java.Objects.TestDataDetails@18778fd}
[INFO ][2015-11-09 16:11:46,825][com.java.TestType] [  467] -  str(1) = 1
[INFO ][2015-11-09 16:11:46,825][com.java.TestType] [  470] - Test case Id is---1
[INFO ][2015-11-09 16:11:46,825][com.java.TestType] [  472] - 1
[INFO ][2015-11-09 16:11:46,825][com.java.TestType] [  467] -  str(2) = 6
[INFO ][2015-11-09 16:11:46,825][com.java.TestType] [  519] - row values are--------{1=com.java.Objects.TestDataDetails@1f8a98, 2=com.java.Objects.TestDataDetails@185552b, 3=com.java.Objects.TestDataDetails@5a7006, 4=com.java.Objects.TestDataDetails@9676fc, 5=com.java.Objects.TestDataDetails@18778fd, 6=com.java.Objects.TestDataDetails@182c145}
[INFO ][2015-11-09 16:11:46,825][com.java.TestType] [  467] -  str(1) = 1
[INFO ][2015-11-09 16:11:46,825][com.java.TestType] [  470] - Test case Id is---1
[INFO ][2015-11-09 16:11:46,825][com.java.TestType] [  472] - 1
[INFO ][2015-11-09 16:11:46,825][com.java.TestType] [  467] -  str(2) = 7
[INFO ][2015-11-09 16:11:46,825][com.java.TestType] [  519] - row values are--------{1=com.java.Objects.TestDataDetails@1f8a98, 2=com.java.Objects.TestDataDetails@185552b, 3=com.java.Objects.TestDataDetails@5a7006, 4=com.java.Objects.TestDataDetails@9676fc, 5=com.java.Objects.TestDataDetails@18778fd, 6=com.java.Objects.TestDataDetails@182c145, 7=com.java.Objects.TestDataDetails@1137c6}
[INFO ][2015-11-09 16:11:46,825][com.java.TestType] [  467] -  str(1) = 1
[INFO ][2015-11-09 16:11:46,825][com.java.TestType] [  470] - Test case Id is---1
[INFO ][2015-11-09 16:11:46,825][com.java.TestType] [  472] - 1
[INFO ][2015-11-09 16:11:46,825][com.java.TestType] [  467] -  str(2) = 8
[INFO ][2015-11-09 16:11:46,835][com.java.TestType] [  519] - row values are--------{1=com.java.Objects.TestDataDetails@1f8a98, 2=com.java.Objects.TestDataDetails@185552b, 3=com.java.Objects.TestDataDetails@5a7006, 4=com.java.Objects.TestDataDetails@9676fc, 5=com.java.Objects.TestDataDetails@18778fd, 6=com.java.Objects.TestDataDetails@182c145, 7=com.java.Objects.TestDataDetails@1137c6, 8=com.java.Objects.TestDataDetails@edb374}
[INFO ][2015-11-09 16:11:46,835][com.java.TestType] [  467] -  str(1) = 1
[INFO ][2015-11-09 16:11:46,835][com.java.TestType] [  470] - Test case Id is---1
[INFO ][2015-11-09 16:11:46,835][com.java.TestType] [  472] - 1
[INFO ][2015-11-09 16:11:46,835][com.java.TestType] [  467] -  str(2) = 9
[INFO ][2015-11-09 16:11:46,835][com.java.TestType] [  519] - row values are--------{1=com.java.Objects.TestDataDetails@1f8a98, 2=com.java.Objects.TestDataDetails@185552b, 3=com.java.Objects.TestDataDetails@5a7006, 4=com.java.Objects.TestDataDetails@9676fc, 5=com.java.Objects.TestDataDetails@18778fd, 6=com.java.Objects.TestDataDetails@182c145, 7=com.java.Objects.TestDataDetails@1137c6, 8=com.java.Objects.TestDataDetails@edb374, 9=com.java.Objects.TestDataDetails@116cf35}
[INFO ][2015-11-09 16:11:46,835][com.java.TestType] [  467] -  str(1) = 1
[INFO ][2015-11-09 16:11:46,835][com.java.TestType] [  470] - Test case Id is---1
[INFO ][2015-11-09 16:11:46,835][com.java.TestType] [  472] - 1
[INFO ][2015-11-09 16:11:46,835][com.java.TestType] [  467] -  str(2) = 10
[INFO ][2015-11-09 16:11:46,835][com.java.TestType] [  519] - row values are--------{1=com.java.Objects.TestDataDetails@1f8a98, 2=com.java.Objects.TestDataDetails@185552b, 3=com.java.Objects.TestDataDetails@5a7006, 4=com.java.Objects.TestDataDetails@9676fc, 5=com.java.Objects.TestDataDetails@18778fd, 6=com.java.Objects.TestDataDetails@182c145, 7=com.java.Objects.TestDataDetails@1137c6, 8=com.java.Objects.TestDataDetails@edb374, 9=com.java.Objects.TestDataDetails@116cf35, 10=com.java.Objects.TestDataDetails@1c00fa9}
[INFO ][2015-11-09 16:11:46,835][com.java.TestType] [  467] -  str(1) = 1
[INFO ][2015-11-09 16:11:46,835][com.java.TestType] [  470] - Test case Id is---1
[INFO ][2015-11-09 16:11:46,835][com.java.TestType] [  472] - 1
[INFO ][2015-11-09 16:11:46,835][com.java.TestType] [  467] -  str(2) = 11
[INFO ][2015-11-09 16:11:46,835][com.java.TestType] [  519] - row values are--------{1=com.java.Objects.TestDataDetails@1f8a98, 2=com.java.Objects.TestDataDetails@185552b, 3=com.java.Objects.TestDataDetails@5a7006, 4=com.java.Objects.TestDataDetails@9676fc, 5=com.java.Objects.TestDataDetails@18778fd, 6=com.java.Objects.TestDataDetails@182c145, 7=com.java.Objects.TestDataDetails@1137c6, 8=com.java.Objects.TestDataDetails@edb374, 9=com.java.Objects.TestDataDetails@116cf35, 10=com.java.Objects.TestDataDetails@1c00fa9, 11=com.java.Objects.TestDataDetails@1600a0c}
[INFO ][2015-11-09 16:11:46,835][com.java.TestType] [  467] -  str(1) = 1
[INFO ][2015-11-09 16:11:46,835][com.java.TestType] [  470] - Test case Id is---1
[INFO ][2015-11-09 16:11:46,835][com.java.TestType] [  472] - 1
[INFO ][2015-11-09 16:11:46,835][com.java.TestType] [  467] -  str(2) = 12
[INFO ][2015-11-09 16:11:46,835][com.java.TestType] [  519] - row values are--------{1=com.java.Objects.TestDataDetails@1f8a98, 2=com.java.Objects.TestDataDetails@185552b, 3=com.java.Objects.TestDataDetails@5a7006, 4=com.java.Objects.TestDataDetails@9676fc, 5=com.java.Objects.TestDataDetails@18778fd, 6=com.java.Objects.TestDataDetails@182c145, 7=com.java.Objects.TestDataDetails@1137c6, 8=com.java.Objects.TestDataDetails@edb374, 9=com.java.Objects.TestDataDetails@116cf35, 10=com.java.Objects.TestDataDetails@1c00fa9, 11=com.java.Objects.TestDataDetails@1600a0c, 12=com.java.Objects.TestDataDetails@1ba4cd7}
[INFO ][2015-11-09 16:11:46,835][com.java.TestType] [  467] -  str(1) = 1
[INFO ][2015-11-09 16:11:46,835][com.java.TestType] [  470] - Test case Id is---1
[INFO ][2015-11-09 16:11:46,835][com.java.TestType] [  472] - 1
[INFO ][2015-11-09 16:11:46,835][com.java.TestType] [  467] -  str(2) = 13
[INFO ][2015-11-09 16:11:46,835][com.java.TestType] [  519] - row values are--------{1=com.java.Objects.TestDataDetails@1f8a98, 2=com.java.Objects.TestDataDetails@185552b, 3=com.java.Objects.TestDataDetails@5a7006, 4=com.java.Objects.TestDataDetails@9676fc, 5=com.java.Objects.TestDataDetails@18778fd, 6=com.java.Objects.TestDataDetails@182c145, 7=com.java.Objects.TestDataDetails@1137c6, 8=com.java.Objects.TestDataDetails@edb374, 9=com.java.Objects.TestDataDetails@116cf35, 10=com.java.Objects.TestDataDetails@1c00fa9, 11=com.java.Objects.TestDataDetails@1600a0c, 12=com.java.Objects.TestDataDetails@1ba4cd7, 13=com.java.Objects.TestDataDetails@967f8e}
[INFO ][2015-11-09 16:11:46,835][com.java.TestType] [  467] -  str(1) = 1
[INFO ][2015-11-09 16:11:46,835][com.java.TestType] [  470] - Test case Id is---1
[INFO ][2015-11-09 16:11:46,835][com.java.TestType] [  472] - 1
[INFO ][2015-11-09 16:11:46,835][com.java.TestType] [  467] -  str(2) = 14
[INFO ][2015-11-09 16:11:46,835][com.java.TestType] [  519] - row values are--------{1=com.java.Objects.TestDataDetails@1f8a98, 2=com.java.Objects.TestDataDetails@185552b, 3=com.java.Objects.TestDataDetails@5a7006, 4=com.java.Objects.TestDataDetails@9676fc, 5=com.java.Objects.TestDataDetails@18778fd, 6=com.java.Objects.TestDataDetails@182c145, 7=com.java.Objects.TestDataDetails@1137c6, 8=com.java.Objects.TestDataDetails@edb374, 9=com.java.Objects.TestDataDetails@116cf35, 10=com.java.Objects.TestDataDetails@1c00fa9, 11=com.java.Objects.TestDataDetails@1600a0c, 12=com.java.Objects.TestDataDetails@1ba4cd7, 13=com.java.Objects.TestDataDetails@967f8e, 14=com.java.Objects.TestDataDetails@1195903}
[INFO ][2015-11-09 16:11:46,835][com.java.TestType] [ 8228] - Looping 1TCID = 1
[DEBUG][2015-11-09 16:11:46,835][com.java.TestType] [ 8269] - Concept ID:1 :: Step being Executed: 1::1
[INFO ][2015-11-09 16:11:46,835][com.java.TestType] [ 8307] - dataFields : TXTusername
[DEBUG][2015-11-09 16:11:46,835][com.java.TestType] [ 8313] - <In Set values of the page>
[DEBUG][2015-11-09 16:11:46,835][com.java.TestType] [ 8318] - {Data Fields & Data Values Exist}
[INFO ][2015-11-09 16:11:46,835][com.java.TestType] [ 8324] - --------------------------setting values-----------------------------
[INFO ][2015-11-09 16:11:46,835][com.java.TestType] [ 8327] - Action Type : CLEARANDENTER
[INFO ][2015-11-09 16:11:46,845][com.java.TestType] [ 4078] - value = valuelabs.ie11.03890
[INFO ][2015-11-09 16:11:51,724][com.java.TestType] [ 8346] -  RESULT true
[INFO ][2015-11-09 16:11:51,724][com.java.TestType] [ 8463] - ?   P A S S   ?
[DEBUG][2015-11-09 16:11:51,724][com.java.TestType] [ 8269] - Concept ID:1 :: Step being Executed: 1::2
[INFO ][2015-11-09 16:11:51,724][com.java.TestType] [ 8307] - dataFields : TXTpassword
[DEBUG][2015-11-09 16:11:51,724][com.java.TestType] [ 8313] - <In Set values of the page>
[DEBUG][2015-11-09 16:11:51,724][com.java.TestType] [ 8318] - {Data Fields & Data Values Exist}
[INFO ][2015-11-09 16:11:51,724][com.java.TestType] [ 8324] - --------------------------setting values-----------------------------
[INFO ][2015-11-09 16:11:51,724][com.java.TestType] [ 8327] - Action Type : CLEARANDENTER
[INFO ][2015-11-09 16:11:51,724][com.java.TestType] [ 4078] - value = Password1*
[INFO ][2015-11-09 16:11:56,716][com.java.TestType] [ 8346] -  RESULT true
[INFO ][2015-11-09 16:11:56,716][com.java.TestType] [ 8463] - ?   P A S S   ?
[DEBUG][2015-11-09 16:11:56,716][com.java.TestType] [ 8269] - Concept ID:1 :: Step being Executed: 1::3
[ERROR][2015-11-09 16:11:56,716][com.java.TestType] [ 8302] - Exception: null
[INFO ][2015-11-09 16:11:56,716][com.java.TestType] [ 8307] - dataFields : XPH//button[@type='submit']
[DEBUG][2015-11-09 16:11:56,716][com.java.TestType] [ 8313] - <In Set values of the page>
[DEBUG][2015-11-09 16:11:56,716][com.java.TestType] [ 8318] - {Data Fields & Data Values Exist}
[INFO ][2015-11-09 16:11:56,716][com.java.TestType] [ 8324] - --------------------------setting values-----------------------------
[INFO ][2015-11-09 16:11:56,716][com.java.TestType] [ 8327] - Action Type : Click
[INFO ][2015-11-09 16:11:56,716][com.java.TestType] [ 4391] - Field ::XPH//button[@type='submit']
[INFO ][2015-11-09 16:11:57,716][com.java.TestType] [ 4450] - BEFORE CLICK
[INFO ][2015-11-09 16:11:58,604][com.java.TestType] [ 4458] - Unable to click the object Login
[INFO ][2015-11-09 16:11:58,604][com.java.TestType] [ 8346] -  RESULT true
[INFO ][2015-11-09 16:11:58,604][com.java.TestType] [ 8463] - ?   P A S S   ?
[DEBUG][2015-11-09 16:11:58,604][com.java.TestType] [ 8269] - Concept ID:1 :: Step being Executed: 1::4
[INFO ][2015-11-09 16:11:58,604][com.java.TestType] [ 8307] - dataFields : LNKLogout
[DEBUG][2015-11-09 16:11:58,604][com.java.TestType] [ 8313] - <In Set values of the page>
[DEBUG][2015-11-09 16:11:58,604][com.java.TestType] [ 8318] - {Data Fields & Data Values Exist}
[INFO ][2015-11-09 16:11:58,604][com.java.TestType] [ 8324] - --------------------------setting values-----------------------------
[INFO ][2015-11-09 16:11:58,604][com.java.TestType] [ 8327] - Action Type : WaitForElement
[INFO ][2015-11-09 16:12:18,360][com.java.TestType] [ 8346] -  RESULT true
[INFO ][2015-11-09 16:12:18,360][com.java.TestType] [ 8463] - ?   P A S S   ?
[DEBUG][2015-11-09 16:12:18,360][com.java.TestType] [ 8269] - Concept ID:1 :: Step being Executed: 1::13
[INFO ][2015-11-09 16:12:18,360][com.java.TestType] [ 8307] - dataFields : LNK
[DEBUG][2015-11-09 16:12:18,360][com.java.TestType] [ 8313] - <In Set values of the page>
[DEBUG][2015-11-09 16:12:18,360][com.java.TestType] [ 8318] - {Data Fields & Data Values Exist}
[INFO ][2015-11-09 16:12:18,360][com.java.TestType] [ 8324] - --------------------------setting values-----------------------------
[INFO ][2015-11-09 16:12:18,360][com.java.TestType] [ 8327] - Action Type : Verify
[INFO ][2015-11-09 16:12:18,360][com.java.TestType] [ 5204] - field= LNK value= Logout
[INFO ][2015-11-09 16:12:18,360][com.java.TestType] [ 4078] - value = Logout
[INFO ][2015-11-09 16:12:18,401][com.java.TestType] [ 8346] -  RESULT true
[INFO ][2015-11-09 16:12:18,401][com.java.TestType] [ 8463] - ?   P A S S   ?
[DEBUG][2015-11-09 16:12:18,401][com.java.TestType] [ 8269] - Concept ID:1 :: Step being Executed: 1::14
[INFO ][2015-11-09 16:12:18,401][com.java.TestType] [ 8307] - dataFields : BTN
[DEBUG][2015-11-09 16:12:18,401][com.java.TestType] [ 8313] - <In Set values of the page>
[DEBUG][2015-11-09 16:12:18,401][com.java.TestType] [ 8318] - {Data Fields & Data Values Exist}
[INFO ][2015-11-09 16:12:18,401][com.java.TestType] [ 8324] - --------------------------setting values-----------------------------
[INFO ][2015-11-09 16:12:18,401][com.java.TestType] [ 8327] - Action Type : Verify
[INFO ][2015-11-09 16:12:18,401][com.java.TestType] [ 5204] - field= BTN value= //img[contains(@src,'bdlogo.jpg')]
[INFO ][2015-11-09 16:12:18,401][com.java.TestType] [ 4078] - value = //img[contains(@src,'bdlogo.jpg')]
[INFO ][2015-11-09 16:12:18,441][com.java.TestType] [ 8346] -  RESULT true
[INFO ][2015-11-09 16:12:18,441][com.java.TestType] [ 8463] - ?   P A S S   ?
[INFO ][2015-11-09 16:12:18,441][com.java.TestType] [ 8534] - Looping End......
[INFO ][2015-11-09 16:12:18,441][com.java.SeleniumDriver] [  861] -  RESULT true
[INFO ][2015-11-09 16:12:18,441][com.java.SeleniumDriver] [ 1066] - ?   P A S S   ?
[INFO ][2015-11-09 16:12:18,441][com.java.SeleniumDriver] [  788] - ------------------------------------------
[INFO ][2015-11-09 16:12:18,441][com.java.SeleniumDriver] [  789] - Test case being Executed: 1
[INFO ][2015-11-09 16:12:18,441][com.java.SeleniumDriver] [  800] - Test step:2
[INFO ][2015-11-09 16:12:18,441][com.java.SeleniumDriver] [  812] - Datavalue is----------Concept#2:1-2
[INFO ][2015-11-09 16:12:18,441][com.java.SeleniumDriver] [  836] - DataField : test
[INFO ][2015-11-09 16:12:18,441][com.java.SeleniumDriver] [  838] - DataValue : Concept#2:1-2
[INFO ][2015-11-09 16:12:18,441][com.java.SeleniumDriver] [  844] - <In Set values of the page>
[INFO ][2015-11-09 16:12:18,441][com.java.SeleniumDriver] [  847] - {Data Fields & Data Values Exist}
[INFO ][2015-11-09 16:12:18,441][com.java.SeleniumDriver] [  849] - --------------------------setting values-----------------------------
[INFO ][2015-11-09 16:12:18,441][com.java.SeleniumDriver] [  852] - Action Type : ExecuteTestCase
[INFO ][2015-11-09 16:12:18,441][com.java.TestType] [  422] - The Concept sheet name is ---------- Concept
[INFO ][2015-11-09 16:12:18,441][com.java.TestType] [  425] - The Concept ID  is ---------- 2
[DEBUG][2015-11-09 16:12:18,441][com.java.TestType] [  429] - Steps being executted in the Concept are: 1:2
[INFO ][2015-11-09 16:12:18,441][com.java.TestType] [  436] - Test data details path ---------- D:\BankersDashboard\TestInputs\TestData.xls
[INFO ][2015-11-09 16:12:18,481][com.java.TestType] [  467] -  str(1) = 2
[INFO ][2015-11-09 16:12:18,481][com.java.TestType] [  470] - Test case Id is---2
[INFO ][2015-11-09 16:12:18,481][com.java.TestType] [  472] - 2
[INFO ][2015-11-09 16:12:18,481][com.java.TestType] [  467] -  str(2) = 1
[INFO ][2015-11-09 16:12:18,481][com.java.TestType] [  519] - row values are--------{1=com.java.Objects.TestDataDetails@13d8be3}
[INFO ][2015-11-09 16:12:18,481][com.java.TestType] [  467] -  str(1) = 2
[INFO ][2015-11-09 16:12:18,481][com.java.TestType] [  470] - Test case Id is---2
[INFO ][2015-11-09 16:12:18,481][com.java.TestType] [  472] - 2
[INFO ][2015-11-09 16:12:18,481][com.java.TestType] [  467] -  str(2) = 2
[INFO ][2015-11-09 16:12:18,481][com.java.TestType] [  519] - row values are--------{1=com.java.Objects.TestDataDetails@13d8be3, 2=com.java.Objects.TestDataDetails@325538}
[INFO ][2015-11-09 16:12:18,481][com.java.TestType] [  467] -  str(1) = 2
[INFO ][2015-11-09 16:12:18,481][com.java.TestType] [  470] - Test case Id is---2
[INFO ][2015-11-09 16:12:18,481][com.java.TestType] [  472] - 2
[INFO ][2015-11-09 16:12:18,481][com.java.TestType] [  467] -  str(2) = 3
[INFO ][2015-11-09 16:12:18,481][com.java.TestType] [  519] - row values are--------{1=com.java.Objects.TestDataDetails@13d8be3, 2=com.java.Objects.TestDataDetails@325538, 3=com.java.Objects.TestDataDetails@1122d62}
[INFO ][2015-11-09 16:12:18,481][com.java.TestType] [ 8228] - Looping 1TCID = 2
[DEBUG][2015-11-09 16:12:18,481][com.java.TestType] [ 8269] - Concept ID:2 :: Step being Executed: 2::1
[INFO ][2015-11-09 16:12:18,481][com.java.TestType] [ 8307] - dataFields : BNK//select[@id='bank']
[DEBUG][2015-11-09 16:12:18,481][com.java.TestType] [ 8313] - <In Set values of the page>
[DEBUG][2015-11-09 16:12:18,481][com.java.TestType] [ 8318] - {Data Fields & Data Values Exist}
[INFO ][2015-11-09 16:12:18,481][com.java.TestType] [ 8324] - --------------------------setting values-----------------------------
[INFO ][2015-11-09 16:12:18,481][com.java.TestType] [ 8327] - Action Type : Select
[INFO ][2015-11-09 16:12:18,481][com.java.TestType] [ 4078] - value = PFC
[INFO ][2015-11-09 16:12:18,798][com.java.TestType] [ 8346] -  RESULT true
[INFO ][2015-11-09 16:12:18,798][com.java.TestType] [ 8463] - ?   P A S S   ?
[DEBUG][2015-11-09 16:12:18,798][com.java.TestType] [ 8269] - Concept ID:2 :: Step being Executed: 2::2
[INFO ][2015-11-09 16:12:18,798][com.java.TestType] [ 8307] - dataFields : LNKLogout
[DEBUG][2015-11-09 16:12:18,798][com.java.TestType] [ 8313] - <In Set values of the page>
[DEBUG][2015-11-09 16:12:18,798][com.java.TestType] [ 8318] - {Data Fields & Data Values Exist}
[INFO ][2015-11-09 16:12:18,798][com.java.TestType] [ 8324] - --------------------------setting values-----------------------------
[INFO ][2015-11-09 16:12:18,798][com.java.TestType] [ 8327] - Action Type : WaitTime
[DEBUG][2015-11-09 16:12:18,798][com.java.TestType] [ 3913] - sleepTime: 5000
[INFO ][2015-11-09 16:12:23,805][com.java.TestType] [ 8346] -  RESULT true
[INFO ][2015-11-09 16:12:23,805][com.java.TestType] [ 8463] - ?   P A S S   ?
[INFO ][2015-11-09 16:12:23,805][com.java.TestType] [ 8534] - Looping End......
[INFO ][2015-11-09 16:12:23,805][com.java.SeleniumDriver] [  861] -  RESULT true
[INFO ][2015-11-09 16:12:23,805][com.java.SeleniumDriver] [ 1066] - ?   P A S S   ?
[INFO ][2015-11-09 16:12:23,805][com.java.SeleniumDriver] [  788] - ------------------------------------------
[INFO ][2015-11-09 16:12:23,805][com.java.SeleniumDriver] [  789] - Test case being Executed: 1
[INFO ][2015-11-09 16:12:23,805][com.java.SeleniumDriver] [  800] - Test step:3
[INFO ][2015-11-09 16:12:23,805][com.java.SeleniumDriver] [  812] - Datavalue is----------2
[INFO ][2015-11-09 16:12:23,805][com.java.SeleniumDriver] [  836] - DataField : XPH//button[contains(text(),'Add Content')]
[INFO ][2015-11-09 16:12:23,805][com.java.SeleniumDriver] [  838] - DataValue : 2
[INFO ][2015-11-09 16:12:23,805][com.java.SeleniumDriver] [  844] - <In Set values of the page>
[INFO ][2015-11-09 16:12:23,805][com.java.SeleniumDriver] [  847] - {Data Fields & Data Values Exist}
[INFO ][2015-11-09 16:12:23,805][com.java.SeleniumDriver] [  849] - --------------------------setting values-----------------------------
[INFO ][2015-11-09 16:12:23,805][com.java.SeleniumDriver] [  852] - Action Type : WAITFORELEMENT
[INFO ][2015-11-09 16:12:23,846][com.java.SeleniumDriver] [  861] -  RESULT true
[INFO ][2015-11-09 16:12:23,846][com.java.SeleniumDriver] [ 1066] - ?   P A S S   ?
[DEBUG][2015-11-09 16:12:23,846][com.java.SeleniumDriver] [ 1168] - Case found
[DEBUG][2015-11-09 16:12:23,846][com.java.SeleniumDriver] [ 1173] - Incrementing ReportCounters[0]:1
[INFO ][2015-11-09 16:12:23,846][com.java.SeleniumDriver] [ 1192] - The results are-------------------[1, 1, Valid Login, Pass, , Mon Nov 09 16:12:18 IST 2015, 1, 2, Valid Login, Pass, , Mon Nov 09 16:12:23 IST 2015, 1, 3, Valid Login, Pass, , Mon Nov 09 16:12:23 IST 2015]
[INFO ][2015-11-09 16:12:23,846][com.java.SeleniumDriver] [ 1196] - End time is-------1 min 1 sec
[INFO ][2015-11-09 16:12:23,846][com.java.SeleniumDriver] [ 1197] - The results are-------------------[1, 1, Valid Login, Pass, , Mon Nov 09 16:12:18 IST 2015, 1, 2, Valid Login, Pass, , Mon Nov 09 16:12:23 IST 2015, 1, 3, Valid Login, Pass, , Mon Nov 09 16:12:23 IST 2015]
[DEBUG][2015-11-09 16:12:23,846][com.java.ImportnExport.ExportTestResultsExcel] [  222] - testResultPath = D:\BankersDashboard/TestReports/Test Results_BankersDashBoard_110915_161124_IE11_Simmons First National Bank.xls
[DEBUG][2015-11-09 16:12:23,846][com.java.ImportnExport.ExportTestResultsExcel] [  223] - browser is------------IE11
[DEBUG][2015-11-09 16:12:23,886][com.java.ImportnExport.ExportTestResultsExcel] [  270] - result.size() = 18
[DEBUG][2015-11-09 16:12:23,886][com.java.ImportnExport.ExportTestResultsExcel] [  274] - No of rows in sheet=1
[DEBUG][2015-11-09 16:12:23,886][com.java.ImportnExport.ExportTestResultsExcel] [  301] - ..in export..1
[DEBUG][2015-11-09 16:12:23,886][com.java.ImportnExport.ExportTestResultsExcel] [  301] - ..in export..Valid Login
[DEBUG][2015-11-09 16:12:23,886][com.java.ImportnExport.ExportTestResultsExcel] [  301] - ..in export..Pass
[DEBUG][2015-11-09 16:12:23,886][com.java.ImportnExport.ExportTestResultsExcel] [  301] - ..in export..
[DEBUG][2015-11-09 16:12:23,886][com.java.ImportnExport.ExportTestResultsExcel] [  301] - ..in export..Mon Nov 09 16:12:18 IST 2015
[INFO ][2015-11-09 16:12:23,886][com.java.SeleniumDriver] [ 1255] - out loop:0 size:2 TestCases:[1, 10] testcases:[1, 10]
[INFO ][2015-11-09 16:12:23,886][com.java.ImportnExport.ImportTestDataDetailsExcel] [   49] - test data details path===== D:\BankersDashboard\TestInputs\TestData.xls
[INFO ][2015-11-09 16:13:28,652][com.java.SeleniumDriver] [  788] - ------------------------------------------
[INFO ][2015-11-09 16:13:28,652][com.java.SeleniumDriver] [  789] - Test case being Executed: 10
[INFO ][2015-11-09 16:13:28,652][com.java.SeleniumDriver] [  800] - Test step:1
[INFO ][2015-11-09 16:13:28,652][com.java.SeleniumDriver] [  812] - Datavalue is----------Logout
[INFO ][2015-11-09 16:13:28,652][com.java.SeleniumDriver] [  836] - DataField : BTN
[INFO ][2015-11-09 16:13:28,652][com.java.SeleniumDriver] [  838] - DataValue : Logout
[INFO ][2015-11-09 16:13:28,652][com.java.SeleniumDriver] [  844] - <In Set values of the page>
[INFO ][2015-11-09 16:13:28,652][com.java.SeleniumDriver] [  847] - {Data Fields & Data Values Exist}
[INFO ][2015-11-09 16:13:28,652][com.java.SeleniumDriver] [  849] - --------------------------setting values-----------------------------
[INFO ][2015-11-09 16:13:28,652][com.java.SeleniumDriver] [  852] - Action Type : Verify
[INFO ][2015-11-09 16:13:28,652][com.java.TestType] [ 5204] - field= BTN value= Logout
[INFO ][2015-11-09 16:13:28,652][com.java.TestType] [ 4078] - value = Logout
[INFO ][2015-11-09 16:13:28,693][com.java.SeleniumDriver] [  861] -  RESULT true
[INFO ][2015-11-09 16:13:28,693][com.java.SeleniumDriver] [ 1066] - ?   P A S S   ?
[INFO ][2015-11-09 16:13:28,693][com.java.SeleniumDriver] [ 1108] - step change to 3
[INFO ][2015-11-09 16:13:28,693][com.java.SeleniumDriver] [  788] - ------------------------------------------
[INFO ][2015-11-09 16:13:28,693][com.java.SeleniumDriver] [  789] - Test case being Executed: 10
[INFO ][2015-11-09 16:13:28,693][com.java.SeleniumDriver] [  800] - Test step:3
[INFO ][2015-11-09 16:13:28,693][com.java.SeleniumDriver] [  812] - Datavalue is----------Concept#2:1-2
[INFO ][2015-11-09 16:13:28,693][com.java.SeleniumDriver] [  836] - DataField : test
[INFO ][2015-11-09 16:13:28,693][com.java.SeleniumDriver] [  838] - DataValue : Concept#2:1-2
[INFO ][2015-11-09 16:13:28,693][com.java.SeleniumDriver] [  844] - <In Set values of the page>
[INFO ][2015-11-09 16:13:28,693][com.java.SeleniumDriver] [  847] - {Data Fields & Data Values Exist}
[INFO ][2015-11-09 16:13:28,693][com.java.SeleniumDriver] [  849] - --------------------------setting values-----------------------------
[INFO ][2015-11-09 16:13:28,693][com.java.SeleniumDriver] [  852] - Action Type : ExecuteTestCase
[INFO ][2015-11-09 16:13:28,693][com.java.TestType] [  422] - The Concept sheet name is ---------- Concept
[INFO ][2015-11-09 16:13:28,693][com.java.TestType] [  425] - The Concept ID  is ---------- 2
[DEBUG][2015-11-09 16:13:28,693][com.java.TestType] [  429] - Steps being executted in the Concept are: 1:2
[INFO ][2015-11-09 16:13:28,693][com.java.TestType] [  436] - Test data details path ---------- D:\BankersDashboard\TestInputs\TestData.xls
[INFO ][2015-11-09 16:13:28,723][com.java.TestType] [  467] -  str(1) = 2
[INFO ][2015-11-09 16:13:28,723][com.java.TestType] [  470] - Test case Id is---2
[INFO ][2015-11-09 16:13:28,723][com.java.TestType] [  472] - 2
[INFO ][2015-11-09 16:13:28,723][com.java.TestType] [  467] -  str(2) = 1
[INFO ][2015-11-09 16:13:28,723][com.java.TestType] [  519] - row values are--------{1=com.java.Objects.TestDataDetails@298da4}
[INFO ][2015-11-09 16:13:28,723][com.java.TestType] [  467] -  str(1) = 2
[INFO ][2015-11-09 16:13:28,723][com.java.TestType] [  470] - Test case Id is---2
[INFO ][2015-11-09 16:13:28,723][com.java.TestType] [  472] - 2
[INFO ][2015-11-09 16:13:28,723][com.java.TestType] [  467] -  str(2) = 2
[INFO ][2015-11-09 16:13:28,723][com.java.TestType] [  519] - row values are--------{1=com.java.Objects.TestDataDetails@298da4, 2=com.java.Objects.TestDataDetails@72b02f}
[INFO ][2015-11-09 16:13:28,723][com.java.TestType] [  467] -  str(1) = 2
[INFO ][2015-11-09 16:13:28,723][com.java.TestType] [  470] - Test case Id is---2
[INFO ][2015-11-09 16:13:28,723][com.java.TestType] [  472] - 2
[INFO ][2015-11-09 16:13:28,723][com.java.TestType] [  467] -  str(2) = 3
[INFO ][2015-11-09 16:13:28,723][com.java.TestType] [  519] - row values are--------{1=com.java.Objects.TestDataDetails@298da4, 2=com.java.Objects.TestDataDetails@72b02f, 3=com.java.Objects.TestDataDetails@d4c766}
[INFO ][2015-11-09 16:13:28,723][com.java.TestType] [ 8228] - Looping 1TCID = 2
[DEBUG][2015-11-09 16:13:28,723][com.java.TestType] [ 8269] - Concept ID:2 :: Step being Executed: 2::1
[INFO ][2015-11-09 16:13:28,723][com.java.TestType] [ 8307] - dataFields : BNK//select[@id='bank']
[DEBUG][2015-11-09 16:13:28,723][com.java.TestType] [ 8313] - <In Set values of the page>
[DEBUG][2015-11-09 16:13:28,723][com.java.TestType] [ 8318] - {Data Fields & Data Values Exist}
[INFO ][2015-11-09 16:13:28,723][com.java.TestType] [ 8324] - --------------------------setting values-----------------------------
[INFO ][2015-11-09 16:13:28,723][com.java.TestType] [ 8327] - Action Type : Select
[INFO ][2015-11-09 16:13:28,723][com.java.TestType] [ 4078] - value = PFC
[INFO ][2015-11-09 16:13:28,923][com.java.TestType] [ 8346] -  RESULT true
[INFO ][2015-11-09 16:13:28,923][com.java.TestType] [ 8463] - ?   P A S S   ?
[DEBUG][2015-11-09 16:13:28,923][com.java.TestType] [ 8269] - Concept ID:2 :: Step being Executed: 2::2
[INFO ][2015-11-09 16:13:28,923][com.java.TestType] [ 8307] - dataFields : LNKLogout
[DEBUG][2015-11-09 16:13:28,923][com.java.TestType] [ 8313] - <In Set values of the page>
[DEBUG][2015-11-09 16:13:28,923][com.java.TestType] [ 8318] - {Data Fields & Data Values Exist}
[INFO ][2015-11-09 16:13:28,923][com.java.TestType] [ 8324] - --------------------------setting values-----------------------------
[INFO ][2015-11-09 16:13:28,923][com.java.TestType] [ 8327] - Action Type : WaitTime
[DEBUG][2015-11-09 16:13:28,923][com.java.TestType] [ 3913] - sleepTime: 5000
[INFO ][2015-11-09 16:13:33,925][com.java.TestType] [ 8346] -  RESULT true
[INFO ][2015-11-09 16:13:33,925][com.java.TestType] [ 8463] - ?   P A S S   ?
[INFO ][2015-11-09 16:13:33,925][com.java.TestType] [ 8534] - Looping End......
[INFO ][2015-11-09 16:13:33,925][com.java.SeleniumDriver] [  861] -  RESULT true
[INFO ][2015-11-09 16:13:33,925][com.java.SeleniumDriver] [ 1066] - ?   P A S S   ?
[INFO ][2015-11-09 16:13:33,925][com.java.SeleniumDriver] [  788] - ------------------------------------------
[INFO ][2015-11-09 16:13:33,925][com.java.SeleniumDriver] [  789] - Test case being Executed: 10
[INFO ][2015-11-09 16:13:33,925][com.java.SeleniumDriver] [  800] - Test step:4
[INFO ][2015-11-09 16:13:33,925][com.java.SeleniumDriver] [  812] - Datavalue is----------2
[INFO ][2015-11-09 16:13:33,925][com.java.SeleniumDriver] [  836] - DataField : BTNG/L
[INFO ][2015-11-09 16:13:33,925][com.java.SeleniumDriver] [  838] - DataValue : 2
[INFO ][2015-11-09 16:13:33,925][com.java.SeleniumDriver] [  844] - <In Set values of the page>
[INFO ][2015-11-09 16:13:33,925][com.java.SeleniumDriver] [  847] - {Data Fields & Data Values Exist}
[INFO ][2015-11-09 16:13:33,925][com.java.SeleniumDriver] [  849] - --------------------------setting values-----------------------------
[INFO ][2015-11-09 16:13:33,925][com.java.SeleniumDriver] [  852] - Action Type : WAITFORELEMENT
[INFO ][2015-11-09 16:13:33,976][com.java.SeleniumDriver] [  861] -  RESULT true
[INFO ][2015-11-09 16:13:33,976][com.java.SeleniumDriver] [ 1066] - ?   P A S S   ?
[INFO ][2015-11-09 16:13:33,976][com.java.SeleniumDriver] [  788] - ------------------------------------------
[INFO ][2015-11-09 16:13:33,976][com.java.SeleniumDriver] [  789] - Test case being Executed: 10
[INFO ][2015-11-09 16:13:33,976][com.java.SeleniumDriver] [  800] - Test step:5
[INFO ][2015-11-09 16:13:33,976][com.java.SeleniumDriver] [  812] - Datavalue is----------CNS
[INFO ][2015-11-09 16:13:33,976][com.java.SeleniumDriver] [  836] - DataField : BNK//select[@id='bank']
[INFO ][2015-11-09 16:13:33,976][com.java.SeleniumDriver] [  838] - DataValue : CNS
[INFO ][2015-11-09 16:13:33,976][com.java.SeleniumDriver] [  844] - <In Set values of the page>
[INFO ][2015-11-09 16:13:33,976][com.java.SeleniumDriver] [  847] - {Data Fields & Data Values Exist}
[INFO ][2015-11-09 16:13:33,976][com.java.SeleniumDriver] [  849] - --------------------------setting values-----------------------------
[INFO ][2015-11-09 16:13:33,976][com.java.SeleniumDriver] [  852] - Action Type : SELECT
[INFO ][2015-11-09 16:13:33,976][com.java.TestType] [ 4078] - value = CNS
[INFO ][2015-11-09 16:13:34,221][com.java.SeleniumDriver] [  861] -  RESULT true
[INFO ][2015-11-09 16:13:34,221][com.java.SeleniumDriver] [ 1066] - ?   P A S S   ?
[INFO ][2015-11-09 16:13:34,221][com.java.SeleniumDriver] [  788] - ------------------------------------------
[INFO ][2015-11-09 16:13:34,221][com.java.SeleniumDriver] [  789] - Test case being Executed: 10
[INFO ][2015-11-09 16:13:34,221][com.java.SeleniumDriver] [  800] - Test step:6
[INFO ][2015-11-09 16:13:34,221][com.java.SeleniumDriver] [  812] - Datavalue is----------null
[DEBUG][2015-11-09 16:13:34,221][com.java.SeleniumDriver] [  830] - Exception: null
[INFO ][2015-11-09 16:13:34,221][com.java.SeleniumDriver] [  836] - DataField : null
[INFO ][2015-11-09 16:13:34,221][com.java.SeleniumDriver] [  838] - DataValue : 
[INFO ][2015-11-09 16:13:34,221][com.java.SeleniumDriver] [  844] - <In Set values of the page>
[INFO ][2015-11-09 16:13:34,221][com.java.SeleniumDriver] [  847] - {Data Fields & Data Values Exist}
[INFO ][2015-11-09 16:13:34,223][com.java.SeleniumDriver] [  849] - --------------------------setting values-----------------------------
[INFO ][2015-11-09 16:13:34,223][com.java.SeleniumDriver] [  852] - Action Type : WAITTIME
[DEBUG][2015-11-09 16:13:34,223][com.java.TestType] [ 3913] - sleepTime: 10000
[INFO ][2015-11-09 16:13:44,243][com.java.SeleniumDriver] [  861] -  RESULT true
[INFO ][2015-11-09 16:13:44,243][com.java.SeleniumDriver] [ 1066] - ?   P A S S   ?
[INFO ][2015-11-09 16:13:44,243][com.java.SeleniumDriver] [  788] - ------------------------------------------
[INFO ][2015-11-09 16:13:44,243][com.java.SeleniumDriver] [  789] - Test case being Executed: 10
[INFO ][2015-11-09 16:13:44,243][com.java.SeleniumDriver] [  800] - Test step:7
[INFO ][2015-11-09 16:13:44,243][com.java.SeleniumDriver] [  812] - Datavalue is----------2
[INFO ][2015-11-09 16:13:44,243][com.java.SeleniumDriver] [  836] - DataField : BTNG/L
[INFO ][2015-11-09 16:13:44,243][com.java.SeleniumDriver] [  838] - DataValue : 2
[INFO ][2015-11-09 16:13:44,243][com.java.SeleniumDriver] [  844] - <In Set values of the page>
[INFO ][2015-11-09 16:13:44,243][com.java.SeleniumDriver] [  847] - {Data Fields & Data Values Exist}
[INFO ][2015-11-09 16:13:44,243][com.java.SeleniumDriver] [  849] - --------------------------setting values-----------------------------
[INFO ][2015-11-09 16:13:44,243][com.java.SeleniumDriver] [  852] - Action Type : WAITFORELEMENT
[INFO ][2015-11-09 16:13:44,294][com.java.SeleniumDriver] [  861] -  RESULT true
[INFO ][2015-11-09 16:13:44,294][com.java.SeleniumDriver] [ 1066] - ?   P A S S   ?
[INFO ][2015-11-09 16:13:44,294][com.java.SeleniumDriver] [  788] - ------------------------------------------
[INFO ][2015-11-09 16:13:44,294][com.java.SeleniumDriver] [  789] - Test case being Executed: 10
[INFO ][2015-11-09 16:13:44,294][com.java.SeleniumDriver] [  800] - Test step:8
[INFO ][2015-11-09 16:13:44,294][com.java.SeleniumDriver] [  812] - Datavalue is----------null
[DEBUG][2015-11-09 16:13:44,294][com.java.SeleniumDriver] [  830] - Exception: null
[INFO ][2015-11-09 16:13:44,294][com.java.SeleniumDriver] [  836] - DataField : //span[@class="icon-coin"]&&//a[text()='Balance Sheet']&&//a[@data-id="BSCompare"]
[INFO ][2015-11-09 16:13:44,294][com.java.SeleniumDriver] [  838] - DataValue : 
[INFO ][2015-11-09 16:13:44,294][com.java.SeleniumDriver] [  844] - <In Set values of the page>
[INFO ][2015-11-09 16:13:44,294][com.java.SeleniumDriver] [  847] - {Data Fields & Data Values Exist}
[INFO ][2015-11-09 16:13:44,294][com.java.SeleniumDriver] [  849] - --------------------------setting values-----------------------------
[INFO ][2015-11-09 16:13:44,294][com.java.SeleniumDriver] [  852] - Action Type : MOUSEOVER
[INFO ][2015-11-09 16:13:59,771][com.java.SeleniumDriver] [  861] -  RESULT true
[INFO ][2015-11-09 16:13:59,771][com.java.SeleniumDriver] [ 1066] - ?   P A S S   ?
[INFO ][2015-11-09 16:13:59,771][com.java.SeleniumDriver] [  788] - ------------------------------------------
[INFO ][2015-11-09 16:13:59,771][com.java.SeleniumDriver] [  789] - Test case being Executed: 10
[INFO ][2015-11-09 16:13:59,771][com.java.SeleniumDriver] [  800] - Test step:9
[INFO ][2015-11-09 16:13:59,771][com.java.SeleniumDriver] [  812] - Datavalue is----------2
[INFO ][2015-11-09 16:13:59,771][com.java.SeleniumDriver] [  836] - DataField : XPH//span[contains(text(),'Show Report')]
[INFO ][2015-11-09 16:13:59,771][com.java.SeleniumDriver] [  838] - DataValue : 2
[INFO ][2015-11-09 16:13:59,771][com.java.SeleniumDriver] [  844] - <In Set values of the page>
[INFO ][2015-11-09 16:13:59,771][com.java.SeleniumDriver] [  847] - {Data Fields & Data Values Exist}
[INFO ][2015-11-09 16:13:59,771][com.java.SeleniumDriver] [  849] - --------------------------setting values-----------------------------
[INFO ][2015-11-09 16:13:59,771][com.java.SeleniumDriver] [  852] - Action Type : WAITFORELEMENT
[INFO ][2015-11-09 16:13:59,811][com.java.SeleniumDriver] [  861] -  RESULT true
[INFO ][2015-11-09 16:13:59,811][com.java.SeleniumDriver] [ 1066] - ?   P A S S   ?
[INFO ][2015-11-09 16:13:59,811][com.java.SeleniumDriver] [  788] - ------------------------------------------
[INFO ][2015-11-09 16:13:59,811][com.java.SeleniumDriver] [  789] - Test case being Executed: 10
[INFO ][2015-11-09 16:13:59,811][com.java.SeleniumDriver] [  800] - Test step:10
[INFO ][2015-11-09 16:13:59,811][com.java.SeleniumDriver] [  812] - Datavalue is----------frameDialogContent
[INFO ][2015-11-09 16:13:59,811][com.java.SeleniumDriver] [  836] - DataField : BTN
[INFO ][2015-11-09 16:13:59,811][com.java.SeleniumDriver] [  838] - DataValue : frameDialogContent
[INFO ][2015-11-09 16:13:59,811][com.java.SeleniumDriver] [  844] - <In Set values of the page>
[INFO ][2015-11-09 16:13:59,811][com.java.SeleniumDriver] [  847] - {Data Fields & Data Values Exist}
[INFO ][2015-11-09 16:13:59,811][com.java.SeleniumDriver] [  849] - --------------------------setting values-----------------------------
[INFO ][2015-11-09 16:13:59,811][com.java.SeleniumDriver] [  852] - Action Type : SELECTFRAMEBYNAME
[INFO ][2015-11-09 16:13:59,811][com.java.TestType] [ 4078] - value = frameDialogContent
[INFO ][2015-11-09 16:13:59,881][com.java.SeleniumDriver] [  861] -  RESULT true
[INFO ][2015-11-09 16:13:59,881][com.java.SeleniumDriver] [ 1066] - ?   P A S S   ?
[INFO ][2015-11-09 16:13:59,881][com.java.SeleniumDriver] [  788] - ------------------------------------------
[INFO ][2015-11-09 16:13:59,881][com.java.SeleniumDriver] [  789] - Test case being Executed: 10
[INFO ][2015-11-09 16:13:59,881][com.java.SeleniumDriver] [  800] - Test step:11
[INFO ][2015-11-09 16:13:59,881][com.java.SeleniumDriver] [  812] - Datavalue is----------4
[INFO ][2015-11-09 16:13:59,881][com.java.SeleniumDriver] [  836] - DataField : BTNcbExpandCenters
[INFO ][2015-11-09 16:13:59,881][com.java.SeleniumDriver] [  838] - DataValue : 4
[INFO ][2015-11-09 16:13:59,881][com.java.SeleniumDriver] [  844] - <In Set values of the page>
[INFO ][2015-11-09 16:13:59,881][com.java.SeleniumDriver] [  847] - {Data Fields & Data Values Exist}
[INFO ][2015-11-09 16:13:59,881][com.java.SeleniumDriver] [  849] - --------------------------setting values-----------------------------
[INFO ][2015-11-09 16:13:59,881][com.java.SeleniumDriver] [  852] - Action Type : WAITFORELEMENT
[INFO ][2015-11-09 16:14:06,213][com.java.SeleniumDriver] [  861] -  RESULT true
[INFO ][2015-11-09 16:14:06,223][com.java.SeleniumDriver] [ 1066] - ?   P A S S   ?
[INFO ][2015-11-09 16:14:06,223][com.java.SeleniumDriver] [  788] - ------------------------------------------
[INFO ][2015-11-09 16:14:06,223][com.java.SeleniumDriver] [  789] - Test case being Executed: 10
[INFO ][2015-11-09 16:14:06,223][com.java.SeleniumDriver] [  800] - Test step:12
[INFO ][2015-11-09 16:14:06,223][com.java.SeleniumDriver] [  812] - Datavalue is----------null
[DEBUG][2015-11-09 16:14:06,223][com.java.SeleniumDriver] [  830] - Exception: null
[INFO ][2015-11-09 16:14:06,223][com.java.SeleniumDriver] [  836] - DataField : HDNcbExpandCenters
[INFO ][2015-11-09 16:14:06,223][com.java.SeleniumDriver] [  838] - DataValue : 
[INFO ][2015-11-09 16:14:06,223][com.java.SeleniumDriver] [  844] - <In Set values of the page>
[INFO ][2015-11-09 16:14:06,223][com.java.SeleniumDriver] [  847] - {Data Fields & Data Values Exist}
[INFO ][2015-11-09 16:14:06,223][com.java.SeleniumDriver] [  849] - --------------------------setting values-----------------------------
[INFO ][2015-11-09 16:14:06,223][com.java.SeleniumDriver] [  852] - Action Type : CLICK
[INFO ][2015-11-09 16:14:06,223][com.java.TestType] [ 4391] - Field ::HDNcbExpandCenters
[ERROR][2015-11-09 16:14:27,184][com.java.TestType] [ 4624] - Exception in click:: null
[INFO ][2015-11-09 16:14:27,184][com.java.TestType] [ 4628] - Element ::cbExpandCenters:: not found
[INFO ][2015-11-09 16:14:27,184][com.java.SeleniumDriver] [  861] -  RESULT false
[INFO ][2015-11-09 16:14:27,184][com.java.SeleniumDriver] [  908] - ?   F A I L   ?
[INFO ][2015-11-09 16:14:27,184][com.java.SeleniumDriver] [  916] - Browser Type : IE11
[INFO ][2015-11-09 16:14:27,184][com.java.SeleniumDriver] [  917] - Adding Failed case10
[INFO ][2015-11-09 16:14:27,295][com.java.SeleniumDriver] [ 1030] - failedCases = 10
[ERROR][2015-11-09 16:14:27,295][com.java.SeleniumDriver] [ 1516] - Platform Errors : Our apologies...::We have encountered an issue with your request.::Our apologies?:We encountered an issue with your request.
[INFO ][2015-11-09 16:14:27,295][com.java.SeleniumDriver] [ 1520] - Length =3
[ERROR][2015-11-09 16:14:27,295][com.java.SeleniumDriver] [ 1523] - Error 0 = Our apologies...
[ERROR][2015-11-09 16:14:27,325][com.java.SeleniumDriver] [ 1523] - Error 1 = We have encountered an issue with your request.
[ERROR][2015-11-09 16:14:27,355][com.java.SeleniumDriver] [ 1523] - Error 2 = Our apologies?:We encountered an issue with your request.
[DEBUG][2015-11-09 16:14:27,405][com.java.SeleniumDriver] [ 1168] - Case found
[DEBUG][2015-11-09 16:14:27,405][com.java.SeleniumDriver] [ 1173] - Incrementing ReportCounters[0]:2
[INFO ][2015-11-09 16:14:27,405][com.java.SeleniumDriver] [ 1192] - The results are-------------------[10, 12, GL: Balance Sheet: Balance Sheet Report: Eliminations Negative Test, Fail, 
Test case failed at Step No. :: 12   Error Message ::  Element ::cbExpandCenters:: not found. Screen Shot : D:\BankersDashboard\TestReports\110915\10_110915_161427_IE11.png, Mon Nov 09 16:14:27 IST 2015]
[INFO ][2015-11-09 16:14:27,405][com.java.SeleniumDriver] [ 1196] - End time is-------3 min 5 sec
[INFO ][2015-11-09 16:14:27,405][com.java.SeleniumDriver] [ 1197] - The results are-------------------[10, 12, GL: Balance Sheet: Balance Sheet Report: Eliminations Negative Test, Fail, 
Test case failed at Step No. :: 12   Error Message ::  Element ::cbExpandCenters:: not found. Screen Shot : D:\BankersDashboard\TestReports\110915\10_110915_161427_IE11.png, Mon Nov 09 16:14:27 IST 2015]
[DEBUG][2015-11-09 16:14:27,405][com.java.ImportnExport.ExportTestResultsExcel] [  222] - testResultPath = D:\BankersDashboard/TestReports/Test Results_BankersDashBoard_110915_161124_IE11_Simmons First National Bank.xls
[DEBUG][2015-11-09 16:14:27,405][com.java.ImportnExport.ExportTestResultsExcel] [  223] - browser is------------IE11
[DEBUG][2015-11-09 16:14:27,405][com.java.ImportnExport.ExportTestResultsExcel] [  270] - result.size() = 6
[DEBUG][2015-11-09 16:14:27,405][com.java.ImportnExport.ExportTestResultsExcel] [  274] - No of rows in sheet=2
[DEBUG][2015-11-09 16:14:27,405][com.java.ImportnExport.ExportTestResultsExcel] [  301] - ..in export..10
[DEBUG][2015-11-09 16:14:27,405][com.java.ImportnExport.ExportTestResultsExcel] [  301] - ..in export..GL: Balance Sheet: Balance Sheet Report: Eliminations Negative Test
[DEBUG][2015-11-09 16:14:27,405][com.java.ImportnExport.ExportTestResultsExcel] [  301] - ..in export..Fail
[DEBUG][2015-11-09 16:14:27,405][com.java.ImportnExport.ExportTestResultsExcel] [  301] - ..in export..
Test case failed at Step No. :: 12   Error Message ::  Element ::cbExpandCenters:: not found. Screen Shot : D:\BankersDashboard\TestReports\110915\10_110915_161427_IE11.png
[DEBUG][2015-11-09 16:14:27,405][com.java.ImportnExport.ExportTestResultsExcel] [  301] - ..in export..Mon Nov 09 16:14:27 IST 2015
[INFO ][2015-11-09 16:14:27,405][com.java.SeleniumDriver] [ 1255] - out loop:1 size:2 TestCases:[1, 10] testcases:[1, 10]
[INFO ][2015-11-09 16:14:29,405][com.java.SeleniumDriver] [ 1297] - Total Number of Cases:2
[INFO ][2015-11-09 16:14:29,405][com.java.TemplateGenerator] [  302] - Executed:2
[INFO ][2015-11-09 16:14:29,405][com.java.TemplateGenerator] [  303] - Passed:1
[INFO ][2015-11-09 16:14:29,405][com.java.TemplateGenerator] [  304] - Failed:1
[INFO ][2015-11-09 16:14:29,405][com.java.TemplateGenerator] [  305] - Skipeed:0
[INFO ][2015-11-09 16:14:29,405][com.java.TemplateGenerator] [  306] - Application URL:https://clients-xuat.bankersdashboard.com
[INFO ][2015-11-09 16:14:29,405][com.java.TemplateGenerator] [  307] - Start Time:110915_161124
[INFO ][2015-11-09 16:14:29,405][com.java.TemplateGenerator] [  308] -  Creating HTML Report 
[ERROR][2015-11-09 16:14:29,405][com.java.TemplateGenerator] [  409] - Unparseable date: "Mon Nov 09 04:11:24 IST 2015"
[INFO ][2015-11-09 16:14:29,405][com.java.TemplateGenerator] [  654] -  Exporting case :: 1
[INFO ][2015-11-09 16:14:29,405][com.java.TemplateGenerator] [  654] -  Exporting case :: 10
[INFO ][2015-11-09 16:14:29,405][com.java.SeleniumDriver] [ 1346] - End Time:110915_161429
[INFO ][2015-11-09 16:14:29,405][com.java.SeleniumDriver] [ 1349] - Data in Test Execution Details:{1=PASS, 10=FAILTest case failed at Step No. :: 12   Error Message ::  Element ::cbExpandCenters:: not found}
[INFO ][2015-11-09 16:14:29,405][com.java.SeleniumDriver] [ 1350] - Data in Failed Execution Deatils:{}
[INFO ][2015-11-09 16:14:29,405][com.java.SeleniumDriver] [ 1352] - ReportCounter:Total:2 :: PASS: 1 ::FAIL: 1
[INFO ][2015-11-09 16:14:29,405][com.java.SeleniumDriver] [ 1353] - FailedReportCounter:Total:0 :: PASS: 0 ::FAIL: 0
[INFO ][2015-11-09 16:14:29,406][com.java.EmailTestReport] [   63] - Sending report mail details:
[INFO ][2015-11-09 16:14:29,406][com.java.EmailTestReport] [   80] - Excel Report Path:D:\BankersDashboard/TestReports/Test Results_BankersDashBoard_110915_161124_IE11_Simmons First National Bank.xls
[INFO ][2015-11-09 16:14:29,406][com.java.EmailTestReport] [   81] - HTML Report Path:D:\BankersDashboard//TestReports//Test Results_BankersDashBoard_110915_161124_IE11_Simmons First National Bank.html
[INFO ][2015-11-09 16:14:29,406][com.java.EmailTestReport] [   82] - smtpHostName:mail01.valuelabs.com
[INFO ][2015-11-09 16:14:29,406][com.java.EmailTestReport] [   83] - Recipient:venkateswararao.gubbala@valuelabs.com
[INFO ][2015-11-09 16:14:29,406][com.java.EmailTestReport] [   84] - From:venkateswararao.gubbala@valuelabs.com
[INFO ][2015-11-09 16:14:29,406][com.java.EmailTestReport] [   85] - Subject:Deluxe Corp Bankers Dashboard Automation Test Report - Simmons First National Bank - IE11
[INFO ][2015-11-09 16:14:29,436][com.java.EmailTestReport] [  143] -  Added venkateswararao.gubbala@valuelabs.com
