[INFO ][2015-11-06 12:29:14,007][com.java.SeleniumDriver] [  213] - Execute Failed Casesfalse
[INFO ][2015-11-06 12:29:14,008][com.java.SeleniumDriver] [  214] - Browser: IE11
[INFO ][2015-11-06 12:29:14,008][com.java.SeleniumDriver] [  215] - [1, 3]
[INFO ][2015-11-06 12:29:14,008][com.java.SeleniumDriver] [  216] - Total TestCases:2
[INFO ][2015-11-06 12:29:14,008][com.java.SeleniumDriver] [  217] -  Reading Properties from Property File 
[DEBUG][2015-11-06 12:29:14,008][com.java.SeleniumDriver] [  238] - url : https://clients-xuat.bankersdashboard.com
[INFO ][2015-11-06 12:29:14,009][com.java.ImportnExport.ExportTestResultsExcel] [  116] - Time Stamp Fri Nov 06 12:29:13 IST 2015
[INFO ][2015-11-06 12:29:14,009][com.java.ImportnExport.ExportTestResultsExcel] [  175] - OUT FILE : D:\BankersDashboard/TestReports/Test Results_BankersDashBoard_110615_122913_IE11_Any Bank USA.xls
[INFO ][2015-11-06 12:29:14,036][com.java.ImportnExport.ExportTestResultsExcel] [  180] - Test Result file is created
[DEBUG][2015-11-06 12:29:14,141][com.java.SeleniumDriver] [  425] - Hub ip address is-------172.17.68.34
[INFO ][2015-11-06 12:29:14,142][com.java.SeleniumDriver] [  451] - Grid URL:http://172.17.68.34:4444/wd/hub
[INFO ][2015-11-06 12:29:14,142][com.java.SeleniumDriver] [  452] - Capability:Capabilities [{platform=ANY, ensureCleanSession=true, ignoreProtectedModeSettings=true, acceptSslCerts=true, ignoreZoomSetting=true, browserName=internet explorer, browserstack.ie.noFlash=true, version=Node1}]
[ERROR][2015-11-06 12:29:15,433][com.java.SeleniumDriver] [  496] - Unable invoke browser in grid:Could not start a new session. Possible causes are invalid address of the remote server or browser start-up failure.
Build info: version: '2.48.2', revision: '41bccdd', time: '2015-10-09 19:59:12'
System info: host: 'FVTIII438F1D', ip: '172.17.68.34', os.name: 'Windows 7', os.arch: 'x86', os.version: '6.1', java.version: '1.7.0_55'
Driver info: driver.version: SeleniumDriver
[INFO ][2015-11-06 12:29:15,433][com.java.SeleniumDriver] [  498] - Executing on local machine
[INFO ][2015-11-06 12:29:24,615][com.java.SeleniumDriver] [  248] - IE11is opened
[INFO ][2015-11-06 12:29:26,041][com.java.SeleniumDriver] [  752] - Test cases to be executed are: [1, 3]
[INFO ][2015-11-06 12:29:26,041][com.java.ImportnExport.ImportTestDataDetailsExcel] [   49] - test data details path===== D:\BankersDashboard\TestInputs\TestData.xls
[INFO ][2015-11-06 12:29:37,232][com.java.SeleniumDriver] [  788] - ------------------------------------------
[INFO ][2015-11-06 12:29:37,232][com.java.SeleniumDriver] [  789] - Test case being Executed: 1
[INFO ][2015-11-06 12:29:37,248][com.java.SeleniumDriver] [  800] - Test step:1
[INFO ][2015-11-06 12:29:37,248][com.java.SeleniumDriver] [  812] - Datavalue is----------Concept#1:1-14
[INFO ][2015-11-06 12:29:37,248][com.java.SeleniumDriver] [  836] - DataField : test
[INFO ][2015-11-06 12:29:37,248][com.java.SeleniumDriver] [  838] - DataValue : Concept#1:1-14
[INFO ][2015-11-06 12:29:37,248][com.java.SeleniumDriver] [  844] - <In Set values of the page>
[INFO ][2015-11-06 12:29:37,248][com.java.SeleniumDriver] [  847] - {Data Fields & Data Values Exist}
[INFO ][2015-11-06 12:29:37,248][com.java.SeleniumDriver] [  849] - --------------------------setting values-----------------------------
[INFO ][2015-11-06 12:29:37,248][com.java.SeleniumDriver] [  852] - Action Type : ExecuteTestCase
[INFO ][2015-11-06 12:29:37,267][com.java.TestType] [  414] - The Concept sheet name is ---------- Concept
[INFO ][2015-11-06 12:29:37,267][com.java.TestType] [  417] - The Concept ID  is ---------- 1
[DEBUG][2015-11-06 12:29:37,267][com.java.TestType] [  421] - Steps being executted in the Concept are: 1:14
[INFO ][2015-11-06 12:29:37,267][com.java.TestType] [  428] - Test data details path ---------- D:\BankersDashboard\TestInputs\TestData.xls
[INFO ][2015-11-06 12:29:37,297][com.java.TestType] [  459] -  str(1) = 1
[INFO ][2015-11-06 12:29:37,297][com.java.TestType] [  462] - Test case Id is---1
[INFO ][2015-11-06 12:29:37,297][com.java.TestType] [  464] - 1
[INFO ][2015-11-06 12:29:37,298][com.java.TestType] [  459] -  str(2) = 1
[INFO ][2015-11-06 12:29:37,300][com.java.TestType] [  511] - row values are--------{1=com.java.Objects.TestDataDetails@1cae761}
[INFO ][2015-11-06 12:29:37,300][com.java.TestType] [  459] -  str(1) = 1
[INFO ][2015-11-06 12:29:37,300][com.java.TestType] [  462] - Test case Id is---1
[INFO ][2015-11-06 12:29:37,300][com.java.TestType] [  464] - 1
[INFO ][2015-11-06 12:29:37,301][com.java.TestType] [  459] -  str(2) = 2
[INFO ][2015-11-06 12:29:37,302][com.java.TestType] [  511] - row values are--------{1=com.java.Objects.TestDataDetails@1cae761, 2=com.java.Objects.TestDataDetails@abd44}
[INFO ][2015-11-06 12:29:37,302][com.java.TestType] [  459] -  str(1) = 1
[INFO ][2015-11-06 12:29:37,302][com.java.TestType] [  462] - Test case Id is---1
[INFO ][2015-11-06 12:29:37,302][com.java.TestType] [  464] - 1
[INFO ][2015-11-06 12:29:37,302][com.java.TestType] [  459] -  str(2) = 3
[INFO ][2015-11-06 12:29:37,305][com.java.TestType] [  511] - row values are--------{1=com.java.Objects.TestDataDetails@1cae761, 2=com.java.Objects.TestDataDetails@abd44, 3=com.java.Objects.TestDataDetails@1d4f42a}
[INFO ][2015-11-06 12:29:37,305][com.java.TestType] [  459] -  str(1) = 1
[INFO ][2015-11-06 12:29:37,306][com.java.TestType] [  462] - Test case Id is---1
[INFO ][2015-11-06 12:29:37,306][com.java.TestType] [  464] - 1
[INFO ][2015-11-06 12:29:37,306][com.java.TestType] [  459] -  str(2) = 4
[INFO ][2015-11-06 12:29:37,307][com.java.TestType] [  511] - row values are--------{1=com.java.Objects.TestDataDetails@1cae761, 2=com.java.Objects.TestDataDetails@abd44, 3=com.java.Objects.TestDataDetails@1d4f42a, 4=com.java.Objects.TestDataDetails@14f8e8b}
[INFO ][2015-11-06 12:29:37,307][com.java.TestType] [  459] -  str(1) = 1
[INFO ][2015-11-06 12:29:37,307][com.java.TestType] [  462] - Test case Id is---1
[INFO ][2015-11-06 12:29:37,307][com.java.TestType] [  464] - 1
[INFO ][2015-11-06 12:29:37,308][com.java.TestType] [  459] -  str(2) = 5
[INFO ][2015-11-06 12:29:37,309][com.java.TestType] [  511] - row values are--------{1=com.java.Objects.TestDataDetails@1cae761, 2=com.java.Objects.TestDataDetails@abd44, 3=com.java.Objects.TestDataDetails@1d4f42a, 4=com.java.Objects.TestDataDetails@14f8e8b, 5=com.java.Objects.TestDataDetails@f82888}
[INFO ][2015-11-06 12:29:37,309][com.java.TestType] [  459] -  str(1) = 1
[INFO ][2015-11-06 12:29:37,309][com.java.TestType] [  462] - Test case Id is---1
[INFO ][2015-11-06 12:29:37,309][com.java.TestType] [  464] - 1
[INFO ][2015-11-06 12:29:37,309][com.java.TestType] [  459] -  str(2) = 6
[INFO ][2015-11-06 12:29:37,310][com.java.TestType] [  511] - row values are--------{1=com.java.Objects.TestDataDetails@1cae761, 2=com.java.Objects.TestDataDetails@abd44, 3=com.java.Objects.TestDataDetails@1d4f42a, 4=com.java.Objects.TestDataDetails@14f8e8b, 5=com.java.Objects.TestDataDetails@f82888, 6=com.java.Objects.TestDataDetails@11d900d}
[INFO ][2015-11-06 12:29:37,310][com.java.TestType] [  459] -  str(1) = 1
[INFO ][2015-11-06 12:29:37,310][com.java.TestType] [  462] - Test case Id is---1
[INFO ][2015-11-06 12:29:37,310][com.java.TestType] [  464] - 1
[INFO ][2015-11-06 12:29:37,310][com.java.TestType] [  459] -  str(2) = 7
[INFO ][2015-11-06 12:29:37,311][com.java.TestType] [  511] - row values are--------{1=com.java.Objects.TestDataDetails@1cae761, 2=com.java.Objects.TestDataDetails@abd44, 3=com.java.Objects.TestDataDetails@1d4f42a, 4=com.java.Objects.TestDataDetails@14f8e8b, 5=com.java.Objects.TestDataDetails@f82888, 6=com.java.Objects.TestDataDetails@11d900d, 7=com.java.Objects.TestDataDetails@a22be9}
[INFO ][2015-11-06 12:29:37,311][com.java.TestType] [  459] -  str(1) = 1
[INFO ][2015-11-06 12:29:37,311][com.java.TestType] [  462] - Test case Id is---1
[INFO ][2015-11-06 12:29:37,311][com.java.TestType] [  464] - 1
[INFO ][2015-11-06 12:29:37,311][com.java.TestType] [  459] -  str(2) = 8
[INFO ][2015-11-06 12:29:37,312][com.java.TestType] [  511] - row values are--------{1=com.java.Objects.TestDataDetails@1cae761, 2=com.java.Objects.TestDataDetails@abd44, 3=com.java.Objects.TestDataDetails@1d4f42a, 4=com.java.Objects.TestDataDetails@14f8e8b, 5=com.java.Objects.TestDataDetails@f82888, 6=com.java.Objects.TestDataDetails@11d900d, 7=com.java.Objects.TestDataDetails@a22be9, 8=com.java.Objects.TestDataDetails@13115ab}
[INFO ][2015-11-06 12:29:37,312][com.java.TestType] [  459] -  str(1) = 1
[INFO ][2015-11-06 12:29:37,312][com.java.TestType] [  462] - Test case Id is---1
[INFO ][2015-11-06 12:29:37,313][com.java.TestType] [  464] - 1
[INFO ][2015-11-06 12:29:37,313][com.java.TestType] [  459] -  str(2) = 9
[INFO ][2015-11-06 12:29:37,314][com.java.TestType] [  511] - row values are--------{1=com.java.Objects.TestDataDetails@1cae761, 2=com.java.Objects.TestDataDetails@abd44, 3=com.java.Objects.TestDataDetails@1d4f42a, 4=com.java.Objects.TestDataDetails@14f8e8b, 5=com.java.Objects.TestDataDetails@f82888, 6=com.java.Objects.TestDataDetails@11d900d, 7=com.java.Objects.TestDataDetails@a22be9, 8=com.java.Objects.TestDataDetails@13115ab, 9=com.java.Objects.TestDataDetails@13dca05}
[INFO ][2015-11-06 12:29:37,314][com.java.TestType] [  459] -  str(1) = 1
[INFO ][2015-11-06 12:29:37,314][com.java.TestType] [  462] - Test case Id is---1
[INFO ][2015-11-06 12:29:37,315][com.java.TestType] [  464] - 1
[INFO ][2015-11-06 12:29:37,315][com.java.TestType] [  459] -  str(2) = 10
[INFO ][2015-11-06 12:29:37,315][com.java.TestType] [  511] - row values are--------{1=com.java.Objects.TestDataDetails@1cae761, 2=com.java.Objects.TestDataDetails@abd44, 3=com.java.Objects.TestDataDetails@1d4f42a, 4=com.java.Objects.TestDataDetails@14f8e8b, 5=com.java.Objects.TestDataDetails@f82888, 6=com.java.Objects.TestDataDetails@11d900d, 7=com.java.Objects.TestDataDetails@a22be9, 8=com.java.Objects.TestDataDetails@13115ab, 9=com.java.Objects.TestDataDetails@13dca05, 10=com.java.Objects.TestDataDetails@16833a4}
[INFO ][2015-11-06 12:29:37,316][com.java.TestType] [  459] -  str(1) = 1
[INFO ][2015-11-06 12:29:37,316][com.java.TestType] [  462] - Test case Id is---1
[INFO ][2015-11-06 12:29:37,316][com.java.TestType] [  464] - 1
[INFO ][2015-11-06 12:29:37,316][com.java.TestType] [  459] -  str(2) = 11
[INFO ][2015-11-06 12:29:37,317][com.java.TestType] [  511] - row values are--------{1=com.java.Objects.TestDataDetails@1cae761, 2=com.java.Objects.TestDataDetails@abd44, 3=com.java.Objects.TestDataDetails@1d4f42a, 4=com.java.Objects.TestDataDetails@14f8e8b, 5=com.java.Objects.TestDataDetails@f82888, 6=com.java.Objects.TestDataDetails@11d900d, 7=com.java.Objects.TestDataDetails@a22be9, 8=com.java.Objects.TestDataDetails@13115ab, 9=com.java.Objects.TestDataDetails@13dca05, 10=com.java.Objects.TestDataDetails@16833a4, 11=com.java.Objects.TestDataDetails@14cb9c6}
[INFO ][2015-11-06 12:29:37,317][com.java.TestType] [  459] -  str(1) = 1
[INFO ][2015-11-06 12:29:37,317][com.java.TestType] [  462] - Test case Id is---1
[INFO ][2015-11-06 12:29:37,317][com.java.TestType] [  464] - 1
[INFO ][2015-11-06 12:29:37,317][com.java.TestType] [  459] -  str(2) = 12
[INFO ][2015-11-06 12:29:37,318][com.java.TestType] [  511] - row values are--------{1=com.java.Objects.TestDataDetails@1cae761, 2=com.java.Objects.TestDataDetails@abd44, 3=com.java.Objects.TestDataDetails@1d4f42a, 4=com.java.Objects.TestDataDetails@14f8e8b, 5=com.java.Objects.TestDataDetails@f82888, 6=com.java.Objects.TestDataDetails@11d900d, 7=com.java.Objects.TestDataDetails@a22be9, 8=com.java.Objects.TestDataDetails@13115ab, 9=com.java.Objects.TestDataDetails@13dca05, 10=com.java.Objects.TestDataDetails@16833a4, 11=com.java.Objects.TestDataDetails@14cb9c6, 12=com.java.Objects.TestDataDetails@1448fa0}
[INFO ][2015-11-06 12:29:37,318][com.java.TestType] [  459] -  str(1) = 1
[INFO ][2015-11-06 12:29:37,318][com.java.TestType] [  462] - Test case Id is---1
[INFO ][2015-11-06 12:29:37,318][com.java.TestType] [  464] - 1
[INFO ][2015-11-06 12:29:37,318][com.java.TestType] [  459] -  str(2) = 13
[INFO ][2015-11-06 12:29:37,319][com.java.TestType] [  511] - row values are--------{1=com.java.Objects.TestDataDetails@1cae761, 2=com.java.Objects.TestDataDetails@abd44, 3=com.java.Objects.TestDataDetails@1d4f42a, 4=com.java.Objects.TestDataDetails@14f8e8b, 5=com.java.Objects.TestDataDetails@f82888, 6=com.java.Objects.TestDataDetails@11d900d, 7=com.java.Objects.TestDataDetails@a22be9, 8=com.java.Objects.TestDataDetails@13115ab, 9=com.java.Objects.TestDataDetails@13dca05, 10=com.java.Objects.TestDataDetails@16833a4, 11=com.java.Objects.TestDataDetails@14cb9c6, 12=com.java.Objects.TestDataDetails@1448fa0, 13=com.java.Objects.TestDataDetails@108bc5a}
[INFO ][2015-11-06 12:29:37,319][com.java.TestType] [  459] -  str(1) = 1
[INFO ][2015-11-06 12:29:37,319][com.java.TestType] [  462] - Test case Id is---1
[INFO ][2015-11-06 12:29:37,319][com.java.TestType] [  464] - 1
[INFO ][2015-11-06 12:29:37,319][com.java.TestType] [  459] -  str(2) = 14
[INFO ][2015-11-06 12:29:37,320][com.java.TestType] [  511] - row values are--------{1=com.java.Objects.TestDataDetails@1cae761, 2=com.java.Objects.TestDataDetails@abd44, 3=com.java.Objects.TestDataDetails@1d4f42a, 4=com.java.Objects.TestDataDetails@14f8e8b, 5=com.java.Objects.TestDataDetails@f82888, 6=com.java.Objects.TestDataDetails@11d900d, 7=com.java.Objects.TestDataDetails@a22be9, 8=com.java.Objects.TestDataDetails@13115ab, 9=com.java.Objects.TestDataDetails@13dca05, 10=com.java.Objects.TestDataDetails@16833a4, 11=com.java.Objects.TestDataDetails@14cb9c6, 12=com.java.Objects.TestDataDetails@1448fa0, 13=com.java.Objects.TestDataDetails@108bc5a, 14=com.java.Objects.TestDataDetails@c0017a}
[INFO ][2015-11-06 12:29:37,320][com.java.TestType] [ 7996] - Looping 1TCID = 1
[DEBUG][2015-11-06 12:29:37,320][com.java.TestType] [ 8037] - Concept ID:1 :: Step being Executed: 1::1
[INFO ][2015-11-06 12:29:37,320][com.java.TestType] [ 8075] - dataFields : TXTusername
[DEBUG][2015-11-06 12:29:37,320][com.java.TestType] [ 8081] - <In Set values of the page>
[DEBUG][2015-11-06 12:29:37,320][com.java.TestType] [ 8086] - {Data Fields & Data Values Exist}
[INFO ][2015-11-06 12:29:37,320][com.java.TestType] [ 8092] - --------------------------setting values-----------------------------
[INFO ][2015-11-06 12:29:37,320][com.java.TestType] [ 8095] - Action Type : CLEARANDENTER
[INFO ][2015-11-06 12:29:37,321][com.java.TestType] [ 3847] - value = naresh.nayini.00000
[INFO ][2015-11-06 12:29:42,167][com.java.TestType] [ 8114] -  RESULT true
[INFO ][2015-11-06 12:29:42,167][com.java.TestType] [ 8231] - ?   P A S S   ?
[DEBUG][2015-11-06 12:29:42,167][com.java.TestType] [ 8037] - Concept ID:1 :: Step being Executed: 1::2
[INFO ][2015-11-06 12:29:42,167][com.java.TestType] [ 8075] - dataFields : TXTpassword
[DEBUG][2015-11-06 12:29:42,167][com.java.TestType] [ 8081] - <In Set values of the page>
[DEBUG][2015-11-06 12:29:42,167][com.java.TestType] [ 8086] - {Data Fields & Data Values Exist}
[INFO ][2015-11-06 12:29:42,167][com.java.TestType] [ 8092] - --------------------------setting values-----------------------------
[INFO ][2015-11-06 12:29:42,168][com.java.TestType] [ 8095] - Action Type : CLEARANDENTER
[INFO ][2015-11-06 12:29:42,168][com.java.TestType] [ 3847] - value = Password1*
[INFO ][2015-11-06 12:29:47,104][com.java.TestType] [ 8114] -  RESULT true
[INFO ][2015-11-06 12:29:47,104][com.java.TestType] [ 8231] - ?   P A S S   ?
[DEBUG][2015-11-06 12:29:47,104][com.java.TestType] [ 8037] - Concept ID:1 :: Step being Executed: 1::3
[ERROR][2015-11-06 12:29:47,105][com.java.TestType] [ 8070] - Exception: null
[INFO ][2015-11-06 12:29:47,105][com.java.TestType] [ 8075] - dataFields : XPH//button[@type='submit']
[DEBUG][2015-11-06 12:29:47,105][com.java.TestType] [ 8081] - <In Set values of the page>
[DEBUG][2015-11-06 12:29:47,105][com.java.TestType] [ 8086] - {Data Fields & Data Values Exist}
[INFO ][2015-11-06 12:29:47,105][com.java.TestType] [ 8092] - --------------------------setting values-----------------------------
[INFO ][2015-11-06 12:29:47,105][com.java.TestType] [ 8095] - Action Type : Click
[INFO ][2015-11-06 12:29:47,105][com.java.TestType] [ 4160] - Field ::XPH//button[@type='submit']
[INFO ][2015-11-06 12:29:48,106][com.java.TestType] [ 4219] - BEFORE CLICK
[INFO ][2015-11-06 12:29:56,119][com.java.TestType] [ 4227] - Unable to click the object Login
[INFO ][2015-11-06 12:29:56,119][com.java.TestType] [ 8114] -  RESULT true
[INFO ][2015-11-06 12:29:56,119][com.java.TestType] [ 8231] - ?   P A S S   ?
[DEBUG][2015-11-06 12:29:56,119][com.java.TestType] [ 8037] - Concept ID:1 :: Step being Executed: 1::4
[INFO ][2015-11-06 12:29:56,119][com.java.TestType] [ 8075] - dataFields : LNKLogout
[DEBUG][2015-11-06 12:29:56,119][com.java.TestType] [ 8081] - <In Set values of the page>
[DEBUG][2015-11-06 12:29:56,119][com.java.TestType] [ 8086] - {Data Fields & Data Values Exist}
[INFO ][2015-11-06 12:29:56,119][com.java.TestType] [ 8092] - --------------------------setting values-----------------------------
[INFO ][2015-11-06 12:29:56,119][com.java.TestType] [ 8095] - Action Type : WaitForElement
[INFO ][2015-11-06 12:29:56,155][com.java.TestType] [ 8114] -  RESULT true
[INFO ][2015-11-06 12:29:56,155][com.java.TestType] [ 8231] - ?   P A S S   ?
[DEBUG][2015-11-06 12:29:56,155][com.java.TestType] [ 8037] - Concept ID:1 :: Step being Executed: 1::13
[INFO ][2015-11-06 12:29:56,155][com.java.TestType] [ 8075] - dataFields : LNK
[DEBUG][2015-11-06 12:29:56,156][com.java.TestType] [ 8081] - <In Set values of the page>
[DEBUG][2015-11-06 12:29:56,157][com.java.TestType] [ 8086] - {Data Fields & Data Values Exist}
[INFO ][2015-11-06 12:29:56,157][com.java.TestType] [ 8092] - --------------------------setting values-----------------------------
[INFO ][2015-11-06 12:29:56,157][com.java.TestType] [ 8095] - Action Type : Verify
[INFO ][2015-11-06 12:29:56,157][com.java.TestType] [ 4973] - field= LNK value= Logout
[INFO ][2015-11-06 12:29:56,158][com.java.TestType] [ 3847] - value = Logout
[INFO ][2015-11-06 12:29:56,193][com.java.TestType] [ 8114] -  RESULT true
[INFO ][2015-11-06 12:29:56,193][com.java.TestType] [ 8231] - ?   P A S S   ?
[DEBUG][2015-11-06 12:29:56,193][com.java.TestType] [ 8037] - Concept ID:1 :: Step being Executed: 1::14
[INFO ][2015-11-06 12:29:56,193][com.java.TestType] [ 8075] - dataFields : BTN
[DEBUG][2015-11-06 12:29:56,193][com.java.TestType] [ 8081] - <In Set values of the page>
[DEBUG][2015-11-06 12:29:56,194][com.java.TestType] [ 8086] - {Data Fields & Data Values Exist}
[INFO ][2015-11-06 12:29:56,194][com.java.TestType] [ 8092] - --------------------------setting values-----------------------------
[INFO ][2015-11-06 12:29:56,194][com.java.TestType] [ 8095] - Action Type : Verify
[INFO ][2015-11-06 12:29:56,194][com.java.TestType] [ 4973] - field= BTN value= //img[contains(@src,'bdlogo.jpg')]
[INFO ][2015-11-06 12:29:56,194][com.java.TestType] [ 3847] - value = //img[contains(@src,'bdlogo.jpg')]
[INFO ][2015-11-06 12:29:56,238][com.java.TestType] [ 8114] -  RESULT true
[INFO ][2015-11-06 12:29:56,238][com.java.TestType] [ 8231] - ?   P A S S   ?
[INFO ][2015-11-06 12:29:56,238][com.java.TestType] [ 8302] - Looping End......
[INFO ][2015-11-06 12:29:56,242][com.java.SeleniumDriver] [  861] -  RESULT true
[INFO ][2015-11-06 12:29:56,242][com.java.SeleniumDriver] [ 1066] - ?   P A S S   ?
[INFO ][2015-11-06 12:29:56,242][com.java.SeleniumDriver] [  788] - ------------------------------------------
[INFO ][2015-11-06 12:29:56,242][com.java.SeleniumDriver] [  789] - Test case being Executed: 1
[INFO ][2015-11-06 12:29:56,242][com.java.SeleniumDriver] [  800] - Test step:2
[INFO ][2015-11-06 12:29:56,242][com.java.SeleniumDriver] [  812] - Datavalue is----------Concept#2:1-2
[INFO ][2015-11-06 12:29:56,242][com.java.SeleniumDriver] [  836] - DataField : test
[INFO ][2015-11-06 12:29:56,242][com.java.SeleniumDriver] [  838] - DataValue : Concept#2:1-2
[INFO ][2015-11-06 12:29:56,242][com.java.SeleniumDriver] [  844] - <In Set values of the page>
[INFO ][2015-11-06 12:29:56,243][com.java.SeleniumDriver] [  847] - {Data Fields & Data Values Exist}
[INFO ][2015-11-06 12:29:56,243][com.java.SeleniumDriver] [  849] - --------------------------setting values-----------------------------
[INFO ][2015-11-06 12:29:56,243][com.java.SeleniumDriver] [  852] - Action Type : ExecuteTestCase
[INFO ][2015-11-06 12:29:56,243][com.java.TestType] [  414] - The Concept sheet name is ---------- Concept
[INFO ][2015-11-06 12:29:56,243][com.java.TestType] [  417] - The Concept ID  is ---------- 2
[DEBUG][2015-11-06 12:29:56,243][com.java.TestType] [  421] - Steps being executted in the Concept are: 1:2
[INFO ][2015-11-06 12:29:56,243][com.java.TestType] [  428] - Test data details path ---------- D:\BankersDashboard\TestInputs\TestData.xls
[INFO ][2015-11-06 12:29:56,277][com.java.TestType] [  459] -  str(1) = 2
[INFO ][2015-11-06 12:29:56,277][com.java.TestType] [  462] - Test case Id is---2
[INFO ][2015-11-06 12:29:56,277][com.java.TestType] [  464] - 2
[INFO ][2015-11-06 12:29:56,277][com.java.TestType] [  459] -  str(2) = 1
[INFO ][2015-11-06 12:29:56,279][com.java.TestType] [  511] - row values are--------{1=com.java.Objects.TestDataDetails@8f39eb}
[INFO ][2015-11-06 12:29:56,279][com.java.TestType] [  459] -  str(1) = 2
[INFO ][2015-11-06 12:29:56,279][com.java.TestType] [  462] - Test case Id is---2
[INFO ][2015-11-06 12:29:56,279][com.java.TestType] [  464] - 2
[INFO ][2015-11-06 12:29:56,279][com.java.TestType] [  459] -  str(2) = 2
[INFO ][2015-11-06 12:29:56,279][com.java.TestType] [  511] - row values are--------{1=com.java.Objects.TestDataDetails@8f39eb, 2=com.java.Objects.TestDataDetails@dc2753}
[INFO ][2015-11-06 12:29:56,280][com.java.TestType] [  459] -  str(1) = 2
[INFO ][2015-11-06 12:29:56,280][com.java.TestType] [  462] - Test case Id is---2
[INFO ][2015-11-06 12:29:56,280][com.java.TestType] [  464] - 2
[INFO ][2015-11-06 12:29:56,280][com.java.TestType] [  459] -  str(2) = 3
[INFO ][2015-11-06 12:29:56,280][com.java.TestType] [  511] - row values are--------{1=com.java.Objects.TestDataDetails@8f39eb, 2=com.java.Objects.TestDataDetails@dc2753, 3=com.java.Objects.TestDataDetails@7dd212}
[INFO ][2015-11-06 12:29:56,280][com.java.TestType] [ 7996] - Looping 1TCID = 2
[DEBUG][2015-11-06 12:29:56,281][com.java.TestType] [ 8037] - Concept ID:2 :: Step being Executed: 2::1
[INFO ][2015-11-06 12:29:56,281][com.java.TestType] [ 8075] - dataFields : BNK//select[@id='bank']
[DEBUG][2015-11-06 12:29:56,281][com.java.TestType] [ 8081] - <In Set values of the page>
[DEBUG][2015-11-06 12:29:56,281][com.java.TestType] [ 8086] - {Data Fields & Data Values Exist}
[INFO ][2015-11-06 12:29:56,281][com.java.TestType] [ 8092] - --------------------------setting values-----------------------------
[INFO ][2015-11-06 12:29:56,281][com.java.TestType] [ 8095] - Action Type : Select
[INFO ][2015-11-06 12:29:56,281][com.java.TestType] [ 3847] - value = PFC
[INFO ][2015-11-06 12:29:56,486][com.java.TestType] [ 8114] -  RESULT true
[INFO ][2015-11-06 12:29:56,486][com.java.TestType] [ 8231] - ?   P A S S   ?
[DEBUG][2015-11-06 12:29:56,486][com.java.TestType] [ 8037] - Concept ID:2 :: Step being Executed: 2::2
[INFO ][2015-11-06 12:29:56,486][com.java.TestType] [ 8075] - dataFields : LNKLogout
[DEBUG][2015-11-06 12:29:56,486][com.java.TestType] [ 8081] - <In Set values of the page>
[DEBUG][2015-11-06 12:29:56,486][com.java.TestType] [ 8086] - {Data Fields & Data Values Exist}
[INFO ][2015-11-06 12:29:56,486][com.java.TestType] [ 8092] - --------------------------setting values-----------------------------
[INFO ][2015-11-06 12:29:56,486][com.java.TestType] [ 8095] - Action Type : WaitTime
[DEBUG][2015-11-06 12:29:56,487][com.java.TestType] [ 3746] - sleepTime: 5000
[INFO ][2015-11-06 12:30:01,488][com.java.TestType] [ 8114] -  RESULT true
[INFO ][2015-11-06 12:30:01,488][com.java.TestType] [ 8231] - ?   P A S S   ?
[INFO ][2015-11-06 12:30:01,488][com.java.TestType] [ 8302] - Looping End......
[INFO ][2015-11-06 12:30:01,492][com.java.SeleniumDriver] [  861] -  RESULT true
[INFO ][2015-11-06 12:30:01,492][com.java.SeleniumDriver] [ 1066] - ?   P A S S   ?
[INFO ][2015-11-06 12:30:01,493][com.java.SeleniumDriver] [  788] - ------------------------------------------
[INFO ][2015-11-06 12:30:01,493][com.java.SeleniumDriver] [  789] - Test case being Executed: 1
[INFO ][2015-11-06 12:30:01,493][com.java.SeleniumDriver] [  800] - Test step:3
[INFO ][2015-11-06 12:30:01,493][com.java.SeleniumDriver] [  812] - Datavalue is----------2
[INFO ][2015-11-06 12:30:01,493][com.java.SeleniumDriver] [  836] - DataField : XPH//button[contains(text(),'Add Content')]
[INFO ][2015-11-06 12:30:01,493][com.java.SeleniumDriver] [  838] - DataValue : 2
[INFO ][2015-11-06 12:30:01,493][com.java.SeleniumDriver] [  844] - <In Set values of the page>
[INFO ][2015-11-06 12:30:01,493][com.java.SeleniumDriver] [  847] - {Data Fields & Data Values Exist}
[INFO ][2015-11-06 12:30:01,493][com.java.SeleniumDriver] [  849] - --------------------------setting values-----------------------------
[INFO ][2015-11-06 12:30:01,493][com.java.SeleniumDriver] [  852] - Action Type : WAITFORELEMENT
[INFO ][2015-11-06 12:30:01,647][com.java.SeleniumDriver] [  861] -  RESULT true
[INFO ][2015-11-06 12:30:01,647][com.java.SeleniumDriver] [ 1066] - ?   P A S S   ?
[DEBUG][2015-11-06 12:30:01,647][com.java.SeleniumDriver] [ 1168] - Case found
[DEBUG][2015-11-06 12:30:01,647][com.java.SeleniumDriver] [ 1173] - Incrementing ReportCounters[0]:1
[INFO ][2015-11-06 12:30:01,647][com.java.SeleniumDriver] [ 1192] - The results are-------------------[1, 1, Valid Login, Pass, , Fri Nov 06 12:29:56 IST 2015, 1, 2, Valid Login, Pass, , Fri Nov 06 12:30:01 IST 2015, 1, 3, Valid Login, Pass, , Fri Nov 06 12:30:01 IST 2015]
[INFO ][2015-11-06 12:30:01,647][com.java.SeleniumDriver] [ 1196] - End time is-------49 sec
[INFO ][2015-11-06 12:30:01,647][com.java.SeleniumDriver] [ 1197] - The results are-------------------[1, 1, Valid Login, Pass, , Fri Nov 06 12:29:56 IST 2015, 1, 2, Valid Login, Pass, , Fri Nov 06 12:30:01 IST 2015, 1, 3, Valid Login, Pass, , Fri Nov 06 12:30:01 IST 2015]
[DEBUG][2015-11-06 12:30:01,648][com.java.ImportnExport.ExportTestResultsExcel] [  222] - testResultPath = D:\BankersDashboard/TestReports/Test Results_BankersDashBoard_110615_122913_IE11_Any Bank USA.xls
[DEBUG][2015-11-06 12:30:01,648][com.java.ImportnExport.ExportTestResultsExcel] [  223] - browser is------------IE11
[DEBUG][2015-11-06 12:30:01,689][com.java.ImportnExport.ExportTestResultsExcel] [  270] - result.size() = 18
[DEBUG][2015-11-06 12:30:01,689][com.java.ImportnExport.ExportTestResultsExcel] [  274] - No of rows in sheet=1
[DEBUG][2015-11-06 12:30:01,689][com.java.ImportnExport.ExportTestResultsExcel] [  301] - ..in export..1
[DEBUG][2015-11-06 12:30:01,689][com.java.ImportnExport.ExportTestResultsExcel] [  301] - ..in export..Valid Login
[DEBUG][2015-11-06 12:30:01,689][com.java.ImportnExport.ExportTestResultsExcel] [  301] - ..in export..Pass
[DEBUG][2015-11-06 12:30:01,689][com.java.ImportnExport.ExportTestResultsExcel] [  301] - ..in export..
[DEBUG][2015-11-06 12:30:01,689][com.java.ImportnExport.ExportTestResultsExcel] [  301] - ..in export..Fri Nov 06 12:29:56 IST 2015
[INFO ][2015-11-06 12:30:01,692][com.java.SeleniumDriver] [ 1255] - out loop:0 size:2 TestCases:[1, 3] testcases:[1, 3]
[INFO ][2015-11-06 12:30:01,692][com.java.ImportnExport.ImportTestDataDetailsExcel] [   49] - test data details path===== D:\BankersDashboard\TestInputs\TestData.xls
[INFO ][2015-11-06 12:30:15,130][com.java.SeleniumDriver] [  788] - ------------------------------------------
[INFO ][2015-11-06 12:30:15,130][com.java.SeleniumDriver] [  789] - Test case being Executed: 3
[INFO ][2015-11-06 12:30:15,130][com.java.SeleniumDriver] [  800] - Test step:1
[INFO ][2015-11-06 12:30:15,130][com.java.SeleniumDriver] [  812] - Datavalue is----------null
[DEBUG][2015-11-06 12:30:15,130][com.java.SeleniumDriver] [  830] - Exception: null
[INFO ][2015-11-06 12:30:15,130][com.java.SeleniumDriver] [  836] - DataField : LNKG/L
[INFO ][2015-11-06 12:30:15,130][com.java.SeleniumDriver] [  838] - DataValue : 
[INFO ][2015-11-06 12:30:15,130][com.java.SeleniumDriver] [  844] - <In Set values of the page>
[INFO ][2015-11-06 12:30:15,130][com.java.SeleniumDriver] [  847] - {Data Fields & Data Values Exist}
[INFO ][2015-11-06 12:30:15,130][com.java.SeleniumDriver] [  849] - --------------------------setting values-----------------------------
[INFO ][2015-11-06 12:30:15,130][com.java.SeleniumDriver] [  852] - Action Type : WAITFORELEMENT
[INFO ][2015-11-06 12:30:15,285][com.java.SeleniumDriver] [  861] -  RESULT true
[INFO ][2015-11-06 12:30:15,285][com.java.SeleniumDriver] [ 1066] - ?   P A S S   ?
[INFO ][2015-11-06 12:30:15,285][com.java.SeleniumDriver] [  788] - ------------------------------------------
[INFO ][2015-11-06 12:30:15,285][com.java.SeleniumDriver] [  789] - Test case being Executed: 3
[INFO ][2015-11-06 12:30:15,285][com.java.SeleniumDriver] [  800] - Test step:2
[INFO ][2015-11-06 12:30:15,285][com.java.SeleniumDriver] [  812] - Datavalue is----------null
[DEBUG][2015-11-06 12:30:15,285][com.java.SeleniumDriver] [  830] - Exception: null
[INFO ][2015-11-06 12:30:15,285][com.java.SeleniumDriver] [  836] - DataField : XPH//div[@class="menu"]//span[@class="icon-pencil2"]
[INFO ][2015-11-06 12:30:15,285][com.java.SeleniumDriver] [  838] - DataValue : 
[INFO ][2015-11-06 12:30:15,286][com.java.SeleniumDriver] [  844] - <In Set values of the page>
[INFO ][2015-11-06 12:30:15,286][com.java.SeleniumDriver] [  847] - {Data Fields & Data Values Exist}
[INFO ][2015-11-06 12:30:15,286][com.java.SeleniumDriver] [  849] - --------------------------setting values-----------------------------
[INFO ][2015-11-06 12:30:15,286][com.java.SeleniumDriver] [  852] - Action Type : CLICK
[INFO ][2015-11-06 12:30:15,286][com.java.TestType] [ 4160] - Field ::XPH//div[@class="menu"]//span[@class="icon-pencil2"]
[INFO ][2015-11-06 12:30:16,286][com.java.TestType] [ 4219] - BEFORE CLICK
[INFO ][2015-11-06 12:30:17,824][com.java.TestType] [ 4227] - Unable to click the object Edit Content
[INFO ][2015-11-06 12:30:17,824][com.java.SeleniumDriver] [  861] -  RESULT true
[INFO ][2015-11-06 12:30:17,824][com.java.SeleniumDriver] [ 1066] - ?   P A S S   ?
[INFO ][2015-11-06 12:30:17,824][com.java.SeleniumDriver] [  788] - ------------------------------------------
[INFO ][2015-11-06 12:30:17,824][com.java.SeleniumDriver] [  789] - Test case being Executed: 3
[INFO ][2015-11-06 12:30:17,824][com.java.SeleniumDriver] [  800] - Test step:3
[INFO ][2015-11-06 12:30:17,824][com.java.SeleniumDriver] [  812] - Datavalue is----------null
[DEBUG][2015-11-06 12:30:17,824][com.java.SeleniumDriver] [  830] - Exception: null
[INFO ][2015-11-06 12:30:17,824][com.java.SeleniumDriver] [  836] - DataField : XPH//div[contains(text(),'My Margin')]/following-sibling::div//span[@class="icon-remove"]
[INFO ][2015-11-06 12:30:17,824][com.java.SeleniumDriver] [  838] - DataValue : 
[INFO ][2015-11-06 12:30:17,825][com.java.SeleniumDriver] [  844] - <In Set values of the page>
[INFO ][2015-11-06 12:30:17,825][com.java.SeleniumDriver] [  847] - {Data Fields & Data Values Exist}
[INFO ][2015-11-06 12:30:17,825][com.java.SeleniumDriver] [  849] - --------------------------setting values-----------------------------
[INFO ][2015-11-06 12:30:17,825][com.java.SeleniumDriver] [  852] - Action Type : WAITFORELEMENT
[INFO ][2015-11-06 12:30:17,958][com.java.SeleniumDriver] [  861] -  RESULT true
[INFO ][2015-11-06 12:30:17,958][com.java.SeleniumDriver] [ 1066] - ?   P A S S   ?
[INFO ][2015-11-06 12:30:17,958][com.java.SeleniumDriver] [  788] - ------------------------------------------
[INFO ][2015-11-06 12:30:17,958][com.java.SeleniumDriver] [  789] - Test case being Executed: 3
[INFO ][2015-11-06 12:30:17,958][com.java.SeleniumDriver] [  800] - Test step:4
[INFO ][2015-11-06 12:30:17,958][com.java.SeleniumDriver] [  812] - Datavalue is----------null
[DEBUG][2015-11-06 12:30:17,958][com.java.SeleniumDriver] [  830] - Exception: null
[INFO ][2015-11-06 12:30:17,958][com.java.SeleniumDriver] [  836] - DataField : //div[contains(text(),'My Margin')]/following-sibling::div//span[@class="icon-remove"]
[INFO ][2015-11-06 12:30:17,958][com.java.SeleniumDriver] [  838] - DataValue : 
[INFO ][2015-11-06 12:30:17,959][com.java.SeleniumDriver] [  844] - <In Set values of the page>
[INFO ][2015-11-06 12:30:17,959][com.java.SeleniumDriver] [  847] - {Data Fields & Data Values Exist}
[INFO ][2015-11-06 12:30:17,959][com.java.SeleniumDriver] [  849] - --------------------------setting values-----------------------------
[INFO ][2015-11-06 12:30:17,959][com.java.SeleniumDriver] [  852] - Action Type : MouseOver
[INFO ][2015-11-06 12:30:18,731][com.java.SeleniumDriver] [  861] -  RESULT true
[INFO ][2015-11-06 12:30:18,731][com.java.SeleniumDriver] [ 1066] - ?   P A S S   ?
[INFO ][2015-11-06 12:30:18,731][com.java.SeleniumDriver] [  788] - ------------------------------------------
[INFO ][2015-11-06 12:30:18,731][com.java.SeleniumDriver] [  789] - Test case being Executed: 3
[INFO ][2015-11-06 12:30:18,731][com.java.SeleniumDriver] [  800] - Test step:5
[INFO ][2015-11-06 12:30:18,731][com.java.SeleniumDriver] [  812] - Datavalue is----------null
[DEBUG][2015-11-06 12:30:18,731][com.java.SeleniumDriver] [  830] - Exception: null
[INFO ][2015-11-06 12:30:18,731][com.java.SeleniumDriver] [  836] - DataField : XPH//div[contains(text(),'My Margin')]/following-sibling::div//span[@class="icon-remove"]
[INFO ][2015-11-06 12:30:18,731][com.java.SeleniumDriver] [  838] - DataValue : 
[INFO ][2015-11-06 12:30:18,731][com.java.SeleniumDriver] [  844] - <In Set values of the page>
[INFO ][2015-11-06 12:30:18,731][com.java.SeleniumDriver] [  847] - {Data Fields & Data Values Exist}
[INFO ][2015-11-06 12:30:18,731][com.java.SeleniumDriver] [  849] - --------------------------setting values-----------------------------
[INFO ][2015-11-06 12:30:18,732][com.java.SeleniumDriver] [  852] - Action Type : CLICK
[INFO ][2015-11-06 12:30:18,732][com.java.TestType] [ 4160] - Field ::XPH//div[contains(text(),'My Margin')]/following-sibling::div//span[@class="icon-remove"]
[INFO ][2015-11-06 12:30:19,732][com.java.TestType] [ 4219] - BEFORE CLICK
[INFO ][2015-11-06 12:30:20,893][com.java.TestType] [ 4227] - Unable to click the object Trash Can Icon
[INFO ][2015-11-06 12:30:20,893][com.java.SeleniumDriver] [  861] -  RESULT true
[INFO ][2015-11-06 12:30:20,893][com.java.SeleniumDriver] [ 1066] - ?   P A S S   ?
[INFO ][2015-11-06 12:30:20,893][com.java.SeleniumDriver] [  788] - ------------------------------------------
[INFO ][2015-11-06 12:30:20,893][com.java.SeleniumDriver] [  789] - Test case being Executed: 3
[INFO ][2015-11-06 12:30:20,893][com.java.SeleniumDriver] [  800] - Test step:6
[INFO ][2015-11-06 12:30:20,893][com.java.SeleniumDriver] [  812] - Datavalue is----------null
[DEBUG][2015-11-06 12:30:20,893][com.java.SeleniumDriver] [  830] - Exception: null
[INFO ][2015-11-06 12:30:20,893][com.java.SeleniumDriver] [  836] - DataField : XPH//span[contains(text(),'No')]
[INFO ][2015-11-06 12:30:20,893][com.java.SeleniumDriver] [  838] - DataValue : 
[INFO ][2015-11-06 12:30:20,893][com.java.SeleniumDriver] [  844] - <In Set values of the page>
[INFO ][2015-11-06 12:30:20,894][com.java.SeleniumDriver] [  847] - {Data Fields & Data Values Exist}
[INFO ][2015-11-06 12:30:20,895][com.java.SeleniumDriver] [  849] - --------------------------setting values-----------------------------
[INFO ][2015-11-06 12:30:20,895][com.java.SeleniumDriver] [  852] - Action Type : WAITFORELEMENT
[DEBUG][2015-11-06 12:31:25,843][com.java.TestType] [ 4713] - //span[contains(text(),'No')]   :: Element not Found
[INFO ][2015-11-06 12:31:25,843][com.java.SeleniumDriver] [  861] -  RESULT false
[INFO ][2015-11-06 12:31:25,843][com.java.SeleniumDriver] [  908] - ?   F A I L   ?
[INFO ][2015-11-06 12:31:25,843][com.java.SeleniumDriver] [  916] - Browser Type : IE11
[INFO ][2015-11-06 12:31:25,843][com.java.SeleniumDriver] [  917] - Adding Failed case3
[INFO ][2015-11-06 12:31:26,600][com.java.SeleniumDriver] [ 1030] - failedCases = 3
[ERROR][2015-11-06 12:31:26,601][com.java.SeleniumDriver] [ 1516] - Platform Errors : Our apologies...::We have encountered an issue with your request.::Our apologies?:We encountered an issue with your request.
[INFO ][2015-11-06 12:31:26,601][com.java.SeleniumDriver] [ 1520] - Length =3
[ERROR][2015-11-06 12:31:26,601][com.java.SeleniumDriver] [ 1523] - Error 0 = Our apologies...
[ERROR][2015-11-06 12:31:26,644][com.java.SeleniumDriver] [ 1523] - Error 1 = We have encountered an issue with your request.
[ERROR][2015-11-06 12:31:26,676][com.java.SeleniumDriver] [ 1523] - Error 2 = Our apologies?:We encountered an issue with your request.
[DEBUG][2015-11-06 12:31:26,721][com.java.SeleniumDriver] [ 1168] - Case found
[DEBUG][2015-11-06 12:31:26,721][com.java.SeleniumDriver] [ 1173] - Incrementing ReportCounters[0]:2
[INFO ][2015-11-06 12:31:26,721][com.java.SeleniumDriver] [ 1192] - The results are-------------------[3, 6, Edit content, Fail, 
Test case failed at Step No. :: 6   Error Message ::  //span[contains(text(),'No')]   :: Element not Found. Screen Shot : D:\BankersDashboard\TestReports\110615\3_110615_123125_IE11.png, Fri Nov 06 12:31:26 IST 2015]
[INFO ][2015-11-06 12:31:26,721][com.java.SeleniumDriver] [ 1196] - End time is-------2 min 14 sec
[INFO ][2015-11-06 12:31:26,721][com.java.SeleniumDriver] [ 1197] - The results are-------------------[3, 6, Edit content, Fail, 
Test case failed at Step No. :: 6   Error Message ::  //span[contains(text(),'No')]   :: Element not Found. Screen Shot : D:\BankersDashboard\TestReports\110615\3_110615_123125_IE11.png, Fri Nov 06 12:31:26 IST 2015]
[DEBUG][2015-11-06 12:31:26,721][com.java.ImportnExport.ExportTestResultsExcel] [  222] - testResultPath = D:\BankersDashboard/TestReports/Test Results_BankersDashBoard_110615_122913_IE11_Any Bank USA.xls
[DEBUG][2015-11-06 12:31:26,721][com.java.ImportnExport.ExportTestResultsExcel] [  223] - browser is------------IE11
[DEBUG][2015-11-06 12:31:26,723][com.java.ImportnExport.ExportTestResultsExcel] [  270] - result.size() = 6
[DEBUG][2015-11-06 12:31:26,723][com.java.ImportnExport.ExportTestResultsExcel] [  274] - No of rows in sheet=2
[DEBUG][2015-11-06 12:31:26,723][com.java.ImportnExport.ExportTestResultsExcel] [  301] - ..in export..3
[DEBUG][2015-11-06 12:31:26,723][com.java.ImportnExport.ExportTestResultsExcel] [  301] - ..in export..Edit content
[DEBUG][2015-11-06 12:31:26,724][com.java.ImportnExport.ExportTestResultsExcel] [  301] - ..in export..Fail
[DEBUG][2015-11-06 12:31:26,724][com.java.ImportnExport.ExportTestResultsExcel] [  301] - ..in export..
Test case failed at Step No. :: 6   Error Message ::  //span[contains(text(),'No')]   :: Element not Found. Screen Shot : D:\BankersDashboard\TestReports\110615\3_110615_123125_IE11.png
[DEBUG][2015-11-06 12:31:26,724][com.java.ImportnExport.ExportTestResultsExcel] [  301] - ..in export..Fri Nov 06 12:31:26 IST 2015
[INFO ][2015-11-06 12:31:26,725][com.java.SeleniumDriver] [ 1255] - out loop:1 size:2 TestCases:[1, 3] testcases:[1, 3]
[INFO ][2015-11-06 12:31:28,726][com.java.SeleniumDriver] [ 1297] - Total Number of Cases:2
[INFO ][2015-11-06 12:31:28,726][com.java.TemplateGenerator] [  302] - Executed:2
[INFO ][2015-11-06 12:31:28,726][com.java.TemplateGenerator] [  303] - Passed:1
[INFO ][2015-11-06 12:31:28,726][com.java.TemplateGenerator] [  304] - Failed:1
[INFO ][2015-11-06 12:31:28,726][com.java.TemplateGenerator] [  305] - Skipeed:0
[INFO ][2015-11-06 12:31:28,726][com.java.TemplateGenerator] [  306] - Application URL:https://clients-xuat.bankersdashboard.com
[INFO ][2015-11-06 12:31:28,726][com.java.TemplateGenerator] [  307] - Start Time:110615_122913
[INFO ][2015-11-06 12:31:28,726][com.java.TemplateGenerator] [  308] -  Creating HTML Report 
[ERROR][2015-11-06 12:31:28,727][com.java.TemplateGenerator] [  409] - Unparseable date: "Fri Nov 06 12:29:13 IST 2015"
[INFO ][2015-11-06 12:31:28,727][com.java.TemplateGenerator] [  654] -  Exporting case :: 1
[INFO ][2015-11-06 12:31:28,727][com.java.TemplateGenerator] [  654] -  Exporting case :: 3
[INFO ][2015-11-06 12:31:28,732][com.java.SeleniumDriver] [ 1346] - End Time:110615_123128
[INFO ][2015-11-06 12:31:28,732][com.java.SeleniumDriver] [ 1349] - Data in Test Execution Details:{1=PASS, 3=FAILTest case failed at Step No. :: 6   Error Message ::  //span[contains(text(),'No')]   :: Element not Found}
[INFO ][2015-11-06 12:31:28,732][com.java.SeleniumDriver] [ 1350] - Data in Failed Execution Deatils:{}
[INFO ][2015-11-06 12:31:28,732][com.java.SeleniumDriver] [ 1352] - ReportCounter:Total:2 :: PASS: 1 ::FAIL: 1
[INFO ][2015-11-06 12:31:28,732][com.java.SeleniumDriver] [ 1353] - FailedReportCounter:Total:0 :: PASS: 0 ::FAIL: 0
[INFO ][2015-11-06 12:31:28,739][com.java.EmailTestReport] [   63] - Sending report mail details:
[INFO ][2015-11-06 12:31:28,739][com.java.EmailTestReport] [   80] - Excel Report Path:D:\BankersDashboard/TestReports/Test Results_BankersDashBoard_110615_122913_IE11_Any Bank USA.xls
[INFO ][2015-11-06 12:31:28,739][com.java.EmailTestReport] [   81] - HTML Report Path:D:\BankersDashboard//TestReports//Test Results_BankersDashBoard_110615_122913_IE11_Any Bank USA.html
[INFO ][2015-11-06 12:31:28,739][com.java.EmailTestReport] [   82] - smtpHostName:mail01.valuelabs.com
[INFO ][2015-11-06 12:31:28,739][com.java.EmailTestReport] [   83] - Recipient:venkateswararao.gubbala@valuelabs.com
[INFO ][2015-11-06 12:31:28,740][com.java.EmailTestReport] [   84] - From:venkateswararao.gubbala@valuelabs.com
[INFO ][2015-11-06 12:31:28,740][com.java.EmailTestReport] [   85] - Subject:Deluxe Corp Bankers Dashboard Automation Test Report - Any Bank USA - IE11
[INFO ][2015-11-06 12:31:28,755][com.java.EmailTestReport] [  143] -  Added venkateswararao.gubbala@valuelabs.com
[INFO ][2015-11-06 12:31:32,134][com.java.SeleniumDriver] [  719] - quitting the browser 
[INFO ][2015-11-06 12:31:33,411][com.java.SeleniumDriver] [  263] - Execution Completed Stopping the thread
