[INFO ][2015-11-06 18:48:19,150][com.java.SeleniumDriver] [  213] - Execute Failed Casesfalse
[INFO ][2015-11-06 18:48:19,150][com.java.SeleniumDriver] [  214] - Browser: IE11
[INFO ][2015-11-06 18:48:19,150][com.java.SeleniumDriver] [  215] - [1, 6]
[INFO ][2015-11-06 18:48:19,150][com.java.SeleniumDriver] [  216] - Total TestCases:2
[INFO ][2015-11-06 18:48:19,151][com.java.SeleniumDriver] [  217] -  Reading Properties from Property File 
[DEBUG][2015-11-06 18:48:19,151][com.java.SeleniumDriver] [  238] - url : https://clients-xuat.bankersdashboard.com
[INFO ][2015-11-06 18:48:19,152][com.java.ImportnExport.ExportTestResultsExcel] [  116] - Time Stamp Fri Nov 06 06:48:19 IST 2015
[INFO ][2015-11-06 18:48:19,152][com.java.ImportnExport.ExportTestResultsExcel] [  175] - OUT FILE : D:\BankersDashboard/TestReports/Test Results_BankersDashBoard_110615_184819_IE11_Bank of North Carolina.xls
[INFO ][2015-11-06 18:48:19,179][com.java.ImportnExport.ExportTestResultsExcel] [  180] - Test Result file is created
[DEBUG][2015-11-06 18:48:19,279][com.java.SeleniumDriver] [  425] - Hub ip address is-------172.17.68.34
[INFO ][2015-11-06 18:48:19,279][com.java.SeleniumDriver] [  451] - Grid URL:http://172.17.68.34:4444/wd/hub
[INFO ][2015-11-06 18:48:19,280][com.java.SeleniumDriver] [  452] - Capability:Capabilities [{platform=ANY, ensureCleanSession=true, ignoreProtectedModeSettings=true, acceptSslCerts=true, ignoreZoomSetting=true, browserName=internet explorer, browserstack.ie.noFlash=true, version=Node1}]
[ERROR][2015-11-06 18:48:20,570][com.java.SeleniumDriver] [  496] - Unable invoke browser in grid:Could not start a new session. Possible causes are invalid address of the remote server or browser start-up failure.
Build info: version: '2.48.2', revision: '41bccdd', time: '2015-10-09 19:59:12'
System info: host: 'FVTIII438F1D', ip: '172.17.68.34', os.name: 'Windows 7', os.arch: 'x86', os.version: '6.1', java.version: '1.7.0_55'
Driver info: driver.version: SeleniumDriver
[INFO ][2015-11-06 18:48:20,570][com.java.SeleniumDriver] [  498] - Executing on local machine
[INFO ][2015-11-06 18:48:30,018][com.java.SeleniumDriver] [  248] - IE11is opened
[INFO ][2015-11-06 18:48:30,665][com.java.SeleniumDriver] [  752] - Test cases to be executed are: [1, 6]
[INFO ][2015-11-06 18:48:30,665][com.java.ImportnExport.ImportTestDataDetailsExcel] [   49] - test data details path===== D:\BankersDashboard\TestInputs\TestData.xls
[INFO ][2015-11-06 18:48:41,449][com.java.SeleniumDriver] [  788] - ------------------------------------------
[INFO ][2015-11-06 18:48:41,449][com.java.SeleniumDriver] [  789] - Test case being Executed: 1
[INFO ][2015-11-06 18:48:41,465][com.java.SeleniumDriver] [  800] - Test step:1
[INFO ][2015-11-06 18:48:41,465][com.java.SeleniumDriver] [  812] - Datavalue is----------Concept#1:1-14
[INFO ][2015-11-06 18:48:41,465][com.java.SeleniumDriver] [  836] - DataField : test
[INFO ][2015-11-06 18:48:41,466][com.java.SeleniumDriver] [  838] - DataValue : Concept#1:1-14
[INFO ][2015-11-06 18:48:41,466][com.java.SeleniumDriver] [  844] - <In Set values of the page>
[INFO ][2015-11-06 18:48:41,466][com.java.SeleniumDriver] [  847] - {Data Fields & Data Values Exist}
[INFO ][2015-11-06 18:48:41,466][com.java.SeleniumDriver] [  849] - --------------------------setting values-----------------------------
[INFO ][2015-11-06 18:48:41,466][com.java.SeleniumDriver] [  852] - Action Type : ExecuteTestCase
[INFO ][2015-11-06 18:48:41,484][com.java.TestType] [  417] - The Concept sheet name is ---------- Concept
[INFO ][2015-11-06 18:48:41,484][com.java.TestType] [  420] - The Concept ID  is ---------- 1
[DEBUG][2015-11-06 18:48:41,485][com.java.TestType] [  424] - Steps being executted in the Concept are: 1:14
[INFO ][2015-11-06 18:48:41,485][com.java.TestType] [  431] - Test data details path ---------- D:\BankersDashboard\TestInputs\TestData.xls
[INFO ][2015-11-06 18:48:41,515][com.java.TestType] [  462] -  str(1) = 1
[INFO ][2015-11-06 18:48:41,516][com.java.TestType] [  465] - Test case Id is---1
[INFO ][2015-11-06 18:48:41,516][com.java.TestType] [  467] - 1
[INFO ][2015-11-06 18:48:41,516][com.java.TestType] [  462] -  str(2) = 1
[INFO ][2015-11-06 18:48:41,518][com.java.TestType] [  514] - row values are--------{1=com.java.Objects.TestDataDetails@598587}
[INFO ][2015-11-06 18:48:41,518][com.java.TestType] [  462] -  str(1) = 1
[INFO ][2015-11-06 18:48:41,519][com.java.TestType] [  465] - Test case Id is---1
[INFO ][2015-11-06 18:48:41,519][com.java.TestType] [  467] - 1
[INFO ][2015-11-06 18:48:41,519][com.java.TestType] [  462] -  str(2) = 2
[INFO ][2015-11-06 18:48:41,520][com.java.TestType] [  514] - row values are--------{1=com.java.Objects.TestDataDetails@598587, 2=com.java.Objects.TestDataDetails@168e0e7}
[INFO ][2015-11-06 18:48:41,520][com.java.TestType] [  462] -  str(1) = 1
[INFO ][2015-11-06 18:48:41,520][com.java.TestType] [  465] - Test case Id is---1
[INFO ][2015-11-06 18:48:41,520][com.java.TestType] [  467] - 1
[INFO ][2015-11-06 18:48:41,520][com.java.TestType] [  462] -  str(2) = 3
[INFO ][2015-11-06 18:48:41,523][com.java.TestType] [  514] - row values are--------{1=com.java.Objects.TestDataDetails@598587, 2=com.java.Objects.TestDataDetails@168e0e7, 3=com.java.Objects.TestDataDetails@1bf57bb}
[INFO ][2015-11-06 18:48:41,523][com.java.TestType] [  462] -  str(1) = 1
[INFO ][2015-11-06 18:48:41,524][com.java.TestType] [  465] - Test case Id is---1
[INFO ][2015-11-06 18:48:41,524][com.java.TestType] [  467] - 1
[INFO ][2015-11-06 18:48:41,524][com.java.TestType] [  462] -  str(2) = 4
[INFO ][2015-11-06 18:48:41,525][com.java.TestType] [  514] - row values are--------{1=com.java.Objects.TestDataDetails@598587, 2=com.java.Objects.TestDataDetails@168e0e7, 3=com.java.Objects.TestDataDetails@1bf57bb, 4=com.java.Objects.TestDataDetails@f5bb3d}
[INFO ][2015-11-06 18:48:41,525][com.java.TestType] [  462] -  str(1) = 1
[INFO ][2015-11-06 18:48:41,525][com.java.TestType] [  465] - Test case Id is---1
[INFO ][2015-11-06 18:48:41,525][com.java.TestType] [  467] - 1
[INFO ][2015-11-06 18:48:41,526][com.java.TestType] [  462] -  str(2) = 5
[INFO ][2015-11-06 18:48:41,527][com.java.TestType] [  514] - row values are--------{1=com.java.Objects.TestDataDetails@598587, 2=com.java.Objects.TestDataDetails@168e0e7, 3=com.java.Objects.TestDataDetails@1bf57bb, 4=com.java.Objects.TestDataDetails@f5bb3d, 5=com.java.Objects.TestDataDetails@131da31}
[INFO ][2015-11-06 18:48:41,527][com.java.TestType] [  462] -  str(1) = 1
[INFO ][2015-11-06 18:48:41,527][com.java.TestType] [  465] - Test case Id is---1
[INFO ][2015-11-06 18:48:41,527][com.java.TestType] [  467] - 1
[INFO ][2015-11-06 18:48:41,527][com.java.TestType] [  462] -  str(2) = 6
[INFO ][2015-11-06 18:48:41,528][com.java.TestType] [  514] - row values are--------{1=com.java.Objects.TestDataDetails@598587, 2=com.java.Objects.TestDataDetails@168e0e7, 3=com.java.Objects.TestDataDetails@1bf57bb, 4=com.java.Objects.TestDataDetails@f5bb3d, 5=com.java.Objects.TestDataDetails@131da31, 6=com.java.Objects.TestDataDetails@1fc0cb0}
[INFO ][2015-11-06 18:48:41,528][com.java.TestType] [  462] -  str(1) = 1
[INFO ][2015-11-06 18:48:41,528][com.java.TestType] [  465] - Test case Id is---1
[INFO ][2015-11-06 18:48:41,528][com.java.TestType] [  467] - 1
[INFO ][2015-11-06 18:48:41,528][com.java.TestType] [  462] -  str(2) = 7
[INFO ][2015-11-06 18:48:41,529][com.java.TestType] [  514] - row values are--------{1=com.java.Objects.TestDataDetails@598587, 2=com.java.Objects.TestDataDetails@168e0e7, 3=com.java.Objects.TestDataDetails@1bf57bb, 4=com.java.Objects.TestDataDetails@f5bb3d, 5=com.java.Objects.TestDataDetails@131da31, 6=com.java.Objects.TestDataDetails@1fc0cb0, 7=com.java.Objects.TestDataDetails@1183515}
[INFO ][2015-11-06 18:48:41,529][com.java.TestType] [  462] -  str(1) = 1
[INFO ][2015-11-06 18:48:41,529][com.java.TestType] [  465] - Test case Id is---1
[INFO ][2015-11-06 18:48:41,529][com.java.TestType] [  467] - 1
[INFO ][2015-11-06 18:48:41,529][com.java.TestType] [  462] -  str(2) = 8
[INFO ][2015-11-06 18:48:41,530][com.java.TestType] [  514] - row values are--------{1=com.java.Objects.TestDataDetails@598587, 2=com.java.Objects.TestDataDetails@168e0e7, 3=com.java.Objects.TestDataDetails@1bf57bb, 4=com.java.Objects.TestDataDetails@f5bb3d, 5=com.java.Objects.TestDataDetails@131da31, 6=com.java.Objects.TestDataDetails@1fc0cb0, 7=com.java.Objects.TestDataDetails@1183515, 8=com.java.Objects.TestDataDetails@15eb475}
[INFO ][2015-11-06 18:48:41,530][com.java.TestType] [  462] -  str(1) = 1
[INFO ][2015-11-06 18:48:41,530][com.java.TestType] [  465] - Test case Id is---1
[INFO ][2015-11-06 18:48:41,531][com.java.TestType] [  467] - 1
[INFO ][2015-11-06 18:48:41,531][com.java.TestType] [  462] -  str(2) = 9
[INFO ][2015-11-06 18:48:41,531][com.java.TestType] [  514] - row values are--------{1=com.java.Objects.TestDataDetails@598587, 2=com.java.Objects.TestDataDetails@168e0e7, 3=com.java.Objects.TestDataDetails@1bf57bb, 4=com.java.Objects.TestDataDetails@f5bb3d, 5=com.java.Objects.TestDataDetails@131da31, 6=com.java.Objects.TestDataDetails@1fc0cb0, 7=com.java.Objects.TestDataDetails@1183515, 8=com.java.Objects.TestDataDetails@15eb475, 9=com.java.Objects.TestDataDetails@64cc1a}
[INFO ][2015-11-06 18:48:41,531][com.java.TestType] [  462] -  str(1) = 1
[INFO ][2015-11-06 18:48:41,532][com.java.TestType] [  465] - Test case Id is---1
[INFO ][2015-11-06 18:48:41,532][com.java.TestType] [  467] - 1
[INFO ][2015-11-06 18:48:41,535][com.java.TestType] [  462] -  str(2) = 10
[INFO ][2015-11-06 18:48:41,535][com.java.TestType] [  514] - row values are--------{1=com.java.Objects.TestDataDetails@598587, 2=com.java.Objects.TestDataDetails@168e0e7, 3=com.java.Objects.TestDataDetails@1bf57bb, 4=com.java.Objects.TestDataDetails@f5bb3d, 5=com.java.Objects.TestDataDetails@131da31, 6=com.java.Objects.TestDataDetails@1fc0cb0, 7=com.java.Objects.TestDataDetails@1183515, 8=com.java.Objects.TestDataDetails@15eb475, 9=com.java.Objects.TestDataDetails@64cc1a, 10=com.java.Objects.TestDataDetails@1ba3e33}
[INFO ][2015-11-06 18:48:41,535][com.java.TestType] [  462] -  str(1) = 1
[INFO ][2015-11-06 18:48:41,536][com.java.TestType] [  465] - Test case Id is---1
[INFO ][2015-11-06 18:48:41,536][com.java.TestType] [  467] - 1
[INFO ][2015-11-06 18:48:41,536][com.java.TestType] [  462] -  str(2) = 11
[INFO ][2015-11-06 18:48:41,536][com.java.TestType] [  514] - row values are--------{1=com.java.Objects.TestDataDetails@598587, 2=com.java.Objects.TestDataDetails@168e0e7, 3=com.java.Objects.TestDataDetails@1bf57bb, 4=com.java.Objects.TestDataDetails@f5bb3d, 5=com.java.Objects.TestDataDetails@131da31, 6=com.java.Objects.TestDataDetails@1fc0cb0, 7=com.java.Objects.TestDataDetails@1183515, 8=com.java.Objects.TestDataDetails@15eb475, 9=com.java.Objects.TestDataDetails@64cc1a, 10=com.java.Objects.TestDataDetails@1ba3e33, 11=com.java.Objects.TestDataDetails@1ddbf6e}
[INFO ][2015-11-06 18:48:41,537][com.java.TestType] [  462] -  str(1) = 1
[INFO ][2015-11-06 18:48:41,537][com.java.TestType] [  465] - Test case Id is---1
[INFO ][2015-11-06 18:48:41,537][com.java.TestType] [  467] - 1
[INFO ][2015-11-06 18:48:41,537][com.java.TestType] [  462] -  str(2) = 12
[INFO ][2015-11-06 18:48:41,538][com.java.TestType] [  514] - row values are--------{1=com.java.Objects.TestDataDetails@598587, 2=com.java.Objects.TestDataDetails@168e0e7, 3=com.java.Objects.TestDataDetails@1bf57bb, 4=com.java.Objects.TestDataDetails@f5bb3d, 5=com.java.Objects.TestDataDetails@131da31, 6=com.java.Objects.TestDataDetails@1fc0cb0, 7=com.java.Objects.TestDataDetails@1183515, 8=com.java.Objects.TestDataDetails@15eb475, 9=com.java.Objects.TestDataDetails@64cc1a, 10=com.java.Objects.TestDataDetails@1ba3e33, 11=com.java.Objects.TestDataDetails@1ddbf6e, 12=com.java.Objects.TestDataDetails@110b9b2}
[INFO ][2015-11-06 18:48:41,538][com.java.TestType] [  462] -  str(1) = 1
[INFO ][2015-11-06 18:48:41,538][com.java.TestType] [  465] - Test case Id is---1
[INFO ][2015-11-06 18:48:41,538][com.java.TestType] [  467] - 1
[INFO ][2015-11-06 18:48:41,538][com.java.TestType] [  462] -  str(2) = 13
[INFO ][2015-11-06 18:48:41,539][com.java.TestType] [  514] - row values are--------{1=com.java.Objects.TestDataDetails@598587, 2=com.java.Objects.TestDataDetails@168e0e7, 3=com.java.Objects.TestDataDetails@1bf57bb, 4=com.java.Objects.TestDataDetails@f5bb3d, 5=com.java.Objects.TestDataDetails@131da31, 6=com.java.Objects.TestDataDetails@1fc0cb0, 7=com.java.Objects.TestDataDetails@1183515, 8=com.java.Objects.TestDataDetails@15eb475, 9=com.java.Objects.TestDataDetails@64cc1a, 10=com.java.Objects.TestDataDetails@1ba3e33, 11=com.java.Objects.TestDataDetails@1ddbf6e, 12=com.java.Objects.TestDataDetails@110b9b2, 13=com.java.Objects.TestDataDetails@1cae761}
[INFO ][2015-11-06 18:48:41,539][com.java.TestType] [  462] -  str(1) = 1
[INFO ][2015-11-06 18:48:41,539][com.java.TestType] [  465] - Test case Id is---1
[INFO ][2015-11-06 18:48:41,539][com.java.TestType] [  467] - 1
[INFO ][2015-11-06 18:48:41,539][com.java.TestType] [  462] -  str(2) = 14
[INFO ][2015-11-06 18:48:41,540][com.java.TestType] [  514] - row values are--------{1=com.java.Objects.TestDataDetails@598587, 2=com.java.Objects.TestDataDetails@168e0e7, 3=com.java.Objects.TestDataDetails@1bf57bb, 4=com.java.Objects.TestDataDetails@f5bb3d, 5=com.java.Objects.TestDataDetails@131da31, 6=com.java.Objects.TestDataDetails@1fc0cb0, 7=com.java.Objects.TestDataDetails@1183515, 8=com.java.Objects.TestDataDetails@15eb475, 9=com.java.Objects.TestDataDetails@64cc1a, 10=com.java.Objects.TestDataDetails@1ba3e33, 11=com.java.Objects.TestDataDetails@1ddbf6e, 12=com.java.Objects.TestDataDetails@110b9b2, 13=com.java.Objects.TestDataDetails@1cae761, 14=com.java.Objects.TestDataDetails@abd44}
[INFO ][2015-11-06 18:48:41,540][com.java.TestType] [ 8177] - Looping 1TCID = 1
[DEBUG][2015-11-06 18:48:41,540][com.java.TestType] [ 8218] - Concept ID:1 :: Step being Executed: 1::1
[INFO ][2015-11-06 18:48:41,540][com.java.TestType] [ 8256] - dataFields : TXTusername
[DEBUG][2015-11-06 18:48:41,540][com.java.TestType] [ 8262] - <In Set values of the page>
[DEBUG][2015-11-06 18:48:41,540][com.java.TestType] [ 8267] - {Data Fields & Data Values Exist}
[INFO ][2015-11-06 18:48:41,540][com.java.TestType] [ 8273] - --------------------------setting values-----------------------------
[INFO ][2015-11-06 18:48:41,540][com.java.TestType] [ 8276] - Action Type : CLEARANDENTER
[INFO ][2015-11-06 18:48:41,540][com.java.TestType] [ 4028] - value = valuelabs.ie11.33527
[INFO ][2015-11-06 18:48:46,412][com.java.TestType] [ 8295] -  RESULT true
[INFO ][2015-11-06 18:48:46,412][com.java.TestType] [ 8412] - ?   P A S S   ?
[DEBUG][2015-11-06 18:48:46,412][com.java.TestType] [ 8218] - Concept ID:1 :: Step being Executed: 1::2
[INFO ][2015-11-06 18:48:46,412][com.java.TestType] [ 8256] - dataFields : TXTpassword
[DEBUG][2015-11-06 18:48:46,412][com.java.TestType] [ 8262] - <In Set values of the page>
[DEBUG][2015-11-06 18:48:46,413][com.java.TestType] [ 8267] - {Data Fields & Data Values Exist}
[INFO ][2015-11-06 18:48:46,413][com.java.TestType] [ 8273] - --------------------------setting values-----------------------------
[INFO ][2015-11-06 18:48:46,413][com.java.TestType] [ 8276] - Action Type : CLEARANDENTER
[INFO ][2015-11-06 18:48:46,413][com.java.TestType] [ 4028] - value = Password1*
[INFO ][2015-11-06 18:48:51,345][com.java.TestType] [ 8295] -  RESULT true
[INFO ][2015-11-06 18:48:51,345][com.java.TestType] [ 8412] - ?   P A S S   ?
[DEBUG][2015-11-06 18:48:51,345][com.java.TestType] [ 8218] - Concept ID:1 :: Step being Executed: 1::3
[ERROR][2015-11-06 18:48:51,345][com.java.TestType] [ 8251] - Exception: null
[INFO ][2015-11-06 18:48:51,345][com.java.TestType] [ 8256] - dataFields : XPH//button[@type='submit']
[DEBUG][2015-11-06 18:48:51,345][com.java.TestType] [ 8262] - <In Set values of the page>
[DEBUG][2015-11-06 18:48:51,345][com.java.TestType] [ 8267] - {Data Fields & Data Values Exist}
[INFO ][2015-11-06 18:48:51,346][com.java.TestType] [ 8273] - --------------------------setting values-----------------------------
[INFO ][2015-11-06 18:48:51,346][com.java.TestType] [ 8276] - Action Type : Click
[INFO ][2015-11-06 18:48:51,346][com.java.TestType] [ 4341] - Field ::XPH//button[@type='submit']
[INFO ][2015-11-06 18:48:52,346][com.java.TestType] [ 4400] - BEFORE CLICK
[INFO ][2015-11-06 18:48:53,210][com.java.TestType] [ 4408] - Unable to click the object Login
[INFO ][2015-11-06 18:48:53,210][com.java.TestType] [ 8295] -  RESULT true
[INFO ][2015-11-06 18:48:53,210][com.java.TestType] [ 8412] - ?   P A S S   ?
[DEBUG][2015-11-06 18:48:53,210][com.java.TestType] [ 8218] - Concept ID:1 :: Step being Executed: 1::4
[INFO ][2015-11-06 18:48:53,210][com.java.TestType] [ 8256] - dataFields : LNKLogout
[DEBUG][2015-11-06 18:48:53,210][com.java.TestType] [ 8262] - <In Set values of the page>
[DEBUG][2015-11-06 18:48:53,210][com.java.TestType] [ 8267] - {Data Fields & Data Values Exist}
[INFO ][2015-11-06 18:48:53,210][com.java.TestType] [ 8273] - --------------------------setting values-----------------------------
[INFO ][2015-11-06 18:48:53,211][com.java.TestType] [ 8276] - Action Type : WaitForElement
[INFO ][2015-11-06 18:49:03,384][com.java.TestType] [ 8295] -  RESULT true
[INFO ][2015-11-06 18:49:03,384][com.java.TestType] [ 8412] - ?   P A S S   ?
[DEBUG][2015-11-06 18:49:03,384][com.java.TestType] [ 8218] - Concept ID:1 :: Step being Executed: 1::13
[INFO ][2015-11-06 18:49:03,384][com.java.TestType] [ 8256] - dataFields : LNK
[DEBUG][2015-11-06 18:49:03,384][com.java.TestType] [ 8262] - <In Set values of the page>
[DEBUG][2015-11-06 18:49:03,385][com.java.TestType] [ 8267] - {Data Fields & Data Values Exist}
[INFO ][2015-11-06 18:49:03,385][com.java.TestType] [ 8273] - --------------------------setting values-----------------------------
[INFO ][2015-11-06 18:49:03,385][com.java.TestType] [ 8276] - Action Type : Verify
[INFO ][2015-11-06 18:49:03,385][com.java.TestType] [ 5154] - field= LNK value= Logout
[INFO ][2015-11-06 18:49:03,386][com.java.TestType] [ 4028] - value = Logout
[INFO ][2015-11-06 18:49:03,421][com.java.TestType] [ 8295] -  RESULT true
[INFO ][2015-11-06 18:49:03,421][com.java.TestType] [ 8412] - ?   P A S S   ?
[DEBUG][2015-11-06 18:49:03,421][com.java.TestType] [ 8218] - Concept ID:1 :: Step being Executed: 1::14
[INFO ][2015-11-06 18:49:03,421][com.java.TestType] [ 8256] - dataFields : BTN
[DEBUG][2015-11-06 18:49:03,421][com.java.TestType] [ 8262] - <In Set values of the page>
[DEBUG][2015-11-06 18:49:03,421][com.java.TestType] [ 8267] - {Data Fields & Data Values Exist}
[INFO ][2015-11-06 18:49:03,422][com.java.TestType] [ 8273] - --------------------------setting values-----------------------------
[INFO ][2015-11-06 18:49:03,422][com.java.TestType] [ 8276] - Action Type : Verify
[INFO ][2015-11-06 18:49:03,422][com.java.TestType] [ 5154] - field= BTN value= //img[contains(@src,'bdlogo.jpg')]
[INFO ][2015-11-06 18:49:03,422][com.java.TestType] [ 4028] - value = //img[contains(@src,'bdlogo.jpg')]
[INFO ][2015-11-06 18:49:03,456][com.java.TestType] [ 8295] -  RESULT true
[INFO ][2015-11-06 18:49:03,457][com.java.TestType] [ 8412] - ?   P A S S   ?
[INFO ][2015-11-06 18:49:03,457][com.java.TestType] [ 8483] - Looping End......
[INFO ][2015-11-06 18:49:03,461][com.java.SeleniumDriver] [  861] -  RESULT true
[INFO ][2015-11-06 18:49:03,461][com.java.SeleniumDriver] [ 1066] - ?   P A S S   ?
[INFO ][2015-11-06 18:49:03,461][com.java.SeleniumDriver] [  788] - ------------------------------------------
[INFO ][2015-11-06 18:49:03,461][com.java.SeleniumDriver] [  789] - Test case being Executed: 1
[INFO ][2015-11-06 18:49:03,461][com.java.SeleniumDriver] [  800] - Test step:2
[INFO ][2015-11-06 18:49:03,461][com.java.SeleniumDriver] [  812] - Datavalue is----------Concept#2:1-2
[INFO ][2015-11-06 18:49:03,461][com.java.SeleniumDriver] [  836] - DataField : test
[INFO ][2015-11-06 18:49:03,461][com.java.SeleniumDriver] [  838] - DataValue : Concept#2:1-2
[INFO ][2015-11-06 18:49:03,462][com.java.SeleniumDriver] [  844] - <In Set values of the page>
[INFO ][2015-11-06 18:49:03,462][com.java.SeleniumDriver] [  847] - {Data Fields & Data Values Exist}
[INFO ][2015-11-06 18:49:03,462][com.java.SeleniumDriver] [  849] - --------------------------setting values-----------------------------
[INFO ][2015-11-06 18:49:03,462][com.java.SeleniumDriver] [  852] - Action Type : ExecuteTestCase
[INFO ][2015-11-06 18:49:03,462][com.java.TestType] [  417] - The Concept sheet name is ---------- Concept
[INFO ][2015-11-06 18:49:03,462][com.java.TestType] [  420] - The Concept ID  is ---------- 2
[DEBUG][2015-11-06 18:49:03,462][com.java.TestType] [  424] - Steps being executted in the Concept are: 1:2
[INFO ][2015-11-06 18:49:03,463][com.java.TestType] [  431] - Test data details path ---------- D:\BankersDashboard\TestInputs\TestData.xls
[INFO ][2015-11-06 18:49:03,500][com.java.TestType] [  462] -  str(1) = 2
[INFO ][2015-11-06 18:49:03,501][com.java.TestType] [  465] - Test case Id is---2
[INFO ][2015-11-06 18:49:03,501][com.java.TestType] [  467] - 2
[INFO ][2015-11-06 18:49:03,501][com.java.TestType] [  462] -  str(2) = 1
[INFO ][2015-11-06 18:49:03,502][com.java.TestType] [  514] - row values are--------{1=com.java.Objects.TestDataDetails@10824ef}
[INFO ][2015-11-06 18:49:03,502][com.java.TestType] [  462] -  str(1) = 2
[INFO ][2015-11-06 18:49:03,503][com.java.TestType] [  465] - Test case Id is---2
[INFO ][2015-11-06 18:49:03,503][com.java.TestType] [  467] - 2
[INFO ][2015-11-06 18:49:03,503][com.java.TestType] [  462] -  str(2) = 2
[INFO ][2015-11-06 18:49:03,503][com.java.TestType] [  514] - row values are--------{1=com.java.Objects.TestDataDetails@10824ef, 2=com.java.Objects.TestDataDetails@f7f696}
[INFO ][2015-11-06 18:49:03,503][com.java.TestType] [  462] -  str(1) = 2
[INFO ][2015-11-06 18:49:03,503][com.java.TestType] [  465] - Test case Id is---2
[INFO ][2015-11-06 18:49:03,503][com.java.TestType] [  467] - 2
[INFO ][2015-11-06 18:49:03,504][com.java.TestType] [  462] -  str(2) = 3
[INFO ][2015-11-06 18:49:03,504][com.java.TestType] [  514] - row values are--------{1=com.java.Objects.TestDataDetails@10824ef, 2=com.java.Objects.TestDataDetails@f7f696, 3=com.java.Objects.TestDataDetails@1056bc5}
[INFO ][2015-11-06 18:49:03,504][com.java.TestType] [ 8177] - Looping 1TCID = 2
[DEBUG][2015-11-06 18:49:03,504][com.java.TestType] [ 8218] - Concept ID:2 :: Step being Executed: 2::1
[INFO ][2015-11-06 18:49:03,504][com.java.TestType] [ 8256] - dataFields : BNK//select[@id='bank']
[DEBUG][2015-11-06 18:49:03,505][com.java.TestType] [ 8262] - <In Set values of the page>
[DEBUG][2015-11-06 18:49:03,505][com.java.TestType] [ 8267] - {Data Fields & Data Values Exist}
[INFO ][2015-11-06 18:49:03,505][com.java.TestType] [ 8273] - --------------------------setting values-----------------------------
[INFO ][2015-11-06 18:49:03,505][com.java.TestType] [ 8276] - Action Type : Select
[INFO ][2015-11-06 18:49:03,505][com.java.TestType] [ 4028] - value = PFC
[INFO ][2015-11-06 18:49:03,706][com.java.TestType] [ 8295] -  RESULT true
[INFO ][2015-11-06 18:49:03,706][com.java.TestType] [ 8412] - ?   P A S S   ?
[DEBUG][2015-11-06 18:49:03,706][com.java.TestType] [ 8218] - Concept ID:2 :: Step being Executed: 2::2
[INFO ][2015-11-06 18:49:03,706][com.java.TestType] [ 8256] - dataFields : LNKLogout
[DEBUG][2015-11-06 18:49:03,706][com.java.TestType] [ 8262] - <In Set values of the page>
[DEBUG][2015-11-06 18:49:03,706][com.java.TestType] [ 8267] - {Data Fields & Data Values Exist}
[INFO ][2015-11-06 18:49:03,706][com.java.TestType] [ 8273] - --------------------------setting values-----------------------------
[INFO ][2015-11-06 18:49:03,706][com.java.TestType] [ 8276] - Action Type : WaitTime
[DEBUG][2015-11-06 18:49:03,706][com.java.TestType] [ 3861] - sleepTime: 5000
[INFO ][2015-11-06 18:49:08,707][com.java.TestType] [ 8295] -  RESULT true
[INFO ][2015-11-06 18:49:08,707][com.java.TestType] [ 8412] - ?   P A S S   ?
[INFO ][2015-11-06 18:49:08,707][com.java.TestType] [ 8483] - Looping End......
[INFO ][2015-11-06 18:49:08,711][com.java.SeleniumDriver] [  861] -  RESULT true
[INFO ][2015-11-06 18:49:08,711][com.java.SeleniumDriver] [ 1066] - ?   P A S S   ?
[INFO ][2015-11-06 18:49:08,711][com.java.SeleniumDriver] [  788] - ------------------------------------------
[INFO ][2015-11-06 18:49:08,711][com.java.SeleniumDriver] [  789] - Test case being Executed: 1
[INFO ][2015-11-06 18:49:08,711][com.java.SeleniumDriver] [  800] - Test step:3
[INFO ][2015-11-06 18:49:08,711][com.java.SeleniumDriver] [  812] - Datavalue is----------2
[INFO ][2015-11-06 18:49:08,711][com.java.SeleniumDriver] [  836] - DataField : XPH//button[contains(text(),'Add Content')]
[INFO ][2015-11-06 18:49:08,712][com.java.SeleniumDriver] [  838] - DataValue : 2
[INFO ][2015-11-06 18:49:08,712][com.java.SeleniumDriver] [  844] - <In Set values of the page>
[INFO ][2015-11-06 18:49:08,712][com.java.SeleniumDriver] [  847] - {Data Fields & Data Values Exist}
[INFO ][2015-11-06 18:49:08,712][com.java.SeleniumDriver] [  849] - --------------------------setting values-----------------------------
[INFO ][2015-11-06 18:49:08,712][com.java.SeleniumDriver] [  852] - Action Type : WAITFORELEMENT
[INFO ][2015-11-06 18:49:08,747][com.java.SeleniumDriver] [  861] -  RESULT true
[INFO ][2015-11-06 18:49:08,747][com.java.SeleniumDriver] [ 1066] - ?   P A S S   ?
[DEBUG][2015-11-06 18:49:08,747][com.java.SeleniumDriver] [ 1168] - Case found
[DEBUG][2015-11-06 18:49:08,747][com.java.SeleniumDriver] [ 1173] - Incrementing ReportCounters[0]:1
[INFO ][2015-11-06 18:49:08,747][com.java.SeleniumDriver] [ 1192] - The results are-------------------[1, 1, Valid Login, Pass, , Fri Nov 06 18:49:03 IST 2015, 1, 2, Valid Login, Pass, , Fri Nov 06 18:49:08 IST 2015, 1, 3, Valid Login, Pass, , Fri Nov 06 18:49:08 IST 2015]
[INFO ][2015-11-06 18:49:08,747][com.java.SeleniumDriver] [ 1196] - End time is-------51 sec
[INFO ][2015-11-06 18:49:08,747][com.java.SeleniumDriver] [ 1197] - The results are-------------------[1, 1, Valid Login, Pass, , Fri Nov 06 18:49:03 IST 2015, 1, 2, Valid Login, Pass, , Fri Nov 06 18:49:08 IST 2015, 1, 3, Valid Login, Pass, , Fri Nov 06 18:49:08 IST 2015]
[DEBUG][2015-11-06 18:49:08,747][com.java.ImportnExport.ExportTestResultsExcel] [  222] - testResultPath = D:\BankersDashboard/TestReports/Test Results_BankersDashBoard_110615_184819_IE11_Bank of North Carolina.xls
[DEBUG][2015-11-06 18:49:08,748][com.java.ImportnExport.ExportTestResultsExcel] [  223] - browser is------------IE11
[DEBUG][2015-11-06 18:49:08,788][com.java.ImportnExport.ExportTestResultsExcel] [  270] - result.size() = 18
[DEBUG][2015-11-06 18:49:08,788][com.java.ImportnExport.ExportTestResultsExcel] [  274] - No of rows in sheet=1
[DEBUG][2015-11-06 18:49:08,788][com.java.ImportnExport.ExportTestResultsExcel] [  301] - ..in export..1
[DEBUG][2015-11-06 18:49:08,789][com.java.ImportnExport.ExportTestResultsExcel] [  301] - ..in export..Valid Login
[DEBUG][2015-11-06 18:49:08,789][com.java.ImportnExport.ExportTestResultsExcel] [  301] - ..in export..Pass
[DEBUG][2015-11-06 18:49:08,789][com.java.ImportnExport.ExportTestResultsExcel] [  301] - ..in export..
[DEBUG][2015-11-06 18:49:08,790][com.java.ImportnExport.ExportTestResultsExcel] [  301] - ..in export..Fri Nov 06 18:49:03 IST 2015
[INFO ][2015-11-06 18:49:08,792][com.java.SeleniumDriver] [ 1255] - out loop:0 size:2 TestCases:[1, 6] testcases:[1, 6]
[INFO ][2015-11-06 18:49:08,792][com.java.ImportnExport.ImportTestDataDetailsExcel] [   49] - test data details path===== D:\BankersDashboard\TestInputs\TestData.xls
[INFO ][2015-11-06 18:49:36,720][com.java.SeleniumDriver] [  788] - ------------------------------------------
[INFO ][2015-11-06 18:49:36,720][com.java.SeleniumDriver] [  789] - Test case being Executed: 6
[INFO ][2015-11-06 18:49:36,720][com.java.SeleniumDriver] [  800] - Test step:1
[INFO ][2015-11-06 18:49:36,720][com.java.SeleniumDriver] [  812] - Datavalue is----------null
[DEBUG][2015-11-06 18:49:36,720][com.java.SeleniumDriver] [  830] - Exception: null
[INFO ][2015-11-06 18:49:36,720][com.java.SeleniumDriver] [  836] - DataField : //span[@class="icon-compass"]&&//a[@data-id="Daily"]
[INFO ][2015-11-06 18:49:36,720][com.java.SeleniumDriver] [  838] - DataValue : 
[INFO ][2015-11-06 18:49:36,720][com.java.SeleniumDriver] [  844] - <In Set values of the page>
[INFO ][2015-11-06 18:49:36,720][com.java.SeleniumDriver] [  847] - {Data Fields & Data Values Exist}
[INFO ][2015-11-06 18:49:36,720][com.java.SeleniumDriver] [  849] - --------------------------setting values-----------------------------
[INFO ][2015-11-06 18:49:36,720][com.java.SeleniumDriver] [  852] - Action Type : MOUSEOVER
[INFO ][2015-11-06 18:49:46,700][com.java.SeleniumDriver] [  861] -  RESULT true
[INFO ][2015-11-06 18:49:46,700][com.java.SeleniumDriver] [ 1066] - ?   P A S S   ?
[INFO ][2015-11-06 18:49:46,700][com.java.SeleniumDriver] [  788] - ------------------------------------------
[INFO ][2015-11-06 18:49:46,701][com.java.SeleniumDriver] [  789] - Test case being Executed: 6
[INFO ][2015-11-06 18:49:46,701][com.java.SeleniumDriver] [  800] - Test step:2
[INFO ][2015-11-06 18:49:46,701][com.java.SeleniumDriver] [  812] - Datavalue is----------null
[DEBUG][2015-11-06 18:49:46,701][com.java.SeleniumDriver] [  830] - Exception: null
[INFO ][2015-11-06 18:49:46,701][com.java.SeleniumDriver] [  836] - DataField : null
[INFO ][2015-11-06 18:49:46,701][com.java.SeleniumDriver] [  838] - DataValue : 
[INFO ][2015-11-06 18:49:46,701][com.java.SeleniumDriver] [  844] - <In Set values of the page>
[INFO ][2015-11-06 18:49:46,701][com.java.SeleniumDriver] [  847] - {Data Fields & Data Values Exist}
[INFO ][2015-11-06 18:49:46,701][com.java.SeleniumDriver] [  849] - --------------------------setting values-----------------------------
[INFO ][2015-11-06 18:49:46,701][com.java.SeleniumDriver] [  852] - Action Type : WAITTIME
[DEBUG][2015-11-06 18:49:46,701][com.java.TestType] [ 3861] - sleepTime: 10000
[INFO ][2015-11-06 18:49:56,701][com.java.SeleniumDriver] [  861] -  RESULT true
[INFO ][2015-11-06 18:49:56,701][com.java.SeleniumDriver] [ 1066] - ?   P A S S   ?
[INFO ][2015-11-06 18:49:56,701][com.java.SeleniumDriver] [  788] - ------------------------------------------
[INFO ][2015-11-06 18:49:56,701][com.java.SeleniumDriver] [  789] - Test case being Executed: 6
[INFO ][2015-11-06 18:49:56,701][com.java.SeleniumDriver] [  800] - Test step:3
[INFO ][2015-11-06 18:49:56,701][com.java.SeleniumDriver] [  812] - Datavalue is----------null
[DEBUG][2015-11-06 18:49:56,701][com.java.SeleniumDriver] [  830] - Exception: null
[INFO ][2015-11-06 18:49:56,701][com.java.SeleniumDriver] [  836] - DataField : XPH//span[@class="ui-button-text" and contains(text(),'Show Report')]
[INFO ][2015-11-06 18:49:56,701][com.java.SeleniumDriver] [  838] - DataValue : 
[INFO ][2015-11-06 18:49:56,701][com.java.SeleniumDriver] [  844] - <In Set values of the page>
[INFO ][2015-11-06 18:49:56,701][com.java.SeleniumDriver] [  847] - {Data Fields & Data Values Exist}
[INFO ][2015-11-06 18:49:56,702][com.java.SeleniumDriver] [  849] - --------------------------setting values-----------------------------
[INFO ][2015-11-06 18:49:56,702][com.java.SeleniumDriver] [  852] - Action Type : WAITFORELEMENT
[INFO ][2015-11-06 18:49:56,746][com.java.SeleniumDriver] [  861] -  RESULT true
[INFO ][2015-11-06 18:49:56,746][com.java.SeleniumDriver] [ 1066] - ?   P A S S   ?
[INFO ][2015-11-06 18:49:56,746][com.java.SeleniumDriver] [  788] - ------------------------------------------
[INFO ][2015-11-06 18:49:56,746][com.java.SeleniumDriver] [  789] - Test case being Executed: 6
[INFO ][2015-11-06 18:49:56,746][com.java.SeleniumDriver] [  800] - Test step:4
[INFO ][2015-11-06 18:49:56,746][com.java.SeleniumDriver] [  812] - Datavalue is----------null
[DEBUG][2015-11-06 18:49:56,747][com.java.SeleniumDriver] [  830] - Exception: null
[INFO ][2015-11-06 18:49:56,747][com.java.SeleniumDriver] [  836] - DataField : XPH//span[@class="ui-button-text" and contains(text(),'Show Report')]
[INFO ][2015-11-06 18:49:56,747][com.java.SeleniumDriver] [  838] - DataValue : 
[INFO ][2015-11-06 18:49:56,747][com.java.SeleniumDriver] [  844] - <In Set values of the page>
[INFO ][2015-11-06 18:49:56,747][com.java.SeleniumDriver] [  847] - {Data Fields & Data Values Exist}
[INFO ][2015-11-06 18:49:56,747][com.java.SeleniumDriver] [  849] - --------------------------setting values-----------------------------
[INFO ][2015-11-06 18:49:56,747][com.java.SeleniumDriver] [  852] - Action Type : Click
[INFO ][2015-11-06 18:49:56,747][com.java.TestType] [ 4341] - Field ::XPH//span[@class="ui-button-text" and contains(text(),'Show Report')]
[INFO ][2015-11-06 18:49:57,747][com.java.TestType] [ 4400] - BEFORE CLICK
[INFO ][2015-11-06 18:49:59,105][com.java.TestType] [ 4408] - Unable to click the object Show Report Button
[INFO ][2015-11-06 18:49:59,105][com.java.SeleniumDriver] [  861] -  RESULT true
[INFO ][2015-11-06 18:49:59,105][com.java.SeleniumDriver] [ 1066] - ?   P A S S   ?
[INFO ][2015-11-06 18:49:59,105][com.java.SeleniumDriver] [  788] - ------------------------------------------
[INFO ][2015-11-06 18:49:59,105][com.java.SeleniumDriver] [  789] - Test case being Executed: 6
[INFO ][2015-11-06 18:49:59,105][com.java.SeleniumDriver] [  800] - Test step:5
[INFO ][2015-11-06 18:49:59,105][com.java.SeleniumDriver] [  812] - Datavalue is----------5
[INFO ][2015-11-06 18:49:59,105][com.java.SeleniumDriver] [  836] - DataField : XPH//td[@class='ReportTitle']
[INFO ][2015-11-06 18:49:59,105][com.java.SeleniumDriver] [  838] - DataValue : 5
[INFO ][2015-11-06 18:49:59,105][com.java.SeleniumDriver] [  844] - <In Set values of the page>
[INFO ][2015-11-06 18:49:59,105][com.java.SeleniumDriver] [  847] - {Data Fields & Data Values Exist}
[INFO ][2015-11-06 18:49:59,105][com.java.SeleniumDriver] [  849] - --------------------------setting values-----------------------------
[INFO ][2015-11-06 18:49:59,106][com.java.SeleniumDriver] [  852] - Action Type : WAITFORELEMENT
[INFO ][2015-11-06 18:50:01,305][com.java.SeleniumDriver] [  861] -  RESULT true
[INFO ][2015-11-06 18:50:01,305][com.java.SeleniumDriver] [ 1066] - ?   P A S S   ?
[INFO ][2015-11-06 18:50:01,306][com.java.SeleniumDriver] [  788] - ------------------------------------------
[INFO ][2015-11-06 18:50:01,306][com.java.SeleniumDriver] [  789] - Test case being Executed: 6
[INFO ][2015-11-06 18:50:01,306][com.java.SeleniumDriver] [  800] - Test step:6
[INFO ][2015-11-06 18:50:01,306][com.java.SeleniumDriver] [  812] - Datavalue is---------- My Dashboard
[INFO ][2015-11-06 18:50:01,306][com.java.SeleniumDriver] [  836] - DataField : XPH//td[@class='ReportTitle']
[INFO ][2015-11-06 18:50:01,306][com.java.SeleniumDriver] [  838] - DataValue :  My Dashboard
[INFO ][2015-11-06 18:50:01,306][com.java.SeleniumDriver] [  844] - <In Set values of the page>
[INFO ][2015-11-06 18:50:01,306][com.java.SeleniumDriver] [  847] - {Data Fields & Data Values Exist}
[INFO ][2015-11-06 18:50:01,306][com.java.SeleniumDriver] [  849] - --------------------------setting values-----------------------------
[INFO ][2015-11-06 18:50:01,306][com.java.SeleniumDriver] [  852] - Action Type : VERIFY
[INFO ][2015-11-06 18:50:01,306][com.java.TestType] [ 5154] - field= XPH//td[@class='ReportTitle'] value=  My Dashboard
[INFO ][2015-11-06 18:50:01,306][com.java.TestType] [ 4028] - value =  My Dashboard
[INFO ][2015-11-06 18:50:01,414][com.java.SeleniumDriver] [  861] -  RESULT true
[INFO ][2015-11-06 18:50:01,414][com.java.SeleniumDriver] [ 1066] - ?   P A S S   ?
[INFO ][2015-11-06 18:50:01,414][com.java.SeleniumDriver] [  788] - ------------------------------------------
[INFO ][2015-11-06 18:50:01,414][com.java.SeleniumDriver] [  789] - Test case being Executed: 6
[INFO ][2015-11-06 18:50:01,414][com.java.SeleniumDriver] [  800] - Test step:7
[INFO ][2015-11-06 18:50:01,414][com.java.SeleniumDriver] [  812] - Datavalue is----------Date:MMM YY:-2
[INFO ][2015-11-06 18:50:01,414][com.java.SeleniumDriver] [  836] - DataField : XPH//table[@class='report2']/thead/tr/td[3]/font/b
[INFO ][2015-11-06 18:50:01,414][com.java.SeleniumDriver] [  838] - DataValue : Date:MMM YY:-2
[INFO ][2015-11-06 18:50:01,414][com.java.SeleniumDriver] [  844] - <In Set values of the page>
[INFO ][2015-11-06 18:50:01,414][com.java.SeleniumDriver] [  847] - {Data Fields & Data Values Exist}
[INFO ][2015-11-06 18:50:01,414][com.java.SeleniumDriver] [  849] - --------------------------setting values-----------------------------
[INFO ][2015-11-06 18:50:01,414][com.java.SeleniumDriver] [  852] - Action Type : VERIFY
[INFO ][2015-11-06 18:50:01,415][com.java.TestType] [ 5154] - field= XPH//table[@class='report2']/thead/tr/td[3]/font/b value= Date:MMM YY:-2
[INFO ][2015-11-06 18:50:01,415][com.java.TestType] [ 4028] - value = Sep 15
[INFO ][2015-11-06 18:50:01,525][com.java.SeleniumDriver] [  861] -  RESULT true
[INFO ][2015-11-06 18:50:01,525][com.java.SeleniumDriver] [ 1066] - ?   P A S S   ?
[INFO ][2015-11-06 18:50:01,525][com.java.SeleniumDriver] [  788] - ------------------------------------------
[INFO ][2015-11-06 18:50:01,525][com.java.SeleniumDriver] [  789] - Test case being Executed: 6
[INFO ][2015-11-06 18:50:01,525][com.java.SeleniumDriver] [  800] - Test step:8
[INFO ][2015-11-06 18:50:01,525][com.java.SeleniumDriver] [  812] - Datavalue is----------Date:MMM YY:-3
[INFO ][2015-11-06 18:50:01,525][com.java.SeleniumDriver] [  836] - DataField : XPH//table[@class='report2']/thead/tr/td[5]/font/b
[INFO ][2015-11-06 18:50:01,525][com.java.SeleniumDriver] [  838] - DataValue : Date:MMM YY:-3
[INFO ][2015-11-06 18:50:01,525][com.java.SeleniumDriver] [  844] - <In Set values of the page>
[INFO ][2015-11-06 18:50:01,525][com.java.SeleniumDriver] [  847] - {Data Fields & Data Values Exist}
[INFO ][2015-11-06 18:50:01,525][com.java.SeleniumDriver] [  849] - --------------------------setting values-----------------------------
[INFO ][2015-11-06 18:50:01,525][com.java.SeleniumDriver] [  852] - Action Type : VERIFY
[INFO ][2015-11-06 18:50:01,526][com.java.TestType] [ 5154] - field= XPH//table[@class='report2']/thead/tr/td[5]/font/b value= Date:MMM YY:-3
[INFO ][2015-11-06 18:50:01,526][com.java.TestType] [ 4028] - value = Aug 15
[INFO ][2015-11-06 18:50:01,635][com.java.SeleniumDriver] [  861] -  RESULT true
[INFO ][2015-11-06 18:50:01,635][com.java.SeleniumDriver] [ 1066] - ?   P A S S   ?
[INFO ][2015-11-06 18:50:01,635][com.java.SeleniumDriver] [  788] - ------------------------------------------
[INFO ][2015-11-06 18:50:01,635][com.java.SeleniumDriver] [  789] - Test case being Executed: 6
[INFO ][2015-11-06 18:50:01,635][com.java.SeleniumDriver] [  800] - Test step:9
[INFO ][2015-11-06 18:50:01,635][com.java.SeleniumDriver] [  812] - Datavalue is----------Date:MMM YY:-4
[INFO ][2015-11-06 18:50:01,635][com.java.SeleniumDriver] [  836] - DataField : XPH//table[@class='report2']/thead/tr/td[7]/font/b
[INFO ][2015-11-06 18:50:01,635][com.java.SeleniumDriver] [  838] - DataValue : Date:MMM YY:-4
[INFO ][2015-11-06 18:50:01,635][com.java.SeleniumDriver] [  844] - <In Set values of the page>
[INFO ][2015-11-06 18:50:01,635][com.java.SeleniumDriver] [  847] - {Data Fields & Data Values Exist}
[INFO ][2015-11-06 18:50:01,635][com.java.SeleniumDriver] [  849] - --------------------------setting values-----------------------------
[INFO ][2015-11-06 18:50:01,635][com.java.SeleniumDriver] [  852] - Action Type : VERIFY
[INFO ][2015-11-06 18:50:01,635][com.java.TestType] [ 5154] - field= XPH//table[@class='report2']/thead/tr/td[7]/font/b value= Date:MMM YY:-4
[INFO ][2015-11-06 18:50:01,636][com.java.TestType] [ 4028] - value = Jul 15
[INFO ][2015-11-06 18:50:01,743][com.java.SeleniumDriver] [  861] -  RESULT true
[INFO ][2015-11-06 18:50:01,743][com.java.SeleniumDriver] [ 1066] - ?   P A S S   ?
[INFO ][2015-11-06 18:50:01,743][com.java.SeleniumDriver] [  788] - ------------------------------------------
[INFO ][2015-11-06 18:50:01,743][com.java.SeleniumDriver] [  789] - Test case being Executed: 6
[INFO ][2015-11-06 18:50:01,743][com.java.SeleniumDriver] [  800] - Test step:10
[INFO ][2015-11-06 18:50:01,743][com.java.SeleniumDriver] [  812] - Datavalue is----------Date:MMM YY:-5
[INFO ][2015-11-06 18:50:01,743][com.java.SeleniumDriver] [  836] - DataField : XPH//table[@class='report2']/thead/tr/td[9]/font/b
[INFO ][2015-11-06 18:50:01,743][com.java.SeleniumDriver] [  838] - DataValue : Date:MMM YY:-5
[INFO ][2015-11-06 18:50:01,743][com.java.SeleniumDriver] [  844] - <In Set values of the page>
[INFO ][2015-11-06 18:50:01,743][com.java.SeleniumDriver] [  847] - {Data Fields & Data Values Exist}
[INFO ][2015-11-06 18:50:01,743][com.java.SeleniumDriver] [  849] - --------------------------setting values-----------------------------
[INFO ][2015-11-06 18:50:01,743][com.java.SeleniumDriver] [  852] - Action Type : VERIFY
[INFO ][2015-11-06 18:50:01,744][com.java.TestType] [ 5154] - field= XPH//table[@class='report2']/thead/tr/td[9]/font/b value= Date:MMM YY:-5
[INFO ][2015-11-06 18:50:01,744][com.java.TestType] [ 4028] - value = Jun 15
[INFO ][2015-11-06 18:50:01,852][com.java.SeleniumDriver] [  861] -  RESULT true
[INFO ][2015-11-06 18:50:01,852][com.java.SeleniumDriver] [ 1066] - ?   P A S S   ?
[INFO ][2015-11-06 18:50:01,852][com.java.SeleniumDriver] [  788] - ------------------------------------------
[INFO ][2015-11-06 18:50:01,853][com.java.SeleniumDriver] [  789] - Test case being Executed: 6
[INFO ][2015-11-06 18:50:01,853][com.java.SeleniumDriver] [  800] - Test step:11
[INFO ][2015-11-06 18:50:01,853][com.java.SeleniumDriver] [  812] - Datavalue is----------Yr:-1
[INFO ][2015-11-06 18:50:01,853][com.java.SeleniumDriver] [  836] - DataField : XPH//table[@class='report2']/thead/tr/td[11]/font/b
[INFO ][2015-11-06 18:50:01,853][com.java.SeleniumDriver] [  838] - DataValue : Yr:-1
[INFO ][2015-11-06 18:50:01,853][com.java.SeleniumDriver] [  844] - <In Set values of the page>
[INFO ][2015-11-06 18:50:01,853][com.java.SeleniumDriver] [  847] - {Data Fields & Data Values Exist}
[INFO ][2015-11-06 18:50:01,853][com.java.SeleniumDriver] [  849] - --------------------------setting values-----------------------------
[INFO ][2015-11-06 18:50:01,853][com.java.SeleniumDriver] [  852] - Action Type : VERIFY
[INFO ][2015-11-06 18:50:01,853][com.java.TestType] [ 5154] - field= XPH//table[@class='report2']/thead/tr/td[11]/font/b value= Yr:-1
[INFO ][2015-11-06 18:50:01,853][com.java.TestType] [ 4028] - value = Dec 14
[INFO ][2015-11-06 18:50:01,961][com.java.SeleniumDriver] [  861] -  RESULT true
[INFO ][2015-11-06 18:50:01,961][com.java.SeleniumDriver] [ 1066] - ?   P A S S   ?
[INFO ][2015-11-06 18:50:01,961][com.java.SeleniumDriver] [  788] - ------------------------------------------
[INFO ][2015-11-06 18:50:01,961][com.java.SeleniumDriver] [  789] - Test case being Executed: 6
[INFO ][2015-11-06 18:50:01,961][com.java.SeleniumDriver] [  800] - Test step:12
[INFO ][2015-11-06 18:50:01,961][com.java.SeleniumDriver] [  812] - Datavalue is----------null
[DEBUG][2015-11-06 18:50:01,961][com.java.SeleniumDriver] [  830] - Exception: null
[INFO ][2015-11-06 18:50:01,961][com.java.SeleniumDriver] [  836] - DataField : XPH//button[contains(@class,'metro-purple')]
[INFO ][2015-11-06 18:50:01,962][com.java.SeleniumDriver] [  838] - DataValue : 
[INFO ][2015-11-06 18:50:01,962][com.java.SeleniumDriver] [  844] - <In Set values of the page>
[INFO ][2015-11-06 18:50:01,962][com.java.SeleniumDriver] [  847] - {Data Fields & Data Values Exist}
[INFO ][2015-11-06 18:50:01,962][com.java.SeleniumDriver] [  849] - --------------------------setting values-----------------------------
[INFO ][2015-11-06 18:50:01,962][com.java.SeleniumDriver] [  852] - Action Type : Click
[INFO ][2015-11-06 18:50:01,962][com.java.TestType] [ 4341] - Field ::XPH//button[contains(@class,'metro-purple')]
[INFO ][2015-11-06 18:50:02,962][com.java.TestType] [ 4400] - BEFORE CLICK
[INFO ][2015-11-06 18:50:06,069][com.java.TestType] [ 4408] - Unable to click the object Report Properties Button
[INFO ][2015-11-06 18:50:06,069][com.java.SeleniumDriver] [  861] -  RESULT true
[INFO ][2015-11-06 18:50:06,069][com.java.SeleniumDriver] [ 1066] - ?   P A S S   ?
[INFO ][2015-11-06 18:50:06,069][com.java.SeleniumDriver] [  788] - ------------------------------------------
[INFO ][2015-11-06 18:50:06,069][com.java.SeleniumDriver] [  789] - Test case being Executed: 6
[INFO ][2015-11-06 18:50:06,069][com.java.SeleniumDriver] [  800] - Test step:13
[INFO ][2015-11-06 18:50:06,069][com.java.SeleniumDriver] [  812] - Datavalue is----------5
[INFO ][2015-11-06 18:50:06,069][com.java.SeleniumDriver] [  836] - DataField : XPH//span[@class='ui-dialog-title']
[INFO ][2015-11-06 18:50:06,069][com.java.SeleniumDriver] [  838] - DataValue : 5
[INFO ][2015-11-06 18:50:06,069][com.java.SeleniumDriver] [  844] - <In Set values of the page>
[INFO ][2015-11-06 18:50:06,069][com.java.SeleniumDriver] [  847] - {Data Fields & Data Values Exist}
[INFO ][2015-11-06 18:50:06,069][com.java.SeleniumDriver] [  849] - --------------------------setting values-----------------------------
[INFO ][2015-11-06 18:50:06,070][com.java.SeleniumDriver] [  852] - Action Type : WAITFORELEMENT
[INFO ][2015-11-06 18:50:06,103][com.java.SeleniumDriver] [  861] -  RESULT true
[INFO ][2015-11-06 18:50:06,103][com.java.SeleniumDriver] [ 1066] - ?   P A S S   ?
[INFO ][2015-11-06 18:50:06,103][com.java.SeleniumDriver] [  788] - ------------------------------------------
[INFO ][2015-11-06 18:50:06,103][com.java.SeleniumDriver] [  789] - Test case being Executed: 6
[INFO ][2015-11-06 18:50:06,103][com.java.SeleniumDriver] [  800] - Test step:14
[INFO ][2015-11-06 18:50:06,103][com.java.SeleniumDriver] [  812] - Datavalue is----------My Dashboard
[INFO ][2015-11-06 18:50:06,104][com.java.SeleniumDriver] [  836] - DataField : XPH//span[@class='ui-dialog-title']
[INFO ][2015-11-06 18:50:06,104][com.java.SeleniumDriver] [  838] - DataValue : My Dashboard
[INFO ][2015-11-06 18:50:06,104][com.java.SeleniumDriver] [  844] - <In Set values of the page>
[INFO ][2015-11-06 18:50:06,104][com.java.SeleniumDriver] [  847] - {Data Fields & Data Values Exist}
[INFO ][2015-11-06 18:50:06,104][com.java.SeleniumDriver] [  849] - --------------------------setting values-----------------------------
[INFO ][2015-11-06 18:50:06,104][com.java.SeleniumDriver] [  852] - Action Type : VERIFY
[INFO ][2015-11-06 18:50:06,104][com.java.TestType] [ 5154] - field= XPH//span[@class='ui-dialog-title'] value= My Dashboard
[INFO ][2015-11-06 18:50:06,104][com.java.TestType] [ 4028] - value = My Dashboard
[INFO ][2015-11-06 18:50:06,213][com.java.SeleniumDriver] [  861] -  RESULT true
[INFO ][2015-11-06 18:50:06,213][com.java.SeleniumDriver] [ 1066] - ?   P A S S   ?
[INFO ][2015-11-06 18:50:06,213][com.java.SeleniumDriver] [  788] - ------------------------------------------
[INFO ][2015-11-06 18:50:06,213][com.java.SeleniumDriver] [  789] - Test case being Executed: 6
[INFO ][2015-11-06 18:50:06,213][com.java.SeleniumDriver] [  800] - Test step:15
[INFO ][2015-11-06 18:50:06,213][com.java.SeleniumDriver] [  812] - Datavalue is----------null
[DEBUG][2015-11-06 18:50:06,213][com.java.SeleniumDriver] [  830] - Exception: null
[INFO ][2015-11-06 18:50:06,213][com.java.SeleniumDriver] [  836] - DataField : BTNframeDialogContent
[INFO ][2015-11-06 18:50:06,213][com.java.SeleniumDriver] [  838] - DataValue : 
[INFO ][2015-11-06 18:50:06,213][com.java.SeleniumDriver] [  844] - <In Set values of the page>
[INFO ][2015-11-06 18:50:06,214][com.java.SeleniumDriver] [  847] - {Data Fields & Data Values Exist}
[INFO ][2015-11-06 18:50:06,214][com.java.SeleniumDriver] [  849] - --------------------------setting values-----------------------------
[INFO ][2015-11-06 18:50:06,214][com.java.SeleniumDriver] [  852] - Action Type : SELECTFRAME
[INFO ][2015-11-06 18:50:07,496][com.java.SeleniumDriver] [  861] -  RESULT true
[INFO ][2015-11-06 18:50:07,496][com.java.SeleniumDriver] [ 1066] - ?   P A S S   ?
[INFO ][2015-11-06 18:50:07,496][com.java.SeleniumDriver] [  788] - ------------------------------------------
[INFO ][2015-11-06 18:50:07,497][com.java.SeleniumDriver] [  789] - Test case being Executed: 6
[INFO ][2015-11-06 18:50:07,498][com.java.SeleniumDriver] [  800] - Test step:16
[INFO ][2015-11-06 18:50:07,498][com.java.SeleniumDriver] [  812] - Datavalue is----------Centers
[INFO ][2015-11-06 18:50:07,498][com.java.SeleniumDriver] [  836] - DataField : COBddlView
[INFO ][2015-11-06 18:50:07,498][com.java.SeleniumDriver] [  838] - DataValue : Centers
[INFO ][2015-11-06 18:50:07,498][com.java.SeleniumDriver] [  844] - <In Set values of the page>
[INFO ][2015-11-06 18:50:07,498][com.java.SeleniumDriver] [  847] - {Data Fields & Data Values Exist}
[INFO ][2015-11-06 18:50:07,498][com.java.SeleniumDriver] [  849] - --------------------------setting values-----------------------------
[INFO ][2015-11-06 18:50:07,498][com.java.SeleniumDriver] [  852] - Action Type : Select
[INFO ][2015-11-06 18:50:07,498][com.java.TestType] [ 4028] - value = Centers
[INFO ][2015-11-06 18:50:08,614][com.java.TestType] [ 4146] -  In COB ddlView : Centers
[DEBUG][2015-11-06 18:50:09,718][com.java.TestType] [ 4171] - Java Script : javascript:var s = document.getElementById('ddlView');for (i = 0; i< s.options.length; i++){   if (s.options[i].text.trim().toUpperCase() == 'CENTERS'){      s.options[i].selected = true;      s.click();      break;   }}
[INFO ][2015-11-06 18:50:11,732][com.java.SeleniumDriver] [  861] -  RESULT true
[INFO ][2015-11-06 18:50:11,732][com.java.SeleniumDriver] [ 1066] - ?   P A S S   ?
[INFO ][2015-11-06 18:50:11,732][com.java.SeleniumDriver] [  788] - ------------------------------------------
[INFO ][2015-11-06 18:50:11,732][com.java.SeleniumDriver] [  789] - Test case being Executed: 6
[INFO ][2015-11-06 18:50:11,732][com.java.SeleniumDriver] [  800] - Test step:17
[INFO ][2015-11-06 18:50:11,732][com.java.SeleniumDriver] [  812] - Datavalue is----------Centers
[INFO ][2015-11-06 18:50:11,733][com.java.SeleniumDriver] [  836] - DataField : COBddlView
[INFO ][2015-11-06 18:50:11,733][com.java.SeleniumDriver] [  838] - DataValue : Centers
[INFO ][2015-11-06 18:50:11,733][com.java.SeleniumDriver] [  844] - <In Set values of the page>
[INFO ][2015-11-06 18:50:11,733][com.java.SeleniumDriver] [  847] - {Data Fields & Data Values Exist}
[INFO ][2015-11-06 18:50:11,733][com.java.SeleniumDriver] [  849] - --------------------------setting values-----------------------------
[INFO ][2015-11-06 18:50:11,733][com.java.SeleniumDriver] [  852] - Action Type : Verify
[INFO ][2015-11-06 18:50:11,733][com.java.TestType] [ 5154] - field= COBddlView value= Centers
[INFO ][2015-11-06 18:50:11,733][com.java.TestType] [ 4028] - value = Centers
[ERROR][2015-11-06 18:50:11,915][com.java.TestType] [ 5498] - Assertion error: expected:<Centers> but was:<Periods>
[INFO ][2015-11-06 18:50:11,915][com.java.SeleniumDriver] [  861] -  RESULT false
[INFO ][2015-11-06 18:50:11,916][com.java.SeleniumDriver] [  908] - ?   F A I L   ?
[INFO ][2015-11-06 18:50:11,916][com.java.SeleniumDriver] [  916] - Browser Type : IE11
[INFO ][2015-11-06 18:50:11,916][com.java.SeleniumDriver] [  917] - Adding Failed case6
[INFO ][2015-11-06 18:50:12,638][com.java.SeleniumDriver] [ 1030] - failedCases = 6
[ERROR][2015-11-06 18:50:12,638][com.java.SeleniumDriver] [ 1516] - Platform Errors : Our apologies...::We have encountered an issue with your request.::Our apologies?:We encountered an issue with your request.
[INFO ][2015-11-06 18:50:12,638][com.java.SeleniumDriver] [ 1520] - Length =3
[ERROR][2015-11-06 18:50:12,638][com.java.SeleniumDriver] [ 1523] - Error 0 = Our apologies...
[ERROR][2015-11-06 18:50:12,714][com.java.SeleniumDriver] [ 1523] - Error 1 = We have encountered an issue with your request.
[ERROR][2015-11-06 18:50:12,727][com.java.SeleniumDriver] [ 1523] - Error 2 = Our apologies?:We encountered an issue with your request.
[DEBUG][2015-11-06 18:50:12,754][com.java.SeleniumDriver] [ 1168] - Case found
[DEBUG][2015-11-06 18:50:12,754][com.java.SeleniumDriver] [ 1173] - Incrementing ReportCounters[0]:2
[INFO ][2015-11-06 18:50:12,754][com.java.SeleniumDriver] [ 1192] - The results are-------------------[6, 17, Dashboards: My Dashboard: View - Periods, Fail, 
Test case failed at Step No. :: 17   Error Message ::  Assertion error: expected:<Centers> but was:<Periods>. Screen Shot : D:\BankersDashboard\TestReports\110615\6_110615_185011_IE11.png, Fri Nov 06 18:50:12 IST 2015]
[INFO ][2015-11-06 18:50:12,754][com.java.SeleniumDriver] [ 1196] - End time is-------1 min 55 sec
[INFO ][2015-11-06 18:50:12,754][com.java.SeleniumDriver] [ 1197] - The results are-------------------[6, 17, Dashboards: My Dashboard: View - Periods, Fail, 
Test case failed at Step No. :: 17   Error Message ::  Assertion error: expected:<Centers> but was:<Periods>. Screen Shot : D:\BankersDashboard\TestReports\110615\6_110615_185011_IE11.png, Fri Nov 06 18:50:12 IST 2015]
[DEBUG][2015-11-06 18:50:12,754][com.java.ImportnExport.ExportTestResultsExcel] [  222] - testResultPath = D:\BankersDashboard/TestReports/Test Results_BankersDashBoard_110615_184819_IE11_Bank of North Carolina.xls
[DEBUG][2015-11-06 18:50:12,754][com.java.ImportnExport.ExportTestResultsExcel] [  223] - browser is------------IE11
[DEBUG][2015-11-06 18:50:12,757][com.java.ImportnExport.ExportTestResultsExcel] [  270] - result.size() = 6
[DEBUG][2015-11-06 18:50:12,757][com.java.ImportnExport.ExportTestResultsExcel] [  274] - No of rows in sheet=2
[DEBUG][2015-11-06 18:50:12,757][com.java.ImportnExport.ExportTestResultsExcel] [  301] - ..in export..6
[DEBUG][2015-11-06 18:50:12,757][com.java.ImportnExport.ExportTestResultsExcel] [  301] - ..in export..Dashboards: My Dashboard: View - Periods
[DEBUG][2015-11-06 18:50:12,757][com.java.ImportnExport.ExportTestResultsExcel] [  301] - ..in export..Fail
[DEBUG][2015-11-06 18:50:12,757][com.java.ImportnExport.ExportTestResultsExcel] [  301] - ..in export..
Test case failed at Step No. :: 17   Error Message ::  Assertion error: expected:<Centers> but was:<Periods>. Screen Shot : D:\BankersDashboard\TestReports\110615\6_110615_185011_IE11.png
[DEBUG][2015-11-06 18:50:12,757][com.java.ImportnExport.ExportTestResultsExcel] [  301] - ..in export..Fri Nov 06 18:50:12 IST 2015
[INFO ][2015-11-06 18:50:12,758][com.java.SeleniumDriver] [ 1255] - out loop:1 size:2 TestCases:[1, 6] testcases:[1, 6]
[INFO ][2015-11-06 18:50:14,759][com.java.SeleniumDriver] [ 1297] - Total Number of Cases:2
[INFO ][2015-11-06 18:50:14,759][com.java.TemplateGenerator] [  302] - Executed:2
[INFO ][2015-11-06 18:50:14,759][com.java.TemplateGenerator] [  303] - Passed:1
[INFO ][2015-11-06 18:50:14,759][com.java.TemplateGenerator] [  304] - Failed:1
[INFO ][2015-11-06 18:50:14,759][com.java.TemplateGenerator] [  305] - Skipeed:0
[INFO ][2015-11-06 18:50:14,759][com.java.TemplateGenerator] [  306] - Application URL:https://clients-xuat.bankersdashboard.com
[INFO ][2015-11-06 18:50:14,759][com.java.TemplateGenerator] [  307] - Start Time:110615_184819
[INFO ][2015-11-06 18:50:14,759][com.java.TemplateGenerator] [  308] -  Creating HTML Report 
[ERROR][2015-11-06 18:50:14,760][com.java.TemplateGenerator] [  409] - Unparseable date: "Fri Nov 06 06:48:19 IST 2015"
[INFO ][2015-11-06 18:50:14,760][com.java.TemplateGenerator] [  654] -  Exporting case :: 1
[INFO ][2015-11-06 18:50:14,760][com.java.TemplateGenerator] [  654] -  Exporting case :: 6
[INFO ][2015-11-06 18:50:14,766][com.java.SeleniumDriver] [ 1346] - End Time:110615_185014
[INFO ][2015-11-06 18:50:14,766][com.java.SeleniumDriver] [ 1349] - Data in Test Execution Details:{1=PASS, 6=FAILTest case failed at Step No. :: 17   Error Message ::  Assertion error: expected:<Centers> but was:<Periods>}
[INFO ][2015-11-06 18:50:14,766][com.java.SeleniumDriver] [ 1350] - Data in Failed Execution Deatils:{}
[INFO ][2015-11-06 18:50:14,767][com.java.SeleniumDriver] [ 1352] - ReportCounter:Total:2 :: PASS: 1 ::FAIL: 1
[INFO ][2015-11-06 18:50:14,767][com.java.SeleniumDriver] [ 1353] - FailedReportCounter:Total:0 :: PASS: 0 ::FAIL: 0
[INFO ][2015-11-06 18:50:14,772][com.java.EmailTestReport] [   63] - Sending report mail details:
[INFO ][2015-11-06 18:50:14,772][com.java.EmailTestReport] [   80] - Excel Report Path:D:\BankersDashboard/TestReports/Test Results_BankersDashBoard_110615_184819_IE11_Bank of North Carolina.xls
[INFO ][2015-11-06 18:50:14,774][com.java.EmailTestReport] [   81] - HTML Report Path:D:\BankersDashboard//TestReports//Test Results_BankersDashBoard_110615_184819_IE11_Bank of North Carolina.html
[INFO ][2015-11-06 18:50:14,774][com.java.EmailTestReport] [   82] - smtpHostName:mail01.valuelabs.com
[INFO ][2015-11-06 18:50:14,774][com.java.EmailTestReport] [   83] - Recipient:venkateswararao.gubbala@valuelabs.com
[INFO ][2015-11-06 18:50:14,774][com.java.EmailTestReport] [   84] - From:venkateswararao.gubbala@valuelabs.com
[INFO ][2015-11-06 18:50:14,774][com.java.EmailTestReport] [   85] - Subject:Deluxe Corp Bankers Dashboard Automation Test Report - Bank of North Carolina - IE11
[INFO ][2015-11-06 18:50:14,788][com.java.EmailTestReport] [  143] -  Added venkateswararao.gubbala@valuelabs.com
[INFO ][2015-11-06 18:50:18,174][com.java.SeleniumDriver] [  719] - quitting the browser 
[INFO ][2015-11-06 18:50:19,437][com.java.SeleniumDriver] [  263] - Execution Completed Stopping the thread
