[INFO ][2015-11-30 15:29:28,576][com.java.SeleniumDriver] [  213] - Execute Failed Casesfalse
[INFO ][2015-11-30 15:29:28,581][com.java.SeleniumDriver] [  214] - Browser: IE10
[INFO ][2015-11-30 15:29:28,581][com.java.SeleniumDriver] [  215] - [1, 2]
[INFO ][2015-11-30 15:29:28,581][com.java.SeleniumDriver] [  216] - Total TestCases:2
[INFO ][2015-11-30 15:29:28,581][com.java.SeleniumDriver] [  217] -  Reading Properties from Property File 
[DEBUG][2015-11-30 15:29:28,582][com.java.SeleniumDriver] [  238] - url : https://clients-xuat.bankersdashboard.com
[INFO ][2015-11-30 15:29:28,583][com.java.ImportnExport.ExportTestResultsExcel] [  116] - Time Stamp Mon Nov 30 03:29:28 IST 2015
[INFO ][2015-11-30 15:29:28,583][com.java.ImportnExport.ExportTestResultsExcel] [  175] - OUT FILE : D:\BankersDashboard/TestReports/Test Results_BankersDashBoard_113015_152928_IE10_Any Bank USA.xls
[INFO ][2015-11-30 15:29:28,611][com.java.ImportnExport.ExportTestResultsExcel] [  180] - Test Result file is created
[DEBUG][2015-11-30 15:29:28,713][com.java.SeleniumDriver] [  426] - Hub ip address is-------172.17.68.34
[INFO ][2015-11-30 15:29:28,714][com.java.SeleniumDriver] [  452] - Grid URL:http://172.17.68.34:4444/wd/hub
[INFO ][2015-11-30 15:29:28,714][com.java.SeleniumDriver] [  453] - Capability:Capabilities [{platform=ANY, ensureCleanSession=true, ignoreProtectedModeSettings=true, acceptSslCerts=true, ignoreZoomSetting=true, browserName=internet explorer, browserstack.ie.noFlash=true, version=null}]
[ERROR][2015-11-30 15:29:30,009][com.java.SeleniumDriver] [  497] - Unable invoke browser in grid:Could not start a new session. Possible causes are invalid address of the remote server or browser start-up failure.
Build info: version: '2.48.2', revision: '41bccdd', time: '2015-10-09 19:59:12'
System info: host: 'FVTIII438F1D', ip: '172.17.68.34', os.name: 'Windows 7', os.arch: 'x86', os.version: '6.1', java.version: '1.7.0_55'
Driver info: driver.version: SeleniumDriver
[INFO ][2015-11-30 15:29:30,009][com.java.SeleniumDriver] [  499] - Executing on local machine
[INFO ][2015-11-30 15:29:39,728][com.java.SeleniumDriver] [  248] - IE10is opened
[INFO ][2015-11-30 15:29:40,700][com.java.SeleniumDriver] [  754] - Test cases to be executed are: [1, 2]
[INFO ][2015-11-30 15:29:40,718][com.java.ImportnExport.ImportTestDataDetailsExcel] [   49] - test data details path===== D:\BankersDashboard\TestInputs\TestData.xls
[INFO ][2015-11-30 15:29:40,779][com.java.SeleniumDriver] [  801] - ------------------------------------------
[INFO ][2015-11-30 15:29:40,779][com.java.SeleniumDriver] [  802] - Test case being Executed: 1
[INFO ][2015-11-30 15:29:40,779][com.java.SeleniumDriver] [  813] - Test step:1
[INFO ][2015-11-30 15:29:40,779][com.java.SeleniumDriver] [  825] - Datavalue is----------Concept#1:1-14
[INFO ][2015-11-30 15:29:40,779][com.java.SeleniumDriver] [  849] - DataField : test
[INFO ][2015-11-30 15:29:40,779][com.java.SeleniumDriver] [  851] - DataValue : Concept#1:1-14
[INFO ][2015-11-30 15:29:40,779][com.java.SeleniumDriver] [  857] - <In Set values of the page>
[INFO ][2015-11-30 15:29:40,779][com.java.SeleniumDriver] [  860] - {Data Fields & Data Values Exist}
[INFO ][2015-11-30 15:29:40,780][com.java.SeleniumDriver] [  862] - --------------------------setting values-----------------------------
[INFO ][2015-11-30 15:29:40,780][com.java.SeleniumDriver] [  865] - Action Type : ExecuteTestCase
[INFO ][2015-11-30 15:29:40,796][com.java.TestType] [  432] - The Concept sheet name is ---------- Concept
[INFO ][2015-11-30 15:29:40,796][com.java.TestType] [  435] - The Concept ID  is ---------- 1
[DEBUG][2015-11-30 15:29:40,796][com.java.TestType] [  439] - Steps being executted in the Concept are: 1:14
[INFO ][2015-11-30 15:29:40,796][com.java.TestType] [  446] - Test data details path ---------- D:\BankersDashboard\TestInputs\TestData.xls
[INFO ][2015-11-30 15:29:40,830][com.java.TestType] [  477] -  str(1) = 1
[INFO ][2015-11-30 15:29:40,830][com.java.TestType] [  480] - Test case Id is---1
[INFO ][2015-11-30 15:29:40,831][com.java.TestType] [  482] - 1
[INFO ][2015-11-30 15:29:40,831][com.java.TestType] [  477] -  str(2) = 1
[INFO ][2015-11-30 15:29:40,834][com.java.TestType] [  529] - row values are--------{1=com.java.Objects.TestDataDetails@1168b43}
[INFO ][2015-11-30 15:29:40,834][com.java.TestType] [  477] -  str(1) = 1
[INFO ][2015-11-30 15:29:40,834][com.java.TestType] [  480] - Test case Id is---1
[INFO ][2015-11-30 15:29:40,834][com.java.TestType] [  482] - 1
[INFO ][2015-11-30 15:29:40,835][com.java.TestType] [  477] -  str(2) = 2
[INFO ][2015-11-30 15:29:40,836][com.java.TestType] [  529] - row values are--------{1=com.java.Objects.TestDataDetails@1168b43, 2=com.java.Objects.TestDataDetails@1c34565}
[INFO ][2015-11-30 15:29:40,838][com.java.TestType] [  477] -  str(1) = 1
[INFO ][2015-11-30 15:29:40,838][com.java.TestType] [  480] - Test case Id is---1
[INFO ][2015-11-30 15:29:40,838][com.java.TestType] [  482] - 1
[INFO ][2015-11-30 15:29:40,838][com.java.TestType] [  477] -  str(2) = 3
[INFO ][2015-11-30 15:29:40,839][com.java.TestType] [  529] - row values are--------{1=com.java.Objects.TestDataDetails@1168b43, 2=com.java.Objects.TestDataDetails@1c34565, 3=com.java.Objects.TestDataDetails@10325a9}
[INFO ][2015-11-30 15:29:40,839][com.java.TestType] [  477] -  str(1) = 1
[INFO ][2015-11-30 15:29:40,839][com.java.TestType] [  480] - Test case Id is---1
[INFO ][2015-11-30 15:29:40,839][com.java.TestType] [  482] - 1
[INFO ][2015-11-30 15:29:40,840][com.java.TestType] [  477] -  str(2) = 4
[INFO ][2015-11-30 15:29:40,841][com.java.TestType] [  529] - row values are--------{1=com.java.Objects.TestDataDetails@1168b43, 2=com.java.Objects.TestDataDetails@1c34565, 3=com.java.Objects.TestDataDetails@10325a9, 4=com.java.Objects.TestDataDetails@1ebc153}
[INFO ][2015-11-30 15:29:40,841][com.java.TestType] [  477] -  str(1) = 1
[INFO ][2015-11-30 15:29:40,841][com.java.TestType] [  480] - Test case Id is---1
[INFO ][2015-11-30 15:29:40,841][com.java.TestType] [  482] - 1
[INFO ][2015-11-30 15:29:40,841][com.java.TestType] [  477] -  str(2) = 5
[INFO ][2015-11-30 15:29:40,842][com.java.TestType] [  529] - row values are--------{1=com.java.Objects.TestDataDetails@1168b43, 2=com.java.Objects.TestDataDetails@1c34565, 3=com.java.Objects.TestDataDetails@10325a9, 4=com.java.Objects.TestDataDetails@1ebc153, 5=com.java.Objects.TestDataDetails@1afe567}
[INFO ][2015-11-30 15:29:40,842][com.java.TestType] [  477] -  str(1) = 1
[INFO ][2015-11-30 15:29:40,843][com.java.TestType] [  480] - Test case Id is---1
[INFO ][2015-11-30 15:29:40,843][com.java.TestType] [  482] - 1
[INFO ][2015-11-30 15:29:40,843][com.java.TestType] [  477] -  str(2) = 6
[INFO ][2015-11-30 15:29:40,844][com.java.TestType] [  529] - row values are--------{1=com.java.Objects.TestDataDetails@1168b43, 2=com.java.Objects.TestDataDetails@1c34565, 3=com.java.Objects.TestDataDetails@10325a9, 4=com.java.Objects.TestDataDetails@1ebc153, 5=com.java.Objects.TestDataDetails@1afe567, 6=com.java.Objects.TestDataDetails@120d1c0}
[INFO ][2015-11-30 15:29:40,844][com.java.TestType] [  477] -  str(1) = 1
[INFO ][2015-11-30 15:29:40,844][com.java.TestType] [  480] - Test case Id is---1
[INFO ][2015-11-30 15:29:40,844][com.java.TestType] [  482] - 1
[INFO ][2015-11-30 15:29:40,844][com.java.TestType] [  477] -  str(2) = 7
[INFO ][2015-11-30 15:29:40,845][com.java.TestType] [  529] - row values are--------{1=com.java.Objects.TestDataDetails@1168b43, 2=com.java.Objects.TestDataDetails@1c34565, 3=com.java.Objects.TestDataDetails@10325a9, 4=com.java.Objects.TestDataDetails@1ebc153, 5=com.java.Objects.TestDataDetails@1afe567, 6=com.java.Objects.TestDataDetails@120d1c0, 7=com.java.Objects.TestDataDetails@23d1e7}
[INFO ][2015-11-30 15:29:40,845][com.java.TestType] [  477] -  str(1) = 1
[INFO ][2015-11-30 15:29:40,845][com.java.TestType] [  480] - Test case Id is---1
[INFO ][2015-11-30 15:29:40,845][com.java.TestType] [  482] - 1
[INFO ][2015-11-30 15:29:40,845][com.java.TestType] [  477] -  str(2) = 8
[INFO ][2015-11-30 15:29:40,846][com.java.TestType] [  529] - row values are--------{1=com.java.Objects.TestDataDetails@1168b43, 2=com.java.Objects.TestDataDetails@1c34565, 3=com.java.Objects.TestDataDetails@10325a9, 4=com.java.Objects.TestDataDetails@1ebc153, 5=com.java.Objects.TestDataDetails@1afe567, 6=com.java.Objects.TestDataDetails@120d1c0, 7=com.java.Objects.TestDataDetails@23d1e7, 8=com.java.Objects.TestDataDetails@1cee582}
[INFO ][2015-11-30 15:29:40,848][com.java.TestType] [  477] -  str(1) = 1
[INFO ][2015-11-30 15:29:40,848][com.java.TestType] [  480] - Test case Id is---1
[INFO ][2015-11-30 15:29:40,848][com.java.TestType] [  482] - 1
[INFO ][2015-11-30 15:29:40,848][com.java.TestType] [  477] -  str(2) = 9
[INFO ][2015-11-30 15:29:40,849][com.java.TestType] [  529] - row values are--------{1=com.java.Objects.TestDataDetails@1168b43, 2=com.java.Objects.TestDataDetails@1c34565, 3=com.java.Objects.TestDataDetails@10325a9, 4=com.java.Objects.TestDataDetails@1ebc153, 5=com.java.Objects.TestDataDetails@1afe567, 6=com.java.Objects.TestDataDetails@120d1c0, 7=com.java.Objects.TestDataDetails@23d1e7, 8=com.java.Objects.TestDataDetails@1cee582, 9=com.java.Objects.TestDataDetails@1f1ca93}
[INFO ][2015-11-30 15:29:40,849][com.java.TestType] [  477] -  str(1) = 1
[INFO ][2015-11-30 15:29:40,849][com.java.TestType] [  480] - Test case Id is---1
[INFO ][2015-11-30 15:29:40,849][com.java.TestType] [  482] - 1
[INFO ][2015-11-30 15:29:40,849][com.java.TestType] [  477] -  str(2) = 10
[INFO ][2015-11-30 15:29:40,850][com.java.TestType] [  529] - row values are--------{1=com.java.Objects.TestDataDetails@1168b43, 2=com.java.Objects.TestDataDetails@1c34565, 3=com.java.Objects.TestDataDetails@10325a9, 4=com.java.Objects.TestDataDetails@1ebc153, 5=com.java.Objects.TestDataDetails@1afe567, 6=com.java.Objects.TestDataDetails@120d1c0, 7=com.java.Objects.TestDataDetails@23d1e7, 8=com.java.Objects.TestDataDetails@1cee582, 9=com.java.Objects.TestDataDetails@1f1ca93, 10=com.java.Objects.TestDataDetails@391d46}
[INFO ][2015-11-30 15:29:40,851][com.java.TestType] [  477] -  str(1) = 1
[INFO ][2015-11-30 15:29:40,851][com.java.TestType] [  480] - Test case Id is---1
[INFO ][2015-11-30 15:29:40,851][com.java.TestType] [  482] - 1
[INFO ][2015-11-30 15:29:40,851][com.java.TestType] [  477] -  str(2) = 11
[INFO ][2015-11-30 15:29:40,851][com.java.TestType] [  529] - row values are--------{1=com.java.Objects.TestDataDetails@1168b43, 2=com.java.Objects.TestDataDetails@1c34565, 3=com.java.Objects.TestDataDetails@10325a9, 4=com.java.Objects.TestDataDetails@1ebc153, 5=com.java.Objects.TestDataDetails@1afe567, 6=com.java.Objects.TestDataDetails@120d1c0, 7=com.java.Objects.TestDataDetails@23d1e7, 8=com.java.Objects.TestDataDetails@1cee582, 9=com.java.Objects.TestDataDetails@1f1ca93, 10=com.java.Objects.TestDataDetails@391d46, 11=com.java.Objects.TestDataDetails@f1cdfb}
[INFO ][2015-11-30 15:29:40,852][com.java.TestType] [  477] -  str(1) = 1
[INFO ][2015-11-30 15:29:40,852][com.java.TestType] [  480] - Test case Id is---1
[INFO ][2015-11-30 15:29:40,852][com.java.TestType] [  482] - 1
[INFO ][2015-11-30 15:29:40,852][com.java.TestType] [  477] -  str(2) = 12
[INFO ][2015-11-30 15:29:40,853][com.java.TestType] [  529] - row values are--------{1=com.java.Objects.TestDataDetails@1168b43, 2=com.java.Objects.TestDataDetails@1c34565, 3=com.java.Objects.TestDataDetails@10325a9, 4=com.java.Objects.TestDataDetails@1ebc153, 5=com.java.Objects.TestDataDetails@1afe567, 6=com.java.Objects.TestDataDetails@120d1c0, 7=com.java.Objects.TestDataDetails@23d1e7, 8=com.java.Objects.TestDataDetails@1cee582, 9=com.java.Objects.TestDataDetails@1f1ca93, 10=com.java.Objects.TestDataDetails@391d46, 11=com.java.Objects.TestDataDetails@f1cdfb, 12=com.java.Objects.TestDataDetails@982531}
[INFO ][2015-11-30 15:29:40,853][com.java.TestType] [  477] -  str(1) = 1
[INFO ][2015-11-30 15:29:40,853][com.java.TestType] [  480] - Test case Id is---1
[INFO ][2015-11-30 15:29:40,853][com.java.TestType] [  482] - 1
[INFO ][2015-11-30 15:29:40,853][com.java.TestType] [  477] -  str(2) = 13
[INFO ][2015-11-30 15:29:40,854][com.java.TestType] [  529] - row values are--------{1=com.java.Objects.TestDataDetails@1168b43, 2=com.java.Objects.TestDataDetails@1c34565, 3=com.java.Objects.TestDataDetails@10325a9, 4=com.java.Objects.TestDataDetails@1ebc153, 5=com.java.Objects.TestDataDetails@1afe567, 6=com.java.Objects.TestDataDetails@120d1c0, 7=com.java.Objects.TestDataDetails@23d1e7, 8=com.java.Objects.TestDataDetails@1cee582, 9=com.java.Objects.TestDataDetails@1f1ca93, 10=com.java.Objects.TestDataDetails@391d46, 11=com.java.Objects.TestDataDetails@f1cdfb, 12=com.java.Objects.TestDataDetails@982531, 13=com.java.Objects.TestDataDetails@1d385f4}
[INFO ][2015-11-30 15:29:40,854][com.java.TestType] [  477] -  str(1) = 1
[INFO ][2015-11-30 15:29:40,854][com.java.TestType] [  480] - Test case Id is---1
[INFO ][2015-11-30 15:29:40,854][com.java.TestType] [  482] - 1
[INFO ][2015-11-30 15:29:40,854][com.java.TestType] [  477] -  str(2) = 14
[INFO ][2015-11-30 15:29:40,855][com.java.TestType] [  529] - row values are--------{1=com.java.Objects.TestDataDetails@1168b43, 2=com.java.Objects.TestDataDetails@1c34565, 3=com.java.Objects.TestDataDetails@10325a9, 4=com.java.Objects.TestDataDetails@1ebc153, 5=com.java.Objects.TestDataDetails@1afe567, 6=com.java.Objects.TestDataDetails@120d1c0, 7=com.java.Objects.TestDataDetails@23d1e7, 8=com.java.Objects.TestDataDetails@1cee582, 9=com.java.Objects.TestDataDetails@1f1ca93, 10=com.java.Objects.TestDataDetails@391d46, 11=com.java.Objects.TestDataDetails@f1cdfb, 12=com.java.Objects.TestDataDetails@982531, 13=com.java.Objects.TestDataDetails@1d385f4, 14=com.java.Objects.TestDataDetails@84fa48}
[INFO ][2015-11-30 15:29:40,855][com.java.TestType] [ 9259] - Looping 1TCID = 1
[DEBUG][2015-11-30 15:29:40,855][com.java.TestType] [ 9300] - Concept ID:1 :: Step being Executed: 1::1
[INFO ][2015-11-30 15:29:40,855][com.java.TestType] [ 9338] - dataFields : TXTusername
[DEBUG][2015-11-30 15:29:40,855][com.java.TestType] [ 9344] - <In Set values of the page>
[DEBUG][2015-11-30 15:29:40,855][com.java.TestType] [ 9349] - {Data Fields & Data Values Exist}
[INFO ][2015-11-30 15:29:40,855][com.java.TestType] [ 9355] - --------------------------setting values-----------------------------
[INFO ][2015-11-30 15:29:40,857][com.java.TestType] [ 9358] - Action Type : CLEARANDENTER
[INFO ][2015-11-30 15:29:40,857][com.java.TestType] [ 4783] - value = naresh.nayini.00000
[INFO ][2015-11-30 15:29:45,800][com.java.TestType] [ 9377] -  RESULT true
[INFO ][2015-11-30 15:29:45,800][com.java.TestType] [ 9494] - ?   P A S S   ?
[DEBUG][2015-11-30 15:29:45,800][com.java.TestType] [ 9300] - Concept ID:1 :: Step being Executed: 1::2
[INFO ][2015-11-30 15:29:45,800][com.java.TestType] [ 9338] - dataFields : TXTpassword
[DEBUG][2015-11-30 15:29:45,800][com.java.TestType] [ 9344] - <In Set values of the page>
[DEBUG][2015-11-30 15:29:45,801][com.java.TestType] [ 9349] - {Data Fields & Data Values Exist}
[INFO ][2015-11-30 15:29:45,801][com.java.TestType] [ 9355] - --------------------------setting values-----------------------------
[INFO ][2015-11-30 15:29:45,801][com.java.TestType] [ 9358] - Action Type : CLEARANDENTER
[INFO ][2015-11-30 15:29:45,801][com.java.TestType] [ 4783] - value = Password1*
[INFO ][2015-11-30 15:29:50,662][com.java.TestType] [ 9377] -  RESULT true
[INFO ][2015-11-30 15:29:50,662][com.java.TestType] [ 9494] - ?   P A S S   ?
[DEBUG][2015-11-30 15:29:50,662][com.java.TestType] [ 9300] - Concept ID:1 :: Step being Executed: 1::3
[ERROR][2015-11-30 15:29:50,662][com.java.TestType] [ 9333] - Exception: null
[INFO ][2015-11-30 15:29:50,662][com.java.TestType] [ 9338] - dataFields : XPH//button[@type='submit']
[DEBUG][2015-11-30 15:29:50,662][com.java.TestType] [ 9344] - <In Set values of the page>
[DEBUG][2015-11-30 15:29:50,662][com.java.TestType] [ 9349] - {Data Fields & Data Values Exist}
[INFO ][2015-11-30 15:29:50,662][com.java.TestType] [ 9355] - --------------------------setting values-----------------------------
[INFO ][2015-11-30 15:29:50,663][com.java.TestType] [ 9358] - Action Type : Click
[INFO ][2015-11-30 15:29:50,663][com.java.TestType] [ 5111] - Field ::XPH//button[@type='submit']
[INFO ][2015-11-30 15:29:51,663][com.java.TestType] [ 5198] - BEFORE CLICK
[INFO ][2015-11-30 15:29:52,497][com.java.TestType] [ 5206] - Unable to click the object Login
[INFO ][2015-11-30 15:29:52,497][com.java.TestType] [ 9377] -  RESULT true
[INFO ][2015-11-30 15:29:52,497][com.java.TestType] [ 9494] - ?   P A S S   ?
[DEBUG][2015-11-30 15:29:52,497][com.java.TestType] [ 9300] - Concept ID:1 :: Step being Executed: 1::4
[INFO ][2015-11-30 15:29:52,497][com.java.TestType] [ 9338] - dataFields : LNKLogout
[DEBUG][2015-11-30 15:29:52,497][com.java.TestType] [ 9344] - <In Set values of the page>
[DEBUG][2015-11-30 15:29:52,497][com.java.TestType] [ 9349] - {Data Fields & Data Values Exist}
[INFO ][2015-11-30 15:29:52,497][com.java.TestType] [ 9355] - --------------------------setting values-----------------------------
[INFO ][2015-11-30 15:29:52,497][com.java.TestType] [ 9358] - Action Type : WaitForElement
[INFO ][2015-11-30 15:29:55,753][com.java.TestType] [ 9377] -  RESULT true
[INFO ][2015-11-30 15:29:55,753][com.java.TestType] [ 9494] - ?   P A S S   ?
[DEBUG][2015-11-30 15:29:55,753][com.java.TestType] [ 9300] - Concept ID:1 :: Step being Executed: 1::13
[INFO ][2015-11-30 15:29:55,753][com.java.TestType] [ 9338] - dataFields : LNK
[DEBUG][2015-11-30 15:29:55,754][com.java.TestType] [ 9344] - <In Set values of the page>
[DEBUG][2015-11-30 15:29:55,754][com.java.TestType] [ 9349] - {Data Fields & Data Values Exist}
[INFO ][2015-11-30 15:29:55,754][com.java.TestType] [ 9355] - --------------------------setting values-----------------------------
[INFO ][2015-11-30 15:29:55,754][com.java.TestType] [ 9358] - Action Type : Verify
[INFO ][2015-11-30 15:29:55,754][com.java.TestType] [ 5968] - field= LNK value= Logout
[INFO ][2015-11-30 15:29:55,755][com.java.TestType] [ 4783] - value = Logout
[INFO ][2015-11-30 15:29:55,779][com.java.TestType] [ 9377] -  RESULT true
[INFO ][2015-11-30 15:29:55,779][com.java.TestType] [ 9494] - ?   P A S S   ?
[DEBUG][2015-11-30 15:29:55,779][com.java.TestType] [ 9300] - Concept ID:1 :: Step being Executed: 1::14
[INFO ][2015-11-30 15:29:55,779][com.java.TestType] [ 9338] - dataFields : BTN
[DEBUG][2015-11-30 15:29:55,779][com.java.TestType] [ 9344] - <In Set values of the page>
[DEBUG][2015-11-30 15:29:55,779][com.java.TestType] [ 9349] - {Data Fields & Data Values Exist}
[INFO ][2015-11-30 15:29:55,779][com.java.TestType] [ 9355] - --------------------------setting values-----------------------------
[INFO ][2015-11-30 15:29:55,779][com.java.TestType] [ 9358] - Action Type : Verify
[INFO ][2015-11-30 15:29:55,780][com.java.TestType] [ 5968] - field= BTN value= //img[contains(@src,'bdlogo.jpg')]
[INFO ][2015-11-30 15:29:55,780][com.java.TestType] [ 4783] - value = //img[contains(@src,'bdlogo.jpg')]
[INFO ][2015-11-30 15:29:55,835][com.java.TestType] [ 9377] -  RESULT true
[INFO ][2015-11-30 15:29:55,835][com.java.TestType] [ 9494] - ?   P A S S   ?
[INFO ][2015-11-30 15:29:55,835][com.java.TestType] [ 9565] - Looping End......
[INFO ][2015-11-30 15:29:55,839][com.java.SeleniumDriver] [  874] -  RESULT true
[INFO ][2015-11-30 15:29:55,839][com.java.SeleniumDriver] [ 1080] - ?   P A S S   ?
[INFO ][2015-11-30 15:29:55,839][com.java.SeleniumDriver] [  801] - ------------------------------------------
[INFO ][2015-11-30 15:29:55,839][com.java.SeleniumDriver] [  802] - Test case being Executed: 1
[INFO ][2015-11-30 15:29:55,839][com.java.SeleniumDriver] [  813] - Test step:2
[INFO ][2015-11-30 15:29:55,839][com.java.SeleniumDriver] [  825] - Datavalue is----------Concept#2:1-2
[INFO ][2015-11-30 15:29:55,839][com.java.SeleniumDriver] [  849] - DataField : test
[INFO ][2015-11-30 15:29:55,840][com.java.SeleniumDriver] [  851] - DataValue : Concept#2:1-2
[INFO ][2015-11-30 15:29:55,840][com.java.SeleniumDriver] [  857] - <In Set values of the page>
[INFO ][2015-11-30 15:29:55,840][com.java.SeleniumDriver] [  860] - {Data Fields & Data Values Exist}
[INFO ][2015-11-30 15:29:55,840][com.java.SeleniumDriver] [  862] - --------------------------setting values-----------------------------
[INFO ][2015-11-30 15:29:55,840][com.java.SeleniumDriver] [  865] - Action Type : ExecuteTestCase
[INFO ][2015-11-30 15:29:55,840][com.java.TestType] [  432] - The Concept sheet name is ---------- Concept
[INFO ][2015-11-30 15:29:55,840][com.java.TestType] [  435] - The Concept ID  is ---------- 2
[DEBUG][2015-11-30 15:29:55,840][com.java.TestType] [  439] - Steps being executted in the Concept are: 1:2
[INFO ][2015-11-30 15:29:55,841][com.java.TestType] [  446] - Test data details path ---------- D:\BankersDashboard\TestInputs\TestData.xls
[INFO ][2015-11-30 15:29:55,870][com.java.TestType] [  477] -  str(1) = 2
[INFO ][2015-11-30 15:29:55,871][com.java.TestType] [  480] - Test case Id is---2
[INFO ][2015-11-30 15:29:55,871][com.java.TestType] [  482] - 2
[INFO ][2015-11-30 15:29:55,871][com.java.TestType] [  477] -  str(2) = 1
[INFO ][2015-11-30 15:29:55,873][com.java.TestType] [  529] - row values are--------{1=com.java.Objects.TestDataDetails@694160}
[INFO ][2015-11-30 15:29:55,873][com.java.TestType] [  477] -  str(1) = 2
[INFO ][2015-11-30 15:29:55,873][com.java.TestType] [  480] - Test case Id is---2
[INFO ][2015-11-30 15:29:55,873][com.java.TestType] [  482] - 2
[INFO ][2015-11-30 15:29:55,873][com.java.TestType] [  477] -  str(2) = 2
[INFO ][2015-11-30 15:29:55,874][com.java.TestType] [  529] - row values are--------{1=com.java.Objects.TestDataDetails@694160, 2=com.java.Objects.TestDataDetails@b1e15c}
[INFO ][2015-11-30 15:29:55,874][com.java.TestType] [  477] -  str(1) = 2
[INFO ][2015-11-30 15:29:55,874][com.java.TestType] [  480] - Test case Id is---2
[INFO ][2015-11-30 15:29:55,874][com.java.TestType] [  482] - 2
[INFO ][2015-11-30 15:29:55,875][com.java.TestType] [  477] -  str(2) = 3
[INFO ][2015-11-30 15:29:55,875][com.java.TestType] [  529] - row values are--------{1=com.java.Objects.TestDataDetails@694160, 2=com.java.Objects.TestDataDetails@b1e15c, 3=com.java.Objects.TestDataDetails@922394}
[INFO ][2015-11-30 15:29:55,875][com.java.TestType] [ 9259] - Looping 1TCID = 2
[DEBUG][2015-11-30 15:29:55,875][com.java.TestType] [ 9300] - Concept ID:2 :: Step being Executed: 2::1
[INFO ][2015-11-30 15:29:55,875][com.java.TestType] [ 9338] - dataFields : BNK//select[@id='bank']
[DEBUG][2015-11-30 15:29:55,876][com.java.TestType] [ 9344] - <In Set values of the page>
[DEBUG][2015-11-30 15:29:55,876][com.java.TestType] [ 9349] - {Data Fields & Data Values Exist}
[INFO ][2015-11-30 15:29:55,876][com.java.TestType] [ 9355] - --------------------------setting values-----------------------------
[INFO ][2015-11-30 15:29:55,876][com.java.TestType] [ 9358] - Action Type : Select
[INFO ][2015-11-30 15:29:55,876][com.java.TestType] [ 4783] - value = PFC
[INFO ][2015-11-30 15:29:56,023][com.java.TestType] [ 9377] -  RESULT true
[INFO ][2015-11-30 15:29:56,023][com.java.TestType] [ 9494] - ?   P A S S   ?
[DEBUG][2015-11-30 15:29:56,023][com.java.TestType] [ 9300] - Concept ID:2 :: Step being Executed: 2::2
[INFO ][2015-11-30 15:29:56,023][com.java.TestType] [ 9338] - dataFields : LNKLogout
[DEBUG][2015-11-30 15:29:56,023][com.java.TestType] [ 9344] - <In Set values of the page>
[DEBUG][2015-11-30 15:29:56,023][com.java.TestType] [ 9349] - {Data Fields & Data Values Exist}
[INFO ][2015-11-30 15:29:56,024][com.java.TestType] [ 9355] - --------------------------setting values-----------------------------
[INFO ][2015-11-30 15:29:56,024][com.java.TestType] [ 9358] - Action Type : WaitTime
[DEBUG][2015-11-30 15:29:56,024][com.java.TestType] [ 4603] - sleepTime: 5000
[INFO ][2015-11-30 15:30:01,047][com.java.TestType] [ 9377] -  RESULT true
[INFO ][2015-11-30 15:30:01,047][com.java.TestType] [ 9494] - ?   P A S S   ?
[INFO ][2015-11-30 15:30:01,047][com.java.TestType] [ 9565] - Looping End......
[INFO ][2015-11-30 15:30:01,047][com.java.SeleniumDriver] [  874] -  RESULT true
[INFO ][2015-11-30 15:30:01,047][com.java.SeleniumDriver] [ 1080] - ?   P A S S   ?
[INFO ][2015-11-30 15:30:01,047][com.java.SeleniumDriver] [  801] - ------------------------------------------
[INFO ][2015-11-30 15:30:01,047][com.java.SeleniumDriver] [  802] - Test case being Executed: 1
[INFO ][2015-11-30 15:30:01,047][com.java.SeleniumDriver] [  813] - Test step:3
[INFO ][2015-11-30 15:30:01,047][com.java.SeleniumDriver] [  825] - Datavalue is----------2
[INFO ][2015-11-30 15:30:01,047][com.java.SeleniumDriver] [  849] - DataField : XPH//button[contains(text(),'Add Content')]
[INFO ][2015-11-30 15:30:01,047][com.java.SeleniumDriver] [  851] - DataValue : 2
[INFO ][2015-11-30 15:30:01,047][com.java.SeleniumDriver] [  857] - <In Set values of the page>
[INFO ][2015-11-30 15:30:01,047][com.java.SeleniumDriver] [  860] - {Data Fields & Data Values Exist}
[INFO ][2015-11-30 15:30:01,047][com.java.SeleniumDriver] [  862] - --------------------------setting values-----------------------------
[INFO ][2015-11-30 15:30:01,047][com.java.SeleniumDriver] [  865] - Action Type : WAITFORELEMENT
[INFO ][2015-11-30 15:30:01,088][com.java.SeleniumDriver] [  874] -  RESULT true
[INFO ][2015-11-30 15:30:01,088][com.java.SeleniumDriver] [ 1080] - ?   P A S S   ?
[DEBUG][2015-11-30 15:30:01,088][com.java.SeleniumDriver] [ 1192] - Case found
[DEBUG][2015-11-30 15:30:01,088][com.java.SeleniumDriver] [ 1197] - Incrementing ReportCounters[0]:1
[INFO ][2015-11-30 15:30:01,088][com.java.SeleniumDriver] [ 1216] - The results are-------------------[1, 1, Valid Login, Pass, , Mon Nov 30 15:29:55 IST 2015, 1, 2, Valid Login, Pass, , Mon Nov 30 15:30:01 IST 2015, 1, 3, Valid Login, Pass, , Mon Nov 30 15:30:01 IST 2015]
[INFO ][2015-11-30 15:30:01,088][com.java.SeleniumDriver] [ 1220] - End time is-------34 sec
[INFO ][2015-11-30 15:30:01,088][com.java.SeleniumDriver] [ 1221] - The results are-------------------[1, 1, Valid Login, Pass, , Mon Nov 30 15:29:55 IST 2015, 1, 2, Valid Login, Pass, , Mon Nov 30 15:30:01 IST 2015, 1, 3, Valid Login, Pass, , Mon Nov 30 15:30:01 IST 2015]
[DEBUG][2015-11-30 15:30:01,088][com.java.ImportnExport.ExportTestResultsExcel] [  222] - testResultPath = D:\BankersDashboard/TestReports/Test Results_BankersDashBoard_113015_152928_IE10_Any Bank USA.xls
[DEBUG][2015-11-30 15:30:01,088][com.java.ImportnExport.ExportTestResultsExcel] [  223] - browser is------------IE10
[DEBUG][2015-11-30 15:30:01,128][com.java.ImportnExport.ExportTestResultsExcel] [  270] - result.size() = 18
[DEBUG][2015-11-30 15:30:01,128][com.java.ImportnExport.ExportTestResultsExcel] [  274] - No of rows in sheet=1
[DEBUG][2015-11-30 15:30:01,128][com.java.ImportnExport.ExportTestResultsExcel] [  301] - ..in export..1
[DEBUG][2015-11-30 15:30:01,128][com.java.ImportnExport.ExportTestResultsExcel] [  301] - ..in export..Valid Login
[DEBUG][2015-11-30 15:30:01,128][com.java.ImportnExport.ExportTestResultsExcel] [  301] - ..in export..Pass
[DEBUG][2015-11-30 15:30:01,128][com.java.ImportnExport.ExportTestResultsExcel] [  301] - ..in export..
[DEBUG][2015-11-30 15:30:01,128][com.java.ImportnExport.ExportTestResultsExcel] [  301] - ..in export..Mon Nov 30 15:29:55 IST 2015
[INFO ][2015-11-30 15:30:01,128][com.java.SeleniumDriver] [ 1279] - out loop:0 size:2 TestCases:[1, 2] testcases:[1, 2]
[INFO ][2015-11-30 15:30:01,128][com.java.ImportnExport.ImportTestDataDetailsExcel] [   49] - test data details path===== D:\BankersDashboard\TestInputs\TestData.xls
[DEBUG][2015-11-30 15:30:25,083][com.java.TestType] [ 5692] - //td[text()='Consolidated']   :: Element not Found
[INFO ][2015-11-30 15:30:35,084][com.java.SeleniumDriver] [  801] - ------------------------------------------
[INFO ][2015-11-30 15:30:35,084][com.java.SeleniumDriver] [  802] - Test case being Executed: 2
[INFO ][2015-11-30 15:30:35,084][com.java.SeleniumDriver] [  813] - Test step:1
[INFO ][2015-11-30 15:30:35,084][com.java.SeleniumDriver] [  825] - Datavalue is----------Logout
[INFO ][2015-11-30 15:30:35,084][com.java.SeleniumDriver] [  849] - DataField : BTN
[INFO ][2015-11-30 15:30:35,084][com.java.SeleniumDriver] [  851] - DataValue : Logout
[INFO ][2015-11-30 15:30:35,084][com.java.SeleniumDriver] [  857] - <In Set values of the page>
[INFO ][2015-11-30 15:30:35,084][com.java.SeleniumDriver] [  860] - {Data Fields & Data Values Exist}
[INFO ][2015-11-30 15:30:35,084][com.java.SeleniumDriver] [  862] - --------------------------setting values-----------------------------
[INFO ][2015-11-30 15:30:35,084][com.java.SeleniumDriver] [  865] - Action Type : Verify
[INFO ][2015-11-30 15:30:35,084][com.java.TestType] [ 5968] - field= BTN value= Logout
[INFO ][2015-11-30 15:30:35,084][com.java.TestType] [ 4783] - value = Logout
[INFO ][2015-11-30 15:30:35,145][com.java.SeleniumDriver] [  874] -  RESULT true
[INFO ][2015-11-30 15:30:35,145][com.java.SeleniumDriver] [ 1080] - ?   P A S S   ?
[INFO ][2015-11-30 15:30:35,145][com.java.SeleniumDriver] [ 1122] - step change to 3
[INFO ][2015-11-30 15:30:35,145][com.java.SeleniumDriver] [  801] - ------------------------------------------
[INFO ][2015-11-30 15:30:35,145][com.java.SeleniumDriver] [  802] - Test case being Executed: 2
[INFO ][2015-11-30 15:30:35,145][com.java.SeleniumDriver] [  813] - Test step:3
[INFO ][2015-11-30 15:30:35,145][com.java.SeleniumDriver] [  825] - Datavalue is----------Concept#2:1-2
[INFO ][2015-11-30 15:30:35,145][com.java.SeleniumDriver] [  849] - DataField : test
[INFO ][2015-11-30 15:30:35,145][com.java.SeleniumDriver] [  851] - DataValue : Concept#2:1-2
[INFO ][2015-11-30 15:30:35,145][com.java.SeleniumDriver] [  857] - <In Set values of the page>
[INFO ][2015-11-30 15:30:35,145][com.java.SeleniumDriver] [  860] - {Data Fields & Data Values Exist}
[INFO ][2015-11-30 15:30:35,145][com.java.SeleniumDriver] [  862] - --------------------------setting values-----------------------------
[INFO ][2015-11-30 15:30:35,145][com.java.SeleniumDriver] [  865] - Action Type : ExecuteTestCase
[INFO ][2015-11-30 15:30:35,145][com.java.TestType] [  432] - The Concept sheet name is ---------- Concept
[INFO ][2015-11-30 15:30:35,145][com.java.TestType] [  435] - The Concept ID  is ---------- 2
[DEBUG][2015-11-30 15:30:35,145][com.java.TestType] [  439] - Steps being executted in the Concept are: 1:2
[INFO ][2015-11-30 15:30:35,145][com.java.TestType] [  446] - Test data details path ---------- D:\BankersDashboard\TestInputs\TestData.xls
[INFO ][2015-11-30 15:30:35,175][com.java.TestType] [  477] -  str(1) = 2
[INFO ][2015-11-30 15:30:35,175][com.java.TestType] [  480] - Test case Id is---2
[INFO ][2015-11-30 15:30:35,175][com.java.TestType] [  482] - 2
[INFO ][2015-11-30 15:30:35,175][com.java.TestType] [  477] -  str(2) = 1
[INFO ][2015-11-30 15:30:35,175][com.java.TestType] [  529] - row values are--------{1=com.java.Objects.TestDataDetails@18c1f36}
[INFO ][2015-11-30 15:30:35,175][com.java.TestType] [  477] -  str(1) = 2
[INFO ][2015-11-30 15:30:35,175][com.java.TestType] [  480] - Test case Id is---2
[INFO ][2015-11-30 15:30:35,175][com.java.TestType] [  482] - 2
[INFO ][2015-11-30 15:30:35,175][com.java.TestType] [  477] -  str(2) = 2
[INFO ][2015-11-30 15:30:35,175][com.java.TestType] [  529] - row values are--------{1=com.java.Objects.TestDataDetails@18c1f36, 2=com.java.Objects.TestDataDetails@17d6bea}
[INFO ][2015-11-30 15:30:35,175][com.java.TestType] [  477] -  str(1) = 2
[INFO ][2015-11-30 15:30:35,175][com.java.TestType] [  480] - Test case Id is---2
[INFO ][2015-11-30 15:30:35,175][com.java.TestType] [  482] - 2
[INFO ][2015-11-30 15:30:35,175][com.java.TestType] [  477] -  str(2) = 3
[INFO ][2015-11-30 15:30:35,175][com.java.TestType] [  529] - row values are--------{1=com.java.Objects.TestDataDetails@18c1f36, 2=com.java.Objects.TestDataDetails@17d6bea, 3=com.java.Objects.TestDataDetails@1174d1d}
[INFO ][2015-11-30 15:30:35,175][com.java.TestType] [ 9259] - Looping 1TCID = 2
[DEBUG][2015-11-30 15:30:35,175][com.java.TestType] [ 9300] - Concept ID:2 :: Step being Executed: 2::1
[INFO ][2015-11-30 15:30:35,175][com.java.TestType] [ 9338] - dataFields : BNK//select[@id='bank']
[DEBUG][2015-11-30 15:30:35,175][com.java.TestType] [ 9344] - <In Set values of the page>
[DEBUG][2015-11-30 15:30:35,175][com.java.TestType] [ 9349] - {Data Fields & Data Values Exist}
[INFO ][2015-11-30 15:30:35,175][com.java.TestType] [ 9355] - --------------------------setting values-----------------------------
[INFO ][2015-11-30 15:30:35,175][com.java.TestType] [ 9358] - Action Type : Select
[INFO ][2015-11-30 15:30:35,175][com.java.TestType] [ 4783] - value = PFC
[INFO ][2015-11-30 15:30:35,345][com.java.TestType] [ 9377] -  RESULT true
[INFO ][2015-11-30 15:30:35,345][com.java.TestType] [ 9494] - ?   P A S S   ?
[DEBUG][2015-11-30 15:30:35,345][com.java.TestType] [ 9300] - Concept ID:2 :: Step being Executed: 2::2
[INFO ][2015-11-30 15:30:35,345][com.java.TestType] [ 9338] - dataFields : LNKLogout
[DEBUG][2015-11-30 15:30:35,345][com.java.TestType] [ 9344] - <In Set values of the page>
[DEBUG][2015-11-30 15:30:35,345][com.java.TestType] [ 9349] - {Data Fields & Data Values Exist}
[INFO ][2015-11-30 15:30:35,345][com.java.TestType] [ 9355] - --------------------------setting values-----------------------------
[INFO ][2015-11-30 15:30:35,345][com.java.TestType] [ 9358] - Action Type : WaitTime
[DEBUG][2015-11-30 15:30:35,345][com.java.TestType] [ 4603] - sleepTime: 5000
[INFO ][2015-11-30 15:30:40,345][com.java.TestType] [ 9377] -  RESULT true
[INFO ][2015-11-30 15:30:40,345][com.java.TestType] [ 9494] - ?   P A S S   ?
[INFO ][2015-11-30 15:30:40,345][com.java.TestType] [ 9565] - Looping End......
[INFO ][2015-11-30 15:30:40,345][com.java.SeleniumDriver] [  874] -  RESULT true
[INFO ][2015-11-30 15:30:40,345][com.java.SeleniumDriver] [ 1080] - ?   P A S S   ?
[INFO ][2015-11-30 15:30:40,345][com.java.SeleniumDriver] [  801] - ------------------------------------------
[INFO ][2015-11-30 15:30:40,345][com.java.SeleniumDriver] [  802] - Test case being Executed: 2
[INFO ][2015-11-30 15:30:40,345][com.java.SeleniumDriver] [  813] - Test step:4
[INFO ][2015-11-30 15:30:40,345][com.java.SeleniumDriver] [  825] - Datavalue is----------null
[DEBUG][2015-11-30 15:30:40,345][com.java.SeleniumDriver] [  843] - Exception: null
[INFO ][2015-11-30 15:30:40,345][com.java.SeleniumDriver] [  849] - DataField : //span[@class="icon-stats"]&&//a[@data-id="Manage"]
[INFO ][2015-11-30 15:30:40,345][com.java.SeleniumDriver] [  851] - DataValue : 
[INFO ][2015-11-30 15:30:40,345][com.java.SeleniumDriver] [  857] - <In Set values of the page>
[INFO ][2015-11-30 15:30:40,345][com.java.SeleniumDriver] [  860] - {Data Fields & Data Values Exist}
[INFO ][2015-11-30 15:30:40,345][com.java.SeleniumDriver] [  862] - --------------------------setting values-----------------------------
[INFO ][2015-11-30 15:30:40,345][com.java.SeleniumDriver] [  865] - Action Type : MOUSEOVER
[INFO ][2015-11-30 15:31:03,282][com.java.SeleniumDriver] [  874] -  RESULT true
[INFO ][2015-11-30 15:31:03,282][com.java.SeleniumDriver] [ 1080] - ?   P A S S   ?
[INFO ][2015-11-30 15:31:03,282][com.java.SeleniumDriver] [  801] - ------------------------------------------
[INFO ][2015-11-30 15:31:03,282][com.java.SeleniumDriver] [  802] - Test case being Executed: 2
[INFO ][2015-11-30 15:31:03,282][com.java.SeleniumDriver] [  813] - Test step:5
[INFO ][2015-11-30 15:31:03,282][com.java.SeleniumDriver] [  825] - Datavalue is----------null
[DEBUG][2015-11-30 15:31:03,282][com.java.SeleniumDriver] [  843] - Exception: null
[INFO ][2015-11-30 15:31:03,282][com.java.SeleniumDriver] [  849] - DataField : BTNdivHelpText
[INFO ][2015-11-30 15:31:03,282][com.java.SeleniumDriver] [  851] - DataValue : 
[INFO ][2015-11-30 15:31:03,282][com.java.SeleniumDriver] [  857] - <In Set values of the page>
[INFO ][2015-11-30 15:31:03,282][com.java.SeleniumDriver] [  860] - {Data Fields & Data Values Exist}
[INFO ][2015-11-30 15:31:03,282][com.java.SeleniumDriver] [  862] - --------------------------setting values-----------------------------
[INFO ][2015-11-30 15:31:03,282][com.java.SeleniumDriver] [  865] - Action Type : WAITFORELEMENT
[INFO ][2015-11-30 15:31:04,453][com.java.SeleniumDriver] [  874] -  RESULT true
[INFO ][2015-11-30 15:31:04,453][com.java.SeleniumDriver] [ 1080] - ?   P A S S   ?
[INFO ][2015-11-30 15:31:04,453][com.java.SeleniumDriver] [  801] - ------------------------------------------
[INFO ][2015-11-30 15:31:04,453][com.java.SeleniumDriver] [  802] - Test case being Executed: 2
[INFO ][2015-11-30 15:31:04,453][com.java.SeleniumDriver] [  813] - Test step:6
[INFO ][2015-11-30 15:31:04,453][com.java.SeleniumDriver] [  825] - Datavalue is----------manage projections
[INFO ][2015-11-30 15:31:04,453][com.java.SeleniumDriver] [  849] - DataField : XPH//span[@class="ui-dialog-title"]
[INFO ][2015-11-30 15:31:04,453][com.java.SeleniumDriver] [  851] - DataValue : manage projections
[INFO ][2015-11-30 15:31:04,453][com.java.SeleniumDriver] [  857] - <In Set values of the page>
[INFO ][2015-11-30 15:31:04,453][com.java.SeleniumDriver] [  860] - {Data Fields & Data Values Exist}
[INFO ][2015-11-30 15:31:04,453][com.java.SeleniumDriver] [  862] - --------------------------setting values-----------------------------
[INFO ][2015-11-30 15:31:04,453][com.java.SeleniumDriver] [  865] - Action Type : VERIFY
[INFO ][2015-11-30 15:31:04,453][com.java.TestType] [ 5968] - field= XPH//span[@class="ui-dialog-title"] value= manage projections
[INFO ][2015-11-30 15:31:04,453][com.java.TestType] [ 4783] - value = manage projections
[INFO ][2015-11-30 15:31:04,574][com.java.SeleniumDriver] [  874] -  RESULT true
[INFO ][2015-11-30 15:31:04,574][com.java.SeleniumDriver] [ 1080] - ?   P A S S   ?
[INFO ][2015-11-30 15:31:04,574][com.java.SeleniumDriver] [  801] - ------------------------------------------
[INFO ][2015-11-30 15:31:04,574][com.java.SeleniumDriver] [  802] - Test case being Executed: 2
[INFO ][2015-11-30 15:31:04,574][com.java.SeleniumDriver] [  813] - Test step:7
[INFO ][2015-11-30 15:31:04,574][com.java.SeleniumDriver] [  825] - Datavalue is----------null
[DEBUG][2015-11-30 15:31:04,574][com.java.SeleniumDriver] [  843] - Exception: null
[INFO ][2015-11-30 15:31:04,574][com.java.SeleniumDriver] [  849] - DataField : BTNframeDialogContent
[INFO ][2015-11-30 15:31:04,574][com.java.SeleniumDriver] [  851] - DataValue : 
[INFO ][2015-11-30 15:31:04,574][com.java.SeleniumDriver] [  857] - <In Set values of the page>
[INFO ][2015-11-30 15:31:04,574][com.java.SeleniumDriver] [  860] - {Data Fields & Data Values Exist}
[INFO ][2015-11-30 15:31:04,574][com.java.SeleniumDriver] [  862] - --------------------------setting values-----------------------------
[INFO ][2015-11-30 15:31:04,574][com.java.SeleniumDriver] [  865] - Action Type : SELECTFRAME
[INFO ][2015-11-30 15:31:05,775][com.java.SeleniumDriver] [  874] -  RESULT true
[INFO ][2015-11-30 15:31:05,775][com.java.SeleniumDriver] [ 1080] - ?   P A S S   ?
[INFO ][2015-11-30 15:31:05,775][com.java.SeleniumDriver] [  801] - ------------------------------------------
[INFO ][2015-11-30 15:31:05,775][com.java.SeleniumDriver] [  802] - Test case being Executed: 2
[INFO ][2015-11-30 15:31:05,775][com.java.SeleniumDriver] [  813] - Test step:8
[INFO ][2015-11-30 15:31:05,775][com.java.SeleniumDriver] [  825] - Datavalue is----------index:1
[INFO ][2015-11-30 15:31:05,775][com.java.SeleniumDriver] [  849] - DataField : COBddlProjections
[INFO ][2015-11-30 15:31:05,775][com.java.SeleniumDriver] [  851] - DataValue : index:1
[INFO ][2015-11-30 15:31:05,775][com.java.SeleniumDriver] [  857] - <In Set values of the page>
[INFO ][2015-11-30 15:31:05,775][com.java.SeleniumDriver] [  860] - {Data Fields & Data Values Exist}
[INFO ][2015-11-30 15:31:05,775][com.java.SeleniumDriver] [  862] - --------------------------setting values-----------------------------
[INFO ][2015-11-30 15:31:05,775][com.java.SeleniumDriver] [  865] - Action Type : SELECT
[INFO ][2015-11-30 15:31:05,775][com.java.TestType] [ 4783] - value = 1
[INFO ][2015-11-30 15:31:06,866][com.java.TestType] [ 4901] -  In COB ddlProjections : 1
[INFO ][2015-11-30 15:31:07,076][com.java.SeleniumDriver] [  874] -  RESULT true
[INFO ][2015-11-30 15:31:07,076][com.java.SeleniumDriver] [ 1080] - ?   P A S S   ?
[INFO ][2015-11-30 15:31:07,076][com.java.SeleniumDriver] [  801] - ------------------------------------------
[INFO ][2015-11-30 15:31:07,076][com.java.SeleniumDriver] [  802] - Test case being Executed: 2
[INFO ][2015-11-30 15:31:07,076][com.java.SeleniumDriver] [  813] - Test step:9
[INFO ][2015-11-30 15:31:07,076][com.java.SeleniumDriver] [  825] - Datavalue is----------SelectedProjection
[INFO ][2015-11-30 15:31:07,076][com.java.SeleniumDriver] [  849] - DataField : SLBddlProjections
[INFO ][2015-11-30 15:31:07,076][com.java.SeleniumDriver] [  851] - DataValue : SelectedProjection
[INFO ][2015-11-30 15:31:07,076][com.java.SeleniumDriver] [  857] - <In Set values of the page>
[INFO ][2015-11-30 15:31:07,076][com.java.SeleniumDriver] [  860] - {Data Fields & Data Values Exist}
[INFO ][2015-11-30 15:31:07,076][com.java.SeleniumDriver] [  862] - --------------------------setting values-----------------------------
[INFO ][2015-11-30 15:31:07,076][com.java.SeleniumDriver] [  865] - Action Type : STOREVALUE
[INFO ][2015-11-30 15:31:07,076][com.java.TestType] [ 7146] - field= SLBddlProjections
[INFO ][2015-11-30 15:31:08,287][com.java.SeleniumDriver] [  874] -  RESULT true
[INFO ][2015-11-30 15:31:08,287][com.java.SeleniumDriver] [ 1080] - ?   P A S S   ?
[INFO ][2015-11-30 15:31:08,287][com.java.SeleniumDriver] [  801] - ------------------------------------------
[INFO ][2015-11-30 15:31:08,287][com.java.SeleniumDriver] [  802] - Test case being Executed: 2
[INFO ][2015-11-30 15:31:08,287][com.java.SeleniumDriver] [  813] - Test step:10
[INFO ][2015-11-30 15:31:08,287][com.java.SeleniumDriver] [  825] - Datavalue is----------null
[DEBUG][2015-11-30 15:31:08,287][com.java.SeleniumDriver] [  843] - Exception: null
[INFO ][2015-11-30 15:31:08,287][com.java.SeleniumDriver] [  849] - DataField : BTNparent
[INFO ][2015-11-30 15:31:08,287][com.java.SeleniumDriver] [  851] - DataValue : 
[INFO ][2015-11-30 15:31:08,287][com.java.SeleniumDriver] [  857] - <In Set values of the page>
[INFO ][2015-11-30 15:31:08,287][com.java.SeleniumDriver] [  860] - {Data Fields & Data Values Exist}
[INFO ][2015-11-30 15:31:08,287][com.java.SeleniumDriver] [  862] - --------------------------setting values-----------------------------
[INFO ][2015-11-30 15:31:08,287][com.java.SeleniumDriver] [  865] - Action Type : SELECTFRAME
[INFO ][2015-11-30 15:31:08,297][com.java.SeleniumDriver] [  874] -  RESULT true
[INFO ][2015-11-30 15:31:08,297][com.java.SeleniumDriver] [ 1080] - ?   P A S S   ?
[INFO ][2015-11-30 15:31:08,297][com.java.SeleniumDriver] [  801] - ------------------------------------------
[INFO ][2015-11-30 15:31:08,297][com.java.SeleniumDriver] [  802] - Test case being Executed: 2
[INFO ][2015-11-30 15:31:08,297][com.java.SeleniumDriver] [  813] - Test step:11
[INFO ][2015-11-30 15:31:08,297][com.java.SeleniumDriver] [  825] - Datavalue is----------null
[DEBUG][2015-11-30 15:31:08,297][com.java.SeleniumDriver] [  843] - Exception: null
[INFO ][2015-11-30 15:31:08,297][com.java.SeleniumDriver] [  849] - DataField : HDN//span[@class="ui-button-text" and contains(text(),'Continue')]
[INFO ][2015-11-30 15:31:08,297][com.java.SeleniumDriver] [  851] - DataValue : 
[INFO ][2015-11-30 15:31:08,297][com.java.SeleniumDriver] [  857] - <In Set values of the page>
[INFO ][2015-11-30 15:31:08,297][com.java.SeleniumDriver] [  860] - {Data Fields & Data Values Exist}
[INFO ][2015-11-30 15:31:08,297][com.java.SeleniumDriver] [  862] - --------------------------setting values-----------------------------
[INFO ][2015-11-30 15:31:08,297][com.java.SeleniumDriver] [  865] - Action Type : CLICK
[INFO ][2015-11-30 15:31:08,297][com.java.TestType] [ 5111] - Field ::HDN//span[@class="ui-button-text" and contains(text(),'Continue')]
[INFO ][2015-11-30 15:31:09,408][com.java.SeleniumDriver] [  874] -  RESULT true
[INFO ][2015-11-30 15:31:09,408][com.java.SeleniumDriver] [ 1080] - ?   P A S S   ?
[INFO ][2015-11-30 15:31:09,408][com.java.SeleniumDriver] [  801] - ------------------------------------------
[INFO ][2015-11-30 15:31:09,408][com.java.SeleniumDriver] [  802] - Test case being Executed: 2
[INFO ][2015-11-30 15:31:09,408][com.java.SeleniumDriver] [  813] - Test step:12
[INFO ][2015-11-30 15:31:09,408][com.java.SeleniumDriver] [  825] - Datavalue is----------null
[DEBUG][2015-11-30 15:31:09,408][com.java.SeleniumDriver] [  843] - Exception: null
[INFO ][2015-11-30 15:31:09,408][com.java.SeleniumDriver] [  849] - DataField : BTNframeProjectionOpen
[INFO ][2015-11-30 15:31:09,408][com.java.SeleniumDriver] [  851] - DataValue : 
[INFO ][2015-11-30 15:31:09,408][com.java.SeleniumDriver] [  857] - <In Set values of the page>
[INFO ][2015-11-30 15:31:09,408][com.java.SeleniumDriver] [  860] - {Data Fields & Data Values Exist}
[INFO ][2015-11-30 15:31:09,408][com.java.SeleniumDriver] [  862] - --------------------------setting values-----------------------------
[INFO ][2015-11-30 15:31:09,408][com.java.SeleniumDriver] [  865] - Action Type : WAITFORELEMENT
[INFO ][2015-11-30 15:31:10,618][com.java.SeleniumDriver] [  874] -  RESULT true
[INFO ][2015-11-30 15:31:10,618][com.java.SeleniumDriver] [ 1080] - ?   P A S S   ?
[INFO ][2015-11-30 15:31:10,618][com.java.SeleniumDriver] [  801] - ------------------------------------------
[INFO ][2015-11-30 15:31:10,618][com.java.SeleniumDriver] [  802] - Test case being Executed: 2
[INFO ][2015-11-30 15:31:10,618][com.java.SeleniumDriver] [  813] - Test step:13
[INFO ][2015-11-30 15:31:10,618][com.java.SeleniumDriver] [  825] - Datavalue is----------null
[DEBUG][2015-11-30 15:31:10,618][com.java.SeleniumDriver] [  843] - Exception: null
[INFO ][2015-11-30 15:31:10,618][com.java.SeleniumDriver] [  849] - DataField : BTNframeProjectionOpen
[INFO ][2015-11-30 15:31:10,618][com.java.SeleniumDriver] [  851] - DataValue : 
[INFO ][2015-11-30 15:31:10,618][com.java.SeleniumDriver] [  857] - <In Set values of the page>
[INFO ][2015-11-30 15:31:10,618][com.java.SeleniumDriver] [  860] - {Data Fields & Data Values Exist}
[INFO ][2015-11-30 15:31:10,618][com.java.SeleniumDriver] [  862] - --------------------------setting values-----------------------------
[INFO ][2015-11-30 15:31:10,618][com.java.SeleniumDriver] [  865] - Action Type : SELECTFRAME
[INFO ][2015-11-30 15:31:11,860][com.java.SeleniumDriver] [  874] -  RESULT true
[INFO ][2015-11-30 15:31:11,860][com.java.SeleniumDriver] [ 1080] - ?   P A S S   ?
[INFO ][2015-11-30 15:31:11,860][com.java.SeleniumDriver] [  801] - ------------------------------------------
[INFO ][2015-11-30 15:31:11,860][com.java.SeleniumDriver] [  802] - Test case being Executed: 2
[INFO ][2015-11-30 15:31:11,860][com.java.SeleniumDriver] [  813] - Test step:14
[INFO ][2015-11-30 15:31:11,860][com.java.SeleniumDriver] [  825] - Datavalue is----------10
[INFO ][2015-11-30 15:31:11,860][com.java.SeleniumDriver] [  849] - DataField : XPH//span[@id='projTitle']
[INFO ][2015-11-30 15:31:11,860][com.java.SeleniumDriver] [  851] - DataValue : 10
[INFO ][2015-11-30 15:31:11,860][com.java.SeleniumDriver] [  857] - <In Set values of the page>
[INFO ][2015-11-30 15:31:11,860][com.java.SeleniumDriver] [  860] - {Data Fields & Data Values Exist}
[INFO ][2015-11-30 15:31:11,860][com.java.SeleniumDriver] [  862] - --------------------------setting values-----------------------------
[INFO ][2015-11-30 15:31:11,860][com.java.SeleniumDriver] [  865] - Action Type : WaitForElement
[INFO ][2015-11-30 15:31:11,900][com.java.SeleniumDriver] [  874] -  RESULT true
[INFO ][2015-11-30 15:31:11,900][com.java.SeleniumDriver] [ 1080] - ?   P A S S   ?
[INFO ][2015-11-30 15:31:11,900][com.java.SeleniumDriver] [  801] - ------------------------------------------
[INFO ][2015-11-30 15:31:11,900][com.java.SeleniumDriver] [  802] - Test case being Executed: 2
[INFO ][2015-11-30 15:31:11,900][com.java.SeleniumDriver] [  813] - Test step:15
[INFO ][2015-11-30 15:31:11,900][com.java.SeleniumDriver] [  825] - Datavalue is----------HMVSelectedProjection
[INFO ][2015-11-30 15:31:11,900][com.java.SeleniumDriver] [  849] - DataField : XPH//span[@id='projTitle']
[INFO ][2015-11-30 15:31:11,900][com.java.SeleniumDriver] [  851] - DataValue : HMVSelectedProjection
[INFO ][2015-11-30 15:31:11,900][com.java.SeleniumDriver] [  857] - <In Set values of the page>
[INFO ][2015-11-30 15:31:11,900][com.java.SeleniumDriver] [  860] - {Data Fields & Data Values Exist}
[INFO ][2015-11-30 15:31:11,900][com.java.SeleniumDriver] [  862] - --------------------------setting values-----------------------------
[INFO ][2015-11-30 15:31:11,900][com.java.SeleniumDriver] [  865] - Action Type : VERIFY
[INFO ][2015-11-30 15:31:11,900][com.java.TestType] [ 5968] - field= XPH//span[@id='projTitle'] value= HMVSelectedProjection
[INFO ][2015-11-30 15:31:11,900][com.java.TestType] [ 4783] - value = 3-Year Forecast
[INFO ][2015-11-30 15:31:12,000][com.java.SeleniumDriver] [  874] -  RESULT true
[INFO ][2015-11-30 15:31:12,000][com.java.SeleniumDriver] [ 1080] - ?   P A S S   ?
[INFO ][2015-11-30 15:31:12,000][com.java.SeleniumDriver] [  801] - ------------------------------------------
[INFO ][2015-11-30 15:31:12,000][com.java.SeleniumDriver] [  802] - Test case being Executed: 2
[INFO ][2015-11-30 15:31:12,000][com.java.SeleniumDriver] [  813] - Test step:16
[INFO ][2015-11-30 15:31:12,000][com.java.SeleniumDriver] [  825] - Datavalue is----------//table[@class="dlg_Outer_Table"]
[INFO ][2015-11-30 15:31:12,000][com.java.SeleniumDriver] [  849] - DataField : BTN
[INFO ][2015-11-30 15:31:12,000][com.java.SeleniumDriver] [  851] - DataValue : //table[@class="dlg_Outer_Table"]
[INFO ][2015-11-30 15:31:12,000][com.java.SeleniumDriver] [  857] - <In Set values of the page>
[INFO ][2015-11-30 15:31:12,000][com.java.SeleniumDriver] [  860] - {Data Fields & Data Values Exist}
[INFO ][2015-11-30 15:31:12,000][com.java.SeleniumDriver] [  862] - --------------------------setting values-----------------------------
[INFO ][2015-11-30 15:31:12,000][com.java.SeleniumDriver] [  865] - Action Type : VERIFY
[INFO ][2015-11-30 15:31:12,000][com.java.TestType] [ 5968] - field= BTN value= //table[@class="dlg_Outer_Table"]
[INFO ][2015-11-30 15:31:12,000][com.java.TestType] [ 4783] - value = //table[@class="dlg_Outer_Table"]
[INFO ][2015-11-30 15:31:12,040][com.java.SeleniumDriver] [  874] -  RESULT true
[INFO ][2015-11-30 15:31:12,040][com.java.SeleniumDriver] [ 1080] - ?   P A S S   ?
[INFO ][2015-11-30 15:31:12,040][com.java.SeleniumDriver] [  801] - ------------------------------------------
[INFO ][2015-11-30 15:31:12,040][com.java.SeleniumDriver] [  802] - Test case being Executed: 2
[INFO ][2015-11-30 15:31:12,040][com.java.SeleniumDriver] [  813] - Test step:17
[INFO ][2015-11-30 15:31:12,040][com.java.SeleniumDriver] [  825] - Datavalue is----------8
[INFO ][2015-11-30 15:31:12,040][com.java.SeleniumDriver] [  849] - DataField : BTNCopy
[INFO ][2015-11-30 15:31:12,040][com.java.SeleniumDriver] [  851] - DataValue : 8
[INFO ][2015-11-30 15:31:12,040][com.java.SeleniumDriver] [  857] - <In Set values of the page>
[INFO ][2015-11-30 15:31:12,040][com.java.SeleniumDriver] [  860] - {Data Fields & Data Values Exist}
[INFO ][2015-11-30 15:31:12,040][com.java.SeleniumDriver] [  862] - --------------------------setting values-----------------------------
[INFO ][2015-11-30 15:31:12,040][com.java.SeleniumDriver] [  865] - Action Type : WAITFORELEMENT
[INFO ][2015-11-30 15:31:14,120][com.java.SeleniumDriver] [  874] -  RESULT true
[INFO ][2015-11-30 15:31:14,120][com.java.SeleniumDriver] [ 1080] - ?   P A S S   ?
[INFO ][2015-11-30 15:31:14,120][com.java.SeleniumDriver] [  801] - ------------------------------------------
[INFO ][2015-11-30 15:31:14,120][com.java.SeleniumDriver] [  802] - Test case being Executed: 2
[INFO ][2015-11-30 15:31:14,120][com.java.SeleniumDriver] [  813] - Test step:18
[INFO ][2015-11-30 15:31:14,120][com.java.SeleniumDriver] [  825] - Datavalue is----------Copy To New Projection
[INFO ][2015-11-30 15:31:14,120][com.java.SeleniumDriver] [  849] - DataField : XPH//table[@class="dlg_Outer_Table"]//td[@class="dlg_Label" and contains(text(),'Copy To New Projection')]
[INFO ][2015-11-30 15:31:14,120][com.java.SeleniumDriver] [  851] - DataValue : Copy To New Projection
[INFO ][2015-11-30 15:31:14,120][com.java.SeleniumDriver] [  857] - <In Set values of the page>
[INFO ][2015-11-30 15:31:14,120][com.java.SeleniumDriver] [  860] - {Data Fields & Data Values Exist}
[INFO ][2015-11-30 15:31:14,120][com.java.SeleniumDriver] [  862] - --------------------------setting values-----------------------------
[INFO ][2015-11-30 15:31:14,120][com.java.SeleniumDriver] [  865] - Action Type : VERIFY
[INFO ][2015-11-30 15:31:14,120][com.java.TestType] [ 5968] - field= XPH//table[@class="dlg_Outer_Table"]//td[@class="dlg_Label" and contains(text(),'Copy To New Projection')] value= Copy To New Projection
[INFO ][2015-11-30 15:31:14,120][com.java.TestType] [ 4783] - value = Copy To New Projection
[ERROR][2015-11-30 15:31:14,251][com.java.TestType] [ 6456] - Element  not found :Copy To New Projection
[INFO ][2015-11-30 15:31:14,251][com.java.SeleniumDriver] [  874] -  RESULT false
[INFO ][2015-11-30 15:31:14,251][com.java.SeleniumDriver] [  921] - ?   F A I L   ?
[INFO ][2015-11-30 15:31:14,251][com.java.SeleniumDriver] [  929] - Browser Type : IE10
[INFO ][2015-11-30 15:31:14,251][com.java.SeleniumDriver] [  930] - Adding Failed case2
[INFO ][2015-11-30 15:31:14,411][com.java.SeleniumDriver] [ 1044] - failedCases = 2
[ERROR][2015-11-30 15:31:14,411][com.java.SeleniumDriver] [ 1541] - Platform Errors : Our apologies...::We have encountered an issue with your request.::Our apologies?:We encountered an issue with your request.
[INFO ][2015-11-30 15:31:14,411][com.java.SeleniumDriver] [ 1545] - Length =3
[ERROR][2015-11-30 15:31:14,411][com.java.SeleniumDriver] [ 1548] - Error 0 = Our apologies...
[ERROR][2015-11-30 15:31:14,461][com.java.SeleniumDriver] [ 1548] - Error 1 = We have encountered an issue with your request.
[ERROR][2015-11-30 15:31:14,481][com.java.SeleniumDriver] [ 1548] - Error 2 = Our apologies?:We encountered an issue with your request.
[INFO ][2015-11-30 15:31:14,501][com.java.SeleniumDriver] [ 1559] - strError:
[DEBUG][2015-11-30 15:31:14,511][com.java.SeleniumDriver] [ 1192] - Case found
[DEBUG][2015-11-30 15:31:14,511][com.java.SeleniumDriver] [ 1197] - Incrementing ReportCounters[0]:2
[INFO ][2015-11-30 15:31:14,511][com.java.SeleniumDriver] [ 1216] - The results are-------------------[2, 18, Projections > Manage Projections, Fail, 
Test case failed at Step No. :: 18   Error Message ::  Element not found:Copy To New Projection. Screen Shot : D:\BankersDashboard\TestReports\113015\2_113015_153114_IE10.png, Mon Nov 30 15:31:14 IST 2015]
[INFO ][2015-11-30 15:31:14,511][com.java.SeleniumDriver] [ 1220] - End time is-------1 min 48 sec
[INFO ][2015-11-30 15:31:14,511][com.java.SeleniumDriver] [ 1221] - The results are-------------------[2, 18, Projections > Manage Projections, Fail, 
Test case failed at Step No. :: 18   Error Message ::  Element not found:Copy To New Projection. Screen Shot : D:\BankersDashboard\TestReports\113015\2_113015_153114_IE10.png, Mon Nov 30 15:31:14 IST 2015]
[DEBUG][2015-11-30 15:31:14,511][com.java.ImportnExport.ExportTestResultsExcel] [  222] - testResultPath = D:\BankersDashboard/TestReports/Test Results_BankersDashBoard_113015_152928_IE10_Any Bank USA.xls
[DEBUG][2015-11-30 15:31:14,511][com.java.ImportnExport.ExportTestResultsExcel] [  223] - browser is------------IE10
[DEBUG][2015-11-30 15:31:14,511][com.java.ImportnExport.ExportTestResultsExcel] [  270] - result.size() = 6
[DEBUG][2015-11-30 15:31:14,511][com.java.ImportnExport.ExportTestResultsExcel] [  274] - No of rows in sheet=2
[DEBUG][2015-11-30 15:31:14,511][com.java.ImportnExport.ExportTestResultsExcel] [  301] - ..in export..2
[DEBUG][2015-11-30 15:31:14,511][com.java.ImportnExport.ExportTestResultsExcel] [  301] - ..in export..Projections > Manage Projections
[DEBUG][2015-11-30 15:31:14,511][com.java.ImportnExport.ExportTestResultsExcel] [  301] - ..in export..Fail
[DEBUG][2015-11-30 15:31:14,511][com.java.ImportnExport.ExportTestResultsExcel] [  301] - ..in export..
Test case failed at Step No. :: 18   Error Message ::  Element not found:Copy To New Projection. Screen Shot : D:\BankersDashboard\TestReports\113015\2_113015_153114_IE10.png
[DEBUG][2015-11-30 15:31:14,511][com.java.ImportnExport.ExportTestResultsExcel] [  301] - ..in export..Mon Nov 30 15:31:14 IST 2015
[INFO ][2015-11-30 15:31:14,511][com.java.SeleniumDriver] [ 1279] - out loop:1 size:2 TestCases:[1, 2] testcases:[1, 2]
[INFO ][2015-11-30 15:31:16,503][com.java.SeleniumDriver] [ 1322] - Total Number of Cases:2
[INFO ][2015-11-30 15:31:16,503][com.java.TemplateGenerator] [  302] - Executed:2
[INFO ][2015-11-30 15:31:16,503][com.java.TemplateGenerator] [  303] - Passed:1
[INFO ][2015-11-30 15:31:16,503][com.java.TemplateGenerator] [  304] - Failed:1
[INFO ][2015-11-30 15:31:16,503][com.java.TemplateGenerator] [  305] - Skipeed:0
[INFO ][2015-11-30 15:31:16,503][com.java.TemplateGenerator] [  306] - Application URL:https://clients-xuat.bankersdashboard.com
[INFO ][2015-11-30 15:31:16,503][com.java.TemplateGenerator] [  307] - Start Time:113015_152928
[INFO ][2015-11-30 15:31:16,503][com.java.TemplateGenerator] [  308] -  Creating HTML Report 
[ERROR][2015-11-30 15:31:16,503][com.java.TemplateGenerator] [  409] - Unparseable date: "Mon Nov 30 03:29:28 IST 2015"
[INFO ][2015-11-30 15:31:16,503][com.java.TemplateGenerator] [  654] -  Exporting case :: 1
[INFO ][2015-11-30 15:31:16,503][com.java.TemplateGenerator] [  654] -  Exporting case :: 2
[INFO ][2015-11-30 15:31:16,503][com.java.SeleniumDriver] [ 1371] - End Time:113015_153116
[INFO ][2015-11-30 15:31:16,503][com.java.SeleniumDriver] [ 1374] - Data in Test Execution Details:{1=PASS, 2=FAILTest case failed at Step No. :: 18   Error Message ::  Element not found:Copy To New Projection}
[INFO ][2015-11-30 15:31:16,503][com.java.SeleniumDriver] [ 1375] - Data in Failed Execution Deatils:{}
[INFO ][2015-11-30 15:31:16,503][com.java.SeleniumDriver] [ 1377] - ReportCounter:Total:2 :: PASS: 1 ::FAIL: 1
[INFO ][2015-11-30 15:31:16,503][com.java.SeleniumDriver] [ 1378] - FailedReportCounter:Total:0 :: PASS: 0 ::FAIL: 0
[INFO ][2015-11-30 15:31:16,524][com.java.EmailTestReport] [   63] - Sending report mail details:
[INFO ][2015-11-30 15:31:16,524][com.java.EmailTestReport] [   80] - Excel Report Path:D:\BankersDashboard/TestReports/Test Results_BankersDashBoard_113015_152928_IE10_Any Bank USA.xls
[INFO ][2015-11-30 15:31:16,524][com.java.EmailTestReport] [   81] - HTML Report Path:D:\BankersDashboard//TestReports//Test Results_BankersDashBoard_113015_152928_IE10_Any Bank USA.html
[INFO ][2015-11-30 15:31:16,524][com.java.EmailTestReport] [   82] - smtpHostName:mail01.valuelabs.com
[INFO ][2015-11-30 15:31:16,524][com.java.EmailTestReport] [   83] - Recipient:venkateswararao.gubbala@valuelabs.com;
[INFO ][2015-11-30 15:31:16,524][com.java.EmailTestReport] [   84] - From:venkateswararao.gubbala@valuelabs.com;
[INFO ][2015-11-30 15:31:16,524][com.java.EmailTestReport] [   85] - Subject:Deluxe Corp Bankers Dashboard Automation Test Report - Any Bank USA - IE10
[INFO ][2015-11-30 15:31:16,534][com.java.EmailTestReport] [  143] -  Added venkateswararao.gubbala@valuelabs.com
[INFO ][2015-11-30 15:31:19,664][com.java.SeleniumDriver] [  720] - quitting the browser 
[INFO ][2015-11-30 15:31:21,356][com.java.SeleniumDriver] [  264] - Execution Completed Stopping the thread
