[INFO ][2016-01-06 12:36:08,840][com.java.SeleniumDriver] [  213] - Execute Failed Casesfalse
[INFO ][2016-01-06 12:36:08,840][com.java.SeleniumDriver] [  214] - Browser: IE10
[INFO ][2016-01-06 12:36:08,841][com.java.SeleniumDriver] [  215] - [1, 6]
[INFO ][2016-01-06 12:36:08,841][com.java.SeleniumDriver] [  216] - Total TestCases:2
[INFO ][2016-01-06 12:36:08,841][com.java.SeleniumDriver] [  217] -  Reading Properties from Property File 
[DEBUG][2016-01-06 12:36:08,841][com.java.SeleniumDriver] [  238] - url : https://clients-xuat.bankersdashboard.com
[INFO ][2016-01-06 12:36:08,842][com.java.ImportnExport.ExportTestResultsExcel] [  116] - Time Stamp Wed Jan 06 12:36:08 IST 2016
[INFO ][2016-01-06 12:36:08,843][com.java.ImportnExport.ExportTestResultsExcel] [  175] - OUT FILE : D:\BankersDashboard/TestReports/Test Results_BankersDashBoard_010616_123608_IE10_United Bank.xls
[INFO ][2016-01-06 12:36:08,874][com.java.ImportnExport.ExportTestResultsExcel] [  180] - Test Result file is created
[DEBUG][2016-01-06 12:36:08,980][com.java.SeleniumDriver] [  426] - Hub ip address is-------172.17.68.34
[INFO ][2016-01-06 12:36:08,980][com.java.SeleniumDriver] [  452] - Grid URL:http://172.17.68.34:4444/wd/hub
[INFO ][2016-01-06 12:36:08,981][com.java.SeleniumDriver] [  453] - Capability:Capabilities [{platform=ANY, ensureCleanSession=true, ignoreProtectedModeSettings=true, acceptSslCerts=true, ignoreZoomSetting=true, browserName=internet explorer, browserstack.ie.noFlash=true, version=null}]
[ERROR][2016-01-06 12:36:10,308][com.java.SeleniumDriver] [  498] - Unable invoke browser in grid:Could not start a new session. Possible causes are invalid address of the remote server or browser start-up failure.
Build info: version: '2.48.2', revision: '41bccdd', time: '2015-10-09 19:59:12'
System info: host: 'FVTIII438F1D', ip: '172.17.68.34', os.name: 'Windows 7', os.arch: 'x86', os.version: '6.1', java.version: '1.7.0_55'
Driver info: driver.version: SeleniumDriver
[INFO ][2016-01-06 12:36:10,309][com.java.SeleniumDriver] [  500] - Executing on local machine
[INFO ][2016-01-06 12:36:20,845][com.java.SeleniumDriver] [  248] - IE10is opened
[INFO ][2016-01-06 12:36:21,709][com.java.SeleniumDriver] [  756] - Test cases to be executed are: [1, 6]
[INFO ][2016-01-06 12:36:21,730][com.java.ImportnExport.ImportTestDataDetailsExcel] [   49] - test data details path===== D:\BankersDashboard\TestInputs\TestData.xls
[INFO ][2016-01-06 12:36:21,825][com.java.SeleniumDriver] [  832] - ------------------------------------------
[INFO ][2016-01-06 12:36:21,825][com.java.SeleniumDriver] [  833] - Test case being Executed: 1
[INFO ][2016-01-06 12:36:21,825][com.java.SeleniumDriver] [  845] - Test step:1
[INFO ][2016-01-06 12:36:21,826][com.java.SeleniumDriver] [  857] - Datavalue is----------Concept#1:1-16
[INFO ][2016-01-06 12:36:21,826][com.java.SeleniumDriver] [  881] - DataField : test
[INFO ][2016-01-06 12:36:21,826][com.java.SeleniumDriver] [  883] - DataValue : Concept#1:1-16
[INFO ][2016-01-06 12:36:21,826][com.java.SeleniumDriver] [  889] - <In Set values of the page>
[INFO ][2016-01-06 12:36:21,826][com.java.SeleniumDriver] [  892] - {Data Fields & Data Values Exist}
[INFO ][2016-01-06 12:36:21,826][com.java.SeleniumDriver] [  894] - --------------------------setting values-----------------------------
[INFO ][2016-01-06 12:36:21,826][com.java.SeleniumDriver] [  897] - Action Type : ExecuteTestCase
[INFO ][2016-01-06 12:36:21,845][com.java.TestType] [  437] - The Concept sheet name is ---------- Concept
[INFO ][2016-01-06 12:36:21,845][com.java.TestType] [  440] - The Concept ID  is ---------- 1
[DEBUG][2016-01-06 12:36:21,845][com.java.TestType] [  444] - Steps being executted in the Concept are: 1:16
[INFO ][2016-01-06 12:36:21,846][com.java.TestType] [  451] - Test data details path ---------- D:\BankersDashboard\TestInputs\TestData.xls
[INFO ][2016-01-06 12:36:21,880][com.java.TestType] [  482] -  str(1) = 1
[INFO ][2016-01-06 12:36:21,880][com.java.TestType] [  485] - Test case Id is---1
[INFO ][2016-01-06 12:36:21,881][com.java.TestType] [  487] - 1
[INFO ][2016-01-06 12:36:21,881][com.java.TestType] [  482] -  str(2) = 1
[INFO ][2016-01-06 12:36:21,883][com.java.TestType] [  482] -  str(1) = 1
[INFO ][2016-01-06 12:36:21,883][com.java.TestType] [  485] - Test case Id is---1
[INFO ][2016-01-06 12:36:21,883][com.java.TestType] [  487] - 1
[INFO ][2016-01-06 12:36:21,884][com.java.TestType] [  482] -  str(2) = 2
[INFO ][2016-01-06 12:36:21,885][com.java.TestType] [  482] -  str(1) = 1
[INFO ][2016-01-06 12:36:21,885][com.java.TestType] [  485] - Test case Id is---1
[INFO ][2016-01-06 12:36:21,885][com.java.TestType] [  487] - 1
[INFO ][2016-01-06 12:36:21,885][com.java.TestType] [  482] -  str(2) = 3
[INFO ][2016-01-06 12:36:21,888][com.java.TestType] [  482] -  str(1) = 1
[INFO ][2016-01-06 12:36:21,888][com.java.TestType] [  485] - Test case Id is---1
[INFO ][2016-01-06 12:36:21,888][com.java.TestType] [  487] - 1
[INFO ][2016-01-06 12:36:21,888][com.java.TestType] [  482] -  str(2) = 4
[INFO ][2016-01-06 12:36:21,890][com.java.TestType] [  482] -  str(1) = 1
[INFO ][2016-01-06 12:36:21,890][com.java.TestType] [  485] - Test case Id is---1
[INFO ][2016-01-06 12:36:21,890][com.java.TestType] [  487] - 1
[INFO ][2016-01-06 12:36:21,890][com.java.TestType] [  482] -  str(2) = 5
[INFO ][2016-01-06 12:36:21,891][com.java.TestType] [  482] -  str(1) = 1
[INFO ][2016-01-06 12:36:21,891][com.java.TestType] [  485] - Test case Id is---1
[INFO ][2016-01-06 12:36:21,891][com.java.TestType] [  487] - 1
[INFO ][2016-01-06 12:36:21,891][com.java.TestType] [  482] -  str(2) = 6
[INFO ][2016-01-06 12:36:21,892][com.java.TestType] [  482] -  str(1) = 1
[INFO ][2016-01-06 12:36:21,892][com.java.TestType] [  485] - Test case Id is---1
[INFO ][2016-01-06 12:36:21,892][com.java.TestType] [  487] - 1
[INFO ][2016-01-06 12:36:21,892][com.java.TestType] [  482] -  str(2) = 7
[INFO ][2016-01-06 12:36:21,893][com.java.TestType] [  482] -  str(1) = 1
[INFO ][2016-01-06 12:36:21,893][com.java.TestType] [  485] - Test case Id is---1
[INFO ][2016-01-06 12:36:21,893][com.java.TestType] [  487] - 1
[INFO ][2016-01-06 12:36:21,894][com.java.TestType] [  482] -  str(2) = 8
[INFO ][2016-01-06 12:36:21,894][com.java.TestType] [  482] -  str(1) = 1
[INFO ][2016-01-06 12:36:21,894][com.java.TestType] [  485] - Test case Id is---1
[INFO ][2016-01-06 12:36:21,894][com.java.TestType] [  487] - 1
[INFO ][2016-01-06 12:36:21,895][com.java.TestType] [  482] -  str(2) = 9
[INFO ][2016-01-06 12:36:21,895][com.java.TestType] [  482] -  str(1) = 1
[INFO ][2016-01-06 12:36:21,895][com.java.TestType] [  485] - Test case Id is---1
[INFO ][2016-01-06 12:36:21,896][com.java.TestType] [  487] - 1
[INFO ][2016-01-06 12:36:21,896][com.java.TestType] [  482] -  str(2) = 10
[INFO ][2016-01-06 12:36:21,897][com.java.TestType] [  482] -  str(1) = 1
[INFO ][2016-01-06 12:36:21,898][com.java.TestType] [  485] - Test case Id is---1
[INFO ][2016-01-06 12:36:21,898][com.java.TestType] [  487] - 1
[INFO ][2016-01-06 12:36:21,898][com.java.TestType] [  482] -  str(2) = 11
[INFO ][2016-01-06 12:36:21,898][com.java.TestType] [  482] -  str(1) = 1
[INFO ][2016-01-06 12:36:21,899][com.java.TestType] [  485] - Test case Id is---1
[INFO ][2016-01-06 12:36:21,899][com.java.TestType] [  487] - 1
[INFO ][2016-01-06 12:36:21,899][com.java.TestType] [  482] -  str(2) = 12
[INFO ][2016-01-06 12:36:21,899][com.java.TestType] [  482] -  str(1) = 1
[INFO ][2016-01-06 12:36:21,900][com.java.TestType] [  485] - Test case Id is---1
[INFO ][2016-01-06 12:36:21,900][com.java.TestType] [  487] - 1
[INFO ][2016-01-06 12:36:21,900][com.java.TestType] [  482] -  str(2) = 13
[INFO ][2016-01-06 12:36:21,901][com.java.TestType] [  482] -  str(1) = 1
[INFO ][2016-01-06 12:36:21,901][com.java.TestType] [  485] - Test case Id is---1
[INFO ][2016-01-06 12:36:21,901][com.java.TestType] [  487] - 1
[INFO ][2016-01-06 12:36:21,901][com.java.TestType] [  482] -  str(2) = 14
[INFO ][2016-01-06 12:36:21,902][com.java.TestType] [  482] -  str(1) = 1
[INFO ][2016-01-06 12:36:21,902][com.java.TestType] [  485] - Test case Id is---1
[INFO ][2016-01-06 12:36:21,902][com.java.TestType] [  487] - 1
[INFO ][2016-01-06 12:36:21,902][com.java.TestType] [  482] -  str(2) = 15
[INFO ][2016-01-06 12:36:21,903][com.java.TestType] [  482] -  str(1) = 1
[INFO ][2016-01-06 12:36:21,903][com.java.TestType] [  485] - Test case Id is---1
[INFO ][2016-01-06 12:36:21,903][com.java.TestType] [  487] - 1
[INFO ][2016-01-06 12:36:21,903][com.java.TestType] [  482] -  str(2) = 16
[INFO ][2016-01-06 12:36:21,904][com.java.TestType] [10609] - Looping 1TCID = 1
[DEBUG][2016-01-06 12:36:21,904][com.java.TestType] [10650] - Concept ID:1 :: Step being Executed: 1::1
[INFO ][2016-01-06 12:36:21,904][com.java.TestType] [10688] - dataFields : TXTusername
[DEBUG][2016-01-06 12:36:21,904][com.java.TestType] [10694] - <In Set values of the page>
[DEBUG][2016-01-06 12:36:21,904][com.java.TestType] [10699] - {Data Fields & Data Values Exist}
[INFO ][2016-01-06 12:36:21,904][com.java.TestType] [10705] - --------------------------setting values-----------------------------
[INFO ][2016-01-06 12:36:21,904][com.java.TestType] [10708] - Action Type : CLEARANDENTER
[INFO ][2016-01-06 12:36:21,904][com.java.TestType] [ 5705] - value = valuelabs.ie10.00058
[INFO ][2016-01-06 12:36:26,818][com.java.TestType] [10727] -  RESULT true
[INFO ][2016-01-06 12:36:26,819][com.java.TestType] [10844] - ?   P A S S   ?
[DEBUG][2016-01-06 12:36:26,819][com.java.TestType] [10650] - Concept ID:1 :: Step being Executed: 1::2
[INFO ][2016-01-06 12:36:26,819][com.java.TestType] [10688] - dataFields : TXTpassword
[DEBUG][2016-01-06 12:36:26,819][com.java.TestType] [10694] - <In Set values of the page>
[DEBUG][2016-01-06 12:36:26,819][com.java.TestType] [10699] - {Data Fields & Data Values Exist}
[INFO ][2016-01-06 12:36:26,819][com.java.TestType] [10705] - --------------------------setting values-----------------------------
[INFO ][2016-01-06 12:36:26,819][com.java.TestType] [10708] - Action Type : CLEARANDENTER
[INFO ][2016-01-06 12:36:26,819][com.java.TestType] [ 5705] - value = Password1*
[INFO ][2016-01-06 12:36:31,706][com.java.TestType] [10727] -  RESULT true
[INFO ][2016-01-06 12:36:31,706][com.java.TestType] [10844] - ?   P A S S   ?
[DEBUG][2016-01-06 12:36:31,706][com.java.TestType] [10650] - Concept ID:1 :: Step being Executed: 1::3
[ERROR][2016-01-06 12:36:31,706][com.java.TestType] [10683] - Exception: null
[INFO ][2016-01-06 12:36:31,707][com.java.TestType] [10688] - dataFields : XPH//button[@type='submit']
[DEBUG][2016-01-06 12:36:31,707][com.java.TestType] [10694] - <In Set values of the page>
[DEBUG][2016-01-06 12:36:31,707][com.java.TestType] [10699] - {Data Fields & Data Values Exist}
[INFO ][2016-01-06 12:36:31,707][com.java.TestType] [10705] - --------------------------setting values-----------------------------
[INFO ][2016-01-06 12:36:31,707][com.java.TestType] [10708] - Action Type : Click
[INFO ][2016-01-06 12:36:31,707][com.java.TestType] [ 6084] - Field ::XPH//button[@type='submit']
[INFO ][2016-01-06 12:36:31,707][com.java.TestType] [ 5705] - value = 
[INFO ][2016-01-06 12:36:32,707][com.java.TestType] [ 6221] - BEFORE CLICK
[INFO ][2016-01-06 12:36:33,584][com.java.TestType] [ 6229] - Unable to click the object Login
[INFO ][2016-01-06 12:36:33,584][com.java.TestType] [10727] -  RESULT true
[INFO ][2016-01-06 12:36:33,584][com.java.TestType] [10844] - ?   P A S S   ?
[DEBUG][2016-01-06 12:36:33,584][com.java.TestType] [10650] - Concept ID:1 :: Step being Executed: 1::4
[INFO ][2016-01-06 12:36:33,584][com.java.TestType] [10688] - dataFields : LNKLogout
[DEBUG][2016-01-06 12:36:33,584][com.java.TestType] [10694] - <In Set values of the page>
[DEBUG][2016-01-06 12:36:33,584][com.java.TestType] [10699] - {Data Fields & Data Values Exist}
[INFO ][2016-01-06 12:36:33,584][com.java.TestType] [10705] - --------------------------setting values-----------------------------
[INFO ][2016-01-06 12:36:33,584][com.java.TestType] [10708] - Action Type : WaitForElement
[INFO ][2016-01-06 12:36:37,195][com.java.TestType] [10727] -  RESULT true
[INFO ][2016-01-06 12:36:37,195][com.java.TestType] [10844] - ?   P A S S   ?
[DEBUG][2016-01-06 12:36:37,195][com.java.TestType] [10650] - Concept ID:1 :: Step being Executed: 1::15
[INFO ][2016-01-06 12:36:37,195][com.java.TestType] [10688] - dataFields : LNK
[DEBUG][2016-01-06 12:36:37,195][com.java.TestType] [10694] - <In Set values of the page>
[DEBUG][2016-01-06 12:36:37,195][com.java.TestType] [10699] - {Data Fields & Data Values Exist}
[INFO ][2016-01-06 12:36:37,196][com.java.TestType] [10705] - --------------------------setting values-----------------------------
[INFO ][2016-01-06 12:36:37,196][com.java.TestType] [10708] - Action Type : Verify
[INFO ][2016-01-06 12:36:37,196][com.java.TestType] [ 7081] - field= LNK value= Logout
[INFO ][2016-01-06 12:36:37,197][com.java.TestType] [ 5705] - value = Logout
[INFO ][2016-01-06 12:36:37,493][com.java.TestType] [10727] -  RESULT true
[INFO ][2016-01-06 12:36:37,493][com.java.TestType] [10844] - ?   P A S S   ?
[DEBUG][2016-01-06 12:36:37,493][com.java.TestType] [10650] - Concept ID:1 :: Step being Executed: 1::16
[INFO ][2016-01-06 12:36:37,493][com.java.TestType] [10688] - dataFields : BTN
[DEBUG][2016-01-06 12:36:37,493][com.java.TestType] [10694] - <In Set values of the page>
[DEBUG][2016-01-06 12:36:37,493][com.java.TestType] [10699] - {Data Fields & Data Values Exist}
[INFO ][2016-01-06 12:36:37,494][com.java.TestType] [10705] - --------------------------setting values-----------------------------
[INFO ][2016-01-06 12:36:37,494][com.java.TestType] [10708] - Action Type : Verify
[INFO ][2016-01-06 12:36:37,494][com.java.TestType] [ 7081] - field= BTN value= //img[contains(@src,'bdlogo.jpg')]
[INFO ][2016-01-06 12:36:37,494][com.java.TestType] [ 5705] - value = //img[contains(@src,'bdlogo.jpg')]
[INFO ][2016-01-06 12:36:37,646][com.java.TestType] [10727] -  RESULT true
[INFO ][2016-01-06 12:36:37,646][com.java.TestType] [10844] - ?   P A S S   ?
[INFO ][2016-01-06 12:36:37,646][com.java.TestType] [10915] - Looping End......
[INFO ][2016-01-06 12:36:37,650][com.java.SeleniumDriver] [  906] -  RESULT true
[INFO ][2016-01-06 12:36:37,650][com.java.SeleniumDriver] [ 1112] - ?   P A S S   ?
[INFO ][2016-01-06 12:36:37,650][com.java.SeleniumDriver] [  832] - ------------------------------------------
[INFO ][2016-01-06 12:36:37,650][com.java.SeleniumDriver] [  833] - Test case being Executed: 1
[INFO ][2016-01-06 12:36:37,650][com.java.SeleniumDriver] [  845] - Test step:2
[INFO ][2016-01-06 12:36:37,650][com.java.SeleniumDriver] [  857] - Datavalue is----------Concept#2:1-2
[INFO ][2016-01-06 12:36:37,650][com.java.SeleniumDriver] [  881] - DataField : test
[INFO ][2016-01-06 12:36:37,650][com.java.SeleniumDriver] [  883] - DataValue : Concept#2:1-2
[INFO ][2016-01-06 12:36:37,650][com.java.SeleniumDriver] [  889] - <In Set values of the page>
[INFO ][2016-01-06 12:36:37,650][com.java.SeleniumDriver] [  892] - {Data Fields & Data Values Exist}
[INFO ][2016-01-06 12:36:37,650][com.java.SeleniumDriver] [  894] - --------------------------setting values-----------------------------
[INFO ][2016-01-06 12:36:37,650][com.java.SeleniumDriver] [  897] - Action Type : ExecuteTestCase
[INFO ][2016-01-06 12:36:37,651][com.java.TestType] [  437] - The Concept sheet name is ---------- Concept
[INFO ][2016-01-06 12:36:37,651][com.java.TestType] [  440] - The Concept ID  is ---------- 2
[DEBUG][2016-01-06 12:36:37,651][com.java.TestType] [  444] - Steps being executted in the Concept are: 1:2
[INFO ][2016-01-06 12:36:37,652][com.java.TestType] [  451] - Test data details path ---------- D:\BankersDashboard\TestInputs\TestData.xls
[INFO ][2016-01-06 12:36:37,679][com.java.TestType] [  482] -  str(1) = 2
[INFO ][2016-01-06 12:36:37,679][com.java.TestType] [  485] - Test case Id is---2
[INFO ][2016-01-06 12:36:37,679][com.java.TestType] [  487] - 2
[INFO ][2016-01-06 12:36:37,679][com.java.TestType] [  482] -  str(2) = 1
[INFO ][2016-01-06 12:36:37,681][com.java.TestType] [  482] -  str(1) = 2
[INFO ][2016-01-06 12:36:37,681][com.java.TestType] [  485] - Test case Id is---2
[INFO ][2016-01-06 12:36:37,681][com.java.TestType] [  487] - 2
[INFO ][2016-01-06 12:36:37,681][com.java.TestType] [  482] -  str(2) = 2
[INFO ][2016-01-06 12:36:37,682][com.java.TestType] [  482] -  str(1) = 2
[INFO ][2016-01-06 12:36:37,682][com.java.TestType] [  485] - Test case Id is---2
[INFO ][2016-01-06 12:36:37,682][com.java.TestType] [  487] - 2
[INFO ][2016-01-06 12:36:37,682][com.java.TestType] [  482] -  str(2) = 3
[INFO ][2016-01-06 12:36:37,683][com.java.TestType] [10609] - Looping 1TCID = 2
[DEBUG][2016-01-06 12:36:37,683][com.java.TestType] [10650] - Concept ID:2 :: Step being Executed: 2::1
[INFO ][2016-01-06 12:36:37,683][com.java.TestType] [10688] - dataFields : BNK//select[@id='bank']
[DEBUG][2016-01-06 12:36:37,683][com.java.TestType] [10694] - <In Set values of the page>
[DEBUG][2016-01-06 12:36:37,683][com.java.TestType] [10699] - {Data Fields & Data Values Exist}
[INFO ][2016-01-06 12:36:37,683][com.java.TestType] [10705] - --------------------------setting values-----------------------------
[INFO ][2016-01-06 12:36:37,684][com.java.TestType] [10708] - Action Type : Select
[INFO ][2016-01-06 12:36:37,684][com.java.TestType] [ 5705] - value = PFC
[INFO ][2016-01-06 12:36:38,095][com.java.TestType] [10727] -  RESULT true
[INFO ][2016-01-06 12:36:38,095][com.java.TestType] [10844] - ?   P A S S   ?
[DEBUG][2016-01-06 12:36:38,095][com.java.TestType] [10650] - Concept ID:2 :: Step being Executed: 2::2
[INFO ][2016-01-06 12:36:38,095][com.java.TestType] [10688] - dataFields : LNKLogout
[DEBUG][2016-01-06 12:36:38,095][com.java.TestType] [10694] - <In Set values of the page>
[DEBUG][2016-01-06 12:36:38,095][com.java.TestType] [10699] - {Data Fields & Data Values Exist}
[INFO ][2016-01-06 12:36:38,095][com.java.TestType] [10705] - --------------------------setting values-----------------------------
[INFO ][2016-01-06 12:36:38,095][com.java.TestType] [10708] - Action Type : WaitTime
[DEBUG][2016-01-06 12:36:38,096][com.java.TestType] [ 5525] - sleepTime: 5000
[INFO ][2016-01-06 12:36:43,096][com.java.TestType] [10727] -  RESULT true
[INFO ][2016-01-06 12:36:43,096][com.java.TestType] [10844] - ?   P A S S   ?
[INFO ][2016-01-06 12:36:43,096][com.java.TestType] [10915] - Looping End......
[INFO ][2016-01-06 12:36:43,099][com.java.SeleniumDriver] [  906] -  RESULT true
[INFO ][2016-01-06 12:36:43,099][com.java.SeleniumDriver] [ 1112] - ?   P A S S   ?
[INFO ][2016-01-06 12:36:43,100][com.java.SeleniumDriver] [  832] - ------------------------------------------
[INFO ][2016-01-06 12:36:43,100][com.java.SeleniumDriver] [  833] - Test case being Executed: 1
[INFO ][2016-01-06 12:36:43,100][com.java.SeleniumDriver] [  845] - Test step:3
[INFO ][2016-01-06 12:36:43,100][com.java.SeleniumDriver] [  857] - Datavalue is----------2
[INFO ][2016-01-06 12:36:43,100][com.java.SeleniumDriver] [  881] - DataField : XPH//button[contains(text(),'Add Content')]
[INFO ][2016-01-06 12:36:43,100][com.java.SeleniumDriver] [  883] - DataValue : 2
[INFO ][2016-01-06 12:36:43,100][com.java.SeleniumDriver] [  889] - <In Set values of the page>
[INFO ][2016-01-06 12:36:43,100][com.java.SeleniumDriver] [  892] - {Data Fields & Data Values Exist}
[INFO ][2016-01-06 12:36:43,100][com.java.SeleniumDriver] [  894] - --------------------------setting values-----------------------------
[INFO ][2016-01-06 12:36:43,100][com.java.SeleniumDriver] [  897] - Action Type : WAITFORELEMENT
[INFO ][2016-01-06 12:36:43,187][com.java.SeleniumDriver] [  906] -  RESULT true
[INFO ][2016-01-06 12:36:43,187][com.java.SeleniumDriver] [ 1112] - ?   P A S S   ?
[DEBUG][2016-01-06 12:36:43,187][com.java.SeleniumDriver] [ 1224] - Case found
[DEBUG][2016-01-06 12:36:43,187][com.java.SeleniumDriver] [ 1229] - Incrementing ReportCounters[0]:1
[INFO ][2016-01-06 12:36:43,187][com.java.SeleniumDriver] [ 1248] - The results are-------------------[1, 1, Valid Login, Pass, , Wed Jan 06 12:36:37 IST 2016, 1, 2, Valid Login, Pass, , Wed Jan 06 12:36:43 IST 2016, 1, 3, Valid Login, Pass, , Wed Jan 06 12:36:43 IST 2016]
[INFO ][2016-01-06 12:36:43,188][com.java.SeleniumDriver] [ 1252] - End time is-------36 sec
[INFO ][2016-01-06 12:36:43,188][com.java.SeleniumDriver] [ 1253] - The results are-------------------[1, 1, Valid Login, Pass, , Wed Jan 06 12:36:37 IST 2016, 1, 2, Valid Login, Pass, , Wed Jan 06 12:36:43 IST 2016, 1, 3, Valid Login, Pass, , Wed Jan 06 12:36:43 IST 2016]
[DEBUG][2016-01-06 12:36:43,188][com.java.ImportnExport.ExportTestResultsExcel] [  222] - testResultPath = D:\BankersDashboard/TestReports/Test Results_BankersDashBoard_010616_123608_IE10_United Bank.xls
[DEBUG][2016-01-06 12:36:43,188][com.java.ImportnExport.ExportTestResultsExcel] [  223] - browser is------------IE10
[DEBUG][2016-01-06 12:36:43,235][com.java.ImportnExport.ExportTestResultsExcel] [  270] - result.size() = 18
[DEBUG][2016-01-06 12:36:43,235][com.java.ImportnExport.ExportTestResultsExcel] [  274] - No of rows in sheet=1
[DEBUG][2016-01-06 12:36:43,236][com.java.ImportnExport.ExportTestResultsExcel] [  301] - ..in export..1
[DEBUG][2016-01-06 12:36:43,236][com.java.ImportnExport.ExportTestResultsExcel] [  301] - ..in export..Valid Login
[DEBUG][2016-01-06 12:36:43,236][com.java.ImportnExport.ExportTestResultsExcel] [  301] - ..in export..Pass
[DEBUG][2016-01-06 12:36:43,236][com.java.ImportnExport.ExportTestResultsExcel] [  301] - ..in export..
[DEBUG][2016-01-06 12:36:43,236][com.java.ImportnExport.ExportTestResultsExcel] [  301] - ..in export..Wed Jan 06 12:36:37 IST 2016
[INFO ][2016-01-06 12:36:43,238][com.java.SeleniumDriver] [ 1313] - out loop:0 size:2 TestCases:[1, 6] testcases:[1, 6]
[INFO ][2016-01-06 12:36:43,238][com.java.ImportnExport.ImportTestDataDetailsExcel] [   49] - test data details path===== D:\BankersDashboard\TestInputs\TestData.xls
[INFO ][2016-01-06 12:37:13,961][com.java.SeleniumDriver] [  832] - ------------------------------------------
[INFO ][2016-01-06 12:37:13,961][com.java.SeleniumDriver] [  833] - Test case being Executed: 6
[INFO ][2016-01-06 12:37:13,961][com.java.SeleniumDriver] [  845] - Test step:1
[INFO ][2016-01-06 12:37:13,961][com.java.SeleniumDriver] [  857] - Datavalue is----------5
[INFO ][2016-01-06 12:37:13,961][com.java.SeleniumDriver] [  881] - DataField : LNKLogout
[INFO ][2016-01-06 12:37:13,961][com.java.SeleniumDriver] [  883] - DataValue : 5
[INFO ][2016-01-06 12:37:13,961][com.java.SeleniumDriver] [  889] - <In Set values of the page>
[INFO ][2016-01-06 12:37:13,961][com.java.SeleniumDriver] [  892] - {Data Fields & Data Values Exist}
[INFO ][2016-01-06 12:37:13,961][com.java.SeleniumDriver] [  894] - --------------------------setting values-----------------------------
[INFO ][2016-01-06 12:37:13,961][com.java.SeleniumDriver] [  897] - Action Type : WaitForElement
[INFO ][2016-01-06 12:37:14,009][com.java.SeleniumDriver] [  906] -  RESULT true
[INFO ][2016-01-06 12:37:14,010][com.java.SeleniumDriver] [ 1112] - ?   P A S S   ?
[INFO ][2016-01-06 12:37:14,010][com.java.SeleniumDriver] [ 1154] - step change to 3
[INFO ][2016-01-06 12:37:14,013][com.java.SeleniumDriver] [  832] - ------------------------------------------
[INFO ][2016-01-06 12:37:14,013][com.java.SeleniumDriver] [  833] - Test case being Executed: 6
[INFO ][2016-01-06 12:37:14,013][com.java.SeleniumDriver] [  845] - Test step:3
[INFO ][2016-01-06 12:37:14,013][com.java.SeleniumDriver] [  857] - Datavalue is----------Concept#2:1-2
[INFO ][2016-01-06 12:37:14,013][com.java.SeleniumDriver] [  881] - DataField : test
[INFO ][2016-01-06 12:37:14,013][com.java.SeleniumDriver] [  883] - DataValue : Concept#2:1-2
[INFO ][2016-01-06 12:37:14,013][com.java.SeleniumDriver] [  889] - <In Set values of the page>
[INFO ][2016-01-06 12:37:14,013][com.java.SeleniumDriver] [  892] - {Data Fields & Data Values Exist}
[INFO ][2016-01-06 12:37:14,013][com.java.SeleniumDriver] [  894] - --------------------------setting values-----------------------------
[INFO ][2016-01-06 12:37:14,013][com.java.SeleniumDriver] [  897] - Action Type : ExecuteTestCase
[INFO ][2016-01-06 12:37:14,014][com.java.TestType] [  437] - The Concept sheet name is ---------- Concept
[INFO ][2016-01-06 12:37:14,014][com.java.TestType] [  440] - The Concept ID  is ---------- 2
[DEBUG][2016-01-06 12:37:14,014][com.java.TestType] [  444] - Steps being executted in the Concept are: 1:2
[INFO ][2016-01-06 12:37:14,014][com.java.TestType] [  451] - Test data details path ---------- D:\BankersDashboard\TestInputs\TestData.xls
[INFO ][2016-01-06 12:37:14,042][com.java.TestType] [  482] -  str(1) = 2
[INFO ][2016-01-06 12:37:14,042][com.java.TestType] [  485] - Test case Id is---2
[INFO ][2016-01-06 12:37:14,042][com.java.TestType] [  487] - 2
[INFO ][2016-01-06 12:37:14,042][com.java.TestType] [  482] -  str(2) = 1
[INFO ][2016-01-06 12:37:14,043][com.java.TestType] [  482] -  str(1) = 2
[INFO ][2016-01-06 12:37:14,043][com.java.TestType] [  485] - Test case Id is---2
[INFO ][2016-01-06 12:37:14,044][com.java.TestType] [  487] - 2
[INFO ][2016-01-06 12:37:14,044][com.java.TestType] [  482] -  str(2) = 2
[INFO ][2016-01-06 12:37:14,044][com.java.TestType] [  482] -  str(1) = 2
[INFO ][2016-01-06 12:37:14,044][com.java.TestType] [  485] - Test case Id is---2
[INFO ][2016-01-06 12:37:14,044][com.java.TestType] [  487] - 2
[INFO ][2016-01-06 12:37:14,044][com.java.TestType] [  482] -  str(2) = 3
[INFO ][2016-01-06 12:37:14,045][com.java.TestType] [10609] - Looping 1TCID = 2
[DEBUG][2016-01-06 12:37:14,045][com.java.TestType] [10650] - Concept ID:2 :: Step being Executed: 2::1
[INFO ][2016-01-06 12:37:14,046][com.java.TestType] [10688] - dataFields : BNK//select[@id='bank']
[DEBUG][2016-01-06 12:37:14,046][com.java.TestType] [10694] - <In Set values of the page>
[DEBUG][2016-01-06 12:37:14,046][com.java.TestType] [10699] - {Data Fields & Data Values Exist}
[INFO ][2016-01-06 12:37:14,046][com.java.TestType] [10705] - --------------------------setting values-----------------------------
[INFO ][2016-01-06 12:37:14,046][com.java.TestType] [10708] - Action Type : Select
[INFO ][2016-01-06 12:37:14,046][com.java.TestType] [ 5705] - value = PFC
[INFO ][2016-01-06 12:37:14,263][com.java.TestType] [10727] -  RESULT true
[INFO ][2016-01-06 12:37:14,263][com.java.TestType] [10844] - ?   P A S S   ?
[DEBUG][2016-01-06 12:37:14,263][com.java.TestType] [10650] - Concept ID:2 :: Step being Executed: 2::2
[INFO ][2016-01-06 12:37:14,263][com.java.TestType] [10688] - dataFields : LNKLogout
[DEBUG][2016-01-06 12:37:14,263][com.java.TestType] [10694] - <In Set values of the page>
[DEBUG][2016-01-06 12:37:14,263][com.java.TestType] [10699] - {Data Fields & Data Values Exist}
[INFO ][2016-01-06 12:37:14,264][com.java.TestType] [10705] - --------------------------setting values-----------------------------
[INFO ][2016-01-06 12:37:14,264][com.java.TestType] [10708] - Action Type : WaitTime
[DEBUG][2016-01-06 12:37:14,264][com.java.TestType] [ 5525] - sleepTime: 5000
[INFO ][2016-01-06 12:37:19,264][com.java.TestType] [10727] -  RESULT true
[INFO ][2016-01-06 12:37:19,264][com.java.TestType] [10844] - ?   P A S S   ?
[INFO ][2016-01-06 12:37:19,264][com.java.TestType] [10915] - Looping End......
[INFO ][2016-01-06 12:37:19,267][com.java.SeleniumDriver] [  906] -  RESULT true
[INFO ][2016-01-06 12:37:19,267][com.java.SeleniumDriver] [ 1112] - ?   P A S S   ?
[INFO ][2016-01-06 12:37:19,267][com.java.SeleniumDriver] [  832] - ------------------------------------------
[INFO ][2016-01-06 12:37:19,268][com.java.SeleniumDriver] [  833] - Test case being Executed: 6
[INFO ][2016-01-06 12:37:19,268][com.java.SeleniumDriver] [  845] - Test step:4
[INFO ][2016-01-06 12:37:19,268][com.java.SeleniumDriver] [  857] - Datavalue is----------null
[DEBUG][2016-01-06 12:37:19,268][com.java.SeleniumDriver] [  875] - Exception: null
[INFO ][2016-01-06 12:37:19,268][com.java.SeleniumDriver] [  881] - DataField : //span[@class='icon-user4']&&//ul[@id='Admin']/li[2]/a&&//ul[@id="GLMapping"]//li[@data-id="ProfitCenters"]
[INFO ][2016-01-06 12:37:19,268][com.java.SeleniumDriver] [  883] - DataValue : 
[INFO ][2016-01-06 12:37:19,268][com.java.SeleniumDriver] [  889] - <In Set values of the page>
[INFO ][2016-01-06 12:37:19,268][com.java.SeleniumDriver] [  892] - {Data Fields & Data Values Exist}
[INFO ][2016-01-06 12:37:19,268][com.java.SeleniumDriver] [  894] - --------------------------setting values-----------------------------
[INFO ][2016-01-06 12:37:19,268][com.java.SeleniumDriver] [  897] - Action Type : mouseover
[INFO ][2016-01-06 12:37:46,742][com.java.SeleniumDriver] [  906] -  RESULT true
[INFO ][2016-01-06 12:37:46,742][com.java.SeleniumDriver] [ 1112] - ?   P A S S   ?
[INFO ][2016-01-06 12:37:46,742][com.java.SeleniumDriver] [  832] - ------------------------------------------
[INFO ][2016-01-06 12:37:46,742][com.java.SeleniumDriver] [  833] - Test case being Executed: 6
[INFO ][2016-01-06 12:37:46,742][com.java.SeleniumDriver] [  845] - Test step:5
[INFO ][2016-01-06 12:37:46,742][com.java.SeleniumDriver] [  857] - Datavalue is----------5
[INFO ][2016-01-06 12:37:46,742][com.java.SeleniumDriver] [  881] - DataField : XPH//iframe[@class='frameTabContent']
[INFO ][2016-01-06 12:37:46,742][com.java.SeleniumDriver] [  883] - DataValue : 5
[INFO ][2016-01-06 12:37:46,742][com.java.SeleniumDriver] [  889] - <In Set values of the page>
[INFO ][2016-01-06 12:37:46,742][com.java.SeleniumDriver] [  892] - {Data Fields & Data Values Exist}
[INFO ][2016-01-06 12:37:46,742][com.java.SeleniumDriver] [  894] - --------------------------setting values-----------------------------
[INFO ][2016-01-06 12:37:46,742][com.java.SeleniumDriver] [  897] - Action Type : waitforelement
[INFO ][2016-01-06 12:38:11,147][com.java.SeleniumDriver] [  906] -  RESULT true
[INFO ][2016-01-06 12:38:11,147][com.java.SeleniumDriver] [ 1112] - ?   P A S S   ?
[INFO ][2016-01-06 12:38:11,147][com.java.SeleniumDriver] [  832] - ------------------------------------------
[INFO ][2016-01-06 12:38:11,148][com.java.SeleniumDriver] [  833] - Test case being Executed: 6
[INFO ][2016-01-06 12:38:11,148][com.java.SeleniumDriver] [  845] - Test step:6
[INFO ][2016-01-06 12:38:11,148][com.java.SeleniumDriver] [  857] - Datavalue is----------null
[DEBUG][2016-01-06 12:38:11,148][com.java.SeleniumDriver] [  875] - Exception: null
[INFO ][2016-01-06 12:38:11,148][com.java.SeleniumDriver] [  881] - DataField : BTN//iframe[@class='frameTabContent']
[INFO ][2016-01-06 12:38:11,148][com.java.SeleniumDriver] [  883] - DataValue : 
[INFO ][2016-01-06 12:38:11,148][com.java.SeleniumDriver] [  889] - <In Set values of the page>
[INFO ][2016-01-06 12:38:11,148][com.java.SeleniumDriver] [  892] - {Data Fields & Data Values Exist}
[INFO ][2016-01-06 12:38:11,148][com.java.SeleniumDriver] [  894] - --------------------------setting values-----------------------------
[INFO ][2016-01-06 12:38:11,148][com.java.SeleniumDriver] [  897] - Action Type : SELECTFRAME
[INFO ][2016-01-06 12:38:11,249][com.java.SeleniumDriver] [  906] -  RESULT true
[INFO ][2016-01-06 12:38:11,249][com.java.SeleniumDriver] [ 1112] - ?   P A S S   ?
[INFO ][2016-01-06 12:38:11,249][com.java.SeleniumDriver] [  832] - ------------------------------------------
[INFO ][2016-01-06 12:38:11,249][com.java.SeleniumDriver] [  833] - Test case being Executed: 6
[INFO ][2016-01-06 12:38:11,249][com.java.SeleniumDriver] [  845] - Test step:7
[INFO ][2016-01-06 12:38:11,249][com.java.SeleniumDriver] [  857] - Datavalue is----------Manage Profit Centers and Regions 
[INFO ][2016-01-06 12:38:11,249][com.java.SeleniumDriver] [  881] - DataField : MSG
[INFO ][2016-01-06 12:38:11,249][com.java.SeleniumDriver] [  883] - DataValue : Manage Profit Centers and Regions 
[INFO ][2016-01-06 12:38:11,250][com.java.SeleniumDriver] [  889] - <In Set values of the page>
[INFO ][2016-01-06 12:38:11,250][com.java.SeleniumDriver] [  892] - {Data Fields & Data Values Exist}
[INFO ][2016-01-06 12:38:11,250][com.java.SeleniumDriver] [  894] - --------------------------setting values-----------------------------
[INFO ][2016-01-06 12:38:11,250][com.java.SeleniumDriver] [  897] - Action Type : VERIFY
[INFO ][2016-01-06 12:38:11,250][com.java.TestType] [ 7081] - field= MSG value= Manage Profit Centers and Regions 
[INFO ][2016-01-06 12:38:11,250][com.java.TestType] [ 5705] - value = Manage Profit Centers and Regions 
[DEBUG][2016-01-06 12:38:11,250][com.java.TestType] [ 7902] - value :: Manage Profit Centers and Regions 
[ERROR][2016-01-06 12:38:11,266][com.java.TestType] [ 7907] - Assertion Error: 
[INFO ][2016-01-06 12:38:11,266][com.java.SeleniumDriver] [  906] -  RESULT false
[INFO ][2016-01-06 12:38:11,266][com.java.SeleniumDriver] [  953] - ?   F A I L   ?
[INFO ][2016-01-06 12:38:11,266][com.java.SeleniumDriver] [  961] - Browser Type : IE10
[INFO ][2016-01-06 12:38:11,266][com.java.SeleniumDriver] [  962] - Adding Failed case6
[INFO ][2016-01-06 12:38:11,293][com.java.SeleniumDriver] [ 1076] - failedCases = 6
[ERROR][2016-01-06 12:38:11,293][com.java.SeleniumDriver] [ 1575] - Platform Errors : Our apologies...::We have encountered an issue with your request.::Our apologies?:We encountered an issue with your request.
[INFO ][2016-01-06 12:38:11,293][com.java.SeleniumDriver] [ 1579] - Length =3
[ERROR][2016-01-06 12:38:11,293][com.java.SeleniumDriver] [ 1582] - Error 0 = Our apologies...
[ERROR][2016-01-06 12:38:11,309][com.java.SeleniumDriver] [ 1582] - Error 1 = We have encountered an issue with your request.
[ERROR][2016-01-06 12:38:11,325][com.java.SeleniumDriver] [ 1582] - Error 2 = Our apologies?:We encountered an issue with your request.
[INFO ][2016-01-06 12:38:11,340][com.java.SeleniumDriver] [ 1593] - strError:
[DEBUG][2016-01-06 12:38:11,355][com.java.SeleniumDriver] [ 1224] - Case found
[DEBUG][2016-01-06 12:38:11,355][com.java.SeleniumDriver] [ 1229] - Incrementing ReportCounters[0]:2
[INFO ][2016-01-06 12:38:11,355][com.java.SeleniumDriver] [ 1248] - The results are-------------------[6, 7, Admin: GL Mapping: Profit Centers: GL Regions Newly added Regions show up in report lists, Fail, 
Test case failed at Step No. :: 7   Error Message ::  . Screen Shot : D:\BankersDashboard\TestReports\010616\6_010616_123811_IE10.png, Wed Jan 06 12:38:11 IST 2016]
[INFO ][2016-01-06 12:38:11,355][com.java.SeleniumDriver] [ 1252] - End time is-------2 min 4 sec
[INFO ][2016-01-06 12:38:11,355][com.java.SeleniumDriver] [ 1253] - The results are-------------------[6, 7, Admin: GL Mapping: Profit Centers: GL Regions Newly added Regions show up in report lists, Fail, 
Test case failed at Step No. :: 7   Error Message ::  . Screen Shot : D:\BankersDashboard\TestReports\010616\6_010616_123811_IE10.png, Wed Jan 06 12:38:11 IST 2016]
[DEBUG][2016-01-06 12:38:11,355][com.java.ImportnExport.ExportTestResultsExcel] [  222] - testResultPath = D:\BankersDashboard/TestReports/Test Results_BankersDashBoard_010616_123608_IE10_United Bank.xls
[DEBUG][2016-01-06 12:38:11,355][com.java.ImportnExport.ExportTestResultsExcel] [  223] - browser is------------IE10
[DEBUG][2016-01-06 12:38:11,358][com.java.ImportnExport.ExportTestResultsExcel] [  270] - result.size() = 6
[DEBUG][2016-01-06 12:38:11,358][com.java.ImportnExport.ExportTestResultsExcel] [  274] - No of rows in sheet=2
[DEBUG][2016-01-06 12:38:11,358][com.java.ImportnExport.ExportTestResultsExcel] [  301] - ..in export..6
[DEBUG][2016-01-06 12:38:11,358][com.java.ImportnExport.ExportTestResultsExcel] [  301] - ..in export..Admin: GL Mapping: Profit Centers: GL Regions Newly added Regions show up in report lists
[DEBUG][2016-01-06 12:38:11,358][com.java.ImportnExport.ExportTestResultsExcel] [  301] - ..in export..Fail
[DEBUG][2016-01-06 12:38:11,358][com.java.ImportnExport.ExportTestResultsExcel] [  301] - ..in export..
Test case failed at Step No. :: 7   Error Message ::  . Screen Shot : D:\BankersDashboard\TestReports\010616\6_010616_123811_IE10.png
[DEBUG][2016-01-06 12:38:11,358][com.java.ImportnExport.ExportTestResultsExcel] [  301] - ..in export..Wed Jan 06 12:38:11 IST 2016
[INFO ][2016-01-06 12:38:11,359][com.java.SeleniumDriver] [ 1313] - out loop:1 size:2 TestCases:[1, 6] testcases:[1, 6]
[INFO ][2016-01-06 12:38:13,360][com.java.SeleniumDriver] [ 1356] - Total Number of Cases:2
[INFO ][2016-01-06 12:38:13,360][com.java.TemplateGenerator] [  302] - Executed:2
[INFO ][2016-01-06 12:38:13,360][com.java.TemplateGenerator] [  303] - Passed:1
[INFO ][2016-01-06 12:38:13,360][com.java.TemplateGenerator] [  304] - Failed:1
[INFO ][2016-01-06 12:38:13,360][com.java.TemplateGenerator] [  305] - Skipeed:0
[INFO ][2016-01-06 12:38:13,360][com.java.TemplateGenerator] [  306] - Application URL:https://clients-xuat.bankersdashboard.com
[INFO ][2016-01-06 12:38:13,360][com.java.TemplateGenerator] [  307] - Start Time:010616_123608
[INFO ][2016-01-06 12:38:13,360][com.java.TemplateGenerator] [  308] -  Creating HTML Report 
[ERROR][2016-01-06 12:38:13,361][com.java.TemplateGenerator] [  409] - Unparseable date: "Wed Jan 06 12:36:08 IST 2016"
[INFO ][2016-01-06 12:38:13,361][com.java.TemplateGenerator] [  654] -  Exporting case :: 1
[INFO ][2016-01-06 12:38:13,361][com.java.TemplateGenerator] [  654] -  Exporting case :: 6
[INFO ][2016-01-06 12:38:13,366][com.java.SeleniumDriver] [ 1405] - End Time:010616_123813
[INFO ][2016-01-06 12:38:13,366][com.java.SeleniumDriver] [ 1408] - Data in Test Execution Details:{1=PASS, 6=FAILTest case failed at Step No. :: 7   Error Message ::  }
[INFO ][2016-01-06 12:38:13,366][com.java.SeleniumDriver] [ 1409] - Data in Failed Execution Deatils:{}
[INFO ][2016-01-06 12:38:13,366][com.java.SeleniumDriver] [ 1411] - ReportCounter:Total:2 :: PASS: 1 ::FAIL: 1
[INFO ][2016-01-06 12:38:13,366][com.java.SeleniumDriver] [ 1412] - FailedReportCounter:Total:0 :: PASS: 0 ::FAIL: 0
[INFO ][2016-01-06 12:38:13,374][com.java.EmailTestReport] [   63] - Sending report mail details:
[INFO ][2016-01-06 12:38:13,375][com.java.EmailTestReport] [   80] - Excel Report Path:D:\BankersDashboard/TestReports/Test Results_BankersDashBoard_010616_123608_IE10_United Bank.xls
[INFO ][2016-01-06 12:38:13,375][com.java.EmailTestReport] [   81] - HTML Report Path:D:\BankersDashboard//TestReports//Test Results_BankersDashBoard_010616_123608_IE10_United Bank.html
[INFO ][2016-01-06 12:38:13,375][com.java.EmailTestReport] [   82] - smtpHostName:mail01.valuelabs.com
[INFO ][2016-01-06 12:38:13,375][com.java.EmailTestReport] [   83] - Recipient:venkateswararao.gubbala@valuelabs.com;
[INFO ][2016-01-06 12:38:13,375][com.java.EmailTestReport] [   84] - From:venkateswararao.gubbala@valuelabs.com;
[INFO ][2016-01-06 12:38:13,375][com.java.EmailTestReport] [   85] - Subject:Deluxe Corp Bankers Dashboard Automation Test Report - United Bank - IE10
[INFO ][2016-01-06 12:38:13,391][com.java.EmailTestReport] [  143] -  Added venkateswararao.gubbala@valuelabs.com
[INFO ][2016-01-06 12:38:16,512][com.java.SeleniumDriver] [  722] - quitting the browser 
[INFO ][2016-01-06 12:38:17,932][com.java.SeleniumDriver] [  264] - Execution Completed Stopping the thread
