[INFO ][2015-10-30 16:39:36,187][com.java.SeleniumDriver] [  213] - Execute Failed Casesfalse
[INFO ][2015-10-30 16:39:36,187][com.java.SeleniumDriver] [  214] - Browser: IE11
[INFO ][2015-10-30 16:39:36,187][com.java.SeleniumDriver] [  215] - [1, 14]
[INFO ][2015-10-30 16:39:36,187][com.java.SeleniumDriver] [  216] - Total TestCases:2
[INFO ][2015-10-30 16:39:36,187][com.java.SeleniumDriver] [  217] -  Reading Properties from Property File 
[DEBUG][2015-10-30 16:39:36,187][com.java.SeleniumDriver] [  238] - url : https://clients-xuat.bankersdashboard.com
[INFO ][2015-10-30 16:39:36,187][com.java.ImportnExport.ExportTestResultsExcel] [  116] - Time Stamp Fri Oct 30 04:39:36 IST 2015
[INFO ][2015-10-30 16:39:36,187][com.java.ImportnExport.ExportTestResultsExcel] [  175] - OUT FILE : D:\BankersDashboard/TestReports/Test Results_BankersDashBoard_103015_163936_IE11_Any Bank USA.xls
[INFO ][2015-10-30 16:39:36,208][com.java.ImportnExport.ExportTestResultsExcel] [  180] - Test Result file is created
[DEBUG][2015-10-30 16:39:36,308][com.java.SeleniumDriver] [  425] - Hub ip address is-------172.17.68.34
[INFO ][2015-10-30 16:39:36,308][com.java.SeleniumDriver] [  451] - Grid URL:http://172.17.68.34:4444/wd/hub
[INFO ][2015-10-30 16:39:36,308][com.java.SeleniumDriver] [  452] - Capability:Capabilities [{platform=ANY, ensureCleanSession=true, ignoreProtectedModeSettings=true, acceptSslCerts=true, ignoreZoomSetting=true, browserName=internet explorer, browserstack.ie.noFlash=true, version=Node1}]
[ERROR][2015-10-30 16:39:37,598][com.java.SeleniumDriver] [  496] - Unable invoke browser in grid:Could not start a new session. Possible causes are invalid address of the remote server or browser start-up failure.
Build info: version: '2.48.2', revision: '41bccdd', time: '2015-10-09 19:59:12'
System info: host: 'FVTIII438F1D', ip: '172.17.68.34', os.name: 'Windows 7', os.arch: 'x86', os.version: '6.1', java.version: '1.7.0_55'
Driver info: driver.version: SeleniumDriver
[INFO ][2015-10-30 16:39:37,598][com.java.SeleniumDriver] [  498] - Executing on local machine
[INFO ][2015-10-30 16:39:46,659][com.java.SeleniumDriver] [  248] - IE11is opened
[INFO ][2015-10-30 16:39:47,287][com.java.SeleniumDriver] [  752] - Test cases to be executed are: [1, 14]
[INFO ][2015-10-30 16:39:47,287][com.java.ImportnExport.ImportTestDataDetailsExcel] [   49] - test data details path===== D:\BankersDashboard\TestInputs\TestData.xls
[INFO ][2015-10-30 16:39:58,053][com.java.SeleniumDriver] [  788] - ------------------------------------------
[INFO ][2015-10-30 16:39:58,053][com.java.SeleniumDriver] [  789] - Test case being Executed: 1
[INFO ][2015-10-30 16:39:58,054][com.java.SeleniumDriver] [  800] - Test step:1
[INFO ][2015-10-30 16:39:58,054][com.java.SeleniumDriver] [  812] - Datavalue is----------Concept#1:1-14
[INFO ][2015-10-30 16:39:58,054][com.java.SeleniumDriver] [  836] - DataField : test
[INFO ][2015-10-30 16:39:58,054][com.java.SeleniumDriver] [  838] - DataValue : Concept#1:1-14
[INFO ][2015-10-30 16:39:58,054][com.java.SeleniumDriver] [  844] - <In Set values of the page>
[INFO ][2015-10-30 16:39:58,054][com.java.SeleniumDriver] [  847] - {Data Fields & Data Values Exist}
[INFO ][2015-10-30 16:39:58,054][com.java.SeleniumDriver] [  849] - --------------------------setting values-----------------------------
[INFO ][2015-10-30 16:39:58,054][com.java.SeleniumDriver] [  852] - Action Type : ExecuteTestCase
[INFO ][2015-10-30 16:39:58,084][com.java.TestType] [  411] - The Concept sheet name is ---------- Concept
[INFO ][2015-10-30 16:39:58,084][com.java.TestType] [  414] - The Concept ID  is ---------- 1
[DEBUG][2015-10-30 16:39:58,084][com.java.TestType] [  418] - Steps being executted in the Concept are: 1:14
[INFO ][2015-10-30 16:39:58,084][com.java.TestType] [  425] - Test data details path ---------- D:\BankersDashboard\TestInputs\TestData.xls
[INFO ][2015-10-30 16:39:58,114][com.java.TestType] [  456] -  str(1) = 1
[INFO ][2015-10-30 16:39:58,114][com.java.TestType] [  459] - Test case Id is---1
[INFO ][2015-10-30 16:39:58,114][com.java.TestType] [  461] - 1
[INFO ][2015-10-30 16:39:58,114][com.java.TestType] [  456] -  str(2) = 1
[INFO ][2015-10-30 16:39:58,124][com.java.TestType] [  508] - row values are--------{1=com.java.Objects.TestDataDetails@4336ff}
[INFO ][2015-10-30 16:39:58,124][com.java.TestType] [  456] -  str(1) = 1
[INFO ][2015-10-30 16:39:58,124][com.java.TestType] [  459] - Test case Id is---1
[INFO ][2015-10-30 16:39:58,124][com.java.TestType] [  461] - 1
[INFO ][2015-10-30 16:39:58,124][com.java.TestType] [  456] -  str(2) = 2
[INFO ][2015-10-30 16:39:58,124][com.java.TestType] [  508] - row values are--------{1=com.java.Objects.TestDataDetails@4336ff, 2=com.java.Objects.TestDataDetails@185c219}
[INFO ][2015-10-30 16:39:58,124][com.java.TestType] [  456] -  str(1) = 1
[INFO ][2015-10-30 16:39:58,124][com.java.TestType] [  459] - Test case Id is---1
[INFO ][2015-10-30 16:39:58,124][com.java.TestType] [  461] - 1
[INFO ][2015-10-30 16:39:58,124][com.java.TestType] [  456] -  str(2) = 3
[INFO ][2015-10-30 16:39:58,124][com.java.TestType] [  508] - row values are--------{1=com.java.Objects.TestDataDetails@4336ff, 2=com.java.Objects.TestDataDetails@185c219, 3=com.java.Objects.TestDataDetails@a53ba0}
[INFO ][2015-10-30 16:39:58,124][com.java.TestType] [  456] -  str(1) = 1
[INFO ][2015-10-30 16:39:58,124][com.java.TestType] [  459] - Test case Id is---1
[INFO ][2015-10-30 16:39:58,124][com.java.TestType] [  461] - 1
[INFO ][2015-10-30 16:39:58,124][com.java.TestType] [  456] -  str(2) = 4
[INFO ][2015-10-30 16:39:58,124][com.java.TestType] [  508] - row values are--------{1=com.java.Objects.TestDataDetails@4336ff, 2=com.java.Objects.TestDataDetails@185c219, 3=com.java.Objects.TestDataDetails@a53ba0, 4=com.java.Objects.TestDataDetails@19de6c}
[INFO ][2015-10-30 16:39:58,124][com.java.TestType] [  456] -  str(1) = 1
[INFO ][2015-10-30 16:39:58,124][com.java.TestType] [  459] - Test case Id is---1
[INFO ][2015-10-30 16:39:58,124][com.java.TestType] [  461] - 1
[INFO ][2015-10-30 16:39:58,124][com.java.TestType] [  456] -  str(2) = 5
[INFO ][2015-10-30 16:39:58,124][com.java.TestType] [  508] - row values are--------{1=com.java.Objects.TestDataDetails@4336ff, 2=com.java.Objects.TestDataDetails@185c219, 3=com.java.Objects.TestDataDetails@a53ba0, 4=com.java.Objects.TestDataDetails@19de6c, 5=com.java.Objects.TestDataDetails@168e0e7}
[INFO ][2015-10-30 16:39:58,124][com.java.TestType] [  456] -  str(1) = 1
[INFO ][2015-10-30 16:39:58,124][com.java.TestType] [  459] - Test case Id is---1
[INFO ][2015-10-30 16:39:58,124][com.java.TestType] [  461] - 1
[INFO ][2015-10-30 16:39:58,124][com.java.TestType] [  456] -  str(2) = 6
[INFO ][2015-10-30 16:39:58,134][com.java.TestType] [  508] - row values are--------{1=com.java.Objects.TestDataDetails@4336ff, 2=com.java.Objects.TestDataDetails@185c219, 3=com.java.Objects.TestDataDetails@a53ba0, 4=com.java.Objects.TestDataDetails@19de6c, 5=com.java.Objects.TestDataDetails@168e0e7, 6=com.java.Objects.TestDataDetails@c42e5a}
[INFO ][2015-10-30 16:39:58,134][com.java.TestType] [  456] -  str(1) = 1
[INFO ][2015-10-30 16:39:58,134][com.java.TestType] [  459] - Test case Id is---1
[INFO ][2015-10-30 16:39:58,134][com.java.TestType] [  461] - 1
[INFO ][2015-10-30 16:39:58,134][com.java.TestType] [  456] -  str(2) = 7
[INFO ][2015-10-30 16:39:58,134][com.java.TestType] [  508] - row values are--------{1=com.java.Objects.TestDataDetails@4336ff, 2=com.java.Objects.TestDataDetails@185c219, 3=com.java.Objects.TestDataDetails@a53ba0, 4=com.java.Objects.TestDataDetails@19de6c, 5=com.java.Objects.TestDataDetails@168e0e7, 6=com.java.Objects.TestDataDetails@c42e5a, 7=com.java.Objects.TestDataDetails@9a8e52}
[INFO ][2015-10-30 16:39:58,134][com.java.TestType] [  456] -  str(1) = 1
[INFO ][2015-10-30 16:39:58,134][com.java.TestType] [  459] - Test case Id is---1
[INFO ][2015-10-30 16:39:58,134][com.java.TestType] [  461] - 1
[INFO ][2015-10-30 16:39:58,134][com.java.TestType] [  456] -  str(2) = 8
[INFO ][2015-10-30 16:39:58,134][com.java.TestType] [  508] - row values are--------{1=com.java.Objects.TestDataDetails@4336ff, 2=com.java.Objects.TestDataDetails@185c219, 3=com.java.Objects.TestDataDetails@a53ba0, 4=com.java.Objects.TestDataDetails@19de6c, 5=com.java.Objects.TestDataDetails@168e0e7, 6=com.java.Objects.TestDataDetails@c42e5a, 7=com.java.Objects.TestDataDetails@9a8e52, 8=com.java.Objects.TestDataDetails@170ad95}
[INFO ][2015-10-30 16:39:58,134][com.java.TestType] [  456] -  str(1) = 1
[INFO ][2015-10-30 16:39:58,134][com.java.TestType] [  459] - Test case Id is---1
[INFO ][2015-10-30 16:39:58,134][com.java.TestType] [  461] - 1
[INFO ][2015-10-30 16:39:58,134][com.java.TestType] [  456] -  str(2) = 9
[INFO ][2015-10-30 16:39:58,134][com.java.TestType] [  508] - row values are--------{1=com.java.Objects.TestDataDetails@4336ff, 2=com.java.Objects.TestDataDetails@185c219, 3=com.java.Objects.TestDataDetails@a53ba0, 4=com.java.Objects.TestDataDetails@19de6c, 5=com.java.Objects.TestDataDetails@168e0e7, 6=com.java.Objects.TestDataDetails@c42e5a, 7=com.java.Objects.TestDataDetails@9a8e52, 8=com.java.Objects.TestDataDetails@170ad95, 9=com.java.Objects.TestDataDetails@5dc0a5}
[INFO ][2015-10-30 16:39:58,134][com.java.TestType] [  456] -  str(1) = 1
[INFO ][2015-10-30 16:39:58,134][com.java.TestType] [  459] - Test case Id is---1
[INFO ][2015-10-30 16:39:58,134][com.java.TestType] [  461] - 1
[INFO ][2015-10-30 16:39:58,134][com.java.TestType] [  456] -  str(2) = 10
[INFO ][2015-10-30 16:39:58,134][com.java.TestType] [  508] - row values are--------{1=com.java.Objects.TestDataDetails@4336ff, 2=com.java.Objects.TestDataDetails@185c219, 3=com.java.Objects.TestDataDetails@a53ba0, 4=com.java.Objects.TestDataDetails@19de6c, 5=com.java.Objects.TestDataDetails@168e0e7, 6=com.java.Objects.TestDataDetails@c42e5a, 7=com.java.Objects.TestDataDetails@9a8e52, 8=com.java.Objects.TestDataDetails@170ad95, 9=com.java.Objects.TestDataDetails@5dc0a5, 10=com.java.Objects.TestDataDetails@18778fd}
[INFO ][2015-10-30 16:39:58,134][com.java.TestType] [  456] -  str(1) = 1
[INFO ][2015-10-30 16:39:58,134][com.java.TestType] [  459] - Test case Id is---1
[INFO ][2015-10-30 16:39:58,134][com.java.TestType] [  461] - 1
[INFO ][2015-10-30 16:39:58,134][com.java.TestType] [  456] -  str(2) = 11
[INFO ][2015-10-30 16:39:58,134][com.java.TestType] [  508] - row values are--------{1=com.java.Objects.TestDataDetails@4336ff, 2=com.java.Objects.TestDataDetails@185c219, 3=com.java.Objects.TestDataDetails@a53ba0, 4=com.java.Objects.TestDataDetails@19de6c, 5=com.java.Objects.TestDataDetails@168e0e7, 6=com.java.Objects.TestDataDetails@c42e5a, 7=com.java.Objects.TestDataDetails@9a8e52, 8=com.java.Objects.TestDataDetails@170ad95, 9=com.java.Objects.TestDataDetails@5dc0a5, 10=com.java.Objects.TestDataDetails@18778fd, 11=com.java.Objects.TestDataDetails@182c145}
[INFO ][2015-10-30 16:39:58,134][com.java.TestType] [  456] -  str(1) = 1
[INFO ][2015-10-30 16:39:58,134][com.java.TestType] [  459] - Test case Id is---1
[INFO ][2015-10-30 16:39:58,134][com.java.TestType] [  461] - 1
[INFO ][2015-10-30 16:39:58,134][com.java.TestType] [  456] -  str(2) = 12
[INFO ][2015-10-30 16:39:58,134][com.java.TestType] [  508] - row values are--------{1=com.java.Objects.TestDataDetails@4336ff, 2=com.java.Objects.TestDataDetails@185c219, 3=com.java.Objects.TestDataDetails@a53ba0, 4=com.java.Objects.TestDataDetails@19de6c, 5=com.java.Objects.TestDataDetails@168e0e7, 6=com.java.Objects.TestDataDetails@c42e5a, 7=com.java.Objects.TestDataDetails@9a8e52, 8=com.java.Objects.TestDataDetails@170ad95, 9=com.java.Objects.TestDataDetails@5dc0a5, 10=com.java.Objects.TestDataDetails@18778fd, 11=com.java.Objects.TestDataDetails@182c145, 12=com.java.Objects.TestDataDetails@1137c6}
[INFO ][2015-10-30 16:39:58,134][com.java.TestType] [  456] -  str(1) = 1
[INFO ][2015-10-30 16:39:58,134][com.java.TestType] [  459] - Test case Id is---1
[INFO ][2015-10-30 16:39:58,134][com.java.TestType] [  461] - 1
[INFO ][2015-10-30 16:39:58,134][com.java.TestType] [  456] -  str(2) = 13
[INFO ][2015-10-30 16:39:58,144][com.java.TestType] [  508] - row values are--------{1=com.java.Objects.TestDataDetails@4336ff, 2=com.java.Objects.TestDataDetails@185c219, 3=com.java.Objects.TestDataDetails@a53ba0, 4=com.java.Objects.TestDataDetails@19de6c, 5=com.java.Objects.TestDataDetails@168e0e7, 6=com.java.Objects.TestDataDetails@c42e5a, 7=com.java.Objects.TestDataDetails@9a8e52, 8=com.java.Objects.TestDataDetails@170ad95, 9=com.java.Objects.TestDataDetails@5dc0a5, 10=com.java.Objects.TestDataDetails@18778fd, 11=com.java.Objects.TestDataDetails@182c145, 12=com.java.Objects.TestDataDetails@1137c6, 13=com.java.Objects.TestDataDetails@edb374}
[INFO ][2015-10-30 16:39:58,144][com.java.TestType] [  456] -  str(1) = 1
[INFO ][2015-10-30 16:39:58,144][com.java.TestType] [  459] - Test case Id is---1
[INFO ][2015-10-30 16:39:58,144][com.java.TestType] [  461] - 1
[INFO ][2015-10-30 16:39:58,144][com.java.TestType] [  456] -  str(2) = 14
[INFO ][2015-10-30 16:39:58,144][com.java.TestType] [  508] - row values are--------{1=com.java.Objects.TestDataDetails@4336ff, 2=com.java.Objects.TestDataDetails@185c219, 3=com.java.Objects.TestDataDetails@a53ba0, 4=com.java.Objects.TestDataDetails@19de6c, 5=com.java.Objects.TestDataDetails@168e0e7, 6=com.java.Objects.TestDataDetails@c42e5a, 7=com.java.Objects.TestDataDetails@9a8e52, 8=com.java.Objects.TestDataDetails@170ad95, 9=com.java.Objects.TestDataDetails@5dc0a5, 10=com.java.Objects.TestDataDetails@18778fd, 11=com.java.Objects.TestDataDetails@182c145, 12=com.java.Objects.TestDataDetails@1137c6, 13=com.java.Objects.TestDataDetails@edb374, 14=com.java.Objects.TestDataDetails@116cf35}
[INFO ][2015-10-30 16:39:58,144][com.java.TestType] [ 7898] - Looping 1TCID = 1
[DEBUG][2015-10-30 16:39:58,144][com.java.TestType] [ 7939] - Concept ID:1 :: Step being Executed: 1::1
[INFO ][2015-10-30 16:39:58,144][com.java.TestType] [ 7977] - dataFields : TXTusername
[DEBUG][2015-10-30 16:39:58,144][com.java.TestType] [ 7983] - <In Set values of the page>
[DEBUG][2015-10-30 16:39:58,144][com.java.TestType] [ 7988] - {Data Fields & Data Values Exist}
[INFO ][2015-10-30 16:39:58,144][com.java.TestType] [ 7994] - --------------------------setting values-----------------------------
[INFO ][2015-10-30 16:39:58,144][com.java.TestType] [ 7997] - Action Type : CLEARANDENTER
[INFO ][2015-10-30 16:39:58,144][com.java.TestType] [ 3749] - value = naresh.nayini.00000
[INFO ][2015-10-30 16:40:03,234][com.java.TestType] [ 8016] -  RESULT true
[INFO ][2015-10-30 16:40:03,234][com.java.TestType] [ 8133] - ?   P A S S   ?
[DEBUG][2015-10-30 16:40:03,234][com.java.TestType] [ 7939] - Concept ID:1 :: Step being Executed: 1::2
[INFO ][2015-10-30 16:40:03,234][com.java.TestType] [ 7977] - dataFields : TXTpassword
[DEBUG][2015-10-30 16:40:03,234][com.java.TestType] [ 7983] - <In Set values of the page>
[DEBUG][2015-10-30 16:40:03,234][com.java.TestType] [ 7988] - {Data Fields & Data Values Exist}
[INFO ][2015-10-30 16:40:03,234][com.java.TestType] [ 7994] - --------------------------setting values-----------------------------
[INFO ][2015-10-30 16:40:03,234][com.java.TestType] [ 7997] - Action Type : CLEARANDENTER
[INFO ][2015-10-30 16:40:03,234][com.java.TestType] [ 3749] - value = Password1*
[INFO ][2015-10-30 16:40:08,201][com.java.TestType] [ 8016] -  RESULT true
[INFO ][2015-10-30 16:40:08,201][com.java.TestType] [ 8133] - ?   P A S S   ?
[DEBUG][2015-10-30 16:40:08,201][com.java.TestType] [ 7939] - Concept ID:1 :: Step being Executed: 1::3
[ERROR][2015-10-30 16:40:08,201][com.java.TestType] [ 7972] - Exception: null
[INFO ][2015-10-30 16:40:08,201][com.java.TestType] [ 7977] - dataFields : XPH//button[@type='submit']
[DEBUG][2015-10-30 16:40:08,201][com.java.TestType] [ 7983] - <In Set values of the page>
[DEBUG][2015-10-30 16:40:08,201][com.java.TestType] [ 7988] - {Data Fields & Data Values Exist}
[INFO ][2015-10-30 16:40:08,201][com.java.TestType] [ 7994] - --------------------------setting values-----------------------------
[INFO ][2015-10-30 16:40:08,201][com.java.TestType] [ 7997] - Action Type : Click
[INFO ][2015-10-30 16:40:08,201][com.java.TestType] [ 4062] - Field ::XPH//button[@type='submit']
[INFO ][2015-10-30 16:40:09,201][com.java.TestType] [ 4121] - BEFORE CLICK
[INFO ][2015-10-30 16:40:10,058][com.java.TestType] [ 4129] - Unable to click the object Login
[INFO ][2015-10-30 16:40:10,058][com.java.TestType] [ 8016] -  RESULT true
[INFO ][2015-10-30 16:40:10,058][com.java.TestType] [ 8133] - ?   P A S S   ?
[DEBUG][2015-10-30 16:40:10,058][com.java.TestType] [ 7939] - Concept ID:1 :: Step being Executed: 1::4
[INFO ][2015-10-30 16:40:10,058][com.java.TestType] [ 7977] - dataFields : LNKLogout
[DEBUG][2015-10-30 16:40:10,058][com.java.TestType] [ 7983] - <In Set values of the page>
[DEBUG][2015-10-30 16:40:10,058][com.java.TestType] [ 7988] - {Data Fields & Data Values Exist}
[INFO ][2015-10-30 16:40:10,058][com.java.TestType] [ 7994] - --------------------------setting values-----------------------------
[INFO ][2015-10-30 16:40:10,058][com.java.TestType] [ 7997] - Action Type : WaitForElement
[INFO ][2015-10-30 16:40:17,079][com.java.TestType] [ 8016] -  RESULT true
[INFO ][2015-10-30 16:40:17,079][com.java.TestType] [ 8133] - ?   P A S S   ?
[DEBUG][2015-10-30 16:40:17,079][com.java.TestType] [ 7939] - Concept ID:1 :: Step being Executed: 1::13
[INFO ][2015-10-30 16:40:17,079][com.java.TestType] [ 7977] - dataFields : LGN
[DEBUG][2015-10-30 16:40:17,079][com.java.TestType] [ 7983] - <In Set values of the page>
[DEBUG][2015-10-30 16:40:17,079][com.java.TestType] [ 7988] - {Data Fields & Data Values Exist}
[INFO ][2015-10-30 16:40:17,079][com.java.TestType] [ 7994] - --------------------------setting values-----------------------------
[INFO ][2015-10-30 16:40:17,079][com.java.TestType] [ 7997] - Action Type : Verify
[INFO ][2015-10-30 16:40:17,079][com.java.TestType] [ 4875] - field= LGN value= Username
[INFO ][2015-10-30 16:40:17,079][com.java.TestType] [ 3749] - value = Username
[INFO ][2015-10-30 16:40:17,220][com.java.TestType] [ 8016] -  RESULT true
[INFO ][2015-10-30 16:40:17,220][com.java.TestType] [ 8133] - ?   P A S S   ?
[DEBUG][2015-10-30 16:40:17,220][com.java.TestType] [ 7939] - Concept ID:1 :: Step being Executed: 1::14
[INFO ][2015-10-30 16:40:17,220][com.java.TestType] [ 7977] - dataFields : BTN
[DEBUG][2015-10-30 16:40:17,220][com.java.TestType] [ 7983] - <In Set values of the page>
[DEBUG][2015-10-30 16:40:17,220][com.java.TestType] [ 7988] - {Data Fields & Data Values Exist}
[INFO ][2015-10-30 16:40:17,220][com.java.TestType] [ 7994] - --------------------------setting values-----------------------------
[INFO ][2015-10-30 16:40:17,220][com.java.TestType] [ 7997] - Action Type : Verify
[INFO ][2015-10-30 16:40:17,220][com.java.TestType] [ 4875] - field= BTN value= //img[contains(@src,'bdlogo.jpg')]
[INFO ][2015-10-30 16:40:17,220][com.java.TestType] [ 3749] - value = //img[contains(@src,'bdlogo.jpg')]
[INFO ][2015-10-30 16:40:17,250][com.java.TestType] [ 8016] -  RESULT true
[INFO ][2015-10-30 16:40:17,250][com.java.TestType] [ 8133] - ?   P A S S   ?
[INFO ][2015-10-30 16:40:17,250][com.java.TestType] [ 8204] - Looping End......
[INFO ][2015-10-30 16:40:17,250][com.java.SeleniumDriver] [  861] -  RESULT true
[INFO ][2015-10-30 16:40:17,250][com.java.SeleniumDriver] [ 1066] - ?   P A S S   ?
[INFO ][2015-10-30 16:40:17,250][com.java.SeleniumDriver] [  788] - ------------------------------------------
[INFO ][2015-10-30 16:40:17,250][com.java.SeleniumDriver] [  789] - Test case being Executed: 1
[INFO ][2015-10-30 16:40:17,250][com.java.SeleniumDriver] [  800] - Test step:2
[INFO ][2015-10-30 16:40:17,250][com.java.SeleniumDriver] [  812] - Datavalue is----------Concept#2:1-2
[INFO ][2015-10-30 16:40:17,250][com.java.SeleniumDriver] [  836] - DataField : test
[INFO ][2015-10-30 16:40:17,250][com.java.SeleniumDriver] [  838] - DataValue : Concept#2:1-2
[INFO ][2015-10-30 16:40:17,250][com.java.SeleniumDriver] [  844] - <In Set values of the page>
[INFO ][2015-10-30 16:40:17,250][com.java.SeleniumDriver] [  847] - {Data Fields & Data Values Exist}
[INFO ][2015-10-30 16:40:17,250][com.java.SeleniumDriver] [  849] - --------------------------setting values-----------------------------
[INFO ][2015-10-30 16:40:17,250][com.java.SeleniumDriver] [  852] - Action Type : ExecuteTestCase
[INFO ][2015-10-30 16:40:17,250][com.java.TestType] [  411] - The Concept sheet name is ---------- Concept
[INFO ][2015-10-30 16:40:17,260][com.java.TestType] [  414] - The Concept ID  is ---------- 2
[DEBUG][2015-10-30 16:40:17,260][com.java.TestType] [  418] - Steps being executted in the Concept are: 1:2
[INFO ][2015-10-30 16:40:17,260][com.java.TestType] [  425] - Test data details path ---------- D:\BankersDashboard\TestInputs\TestData.xls
[INFO ][2015-10-30 16:40:17,290][com.java.TestType] [  456] -  str(1) = 2
[INFO ][2015-10-30 16:40:17,290][com.java.TestType] [  459] - Test case Id is---2
[INFO ][2015-10-30 16:40:17,290][com.java.TestType] [  461] - 2
[INFO ][2015-10-30 16:40:17,290][com.java.TestType] [  456] -  str(2) = 1
[INFO ][2015-10-30 16:40:17,290][com.java.TestType] [  508] - row values are--------{1=com.java.Objects.TestDataDetails@f13e82}
[INFO ][2015-10-30 16:40:17,290][com.java.TestType] [  456] -  str(1) = 2
[INFO ][2015-10-30 16:40:17,290][com.java.TestType] [  459] - Test case Id is---2
[INFO ][2015-10-30 16:40:17,290][com.java.TestType] [  461] - 2
[INFO ][2015-10-30 16:40:17,290][com.java.TestType] [  456] -  str(2) = 2
[INFO ][2015-10-30 16:40:17,290][com.java.TestType] [  508] - row values are--------{1=com.java.Objects.TestDataDetails@f13e82, 2=com.java.Objects.TestDataDetails@1b0019}
[INFO ][2015-10-30 16:40:17,290][com.java.TestType] [  456] -  str(1) = 2
[INFO ][2015-10-30 16:40:17,290][com.java.TestType] [  459] - Test case Id is---2
[INFO ][2015-10-30 16:40:17,290][com.java.TestType] [  461] - 2
[INFO ][2015-10-30 16:40:17,290][com.java.TestType] [  456] -  str(2) = 3
[INFO ][2015-10-30 16:40:17,290][com.java.TestType] [  508] - row values are--------{1=com.java.Objects.TestDataDetails@f13e82, 2=com.java.Objects.TestDataDetails@1b0019, 3=com.java.Objects.TestDataDetails@9de1fe}
[INFO ][2015-10-30 16:40:17,290][com.java.TestType] [ 7898] - Looping 1TCID = 2
[DEBUG][2015-10-30 16:40:17,290][com.java.TestType] [ 7939] - Concept ID:2 :: Step being Executed: 2::1
[INFO ][2015-10-30 16:40:17,290][com.java.TestType] [ 7977] - dataFields : BNK//select[@id='bank']
[DEBUG][2015-10-30 16:40:17,290][com.java.TestType] [ 7983] - <In Set values of the page>
[DEBUG][2015-10-30 16:40:17,290][com.java.TestType] [ 7988] - {Data Fields & Data Values Exist}
[INFO ][2015-10-30 16:40:17,290][com.java.TestType] [ 7994] - --------------------------setting values-----------------------------
[INFO ][2015-10-30 16:40:17,290][com.java.TestType] [ 7997] - Action Type : Select
[INFO ][2015-10-30 16:40:17,290][com.java.TestType] [ 3749] - value = PFC
[INFO ][2015-10-30 16:40:17,545][com.java.TestType] [ 8016] -  RESULT true
[INFO ][2015-10-30 16:40:17,545][com.java.TestType] [ 8133] - ?   P A S S   ?
[DEBUG][2015-10-30 16:40:17,545][com.java.TestType] [ 7939] - Concept ID:2 :: Step being Executed: 2::2
[INFO ][2015-10-30 16:40:17,545][com.java.TestType] [ 7977] - dataFields : LNKLogout
[DEBUG][2015-10-30 16:40:17,545][com.java.TestType] [ 7983] - <In Set values of the page>
[DEBUG][2015-10-30 16:40:17,545][com.java.TestType] [ 7988] - {Data Fields & Data Values Exist}
[INFO ][2015-10-30 16:40:17,545][com.java.TestType] [ 7994] - --------------------------setting values-----------------------------
[INFO ][2015-10-30 16:40:17,545][com.java.TestType] [ 7997] - Action Type : WaitTime
[DEBUG][2015-10-30 16:40:17,545][com.java.TestType] [ 3653] - sleepTime: 5000
[INFO ][2015-10-30 16:40:22,568][com.java.TestType] [ 8016] -  RESULT true
[INFO ][2015-10-30 16:40:22,568][com.java.TestType] [ 8133] - ?   P A S S   ?
[INFO ][2015-10-30 16:40:22,568][com.java.TestType] [ 8204] - Looping End......
[INFO ][2015-10-30 16:40:22,568][com.java.SeleniumDriver] [  861] -  RESULT true
[INFO ][2015-10-30 16:40:22,568][com.java.SeleniumDriver] [ 1066] - ?   P A S S   ?
[INFO ][2015-10-30 16:40:22,568][com.java.SeleniumDriver] [  788] - ------------------------------------------
[INFO ][2015-10-30 16:40:22,568][com.java.SeleniumDriver] [  789] - Test case being Executed: 1
[INFO ][2015-10-30 16:40:22,568][com.java.SeleniumDriver] [  800] - Test step:3
[INFO ][2015-10-30 16:40:22,568][com.java.SeleniumDriver] [  812] - Datavalue is----------2
[INFO ][2015-10-30 16:40:22,568][com.java.SeleniumDriver] [  836] - DataField : XPH//button[contains(text(),'Add Content')]
[INFO ][2015-10-30 16:40:22,568][com.java.SeleniumDriver] [  838] - DataValue : 2
[INFO ][2015-10-30 16:40:22,568][com.java.SeleniumDriver] [  844] - <In Set values of the page>
[INFO ][2015-10-30 16:40:22,568][com.java.SeleniumDriver] [  847] - {Data Fields & Data Values Exist}
[INFO ][2015-10-30 16:40:22,568][com.java.SeleniumDriver] [  849] - --------------------------setting values-----------------------------
[INFO ][2015-10-30 16:40:22,568][com.java.SeleniumDriver] [  852] - Action Type : WAITFORELEMENT
[INFO ][2015-10-30 16:40:25,597][com.java.SeleniumDriver] [  861] -  RESULT true
[INFO ][2015-10-30 16:40:25,597][com.java.SeleniumDriver] [ 1066] - ?   P A S S   ?
[DEBUG][2015-10-30 16:40:25,597][com.java.SeleniumDriver] [ 1168] - Case found
[DEBUG][2015-10-30 16:40:25,597][com.java.SeleniumDriver] [ 1173] - Incrementing ReportCounters[0]:1
[INFO ][2015-10-30 16:40:25,597][com.java.SeleniumDriver] [ 1192] - The results are-------------------[1, 1, Valid Login, Pass, , Fri Oct 30 16:40:17 IST 2015, 1, 2, Valid Login, Pass, , Fri Oct 30 16:40:22 IST 2015, 1, 3, Add Custom Calculation Indicator to Start Page, Pass, , Fri Oct 30 16:40:25 IST 2015]
[INFO ][2015-10-30 16:40:25,597][com.java.SeleniumDriver] [ 1196] - End time is-------51 sec
[INFO ][2015-10-30 16:40:25,597][com.java.SeleniumDriver] [ 1197] - The results are-------------------[1, 1, Valid Login, Pass, , Fri Oct 30 16:40:17 IST 2015, 1, 2, Valid Login, Pass, , Fri Oct 30 16:40:22 IST 2015, 1, 3, Add Custom Calculation Indicator to Start Page, Pass, , Fri Oct 30 16:40:25 IST 2015]
[DEBUG][2015-10-30 16:40:25,597][com.java.ImportnExport.ExportTestResultsExcel] [  222] - testResultPath = D:\BankersDashboard/TestReports/Test Results_BankersDashBoard_103015_163936_IE11_Any Bank USA.xls
[DEBUG][2015-10-30 16:40:25,597][com.java.ImportnExport.ExportTestResultsExcel] [  223] - browser is------------IE11
[DEBUG][2015-10-30 16:40:25,638][com.java.ImportnExport.ExportTestResultsExcel] [  270] - result.size() = 18
[DEBUG][2015-10-30 16:40:25,638][com.java.ImportnExport.ExportTestResultsExcel] [  274] - No of rows in sheet=1
[DEBUG][2015-10-30 16:40:25,638][com.java.ImportnExport.ExportTestResultsExcel] [  301] - ..in export..1
[DEBUG][2015-10-30 16:40:25,638][com.java.ImportnExport.ExportTestResultsExcel] [  301] - ..in export..Valid Login
[DEBUG][2015-10-30 16:40:25,638][com.java.ImportnExport.ExportTestResultsExcel] [  301] - ..in export..Pass
[DEBUG][2015-10-30 16:40:25,638][com.java.ImportnExport.ExportTestResultsExcel] [  301] - ..in export..
[DEBUG][2015-10-30 16:40:25,638][com.java.ImportnExport.ExportTestResultsExcel] [  301] - ..in export..Fri Oct 30 16:40:17 IST 2015
[INFO ][2015-10-30 16:40:25,638][com.java.SeleniumDriver] [ 1255] - out loop:0 size:2 TestCases:[1, 14] testcases:[1, 14]
[INFO ][2015-10-30 16:40:25,638][com.java.ImportnExport.ImportTestDataDetailsExcel] [   49] - test data details path===== D:\BankersDashboard\TestInputs\TestData.xls
[INFO ][2015-10-30 16:40:45,564][com.java.SeleniumDriver] [  788] - ------------------------------------------
[INFO ][2015-10-30 16:40:45,564][com.java.SeleniumDriver] [  789] - Test case being Executed: 14
[INFO ][2015-10-30 16:40:45,564][com.java.SeleniumDriver] [  800] - Test step:1
[INFO ][2015-10-30 16:40:45,564][com.java.SeleniumDriver] [  812] - Datavalue is----------Logout
[INFO ][2015-10-30 16:40:45,564][com.java.SeleniumDriver] [  836] - DataField : BTN
[INFO ][2015-10-30 16:40:45,564][com.java.SeleniumDriver] [  838] - DataValue : Logout
[INFO ][2015-10-30 16:40:45,564][com.java.SeleniumDriver] [  844] - <In Set values of the page>
[INFO ][2015-10-30 16:40:45,564][com.java.SeleniumDriver] [  847] - {Data Fields & Data Values Exist}
[INFO ][2015-10-30 16:40:45,564][com.java.SeleniumDriver] [  849] - --------------------------setting values-----------------------------
[INFO ][2015-10-30 16:40:45,564][com.java.SeleniumDriver] [  852] - Action Type : Verify
[INFO ][2015-10-30 16:40:45,564][com.java.TestType] [ 4875] - field= BTN value= Logout
[INFO ][2015-10-30 16:40:45,564][com.java.TestType] [ 3749] - value = Logout
[INFO ][2015-10-30 16:40:45,605][com.java.SeleniumDriver] [  861] -  RESULT true
[INFO ][2015-10-30 16:40:45,605][com.java.SeleniumDriver] [ 1066] - ?   P A S S   ?
[INFO ][2015-10-30 16:40:45,605][com.java.SeleniumDriver] [ 1108] - step change to 3
[INFO ][2015-10-30 16:40:45,605][com.java.SeleniumDriver] [  788] - ------------------------------------------
[INFO ][2015-10-30 16:40:45,605][com.java.SeleniumDriver] [  789] - Test case being Executed: 14
[INFO ][2015-10-30 16:40:45,605][com.java.SeleniumDriver] [  800] - Test step:3
[INFO ][2015-10-30 16:40:45,605][com.java.SeleniumDriver] [  812] - Datavalue is----------2
[INFO ][2015-10-30 16:40:45,605][com.java.SeleniumDriver] [  836] - DataField : BTNG/L
[INFO ][2015-10-30 16:40:45,605][com.java.SeleniumDriver] [  838] - DataValue : 2
[INFO ][2015-10-30 16:40:45,605][com.java.SeleniumDriver] [  844] - <In Set values of the page>
[INFO ][2015-10-30 16:40:45,605][com.java.SeleniumDriver] [  847] - {Data Fields & Data Values Exist}
[INFO ][2015-10-30 16:40:45,605][com.java.SeleniumDriver] [  849] - --------------------------setting values-----------------------------
[INFO ][2015-10-30 16:40:45,605][com.java.SeleniumDriver] [  852] - Action Type : WAITFORELEMENT
[INFO ][2015-10-30 16:40:45,655][com.java.SeleniumDriver] [  861] -  RESULT true
[INFO ][2015-10-30 16:40:45,655][com.java.SeleniumDriver] [ 1066] - ?   P A S S   ?
[INFO ][2015-10-30 16:40:45,655][com.java.SeleniumDriver] [  788] - ------------------------------------------
[INFO ][2015-10-30 16:40:45,655][com.java.SeleniumDriver] [  789] - Test case being Executed: 14
[INFO ][2015-10-30 16:40:45,655][com.java.SeleniumDriver] [  800] - Test step:4
[INFO ][2015-10-30 16:40:45,655][com.java.SeleniumDriver] [  812] - Datavalue is----------CNS
[INFO ][2015-10-30 16:40:45,655][com.java.SeleniumDriver] [  836] - DataField : BNK//select[@id='bank']
[INFO ][2015-10-30 16:40:45,655][com.java.SeleniumDriver] [  838] - DataValue : CNS
[INFO ][2015-10-30 16:40:45,655][com.java.SeleniumDriver] [  844] - <In Set values of the page>
[INFO ][2015-10-30 16:40:45,655][com.java.SeleniumDriver] [  847] - {Data Fields & Data Values Exist}
[INFO ][2015-10-30 16:40:45,655][com.java.SeleniumDriver] [  849] - --------------------------setting values-----------------------------
[INFO ][2015-10-30 16:40:45,655][com.java.SeleniumDriver] [  852] - Action Type : SELECT
[INFO ][2015-10-30 16:40:45,655][com.java.TestType] [ 3749] - value = CNS
[INFO ][2015-10-30 16:40:45,952][com.java.SeleniumDriver] [  861] -  RESULT true
[INFO ][2015-10-30 16:40:45,952][com.java.SeleniumDriver] [ 1066] - ?   P A S S   ?
[INFO ][2015-10-30 16:40:45,952][com.java.SeleniumDriver] [  788] - ------------------------------------------
[INFO ][2015-10-30 16:40:45,952][com.java.SeleniumDriver] [  789] - Test case being Executed: 14
[INFO ][2015-10-30 16:40:45,952][com.java.SeleniumDriver] [  800] - Test step:5
[INFO ][2015-10-30 16:40:45,952][com.java.SeleniumDriver] [  812] - Datavalue is----------2
[INFO ][2015-10-30 16:40:45,952][com.java.SeleniumDriver] [  836] - DataField : BTNG/L
[INFO ][2015-10-30 16:40:45,952][com.java.SeleniumDriver] [  838] - DataValue : 2
[INFO ][2015-10-30 16:40:45,952][com.java.SeleniumDriver] [  844] - <In Set values of the page>
[INFO ][2015-10-30 16:40:45,952][com.java.SeleniumDriver] [  847] - {Data Fields & Data Values Exist}
[INFO ][2015-10-30 16:40:45,952][com.java.SeleniumDriver] [  849] - --------------------------setting values-----------------------------
[INFO ][2015-10-30 16:40:45,952][com.java.SeleniumDriver] [  852] - Action Type : WAITFORELEMENT
[INFO ][2015-10-30 16:40:45,992][com.java.SeleniumDriver] [  861] -  RESULT true
[INFO ][2015-10-30 16:40:45,992][com.java.SeleniumDriver] [ 1066] - ?   P A S S   ?
[INFO ][2015-10-30 16:40:45,992][com.java.SeleniumDriver] [  788] - ------------------------------------------
[INFO ][2015-10-30 16:40:45,992][com.java.SeleniumDriver] [  789] - Test case being Executed: 14
[INFO ][2015-10-30 16:40:45,992][com.java.SeleniumDriver] [  800] - Test step:6
[INFO ][2015-10-30 16:40:45,992][com.java.SeleniumDriver] [  812] - Datavalue is----------null
[DEBUG][2015-10-30 16:40:45,992][com.java.SeleniumDriver] [  830] - Exception: null
[INFO ][2015-10-30 16:40:45,992][com.java.SeleniumDriver] [  836] - DataField : G/L&&Balance Sheet&&//ul[@id="BalanceSheet" ]/li[@data-id="BSCompare"]
[INFO ][2015-10-30 16:40:45,992][com.java.SeleniumDriver] [  838] - DataValue : 
[INFO ][2015-10-30 16:40:45,992][com.java.SeleniumDriver] [  844] - <In Set values of the page>
[INFO ][2015-10-30 16:40:45,992][com.java.SeleniumDriver] [  847] - {Data Fields & Data Values Exist}
[INFO ][2015-10-30 16:40:45,992][com.java.SeleniumDriver] [  849] - --------------------------setting values-----------------------------
[INFO ][2015-10-30 16:40:45,992][com.java.SeleniumDriver] [  852] - Action Type : MOUSEOVER
[INFO ][2015-10-30 16:41:02,787][com.java.SeleniumDriver] [  861] -  RESULT true
[INFO ][2015-10-30 16:41:02,787][com.java.SeleniumDriver] [ 1066] - ?   P A S S   ?
[INFO ][2015-10-30 16:41:02,787][com.java.SeleniumDriver] [  788] - ------------------------------------------
[INFO ][2015-10-30 16:41:02,787][com.java.SeleniumDriver] [  789] - Test case being Executed: 14
[INFO ][2015-10-30 16:41:02,787][com.java.SeleniumDriver] [  800] - Test step:7
[INFO ][2015-10-30 16:41:02,787][com.java.SeleniumDriver] [  812] - Datavalue is----------1
[INFO ][2015-10-30 16:41:02,787][com.java.SeleniumDriver] [  836] - DataField : XPH//span[contains(text(),'Show Report')]
[INFO ][2015-10-30 16:41:02,787][com.java.SeleniumDriver] [  838] - DataValue : 1
[INFO ][2015-10-30 16:41:02,787][com.java.SeleniumDriver] [  844] - <In Set values of the page>
[INFO ][2015-10-30 16:41:02,787][com.java.SeleniumDriver] [  847] - {Data Fields & Data Values Exist}
[INFO ][2015-10-30 16:41:02,787][com.java.SeleniumDriver] [  849] - --------------------------setting values-----------------------------
[INFO ][2015-10-30 16:41:02,787][com.java.SeleniumDriver] [  852] - Action Type : WAITFORELEMENT
[INFO ][2015-10-30 16:41:02,828][com.java.SeleniumDriver] [  861] -  RESULT true
[INFO ][2015-10-30 16:41:02,828][com.java.SeleniumDriver] [ 1066] - ?   P A S S   ?
[INFO ][2015-10-30 16:41:02,828][com.java.SeleniumDriver] [  788] - ------------------------------------------
[INFO ][2015-10-30 16:41:02,828][com.java.SeleniumDriver] [  789] - Test case being Executed: 14
[INFO ][2015-10-30 16:41:02,828][com.java.SeleniumDriver] [  800] - Test step:8
[INFO ][2015-10-30 16:41:02,828][com.java.SeleniumDriver] [  812] - Datavalue is----------frameDialogContent
[INFO ][2015-10-30 16:41:02,828][com.java.SeleniumDriver] [  836] - DataField : BTN
[INFO ][2015-10-30 16:41:02,828][com.java.SeleniumDriver] [  838] - DataValue : frameDialogContent
[INFO ][2015-10-30 16:41:02,828][com.java.SeleniumDriver] [  844] - <In Set values of the page>
[INFO ][2015-10-30 16:41:02,828][com.java.SeleniumDriver] [  847] - {Data Fields & Data Values Exist}
[INFO ][2015-10-30 16:41:02,828][com.java.SeleniumDriver] [  849] - --------------------------setting values-----------------------------
[INFO ][2015-10-30 16:41:02,828][com.java.SeleniumDriver] [  852] - Action Type : SELECTFRAMEBYNAME
[INFO ][2015-10-30 16:41:02,828][com.java.TestType] [ 3749] - value = frameDialogContent
[INFO ][2015-10-30 16:41:02,908][com.java.SeleniumDriver] [  861] -  RESULT true
[INFO ][2015-10-30 16:41:02,908][com.java.SeleniumDriver] [ 1066] - ?   P A S S   ?
[INFO ][2015-10-30 16:41:02,908][com.java.SeleniumDriver] [  788] - ------------------------------------------
[INFO ][2015-10-30 16:41:02,908][com.java.SeleniumDriver] [  789] - Test case being Executed: 14
[INFO ][2015-10-30 16:41:02,908][com.java.SeleniumDriver] [  800] - Test step:9
[INFO ][2015-10-30 16:41:02,908][com.java.SeleniumDriver] [  812] - Datavalue is----------null
[DEBUG][2015-10-30 16:41:02,908][com.java.SeleniumDriver] [  830] - Exception: null
[INFO ][2015-10-30 16:41:02,908][com.java.SeleniumDriver] [  836] - DataField : BTNcbExpandCenters
[INFO ][2015-10-30 16:41:02,908][com.java.SeleniumDriver] [  838] - DataValue : 
[INFO ][2015-10-30 16:41:02,908][com.java.SeleniumDriver] [  844] - <In Set values of the page>
[INFO ][2015-10-30 16:41:02,908][com.java.SeleniumDriver] [  847] - {Data Fields & Data Values Exist}
[INFO ][2015-10-30 16:41:02,908][com.java.SeleniumDriver] [  849] - --------------------------setting values-----------------------------
[INFO ][2015-10-30 16:41:02,908][com.java.SeleniumDriver] [  852] - Action Type : CLICK
[INFO ][2015-10-30 16:41:02,908][com.java.TestType] [ 4062] - Field ::BTNcbExpandCenters
[INFO ][2015-10-30 16:41:03,908][com.java.TestType] [ 4100] - BEFORE CLICK
[INFO ][2015-10-30 16:41:05,059][com.java.TestType] [ 4107] - Unable to click the object Expand Columns checkbox
[INFO ][2015-10-30 16:41:05,059][com.java.SeleniumDriver] [  861] -  RESULT true
[INFO ][2015-10-30 16:41:05,059][com.java.SeleniumDriver] [ 1066] - ?   P A S S   ?
[INFO ][2015-10-30 16:41:05,059][com.java.SeleniumDriver] [  788] - ------------------------------------------
[INFO ][2015-10-30 16:41:05,059][com.java.SeleniumDriver] [  789] - Test case being Executed: 14
[INFO ][2015-10-30 16:41:05,059][com.java.SeleniumDriver] [  800] - Test step:10
[INFO ][2015-10-30 16:41:05,059][com.java.SeleniumDriver] [  812] - Datavalue is----------null
[DEBUG][2015-10-30 16:41:05,059][com.java.SeleniumDriver] [  830] - Exception: null
[INFO ][2015-10-30 16:41:05,059][com.java.SeleniumDriver] [  836] - DataField : BTNparent
[INFO ][2015-10-30 16:41:05,059][com.java.SeleniumDriver] [  838] - DataValue : 
[INFO ][2015-10-30 16:41:05,059][com.java.SeleniumDriver] [  844] - <In Set values of the page>
[INFO ][2015-10-30 16:41:05,059][com.java.SeleniumDriver] [  847] - {Data Fields & Data Values Exist}
[INFO ][2015-10-30 16:41:05,059][com.java.SeleniumDriver] [  849] - --------------------------setting values-----------------------------
[INFO ][2015-10-30 16:41:05,059][com.java.SeleniumDriver] [  852] - Action Type : SELECTFRAME
[INFO ][2015-10-30 16:41:05,069][com.java.SeleniumDriver] [  861] -  RESULT true
[INFO ][2015-10-30 16:41:05,069][com.java.SeleniumDriver] [ 1066] - ?   P A S S   ?
[INFO ][2015-10-30 16:41:05,069][com.java.SeleniumDriver] [  788] - ------------------------------------------
[INFO ][2015-10-30 16:41:05,069][com.java.SeleniumDriver] [  789] - Test case being Executed: 14
[INFO ][2015-10-30 16:41:05,069][com.java.SeleniumDriver] [  800] - Test step:11
[INFO ][2015-10-30 16:41:05,069][com.java.SeleniumDriver] [  812] - Datavalue is----------null
[DEBUG][2015-10-30 16:41:05,069][com.java.SeleniumDriver] [  830] - Exception: null
[INFO ][2015-10-30 16:41:05,069][com.java.SeleniumDriver] [  836] - DataField : XPH//span[contains(text(),'Show Report')]
[INFO ][2015-10-30 16:41:05,069][com.java.SeleniumDriver] [  838] - DataValue : 
[INFO ][2015-10-30 16:41:05,069][com.java.SeleniumDriver] [  844] - <In Set values of the page>
[INFO ][2015-10-30 16:41:05,069][com.java.SeleniumDriver] [  847] - {Data Fields & Data Values Exist}
[INFO ][2015-10-30 16:41:05,069][com.java.SeleniumDriver] [  849] - --------------------------setting values-----------------------------
[INFO ][2015-10-30 16:41:05,069][com.java.SeleniumDriver] [  852] - Action Type : CLICK
[INFO ][2015-10-30 16:41:05,069][com.java.TestType] [ 4062] - Field ::XPH//span[contains(text(),'Show Report')]
[INFO ][2015-10-30 16:41:06,076][com.java.TestType] [ 4121] - BEFORE CLICK
[INFO ][2015-10-30 16:41:07,486][com.java.TestType] [ 4129] - Unable to click the object Show Report button
[INFO ][2015-10-30 16:41:07,486][com.java.SeleniumDriver] [  861] -  RESULT true
[INFO ][2015-10-30 16:41:07,486][com.java.SeleniumDriver] [ 1066] - ?   P A S S   ?
[INFO ][2015-10-30 16:41:07,486][com.java.SeleniumDriver] [  788] - ------------------------------------------
[INFO ][2015-10-30 16:41:07,486][com.java.SeleniumDriver] [  789] - Test case being Executed: 14
[INFO ][2015-10-30 16:41:07,486][com.java.SeleniumDriver] [  800] - Test step:12
[INFO ][2015-10-30 16:41:07,486][com.java.SeleniumDriver] [  812] - Datavalue is----------2
[INFO ][2015-10-30 16:41:07,486][com.java.SeleniumDriver] [  836] - DataField : XPH//td[@class='ReportTitle']
[INFO ][2015-10-30 16:41:07,486][com.java.SeleniumDriver] [  838] - DataValue : 2
[INFO ][2015-10-30 16:41:07,486][com.java.SeleniumDriver] [  844] - <In Set values of the page>
[INFO ][2015-10-30 16:41:07,486][com.java.SeleniumDriver] [  847] - {Data Fields & Data Values Exist}
[INFO ][2015-10-30 16:41:07,486][com.java.SeleniumDriver] [  849] - --------------------------setting values-----------------------------
[INFO ][2015-10-30 16:41:07,486][com.java.SeleniumDriver] [  852] - Action Type : WAITFORELEMENT
[INFO ][2015-10-30 16:41:09,709][com.java.SeleniumDriver] [  861] -  RESULT true
[INFO ][2015-10-30 16:41:09,709][com.java.SeleniumDriver] [ 1066] - ?   P A S S   ?
[INFO ][2015-10-30 16:41:09,709][com.java.SeleniumDriver] [  788] - ------------------------------------------
[INFO ][2015-10-30 16:41:09,709][com.java.SeleniumDriver] [  789] - Test case being Executed: 14
[INFO ][2015-10-30 16:41:09,709][com.java.SeleniumDriver] [  800] - Test step:13
[INFO ][2015-10-30 16:41:09,709][com.java.SeleniumDriver] [  812] - Datavalue is----------td:BSCompare
[INFO ][2015-10-30 16:41:09,709][com.java.SeleniumDriver] [  836] - DataField : XPH//td[@class='ReportTitle']
[INFO ][2015-10-30 16:41:09,709][com.java.SeleniumDriver] [  838] - DataValue : td:BSCompare
[INFO ][2015-10-30 16:41:09,709][com.java.SeleniumDriver] [  844] - <In Set values of the page>
[INFO ][2015-10-30 16:41:09,709][com.java.SeleniumDriver] [  847] - {Data Fields & Data Values Exist}
[INFO ][2015-10-30 16:41:09,709][com.java.SeleniumDriver] [  849] - --------------------------setting values-----------------------------
[INFO ][2015-10-30 16:41:09,709][com.java.SeleniumDriver] [  852] - Action Type : VERIFY
[INFO ][2015-10-30 16:41:09,709][com.java.TestType] [ 4875] - field= XPH//td[@class='ReportTitle'] value= td:BSCompare
[INFO ][2015-10-30 16:41:09,709][com.java.TestType] [ 3749] - value = 
[INFO ][2015-10-30 16:41:09,960][com.java.SeleniumDriver] [  861] -  RESULT true
[INFO ][2015-10-30 16:41:09,960][com.java.SeleniumDriver] [ 1066] - ?   P A S S   ?
[INFO ][2015-10-30 16:41:09,960][com.java.SeleniumDriver] [  788] - ------------------------------------------
[INFO ][2015-10-30 16:41:09,960][com.java.SeleniumDriver] [  789] - Test case being Executed: 14
[INFO ][2015-10-30 16:41:09,960][com.java.SeleniumDriver] [  800] - Test step:14
[INFO ][2015-10-30 16:41:09,960][com.java.SeleniumDriver] [  812] - Datavalue is----------//table[@id='ReportTable2']/tbody/tr
[INFO ][2015-10-30 16:41:09,960][com.java.SeleniumDriver] [  836] - DataField : BTN
[INFO ][2015-10-30 16:41:09,960][com.java.SeleniumDriver] [  838] - DataValue : //table[@id='ReportTable2']/tbody/tr
[INFO ][2015-10-30 16:41:09,960][com.java.SeleniumDriver] [  844] - <In Set values of the page>
[INFO ][2015-10-30 16:41:09,960][com.java.SeleniumDriver] [  847] - {Data Fields & Data Values Exist}
[INFO ][2015-10-30 16:41:09,960][com.java.SeleniumDriver] [  849] - --------------------------setting values-----------------------------
[INFO ][2015-10-30 16:41:09,960][com.java.SeleniumDriver] [  852] - Action Type : VERIFY
[INFO ][2015-10-30 16:41:09,960][com.java.TestType] [ 4875] - field= BTN value= //table[@id='ReportTable2']/tbody/tr
[INFO ][2015-10-30 16:41:09,960][com.java.TestType] [ 3749] - value = //table[@id='ReportTable2']/tbody/tr
[INFO ][2015-10-30 16:41:09,990][com.java.SeleniumDriver] [  861] -  RESULT true
[INFO ][2015-10-30 16:41:09,990][com.java.SeleniumDriver] [ 1066] - ?   P A S S   ?
[INFO ][2015-10-30 16:41:09,990][com.java.SeleniumDriver] [  788] - ------------------------------------------
[INFO ][2015-10-30 16:41:09,990][com.java.SeleniumDriver] [  789] - Test case being Executed: 14
[INFO ][2015-10-30 16:41:09,990][com.java.SeleniumDriver] [  800] - Test step:15
[INFO ][2015-10-30 16:41:09,990][com.java.SeleniumDriver] [  812] - Datavalue is----------PFC
[INFO ][2015-10-30 16:41:09,990][com.java.SeleniumDriver] [  836] - DataField : BNK//select[@id='bank']
[INFO ][2015-10-30 16:41:09,990][com.java.SeleniumDriver] [  838] - DataValue : PFC
[INFO ][2015-10-30 16:41:09,990][com.java.SeleniumDriver] [  844] - <In Set values of the page>
[INFO ][2015-10-30 16:41:09,990][com.java.SeleniumDriver] [  847] - {Data Fields & Data Values Exist}
[INFO ][2015-10-30 16:41:09,990][com.java.SeleniumDriver] [  849] - --------------------------setting values-----------------------------
[INFO ][2015-10-30 16:41:09,990][com.java.SeleniumDriver] [  852] - Action Type : SELECT
[INFO ][2015-10-30 16:41:09,990][com.java.TestType] [ 3749] - value = PFC
[INFO ][2015-10-30 16:41:10,260][com.java.SeleniumDriver] [  861] -  RESULT true
[INFO ][2015-10-30 16:41:10,260][com.java.SeleniumDriver] [ 1066] - ?   P A S S   ?
[INFO ][2015-10-30 16:41:10,260][com.java.SeleniumDriver] [  788] - ------------------------------------------
[INFO ][2015-10-30 16:41:10,260][com.java.SeleniumDriver] [  789] - Test case being Executed: 14
[INFO ][2015-10-30 16:41:10,260][com.java.SeleniumDriver] [  800] - Test step:16
[INFO ][2015-10-30 16:41:10,260][com.java.SeleniumDriver] [  812] - Datavalue is----------2
[INFO ][2015-10-30 16:41:10,260][com.java.SeleniumDriver] [  836] - DataField : BTNG/L
[INFO ][2015-10-30 16:41:10,260][com.java.SeleniumDriver] [  838] - DataValue : 2
[INFO ][2015-10-30 16:41:10,260][com.java.SeleniumDriver] [  844] - <In Set values of the page>
[INFO ][2015-10-30 16:41:10,260][com.java.SeleniumDriver] [  847] - {Data Fields & Data Values Exist}
[INFO ][2015-10-30 16:41:10,260][com.java.SeleniumDriver] [  849] - --------------------------setting values-----------------------------
[INFO ][2015-10-30 16:41:10,260][com.java.SeleniumDriver] [  852] - Action Type : WAITFORELEMENT
[INFO ][2015-10-30 16:41:10,300][com.java.SeleniumDriver] [  861] -  RESULT true
[INFO ][2015-10-30 16:41:10,300][com.java.SeleniumDriver] [ 1066] - ?   P A S S   ?
[INFO ][2015-10-30 16:41:10,300][com.java.SeleniumDriver] [  788] - ------------------------------------------
[INFO ][2015-10-30 16:41:10,300][com.java.SeleniumDriver] [  789] - Test case being Executed: 14
[INFO ][2015-10-30 16:41:10,300][com.java.SeleniumDriver] [  800] - Test step:17
[INFO ][2015-10-30 16:41:10,300][com.java.SeleniumDriver] [  812] - Datavalue is----------null
[DEBUG][2015-10-30 16:41:10,300][com.java.SeleniumDriver] [  830] - Exception: null
[INFO ][2015-10-30 16:41:10,300][com.java.SeleniumDriver] [  836] - DataField : G/L&&Balance Sheet&&//ul[@id="BalanceSheet" ]/li[@data-id="BSCompare"]
[INFO ][2015-10-30 16:41:10,300][com.java.SeleniumDriver] [  838] - DataValue : 
[INFO ][2015-10-30 16:41:10,300][com.java.SeleniumDriver] [  844] - <In Set values of the page>
[INFO ][2015-10-30 16:41:10,300][com.java.SeleniumDriver] [  847] - {Data Fields & Data Values Exist}
[INFO ][2015-10-30 16:41:10,300][com.java.SeleniumDriver] [  849] - --------------------------setting values-----------------------------
[INFO ][2015-10-30 16:41:10,300][com.java.SeleniumDriver] [  852] - Action Type : MOUSEOVER
[INFO ][2015-10-30 16:41:30,489][com.java.SeleniumDriver] [  861] -  RESULT true
[INFO ][2015-10-30 16:41:30,489][com.java.SeleniumDriver] [ 1066] - ?   P A S S   ?
[INFO ][2015-10-30 16:41:30,489][com.java.SeleniumDriver] [  788] - ------------------------------------------
[INFO ][2015-10-30 16:41:30,489][com.java.SeleniumDriver] [  789] - Test case being Executed: 14
[INFO ][2015-10-30 16:41:30,489][com.java.SeleniumDriver] [  800] - Test step:18
[INFO ][2015-10-30 16:41:30,489][com.java.SeleniumDriver] [  812] - Datavalue is----------null
[DEBUG][2015-10-30 16:41:30,489][com.java.SeleniumDriver] [  830] - Exception: null
[INFO ][2015-10-30 16:41:30,489][com.java.SeleniumDriver] [  836] - DataField : BTNparent
[INFO ][2015-10-30 16:41:30,489][com.java.SeleniumDriver] [  838] - DataValue : 
[INFO ][2015-10-30 16:41:30,489][com.java.SeleniumDriver] [  844] - <In Set values of the page>
[INFO ][2015-10-30 16:41:30,489][com.java.SeleniumDriver] [  847] - {Data Fields & Data Values Exist}
[INFO ][2015-10-30 16:41:30,489][com.java.SeleniumDriver] [  849] - --------------------------setting values-----------------------------
[INFO ][2015-10-30 16:41:30,489][com.java.SeleniumDriver] [  852] - Action Type : SELECTFRAME
[INFO ][2015-10-30 16:41:30,490][com.java.SeleniumDriver] [  861] -  RESULT true
[INFO ][2015-10-30 16:41:30,490][com.java.SeleniumDriver] [ 1066] - ?   P A S S   ?
[INFO ][2015-10-30 16:41:30,490][com.java.SeleniumDriver] [  788] - ------------------------------------------
[INFO ][2015-10-30 16:41:30,490][com.java.SeleniumDriver] [  789] - Test case being Executed: 14
[INFO ][2015-10-30 16:41:30,490][com.java.SeleniumDriver] [  800] - Test step:19
[INFO ][2015-10-30 16:41:30,490][com.java.SeleniumDriver] [  812] - Datavalue is----------1
[INFO ][2015-10-30 16:41:30,490][com.java.SeleniumDriver] [  836] - DataField : XPH//span[contains(text(),'Show Report')]
[INFO ][2015-10-30 16:41:30,490][com.java.SeleniumDriver] [  838] - DataValue : 1
[INFO ][2015-10-30 16:41:30,490][com.java.SeleniumDriver] [  844] - <In Set values of the page>
[INFO ][2015-10-30 16:41:30,490][com.java.SeleniumDriver] [  847] - {Data Fields & Data Values Exist}
[INFO ][2015-10-30 16:41:30,490][com.java.SeleniumDriver] [  849] - --------------------------setting values-----------------------------
[INFO ][2015-10-30 16:41:30,490][com.java.SeleniumDriver] [  852] - Action Type : WAITFORELEMENT
[INFO ][2015-10-30 16:41:30,540][com.java.SeleniumDriver] [  861] -  RESULT true
[INFO ][2015-10-30 16:41:30,540][com.java.SeleniumDriver] [ 1066] - ?   P A S S   ?
[INFO ][2015-10-30 16:41:30,540][com.java.SeleniumDriver] [  788] - ------------------------------------------
[INFO ][2015-10-30 16:41:30,540][com.java.SeleniumDriver] [  789] - Test case being Executed: 14
[INFO ][2015-10-30 16:41:30,540][com.java.SeleniumDriver] [  800] - Test step:20
[INFO ][2015-10-30 16:41:30,540][com.java.SeleniumDriver] [  812] - Datavalue is----------frameDialogContent
[INFO ][2015-10-30 16:41:30,540][com.java.SeleniumDriver] [  836] - DataField : BTN
[INFO ][2015-10-30 16:41:30,540][com.java.SeleniumDriver] [  838] - DataValue : frameDialogContent
[INFO ][2015-10-30 16:41:30,540][com.java.SeleniumDriver] [  844] - <In Set values of the page>
[INFO ][2015-10-30 16:41:30,540][com.java.SeleniumDriver] [  847] - {Data Fields & Data Values Exist}
[INFO ][2015-10-30 16:41:30,540][com.java.SeleniumDriver] [  849] - --------------------------setting values-----------------------------
[INFO ][2015-10-30 16:41:30,540][com.java.SeleniumDriver] [  852] - Action Type : SELECTFRAMEBYNAME
[INFO ][2015-10-30 16:41:30,540][com.java.TestType] [ 3749] - value = frameDialogContent
[INFO ][2015-10-30 16:41:30,620][com.java.SeleniumDriver] [  861] -  RESULT true
[INFO ][2015-10-30 16:41:30,620][com.java.SeleniumDriver] [ 1066] - ?   P A S S   ?
[INFO ][2015-10-30 16:41:30,620][com.java.SeleniumDriver] [  788] - ------------------------------------------
[INFO ][2015-10-30 16:41:30,620][com.java.SeleniumDriver] [  789] - Test case being Executed: 14
[INFO ][2015-10-30 16:41:30,620][com.java.SeleniumDriver] [  800] - Test step:21
[INFO ][2015-10-30 16:41:30,620][com.java.SeleniumDriver] [  812] - Datavalue is----------null
[DEBUG][2015-10-30 16:41:30,620][com.java.SeleniumDriver] [  830] - Exception: null
[INFO ][2015-10-30 16:41:30,620][com.java.SeleniumDriver] [  836] - DataField : BTNcbExpandCenters
[INFO ][2015-10-30 16:41:30,620][com.java.SeleniumDriver] [  838] - DataValue : 
[INFO ][2015-10-30 16:41:30,620][com.java.SeleniumDriver] [  844] - <In Set values of the page>
[INFO ][2015-10-30 16:41:30,620][com.java.SeleniumDriver] [  847] - {Data Fields & Data Values Exist}
[INFO ][2015-10-30 16:41:30,620][com.java.SeleniumDriver] [  849] - --------------------------setting values-----------------------------
[INFO ][2015-10-30 16:41:30,620][com.java.SeleniumDriver] [  852] - Action Type : CLICK
[INFO ][2015-10-30 16:41:30,620][com.java.TestType] [ 4062] - Field ::BTNcbExpandCenters
[INFO ][2015-10-30 16:41:31,620][com.java.TestType] [ 4100] - BEFORE CLICK
[INFO ][2015-10-30 16:41:32,781][com.java.TestType] [ 4107] - Unable to click the object Expand Columns checkbox
[INFO ][2015-10-30 16:41:32,781][com.java.SeleniumDriver] [  861] -  RESULT true
[INFO ][2015-10-30 16:41:32,781][com.java.SeleniumDriver] [ 1066] - ?   P A S S   ?
[INFO ][2015-10-30 16:41:32,781][com.java.SeleniumDriver] [  788] - ------------------------------------------
[INFO ][2015-10-30 16:41:32,781][com.java.SeleniumDriver] [  789] - Test case being Executed: 14
[INFO ][2015-10-30 16:41:32,781][com.java.SeleniumDriver] [  800] - Test step:22
[INFO ][2015-10-30 16:41:32,781][com.java.SeleniumDriver] [  812] - Datavalue is----------null
[DEBUG][2015-10-30 16:41:32,781][com.java.SeleniumDriver] [  830] - Exception: null
[INFO ][2015-10-30 16:41:32,781][com.java.SeleniumDriver] [  836] - DataField : XPH//span[contains(text(),'Show Report')]
[INFO ][2015-10-30 16:41:32,781][com.java.SeleniumDriver] [  838] - DataValue : 
[INFO ][2015-10-30 16:41:32,781][com.java.SeleniumDriver] [  844] - <In Set values of the page>
[INFO ][2015-10-30 16:41:32,781][com.java.SeleniumDriver] [  847] - {Data Fields & Data Values Exist}
[INFO ][2015-10-30 16:41:32,781][com.java.SeleniumDriver] [  849] - --------------------------setting values-----------------------------
[INFO ][2015-10-30 16:41:32,781][com.java.SeleniumDriver] [  852] - Action Type : CLICK
[INFO ][2015-10-30 16:41:32,781][com.java.TestType] [ 4062] - Field ::XPH//span[contains(text(),'Show Report')]
[INFO ][2015-10-30 16:41:33,781][com.java.TestType] [ 4121] - BEFORE CLICK
[ERROR][2015-10-30 16:41:34,141][com.java.TestType] [ 4295] - Exception in click:: Element //span[contains(text(),'Show Report')] not found
[INFO ][2015-10-30 16:41:34,141][com.java.TestType] [ 4299] - Element :://span[contains(text(),'Show Report')]:: not found
[INFO ][2015-10-30 16:41:34,141][com.java.SeleniumDriver] [  861] -  RESULT false
[INFO ][2015-10-30 16:41:34,141][com.java.SeleniumDriver] [  908] - ?   F A I L   ?
[INFO ][2015-10-30 16:41:34,141][com.java.SeleniumDriver] [  916] - Browser Type : IE11
[INFO ][2015-10-30 16:41:34,141][com.java.SeleniumDriver] [  917] - Adding Failed case14
[INFO ][2015-10-30 16:41:34,962][com.java.SeleniumDriver] [ 1030] - failedCases = 14
[ERROR][2015-10-30 16:41:34,962][com.java.SeleniumDriver] [ 1516] - Platform Errors : Our apologies...::We have encountered an issue with your request.::Our apologies?:We encountered an issue with your request.
[INFO ][2015-10-30 16:41:34,962][com.java.SeleniumDriver] [ 1520] - Length =3
[ERROR][2015-10-30 16:41:34,962][com.java.SeleniumDriver] [ 1523] - Error 0 = Our apologies...
[ERROR][2015-10-30 16:41:35,062][com.java.SeleniumDriver] [ 1523] - Error 1 = We have encountered an issue with your request.
[ERROR][2015-10-30 16:41:35,102][com.java.SeleniumDriver] [ 1523] - Error 2 = Our apologies?:We encountered an issue with your request.
[DEBUG][2015-10-30 16:41:35,142][com.java.SeleniumDriver] [ 1168] - Case found
[DEBUG][2015-10-30 16:41:35,142][com.java.SeleniumDriver] [ 1173] - Incrementing ReportCounters[0]:2
[INFO ][2015-10-30 16:41:35,142][com.java.SeleniumDriver] [ 1192] - The results are-------------------[14, 22, GL: Balance Sheet: Balance Sheet Report: Eliminations Positive Test, Fail, 
Test case failed at Step No. :: 22   Error Message ::  Element :://span[contains(text(),'Show Report')]:: not found. Screen Shot : D:\BankersDashboard\TestReports\103015\14_103015_164134_IE11.png, Fri Oct 30 16:41:35 IST 2015]
[INFO ][2015-10-30 16:41:35,142][com.java.SeleniumDriver] [ 1196] - End time is-------2 min 1 sec
[INFO ][2015-10-30 16:41:35,142][com.java.SeleniumDriver] [ 1197] - The results are-------------------[14, 22, GL: Balance Sheet: Balance Sheet Report: Eliminations Positive Test, Fail, 
Test case failed at Step No. :: 22   Error Message ::  Element :://span[contains(text(),'Show Report')]:: not found. Screen Shot : D:\BankersDashboard\TestReports\103015\14_103015_164134_IE11.png, Fri Oct 30 16:41:35 IST 2015]
[DEBUG][2015-10-30 16:41:35,142][com.java.ImportnExport.ExportTestResultsExcel] [  222] - testResultPath = D:\BankersDashboard/TestReports/Test Results_BankersDashBoard_103015_163936_IE11_Any Bank USA.xls
[DEBUG][2015-10-30 16:41:35,142][com.java.ImportnExport.ExportTestResultsExcel] [  223] - browser is------------IE11
[DEBUG][2015-10-30 16:41:35,142][com.java.ImportnExport.ExportTestResultsExcel] [  270] - result.size() = 6
[DEBUG][2015-10-30 16:41:35,142][com.java.ImportnExport.ExportTestResultsExcel] [  274] - No of rows in sheet=2
[DEBUG][2015-10-30 16:41:35,142][com.java.ImportnExport.ExportTestResultsExcel] [  301] - ..in export..14
[DEBUG][2015-10-30 16:41:35,142][com.java.ImportnExport.ExportTestResultsExcel] [  301] - ..in export..GL: Balance Sheet: Balance Sheet Report: Eliminations Positive Test
[DEBUG][2015-10-30 16:41:35,142][com.java.ImportnExport.ExportTestResultsExcel] [  301] - ..in export..Fail
[DEBUG][2015-10-30 16:41:35,142][com.java.ImportnExport.ExportTestResultsExcel] [  301] - ..in export..
Test case failed at Step No. :: 22   Error Message ::  Element :://span[contains(text(),'Show Report')]:: not found. Screen Shot : D:\BankersDashboard\TestReports\103015\14_103015_164134_IE11.png
[DEBUG][2015-10-30 16:41:35,142][com.java.ImportnExport.ExportTestResultsExcel] [  301] - ..in export..Fri Oct 30 16:41:35 IST 2015
[INFO ][2015-10-30 16:41:35,142][com.java.SeleniumDriver] [ 1255] - out loop:1 size:2 TestCases:[1, 14] testcases:[1, 14]
[INFO ][2015-10-30 16:41:37,148][com.java.SeleniumDriver] [ 1297] - Total Number of Cases:2
[INFO ][2015-10-30 16:41:37,148][com.java.TemplateGenerator] [  302] - Executed:2
[INFO ][2015-10-30 16:41:37,148][com.java.TemplateGenerator] [  303] - Passed:1
[INFO ][2015-10-30 16:41:37,148][com.java.TemplateGenerator] [  304] - Failed:1
[INFO ][2015-10-30 16:41:37,148][com.java.TemplateGenerator] [  305] - Skipeed:0
[INFO ][2015-10-30 16:41:37,148][com.java.TemplateGenerator] [  306] - Application URL:https://clients-xuat.bankersdashboard.com
[INFO ][2015-10-30 16:41:37,148][com.java.TemplateGenerator] [  307] - Start Time:103015_163936
[INFO ][2015-10-30 16:41:37,148][com.java.TemplateGenerator] [  308] -  Creating HTML Report 
[ERROR][2015-10-30 16:41:37,148][com.java.TemplateGenerator] [  409] - Unparseable date: "Fri Oct 30 04:39:36 IST 2015"
[INFO ][2015-10-30 16:41:37,148][com.java.TemplateGenerator] [  654] -  Exporting case :: 1
[INFO ][2015-10-30 16:41:37,148][com.java.TemplateGenerator] [  654] -  Exporting case :: 14
[INFO ][2015-10-30 16:41:37,148][com.java.SeleniumDriver] [ 1346] - End Time:103015_164137
[INFO ][2015-10-30 16:41:37,148][com.java.SeleniumDriver] [ 1349] - Data in Test Execution Details:{1=PASS, 14=FAILTest case failed at Step No. :: 22   Error Message ::  Element :://span[contains(text(),'Show Report')]:: not found}
[INFO ][2015-10-30 16:41:37,148][com.java.SeleniumDriver] [ 1350] - Data in Failed Execution Deatils:{}
[INFO ][2015-10-30 16:41:37,148][com.java.SeleniumDriver] [ 1352] - ReportCounter:Total:2 :: PASS: 1 ::FAIL: 1
[INFO ][2015-10-30 16:41:37,148][com.java.SeleniumDriver] [ 1353] - FailedReportCounter:Total:0 :: PASS: 0 ::FAIL: 0
[INFO ][2015-10-30 16:41:37,149][com.java.EmailTestReport] [   63] - Sending report mail details:
[INFO ][2015-10-30 16:41:37,149][com.java.EmailTestReport] [   80] - Excel Report Path:D:\BankersDashboard/TestReports/Test Results_BankersDashBoard_103015_163936_IE11_Any Bank USA.xls
[INFO ][2015-10-30 16:41:37,149][com.java.EmailTestReport] [   81] - HTML Report Path:D:\BankersDashboard//TestReports//Test Results_BankersDashBoard_103015_163936_IE11_Any Bank USA.html
[INFO ][2015-10-30 16:41:37,149][com.java.EmailTestReport] [   82] - smtpHostName:mail01.valuelabs.com
[INFO ][2015-10-30 16:41:37,149][com.java.EmailTestReport] [   83] - Recipient:venkateswararao.gubbala@valuelabs.com
[INFO ][2015-10-30 16:41:37,149][com.java.EmailTestReport] [   84] - From:venkateswararao.gubbala@valuelabs.com
[INFO ][2015-10-30 16:41:37,149][com.java.EmailTestReport] [   85] - Subject:DestinationRewards Automation Test Report - Any Bank USA - IE11
[INFO ][2015-10-30 16:41:37,169][com.java.EmailTestReport] [  143] -  Added venkateswararao.gubbala@valuelabs.com
[INFO ][2015-10-30 16:41:40,579][com.java.SeleniumDriver] [  719] - quitting the browser 
[INFO ][2015-10-30 16:41:41,869][com.java.SeleniumDriver] [  263] - Execution Completed Stopping the thread
