[INFO ][2016-01-20 14:00:16,349][com.java.SeleniumDriver] [  213] - Execute Failed Casesfalse
[INFO ][2016-01-20 14:00:16,349][com.java.SeleniumDriver] [  214] - Browser: IE10
[INFO ][2016-01-20 14:00:16,349][com.java.SeleniumDriver] [  215] - [1, 6]
[INFO ][2016-01-20 14:00:16,349][com.java.SeleniumDriver] [  216] - Total TestCases:2
[INFO ][2016-01-20 14:00:16,349][com.java.SeleniumDriver] [  217] -  Reading Properties from Property File 
[DEBUG][2016-01-20 14:00:16,349][com.java.SeleniumDriver] [  238] - url : https://clients-xuat.bankersdashboard.com
[INFO ][2016-01-20 14:00:16,369][com.java.ImportnExport.ExportTestResultsExcel] [  116] - Time Stamp Wed Jan 20 02:00:16 IST 2016
[INFO ][2016-01-20 14:00:16,369][com.java.ImportnExport.ExportTestResultsExcel] [  175] - OUT FILE : D:\BankersDashboard/TestReports/Test Results_BankersDashBoard_012016_140016_IE10_First Bank.xls
[INFO ][2016-01-20 14:00:16,410][com.java.ImportnExport.ExportTestResultsExcel] [  180] - Test Result file is created
[DEBUG][2016-01-20 14:00:16,540][com.java.SeleniumDriver] [  426] - Hub ip address is-------172.17.68.34
[INFO ][2016-01-20 14:00:16,540][com.java.SeleniumDriver] [  452] - Grid URL:http://172.17.68.34:4444/wd/hub
[INFO ][2016-01-20 14:00:16,540][com.java.SeleniumDriver] [  453] - Capability:Capabilities [{platform=ANY, ensureCleanSession=true, ignoreProtectedModeSettings=true, acceptSslCerts=true, ignoreZoomSetting=true, browserName=internet explorer, browserstack.ie.noFlash=true, version=null}]
[ERROR][2016-01-20 14:00:18,340][com.java.SeleniumDriver] [  498] - Unable invoke browser in grid:Could not start a new session. Possible causes are invalid address of the remote server or browser start-up failure.
Build info: version: '2.48.2', revision: '41bccdd', time: '2015-10-09 19:59:12'
System info: host: 'FVTIII438F1D', ip: '172.17.68.34', os.name: 'Windows 7', os.arch: 'x86', os.version: '6.1', java.version: '1.7.0_55'
Driver info: driver.version: SeleniumDriver
[INFO ][2016-01-20 14:00:18,340][com.java.SeleniumDriver] [  500] - Executing on local machine
[INFO ][2016-01-20 14:00:29,111][com.java.SeleniumDriver] [  248] - IE10is opened
[INFO ][2016-01-20 14:00:29,936][com.java.SeleniumDriver] [  756] - Test cases to be executed are: [1, 6]
[INFO ][2016-01-20 14:00:30,007][com.java.ImportnExport.ImportTestDataDetailsExcel] [   49] - test data details path===== D:\BankersDashboard\TestInputs\TestData.xls
[INFO ][2016-01-20 14:00:30,057][com.java.SeleniumDriver] [  856] - ------------------------------------------
[INFO ][2016-01-20 14:00:30,057][com.java.SeleniumDriver] [  857] - Test case being Executed: 1
[INFO ][2016-01-20 14:00:30,057][com.java.SeleniumDriver] [  869] - Test step:1
[INFO ][2016-01-20 14:00:30,057][com.java.SeleniumDriver] [  881] - Datavalue is----------Concept#1:1-14
[INFO ][2016-01-20 14:00:30,057][com.java.SeleniumDriver] [  905] - DataField : test
[INFO ][2016-01-20 14:00:30,057][com.java.SeleniumDriver] [  907] - DataValue : Concept#1:1-14
[INFO ][2016-01-20 14:00:30,057][com.java.SeleniumDriver] [  913] - <In Set values of the page>
[INFO ][2016-01-20 14:00:30,057][com.java.SeleniumDriver] [  916] - {Data Fields & Data Values Exist}
[INFO ][2016-01-20 14:00:30,057][com.java.SeleniumDriver] [  918] - --------------------------setting values-----------------------------
[INFO ][2016-01-20 14:00:30,057][com.java.SeleniumDriver] [  921] - Action Type : ExecuteTestCase
[INFO ][2016-01-20 14:00:30,287][com.java.TestType] [  442] - The Concept sheet name is ---------- Concept
[INFO ][2016-01-20 14:00:30,287][com.java.TestType] [  445] - The Concept ID  is ---------- 1
[DEBUG][2016-01-20 14:00:30,287][com.java.TestType] [  449] - Steps being executted in the Concept are: 1:14
[INFO ][2016-01-20 14:00:30,287][com.java.TestType] [  456] - Test data details path ---------- D:\BankersDashboard\TestInputs\TestData.xls
[INFO ][2016-01-20 14:00:30,297][com.java.TestType] [  487] -  str(1) = 1
[INFO ][2016-01-20 14:00:30,297][com.java.TestType] [  490] - Test case Id is---1
[INFO ][2016-01-20 14:00:30,297][com.java.TestType] [  492] - 1
[INFO ][2016-01-20 14:00:30,297][com.java.TestType] [  487] -  str(2) = 1
[INFO ][2016-01-20 14:00:30,297][com.java.TestType] [  487] -  str(1) = 1
[INFO ][2016-01-20 14:00:30,297][com.java.TestType] [  490] - Test case Id is---1
[INFO ][2016-01-20 14:00:30,307][com.java.TestType] [  492] - 1
[INFO ][2016-01-20 14:00:30,307][com.java.TestType] [  487] -  str(2) = 2
[INFO ][2016-01-20 14:00:30,307][com.java.TestType] [  487] -  str(1) = 1
[INFO ][2016-01-20 14:00:30,307][com.java.TestType] [  490] - Test case Id is---1
[INFO ][2016-01-20 14:00:30,307][com.java.TestType] [  492] - 1
[INFO ][2016-01-20 14:00:30,307][com.java.TestType] [  487] -  str(2) = 3
[INFO ][2016-01-20 14:00:30,307][com.java.TestType] [  487] -  str(1) = 1
[INFO ][2016-01-20 14:00:30,307][com.java.TestType] [  490] - Test case Id is---1
[INFO ][2016-01-20 14:00:30,307][com.java.TestType] [  492] - 1
[INFO ][2016-01-20 14:00:30,307][com.java.TestType] [  487] -  str(2) = 4
[INFO ][2016-01-20 14:00:30,307][com.java.TestType] [  487] -  str(1) = 1
[INFO ][2016-01-20 14:00:30,307][com.java.TestType] [  490] - Test case Id is---1
[INFO ][2016-01-20 14:00:30,307][com.java.TestType] [  492] - 1
[INFO ][2016-01-20 14:00:30,307][com.java.TestType] [  487] -  str(2) = 5
[INFO ][2016-01-20 14:00:30,307][com.java.TestType] [  487] -  str(1) = 1
[INFO ][2016-01-20 14:00:30,307][com.java.TestType] [  490] - Test case Id is---1
[INFO ][2016-01-20 14:00:30,307][com.java.TestType] [  492] - 1
[INFO ][2016-01-20 14:00:30,307][com.java.TestType] [  487] -  str(2) = 6
[INFO ][2016-01-20 14:00:30,307][com.java.TestType] [  487] -  str(1) = 1
[INFO ][2016-01-20 14:00:30,307][com.java.TestType] [  490] - Test case Id is---1
[INFO ][2016-01-20 14:00:30,307][com.java.TestType] [  492] - 1
[INFO ][2016-01-20 14:00:30,307][com.java.TestType] [  487] -  str(2) = 7
[INFO ][2016-01-20 14:00:30,307][com.java.TestType] [  487] -  str(1) = 1
[INFO ][2016-01-20 14:00:30,307][com.java.TestType] [  490] - Test case Id is---1
[INFO ][2016-01-20 14:00:30,307][com.java.TestType] [  492] - 1
[INFO ][2016-01-20 14:00:30,307][com.java.TestType] [  487] -  str(2) = 8
[INFO ][2016-01-20 14:00:30,307][com.java.TestType] [  487] -  str(1) = 1
[INFO ][2016-01-20 14:00:30,307][com.java.TestType] [  490] - Test case Id is---1
[INFO ][2016-01-20 14:00:30,307][com.java.TestType] [  492] - 1
[INFO ][2016-01-20 14:00:30,307][com.java.TestType] [  487] -  str(2) = 9
[INFO ][2016-01-20 14:00:30,307][com.java.TestType] [  487] -  str(1) = 1
[INFO ][2016-01-20 14:00:30,307][com.java.TestType] [  490] - Test case Id is---1
[INFO ][2016-01-20 14:00:30,307][com.java.TestType] [  492] - 1
[INFO ][2016-01-20 14:00:30,307][com.java.TestType] [  487] -  str(2) = 10
[INFO ][2016-01-20 14:00:30,307][com.java.TestType] [  487] -  str(1) = 1
[INFO ][2016-01-20 14:00:30,307][com.java.TestType] [  490] - Test case Id is---1
[INFO ][2016-01-20 14:00:30,307][com.java.TestType] [  492] - 1
[INFO ][2016-01-20 14:00:30,307][com.java.TestType] [  487] -  str(2) = 11
[INFO ][2016-01-20 14:00:30,307][com.java.TestType] [  487] -  str(1) = 1
[INFO ][2016-01-20 14:00:30,307][com.java.TestType] [  490] - Test case Id is---1
[INFO ][2016-01-20 14:00:30,307][com.java.TestType] [  492] - 1
[INFO ][2016-01-20 14:00:30,307][com.java.TestType] [  487] -  str(2) = 12
[INFO ][2016-01-20 14:00:30,307][com.java.TestType] [  487] -  str(1) = 1
[INFO ][2016-01-20 14:00:30,307][com.java.TestType] [  490] - Test case Id is---1
[INFO ][2016-01-20 14:00:30,307][com.java.TestType] [  492] - 1
[INFO ][2016-01-20 14:00:30,307][com.java.TestType] [  487] -  str(2) = 13
[INFO ][2016-01-20 14:00:30,307][com.java.TestType] [  487] -  str(1) = 1
[INFO ][2016-01-20 14:00:30,307][com.java.TestType] [  490] - Test case Id is---1
[INFO ][2016-01-20 14:00:30,307][com.java.TestType] [  492] - 1
[INFO ][2016-01-20 14:00:30,307][com.java.TestType] [  487] -  str(2) = 14
[INFO ][2016-01-20 14:00:30,307][com.java.TestType] [  487] -  str(1) = 1
[INFO ][2016-01-20 14:00:30,307][com.java.TestType] [  490] - Test case Id is---1
[INFO ][2016-01-20 14:00:30,307][com.java.TestType] [  492] - 1
[INFO ][2016-01-20 14:00:30,307][com.java.TestType] [  487] -  str(2) = 15
[INFO ][2016-01-20 14:00:30,307][com.java.TestType] [  487] -  str(1) = 1
[INFO ][2016-01-20 14:00:30,307][com.java.TestType] [  490] - Test case Id is---1
[INFO ][2016-01-20 14:00:30,307][com.java.TestType] [  492] - 1
[INFO ][2016-01-20 14:00:30,307][com.java.TestType] [  487] -  str(2) = 16
[INFO ][2016-01-20 14:00:30,317][com.java.TestType] [11384] - Looping 1TCID = 1
[DEBUG][2016-01-20 14:00:30,317][com.java.TestType] [11425] - Concept ID:1 :: Step being Executed: 1::1
[INFO ][2016-01-20 14:00:30,317][com.java.TestType] [11463] - dataFields : TXTusername
[DEBUG][2016-01-20 14:00:30,317][com.java.TestType] [11469] - <In Set values of the page>
[DEBUG][2016-01-20 14:00:30,317][com.java.TestType] [11474] - {Data Fields & Data Values Exist}
[INFO ][2016-01-20 14:00:30,317][com.java.TestType] [11480] - --------------------------setting values-----------------------------
[INFO ][2016-01-20 14:00:30,317][com.java.TestType] [11483] - Action Type : CLEARANDENTER
[INFO ][2016-01-20 14:00:32,628][com.java.TestType] [ 6201] - value = valuelabs.ie10.15019
[INFO ][2016-01-20 14:00:35,059][com.java.TestType] [11502] -  RESULT true
[INFO ][2016-01-20 14:00:35,059][com.java.TestType] [11619] - ?   P A S S   ?
[DEBUG][2016-01-20 14:00:35,059][com.java.TestType] [11425] - Concept ID:1 :: Step being Executed: 1::2
[INFO ][2016-01-20 14:00:35,059][com.java.TestType] [11463] - dataFields : TXTpassword
[DEBUG][2016-01-20 14:00:35,059][com.java.TestType] [11469] - <In Set values of the page>
[DEBUG][2016-01-20 14:00:35,059][com.java.TestType] [11474] - {Data Fields & Data Values Exist}
[INFO ][2016-01-20 14:00:35,059][com.java.TestType] [11480] - --------------------------setting values-----------------------------
[INFO ][2016-01-20 14:00:35,059][com.java.TestType] [11483] - Action Type : CLEARANDENTER
[INFO ][2016-01-20 14:00:37,307][com.java.TestType] [ 6201] - value = Password1*
[INFO ][2016-01-20 14:00:39,879][com.java.TestType] [11502] -  RESULT true
[INFO ][2016-01-20 14:00:39,879][com.java.TestType] [11619] - ?   P A S S   ?
[DEBUG][2016-01-20 14:00:39,879][com.java.TestType] [11425] - Concept ID:1 :: Step being Executed: 1::3
[ERROR][2016-01-20 14:00:39,879][com.java.TestType] [11458] - Exception: null
[INFO ][2016-01-20 14:00:39,879][com.java.TestType] [11463] - dataFields : XPH//button[@type='submit']
[DEBUG][2016-01-20 14:00:39,879][com.java.TestType] [11469] - <In Set values of the page>
[DEBUG][2016-01-20 14:00:39,879][com.java.TestType] [11474] - {Data Fields & Data Values Exist}
[INFO ][2016-01-20 14:00:39,879][com.java.TestType] [11480] - --------------------------setting values-----------------------------
[INFO ][2016-01-20 14:00:39,879][com.java.TestType] [11483] - Action Type : Click
[INFO ][2016-01-20 14:00:39,879][com.java.TestType] [ 6580] - Field ::XPH//button[@type='submit']
[INFO ][2016-01-20 14:00:39,879][com.java.TestType] [ 6201] - value = 
[INFO ][2016-01-20 14:00:40,879][com.java.TestType] [ 6725] - BEFORE CLICK
[INFO ][2016-01-20 14:00:41,739][com.java.TestType] [ 6733] - Unable to click the object Login
[INFO ][2016-01-20 14:00:41,739][com.java.TestType] [11502] -  RESULT true
[INFO ][2016-01-20 14:00:41,739][com.java.TestType] [11619] - ?   P A S S   ?
[DEBUG][2016-01-20 14:00:41,739][com.java.TestType] [11425] - Concept ID:1 :: Step being Executed: 1::4
[INFO ][2016-01-20 14:00:41,739][com.java.TestType] [11463] - dataFields : LNKLogout
[DEBUG][2016-01-20 14:00:41,739][com.java.TestType] [11469] - <In Set values of the page>
[DEBUG][2016-01-20 14:00:41,739][com.java.TestType] [11474] - {Data Fields & Data Values Exist}
[INFO ][2016-01-20 14:00:41,739][com.java.TestType] [11480] - --------------------------setting values-----------------------------
[INFO ][2016-01-20 14:00:41,739][com.java.TestType] [11483] - Action Type : WaitForElement
[INFO ][2016-01-20 14:00:50,065][com.java.TestType] [11502] -  RESULT true
[INFO ][2016-01-20 14:00:50,065][com.java.TestType] [11619] - ?   P A S S   ?
[INFO ][2016-01-20 14:00:50,065][com.java.TestType] [11690] - Looping End......
[INFO ][2016-01-20 14:00:50,065][com.java.SeleniumDriver] [  930] -  RESULT true
[INFO ][2016-01-20 14:00:50,065][com.java.SeleniumDriver] [ 1136] - ?   P A S S   ?
[INFO ][2016-01-20 14:00:50,065][com.java.SeleniumDriver] [  856] - ------------------------------------------
[INFO ][2016-01-20 14:00:50,065][com.java.SeleniumDriver] [  857] - Test case being Executed: 1
[INFO ][2016-01-20 14:00:50,065][com.java.SeleniumDriver] [  869] - Test step:2
[INFO ][2016-01-20 14:00:50,065][com.java.SeleniumDriver] [  881] - Datavalue is----------Concept#2:1-2
[INFO ][2016-01-20 14:00:50,065][com.java.SeleniumDriver] [  905] - DataField : test
[INFO ][2016-01-20 14:00:50,065][com.java.SeleniumDriver] [  907] - DataValue : Concept#2:1-2
[INFO ][2016-01-20 14:00:50,065][com.java.SeleniumDriver] [  913] - <In Set values of the page>
[INFO ][2016-01-20 14:00:50,065][com.java.SeleniumDriver] [  916] - {Data Fields & Data Values Exist}
[INFO ][2016-01-20 14:00:50,065][com.java.SeleniumDriver] [  918] - --------------------------setting values-----------------------------
[INFO ][2016-01-20 14:00:50,065][com.java.SeleniumDriver] [  921] - Action Type : ExecuteTestCase
[INFO ][2016-01-20 14:00:50,065][com.java.TestType] [  442] - The Concept sheet name is ---------- Concept
[INFO ][2016-01-20 14:00:50,065][com.java.TestType] [  445] - The Concept ID  is ---------- 2
[DEBUG][2016-01-20 14:00:50,065][com.java.TestType] [  449] - Steps being executted in the Concept are: 1:2
[INFO ][2016-01-20 14:00:50,065][com.java.TestType] [  456] - Test data details path ---------- D:\BankersDashboard\TestInputs\TestData.xls
[INFO ][2016-01-20 14:00:50,065][com.java.TestType] [  487] -  str(1) = 2
[INFO ][2016-01-20 14:00:50,065][com.java.TestType] [  490] - Test case Id is---2
[INFO ][2016-01-20 14:00:50,065][com.java.TestType] [  492] - 2
[INFO ][2016-01-20 14:00:50,065][com.java.TestType] [  487] -  str(2) = 1
[INFO ][2016-01-20 14:00:50,065][com.java.TestType] [  487] -  str(1) = 2
[INFO ][2016-01-20 14:00:50,065][com.java.TestType] [  490] - Test case Id is---2
[INFO ][2016-01-20 14:00:50,065][com.java.TestType] [  492] - 2
[INFO ][2016-01-20 14:00:50,065][com.java.TestType] [  487] -  str(2) = 2
[INFO ][2016-01-20 14:00:50,065][com.java.TestType] [  487] -  str(1) = 2
[INFO ][2016-01-20 14:00:50,065][com.java.TestType] [  490] - Test case Id is---2
[INFO ][2016-01-20 14:00:50,075][com.java.TestType] [  492] - 2
[INFO ][2016-01-20 14:00:50,075][com.java.TestType] [  487] -  str(2) = 3
[INFO ][2016-01-20 14:00:50,075][com.java.TestType] [11384] - Looping 1TCID = 2
[DEBUG][2016-01-20 14:00:50,075][com.java.TestType] [11425] - Concept ID:2 :: Step being Executed: 2::1
[INFO ][2016-01-20 14:00:50,075][com.java.TestType] [11463] - dataFields : BNK//select[@id='bank']
[DEBUG][2016-01-20 14:00:50,075][com.java.TestType] [11469] - <In Set values of the page>
[DEBUG][2016-01-20 14:00:50,075][com.java.TestType] [11474] - {Data Fields & Data Values Exist}
[INFO ][2016-01-20 14:00:50,075][com.java.TestType] [11480] - --------------------------setting values-----------------------------
[INFO ][2016-01-20 14:00:50,075][com.java.TestType] [11483] - Action Type : Select
[INFO ][2016-01-20 14:00:50,075][com.java.TestType] [ 6201] - value = PFC
[INFO ][2016-01-20 14:00:50,371][com.java.TestType] [11502] -  RESULT true
[INFO ][2016-01-20 14:00:50,371][com.java.TestType] [11619] - ?   P A S S   ?
[DEBUG][2016-01-20 14:00:50,371][com.java.TestType] [11425] - Concept ID:2 :: Step being Executed: 2::2
[INFO ][2016-01-20 14:00:50,371][com.java.TestType] [11463] - dataFields : LNKLogout
[DEBUG][2016-01-20 14:00:50,371][com.java.TestType] [11469] - <In Set values of the page>
[DEBUG][2016-01-20 14:00:50,371][com.java.TestType] [11474] - {Data Fields & Data Values Exist}
[INFO ][2016-01-20 14:00:50,371][com.java.TestType] [11480] - --------------------------setting values-----------------------------
[INFO ][2016-01-20 14:00:50,371][com.java.TestType] [11483] - Action Type : WaitTime
[DEBUG][2016-01-20 14:00:50,371][com.java.TestType] [ 6015] - sleepTime: 5000
[INFO ][2016-01-20 14:00:55,386][com.java.TestType] [11502] -  RESULT true
[INFO ][2016-01-20 14:00:55,386][com.java.TestType] [11619] - ?   P A S S   ?
[INFO ][2016-01-20 14:00:55,386][com.java.TestType] [11690] - Looping End......
[INFO ][2016-01-20 14:00:55,386][com.java.SeleniumDriver] [  930] -  RESULT true
[INFO ][2016-01-20 14:00:55,386][com.java.SeleniumDriver] [ 1136] - ?   P A S S   ?
[INFO ][2016-01-20 14:00:55,386][com.java.SeleniumDriver] [  856] - ------------------------------------------
[INFO ][2016-01-20 14:00:55,386][com.java.SeleniumDriver] [  857] - Test case being Executed: 1
[INFO ][2016-01-20 14:00:55,386][com.java.SeleniumDriver] [  869] - Test step:3
[INFO ][2016-01-20 14:00:55,386][com.java.SeleniumDriver] [  881] - Datavalue is----------2
[INFO ][2016-01-20 14:00:55,386][com.java.SeleniumDriver] [  905] - DataField : XPH//button[contains(text(),'Add Content')]
[INFO ][2016-01-20 14:00:55,386][com.java.SeleniumDriver] [  907] - DataValue : 2
[INFO ][2016-01-20 14:00:55,386][com.java.SeleniumDriver] [  913] - <In Set values of the page>
[INFO ][2016-01-20 14:00:55,386][com.java.SeleniumDriver] [  916] - {Data Fields & Data Values Exist}
[INFO ][2016-01-20 14:00:55,386][com.java.SeleniumDriver] [  918] - --------------------------setting values-----------------------------
[INFO ][2016-01-20 14:00:55,386][com.java.SeleniumDriver] [  921] - Action Type : WAITFORELEMENT
[INFO ][2016-01-20 14:00:55,427][com.java.SeleniumDriver] [  930] -  RESULT true
[INFO ][2016-01-20 14:00:55,427][com.java.SeleniumDriver] [ 1136] - ?   P A S S   ?
[DEBUG][2016-01-20 14:00:55,427][com.java.SeleniumDriver] [ 1248] - Case found
[DEBUG][2016-01-20 14:00:55,427][com.java.SeleniumDriver] [ 1253] - Incrementing ReportCounters[0]:1
[INFO ][2016-01-20 14:00:55,427][com.java.SeleniumDriver] [ 1272] - The results are-------------------[1, 1, Valid Login, Pass, , Wed Jan 20 14:00:50 IST 2016, 1, 2, Valid Login, Pass, , Wed Jan 20 14:00:55 IST 2016, 1, 3, Valid Login, Pass, , Wed Jan 20 14:00:55 IST 2016]
[INFO ][2016-01-20 14:00:55,427][com.java.SeleniumDriver] [ 1276] - End time is-------41 sec
[INFO ][2016-01-20 14:00:55,427][com.java.SeleniumDriver] [ 1277] - The results are-------------------[1, 1, Valid Login, Pass, , Wed Jan 20 14:00:50 IST 2016, 1, 2, Valid Login, Pass, , Wed Jan 20 14:00:55 IST 2016, 1, 3, Valid Login, Pass, , Wed Jan 20 14:00:55 IST 2016]
[DEBUG][2016-01-20 14:00:55,427][com.java.ImportnExport.ExportTestResultsExcel] [  222] - testResultPath = D:\BankersDashboard/TestReports/Test Results_BankersDashBoard_012016_140016_IE10_First Bank.xls
[DEBUG][2016-01-20 14:00:55,427][com.java.ImportnExport.ExportTestResultsExcel] [  223] - browser is------------IE10
[DEBUG][2016-01-20 14:00:55,477][com.java.ImportnExport.ExportTestResultsExcel] [  270] - result.size() = 18
[DEBUG][2016-01-20 14:00:55,487][com.java.ImportnExport.ExportTestResultsExcel] [  274] - No of rows in sheet=1
[DEBUG][2016-01-20 14:00:55,487][com.java.ImportnExport.ExportTestResultsExcel] [  301] - ..in export..1
[DEBUG][2016-01-20 14:00:55,487][com.java.ImportnExport.ExportTestResultsExcel] [  301] - ..in export..Valid Login
[DEBUG][2016-01-20 14:00:55,487][com.java.ImportnExport.ExportTestResultsExcel] [  301] - ..in export..Pass
[DEBUG][2016-01-20 14:00:55,487][com.java.ImportnExport.ExportTestResultsExcel] [  301] - ..in export..
[DEBUG][2016-01-20 14:00:55,487][com.java.ImportnExport.ExportTestResultsExcel] [  301] - ..in export..Wed Jan 20 14:00:50 IST 2016
[INFO ][2016-01-20 14:00:55,487][com.java.SeleniumDriver] [ 1337] - out loop:0 size:2 TestCases:[1, 6] testcases:[1, 6]
[INFO ][2016-01-20 14:00:55,487][com.java.ImportnExport.ImportTestDataDetailsExcel] [   49] - test data details path===== D:\BankersDashboard\TestInputs\TestData.xls
[INFO ][2016-01-20 14:01:18,115][com.java.SeleniumDriver] [  856] - ------------------------------------------
[INFO ][2016-01-20 14:01:18,115][com.java.SeleniumDriver] [  857] - Test case being Executed: 6
[INFO ][2016-01-20 14:01:18,115][com.java.SeleniumDriver] [  869] - Test step:1
[INFO ][2016-01-20 14:01:18,115][com.java.SeleniumDriver] [  881] - Datavalue is----------Logout
[INFO ][2016-01-20 14:01:18,115][com.java.SeleniumDriver] [  905] - DataField : BTN
[INFO ][2016-01-20 14:01:18,115][com.java.SeleniumDriver] [  907] - DataValue : Logout
[INFO ][2016-01-20 14:01:18,115][com.java.SeleniumDriver] [  913] - <In Set values of the page>
[INFO ][2016-01-20 14:01:18,115][com.java.SeleniumDriver] [  916] - {Data Fields & Data Values Exist}
[INFO ][2016-01-20 14:01:18,115][com.java.SeleniumDriver] [  918] - --------------------------setting values-----------------------------
[INFO ][2016-01-20 14:01:18,115][com.java.SeleniumDriver] [  921] - Action Type : Verify
[INFO ][2016-01-20 14:01:18,115][com.java.TestType] [ 7717] - field= BTN value= Logout
[INFO ][2016-01-20 14:01:18,115][com.java.TestType] [ 6201] - value = Logout
[INFO ][2016-01-20 14:01:18,196][com.java.SeleniumDriver] [  930] -  RESULT true
[INFO ][2016-01-20 14:01:18,196][com.java.SeleniumDriver] [ 1136] - ?   P A S S   ?
[INFO ][2016-01-20 14:01:18,196][com.java.SeleniumDriver] [ 1178] - step change to 3
[INFO ][2016-01-20 14:01:18,196][com.java.SeleniumDriver] [  856] - ------------------------------------------
[INFO ][2016-01-20 14:01:18,196][com.java.SeleniumDriver] [  857] - Test case being Executed: 6
[INFO ][2016-01-20 14:01:18,196][com.java.SeleniumDriver] [  869] - Test step:3
[INFO ][2016-01-20 14:01:18,196][com.java.SeleniumDriver] [  881] - Datavalue is----------Concept#2:1-2
[INFO ][2016-01-20 14:01:18,196][com.java.SeleniumDriver] [  905] - DataField : test
[INFO ][2016-01-20 14:01:18,196][com.java.SeleniumDriver] [  907] - DataValue : Concept#2:1-2
[INFO ][2016-01-20 14:01:18,196][com.java.SeleniumDriver] [  913] - <In Set values of the page>
[INFO ][2016-01-20 14:01:18,196][com.java.SeleniumDriver] [  916] - {Data Fields & Data Values Exist}
[INFO ][2016-01-20 14:01:18,196][com.java.SeleniumDriver] [  918] - --------------------------setting values-----------------------------
[INFO ][2016-01-20 14:01:18,196][com.java.SeleniumDriver] [  921] - Action Type : ExecuteTestCase
[INFO ][2016-01-20 14:01:18,196][com.java.TestType] [  442] - The Concept sheet name is ---------- Concept
[INFO ][2016-01-20 14:01:18,196][com.java.TestType] [  445] - The Concept ID  is ---------- 2
[DEBUG][2016-01-20 14:01:18,196][com.java.TestType] [  449] - Steps being executted in the Concept are: 1:2
[INFO ][2016-01-20 14:01:18,196][com.java.TestType] [  456] - Test data details path ---------- D:\BankersDashboard\TestInputs\TestData.xls
[INFO ][2016-01-20 14:01:18,206][com.java.TestType] [  487] -  str(1) = 2
[INFO ][2016-01-20 14:01:18,206][com.java.TestType] [  490] - Test case Id is---2
[INFO ][2016-01-20 14:01:18,206][com.java.TestType] [  492] - 2
[INFO ][2016-01-20 14:01:18,206][com.java.TestType] [  487] -  str(2) = 1
[INFO ][2016-01-20 14:01:18,206][com.java.TestType] [  487] -  str(1) = 2
[INFO ][2016-01-20 14:01:18,206][com.java.TestType] [  490] - Test case Id is---2
[INFO ][2016-01-20 14:01:18,206][com.java.TestType] [  492] - 2
[INFO ][2016-01-20 14:01:18,206][com.java.TestType] [  487] -  str(2) = 2
[INFO ][2016-01-20 14:01:18,206][com.java.TestType] [  487] -  str(1) = 2
[INFO ][2016-01-20 14:01:18,206][com.java.TestType] [  490] - Test case Id is---2
[INFO ][2016-01-20 14:01:18,206][com.java.TestType] [  492] - 2
[INFO ][2016-01-20 14:01:18,206][com.java.TestType] [  487] -  str(2) = 3
[INFO ][2016-01-20 14:01:18,206][com.java.TestType] [11384] - Looping 1TCID = 2
[DEBUG][2016-01-20 14:01:18,206][com.java.TestType] [11425] - Concept ID:2 :: Step being Executed: 2::1
[INFO ][2016-01-20 14:01:18,206][com.java.TestType] [11463] - dataFields : BNK//select[@id='bank']
[DEBUG][2016-01-20 14:01:18,206][com.java.TestType] [11469] - <In Set values of the page>
[DEBUG][2016-01-20 14:01:18,206][com.java.TestType] [11474] - {Data Fields & Data Values Exist}
[INFO ][2016-01-20 14:01:18,206][com.java.TestType] [11480] - --------------------------setting values-----------------------------
[INFO ][2016-01-20 14:01:18,206][com.java.TestType] [11483] - Action Type : Select
[INFO ][2016-01-20 14:01:18,206][com.java.TestType] [ 6201] - value = PFC
[INFO ][2016-01-20 14:01:18,386][com.java.TestType] [11502] -  RESULT true
[INFO ][2016-01-20 14:01:18,386][com.java.TestType] [11619] - ?   P A S S   ?
[DEBUG][2016-01-20 14:01:18,386][com.java.TestType] [11425] - Concept ID:2 :: Step being Executed: 2::2
[INFO ][2016-01-20 14:01:18,386][com.java.TestType] [11463] - dataFields : LNKLogout
[DEBUG][2016-01-20 14:01:18,386][com.java.TestType] [11469] - <In Set values of the page>
[DEBUG][2016-01-20 14:01:18,386][com.java.TestType] [11474] - {Data Fields & Data Values Exist}
[INFO ][2016-01-20 14:01:18,386][com.java.TestType] [11480] - --------------------------setting values-----------------------------
[INFO ][2016-01-20 14:01:18,386][com.java.TestType] [11483] - Action Type : WaitTime
[DEBUG][2016-01-20 14:01:18,386][com.java.TestType] [ 6015] - sleepTime: 5000
[INFO ][2016-01-20 14:01:23,386][com.java.TestType] [11502] -  RESULT true
[INFO ][2016-01-20 14:01:23,386][com.java.TestType] [11619] - ?   P A S S   ?
[INFO ][2016-01-20 14:01:23,386][com.java.TestType] [11690] - Looping End......
[INFO ][2016-01-20 14:01:23,386][com.java.SeleniumDriver] [  930] -  RESULT true
[INFO ][2016-01-20 14:01:23,386][com.java.SeleniumDriver] [ 1136] - ?   P A S S   ?
[INFO ][2016-01-20 14:01:23,386][com.java.SeleniumDriver] [  856] - ------------------------------------------
[INFO ][2016-01-20 14:01:23,386][com.java.SeleniumDriver] [  857] - Test case being Executed: 6
[INFO ][2016-01-20 14:01:23,386][com.java.SeleniumDriver] [  869] - Test step:4
[INFO ][2016-01-20 14:01:23,386][com.java.SeleniumDriver] [  881] - Datavalue is----------null
[DEBUG][2016-01-20 14:01:23,386][com.java.SeleniumDriver] [  899] - Exception: null
[INFO ][2016-01-20 14:01:23,386][com.java.SeleniumDriver] [  905] - DataField : //span[@class='icon-bars2']&&//a[@data-id='ManageExisting']
[INFO ][2016-01-20 14:01:23,386][com.java.SeleniumDriver] [  907] - DataValue : 
[INFO ][2016-01-20 14:01:23,386][com.java.SeleniumDriver] [  913] - <In Set values of the page>
[INFO ][2016-01-20 14:01:23,386][com.java.SeleniumDriver] [  916] - {Data Fields & Data Values Exist}
[INFO ][2016-01-20 14:01:23,386][com.java.SeleniumDriver] [  918] - --------------------------setting values-----------------------------
[INFO ][2016-01-20 14:01:23,386][com.java.SeleniumDriver] [  921] - Action Type : MOUSEOVER
[INFO ][2016-01-20 14:01:46,178][com.java.SeleniumDriver] [  930] -  RESULT true
[INFO ][2016-01-20 14:01:46,178][com.java.SeleniumDriver] [ 1136] - ?   P A S S   ?
[INFO ][2016-01-20 14:01:46,178][com.java.SeleniumDriver] [  856] - ------------------------------------------
[INFO ][2016-01-20 14:01:46,178][com.java.SeleniumDriver] [  857] - Test case being Executed: 6
[INFO ][2016-01-20 14:01:46,178][com.java.SeleniumDriver] [  869] - Test step:5
[INFO ][2016-01-20 14:01:46,178][com.java.SeleniumDriver] [  881] - Datavalue is----------3
[INFO ][2016-01-20 14:01:46,178][com.java.SeleniumDriver] [  905] - DataField : BTNframeDialogContent
[INFO ][2016-01-20 14:01:46,178][com.java.SeleniumDriver] [  907] - DataValue : 3
[INFO ][2016-01-20 14:01:46,178][com.java.SeleniumDriver] [  913] - <In Set values of the page>
[INFO ][2016-01-20 14:01:46,178][com.java.SeleniumDriver] [  916] - {Data Fields & Data Values Exist}
[INFO ][2016-01-20 14:01:46,178][com.java.SeleniumDriver] [  918] - --------------------------setting values-----------------------------
[INFO ][2016-01-20 14:01:46,178][com.java.SeleniumDriver] [  921] - Action Type : WaitForElement
[INFO ][2016-01-20 14:01:47,359][com.java.SeleniumDriver] [  930] -  RESULT true
[INFO ][2016-01-20 14:01:47,359][com.java.SeleniumDriver] [ 1136] - ?   P A S S   ?
[INFO ][2016-01-20 14:01:47,359][com.java.SeleniumDriver] [  856] - ------------------------------------------
[INFO ][2016-01-20 14:01:47,359][com.java.SeleniumDriver] [  857] - Test case being Executed: 6
[INFO ][2016-01-20 14:01:47,359][com.java.SeleniumDriver] [  869] - Test step:6
[INFO ][2016-01-20 14:01:47,359][com.java.SeleniumDriver] [  881] - Datavalue is----------null
[DEBUG][2016-01-20 14:01:47,359][com.java.SeleniumDriver] [  899] - Exception: null
[INFO ][2016-01-20 14:01:47,359][com.java.SeleniumDriver] [  905] - DataField : BTNframeDialogContent
[INFO ][2016-01-20 14:01:47,359][com.java.SeleniumDriver] [  907] - DataValue : 
[INFO ][2016-01-20 14:01:47,359][com.java.SeleniumDriver] [  913] - <In Set values of the page>
[INFO ][2016-01-20 14:01:47,359][com.java.SeleniumDriver] [  916] - {Data Fields & Data Values Exist}
[INFO ][2016-01-20 14:01:47,359][com.java.SeleniumDriver] [  918] - --------------------------setting values-----------------------------
[INFO ][2016-01-20 14:01:47,359][com.java.SeleniumDriver] [  921] - Action Type : SELECTFRAME
[INFO ][2016-01-20 14:01:48,581][com.java.SeleniumDriver] [  930] -  RESULT true
[INFO ][2016-01-20 14:01:48,581][com.java.SeleniumDriver] [ 1136] - ?   P A S S   ?
[INFO ][2016-01-20 14:01:48,581][com.java.SeleniumDriver] [  856] - ------------------------------------------
[INFO ][2016-01-20 14:01:48,581][com.java.SeleniumDriver] [  857] - Test case being Executed: 6
[INFO ][2016-01-20 14:01:48,581][com.java.SeleniumDriver] [  869] - Test step:7
[INFO ][2016-01-20 14:01:48,581][com.java.SeleniumDriver] [  881] - Datavalue is----------HMVTotemPoleNameNew
[INFO ][2016-01-20 14:01:48,581][com.java.SeleniumDriver] [  905] - DataField : SLBddlTotemPoles
[INFO ][2016-01-20 14:01:48,581][com.java.SeleniumDriver] [  907] - DataValue : HMVTotemPoleNameNew
[INFO ][2016-01-20 14:01:48,581][com.java.SeleniumDriver] [  913] - <In Set values of the page>
[INFO ][2016-01-20 14:01:48,581][com.java.SeleniumDriver] [  916] - {Data Fields & Data Values Exist}
[INFO ][2016-01-20 14:01:48,581][com.java.SeleniumDriver] [  918] - --------------------------setting values-----------------------------
[INFO ][2016-01-20 14:01:48,581][com.java.SeleniumDriver] [  921] - Action Type : Select
[INFO ][2016-01-20 14:01:48,581][com.java.TestType] [ 6201] - value = null
[INFO ][2016-01-20 14:01:50,785][com.java.SeleniumDriver] [  930] -  RESULT false
[INFO ][2016-01-20 14:01:50,785][com.java.SeleniumDriver] [  977] - ?   F A I L   ?
[INFO ][2016-01-20 14:01:50,785][com.java.SeleniumDriver] [  985] - Browser Type : IE10
[INFO ][2016-01-20 14:01:50,785][com.java.SeleniumDriver] [  986] - Adding Failed case6
[DEBUG][2016-01-20 14:01:51,245][com.java.SeleniumDriver] [ 1054] -  tdd.getCondition() IF:9:Next
[INFO ][2016-01-20 14:01:51,245][com.java.SeleniumDriver] [ 1058] - Continue next step...
[INFO ][2016-01-20 14:01:51,245][com.java.SeleniumDriver] [  856] - ------------------------------------------
[INFO ][2016-01-20 14:01:51,245][com.java.SeleniumDriver] [  857] - Test case being Executed: 6
[INFO ][2016-01-20 14:01:51,245][com.java.SeleniumDriver] [  869] - Test step:8
[INFO ][2016-01-20 14:01:51,245][com.java.SeleniumDriver] [  881] - Datavalue is----------index:1
[INFO ][2016-01-20 14:01:51,245][com.java.SeleniumDriver] [  905] - DataField : COBddlTotemPoles
[INFO ][2016-01-20 14:01:51,245][com.java.SeleniumDriver] [  907] - DataValue : index:1
[INFO ][2016-01-20 14:01:51,245][com.java.SeleniumDriver] [  913] - <In Set values of the page>
[INFO ][2016-01-20 14:01:51,245][com.java.SeleniumDriver] [  916] - {Data Fields & Data Values Exist}
[INFO ][2016-01-20 14:01:51,245][com.java.SeleniumDriver] [  918] - --------------------------setting values-----------------------------
[INFO ][2016-01-20 14:01:51,245][com.java.SeleniumDriver] [  921] - Action Type : Select
[INFO ][2016-01-20 14:01:51,245][com.java.TestType] [ 6201] - value = 1
[INFO ][2016-01-20 14:01:52,343][com.java.TestType] [ 6319] -  In COB ddlTotemPoles : 1
[INFO ][2016-01-20 14:01:52,513][com.java.SeleniumDriver] [  930] -  RESULT true
[INFO ][2016-01-20 14:01:52,513][com.java.SeleniumDriver] [ 1136] - ?   P A S S   ?
[INFO ][2016-01-20 14:01:52,513][com.java.SeleniumDriver] [  856] - ------------------------------------------
[INFO ][2016-01-20 14:01:52,513][com.java.SeleniumDriver] [  857] - Test case being Executed: 6
[INFO ][2016-01-20 14:01:52,513][com.java.SeleniumDriver] [  869] - Test step:9
[INFO ][2016-01-20 14:01:52,513][com.java.SeleniumDriver] [  881] - Datavalue is----------null
[DEBUG][2016-01-20 14:01:52,513][com.java.SeleniumDriver] [  899] - Exception: null
[INFO ][2016-01-20 14:01:52,513][com.java.SeleniumDriver] [  905] - DataField : BTNparent
[INFO ][2016-01-20 14:01:52,513][com.java.SeleniumDriver] [  907] - DataValue : 
[INFO ][2016-01-20 14:01:52,513][com.java.SeleniumDriver] [  913] - <In Set values of the page>
[INFO ][2016-01-20 14:01:52,513][com.java.SeleniumDriver] [  916] - {Data Fields & Data Values Exist}
[INFO ][2016-01-20 14:01:52,513][com.java.SeleniumDriver] [  918] - --------------------------setting values-----------------------------
[INFO ][2016-01-20 14:01:52,513][com.java.SeleniumDriver] [  921] - Action Type : SELECTFRAME
[INFO ][2016-01-20 14:01:52,523][com.java.SeleniumDriver] [  930] -  RESULT true
[INFO ][2016-01-20 14:01:52,523][com.java.SeleniumDriver] [ 1136] - ?   P A S S   ?
[INFO ][2016-01-20 14:01:52,523][com.java.SeleniumDriver] [  856] - ------------------------------------------
[INFO ][2016-01-20 14:01:52,523][com.java.SeleniumDriver] [  857] - Test case being Executed: 6
[INFO ][2016-01-20 14:01:52,523][com.java.SeleniumDriver] [  869] - Test step:10
[INFO ][2016-01-20 14:01:52,523][com.java.SeleniumDriver] [  881] - Datavalue is----------null
[DEBUG][2016-01-20 14:01:52,523][com.java.SeleniumDriver] [  899] - Exception: null
[INFO ][2016-01-20 14:01:52,523][com.java.SeleniumDriver] [  905] - DataField : HDN//span[text()='Select']
[INFO ][2016-01-20 14:01:52,523][com.java.SeleniumDriver] [  907] - DataValue : 
[INFO ][2016-01-20 14:01:52,523][com.java.SeleniumDriver] [  913] - <In Set values of the page>
[INFO ][2016-01-20 14:01:52,523][com.java.SeleniumDriver] [  916] - {Data Fields & Data Values Exist}
[INFO ][2016-01-20 14:01:52,523][com.java.SeleniumDriver] [  918] - --------------------------setting values-----------------------------
[INFO ][2016-01-20 14:01:52,523][com.java.SeleniumDriver] [  921] - Action Type : Click
[INFO ][2016-01-20 14:01:52,523][com.java.TestType] [ 6580] - Field ::HDN//span[text()='Select']
[INFO ][2016-01-20 14:01:52,523][com.java.TestType] [ 6201] - value = 
[INFO ][2016-01-20 14:01:53,694][com.java.SeleniumDriver] [  930] -  RESULT true
[INFO ][2016-01-20 14:01:53,694][com.java.SeleniumDriver] [ 1136] - ?   P A S S   ?
[INFO ][2016-01-20 14:01:53,694][com.java.SeleniumDriver] [  856] - ------------------------------------------
[INFO ][2016-01-20 14:01:53,694][com.java.SeleniumDriver] [  857] - Test case being Executed: 6
[INFO ][2016-01-20 14:01:53,694][com.java.SeleniumDriver] [  869] - Test step:11
[INFO ][2016-01-20 14:01:53,694][com.java.SeleniumDriver] [  881] - Datavalue is----------2
[INFO ][2016-01-20 14:01:53,694][com.java.SeleniumDriver] [  905] - DataField : BTNbtnAddItem.BalanceSheet
[INFO ][2016-01-20 14:01:53,694][com.java.SeleniumDriver] [  907] - DataValue : 2
[INFO ][2016-01-20 14:01:53,694][com.java.SeleniumDriver] [  913] - <In Set values of the page>
[INFO ][2016-01-20 14:01:53,694][com.java.SeleniumDriver] [  916] - {Data Fields & Data Values Exist}
[INFO ][2016-01-20 14:01:53,694][com.java.SeleniumDriver] [  918] - --------------------------setting values-----------------------------
[INFO ][2016-01-20 14:01:53,694][com.java.SeleniumDriver] [  921] - Action Type : WaitForElement
[INFO ][2016-01-20 14:01:54,897][com.java.SeleniumDriver] [  930] -  RESULT true
[INFO ][2016-01-20 14:01:54,897][com.java.SeleniumDriver] [ 1136] - ?   P A S S   ?
[INFO ][2016-01-20 14:01:54,897][com.java.SeleniumDriver] [  856] - ------------------------------------------
[INFO ][2016-01-20 14:01:54,897][com.java.SeleniumDriver] [  857] - Test case being Executed: 6
[INFO ][2016-01-20 14:01:54,897][com.java.SeleniumDriver] [  869] - Test step:12
[INFO ][2016-01-20 14:01:54,897][com.java.SeleniumDriver] [  881] - Datavalue is----------null
[DEBUG][2016-01-20 14:01:54,897][com.java.SeleniumDriver] [  899] - Exception: null
[INFO ][2016-01-20 14:01:54,897][com.java.SeleniumDriver] [  905] - DataField : HDNbtnAddItem.BalanceSheet
[INFO ][2016-01-20 14:01:54,897][com.java.SeleniumDriver] [  907] - DataValue : 
[INFO ][2016-01-20 14:01:54,897][com.java.SeleniumDriver] [  913] - <In Set values of the page>
[INFO ][2016-01-20 14:01:54,897][com.java.SeleniumDriver] [  916] - {Data Fields & Data Values Exist}
[INFO ][2016-01-20 14:01:54,897][com.java.SeleniumDriver] [  918] - --------------------------setting values-----------------------------
[INFO ][2016-01-20 14:01:54,897][com.java.SeleniumDriver] [  921] - Action Type : Click
[INFO ][2016-01-20 14:01:54,897][com.java.TestType] [ 6580] - Field ::HDNbtnAddItem.BalanceSheet
[INFO ][2016-01-20 14:01:54,897][com.java.TestType] [ 6201] - value = 
[INFO ][2016-01-20 14:01:57,169][com.java.SeleniumDriver] [  930] -  RESULT true
[INFO ][2016-01-20 14:01:57,169][com.java.SeleniumDriver] [ 1136] - ?   P A S S   ?
[INFO ][2016-01-20 14:01:57,169][com.java.SeleniumDriver] [  856] - ------------------------------------------
[INFO ][2016-01-20 14:01:57,169][com.java.SeleniumDriver] [  857] - Test case being Executed: 6
[INFO ][2016-01-20 14:01:57,169][com.java.SeleniumDriver] [  869] - Test step:13
[INFO ][2016-01-20 14:01:57,169][com.java.SeleniumDriver] [  881] - Datavalue is----------3
[INFO ][2016-01-20 14:01:57,169][com.java.SeleniumDriver] [  905] - DataField : BTNframeDialogContent
[INFO ][2016-01-20 14:01:57,169][com.java.SeleniumDriver] [  907] - DataValue : 3
[INFO ][2016-01-20 14:01:57,169][com.java.SeleniumDriver] [  913] - <In Set values of the page>
[INFO ][2016-01-20 14:01:57,169][com.java.SeleniumDriver] [  916] - {Data Fields & Data Values Exist}
[INFO ][2016-01-20 14:01:57,169][com.java.SeleniumDriver] [  918] - --------------------------setting values-----------------------------
[INFO ][2016-01-20 14:01:57,169][com.java.SeleniumDriver] [  921] - Action Type : WaitForElement
[INFO ][2016-01-20 14:01:58,359][com.java.SeleniumDriver] [  930] -  RESULT true
[INFO ][2016-01-20 14:01:58,359][com.java.SeleniumDriver] [ 1136] - ?   P A S S   ?
[INFO ][2016-01-20 14:01:58,359][com.java.SeleniumDriver] [  856] - ------------------------------------------
[INFO ][2016-01-20 14:01:58,359][com.java.SeleniumDriver] [  857] - Test case being Executed: 6
[INFO ][2016-01-20 14:01:58,359][com.java.SeleniumDriver] [  869] - Test step:14
[INFO ][2016-01-20 14:01:58,359][com.java.SeleniumDriver] [  881] - Datavalue is----------null
[DEBUG][2016-01-20 14:01:58,359][com.java.SeleniumDriver] [  899] - Exception: null
[INFO ][2016-01-20 14:01:58,359][com.java.SeleniumDriver] [  905] - DataField : BTNframeDialogContent
[INFO ][2016-01-20 14:01:58,359][com.java.SeleniumDriver] [  907] - DataValue : 
[INFO ][2016-01-20 14:01:58,359][com.java.SeleniumDriver] [  913] - <In Set values of the page>
[INFO ][2016-01-20 14:01:58,359][com.java.SeleniumDriver] [  916] - {Data Fields & Data Values Exist}
[INFO ][2016-01-20 14:01:58,359][com.java.SeleniumDriver] [  918] - --------------------------setting values-----------------------------
[INFO ][2016-01-20 14:01:58,359][com.java.SeleniumDriver] [  921] - Action Type : SELECTFRAME
[INFO ][2016-01-20 14:01:59,581][com.java.SeleniumDriver] [  930] -  RESULT true
[INFO ][2016-01-20 14:01:59,581][com.java.SeleniumDriver] [ 1136] - ?   P A S S   ?
[INFO ][2016-01-20 14:01:59,581][com.java.SeleniumDriver] [  856] - ------------------------------------------
[INFO ][2016-01-20 14:01:59,581][com.java.SeleniumDriver] [  857] - Test case being Executed: 6
[INFO ][2016-01-20 14:01:59,581][com.java.SeleniumDriver] [  869] - Test step:15
[INFO ][2016-01-20 14:01:59,581][com.java.SeleniumDriver] [  881] - Datavalue is----------3
[INFO ][2016-01-20 14:01:59,581][com.java.SeleniumDriver] [  905] - DataField : BTNtxtItemTitle
[INFO ][2016-01-20 14:01:59,581][com.java.SeleniumDriver] [  907] - DataValue : 3
[INFO ][2016-01-20 14:01:59,581][com.java.SeleniumDriver] [  913] - <In Set values of the page>
[INFO ][2016-01-20 14:01:59,581][com.java.SeleniumDriver] [  916] - {Data Fields & Data Values Exist}
[INFO ][2016-01-20 14:01:59,581][com.java.SeleniumDriver] [  918] - --------------------------setting values-----------------------------
[INFO ][2016-01-20 14:01:59,581][com.java.SeleniumDriver] [  921] - Action Type : WaitForElement
[INFO ][2016-01-20 14:02:00,621][com.java.SeleniumDriver] [  930] -  RESULT true
[INFO ][2016-01-20 14:02:00,621][com.java.SeleniumDriver] [ 1136] - ?   P A S S   ?
[INFO ][2016-01-20 14:02:00,621][com.java.SeleniumDriver] [  856] - ------------------------------------------
[INFO ][2016-01-20 14:02:00,621][com.java.SeleniumDriver] [  857] - Test case being Executed: 6
[INFO ][2016-01-20 14:02:00,621][com.java.SeleniumDriver] [  869] - Test step:16
[INFO ][2016-01-20 14:02:00,621][com.java.SeleniumDriver] [  881] - Datavalue is----------RNDVLBSItem
[INFO ][2016-01-20 14:02:00,621][com.java.SeleniumDriver] [  905] - DataField : TXTtxtItemTitle
[INFO ][2016-01-20 14:02:00,621][com.java.SeleniumDriver] [  907] - DataValue : RNDVLBSItem
[INFO ][2016-01-20 14:02:00,621][com.java.SeleniumDriver] [  913] - <In Set values of the page>
[INFO ][2016-01-20 14:02:00,621][com.java.SeleniumDriver] [  916] - {Data Fields & Data Values Exist}
[INFO ][2016-01-20 14:02:00,621][com.java.SeleniumDriver] [  918] - --------------------------setting values-----------------------------
[INFO ][2016-01-20 14:02:00,621][com.java.SeleniumDriver] [  921] - Action Type : Enter
[INFO ][2016-01-20 14:02:00,621][com.java.TestType] [ 7109] - field = txtItemTitle
[INFO ][2016-01-20 14:02:00,621][com.java.TestType] [ 6201] - value = VLBSItem105218
[INFO ][2016-01-20 14:02:02,613][com.java.SeleniumDriver] [  930] -  RESULT true
[INFO ][2016-01-20 14:02:02,613][com.java.SeleniumDriver] [ 1136] - ?   P A S S   ?
[INFO ][2016-01-20 14:02:02,613][com.java.SeleniumDriver] [  856] - ------------------------------------------
[INFO ][2016-01-20 14:02:02,613][com.java.SeleniumDriver] [  857] - Test case being Executed: 6
[INFO ][2016-01-20 14:02:02,613][com.java.SeleniumDriver] [  869] - Test step:17
[INFO ][2016-01-20 14:02:02,613][com.java.SeleniumDriver] [  881] - Datavalue is----------1
[INFO ][2016-01-20 14:02:02,613][com.java.SeleniumDriver] [  905] - DataField : test
[INFO ][2016-01-20 14:02:02,613][com.java.SeleniumDriver] [  907] - DataValue : 1
[INFO ][2016-01-20 14:02:02,613][com.java.SeleniumDriver] [  913] - <In Set values of the page>
[INFO ][2016-01-20 14:02:02,613][com.java.SeleniumDriver] [  916] - {Data Fields & Data Values Exist}
[INFO ][2016-01-20 14:02:02,613][com.java.SeleniumDriver] [  918] - --------------------------setting values-----------------------------
[INFO ][2016-01-20 14:02:02,613][com.java.SeleniumDriver] [  921] - Action Type : WaitTime
[DEBUG][2016-01-20 14:02:02,613][com.java.TestType] [ 6015] - sleepTime: 1000
[INFO ][2016-01-20 14:02:03,613][com.java.SeleniumDriver] [  930] -  RESULT true
[INFO ][2016-01-20 14:02:03,613][com.java.SeleniumDriver] [ 1136] - ?   P A S S   ?
[INFO ][2016-01-20 14:02:03,613][com.java.SeleniumDriver] [  856] - ------------------------------------------
[INFO ][2016-01-20 14:02:03,613][com.java.SeleniumDriver] [  857] - Test case being Executed: 6
[INFO ][2016-01-20 14:02:03,613][com.java.SeleniumDriver] [  869] - Test step:18
[INFO ][2016-01-20 14:02:03,613][com.java.SeleniumDriver] [  881] - Datavalue is----------BSItemName
[INFO ][2016-01-20 14:02:03,613][com.java.SeleniumDriver] [  905] - DataField : TXTtxtItemTitle
[INFO ][2016-01-20 14:02:03,613][com.java.SeleniumDriver] [  907] - DataValue : BSItemName
[INFO ][2016-01-20 14:02:03,613][com.java.SeleniumDriver] [  913] - <In Set values of the page>
[INFO ][2016-01-20 14:02:03,613][com.java.SeleniumDriver] [  916] - {Data Fields & Data Values Exist}
[INFO ][2016-01-20 14:02:03,613][com.java.SeleniumDriver] [  918] - --------------------------setting values-----------------------------
[INFO ][2016-01-20 14:02:03,613][com.java.SeleniumDriver] [  921] - Action Type : StoreValue
[INFO ][2016-01-20 14:02:03,613][com.java.TestType] [ 9144] - field= TXTtxtItemTitle
[DEBUG][2016-01-20 14:02:04,695][com.java.TestType] [ 9158] - Key:: BSItemName  Value:: VLBSItem105218
[INFO ][2016-01-20 14:02:04,695][com.java.SeleniumDriver] [  930] -  RESULT true
[INFO ][2016-01-20 14:02:04,695][com.java.SeleniumDriver] [ 1136] - ?   P A S S   ?
[INFO ][2016-01-20 14:02:04,695][com.java.SeleniumDriver] [  856] - ------------------------------------------
[INFO ][2016-01-20 14:02:04,695][com.java.SeleniumDriver] [  857] - Test case being Executed: 6
[INFO ][2016-01-20 14:02:04,695][com.java.SeleniumDriver] [  869] - Test step:19
[INFO ][2016-01-20 14:02:04,695][com.java.SeleniumDriver] [  881] - Datavalue is----------40
[INFO ][2016-01-20 14:02:04,695][com.java.SeleniumDriver] [  905] - DataField : TXTtxtItemWeight
[INFO ][2016-01-20 14:02:04,695][com.java.SeleniumDriver] [  907] - DataValue : 40
[INFO ][2016-01-20 14:02:04,695][com.java.SeleniumDriver] [  913] - <In Set values of the page>
[INFO ][2016-01-20 14:02:04,695][com.java.SeleniumDriver] [  916] - {Data Fields & Data Values Exist}
[INFO ][2016-01-20 14:02:04,695][com.java.SeleniumDriver] [  918] - --------------------------setting values-----------------------------
[INFO ][2016-01-20 14:02:04,695][com.java.SeleniumDriver] [  921] - Action Type : ClearAndEnter
[INFO ][2016-01-20 14:02:05,826][com.java.TestType] [ 6201] - value = 40
[INFO ][2016-01-20 14:02:06,987][com.java.SeleniumDriver] [  930] -  RESULT true
[INFO ][2016-01-20 14:02:06,987][com.java.SeleniumDriver] [ 1136] - ?   P A S S   ?
[INFO ][2016-01-20 14:02:06,987][com.java.SeleniumDriver] [  856] - ------------------------------------------
[INFO ][2016-01-20 14:02:06,987][com.java.SeleniumDriver] [  857] - Test case being Executed: 6
[INFO ][2016-01-20 14:02:06,987][com.java.SeleniumDriver] [  869] - Test step:20
[INFO ][2016-01-20 14:02:06,987][com.java.SeleniumDriver] [  881] - Datavalue is----------null
[DEBUG][2016-01-20 14:02:06,987][com.java.SeleniumDriver] [  899] - Exception: null
[INFO ][2016-01-20 14:02:06,987][com.java.SeleniumDriver] [  905] - DataField : HDNchkAvg
[INFO ][2016-01-20 14:02:06,987][com.java.SeleniumDriver] [  907] - DataValue : 
[INFO ][2016-01-20 14:02:06,987][com.java.SeleniumDriver] [  913] - <In Set values of the page>
[INFO ][2016-01-20 14:02:06,987][com.java.SeleniumDriver] [  916] - {Data Fields & Data Values Exist}
[INFO ][2016-01-20 14:02:06,987][com.java.SeleniumDriver] [  918] - --------------------------setting values-----------------------------
[INFO ][2016-01-20 14:02:06,987][com.java.SeleniumDriver] [  921] - Action Type : Click
[INFO ][2016-01-20 14:02:06,987][com.java.TestType] [ 6580] - Field ::HDNchkAvg
[INFO ][2016-01-20 14:02:06,987][com.java.TestType] [ 6201] - value = 
[INFO ][2016-01-20 14:02:09,069][com.java.SeleniumDriver] [  930] -  RESULT true
[INFO ][2016-01-20 14:02:09,069][com.java.SeleniumDriver] [ 1136] - ?   P A S S   ?
[INFO ][2016-01-20 14:02:09,069][com.java.SeleniumDriver] [  856] - ------------------------------------------
[INFO ][2016-01-20 14:02:09,069][com.java.SeleniumDriver] [  857] - Test case being Executed: 6
[INFO ][2016-01-20 14:02:09,069][com.java.SeleniumDriver] [  869] - Test step:21
[INFO ][2016-01-20 14:02:09,069][com.java.SeleniumDriver] [  881] - Datavalue is----------Change
[INFO ][2016-01-20 14:02:09,069][com.java.SeleniumDriver] [  905] - DataField : SLBddlItemVariance
[INFO ][2016-01-20 14:02:09,069][com.java.SeleniumDriver] [  907] - DataValue : Change
[INFO ][2016-01-20 14:02:09,069][com.java.SeleniumDriver] [  913] - <In Set values of the page>
[INFO ][2016-01-20 14:02:09,069][com.java.SeleniumDriver] [  916] - {Data Fields & Data Values Exist}
[INFO ][2016-01-20 14:02:09,069][com.java.SeleniumDriver] [  918] - --------------------------setting values-----------------------------
[INFO ][2016-01-20 14:02:09,069][com.java.SeleniumDriver] [  921] - Action Type : Select
[INFO ][2016-01-20 14:02:09,069][com.java.TestType] [ 6201] - value = Change
[INFO ][2016-01-20 14:02:11,373][com.java.SeleniumDriver] [  930] -  RESULT true
[INFO ][2016-01-20 14:02:11,373][com.java.SeleniumDriver] [ 1136] - ?   P A S S   ?
[INFO ][2016-01-20 14:02:11,373][com.java.SeleniumDriver] [  856] - ------------------------------------------
[INFO ][2016-01-20 14:02:11,373][com.java.SeleniumDriver] [  857] - Test case being Executed: 6
[INFO ][2016-01-20 14:02:11,373][com.java.SeleniumDriver] [  869] - Test step:22
[INFO ][2016-01-20 14:02:11,373][com.java.SeleniumDriver] [  881] - Datavalue is----------3
[INFO ][2016-01-20 14:02:11,373][com.java.SeleniumDriver] [  905] - DataField : test
[INFO ][2016-01-20 14:02:11,373][com.java.SeleniumDriver] [  907] - DataValue : 3
[INFO ][2016-01-20 14:02:11,373][com.java.SeleniumDriver] [  913] - <In Set values of the page>
[INFO ][2016-01-20 14:02:11,373][com.java.SeleniumDriver] [  916] - {Data Fields & Data Values Exist}
[INFO ][2016-01-20 14:02:11,373][com.java.SeleniumDriver] [  918] - --------------------------setting values-----------------------------
[INFO ][2016-01-20 14:02:11,373][com.java.SeleniumDriver] [  921] - Action Type : WaitTime
[DEBUG][2016-01-20 14:02:11,373][com.java.TestType] [ 6015] - sleepTime: 3000
[INFO ][2016-01-20 14:02:14,373][com.java.SeleniumDriver] [  930] -  RESULT true
[INFO ][2016-01-20 14:02:14,373][com.java.SeleniumDriver] [ 1136] - ?   P A S S   ?
[INFO ][2016-01-20 14:02:14,373][com.java.SeleniumDriver] [  856] - ------------------------------------------
[INFO ][2016-01-20 14:02:14,373][com.java.SeleniumDriver] [  857] - Test case being Executed: 6
[INFO ][2016-01-20 14:02:14,373][com.java.SeleniumDriver] [  869] - Test step:23
[INFO ][2016-01-20 14:02:14,373][com.java.SeleniumDriver] [  881] - Datavalue is----------Actual
[INFO ][2016-01-20 14:02:14,373][com.java.SeleniumDriver] [  905] - DataField : SLBddlVarianceSource
[INFO ][2016-01-20 14:02:14,373][com.java.SeleniumDriver] [  907] - DataValue : Actual
[INFO ][2016-01-20 14:02:14,373][com.java.SeleniumDriver] [  913] - <In Set values of the page>
[INFO ][2016-01-20 14:02:14,373][com.java.SeleniumDriver] [  916] - {Data Fields & Data Values Exist}
[INFO ][2016-01-20 14:02:14,373][com.java.SeleniumDriver] [  918] - --------------------------setting values-----------------------------
[INFO ][2016-01-20 14:02:14,373][com.java.SeleniumDriver] [  921] - Action Type : Select
[INFO ][2016-01-20 14:02:14,373][com.java.TestType] [ 6201] - value = Actual
[INFO ][2016-01-20 14:02:16,656][com.java.SeleniumDriver] [  930] -  RESULT true
[INFO ][2016-01-20 14:02:16,656][com.java.SeleniumDriver] [ 1136] - ?   P A S S   ?
[INFO ][2016-01-20 14:02:16,656][com.java.SeleniumDriver] [  856] - ------------------------------------------
[INFO ][2016-01-20 14:02:16,656][com.java.SeleniumDriver] [  857] - Test case being Executed: 6
[INFO ][2016-01-20 14:02:16,656][com.java.SeleniumDriver] [  869] - Test step:24
[INFO ][2016-01-20 14:02:16,656][com.java.SeleniumDriver] [  881] - Datavalue is----------Same Period
[INFO ][2016-01-20 14:02:16,656][com.java.SeleniumDriver] [  905] - DataField : SLBddlVarianceRange
[INFO ][2016-01-20 14:02:16,656][com.java.SeleniumDriver] [  907] - DataValue : Same Period
[INFO ][2016-01-20 14:02:16,656][com.java.SeleniumDriver] [  913] - <In Set values of the page>
[INFO ][2016-01-20 14:02:16,656][com.java.SeleniumDriver] [  916] - {Data Fields & Data Values Exist}
[INFO ][2016-01-20 14:02:16,656][com.java.SeleniumDriver] [  918] - --------------------------setting values-----------------------------
[INFO ][2016-01-20 14:02:16,656][com.java.SeleniumDriver] [  921] - Action Type : Select
[INFO ][2016-01-20 14:02:16,656][com.java.TestType] [ 6201] - value = Same Period
[INFO ][2016-01-20 14:02:18,968][com.java.SeleniumDriver] [  930] -  RESULT true
[INFO ][2016-01-20 14:02:18,968][com.java.SeleniumDriver] [ 1136] - ?   P A S S   ?
[INFO ][2016-01-20 14:02:18,968][com.java.SeleniumDriver] [  856] - ------------------------------------------
[INFO ][2016-01-20 14:02:18,968][com.java.SeleniumDriver] [  857] - Test case being Executed: 6
[INFO ][2016-01-20 14:02:18,968][com.java.SeleniumDriver] [  869] - Test step:25
[INFO ][2016-01-20 14:02:18,968][com.java.SeleniumDriver] [  881] - Datavalue is----------null
[DEBUG][2016-01-20 14:02:18,968][com.java.SeleniumDriver] [  899] - Exception: null
[INFO ][2016-01-20 14:02:18,968][com.java.SeleniumDriver] [  905] - DataField : BTN//select[@id='opGroups']/optgroup[1]/option[2]
[INFO ][2016-01-20 14:02:18,968][com.java.SeleniumDriver] [  907] - DataValue : 
[INFO ][2016-01-20 14:02:18,968][com.java.SeleniumDriver] [  913] - <In Set values of the page>
[INFO ][2016-01-20 14:02:18,968][com.java.SeleniumDriver] [  916] - {Data Fields & Data Values Exist}
[INFO ][2016-01-20 14:02:18,968][com.java.SeleniumDriver] [  918] - --------------------------setting values-----------------------------
[INFO ][2016-01-20 14:02:18,968][com.java.SeleniumDriver] [  921] - Action Type : Click
[INFO ][2016-01-20 14:02:18,968][com.java.TestType] [ 6580] - Field ::BTN//select[@id='opGroups']/optgroup[1]/option[2]
[INFO ][2016-01-20 14:02:18,968][com.java.TestType] [ 6201] - value = 
[INFO ][2016-01-20 14:02:19,968][com.java.TestType] [ 6704] - BEFORE CLICK
[INFO ][2016-01-20 14:02:20,109][com.java.TestType] [ 6711] - Unable to click the object Group option
[INFO ][2016-01-20 14:02:20,109][com.java.SeleniumDriver] [  930] -  RESULT true
[INFO ][2016-01-20 14:02:20,109][com.java.SeleniumDriver] [ 1136] - ?   P A S S   ?
[INFO ][2016-01-20 14:02:20,109][com.java.SeleniumDriver] [ 1178] - step change to 27
[INFO ][2016-01-20 14:02:20,109][com.java.SeleniumDriver] [  856] - ------------------------------------------
[INFO ][2016-01-20 14:02:20,109][com.java.SeleniumDriver] [  857] - Test case being Executed: 6
[INFO ][2016-01-20 14:02:20,109][com.java.SeleniumDriver] [  869] - Test step:27
[INFO ][2016-01-20 14:02:20,109][com.java.SeleniumDriver] [  881] - Datavalue is----------5
[INFO ][2016-01-20 14:02:20,109][com.java.SeleniumDriver] [  905] - DataField : BTN//select[@id='opAccounts']/option[1]
[INFO ][2016-01-20 14:02:20,109][com.java.SeleniumDriver] [  907] - DataValue : 5
[INFO ][2016-01-20 14:02:20,109][com.java.SeleniumDriver] [  913] - <In Set values of the page>
[INFO ][2016-01-20 14:02:20,109][com.java.SeleniumDriver] [  916] - {Data Fields & Data Values Exist}
[INFO ][2016-01-20 14:02:20,109][com.java.SeleniumDriver] [  918] - --------------------------setting values-----------------------------
[INFO ][2016-01-20 14:02:20,109][com.java.SeleniumDriver] [  921] - Action Type : WaitForElement
[INFO ][2016-01-20 14:02:21,189][com.java.SeleniumDriver] [  930] -  RESULT true
[INFO ][2016-01-20 14:02:21,189][com.java.SeleniumDriver] [ 1136] - ?   P A S S   ?
[INFO ][2016-01-20 14:02:21,189][com.java.SeleniumDriver] [  856] - ------------------------------------------
[INFO ][2016-01-20 14:02:21,189][com.java.SeleniumDriver] [  857] - Test case being Executed: 6
[INFO ][2016-01-20 14:02:21,189][com.java.SeleniumDriver] [  869] - Test step:28
[INFO ][2016-01-20 14:02:21,189][com.java.SeleniumDriver] [  881] - Datavalue is----------null
[DEBUG][2016-01-20 14:02:21,189][com.java.SeleniumDriver] [  899] - Exception: null
[INFO ][2016-01-20 14:02:21,189][com.java.SeleniumDriver] [  905] - DataField : DBL//select[@id='opAccounts']/option[1]
[INFO ][2016-01-20 14:02:21,189][com.java.SeleniumDriver] [  907] - DataValue : 
[INFO ][2016-01-20 14:02:21,189][com.java.SeleniumDriver] [  913] - <In Set values of the page>
[INFO ][2016-01-20 14:02:21,189][com.java.SeleniumDriver] [  916] - {Data Fields & Data Values Exist}
[INFO ][2016-01-20 14:02:21,189][com.java.SeleniumDriver] [  918] - --------------------------setting values-----------------------------
[INFO ][2016-01-20 14:02:21,189][com.java.SeleniumDriver] [  921] - Action Type : Click
[INFO ][2016-01-20 14:02:21,189][com.java.TestType] [ 6580] - Field ::DBL//select[@id='opAccounts']/option[1]
[INFO ][2016-01-20 14:02:21,189][com.java.TestType] [ 6201] - value = 
[INFO ][2016-01-20 14:02:24,623][com.java.SeleniumDriver] [  930] -  RESULT true
[INFO ][2016-01-20 14:02:24,623][com.java.SeleniumDriver] [ 1136] - ?   P A S S   ?
[INFO ][2016-01-20 14:02:24,623][com.java.SeleniumDriver] [  856] - ------------------------------------------
[INFO ][2016-01-20 14:02:24,623][com.java.SeleniumDriver] [  857] - Test case being Executed: 6
[INFO ][2016-01-20 14:02:24,623][com.java.SeleniumDriver] [  869] - Test step:29
[INFO ][2016-01-20 14:02:24,623][com.java.SeleniumDriver] [  881] - Datavalue is----------5
[INFO ][2016-01-20 14:02:24,623][com.java.SeleniumDriver] [  905] - DataField : BTN//div[@id="expression"]/span[2]
[INFO ][2016-01-20 14:02:24,623][com.java.SeleniumDriver] [  907] - DataValue : 5
[INFO ][2016-01-20 14:02:24,623][com.java.SeleniumDriver] [  913] - <In Set values of the page>
[INFO ][2016-01-20 14:02:24,623][com.java.SeleniumDriver] [  916] - {Data Fields & Data Values Exist}
[INFO ][2016-01-20 14:02:24,623][com.java.SeleniumDriver] [  918] - --------------------------setting values-----------------------------
[INFO ][2016-01-20 14:02:24,623][com.java.SeleniumDriver] [  921] - Action Type : WaitForElement
[INFO ][2016-01-20 14:02:36,310][com.java.SeleniumDriver] [  930] -  RESULT true
[INFO ][2016-01-20 14:02:36,310][com.java.SeleniumDriver] [ 1136] - ?   P A S S   ?
[INFO ][2016-01-20 14:02:36,310][com.java.SeleniumDriver] [  856] - ------------------------------------------
[INFO ][2016-01-20 14:02:36,310][com.java.SeleniumDriver] [  857] - Test case being Executed: 6
[INFO ][2016-01-20 14:02:36,310][com.java.SeleniumDriver] [  869] - Test step:30
[INFO ][2016-01-20 14:02:36,310][com.java.SeleniumDriver] [  881] - Datavalue is----------null
[DEBUG][2016-01-20 14:02:36,310][com.java.SeleniumDriver] [  899] - Exception: null
[INFO ][2016-01-20 14:02:36,310][com.java.SeleniumDriver] [  905] - DataField : BTNbtnSave
[INFO ][2016-01-20 14:02:36,310][com.java.SeleniumDriver] [  907] - DataValue : 
[INFO ][2016-01-20 14:02:36,310][com.java.SeleniumDriver] [  913] - <In Set values of the page>
[INFO ][2016-01-20 14:02:36,310][com.java.SeleniumDriver] [  916] - {Data Fields & Data Values Exist}
[INFO ][2016-01-20 14:02:36,310][com.java.SeleniumDriver] [  918] - --------------------------setting values-----------------------------
[INFO ][2016-01-20 14:02:36,310][com.java.SeleniumDriver] [  921] - Action Type : Click
[INFO ][2016-01-20 14:02:36,310][com.java.TestType] [ 6580] - Field ::BTNbtnSave
[INFO ][2016-01-20 14:02:36,310][com.java.TestType] [ 6201] - value = 
[INFO ][2016-01-20 14:02:37,311][com.java.TestType] [ 6704] - BEFORE CLICK
[INFO ][2016-01-20 14:02:38,548][com.java.TestType] [ 6711] - Unable to click the object Average check box
[INFO ][2016-01-20 14:02:38,548][com.java.SeleniumDriver] [  930] -  RESULT true
[INFO ][2016-01-20 14:02:38,548][com.java.SeleniumDriver] [ 1136] - ?   P A S S   ?
[INFO ][2016-01-20 14:02:38,548][com.java.SeleniumDriver] [  856] - ------------------------------------------
[INFO ][2016-01-20 14:02:38,548][com.java.SeleniumDriver] [  857] - Test case being Executed: 6
[INFO ][2016-01-20 14:02:38,548][com.java.SeleniumDriver] [  869] - Test step:31
[INFO ][2016-01-20 14:02:38,548][com.java.SeleniumDriver] [  881] - Datavalue is----------5
[INFO ][2016-01-20 14:02:38,548][com.java.SeleniumDriver] [  905] - DataField : BTNbtnAddItem.BalanceSheet
[INFO ][2016-01-20 14:02:38,548][com.java.SeleniumDriver] [  907] - DataValue : 5
[INFO ][2016-01-20 14:02:38,548][com.java.SeleniumDriver] [  913] - <In Set values of the page>
[INFO ][2016-01-20 14:02:38,548][com.java.SeleniumDriver] [  916] - {Data Fields & Data Values Exist}
[INFO ][2016-01-20 14:02:38,548][com.java.SeleniumDriver] [  918] - --------------------------setting values-----------------------------
[INFO ][2016-01-20 14:02:38,548][com.java.SeleniumDriver] [  921] - Action Type : WaitForElement
