[INFO ][2016-01-05 21:00:17,182][com.java.SeleniumDriver] [  213] - Execute Failed Casesfalse
[INFO ][2016-01-05 21:00:17,182][com.java.SeleniumDriver] [  214] - Browser: IE10
[INFO ][2016-01-05 21:00:17,184][com.java.SeleniumDriver] [  215] - [1, 4, 5]
[INFO ][2016-01-05 21:00:17,184][com.java.SeleniumDriver] [  216] - Total TestCases:3
[INFO ][2016-01-05 21:00:17,184][com.java.SeleniumDriver] [  217] -  Reading Properties from Property File 
[DEBUG][2016-01-05 21:00:17,184][com.java.SeleniumDriver] [  238] - url : https://clients-xuat.bankersdashboard.com
[INFO ][2016-01-05 21:00:17,184][com.java.ImportnExport.ExportTestResultsExcel] [  116] - Time Stamp Tue Jan 05 09:00:17 IST 2016
[INFO ][2016-01-05 21:00:17,184][com.java.ImportnExport.ExportTestResultsExcel] [  175] - OUT FILE : D:\BankersDashboard/TestReports/Test Results_BankersDashBoard_010516_210017_IE10_United Bank.xls
[INFO ][2016-01-05 21:00:17,219][com.java.ImportnExport.ExportTestResultsExcel] [  180] - Test Result file is created
[DEBUG][2016-01-05 21:00:17,316][com.java.SeleniumDriver] [  426] - Hub ip address is-------172.17.68.34
[INFO ][2016-01-05 21:00:17,319][com.java.SeleniumDriver] [  452] - Grid URL:http://172.17.68.34:4444/wd/hub
[INFO ][2016-01-05 21:00:17,319][com.java.SeleniumDriver] [  453] - Capability:Capabilities [{platform=ANY, ensureCleanSession=true, ignoreProtectedModeSettings=true, acceptSslCerts=true, ignoreZoomSetting=true, browserName=internet explorer, browserstack.ie.noFlash=true, version=null}]
[ERROR][2016-01-05 21:00:18,634][com.java.SeleniumDriver] [  498] - Unable invoke browser in grid:Could not start a new session. Possible causes are invalid address of the remote server or browser start-up failure.
Build info: version: '2.48.2', revision: '41bccdd', time: '2015-10-09 19:59:12'
System info: host: 'FVTIII438F1D', ip: '172.17.68.34', os.name: 'Windows 7', os.arch: 'x86', os.version: '6.1', java.version: '1.7.0_55'
Driver info: driver.version: SeleniumDriver
[INFO ][2016-01-05 21:00:18,636][com.java.SeleniumDriver] [  500] - Executing on local machine
[INFO ][2016-01-05 21:00:29,110][com.java.SeleniumDriver] [  248] - IE10is opened
[INFO ][2016-01-05 21:00:29,960][com.java.SeleniumDriver] [  756] - Test cases to be executed are: [1, 4, 5]
[INFO ][2016-01-05 21:00:29,981][com.java.ImportnExport.ImportTestDataDetailsExcel] [   49] - test data details path===== D:\BankersDashboard\TestInputs\TestData.xls
[INFO ][2016-01-05 21:00:30,071][com.java.SeleniumDriver] [  832] - ------------------------------------------
[INFO ][2016-01-05 21:00:30,071][com.java.SeleniumDriver] [  833] - Test case being Executed: 1
[INFO ][2016-01-05 21:00:30,071][com.java.SeleniumDriver] [  845] - Test step:1
[INFO ][2016-01-05 21:00:30,071][com.java.SeleniumDriver] [  857] - Datavalue is----------Concept#1:1-16
[INFO ][2016-01-05 21:00:30,071][com.java.SeleniumDriver] [  881] - DataField : test
[INFO ][2016-01-05 21:00:30,071][com.java.SeleniumDriver] [  883] - DataValue : Concept#1:1-16
[INFO ][2016-01-05 21:00:30,071][com.java.SeleniumDriver] [  889] - <In Set values of the page>
[INFO ][2016-01-05 21:00:30,071][com.java.SeleniumDriver] [  892] - {Data Fields & Data Values Exist}
[INFO ][2016-01-05 21:00:30,071][com.java.SeleniumDriver] [  894] - --------------------------setting values-----------------------------
[INFO ][2016-01-05 21:00:30,073][com.java.SeleniumDriver] [  897] - Action Type : ExecuteTestCase
[INFO ][2016-01-05 21:00:30,091][com.java.TestType] [  437] - The Concept sheet name is ---------- Concept
[INFO ][2016-01-05 21:00:30,091][com.java.TestType] [  440] - The Concept ID  is ---------- 1
[DEBUG][2016-01-05 21:00:30,091][com.java.TestType] [  444] - Steps being executted in the Concept are: 1:16
[INFO ][2016-01-05 21:00:30,091][com.java.TestType] [  451] - Test data details path ---------- D:\BankersDashboard\TestInputs\TestData.xls
[INFO ][2016-01-05 21:00:30,123][com.java.TestType] [  482] -  str(1) = 1
[INFO ][2016-01-05 21:00:30,123][com.java.TestType] [  485] - Test case Id is---1
[INFO ][2016-01-05 21:00:30,123][com.java.TestType] [  487] - 1
[INFO ][2016-01-05 21:00:30,123][com.java.TestType] [  482] -  str(2) = 1
[INFO ][2016-01-05 21:00:30,126][com.java.TestType] [  482] -  str(1) = 1
[INFO ][2016-01-05 21:00:30,126][com.java.TestType] [  485] - Test case Id is---1
[INFO ][2016-01-05 21:00:30,126][com.java.TestType] [  487] - 1
[INFO ][2016-01-05 21:00:30,126][com.java.TestType] [  482] -  str(2) = 2
[INFO ][2016-01-05 21:00:30,126][com.java.TestType] [  482] -  str(1) = 1
[INFO ][2016-01-05 21:00:30,126][com.java.TestType] [  485] - Test case Id is---1
[INFO ][2016-01-05 21:00:30,126][com.java.TestType] [  487] - 1
[INFO ][2016-01-05 21:00:30,126][com.java.TestType] [  482] -  str(2) = 3
[INFO ][2016-01-05 21:00:30,128][com.java.TestType] [  482] -  str(1) = 1
[INFO ][2016-01-05 21:00:30,128][com.java.TestType] [  485] - Test case Id is---1
[INFO ][2016-01-05 21:00:30,128][com.java.TestType] [  487] - 1
[INFO ][2016-01-05 21:00:30,128][com.java.TestType] [  482] -  str(2) = 4
[INFO ][2016-01-05 21:00:30,131][com.java.TestType] [  482] -  str(1) = 1
[INFO ][2016-01-05 21:00:30,131][com.java.TestType] [  485] - Test case Id is---1
[INFO ][2016-01-05 21:00:30,131][com.java.TestType] [  487] - 1
[INFO ][2016-01-05 21:00:30,131][com.java.TestType] [  482] -  str(2) = 5
[INFO ][2016-01-05 21:00:30,133][com.java.TestType] [  482] -  str(1) = 1
[INFO ][2016-01-05 21:00:30,133][com.java.TestType] [  485] - Test case Id is---1
[INFO ][2016-01-05 21:00:30,133][com.java.TestType] [  487] - 1
[INFO ][2016-01-05 21:00:30,133][com.java.TestType] [  482] -  str(2) = 6
[INFO ][2016-01-05 21:00:30,133][com.java.TestType] [  482] -  str(1) = 1
[INFO ][2016-01-05 21:00:30,133][com.java.TestType] [  485] - Test case Id is---1
[INFO ][2016-01-05 21:00:30,133][com.java.TestType] [  487] - 1
[INFO ][2016-01-05 21:00:30,133][com.java.TestType] [  482] -  str(2) = 7
[INFO ][2016-01-05 21:00:30,136][com.java.TestType] [  482] -  str(1) = 1
[INFO ][2016-01-05 21:00:30,136][com.java.TestType] [  485] - Test case Id is---1
[INFO ][2016-01-05 21:00:30,136][com.java.TestType] [  487] - 1
[INFO ][2016-01-05 21:00:30,136][com.java.TestType] [  482] -  str(2) = 8
[INFO ][2016-01-05 21:00:30,136][com.java.TestType] [  482] -  str(1) = 1
[INFO ][2016-01-05 21:00:30,136][com.java.TestType] [  485] - Test case Id is---1
[INFO ][2016-01-05 21:00:30,136][com.java.TestType] [  487] - 1
[INFO ][2016-01-05 21:00:30,136][com.java.TestType] [  482] -  str(2) = 9
[INFO ][2016-01-05 21:00:30,138][com.java.TestType] [  482] -  str(1) = 1
[INFO ][2016-01-05 21:00:30,138][com.java.TestType] [  485] - Test case Id is---1
[INFO ][2016-01-05 21:00:30,138][com.java.TestType] [  487] - 1
[INFO ][2016-01-05 21:00:30,138][com.java.TestType] [  482] -  str(2) = 10
[INFO ][2016-01-05 21:00:30,138][com.java.TestType] [  482] -  str(1) = 1
[INFO ][2016-01-05 21:00:30,138][com.java.TestType] [  485] - Test case Id is---1
[INFO ][2016-01-05 21:00:30,138][com.java.TestType] [  487] - 1
[INFO ][2016-01-05 21:00:30,138][com.java.TestType] [  482] -  str(2) = 11
[INFO ][2016-01-05 21:00:30,138][com.java.TestType] [  482] -  str(1) = 1
[INFO ][2016-01-05 21:00:30,138][com.java.TestType] [  485] - Test case Id is---1
[INFO ][2016-01-05 21:00:30,138][com.java.TestType] [  487] - 1
[INFO ][2016-01-05 21:00:30,138][com.java.TestType] [  482] -  str(2) = 12
[INFO ][2016-01-05 21:00:30,141][com.java.TestType] [  482] -  str(1) = 1
[INFO ][2016-01-05 21:00:30,141][com.java.TestType] [  485] - Test case Id is---1
[INFO ][2016-01-05 21:00:30,141][com.java.TestType] [  487] - 1
[INFO ][2016-01-05 21:00:30,141][com.java.TestType] [  482] -  str(2) = 13
[INFO ][2016-01-05 21:00:30,143][com.java.TestType] [  482] -  str(1) = 1
[INFO ][2016-01-05 21:00:30,143][com.java.TestType] [  485] - Test case Id is---1
[INFO ][2016-01-05 21:00:30,143][com.java.TestType] [  487] - 1
[INFO ][2016-01-05 21:00:30,143][com.java.TestType] [  482] -  str(2) = 14
[INFO ][2016-01-05 21:00:30,143][com.java.TestType] [  482] -  str(1) = 1
[INFO ][2016-01-05 21:00:30,143][com.java.TestType] [  485] - Test case Id is---1
[INFO ][2016-01-05 21:00:30,143][com.java.TestType] [  487] - 1
[INFO ][2016-01-05 21:00:30,143][com.java.TestType] [  482] -  str(2) = 15
[INFO ][2016-01-05 21:00:30,143][com.java.TestType] [  482] -  str(1) = 1
[INFO ][2016-01-05 21:00:30,143][com.java.TestType] [  485] - Test case Id is---1
[INFO ][2016-01-05 21:00:30,143][com.java.TestType] [  487] - 1
[INFO ][2016-01-05 21:00:30,143][com.java.TestType] [  482] -  str(2) = 16
[INFO ][2016-01-05 21:00:30,146][com.java.TestType] [10609] - Looping 1TCID = 1
[DEBUG][2016-01-05 21:00:30,146][com.java.TestType] [10650] - Concept ID:1 :: Step being Executed: 1::1
[INFO ][2016-01-05 21:00:30,146][com.java.TestType] [10688] - dataFields : TXTusername
[DEBUG][2016-01-05 21:00:30,146][com.java.TestType] [10694] - <In Set values of the page>
[DEBUG][2016-01-05 21:00:30,146][com.java.TestType] [10699] - {Data Fields & Data Values Exist}
[INFO ][2016-01-05 21:00:30,146][com.java.TestType] [10705] - --------------------------setting values-----------------------------
[INFO ][2016-01-05 21:00:30,146][com.java.TestType] [10708] - Action Type : CLEARANDENTER
[INFO ][2016-01-05 21:00:30,146][com.java.TestType] [ 5705] - value = valuelabs.ie10.00058
[INFO ][2016-01-05 21:00:34,815][com.java.TestType] [10727] -  RESULT true
[INFO ][2016-01-05 21:00:34,815][com.java.TestType] [10844] - ?   P A S S   ?
[DEBUG][2016-01-05 21:00:34,815][com.java.TestType] [10650] - Concept ID:1 :: Step being Executed: 1::2
[INFO ][2016-01-05 21:00:34,815][com.java.TestType] [10688] - dataFields : TXTpassword
[DEBUG][2016-01-05 21:00:34,815][com.java.TestType] [10694] - <In Set values of the page>
[DEBUG][2016-01-05 21:00:34,815][com.java.TestType] [10699] - {Data Fields & Data Values Exist}
[INFO ][2016-01-05 21:00:34,815][com.java.TestType] [10705] - --------------------------setting values-----------------------------
[INFO ][2016-01-05 21:00:34,818][com.java.TestType] [10708] - Action Type : CLEARANDENTER
[INFO ][2016-01-05 21:00:34,818][com.java.TestType] [ 5705] - value = Password1*
[INFO ][2016-01-05 21:00:39,596][com.java.TestType] [10727] -  RESULT true
[INFO ][2016-01-05 21:00:39,596][com.java.TestType] [10844] - ?   P A S S   ?
[DEBUG][2016-01-05 21:00:39,596][com.java.TestType] [10650] - Concept ID:1 :: Step being Executed: 1::3
[ERROR][2016-01-05 21:00:39,596][com.java.TestType] [10683] - Exception: null
[INFO ][2016-01-05 21:00:39,596][com.java.TestType] [10688] - dataFields : XPH//button[@type='submit']
[DEBUG][2016-01-05 21:00:39,596][com.java.TestType] [10694] - <In Set values of the page>
[DEBUG][2016-01-05 21:00:39,596][com.java.TestType] [10699] - {Data Fields & Data Values Exist}
[INFO ][2016-01-05 21:00:39,596][com.java.TestType] [10705] - --------------------------setting values-----------------------------
[INFO ][2016-01-05 21:00:39,596][com.java.TestType] [10708] - Action Type : Click
[INFO ][2016-01-05 21:00:39,596][com.java.TestType] [ 6084] - Field ::XPH//button[@type='submit']
[INFO ][2016-01-05 21:00:39,599][com.java.TestType] [ 5705] - value = 
[INFO ][2016-01-05 21:00:40,599][com.java.TestType] [ 6221] - BEFORE CLICK
[INFO ][2016-01-05 21:00:41,444][com.java.TestType] [ 6229] - Unable to click the object Login
[INFO ][2016-01-05 21:00:41,444][com.java.TestType] [10727] -  RESULT true
[INFO ][2016-01-05 21:00:41,444][com.java.TestType] [10844] - ?   P A S S   ?
[DEBUG][2016-01-05 21:00:41,444][com.java.TestType] [10650] - Concept ID:1 :: Step being Executed: 1::4
[INFO ][2016-01-05 21:00:41,444][com.java.TestType] [10688] - dataFields : LNKLogout
[DEBUG][2016-01-05 21:00:41,444][com.java.TestType] [10694] - <In Set values of the page>
[DEBUG][2016-01-05 21:00:41,444][com.java.TestType] [10699] - {Data Fields & Data Values Exist}
[INFO ][2016-01-05 21:00:41,444][com.java.TestType] [10705] - --------------------------setting values-----------------------------
[INFO ][2016-01-05 21:00:41,444][com.java.TestType] [10708] - Action Type : WaitForElement
[INFO ][2016-01-05 21:00:44,910][com.java.TestType] [10727] -  RESULT true
[INFO ][2016-01-05 21:00:44,910][com.java.TestType] [10844] - ?   P A S S   ?
[DEBUG][2016-01-05 21:00:44,910][com.java.TestType] [10650] - Concept ID:1 :: Step being Executed: 1::15
[INFO ][2016-01-05 21:00:44,910][com.java.TestType] [10688] - dataFields : LNK
[DEBUG][2016-01-05 21:00:44,910][com.java.TestType] [10694] - <In Set values of the page>
[DEBUG][2016-01-05 21:00:44,910][com.java.TestType] [10699] - {Data Fields & Data Values Exist}
[INFO ][2016-01-05 21:00:44,910][com.java.TestType] [10705] - --------------------------setting values-----------------------------
[INFO ][2016-01-05 21:00:44,910][com.java.TestType] [10708] - Action Type : Verify
[INFO ][2016-01-05 21:00:44,912][com.java.TestType] [ 7081] - field= LNK value= Logout
[INFO ][2016-01-05 21:00:44,912][com.java.TestType] [ 5705] - value = Logout
[INFO ][2016-01-05 21:00:44,948][com.java.TestType] [10727] -  RESULT true
[INFO ][2016-01-05 21:00:44,948][com.java.TestType] [10844] - ?   P A S S   ?
[DEBUG][2016-01-05 21:00:44,948][com.java.TestType] [10650] - Concept ID:1 :: Step being Executed: 1::16
[INFO ][2016-01-05 21:00:44,948][com.java.TestType] [10688] - dataFields : BTN
[DEBUG][2016-01-05 21:00:44,948][com.java.TestType] [10694] - <In Set values of the page>
[DEBUG][2016-01-05 21:00:44,948][com.java.TestType] [10699] - {Data Fields & Data Values Exist}
[INFO ][2016-01-05 21:00:44,948][com.java.TestType] [10705] - --------------------------setting values-----------------------------
[INFO ][2016-01-05 21:00:44,948][com.java.TestType] [10708] - Action Type : Verify
[INFO ][2016-01-05 21:00:44,948][com.java.TestType] [ 7081] - field= BTN value= //img[contains(@src,'bdlogo.jpg')]
[INFO ][2016-01-05 21:00:44,948][com.java.TestType] [ 5705] - value = //img[contains(@src,'bdlogo.jpg')]
[INFO ][2016-01-05 21:00:45,013][com.java.TestType] [10727] -  RESULT true
[INFO ][2016-01-05 21:00:45,013][com.java.TestType] [10844] - ?   P A S S   ?
[INFO ][2016-01-05 21:00:45,013][com.java.TestType] [10915] - Looping End......
[INFO ][2016-01-05 21:00:45,018][com.java.SeleniumDriver] [  906] -  RESULT true
[INFO ][2016-01-05 21:00:45,018][com.java.SeleniumDriver] [ 1112] - ?   P A S S   ?
[INFO ][2016-01-05 21:00:45,018][com.java.SeleniumDriver] [  832] - ------------------------------------------
[INFO ][2016-01-05 21:00:45,018][com.java.SeleniumDriver] [  833] - Test case being Executed: 1
[INFO ][2016-01-05 21:00:45,018][com.java.SeleniumDriver] [  845] - Test step:2
[INFO ][2016-01-05 21:00:45,018][com.java.SeleniumDriver] [  857] - Datavalue is----------Concept#2:1-2
[INFO ][2016-01-05 21:00:45,018][com.java.SeleniumDriver] [  881] - DataField : test
[INFO ][2016-01-05 21:00:45,018][com.java.SeleniumDriver] [  883] - DataValue : Concept#2:1-2
[INFO ][2016-01-05 21:00:45,018][com.java.SeleniumDriver] [  889] - <In Set values of the page>
[INFO ][2016-01-05 21:00:45,018][com.java.SeleniumDriver] [  892] - {Data Fields & Data Values Exist}
[INFO ][2016-01-05 21:00:45,018][com.java.SeleniumDriver] [  894] - --------------------------setting values-----------------------------
[INFO ][2016-01-05 21:00:45,018][com.java.SeleniumDriver] [  897] - Action Type : ExecuteTestCase
[INFO ][2016-01-05 21:00:45,018][com.java.TestType] [  437] - The Concept sheet name is ---------- Concept
[INFO ][2016-01-05 21:00:45,018][com.java.TestType] [  440] - The Concept ID  is ---------- 2
[DEBUG][2016-01-05 21:00:45,018][com.java.TestType] [  444] - Steps being executted in the Concept are: 1:2
[INFO ][2016-01-05 21:00:45,018][com.java.TestType] [  451] - Test data details path ---------- D:\BankersDashboard\TestInputs\TestData.xls
[INFO ][2016-01-05 21:00:45,046][com.java.TestType] [  482] -  str(1) = 2
[INFO ][2016-01-05 21:00:45,046][com.java.TestType] [  485] - Test case Id is---2
[INFO ][2016-01-05 21:00:45,046][com.java.TestType] [  487] - 2
[INFO ][2016-01-05 21:00:45,046][com.java.TestType] [  482] -  str(2) = 1
[INFO ][2016-01-05 21:00:45,048][com.java.TestType] [  482] -  str(1) = 2
[INFO ][2016-01-05 21:00:45,048][com.java.TestType] [  485] - Test case Id is---2
[INFO ][2016-01-05 21:00:45,048][com.java.TestType] [  487] - 2
[INFO ][2016-01-05 21:00:45,048][com.java.TestType] [  482] -  str(2) = 2
[INFO ][2016-01-05 21:00:45,048][com.java.TestType] [  482] -  str(1) = 2
[INFO ][2016-01-05 21:00:45,048][com.java.TestType] [  485] - Test case Id is---2
[INFO ][2016-01-05 21:00:45,048][com.java.TestType] [  487] - 2
[INFO ][2016-01-05 21:00:45,048][com.java.TestType] [  482] -  str(2) = 3
[INFO ][2016-01-05 21:00:45,051][com.java.TestType] [10609] - Looping 1TCID = 2
[DEBUG][2016-01-05 21:00:45,051][com.java.TestType] [10650] - Concept ID:2 :: Step being Executed: 2::1
[INFO ][2016-01-05 21:00:45,051][com.java.TestType] [10688] - dataFields : BNK//select[@id='bank']
[DEBUG][2016-01-05 21:00:45,051][com.java.TestType] [10694] - <In Set values of the page>
[DEBUG][2016-01-05 21:00:45,051][com.java.TestType] [10699] - {Data Fields & Data Values Exist}
[INFO ][2016-01-05 21:00:45,051][com.java.TestType] [10705] - --------------------------setting values-----------------------------
[INFO ][2016-01-05 21:00:45,051][com.java.TestType] [10708] - Action Type : Select
[INFO ][2016-01-05 21:00:45,051][com.java.TestType] [ 5705] - value = PFC
[INFO ][2016-01-05 21:00:45,443][com.java.TestType] [10727] -  RESULT true
[INFO ][2016-01-05 21:00:45,443][com.java.TestType] [10844] - ?   P A S S   ?
[DEBUG][2016-01-05 21:00:45,443][com.java.TestType] [10650] - Concept ID:2 :: Step being Executed: 2::2
[INFO ][2016-01-05 21:00:45,443][com.java.TestType] [10688] - dataFields : LNKLogout
[DEBUG][2016-01-05 21:00:45,446][com.java.TestType] [10694] - <In Set values of the page>
[DEBUG][2016-01-05 21:00:45,446][com.java.TestType] [10699] - {Data Fields & Data Values Exist}
[INFO ][2016-01-05 21:00:45,446][com.java.TestType] [10705] - --------------------------setting values-----------------------------
[INFO ][2016-01-05 21:00:45,446][com.java.TestType] [10708] - Action Type : WaitTime
[DEBUG][2016-01-05 21:00:45,446][com.java.TestType] [ 5525] - sleepTime: 5000
[INFO ][2016-01-05 21:00:50,446][com.java.TestType] [10727] -  RESULT true
[INFO ][2016-01-05 21:00:50,446][com.java.TestType] [10844] - ?   P A S S   ?
[INFO ][2016-01-05 21:00:50,446][com.java.TestType] [10915] - Looping End......
[INFO ][2016-01-05 21:00:50,448][com.java.SeleniumDriver] [  906] -  RESULT true
[INFO ][2016-01-05 21:00:50,448][com.java.SeleniumDriver] [ 1112] - ?   P A S S   ?
[INFO ][2016-01-05 21:00:50,448][com.java.SeleniumDriver] [  832] - ------------------------------------------
[INFO ][2016-01-05 21:00:50,448][com.java.SeleniumDriver] [  833] - Test case being Executed: 1
[INFO ][2016-01-05 21:00:50,448][com.java.SeleniumDriver] [  845] - Test step:3
[INFO ][2016-01-05 21:00:50,448][com.java.SeleniumDriver] [  857] - Datavalue is----------2
[INFO ][2016-01-05 21:00:50,448][com.java.SeleniumDriver] [  881] - DataField : XPH//button[contains(text(),'Add Content')]
[INFO ][2016-01-05 21:00:50,448][com.java.SeleniumDriver] [  883] - DataValue : 2
[INFO ][2016-01-05 21:00:50,448][com.java.SeleniumDriver] [  889] - <In Set values of the page>
[INFO ][2016-01-05 21:00:50,448][com.java.SeleniumDriver] [  892] - {Data Fields & Data Values Exist}
[INFO ][2016-01-05 21:00:50,448][com.java.SeleniumDriver] [  894] - --------------------------setting values-----------------------------
[INFO ][2016-01-05 21:00:50,448][com.java.SeleniumDriver] [  897] - Action Type : WAITFORELEMENT
[INFO ][2016-01-05 21:00:50,487][com.java.SeleniumDriver] [  906] -  RESULT true
[INFO ][2016-01-05 21:00:50,487][com.java.SeleniumDriver] [ 1112] - ?   P A S S   ?
[DEBUG][2016-01-05 21:00:50,487][com.java.SeleniumDriver] [ 1224] - Case found
[DEBUG][2016-01-05 21:00:50,487][com.java.SeleniumDriver] [ 1229] - Incrementing ReportCounters[0]:1
[INFO ][2016-01-05 21:00:50,487][com.java.SeleniumDriver] [ 1248] - The results are-------------------[1, 1, Valid Login, Pass, , Tue Jan 05 21:00:45 IST 2016, 1, 2, Valid Login, Pass, , Tue Jan 05 21:00:50 IST 2016, 1, 3, Valid Login, Pass, , Tue Jan 05 21:00:50 IST 2016]
[INFO ][2016-01-05 21:00:50,489][com.java.SeleniumDriver] [ 1252] - End time is-------35 sec
[INFO ][2016-01-05 21:00:50,489][com.java.SeleniumDriver] [ 1253] - The results are-------------------[1, 1, Valid Login, Pass, , Tue Jan 05 21:00:45 IST 2016, 1, 2, Valid Login, Pass, , Tue Jan 05 21:00:50 IST 2016, 1, 3, Valid Login, Pass, , Tue Jan 05 21:00:50 IST 2016]
[DEBUG][2016-01-05 21:00:50,489][com.java.ImportnExport.ExportTestResultsExcel] [  222] - testResultPath = D:\BankersDashboard/TestReports/Test Results_BankersDashBoard_010516_210017_IE10_United Bank.xls
[DEBUG][2016-01-05 21:00:50,489][com.java.ImportnExport.ExportTestResultsExcel] [  223] - browser is------------IE10
[DEBUG][2016-01-05 21:00:50,534][com.java.ImportnExport.ExportTestResultsExcel] [  270] - result.size() = 18
[DEBUG][2016-01-05 21:00:50,534][com.java.ImportnExport.ExportTestResultsExcel] [  274] - No of rows in sheet=1
[DEBUG][2016-01-05 21:00:50,534][com.java.ImportnExport.ExportTestResultsExcel] [  301] - ..in export..1
[DEBUG][2016-01-05 21:00:50,534][com.java.ImportnExport.ExportTestResultsExcel] [  301] - ..in export..Valid Login
[DEBUG][2016-01-05 21:00:50,534][com.java.ImportnExport.ExportTestResultsExcel] [  301] - ..in export..Pass
[DEBUG][2016-01-05 21:00:50,534][com.java.ImportnExport.ExportTestResultsExcel] [  301] - ..in export..
[DEBUG][2016-01-05 21:00:50,534][com.java.ImportnExport.ExportTestResultsExcel] [  301] - ..in export..Tue Jan 05 21:00:45 IST 2016
[INFO ][2016-01-05 21:00:50,537][com.java.SeleniumDriver] [ 1313] - out loop:0 size:3 TestCases:[1, 4, 5] testcases:[1, 4, 5]
[INFO ][2016-01-05 21:00:50,537][com.java.ImportnExport.ImportTestDataDetailsExcel] [   49] - test data details path===== D:\BankersDashboard\TestInputs\TestData.xls
[INFO ][2016-01-05 21:01:20,936][com.java.SeleniumDriver] [  832] - ------------------------------------------
[INFO ][2016-01-05 21:01:20,936][com.java.SeleniumDriver] [  833] - Test case being Executed: 4
[INFO ][2016-01-05 21:01:20,936][com.java.SeleniumDriver] [  845] - Test step:1
[INFO ][2016-01-05 21:01:20,936][com.java.SeleniumDriver] [  857] - Datavalue is----------Logout
[INFO ][2016-01-05 21:01:20,936][com.java.SeleniumDriver] [  881] - DataField : BTN
[INFO ][2016-01-05 21:01:20,936][com.java.SeleniumDriver] [  883] - DataValue : Logout
[INFO ][2016-01-05 21:01:20,936][com.java.SeleniumDriver] [  889] - <In Set values of the page>
[INFO ][2016-01-05 21:01:20,936][com.java.SeleniumDriver] [  892] - {Data Fields & Data Values Exist}
[INFO ][2016-01-05 21:01:20,936][com.java.SeleniumDriver] [  894] - --------------------------setting values-----------------------------
[INFO ][2016-01-05 21:01:20,936][com.java.SeleniumDriver] [  897] - Action Type : Verify
[INFO ][2016-01-05 21:01:20,936][com.java.TestType] [ 7081] - field= BTN value= Logout
[INFO ][2016-01-05 21:01:20,936][com.java.TestType] [ 5705] - value = Logout
[INFO ][2016-01-05 21:01:21,018][com.java.SeleniumDriver] [  906] -  RESULT true
[INFO ][2016-01-05 21:01:21,018][com.java.SeleniumDriver] [ 1112] - ?   P A S S   ?
[INFO ][2016-01-05 21:01:21,018][com.java.SeleniumDriver] [ 1154] - step change to 3
[INFO ][2016-01-05 21:01:21,021][com.java.SeleniumDriver] [  832] - ------------------------------------------
[INFO ][2016-01-05 21:01:21,021][com.java.SeleniumDriver] [  833] - Test case being Executed: 4
[INFO ][2016-01-05 21:01:21,021][com.java.SeleniumDriver] [  845] - Test step:3
[INFO ][2016-01-05 21:01:21,021][com.java.SeleniumDriver] [  857] - Datavalue is----------null
[DEBUG][2016-01-05 21:01:21,021][com.java.SeleniumDriver] [  875] - Exception: null
[INFO ][2016-01-05 21:01:21,021][com.java.SeleniumDriver] [  881] - DataField : //span[@class='icon-user4']&&//a[text()='Users']&&//a[@data-id="ModifyUsers"]
[INFO ][2016-01-05 21:01:21,021][com.java.SeleniumDriver] [  883] - DataValue : 
[INFO ][2016-01-05 21:01:21,021][com.java.SeleniumDriver] [  889] - <In Set values of the page>
[INFO ][2016-01-05 21:01:21,021][com.java.SeleniumDriver] [  892] - {Data Fields & Data Values Exist}
[INFO ][2016-01-05 21:01:21,021][com.java.SeleniumDriver] [  894] - --------------------------setting values-----------------------------
[INFO ][2016-01-05 21:01:21,021][com.java.SeleniumDriver] [  897] - Action Type : MouseOver
[INFO ][2016-01-05 21:01:48,397][com.java.SeleniumDriver] [  906] -  RESULT true
[INFO ][2016-01-05 21:01:48,397][com.java.SeleniumDriver] [ 1112] - ?   P A S S   ?
[INFO ][2016-01-05 21:01:48,397][com.java.SeleniumDriver] [  832] - ------------------------------------------
[INFO ][2016-01-05 21:01:48,397][com.java.SeleniumDriver] [  833] - Test case being Executed: 4
[INFO ][2016-01-05 21:01:48,397][com.java.SeleniumDriver] [  845] - Test step:4
[INFO ][2016-01-05 21:01:48,397][com.java.SeleniumDriver] [  857] - Datavalue is----------2
[INFO ][2016-01-05 21:01:48,397][com.java.SeleniumDriver] [  881] - DataField : BTNframeDialogContent
[INFO ][2016-01-05 21:01:48,397][com.java.SeleniumDriver] [  883] - DataValue : 2
[INFO ][2016-01-05 21:01:48,397][com.java.SeleniumDriver] [  889] - <In Set values of the page>
[INFO ][2016-01-05 21:01:48,397][com.java.SeleniumDriver] [  892] - {Data Fields & Data Values Exist}
[INFO ][2016-01-05 21:01:48,397][com.java.SeleniumDriver] [  894] - --------------------------setting values-----------------------------
[INFO ][2016-01-05 21:01:48,397][com.java.SeleniumDriver] [  897] - Action Type : WaitForElement
[INFO ][2016-01-05 21:01:49,601][com.java.SeleniumDriver] [  906] -  RESULT true
[INFO ][2016-01-05 21:01:49,601][com.java.SeleniumDriver] [ 1112] - ?   P A S S   ?
[INFO ][2016-01-05 21:01:49,601][com.java.SeleniumDriver] [  832] - ------------------------------------------
[INFO ][2016-01-05 21:01:49,601][com.java.SeleniumDriver] [  833] - Test case being Executed: 4
[INFO ][2016-01-05 21:01:49,601][com.java.SeleniumDriver] [  845] - Test step:5
[INFO ][2016-01-05 21:01:49,603][com.java.SeleniumDriver] [  857] - Datavalue is----------null
[DEBUG][2016-01-05 21:01:49,603][com.java.SeleniumDriver] [  875] - Exception: null
[INFO ][2016-01-05 21:01:49,603][com.java.SeleniumDriver] [  881] - DataField : BTNframeDialogContent
[INFO ][2016-01-05 21:01:49,603][com.java.SeleniumDriver] [  883] - DataValue : 
[INFO ][2016-01-05 21:01:49,603][com.java.SeleniumDriver] [  889] - <In Set values of the page>
[INFO ][2016-01-05 21:01:49,603][com.java.SeleniumDriver] [  892] - {Data Fields & Data Values Exist}
[INFO ][2016-01-05 21:01:49,603][com.java.SeleniumDriver] [  894] - --------------------------setting values-----------------------------
[INFO ][2016-01-05 21:01:49,603][com.java.SeleniumDriver] [  897] - Action Type : SelectFrame
[INFO ][2016-01-05 21:01:50,845][com.java.SeleniumDriver] [  906] -  RESULT true
[INFO ][2016-01-05 21:01:50,845][com.java.SeleniumDriver] [ 1112] - ?   P A S S   ?
[INFO ][2016-01-05 21:01:50,845][com.java.SeleniumDriver] [  832] - ------------------------------------------
[INFO ][2016-01-05 21:01:50,845][com.java.SeleniumDriver] [  833] - Test case being Executed: 4
[INFO ][2016-01-05 21:01:50,845][com.java.SeleniumDriver] [  845] - Test step:6
[INFO ][2016-01-05 21:01:50,845][com.java.SeleniumDriver] [  857] - Datavalue is----------2
[INFO ][2016-01-05 21:01:50,845][com.java.SeleniumDriver] [  881] - DataField : BTNbtnAddUser
[INFO ][2016-01-05 21:01:50,845][com.java.SeleniumDriver] [  883] - DataValue : 2
[INFO ][2016-01-05 21:01:50,845][com.java.SeleniumDriver] [  889] - <In Set values of the page>
[INFO ][2016-01-05 21:01:50,845][com.java.SeleniumDriver] [  892] - {Data Fields & Data Values Exist}
[INFO ][2016-01-05 21:01:50,845][com.java.SeleniumDriver] [  894] - --------------------------setting values-----------------------------
[INFO ][2016-01-05 21:01:50,845][com.java.SeleniumDriver] [  897] - Action Type : WaitForElement
[INFO ][2016-01-05 21:01:52,095][com.java.SeleniumDriver] [  906] -  RESULT true
[INFO ][2016-01-05 21:01:52,095][com.java.SeleniumDriver] [ 1112] - ?   P A S S   ?
[INFO ][2016-01-05 21:01:52,095][com.java.SeleniumDriver] [  832] - ------------------------------------------
[INFO ][2016-01-05 21:01:52,095][com.java.SeleniumDriver] [  833] - Test case being Executed: 4
[INFO ][2016-01-05 21:01:52,095][com.java.SeleniumDriver] [  845] - Test step:7
[INFO ][2016-01-05 21:01:52,095][com.java.SeleniumDriver] [  857] - Datavalue is----------null
[DEBUG][2016-01-05 21:01:52,095][com.java.SeleniumDriver] [  875] - Exception: null
[INFO ][2016-01-05 21:01:52,095][com.java.SeleniumDriver] [  881] - DataField : BTNbtnAddUser
[INFO ][2016-01-05 21:01:52,095][com.java.SeleniumDriver] [  883] - DataValue : 
[INFO ][2016-01-05 21:01:52,095][com.java.SeleniumDriver] [  889] - <In Set values of the page>
[INFO ][2016-01-05 21:01:52,095][com.java.SeleniumDriver] [  892] - {Data Fields & Data Values Exist}
[INFO ][2016-01-05 21:01:52,095][com.java.SeleniumDriver] [  894] - --------------------------setting values-----------------------------
[INFO ][2016-01-05 21:01:52,098][com.java.SeleniumDriver] [  897] - Action Type : Click
[INFO ][2016-01-05 21:01:52,098][com.java.TestType] [ 6084] - Field ::BTNbtnAddUser
[INFO ][2016-01-05 21:01:52,098][com.java.TestType] [ 5705] - value = 
[INFO ][2016-01-05 21:01:53,099][com.java.TestType] [ 6200] - BEFORE CLICK
[INFO ][2016-01-05 21:01:54,505][com.java.TestType] [ 6207] - Unable to click the object Add user button
[INFO ][2016-01-05 21:01:54,505][com.java.SeleniumDriver] [  906] -  RESULT true
[INFO ][2016-01-05 21:01:54,505][com.java.SeleniumDriver] [ 1112] - ?   P A S S   ?
[INFO ][2016-01-05 21:01:54,505][com.java.SeleniumDriver] [  832] - ------------------------------------------
[INFO ][2016-01-05 21:01:54,505][com.java.SeleniumDriver] [  833] - Test case being Executed: 4
[INFO ][2016-01-05 21:01:54,505][com.java.SeleniumDriver] [  845] - Test step:8
[INFO ][2016-01-05 21:01:54,505][com.java.SeleniumDriver] [  857] - Datavalue is----------2
[INFO ][2016-01-05 21:01:54,505][com.java.SeleniumDriver] [  881] - DataField : BTNtxtUserName
[INFO ][2016-01-05 21:01:54,505][com.java.SeleniumDriver] [  883] - DataValue : 2
[INFO ][2016-01-05 21:01:54,505][com.java.SeleniumDriver] [  889] - <In Set values of the page>
[INFO ][2016-01-05 21:01:54,505][com.java.SeleniumDriver] [  892] - {Data Fields & Data Values Exist}
[INFO ][2016-01-05 21:01:54,505][com.java.SeleniumDriver] [  894] - --------------------------setting values-----------------------------
[INFO ][2016-01-05 21:01:54,505][com.java.SeleniumDriver] [  897] - Action Type : WaitForElement
[INFO ][2016-01-05 21:01:57,947][com.java.SeleniumDriver] [  906] -  RESULT true
[INFO ][2016-01-05 21:01:57,947][com.java.SeleniumDriver] [ 1112] - ?   P A S S   ?
[INFO ][2016-01-05 21:01:57,947][com.java.SeleniumDriver] [  832] - ------------------------------------------
[INFO ][2016-01-05 21:01:57,947][com.java.SeleniumDriver] [  833] - Test case being Executed: 4
[INFO ][2016-01-05 21:01:57,950][com.java.SeleniumDriver] [  845] - Test step:9
[INFO ][2016-01-05 21:01:57,950][com.java.SeleniumDriver] [  857] - Datavalue is----------5
[INFO ][2016-01-05 21:01:57,950][com.java.SeleniumDriver] [  881] - DataField : TXTtxtUserName
[INFO ][2016-01-05 21:01:57,950][com.java.SeleniumDriver] [  883] - DataValue : 5
[INFO ][2016-01-05 21:01:57,950][com.java.SeleniumDriver] [  889] - <In Set values of the page>
[INFO ][2016-01-05 21:01:57,950][com.java.SeleniumDriver] [  892] - {Data Fields & Data Values Exist}
[INFO ][2016-01-05 21:01:57,950][com.java.SeleniumDriver] [  894] - --------------------------setting values-----------------------------
[INFO ][2016-01-05 21:01:57,950][com.java.SeleniumDriver] [  897] - Action Type : WaitForElement
[INFO ][2016-01-05 21:01:59,026][com.java.SeleniumDriver] [  906] -  RESULT true
[INFO ][2016-01-05 21:01:59,026][com.java.SeleniumDriver] [ 1112] - ?   P A S S   ?
[INFO ][2016-01-05 21:01:59,026][com.java.SeleniumDriver] [  832] - ------------------------------------------
[INFO ][2016-01-05 21:01:59,026][com.java.SeleniumDriver] [  833] - Test case being Executed: 4
[INFO ][2016-01-05 21:01:59,026][com.java.SeleniumDriver] [  845] - Test step:10
[INFO ][2016-01-05 21:01:59,026][com.java.SeleniumDriver] [  857] - Datavalue is----------RNDvltest.robot
[INFO ][2016-01-05 21:01:59,026][com.java.SeleniumDriver] [  881] - DataField : TXTtxtUserName
[INFO ][2016-01-05 21:01:59,026][com.java.SeleniumDriver] [  883] - DataValue : RNDvltest.robot
[INFO ][2016-01-05 21:01:59,026][com.java.SeleniumDriver] [  889] - <In Set values of the page>
[INFO ][2016-01-05 21:01:59,026][com.java.SeleniumDriver] [  892] - {Data Fields & Data Values Exist}
[INFO ][2016-01-05 21:01:59,028][com.java.SeleniumDriver] [  894] - --------------------------setting values-----------------------------
[INFO ][2016-01-05 21:01:59,028][com.java.SeleniumDriver] [  897] - Action Type : CLEARANDENTER
[INFO ][2016-01-05 21:01:59,028][com.java.TestType] [ 5705] - value = vltest.robot82813
[INFO ][2016-01-05 21:02:01,460][com.java.SeleniumDriver] [  906] -  RESULT true
[INFO ][2016-01-05 21:02:01,460][com.java.SeleniumDriver] [ 1112] - ?   P A S S   ?
[INFO ][2016-01-05 21:02:01,460][com.java.SeleniumDriver] [  832] - ------------------------------------------
[INFO ][2016-01-05 21:02:01,460][com.java.SeleniumDriver] [  833] - Test case being Executed: 4
[INFO ][2016-01-05 21:02:01,460][com.java.SeleniumDriver] [  845] - Test step:11
[INFO ][2016-01-05 21:02:01,460][com.java.SeleniumDriver] [  857] - Datavalue is----------5
[INFO ][2016-01-05 21:02:01,460][com.java.SeleniumDriver] [  881] - DataField : TXTtxtFirstName
[INFO ][2016-01-05 21:02:01,460][com.java.SeleniumDriver] [  883] - DataValue : 5
[INFO ][2016-01-05 21:02:01,460][com.java.SeleniumDriver] [  889] - <In Set values of the page>
[INFO ][2016-01-05 21:02:01,460][com.java.SeleniumDriver] [  892] - {Data Fields & Data Values Exist}
[INFO ][2016-01-05 21:02:01,460][com.java.SeleniumDriver] [  894] - --------------------------setting values-----------------------------
[INFO ][2016-01-05 21:02:01,460][com.java.SeleniumDriver] [  897] - Action Type : WaitForElement
[INFO ][2016-01-05 21:02:02,540][com.java.SeleniumDriver] [  906] -  RESULT true
[INFO ][2016-01-05 21:02:02,540][com.java.SeleniumDriver] [ 1112] - ?   P A S S   ?
[INFO ][2016-01-05 21:02:02,540][com.java.SeleniumDriver] [  832] - ------------------------------------------
[INFO ][2016-01-05 21:02:02,540][com.java.SeleniumDriver] [  833] - Test case being Executed: 4
[INFO ][2016-01-05 21:02:02,540][com.java.SeleniumDriver] [  845] - Test step:12
[INFO ][2016-01-05 21:02:02,540][com.java.SeleniumDriver] [  857] - Datavalue is----------GivenNewUserName
[INFO ][2016-01-05 21:02:02,540][com.java.SeleniumDriver] [  881] - DataField : TXTtxtUserName
[INFO ][2016-01-05 21:02:02,540][com.java.SeleniumDriver] [  883] - DataValue : GivenNewUserName
[INFO ][2016-01-05 21:02:02,540][com.java.SeleniumDriver] [  889] - <In Set values of the page>
[INFO ][2016-01-05 21:02:02,540][com.java.SeleniumDriver] [  892] - {Data Fields & Data Values Exist}
[INFO ][2016-01-05 21:02:02,540][com.java.SeleniumDriver] [  894] - --------------------------setting values-----------------------------
[INFO ][2016-01-05 21:02:02,540][com.java.SeleniumDriver] [  897] - Action Type : STOREVALUE
[INFO ][2016-01-05 21:02:02,542][com.java.TestType] [ 8399] - field= TXTtxtUserName
[DEBUG][2016-01-05 21:02:03,662][com.java.TestType] [ 8413] - Key:: GivenNewUserName  Value:: vltest.robot82813
[INFO ][2016-01-05 21:02:03,662][com.java.SeleniumDriver] [  906] -  RESULT true
[INFO ][2016-01-05 21:02:03,664][com.java.SeleniumDriver] [ 1112] - ?   P A S S   ?
[INFO ][2016-01-05 21:02:03,664][com.java.SeleniumDriver] [  832] - ------------------------------------------
[INFO ][2016-01-05 21:02:03,664][com.java.SeleniumDriver] [  833] - Test case being Executed: 4
[INFO ][2016-01-05 21:02:03,664][com.java.SeleniumDriver] [  845] - Test step:13
[INFO ][2016-01-05 21:02:03,664][com.java.SeleniumDriver] [  857] - Datavalue is----------VLTest
[INFO ][2016-01-05 21:02:03,664][com.java.SeleniumDriver] [  881] - DataField : TXTtxtFirstName
[INFO ][2016-01-05 21:02:03,664][com.java.SeleniumDriver] [  883] - DataValue : VLTest
[INFO ][2016-01-05 21:02:03,664][com.java.SeleniumDriver] [  889] - <In Set values of the page>
[INFO ][2016-01-05 21:02:03,664][com.java.SeleniumDriver] [  892] - {Data Fields & Data Values Exist}
[INFO ][2016-01-05 21:02:03,664][com.java.SeleniumDriver] [  894] - --------------------------setting values-----------------------------
[INFO ][2016-01-05 21:02:03,664][com.java.SeleniumDriver] [  897] - Action Type : Enter
[INFO ][2016-01-05 21:02:03,664][com.java.TestType] [ 6508] - field = txtFirstName
[INFO ][2016-01-05 21:02:03,664][com.java.TestType] [ 5705] - value = VLTest
[INFO ][2016-01-05 21:02:05,288][com.java.SeleniumDriver] [  906] -  RESULT true
[INFO ][2016-01-05 21:02:05,288][com.java.SeleniumDriver] [ 1112] - ?   P A S S   ?
[INFO ][2016-01-05 21:02:05,288][com.java.SeleniumDriver] [  832] - ------------------------------------------
[INFO ][2016-01-05 21:02:05,288][com.java.SeleniumDriver] [  833] - Test case being Executed: 4
[INFO ][2016-01-05 21:02:05,288][com.java.SeleniumDriver] [  845] - Test step:14
[INFO ][2016-01-05 21:02:05,288][com.java.SeleniumDriver] [  857] - Datavalue is----------5
[INFO ][2016-01-05 21:02:05,288][com.java.SeleniumDriver] [  881] - DataField : TXTtxtLastName
[INFO ][2016-01-05 21:02:05,288][com.java.SeleniumDriver] [  883] - DataValue : 5
[INFO ][2016-01-05 21:02:05,288][com.java.SeleniumDriver] [  889] - <In Set values of the page>
[INFO ][2016-01-05 21:02:05,288][com.java.SeleniumDriver] [  892] - {Data Fields & Data Values Exist}
[INFO ][2016-01-05 21:02:05,288][com.java.SeleniumDriver] [  894] - --------------------------setting values-----------------------------
[INFO ][2016-01-05 21:02:05,288][com.java.SeleniumDriver] [  897] - Action Type : WaitForElement
[INFO ][2016-01-05 21:02:06,380][com.java.SeleniumDriver] [  906] -  RESULT true
[INFO ][2016-01-05 21:02:06,380][com.java.SeleniumDriver] [ 1112] - ?   P A S S   ?
[INFO ][2016-01-05 21:02:06,380][com.java.SeleniumDriver] [  832] - ------------------------------------------
[INFO ][2016-01-05 21:02:06,380][com.java.SeleniumDriver] [  833] - Test case being Executed: 4
[INFO ][2016-01-05 21:02:06,380][com.java.SeleniumDriver] [  845] - Test step:15
[INFO ][2016-01-05 21:02:06,380][com.java.SeleniumDriver] [  857] - Datavalue is----------Robot
[INFO ][2016-01-05 21:02:06,380][com.java.SeleniumDriver] [  881] - DataField : TXTtxtLastName
[INFO ][2016-01-05 21:02:06,380][com.java.SeleniumDriver] [  883] - DataValue : Robot
[INFO ][2016-01-05 21:02:06,380][com.java.SeleniumDriver] [  889] - <In Set values of the page>
[INFO ][2016-01-05 21:02:06,380][com.java.SeleniumDriver] [  892] - {Data Fields & Data Values Exist}
[INFO ][2016-01-05 21:02:06,380][com.java.SeleniumDriver] [  894] - --------------------------setting values-----------------------------
[INFO ][2016-01-05 21:02:06,383][com.java.SeleniumDriver] [  897] - Action Type : Enter
[INFO ][2016-01-05 21:02:06,383][com.java.TestType] [ 6508] - field = txtLastName
[INFO ][2016-01-05 21:02:06,383][com.java.TestType] [ 5705] - value = Robot
[INFO ][2016-01-05 21:02:07,790][com.java.SeleniumDriver] [  906] -  RESULT true
[INFO ][2016-01-05 21:02:07,790][com.java.SeleniumDriver] [ 1112] - ?   P A S S   ?
[INFO ][2016-01-05 21:02:07,790][com.java.SeleniumDriver] [  832] - ------------------------------------------
[INFO ][2016-01-05 21:02:07,790][com.java.SeleniumDriver] [  833] - Test case being Executed: 4
[INFO ][2016-01-05 21:02:07,790][com.java.SeleniumDriver] [  845] - Test step:16
[INFO ][2016-01-05 21:02:07,790][com.java.SeleniumDriver] [  857] - Datavalue is----------5
[INFO ][2016-01-05 21:02:07,790][com.java.SeleniumDriver] [  881] - DataField : TXTtxtCompany
[INFO ][2016-01-05 21:02:07,790][com.java.SeleniumDriver] [  883] - DataValue : 5
[INFO ][2016-01-05 21:02:07,790][com.java.SeleniumDriver] [  889] - <In Set values of the page>
[INFO ][2016-01-05 21:02:07,790][com.java.SeleniumDriver] [  892] - {Data Fields & Data Values Exist}
[INFO ][2016-01-05 21:02:07,790][com.java.SeleniumDriver] [  894] - --------------------------setting values-----------------------------
[INFO ][2016-01-05 21:02:07,793][com.java.SeleniumDriver] [  897] - Action Type : WaitForElement
[INFO ][2016-01-05 21:02:08,883][com.java.SeleniumDriver] [  906] -  RESULT true
[INFO ][2016-01-05 21:02:08,883][com.java.SeleniumDriver] [ 1112] - ?   P A S S   ?
[INFO ][2016-01-05 21:02:08,883][com.java.SeleniumDriver] [  832] - ------------------------------------------
[INFO ][2016-01-05 21:02:08,883][com.java.SeleniumDriver] [  833] - Test case being Executed: 4
[INFO ][2016-01-05 21:02:08,883][com.java.SeleniumDriver] [  845] - Test step:17
[INFO ][2016-01-05 21:02:08,883][com.java.SeleniumDriver] [  857] - Datavalue is----------ValueLabs
[INFO ][2016-01-05 21:02:08,883][com.java.SeleniumDriver] [  881] - DataField : TXTtxtCompany
[INFO ][2016-01-05 21:02:08,883][com.java.SeleniumDriver] [  883] - DataValue : ValueLabs
[INFO ][2016-01-05 21:02:08,883][com.java.SeleniumDriver] [  889] - <In Set values of the page>
[INFO ][2016-01-05 21:02:08,883][com.java.SeleniumDriver] [  892] - {Data Fields & Data Values Exist}
[INFO ][2016-01-05 21:02:08,883][com.java.SeleniumDriver] [  894] - --------------------------setting values-----------------------------
[INFO ][2016-01-05 21:02:08,885][com.java.SeleniumDriver] [  897] - Action Type : Enter
[INFO ][2016-01-05 21:02:08,885][com.java.TestType] [ 6508] - field = txtCompany
[INFO ][2016-01-05 21:02:08,885][com.java.TestType] [ 5705] - value = ValueLabs
[INFO ][2016-01-05 21:02:10,417][com.java.SeleniumDriver] [  906] -  RESULT true
[INFO ][2016-01-05 21:02:10,417][com.java.SeleniumDriver] [ 1112] - ?   P A S S   ?
[INFO ][2016-01-05 21:02:10,417][com.java.SeleniumDriver] [  832] - ------------------------------------------
[INFO ][2016-01-05 21:02:10,417][com.java.SeleniumDriver] [  833] - Test case being Executed: 4
[INFO ][2016-01-05 21:02:10,417][com.java.SeleniumDriver] [  845] - Test step:18
[INFO ][2016-01-05 21:02:10,417][com.java.SeleniumDriver] [  857] - Datavalue is----------5
[INFO ][2016-01-05 21:02:10,417][com.java.SeleniumDriver] [  881] - DataField : TXTtxtLocation
[INFO ][2016-01-05 21:02:10,417][com.java.SeleniumDriver] [  883] - DataValue : 5
[INFO ][2016-01-05 21:02:10,417][com.java.SeleniumDriver] [  889] - <In Set values of the page>
[INFO ][2016-01-05 21:02:10,417][com.java.SeleniumDriver] [  892] - {Data Fields & Data Values Exist}
[INFO ][2016-01-05 21:02:10,417][com.java.SeleniumDriver] [  894] - --------------------------setting values-----------------------------
[INFO ][2016-01-05 21:02:10,417][com.java.SeleniumDriver] [  897] - Action Type : WaitForElement
[INFO ][2016-01-05 21:02:11,500][com.java.SeleniumDriver] [  906] -  RESULT true
[INFO ][2016-01-05 21:02:11,500][com.java.SeleniumDriver] [ 1112] - ?   P A S S   ?
[INFO ][2016-01-05 21:02:11,500][com.java.SeleniumDriver] [  832] - ------------------------------------------
[INFO ][2016-01-05 21:02:11,500][com.java.SeleniumDriver] [  833] - Test case being Executed: 4
[INFO ][2016-01-05 21:02:11,500][com.java.SeleniumDriver] [  845] - Test step:19
[INFO ][2016-01-05 21:02:11,500][com.java.SeleniumDriver] [  857] - Datavalue is----------India
[INFO ][2016-01-05 21:02:11,500][com.java.SeleniumDriver] [  881] - DataField : TXTtxtLocation
[INFO ][2016-01-05 21:02:11,500][com.java.SeleniumDriver] [  883] - DataValue : India
[INFO ][2016-01-05 21:02:11,500][com.java.SeleniumDriver] [  889] - <In Set values of the page>
[INFO ][2016-01-05 21:02:11,500][com.java.SeleniumDriver] [  892] - {Data Fields & Data Values Exist}
[INFO ][2016-01-05 21:02:11,500][com.java.SeleniumDriver] [  894] - --------------------------setting values-----------------------------
[INFO ][2016-01-05 21:02:11,502][com.java.SeleniumDriver] [  897] - Action Type : Enter
[INFO ][2016-01-05 21:02:11,502][com.java.TestType] [ 6508] - field = txtLocation
[INFO ][2016-01-05 21:02:11,502][com.java.TestType] [ 5705] - value = India
[INFO ][2016-01-05 21:02:12,904][com.java.SeleniumDriver] [  906] -  RESULT true
[INFO ][2016-01-05 21:02:12,904][com.java.SeleniumDriver] [ 1112] - ?   P A S S   ?
[INFO ][2016-01-05 21:02:12,904][com.java.SeleniumDriver] [  832] - ------------------------------------------
[INFO ][2016-01-05 21:02:12,904][com.java.SeleniumDriver] [  833] - Test case being Executed: 4
[INFO ][2016-01-05 21:02:12,904][com.java.SeleniumDriver] [  845] - Test step:20
[INFO ][2016-01-05 21:02:12,904][com.java.SeleniumDriver] [  857] - Datavalue is----------5
[INFO ][2016-01-05 21:02:12,904][com.java.SeleniumDriver] [  881] - DataField : TXTtxtEMail
[INFO ][2016-01-05 21:02:12,904][com.java.SeleniumDriver] [  883] - DataValue : 5
[INFO ][2016-01-05 21:02:12,904][com.java.SeleniumDriver] [  889] - <In Set values of the page>
[INFO ][2016-01-05 21:02:12,904][com.java.SeleniumDriver] [  892] - {Data Fields & Data Values Exist}
[INFO ][2016-01-05 21:02:12,904][com.java.SeleniumDriver] [  894] - --------------------------setting values-----------------------------
[INFO ][2016-01-05 21:02:12,904][com.java.SeleniumDriver] [  897] - Action Type : WaitForElement
[INFO ][2016-01-05 21:02:13,999][com.java.SeleniumDriver] [  906] -  RESULT true
[INFO ][2016-01-05 21:02:13,999][com.java.SeleniumDriver] [ 1112] - ?   P A S S   ?
[INFO ][2016-01-05 21:02:13,999][com.java.SeleniumDriver] [  832] - ------------------------------------------
[INFO ][2016-01-05 21:02:13,999][com.java.SeleniumDriver] [  833] - Test case being Executed: 4
[INFO ][2016-01-05 21:02:13,999][com.java.SeleniumDriver] [  845] - Test step:21
[INFO ][2016-01-05 21:02:13,999][com.java.SeleniumDriver] [  857] - Datavalue is----------vltest.robot@valuelabs.com
[INFO ][2016-01-05 21:02:13,999][com.java.SeleniumDriver] [  881] - DataField : TXTtxtEMail
[INFO ][2016-01-05 21:02:13,999][com.java.SeleniumDriver] [  883] - DataValue : vltest.robot@valuelabs.com
[INFO ][2016-01-05 21:02:13,999][com.java.SeleniumDriver] [  889] - <In Set values of the page>
[INFO ][2016-01-05 21:02:14,002][com.java.SeleniumDriver] [  892] - {Data Fields & Data Values Exist}
[INFO ][2016-01-05 21:02:14,002][com.java.SeleniumDriver] [  894] - --------------------------setting values-----------------------------
[INFO ][2016-01-05 21:02:14,002][com.java.SeleniumDriver] [  897] - Action Type : Enter
[INFO ][2016-01-05 21:02:14,002][com.java.TestType] [ 6508] - field = txtEMail
[INFO ][2016-01-05 21:02:14,002][com.java.TestType] [ 5705] - value = vltest.robot@valuelabs.com
[INFO ][2016-01-05 21:02:15,535][com.java.SeleniumDriver] [  906] -  RESULT true
[INFO ][2016-01-05 21:02:15,535][com.java.SeleniumDriver] [ 1112] - ?   P A S S   ?
[INFO ][2016-01-05 21:02:15,535][com.java.SeleniumDriver] [  832] - ------------------------------------------
[INFO ][2016-01-05 21:02:15,535][com.java.SeleniumDriver] [  833] - Test case being Executed: 4
[INFO ][2016-01-05 21:02:15,535][com.java.SeleniumDriver] [  845] - Test step:22
[INFO ][2016-01-05 21:02:15,535][com.java.SeleniumDriver] [  857] - Datavalue is----------5
[INFO ][2016-01-05 21:02:15,535][com.java.SeleniumDriver] [  881] - DataField : TXTtxtPhone
[INFO ][2016-01-05 21:02:15,535][com.java.SeleniumDriver] [  883] - DataValue : 5
[INFO ][2016-01-05 21:02:15,535][com.java.SeleniumDriver] [  889] - <In Set values of the page>
[INFO ][2016-01-05 21:02:15,535][com.java.SeleniumDriver] [  892] - {Data Fields & Data Values Exist}
[INFO ][2016-01-05 21:02:15,535][com.java.SeleniumDriver] [  894] - --------------------------setting values-----------------------------
[INFO ][2016-01-05 21:02:15,538][com.java.SeleniumDriver] [  897] - Action Type : WaitForElement
[INFO ][2016-01-05 21:02:16,628][com.java.SeleniumDriver] [  906] -  RESULT true
[INFO ][2016-01-05 21:02:16,628][com.java.SeleniumDriver] [ 1112] - ?   P A S S   ?
[INFO ][2016-01-05 21:02:16,631][com.java.SeleniumDriver] [  832] - ------------------------------------------
[INFO ][2016-01-05 21:02:16,631][com.java.SeleniumDriver] [  833] - Test case being Executed: 4
[INFO ][2016-01-05 21:02:16,631][com.java.SeleniumDriver] [  845] - Test step:23
[INFO ][2016-01-05 21:02:16,631][com.java.SeleniumDriver] [  857] - Datavalue is----------12345678901
[INFO ][2016-01-05 21:02:16,631][com.java.SeleniumDriver] [  881] - DataField : TXTtxtPhone
[INFO ][2016-01-05 21:02:16,631][com.java.SeleniumDriver] [  883] - DataValue : 12345678901
[INFO ][2016-01-05 21:02:16,631][com.java.SeleniumDriver] [  889] - <In Set values of the page>
[INFO ][2016-01-05 21:02:16,631][com.java.SeleniumDriver] [  892] - {Data Fields & Data Values Exist}
[INFO ][2016-01-05 21:02:16,631][com.java.SeleniumDriver] [  894] - --------------------------setting values-----------------------------
[INFO ][2016-01-05 21:02:16,631][com.java.SeleniumDriver] [  897] - Action Type : Enter
[INFO ][2016-01-05 21:02:16,631][com.java.TestType] [ 6508] - field = txtPhone
[INFO ][2016-01-05 21:02:16,631][com.java.TestType] [ 5705] - value = 12345678901
[INFO ][2016-01-05 21:02:17,975][com.java.SeleniumDriver] [  906] -  RESULT true
[INFO ][2016-01-05 21:02:17,975][com.java.SeleniumDriver] [ 1112] - ?   P A S S   ?
[INFO ][2016-01-05 21:02:17,975][com.java.SeleniumDriver] [  832] - ------------------------------------------
[INFO ][2016-01-05 21:02:17,975][com.java.SeleniumDriver] [  833] - Test case being Executed: 4
[INFO ][2016-01-05 21:02:17,975][com.java.SeleniumDriver] [  845] - Test step:24
[INFO ][2016-01-05 21:02:17,975][com.java.SeleniumDriver] [  857] - Datavalue is----------5
[INFO ][2016-01-05 21:02:17,975][com.java.SeleniumDriver] [  881] - DataField : TXTtxtPassword
[INFO ][2016-01-05 21:02:17,975][com.java.SeleniumDriver] [  883] - DataValue : 5
[INFO ][2016-01-05 21:02:17,975][com.java.SeleniumDriver] [  889] - <In Set values of the page>
[INFO ][2016-01-05 21:02:17,975][com.java.SeleniumDriver] [  892] - {Data Fields & Data Values Exist}
[INFO ][2016-01-05 21:02:17,975][com.java.SeleniumDriver] [  894] - --------------------------setting values-----------------------------
[INFO ][2016-01-05 21:02:17,975][com.java.SeleniumDriver] [  897] - Action Type : WaitForElement
[INFO ][2016-01-05 21:02:19,055][com.java.SeleniumDriver] [  906] -  RESULT true
[INFO ][2016-01-05 21:02:19,055][com.java.SeleniumDriver] [ 1112] - ?   P A S S   ?
[INFO ][2016-01-05 21:02:19,055][com.java.SeleniumDriver] [  832] - ------------------------------------------
[INFO ][2016-01-05 21:02:19,058][com.java.SeleniumDriver] [  833] - Test case being Executed: 4
[INFO ][2016-01-05 21:02:19,058][com.java.SeleniumDriver] [  845] - Test step:25
[INFO ][2016-01-05 21:02:19,058][com.java.SeleniumDriver] [  857] - Datavalue is----------dt:NewUserPswd
[INFO ][2016-01-05 21:02:19,058][com.java.SeleniumDriver] [  881] - DataField : TXTtxtPassword
[INFO ][2016-01-05 21:02:19,058][com.java.SeleniumDriver] [  883] - DataValue : dt:NewUserPswd
[INFO ][2016-01-05 21:02:19,058][com.java.SeleniumDriver] [  889] - <In Set values of the page>
[INFO ][2016-01-05 21:02:19,058][com.java.SeleniumDriver] [  892] - {Data Fields & Data Values Exist}
[INFO ][2016-01-05 21:02:19,058][com.java.SeleniumDriver] [  894] - --------------------------setting values-----------------------------
[INFO ][2016-01-05 21:02:19,058][com.java.SeleniumDriver] [  897] - Action Type : CLEARANDENTER
[INFO ][2016-01-05 21:02:19,058][com.java.TestType] [ 5705] - value = Password1*
[INFO ][2016-01-05 21:02:21,643][com.java.SeleniumDriver] [  906] -  RESULT true
[INFO ][2016-01-05 21:02:21,643][com.java.SeleniumDriver] [ 1112] - ?   P A S S   ?
[INFO ][2016-01-05 21:02:21,643][com.java.SeleniumDriver] [  832] - ------------------------------------------
[INFO ][2016-01-05 21:02:21,643][com.java.SeleniumDriver] [  833] - Test case being Executed: 4
[INFO ][2016-01-05 21:02:21,643][com.java.SeleniumDriver] [  845] - Test step:26
[INFO ][2016-01-05 21:02:21,643][com.java.SeleniumDriver] [  857] - Datavalue is----------5
[INFO ][2016-01-05 21:02:21,643][com.java.SeleniumDriver] [  881] - DataField : TXTtxtPasswordConfirm
[INFO ][2016-01-05 21:02:21,643][com.java.SeleniumDriver] [  883] - DataValue : 5
[INFO ][2016-01-05 21:02:21,643][com.java.SeleniumDriver] [  889] - <In Set values of the page>
[INFO ][2016-01-05 21:02:21,643][com.java.SeleniumDriver] [  892] - {Data Fields & Data Values Exist}
[INFO ][2016-01-05 21:02:21,643][com.java.SeleniumDriver] [  894] - --------------------------setting values-----------------------------
[INFO ][2016-01-05 21:02:21,643][com.java.SeleniumDriver] [  897] - Action Type : WaitForElement
[INFO ][2016-01-05 21:02:22,746][com.java.SeleniumDriver] [  906] -  RESULT true
[INFO ][2016-01-05 21:02:22,746][com.java.SeleniumDriver] [ 1112] - ?   P A S S   ?
[INFO ][2016-01-05 21:02:22,746][com.java.SeleniumDriver] [  832] - ------------------------------------------
[INFO ][2016-01-05 21:02:22,746][com.java.SeleniumDriver] [  833] - Test case being Executed: 4
[INFO ][2016-01-05 21:02:22,746][com.java.SeleniumDriver] [  845] - Test step:27
[INFO ][2016-01-05 21:02:22,746][com.java.SeleniumDriver] [  857] - Datavalue is----------dt:NewUserPswd
[INFO ][2016-01-05 21:02:22,746][com.java.SeleniumDriver] [  881] - DataField : TXTtxtPasswordConfirm
[INFO ][2016-01-05 21:02:22,746][com.java.SeleniumDriver] [  883] - DataValue : dt:NewUserPswd
[INFO ][2016-01-05 21:02:22,746][com.java.SeleniumDriver] [  889] - <In Set values of the page>
[INFO ][2016-01-05 21:02:22,748][com.java.SeleniumDriver] [  892] - {Data Fields & Data Values Exist}
[INFO ][2016-01-05 21:02:22,748][com.java.SeleniumDriver] [  894] - --------------------------setting values-----------------------------
[INFO ][2016-01-05 21:02:22,748][com.java.SeleniumDriver] [  897] - Action Type : CLEARANDENTER
[INFO ][2016-01-05 21:02:22,748][com.java.TestType] [ 5705] - value = Password1*
[INFO ][2016-01-05 21:02:25,353][com.java.SeleniumDriver] [  906] -  RESULT true
[INFO ][2016-01-05 21:02:25,353][com.java.SeleniumDriver] [ 1112] - ?   P A S S   ?
[INFO ][2016-01-05 21:02:25,353][com.java.SeleniumDriver] [  832] - ------------------------------------------
[INFO ][2016-01-05 21:02:25,353][com.java.SeleniumDriver] [  833] - Test case being Executed: 4
[INFO ][2016-01-05 21:02:25,353][com.java.SeleniumDriver] [  845] - Test step:28
[INFO ][2016-01-05 21:02:25,353][com.java.SeleniumDriver] [  857] - Datavalue is----------5
[INFO ][2016-01-05 21:02:25,353][com.java.SeleniumDriver] [  881] - DataField : test
[INFO ][2016-01-05 21:02:25,353][com.java.SeleniumDriver] [  883] - DataValue : 5
[INFO ][2016-01-05 21:02:25,353][com.java.SeleniumDriver] [  889] - <In Set values of the page>
[INFO ][2016-01-05 21:02:25,353][com.java.SeleniumDriver] [  892] - {Data Fields & Data Values Exist}
[INFO ][2016-01-05 21:02:25,353][com.java.SeleniumDriver] [  894] - --------------------------setting values-----------------------------
[INFO ][2016-01-05 21:02:25,353][com.java.SeleniumDriver] [  897] - Action Type : WaitTime
[DEBUG][2016-01-05 21:02:25,353][com.java.TestType] [ 5525] - sleepTime: 5000
[INFO ][2016-01-05 21:02:30,353][com.java.SeleniumDriver] [  906] -  RESULT true
[INFO ][2016-01-05 21:02:30,353][com.java.SeleniumDriver] [ 1112] - ?   P A S S   ?
[INFO ][2016-01-05 21:02:30,353][com.java.SeleniumDriver] [  832] - ------------------------------------------
[INFO ][2016-01-05 21:02:30,353][com.java.SeleniumDriver] [  833] - Test case being Executed: 4
[INFO ][2016-01-05 21:02:30,353][com.java.SeleniumDriver] [  845] - Test step:29
[INFO ][2016-01-05 21:02:30,353][com.java.SeleniumDriver] [  857] - Datavalue is----------null
[DEBUG][2016-01-05 21:02:30,353][com.java.SeleniumDriver] [  875] - Exception: null
[INFO ][2016-01-05 21:02:30,353][com.java.SeleniumDriver] [  881] - DataField : BTNparent
[INFO ][2016-01-05 21:02:30,353][com.java.SeleniumDriver] [  883] - DataValue : 
[INFO ][2016-01-05 21:02:30,353][com.java.SeleniumDriver] [  889] - <In Set values of the page>
[INFO ][2016-01-05 21:02:30,353][com.java.SeleniumDriver] [  892] - {Data Fields & Data Values Exist}
[INFO ][2016-01-05 21:02:30,353][com.java.SeleniumDriver] [  894] - --------------------------setting values-----------------------------
[INFO ][2016-01-05 21:02:30,353][com.java.SeleniumDriver] [  897] - Action Type : SelectFrame
[INFO ][2016-01-05 21:02:30,369][com.java.SeleniumDriver] [  906] -  RESULT true
[INFO ][2016-01-05 21:02:30,369][com.java.SeleniumDriver] [ 1112] - ?   P A S S   ?
[INFO ][2016-01-05 21:02:30,369][com.java.SeleniumDriver] [  832] - ------------------------------------------
[INFO ][2016-01-05 21:02:30,369][com.java.SeleniumDriver] [  833] - Test case being Executed: 4
[INFO ][2016-01-05 21:02:30,369][com.java.SeleniumDriver] [  845] - Test step:30
[INFO ][2016-01-05 21:02:30,369][com.java.SeleniumDriver] [  857] - Datavalue is----------null
[DEBUG][2016-01-05 21:02:30,369][com.java.SeleniumDriver] [  875] - Exception: null
[INFO ][2016-01-05 21:02:30,369][com.java.SeleniumDriver] [  881] - DataField : XPH//span[contains(text(), 'Finished')]
[INFO ][2016-01-05 21:02:30,369][com.java.SeleniumDriver] [  883] - DataValue : 
[INFO ][2016-01-05 21:02:30,369][com.java.SeleniumDriver] [  889] - <In Set values of the page>
[INFO ][2016-01-05 21:02:30,369][com.java.SeleniumDriver] [  892] - {Data Fields & Data Values Exist}
[INFO ][2016-01-05 21:02:30,369][com.java.SeleniumDriver] [  894] - --------------------------setting values-----------------------------
[INFO ][2016-01-05 21:02:30,369][com.java.SeleniumDriver] [  897] - Action Type : Click
[INFO ][2016-01-05 21:02:30,369][com.java.TestType] [ 6084] - Field ::XPH//span[contains(text(), 'Finished')]
[INFO ][2016-01-05 21:02:30,369][com.java.TestType] [ 5705] - value = 
[INFO ][2016-01-05 21:02:31,372][com.java.TestType] [ 6221] - BEFORE CLICK
[INFO ][2016-01-05 21:02:32,247][com.java.TestType] [ 6229] - Unable to click the object Finished button
[INFO ][2016-01-05 21:02:32,247][com.java.SeleniumDriver] [  906] -  RESULT true
[INFO ][2016-01-05 21:02:32,247][com.java.SeleniumDriver] [ 1112] - ?   P A S S   ?
[INFO ][2016-01-05 21:02:32,247][com.java.SeleniumDriver] [  832] - ------------------------------------------
[INFO ][2016-01-05 21:02:32,247][com.java.SeleniumDriver] [  833] - Test case being Executed: 4
[INFO ][2016-01-05 21:02:32,247][com.java.SeleniumDriver] [  845] - Test step:31
[INFO ][2016-01-05 21:02:32,247][com.java.SeleniumDriver] [  857] - Datavalue is----------5
[INFO ][2016-01-05 21:02:32,247][com.java.SeleniumDriver] [  881] - DataField : test
[INFO ][2016-01-05 21:02:32,247][com.java.SeleniumDriver] [  883] - DataValue : 5
[INFO ][2016-01-05 21:02:32,247][com.java.SeleniumDriver] [  889] - <In Set values of the page>
[INFO ][2016-01-05 21:02:32,247][com.java.SeleniumDriver] [  892] - {Data Fields & Data Values Exist}
[INFO ][2016-01-05 21:02:32,247][com.java.SeleniumDriver] [  894] - --------------------------setting values-----------------------------
[INFO ][2016-01-05 21:02:32,247][com.java.SeleniumDriver] [  897] - Action Type : WaitTime
[DEBUG][2016-01-05 21:02:32,249][com.java.TestType] [ 5525] - sleepTime: 5000
[INFO ][2016-01-05 21:02:37,249][com.java.SeleniumDriver] [  906] -  RESULT true
[INFO ][2016-01-05 21:02:37,249][com.java.SeleniumDriver] [ 1112] - ?   P A S S   ?
[INFO ][2016-01-05 21:02:37,249][com.java.SeleniumDriver] [  832] - ------------------------------------------
[INFO ][2016-01-05 21:02:37,249][com.java.SeleniumDriver] [  833] - Test case being Executed: 4
[INFO ][2016-01-05 21:02:37,249][com.java.SeleniumDriver] [  845] - Test step:32
[INFO ][2016-01-05 21:02:37,249][com.java.SeleniumDriver] [  857] - Datavalue is----------null
[DEBUG][2016-01-05 21:02:37,249][com.java.SeleniumDriver] [  875] - Exception: null
[INFO ][2016-01-05 21:02:37,249][com.java.SeleniumDriver] [  881] - DataField : BTNframeDialogContent
[INFO ][2016-01-05 21:02:37,249][com.java.SeleniumDriver] [  883] - DataValue : 
[INFO ][2016-01-05 21:02:37,249][com.java.SeleniumDriver] [  889] - <In Set values of the page>
[INFO ][2016-01-05 21:02:37,249][com.java.SeleniumDriver] [  892] - {Data Fields & Data Values Exist}
[INFO ][2016-01-05 21:02:37,249][com.java.SeleniumDriver] [  894] - --------------------------setting values-----------------------------
[INFO ][2016-01-05 21:02:37,249][com.java.SeleniumDriver] [  897] - Action Type : SelectFrame
[INFO ][2016-01-05 21:02:38,534][com.java.SeleniumDriver] [  906] -  RESULT true
[INFO ][2016-01-05 21:02:38,534][com.java.SeleniumDriver] [ 1112] - ?   P A S S   ?
[INFO ][2016-01-05 21:02:38,534][com.java.SeleniumDriver] [  832] - ------------------------------------------
[INFO ][2016-01-05 21:02:38,534][com.java.SeleniumDriver] [  833] - Test case being Executed: 4
[INFO ][2016-01-05 21:02:38,536][com.java.SeleniumDriver] [  845] - Test step:33
[INFO ][2016-01-05 21:02:38,536][com.java.SeleniumDriver] [  857] - Datavalue is----------null
[DEBUG][2016-01-05 21:02:38,536][com.java.SeleniumDriver] [  875] - Exception: null
[INFO ][2016-01-05 21:02:38,536][com.java.SeleniumDriver] [  881] - DataField : BTNchkGlobalPrivsUserAdmin
[INFO ][2016-01-05 21:02:38,536][com.java.SeleniumDriver] [  883] - DataValue : 
[INFO ][2016-01-05 21:02:38,536][com.java.SeleniumDriver] [  889] - <In Set values of the page>
[INFO ][2016-01-05 21:02:38,536][com.java.SeleniumDriver] [  892] - {Data Fields & Data Values Exist}
[INFO ][2016-01-05 21:02:38,536][com.java.SeleniumDriver] [  894] - --------------------------setting values-----------------------------
[INFO ][2016-01-05 21:02:38,536][com.java.SeleniumDriver] [  897] - Action Type : Click
[INFO ][2016-01-05 21:02:38,536][com.java.TestType] [ 6084] - Field ::BTNchkGlobalPrivsUserAdmin
[INFO ][2016-01-05 21:02:38,536][com.java.TestType] [ 5705] - value = 
[INFO ][2016-01-05 21:02:39,536][com.java.TestType] [ 6200] - BEFORE CLICK
[INFO ][2016-01-05 21:02:40,780][com.java.TestType] [ 6207] - Unable to click the object User Admin check box
[INFO ][2016-01-05 21:02:40,780][com.java.SeleniumDriver] [  906] -  RESULT true
[INFO ][2016-01-05 21:02:40,780][com.java.SeleniumDriver] [ 1112] - ?   P A S S   ?
[INFO ][2016-01-05 21:02:40,780][com.java.SeleniumDriver] [  832] - ------------------------------------------
[INFO ][2016-01-05 21:02:40,780][com.java.SeleniumDriver] [  833] - Test case being Executed: 4
[INFO ][2016-01-05 21:02:40,780][com.java.SeleniumDriver] [  845] - Test step:34
[INFO ][2016-01-05 21:02:40,780][com.java.SeleniumDriver] [  857] - Datavalue is----------index:4
[INFO ][2016-01-05 21:02:40,780][com.java.SeleniumDriver] [  881] - DataField : COBddlEntityAccess
[INFO ][2016-01-05 21:02:40,780][com.java.SeleniumDriver] [  883] - DataValue : index:4
[INFO ][2016-01-05 21:02:40,780][com.java.SeleniumDriver] [  889] - <In Set values of the page>
[INFO ][2016-01-05 21:02:40,780][com.java.SeleniumDriver] [  892] - {Data Fields & Data Values Exist}
[INFO ][2016-01-05 21:02:40,780][com.java.SeleniumDriver] [  894] - --------------------------setting values-----------------------------
[INFO ][2016-01-05 21:02:40,780][com.java.SeleniumDriver] [  897] - Action Type : select
[INFO ][2016-01-05 21:02:40,780][com.java.TestType] [ 5705] - value = 4
[INFO ][2016-01-05 21:02:41,923][com.java.TestType] [ 5823] -  In COB ddlEntityAccess : 4
[INFO ][2016-01-05 21:02:42,753][com.java.SeleniumDriver] [  906] -  RESULT true
[INFO ][2016-01-05 21:02:42,753][com.java.SeleniumDriver] [ 1112] - ?   P A S S   ?
[INFO ][2016-01-05 21:02:42,753][com.java.SeleniumDriver] [  832] - ------------------------------------------
[INFO ][2016-01-05 21:02:42,753][com.java.SeleniumDriver] [  833] - Test case being Executed: 4
[INFO ][2016-01-05 21:02:42,753][com.java.SeleniumDriver] [  845] - Test step:35
[INFO ][2016-01-05 21:02:42,753][com.java.SeleniumDriver] [  857] - Datavalue is----------null
[DEBUG][2016-01-05 21:02:42,753][com.java.SeleniumDriver] [  875] - Exception: null
[INFO ][2016-01-05 21:02:42,753][com.java.SeleniumDriver] [  881] - DataField : BTNrdoEnableEntity_Enable
[INFO ][2016-01-05 21:02:42,753][com.java.SeleniumDriver] [  883] - DataValue : 
[INFO ][2016-01-05 21:02:42,753][com.java.SeleniumDriver] [  889] - <In Set values of the page>
[INFO ][2016-01-05 21:02:42,753][com.java.SeleniumDriver] [  892] - {Data Fields & Data Values Exist}
[INFO ][2016-01-05 21:02:42,753][com.java.SeleniumDriver] [  894] - --------------------------setting values-----------------------------
[INFO ][2016-01-05 21:02:42,753][com.java.SeleniumDriver] [  897] - Action Type : Click
[INFO ][2016-01-05 21:02:42,753][com.java.TestType] [ 6084] - Field ::BTNrdoEnableEntity_Enable
[INFO ][2016-01-05 21:02:42,753][com.java.TestType] [ 5705] - value = 
[INFO ][2016-01-05 21:02:43,753][com.java.TestType] [ 6200] - BEFORE CLICK
[INFO ][2016-01-05 21:02:44,974][com.java.TestType] [ 6207] - Unable to click the object Enable radio button
[INFO ][2016-01-05 21:02:44,974][com.java.SeleniumDriver] [  906] -  RESULT true
[INFO ][2016-01-05 21:02:44,974][com.java.SeleniumDriver] [ 1112] - ?   P A S S   ?
[INFO ][2016-01-05 21:02:44,974][com.java.SeleniumDriver] [  832] - ------------------------------------------
[INFO ][2016-01-05 21:02:44,974][com.java.SeleniumDriver] [  833] - Test case being Executed: 4
[INFO ][2016-01-05 21:02:44,974][com.java.SeleniumDriver] [  845] - Test step:36
[INFO ][2016-01-05 21:02:44,974][com.java.SeleniumDriver] [  857] - Datavalue is----------5
[INFO ][2016-01-05 21:02:44,974][com.java.SeleniumDriver] [  881] - DataField : DSP//div[@id="lstProfitCenterAccess"]//tr[last()]//td[1]//input
[INFO ][2016-01-05 21:02:44,974][com.java.SeleniumDriver] [  883] - DataValue : 5
[INFO ][2016-01-05 21:02:44,974][com.java.SeleniumDriver] [  889] - <In Set values of the page>
[INFO ][2016-01-05 21:02:44,974][com.java.SeleniumDriver] [  892] - {Data Fields & Data Values Exist}
[INFO ][2016-01-05 21:02:44,974][com.java.SeleniumDriver] [  894] - --------------------------setting values-----------------------------
[INFO ][2016-01-05 21:02:44,974][com.java.SeleniumDriver] [  897] - Action Type : WAITFORELEMENT
[INFO ][2016-01-05 21:02:45,059][com.java.SeleniumDriver] [  906] -  RESULT true
[INFO ][2016-01-05 21:02:45,059][com.java.SeleniumDriver] [ 1112] - ?   P A S S   ?
[INFO ][2016-01-05 21:02:45,059][com.java.SeleniumDriver] [  832] - ------------------------------------------
[INFO ][2016-01-05 21:02:45,059][com.java.SeleniumDriver] [  833] - Test case being Executed: 4
[INFO ][2016-01-05 21:02:45,059][com.java.SeleniumDriver] [  845] - Test step:37
[INFO ][2016-01-05 21:02:45,059][com.java.SeleniumDriver] [  857] - Datavalue is----------null
[DEBUG][2016-01-05 21:02:45,059][com.java.SeleniumDriver] [  875] - Exception: null
[INFO ][2016-01-05 21:02:45,059][com.java.SeleniumDriver] [  881] - DataField : HDN//div[@id="lstProfitCenterAccess"]//tr[last()]//td[1]//input
[INFO ][2016-01-05 21:02:45,059][com.java.SeleniumDriver] [  883] - DataValue : 
[INFO ][2016-01-05 21:02:45,059][com.java.SeleniumDriver] [  889] - <In Set values of the page>
[INFO ][2016-01-05 21:02:45,059][com.java.SeleniumDriver] [  892] - {Data Fields & Data Values Exist}
[INFO ][2016-01-05 21:02:45,059][com.java.SeleniumDriver] [  894] - --------------------------setting values-----------------------------
[INFO ][2016-01-05 21:02:45,059][com.java.SeleniumDriver] [  897] - Action Type : CLICK
[INFO ][2016-01-05 21:02:45,059][com.java.TestType] [ 6084] - Field ::HDN//div[@id="lstProfitCenterAccess"]//tr[last()]//td[1]//input
[INFO ][2016-01-05 21:02:45,059][com.java.TestType] [ 5705] - value = 
[INFO ][2016-01-05 21:02:46,113][com.java.SeleniumDriver] [  906] -  RESULT true
[INFO ][2016-01-05 21:02:46,113][com.java.SeleniumDriver] [ 1112] - ?   P A S S   ?
[INFO ][2016-01-05 21:02:46,113][com.java.SeleniumDriver] [  832] - ------------------------------------------
[INFO ][2016-01-05 21:02:46,113][com.java.SeleniumDriver] [  833] - Test case being Executed: 4
[INFO ][2016-01-05 21:02:46,113][com.java.SeleniumDriver] [  845] - Test step:38
[INFO ][2016-01-05 21:02:46,113][com.java.SeleniumDriver] [  857] - Datavalue is----------null
[DEBUG][2016-01-05 21:02:46,113][com.java.SeleniumDriver] [  875] - Exception: null
[INFO ][2016-01-05 21:02:46,113][com.java.SeleniumDriver] [  881] - DataField : BTNchkPrivsAccessGL
[INFO ][2016-01-05 21:02:46,113][com.java.SeleniumDriver] [  883] - DataValue : 
[INFO ][2016-01-05 21:02:46,113][com.java.SeleniumDriver] [  889] - <In Set values of the page>
[INFO ][2016-01-05 21:02:46,113][com.java.SeleniumDriver] [  892] - {Data Fields & Data Values Exist}
[INFO ][2016-01-05 21:02:46,113][com.java.SeleniumDriver] [  894] - --------------------------setting values-----------------------------
[INFO ][2016-01-05 21:02:46,113][com.java.SeleniumDriver] [  897] - Action Type : Click
[INFO ][2016-01-05 21:02:46,115][com.java.TestType] [ 6084] - Field ::BTNchkPrivsAccessGL
[INFO ][2016-01-05 21:02:46,115][com.java.TestType] [ 5705] - value = 
[INFO ][2016-01-05 21:02:47,115][com.java.TestType] [ 6200] - BEFORE CLICK
[INFO ][2016-01-05 21:02:48,346][com.java.TestType] [ 6207] - Unable to click the object GL check box
[INFO ][2016-01-05 21:02:48,346][com.java.SeleniumDriver] [  906] -  RESULT true
[INFO ][2016-01-05 21:02:48,346][com.java.SeleniumDriver] [ 1112] - ?   P A S S   ?
[INFO ][2016-01-05 21:02:48,346][com.java.SeleniumDriver] [  832] - ------------------------------------------
[INFO ][2016-01-05 21:02:48,346][com.java.SeleniumDriver] [  833] - Test case being Executed: 4
[INFO ][2016-01-05 21:02:48,346][com.java.SeleniumDriver] [  845] - Test step:39
[INFO ][2016-01-05 21:02:48,346][com.java.SeleniumDriver] [  857] - Datavalue is----------null
[DEBUG][2016-01-05 21:02:48,346][com.java.SeleniumDriver] [  875] - Exception: null
[INFO ][2016-01-05 21:02:48,346][com.java.SeleniumDriver] [  881] - DataField : BTNchkPrivsAccessAL
[INFO ][2016-01-05 21:02:48,346][com.java.SeleniumDriver] [  883] - DataValue : 
[INFO ][2016-01-05 21:02:48,349][com.java.SeleniumDriver] [  889] - <In Set values of the page>
[INFO ][2016-01-05 21:02:48,349][com.java.SeleniumDriver] [  892] - {Data Fields & Data Values Exist}
[INFO ][2016-01-05 21:02:48,349][com.java.SeleniumDriver] [  894] - --------------------------setting values-----------------------------
[INFO ][2016-01-05 21:02:48,349][com.java.SeleniumDriver] [  897] - Action Type : CLICK
[INFO ][2016-01-05 21:02:48,349][com.java.TestType] [ 6084] - Field ::BTNchkPrivsAccessAL
[INFO ][2016-01-05 21:02:48,349][com.java.TestType] [ 5705] - value = 
[INFO ][2016-01-05 21:02:49,349][com.java.TestType] [ 6200] - BEFORE CLICK
[INFO ][2016-01-05 21:02:50,565][com.java.TestType] [ 6207] - Unable to click the object AccessAL
[INFO ][2016-01-05 21:02:50,565][com.java.SeleniumDriver] [  906] -  RESULT true
[INFO ][2016-01-05 21:02:50,565][com.java.SeleniumDriver] [ 1112] - ?   P A S S   ?
[INFO ][2016-01-05 21:02:50,565][com.java.SeleniumDriver] [  832] - ------------------------------------------
[INFO ][2016-01-05 21:02:50,565][com.java.SeleniumDriver] [  833] - Test case being Executed: 4
[INFO ][2016-01-05 21:02:50,565][com.java.SeleniumDriver] [  845] - Test step:40
[INFO ][2016-01-05 21:02:50,565][com.java.SeleniumDriver] [  857] - Datavalue is----------null
[DEBUG][2016-01-05 21:02:50,565][com.java.SeleniumDriver] [  875] - Exception: null
[INFO ][2016-01-05 21:02:50,565][com.java.SeleniumDriver] [  881] - DataField : BTNparent
[INFO ][2016-01-05 21:02:50,565][com.java.SeleniumDriver] [  883] - DataValue : 
[INFO ][2016-01-05 21:02:50,565][com.java.SeleniumDriver] [  889] - <In Set values of the page>
[INFO ][2016-01-05 21:02:50,565][com.java.SeleniumDriver] [  892] - {Data Fields & Data Values Exist}
[INFO ][2016-01-05 21:02:50,565][com.java.SeleniumDriver] [  894] - --------------------------setting values-----------------------------
[INFO ][2016-01-05 21:02:50,565][com.java.SeleniumDriver] [  897] - Action Type : SelectFrame
[INFO ][2016-01-05 21:02:50,580][com.java.SeleniumDriver] [  906] -  RESULT true
[INFO ][2016-01-05 21:02:50,580][com.java.SeleniumDriver] [ 1112] - ?   P A S S   ?
[INFO ][2016-01-05 21:02:50,580][com.java.SeleniumDriver] [  832] - ------------------------------------------
[INFO ][2016-01-05 21:02:50,580][com.java.SeleniumDriver] [  833] - Test case being Executed: 4
[INFO ][2016-01-05 21:02:50,580][com.java.SeleniumDriver] [  845] - Test step:41
[INFO ][2016-01-05 21:02:50,580][com.java.SeleniumDriver] [  857] - Datavalue is----------5
[INFO ][2016-01-05 21:02:50,580][com.java.SeleniumDriver] [  881] - DataField : test
[INFO ][2016-01-05 21:02:50,580][com.java.SeleniumDriver] [  883] - DataValue : 5
[INFO ][2016-01-05 21:02:50,580][com.java.SeleniumDriver] [  889] - <In Set values of the page>
[INFO ][2016-01-05 21:02:50,580][com.java.SeleniumDriver] [  892] - {Data Fields & Data Values Exist}
[INFO ][2016-01-05 21:02:50,580][com.java.SeleniumDriver] [  894] - --------------------------setting values-----------------------------
[INFO ][2016-01-05 21:02:50,580][com.java.SeleniumDriver] [  897] - Action Type : WaitTime
[DEBUG][2016-01-05 21:02:50,580][com.java.TestType] [ 5525] - sleepTime: 5000
[INFO ][2016-01-05 21:02:55,580][com.java.SeleniumDriver] [  906] -  RESULT true
[INFO ][2016-01-05 21:02:55,580][com.java.SeleniumDriver] [ 1112] - ?   P A S S   ?
[INFO ][2016-01-05 21:02:55,580][com.java.SeleniumDriver] [  832] - ------------------------------------------
[INFO ][2016-01-05 21:02:55,580][com.java.SeleniumDriver] [  833] - Test case being Executed: 4
[INFO ][2016-01-05 21:02:55,580][com.java.SeleniumDriver] [  845] - Test step:42
[INFO ][2016-01-05 21:02:55,580][com.java.SeleniumDriver] [  857] - Datavalue is----------null
[DEBUG][2016-01-05 21:02:55,580][com.java.SeleniumDriver] [  875] - Exception: null
[INFO ][2016-01-05 21:02:55,580][com.java.SeleniumDriver] [  881] - DataField : XPH//span[contains(text(), 'Finished')]
[INFO ][2016-01-05 21:02:55,580][com.java.SeleniumDriver] [  883] - DataValue : 
[INFO ][2016-01-05 21:02:55,580][com.java.SeleniumDriver] [  889] - <In Set values of the page>
[INFO ][2016-01-05 21:02:55,580][com.java.SeleniumDriver] [  892] - {Data Fields & Data Values Exist}
[INFO ][2016-01-05 21:02:55,580][com.java.SeleniumDriver] [  894] - --------------------------setting values-----------------------------
[INFO ][2016-01-05 21:02:55,580][com.java.SeleniumDriver] [  897] - Action Type : Click
[INFO ][2016-01-05 21:02:55,580][com.java.TestType] [ 6084] - Field ::XPH//span[contains(text(), 'Finished')]
[INFO ][2016-01-05 21:02:55,580][com.java.TestType] [ 5705] - value = 
[INFO ][2016-01-05 21:02:56,581][com.java.TestType] [ 6221] - BEFORE CLICK
[INFO ][2016-01-05 21:02:59,139][com.java.TestType] [ 6229] - Unable to click the object Finished button
[INFO ][2016-01-05 21:02:59,139][com.java.SeleniumDriver] [  906] -  RESULT true
[INFO ][2016-01-05 21:02:59,139][com.java.SeleniumDriver] [ 1112] - ?   P A S S   ?
[INFO ][2016-01-05 21:02:59,139][com.java.SeleniumDriver] [  832] - ------------------------------------------
[INFO ][2016-01-05 21:02:59,139][com.java.SeleniumDriver] [  833] - Test case being Executed: 4
[INFO ][2016-01-05 21:02:59,139][com.java.SeleniumDriver] [  845] - Test step:43
[INFO ][2016-01-05 21:02:59,139][com.java.SeleniumDriver] [  857] - Datavalue is----------5
[INFO ][2016-01-05 21:02:59,139][com.java.SeleniumDriver] [  881] - DataField : BTNframeDialogContent
[INFO ][2016-01-05 21:02:59,139][com.java.SeleniumDriver] [  883] - DataValue : 5
[INFO ][2016-01-05 21:02:59,139][com.java.SeleniumDriver] [  889] - <In Set values of the page>
[INFO ][2016-01-05 21:02:59,139][com.java.SeleniumDriver] [  892] - {Data Fields & Data Values Exist}
[INFO ][2016-01-05 21:02:59,139][com.java.SeleniumDriver] [  894] - --------------------------setting values-----------------------------
[INFO ][2016-01-05 21:02:59,139][com.java.SeleniumDriver] [  897] - Action Type : WaitForElement
[INFO ][2016-01-05 21:03:00,337][com.java.SeleniumDriver] [  906] -  RESULT true
[INFO ][2016-01-05 21:03:00,337][com.java.SeleniumDriver] [ 1112] - ?   P A S S   ?
[INFO ][2016-01-05 21:03:00,337][com.java.SeleniumDriver] [  832] - ------------------------------------------
[INFO ][2016-01-05 21:03:00,337][com.java.SeleniumDriver] [  833] - Test case being Executed: 4
[INFO ][2016-01-05 21:03:00,337][com.java.SeleniumDriver] [  845] - Test step:44
[INFO ][2016-01-05 21:03:00,337][com.java.SeleniumDriver] [  857] - Datavalue is----------null
[DEBUG][2016-01-05 21:03:00,337][com.java.SeleniumDriver] [  875] - Exception: null
[INFO ][2016-01-05 21:03:00,337][com.java.SeleniumDriver] [  881] - DataField : BTNframeDialogContent
[INFO ][2016-01-05 21:03:00,337][com.java.SeleniumDriver] [  883] - DataValue : 
[INFO ][2016-01-05 21:03:00,337][com.java.SeleniumDriver] [  889] - <In Set values of the page>
[INFO ][2016-01-05 21:03:00,337][com.java.SeleniumDriver] [  892] - {Data Fields & Data Values Exist}
[INFO ][2016-01-05 21:03:00,337][com.java.SeleniumDriver] [  894] - --------------------------setting values-----------------------------
[INFO ][2016-01-05 21:03:00,337][com.java.SeleniumDriver] [  897] - Action Type : SelectFrame
[INFO ][2016-01-05 21:03:01,627][com.java.SeleniumDriver] [  906] -  RESULT true
[INFO ][2016-01-05 21:03:01,627][com.java.SeleniumDriver] [ 1112] - ?   P A S S   ?
[INFO ][2016-01-05 21:03:01,627][com.java.SeleniumDriver] [  832] - ------------------------------------------
[INFO ][2016-01-05 21:03:01,627][com.java.SeleniumDriver] [  833] - Test case being Executed: 4
[INFO ][2016-01-05 21:03:01,627][com.java.SeleniumDriver] [  845] - Test step:45
[INFO ][2016-01-05 21:03:01,627][com.java.SeleniumDriver] [  857] - Datavalue is----------null
[DEBUG][2016-01-05 21:03:01,627][com.java.SeleniumDriver] [  875] - Exception: null
[INFO ][2016-01-05 21:03:01,627][com.java.SeleniumDriver] [  881] - DataField : XPH//table[@id="tblUserListing"]//td[contains(text(),'vltest.robot')]
[INFO ][2016-01-05 21:03:01,627][com.java.SeleniumDriver] [  883] - DataValue : 
[INFO ][2016-01-05 21:03:01,627][com.java.SeleniumDriver] [  889] - <In Set values of the page>
[INFO ][2016-01-05 21:03:01,627][com.java.SeleniumDriver] [  892] - {Data Fields & Data Values Exist}
[INFO ][2016-01-05 21:03:01,627][com.java.SeleniumDriver] [  894] - --------------------------setting values-----------------------------
[INFO ][2016-01-05 21:03:01,627][com.java.SeleniumDriver] [  897] - Action Type : WaitForElement
[INFO ][2016-01-05 21:03:01,662][com.java.SeleniumDriver] [  906] -  RESULT true
[INFO ][2016-01-05 21:03:01,662][com.java.SeleniumDriver] [ 1112] - ?   P A S S   ?
[INFO ][2016-01-05 21:03:01,662][com.java.SeleniumDriver] [  832] - ------------------------------------------
[INFO ][2016-01-05 21:03:01,662][com.java.SeleniumDriver] [  833] - Test case being Executed: 4
[INFO ][2016-01-05 21:03:01,662][com.java.SeleniumDriver] [  845] - Test step:46
[INFO ][2016-01-05 21:03:01,662][com.java.SeleniumDriver] [  857] - Datavalue is----------HMVGivenNewUserName
[INFO ][2016-01-05 21:03:01,662][com.java.SeleniumDriver] [  881] - DataField : USR
[INFO ][2016-01-05 21:03:01,662][com.java.SeleniumDriver] [  883] - DataValue : HMVGivenNewUserName
[INFO ][2016-01-05 21:03:01,662][com.java.SeleniumDriver] [  889] - <In Set values of the page>
[INFO ][2016-01-05 21:03:01,662][com.java.SeleniumDriver] [  892] - {Data Fields & Data Values Exist}
[INFO ][2016-01-05 21:03:01,662][com.java.SeleniumDriver] [  894] - --------------------------setting values-----------------------------
[INFO ][2016-01-05 21:03:01,662][com.java.SeleniumDriver] [  897] - Action Type : Verify
[INFO ][2016-01-05 21:03:01,664][com.java.TestType] [ 7081] - field= USR value= HMVGivenNewUserName
[INFO ][2016-01-05 21:03:01,664][com.java.TestType] [ 5705] - value = vltest.robot82813
[INFO ][2016-01-05 21:03:01,712][com.java.SeleniumDriver] [  906] -  RESULT true
[INFO ][2016-01-05 21:03:01,712][com.java.SeleniumDriver] [ 1112] - ?   P A S S   ?
[INFO ][2016-01-05 21:03:01,712][com.java.SeleniumDriver] [  832] - ------------------------------------------
[INFO ][2016-01-05 21:03:01,712][com.java.SeleniumDriver] [  833] - Test case being Executed: 4
[INFO ][2016-01-05 21:03:01,712][com.java.SeleniumDriver] [  845] - Test step:47
[INFO ][2016-01-05 21:03:01,712][com.java.SeleniumDriver] [  857] - Datavalue is----------GivenNewUserName::Login_username
[INFO ][2016-01-05 21:03:01,712][com.java.SeleniumDriver] [  881] - DataField : PVP//table[@id="tblUserListing"]//td[contains(text(),'mytext')]
[INFO ][2016-01-05 21:03:01,712][com.java.SeleniumDriver] [  883] - DataValue : GivenNewUserName::Login_username
[INFO ][2016-01-05 21:03:01,712][com.java.SeleniumDriver] [  889] - <In Set values of the page>
[INFO ][2016-01-05 21:03:01,712][com.java.SeleniumDriver] [  892] - {Data Fields & Data Values Exist}
[INFO ][2016-01-05 21:03:01,714][com.java.SeleniumDriver] [  894] - --------------------------setting values-----------------------------
[INFO ][2016-01-05 21:03:01,714][com.java.SeleniumDriver] [  897] - Action Type : STOREVALUE
[INFO ][2016-01-05 21:03:01,714][com.java.TestType] [ 8399] - field= PVP//table[@id="tblUserListing"]//td[contains(text(),'mytext')]
[DEBUG][2016-01-05 21:03:01,812][com.java.TestType] [ 8690] - Key:: GivenNewUserName::Login_username  Value:: vltest.robot82813.00058
[INFO ][2016-01-05 21:03:01,812][com.java.SeleniumDriver] [  906] -  RESULT true
[INFO ][2016-01-05 21:03:01,812][com.java.SeleniumDriver] [ 1112] - ?   P A S S   ?
[INFO ][2016-01-05 21:03:01,812][com.java.SeleniumDriver] [  832] - ------------------------------------------
[INFO ][2016-01-05 21:03:01,812][com.java.SeleniumDriver] [  833] - Test case being Executed: 4
[INFO ][2016-01-05 21:03:01,812][com.java.SeleniumDriver] [  845] - Test step:48
[INFO ][2016-01-05 21:03:01,812][com.java.SeleniumDriver] [  857] - Datavalue is----------null
[DEBUG][2016-01-05 21:03:01,812][com.java.SeleniumDriver] [  875] - Exception: null
[INFO ][2016-01-05 21:03:01,812][com.java.SeleniumDriver] [  881] - DataField : BTNparent
[INFO ][2016-01-05 21:03:01,812][com.java.SeleniumDriver] [  883] - DataValue : 
[INFO ][2016-01-05 21:03:01,812][com.java.SeleniumDriver] [  889] - <In Set values of the page>
[INFO ][2016-01-05 21:03:01,812][com.java.SeleniumDriver] [  892] - {Data Fields & Data Values Exist}
[INFO ][2016-01-05 21:03:01,812][com.java.SeleniumDriver] [  894] - --------------------------setting values-----------------------------
[INFO ][2016-01-05 21:03:01,812][com.java.SeleniumDriver] [  897] - Action Type : SelectFrame
[INFO ][2016-01-05 21:03:01,827][com.java.SeleniumDriver] [  906] -  RESULT true
[INFO ][2016-01-05 21:03:01,827][com.java.SeleniumDriver] [ 1112] - ?   P A S S   ?
[INFO ][2016-01-05 21:03:01,827][com.java.SeleniumDriver] [  832] - ------------------------------------------
[INFO ][2016-01-05 21:03:01,827][com.java.SeleniumDriver] [  833] - Test case being Executed: 4
[INFO ][2016-01-05 21:03:01,827][com.java.SeleniumDriver] [  845] - Test step:49
[INFO ][2016-01-05 21:03:01,827][com.java.SeleniumDriver] [  857] - Datavalue is----------null
[DEBUG][2016-01-05 21:03:01,827][com.java.SeleniumDriver] [  875] - Exception: null
[INFO ][2016-01-05 21:03:01,827][com.java.SeleniumDriver] [  881] - DataField : XPH//span[contains(text(), 'Finished')]
[INFO ][2016-01-05 21:03:01,827][com.java.SeleniumDriver] [  883] - DataValue : 
[INFO ][2016-01-05 21:03:01,827][com.java.SeleniumDriver] [  889] - <In Set values of the page>
[INFO ][2016-01-05 21:03:01,827][com.java.SeleniumDriver] [  892] - {Data Fields & Data Values Exist}
[INFO ][2016-01-05 21:03:01,827][com.java.SeleniumDriver] [  894] - --------------------------setting values-----------------------------
[INFO ][2016-01-05 21:03:01,827][com.java.SeleniumDriver] [  897] - Action Type : Click
[INFO ][2016-01-05 21:03:01,827][com.java.TestType] [ 6084] - Field ::XPH//span[contains(text(), 'Finished')]
[INFO ][2016-01-05 21:03:01,827][com.java.TestType] [ 5705] - value = 
[INFO ][2016-01-05 21:03:02,827][com.java.TestType] [ 6221] - BEFORE CLICK
[INFO ][2016-01-05 21:03:03,899][com.java.TestType] [ 6229] - Unable to click the object Finished button
[INFO ][2016-01-05 21:03:03,899][com.java.SeleniumDriver] [  906] -  RESULT true
[INFO ][2016-01-05 21:03:03,899][com.java.SeleniumDriver] [ 1112] - ?   P A S S   ?
[INFO ][2016-01-05 21:03:03,899][com.java.SeleniumDriver] [  832] - ------------------------------------------
[INFO ][2016-01-05 21:03:03,899][com.java.SeleniumDriver] [  833] - Test case being Executed: 4
[INFO ][2016-01-05 21:03:03,899][com.java.SeleniumDriver] [  845] - Test step:50
[INFO ][2016-01-05 21:03:03,899][com.java.SeleniumDriver] [  857] - Datavalue is----------3
[INFO ][2016-01-05 21:03:03,899][com.java.SeleniumDriver] [  881] - DataField : XPH//div[contains(text(), 'My Dashboard')]
[INFO ][2016-01-05 21:03:03,899][com.java.SeleniumDriver] [  883] - DataValue : 3
[INFO ][2016-01-05 21:03:03,899][com.java.SeleniumDriver] [  889] - <In Set values of the page>
[INFO ][2016-01-05 21:03:03,899][com.java.SeleniumDriver] [  892] - {Data Fields & Data Values Exist}
[INFO ][2016-01-05 21:03:03,899][com.java.SeleniumDriver] [  894] - --------------------------setting values-----------------------------
[INFO ][2016-01-05 21:03:03,899][com.java.SeleniumDriver] [  897] - Action Type : WAITFORELEMENT
[INFO ][2016-01-05 21:03:03,935][com.java.SeleniumDriver] [  906] -  RESULT true
[INFO ][2016-01-05 21:03:03,935][com.java.SeleniumDriver] [ 1112] - ?   P A S S   ?
[INFO ][2016-01-05 21:03:03,935][com.java.SeleniumDriver] [  832] - ------------------------------------------
[INFO ][2016-01-05 21:03:03,935][com.java.SeleniumDriver] [  833] - Test case being Executed: 4
[INFO ][2016-01-05 21:03:03,935][com.java.SeleniumDriver] [  845] - Test step:51
[INFO ][2016-01-05 21:03:03,935][com.java.SeleniumDriver] [  857] - Datavalue is----------Concept#3:1-2
[INFO ][2016-01-05 21:03:03,935][com.java.SeleniumDriver] [  881] - DataField : test
[INFO ][2016-01-05 21:03:03,935][com.java.SeleniumDriver] [  883] - DataValue : Concept#3:1-2
[INFO ][2016-01-05 21:03:03,935][com.java.SeleniumDriver] [  889] - <In Set values of the page>
[INFO ][2016-01-05 21:03:03,935][com.java.SeleniumDriver] [  892] - {Data Fields & Data Values Exist}
[INFO ][2016-01-05 21:03:03,935][com.java.SeleniumDriver] [  894] - --------------------------setting values-----------------------------
[INFO ][2016-01-05 21:03:03,938][com.java.SeleniumDriver] [  897] - Action Type : ExecuteTestCase
[INFO ][2016-01-05 21:03:03,938][com.java.TestType] [  437] - The Concept sheet name is ---------- Concept
[INFO ][2016-01-05 21:03:03,938][com.java.TestType] [  440] - The Concept ID  is ---------- 3
[DEBUG][2016-01-05 21:03:03,938][com.java.TestType] [  444] - Steps being executted in the Concept are: 1:2
[INFO ][2016-01-05 21:03:03,938][com.java.TestType] [  451] - Test data details path ---------- D:\BankersDashboard\TestInputs\TestData.xls
[INFO ][2016-01-05 21:03:03,963][com.java.TestType] [  482] -  str(1) = 3
[INFO ][2016-01-05 21:03:03,963][com.java.TestType] [  485] - Test case Id is---3
[INFO ][2016-01-05 21:03:03,963][com.java.TestType] [  487] - 3
[INFO ][2016-01-05 21:03:03,965][com.java.TestType] [  482] -  str(2) = 1
[INFO ][2016-01-05 21:03:03,965][com.java.TestType] [  482] -  str(1) = 3
[INFO ][2016-01-05 21:03:03,965][com.java.TestType] [  485] - Test case Id is---3
[INFO ][2016-01-05 21:03:03,965][com.java.TestType] [  487] - 3
[INFO ][2016-01-05 21:03:03,965][com.java.TestType] [  482] -  str(2) = 2
[INFO ][2016-01-05 21:03:03,965][com.java.TestType] [10609] - Looping 1TCID = 3
[DEBUG][2016-01-05 21:03:03,965][com.java.TestType] [10650] - Concept ID:3 :: Step being Executed: 3::1
[INFO ][2016-01-05 21:03:03,965][com.java.TestType] [10688] - dataFields : test
[DEBUG][2016-01-05 21:03:03,965][com.java.TestType] [10694] - <In Set values of the page>
[DEBUG][2016-01-05 21:03:03,968][com.java.TestType] [10699] - {Data Fields & Data Values Exist}
[INFO ][2016-01-05 21:03:03,968][com.java.TestType] [10705] - --------------------------setting values-----------------------------
[INFO ][2016-01-05 21:03:03,968][com.java.TestType] [10708] - Action Type : Logout
[INFO ][2016-01-05 21:03:06,155][com.java.TestType] [ 6084] - Field ::CNF
[INFO ][2016-01-05 21:03:06,155][com.java.TestType] [ 5705] - value = OK
[INFO ][2016-01-05 21:03:08,464][com.java.TestType] [ 6217] - Click the object confirmation
[INFO ][2016-01-05 21:03:08,464][com.java.TestType] [ 6218] - Unable to click the object confirmation
[DEBUG][2016-01-05 21:03:09,671][com.java.SeleniumDriver] [  426] - Hub ip address is-------172.17.68.34
[INFO ][2016-01-05 21:03:09,671][com.java.SeleniumDriver] [  452] - Grid URL:http://172.17.68.34:4444/wd/hub
[INFO ][2016-01-05 21:03:09,671][com.java.SeleniumDriver] [  453] - Capability:Capabilities [{platform=ANY, ensureCleanSession=true, ignoreProtectedModeSettings=true, acceptSslCerts=true, ignoreZoomSetting=true, browserName=internet explorer, browserstack.ie.noFlash=true, version=null}]
[ERROR][2016-01-05 21:03:10,668][com.java.SeleniumDriver] [  498] - Unable invoke browser in grid:Could not start a new session. Possible causes are invalid address of the remote server or browser start-up failure.
Build info: version: '2.48.2', revision: '41bccdd', time: '2015-10-09 19:59:12'
System info: host: 'FVTIII438F1D', ip: '172.17.68.34', os.name: 'Windows 7', os.arch: 'x86', os.version: '6.1', java.version: '1.7.0_55'
Driver info: driver.version: SeleniumDriver
[INFO ][2016-01-05 21:03:10,668][com.java.SeleniumDriver] [  500] - Executing on local machine
[INFO ][2016-01-05 21:03:21,019][com.java.TestType] [10727] -  RESULT true
[INFO ][2016-01-05 21:03:21,019][com.java.TestType] [10844] - ?   P A S S   ?
[DEBUG][2016-01-05 21:03:21,019][com.java.TestType] [10650] - Concept ID:3 :: Step being Executed: 3::2
[INFO ][2016-01-05 21:03:21,019][com.java.TestType] [10688] - dataFields : test
[DEBUG][2016-01-05 21:03:21,019][com.java.TestType] [10694] - <In Set values of the page>
[DEBUG][2016-01-05 21:03:21,019][com.java.TestType] [10699] - {Data Fields & Data Values Exist}
[INFO ][2016-01-05 21:03:21,019][com.java.TestType] [10705] - --------------------------setting values-----------------------------
[INFO ][2016-01-05 21:03:21,019][com.java.TestType] [10708] - Action Type : WaitTime
[DEBUG][2016-01-05 21:03:21,019][com.java.TestType] [ 5525] - sleepTime: 2000
[INFO ][2016-01-05 21:03:23,020][com.java.TestType] [10727] -  RESULT true
[INFO ][2016-01-05 21:03:23,020][com.java.TestType] [10844] - ?   P A S S   ?
[INFO ][2016-01-05 21:03:23,020][com.java.TestType] [10915] - Looping End......
[INFO ][2016-01-05 21:03:23,023][com.java.SeleniumDriver] [  906] -  RESULT true
[INFO ][2016-01-05 21:03:23,023][com.java.SeleniumDriver] [ 1112] - ?   P A S S   ?
[INFO ][2016-01-05 21:03:23,023][com.java.SeleniumDriver] [  832] - ------------------------------------------
[INFO ][2016-01-05 21:03:23,023][com.java.SeleniumDriver] [  833] - Test case being Executed: 4
[INFO ][2016-01-05 21:03:23,023][com.java.SeleniumDriver] [  845] - Test step:52
[INFO ][2016-01-05 21:03:23,023][com.java.SeleniumDriver] [  857] - Datavalue is----------dt:HTTPSURL
[INFO ][2016-01-05 21:03:23,023][com.java.SeleniumDriver] [  881] - DataField : test
[INFO ][2016-01-05 21:03:23,023][com.java.SeleniumDriver] [  883] - DataValue : dt:HTTPSURL
[INFO ][2016-01-05 21:03:23,023][com.java.SeleniumDriver] [  889] - <In Set values of the page>
[INFO ][2016-01-05 21:03:23,023][com.java.SeleniumDriver] [  892] - {Data Fields & Data Values Exist}
[INFO ][2016-01-05 21:03:23,023][com.java.SeleniumDriver] [  894] - --------------------------setting values-----------------------------
[INFO ][2016-01-05 21:03:23,023][com.java.SeleniumDriver] [  897] - Action Type : OpenURL
[INFO ][2016-01-05 21:03:23,023][com.java.TestType] [ 5705] - value = https://clients-xuat.bankersdashboard.com
[INFO ][2016-01-05 21:03:23,023][com.java.TestType] [  353] - Open URL : https://clients-xuat.bankersdashboard.com
[INFO ][2016-01-05 21:03:23,851][com.java.SeleniumDriver] [  906] -  RESULT true
[INFO ][2016-01-05 21:03:23,851][com.java.SeleniumDriver] [ 1112] - ?   P A S S   ?
[INFO ][2016-01-05 21:03:23,851][com.java.SeleniumDriver] [  832] - ------------------------------------------
[INFO ][2016-01-05 21:03:23,851][com.java.SeleniumDriver] [  833] - Test case being Executed: 4
[INFO ][2016-01-05 21:03:23,851][com.java.SeleniumDriver] [  845] - Test step:53
[INFO ][2016-01-05 21:03:23,851][com.java.SeleniumDriver] [  857] - Datavalue is----------HMVLogin_username
[INFO ][2016-01-05 21:03:23,851][com.java.SeleniumDriver] [  881] - DataField : TXTusername
[INFO ][2016-01-05 21:03:23,851][com.java.SeleniumDriver] [  883] - DataValue : HMVLogin_username
[INFO ][2016-01-05 21:03:23,851][com.java.SeleniumDriver] [  889] - <In Set values of the page>
[INFO ][2016-01-05 21:03:23,851][com.java.SeleniumDriver] [  892] - {Data Fields & Data Values Exist}
[INFO ][2016-01-05 21:03:23,851][com.java.SeleniumDriver] [  894] - --------------------------setting values-----------------------------
[INFO ][2016-01-05 21:03:23,851][com.java.SeleniumDriver] [  897] - Action Type : CLEARANDENTER
[INFO ][2016-01-05 21:03:23,851][com.java.TestType] [ 5705] - value = vltest.robot82813.00058
[INFO ][2016-01-05 21:03:28,510][com.java.SeleniumDriver] [  906] -  RESULT true
[INFO ][2016-01-05 21:03:28,510][com.java.SeleniumDriver] [ 1112] - ?   P A S S   ?
[INFO ][2016-01-05 21:03:28,510][com.java.SeleniumDriver] [  832] - ------------------------------------------
[INFO ][2016-01-05 21:03:28,510][com.java.SeleniumDriver] [  833] - Test case being Executed: 4
[INFO ][2016-01-05 21:03:28,510][com.java.SeleniumDriver] [  845] - Test step:54
[INFO ][2016-01-05 21:03:28,510][com.java.SeleniumDriver] [  857] - Datavalue is----------dt:NewUserPswd
[INFO ][2016-01-05 21:03:28,510][com.java.SeleniumDriver] [  881] - DataField : TXTpassword
[INFO ][2016-01-05 21:03:28,510][com.java.SeleniumDriver] [  883] - DataValue : dt:NewUserPswd
[INFO ][2016-01-05 21:03:28,510][com.java.SeleniumDriver] [  889] - <In Set values of the page>
[INFO ][2016-01-05 21:03:28,510][com.java.SeleniumDriver] [  892] - {Data Fields & Data Values Exist}
[INFO ][2016-01-05 21:03:28,510][com.java.SeleniumDriver] [  894] - --------------------------setting values-----------------------------
[INFO ][2016-01-05 21:03:28,510][com.java.SeleniumDriver] [  897] - Action Type : CLEARANDENTER
[INFO ][2016-01-05 21:03:28,510][com.java.TestType] [ 5705] - value = Password1*
[INFO ][2016-01-05 21:03:33,265][com.java.SeleniumDriver] [  906] -  RESULT true
[INFO ][2016-01-05 21:03:33,265][com.java.SeleniumDriver] [ 1112] - ?   P A S S   ?
[INFO ][2016-01-05 21:03:33,265][com.java.SeleniumDriver] [  832] - ------------------------------------------
[INFO ][2016-01-05 21:03:33,265][com.java.SeleniumDriver] [  833] - Test case being Executed: 4
[INFO ][2016-01-05 21:03:33,265][com.java.SeleniumDriver] [  845] - Test step:55
[INFO ][2016-01-05 21:03:33,265][com.java.SeleniumDriver] [  857] - Datavalue is----------null
[DEBUG][2016-01-05 21:03:33,265][com.java.SeleniumDriver] [  875] - Exception: null
[INFO ][2016-01-05 21:03:33,265][com.java.SeleniumDriver] [  881] - DataField : XPH//button[@type='submit']
[INFO ][2016-01-05 21:03:33,265][com.java.SeleniumDriver] [  883] - DataValue : 
[INFO ][2016-01-05 21:03:33,265][com.java.SeleniumDriver] [  889] - <In Set values of the page>
[INFO ][2016-01-05 21:03:33,265][com.java.SeleniumDriver] [  892] - {Data Fields & Data Values Exist}
[INFO ][2016-01-05 21:03:33,268][com.java.SeleniumDriver] [  894] - --------------------------setting values-----------------------------
[INFO ][2016-01-05 21:03:33,268][com.java.SeleniumDriver] [  897] - Action Type : Click
[INFO ][2016-01-05 21:03:33,268][com.java.TestType] [ 6084] - Field ::XPH//button[@type='submit']
[INFO ][2016-01-05 21:03:33,268][com.java.TestType] [ 5705] - value = 
[INFO ][2016-01-05 21:03:34,268][com.java.TestType] [ 6221] - BEFORE CLICK
[INFO ][2016-01-05 21:03:35,068][com.java.TestType] [ 6229] - Unable to click the object Login
[INFO ][2016-01-05 21:03:35,068][com.java.SeleniumDriver] [  906] -  RESULT true
[INFO ][2016-01-05 21:03:35,068][com.java.SeleniumDriver] [ 1112] - ?   P A S S   ?
[INFO ][2016-01-05 21:03:35,068][com.java.SeleniumDriver] [  832] - ------------------------------------------
[INFO ][2016-01-05 21:03:35,068][com.java.SeleniumDriver] [  833] - Test case being Executed: 4
[INFO ][2016-01-05 21:03:35,068][com.java.SeleniumDriver] [  845] - Test step:56
[INFO ][2016-01-05 21:03:35,068][com.java.SeleniumDriver] [  857] - Datavalue is----------Concept#1:4-16
[INFO ][2016-01-05 21:03:35,068][com.java.SeleniumDriver] [  881] - DataField : test
[INFO ][2016-01-05 21:03:35,068][com.java.SeleniumDriver] [  883] - DataValue : Concept#1:4-16
[INFO ][2016-01-05 21:03:35,068][com.java.SeleniumDriver] [  889] - <In Set values of the page>
[INFO ][2016-01-05 21:03:35,068][com.java.SeleniumDriver] [  892] - {Data Fields & Data Values Exist}
[INFO ][2016-01-05 21:03:35,068][com.java.SeleniumDriver] [  894] - --------------------------setting values-----------------------------
[INFO ][2016-01-05 21:03:35,068][com.java.SeleniumDriver] [  897] - Action Type : ExecuteTestCase
[INFO ][2016-01-05 21:03:35,068][com.java.TestType] [  437] - The Concept sheet name is ---------- Concept
[INFO ][2016-01-05 21:03:35,068][com.java.TestType] [  440] - The Concept ID  is ---------- 1
[DEBUG][2016-01-05 21:03:35,068][com.java.TestType] [  444] - Steps being executted in the Concept are: 4:16
[INFO ][2016-01-05 21:03:35,068][com.java.TestType] [  451] - Test data details path ---------- D:\BankersDashboard\TestInputs\TestData.xls
[INFO ][2016-01-05 21:03:35,096][com.java.TestType] [  482] -  str(1) = 1
[INFO ][2016-01-05 21:03:35,096][com.java.TestType] [  485] - Test case Id is---1
[INFO ][2016-01-05 21:03:35,096][com.java.TestType] [  487] - 1
[INFO ][2016-01-05 21:03:35,096][com.java.TestType] [  482] -  str(2) = 1
[INFO ][2016-01-05 21:03:35,099][com.java.TestType] [  482] -  str(1) = 1
[INFO ][2016-01-05 21:03:35,099][com.java.TestType] [  485] - Test case Id is---1
[INFO ][2016-01-05 21:03:35,099][com.java.TestType] [  487] - 1
[INFO ][2016-01-05 21:03:35,099][com.java.TestType] [  482] -  str(2) = 2
[INFO ][2016-01-05 21:03:35,099][com.java.TestType] [  482] -  str(1) = 1
[INFO ][2016-01-05 21:03:35,099][com.java.TestType] [  485] - Test case Id is---1
[INFO ][2016-01-05 21:03:35,099][com.java.TestType] [  487] - 1
[INFO ][2016-01-05 21:03:35,099][com.java.TestType] [  482] -  str(2) = 3
[INFO ][2016-01-05 21:03:35,099][com.java.TestType] [  482] -  str(1) = 1
[INFO ][2016-01-05 21:03:35,099][com.java.TestType] [  485] - Test case Id is---1
[INFO ][2016-01-05 21:03:35,099][com.java.TestType] [  487] - 1
[INFO ][2016-01-05 21:03:35,099][com.java.TestType] [  482] -  str(2) = 4
[INFO ][2016-01-05 21:03:35,101][com.java.TestType] [  482] -  str(1) = 1
[INFO ][2016-01-05 21:03:35,101][com.java.TestType] [  485] - Test case Id is---1
[INFO ][2016-01-05 21:03:35,101][com.java.TestType] [  487] - 1
[INFO ][2016-01-05 21:03:35,101][com.java.TestType] [  482] -  str(2) = 5
[INFO ][2016-01-05 21:03:35,101][com.java.TestType] [  482] -  str(1) = 1
[INFO ][2016-01-05 21:03:35,101][com.java.TestType] [  485] - Test case Id is---1
[INFO ][2016-01-05 21:03:35,101][com.java.TestType] [  487] - 1
[INFO ][2016-01-05 21:03:35,101][com.java.TestType] [  482] -  str(2) = 6
[INFO ][2016-01-05 21:03:35,101][com.java.TestType] [  482] -  str(1) = 1
[INFO ][2016-01-05 21:03:35,101][com.java.TestType] [  485] - Test case Id is---1
[INFO ][2016-01-05 21:03:35,101][com.java.TestType] [  487] - 1
[INFO ][2016-01-05 21:03:35,101][com.java.TestType] [  482] -  str(2) = 7
[INFO ][2016-01-05 21:03:35,101][com.java.TestType] [  482] -  str(1) = 1
[INFO ][2016-01-05 21:03:35,104][com.java.TestType] [  485] - Test case Id is---1
[INFO ][2016-01-05 21:03:35,104][com.java.TestType] [  487] - 1
[INFO ][2016-01-05 21:03:35,104][com.java.TestType] [  482] -  str(2) = 8
[INFO ][2016-01-05 21:03:35,104][com.java.TestType] [  482] -  str(1) = 1
[INFO ][2016-01-05 21:03:35,104][com.java.TestType] [  485] - Test case Id is---1
[INFO ][2016-01-05 21:03:35,104][com.java.TestType] [  487] - 1
[INFO ][2016-01-05 21:03:35,104][com.java.TestType] [  482] -  str(2) = 9
[INFO ][2016-01-05 21:03:35,104][com.java.TestType] [  482] -  str(1) = 1
[INFO ][2016-01-05 21:03:35,104][com.java.TestType] [  485] - Test case Id is---1
[INFO ][2016-01-05 21:03:35,104][com.java.TestType] [  487] - 1
[INFO ][2016-01-05 21:03:35,104][com.java.TestType] [  482] -  str(2) = 10
[INFO ][2016-01-05 21:03:35,106][com.java.TestType] [  482] -  str(1) = 1
[INFO ][2016-01-05 21:03:35,106][com.java.TestType] [  485] - Test case Id is---1
[INFO ][2016-01-05 21:03:35,106][com.java.TestType] [  487] - 1
[INFO ][2016-01-05 21:03:35,106][com.java.TestType] [  482] -  str(2) = 11
[INFO ][2016-01-05 21:03:35,106][com.java.TestType] [  482] -  str(1) = 1
[INFO ][2016-01-05 21:03:35,106][com.java.TestType] [  485] - Test case Id is---1
[INFO ][2016-01-05 21:03:35,106][com.java.TestType] [  487] - 1
[INFO ][2016-01-05 21:03:35,106][com.java.TestType] [  482] -  str(2) = 12
[INFO ][2016-01-05 21:03:35,106][com.java.TestType] [  482] -  str(1) = 1
[INFO ][2016-01-05 21:03:35,106][com.java.TestType] [  485] - Test case Id is---1
[INFO ][2016-01-05 21:03:35,106][com.java.TestType] [  487] - 1
[INFO ][2016-01-05 21:03:35,106][com.java.TestType] [  482] -  str(2) = 13
[INFO ][2016-01-05 21:03:35,109][com.java.TestType] [  482] -  str(1) = 1
[INFO ][2016-01-05 21:03:35,109][com.java.TestType] [  485] - Test case Id is---1
[INFO ][2016-01-05 21:03:35,109][com.java.TestType] [  487] - 1
[INFO ][2016-01-05 21:03:35,109][com.java.TestType] [  482] -  str(2) = 14
[INFO ][2016-01-05 21:03:35,109][com.java.TestType] [  482] -  str(1) = 1
[INFO ][2016-01-05 21:03:35,109][com.java.TestType] [  485] - Test case Id is---1
[INFO ][2016-01-05 21:03:35,109][com.java.TestType] [  487] - 1
[INFO ][2016-01-05 21:03:35,109][com.java.TestType] [  482] -  str(2) = 15
[INFO ][2016-01-05 21:03:35,109][com.java.TestType] [  482] -  str(1) = 1
[INFO ][2016-01-05 21:03:35,109][com.java.TestType] [  485] - Test case Id is---1
[INFO ][2016-01-05 21:03:35,109][com.java.TestType] [  487] - 1
[INFO ][2016-01-05 21:03:35,109][com.java.TestType] [  482] -  str(2) = 16
[INFO ][2016-01-05 21:03:35,111][com.java.TestType] [10609] - Looping 1TCID = 1
[DEBUG][2016-01-05 21:03:35,111][com.java.TestType] [10650] - Concept ID:1 :: Step being Executed: 1::4
[INFO ][2016-01-05 21:03:35,111][com.java.TestType] [10688] - dataFields : LNKLogout
[DEBUG][2016-01-05 21:03:35,111][com.java.TestType] [10694] - <In Set values of the page>
[DEBUG][2016-01-05 21:03:35,111][com.java.TestType] [10699] - {Data Fields & Data Values Exist}
[INFO ][2016-01-05 21:03:35,111][com.java.TestType] [10705] - --------------------------setting values-----------------------------
[INFO ][2016-01-05 21:03:35,111][com.java.TestType] [10708] - Action Type : WaitForElement
[DEBUG][2016-01-05 21:05:08,383][com.java.TestType] [ 6765] - link=Logout   :: Link not Found
[INFO ][2016-01-05 21:05:08,385][com.java.TestType] [10727] -  RESULT false
[INFO ][2016-01-05 21:05:08,385][com.java.TestType] [10765] - ?   F A I L   ?
[DEBUG][2016-01-05 21:05:08,385][com.java.TestType] [10768] - Browser Type : IE10
[DEBUG][2016-01-05 21:05:08,385][com.java.TestType] [10650] - Concept ID:1 :: Step being Executed: 1::5
[INFO ][2016-01-05 21:05:08,385][com.java.TestType] [10688] - dataFields : TTL
[DEBUG][2016-01-05 21:05:08,385][com.java.TestType] [10694] - <In Set values of the page>
[DEBUG][2016-01-05 21:05:08,385][com.java.TestType] [10699] - {Data Fields & Data Values Exist}
[INFO ][2016-01-05 21:05:08,385][com.java.TestType] [10705] - --------------------------setting values-----------------------------
[INFO ][2016-01-05 21:05:08,385][com.java.TestType] [10708] - Action Type : CLOSEWINDOW
[INFO ][2016-01-05 21:06:38,782][com.java.TestType] [10727] -  RESULT true
[INFO ][2016-01-05 21:06:38,782][com.java.TestType] [10844] - ?   P A S S   ?
[DEBUG][2016-01-05 21:06:38,782][com.java.TestType] [10650] - Concept ID:1 :: Step being Executed: 1::6
[INFO ][2016-01-05 21:06:38,782][com.java.TestType] [10688] - dataFields : LNKLogout
[DEBUG][2016-01-05 21:06:38,782][com.java.TestType] [10694] - <In Set values of the page>
[DEBUG][2016-01-05 21:06:38,782][com.java.TestType] [10699] - {Data Fields & Data Values Exist}
[INFO ][2016-01-05 21:06:38,782][com.java.TestType] [10705] - --------------------------setting values-----------------------------
[INFO ][2016-01-05 21:06:38,782][com.java.TestType] [10708] - Action Type : WaitTime
[DEBUG][2016-01-05 21:06:38,782][com.java.TestType] [ 5525] - sleepTime: 3000
[INFO ][2016-01-05 21:06:41,782][com.java.TestType] [10727] -  RESULT true
[INFO ][2016-01-05 21:06:41,782][com.java.TestType] [10844] - ?   P A S S   ?
[DEBUG][2016-01-05 21:06:41,782][com.java.TestType] [10650] - Concept ID:1 :: Step being Executed: 1::7
[INFO ][2016-01-05 21:06:41,782][com.java.TestType] [10688] - dataFields : TTL
[DEBUG][2016-01-05 21:06:41,782][com.java.TestType] [10694] - <In Set values of the page>
[DEBUG][2016-01-05 21:06:41,782][com.java.TestType] [10699] - {Data Fields & Data Values Exist}
[INFO ][2016-01-05 21:06:41,782][com.java.TestType] [10705] - --------------------------setting values-----------------------------
[INFO ][2016-01-05 21:06:41,782][com.java.TestType] [10708] - Action Type : SelectWindow
[INFO ][2016-01-05 21:06:54,229][com.java.TestType] [10727] -  RESULT true
[INFO ][2016-01-05 21:06:54,229][com.java.TestType] [10844] - ?   P A S S   ?
[DEBUG][2016-01-05 21:06:54,229][com.java.TestType] [10650] - Concept ID:1 :: Step being Executed: 1::8
[INFO ][2016-01-05 21:06:54,229][com.java.TestType] [10688] - dataFields : test
[DEBUG][2016-01-05 21:06:54,229][com.java.TestType] [10694] - <In Set values of the page>
[DEBUG][2016-01-05 21:06:54,229][com.java.TestType] [10699] - {Data Fields & Data Values Exist}
[INFO ][2016-01-05 21:06:54,229][com.java.TestType] [10705] - --------------------------setting values-----------------------------
[INFO ][2016-01-05 21:06:54,229][com.java.TestType] [10708] - Action Type : WaitTime
[DEBUG][2016-01-05 21:06:54,229][com.java.TestType] [ 5525] - sleepTime: 20000
[INFO ][2016-01-05 21:07:14,229][com.java.TestType] [10727] -  RESULT true
[INFO ][2016-01-05 21:07:14,229][com.java.TestType] [10844] - ?   P A S S   ?
[DEBUG][2016-01-05 21:07:14,229][com.java.TestType] [10650] - Concept ID:1 :: Step being Executed: 1::9
[ERROR][2016-01-05 21:07:14,229][com.java.TestType] [10683] - Exception: null
[INFO ][2016-01-05 21:07:14,229][com.java.TestType] [10688] - dataFields : //span[@class='icon-cog2']&&//a[@data-id="UserSettings"]
[DEBUG][2016-01-05 21:07:14,229][com.java.TestType] [10694] - <In Set values of the page>
[DEBUG][2016-01-05 21:07:14,229][com.java.TestType] [10699] - {Data Fields & Data Values Exist}
[INFO ][2016-01-05 21:07:14,229][com.java.TestType] [10705] - --------------------------setting values-----------------------------
[INFO ][2016-01-05 21:07:14,229][com.java.TestType] [10708] - Action Type : MouseOver
[DEBUG][2016-01-05 21:09:04,367][com.java.TestType] [ 6741] - //span[@class='icon-cog2']   :: Element not Found
[ERROR][2016-01-05 21:09:24,986][com.java.TestType] [ 2699] - exception value : null
[INFO ][2016-01-05 21:09:24,986][com.java.TestType] [10727] -  RESULT false
[INFO ][2016-01-05 21:09:24,986][com.java.TestType] [10765] - ?   F A I L   ?
[DEBUG][2016-01-05 21:09:24,986][com.java.TestType] [10768] - Browser Type : IE10
[INFO ][2016-01-05 21:09:24,991][com.java.SeleniumDriver] [  906] -  RESULT false
[INFO ][2016-01-05 21:09:24,991][com.java.SeleniumDriver] [  953] - ?   F A I L   ?
[INFO ][2016-01-05 21:09:24,991][com.java.SeleniumDriver] [  961] - Browser Type : IE10
[INFO ][2016-01-05 21:09:24,991][com.java.SeleniumDriver] [  962] - Adding Failed case4
[INFO ][2016-01-05 21:09:25,619][com.java.SeleniumDriver] [ 1076] - failedCases = 4
[ERROR][2016-01-05 21:09:25,619][com.java.SeleniumDriver] [ 1575] - Platform Errors : Our apologies...::We have encountered an issue with your request.::Our apologies?:We encountered an issue with your request.
[INFO ][2016-01-05 21:09:25,619][com.java.SeleniumDriver] [ 1579] - Length =3
[ERROR][2016-01-05 21:09:25,619][com.java.SeleniumDriver] [ 1582] - Error 0 = Our apologies...
[ERROR][2016-01-05 21:09:25,634][com.java.SeleniumDriver] [ 1582] - Error 1 = We have encountered an issue with your request.
[ERROR][2016-01-05 21:09:25,649][com.java.SeleniumDriver] [ 1582] - Error 2 = Our apologies?:We encountered an issue with your request.
[INFO ][2016-01-05 21:09:25,664][com.java.SeleniumDriver] [ 1593] - strError:
[DEBUG][2016-01-05 21:09:25,679][com.java.SeleniumDriver] [ 1224] - Case found
[DEBUG][2016-01-05 21:09:25,679][com.java.SeleniumDriver] [ 1229] - Incrementing ReportCounters[0]:2
[INFO ][2016-01-05 21:09:25,679][com.java.SeleniumDriver] [ 1248] - The results are-------------------[4, 56, Admin: Users: Manage Users: Add User, Fail, 
Test case failed at Step No. :: 56   Error Message ::  In CONCEPT: Test case failed at Step No. :: 9   Error Message ::  Element: //span[@class='icon-cog2'] is not found. Screen Shot : D:\BankersDashboard\TestReports\010516\4_010516_210924_IE10.png, Tue Jan 05 21:09:25 IST 2016]
[INFO ][2016-01-05 21:09:25,679][com.java.SeleniumDriver] [ 1252] - End time is-------9 min 10 sec
[INFO ][2016-01-05 21:09:25,679][com.java.SeleniumDriver] [ 1253] - The results are-------------------[4, 56, Admin: Users: Manage Users: Add User, Fail, 
Test case failed at Step No. :: 56   Error Message ::  In CONCEPT: Test case failed at Step No. :: 9   Error Message ::  Element: //span[@class='icon-cog2'] is not found. Screen Shot : D:\BankersDashboard\TestReports\010516\4_010516_210924_IE10.png, Tue Jan 05 21:09:25 IST 2016]
[DEBUG][2016-01-05 21:09:25,679][com.java.ImportnExport.ExportTestResultsExcel] [  222] - testResultPath = D:\BankersDashboard/TestReports/Test Results_BankersDashBoard_010516_210017_IE10_United Bank.xls
[DEBUG][2016-01-05 21:09:25,679][com.java.ImportnExport.ExportTestResultsExcel] [  223] - browser is------------IE10
[DEBUG][2016-01-05 21:09:25,682][com.java.ImportnExport.ExportTestResultsExcel] [  270] - result.size() = 6
[DEBUG][2016-01-05 21:09:25,682][com.java.ImportnExport.ExportTestResultsExcel] [  274] - No of rows in sheet=2
[DEBUG][2016-01-05 21:09:25,682][com.java.ImportnExport.ExportTestResultsExcel] [  301] - ..in export..4
[DEBUG][2016-01-05 21:09:25,682][com.java.ImportnExport.ExportTestResultsExcel] [  301] - ..in export..Admin: Users: Manage Users: Add User
[DEBUG][2016-01-05 21:09:25,682][com.java.ImportnExport.ExportTestResultsExcel] [  301] - ..in export..Fail
[DEBUG][2016-01-05 21:09:25,682][com.java.ImportnExport.ExportTestResultsExcel] [  301] - ..in export..
Test case failed at Step No. :: 56   Error Message ::  In CONCEPT: Test case failed at Step No. :: 9   Error Message ::  Element: //span[@class='icon-cog2'] is not found. Screen Shot : D:\BankersDashboard\TestReports\010516\4_010516_210924_IE10.png
[DEBUG][2016-01-05 21:09:25,682][com.java.ImportnExport.ExportTestResultsExcel] [  301] - ..in export..Tue Jan 05 21:09:25 IST 2016
[INFO ][2016-01-05 21:09:25,684][com.java.SeleniumDriver] [ 1313] - out loop:1 size:3 TestCases:[1, 4, 5] testcases:[1, 4, 5]
[INFO ][2016-01-05 21:09:25,684][com.java.ImportnExport.ImportTestDataDetailsExcel] [   49] - test data details path===== D:\BankersDashboard\TestInputs\TestData.xls
[INFO ][2016-01-05 21:10:46,600][com.java.SeleniumDriver] [  832] - ------------------------------------------
[INFO ][2016-01-05 21:10:46,600][com.java.SeleniumDriver] [  833] - Test case being Executed: 5
[INFO ][2016-01-05 21:10:46,600][com.java.SeleniumDriver] [  845] - Test step:1
[INFO ][2016-01-05 21:10:46,600][com.java.SeleniumDriver] [  857] - Datavalue is----------Logout
[INFO ][2016-01-05 21:10:46,600][com.java.SeleniumDriver] [  881] - DataField : BTN
[INFO ][2016-01-05 21:10:46,600][com.java.SeleniumDriver] [  883] - DataValue : Logout
[INFO ][2016-01-05 21:10:46,600][com.java.SeleniumDriver] [  889] - <In Set values of the page>
[INFO ][2016-01-05 21:10:46,600][com.java.SeleniumDriver] [  892] - {Data Fields & Data Values Exist}
[INFO ][2016-01-05 21:10:46,600][com.java.SeleniumDriver] [  894] - --------------------------setting values-----------------------------
[INFO ][2016-01-05 21:10:46,600][com.java.SeleniumDriver] [  897] - Action Type : Verify
[INFO ][2016-01-05 21:10:46,600][com.java.TestType] [ 7081] - field= BTN value= Logout
[INFO ][2016-01-05 21:10:46,600][com.java.TestType] [ 5705] - value = Logout
[DEBUG][2016-01-05 21:11:21,896][com.java.TestType] [ 6741] - Logout   :: Element not Found
[ERROR][2016-01-05 21:11:38,551][com.java.TestType] [ 7794] - Assertion Error: 
[INFO ][2016-01-05 21:11:38,551][com.java.SeleniumDriver] [  906] -  RESULT false
[INFO ][2016-01-05 21:11:38,551][com.java.SeleniumDriver] [  953] - ?   F A I L   ?
[INFO ][2016-01-05 21:11:38,551][com.java.SeleniumDriver] [  961] - Browser Type : IE10
[INFO ][2016-01-05 21:11:38,551][com.java.SeleniumDriver] [  962] - Adding Failed case5
[DEBUG][2016-01-05 21:11:38,622][com.java.SeleniumDriver] [ 1030] -  tdd.getCondition() IF:3:Next
[INFO ][2016-01-05 21:11:38,622][com.java.SeleniumDriver] [ 1034] - Continue next step...
[INFO ][2016-01-05 21:11:38,625][com.java.SeleniumDriver] [  832] - ------------------------------------------
[INFO ][2016-01-05 21:11:38,625][com.java.SeleniumDriver] [  833] - Test case being Executed: 5
[INFO ][2016-01-05 21:11:38,625][com.java.SeleniumDriver] [  845] - Test step:2
[INFO ][2016-01-05 21:11:38,625][com.java.SeleniumDriver] [  857] - Datavalue is----------Concept#1:1-16
[INFO ][2016-01-05 21:11:38,625][com.java.SeleniumDriver] [  881] - DataField : test
[INFO ][2016-01-05 21:11:38,625][com.java.SeleniumDriver] [  883] - DataValue : Concept#1:1-16
[INFO ][2016-01-05 21:11:38,625][com.java.SeleniumDriver] [  889] - <In Set values of the page>
[INFO ][2016-01-05 21:11:38,625][com.java.SeleniumDriver] [  892] - {Data Fields & Data Values Exist}
[INFO ][2016-01-05 21:11:38,625][com.java.SeleniumDriver] [  894] - --------------------------setting values-----------------------------
[INFO ][2016-01-05 21:11:38,625][com.java.SeleniumDriver] [  897] - Action Type : ExecuteTestCase
[INFO ][2016-01-05 21:11:38,625][com.java.TestType] [  437] - The Concept sheet name is ---------- Concept
[INFO ][2016-01-05 21:11:38,625][com.java.TestType] [  440] - The Concept ID  is ---------- 1
[DEBUG][2016-01-05 21:11:38,625][com.java.TestType] [  444] - Steps being executted in the Concept are: 1:16
[INFO ][2016-01-05 21:11:38,625][com.java.TestType] [  451] - Test data details path ---------- D:\BankersDashboard\TestInputs\TestData.xls
[INFO ][2016-01-05 21:11:38,652][com.java.TestType] [  482] -  str(1) = 1
[INFO ][2016-01-05 21:11:38,652][com.java.TestType] [  485] - Test case Id is---1
[INFO ][2016-01-05 21:11:38,652][com.java.TestType] [  487] - 1
[INFO ][2016-01-05 21:11:38,652][com.java.TestType] [  482] -  str(2) = 1
[INFO ][2016-01-05 21:11:38,655][com.java.TestType] [  482] -  str(1) = 1
[INFO ][2016-01-05 21:11:38,655][com.java.TestType] [  485] - Test case Id is---1
[INFO ][2016-01-05 21:11:38,655][com.java.TestType] [  487] - 1
[INFO ][2016-01-05 21:11:38,655][com.java.TestType] [  482] -  str(2) = 2
[INFO ][2016-01-05 21:11:38,655][com.java.TestType] [  482] -  str(1) = 1
[INFO ][2016-01-05 21:11:38,655][com.java.TestType] [  485] - Test case Id is---1
[INFO ][2016-01-05 21:11:38,655][com.java.TestType] [  487] - 1
[INFO ][2016-01-05 21:11:38,655][com.java.TestType] [  482] -  str(2) = 3
[INFO ][2016-01-05 21:11:38,655][com.java.TestType] [  482] -  str(1) = 1
[INFO ][2016-01-05 21:11:38,655][com.java.TestType] [  485] - Test case Id is---1
[INFO ][2016-01-05 21:11:38,655][com.java.TestType] [  487] - 1
[INFO ][2016-01-05 21:11:38,655][com.java.TestType] [  482] -  str(2) = 4
[INFO ][2016-01-05 21:11:38,657][com.java.TestType] [  482] -  str(1) = 1
[INFO ][2016-01-05 21:11:38,657][com.java.TestType] [  485] - Test case Id is---1
[INFO ][2016-01-05 21:11:38,657][com.java.TestType] [  487] - 1
[INFO ][2016-01-05 21:11:38,657][com.java.TestType] [  482] -  str(2) = 5
[INFO ][2016-01-05 21:11:38,657][com.java.TestType] [  482] -  str(1) = 1
[INFO ][2016-01-05 21:11:38,657][com.java.TestType] [  485] - Test case Id is---1
[INFO ][2016-01-05 21:11:38,657][com.java.TestType] [  487] - 1
[INFO ][2016-01-05 21:11:38,657][com.java.TestType] [  482] -  str(2) = 6
[INFO ][2016-01-05 21:11:38,660][com.java.TestType] [  482] -  str(1) = 1
[INFO ][2016-01-05 21:11:38,660][com.java.TestType] [  485] - Test case Id is---1
[INFO ][2016-01-05 21:11:38,660][com.java.TestType] [  487] - 1
[INFO ][2016-01-05 21:11:38,660][com.java.TestType] [  482] -  str(2) = 7
[INFO ][2016-01-05 21:11:38,660][com.java.TestType] [  482] -  str(1) = 1
[INFO ][2016-01-05 21:11:38,660][com.java.TestType] [  485] - Test case Id is---1
[INFO ][2016-01-05 21:11:38,660][com.java.TestType] [  487] - 1
[INFO ][2016-01-05 21:11:38,660][com.java.TestType] [  482] -  str(2) = 8
[INFO ][2016-01-05 21:11:38,660][com.java.TestType] [  482] -  str(1) = 1
[INFO ][2016-01-05 21:11:38,660][com.java.TestType] [  485] - Test case Id is---1
[INFO ][2016-01-05 21:11:38,660][com.java.TestType] [  487] - 1
[INFO ][2016-01-05 21:11:38,660][com.java.TestType] [  482] -  str(2) = 9
[INFO ][2016-01-05 21:11:38,660][com.java.TestType] [  482] -  str(1) = 1
[INFO ][2016-01-05 21:11:38,662][com.java.TestType] [  485] - Test case Id is---1
[INFO ][2016-01-05 21:11:38,662][com.java.TestType] [  487] - 1
[INFO ][2016-01-05 21:11:38,662][com.java.TestType] [  482] -  str(2) = 10
[INFO ][2016-01-05 21:11:38,662][com.java.TestType] [  482] -  str(1) = 1
[INFO ][2016-01-05 21:11:38,662][com.java.TestType] [  485] - Test case Id is---1
[INFO ][2016-01-05 21:11:38,662][com.java.TestType] [  487] - 1
[INFO ][2016-01-05 21:11:38,662][com.java.TestType] [  482] -  str(2) = 11
[INFO ][2016-01-05 21:11:38,662][com.java.TestType] [  482] -  str(1) = 1
[INFO ][2016-01-05 21:11:38,662][com.java.TestType] [  485] - Test case Id is---1
[INFO ][2016-01-05 21:11:38,662][com.java.TestType] [  487] - 1
[INFO ][2016-01-05 21:11:38,662][com.java.TestType] [  482] -  str(2) = 12
[INFO ][2016-01-05 21:11:38,662][com.java.TestType] [  482] -  str(1) = 1
[INFO ][2016-01-05 21:11:38,662][com.java.TestType] [  485] - Test case Id is---1
[INFO ][2016-01-05 21:11:38,665][com.java.TestType] [  487] - 1
[INFO ][2016-01-05 21:11:38,665][com.java.TestType] [  482] -  str(2) = 13
[INFO ][2016-01-05 21:11:38,665][com.java.TestType] [  482] -  str(1) = 1
[INFO ][2016-01-05 21:11:38,665][com.java.TestType] [  485] - Test case Id is---1
[INFO ][2016-01-05 21:11:38,665][com.java.TestType] [  487] - 1
[INFO ][2016-01-05 21:11:38,665][com.java.TestType] [  482] -  str(2) = 14
[INFO ][2016-01-05 21:11:38,665][com.java.TestType] [  482] -  str(1) = 1
[INFO ][2016-01-05 21:11:38,665][com.java.TestType] [  485] - Test case Id is---1
[INFO ][2016-01-05 21:11:38,665][com.java.TestType] [  487] - 1
[INFO ][2016-01-05 21:11:38,665][com.java.TestType] [  482] -  str(2) = 15
[INFO ][2016-01-05 21:11:38,667][com.java.TestType] [  482] -  str(1) = 1
[INFO ][2016-01-05 21:11:38,667][com.java.TestType] [  485] - Test case Id is---1
[INFO ][2016-01-05 21:11:38,667][com.java.TestType] [  487] - 1
[INFO ][2016-01-05 21:11:38,667][com.java.TestType] [  482] -  str(2) = 16
[INFO ][2016-01-05 21:11:38,667][com.java.TestType] [10609] - Looping 1TCID = 1
[DEBUG][2016-01-05 21:11:38,667][com.java.TestType] [10650] - Concept ID:1 :: Step being Executed: 1::1
[INFO ][2016-01-05 21:11:38,667][com.java.TestType] [10688] - dataFields : TXTusername
[DEBUG][2016-01-05 21:11:38,667][com.java.TestType] [10694] - <In Set values of the page>
[DEBUG][2016-01-05 21:11:38,667][com.java.TestType] [10699] - {Data Fields & Data Values Exist}
[INFO ][2016-01-05 21:11:38,667][com.java.TestType] [10705] - --------------------------setting values-----------------------------
[INFO ][2016-01-05 21:11:38,667][com.java.TestType] [10708] - Action Type : CLEARANDENTER
[INFO ][2016-01-05 21:11:38,667][com.java.TestType] [ 5705] - value = valuelabs.ie10.00058
[ERROR][2016-01-05 21:11:55,315][com.java.TestType] [ 6685] - Exception in clearAndEnter: null
[DEBUG][2016-01-05 21:11:55,315][com.java.TestType] [ 6689] - For ENTER action type the data field should be TXT
[INFO ][2016-01-05 21:11:55,315][com.java.TestType] [10727] -  RESULT false
[INFO ][2016-01-05 21:11:55,315][com.java.TestType] [10765] - ?   F A I L   ?
[DEBUG][2016-01-05 21:11:55,315][com.java.TestType] [10768] - Browser Type : IE10
[INFO ][2016-01-05 21:11:55,320][com.java.SeleniumDriver] [  906] -  RESULT false
[INFO ][2016-01-05 21:11:55,320][com.java.SeleniumDriver] [  953] - ?   F A I L   ?
[INFO ][2016-01-05 21:11:55,320][com.java.SeleniumDriver] [  961] - Browser Type : IE10
[INFO ][2016-01-05 21:11:55,320][com.java.SeleniumDriver] [  962] - Adding Failed case5
[INFO ][2016-01-05 21:11:55,388][com.java.SeleniumDriver] [ 1076] - failedCases = 4-5
[ERROR][2016-01-05 21:11:55,388][com.java.SeleniumDriver] [ 1575] - Platform Errors : Our apologies...::We have encountered an issue with your request.::Our apologies?:We encountered an issue with your request.
[INFO ][2016-01-05 21:11:55,388][com.java.SeleniumDriver] [ 1579] - Length =3
[ERROR][2016-01-05 21:11:55,388][com.java.SeleniumDriver] [ 1582] - Error 0 = Our apologies...
[ERROR][2016-01-05 21:11:55,403][com.java.SeleniumDriver] [ 1582] - Error 1 = We have encountered an issue with your request.
[ERROR][2016-01-05 21:11:55,418][com.java.SeleniumDriver] [ 1582] - Error 2 = Our apologies?:We encountered an issue with your request.
[INFO ][2016-01-05 21:11:55,433][com.java.SeleniumDriver] [ 1593] - strError:
[DEBUG][2016-01-05 21:11:55,448][com.java.SeleniumDriver] [ 1224] - Case found
[DEBUG][2016-01-05 21:11:55,448][com.java.SeleniumDriver] [ 1229] - Incrementing ReportCounters[0]:3
[INFO ][2016-01-05 21:11:55,448][com.java.SeleniumDriver] [ 1248] - The results are-------------------[5, 2, Admin: Users: Manage Users: Copy Defaults From Option Copies Reports, Fail, 
Test case failed at Step No. :: 2   Error Message ::  In CONCEPT: Test case failed at Step No. :: 1   Error Message ::  For ENTER action type the data field should be TXT. Screen Shot : D:\BankersDashboard\TestReports\010516\5_010516_211155_IE10.png, Tue Jan 05 21:11:55 IST 2016]
[INFO ][2016-01-05 21:11:55,448][com.java.SeleniumDriver] [ 1252] - End time is-------11 min 40 sec
[INFO ][2016-01-05 21:11:55,448][com.java.SeleniumDriver] [ 1253] - The results are-------------------[5, 2, Admin: Users: Manage Users: Copy Defaults From Option Copies Reports, Fail, 
Test case failed at Step No. :: 2   Error Message ::  In CONCEPT: Test case failed at Step No. :: 1   Error Message ::  For ENTER action type the data field should be TXT. Screen Shot : D:\BankersDashboard\TestReports\010516\5_010516_211155_IE10.png, Tue Jan 05 21:11:55 IST 2016]
[DEBUG][2016-01-05 21:11:55,448][com.java.ImportnExport.ExportTestResultsExcel] [  222] - testResultPath = D:\BankersDashboard/TestReports/Test Results_BankersDashBoard_010516_210017_IE10_United Bank.xls
[DEBUG][2016-01-05 21:11:55,448][com.java.ImportnExport.ExportTestResultsExcel] [  223] - browser is------------IE10
[DEBUG][2016-01-05 21:11:55,451][com.java.ImportnExport.ExportTestResultsExcel] [  270] - result.size() = 6
[DEBUG][2016-01-05 21:11:55,451][com.java.ImportnExport.ExportTestResultsExcel] [  274] - No of rows in sheet=3
[DEBUG][2016-01-05 21:11:55,451][com.java.ImportnExport.ExportTestResultsExcel] [  301] - ..in export..5
[DEBUG][2016-01-05 21:11:55,451][com.java.ImportnExport.ExportTestResultsExcel] [  301] - ..in export..Admin: Users: Manage Users: Copy Defaults From Option Copies Reports
[DEBUG][2016-01-05 21:11:55,451][com.java.ImportnExport.ExportTestResultsExcel] [  301] - ..in export..Fail
[DEBUG][2016-01-05 21:11:55,451][com.java.ImportnExport.ExportTestResultsExcel] [  301] - ..in export..
Test case failed at Step No. :: 2   Error Message ::  In CONCEPT: Test case failed at Step No. :: 1   Error Message ::  For ENTER action type the data field should be TXT. Screen Shot : D:\BankersDashboard\TestReports\010516\5_010516_211155_IE10.png
[DEBUG][2016-01-05 21:11:55,451][com.java.ImportnExport.ExportTestResultsExcel] [  301] - ..in export..Tue Jan 05 21:11:55 IST 2016
[INFO ][2016-01-05 21:11:55,453][com.java.SeleniumDriver] [ 1313] - out loop:2 size:3 TestCases:[1, 4, 5] testcases:[1, 4, 5]
[INFO ][2016-01-05 21:11:57,453][com.java.SeleniumDriver] [ 1356] - Total Number of Cases:3
[INFO ][2016-01-05 21:11:57,453][com.java.TemplateGenerator] [  302] - Executed:3
[INFO ][2016-01-05 21:11:57,453][com.java.TemplateGenerator] [  303] - Passed:1
[INFO ][2016-01-05 21:11:57,453][com.java.TemplateGenerator] [  304] - Failed:2
[INFO ][2016-01-05 21:11:57,453][com.java.TemplateGenerator] [  305] - Skipeed:0
[INFO ][2016-01-05 21:11:57,453][com.java.TemplateGenerator] [  306] - Application URL:https://clients-xuat.bankersdashboard.com
[INFO ][2016-01-05 21:11:57,453][com.java.TemplateGenerator] [  307] - Start Time:010516_210017
[INFO ][2016-01-05 21:11:57,453][com.java.TemplateGenerator] [  308] -  Creating HTML Report 
[ERROR][2016-01-05 21:11:57,456][com.java.TemplateGenerator] [  409] - Unparseable date: "Tue Jan 05 09:00:17 IST 2016"
[INFO ][2016-01-05 21:11:57,456][com.java.TemplateGenerator] [  654] -  Exporting case :: 1
[INFO ][2016-01-05 21:11:57,456][com.java.TemplateGenerator] [  654] -  Exporting case :: 4
[INFO ][2016-01-05 21:11:57,456][com.java.TemplateGenerator] [  654] -  Exporting case :: 5
[INFO ][2016-01-05 21:11:57,464][com.java.SeleniumDriver] [ 1405] - End Time:010516_211157
[INFO ][2016-01-05 21:11:57,464][com.java.SeleniumDriver] [ 1408] - Data in Test Execution Details:{1=PASS, 4=FAILTest case failed at Step No. :: 56   Error Message ::  In CONCEPT: Test case failed at Step No. :: 9   Error Message ::  Element: //span[@class='icon-cog2'] is not found, 5=FAILTest case failed at Step No. :: 2   Error Message ::  In CONCEPT: Test case failed at Step No. :: 1   Error Message ::  For ENTER action type the data field should be TXT}
[INFO ][2016-01-05 21:11:57,464][com.java.SeleniumDriver] [ 1409] - Data in Failed Execution Deatils:{}
[INFO ][2016-01-05 21:11:57,464][com.java.SeleniumDriver] [ 1411] - ReportCounter:Total:3 :: PASS: 1 ::FAIL: 2
[INFO ][2016-01-05 21:11:57,464][com.java.SeleniumDriver] [ 1412] - FailedReportCounter:Total:0 :: PASS: 0 ::FAIL: 0
[INFO ][2016-01-05 21:11:57,472][com.java.EmailTestReport] [   63] - Sending report mail details:
[INFO ][2016-01-05 21:11:57,472][com.java.EmailTestReport] [   80] - Excel Report Path:D:\BankersDashboard/TestReports/Test Results_BankersDashBoard_010516_210017_IE10_United Bank.xls
[INFO ][2016-01-05 21:11:57,472][com.java.EmailTestReport] [   81] - HTML Report Path:D:\BankersDashboard//TestReports//Test Results_BankersDashBoard_010516_210017_IE10_United Bank.html
[INFO ][2016-01-05 21:11:57,472][com.java.EmailTestReport] [   82] - smtpHostName:mail01.valuelabs.com
[INFO ][2016-01-05 21:11:57,472][com.java.EmailTestReport] [   83] - Recipient:venkateswararao.gubbala@valuelabs.com;
[INFO ][2016-01-05 21:11:57,472][com.java.EmailTestReport] [   84] - From:venkateswararao.gubbala@valuelabs.com;
[INFO ][2016-01-05 21:11:57,472][com.java.EmailTestReport] [   85] - Subject:Deluxe Corp Bankers Dashboard Automation Test Report - United Bank - IE10
[INFO ][2016-01-05 21:11:57,489][com.java.EmailTestReport] [  143] -  Added venkateswararao.gubbala@valuelabs.com
[INFO ][2016-01-05 21:12:00,609][com.java.SeleniumDriver] [  722] - quitting the browser 
[INFO ][2016-01-05 21:12:01,735][com.java.SeleniumDriver] [  264] - Execution Completed Stopping the thread
