[INFO ][2015-11-04 12:20:16,937][com.java.SeleniumDriver] [  213] - Execute Failed Casesfalse
[INFO ][2015-11-04 12:20:16,937][com.java.SeleniumDriver] [  214] - Browser: IE11
[INFO ][2015-11-04 12:20:16,937][com.java.SeleniumDriver] [  215] - [1, 2]
[INFO ][2015-11-04 12:20:16,937][com.java.SeleniumDriver] [  216] - Total TestCases:2
[INFO ][2015-11-04 12:20:16,937][com.java.SeleniumDriver] [  217] -  Reading Properties from Property File 
[DEBUG][2015-11-04 12:20:16,937][com.java.SeleniumDriver] [  238] - url : https://clients-xuat.bankersdashboard.com
[INFO ][2015-11-04 12:20:16,939][com.java.ImportnExport.ExportTestResultsExcel] [  116] - Time Stamp Wed Nov 04 12:20:16 IST 2015
[INFO ][2015-11-04 12:20:16,939][com.java.ImportnExport.ExportTestResultsExcel] [  175] - OUT FILE : D:\BankersDashboard/TestReports/Test Results_BankersDashBoard_110415_122016_IE11_Bank of North Carolina.xls
[INFO ][2015-11-04 12:20:16,967][com.java.ImportnExport.ExportTestResultsExcel] [  180] - Test Result file is created
[DEBUG][2015-11-04 12:20:17,068][com.java.SeleniumDriver] [  425] - Hub ip address is-------172.17.68.34
[INFO ][2015-11-04 12:20:17,069][com.java.SeleniumDriver] [  451] - Grid URL:http://172.17.68.34:4444/wd/hub
[INFO ][2015-11-04 12:20:17,069][com.java.SeleniumDriver] [  452] - Capability:Capabilities [{platform=ANY, ensureCleanSession=true, ignoreProtectedModeSettings=true, acceptSslCerts=true, ignoreZoomSetting=true, browserName=internet explorer, browserstack.ie.noFlash=true, version=Node1}]
[ERROR][2015-11-04 12:20:18,364][com.java.SeleniumDriver] [  496] - Unable invoke browser in grid:Could not start a new session. Possible causes are invalid address of the remote server or browser start-up failure.
Build info: version: '2.48.2', revision: '41bccdd', time: '2015-10-09 19:59:12'
System info: host: 'FVTIII438F1D', ip: '172.17.68.34', os.name: 'Windows 7', os.arch: 'x86', os.version: '6.1', java.version: '1.7.0_55'
Driver info: driver.version: SeleniumDriver
[INFO ][2015-11-04 12:20:18,364][com.java.SeleniumDriver] [  498] - Executing on local machine
[INFO ][2015-11-04 12:20:27,363][com.java.SeleniumDriver] [  248] - IE11is opened
[INFO ][2015-11-04 12:20:28,219][com.java.SeleniumDriver] [  752] - Test cases to be executed are: [1, 2]
[INFO ][2015-11-04 12:20:28,219][com.java.ImportnExport.ImportTestDataDetailsExcel] [   49] - test data details path===== D:\BankersDashboard\TestInputs\TestData.xls
[INFO ][2015-11-04 12:20:39,257][com.java.SeleniumDriver] [  788] - ------------------------------------------
[INFO ][2015-11-04 12:20:39,257][com.java.SeleniumDriver] [  789] - Test case being Executed: 1
[INFO ][2015-11-04 12:20:39,273][com.java.SeleniumDriver] [  800] - Test step:1
[INFO ][2015-11-04 12:20:39,273][com.java.SeleniumDriver] [  812] - Datavalue is----------Concept#1:1-14
[INFO ][2015-11-04 12:20:39,273][com.java.SeleniumDriver] [  836] - DataField : test
[INFO ][2015-11-04 12:20:39,273][com.java.SeleniumDriver] [  838] - DataValue : Concept#1:1-14
[INFO ][2015-11-04 12:20:39,273][com.java.SeleniumDriver] [  844] - <In Set values of the page>
[INFO ][2015-11-04 12:20:39,273][com.java.SeleniumDriver] [  847] - {Data Fields & Data Values Exist}
[INFO ][2015-11-04 12:20:39,274][com.java.SeleniumDriver] [  849] - --------------------------setting values-----------------------------
[INFO ][2015-11-04 12:20:39,274][com.java.SeleniumDriver] [  852] - Action Type : ExecuteTestCase
[INFO ][2015-11-04 12:20:39,291][com.java.TestType] [  411] - The Concept sheet name is ---------- Concept
[INFO ][2015-11-04 12:20:39,291][com.java.TestType] [  414] - The Concept ID  is ---------- 1
[DEBUG][2015-11-04 12:20:39,291][com.java.TestType] [  418] - Steps being executted in the Concept are: 1:14
[INFO ][2015-11-04 12:20:39,291][com.java.TestType] [  425] - Test data details path ---------- D:\BankersDashboard\TestInputs\TestData.xls
[INFO ][2015-11-04 12:20:39,323][com.java.TestType] [  456] -  str(1) = 1
[INFO ][2015-11-04 12:20:39,323][com.java.TestType] [  459] - Test case Id is---1
[INFO ][2015-11-04 12:20:39,323][com.java.TestType] [  461] - 1
[INFO ][2015-11-04 12:20:39,324][com.java.TestType] [  456] -  str(2) = 1
[INFO ][2015-11-04 12:20:39,326][com.java.TestType] [  508] - row values are--------{1=com.java.Objects.TestDataDetails@1245c4f}
[INFO ][2015-11-04 12:20:39,326][com.java.TestType] [  456] -  str(1) = 1
[INFO ][2015-11-04 12:20:39,326][com.java.TestType] [  459] - Test case Id is---1
[INFO ][2015-11-04 12:20:39,326][com.java.TestType] [  461] - 1
[INFO ][2015-11-04 12:20:39,326][com.java.TestType] [  456] -  str(2) = 2
[INFO ][2015-11-04 12:20:39,328][com.java.TestType] [  508] - row values are--------{1=com.java.Objects.TestDataDetails@1245c4f, 2=com.java.Objects.TestDataDetails@228ba7}
[INFO ][2015-11-04 12:20:39,328][com.java.TestType] [  456] -  str(1) = 1
[INFO ][2015-11-04 12:20:39,328][com.java.TestType] [  459] - Test case Id is---1
[INFO ][2015-11-04 12:20:39,328][com.java.TestType] [  461] - 1
[INFO ][2015-11-04 12:20:39,328][com.java.TestType] [  456] -  str(2) = 3
[INFO ][2015-11-04 12:20:39,329][com.java.TestType] [  508] - row values are--------{1=com.java.Objects.TestDataDetails@1245c4f, 2=com.java.Objects.TestDataDetails@228ba7, 3=com.java.Objects.TestDataDetails@16e32d7}
[INFO ][2015-11-04 12:20:39,329][com.java.TestType] [  456] -  str(1) = 1
[INFO ][2015-11-04 12:20:39,330][com.java.TestType] [  459] - Test case Id is---1
[INFO ][2015-11-04 12:20:39,330][com.java.TestType] [  461] - 1
[INFO ][2015-11-04 12:20:39,330][com.java.TestType] [  456] -  str(2) = 4
[INFO ][2015-11-04 12:20:39,331][com.java.TestType] [  508] - row values are--------{1=com.java.Objects.TestDataDetails@1245c4f, 2=com.java.Objects.TestDataDetails@228ba7, 3=com.java.Objects.TestDataDetails@16e32d7, 4=com.java.Objects.TestDataDetails@15da136}
[INFO ][2015-11-04 12:20:39,331][com.java.TestType] [  456] -  str(1) = 1
[INFO ][2015-11-04 12:20:39,331][com.java.TestType] [  459] - Test case Id is---1
[INFO ][2015-11-04 12:20:39,331][com.java.TestType] [  461] - 1
[INFO ][2015-11-04 12:20:39,332][com.java.TestType] [  456] -  str(2) = 5
[INFO ][2015-11-04 12:20:39,334][com.java.TestType] [  508] - row values are--------{1=com.java.Objects.TestDataDetails@1245c4f, 2=com.java.Objects.TestDataDetails@228ba7, 3=com.java.Objects.TestDataDetails@16e32d7, 4=com.java.Objects.TestDataDetails@15da136, 5=com.java.Objects.TestDataDetails@1f1ac71}
[INFO ][2015-11-04 12:20:39,334][com.java.TestType] [  456] -  str(1) = 1
[INFO ][2015-11-04 12:20:39,334][com.java.TestType] [  459] - Test case Id is---1
[INFO ][2015-11-04 12:20:39,335][com.java.TestType] [  461] - 1
[INFO ][2015-11-04 12:20:39,335][com.java.TestType] [  456] -  str(2) = 6
[INFO ][2015-11-04 12:20:39,336][com.java.TestType] [  508] - row values are--------{1=com.java.Objects.TestDataDetails@1245c4f, 2=com.java.Objects.TestDataDetails@228ba7, 3=com.java.Objects.TestDataDetails@16e32d7, 4=com.java.Objects.TestDataDetails@15da136, 5=com.java.Objects.TestDataDetails@1f1ac71, 6=com.java.Objects.TestDataDetails@cfceab}
[INFO ][2015-11-04 12:20:39,336][com.java.TestType] [  456] -  str(1) = 1
[INFO ][2015-11-04 12:20:39,336][com.java.TestType] [  459] - Test case Id is---1
[INFO ][2015-11-04 12:20:39,336][com.java.TestType] [  461] - 1
[INFO ][2015-11-04 12:20:39,336][com.java.TestType] [  456] -  str(2) = 7
[INFO ][2015-11-04 12:20:39,337][com.java.TestType] [  508] - row values are--------{1=com.java.Objects.TestDataDetails@1245c4f, 2=com.java.Objects.TestDataDetails@228ba7, 3=com.java.Objects.TestDataDetails@16e32d7, 4=com.java.Objects.TestDataDetails@15da136, 5=com.java.Objects.TestDataDetails@1f1ac71, 6=com.java.Objects.TestDataDetails@cfceab, 7=com.java.Objects.TestDataDetails@8a0152}
[INFO ][2015-11-04 12:20:39,337][com.java.TestType] [  456] -  str(1) = 1
[INFO ][2015-11-04 12:20:39,337][com.java.TestType] [  459] - Test case Id is---1
[INFO ][2015-11-04 12:20:39,337][com.java.TestType] [  461] - 1
[INFO ][2015-11-04 12:20:39,337][com.java.TestType] [  456] -  str(2) = 8
[INFO ][2015-11-04 12:20:39,338][com.java.TestType] [  508] - row values are--------{1=com.java.Objects.TestDataDetails@1245c4f, 2=com.java.Objects.TestDataDetails@228ba7, 3=com.java.Objects.TestDataDetails@16e32d7, 4=com.java.Objects.TestDataDetails@15da136, 5=com.java.Objects.TestDataDetails@1f1ac71, 6=com.java.Objects.TestDataDetails@cfceab, 7=com.java.Objects.TestDataDetails@8a0152, 8=com.java.Objects.TestDataDetails@1edc134}
[INFO ][2015-11-04 12:20:39,338][com.java.TestType] [  456] -  str(1) = 1
[INFO ][2015-11-04 12:20:39,338][com.java.TestType] [  459] - Test case Id is---1
[INFO ][2015-11-04 12:20:39,338][com.java.TestType] [  461] - 1
[INFO ][2015-11-04 12:20:39,338][com.java.TestType] [  456] -  str(2) = 9
[INFO ][2015-11-04 12:20:39,339][com.java.TestType] [  508] - row values are--------{1=com.java.Objects.TestDataDetails@1245c4f, 2=com.java.Objects.TestDataDetails@228ba7, 3=com.java.Objects.TestDataDetails@16e32d7, 4=com.java.Objects.TestDataDetails@15da136, 5=com.java.Objects.TestDataDetails@1f1ac71, 6=com.java.Objects.TestDataDetails@cfceab, 7=com.java.Objects.TestDataDetails@8a0152, 8=com.java.Objects.TestDataDetails@1edc134, 9=com.java.Objects.TestDataDetails@19de6c}
[INFO ][2015-11-04 12:20:39,339][com.java.TestType] [  456] -  str(1) = 1
[INFO ][2015-11-04 12:20:39,339][com.java.TestType] [  459] - Test case Id is---1
[INFO ][2015-11-04 12:20:39,339][com.java.TestType] [  461] - 1
[INFO ][2015-11-04 12:20:39,340][com.java.TestType] [  456] -  str(2) = 10
[INFO ][2015-11-04 12:20:39,341][com.java.TestType] [  508] - row values are--------{1=com.java.Objects.TestDataDetails@1245c4f, 2=com.java.Objects.TestDataDetails@228ba7, 3=com.java.Objects.TestDataDetails@16e32d7, 4=com.java.Objects.TestDataDetails@15da136, 5=com.java.Objects.TestDataDetails@1f1ac71, 6=com.java.Objects.TestDataDetails@cfceab, 7=com.java.Objects.TestDataDetails@8a0152, 8=com.java.Objects.TestDataDetails@1edc134, 9=com.java.Objects.TestDataDetails@19de6c, 10=com.java.Objects.TestDataDetails@9b81d5}
[INFO ][2015-11-04 12:20:39,341][com.java.TestType] [  456] -  str(1) = 1
[INFO ][2015-11-04 12:20:39,341][com.java.TestType] [  459] - Test case Id is---1
[INFO ][2015-11-04 12:20:39,342][com.java.TestType] [  461] - 1
[INFO ][2015-11-04 12:20:39,342][com.java.TestType] [  456] -  str(2) = 11
[INFO ][2015-11-04 12:20:39,342][com.java.TestType] [  508] - row values are--------{1=com.java.Objects.TestDataDetails@1245c4f, 2=com.java.Objects.TestDataDetails@228ba7, 3=com.java.Objects.TestDataDetails@16e32d7, 4=com.java.Objects.TestDataDetails@15da136, 5=com.java.Objects.TestDataDetails@1f1ac71, 6=com.java.Objects.TestDataDetails@cfceab, 7=com.java.Objects.TestDataDetails@8a0152, 8=com.java.Objects.TestDataDetails@1edc134, 9=com.java.Objects.TestDataDetails@19de6c, 10=com.java.Objects.TestDataDetails@9b81d5, 11=com.java.Objects.TestDataDetails@1f8a98}
[INFO ][2015-11-04 12:20:39,343][com.java.TestType] [  456] -  str(1) = 1
[INFO ][2015-11-04 12:20:39,344][com.java.TestType] [  459] - Test case Id is---1
[INFO ][2015-11-04 12:20:39,344][com.java.TestType] [  461] - 1
[INFO ][2015-11-04 12:20:39,344][com.java.TestType] [  456] -  str(2) = 12
[INFO ][2015-11-04 12:20:39,345][com.java.TestType] [  508] - row values are--------{1=com.java.Objects.TestDataDetails@1245c4f, 2=com.java.Objects.TestDataDetails@228ba7, 3=com.java.Objects.TestDataDetails@16e32d7, 4=com.java.Objects.TestDataDetails@15da136, 5=com.java.Objects.TestDataDetails@1f1ac71, 6=com.java.Objects.TestDataDetails@cfceab, 7=com.java.Objects.TestDataDetails@8a0152, 8=com.java.Objects.TestDataDetails@1edc134, 9=com.java.Objects.TestDataDetails@19de6c, 10=com.java.Objects.TestDataDetails@9b81d5, 11=com.java.Objects.TestDataDetails@1f8a98, 12=com.java.Objects.TestDataDetails@9a8e52}
[INFO ][2015-11-04 12:20:39,345][com.java.TestType] [  456] -  str(1) = 1
[INFO ][2015-11-04 12:20:39,345][com.java.TestType] [  459] - Test case Id is---1
[INFO ][2015-11-04 12:20:39,345][com.java.TestType] [  461] - 1
[INFO ][2015-11-04 12:20:39,345][com.java.TestType] [  456] -  str(2) = 13
[INFO ][2015-11-04 12:20:39,346][com.java.TestType] [  508] - row values are--------{1=com.java.Objects.TestDataDetails@1245c4f, 2=com.java.Objects.TestDataDetails@228ba7, 3=com.java.Objects.TestDataDetails@16e32d7, 4=com.java.Objects.TestDataDetails@15da136, 5=com.java.Objects.TestDataDetails@1f1ac71, 6=com.java.Objects.TestDataDetails@cfceab, 7=com.java.Objects.TestDataDetails@8a0152, 8=com.java.Objects.TestDataDetails@1edc134, 9=com.java.Objects.TestDataDetails@19de6c, 10=com.java.Objects.TestDataDetails@9b81d5, 11=com.java.Objects.TestDataDetails@1f8a98, 12=com.java.Objects.TestDataDetails@9a8e52, 13=com.java.Objects.TestDataDetails@170ad95}
[INFO ][2015-11-04 12:20:39,346][com.java.TestType] [  456] -  str(1) = 1
[INFO ][2015-11-04 12:20:39,346][com.java.TestType] [  459] - Test case Id is---1
[INFO ][2015-11-04 12:20:39,346][com.java.TestType] [  461] - 1
[INFO ][2015-11-04 12:20:39,346][com.java.TestType] [  456] -  str(2) = 14
[INFO ][2015-11-04 12:20:39,347][com.java.TestType] [  508] - row values are--------{1=com.java.Objects.TestDataDetails@1245c4f, 2=com.java.Objects.TestDataDetails@228ba7, 3=com.java.Objects.TestDataDetails@16e32d7, 4=com.java.Objects.TestDataDetails@15da136, 5=com.java.Objects.TestDataDetails@1f1ac71, 6=com.java.Objects.TestDataDetails@cfceab, 7=com.java.Objects.TestDataDetails@8a0152, 8=com.java.Objects.TestDataDetails@1edc134, 9=com.java.Objects.TestDataDetails@19de6c, 10=com.java.Objects.TestDataDetails@9b81d5, 11=com.java.Objects.TestDataDetails@1f8a98, 12=com.java.Objects.TestDataDetails@9a8e52, 13=com.java.Objects.TestDataDetails@170ad95, 14=com.java.Objects.TestDataDetails@5dc0a5}
[INFO ][2015-11-04 12:20:39,347][com.java.TestType] [ 7899] - Looping 1TCID = 1
[DEBUG][2015-11-04 12:20:39,347][com.java.TestType] [ 7940] - Concept ID:1 :: Step being Executed: 1::1
[INFO ][2015-11-04 12:20:39,348][com.java.TestType] [ 7978] - dataFields : TXTusername
[DEBUG][2015-11-04 12:20:39,348][com.java.TestType] [ 7984] - <In Set values of the page>
[DEBUG][2015-11-04 12:20:39,348][com.java.TestType] [ 7989] - {Data Fields & Data Values Exist}
[INFO ][2015-11-04 12:20:39,348][com.java.TestType] [ 7995] - --------------------------setting values-----------------------------
[INFO ][2015-11-04 12:20:39,348][com.java.TestType] [ 7998] - Action Type : CLEARANDENTER
[INFO ][2015-11-04 12:20:39,348][com.java.TestType] [ 3750] - value = valuelabs.ie11.33527
[INFO ][2015-11-04 12:20:44,182][com.java.TestType] [ 8017] -  RESULT true
[INFO ][2015-11-04 12:20:44,183][com.java.TestType] [ 8134] - ?   P A S S   ?
[DEBUG][2015-11-04 12:20:44,184][com.java.TestType] [ 7940] - Concept ID:1 :: Step being Executed: 1::2
[INFO ][2015-11-04 12:20:44,184][com.java.TestType] [ 7978] - dataFields : TXTpassword
[DEBUG][2015-11-04 12:20:44,184][com.java.TestType] [ 7984] - <In Set values of the page>
[DEBUG][2015-11-04 12:20:44,184][com.java.TestType] [ 7989] - {Data Fields & Data Values Exist}
[INFO ][2015-11-04 12:20:44,184][com.java.TestType] [ 7995] - --------------------------setting values-----------------------------
[INFO ][2015-11-04 12:20:44,184][com.java.TestType] [ 7998] - Action Type : CLEARANDENTER
[INFO ][2015-11-04 12:20:44,184][com.java.TestType] [ 3750] - value = Password1*
[INFO ][2015-11-04 12:20:49,128][com.java.TestType] [ 8017] -  RESULT true
[INFO ][2015-11-04 12:20:49,128][com.java.TestType] [ 8134] - ?   P A S S   ?
[DEBUG][2015-11-04 12:20:49,128][com.java.TestType] [ 7940] - Concept ID:1 :: Step being Executed: 1::3
[ERROR][2015-11-04 12:20:49,128][com.java.TestType] [ 7973] - Exception: null
[INFO ][2015-11-04 12:20:49,128][com.java.TestType] [ 7978] - dataFields : XPH//button[@type='submit']
[DEBUG][2015-11-04 12:20:49,128][com.java.TestType] [ 7984] - <In Set values of the page>
[DEBUG][2015-11-04 12:20:49,128][com.java.TestType] [ 7989] - {Data Fields & Data Values Exist}
[INFO ][2015-11-04 12:20:49,129][com.java.TestType] [ 7995] - --------------------------setting values-----------------------------
[INFO ][2015-11-04 12:20:49,129][com.java.TestType] [ 7998] - Action Type : Click
[INFO ][2015-11-04 12:20:49,129][com.java.TestType] [ 4063] - Field ::XPH//button[@type='submit']
[INFO ][2015-11-04 12:20:50,131][com.java.TestType] [ 4122] - BEFORE CLICK
[INFO ][2015-11-04 12:20:50,997][com.java.TestType] [ 4130] - Unable to click the object Login
[INFO ][2015-11-04 12:20:50,997][com.java.TestType] [ 8017] -  RESULT true
[INFO ][2015-11-04 12:20:50,997][com.java.TestType] [ 8134] - ?   P A S S   ?
[DEBUG][2015-11-04 12:20:50,997][com.java.TestType] [ 7940] - Concept ID:1 :: Step being Executed: 1::4
[INFO ][2015-11-04 12:20:50,997][com.java.TestType] [ 7978] - dataFields : LNKLogout
[DEBUG][2015-11-04 12:20:50,997][com.java.TestType] [ 7984] - <In Set values of the page>
[DEBUG][2015-11-04 12:20:50,997][com.java.TestType] [ 7989] - {Data Fields & Data Values Exist}
[INFO ][2015-11-04 12:20:50,997][com.java.TestType] [ 7995] - --------------------------setting values-----------------------------
[INFO ][2015-11-04 12:20:50,997][com.java.TestType] [ 7998] - Action Type : WaitForElement
[INFO ][2015-11-04 12:21:03,279][com.java.TestType] [ 8017] -  RESULT true
[INFO ][2015-11-04 12:21:03,279][com.java.TestType] [ 8134] - ?   P A S S   ?
[DEBUG][2015-11-04 12:21:03,279][com.java.TestType] [ 7940] - Concept ID:1 :: Step being Executed: 1::13
[INFO ][2015-11-04 12:21:03,279][com.java.TestType] [ 7978] - dataFields : LNK
[DEBUG][2015-11-04 12:21:03,279][com.java.TestType] [ 7984] - <In Set values of the page>
[DEBUG][2015-11-04 12:21:03,279][com.java.TestType] [ 7989] - {Data Fields & Data Values Exist}
[INFO ][2015-11-04 12:21:03,279][com.java.TestType] [ 7995] - --------------------------setting values-----------------------------
[INFO ][2015-11-04 12:21:03,279][com.java.TestType] [ 7998] - Action Type : Verify
[INFO ][2015-11-04 12:21:03,280][com.java.TestType] [ 4876] - field= LNK value= Logout
[INFO ][2015-11-04 12:21:03,280][com.java.TestType] [ 3750] - value = Logout
[INFO ][2015-11-04 12:21:03,315][com.java.TestType] [ 8017] -  RESULT true
[INFO ][2015-11-04 12:21:03,315][com.java.TestType] [ 8134] - ?   P A S S   ?
[DEBUG][2015-11-04 12:21:03,315][com.java.TestType] [ 7940] - Concept ID:1 :: Step being Executed: 1::14
[INFO ][2015-11-04 12:21:03,315][com.java.TestType] [ 7978] - dataFields : BTN
[DEBUG][2015-11-04 12:21:03,315][com.java.TestType] [ 7984] - <In Set values of the page>
[DEBUG][2015-11-04 12:21:03,315][com.java.TestType] [ 7989] - {Data Fields & Data Values Exist}
[INFO ][2015-11-04 12:21:03,316][com.java.TestType] [ 7995] - --------------------------setting values-----------------------------
[INFO ][2015-11-04 12:21:03,316][com.java.TestType] [ 7998] - Action Type : Verify
[INFO ][2015-11-04 12:21:03,316][com.java.TestType] [ 4876] - field= BTN value= //img[contains(@src,'bdlogo.jpg')]
[INFO ][2015-11-04 12:21:03,316][com.java.TestType] [ 3750] - value = //img[contains(@src,'bdlogo.jpg')]
[INFO ][2015-11-04 12:21:03,349][com.java.TestType] [ 8017] -  RESULT true
[INFO ][2015-11-04 12:21:03,349][com.java.TestType] [ 8134] - ?   P A S S   ?
[INFO ][2015-11-04 12:21:03,349][com.java.TestType] [ 8205] - Looping End......
[INFO ][2015-11-04 12:21:03,353][com.java.SeleniumDriver] [  861] -  RESULT true
[INFO ][2015-11-04 12:21:03,353][com.java.SeleniumDriver] [ 1066] - ?   P A S S   ?
[INFO ][2015-11-04 12:21:03,353][com.java.SeleniumDriver] [  788] - ------------------------------------------
[INFO ][2015-11-04 12:21:03,353][com.java.SeleniumDriver] [  789] - Test case being Executed: 1
[INFO ][2015-11-04 12:21:03,353][com.java.SeleniumDriver] [  800] - Test step:2
[INFO ][2015-11-04 12:21:03,354][com.java.SeleniumDriver] [  812] - Datavalue is----------Concept#2:1-2
[INFO ][2015-11-04 12:21:03,354][com.java.SeleniumDriver] [  836] - DataField : test
[INFO ][2015-11-04 12:21:03,354][com.java.SeleniumDriver] [  838] - DataValue : Concept#2:1-2
[INFO ][2015-11-04 12:21:03,354][com.java.SeleniumDriver] [  844] - <In Set values of the page>
[INFO ][2015-11-04 12:21:03,354][com.java.SeleniumDriver] [  847] - {Data Fields & Data Values Exist}
[INFO ][2015-11-04 12:21:03,354][com.java.SeleniumDriver] [  849] - --------------------------setting values-----------------------------
[INFO ][2015-11-04 12:21:03,354][com.java.SeleniumDriver] [  852] - Action Type : ExecuteTestCase
[INFO ][2015-11-04 12:21:03,354][com.java.TestType] [  411] - The Concept sheet name is ---------- Concept
[INFO ][2015-11-04 12:21:03,354][com.java.TestType] [  414] - The Concept ID  is ---------- 2
[DEBUG][2015-11-04 12:21:03,355][com.java.TestType] [  418] - Steps being executted in the Concept are: 1:2
[INFO ][2015-11-04 12:21:03,355][com.java.TestType] [  425] - Test data details path ---------- D:\BankersDashboard\TestInputs\TestData.xls
[INFO ][2015-11-04 12:21:03,389][com.java.TestType] [  456] -  str(1) = 2
[INFO ][2015-11-04 12:21:03,389][com.java.TestType] [  459] - Test case Id is---2
[INFO ][2015-11-04 12:21:03,389][com.java.TestType] [  461] - 2
[INFO ][2015-11-04 12:21:03,389][com.java.TestType] [  456] -  str(2) = 1
[INFO ][2015-11-04 12:21:03,391][com.java.TestType] [  508] - row values are--------{1=com.java.Objects.TestDataDetails@10d30}
[INFO ][2015-11-04 12:21:03,391][com.java.TestType] [  456] -  str(1) = 2
[INFO ][2015-11-04 12:21:03,391][com.java.TestType] [  459] - Test case Id is---2
[INFO ][2015-11-04 12:21:03,391][com.java.TestType] [  461] - 2
[INFO ][2015-11-04 12:21:03,391][com.java.TestType] [  456] -  str(2) = 2
[INFO ][2015-11-04 12:21:03,392][com.java.TestType] [  508] - row values are--------{1=com.java.Objects.TestDataDetails@10d30, 2=com.java.Objects.TestDataDetails@144d7f2}
[INFO ][2015-11-04 12:21:03,392][com.java.TestType] [  456] -  str(1) = 2
[INFO ][2015-11-04 12:21:03,392][com.java.TestType] [  459] - Test case Id is---2
[INFO ][2015-11-04 12:21:03,393][com.java.TestType] [  461] - 2
[INFO ][2015-11-04 12:21:03,393][com.java.TestType] [  456] -  str(2) = 3
[INFO ][2015-11-04 12:21:03,393][com.java.TestType] [  508] - row values are--------{1=com.java.Objects.TestDataDetails@10d30, 2=com.java.Objects.TestDataDetails@144d7f2, 3=com.java.Objects.TestDataDetails@1e2e969}
[INFO ][2015-11-04 12:21:03,393][com.java.TestType] [ 7899] - Looping 1TCID = 2
[DEBUG][2015-11-04 12:21:03,393][com.java.TestType] [ 7940] - Concept ID:2 :: Step being Executed: 2::1
[INFO ][2015-11-04 12:21:03,393][com.java.TestType] [ 7978] - dataFields : BNK//select[@id='bank']
[DEBUG][2015-11-04 12:21:03,394][com.java.TestType] [ 7984] - <In Set values of the page>
[DEBUG][2015-11-04 12:21:03,394][com.java.TestType] [ 7989] - {Data Fields & Data Values Exist}
[INFO ][2015-11-04 12:21:03,394][com.java.TestType] [ 7995] - --------------------------setting values-----------------------------
[INFO ][2015-11-04 12:21:03,394][com.java.TestType] [ 7998] - Action Type : Select
[INFO ][2015-11-04 12:21:03,394][com.java.TestType] [ 3750] - value = PFC
[INFO ][2015-11-04 12:21:03,593][com.java.TestType] [ 8017] -  RESULT true
[INFO ][2015-11-04 12:21:03,593][com.java.TestType] [ 8134] - ?   P A S S   ?
[DEBUG][2015-11-04 12:21:03,593][com.java.TestType] [ 7940] - Concept ID:2 :: Step being Executed: 2::2
[INFO ][2015-11-04 12:21:03,593][com.java.TestType] [ 7978] - dataFields : LNKLogout
[DEBUG][2015-11-04 12:21:03,593][com.java.TestType] [ 7984] - <In Set values of the page>
[DEBUG][2015-11-04 12:21:03,593][com.java.TestType] [ 7989] - {Data Fields & Data Values Exist}
[INFO ][2015-11-04 12:21:03,593][com.java.TestType] [ 7995] - --------------------------setting values-----------------------------
[INFO ][2015-11-04 12:21:03,593][com.java.TestType] [ 7998] - Action Type : WaitTime
[DEBUG][2015-11-04 12:21:03,594][com.java.TestType] [ 3654] - sleepTime: 5000
[INFO ][2015-11-04 12:21:08,594][com.java.TestType] [ 8017] -  RESULT true
[INFO ][2015-11-04 12:21:08,594][com.java.TestType] [ 8134] - ?   P A S S   ?
[INFO ][2015-11-04 12:21:08,594][com.java.TestType] [ 8205] - Looping End......
[INFO ][2015-11-04 12:21:08,598][com.java.SeleniumDriver] [  861] -  RESULT true
[INFO ][2015-11-04 12:21:08,598][com.java.SeleniumDriver] [ 1066] - ?   P A S S   ?
[INFO ][2015-11-04 12:21:08,598][com.java.SeleniumDriver] [  788] - ------------------------------------------
[INFO ][2015-11-04 12:21:08,598][com.java.SeleniumDriver] [  789] - Test case being Executed: 1
[INFO ][2015-11-04 12:21:08,598][com.java.SeleniumDriver] [  800] - Test step:3
[INFO ][2015-11-04 12:21:08,599][com.java.SeleniumDriver] [  812] - Datavalue is----------2
[INFO ][2015-11-04 12:21:08,599][com.java.SeleniumDriver] [  836] - DataField : XPH//button[contains(text(),'Add Content')]
[INFO ][2015-11-04 12:21:08,599][com.java.SeleniumDriver] [  838] - DataValue : 2
[INFO ][2015-11-04 12:21:08,599][com.java.SeleniumDriver] [  844] - <In Set values of the page>
[INFO ][2015-11-04 12:21:08,599][com.java.SeleniumDriver] [  847] - {Data Fields & Data Values Exist}
[INFO ][2015-11-04 12:21:08,599][com.java.SeleniumDriver] [  849] - --------------------------setting values-----------------------------
[INFO ][2015-11-04 12:21:08,599][com.java.SeleniumDriver] [  852] - Action Type : WAITFORELEMENT
[INFO ][2015-11-04 12:21:08,643][com.java.SeleniumDriver] [  861] -  RESULT true
[INFO ][2015-11-04 12:21:08,854][com.java.SeleniumDriver] [ 1066] - ?   P A S S   ?
[DEBUG][2015-11-04 12:21:08,855][com.java.SeleniumDriver] [ 1168] - Case found
[DEBUG][2015-11-04 12:21:08,855][com.java.SeleniumDriver] [ 1173] - Incrementing ReportCounters[0]:1
[INFO ][2015-11-04 12:21:08,855][com.java.SeleniumDriver] [ 1192] - The results are-------------------[1, 1, Valid Login, Pass, , Wed Nov 04 12:21:03 IST 2015, 1, 2, Valid Login, Pass, , Wed Nov 04 12:21:08 IST 2015, 1, 3, Valid Login, Pass, , Wed Nov 04 12:21:08 IST 2015]
[INFO ][2015-11-04 12:21:08,855][com.java.SeleniumDriver] [ 1196] - End time is-------54 sec
[INFO ][2015-11-04 12:21:08,855][com.java.SeleniumDriver] [ 1197] - The results are-------------------[1, 1, Valid Login, Pass, , Wed Nov 04 12:21:03 IST 2015, 1, 2, Valid Login, Pass, , Wed Nov 04 12:21:08 IST 2015, 1, 3, Valid Login, Pass, , Wed Nov 04 12:21:08 IST 2015]
[DEBUG][2015-11-04 12:21:08,855][com.java.ImportnExport.ExportTestResultsExcel] [  222] - testResultPath = D:\BankersDashboard/TestReports/Test Results_BankersDashBoard_110415_122016_IE11_Bank of North Carolina.xls
[DEBUG][2015-11-04 12:21:08,855][com.java.ImportnExport.ExportTestResultsExcel] [  223] - browser is------------IE11
[DEBUG][2015-11-04 12:21:08,899][com.java.ImportnExport.ExportTestResultsExcel] [  270] - result.size() = 18
[DEBUG][2015-11-04 12:21:08,899][com.java.ImportnExport.ExportTestResultsExcel] [  274] - No of rows in sheet=1
[DEBUG][2015-11-04 12:21:08,899][com.java.ImportnExport.ExportTestResultsExcel] [  301] - ..in export..1
[DEBUG][2015-11-04 12:21:08,899][com.java.ImportnExport.ExportTestResultsExcel] [  301] - ..in export..Valid Login
[DEBUG][2015-11-04 12:21:08,899][com.java.ImportnExport.ExportTestResultsExcel] [  301] - ..in export..Pass
[DEBUG][2015-11-04 12:21:08,899][com.java.ImportnExport.ExportTestResultsExcel] [  301] - ..in export..
[DEBUG][2015-11-04 12:21:08,899][com.java.ImportnExport.ExportTestResultsExcel] [  301] - ..in export..Wed Nov 04 12:21:03 IST 2015
[INFO ][2015-11-04 12:21:08,901][com.java.SeleniumDriver] [ 1255] - out loop:0 size:2 TestCases:[1, 2] testcases:[1, 2]
[INFO ][2015-11-04 12:21:08,901][com.java.ImportnExport.ImportTestDataDetailsExcel] [   49] - test data details path===== D:\BankersDashboard\TestInputs\TestData.xls
[INFO ][2015-11-04 12:21:29,076][com.java.SeleniumDriver] [  788] - ------------------------------------------
[INFO ][2015-11-04 12:21:29,076][com.java.SeleniumDriver] [  789] - Test case being Executed: 2
[INFO ][2015-11-04 12:21:29,076][com.java.SeleniumDriver] [  800] - Test step:1
[INFO ][2015-11-04 12:21:29,076][com.java.SeleniumDriver] [  812] - Datavalue is----------Logout
[INFO ][2015-11-04 12:21:29,076][com.java.SeleniumDriver] [  836] - DataField : BTN
[INFO ][2015-11-04 12:21:29,076][com.java.SeleniumDriver] [  838] - DataValue : Logout
[INFO ][2015-11-04 12:21:29,076][com.java.SeleniumDriver] [  844] - <In Set values of the page>
[INFO ][2015-11-04 12:21:29,076][com.java.SeleniumDriver] [  847] - {Data Fields & Data Values Exist}
[INFO ][2015-11-04 12:21:29,076][com.java.SeleniumDriver] [  849] - --------------------------setting values-----------------------------
[INFO ][2015-11-04 12:21:29,076][com.java.SeleniumDriver] [  852] - Action Type : Verify
[INFO ][2015-11-04 12:21:29,076][com.java.TestType] [ 4876] - field= BTN value= Logout
[INFO ][2015-11-04 12:21:29,077][com.java.TestType] [ 3750] - value = Logout
[INFO ][2015-11-04 12:21:29,109][com.java.SeleniumDriver] [  861] -  RESULT true
[INFO ][2015-11-04 12:21:29,109][com.java.SeleniumDriver] [ 1066] - ?   P A S S   ?
[INFO ][2015-11-04 12:21:29,109][com.java.SeleniumDriver] [ 1108] - step change to 3
[INFO ][2015-11-04 12:21:29,109][com.java.SeleniumDriver] [  788] - ------------------------------------------
[INFO ][2015-11-04 12:21:29,109][com.java.SeleniumDriver] [  789] - Test case being Executed: 2
[INFO ][2015-11-04 12:21:29,111][com.java.SeleniumDriver] [  800] - Test step:3
[INFO ][2015-11-04 12:21:29,111][com.java.SeleniumDriver] [  812] - Datavalue is----------Concept#2:1-2
[INFO ][2015-11-04 12:21:29,111][com.java.SeleniumDriver] [  836] - DataField : test
[INFO ][2015-11-04 12:21:29,111][com.java.SeleniumDriver] [  838] - DataValue : Concept#2:1-2
[INFO ][2015-11-04 12:21:29,111][com.java.SeleniumDriver] [  844] - <In Set values of the page>
[INFO ][2015-11-04 12:21:29,111][com.java.SeleniumDriver] [  847] - {Data Fields & Data Values Exist}
[INFO ][2015-11-04 12:21:29,111][com.java.SeleniumDriver] [  849] - --------------------------setting values-----------------------------
[INFO ][2015-11-04 12:21:29,111][com.java.SeleniumDriver] [  852] - Action Type : ExecuteTestCase
[INFO ][2015-11-04 12:21:29,111][com.java.TestType] [  411] - The Concept sheet name is ---------- Concept
[INFO ][2015-11-04 12:21:29,111][com.java.TestType] [  414] - The Concept ID  is ---------- 2
[DEBUG][2015-11-04 12:21:29,111][com.java.TestType] [  418] - Steps being executted in the Concept are: 1:2
[INFO ][2015-11-04 12:21:29,112][com.java.TestType] [  425] - Test data details path ---------- D:\BankersDashboard\TestInputs\TestData.xls
[INFO ][2015-11-04 12:21:29,141][com.java.TestType] [  456] -  str(1) = 2
[INFO ][2015-11-04 12:21:29,141][com.java.TestType] [  459] - Test case Id is---2
[INFO ][2015-11-04 12:21:29,141][com.java.TestType] [  461] - 2
[INFO ][2015-11-04 12:21:29,141][com.java.TestType] [  456] -  str(2) = 1
[INFO ][2015-11-04 12:21:29,143][com.java.TestType] [  508] - row values are--------{1=com.java.Objects.TestDataDetails@190769b}
[INFO ][2015-11-04 12:21:29,143][com.java.TestType] [  456] -  str(1) = 2
[INFO ][2015-11-04 12:21:29,143][com.java.TestType] [  459] - Test case Id is---2
[INFO ][2015-11-04 12:21:29,143][com.java.TestType] [  461] - 2
[INFO ][2015-11-04 12:21:29,143][com.java.TestType] [  456] -  str(2) = 2
[INFO ][2015-11-04 12:21:29,144][com.java.TestType] [  508] - row values are--------{1=com.java.Objects.TestDataDetails@190769b, 2=com.java.Objects.TestDataDetails@6df93}
[INFO ][2015-11-04 12:21:29,144][com.java.TestType] [  456] -  str(1) = 2
[INFO ][2015-11-04 12:21:29,144][com.java.TestType] [  459] - Test case Id is---2
[INFO ][2015-11-04 12:21:29,144][com.java.TestType] [  461] - 2
[INFO ][2015-11-04 12:21:29,144][com.java.TestType] [  456] -  str(2) = 3
[INFO ][2015-11-04 12:21:29,145][com.java.TestType] [  508] - row values are--------{1=com.java.Objects.TestDataDetails@190769b, 2=com.java.Objects.TestDataDetails@6df93, 3=com.java.Objects.TestDataDetails@1d96c05}
[INFO ][2015-11-04 12:21:29,145][com.java.TestType] [ 7899] - Looping 1TCID = 2
[DEBUG][2015-11-04 12:21:29,145][com.java.TestType] [ 7940] - Concept ID:2 :: Step being Executed: 2::1
[INFO ][2015-11-04 12:21:29,145][com.java.TestType] [ 7978] - dataFields : BNK//select[@id='bank']
[DEBUG][2015-11-04 12:21:29,145][com.java.TestType] [ 7984] - <In Set values of the page>
[DEBUG][2015-11-04 12:21:29,145][com.java.TestType] [ 7989] - {Data Fields & Data Values Exist}
[INFO ][2015-11-04 12:21:29,145][com.java.TestType] [ 7995] - --------------------------setting values-----------------------------
[INFO ][2015-11-04 12:21:29,146][com.java.TestType] [ 7998] - Action Type : Select
[INFO ][2015-11-04 12:21:29,146][com.java.TestType] [ 3750] - value = PFC
[INFO ][2015-11-04 12:21:29,346][com.java.TestType] [ 8017] -  RESULT true
[INFO ][2015-11-04 12:21:29,346][com.java.TestType] [ 8134] - ?   P A S S   ?
[DEBUG][2015-11-04 12:21:29,346][com.java.TestType] [ 7940] - Concept ID:2 :: Step being Executed: 2::2
[INFO ][2015-11-04 12:21:29,346][com.java.TestType] [ 7978] - dataFields : LNKLogout
[DEBUG][2015-11-04 12:21:29,346][com.java.TestType] [ 7984] - <In Set values of the page>
[DEBUG][2015-11-04 12:21:29,346][com.java.TestType] [ 7989] - {Data Fields & Data Values Exist}
[INFO ][2015-11-04 12:21:29,346][com.java.TestType] [ 7995] - --------------------------setting values-----------------------------
[INFO ][2015-11-04 12:21:29,346][com.java.TestType] [ 7998] - Action Type : WaitTime
[DEBUG][2015-11-04 12:21:29,346][com.java.TestType] [ 3654] - sleepTime: 5000
[INFO ][2015-11-04 12:21:34,348][com.java.TestType] [ 8017] -  RESULT true
[INFO ][2015-11-04 12:21:34,348][com.java.TestType] [ 8134] - ?   P A S S   ?
[INFO ][2015-11-04 12:21:34,348][com.java.TestType] [ 8205] - Looping End......
[INFO ][2015-11-04 12:21:34,352][com.java.SeleniumDriver] [  861] -  RESULT true
[INFO ][2015-11-04 12:21:34,352][com.java.SeleniumDriver] [ 1066] - ?   P A S S   ?
[INFO ][2015-11-04 12:21:34,352][com.java.SeleniumDriver] [  788] - ------------------------------------------
[INFO ][2015-11-04 12:21:34,352][com.java.SeleniumDriver] [  789] - Test case being Executed: 2
[INFO ][2015-11-04 12:21:34,352][com.java.SeleniumDriver] [  800] - Test step:4
[INFO ][2015-11-04 12:21:34,352][com.java.SeleniumDriver] [  812] - Datavalue is----------null
[DEBUG][2015-11-04 12:21:34,352][com.java.SeleniumDriver] [  830] - Exception: null
[INFO ][2015-11-04 12:21:34,352][com.java.SeleniumDriver] [  836] - DataField : //span[@class='icon-stack']&&//ul[@id='ReportPackages']/li[2]/a
[INFO ][2015-11-04 12:21:34,352][com.java.SeleniumDriver] [  838] - DataValue : 
[INFO ][2015-11-04 12:21:34,352][com.java.SeleniumDriver] [  844] - <In Set values of the page>
[INFO ][2015-11-04 12:21:34,353][com.java.SeleniumDriver] [  847] - {Data Fields & Data Values Exist}
[INFO ][2015-11-04 12:21:34,353][com.java.SeleniumDriver] [  849] - --------------------------setting values-----------------------------
[INFO ][2015-11-04 12:21:34,353][com.java.SeleniumDriver] [  852] - Action Type : MOUSEOVER
[INFO ][2015-11-04 12:21:44,089][com.java.SeleniumDriver] [  861] -  RESULT true
[INFO ][2015-11-04 12:21:44,089][com.java.SeleniumDriver] [ 1066] - ?   P A S S   ?
[INFO ][2015-11-04 12:21:44,089][com.java.SeleniumDriver] [  788] - ------------------------------------------
[INFO ][2015-11-04 12:21:44,089][com.java.SeleniumDriver] [  789] - Test case being Executed: 2
[INFO ][2015-11-04 12:21:44,089][com.java.SeleniumDriver] [  800] - Test step:5
[INFO ][2015-11-04 12:21:44,089][com.java.SeleniumDriver] [  812] - Datavalue is----------3
[INFO ][2015-11-04 12:21:44,089][com.java.SeleniumDriver] [  836] - DataField : BTNdivHelpText
[INFO ][2015-11-04 12:21:44,089][com.java.SeleniumDriver] [  838] - DataValue : 3
[INFO ][2015-11-04 12:21:44,089][com.java.SeleniumDriver] [  844] - <In Set values of the page>
[INFO ][2015-11-04 12:21:44,089][com.java.SeleniumDriver] [  847] - {Data Fields & Data Values Exist}
[INFO ][2015-11-04 12:21:44,089][com.java.SeleniumDriver] [  849] - --------------------------setting values-----------------------------
[INFO ][2015-11-04 12:21:44,089][com.java.SeleniumDriver] [  852] - Action Type : WAITFORELEMENT
[INFO ][2015-11-04 12:21:45,313][com.java.SeleniumDriver] [  861] -  RESULT true
[INFO ][2015-11-04 12:21:45,313][com.java.SeleniumDriver] [ 1066] - ?   P A S S   ?
[INFO ][2015-11-04 12:21:45,313][com.java.SeleniumDriver] [  788] - ------------------------------------------
[INFO ][2015-11-04 12:21:45,313][com.java.SeleniumDriver] [  789] - Test case being Executed: 2
[INFO ][2015-11-04 12:21:45,313][com.java.SeleniumDriver] [  800] - Test step:6
[INFO ][2015-11-04 12:21:45,313][com.java.SeleniumDriver] [  812] - Datavalue is----------null
[DEBUG][2015-11-04 12:21:45,314][com.java.SeleniumDriver] [  830] - Exception: null
[INFO ][2015-11-04 12:21:45,314][com.java.SeleniumDriver] [  836] - DataField : BTNframeDialogContent
[INFO ][2015-11-04 12:21:45,314][com.java.SeleniumDriver] [  838] - DataValue : 
[INFO ][2015-11-04 12:21:45,314][com.java.SeleniumDriver] [  844] - <In Set values of the page>
[INFO ][2015-11-04 12:21:45,314][com.java.SeleniumDriver] [  847] - {Data Fields & Data Values Exist}
[INFO ][2015-11-04 12:21:45,314][com.java.SeleniumDriver] [  849] - --------------------------setting values-----------------------------
[INFO ][2015-11-04 12:21:45,314][com.java.SeleniumDriver] [  852] - Action Type : SELECTFRAME
[INFO ][2015-11-04 12:21:46,570][com.java.SeleniumDriver] [  861] -  RESULT true
[INFO ][2015-11-04 12:21:46,570][com.java.SeleniumDriver] [ 1066] - ?   P A S S   ?
[INFO ][2015-11-04 12:21:46,570][com.java.SeleniumDriver] [  788] - ------------------------------------------
[INFO ][2015-11-04 12:21:46,570][com.java.SeleniumDriver] [  789] - Test case being Executed: 2
[INFO ][2015-11-04 12:21:46,570][com.java.SeleniumDriver] [  800] - Test step:7
[INFO ][2015-11-04 12:21:46,570][com.java.SeleniumDriver] [  812] - Datavalue is----------//div[@class='ui-widget-content']/div/button
[INFO ][2015-11-04 12:21:46,570][com.java.SeleniumDriver] [  836] - DataField : BTN
[INFO ][2015-11-04 12:21:46,570][com.java.SeleniumDriver] [  838] - DataValue : //div[@class='ui-widget-content']/div/button
[INFO ][2015-11-04 12:21:46,570][com.java.SeleniumDriver] [  844] - <In Set values of the page>
[INFO ][2015-11-04 12:21:46,570][com.java.SeleniumDriver] [  847] - {Data Fields & Data Values Exist}
[INFO ][2015-11-04 12:21:46,570][com.java.SeleniumDriver] [  849] - --------------------------setting values-----------------------------
[INFO ][2015-11-04 12:21:46,570][com.java.SeleniumDriver] [  852] - Action Type : VERIFY
[INFO ][2015-11-04 12:21:46,571][com.java.TestType] [ 4876] - field= BTN value= //div[@class='ui-widget-content']/div/button
[INFO ][2015-11-04 12:21:46,571][com.java.TestType] [ 3750] - value = //div[@class='ui-widget-content']/div/button
[INFO ][2015-11-04 12:21:46,614][com.java.SeleniumDriver] [  861] -  RESULT true
[INFO ][2015-11-04 12:21:46,614][com.java.SeleniumDriver] [ 1066] - ?   P A S S   ?
[INFO ][2015-11-04 12:21:46,614][com.java.SeleniumDriver] [  788] - ------------------------------------------
[INFO ][2015-11-04 12:21:46,614][com.java.SeleniumDriver] [  789] - Test case being Executed: 2
[INFO ][2015-11-04 12:21:46,614][com.java.SeleniumDriver] [  800] - Test step:8
[INFO ][2015-11-04 12:21:46,614][com.java.SeleniumDriver] [  812] - Datavalue is----------3
[INFO ][2015-11-04 12:21:46,614][com.java.SeleniumDriver] [  836] - DataField : XPH//span[@class='glyphicon glyphicon-plus']
[INFO ][2015-11-04 12:21:46,614][com.java.SeleniumDriver] [  838] - DataValue : 3
[INFO ][2015-11-04 12:21:46,614][com.java.SeleniumDriver] [  844] - <In Set values of the page>
[INFO ][2015-11-04 12:21:46,614][com.java.SeleniumDriver] [  847] - {Data Fields & Data Values Exist}
[INFO ][2015-11-04 12:21:46,614][com.java.SeleniumDriver] [  849] - --------------------------setting values-----------------------------
[INFO ][2015-11-04 12:21:46,614][com.java.SeleniumDriver] [  852] - Action Type : WAITFORELEMENT
[INFO ][2015-11-04 12:21:46,637][com.java.SeleniumDriver] [  861] -  RESULT true
[INFO ][2015-11-04 12:21:46,637][com.java.SeleniumDriver] [ 1066] - ?   P A S S   ?
[INFO ][2015-11-04 12:21:46,637][com.java.SeleniumDriver] [  788] - ------------------------------------------
[INFO ][2015-11-04 12:21:46,637][com.java.SeleniumDriver] [  789] - Test case being Executed: 2
[INFO ][2015-11-04 12:21:46,637][com.java.SeleniumDriver] [  800] - Test step:9
[INFO ][2015-11-04 12:21:46,637][com.java.SeleniumDriver] [  812] - Datavalue is----------null
[DEBUG][2015-11-04 12:21:46,637][com.java.SeleniumDriver] [  830] - Exception: null
[INFO ][2015-11-04 12:21:46,638][com.java.SeleniumDriver] [  836] - DataField : XPH//span[@class='glyphicon glyphicon-plus']
[INFO ][2015-11-04 12:21:46,638][com.java.SeleniumDriver] [  838] - DataValue : 
[INFO ][2015-11-04 12:21:46,638][com.java.SeleniumDriver] [  844] - <In Set values of the page>
[INFO ][2015-11-04 12:21:46,639][com.java.SeleniumDriver] [  847] - {Data Fields & Data Values Exist}
[INFO ][2015-11-04 12:21:46,639][com.java.SeleniumDriver] [  849] - --------------------------setting values-----------------------------
[INFO ][2015-11-04 12:21:46,639][com.java.SeleniumDriver] [  852] - Action Type : CLICK
[INFO ][2015-11-04 12:21:46,639][com.java.TestType] [ 4063] - Field ::XPH//span[@class='glyphicon glyphicon-plus']
[INFO ][2015-11-04 12:21:47,640][com.java.TestType] [ 4122] - BEFORE CLICK
[INFO ][2015-11-04 12:21:48,441][com.java.TestType] [ 4130] - Unable to click the object +' Button
[INFO ][2015-11-04 12:21:48,441][com.java.SeleniumDriver] [  861] -  RESULT true
[INFO ][2015-11-04 12:21:48,441][com.java.SeleniumDriver] [ 1066] - ?   P A S S   ?
[INFO ][2015-11-04 12:21:48,441][com.java.SeleniumDriver] [  788] - ------------------------------------------
[INFO ][2015-11-04 12:21:48,441][com.java.SeleniumDriver] [  789] - Test case being Executed: 2
[INFO ][2015-11-04 12:21:48,441][com.java.SeleniumDriver] [  800] - Test step:10
[INFO ][2015-11-04 12:21:48,441][com.java.SeleniumDriver] [  812] - Datavalue is----------3
[INFO ][2015-11-04 12:21:48,441][com.java.SeleniumDriver] [  836] - DataField : XPH//span[@class='dlg_Label']
[INFO ][2015-11-04 12:21:48,441][com.java.SeleniumDriver] [  838] - DataValue : 3
[INFO ][2015-11-04 12:21:48,441][com.java.SeleniumDriver] [  844] - <In Set values of the page>
[INFO ][2015-11-04 12:21:48,441][com.java.SeleniumDriver] [  847] - {Data Fields & Data Values Exist}
[INFO ][2015-11-04 12:21:48,443][com.java.SeleniumDriver] [  849] - --------------------------setting values-----------------------------
[INFO ][2015-11-04 12:21:48,443][com.java.SeleniumDriver] [  852] - Action Type : WAITFORELEMENT
[INFO ][2015-11-04 12:21:48,466][com.java.SeleniumDriver] [  861] -  RESULT true
[INFO ][2015-11-04 12:21:48,466][com.java.SeleniumDriver] [ 1066] - ?   P A S S   ?
[INFO ][2015-11-04 12:21:48,466][com.java.SeleniumDriver] [  788] - ------------------------------------------
[INFO ][2015-11-04 12:21:48,466][com.java.SeleniumDriver] [  789] - Test case being Executed: 2
[INFO ][2015-11-04 12:21:48,466][com.java.SeleniumDriver] [  800] - Test step:11
[INFO ][2015-11-04 12:21:48,466][com.java.SeleniumDriver] [  812] - Datavalue is----------Package Name
[INFO ][2015-11-04 12:21:48,466][com.java.SeleniumDriver] [  836] - DataField : XPH//span[@class='dlg_Label']
[INFO ][2015-11-04 12:21:48,466][com.java.SeleniumDriver] [  838] - DataValue : Package Name
[INFO ][2015-11-04 12:21:48,466][com.java.SeleniumDriver] [  844] - <In Set values of the page>
[INFO ][2015-11-04 12:21:48,467][com.java.SeleniumDriver] [  847] - {Data Fields & Data Values Exist}
[INFO ][2015-11-04 12:21:48,467][com.java.SeleniumDriver] [  849] - --------------------------setting values-----------------------------
[INFO ][2015-11-04 12:21:48,467][com.java.SeleniumDriver] [  852] - Action Type : VERIFY
[INFO ][2015-11-04 12:21:48,467][com.java.TestType] [ 4876] - field= XPH//span[@class='dlg_Label'] value= Package Name
[INFO ][2015-11-04 12:21:48,467][com.java.TestType] [ 3750] - value = Package Name
[ERROR][2015-11-04 12:21:48,577][com.java.TestType] [ 5179] - Element  not found :Package Name
[INFO ][2015-11-04 12:21:48,578][com.java.SeleniumDriver] [  861] -  RESULT false
[INFO ][2015-11-04 12:21:48,578][com.java.SeleniumDriver] [  908] - ?   F A I L   ?
[INFO ][2015-11-04 12:21:48,578][com.java.SeleniumDriver] [  916] - Browser Type : IE11
[INFO ][2015-11-04 12:21:48,578][com.java.SeleniumDriver] [  917] - Adding Failed case2
[INFO ][2015-11-04 12:21:49,372][com.java.SeleniumDriver] [ 1030] - failedCases = 2
[ERROR][2015-11-04 12:21:49,372][com.java.SeleniumDriver] [ 1516] - Platform Errors : Our apologies...::We have encountered an issue with your request.::Our apologies?:We encountered an issue with your request.
[INFO ][2015-11-04 12:21:49,372][com.java.SeleniumDriver] [ 1520] - Length =3
[ERROR][2015-11-04 12:21:49,372][com.java.SeleniumDriver] [ 1523] - Error 0 = Our apologies...
[ERROR][2015-11-04 12:21:49,439][com.java.SeleniumDriver] [ 1523] - Error 1 = We have encountered an issue with your request.
[ERROR][2015-11-04 12:21:49,453][com.java.SeleniumDriver] [ 1523] - Error 2 = Our apologies?:We encountered an issue with your request.
[DEBUG][2015-11-04 12:21:49,481][com.java.SeleniumDriver] [ 1168] - Case found
[DEBUG][2015-11-04 12:21:49,481][com.java.SeleniumDriver] [ 1173] - Incrementing ReportCounters[0]:2
[INFO ][2015-11-04 12:21:49,481][com.java.SeleniumDriver] [ 1192] - The results are-------------------[2, 11, Report Package: Set Up, Fail, 
Test case failed at Step No. :: 11   Error Message ::  Element not found:Package Name. Screen Shot : D:\BankersDashboard\TestReports\110415\2_110415_122148_IE11.png, Wed Nov 04 12:21:49 IST 2015]
[INFO ][2015-11-04 12:21:49,481][com.java.SeleniumDriver] [ 1196] - End time is-------1 min 34 sec
[INFO ][2015-11-04 12:21:49,481][com.java.SeleniumDriver] [ 1197] - The results are-------------------[2, 11, Report Package: Set Up, Fail, 
Test case failed at Step No. :: 11   Error Message ::  Element not found:Package Name. Screen Shot : D:\BankersDashboard\TestReports\110415\2_110415_122148_IE11.png, Wed Nov 04 12:21:49 IST 2015]
[DEBUG][2015-11-04 12:21:49,481][com.java.ImportnExport.ExportTestResultsExcel] [  222] - testResultPath = D:\BankersDashboard/TestReports/Test Results_BankersDashBoard_110415_122016_IE11_Bank of North Carolina.xls
[DEBUG][2015-11-04 12:21:49,481][com.java.ImportnExport.ExportTestResultsExcel] [  223] - browser is------------IE11
[DEBUG][2015-11-04 12:21:49,483][com.java.ImportnExport.ExportTestResultsExcel] [  270] - result.size() = 6
[DEBUG][2015-11-04 12:21:49,484][com.java.ImportnExport.ExportTestResultsExcel] [  274] - No of rows in sheet=2
[DEBUG][2015-11-04 12:21:49,484][com.java.ImportnExport.ExportTestResultsExcel] [  301] - ..in export..2
[DEBUG][2015-11-04 12:21:49,484][com.java.ImportnExport.ExportTestResultsExcel] [  301] - ..in export..Report Package: Set Up
[DEBUG][2015-11-04 12:21:49,484][com.java.ImportnExport.ExportTestResultsExcel] [  301] - ..in export..Fail
[DEBUG][2015-11-04 12:21:49,484][com.java.ImportnExport.ExportTestResultsExcel] [  301] - ..in export..
Test case failed at Step No. :: 11   Error Message ::  Element not found:Package Name. Screen Shot : D:\BankersDashboard\TestReports\110415\2_110415_122148_IE11.png
[DEBUG][2015-11-04 12:21:49,484][com.java.ImportnExport.ExportTestResultsExcel] [  301] - ..in export..Wed Nov 04 12:21:49 IST 2015
[INFO ][2015-11-04 12:21:49,485][com.java.SeleniumDriver] [ 1255] - out loop:1 size:2 TestCases:[1, 2] testcases:[1, 2]
[INFO ][2015-11-04 12:21:51,485][com.java.SeleniumDriver] [ 1297] - Total Number of Cases:2
[INFO ][2015-11-04 12:21:51,485][com.java.TemplateGenerator] [  302] - Executed:2
[INFO ][2015-11-04 12:21:51,485][com.java.TemplateGenerator] [  303] - Passed:1
[INFO ][2015-11-04 12:21:51,485][com.java.TemplateGenerator] [  304] - Failed:1
[INFO ][2015-11-04 12:21:51,485][com.java.TemplateGenerator] [  305] - Skipeed:0
[INFO ][2015-11-04 12:21:51,485][com.java.TemplateGenerator] [  306] - Application URL:https://clients-xuat.bankersdashboard.com
[INFO ][2015-11-04 12:21:51,487][com.java.TemplateGenerator] [  307] - Start Time:110415_122016
[INFO ][2015-11-04 12:21:51,487][com.java.TemplateGenerator] [  308] -  Creating HTML Report 
[ERROR][2015-11-04 12:21:51,487][com.java.TemplateGenerator] [  409] - Unparseable date: "Wed Nov 04 12:20:16 IST 2015"
[INFO ][2015-11-04 12:21:51,487][com.java.TemplateGenerator] [  654] -  Exporting case :: 1
[INFO ][2015-11-04 12:21:51,488][com.java.TemplateGenerator] [  654] -  Exporting case :: 2
[INFO ][2015-11-04 12:21:51,492][com.java.SeleniumDriver] [ 1346] - End Time:110415_122151
[INFO ][2015-11-04 12:21:51,492][com.java.SeleniumDriver] [ 1349] - Data in Test Execution Details:{1=PASS, 2=FAILTest case failed at Step No. :: 11   Error Message ::  Element not found:Package Name}
[INFO ][2015-11-04 12:21:51,492][com.java.SeleniumDriver] [ 1350] - Data in Failed Execution Deatils:{}
[INFO ][2015-11-04 12:21:51,492][com.java.SeleniumDriver] [ 1352] - ReportCounter:Total:2 :: PASS: 1 ::FAIL: 1
[INFO ][2015-11-04 12:21:51,492][com.java.SeleniumDriver] [ 1353] - FailedReportCounter:Total:0 :: PASS: 0 ::FAIL: 0
[INFO ][2015-11-04 12:21:51,500][com.java.EmailTestReport] [   63] - Sending report mail details:
[INFO ][2015-11-04 12:21:51,500][com.java.EmailTestReport] [   80] - Excel Report Path:D:\BankersDashboard/TestReports/Test Results_BankersDashBoard_110415_122016_IE11_Bank of North Carolina.xls
[INFO ][2015-11-04 12:21:51,500][com.java.EmailTestReport] [   81] - HTML Report Path:D:\BankersDashboard//TestReports//Test Results_BankersDashBoard_110415_122016_IE11_Bank of North Carolina.html
[INFO ][2015-11-04 12:21:51,500][com.java.EmailTestReport] [   82] - smtpHostName:mail01.valuelabs.com
[INFO ][2015-11-04 12:21:51,500][com.java.EmailTestReport] [   83] - Recipient:venkateswararao.gubbala@valuelabs.com
[INFO ][2015-11-04 12:21:51,500][com.java.EmailTestReport] [   84] - From:venkateswararao.gubbala@valuelabs.com
[INFO ][2015-11-04 12:21:51,500][com.java.EmailTestReport] [   85] - Subject:Deluxe Corp Bankers Dashboard Automation Test Report - Bank of North Carolina - IE11
[INFO ][2015-11-04 12:21:51,516][com.java.EmailTestReport] [  143] -  Added venkateswararao.gubbala@valuelabs.com
