[INFO ][2015-11-05 20:29:25,220][com.java.SeleniumDriver] [  213] - Execute Failed Casesfalse
[INFO ][2015-11-05 20:29:25,224][com.java.SeleniumDriver] [  214] - Browser: IE11
[INFO ][2015-11-05 20:29:25,224][com.java.SeleniumDriver] [  215] - [1, 2]
[INFO ][2015-11-05 20:29:25,224][com.java.SeleniumDriver] [  216] - Total TestCases:2
[INFO ][2015-11-05 20:29:25,224][com.java.SeleniumDriver] [  217] -  Reading Properties from Property File 
[DEBUG][2015-11-05 20:29:25,225][com.java.SeleniumDriver] [  238] - url : https://clients-xuat.bankersdashboard.com
[INFO ][2015-11-05 20:29:25,226][com.java.ImportnExport.ExportTestResultsExcel] [  116] - Time Stamp Thu Nov 05 08:29:25 IST 2015
[INFO ][2015-11-05 20:29:25,226][com.java.ImportnExport.ExportTestResultsExcel] [  175] - OUT FILE : D:\BankersDashboard/TestReports/Test Results_BankersDashBoard_110515_202925_IE11_Any Bank USA.xls
[INFO ][2015-11-05 20:29:25,253][com.java.ImportnExport.ExportTestResultsExcel] [  180] - Test Result file is created
[DEBUG][2015-11-05 20:29:25,351][com.java.SeleniumDriver] [  425] - Hub ip address is-------172.17.68.34
[INFO ][2015-11-05 20:29:25,352][com.java.SeleniumDriver] [  451] - Grid URL:http://172.17.68.34:4444/wd/hub
[INFO ][2015-11-05 20:29:25,352][com.java.SeleniumDriver] [  452] - Capability:Capabilities [{platform=ANY, ensureCleanSession=true, ignoreProtectedModeSettings=true, acceptSslCerts=true, ignoreZoomSetting=true, browserName=internet explorer, browserstack.ie.noFlash=true, version=Node1}]
[ERROR][2015-11-05 20:29:26,648][com.java.SeleniumDriver] [  496] - Unable invoke browser in grid:Could not start a new session. Possible causes are invalid address of the remote server or browser start-up failure.
Build info: version: '2.48.2', revision: '41bccdd', time: '2015-10-09 19:59:12'
System info: host: 'FVTIII438F1D', ip: '172.17.68.34', os.name: 'Windows 7', os.arch: 'x86', os.version: '6.1', java.version: '1.7.0_55'
Driver info: driver.version: SeleniumDriver
[INFO ][2015-11-05 20:29:26,648][com.java.SeleniumDriver] [  498] - Executing on local machine
[INFO ][2015-11-05 20:29:35,897][com.java.SeleniumDriver] [  248] - IE11is opened
[INFO ][2015-11-05 20:29:36,543][com.java.SeleniumDriver] [  752] - Test cases to be executed are: [1, 2]
[INFO ][2015-11-05 20:29:36,545][com.java.ImportnExport.ImportTestDataDetailsExcel] [   49] - test data details path===== D:\BankersDashboard\TestInputs\TestData.xls
[INFO ][2015-11-05 20:29:47,308][com.java.SeleniumDriver] [  788] - ------------------------------------------
[INFO ][2015-11-05 20:29:47,308][com.java.SeleniumDriver] [  789] - Test case being Executed: 1
[INFO ][2015-11-05 20:29:47,324][com.java.SeleniumDriver] [  800] - Test step:1
[INFO ][2015-11-05 20:29:47,324][com.java.SeleniumDriver] [  812] - Datavalue is----------Concept#1:1-14
[INFO ][2015-11-05 20:29:47,324][com.java.SeleniumDriver] [  836] - DataField : test
[INFO ][2015-11-05 20:29:47,325][com.java.SeleniumDriver] [  838] - DataValue : Concept#1:1-14
[INFO ][2015-11-05 20:29:47,325][com.java.SeleniumDriver] [  844] - <In Set values of the page>
[INFO ][2015-11-05 20:29:47,325][com.java.SeleniumDriver] [  847] - {Data Fields & Data Values Exist}
[INFO ][2015-11-05 20:29:47,325][com.java.SeleniumDriver] [  849] - --------------------------setting values-----------------------------
[INFO ][2015-11-05 20:29:47,325][com.java.SeleniumDriver] [  852] - Action Type : ExecuteTestCase
[INFO ][2015-11-05 20:29:47,342][com.java.TestType] [  414] - The Concept sheet name is ---------- Concept
[INFO ][2015-11-05 20:29:47,342][com.java.TestType] [  417] - The Concept ID  is ---------- 1
[DEBUG][2015-11-05 20:29:47,342][com.java.TestType] [  421] - Steps being executted in the Concept are: 1:14
[INFO ][2015-11-05 20:29:47,343][com.java.TestType] [  428] - Test data details path ---------- D:\BankersDashboard\TestInputs\TestData.xls
[INFO ][2015-11-05 20:29:47,372][com.java.TestType] [  459] -  str(1) = 1
[INFO ][2015-11-05 20:29:47,372][com.java.TestType] [  462] - Test case Id is---1
[INFO ][2015-11-05 20:29:47,372][com.java.TestType] [  464] - 1
[INFO ][2015-11-05 20:29:47,373][com.java.TestType] [  459] -  str(2) = 1
[INFO ][2015-11-05 20:29:47,377][com.java.TestType] [  511] - row values are--------{1=com.java.Objects.TestDataDetails@18eccb7}
[INFO ][2015-11-05 20:29:47,377][com.java.TestType] [  459] -  str(1) = 1
[INFO ][2015-11-05 20:29:47,377][com.java.TestType] [  462] - Test case Id is---1
[INFO ][2015-11-05 20:29:47,377][com.java.TestType] [  464] - 1
[INFO ][2015-11-05 20:29:47,377][com.java.TestType] [  459] -  str(2) = 2
[INFO ][2015-11-05 20:29:47,378][com.java.TestType] [  511] - row values are--------{1=com.java.Objects.TestDataDetails@18eccb7, 2=com.java.Objects.TestDataDetails@1654df1}
[INFO ][2015-11-05 20:29:47,378][com.java.TestType] [  459] -  str(1) = 1
[INFO ][2015-11-05 20:29:47,379][com.java.TestType] [  462] - Test case Id is---1
[INFO ][2015-11-05 20:29:47,379][com.java.TestType] [  464] - 1
[INFO ][2015-11-05 20:29:47,379][com.java.TestType] [  459] -  str(2) = 3
[INFO ][2015-11-05 20:29:47,380][com.java.TestType] [  511] - row values are--------{1=com.java.Objects.TestDataDetails@18eccb7, 2=com.java.Objects.TestDataDetails@1654df1, 3=com.java.Objects.TestDataDetails@1ebe346}
[INFO ][2015-11-05 20:29:47,380][com.java.TestType] [  459] -  str(1) = 1
[INFO ][2015-11-05 20:29:47,380][com.java.TestType] [  462] - Test case Id is---1
[INFO ][2015-11-05 20:29:47,380][com.java.TestType] [  464] - 1
[INFO ][2015-11-05 20:29:47,381][com.java.TestType] [  459] -  str(2) = 4
[INFO ][2015-11-05 20:29:47,382][com.java.TestType] [  511] - row values are--------{1=com.java.Objects.TestDataDetails@18eccb7, 2=com.java.Objects.TestDataDetails@1654df1, 3=com.java.Objects.TestDataDetails@1ebe346, 4=com.java.Objects.TestDataDetails@a5031d}
[INFO ][2015-11-05 20:29:47,382][com.java.TestType] [  459] -  str(1) = 1
[INFO ][2015-11-05 20:29:47,382][com.java.TestType] [  462] - Test case Id is---1
[INFO ][2015-11-05 20:29:47,382][com.java.TestType] [  464] - 1
[INFO ][2015-11-05 20:29:47,382][com.java.TestType] [  459] -  str(2) = 5
[INFO ][2015-11-05 20:29:47,383][com.java.TestType] [  511] - row values are--------{1=com.java.Objects.TestDataDetails@18eccb7, 2=com.java.Objects.TestDataDetails@1654df1, 3=com.java.Objects.TestDataDetails@1ebe346, 4=com.java.Objects.TestDataDetails@a5031d, 5=com.java.Objects.TestDataDetails@3f09f4}
[INFO ][2015-11-05 20:29:47,384][com.java.TestType] [  459] -  str(1) = 1
[INFO ][2015-11-05 20:29:47,384][com.java.TestType] [  462] - Test case Id is---1
[INFO ][2015-11-05 20:29:47,384][com.java.TestType] [  464] - 1
[INFO ][2015-11-05 20:29:47,384][com.java.TestType] [  459] -  str(2) = 6
[INFO ][2015-11-05 20:29:47,385][com.java.TestType] [  511] - row values are--------{1=com.java.Objects.TestDataDetails@18eccb7, 2=com.java.Objects.TestDataDetails@1654df1, 3=com.java.Objects.TestDataDetails@1ebe346, 4=com.java.Objects.TestDataDetails@a5031d, 5=com.java.Objects.TestDataDetails@3f09f4, 6=com.java.Objects.TestDataDetails@d6e0e0}
[INFO ][2015-11-05 20:29:47,386][com.java.TestType] [  459] -  str(1) = 1
[INFO ][2015-11-05 20:29:47,386][com.java.TestType] [  462] - Test case Id is---1
[INFO ][2015-11-05 20:29:47,386][com.java.TestType] [  464] - 1
[INFO ][2015-11-05 20:29:47,386][com.java.TestType] [  459] -  str(2) = 7
[INFO ][2015-11-05 20:29:47,387][com.java.TestType] [  511] - row values are--------{1=com.java.Objects.TestDataDetails@18eccb7, 2=com.java.Objects.TestDataDetails@1654df1, 3=com.java.Objects.TestDataDetails@1ebe346, 4=com.java.Objects.TestDataDetails@a5031d, 5=com.java.Objects.TestDataDetails@3f09f4, 6=com.java.Objects.TestDataDetails@d6e0e0, 7=com.java.Objects.TestDataDetails@9156c3}
[INFO ][2015-11-05 20:29:47,387][com.java.TestType] [  459] -  str(1) = 1
[INFO ][2015-11-05 20:29:47,387][com.java.TestType] [  462] - Test case Id is---1
[INFO ][2015-11-05 20:29:47,387][com.java.TestType] [  464] - 1
[INFO ][2015-11-05 20:29:47,387][com.java.TestType] [  459] -  str(2) = 8
[INFO ][2015-11-05 20:29:47,388][com.java.TestType] [  511] - row values are--------{1=com.java.Objects.TestDataDetails@18eccb7, 2=com.java.Objects.TestDataDetails@1654df1, 3=com.java.Objects.TestDataDetails@1ebe346, 4=com.java.Objects.TestDataDetails@a5031d, 5=com.java.Objects.TestDataDetails@3f09f4, 6=com.java.Objects.TestDataDetails@d6e0e0, 7=com.java.Objects.TestDataDetails@9156c3, 8=com.java.Objects.TestDataDetails@62a8d2}
[INFO ][2015-11-05 20:29:47,388][com.java.TestType] [  459] -  str(1) = 1
[INFO ][2015-11-05 20:29:47,388][com.java.TestType] [  462] - Test case Id is---1
[INFO ][2015-11-05 20:29:47,388][com.java.TestType] [  464] - 1
[INFO ][2015-11-05 20:29:47,388][com.java.TestType] [  459] -  str(2) = 9
[INFO ][2015-11-05 20:29:47,389][com.java.TestType] [  511] - row values are--------{1=com.java.Objects.TestDataDetails@18eccb7, 2=com.java.Objects.TestDataDetails@1654df1, 3=com.java.Objects.TestDataDetails@1ebe346, 4=com.java.Objects.TestDataDetails@a5031d, 5=com.java.Objects.TestDataDetails@3f09f4, 6=com.java.Objects.TestDataDetails@d6e0e0, 7=com.java.Objects.TestDataDetails@9156c3, 8=com.java.Objects.TestDataDetails@62a8d2, 9=com.java.Objects.TestDataDetails@6d5af1}
[INFO ][2015-11-05 20:29:47,389][com.java.TestType] [  459] -  str(1) = 1
[INFO ][2015-11-05 20:29:47,389][com.java.TestType] [  462] - Test case Id is---1
[INFO ][2015-11-05 20:29:47,389][com.java.TestType] [  464] - 1
[INFO ][2015-11-05 20:29:47,389][com.java.TestType] [  459] -  str(2) = 10
[INFO ][2015-11-05 20:29:47,390][com.java.TestType] [  511] - row values are--------{1=com.java.Objects.TestDataDetails@18eccb7, 2=com.java.Objects.TestDataDetails@1654df1, 3=com.java.Objects.TestDataDetails@1ebe346, 4=com.java.Objects.TestDataDetails@a5031d, 5=com.java.Objects.TestDataDetails@3f09f4, 6=com.java.Objects.TestDataDetails@d6e0e0, 7=com.java.Objects.TestDataDetails@9156c3, 8=com.java.Objects.TestDataDetails@62a8d2, 9=com.java.Objects.TestDataDetails@6d5af1, 10=com.java.Objects.TestDataDetails@111c0d7}
[INFO ][2015-11-05 20:29:47,390][com.java.TestType] [  459] -  str(1) = 1
[INFO ][2015-11-05 20:29:47,390][com.java.TestType] [  462] - Test case Id is---1
[INFO ][2015-11-05 20:29:47,390][com.java.TestType] [  464] - 1
[INFO ][2015-11-05 20:29:47,390][com.java.TestType] [  459] -  str(2) = 11
[INFO ][2015-11-05 20:29:47,391][com.java.TestType] [  511] - row values are--------{1=com.java.Objects.TestDataDetails@18eccb7, 2=com.java.Objects.TestDataDetails@1654df1, 3=com.java.Objects.TestDataDetails@1ebe346, 4=com.java.Objects.TestDataDetails@a5031d, 5=com.java.Objects.TestDataDetails@3f09f4, 6=com.java.Objects.TestDataDetails@d6e0e0, 7=com.java.Objects.TestDataDetails@9156c3, 8=com.java.Objects.TestDataDetails@62a8d2, 9=com.java.Objects.TestDataDetails@6d5af1, 10=com.java.Objects.TestDataDetails@111c0d7, 11=com.java.Objects.TestDataDetails@dc8a29}
[INFO ][2015-11-05 20:29:47,391][com.java.TestType] [  459] -  str(1) = 1
[INFO ][2015-11-05 20:29:47,391][com.java.TestType] [  462] - Test case Id is---1
[INFO ][2015-11-05 20:29:47,391][com.java.TestType] [  464] - 1
[INFO ][2015-11-05 20:29:47,392][com.java.TestType] [  459] -  str(2) = 12
[INFO ][2015-11-05 20:29:47,392][com.java.TestType] [  511] - row values are--------{1=com.java.Objects.TestDataDetails@18eccb7, 2=com.java.Objects.TestDataDetails@1654df1, 3=com.java.Objects.TestDataDetails@1ebe346, 4=com.java.Objects.TestDataDetails@a5031d, 5=com.java.Objects.TestDataDetails@3f09f4, 6=com.java.Objects.TestDataDetails@d6e0e0, 7=com.java.Objects.TestDataDetails@9156c3, 8=com.java.Objects.TestDataDetails@62a8d2, 9=com.java.Objects.TestDataDetails@6d5af1, 10=com.java.Objects.TestDataDetails@111c0d7, 11=com.java.Objects.TestDataDetails@dc8a29, 12=com.java.Objects.TestDataDetails@1192410}
[INFO ][2015-11-05 20:29:47,392][com.java.TestType] [  459] -  str(1) = 1
[INFO ][2015-11-05 20:29:47,392][com.java.TestType] [  462] - Test case Id is---1
[INFO ][2015-11-05 20:29:47,393][com.java.TestType] [  464] - 1
[INFO ][2015-11-05 20:29:47,393][com.java.TestType] [  459] -  str(2) = 13
[INFO ][2015-11-05 20:29:47,394][com.java.TestType] [  511] - row values are--------{1=com.java.Objects.TestDataDetails@18eccb7, 2=com.java.Objects.TestDataDetails@1654df1, 3=com.java.Objects.TestDataDetails@1ebe346, 4=com.java.Objects.TestDataDetails@a5031d, 5=com.java.Objects.TestDataDetails@3f09f4, 6=com.java.Objects.TestDataDetails@d6e0e0, 7=com.java.Objects.TestDataDetails@9156c3, 8=com.java.Objects.TestDataDetails@62a8d2, 9=com.java.Objects.TestDataDetails@6d5af1, 10=com.java.Objects.TestDataDetails@111c0d7, 11=com.java.Objects.TestDataDetails@dc8a29, 12=com.java.Objects.TestDataDetails@1192410, 13=com.java.Objects.TestDataDetails@1eeb332}
[INFO ][2015-11-05 20:29:47,394][com.java.TestType] [  459] -  str(1) = 1
[INFO ][2015-11-05 20:29:47,394][com.java.TestType] [  462] - Test case Id is---1
[INFO ][2015-11-05 20:29:47,395][com.java.TestType] [  464] - 1
[INFO ][2015-11-05 20:29:47,395][com.java.TestType] [  459] -  str(2) = 14
[INFO ][2015-11-05 20:29:47,395][com.java.TestType] [  511] - row values are--------{1=com.java.Objects.TestDataDetails@18eccb7, 2=com.java.Objects.TestDataDetails@1654df1, 3=com.java.Objects.TestDataDetails@1ebe346, 4=com.java.Objects.TestDataDetails@a5031d, 5=com.java.Objects.TestDataDetails@3f09f4, 6=com.java.Objects.TestDataDetails@d6e0e0, 7=com.java.Objects.TestDataDetails@9156c3, 8=com.java.Objects.TestDataDetails@62a8d2, 9=com.java.Objects.TestDataDetails@6d5af1, 10=com.java.Objects.TestDataDetails@111c0d7, 11=com.java.Objects.TestDataDetails@dc8a29, 12=com.java.Objects.TestDataDetails@1192410, 13=com.java.Objects.TestDataDetails@1eeb332, 14=com.java.Objects.TestDataDetails@8ed249}
[INFO ][2015-11-05 20:29:47,395][com.java.TestType] [ 7986] - Looping 1TCID = 1
[DEBUG][2015-11-05 20:29:47,396][com.java.TestType] [ 8027] - Concept ID:1 :: Step being Executed: 1::1
[INFO ][2015-11-05 20:29:47,396][com.java.TestType] [ 8065] - dataFields : TXTusername
[DEBUG][2015-11-05 20:29:47,396][com.java.TestType] [ 8071] - <In Set values of the page>
[DEBUG][2015-11-05 20:29:47,396][com.java.TestType] [ 8076] - {Data Fields & Data Values Exist}
[INFO ][2015-11-05 20:29:47,396][com.java.TestType] [ 8082] - --------------------------setting values-----------------------------
[INFO ][2015-11-05 20:29:47,396][com.java.TestType] [ 8085] - Action Type : CLEARANDENTER
[INFO ][2015-11-05 20:29:47,396][com.java.TestType] [ 3837] - value = naresh.nayini.00000
[INFO ][2015-11-05 20:29:52,238][com.java.TestType] [ 8104] -  RESULT true
[INFO ][2015-11-05 20:29:52,238][com.java.TestType] [ 8221] - ?   P A S S   ?
[DEBUG][2015-11-05 20:29:52,238][com.java.TestType] [ 8027] - Concept ID:1 :: Step being Executed: 1::2
[INFO ][2015-11-05 20:29:52,238][com.java.TestType] [ 8065] - dataFields : TXTpassword
[DEBUG][2015-11-05 20:29:52,239][com.java.TestType] [ 8071] - <In Set values of the page>
[DEBUG][2015-11-05 20:29:52,239][com.java.TestType] [ 8076] - {Data Fields & Data Values Exist}
[INFO ][2015-11-05 20:29:52,239][com.java.TestType] [ 8082] - --------------------------setting values-----------------------------
[INFO ][2015-11-05 20:29:52,239][com.java.TestType] [ 8085] - Action Type : CLEARANDENTER
[INFO ][2015-11-05 20:29:52,239][com.java.TestType] [ 3837] - value = Password1*
[INFO ][2015-11-05 20:29:57,173][com.java.TestType] [ 8104] -  RESULT true
[INFO ][2015-11-05 20:29:57,174][com.java.TestType] [ 8221] - ?   P A S S   ?
[DEBUG][2015-11-05 20:29:57,174][com.java.TestType] [ 8027] - Concept ID:1 :: Step being Executed: 1::3
[ERROR][2015-11-05 20:29:57,174][com.java.TestType] [ 8060] - Exception: null
[INFO ][2015-11-05 20:29:57,174][com.java.TestType] [ 8065] - dataFields : XPH//button[@type='submit']
[DEBUG][2015-11-05 20:29:57,174][com.java.TestType] [ 8071] - <In Set values of the page>
[DEBUG][2015-11-05 20:29:57,174][com.java.TestType] [ 8076] - {Data Fields & Data Values Exist}
[INFO ][2015-11-05 20:29:57,174][com.java.TestType] [ 8082] - --------------------------setting values-----------------------------
[INFO ][2015-11-05 20:29:57,174][com.java.TestType] [ 8085] - Action Type : Click
[INFO ][2015-11-05 20:29:57,176][com.java.TestType] [ 4150] - Field ::XPH//button[@type='submit']
[INFO ][2015-11-05 20:29:58,176][com.java.TestType] [ 4209] - BEFORE CLICK
[INFO ][2015-11-05 20:29:59,051][com.java.TestType] [ 4217] - Unable to click the object Login
[INFO ][2015-11-05 20:29:59,051][com.java.TestType] [ 8104] -  RESULT true
[INFO ][2015-11-05 20:29:59,051][com.java.TestType] [ 8221] - ?   P A S S   ?
[DEBUG][2015-11-05 20:29:59,052][com.java.TestType] [ 8027] - Concept ID:1 :: Step being Executed: 1::4
[INFO ][2015-11-05 20:29:59,052][com.java.TestType] [ 8065] - dataFields : LNKLogout
[DEBUG][2015-11-05 20:29:59,052][com.java.TestType] [ 8071] - <In Set values of the page>
[DEBUG][2015-11-05 20:29:59,052][com.java.TestType] [ 8076] - {Data Fields & Data Values Exist}
[INFO ][2015-11-05 20:29:59,052][com.java.TestType] [ 8082] - --------------------------setting values-----------------------------
[INFO ][2015-11-05 20:29:59,052][com.java.TestType] [ 8085] - Action Type : WaitForElement
[INFO ][2015-11-05 20:30:06,987][com.java.TestType] [ 8104] -  RESULT true
[INFO ][2015-11-05 20:30:06,987][com.java.TestType] [ 8221] - ?   P A S S   ?
[DEBUG][2015-11-05 20:30:06,988][com.java.TestType] [ 8027] - Concept ID:1 :: Step being Executed: 1::13
[INFO ][2015-11-05 20:30:06,988][com.java.TestType] [ 8065] - dataFields : LNK
[DEBUG][2015-11-05 20:30:06,988][com.java.TestType] [ 8071] - <In Set values of the page>
[DEBUG][2015-11-05 20:30:06,988][com.java.TestType] [ 8076] - {Data Fields & Data Values Exist}
[INFO ][2015-11-05 20:30:06,988][com.java.TestType] [ 8082] - --------------------------setting values-----------------------------
[INFO ][2015-11-05 20:30:06,988][com.java.TestType] [ 8085] - Action Type : Verify
[INFO ][2015-11-05 20:30:06,988][com.java.TestType] [ 4963] - field= LNK value= Logout
[INFO ][2015-11-05 20:30:06,989][com.java.TestType] [ 3837] - value = Logout
[INFO ][2015-11-05 20:30:07,024][com.java.TestType] [ 8104] -  RESULT true
[INFO ][2015-11-05 20:30:07,024][com.java.TestType] [ 8221] - ?   P A S S   ?
[DEBUG][2015-11-05 20:30:07,024][com.java.TestType] [ 8027] - Concept ID:1 :: Step being Executed: 1::14
[INFO ][2015-11-05 20:30:07,025][com.java.TestType] [ 8065] - dataFields : BTN
[DEBUG][2015-11-05 20:30:07,025][com.java.TestType] [ 8071] - <In Set values of the page>
[DEBUG][2015-11-05 20:30:07,025][com.java.TestType] [ 8076] - {Data Fields & Data Values Exist}
[INFO ][2015-11-05 20:30:07,026][com.java.TestType] [ 8082] - --------------------------setting values-----------------------------
[INFO ][2015-11-05 20:30:07,026][com.java.TestType] [ 8085] - Action Type : Verify
[INFO ][2015-11-05 20:30:07,026][com.java.TestType] [ 4963] - field= BTN value= //img[contains(@src,'bdlogo.jpg')]
[INFO ][2015-11-05 20:30:07,026][com.java.TestType] [ 3837] - value = //img[contains(@src,'bdlogo.jpg')]
[INFO ][2015-11-05 20:30:07,060][com.java.TestType] [ 8104] -  RESULT true
[INFO ][2015-11-05 20:30:07,060][com.java.TestType] [ 8221] - ?   P A S S   ?
[INFO ][2015-11-05 20:30:07,060][com.java.TestType] [ 8292] - Looping End......
[INFO ][2015-11-05 20:30:07,064][com.java.SeleniumDriver] [  861] -  RESULT true
[INFO ][2015-11-05 20:30:07,064][com.java.SeleniumDriver] [ 1066] - ?   P A S S   ?
[INFO ][2015-11-05 20:30:07,065][com.java.SeleniumDriver] [  788] - ------------------------------------------
[INFO ][2015-11-05 20:30:07,065][com.java.SeleniumDriver] [  789] - Test case being Executed: 1
[INFO ][2015-11-05 20:30:07,065][com.java.SeleniumDriver] [  800] - Test step:2
[INFO ][2015-11-05 20:30:07,065][com.java.SeleniumDriver] [  812] - Datavalue is----------Concept#2:1-2
[INFO ][2015-11-05 20:30:07,065][com.java.SeleniumDriver] [  836] - DataField : test
[INFO ][2015-11-05 20:30:07,065][com.java.SeleniumDriver] [  838] - DataValue : Concept#2:1-2
[INFO ][2015-11-05 20:30:07,065][com.java.SeleniumDriver] [  844] - <In Set values of the page>
[INFO ][2015-11-05 20:30:07,065][com.java.SeleniumDriver] [  847] - {Data Fields & Data Values Exist}
[INFO ][2015-11-05 20:30:07,065][com.java.SeleniumDriver] [  849] - --------------------------setting values-----------------------------
[INFO ][2015-11-05 20:30:07,065][com.java.SeleniumDriver] [  852] - Action Type : ExecuteTestCase
[INFO ][2015-11-05 20:30:07,066][com.java.TestType] [  414] - The Concept sheet name is ---------- Concept
[INFO ][2015-11-05 20:30:07,066][com.java.TestType] [  417] - The Concept ID  is ---------- 2
[DEBUG][2015-11-05 20:30:07,066][com.java.TestType] [  421] - Steps being executted in the Concept are: 1:2
[INFO ][2015-11-05 20:30:07,066][com.java.TestType] [  428] - Test data details path ---------- D:\BankersDashboard\TestInputs\TestData.xls
[INFO ][2015-11-05 20:30:07,098][com.java.TestType] [  459] -  str(1) = 2
[INFO ][2015-11-05 20:30:07,098][com.java.TestType] [  462] - Test case Id is---2
[INFO ][2015-11-05 20:30:07,098][com.java.TestType] [  464] - 2
[INFO ][2015-11-05 20:30:07,098][com.java.TestType] [  459] -  str(2) = 1
[INFO ][2015-11-05 20:30:07,101][com.java.TestType] [  511] - row values are--------{1=com.java.Objects.TestDataDetails@32b816}
[INFO ][2015-11-05 20:30:07,101][com.java.TestType] [  459] -  str(1) = 2
[INFO ][2015-11-05 20:30:07,101][com.java.TestType] [  462] - Test case Id is---2
[INFO ][2015-11-05 20:30:07,101][com.java.TestType] [  464] - 2
[INFO ][2015-11-05 20:30:07,101][com.java.TestType] [  459] -  str(2) = 2
[INFO ][2015-11-05 20:30:07,102][com.java.TestType] [  511] - row values are--------{1=com.java.Objects.TestDataDetails@32b816, 2=com.java.Objects.TestDataDetails@1041ecc}
[INFO ][2015-11-05 20:30:07,102][com.java.TestType] [  459] -  str(1) = 2
[INFO ][2015-11-05 20:30:07,102][com.java.TestType] [  462] - Test case Id is---2
[INFO ][2015-11-05 20:30:07,102][com.java.TestType] [  464] - 2
[INFO ][2015-11-05 20:30:07,102][com.java.TestType] [  459] -  str(2) = 3
[INFO ][2015-11-05 20:30:07,102][com.java.TestType] [  511] - row values are--------{1=com.java.Objects.TestDataDetails@32b816, 2=com.java.Objects.TestDataDetails@1041ecc, 3=com.java.Objects.TestDataDetails@a34522}
[INFO ][2015-11-05 20:30:07,103][com.java.TestType] [ 7986] - Looping 1TCID = 2
[DEBUG][2015-11-05 20:30:07,103][com.java.TestType] [ 8027] - Concept ID:2 :: Step being Executed: 2::1
[INFO ][2015-11-05 20:30:07,103][com.java.TestType] [ 8065] - dataFields : BNK//select[@id='bank']
[DEBUG][2015-11-05 20:30:07,103][com.java.TestType] [ 8071] - <In Set values of the page>
[DEBUG][2015-11-05 20:30:07,103][com.java.TestType] [ 8076] - {Data Fields & Data Values Exist}
[INFO ][2015-11-05 20:30:07,103][com.java.TestType] [ 8082] - --------------------------setting values-----------------------------
[INFO ][2015-11-05 20:30:07,103][com.java.TestType] [ 8085] - Action Type : Select
[INFO ][2015-11-05 20:30:07,103][com.java.TestType] [ 3837] - value = PFC
[INFO ][2015-11-05 20:30:07,304][com.java.TestType] [ 8104] -  RESULT true
[INFO ][2015-11-05 20:30:07,304][com.java.TestType] [ 8221] - ?   P A S S   ?
[DEBUG][2015-11-05 20:30:07,304][com.java.TestType] [ 8027] - Concept ID:2 :: Step being Executed: 2::2
[INFO ][2015-11-05 20:30:07,304][com.java.TestType] [ 8065] - dataFields : LNKLogout
[DEBUG][2015-11-05 20:30:07,304][com.java.TestType] [ 8071] - <In Set values of the page>
[DEBUG][2015-11-05 20:30:07,304][com.java.TestType] [ 8076] - {Data Fields & Data Values Exist}
[INFO ][2015-11-05 20:30:07,304][com.java.TestType] [ 8082] - --------------------------setting values-----------------------------
[INFO ][2015-11-05 20:30:07,304][com.java.TestType] [ 8085] - Action Type : WaitTime
[DEBUG][2015-11-05 20:30:07,305][com.java.TestType] [ 3736] - sleepTime: 5000
[INFO ][2015-11-05 20:30:12,306][com.java.TestType] [ 8104] -  RESULT true
[INFO ][2015-11-05 20:30:12,306][com.java.TestType] [ 8221] - ?   P A S S   ?
[INFO ][2015-11-05 20:30:12,306][com.java.TestType] [ 8292] - Looping End......
[INFO ][2015-11-05 20:30:12,310][com.java.SeleniumDriver] [  861] -  RESULT true
[INFO ][2015-11-05 20:30:12,310][com.java.SeleniumDriver] [ 1066] - ?   P A S S   ?
[INFO ][2015-11-05 20:30:12,310][com.java.SeleniumDriver] [  788] - ------------------------------------------
[INFO ][2015-11-05 20:30:12,310][com.java.SeleniumDriver] [  789] - Test case being Executed: 1
[INFO ][2015-11-05 20:30:12,310][com.java.SeleniumDriver] [  800] - Test step:3
[INFO ][2015-11-05 20:30:12,310][com.java.SeleniumDriver] [  812] - Datavalue is----------2
[INFO ][2015-11-05 20:30:12,310][com.java.SeleniumDriver] [  836] - DataField : XPH//button[contains(text(),'Add Content')]
[INFO ][2015-11-05 20:30:12,310][com.java.SeleniumDriver] [  838] - DataValue : 2
[INFO ][2015-11-05 20:30:12,310][com.java.SeleniumDriver] [  844] - <In Set values of the page>
[INFO ][2015-11-05 20:30:12,310][com.java.SeleniumDriver] [  847] - {Data Fields & Data Values Exist}
[INFO ][2015-11-05 20:30:12,312][com.java.SeleniumDriver] [  849] - --------------------------setting values-----------------------------
[INFO ][2015-11-05 20:30:12,312][com.java.SeleniumDriver] [  852] - Action Type : WAITFORELEMENT
[INFO ][2015-11-05 20:30:12,355][com.java.SeleniumDriver] [  861] -  RESULT true
[INFO ][2015-11-05 20:30:12,355][com.java.SeleniumDriver] [ 1066] - ?   P A S S   ?
[DEBUG][2015-11-05 20:30:12,355][com.java.SeleniumDriver] [ 1168] - Case found
[DEBUG][2015-11-05 20:30:12,355][com.java.SeleniumDriver] [ 1173] - Incrementing ReportCounters[0]:1
[INFO ][2015-11-05 20:30:12,355][com.java.SeleniumDriver] [ 1192] - The results are-------------------[1, 1, Valid Login, Pass, , Thu Nov 05 20:30:07 IST 2015, 1, 2, Valid Login, Pass, , Thu Nov 05 20:30:12 IST 2015, 1, 3, Valid Login, Pass, , Thu Nov 05 20:30:12 IST 2015]
[INFO ][2015-11-05 20:30:12,355][com.java.SeleniumDriver] [ 1196] - End time is-------49 sec
[INFO ][2015-11-05 20:30:12,356][com.java.SeleniumDriver] [ 1197] - The results are-------------------[1, 1, Valid Login, Pass, , Thu Nov 05 20:30:07 IST 2015, 1, 2, Valid Login, Pass, , Thu Nov 05 20:30:12 IST 2015, 1, 3, Valid Login, Pass, , Thu Nov 05 20:30:12 IST 2015]
[DEBUG][2015-11-05 20:30:12,356][com.java.ImportnExport.ExportTestResultsExcel] [  222] - testResultPath = D:\BankersDashboard/TestReports/Test Results_BankersDashBoard_110515_202925_IE11_Any Bank USA.xls
[DEBUG][2015-11-05 20:30:12,356][com.java.ImportnExport.ExportTestResultsExcel] [  223] - browser is------------IE11
[DEBUG][2015-11-05 20:30:12,399][com.java.ImportnExport.ExportTestResultsExcel] [  270] - result.size() = 18
[DEBUG][2015-11-05 20:30:12,399][com.java.ImportnExport.ExportTestResultsExcel] [  274] - No of rows in sheet=1
[DEBUG][2015-11-05 20:30:12,399][com.java.ImportnExport.ExportTestResultsExcel] [  301] - ..in export..1
[DEBUG][2015-11-05 20:30:12,399][com.java.ImportnExport.ExportTestResultsExcel] [  301] - ..in export..Valid Login
[DEBUG][2015-11-05 20:30:12,399][com.java.ImportnExport.ExportTestResultsExcel] [  301] - ..in export..Pass
[DEBUG][2015-11-05 20:30:12,399][com.java.ImportnExport.ExportTestResultsExcel] [  301] - ..in export..
[DEBUG][2015-11-05 20:30:12,400][com.java.ImportnExport.ExportTestResultsExcel] [  301] - ..in export..Thu Nov 05 20:30:07 IST 2015
[INFO ][2015-11-05 20:30:12,401][com.java.SeleniumDriver] [ 1255] - out loop:0 size:2 TestCases:[1, 2] testcases:[1, 2]
[INFO ][2015-11-05 20:30:12,401][com.java.ImportnExport.ImportTestDataDetailsExcel] [   49] - test data details path===== D:\BankersDashboard\TestInputs\TestData.xls
[INFO ][2015-11-05 20:30:29,804][com.java.SeleniumDriver] [  788] - ------------------------------------------
[INFO ][2015-11-05 20:30:29,804][com.java.SeleniumDriver] [  789] - Test case being Executed: 2
[INFO ][2015-11-05 20:30:29,804][com.java.SeleniumDriver] [  800] - Test step:1
[INFO ][2015-11-05 20:30:29,804][com.java.SeleniumDriver] [  812] - Datavalue is----------null
[DEBUG][2015-11-05 20:30:29,804][com.java.SeleniumDriver] [  830] - Exception: null
[INFO ][2015-11-05 20:30:29,804][com.java.SeleniumDriver] [  836] - DataField : LNKG/L
[INFO ][2015-11-05 20:30:29,804][com.java.SeleniumDriver] [  838] - DataValue : 
[INFO ][2015-11-05 20:30:29,804][com.java.SeleniumDriver] [  844] - <In Set values of the page>
[INFO ][2015-11-05 20:30:29,804][com.java.SeleniumDriver] [  847] - {Data Fields & Data Values Exist}
[INFO ][2015-11-05 20:30:29,804][com.java.SeleniumDriver] [  849] - --------------------------setting values-----------------------------
[INFO ][2015-11-05 20:30:29,804][com.java.SeleniumDriver] [  852] - Action Type : WAITFORELEMENT
[INFO ][2015-11-05 20:30:29,859][com.java.SeleniumDriver] [  861] -  RESULT true
[INFO ][2015-11-05 20:30:29,859][com.java.SeleniumDriver] [ 1066] - ?   P A S S   ?
[INFO ][2015-11-05 20:30:29,859][com.java.SeleniumDriver] [  788] - ------------------------------------------
[INFO ][2015-11-05 20:30:29,859][com.java.SeleniumDriver] [  789] - Test case being Executed: 2
[INFO ][2015-11-05 20:30:29,859][com.java.SeleniumDriver] [  800] - Test step:2
[INFO ][2015-11-05 20:30:29,859][com.java.SeleniumDriver] [  812] - Datavalue is----------Concept#4:1-20
[INFO ][2015-11-05 20:30:29,860][com.java.SeleniumDriver] [  836] - DataField : test
[INFO ][2015-11-05 20:30:29,860][com.java.SeleniumDriver] [  838] - DataValue : Concept#4:1-20
[INFO ][2015-11-05 20:30:29,860][com.java.SeleniumDriver] [  844] - <In Set values of the page>
[INFO ][2015-11-05 20:30:29,860][com.java.SeleniumDriver] [  847] - {Data Fields & Data Values Exist}
[INFO ][2015-11-05 20:30:29,860][com.java.SeleniumDriver] [  849] - --------------------------setting values-----------------------------
[INFO ][2015-11-05 20:30:29,860][com.java.SeleniumDriver] [  852] - Action Type : ExecuteTestCase
[INFO ][2015-11-05 20:30:29,860][com.java.TestType] [  414] - The Concept sheet name is ---------- Concept
[INFO ][2015-11-05 20:30:29,860][com.java.TestType] [  417] - The Concept ID  is ---------- 4
[DEBUG][2015-11-05 20:30:29,860][com.java.TestType] [  421] - Steps being executted in the Concept are: 1:20
[INFO ][2015-11-05 20:30:29,860][com.java.TestType] [  428] - Test data details path ---------- D:\BankersDashboard\TestInputs\TestData.xls
[INFO ][2015-11-05 20:30:29,890][com.java.TestType] [  459] -  str(1) = 4
[INFO ][2015-11-05 20:30:29,891][com.java.TestType] [  462] - Test case Id is---4
[INFO ][2015-11-05 20:30:29,891][com.java.TestType] [  464] - 4
[INFO ][2015-11-05 20:30:29,891][com.java.TestType] [  459] -  str(2) = 1
[INFO ][2015-11-05 20:30:29,892][com.java.TestType] [  511] - row values are--------{1=com.java.Objects.TestDataDetails@b48812}
[INFO ][2015-11-05 20:30:29,892][com.java.TestType] [  459] -  str(1) = 4
[INFO ][2015-11-05 20:30:29,892][com.java.TestType] [  462] - Test case Id is---4
[INFO ][2015-11-05 20:30:29,892][com.java.TestType] [  464] - 4
[INFO ][2015-11-05 20:30:29,892][com.java.TestType] [  459] -  str(2) = 2
[INFO ][2015-11-05 20:30:29,893][com.java.TestType] [  511] - row values are--------{1=com.java.Objects.TestDataDetails@b48812, 2=com.java.Objects.TestDataDetails@51c47d}
[INFO ][2015-11-05 20:30:29,893][com.java.TestType] [  459] -  str(1) = 4
[INFO ][2015-11-05 20:30:29,893][com.java.TestType] [  462] - Test case Id is---4
[INFO ][2015-11-05 20:30:29,893][com.java.TestType] [  464] - 4
[INFO ][2015-11-05 20:30:29,893][com.java.TestType] [  459] -  str(2) = 3
[INFO ][2015-11-05 20:30:29,894][com.java.TestType] [  511] - row values are--------{1=com.java.Objects.TestDataDetails@b48812, 2=com.java.Objects.TestDataDetails@51c47d, 3=com.java.Objects.TestDataDetails@196a3e5}
[INFO ][2015-11-05 20:30:29,894][com.java.TestType] [  459] -  str(1) = 4
[INFO ][2015-11-05 20:30:29,894][com.java.TestType] [  462] - Test case Id is---4
[INFO ][2015-11-05 20:30:29,894][com.java.TestType] [  464] - 4
[INFO ][2015-11-05 20:30:29,894][com.java.TestType] [  459] -  str(2) = 4
[INFO ][2015-11-05 20:30:29,895][com.java.TestType] [  511] - row values are--------{1=com.java.Objects.TestDataDetails@b48812, 2=com.java.Objects.TestDataDetails@51c47d, 3=com.java.Objects.TestDataDetails@196a3e5, 4=com.java.Objects.TestDataDetails@ec7ab1}
[INFO ][2015-11-05 20:30:29,895][com.java.TestType] [  459] -  str(1) = 4
[INFO ][2015-11-05 20:30:29,895][com.java.TestType] [  462] - Test case Id is---4
[INFO ][2015-11-05 20:30:29,895][com.java.TestType] [  464] - 4
[INFO ][2015-11-05 20:30:29,895][com.java.TestType] [  459] -  str(2) = 5
[INFO ][2015-11-05 20:30:29,897][com.java.TestType] [  511] - row values are--------{1=com.java.Objects.TestDataDetails@b48812, 2=com.java.Objects.TestDataDetails@51c47d, 3=com.java.Objects.TestDataDetails@196a3e5, 4=com.java.Objects.TestDataDetails@ec7ab1, 5=com.java.Objects.TestDataDetails@18e4285}
[INFO ][2015-11-05 20:30:29,897][com.java.TestType] [  459] -  str(1) = 4
[INFO ][2015-11-05 20:30:29,897][com.java.TestType] [  462] - Test case Id is---4
[INFO ][2015-11-05 20:30:29,897][com.java.TestType] [  464] - 4
[INFO ][2015-11-05 20:30:29,897][com.java.TestType] [  459] -  str(2) = 6
[INFO ][2015-11-05 20:30:29,898][com.java.TestType] [  511] - row values are--------{1=com.java.Objects.TestDataDetails@b48812, 2=com.java.Objects.TestDataDetails@51c47d, 3=com.java.Objects.TestDataDetails@196a3e5, 4=com.java.Objects.TestDataDetails@ec7ab1, 5=com.java.Objects.TestDataDetails@18e4285, 6=com.java.Objects.TestDataDetails@15451cc}
[INFO ][2015-11-05 20:30:29,898][com.java.TestType] [  459] -  str(1) = 4
[INFO ][2015-11-05 20:30:29,898][com.java.TestType] [  462] - Test case Id is---4
[INFO ][2015-11-05 20:30:29,898][com.java.TestType] [  464] - 4
[INFO ][2015-11-05 20:30:29,898][com.java.TestType] [  459] -  str(2) = 7
[INFO ][2015-11-05 20:30:29,899][com.java.TestType] [  511] - row values are--------{1=com.java.Objects.TestDataDetails@b48812, 2=com.java.Objects.TestDataDetails@51c47d, 3=com.java.Objects.TestDataDetails@196a3e5, 4=com.java.Objects.TestDataDetails@ec7ab1, 5=com.java.Objects.TestDataDetails@18e4285, 6=com.java.Objects.TestDataDetails@15451cc, 7=com.java.Objects.TestDataDetails@30e2db}
[INFO ][2015-11-05 20:30:29,899][com.java.TestType] [  459] -  str(1) = 4
[INFO ][2015-11-05 20:30:29,899][com.java.TestType] [  462] - Test case Id is---4
[INFO ][2015-11-05 20:30:29,899][com.java.TestType] [  464] - 4
[INFO ][2015-11-05 20:30:29,899][com.java.TestType] [  459] -  str(2) = 8
[INFO ][2015-11-05 20:30:29,899][com.java.TestType] [  511] - row values are--------{1=com.java.Objects.TestDataDetails@b48812, 2=com.java.Objects.TestDataDetails@51c47d, 3=com.java.Objects.TestDataDetails@196a3e5, 4=com.java.Objects.TestDataDetails@ec7ab1, 5=com.java.Objects.TestDataDetails@18e4285, 6=com.java.Objects.TestDataDetails@15451cc, 7=com.java.Objects.TestDataDetails@30e2db, 8=com.java.Objects.TestDataDetails@11e089d}
[INFO ][2015-11-05 20:30:29,900][com.java.TestType] [  459] -  str(1) = 4
[INFO ][2015-11-05 20:30:29,900][com.java.TestType] [  462] - Test case Id is---4
[INFO ][2015-11-05 20:30:29,900][com.java.TestType] [  464] - 4
[INFO ][2015-11-05 20:30:29,900][com.java.TestType] [  459] -  str(2) = 9
[INFO ][2015-11-05 20:30:29,901][com.java.TestType] [  511] - row values are--------{1=com.java.Objects.TestDataDetails@b48812, 2=com.java.Objects.TestDataDetails@51c47d, 3=com.java.Objects.TestDataDetails@196a3e5, 4=com.java.Objects.TestDataDetails@ec7ab1, 5=com.java.Objects.TestDataDetails@18e4285, 6=com.java.Objects.TestDataDetails@15451cc, 7=com.java.Objects.TestDataDetails@30e2db, 8=com.java.Objects.TestDataDetails@11e089d, 9=com.java.Objects.TestDataDetails@1292946}
[INFO ][2015-11-05 20:30:29,901][com.java.TestType] [  459] -  str(1) = 4
[INFO ][2015-11-05 20:30:29,901][com.java.TestType] [  462] - Test case Id is---4
[INFO ][2015-11-05 20:30:29,901][com.java.TestType] [  464] - 4
[INFO ][2015-11-05 20:30:29,901][com.java.TestType] [  459] -  str(2) = 10
[INFO ][2015-11-05 20:30:29,901][com.java.TestType] [  511] - row values are--------{1=com.java.Objects.TestDataDetails@b48812, 2=com.java.Objects.TestDataDetails@51c47d, 3=com.java.Objects.TestDataDetails@196a3e5, 4=com.java.Objects.TestDataDetails@ec7ab1, 5=com.java.Objects.TestDataDetails@18e4285, 6=com.java.Objects.TestDataDetails@15451cc, 7=com.java.Objects.TestDataDetails@30e2db, 8=com.java.Objects.TestDataDetails@11e089d, 9=com.java.Objects.TestDataDetails@1292946, 10=com.java.Objects.TestDataDetails@a82b22}
[INFO ][2015-11-05 20:30:29,902][com.java.TestType] [  459] -  str(1) = 4
[INFO ][2015-11-05 20:30:29,902][com.java.TestType] [  462] - Test case Id is---4
[INFO ][2015-11-05 20:30:29,902][com.java.TestType] [  464] - 4
[INFO ][2015-11-05 20:30:29,902][com.java.TestType] [  459] -  str(2) = 11
[INFO ][2015-11-05 20:30:29,902][com.java.TestType] [  511] - row values are--------{1=com.java.Objects.TestDataDetails@b48812, 2=com.java.Objects.TestDataDetails@51c47d, 3=com.java.Objects.TestDataDetails@196a3e5, 4=com.java.Objects.TestDataDetails@ec7ab1, 5=com.java.Objects.TestDataDetails@18e4285, 6=com.java.Objects.TestDataDetails@15451cc, 7=com.java.Objects.TestDataDetails@30e2db, 8=com.java.Objects.TestDataDetails@11e089d, 9=com.java.Objects.TestDataDetails@1292946, 10=com.java.Objects.TestDataDetails@a82b22, 11=com.java.Objects.TestDataDetails@1c09423}
[INFO ][2015-11-05 20:30:29,903][com.java.TestType] [  459] -  str(1) = 4
[INFO ][2015-11-05 20:30:29,903][com.java.TestType] [  462] - Test case Id is---4
[INFO ][2015-11-05 20:30:29,903][com.java.TestType] [  464] - 4
[INFO ][2015-11-05 20:30:29,903][com.java.TestType] [  459] -  str(2) = 12
[INFO ][2015-11-05 20:30:29,903][com.java.TestType] [  511] - row values are--------{1=com.java.Objects.TestDataDetails@b48812, 2=com.java.Objects.TestDataDetails@51c47d, 3=com.java.Objects.TestDataDetails@196a3e5, 4=com.java.Objects.TestDataDetails@ec7ab1, 5=com.java.Objects.TestDataDetails@18e4285, 6=com.java.Objects.TestDataDetails@15451cc, 7=com.java.Objects.TestDataDetails@30e2db, 8=com.java.Objects.TestDataDetails@11e089d, 9=com.java.Objects.TestDataDetails@1292946, 10=com.java.Objects.TestDataDetails@a82b22, 11=com.java.Objects.TestDataDetails@1c09423, 12=com.java.Objects.TestDataDetails@e1ef17}
[INFO ][2015-11-05 20:30:29,903][com.java.TestType] [  459] -  str(1) = 4
[INFO ][2015-11-05 20:30:29,904][com.java.TestType] [  462] - Test case Id is---4
[INFO ][2015-11-05 20:30:29,904][com.java.TestType] [  464] - 4
[INFO ][2015-11-05 20:30:29,904][com.java.TestType] [  459] -  str(2) = 13
[INFO ][2015-11-05 20:30:29,905][com.java.TestType] [  511] - row values are--------{1=com.java.Objects.TestDataDetails@b48812, 2=com.java.Objects.TestDataDetails@51c47d, 3=com.java.Objects.TestDataDetails@196a3e5, 4=com.java.Objects.TestDataDetails@ec7ab1, 5=com.java.Objects.TestDataDetails@18e4285, 6=com.java.Objects.TestDataDetails@15451cc, 7=com.java.Objects.TestDataDetails@30e2db, 8=com.java.Objects.TestDataDetails@11e089d, 9=com.java.Objects.TestDataDetails@1292946, 10=com.java.Objects.TestDataDetails@a82b22, 11=com.java.Objects.TestDataDetails@1c09423, 12=com.java.Objects.TestDataDetails@e1ef17, 13=com.java.Objects.TestDataDetails@b7f14b}
[INFO ][2015-11-05 20:30:29,905][com.java.TestType] [  459] -  str(1) = 4
[INFO ][2015-11-05 20:30:29,905][com.java.TestType] [  462] - Test case Id is---4
[INFO ][2015-11-05 20:30:29,905][com.java.TestType] [  464] - 4
[INFO ][2015-11-05 20:30:29,905][com.java.TestType] [  459] -  str(2) = 14
[INFO ][2015-11-05 20:30:29,906][com.java.TestType] [  511] - row values are--------{1=com.java.Objects.TestDataDetails@b48812, 2=com.java.Objects.TestDataDetails@51c47d, 3=com.java.Objects.TestDataDetails@196a3e5, 4=com.java.Objects.TestDataDetails@ec7ab1, 5=com.java.Objects.TestDataDetails@18e4285, 6=com.java.Objects.TestDataDetails@15451cc, 7=com.java.Objects.TestDataDetails@30e2db, 8=com.java.Objects.TestDataDetails@11e089d, 9=com.java.Objects.TestDataDetails@1292946, 10=com.java.Objects.TestDataDetails@a82b22, 11=com.java.Objects.TestDataDetails@1c09423, 12=com.java.Objects.TestDataDetails@e1ef17, 13=com.java.Objects.TestDataDetails@b7f14b, 14=com.java.Objects.TestDataDetails@15ba6f1}
[INFO ][2015-11-05 20:30:29,906][com.java.TestType] [  459] -  str(1) = 4
[INFO ][2015-11-05 20:30:29,906][com.java.TestType] [  462] - Test case Id is---4
[INFO ][2015-11-05 20:30:29,906][com.java.TestType] [  464] - 4
[INFO ][2015-11-05 20:30:29,906][com.java.TestType] [  459] -  str(2) = 15
[INFO ][2015-11-05 20:30:29,907][com.java.TestType] [  511] - row values are--------{1=com.java.Objects.TestDataDetails@b48812, 2=com.java.Objects.TestDataDetails@51c47d, 3=com.java.Objects.TestDataDetails@196a3e5, 4=com.java.Objects.TestDataDetails@ec7ab1, 5=com.java.Objects.TestDataDetails@18e4285, 6=com.java.Objects.TestDataDetails@15451cc, 7=com.java.Objects.TestDataDetails@30e2db, 8=com.java.Objects.TestDataDetails@11e089d, 9=com.java.Objects.TestDataDetails@1292946, 10=com.java.Objects.TestDataDetails@a82b22, 11=com.java.Objects.TestDataDetails@1c09423, 12=com.java.Objects.TestDataDetails@e1ef17, 13=com.java.Objects.TestDataDetails@b7f14b, 14=com.java.Objects.TestDataDetails@15ba6f1, 15=com.java.Objects.TestDataDetails@16a973f}
[INFO ][2015-11-05 20:30:29,907][com.java.TestType] [  459] -  str(1) = 4
[INFO ][2015-11-05 20:30:29,907][com.java.TestType] [  462] - Test case Id is---4
[INFO ][2015-11-05 20:30:29,907][com.java.TestType] [  464] - 4
[INFO ][2015-11-05 20:30:29,907][com.java.TestType] [  459] -  str(2) = 16
[INFO ][2015-11-05 20:30:29,908][com.java.TestType] [  511] - row values are--------{1=com.java.Objects.TestDataDetails@b48812, 2=com.java.Objects.TestDataDetails@51c47d, 3=com.java.Objects.TestDataDetails@196a3e5, 4=com.java.Objects.TestDataDetails@ec7ab1, 5=com.java.Objects.TestDataDetails@18e4285, 6=com.java.Objects.TestDataDetails@15451cc, 7=com.java.Objects.TestDataDetails@30e2db, 8=com.java.Objects.TestDataDetails@11e089d, 9=com.java.Objects.TestDataDetails@1292946, 10=com.java.Objects.TestDataDetails@a82b22, 11=com.java.Objects.TestDataDetails@1c09423, 12=com.java.Objects.TestDataDetails@e1ef17, 13=com.java.Objects.TestDataDetails@b7f14b, 14=com.java.Objects.TestDataDetails@15ba6f1, 15=com.java.Objects.TestDataDetails@16a973f, 16=com.java.Objects.TestDataDetails@bed7f2}
[INFO ][2015-11-05 20:30:29,908][com.java.TestType] [  459] -  str(1) = 4
[INFO ][2015-11-05 20:30:29,908][com.java.TestType] [  462] - Test case Id is---4
[INFO ][2015-11-05 20:30:29,908][com.java.TestType] [  464] - 4
[INFO ][2015-11-05 20:30:29,908][com.java.TestType] [  459] -  str(2) = 17
[INFO ][2015-11-05 20:30:29,909][com.java.TestType] [  511] - row values are--------{1=com.java.Objects.TestDataDetails@b48812, 2=com.java.Objects.TestDataDetails@51c47d, 3=com.java.Objects.TestDataDetails@196a3e5, 4=com.java.Objects.TestDataDetails@ec7ab1, 5=com.java.Objects.TestDataDetails@18e4285, 6=com.java.Objects.TestDataDetails@15451cc, 7=com.java.Objects.TestDataDetails@30e2db, 8=com.java.Objects.TestDataDetails@11e089d, 9=com.java.Objects.TestDataDetails@1292946, 10=com.java.Objects.TestDataDetails@a82b22, 11=com.java.Objects.TestDataDetails@1c09423, 12=com.java.Objects.TestDataDetails@e1ef17, 13=com.java.Objects.TestDataDetails@b7f14b, 14=com.java.Objects.TestDataDetails@15ba6f1, 15=com.java.Objects.TestDataDetails@16a973f, 17=com.java.Objects.TestDataDetails@6951e2, 16=com.java.Objects.TestDataDetails@bed7f2}
[INFO ][2015-11-05 20:30:29,909][com.java.TestType] [  459] -  str(1) = 4
[INFO ][2015-11-05 20:30:29,909][com.java.TestType] [  462] - Test case Id is---4
[INFO ][2015-11-05 20:30:29,909][com.java.TestType] [  464] - 4
[INFO ][2015-11-05 20:30:29,909][com.java.TestType] [  459] -  str(2) = 18
[INFO ][2015-11-05 20:30:29,910][com.java.TestType] [  511] - row values are--------{1=com.java.Objects.TestDataDetails@b48812, 2=com.java.Objects.TestDataDetails@51c47d, 3=com.java.Objects.TestDataDetails@196a3e5, 4=com.java.Objects.TestDataDetails@ec7ab1, 5=com.java.Objects.TestDataDetails@18e4285, 6=com.java.Objects.TestDataDetails@15451cc, 7=com.java.Objects.TestDataDetails@30e2db, 8=com.java.Objects.TestDataDetails@11e089d, 9=com.java.Objects.TestDataDetails@1292946, 10=com.java.Objects.TestDataDetails@a82b22, 11=com.java.Objects.TestDataDetails@1c09423, 12=com.java.Objects.TestDataDetails@e1ef17, 13=com.java.Objects.TestDataDetails@b7f14b, 14=com.java.Objects.TestDataDetails@15ba6f1, 15=com.java.Objects.TestDataDetails@16a973f, 17=com.java.Objects.TestDataDetails@6951e2, 16=com.java.Objects.TestDataDetails@bed7f2, 18=com.java.Objects.TestDataDetails@107d752}
[INFO ][2015-11-05 20:30:29,910][com.java.TestType] [  459] -  str(1) = 4
[INFO ][2015-11-05 20:30:29,910][com.java.TestType] [  462] - Test case Id is---4
[INFO ][2015-11-05 20:30:29,910][com.java.TestType] [  464] - 4
[INFO ][2015-11-05 20:30:29,910][com.java.TestType] [  459] -  str(2) = 19
[INFO ][2015-11-05 20:30:29,911][com.java.TestType] [  511] - row values are--------{1=com.java.Objects.TestDataDetails@b48812, 2=com.java.Objects.TestDataDetails@51c47d, 3=com.java.Objects.TestDataDetails@196a3e5, 4=com.java.Objects.TestDataDetails@ec7ab1, 5=com.java.Objects.TestDataDetails@18e4285, 6=com.java.Objects.TestDataDetails@15451cc, 7=com.java.Objects.TestDataDetails@30e2db, 8=com.java.Objects.TestDataDetails@11e089d, 9=com.java.Objects.TestDataDetails@1292946, 10=com.java.Objects.TestDataDetails@a82b22, 11=com.java.Objects.TestDataDetails@1c09423, 12=com.java.Objects.TestDataDetails@e1ef17, 13=com.java.Objects.TestDataDetails@b7f14b, 14=com.java.Objects.TestDataDetails@15ba6f1, 15=com.java.Objects.TestDataDetails@16a973f, 17=com.java.Objects.TestDataDetails@6951e2, 16=com.java.Objects.TestDataDetails@bed7f2, 19=com.java.Objects.TestDataDetails@b29138, 18=com.java.Objects.TestDataDetails@107d752}
[INFO ][2015-11-05 20:30:29,911][com.java.TestType] [  459] -  str(1) = 4
[INFO ][2015-11-05 20:30:29,911][com.java.TestType] [  462] - Test case Id is---4
[INFO ][2015-11-05 20:30:29,911][com.java.TestType] [  464] - 4
[INFO ][2015-11-05 20:30:29,911][com.java.TestType] [  459] -  str(2) = 20
[INFO ][2015-11-05 20:30:29,912][com.java.TestType] [  511] - row values are--------{1=com.java.Objects.TestDataDetails@b48812, 2=com.java.Objects.TestDataDetails@51c47d, 3=com.java.Objects.TestDataDetails@196a3e5, 4=com.java.Objects.TestDataDetails@ec7ab1, 5=com.java.Objects.TestDataDetails@18e4285, 6=com.java.Objects.TestDataDetails@15451cc, 7=com.java.Objects.TestDataDetails@30e2db, 8=com.java.Objects.TestDataDetails@11e089d, 9=com.java.Objects.TestDataDetails@1292946, 10=com.java.Objects.TestDataDetails@a82b22, 11=com.java.Objects.TestDataDetails@1c09423, 12=com.java.Objects.TestDataDetails@e1ef17, 13=com.java.Objects.TestDataDetails@b7f14b, 14=com.java.Objects.TestDataDetails@15ba6f1, 15=com.java.Objects.TestDataDetails@16a973f, 17=com.java.Objects.TestDataDetails@6951e2, 16=com.java.Objects.TestDataDetails@bed7f2, 19=com.java.Objects.TestDataDetails@b29138, 18=com.java.Objects.TestDataDetails@107d752, 20=com.java.Objects.TestDataDetails@b4f107}
[INFO ][2015-11-05 20:30:29,913][com.java.TestType] [ 7986] - Looping 1TCID = 4
[DEBUG][2015-11-05 20:30:29,913][com.java.TestType] [ 8027] - Concept ID:4 :: Step being Executed: 4::1
[ERROR][2015-11-05 20:30:29,913][com.java.TestType] [ 8060] - Exception: null
[INFO ][2015-11-05 20:30:29,913][com.java.TestType] [ 8065] - dataFields : LNKG/L
[DEBUG][2015-11-05 20:30:29,913][com.java.TestType] [ 8071] - <In Set values of the page>
[DEBUG][2015-11-05 20:30:29,913][com.java.TestType] [ 8076] - {Data Fields & Data Values Exist}
[INFO ][2015-11-05 20:30:29,913][com.java.TestType] [ 8082] - --------------------------setting values-----------------------------
[INFO ][2015-11-05 20:30:29,913][com.java.TestType] [ 8085] - Action Type : WAITFORELEMENT
[INFO ][2015-11-05 20:30:29,967][com.java.TestType] [ 8104] -  RESULT true
[INFO ][2015-11-05 20:30:29,967][com.java.TestType] [ 8221] - ?   P A S S   ?
[DEBUG][2015-11-05 20:30:29,967][com.java.TestType] [ 8027] - Concept ID:4 :: Step being Executed: 4::2
[ERROR][2015-11-05 20:30:29,967][com.java.TestType] [ 8060] - Exception: null
[INFO ][2015-11-05 20:30:29,967][com.java.TestType] [ 8065] - dataFields : XPH//div[@class="menu"]//span[@class="icon-pencil2"]
[DEBUG][2015-11-05 20:30:29,967][com.java.TestType] [ 8071] - <In Set values of the page>
[DEBUG][2015-11-05 20:30:29,967][com.java.TestType] [ 8076] - {Data Fields & Data Values Exist}
[INFO ][2015-11-05 20:30:29,968][com.java.TestType] [ 8082] - --------------------------setting values-----------------------------
[INFO ][2015-11-05 20:30:29,968][com.java.TestType] [ 8085] - Action Type : CLICK
[INFO ][2015-11-05 20:30:29,968][com.java.TestType] [ 4150] - Field ::XPH//div[@class="menu"]//span[@class="icon-pencil2"]
[INFO ][2015-11-05 20:30:30,968][com.java.TestType] [ 4209] - BEFORE CLICK
[INFO ][2015-11-05 20:30:32,064][com.java.TestType] [ 4217] - Unable to click the object Edit Content
[INFO ][2015-11-05 20:30:32,064][com.java.TestType] [ 8104] -  RESULT true
[INFO ][2015-11-05 20:30:32,064][com.java.TestType] [ 8221] - ?   P A S S   ?
[DEBUG][2015-11-05 20:30:32,064][com.java.TestType] [ 8027] - Concept ID:4 :: Step being Executed: 4::3
[ERROR][2015-11-05 20:30:32,064][com.java.TestType] [ 8060] - Exception: null
[INFO ][2015-11-05 20:30:32,064][com.java.TestType] [ 8065] - dataFields : test
[DEBUG][2015-11-05 20:30:32,064][com.java.TestType] [ 8071] - <In Set values of the page>
[DEBUG][2015-11-05 20:30:32,064][com.java.TestType] [ 8076] - {Data Fields & Data Values Exist}
[INFO ][2015-11-05 20:30:32,064][com.java.TestType] [ 8082] - --------------------------setting values-----------------------------
[INFO ][2015-11-05 20:30:32,064][com.java.TestType] [ 8085] - Action Type : WaitTime
[DEBUG][2015-11-05 20:30:32,065][com.java.TestType] [ 3736] - sleepTime: 10000
[INFO ][2015-11-05 20:30:42,067][com.java.TestType] [ 8104] -  RESULT true
[INFO ][2015-11-05 20:30:42,067][com.java.TestType] [ 8221] - ?   P A S S   ?
[DEBUG][2015-11-05 20:30:42,067][com.java.TestType] [ 8027] - Concept ID:4 :: Step being Executed: 4::4
[ERROR][2015-11-05 20:30:42,067][com.java.TestType] [ 8060] - Exception: null
[INFO ][2015-11-05 20:30:42,067][com.java.TestType] [ 8065] - dataFields : XPH//div[contains(text(),'Fed Funds Futures Curve')]/following-sibling::div//span[@class="icon-remove"]
[DEBUG][2015-11-05 20:30:42,067][com.java.TestType] [ 8071] - <In Set values of the page>
[DEBUG][2015-11-05 20:30:42,067][com.java.TestType] [ 8076] - {Data Fields & Data Values Exist}
[INFO ][2015-11-05 20:30:42,067][com.java.TestType] [ 8082] - --------------------------setting values-----------------------------
[INFO ][2015-11-05 20:30:42,067][com.java.TestType] [ 8085] - Action Type : VERIFY
[INFO ][2015-11-05 20:30:42,068][com.java.TestType] [ 4963] - field= XPH//div[contains(text(),'Fed Funds Futures Curve')]/following-sibling::div//span[@class="icon-remove"] value= 
[INFO ][2015-11-05 20:30:42,068][com.java.TestType] [ 8104] -  RESULT false
[INFO ][2015-11-05 20:30:42,068][com.java.TestType] [ 8142] - ?   F A I L   ?
[DEBUG][2015-11-05 20:30:42,068][com.java.TestType] [ 8145] - Browser Type : IE11
[DEBUG][2015-11-05 20:30:42,068][com.java.TestType] [ 8027] - Concept ID:4 :: Step being Executed: 4::8
[ERROR][2015-11-05 20:30:42,068][com.java.TestType] [ 8060] - Exception: null
[INFO ][2015-11-05 20:30:42,068][com.java.TestType] [ 8065] - dataFields : XPH//div[contains(text(),'My Favorite Report')]/following-sibling::div//span[@class="icon-remove"]
[DEBUG][2015-11-05 20:30:42,068][com.java.TestType] [ 8071] - <In Set values of the page>
[DEBUG][2015-11-05 20:30:42,068][com.java.TestType] [ 8076] - {Data Fields & Data Values Exist}
[INFO ][2015-11-05 20:30:42,069][com.java.TestType] [ 8082] - --------------------------setting values-----------------------------
[INFO ][2015-11-05 20:30:42,069][com.java.TestType] [ 8085] - Action Type : VERIFY
[INFO ][2015-11-05 20:30:42,069][com.java.TestType] [ 4963] - field= XPH//div[contains(text(),'My Favorite Report')]/following-sibling::div//span[@class="icon-remove"] value= 
[INFO ][2015-11-05 20:30:42,069][com.java.TestType] [ 8104] -  RESULT false
[INFO ][2015-11-05 20:30:42,069][com.java.TestType] [ 8142] - ?   F A I L   ?
[DEBUG][2015-11-05 20:30:42,070][com.java.TestType] [ 8145] - Browser Type : IE11
[DEBUG][2015-11-05 20:30:42,070][com.java.TestType] [ 8027] - Concept ID:4 :: Step being Executed: 4::12
[ERROR][2015-11-05 20:30:42,070][com.java.TestType] [ 8060] - Exception: null
[INFO ][2015-11-05 20:30:42,070][com.java.TestType] [ 8065] - dataFields : XPH//div[contains(text(),'My Margin')]/following-sibling::div//span[@class="icon-remove"]
[DEBUG][2015-11-05 20:30:42,070][com.java.TestType] [ 8071] - <In Set values of the page>
[DEBUG][2015-11-05 20:30:42,070][com.java.TestType] [ 8076] - {Data Fields & Data Values Exist}
[INFO ][2015-11-05 20:30:42,070][com.java.TestType] [ 8082] - --------------------------setting values-----------------------------
[INFO ][2015-11-05 20:30:42,070][com.java.TestType] [ 8085] - Action Type : VERIFY
[INFO ][2015-11-05 20:30:42,070][com.java.TestType] [ 4963] - field= XPH//div[contains(text(),'My Margin')]/following-sibling::div//span[@class="icon-remove"] value= 
[INFO ][2015-11-05 20:30:42,070][com.java.TestType] [ 8104] -  RESULT false
[INFO ][2015-11-05 20:30:42,070][com.java.TestType] [ 8142] - ?   F A I L   ?
[DEBUG][2015-11-05 20:30:42,070][com.java.TestType] [ 8145] - Browser Type : IE11
[DEBUG][2015-11-05 20:30:42,071][com.java.TestType] [ 8027] - Concept ID:4 :: Step being Executed: 4::16
[ERROR][2015-11-05 20:30:42,071][com.java.TestType] [ 8060] - Exception: null
[INFO ][2015-11-05 20:30:42,071][com.java.TestType] [ 8065] - dataFields : XPH//div[contains(text(),'New/Renewed Loans vs CD')]/following-sibling::div//span[@class="icon-remove"]
[DEBUG][2015-11-05 20:30:42,071][com.java.TestType] [ 8071] - <In Set values of the page>
[DEBUG][2015-11-05 20:30:42,071][com.java.TestType] [ 8076] - {Data Fields & Data Values Exist}
[INFO ][2015-11-05 20:30:42,071][com.java.TestType] [ 8082] - --------------------------setting values-----------------------------
[INFO ][2015-11-05 20:30:42,071][com.java.TestType] [ 8085] - Action Type : VERIFY
[INFO ][2015-11-05 20:30:42,071][com.java.TestType] [ 4963] - field= XPH//div[contains(text(),'New/Renewed Loans vs CD')]/following-sibling::div//span[@class="icon-remove"] value= 
[INFO ][2015-11-05 20:30:42,071][com.java.TestType] [ 8104] -  RESULT false
[INFO ][2015-11-05 20:30:42,071][com.java.TestType] [ 8142] - ?   F A I L   ?
[DEBUG][2015-11-05 20:30:42,071][com.java.TestType] [ 8145] - Browser Type : IE11
[DEBUG][2015-11-05 20:30:42,071][com.java.TestType] [ 8027] - Concept ID:4 :: Step being Executed: 4::20
[ERROR][2015-11-05 20:30:42,072][com.java.TestType] [ 8060] - Exception: null
[INFO ][2015-11-05 20:30:42,072][com.java.TestType] [ 8065] - dataFields : XPH//div[@class="menu"]//span[@class="icon-pencil2"]
[DEBUG][2015-11-05 20:30:42,072][com.java.TestType] [ 8071] - <In Set values of the page>
[DEBUG][2015-11-05 20:30:42,072][com.java.TestType] [ 8076] - {Data Fields & Data Values Exist}
[INFO ][2015-11-05 20:30:42,072][com.java.TestType] [ 8082] - --------------------------setting values-----------------------------
[INFO ][2015-11-05 20:30:42,072][com.java.TestType] [ 8085] - Action Type : CLICK
[INFO ][2015-11-05 20:30:42,072][com.java.TestType] [ 4150] - Field ::XPH//div[@class="menu"]//span[@class="icon-pencil2"]
[INFO ][2015-11-05 20:30:43,072][com.java.TestType] [ 4209] - BEFORE CLICK
[INFO ][2015-11-05 20:30:44,171][com.java.TestType] [ 4217] - Unable to click the object Edit Content
[INFO ][2015-11-05 20:30:44,171][com.java.TestType] [ 8104] -  RESULT true
[INFO ][2015-11-05 20:30:44,171][com.java.TestType] [ 8221] - ?   P A S S   ?
[INFO ][2015-11-05 20:30:44,171][com.java.TestType] [ 8292] - Looping End......
[INFO ][2015-11-05 20:30:44,175][com.java.SeleniumDriver] [  861] -  RESULT true
[INFO ][2015-11-05 20:30:44,175][com.java.SeleniumDriver] [ 1066] - ?   P A S S   ?
[INFO ][2015-11-05 20:30:44,175][com.java.SeleniumDriver] [  788] - ------------------------------------------
[INFO ][2015-11-05 20:30:44,175][com.java.SeleniumDriver] [  789] - Test case being Executed: 2
[INFO ][2015-11-05 20:30:44,175][com.java.SeleniumDriver] [  800] - Test step:3
[INFO ][2015-11-05 20:30:44,175][com.java.SeleniumDriver] [  812] - Datavalue is----------null
[DEBUG][2015-11-05 20:30:44,175][com.java.SeleniumDriver] [  830] - Exception: null
[INFO ][2015-11-05 20:30:44,175][com.java.SeleniumDriver] [  836] - DataField : XPH//div[@class="menu"]//span[@class="icon-plus"]
[INFO ][2015-11-05 20:30:44,175][com.java.SeleniumDriver] [  838] - DataValue : 
[INFO ][2015-11-05 20:30:44,176][com.java.SeleniumDriver] [  844] - <In Set values of the page>
[INFO ][2015-11-05 20:30:44,176][com.java.SeleniumDriver] [  847] - {Data Fields & Data Values Exist}
[INFO ][2015-11-05 20:30:44,176][com.java.SeleniumDriver] [  849] - --------------------------setting values-----------------------------
[INFO ][2015-11-05 20:30:44,176][com.java.SeleniumDriver] [  852] - Action Type : CLICK
[INFO ][2015-11-05 20:30:44,176][com.java.TestType] [ 4150] - Field ::XPH//div[@class="menu"]//span[@class="icon-plus"]
[INFO ][2015-11-05 20:30:45,176][com.java.TestType] [ 4209] - BEFORE CLICK
[INFO ][2015-11-05 20:30:46,693][com.java.TestType] [ 4217] - Unable to click the object Add Content
[INFO ][2015-11-05 20:30:46,693][com.java.SeleniumDriver] [  861] -  RESULT true
[INFO ][2015-11-05 20:30:46,693][com.java.SeleniumDriver] [ 1066] - ?   P A S S   ?
[INFO ][2015-11-05 20:30:46,693][com.java.SeleniumDriver] [  788] - ------------------------------------------
[INFO ][2015-11-05 20:30:46,693][com.java.SeleniumDriver] [  789] - Test case being Executed: 2
[INFO ][2015-11-05 20:30:46,693][com.java.SeleniumDriver] [  800] - Test step:4
[INFO ][2015-11-05 20:30:46,693][com.java.SeleniumDriver] [  812] - Datavalue is----------null
[DEBUG][2015-11-05 20:30:46,693][com.java.SeleniumDriver] [  830] - Exception: null
[INFO ][2015-11-05 20:30:46,693][com.java.SeleniumDriver] [  836] - DataField : XPH//span[contains(text(),'My Dashboard Modules')]
[INFO ][2015-11-05 20:30:46,693][com.java.SeleniumDriver] [  838] - DataValue : 
[INFO ][2015-11-05 20:30:46,693][com.java.SeleniumDriver] [  844] - <In Set values of the page>
[INFO ][2015-11-05 20:30:46,693][com.java.SeleniumDriver] [  847] - {Data Fields & Data Values Exist}
[INFO ][2015-11-05 20:30:46,694][com.java.SeleniumDriver] [  849] - --------------------------setting values-----------------------------
[INFO ][2015-11-05 20:30:46,694][com.java.SeleniumDriver] [  852] - Action Type : WAITFORELEMENT
[INFO ][2015-11-05 20:30:46,727][com.java.SeleniumDriver] [  861] -  RESULT true
[INFO ][2015-11-05 20:30:46,727][com.java.SeleniumDriver] [ 1066] - ?   P A S S   ?
[INFO ][2015-11-05 20:30:46,727][com.java.SeleniumDriver] [  788] - ------------------------------------------
[INFO ][2015-11-05 20:30:46,727][com.java.SeleniumDriver] [  789] - Test case being Executed: 2
[INFO ][2015-11-05 20:30:46,727][com.java.SeleniumDriver] [  800] - Test step:5
[INFO ][2015-11-05 20:30:46,727][com.java.SeleniumDriver] [  812] - Datavalue is----------null
[DEBUG][2015-11-05 20:30:46,727][com.java.SeleniumDriver] [  830] - Exception: null
[INFO ][2015-11-05 20:30:46,727][com.java.SeleniumDriver] [  836] - DataField : BTNframeDialogContent
[INFO ][2015-11-05 20:30:46,727][com.java.SeleniumDriver] [  838] - DataValue : 
[INFO ][2015-11-05 20:30:46,728][com.java.SeleniumDriver] [  844] - <In Set values of the page>
[INFO ][2015-11-05 20:30:46,728][com.java.SeleniumDriver] [  847] - {Data Fields & Data Values Exist}
[INFO ][2015-11-05 20:30:46,728][com.java.SeleniumDriver] [  849] - --------------------------setting values-----------------------------
[INFO ][2015-11-05 20:30:46,728][com.java.SeleniumDriver] [  852] - Action Type : SELECTFRAME
[INFO ][2015-11-05 20:30:47,996][com.java.SeleniumDriver] [  861] -  RESULT true
[INFO ][2015-11-05 20:30:47,996][com.java.SeleniumDriver] [ 1066] - ?   P A S S   ?
[INFO ][2015-11-05 20:30:47,996][com.java.SeleniumDriver] [  788] - ------------------------------------------
[INFO ][2015-11-05 20:30:47,996][com.java.SeleniumDriver] [  789] - Test case being Executed: 2
[INFO ][2015-11-05 20:30:47,996][com.java.SeleniumDriver] [  800] - Test step:6
[INFO ][2015-11-05 20:30:47,996][com.java.SeleniumDriver] [  812] - Datavalue is----------null
[DEBUG][2015-11-05 20:30:47,996][com.java.SeleniumDriver] [  830] - Exception: null
[INFO ][2015-11-05 20:30:47,996][com.java.SeleniumDriver] [  836] - DataField : XPH//label[contains(text(),'I want to add an')]/preceding-sibling::input
[INFO ][2015-11-05 20:30:47,997][com.java.SeleniumDriver] [  838] - DataValue : 
[INFO ][2015-11-05 20:30:47,997][com.java.SeleniumDriver] [  844] - <In Set values of the page>
[INFO ][2015-11-05 20:30:47,997][com.java.SeleniumDriver] [  847] - {Data Fields & Data Values Exist}
[INFO ][2015-11-05 20:30:47,997][com.java.SeleniumDriver] [  849] - --------------------------setting values-----------------------------
[INFO ][2015-11-05 20:30:47,997][com.java.SeleniumDriver] [  852] - Action Type : CLICK
[INFO ][2015-11-05 20:30:47,998][com.java.TestType] [ 4150] - Field ::XPH//label[contains(text(),'I want to add an')]/preceding-sibling::input
[INFO ][2015-11-05 20:30:48,998][com.java.TestType] [ 4209] - BEFORE CLICK
[INFO ][2015-11-05 20:30:49,806][com.java.TestType] [ 4217] - Unable to click the object Radio button
[INFO ][2015-11-05 20:30:49,806][com.java.SeleniumDriver] [  861] -  RESULT true
[INFO ][2015-11-05 20:30:49,806][com.java.SeleniumDriver] [ 1066] - ?   P A S S   ?
[INFO ][2015-11-05 20:30:49,806][com.java.SeleniumDriver] [  788] - ------------------------------------------
[INFO ][2015-11-05 20:30:49,806][com.java.SeleniumDriver] [  789] - Test case being Executed: 2
[INFO ][2015-11-05 20:30:49,806][com.java.SeleniumDriver] [  800] - Test step:7
[INFO ][2015-11-05 20:30:49,806][com.java.SeleniumDriver] [  812] - Datavalue is----------null
[DEBUG][2015-11-05 20:30:49,806][com.java.SeleniumDriver] [  830] - Exception: null
[INFO ][2015-11-05 20:30:49,806][com.java.SeleniumDriver] [  836] - DataField : BTNnextButton
[INFO ][2015-11-05 20:30:49,806][com.java.SeleniumDriver] [  838] - DataValue : 
[INFO ][2015-11-05 20:30:49,806][com.java.SeleniumDriver] [  844] - <In Set values of the page>
[INFO ][2015-11-05 20:30:49,806][com.java.SeleniumDriver] [  847] - {Data Fields & Data Values Exist}
[INFO ][2015-11-05 20:30:49,806][com.java.SeleniumDriver] [  849] - --------------------------setting values-----------------------------
[INFO ][2015-11-05 20:30:49,807][com.java.SeleniumDriver] [  852] - Action Type : CLICK
[INFO ][2015-11-05 20:30:49,807][com.java.TestType] [ 4150] - Field ::BTNnextButton
[INFO ][2015-11-05 20:30:50,807][com.java.TestType] [ 4188] - BEFORE CLICK
[INFO ][2015-11-05 20:30:52,297][com.java.TestType] [ 4195] - Unable to click the object Next
[INFO ][2015-11-05 20:30:52,297][com.java.SeleniumDriver] [  861] -  RESULT true
[INFO ][2015-11-05 20:30:52,297][com.java.SeleniumDriver] [ 1066] - ?   P A S S   ?
[INFO ][2015-11-05 20:30:52,297][com.java.SeleniumDriver] [  788] - ------------------------------------------
[INFO ][2015-11-05 20:30:52,297][com.java.SeleniumDriver] [  789] - Test case being Executed: 2
[INFO ][2015-11-05 20:30:52,297][com.java.SeleniumDriver] [  800] - Test step:8
[INFO ][2015-11-05 20:30:52,297][com.java.SeleniumDriver] [  812] - Datavalue is----------null
[DEBUG][2015-11-05 20:30:52,297][com.java.SeleniumDriver] [  830] - Exception: null
[INFO ][2015-11-05 20:30:52,297][com.java.SeleniumDriver] [  836] - DataField : XPH//contains[@id='myNewModule']
[INFO ][2015-11-05 20:30:52,297][com.java.SeleniumDriver] [  838] - DataValue : 
[INFO ][2015-11-05 20:30:52,298][com.java.SeleniumDriver] [  844] - <In Set values of the page>
[INFO ][2015-11-05 20:30:52,298][com.java.SeleniumDriver] [  847] - {Data Fields & Data Values Exist}
[INFO ][2015-11-05 20:30:52,298][com.java.SeleniumDriver] [  849] - --------------------------setting values-----------------------------
[INFO ][2015-11-05 20:30:52,298][com.java.SeleniumDriver] [  852] - Action Type : CLICK
[INFO ][2015-11-05 20:30:52,298][com.java.TestType] [ 4150] - Field ::XPH//contains[@id='myNewModule']
[INFO ][2015-11-05 20:30:53,298][com.java.TestType] [ 4209] - BEFORE CLICK
[ERROR][2015-11-05 20:30:53,627][com.java.TestType] [ 4383] - Exception in click:: Element //contains[@id='myNewModule'] not found
[INFO ][2015-11-05 20:30:53,627][com.java.TestType] [ 4387] - Element :://contains[@id='myNewModule']:: not found
[INFO ][2015-11-05 20:30:53,627][com.java.SeleniumDriver] [  861] -  RESULT false
[INFO ][2015-11-05 20:30:53,627][com.java.SeleniumDriver] [  908] - ?   F A I L   ?
[INFO ][2015-11-05 20:30:53,627][com.java.SeleniumDriver] [  916] - Browser Type : IE11
[INFO ][2015-11-05 20:30:53,628][com.java.SeleniumDriver] [  917] - Adding Failed case2
[INFO ][2015-11-05 20:30:54,406][com.java.SeleniumDriver] [ 1030] - failedCases = 2
[ERROR][2015-11-05 20:30:54,407][com.java.SeleniumDriver] [ 1516] - Platform Errors : Our apologies...::We have encountered an issue with your request.::Our apologies?:We encountered an issue with your request.
[INFO ][2015-11-05 20:30:54,407][com.java.SeleniumDriver] [ 1520] - Length =3
[ERROR][2015-11-05 20:30:54,407][com.java.SeleniumDriver] [ 1523] - Error 0 = Our apologies...
[ERROR][2015-11-05 20:30:54,480][com.java.SeleniumDriver] [ 1523] - Error 1 = We have encountered an issue with your request.
[ERROR][2015-11-05 20:30:54,493][com.java.SeleniumDriver] [ 1523] - Error 2 = Our apologies?:We encountered an issue with your request.
[DEBUG][2015-11-05 20:30:54,519][com.java.SeleniumDriver] [ 1168] - Case found
[DEBUG][2015-11-05 20:30:54,519][com.java.SeleniumDriver] [ 1173] - Incrementing ReportCounters[0]:2
[INFO ][2015-11-05 20:30:54,519][com.java.SeleniumDriver] [ 1192] - The results are-------------------[2, 8, Add content, Fail, 
Test case failed at Step No. :: 8   Error Message ::  Element :://contains[@id='myNewModule']:: not found. Screen Shot : D:\BankersDashboard\TestReports\110515\2_110515_203053_IE11.png, Thu Nov 05 20:30:54 IST 2015]
[INFO ][2015-11-05 20:30:54,519][com.java.SeleniumDriver] [ 1196] - End time is-------1 min 31 sec
[INFO ][2015-11-05 20:30:54,519][com.java.SeleniumDriver] [ 1197] - The results are-------------------[2, 8, Add content, Fail, 
Test case failed at Step No. :: 8   Error Message ::  Element :://contains[@id='myNewModule']:: not found. Screen Shot : D:\BankersDashboard\TestReports\110515\2_110515_203053_IE11.png, Thu Nov 05 20:30:54 IST 2015]
[DEBUG][2015-11-05 20:30:54,519][com.java.ImportnExport.ExportTestResultsExcel] [  222] - testResultPath = D:\BankersDashboard/TestReports/Test Results_BankersDashBoard_110515_202925_IE11_Any Bank USA.xls
[DEBUG][2015-11-05 20:30:54,519][com.java.ImportnExport.ExportTestResultsExcel] [  223] - browser is------------IE11
[DEBUG][2015-11-05 20:30:54,521][com.java.ImportnExport.ExportTestResultsExcel] [  270] - result.size() = 6
[DEBUG][2015-11-05 20:30:54,521][com.java.ImportnExport.ExportTestResultsExcel] [  274] - No of rows in sheet=2
[DEBUG][2015-11-05 20:30:54,521][com.java.ImportnExport.ExportTestResultsExcel] [  301] - ..in export..2
[DEBUG][2015-11-05 20:30:54,521][com.java.ImportnExport.ExportTestResultsExcel] [  301] - ..in export..Add content
[DEBUG][2015-11-05 20:30:54,521][com.java.ImportnExport.ExportTestResultsExcel] [  301] - ..in export..Fail
[DEBUG][2015-11-05 20:30:54,522][com.java.ImportnExport.ExportTestResultsExcel] [  301] - ..in export..
Test case failed at Step No. :: 8   Error Message ::  Element :://contains[@id='myNewModule']:: not found. Screen Shot : D:\BankersDashboard\TestReports\110515\2_110515_203053_IE11.png
[DEBUG][2015-11-05 20:30:54,522][com.java.ImportnExport.ExportTestResultsExcel] [  301] - ..in export..Thu Nov 05 20:30:54 IST 2015
[INFO ][2015-11-05 20:30:54,523][com.java.SeleniumDriver] [ 1255] - out loop:1 size:2 TestCases:[1, 2] testcases:[1, 2]
[INFO ][2015-11-05 20:30:56,524][com.java.SeleniumDriver] [ 1297] - Total Number of Cases:2
[INFO ][2015-11-05 20:30:56,524][com.java.TemplateGenerator] [  302] - Executed:2
[INFO ][2015-11-05 20:30:56,524][com.java.TemplateGenerator] [  303] - Passed:1
[INFO ][2015-11-05 20:30:56,524][com.java.TemplateGenerator] [  304] - Failed:1
[INFO ][2015-11-05 20:30:56,524][com.java.TemplateGenerator] [  305] - Skipeed:0
[INFO ][2015-11-05 20:30:56,524][com.java.TemplateGenerator] [  306] - Application URL:https://clients-xuat.bankersdashboard.com
[INFO ][2015-11-05 20:30:56,524][com.java.TemplateGenerator] [  307] - Start Time:110515_202925
[INFO ][2015-11-05 20:30:56,524][com.java.TemplateGenerator] [  308] -  Creating HTML Report 
[ERROR][2015-11-05 20:30:56,525][com.java.TemplateGenerator] [  409] - Unparseable date: "Thu Nov 05 08:29:25 IST 2015"
[INFO ][2015-11-05 20:30:56,525][com.java.TemplateGenerator] [  654] -  Exporting case :: 1
[INFO ][2015-11-05 20:30:56,525][com.java.TemplateGenerator] [  654] -  Exporting case :: 2
[INFO ][2015-11-05 20:30:56,529][com.java.SeleniumDriver] [ 1346] - End Time:110515_203056
[INFO ][2015-11-05 20:30:56,530][com.java.SeleniumDriver] [ 1349] - Data in Test Execution Details:{1=PASS, 2=FAILTest case failed at Step No. :: 8   Error Message ::  Element :://contains[@id='myNewModule']:: not found}
[INFO ][2015-11-05 20:30:56,530][com.java.SeleniumDriver] [ 1350] - Data in Failed Execution Deatils:{}
[INFO ][2015-11-05 20:30:56,530][com.java.SeleniumDriver] [ 1352] - ReportCounter:Total:2 :: PASS: 1 ::FAIL: 1
[INFO ][2015-11-05 20:30:56,530][com.java.SeleniumDriver] [ 1353] - FailedReportCounter:Total:0 :: PASS: 0 ::FAIL: 0
[INFO ][2015-11-05 20:30:56,537][com.java.EmailTestReport] [   63] - Sending report mail details:
[INFO ][2015-11-05 20:30:56,537][com.java.EmailTestReport] [   80] - Excel Report Path:D:\BankersDashboard/TestReports/Test Results_BankersDashBoard_110515_202925_IE11_Any Bank USA.xls
[INFO ][2015-11-05 20:30:56,537][com.java.EmailTestReport] [   81] - HTML Report Path:D:\BankersDashboard//TestReports//Test Results_BankersDashBoard_110515_202925_IE11_Any Bank USA.html
[INFO ][2015-11-05 20:30:56,537][com.java.EmailTestReport] [   82] - smtpHostName:mail01.valuelabs.com
[INFO ][2015-11-05 20:30:56,537][com.java.EmailTestReport] [   83] - Recipient:venkateswararao.gubbala@valuelabs.com
[INFO ][2015-11-05 20:30:56,537][com.java.EmailTestReport] [   84] - From:venkateswararao.gubbala@valuelabs.com
[INFO ][2015-11-05 20:30:56,537][com.java.EmailTestReport] [   85] - Subject:Deluxe Corp Bankers Dashboard Automation Test Report - Any Bank USA - IE11
[INFO ][2015-11-05 20:30:56,553][com.java.EmailTestReport] [  143] -  Added venkateswararao.gubbala@valuelabs.com
[INFO ][2015-11-05 20:30:59,950][com.java.SeleniumDriver] [  719] - quitting the browser 
