[INFO ][2016-01-18 17:35:59,950][com.java.SeleniumDriver] [  213] - Execute Failed Casesfalse
[INFO ][2016-01-18 17:35:59,950][com.java.SeleniumDriver] [  214] - Browser: IE10
[INFO ][2016-01-18 17:35:59,951][com.java.SeleniumDriver] [  215] - [1, 37, 38, 39, 40]
[INFO ][2016-01-18 17:35:59,951][com.java.SeleniumDriver] [  216] - Total TestCases:5
[INFO ][2016-01-18 17:35:59,951][com.java.SeleniumDriver] [  217] -  Reading Properties from Property File 
[DEBUG][2016-01-18 17:35:59,951][com.java.SeleniumDriver] [  238] - url : https://clients-xuat.bankersdashboard.com
[INFO ][2016-01-18 17:35:59,952][com.java.ImportnExport.ExportTestResultsExcel] [  116] - Time Stamp Mon Jan 18 05:35:59 IST 2016
[INFO ][2016-01-18 17:35:59,952][com.java.ImportnExport.ExportTestResultsExcel] [  175] - OUT FILE : D:\BankersDashboard/TestReports/Test Results_BankersDashBoard_011816_173559_IE10_Any Bank USA.xls
[INFO ][2016-01-18 17:35:59,981][com.java.ImportnExport.ExportTestResultsExcel] [  180] - Test Result file is created
[DEBUG][2016-01-18 17:36:00,091][com.java.SeleniumDriver] [  426] - Hub ip address is-------172.17.68.34
[INFO ][2016-01-18 17:36:00,092][com.java.SeleniumDriver] [  452] - Grid URL:http://172.17.68.34:4444/wd/hub
[INFO ][2016-01-18 17:36:00,093][com.java.SeleniumDriver] [  453] - Capability:Capabilities [{platform=ANY, ensureCleanSession=true, ignoreProtectedModeSettings=true, acceptSslCerts=true, ignoreZoomSetting=true, browserName=internet explorer, browserstack.ie.noFlash=true, version=null}]
[ERROR][2016-01-18 17:36:01,403][com.java.SeleniumDriver] [  498] - Unable invoke browser in grid:Could not start a new session. Possible causes are invalid address of the remote server or browser start-up failure.
Build info: version: '2.48.2', revision: '41bccdd', time: '2015-10-09 19:59:12'
System info: host: 'FVTIII438F1D', ip: '172.17.68.34', os.name: 'Windows 7', os.arch: 'x86', os.version: '6.1', java.version: '1.7.0_55'
Driver info: driver.version: SeleniumDriver
[INFO ][2016-01-18 17:36:01,404][com.java.SeleniumDriver] [  500] - Executing on local machine
[INFO ][2016-01-18 17:36:12,362][com.java.SeleniumDriver] [  248] - IE10is opened
[INFO ][2016-01-18 17:36:13,219][com.java.SeleniumDriver] [  756] - Test cases to be executed are: [1, 37, 38, 39, 40]
[INFO ][2016-01-18 17:36:13,242][com.java.ImportnExport.ImportTestDataDetailsExcel] [   49] - test data details path===== D:\BankersDashboard\TestInputs\TestData.xls
[INFO ][2016-01-18 17:36:13,349][com.java.SeleniumDriver] [  856] - ------------------------------------------
[INFO ][2016-01-18 17:36:13,349][com.java.SeleniumDriver] [  857] - Test case being Executed: 1
[INFO ][2016-01-18 17:36:13,349][com.java.SeleniumDriver] [  869] - Test step:1
[INFO ][2016-01-18 17:36:13,350][com.java.SeleniumDriver] [  881] - Datavalue is----------Concept#1:1-16
[INFO ][2016-01-18 17:36:13,350][com.java.SeleniumDriver] [  905] - DataField : test
[INFO ][2016-01-18 17:36:13,350][com.java.SeleniumDriver] [  907] - DataValue : Concept#1:1-16
[INFO ][2016-01-18 17:36:13,350][com.java.SeleniumDriver] [  913] - <In Set values of the page>
[INFO ][2016-01-18 17:36:13,350][com.java.SeleniumDriver] [  916] - {Data Fields & Data Values Exist}
[INFO ][2016-01-18 17:36:13,350][com.java.SeleniumDriver] [  918] - --------------------------setting values-----------------------------
[INFO ][2016-01-18 17:36:13,350][com.java.SeleniumDriver] [  921] - Action Type : ExecuteTestCase
[INFO ][2016-01-18 17:36:13,371][com.java.TestType] [  437] - The Concept sheet name is ---------- Concept
[INFO ][2016-01-18 17:36:13,371][com.java.TestType] [  440] - The Concept ID  is ---------- 1
[DEBUG][2016-01-18 17:36:13,371][com.java.TestType] [  444] - Steps being executted in the Concept are: 1:16
[INFO ][2016-01-18 17:36:13,371][com.java.TestType] [  451] - Test data details path ---------- D:\BankersDashboard\TestInputs\TestData.xls
[INFO ][2016-01-18 17:36:13,411][com.java.TestType] [  482] -  str(1) = 1
[INFO ][2016-01-18 17:36:13,411][com.java.TestType] [  485] - Test case Id is---1
[INFO ][2016-01-18 17:36:13,411][com.java.TestType] [  487] - 1
[INFO ][2016-01-18 17:36:13,411][com.java.TestType] [  482] -  str(2) = 1
[INFO ][2016-01-18 17:36:13,414][com.java.TestType] [  482] -  str(1) = 1
[INFO ][2016-01-18 17:36:13,414][com.java.TestType] [  485] - Test case Id is---1
[INFO ][2016-01-18 17:36:13,414][com.java.TestType] [  487] - 1
[INFO ][2016-01-18 17:36:13,414][com.java.TestType] [  482] -  str(2) = 2
[INFO ][2016-01-18 17:36:13,416][com.java.TestType] [  482] -  str(1) = 1
[INFO ][2016-01-18 17:36:13,416][com.java.TestType] [  485] - Test case Id is---1
[INFO ][2016-01-18 17:36:13,416][com.java.TestType] [  487] - 1
[INFO ][2016-01-18 17:36:13,416][com.java.TestType] [  482] -  str(2) = 3
[INFO ][2016-01-18 17:36:13,417][com.java.TestType] [  482] -  str(1) = 1
[INFO ][2016-01-18 17:36:13,417][com.java.TestType] [  485] - Test case Id is---1
[INFO ][2016-01-18 17:36:13,417][com.java.TestType] [  487] - 1
[INFO ][2016-01-18 17:36:13,417][com.java.TestType] [  482] -  str(2) = 4
[INFO ][2016-01-18 17:36:13,419][com.java.TestType] [  482] -  str(1) = 1
[INFO ][2016-01-18 17:36:13,419][com.java.TestType] [  485] - Test case Id is---1
[INFO ][2016-01-18 17:36:13,419][com.java.TestType] [  487] - 1
[INFO ][2016-01-18 17:36:13,419][com.java.TestType] [  482] -  str(2) = 5
[INFO ][2016-01-18 17:36:13,422][com.java.TestType] [  482] -  str(1) = 1
[INFO ][2016-01-18 17:36:13,422][com.java.TestType] [  485] - Test case Id is---1
[INFO ][2016-01-18 17:36:13,422][com.java.TestType] [  487] - 1
[INFO ][2016-01-18 17:36:13,422][com.java.TestType] [  482] -  str(2) = 6
[INFO ][2016-01-18 17:36:13,423][com.java.TestType] [  482] -  str(1) = 1
[INFO ][2016-01-18 17:36:13,423][com.java.TestType] [  485] - Test case Id is---1
[INFO ][2016-01-18 17:36:13,423][com.java.TestType] [  487] - 1
[INFO ][2016-01-18 17:36:13,424][com.java.TestType] [  482] -  str(2) = 7
[INFO ][2016-01-18 17:36:13,424][com.java.TestType] [  482] -  str(1) = 1
[INFO ][2016-01-18 17:36:13,424][com.java.TestType] [  485] - Test case Id is---1
[INFO ][2016-01-18 17:36:13,425][com.java.TestType] [  487] - 1
[INFO ][2016-01-18 17:36:13,425][com.java.TestType] [  482] -  str(2) = 8
[INFO ][2016-01-18 17:36:13,425][com.java.TestType] [  482] -  str(1) = 1
[INFO ][2016-01-18 17:36:13,426][com.java.TestType] [  485] - Test case Id is---1
[INFO ][2016-01-18 17:36:13,426][com.java.TestType] [  487] - 1
[INFO ][2016-01-18 17:36:13,426][com.java.TestType] [  482] -  str(2) = 9
[INFO ][2016-01-18 17:36:13,427][com.java.TestType] [  482] -  str(1) = 1
[INFO ][2016-01-18 17:36:13,427][com.java.TestType] [  485] - Test case Id is---1
[INFO ][2016-01-18 17:36:13,427][com.java.TestType] [  487] - 1
[INFO ][2016-01-18 17:36:13,427][com.java.TestType] [  482] -  str(2) = 10
[INFO ][2016-01-18 17:36:13,428][com.java.TestType] [  482] -  str(1) = 1
[INFO ][2016-01-18 17:36:13,428][com.java.TestType] [  485] - Test case Id is---1
[INFO ][2016-01-18 17:36:13,428][com.java.TestType] [  487] - 1
[INFO ][2016-01-18 17:36:13,428][com.java.TestType] [  482] -  str(2) = 11
[INFO ][2016-01-18 17:36:13,429][com.java.TestType] [  482] -  str(1) = 1
[INFO ][2016-01-18 17:36:13,429][com.java.TestType] [  485] - Test case Id is---1
[INFO ][2016-01-18 17:36:13,429][com.java.TestType] [  487] - 1
[INFO ][2016-01-18 17:36:13,429][com.java.TestType] [  482] -  str(2) = 12
[INFO ][2016-01-18 17:36:13,431][com.java.TestType] [  482] -  str(1) = 1
[INFO ][2016-01-18 17:36:13,431][com.java.TestType] [  485] - Test case Id is---1
[INFO ][2016-01-18 17:36:13,431][com.java.TestType] [  487] - 1
[INFO ][2016-01-18 17:36:13,431][com.java.TestType] [  482] -  str(2) = 13
[INFO ][2016-01-18 17:36:13,432][com.java.TestType] [  482] -  str(1) = 1
[INFO ][2016-01-18 17:36:13,432][com.java.TestType] [  485] - Test case Id is---1
[INFO ][2016-01-18 17:36:13,432][com.java.TestType] [  487] - 1
[INFO ][2016-01-18 17:36:13,432][com.java.TestType] [  482] -  str(2) = 14
[INFO ][2016-01-18 17:36:13,433][com.java.TestType] [  482] -  str(1) = 1
[INFO ][2016-01-18 17:36:13,433][com.java.TestType] [  485] - Test case Id is---1
[INFO ][2016-01-18 17:36:13,433][com.java.TestType] [  487] - 1
[INFO ][2016-01-18 17:36:13,433][com.java.TestType] [  482] -  str(2) = 15
[INFO ][2016-01-18 17:36:13,434][com.java.TestType] [  482] -  str(1) = 1
[INFO ][2016-01-18 17:36:13,434][com.java.TestType] [  485] - Test case Id is---1
[INFO ][2016-01-18 17:36:13,434][com.java.TestType] [  487] - 1
[INFO ][2016-01-18 17:36:13,434][com.java.TestType] [  482] -  str(2) = 16
[INFO ][2016-01-18 17:36:13,435][com.java.TestType] [11315] - Looping 1TCID = 1
[DEBUG][2016-01-18 17:36:13,435][com.java.TestType] [11356] - Concept ID:1 :: Step being Executed: 1::1
[INFO ][2016-01-18 17:36:13,435][com.java.TestType] [11394] - dataFields : TXTusername
[DEBUG][2016-01-18 17:36:13,435][com.java.TestType] [11400] - <In Set values of the page>
[DEBUG][2016-01-18 17:36:13,436][com.java.TestType] [11405] - {Data Fields & Data Values Exist}
[INFO ][2016-01-18 17:36:13,436][com.java.TestType] [11411] - --------------------------setting values-----------------------------
[INFO ][2016-01-18 17:36:13,436][com.java.TestType] [11414] - Action Type : CLEARANDENTER
[INFO ][2016-01-18 17:36:15,746][com.java.TestType] [ 6140] - value = naresh.nayini.00000
[INFO ][2016-01-18 17:36:18,184][com.java.TestType] [11433] -  RESULT true
[INFO ][2016-01-18 17:36:18,184][com.java.TestType] [11550] - ?   P A S S   ?
[DEBUG][2016-01-18 17:36:18,184][com.java.TestType] [11356] - Concept ID:1 :: Step being Executed: 1::2
[INFO ][2016-01-18 17:36:18,184][com.java.TestType] [11394] - dataFields : TXTpassword
[DEBUG][2016-01-18 17:36:18,184][com.java.TestType] [11400] - <In Set values of the page>
[DEBUG][2016-01-18 17:36:18,185][com.java.TestType] [11405] - {Data Fields & Data Values Exist}
[INFO ][2016-01-18 17:36:18,185][com.java.TestType] [11411] - --------------------------setting values-----------------------------
[INFO ][2016-01-18 17:36:18,185][com.java.TestType] [11414] - Action Type : CLEARANDENTER
[INFO ][2016-01-18 17:36:20,482][com.java.TestType] [ 6140] - value = Password1*
[INFO ][2016-01-18 17:36:23,039][com.java.TestType] [11433] -  RESULT true
[INFO ][2016-01-18 17:36:23,039][com.java.TestType] [11550] - ?   P A S S   ?
[DEBUG][2016-01-18 17:36:23,039][com.java.TestType] [11356] - Concept ID:1 :: Step being Executed: 1::3
[ERROR][2016-01-18 17:36:23,039][com.java.TestType] [11389] - Exception: null
[INFO ][2016-01-18 17:36:23,040][com.java.TestType] [11394] - dataFields : XPH//button[@type='submit']
[DEBUG][2016-01-18 17:36:23,040][com.java.TestType] [11400] - <In Set values of the page>
[DEBUG][2016-01-18 17:36:23,040][com.java.TestType] [11405] - {Data Fields & Data Values Exist}
[INFO ][2016-01-18 17:36:23,040][com.java.TestType] [11411] - --------------------------setting values-----------------------------
[INFO ][2016-01-18 17:36:23,040][com.java.TestType] [11414] - Action Type : Click
[INFO ][2016-01-18 17:36:23,040][com.java.TestType] [ 6519] - Field ::XPH//button[@type='submit']
[INFO ][2016-01-18 17:36:23,040][com.java.TestType] [ 6140] - value = 
[INFO ][2016-01-18 17:36:24,040][com.java.TestType] [ 6656] - BEFORE CLICK
[INFO ][2016-01-18 17:36:24,890][com.java.TestType] [ 6664] - Unable to click the object Login
[INFO ][2016-01-18 17:36:24,890][com.java.TestType] [11433] -  RESULT true
[INFO ][2016-01-18 17:36:24,890][com.java.TestType] [11550] - ?   P A S S   ?
[DEBUG][2016-01-18 17:36:24,890][com.java.TestType] [11356] - Concept ID:1 :: Step being Executed: 1::4
[INFO ][2016-01-18 17:36:24,890][com.java.TestType] [11394] - dataFields : LNKLogout
[DEBUG][2016-01-18 17:36:24,890][com.java.TestType] [11400] - <In Set values of the page>
[DEBUG][2016-01-18 17:36:24,890][com.java.TestType] [11405] - {Data Fields & Data Values Exist}
[INFO ][2016-01-18 17:36:24,890][com.java.TestType] [11411] - --------------------------setting values-----------------------------
[INFO ][2016-01-18 17:36:24,890][com.java.TestType] [11414] - Action Type : WaitForElement
[INFO ][2016-01-18 17:36:28,436][com.java.TestType] [11433] -  RESULT true
[INFO ][2016-01-18 17:36:28,436][com.java.TestType] [11550] - ?   P A S S   ?
[DEBUG][2016-01-18 17:36:28,437][com.java.TestType] [11356] - Concept ID:1 :: Step being Executed: 1::15
[INFO ][2016-01-18 17:36:28,437][com.java.TestType] [11394] - dataFields : LNK
[DEBUG][2016-01-18 17:36:28,437][com.java.TestType] [11400] - <In Set values of the page>
[DEBUG][2016-01-18 17:36:28,437][com.java.TestType] [11405] - {Data Fields & Data Values Exist}
[INFO ][2016-01-18 17:36:28,437][com.java.TestType] [11411] - --------------------------setting values-----------------------------
[INFO ][2016-01-18 17:36:28,437][com.java.TestType] [11414] - Action Type : Verify
[INFO ][2016-01-18 17:36:28,437][com.java.TestType] [ 7648] - field= LNK value= Logout
[INFO ][2016-01-18 17:36:28,438][com.java.TestType] [ 6140] - value = Logout
[INFO ][2016-01-18 17:36:28,476][com.java.TestType] [11433] -  RESULT true
[INFO ][2016-01-18 17:36:28,476][com.java.TestType] [11550] - ?   P A S S   ?
[DEBUG][2016-01-18 17:36:28,477][com.java.TestType] [11356] - Concept ID:1 :: Step being Executed: 1::16
[INFO ][2016-01-18 17:36:28,477][com.java.TestType] [11394] - dataFields : BTN
[DEBUG][2016-01-18 17:36:28,477][com.java.TestType] [11400] - <In Set values of the page>
[DEBUG][2016-01-18 17:36:28,477][com.java.TestType] [11405] - {Data Fields & Data Values Exist}
[INFO ][2016-01-18 17:36:28,477][com.java.TestType] [11411] - --------------------------setting values-----------------------------
[INFO ][2016-01-18 17:36:28,477][com.java.TestType] [11414] - Action Type : Verify
[INFO ][2016-01-18 17:36:28,477][com.java.TestType] [ 7648] - field= BTN value= //img[contains(@src,'bdlogo.jpg')]
[INFO ][2016-01-18 17:36:28,477][com.java.TestType] [ 6140] - value = //img[contains(@src,'bdlogo.jpg')]
[INFO ][2016-01-18 17:36:28,549][com.java.TestType] [11433] -  RESULT true
[INFO ][2016-01-18 17:36:28,549][com.java.TestType] [11550] - ?   P A S S   ?
[INFO ][2016-01-18 17:36:28,549][com.java.TestType] [11621] - Looping End......
[INFO ][2016-01-18 17:36:28,553][com.java.SeleniumDriver] [  930] -  RESULT true
[INFO ][2016-01-18 17:36:28,553][com.java.SeleniumDriver] [ 1136] - ?   P A S S   ?
[INFO ][2016-01-18 17:36:28,554][com.java.SeleniumDriver] [  856] - ------------------------------------------
[INFO ][2016-01-18 17:36:28,554][com.java.SeleniumDriver] [  857] - Test case being Executed: 1
[INFO ][2016-01-18 17:36:28,554][com.java.SeleniumDriver] [  869] - Test step:2
[INFO ][2016-01-18 17:36:28,554][com.java.SeleniumDriver] [  881] - Datavalue is----------Concept#2:1-2
[INFO ][2016-01-18 17:36:28,554][com.java.SeleniumDriver] [  905] - DataField : test
[INFO ][2016-01-18 17:36:28,554][com.java.SeleniumDriver] [  907] - DataValue : Concept#2:1-2
[INFO ][2016-01-18 17:36:28,554][com.java.SeleniumDriver] [  913] - <In Set values of the page>
[INFO ][2016-01-18 17:36:28,554][com.java.SeleniumDriver] [  916] - {Data Fields & Data Values Exist}
[INFO ][2016-01-18 17:36:28,554][com.java.SeleniumDriver] [  918] - --------------------------setting values-----------------------------
[INFO ][2016-01-18 17:36:28,554][com.java.SeleniumDriver] [  921] - Action Type : ExecuteTestCase
[INFO ][2016-01-18 17:36:28,555][com.java.TestType] [  437] - The Concept sheet name is ---------- Concept
[INFO ][2016-01-18 17:36:28,555][com.java.TestType] [  440] - The Concept ID  is ---------- 2
[DEBUG][2016-01-18 17:36:28,555][com.java.TestType] [  444] - Steps being executted in the Concept are: 1:2
[INFO ][2016-01-18 17:36:28,555][com.java.TestType] [  451] - Test data details path ---------- D:\BankersDashboard\TestInputs\TestData.xls
[INFO ][2016-01-18 17:36:28,589][com.java.TestType] [  482] -  str(1) = 2
[INFO ][2016-01-18 17:36:28,589][com.java.TestType] [  485] - Test case Id is---2
[INFO ][2016-01-18 17:36:28,589][com.java.TestType] [  487] - 2
[INFO ][2016-01-18 17:36:28,589][com.java.TestType] [  482] -  str(2) = 1
[INFO ][2016-01-18 17:36:28,591][com.java.TestType] [  482] -  str(1) = 2
[INFO ][2016-01-18 17:36:28,591][com.java.TestType] [  485] - Test case Id is---2
[INFO ][2016-01-18 17:36:28,591][com.java.TestType] [  487] - 2
[INFO ][2016-01-18 17:36:28,591][com.java.TestType] [  482] -  str(2) = 2
[INFO ][2016-01-18 17:36:28,592][com.java.TestType] [  482] -  str(1) = 2
[INFO ][2016-01-18 17:36:28,592][com.java.TestType] [  485] - Test case Id is---2
[INFO ][2016-01-18 17:36:28,592][com.java.TestType] [  487] - 2
[INFO ][2016-01-18 17:36:28,592][com.java.TestType] [  482] -  str(2) = 3
[INFO ][2016-01-18 17:36:28,592][com.java.TestType] [11315] - Looping 1TCID = 2
[DEBUG][2016-01-18 17:36:28,593][com.java.TestType] [11356] - Concept ID:2 :: Step being Executed: 2::1
[INFO ][2016-01-18 17:36:28,593][com.java.TestType] [11394] - dataFields : BNK//select[@id='bank']
[DEBUG][2016-01-18 17:36:28,593][com.java.TestType] [11400] - <In Set values of the page>
[DEBUG][2016-01-18 17:36:28,593][com.java.TestType] [11405] - {Data Fields & Data Values Exist}
[INFO ][2016-01-18 17:36:28,593][com.java.TestType] [11411] - --------------------------setting values-----------------------------
[INFO ][2016-01-18 17:36:28,593][com.java.TestType] [11414] - Action Type : Select
[INFO ][2016-01-18 17:36:28,593][com.java.TestType] [ 6140] - value = PFC
[INFO ][2016-01-18 17:36:29,008][com.java.TestType] [11433] -  RESULT true
[INFO ][2016-01-18 17:36:29,008][com.java.TestType] [11550] - ?   P A S S   ?
[DEBUG][2016-01-18 17:36:29,008][com.java.TestType] [11356] - Concept ID:2 :: Step being Executed: 2::2
[INFO ][2016-01-18 17:36:29,008][com.java.TestType] [11394] - dataFields : LNKLogout
[DEBUG][2016-01-18 17:36:29,008][com.java.TestType] [11400] - <In Set values of the page>
[DEBUG][2016-01-18 17:36:29,008][com.java.TestType] [11405] - {Data Fields & Data Values Exist}
[INFO ][2016-01-18 17:36:29,009][com.java.TestType] [11411] - --------------------------setting values-----------------------------
[INFO ][2016-01-18 17:36:29,009][com.java.TestType] [11414] - Action Type : WaitTime
[DEBUG][2016-01-18 17:36:29,009][com.java.TestType] [ 5954] - sleepTime: 5000
[INFO ][2016-01-18 17:36:34,009][com.java.TestType] [11433] -  RESULT true
[INFO ][2016-01-18 17:36:34,009][com.java.TestType] [11550] - ?   P A S S   ?
[INFO ][2016-01-18 17:36:34,009][com.java.TestType] [11621] - Looping End......
[INFO ][2016-01-18 17:36:34,013][com.java.SeleniumDriver] [  930] -  RESULT true
[INFO ][2016-01-18 17:36:34,013][com.java.SeleniumDriver] [ 1136] - ?   P A S S   ?
[INFO ][2016-01-18 17:36:34,013][com.java.SeleniumDriver] [  856] - ------------------------------------------
[INFO ][2016-01-18 17:36:34,013][com.java.SeleniumDriver] [  857] - Test case being Executed: 1
[INFO ][2016-01-18 17:36:34,014][com.java.SeleniumDriver] [  869] - Test step:3
[INFO ][2016-01-18 17:36:34,014][com.java.SeleniumDriver] [  881] - Datavalue is----------2
[INFO ][2016-01-18 17:36:34,014][com.java.SeleniumDriver] [  905] - DataField : XPH//button[contains(text(),'Add Content')]
[INFO ][2016-01-18 17:36:34,014][com.java.SeleniumDriver] [  907] - DataValue : 2
[INFO ][2016-01-18 17:36:34,014][com.java.SeleniumDriver] [  913] - <In Set values of the page>
[INFO ][2016-01-18 17:36:34,014][com.java.SeleniumDriver] [  916] - {Data Fields & Data Values Exist}
[INFO ][2016-01-18 17:36:34,014][com.java.SeleniumDriver] [  918] - --------------------------setting values-----------------------------
[INFO ][2016-01-18 17:36:34,014][com.java.SeleniumDriver] [  921] - Action Type : WAITFORELEMENT
[INFO ][2016-01-18 17:36:34,061][com.java.SeleniumDriver] [  930] -  RESULT true
[INFO ][2016-01-18 17:36:34,061][com.java.SeleniumDriver] [ 1136] - ?   P A S S   ?
[DEBUG][2016-01-18 17:36:34,061][com.java.SeleniumDriver] [ 1248] - Case found
[DEBUG][2016-01-18 17:36:34,062][com.java.SeleniumDriver] [ 1253] - Incrementing ReportCounters[0]:1
[INFO ][2016-01-18 17:36:34,062][com.java.SeleniumDriver] [ 1272] - The results are-------------------[1, 1, Valid Login, Pass, , Mon Jan 18 17:36:28 IST 2016, 1, 2, Valid Login, Pass, , Mon Jan 18 17:36:34 IST 2016, 1, 3, Valid Login, Pass, , Mon Jan 18 17:36:34 IST 2016]
[INFO ][2016-01-18 17:36:34,062][com.java.SeleniumDriver] [ 1276] - End time is-------36 sec
[INFO ][2016-01-18 17:36:34,062][com.java.SeleniumDriver] [ 1277] - The results are-------------------[1, 1, Valid Login, Pass, , Mon Jan 18 17:36:28 IST 2016, 1, 2, Valid Login, Pass, , Mon Jan 18 17:36:34 IST 2016, 1, 3, Valid Login, Pass, , Mon Jan 18 17:36:34 IST 2016]
[DEBUG][2016-01-18 17:36:34,062][com.java.ImportnExport.ExportTestResultsExcel] [  222] - testResultPath = D:\BankersDashboard/TestReports/Test Results_BankersDashBoard_011816_173559_IE10_Any Bank USA.xls
[DEBUG][2016-01-18 17:36:34,062][com.java.ImportnExport.ExportTestResultsExcel] [  223] - browser is------------IE10
[DEBUG][2016-01-18 17:36:34,109][com.java.ImportnExport.ExportTestResultsExcel] [  270] - result.size() = 18
[DEBUG][2016-01-18 17:36:34,111][com.java.ImportnExport.ExportTestResultsExcel] [  274] - No of rows in sheet=1
[DEBUG][2016-01-18 17:36:34,111][com.java.ImportnExport.ExportTestResultsExcel] [  301] - ..in export..1
[DEBUG][2016-01-18 17:36:34,111][com.java.ImportnExport.ExportTestResultsExcel] [  301] - ..in export..Valid Login
[DEBUG][2016-01-18 17:36:34,111][com.java.ImportnExport.ExportTestResultsExcel] [  301] - ..in export..Pass
[DEBUG][2016-01-18 17:36:34,111][com.java.ImportnExport.ExportTestResultsExcel] [  301] - ..in export..
[DEBUG][2016-01-18 17:36:34,111][com.java.ImportnExport.ExportTestResultsExcel] [  301] - ..in export..Mon Jan 18 17:36:28 IST 2016
[INFO ][2016-01-18 17:36:34,113][com.java.SeleniumDriver] [ 1337] - out loop:0 size:5 TestCases:[1, 37, 38, 39, 40] testcases:[1, 37, 38, 39, 40]
[INFO ][2016-01-18 17:36:34,113][com.java.ImportnExport.ImportTestDataDetailsExcel] [   49] - test data details path===== D:\BankersDashboard\TestInputs\TestData.xls
[INFO ][2016-01-18 17:36:49,290][com.java.SeleniumDriver] [  856] - ------------------------------------------
[INFO ][2016-01-18 17:36:49,290][com.java.SeleniumDriver] [  857] - Test case being Executed: 37
[INFO ][2016-01-18 17:36:49,290][com.java.SeleniumDriver] [  869] - Test step:1
[INFO ][2016-01-18 17:36:49,290][com.java.SeleniumDriver] [  881] - Datavalue is----------Logout
[INFO ][2016-01-18 17:36:49,290][com.java.SeleniumDriver] [  905] - DataField : BTN
[INFO ][2016-01-18 17:36:49,290][com.java.SeleniumDriver] [  907] - DataValue : Logout
[INFO ][2016-01-18 17:36:49,290][com.java.SeleniumDriver] [  913] - <In Set values of the page>
[INFO ][2016-01-18 17:36:49,290][com.java.SeleniumDriver] [  916] - {Data Fields & Data Values Exist}
[INFO ][2016-01-18 17:36:49,290][com.java.SeleniumDriver] [  918] - --------------------------setting values-----------------------------
[INFO ][2016-01-18 17:36:49,290][com.java.SeleniumDriver] [  921] - Action Type : Verify
[INFO ][2016-01-18 17:36:49,291][com.java.TestType] [ 7648] - field= BTN value= Logout
[INFO ][2016-01-18 17:36:49,291][com.java.TestType] [ 6140] - value = Logout
[INFO ][2016-01-18 17:36:49,365][com.java.SeleniumDriver] [  930] -  RESULT true
[INFO ][2016-01-18 17:36:49,365][com.java.SeleniumDriver] [ 1136] - ?   P A S S   ?
[INFO ][2016-01-18 17:36:49,366][com.java.SeleniumDriver] [ 1178] - step change to 3
[INFO ][2016-01-18 17:36:49,366][com.java.SeleniumDriver] [  856] - ------------------------------------------
[INFO ][2016-01-18 17:36:49,366][com.java.SeleniumDriver] [  857] - Test case being Executed: 37
[INFO ][2016-01-18 17:36:49,366][com.java.SeleniumDriver] [  869] - Test step:3
[INFO ][2016-01-18 17:36:49,366][com.java.SeleniumDriver] [  881] - Datavalue is----------Concept#2:1-2
[INFO ][2016-01-18 17:36:49,366][com.java.SeleniumDriver] [  905] - DataField : test
[INFO ][2016-01-18 17:36:49,366][com.java.SeleniumDriver] [  907] - DataValue : Concept#2:1-2
[INFO ][2016-01-18 17:36:49,366][com.java.SeleniumDriver] [  913] - <In Set values of the page>
[INFO ][2016-01-18 17:36:49,366][com.java.SeleniumDriver] [  916] - {Data Fields & Data Values Exist}
[INFO ][2016-01-18 17:36:49,366][com.java.SeleniumDriver] [  918] - --------------------------setting values-----------------------------
[INFO ][2016-01-18 17:36:49,366][com.java.SeleniumDriver] [  921] - Action Type : EXECUTETESTCASE
[INFO ][2016-01-18 17:36:49,367][com.java.TestType] [  437] - The Concept sheet name is ---------- Concept
[INFO ][2016-01-18 17:36:49,367][com.java.TestType] [  440] - The Concept ID  is ---------- 2
[DEBUG][2016-01-18 17:36:49,367][com.java.TestType] [  444] - Steps being executted in the Concept are: 1:2
[INFO ][2016-01-18 17:36:49,367][com.java.TestType] [  451] - Test data details path ---------- D:\BankersDashboard\TestInputs\TestData.xls
[INFO ][2016-01-18 17:36:49,403][com.java.TestType] [  482] -  str(1) = 2
[INFO ][2016-01-18 17:36:49,403][com.java.TestType] [  485] - Test case Id is---2
[INFO ][2016-01-18 17:36:49,403][com.java.TestType] [  487] - 2
[INFO ][2016-01-18 17:36:49,403][com.java.TestType] [  482] -  str(2) = 1
[INFO ][2016-01-18 17:36:49,404][com.java.TestType] [  482] -  str(1) = 2
[INFO ][2016-01-18 17:36:49,404][com.java.TestType] [  485] - Test case Id is---2
[INFO ][2016-01-18 17:36:49,405][com.java.TestType] [  487] - 2
[INFO ][2016-01-18 17:36:49,405][com.java.TestType] [  482] -  str(2) = 2
[INFO ][2016-01-18 17:36:49,405][com.java.TestType] [  482] -  str(1) = 2
[INFO ][2016-01-18 17:36:49,405][com.java.TestType] [  485] - Test case Id is---2
[INFO ][2016-01-18 17:36:49,405][com.java.TestType] [  487] - 2
[INFO ][2016-01-18 17:36:49,405][com.java.TestType] [  482] -  str(2) = 3
[INFO ][2016-01-18 17:36:49,406][com.java.TestType] [11315] - Looping 1TCID = 2
[DEBUG][2016-01-18 17:36:49,406][com.java.TestType] [11356] - Concept ID:2 :: Step being Executed: 2::1
[INFO ][2016-01-18 17:36:49,406][com.java.TestType] [11394] - dataFields : BNK//select[@id='bank']
[DEBUG][2016-01-18 17:36:49,406][com.java.TestType] [11400] - <In Set values of the page>
[DEBUG][2016-01-18 17:36:49,406][com.java.TestType] [11405] - {Data Fields & Data Values Exist}
[INFO ][2016-01-18 17:36:49,407][com.java.TestType] [11411] - --------------------------setting values-----------------------------
[INFO ][2016-01-18 17:36:49,407][com.java.TestType] [11414] - Action Type : Select
[INFO ][2016-01-18 17:36:49,407][com.java.TestType] [ 6140] - value = PFC
[INFO ][2016-01-18 17:36:49,621][com.java.TestType] [11433] -  RESULT true
[INFO ][2016-01-18 17:36:49,621][com.java.TestType] [11550] - ?   P A S S   ?
[DEBUG][2016-01-18 17:36:49,621][com.java.TestType] [11356] - Concept ID:2 :: Step being Executed: 2::2
[INFO ][2016-01-18 17:36:49,621][com.java.TestType] [11394] - dataFields : LNKLogout
[DEBUG][2016-01-18 17:36:49,621][com.java.TestType] [11400] - <In Set values of the page>
[DEBUG][2016-01-18 17:36:49,621][com.java.TestType] [11405] - {Data Fields & Data Values Exist}
[INFO ][2016-01-18 17:36:49,622][com.java.TestType] [11411] - --------------------------setting values-----------------------------
[INFO ][2016-01-18 17:36:49,622][com.java.TestType] [11414] - Action Type : WaitTime
[DEBUG][2016-01-18 17:36:49,622][com.java.TestType] [ 5954] - sleepTime: 5000
[INFO ][2016-01-18 17:36:54,622][com.java.TestType] [11433] -  RESULT true
[INFO ][2016-01-18 17:36:54,622][com.java.TestType] [11550] - ?   P A S S   ?
[INFO ][2016-01-18 17:36:54,622][com.java.TestType] [11621] - Looping End......
[INFO ][2016-01-18 17:36:54,626][com.java.SeleniumDriver] [  930] -  RESULT true
[INFO ][2016-01-18 17:36:54,626][com.java.SeleniumDriver] [ 1136] - ?   P A S S   ?
[INFO ][2016-01-18 17:36:54,626][com.java.SeleniumDriver] [  856] - ------------------------------------------
[INFO ][2016-01-18 17:36:54,627][com.java.SeleniumDriver] [  857] - Test case being Executed: 37
[INFO ][2016-01-18 17:36:54,627][com.java.SeleniumDriver] [  869] - Test step:4
[INFO ][2016-01-18 17:36:54,627][com.java.SeleniumDriver] [  881] - Datavalue is----------null
[DEBUG][2016-01-18 17:36:54,627][com.java.SeleniumDriver] [  899] - Exception: null
[INFO ][2016-01-18 17:36:54,627][com.java.SeleniumDriver] [  905] - DataField : //span[@class='icon-user4']&&//a[text()='G/L Mapping']&&//a[@data-id="ProfitCenters"]
[INFO ][2016-01-18 17:36:54,627][com.java.SeleniumDriver] [  907] - DataValue : 
[INFO ][2016-01-18 17:36:54,627][com.java.SeleniumDriver] [  913] - <In Set values of the page>
[INFO ][2016-01-18 17:36:54,627][com.java.SeleniumDriver] [  916] - {Data Fields & Data Values Exist}
[INFO ][2016-01-18 17:36:54,627][com.java.SeleniumDriver] [  918] - --------------------------setting values-----------------------------
[INFO ][2016-01-18 17:36:54,627][com.java.SeleniumDriver] [  921] - Action Type : MOUSEOVER
[INFO ][2016-01-18 17:37:21,530][com.java.SeleniumDriver] [  930] -  RESULT true
[INFO ][2016-01-18 17:37:21,530][com.java.SeleniumDriver] [ 1136] - ?   P A S S   ?
[INFO ][2016-01-18 17:37:21,530][com.java.SeleniumDriver] [  856] - ------------------------------------------
[INFO ][2016-01-18 17:37:21,530][com.java.SeleniumDriver] [  857] - Test case being Executed: 37
[INFO ][2016-01-18 17:37:21,530][com.java.SeleniumDriver] [  869] - Test step:5
[INFO ][2016-01-18 17:37:21,530][com.java.SeleniumDriver] [  881] - Datavalue is----------null
[DEBUG][2016-01-18 17:37:21,530][com.java.SeleniumDriver] [  899] - Exception: null
[INFO ][2016-01-18 17:37:21,530][com.java.SeleniumDriver] [  905] - DataField : BTN//iframe[@class='frameTabContent']
[INFO ][2016-01-18 17:37:21,530][com.java.SeleniumDriver] [  907] - DataValue : 
[INFO ][2016-01-18 17:37:21,530][com.java.SeleniumDriver] [  913] - <In Set values of the page>
[INFO ][2016-01-18 17:37:21,530][com.java.SeleniumDriver] [  916] - {Data Fields & Data Values Exist}
[INFO ][2016-01-18 17:37:21,531][com.java.SeleniumDriver] [  918] - --------------------------setting values-----------------------------
[INFO ][2016-01-18 17:37:21,531][com.java.SeleniumDriver] [  921] - Action Type : SELECTFRAME
[INFO ][2016-01-18 17:37:21,634][com.java.SeleniumDriver] [  930] -  RESULT true
[INFO ][2016-01-18 17:37:21,634][com.java.SeleniumDriver] [ 1136] - ?   P A S S   ?
[INFO ][2016-01-18 17:37:21,634][com.java.SeleniumDriver] [  856] - ------------------------------------------
[INFO ][2016-01-18 17:37:21,634][com.java.SeleniumDriver] [  857] - Test case being Executed: 37
[INFO ][2016-01-18 17:37:21,634][com.java.SeleniumDriver] [  869] - Test step:6
[INFO ][2016-01-18 17:37:21,634][com.java.SeleniumDriver] [  881] - Datavalue is----------Manage Profit Centers and Regions 
[INFO ][2016-01-18 17:37:21,634][com.java.SeleniumDriver] [  905] - DataField : MSG
[INFO ][2016-01-18 17:37:21,634][com.java.SeleniumDriver] [  907] - DataValue : Manage Profit Centers and Regions 
[INFO ][2016-01-18 17:37:21,635][com.java.SeleniumDriver] [  913] - <In Set values of the page>
[INFO ][2016-01-18 17:37:21,635][com.java.SeleniumDriver] [  916] - {Data Fields & Data Values Exist}
[INFO ][2016-01-18 17:37:21,635][com.java.SeleniumDriver] [  918] - --------------------------setting values-----------------------------
[INFO ][2016-01-18 17:37:21,635][com.java.SeleniumDriver] [  921] - Action Type : VERIFY
[INFO ][2016-01-18 17:37:21,635][com.java.TestType] [ 7648] - field= MSG value= Manage Profit Centers and Regions 
[INFO ][2016-01-18 17:37:21,635][com.java.TestType] [ 6140] - value = Manage Profit Centers and Regions 
[DEBUG][2016-01-18 17:37:21,635][com.java.TestType] [ 8478] - value :: Manage Profit Centers and Regions 
[INFO ][2016-01-18 17:37:21,663][com.java.SeleniumDriver] [  930] -  RESULT true
[INFO ][2016-01-18 17:37:21,663][com.java.SeleniumDriver] [ 1136] - ?   P A S S   ?
[INFO ][2016-01-18 17:37:21,663][com.java.SeleniumDriver] [  856] - ------------------------------------------
[INFO ][2016-01-18 17:37:21,663][com.java.SeleniumDriver] [  857] - Test case being Executed: 37
[INFO ][2016-01-18 17:37:21,663][com.java.SeleniumDriver] [  869] - Test step:7
[INFO ][2016-01-18 17:37:21,663][com.java.SeleniumDriver] [  881] - Datavalue is----------Hide Undefined Centers
[INFO ][2016-01-18 17:37:21,663][com.java.SeleniumDriver] [  905] - DataField : XPH//button[@class='btn btn-primary']
[INFO ][2016-01-18 17:37:21,664][com.java.SeleniumDriver] [  907] - DataValue : Hide Undefined Centers
[INFO ][2016-01-18 17:37:21,664][com.java.SeleniumDriver] [  913] - <In Set values of the page>
[INFO ][2016-01-18 17:37:21,664][com.java.SeleniumDriver] [  916] - {Data Fields & Data Values Exist}
[INFO ][2016-01-18 17:37:21,664][com.java.SeleniumDriver] [  918] - --------------------------setting values-----------------------------
[INFO ][2016-01-18 17:37:21,664][com.java.SeleniumDriver] [  921] - Action Type : VERIFY
[INFO ][2016-01-18 17:37:21,664][com.java.TestType] [ 7648] - field= XPH//button[@class='btn btn-primary'] value= Hide Undefined Centers
[INFO ][2016-01-18 17:37:21,664][com.java.TestType] [ 6140] - value = Hide Undefined Centers
[INFO ][2016-01-18 17:37:21,740][com.java.SeleniumDriver] [  930] -  RESULT true
[INFO ][2016-01-18 17:37:21,740][com.java.SeleniumDriver] [ 1136] - ?   P A S S   ?
[INFO ][2016-01-18 17:37:21,740][com.java.SeleniumDriver] [  856] - ------------------------------------------
[INFO ][2016-01-18 17:37:21,740][com.java.SeleniumDriver] [  857] - Test case being Executed: 37
[INFO ][2016-01-18 17:37:21,740][com.java.SeleniumDriver] [  869] - Test step:8
[INFO ][2016-01-18 17:37:21,740][com.java.SeleniumDriver] [  881] - Datavalue is----------index:3
[INFO ][2016-01-18 17:37:21,741][com.java.SeleniumDriver] [  905] - DataField : COB//select[@class="form-control input-sm"]
[INFO ][2016-01-18 17:37:21,741][com.java.SeleniumDriver] [  907] - DataValue : index:3
[INFO ][2016-01-18 17:37:21,741][com.java.SeleniumDriver] [  913] - <In Set values of the page>
[INFO ][2016-01-18 17:37:21,741][com.java.SeleniumDriver] [  916] - {Data Fields & Data Values Exist}
[INFO ][2016-01-18 17:37:21,741][com.java.SeleniumDriver] [  918] - --------------------------setting values-----------------------------
[INFO ][2016-01-18 17:37:21,741][com.java.SeleniumDriver] [  921] - Action Type : SELECT
[INFO ][2016-01-18 17:37:21,741][com.java.TestType] [ 6140] - value = 3
[INFO ][2016-01-18 17:37:21,811][com.java.TestType] [ 6258] -  In COB //select[@class="form-control input-sm"] : 3
[INFO ][2016-01-18 17:37:22,076][com.java.SeleniumDriver] [  930] -  RESULT true
[INFO ][2016-01-18 17:37:22,076][com.java.SeleniumDriver] [ 1136] - ?   P A S S   ?
[INFO ][2016-01-18 17:37:22,078][com.java.SeleniumDriver] [  856] - ------------------------------------------
[INFO ][2016-01-18 17:37:22,078][com.java.SeleniumDriver] [  857] - Test case being Executed: 37
[INFO ][2016-01-18 17:37:22,078][com.java.SeleniumDriver] [  869] - Test step:9
[INFO ][2016-01-18 17:37:22,078][com.java.SeleniumDriver] [  881] - Datavalue is----------null
[DEBUG][2016-01-18 17:37:22,078][com.java.SeleniumDriver] [  899] - Exception: null
[INFO ][2016-01-18 17:37:22,078][com.java.SeleniumDriver] [  905] - DataField : HDN//button[@class='btn btn-primary']
[INFO ][2016-01-18 17:37:22,078][com.java.SeleniumDriver] [  907] - DataValue : 
[INFO ][2016-01-18 17:37:22,078][com.java.SeleniumDriver] [  913] - <In Set values of the page>
[INFO ][2016-01-18 17:37:22,078][com.java.SeleniumDriver] [  916] - {Data Fields & Data Values Exist}
[INFO ][2016-01-18 17:37:22,078][com.java.SeleniumDriver] [  918] - --------------------------setting values-----------------------------
[INFO ][2016-01-18 17:37:22,078][com.java.SeleniumDriver] [  921] - Action Type : CLICK
[INFO ][2016-01-18 17:37:22,079][com.java.TestType] [ 6519] - Field ::HDN//button[@class='btn btn-primary']
[INFO ][2016-01-18 17:37:22,079][com.java.TestType] [ 6140] - value = 
[INFO ][2016-01-18 17:37:23,176][com.java.SeleniumDriver] [  930] -  RESULT true
[INFO ][2016-01-18 17:37:23,176][com.java.SeleniumDriver] [ 1136] - ?   P A S S   ?
[INFO ][2016-01-18 17:37:23,176][com.java.SeleniumDriver] [  856] - ------------------------------------------
[INFO ][2016-01-18 17:37:23,176][com.java.SeleniumDriver] [  857] - Test case being Executed: 37
[INFO ][2016-01-18 17:37:23,176][com.java.SeleniumDriver] [  869] - Test step:10
[INFO ][2016-01-18 17:37:23,177][com.java.SeleniumDriver] [  881] - Datavalue is----------Test
[INFO ][2016-01-18 17:37:23,177][com.java.SeleniumDriver] [  905] - DataField : XPH//div[@class="row"]/div/table/tbody/tr/td[2]
[INFO ][2016-01-18 17:37:23,177][com.java.SeleniumDriver] [  907] - DataValue : Test
[INFO ][2016-01-18 17:37:23,177][com.java.SeleniumDriver] [  913] - <In Set values of the page>
[INFO ][2016-01-18 17:37:23,177][com.java.SeleniumDriver] [  916] - {Data Fields & Data Values Exist}
[INFO ][2016-01-18 17:37:23,177][com.java.SeleniumDriver] [  918] - --------------------------setting values-----------------------------
[INFO ][2016-01-18 17:37:23,177][com.java.SeleniumDriver] [  921] - Action Type : STOREVALUE
[INFO ][2016-01-18 17:37:23,177][com.java.TestType] [ 9075] - field= XPH//div[@class="row"]/div/table/tbody/tr/td[2]
[DEBUG][2016-01-18 17:37:23,262][com.java.TestType] [ 9130] - Key:: Test   Value:: Marysville
[INFO ][2016-01-18 17:37:23,262][com.java.SeleniumDriver] [  930] -  RESULT true
[INFO ][2016-01-18 17:37:23,262][com.java.SeleniumDriver] [ 1136] - ?   P A S S   ?
[INFO ][2016-01-18 17:37:23,262][com.java.SeleniumDriver] [  856] - ------------------------------------------
[INFO ][2016-01-18 17:37:23,262][com.java.SeleniumDriver] [  857] - Test case being Executed: 37
[INFO ][2016-01-18 17:37:23,262][com.java.SeleniumDriver] [  869] - Test step:11
[INFO ][2016-01-18 17:37:23,263][com.java.SeleniumDriver] [  881] - Datavalue is----------null
[DEBUG][2016-01-18 17:37:23,263][com.java.SeleniumDriver] [  899] - Exception: null
[INFO ][2016-01-18 17:37:23,263][com.java.SeleniumDriver] [  905] - DataField : HDN//div[@class="container"]//span[@class="glyphicon glyphicon-pencil"][1]
[INFO ][2016-01-18 17:37:23,263][com.java.SeleniumDriver] [  907] - DataValue : 
[INFO ][2016-01-18 17:37:23,263][com.java.SeleniumDriver] [  913] - <In Set values of the page>
[INFO ][2016-01-18 17:37:23,263][com.java.SeleniumDriver] [  916] - {Data Fields & Data Values Exist}
[INFO ][2016-01-18 17:37:23,263][com.java.SeleniumDriver] [  918] - --------------------------setting values-----------------------------
[INFO ][2016-01-18 17:37:23,263][com.java.SeleniumDriver] [  921] - Action Type : CLICK
[INFO ][2016-01-18 17:37:23,263][com.java.TestType] [ 6519] - Field ::HDN//div[@class="container"]//span[@class="glyphicon glyphicon-pencil"][1]
[INFO ][2016-01-18 17:37:23,263][com.java.TestType] [ 6140] - value = 
[INFO ][2016-01-18 17:37:24,338][com.java.SeleniumDriver] [  930] -  RESULT true
[INFO ][2016-01-18 17:37:24,338][com.java.SeleniumDriver] [ 1136] - ?   P A S S   ?
[INFO ][2016-01-18 17:37:24,338][com.java.SeleniumDriver] [  856] - ------------------------------------------
[INFO ][2016-01-18 17:37:24,338][com.java.SeleniumDriver] [  857] - Test case being Executed: 37
[INFO ][2016-01-18 17:37:24,338][com.java.SeleniumDriver] [  869] - Test step:12
[INFO ][2016-01-18 17:37:24,338][com.java.SeleniumDriver] [  881] - Datavalue is----------Save changes
[INFO ][2016-01-18 17:37:24,338][com.java.SeleniumDriver] [  905] - DataField : XPH//div[@class="modal-footer"]/button[@data-action="save"]
[INFO ][2016-01-18 17:37:24,339][com.java.SeleniumDriver] [  907] - DataValue : Save changes
[INFO ][2016-01-18 17:37:24,339][com.java.SeleniumDriver] [  913] - <In Set values of the page>
[INFO ][2016-01-18 17:37:24,339][com.java.SeleniumDriver] [  916] - {Data Fields & Data Values Exist}
[INFO ][2016-01-18 17:37:24,339][com.java.SeleniumDriver] [  918] - --------------------------setting values-----------------------------
[INFO ][2016-01-18 17:37:24,339][com.java.SeleniumDriver] [  921] - Action Type : VERIFY
[INFO ][2016-01-18 17:37:24,339][com.java.TestType] [ 7648] - field= XPH//div[@class="modal-footer"]/button[@data-action="save"] value= Save changes
[INFO ][2016-01-18 17:37:24,339][com.java.TestType] [ 6140] - value = Save changes
[INFO ][2016-01-18 17:37:24,479][com.java.SeleniumDriver] [  930] -  RESULT true
[INFO ][2016-01-18 17:37:24,479][com.java.SeleniumDriver] [ 1136] - ?   P A S S   ?
[INFO ][2016-01-18 17:37:24,479][com.java.SeleniumDriver] [  856] - ------------------------------------------
[INFO ][2016-01-18 17:37:24,479][com.java.SeleniumDriver] [  857] - Test case being Executed: 37
[INFO ][2016-01-18 17:37:24,479][com.java.SeleniumDriver] [  869] - Test step:13
[INFO ][2016-01-18 17:37:24,479][com.java.SeleniumDriver] [  881] - Datavalue is----------5
[INFO ][2016-01-18 17:37:24,479][com.java.SeleniumDriver] [  905] - DataField : XPH//div[@class="modal-body form-horizontal"]/div/div/input
[INFO ][2016-01-18 17:37:24,479][com.java.SeleniumDriver] [  907] - DataValue : 5
[INFO ][2016-01-18 17:37:24,479][com.java.SeleniumDriver] [  913] - <In Set values of the page>
[INFO ][2016-01-18 17:37:24,479][com.java.SeleniumDriver] [  916] - {Data Fields & Data Values Exist}
[INFO ][2016-01-18 17:37:24,479][com.java.SeleniumDriver] [  918] - --------------------------setting values-----------------------------
[INFO ][2016-01-18 17:37:24,480][com.java.SeleniumDriver] [  921] - Action Type : WAITFORELEMENT
[INFO ][2016-01-18 17:37:24,505][com.java.SeleniumDriver] [  930] -  RESULT true
[INFO ][2016-01-18 17:37:24,505][com.java.SeleniumDriver] [ 1136] - ?   P A S S   ?
[INFO ][2016-01-18 17:37:24,505][com.java.SeleniumDriver] [  856] - ------------------------------------------
[INFO ][2016-01-18 17:37:24,505][com.java.SeleniumDriver] [  857] - Test case being Executed: 37
[INFO ][2016-01-18 17:37:24,505][com.java.SeleniumDriver] [  869] - Test step:14
[INFO ][2016-01-18 17:37:24,506][com.java.SeleniumDriver] [  881] - Datavalue is----------RNDT_e*s^1&
[INFO ][2016-01-18 17:37:24,506][com.java.SeleniumDriver] [  905] - DataField : TXT//div[@class="modal-body form-horizontal"]/div/div/input
[INFO ][2016-01-18 17:37:24,506][com.java.SeleniumDriver] [  907] - DataValue : RNDT_e*s^1&
[INFO ][2016-01-18 17:37:24,506][com.java.SeleniumDriver] [  913] - <In Set values of the page>
[INFO ][2016-01-18 17:37:24,506][com.java.SeleniumDriver] [  916] - {Data Fields & Data Values Exist}
[INFO ][2016-01-18 17:37:24,506][com.java.SeleniumDriver] [  918] - --------------------------setting values-----------------------------
[INFO ][2016-01-18 17:37:24,506][com.java.SeleniumDriver] [  921] - Action Type : CLEARANDENTER
[INFO ][2016-01-18 17:37:24,607][com.java.TestType] [ 6140] - value = T_e*s^1&87799
[INFO ][2016-01-18 17:37:25,334][com.java.SeleniumDriver] [  930] -  RESULT true
[INFO ][2016-01-18 17:37:25,335][com.java.SeleniumDriver] [ 1136] - ?   P A S S   ?
[INFO ][2016-01-18 17:37:25,335][com.java.SeleniumDriver] [  856] - ------------------------------------------
[INFO ][2016-01-18 17:37:25,335][com.java.SeleniumDriver] [  857] - Test case being Executed: 37
[INFO ][2016-01-18 17:37:25,335][com.java.SeleniumDriver] [  869] - Test step:15
[INFO ][2016-01-18 17:37:25,335][com.java.SeleniumDriver] [  881] - Datavalue is----------2
[INFO ][2016-01-18 17:37:25,335][com.java.SeleniumDriver] [  905] - DataField : test
[INFO ][2016-01-18 17:37:25,335][com.java.SeleniumDriver] [  907] - DataValue : 2
[INFO ][2016-01-18 17:37:25,335][com.java.SeleniumDriver] [  913] - <In Set values of the page>
[INFO ][2016-01-18 17:37:25,335][com.java.SeleniumDriver] [  916] - {Data Fields & Data Values Exist}
[INFO ][2016-01-18 17:37:25,335][com.java.SeleniumDriver] [  918] - --------------------------setting values-----------------------------
[INFO ][2016-01-18 17:37:25,335][com.java.SeleniumDriver] [  921] - Action Type : WAITTIME
[DEBUG][2016-01-18 17:37:25,335][com.java.TestType] [ 5954] - sleepTime: 2000
[INFO ][2016-01-18 17:37:27,337][com.java.SeleniumDriver] [  930] -  RESULT true
[INFO ][2016-01-18 17:37:27,337][com.java.SeleniumDriver] [ 1136] - ?   P A S S   ?
[INFO ][2016-01-18 17:37:27,337][com.java.SeleniumDriver] [  856] - ------------------------------------------
[INFO ][2016-01-18 17:37:27,337][com.java.SeleniumDriver] [  857] - Test case being Executed: 37
[INFO ][2016-01-18 17:37:27,337][com.java.SeleniumDriver] [  869] - Test step:16
[INFO ][2016-01-18 17:37:27,337][com.java.SeleniumDriver] [  881] - Datavalue is----------Sample
[INFO ][2016-01-18 17:37:27,337][com.java.SeleniumDriver] [  905] - DataField : XPH//div[@class="modal-body form-horizontal"]/div/div/input
[INFO ][2016-01-18 17:37:27,337][com.java.SeleniumDriver] [  907] - DataValue : Sample
[INFO ][2016-01-18 17:37:27,337][com.java.SeleniumDriver] [  913] - <In Set values of the page>
[INFO ][2016-01-18 17:37:27,337][com.java.SeleniumDriver] [  916] - {Data Fields & Data Values Exist}
[INFO ][2016-01-18 17:37:27,337][com.java.SeleniumDriver] [  918] - --------------------------setting values-----------------------------
[INFO ][2016-01-18 17:37:27,337][com.java.SeleniumDriver] [  921] - Action Type : STOREVALUE
[INFO ][2016-01-18 17:37:27,338][com.java.TestType] [ 9075] - field= XPH//div[@class="modal-body form-horizontal"]/div/div/input
[DEBUG][2016-01-18 17:37:27,413][com.java.TestType] [ 9130] - Key:: Sample   Value:: 
[INFO ][2016-01-18 17:37:27,413][com.java.SeleniumDriver] [  930] -  RESULT true
[INFO ][2016-01-18 17:37:27,413][com.java.SeleniumDriver] [ 1136] - ?   P A S S   ?
[INFO ][2016-01-18 17:37:27,413][com.java.SeleniumDriver] [  856] - ------------------------------------------
[INFO ][2016-01-18 17:37:27,413][com.java.SeleniumDriver] [  857] - Test case being Executed: 37
[INFO ][2016-01-18 17:37:27,413][com.java.SeleniumDriver] [  869] - Test step:17
[INFO ][2016-01-18 17:37:27,414][com.java.SeleniumDriver] [  881] - Datavalue is----------null
[DEBUG][2016-01-18 17:37:27,414][com.java.SeleniumDriver] [  899] - Exception: null
[INFO ][2016-01-18 17:37:27,414][com.java.SeleniumDriver] [  905] - DataField : HDN//div[@class="modal-footer"]/button[@data-action="save"]
[INFO ][2016-01-18 17:37:27,414][com.java.SeleniumDriver] [  907] - DataValue : 
[INFO ][2016-01-18 17:37:27,414][com.java.SeleniumDriver] [  913] - <In Set values of the page>
[INFO ][2016-01-18 17:37:27,414][com.java.SeleniumDriver] [  916] - {Data Fields & Data Values Exist}
[INFO ][2016-01-18 17:37:27,414][com.java.SeleniumDriver] [  918] - --------------------------setting values-----------------------------
[INFO ][2016-01-18 17:37:27,414][com.java.SeleniumDriver] [  921] - Action Type : CLICK
[INFO ][2016-01-18 17:37:27,414][com.java.TestType] [ 6519] - Field ::HDN//div[@class="modal-footer"]/button[@data-action="save"]
[INFO ][2016-01-18 17:37:27,414][com.java.TestType] [ 6140] - value = 
[INFO ][2016-01-18 17:37:28,501][com.java.SeleniumDriver] [  930] -  RESULT true
[INFO ][2016-01-18 17:37:28,501][com.java.SeleniumDriver] [ 1136] - ?   P A S S   ?
[INFO ][2016-01-18 17:37:28,501][com.java.SeleniumDriver] [  856] - ------------------------------------------
[INFO ][2016-01-18 17:37:28,501][com.java.SeleniumDriver] [  857] - Test case being Executed: 37
[INFO ][2016-01-18 17:37:28,501][com.java.SeleniumDriver] [  869] - Test step:18
[INFO ][2016-01-18 17:37:28,501][com.java.SeleniumDriver] [  881] - Datavalue is----------5
[INFO ][2016-01-18 17:37:28,501][com.java.SeleniumDriver] [  905] - DataField : XPH//div[@class="modal-body form-horizontal"]/div/div/input
[INFO ][2016-01-18 17:37:28,501][com.java.SeleniumDriver] [  907] - DataValue : 5
[INFO ][2016-01-18 17:37:28,502][com.java.SeleniumDriver] [  913] - <In Set values of the page>
[INFO ][2016-01-18 17:37:28,502][com.java.SeleniumDriver] [  916] - {Data Fields & Data Values Exist}
[INFO ][2016-01-18 17:37:28,502][com.java.SeleniumDriver] [  918] - --------------------------setting values-----------------------------
[INFO ][2016-01-18 17:37:28,502][com.java.SeleniumDriver] [  921] - Action Type : WAITFORELEMENT
[INFO ][2016-01-18 17:37:28,527][com.java.SeleniumDriver] [  930] -  RESULT true
[INFO ][2016-01-18 17:37:28,527][com.java.SeleniumDriver] [ 1136] - ?   P A S S   ?
[INFO ][2016-01-18 17:37:28,527][com.java.SeleniumDriver] [  856] - ------------------------------------------
[INFO ][2016-01-18 17:37:28,527][com.java.SeleniumDriver] [  857] - Test case being Executed: 37
[INFO ][2016-01-18 17:37:28,527][com.java.SeleniumDriver] [  869] - Test step:19
[INFO ][2016-01-18 17:37:28,528][com.java.SeleniumDriver] [  881] - Datavalue is----------5
[INFO ][2016-01-18 17:37:28,528][com.java.SeleniumDriver] [  905] - DataField : test
[INFO ][2016-01-18 17:37:28,528][com.java.SeleniumDriver] [  907] - DataValue : 5
[INFO ][2016-01-18 17:37:28,528][com.java.SeleniumDriver] [  913] - <In Set values of the page>
[INFO ][2016-01-18 17:37:28,528][com.java.SeleniumDriver] [  916] - {Data Fields & Data Values Exist}
[INFO ][2016-01-18 17:37:28,528][com.java.SeleniumDriver] [  918] - --------------------------setting values-----------------------------
[INFO ][2016-01-18 17:37:28,528][com.java.SeleniumDriver] [  921] - Action Type : WAITTIME
[DEBUG][2016-01-18 17:37:28,528][com.java.TestType] [ 5954] - sleepTime: 5000
[INFO ][2016-01-18 17:37:33,528][com.java.SeleniumDriver] [  930] -  RESULT true
[INFO ][2016-01-18 17:37:33,528][com.java.SeleniumDriver] [ 1136] - ?   P A S S   ?
[INFO ][2016-01-18 17:37:33,528][com.java.SeleniumDriver] [  856] - ------------------------------------------
[INFO ][2016-01-18 17:37:33,528][com.java.SeleniumDriver] [  857] - Test case being Executed: 37
[INFO ][2016-01-18 17:37:33,528][com.java.SeleniumDriver] [  869] - Test step:20
[INFO ][2016-01-18 17:37:33,528][com.java.SeleniumDriver] [  881] - Datavalue is----------HMVSample
[INFO ][2016-01-18 17:37:33,528][com.java.SeleniumDriver] [  905] - DataField : XPH//div[@class="modal-body form-horizontal"]/div/div/input
[INFO ][2016-01-18 17:37:33,528][com.java.SeleniumDriver] [  907] - DataValue : HMVSample
[INFO ][2016-01-18 17:37:33,528][com.java.SeleniumDriver] [  913] - <In Set values of the page>
[INFO ][2016-01-18 17:37:33,528][com.java.SeleniumDriver] [  916] - {Data Fields & Data Values Exist}
[INFO ][2016-01-18 17:37:33,528][com.java.SeleniumDriver] [  918] - --------------------------setting values-----------------------------
[INFO ][2016-01-18 17:37:33,528][com.java.SeleniumDriver] [  921] - Action Type : VERIFY
[INFO ][2016-01-18 17:37:33,529][com.java.TestType] [ 7648] - field= XPH//div[@class="modal-body form-horizontal"]/div/div/input value= HMVSample
[INFO ][2016-01-18 17:37:33,529][com.java.TestType] [ 6140] - value = 
[ERROR][2016-01-18 17:37:54,043][com.java.TestType] [ 8156] - Element  not found ://div[@class="modal-body form-horizontal"]/div/div/input
[INFO ][2016-01-18 17:37:54,044][com.java.SeleniumDriver] [  930] -  RESULT false
[INFO ][2016-01-18 17:37:54,044][com.java.SeleniumDriver] [  977] - ?   F A I L   ?
[INFO ][2016-01-18 17:37:54,044][com.java.SeleniumDriver] [  985] - Browser Type : IE10
[INFO ][2016-01-18 17:37:54,044][com.java.SeleniumDriver] [  986] - Adding Failed case37
[INFO ][2016-01-18 17:37:54,328][com.java.SeleniumDriver] [ 1100] - failedCases = 37
[ERROR][2016-01-18 17:37:54,329][com.java.SeleniumDriver] [ 1599] - Platform Errors : Our apologies...::We have encountered an issue with your request.::Our apologies?:We encountered an issue with your request.
[INFO ][2016-01-18 17:37:54,329][com.java.SeleniumDriver] [ 1603] - Length =3
[ERROR][2016-01-18 17:37:54,329][com.java.SeleniumDriver] [ 1606] - Error 0 = Our apologies...
[ERROR][2016-01-18 17:37:54,396][com.java.SeleniumDriver] [ 1606] - Error 1 = We have encountered an issue with your request.
[ERROR][2016-01-18 17:37:54,413][com.java.SeleniumDriver] [ 1606] - Error 2 = Our apologies?:We encountered an issue with your request.
[INFO ][2016-01-18 17:37:54,430][com.java.SeleniumDriver] [ 1617] - strError:
[DEBUG][2016-01-18 17:37:54,447][com.java.SeleniumDriver] [ 1248] - Case found
[DEBUG][2016-01-18 17:37:54,447][com.java.SeleniumDriver] [ 1253] - Incrementing ReportCounters[0]:2
[INFO ][2016-01-18 17:37:54,447][com.java.SeleniumDriver] [ 1272] - The results are-------------------[37, 20, Admin: GL Mapping: Profit Centers: Profit Center Save Prompt Displays When Leaving Screen, Fail, 
Test case failed at Step No. :: 20   Error Message ::  Element not found://div[@class="modal-body form-horizontal"]/div/div/input. Screen Shot : D:\BankersDashboard\TestReports\011816\37_011816_173754_IE10.png, Mon Jan 18 17:37:54 IST 2016]
[INFO ][2016-01-18 17:37:54,447][com.java.SeleniumDriver] [ 1276] - End time is-------1 min 56 sec
[INFO ][2016-01-18 17:37:54,447][com.java.SeleniumDriver] [ 1277] - The results are-------------------[37, 20, Admin: GL Mapping: Profit Centers: Profit Center Save Prompt Displays When Leaving Screen, Fail, 
Test case failed at Step No. :: 20   Error Message ::  Element not found://div[@class="modal-body form-horizontal"]/div/div/input. Screen Shot : D:\BankersDashboard\TestReports\011816\37_011816_173754_IE10.png, Mon Jan 18 17:37:54 IST 2016]
[DEBUG][2016-01-18 17:37:54,447][com.java.ImportnExport.ExportTestResultsExcel] [  222] - testResultPath = D:\BankersDashboard/TestReports/Test Results_BankersDashBoard_011816_173559_IE10_Any Bank USA.xls
[DEBUG][2016-01-18 17:37:54,447][com.java.ImportnExport.ExportTestResultsExcel] [  223] - browser is------------IE10
[DEBUG][2016-01-18 17:37:54,450][com.java.ImportnExport.ExportTestResultsExcel] [  270] - result.size() = 6
[DEBUG][2016-01-18 17:37:54,450][com.java.ImportnExport.ExportTestResultsExcel] [  274] - No of rows in sheet=2
[DEBUG][2016-01-18 17:37:54,450][com.java.ImportnExport.ExportTestResultsExcel] [  301] - ..in export..37
[DEBUG][2016-01-18 17:37:54,450][com.java.ImportnExport.ExportTestResultsExcel] [  301] - ..in export..Admin: GL Mapping: Profit Centers: Profit Center Save Prompt Displays When Leaving Screen
[DEBUG][2016-01-18 17:37:54,450][com.java.ImportnExport.ExportTestResultsExcel] [  301] - ..in export..Fail
[DEBUG][2016-01-18 17:37:54,450][com.java.ImportnExport.ExportTestResultsExcel] [  301] - ..in export..
Test case failed at Step No. :: 20   Error Message ::  Element not found://div[@class="modal-body form-horizontal"]/div/div/input. Screen Shot : D:\BankersDashboard\TestReports\011816\37_011816_173754_IE10.png
[DEBUG][2016-01-18 17:37:54,450][com.java.ImportnExport.ExportTestResultsExcel] [  301] - ..in export..Mon Jan 18 17:37:54 IST 2016
[INFO ][2016-01-18 17:37:54,452][com.java.SeleniumDriver] [ 1337] - out loop:1 size:5 TestCases:[1, 37, 38, 39, 40] testcases:[1, 37, 38, 39, 40]
[INFO ][2016-01-18 17:37:54,452][com.java.ImportnExport.ImportTestDataDetailsExcel] [   49] - test data details path===== D:\BankersDashboard\TestInputs\TestData.xls
[INFO ][2016-01-18 17:38:10,712][com.java.SeleniumDriver] [  856] - ------------------------------------------
[INFO ][2016-01-18 17:38:10,712][com.java.SeleniumDriver] [  857] - Test case being Executed: 38
[INFO ][2016-01-18 17:38:10,712][com.java.SeleniumDriver] [  869] - Test step:1
[INFO ][2016-01-18 17:38:10,712][com.java.SeleniumDriver] [  881] - Datavalue is----------Logout
[INFO ][2016-01-18 17:38:10,712][com.java.SeleniumDriver] [  905] - DataField : BTN
[INFO ][2016-01-18 17:38:10,712][com.java.SeleniumDriver] [  907] - DataValue : Logout
[INFO ][2016-01-18 17:38:10,714][com.java.SeleniumDriver] [  913] - <In Set values of the page>
[INFO ][2016-01-18 17:38:10,714][com.java.SeleniumDriver] [  916] - {Data Fields & Data Values Exist}
[INFO ][2016-01-18 17:38:10,714][com.java.SeleniumDriver] [  918] - --------------------------setting values-----------------------------
[INFO ][2016-01-18 17:38:10,714][com.java.SeleniumDriver] [  921] - Action Type : Verify
[INFO ][2016-01-18 17:38:10,714][com.java.TestType] [ 7648] - field= BTN value= Logout
[INFO ][2016-01-18 17:38:10,714][com.java.TestType] [ 6140] - value = Logout
[INFO ][2016-01-18 17:38:10,800][com.java.SeleniumDriver] [  930] -  RESULT true
[INFO ][2016-01-18 17:38:10,800][com.java.SeleniumDriver] [ 1136] - ?   P A S S   ?
[INFO ][2016-01-18 17:38:10,800][com.java.SeleniumDriver] [ 1178] - step change to 3
[INFO ][2016-01-18 17:38:10,800][com.java.SeleniumDriver] [  856] - ------------------------------------------
[INFO ][2016-01-18 17:38:10,801][com.java.SeleniumDriver] [  857] - Test case being Executed: 38
[INFO ][2016-01-18 17:38:10,801][com.java.SeleniumDriver] [  869] - Test step:3
[INFO ][2016-01-18 17:38:10,801][com.java.SeleniumDriver] [  881] - Datavalue is----------Concept#2:1-2
[INFO ][2016-01-18 17:38:10,801][com.java.SeleniumDriver] [  905] - DataField : test
[INFO ][2016-01-18 17:38:10,801][com.java.SeleniumDriver] [  907] - DataValue : Concept#2:1-2
[INFO ][2016-01-18 17:38:10,801][com.java.SeleniumDriver] [  913] - <In Set values of the page>
[INFO ][2016-01-18 17:38:10,802][com.java.SeleniumDriver] [  916] - {Data Fields & Data Values Exist}
[INFO ][2016-01-18 17:38:10,803][com.java.SeleniumDriver] [  918] - --------------------------setting values-----------------------------
[INFO ][2016-01-18 17:38:10,803][com.java.SeleniumDriver] [  921] - Action Type : EXECUTETESTCASE
[INFO ][2016-01-18 17:38:10,803][com.java.TestType] [  437] - The Concept sheet name is ---------- Concept
[INFO ][2016-01-18 17:38:10,803][com.java.TestType] [  440] - The Concept ID  is ---------- 2
[DEBUG][2016-01-18 17:38:10,803][com.java.TestType] [  444] - Steps being executted in the Concept are: 1:2
[INFO ][2016-01-18 17:38:10,803][com.java.TestType] [  451] - Test data details path ---------- D:\BankersDashboard\TestInputs\TestData.xls
[INFO ][2016-01-18 17:38:10,837][com.java.TestType] [  482] -  str(1) = 2
[INFO ][2016-01-18 17:38:10,838][com.java.TestType] [  485] - Test case Id is---2
[INFO ][2016-01-18 17:38:10,838][com.java.TestType] [  487] - 2
[INFO ][2016-01-18 17:38:10,838][com.java.TestType] [  482] -  str(2) = 1
[INFO ][2016-01-18 17:38:10,840][com.java.TestType] [  482] -  str(1) = 2
[INFO ][2016-01-18 17:38:10,840][com.java.TestType] [  485] - Test case Id is---2
[INFO ][2016-01-18 17:38:10,840][com.java.TestType] [  487] - 2
[INFO ][2016-01-18 17:38:10,840][com.java.TestType] [  482] -  str(2) = 2
[INFO ][2016-01-18 17:38:10,840][com.java.TestType] [  482] -  str(1) = 2
[INFO ][2016-01-18 17:38:10,841][com.java.TestType] [  485] - Test case Id is---2
[INFO ][2016-01-18 17:38:10,841][com.java.TestType] [  487] - 2
[INFO ][2016-01-18 17:38:10,841][com.java.TestType] [  482] -  str(2) = 3
[INFO ][2016-01-18 17:38:10,841][com.java.TestType] [11315] - Looping 1TCID = 2
[DEBUG][2016-01-18 17:38:10,841][com.java.TestType] [11356] - Concept ID:2 :: Step being Executed: 2::1
[INFO ][2016-01-18 17:38:10,842][com.java.TestType] [11394] - dataFields : BNK//select[@id='bank']
[DEBUG][2016-01-18 17:38:10,842][com.java.TestType] [11400] - <In Set values of the page>
[DEBUG][2016-01-18 17:38:10,842][com.java.TestType] [11405] - {Data Fields & Data Values Exist}
[INFO ][2016-01-18 17:38:10,842][com.java.TestType] [11411] - --------------------------setting values-----------------------------
[INFO ][2016-01-18 17:38:10,842][com.java.TestType] [11414] - Action Type : Select
[INFO ][2016-01-18 17:38:10,842][com.java.TestType] [ 6140] - value = PFC
[INFO ][2016-01-18 17:38:11,053][com.java.TestType] [11433] -  RESULT true
[INFO ][2016-01-18 17:38:11,054][com.java.TestType] [11550] - ?   P A S S   ?
[DEBUG][2016-01-18 17:38:11,054][com.java.TestType] [11356] - Concept ID:2 :: Step being Executed: 2::2
[INFO ][2016-01-18 17:38:11,054][com.java.TestType] [11394] - dataFields : LNKLogout
[DEBUG][2016-01-18 17:38:11,054][com.java.TestType] [11400] - <In Set values of the page>
[DEBUG][2016-01-18 17:38:11,054][com.java.TestType] [11405] - {Data Fields & Data Values Exist}
[INFO ][2016-01-18 17:38:11,054][com.java.TestType] [11411] - --------------------------setting values-----------------------------
[INFO ][2016-01-18 17:38:11,054][com.java.TestType] [11414] - Action Type : WaitTime
[DEBUG][2016-01-18 17:38:11,054][com.java.TestType] [ 5954] - sleepTime: 5000
[INFO ][2016-01-18 17:38:16,055][com.java.TestType] [11433] -  RESULT true
[INFO ][2016-01-18 17:38:16,055][com.java.TestType] [11550] - ?   P A S S   ?
[INFO ][2016-01-18 17:38:16,055][com.java.TestType] [11621] - Looping End......
[INFO ][2016-01-18 17:38:16,059][com.java.SeleniumDriver] [  930] -  RESULT true
[INFO ][2016-01-18 17:38:16,059][com.java.SeleniumDriver] [ 1136] - ?   P A S S   ?
[INFO ][2016-01-18 17:38:16,059][com.java.SeleniumDriver] [  856] - ------------------------------------------
[INFO ][2016-01-18 17:38:16,059][com.java.SeleniumDriver] [  857] - Test case being Executed: 38
[INFO ][2016-01-18 17:38:16,059][com.java.SeleniumDriver] [  869] - Test step:4
[INFO ][2016-01-18 17:38:16,059][com.java.SeleniumDriver] [  881] - Datavalue is----------null
[DEBUG][2016-01-18 17:38:16,059][com.java.SeleniumDriver] [  899] - Exception: null
[INFO ][2016-01-18 17:38:16,059][com.java.SeleniumDriver] [  905] - DataField : //span[@class='icon-user4']&&//a[text()='G/L Mapping']&&//a[@data-id="ProfitCenters"]
[INFO ][2016-01-18 17:38:16,060][com.java.SeleniumDriver] [  907] - DataValue : 
[INFO ][2016-01-18 17:38:16,060][com.java.SeleniumDriver] [  913] - <In Set values of the page>
[INFO ][2016-01-18 17:38:16,060][com.java.SeleniumDriver] [  916] - {Data Fields & Data Values Exist}
[INFO ][2016-01-18 17:38:16,060][com.java.SeleniumDriver] [  918] - --------------------------setting values-----------------------------
[INFO ][2016-01-18 17:38:16,060][com.java.SeleniumDriver] [  921] - Action Type : MOUSEOVER
