[INFO ][2015-11-13 13:09:41,436][com.java.SeleniumDriver] [  213] - Execute Failed Casesfalse
[INFO ][2015-11-13 13:09:41,436][com.java.SeleniumDriver] [  214] - Browser: IE11
[INFO ][2015-11-13 13:09:41,436][com.java.SeleniumDriver] [  215] - [1, 5]
[INFO ][2015-11-13 13:09:41,436][com.java.SeleniumDriver] [  216] - Total TestCases:2
[INFO ][2015-11-13 13:09:41,436][com.java.SeleniumDriver] [  217] -  Reading Properties from Property File 
[DEBUG][2015-11-13 13:09:41,436][com.java.SeleniumDriver] [  238] - url : https://clients-xuat.bankersdashboard.com
[INFO ][2015-11-13 13:09:41,446][com.java.ImportnExport.ExportTestResultsExcel] [  116] - Time Stamp Fri Nov 13 01:09:41 IST 2015
[INFO ][2015-11-13 13:09:41,446][com.java.ImportnExport.ExportTestResultsExcel] [  175] - OUT FILE : D:\BankersDashboard/TestReports/Test Results_BankersDashBoard_111315_130941_IE11_Any Bank USA.xls
[INFO ][2015-11-13 13:09:41,467][com.java.ImportnExport.ExportTestResultsExcel] [  180] - Test Result file is created
[DEBUG][2015-11-13 13:09:41,567][com.java.SeleniumDriver] [  425] - Hub ip address is-------172.17.68.34
[INFO ][2015-11-13 13:09:41,567][com.java.SeleniumDriver] [  451] - Grid URL:http://172.17.68.34:4444/wd/hub
[INFO ][2015-11-13 13:09:41,567][com.java.SeleniumDriver] [  452] - Capability:Capabilities [{platform=ANY, ensureCleanSession=true, ignoreProtectedModeSettings=true, acceptSslCerts=true, ignoreZoomSetting=true, browserName=internet explorer, browserstack.ie.noFlash=true, version=Node1}]
[ERROR][2015-11-13 13:09:42,857][com.java.SeleniumDriver] [  496] - Unable invoke browser in grid:Could not start a new session. Possible causes are invalid address of the remote server or browser start-up failure.
Build info: version: '2.48.2', revision: '41bccdd', time: '2015-10-09 19:59:12'
System info: host: 'FVTIII438F1D', ip: '172.17.68.34', os.name: 'Windows 7', os.arch: 'x86', os.version: '6.1', java.version: '1.7.0_55'
Driver info: driver.version: SeleniumDriver
[INFO ][2015-11-13 13:09:42,857][com.java.SeleniumDriver] [  498] - Executing on local machine
[INFO ][2015-11-13 13:09:52,597][com.java.SeleniumDriver] [  248] - IE11is opened
[INFO ][2015-11-13 13:09:53,244][com.java.SeleniumDriver] [  753] - Test cases to be executed are: [1, 5]
[INFO ][2015-11-13 13:09:53,245][com.java.ImportnExport.ImportTestDataDetailsExcel] [   49] - test data details path===== D:\BankersDashboard\TestInputs\TestData.xls
[INFO ][2015-11-13 13:09:53,305][com.java.SeleniumDriver] [  796] - ------------------------------------------
[INFO ][2015-11-13 13:09:53,305][com.java.SeleniumDriver] [  797] - Test case being Executed: 1
[INFO ][2015-11-13 13:09:53,305][com.java.SeleniumDriver] [  808] - Test step:1
[INFO ][2015-11-13 13:09:53,305][com.java.SeleniumDriver] [  820] - Datavalue is----------Concept#1:1-14
[INFO ][2015-11-13 13:09:53,305][com.java.SeleniumDriver] [  844] - DataField : test
[INFO ][2015-11-13 13:09:53,305][com.java.SeleniumDriver] [  846] - DataValue : Concept#1:1-14
[INFO ][2015-11-13 13:09:53,305][com.java.SeleniumDriver] [  852] - <In Set values of the page>
[INFO ][2015-11-13 13:09:53,305][com.java.SeleniumDriver] [  855] - {Data Fields & Data Values Exist}
[INFO ][2015-11-13 13:09:53,305][com.java.SeleniumDriver] [  857] - --------------------------setting values-----------------------------
[INFO ][2015-11-13 13:09:53,305][com.java.SeleniumDriver] [  860] - Action Type : ExecuteTestCase
[INFO ][2015-11-13 13:09:53,325][com.java.TestType] [  423] - The Concept sheet name is ---------- Concept
[INFO ][2015-11-13 13:09:53,325][com.java.TestType] [  426] - The Concept ID  is ---------- 1
[DEBUG][2015-11-13 13:09:53,325][com.java.TestType] [  430] - Steps being executted in the Concept are: 1:14
[INFO ][2015-11-13 13:09:53,325][com.java.TestType] [  437] - Test data details path ---------- D:\BankersDashboard\TestInputs\TestData.xls
[INFO ][2015-11-13 13:09:53,355][com.java.TestType] [  468] -  str(1) = 1
[INFO ][2015-11-13 13:09:53,355][com.java.TestType] [  471] - Test case Id is---1
[INFO ][2015-11-13 13:09:53,355][com.java.TestType] [  473] - 1
[INFO ][2015-11-13 13:09:53,355][com.java.TestType] [  468] -  str(2) = 1
[INFO ][2015-11-13 13:09:53,355][com.java.TestType] [  520] - row values are--------{1=com.java.Objects.TestDataDetails@11bb20d}
[INFO ][2015-11-13 13:09:53,355][com.java.TestType] [  468] -  str(1) = 1
[INFO ][2015-11-13 13:09:53,355][com.java.TestType] [  471] - Test case Id is---1
[INFO ][2015-11-13 13:09:53,355][com.java.TestType] [  473] - 1
[INFO ][2015-11-13 13:09:53,355][com.java.TestType] [  468] -  str(2) = 2
[INFO ][2015-11-13 13:09:53,355][com.java.TestType] [  520] - row values are--------{1=com.java.Objects.TestDataDetails@11bb20d, 2=com.java.Objects.TestDataDetails@f180d9}
[INFO ][2015-11-13 13:09:53,355][com.java.TestType] [  468] -  str(1) = 1
[INFO ][2015-11-13 13:09:53,355][com.java.TestType] [  471] - Test case Id is---1
[INFO ][2015-11-13 13:09:53,355][com.java.TestType] [  473] - 1
[INFO ][2015-11-13 13:09:53,365][com.java.TestType] [  468] -  str(2) = 3
[INFO ][2015-11-13 13:09:53,365][com.java.TestType] [  520] - row values are--------{1=com.java.Objects.TestDataDetails@11bb20d, 2=com.java.Objects.TestDataDetails@f180d9, 3=com.java.Objects.TestDataDetails@1f6c1c1}
[INFO ][2015-11-13 13:09:53,365][com.java.TestType] [  468] -  str(1) = 1
[INFO ][2015-11-13 13:09:53,365][com.java.TestType] [  471] - Test case Id is---1
[INFO ][2015-11-13 13:09:53,365][com.java.TestType] [  473] - 1
[INFO ][2015-11-13 13:09:53,365][com.java.TestType] [  468] -  str(2) = 4
[INFO ][2015-11-13 13:09:53,365][com.java.TestType] [  520] - row values are--------{1=com.java.Objects.TestDataDetails@11bb20d, 2=com.java.Objects.TestDataDetails@f180d9, 3=com.java.Objects.TestDataDetails@1f6c1c1, 4=com.java.Objects.TestDataDetails@76a85e}
[INFO ][2015-11-13 13:09:53,365][com.java.TestType] [  468] -  str(1) = 1
[INFO ][2015-11-13 13:09:53,365][com.java.TestType] [  471] - Test case Id is---1
[INFO ][2015-11-13 13:09:53,365][com.java.TestType] [  473] - 1
[INFO ][2015-11-13 13:09:53,365][com.java.TestType] [  468] -  str(2) = 5
[INFO ][2015-11-13 13:09:53,365][com.java.TestType] [  520] - row values are--------{1=com.java.Objects.TestDataDetails@11bb20d, 2=com.java.Objects.TestDataDetails@f180d9, 3=com.java.Objects.TestDataDetails@1f6c1c1, 4=com.java.Objects.TestDataDetails@76a85e, 5=com.java.Objects.TestDataDetails@16fb175}
[INFO ][2015-11-13 13:09:53,365][com.java.TestType] [  468] -  str(1) = 1
[INFO ][2015-11-13 13:09:53,365][com.java.TestType] [  471] - Test case Id is---1
[INFO ][2015-11-13 13:09:53,365][com.java.TestType] [  473] - 1
[INFO ][2015-11-13 13:09:53,365][com.java.TestType] [  468] -  str(2) = 6
[INFO ][2015-11-13 13:09:53,365][com.java.TestType] [  520] - row values are--------{1=com.java.Objects.TestDataDetails@11bb20d, 2=com.java.Objects.TestDataDetails@f180d9, 3=com.java.Objects.TestDataDetails@1f6c1c1, 4=com.java.Objects.TestDataDetails@76a85e, 5=com.java.Objects.TestDataDetails@16fb175, 6=com.java.Objects.TestDataDetails@1d3477d}
[INFO ][2015-11-13 13:09:53,365][com.java.TestType] [  468] -  str(1) = 1
[INFO ][2015-11-13 13:09:53,365][com.java.TestType] [  471] - Test case Id is---1
[INFO ][2015-11-13 13:09:53,365][com.java.TestType] [  473] - 1
[INFO ][2015-11-13 13:09:53,365][com.java.TestType] [  468] -  str(2) = 7
[INFO ][2015-11-13 13:09:53,365][com.java.TestType] [  520] - row values are--------{1=com.java.Objects.TestDataDetails@11bb20d, 2=com.java.Objects.TestDataDetails@f180d9, 3=com.java.Objects.TestDataDetails@1f6c1c1, 4=com.java.Objects.TestDataDetails@76a85e, 5=com.java.Objects.TestDataDetails@16fb175, 6=com.java.Objects.TestDataDetails@1d3477d, 7=com.java.Objects.TestDataDetails@b9dbd2}
[INFO ][2015-11-13 13:09:53,365][com.java.TestType] [  468] -  str(1) = 1
[INFO ][2015-11-13 13:09:53,365][com.java.TestType] [  471] - Test case Id is---1
[INFO ][2015-11-13 13:09:53,365][com.java.TestType] [  473] - 1
[INFO ][2015-11-13 13:09:53,365][com.java.TestType] [  468] -  str(2) = 8
[INFO ][2015-11-13 13:09:53,375][com.java.TestType] [  520] - row values are--------{1=com.java.Objects.TestDataDetails@11bb20d, 2=com.java.Objects.TestDataDetails@f180d9, 3=com.java.Objects.TestDataDetails@1f6c1c1, 4=com.java.Objects.TestDataDetails@76a85e, 5=com.java.Objects.TestDataDetails@16fb175, 6=com.java.Objects.TestDataDetails@1d3477d, 7=com.java.Objects.TestDataDetails@b9dbd2, 8=com.java.Objects.TestDataDetails@4ddd18}
[INFO ][2015-11-13 13:09:53,375][com.java.TestType] [  468] -  str(1) = 1
[INFO ][2015-11-13 13:09:53,375][com.java.TestType] [  471] - Test case Id is---1
[INFO ][2015-11-13 13:09:53,375][com.java.TestType] [  473] - 1
[INFO ][2015-11-13 13:09:53,375][com.java.TestType] [  468] -  str(2) = 9
[INFO ][2015-11-13 13:09:53,375][com.java.TestType] [  520] - row values are--------{1=com.java.Objects.TestDataDetails@11bb20d, 2=com.java.Objects.TestDataDetails@f180d9, 3=com.java.Objects.TestDataDetails@1f6c1c1, 4=com.java.Objects.TestDataDetails@76a85e, 5=com.java.Objects.TestDataDetails@16fb175, 6=com.java.Objects.TestDataDetails@1d3477d, 7=com.java.Objects.TestDataDetails@b9dbd2, 8=com.java.Objects.TestDataDetails@4ddd18, 9=com.java.Objects.TestDataDetails@1ff3700}
[INFO ][2015-11-13 13:09:53,375][com.java.TestType] [  468] -  str(1) = 1
[INFO ][2015-11-13 13:09:53,375][com.java.TestType] [  471] - Test case Id is---1
[INFO ][2015-11-13 13:09:53,375][com.java.TestType] [  473] - 1
[INFO ][2015-11-13 13:09:53,375][com.java.TestType] [  468] -  str(2) = 10
[INFO ][2015-11-13 13:09:53,375][com.java.TestType] [  520] - row values are--------{1=com.java.Objects.TestDataDetails@11bb20d, 2=com.java.Objects.TestDataDetails@f180d9, 3=com.java.Objects.TestDataDetails@1f6c1c1, 4=com.java.Objects.TestDataDetails@76a85e, 5=com.java.Objects.TestDataDetails@16fb175, 6=com.java.Objects.TestDataDetails@1d3477d, 7=com.java.Objects.TestDataDetails@b9dbd2, 8=com.java.Objects.TestDataDetails@4ddd18, 9=com.java.Objects.TestDataDetails@1ff3700, 10=com.java.Objects.TestDataDetails@a204f3}
[INFO ][2015-11-13 13:09:53,375][com.java.TestType] [  468] -  str(1) = 1
[INFO ][2015-11-13 13:09:53,375][com.java.TestType] [  471] - Test case Id is---1
[INFO ][2015-11-13 13:09:53,375][com.java.TestType] [  473] - 1
[INFO ][2015-11-13 13:09:53,375][com.java.TestType] [  468] -  str(2) = 11
[INFO ][2015-11-13 13:09:53,375][com.java.TestType] [  520] - row values are--------{1=com.java.Objects.TestDataDetails@11bb20d, 2=com.java.Objects.TestDataDetails@f180d9, 3=com.java.Objects.TestDataDetails@1f6c1c1, 4=com.java.Objects.TestDataDetails@76a85e, 5=com.java.Objects.TestDataDetails@16fb175, 6=com.java.Objects.TestDataDetails@1d3477d, 7=com.java.Objects.TestDataDetails@b9dbd2, 8=com.java.Objects.TestDataDetails@4ddd18, 9=com.java.Objects.TestDataDetails@1ff3700, 10=com.java.Objects.TestDataDetails@a204f3, 11=com.java.Objects.TestDataDetails@30e7b}
[INFO ][2015-11-13 13:09:53,375][com.java.TestType] [  468] -  str(1) = 1
[INFO ][2015-11-13 13:09:53,375][com.java.TestType] [  471] - Test case Id is---1
[INFO ][2015-11-13 13:09:53,375][com.java.TestType] [  473] - 1
[INFO ][2015-11-13 13:09:53,375][com.java.TestType] [  468] -  str(2) = 12
[INFO ][2015-11-13 13:09:53,375][com.java.TestType] [  520] - row values are--------{1=com.java.Objects.TestDataDetails@11bb20d, 2=com.java.Objects.TestDataDetails@f180d9, 3=com.java.Objects.TestDataDetails@1f6c1c1, 4=com.java.Objects.TestDataDetails@76a85e, 5=com.java.Objects.TestDataDetails@16fb175, 6=com.java.Objects.TestDataDetails@1d3477d, 7=com.java.Objects.TestDataDetails@b9dbd2, 8=com.java.Objects.TestDataDetails@4ddd18, 9=com.java.Objects.TestDataDetails@1ff3700, 10=com.java.Objects.TestDataDetails@a204f3, 11=com.java.Objects.TestDataDetails@30e7b, 12=com.java.Objects.TestDataDetails@1ff3900}
[INFO ][2015-11-13 13:09:53,375][com.java.TestType] [  468] -  str(1) = 1
[INFO ][2015-11-13 13:09:53,375][com.java.TestType] [  471] - Test case Id is---1
[INFO ][2015-11-13 13:09:53,375][com.java.TestType] [  473] - 1
[INFO ][2015-11-13 13:09:53,375][com.java.TestType] [  468] -  str(2) = 13
[INFO ][2015-11-13 13:09:53,375][com.java.TestType] [  520] - row values are--------{1=com.java.Objects.TestDataDetails@11bb20d, 2=com.java.Objects.TestDataDetails@f180d9, 3=com.java.Objects.TestDataDetails@1f6c1c1, 4=com.java.Objects.TestDataDetails@76a85e, 5=com.java.Objects.TestDataDetails@16fb175, 6=com.java.Objects.TestDataDetails@1d3477d, 7=com.java.Objects.TestDataDetails@b9dbd2, 8=com.java.Objects.TestDataDetails@4ddd18, 9=com.java.Objects.TestDataDetails@1ff3700, 10=com.java.Objects.TestDataDetails@a204f3, 11=com.java.Objects.TestDataDetails@30e7b, 12=com.java.Objects.TestDataDetails@1ff3900, 13=com.java.Objects.TestDataDetails@19fc0de}
[INFO ][2015-11-13 13:09:53,375][com.java.TestType] [  468] -  str(1) = 1
[INFO ][2015-11-13 13:09:53,375][com.java.TestType] [  471] - Test case Id is---1
[INFO ][2015-11-13 13:09:53,375][com.java.TestType] [  473] - 1
[INFO ][2015-11-13 13:09:53,375][com.java.TestType] [  468] -  str(2) = 14
[INFO ][2015-11-13 13:09:53,385][com.java.TestType] [  520] - row values are--------{1=com.java.Objects.TestDataDetails@11bb20d, 2=com.java.Objects.TestDataDetails@f180d9, 3=com.java.Objects.TestDataDetails@1f6c1c1, 4=com.java.Objects.TestDataDetails@76a85e, 5=com.java.Objects.TestDataDetails@16fb175, 6=com.java.Objects.TestDataDetails@1d3477d, 7=com.java.Objects.TestDataDetails@b9dbd2, 8=com.java.Objects.TestDataDetails@4ddd18, 9=com.java.Objects.TestDataDetails@1ff3700, 10=com.java.Objects.TestDataDetails@a204f3, 11=com.java.Objects.TestDataDetails@30e7b, 12=com.java.Objects.TestDataDetails@1ff3900, 13=com.java.Objects.TestDataDetails@19fc0de, 14=com.java.Objects.TestDataDetails@9ac1e4}
[INFO ][2015-11-13 13:09:53,385][com.java.TestType] [ 8566] - Looping 1TCID = 1
[DEBUG][2015-11-13 13:09:53,385][com.java.TestType] [ 8607] - Concept ID:1 :: Step being Executed: 1::1
[INFO ][2015-11-13 13:09:53,385][com.java.TestType] [ 8645] - dataFields : TXTusername
[DEBUG][2015-11-13 13:09:53,385][com.java.TestType] [ 8651] - <In Set values of the page>
[DEBUG][2015-11-13 13:09:53,385][com.java.TestType] [ 8656] - {Data Fields & Data Values Exist}
[INFO ][2015-11-13 13:09:53,385][com.java.TestType] [ 8662] - --------------------------setting values-----------------------------
[INFO ][2015-11-13 13:09:53,385][com.java.TestType] [ 8665] - Action Type : CLEARANDENTER
[INFO ][2015-11-13 13:09:53,385][com.java.TestType] [ 4320] - value = naresh.nayini.00000
[INFO ][2015-11-13 13:09:58,233][com.java.TestType] [ 8684] -  RESULT true
[INFO ][2015-11-13 13:09:58,233][com.java.TestType] [ 8801] - ?   P A S S   ?
[DEBUG][2015-11-13 13:09:58,233][com.java.TestType] [ 8607] - Concept ID:1 :: Step being Executed: 1::2
[INFO ][2015-11-13 13:09:58,233][com.java.TestType] [ 8645] - dataFields : TXTpassword
[DEBUG][2015-11-13 13:09:58,233][com.java.TestType] [ 8651] - <In Set values of the page>
[DEBUG][2015-11-13 13:09:58,233][com.java.TestType] [ 8656] - {Data Fields & Data Values Exist}
[INFO ][2015-11-13 13:09:58,233][com.java.TestType] [ 8662] - --------------------------setting values-----------------------------
[INFO ][2015-11-13 13:09:58,233][com.java.TestType] [ 8665] - Action Type : CLEARANDENTER
[INFO ][2015-11-13 13:09:58,233][com.java.TestType] [ 4320] - value = Password1*
[INFO ][2015-11-13 13:10:03,210][com.java.TestType] [ 8684] -  RESULT true
[INFO ][2015-11-13 13:10:03,210][com.java.TestType] [ 8801] - ?   P A S S   ?
[DEBUG][2015-11-13 13:10:03,210][com.java.TestType] [ 8607] - Concept ID:1 :: Step being Executed: 1::3
[ERROR][2015-11-13 13:10:03,210][com.java.TestType] [ 8640] - Exception: null
[INFO ][2015-11-13 13:10:03,210][com.java.TestType] [ 8645] - dataFields : XPH//button[@type='submit']
[DEBUG][2015-11-13 13:10:03,210][com.java.TestType] [ 8651] - <In Set values of the page>
[DEBUG][2015-11-13 13:10:03,210][com.java.TestType] [ 8656] - {Data Fields & Data Values Exist}
[INFO ][2015-11-13 13:10:03,210][com.java.TestType] [ 8662] - --------------------------setting values-----------------------------
[INFO ][2015-11-13 13:10:03,210][com.java.TestType] [ 8665] - Action Type : Click
[INFO ][2015-11-13 13:10:03,210][com.java.TestType] [ 4633] - Field ::XPH//button[@type='submit']
[INFO ][2015-11-13 13:10:04,210][com.java.TestType] [ 4692] - BEFORE CLICK
[INFO ][2015-11-13 13:10:14,828][com.java.TestType] [ 4700] - Unable to click the object Login
[INFO ][2015-11-13 13:10:14,828][com.java.TestType] [ 8684] -  RESULT true
[INFO ][2015-11-13 13:10:14,828][com.java.TestType] [ 8801] - ?   P A S S   ?
[DEBUG][2015-11-13 13:10:14,828][com.java.TestType] [ 8607] - Concept ID:1 :: Step being Executed: 1::4
[INFO ][2015-11-13 13:10:14,828][com.java.TestType] [ 8645] - dataFields : LNKLogout
[DEBUG][2015-11-13 13:10:14,828][com.java.TestType] [ 8651] - <In Set values of the page>
[DEBUG][2015-11-13 13:10:14,828][com.java.TestType] [ 8656] - {Data Fields & Data Values Exist}
[INFO ][2015-11-13 13:10:14,828][com.java.TestType] [ 8662] - --------------------------setting values-----------------------------
[INFO ][2015-11-13 13:10:14,828][com.java.TestType] [ 8665] - Action Type : WaitForElement
[INFO ][2015-11-13 13:10:14,869][com.java.TestType] [ 8684] -  RESULT true
[INFO ][2015-11-13 13:10:14,869][com.java.TestType] [ 8801] - ?   P A S S   ?
[DEBUG][2015-11-13 13:10:14,869][com.java.TestType] [ 8607] - Concept ID:1 :: Step being Executed: 1::13
[INFO ][2015-11-13 13:10:14,869][com.java.TestType] [ 8645] - dataFields : LNK
[DEBUG][2015-11-13 13:10:14,869][com.java.TestType] [ 8651] - <In Set values of the page>
[DEBUG][2015-11-13 13:10:14,869][com.java.TestType] [ 8656] - {Data Fields & Data Values Exist}
[INFO ][2015-11-13 13:10:14,869][com.java.TestType] [ 8662] - --------------------------setting values-----------------------------
[INFO ][2015-11-13 13:10:14,869][com.java.TestType] [ 8665] - Action Type : Verify
[INFO ][2015-11-13 13:10:14,869][com.java.TestType] [ 5427] - field= LNK value= Logout
[INFO ][2015-11-13 13:10:14,869][com.java.TestType] [ 4320] - value = Logout
[INFO ][2015-11-13 13:10:14,909][com.java.TestType] [ 8684] -  RESULT true
[INFO ][2015-11-13 13:10:14,909][com.java.TestType] [ 8801] - ?   P A S S   ?
[DEBUG][2015-11-13 13:10:14,909][com.java.TestType] [ 8607] - Concept ID:1 :: Step being Executed: 1::14
[INFO ][2015-11-13 13:10:14,909][com.java.TestType] [ 8645] - dataFields : BTN
[DEBUG][2015-11-13 13:10:14,909][com.java.TestType] [ 8651] - <In Set values of the page>
[DEBUG][2015-11-13 13:10:14,909][com.java.TestType] [ 8656] - {Data Fields & Data Values Exist}
[INFO ][2015-11-13 13:10:14,909][com.java.TestType] [ 8662] - --------------------------setting values-----------------------------
[INFO ][2015-11-13 13:10:14,909][com.java.TestType] [ 8665] - Action Type : Verify
[INFO ][2015-11-13 13:10:14,909][com.java.TestType] [ 5427] - field= BTN value= //img[contains(@src,'bdlogo.jpg')]
[INFO ][2015-11-13 13:10:14,909][com.java.TestType] [ 4320] - value = //img[contains(@src,'bdlogo.jpg')]
[INFO ][2015-11-13 13:10:14,949][com.java.TestType] [ 8684] -  RESULT true
[INFO ][2015-11-13 13:10:14,949][com.java.TestType] [ 8801] - ?   P A S S   ?
[INFO ][2015-11-13 13:10:14,949][com.java.TestType] [ 8872] - Looping End......
[INFO ][2015-11-13 13:10:14,949][com.java.SeleniumDriver] [  869] -  RESULT true
[INFO ][2015-11-13 13:10:14,949][com.java.SeleniumDriver] [ 1074] - ?   P A S S   ?
[INFO ][2015-11-13 13:10:14,949][com.java.SeleniumDriver] [  796] - ------------------------------------------
[INFO ][2015-11-13 13:10:14,949][com.java.SeleniumDriver] [  797] - Test case being Executed: 1
[INFO ][2015-11-13 13:10:14,949][com.java.SeleniumDriver] [  808] - Test step:2
[INFO ][2015-11-13 13:10:14,949][com.java.SeleniumDriver] [  820] - Datavalue is----------Concept#2:1-2
[INFO ][2015-11-13 13:10:14,949][com.java.SeleniumDriver] [  844] - DataField : test
[INFO ][2015-11-13 13:10:14,949][com.java.SeleniumDriver] [  846] - DataValue : Concept#2:1-2
[INFO ][2015-11-13 13:10:14,949][com.java.SeleniumDriver] [  852] - <In Set values of the page>
[INFO ][2015-11-13 13:10:14,949][com.java.SeleniumDriver] [  855] - {Data Fields & Data Values Exist}
[INFO ][2015-11-13 13:10:14,949][com.java.SeleniumDriver] [  857] - --------------------------setting values-----------------------------
[INFO ][2015-11-13 13:10:14,949][com.java.SeleniumDriver] [  860] - Action Type : ExecuteTestCase
[INFO ][2015-11-13 13:10:14,949][com.java.TestType] [  423] - The Concept sheet name is ---------- Concept
[INFO ][2015-11-13 13:10:14,949][com.java.TestType] [  426] - The Concept ID  is ---------- 2
[DEBUG][2015-11-13 13:10:14,949][com.java.TestType] [  430] - Steps being executted in the Concept are: 1:2
[INFO ][2015-11-13 13:10:14,949][com.java.TestType] [  437] - Test data details path ---------- D:\BankersDashboard\TestInputs\TestData.xls
[INFO ][2015-11-13 13:10:14,979][com.java.TestType] [  468] -  str(1) = 2
[INFO ][2015-11-13 13:10:14,979][com.java.TestType] [  471] - Test case Id is---2
[INFO ][2015-11-13 13:10:14,979][com.java.TestType] [  473] - 2
[INFO ][2015-11-13 13:10:14,979][com.java.TestType] [  468] -  str(2) = 1
[INFO ][2015-11-13 13:10:14,979][com.java.TestType] [  520] - row values are--------{1=com.java.Objects.TestDataDetails@643af4}
[INFO ][2015-11-13 13:10:14,979][com.java.TestType] [  468] -  str(1) = 2
[INFO ][2015-11-13 13:10:14,979][com.java.TestType] [  471] - Test case Id is---2
[INFO ][2015-11-13 13:10:14,979][com.java.TestType] [  473] - 2
[INFO ][2015-11-13 13:10:14,979][com.java.TestType] [  468] -  str(2) = 2
[INFO ][2015-11-13 13:10:14,979][com.java.TestType] [  520] - row values are--------{1=com.java.Objects.TestDataDetails@643af4, 2=com.java.Objects.TestDataDetails@1e31adc}
[INFO ][2015-11-13 13:10:14,979][com.java.TestType] [  468] -  str(1) = 2
[INFO ][2015-11-13 13:10:14,979][com.java.TestType] [  471] - Test case Id is---2
[INFO ][2015-11-13 13:10:14,979][com.java.TestType] [  473] - 2
[INFO ][2015-11-13 13:10:14,979][com.java.TestType] [  468] -  str(2) = 3
[INFO ][2015-11-13 13:10:14,979][com.java.TestType] [  520] - row values are--------{1=com.java.Objects.TestDataDetails@643af4, 2=com.java.Objects.TestDataDetails@1e31adc, 3=com.java.Objects.TestDataDetails@1b0ffeb}
[INFO ][2015-11-13 13:10:14,979][com.java.TestType] [ 8566] - Looping 1TCID = 2
[DEBUG][2015-11-13 13:10:14,979][com.java.TestType] [ 8607] - Concept ID:2 :: Step being Executed: 2::1
[INFO ][2015-11-13 13:10:14,979][com.java.TestType] [ 8645] - dataFields : BNK//select[@id='bank']
[DEBUG][2015-11-13 13:10:14,979][com.java.TestType] [ 8651] - <In Set values of the page>
[DEBUG][2015-11-13 13:10:14,989][com.java.TestType] [ 8656] - {Data Fields & Data Values Exist}
[INFO ][2015-11-13 13:10:14,989][com.java.TestType] [ 8662] - --------------------------setting values-----------------------------
[INFO ][2015-11-13 13:10:14,989][com.java.TestType] [ 8665] - Action Type : Select
[INFO ][2015-11-13 13:10:14,989][com.java.TestType] [ 4320] - value = PFC
[INFO ][2015-11-13 13:10:15,169][com.java.TestType] [ 8684] -  RESULT true
[INFO ][2015-11-13 13:10:15,169][com.java.TestType] [ 8801] - ?   P A S S   ?
[DEBUG][2015-11-13 13:10:15,169][com.java.TestType] [ 8607] - Concept ID:2 :: Step being Executed: 2::2
[INFO ][2015-11-13 13:10:15,169][com.java.TestType] [ 8645] - dataFields : LNKLogout
[DEBUG][2015-11-13 13:10:15,169][com.java.TestType] [ 8651] - <In Set values of the page>
[DEBUG][2015-11-13 13:10:15,169][com.java.TestType] [ 8656] - {Data Fields & Data Values Exist}
[INFO ][2015-11-13 13:10:15,169][com.java.TestType] [ 8662] - --------------------------setting values-----------------------------
[INFO ][2015-11-13 13:10:15,169][com.java.TestType] [ 8665] - Action Type : WaitTime
[DEBUG][2015-11-13 13:10:15,169][com.java.TestType] [ 4155] - sleepTime: 5000
[INFO ][2015-11-13 13:10:20,174][com.java.TestType] [ 8684] -  RESULT true
[INFO ][2015-11-13 13:10:20,174][com.java.TestType] [ 8801] - ?   P A S S   ?
[INFO ][2015-11-13 13:10:20,174][com.java.TestType] [ 8872] - Looping End......
[INFO ][2015-11-13 13:10:20,174][com.java.SeleniumDriver] [  869] -  RESULT true
[INFO ][2015-11-13 13:10:20,174][com.java.SeleniumDriver] [ 1074] - ?   P A S S   ?
[INFO ][2015-11-13 13:10:20,174][com.java.SeleniumDriver] [  796] - ------------------------------------------
[INFO ][2015-11-13 13:10:20,174][com.java.SeleniumDriver] [  797] - Test case being Executed: 1
[INFO ][2015-11-13 13:10:20,174][com.java.SeleniumDriver] [  808] - Test step:3
[INFO ][2015-11-13 13:10:20,174][com.java.SeleniumDriver] [  820] - Datavalue is----------2
[INFO ][2015-11-13 13:10:20,174][com.java.SeleniumDriver] [  844] - DataField : XPH//button[contains(text(),'Add Content')]
[INFO ][2015-11-13 13:10:20,174][com.java.SeleniumDriver] [  846] - DataValue : 2
[INFO ][2015-11-13 13:10:20,174][com.java.SeleniumDriver] [  852] - <In Set values of the page>
[INFO ][2015-11-13 13:10:20,174][com.java.SeleniumDriver] [  855] - {Data Fields & Data Values Exist}
[INFO ][2015-11-13 13:10:20,174][com.java.SeleniumDriver] [  857] - --------------------------setting values-----------------------------
[INFO ][2015-11-13 13:10:20,174][com.java.SeleniumDriver] [  860] - Action Type : WAITFORELEMENT
[INFO ][2015-11-13 13:10:20,215][com.java.SeleniumDriver] [  869] -  RESULT true
[INFO ][2015-11-13 13:10:20,215][com.java.SeleniumDriver] [ 1074] - ?   P A S S   ?
[DEBUG][2015-11-13 13:10:20,215][com.java.SeleniumDriver] [ 1176] - Case found
[DEBUG][2015-11-13 13:10:20,215][com.java.SeleniumDriver] [ 1181] - Incrementing ReportCounters[0]:1
[INFO ][2015-11-13 13:10:20,215][com.java.SeleniumDriver] [ 1200] - The results are-------------------[1, 1, Valid Login, Pass, , Fri Nov 13 13:10:14 IST 2015, 1, 2, Valid Login, Pass, , Fri Nov 13 13:10:20 IST 2015, 1, 3, Valid Login, Pass, , Fri Nov 13 13:10:20 IST 2015]
[INFO ][2015-11-13 13:10:20,215][com.java.SeleniumDriver] [ 1204] - End time is-------40 sec
[INFO ][2015-11-13 13:10:20,215][com.java.SeleniumDriver] [ 1205] - The results are-------------------[1, 1, Valid Login, Pass, , Fri Nov 13 13:10:14 IST 2015, 1, 2, Valid Login, Pass, , Fri Nov 13 13:10:20 IST 2015, 1, 3, Valid Login, Pass, , Fri Nov 13 13:10:20 IST 2015]
[DEBUG][2015-11-13 13:10:20,215][com.java.ImportnExport.ExportTestResultsExcel] [  222] - testResultPath = D:\BankersDashboard/TestReports/Test Results_BankersDashBoard_111315_130941_IE11_Any Bank USA.xls
[DEBUG][2015-11-13 13:10:20,215][com.java.ImportnExport.ExportTestResultsExcel] [  223] - browser is------------IE11
[DEBUG][2015-11-13 13:10:20,255][com.java.ImportnExport.ExportTestResultsExcel] [  270] - result.size() = 18
[DEBUG][2015-11-13 13:10:20,255][com.java.ImportnExport.ExportTestResultsExcel] [  274] - No of rows in sheet=1
[DEBUG][2015-11-13 13:10:20,255][com.java.ImportnExport.ExportTestResultsExcel] [  301] - ..in export..1
[DEBUG][2015-11-13 13:10:20,255][com.java.ImportnExport.ExportTestResultsExcel] [  301] - ..in export..Valid Login
[DEBUG][2015-11-13 13:10:20,255][com.java.ImportnExport.ExportTestResultsExcel] [  301] - ..in export..Pass
[DEBUG][2015-11-13 13:10:20,255][com.java.ImportnExport.ExportTestResultsExcel] [  301] - ..in export..
[DEBUG][2015-11-13 13:10:20,255][com.java.ImportnExport.ExportTestResultsExcel] [  301] - ..in export..Fri Nov 13 13:10:14 IST 2015
[INFO ][2015-11-13 13:10:20,255][com.java.SeleniumDriver] [ 1263] - out loop:0 size:2 TestCases:[1, 5] testcases:[1, 5]
[INFO ][2015-11-13 13:10:20,255][com.java.ImportnExport.ImportTestDataDetailsExcel] [   49] - test data details path===== D:\BankersDashboard\TestInputs\TestData.xls
[INFO ][2015-11-13 13:10:44,222][com.java.SeleniumDriver] [  796] - ------------------------------------------
[INFO ][2015-11-13 13:10:44,222][com.java.SeleniumDriver] [  797] - Test case being Executed: 5
[INFO ][2015-11-13 13:10:44,222][com.java.SeleniumDriver] [  808] - Test step:1
[INFO ][2015-11-13 13:10:44,222][com.java.SeleniumDriver] [  820] - Datavalue is----------Logout
[INFO ][2015-11-13 13:10:44,222][com.java.SeleniumDriver] [  844] - DataField : BTN
[INFO ][2015-11-13 13:10:44,222][com.java.SeleniumDriver] [  846] - DataValue : Logout
[INFO ][2015-11-13 13:10:44,222][com.java.SeleniumDriver] [  852] - <In Set values of the page>
[INFO ][2015-11-13 13:10:44,222][com.java.SeleniumDriver] [  855] - {Data Fields & Data Values Exist}
[INFO ][2015-11-13 13:10:44,222][com.java.SeleniumDriver] [  857] - --------------------------setting values-----------------------------
[INFO ][2015-11-13 13:10:44,222][com.java.SeleniumDriver] [  860] - Action Type : Verify
[INFO ][2015-11-13 13:10:44,222][com.java.TestType] [ 5427] - field= BTN value= Logout
[INFO ][2015-11-13 13:10:44,222][com.java.TestType] [ 4320] - value = Logout
[INFO ][2015-11-13 13:10:44,263][com.java.SeleniumDriver] [  869] -  RESULT true
[INFO ][2015-11-13 13:10:44,263][com.java.SeleniumDriver] [ 1074] - ?   P A S S   ?
[INFO ][2015-11-13 13:10:44,263][com.java.SeleniumDriver] [ 1116] - step change to 3
[INFO ][2015-11-13 13:10:44,263][com.java.SeleniumDriver] [  796] - ------------------------------------------
[INFO ][2015-11-13 13:10:44,263][com.java.SeleniumDriver] [  797] - Test case being Executed: 5
[INFO ][2015-11-13 13:10:44,263][com.java.SeleniumDriver] [  808] - Test step:3
[INFO ][2015-11-13 13:10:44,263][com.java.SeleniumDriver] [  820] - Datavalue is----------Concept#2:1-2
[INFO ][2015-11-13 13:10:44,263][com.java.SeleniumDriver] [  844] - DataField : test
[INFO ][2015-11-13 13:10:44,263][com.java.SeleniumDriver] [  846] - DataValue : Concept#2:1-2
[INFO ][2015-11-13 13:10:44,263][com.java.SeleniumDriver] [  852] - <In Set values of the page>
[INFO ][2015-11-13 13:10:44,263][com.java.SeleniumDriver] [  855] - {Data Fields & Data Values Exist}
[INFO ][2015-11-13 13:10:44,263][com.java.SeleniumDriver] [  857] - --------------------------setting values-----------------------------
[INFO ][2015-11-13 13:10:44,263][com.java.SeleniumDriver] [  860] - Action Type : ExecuteTestCase
[INFO ][2015-11-13 13:10:44,263][com.java.TestType] [  423] - The Concept sheet name is ---------- Concept
[INFO ][2015-11-13 13:10:44,263][com.java.TestType] [  426] - The Concept ID  is ---------- 2
[DEBUG][2015-11-13 13:10:44,263][com.java.TestType] [  430] - Steps being executted in the Concept are: 1:2
[INFO ][2015-11-13 13:10:44,263][com.java.TestType] [  437] - Test data details path ---------- D:\BankersDashboard\TestInputs\TestData.xls
[INFO ][2015-11-13 13:10:44,293][com.java.TestType] [  468] -  str(1) = 2
[INFO ][2015-11-13 13:10:44,293][com.java.TestType] [  471] - Test case Id is---2
[INFO ][2015-11-13 13:10:44,293][com.java.TestType] [  473] - 2
[INFO ][2015-11-13 13:10:44,293][com.java.TestType] [  468] -  str(2) = 1
[INFO ][2015-11-13 13:10:44,293][com.java.TestType] [  520] - row values are--------{1=com.java.Objects.TestDataDetails@c0c6c9}
[INFO ][2015-11-13 13:10:44,293][com.java.TestType] [  468] -  str(1) = 2
[INFO ][2015-11-13 13:10:44,293][com.java.TestType] [  471] - Test case Id is---2
[INFO ][2015-11-13 13:10:44,293][com.java.TestType] [  473] - 2
[INFO ][2015-11-13 13:10:44,293][com.java.TestType] [  468] -  str(2) = 2
[INFO ][2015-11-13 13:10:44,293][com.java.TestType] [  520] - row values are--------{1=com.java.Objects.TestDataDetails@c0c6c9, 2=com.java.Objects.TestDataDetails@596c33}
[INFO ][2015-11-13 13:10:44,293][com.java.TestType] [  468] -  str(1) = 2
[INFO ][2015-11-13 13:10:44,293][com.java.TestType] [  471] - Test case Id is---2
[INFO ][2015-11-13 13:10:44,293][com.java.TestType] [  473] - 2
[INFO ][2015-11-13 13:10:44,293][com.java.TestType] [  468] -  str(2) = 3
[INFO ][2015-11-13 13:10:44,293][com.java.TestType] [  520] - row values are--------{1=com.java.Objects.TestDataDetails@c0c6c9, 2=com.java.Objects.TestDataDetails@596c33, 3=com.java.Objects.TestDataDetails@1cb89bc}
[INFO ][2015-11-13 13:10:44,293][com.java.TestType] [ 8566] - Looping 1TCID = 2
[DEBUG][2015-11-13 13:10:44,293][com.java.TestType] [ 8607] - Concept ID:2 :: Step being Executed: 2::1
[INFO ][2015-11-13 13:10:44,293][com.java.TestType] [ 8645] - dataFields : BNK//select[@id='bank']
[DEBUG][2015-11-13 13:10:44,293][com.java.TestType] [ 8651] - <In Set values of the page>
[DEBUG][2015-11-13 13:10:44,293][com.java.TestType] [ 8656] - {Data Fields & Data Values Exist}
[INFO ][2015-11-13 13:10:44,293][com.java.TestType] [ 8662] - --------------------------setting values-----------------------------
[INFO ][2015-11-13 13:10:44,293][com.java.TestType] [ 8665] - Action Type : Select
[INFO ][2015-11-13 13:10:44,293][com.java.TestType] [ 4320] - value = PFC
[INFO ][2015-11-13 13:10:44,483][com.java.TestType] [ 8684] -  RESULT true
[INFO ][2015-11-13 13:10:44,483][com.java.TestType] [ 8801] - ?   P A S S   ?
[DEBUG][2015-11-13 13:10:44,483][com.java.TestType] [ 8607] - Concept ID:2 :: Step being Executed: 2::2
[INFO ][2015-11-13 13:10:44,483][com.java.TestType] [ 8645] - dataFields : LNKLogout
[DEBUG][2015-11-13 13:10:44,483][com.java.TestType] [ 8651] - <In Set values of the page>
[DEBUG][2015-11-13 13:10:44,483][com.java.TestType] [ 8656] - {Data Fields & Data Values Exist}
[INFO ][2015-11-13 13:10:44,483][com.java.TestType] [ 8662] - --------------------------setting values-----------------------------
[INFO ][2015-11-13 13:10:44,483][com.java.TestType] [ 8665] - Action Type : WaitTime
[DEBUG][2015-11-13 13:10:44,483][com.java.TestType] [ 4155] - sleepTime: 5000
[INFO ][2015-11-13 13:10:49,483][com.java.TestType] [ 8684] -  RESULT true
[INFO ][2015-11-13 13:10:49,483][com.java.TestType] [ 8801] - ?   P A S S   ?
[INFO ][2015-11-13 13:10:49,483][com.java.TestType] [ 8872] - Looping End......
[INFO ][2015-11-13 13:10:49,483][com.java.SeleniumDriver] [  869] -  RESULT true
[INFO ][2015-11-13 13:10:49,483][com.java.SeleniumDriver] [ 1074] - ?   P A S S   ?
[INFO ][2015-11-13 13:10:49,483][com.java.SeleniumDriver] [  796] - ------------------------------------------
[INFO ][2015-11-13 13:10:49,483][com.java.SeleniumDriver] [  797] - Test case being Executed: 5
[INFO ][2015-11-13 13:10:49,483][com.java.SeleniumDriver] [  808] - Test step:4
[INFO ][2015-11-13 13:10:49,483][com.java.SeleniumDriver] [  820] - Datavalue is----------2
[INFO ][2015-11-13 13:10:49,483][com.java.SeleniumDriver] [  844] - DataField : BTNG/L
[INFO ][2015-11-13 13:10:49,483][com.java.SeleniumDriver] [  846] - DataValue : 2
[INFO ][2015-11-13 13:10:49,483][com.java.SeleniumDriver] [  852] - <In Set values of the page>
[INFO ][2015-11-13 13:10:49,483][com.java.SeleniumDriver] [  855] - {Data Fields & Data Values Exist}
[INFO ][2015-11-13 13:10:49,483][com.java.SeleniumDriver] [  857] - --------------------------setting values-----------------------------
[INFO ][2015-11-13 13:10:49,483][com.java.SeleniumDriver] [  860] - Action Type : WAITFORELEMENT
[INFO ][2015-11-13 13:10:49,534][com.java.SeleniumDriver] [  869] -  RESULT true
[INFO ][2015-11-13 13:10:49,534][com.java.SeleniumDriver] [ 1074] - ?   P A S S   ?
[INFO ][2015-11-13 13:10:49,534][com.java.SeleniumDriver] [  796] - ------------------------------------------
[INFO ][2015-11-13 13:10:49,534][com.java.SeleniumDriver] [  797] - Test case being Executed: 5
[INFO ][2015-11-13 13:10:49,534][com.java.SeleniumDriver] [  808] - Test step:5
[INFO ][2015-11-13 13:10:49,534][com.java.SeleniumDriver] [  820] - Datavalue is----------null
[DEBUG][2015-11-13 13:10:49,534][com.java.SeleniumDriver] [  838] - Exception: null
[INFO ][2015-11-13 13:10:49,534][com.java.SeleniumDriver] [  844] - DataField : //span[@class="icon-coin"]&&//a[text()='Summaries']&&//a[@data-id="RatioAnalysis"]
[INFO ][2015-11-13 13:10:49,534][com.java.SeleniumDriver] [  846] - DataValue : 
[INFO ][2015-11-13 13:10:49,534][com.java.SeleniumDriver] [  852] - <In Set values of the page>
[INFO ][2015-11-13 13:10:49,534][com.java.SeleniumDriver] [  855] - {Data Fields & Data Values Exist}
[INFO ][2015-11-13 13:10:49,534][com.java.SeleniumDriver] [  857] - --------------------------setting values-----------------------------
[INFO ][2015-11-13 13:10:49,534][com.java.SeleniumDriver] [  860] - Action Type : MOUSEOVER
[INFO ][2015-11-13 13:11:21,299][com.java.SeleniumDriver] [  869] -  RESULT true
[INFO ][2015-11-13 13:11:21,299][com.java.SeleniumDriver] [ 1074] - ?   P A S S   ?
[INFO ][2015-11-13 13:11:21,299][com.java.SeleniumDriver] [  796] - ------------------------------------------
[INFO ][2015-11-13 13:11:21,299][com.java.SeleniumDriver] [  797] - Test case being Executed: 5
[INFO ][2015-11-13 13:11:21,299][com.java.SeleniumDriver] [  808] - Test step:6
[INFO ][2015-11-13 13:11:21,299][com.java.SeleniumDriver] [  820] - Datavalue is----------3
[INFO ][2015-11-13 13:11:21,299][com.java.SeleniumDriver] [  844] - DataField : XPH//span[contains(text(),'Show Report')]
[INFO ][2015-11-13 13:11:21,299][com.java.SeleniumDriver] [  846] - DataValue : 3
[INFO ][2015-11-13 13:11:21,299][com.java.SeleniumDriver] [  852] - <In Set values of the page>
[INFO ][2015-11-13 13:11:21,299][com.java.SeleniumDriver] [  855] - {Data Fields & Data Values Exist}
[INFO ][2015-11-13 13:11:21,299][com.java.SeleniumDriver] [  857] - --------------------------setting values-----------------------------
[INFO ][2015-11-13 13:11:21,299][com.java.SeleniumDriver] [  860] - Action Type : WAITFORELEMENT
[INFO ][2015-11-13 13:11:21,340][com.java.SeleniumDriver] [  869] -  RESULT true
[INFO ][2015-11-13 13:11:21,340][com.java.SeleniumDriver] [ 1074] - ?   P A S S   ?
[INFO ][2015-11-13 13:11:21,340][com.java.SeleniumDriver] [  796] - ------------------------------------------
[INFO ][2015-11-13 13:11:21,340][com.java.SeleniumDriver] [  797] - Test case being Executed: 5
[INFO ][2015-11-13 13:11:21,340][com.java.SeleniumDriver] [  808] - Test step:7
[INFO ][2015-11-13 13:11:21,340][com.java.SeleniumDriver] [  820] - Datavalue is----------3
[INFO ][2015-11-13 13:11:21,340][com.java.SeleniumDriver] [  844] - DataField : BTNframeDialogContent
[INFO ][2015-11-13 13:11:21,340][com.java.SeleniumDriver] [  846] - DataValue : 3
[INFO ][2015-11-13 13:11:21,340][com.java.SeleniumDriver] [  852] - <In Set values of the page>
[INFO ][2015-11-13 13:11:21,340][com.java.SeleniumDriver] [  855] - {Data Fields & Data Values Exist}
[INFO ][2015-11-13 13:11:21,340][com.java.SeleniumDriver] [  857] - --------------------------setting values-----------------------------
[INFO ][2015-11-13 13:11:21,340][com.java.SeleniumDriver] [  860] - Action Type : WAITFORELEMENT
[INFO ][2015-11-13 13:11:22,530][com.java.SeleniumDriver] [  869] -  RESULT true
[INFO ][2015-11-13 13:11:22,530][com.java.SeleniumDriver] [ 1074] - ?   P A S S   ?
[INFO ][2015-11-13 13:11:22,530][com.java.SeleniumDriver] [  796] - ------------------------------------------
[INFO ][2015-11-13 13:11:22,530][com.java.SeleniumDriver] [  797] - Test case being Executed: 5
[INFO ][2015-11-13 13:11:22,530][com.java.SeleniumDriver] [  808] - Test step:8
[INFO ][2015-11-13 13:11:22,530][com.java.SeleniumDriver] [  820] - Datavalue is----------Ratio Analysis
[INFO ][2015-11-13 13:11:22,530][com.java.SeleniumDriver] [  844] - DataField : XPH//div[contains(@class,'ui-dialog-titlebar')]/span[@class="ui-dialog-title"]
[INFO ][2015-11-13 13:11:22,530][com.java.SeleniumDriver] [  846] - DataValue : Ratio Analysis
[INFO ][2015-11-13 13:11:22,530][com.java.SeleniumDriver] [  852] - <In Set values of the page>
[INFO ][2015-11-13 13:11:22,530][com.java.SeleniumDriver] [  855] - {Data Fields & Data Values Exist}
[INFO ][2015-11-13 13:11:22,530][com.java.SeleniumDriver] [  857] - --------------------------setting values-----------------------------
[INFO ][2015-11-13 13:11:22,530][com.java.SeleniumDriver] [  860] - Action Type : VERIFY
[INFO ][2015-11-13 13:11:22,530][com.java.TestType] [ 5427] - field= XPH//div[contains(@class,'ui-dialog-titlebar')]/span[@class="ui-dialog-title"] value= Ratio Analysis
[INFO ][2015-11-13 13:11:22,530][com.java.TestType] [ 4320] - value = Ratio Analysis
[INFO ][2015-11-13 13:11:22,681][com.java.SeleniumDriver] [  869] -  RESULT true
[INFO ][2015-11-13 13:11:22,681][com.java.SeleniumDriver] [ 1074] - ?   P A S S   ?
[INFO ][2015-11-13 13:11:22,681][com.java.SeleniumDriver] [  796] - ------------------------------------------
[INFO ][2015-11-13 13:11:22,681][com.java.SeleniumDriver] [  797] - Test case being Executed: 5
[INFO ][2015-11-13 13:11:22,681][com.java.SeleniumDriver] [  808] - Test step:9
[INFO ][2015-11-13 13:11:22,681][com.java.SeleniumDriver] [  820] - Datavalue is----------null
[DEBUG][2015-11-13 13:11:22,681][com.java.SeleniumDriver] [  838] - Exception: null
[INFO ][2015-11-13 13:11:22,681][com.java.SeleniumDriver] [  844] - DataField : BTNframeDialogContent
[INFO ][2015-11-13 13:11:22,681][com.java.SeleniumDriver] [  846] - DataValue : 
[INFO ][2015-11-13 13:11:22,681][com.java.SeleniumDriver] [  852] - <In Set values of the page>
[INFO ][2015-11-13 13:11:22,681][com.java.SeleniumDriver] [  855] - {Data Fields & Data Values Exist}
[INFO ][2015-11-13 13:11:22,681][com.java.SeleniumDriver] [  857] - --------------------------setting values-----------------------------
[INFO ][2015-11-13 13:11:22,681][com.java.SeleniumDriver] [  860] - Action Type : SELECTFRAME
[INFO ][2015-11-13 13:11:23,912][com.java.SeleniumDriver] [  869] -  RESULT true
[INFO ][2015-11-13 13:11:23,912][com.java.SeleniumDriver] [ 1074] - ?   P A S S   ?
[INFO ][2015-11-13 13:11:23,912][com.java.SeleniumDriver] [  796] - ------------------------------------------
[INFO ][2015-11-13 13:11:23,912][com.java.SeleniumDriver] [  797] - Test case being Executed: 5
[INFO ][2015-11-13 13:11:23,912][com.java.SeleniumDriver] [  808] - Test step:10
[INFO ][2015-11-13 13:11:23,912][com.java.SeleniumDriver] [  820] - Datavalue is----------index:0
[INFO ][2015-11-13 13:11:23,912][com.java.SeleniumDriver] [  844] - DataField : COBddlDataSource1
[INFO ][2015-11-13 13:11:23,912][com.java.SeleniumDriver] [  846] - DataValue : index:0
[INFO ][2015-11-13 13:11:23,912][com.java.SeleniumDriver] [  852] - <In Set values of the page>
[INFO ][2015-11-13 13:11:23,912][com.java.SeleniumDriver] [  855] - {Data Fields & Data Values Exist}
[INFO ][2015-11-13 13:11:23,912][com.java.SeleniumDriver] [  857] - --------------------------setting values-----------------------------
[INFO ][2015-11-13 13:11:23,912][com.java.SeleniumDriver] [  860] - Action Type : SELECT
[INFO ][2015-11-13 13:11:23,912][com.java.TestType] [ 4320] - value = 0
[INFO ][2015-11-13 13:11:25,013][com.java.TestType] [ 4438] -  In COB ddlDataSource1 : 0
[INFO ][2015-11-13 13:11:25,083][com.java.SeleniumDriver] [  869] -  RESULT true
[INFO ][2015-11-13 13:11:25,083][com.java.SeleniumDriver] [ 1074] - ?   P A S S   ?
[INFO ][2015-11-13 13:11:25,083][com.java.SeleniumDriver] [  796] - ------------------------------------------
[INFO ][2015-11-13 13:11:25,083][com.java.SeleniumDriver] [  797] - Test case being Executed: 5
[INFO ][2015-11-13 13:11:25,083][com.java.SeleniumDriver] [  808] - Test step:11
[INFO ][2015-11-13 13:11:25,083][com.java.SeleniumDriver] [  820] - Datavalue is----------index:2
[INFO ][2015-11-13 13:11:25,083][com.java.SeleniumDriver] [  844] - DataField : COBddlDataSource2
[INFO ][2015-11-13 13:11:25,083][com.java.SeleniumDriver] [  846] - DataValue : index:2
[INFO ][2015-11-13 13:11:25,083][com.java.SeleniumDriver] [  852] - <In Set values of the page>
[INFO ][2015-11-13 13:11:25,083][com.java.SeleniumDriver] [  855] - {Data Fields & Data Values Exist}
[INFO ][2015-11-13 13:11:25,083][com.java.SeleniumDriver] [  857] - --------------------------setting values-----------------------------
[INFO ][2015-11-13 13:11:25,083][com.java.SeleniumDriver] [  860] - Action Type : SELECT
[INFO ][2015-11-13 13:11:25,083][com.java.TestType] [ 4320] - value = 2
[INFO ][2015-11-13 13:11:26,184][com.java.TestType] [ 4438] -  In COB ddlDataSource2 : 2
[INFO ][2015-11-13 13:11:26,384][com.java.SeleniumDriver] [  869] -  RESULT true
[INFO ][2015-11-13 13:11:26,384][com.java.SeleniumDriver] [ 1074] - ?   P A S S   ?
[INFO ][2015-11-13 13:11:26,384][com.java.SeleniumDriver] [  796] - ------------------------------------------
[INFO ][2015-11-13 13:11:26,384][com.java.SeleniumDriver] [  797] - Test case being Executed: 5
[INFO ][2015-11-13 13:11:26,384][com.java.SeleniumDriver] [  808] - Test step:12
[INFO ][2015-11-13 13:11:26,384][com.java.SeleniumDriver] [  820] - Datavalue is----------index:0
[INFO ][2015-11-13 13:11:26,384][com.java.SeleniumDriver] [  844] - DataField : COBddlDate1
[INFO ][2015-11-13 13:11:26,384][com.java.SeleniumDriver] [  846] - DataValue : index:0
[INFO ][2015-11-13 13:11:26,384][com.java.SeleniumDriver] [  852] - <In Set values of the page>
[INFO ][2015-11-13 13:11:26,384][com.java.SeleniumDriver] [  855] - {Data Fields & Data Values Exist}
[INFO ][2015-11-13 13:11:26,384][com.java.SeleniumDriver] [  857] - --------------------------setting values-----------------------------
[INFO ][2015-11-13 13:11:26,384][com.java.SeleniumDriver] [  860] - Action Type : SELECT
[INFO ][2015-11-13 13:11:26,384][com.java.TestType] [ 4320] - value = 0
[INFO ][2015-11-13 13:11:27,475][com.java.TestType] [ 4438] -  In COB ddlDate1 : 0
[INFO ][2015-11-13 13:11:27,805][com.java.SeleniumDriver] [  869] -  RESULT true
[INFO ][2015-11-13 13:11:27,805][com.java.SeleniumDriver] [ 1074] - ?   P A S S   ?
[INFO ][2015-11-13 13:11:27,805][com.java.SeleniumDriver] [  796] - ------------------------------------------
[INFO ][2015-11-13 13:11:27,805][com.java.SeleniumDriver] [  797] - Test case being Executed: 5
[INFO ][2015-11-13 13:11:27,805][com.java.SeleniumDriver] [  808] - Test step:13
[INFO ][2015-11-13 13:11:27,805][com.java.SeleniumDriver] [  820] - Datavalue is----------SelectedDate
[INFO ][2015-11-13 13:11:27,805][com.java.SeleniumDriver] [  844] - DataField : SLBddlDate1
[INFO ][2015-11-13 13:11:27,805][com.java.SeleniumDriver] [  846] - DataValue : SelectedDate
[INFO ][2015-11-13 13:11:27,805][com.java.SeleniumDriver] [  852] - <In Set values of the page>
[INFO ][2015-11-13 13:11:27,805][com.java.SeleniumDriver] [  855] - {Data Fields & Data Values Exist}
[INFO ][2015-11-13 13:11:27,805][com.java.SeleniumDriver] [  857] - --------------------------setting values-----------------------------
[INFO ][2015-11-13 13:11:27,805][com.java.SeleniumDriver] [  860] - Action Type : STOREVALUE
[INFO ][2015-11-13 13:11:27,805][com.java.TestType] [ 6454] - field= SLBddlDate1
[INFO ][2015-11-13 13:11:29,066][com.java.SeleniumDriver] [  869] -  RESULT true
[INFO ][2015-11-13 13:11:29,066][com.java.SeleniumDriver] [ 1074] - ?   P A S S   ?
[INFO ][2015-11-13 13:11:29,066][com.java.SeleniumDriver] [  796] - ------------------------------------------
[INFO ][2015-11-13 13:11:29,066][com.java.SeleniumDriver] [  797] - Test case being Executed: 5
[INFO ][2015-11-13 13:11:29,066][com.java.SeleniumDriver] [  808] - Test step:14
[INFO ][2015-11-13 13:11:29,066][com.java.SeleniumDriver] [  820] - Datavalue is----------null
[DEBUG][2015-11-13 13:11:29,066][com.java.SeleniumDriver] [  838] - Exception: null
[INFO ][2015-11-13 13:11:29,066][com.java.SeleniumDriver] [  844] - DataField : BTNparent
[INFO ][2015-11-13 13:11:29,066][com.java.SeleniumDriver] [  846] - DataValue : 
[INFO ][2015-11-13 13:11:29,066][com.java.SeleniumDriver] [  852] - <In Set values of the page>
[INFO ][2015-11-13 13:11:29,066][com.java.SeleniumDriver] [  855] - {Data Fields & Data Values Exist}
[INFO ][2015-11-13 13:11:29,066][com.java.SeleniumDriver] [  857] - --------------------------setting values-----------------------------
[INFO ][2015-11-13 13:11:29,066][com.java.SeleniumDriver] [  860] - Action Type : SELECTFRAME
[INFO ][2015-11-13 13:11:29,076][com.java.SeleniumDriver] [  869] -  RESULT true
[INFO ][2015-11-13 13:11:29,076][com.java.SeleniumDriver] [ 1074] - ?   P A S S   ?
[INFO ][2015-11-13 13:11:29,076][com.java.SeleniumDriver] [  796] - ------------------------------------------
[INFO ][2015-11-13 13:11:29,076][com.java.SeleniumDriver] [  797] - Test case being Executed: 5
[INFO ][2015-11-13 13:11:29,076][com.java.SeleniumDriver] [  808] - Test step:15
[INFO ][2015-11-13 13:11:29,076][com.java.SeleniumDriver] [  820] - Datavalue is----------null
[DEBUG][2015-11-13 13:11:29,076][com.java.SeleniumDriver] [  838] - Exception: null
[INFO ][2015-11-13 13:11:29,076][com.java.SeleniumDriver] [  844] - DataField : XPH//span[contains(text(),'Show Report')]
[INFO ][2015-11-13 13:11:29,076][com.java.SeleniumDriver] [  846] - DataValue : 
[INFO ][2015-11-13 13:11:29,076][com.java.SeleniumDriver] [  852] - <In Set values of the page>
[INFO ][2015-11-13 13:11:29,076][com.java.SeleniumDriver] [  855] - {Data Fields & Data Values Exist}
[INFO ][2015-11-13 13:11:29,076][com.java.SeleniumDriver] [  857] - --------------------------setting values-----------------------------
[INFO ][2015-11-13 13:11:29,076][com.java.SeleniumDriver] [  860] - Action Type : CLICK
[INFO ][2015-11-13 13:11:29,076][com.java.TestType] [ 4633] - Field ::XPH//span[contains(text(),'Show Report')]
[INFO ][2015-11-13 13:11:30,076][com.java.TestType] [ 4692] - BEFORE CLICK
[INFO ][2015-11-13 13:11:31,076][com.java.TestType] [ 4700] - Unable to click the object Show Report button
[INFO ][2015-11-13 13:11:31,076][com.java.SeleniumDriver] [  869] -  RESULT true
[INFO ][2015-11-13 13:11:31,076][com.java.SeleniumDriver] [ 1074] - ?   P A S S   ?
[INFO ][2015-11-13 13:11:31,076][com.java.SeleniumDriver] [  796] - ------------------------------------------
[INFO ][2015-11-13 13:11:31,076][com.java.SeleniumDriver] [  797] - Test case being Executed: 5
[INFO ][2015-11-13 13:11:31,076][com.java.SeleniumDriver] [  808] - Test step:16
[INFO ][2015-11-13 13:11:31,076][com.java.SeleniumDriver] [  820] - Datavalue is----------3
[INFO ][2015-11-13 13:11:31,076][com.java.SeleniumDriver] [  844] - DataField : XPH//img[@id='loading']
[INFO ][2015-11-13 13:11:31,076][com.java.SeleniumDriver] [  846] - DataValue : 3
[INFO ][2015-11-13 13:11:31,076][com.java.SeleniumDriver] [  852] - <In Set values of the page>
[INFO ][2015-11-13 13:11:31,076][com.java.SeleniumDriver] [  855] - {Data Fields & Data Values Exist}
[INFO ][2015-11-13 13:11:31,076][com.java.SeleniumDriver] [  857] - --------------------------setting values-----------------------------
[INFO ][2015-11-13 13:11:31,076][com.java.SeleniumDriver] [  860] - Action Type : WaitForElement
[INFO ][2015-11-13 13:11:31,107][com.java.SeleniumDriver] [  869] -  RESULT true
[INFO ][2015-11-13 13:11:31,107][com.java.SeleniumDriver] [ 1074] - ?   P A S S   ?
[INFO ][2015-11-13 13:11:31,107][com.java.SeleniumDriver] [  796] - ------------------------------------------
[INFO ][2015-11-13 13:11:31,107][com.java.SeleniumDriver] [  797] - Test case being Executed: 5
[INFO ][2015-11-13 13:11:31,107][com.java.SeleniumDriver] [  808] - Test step:17
[INFO ][2015-11-13 13:11:31,107][com.java.SeleniumDriver] [  820] - Datavalue is----------90
[INFO ][2015-11-13 13:11:31,107][com.java.SeleniumDriver] [  844] - DataField : XPH//img[@id='loading']
[INFO ][2015-11-13 13:11:31,107][com.java.SeleniumDriver] [  846] - DataValue : 90
[INFO ][2015-11-13 13:11:31,107][com.java.SeleniumDriver] [  852] - <In Set values of the page>
[INFO ][2015-11-13 13:11:31,107][com.java.SeleniumDriver] [  855] - {Data Fields & Data Values Exist}
[INFO ][2015-11-13 13:11:31,107][com.java.SeleniumDriver] [  857] - --------------------------setting values-----------------------------
[INFO ][2015-11-13 13:11:31,107][com.java.SeleniumDriver] [  860] - Action Type : waitForElementNotPresent
[INFO ][2015-11-13 13:11:31,197][com.java.SeleniumDriver] [  869] -  RESULT true
[INFO ][2015-11-13 13:11:31,197][com.java.SeleniumDriver] [ 1074] - ?   P A S S   ?
[INFO ][2015-11-13 13:11:31,197][com.java.SeleniumDriver] [  796] - ------------------------------------------
[INFO ][2015-11-13 13:11:31,197][com.java.SeleniumDriver] [  797] - Test case being Executed: 5
[INFO ][2015-11-13 13:11:31,197][com.java.SeleniumDriver] [  808] - Test step:18
[INFO ][2015-11-13 13:11:31,197][com.java.SeleniumDriver] [  820] - Datavalue is----------Ratio Analysis
[INFO ][2015-11-13 13:11:31,197][com.java.SeleniumDriver] [  844] - DataField : XPH//td[@class='ReportTitle']
[INFO ][2015-11-13 13:11:31,197][com.java.SeleniumDriver] [  846] - DataValue : Ratio Analysis
[INFO ][2015-11-13 13:11:31,197][com.java.SeleniumDriver] [  852] - <In Set values of the page>
[INFO ][2015-11-13 13:11:31,197][com.java.SeleniumDriver] [  855] - {Data Fields & Data Values Exist}
[INFO ][2015-11-13 13:11:31,197][com.java.SeleniumDriver] [  857] - --------------------------setting values-----------------------------
[INFO ][2015-11-13 13:11:31,197][com.java.SeleniumDriver] [  860] - Action Type : VERIFY
[INFO ][2015-11-13 13:11:31,197][com.java.TestType] [ 5427] - field= XPH//td[@class='ReportTitle'] value= Ratio Analysis
[INFO ][2015-11-13 13:11:31,197][com.java.TestType] [ 4320] - value = Ratio Analysis
[ERROR][2015-11-13 13:11:51,798][com.java.TestType] [ 5768] - Element  not found :Ratio Analysis
[INFO ][2015-11-13 13:11:51,798][com.java.SeleniumDriver] [  869] -  RESULT false
[INFO ][2015-11-13 13:11:51,798][com.java.SeleniumDriver] [  916] - ?   F A I L   ?
[INFO ][2015-11-13 13:11:51,798][com.java.SeleniumDriver] [  924] - Browser Type : IE11
[INFO ][2015-11-13 13:11:51,798][com.java.SeleniumDriver] [  925] - Adding Failed case5
[INFO ][2015-11-13 13:11:51,798][com.java.SeleniumDriver] [  943] - Directory Created
[INFO ][2015-11-13 13:11:52,029][com.java.SeleniumDriver] [ 1038] - failedCases = 5
[ERROR][2015-11-13 13:11:52,029][com.java.SeleniumDriver] [ 1525] - Platform Errors : Our apologies...::We have encountered an issue with your request.::Our apologies?:We encountered an issue with your request.
[INFO ][2015-11-13 13:11:52,029][com.java.SeleniumDriver] [ 1529] - Length =3
[ERROR][2015-11-13 13:11:52,029][com.java.SeleniumDriver] [ 1532] - Error 0 = Our apologies...
[ERROR][2015-11-13 13:11:52,069][com.java.SeleniumDriver] [ 1532] - Error 1 = We have encountered an issue with your request.
[ERROR][2015-11-13 13:11:52,109][com.java.SeleniumDriver] [ 1532] - Error 2 = Our apologies?:We encountered an issue with your request.
[DEBUG][2015-11-13 13:11:52,159][com.java.SeleniumDriver] [ 1176] - Case found
[DEBUG][2015-11-13 13:11:52,159][com.java.SeleniumDriver] [ 1181] - Incrementing ReportCounters[0]:2
[INFO ][2015-11-13 13:11:52,159][com.java.SeleniumDriver] [ 1200] - The results are-------------------[5, 18, GL: Summary: Ratio Analysis, Fail, 
Test case failed at Step No. :: 18   Error Message ::  Element not found:Ratio Analysis. Screen Shot : D:\BankersDashboard\TestReports\111315\5_111315_131151_IE11.png, Fri Nov 13 13:11:52 IST 2015]
[INFO ][2015-11-13 13:11:52,159][com.java.SeleniumDriver] [ 1204] - End time is-------2 min 12 sec
[INFO ][2015-11-13 13:11:52,159][com.java.SeleniumDriver] [ 1205] - The results are-------------------[5, 18, GL: Summary: Ratio Analysis, Fail, 
Test case failed at Step No. :: 18   Error Message ::  Element not found:Ratio Analysis. Screen Shot : D:\BankersDashboard\TestReports\111315\5_111315_131151_IE11.png, Fri Nov 13 13:11:52 IST 2015]
[DEBUG][2015-11-13 13:11:52,159][com.java.ImportnExport.ExportTestResultsExcel] [  222] - testResultPath = D:\BankersDashboard/TestReports/Test Results_BankersDashBoard_111315_130941_IE11_Any Bank USA.xls
[DEBUG][2015-11-13 13:11:52,159][com.java.ImportnExport.ExportTestResultsExcel] [  223] - browser is------------IE11
[DEBUG][2015-11-13 13:11:52,159][com.java.ImportnExport.ExportTestResultsExcel] [  270] - result.size() = 6
[DEBUG][2015-11-13 13:11:52,159][com.java.ImportnExport.ExportTestResultsExcel] [  274] - No of rows in sheet=2
[DEBUG][2015-11-13 13:11:52,159][com.java.ImportnExport.ExportTestResultsExcel] [  301] - ..in export..5
[DEBUG][2015-11-13 13:11:52,159][com.java.ImportnExport.ExportTestResultsExcel] [  301] - ..in export..GL: Summary: Ratio Analysis
[DEBUG][2015-11-13 13:11:52,159][com.java.ImportnExport.ExportTestResultsExcel] [  301] - ..in export..Fail
[DEBUG][2015-11-13 13:11:52,159][com.java.ImportnExport.ExportTestResultsExcel] [  301] - ..in export..
Test case failed at Step No. :: 18   Error Message ::  Element not found:Ratio Analysis. Screen Shot : D:\BankersDashboard\TestReports\111315\5_111315_131151_IE11.png
[DEBUG][2015-11-13 13:11:52,159][com.java.ImportnExport.ExportTestResultsExcel] [  301] - ..in export..Fri Nov 13 13:11:52 IST 2015
[INFO ][2015-11-13 13:11:52,159][com.java.SeleniumDriver] [ 1263] - out loop:1 size:2 TestCases:[1, 5] testcases:[1, 5]
[INFO ][2015-11-13 13:11:54,159][com.java.SeleniumDriver] [ 1306] - Total Number of Cases:2
[INFO ][2015-11-13 13:11:54,159][com.java.TemplateGenerator] [  302] - Executed:2
[INFO ][2015-11-13 13:11:54,159][com.java.TemplateGenerator] [  303] - Passed:1
[INFO ][2015-11-13 13:11:54,159][com.java.TemplateGenerator] [  304] - Failed:1
[INFO ][2015-11-13 13:11:54,159][com.java.TemplateGenerator] [  305] - Skipeed:0
[INFO ][2015-11-13 13:11:54,159][com.java.TemplateGenerator] [  306] - Application URL:https://clients-xuat.bankersdashboard.com
[INFO ][2015-11-13 13:11:54,159][com.java.TemplateGenerator] [  307] - Start Time:111315_130941
[INFO ][2015-11-13 13:11:54,159][com.java.TemplateGenerator] [  308] -  Creating HTML Report 
[ERROR][2015-11-13 13:11:54,159][com.java.TemplateGenerator] [  409] - Unparseable date: "Fri Nov 13 01:09:41 IST 2015"
[INFO ][2015-11-13 13:11:54,159][com.java.TemplateGenerator] [  654] -  Exporting case :: 1
[INFO ][2015-11-13 13:11:54,159][com.java.TemplateGenerator] [  654] -  Exporting case :: 5
[INFO ][2015-11-13 13:11:54,159][com.java.SeleniumDriver] [ 1355] - End Time:111315_131154
[INFO ][2015-11-13 13:11:54,159][com.java.SeleniumDriver] [ 1358] - Data in Test Execution Details:{1=PASS, 5=FAILTest case failed at Step No. :: 18   Error Message ::  Element not found:Ratio Analysis}
[INFO ][2015-11-13 13:11:54,159][com.java.SeleniumDriver] [ 1359] - Data in Failed Execution Deatils:{}
[INFO ][2015-11-13 13:11:54,159][com.java.SeleniumDriver] [ 1361] - ReportCounter:Total:2 :: PASS: 1 ::FAIL: 1
[INFO ][2015-11-13 13:11:54,159][com.java.SeleniumDriver] [ 1362] - FailedReportCounter:Total:0 :: PASS: 0 ::FAIL: 0
[INFO ][2015-11-13 13:11:54,160][com.java.EmailTestReport] [   63] - Sending report mail details:
[INFO ][2015-11-13 13:11:54,160][com.java.EmailTestReport] [   80] - Excel Report Path:D:\BankersDashboard/TestReports/Test Results_BankersDashBoard_111315_130941_IE11_Any Bank USA.xls
[INFO ][2015-11-13 13:11:54,160][com.java.EmailTestReport] [   81] - HTML Report Path:D:\BankersDashboard//TestReports//Test Results_BankersDashBoard_111315_130941_IE11_Any Bank USA.html
[INFO ][2015-11-13 13:11:54,160][com.java.EmailTestReport] [   82] - smtpHostName:mail01.valuelabs.com
[INFO ][2015-11-13 13:11:54,160][com.java.EmailTestReport] [   83] - Recipient:venkateswararao.gubbala@valuelabs.com;
[INFO ][2015-11-13 13:11:54,160][com.java.EmailTestReport] [   84] - From:venkateswararao.gubbala@valuelabs.com;
[INFO ][2015-11-13 13:11:54,160][com.java.EmailTestReport] [   85] - Subject:Deluxe Corp Bankers Dashboard Automation Test Report - Any Bank USA - IE11
[INFO ][2015-11-13 13:11:54,180][com.java.EmailTestReport] [  143] -  Added venkateswararao.gubbala@valuelabs.com
[INFO ][2015-11-13 13:11:57,560][com.java.SeleniumDriver] [  719] - quitting the browser 
[INFO ][2015-11-13 13:11:58,792][com.java.SeleniumDriver] [  263] - Execution Completed Stopping the thread
