[INFO ][2016-01-27 16:44:58,911][com.java.SeleniumDriver] [  213] - Execute Failed Casesfalse
[INFO ][2016-01-27 16:44:58,911][com.java.SeleniumDriver] [  214] - Browser: IE10
[INFO ][2016-01-27 16:44:58,911][com.java.SeleniumDriver] [  215] - [1, 8]
[INFO ][2016-01-27 16:44:58,921][com.java.SeleniumDriver] [  216] - Total TestCases:2
[INFO ][2016-01-27 16:44:58,921][com.java.SeleniumDriver] [  217] -  Reading Properties from Property File 
[DEBUG][2016-01-27 16:44:58,921][com.java.SeleniumDriver] [  238] - url : https://clients-xuat.bankersdashboard.com
[INFO ][2016-01-27 16:44:58,921][com.java.ImportnExport.ExportTestResultsExcel] [  116] - Time Stamp Wed Jan 27 04:44:58 IST 2016
[INFO ][2016-01-27 16:44:58,921][com.java.ImportnExport.ExportTestResultsExcel] [  175] - OUT FILE : D:\BankersDashboard/TestReports/Test Results_BankersDashBoard_012716_164458_IE10_Any Bank USA.xls
[INFO ][2016-01-27 16:44:58,942][com.java.ImportnExport.ExportTestResultsExcel] [  180] - Test Result file is created
[DEBUG][2016-01-27 16:44:59,032][com.java.SeleniumDriver] [  426] - Hub ip address is-------172.17.68.34
[INFO ][2016-01-27 16:44:59,032][com.java.SeleniumDriver] [  452] - Grid URL:http://172.17.68.34:4444/wd/hub
[INFO ][2016-01-27 16:44:59,032][com.java.SeleniumDriver] [  453] - Capability:Capabilities [{platform=ANY, ensureCleanSession=true, ignoreProtectedModeSettings=true, acceptSslCerts=true, ignoreZoomSetting=true, browserName=internet explorer, browserstack.ie.noFlash=true, version=null}]
[ERROR][2016-01-27 16:45:00,342][com.java.SeleniumDriver] [  498] - Unable invoke browser in grid:Could not start a new session. Possible causes are invalid address of the remote server or browser start-up failure.
Build info: version: '2.48.2', revision: '41bccdd', time: '2015-10-09 19:59:12'
System info: host: 'FVTIII438F1D', ip: '172.17.68.34', os.name: 'Windows 7', os.arch: 'x86', os.version: '6.1', java.version: '1.7.0_55'
Driver info: driver.version: SeleniumDriver
[INFO ][2016-01-27 16:45:00,342][com.java.SeleniumDriver] [  500] - Executing on local machine
[INFO ][2016-01-27 16:45:10,910][com.java.SeleniumDriver] [  248] - IE10is opened
[INFO ][2016-01-27 16:45:11,742][com.java.SeleniumDriver] [  756] - Test cases to be executed are: [1, 8]
[INFO ][2016-01-27 16:45:11,763][com.java.ImportnExport.ImportTestDataDetailsExcel] [   49] - test data details path===== D:\BankersDashboard\TestInputs\TestData.xls
[INFO ][2016-01-27 16:45:11,823][com.java.SeleniumDriver] [  856] - ------------------------------------------
[INFO ][2016-01-27 16:45:11,823][com.java.SeleniumDriver] [  857] - Test case being Executed: 1
[INFO ][2016-01-27 16:45:11,823][com.java.SeleniumDriver] [  869] - Test step:1
[INFO ][2016-01-27 16:45:11,823][com.java.SeleniumDriver] [  881] - Datavalue is----------Concept#1:1-14
[INFO ][2016-01-27 16:45:11,823][com.java.SeleniumDriver] [  905] - DataField : test
[INFO ][2016-01-27 16:45:11,823][com.java.SeleniumDriver] [  907] - DataValue : Concept#1:1-14
[INFO ][2016-01-27 16:45:11,823][com.java.SeleniumDriver] [  913] - <In Set values of the page>
[INFO ][2016-01-27 16:45:11,823][com.java.SeleniumDriver] [  916] - {Data Fields & Data Values Exist}
[INFO ][2016-01-27 16:45:11,823][com.java.SeleniumDriver] [  918] - --------------------------setting values-----------------------------
[INFO ][2016-01-27 16:45:11,823][com.java.SeleniumDriver] [  921] - Action Type : ExecuteTestCase
[INFO ][2016-01-27 16:45:11,843][com.java.TestType] [  442] - The Concept sheet name is ---------- Concept
[INFO ][2016-01-27 16:45:11,843][com.java.TestType] [  445] - The Concept ID  is ---------- 1
[DEBUG][2016-01-27 16:45:11,843][com.java.TestType] [  449] - Steps being executted in the Concept are: 1:14
[INFO ][2016-01-27 16:45:11,843][com.java.TestType] [  456] - Test data details path ---------- D:\BankersDashboard\TestInputs\TestData.xls
[INFO ][2016-01-27 16:45:11,853][com.java.TestType] [  487] -  str(1) = 1
[INFO ][2016-01-27 16:45:11,853][com.java.TestType] [  490] - Test case Id is---1
[INFO ][2016-01-27 16:45:11,853][com.java.TestType] [  492] - 1
[INFO ][2016-01-27 16:45:11,853][com.java.TestType] [  487] -  str(2) = 1
[INFO ][2016-01-27 16:45:11,853][com.java.TestType] [  487] -  str(1) = 1
[INFO ][2016-01-27 16:45:11,853][com.java.TestType] [  490] - Test case Id is---1
[INFO ][2016-01-27 16:45:11,853][com.java.TestType] [  492] - 1
[INFO ][2016-01-27 16:45:11,853][com.java.TestType] [  487] -  str(2) = 2
[INFO ][2016-01-27 16:45:11,853][com.java.TestType] [  487] -  str(1) = 1
[INFO ][2016-01-27 16:45:11,853][com.java.TestType] [  490] - Test case Id is---1
[INFO ][2016-01-27 16:45:11,853][com.java.TestType] [  492] - 1
[INFO ][2016-01-27 16:45:11,853][com.java.TestType] [  487] -  str(2) = 3
[INFO ][2016-01-27 16:45:11,853][com.java.TestType] [  487] -  str(1) = 1
[INFO ][2016-01-27 16:45:11,853][com.java.TestType] [  490] - Test case Id is---1
[INFO ][2016-01-27 16:45:11,853][com.java.TestType] [  492] - 1
[INFO ][2016-01-27 16:45:11,853][com.java.TestType] [  487] -  str(2) = 4
[INFO ][2016-01-27 16:45:11,853][com.java.TestType] [  487] -  str(1) = 1
[INFO ][2016-01-27 16:45:11,853][com.java.TestType] [  490] - Test case Id is---1
[INFO ][2016-01-27 16:45:11,853][com.java.TestType] [  492] - 1
[INFO ][2016-01-27 16:45:11,853][com.java.TestType] [  487] -  str(2) = 5
[INFO ][2016-01-27 16:45:11,853][com.java.TestType] [  487] -  str(1) = 1
[INFO ][2016-01-27 16:45:11,853][com.java.TestType] [  490] - Test case Id is---1
[INFO ][2016-01-27 16:45:11,853][com.java.TestType] [  492] - 1
[INFO ][2016-01-27 16:45:11,853][com.java.TestType] [  487] -  str(2) = 6
[INFO ][2016-01-27 16:45:11,853][com.java.TestType] [  487] -  str(1) = 1
[INFO ][2016-01-27 16:45:11,853][com.java.TestType] [  490] - Test case Id is---1
[INFO ][2016-01-27 16:45:11,853][com.java.TestType] [  492] - 1
[INFO ][2016-01-27 16:45:11,853][com.java.TestType] [  487] -  str(2) = 7
[INFO ][2016-01-27 16:45:11,853][com.java.TestType] [  487] -  str(1) = 1
[INFO ][2016-01-27 16:45:11,853][com.java.TestType] [  490] - Test case Id is---1
[INFO ][2016-01-27 16:45:11,853][com.java.TestType] [  492] - 1
[INFO ][2016-01-27 16:45:11,853][com.java.TestType] [  487] -  str(2) = 8
[INFO ][2016-01-27 16:45:11,853][com.java.TestType] [  487] -  str(1) = 1
[INFO ][2016-01-27 16:45:11,853][com.java.TestType] [  490] - Test case Id is---1
[INFO ][2016-01-27 16:45:11,853][com.java.TestType] [  492] - 1
[INFO ][2016-01-27 16:45:11,853][com.java.TestType] [  487] -  str(2) = 9
[INFO ][2016-01-27 16:45:11,853][com.java.TestType] [  487] -  str(1) = 1
[INFO ][2016-01-27 16:45:11,853][com.java.TestType] [  490] - Test case Id is---1
[INFO ][2016-01-27 16:45:11,853][com.java.TestType] [  492] - 1
[INFO ][2016-01-27 16:45:11,853][com.java.TestType] [  487] -  str(2) = 10
[INFO ][2016-01-27 16:45:11,853][com.java.TestType] [  487] -  str(1) = 1
[INFO ][2016-01-27 16:45:11,853][com.java.TestType] [  490] - Test case Id is---1
[INFO ][2016-01-27 16:45:11,853][com.java.TestType] [  492] - 1
[INFO ][2016-01-27 16:45:11,853][com.java.TestType] [  487] -  str(2) = 11
[INFO ][2016-01-27 16:45:11,853][com.java.TestType] [  487] -  str(1) = 1
[INFO ][2016-01-27 16:45:11,853][com.java.TestType] [  490] - Test case Id is---1
[INFO ][2016-01-27 16:45:11,853][com.java.TestType] [  492] - 1
[INFO ][2016-01-27 16:45:11,853][com.java.TestType] [  487] -  str(2) = 12
[INFO ][2016-01-27 16:45:11,853][com.java.TestType] [  487] -  str(1) = 1
[INFO ][2016-01-27 16:45:11,853][com.java.TestType] [  490] - Test case Id is---1
[INFO ][2016-01-27 16:45:11,853][com.java.TestType] [  492] - 1
[INFO ][2016-01-27 16:45:11,853][com.java.TestType] [  487] -  str(2) = 13
[INFO ][2016-01-27 16:45:11,853][com.java.TestType] [  487] -  str(1) = 1
[INFO ][2016-01-27 16:45:11,853][com.java.TestType] [  490] - Test case Id is---1
[INFO ][2016-01-27 16:45:11,853][com.java.TestType] [  492] - 1
[INFO ][2016-01-27 16:45:11,853][com.java.TestType] [  487] -  str(2) = 14
[INFO ][2016-01-27 16:45:11,853][com.java.TestType] [  487] -  str(1) = 1
[INFO ][2016-01-27 16:45:11,863][com.java.TestType] [  490] - Test case Id is---1
[INFO ][2016-01-27 16:45:11,863][com.java.TestType] [  492] - 1
[INFO ][2016-01-27 16:45:11,863][com.java.TestType] [  487] -  str(2) = 15
[INFO ][2016-01-27 16:45:11,863][com.java.TestType] [  487] -  str(1) = 1
[INFO ][2016-01-27 16:45:11,863][com.java.TestType] [  490] - Test case Id is---1
[INFO ][2016-01-27 16:45:11,863][com.java.TestType] [  492] - 1
[INFO ][2016-01-27 16:45:11,863][com.java.TestType] [  487] -  str(2) = 16
[INFO ][2016-01-27 16:45:11,863][com.java.TestType] [11685] - Looping 1TCID = 1
[DEBUG][2016-01-27 16:45:11,863][com.java.TestType] [11726] - Concept ID:1 :: Step being Executed: 1::1
[INFO ][2016-01-27 16:45:11,863][com.java.TestType] [11764] - dataFields : TXTusername
[DEBUG][2016-01-27 16:45:11,863][com.java.TestType] [11770] - <In Set values of the page>
[DEBUG][2016-01-27 16:45:11,863][com.java.TestType] [11775] - {Data Fields & Data Values Exist}
[INFO ][2016-01-27 16:45:11,863][com.java.TestType] [11781] - --------------------------setting values-----------------------------
[INFO ][2016-01-27 16:45:11,863][com.java.TestType] [11784] - Action Type : CLEARANDENTER
[INFO ][2016-01-27 16:45:14,114][com.java.TestType] [ 6430] - value = naresh.nayini.00000
[INFO ][2016-01-27 16:45:16,550][com.java.TestType] [11803] -  RESULT true
[INFO ][2016-01-27 16:45:16,550][com.java.TestType] [11920] - ?   P A S S   ?
[DEBUG][2016-01-27 16:45:16,550][com.java.TestType] [11726] - Concept ID:1 :: Step being Executed: 1::2
[INFO ][2016-01-27 16:45:16,550][com.java.TestType] [11764] - dataFields : TXTpassword
[DEBUG][2016-01-27 16:45:16,550][com.java.TestType] [11770] - <In Set values of the page>
[DEBUG][2016-01-27 16:45:16,550][com.java.TestType] [11775] - {Data Fields & Data Values Exist}
[INFO ][2016-01-27 16:45:16,550][com.java.TestType] [11781] - --------------------------setting values-----------------------------
[INFO ][2016-01-27 16:45:16,550][com.java.TestType] [11784] - Action Type : CLEARANDENTER
[INFO ][2016-01-27 16:45:18,791][com.java.TestType] [ 6430] - value = Password1*
[INFO ][2016-01-27 16:45:21,357][com.java.TestType] [11803] -  RESULT true
[INFO ][2016-01-27 16:45:21,357][com.java.TestType] [11920] - ?   P A S S   ?
[DEBUG][2016-01-27 16:45:21,357][com.java.TestType] [11726] - Concept ID:1 :: Step being Executed: 1::3
[ERROR][2016-01-27 16:45:21,357][com.java.TestType] [11759] - Exception: null
[INFO ][2016-01-27 16:45:21,357][com.java.TestType] [11764] - dataFields : XPH//button[@type='submit']
[DEBUG][2016-01-27 16:45:21,357][com.java.TestType] [11770] - <In Set values of the page>
[DEBUG][2016-01-27 16:45:21,357][com.java.TestType] [11775] - {Data Fields & Data Values Exist}
[INFO ][2016-01-27 16:45:21,357][com.java.TestType] [11781] - --------------------------setting values-----------------------------
[INFO ][2016-01-27 16:45:21,357][com.java.TestType] [11784] - Action Type : Click
[INFO ][2016-01-27 16:45:21,357][com.java.TestType] [ 6809] - Field ::XPH//button[@type='submit']
[INFO ][2016-01-27 16:45:21,357][com.java.TestType] [ 6430] - value = 
[INFO ][2016-01-27 16:45:22,357][com.java.TestType] [ 6982] - BEFORE CLICK
[INFO ][2016-01-27 16:45:23,220][com.java.TestType] [ 6990] - Unable to click the object Login
[INFO ][2016-01-27 16:45:23,220][com.java.TestType] [11803] -  RESULT true
[INFO ][2016-01-27 16:45:23,220][com.java.TestType] [11920] - ?   P A S S   ?
[DEBUG][2016-01-27 16:45:23,220][com.java.TestType] [11726] - Concept ID:1 :: Step being Executed: 1::4
[INFO ][2016-01-27 16:45:23,220][com.java.TestType] [11764] - dataFields : LNKLogout
[DEBUG][2016-01-27 16:45:23,220][com.java.TestType] [11770] - <In Set values of the page>
[DEBUG][2016-01-27 16:45:23,220][com.java.TestType] [11775] - {Data Fields & Data Values Exist}
[INFO ][2016-01-27 16:45:23,220][com.java.TestType] [11781] - --------------------------setting values-----------------------------
[INFO ][2016-01-27 16:45:23,220][com.java.TestType] [11784] - Action Type : WaitForElement
[INFO ][2016-01-27 16:45:26,643][com.java.TestType] [11803] -  RESULT true
[INFO ][2016-01-27 16:45:26,643][com.java.TestType] [11920] - ?   P A S S   ?
[INFO ][2016-01-27 16:45:26,643][com.java.TestType] [11991] - Looping End......
[INFO ][2016-01-27 16:45:26,643][com.java.SeleniumDriver] [  930] -  RESULT true
[INFO ][2016-01-27 16:45:26,643][com.java.SeleniumDriver] [ 1136] - ?   P A S S   ?
[INFO ][2016-01-27 16:45:26,643][com.java.SeleniumDriver] [  856] - ------------------------------------------
[INFO ][2016-01-27 16:45:26,643][com.java.SeleniumDriver] [  857] - Test case being Executed: 1
[INFO ][2016-01-27 16:45:26,643][com.java.SeleniumDriver] [  869] - Test step:2
[INFO ][2016-01-27 16:45:26,643][com.java.SeleniumDriver] [  881] - Datavalue is----------Concept#2:1-2
[INFO ][2016-01-27 16:45:26,643][com.java.SeleniumDriver] [  905] - DataField : test
[INFO ][2016-01-27 16:45:26,643][com.java.SeleniumDriver] [  907] - DataValue : Concept#2:1-2
[INFO ][2016-01-27 16:45:26,643][com.java.SeleniumDriver] [  913] - <In Set values of the page>
[INFO ][2016-01-27 16:45:26,643][com.java.SeleniumDriver] [  916] - {Data Fields & Data Values Exist}
[INFO ][2016-01-27 16:45:26,643][com.java.SeleniumDriver] [  918] - --------------------------setting values-----------------------------
[INFO ][2016-01-27 16:45:26,643][com.java.SeleniumDriver] [  921] - Action Type : ExecuteTestCase
[INFO ][2016-01-27 16:45:26,643][com.java.TestType] [  442] - The Concept sheet name is ---------- Concept
[INFO ][2016-01-27 16:45:26,643][com.java.TestType] [  445] - The Concept ID  is ---------- 2
[DEBUG][2016-01-27 16:45:26,643][com.java.TestType] [  449] - Steps being executted in the Concept are: 1:2
[INFO ][2016-01-27 16:45:26,643][com.java.TestType] [  456] - Test data details path ---------- D:\BankersDashboard\TestInputs\TestData.xls
[INFO ][2016-01-27 16:45:26,643][com.java.TestType] [  487] -  str(1) = 2
[INFO ][2016-01-27 16:45:26,643][com.java.TestType] [  490] - Test case Id is---2
[INFO ][2016-01-27 16:45:26,643][com.java.TestType] [  492] - 2
[INFO ][2016-01-27 16:45:26,643][com.java.TestType] [  487] -  str(2) = 1
[INFO ][2016-01-27 16:45:26,653][com.java.TestType] [  487] -  str(1) = 2
[INFO ][2016-01-27 16:45:26,653][com.java.TestType] [  490] - Test case Id is---2
[INFO ][2016-01-27 16:45:26,653][com.java.TestType] [  492] - 2
[INFO ][2016-01-27 16:45:26,653][com.java.TestType] [  487] -  str(2) = 2
[INFO ][2016-01-27 16:45:26,653][com.java.TestType] [  487] -  str(1) = 2
[INFO ][2016-01-27 16:45:26,653][com.java.TestType] [  490] - Test case Id is---2
[INFO ][2016-01-27 16:45:26,653][com.java.TestType] [  492] - 2
[INFO ][2016-01-27 16:45:26,653][com.java.TestType] [  487] -  str(2) = 3
[INFO ][2016-01-27 16:45:26,653][com.java.TestType] [11685] - Looping 1TCID = 2
[DEBUG][2016-01-27 16:45:26,653][com.java.TestType] [11726] - Concept ID:2 :: Step being Executed: 2::1
[INFO ][2016-01-27 16:45:26,653][com.java.TestType] [11764] - dataFields : BNK//select[@id='bank']
[DEBUG][2016-01-27 16:45:26,653][com.java.TestType] [11770] - <In Set values of the page>
[DEBUG][2016-01-27 16:45:26,653][com.java.TestType] [11775] - {Data Fields & Data Values Exist}
[INFO ][2016-01-27 16:45:26,653][com.java.TestType] [11781] - --------------------------setting values-----------------------------
[INFO ][2016-01-27 16:45:26,653][com.java.TestType] [11784] - Action Type : Select
[INFO ][2016-01-27 16:45:26,653][com.java.TestType] [ 6430] - value = PFC
[INFO ][2016-01-27 16:45:27,102][com.java.TestType] [11803] -  RESULT true
[INFO ][2016-01-27 16:45:27,102][com.java.TestType] [11920] - ?   P A S S   ?
[DEBUG][2016-01-27 16:45:27,102][com.java.TestType] [11726] - Concept ID:2 :: Step being Executed: 2::2
[INFO ][2016-01-27 16:45:27,102][com.java.TestType] [11764] - dataFields : LNKLogout
[DEBUG][2016-01-27 16:45:27,102][com.java.TestType] [11770] - <In Set values of the page>
[DEBUG][2016-01-27 16:45:27,102][com.java.TestType] [11775] - {Data Fields & Data Values Exist}
[INFO ][2016-01-27 16:45:27,102][com.java.TestType] [11781] - --------------------------setting values-----------------------------
[INFO ][2016-01-27 16:45:27,102][com.java.TestType] [11784] - Action Type : WaitTime
[DEBUG][2016-01-27 16:45:27,102][com.java.TestType] [ 6244] - sleepTime: 5000
[INFO ][2016-01-27 16:45:32,107][com.java.TestType] [11803] -  RESULT true
[INFO ][2016-01-27 16:45:32,107][com.java.TestType] [11920] - ?   P A S S   ?
[INFO ][2016-01-27 16:45:32,107][com.java.TestType] [11991] - Looping End......
[INFO ][2016-01-27 16:45:32,107][com.java.SeleniumDriver] [  930] -  RESULT true
[INFO ][2016-01-27 16:45:32,107][com.java.SeleniumDriver] [ 1136] - ?   P A S S   ?
[INFO ][2016-01-27 16:45:32,107][com.java.SeleniumDriver] [  856] - ------------------------------------------
[INFO ][2016-01-27 16:45:32,107][com.java.SeleniumDriver] [  857] - Test case being Executed: 1
[INFO ][2016-01-27 16:45:32,107][com.java.SeleniumDriver] [  869] - Test step:3
[INFO ][2016-01-27 16:45:32,107][com.java.SeleniumDriver] [  881] - Datavalue is----------2
[INFO ][2016-01-27 16:45:32,107][com.java.SeleniumDriver] [  905] - DataField : XPH//button[contains(text(),'Add Content')]
[INFO ][2016-01-27 16:45:32,107][com.java.SeleniumDriver] [  907] - DataValue : 2
[INFO ][2016-01-27 16:45:32,107][com.java.SeleniumDriver] [  913] - <In Set values of the page>
[INFO ][2016-01-27 16:45:32,107][com.java.SeleniumDriver] [  916] - {Data Fields & Data Values Exist}
[INFO ][2016-01-27 16:45:32,107][com.java.SeleniumDriver] [  918] - --------------------------setting values-----------------------------
[INFO ][2016-01-27 16:45:32,107][com.java.SeleniumDriver] [  921] - Action Type : WAITFORELEMENT
[INFO ][2016-01-27 16:45:32,148][com.java.SeleniumDriver] [  930] -  RESULT true
[INFO ][2016-01-27 16:45:32,148][com.java.SeleniumDriver] [ 1136] - ?   P A S S   ?
[DEBUG][2016-01-27 16:45:32,148][com.java.SeleniumDriver] [ 1248] - Case found
[DEBUG][2016-01-27 16:45:32,148][com.java.SeleniumDriver] [ 1253] - Incrementing ReportCounters[0]:1
[INFO ][2016-01-27 16:45:32,148][com.java.SeleniumDriver] [ 1272] - The results are-------------------[1, 1, Valid Login, Pass, , Wed Jan 27 16:45:26 IST 2016, 1, 2, Valid Login, Pass, , Wed Jan 27 16:45:32 IST 2016, 1, 3, Valid Login, Pass, , Wed Jan 27 16:45:32 IST 2016]
[INFO ][2016-01-27 16:45:32,148][com.java.SeleniumDriver] [ 1276] - End time is-------35 sec
[INFO ][2016-01-27 16:45:32,148][com.java.SeleniumDriver] [ 1277] - The results are-------------------[1, 1, Valid Login, Pass, , Wed Jan 27 16:45:26 IST 2016, 1, 2, Valid Login, Pass, , Wed Jan 27 16:45:32 IST 2016, 1, 3, Valid Login, Pass, , Wed Jan 27 16:45:32 IST 2016]
[DEBUG][2016-01-27 16:45:32,148][com.java.ImportnExport.ExportTestResultsExcel] [  222] - testResultPath = D:\BankersDashboard/TestReports/Test Results_BankersDashBoard_012716_164458_IE10_Any Bank USA.xls
[DEBUG][2016-01-27 16:45:32,148][com.java.ImportnExport.ExportTestResultsExcel] [  223] - browser is------------IE10
[DEBUG][2016-01-27 16:45:32,188][com.java.ImportnExport.ExportTestResultsExcel] [  270] - result.size() = 18
[DEBUG][2016-01-27 16:45:32,188][com.java.ImportnExport.ExportTestResultsExcel] [  274] - No of rows in sheet=1
[DEBUG][2016-01-27 16:45:32,188][com.java.ImportnExport.ExportTestResultsExcel] [  301] - ..in export..1
[DEBUG][2016-01-27 16:45:32,188][com.java.ImportnExport.ExportTestResultsExcel] [  301] - ..in export..Valid Login
[DEBUG][2016-01-27 16:45:32,188][com.java.ImportnExport.ExportTestResultsExcel] [  301] - ..in export..Pass
[DEBUG][2016-01-27 16:45:32,188][com.java.ImportnExport.ExportTestResultsExcel] [  301] - ..in export..
[DEBUG][2016-01-27 16:45:32,188][com.java.ImportnExport.ExportTestResultsExcel] [  301] - ..in export..Wed Jan 27 16:45:26 IST 2016
[INFO ][2016-01-27 16:45:32,188][com.java.SeleniumDriver] [ 1337] - out loop:0 size:2 TestCases:[1, 8] testcases:[1, 8]
[INFO ][2016-01-27 16:45:32,188][com.java.ImportnExport.ImportTestDataDetailsExcel] [   49] - test data details path===== D:\BankersDashboard\TestInputs\TestData.xls
[INFO ][2016-01-27 16:45:47,547][com.java.SeleniumDriver] [  856] - ------------------------------------------
[INFO ][2016-01-27 16:45:47,547][com.java.SeleniumDriver] [  857] - Test case being Executed: 8
[INFO ][2016-01-27 16:45:47,547][com.java.SeleniumDriver] [  869] - Test step:1
[INFO ][2016-01-27 16:45:47,547][com.java.SeleniumDriver] [  881] - Datavalue is----------Logout
[INFO ][2016-01-27 16:45:47,547][com.java.SeleniumDriver] [  905] - DataField : BTN
[INFO ][2016-01-27 16:45:47,547][com.java.SeleniumDriver] [  907] - DataValue : Logout
[INFO ][2016-01-27 16:45:47,547][com.java.SeleniumDriver] [  913] - <In Set values of the page>
[INFO ][2016-01-27 16:45:47,547][com.java.SeleniumDriver] [  916] - {Data Fields & Data Values Exist}
[INFO ][2016-01-27 16:45:47,547][com.java.SeleniumDriver] [  918] - --------------------------setting values-----------------------------
[INFO ][2016-01-27 16:45:47,547][com.java.SeleniumDriver] [  921] - Action Type : Verify
[INFO ][2016-01-27 16:45:47,547][com.java.TestType] [ 8020] - field= BTN value= Logout
[INFO ][2016-01-27 16:45:47,547][com.java.TestType] [ 6430] - value = Logout
[INFO ][2016-01-27 16:45:47,668][com.java.SeleniumDriver] [  930] -  RESULT true
[INFO ][2016-01-27 16:45:47,668][com.java.SeleniumDriver] [ 1136] - ?   P A S S   ?
[INFO ][2016-01-27 16:45:47,668][com.java.SeleniumDriver] [ 1178] - step change to 3
[INFO ][2016-01-27 16:45:47,668][com.java.SeleniumDriver] [  856] - ------------------------------------------
[INFO ][2016-01-27 16:45:47,668][com.java.SeleniumDriver] [  857] - Test case being Executed: 8
[INFO ][2016-01-27 16:45:47,668][com.java.SeleniumDriver] [  869] - Test step:3
[INFO ][2016-01-27 16:45:47,668][com.java.SeleniumDriver] [  881] - Datavalue is----------Concept#2:1-2
[INFO ][2016-01-27 16:45:47,668][com.java.SeleniumDriver] [  905] - DataField : test
[INFO ][2016-01-27 16:45:47,668][com.java.SeleniumDriver] [  907] - DataValue : Concept#2:1-2
[INFO ][2016-01-27 16:45:47,668][com.java.SeleniumDriver] [  913] - <In Set values of the page>
[INFO ][2016-01-27 16:45:47,668][com.java.SeleniumDriver] [  916] - {Data Fields & Data Values Exist}
[INFO ][2016-01-27 16:45:47,668][com.java.SeleniumDriver] [  918] - --------------------------setting values-----------------------------
[INFO ][2016-01-27 16:45:47,668][com.java.SeleniumDriver] [  921] - Action Type : ExecuteTestCase
[INFO ][2016-01-27 16:45:47,668][com.java.TestType] [  442] - The Concept sheet name is ---------- Concept
[INFO ][2016-01-27 16:45:47,668][com.java.TestType] [  445] - The Concept ID  is ---------- 2
[DEBUG][2016-01-27 16:45:47,668][com.java.TestType] [  449] - Steps being executted in the Concept are: 1:2
[INFO ][2016-01-27 16:45:47,668][com.java.TestType] [  456] - Test data details path ---------- D:\BankersDashboard\TestInputs\TestData.xls
[INFO ][2016-01-27 16:45:47,668][com.java.TestType] [  487] -  str(1) = 2
[INFO ][2016-01-27 16:45:47,668][com.java.TestType] [  490] - Test case Id is---2
[INFO ][2016-01-27 16:45:47,668][com.java.TestType] [  492] - 2
[INFO ][2016-01-27 16:45:47,678][com.java.TestType] [  487] -  str(2) = 1
[INFO ][2016-01-27 16:45:47,678][com.java.TestType] [  487] -  str(1) = 2
[INFO ][2016-01-27 16:45:47,678][com.java.TestType] [  490] - Test case Id is---2
[INFO ][2016-01-27 16:45:47,678][com.java.TestType] [  492] - 2
[INFO ][2016-01-27 16:45:47,678][com.java.TestType] [  487] -  str(2) = 2
[INFO ][2016-01-27 16:45:47,678][com.java.TestType] [  487] -  str(1) = 2
[INFO ][2016-01-27 16:45:47,678][com.java.TestType] [  490] - Test case Id is---2
[INFO ][2016-01-27 16:45:47,678][com.java.TestType] [  492] - 2
[INFO ][2016-01-27 16:45:47,678][com.java.TestType] [  487] -  str(2) = 3
[INFO ][2016-01-27 16:45:47,678][com.java.TestType] [11685] - Looping 1TCID = 2
[DEBUG][2016-01-27 16:45:47,678][com.java.TestType] [11726] - Concept ID:2 :: Step being Executed: 2::1
[INFO ][2016-01-27 16:45:47,678][com.java.TestType] [11764] - dataFields : BNK//select[@id='bank']
[DEBUG][2016-01-27 16:45:47,678][com.java.TestType] [11770] - <In Set values of the page>
[DEBUG][2016-01-27 16:45:47,678][com.java.TestType] [11775] - {Data Fields & Data Values Exist}
[INFO ][2016-01-27 16:45:47,678][com.java.TestType] [11781] - --------------------------setting values-----------------------------
[INFO ][2016-01-27 16:45:47,678][com.java.TestType] [11784] - Action Type : Select
[INFO ][2016-01-27 16:45:47,678][com.java.TestType] [ 6430] - value = PFC
[INFO ][2016-01-27 16:45:47,858][com.java.TestType] [11803] -  RESULT true
[INFO ][2016-01-27 16:45:47,858][com.java.TestType] [11920] - ?   P A S S   ?
[DEBUG][2016-01-27 16:45:47,858][com.java.TestType] [11726] - Concept ID:2 :: Step being Executed: 2::2
[INFO ][2016-01-27 16:45:47,858][com.java.TestType] [11764] - dataFields : LNKLogout
[DEBUG][2016-01-27 16:45:47,858][com.java.TestType] [11770] - <In Set values of the page>
[DEBUG][2016-01-27 16:45:47,858][com.java.TestType] [11775] - {Data Fields & Data Values Exist}
[INFO ][2016-01-27 16:45:47,858][com.java.TestType] [11781] - --------------------------setting values-----------------------------
[INFO ][2016-01-27 16:45:47,858][com.java.TestType] [11784] - Action Type : WaitTime
[DEBUG][2016-01-27 16:45:47,858][com.java.TestType] [ 6244] - sleepTime: 5000
[INFO ][2016-01-27 16:45:52,859][com.java.TestType] [11803] -  RESULT true
[INFO ][2016-01-27 16:45:52,859][com.java.TestType] [11920] - ?   P A S S   ?
[INFO ][2016-01-27 16:45:52,859][com.java.TestType] [11991] - Looping End......
[INFO ][2016-01-27 16:45:52,859][com.java.SeleniumDriver] [  930] -  RESULT true
[INFO ][2016-01-27 16:45:52,859][com.java.SeleniumDriver] [ 1136] - ?   P A S S   ?
[INFO ][2016-01-27 16:45:52,859][com.java.SeleniumDriver] [  856] - ------------------------------------------
[INFO ][2016-01-27 16:45:52,859][com.java.SeleniumDriver] [  857] - Test case being Executed: 8
[INFO ][2016-01-27 16:45:52,859][com.java.SeleniumDriver] [  869] - Test step:4
[INFO ][2016-01-27 16:45:52,859][com.java.SeleniumDriver] [  881] - Datavalue is----------null
[DEBUG][2016-01-27 16:45:52,859][com.java.SeleniumDriver] [  899] - Exception: null
[INFO ][2016-01-27 16:45:52,859][com.java.SeleniumDriver] [  905] - DataField : //span[@class="icon-checkmark"]&&//a[@data-id="LoanPricingModel"]
[INFO ][2016-01-27 16:45:52,859][com.java.SeleniumDriver] [  907] - DataValue : 
[INFO ][2016-01-27 16:45:52,859][com.java.SeleniumDriver] [  913] - <In Set values of the page>
[INFO ][2016-01-27 16:45:52,859][com.java.SeleniumDriver] [  916] - {Data Fields & Data Values Exist}
[INFO ][2016-01-27 16:45:52,859][com.java.SeleniumDriver] [  918] - --------------------------setting values-----------------------------
[INFO ][2016-01-27 16:45:52,859][com.java.SeleniumDriver] [  921] - Action Type : MOUSEOVER
[INFO ][2016-01-27 16:46:20,783][com.java.SeleniumDriver] [  930] -  RESULT true
[INFO ][2016-01-27 16:46:20,783][com.java.SeleniumDriver] [ 1136] - ?   P A S S   ?
[INFO ][2016-01-27 16:46:20,783][com.java.SeleniumDriver] [  856] - ------------------------------------------
[INFO ][2016-01-27 16:46:20,783][com.java.SeleniumDriver] [  857] - Test case being Executed: 8
[INFO ][2016-01-27 16:46:20,783][com.java.SeleniumDriver] [  869] - Test step:5
[INFO ][2016-01-27 16:46:20,783][com.java.SeleniumDriver] [  881] - Datavalue is----------null
[DEBUG][2016-01-27 16:46:20,783][com.java.SeleniumDriver] [  899] - Exception: null
[INFO ][2016-01-27 16:46:20,783][com.java.SeleniumDriver] [  905] - DataField : BTN//iframe[@id="frameLoanPricingModel"]
[INFO ][2016-01-27 16:46:20,783][com.java.SeleniumDriver] [  907] - DataValue : 
[INFO ][2016-01-27 16:46:20,783][com.java.SeleniumDriver] [  913] - <In Set values of the page>
[INFO ][2016-01-27 16:46:20,783][com.java.SeleniumDriver] [  916] - {Data Fields & Data Values Exist}
[INFO ][2016-01-27 16:46:20,783][com.java.SeleniumDriver] [  918] - --------------------------setting values-----------------------------
[INFO ][2016-01-27 16:46:20,783][com.java.SeleniumDriver] [  921] - Action Type : SELECTFRAME
[INFO ][2016-01-27 16:46:20,863][com.java.SeleniumDriver] [  930] -  RESULT true
[INFO ][2016-01-27 16:46:20,863][com.java.SeleniumDriver] [ 1136] - ?   P A S S   ?
[INFO ][2016-01-27 16:46:20,863][com.java.SeleniumDriver] [  856] - ------------------------------------------
[INFO ][2016-01-27 16:46:20,863][com.java.SeleniumDriver] [  857] - Test case being Executed: 8
[INFO ][2016-01-27 16:46:20,863][com.java.SeleniumDriver] [  869] - Test step:6
[INFO ][2016-01-27 16:46:20,863][com.java.SeleniumDriver] [  881] - Datavalue is----------Add Loan
[INFO ][2016-01-27 16:46:20,863][com.java.SeleniumDriver] [  905] - DataField : XPH//a[contains(text(),'Add Loan')]
[INFO ][2016-01-27 16:46:20,863][com.java.SeleniumDriver] [  907] - DataValue : Add Loan
[INFO ][2016-01-27 16:46:20,863][com.java.SeleniumDriver] [  913] - <In Set values of the page>
[INFO ][2016-01-27 16:46:20,863][com.java.SeleniumDriver] [  916] - {Data Fields & Data Values Exist}
[INFO ][2016-01-27 16:46:20,863][com.java.SeleniumDriver] [  918] - --------------------------setting values-----------------------------
[INFO ][2016-01-27 16:46:20,863][com.java.SeleniumDriver] [  921] - Action Type : VERIFY
[INFO ][2016-01-27 16:46:20,863][com.java.TestType] [ 8020] - field= XPH//a[contains(text(),'Add Loan')] value= Add Loan
[INFO ][2016-01-27 16:46:20,863][com.java.TestType] [ 6430] - value = Add Loan
[INFO ][2016-01-27 16:46:20,943][com.java.SeleniumDriver] [  930] -  RESULT true
[INFO ][2016-01-27 16:46:20,943][com.java.SeleniumDriver] [ 1136] - ?   P A S S   ?
[INFO ][2016-01-27 16:46:20,943][com.java.SeleniumDriver] [  856] - ------------------------------------------
[INFO ][2016-01-27 16:46:20,943][com.java.SeleniumDriver] [  857] - Test case being Executed: 8
[INFO ][2016-01-27 16:46:20,943][com.java.SeleniumDriver] [  869] - Test step:7
[INFO ][2016-01-27 16:46:20,943][com.java.SeleniumDriver] [  881] - Datavalue is----------5
[INFO ][2016-01-27 16:46:20,943][com.java.SeleniumDriver] [  905] - DataField : XPH//a[contains(text(),'Add Loan')]
[INFO ][2016-01-27 16:46:20,943][com.java.SeleniumDriver] [  907] - DataValue : 5
[INFO ][2016-01-27 16:46:20,943][com.java.SeleniumDriver] [  913] - <In Set values of the page>
[INFO ][2016-01-27 16:46:20,943][com.java.SeleniumDriver] [  916] - {Data Fields & Data Values Exist}
[INFO ][2016-01-27 16:46:20,943][com.java.SeleniumDriver] [  918] - --------------------------setting values-----------------------------
[INFO ][2016-01-27 16:46:20,943][com.java.SeleniumDriver] [  921] - Action Type : WaitForElement
[INFO ][2016-01-27 16:46:20,963][com.java.SeleniumDriver] [  930] -  RESULT true
[INFO ][2016-01-27 16:46:20,963][com.java.SeleniumDriver] [ 1136] - ?   P A S S   ?
[INFO ][2016-01-27 16:46:20,963][com.java.SeleniumDriver] [  856] - ------------------------------------------
[INFO ][2016-01-27 16:46:20,963][com.java.SeleniumDriver] [  857] - Test case being Executed: 8
[INFO ][2016-01-27 16:46:20,963][com.java.SeleniumDriver] [  869] - Test step:8
[INFO ][2016-01-27 16:46:20,963][com.java.SeleniumDriver] [  881] - Datavalue is----------null
[DEBUG][2016-01-27 16:46:20,963][com.java.SeleniumDriver] [  899] - Exception: null
[INFO ][2016-01-27 16:46:20,963][com.java.SeleniumDriver] [  905] - DataField : HDN//a[contains(text(),'Add Loan')]
[INFO ][2016-01-27 16:46:20,963][com.java.SeleniumDriver] [  907] - DataValue : 
[INFO ][2016-01-27 16:46:20,963][com.java.SeleniumDriver] [  913] - <In Set values of the page>
[INFO ][2016-01-27 16:46:20,963][com.java.SeleniumDriver] [  916] - {Data Fields & Data Values Exist}
[INFO ][2016-01-27 16:46:20,963][com.java.SeleniumDriver] [  918] - --------------------------setting values-----------------------------
[INFO ][2016-01-27 16:46:20,963][com.java.SeleniumDriver] [  921] - Action Type : CLICK
[INFO ][2016-01-27 16:46:20,963][com.java.TestType] [ 6809] - Field ::HDN//a[contains(text(),'Add Loan')]
[INFO ][2016-01-27 16:46:20,963][com.java.TestType] [ 6430] - value = 
[INFO ][2016-01-27 16:46:22,034][com.java.SeleniumDriver] [  930] -  RESULT true
[INFO ][2016-01-27 16:46:22,034][com.java.SeleniumDriver] [ 1136] - ?   P A S S   ?
[INFO ][2016-01-27 16:46:22,034][com.java.SeleniumDriver] [  856] - ------------------------------------------
[INFO ][2016-01-27 16:46:22,034][com.java.SeleniumDriver] [  857] - Test case being Executed: 8
[INFO ][2016-01-27 16:46:22,034][com.java.SeleniumDriver] [  869] - Test step:9
[INFO ][2016-01-27 16:46:22,034][com.java.SeleniumDriver] [  881] - Datavalue is----------5
[INFO ][2016-01-27 16:46:22,034][com.java.SeleniumDriver] [  905] - DataField : test
[INFO ][2016-01-27 16:46:22,034][com.java.SeleniumDriver] [  907] - DataValue : 5
[INFO ][2016-01-27 16:46:22,034][com.java.SeleniumDriver] [  913] - <In Set values of the page>
[INFO ][2016-01-27 16:46:22,034][com.java.SeleniumDriver] [  916] - {Data Fields & Data Values Exist}
[INFO ][2016-01-27 16:46:22,034][com.java.SeleniumDriver] [  918] - --------------------------setting values-----------------------------
[INFO ][2016-01-27 16:46:22,034][com.java.SeleniumDriver] [  921] - Action Type : WAITTIME
[DEBUG][2016-01-27 16:46:22,034][com.java.TestType] [ 6244] - sleepTime: 5000
[INFO ][2016-01-27 16:46:27,034][com.java.SeleniumDriver] [  930] -  RESULT true
[INFO ][2016-01-27 16:46:27,034][com.java.SeleniumDriver] [ 1136] - ?   P A S S   ?
[INFO ][2016-01-27 16:46:27,034][com.java.SeleniumDriver] [  856] - ------------------------------------------
[INFO ][2016-01-27 16:46:27,034][com.java.SeleniumDriver] [  857] - Test case being Executed: 8
[INFO ][2016-01-27 16:46:27,034][com.java.SeleniumDriver] [  869] - Test step:10
[INFO ][2016-01-27 16:46:27,034][com.java.SeleniumDriver] [  881] - Datavalue is----------RNDTesting
[INFO ][2016-01-27 16:46:27,034][com.java.SeleniumDriver] [  905] - DataField : TXTtxtLoanIdentifier
[INFO ][2016-01-27 16:46:27,034][com.java.SeleniumDriver] [  907] - DataValue : RNDTesting
[INFO ][2016-01-27 16:46:27,034][com.java.SeleniumDriver] [  913] - <In Set values of the page>
[INFO ][2016-01-27 16:46:27,034][com.java.SeleniumDriver] [  916] - {Data Fields & Data Values Exist}
[INFO ][2016-01-27 16:46:27,034][com.java.SeleniumDriver] [  918] - --------------------------setting values-----------------------------
[INFO ][2016-01-27 16:46:27,034][com.java.SeleniumDriver] [  921] - Action Type : CLEARANDENTER
[INFO ][2016-01-27 16:46:28,176][com.java.TestType] [ 6430] - value = Testing62235
[INFO ][2016-01-27 16:46:29,547][com.java.SeleniumDriver] [  930] -  RESULT true
[INFO ][2016-01-27 16:46:29,547][com.java.SeleniumDriver] [ 1136] - ?   P A S S   ?
[INFO ][2016-01-27 16:46:29,547][com.java.SeleniumDriver] [  856] - ------------------------------------------
[INFO ][2016-01-27 16:46:29,547][com.java.SeleniumDriver] [  857] - Test case being Executed: 8
[INFO ][2016-01-27 16:46:29,547][com.java.SeleniumDriver] [  869] - Test step:11
[INFO ][2016-01-27 16:46:29,547][com.java.SeleniumDriver] [  881] - Datavalue is----------LoanIdentifier
[INFO ][2016-01-27 16:46:29,547][com.java.SeleniumDriver] [  905] - DataField : TXTtxtLoanIdentifier
[INFO ][2016-01-27 16:46:29,547][com.java.SeleniumDriver] [  907] - DataValue : LoanIdentifier
[INFO ][2016-01-27 16:46:29,547][com.java.SeleniumDriver] [  913] - <In Set values of the page>
[INFO ][2016-01-27 16:46:29,547][com.java.SeleniumDriver] [  916] - {Data Fields & Data Values Exist}
[INFO ][2016-01-27 16:46:29,547][com.java.SeleniumDriver] [  918] - --------------------------setting values-----------------------------
[INFO ][2016-01-27 16:46:29,547][com.java.SeleniumDriver] [  921] - Action Type : STOREVALUE
[INFO ][2016-01-27 16:46:29,547][com.java.TestType] [ 9445] - field= TXTtxtLoanIdentifier
[DEBUG][2016-01-27 16:46:30,638][com.java.TestType] [ 9459] - Key:: LoanIdentifier  Value:: Testing62235
[INFO ][2016-01-27 16:46:30,638][com.java.SeleniumDriver] [  930] -  RESULT true
[INFO ][2016-01-27 16:46:30,638][com.java.SeleniumDriver] [ 1136] - ?   P A S S   ?
[INFO ][2016-01-27 16:46:30,638][com.java.SeleniumDriver] [  856] - ------------------------------------------
[INFO ][2016-01-27 16:46:30,638][com.java.SeleniumDriver] [  857] - Test case being Executed: 8
[INFO ][2016-01-27 16:46:30,638][com.java.SeleniumDriver] [  869] - Test step:12
[INFO ][2016-01-27 16:46:30,638][com.java.SeleniumDriver] [  881] - Datavalue is----------2
[INFO ][2016-01-27 16:46:30,638][com.java.SeleniumDriver] [  905] - DataField : test
[INFO ][2016-01-27 16:46:30,638][com.java.SeleniumDriver] [  907] - DataValue : 2
[INFO ][2016-01-27 16:46:30,638][com.java.SeleniumDriver] [  913] - <In Set values of the page>
[INFO ][2016-01-27 16:46:30,638][com.java.SeleniumDriver] [  916] - {Data Fields & Data Values Exist}
[INFO ][2016-01-27 16:46:30,638][com.java.SeleniumDriver] [  918] - --------------------------setting values-----------------------------
[INFO ][2016-01-27 16:46:30,638][com.java.SeleniumDriver] [  921] - Action Type : WAITTIME
[DEBUG][2016-01-27 16:46:30,638][com.java.TestType] [ 6244] - sleepTime: 2000
[INFO ][2016-01-27 16:46:32,638][com.java.SeleniumDriver] [  930] -  RESULT true
[INFO ][2016-01-27 16:46:32,638][com.java.SeleniumDriver] [ 1136] - ?   P A S S   ?
[INFO ][2016-01-27 16:46:32,638][com.java.SeleniumDriver] [  856] - ------------------------------------------
[INFO ][2016-01-27 16:46:32,638][com.java.SeleniumDriver] [  857] - Test case being Executed: 8
[INFO ][2016-01-27 16:46:32,638][com.java.SeleniumDriver] [  869] - Test step:13
[INFO ][2016-01-27 16:46:32,638][com.java.SeleniumDriver] [  881] - Datavalue is----------1000000
[INFO ][2016-01-27 16:46:32,638][com.java.SeleniumDriver] [  905] - DataField : TXTtxtLoanAmount
[INFO ][2016-01-27 16:46:32,638][com.java.SeleniumDriver] [  907] - DataValue : 1000000
[INFO ][2016-01-27 16:46:32,638][com.java.SeleniumDriver] [  913] - <In Set values of the page>
[INFO ][2016-01-27 16:46:32,638][com.java.SeleniumDriver] [  916] - {Data Fields & Data Values Exist}
[INFO ][2016-01-27 16:46:32,638][com.java.SeleniumDriver] [  918] - --------------------------setting values-----------------------------
[INFO ][2016-01-27 16:46:32,638][com.java.SeleniumDriver] [  921] - Action Type : CLEARANDENTER
[INFO ][2016-01-27 16:46:33,780][com.java.TestType] [ 6430] - value = 1000000
[INFO ][2016-01-27 16:46:35,001][com.java.SeleniumDriver] [  930] -  RESULT true
[INFO ][2016-01-27 16:46:35,001][com.java.SeleniumDriver] [ 1136] - ?   P A S S   ?
[INFO ][2016-01-27 16:46:35,001][com.java.SeleniumDriver] [  856] - ------------------------------------------
[INFO ][2016-01-27 16:46:35,001][com.java.SeleniumDriver] [  857] - Test case being Executed: 8
[INFO ][2016-01-27 16:46:35,001][com.java.SeleniumDriver] [  869] - Test step:14
[INFO ][2016-01-27 16:46:35,001][com.java.SeleniumDriver] [  881] - Datavalue is----------2
[INFO ][2016-01-27 16:46:35,001][com.java.SeleniumDriver] [  905] - DataField : test
[INFO ][2016-01-27 16:46:35,001][com.java.SeleniumDriver] [  907] - DataValue : 2
[INFO ][2016-01-27 16:46:35,001][com.java.SeleniumDriver] [  913] - <In Set values of the page>
[INFO ][2016-01-27 16:46:35,001][com.java.SeleniumDriver] [  916] - {Data Fields & Data Values Exist}
[INFO ][2016-01-27 16:46:35,001][com.java.SeleniumDriver] [  918] - --------------------------setting values-----------------------------
[INFO ][2016-01-27 16:46:35,001][com.java.SeleniumDriver] [  921] - Action Type : WAITTIME
[DEBUG][2016-01-27 16:46:35,001][com.java.TestType] [ 6244] - sleepTime: 2000
[INFO ][2016-01-27 16:46:37,001][com.java.SeleniumDriver] [  930] -  RESULT true
[INFO ][2016-01-27 16:46:37,001][com.java.SeleniumDriver] [ 1136] - ?   P A S S   ?
[INFO ][2016-01-27 16:46:37,001][com.java.SeleniumDriver] [  856] - ------------------------------------------
[INFO ][2016-01-27 16:46:37,001][com.java.SeleniumDriver] [  857] - Test case being Executed: 8
[INFO ][2016-01-27 16:46:37,001][com.java.SeleniumDriver] [  869] - Test step:15
[INFO ][2016-01-27 16:46:37,001][com.java.SeleniumDriver] [  881] - Datavalue is----------null
[DEBUG][2016-01-27 16:46:37,001][com.java.SeleniumDriver] [  899] - Exception: null
[INFO ][2016-01-27 16:46:37,001][com.java.SeleniumDriver] [  905] - DataField : BTNrdoAppTypeNew
[INFO ][2016-01-27 16:46:37,001][com.java.SeleniumDriver] [  907] - DataValue : 
[INFO ][2016-01-27 16:46:37,001][com.java.SeleniumDriver] [  913] - <In Set values of the page>
[INFO ][2016-01-27 16:46:37,001][com.java.SeleniumDriver] [  916] - {Data Fields & Data Values Exist}
[INFO ][2016-01-27 16:46:37,001][com.java.SeleniumDriver] [  918] - --------------------------setting values-----------------------------
[INFO ][2016-01-27 16:46:37,001][com.java.SeleniumDriver] [  921] - Action Type : CLICK
[INFO ][2016-01-27 16:46:37,001][com.java.TestType] [ 6809] - Field ::BTNrdoAppTypeNew
[INFO ][2016-01-27 16:46:37,001][com.java.TestType] [ 6430] - value = 
[INFO ][2016-01-27 16:46:38,002][com.java.TestType] [ 6961] - BEFORE CLICK
[INFO ][2016-01-27 16:46:39,223][com.java.TestType] [ 6968] - Unable to click the object New radio button
[INFO ][2016-01-27 16:46:39,223][com.java.SeleniumDriver] [  930] -  RESULT true
[INFO ][2016-01-27 16:46:39,223][com.java.SeleniumDriver] [ 1136] - ?   P A S S   ?
[INFO ][2016-01-27 16:46:39,223][com.java.SeleniumDriver] [  856] - ------------------------------------------
[INFO ][2016-01-27 16:46:39,223][com.java.SeleniumDriver] [  857] - Test case being Executed: 8
[INFO ][2016-01-27 16:46:39,223][com.java.SeleniumDriver] [  869] - Test step:16
[INFO ][2016-01-27 16:46:39,223][com.java.SeleniumDriver] [  881] - Datavalue is----------2
[INFO ][2016-01-27 16:46:39,223][com.java.SeleniumDriver] [  905] - DataField : test
[INFO ][2016-01-27 16:46:39,223][com.java.SeleniumDriver] [  907] - DataValue : 2
[INFO ][2016-01-27 16:46:39,223][com.java.SeleniumDriver] [  913] - <In Set values of the page>
[INFO ][2016-01-27 16:46:39,223][com.java.SeleniumDriver] [  916] - {Data Fields & Data Values Exist}
[INFO ][2016-01-27 16:46:39,223][com.java.SeleniumDriver] [  918] - --------------------------setting values-----------------------------
[INFO ][2016-01-27 16:46:39,223][com.java.SeleniumDriver] [  921] - Action Type : WAITTIME
[DEBUG][2016-01-27 16:46:39,223][com.java.TestType] [ 6244] - sleepTime: 2000
[INFO ][2016-01-27 16:46:41,223][com.java.SeleniumDriver] [  930] -  RESULT true
[INFO ][2016-01-27 16:46:41,223][com.java.SeleniumDriver] [ 1136] - ?   P A S S   ?
[INFO ][2016-01-27 16:46:41,223][com.java.SeleniumDriver] [  856] - ------------------------------------------
[INFO ][2016-01-27 16:46:41,223][com.java.SeleniumDriver] [  857] - Test case being Executed: 8
[INFO ][2016-01-27 16:46:41,223][com.java.SeleniumDriver] [  869] - Test step:17
[INFO ][2016-01-27 16:46:41,223][com.java.SeleniumDriver] [  881] - Datavalue is----------null
[DEBUG][2016-01-27 16:46:41,223][com.java.SeleniumDriver] [  899] - Exception: null
[INFO ][2016-01-27 16:46:41,223][com.java.SeleniumDriver] [  905] - DataField : BTNrdoRateTypeFixed
[INFO ][2016-01-27 16:46:41,223][com.java.SeleniumDriver] [  907] - DataValue : 
[INFO ][2016-01-27 16:46:41,223][com.java.SeleniumDriver] [  913] - <In Set values of the page>
[INFO ][2016-01-27 16:46:41,223][com.java.SeleniumDriver] [  916] - {Data Fields & Data Values Exist}
[INFO ][2016-01-27 16:46:41,223][com.java.SeleniumDriver] [  918] - --------------------------setting values-----------------------------
[INFO ][2016-01-27 16:46:41,223][com.java.SeleniumDriver] [  921] - Action Type : CLICK
[INFO ][2016-01-27 16:46:41,223][com.java.TestType] [ 6809] - Field ::BTNrdoRateTypeFixed
[INFO ][2016-01-27 16:46:41,223][com.java.TestType] [ 6430] - value = 
[INFO ][2016-01-27 16:46:42,224][com.java.TestType] [ 6961] - BEFORE CLICK
[INFO ][2016-01-27 16:46:43,435][com.java.TestType] [ 6968] - Unable to click the object Select the radio button Rate type Fixed
[INFO ][2016-01-27 16:46:43,435][com.java.SeleniumDriver] [  930] -  RESULT true
[INFO ][2016-01-27 16:46:43,435][com.java.SeleniumDriver] [ 1136] - ?   P A S S   ?
[INFO ][2016-01-27 16:46:43,435][com.java.SeleniumDriver] [  856] - ------------------------------------------
[INFO ][2016-01-27 16:46:43,435][com.java.SeleniumDriver] [  857] - Test case being Executed: 8
[INFO ][2016-01-27 16:46:43,435][com.java.SeleniumDriver] [  869] - Test step:18
[INFO ][2016-01-27 16:46:43,435][com.java.SeleniumDriver] [  881] - Datavalue is----------2
[INFO ][2016-01-27 16:46:43,435][com.java.SeleniumDriver] [  905] - DataField : test
[INFO ][2016-01-27 16:46:43,435][com.java.SeleniumDriver] [  907] - DataValue : 2
[INFO ][2016-01-27 16:46:43,435][com.java.SeleniumDriver] [  913] - <In Set values of the page>
[INFO ][2016-01-27 16:46:43,435][com.java.SeleniumDriver] [  916] - {Data Fields & Data Values Exist}
[INFO ][2016-01-27 16:46:43,435][com.java.SeleniumDriver] [  918] - --------------------------setting values-----------------------------
[INFO ][2016-01-27 16:46:43,435][com.java.SeleniumDriver] [  921] - Action Type : WAITTIME
[DEBUG][2016-01-27 16:46:43,435][com.java.TestType] [ 6244] - sleepTime: 2000
[INFO ][2016-01-27 16:46:45,435][com.java.SeleniumDriver] [  930] -  RESULT true
[INFO ][2016-01-27 16:46:45,435][com.java.SeleniumDriver] [ 1136] - ?   P A S S   ?
[INFO ][2016-01-27 16:46:45,435][com.java.SeleniumDriver] [  856] - ------------------------------------------
[INFO ][2016-01-27 16:46:45,435][com.java.SeleniumDriver] [  857] - Test case being Executed: 8
[INFO ][2016-01-27 16:46:45,435][com.java.SeleniumDriver] [  869] - Test step:19
[INFO ][2016-01-27 16:46:45,435][com.java.SeleniumDriver] [  881] - Datavalue is----------ProposedRate
[INFO ][2016-01-27 16:46:45,435][com.java.SeleniumDriver] [  905] - DataField : XPH//div[@id='lblNoteRate1']
[INFO ][2016-01-27 16:46:45,435][com.java.SeleniumDriver] [  907] - DataValue : ProposedRate
[INFO ][2016-01-27 16:46:45,435][com.java.SeleniumDriver] [  913] - <In Set values of the page>
[INFO ][2016-01-27 16:46:45,435][com.java.SeleniumDriver] [  916] - {Data Fields & Data Values Exist}
[INFO ][2016-01-27 16:46:45,435][com.java.SeleniumDriver] [  918] - --------------------------setting values-----------------------------
[INFO ][2016-01-27 16:46:45,435][com.java.SeleniumDriver] [  921] - Action Type : STOREVALUE
[INFO ][2016-01-27 16:46:45,435][com.java.TestType] [ 9445] - field= XPH//div[@id='lblNoteRate1']
[DEBUG][2016-01-27 16:46:45,526][com.java.TestType] [ 9500] - Key:: ProposedRate   Value:: 0.000%
[INFO ][2016-01-27 16:46:45,526][com.java.SeleniumDriver] [  930] -  RESULT true
[INFO ][2016-01-27 16:46:45,526][com.java.SeleniumDriver] [ 1136] - ?   P A S S   ?
[INFO ][2016-01-27 16:46:45,526][com.java.SeleniumDriver] [  856] - ------------------------------------------
[INFO ][2016-01-27 16:46:45,526][com.java.SeleniumDriver] [  857] - Test case being Executed: 8
[INFO ][2016-01-27 16:46:45,526][com.java.SeleniumDriver] [  869] - Test step:20
[INFO ][2016-01-27 16:46:45,526][com.java.SeleniumDriver] [  881] - Datavalue is----------3.25
[INFO ][2016-01-27 16:46:45,526][com.java.SeleniumDriver] [  905] - DataField : TXTtxtProposedRate
[INFO ][2016-01-27 16:46:45,526][com.java.SeleniumDriver] [  907] - DataValue : 3.25
[INFO ][2016-01-27 16:46:45,526][com.java.SeleniumDriver] [  913] - <In Set values of the page>
[INFO ][2016-01-27 16:46:45,526][com.java.SeleniumDriver] [  916] - {Data Fields & Data Values Exist}
[INFO ][2016-01-27 16:46:45,526][com.java.SeleniumDriver] [  918] - --------------------------setting values-----------------------------
[INFO ][2016-01-27 16:46:45,526][com.java.SeleniumDriver] [  921] - Action Type : CLEARANDENTER
[INFO ][2016-01-27 16:46:46,658][com.java.TestType] [ 6430] - value = 3.25
[INFO ][2016-01-27 16:46:47,839][com.java.SeleniumDriver] [  930] -  RESULT true
[INFO ][2016-01-27 16:46:47,839][com.java.SeleniumDriver] [ 1136] - ?   P A S S   ?
[INFO ][2016-01-27 16:46:47,839][com.java.SeleniumDriver] [  856] - ------------------------------------------
[INFO ][2016-01-27 16:46:47,839][com.java.SeleniumDriver] [  857] - Test case being Executed: 8
[INFO ][2016-01-27 16:46:47,839][com.java.SeleniumDriver] [  869] - Test step:21
[INFO ][2016-01-27 16:46:47,839][com.java.SeleniumDriver] [  881] - Datavalue is----------2
[INFO ][2016-01-27 16:46:47,839][com.java.SeleniumDriver] [  905] - DataField : test
[INFO ][2016-01-27 16:46:47,839][com.java.SeleniumDriver] [  907] - DataValue : 2
[INFO ][2016-01-27 16:46:47,839][com.java.SeleniumDriver] [  913] - <In Set values of the page>
[INFO ][2016-01-27 16:46:47,839][com.java.SeleniumDriver] [  916] - {Data Fields & Data Values Exist}
[INFO ][2016-01-27 16:46:47,839][com.java.SeleniumDriver] [  918] - --------------------------setting values-----------------------------
[INFO ][2016-01-27 16:46:47,839][com.java.SeleniumDriver] [  921] - Action Type : WAITTIME
[DEBUG][2016-01-27 16:46:47,839][com.java.TestType] [ 6244] - sleepTime: 2000
[INFO ][2016-01-27 16:46:49,839][com.java.SeleniumDriver] [  930] -  RESULT true
[INFO ][2016-01-27 16:46:49,839][com.java.SeleniumDriver] [ 1136] - ?   P A S S   ?
[INFO ][2016-01-27 16:46:49,839][com.java.SeleniumDriver] [  856] - ------------------------------------------
[INFO ][2016-01-27 16:46:49,839][com.java.SeleniumDriver] [  857] - Test case being Executed: 8
[INFO ][2016-01-27 16:46:49,839][com.java.SeleniumDriver] [  869] - Test step:22
[INFO ][2016-01-27 16:46:49,839][com.java.SeleniumDriver] [  881] - Datavalue is----------AdjustedFundingCost
[INFO ][2016-01-27 16:46:49,839][com.java.SeleniumDriver] [  905] - DataField : XPH//td[contains(text(),'Adjusted Funding Cost')]/following::td
[INFO ][2016-01-27 16:46:49,839][com.java.SeleniumDriver] [  907] - DataValue : AdjustedFundingCost
[INFO ][2016-01-27 16:46:49,839][com.java.SeleniumDriver] [  913] - <In Set values of the page>
[INFO ][2016-01-27 16:46:49,839][com.java.SeleniumDriver] [  916] - {Data Fields & Data Values Exist}
[INFO ][2016-01-27 16:46:49,839][com.java.SeleniumDriver] [  918] - --------------------------setting values-----------------------------
[INFO ][2016-01-27 16:46:49,839][com.java.SeleniumDriver] [  921] - Action Type : STOREVALUE
[INFO ][2016-01-27 16:46:49,839][com.java.TestType] [ 9445] - field= XPH//td[contains(text(),'Adjusted Funding Cost')]/following::td
[DEBUG][2016-01-27 16:46:49,920][com.java.TestType] [ 9500] - Key:: AdjustedFundingCost   Value:: 1.300%
[INFO ][2016-01-27 16:46:49,920][com.java.SeleniumDriver] [  930] -  RESULT true
[INFO ][2016-01-27 16:46:49,920][com.java.SeleniumDriver] [ 1136] - ?   P A S S   ?
[INFO ][2016-01-27 16:46:49,920][com.java.SeleniumDriver] [  856] - ------------------------------------------
[INFO ][2016-01-27 16:46:49,920][com.java.SeleniumDriver] [  857] - Test case being Executed: 8
[INFO ][2016-01-27 16:46:49,920][com.java.SeleniumDriver] [  869] - Test step:23
[INFO ][2016-01-27 16:46:49,920][com.java.SeleniumDriver] [  881] - Datavalue is----------30
[INFO ][2016-01-27 16:46:49,920][com.java.SeleniumDriver] [  905] - DataField : TXTtxtTerm
[INFO ][2016-01-27 16:46:49,920][com.java.SeleniumDriver] [  907] - DataValue : 30
[INFO ][2016-01-27 16:46:49,920][com.java.SeleniumDriver] [  913] - <In Set values of the page>
[INFO ][2016-01-27 16:46:49,920][com.java.SeleniumDriver] [  916] - {Data Fields & Data Values Exist}
[INFO ][2016-01-27 16:46:49,920][com.java.SeleniumDriver] [  918] - --------------------------setting values-----------------------------
[INFO ][2016-01-27 16:46:49,920][com.java.SeleniumDriver] [  921] - Action Type : CLEARANDENTER
[INFO ][2016-01-27 16:46:51,041][com.java.TestType] [ 6430] - value = 30
[INFO ][2016-01-27 16:46:52,192][com.java.SeleniumDriver] [  930] -  RESULT true
[INFO ][2016-01-27 16:46:52,192][com.java.SeleniumDriver] [ 1136] - ?   P A S S   ?
[INFO ][2016-01-27 16:46:52,192][com.java.SeleniumDriver] [  856] - ------------------------------------------
[INFO ][2016-01-27 16:46:52,192][com.java.SeleniumDriver] [  857] - Test case being Executed: 8
[INFO ][2016-01-27 16:46:52,192][com.java.SeleniumDriver] [  869] - Test step:24
[INFO ][2016-01-27 16:46:52,192][com.java.SeleniumDriver] [  881] - Datavalue is----------TAB
[INFO ][2016-01-27 16:46:52,192][com.java.SeleniumDriver] [  905] - DataField : TXTtxtTerm
[INFO ][2016-01-27 16:46:52,192][com.java.SeleniumDriver] [  907] - DataValue : TAB
[INFO ][2016-01-27 16:46:52,192][com.java.SeleniumDriver] [  913] - <In Set values of the page>
[INFO ][2016-01-27 16:46:52,192][com.java.SeleniumDriver] [  916] - {Data Fields & Data Values Exist}
[INFO ][2016-01-27 16:46:52,192][com.java.SeleniumDriver] [  918] - --------------------------setting values-----------------------------
[INFO ][2016-01-27 16:46:52,192][com.java.SeleniumDriver] [  921] - Action Type : KeyboardKeys
[INFO ][2016-01-27 16:46:53,343][com.java.SeleniumDriver] [  930] -  RESULT true
[INFO ][2016-01-27 16:46:53,343][com.java.SeleniumDriver] [ 1136] - ?   P A S S   ?
[INFO ][2016-01-27 16:46:53,343][com.java.SeleniumDriver] [  856] - ------------------------------------------
[INFO ][2016-01-27 16:46:53,343][com.java.SeleniumDriver] [  857] - Test case being Executed: 8
[INFO ][2016-01-27 16:46:53,343][com.java.SeleniumDriver] [  869] - Test step:25
[INFO ][2016-01-27 16:46:53,343][com.java.SeleniumDriver] [  881] - Datavalue is----------10
[INFO ][2016-01-27 16:46:53,343][com.java.SeleniumDriver] [  905] - DataField : test
[INFO ][2016-01-27 16:46:53,343][com.java.SeleniumDriver] [  907] - DataValue : 10
[INFO ][2016-01-27 16:46:53,343][com.java.SeleniumDriver] [  913] - <In Set values of the page>
[INFO ][2016-01-27 16:46:53,343][com.java.SeleniumDriver] [  916] - {Data Fields & Data Values Exist}
[INFO ][2016-01-27 16:46:53,343][com.java.SeleniumDriver] [  918] - --------------------------setting values-----------------------------
[INFO ][2016-01-27 16:46:53,343][com.java.SeleniumDriver] [  921] - Action Type : WAITTIME
[DEBUG][2016-01-27 16:46:53,343][com.java.TestType] [ 6244] - sleepTime: 10000
[INFO ][2016-01-27 16:47:03,343][com.java.SeleniumDriver] [  930] -  RESULT true
[INFO ][2016-01-27 16:47:03,343][com.java.SeleniumDriver] [ 1136] - ?   P A S S   ?
[INFO ][2016-01-27 16:47:03,343][com.java.SeleniumDriver] [  856] - ------------------------------------------
[INFO ][2016-01-27 16:47:03,343][com.java.SeleniumDriver] [  857] - Test case being Executed: 8
[INFO ][2016-01-27 16:47:03,343][com.java.SeleniumDriver] [  869] - Test step:26
[INFO ][2016-01-27 16:47:03,343][com.java.SeleniumDriver] [  881] - Datavalue is----------ProposedRate1
[INFO ][2016-01-27 16:47:03,343][com.java.SeleniumDriver] [  905] - DataField : XPH//div[@id='lblNoteRate1']
[INFO ][2016-01-27 16:47:03,343][com.java.SeleniumDriver] [  907] - DataValue : ProposedRate1
[INFO ][2016-01-27 16:47:03,343][com.java.SeleniumDriver] [  913] - <In Set values of the page>
[INFO ][2016-01-27 16:47:03,343][com.java.SeleniumDriver] [  916] - {Data Fields & Data Values Exist}
[INFO ][2016-01-27 16:47:03,343][com.java.SeleniumDriver] [  918] - --------------------------setting values-----------------------------
[INFO ][2016-01-27 16:47:03,343][com.java.SeleniumDriver] [  921] - Action Type : STOREVALUE
[INFO ][2016-01-27 16:47:03,343][com.java.TestType] [ 9445] - field= XPH//div[@id='lblNoteRate1']
[DEBUG][2016-01-27 16:47:03,414][com.java.TestType] [ 9500] - Key:: ProposedRate1   Value:: 3.250%
[INFO ][2016-01-27 16:47:03,414][com.java.SeleniumDriver] [  930] -  RESULT true
[INFO ][2016-01-27 16:47:03,414][com.java.SeleniumDriver] [ 1136] - ?   P A S S   ?
[INFO ][2016-01-27 16:47:03,414][com.java.SeleniumDriver] [  856] - ------------------------------------------
[INFO ][2016-01-27 16:47:03,414][com.java.SeleniumDriver] [  857] - Test case being Executed: 8
[INFO ][2016-01-27 16:47:03,414][com.java.SeleniumDriver] [  869] - Test step:27
[INFO ][2016-01-27 16:47:03,414][com.java.SeleniumDriver] [  881] - Datavalue is----------HMVProposedRate1
[INFO ][2016-01-27 16:47:03,414][com.java.SeleniumDriver] [  905] - DataField : XPH//div[@id='lblNoteRate1']
[INFO ][2016-01-27 16:47:03,414][com.java.SeleniumDriver] [  907] - DataValue : HMVProposedRate1
[INFO ][2016-01-27 16:47:03,414][com.java.SeleniumDriver] [  913] - <In Set values of the page>
[INFO ][2016-01-27 16:47:03,414][com.java.SeleniumDriver] [  916] - {Data Fields & Data Values Exist}
[INFO ][2016-01-27 16:47:03,414][com.java.SeleniumDriver] [  918] - --------------------------setting values-----------------------------
[INFO ][2016-01-27 16:47:03,414][com.java.SeleniumDriver] [  921] - Action Type : VERIFY
[INFO ][2016-01-27 16:47:03,414][com.java.TestType] [ 8020] - field= XPH//div[@id='lblNoteRate1'] value= HMVProposedRate1
[INFO ][2016-01-27 16:47:03,414][com.java.TestType] [ 6430] - value = 3.250%
[INFO ][2016-01-27 16:47:03,494][com.java.SeleniumDriver] [  930] -  RESULT true
[INFO ][2016-01-27 16:47:03,494][com.java.SeleniumDriver] [ 1136] - ?   P A S S   ?
[INFO ][2016-01-27 16:47:03,494][com.java.SeleniumDriver] [  856] - ------------------------------------------
[INFO ][2016-01-27 16:47:03,494][com.java.SeleniumDriver] [  857] - Test case being Executed: 8
[INFO ][2016-01-27 16:47:03,494][com.java.SeleniumDriver] [  869] - Test step:28
[INFO ][2016-01-27 16:47:03,494][com.java.SeleniumDriver] [  881] - Datavalue is----------15
[INFO ][2016-01-27 16:47:03,494][com.java.SeleniumDriver] [  905] - DataField : TXTtxtAverageLife
[INFO ][2016-01-27 16:47:03,494][com.java.SeleniumDriver] [  907] - DataValue : 15
[INFO ][2016-01-27 16:47:03,494][com.java.SeleniumDriver] [  913] - <In Set values of the page>
[INFO ][2016-01-27 16:47:03,494][com.java.SeleniumDriver] [  916] - {Data Fields & Data Values Exist}
[INFO ][2016-01-27 16:47:03,494][com.java.SeleniumDriver] [  918] - --------------------------setting values-----------------------------
[INFO ][2016-01-27 16:47:03,494][com.java.SeleniumDriver] [  921] - Action Type : CLEARANDENTER
[INFO ][2016-01-27 16:47:04,615][com.java.TestType] [ 6430] - value = 15
[INFO ][2016-01-27 16:47:05,776][com.java.SeleniumDriver] [  930] -  RESULT true
[INFO ][2016-01-27 16:47:05,776][com.java.SeleniumDriver] [ 1136] - ?   P A S S   ?
[INFO ][2016-01-27 16:47:05,776][com.java.SeleniumDriver] [  856] - ------------------------------------------
[INFO ][2016-01-27 16:47:05,776][com.java.SeleniumDriver] [  857] - Test case being Executed: 8
[INFO ][2016-01-27 16:47:05,776][com.java.SeleniumDriver] [  869] - Test step:29
[INFO ][2016-01-27 16:47:05,776][com.java.SeleniumDriver] [  881] - Datavalue is----------TAB
[INFO ][2016-01-27 16:47:05,776][com.java.SeleniumDriver] [  905] - DataField : TXTtxtAverageLife
[INFO ][2016-01-27 16:47:05,776][com.java.SeleniumDriver] [  907] - DataValue : TAB
[INFO ][2016-01-27 16:47:05,776][com.java.SeleniumDriver] [  913] - <In Set values of the page>
[INFO ][2016-01-27 16:47:05,776][com.java.SeleniumDriver] [  916] - {Data Fields & Data Values Exist}
[INFO ][2016-01-27 16:47:05,776][com.java.SeleniumDriver] [  918] - --------------------------setting values-----------------------------
[INFO ][2016-01-27 16:47:05,776][com.java.SeleniumDriver] [  921] - Action Type : KeyboardKeys
[INFO ][2016-01-27 16:47:06,917][com.java.SeleniumDriver] [  930] -  RESULT true
[INFO ][2016-01-27 16:47:06,917][com.java.SeleniumDriver] [ 1136] - ?   P A S S   ?
[INFO ][2016-01-27 16:47:06,917][com.java.SeleniumDriver] [  856] - ------------------------------------------
[INFO ][2016-01-27 16:47:06,917][com.java.SeleniumDriver] [  857] - Test case being Executed: 8
[INFO ][2016-01-27 16:47:06,917][com.java.SeleniumDriver] [  869] - Test step:30
[INFO ][2016-01-27 16:47:06,917][com.java.SeleniumDriver] [  881] - Datavalue is----------5
[INFO ][2016-01-27 16:47:06,917][com.java.SeleniumDriver] [  905] - DataField : test
[INFO ][2016-01-27 16:47:06,917][com.java.SeleniumDriver] [  907] - DataValue : 5
[INFO ][2016-01-27 16:47:06,917][com.java.SeleniumDriver] [  913] - <In Set values of the page>
[INFO ][2016-01-27 16:47:06,917][com.java.SeleniumDriver] [  916] - {Data Fields & Data Values Exist}
[INFO ][2016-01-27 16:47:06,917][com.java.SeleniumDriver] [  918] - --------------------------setting values-----------------------------
[INFO ][2016-01-27 16:47:06,917][com.java.SeleniumDriver] [  921] - Action Type : WAITTIME
[DEBUG][2016-01-27 16:47:06,917][com.java.TestType] [ 6244] - sleepTime: 5000
[INFO ][2016-01-27 16:47:11,917][com.java.SeleniumDriver] [  930] -  RESULT true
[INFO ][2016-01-27 16:47:11,917][com.java.SeleniumDriver] [ 1136] - ?   P A S S   ?
[INFO ][2016-01-27 16:47:11,917][com.java.SeleniumDriver] [  856] - ------------------------------------------
[INFO ][2016-01-27 16:47:11,917][com.java.SeleniumDriver] [  857] - Test case being Executed: 8
[INFO ][2016-01-27 16:47:11,917][com.java.SeleniumDriver] [  869] - Test step:31
[INFO ][2016-01-27 16:47:11,917][com.java.SeleniumDriver] [  881] - Datavalue is----------AdjustedFundingCost1
[INFO ][2016-01-27 16:47:11,917][com.java.SeleniumDriver] [  905] - DataField : XPH//td[contains(text(),'Adjusted Funding Cost')]/following::td
[INFO ][2016-01-27 16:47:11,917][com.java.SeleniumDriver] [  907] - DataValue : AdjustedFundingCost1
[INFO ][2016-01-27 16:47:11,917][com.java.SeleniumDriver] [  913] - <In Set values of the page>
[INFO ][2016-01-27 16:47:11,917][com.java.SeleniumDriver] [  916] - {Data Fields & Data Values Exist}
[INFO ][2016-01-27 16:47:11,917][com.java.SeleniumDriver] [  918] - --------------------------setting values-----------------------------
[INFO ][2016-01-27 16:47:11,917][com.java.SeleniumDriver] [  921] - Action Type : STOREVALUE
[INFO ][2016-01-27 16:47:11,917][com.java.TestType] [ 9445] - field= XPH//td[contains(text(),'Adjusted Funding Cost')]/following::td
[DEBUG][2016-01-27 16:47:11,988][com.java.TestType] [ 9500] - Key:: AdjustedFundingCost1   Value:: 1.636%
[INFO ][2016-01-27 16:47:11,988][com.java.SeleniumDriver] [  930] -  RESULT true
[INFO ][2016-01-27 16:47:11,988][com.java.SeleniumDriver] [ 1136] - ?   P A S S   ?
[INFO ][2016-01-27 16:47:11,988][com.java.SeleniumDriver] [  856] - ------------------------------------------
[INFO ][2016-01-27 16:47:11,988][com.java.SeleniumDriver] [  857] - Test case being Executed: 8
[INFO ][2016-01-27 16:47:11,988][com.java.SeleniumDriver] [  869] - Test step:32
[INFO ][2016-01-27 16:47:11,988][com.java.SeleniumDriver] [  881] - Datavalue is----------HMVAdjustedFundingCost1
[INFO ][2016-01-27 16:47:11,988][com.java.SeleniumDriver] [  905] - DataField : XPH//td[contains(text(),'Adjusted Funding Cost')]/following::td
[INFO ][2016-01-27 16:47:11,988][com.java.SeleniumDriver] [  907] - DataValue : HMVAdjustedFundingCost1
[INFO ][2016-01-27 16:47:11,988][com.java.SeleniumDriver] [  913] - <In Set values of the page>
[INFO ][2016-01-27 16:47:11,988][com.java.SeleniumDriver] [  916] - {Data Fields & Data Values Exist}
[INFO ][2016-01-27 16:47:11,988][com.java.SeleniumDriver] [  918] - --------------------------setting values-----------------------------
[INFO ][2016-01-27 16:47:11,988][com.java.SeleniumDriver] [  921] - Action Type : VERIFY
[INFO ][2016-01-27 16:47:11,988][com.java.TestType] [ 8020] - field= XPH//td[contains(text(),'Adjusted Funding Cost')]/following::td value= HMVAdjustedFundingCost1
[INFO ][2016-01-27 16:47:11,988][com.java.TestType] [ 6430] - value = 1.636%
[INFO ][2016-01-27 16:47:12,068][com.java.SeleniumDriver] [  930] -  RESULT true
[INFO ][2016-01-27 16:47:12,068][com.java.SeleniumDriver] [ 1136] - ?   P A S S   ?
[INFO ][2016-01-27 16:47:12,068][com.java.SeleniumDriver] [  856] - ------------------------------------------
[INFO ][2016-01-27 16:47:12,068][com.java.SeleniumDriver] [  857] - Test case being Executed: 8
[INFO ][2016-01-27 16:47:12,068][com.java.SeleniumDriver] [  869] - Test step:33
[INFO ][2016-01-27 16:47:12,068][com.java.SeleniumDriver] [  881] - Datavalue is----------HMVAdjustedFundingCost
[INFO ][2016-01-27 16:47:12,068][com.java.SeleniumDriver] [  905] - DataField : TXT//td[contains(text(),'Adjusted Funding Cost')]/following::td
[INFO ][2016-01-27 16:47:12,068][com.java.SeleniumDriver] [  907] - DataValue : HMVAdjustedFundingCost
[INFO ][2016-01-27 16:47:12,068][com.java.SeleniumDriver] [  913] - <In Set values of the page>
[INFO ][2016-01-27 16:47:12,068][com.java.SeleniumDriver] [  916] - {Data Fields & Data Values Exist}
[INFO ][2016-01-27 16:47:12,068][com.java.SeleniumDriver] [  918] - --------------------------setting values-----------------------------
[INFO ][2016-01-27 16:47:12,068][com.java.SeleniumDriver] [  921] - Action Type : VERIFYNOTPRESENT
[INFO ][2016-01-27 16:47:12,068][com.java.TestType] [ 9769] - field= TXT//td[contains(text(),'Adjusted Funding Cost')]/following::td value= HMVAdjustedFundingCost
[DEBUG][2016-01-27 16:47:12,138][com.java.TestType] [ 9866] - values not matched
[INFO ][2016-01-27 16:47:12,138][com.java.SeleniumDriver] [  930] -  RESULT true
[INFO ][2016-01-27 16:47:12,138][com.java.SeleniumDriver] [ 1136] - ?   P A S S   ?
[INFO ][2016-01-27 16:47:12,138][com.java.SeleniumDriver] [  856] - ------------------------------------------
[INFO ][2016-01-27 16:47:12,138][com.java.SeleniumDriver] [  857] - Test case being Executed: 8
[INFO ][2016-01-27 16:47:12,138][com.java.SeleniumDriver] [  869] - Test step:34
[INFO ][2016-01-27 16:47:12,138][com.java.SeleniumDriver] [  881] - Datavalue is----------LoanOrginationFee
[INFO ][2016-01-27 16:47:12,138][com.java.SeleniumDriver] [  905] - DataField : XPH//div[@id="lblOrigFee"]
[INFO ][2016-01-27 16:47:12,138][com.java.SeleniumDriver] [  907] - DataValue : LoanOrginationFee
[INFO ][2016-01-27 16:47:12,138][com.java.SeleniumDriver] [  913] - <In Set values of the page>
[INFO ][2016-01-27 16:47:12,138][com.java.SeleniumDriver] [  916] - {Data Fields & Data Values Exist}
[INFO ][2016-01-27 16:47:12,138][com.java.SeleniumDriver] [  918] - --------------------------setting values-----------------------------
[INFO ][2016-01-27 16:47:12,138][com.java.SeleniumDriver] [  921] - Action Type : STOREVALUE
[INFO ][2016-01-27 16:47:12,138][com.java.TestType] [ 9445] - field= XPH//div[@id="lblOrigFee"]
[DEBUG][2016-01-27 16:47:12,208][com.java.TestType] [ 9500] - Key:: LoanOrginationFee   Value:: $0
[INFO ][2016-01-27 16:47:12,208][com.java.SeleniumDriver] [  930] -  RESULT true
[INFO ][2016-01-27 16:47:12,208][com.java.SeleniumDriver] [ 1136] - ?   P A S S   ?
[INFO ][2016-01-27 16:47:12,208][com.java.SeleniumDriver] [  856] - ------------------------------------------
[INFO ][2016-01-27 16:47:12,208][com.java.SeleniumDriver] [  857] - Test case being Executed: 8
[INFO ][2016-01-27 16:47:12,208][com.java.SeleniumDriver] [  869] - Test step:35
[INFO ][2016-01-27 16:47:12,208][com.java.SeleniumDriver] [  881] - Datavalue is----------3000
[INFO ][2016-01-27 16:47:12,208][com.java.SeleniumDriver] [  905] - DataField : TXTtxtLoanFees
[INFO ][2016-01-27 16:47:12,208][com.java.SeleniumDriver] [  907] - DataValue : 3000
[INFO ][2016-01-27 16:47:12,208][com.java.SeleniumDriver] [  913] - <In Set values of the page>
[INFO ][2016-01-27 16:47:12,208][com.java.SeleniumDriver] [  916] - {Data Fields & Data Values Exist}
[INFO ][2016-01-27 16:47:12,208][com.java.SeleniumDriver] [  918] - --------------------------setting values-----------------------------
[INFO ][2016-01-27 16:47:12,208][com.java.SeleniumDriver] [  921] - Action Type : CLEARANDENTER
[INFO ][2016-01-27 16:47:13,339][com.java.TestType] [ 6430] - value = 3000
[INFO ][2016-01-27 16:47:14,500][com.java.SeleniumDriver] [  930] -  RESULT true
[INFO ][2016-01-27 16:47:14,500][com.java.SeleniumDriver] [ 1136] - ?   P A S S   ?
[INFO ][2016-01-27 16:47:14,500][com.java.SeleniumDriver] [  856] - ------------------------------------------
[INFO ][2016-01-27 16:47:14,500][com.java.SeleniumDriver] [  857] - Test case being Executed: 8
[INFO ][2016-01-27 16:47:14,500][com.java.SeleniumDriver] [  869] - Test step:36
[INFO ][2016-01-27 16:47:14,500][com.java.SeleniumDriver] [  881] - Datavalue is----------TAB
[INFO ][2016-01-27 16:47:14,500][com.java.SeleniumDriver] [  905] - DataField : TXTtxtLoanFees
[INFO ][2016-01-27 16:47:14,500][com.java.SeleniumDriver] [  907] - DataValue : TAB
[INFO ][2016-01-27 16:47:14,500][com.java.SeleniumDriver] [  913] - <In Set values of the page>
[INFO ][2016-01-27 16:47:14,500][com.java.SeleniumDriver] [  916] - {Data Fields & Data Values Exist}
[INFO ][2016-01-27 16:47:14,500][com.java.SeleniumDriver] [  918] - --------------------------setting values-----------------------------
[INFO ][2016-01-27 16:47:14,500][com.java.SeleniumDriver] [  921] - Action Type : KeyboardKeys
[INFO ][2016-01-27 16:47:15,631][com.java.SeleniumDriver] [  930] -  RESULT true
[INFO ][2016-01-27 16:47:15,631][com.java.SeleniumDriver] [ 1136] - ?   P A S S   ?
[INFO ][2016-01-27 16:47:15,631][com.java.SeleniumDriver] [  856] - ------------------------------------------
[INFO ][2016-01-27 16:47:15,631][com.java.SeleniumDriver] [  857] - Test case being Executed: 8
[INFO ][2016-01-27 16:47:15,631][com.java.SeleniumDriver] [  869] - Test step:37
[INFO ][2016-01-27 16:47:15,631][com.java.SeleniumDriver] [  881] - Datavalue is----------3
[INFO ][2016-01-27 16:47:15,631][com.java.SeleniumDriver] [  905] - DataField : test
[INFO ][2016-01-27 16:47:15,631][com.java.SeleniumDriver] [  907] - DataValue : 3
[INFO ][2016-01-27 16:47:15,631][com.java.SeleniumDriver] [  913] - <In Set values of the page>
[INFO ][2016-01-27 16:47:15,631][com.java.SeleniumDriver] [  916] - {Data Fields & Data Values Exist}
[INFO ][2016-01-27 16:47:15,631][com.java.SeleniumDriver] [  918] - --------------------------setting values-----------------------------
[INFO ][2016-01-27 16:47:15,631][com.java.SeleniumDriver] [  921] - Action Type : WAITTIME
[DEBUG][2016-01-27 16:47:15,631][com.java.TestType] [ 6244] - sleepTime: 3000
[INFO ][2016-01-27 16:47:18,631][com.java.SeleniumDriver] [  930] -  RESULT true
[INFO ][2016-01-27 16:47:18,631][com.java.SeleniumDriver] [ 1136] - ?   P A S S   ?
[INFO ][2016-01-27 16:47:18,631][com.java.SeleniumDriver] [  856] - ------------------------------------------
[INFO ][2016-01-27 16:47:18,631][com.java.SeleniumDriver] [  857] - Test case being Executed: 8
[INFO ][2016-01-27 16:47:18,631][com.java.SeleniumDriver] [  869] - Test step:38
[INFO ][2016-01-27 16:47:18,631][com.java.SeleniumDriver] [  881] - Datavalue is----------HMVLoanOrginationFee
[INFO ][2016-01-27 16:47:18,631][com.java.SeleniumDriver] [  905] - DataField : TXT//div[@id="lblOrigFee"]
[INFO ][2016-01-27 16:47:18,631][com.java.SeleniumDriver] [  907] - DataValue : HMVLoanOrginationFee
[INFO ][2016-01-27 16:47:18,631][com.java.SeleniumDriver] [  913] - <In Set values of the page>
[INFO ][2016-01-27 16:47:18,631][com.java.SeleniumDriver] [  916] - {Data Fields & Data Values Exist}
[INFO ][2016-01-27 16:47:18,631][com.java.SeleniumDriver] [  918] - --------------------------setting values-----------------------------
[INFO ][2016-01-27 16:47:18,631][com.java.SeleniumDriver] [  921] - Action Type : VERIFYNOTPRESENT
[INFO ][2016-01-27 16:47:18,631][com.java.TestType] [ 9769] - field= TXT//div[@id="lblOrigFee"] value= HMVLoanOrginationFee
[DEBUG][2016-01-27 16:47:18,702][com.java.TestType] [ 9866] - values not matched
[INFO ][2016-01-27 16:47:18,702][com.java.SeleniumDriver] [  930] -  RESULT true
[INFO ][2016-01-27 16:47:18,702][com.java.SeleniumDriver] [ 1136] - ?   P A S S   ?
[INFO ][2016-01-27 16:47:18,702][com.java.SeleniumDriver] [  856] - ------------------------------------------
[INFO ][2016-01-27 16:47:18,702][com.java.SeleniumDriver] [  857] - Test case being Executed: 8
[INFO ][2016-01-27 16:47:18,702][com.java.SeleniumDriver] [  869] - Test step:39
[INFO ][2016-01-27 16:47:18,702][com.java.SeleniumDriver] [  881] - Datavalue is----------RiskWeighting
[INFO ][2016-01-27 16:47:18,702][com.java.SeleniumDriver] [  905] - DataField : SLBddlRiskWeighting
[INFO ][2016-01-27 16:47:18,702][com.java.SeleniumDriver] [  907] - DataValue : RiskWeighting
[INFO ][2016-01-27 16:47:18,702][com.java.SeleniumDriver] [  913] - <In Set values of the page>
[INFO ][2016-01-27 16:47:18,702][com.java.SeleniumDriver] [  916] - {Data Fields & Data Values Exist}
[INFO ][2016-01-27 16:47:18,702][com.java.SeleniumDriver] [  918] - --------------------------setting values-----------------------------
[INFO ][2016-01-27 16:47:18,702][com.java.SeleniumDriver] [  921] - Action Type : STOREVALUE
[INFO ][2016-01-27 16:47:18,702][com.java.TestType] [ 9445] - field= SLBddlRiskWeighting
[INFO ][2016-01-27 16:47:19,883][com.java.SeleniumDriver] [  930] -  RESULT true
[INFO ][2016-01-27 16:47:19,883][com.java.SeleniumDriver] [ 1136] - ?   P A S S   ?
[INFO ][2016-01-27 16:47:19,883][com.java.SeleniumDriver] [  856] - ------------------------------------------
[INFO ][2016-01-27 16:47:19,883][com.java.SeleniumDriver] [  857] - Test case being Executed: 8
[INFO ][2016-01-27 16:47:19,883][com.java.SeleniumDriver] [  869] - Test step:40
[INFO ][2016-01-27 16:47:19,883][com.java.SeleniumDriver] [  881] - Datavalue is----------index:1
[INFO ][2016-01-27 16:47:19,883][com.java.SeleniumDriver] [  905] - DataField : COBddlLoanType
[INFO ][2016-01-27 16:47:19,883][com.java.SeleniumDriver] [  907] - DataValue : index:1
[INFO ][2016-01-27 16:47:19,883][com.java.SeleniumDriver] [  913] - <In Set values of the page>
[INFO ][2016-01-27 16:47:19,883][com.java.SeleniumDriver] [  916] - {Data Fields & Data Values Exist}
[INFO ][2016-01-27 16:47:19,883][com.java.SeleniumDriver] [  918] - --------------------------setting values-----------------------------
[INFO ][2016-01-27 16:47:19,883][com.java.SeleniumDriver] [  921] - Action Type : SELECT
[INFO ][2016-01-27 16:47:19,883][com.java.TestType] [ 6430] - value = 1
[INFO ][2016-01-27 16:47:20,994][com.java.TestType] [ 6548] -  In COB ddlLoanType : 1
[INFO ][2016-01-27 16:47:21,144][com.java.SeleniumDriver] [  930] -  RESULT true
[INFO ][2016-01-27 16:47:21,144][com.java.SeleniumDriver] [ 1136] - ?   P A S S   ?
[INFO ][2016-01-27 16:47:21,144][com.java.SeleniumDriver] [  856] - ------------------------------------------
[INFO ][2016-01-27 16:47:21,144][com.java.SeleniumDriver] [  857] - Test case being Executed: 8
[INFO ][2016-01-27 16:47:21,144][com.java.SeleniumDriver] [  869] - Test step:41
[INFO ][2016-01-27 16:47:21,144][com.java.SeleniumDriver] [  881] - Datavalue is----------2
[INFO ][2016-01-27 16:47:21,144][com.java.SeleniumDriver] [  905] - DataField : test
[INFO ][2016-01-27 16:47:21,144][com.java.SeleniumDriver] [  907] - DataValue : 2
[INFO ][2016-01-27 16:47:21,144][com.java.SeleniumDriver] [  913] - <In Set values of the page>
[INFO ][2016-01-27 16:47:21,144][com.java.SeleniumDriver] [  916] - {Data Fields & Data Values Exist}
[INFO ][2016-01-27 16:47:21,144][com.java.SeleniumDriver] [  918] - --------------------------setting values-----------------------------
[INFO ][2016-01-27 16:47:21,144][com.java.SeleniumDriver] [  921] - Action Type : WAITTIME
[DEBUG][2016-01-27 16:47:21,144][com.java.TestType] [ 6244] - sleepTime: 2000
[INFO ][2016-01-27 16:47:23,144][com.java.SeleniumDriver] [  930] -  RESULT true
[INFO ][2016-01-27 16:47:23,144][com.java.SeleniumDriver] [ 1136] - ?   P A S S   ?
[INFO ][2016-01-27 16:47:23,144][com.java.SeleniumDriver] [  856] - ------------------------------------------
[INFO ][2016-01-27 16:47:23,144][com.java.SeleniumDriver] [  857] - Test case being Executed: 8
[WARN ][2016-01-27 16:47:23,144][com.java.SeleniumDriver] [  861] - -----------------------Step Skipped:: 	TestCaseNo:  8	 StepNo: 42  	::	Action Type:  STOREVALUE 	::		ClientName In TestData:  "SKIP" 	::	ClientName in config:  "Any Bank USA"-----------------------------
[INFO ][2016-01-27 16:47:23,144][com.java.SeleniumDriver] [  856] - ------------------------------------------
[INFO ][2016-01-27 16:47:23,144][com.java.SeleniumDriver] [  857] - Test case being Executed: 8
[WARN ][2016-01-27 16:47:23,144][com.java.SeleniumDriver] [  861] - -----------------------Step Skipped:: 	TestCaseNo:  8	 StepNo: 43  	::	Action Type:  VERIFY 	::		ClientName In TestData:  "SKIP" 	::	ClientName in config:  "Any Bank USA"-----------------------------
[INFO ][2016-01-27 16:47:23,144][com.java.SeleniumDriver] [  856] - ------------------------------------------
[INFO ][2016-01-27 16:47:23,144][com.java.SeleniumDriver] [  857] - Test case being Executed: 8
[INFO ][2016-01-27 16:47:23,144][com.java.SeleniumDriver] [  869] - Test step:44
[INFO ][2016-01-27 16:47:23,144][com.java.SeleniumDriver] [  881] - Datavalue is----------HMVRiskWeighting
[INFO ][2016-01-27 16:47:23,144][com.java.SeleniumDriver] [  905] - DataField : XPHddlRiskWeighting
[INFO ][2016-01-27 16:47:23,144][com.java.SeleniumDriver] [  907] - DataValue : HMVRiskWeighting
[INFO ][2016-01-27 16:47:23,144][com.java.SeleniumDriver] [  913] - <In Set values of the page>
[INFO ][2016-01-27 16:47:23,144][com.java.SeleniumDriver] [  916] - {Data Fields & Data Values Exist}
[INFO ][2016-01-27 16:47:23,144][com.java.SeleniumDriver] [  918] - --------------------------setting values-----------------------------
[INFO ][2016-01-27 16:47:23,144][com.java.SeleniumDriver] [  921] - Action Type : VERIFYNOTPRESENT
[INFO ][2016-01-27 16:47:23,144][com.java.TestType] [ 9769] - field= XPHddlRiskWeighting value= HMVRiskWeighting
[DEBUG][2016-01-27 16:47:27,060][com.java.TestType] [ 9866] - values not matched
[INFO ][2016-01-27 16:47:27,060][com.java.SeleniumDriver] [  930] -  RESULT true
[INFO ][2016-01-27 16:47:27,060][com.java.SeleniumDriver] [ 1136] - ?   P A S S   ?
[INFO ][2016-01-27 16:47:27,060][com.java.SeleniumDriver] [  856] - ------------------------------------------
[INFO ][2016-01-27 16:47:27,060][com.java.SeleniumDriver] [  857] - Test case being Executed: 8
[INFO ][2016-01-27 16:47:27,060][com.java.SeleniumDriver] [  869] - Test step:45
[INFO ][2016-01-27 16:47:27,060][com.java.SeleniumDriver] [  881] - Datavalue is----------index:2
[INFO ][2016-01-27 16:47:27,060][com.java.SeleniumDriver] [  905] - DataField : COBddlRiskWeighting
[INFO ][2016-01-27 16:47:27,060][com.java.SeleniumDriver] [  907] - DataValue : index:2
[INFO ][2016-01-27 16:47:27,060][com.java.SeleniumDriver] [  913] - <In Set values of the page>
[INFO ][2016-01-27 16:47:27,060][com.java.SeleniumDriver] [  916] - {Data Fields & Data Values Exist}
[INFO ][2016-01-27 16:47:27,060][com.java.SeleniumDriver] [  918] - --------------------------setting values-----------------------------
[INFO ][2016-01-27 16:47:27,060][com.java.SeleniumDriver] [  921] - Action Type : SELECT
[INFO ][2016-01-27 16:47:27,060][com.java.TestType] [ 6430] - value = 2
[INFO ][2016-01-27 16:47:28,152][com.java.TestType] [ 6548] -  In COB ddlRiskWeighting : 2
[INFO ][2016-01-27 16:47:28,272][com.java.SeleniumDriver] [  930] -  RESULT true
[INFO ][2016-01-27 16:47:28,272][com.java.SeleniumDriver] [ 1136] - ?   P A S S   ?
[INFO ][2016-01-27 16:47:28,272][com.java.SeleniumDriver] [  856] - ------------------------------------------
[INFO ][2016-01-27 16:47:28,272][com.java.SeleniumDriver] [  857] - Test case being Executed: 8
[INFO ][2016-01-27 16:47:28,272][com.java.SeleniumDriver] [  869] - Test step:46
[INFO ][2016-01-27 16:47:28,272][com.java.SeleniumDriver] [  881] - Datavalue is----------2
[INFO ][2016-01-27 16:47:28,272][com.java.SeleniumDriver] [  905] - DataField : test
[INFO ][2016-01-27 16:47:28,272][com.java.SeleniumDriver] [  907] - DataValue : 2
[INFO ][2016-01-27 16:47:28,272][com.java.SeleniumDriver] [  913] - <In Set values of the page>
[INFO ][2016-01-27 16:47:28,272][com.java.SeleniumDriver] [  916] - {Data Fields & Data Values Exist}
[INFO ][2016-01-27 16:47:28,272][com.java.SeleniumDriver] [  918] - --------------------------setting values-----------------------------
[INFO ][2016-01-27 16:47:28,272][com.java.SeleniumDriver] [  921] - Action Type : WAITTIME
[DEBUG][2016-01-27 16:47:28,272][com.java.TestType] [ 6244] - sleepTime: 2000
[INFO ][2016-01-27 16:47:30,272][com.java.SeleniumDriver] [  930] -  RESULT true
[INFO ][2016-01-27 16:47:30,272][com.java.SeleniumDriver] [ 1136] - ?   P A S S   ?
[INFO ][2016-01-27 16:47:30,272][com.java.SeleniumDriver] [  856] - ------------------------------------------
[INFO ][2016-01-27 16:47:30,272][com.java.SeleniumDriver] [  857] - Test case being Executed: 8
[INFO ][2016-01-27 16:47:30,272][com.java.SeleniumDriver] [  869] - Test step:47
[INFO ][2016-01-27 16:47:30,272][com.java.SeleniumDriver] [  881] - Datavalue is----------RiskWeight
[INFO ][2016-01-27 16:47:30,272][com.java.SeleniumDriver] [  905] - DataField : SLBddlRiskWeighting
[INFO ][2016-01-27 16:47:30,272][com.java.SeleniumDriver] [  907] - DataValue : RiskWeight
[INFO ][2016-01-27 16:47:30,272][com.java.SeleniumDriver] [  913] - <In Set values of the page>
[INFO ][2016-01-27 16:47:30,272][com.java.SeleniumDriver] [  916] - {Data Fields & Data Values Exist}
[INFO ][2016-01-27 16:47:30,272][com.java.SeleniumDriver] [  918] - --------------------------setting values-----------------------------
[INFO ][2016-01-27 16:47:30,272][com.java.SeleniumDriver] [  921] - Action Type : STOREVALUE
[INFO ][2016-01-27 16:47:30,272][com.java.TestType] [ 9445] - field= SLBddlRiskWeighting
[INFO ][2016-01-27 16:47:31,474][com.java.SeleniumDriver] [  930] -  RESULT true
[INFO ][2016-01-27 16:47:31,474][com.java.SeleniumDriver] [ 1136] - ?   P A S S   ?
[INFO ][2016-01-27 16:47:31,474][com.java.SeleniumDriver] [  856] - ------------------------------------------
[INFO ][2016-01-27 16:47:31,474][com.java.SeleniumDriver] [  857] - Test case being Executed: 8
[INFO ][2016-01-27 16:47:31,474][com.java.SeleniumDriver] [  869] - Test step:48
[INFO ][2016-01-27 16:47:31,474][com.java.SeleniumDriver] [  881] - Datavalue is----------Saving
[INFO ][2016-01-27 16:47:31,474][com.java.SeleniumDriver] [  905] - DataField : TXTtxtAccount1
[INFO ][2016-01-27 16:47:31,474][com.java.SeleniumDriver] [  907] - DataValue : Saving
[INFO ][2016-01-27 16:47:31,474][com.java.SeleniumDriver] [  913] - <In Set values of the page>
[INFO ][2016-01-27 16:47:31,474][com.java.SeleniumDriver] [  916] - {Data Fields & Data Values Exist}
[INFO ][2016-01-27 16:47:31,474][com.java.SeleniumDriver] [  918] - --------------------------setting values-----------------------------
[INFO ][2016-01-27 16:47:31,474][com.java.SeleniumDriver] [  921] - Action Type : CLEARANDENTER
[INFO ][2016-01-27 16:47:32,605][com.java.TestType] [ 6430] - value = Saving
[INFO ][2016-01-27 16:47:33,906][com.java.SeleniumDriver] [  930] -  RESULT true
[INFO ][2016-01-27 16:47:33,906][com.java.SeleniumDriver] [ 1136] - ?   P A S S   ?
[INFO ][2016-01-27 16:47:33,906][com.java.SeleniumDriver] [  856] - ------------------------------------------
[INFO ][2016-01-27 16:47:33,906][com.java.SeleniumDriver] [  857] - Test case being Executed: 8
[INFO ][2016-01-27 16:47:33,906][com.java.SeleniumDriver] [  869] - Test step:49
[INFO ][2016-01-27 16:47:33,906][com.java.SeleniumDriver] [  881] - Datavalue is----------50000
[INFO ][2016-01-27 16:47:33,906][com.java.SeleniumDriver] [  905] - DataField : TXTtxtBalance1
[INFO ][2016-01-27 16:47:33,906][com.java.SeleniumDriver] [  907] - DataValue : 50000
[INFO ][2016-01-27 16:47:33,906][com.java.SeleniumDriver] [  913] - <In Set values of the page>
[INFO ][2016-01-27 16:47:33,906][com.java.SeleniumDriver] [  916] - {Data Fields & Data Values Exist}
[INFO ][2016-01-27 16:47:33,906][com.java.SeleniumDriver] [  918] - --------------------------setting values-----------------------------
[INFO ][2016-01-27 16:47:33,906][com.java.SeleniumDriver] [  921] - Action Type : CLEARANDENTER
[INFO ][2016-01-27 16:47:35,027][com.java.TestType] [ 6430] - value = 50000
[INFO ][2016-01-27 16:47:36,218][com.java.SeleniumDriver] [  930] -  RESULT true
[INFO ][2016-01-27 16:47:36,218][com.java.SeleniumDriver] [ 1136] - ?   P A S S   ?
[INFO ][2016-01-27 16:47:36,218][com.java.SeleniumDriver] [  856] - ------------------------------------------
[INFO ][2016-01-27 16:47:36,218][com.java.SeleniumDriver] [  857] - Test case being Executed: 8
[INFO ][2016-01-27 16:47:36,218][com.java.SeleniumDriver] [  869] - Test step:50
[INFO ][2016-01-27 16:47:36,218][com.java.SeleniumDriver] [  881] - Datavalue is----------0
[INFO ][2016-01-27 16:47:36,218][com.java.SeleniumDriver] [  905] - DataField : TXTtxtYield1
[INFO ][2016-01-27 16:47:36,218][com.java.SeleniumDriver] [  907] - DataValue : 0
[INFO ][2016-01-27 16:47:36,218][com.java.SeleniumDriver] [  913] - <In Set values of the page>
[INFO ][2016-01-27 16:47:36,218][com.java.SeleniumDriver] [  916] - {Data Fields & Data Values Exist}
[INFO ][2016-01-27 16:47:36,218][com.java.SeleniumDriver] [  918] - --------------------------setting values-----------------------------
[INFO ][2016-01-27 16:47:36,218][com.java.SeleniumDriver] [  921] - Action Type : CLEARANDENTER
[INFO ][2016-01-27 16:47:37,359][com.java.TestType] [ 6430] - value = 0
[INFO ][2016-01-27 16:47:38,510][com.java.SeleniumDriver] [  930] -  RESULT true
[INFO ][2016-01-27 16:47:38,510][com.java.SeleniumDriver] [ 1136] - ?   P A S S   ?
[INFO ][2016-01-27 16:47:38,510][com.java.SeleniumDriver] [  856] - ------------------------------------------
[INFO ][2016-01-27 16:47:38,510][com.java.SeleniumDriver] [  857] - Test case being Executed: 8
[INFO ][2016-01-27 16:47:38,510][com.java.SeleniumDriver] [  869] - Test step:51
[INFO ][2016-01-27 16:47:38,510][com.java.SeleniumDriver] [  881] - Datavalue is----------null
[DEBUG][2016-01-27 16:47:38,510][com.java.SeleniumDriver] [  899] - Exception: null
[INFO ][2016-01-27 16:47:38,510][com.java.SeleniumDriver] [  905] - DataField : HDNbtnSave
[INFO ][2016-01-27 16:47:38,510][com.java.SeleniumDriver] [  907] - DataValue : 
[INFO ][2016-01-27 16:47:38,510][com.java.SeleniumDriver] [  913] - <In Set values of the page>
[INFO ][2016-01-27 16:47:38,510][com.java.SeleniumDriver] [  916] - {Data Fields & Data Values Exist}
[INFO ][2016-01-27 16:47:38,510][com.java.SeleniumDriver] [  918] - --------------------------setting values-----------------------------
[INFO ][2016-01-27 16:47:38,510][com.java.SeleniumDriver] [  921] - Action Type : CLICK
[INFO ][2016-01-27 16:47:38,510][com.java.TestType] [ 6809] - Field ::HDNbtnSave
[INFO ][2016-01-27 16:47:38,510][com.java.TestType] [ 6430] - value = 
[INFO ][2016-01-27 16:47:40,621][com.java.SeleniumDriver] [  930] -  RESULT true
[INFO ][2016-01-27 16:47:40,621][com.java.SeleniumDriver] [ 1136] - ?   P A S S   ?
[INFO ][2016-01-27 16:47:40,621][com.java.SeleniumDriver] [  856] - ------------------------------------------
[INFO ][2016-01-27 16:47:40,621][com.java.SeleniumDriver] [  857] - Test case being Executed: 8
[INFO ][2016-01-27 16:47:40,621][com.java.SeleniumDriver] [  869] - Test step:52
[INFO ][2016-01-27 16:47:40,621][com.java.SeleniumDriver] [  881] - Datavalue is----------2
[INFO ][2016-01-27 16:47:40,621][com.java.SeleniumDriver] [  905] - DataField : test
[INFO ][2016-01-27 16:47:40,621][com.java.SeleniumDriver] [  907] - DataValue : 2
[INFO ][2016-01-27 16:47:40,621][com.java.SeleniumDriver] [  913] - <In Set values of the page>
[INFO ][2016-01-27 16:47:40,621][com.java.SeleniumDriver] [  916] - {Data Fields & Data Values Exist}
[INFO ][2016-01-27 16:47:40,621][com.java.SeleniumDriver] [  918] - --------------------------setting values-----------------------------
[INFO ][2016-01-27 16:47:40,621][com.java.SeleniumDriver] [  921] - Action Type : WAITTIME
[DEBUG][2016-01-27 16:47:40,621][com.java.TestType] [ 6244] - sleepTime: 2000
[INFO ][2016-01-27 16:47:42,621][com.java.SeleniumDriver] [  930] -  RESULT true
[INFO ][2016-01-27 16:47:42,621][com.java.SeleniumDriver] [ 1136] - ?   P A S S   ?
[INFO ][2016-01-27 16:47:42,621][com.java.SeleniumDriver] [  856] - ------------------------------------------
[INFO ][2016-01-27 16:47:42,621][com.java.SeleniumDriver] [  857] - Test case being Executed: 8
[INFO ][2016-01-27 16:47:42,621][com.java.SeleniumDriver] [  869] - Test step:53
[INFO ][2016-01-27 16:47:42,621][com.java.SeleniumDriver] [  881] - Datavalue is----------null
[DEBUG][2016-01-27 16:47:42,621][com.java.SeleniumDriver] [  899] - Exception: null
[INFO ][2016-01-27 16:47:42,621][com.java.SeleniumDriver] [  905] - DataField : BTNparent
[INFO ][2016-01-27 16:47:42,621][com.java.SeleniumDriver] [  907] - DataValue : 
[INFO ][2016-01-27 16:47:42,621][com.java.SeleniumDriver] [  913] - <In Set values of the page>
[INFO ][2016-01-27 16:47:42,621][com.java.SeleniumDriver] [  916] - {Data Fields & Data Values Exist}
[INFO ][2016-01-27 16:47:42,621][com.java.SeleniumDriver] [  918] - --------------------------setting values-----------------------------
[INFO ][2016-01-27 16:47:42,621][com.java.SeleniumDriver] [  921] - Action Type : SELECTFRAME
[INFO ][2016-01-27 16:47:42,631][com.java.SeleniumDriver] [  930] -  RESULT true
[INFO ][2016-01-27 16:47:42,631][com.java.SeleniumDriver] [ 1136] - ?   P A S S   ?
[INFO ][2016-01-27 16:47:42,631][com.java.SeleniumDriver] [  856] - ------------------------------------------
[INFO ][2016-01-27 16:47:42,631][com.java.SeleniumDriver] [  857] - Test case being Executed: 8
[INFO ][2016-01-27 16:47:42,631][com.java.SeleniumDriver] [  869] - Test step:54
[INFO ][2016-01-27 16:47:42,631][com.java.SeleniumDriver] [  881] - Datavalue is----------null
[DEBUG][2016-01-27 16:47:42,631][com.java.SeleniumDriver] [  899] - Exception: null
[INFO ][2016-01-27 16:47:42,631][com.java.SeleniumDriver] [  905] - DataField : BTNcloseAllTabs
[INFO ][2016-01-27 16:47:42,631][com.java.SeleniumDriver] [  907] - DataValue : 
[INFO ][2016-01-27 16:47:42,631][com.java.SeleniumDriver] [  913] - <In Set values of the page>
[INFO ][2016-01-27 16:47:42,631][com.java.SeleniumDriver] [  916] - {Data Fields & Data Values Exist}
[INFO ][2016-01-27 16:47:42,631][com.java.SeleniumDriver] [  918] - --------------------------setting values-----------------------------
[INFO ][2016-01-27 16:47:42,631][com.java.SeleniumDriver] [  921] - Action Type : CLICK
[INFO ][2016-01-27 16:47:42,631][com.java.TestType] [ 6809] - Field ::BTNcloseAllTabs
[INFO ][2016-01-27 16:47:42,631][com.java.TestType] [ 6430] - value = 
[INFO ][2016-01-27 16:47:43,632][com.java.TestType] [ 6961] - BEFORE CLICK
[INFO ][2016-01-27 16:47:45,105][com.java.TestType] [ 6968] - Unable to click the object Close all tabs button
[INFO ][2016-01-27 16:47:45,105][com.java.SeleniumDriver] [  930] -  RESULT true
[INFO ][2016-01-27 16:47:45,105][com.java.SeleniumDriver] [ 1136] - ?   P A S S   ?
[INFO ][2016-01-27 16:47:45,105][com.java.SeleniumDriver] [  856] - ------------------------------------------
[INFO ][2016-01-27 16:47:45,105][com.java.SeleniumDriver] [  857] - Test case being Executed: 8
[INFO ][2016-01-27 16:47:45,105][com.java.SeleniumDriver] [  869] - Test step:55
[INFO ][2016-01-27 16:47:45,105][com.java.SeleniumDriver] [  881] - Datavalue is----------3
[INFO ][2016-01-27 16:47:45,105][com.java.SeleniumDriver] [  905] - DataField : XPH//div[contains(text(), 'My Dashboard')]
[INFO ][2016-01-27 16:47:45,105][com.java.SeleniumDriver] [  907] - DataValue : 3
[INFO ][2016-01-27 16:47:45,105][com.java.SeleniumDriver] [  913] - <In Set values of the page>
[INFO ][2016-01-27 16:47:45,105][com.java.SeleniumDriver] [  916] - {Data Fields & Data Values Exist}
[INFO ][2016-01-27 16:47:45,105][com.java.SeleniumDriver] [  918] - --------------------------setting values-----------------------------
[INFO ][2016-01-27 16:47:45,105][com.java.SeleniumDriver] [  921] - Action Type : WAITFORELEMENT
[INFO ][2016-01-27 16:47:45,205][com.java.SeleniumDriver] [  930] -  RESULT true
[INFO ][2016-01-27 16:47:45,205][com.java.SeleniumDriver] [ 1136] - ?   P A S S   ?
[INFO ][2016-01-27 16:47:45,205][com.java.SeleniumDriver] [  856] - ------------------------------------------
[INFO ][2016-01-27 16:47:45,205][com.java.SeleniumDriver] [  857] - Test case being Executed: 8
[INFO ][2016-01-27 16:47:45,205][com.java.SeleniumDriver] [  869] - Test step:56
[INFO ][2016-01-27 16:47:45,205][com.java.SeleniumDriver] [  881] - Datavalue is----------//div[contains(text(), 'My Dashboard')]
[INFO ][2016-01-27 16:47:45,205][com.java.SeleniumDriver] [  905] - DataField : BTN
[INFO ][2016-01-27 16:47:45,205][com.java.SeleniumDriver] [  907] - DataValue : //div[contains(text(), 'My Dashboard')]
[INFO ][2016-01-27 16:47:45,205][com.java.SeleniumDriver] [  913] - <In Set values of the page>
[INFO ][2016-01-27 16:47:45,205][com.java.SeleniumDriver] [  916] - {Data Fields & Data Values Exist}
[INFO ][2016-01-27 16:47:45,205][com.java.SeleniumDriver] [  918] - --------------------------setting values-----------------------------
[INFO ][2016-01-27 16:47:45,205][com.java.SeleniumDriver] [  921] - Action Type : VERIFY
[INFO ][2016-01-27 16:47:45,205][com.java.TestType] [ 8020] - field= BTN value= //div[contains(text(), 'My Dashboard')]
[INFO ][2016-01-27 16:47:45,205][com.java.TestType] [ 6430] - value = //div[contains(text(), 'My Dashboard')]
[INFO ][2016-01-27 16:47:45,365][com.java.SeleniumDriver] [  930] -  RESULT true
[INFO ][2016-01-27 16:47:45,365][com.java.SeleniumDriver] [ 1136] - ?   P A S S   ?
[INFO ][2016-01-27 16:47:45,365][com.java.SeleniumDriver] [  856] - ------------------------------------------
[INFO ][2016-01-27 16:47:45,365][com.java.SeleniumDriver] [  857] - Test case being Executed: 8
[INFO ][2016-01-27 16:47:45,365][com.java.SeleniumDriver] [  869] - Test step:57
[INFO ][2016-01-27 16:47:45,365][com.java.SeleniumDriver] [  881] - Datavalue is----------null
[DEBUG][2016-01-27 16:47:45,365][com.java.SeleniumDriver] [  899] - Exception: null
[INFO ][2016-01-27 16:47:45,365][com.java.SeleniumDriver] [  905] - DataField : //span[@class="icon-checkmark"]&&//a[@data-id="LoanPricingModel"]
[INFO ][2016-01-27 16:47:45,365][com.java.SeleniumDriver] [  907] - DataValue : 
[INFO ][2016-01-27 16:47:45,365][com.java.SeleniumDriver] [  913] - <In Set values of the page>
[INFO ][2016-01-27 16:47:45,365][com.java.SeleniumDriver] [  916] - {Data Fields & Data Values Exist}
[INFO ][2016-01-27 16:47:45,365][com.java.SeleniumDriver] [  918] - --------------------------setting values-----------------------------
[INFO ][2016-01-27 16:47:45,365][com.java.SeleniumDriver] [  921] - Action Type : MOUSEOVER
[INFO ][2016-01-27 16:48:13,248][com.java.SeleniumDriver] [  930] -  RESULT true
[INFO ][2016-01-27 16:48:13,248][com.java.SeleniumDriver] [ 1136] - ?   P A S S   ?
[INFO ][2016-01-27 16:48:13,248][com.java.SeleniumDriver] [  856] - ------------------------------------------
[INFO ][2016-01-27 16:48:13,248][com.java.SeleniumDriver] [  857] - Test case being Executed: 8
[INFO ][2016-01-27 16:48:13,248][com.java.SeleniumDriver] [  869] - Test step:58
[INFO ][2016-01-27 16:48:13,248][com.java.SeleniumDriver] [  881] - Datavalue is----------null
[DEBUG][2016-01-27 16:48:13,248][com.java.SeleniumDriver] [  899] - Exception: null
[INFO ][2016-01-27 16:48:13,248][com.java.SeleniumDriver] [  905] - DataField : BTN//iframe[@id="frameLoanPricingModel"]
[INFO ][2016-01-27 16:48:13,248][com.java.SeleniumDriver] [  907] - DataValue : 
[INFO ][2016-01-27 16:48:13,248][com.java.SeleniumDriver] [  913] - <In Set values of the page>
[INFO ][2016-01-27 16:48:13,248][com.java.SeleniumDriver] [  916] - {Data Fields & Data Values Exist}
[INFO ][2016-01-27 16:48:13,248][com.java.SeleniumDriver] [  918] - --------------------------setting values-----------------------------
[INFO ][2016-01-27 16:48:13,248][com.java.SeleniumDriver] [  921] - Action Type : SELECTFRAME
[INFO ][2016-01-27 16:48:13,328][com.java.SeleniumDriver] [  930] -  RESULT true
[INFO ][2016-01-27 16:48:13,328][com.java.SeleniumDriver] [ 1136] - ?   P A S S   ?
[INFO ][2016-01-27 16:48:13,328][com.java.SeleniumDriver] [  856] - ------------------------------------------
[INFO ][2016-01-27 16:48:13,328][com.java.SeleniumDriver] [  857] - Test case being Executed: 8
[INFO ][2016-01-27 16:48:13,328][com.java.SeleniumDriver] [  869] - Test step:59
[INFO ][2016-01-27 16:48:13,328][com.java.SeleniumDriver] [  881] - Datavalue is----------LoanIdentifier
[INFO ][2016-01-27 16:48:13,328][com.java.SeleniumDriver] [  905] - DataField : HDC//table[@id='tblLoans']/tbody//td/a[contains(text(),'mytext')]/following::td[8]
[INFO ][2016-01-27 16:48:13,328][com.java.SeleniumDriver] [  907] - DataValue : LoanIdentifier
[INFO ][2016-01-27 16:48:13,328][com.java.SeleniumDriver] [  913] - <In Set values of the page>
[INFO ][2016-01-27 16:48:13,328][com.java.SeleniumDriver] [  916] - {Data Fields & Data Values Exist}
[INFO ][2016-01-27 16:48:13,328][com.java.SeleniumDriver] [  918] - --------------------------setting values-----------------------------
[INFO ][2016-01-27 16:48:13,328][com.java.SeleniumDriver] [  921] - Action Type : CLICK
[INFO ][2016-01-27 16:48:13,328][com.java.TestType] [ 6809] - Field ::HDC//table[@id='tblLoans']/tbody//td/a[contains(text(),'mytext')]/following::td[8]
[INFO ][2016-01-27 16:48:13,328][com.java.TestType] [ 6430] - value = LoanIdentifier
[INFO ][2016-01-27 16:48:14,749][com.java.SeleniumDriver] [  930] -  RESULT true
[INFO ][2016-01-27 16:48:14,749][com.java.SeleniumDriver] [ 1136] - ?   P A S S   ?
[INFO ][2016-01-27 16:48:14,749][com.java.SeleniumDriver] [  856] - ------------------------------------------
[INFO ][2016-01-27 16:48:14,749][com.java.SeleniumDriver] [  857] - Test case being Executed: 8
[INFO ][2016-01-27 16:48:14,749][com.java.SeleniumDriver] [  869] - Test step:60
[INFO ][2016-01-27 16:48:14,749][com.java.SeleniumDriver] [  881] - Datavalue is----------null
[DEBUG][2016-01-27 16:48:14,749][com.java.SeleniumDriver] [  899] - Exception: null
[INFO ][2016-01-27 16:48:14,749][com.java.SeleniumDriver] [  905] - DataField : BTNparent
[INFO ][2016-01-27 16:48:14,749][com.java.SeleniumDriver] [  907] - DataValue : 
[INFO ][2016-01-27 16:48:14,749][com.java.SeleniumDriver] [  913] - <In Set values of the page>
[INFO ][2016-01-27 16:48:14,749][com.java.SeleniumDriver] [  916] - {Data Fields & Data Values Exist}
[INFO ][2016-01-27 16:48:14,749][com.java.SeleniumDriver] [  918] - --------------------------setting values-----------------------------
[INFO ][2016-01-27 16:48:14,749][com.java.SeleniumDriver] [  921] - Action Type : SELECTFRAME
[INFO ][2016-01-27 16:48:14,759][com.java.SeleniumDriver] [  930] -  RESULT true
[INFO ][2016-01-27 16:48:14,759][com.java.SeleniumDriver] [ 1136] - ?   P A S S   ?
[INFO ][2016-01-27 16:48:14,759][com.java.SeleniumDriver] [  856] - ------------------------------------------
[INFO ][2016-01-27 16:48:14,759][com.java.SeleniumDriver] [  857] - Test case being Executed: 8
[INFO ][2016-01-27 16:48:14,759][com.java.SeleniumDriver] [  869] - Test step:61
[INFO ][2016-01-27 16:48:14,759][com.java.SeleniumDriver] [  881] - Datavalue is----------2
[INFO ][2016-01-27 16:48:14,759][com.java.SeleniumDriver] [  905] - DataField : test
[INFO ][2016-01-27 16:48:14,759][com.java.SeleniumDriver] [  907] - DataValue : 2
[INFO ][2016-01-27 16:48:14,759][com.java.SeleniumDriver] [  913] - <In Set values of the page>
[INFO ][2016-01-27 16:48:14,759][com.java.SeleniumDriver] [  916] - {Data Fields & Data Values Exist}
[INFO ][2016-01-27 16:48:14,759][com.java.SeleniumDriver] [  918] - --------------------------setting values-----------------------------
[INFO ][2016-01-27 16:48:14,759][com.java.SeleniumDriver] [  921] - Action Type : WAITTIME
[DEBUG][2016-01-27 16:48:14,759][com.java.TestType] [ 6244] - sleepTime: 2000
[INFO ][2016-01-27 16:48:16,762][com.java.SeleniumDriver] [  930] -  RESULT true
[INFO ][2016-01-27 16:48:16,762][com.java.SeleniumDriver] [ 1136] - ?   P A S S   ?
[INFO ][2016-01-27 16:48:16,762][com.java.SeleniumDriver] [  856] - ------------------------------------------
[INFO ][2016-01-27 16:48:16,762][com.java.SeleniumDriver] [  857] - Test case being Executed: 8
[INFO ][2016-01-27 16:48:16,762][com.java.SeleniumDriver] [  869] - Test step:62
[INFO ][2016-01-27 16:48:16,762][com.java.SeleniumDriver] [  881] - Datavalue is----------Change Loan Status
[INFO ][2016-01-27 16:48:16,762][com.java.SeleniumDriver] [  905] - DataField : XPH//span[@class="ui-dialog-title"]
[INFO ][2016-01-27 16:48:16,762][com.java.SeleniumDriver] [  907] - DataValue : Change Loan Status
[INFO ][2016-01-27 16:48:16,762][com.java.SeleniumDriver] [  913] - <In Set values of the page>
[INFO ][2016-01-27 16:48:16,762][com.java.SeleniumDriver] [  916] - {Data Fields & Data Values Exist}
[INFO ][2016-01-27 16:48:16,762][com.java.SeleniumDriver] [  918] - --------------------------setting values-----------------------------
[INFO ][2016-01-27 16:48:16,762][com.java.SeleniumDriver] [  921] - Action Type : VERIFY
[INFO ][2016-01-27 16:48:16,762][com.java.TestType] [ 8020] - field= XPH//span[@class="ui-dialog-title"] value= Change Loan Status
[INFO ][2016-01-27 16:48:16,762][com.java.TestType] [ 6430] - value = Change Loan Status
[INFO ][2016-01-27 16:48:16,903][com.java.SeleniumDriver] [  930] -  RESULT true
[INFO ][2016-01-27 16:48:16,903][com.java.SeleniumDriver] [ 1136] - ?   P A S S   ?
[INFO ][2016-01-27 16:48:16,903][com.java.SeleniumDriver] [  856] - ------------------------------------------
[INFO ][2016-01-27 16:48:16,903][com.java.SeleniumDriver] [  857] - Test case being Executed: 8
[INFO ][2016-01-27 16:48:16,903][com.java.SeleniumDriver] [  869] - Test step:63
[INFO ][2016-01-27 16:48:16,903][com.java.SeleniumDriver] [  881] - Datavalue is----------null
[DEBUG][2016-01-27 16:48:16,903][com.java.SeleniumDriver] [  899] - Exception: null
[INFO ][2016-01-27 16:48:16,903][com.java.SeleniumDriver] [  905] - DataField : BTNframeDialogContent
[INFO ][2016-01-27 16:48:16,903][com.java.SeleniumDriver] [  907] - DataValue : 
[INFO ][2016-01-27 16:48:16,903][com.java.SeleniumDriver] [  913] - <In Set values of the page>
[INFO ][2016-01-27 16:48:16,903][com.java.SeleniumDriver] [  916] - {Data Fields & Data Values Exist}
[INFO ][2016-01-27 16:48:16,903][com.java.SeleniumDriver] [  918] - --------------------------setting values-----------------------------
[INFO ][2016-01-27 16:48:16,903][com.java.SeleniumDriver] [  921] - Action Type : SELECTFRAME
[INFO ][2016-01-27 16:48:18,194][com.java.SeleniumDriver] [  930] -  RESULT true
[INFO ][2016-01-27 16:48:18,194][com.java.SeleniumDriver] [ 1136] - ?   P A S S   ?
[INFO ][2016-01-27 16:48:18,194][com.java.SeleniumDriver] [  856] - ------------------------------------------
[INFO ][2016-01-27 16:48:18,194][com.java.SeleniumDriver] [  857] - Test case being Executed: 8
[INFO ][2016-01-27 16:48:18,194][com.java.SeleniumDriver] [  869] - Test step:64
[INFO ][2016-01-27 16:48:18,194][com.java.SeleniumDriver] [  881] - Datavalue is----------index:1
[INFO ][2016-01-27 16:48:18,194][com.java.SeleniumDriver] [  905] - DataField : COBddlLoanStatus
[INFO ][2016-01-27 16:48:18,194][com.java.SeleniumDriver] [  907] - DataValue : index:1
[INFO ][2016-01-27 16:48:18,194][com.java.SeleniumDriver] [  913] - <In Set values of the page>
[INFO ][2016-01-27 16:48:18,194][com.java.SeleniumDriver] [  916] - {Data Fields & Data Values Exist}
[INFO ][2016-01-27 16:48:18,194][com.java.SeleniumDriver] [  918] - --------------------------setting values-----------------------------
[INFO ][2016-01-27 16:48:18,194][com.java.SeleniumDriver] [  921] - Action Type : SELECT
[INFO ][2016-01-27 16:48:18,194][com.java.TestType] [ 6430] - value = 1
[INFO ][2016-01-27 16:48:19,315][com.java.TestType] [ 6548] -  In COB ddlLoanStatus : 1
[INFO ][2016-01-27 16:48:19,485][com.java.SeleniumDriver] [  930] -  RESULT true
[INFO ][2016-01-27 16:48:19,485][com.java.SeleniumDriver] [ 1136] - ?   P A S S   ?
[INFO ][2016-01-27 16:48:19,485][com.java.SeleniumDriver] [  856] - ------------------------------------------
[INFO ][2016-01-27 16:48:19,485][com.java.SeleniumDriver] [  857] - Test case being Executed: 8
[INFO ][2016-01-27 16:48:19,485][com.java.SeleniumDriver] [  869] - Test step:65
[INFO ][2016-01-27 16:48:19,485][com.java.SeleniumDriver] [  881] - Datavalue is----------null
[DEBUG][2016-01-27 16:48:19,485][com.java.SeleniumDriver] [  899] - Exception: null
[INFO ][2016-01-27 16:48:19,485][com.java.SeleniumDriver] [  905] - DataField : XPH//input[@readonly="readonly"]
[INFO ][2016-01-27 16:48:19,485][com.java.SeleniumDriver] [  907] - DataValue : 
[INFO ][2016-01-27 16:48:19,485][com.java.SeleniumDriver] [  913] - <In Set values of the page>
[INFO ][2016-01-27 16:48:19,485][com.java.SeleniumDriver] [  916] - {Data Fields & Data Values Exist}
[INFO ][2016-01-27 16:48:19,485][com.java.SeleniumDriver] [  918] - --------------------------setting values-----------------------------
[INFO ][2016-01-27 16:48:19,485][com.java.SeleniumDriver] [  921] - Action Type : CLICK
[INFO ][2016-01-27 16:48:19,485][com.java.TestType] [ 6809] - Field ::XPH//input[@readonly="readonly"]
[INFO ][2016-01-27 16:48:19,485][com.java.TestType] [ 6430] - value = 
[INFO ][2016-01-27 16:48:20,485][com.java.TestType] [ 6982] - BEFORE CLICK
[INFO ][2016-01-27 16:48:21,290][com.java.TestType] [ 6990] - Unable to click the object Click on Date Picker
[INFO ][2016-01-27 16:48:21,290][com.java.SeleniumDriver] [  930] -  RESULT true
[INFO ][2016-01-27 16:48:21,290][com.java.SeleniumDriver] [ 1136] - ?   P A S S   ?
[INFO ][2016-01-27 16:48:21,290][com.java.SeleniumDriver] [  856] - ------------------------------------------
[INFO ][2016-01-27 16:48:21,290][com.java.SeleniumDriver] [  857] - Test case being Executed: 8
[INFO ][2016-01-27 16:48:21,290][com.java.SeleniumDriver] [  869] - Test step:66
[INFO ][2016-01-27 16:48:21,290][com.java.SeleniumDriver] [  881] - Datavalue is----------null
[DEBUG][2016-01-27 16:48:21,290][com.java.SeleniumDriver] [  899] - Exception: null
[INFO ][2016-01-27 16:48:21,290][com.java.SeleniumDriver] [  905] - DataField : XPH//span[contains(text(),'Next')]
[INFO ][2016-01-27 16:48:21,290][com.java.SeleniumDriver] [  907] - DataValue : 
[INFO ][2016-01-27 16:48:21,290][com.java.SeleniumDriver] [  913] - <In Set values of the page>
[INFO ][2016-01-27 16:48:21,290][com.java.SeleniumDriver] [  916] - {Data Fields & Data Values Exist}
[INFO ][2016-01-27 16:48:21,290][com.java.SeleniumDriver] [  918] - --------------------------setting values-----------------------------
[INFO ][2016-01-27 16:48:21,290][com.java.SeleniumDriver] [  921] - Action Type : CLICK
[INFO ][2016-01-27 16:48:21,290][com.java.TestType] [ 6809] - Field ::XPH//span[contains(text(),'Next')]
[INFO ][2016-01-27 16:48:21,290][com.java.TestType] [ 6430] - value = 
[INFO ][2016-01-27 16:48:22,291][com.java.TestType] [ 6982] - BEFORE CLICK
[INFO ][2016-01-27 16:48:23,061][com.java.TestType] [ 6990] - Unable to click the object Click on next button
[INFO ][2016-01-27 16:48:23,061][com.java.SeleniumDriver] [  930] -  RESULT true
[INFO ][2016-01-27 16:48:23,061][com.java.SeleniumDriver] [ 1136] - ?   P A S S   ?
[INFO ][2016-01-27 16:48:23,061][com.java.SeleniumDriver] [  856] - ------------------------------------------
[INFO ][2016-01-27 16:48:23,061][com.java.SeleniumDriver] [  857] - Test case being Executed: 8
[INFO ][2016-01-27 16:48:23,061][com.java.SeleniumDriver] [  869] - Test step:67
[INFO ][2016-01-27 16:48:23,061][com.java.SeleniumDriver] [  881] - Datavalue is----------null
[DEBUG][2016-01-27 16:48:23,061][com.java.SeleniumDriver] [  899] - Exception: null
[INFO ][2016-01-27 16:48:23,061][com.java.SeleniumDriver] [  905] - DataField : XPH//table[@class="ui-datepicker-calendar"]/tbody/tr[3]/td[4]
[INFO ][2016-01-27 16:48:23,061][com.java.SeleniumDriver] [  907] - DataValue : 
[INFO ][2016-01-27 16:48:23,061][com.java.SeleniumDriver] [  913] - <In Set values of the page>
[INFO ][2016-01-27 16:48:23,061][com.java.SeleniumDriver] [  916] - {Data Fields & Data Values Exist}
[INFO ][2016-01-27 16:48:23,061][com.java.SeleniumDriver] [  918] - --------------------------setting values-----------------------------
[INFO ][2016-01-27 16:48:23,061][com.java.SeleniumDriver] [  921] - Action Type : CLICK
[INFO ][2016-01-27 16:48:23,061][com.java.TestType] [ 6809] - Field ::XPH//table[@class="ui-datepicker-calendar"]/tbody/tr[3]/td[4]
[INFO ][2016-01-27 16:48:23,061][com.java.TestType] [ 6430] - value = 
[INFO ][2016-01-27 16:48:24,062][com.java.TestType] [ 6982] - BEFORE CLICK
[INFO ][2016-01-27 16:48:24,785][com.java.TestType] [ 6990] - Unable to click the object Click on particular date
[INFO ][2016-01-27 16:48:24,785][com.java.SeleniumDriver] [  930] -  RESULT true
[INFO ][2016-01-27 16:48:24,785][com.java.SeleniumDriver] [ 1136] - ?   P A S S   ?
[INFO ][2016-01-27 16:48:24,785][com.java.SeleniumDriver] [  856] - ------------------------------------------
[INFO ][2016-01-27 16:48:24,785][com.java.SeleniumDriver] [  857] - Test case being Executed: 8
[INFO ][2016-01-27 16:48:24,785][com.java.SeleniumDriver] [  869] - Test step:68
[INFO ][2016-01-27 16:48:24,785][com.java.SeleniumDriver] [  881] - Datavalue is----------null
[DEBUG][2016-01-27 16:48:24,785][com.java.SeleniumDriver] [  899] - Exception: null
[INFO ][2016-01-27 16:48:24,785][com.java.SeleniumDriver] [  905] - DataField : BTNparent
[INFO ][2016-01-27 16:48:24,785][com.java.SeleniumDriver] [  907] - DataValue : 
[INFO ][2016-01-27 16:48:24,785][com.java.SeleniumDriver] [  913] - <In Set values of the page>
[INFO ][2016-01-27 16:48:24,785][com.java.SeleniumDriver] [  916] - {Data Fields & Data Values Exist}
[INFO ][2016-01-27 16:48:24,785][com.java.SeleniumDriver] [  918] - --------------------------setting values-----------------------------
[INFO ][2016-01-27 16:48:24,785][com.java.SeleniumDriver] [  921] - Action Type : SELECTFRAME
[INFO ][2016-01-27 16:48:24,786][com.java.SeleniumDriver] [  930] -  RESULT true
[INFO ][2016-01-27 16:48:24,786][com.java.SeleniumDriver] [ 1136] - ?   P A S S   ?
[INFO ][2016-01-27 16:48:24,786][com.java.SeleniumDriver] [  856] - ------------------------------------------
[INFO ][2016-01-27 16:48:24,786][com.java.SeleniumDriver] [  857] - Test case being Executed: 8
[INFO ][2016-01-27 16:48:24,786][com.java.SeleniumDriver] [  869] - Test step:69
[INFO ][2016-01-27 16:48:24,786][com.java.SeleniumDriver] [  881] - Datavalue is----------null
[DEBUG][2016-01-27 16:48:24,786][com.java.SeleniumDriver] [  899] - Exception: null
[INFO ][2016-01-27 16:48:24,786][com.java.SeleniumDriver] [  905] - DataField : BTN//span[contains(text(),'Update')]
[INFO ][2016-01-27 16:48:24,786][com.java.SeleniumDriver] [  907] - DataValue : 
[INFO ][2016-01-27 16:48:24,786][com.java.SeleniumDriver] [  913] - <In Set values of the page>
[INFO ][2016-01-27 16:48:24,786][com.java.SeleniumDriver] [  916] - {Data Fields & Data Values Exist}
[INFO ][2016-01-27 16:48:24,786][com.java.SeleniumDriver] [  918] - --------------------------setting values-----------------------------
[INFO ][2016-01-27 16:48:24,786][com.java.SeleniumDriver] [  921] - Action Type : CLICK
[INFO ][2016-01-27 16:48:24,786][com.java.TestType] [ 6809] - Field ::BTN//span[contains(text(),'Update')]
[INFO ][2016-01-27 16:48:24,786][com.java.TestType] [ 6430] - value = 
[INFO ][2016-01-27 16:48:25,796][com.java.TestType] [ 6961] - BEFORE CLICK
[INFO ][2016-01-27 16:48:26,207][com.java.TestType] [ 6968] - Unable to click the object Update button
[INFO ][2016-01-27 16:48:26,207][com.java.SeleniumDriver] [  930] -  RESULT true
[INFO ][2016-01-27 16:48:26,207][com.java.SeleniumDriver] [ 1136] - ?   P A S S   ?
[INFO ][2016-01-27 16:48:26,207][com.java.SeleniumDriver] [  856] - ------------------------------------------
[INFO ][2016-01-27 16:48:26,207][com.java.SeleniumDriver] [  857] - Test case being Executed: 8
[INFO ][2016-01-27 16:48:26,207][com.java.SeleniumDriver] [  869] - Test step:70
[INFO ][2016-01-27 16:48:26,207][com.java.SeleniumDriver] [  881] - Datavalue is----------2
[INFO ][2016-01-27 16:48:26,207][com.java.SeleniumDriver] [  905] - DataField : test
[INFO ][2016-01-27 16:48:26,207][com.java.SeleniumDriver] [  907] - DataValue : 2
[INFO ][2016-01-27 16:48:26,207][com.java.SeleniumDriver] [  913] - <In Set values of the page>
[INFO ][2016-01-27 16:48:26,207][com.java.SeleniumDriver] [  916] - {Data Fields & Data Values Exist}
[INFO ][2016-01-27 16:48:26,207][com.java.SeleniumDriver] [  918] - --------------------------setting values-----------------------------
[INFO ][2016-01-27 16:48:26,207][com.java.SeleniumDriver] [  921] - Action Type : WAITTIME
[DEBUG][2016-01-27 16:48:26,207][com.java.TestType] [ 6244] - sleepTime: 2000
[INFO ][2016-01-27 16:48:28,212][com.java.SeleniumDriver] [  930] -  RESULT true
[INFO ][2016-01-27 16:48:28,212][com.java.SeleniumDriver] [ 1136] - ?   P A S S   ?
[INFO ][2016-01-27 16:48:28,212][com.java.SeleniumDriver] [  856] - ------------------------------------------
[INFO ][2016-01-27 16:48:28,212][com.java.SeleniumDriver] [  857] - Test case being Executed: 8
[INFO ][2016-01-27 16:48:28,212][com.java.SeleniumDriver] [  869] - Test step:71
[INFO ][2016-01-27 16:48:28,212][com.java.SeleniumDriver] [  881] - Datavalue is----------null
[DEBUG][2016-01-27 16:48:28,212][com.java.SeleniumDriver] [  899] - Exception: null
[INFO ][2016-01-27 16:48:28,212][com.java.SeleniumDriver] [  905] - DataField : BTN//iframe[@id="frameLoanPricingModel"]
[INFO ][2016-01-27 16:48:28,212][com.java.SeleniumDriver] [  907] - DataValue : 
[INFO ][2016-01-27 16:48:28,212][com.java.SeleniumDriver] [  913] - <In Set values of the page>
[INFO ][2016-01-27 16:48:28,212][com.java.SeleniumDriver] [  916] - {Data Fields & Data Values Exist}
[INFO ][2016-01-27 16:48:28,212][com.java.SeleniumDriver] [  918] - --------------------------setting values-----------------------------
[INFO ][2016-01-27 16:48:28,212][com.java.SeleniumDriver] [  921] - Action Type : SELECTFRAME
[INFO ][2016-01-27 16:48:28,313][com.java.SeleniumDriver] [  930] -  RESULT true
[INFO ][2016-01-27 16:48:28,313][com.java.SeleniumDriver] [ 1136] - ?   P A S S   ?
[INFO ][2016-01-27 16:48:28,313][com.java.SeleniumDriver] [  856] - ------------------------------------------
[INFO ][2016-01-27 16:48:28,313][com.java.SeleniumDriver] [  857] - Test case being Executed: 8
[INFO ][2016-01-27 16:48:28,313][com.java.SeleniumDriver] [  869] - Test step:72
[INFO ][2016-01-27 16:48:28,313][com.java.SeleniumDriver] [  881] - Datavalue is----------LoanIdentifier::Cancel
[INFO ][2016-01-27 16:48:28,313][com.java.SeleniumDriver] [  905] - DataField : RCC//table[@id='tblLoans']/tbody//td/a[contains(text(),'mytext')]/following::td[8]/delete/img[@title="Click to delete loan."]
[INFO ][2016-01-27 16:48:28,313][com.java.SeleniumDriver] [  907] - DataValue : LoanIdentifier::Cancel
[INFO ][2016-01-27 16:48:28,313][com.java.SeleniumDriver] [  913] - <In Set values of the page>
[INFO ][2016-01-27 16:48:28,313][com.java.SeleniumDriver] [  916] - {Data Fields & Data Values Exist}
[INFO ][2016-01-27 16:48:28,313][com.java.SeleniumDriver] [  918] - --------------------------setting values-----------------------------
[INFO ][2016-01-27 16:48:28,313][com.java.SeleniumDriver] [  921] - Action Type : CLICKWITHALERT
[INFO ][2016-01-27 16:48:39,405][com.java.SeleniumDriver] [  930] -  RESULT true
[INFO ][2016-01-27 16:48:39,405][com.java.SeleniumDriver] [ 1136] - ?   P A S S   ?
[INFO ][2016-01-27 16:48:39,405][com.java.SeleniumDriver] [  856] - ------------------------------------------
[INFO ][2016-01-27 16:48:39,405][com.java.SeleniumDriver] [  857] - Test case being Executed: 8
[INFO ][2016-01-27 16:48:39,405][com.java.SeleniumDriver] [  869] - Test step:73
[INFO ][2016-01-27 16:48:39,405][com.java.SeleniumDriver] [  881] - Datavalue is----------2
[INFO ][2016-01-27 16:48:39,405][com.java.SeleniumDriver] [  905] - DataField : test
[INFO ][2016-01-27 16:48:39,405][com.java.SeleniumDriver] [  907] - DataValue : 2
[INFO ][2016-01-27 16:48:39,405][com.java.SeleniumDriver] [  913] - <In Set values of the page>
[INFO ][2016-01-27 16:48:39,405][com.java.SeleniumDriver] [  916] - {Data Fields & Data Values Exist}
[INFO ][2016-01-27 16:48:39,405][com.java.SeleniumDriver] [  918] - --------------------------setting values-----------------------------
[INFO ][2016-01-27 16:48:39,405][com.java.SeleniumDriver] [  921] - Action Type : WAITTIME
[DEBUG][2016-01-27 16:48:39,405][com.java.TestType] [ 6244] - sleepTime: 2000
[INFO ][2016-01-27 16:48:41,406][com.java.SeleniumDriver] [  930] -  RESULT true
[INFO ][2016-01-27 16:48:41,406][com.java.SeleniumDriver] [ 1136] - ?   P A S S   ?
[INFO ][2016-01-27 16:48:41,406][com.java.SeleniumDriver] [  856] - ------------------------------------------
[INFO ][2016-01-27 16:48:41,406][com.java.SeleniumDriver] [  857] - Test case being Executed: 8
[INFO ][2016-01-27 16:48:41,406][com.java.SeleniumDriver] [  869] - Test step:74
[INFO ][2016-01-27 16:48:41,406][com.java.SeleniumDriver] [  881] - Datavalue is----------LoanIdentifier::OK
[INFO ][2016-01-27 16:48:41,406][com.java.SeleniumDriver] [  905] - DataField : RCC//table[@id='tblLoans']/tbody//td/a[contains(text(),'mytext')]/following::td[8]/delete/img[@title="Click to delete loan."]
[INFO ][2016-01-27 16:48:41,406][com.java.SeleniumDriver] [  907] - DataValue : LoanIdentifier::OK
[INFO ][2016-01-27 16:48:41,406][com.java.SeleniumDriver] [  913] - <In Set values of the page>
[INFO ][2016-01-27 16:48:41,406][com.java.SeleniumDriver] [  916] - {Data Fields & Data Values Exist}
[INFO ][2016-01-27 16:48:41,406][com.java.SeleniumDriver] [  918] - --------------------------setting values-----------------------------
[INFO ][2016-01-27 16:48:41,406][com.java.SeleniumDriver] [  921] - Action Type : CLICKWITHALERT
[INFO ][2016-01-27 16:48:52,479][com.java.SeleniumDriver] [  930] -  RESULT true
[INFO ][2016-01-27 16:48:52,479][com.java.SeleniumDriver] [ 1136] - ?   P A S S   ?
[INFO ][2016-01-27 16:48:52,479][com.java.SeleniumDriver] [  856] - ------------------------------------------
[INFO ][2016-01-27 16:48:52,479][com.java.SeleniumDriver] [  857] - Test case being Executed: 8
[INFO ][2016-01-27 16:48:52,479][com.java.SeleniumDriver] [  869] - Test step:75
[INFO ][2016-01-27 16:48:52,479][com.java.SeleniumDriver] [  881] - Datavalue is----------null
[DEBUG][2016-01-27 16:48:52,479][com.java.SeleniumDriver] [  899] - Exception: null
[INFO ][2016-01-27 16:48:52,479][com.java.SeleniumDriver] [  905] - DataField : BTNparent
[INFO ][2016-01-27 16:48:52,479][com.java.SeleniumDriver] [  907] - DataValue : 
[INFO ][2016-01-27 16:48:52,479][com.java.SeleniumDriver] [  913] - <In Set values of the page>
[INFO ][2016-01-27 16:48:52,479][com.java.SeleniumDriver] [  916] - {Data Fields & Data Values Exist}
[INFO ][2016-01-27 16:48:52,479][com.java.SeleniumDriver] [  918] - --------------------------setting values-----------------------------
[INFO ][2016-01-27 16:48:52,479][com.java.SeleniumDriver] [  921] - Action Type : SELECTFRAME
[INFO ][2016-01-27 16:48:52,489][com.java.SeleniumDriver] [  930] -  RESULT true
[INFO ][2016-01-27 16:48:52,489][com.java.SeleniumDriver] [ 1136] - ?   P A S S   ?
[INFO ][2016-01-27 16:48:52,489][com.java.SeleniumDriver] [  856] - ------------------------------------------
[INFO ][2016-01-27 16:48:52,489][com.java.SeleniumDriver] [  857] - Test case being Executed: 8
[INFO ][2016-01-27 16:48:52,489][com.java.SeleniumDriver] [  869] - Test step:76
[INFO ][2016-01-27 16:48:52,489][com.java.SeleniumDriver] [  881] - Datavalue is----------null
[DEBUG][2016-01-27 16:48:52,489][com.java.SeleniumDriver] [  899] - Exception: null
[INFO ][2016-01-27 16:48:52,489][com.java.SeleniumDriver] [  905] - DataField : BTNcloseAllTabs
[INFO ][2016-01-27 16:48:52,489][com.java.SeleniumDriver] [  907] - DataValue : 
[INFO ][2016-01-27 16:48:52,489][com.java.SeleniumDriver] [  913] - <In Set values of the page>
[INFO ][2016-01-27 16:48:52,489][com.java.SeleniumDriver] [  916] - {Data Fields & Data Values Exist}
[INFO ][2016-01-27 16:48:52,489][com.java.SeleniumDriver] [  918] - --------------------------setting values-----------------------------
[INFO ][2016-01-27 16:48:52,489][com.java.SeleniumDriver] [  921] - Action Type : CLICK
[INFO ][2016-01-27 16:48:52,489][com.java.TestType] [ 6809] - Field ::BTNcloseAllTabs
[INFO ][2016-01-27 16:48:52,489][com.java.TestType] [ 6430] - value = 
[INFO ][2016-01-27 16:48:53,490][com.java.TestType] [ 6961] - BEFORE CLICK
[INFO ][2016-01-27 16:48:54,978][com.java.TestType] [ 6968] - Unable to click the object Close all tabs button
[INFO ][2016-01-27 16:48:54,978][com.java.SeleniumDriver] [  930] -  RESULT true
[INFO ][2016-01-27 16:48:54,978][com.java.SeleniumDriver] [ 1136] - ?   P A S S   ?
[INFO ][2016-01-27 16:48:54,978][com.java.SeleniumDriver] [  856] - ------------------------------------------
[INFO ][2016-01-27 16:48:54,978][com.java.SeleniumDriver] [  857] - Test case being Executed: 8
[INFO ][2016-01-27 16:48:54,978][com.java.SeleniumDriver] [  869] - Test step:77
[INFO ][2016-01-27 16:48:54,978][com.java.SeleniumDriver] [  881] - Datavalue is----------3
[INFO ][2016-01-27 16:48:54,978][com.java.SeleniumDriver] [  905] - DataField : XPH//div[contains(text(), 'My Dashboard')]
[INFO ][2016-01-27 16:48:54,978][com.java.SeleniumDriver] [  907] - DataValue : 3
[INFO ][2016-01-27 16:48:54,978][com.java.SeleniumDriver] [  913] - <In Set values of the page>
[INFO ][2016-01-27 16:48:54,978][com.java.SeleniumDriver] [  916] - {Data Fields & Data Values Exist}
[INFO ][2016-01-27 16:48:54,978][com.java.SeleniumDriver] [  918] - --------------------------setting values-----------------------------
[INFO ][2016-01-27 16:48:54,978][com.java.SeleniumDriver] [  921] - Action Type : WAITFORELEMENT
[INFO ][2016-01-27 16:48:55,058][com.java.SeleniumDriver] [  930] -  RESULT true
[INFO ][2016-01-27 16:48:55,058][com.java.SeleniumDriver] [ 1136] - ?   P A S S   ?
[INFO ][2016-01-27 16:48:55,058][com.java.SeleniumDriver] [  856] - ------------------------------------------
[INFO ][2016-01-27 16:48:55,058][com.java.SeleniumDriver] [  857] - Test case being Executed: 8
[INFO ][2016-01-27 16:48:55,058][com.java.SeleniumDriver] [  869] - Test step:78
[INFO ][2016-01-27 16:48:55,058][com.java.SeleniumDriver] [  881] - Datavalue is----------//div[contains(text(), 'My Dashboard')]
[INFO ][2016-01-27 16:48:55,058][com.java.SeleniumDriver] [  905] - DataField : BTN
[INFO ][2016-01-27 16:48:55,058][com.java.SeleniumDriver] [  907] - DataValue : //div[contains(text(), 'My Dashboard')]
[INFO ][2016-01-27 16:48:55,058][com.java.SeleniumDriver] [  913] - <In Set values of the page>
[INFO ][2016-01-27 16:48:55,058][com.java.SeleniumDriver] [  916] - {Data Fields & Data Values Exist}
[INFO ][2016-01-27 16:48:55,058][com.java.SeleniumDriver] [  918] - --------------------------setting values-----------------------------
[INFO ][2016-01-27 16:48:55,058][com.java.SeleniumDriver] [  921] - Action Type : VERIFY
[INFO ][2016-01-27 16:48:55,058][com.java.TestType] [ 8020] - field= BTN value= //div[contains(text(), 'My Dashboard')]
[INFO ][2016-01-27 16:48:55,058][com.java.TestType] [ 6430] - value = //div[contains(text(), 'My Dashboard')]
[INFO ][2016-01-27 16:48:55,266][com.java.SeleniumDriver] [  930] -  RESULT true
[INFO ][2016-01-27 16:48:55,266][com.java.SeleniumDriver] [ 1136] - ?   P A S S   ?
[DEBUG][2016-01-27 16:48:55,266][com.java.SeleniumDriver] [ 1248] - Case found
[DEBUG][2016-01-27 16:48:55,266][com.java.SeleniumDriver] [ 1253] - Incrementing ReportCounters[0]:2
[INFO ][2016-01-27 16:48:55,266][com.java.SeleniumDriver] [ 1272] - The results are-------------------[8, 1, LOAN PRICING: Loan Pricing Model, Pass, , Wed Jan 27 16:45:47 IST 2016, 8, 3, LOAN PRICING: Loan Pricing Model, Pass, , Wed Jan 27 16:45:52 IST 2016, 8, 4, LOAN PRICING: Loan Pricing Model, Pass, , Wed Jan 27 16:46:20 IST 2016, 8, 5, LOAN PRICING: Loan Pricing Model, Pass, , Wed Jan 27 16:46:20 IST 2016, 8, 6, LOAN PRICING: Loan Pricing Model, Pass, , Wed Jan 27 16:46:20 IST 2016, 8, 7, LOAN PRICING: Loan Pricing Model, Pass, , Wed Jan 27 16:46:20 IST 2016, 8, 8, LOAN PRICING: Loan Pricing Model, Pass, , Wed Jan 27 16:46:22 IST 2016, 8, 9, LOAN PRICING: Loan Pricing Model, Pass, , Wed Jan 27 16:46:27 IST 2016, 8, 10, LOAN PRICING: Loan Pricing Model, Pass, , Wed Jan 27 16:46:29 IST 2016, 8, 11, LOAN PRICING: Loan Pricing Model, Pass, , Wed Jan 27 16:46:30 IST 2016, 8, 12, LOAN PRICING: Loan Pricing Model, Pass, , Wed Jan 27 16:46:32 IST 2016, 8, 13, LOAN PRICING: Loan Pricing Model, Pass, , Wed Jan 27 16:46:35 IST 2016, 8, 14, LOAN PRICING: Loan Pricing Model, Pass, , Wed Jan 27 16:46:37 IST 2016, 8, 15, LOAN PRICING: Loan Pricing Model, Pass, , Wed Jan 27 16:46:39 IST 2016, 8, 16, LOAN PRICING: Loan Pricing Model, Pass, , Wed Jan 27 16:46:41 IST 2016, 8, 17, LOAN PRICING: Loan Pricing Model, Pass, , Wed Jan 27 16:46:43 IST 2016, 8, 18, LOAN PRICING: Loan Pricing Model, Pass, , Wed Jan 27 16:46:45 IST 2016, 8, 19, LOAN PRICING: Loan Pricing Model, Pass, , Wed Jan 27 16:46:45 IST 2016, 8, 20, LOAN PRICING: Loan Pricing Model, Pass, , Wed Jan 27 16:46:47 IST 2016, 8, 21, LOAN PRICING: Loan Pricing Model, Pass, , Wed Jan 27 16:46:49 IST 2016, 8, 22, LOAN PRICING: Loan Pricing Model, Pass, , Wed Jan 27 16:46:49 IST 2016, 8, 23, LOAN PRICING: Loan Pricing Model, Pass, , Wed Jan 27 16:46:52 IST 2016, 8, 24, LOAN PRICING: Loan Pricing Model, Pass, , Wed Jan 27 16:46:53 IST 2016, 8, 25, LOAN PRICING: Loan Pricing Model, Pass, , Wed Jan 27 16:47:03 IST 2016, 8, 26, LOAN PRICING: Loan Pricing Model, Pass, , Wed Jan 27 16:47:03 IST 2016, 8, 27, LOAN PRICING: Loan Pricing Model, Pass, , Wed Jan 27 16:47:03 IST 2016, 8, 28, LOAN PRICING: Loan Pricing Model, Pass, , Wed Jan 27 16:47:05 IST 2016, 8, 29, LOAN PRICING: Loan Pricing Model, Pass, , Wed Jan 27 16:47:06 IST 2016, 8, 30, LOAN PRICING: Loan Pricing Model, Pass, , Wed Jan 27 16:47:11 IST 2016, 8, 31, LOAN PRICING: Loan Pricing Model, Pass, , Wed Jan 27 16:47:11 IST 2016, 8, 32, LOAN PRICING: Loan Pricing Model, Pass, , Wed Jan 27 16:47:12 IST 2016, 8, 33, LOAN PRICING: Loan Pricing Model, Pass, , Wed Jan 27 16:47:12 IST 2016, 8, 34, LOAN PRICING: Loan Pricing Model, Pass, , Wed Jan 27 16:47:12 IST 2016, 8, 35, LOAN PRICING: Loan Pricing Model, Pass, , Wed Jan 27 16:47:14 IST 2016, 8, 36, LOAN PRICING: Loan Pricing Model, Pass, , Wed Jan 27 16:47:15 IST 2016, 8, 37, LOAN PRICING: Loan Pricing Model, Pass, , Wed Jan 27 16:47:18 IST 2016, 8, 38, LOAN PRICING: Loan Pricing Model, Pass, , Wed Jan 27 16:47:18 IST 2016, 8, 39, LOAN PRICING: Loan Pricing Model, Pass, , Wed Jan 27 16:47:19 IST 2016, 8, 40, LOAN PRICING: Loan Pricing Model, Pass, , Wed Jan 27 16:47:21 IST 2016, 8, 41, LOAN PRICING: Loan Pricing Model, Pass, , Wed Jan 27 16:47:23 IST 2016, 8, 44, LOAN PRICING: Loan Pricing Model, Pass, , Wed Jan 27 16:47:27 IST 2016, 8, 45, LOAN PRICING: Loan Pricing Model, Pass, , Wed Jan 27 16:47:28 IST 2016, 8, 46, LOAN PRICING: Loan Pricing Model, Pass, , Wed Jan 27 16:47:30 IST 2016, 8, 47, LOAN PRICING: Loan Pricing Model, Pass, , Wed Jan 27 16:47:31 IST 2016, 8, 48, LOAN PRICING: Loan Pricing Model, Pass, , Wed Jan 27 16:47:33 IST 2016, 8, 49, LOAN PRICING: Loan Pricing Model, Pass, , Wed Jan 27 16:47:36 IST 2016, 8, 50, LOAN PRICING: Loan Pricing Model, Pass, , Wed Jan 27 16:47:38 IST 2016, 8, 51, LOAN PRICING: Loan Pricing Model, Pass, , Wed Jan 27 16:47:40 IST 2016, 8, 52, LOAN PRICING: Loan Pricing Model, Pass, , Wed Jan 27 16:47:42 IST 2016, 8, 53, LOAN PRICING: Loan Pricing Model, Pass, , Wed Jan 27 16:47:42 IST 2016, 8, 54, LOAN PRICING: Loan Pricing Model, Pass, , Wed Jan 27 16:47:45 IST 2016, 8, 55, LOAN PRICING: Loan Pricing Model, Pass, , Wed Jan 27 16:47:45 IST 2016, 8, 56, LOAN PRICING: Loan Pricing Model, Pass, , Wed Jan 27 16:47:45 IST 2016, 8, 57, LOAN PRICING: Loan Pricing Model, Pass, , Wed Jan 27 16:48:13 IST 2016, 8, 58, LOAN PRICING: Loan Pricing Model, Pass, , Wed Jan 27 16:48:13 IST 2016, 8, 59, LOAN PRICING: Loan Pricing Model, Pass, , Wed Jan 27 16:48:14 IST 2016, 8, 60, LOAN PRICING: Loan Pricing Model, Pass, , Wed Jan 27 16:48:14 IST 2016, 8, 61, LOAN PRICING: Loan Pricing Model, Pass, , Wed Jan 27 16:48:16 IST 2016, 8, 62, LOAN PRICING: Loan Pricing Model, Pass, , Wed Jan 27 16:48:16 IST 2016, 8, 63, LOAN PRICING: Loan Pricing Model, Pass, , Wed Jan 27 16:48:18 IST 2016, 8, 64, LOAN PRICING: Loan Pricing Model, Pass, , Wed Jan 27 16:48:19 IST 2016, 8, 65, LOAN PRICING: Loan Pricing Model, Pass, , Wed Jan 27 16:48:21 IST 2016, 8, 66, LOAN PRICING: Loan Pricing Model, Pass, , Wed Jan 27 16:48:23 IST 2016, 8, 67, LOAN PRICING: Loan Pricing Model, Pass, , Wed Jan 27 16:48:24 IST 2016, 8, 68, LOAN PRICING: Loan Pricing Model, Pass, , Wed Jan 27 16:48:24 IST 2016, 8, 69, LOAN PRICING: Loan Pricing Model, Pass, , Wed Jan 27 16:48:26 IST 2016, 8, 70, LOAN PRICING: Loan Pricing Model, Pass, , Wed Jan 27 16:48:28 IST 2016, 8, 71, LOAN PRICING: Loan Pricing Model, Pass, , Wed Jan 27 16:48:28 IST 2016, 8, 72, LOAN PRICING: Loan Pricing Model, Pass, , Wed Jan 27 16:48:39 IST 2016, 8, 73, LOAN PRICING: Loan Pricing Model, Pass, , Wed Jan 27 16:48:41 IST 2016, 8, 74, LOAN PRICING: Loan Pricing Model, Pass, , Wed Jan 27 16:48:52 IST 2016, 8, 75, LOAN PRICING: Loan Pricing Model, Pass, , Wed Jan 27 16:48:52 IST 2016, 8, 76, LOAN PRICING: Loan Pricing Model, Pass, , Wed Jan 27 16:48:54 IST 2016, 8, 77, LOAN PRICING: Loan Pricing Model, Pass, , Wed Jan 27 16:48:55 IST 2016, 8, 78, LOAN PRICING: Loan Pricing Model, Pass, , Wed Jan 27 16:48:55 IST 2016]
[INFO ][2016-01-27 16:48:55,266][com.java.SeleniumDriver] [ 1276] - End time is-------3 min 58 sec
[INFO ][2016-01-27 16:48:55,266][com.java.SeleniumDriver] [ 1277] - The results are-------------------[8, 1, LOAN PRICING: Loan Pricing Model, Pass, , Wed Jan 27 16:45:47 IST 2016, 8, 3, LOAN PRICING: Loan Pricing Model, Pass, , Wed Jan 27 16:45:52 IST 2016, 8, 4, LOAN PRICING: Loan Pricing Model, Pass, , Wed Jan 27 16:46:20 IST 2016, 8, 5, LOAN PRICING: Loan Pricing Model, Pass, , Wed Jan 27 16:46:20 IST 2016, 8, 6, LOAN PRICING: Loan Pricing Model, Pass, , Wed Jan 27 16:46:20 IST 2016, 8, 7, LOAN PRICING: Loan Pricing Model, Pass, , Wed Jan 27 16:46:20 IST 2016, 8, 8, LOAN PRICING: Loan Pricing Model, Pass, , Wed Jan 27 16:46:22 IST 2016, 8, 9, LOAN PRICING: Loan Pricing Model, Pass, , Wed Jan 27 16:46:27 IST 2016, 8, 10, LOAN PRICING: Loan Pricing Model, Pass, , Wed Jan 27 16:46:29 IST 2016, 8, 11, LOAN PRICING: Loan Pricing Model, Pass, , Wed Jan 27 16:46:30 IST 2016, 8, 12, LOAN PRICING: Loan Pricing Model, Pass, , Wed Jan 27 16:46:32 IST 2016, 8, 13, LOAN PRICING: Loan Pricing Model, Pass, , Wed Jan 27 16:46:35 IST 2016, 8, 14, LOAN PRICING: Loan Pricing Model, Pass, , Wed Jan 27 16:46:37 IST 2016, 8, 15, LOAN PRICING: Loan Pricing Model, Pass, , Wed Jan 27 16:46:39 IST 2016, 8, 16, LOAN PRICING: Loan Pricing Model, Pass, , Wed Jan 27 16:46:41 IST 2016, 8, 17, LOAN PRICING: Loan Pricing Model, Pass, , Wed Jan 27 16:46:43 IST 2016, 8, 18, LOAN PRICING: Loan Pricing Model, Pass, , Wed Jan 27 16:46:45 IST 2016, 8, 19, LOAN PRICING: Loan Pricing Model, Pass, , Wed Jan 27 16:46:45 IST 2016, 8, 20, LOAN PRICING: Loan Pricing Model, Pass, , Wed Jan 27 16:46:47 IST 2016, 8, 21, LOAN PRICING: Loan Pricing Model, Pass, , Wed Jan 27 16:46:49 IST 2016, 8, 22, LOAN PRICING: Loan Pricing Model, Pass, , Wed Jan 27 16:46:49 IST 2016, 8, 23, LOAN PRICING: Loan Pricing Model, Pass, , Wed Jan 27 16:46:52 IST 2016, 8, 24, LOAN PRICING: Loan Pricing Model, Pass, , Wed Jan 27 16:46:53 IST 2016, 8, 25, LOAN PRICING: Loan Pricing Model, Pass, , Wed Jan 27 16:47:03 IST 2016, 8, 26, LOAN PRICING: Loan Pricing Model, Pass, , Wed Jan 27 16:47:03 IST 2016, 8, 27, LOAN PRICING: Loan Pricing Model, Pass, , Wed Jan 27 16:47:03 IST 2016, 8, 28, LOAN PRICING: Loan Pricing Model, Pass, , Wed Jan 27 16:47:05 IST 2016, 8, 29, LOAN PRICING: Loan Pricing Model, Pass, , Wed Jan 27 16:47:06 IST 2016, 8, 30, LOAN PRICING: Loan Pricing Model, Pass, , Wed Jan 27 16:47:11 IST 2016, 8, 31, LOAN PRICING: Loan Pricing Model, Pass, , Wed Jan 27 16:47:11 IST 2016, 8, 32, LOAN PRICING: Loan Pricing Model, Pass, , Wed Jan 27 16:47:12 IST 2016, 8, 33, LOAN PRICING: Loan Pricing Model, Pass, , Wed Jan 27 16:47:12 IST 2016, 8, 34, LOAN PRICING: Loan Pricing Model, Pass, , Wed Jan 27 16:47:12 IST 2016, 8, 35, LOAN PRICING: Loan Pricing Model, Pass, , Wed Jan 27 16:47:14 IST 2016, 8, 36, LOAN PRICING: Loan Pricing Model, Pass, , Wed Jan 27 16:47:15 IST 2016, 8, 37, LOAN PRICING: Loan Pricing Model, Pass, , Wed Jan 27 16:47:18 IST 2016, 8, 38, LOAN PRICING: Loan Pricing Model, Pass, , Wed Jan 27 16:47:18 IST 2016, 8, 39, LOAN PRICING: Loan Pricing Model, Pass, , Wed Jan 27 16:47:19 IST 2016, 8, 40, LOAN PRICING: Loan Pricing Model, Pass, , Wed Jan 27 16:47:21 IST 2016, 8, 41, LOAN PRICING: Loan Pricing Model, Pass, , Wed Jan 27 16:47:23 IST 2016, 8, 44, LOAN PRICING: Loan Pricing Model, Pass, , Wed Jan 27 16:47:27 IST 2016, 8, 45, LOAN PRICING: Loan Pricing Model, Pass, , Wed Jan 27 16:47:28 IST 2016, 8, 46, LOAN PRICING: Loan Pricing Model, Pass, , Wed Jan 27 16:47:30 IST 2016, 8, 47, LOAN PRICING: Loan Pricing Model, Pass, , Wed Jan 27 16:47:31 IST 2016, 8, 48, LOAN PRICING: Loan Pricing Model, Pass, , Wed Jan 27 16:47:33 IST 2016, 8, 49, LOAN PRICING: Loan Pricing Model, Pass, , Wed Jan 27 16:47:36 IST 2016, 8, 50, LOAN PRICING: Loan Pricing Model, Pass, , Wed Jan 27 16:47:38 IST 2016, 8, 51, LOAN PRICING: Loan Pricing Model, Pass, , Wed Jan 27 16:47:40 IST 2016, 8, 52, LOAN PRICING: Loan Pricing Model, Pass, , Wed Jan 27 16:47:42 IST 2016, 8, 53, LOAN PRICING: Loan Pricing Model, Pass, , Wed Jan 27 16:47:42 IST 2016, 8, 54, LOAN PRICING: Loan Pricing Model, Pass, , Wed Jan 27 16:47:45 IST 2016, 8, 55, LOAN PRICING: Loan Pricing Model, Pass, , Wed Jan 27 16:47:45 IST 2016, 8, 56, LOAN PRICING: Loan Pricing Model, Pass, , Wed Jan 27 16:47:45 IST 2016, 8, 57, LOAN PRICING: Loan Pricing Model, Pass, , Wed Jan 27 16:48:13 IST 2016, 8, 58, LOAN PRICING: Loan Pricing Model, Pass, , Wed Jan 27 16:48:13 IST 2016, 8, 59, LOAN PRICING: Loan Pricing Model, Pass, , Wed Jan 27 16:48:14 IST 2016, 8, 60, LOAN PRICING: Loan Pricing Model, Pass, , Wed Jan 27 16:48:14 IST 2016, 8, 61, LOAN PRICING: Loan Pricing Model, Pass, , Wed Jan 27 16:48:16 IST 2016, 8, 62, LOAN PRICING: Loan Pricing Model, Pass, , Wed Jan 27 16:48:16 IST 2016, 8, 63, LOAN PRICING: Loan Pricing Model, Pass, , Wed Jan 27 16:48:18 IST 2016, 8, 64, LOAN PRICING: Loan Pricing Model, Pass, , Wed Jan 27 16:48:19 IST 2016, 8, 65, LOAN PRICING: Loan Pricing Model, Pass, , Wed Jan 27 16:48:21 IST 2016, 8, 66, LOAN PRICING: Loan Pricing Model, Pass, , Wed Jan 27 16:48:23 IST 2016, 8, 67, LOAN PRICING: Loan Pricing Model, Pass, , Wed Jan 27 16:48:24 IST 2016, 8, 68, LOAN PRICING: Loan Pricing Model, Pass, , Wed Jan 27 16:48:24 IST 2016, 8, 69, LOAN PRICING: Loan Pricing Model, Pass, , Wed Jan 27 16:48:26 IST 2016, 8, 70, LOAN PRICING: Loan Pricing Model, Pass, , Wed Jan 27 16:48:28 IST 2016, 8, 71, LOAN PRICING: Loan Pricing Model, Pass, , Wed Jan 27 16:48:28 IST 2016, 8, 72, LOAN PRICING: Loan Pricing Model, Pass, , Wed Jan 27 16:48:39 IST 2016, 8, 73, LOAN PRICING: Loan Pricing Model, Pass, , Wed Jan 27 16:48:41 IST 2016, 8, 74, LOAN PRICING: Loan Pricing Model, Pass, , Wed Jan 27 16:48:52 IST 2016, 8, 75, LOAN PRICING: Loan Pricing Model, Pass, , Wed Jan 27 16:48:52 IST 2016, 8, 76, LOAN PRICING: Loan Pricing Model, Pass, , Wed Jan 27 16:48:54 IST 2016, 8, 77, LOAN PRICING: Loan Pricing Model, Pass, , Wed Jan 27 16:48:55 IST 2016, 8, 78, LOAN PRICING: Loan Pricing Model, Pass, , Wed Jan 27 16:48:55 IST 2016]
[DEBUG][2016-01-27 16:48:55,266][com.java.ImportnExport.ExportTestResultsExcel] [  222] - testResultPath = D:\BankersDashboard/TestReports/Test Results_BankersDashBoard_012716_164458_IE10_Any Bank USA.xls
[DEBUG][2016-01-27 16:48:55,266][com.java.ImportnExport.ExportTestResultsExcel] [  223] - browser is------------IE10
[DEBUG][2016-01-27 16:48:55,266][com.java.ImportnExport.ExportTestResultsExcel] [  270] - result.size() = 450
[DEBUG][2016-01-27 16:48:55,266][com.java.ImportnExport.ExportTestResultsExcel] [  274] - No of rows in sheet=2
[DEBUG][2016-01-27 16:48:55,266][com.java.ImportnExport.ExportTestResultsExcel] [  301] - ..in export..8
[DEBUG][2016-01-27 16:48:55,266][com.java.ImportnExport.ExportTestResultsExcel] [  301] - ..in export..LOAN PRICING: Loan Pricing Model
[DEBUG][2016-01-27 16:48:55,266][com.java.ImportnExport.ExportTestResultsExcel] [  301] - ..in export..Pass
[DEBUG][2016-01-27 16:48:55,266][com.java.ImportnExport.ExportTestResultsExcel] [  301] - ..in export..
[DEBUG][2016-01-27 16:48:55,266][com.java.ImportnExport.ExportTestResultsExcel] [  301] - ..in export..Wed Jan 27 16:45:47 IST 2016
[INFO ][2016-01-27 16:48:55,266][com.java.SeleniumDriver] [ 1337] - out loop:1 size:2 TestCases:[1, 8] testcases:[1, 8]
[INFO ][2016-01-27 16:48:57,266][com.java.SeleniumDriver] [ 1380] - Total Number of Cases:2
[INFO ][2016-01-27 16:48:57,266][com.java.TemplateGenerator] [  302] - Executed:2
[INFO ][2016-01-27 16:48:57,266][com.java.TemplateGenerator] [  303] - Passed:2
[INFO ][2016-01-27 16:48:57,266][com.java.TemplateGenerator] [  304] - Failed:0
[INFO ][2016-01-27 16:48:57,266][com.java.TemplateGenerator] [  305] - Skipeed:0
[INFO ][2016-01-27 16:48:57,266][com.java.TemplateGenerator] [  306] - Application URL:https://clients-xuat.bankersdashboard.com
[INFO ][2016-01-27 16:48:57,266][com.java.TemplateGenerator] [  307] - Start Time:012716_164458
[INFO ][2016-01-27 16:48:57,266][com.java.TemplateGenerator] [  308] -  Creating HTML Report 
[ERROR][2016-01-27 16:48:57,266][com.java.TemplateGenerator] [  409] - Unparseable date: "Wed Jan 27 04:44:58 IST 2016"
[INFO ][2016-01-27 16:48:57,266][com.java.TemplateGenerator] [  654] -  Exporting case :: 1
[INFO ][2016-01-27 16:48:57,266][com.java.TemplateGenerator] [  654] -  Exporting case :: 8
[INFO ][2016-01-27 16:48:57,266][com.java.SeleniumDriver] [ 1429] - End Time:012716_164857
[INFO ][2016-01-27 16:48:57,266][com.java.SeleniumDriver] [ 1432] - Data in Test Execution Details:{1=PASS, 8=PASS}
[INFO ][2016-01-27 16:48:57,266][com.java.SeleniumDriver] [ 1433] - Data in Failed Execution Deatils:{}
[INFO ][2016-01-27 16:48:57,266][com.java.SeleniumDriver] [ 1435] - ReportCounter:Total:2 :: PASS: 2 ::FAIL: 0
[INFO ][2016-01-27 16:48:57,266][com.java.SeleniumDriver] [ 1436] - FailedReportCounter:Total:0 :: PASS: 0 ::FAIL: 0
[INFO ][2016-01-27 16:48:57,267][com.java.EmailTestReport] [   63] - Sending report mail details:
[INFO ][2016-01-27 16:48:57,267][com.java.EmailTestReport] [   80] - Excel Report Path:D:\BankersDashboard/TestReports/Test Results_BankersDashBoard_012716_164458_IE10_Any Bank USA.xls
[INFO ][2016-01-27 16:48:57,267][com.java.EmailTestReport] [   81] - HTML Report Path:D:\BankersDashboard//TestReports//Test Results_BankersDashBoard_012716_164458_IE10_Any Bank USA.html
[INFO ][2016-01-27 16:48:57,267][com.java.EmailTestReport] [   82] - smtpHostName:mail01.valuelabs.com
[INFO ][2016-01-27 16:48:57,267][com.java.EmailTestReport] [   83] - Recipient:venkateswararao.gubbala@valuelabs.com;
[INFO ][2016-01-27 16:48:57,267][com.java.EmailTestReport] [   84] - From:venkateswararao.gubbala@valuelabs.com;
[INFO ][2016-01-27 16:48:57,267][com.java.EmailTestReport] [   85] - Subject:Deluxe Corp Bankers Dashboard Automation Test Report - Any Bank USA - IE10
[INFO ][2016-01-27 16:48:57,287][com.java.EmailTestReport] [  143] -  Added venkateswararao.gubbala@valuelabs.com
[INFO ][2016-01-27 16:49:00,417][com.java.SeleniumDriver] [  722] - quitting the browser 
[INFO ][2016-01-27 16:49:02,159][com.java.SeleniumDriver] [  264] - Execution Completed Stopping the thread
