[INFO ][2016-01-28 19:17:08,950][com.java.SeleniumDriver] [  213] - Execute Failed Casesfalse
[INFO ][2016-01-28 19:17:08,950][com.java.SeleniumDriver] [  214] - Browser: IE10
[INFO ][2016-01-28 19:17:08,950][com.java.SeleniumDriver] [  215] - [1, 13]
[INFO ][2016-01-28 19:17:08,950][com.java.SeleniumDriver] [  216] - Total TestCases:2
[INFO ][2016-01-28 19:17:08,950][com.java.SeleniumDriver] [  217] -  Reading Properties from Property File 
[DEBUG][2016-01-28 19:17:08,950][com.java.SeleniumDriver] [  238] - url : https://clients-xuat.bankersdashboard.com
[INFO ][2016-01-28 19:17:08,960][com.java.ImportnExport.ExportTestResultsExcel] [  116] - Time Stamp Thu Jan 28 07:17:08 IST 2016
[INFO ][2016-01-28 19:17:08,960][com.java.ImportnExport.ExportTestResultsExcel] [  175] - OUT FILE : D:\BankersDashboard/TestReports/Test Results_BankersDashBoard_012816_191708_IE10_United Bank.xls
[INFO ][2016-01-28 19:17:08,981][com.java.ImportnExport.ExportTestResultsExcel] [  180] - Test Result file is created
[DEBUG][2016-01-28 19:17:09,081][com.java.SeleniumDriver] [  426] - Hub ip address is-------172.17.68.34
[INFO ][2016-01-28 19:17:09,091][com.java.SeleniumDriver] [  452] - Grid URL:http://172.17.68.34:4444/wd/hub
[INFO ][2016-01-28 19:17:09,091][com.java.SeleniumDriver] [  453] - Capability:Capabilities [{platform=ANY, ensureCleanSession=true, ignoreProtectedModeSettings=true, acceptSslCerts=true, ignoreZoomSetting=true, browserName=internet explorer, browserstack.ie.noFlash=true, version=null}]
[ERROR][2016-01-28 19:17:10,391][com.java.SeleniumDriver] [  498] - Unable invoke browser in grid:Could not start a new session. Possible causes are invalid address of the remote server or browser start-up failure.
Build info: version: '2.48.2', revision: '41bccdd', time: '2015-10-09 19:59:12'
System info: host: 'FVTIII438F1D', ip: '172.17.68.34', os.name: 'Windows 7', os.arch: 'x86', os.version: '6.1', java.version: '1.7.0_55'
Driver info: driver.version: SeleniumDriver
[INFO ][2016-01-28 19:17:10,391][com.java.SeleniumDriver] [  500] - Executing on local machine
[INFO ][2016-01-28 19:17:20,623][com.java.SeleniumDriver] [  248] - IE10is opened
[INFO ][2016-01-28 19:17:21,478][com.java.SeleniumDriver] [  756] - Test cases to be executed are: [1, 13]
[INFO ][2016-01-28 19:17:21,499][com.java.ImportnExport.ImportTestDataDetailsExcel] [   49] - test data details path===== D:\BankersDashboard\TestInputs\TestData.xls
[INFO ][2016-01-28 19:17:21,579][com.java.SeleniumDriver] [  856] - ------------------------------------------
[INFO ][2016-01-28 19:17:21,579][com.java.SeleniumDriver] [  857] - Test case being Executed: 1
[INFO ][2016-01-28 19:17:21,579][com.java.SeleniumDriver] [  869] - Test step:1
[INFO ][2016-01-28 19:17:21,579][com.java.SeleniumDriver] [  881] - Datavalue is----------Concept#1:1-16
[INFO ][2016-01-28 19:17:21,579][com.java.SeleniumDriver] [  905] - DataField : test
[INFO ][2016-01-28 19:17:21,579][com.java.SeleniumDriver] [  907] - DataValue : Concept#1:1-16
[INFO ][2016-01-28 19:17:21,579][com.java.SeleniumDriver] [  913] - <In Set values of the page>
[INFO ][2016-01-28 19:17:21,579][com.java.SeleniumDriver] [  916] - {Data Fields & Data Values Exist}
[INFO ][2016-01-28 19:17:21,579][com.java.SeleniumDriver] [  918] - --------------------------setting values-----------------------------
[INFO ][2016-01-28 19:17:21,579][com.java.SeleniumDriver] [  921] - Action Type : ExecuteTestCase
[INFO ][2016-01-28 19:17:21,599][com.java.TestType] [  442] - The Concept sheet name is ---------- Concept
[INFO ][2016-01-28 19:17:21,599][com.java.TestType] [  445] - The Concept ID  is ---------- 1
[DEBUG][2016-01-28 19:17:21,599][com.java.TestType] [  449] - Steps being executted in the Concept are: 1:16
[INFO ][2016-01-28 19:17:21,599][com.java.TestType] [  456] - Test data details path ---------- D:\BankersDashboard\TestInputs\TestData.xls
[INFO ][2016-01-28 19:17:21,629][com.java.TestType] [  487] -  str(1) = 1
[INFO ][2016-01-28 19:17:21,629][com.java.TestType] [  490] - Test case Id is---1
[INFO ][2016-01-28 19:17:21,629][com.java.TestType] [  492] - 1
[INFO ][2016-01-28 19:17:21,629][com.java.TestType] [  487] -  str(2) = 1
[INFO ][2016-01-28 19:17:21,639][com.java.TestType] [  487] -  str(1) = 1
[INFO ][2016-01-28 19:17:21,639][com.java.TestType] [  490] - Test case Id is---1
[INFO ][2016-01-28 19:17:21,639][com.java.TestType] [  492] - 1
[INFO ][2016-01-28 19:17:21,639][com.java.TestType] [  487] -  str(2) = 2
[INFO ][2016-01-28 19:17:21,639][com.java.TestType] [  487] -  str(1) = 1
[INFO ][2016-01-28 19:17:21,639][com.java.TestType] [  490] - Test case Id is---1
[INFO ][2016-01-28 19:17:21,639][com.java.TestType] [  492] - 1
[INFO ][2016-01-28 19:17:21,639][com.java.TestType] [  487] -  str(2) = 3
[INFO ][2016-01-28 19:17:21,639][com.java.TestType] [  487] -  str(1) = 1
[INFO ][2016-01-28 19:17:21,639][com.java.TestType] [  490] - Test case Id is---1
[INFO ][2016-01-28 19:17:21,639][com.java.TestType] [  492] - 1
[INFO ][2016-01-28 19:17:21,639][com.java.TestType] [  487] -  str(2) = 4
[INFO ][2016-01-28 19:17:21,639][com.java.TestType] [  487] -  str(1) = 1
[INFO ][2016-01-28 19:17:21,639][com.java.TestType] [  490] - Test case Id is---1
[INFO ][2016-01-28 19:17:21,639][com.java.TestType] [  492] - 1
[INFO ][2016-01-28 19:17:21,639][com.java.TestType] [  487] -  str(2) = 5
[INFO ][2016-01-28 19:17:21,639][com.java.TestType] [  487] -  str(1) = 1
[INFO ][2016-01-28 19:17:21,639][com.java.TestType] [  490] - Test case Id is---1
[INFO ][2016-01-28 19:17:21,639][com.java.TestType] [  492] - 1
[INFO ][2016-01-28 19:17:21,639][com.java.TestType] [  487] -  str(2) = 6
[INFO ][2016-01-28 19:17:21,649][com.java.TestType] [  487] -  str(1) = 1
[INFO ][2016-01-28 19:17:21,649][com.java.TestType] [  490] - Test case Id is---1
[INFO ][2016-01-28 19:17:21,649][com.java.TestType] [  492] - 1
[INFO ][2016-01-28 19:17:21,649][com.java.TestType] [  487] -  str(2) = 7
[INFO ][2016-01-28 19:17:21,649][com.java.TestType] [  487] -  str(1) = 1
[INFO ][2016-01-28 19:17:21,649][com.java.TestType] [  490] - Test case Id is---1
[INFO ][2016-01-28 19:17:21,649][com.java.TestType] [  492] - 1
[INFO ][2016-01-28 19:17:21,649][com.java.TestType] [  487] -  str(2) = 8
[INFO ][2016-01-28 19:17:21,649][com.java.TestType] [  487] -  str(1) = 1
[INFO ][2016-01-28 19:17:21,649][com.java.TestType] [  490] - Test case Id is---1
[INFO ][2016-01-28 19:17:21,649][com.java.TestType] [  492] - 1
[INFO ][2016-01-28 19:17:21,649][com.java.TestType] [  487] -  str(2) = 9
[INFO ][2016-01-28 19:17:21,649][com.java.TestType] [  487] -  str(1) = 1
[INFO ][2016-01-28 19:17:21,649][com.java.TestType] [  490] - Test case Id is---1
[INFO ][2016-01-28 19:17:21,649][com.java.TestType] [  492] - 1
[INFO ][2016-01-28 19:17:21,649][com.java.TestType] [  487] -  str(2) = 10
[INFO ][2016-01-28 19:17:21,649][com.java.TestType] [  487] -  str(1) = 1
[INFO ][2016-01-28 19:17:21,649][com.java.TestType] [  490] - Test case Id is---1
[INFO ][2016-01-28 19:17:21,649][com.java.TestType] [  492] - 1
[INFO ][2016-01-28 19:17:21,649][com.java.TestType] [  487] -  str(2) = 11
[INFO ][2016-01-28 19:17:21,649][com.java.TestType] [  487] -  str(1) = 1
[INFO ][2016-01-28 19:17:21,649][com.java.TestType] [  490] - Test case Id is---1
[INFO ][2016-01-28 19:17:21,649][com.java.TestType] [  492] - 1
[INFO ][2016-01-28 19:17:21,649][com.java.TestType] [  487] -  str(2) = 12
[INFO ][2016-01-28 19:17:21,649][com.java.TestType] [  487] -  str(1) = 1
[INFO ][2016-01-28 19:17:21,649][com.java.TestType] [  490] - Test case Id is---1
[INFO ][2016-01-28 19:17:21,649][com.java.TestType] [  492] - 1
[INFO ][2016-01-28 19:17:21,649][com.java.TestType] [  487] -  str(2) = 13
[INFO ][2016-01-28 19:17:21,649][com.java.TestType] [  487] -  str(1) = 1
[INFO ][2016-01-28 19:17:21,649][com.java.TestType] [  490] - Test case Id is---1
[INFO ][2016-01-28 19:17:21,649][com.java.TestType] [  492] - 1
[INFO ][2016-01-28 19:17:21,649][com.java.TestType] [  487] -  str(2) = 14
[INFO ][2016-01-28 19:17:21,649][com.java.TestType] [  487] -  str(1) = 1
[INFO ][2016-01-28 19:17:21,649][com.java.TestType] [  490] - Test case Id is---1
[INFO ][2016-01-28 19:17:21,659][com.java.TestType] [  492] - 1
[INFO ][2016-01-28 19:17:21,659][com.java.TestType] [  487] -  str(2) = 15
[INFO ][2016-01-28 19:17:21,659][com.java.TestType] [  487] -  str(1) = 1
[INFO ][2016-01-28 19:17:21,659][com.java.TestType] [  490] - Test case Id is---1
[INFO ][2016-01-28 19:17:21,659][com.java.TestType] [  492] - 1
[INFO ][2016-01-28 19:17:21,659][com.java.TestType] [  487] -  str(2) = 16
[INFO ][2016-01-28 19:17:21,659][com.java.TestType] [11700] - Looping 1TCID = 1
[DEBUG][2016-01-28 19:17:21,659][com.java.TestType] [11741] - Concept ID:1 :: Step being Executed: 1::1
[INFO ][2016-01-28 19:17:21,659][com.java.TestType] [11779] - dataFields : TXTusername
[DEBUG][2016-01-28 19:17:21,659][com.java.TestType] [11785] - <In Set values of the page>
[DEBUG][2016-01-28 19:17:21,659][com.java.TestType] [11790] - {Data Fields & Data Values Exist}
[INFO ][2016-01-28 19:17:21,659][com.java.TestType] [11796] - --------------------------setting values-----------------------------
[INFO ][2016-01-28 19:17:21,659][com.java.TestType] [11799] - Action Type : CLEARANDENTER
[INFO ][2016-01-28 19:17:23,940][com.java.TestType] [ 6440] - value = valuelabs.ie10.00058
[INFO ][2016-01-28 19:17:26,366][com.java.TestType] [11818] -  RESULT true
[INFO ][2016-01-28 19:17:26,366][com.java.TestType] [11935] - ?   P A S S   ?
[DEBUG][2016-01-28 19:17:26,366][com.java.TestType] [11741] - Concept ID:1 :: Step being Executed: 1::2
[INFO ][2016-01-28 19:17:26,366][com.java.TestType] [11779] - dataFields : TXTpassword
[DEBUG][2016-01-28 19:17:26,366][com.java.TestType] [11785] - <In Set values of the page>
[DEBUG][2016-01-28 19:17:26,366][com.java.TestType] [11790] - {Data Fields & Data Values Exist}
[INFO ][2016-01-28 19:17:26,366][com.java.TestType] [11796] - --------------------------setting values-----------------------------
[INFO ][2016-01-28 19:17:26,366][com.java.TestType] [11799] - Action Type : CLEARANDENTER
[INFO ][2016-01-28 19:17:28,607][com.java.TestType] [ 6440] - value = Password1*
[INFO ][2016-01-28 19:17:31,173][com.java.TestType] [11818] -  RESULT true
[INFO ][2016-01-28 19:17:31,173][com.java.TestType] [11935] - ?   P A S S   ?
[DEBUG][2016-01-28 19:17:31,173][com.java.TestType] [11741] - Concept ID:1 :: Step being Executed: 1::3
[ERROR][2016-01-28 19:17:31,173][com.java.TestType] [11774] - Exception: null
[INFO ][2016-01-28 19:17:31,173][com.java.TestType] [11779] - dataFields : XPH//button[@type='submit']
[DEBUG][2016-01-28 19:17:31,173][com.java.TestType] [11785] - <In Set values of the page>
[DEBUG][2016-01-28 19:17:31,173][com.java.TestType] [11790] - {Data Fields & Data Values Exist}
[INFO ][2016-01-28 19:17:31,173][com.java.TestType] [11796] - --------------------------setting values-----------------------------
[INFO ][2016-01-28 19:17:31,173][com.java.TestType] [11799] - Action Type : Click
[INFO ][2016-01-28 19:17:31,173][com.java.TestType] [ 6819] - Field ::XPH//button[@type='submit']
[INFO ][2016-01-28 19:17:31,173][com.java.TestType] [ 6440] - value = 
[INFO ][2016-01-28 19:17:32,173][com.java.TestType] [ 6992] - BEFORE CLICK
[INFO ][2016-01-28 19:17:33,023][com.java.TestType] [ 7000] - Unable to click the object Login
[INFO ][2016-01-28 19:17:33,023][com.java.TestType] [11818] -  RESULT true
[INFO ][2016-01-28 19:17:33,023][com.java.TestType] [11935] - ?   P A S S   ?
[DEBUG][2016-01-28 19:17:33,023][com.java.TestType] [11741] - Concept ID:1 :: Step being Executed: 1::4
[INFO ][2016-01-28 19:17:33,023][com.java.TestType] [11779] - dataFields : LNKLogout
[DEBUG][2016-01-28 19:17:33,023][com.java.TestType] [11785] - <In Set values of the page>
[DEBUG][2016-01-28 19:17:33,023][com.java.TestType] [11790] - {Data Fields & Data Values Exist}
[INFO ][2016-01-28 19:17:33,023][com.java.TestType] [11796] - --------------------------setting values-----------------------------
[INFO ][2016-01-28 19:17:33,023][com.java.TestType] [11799] - Action Type : WaitForElement
[INFO ][2016-01-28 19:17:36,522][com.java.TestType] [11818] -  RESULT true
[INFO ][2016-01-28 19:17:36,522][com.java.TestType] [11935] - ?   P A S S   ?
[DEBUG][2016-01-28 19:17:36,522][com.java.TestType] [11741] - Concept ID:1 :: Step being Executed: 1::15
[INFO ][2016-01-28 19:17:36,522][com.java.TestType] [11779] - dataFields : LNK
[DEBUG][2016-01-28 19:17:36,522][com.java.TestType] [11785] - <In Set values of the page>
[DEBUG][2016-01-28 19:17:36,522][com.java.TestType] [11790] - {Data Fields & Data Values Exist}
[INFO ][2016-01-28 19:17:36,522][com.java.TestType] [11796] - --------------------------setting values-----------------------------
[INFO ][2016-01-28 19:17:36,522][com.java.TestType] [11799] - Action Type : Verify
[INFO ][2016-01-28 19:17:36,522][com.java.TestType] [ 8040] - field= LNK value= Logout
[INFO ][2016-01-28 19:17:36,522][com.java.TestType] [ 6440] - value = Logout
[INFO ][2016-01-28 19:17:36,553][com.java.TestType] [11818] -  RESULT true
[INFO ][2016-01-28 19:17:36,553][com.java.TestType] [11935] - ?   P A S S   ?
[DEBUG][2016-01-28 19:17:36,553][com.java.TestType] [11741] - Concept ID:1 :: Step being Executed: 1::16
[INFO ][2016-01-28 19:17:36,553][com.java.TestType] [11779] - dataFields : BTN
[DEBUG][2016-01-28 19:17:36,553][com.java.TestType] [11785] - <In Set values of the page>
[DEBUG][2016-01-28 19:17:36,553][com.java.TestType] [11790] - {Data Fields & Data Values Exist}
[INFO ][2016-01-28 19:17:36,553][com.java.TestType] [11796] - --------------------------setting values-----------------------------
[INFO ][2016-01-28 19:17:36,553][com.java.TestType] [11799] - Action Type : Verify
[INFO ][2016-01-28 19:17:36,553][com.java.TestType] [ 8040] - field= BTN value= //img[contains(@src,'bdlogo.jpg')]
[INFO ][2016-01-28 19:17:36,553][com.java.TestType] [ 6440] - value = //img[contains(@src,'bdlogo.jpg')]
[INFO ][2016-01-28 19:17:36,613][com.java.TestType] [11818] -  RESULT true
[INFO ][2016-01-28 19:17:36,613][com.java.TestType] [11935] - ?   P A S S   ?
[INFO ][2016-01-28 19:17:36,613][com.java.TestType] [12006] - Looping End......
[INFO ][2016-01-28 19:17:36,613][com.java.SeleniumDriver] [  930] -  RESULT true
[INFO ][2016-01-28 19:17:36,613][com.java.SeleniumDriver] [ 1136] - ?   P A S S   ?
[INFO ][2016-01-28 19:17:36,613][com.java.SeleniumDriver] [  856] - ------------------------------------------
[INFO ][2016-01-28 19:17:36,613][com.java.SeleniumDriver] [  857] - Test case being Executed: 1
[INFO ][2016-01-28 19:17:36,613][com.java.SeleniumDriver] [  869] - Test step:2
[INFO ][2016-01-28 19:17:36,613][com.java.SeleniumDriver] [  881] - Datavalue is----------Concept#2:1-2
[INFO ][2016-01-28 19:17:36,613][com.java.SeleniumDriver] [  905] - DataField : test
[INFO ][2016-01-28 19:17:36,613][com.java.SeleniumDriver] [  907] - DataValue : Concept#2:1-2
[INFO ][2016-01-28 19:17:36,613][com.java.SeleniumDriver] [  913] - <In Set values of the page>
[INFO ][2016-01-28 19:17:36,613][com.java.SeleniumDriver] [  916] - {Data Fields & Data Values Exist}
[INFO ][2016-01-28 19:17:36,613][com.java.SeleniumDriver] [  918] - --------------------------setting values-----------------------------
[INFO ][2016-01-28 19:17:36,613][com.java.SeleniumDriver] [  921] - Action Type : ExecuteTestCase
[INFO ][2016-01-28 19:17:36,613][com.java.TestType] [  442] - The Concept sheet name is ---------- Concept
[INFO ][2016-01-28 19:17:36,613][com.java.TestType] [  445] - The Concept ID  is ---------- 2
[DEBUG][2016-01-28 19:17:36,613][com.java.TestType] [  449] - Steps being executted in the Concept are: 1:2
[INFO ][2016-01-28 19:17:36,613][com.java.TestType] [  456] - Test data details path ---------- D:\BankersDashboard\TestInputs\TestData.xls
[INFO ][2016-01-28 19:17:36,653][com.java.TestType] [  487] -  str(1) = 2
[INFO ][2016-01-28 19:17:36,653][com.java.TestType] [  490] - Test case Id is---2
[INFO ][2016-01-28 19:17:36,653][com.java.TestType] [  492] - 2
[INFO ][2016-01-28 19:17:36,653][com.java.TestType] [  487] -  str(2) = 1
[INFO ][2016-01-28 19:17:36,653][com.java.TestType] [  487] -  str(1) = 2
[INFO ][2016-01-28 19:17:36,653][com.java.TestType] [  490] - Test case Id is---2
[INFO ][2016-01-28 19:17:36,653][com.java.TestType] [  492] - 2
[INFO ][2016-01-28 19:17:36,653][com.java.TestType] [  487] -  str(2) = 2
[INFO ][2016-01-28 19:17:36,653][com.java.TestType] [  487] -  str(1) = 2
[INFO ][2016-01-28 19:17:36,653][com.java.TestType] [  490] - Test case Id is---2
[INFO ][2016-01-28 19:17:36,653][com.java.TestType] [  492] - 2
[INFO ][2016-01-28 19:17:36,653][com.java.TestType] [  487] -  str(2) = 3
[INFO ][2016-01-28 19:17:36,653][com.java.TestType] [11700] - Looping 1TCID = 2
[DEBUG][2016-01-28 19:17:36,653][com.java.TestType] [11741] - Concept ID:2 :: Step being Executed: 2::1
[INFO ][2016-01-28 19:17:36,653][com.java.TestType] [11779] - dataFields : BNK//select[@id='bank']
[DEBUG][2016-01-28 19:17:36,653][com.java.TestType] [11785] - <In Set values of the page>
[DEBUG][2016-01-28 19:17:36,653][com.java.TestType] [11790] - {Data Fields & Data Values Exist}
[INFO ][2016-01-28 19:17:36,653][com.java.TestType] [11796] - --------------------------setting values-----------------------------
[INFO ][2016-01-28 19:17:36,653][com.java.TestType] [11799] - Action Type : Select
[INFO ][2016-01-28 19:17:36,653][com.java.TestType] [ 6440] - value = PFC
[INFO ][2016-01-28 19:17:37,385][com.java.TestType] [11818] -  RESULT true
[INFO ][2016-01-28 19:17:37,385][com.java.TestType] [11935] - ?   P A S S   ?
[DEBUG][2016-01-28 19:17:37,385][com.java.TestType] [11741] - Concept ID:2 :: Step being Executed: 2::2
[INFO ][2016-01-28 19:17:37,385][com.java.TestType] [11779] - dataFields : LNKLogout
[DEBUG][2016-01-28 19:17:37,385][com.java.TestType] [11785] - <In Set values of the page>
[DEBUG][2016-01-28 19:17:37,385][com.java.TestType] [11790] - {Data Fields & Data Values Exist}
[INFO ][2016-01-28 19:17:37,385][com.java.TestType] [11796] - --------------------------setting values-----------------------------
[INFO ][2016-01-28 19:17:37,385][com.java.TestType] [11799] - Action Type : WaitTime
[DEBUG][2016-01-28 19:17:37,385][com.java.TestType] [ 6254] - sleepTime: 5000
[INFO ][2016-01-28 19:17:42,403][com.java.TestType] [11818] -  RESULT true
[INFO ][2016-01-28 19:17:42,403][com.java.TestType] [11935] - ?   P A S S   ?
[INFO ][2016-01-28 19:17:42,403][com.java.TestType] [12006] - Looping End......
[INFO ][2016-01-28 19:17:42,403][com.java.SeleniumDriver] [  930] -  RESULT true
[INFO ][2016-01-28 19:17:42,403][com.java.SeleniumDriver] [ 1136] - ?   P A S S   ?
[INFO ][2016-01-28 19:17:42,403][com.java.SeleniumDriver] [  856] - ------------------------------------------
[INFO ][2016-01-28 19:17:42,403][com.java.SeleniumDriver] [  857] - Test case being Executed: 1
[INFO ][2016-01-28 19:17:42,403][com.java.SeleniumDriver] [  869] - Test step:3
[INFO ][2016-01-28 19:17:42,403][com.java.SeleniumDriver] [  881] - Datavalue is----------2
[INFO ][2016-01-28 19:17:42,403][com.java.SeleniumDriver] [  905] - DataField : XPH//button[contains(text(),'Add Content')]
[INFO ][2016-01-28 19:17:42,403][com.java.SeleniumDriver] [  907] - DataValue : 2
[INFO ][2016-01-28 19:17:42,403][com.java.SeleniumDriver] [  913] - <In Set values of the page>
[INFO ][2016-01-28 19:17:42,403][com.java.SeleniumDriver] [  916] - {Data Fields & Data Values Exist}
[INFO ][2016-01-28 19:17:42,403][com.java.SeleniumDriver] [  918] - --------------------------setting values-----------------------------
[INFO ][2016-01-28 19:17:42,403][com.java.SeleniumDriver] [  921] - Action Type : WAITFORELEMENT
[INFO ][2016-01-28 19:17:42,604][com.java.SeleniumDriver] [  930] -  RESULT true
[INFO ][2016-01-28 19:17:42,604][com.java.SeleniumDriver] [ 1136] - ?   P A S S   ?
[DEBUG][2016-01-28 19:17:42,604][com.java.SeleniumDriver] [ 1248] - Case found
[DEBUG][2016-01-28 19:17:42,604][com.java.SeleniumDriver] [ 1253] - Incrementing ReportCounters[0]:1
[INFO ][2016-01-28 19:17:42,604][com.java.SeleniumDriver] [ 1272] - The results are-------------------[1, 1, Valid Login, Pass, , Thu Jan 28 19:17:36 IST 2016, 1, 2, Valid Login, Pass, , Thu Jan 28 19:17:42 IST 2016, 1, 3, Valid Login, Pass, , Thu Jan 28 19:17:42 IST 2016]
[INFO ][2016-01-28 19:17:42,604][com.java.SeleniumDriver] [ 1276] - End time is-------35 sec
[INFO ][2016-01-28 19:17:42,604][com.java.SeleniumDriver] [ 1277] - The results are-------------------[1, 1, Valid Login, Pass, , Thu Jan 28 19:17:36 IST 2016, 1, 2, Valid Login, Pass, , Thu Jan 28 19:17:42 IST 2016, 1, 3, Valid Login, Pass, , Thu Jan 28 19:17:42 IST 2016]
[DEBUG][2016-01-28 19:17:42,604][com.java.ImportnExport.ExportTestResultsExcel] [  222] - testResultPath = D:\BankersDashboard/TestReports/Test Results_BankersDashBoard_012816_191708_IE10_United Bank.xls
[DEBUG][2016-01-28 19:17:42,604][com.java.ImportnExport.ExportTestResultsExcel] [  223] - browser is------------IE10
[DEBUG][2016-01-28 19:17:42,644][com.java.ImportnExport.ExportTestResultsExcel] [  270] - result.size() = 18
[DEBUG][2016-01-28 19:17:42,644][com.java.ImportnExport.ExportTestResultsExcel] [  274] - No of rows in sheet=1
[DEBUG][2016-01-28 19:17:42,644][com.java.ImportnExport.ExportTestResultsExcel] [  301] - ..in export..1
[DEBUG][2016-01-28 19:17:42,644][com.java.ImportnExport.ExportTestResultsExcel] [  301] - ..in export..Valid Login
[DEBUG][2016-01-28 19:17:42,644][com.java.ImportnExport.ExportTestResultsExcel] [  301] - ..in export..Pass
[DEBUG][2016-01-28 19:17:42,644][com.java.ImportnExport.ExportTestResultsExcel] [  301] - ..in export..
[DEBUG][2016-01-28 19:17:42,644][com.java.ImportnExport.ExportTestResultsExcel] [  301] - ..in export..Thu Jan 28 19:17:36 IST 2016
[INFO ][2016-01-28 19:17:42,644][com.java.SeleniumDriver] [ 1337] - out loop:0 size:2 TestCases:[1, 13] testcases:[1, 13]
[INFO ][2016-01-28 19:17:42,644][com.java.ImportnExport.ImportTestDataDetailsExcel] [   49] - test data details path===== D:\BankersDashboard\TestInputs\TestData.xls
[INFO ][2016-01-28 19:18:02,977][com.java.SeleniumDriver] [  856] - ------------------------------------------
[INFO ][2016-01-28 19:18:02,977][com.java.SeleniumDriver] [  857] - Test case being Executed: 13
[INFO ][2016-01-28 19:18:02,977][com.java.SeleniumDriver] [  869] - Test step:1
[INFO ][2016-01-28 19:18:02,977][com.java.SeleniumDriver] [  881] - Datavalue is----------Logout
[INFO ][2016-01-28 19:18:02,977][com.java.SeleniumDriver] [  905] - DataField : BTN
[INFO ][2016-01-28 19:18:02,977][com.java.SeleniumDriver] [  907] - DataValue : Logout
[INFO ][2016-01-28 19:18:02,977][com.java.SeleniumDriver] [  913] - <In Set values of the page>
[INFO ][2016-01-28 19:18:02,977][com.java.SeleniumDriver] [  916] - {Data Fields & Data Values Exist}
[INFO ][2016-01-28 19:18:02,977][com.java.SeleniumDriver] [  918] - --------------------------setting values-----------------------------
[INFO ][2016-01-28 19:18:02,977][com.java.SeleniumDriver] [  921] - Action Type : Verify
[INFO ][2016-01-28 19:18:02,977][com.java.TestType] [ 8040] - field= BTN value= Logout
[INFO ][2016-01-28 19:18:02,977][com.java.TestType] [ 6440] - value = Logout
[INFO ][2016-01-28 19:18:03,538][com.java.SeleniumDriver] [  930] -  RESULT true
[INFO ][2016-01-28 19:18:03,538][com.java.SeleniumDriver] [ 1136] - ?   P A S S   ?
[INFO ][2016-01-28 19:18:03,538][com.java.SeleniumDriver] [ 1178] - step change to 3
[INFO ][2016-01-28 19:18:03,538][com.java.SeleniumDriver] [  856] - ------------------------------------------
[INFO ][2016-01-28 19:18:03,538][com.java.SeleniumDriver] [  857] - Test case being Executed: 13
[INFO ][2016-01-28 19:18:03,538][com.java.SeleniumDriver] [  869] - Test step:3
[INFO ][2016-01-28 19:18:03,538][com.java.SeleniumDriver] [  881] - Datavalue is----------Concept#2:1-2
[INFO ][2016-01-28 19:18:03,538][com.java.SeleniumDriver] [  905] - DataField : test
[INFO ][2016-01-28 19:18:03,538][com.java.SeleniumDriver] [  907] - DataValue : Concept#2:1-2
[INFO ][2016-01-28 19:18:03,538][com.java.SeleniumDriver] [  913] - <In Set values of the page>
[INFO ][2016-01-28 19:18:03,538][com.java.SeleniumDriver] [  916] - {Data Fields & Data Values Exist}
[INFO ][2016-01-28 19:18:03,538][com.java.SeleniumDriver] [  918] - --------------------------setting values-----------------------------
[INFO ][2016-01-28 19:18:03,538][com.java.SeleniumDriver] [  921] - Action Type : ExecuteTestCase
[INFO ][2016-01-28 19:18:03,538][com.java.TestType] [  442] - The Concept sheet name is ---------- Concept
[INFO ][2016-01-28 19:18:03,538][com.java.TestType] [  445] - The Concept ID  is ---------- 2
[DEBUG][2016-01-28 19:18:03,538][com.java.TestType] [  449] - Steps being executted in the Concept are: 1:2
[INFO ][2016-01-28 19:18:03,538][com.java.TestType] [  456] - Test data details path ---------- D:\BankersDashboard\TestInputs\TestData.xls
[INFO ][2016-01-28 19:18:03,568][com.java.TestType] [  487] -  str(1) = 2
[INFO ][2016-01-28 19:18:03,568][com.java.TestType] [  490] - Test case Id is---2
[INFO ][2016-01-28 19:18:03,568][com.java.TestType] [  492] - 2
[INFO ][2016-01-28 19:18:03,568][com.java.TestType] [  487] -  str(2) = 1
[INFO ][2016-01-28 19:18:03,568][com.java.TestType] [  487] -  str(1) = 2
[INFO ][2016-01-28 19:18:03,568][com.java.TestType] [  490] - Test case Id is---2
[INFO ][2016-01-28 19:18:03,568][com.java.TestType] [  492] - 2
[INFO ][2016-01-28 19:18:03,568][com.java.TestType] [  487] -  str(2) = 2
[INFO ][2016-01-28 19:18:03,568][com.java.TestType] [  487] -  str(1) = 2
[INFO ][2016-01-28 19:18:03,568][com.java.TestType] [  490] - Test case Id is---2
[INFO ][2016-01-28 19:18:03,568][com.java.TestType] [  492] - 2
[INFO ][2016-01-28 19:18:03,568][com.java.TestType] [  487] -  str(2) = 3
[INFO ][2016-01-28 19:18:03,568][com.java.TestType] [11700] - Looping 1TCID = 2
[DEBUG][2016-01-28 19:18:03,568][com.java.TestType] [11741] - Concept ID:2 :: Step being Executed: 2::1
[INFO ][2016-01-28 19:18:03,568][com.java.TestType] [11779] - dataFields : BNK//select[@id='bank']
[DEBUG][2016-01-28 19:18:03,568][com.java.TestType] [11785] - <In Set values of the page>
[DEBUG][2016-01-28 19:18:03,568][com.java.TestType] [11790] - {Data Fields & Data Values Exist}
[INFO ][2016-01-28 19:18:03,568][com.java.TestType] [11796] - --------------------------setting values-----------------------------
[INFO ][2016-01-28 19:18:03,568][com.java.TestType] [11799] - Action Type : Select
[INFO ][2016-01-28 19:18:03,568][com.java.TestType] [ 6440] - value = PFC
[INFO ][2016-01-28 19:18:05,249][com.java.TestType] [11818] -  RESULT true
[INFO ][2016-01-28 19:18:05,249][com.java.TestType] [11935] - ?   P A S S   ?
[DEBUG][2016-01-28 19:18:05,249][com.java.TestType] [11741] - Concept ID:2 :: Step being Executed: 2::2
[INFO ][2016-01-28 19:18:05,249][com.java.TestType] [11779] - dataFields : LNKLogout
[DEBUG][2016-01-28 19:18:05,249][com.java.TestType] [11785] - <In Set values of the page>
[DEBUG][2016-01-28 19:18:05,249][com.java.TestType] [11790] - {Data Fields & Data Values Exist}
[INFO ][2016-01-28 19:18:05,249][com.java.TestType] [11796] - --------------------------setting values-----------------------------
[INFO ][2016-01-28 19:18:05,249][com.java.TestType] [11799] - Action Type : WaitTime
[DEBUG][2016-01-28 19:18:05,249][com.java.TestType] [ 6254] - sleepTime: 5000
[INFO ][2016-01-28 19:18:10,249][com.java.TestType] [11818] -  RESULT true
[INFO ][2016-01-28 19:18:10,249][com.java.TestType] [11935] - ?   P A S S   ?
[INFO ][2016-01-28 19:18:10,249][com.java.TestType] [12006] - Looping End......
[INFO ][2016-01-28 19:18:10,249][com.java.SeleniumDriver] [  930] -  RESULT true
[INFO ][2016-01-28 19:18:10,249][com.java.SeleniumDriver] [ 1136] - ?   P A S S   ?
[INFO ][2016-01-28 19:18:10,249][com.java.SeleniumDriver] [  856] - ------------------------------------------
[INFO ][2016-01-28 19:18:10,249][com.java.SeleniumDriver] [  857] - Test case being Executed: 13
[INFO ][2016-01-28 19:18:10,249][com.java.SeleniumDriver] [  869] - Test step:4
[INFO ][2016-01-28 19:18:10,249][com.java.SeleniumDriver] [  881] - Datavalue is----------null
[DEBUG][2016-01-28 19:18:10,249][com.java.SeleniumDriver] [  899] - Exception: null
[INFO ][2016-01-28 19:18:10,249][com.java.SeleniumDriver] [  905] - DataField : //span[@class='icon-user4']&&//a[text()='Users']&&//a[@data-id="ModifyUsers"]
[INFO ][2016-01-28 19:18:10,249][com.java.SeleniumDriver] [  907] - DataValue : 
[INFO ][2016-01-28 19:18:10,249][com.java.SeleniumDriver] [  913] - <In Set values of the page>
[INFO ][2016-01-28 19:18:10,249][com.java.SeleniumDriver] [  916] - {Data Fields & Data Values Exist}
[INFO ][2016-01-28 19:18:10,249][com.java.SeleniumDriver] [  918] - --------------------------setting values-----------------------------
[INFO ][2016-01-28 19:18:10,249][com.java.SeleniumDriver] [  921] - Action Type : MouseOver
[INFO ][2016-01-28 19:19:00,714][com.java.SeleniumDriver] [  930] -  RESULT true
[INFO ][2016-01-28 19:19:00,714][com.java.SeleniumDriver] [ 1136] - ?   P A S S   ?
[INFO ][2016-01-28 19:19:00,714][com.java.SeleniumDriver] [  856] - ------------------------------------------
[INFO ][2016-01-28 19:19:00,714][com.java.SeleniumDriver] [  857] - Test case being Executed: 13
[INFO ][2016-01-28 19:19:00,714][com.java.SeleniumDriver] [  869] - Test step:5
[INFO ][2016-01-28 19:19:00,714][com.java.SeleniumDriver] [  881] - Datavalue is----------2
[INFO ][2016-01-28 19:19:00,714][com.java.SeleniumDriver] [  905] - DataField : BTNframeDialogContent
[INFO ][2016-01-28 19:19:00,714][com.java.SeleniumDriver] [  907] - DataValue : 2
[INFO ][2016-01-28 19:19:00,714][com.java.SeleniumDriver] [  913] - <In Set values of the page>
[INFO ][2016-01-28 19:19:00,714][com.java.SeleniumDriver] [  916] - {Data Fields & Data Values Exist}
[INFO ][2016-01-28 19:19:00,714][com.java.SeleniumDriver] [  918] - --------------------------setting values-----------------------------
[INFO ][2016-01-28 19:19:00,714][com.java.SeleniumDriver] [  921] - Action Type : WaitForElement
[INFO ][2016-01-28 19:19:02,025][com.java.SeleniumDriver] [  930] -  RESULT true
[INFO ][2016-01-28 19:19:02,025][com.java.SeleniumDriver] [ 1136] - ?   P A S S   ?
[INFO ][2016-01-28 19:19:02,025][com.java.SeleniumDriver] [  856] - ------------------------------------------
[INFO ][2016-01-28 19:19:02,025][com.java.SeleniumDriver] [  857] - Test case being Executed: 13
[INFO ][2016-01-28 19:19:02,025][com.java.SeleniumDriver] [  869] - Test step:6
[INFO ][2016-01-28 19:19:02,025][com.java.SeleniumDriver] [  881] - Datavalue is----------null
[DEBUG][2016-01-28 19:19:02,025][com.java.SeleniumDriver] [  899] - Exception: null
[INFO ][2016-01-28 19:19:02,025][com.java.SeleniumDriver] [  905] - DataField : BTNframeDialogContent
[INFO ][2016-01-28 19:19:02,025][com.java.SeleniumDriver] [  907] - DataValue : 
[INFO ][2016-01-28 19:19:02,025][com.java.SeleniumDriver] [  913] - <In Set values of the page>
[INFO ][2016-01-28 19:19:02,025][com.java.SeleniumDriver] [  916] - {Data Fields & Data Values Exist}
[INFO ][2016-01-28 19:19:02,025][com.java.SeleniumDriver] [  918] - --------------------------setting values-----------------------------
[INFO ][2016-01-28 19:19:02,025][com.java.SeleniumDriver] [  921] - Action Type : SelectFrame
[INFO ][2016-01-28 19:19:03,327][com.java.SeleniumDriver] [  930] -  RESULT true
[INFO ][2016-01-28 19:19:03,327][com.java.SeleniumDriver] [ 1136] - ?   P A S S   ?
[INFO ][2016-01-28 19:19:03,327][com.java.SeleniumDriver] [  856] - ------------------------------------------
[INFO ][2016-01-28 19:19:03,327][com.java.SeleniumDriver] [  857] - Test case being Executed: 13
[INFO ][2016-01-28 19:19:03,327][com.java.SeleniumDriver] [  869] - Test step:7
[INFO ][2016-01-28 19:19:03,327][com.java.SeleniumDriver] [  881] - Datavalue is----------2
[INFO ][2016-01-28 19:19:03,327][com.java.SeleniumDriver] [  905] - DataField : BTNbtnAddUser
[INFO ][2016-01-28 19:19:03,327][com.java.SeleniumDriver] [  907] - DataValue : 2
[INFO ][2016-01-28 19:19:03,327][com.java.SeleniumDriver] [  913] - <In Set values of the page>
[INFO ][2016-01-28 19:19:03,327][com.java.SeleniumDriver] [  916] - {Data Fields & Data Values Exist}
[INFO ][2016-01-28 19:19:03,327][com.java.SeleniumDriver] [  918] - --------------------------setting values-----------------------------
[INFO ][2016-01-28 19:19:03,327][com.java.SeleniumDriver] [  921] - Action Type : WaitForElement
[INFO ][2016-01-28 19:19:04,577][com.java.SeleniumDriver] [  930] -  RESULT true
[INFO ][2016-01-28 19:19:04,577][com.java.SeleniumDriver] [ 1136] - ?   P A S S   ?
[INFO ][2016-01-28 19:19:04,577][com.java.SeleniumDriver] [  856] - ------------------------------------------
[INFO ][2016-01-28 19:19:04,577][com.java.SeleniumDriver] [  857] - Test case being Executed: 13
[INFO ][2016-01-28 19:19:04,577][com.java.SeleniumDriver] [  869] - Test step:8
[INFO ][2016-01-28 19:19:04,577][com.java.SeleniumDriver] [  881] - Datavalue is----------null
[DEBUG][2016-01-28 19:19:04,577][com.java.SeleniumDriver] [  899] - Exception: null
[INFO ][2016-01-28 19:19:04,577][com.java.SeleniumDriver] [  905] - DataField : BTNbtnAddUser
[INFO ][2016-01-28 19:19:04,577][com.java.SeleniumDriver] [  907] - DataValue : 
[INFO ][2016-01-28 19:19:04,577][com.java.SeleniumDriver] [  913] - <In Set values of the page>
[INFO ][2016-01-28 19:19:04,577][com.java.SeleniumDriver] [  916] - {Data Fields & Data Values Exist}
[INFO ][2016-01-28 19:19:04,577][com.java.SeleniumDriver] [  918] - --------------------------setting values-----------------------------
[INFO ][2016-01-28 19:19:04,577][com.java.SeleniumDriver] [  921] - Action Type : Click
[INFO ][2016-01-28 19:19:04,577][com.java.TestType] [ 6819] - Field ::BTNbtnAddUser
[INFO ][2016-01-28 19:19:04,577][com.java.TestType] [ 6440] - value = 
[INFO ][2016-01-28 19:19:05,578][com.java.TestType] [ 6971] - BEFORE CLICK
[INFO ][2016-01-28 19:19:07,099][com.java.TestType] [ 6978] - Unable to click the object Add user button
[INFO ][2016-01-28 19:19:07,099][com.java.SeleniumDriver] [  930] -  RESULT true
[INFO ][2016-01-28 19:19:07,099][com.java.SeleniumDriver] [ 1136] - ?   P A S S   ?
[INFO ][2016-01-28 19:19:07,099][com.java.SeleniumDriver] [  856] - ------------------------------------------
[INFO ][2016-01-28 19:19:07,099][com.java.SeleniumDriver] [  857] - Test case being Executed: 13
[INFO ][2016-01-28 19:19:07,099][com.java.SeleniumDriver] [  869] - Test step:9
[INFO ][2016-01-28 19:19:07,099][com.java.SeleniumDriver] [  881] - Datavalue is----------2
[INFO ][2016-01-28 19:19:07,099][com.java.SeleniumDriver] [  905] - DataField : BTNtxtUserName
[INFO ][2016-01-28 19:19:07,099][com.java.SeleniumDriver] [  907] - DataValue : 2
[INFO ][2016-01-28 19:19:07,099][com.java.SeleniumDriver] [  913] - <In Set values of the page>
[INFO ][2016-01-28 19:19:07,099][com.java.SeleniumDriver] [  916] - {Data Fields & Data Values Exist}
[INFO ][2016-01-28 19:19:07,099][com.java.SeleniumDriver] [  918] - --------------------------setting values-----------------------------
[INFO ][2016-01-28 19:19:07,099][com.java.SeleniumDriver] [  921] - Action Type : WaitForElement
[INFO ][2016-01-28 19:19:10,659][com.java.SeleniumDriver] [  930] -  RESULT true
[INFO ][2016-01-28 19:19:10,659][com.java.SeleniumDriver] [ 1136] - ?   P A S S   ?
[INFO ][2016-01-28 19:19:10,659][com.java.SeleniumDriver] [  856] - ------------------------------------------
[INFO ][2016-01-28 19:19:10,659][com.java.SeleniumDriver] [  857] - Test case being Executed: 13
[INFO ][2016-01-28 19:19:10,659][com.java.SeleniumDriver] [  869] - Test step:10
[INFO ][2016-01-28 19:19:10,659][com.java.SeleniumDriver] [  881] - Datavalue is----------5
[INFO ][2016-01-28 19:19:10,659][com.java.SeleniumDriver] [  905] - DataField : TXTtxtUserName
[INFO ][2016-01-28 19:19:10,659][com.java.SeleniumDriver] [  907] - DataValue : 5
[INFO ][2016-01-28 19:19:10,659][com.java.SeleniumDriver] [  913] - <In Set values of the page>
[INFO ][2016-01-28 19:19:10,659][com.java.SeleniumDriver] [  916] - {Data Fields & Data Values Exist}
[INFO ][2016-01-28 19:19:10,659][com.java.SeleniumDriver] [  918] - --------------------------setting values-----------------------------
[INFO ][2016-01-28 19:19:10,659][com.java.SeleniumDriver] [  921] - Action Type : WaitForElement
[INFO ][2016-01-28 19:19:11,730][com.java.SeleniumDriver] [  930] -  RESULT true
[INFO ][2016-01-28 19:19:11,730][com.java.SeleniumDriver] [ 1136] - ?   P A S S   ?
[INFO ][2016-01-28 19:19:11,730][com.java.SeleniumDriver] [  856] - ------------------------------------------
[INFO ][2016-01-28 19:19:11,730][com.java.SeleniumDriver] [  857] - Test case being Executed: 13
[INFO ][2016-01-28 19:19:11,730][com.java.SeleniumDriver] [  869] - Test step:11
[INFO ][2016-01-28 19:19:11,730][com.java.SeleniumDriver] [  881] - Datavalue is----------RNDvltest.robot
[INFO ][2016-01-28 19:19:11,730][com.java.SeleniumDriver] [  905] - DataField : TXTtxtUserName
[INFO ][2016-01-28 19:19:11,730][com.java.SeleniumDriver] [  907] - DataValue : RNDvltest.robot
[INFO ][2016-01-28 19:19:11,730][com.java.SeleniumDriver] [  913] - <In Set values of the page>
[INFO ][2016-01-28 19:19:11,730][com.java.SeleniumDriver] [  916] - {Data Fields & Data Values Exist}
[INFO ][2016-01-28 19:19:11,730][com.java.SeleniumDriver] [  918] - --------------------------setting values-----------------------------
[INFO ][2016-01-28 19:19:11,730][com.java.SeleniumDriver] [  921] - Action Type : CLEARANDENTER
[INFO ][2016-01-28 19:19:12,902][com.java.TestType] [ 6440] - value = vltest.robot32947
[INFO ][2016-01-28 19:19:14,253][com.java.SeleniumDriver] [  930] -  RESULT true
[INFO ][2016-01-28 19:19:14,253][com.java.SeleniumDriver] [ 1136] - ?   P A S S   ?
[INFO ][2016-01-28 19:19:14,253][com.java.SeleniumDriver] [  856] - ------------------------------------------
[INFO ][2016-01-28 19:19:14,253][com.java.SeleniumDriver] [  857] - Test case being Executed: 13
[INFO ][2016-01-28 19:19:14,253][com.java.SeleniumDriver] [  869] - Test step:12
[INFO ][2016-01-28 19:19:14,253][com.java.SeleniumDriver] [  881] - Datavalue is----------5
[INFO ][2016-01-28 19:19:14,253][com.java.SeleniumDriver] [  905] - DataField : TXTtxtFirstName
[INFO ][2016-01-28 19:19:14,253][com.java.SeleniumDriver] [  907] - DataValue : 5
[INFO ][2016-01-28 19:19:14,253][com.java.SeleniumDriver] [  913] - <In Set values of the page>
[INFO ][2016-01-28 19:19:14,253][com.java.SeleniumDriver] [  916] - {Data Fields & Data Values Exist}
[INFO ][2016-01-28 19:19:14,253][com.java.SeleniumDriver] [  918] - --------------------------setting values-----------------------------
[INFO ][2016-01-28 19:19:14,253][com.java.SeleniumDriver] [  921] - Action Type : WaitForElement
[INFO ][2016-01-28 19:19:15,323][com.java.SeleniumDriver] [  930] -  RESULT true
[INFO ][2016-01-28 19:19:15,323][com.java.SeleniumDriver] [ 1136] - ?   P A S S   ?
[INFO ][2016-01-28 19:19:15,323][com.java.SeleniumDriver] [  856] - ------------------------------------------
[INFO ][2016-01-28 19:19:15,323][com.java.SeleniumDriver] [  857] - Test case being Executed: 13
[INFO ][2016-01-28 19:19:15,323][com.java.SeleniumDriver] [  869] - Test step:13
[INFO ][2016-01-28 19:19:15,323][com.java.SeleniumDriver] [  881] - Datavalue is----------GivenNewUserName
[INFO ][2016-01-28 19:19:15,323][com.java.SeleniumDriver] [  905] - DataField : TXTtxtUserName
[INFO ][2016-01-28 19:19:15,323][com.java.SeleniumDriver] [  907] - DataValue : GivenNewUserName
[INFO ][2016-01-28 19:19:15,323][com.java.SeleniumDriver] [  913] - <In Set values of the page>
[INFO ][2016-01-28 19:19:15,323][com.java.SeleniumDriver] [  916] - {Data Fields & Data Values Exist}
[INFO ][2016-01-28 19:19:15,323][com.java.SeleniumDriver] [  918] - --------------------------setting values-----------------------------
[INFO ][2016-01-28 19:19:15,323][com.java.SeleniumDriver] [  921] - Action Type : STOREVALUE
[INFO ][2016-01-28 19:19:15,323][com.java.TestType] [ 9465] - field= TXTtxtUserName
[DEBUG][2016-01-28 19:19:16,435][com.java.TestType] [ 9479] - Key:: GivenNewUserName  Value:: vltest.robot32947
[INFO ][2016-01-28 19:19:16,435][com.java.SeleniumDriver] [  930] -  RESULT true
[INFO ][2016-01-28 19:19:16,435][com.java.SeleniumDriver] [ 1136] - ?   P A S S   ?
[INFO ][2016-01-28 19:19:16,435][com.java.SeleniumDriver] [  856] - ------------------------------------------
[INFO ][2016-01-28 19:19:16,435][com.java.SeleniumDriver] [  857] - Test case being Executed: 13
[INFO ][2016-01-28 19:19:16,435][com.java.SeleniumDriver] [  869] - Test step:14
[INFO ][2016-01-28 19:19:16,435][com.java.SeleniumDriver] [  881] - Datavalue is----------VLTest
[INFO ][2016-01-28 19:19:16,435][com.java.SeleniumDriver] [  905] - DataField : TXTtxtFirstName
[INFO ][2016-01-28 19:19:16,435][com.java.SeleniumDriver] [  907] - DataValue : VLTest
[INFO ][2016-01-28 19:19:16,435][com.java.SeleniumDriver] [  913] - <In Set values of the page>
[INFO ][2016-01-28 19:19:16,435][com.java.SeleniumDriver] [  916] - {Data Fields & Data Values Exist}
[INFO ][2016-01-28 19:19:16,435][com.java.SeleniumDriver] [  918] - --------------------------setting values-----------------------------
[INFO ][2016-01-28 19:19:16,435][com.java.SeleniumDriver] [  921] - Action Type : Enter
[INFO ][2016-01-28 19:19:16,435][com.java.TestType] [ 7432] - field = txtFirstName
[INFO ][2016-01-28 19:19:16,435][com.java.TestType] [ 6440] - value = VLTest
[INFO ][2016-01-28 19:19:18,126][com.java.SeleniumDriver] [  930] -  RESULT true
[INFO ][2016-01-28 19:19:18,126][com.java.SeleniumDriver] [ 1136] - ?   P A S S   ?
[INFO ][2016-01-28 19:19:18,126][com.java.SeleniumDriver] [  856] - ------------------------------------------
[INFO ][2016-01-28 19:19:18,126][com.java.SeleniumDriver] [  857] - Test case being Executed: 13
[INFO ][2016-01-28 19:19:18,126][com.java.SeleniumDriver] [  869] - Test step:15
[INFO ][2016-01-28 19:19:18,126][com.java.SeleniumDriver] [  881] - Datavalue is----------5
[INFO ][2016-01-28 19:19:18,126][com.java.SeleniumDriver] [  905] - DataField : TXTtxtLastName
[INFO ][2016-01-28 19:19:18,126][com.java.SeleniumDriver] [  907] - DataValue : 5
[INFO ][2016-01-28 19:19:18,126][com.java.SeleniumDriver] [  913] - <In Set values of the page>
[INFO ][2016-01-28 19:19:18,126][com.java.SeleniumDriver] [  916] - {Data Fields & Data Values Exist}
[INFO ][2016-01-28 19:19:18,126][com.java.SeleniumDriver] [  918] - --------------------------setting values-----------------------------
[INFO ][2016-01-28 19:19:18,126][com.java.SeleniumDriver] [  921] - Action Type : WaitForElement
[INFO ][2016-01-28 19:19:19,206][com.java.SeleniumDriver] [  930] -  RESULT true
[INFO ][2016-01-28 19:19:19,206][com.java.SeleniumDriver] [ 1136] - ?   P A S S   ?
[INFO ][2016-01-28 19:19:19,206][com.java.SeleniumDriver] [  856] - ------------------------------------------
[INFO ][2016-01-28 19:19:19,206][com.java.SeleniumDriver] [  857] - Test case being Executed: 13
[INFO ][2016-01-28 19:19:19,206][com.java.SeleniumDriver] [  869] - Test step:16
[INFO ][2016-01-28 19:19:19,206][com.java.SeleniumDriver] [  881] - Datavalue is----------Robot
[INFO ][2016-01-28 19:19:19,206][com.java.SeleniumDriver] [  905] - DataField : TXTtxtLastName
[INFO ][2016-01-28 19:19:19,206][com.java.SeleniumDriver] [  907] - DataValue : Robot
[INFO ][2016-01-28 19:19:19,206][com.java.SeleniumDriver] [  913] - <In Set values of the page>
[INFO ][2016-01-28 19:19:19,206][com.java.SeleniumDriver] [  916] - {Data Fields & Data Values Exist}
[INFO ][2016-01-28 19:19:19,206][com.java.SeleniumDriver] [  918] - --------------------------setting values-----------------------------
[INFO ][2016-01-28 19:19:19,206][com.java.SeleniumDriver] [  921] - Action Type : Enter
[INFO ][2016-01-28 19:19:19,206][com.java.TestType] [ 7432] - field = txtLastName
[INFO ][2016-01-28 19:19:19,206][com.java.TestType] [ 6440] - value = Robot
[INFO ][2016-01-28 19:19:20,638][com.java.SeleniumDriver] [  930] -  RESULT true
[INFO ][2016-01-28 19:19:20,638][com.java.SeleniumDriver] [ 1136] - ?   P A S S   ?
[INFO ][2016-01-28 19:19:20,638][com.java.SeleniumDriver] [  856] - ------------------------------------------
[INFO ][2016-01-28 19:19:20,638][com.java.SeleniumDriver] [  857] - Test case being Executed: 13
[INFO ][2016-01-28 19:19:20,638][com.java.SeleniumDriver] [  869] - Test step:17
[INFO ][2016-01-28 19:19:20,638][com.java.SeleniumDriver] [  881] - Datavalue is----------5
[INFO ][2016-01-28 19:19:20,638][com.java.SeleniumDriver] [  905] - DataField : TXTtxtCompany
[INFO ][2016-01-28 19:19:20,638][com.java.SeleniumDriver] [  907] - DataValue : 5
[INFO ][2016-01-28 19:19:20,638][com.java.SeleniumDriver] [  913] - <In Set values of the page>
[INFO ][2016-01-28 19:19:20,638][com.java.SeleniumDriver] [  916] - {Data Fields & Data Values Exist}
[INFO ][2016-01-28 19:19:20,638][com.java.SeleniumDriver] [  918] - --------------------------setting values-----------------------------
[INFO ][2016-01-28 19:19:20,638][com.java.SeleniumDriver] [  921] - Action Type : WaitForElement
[INFO ][2016-01-28 19:19:21,728][com.java.SeleniumDriver] [  930] -  RESULT true
[INFO ][2016-01-28 19:19:21,728][com.java.SeleniumDriver] [ 1136] - ?   P A S S   ?
[INFO ][2016-01-28 19:19:21,728][com.java.SeleniumDriver] [  856] - ------------------------------------------
[INFO ][2016-01-28 19:19:21,728][com.java.SeleniumDriver] [  857] - Test case being Executed: 13
[INFO ][2016-01-28 19:19:21,728][com.java.SeleniumDriver] [  869] - Test step:18
[INFO ][2016-01-28 19:19:21,728][com.java.SeleniumDriver] [  881] - Datavalue is----------ValueLabs
[INFO ][2016-01-28 19:19:21,728][com.java.SeleniumDriver] [  905] - DataField : TXTtxtCompany
[INFO ][2016-01-28 19:19:21,728][com.java.SeleniumDriver] [  907] - DataValue : ValueLabs
[INFO ][2016-01-28 19:19:21,728][com.java.SeleniumDriver] [  913] - <In Set values of the page>
[INFO ][2016-01-28 19:19:21,728][com.java.SeleniumDriver] [  916] - {Data Fields & Data Values Exist}
[INFO ][2016-01-28 19:19:21,728][com.java.SeleniumDriver] [  918] - --------------------------setting values-----------------------------
[INFO ][2016-01-28 19:19:21,728][com.java.SeleniumDriver] [  921] - Action Type : Enter
[INFO ][2016-01-28 19:19:21,728][com.java.TestType] [ 7432] - field = txtCompany
[INFO ][2016-01-28 19:19:21,728][com.java.TestType] [ 6440] - value = ValueLabs
[INFO ][2016-01-28 19:19:23,330][com.java.SeleniumDriver] [  930] -  RESULT true
[INFO ][2016-01-28 19:19:23,330][com.java.SeleniumDriver] [ 1136] - ?   P A S S   ?
[INFO ][2016-01-28 19:19:23,330][com.java.SeleniumDriver] [  856] - ------------------------------------------
[INFO ][2016-01-28 19:19:23,330][com.java.SeleniumDriver] [  857] - Test case being Executed: 13
[INFO ][2016-01-28 19:19:23,330][com.java.SeleniumDriver] [  869] - Test step:19
[INFO ][2016-01-28 19:19:23,330][com.java.SeleniumDriver] [  881] - Datavalue is----------5
[INFO ][2016-01-28 19:19:23,330][com.java.SeleniumDriver] [  905] - DataField : TXTtxtLocation
[INFO ][2016-01-28 19:19:23,330][com.java.SeleniumDriver] [  907] - DataValue : 5
[INFO ][2016-01-28 19:19:23,330][com.java.SeleniumDriver] [  913] - <In Set values of the page>
[INFO ][2016-01-28 19:19:23,330][com.java.SeleniumDriver] [  916] - {Data Fields & Data Values Exist}
[INFO ][2016-01-28 19:19:23,330][com.java.SeleniumDriver] [  918] - --------------------------setting values-----------------------------
[INFO ][2016-01-28 19:19:23,330][com.java.SeleniumDriver] [  921] - Action Type : WaitForElement
[INFO ][2016-01-28 19:19:24,420][com.java.SeleniumDriver] [  930] -  RESULT true
[INFO ][2016-01-28 19:19:24,420][com.java.SeleniumDriver] [ 1136] - ?   P A S S   ?
[INFO ][2016-01-28 19:19:24,420][com.java.SeleniumDriver] [  856] - ------------------------------------------
[INFO ][2016-01-28 19:19:24,420][com.java.SeleniumDriver] [  857] - Test case being Executed: 13
[INFO ][2016-01-28 19:19:24,420][com.java.SeleniumDriver] [  869] - Test step:20
[INFO ][2016-01-28 19:19:24,420][com.java.SeleniumDriver] [  881] - Datavalue is----------India
[INFO ][2016-01-28 19:19:24,420][com.java.SeleniumDriver] [  905] - DataField : TXTtxtLocation
[INFO ][2016-01-28 19:19:24,420][com.java.SeleniumDriver] [  907] - DataValue : India
[INFO ][2016-01-28 19:19:24,420][com.java.SeleniumDriver] [  913] - <In Set values of the page>
[INFO ][2016-01-28 19:19:24,420][com.java.SeleniumDriver] [  916] - {Data Fields & Data Values Exist}
[INFO ][2016-01-28 19:19:24,420][com.java.SeleniumDriver] [  918] - --------------------------setting values-----------------------------
[INFO ][2016-01-28 19:19:24,420][com.java.SeleniumDriver] [  921] - Action Type : Enter
[INFO ][2016-01-28 19:19:24,420][com.java.TestType] [ 7432] - field = txtLocation
[INFO ][2016-01-28 19:19:24,420][com.java.TestType] [ 6440] - value = India
[INFO ][2016-01-28 19:19:25,852][com.java.SeleniumDriver] [  930] -  RESULT true
[INFO ][2016-01-28 19:19:25,852][com.java.SeleniumDriver] [ 1136] - ?   P A S S   ?
[INFO ][2016-01-28 19:19:25,852][com.java.SeleniumDriver] [  856] - ------------------------------------------
[INFO ][2016-01-28 19:19:25,852][com.java.SeleniumDriver] [  857] - Test case being Executed: 13
[INFO ][2016-01-28 19:19:25,852][com.java.SeleniumDriver] [  869] - Test step:21
[INFO ][2016-01-28 19:19:25,852][com.java.SeleniumDriver] [  881] - Datavalue is----------5
[INFO ][2016-01-28 19:19:25,852][com.java.SeleniumDriver] [  905] - DataField : TXTtxtEMail
[INFO ][2016-01-28 19:19:25,852][com.java.SeleniumDriver] [  907] - DataValue : 5
[INFO ][2016-01-28 19:19:25,852][com.java.SeleniumDriver] [  913] - <In Set values of the page>
[INFO ][2016-01-28 19:19:25,852][com.java.SeleniumDriver] [  916] - {Data Fields & Data Values Exist}
[INFO ][2016-01-28 19:19:25,852][com.java.SeleniumDriver] [  918] - --------------------------setting values-----------------------------
[INFO ][2016-01-28 19:19:25,852][com.java.SeleniumDriver] [  921] - Action Type : WaitForElement
[INFO ][2016-01-28 19:19:26,922][com.java.SeleniumDriver] [  930] -  RESULT true
[INFO ][2016-01-28 19:19:26,922][com.java.SeleniumDriver] [ 1136] - ?   P A S S   ?
[INFO ][2016-01-28 19:19:26,922][com.java.SeleniumDriver] [  856] - ------------------------------------------
[INFO ][2016-01-28 19:19:26,922][com.java.SeleniumDriver] [  857] - Test case being Executed: 13
[INFO ][2016-01-28 19:19:26,922][com.java.SeleniumDriver] [  869] - Test step:22
[INFO ][2016-01-28 19:19:26,922][com.java.SeleniumDriver] [  881] - Datavalue is----------vltest.robot@valuelabs.com
[INFO ][2016-01-28 19:19:26,922][com.java.SeleniumDriver] [  905] - DataField : TXTtxtEMail
[INFO ][2016-01-28 19:19:26,922][com.java.SeleniumDriver] [  907] - DataValue : vltest.robot@valuelabs.com
[INFO ][2016-01-28 19:19:26,922][com.java.SeleniumDriver] [  913] - <In Set values of the page>
[INFO ][2016-01-28 19:19:26,922][com.java.SeleniumDriver] [  916] - {Data Fields & Data Values Exist}
[INFO ][2016-01-28 19:19:26,922][com.java.SeleniumDriver] [  918] - --------------------------setting values-----------------------------
[INFO ][2016-01-28 19:19:26,922][com.java.SeleniumDriver] [  921] - Action Type : Enter
[INFO ][2016-01-28 19:19:26,922][com.java.TestType] [ 7432] - field = txtEMail
[INFO ][2016-01-28 19:19:26,922][com.java.TestType] [ 6440] - value = vltest.robot@valuelabs.com
[INFO ][2016-01-28 19:19:28,584][com.java.SeleniumDriver] [  930] -  RESULT true
[INFO ][2016-01-28 19:19:28,584][com.java.SeleniumDriver] [ 1136] - ?   P A S S   ?
[INFO ][2016-01-28 19:19:28,584][com.java.SeleniumDriver] [  856] - ------------------------------------------
[INFO ][2016-01-28 19:19:28,584][com.java.SeleniumDriver] [  857] - Test case being Executed: 13
[INFO ][2016-01-28 19:19:28,584][com.java.SeleniumDriver] [  869] - Test step:23
[INFO ][2016-01-28 19:19:28,584][com.java.SeleniumDriver] [  881] - Datavalue is----------5
[INFO ][2016-01-28 19:19:28,584][com.java.SeleniumDriver] [  905] - DataField : TXTtxtPhone
[INFO ][2016-01-28 19:19:28,584][com.java.SeleniumDriver] [  907] - DataValue : 5
[INFO ][2016-01-28 19:19:28,584][com.java.SeleniumDriver] [  913] - <In Set values of the page>
[INFO ][2016-01-28 19:19:28,584][com.java.SeleniumDriver] [  916] - {Data Fields & Data Values Exist}
[INFO ][2016-01-28 19:19:28,584][com.java.SeleniumDriver] [  918] - --------------------------setting values-----------------------------
[INFO ][2016-01-28 19:19:28,584][com.java.SeleniumDriver] [  921] - Action Type : WaitForElement
[INFO ][2016-01-28 19:19:29,674][com.java.SeleniumDriver] [  930] -  RESULT true
[INFO ][2016-01-28 19:19:29,674][com.java.SeleniumDriver] [ 1136] - ?   P A S S   ?
[INFO ][2016-01-28 19:19:29,674][com.java.SeleniumDriver] [  856] - ------------------------------------------
[INFO ][2016-01-28 19:19:29,674][com.java.SeleniumDriver] [  857] - Test case being Executed: 13
[INFO ][2016-01-28 19:19:29,674][com.java.SeleniumDriver] [  869] - Test step:24
[INFO ][2016-01-28 19:19:29,674][com.java.SeleniumDriver] [  881] - Datavalue is----------12345678901
[INFO ][2016-01-28 19:19:29,674][com.java.SeleniumDriver] [  905] - DataField : TXTtxtPhone
[INFO ][2016-01-28 19:19:29,674][com.java.SeleniumDriver] [  907] - DataValue : 12345678901
[INFO ][2016-01-28 19:19:29,674][com.java.SeleniumDriver] [  913] - <In Set values of the page>
[INFO ][2016-01-28 19:19:29,674][com.java.SeleniumDriver] [  916] - {Data Fields & Data Values Exist}
[INFO ][2016-01-28 19:19:29,674][com.java.SeleniumDriver] [  918] - --------------------------setting values-----------------------------
[INFO ][2016-01-28 19:19:29,674][com.java.SeleniumDriver] [  921] - Action Type : Enter
[INFO ][2016-01-28 19:19:29,674][com.java.TestType] [ 7432] - field = txtPhone
[INFO ][2016-01-28 19:19:29,674][com.java.TestType] [ 6440] - value = 12345678901
[INFO ][2016-01-28 19:19:31,076][com.java.SeleniumDriver] [  930] -  RESULT true
[INFO ][2016-01-28 19:19:31,076][com.java.SeleniumDriver] [ 1136] - ?   P A S S   ?
[INFO ][2016-01-28 19:19:31,076][com.java.SeleniumDriver] [  856] - ------------------------------------------
[INFO ][2016-01-28 19:19:31,076][com.java.SeleniumDriver] [  857] - Test case being Executed: 13
[INFO ][2016-01-28 19:19:31,076][com.java.SeleniumDriver] [  869] - Test step:25
[INFO ][2016-01-28 19:19:31,076][com.java.SeleniumDriver] [  881] - Datavalue is----------5
[INFO ][2016-01-28 19:19:31,076][com.java.SeleniumDriver] [  905] - DataField : TXTtxtPassword
[INFO ][2016-01-28 19:19:31,076][com.java.SeleniumDriver] [  907] - DataValue : 5
[INFO ][2016-01-28 19:19:31,076][com.java.SeleniumDriver] [  913] - <In Set values of the page>
[INFO ][2016-01-28 19:19:31,076][com.java.SeleniumDriver] [  916] - {Data Fields & Data Values Exist}
[INFO ][2016-01-28 19:19:31,076][com.java.SeleniumDriver] [  918] - --------------------------setting values-----------------------------
[INFO ][2016-01-28 19:19:31,076][com.java.SeleniumDriver] [  921] - Action Type : WaitForElement
[INFO ][2016-01-28 19:19:32,166][com.java.SeleniumDriver] [  930] -  RESULT true
[INFO ][2016-01-28 19:19:32,166][com.java.SeleniumDriver] [ 1136] - ?   P A S S   ?
[INFO ][2016-01-28 19:19:32,166][com.java.SeleniumDriver] [  856] - ------------------------------------------
[INFO ][2016-01-28 19:19:32,166][com.java.SeleniumDriver] [  857] - Test case being Executed: 13
[INFO ][2016-01-28 19:19:32,166][com.java.SeleniumDriver] [  869] - Test step:26
[INFO ][2016-01-28 19:19:32,166][com.java.SeleniumDriver] [  881] - Datavalue is----------dt:NewUserPswd
[INFO ][2016-01-28 19:19:32,166][com.java.SeleniumDriver] [  905] - DataField : TXTtxtPassword
[INFO ][2016-01-28 19:19:32,166][com.java.SeleniumDriver] [  907] - DataValue : dt:NewUserPswd
[INFO ][2016-01-28 19:19:32,166][com.java.SeleniumDriver] [  913] - <In Set values of the page>
[INFO ][2016-01-28 19:19:32,166][com.java.SeleniumDriver] [  916] - {Data Fields & Data Values Exist}
[INFO ][2016-01-28 19:19:32,166][com.java.SeleniumDriver] [  918] - --------------------------setting values-----------------------------
[INFO ][2016-01-28 19:19:32,166][com.java.SeleniumDriver] [  921] - Action Type : CLEARANDENTER
[INFO ][2016-01-28 19:19:33,328][com.java.TestType] [ 6440] - value = Password1*
[INFO ][2016-01-28 19:19:34,819][com.java.SeleniumDriver] [  930] -  RESULT true
[INFO ][2016-01-28 19:19:34,819][com.java.SeleniumDriver] [ 1136] - ?   P A S S   ?
[INFO ][2016-01-28 19:19:34,819][com.java.SeleniumDriver] [  856] - ------------------------------------------
[INFO ][2016-01-28 19:19:34,819][com.java.SeleniumDriver] [  857] - Test case being Executed: 13
[INFO ][2016-01-28 19:19:34,819][com.java.SeleniumDriver] [  869] - Test step:27
[INFO ][2016-01-28 19:19:34,819][com.java.SeleniumDriver] [  881] - Datavalue is----------5
[INFO ][2016-01-28 19:19:34,819][com.java.SeleniumDriver] [  905] - DataField : TXTtxtPasswordConfirm
[INFO ][2016-01-28 19:19:34,819][com.java.SeleniumDriver] [  907] - DataValue : 5
[INFO ][2016-01-28 19:19:34,819][com.java.SeleniumDriver] [  913] - <In Set values of the page>
[INFO ][2016-01-28 19:19:34,819][com.java.SeleniumDriver] [  916] - {Data Fields & Data Values Exist}
[INFO ][2016-01-28 19:19:34,819][com.java.SeleniumDriver] [  918] - --------------------------setting values-----------------------------
[INFO ][2016-01-28 19:19:34,819][com.java.SeleniumDriver] [  921] - Action Type : WaitForElement
[INFO ][2016-01-28 19:19:35,889][com.java.SeleniumDriver] [  930] -  RESULT true
[INFO ][2016-01-28 19:19:35,889][com.java.SeleniumDriver] [ 1136] - ?   P A S S   ?
[INFO ][2016-01-28 19:19:35,889][com.java.SeleniumDriver] [  856] - ------------------------------------------
[INFO ][2016-01-28 19:19:35,889][com.java.SeleniumDriver] [  857] - Test case being Executed: 13
[INFO ][2016-01-28 19:19:35,889][com.java.SeleniumDriver] [  869] - Test step:28
[INFO ][2016-01-28 19:19:35,889][com.java.SeleniumDriver] [  881] - Datavalue is----------dt:NewUserPswd
[INFO ][2016-01-28 19:19:35,889][com.java.SeleniumDriver] [  905] - DataField : TXTtxtPasswordConfirm
[INFO ][2016-01-28 19:19:35,889][com.java.SeleniumDriver] [  907] - DataValue : dt:NewUserPswd
[INFO ][2016-01-28 19:19:35,889][com.java.SeleniumDriver] [  913] - <In Set values of the page>
[INFO ][2016-01-28 19:19:35,889][com.java.SeleniumDriver] [  916] - {Data Fields & Data Values Exist}
[INFO ][2016-01-28 19:19:35,889][com.java.SeleniumDriver] [  918] - --------------------------setting values-----------------------------
[INFO ][2016-01-28 19:19:35,889][com.java.SeleniumDriver] [  921] - Action Type : CLEARANDENTER
[INFO ][2016-01-28 19:19:37,041][com.java.TestType] [ 6440] - value = Password1*
[INFO ][2016-01-28 19:19:38,542][com.java.SeleniumDriver] [  930] -  RESULT true
[INFO ][2016-01-28 19:19:38,542][com.java.SeleniumDriver] [ 1136] - ?   P A S S   ?
[INFO ][2016-01-28 19:19:38,542][com.java.SeleniumDriver] [  856] - ------------------------------------------
[INFO ][2016-01-28 19:19:38,542][com.java.SeleniumDriver] [  857] - Test case being Executed: 13
[INFO ][2016-01-28 19:19:38,542][com.java.SeleniumDriver] [  869] - Test step:29
[INFO ][2016-01-28 19:19:38,542][com.java.SeleniumDriver] [  881] - Datavalue is----------5
[INFO ][2016-01-28 19:19:38,542][com.java.SeleniumDriver] [  905] - DataField : test
[INFO ][2016-01-28 19:19:38,542][com.java.SeleniumDriver] [  907] - DataValue : 5
[INFO ][2016-01-28 19:19:38,542][com.java.SeleniumDriver] [  913] - <In Set values of the page>
[INFO ][2016-01-28 19:19:38,542][com.java.SeleniumDriver] [  916] - {Data Fields & Data Values Exist}
[INFO ][2016-01-28 19:19:38,542][com.java.SeleniumDriver] [  918] - --------------------------setting values-----------------------------
[INFO ][2016-01-28 19:19:38,542][com.java.SeleniumDriver] [  921] - Action Type : WaitTime
[DEBUG][2016-01-28 19:19:38,542][com.java.TestType] [ 6254] - sleepTime: 5000
[INFO ][2016-01-28 19:19:43,542][com.java.SeleniumDriver] [  930] -  RESULT true
[INFO ][2016-01-28 19:19:43,542][com.java.SeleniumDriver] [ 1136] - ?   P A S S   ?
[INFO ][2016-01-28 19:19:43,542][com.java.SeleniumDriver] [  856] - ------------------------------------------
[INFO ][2016-01-28 19:19:43,542][com.java.SeleniumDriver] [  857] - Test case being Executed: 13
[INFO ][2016-01-28 19:19:43,542][com.java.SeleniumDriver] [  869] - Test step:30
[INFO ][2016-01-28 19:19:43,542][com.java.SeleniumDriver] [  881] - Datavalue is----------null
[DEBUG][2016-01-28 19:19:43,542][com.java.SeleniumDriver] [  899] - Exception: null
[INFO ][2016-01-28 19:19:43,542][com.java.SeleniumDriver] [  905] - DataField : BTNparent
[INFO ][2016-01-28 19:19:43,542][com.java.SeleniumDriver] [  907] - DataValue : 
[INFO ][2016-01-28 19:19:43,542][com.java.SeleniumDriver] [  913] - <In Set values of the page>
[INFO ][2016-01-28 19:19:43,542][com.java.SeleniumDriver] [  916] - {Data Fields & Data Values Exist}
[INFO ][2016-01-28 19:19:43,542][com.java.SeleniumDriver] [  918] - --------------------------setting values-----------------------------
[INFO ][2016-01-28 19:19:43,542][com.java.SeleniumDriver] [  921] - Action Type : SelectFrame
[INFO ][2016-01-28 19:19:43,543][com.java.SeleniumDriver] [  930] -  RESULT true
[INFO ][2016-01-28 19:19:43,543][com.java.SeleniumDriver] [ 1136] - ?   P A S S   ?
[INFO ][2016-01-28 19:19:43,543][com.java.SeleniumDriver] [  856] - ------------------------------------------
[INFO ][2016-01-28 19:19:43,543][com.java.SeleniumDriver] [  857] - Test case being Executed: 13
[INFO ][2016-01-28 19:19:43,543][com.java.SeleniumDriver] [  869] - Test step:31
[INFO ][2016-01-28 19:19:43,543][com.java.SeleniumDriver] [  881] - Datavalue is----------null
[DEBUG][2016-01-28 19:19:43,543][com.java.SeleniumDriver] [  899] - Exception: null
[INFO ][2016-01-28 19:19:43,543][com.java.SeleniumDriver] [  905] - DataField : XPH//span[contains(text(), 'Finished')]
[INFO ][2016-01-28 19:19:43,543][com.java.SeleniumDriver] [  907] - DataValue : 
[INFO ][2016-01-28 19:19:43,543][com.java.SeleniumDriver] [  913] - <In Set values of the page>
[INFO ][2016-01-28 19:19:43,543][com.java.SeleniumDriver] [  916] - {Data Fields & Data Values Exist}
[INFO ][2016-01-28 19:19:43,543][com.java.SeleniumDriver] [  918] - --------------------------setting values-----------------------------
[INFO ][2016-01-28 19:19:43,543][com.java.SeleniumDriver] [  921] - Action Type : Click
[INFO ][2016-01-28 19:19:43,543][com.java.TestType] [ 6819] - Field ::XPH//span[contains(text(), 'Finished')]
[INFO ][2016-01-28 19:19:43,543][com.java.TestType] [ 6440] - value = 
[INFO ][2016-01-28 19:19:44,553][com.java.TestType] [ 6992] - BEFORE CLICK
[INFO ][2016-01-28 19:19:45,418][com.java.TestType] [ 7000] - Unable to click the object Finished button
[INFO ][2016-01-28 19:19:45,418][com.java.SeleniumDriver] [  930] -  RESULT true
[INFO ][2016-01-28 19:19:45,418][com.java.SeleniumDriver] [ 1136] - ?   P A S S   ?
[INFO ][2016-01-28 19:19:45,418][com.java.SeleniumDriver] [  856] - ------------------------------------------
[INFO ][2016-01-28 19:19:45,418][com.java.SeleniumDriver] [  857] - Test case being Executed: 13
[INFO ][2016-01-28 19:19:45,418][com.java.SeleniumDriver] [  869] - Test step:32
[INFO ][2016-01-28 19:19:45,418][com.java.SeleniumDriver] [  881] - Datavalue is----------5
[INFO ][2016-01-28 19:19:45,418][com.java.SeleniumDriver] [  905] - DataField : test
[INFO ][2016-01-28 19:19:45,418][com.java.SeleniumDriver] [  907] - DataValue : 5
[INFO ][2016-01-28 19:19:45,418][com.java.SeleniumDriver] [  913] - <In Set values of the page>
[INFO ][2016-01-28 19:19:45,418][com.java.SeleniumDriver] [  916] - {Data Fields & Data Values Exist}
[INFO ][2016-01-28 19:19:45,418][com.java.SeleniumDriver] [  918] - --------------------------setting values-----------------------------
[INFO ][2016-01-28 19:19:45,418][com.java.SeleniumDriver] [  921] - Action Type : WaitTime
[DEBUG][2016-01-28 19:19:45,418][com.java.TestType] [ 6254] - sleepTime: 5000
[INFO ][2016-01-28 19:19:50,419][com.java.SeleniumDriver] [  930] -  RESULT true
[INFO ][2016-01-28 19:19:50,419][com.java.SeleniumDriver] [ 1136] - ?   P A S S   ?
[INFO ][2016-01-28 19:19:50,419][com.java.SeleniumDriver] [  856] - ------------------------------------------
[INFO ][2016-01-28 19:19:50,419][com.java.SeleniumDriver] [  857] - Test case being Executed: 13
[INFO ][2016-01-28 19:19:50,419][com.java.SeleniumDriver] [  869] - Test step:33
[INFO ][2016-01-28 19:19:50,419][com.java.SeleniumDriver] [  881] - Datavalue is----------null
[DEBUG][2016-01-28 19:19:50,419][com.java.SeleniumDriver] [  899] - Exception: null
[INFO ][2016-01-28 19:19:50,419][com.java.SeleniumDriver] [  905] - DataField : BTNframeDialogContent
[INFO ][2016-01-28 19:19:50,419][com.java.SeleniumDriver] [  907] - DataValue : 
[INFO ][2016-01-28 19:19:50,419][com.java.SeleniumDriver] [  913] - <In Set values of the page>
[INFO ][2016-01-28 19:19:50,419][com.java.SeleniumDriver] [  916] - {Data Fields & Data Values Exist}
[INFO ][2016-01-28 19:19:50,419][com.java.SeleniumDriver] [  918] - --------------------------setting values-----------------------------
[INFO ][2016-01-28 19:19:50,419][com.java.SeleniumDriver] [  921] - Action Type : SelectFrame
[INFO ][2016-01-28 19:19:52,061][com.java.SeleniumDriver] [  930] -  RESULT true
[INFO ][2016-01-28 19:19:52,061][com.java.SeleniumDriver] [ 1136] - ?   P A S S   ?
[INFO ][2016-01-28 19:19:52,061][com.java.SeleniumDriver] [  856] - ------------------------------------------
[INFO ][2016-01-28 19:19:52,061][com.java.SeleniumDriver] [  857] - Test case being Executed: 13
[INFO ][2016-01-28 19:19:52,061][com.java.SeleniumDriver] [  869] - Test step:34
[INFO ][2016-01-28 19:19:52,061][com.java.SeleniumDriver] [  881] - Datavalue is----------null
[DEBUG][2016-01-28 19:19:52,061][com.java.SeleniumDriver] [  899] - Exception: null
[INFO ][2016-01-28 19:19:52,061][com.java.SeleniumDriver] [  905] - DataField : BTNchkGlobalPrivsUserAdmin
[INFO ][2016-01-28 19:19:52,061][com.java.SeleniumDriver] [  907] - DataValue : 
[INFO ][2016-01-28 19:19:52,061][com.java.SeleniumDriver] [  913] - <In Set values of the page>
[INFO ][2016-01-28 19:19:52,061][com.java.SeleniumDriver] [  916] - {Data Fields & Data Values Exist}
[INFO ][2016-01-28 19:19:52,061][com.java.SeleniumDriver] [  918] - --------------------------setting values-----------------------------
[INFO ][2016-01-28 19:19:52,061][com.java.SeleniumDriver] [  921] - Action Type : Click
[INFO ][2016-01-28 19:19:52,061][com.java.TestType] [ 6819] - Field ::BTNchkGlobalPrivsUserAdmin
[INFO ][2016-01-28 19:19:52,061][com.java.TestType] [ 6440] - value = 
[INFO ][2016-01-28 19:19:53,061][com.java.TestType] [ 6971] - BEFORE CLICK
[INFO ][2016-01-28 19:19:54,332][com.java.TestType] [ 6978] - Unable to click the object User Admin check box
[INFO ][2016-01-28 19:19:54,332][com.java.SeleniumDriver] [  930] -  RESULT true
[INFO ][2016-01-28 19:19:54,332][com.java.SeleniumDriver] [ 1136] - ?   P A S S   ?
[INFO ][2016-01-28 19:19:54,332][com.java.SeleniumDriver] [  856] - ------------------------------------------
[INFO ][2016-01-28 19:19:54,332][com.java.SeleniumDriver] [  857] - Test case being Executed: 13
[INFO ][2016-01-28 19:19:54,332][com.java.SeleniumDriver] [  869] - Test step:35
[INFO ][2016-01-28 19:19:54,332][com.java.SeleniumDriver] [  881] - Datavalue is----------index:1
[INFO ][2016-01-28 19:19:54,332][com.java.SeleniumDriver] [  905] - DataField : COBddlEntityAccess
[INFO ][2016-01-28 19:19:54,332][com.java.SeleniumDriver] [  907] - DataValue : index:1
[INFO ][2016-01-28 19:19:54,332][com.java.SeleniumDriver] [  913] - <In Set values of the page>
[INFO ][2016-01-28 19:19:54,332][com.java.SeleniumDriver] [  916] - {Data Fields & Data Values Exist}
[INFO ][2016-01-28 19:19:54,332][com.java.SeleniumDriver] [  918] - --------------------------setting values-----------------------------
[INFO ][2016-01-28 19:19:54,332][com.java.SeleniumDriver] [  921] - Action Type : select
[INFO ][2016-01-28 19:19:54,332][com.java.TestType] [ 6440] - value = 1
[INFO ][2016-01-28 19:19:55,483][com.java.TestType] [ 6558] -  In COB ddlEntityAccess : 1
[INFO ][2016-01-28 19:19:56,233][com.java.SeleniumDriver] [  930] -  RESULT true
[INFO ][2016-01-28 19:19:56,233][com.java.SeleniumDriver] [ 1136] - ?   P A S S   ?
[INFO ][2016-01-28 19:19:56,233][com.java.SeleniumDriver] [ 1178] - step change to 37
[INFO ][2016-01-28 19:19:56,233][com.java.SeleniumDriver] [  856] - ------------------------------------------
[INFO ][2016-01-28 19:19:56,233][com.java.SeleniumDriver] [  857] - Test case being Executed: 13
[INFO ][2016-01-28 19:19:56,233][com.java.SeleniumDriver] [  869] - Test step:37
[INFO ][2016-01-28 19:19:56,233][com.java.SeleniumDriver] [  881] - Datavalue is----------null
[DEBUG][2016-01-28 19:19:56,233][com.java.SeleniumDriver] [  899] - Exception: null
[INFO ][2016-01-28 19:19:56,233][com.java.SeleniumDriver] [  905] - DataField : BTNrdoEnableEntity_Enable
[INFO ][2016-01-28 19:19:56,233][com.java.SeleniumDriver] [  907] - DataValue : 
[INFO ][2016-01-28 19:19:56,233][com.java.SeleniumDriver] [  913] - <In Set values of the page>
[INFO ][2016-01-28 19:19:56,233][com.java.SeleniumDriver] [  916] - {Data Fields & Data Values Exist}
[INFO ][2016-01-28 19:19:56,233][com.java.SeleniumDriver] [  918] - --------------------------setting values-----------------------------
[INFO ][2016-01-28 19:19:56,233][com.java.SeleniumDriver] [  921] - Action Type : Click
[INFO ][2016-01-28 19:19:56,233][com.java.TestType] [ 6819] - Field ::BTNrdoEnableEntity_Enable
[INFO ][2016-01-28 19:19:56,233][com.java.TestType] [ 6440] - value = 
[INFO ][2016-01-28 19:19:57,233][com.java.TestType] [ 6971] - BEFORE CLICK
[INFO ][2016-01-28 19:19:58,434][com.java.TestType] [ 6978] - Unable to click the object Enable radio button
[INFO ][2016-01-28 19:19:58,434][com.java.SeleniumDriver] [  930] -  RESULT true
[INFO ][2016-01-28 19:19:58,434][com.java.SeleniumDriver] [ 1136] - ?   P A S S   ?
[INFO ][2016-01-28 19:19:58,434][com.java.SeleniumDriver] [  856] - ------------------------------------------
[INFO ][2016-01-28 19:19:58,434][com.java.SeleniumDriver] [  857] - Test case being Executed: 13
[INFO ][2016-01-28 19:19:58,434][com.java.SeleniumDriver] [  869] - Test step:38
[INFO ][2016-01-28 19:19:58,434][com.java.SeleniumDriver] [  881] - Datavalue is----------null
[DEBUG][2016-01-28 19:19:58,434][com.java.SeleniumDriver] [  899] - Exception: null
[INFO ][2016-01-28 19:19:58,434][com.java.SeleniumDriver] [  905] - DataField : BTNchkProfitCenterAll
[INFO ][2016-01-28 19:19:58,434][com.java.SeleniumDriver] [  907] - DataValue : 
[INFO ][2016-01-28 19:19:58,434][com.java.SeleniumDriver] [  913] - <In Set values of the page>
[INFO ][2016-01-28 19:19:58,434][com.java.SeleniumDriver] [  916] - {Data Fields & Data Values Exist}
[INFO ][2016-01-28 19:19:58,434][com.java.SeleniumDriver] [  918] - --------------------------setting values-----------------------------
[INFO ][2016-01-28 19:19:58,434][com.java.SeleniumDriver] [  921] - Action Type : Click
[INFO ][2016-01-28 19:19:58,434][com.java.TestType] [ 6819] - Field ::BTNchkProfitCenterAll
[INFO ][2016-01-28 19:19:58,434][com.java.TestType] [ 6440] - value = 
[INFO ][2016-01-28 19:19:59,434][com.java.TestType] [ 6971] - BEFORE CLICK
[INFO ][2016-01-28 19:20:00,635][com.java.TestType] [ 6978] - Unable to click the object All Check box
[INFO ][2016-01-28 19:20:00,635][com.java.SeleniumDriver] [  930] -  RESULT true
[INFO ][2016-01-28 19:20:00,635][com.java.SeleniumDriver] [ 1136] - ?   P A S S   ?
[INFO ][2016-01-28 19:20:00,635][com.java.SeleniumDriver] [  856] - ------------------------------------------
[INFO ][2016-01-28 19:20:00,635][com.java.SeleniumDriver] [  857] - Test case being Executed: 13
[INFO ][2016-01-28 19:20:00,635][com.java.SeleniumDriver] [  869] - Test step:39
[INFO ][2016-01-28 19:20:00,635][com.java.SeleniumDriver] [  881] - Datavalue is----------null
[DEBUG][2016-01-28 19:20:00,635][com.java.SeleniumDriver] [  899] - Exception: null
[INFO ][2016-01-28 19:20:00,635][com.java.SeleniumDriver] [  905] - DataField : BTNchkPrivsAccessGL
[INFO ][2016-01-28 19:20:00,635][com.java.SeleniumDriver] [  907] - DataValue : 
[INFO ][2016-01-28 19:20:00,635][com.java.SeleniumDriver] [  913] - <In Set values of the page>
[INFO ][2016-01-28 19:20:00,635][com.java.SeleniumDriver] [  916] - {Data Fields & Data Values Exist}
[INFO ][2016-01-28 19:20:00,635][com.java.SeleniumDriver] [  918] - --------------------------setting values-----------------------------
[INFO ][2016-01-28 19:20:00,635][com.java.SeleniumDriver] [  921] - Action Type : Click
[INFO ][2016-01-28 19:20:00,635][com.java.TestType] [ 6819] - Field ::BTNchkPrivsAccessGL
[INFO ][2016-01-28 19:20:00,635][com.java.TestType] [ 6440] - value = 
[INFO ][2016-01-28 19:20:01,635][com.java.TestType] [ 6971] - BEFORE CLICK
[INFO ][2016-01-28 19:20:02,836][com.java.TestType] [ 6978] - Unable to click the object GL check box
[INFO ][2016-01-28 19:20:02,836][com.java.SeleniumDriver] [  930] -  RESULT true
[INFO ][2016-01-28 19:20:02,836][com.java.SeleniumDriver] [ 1136] - ?   P A S S   ?
[INFO ][2016-01-28 19:20:02,836][com.java.SeleniumDriver] [  856] - ------------------------------------------
[INFO ][2016-01-28 19:20:02,836][com.java.SeleniumDriver] [  857] - Test case being Executed: 13
[INFO ][2016-01-28 19:20:02,836][com.java.SeleniumDriver] [  869] - Test step:40
[INFO ][2016-01-28 19:20:02,836][com.java.SeleniumDriver] [  881] - Datavalue is----------null
[DEBUG][2016-01-28 19:20:02,836][com.java.SeleniumDriver] [  899] - Exception: null
[INFO ][2016-01-28 19:20:02,836][com.java.SeleniumDriver] [  905] - DataField : BTNparent
[INFO ][2016-01-28 19:20:02,836][com.java.SeleniumDriver] [  907] - DataValue : 
[INFO ][2016-01-28 19:20:02,836][com.java.SeleniumDriver] [  913] - <In Set values of the page>
[INFO ][2016-01-28 19:20:02,836][com.java.SeleniumDriver] [  916] - {Data Fields & Data Values Exist}
[INFO ][2016-01-28 19:20:02,836][com.java.SeleniumDriver] [  918] - --------------------------setting values-----------------------------
[INFO ][2016-01-28 19:20:02,836][com.java.SeleniumDriver] [  921] - Action Type : SelectFrame
[INFO ][2016-01-28 19:20:02,846][com.java.SeleniumDriver] [  930] -  RESULT true
[INFO ][2016-01-28 19:20:02,846][com.java.SeleniumDriver] [ 1136] - ?   P A S S   ?
[INFO ][2016-01-28 19:20:02,846][com.java.SeleniumDriver] [  856] - ------------------------------------------
[INFO ][2016-01-28 19:20:02,846][com.java.SeleniumDriver] [  857] - Test case being Executed: 13
[INFO ][2016-01-28 19:20:02,846][com.java.SeleniumDriver] [  869] - Test step:41
[INFO ][2016-01-28 19:20:02,846][com.java.SeleniumDriver] [  881] - Datavalue is----------5
[INFO ][2016-01-28 19:20:02,846][com.java.SeleniumDriver] [  905] - DataField : test
[INFO ][2016-01-28 19:20:02,846][com.java.SeleniumDriver] [  907] - DataValue : 5
[INFO ][2016-01-28 19:20:02,846][com.java.SeleniumDriver] [  913] - <In Set values of the page>
[INFO ][2016-01-28 19:20:02,846][com.java.SeleniumDriver] [  916] - {Data Fields & Data Values Exist}
[INFO ][2016-01-28 19:20:02,846][com.java.SeleniumDriver] [  918] - --------------------------setting values-----------------------------
[INFO ][2016-01-28 19:20:02,846][com.java.SeleniumDriver] [  921] - Action Type : WaitTime
[DEBUG][2016-01-28 19:20:02,846][com.java.TestType] [ 6254] - sleepTime: 5000
[INFO ][2016-01-28 19:20:07,846][com.java.SeleniumDriver] [  930] -  RESULT true
[INFO ][2016-01-28 19:20:07,846][com.java.SeleniumDriver] [ 1136] - ?   P A S S   ?
[INFO ][2016-01-28 19:20:07,846][com.java.SeleniumDriver] [  856] - ------------------------------------------
[INFO ][2016-01-28 19:20:07,846][com.java.SeleniumDriver] [  857] - Test case being Executed: 13
[INFO ][2016-01-28 19:20:07,846][com.java.SeleniumDriver] [  869] - Test step:42
[INFO ][2016-01-28 19:20:07,846][com.java.SeleniumDriver] [  881] - Datavalue is----------null
[DEBUG][2016-01-28 19:20:07,846][com.java.SeleniumDriver] [  899] - Exception: null
[INFO ][2016-01-28 19:20:07,846][com.java.SeleniumDriver] [  905] - DataField : XPH//span[contains(text(), 'Finished')]
[INFO ][2016-01-28 19:20:07,846][com.java.SeleniumDriver] [  907] - DataValue : 
[INFO ][2016-01-28 19:20:07,846][com.java.SeleniumDriver] [  913] - <In Set values of the page>
[INFO ][2016-01-28 19:20:07,846][com.java.SeleniumDriver] [  916] - {Data Fields & Data Values Exist}
[INFO ][2016-01-28 19:20:07,846][com.java.SeleniumDriver] [  918] - --------------------------setting values-----------------------------
[INFO ][2016-01-28 19:20:07,846][com.java.SeleniumDriver] [  921] - Action Type : Click
[INFO ][2016-01-28 19:20:07,846][com.java.TestType] [ 6819] - Field ::XPH//span[contains(text(), 'Finished')]
[INFO ][2016-01-28 19:20:07,846][com.java.TestType] [ 6440] - value = 
[INFO ][2016-01-28 19:20:08,847][com.java.TestType] [ 6992] - BEFORE CLICK
[INFO ][2016-01-28 19:20:13,000][com.java.TestType] [ 7000] - Unable to click the object Finished button
[INFO ][2016-01-28 19:20:13,000][com.java.SeleniumDriver] [  930] -  RESULT true
[INFO ][2016-01-28 19:20:13,000][com.java.SeleniumDriver] [ 1136] - ?   P A S S   ?
[INFO ][2016-01-28 19:20:13,000][com.java.SeleniumDriver] [  856] - ------------------------------------------
[INFO ][2016-01-28 19:20:13,000][com.java.SeleniumDriver] [  857] - Test case being Executed: 13
[INFO ][2016-01-28 19:20:13,000][com.java.SeleniumDriver] [  869] - Test step:43
[INFO ][2016-01-28 19:20:13,000][com.java.SeleniumDriver] [  881] - Datavalue is----------5
[INFO ][2016-01-28 19:20:13,000][com.java.SeleniumDriver] [  905] - DataField : BTNframeDialogContent
[INFO ][2016-01-28 19:20:13,000][com.java.SeleniumDriver] [  907] - DataValue : 5
[INFO ][2016-01-28 19:20:13,000][com.java.SeleniumDriver] [  913] - <In Set values of the page>
[INFO ][2016-01-28 19:20:13,000][com.java.SeleniumDriver] [  916] - {Data Fields & Data Values Exist}
[INFO ][2016-01-28 19:20:13,000][com.java.SeleniumDriver] [  918] - --------------------------setting values-----------------------------
[INFO ][2016-01-28 19:20:13,000][com.java.SeleniumDriver] [  921] - Action Type : WaitForElement
[INFO ][2016-01-28 19:20:14,271][com.java.SeleniumDriver] [  930] -  RESULT true
[INFO ][2016-01-28 19:20:14,271][com.java.SeleniumDriver] [ 1136] - ?   P A S S   ?
[INFO ][2016-01-28 19:20:14,271][com.java.SeleniumDriver] [  856] - ------------------------------------------
[INFO ][2016-01-28 19:20:14,271][com.java.SeleniumDriver] [  857] - Test case being Executed: 13
[INFO ][2016-01-28 19:20:14,271][com.java.SeleniumDriver] [  869] - Test step:44
[INFO ][2016-01-28 19:20:14,271][com.java.SeleniumDriver] [  881] - Datavalue is----------null
[DEBUG][2016-01-28 19:20:14,271][com.java.SeleniumDriver] [  899] - Exception: null
[INFO ][2016-01-28 19:20:14,271][com.java.SeleniumDriver] [  905] - DataField : BTNframeDialogContent
[INFO ][2016-01-28 19:20:14,271][com.java.SeleniumDriver] [  907] - DataValue : 
[INFO ][2016-01-28 19:20:14,271][com.java.SeleniumDriver] [  913] - <In Set values of the page>
[INFO ][2016-01-28 19:20:14,271][com.java.SeleniumDriver] [  916] - {Data Fields & Data Values Exist}
[INFO ][2016-01-28 19:20:14,271][com.java.SeleniumDriver] [  918] - --------------------------setting values-----------------------------
[INFO ][2016-01-28 19:20:14,271][com.java.SeleniumDriver] [  921] - Action Type : SelectFrame
[INFO ][2016-01-28 19:20:15,593][com.java.SeleniumDriver] [  930] -  RESULT true
[INFO ][2016-01-28 19:20:15,593][com.java.SeleniumDriver] [ 1136] - ?   P A S S   ?
[INFO ][2016-01-28 19:20:15,593][com.java.SeleniumDriver] [  856] - ------------------------------------------
[INFO ][2016-01-28 19:20:15,593][com.java.SeleniumDriver] [  857] - Test case being Executed: 13
[INFO ][2016-01-28 19:20:15,593][com.java.SeleniumDriver] [  869] - Test step:45
[INFO ][2016-01-28 19:20:15,593][com.java.SeleniumDriver] [  881] - Datavalue is----------null
[DEBUG][2016-01-28 19:20:15,593][com.java.SeleniumDriver] [  899] - Exception: null
[INFO ][2016-01-28 19:20:15,593][com.java.SeleniumDriver] [  905] - DataField : XPH//table[@id="tblUserListing"]//td[contains(text(),'vltest.robot')]
[INFO ][2016-01-28 19:20:15,593][com.java.SeleniumDriver] [  907] - DataValue : 
[INFO ][2016-01-28 19:20:15,593][com.java.SeleniumDriver] [  913] - <In Set values of the page>
[INFO ][2016-01-28 19:20:15,593][com.java.SeleniumDriver] [  916] - {Data Fields & Data Values Exist}
[INFO ][2016-01-28 19:20:15,593][com.java.SeleniumDriver] [  918] - --------------------------setting values-----------------------------
[INFO ][2016-01-28 19:20:15,593][com.java.SeleniumDriver] [  921] - Action Type : WaitForElement
[INFO ][2016-01-28 19:20:15,623][com.java.SeleniumDriver] [  930] -  RESULT true
[INFO ][2016-01-28 19:20:15,623][com.java.SeleniumDriver] [ 1136] - ?   P A S S   ?
[INFO ][2016-01-28 19:20:15,623][com.java.SeleniumDriver] [  856] - ------------------------------------------
[INFO ][2016-01-28 19:20:15,623][com.java.SeleniumDriver] [  857] - Test case being Executed: 13
[INFO ][2016-01-28 19:20:15,623][com.java.SeleniumDriver] [  869] - Test step:46
[INFO ][2016-01-28 19:20:15,623][com.java.SeleniumDriver] [  881] - Datavalue is----------HMVGivenNewUserName
[INFO ][2016-01-28 19:20:15,623][com.java.SeleniumDriver] [  905] - DataField : USR
[INFO ][2016-01-28 19:20:15,623][com.java.SeleniumDriver] [  907] - DataValue : HMVGivenNewUserName
[INFO ][2016-01-28 19:20:15,623][com.java.SeleniumDriver] [  913] - <In Set values of the page>
[INFO ][2016-01-28 19:20:15,623][com.java.SeleniumDriver] [  916] - {Data Fields & Data Values Exist}
[INFO ][2016-01-28 19:20:15,623][com.java.SeleniumDriver] [  918] - --------------------------setting values-----------------------------
[INFO ][2016-01-28 19:20:15,623][com.java.SeleniumDriver] [  921] - Action Type : Verify
[INFO ][2016-01-28 19:20:15,623][com.java.TestType] [ 8040] - field= USR value= HMVGivenNewUserName
[INFO ][2016-01-28 19:20:15,623][com.java.TestType] [ 6440] - value = vltest.robot32947
[INFO ][2016-01-28 19:20:15,663][com.java.SeleniumDriver] [  930] -  RESULT true
[INFO ][2016-01-28 19:20:15,683][com.java.SeleniumDriver] [ 1136] - ?   P A S S   ?
[INFO ][2016-01-28 19:20:15,683][com.java.SeleniumDriver] [  856] - ------------------------------------------
[INFO ][2016-01-28 19:20:15,683][com.java.SeleniumDriver] [  857] - Test case being Executed: 13
[INFO ][2016-01-28 19:20:15,683][com.java.SeleniumDriver] [  869] - Test step:47
[INFO ][2016-01-28 19:20:15,683][com.java.SeleniumDriver] [  881] - Datavalue is----------GivenNewUserName::Login_username
[INFO ][2016-01-28 19:20:15,683][com.java.SeleniumDriver] [  905] - DataField : PVP//table[@id="tblUserListing"]//td[contains(text(),'mytext')]
[INFO ][2016-01-28 19:20:15,683][com.java.SeleniumDriver] [  907] - DataValue : GivenNewUserName::Login_username
[INFO ][2016-01-28 19:20:15,683][com.java.SeleniumDriver] [  913] - <In Set values of the page>
[INFO ][2016-01-28 19:20:15,683][com.java.SeleniumDriver] [  916] - {Data Fields & Data Values Exist}
[INFO ][2016-01-28 19:20:15,683][com.java.SeleniumDriver] [  918] - --------------------------setting values-----------------------------
[INFO ][2016-01-28 19:20:15,683][com.java.SeleniumDriver] [  921] - Action Type : STOREVALUE
[INFO ][2016-01-28 19:20:15,683][com.java.TestType] [ 9465] - field= PVP//table[@id="tblUserListing"]//td[contains(text(),'mytext')]
[DEBUG][2016-01-28 19:20:15,773][com.java.TestType] [ 9754] - Key:: GivenNewUserName::Login_username  Value:: vltest.robot32947.00058
[INFO ][2016-01-28 19:20:15,773][com.java.SeleniumDriver] [  930] -  RESULT true
[INFO ][2016-01-28 19:20:15,773][com.java.SeleniumDriver] [ 1136] - ?   P A S S   ?
[INFO ][2016-01-28 19:20:15,773][com.java.SeleniumDriver] [  856] - ------------------------------------------
[INFO ][2016-01-28 19:20:15,773][com.java.SeleniumDriver] [  857] - Test case being Executed: 13
[INFO ][2016-01-28 19:20:15,773][com.java.SeleniumDriver] [  869] - Test step:48
[INFO ][2016-01-28 19:20:15,773][com.java.SeleniumDriver] [  881] - Datavalue is----------null
[DEBUG][2016-01-28 19:20:15,773][com.java.SeleniumDriver] [  899] - Exception: null
[INFO ][2016-01-28 19:20:15,773][com.java.SeleniumDriver] [  905] - DataField : BTNparent
[INFO ][2016-01-28 19:20:15,773][com.java.SeleniumDriver] [  907] - DataValue : 
[INFO ][2016-01-28 19:20:15,773][com.java.SeleniumDriver] [  913] - <In Set values of the page>
[INFO ][2016-01-28 19:20:15,773][com.java.SeleniumDriver] [  916] - {Data Fields & Data Values Exist}
[INFO ][2016-01-28 19:20:15,773][com.java.SeleniumDriver] [  918] - --------------------------setting values-----------------------------
[INFO ][2016-01-28 19:20:15,773][com.java.SeleniumDriver] [  921] - Action Type : SelectFrame
[INFO ][2016-01-28 19:20:15,783][com.java.SeleniumDriver] [  930] -  RESULT true
[INFO ][2016-01-28 19:20:15,783][com.java.SeleniumDriver] [ 1136] - ?   P A S S   ?
[INFO ][2016-01-28 19:20:15,783][com.java.SeleniumDriver] [  856] - ------------------------------------------
[INFO ][2016-01-28 19:20:15,783][com.java.SeleniumDriver] [  857] - Test case being Executed: 13
[INFO ][2016-01-28 19:20:15,783][com.java.SeleniumDriver] [  869] - Test step:49
[INFO ][2016-01-28 19:20:15,783][com.java.SeleniumDriver] [  881] - Datavalue is----------null
[DEBUG][2016-01-28 19:20:15,783][com.java.SeleniumDriver] [  899] - Exception: null
[INFO ][2016-01-28 19:20:15,783][com.java.SeleniumDriver] [  905] - DataField : XPH//span[contains(text(), 'Finished')]
[INFO ][2016-01-28 19:20:15,783][com.java.SeleniumDriver] [  907] - DataValue : 
[INFO ][2016-01-28 19:20:15,783][com.java.SeleniumDriver] [  913] - <In Set values of the page>
[INFO ][2016-01-28 19:20:15,783][com.java.SeleniumDriver] [  916] - {Data Fields & Data Values Exist}
[INFO ][2016-01-28 19:20:15,783][com.java.SeleniumDriver] [  918] - --------------------------setting values-----------------------------
[INFO ][2016-01-28 19:20:15,783][com.java.SeleniumDriver] [  921] - Action Type : Click
[INFO ][2016-01-28 19:20:15,783][com.java.TestType] [ 6819] - Field ::XPH//span[contains(text(), 'Finished')]
[INFO ][2016-01-28 19:20:15,783][com.java.TestType] [ 6440] - value = 
[INFO ][2016-01-28 19:20:16,783][com.java.TestType] [ 6992] - BEFORE CLICK
[INFO ][2016-01-28 19:20:17,943][com.java.TestType] [ 7000] - Unable to click the object Finished button
[INFO ][2016-01-28 19:20:17,943][com.java.SeleniumDriver] [  930] -  RESULT true
[INFO ][2016-01-28 19:20:17,943][com.java.SeleniumDriver] [ 1136] - ?   P A S S   ?
[INFO ][2016-01-28 19:20:17,943][com.java.SeleniumDriver] [  856] - ------------------------------------------
[INFO ][2016-01-28 19:20:17,943][com.java.SeleniumDriver] [  857] - Test case being Executed: 13
[INFO ][2016-01-28 19:20:17,943][com.java.SeleniumDriver] [  869] - Test step:50
[INFO ][2016-01-28 19:20:17,943][com.java.SeleniumDriver] [  881] - Datavalue is----------3
[INFO ][2016-01-28 19:20:17,943][com.java.SeleniumDriver] [  905] - DataField : XPH//div[contains(text(), 'My Dashboard')]
[INFO ][2016-01-28 19:20:17,943][com.java.SeleniumDriver] [  907] - DataValue : 3
[INFO ][2016-01-28 19:20:17,943][com.java.SeleniumDriver] [  913] - <In Set values of the page>
[INFO ][2016-01-28 19:20:17,943][com.java.SeleniumDriver] [  916] - {Data Fields & Data Values Exist}
[INFO ][2016-01-28 19:20:17,943][com.java.SeleniumDriver] [  918] - --------------------------setting values-----------------------------
[INFO ][2016-01-28 19:20:17,943][com.java.SeleniumDriver] [  921] - Action Type : WAITFORELEMENT
[INFO ][2016-01-28 19:20:17,984][com.java.SeleniumDriver] [  930] -  RESULT true
[INFO ][2016-01-28 19:20:17,984][com.java.SeleniumDriver] [ 1136] - ?   P A S S   ?
[INFO ][2016-01-28 19:20:17,984][com.java.SeleniumDriver] [  856] - ------------------------------------------
[INFO ][2016-01-28 19:20:17,984][com.java.SeleniumDriver] [  857] - Test case being Executed: 13
[INFO ][2016-01-28 19:20:17,984][com.java.SeleniumDriver] [  869] - Test step:51
[INFO ][2016-01-28 19:20:17,984][com.java.SeleniumDriver] [  881] - Datavalue is----------Concept#3:1-2
[INFO ][2016-01-28 19:20:17,984][com.java.SeleniumDriver] [  905] - DataField : test
[INFO ][2016-01-28 19:20:17,984][com.java.SeleniumDriver] [  907] - DataValue : Concept#3:1-2
[INFO ][2016-01-28 19:20:17,984][com.java.SeleniumDriver] [  913] - <In Set values of the page>
[INFO ][2016-01-28 19:20:17,984][com.java.SeleniumDriver] [  916] - {Data Fields & Data Values Exist}
[INFO ][2016-01-28 19:20:17,984][com.java.SeleniumDriver] [  918] - --------------------------setting values-----------------------------
[INFO ][2016-01-28 19:20:17,984][com.java.SeleniumDriver] [  921] - Action Type : ExecuteTestCase
[INFO ][2016-01-28 19:20:17,984][com.java.TestType] [  442] - The Concept sheet name is ---------- Concept
[INFO ][2016-01-28 19:20:17,984][com.java.TestType] [  445] - The Concept ID  is ---------- 3
[DEBUG][2016-01-28 19:20:17,984][com.java.TestType] [  449] - Steps being executted in the Concept are: 1:2
[INFO ][2016-01-28 19:20:17,984][com.java.TestType] [  456] - Test data details path ---------- D:\BankersDashboard\TestInputs\TestData.xls
[INFO ][2016-01-28 19:20:18,014][com.java.TestType] [  487] -  str(1) = 3
[INFO ][2016-01-28 19:20:18,014][com.java.TestType] [  490] - Test case Id is---3
[INFO ][2016-01-28 19:20:18,014][com.java.TestType] [  492] - 3
[INFO ][2016-01-28 19:20:18,014][com.java.TestType] [  487] -  str(2) = 1
[INFO ][2016-01-28 19:20:18,014][com.java.TestType] [  487] -  str(1) = 3
[INFO ][2016-01-28 19:20:18,014][com.java.TestType] [  490] - Test case Id is---3
[INFO ][2016-01-28 19:20:18,014][com.java.TestType] [  492] - 3
[INFO ][2016-01-28 19:20:18,014][com.java.TestType] [  487] -  str(2) = 2
[INFO ][2016-01-28 19:20:18,014][com.java.TestType] [11700] - Looping 1TCID = 3
[DEBUG][2016-01-28 19:20:18,014][com.java.TestType] [11741] - Concept ID:3 :: Step being Executed: 3::1
[INFO ][2016-01-28 19:20:18,014][com.java.TestType] [11779] - dataFields : test
[DEBUG][2016-01-28 19:20:18,014][com.java.TestType] [11785] - <In Set values of the page>
[DEBUG][2016-01-28 19:20:18,014][com.java.TestType] [11790] - {Data Fields & Data Values Exist}
[INFO ][2016-01-28 19:20:18,014][com.java.TestType] [11796] - --------------------------setting values-----------------------------
[INFO ][2016-01-28 19:20:18,014][com.java.TestType] [11799] - Action Type : Logout
[INFO ][2016-01-28 19:20:20,409][com.java.TestType] [ 6819] - Field ::CNF
[INFO ][2016-01-28 19:20:20,409][com.java.TestType] [ 6440] - value = OK
[INFO ][2016-01-28 19:20:22,720][com.java.TestType] [ 6988] - Click the object confirmation
[INFO ][2016-01-28 19:20:22,720][com.java.TestType] [ 6989] - Unable to click the object confirmation
[DEBUG][2016-01-28 19:20:23,930][com.java.SeleniumDriver] [  426] - Hub ip address is-------172.17.68.34
[INFO ][2016-01-28 19:20:23,930][com.java.SeleniumDriver] [  452] - Grid URL:http://172.17.68.34:4444/wd/hub
[INFO ][2016-01-28 19:20:23,930][com.java.SeleniumDriver] [  453] - Capability:Capabilities [{platform=ANY, ensureCleanSession=true, ignoreProtectedModeSettings=true, acceptSslCerts=true, ignoreZoomSetting=true, browserName=internet explorer, browserstack.ie.noFlash=true, version=null}]
[ERROR][2016-01-28 19:20:24,941][com.java.SeleniumDriver] [  498] - Unable invoke browser in grid:Could not start a new session. Possible causes are invalid address of the remote server or browser start-up failure.
Build info: version: '2.48.2', revision: '41bccdd', time: '2015-10-09 19:59:12'
System info: host: 'FVTIII438F1D', ip: '172.17.68.34', os.name: 'Windows 7', os.arch: 'x86', os.version: '6.1', java.version: '1.7.0_55'
Driver info: driver.version: SeleniumDriver
[INFO ][2016-01-28 19:20:24,941][com.java.SeleniumDriver] [  500] - Executing on local machine
[INFO ][2016-01-28 19:20:45,318][com.java.TestType] [11818] -  RESULT true
[INFO ][2016-01-28 19:20:45,318][com.java.TestType] [11935] - ?   P A S S   ?
[DEBUG][2016-01-28 19:20:45,318][com.java.TestType] [11741] - Concept ID:3 :: Step being Executed: 3::2
[INFO ][2016-01-28 19:20:45,318][com.java.TestType] [11779] - dataFields : test
[DEBUG][2016-01-28 19:20:45,318][com.java.TestType] [11785] - <In Set values of the page>
[DEBUG][2016-01-28 19:20:45,318][com.java.TestType] [11790] - {Data Fields & Data Values Exist}
[INFO ][2016-01-28 19:20:45,318][com.java.TestType] [11796] - --------------------------setting values-----------------------------
[INFO ][2016-01-28 19:20:45,318][com.java.TestType] [11799] - Action Type : WaitTime
[DEBUG][2016-01-28 19:20:45,318][com.java.TestType] [ 6254] - sleepTime: 2000
[INFO ][2016-01-28 19:20:47,319][com.java.TestType] [11818] -  RESULT true
[INFO ][2016-01-28 19:20:47,319][com.java.TestType] [11935] - ?   P A S S   ?
[INFO ][2016-01-28 19:20:47,319][com.java.TestType] [12006] - Looping End......
[INFO ][2016-01-28 19:20:47,319][com.java.SeleniumDriver] [  930] -  RESULT true
[INFO ][2016-01-28 19:20:47,319][com.java.SeleniumDriver] [ 1136] - ?   P A S S   ?
[INFO ][2016-01-28 19:20:47,319][com.java.SeleniumDriver] [  856] - ------------------------------------------
[INFO ][2016-01-28 19:20:47,319][com.java.SeleniumDriver] [  857] - Test case being Executed: 13
[INFO ][2016-01-28 19:20:47,319][com.java.SeleniumDriver] [  869] - Test step:52
[INFO ][2016-01-28 19:20:47,319][com.java.SeleniumDriver] [  881] - Datavalue is----------dt:HTTPSURL
[INFO ][2016-01-28 19:20:47,319][com.java.SeleniumDriver] [  905] - DataField : test
[INFO ][2016-01-28 19:20:47,319][com.java.SeleniumDriver] [  907] - DataValue : dt:HTTPSURL
[INFO ][2016-01-28 19:20:47,319][com.java.SeleniumDriver] [  913] - <In Set values of the page>
[INFO ][2016-01-28 19:20:47,319][com.java.SeleniumDriver] [  916] - {Data Fields & Data Values Exist}
[INFO ][2016-01-28 19:20:47,319][com.java.SeleniumDriver] [  918] - --------------------------setting values-----------------------------
[INFO ][2016-01-28 19:20:47,319][com.java.SeleniumDriver] [  921] - Action Type : OpenURL
[INFO ][2016-01-28 19:20:47,319][com.java.TestType] [ 6440] - value = https://clients-xuat.bankersdashboard.com
[INFO ][2016-01-28 19:20:47,319][com.java.TestType] [  358] - Open URL : https://clients-xuat.bankersdashboard.com
[INFO ][2016-01-28 19:20:48,140][com.java.SeleniumDriver] [  930] -  RESULT true
[INFO ][2016-01-28 19:20:48,140][com.java.SeleniumDriver] [ 1136] - ?   P A S S   ?
[INFO ][2016-01-28 19:20:48,140][com.java.SeleniumDriver] [  856] - ------------------------------------------
[INFO ][2016-01-28 19:20:48,140][com.java.SeleniumDriver] [  857] - Test case being Executed: 13
[INFO ][2016-01-28 19:20:48,140][com.java.SeleniumDriver] [  869] - Test step:53
[INFO ][2016-01-28 19:20:48,140][com.java.SeleniumDriver] [  881] - Datavalue is----------HMVLogin_username
[INFO ][2016-01-28 19:20:48,140][com.java.SeleniumDriver] [  905] - DataField : TXTusername
[INFO ][2016-01-28 19:20:48,140][com.java.SeleniumDriver] [  907] - DataValue : HMVLogin_username
[INFO ][2016-01-28 19:20:48,140][com.java.SeleniumDriver] [  913] - <In Set values of the page>
[INFO ][2016-01-28 19:20:48,140][com.java.SeleniumDriver] [  916] - {Data Fields & Data Values Exist}
[INFO ][2016-01-28 19:20:48,140][com.java.SeleniumDriver] [  918] - --------------------------setting values-----------------------------
[INFO ][2016-01-28 19:20:48,140][com.java.SeleniumDriver] [  921] - Action Type : CLEARANDENTER
[INFO ][2016-01-28 19:20:50,391][com.java.TestType] [ 6440] - value = vltest.robot32947.00058
[INFO ][2016-01-28 19:20:52,839][com.java.SeleniumDriver] [  930] -  RESULT true
[INFO ][2016-01-28 19:20:52,839][com.java.SeleniumDriver] [ 1136] - ?   P A S S   ?
[INFO ][2016-01-28 19:20:52,839][com.java.SeleniumDriver] [  856] - ------------------------------------------
[INFO ][2016-01-28 19:20:52,839][com.java.SeleniumDriver] [  857] - Test case being Executed: 13
[INFO ][2016-01-28 19:20:52,839][com.java.SeleniumDriver] [  869] - Test step:54
[INFO ][2016-01-28 19:20:52,839][com.java.SeleniumDriver] [  881] - Datavalue is----------dt:NewUserPswd
[INFO ][2016-01-28 19:20:52,839][com.java.SeleniumDriver] [  905] - DataField : TXTpassword
[INFO ][2016-01-28 19:20:52,839][com.java.SeleniumDriver] [  907] - DataValue : dt:NewUserPswd
[INFO ][2016-01-28 19:20:52,839][com.java.SeleniumDriver] [  913] - <In Set values of the page>
[INFO ][2016-01-28 19:20:52,839][com.java.SeleniumDriver] [  916] - {Data Fields & Data Values Exist}
[INFO ][2016-01-28 19:20:52,839][com.java.SeleniumDriver] [  918] - --------------------------setting values-----------------------------
[INFO ][2016-01-28 19:20:52,839][com.java.SeleniumDriver] [  921] - Action Type : CLEARANDENTER
[INFO ][2016-01-28 19:20:55,080][com.java.TestType] [ 6440] - value = Password1*
[INFO ][2016-01-28 19:20:57,629][com.java.SeleniumDriver] [  930] -  RESULT true
[INFO ][2016-01-28 19:20:57,629][com.java.SeleniumDriver] [ 1136] - ?   P A S S   ?
[INFO ][2016-01-28 19:20:57,629][com.java.SeleniumDriver] [  856] - ------------------------------------------
[INFO ][2016-01-28 19:20:57,629][com.java.SeleniumDriver] [  857] - Test case being Executed: 13
[INFO ][2016-01-28 19:20:57,629][com.java.SeleniumDriver] [  869] - Test step:55
[INFO ][2016-01-28 19:20:57,629][com.java.SeleniumDriver] [  881] - Datavalue is----------null
[DEBUG][2016-01-28 19:20:57,629][com.java.SeleniumDriver] [  899] - Exception: null
[INFO ][2016-01-28 19:20:57,629][com.java.SeleniumDriver] [  905] - DataField : XPH//button[@type='submit']
[INFO ][2016-01-28 19:20:57,629][com.java.SeleniumDriver] [  907] - DataValue : 
[INFO ][2016-01-28 19:20:57,629][com.java.SeleniumDriver] [  913] - <In Set values of the page>
[INFO ][2016-01-28 19:20:57,629][com.java.SeleniumDriver] [  916] - {Data Fields & Data Values Exist}
[INFO ][2016-01-28 19:20:57,629][com.java.SeleniumDriver] [  918] - --------------------------setting values-----------------------------
[INFO ][2016-01-28 19:20:57,629][com.java.SeleniumDriver] [  921] - Action Type : Click
[INFO ][2016-01-28 19:20:57,629][com.java.TestType] [ 6819] - Field ::XPH//button[@type='submit']
[INFO ][2016-01-28 19:20:57,629][com.java.TestType] [ 6440] - value = 
[INFO ][2016-01-28 19:20:58,629][com.java.TestType] [ 6992] - BEFORE CLICK
[INFO ][2016-01-28 19:20:59,439][com.java.TestType] [ 7000] - Unable to click the object Login
[INFO ][2016-01-28 19:20:59,439][com.java.SeleniumDriver] [  930] -  RESULT true
[INFO ][2016-01-28 19:20:59,439][com.java.SeleniumDriver] [ 1136] - ?   P A S S   ?
[INFO ][2016-01-28 19:20:59,439][com.java.SeleniumDriver] [  856] - ------------------------------------------
[INFO ][2016-01-28 19:20:59,439][com.java.SeleniumDriver] [  857] - Test case being Executed: 13
[INFO ][2016-01-28 19:20:59,439][com.java.SeleniumDriver] [  869] - Test step:56
[INFO ][2016-01-28 19:20:59,439][com.java.SeleniumDriver] [  881] - Datavalue is----------Concept#1:4-16
[INFO ][2016-01-28 19:20:59,439][com.java.SeleniumDriver] [  905] - DataField : test
[INFO ][2016-01-28 19:20:59,439][com.java.SeleniumDriver] [  907] - DataValue : Concept#1:4-16
[INFO ][2016-01-28 19:20:59,439][com.java.SeleniumDriver] [  913] - <In Set values of the page>
[INFO ][2016-01-28 19:20:59,439][com.java.SeleniumDriver] [  916] - {Data Fields & Data Values Exist}
[INFO ][2016-01-28 19:20:59,439][com.java.SeleniumDriver] [  918] - --------------------------setting values-----------------------------
[INFO ][2016-01-28 19:20:59,439][com.java.SeleniumDriver] [  921] - Action Type : ExecuteTestCase
[INFO ][2016-01-28 19:20:59,439][com.java.TestType] [  442] - The Concept sheet name is ---------- Concept
[INFO ][2016-01-28 19:20:59,439][com.java.TestType] [  445] - The Concept ID  is ---------- 1
[DEBUG][2016-01-28 19:20:59,439][com.java.TestType] [  449] - Steps being executted in the Concept are: 4:16
[INFO ][2016-01-28 19:20:59,439][com.java.TestType] [  456] - Test data details path ---------- D:\BankersDashboard\TestInputs\TestData.xls
[INFO ][2016-01-28 19:20:59,470][com.java.TestType] [  487] -  str(1) = 1
[INFO ][2016-01-28 19:20:59,470][com.java.TestType] [  490] - Test case Id is---1
[INFO ][2016-01-28 19:20:59,470][com.java.TestType] [  492] - 1
[INFO ][2016-01-28 19:20:59,470][com.java.TestType] [  487] -  str(2) = 1
[INFO ][2016-01-28 19:20:59,470][com.java.TestType] [  487] -  str(1) = 1
[INFO ][2016-01-28 19:20:59,470][com.java.TestType] [  490] - Test case Id is---1
[INFO ][2016-01-28 19:20:59,470][com.java.TestType] [  492] - 1
[INFO ][2016-01-28 19:20:59,470][com.java.TestType] [  487] -  str(2) = 2
[INFO ][2016-01-28 19:20:59,470][com.java.TestType] [  487] -  str(1) = 1
[INFO ][2016-01-28 19:20:59,470][com.java.TestType] [  490] - Test case Id is---1
[INFO ][2016-01-28 19:20:59,470][com.java.TestType] [  492] - 1
[INFO ][2016-01-28 19:20:59,470][com.java.TestType] [  487] -  str(2) = 3
[INFO ][2016-01-28 19:20:59,470][com.java.TestType] [  487] -  str(1) = 1
[INFO ][2016-01-28 19:20:59,470][com.java.TestType] [  490] - Test case Id is---1
[INFO ][2016-01-28 19:20:59,470][com.java.TestType] [  492] - 1
[INFO ][2016-01-28 19:20:59,470][com.java.TestType] [  487] -  str(2) = 4
[INFO ][2016-01-28 19:20:59,470][com.java.TestType] [  487] -  str(1) = 1
[INFO ][2016-01-28 19:20:59,470][com.java.TestType] [  490] - Test case Id is---1
[INFO ][2016-01-28 19:20:59,470][com.java.TestType] [  492] - 1
[INFO ][2016-01-28 19:20:59,470][com.java.TestType] [  487] -  str(2) = 5
[INFO ][2016-01-28 19:20:59,470][com.java.TestType] [  487] -  str(1) = 1
[INFO ][2016-01-28 19:20:59,470][com.java.TestType] [  490] - Test case Id is---1
[INFO ][2016-01-28 19:20:59,470][com.java.TestType] [  492] - 1
[INFO ][2016-01-28 19:20:59,470][com.java.TestType] [  487] -  str(2) = 6
[INFO ][2016-01-28 19:20:59,470][com.java.TestType] [  487] -  str(1) = 1
[INFO ][2016-01-28 19:20:59,470][com.java.TestType] [  490] - Test case Id is---1
[INFO ][2016-01-28 19:20:59,470][com.java.TestType] [  492] - 1
[INFO ][2016-01-28 19:20:59,470][com.java.TestType] [  487] -  str(2) = 7
[INFO ][2016-01-28 19:20:59,470][com.java.TestType] [  487] -  str(1) = 1
[INFO ][2016-01-28 19:20:59,470][com.java.TestType] [  490] - Test case Id is---1
[INFO ][2016-01-28 19:20:59,470][com.java.TestType] [  492] - 1
[INFO ][2016-01-28 19:20:59,470][com.java.TestType] [  487] -  str(2) = 8
[INFO ][2016-01-28 19:20:59,480][com.java.TestType] [  487] -  str(1) = 1
[INFO ][2016-01-28 19:20:59,480][com.java.TestType] [  490] - Test case Id is---1
[INFO ][2016-01-28 19:20:59,480][com.java.TestType] [  492] - 1
[INFO ][2016-01-28 19:20:59,480][com.java.TestType] [  487] -  str(2) = 9
[INFO ][2016-01-28 19:20:59,480][com.java.TestType] [  487] -  str(1) = 1
[INFO ][2016-01-28 19:20:59,480][com.java.TestType] [  490] - Test case Id is---1
[INFO ][2016-01-28 19:20:59,480][com.java.TestType] [  492] - 1
[INFO ][2016-01-28 19:20:59,480][com.java.TestType] [  487] -  str(2) = 10
[INFO ][2016-01-28 19:20:59,480][com.java.TestType] [  487] -  str(1) = 1
[INFO ][2016-01-28 19:20:59,480][com.java.TestType] [  490] - Test case Id is---1
[INFO ][2016-01-28 19:20:59,480][com.java.TestType] [  492] - 1
[INFO ][2016-01-28 19:20:59,480][com.java.TestType] [  487] -  str(2) = 11
[INFO ][2016-01-28 19:20:59,480][com.java.TestType] [  487] -  str(1) = 1
[INFO ][2016-01-28 19:20:59,480][com.java.TestType] [  490] - Test case Id is---1
[INFO ][2016-01-28 19:20:59,480][com.java.TestType] [  492] - 1
[INFO ][2016-01-28 19:20:59,480][com.java.TestType] [  487] -  str(2) = 12
[INFO ][2016-01-28 19:20:59,480][com.java.TestType] [  487] -  str(1) = 1
[INFO ][2016-01-28 19:20:59,480][com.java.TestType] [  490] - Test case Id is---1
[INFO ][2016-01-28 19:20:59,480][com.java.TestType] [  492] - 1
[INFO ][2016-01-28 19:20:59,480][com.java.TestType] [  487] -  str(2) = 13
[INFO ][2016-01-28 19:20:59,480][com.java.TestType] [  487] -  str(1) = 1
[INFO ][2016-01-28 19:20:59,480][com.java.TestType] [  490] - Test case Id is---1
[INFO ][2016-01-28 19:20:59,480][com.java.TestType] [  492] - 1
[INFO ][2016-01-28 19:20:59,480][com.java.TestType] [  487] -  str(2) = 14
[INFO ][2016-01-28 19:20:59,480][com.java.TestType] [  487] -  str(1) = 1
[INFO ][2016-01-28 19:20:59,480][com.java.TestType] [  490] - Test case Id is---1
[INFO ][2016-01-28 19:20:59,480][com.java.TestType] [  492] - 1
[INFO ][2016-01-28 19:20:59,480][com.java.TestType] [  487] -  str(2) = 15
[INFO ][2016-01-28 19:20:59,480][com.java.TestType] [  487] -  str(1) = 1
[INFO ][2016-01-28 19:20:59,480][com.java.TestType] [  490] - Test case Id is---1
[INFO ][2016-01-28 19:20:59,480][com.java.TestType] [  492] - 1
[INFO ][2016-01-28 19:20:59,480][com.java.TestType] [  487] -  str(2) = 16
[INFO ][2016-01-28 19:20:59,480][com.java.TestType] [11700] - Looping 1TCID = 1
[DEBUG][2016-01-28 19:20:59,480][com.java.TestType] [11741] - Concept ID:1 :: Step being Executed: 1::4
[INFO ][2016-01-28 19:20:59,480][com.java.TestType] [11779] - dataFields : LNKLogout
[DEBUG][2016-01-28 19:20:59,480][com.java.TestType] [11785] - <In Set values of the page>
[DEBUG][2016-01-28 19:20:59,480][com.java.TestType] [11790] - {Data Fields & Data Values Exist}
[INFO ][2016-01-28 19:20:59,480][com.java.TestType] [11796] - --------------------------setting values-----------------------------
[INFO ][2016-01-28 19:20:59,480][com.java.TestType] [11799] - Action Type : WaitForElement
[DEBUG][2016-01-28 19:22:32,890][com.java.TestType] [ 7724] - link=Logout   :: Link not Found
[INFO ][2016-01-28 19:22:32,890][com.java.TestType] [11818] -  RESULT false
[INFO ][2016-01-28 19:22:32,890][com.java.TestType] [11856] - ?   F A I L   ?
[DEBUG][2016-01-28 19:22:32,890][com.java.TestType] [11859] - Browser Type : IE10
[DEBUG][2016-01-28 19:22:32,890][com.java.TestType] [11741] - Concept ID:1 :: Step being Executed: 1::5
[INFO ][2016-01-28 19:22:32,890][com.java.TestType] [11779] - dataFields : TTL
[DEBUG][2016-01-28 19:22:32,890][com.java.TestType] [11785] - <In Set values of the page>
[DEBUG][2016-01-28 19:22:32,890][com.java.TestType] [11790] - {Data Fields & Data Values Exist}
[INFO ][2016-01-28 19:22:32,890][com.java.TestType] [11796] - --------------------------setting values-----------------------------
[INFO ][2016-01-28 19:22:32,890][com.java.TestType] [11799] - Action Type : CLOSEWINDOW
[INFO ][2016-01-28 19:22:33,201][com.java.TestType] [11818] -  RESULT true
[INFO ][2016-01-28 19:22:33,201][com.java.TestType] [11935] - ?   P A S S   ?
[DEBUG][2016-01-28 19:22:33,201][com.java.TestType] [11741] - Concept ID:1 :: Step being Executed: 1::6
[INFO ][2016-01-28 19:22:33,201][com.java.TestType] [11779] - dataFields : LNKLogout
[DEBUG][2016-01-28 19:22:33,201][com.java.TestType] [11785] - <In Set values of the page>
[DEBUG][2016-01-28 19:22:33,201][com.java.TestType] [11790] - {Data Fields & Data Values Exist}
[INFO ][2016-01-28 19:22:33,201][com.java.TestType] [11796] - --------------------------setting values-----------------------------
[INFO ][2016-01-28 19:22:33,201][com.java.TestType] [11799] - Action Type : WaitTime
[DEBUG][2016-01-28 19:22:33,201][com.java.TestType] [ 6254] - sleepTime: 3000
[INFO ][2016-01-28 19:22:36,201][com.java.TestType] [11818] -  RESULT true
[INFO ][2016-01-28 19:22:36,201][com.java.TestType] [11935] - ?   P A S S   ?
[DEBUG][2016-01-28 19:22:36,201][com.java.TestType] [11741] - Concept ID:1 :: Step being Executed: 1::7
[INFO ][2016-01-28 19:22:36,201][com.java.TestType] [11779] - dataFields : TTL
[DEBUG][2016-01-28 19:22:36,201][com.java.TestType] [11785] - <In Set values of the page>
[DEBUG][2016-01-28 19:22:36,201][com.java.TestType] [11790] - {Data Fields & Data Values Exist}
[INFO ][2016-01-28 19:22:36,201][com.java.TestType] [11796] - --------------------------setting values-----------------------------
[INFO ][2016-01-28 19:22:36,201][com.java.TestType] [11799] - Action Type : SelectWindow
[INFO ][2016-01-28 19:22:48,623][com.java.TestType] [11818] -  RESULT true
[INFO ][2016-01-28 19:22:48,623][com.java.TestType] [11935] - ?   P A S S   ?
[DEBUG][2016-01-28 19:22:48,623][com.java.TestType] [11741] - Concept ID:1 :: Step being Executed: 1::8
[INFO ][2016-01-28 19:22:48,623][com.java.TestType] [11779] - dataFields : test
[DEBUG][2016-01-28 19:22:48,623][com.java.TestType] [11785] - <In Set values of the page>
[DEBUG][2016-01-28 19:22:48,623][com.java.TestType] [11790] - {Data Fields & Data Values Exist}
[INFO ][2016-01-28 19:22:48,623][com.java.TestType] [11796] - --------------------------setting values-----------------------------
[INFO ][2016-01-28 19:22:48,623][com.java.TestType] [11799] - Action Type : WaitTime
[DEBUG][2016-01-28 19:22:48,623][com.java.TestType] [ 6254] - sleepTime: 20000
[INFO ][2016-01-28 19:23:08,624][com.java.TestType] [11818] -  RESULT true
[INFO ][2016-01-28 19:23:08,624][com.java.TestType] [11935] - ?   P A S S   ?
[DEBUG][2016-01-28 19:23:08,624][com.java.TestType] [11741] - Concept ID:1 :: Step being Executed: 1::9
[ERROR][2016-01-28 19:23:08,624][com.java.TestType] [11774] - Exception: null
[INFO ][2016-01-28 19:23:08,624][com.java.TestType] [11779] - dataFields : //span[@class='icon-cog2']&&//a[@data-id="UserSettings"]
[DEBUG][2016-01-28 19:23:08,624][com.java.TestType] [11785] - <In Set values of the page>
[DEBUG][2016-01-28 19:23:08,624][com.java.TestType] [11790] - {Data Fields & Data Values Exist}
[INFO ][2016-01-28 19:23:08,624][com.java.TestType] [11796] - --------------------------setting values-----------------------------
[INFO ][2016-01-28 19:23:08,624][com.java.TestType] [11799] - Action Type : MouseOver
[INFO ][2016-01-28 19:23:52,903][com.java.TestType] [11818] -  RESULT true
[INFO ][2016-01-28 19:23:52,903][com.java.TestType] [11935] - ?   P A S S   ?
[DEBUG][2016-01-28 19:23:52,903][com.java.TestType] [11741] - Concept ID:1 :: Step being Executed: 1::10
[INFO ][2016-01-28 19:23:52,903][com.java.TestType] [11779] - dataFields : BTNframeDialogContent
[DEBUG][2016-01-28 19:23:52,903][com.java.TestType] [11785] - <In Set values of the page>
[DEBUG][2016-01-28 19:23:52,903][com.java.TestType] [11790] - {Data Fields & Data Values Exist}
[INFO ][2016-01-28 19:23:52,903][com.java.TestType] [11796] - --------------------------setting values-----------------------------
[INFO ][2016-01-28 19:23:52,903][com.java.TestType] [11799] - Action Type : WaitForElement
[INFO ][2016-01-28 19:23:54,064][com.java.TestType] [11818] -  RESULT true
[INFO ][2016-01-28 19:23:54,064][com.java.TestType] [11935] - ?   P A S S   ?
[DEBUG][2016-01-28 19:23:54,064][com.java.TestType] [11741] - Concept ID:1 :: Step being Executed: 1::11
[INFO ][2016-01-28 19:23:54,064][com.java.TestType] [11779] - dataFields : BTN
[DEBUG][2016-01-28 19:23:54,064][com.java.TestType] [11785] - <In Set values of the page>
[DEBUG][2016-01-28 19:23:54,064][com.java.TestType] [11790] - {Data Fields & Data Values Exist}
[INFO ][2016-01-28 19:23:54,064][com.java.TestType] [11796] - --------------------------setting values-----------------------------
[INFO ][2016-01-28 19:23:54,064][com.java.TestType] [11799] - Action Type : SELECTFRAMEBYNAME
[INFO ][2016-01-28 19:23:54,064][com.java.TestType] [ 6440] - value = frameDialogContent
[INFO ][2016-01-28 19:23:54,125][com.java.TestType] [11818] -  RESULT true
[INFO ][2016-01-28 19:23:54,125][com.java.TestType] [11935] - ?   P A S S   ?
[DEBUG][2016-01-28 19:23:54,125][com.java.TestType] [11741] - Concept ID:1 :: Step being Executed: 1::12
[INFO ][2016-01-28 19:23:54,125][com.java.TestType] [11779] - dataFields : SLBddlOpenBDInNewWindow
[DEBUG][2016-01-28 19:23:54,125][com.java.TestType] [11785] - <In Set values of the page>
[DEBUG][2016-01-28 19:23:54,125][com.java.TestType] [11790] - {Data Fields & Data Values Exist}
[INFO ][2016-01-28 19:23:54,125][com.java.TestType] [11796] - --------------------------setting values-----------------------------
[INFO ][2016-01-28 19:23:54,125][com.java.TestType] [11799] - Action Type : Select
[INFO ][2016-01-28 19:23:54,125][com.java.TestType] [ 6440] - value = No
[INFO ][2016-01-28 19:23:56,447][com.java.TestType] [11818] -  RESULT true
[INFO ][2016-01-28 19:23:56,447][com.java.TestType] [11935] - ?   P A S S   ?
[DEBUG][2016-01-28 19:23:56,447][com.java.TestType] [11741] - Concept ID:1 :: Step being Executed: 1::13
[ERROR][2016-01-28 19:23:56,447][com.java.TestType] [11774] - Exception: null
[INFO ][2016-01-28 19:23:56,447][com.java.TestType] [11779] - dataFields : BTNparent
[DEBUG][2016-01-28 19:23:56,447][com.java.TestType] [11785] - <In Set values of the page>
[DEBUG][2016-01-28 19:23:56,447][com.java.TestType] [11790] - {Data Fields & Data Values Exist}
[INFO ][2016-01-28 19:23:56,447][com.java.TestType] [11796] - --------------------------setting values-----------------------------
[INFO ][2016-01-28 19:23:56,447][com.java.TestType] [11799] - Action Type : SELECTFRAME
[INFO ][2016-01-28 19:23:56,457][com.java.TestType] [11818] -  RESULT true
[INFO ][2016-01-28 19:23:56,457][com.java.TestType] [11935] - ?   P A S S   ?
[DEBUG][2016-01-28 19:23:56,457][com.java.TestType] [11741] - Concept ID:1 :: Step being Executed: 1::14
[ERROR][2016-01-28 19:23:56,457][com.java.TestType] [11774] - Exception: null
[INFO ][2016-01-28 19:23:56,457][com.java.TestType] [11779] - dataFields : BTN//span[text()='Finished']
[DEBUG][2016-01-28 19:23:56,457][com.java.TestType] [11785] - <In Set values of the page>
[DEBUG][2016-01-28 19:23:56,457][com.java.TestType] [11790] - {Data Fields & Data Values Exist}
[INFO ][2016-01-28 19:23:56,457][com.java.TestType] [11796] - --------------------------setting values-----------------------------
[INFO ][2016-01-28 19:23:56,457][com.java.TestType] [11799] - Action Type : Click
[INFO ][2016-01-28 19:23:56,457][com.java.TestType] [ 6819] - Field ::BTN//span[text()='Finished']
[INFO ][2016-01-28 19:23:56,457][com.java.TestType] [ 6440] - value = 
[INFO ][2016-01-28 19:23:57,457][com.java.TestType] [ 6971] - BEFORE CLICK
[INFO ][2016-01-28 19:23:57,978][com.java.TestType] [ 6978] - Unable to click the object Finished button
[INFO ][2016-01-28 19:23:57,978][com.java.TestType] [11818] -  RESULT true
[INFO ][2016-01-28 19:23:57,978][com.java.TestType] [11935] - ?   P A S S   ?
[DEBUG][2016-01-28 19:23:57,978][com.java.TestType] [11741] - Concept ID:1 :: Step being Executed: 1::15
[INFO ][2016-01-28 19:23:57,978][com.java.TestType] [11779] - dataFields : LNK
[DEBUG][2016-01-28 19:23:57,978][com.java.TestType] [11785] - <In Set values of the page>
[DEBUG][2016-01-28 19:23:57,978][com.java.TestType] [11790] - {Data Fields & Data Values Exist}
[INFO ][2016-01-28 19:23:57,978][com.java.TestType] [11796] - --------------------------setting values-----------------------------
[INFO ][2016-01-28 19:23:57,978][com.java.TestType] [11799] - Action Type : Verify
[INFO ][2016-01-28 19:23:57,978][com.java.TestType] [ 8040] - field= LNK value= Logout
[INFO ][2016-01-28 19:23:57,978][com.java.TestType] [ 6440] - value = Logout
[INFO ][2016-01-28 19:23:58,168][com.java.TestType] [11818] -  RESULT true
[INFO ][2016-01-28 19:23:58,168][com.java.TestType] [11935] - ?   P A S S   ?
[DEBUG][2016-01-28 19:23:58,168][com.java.TestType] [11741] - Concept ID:1 :: Step being Executed: 1::16
[INFO ][2016-01-28 19:23:58,168][com.java.TestType] [11779] - dataFields : BTN
[DEBUG][2016-01-28 19:23:58,168][com.java.TestType] [11785] - <In Set values of the page>
[DEBUG][2016-01-28 19:23:58,168][com.java.TestType] [11790] - {Data Fields & Data Values Exist}
[INFO ][2016-01-28 19:23:58,168][com.java.TestType] [11796] - --------------------------setting values-----------------------------
[INFO ][2016-01-28 19:23:58,168][com.java.TestType] [11799] - Action Type : Verify
[INFO ][2016-01-28 19:23:58,168][com.java.TestType] [ 8040] - field= BTN value= //img[contains(@src,'bdlogo.jpg')]
[INFO ][2016-01-28 19:23:58,168][com.java.TestType] [ 6440] - value = //img[contains(@src,'bdlogo.jpg')]
[INFO ][2016-01-28 19:23:58,809][com.java.TestType] [11818] -  RESULT true
[INFO ][2016-01-28 19:23:58,809][com.java.TestType] [11935] - ?   P A S S   ?
[INFO ][2016-01-28 19:23:58,809][com.java.TestType] [12006] - Looping End......
[INFO ][2016-01-28 19:23:58,809][com.java.SeleniumDriver] [  930] -  RESULT true
[INFO ][2016-01-28 19:23:58,809][com.java.SeleniumDriver] [ 1136] - ?   P A S S   ?
[INFO ][2016-01-28 19:23:58,809][com.java.SeleniumDriver] [  856] - ------------------------------------------
[INFO ][2016-01-28 19:23:58,809][com.java.SeleniumDriver] [  857] - Test case being Executed: 13
[INFO ][2016-01-28 19:23:58,809][com.java.SeleniumDriver] [  869] - Test step:57
[INFO ][2016-01-28 19:23:58,809][com.java.SeleniumDriver] [  881] - Datavalue is----------10
[INFO ][2016-01-28 19:23:58,809][com.java.SeleniumDriver] [  905] - DataField : XPH//div[@class="widgetBody"]//tr[last()]
[INFO ][2016-01-28 19:23:58,809][com.java.SeleniumDriver] [  907] - DataValue : 10
[INFO ][2016-01-28 19:23:58,809][com.java.SeleniumDriver] [  913] - <In Set values of the page>
[INFO ][2016-01-28 19:23:58,809][com.java.SeleniumDriver] [  916] - {Data Fields & Data Values Exist}
[INFO ][2016-01-28 19:23:58,809][com.java.SeleniumDriver] [  918] - --------------------------setting values-----------------------------
[INFO ][2016-01-28 19:23:58,809][com.java.SeleniumDriver] [  921] - Action Type : WAITFORELEMENT
[INFO ][2016-01-28 19:24:05,649][com.java.SeleniumDriver] [  930] -  RESULT true
[INFO ][2016-01-28 19:24:05,649][com.java.SeleniumDriver] [ 1136] - ?   P A S S   ?
[INFO ][2016-01-28 19:24:05,649][com.java.SeleniumDriver] [  856] - ------------------------------------------
[INFO ][2016-01-28 19:24:05,649][com.java.SeleniumDriver] [  857] - Test case being Executed: 13
[INFO ][2016-01-28 19:24:05,649][com.java.SeleniumDriver] [  869] - Test step:58
[INFO ][2016-01-28 19:24:05,649][com.java.SeleniumDriver] [  881] - Datavalue is----------My Dashboard
[INFO ][2016-01-28 19:24:05,649][com.java.SeleniumDriver] [  905] - DataField : XPH//div[contains(text(), 'My Dashboard')]
[INFO ][2016-01-28 19:24:05,649][com.java.SeleniumDriver] [  907] - DataValue : My Dashboard
[INFO ][2016-01-28 19:24:05,649][com.java.SeleniumDriver] [  913] - <In Set values of the page>
[INFO ][2016-01-28 19:24:05,649][com.java.SeleniumDriver] [  916] - {Data Fields & Data Values Exist}
[INFO ][2016-01-28 19:24:05,649][com.java.SeleniumDriver] [  918] - --------------------------setting values-----------------------------
[INFO ][2016-01-28 19:24:05,649][com.java.SeleniumDriver] [  921] - Action Type : VERIFY
[INFO ][2016-01-28 19:24:05,649][com.java.TestType] [ 8040] - field= XPH//div[contains(text(), 'My Dashboard')] value= My Dashboard
[INFO ][2016-01-28 19:24:05,649][com.java.TestType] [ 6440] - value = My Dashboard
[INFO ][2016-01-28 19:24:06,660][com.java.SeleniumDriver] [  930] -  RESULT true
[INFO ][2016-01-28 19:24:06,660][com.java.SeleniumDriver] [ 1136] - ?   P A S S   ?
[INFO ][2016-01-28 19:24:06,660][com.java.SeleniumDriver] [  856] - ------------------------------------------
[INFO ][2016-01-28 19:24:06,660][com.java.SeleniumDriver] [  857] - Test case being Executed: 13
[INFO ][2016-01-28 19:24:06,660][com.java.SeleniumDriver] [  869] - Test step:59
[INFO ][2016-01-28 19:24:06,660][com.java.SeleniumDriver] [  881] - Datavalue is----------null
[DEBUG][2016-01-28 19:24:06,660][com.java.SeleniumDriver] [  899] - Exception: null
[INFO ][2016-01-28 19:24:06,660][com.java.SeleniumDriver] [  905] - DataField : //span[@class='icon-cog2']&&//a[text()='Change Password']
[INFO ][2016-01-28 19:24:06,660][com.java.SeleniumDriver] [  907] - DataValue : 
[INFO ][2016-01-28 19:24:06,660][com.java.SeleniumDriver] [  913] - <In Set values of the page>
[INFO ][2016-01-28 19:24:06,660][com.java.SeleniumDriver] [  916] - {Data Fields & Data Values Exist}
[INFO ][2016-01-28 19:24:06,660][com.java.SeleniumDriver] [  918] - --------------------------setting values-----------------------------
[INFO ][2016-01-28 19:24:06,660][com.java.SeleniumDriver] [  921] - Action Type : MOUSEOVER
[INFO ][2016-01-28 19:24:52,322][com.java.SeleniumDriver] [  930] -  RESULT true
[INFO ][2016-01-28 19:24:52,322][com.java.SeleniumDriver] [ 1136] - ?   P A S S   ?
[INFO ][2016-01-28 19:24:52,322][com.java.SeleniumDriver] [  856] - ------------------------------------------
[INFO ][2016-01-28 19:24:52,322][com.java.SeleniumDriver] [  857] - Test case being Executed: 13
[INFO ][2016-01-28 19:24:52,322][com.java.SeleniumDriver] [  869] - Test step:60
[INFO ][2016-01-28 19:24:52,322][com.java.SeleniumDriver] [  881] - Datavalue is----------5
[INFO ][2016-01-28 19:24:52,322][com.java.SeleniumDriver] [  905] - DataField : XPH//div[@id='divDialogLoading']//img 
[INFO ][2016-01-28 19:24:52,322][com.java.SeleniumDriver] [  907] - DataValue : 5
[INFO ][2016-01-28 19:24:52,322][com.java.SeleniumDriver] [  913] - <In Set values of the page>
[INFO ][2016-01-28 19:24:52,322][com.java.SeleniumDriver] [  916] - {Data Fields & Data Values Exist}
[INFO ][2016-01-28 19:24:52,322][com.java.SeleniumDriver] [  918] - --------------------------setting values-----------------------------
[INFO ][2016-01-28 19:24:52,322][com.java.SeleniumDriver] [  921] - Action Type : WAITFORELEMENT
[INFO ][2016-01-28 19:24:52,353][com.java.SeleniumDriver] [  930] -  RESULT true
[INFO ][2016-01-28 19:24:52,353][com.java.SeleniumDriver] [ 1136] - ?   P A S S   ?
[INFO ][2016-01-28 19:24:52,353][com.java.SeleniumDriver] [  856] - ------------------------------------------
[INFO ][2016-01-28 19:24:52,353][com.java.SeleniumDriver] [  857] - Test case being Executed: 13
[INFO ][2016-01-28 19:24:52,353][com.java.SeleniumDriver] [  869] - Test step:61
[INFO ][2016-01-28 19:24:52,353][com.java.SeleniumDriver] [  881] - Datavalue is----------90
[INFO ][2016-01-28 19:24:52,353][com.java.SeleniumDriver] [  905] - DataField : XPH//div[@id='divDialogLoading']//img 
[INFO ][2016-01-28 19:24:52,353][com.java.SeleniumDriver] [  907] - DataValue : 90
[INFO ][2016-01-28 19:24:52,353][com.java.SeleniumDriver] [  913] - <In Set values of the page>
[INFO ][2016-01-28 19:24:52,353][com.java.SeleniumDriver] [  916] - {Data Fields & Data Values Exist}
[INFO ][2016-01-28 19:24:52,353][com.java.SeleniumDriver] [  918] - --------------------------setting values-----------------------------
[INFO ][2016-01-28 19:24:52,353][com.java.SeleniumDriver] [  921] - Action Type : WAITFORELEMENTNOTPRESENT
[INFO ][2016-01-28 19:24:52,453][com.java.SeleniumDriver] [  930] -  RESULT true
[INFO ][2016-01-28 19:24:52,453][com.java.SeleniumDriver] [ 1136] - ?   P A S S   ?
[INFO ][2016-01-28 19:24:52,453][com.java.SeleniumDriver] [  856] - ------------------------------------------
[INFO ][2016-01-28 19:24:52,453][com.java.SeleniumDriver] [  857] - Test case being Executed: 13
[INFO ][2016-01-28 19:24:52,453][com.java.SeleniumDriver] [  869] - Test step:62
[INFO ][2016-01-28 19:24:52,453][com.java.SeleniumDriver] [  881] - Datavalue is----------Change Password
[INFO ][2016-01-28 19:24:52,453][com.java.SeleniumDriver] [  905] - DataField : XPH//span[contains(text(),'Change Password')]
[INFO ][2016-01-28 19:24:52,453][com.java.SeleniumDriver] [  907] - DataValue : Change Password
[INFO ][2016-01-28 19:24:52,453][com.java.SeleniumDriver] [  913] - <In Set values of the page>
[INFO ][2016-01-28 19:24:52,453][com.java.SeleniumDriver] [  916] - {Data Fields & Data Values Exist}
[INFO ][2016-01-28 19:24:52,453][com.java.SeleniumDriver] [  918] - --------------------------setting values-----------------------------
[INFO ][2016-01-28 19:24:52,453][com.java.SeleniumDriver] [  921] - Action Type : VERIFY
[INFO ][2016-01-28 19:24:52,453][com.java.TestType] [ 8040] - field= XPH//span[contains(text(),'Change Password')] value= Change Password
[INFO ][2016-01-28 19:24:52,453][com.java.TestType] [ 6440] - value = Change Password
[INFO ][2016-01-28 19:24:52,553][com.java.SeleniumDriver] [  930] -  RESULT true
[INFO ][2016-01-28 19:24:52,553][com.java.SeleniumDriver] [ 1136] - ?   P A S S   ?
[INFO ][2016-01-28 19:24:52,553][com.java.SeleniumDriver] [  856] - ------------------------------------------
[INFO ][2016-01-28 19:24:52,553][com.java.SeleniumDriver] [  857] - Test case being Executed: 13
[INFO ][2016-01-28 19:24:52,553][com.java.SeleniumDriver] [  869] - Test step:63
[INFO ][2016-01-28 19:24:52,553][com.java.SeleniumDriver] [  881] - Datavalue is----------null
[DEBUG][2016-01-28 19:24:52,553][com.java.SeleniumDriver] [  899] - Exception: null
[INFO ][2016-01-28 19:24:52,553][com.java.SeleniumDriver] [  905] - DataField : BTNframeDialogContent
[INFO ][2016-01-28 19:24:52,553][com.java.SeleniumDriver] [  907] - DataValue : 
[INFO ][2016-01-28 19:24:52,553][com.java.SeleniumDriver] [  913] - <In Set values of the page>
[INFO ][2016-01-28 19:24:52,553][com.java.SeleniumDriver] [  916] - {Data Fields & Data Values Exist}
[INFO ][2016-01-28 19:24:52,553][com.java.SeleniumDriver] [  918] - --------------------------setting values-----------------------------
[INFO ][2016-01-28 19:24:52,553][com.java.SeleniumDriver] [  921] - Action Type : SELECTFRAME
[INFO ][2016-01-28 19:24:53,764][com.java.SeleniumDriver] [  930] -  RESULT true
[INFO ][2016-01-28 19:24:53,764][com.java.SeleniumDriver] [ 1136] - ?   P A S S   ?
[INFO ][2016-01-28 19:24:53,764][com.java.SeleniumDriver] [  856] - ------------------------------------------
[INFO ][2016-01-28 19:24:53,764][com.java.SeleniumDriver] [  857] - Test case being Executed: 13
[INFO ][2016-01-28 19:24:53,764][com.java.SeleniumDriver] [  869] - Test step:64
[INFO ][2016-01-28 19:24:53,764][com.java.SeleniumDriver] [  881] - Datavalue is----------dt:NewUserPswd
[INFO ][2016-01-28 19:24:53,764][com.java.SeleniumDriver] [  905] - DataField : TXTtxtOldPassword
[INFO ][2016-01-28 19:24:53,764][com.java.SeleniumDriver] [  907] - DataValue : dt:NewUserPswd
[INFO ][2016-01-28 19:24:53,764][com.java.SeleniumDriver] [  913] - <In Set values of the page>
[INFO ][2016-01-28 19:24:53,764][com.java.SeleniumDriver] [  916] - {Data Fields & Data Values Exist}
[INFO ][2016-01-28 19:24:53,764][com.java.SeleniumDriver] [  918] - --------------------------setting values-----------------------------
[INFO ][2016-01-28 19:24:53,764][com.java.SeleniumDriver] [  921] - Action Type : CLEARANDENTER
[INFO ][2016-01-28 19:24:54,895][com.java.TestType] [ 6440] - value = Password1*
[INFO ][2016-01-28 19:24:56,346][com.java.SeleniumDriver] [  930] -  RESULT true
[INFO ][2016-01-28 19:24:56,346][com.java.SeleniumDriver] [ 1136] - ?   P A S S   ?
[INFO ][2016-01-28 19:24:56,346][com.java.SeleniumDriver] [  856] - ------------------------------------------
[INFO ][2016-01-28 19:24:56,346][com.java.SeleniumDriver] [  857] - Test case being Executed: 13
[INFO ][2016-01-28 19:24:56,346][com.java.SeleniumDriver] [  869] - Test step:65
[INFO ][2016-01-28 19:24:56,346][com.java.SeleniumDriver] [  881] - Datavalue is----------Password2*
[INFO ][2016-01-28 19:24:56,346][com.java.SeleniumDriver] [  905] - DataField : TXTtxtPassword
[INFO ][2016-01-28 19:24:56,346][com.java.SeleniumDriver] [  907] - DataValue : Password2*
[INFO ][2016-01-28 19:24:56,346][com.java.SeleniumDriver] [  913] - <In Set values of the page>
[INFO ][2016-01-28 19:24:56,346][com.java.SeleniumDriver] [  916] - {Data Fields & Data Values Exist}
[INFO ][2016-01-28 19:24:56,346][com.java.SeleniumDriver] [  918] - --------------------------setting values-----------------------------
[INFO ][2016-01-28 19:24:56,346][com.java.SeleniumDriver] [  921] - Action Type : CLEARANDENTER
[INFO ][2016-01-28 19:24:57,457][com.java.TestType] [ 6440] - value = Password2*
[INFO ][2016-01-28 19:24:58,908][com.java.SeleniumDriver] [  930] -  RESULT true
[INFO ][2016-01-28 19:24:58,908][com.java.SeleniumDriver] [ 1136] - ?   P A S S   ?
[INFO ][2016-01-28 19:24:58,908][com.java.SeleniumDriver] [  856] - ------------------------------------------
[INFO ][2016-01-28 19:24:58,908][com.java.SeleniumDriver] [  857] - Test case being Executed: 13
[INFO ][2016-01-28 19:24:58,908][com.java.SeleniumDriver] [  869] - Test step:66
[INFO ][2016-01-28 19:24:58,908][com.java.SeleniumDriver] [  881] - Datavalue is----------Password
[INFO ][2016-01-28 19:24:58,908][com.java.SeleniumDriver] [  905] - DataField : TXTtxtPassword
[INFO ][2016-01-28 19:24:58,908][com.java.SeleniumDriver] [  907] - DataValue : Password
[INFO ][2016-01-28 19:24:58,908][com.java.SeleniumDriver] [  913] - <In Set values of the page>
[INFO ][2016-01-28 19:24:58,908][com.java.SeleniumDriver] [  916] - {Data Fields & Data Values Exist}
[INFO ][2016-01-28 19:24:58,908][com.java.SeleniumDriver] [  918] - --------------------------setting values-----------------------------
[INFO ][2016-01-28 19:24:58,908][com.java.SeleniumDriver] [  921] - Action Type : STOREVALUE
[INFO ][2016-01-28 19:24:58,908][com.java.TestType] [ 9465] - field= TXTtxtPassword
[DEBUG][2016-01-28 19:24:59,999][com.java.TestType] [ 9479] - Key:: Password  Value:: Password2*
[INFO ][2016-01-28 19:24:59,999][com.java.SeleniumDriver] [  930] -  RESULT true
[INFO ][2016-01-28 19:24:59,999][com.java.SeleniumDriver] [ 1136] - ?   P A S S   ?
[INFO ][2016-01-28 19:24:59,999][com.java.SeleniumDriver] [  856] - ------------------------------------------
[INFO ][2016-01-28 19:24:59,999][com.java.SeleniumDriver] [  857] - Test case being Executed: 13
[INFO ][2016-01-28 19:24:59,999][com.java.SeleniumDriver] [  869] - Test step:67
[INFO ][2016-01-28 19:24:59,999][com.java.SeleniumDriver] [  881] - Datavalue is----------Strong
[INFO ][2016-01-28 19:24:59,999][com.java.SeleniumDriver] [  905] - DataField : XPH//span[contains(text(),'Strong')]
[INFO ][2016-01-28 19:24:59,999][com.java.SeleniumDriver] [  907] - DataValue : Strong
[INFO ][2016-01-28 19:24:59,999][com.java.SeleniumDriver] [  913] - <In Set values of the page>
[INFO ][2016-01-28 19:24:59,999][com.java.SeleniumDriver] [  916] - {Data Fields & Data Values Exist}
[INFO ][2016-01-28 19:24:59,999][com.java.SeleniumDriver] [  918] - --------------------------setting values-----------------------------
[INFO ][2016-01-28 19:24:59,999][com.java.SeleniumDriver] [  921] - Action Type : VERIFY
[INFO ][2016-01-28 19:24:59,999][com.java.TestType] [ 8040] - field= XPH//span[contains(text(),'Strong')] value= Strong
[INFO ][2016-01-28 19:24:59,999][com.java.TestType] [ 6440] - value = Strong
[INFO ][2016-01-28 19:25:00,069][com.java.SeleniumDriver] [  930] -  RESULT true
[INFO ][2016-01-28 19:25:00,069][com.java.SeleniumDriver] [ 1136] - ?   P A S S   ?
[INFO ][2016-01-28 19:25:00,069][com.java.SeleniumDriver] [  856] - ------------------------------------------
[INFO ][2016-01-28 19:25:00,069][com.java.SeleniumDriver] [  857] - Test case being Executed: 13
[INFO ][2016-01-28 19:25:00,069][com.java.SeleniumDriver] [  869] - Test step:68
[INFO ][2016-01-28 19:25:00,069][com.java.SeleniumDriver] [  881] - Datavalue is----------Password2*
[INFO ][2016-01-28 19:25:00,069][com.java.SeleniumDriver] [  905] - DataField : TXTtxtPasswordConfirm
[INFO ][2016-01-28 19:25:00,069][com.java.SeleniumDriver] [  907] - DataValue : Password2*
[INFO ][2016-01-28 19:25:00,069][com.java.SeleniumDriver] [  913] - <In Set values of the page>
[INFO ][2016-01-28 19:25:00,069][com.java.SeleniumDriver] [  916] - {Data Fields & Data Values Exist}
[INFO ][2016-01-28 19:25:00,069][com.java.SeleniumDriver] [  918] - --------------------------setting values-----------------------------
[INFO ][2016-01-28 19:25:00,069][com.java.SeleniumDriver] [  921] - Action Type : CLEARANDENTER
[INFO ][2016-01-28 19:25:01,200][com.java.TestType] [ 6440] - value = Password2*
[INFO ][2016-01-28 19:25:02,641][com.java.SeleniumDriver] [  930] -  RESULT true
[INFO ][2016-01-28 19:25:02,641][com.java.SeleniumDriver] [ 1136] - ?   P A S S   ?
[INFO ][2016-01-28 19:25:02,641][com.java.SeleniumDriver] [  856] - ------------------------------------------
[INFO ][2016-01-28 19:25:02,641][com.java.SeleniumDriver] [  857] - Test case being Executed: 13
[INFO ][2016-01-28 19:25:02,641][com.java.SeleniumDriver] [  869] - Test step:69
[INFO ][2016-01-28 19:25:02,641][com.java.SeleniumDriver] [  881] - Datavalue is----------Strong
[INFO ][2016-01-28 19:25:02,641][com.java.SeleniumDriver] [  905] - DataField : XPH//span[contains(text(),'Strong')]
[INFO ][2016-01-28 19:25:02,641][com.java.SeleniumDriver] [  907] - DataValue : Strong
[INFO ][2016-01-28 19:25:02,641][com.java.SeleniumDriver] [  913] - <In Set values of the page>
[INFO ][2016-01-28 19:25:02,641][com.java.SeleniumDriver] [  916] - {Data Fields & Data Values Exist}
[INFO ][2016-01-28 19:25:02,641][com.java.SeleniumDriver] [  918] - --------------------------setting values-----------------------------
[INFO ][2016-01-28 19:25:02,641][com.java.SeleniumDriver] [  921] - Action Type : VERIFY
[INFO ][2016-01-28 19:25:02,641][com.java.TestType] [ 8040] - field= XPH//span[contains(text(),'Strong')] value= Strong
[INFO ][2016-01-28 19:25:02,641][com.java.TestType] [ 6440] - value = Strong
[INFO ][2016-01-28 19:25:02,711][com.java.SeleniumDriver] [  930] -  RESULT true
[INFO ][2016-01-28 19:25:02,711][com.java.SeleniumDriver] [ 1136] - ?   P A S S   ?
[INFO ][2016-01-28 19:25:02,711][com.java.SeleniumDriver] [  856] - ------------------------------------------
[INFO ][2016-01-28 19:25:02,711][com.java.SeleniumDriver] [  857] - Test case being Executed: 13
[INFO ][2016-01-28 19:25:02,711][com.java.SeleniumDriver] [  869] - Test step:70
[INFO ][2016-01-28 19:25:02,711][com.java.SeleniumDriver] [  881] - Datavalue is----------null
[DEBUG][2016-01-28 19:25:02,711][com.java.SeleniumDriver] [  899] - Exception: null
[INFO ][2016-01-28 19:25:02,711][com.java.SeleniumDriver] [  905] - DataField : BTNparent
[INFO ][2016-01-28 19:25:02,711][com.java.SeleniumDriver] [  907] - DataValue : 
[INFO ][2016-01-28 19:25:02,711][com.java.SeleniumDriver] [  913] - <In Set values of the page>
[INFO ][2016-01-28 19:25:02,711][com.java.SeleniumDriver] [  916] - {Data Fields & Data Values Exist}
[INFO ][2016-01-28 19:25:02,711][com.java.SeleniumDriver] [  918] - --------------------------setting values-----------------------------
[INFO ][2016-01-28 19:25:02,711][com.java.SeleniumDriver] [  921] - Action Type : SELECTFRAME
[INFO ][2016-01-28 19:25:02,721][com.java.SeleniumDriver] [  930] -  RESULT true
[INFO ][2016-01-28 19:25:02,721][com.java.SeleniumDriver] [ 1136] - ?   P A S S   ?
[INFO ][2016-01-28 19:25:02,721][com.java.SeleniumDriver] [  856] - ------------------------------------------
[INFO ][2016-01-28 19:25:02,721][com.java.SeleniumDriver] [  857] - Test case being Executed: 13
[INFO ][2016-01-28 19:25:02,721][com.java.SeleniumDriver] [  869] - Test step:71
[INFO ][2016-01-28 19:25:02,721][com.java.SeleniumDriver] [  881] - Datavalue is----------null
[DEBUG][2016-01-28 19:25:02,721][com.java.SeleniumDriver] [  899] - Exception: null
[INFO ][2016-01-28 19:25:02,721][com.java.SeleniumDriver] [  905] - DataField : HDN//span[text()='Change']
[INFO ][2016-01-28 19:25:02,721][com.java.SeleniumDriver] [  907] - DataValue : 
[INFO ][2016-01-28 19:25:02,721][com.java.SeleniumDriver] [  913] - <In Set values of the page>
[INFO ][2016-01-28 19:25:02,721][com.java.SeleniumDriver] [  916] - {Data Fields & Data Values Exist}
[INFO ][2016-01-28 19:25:02,721][com.java.SeleniumDriver] [  918] - --------------------------setting values-----------------------------
[INFO ][2016-01-28 19:25:02,721][com.java.SeleniumDriver] [  921] - Action Type : CLICK
[INFO ][2016-01-28 19:25:02,721][com.java.TestType] [ 6819] - Field ::HDN//span[text()='Change']
[INFO ][2016-01-28 19:25:02,721][com.java.TestType] [ 6440] - value = 
[INFO ][2016-01-28 19:25:03,882][com.java.SeleniumDriver] [  930] -  RESULT true
[INFO ][2016-01-28 19:25:03,882][com.java.SeleniumDriver] [ 1136] - ?   P A S S   ?
[INFO ][2016-01-28 19:25:03,882][com.java.SeleniumDriver] [  856] - ------------------------------------------
[INFO ][2016-01-28 19:25:03,882][com.java.SeleniumDriver] [  857] - Test case being Executed: 13
[INFO ][2016-01-28 19:25:03,882][com.java.SeleniumDriver] [  869] - Test step:72
[INFO ][2016-01-28 19:25:03,882][com.java.SeleniumDriver] [  881] - Datavalue is----------10
[INFO ][2016-01-28 19:25:03,882][com.java.SeleniumDriver] [  905] - DataField : test
[INFO ][2016-01-28 19:25:03,882][com.java.SeleniumDriver] [  907] - DataValue : 10
[INFO ][2016-01-28 19:25:03,882][com.java.SeleniumDriver] [  913] - <In Set values of the page>
[INFO ][2016-01-28 19:25:03,882][com.java.SeleniumDriver] [  916] - {Data Fields & Data Values Exist}
[INFO ][2016-01-28 19:25:03,882][com.java.SeleniumDriver] [  918] - --------------------------setting values-----------------------------
[INFO ][2016-01-28 19:25:03,882][com.java.SeleniumDriver] [  921] - Action Type : WaitTime
[DEBUG][2016-01-28 19:25:03,882][com.java.TestType] [ 6254] - sleepTime: 10000
[INFO ][2016-01-28 19:25:13,887][com.java.SeleniumDriver] [  930] -  RESULT true
[INFO ][2016-01-28 19:25:13,887][com.java.SeleniumDriver] [ 1136] - ?   P A S S   ?
[INFO ][2016-01-28 19:25:13,887][com.java.SeleniumDriver] [  856] - ------------------------------------------
[INFO ][2016-01-28 19:25:13,887][com.java.SeleniumDriver] [  857] - Test case being Executed: 13
[INFO ][2016-01-28 19:25:13,887][com.java.SeleniumDriver] [  869] - Test step:73
[INFO ][2016-01-28 19:25:13,887][com.java.SeleniumDriver] [  881] - Datavalue is----------Logout
[INFO ][2016-01-28 19:25:13,887][com.java.SeleniumDriver] [  905] - DataField : test
[INFO ][2016-01-28 19:25:13,887][com.java.SeleniumDriver] [  907] - DataValue : Logout
[INFO ][2016-01-28 19:25:13,887][com.java.SeleniumDriver] [  913] - <In Set values of the page>
[INFO ][2016-01-28 19:25:13,887][com.java.SeleniumDriver] [  916] - {Data Fields & Data Values Exist}
[INFO ][2016-01-28 19:25:13,887][com.java.SeleniumDriver] [  918] - --------------------------setting values-----------------------------
[INFO ][2016-01-28 19:25:13,887][com.java.SeleniumDriver] [  921] - Action Type : Logout
[INFO ][2016-01-28 19:25:16,663][com.java.TestType] [ 6819] - Field ::CNF
[INFO ][2016-01-28 19:25:16,663][com.java.TestType] [ 6440] - value = OK
[ERROR][2016-01-28 19:25:17,674][com.java.TestType] [ 7344] - Exception in click:: Unable to get browser (WARNING: The server did not provide any stacktrace information)
Command duration or timeout: 10 milliseconds
Build info: version: '2.48.2', revision: '41bccdd', time: '2015-10-09 19:59:12'
System info: host: 'FVTIII438F1D', ip: '172.17.68.34', os.name: 'Windows 7', os.arch: 'x86', os.version: '6.1', java.version: '1.7.0_55'
Session ID: c609750e-2646-450a-bd17-24aa802bb6ff
Driver info: org.openqa.selenium.ie.InternetExplorerDriver
Capabilities [{platform=WINDOWS, javascriptEnabled=true, elementScrollBehavior=0, ignoreZoomSetting=false, enablePersistentHover=true, ie.ensureCleanSession=false, browserName=internet explorer, enableElementCacheCleanup=true, unexpectedAlertBehaviour=dismiss, version=10, ie.usePerProcessProxy=false, ignoreProtectedModeSettings=true, cssSelectorsEnabled=true, requireWindowFocus=false, initialBrowserUrl=http://localhost:29747/, handlesAlerts=true, ie.forceCreateProcessApi=false, nativeEvents=true, browserAttachTimeout=0, ie.browserCommandLineSwitches=, takesScreenshot=true}]
[INFO ][2016-01-28 19:25:17,674][com.java.TestType] [ 7348] - Element :::: not found
[DEBUG][2016-01-28 19:25:18,794][com.java.SeleniumDriver] [  426] - Hub ip address is-------172.17.68.34
[INFO ][2016-01-28 19:25:18,794][com.java.SeleniumDriver] [  452] - Grid URL:http://172.17.68.34:4444/wd/hub
[INFO ][2016-01-28 19:25:18,794][com.java.SeleniumDriver] [  453] - Capability:Capabilities [{platform=ANY, ensureCleanSession=true, ignoreProtectedModeSettings=true, acceptSslCerts=true, ignoreZoomSetting=true, browserName=internet explorer, browserstack.ie.noFlash=true, version=null}]
[ERROR][2016-01-28 19:25:19,805][com.java.SeleniumDriver] [  498] - Unable invoke browser in grid:Could not start a new session. Possible causes are invalid address of the remote server or browser start-up failure.
Build info: version: '2.48.2', revision: '41bccdd', time: '2015-10-09 19:59:12'
System info: host: 'FVTIII438F1D', ip: '172.17.68.34', os.name: 'Windows 7', os.arch: 'x86', os.version: '6.1', java.version: '1.7.0_55'
Driver info: driver.version: SeleniumDriver
[INFO ][2016-01-28 19:25:19,805][com.java.SeleniumDriver] [  500] - Executing on local machine
[INFO ][2016-01-28 19:25:39,902][com.java.SeleniumDriver] [  930] -  RESULT true
[INFO ][2016-01-28 19:25:39,902][com.java.SeleniumDriver] [ 1136] - ?   P A S S   ?
[INFO ][2016-01-28 19:25:39,902][com.java.SeleniumDriver] [  856] - ------------------------------------------
[INFO ][2016-01-28 19:25:39,902][com.java.SeleniumDriver] [  857] - Test case being Executed: 13
[INFO ][2016-01-28 19:25:39,902][com.java.SeleniumDriver] [  869] - Test step:74
[INFO ][2016-01-28 19:25:39,902][com.java.SeleniumDriver] [  881] - Datavalue is----------2
[INFO ][2016-01-28 19:25:39,902][com.java.SeleniumDriver] [  905] - DataField : test
[INFO ][2016-01-28 19:25:39,902][com.java.SeleniumDriver] [  907] - DataValue : 2
[INFO ][2016-01-28 19:25:39,902][com.java.SeleniumDriver] [  913] - <In Set values of the page>
[INFO ][2016-01-28 19:25:39,902][com.java.SeleniumDriver] [  916] - {Data Fields & Data Values Exist}
[INFO ][2016-01-28 19:25:39,902][com.java.SeleniumDriver] [  918] - --------------------------setting values-----------------------------
[INFO ][2016-01-28 19:25:39,902][com.java.SeleniumDriver] [  921] - Action Type : WaitTime
[DEBUG][2016-01-28 19:25:39,902][com.java.TestType] [ 6254] - sleepTime: 2000
[INFO ][2016-01-28 19:25:41,903][com.java.SeleniumDriver] [  930] -  RESULT true
[INFO ][2016-01-28 19:25:41,903][com.java.SeleniumDriver] [ 1136] - ?   P A S S   ?
[INFO ][2016-01-28 19:25:41,903][com.java.SeleniumDriver] [  856] - ------------------------------------------
[INFO ][2016-01-28 19:25:41,903][com.java.SeleniumDriver] [  857] - Test case being Executed: 13
[INFO ][2016-01-28 19:25:41,903][com.java.SeleniumDriver] [  869] - Test step:75
[INFO ][2016-01-28 19:25:41,903][com.java.SeleniumDriver] [  881] - Datavalue is----------Client Login
[INFO ][2016-01-28 19:25:41,903][com.java.SeleniumDriver] [  905] - DataField : XPH//h2[contains(text(),'Client Login')]
[INFO ][2016-01-28 19:25:41,903][com.java.SeleniumDriver] [  907] - DataValue : Client Login
[INFO ][2016-01-28 19:25:41,903][com.java.SeleniumDriver] [  913] - <In Set values of the page>
[INFO ][2016-01-28 19:25:41,903][com.java.SeleniumDriver] [  916] - {Data Fields & Data Values Exist}
[INFO ][2016-01-28 19:25:41,903][com.java.SeleniumDriver] [  918] - --------------------------setting values-----------------------------
[INFO ][2016-01-28 19:25:41,903][com.java.SeleniumDriver] [  921] - Action Type : VERIFY
[INFO ][2016-01-28 19:25:41,903][com.java.TestType] [ 8040] - field= XPH//h2[contains(text(),'Client Login')] value= Client Login
[INFO ][2016-01-28 19:25:41,903][com.java.TestType] [ 6440] - value = Client Login
[INFO ][2016-01-28 19:25:42,014][com.java.SeleniumDriver] [  930] -  RESULT true
[INFO ][2016-01-28 19:25:42,014][com.java.SeleniumDriver] [ 1136] - ?   P A S S   ?
[INFO ][2016-01-28 19:25:42,014][com.java.SeleniumDriver] [  856] - ------------------------------------------
[INFO ][2016-01-28 19:25:42,014][com.java.SeleniumDriver] [  857] - Test case being Executed: 13
[INFO ][2016-01-28 19:25:42,014][com.java.SeleniumDriver] [  869] - Test step:76
[INFO ][2016-01-28 19:25:42,014][com.java.SeleniumDriver] [  881] - Datavalue is----------HMVLogin_username
[INFO ][2016-01-28 19:25:42,014][com.java.SeleniumDriver] [  905] - DataField : TXTusername
[INFO ][2016-01-28 19:25:42,014][com.java.SeleniumDriver] [  907] - DataValue : HMVLogin_username
[INFO ][2016-01-28 19:25:42,014][com.java.SeleniumDriver] [  913] - <In Set values of the page>
[INFO ][2016-01-28 19:25:42,014][com.java.SeleniumDriver] [  916] - {Data Fields & Data Values Exist}
[INFO ][2016-01-28 19:25:42,014][com.java.SeleniumDriver] [  918] - --------------------------setting values-----------------------------
[INFO ][2016-01-28 19:25:42,014][com.java.SeleniumDriver] [  921] - Action Type : CLEARANDENTER
[INFO ][2016-01-28 19:25:44,245][com.java.TestType] [ 6440] - value = vltest.robot32947.00058
[INFO ][2016-01-28 19:25:46,701][com.java.SeleniumDriver] [  930] -  RESULT true
[INFO ][2016-01-28 19:25:46,701][com.java.SeleniumDriver] [ 1136] - ?   P A S S   ?
[INFO ][2016-01-28 19:25:46,701][com.java.SeleniumDriver] [  856] - ------------------------------------------
[INFO ][2016-01-28 19:25:46,701][com.java.SeleniumDriver] [  857] - Test case being Executed: 13
[INFO ][2016-01-28 19:25:46,701][com.java.SeleniumDriver] [  869] - Test step:77
[INFO ][2016-01-28 19:25:46,701][com.java.SeleniumDriver] [  881] - Datavalue is----------HMVPassword
[INFO ][2016-01-28 19:25:46,701][com.java.SeleniumDriver] [  905] - DataField : TXTpassword
[INFO ][2016-01-28 19:25:46,701][com.java.SeleniumDriver] [  907] - DataValue : HMVPassword
[INFO ][2016-01-28 19:25:46,701][com.java.SeleniumDriver] [  913] - <In Set values of the page>
[INFO ][2016-01-28 19:25:46,711][com.java.SeleniumDriver] [  916] - {Data Fields & Data Values Exist}
[INFO ][2016-01-28 19:25:46,711][com.java.SeleniumDriver] [  918] - --------------------------setting values-----------------------------
[INFO ][2016-01-28 19:25:46,711][com.java.SeleniumDriver] [  921] - Action Type : CLEARANDENTER
[INFO ][2016-01-28 19:25:48,952][com.java.TestType] [ 6440] - value = Password2*
[INFO ][2016-01-28 19:25:51,508][com.java.SeleniumDriver] [  930] -  RESULT true
[INFO ][2016-01-28 19:25:51,508][com.java.SeleniumDriver] [ 1136] - ?   P A S S   ?
[INFO ][2016-01-28 19:25:51,508][com.java.SeleniumDriver] [  856] - ------------------------------------------
[INFO ][2016-01-28 19:25:51,508][com.java.SeleniumDriver] [  857] - Test case being Executed: 13
[INFO ][2016-01-28 19:25:51,508][com.java.SeleniumDriver] [  869] - Test step:78
[INFO ][2016-01-28 19:25:51,508][com.java.SeleniumDriver] [  881] - Datavalue is----------null
[DEBUG][2016-01-28 19:25:51,508][com.java.SeleniumDriver] [  899] - Exception: null
[INFO ][2016-01-28 19:25:51,508][com.java.SeleniumDriver] [  905] - DataField : HDN//button[@type='submit']
[INFO ][2016-01-28 19:25:51,508][com.java.SeleniumDriver] [  907] - DataValue : 
[INFO ][2016-01-28 19:25:51,508][com.java.SeleniumDriver] [  913] - <In Set values of the page>
[INFO ][2016-01-28 19:25:51,508][com.java.SeleniumDriver] [  916] - {Data Fields & Data Values Exist}
[INFO ][2016-01-28 19:25:51,508][com.java.SeleniumDriver] [  918] - --------------------------setting values-----------------------------
[INFO ][2016-01-28 19:25:51,508][com.java.SeleniumDriver] [  921] - Action Type : Click
[INFO ][2016-01-28 19:25:51,508][com.java.TestType] [ 6819] - Field ::HDN//button[@type='submit']
[INFO ][2016-01-28 19:25:51,508][com.java.TestType] [ 6440] - value = 
[INFO ][2016-01-28 19:25:52,649][com.java.SeleniumDriver] [  930] -  RESULT true
[INFO ][2016-01-28 19:25:52,649][com.java.SeleniumDriver] [ 1136] - ?   P A S S   ?
[INFO ][2016-01-28 19:25:52,649][com.java.SeleniumDriver] [  856] - ------------------------------------------
[INFO ][2016-01-28 19:25:52,649][com.java.SeleniumDriver] [  857] - Test case being Executed: 13
[INFO ][2016-01-28 19:25:52,649][com.java.SeleniumDriver] [  869] - Test step:79
[INFO ][2016-01-28 19:25:52,649][com.java.SeleniumDriver] [  881] - Datavalue is----------Concept#1:4-16
[INFO ][2016-01-28 19:25:52,649][com.java.SeleniumDriver] [  905] - DataField : test
[INFO ][2016-01-28 19:25:52,649][com.java.SeleniumDriver] [  907] - DataValue : Concept#1:4-16
[INFO ][2016-01-28 19:25:52,649][com.java.SeleniumDriver] [  913] - <In Set values of the page>
[INFO ][2016-01-28 19:25:52,649][com.java.SeleniumDriver] [  916] - {Data Fields & Data Values Exist}
[INFO ][2016-01-28 19:25:52,649][com.java.SeleniumDriver] [  918] - --------------------------setting values-----------------------------
[INFO ][2016-01-28 19:25:52,649][com.java.SeleniumDriver] [  921] - Action Type : ExecuteTestCase
[INFO ][2016-01-28 19:25:52,649][com.java.TestType] [  442] - The Concept sheet name is ---------- Concept
[INFO ][2016-01-28 19:25:52,649][com.java.TestType] [  445] - The Concept ID  is ---------- 1
[DEBUG][2016-01-28 19:25:52,649][com.java.TestType] [  449] - Steps being executted in the Concept are: 4:16
[INFO ][2016-01-28 19:25:52,649][com.java.TestType] [  456] - Test data details path ---------- D:\BankersDashboard\TestInputs\TestData.xls
[INFO ][2016-01-28 19:25:52,679][com.java.TestType] [  487] -  str(1) = 1
[INFO ][2016-01-28 19:25:52,679][com.java.TestType] [  490] - Test case Id is---1
[INFO ][2016-01-28 19:25:52,679][com.java.TestType] [  492] - 1
[INFO ][2016-01-28 19:25:52,679][com.java.TestType] [  487] -  str(2) = 1
[INFO ][2016-01-28 19:25:52,679][com.java.TestType] [  487] -  str(1) = 1
[INFO ][2016-01-28 19:25:52,679][com.java.TestType] [  490] - Test case Id is---1
[INFO ][2016-01-28 19:25:52,679][com.java.TestType] [  492] - 1
[INFO ][2016-01-28 19:25:52,679][com.java.TestType] [  487] -  str(2) = 2
[INFO ][2016-01-28 19:25:52,679][com.java.TestType] [  487] -  str(1) = 1
[INFO ][2016-01-28 19:25:52,679][com.java.TestType] [  490] - Test case Id is---1
[INFO ][2016-01-28 19:25:52,679][com.java.TestType] [  492] - 1
[INFO ][2016-01-28 19:25:52,679][com.java.TestType] [  487] -  str(2) = 3
[INFO ][2016-01-28 19:25:52,679][com.java.TestType] [  487] -  str(1) = 1
[INFO ][2016-01-28 19:25:52,679][com.java.TestType] [  490] - Test case Id is---1
[INFO ][2016-01-28 19:25:52,679][com.java.TestType] [  492] - 1
[INFO ][2016-01-28 19:25:52,679][com.java.TestType] [  487] -  str(2) = 4
[INFO ][2016-01-28 19:25:52,679][com.java.TestType] [  487] -  str(1) = 1
[INFO ][2016-01-28 19:25:52,679][com.java.TestType] [  490] - Test case Id is---1
[INFO ][2016-01-28 19:25:52,679][com.java.TestType] [  492] - 1
[INFO ][2016-01-28 19:25:52,679][com.java.TestType] [  487] -  str(2) = 5
[INFO ][2016-01-28 19:25:52,689][com.java.TestType] [  487] -  str(1) = 1
[INFO ][2016-01-28 19:25:52,689][com.java.TestType] [  490] - Test case Id is---1
[INFO ][2016-01-28 19:25:52,689][com.java.TestType] [  492] - 1
[INFO ][2016-01-28 19:25:52,689][com.java.TestType] [  487] -  str(2) = 6
[INFO ][2016-01-28 19:25:52,689][com.java.TestType] [  487] -  str(1) = 1
[INFO ][2016-01-28 19:25:52,689][com.java.TestType] [  490] - Test case Id is---1
[INFO ][2016-01-28 19:25:52,689][com.java.TestType] [  492] - 1
[INFO ][2016-01-28 19:25:52,689][com.java.TestType] [  487] -  str(2) = 7
[INFO ][2016-01-28 19:25:52,689][com.java.TestType] [  487] -  str(1) = 1
[INFO ][2016-01-28 19:25:52,689][com.java.TestType] [  490] - Test case Id is---1
[INFO ][2016-01-28 19:25:52,689][com.java.TestType] [  492] - 1
[INFO ][2016-01-28 19:25:52,689][com.java.TestType] [  487] -  str(2) = 8
[INFO ][2016-01-28 19:25:52,689][com.java.TestType] [  487] -  str(1) = 1
[INFO ][2016-01-28 19:25:52,689][com.java.TestType] [  490] - Test case Id is---1
[INFO ][2016-01-28 19:25:52,689][com.java.TestType] [  492] - 1
[INFO ][2016-01-28 19:25:52,689][com.java.TestType] [  487] -  str(2) = 9
[INFO ][2016-01-28 19:25:52,689][com.java.TestType] [  487] -  str(1) = 1
[INFO ][2016-01-28 19:25:52,689][com.java.TestType] [  490] - Test case Id is---1
[INFO ][2016-01-28 19:25:52,689][com.java.TestType] [  492] - 1
[INFO ][2016-01-28 19:25:52,689][com.java.TestType] [  487] -  str(2) = 10
[INFO ][2016-01-28 19:25:52,689][com.java.TestType] [  487] -  str(1) = 1
[INFO ][2016-01-28 19:25:52,689][com.java.TestType] [  490] - Test case Id is---1
[INFO ][2016-01-28 19:25:52,689][com.java.TestType] [  492] - 1
[INFO ][2016-01-28 19:25:52,689][com.java.TestType] [  487] -  str(2) = 11
[INFO ][2016-01-28 19:25:52,689][com.java.TestType] [  487] -  str(1) = 1
[INFO ][2016-01-28 19:25:52,689][com.java.TestType] [  490] - Test case Id is---1
[INFO ][2016-01-28 19:25:52,689][com.java.TestType] [  492] - 1
[INFO ][2016-01-28 19:25:52,689][com.java.TestType] [  487] -  str(2) = 12
[INFO ][2016-01-28 19:25:52,689][com.java.TestType] [  487] -  str(1) = 1
[INFO ][2016-01-28 19:25:52,689][com.java.TestType] [  490] - Test case Id is---1
[INFO ][2016-01-28 19:25:52,689][com.java.TestType] [  492] - 1
[INFO ][2016-01-28 19:25:52,689][com.java.TestType] [  487] -  str(2) = 13
[INFO ][2016-01-28 19:25:52,689][com.java.TestType] [  487] -  str(1) = 1
[INFO ][2016-01-28 19:25:52,689][com.java.TestType] [  490] - Test case Id is---1
[INFO ][2016-01-28 19:25:52,689][com.java.TestType] [  492] - 1
[INFO ][2016-01-28 19:25:52,689][com.java.TestType] [  487] -  str(2) = 14
[INFO ][2016-01-28 19:25:52,689][com.java.TestType] [  487] -  str(1) = 1
[INFO ][2016-01-28 19:25:52,689][com.java.TestType] [  490] - Test case Id is---1
[INFO ][2016-01-28 19:25:52,689][com.java.TestType] [  492] - 1
[INFO ][2016-01-28 19:25:52,689][com.java.TestType] [  487] -  str(2) = 15
[INFO ][2016-01-28 19:25:52,689][com.java.TestType] [  487] -  str(1) = 1
[INFO ][2016-01-28 19:25:52,689][com.java.TestType] [  490] - Test case Id is---1
[INFO ][2016-01-28 19:25:52,689][com.java.TestType] [  492] - 1
[INFO ][2016-01-28 19:25:52,689][com.java.TestType] [  487] -  str(2) = 16
[INFO ][2016-01-28 19:25:52,689][com.java.TestType] [11700] - Looping 1TCID = 1
[DEBUG][2016-01-28 19:25:52,689][com.java.TestType] [11741] - Concept ID:1 :: Step being Executed: 1::4
[INFO ][2016-01-28 19:25:52,689][com.java.TestType] [11779] - dataFields : LNKLogout
[DEBUG][2016-01-28 19:25:52,689][com.java.TestType] [11785] - <In Set values of the page>
[DEBUG][2016-01-28 19:25:52,689][com.java.TestType] [11790] - {Data Fields & Data Values Exist}
[INFO ][2016-01-28 19:25:52,689][com.java.TestType] [11796] - --------------------------setting values-----------------------------
[INFO ][2016-01-28 19:25:52,689][com.java.TestType] [11799] - Action Type : WaitForElement
[INFO ][2016-01-28 19:25:56,121][com.java.TestType] [11818] -  RESULT true
[INFO ][2016-01-28 19:25:56,121][com.java.TestType] [11935] - ?   P A S S   ?
[DEBUG][2016-01-28 19:25:56,121][com.java.TestType] [11741] - Concept ID:1 :: Step being Executed: 1::15
[INFO ][2016-01-28 19:25:56,121][com.java.TestType] [11779] - dataFields : LNK
[DEBUG][2016-01-28 19:25:56,121][com.java.TestType] [11785] - <In Set values of the page>
[DEBUG][2016-01-28 19:25:56,121][com.java.TestType] [11790] - {Data Fields & Data Values Exist}
[INFO ][2016-01-28 19:25:56,121][com.java.TestType] [11796] - --------------------------setting values-----------------------------
[INFO ][2016-01-28 19:25:56,121][com.java.TestType] [11799] - Action Type : Verify
[INFO ][2016-01-28 19:25:56,121][com.java.TestType] [ 8040] - field= LNK value= Logout
[INFO ][2016-01-28 19:25:56,121][com.java.TestType] [ 6440] - value = Logout
[INFO ][2016-01-28 19:25:56,152][com.java.TestType] [11818] -  RESULT true
[INFO ][2016-01-28 19:25:56,152][com.java.TestType] [11935] - ?   P A S S   ?
[DEBUG][2016-01-28 19:25:56,152][com.java.TestType] [11741] - Concept ID:1 :: Step being Executed: 1::16
[INFO ][2016-01-28 19:25:56,152][com.java.TestType] [11779] - dataFields : BTN
[DEBUG][2016-01-28 19:25:56,152][com.java.TestType] [11785] - <In Set values of the page>
[DEBUG][2016-01-28 19:25:56,152][com.java.TestType] [11790] - {Data Fields & Data Values Exist}
[INFO ][2016-01-28 19:25:56,152][com.java.TestType] [11796] - --------------------------setting values-----------------------------
[INFO ][2016-01-28 19:25:56,152][com.java.TestType] [11799] - Action Type : Verify
[INFO ][2016-01-28 19:25:56,152][com.java.TestType] [ 8040] - field= BTN value= //img[contains(@src,'bdlogo.jpg')]
[INFO ][2016-01-28 19:25:56,152][com.java.TestType] [ 6440] - value = //img[contains(@src,'bdlogo.jpg')]
[INFO ][2016-01-28 19:25:56,215][com.java.TestType] [11818] -  RESULT true
[INFO ][2016-01-28 19:25:56,215][com.java.TestType] [11935] - ?   P A S S   ?
[INFO ][2016-01-28 19:25:56,215][com.java.TestType] [12006] - Looping End......
[INFO ][2016-01-28 19:25:56,215][com.java.SeleniumDriver] [  930] -  RESULT true
[INFO ][2016-01-28 19:25:56,215][com.java.SeleniumDriver] [ 1136] - ?   P A S S   ?
[INFO ][2016-01-28 19:25:56,215][com.java.SeleniumDriver] [  856] - ------------------------------------------
[INFO ][2016-01-28 19:25:56,215][com.java.SeleniumDriver] [  857] - Test case being Executed: 13
[INFO ][2016-01-28 19:25:56,215][com.java.SeleniumDriver] [  869] - Test step:80
[INFO ][2016-01-28 19:25:56,215][com.java.SeleniumDriver] [  881] - Datavalue is----------5
[INFO ][2016-01-28 19:25:56,215][com.java.SeleniumDriver] [  905] - DataField : XPH//div[contains(text(), 'My Dashboard')]
[INFO ][2016-01-28 19:25:56,215][com.java.SeleniumDriver] [  907] - DataValue : 5
[INFO ][2016-01-28 19:25:56,215][com.java.SeleniumDriver] [  913] - <In Set values of the page>
[INFO ][2016-01-28 19:25:56,215][com.java.SeleniumDriver] [  916] - {Data Fields & Data Values Exist}
[INFO ][2016-01-28 19:25:56,215][com.java.SeleniumDriver] [  918] - --------------------------setting values-----------------------------
[INFO ][2016-01-28 19:25:56,215][com.java.SeleniumDriver] [  921] - Action Type : WAITFORELEMENT
[INFO ][2016-01-28 19:25:58,382][com.java.SeleniumDriver] [  930] -  RESULT true
[INFO ][2016-01-28 19:25:58,382][com.java.SeleniumDriver] [ 1136] - ?   P A S S   ?
[INFO ][2016-01-28 19:25:58,382][com.java.SeleniumDriver] [  856] - ------------------------------------------
[INFO ][2016-01-28 19:25:58,382][com.java.SeleniumDriver] [  857] - Test case being Executed: 13
[INFO ][2016-01-28 19:25:58,382][com.java.SeleniumDriver] [  869] - Test step:81
[INFO ][2016-01-28 19:25:58,382][com.java.SeleniumDriver] [  881] - Datavalue is----------My Dashboard
[INFO ][2016-01-28 19:25:58,382][com.java.SeleniumDriver] [  905] - DataField : MSG
[INFO ][2016-01-28 19:25:58,382][com.java.SeleniumDriver] [  907] - DataValue : My Dashboard
[INFO ][2016-01-28 19:25:58,382][com.java.SeleniumDriver] [  913] - <In Set values of the page>
[INFO ][2016-01-28 19:25:58,382][com.java.SeleniumDriver] [  916] - {Data Fields & Data Values Exist}
[INFO ][2016-01-28 19:25:58,382][com.java.SeleniumDriver] [  918] - --------------------------setting values-----------------------------
[INFO ][2016-01-28 19:25:58,382][com.java.SeleniumDriver] [  921] - Action Type : VERIFY
[INFO ][2016-01-28 19:25:58,382][com.java.TestType] [ 8040] - field= MSG value= My Dashboard
[INFO ][2016-01-28 19:25:58,382][com.java.TestType] [ 6440] - value = My Dashboard
[DEBUG][2016-01-28 19:25:58,382][com.java.TestType] [ 8868] - value :: My Dashboard
[INFO ][2016-01-28 19:25:58,473][com.java.SeleniumDriver] [  930] -  RESULT true
[INFO ][2016-01-28 19:25:58,473][com.java.SeleniumDriver] [ 1136] - ?   P A S S   ?
[INFO ][2016-01-28 19:25:58,473][com.java.SeleniumDriver] [  856] - ------------------------------------------
[INFO ][2016-01-28 19:25:58,473][com.java.SeleniumDriver] [  857] - Test case being Executed: 13
[INFO ][2016-01-28 19:25:58,473][com.java.SeleniumDriver] [  869] - Test step:82
[INFO ][2016-01-28 19:25:58,473][com.java.SeleniumDriver] [  881] - Datavalue is----------Concept#3:1-2
[INFO ][2016-01-28 19:25:58,473][com.java.SeleniumDriver] [  905] - DataField : test
[INFO ][2016-01-28 19:25:58,473][com.java.SeleniumDriver] [  907] - DataValue : Concept#3:1-2
[INFO ][2016-01-28 19:25:58,473][com.java.SeleniumDriver] [  913] - <In Set values of the page>
[INFO ][2016-01-28 19:25:58,473][com.java.SeleniumDriver] [  916] - {Data Fields & Data Values Exist}
[INFO ][2016-01-28 19:25:58,473][com.java.SeleniumDriver] [  918] - --------------------------setting values-----------------------------
[INFO ][2016-01-28 19:25:58,473][com.java.SeleniumDriver] [  921] - Action Type : ExecuteTestCase
[INFO ][2016-01-28 19:25:58,473][com.java.TestType] [  442] - The Concept sheet name is ---------- Concept
[INFO ][2016-01-28 19:25:58,473][com.java.TestType] [  445] - The Concept ID  is ---------- 3
[DEBUG][2016-01-28 19:25:58,473][com.java.TestType] [  449] - Steps being executted in the Concept are: 1:2
[INFO ][2016-01-28 19:25:58,473][com.java.TestType] [  456] - Test data details path ---------- D:\BankersDashboard\TestInputs\TestData.xls
[INFO ][2016-01-28 19:25:58,508][com.java.TestType] [  487] -  str(1) = 3
[INFO ][2016-01-28 19:25:58,508][com.java.TestType] [  490] - Test case Id is---3
[INFO ][2016-01-28 19:25:58,508][com.java.TestType] [  492] - 3
[INFO ][2016-01-28 19:25:58,508][com.java.TestType] [  487] -  str(2) = 1
[INFO ][2016-01-28 19:25:58,511][com.java.TestType] [  487] -  str(1) = 3
[INFO ][2016-01-28 19:25:58,511][com.java.TestType] [  490] - Test case Id is---3
[INFO ][2016-01-28 19:25:58,511][com.java.TestType] [  492] - 3
[INFO ][2016-01-28 19:25:58,511][com.java.TestType] [  487] -  str(2) = 2
[INFO ][2016-01-28 19:25:58,511][com.java.TestType] [11700] - Looping 1TCID = 3
[DEBUG][2016-01-28 19:25:58,511][com.java.TestType] [11741] - Concept ID:3 :: Step being Executed: 3::1
[INFO ][2016-01-28 19:25:58,511][com.java.TestType] [11779] - dataFields : test
[DEBUG][2016-01-28 19:25:58,511][com.java.TestType] [11785] - <In Set values of the page>
[DEBUG][2016-01-28 19:25:58,511][com.java.TestType] [11790] - {Data Fields & Data Values Exist}
[INFO ][2016-01-28 19:25:58,511][com.java.TestType] [11796] - --------------------------setting values-----------------------------
[INFO ][2016-01-28 19:25:58,511][com.java.TestType] [11799] - Action Type : Logout
[INFO ][2016-01-28 19:26:00,736][com.java.TestType] [ 6819] - Field ::CNF
[INFO ][2016-01-28 19:26:00,736][com.java.TestType] [ 6440] - value = OK
[INFO ][2016-01-28 19:26:03,044][com.java.TestType] [ 6988] - Click the object confirmation
[INFO ][2016-01-28 19:26:03,044][com.java.TestType] [ 6989] - Unable to click the object confirmation
[DEBUG][2016-01-28 19:26:04,266][com.java.SeleniumDriver] [  426] - Hub ip address is-------172.17.68.34
[INFO ][2016-01-28 19:26:04,266][com.java.SeleniumDriver] [  452] - Grid URL:http://172.17.68.34:4444/wd/hub
[INFO ][2016-01-28 19:26:04,266][com.java.SeleniumDriver] [  453] - Capability:Capabilities [{platform=ANY, ensureCleanSession=true, ignoreProtectedModeSettings=true, acceptSslCerts=true, ignoreZoomSetting=true, browserName=internet explorer, browserstack.ie.noFlash=true, version=null}]
[ERROR][2016-01-28 19:26:05,277][com.java.SeleniumDriver] [  498] - Unable invoke browser in grid:Could not start a new session. Possible causes are invalid address of the remote server or browser start-up failure.
Build info: version: '2.48.2', revision: '41bccdd', time: '2015-10-09 19:59:12'
System info: host: 'FVTIII438F1D', ip: '172.17.68.34', os.name: 'Windows 7', os.arch: 'x86', os.version: '6.1', java.version: '1.7.0_55'
Driver info: driver.version: SeleniumDriver
[INFO ][2016-01-28 19:26:05,277][com.java.SeleniumDriver] [  500] - Executing on local machine
[INFO ][2016-01-28 19:26:25,552][com.java.TestType] [11818] -  RESULT true
[INFO ][2016-01-28 19:26:25,552][com.java.TestType] [11935] - ?   P A S S   ?
[DEBUG][2016-01-28 19:26:25,552][com.java.TestType] [11741] - Concept ID:3 :: Step being Executed: 3::2
[INFO ][2016-01-28 19:26:25,552][com.java.TestType] [11779] - dataFields : test
[DEBUG][2016-01-28 19:26:25,552][com.java.TestType] [11785] - <In Set values of the page>
[DEBUG][2016-01-28 19:26:25,552][com.java.TestType] [11790] - {Data Fields & Data Values Exist}
[INFO ][2016-01-28 19:26:25,552][com.java.TestType] [11796] - --------------------------setting values-----------------------------
[INFO ][2016-01-28 19:26:25,552][com.java.TestType] [11799] - Action Type : WaitTime
[DEBUG][2016-01-28 19:26:25,552][com.java.TestType] [ 6254] - sleepTime: 2000
[INFO ][2016-01-28 19:26:27,553][com.java.TestType] [11818] -  RESULT true
[INFO ][2016-01-28 19:26:27,553][com.java.TestType] [11935] - ?   P A S S   ?
[INFO ][2016-01-28 19:26:27,553][com.java.TestType] [12006] - Looping End......
[INFO ][2016-01-28 19:26:27,553][com.java.SeleniumDriver] [  930] -  RESULT true
[INFO ][2016-01-28 19:26:27,553][com.java.SeleniumDriver] [ 1136] - ?   P A S S   ?
[INFO ][2016-01-28 19:26:27,553][com.java.SeleniumDriver] [  856] - ------------------------------------------
[INFO ][2016-01-28 19:26:27,553][com.java.SeleniumDriver] [  857] - Test case being Executed: 13
[INFO ][2016-01-28 19:26:27,553][com.java.SeleniumDriver] [  869] - Test step:83
[INFO ][2016-01-28 19:26:27,553][com.java.SeleniumDriver] [  881] - Datavalue is----------Concept#1:1-16
[INFO ][2016-01-28 19:26:27,553][com.java.SeleniumDriver] [  905] - DataField : test
[INFO ][2016-01-28 19:26:27,553][com.java.SeleniumDriver] [  907] - DataValue : Concept#1:1-16
[INFO ][2016-01-28 19:26:27,553][com.java.SeleniumDriver] [  913] - <In Set values of the page>
[INFO ][2016-01-28 19:26:27,553][com.java.SeleniumDriver] [  916] - {Data Fields & Data Values Exist}
[INFO ][2016-01-28 19:26:27,553][com.java.SeleniumDriver] [  918] - --------------------------setting values-----------------------------
[INFO ][2016-01-28 19:26:27,553][com.java.SeleniumDriver] [  921] - Action Type : ExecuteTestCase
[INFO ][2016-01-28 19:26:27,553][com.java.TestType] [  442] - The Concept sheet name is ---------- Concept
[INFO ][2016-01-28 19:26:27,553][com.java.TestType] [  445] - The Concept ID  is ---------- 1
[DEBUG][2016-01-28 19:26:27,553][com.java.TestType] [  449] - Steps being executted in the Concept are: 1:16
[INFO ][2016-01-28 19:26:27,553][com.java.TestType] [  456] - Test data details path ---------- D:\BankersDashboard\TestInputs\TestData.xls
[INFO ][2016-01-28 19:26:27,584][com.java.TestType] [  487] -  str(1) = 1
[INFO ][2016-01-28 19:26:27,584][com.java.TestType] [  490] - Test case Id is---1
[INFO ][2016-01-28 19:26:27,584][com.java.TestType] [  492] - 1
[INFO ][2016-01-28 19:26:27,584][com.java.TestType] [  487] -  str(2) = 1
[INFO ][2016-01-28 19:26:27,584][com.java.TestType] [  487] -  str(1) = 1
[INFO ][2016-01-28 19:26:27,584][com.java.TestType] [  490] - Test case Id is---1
[INFO ][2016-01-28 19:26:27,584][com.java.TestType] [  492] - 1
[INFO ][2016-01-28 19:26:27,584][com.java.TestType] [  487] -  str(2) = 2
[INFO ][2016-01-28 19:26:27,584][com.java.TestType] [  487] -  str(1) = 1
[INFO ][2016-01-28 19:26:27,584][com.java.TestType] [  490] - Test case Id is---1
[INFO ][2016-01-28 19:26:27,584][com.java.TestType] [  492] - 1
[INFO ][2016-01-28 19:26:27,584][com.java.TestType] [  487] -  str(2) = 3
[INFO ][2016-01-28 19:26:27,594][com.java.TestType] [  487] -  str(1) = 1
[INFO ][2016-01-28 19:26:27,594][com.java.TestType] [  490] - Test case Id is---1
[INFO ][2016-01-28 19:26:27,594][com.java.TestType] [  492] - 1
[INFO ][2016-01-28 19:26:27,594][com.java.TestType] [  487] -  str(2) = 4
[INFO ][2016-01-28 19:26:27,594][com.java.TestType] [  487] -  str(1) = 1
[INFO ][2016-01-28 19:26:27,594][com.java.TestType] [  490] - Test case Id is---1
[INFO ][2016-01-28 19:26:27,594][com.java.TestType] [  492] - 1
[INFO ][2016-01-28 19:26:27,594][com.java.TestType] [  487] -  str(2) = 5
[INFO ][2016-01-28 19:26:27,594][com.java.TestType] [  487] -  str(1) = 1
[INFO ][2016-01-28 19:26:27,594][com.java.TestType] [  490] - Test case Id is---1
[INFO ][2016-01-28 19:26:27,594][com.java.TestType] [  492] - 1
[INFO ][2016-01-28 19:26:27,594][com.java.TestType] [  487] -  str(2) = 6
[INFO ][2016-01-28 19:26:27,594][com.java.TestType] [  487] -  str(1) = 1
[INFO ][2016-01-28 19:26:27,594][com.java.TestType] [  490] - Test case Id is---1
[INFO ][2016-01-28 19:26:27,594][com.java.TestType] [  492] - 1
[INFO ][2016-01-28 19:26:27,594][com.java.TestType] [  487] -  str(2) = 7
[INFO ][2016-01-28 19:26:27,594][com.java.TestType] [  487] -  str(1) = 1
[INFO ][2016-01-28 19:26:27,594][com.java.TestType] [  490] - Test case Id is---1
[INFO ][2016-01-28 19:26:27,594][com.java.TestType] [  492] - 1
[INFO ][2016-01-28 19:26:27,594][com.java.TestType] [  487] -  str(2) = 8
[INFO ][2016-01-28 19:26:27,594][com.java.TestType] [  487] -  str(1) = 1
[INFO ][2016-01-28 19:26:27,594][com.java.TestType] [  490] - Test case Id is---1
[INFO ][2016-01-28 19:26:27,594][com.java.TestType] [  492] - 1
[INFO ][2016-01-28 19:26:27,594][com.java.TestType] [  487] -  str(2) = 9
[INFO ][2016-01-28 19:26:27,594][com.java.TestType] [  487] -  str(1) = 1
[INFO ][2016-01-28 19:26:27,594][com.java.TestType] [  490] - Test case Id is---1
[INFO ][2016-01-28 19:26:27,594][com.java.TestType] [  492] - 1
[INFO ][2016-01-28 19:26:27,594][com.java.TestType] [  487] -  str(2) = 10
[INFO ][2016-01-28 19:26:27,594][com.java.TestType] [  487] -  str(1) = 1
[INFO ][2016-01-28 19:26:27,594][com.java.TestType] [  490] - Test case Id is---1
[INFO ][2016-01-28 19:26:27,594][com.java.TestType] [  492] - 1
[INFO ][2016-01-28 19:26:27,594][com.java.TestType] [  487] -  str(2) = 11
[INFO ][2016-01-28 19:26:27,594][com.java.TestType] [  487] -  str(1) = 1
[INFO ][2016-01-28 19:26:27,594][com.java.TestType] [  490] - Test case Id is---1
[INFO ][2016-01-28 19:26:27,594][com.java.TestType] [  492] - 1
[INFO ][2016-01-28 19:26:27,594][com.java.TestType] [  487] -  str(2) = 12
[INFO ][2016-01-28 19:26:27,594][com.java.TestType] [  487] -  str(1) = 1
[INFO ][2016-01-28 19:26:27,594][com.java.TestType] [  490] - Test case Id is---1
[INFO ][2016-01-28 19:26:27,594][com.java.TestType] [  492] - 1
[INFO ][2016-01-28 19:26:27,594][com.java.TestType] [  487] -  str(2) = 13
[INFO ][2016-01-28 19:26:27,594][com.java.TestType] [  487] -  str(1) = 1
[INFO ][2016-01-28 19:26:27,594][com.java.TestType] [  490] - Test case Id is---1
[INFO ][2016-01-28 19:26:27,594][com.java.TestType] [  492] - 1
[INFO ][2016-01-28 19:26:27,594][com.java.TestType] [  487] -  str(2) = 14
[INFO ][2016-01-28 19:26:27,594][com.java.TestType] [  487] -  str(1) = 1
[INFO ][2016-01-28 19:26:27,594][com.java.TestType] [  490] - Test case Id is---1
[INFO ][2016-01-28 19:26:27,594][com.java.TestType] [  492] - 1
[INFO ][2016-01-28 19:26:27,594][com.java.TestType] [  487] -  str(2) = 15
[INFO ][2016-01-28 19:26:27,594][com.java.TestType] [  487] -  str(1) = 1
[INFO ][2016-01-28 19:26:27,594][com.java.TestType] [  490] - Test case Id is---1
[INFO ][2016-01-28 19:26:27,594][com.java.TestType] [  492] - 1
[INFO ][2016-01-28 19:26:27,594][com.java.TestType] [  487] -  str(2) = 16
[INFO ][2016-01-28 19:26:27,604][com.java.TestType] [11700] - Looping 1TCID = 1
[DEBUG][2016-01-28 19:26:27,604][com.java.TestType] [11741] - Concept ID:1 :: Step being Executed: 1::1
[INFO ][2016-01-28 19:26:27,604][com.java.TestType] [11779] - dataFields : TXTusername
[DEBUG][2016-01-28 19:26:27,604][com.java.TestType] [11785] - <In Set values of the page>
[DEBUG][2016-01-28 19:26:27,604][com.java.TestType] [11790] - {Data Fields & Data Values Exist}
[INFO ][2016-01-28 19:26:27,604][com.java.TestType] [11796] - --------------------------setting values-----------------------------
[INFO ][2016-01-28 19:26:27,604][com.java.TestType] [11799] - Action Type : CLEARANDENTER
[INFO ][2016-01-28 19:26:29,845][com.java.TestType] [ 6440] - value = valuelabs.ie10.00058
[INFO ][2016-01-28 19:26:32,253][com.java.TestType] [11818] -  RESULT true
[INFO ][2016-01-28 19:26:32,253][com.java.TestType] [11935] - ?   P A S S   ?
[DEBUG][2016-01-28 19:26:32,253][com.java.TestType] [11741] - Concept ID:1 :: Step being Executed: 1::2
[INFO ][2016-01-28 19:26:32,253][com.java.TestType] [11779] - dataFields : TXTpassword
[DEBUG][2016-01-28 19:26:32,253][com.java.TestType] [11785] - <In Set values of the page>
[DEBUG][2016-01-28 19:26:32,253][com.java.TestType] [11790] - {Data Fields & Data Values Exist}
[INFO ][2016-01-28 19:26:32,253][com.java.TestType] [11796] - --------------------------setting values-----------------------------
[INFO ][2016-01-28 19:26:32,253][com.java.TestType] [11799] - Action Type : CLEARANDENTER
[INFO ][2016-01-28 19:26:34,504][com.java.TestType] [ 6440] - value = Password1*
[INFO ][2016-01-28 19:26:37,060][com.java.TestType] [11818] -  RESULT true
[INFO ][2016-01-28 19:26:37,060][com.java.TestType] [11935] - ?   P A S S   ?
[DEBUG][2016-01-28 19:26:37,060][com.java.TestType] [11741] - Concept ID:1 :: Step being Executed: 1::3
[ERROR][2016-01-28 19:26:37,060][com.java.TestType] [11774] - Exception: null
[INFO ][2016-01-28 19:26:37,060][com.java.TestType] [11779] - dataFields : XPH//button[@type='submit']
[DEBUG][2016-01-28 19:26:37,060][com.java.TestType] [11785] - <In Set values of the page>
[DEBUG][2016-01-28 19:26:37,060][com.java.TestType] [11790] - {Data Fields & Data Values Exist}
[INFO ][2016-01-28 19:26:37,060][com.java.TestType] [11796] - --------------------------setting values-----------------------------
[INFO ][2016-01-28 19:26:37,060][com.java.TestType] [11799] - Action Type : Click
[INFO ][2016-01-28 19:26:37,060][com.java.TestType] [ 6819] - Field ::XPH//button[@type='submit']
[INFO ][2016-01-28 19:26:37,060][com.java.TestType] [ 6440] - value = 
[INFO ][2016-01-28 19:26:38,060][com.java.TestType] [ 6992] - BEFORE CLICK
[INFO ][2016-01-28 19:26:38,853][com.java.TestType] [ 7000] - Unable to click the object Login
[INFO ][2016-01-28 19:26:38,853][com.java.TestType] [11818] -  RESULT true
[INFO ][2016-01-28 19:26:38,853][com.java.TestType] [11935] - ?   P A S S   ?
[DEBUG][2016-01-28 19:26:38,853][com.java.TestType] [11741] - Concept ID:1 :: Step being Executed: 1::4
[INFO ][2016-01-28 19:26:38,853][com.java.TestType] [11779] - dataFields : LNKLogout
[DEBUG][2016-01-28 19:26:38,853][com.java.TestType] [11785] - <In Set values of the page>
[DEBUG][2016-01-28 19:26:38,853][com.java.TestType] [11790] - {Data Fields & Data Values Exist}
[INFO ][2016-01-28 19:26:38,853][com.java.TestType] [11796] - --------------------------setting values-----------------------------
[INFO ][2016-01-28 19:26:38,853][com.java.TestType] [11799] - Action Type : WaitForElement
[INFO ][2016-01-28 19:26:42,324][com.java.TestType] [11818] -  RESULT true
[INFO ][2016-01-28 19:26:42,324][com.java.TestType] [11935] - ?   P A S S   ?
[DEBUG][2016-01-28 19:26:42,324][com.java.TestType] [11741] - Concept ID:1 :: Step being Executed: 1::15
[INFO ][2016-01-28 19:26:42,324][com.java.TestType] [11779] - dataFields : LNK
[DEBUG][2016-01-28 19:26:42,324][com.java.TestType] [11785] - <In Set values of the page>
[DEBUG][2016-01-28 19:26:42,324][com.java.TestType] [11790] - {Data Fields & Data Values Exist}
[INFO ][2016-01-28 19:26:42,324][com.java.TestType] [11796] - --------------------------setting values-----------------------------
[INFO ][2016-01-28 19:26:42,324][com.java.TestType] [11799] - Action Type : Verify
[INFO ][2016-01-28 19:26:42,324][com.java.TestType] [ 8040] - field= LNK value= Logout
[INFO ][2016-01-28 19:26:42,324][com.java.TestType] [ 6440] - value = Logout
[INFO ][2016-01-28 19:26:42,480][com.java.TestType] [11818] -  RESULT true
[INFO ][2016-01-28 19:26:42,480][com.java.TestType] [11935] - ?   P A S S   ?
[DEBUG][2016-01-28 19:26:42,480][com.java.TestType] [11741] - Concept ID:1 :: Step being Executed: 1::16
[INFO ][2016-01-28 19:26:42,480][com.java.TestType] [11779] - dataFields : BTN
[DEBUG][2016-01-28 19:26:42,480][com.java.TestType] [11785] - <In Set values of the page>
[DEBUG][2016-01-28 19:26:42,480][com.java.TestType] [11790] - {Data Fields & Data Values Exist}
[INFO ][2016-01-28 19:26:42,480][com.java.TestType] [11796] - --------------------------setting values-----------------------------
[INFO ][2016-01-28 19:26:42,480][com.java.TestType] [11799] - Action Type : Verify
[INFO ][2016-01-28 19:26:42,480][com.java.TestType] [ 8040] - field= BTN value= //img[contains(@src,'bdlogo.jpg')]
[INFO ][2016-01-28 19:26:42,482][com.java.TestType] [ 6440] - value = //img[contains(@src,'bdlogo.jpg')]
[INFO ][2016-01-28 19:26:42,642][com.java.TestType] [11818] -  RESULT true
[INFO ][2016-01-28 19:26:42,642][com.java.TestType] [11935] - ?   P A S S   ?
[INFO ][2016-01-28 19:26:42,642][com.java.TestType] [12006] - Looping End......
[INFO ][2016-01-28 19:26:42,642][com.java.SeleniumDriver] [  930] -  RESULT true
[INFO ][2016-01-28 19:26:42,642][com.java.SeleniumDriver] [ 1136] - ?   P A S S   ?
[INFO ][2016-01-28 19:26:42,642][com.java.SeleniumDriver] [  856] - ------------------------------------------
[INFO ][2016-01-28 19:26:42,642][com.java.SeleniumDriver] [  857] - Test case being Executed: 13
[INFO ][2016-01-28 19:26:42,642][com.java.SeleniumDriver] [  869] - Test step:84
[INFO ][2016-01-28 19:26:42,642][com.java.SeleniumDriver] [  881] - Datavalue is----------null
[DEBUG][2016-01-28 19:26:42,642][com.java.SeleniumDriver] [  899] - Exception: null
[INFO ][2016-01-28 19:26:42,642][com.java.SeleniumDriver] [  905] - DataField : //span[@class='icon-user4']&&//a[text()='Users']&&//a[@data-id="ModifyUsers"]
[INFO ][2016-01-28 19:26:42,642][com.java.SeleniumDriver] [  907] - DataValue : 
[INFO ][2016-01-28 19:26:42,642][com.java.SeleniumDriver] [  913] - <In Set values of the page>
[INFO ][2016-01-28 19:26:42,642][com.java.SeleniumDriver] [  916] - {Data Fields & Data Values Exist}
[INFO ][2016-01-28 19:26:42,642][com.java.SeleniumDriver] [  918] - --------------------------setting values-----------------------------
[INFO ][2016-01-28 19:26:42,642][com.java.SeleniumDriver] [  921] - Action Type : MouseOver
[INFO ][2016-01-28 19:27:27,137][com.java.SeleniumDriver] [  930] -  RESULT true
[INFO ][2016-01-28 19:27:27,137][com.java.SeleniumDriver] [ 1136] - ?   P A S S   ?
[INFO ][2016-01-28 19:27:27,137][com.java.SeleniumDriver] [  856] - ------------------------------------------
[INFO ][2016-01-28 19:27:27,137][com.java.SeleniumDriver] [  857] - Test case being Executed: 13
[INFO ][2016-01-28 19:27:27,137][com.java.SeleniumDriver] [  869] - Test step:85
[INFO ][2016-01-28 19:27:27,137][com.java.SeleniumDriver] [  881] - Datavalue is----------10
[INFO ][2016-01-28 19:27:27,137][com.java.SeleniumDriver] [  905] - DataField : BTNframeDialogContent
[INFO ][2016-01-28 19:27:27,137][com.java.SeleniumDriver] [  907] - DataValue : 10
[INFO ][2016-01-28 19:27:27,137][com.java.SeleniumDriver] [  913] - <In Set values of the page>
[INFO ][2016-01-28 19:27:27,137][com.java.SeleniumDriver] [  916] - {Data Fields & Data Values Exist}
[INFO ][2016-01-28 19:27:27,137][com.java.SeleniumDriver] [  918] - --------------------------setting values-----------------------------
[INFO ][2016-01-28 19:27:27,137][com.java.SeleniumDriver] [  921] - Action Type : WaitForElement
[INFO ][2016-01-28 19:27:28,398][com.java.SeleniumDriver] [  930] -  RESULT true
[INFO ][2016-01-28 19:27:28,398][com.java.SeleniumDriver] [ 1136] - ?   P A S S   ?
[INFO ][2016-01-28 19:27:28,398][com.java.SeleniumDriver] [  856] - ------------------------------------------
[INFO ][2016-01-28 19:27:28,398][com.java.SeleniumDriver] [  857] - Test case being Executed: 13
[INFO ][2016-01-28 19:27:28,398][com.java.SeleniumDriver] [  869] - Test step:86
[INFO ][2016-01-28 19:27:28,398][com.java.SeleniumDriver] [  881] - Datavalue is----------null
[DEBUG][2016-01-28 19:27:28,398][com.java.SeleniumDriver] [  899] - Exception: null
[INFO ][2016-01-28 19:27:28,398][com.java.SeleniumDriver] [  905] - DataField : BTNframeDialogContent
[INFO ][2016-01-28 19:27:28,398][com.java.SeleniumDriver] [  907] - DataValue : 
[INFO ][2016-01-28 19:27:28,398][com.java.SeleniumDriver] [  913] - <In Set values of the page>
[INFO ][2016-01-28 19:27:28,398][com.java.SeleniumDriver] [  916] - {Data Fields & Data Values Exist}
[INFO ][2016-01-28 19:27:28,398][com.java.SeleniumDriver] [  918] - --------------------------setting values-----------------------------
[INFO ][2016-01-28 19:27:28,398][com.java.SeleniumDriver] [  921] - Action Type : SelectFrame
[INFO ][2016-01-28 19:27:29,720][com.java.SeleniumDriver] [  930] -  RESULT true
[INFO ][2016-01-28 19:27:29,720][com.java.SeleniumDriver] [ 1136] - ?   P A S S   ?
[INFO ][2016-01-28 19:27:29,720][com.java.SeleniumDriver] [  856] - ------------------------------------------
[INFO ][2016-01-28 19:27:29,720][com.java.SeleniumDriver] [  857] - Test case being Executed: 13
[INFO ][2016-01-28 19:27:29,720][com.java.SeleniumDriver] [  869] - Test step:87
[INFO ][2016-01-28 19:27:29,720][com.java.SeleniumDriver] [  881] - Datavalue is----------HMVLogin_username
[INFO ][2016-01-28 19:27:29,720][com.java.SeleniumDriver] [  905] - DataField : MNC//div[@id="divUserListing"]//td//span[@id='deleteUser.mytext']
[INFO ][2016-01-28 19:27:29,720][com.java.SeleniumDriver] [  907] - DataValue : HMVLogin_username
[INFO ][2016-01-28 19:27:29,720][com.java.SeleniumDriver] [  913] - <In Set values of the page>
[INFO ][2016-01-28 19:27:29,720][com.java.SeleniumDriver] [  916] - {Data Fields & Data Values Exist}
[INFO ][2016-01-28 19:27:29,720][com.java.SeleniumDriver] [  918] - --------------------------setting values-----------------------------
[INFO ][2016-01-28 19:27:29,720][com.java.SeleniumDriver] [  921] - Action Type : CLICKWITHALERT
[INFO ][2016-01-28 19:27:29,720][com.java.TestType] [ 6819] - Field ::MNC//div[@id="divUserListing"]//td//span[@id='deleteUser.mytext']
[INFO ][2016-01-28 19:27:29,720][com.java.TestType] [ 6440] - value = vltest.robot32947.00058
[ERROR][2016-01-28 19:27:30,720][com.java.TestType] [ 7228] - Exception in MNC click: null
[INFO ][2016-01-28 19:27:32,820][com.java.SeleniumDriver] [  930] -  RESULT true
[INFO ][2016-01-28 19:27:32,820][com.java.SeleniumDriver] [ 1136] - ?   P A S S   ?
[INFO ][2016-01-28 19:27:32,820][com.java.SeleniumDriver] [  856] - ------------------------------------------
[INFO ][2016-01-28 19:27:32,820][com.java.SeleniumDriver] [  857] - Test case being Executed: 13
[INFO ][2016-01-28 19:27:32,820][com.java.SeleniumDriver] [  869] - Test step:88
[INFO ][2016-01-28 19:27:32,820][com.java.SeleniumDriver] [  881] - Datavalue is----------5
[INFO ][2016-01-28 19:27:32,820][com.java.SeleniumDriver] [  905] - DataField : test
[INFO ][2016-01-28 19:27:32,820][com.java.SeleniumDriver] [  907] - DataValue : 5
[INFO ][2016-01-28 19:27:32,820][com.java.SeleniumDriver] [  913] - <In Set values of the page>
[INFO ][2016-01-28 19:27:32,820][com.java.SeleniumDriver] [  916] - {Data Fields & Data Values Exist}
[INFO ][2016-01-28 19:27:32,820][com.java.SeleniumDriver] [  918] - --------------------------setting values-----------------------------
[INFO ][2016-01-28 19:27:32,820][com.java.SeleniumDriver] [  921] - Action Type : WaitTime
[DEBUG][2016-01-28 19:27:32,820][com.java.TestType] [ 6254] - sleepTime: 5000
[INFO ][2016-01-28 19:27:37,821][com.java.SeleniumDriver] [  930] -  RESULT true
[INFO ][2016-01-28 19:27:37,821][com.java.SeleniumDriver] [ 1136] - ?   P A S S   ?
[INFO ][2016-01-28 19:27:37,821][com.java.SeleniumDriver] [  856] - ------------------------------------------
[INFO ][2016-01-28 19:27:37,821][com.java.SeleniumDriver] [  857] - Test case being Executed: 13
[INFO ][2016-01-28 19:27:37,821][com.java.SeleniumDriver] [  869] - Test step:89
[INFO ][2016-01-28 19:27:37,821][com.java.SeleniumDriver] [  881] - Datavalue is----------5
[INFO ][2016-01-28 19:27:37,821][com.java.SeleniumDriver] [  905] - DataField : BTNbtnAddUser
[INFO ][2016-01-28 19:27:37,821][com.java.SeleniumDriver] [  907] - DataValue : 5
[INFO ][2016-01-28 19:27:37,821][com.java.SeleniumDriver] [  913] - <In Set values of the page>
[INFO ][2016-01-28 19:27:37,821][com.java.SeleniumDriver] [  916] - {Data Fields & Data Values Exist}
[INFO ][2016-01-28 19:27:37,821][com.java.SeleniumDriver] [  918] - --------------------------setting values-----------------------------
[INFO ][2016-01-28 19:27:37,821][com.java.SeleniumDriver] [  921] - Action Type : WaitForElement
[INFO ][2016-01-28 19:27:39,092][com.java.SeleniumDriver] [  930] -  RESULT true
[INFO ][2016-01-28 19:27:39,092][com.java.SeleniumDriver] [ 1136] - ?   P A S S   ?
[INFO ][2016-01-28 19:27:39,092][com.java.SeleniumDriver] [  856] - ------------------------------------------
[INFO ][2016-01-28 19:27:39,092][com.java.SeleniumDriver] [  857] - Test case being Executed: 13
[INFO ][2016-01-28 19:27:39,092][com.java.SeleniumDriver] [  869] - Test step:90
[INFO ][2016-01-28 19:27:39,092][com.java.SeleniumDriver] [  881] - Datavalue is----------HMVLogin_username
[INFO ][2016-01-28 19:27:39,092][com.java.SeleniumDriver] [  905] - DataField : LNK
[INFO ][2016-01-28 19:27:39,092][com.java.SeleniumDriver] [  907] - DataValue : HMVLogin_username
[INFO ][2016-01-28 19:27:39,092][com.java.SeleniumDriver] [  913] - <In Set values of the page>
[INFO ][2016-01-28 19:27:39,092][com.java.SeleniumDriver] [  916] - {Data Fields & Data Values Exist}
[INFO ][2016-01-28 19:27:39,092][com.java.SeleniumDriver] [  918] - --------------------------setting values-----------------------------
[INFO ][2016-01-28 19:27:39,092][com.java.SeleniumDriver] [  921] - Action Type : VERIFYNOTPRESENT
[INFO ][2016-01-28 19:27:39,092][com.java.TestType] [ 9784] - field= LNK value= HMVLogin_username
[INFO ][2016-01-28 19:27:57,703][com.java.SeleniumDriver] [  930] -  RESULT true
[INFO ][2016-01-28 19:27:57,703][com.java.SeleniumDriver] [ 1136] - ?   P A S S   ?
[INFO ][2016-01-28 19:27:57,703][com.java.SeleniumDriver] [  856] - ------------------------------------------
[INFO ][2016-01-28 19:27:57,703][com.java.SeleniumDriver] [  857] - Test case being Executed: 13
[INFO ][2016-01-28 19:27:57,703][com.java.SeleniumDriver] [  869] - Test step:91
[INFO ][2016-01-28 19:27:57,703][com.java.SeleniumDriver] [  881] - Datavalue is----------null
[DEBUG][2016-01-28 19:27:57,703][com.java.SeleniumDriver] [  899] - Exception: null
[INFO ][2016-01-28 19:27:57,703][com.java.SeleniumDriver] [  905] - DataField : BTNparent
[INFO ][2016-01-28 19:27:57,703][com.java.SeleniumDriver] [  907] - DataValue : 
[INFO ][2016-01-28 19:27:57,703][com.java.SeleniumDriver] [  913] - <In Set values of the page>
[INFO ][2016-01-28 19:27:57,703][com.java.SeleniumDriver] [  916] - {Data Fields & Data Values Exist}
[INFO ][2016-01-28 19:27:57,703][com.java.SeleniumDriver] [  918] - --------------------------setting values-----------------------------
[INFO ][2016-01-28 19:27:57,703][com.java.SeleniumDriver] [  921] - Action Type : SelectFrame
[INFO ][2016-01-28 19:27:57,704][com.java.SeleniumDriver] [  930] -  RESULT true
[INFO ][2016-01-28 19:27:57,704][com.java.SeleniumDriver] [ 1136] - ?   P A S S   ?
[INFO ][2016-01-28 19:27:57,704][com.java.SeleniumDriver] [  856] - ------------------------------------------
[INFO ][2016-01-28 19:27:57,704][com.java.SeleniumDriver] [  857] - Test case being Executed: 13
[INFO ][2016-01-28 19:27:57,704][com.java.SeleniumDriver] [  869] - Test step:92
[INFO ][2016-01-28 19:27:57,704][com.java.SeleniumDriver] [  881] - Datavalue is----------null
[DEBUG][2016-01-28 19:27:57,704][com.java.SeleniumDriver] [  899] - Exception: null
[INFO ][2016-01-28 19:27:57,704][com.java.SeleniumDriver] [  905] - DataField : BTN//span[text()='Finished']
[INFO ][2016-01-28 19:27:57,704][com.java.SeleniumDriver] [  907] - DataValue : 
[INFO ][2016-01-28 19:27:57,704][com.java.SeleniumDriver] [  913] - <In Set values of the page>
[INFO ][2016-01-28 19:27:57,704][com.java.SeleniumDriver] [  916] - {Data Fields & Data Values Exist}
[INFO ][2016-01-28 19:27:57,704][com.java.SeleniumDriver] [  918] - --------------------------setting values-----------------------------
[INFO ][2016-01-28 19:27:57,704][com.java.SeleniumDriver] [  921] - Action Type : Click
[INFO ][2016-01-28 19:27:57,704][com.java.TestType] [ 6819] - Field ::BTN//span[text()='Finished']
[INFO ][2016-01-28 19:27:57,704][com.java.TestType] [ 6440] - value = 
[INFO ][2016-01-28 19:27:58,714][com.java.TestType] [ 6971] - BEFORE CLICK
[INFO ][2016-01-28 19:27:59,185][com.java.TestType] [ 6978] - Unable to click the object Finished button
[INFO ][2016-01-28 19:27:59,185][com.java.SeleniumDriver] [  930] -  RESULT true
[INFO ][2016-01-28 19:27:59,185][com.java.SeleniumDriver] [ 1136] - ?   P A S S   ?
[DEBUG][2016-01-28 19:27:59,185][com.java.SeleniumDriver] [ 1248] - Case found
[DEBUG][2016-01-28 19:27:59,185][com.java.SeleniumDriver] [ 1253] - Incrementing ReportCounters[0]:2
[INFO ][2016-01-28 19:27:59,185][com.java.SeleniumDriver] [ 1272] - The results are-------------------[13, 1, Settings > Change Password : Change button, Pass, , Thu Jan 28 19:18:03 IST 2016, 13, 3, Settings > Change Password : Change button, Pass, , Thu Jan 28 19:18:10 IST 2016, 13, 4, Settings > Change Password : Change button, Pass, , Thu Jan 28 19:19:00 IST 2016, 13, 5, Settings > Change Password : Change button, Pass, , Thu Jan 28 19:19:02 IST 2016, 13, 6, Settings > Change Password : Change button, Pass, , Thu Jan 28 19:19:03 IST 2016, 13, 7, Settings > Change Password : Change button, Pass, , Thu Jan 28 19:19:04 IST 2016, 13, 8, Settings > Change Password : Change button, Pass, , Thu Jan 28 19:19:07 IST 2016, 13, 9, Settings > Change Password : Change button, Pass, , Thu Jan 28 19:19:10 IST 2016, 13, 10, Settings > Change Password : Change button, Pass, , Thu Jan 28 19:19:11 IST 2016, 13, 11, Settings > Change Password : Change button, Pass, , Thu Jan 28 19:19:14 IST 2016, 13, 12, Settings > Change Password : Change button, Pass, , Thu Jan 28 19:19:15 IST 2016, 13, 13, Settings > Change Password : Change button, Pass, , Thu Jan 28 19:19:16 IST 2016, 13, 14, Settings > Change Password : Change button, Pass, , Thu Jan 28 19:19:18 IST 2016, 13, 15, Settings > Change Password : Change button, Pass, , Thu Jan 28 19:19:19 IST 2016, 13, 16, Settings > Change Password : Change button, Pass, , Thu Jan 28 19:19:20 IST 2016, 13, 17, Settings > Change Password : Change button, Pass, , Thu Jan 28 19:19:21 IST 2016, 13, 18, Settings > Change Password : Change button, Pass, , Thu Jan 28 19:19:23 IST 2016, 13, 19, Settings > Change Password : Change button, Pass, , Thu Jan 28 19:19:24 IST 2016, 13, 20, Settings > Change Password : Change button, Pass, , Thu Jan 28 19:19:25 IST 2016, 13, 21, Settings > Change Password : Change button, Pass, , Thu Jan 28 19:19:26 IST 2016, 13, 22, Settings > Change Password : Change button, Pass, , Thu Jan 28 19:19:28 IST 2016, 13, 23, Settings > Change Password : Change button, Pass, , Thu Jan 28 19:19:29 IST 2016, 13, 24, Settings > Change Password : Change button, Pass, , Thu Jan 28 19:19:31 IST 2016, 13, 25, Settings > Change Password : Change button, Pass, , Thu Jan 28 19:19:32 IST 2016, 13, 26, Settings > Change Password : Change button, Pass, , Thu Jan 28 19:19:34 IST 2016, 13, 27, Settings > Change Password : Change button, Pass, , Thu Jan 28 19:19:35 IST 2016, 13, 28, Settings > Change Password : Change button, Pass, , Thu Jan 28 19:19:38 IST 2016, 13, 29, Settings > Change Password : Change button, Pass, , Thu Jan 28 19:19:43 IST 2016, 13, 30, Settings > Change Password : Change button, Pass, , Thu Jan 28 19:19:43 IST 2016, 13, 31, Settings > Change Password : Change button, Pass, , Thu Jan 28 19:19:45 IST 2016, 13, 32, Settings > Change Password : Change button, Pass, , Thu Jan 28 19:19:50 IST 2016, 13, 33, Settings > Change Password : Change button, Pass, , Thu Jan 28 19:19:52 IST 2016, 13, 34, Settings > Change Password : Change button, Pass, , Thu Jan 28 19:19:54 IST 2016, 13, 35, Settings > Change Password : Change button, Pass, , Thu Jan 28 19:19:56 IST 2016, 13, 37, Settings > Change Password : Change button, Pass, , Thu Jan 28 19:19:58 IST 2016, 13, 38, Settings > Change Password : Change button, Pass, , Thu Jan 28 19:20:00 IST 2016, 13, 39, Settings > Change Password : Change button, Pass, , Thu Jan 28 19:20:02 IST 2016, 13, 40, Settings > Change Password : Change button, Pass, , Thu Jan 28 19:20:02 IST 2016, 13, 41, Settings > Change Password : Change button, Pass, , Thu Jan 28 19:20:07 IST 2016, 13, 42, Settings > Change Password : Change button, Pass, , Thu Jan 28 19:20:13 IST 2016, 13, 43, Settings > Change Password : Change button, Pass, , Thu Jan 28 19:20:14 IST 2016, 13, 44, Settings > Change Password : Change button, Pass, , Thu Jan 28 19:20:15 IST 2016, 13, 45, Settings > Change Password : Change button, Pass, , Thu Jan 28 19:20:15 IST 2016, 13, 46, Settings > Change Password : Change button, Pass, , Thu Jan 28 19:20:15 IST 2016, 13, 47, Settings > Change Password : Change button, Pass, , Thu Jan 28 19:20:15 IST 2016, 13, 48, Settings > Change Password : Change button, Pass, , Thu Jan 28 19:20:15 IST 2016, 13, 49, Settings > Change Password : Change button, Pass, , Thu Jan 28 19:20:17 IST 2016, 13, 50, Settings > Change Password : Change button, Pass, , Thu Jan 28 19:20:17 IST 2016, 13, 51, Settings > Change Password : Change button, Pass, , Thu Jan 28 19:20:47 IST 2016, 13, 52, Settings > Change Password : Change button, Pass, , Thu Jan 28 19:20:48 IST 2016, 13, 53, Settings > Change Password : Change button, Pass, , Thu Jan 28 19:20:52 IST 2016, 13, 54, Settings > Change Password : Change button, Pass, , Thu Jan 28 19:20:57 IST 2016, 13, 55, Settings > Change Password : Change button, Pass, , Thu Jan 28 19:20:59 IST 2016, 13, 56, Settings > Change Password : Change button, Pass, , Thu Jan 28 19:23:58 IST 2016, 13, 57, Settings > Change Password : Change button, Pass, , Thu Jan 28 19:24:05 IST 2016, 13, 58, Settings > Change Password : Change button, Pass, , Thu Jan 28 19:24:06 IST 2016, 13, 59, Settings > Change Password : Change button, Pass, , Thu Jan 28 19:24:52 IST 2016, 13, 60, Settings > Change Password : Change button, Pass, , Thu Jan 28 19:24:52 IST 2016, 13, 61, Settings > Change Password : Change button, Pass, , Thu Jan 28 19:24:52 IST 2016, 13, 62, Settings > Change Password : Change button, Pass, , Thu Jan 28 19:24:52 IST 2016, 13, 63, Settings > Change Password : Change button, Pass, , Thu Jan 28 19:24:53 IST 2016, 13, 64, Settings > Change Password : Change button, Pass, , Thu Jan 28 19:24:56 IST 2016, 13, 65, Settings > Change Password : Change button, Pass, , Thu Jan 28 19:24:58 IST 2016, 13, 66, Settings > Change Password : Change button, Pass, , Thu Jan 28 19:24:59 IST 2016, 13, 67, Settings > Change Password : Change button, Pass, , Thu Jan 28 19:25:00 IST 2016, 13, 68, Settings > Change Password : Change button, Pass, , Thu Jan 28 19:25:02 IST 2016, 13, 69, Settings > Change Password : Change button, Pass, , Thu Jan 28 19:25:02 IST 2016, 13, 70, Settings > Change Password : Change button, Pass, , Thu Jan 28 19:25:02 IST 2016, 13, 71, Settings > Change Password : Change button, Pass, , Thu Jan 28 19:25:03 IST 2016, 13, 72, Settings > Change Password : Change button, Pass, , Thu Jan 28 19:25:13 IST 2016, 13, 73, Settings > Change Password : Change button, Pass, , Thu Jan 28 19:25:39 IST 2016, 13, 74, Settings > Change Password : Change button, Pass, , Thu Jan 28 19:25:41 IST 2016, 13, 75, Settings > Change Password : Change button, Pass, , Thu Jan 28 19:25:42 IST 2016, 13, 76, Settings > Change Password : Change button, Pass, , Thu Jan 28 19:25:46 IST 2016, 13, 77, Settings > Change Password : Change button, Pass, , Thu Jan 28 19:25:51 IST 2016, 13, 78, Settings > Change Password : Change button, Pass, , Thu Jan 28 19:25:52 IST 2016, 13, 79, Settings > Change Password : Change button, Pass, , Thu Jan 28 19:25:56 IST 2016, 13, 80, Settings > Change Password : Change button, Pass, , Thu Jan 28 19:25:58 IST 2016, 13, 81, Settings > Change Password : Change button, Pass, , Thu Jan 28 19:25:58 IST 2016, 13, 82, Settings > Change Password : Change button, Pass, , Thu Jan 28 19:26:27 IST 2016, 13, 83, Settings > Change Password : Change button, Pass, , Thu Jan 28 19:26:42 IST 2016, 13, 84, Settings > Change Password : Change button, Pass, , Thu Jan 28 19:27:27 IST 2016, 13, 85, Settings > Change Password : Change button, Pass, , Thu Jan 28 19:27:28 IST 2016, 13, 86, Settings > Change Password : Change button, Pass, , Thu Jan 28 19:27:29 IST 2016, 13, 87, Settings > Change Password : Change button, Pass, , Thu Jan 28 19:27:32 IST 2016, 13, 88, Settings > Change Password : Change button, Pass, , Thu Jan 28 19:27:37 IST 2016, 13, 89, Settings > Change Password : Change button, Pass, , Thu Jan 28 19:27:39 IST 2016, 13, 90, Settings > Change Password : Change button, Pass, , Thu Jan 28 19:27:57 IST 2016, 13, 91, Settings > Change Password : Change button, Pass, , Thu Jan 28 19:27:57 IST 2016, 13, 92, Settings > Change Password : Change button, Pass, , Thu Jan 28 19:27:59 IST 2016]
[INFO ][2016-01-28 19:27:59,185][com.java.SeleniumDriver] [ 1276] - End time is-------10 min 52 sec
[INFO ][2016-01-28 19:27:59,185][com.java.SeleniumDriver] [ 1277] - The results are-------------------[13, 1, Settings > Change Password : Change button, Pass, , Thu Jan 28 19:18:03 IST 2016, 13, 3, Settings > Change Password : Change button, Pass, , Thu Jan 28 19:18:10 IST 2016, 13, 4, Settings > Change Password : Change button, Pass, , Thu Jan 28 19:19:00 IST 2016, 13, 5, Settings > Change Password : Change button, Pass, , Thu Jan 28 19:19:02 IST 2016, 13, 6, Settings > Change Password : Change button, Pass, , Thu Jan 28 19:19:03 IST 2016, 13, 7, Settings > Change Password : Change button, Pass, , Thu Jan 28 19:19:04 IST 2016, 13, 8, Settings > Change Password : Change button, Pass, , Thu Jan 28 19:19:07 IST 2016, 13, 9, Settings > Change Password : Change button, Pass, , Thu Jan 28 19:19:10 IST 2016, 13, 10, Settings > Change Password : Change button, Pass, , Thu Jan 28 19:19:11 IST 2016, 13, 11, Settings > Change Password : Change button, Pass, , Thu Jan 28 19:19:14 IST 2016, 13, 12, Settings > Change Password : Change button, Pass, , Thu Jan 28 19:19:15 IST 2016, 13, 13, Settings > Change Password : Change button, Pass, , Thu Jan 28 19:19:16 IST 2016, 13, 14, Settings > Change Password : Change button, Pass, , Thu Jan 28 19:19:18 IST 2016, 13, 15, Settings > Change Password : Change button, Pass, , Thu Jan 28 19:19:19 IST 2016, 13, 16, Settings > Change Password : Change button, Pass, , Thu Jan 28 19:19:20 IST 2016, 13, 17, Settings > Change Password : Change button, Pass, , Thu Jan 28 19:19:21 IST 2016, 13, 18, Settings > Change Password : Change button, Pass, , Thu Jan 28 19:19:23 IST 2016, 13, 19, Settings > Change Password : Change button, Pass, , Thu Jan 28 19:19:24 IST 2016, 13, 20, Settings > Change Password : Change button, Pass, , Thu Jan 28 19:19:25 IST 2016, 13, 21, Settings > Change Password : Change button, Pass, , Thu Jan 28 19:19:26 IST 2016, 13, 22, Settings > Change Password : Change button, Pass, , Thu Jan 28 19:19:28 IST 2016, 13, 23, Settings > Change Password : Change button, Pass, , Thu Jan 28 19:19:29 IST 2016, 13, 24, Settings > Change Password : Change button, Pass, , Thu Jan 28 19:19:31 IST 2016, 13, 25, Settings > Change Password : Change button, Pass, , Thu Jan 28 19:19:32 IST 2016, 13, 26, Settings > Change Password : Change button, Pass, , Thu Jan 28 19:19:34 IST 2016, 13, 27, Settings > Change Password : Change button, Pass, , Thu Jan 28 19:19:35 IST 2016, 13, 28, Settings > Change Password : Change button, Pass, , Thu Jan 28 19:19:38 IST 2016, 13, 29, Settings > Change Password : Change button, Pass, , Thu Jan 28 19:19:43 IST 2016, 13, 30, Settings > Change Password : Change button, Pass, , Thu Jan 28 19:19:43 IST 2016, 13, 31, Settings > Change Password : Change button, Pass, , Thu Jan 28 19:19:45 IST 2016, 13, 32, Settings > Change Password : Change button, Pass, , Thu Jan 28 19:19:50 IST 2016, 13, 33, Settings > Change Password : Change button, Pass, , Thu Jan 28 19:19:52 IST 2016, 13, 34, Settings > Change Password : Change button, Pass, , Thu Jan 28 19:19:54 IST 2016, 13, 35, Settings > Change Password : Change button, Pass, , Thu Jan 28 19:19:56 IST 2016, 13, 37, Settings > Change Password : Change button, Pass, , Thu Jan 28 19:19:58 IST 2016, 13, 38, Settings > Change Password : Change button, Pass, , Thu Jan 28 19:20:00 IST 2016, 13, 39, Settings > Change Password : Change button, Pass, , Thu Jan 28 19:20:02 IST 2016, 13, 40, Settings > Change Password : Change button, Pass, , Thu Jan 28 19:20:02 IST 2016, 13, 41, Settings > Change Password : Change button, Pass, , Thu Jan 28 19:20:07 IST 2016, 13, 42, Settings > Change Password : Change button, Pass, , Thu Jan 28 19:20:13 IST 2016, 13, 43, Settings > Change Password : Change button, Pass, , Thu Jan 28 19:20:14 IST 2016, 13, 44, Settings > Change Password : Change button, Pass, , Thu Jan 28 19:20:15 IST 2016, 13, 45, Settings > Change Password : Change button, Pass, , Thu Jan 28 19:20:15 IST 2016, 13, 46, Settings > Change Password : Change button, Pass, , Thu Jan 28 19:20:15 IST 2016, 13, 47, Settings > Change Password : Change button, Pass, , Thu Jan 28 19:20:15 IST 2016, 13, 48, Settings > Change Password : Change button, Pass, , Thu Jan 28 19:20:15 IST 2016, 13, 49, Settings > Change Password : Change button, Pass, , Thu Jan 28 19:20:17 IST 2016, 13, 50, Settings > Change Password : Change button, Pass, , Thu Jan 28 19:20:17 IST 2016, 13, 51, Settings > Change Password : Change button, Pass, , Thu Jan 28 19:20:47 IST 2016, 13, 52, Settings > Change Password : Change button, Pass, , Thu Jan 28 19:20:48 IST 2016, 13, 53, Settings > Change Password : Change button, Pass, , Thu Jan 28 19:20:52 IST 2016, 13, 54, Settings > Change Password : Change button, Pass, , Thu Jan 28 19:20:57 IST 2016, 13, 55, Settings > Change Password : Change button, Pass, , Thu Jan 28 19:20:59 IST 2016, 13, 56, Settings > Change Password : Change button, Pass, , Thu Jan 28 19:23:58 IST 2016, 13, 57, Settings > Change Password : Change button, Pass, , Thu Jan 28 19:24:05 IST 2016, 13, 58, Settings > Change Password : Change button, Pass, , Thu Jan 28 19:24:06 IST 2016, 13, 59, Settings > Change Password : Change button, Pass, , Thu Jan 28 19:24:52 IST 2016, 13, 60, Settings > Change Password : Change button, Pass, , Thu Jan 28 19:24:52 IST 2016, 13, 61, Settings > Change Password : Change button, Pass, , Thu Jan 28 19:24:52 IST 2016, 13, 62, Settings > Change Password : Change button, Pass, , Thu Jan 28 19:24:52 IST 2016, 13, 63, Settings > Change Password : Change button, Pass, , Thu Jan 28 19:24:53 IST 2016, 13, 64, Settings > Change Password : Change button, Pass, , Thu Jan 28 19:24:56 IST 2016, 13, 65, Settings > Change Password : Change button, Pass, , Thu Jan 28 19:24:58 IST 2016, 13, 66, Settings > Change Password : Change button, Pass, , Thu Jan 28 19:24:59 IST 2016, 13, 67, Settings > Change Password : Change button, Pass, , Thu Jan 28 19:25:00 IST 2016, 13, 68, Settings > Change Password : Change button, Pass, , Thu Jan 28 19:25:02 IST 2016, 13, 69, Settings > Change Password : Change button, Pass, , Thu Jan 28 19:25:02 IST 2016, 13, 70, Settings > Change Password : Change button, Pass, , Thu Jan 28 19:25:02 IST 2016, 13, 71, Settings > Change Password : Change button, Pass, , Thu Jan 28 19:25:03 IST 2016, 13, 72, Settings > Change Password : Change button, Pass, , Thu Jan 28 19:25:13 IST 2016, 13, 73, Settings > Change Password : Change button, Pass, , Thu Jan 28 19:25:39 IST 2016, 13, 74, Settings > Change Password : Change button, Pass, , Thu Jan 28 19:25:41 IST 2016, 13, 75, Settings > Change Password : Change button, Pass, , Thu Jan 28 19:25:42 IST 2016, 13, 76, Settings > Change Password : Change button, Pass, , Thu Jan 28 19:25:46 IST 2016, 13, 77, Settings > Change Password : Change button, Pass, , Thu Jan 28 19:25:51 IST 2016, 13, 78, Settings > Change Password : Change button, Pass, , Thu Jan 28 19:25:52 IST 2016, 13, 79, Settings > Change Password : Change button, Pass, , Thu Jan 28 19:25:56 IST 2016, 13, 80, Settings > Change Password : Change button, Pass, , Thu Jan 28 19:25:58 IST 2016, 13, 81, Settings > Change Password : Change button, Pass, , Thu Jan 28 19:25:58 IST 2016, 13, 82, Settings > Change Password : Change button, Pass, , Thu Jan 28 19:26:27 IST 2016, 13, 83, Settings > Change Password : Change button, Pass, , Thu Jan 28 19:26:42 IST 2016, 13, 84, Settings > Change Password : Change button, Pass, , Thu Jan 28 19:27:27 IST 2016, 13, 85, Settings > Change Password : Change button, Pass, , Thu Jan 28 19:27:28 IST 2016, 13, 86, Settings > Change Password : Change button, Pass, , Thu Jan 28 19:27:29 IST 2016, 13, 87, Settings > Change Password : Change button, Pass, , Thu Jan 28 19:27:32 IST 2016, 13, 88, Settings > Change Password : Change button, Pass, , Thu Jan 28 19:27:37 IST 2016, 13, 89, Settings > Change Password : Change button, Pass, , Thu Jan 28 19:27:39 IST 2016, 13, 90, Settings > Change Password : Change button, Pass, , Thu Jan 28 19:27:57 IST 2016, 13, 91, Settings > Change Password : Change button, Pass, , Thu Jan 28 19:27:57 IST 2016, 13, 92, Settings > Change Password : Change button, Pass, , Thu Jan 28 19:27:59 IST 2016]
[DEBUG][2016-01-28 19:27:59,185][com.java.ImportnExport.ExportTestResultsExcel] [  222] - testResultPath = D:\BankersDashboard/TestReports/Test Results_BankersDashBoard_012816_191708_IE10_United Bank.xls
[DEBUG][2016-01-28 19:27:59,185][com.java.ImportnExport.ExportTestResultsExcel] [  223] - browser is------------IE10
[DEBUG][2016-01-28 19:27:59,185][com.java.ImportnExport.ExportTestResultsExcel] [  270] - result.size() = 540
[DEBUG][2016-01-28 19:27:59,185][com.java.ImportnExport.ExportTestResultsExcel] [  274] - No of rows in sheet=2
[DEBUG][2016-01-28 19:27:59,185][com.java.ImportnExport.ExportTestResultsExcel] [  301] - ..in export..13
[DEBUG][2016-01-28 19:27:59,185][com.java.ImportnExport.ExportTestResultsExcel] [  301] - ..in export..Settings > Change Password : Change button
[DEBUG][2016-01-28 19:27:59,185][com.java.ImportnExport.ExportTestResultsExcel] [  301] - ..in export..Pass
[DEBUG][2016-01-28 19:27:59,185][com.java.ImportnExport.ExportTestResultsExcel] [  301] - ..in export..
[DEBUG][2016-01-28 19:27:59,185][com.java.ImportnExport.ExportTestResultsExcel] [  301] - ..in export..Thu Jan 28 19:18:03 IST 2016
[INFO ][2016-01-28 19:27:59,185][com.java.SeleniumDriver] [ 1337] - out loop:1 size:2 TestCases:[1, 13] testcases:[1, 13]
[INFO ][2016-01-28 19:28:01,185][com.java.SeleniumDriver] [ 1380] - Total Number of Cases:2
[INFO ][2016-01-28 19:28:01,185][com.java.TemplateGenerator] [  302] - Executed:2
[INFO ][2016-01-28 19:28:01,185][com.java.TemplateGenerator] [  303] - Passed:2
[INFO ][2016-01-28 19:28:01,185][com.java.TemplateGenerator] [  304] - Failed:0
[INFO ][2016-01-28 19:28:01,185][com.java.TemplateGenerator] [  305] - Skipeed:0
[INFO ][2016-01-28 19:28:01,185][com.java.TemplateGenerator] [  306] - Application URL:https://clients-xuat.bankersdashboard.com
[INFO ][2016-01-28 19:28:01,185][com.java.TemplateGenerator] [  307] - Start Time:012816_191708
[INFO ][2016-01-28 19:28:01,185][com.java.TemplateGenerator] [  308] -  Creating HTML Report 
[ERROR][2016-01-28 19:28:01,185][com.java.TemplateGenerator] [  409] - Unparseable date: "Thu Jan 28 07:17:08 IST 2016"
[INFO ][2016-01-28 19:28:01,185][com.java.TemplateGenerator] [  654] -  Exporting case :: 1
[INFO ][2016-01-28 19:28:01,185][com.java.TemplateGenerator] [  654] -  Exporting case :: 13
[INFO ][2016-01-28 19:28:01,185][com.java.SeleniumDriver] [ 1429] - End Time:012816_192801
[INFO ][2016-01-28 19:28:01,185][com.java.SeleniumDriver] [ 1432] - Data in Test Execution Details:{1=PASS, 13=PASS}
[INFO ][2016-01-28 19:28:01,185][com.java.SeleniumDriver] [ 1433] - Data in Failed Execution Deatils:{}
[INFO ][2016-01-28 19:28:01,185][com.java.SeleniumDriver] [ 1435] - ReportCounter:Total:2 :: PASS: 2 ::FAIL: 0
[INFO ][2016-01-28 19:28:01,185][com.java.SeleniumDriver] [ 1436] - FailedReportCounter:Total:0 :: PASS: 0 ::FAIL: 0
[INFO ][2016-01-28 19:28:01,186][com.java.EmailTestReport] [   63] - Sending report mail details:
[INFO ][2016-01-28 19:28:01,186][com.java.EmailTestReport] [   80] - Excel Report Path:D:\BankersDashboard/TestReports/Test Results_BankersDashBoard_012816_191708_IE10_United Bank.xls
[INFO ][2016-01-28 19:28:01,186][com.java.EmailTestReport] [   81] - HTML Report Path:D:\BankersDashboard//TestReports//Test Results_BankersDashBoard_012816_191708_IE10_United Bank.html
[INFO ][2016-01-28 19:28:01,186][com.java.EmailTestReport] [   82] - smtpHostName:mail01.valuelabs.com
[INFO ][2016-01-28 19:28:01,186][com.java.EmailTestReport] [   83] - Recipient:venkateswararao.gubbala@valuelabs.com;
[INFO ][2016-01-28 19:28:01,186][com.java.EmailTestReport] [   84] - From:venkateswararao.gubbala@valuelabs.com;
[INFO ][2016-01-28 19:28:01,186][com.java.EmailTestReport] [   85] - Subject:Deluxe Corp Bankers Dashboard Automation Test Report - United Bank - IE10
[INFO ][2016-01-28 19:28:01,206][com.java.EmailTestReport] [  143] -  Added venkateswararao.gubbala@valuelabs.com
[INFO ][2016-01-28 19:28:05,046][com.java.SeleniumDriver] [  722] - quitting the browser 
[INFO ][2016-01-28 19:28:06,658][com.java.SeleniumDriver] [  264] - Execution Completed Stopping the thread
