[INFO ][2015-12-09 17:29:06,256][com.java.SeleniumDriver] [  213] - Execute Failed Casesfalse
[INFO ][2015-12-09 17:29:06,256][com.java.SeleniumDriver] [  214] - Browser: IE10
[INFO ][2015-12-09 17:29:06,256][com.java.SeleniumDriver] [  215] - [1, 2]
[INFO ][2015-12-09 17:29:06,256][com.java.SeleniumDriver] [  216] - Total TestCases:2
[INFO ][2015-12-09 17:29:06,256][com.java.SeleniumDriver] [  217] -  Reading Properties from Property File 
[DEBUG][2015-12-09 17:29:06,257][com.java.SeleniumDriver] [  238] - url : https://clients-xuat.bankersdashboard.com
[INFO ][2015-12-09 17:29:06,258][com.java.ImportnExport.ExportTestResultsExcel] [  116] - Time Stamp Wed Dec 09 05:29:06 IST 2015
[INFO ][2015-12-09 17:29:06,258][com.java.ImportnExport.ExportTestResultsExcel] [  175] - OUT FILE : D:\BankersDashboard/TestReports/Test Results_BankersDashBoard_120915_172906_IE10_CB&S Bank.xls
[INFO ][2015-12-09 17:29:06,286][com.java.ImportnExport.ExportTestResultsExcel] [  180] - Test Result file is created
[DEBUG][2015-12-09 17:29:06,388][com.java.SeleniumDriver] [  426] - Hub ip address is-------172.17.68.34
[INFO ][2015-12-09 17:29:06,388][com.java.SeleniumDriver] [  452] - Grid URL:http://172.17.68.34:4444/wd/hub
[INFO ][2015-12-09 17:29:06,389][com.java.SeleniumDriver] [  453] - Capability:Capabilities [{platform=ANY, ensureCleanSession=true, ignoreProtectedModeSettings=true, acceptSslCerts=true, ignoreZoomSetting=true, browserName=internet explorer, browserstack.ie.noFlash=true, version=null}]
[ERROR][2015-12-09 17:29:07,687][com.java.SeleniumDriver] [  497] - Unable invoke browser in grid:Could not start a new session. Possible causes are invalid address of the remote server or browser start-up failure.
Build info: version: '2.48.2', revision: '41bccdd', time: '2015-10-09 19:59:12'
System info: host: 'FVTIII438F1D', ip: '172.17.68.34', os.name: 'Windows 7', os.arch: 'x86', os.version: '6.1', java.version: '1.7.0_55'
Driver info: driver.version: SeleniumDriver
[INFO ][2015-12-09 17:29:07,687][com.java.SeleniumDriver] [  499] - Executing on local machine
[INFO ][2015-12-09 17:29:17,220][com.java.SeleniumDriver] [  248] - IE10is opened
[INFO ][2015-12-09 17:29:18,056][com.java.SeleniumDriver] [  754] - Test cases to be executed are: [1, 2]
[INFO ][2015-12-09 17:29:18,075][com.java.ImportnExport.ImportTestDataDetailsExcel] [   49] - test data details path===== D:\BankersDashboard\TestInputs\TestData.xls
[INFO ][2015-12-09 17:29:18,151][com.java.SeleniumDriver] [  821] - ------------------------------------------
[INFO ][2015-12-09 17:29:18,151][com.java.SeleniumDriver] [  822] - Test case being Executed: 1
[INFO ][2015-12-09 17:29:18,151][com.java.SeleniumDriver] [  833] - Test step:1
[INFO ][2015-12-09 17:29:18,151][com.java.SeleniumDriver] [  845] - Datavalue is----------Concept#1:1-14
[INFO ][2015-12-09 17:29:18,151][com.java.SeleniumDriver] [  869] - DataField : test
[INFO ][2015-12-09 17:29:18,152][com.java.SeleniumDriver] [  871] - DataValue : Concept#1:1-14
[INFO ][2015-12-09 17:29:18,152][com.java.SeleniumDriver] [  877] - <In Set values of the page>
[INFO ][2015-12-09 17:29:18,152][com.java.SeleniumDriver] [  880] - {Data Fields & Data Values Exist}
[INFO ][2015-12-09 17:29:18,152][com.java.SeleniumDriver] [  882] - --------------------------setting values-----------------------------
[INFO ][2015-12-09 17:29:18,152][com.java.SeleniumDriver] [  885] - Action Type : ExecuteTestCase
[INFO ][2015-12-09 17:29:18,169][com.java.TestType] [  436] - The Concept sheet name is ---------- Concept
[INFO ][2015-12-09 17:29:18,170][com.java.TestType] [  439] - The Concept ID  is ---------- 1
[DEBUG][2015-12-09 17:29:18,170][com.java.TestType] [  443] - Steps being executted in the Concept are: 1:14
[INFO ][2015-12-09 17:29:18,170][com.java.TestType] [  450] - Test data details path ---------- D:\BankersDashboard\TestInputs\TestData.xls
[INFO ][2015-12-09 17:29:18,205][com.java.TestType] [  481] -  str(1) = 1
[INFO ][2015-12-09 17:29:18,205][com.java.TestType] [  484] - Test case Id is---1
[INFO ][2015-12-09 17:29:18,205][com.java.TestType] [  486] - 1
[INFO ][2015-12-09 17:29:18,206][com.java.TestType] [  481] -  str(2) = 1
[INFO ][2015-12-09 17:29:18,208][com.java.TestType] [  533] - row values are--------{1=com.java.Objects.TestDataDetails@2a55df}
[INFO ][2015-12-09 17:29:18,208][com.java.TestType] [  481] -  str(1) = 1
[INFO ][2015-12-09 17:29:18,208][com.java.TestType] [  484] - Test case Id is---1
[INFO ][2015-12-09 17:29:18,208][com.java.TestType] [  486] - 1
[INFO ][2015-12-09 17:29:18,208][com.java.TestType] [  481] -  str(2) = 2
[INFO ][2015-12-09 17:29:18,210][com.java.TestType] [  533] - row values are--------{1=com.java.Objects.TestDataDetails@2a55df, 2=com.java.Objects.TestDataDetails@abee72}
[INFO ][2015-12-09 17:29:18,210][com.java.TestType] [  481] -  str(1) = 1
[INFO ][2015-12-09 17:29:18,210][com.java.TestType] [  484] - Test case Id is---1
[INFO ][2015-12-09 17:29:18,210][com.java.TestType] [  486] - 1
[INFO ][2015-12-09 17:29:18,210][com.java.TestType] [  481] -  str(2) = 3
[INFO ][2015-12-09 17:29:18,211][com.java.TestType] [  533] - row values are--------{1=com.java.Objects.TestDataDetails@2a55df, 2=com.java.Objects.TestDataDetails@abee72, 3=com.java.Objects.TestDataDetails@157a65f}
[INFO ][2015-12-09 17:29:18,211][com.java.TestType] [  481] -  str(1) = 1
[INFO ][2015-12-09 17:29:18,212][com.java.TestType] [  484] - Test case Id is---1
[INFO ][2015-12-09 17:29:18,212][com.java.TestType] [  486] - 1
[INFO ][2015-12-09 17:29:18,212][com.java.TestType] [  481] -  str(2) = 4
[INFO ][2015-12-09 17:29:18,213][com.java.TestType] [  533] - row values are--------{1=com.java.Objects.TestDataDetails@2a55df, 2=com.java.Objects.TestDataDetails@abee72, 3=com.java.Objects.TestDataDetails@157a65f, 4=com.java.Objects.TestDataDetails@f28c1f}
[INFO ][2015-12-09 17:29:18,213][com.java.TestType] [  481] -  str(1) = 1
[INFO ][2015-12-09 17:29:18,213][com.java.TestType] [  484] - Test case Id is---1
[INFO ][2015-12-09 17:29:18,213][com.java.TestType] [  486] - 1
[INFO ][2015-12-09 17:29:18,214][com.java.TestType] [  481] -  str(2) = 5
[INFO ][2015-12-09 17:29:18,216][com.java.TestType] [  533] - row values are--------{1=com.java.Objects.TestDataDetails@2a55df, 2=com.java.Objects.TestDataDetails@abee72, 3=com.java.Objects.TestDataDetails@157a65f, 4=com.java.Objects.TestDataDetails@f28c1f, 5=com.java.Objects.TestDataDetails@fa1477}
[INFO ][2015-12-09 17:29:18,216][com.java.TestType] [  481] -  str(1) = 1
[INFO ][2015-12-09 17:29:18,216][com.java.TestType] [  484] - Test case Id is---1
[INFO ][2015-12-09 17:29:18,216][com.java.TestType] [  486] - 1
[INFO ][2015-12-09 17:29:18,217][com.java.TestType] [  481] -  str(2) = 6
[INFO ][2015-12-09 17:29:18,218][com.java.TestType] [  533] - row values are--------{1=com.java.Objects.TestDataDetails@2a55df, 2=com.java.Objects.TestDataDetails@abee72, 3=com.java.Objects.TestDataDetails@157a65f, 4=com.java.Objects.TestDataDetails@f28c1f, 5=com.java.Objects.TestDataDetails@fa1477, 6=com.java.Objects.TestDataDetails@20b52}
[INFO ][2015-12-09 17:29:18,218][com.java.TestType] [  481] -  str(1) = 1
[INFO ][2015-12-09 17:29:18,218][com.java.TestType] [  484] - Test case Id is---1
[INFO ][2015-12-09 17:29:18,218][com.java.TestType] [  486] - 1
[INFO ][2015-12-09 17:29:18,218][com.java.TestType] [  481] -  str(2) = 7
[INFO ][2015-12-09 17:29:18,219][com.java.TestType] [  533] - row values are--------{1=com.java.Objects.TestDataDetails@2a55df, 2=com.java.Objects.TestDataDetails@abee72, 3=com.java.Objects.TestDataDetails@157a65f, 4=com.java.Objects.TestDataDetails@f28c1f, 5=com.java.Objects.TestDataDetails@fa1477, 6=com.java.Objects.TestDataDetails@20b52, 7=com.java.Objects.TestDataDetails@6a67ab}
[INFO ][2015-12-09 17:29:18,219][com.java.TestType] [  481] -  str(1) = 1
[INFO ][2015-12-09 17:29:18,219][com.java.TestType] [  484] - Test case Id is---1
[INFO ][2015-12-09 17:29:18,219][com.java.TestType] [  486] - 1
[INFO ][2015-12-09 17:29:18,219][com.java.TestType] [  481] -  str(2) = 8
[INFO ][2015-12-09 17:29:18,220][com.java.TestType] [  533] - row values are--------{1=com.java.Objects.TestDataDetails@2a55df, 2=com.java.Objects.TestDataDetails@abee72, 3=com.java.Objects.TestDataDetails@157a65f, 4=com.java.Objects.TestDataDetails@f28c1f, 5=com.java.Objects.TestDataDetails@fa1477, 6=com.java.Objects.TestDataDetails@20b52, 7=com.java.Objects.TestDataDetails@6a67ab, 8=com.java.Objects.TestDataDetails@185555c}
[INFO ][2015-12-09 17:29:18,220][com.java.TestType] [  481] -  str(1) = 1
[INFO ][2015-12-09 17:29:18,220][com.java.TestType] [  484] - Test case Id is---1
[INFO ][2015-12-09 17:29:18,220][com.java.TestType] [  486] - 1
[INFO ][2015-12-09 17:29:18,221][com.java.TestType] [  481] -  str(2) = 9
[INFO ][2015-12-09 17:29:18,221][com.java.TestType] [  533] - row values are--------{1=com.java.Objects.TestDataDetails@2a55df, 2=com.java.Objects.TestDataDetails@abee72, 3=com.java.Objects.TestDataDetails@157a65f, 4=com.java.Objects.TestDataDetails@f28c1f, 5=com.java.Objects.TestDataDetails@fa1477, 6=com.java.Objects.TestDataDetails@20b52, 7=com.java.Objects.TestDataDetails@6a67ab, 8=com.java.Objects.TestDataDetails@185555c, 9=com.java.Objects.TestDataDetails@1e9e2ac}
[INFO ][2015-12-09 17:29:18,221][com.java.TestType] [  481] -  str(1) = 1
[INFO ][2015-12-09 17:29:18,221][com.java.TestType] [  484] - Test case Id is---1
[INFO ][2015-12-09 17:29:18,222][com.java.TestType] [  486] - 1
[INFO ][2015-12-09 17:29:18,222][com.java.TestType] [  481] -  str(2) = 10
[INFO ][2015-12-09 17:29:18,222][com.java.TestType] [  533] - row values are--------{1=com.java.Objects.TestDataDetails@2a55df, 2=com.java.Objects.TestDataDetails@abee72, 3=com.java.Objects.TestDataDetails@157a65f, 4=com.java.Objects.TestDataDetails@f28c1f, 5=com.java.Objects.TestDataDetails@fa1477, 6=com.java.Objects.TestDataDetails@20b52, 7=com.java.Objects.TestDataDetails@6a67ab, 8=com.java.Objects.TestDataDetails@185555c, 9=com.java.Objects.TestDataDetails@1e9e2ac, 10=com.java.Objects.TestDataDetails@363f95}
[INFO ][2015-12-09 17:29:18,223][com.java.TestType] [  481] -  str(1) = 1
[INFO ][2015-12-09 17:29:18,223][com.java.TestType] [  484] - Test case Id is---1
[INFO ][2015-12-09 17:29:18,223][com.java.TestType] [  486] - 1
[INFO ][2015-12-09 17:29:18,223][com.java.TestType] [  481] -  str(2) = 11
[INFO ][2015-12-09 17:29:18,223][com.java.TestType] [  533] - row values are--------{1=com.java.Objects.TestDataDetails@2a55df, 2=com.java.Objects.TestDataDetails@abee72, 3=com.java.Objects.TestDataDetails@157a65f, 4=com.java.Objects.TestDataDetails@f28c1f, 5=com.java.Objects.TestDataDetails@fa1477, 6=com.java.Objects.TestDataDetails@20b52, 7=com.java.Objects.TestDataDetails@6a67ab, 8=com.java.Objects.TestDataDetails@185555c, 9=com.java.Objects.TestDataDetails@1e9e2ac, 10=com.java.Objects.TestDataDetails@363f95, 11=com.java.Objects.TestDataDetails@15525a1}
[INFO ][2015-12-09 17:29:18,224][com.java.TestType] [  481] -  str(1) = 1
[INFO ][2015-12-09 17:29:18,224][com.java.TestType] [  484] - Test case Id is---1
[INFO ][2015-12-09 17:29:18,224][com.java.TestType] [  486] - 1
[INFO ][2015-12-09 17:29:18,224][com.java.TestType] [  481] -  str(2) = 12
[INFO ][2015-12-09 17:29:18,225][com.java.TestType] [  533] - row values are--------{1=com.java.Objects.TestDataDetails@2a55df, 2=com.java.Objects.TestDataDetails@abee72, 3=com.java.Objects.TestDataDetails@157a65f, 4=com.java.Objects.TestDataDetails@f28c1f, 5=com.java.Objects.TestDataDetails@fa1477, 6=com.java.Objects.TestDataDetails@20b52, 7=com.java.Objects.TestDataDetails@6a67ab, 8=com.java.Objects.TestDataDetails@185555c, 9=com.java.Objects.TestDataDetails@1e9e2ac, 10=com.java.Objects.TestDataDetails@363f95, 11=com.java.Objects.TestDataDetails@15525a1, 12=com.java.Objects.TestDataDetails@915056}
[INFO ][2015-12-09 17:29:18,226][com.java.TestType] [  481] -  str(1) = 1
[INFO ][2015-12-09 17:29:18,226][com.java.TestType] [  484] - Test case Id is---1
[INFO ][2015-12-09 17:29:18,226][com.java.TestType] [  486] - 1
[INFO ][2015-12-09 17:29:18,226][com.java.TestType] [  481] -  str(2) = 13
[INFO ][2015-12-09 17:29:18,226][com.java.TestType] [  533] - row values are--------{1=com.java.Objects.TestDataDetails@2a55df, 2=com.java.Objects.TestDataDetails@abee72, 3=com.java.Objects.TestDataDetails@157a65f, 4=com.java.Objects.TestDataDetails@f28c1f, 5=com.java.Objects.TestDataDetails@fa1477, 6=com.java.Objects.TestDataDetails@20b52, 7=com.java.Objects.TestDataDetails@6a67ab, 8=com.java.Objects.TestDataDetails@185555c, 9=com.java.Objects.TestDataDetails@1e9e2ac, 10=com.java.Objects.TestDataDetails@363f95, 11=com.java.Objects.TestDataDetails@15525a1, 12=com.java.Objects.TestDataDetails@915056, 13=com.java.Objects.TestDataDetails@185a2a8}
[INFO ][2015-12-09 17:29:18,227][com.java.TestType] [  481] -  str(1) = 1
[INFO ][2015-12-09 17:29:18,227][com.java.TestType] [  484] - Test case Id is---1
[INFO ][2015-12-09 17:29:18,227][com.java.TestType] [  486] - 1
[INFO ][2015-12-09 17:29:18,227][com.java.TestType] [  481] -  str(2) = 14
[INFO ][2015-12-09 17:29:18,227][com.java.TestType] [  533] - row values are--------{1=com.java.Objects.TestDataDetails@2a55df, 2=com.java.Objects.TestDataDetails@abee72, 3=com.java.Objects.TestDataDetails@157a65f, 4=com.java.Objects.TestDataDetails@f28c1f, 5=com.java.Objects.TestDataDetails@fa1477, 6=com.java.Objects.TestDataDetails@20b52, 7=com.java.Objects.TestDataDetails@6a67ab, 8=com.java.Objects.TestDataDetails@185555c, 9=com.java.Objects.TestDataDetails@1e9e2ac, 10=com.java.Objects.TestDataDetails@363f95, 11=com.java.Objects.TestDataDetails@15525a1, 12=com.java.Objects.TestDataDetails@915056, 13=com.java.Objects.TestDataDetails@185a2a8, 14=com.java.Objects.TestDataDetails@b04f0b}
[INFO ][2015-12-09 17:29:18,228][com.java.TestType] [10014] - Looping 1TCID = 1
[DEBUG][2015-12-09 17:29:18,228][com.java.TestType] [10055] - Concept ID:1 :: Step being Executed: 1::1
[INFO ][2015-12-09 17:29:18,228][com.java.TestType] [10093] - dataFields : TXTusername
[DEBUG][2015-12-09 17:29:18,228][com.java.TestType] [10099] - <In Set values of the page>
[DEBUG][2015-12-09 17:29:18,228][com.java.TestType] [10104] - {Data Fields & Data Values Exist}
[INFO ][2015-12-09 17:29:18,228][com.java.TestType] [10110] - --------------------------setting values-----------------------------
[INFO ][2015-12-09 17:29:18,228][com.java.TestType] [10113] - Action Type : CLEARANDENTER
[INFO ][2015-12-09 17:29:18,228][com.java.TestType] [ 5478] - value = valuelabs.ie10.15310
[INFO ][2015-12-09 17:29:23,044][com.java.TestType] [10132] -  RESULT true
[INFO ][2015-12-09 17:29:23,044][com.java.TestType] [10249] - ?   P A S S   ?
[DEBUG][2015-12-09 17:29:23,044][com.java.TestType] [10055] - Concept ID:1 :: Step being Executed: 1::2
[INFO ][2015-12-09 17:29:23,044][com.java.TestType] [10093] - dataFields : TXTpassword
[DEBUG][2015-12-09 17:29:23,044][com.java.TestType] [10099] - <In Set values of the page>
[DEBUG][2015-12-09 17:29:23,046][com.java.TestType] [10104] - {Data Fields & Data Values Exist}
[INFO ][2015-12-09 17:29:23,046][com.java.TestType] [10110] - --------------------------setting values-----------------------------
[INFO ][2015-12-09 17:29:23,046][com.java.TestType] [10113] - Action Type : CLEARANDENTER
[INFO ][2015-12-09 17:29:23,046][com.java.TestType] [ 5478] - value = Password1*
[INFO ][2015-12-09 17:29:27,954][com.java.TestType] [10132] -  RESULT true
[INFO ][2015-12-09 17:29:27,955][com.java.TestType] [10249] - ?   P A S S   ?
[DEBUG][2015-12-09 17:29:27,955][com.java.TestType] [10055] - Concept ID:1 :: Step being Executed: 1::3
[ERROR][2015-12-09 17:29:27,956][com.java.TestType] [10088] - Exception: null
[INFO ][2015-12-09 17:29:27,956][com.java.TestType] [10093] - dataFields : XPH//button[@type='submit']
[DEBUG][2015-12-09 17:29:27,956][com.java.TestType] [10099] - <In Set values of the page>
[DEBUG][2015-12-09 17:29:27,956][com.java.TestType] [10104] - {Data Fields & Data Values Exist}
[INFO ][2015-12-09 17:29:27,956][com.java.TestType] [10110] - --------------------------setting values-----------------------------
[INFO ][2015-12-09 17:29:27,956][com.java.TestType] [10113] - Action Type : Click
[INFO ][2015-12-09 17:29:27,956][com.java.TestType] [ 5806] - Field ::XPH//button[@type='submit']
[INFO ][2015-12-09 17:29:28,956][com.java.TestType] [ 5900] - BEFORE CLICK
[INFO ][2015-12-09 17:29:29,823][com.java.TestType] [ 5908] - Unable to click the object Login
[INFO ][2015-12-09 17:29:29,823][com.java.TestType] [10132] -  RESULT true
[INFO ][2015-12-09 17:29:29,823][com.java.TestType] [10249] - ?   P A S S   ?
[DEBUG][2015-12-09 17:29:29,823][com.java.TestType] [10055] - Concept ID:1 :: Step being Executed: 1::4
[INFO ][2015-12-09 17:29:29,823][com.java.TestType] [10093] - dataFields : LNKLogout
[DEBUG][2015-12-09 17:29:29,823][com.java.TestType] [10099] - <In Set values of the page>
[DEBUG][2015-12-09 17:29:29,823][com.java.TestType] [10104] - {Data Fields & Data Values Exist}
[INFO ][2015-12-09 17:29:29,823][com.java.TestType] [10110] - --------------------------setting values-----------------------------
[INFO ][2015-12-09 17:29:29,823][com.java.TestType] [10113] - Action Type : WaitForElement
[INFO ][2015-12-09 17:29:33,277][com.java.TestType] [10132] -  RESULT true
[INFO ][2015-12-09 17:29:33,277][com.java.TestType] [10249] - ?   P A S S   ?
[DEBUG][2015-12-09 17:29:33,278][com.java.TestType] [10055] - Concept ID:1 :: Step being Executed: 1::13
[INFO ][2015-12-09 17:29:33,278][com.java.TestType] [10093] - dataFields : LNK
[DEBUG][2015-12-09 17:29:33,278][com.java.TestType] [10099] - <In Set values of the page>
[DEBUG][2015-12-09 17:29:33,278][com.java.TestType] [10104] - {Data Fields & Data Values Exist}
[INFO ][2015-12-09 17:29:33,278][com.java.TestType] [10110] - --------------------------setting values-----------------------------
[INFO ][2015-12-09 17:29:33,278][com.java.TestType] [10113] - Action Type : Verify
[INFO ][2015-12-09 17:29:33,278][com.java.TestType] [ 6706] - field= LNK value= Logout
[INFO ][2015-12-09 17:29:33,279][com.java.TestType] [ 5478] - value = Logout
[INFO ][2015-12-09 17:29:33,314][com.java.TestType] [10132] -  RESULT true
[INFO ][2015-12-09 17:29:33,314][com.java.TestType] [10249] - ?   P A S S   ?
[DEBUG][2015-12-09 17:29:33,314][com.java.TestType] [10055] - Concept ID:1 :: Step being Executed: 1::14
[INFO ][2015-12-09 17:29:33,314][com.java.TestType] [10093] - dataFields : BTN
[DEBUG][2015-12-09 17:29:33,314][com.java.TestType] [10099] - <In Set values of the page>
[DEBUG][2015-12-09 17:29:33,315][com.java.TestType] [10104] - {Data Fields & Data Values Exist}
[INFO ][2015-12-09 17:29:33,315][com.java.TestType] [10110] - --------------------------setting values-----------------------------
[INFO ][2015-12-09 17:29:33,315][com.java.TestType] [10113] - Action Type : Verify
[INFO ][2015-12-09 17:29:33,315][com.java.TestType] [ 6706] - field= BTN value= //img[contains(@src,'bdlogo.jpg')]
[INFO ][2015-12-09 17:29:33,315][com.java.TestType] [ 5478] - value = //img[contains(@src,'bdlogo.jpg')]
[INFO ][2015-12-09 17:29:33,460][com.java.TestType] [10132] -  RESULT true
[INFO ][2015-12-09 17:29:33,460][com.java.TestType] [10249] - ?   P A S S   ?
[INFO ][2015-12-09 17:29:33,461][com.java.TestType] [10320] - Looping End......
[INFO ][2015-12-09 17:29:33,465][com.java.SeleniumDriver] [  894] -  RESULT true
[INFO ][2015-12-09 17:29:33,465][com.java.SeleniumDriver] [ 1100] - ?   P A S S   ?
[INFO ][2015-12-09 17:29:33,465][com.java.SeleniumDriver] [  821] - ------------------------------------------
[INFO ][2015-12-09 17:29:33,465][com.java.SeleniumDriver] [  822] - Test case being Executed: 1
[INFO ][2015-12-09 17:29:33,466][com.java.SeleniumDriver] [  833] - Test step:2
[INFO ][2015-12-09 17:29:33,466][com.java.SeleniumDriver] [  845] - Datavalue is----------Concept#2:1-2
[INFO ][2015-12-09 17:29:33,466][com.java.SeleniumDriver] [  869] - DataField : test
[INFO ][2015-12-09 17:29:33,466][com.java.SeleniumDriver] [  871] - DataValue : Concept#2:1-2
[INFO ][2015-12-09 17:29:33,466][com.java.SeleniumDriver] [  877] - <In Set values of the page>
[INFO ][2015-12-09 17:29:33,466][com.java.SeleniumDriver] [  880] - {Data Fields & Data Values Exist}
[INFO ][2015-12-09 17:29:33,466][com.java.SeleniumDriver] [  882] - --------------------------setting values-----------------------------
[INFO ][2015-12-09 17:29:33,466][com.java.SeleniumDriver] [  885] - Action Type : ExecuteTestCase
[INFO ][2015-12-09 17:29:33,466][com.java.TestType] [  436] - The Concept sheet name is ---------- Concept
[INFO ][2015-12-09 17:29:33,466][com.java.TestType] [  439] - The Concept ID  is ---------- 2
[DEBUG][2015-12-09 17:29:33,467][com.java.TestType] [  443] - Steps being executted in the Concept are: 1:2
[INFO ][2015-12-09 17:29:33,467][com.java.TestType] [  450] - Test data details path ---------- D:\BankersDashboard\TestInputs\TestData.xls
[INFO ][2015-12-09 17:29:33,497][com.java.TestType] [  481] -  str(1) = 2
[INFO ][2015-12-09 17:29:33,497][com.java.TestType] [  484] - Test case Id is---2
[INFO ][2015-12-09 17:29:33,497][com.java.TestType] [  486] - 2
[INFO ][2015-12-09 17:29:33,497][com.java.TestType] [  481] -  str(2) = 1
[INFO ][2015-12-09 17:29:33,499][com.java.TestType] [  533] - row values are--------{1=com.java.Objects.TestDataDetails@694160}
[INFO ][2015-12-09 17:29:33,499][com.java.TestType] [  481] -  str(1) = 2
[INFO ][2015-12-09 17:29:33,499][com.java.TestType] [  484] - Test case Id is---2
[INFO ][2015-12-09 17:29:33,499][com.java.TestType] [  486] - 2
[INFO ][2015-12-09 17:29:33,499][com.java.TestType] [  481] -  str(2) = 2
[INFO ][2015-12-09 17:29:33,500][com.java.TestType] [  533] - row values are--------{1=com.java.Objects.TestDataDetails@694160, 2=com.java.Objects.TestDataDetails@b1e15c}
[INFO ][2015-12-09 17:29:33,501][com.java.TestType] [  481] -  str(1) = 2
[INFO ][2015-12-09 17:29:33,501][com.java.TestType] [  484] - Test case Id is---2
[INFO ][2015-12-09 17:29:33,501][com.java.TestType] [  486] - 2
[INFO ][2015-12-09 17:29:33,501][com.java.TestType] [  481] -  str(2) = 3
[INFO ][2015-12-09 17:29:33,501][com.java.TestType] [  533] - row values are--------{1=com.java.Objects.TestDataDetails@694160, 2=com.java.Objects.TestDataDetails@b1e15c, 3=com.java.Objects.TestDataDetails@922394}
[INFO ][2015-12-09 17:29:33,502][com.java.TestType] [10014] - Looping 1TCID = 2
[DEBUG][2015-12-09 17:29:33,502][com.java.TestType] [10055] - Concept ID:2 :: Step being Executed: 2::1
[INFO ][2015-12-09 17:29:33,502][com.java.TestType] [10093] - dataFields : BNK//select[@id='bank']
[DEBUG][2015-12-09 17:29:33,502][com.java.TestType] [10099] - <In Set values of the page>
[DEBUG][2015-12-09 17:29:33,502][com.java.TestType] [10104] - {Data Fields & Data Values Exist}
[INFO ][2015-12-09 17:29:33,502][com.java.TestType] [10110] - --------------------------setting values-----------------------------
[INFO ][2015-12-09 17:29:33,502][com.java.TestType] [10113] - Action Type : Select
[INFO ][2015-12-09 17:29:33,502][com.java.TestType] [ 5478] - value = PFC
[INFO ][2015-12-09 17:29:33,741][com.java.TestType] [10132] -  RESULT true
[INFO ][2015-12-09 17:29:33,741][com.java.TestType] [10249] - ?   P A S S   ?
[DEBUG][2015-12-09 17:29:33,741][com.java.TestType] [10055] - Concept ID:2 :: Step being Executed: 2::2
[INFO ][2015-12-09 17:29:33,741][com.java.TestType] [10093] - dataFields : LNKLogout
[DEBUG][2015-12-09 17:29:33,741][com.java.TestType] [10099] - <In Set values of the page>
[DEBUG][2015-12-09 17:29:33,741][com.java.TestType] [10104] - {Data Fields & Data Values Exist}
[INFO ][2015-12-09 17:29:33,742][com.java.TestType] [10110] - --------------------------setting values-----------------------------
[INFO ][2015-12-09 17:29:33,742][com.java.TestType] [10113] - Action Type : WaitTime
[DEBUG][2015-12-09 17:29:33,742][com.java.TestType] [ 5298] - sleepTime: 5000
[INFO ][2015-12-09 17:29:38,742][com.java.TestType] [10132] -  RESULT true
[INFO ][2015-12-09 17:29:38,742][com.java.TestType] [10249] - ?   P A S S   ?
[INFO ][2015-12-09 17:29:38,742][com.java.TestType] [10320] - Looping End......
[INFO ][2015-12-09 17:29:38,746][com.java.SeleniumDriver] [  894] -  RESULT true
[INFO ][2015-12-09 17:29:38,746][com.java.SeleniumDriver] [ 1100] - ?   P A S S   ?
[INFO ][2015-12-09 17:29:38,746][com.java.SeleniumDriver] [  821] - ------------------------------------------
[INFO ][2015-12-09 17:29:38,746][com.java.SeleniumDriver] [  822] - Test case being Executed: 1
[INFO ][2015-12-09 17:29:38,746][com.java.SeleniumDriver] [  833] - Test step:3
[INFO ][2015-12-09 17:29:38,746][com.java.SeleniumDriver] [  845] - Datavalue is----------2
[INFO ][2015-12-09 17:29:38,746][com.java.SeleniumDriver] [  869] - DataField : XPH//button[contains(text(),'Add Content')]
[INFO ][2015-12-09 17:29:38,747][com.java.SeleniumDriver] [  871] - DataValue : 2
[INFO ][2015-12-09 17:29:38,747][com.java.SeleniumDriver] [  877] - <In Set values of the page>
[INFO ][2015-12-09 17:29:38,747][com.java.SeleniumDriver] [  880] - {Data Fields & Data Values Exist}
[INFO ][2015-12-09 17:29:38,747][com.java.SeleniumDriver] [  882] - --------------------------setting values-----------------------------
[INFO ][2015-12-09 17:29:38,747][com.java.SeleniumDriver] [  885] - Action Type : WAITFORELEMENT
[INFO ][2015-12-09 17:29:38,781][com.java.SeleniumDriver] [  894] -  RESULT true
[INFO ][2015-12-09 17:29:38,781][com.java.SeleniumDriver] [ 1100] - ?   P A S S   ?
[DEBUG][2015-12-09 17:29:38,781][com.java.SeleniumDriver] [ 1212] - Case found
[DEBUG][2015-12-09 17:29:38,781][com.java.SeleniumDriver] [ 1217] - Incrementing ReportCounters[0]:1
[INFO ][2015-12-09 17:29:38,781][com.java.SeleniumDriver] [ 1236] - The results are-------------------[1, 1, Valid Login, Pass, , Wed Dec 09 17:29:33 IST 2015, 1, 2, Valid Login, Pass, , Wed Dec 09 17:29:38 IST 2015, 1, 3, Valid Login, Pass, , Wed Dec 09 17:29:38 IST 2015]
[INFO ][2015-12-09 17:29:38,782][com.java.SeleniumDriver] [ 1240] - End time is-------34 sec
[INFO ][2015-12-09 17:29:38,782][com.java.SeleniumDriver] [ 1241] - The results are-------------------[1, 1, Valid Login, Pass, , Wed Dec 09 17:29:33 IST 2015, 1, 2, Valid Login, Pass, , Wed Dec 09 17:29:38 IST 2015, 1, 3, Valid Login, Pass, , Wed Dec 09 17:29:38 IST 2015]
[DEBUG][2015-12-09 17:29:38,782][com.java.ImportnExport.ExportTestResultsExcel] [  222] - testResultPath = D:\BankersDashboard/TestReports/Test Results_BankersDashBoard_120915_172906_IE10_CB&S Bank.xls
[DEBUG][2015-12-09 17:29:38,782][com.java.ImportnExport.ExportTestResultsExcel] [  223] - browser is------------IE10
[DEBUG][2015-12-09 17:29:38,832][com.java.ImportnExport.ExportTestResultsExcel] [  270] - result.size() = 18
[DEBUG][2015-12-09 17:29:38,833][com.java.ImportnExport.ExportTestResultsExcel] [  274] - No of rows in sheet=1
[DEBUG][2015-12-09 17:29:38,833][com.java.ImportnExport.ExportTestResultsExcel] [  301] - ..in export..1
[DEBUG][2015-12-09 17:29:38,833][com.java.ImportnExport.ExportTestResultsExcel] [  301] - ..in export..Valid Login
[DEBUG][2015-12-09 17:29:38,834][com.java.ImportnExport.ExportTestResultsExcel] [  301] - ..in export..Pass
[DEBUG][2015-12-09 17:29:38,834][com.java.ImportnExport.ExportTestResultsExcel] [  301] - ..in export..
[DEBUG][2015-12-09 17:29:38,834][com.java.ImportnExport.ExportTestResultsExcel] [  301] - ..in export..Wed Dec 09 17:29:33 IST 2015
[INFO ][2015-12-09 17:29:38,835][com.java.SeleniumDriver] [ 1299] - out loop:0 size:2 TestCases:[1, 2] testcases:[1, 2]
[INFO ][2015-12-09 17:29:38,835][com.java.ImportnExport.ImportTestDataDetailsExcel] [   49] - test data details path===== D:\BankersDashboard\TestInputs\TestData.xls
[INFO ][2015-12-09 17:29:56,966][com.java.SeleniumDriver] [  821] - ------------------------------------------
[INFO ][2015-12-09 17:29:56,966][com.java.SeleniumDriver] [  822] - Test case being Executed: 2
[INFO ][2015-12-09 17:29:56,966][com.java.SeleniumDriver] [  833] - Test step:1
[INFO ][2015-12-09 17:29:56,966][com.java.SeleniumDriver] [  845] - Datavalue is----------Logout
[INFO ][2015-12-09 17:29:56,966][com.java.SeleniumDriver] [  869] - DataField : BTN
[INFO ][2015-12-09 17:29:56,966][com.java.SeleniumDriver] [  871] - DataValue : Logout
[INFO ][2015-12-09 17:29:56,966][com.java.SeleniumDriver] [  877] - <In Set values of the page>
[INFO ][2015-12-09 17:29:56,966][com.java.SeleniumDriver] [  880] - {Data Fields & Data Values Exist}
[INFO ][2015-12-09 17:29:56,966][com.java.SeleniumDriver] [  882] - --------------------------setting values-----------------------------
[INFO ][2015-12-09 17:29:56,966][com.java.SeleniumDriver] [  885] - Action Type : Verify
[INFO ][2015-12-09 17:29:56,966][com.java.TestType] [ 6706] - field= BTN value= Logout
[INFO ][2015-12-09 17:29:56,968][com.java.TestType] [ 5478] - value = Logout
[INFO ][2015-12-09 17:29:57,054][com.java.SeleniumDriver] [  894] -  RESULT true
[INFO ][2015-12-09 17:29:57,054][com.java.SeleniumDriver] [ 1100] - ?   P A S S   ?
[INFO ][2015-12-09 17:29:57,054][com.java.SeleniumDriver] [ 1142] - step change to 3
[INFO ][2015-12-09 17:29:57,054][com.java.SeleniumDriver] [  821] - ------------------------------------------
[INFO ][2015-12-09 17:29:57,054][com.java.SeleniumDriver] [  822] - Test case being Executed: 2
[INFO ][2015-12-09 17:29:57,054][com.java.SeleniumDriver] [  833] - Test step:3
[INFO ][2015-12-09 17:29:57,055][com.java.SeleniumDriver] [  845] - Datavalue is----------Concept#2:1-2
[INFO ][2015-12-09 17:29:57,055][com.java.SeleniumDriver] [  869] - DataField : test
[INFO ][2015-12-09 17:29:57,055][com.java.SeleniumDriver] [  871] - DataValue : Concept#2:1-2
[INFO ][2015-12-09 17:29:57,055][com.java.SeleniumDriver] [  877] - <In Set values of the page>
[INFO ][2015-12-09 17:29:57,055][com.java.SeleniumDriver] [  880] - {Data Fields & Data Values Exist}
[INFO ][2015-12-09 17:29:57,055][com.java.SeleniumDriver] [  882] - --------------------------setting values-----------------------------
[INFO ][2015-12-09 17:29:57,055][com.java.SeleniumDriver] [  885] - Action Type : ExecuteTestCase
[INFO ][2015-12-09 17:29:57,055][com.java.TestType] [  436] - The Concept sheet name is ---------- Concept
[INFO ][2015-12-09 17:29:57,055][com.java.TestType] [  439] - The Concept ID  is ---------- 2
[DEBUG][2015-12-09 17:29:57,055][com.java.TestType] [  443] - Steps being executted in the Concept are: 1:2
[INFO ][2015-12-09 17:29:57,055][com.java.TestType] [  450] - Test data details path ---------- D:\BankersDashboard\TestInputs\TestData.xls
[INFO ][2015-12-09 17:29:57,085][com.java.TestType] [  481] -  str(1) = 2
[INFO ][2015-12-09 17:29:57,085][com.java.TestType] [  484] - Test case Id is---2
[INFO ][2015-12-09 17:29:57,085][com.java.TestType] [  486] - 2
[INFO ][2015-12-09 17:29:57,085][com.java.TestType] [  481] -  str(2) = 1
[INFO ][2015-12-09 17:29:57,087][com.java.TestType] [  533] - row values are--------{1=com.java.Objects.TestDataDetails@96b7a4}
[INFO ][2015-12-09 17:29:57,088][com.java.TestType] [  481] -  str(1) = 2
[INFO ][2015-12-09 17:29:57,088][com.java.TestType] [  484] - Test case Id is---2
[INFO ][2015-12-09 17:29:57,088][com.java.TestType] [  486] - 2
[INFO ][2015-12-09 17:29:57,088][com.java.TestType] [  481] -  str(2) = 2
[INFO ][2015-12-09 17:29:57,088][com.java.TestType] [  533] - row values are--------{1=com.java.Objects.TestDataDetails@96b7a4, 2=com.java.Objects.TestDataDetails@10ccdd4}
[INFO ][2015-12-09 17:29:57,089][com.java.TestType] [  481] -  str(1) = 2
[INFO ][2015-12-09 17:29:57,089][com.java.TestType] [  484] - Test case Id is---2
[INFO ][2015-12-09 17:29:57,089][com.java.TestType] [  486] - 2
[INFO ][2015-12-09 17:29:57,089][com.java.TestType] [  481] -  str(2) = 3
[INFO ][2015-12-09 17:29:57,089][com.java.TestType] [  533] - row values are--------{1=com.java.Objects.TestDataDetails@96b7a4, 2=com.java.Objects.TestDataDetails@10ccdd4, 3=com.java.Objects.TestDataDetails@cc39fe}
[INFO ][2015-12-09 17:29:57,089][com.java.TestType] [10014] - Looping 1TCID = 2
[DEBUG][2015-12-09 17:29:57,090][com.java.TestType] [10055] - Concept ID:2 :: Step being Executed: 2::1
[INFO ][2015-12-09 17:29:57,090][com.java.TestType] [10093] - dataFields : BNK//select[@id='bank']
[DEBUG][2015-12-09 17:29:57,090][com.java.TestType] [10099] - <In Set values of the page>
[DEBUG][2015-12-09 17:29:57,090][com.java.TestType] [10104] - {Data Fields & Data Values Exist}
[INFO ][2015-12-09 17:29:57,090][com.java.TestType] [10110] - --------------------------setting values-----------------------------
[INFO ][2015-12-09 17:29:57,090][com.java.TestType] [10113] - Action Type : Select
[INFO ][2015-12-09 17:29:57,090][com.java.TestType] [ 5478] - value = PFC
[INFO ][2015-12-09 17:29:57,289][com.java.TestType] [10132] -  RESULT true
[INFO ][2015-12-09 17:29:57,289][com.java.TestType] [10249] - ?   P A S S   ?
[DEBUG][2015-12-09 17:29:57,289][com.java.TestType] [10055] - Concept ID:2 :: Step being Executed: 2::2
[INFO ][2015-12-09 17:29:57,289][com.java.TestType] [10093] - dataFields : LNKLogout
[DEBUG][2015-12-09 17:29:57,289][com.java.TestType] [10099] - <In Set values of the page>
[DEBUG][2015-12-09 17:29:57,289][com.java.TestType] [10104] - {Data Fields & Data Values Exist}
[INFO ][2015-12-09 17:29:57,289][com.java.TestType] [10110] - --------------------------setting values-----------------------------
[INFO ][2015-12-09 17:29:57,289][com.java.TestType] [10113] - Action Type : WaitTime
[DEBUG][2015-12-09 17:29:57,289][com.java.TestType] [ 5298] - sleepTime: 5000
[INFO ][2015-12-09 17:30:02,290][com.java.TestType] [10132] -  RESULT true
[INFO ][2015-12-09 17:30:02,290][com.java.TestType] [10249] - ?   P A S S   ?
[INFO ][2015-12-09 17:30:02,290][com.java.TestType] [10320] - Looping End......
[INFO ][2015-12-09 17:30:02,294][com.java.SeleniumDriver] [  894] -  RESULT true
[INFO ][2015-12-09 17:30:02,294][com.java.SeleniumDriver] [ 1100] - ?   P A S S   ?
[INFO ][2015-12-09 17:30:02,294][com.java.SeleniumDriver] [  821] - ------------------------------------------
[INFO ][2015-12-09 17:30:02,294][com.java.SeleniumDriver] [  822] - Test case being Executed: 2
[INFO ][2015-12-09 17:30:02,294][com.java.SeleniumDriver] [  833] - Test step:4
[INFO ][2015-12-09 17:30:02,294][com.java.SeleniumDriver] [  845] - Datavalue is----------null
[DEBUG][2015-12-09 17:30:02,294][com.java.SeleniumDriver] [  863] - Exception: null
[INFO ][2015-12-09 17:30:02,294][com.java.SeleniumDriver] [  869] - DataField : //span[@class='icon-stack']&&//a[@data-id="SetupPackage"]
[INFO ][2015-12-09 17:30:02,294][com.java.SeleniumDriver] [  871] - DataValue : 
[INFO ][2015-12-09 17:30:02,294][com.java.SeleniumDriver] [  877] - <In Set values of the page>
[INFO ][2015-12-09 17:30:02,295][com.java.SeleniumDriver] [  880] - {Data Fields & Data Values Exist}
[INFO ][2015-12-09 17:30:02,295][com.java.SeleniumDriver] [  882] - --------------------------setting values-----------------------------
[INFO ][2015-12-09 17:30:02,295][com.java.SeleniumDriver] [  885] - Action Type : MOUSEOVER
[INFO ][2015-12-09 17:30:25,610][com.java.SeleniumDriver] [  894] -  RESULT true
[INFO ][2015-12-09 17:30:25,610][com.java.SeleniumDriver] [ 1100] - ?   P A S S   ?
[INFO ][2015-12-09 17:30:25,610][com.java.SeleniumDriver] [  821] - ------------------------------------------
[INFO ][2015-12-09 17:30:25,610][com.java.SeleniumDriver] [  822] - Test case being Executed: 2
[INFO ][2015-12-09 17:30:25,610][com.java.SeleniumDriver] [  833] - Test step:5
[INFO ][2015-12-09 17:30:25,610][com.java.SeleniumDriver] [  845] - Datavalue is----------5
[INFO ][2015-12-09 17:30:25,610][com.java.SeleniumDriver] [  869] - DataField : XPH//div[@id='divDialogLoading']//img 
[INFO ][2015-12-09 17:30:25,610][com.java.SeleniumDriver] [  871] - DataValue : 5
[INFO ][2015-12-09 17:30:25,610][com.java.SeleniumDriver] [  877] - <In Set values of the page>
[INFO ][2015-12-09 17:30:25,610][com.java.SeleniumDriver] [  880] - {Data Fields & Data Values Exist}
[INFO ][2015-12-09 17:30:25,610][com.java.SeleniumDriver] [  882] - --------------------------setting values-----------------------------
[INFO ][2015-12-09 17:30:25,611][com.java.SeleniumDriver] [  885] - Action Type : WAITFORELEMENT
[INFO ][2015-12-09 17:30:25,644][com.java.SeleniumDriver] [  894] -  RESULT true
[INFO ][2015-12-09 17:30:25,644][com.java.SeleniumDriver] [ 1100] - ?   P A S S   ?
[INFO ][2015-12-09 17:30:25,644][com.java.SeleniumDriver] [  821] - ------------------------------------------
[INFO ][2015-12-09 17:30:25,644][com.java.SeleniumDriver] [  822] - Test case being Executed: 2
[INFO ][2015-12-09 17:30:25,644][com.java.SeleniumDriver] [  833] - Test step:6
[INFO ][2015-12-09 17:30:25,644][com.java.SeleniumDriver] [  845] - Datavalue is----------90
[INFO ][2015-12-09 17:30:25,644][com.java.SeleniumDriver] [  869] - DataField : XPH//div[@id='divDialogLoading']//img 
[INFO ][2015-12-09 17:30:25,645][com.java.SeleniumDriver] [  871] - DataValue : 90
[INFO ][2015-12-09 17:30:25,645][com.java.SeleniumDriver] [  877] - <In Set values of the page>
[INFO ][2015-12-09 17:30:25,645][com.java.SeleniumDriver] [  880] - {Data Fields & Data Values Exist}
[INFO ][2015-12-09 17:30:25,645][com.java.SeleniumDriver] [  882] - --------------------------setting values-----------------------------
[INFO ][2015-12-09 17:30:25,645][com.java.SeleniumDriver] [  885] - Action Type : WAITFORELEMENTNOTPRESENT
[INFO ][2015-12-09 17:30:25,743][com.java.SeleniumDriver] [  894] -  RESULT true
[INFO ][2015-12-09 17:30:25,743][com.java.SeleniumDriver] [ 1100] - ?   P A S S   ?
[INFO ][2015-12-09 17:30:25,743][com.java.SeleniumDriver] [  821] - ------------------------------------------
[INFO ][2015-12-09 17:30:25,743][com.java.SeleniumDriver] [  822] - Test case being Executed: 2
[INFO ][2015-12-09 17:30:25,743][com.java.SeleniumDriver] [  833] - Test step:7
[INFO ][2015-12-09 17:30:25,743][com.java.SeleniumDriver] [  845] - Datavalue is----------Set Up Report Packages
[INFO ][2015-12-09 17:30:25,743][com.java.SeleniumDriver] [  869] - DataField : XPH//span[contains(text(),'Set Up Report Packages')]
[INFO ][2015-12-09 17:30:25,743][com.java.SeleniumDriver] [  871] - DataValue : Set Up Report Packages
[INFO ][2015-12-09 17:30:25,743][com.java.SeleniumDriver] [  877] - <In Set values of the page>
[INFO ][2015-12-09 17:30:25,743][com.java.SeleniumDriver] [  880] - {Data Fields & Data Values Exist}
[INFO ][2015-12-09 17:30:25,744][com.java.SeleniumDriver] [  882] - --------------------------setting values-----------------------------
[INFO ][2015-12-09 17:30:25,744][com.java.SeleniumDriver] [  885] - Action Type : VERIFY
[INFO ][2015-12-09 17:30:25,744][com.java.TestType] [ 6706] - field= XPH//span[contains(text(),'Set Up Report Packages')] value= Set Up Report Packages
[INFO ][2015-12-09 17:30:25,744][com.java.TestType] [ 5478] - value = Set Up Report Packages
[INFO ][2015-12-09 17:30:25,888][com.java.SeleniumDriver] [  894] -  RESULT true
[INFO ][2015-12-09 17:30:25,888][com.java.SeleniumDriver] [ 1100] - ?   P A S S   ?
[INFO ][2015-12-09 17:30:25,888][com.java.SeleniumDriver] [  821] - ------------------------------------------
[INFO ][2015-12-09 17:30:25,888][com.java.SeleniumDriver] [  822] - Test case being Executed: 2
[INFO ][2015-12-09 17:30:25,888][com.java.SeleniumDriver] [  833] - Test step:8
[INFO ][2015-12-09 17:30:25,888][com.java.SeleniumDriver] [  845] - Datavalue is----------null
[DEBUG][2015-12-09 17:30:25,888][com.java.SeleniumDriver] [  863] - Exception: null
[INFO ][2015-12-09 17:30:25,888][com.java.SeleniumDriver] [  869] - DataField : BTNframeDialogContent
[INFO ][2015-12-09 17:30:25,888][com.java.SeleniumDriver] [  871] - DataValue : 
[INFO ][2015-12-09 17:30:25,888][com.java.SeleniumDriver] [  877] - <In Set values of the page>
[INFO ][2015-12-09 17:30:25,889][com.java.SeleniumDriver] [  880] - {Data Fields & Data Values Exist}
[INFO ][2015-12-09 17:30:25,889][com.java.SeleniumDriver] [  882] - --------------------------setting values-----------------------------
[INFO ][2015-12-09 17:30:25,889][com.java.SeleniumDriver] [  885] - Action Type : SELECTFRAME
[INFO ][2015-12-09 17:30:27,156][com.java.SeleniumDriver] [  894] -  RESULT true
[INFO ][2015-12-09 17:30:27,156][com.java.SeleniumDriver] [ 1100] - ?   P A S S   ?
[INFO ][2015-12-09 17:30:27,156][com.java.SeleniumDriver] [  821] - ------------------------------------------
[INFO ][2015-12-09 17:30:27,156][com.java.SeleniumDriver] [  822] - Test case being Executed: 2
[INFO ][2015-12-09 17:30:27,156][com.java.SeleniumDriver] [  833] - Test step:9
[INFO ][2015-12-09 17:30:27,156][com.java.SeleniumDriver] [  845] - Datavalue is----------null
[DEBUG][2015-12-09 17:30:27,156][com.java.SeleniumDriver] [  863] - Exception: null
[INFO ][2015-12-09 17:30:27,157][com.java.SeleniumDriver] [  869] - DataField : XPH//span[@class='glyphicon glyphicon-plus']
[INFO ][2015-12-09 17:30:27,157][com.java.SeleniumDriver] [  871] - DataValue : 
[INFO ][2015-12-09 17:30:27,157][com.java.SeleniumDriver] [  877] - <In Set values of the page>
[INFO ][2015-12-09 17:30:27,157][com.java.SeleniumDriver] [  880] - {Data Fields & Data Values Exist}
[INFO ][2015-12-09 17:30:27,157][com.java.SeleniumDriver] [  882] - --------------------------setting values-----------------------------
[INFO ][2015-12-09 17:30:27,157][com.java.SeleniumDriver] [  885] - Action Type : CLICK
[INFO ][2015-12-09 17:30:27,157][com.java.TestType] [ 5806] - Field ::XPH//span[@class='glyphicon glyphicon-plus']
[INFO ][2015-12-09 17:30:28,157][com.java.TestType] [ 5900] - BEFORE CLICK
[INFO ][2015-12-09 17:30:29,356][com.java.TestType] [ 5908] - Unable to click the object +' Button
[INFO ][2015-12-09 17:30:29,356][com.java.SeleniumDriver] [  894] -  RESULT true
[INFO ][2015-12-09 17:30:29,356][com.java.SeleniumDriver] [ 1100] - ?   P A S S   ?
[INFO ][2015-12-09 17:30:29,356][com.java.SeleniumDriver] [  821] - ------------------------------------------
[INFO ][2015-12-09 17:30:29,356][com.java.SeleniumDriver] [  822] - Test case being Executed: 2
[INFO ][2015-12-09 17:30:29,356][com.java.SeleniumDriver] [  833] - Test step:10
[INFO ][2015-12-09 17:30:29,356][com.java.SeleniumDriver] [  845] - Datavalue is----------3
[INFO ][2015-12-09 17:30:29,356][com.java.SeleniumDriver] [  869] - DataField : XPH//span[@class='dlg_Label']
[INFO ][2015-12-09 17:30:29,356][com.java.SeleniumDriver] [  871] - DataValue : 3
[INFO ][2015-12-09 17:30:29,356][com.java.SeleniumDriver] [  877] - <In Set values of the page>
[INFO ][2015-12-09 17:30:29,356][com.java.SeleniumDriver] [  880] - {Data Fields & Data Values Exist}
[INFO ][2015-12-09 17:30:29,356][com.java.SeleniumDriver] [  882] - --------------------------setting values-----------------------------
[INFO ][2015-12-09 17:30:29,357][com.java.SeleniumDriver] [  885] - Action Type : WAITFORELEMENT
[INFO ][2015-12-09 17:30:29,380][com.java.SeleniumDriver] [  894] -  RESULT true
[INFO ][2015-12-09 17:30:29,380][com.java.SeleniumDriver] [ 1100] - ?   P A S S   ?
[INFO ][2015-12-09 17:30:29,380][com.java.SeleniumDriver] [  821] - ------------------------------------------
[INFO ][2015-12-09 17:30:29,380][com.java.SeleniumDriver] [  822] - Test case being Executed: 2
[INFO ][2015-12-09 17:30:29,380][com.java.SeleniumDriver] [  833] - Test step:11
[INFO ][2015-12-09 17:30:29,380][com.java.SeleniumDriver] [  845] - Datavalue is----------Package Name
[INFO ][2015-12-09 17:30:29,380][com.java.SeleniumDriver] [  869] - DataField : XPH//span[@class='dlg_Label']
[INFO ][2015-12-09 17:30:29,380][com.java.SeleniumDriver] [  871] - DataValue : Package Name
[INFO ][2015-12-09 17:30:29,380][com.java.SeleniumDriver] [  877] - <In Set values of the page>
[INFO ][2015-12-09 17:30:29,381][com.java.SeleniumDriver] [  880] - {Data Fields & Data Values Exist}
[INFO ][2015-12-09 17:30:29,381][com.java.SeleniumDriver] [  882] - --------------------------setting values-----------------------------
[INFO ][2015-12-09 17:30:29,381][com.java.SeleniumDriver] [  885] - Action Type : VERIFY
[INFO ][2015-12-09 17:30:29,381][com.java.TestType] [ 6706] - field= XPH//span[@class='dlg_Label'] value= Package Name
[INFO ][2015-12-09 17:30:29,381][com.java.TestType] [ 5478] - value = Package Name
[INFO ][2015-12-09 17:30:29,502][com.java.SeleniumDriver] [  894] -  RESULT true
[INFO ][2015-12-09 17:30:29,502][com.java.SeleniumDriver] [ 1100] - ?   P A S S   ?
[INFO ][2015-12-09 17:30:29,502][com.java.SeleniumDriver] [  821] - ------------------------------------------
[INFO ][2015-12-09 17:30:29,502][com.java.SeleniumDriver] [  822] - Test case being Executed: 2
[INFO ][2015-12-09 17:30:29,502][com.java.SeleniumDriver] [  833] - Test step:12
[INFO ][2015-12-09 17:30:29,502][com.java.SeleniumDriver] [  845] - Datavalue is----------null
[DEBUG][2015-12-09 17:30:29,502][com.java.SeleniumDriver] [  863] - Exception: null
[INFO ][2015-12-09 17:30:29,503][com.java.SeleniumDriver] [  869] - DataField : XPH//div[contains(@id,'ember')]/div//input[contains(@class, 'ember-view ember-text-')]
[INFO ][2015-12-09 17:30:29,503][com.java.SeleniumDriver] [  871] - DataValue : 
[INFO ][2015-12-09 17:30:29,503][com.java.SeleniumDriver] [  877] - <In Set values of the page>
[INFO ][2015-12-09 17:30:29,503][com.java.SeleniumDriver] [  880] - {Data Fields & Data Values Exist}
[INFO ][2015-12-09 17:30:29,503][com.java.SeleniumDriver] [  882] - --------------------------setting values-----------------------------
[INFO ][2015-12-09 17:30:29,503][com.java.SeleniumDriver] [  885] - Action Type : CLICK
[INFO ][2015-12-09 17:30:29,503][com.java.TestType] [ 5806] - Field ::XPH//div[contains(@id,'ember')]/div//input[contains(@class, 'ember-view ember-text-')]
[INFO ][2015-12-09 17:30:30,503][com.java.TestType] [ 5900] - BEFORE CLICK
[INFO ][2015-12-09 17:30:31,249][com.java.TestType] [ 5908] - Unable to click the object PackageName Textfield
[INFO ][2015-12-09 17:30:31,249][com.java.SeleniumDriver] [  894] -  RESULT true
[INFO ][2015-12-09 17:30:31,249][com.java.SeleniumDriver] [ 1100] - ?   P A S S   ?
[INFO ][2015-12-09 17:30:31,249][com.java.SeleniumDriver] [  821] - ------------------------------------------
[INFO ][2015-12-09 17:30:31,249][com.java.SeleniumDriver] [  822] - Test case being Executed: 2
[INFO ][2015-12-09 17:30:31,249][com.java.SeleniumDriver] [  833] - Test step:13
[INFO ][2015-12-09 17:30:31,249][com.java.SeleniumDriver] [  845] - Datavalue is----------RNDVL_Test#
[INFO ][2015-12-09 17:30:31,249][com.java.SeleniumDriver] [  869] - DataField : TXT//div[contains(@id,'ember')]/div//input[contains(@class, 'ember-view ember-text-')]
[INFO ][2015-12-09 17:30:31,249][com.java.SeleniumDriver] [  871] - DataValue : RNDVL_Test#
[INFO ][2015-12-09 17:30:31,249][com.java.SeleniumDriver] [  877] - <In Set values of the page>
[INFO ][2015-12-09 17:30:31,249][com.java.SeleniumDriver] [  880] - {Data Fields & Data Values Exist}
[INFO ][2015-12-09 17:30:31,250][com.java.SeleniumDriver] [  882] - --------------------------setting values-----------------------------
[INFO ][2015-12-09 17:30:31,250][com.java.SeleniumDriver] [  885] - Action Type : JAVASCRIPTENTERWITHXPATH
[INFO ][2015-12-09 17:30:31,250][com.java.TestType] [ 5478] - value = VL_Test#11473
[DEBUG][2015-12-09 17:30:31,273][com.java.TestType] [  871] - Unable to perform actionTXT//div[contains(@id,'ember')]/div//input[contains(@class, 'ember-view ember-text-')]
[ERROR][2015-12-09 17:30:31,273][com.java.TestType] [  872] - Exception: Argument is of an illegal type: org.openqa.selenium.By$ByXPath
[INFO ][2015-12-09 17:30:31,273][com.java.SeleniumDriver] [  894] -  RESULT false
[INFO ][2015-12-09 17:30:31,273][com.java.SeleniumDriver] [  941] - ?   F A I L   ?
[INFO ][2015-12-09 17:30:31,273][com.java.SeleniumDriver] [  949] - Browser Type : IE10
[INFO ][2015-12-09 17:30:31,273][com.java.SeleniumDriver] [  950] - Adding Failed case2
[INFO ][2015-12-09 17:30:32,056][com.java.SeleniumDriver] [ 1064] - failedCases = 2
[ERROR][2015-12-09 17:30:32,056][com.java.SeleniumDriver] [ 1561] - Platform Errors : Our apologies...::We have encountered an issue with your request.::Our apologies?:We encountered an issue with your request.
[INFO ][2015-12-09 17:30:32,056][com.java.SeleniumDriver] [ 1565] - Length =3
[ERROR][2015-12-09 17:30:32,056][com.java.SeleniumDriver] [ 1568] - Error 0 = Our apologies...
[ERROR][2015-12-09 17:30:32,079][com.java.SeleniumDriver] [ 1568] - Error 1 = We have encountered an issue with your request.
[ERROR][2015-12-09 17:30:32,092][com.java.SeleniumDriver] [ 1568] - Error 2 = Our apologies?:We encountered an issue with your request.
[INFO ][2015-12-09 17:30:32,105][com.java.SeleniumDriver] [ 1579] - strError:
[DEBUG][2015-12-09 17:30:32,119][com.java.SeleniumDriver] [ 1212] - Case found
[DEBUG][2015-12-09 17:30:32,119][com.java.SeleniumDriver] [ 1217] - Incrementing ReportCounters[0]:2
[INFO ][2015-12-09 17:30:32,119][com.java.SeleniumDriver] [ 1236] - The results are-------------------[2, 13, Report Packages: Add Regular Report Package, Fail, 
Test case failed at Step No. :: 13   Error Message ::  Argument is of an illegal type: org.openqa.selenium.By$ByXPath. Screen Shot : D:\BankersDashboard\TestReports\120915\2_120915_173031_IE10.png, Wed Dec 09 17:30:32 IST 2015]
[INFO ][2015-12-09 17:30:32,119][com.java.SeleniumDriver] [ 1240] - End time is-------1 min 28 sec
[INFO ][2015-12-09 17:30:32,119][com.java.SeleniumDriver] [ 1241] - The results are-------------------[2, 13, Report Packages: Add Regular Report Package, Fail, 
Test case failed at Step No. :: 13   Error Message ::  Argument is of an illegal type: org.openqa.selenium.By$ByXPath. Screen Shot : D:\BankersDashboard\TestReports\120915\2_120915_173031_IE10.png, Wed Dec 09 17:30:32 IST 2015]
[DEBUG][2015-12-09 17:30:32,119][com.java.ImportnExport.ExportTestResultsExcel] [  222] - testResultPath = D:\BankersDashboard/TestReports/Test Results_BankersDashBoard_120915_172906_IE10_CB&S Bank.xls
[DEBUG][2015-12-09 17:30:32,119][com.java.ImportnExport.ExportTestResultsExcel] [  223] - browser is------------IE10
[DEBUG][2015-12-09 17:30:32,122][com.java.ImportnExport.ExportTestResultsExcel] [  270] - result.size() = 6
[DEBUG][2015-12-09 17:30:32,122][com.java.ImportnExport.ExportTestResultsExcel] [  274] - No of rows in sheet=2
[DEBUG][2015-12-09 17:30:32,122][com.java.ImportnExport.ExportTestResultsExcel] [  301] - ..in export..2
[DEBUG][2015-12-09 17:30:32,122][com.java.ImportnExport.ExportTestResultsExcel] [  301] - ..in export..Report Packages: Add Regular Report Package
[DEBUG][2015-12-09 17:30:32,122][com.java.ImportnExport.ExportTestResultsExcel] [  301] - ..in export..Fail
[DEBUG][2015-12-09 17:30:32,122][com.java.ImportnExport.ExportTestResultsExcel] [  301] - ..in export..
Test case failed at Step No. :: 13   Error Message ::  Argument is of an illegal type: org.openqa.selenium.By$ByXPath. Screen Shot : D:\BankersDashboard\TestReports\120915\2_120915_173031_IE10.png
[DEBUG][2015-12-09 17:30:32,122][com.java.ImportnExport.ExportTestResultsExcel] [  301] - ..in export..Wed Dec 09 17:30:32 IST 2015
[INFO ][2015-12-09 17:30:32,124][com.java.SeleniumDriver] [ 1299] - out loop:1 size:2 TestCases:[1, 2] testcases:[1, 2]
[INFO ][2015-12-09 17:30:34,124][com.java.SeleniumDriver] [ 1342] - Total Number of Cases:2
[INFO ][2015-12-09 17:30:34,124][com.java.TemplateGenerator] [  302] - Executed:2
[INFO ][2015-12-09 17:30:34,124][com.java.TemplateGenerator] [  303] - Passed:1
[INFO ][2015-12-09 17:30:34,124][com.java.TemplateGenerator] [  304] - Failed:1
[INFO ][2015-12-09 17:30:34,124][com.java.TemplateGenerator] [  305] - Skipeed:0
[INFO ][2015-12-09 17:30:34,124][com.java.TemplateGenerator] [  306] - Application URL:https://clients-xuat.bankersdashboard.com
[INFO ][2015-12-09 17:30:34,124][com.java.TemplateGenerator] [  307] - Start Time:120915_172906
[INFO ][2015-12-09 17:30:34,124][com.java.TemplateGenerator] [  308] -  Creating HTML Report 
[ERROR][2015-12-09 17:30:34,125][com.java.TemplateGenerator] [  409] - Unparseable date: "Wed Dec 09 05:29:06 IST 2015"
[INFO ][2015-12-09 17:30:34,125][com.java.TemplateGenerator] [  654] -  Exporting case :: 1
[INFO ][2015-12-09 17:30:34,125][com.java.TemplateGenerator] [  654] -  Exporting case :: 2
[INFO ][2015-12-09 17:30:34,130][com.java.SeleniumDriver] [ 1391] - End Time:120915_173034
[INFO ][2015-12-09 17:30:34,130][com.java.SeleniumDriver] [ 1394] - Data in Test Execution Details:{1=PASS, 2=FAILTest case failed at Step No. :: 13   Error Message ::  Argument is of an illegal type: org.openqa.selenium.By$ByXPath}
[INFO ][2015-12-09 17:30:34,130][com.java.SeleniumDriver] [ 1395] - Data in Failed Execution Deatils:{}
[INFO ][2015-12-09 17:30:34,130][com.java.SeleniumDriver] [ 1397] - ReportCounter:Total:2 :: PASS: 1 ::FAIL: 1
[INFO ][2015-12-09 17:30:34,130][com.java.SeleniumDriver] [ 1398] - FailedReportCounter:Total:0 :: PASS: 0 ::FAIL: 0
[INFO ][2015-12-09 17:30:34,137][com.java.EmailTestReport] [   63] - Sending report mail details:
[INFO ][2015-12-09 17:30:34,137][com.java.EmailTestReport] [   80] - Excel Report Path:D:\BankersDashboard/TestReports/Test Results_BankersDashBoard_120915_172906_IE10_CB&S Bank.xls
[INFO ][2015-12-09 17:30:34,137][com.java.EmailTestReport] [   81] - HTML Report Path:D:\BankersDashboard//TestReports//Test Results_BankersDashBoard_120915_172906_IE10_CB&S Bank.html
[INFO ][2015-12-09 17:30:34,137][com.java.EmailTestReport] [   82] - smtpHostName:mail01.valuelabs.com
[INFO ][2015-12-09 17:30:34,137][com.java.EmailTestReport] [   83] - Recipient:venkateswararao.gubbala@valuelabs.com;
[INFO ][2015-12-09 17:30:34,137][com.java.EmailTestReport] [   84] - From:venkateswararao.gubbala@valuelabs.com;
[INFO ][2015-12-09 17:30:34,137][com.java.EmailTestReport] [   85] - Subject:Deluxe Corp Bankers Dashboard Automation Test Report - CB&S Bank - IE10
[INFO ][2015-12-09 17:30:34,153][com.java.EmailTestReport] [  143] -  Added venkateswararao.gubbala@valuelabs.com
[INFO ][2015-12-09 17:30:37,526][com.java.SeleniumDriver] [  720] - quitting the browser 
[INFO ][2015-12-09 17:30:38,732][com.java.SeleniumDriver] [  264] - Execution Completed Stopping the thread
