[INFO ][2015-11-19 12:39:27,808][com.java.SeleniumDriver] [  213] - Execute Failed Casesfalse
[INFO ][2015-11-19 12:39:27,808][com.java.SeleniumDriver] [  214] - Browser: IE10
[INFO ][2015-11-19 12:39:27,808][com.java.SeleniumDriver] [  215] - [1, 6]
[INFO ][2015-11-19 12:39:27,808][com.java.SeleniumDriver] [  216] - Total TestCases:2
[INFO ][2015-11-19 12:39:27,808][com.java.SeleniumDriver] [  217] -  Reading Properties from Property File 
[DEBUG][2015-11-19 12:39:27,808][com.java.SeleniumDriver] [  238] - url : https://clients-xuat.bankersdashboard.com
[INFO ][2015-11-19 12:39:27,808][com.java.ImportnExport.ExportTestResultsExcel] [  116] - Time Stamp Thu Nov 19 12:39:27 IST 2015
[INFO ][2015-11-19 12:39:27,808][com.java.ImportnExport.ExportTestResultsExcel] [  175] - OUT FILE : D:\BankersDashboard/TestReports/Test Results_BankersDashBoard_111915_123927_IE10_Bank of North Carolina.xls
[INFO ][2015-11-19 12:39:27,839][com.java.ImportnExport.ExportTestResultsExcel] [  180] - Test Result file is created
[DEBUG][2015-11-19 12:39:27,939][com.java.SeleniumDriver] [  425] - Hub ip address is-------172.17.68.34
[INFO ][2015-11-19 12:39:27,939][com.java.SeleniumDriver] [  451] - Grid URL:http://172.17.68.34:4444/wd/hub
[INFO ][2015-11-19 12:39:27,939][com.java.SeleniumDriver] [  452] - Capability:Capabilities [{platform=ANY, ensureCleanSession=true, ignoreProtectedModeSettings=true, acceptSslCerts=true, ignoreZoomSetting=true, browserName=internet explorer, browserstack.ie.noFlash=true, version=null}]
[ERROR][2015-11-19 12:39:29,219][com.java.SeleniumDriver] [  496] - Unable invoke browser in grid:Could not start a new session. Possible causes are invalid address of the remote server or browser start-up failure.
Build info: version: '2.48.2', revision: '41bccdd', time: '2015-10-09 19:59:12'
System info: host: 'FVTIII438F1D', ip: '172.17.68.34', os.name: 'Windows 7', os.arch: 'x86', os.version: '6.1', java.version: '1.7.0_55'
Driver info: driver.version: SeleniumDriver
[INFO ][2015-11-19 12:39:29,219][com.java.SeleniumDriver] [  498] - Executing on local machine
[INFO ][2015-11-19 12:39:38,664][com.java.SeleniumDriver] [  248] - IE10is opened
[INFO ][2015-11-19 12:39:39,289][com.java.SeleniumDriver] [  753] - Test cases to be executed are: [1, 6]
[INFO ][2015-11-19 12:39:39,290][com.java.ImportnExport.ImportTestDataDetailsExcel] [   49] - test data details path===== D:\BankersDashboard\TestInputs\TestData.xls
[INFO ][2015-11-19 12:39:39,350][com.java.SeleniumDriver] [  796] - ------------------------------------------
[INFO ][2015-11-19 12:39:39,350][com.java.SeleniumDriver] [  797] - Test case being Executed: 1
[INFO ][2015-11-19 12:39:39,350][com.java.SeleniumDriver] [  808] - Test step:1
[INFO ][2015-11-19 12:39:39,350][com.java.SeleniumDriver] [  820] - Datavalue is----------Concept#1:1-14
[INFO ][2015-11-19 12:39:39,350][com.java.SeleniumDriver] [  844] - DataField : test
[INFO ][2015-11-19 12:39:39,350][com.java.SeleniumDriver] [  846] - DataValue : Concept#1:1-14
[INFO ][2015-11-19 12:39:39,350][com.java.SeleniumDriver] [  852] - <In Set values of the page>
[INFO ][2015-11-19 12:39:39,350][com.java.SeleniumDriver] [  855] - {Data Fields & Data Values Exist}
[INFO ][2015-11-19 12:39:39,350][com.java.SeleniumDriver] [  857] - --------------------------setting values-----------------------------
[INFO ][2015-11-19 12:39:39,350][com.java.SeleniumDriver] [  860] - Action Type : ExecuteTestCase
[INFO ][2015-11-19 12:39:39,370][com.java.TestType] [  426] - The Concept sheet name is ---------- Concept
[INFO ][2015-11-19 12:39:39,370][com.java.TestType] [  429] - The Concept ID  is ---------- 1
[DEBUG][2015-11-19 12:39:39,370][com.java.TestType] [  433] - Steps being executted in the Concept are: 1:14
[INFO ][2015-11-19 12:39:39,370][com.java.TestType] [  440] - Test data details path ---------- D:\BankersDashboard\TestInputs\TestData.xls
[INFO ][2015-11-19 12:39:39,400][com.java.TestType] [  471] -  str(1) = 1
[INFO ][2015-11-19 12:39:39,400][com.java.TestType] [  474] - Test case Id is---1
[INFO ][2015-11-19 12:39:39,400][com.java.TestType] [  476] - 1
[INFO ][2015-11-19 12:39:39,400][com.java.TestType] [  471] -  str(2) = 1
[INFO ][2015-11-19 12:39:39,400][com.java.TestType] [  523] - row values are--------{1=com.java.Objects.TestDataDetails@1158a9f}
[INFO ][2015-11-19 12:39:39,400][com.java.TestType] [  471] -  str(1) = 1
[INFO ][2015-11-19 12:39:39,400][com.java.TestType] [  474] - Test case Id is---1
[INFO ][2015-11-19 12:39:39,400][com.java.TestType] [  476] - 1
[INFO ][2015-11-19 12:39:39,400][com.java.TestType] [  471] -  str(2) = 2
[INFO ][2015-11-19 12:39:39,400][com.java.TestType] [  523] - row values are--------{1=com.java.Objects.TestDataDetails@1158a9f, 2=com.java.Objects.TestDataDetails@14692d2}
[INFO ][2015-11-19 12:39:39,400][com.java.TestType] [  471] -  str(1) = 1
[INFO ][2015-11-19 12:39:39,400][com.java.TestType] [  474] - Test case Id is---1
[INFO ][2015-11-19 12:39:39,400][com.java.TestType] [  476] - 1
[INFO ][2015-11-19 12:39:39,400][com.java.TestType] [  471] -  str(2) = 3
[INFO ][2015-11-19 12:39:39,410][com.java.TestType] [  523] - row values are--------{1=com.java.Objects.TestDataDetails@1158a9f, 2=com.java.Objects.TestDataDetails@14692d2, 3=com.java.Objects.TestDataDetails@1426497}
[INFO ][2015-11-19 12:39:39,410][com.java.TestType] [  471] -  str(1) = 1
[INFO ][2015-11-19 12:39:39,410][com.java.TestType] [  474] - Test case Id is---1
[INFO ][2015-11-19 12:39:39,410][com.java.TestType] [  476] - 1
[INFO ][2015-11-19 12:39:39,410][com.java.TestType] [  471] -  str(2) = 4
[INFO ][2015-11-19 12:39:39,410][com.java.TestType] [  523] - row values are--------{1=com.java.Objects.TestDataDetails@1158a9f, 2=com.java.Objects.TestDataDetails@14692d2, 3=com.java.Objects.TestDataDetails@1426497, 4=com.java.Objects.TestDataDetails@12aa789}
[INFO ][2015-11-19 12:39:39,410][com.java.TestType] [  471] -  str(1) = 1
[INFO ][2015-11-19 12:39:39,410][com.java.TestType] [  474] - Test case Id is---1
[INFO ][2015-11-19 12:39:39,410][com.java.TestType] [  476] - 1
[INFO ][2015-11-19 12:39:39,410][com.java.TestType] [  471] -  str(2) = 5
[INFO ][2015-11-19 12:39:39,410][com.java.TestType] [  523] - row values are--------{1=com.java.Objects.TestDataDetails@1158a9f, 2=com.java.Objects.TestDataDetails@14692d2, 3=com.java.Objects.TestDataDetails@1426497, 4=com.java.Objects.TestDataDetails@12aa789, 5=com.java.Objects.TestDataDetails@470c64}
[INFO ][2015-11-19 12:39:39,410][com.java.TestType] [  471] -  str(1) = 1
[INFO ][2015-11-19 12:39:39,410][com.java.TestType] [  474] - Test case Id is---1
[INFO ][2015-11-19 12:39:39,410][com.java.TestType] [  476] - 1
[INFO ][2015-11-19 12:39:39,410][com.java.TestType] [  471] -  str(2) = 6
[INFO ][2015-11-19 12:39:39,410][com.java.TestType] [  523] - row values are--------{1=com.java.Objects.TestDataDetails@1158a9f, 2=com.java.Objects.TestDataDetails@14692d2, 3=com.java.Objects.TestDataDetails@1426497, 4=com.java.Objects.TestDataDetails@12aa789, 5=com.java.Objects.TestDataDetails@470c64, 6=com.java.Objects.TestDataDetails@1eba425}
[INFO ][2015-11-19 12:39:39,410][com.java.TestType] [  471] -  str(1) = 1
[INFO ][2015-11-19 12:39:39,410][com.java.TestType] [  474] - Test case Id is---1
[INFO ][2015-11-19 12:39:39,410][com.java.TestType] [  476] - 1
[INFO ][2015-11-19 12:39:39,410][com.java.TestType] [  471] -  str(2) = 7
[INFO ][2015-11-19 12:39:39,410][com.java.TestType] [  523] - row values are--------{1=com.java.Objects.TestDataDetails@1158a9f, 2=com.java.Objects.TestDataDetails@14692d2, 3=com.java.Objects.TestDataDetails@1426497, 4=com.java.Objects.TestDataDetails@12aa789, 5=com.java.Objects.TestDataDetails@470c64, 6=com.java.Objects.TestDataDetails@1eba425, 7=com.java.Objects.TestDataDetails@1fa92be}
[INFO ][2015-11-19 12:39:39,410][com.java.TestType] [  471] -  str(1) = 1
[INFO ][2015-11-19 12:39:39,410][com.java.TestType] [  474] - Test case Id is---1
[INFO ][2015-11-19 12:39:39,410][com.java.TestType] [  476] - 1
[INFO ][2015-11-19 12:39:39,410][com.java.TestType] [  471] -  str(2) = 8
[INFO ][2015-11-19 12:39:39,410][com.java.TestType] [  523] - row values are--------{1=com.java.Objects.TestDataDetails@1158a9f, 2=com.java.Objects.TestDataDetails@14692d2, 3=com.java.Objects.TestDataDetails@1426497, 4=com.java.Objects.TestDataDetails@12aa789, 5=com.java.Objects.TestDataDetails@470c64, 6=com.java.Objects.TestDataDetails@1eba425, 7=com.java.Objects.TestDataDetails@1fa92be, 8=com.java.Objects.TestDataDetails@ee479}
[INFO ][2015-11-19 12:39:39,410][com.java.TestType] [  471] -  str(1) = 1
[INFO ][2015-11-19 12:39:39,410][com.java.TestType] [  474] - Test case Id is---1
[INFO ][2015-11-19 12:39:39,410][com.java.TestType] [  476] - 1
[INFO ][2015-11-19 12:39:39,420][com.java.TestType] [  471] -  str(2) = 9
[INFO ][2015-11-19 12:39:39,420][com.java.TestType] [  523] - row values are--------{1=com.java.Objects.TestDataDetails@1158a9f, 2=com.java.Objects.TestDataDetails@14692d2, 3=com.java.Objects.TestDataDetails@1426497, 4=com.java.Objects.TestDataDetails@12aa789, 5=com.java.Objects.TestDataDetails@470c64, 6=com.java.Objects.TestDataDetails@1eba425, 7=com.java.Objects.TestDataDetails@1fa92be, 8=com.java.Objects.TestDataDetails@ee479, 9=com.java.Objects.TestDataDetails@1ee6f88}
[INFO ][2015-11-19 12:39:39,420][com.java.TestType] [  471] -  str(1) = 1
[INFO ][2015-11-19 12:39:39,420][com.java.TestType] [  474] - Test case Id is---1
[INFO ][2015-11-19 12:39:39,420][com.java.TestType] [  476] - 1
[INFO ][2015-11-19 12:39:39,420][com.java.TestType] [  471] -  str(2) = 10
[INFO ][2015-11-19 12:39:39,420][com.java.TestType] [  523] - row values are--------{1=com.java.Objects.TestDataDetails@1158a9f, 2=com.java.Objects.TestDataDetails@14692d2, 3=com.java.Objects.TestDataDetails@1426497, 4=com.java.Objects.TestDataDetails@12aa789, 5=com.java.Objects.TestDataDetails@470c64, 6=com.java.Objects.TestDataDetails@1eba425, 7=com.java.Objects.TestDataDetails@1fa92be, 8=com.java.Objects.TestDataDetails@ee479, 9=com.java.Objects.TestDataDetails@1ee6f88, 10=com.java.Objects.TestDataDetails@73f47d}
[INFO ][2015-11-19 12:39:39,420][com.java.TestType] [  471] -  str(1) = 1
[INFO ][2015-11-19 12:39:39,420][com.java.TestType] [  474] - Test case Id is---1
[INFO ][2015-11-19 12:39:39,420][com.java.TestType] [  476] - 1
[INFO ][2015-11-19 12:39:39,420][com.java.TestType] [  471] -  str(2) = 11
[INFO ][2015-11-19 12:39:39,420][com.java.TestType] [  523] - row values are--------{1=com.java.Objects.TestDataDetails@1158a9f, 2=com.java.Objects.TestDataDetails@14692d2, 3=com.java.Objects.TestDataDetails@1426497, 4=com.java.Objects.TestDataDetails@12aa789, 5=com.java.Objects.TestDataDetails@470c64, 6=com.java.Objects.TestDataDetails@1eba425, 7=com.java.Objects.TestDataDetails@1fa92be, 8=com.java.Objects.TestDataDetails@ee479, 9=com.java.Objects.TestDataDetails@1ee6f88, 10=com.java.Objects.TestDataDetails@73f47d, 11=com.java.Objects.TestDataDetails@f30883}
[INFO ][2015-11-19 12:39:39,420][com.java.TestType] [  471] -  str(1) = 1
[INFO ][2015-11-19 12:39:39,420][com.java.TestType] [  474] - Test case Id is---1
[INFO ][2015-11-19 12:39:39,420][com.java.TestType] [  476] - 1
[INFO ][2015-11-19 12:39:39,420][com.java.TestType] [  471] -  str(2) = 12
[INFO ][2015-11-19 12:39:39,420][com.java.TestType] [  523] - row values are--------{1=com.java.Objects.TestDataDetails@1158a9f, 2=com.java.Objects.TestDataDetails@14692d2, 3=com.java.Objects.TestDataDetails@1426497, 4=com.java.Objects.TestDataDetails@12aa789, 5=com.java.Objects.TestDataDetails@470c64, 6=com.java.Objects.TestDataDetails@1eba425, 7=com.java.Objects.TestDataDetails@1fa92be, 8=com.java.Objects.TestDataDetails@ee479, 9=com.java.Objects.TestDataDetails@1ee6f88, 10=com.java.Objects.TestDataDetails@73f47d, 11=com.java.Objects.TestDataDetails@f30883, 12=com.java.Objects.TestDataDetails@abd854}
[INFO ][2015-11-19 12:39:39,420][com.java.TestType] [  471] -  str(1) = 1
[INFO ][2015-11-19 12:39:39,420][com.java.TestType] [  474] - Test case Id is---1
[INFO ][2015-11-19 12:39:39,420][com.java.TestType] [  476] - 1
[INFO ][2015-11-19 12:39:39,420][com.java.TestType] [  471] -  str(2) = 13
[INFO ][2015-11-19 12:39:39,420][com.java.TestType] [  523] - row values are--------{1=com.java.Objects.TestDataDetails@1158a9f, 2=com.java.Objects.TestDataDetails@14692d2, 3=com.java.Objects.TestDataDetails@1426497, 4=com.java.Objects.TestDataDetails@12aa789, 5=com.java.Objects.TestDataDetails@470c64, 6=com.java.Objects.TestDataDetails@1eba425, 7=com.java.Objects.TestDataDetails@1fa92be, 8=com.java.Objects.TestDataDetails@ee479, 9=com.java.Objects.TestDataDetails@1ee6f88, 10=com.java.Objects.TestDataDetails@73f47d, 11=com.java.Objects.TestDataDetails@f30883, 12=com.java.Objects.TestDataDetails@abd854, 13=com.java.Objects.TestDataDetails@f73c55}
[INFO ][2015-11-19 12:39:39,420][com.java.TestType] [  471] -  str(1) = 1
[INFO ][2015-11-19 12:39:39,420][com.java.TestType] [  474] - Test case Id is---1
[INFO ][2015-11-19 12:39:39,420][com.java.TestType] [  476] - 1
[INFO ][2015-11-19 12:39:39,420][com.java.TestType] [  471] -  str(2) = 14
[INFO ][2015-11-19 12:39:39,420][com.java.TestType] [  523] - row values are--------{1=com.java.Objects.TestDataDetails@1158a9f, 2=com.java.Objects.TestDataDetails@14692d2, 3=com.java.Objects.TestDataDetails@1426497, 4=com.java.Objects.TestDataDetails@12aa789, 5=com.java.Objects.TestDataDetails@470c64, 6=com.java.Objects.TestDataDetails@1eba425, 7=com.java.Objects.TestDataDetails@1fa92be, 8=com.java.Objects.TestDataDetails@ee479, 9=com.java.Objects.TestDataDetails@1ee6f88, 10=com.java.Objects.TestDataDetails@73f47d, 11=com.java.Objects.TestDataDetails@f30883, 12=com.java.Objects.TestDataDetails@abd854, 13=com.java.Objects.TestDataDetails@f73c55, 14=com.java.Objects.TestDataDetails@12f2fa7}
[INFO ][2015-11-19 12:39:39,420][com.java.TestType] [ 8806] - Looping 1TCID = 1
[DEBUG][2015-11-19 12:39:39,420][com.java.TestType] [ 8847] - Concept ID:1 :: Step being Executed: 1::1
[INFO ][2015-11-19 12:39:39,420][com.java.TestType] [ 8885] - dataFields : TXTusername
[DEBUG][2015-11-19 12:39:39,420][com.java.TestType] [ 8891] - <In Set values of the page>
[DEBUG][2015-11-19 12:39:39,420][com.java.TestType] [ 8896] - {Data Fields & Data Values Exist}
[INFO ][2015-11-19 12:39:39,420][com.java.TestType] [ 8902] - --------------------------setting values-----------------------------
[INFO ][2015-11-19 12:39:39,420][com.java.TestType] [ 8905] - Action Type : CLEARANDENTER
[INFO ][2015-11-19 12:39:39,420][com.java.TestType] [ 4461] - value = valuelabs.ie10.33527
[INFO ][2015-11-19 12:39:44,172][com.java.TestType] [ 8924] -  RESULT true
[INFO ][2015-11-19 12:39:44,172][com.java.TestType] [ 9041] - ?   P A S S   ?
[DEBUG][2015-11-19 12:39:44,172][com.java.TestType] [ 8847] - Concept ID:1 :: Step being Executed: 1::2
[INFO ][2015-11-19 12:39:44,172][com.java.TestType] [ 8885] - dataFields : TXTpassword
[DEBUG][2015-11-19 12:39:44,172][com.java.TestType] [ 8891] - <In Set values of the page>
[DEBUG][2015-11-19 12:39:44,172][com.java.TestType] [ 8896] - {Data Fields & Data Values Exist}
[INFO ][2015-11-19 12:39:44,172][com.java.TestType] [ 8902] - --------------------------setting values-----------------------------
[INFO ][2015-11-19 12:39:44,172][com.java.TestType] [ 8905] - Action Type : CLEARANDENTER
[INFO ][2015-11-19 12:39:44,172][com.java.TestType] [ 4461] - value = Password1*
[INFO ][2015-11-19 12:39:49,044][com.java.TestType] [ 8924] -  RESULT true
[INFO ][2015-11-19 12:39:49,044][com.java.TestType] [ 9041] - ?   P A S S   ?
[DEBUG][2015-11-19 12:39:49,044][com.java.TestType] [ 8847] - Concept ID:1 :: Step being Executed: 1::3
[ERROR][2015-11-19 12:39:49,044][com.java.TestType] [ 8880] - Exception: null
[INFO ][2015-11-19 12:39:49,044][com.java.TestType] [ 8885] - dataFields : XPH//button[@type='submit']
[DEBUG][2015-11-19 12:39:49,044][com.java.TestType] [ 8891] - <In Set values of the page>
[DEBUG][2015-11-19 12:39:49,044][com.java.TestType] [ 8896] - {Data Fields & Data Values Exist}
[INFO ][2015-11-19 12:39:49,044][com.java.TestType] [ 8902] - --------------------------setting values-----------------------------
[INFO ][2015-11-19 12:39:49,044][com.java.TestType] [ 8905] - Action Type : Click
[INFO ][2015-11-19 12:39:49,044][com.java.TestType] [ 4774] - Field ::XPH//button[@type='submit']
[INFO ][2015-11-19 12:39:50,044][com.java.TestType] [ 4833] - BEFORE CLICK
[INFO ][2015-11-19 12:39:50,891][com.java.TestType] [ 4841] - Unable to click the object Login
[INFO ][2015-11-19 12:39:50,891][com.java.TestType] [ 8924] -  RESULT true
[INFO ][2015-11-19 12:39:50,891][com.java.TestType] [ 9041] - ?   P A S S   ?
[DEBUG][2015-11-19 12:39:50,891][com.java.TestType] [ 8847] - Concept ID:1 :: Step being Executed: 1::4
[INFO ][2015-11-19 12:39:50,891][com.java.TestType] [ 8885] - dataFields : LNKLogout
[DEBUG][2015-11-19 12:39:50,891][com.java.TestType] [ 8891] - <In Set values of the page>
[DEBUG][2015-11-19 12:39:50,891][com.java.TestType] [ 8896] - {Data Fields & Data Values Exist}
[INFO ][2015-11-19 12:39:50,891][com.java.TestType] [ 8902] - --------------------------setting values-----------------------------
[INFO ][2015-11-19 12:39:50,891][com.java.TestType] [ 8905] - Action Type : WaitForElement
[INFO ][2015-11-19 12:39:57,190][com.java.TestType] [ 8924] -  RESULT true
[INFO ][2015-11-19 12:39:57,190][com.java.TestType] [ 9041] - ?   P A S S   ?
[DEBUG][2015-11-19 12:39:57,190][com.java.TestType] [ 8847] - Concept ID:1 :: Step being Executed: 1::13
[INFO ][2015-11-19 12:39:57,190][com.java.TestType] [ 8885] - dataFields : LNK
[DEBUG][2015-11-19 12:39:57,190][com.java.TestType] [ 8891] - <In Set values of the page>
[DEBUG][2015-11-19 12:39:57,190][com.java.TestType] [ 8896] - {Data Fields & Data Values Exist}
[INFO ][2015-11-19 12:39:57,190][com.java.TestType] [ 8902] - --------------------------setting values-----------------------------
[INFO ][2015-11-19 12:39:57,190][com.java.TestType] [ 8905] - Action Type : Verify
[INFO ][2015-11-19 12:39:57,190][com.java.TestType] [ 5568] - field= LNK value= Logout
[INFO ][2015-11-19 12:39:57,190][com.java.TestType] [ 4461] - value = Logout
[INFO ][2015-11-19 12:39:57,221][com.java.TestType] [ 8924] -  RESULT true
[INFO ][2015-11-19 12:39:57,221][com.java.TestType] [ 9041] - ?   P A S S   ?
[DEBUG][2015-11-19 12:39:57,221][com.java.TestType] [ 8847] - Concept ID:1 :: Step being Executed: 1::14
[INFO ][2015-11-19 12:39:57,221][com.java.TestType] [ 8885] - dataFields : BTN
[DEBUG][2015-11-19 12:39:57,221][com.java.TestType] [ 8891] - <In Set values of the page>
[DEBUG][2015-11-19 12:39:57,221][com.java.TestType] [ 8896] - {Data Fields & Data Values Exist}
[INFO ][2015-11-19 12:39:57,221][com.java.TestType] [ 8902] - --------------------------setting values-----------------------------
[INFO ][2015-11-19 12:39:57,221][com.java.TestType] [ 8905] - Action Type : Verify
[INFO ][2015-11-19 12:39:57,221][com.java.TestType] [ 5568] - field= BTN value= //img[contains(@src,'bdlogo.jpg')]
[INFO ][2015-11-19 12:39:57,221][com.java.TestType] [ 4461] - value = //img[contains(@src,'bdlogo.jpg')]
[INFO ][2015-11-19 12:39:57,251][com.java.TestType] [ 8924] -  RESULT true
[INFO ][2015-11-19 12:39:57,251][com.java.TestType] [ 9041] - ?   P A S S   ?
[INFO ][2015-11-19 12:39:57,251][com.java.TestType] [ 9112] - Looping End......
[INFO ][2015-11-19 12:39:57,251][com.java.SeleniumDriver] [  869] -  RESULT true
[INFO ][2015-11-19 12:39:57,251][com.java.SeleniumDriver] [ 1074] - ?   P A S S   ?
[INFO ][2015-11-19 12:39:57,251][com.java.SeleniumDriver] [  796] - ------------------------------------------
[INFO ][2015-11-19 12:39:57,251][com.java.SeleniumDriver] [  797] - Test case being Executed: 1
[INFO ][2015-11-19 12:39:57,251][com.java.SeleniumDriver] [  808] - Test step:2
[INFO ][2015-11-19 12:39:57,251][com.java.SeleniumDriver] [  820] - Datavalue is----------Concept#2:1-2
[INFO ][2015-11-19 12:39:57,251][com.java.SeleniumDriver] [  844] - DataField : test
[INFO ][2015-11-19 12:39:57,251][com.java.SeleniumDriver] [  846] - DataValue : Concept#2:1-2
[INFO ][2015-11-19 12:39:57,251][com.java.SeleniumDriver] [  852] - <In Set values of the page>
[INFO ][2015-11-19 12:39:57,251][com.java.SeleniumDriver] [  855] - {Data Fields & Data Values Exist}
[INFO ][2015-11-19 12:39:57,251][com.java.SeleniumDriver] [  857] - --------------------------setting values-----------------------------
[INFO ][2015-11-19 12:39:57,251][com.java.SeleniumDriver] [  860] - Action Type : ExecuteTestCase
[INFO ][2015-11-19 12:39:57,251][com.java.TestType] [  426] - The Concept sheet name is ---------- Concept
[INFO ][2015-11-19 12:39:57,251][com.java.TestType] [  429] - The Concept ID  is ---------- 2
[DEBUG][2015-11-19 12:39:57,251][com.java.TestType] [  433] - Steps being executted in the Concept are: 1:2
[INFO ][2015-11-19 12:39:57,251][com.java.TestType] [  440] - Test data details path ---------- D:\BankersDashboard\TestInputs\TestData.xls
[INFO ][2015-11-19 12:39:57,281][com.java.TestType] [  471] -  str(1) = 2
[INFO ][2015-11-19 12:39:57,281][com.java.TestType] [  474] - Test case Id is---2
[INFO ][2015-11-19 12:39:57,281][com.java.TestType] [  476] - 2
[INFO ][2015-11-19 12:39:57,281][com.java.TestType] [  471] -  str(2) = 1
[INFO ][2015-11-19 12:39:57,281][com.java.TestType] [  523] - row values are--------{1=com.java.Objects.TestDataDetails@60fae8}
[INFO ][2015-11-19 12:39:57,281][com.java.TestType] [  471] -  str(1) = 2
[INFO ][2015-11-19 12:39:57,281][com.java.TestType] [  474] - Test case Id is---2
[INFO ][2015-11-19 12:39:57,281][com.java.TestType] [  476] - 2
[INFO ][2015-11-19 12:39:57,281][com.java.TestType] [  471] -  str(2) = 2
[INFO ][2015-11-19 12:39:57,291][com.java.TestType] [  523] - row values are--------{1=com.java.Objects.TestDataDetails@60fae8, 2=com.java.Objects.TestDataDetails@1d5366b}
[INFO ][2015-11-19 12:39:57,291][com.java.TestType] [  471] -  str(1) = 2
[INFO ][2015-11-19 12:39:57,291][com.java.TestType] [  474] - Test case Id is---2
[INFO ][2015-11-19 12:39:57,291][com.java.TestType] [  476] - 2
[INFO ][2015-11-19 12:39:57,291][com.java.TestType] [  471] -  str(2) = 3
[INFO ][2015-11-19 12:39:57,291][com.java.TestType] [  523] - row values are--------{1=com.java.Objects.TestDataDetails@60fae8, 2=com.java.Objects.TestDataDetails@1d5366b, 3=com.java.Objects.TestDataDetails@427a0b}
[INFO ][2015-11-19 12:39:57,291][com.java.TestType] [ 8806] - Looping 1TCID = 2
[DEBUG][2015-11-19 12:39:57,291][com.java.TestType] [ 8847] - Concept ID:2 :: Step being Executed: 2::1
[INFO ][2015-11-19 12:39:57,291][com.java.TestType] [ 8885] - dataFields : BNK//select[@id='bank']
[DEBUG][2015-11-19 12:39:57,291][com.java.TestType] [ 8891] - <In Set values of the page>
[DEBUG][2015-11-19 12:39:57,291][com.java.TestType] [ 8896] - {Data Fields & Data Values Exist}
[INFO ][2015-11-19 12:39:57,291][com.java.TestType] [ 8902] - --------------------------setting values-----------------------------
[INFO ][2015-11-19 12:39:57,291][com.java.TestType] [ 8905] - Action Type : Select
[INFO ][2015-11-19 12:39:57,291][com.java.TestType] [ 4461] - value = PFC
[INFO ][2015-11-19 12:39:57,558][com.java.TestType] [ 8924] -  RESULT true
[INFO ][2015-11-19 12:39:57,558][com.java.TestType] [ 9041] - ?   P A S S   ?
[DEBUG][2015-11-19 12:39:57,558][com.java.TestType] [ 8847] - Concept ID:2 :: Step being Executed: 2::2
[INFO ][2015-11-19 12:39:57,558][com.java.TestType] [ 8885] - dataFields : LNKLogout
[DEBUG][2015-11-19 12:39:57,558][com.java.TestType] [ 8891] - <In Set values of the page>
[DEBUG][2015-11-19 12:39:57,558][com.java.TestType] [ 8896] - {Data Fields & Data Values Exist}
[INFO ][2015-11-19 12:39:57,558][com.java.TestType] [ 8902] - --------------------------setting values-----------------------------
[INFO ][2015-11-19 12:39:57,558][com.java.TestType] [ 8905] - Action Type : WaitTime
[DEBUG][2015-11-19 12:39:57,558][com.java.TestType] [ 4296] - sleepTime: 5000
[INFO ][2015-11-19 12:40:02,561][com.java.TestType] [ 8924] -  RESULT true
[INFO ][2015-11-19 12:40:02,561][com.java.TestType] [ 9041] - ?   P A S S   ?
[INFO ][2015-11-19 12:40:02,561][com.java.TestType] [ 9112] - Looping End......
[INFO ][2015-11-19 12:40:02,561][com.java.SeleniumDriver] [  869] -  RESULT true
[INFO ][2015-11-19 12:40:02,561][com.java.SeleniumDriver] [ 1074] - ?   P A S S   ?
[INFO ][2015-11-19 12:40:02,561][com.java.SeleniumDriver] [  796] - ------------------------------------------
[INFO ][2015-11-19 12:40:02,561][com.java.SeleniumDriver] [  797] - Test case being Executed: 1
[INFO ][2015-11-19 12:40:02,561][com.java.SeleniumDriver] [  808] - Test step:3
[INFO ][2015-11-19 12:40:02,561][com.java.SeleniumDriver] [  820] - Datavalue is----------2
[INFO ][2015-11-19 12:40:02,561][com.java.SeleniumDriver] [  844] - DataField : XPH//button[contains(text(),'Add Content')]
[INFO ][2015-11-19 12:40:02,561][com.java.SeleniumDriver] [  846] - DataValue : 2
[INFO ][2015-11-19 12:40:02,561][com.java.SeleniumDriver] [  852] - <In Set values of the page>
[INFO ][2015-11-19 12:40:02,561][com.java.SeleniumDriver] [  855] - {Data Fields & Data Values Exist}
[INFO ][2015-11-19 12:40:02,561][com.java.SeleniumDriver] [  857] - --------------------------setting values-----------------------------
[INFO ][2015-11-19 12:40:02,561][com.java.SeleniumDriver] [  860] - Action Type : WAITFORELEMENT
[INFO ][2015-11-19 12:40:02,602][com.java.SeleniumDriver] [  869] -  RESULT true
[INFO ][2015-11-19 12:40:02,602][com.java.SeleniumDriver] [ 1074] - ?   P A S S   ?
[DEBUG][2015-11-19 12:40:02,602][com.java.SeleniumDriver] [ 1176] - Case found
[DEBUG][2015-11-19 12:40:02,602][com.java.SeleniumDriver] [ 1181] - Incrementing ReportCounters[0]:1
[INFO ][2015-11-19 12:40:02,602][com.java.SeleniumDriver] [ 1200] - The results are-------------------[1, 1, Valid Login, Pass, , Thu Nov 19 12:39:57 IST 2015, 1, 2, Valid Login, Pass, , Thu Nov 19 12:40:02 IST 2015, 1, 3, Valid Login, Pass, , Thu Nov 19 12:40:02 IST 2015]
[INFO ][2015-11-19 12:40:02,602][com.java.SeleniumDriver] [ 1204] - End time is-------37 sec
[INFO ][2015-11-19 12:40:02,602][com.java.SeleniumDriver] [ 1205] - The results are-------------------[1, 1, Valid Login, Pass, , Thu Nov 19 12:39:57 IST 2015, 1, 2, Valid Login, Pass, , Thu Nov 19 12:40:02 IST 2015, 1, 3, Valid Login, Pass, , Thu Nov 19 12:40:02 IST 2015]
[DEBUG][2015-11-19 12:40:02,602][com.java.ImportnExport.ExportTestResultsExcel] [  222] - testResultPath = D:\BankersDashboard/TestReports/Test Results_BankersDashBoard_111915_123927_IE10_Bank of North Carolina.xls
[DEBUG][2015-11-19 12:40:02,602][com.java.ImportnExport.ExportTestResultsExcel] [  223] - browser is------------IE10
[DEBUG][2015-11-19 12:40:02,642][com.java.ImportnExport.ExportTestResultsExcel] [  270] - result.size() = 18
[DEBUG][2015-11-19 12:40:02,642][com.java.ImportnExport.ExportTestResultsExcel] [  274] - No of rows in sheet=1
[DEBUG][2015-11-19 12:40:02,642][com.java.ImportnExport.ExportTestResultsExcel] [  301] - ..in export..1
[DEBUG][2015-11-19 12:40:02,642][com.java.ImportnExport.ExportTestResultsExcel] [  301] - ..in export..Valid Login
[DEBUG][2015-11-19 12:40:02,642][com.java.ImportnExport.ExportTestResultsExcel] [  301] - ..in export..Pass
[DEBUG][2015-11-19 12:40:02,642][com.java.ImportnExport.ExportTestResultsExcel] [  301] - ..in export..
[DEBUG][2015-11-19 12:40:02,642][com.java.ImportnExport.ExportTestResultsExcel] [  301] - ..in export..Thu Nov 19 12:39:57 IST 2015
[INFO ][2015-11-19 12:40:02,642][com.java.SeleniumDriver] [ 1263] - out loop:0 size:2 TestCases:[1, 6] testcases:[1, 6]
[INFO ][2015-11-19 12:40:02,642][com.java.ImportnExport.ImportTestDataDetailsExcel] [   49] - test data details path===== D:\BankersDashboard\TestInputs\TestData.xls
[INFO ][2015-11-19 12:40:56,210][com.java.SeleniumDriver] [  796] - ------------------------------------------
[INFO ][2015-11-19 12:40:56,210][com.java.SeleniumDriver] [  797] - Test case being Executed: 6
[INFO ][2015-11-19 12:40:56,210][com.java.SeleniumDriver] [  808] - Test step:1
[INFO ][2015-11-19 12:40:56,210][com.java.SeleniumDriver] [  820] - Datavalue is----------Logout
[INFO ][2015-11-19 12:40:56,210][com.java.SeleniumDriver] [  844] - DataField : BTN
[INFO ][2015-11-19 12:40:56,210][com.java.SeleniumDriver] [  846] - DataValue : Logout
[INFO ][2015-11-19 12:40:56,210][com.java.SeleniumDriver] [  852] - <In Set values of the page>
[INFO ][2015-11-19 12:40:56,210][com.java.SeleniumDriver] [  855] - {Data Fields & Data Values Exist}
[INFO ][2015-11-19 12:40:56,210][com.java.SeleniumDriver] [  857] - --------------------------setting values-----------------------------
[INFO ][2015-11-19 12:40:56,210][com.java.SeleniumDriver] [  860] - Action Type : Verify
[INFO ][2015-11-19 12:40:56,210][com.java.TestType] [ 5568] - field= BTN value= Logout
[INFO ][2015-11-19 12:40:56,210][com.java.TestType] [ 4461] - value = Logout
[INFO ][2015-11-19 12:40:56,241][com.java.SeleniumDriver] [  869] -  RESULT true
[INFO ][2015-11-19 12:40:56,241][com.java.SeleniumDriver] [ 1074] - ?   P A S S   ?
[INFO ][2015-11-19 12:40:56,241][com.java.SeleniumDriver] [ 1116] - step change to 3
[INFO ][2015-11-19 12:40:56,241][com.java.SeleniumDriver] [  796] - ------------------------------------------
[INFO ][2015-11-19 12:40:56,241][com.java.SeleniumDriver] [  797] - Test case being Executed: 6
[INFO ][2015-11-19 12:40:56,241][com.java.SeleniumDriver] [  808] - Test step:3
[INFO ][2015-11-19 12:40:56,241][com.java.SeleniumDriver] [  820] - Datavalue is----------Concept#2:1-2
[INFO ][2015-11-19 12:40:56,241][com.java.SeleniumDriver] [  844] - DataField : test
[INFO ][2015-11-19 12:40:56,241][com.java.SeleniumDriver] [  846] - DataValue : Concept#2:1-2
[INFO ][2015-11-19 12:40:56,241][com.java.SeleniumDriver] [  852] - <In Set values of the page>
[INFO ][2015-11-19 12:40:56,241][com.java.SeleniumDriver] [  855] - {Data Fields & Data Values Exist}
[INFO ][2015-11-19 12:40:56,241][com.java.SeleniumDriver] [  857] - --------------------------setting values-----------------------------
[INFO ][2015-11-19 12:40:56,241][com.java.SeleniumDriver] [  860] - Action Type : ExecuteTestCase
[INFO ][2015-11-19 12:40:56,241][com.java.TestType] [  426] - The Concept sheet name is ---------- Concept
[INFO ][2015-11-19 12:40:56,241][com.java.TestType] [  429] - The Concept ID  is ---------- 2
[DEBUG][2015-11-19 12:40:56,241][com.java.TestType] [  433] - Steps being executted in the Concept are: 1:2
[INFO ][2015-11-19 12:40:56,241][com.java.TestType] [  440] - Test data details path ---------- D:\BankersDashboard\TestInputs\TestData.xls
[INFO ][2015-11-19 12:40:56,271][com.java.TestType] [  471] -  str(1) = 2
[INFO ][2015-11-19 12:40:56,271][com.java.TestType] [  474] - Test case Id is---2
[INFO ][2015-11-19 12:40:56,271][com.java.TestType] [  476] - 2
[INFO ][2015-11-19 12:40:56,271][com.java.TestType] [  471] -  str(2) = 1
[INFO ][2015-11-19 12:40:56,271][com.java.TestType] [  523] - row values are--------{1=com.java.Objects.TestDataDetails@5ea088}
[INFO ][2015-11-19 12:40:56,271][com.java.TestType] [  471] -  str(1) = 2
[INFO ][2015-11-19 12:40:56,271][com.java.TestType] [  474] - Test case Id is---2
[INFO ][2015-11-19 12:40:56,271][com.java.TestType] [  476] - 2
[INFO ][2015-11-19 12:40:56,271][com.java.TestType] [  471] -  str(2) = 2
[INFO ][2015-11-19 12:40:56,271][com.java.TestType] [  523] - row values are--------{1=com.java.Objects.TestDataDetails@5ea088, 2=com.java.Objects.TestDataDetails@a406e8}
[INFO ][2015-11-19 12:40:56,271][com.java.TestType] [  471] -  str(1) = 2
[INFO ][2015-11-19 12:40:56,271][com.java.TestType] [  474] - Test case Id is---2
[INFO ][2015-11-19 12:40:56,271][com.java.TestType] [  476] - 2
[INFO ][2015-11-19 12:40:56,271][com.java.TestType] [  471] -  str(2) = 3
[INFO ][2015-11-19 12:40:56,271][com.java.TestType] [  523] - row values are--------{1=com.java.Objects.TestDataDetails@5ea088, 2=com.java.Objects.TestDataDetails@a406e8, 3=com.java.Objects.TestDataDetails@7e83c5}
[INFO ][2015-11-19 12:40:56,271][com.java.TestType] [ 8806] - Looping 1TCID = 2
[DEBUG][2015-11-19 12:40:56,271][com.java.TestType] [ 8847] - Concept ID:2 :: Step being Executed: 2::1
[INFO ][2015-11-19 12:40:56,271][com.java.TestType] [ 8885] - dataFields : BNK//select[@id='bank']
[DEBUG][2015-11-19 12:40:56,271][com.java.TestType] [ 8891] - <In Set values of the page>
[DEBUG][2015-11-19 12:40:56,271][com.java.TestType] [ 8896] - {Data Fields & Data Values Exist}
[INFO ][2015-11-19 12:40:56,271][com.java.TestType] [ 8902] - --------------------------setting values-----------------------------
[INFO ][2015-11-19 12:40:56,271][com.java.TestType] [ 8905] - Action Type : Select
[INFO ][2015-11-19 12:40:56,271][com.java.TestType] [ 4461] - value = PFC
[INFO ][2015-11-19 12:40:56,461][com.java.TestType] [ 8924] -  RESULT true
[INFO ][2015-11-19 12:40:56,461][com.java.TestType] [ 9041] - ?   P A S S   ?
[DEBUG][2015-11-19 12:40:56,461][com.java.TestType] [ 8847] - Concept ID:2 :: Step being Executed: 2::2
[INFO ][2015-11-19 12:40:56,461][com.java.TestType] [ 8885] - dataFields : LNKLogout
[DEBUG][2015-11-19 12:40:56,461][com.java.TestType] [ 8891] - <In Set values of the page>
[DEBUG][2015-11-19 12:40:56,461][com.java.TestType] [ 8896] - {Data Fields & Data Values Exist}
[INFO ][2015-11-19 12:40:56,461][com.java.TestType] [ 8902] - --------------------------setting values-----------------------------
[INFO ][2015-11-19 12:40:56,461][com.java.TestType] [ 8905] - Action Type : WaitTime
[DEBUG][2015-11-19 12:40:56,461][com.java.TestType] [ 4296] - sleepTime: 5000
[INFO ][2015-11-19 12:41:01,461][com.java.TestType] [ 8924] -  RESULT true
[INFO ][2015-11-19 12:41:01,461][com.java.TestType] [ 9041] - ?   P A S S   ?
[INFO ][2015-11-19 12:41:01,461][com.java.TestType] [ 9112] - Looping End......
[INFO ][2015-11-19 12:41:01,461][com.java.SeleniumDriver] [  869] -  RESULT true
[INFO ][2015-11-19 12:41:01,461][com.java.SeleniumDriver] [ 1074] - ?   P A S S   ?
[INFO ][2015-11-19 12:41:01,461][com.java.SeleniumDriver] [  796] - ------------------------------------------
[INFO ][2015-11-19 12:41:01,461][com.java.SeleniumDriver] [  797] - Test case being Executed: 6
[INFO ][2015-11-19 12:41:01,461][com.java.SeleniumDriver] [  808] - Test step:4
[INFO ][2015-11-19 12:41:01,461][com.java.SeleniumDriver] [  820] - Datavalue is----------5
[INFO ][2015-11-19 12:41:01,461][com.java.SeleniumDriver] [  844] - DataField : LNKSettings
[INFO ][2015-11-19 12:41:01,461][com.java.SeleniumDriver] [  846] - DataValue : 5
[INFO ][2015-11-19 12:41:01,461][com.java.SeleniumDriver] [  852] - <In Set values of the page>
[INFO ][2015-11-19 12:41:01,461][com.java.SeleniumDriver] [  855] - {Data Fields & Data Values Exist}
[INFO ][2015-11-19 12:41:01,461][com.java.SeleniumDriver] [  857] - --------------------------setting values-----------------------------
[INFO ][2015-11-19 12:41:01,461][com.java.SeleniumDriver] [  860] - Action Type : WAITFORELEMENT
[INFO ][2015-11-19 12:41:01,602][com.java.SeleniumDriver] [  869] -  RESULT true
[INFO ][2015-11-19 12:41:01,602][com.java.SeleniumDriver] [ 1074] - ?   P A S S   ?
[INFO ][2015-11-19 12:41:01,602][com.java.SeleniumDriver] [  796] - ------------------------------------------
[INFO ][2015-11-19 12:41:01,602][com.java.SeleniumDriver] [  797] - Test case being Executed: 6
[INFO ][2015-11-19 12:41:01,602][com.java.SeleniumDriver] [  808] - Test step:5
[INFO ][2015-11-19 12:41:01,602][com.java.SeleniumDriver] [  820] - Datavalue is----------null
[DEBUG][2015-11-19 12:41:01,602][com.java.SeleniumDriver] [  838] - Exception: null
[INFO ][2015-11-19 12:41:01,602][com.java.SeleniumDriver] [  844] - DataField : //span[@class='icon-hammer']&&//a[text()='Custom Calculations']
[INFO ][2015-11-19 12:41:01,602][com.java.SeleniumDriver] [  846] - DataValue : 
[INFO ][2015-11-19 12:41:01,602][com.java.SeleniumDriver] [  852] - <In Set values of the page>
[INFO ][2015-11-19 12:41:01,602][com.java.SeleniumDriver] [  855] - {Data Fields & Data Values Exist}
[INFO ][2015-11-19 12:41:01,602][com.java.SeleniumDriver] [  857] - --------------------------setting values-----------------------------
[INFO ][2015-11-19 12:41:01,602][com.java.SeleniumDriver] [  860] - Action Type : MOUSEOVER
[INFO ][2015-11-19 12:41:26,006][com.java.SeleniumDriver] [  869] -  RESULT true
[INFO ][2015-11-19 12:41:26,006][com.java.SeleniumDriver] [ 1074] - ?   P A S S   ?
[INFO ][2015-11-19 12:41:26,006][com.java.SeleniumDriver] [  796] - ------------------------------------------
[INFO ][2015-11-19 12:41:26,006][com.java.SeleniumDriver] [  797] - Test case being Executed: 6
[INFO ][2015-11-19 12:41:26,006][com.java.SeleniumDriver] [  808] - Test step:6
[INFO ][2015-11-19 12:41:26,006][com.java.SeleniumDriver] [  820] - Datavalue is----------5
[INFO ][2015-11-19 12:41:26,006][com.java.SeleniumDriver] [  844] - DataField : BTN//iframe[@class='frameTabContent']
[INFO ][2015-11-19 12:41:26,006][com.java.SeleniumDriver] [  846] - DataValue : 5
[INFO ][2015-11-19 12:41:26,006][com.java.SeleniumDriver] [  852] - <In Set values of the page>
[INFO ][2015-11-19 12:41:26,006][com.java.SeleniumDriver] [  855] - {Data Fields & Data Values Exist}
[INFO ][2015-11-19 12:41:26,006][com.java.SeleniumDriver] [  857] - --------------------------setting values-----------------------------
[INFO ][2015-11-19 12:41:26,006][com.java.SeleniumDriver] [  860] - Action Type : waitforelement
[INFO ][2015-11-19 12:41:26,077][com.java.SeleniumDriver] [  869] -  RESULT true
[INFO ][2015-11-19 12:41:26,077][com.java.SeleniumDriver] [ 1074] - ?   P A S S   ?
[INFO ][2015-11-19 12:41:26,077][com.java.SeleniumDriver] [  796] - ------------------------------------------
[INFO ][2015-11-19 12:41:26,077][com.java.SeleniumDriver] [  797] - Test case being Executed: 6
[INFO ][2015-11-19 12:41:26,077][com.java.SeleniumDriver] [  808] - Test step:7
[INFO ][2015-11-19 12:41:26,077][com.java.SeleniumDriver] [  820] - Datavalue is----------null
[DEBUG][2015-11-19 12:41:26,077][com.java.SeleniumDriver] [  838] - Exception: null
[INFO ][2015-11-19 12:41:26,077][com.java.SeleniumDriver] [  844] - DataField : BTN//iframe[@class='frameTabContent']
[INFO ][2015-11-19 12:41:26,077][com.java.SeleniumDriver] [  846] - DataValue : 
[INFO ][2015-11-19 12:41:26,077][com.java.SeleniumDriver] [  852] - <In Set values of the page>
[INFO ][2015-11-19 12:41:26,077][com.java.SeleniumDriver] [  855] - {Data Fields & Data Values Exist}
[INFO ][2015-11-19 12:41:26,077][com.java.SeleniumDriver] [  857] - --------------------------setting values-----------------------------
[INFO ][2015-11-19 12:41:26,077][com.java.SeleniumDriver] [  860] - Action Type : SELECTFRAME
[INFO ][2015-11-19 12:41:26,227][com.java.SeleniumDriver] [  869] -  RESULT true
[INFO ][2015-11-19 12:41:26,227][com.java.SeleniumDriver] [ 1074] - ?   P A S S   ?
[INFO ][2015-11-19 12:41:26,227][com.java.SeleniumDriver] [  796] - ------------------------------------------
[INFO ][2015-11-19 12:41:26,227][com.java.SeleniumDriver] [  797] - Test case being Executed: 6
[INFO ][2015-11-19 12:41:26,227][com.java.SeleniumDriver] [  808] - Test step:8
[INFO ][2015-11-19 12:41:26,227][com.java.SeleniumDriver] [  820] - Datavalue is----------5
[INFO ][2015-11-19 12:41:26,227][com.java.SeleniumDriver] [  844] - DataField : XPH//h1[contains(text(), 'Custom Calculations')]
[INFO ][2015-11-19 12:41:26,227][com.java.SeleniumDriver] [  846] - DataValue : 5
[INFO ][2015-11-19 12:41:26,227][com.java.SeleniumDriver] [  852] - <In Set values of the page>
[INFO ][2015-11-19 12:41:26,227][com.java.SeleniumDriver] [  855] - {Data Fields & Data Values Exist}
[INFO ][2015-11-19 12:41:26,227][com.java.SeleniumDriver] [  857] - --------------------------setting values-----------------------------
[INFO ][2015-11-19 12:41:26,227][com.java.SeleniumDriver] [  860] - Action Type : waitforelement
[INFO ][2015-11-19 12:41:26,277][com.java.SeleniumDriver] [  869] -  RESULT true
[INFO ][2015-11-19 12:41:26,277][com.java.SeleniumDriver] [ 1074] - ?   P A S S   ?
[INFO ][2015-11-19 12:41:26,277][com.java.SeleniumDriver] [  796] - ------------------------------------------
[INFO ][2015-11-19 12:41:26,277][com.java.SeleniumDriver] [  797] - Test case being Executed: 6
[INFO ][2015-11-19 12:41:26,277][com.java.SeleniumDriver] [  808] - Test step:9
[INFO ][2015-11-19 12:41:26,277][com.java.SeleniumDriver] [  820] - Datavalue is----------Custom Calculations
[INFO ][2015-11-19 12:41:26,277][com.java.SeleniumDriver] [  844] - DataField : MSG
[INFO ][2015-11-19 12:41:26,277][com.java.SeleniumDriver] [  846] - DataValue : Custom Calculations
[INFO ][2015-11-19 12:41:26,277][com.java.SeleniumDriver] [  852] - <In Set values of the page>
[INFO ][2015-11-19 12:41:26,277][com.java.SeleniumDriver] [  855] - {Data Fields & Data Values Exist}
[INFO ][2015-11-19 12:41:26,277][com.java.SeleniumDriver] [  857] - --------------------------setting values-----------------------------
[INFO ][2015-11-19 12:41:26,277][com.java.SeleniumDriver] [  860] - Action Type : Verify
[INFO ][2015-11-19 12:41:26,277][com.java.TestType] [ 5568] - field= MSG value= Custom Calculations
[INFO ][2015-11-19 12:41:26,277][com.java.TestType] [ 4461] - value = Custom Calculations
[DEBUG][2015-11-19 12:41:26,277][com.java.TestType] [ 6337] - value :: Custom Calculations
[INFO ][2015-11-19 12:41:26,287][com.java.SeleniumDriver] [  869] -  RESULT true
[INFO ][2015-11-19 12:41:26,287][com.java.SeleniumDriver] [ 1074] - ?   P A S S   ?
[INFO ][2015-11-19 12:41:26,287][com.java.SeleniumDriver] [  796] - ------------------------------------------
[INFO ][2015-11-19 12:41:26,287][com.java.SeleniumDriver] [  797] - Test case being Executed: 6
[INFO ][2015-11-19 12:41:26,287][com.java.SeleniumDriver] [  808] - Test step:10
[INFO ][2015-11-19 12:41:26,287][com.java.SeleniumDriver] [  820] - Datavalue is----------5
[INFO ][2015-11-19 12:41:26,287][com.java.SeleniumDriver] [  844] - DataField : XPH//a[contains(text(), 'Add Calculation')]
[INFO ][2015-11-19 12:41:26,287][com.java.SeleniumDriver] [  846] - DataValue : 5
[INFO ][2015-11-19 12:41:26,287][com.java.SeleniumDriver] [  852] - <In Set values of the page>
[INFO ][2015-11-19 12:41:26,287][com.java.SeleniumDriver] [  855] - {Data Fields & Data Values Exist}
[INFO ][2015-11-19 12:41:26,287][com.java.SeleniumDriver] [  857] - --------------------------setting values-----------------------------
[INFO ][2015-11-19 12:41:26,287][com.java.SeleniumDriver] [  860] - Action Type : waitforelement
[INFO ][2015-11-19 12:41:26,317][com.java.SeleniumDriver] [  869] -  RESULT true
[INFO ][2015-11-19 12:41:26,317][com.java.SeleniumDriver] [ 1074] - ?   P A S S   ?
[INFO ][2015-11-19 12:41:26,317][com.java.SeleniumDriver] [  796] - ------------------------------------------
[INFO ][2015-11-19 12:41:26,317][com.java.SeleniumDriver] [  797] - Test case being Executed: 6
[INFO ][2015-11-19 12:41:26,317][com.java.SeleniumDriver] [  808] - Test step:11
[INFO ][2015-11-19 12:41:26,317][com.java.SeleniumDriver] [  820] - Datavalue is----------null
[DEBUG][2015-11-19 12:41:26,317][com.java.SeleniumDriver] [  838] - Exception: null
[INFO ][2015-11-19 12:41:26,317][com.java.SeleniumDriver] [  844] - DataField : HDN//a[contains(text(), 'Add Calculation')]
[INFO ][2015-11-19 12:41:26,317][com.java.SeleniumDriver] [  846] - DataValue : 
[INFO ][2015-11-19 12:41:26,317][com.java.SeleniumDriver] [  852] - <In Set values of the page>
[INFO ][2015-11-19 12:41:26,317][com.java.SeleniumDriver] [  855] - {Data Fields & Data Values Exist}
[INFO ][2015-11-19 12:41:26,317][com.java.SeleniumDriver] [  857] - --------------------------setting values-----------------------------
[INFO ][2015-11-19 12:41:26,317][com.java.SeleniumDriver] [  860] - Action Type : click
[INFO ][2015-11-19 12:41:26,317][com.java.TestType] [ 4774] - Field ::HDN//a[contains(text(), 'Add Calculation')]
[INFO ][2015-11-19 12:41:27,758][com.java.SeleniumDriver] [  869] -  RESULT true
[INFO ][2015-11-19 12:41:27,758][com.java.SeleniumDriver] [ 1074] - ?   P A S S   ?
[INFO ][2015-11-19 12:41:27,758][com.java.SeleniumDriver] [  796] - ------------------------------------------
[INFO ][2015-11-19 12:41:27,758][com.java.SeleniumDriver] [  797] - Test case being Executed: 6
[INFO ][2015-11-19 12:41:27,758][com.java.SeleniumDriver] [  808] - Test step:12
[INFO ][2015-11-19 12:41:27,758][com.java.SeleniumDriver] [  820] - Datavalue is----------5
[INFO ][2015-11-19 12:41:27,758][com.java.SeleniumDriver] [  844] - DataField : XPH//button[text()='+']
[INFO ][2015-11-19 12:41:27,758][com.java.SeleniumDriver] [  846] - DataValue : 5
[INFO ][2015-11-19 12:41:27,758][com.java.SeleniumDriver] [  852] - <In Set values of the page>
[INFO ][2015-11-19 12:41:27,758][com.java.SeleniumDriver] [  855] - {Data Fields & Data Values Exist}
[INFO ][2015-11-19 12:41:27,758][com.java.SeleniumDriver] [  857] - --------------------------setting values-----------------------------
[INFO ][2015-11-19 12:41:27,758][com.java.SeleniumDriver] [  860] - Action Type : waitforelement
[INFO ][2015-11-19 12:41:27,800][com.java.SeleniumDriver] [  869] -  RESULT true
[INFO ][2015-11-19 12:41:27,800][com.java.SeleniumDriver] [ 1074] - ?   P A S S   ?
[INFO ][2015-11-19 12:41:27,800][com.java.SeleniumDriver] [  796] - ------------------------------------------
[INFO ][2015-11-19 12:41:27,800][com.java.SeleniumDriver] [  797] - Test case being Executed: 6
[INFO ][2015-11-19 12:41:27,800][com.java.SeleniumDriver] [  808] - Test step:13
[INFO ][2015-11-19 12:41:27,800][com.java.SeleniumDriver] [  820] - Datavalue is----------null
[DEBUG][2015-11-19 12:41:27,800][com.java.SeleniumDriver] [  838] - Exception: null
[INFO ][2015-11-19 12:41:27,800][com.java.SeleniumDriver] [  844] - DataField : XPH//button[contains(text(), 'Save')]
[INFO ][2015-11-19 12:41:27,800][com.java.SeleniumDriver] [  846] - DataValue : 
[INFO ][2015-11-19 12:41:27,800][com.java.SeleniumDriver] [  852] - <In Set values of the page>
[INFO ][2015-11-19 12:41:27,800][com.java.SeleniumDriver] [  855] - {Data Fields & Data Values Exist}
[INFO ][2015-11-19 12:41:27,800][com.java.SeleniumDriver] [  857] - --------------------------setting values-----------------------------
[INFO ][2015-11-19 12:41:27,800][com.java.SeleniumDriver] [  860] - Action Type : ISDISABLED
[INFO ][2015-11-19 12:41:27,800][com.java.TestType] [ 6619] - field= XPH//button[contains(text(), 'Save')]
[INFO ][2015-11-19 12:41:27,870][com.java.SeleniumDriver] [  869] -  RESULT true
[INFO ][2015-11-19 12:41:27,870][com.java.SeleniumDriver] [ 1074] - ?   P A S S   ?
[INFO ][2015-11-19 12:41:27,870][com.java.SeleniumDriver] [  796] - ------------------------------------------
[INFO ][2015-11-19 12:41:27,870][com.java.SeleniumDriver] [  797] - Test case being Executed: 6
[INFO ][2015-11-19 12:41:27,870][com.java.SeleniumDriver] [  808] - Test step:14
[INFO ][2015-11-19 12:41:27,870][com.java.SeleniumDriver] [  820] - Datavalue is----------3
[INFO ][2015-11-19 12:41:27,870][com.java.SeleniumDriver] [  844] - DataField : XPH//select[contains(@class,'mber-select form-control')]
[INFO ][2015-11-19 12:41:27,870][com.java.SeleniumDriver] [  846] - DataValue : 3
[INFO ][2015-11-19 12:41:27,870][com.java.SeleniumDriver] [  852] - <In Set values of the page>
[INFO ][2015-11-19 12:41:27,870][com.java.SeleniumDriver] [  855] - {Data Fields & Data Values Exist}
[INFO ][2015-11-19 12:41:27,870][com.java.SeleniumDriver] [  857] - --------------------------setting values-----------------------------
[INFO ][2015-11-19 12:41:27,870][com.java.SeleniumDriver] [  860] - Action Type : waitforelement
[INFO ][2015-11-19 12:41:27,900][com.java.SeleniumDriver] [  869] -  RESULT true
[INFO ][2015-11-19 12:41:27,900][com.java.SeleniumDriver] [ 1074] - ?   P A S S   ?
[INFO ][2015-11-19 12:41:27,900][com.java.SeleniumDriver] [  796] - ------------------------------------------
[INFO ][2015-11-19 12:41:27,900][com.java.SeleniumDriver] [  797] - Test case being Executed: 6
[INFO ][2015-11-19 12:41:27,900][com.java.SeleniumDriver] [  808] - Test step:15
[INFO ][2015-11-19 12:41:27,900][com.java.SeleniumDriver] [  820] - Datavalue is----------null
[DEBUG][2015-11-19 12:41:27,900][com.java.SeleniumDriver] [  838] - Exception: null
[INFO ][2015-11-19 12:41:27,900][com.java.SeleniumDriver] [  844] - DataField : XPH//select[contains(@class,'mber-select form-control')]
[INFO ][2015-11-19 12:41:27,900][com.java.SeleniumDriver] [  846] - DataValue : 
[INFO ][2015-11-19 12:41:27,900][com.java.SeleniumDriver] [  852] - <In Set values of the page>
[INFO ][2015-11-19 12:41:27,900][com.java.SeleniumDriver] [  855] - {Data Fields & Data Values Exist}
[INFO ][2015-11-19 12:41:27,900][com.java.SeleniumDriver] [  857] - --------------------------setting values-----------------------------
[INFO ][2015-11-19 12:41:27,900][com.java.SeleniumDriver] [  860] - Action Type : click
[INFO ][2015-11-19 12:41:27,900][com.java.TestType] [ 4774] - Field ::XPH//select[contains(@class,'mber-select form-control')]
[INFO ][2015-11-19 12:41:28,900][com.java.TestType] [ 4833] - BEFORE CLICK
[INFO ][2015-11-19 12:41:29,730][com.java.TestType] [ 4841] - Unable to click the object dollar value dropdown
[INFO ][2015-11-19 12:41:29,730][com.java.SeleniumDriver] [  869] -  RESULT true
[INFO ][2015-11-19 12:41:29,730][com.java.SeleniumDriver] [ 1074] - ?   P A S S   ?
[INFO ][2015-11-19 12:41:29,730][com.java.SeleniumDriver] [  796] - ------------------------------------------
[INFO ][2015-11-19 12:41:29,730][com.java.SeleniumDriver] [  797] - Test case being Executed: 6
[INFO ][2015-11-19 12:41:29,730][com.java.SeleniumDriver] [  808] - Test step:16
[INFO ][2015-11-19 12:41:29,730][com.java.SeleniumDriver] [  820] - Datavalue is----------3
[INFO ][2015-11-19 12:41:29,730][com.java.SeleniumDriver] [  844] - DataField : XPH//select/option[contains(text(), 'Dollar ($)')]
[INFO ][2015-11-19 12:41:29,730][com.java.SeleniumDriver] [  846] - DataValue : 3
[INFO ][2015-11-19 12:41:29,730][com.java.SeleniumDriver] [  852] - <In Set values of the page>
[INFO ][2015-11-19 12:41:29,730][com.java.SeleniumDriver] [  855] - {Data Fields & Data Values Exist}
[INFO ][2015-11-19 12:41:29,730][com.java.SeleniumDriver] [  857] - --------------------------setting values-----------------------------
[INFO ][2015-11-19 12:41:29,730][com.java.SeleniumDriver] [  860] - Action Type : waitforelement
[INFO ][2015-11-19 12:41:29,751][com.java.SeleniumDriver] [  869] -  RESULT true
[INFO ][2015-11-19 12:41:29,751][com.java.SeleniumDriver] [ 1074] - ?   P A S S   ?
[INFO ][2015-11-19 12:41:29,751][com.java.SeleniumDriver] [  796] - ------------------------------------------
[INFO ][2015-11-19 12:41:29,751][com.java.SeleniumDriver] [  797] - Test case being Executed: 6
[INFO ][2015-11-19 12:41:29,751][com.java.SeleniumDriver] [  808] - Test step:17
[INFO ][2015-11-19 12:41:29,751][com.java.SeleniumDriver] [  820] - Datavalue is----------null
[DEBUG][2015-11-19 12:41:29,751][com.java.SeleniumDriver] [  838] - Exception: null
[INFO ][2015-11-19 12:41:29,751][com.java.SeleniumDriver] [  844] - DataField : XPH//select/option[contains(text(), 'Dollar ($)')]
[INFO ][2015-11-19 12:41:29,751][com.java.SeleniumDriver] [  846] - DataValue : 
[INFO ][2015-11-19 12:41:29,751][com.java.SeleniumDriver] [  852] - <In Set values of the page>
[INFO ][2015-11-19 12:41:29,751][com.java.SeleniumDriver] [  855] - {Data Fields & Data Values Exist}
[INFO ][2015-11-19 12:41:29,751][com.java.SeleniumDriver] [  857] - --------------------------setting values-----------------------------
[INFO ][2015-11-19 12:41:29,751][com.java.SeleniumDriver] [  860] - Action Type : click
[INFO ][2015-11-19 12:41:29,751][com.java.TestType] [ 4774] - Field ::XPH//select/option[contains(text(), 'Dollar ($)')]
[INFO ][2015-11-19 12:41:30,751][com.java.TestType] [ 4833] - BEFORE CLICK
[INFO ][2015-11-19 12:41:31,461][com.java.TestType] [ 4841] - Unable to click the object dollar value dropdown
[INFO ][2015-11-19 12:41:31,461][com.java.SeleniumDriver] [  869] -  RESULT true
[INFO ][2015-11-19 12:41:31,461][com.java.SeleniumDriver] [ 1074] - ?   P A S S   ?
[INFO ][2015-11-19 12:41:31,461][com.java.SeleniumDriver] [  796] - ------------------------------------------
[INFO ][2015-11-19 12:41:31,461][com.java.SeleniumDriver] [  797] - Test case being Executed: 6
[INFO ][2015-11-19 12:41:31,461][com.java.SeleniumDriver] [  808] - Test step:18
[INFO ][2015-11-19 12:41:31,461][com.java.SeleniumDriver] [  820] - Datavalue is----------RNDA_VLTest
[INFO ][2015-11-19 12:41:31,461][com.java.SeleniumDriver] [  844] - DataField : TXT//input[contains(@placeholder, 'Name your Calcu')]
[INFO ][2015-11-19 12:41:31,461][com.java.SeleniumDriver] [  846] - DataValue : RNDA_VLTest
[INFO ][2015-11-19 12:41:31,461][com.java.SeleniumDriver] [  852] - <In Set values of the page>
[INFO ][2015-11-19 12:41:31,461][com.java.SeleniumDriver] [  855] - {Data Fields & Data Values Exist}
[INFO ][2015-11-19 12:41:31,461][com.java.SeleniumDriver] [  857] - --------------------------setting values-----------------------------
[INFO ][2015-11-19 12:41:31,461][com.java.SeleniumDriver] [  860] - Action Type : enter
[INFO ][2015-11-19 12:41:31,461][com.java.TestType] [ 5094] - field = //input[contains(@placeholder, 'Name your Calcu')]
[INFO ][2015-11-19 12:41:31,461][com.java.TestType] [ 4461] - value = A_VLTest22004
[INFO ][2015-11-19 12:41:32,572][com.java.SeleniumDriver] [  869] -  RESULT true
[INFO ][2015-11-19 12:41:32,572][com.java.SeleniumDriver] [ 1074] - ?   P A S S   ?
[INFO ][2015-11-19 12:41:32,572][com.java.SeleniumDriver] [  796] - ------------------------------------------
[INFO ][2015-11-19 12:41:32,572][com.java.SeleniumDriver] [  797] - Test case being Executed: 6
[INFO ][2015-11-19 12:41:32,572][com.java.SeleniumDriver] [  808] - Test step:19
[INFO ][2015-11-19 12:41:32,572][com.java.SeleniumDriver] [  820] - Datavalue is----------Calusing_Keys
[INFO ][2015-11-19 12:41:32,572][com.java.SeleniumDriver] [  844] - DataField : TXT//input[contains(@placeholder, 'Name your Calcu')]
[INFO ][2015-11-19 12:41:32,572][com.java.SeleniumDriver] [  846] - DataValue : Calusing_Keys
[INFO ][2015-11-19 12:41:32,572][com.java.SeleniumDriver] [  852] - <In Set values of the page>
[INFO ][2015-11-19 12:41:32,572][com.java.SeleniumDriver] [  855] - {Data Fields & Data Values Exist}
[INFO ][2015-11-19 12:41:32,572][com.java.SeleniumDriver] [  857] - --------------------------setting values-----------------------------
[INFO ][2015-11-19 12:41:32,572][com.java.SeleniumDriver] [  860] - Action Type : STOREVALUE
[INFO ][2015-11-19 12:41:32,572][com.java.TestType] [ 6694] - field= TXT//input[contains(@placeholder, 'Name your Calcu')]
[DEBUG][2015-11-19 12:41:32,643][com.java.TestType] [ 6708] - Key:: Calusing_Keys  Value:: A_VLTest22004
[INFO ][2015-11-19 12:41:32,643][com.java.SeleniumDriver] [  869] -  RESULT true
[INFO ][2015-11-19 12:41:32,643][com.java.SeleniumDriver] [ 1074] - ?   P A S S   ?
[INFO ][2015-11-19 12:41:32,643][com.java.SeleniumDriver] [  796] - ------------------------------------------
[INFO ][2015-11-19 12:41:32,643][com.java.SeleniumDriver] [  797] - Test case being Executed: 6
[INFO ][2015-11-19 12:41:32,643][com.java.SeleniumDriver] [  808] - Test step:20
[INFO ][2015-11-19 12:41:32,643][com.java.SeleniumDriver] [  820] - Datavalue is----------//div[@id='group-list']/ul/li//a
[INFO ][2015-11-19 12:41:32,643][com.java.SeleniumDriver] [  844] - DataField : BTN
[INFO ][2015-11-19 12:41:32,643][com.java.SeleniumDriver] [  846] - DataValue : //div[@id='group-list']/ul/li//a
[INFO ][2015-11-19 12:41:32,643][com.java.SeleniumDriver] [  852] - <In Set values of the page>
[INFO ][2015-11-19 12:41:32,643][com.java.SeleniumDriver] [  855] - {Data Fields & Data Values Exist}
[INFO ][2015-11-19 12:41:32,643][com.java.SeleniumDriver] [  857] - --------------------------setting values-----------------------------
[INFO ][2015-11-19 12:41:32,643][com.java.SeleniumDriver] [  860] - Action Type : verify
[INFO ][2015-11-19 12:41:32,643][com.java.TestType] [ 5568] - field= BTN value= //div[@id='group-list']/ul/li//a
[INFO ][2015-11-19 12:41:32,643][com.java.TestType] [ 4461] - value = //div[@id='group-list']/ul/li//a
[INFO ][2015-11-19 12:41:32,673][com.java.SeleniumDriver] [  869] -  RESULT true
[INFO ][2015-11-19 12:41:32,673][com.java.SeleniumDriver] [ 1074] - ?   P A S S   ?
[INFO ][2015-11-19 12:41:32,673][com.java.SeleniumDriver] [  796] - ------------------------------------------
[INFO ][2015-11-19 12:41:32,673][com.java.SeleniumDriver] [  797] - Test case being Executed: 6
[INFO ][2015-11-19 12:41:32,673][com.java.SeleniumDriver] [  808] - Test step:21
[INFO ][2015-11-19 12:41:32,673][com.java.SeleniumDriver] [  820] - Datavalue is----------5
[INFO ][2015-11-19 12:41:32,673][com.java.SeleniumDriver] [  844] - DataField : TXT//div[contains(@class, 'input-group btn-')]/input[contains(@class ,'ember-text-field form-')]
[INFO ][2015-11-19 12:41:32,673][com.java.SeleniumDriver] [  846] - DataValue : 5
[INFO ][2015-11-19 12:41:32,673][com.java.SeleniumDriver] [  852] - <In Set values of the page>
[INFO ][2015-11-19 12:41:32,673][com.java.SeleniumDriver] [  855] - {Data Fields & Data Values Exist}
[INFO ][2015-11-19 12:41:32,673][com.java.SeleniumDriver] [  857] - --------------------------setting values-----------------------------
[INFO ][2015-11-19 12:41:32,673][com.java.SeleniumDriver] [  860] - Action Type : enter
[INFO ][2015-11-19 12:41:32,673][com.java.TestType] [ 5094] - field = //div[contains(@class, 'input-group btn-')]/input[contains(@class ,'ember-text-field form-')]
[INFO ][2015-11-19 12:41:32,673][com.java.TestType] [ 4461] - value = 5
[INFO ][2015-11-19 12:41:33,073][com.java.SeleniumDriver] [  869] -  RESULT true
[INFO ][2015-11-19 12:41:33,073][com.java.SeleniumDriver] [ 1074] - ?   P A S S   ?
[INFO ][2015-11-19 12:41:33,073][com.java.SeleniumDriver] [  796] - ------------------------------------------
[INFO ][2015-11-19 12:41:33,073][com.java.SeleniumDriver] [  797] - Test case being Executed: 6
[INFO ][2015-11-19 12:41:33,073][com.java.SeleniumDriver] [  808] - Test step:22
[INFO ][2015-11-19 12:41:33,073][com.java.SeleniumDriver] [  820] - Datavalue is----------5
[INFO ][2015-11-19 12:41:33,073][com.java.SeleniumDriver] [  844] - DataField : XPH//button[text()='Constant']
[INFO ][2015-11-19 12:41:33,073][com.java.SeleniumDriver] [  846] - DataValue : 5
[INFO ][2015-11-19 12:41:33,073][com.java.SeleniumDriver] [  852] - <In Set values of the page>
[INFO ][2015-11-19 12:41:33,073][com.java.SeleniumDriver] [  855] - {Data Fields & Data Values Exist}
[INFO ][2015-11-19 12:41:33,073][com.java.SeleniumDriver] [  857] - --------------------------setting values-----------------------------
[INFO ][2015-11-19 12:41:33,073][com.java.SeleniumDriver] [  860] - Action Type : waitforelement
[INFO ][2015-11-19 12:41:33,103][com.java.SeleniumDriver] [  869] -  RESULT true
[INFO ][2015-11-19 12:41:33,103][com.java.SeleniumDriver] [ 1074] - ?   P A S S   ?
[INFO ][2015-11-19 12:41:33,103][com.java.SeleniumDriver] [  796] - ------------------------------------------
[INFO ][2015-11-19 12:41:33,103][com.java.SeleniumDriver] [  797] - Test case being Executed: 6
[INFO ][2015-11-19 12:41:33,103][com.java.SeleniumDriver] [  808] - Test step:23
[INFO ][2015-11-19 12:41:33,103][com.java.SeleniumDriver] [  820] - Datavalue is----------null
[DEBUG][2015-11-19 12:41:33,103][com.java.SeleniumDriver] [  838] - Exception: null
[INFO ][2015-11-19 12:41:33,103][com.java.SeleniumDriver] [  844] - DataField : XPH//button[text()='Constant']
[INFO ][2015-11-19 12:41:33,103][com.java.SeleniumDriver] [  846] - DataValue : 
[INFO ][2015-11-19 12:41:33,103][com.java.SeleniumDriver] [  852] - <In Set values of the page>
[INFO ][2015-11-19 12:41:33,103][com.java.SeleniumDriver] [  855] - {Data Fields & Data Values Exist}
[INFO ][2015-11-19 12:41:33,103][com.java.SeleniumDriver] [  857] - --------------------------setting values-----------------------------
[INFO ][2015-11-19 12:41:33,103][com.java.SeleniumDriver] [  860] - Action Type : click
[INFO ][2015-11-19 12:41:33,103][com.java.TestType] [ 4774] - Field ::XPH//button[text()='Constant']
[INFO ][2015-11-19 12:41:34,103][com.java.TestType] [ 4833] - BEFORE CLICK
[INFO ][2015-11-19 12:41:34,963][com.java.TestType] [ 4841] - Unable to click the object click on constant
[INFO ][2015-11-19 12:41:34,963][com.java.SeleniumDriver] [  869] -  RESULT true
[INFO ][2015-11-19 12:41:34,963][com.java.SeleniumDriver] [ 1074] - ?   P A S S   ?
[INFO ][2015-11-19 12:41:34,963][com.java.SeleniumDriver] [  796] - ------------------------------------------
[INFO ][2015-11-19 12:41:34,963][com.java.SeleniumDriver] [  797] - Test case being Executed: 6
[INFO ][2015-11-19 12:41:34,963][com.java.SeleniumDriver] [  808] - Test step:24
[INFO ][2015-11-19 12:41:34,963][com.java.SeleniumDriver] [  820] - Datavalue is----------3
[INFO ][2015-11-19 12:41:34,963][com.java.SeleniumDriver] [  844] - DataField : XPH//button[text()='Constant']
[INFO ][2015-11-19 12:41:34,963][com.java.SeleniumDriver] [  846] - DataValue : 3
[INFO ][2015-11-19 12:41:34,963][com.java.SeleniumDriver] [  852] - <In Set values of the page>
[INFO ][2015-11-19 12:41:34,963][com.java.SeleniumDriver] [  855] - {Data Fields & Data Values Exist}
[INFO ][2015-11-19 12:41:34,963][com.java.SeleniumDriver] [  857] - --------------------------setting values-----------------------------
[INFO ][2015-11-19 12:41:34,963][com.java.SeleniumDriver] [  860] - Action Type : waitforelement
[INFO ][2015-11-19 12:41:34,984][com.java.SeleniumDriver] [  869] -  RESULT true
[INFO ][2015-11-19 12:41:34,984][com.java.SeleniumDriver] [ 1074] - ?   P A S S   ?
[INFO ][2015-11-19 12:41:34,984][com.java.SeleniumDriver] [  796] - ------------------------------------------
[INFO ][2015-11-19 12:41:34,984][com.java.SeleniumDriver] [  797] - Test case being Executed: 6
[INFO ][2015-11-19 12:41:34,984][com.java.SeleniumDriver] [  808] - Test step:25
[INFO ][2015-11-19 12:41:34,984][com.java.SeleniumDriver] [  820] - Datavalue is----------null
[DEBUG][2015-11-19 12:41:34,984][com.java.SeleniumDriver] [  838] - Exception: null
[INFO ][2015-11-19 12:41:34,984][com.java.SeleniumDriver] [  844] - DataField : XPH//button[text()='+']
[INFO ][2015-11-19 12:41:34,984][com.java.SeleniumDriver] [  846] - DataValue : 
[INFO ][2015-11-19 12:41:34,984][com.java.SeleniumDriver] [  852] - <In Set values of the page>
[INFO ][2015-11-19 12:41:34,984][com.java.SeleniumDriver] [  855] - {Data Fields & Data Values Exist}
[INFO ][2015-11-19 12:41:34,984][com.java.SeleniumDriver] [  857] - --------------------------setting values-----------------------------
[INFO ][2015-11-19 12:41:34,984][com.java.SeleniumDriver] [  860] - Action Type : click
[INFO ][2015-11-19 12:41:34,984][com.java.TestType] [ 4774] - Field ::XPH//button[text()='+']
[INFO ][2015-11-19 12:41:35,984][com.java.TestType] [ 4833] - BEFORE CLICK
[INFO ][2015-11-19 12:41:36,744][com.java.TestType] [ 4841] - Unable to click the object enter operator
[INFO ][2015-11-19 12:41:36,744][com.java.SeleniumDriver] [  869] -  RESULT true
[INFO ][2015-11-19 12:41:36,744][com.java.SeleniumDriver] [ 1074] - ?   P A S S   ?
[INFO ][2015-11-19 12:41:36,744][com.java.SeleniumDriver] [  796] - ------------------------------------------
[INFO ][2015-11-19 12:41:36,744][com.java.SeleniumDriver] [  797] - Test case being Executed: 6
[INFO ][2015-11-19 12:41:36,744][com.java.SeleniumDriver] [  808] - Test step:26
[INFO ][2015-11-19 12:41:36,744][com.java.SeleniumDriver] [  820] - Datavalue is----------5
[INFO ][2015-11-19 12:41:36,744][com.java.SeleniumDriver] [  844] - DataField : TXT//div[contains(@class, 'input-group btn-')]/input[contains(@class ,'ember-text-field form-')]
[INFO ][2015-11-19 12:41:36,744][com.java.SeleniumDriver] [  846] - DataValue : 5
[INFO ][2015-11-19 12:41:36,744][com.java.SeleniumDriver] [  852] - <In Set values of the page>
[INFO ][2015-11-19 12:41:36,744][com.java.SeleniumDriver] [  855] - {Data Fields & Data Values Exist}
[INFO ][2015-11-19 12:41:36,744][com.java.SeleniumDriver] [  857] - --------------------------setting values-----------------------------
[INFO ][2015-11-19 12:41:36,744][com.java.SeleniumDriver] [  860] - Action Type : enter
[INFO ][2015-11-19 12:41:36,744][com.java.TestType] [ 5094] - field = //div[contains(@class, 'input-group btn-')]/input[contains(@class ,'ember-text-field form-')]
[INFO ][2015-11-19 12:41:36,744][com.java.TestType] [ 4461] - value = 5
[INFO ][2015-11-19 12:41:37,145][com.java.SeleniumDriver] [  869] -  RESULT true
[INFO ][2015-11-19 12:41:37,145][com.java.SeleniumDriver] [ 1074] - ?   P A S S   ?
[INFO ][2015-11-19 12:41:37,145][com.java.SeleniumDriver] [  796] - ------------------------------------------
[INFO ][2015-11-19 12:41:37,145][com.java.SeleniumDriver] [  797] - Test case being Executed: 6
[INFO ][2015-11-19 12:41:37,145][com.java.SeleniumDriver] [  808] - Test step:27
[INFO ][2015-11-19 12:41:37,145][com.java.SeleniumDriver] [  820] - Datavalue is----------3
[INFO ][2015-11-19 12:41:37,145][com.java.SeleniumDriver] [  844] - DataField : XPH//button[text()='Constant']
[INFO ][2015-11-19 12:41:37,145][com.java.SeleniumDriver] [  846] - DataValue : 3
[INFO ][2015-11-19 12:41:37,145][com.java.SeleniumDriver] [  852] - <In Set values of the page>
[INFO ][2015-11-19 12:41:37,145][com.java.SeleniumDriver] [  855] - {Data Fields & Data Values Exist}
[INFO ][2015-11-19 12:41:37,145][com.java.SeleniumDriver] [  857] - --------------------------setting values-----------------------------
[INFO ][2015-11-19 12:41:37,145][com.java.SeleniumDriver] [  860] - Action Type : waitforelement
[INFO ][2015-11-19 12:41:37,175][com.java.SeleniumDriver] [  869] -  RESULT true
[INFO ][2015-11-19 12:41:37,175][com.java.SeleniumDriver] [ 1074] - ?   P A S S   ?
[INFO ][2015-11-19 12:41:37,175][com.java.SeleniumDriver] [  796] - ------------------------------------------
[INFO ][2015-11-19 12:41:37,175][com.java.SeleniumDriver] [  797] - Test case being Executed: 6
[INFO ][2015-11-19 12:41:37,175][com.java.SeleniumDriver] [  808] - Test step:28
[INFO ][2015-11-19 12:41:37,175][com.java.SeleniumDriver] [  820] - Datavalue is----------null
[DEBUG][2015-11-19 12:41:37,175][com.java.SeleniumDriver] [  838] - Exception: null
[INFO ][2015-11-19 12:41:37,175][com.java.SeleniumDriver] [  844] - DataField : XPH//button[text()='Constant']
[INFO ][2015-11-19 12:41:37,175][com.java.SeleniumDriver] [  846] - DataValue : 
[INFO ][2015-11-19 12:41:37,175][com.java.SeleniumDriver] [  852] - <In Set values of the page>
[INFO ][2015-11-19 12:41:37,175][com.java.SeleniumDriver] [  855] - {Data Fields & Data Values Exist}
[INFO ][2015-11-19 12:41:37,175][com.java.SeleniumDriver] [  857] - --------------------------setting values-----------------------------
[INFO ][2015-11-19 12:41:37,175][com.java.SeleniumDriver] [  860] - Action Type : click
[INFO ][2015-11-19 12:41:37,175][com.java.TestType] [ 4774] - Field ::XPH//button[text()='Constant']
[INFO ][2015-11-19 12:41:38,175][com.java.TestType] [ 4833] - BEFORE CLICK
[INFO ][2015-11-19 12:41:38,965][com.java.TestType] [ 4841] - Unable to click the object click constant
[INFO ][2015-11-19 12:41:38,965][com.java.SeleniumDriver] [  869] -  RESULT true
[INFO ][2015-11-19 12:41:38,965][com.java.SeleniumDriver] [ 1074] - ?   P A S S   ?
[INFO ][2015-11-19 12:41:38,965][com.java.SeleniumDriver] [  796] - ------------------------------------------
[INFO ][2015-11-19 12:41:38,965][com.java.SeleniumDriver] [  797] - Test case being Executed: 6
[INFO ][2015-11-19 12:41:38,965][com.java.SeleniumDriver] [  808] - Test step:29
[INFO ][2015-11-19 12:41:38,965][com.java.SeleniumDriver] [  820] - Datavalue is----------3
[INFO ][2015-11-19 12:41:38,965][com.java.SeleniumDriver] [  844] - DataField : XPH//button[text()='-']
[INFO ][2015-11-19 12:41:38,965][com.java.SeleniumDriver] [  846] - DataValue : 3
[INFO ][2015-11-19 12:41:38,965][com.java.SeleniumDriver] [  852] - <In Set values of the page>
[INFO ][2015-11-19 12:41:38,965][com.java.SeleniumDriver] [  855] - {Data Fields & Data Values Exist}
[INFO ][2015-11-19 12:41:38,965][com.java.SeleniumDriver] [  857] - --------------------------setting values-----------------------------
[INFO ][2015-11-19 12:41:38,965][com.java.SeleniumDriver] [  860] - Action Type : waitforelement
[INFO ][2015-11-19 12:41:38,986][com.java.SeleniumDriver] [  869] -  RESULT true
[INFO ][2015-11-19 12:41:38,986][com.java.SeleniumDriver] [ 1074] - ?   P A S S   ?
[INFO ][2015-11-19 12:41:38,986][com.java.SeleniumDriver] [  796] - ------------------------------------------
[INFO ][2015-11-19 12:41:38,986][com.java.SeleniumDriver] [  797] - Test case being Executed: 6
[INFO ][2015-11-19 12:41:38,986][com.java.SeleniumDriver] [  808] - Test step:30
[INFO ][2015-11-19 12:41:38,986][com.java.SeleniumDriver] [  820] - Datavalue is----------null
[DEBUG][2015-11-19 12:41:38,986][com.java.SeleniumDriver] [  838] - Exception: null
[INFO ][2015-11-19 12:41:38,986][com.java.SeleniumDriver] [  844] - DataField : XPH//button[text()='-']
[INFO ][2015-11-19 12:41:38,986][com.java.SeleniumDriver] [  846] - DataValue : 
[INFO ][2015-11-19 12:41:38,986][com.java.SeleniumDriver] [  852] - <In Set values of the page>
[INFO ][2015-11-19 12:41:38,986][com.java.SeleniumDriver] [  855] - {Data Fields & Data Values Exist}
[INFO ][2015-11-19 12:41:38,986][com.java.SeleniumDriver] [  857] - --------------------------setting values-----------------------------
[INFO ][2015-11-19 12:41:38,986][com.java.SeleniumDriver] [  860] - Action Type : click
[INFO ][2015-11-19 12:41:38,986][com.java.TestType] [ 4774] - Field ::XPH//button[text()='-']
[INFO ][2015-11-19 12:41:39,986][com.java.TestType] [ 4833] - BEFORE CLICK
[INFO ][2015-11-19 12:41:40,726][com.java.TestType] [ 4841] - Unable to click the object enter operator
[INFO ][2015-11-19 12:41:40,726][com.java.SeleniumDriver] [  869] -  RESULT true
[INFO ][2015-11-19 12:41:40,726][com.java.SeleniumDriver] [ 1074] - ?   P A S S   ?
[INFO ][2015-11-19 12:41:40,726][com.java.SeleniumDriver] [  796] - ------------------------------------------
[INFO ][2015-11-19 12:41:40,726][com.java.SeleniumDriver] [  797] - Test case being Executed: 6
[INFO ][2015-11-19 12:41:40,726][com.java.SeleniumDriver] [  808] - Test step:31
[INFO ][2015-11-19 12:41:40,726][com.java.SeleniumDriver] [  820] - Datavalue is----------3
[INFO ][2015-11-19 12:41:40,726][com.java.SeleniumDriver] [  844] - DataField : XPH//div[contains(@class, 'input-group btn-')]/input[contains(@class ,'ember-text-field form-')]
[INFO ][2015-11-19 12:41:40,726][com.java.SeleniumDriver] [  846] - DataValue : 3
[INFO ][2015-11-19 12:41:40,726][com.java.SeleniumDriver] [  852] - <In Set values of the page>
[INFO ][2015-11-19 12:41:40,726][com.java.SeleniumDriver] [  855] - {Data Fields & Data Values Exist}
[INFO ][2015-11-19 12:41:40,726][com.java.SeleniumDriver] [  857] - --------------------------setting values-----------------------------
[INFO ][2015-11-19 12:41:40,726][com.java.SeleniumDriver] [  860] - Action Type : waitforelement
[INFO ][2015-11-19 12:41:40,747][com.java.SeleniumDriver] [  869] -  RESULT true
[INFO ][2015-11-19 12:41:40,747][com.java.SeleniumDriver] [ 1074] - ?   P A S S   ?
[INFO ][2015-11-19 12:41:40,747][com.java.SeleniumDriver] [  796] - ------------------------------------------
[INFO ][2015-11-19 12:41:40,747][com.java.SeleniumDriver] [  797] - Test case being Executed: 6
[INFO ][2015-11-19 12:41:40,747][com.java.SeleniumDriver] [  808] - Test step:32
[INFO ][2015-11-19 12:41:40,747][com.java.SeleniumDriver] [  820] - Datavalue is----------5
[INFO ][2015-11-19 12:41:40,747][com.java.SeleniumDriver] [  844] - DataField : TXT//div[contains(@class, 'input-group btn-')]/input[contains(@class ,'ember-text-field form-')]
[INFO ][2015-11-19 12:41:40,747][com.java.SeleniumDriver] [  846] - DataValue : 5
[INFO ][2015-11-19 12:41:40,747][com.java.SeleniumDriver] [  852] - <In Set values of the page>
[INFO ][2015-11-19 12:41:40,747][com.java.SeleniumDriver] [  855] - {Data Fields & Data Values Exist}
[INFO ][2015-11-19 12:41:40,747][com.java.SeleniumDriver] [  857] - --------------------------setting values-----------------------------
[INFO ][2015-11-19 12:41:40,747][com.java.SeleniumDriver] [  860] - Action Type : enter
[INFO ][2015-11-19 12:41:40,747][com.java.TestType] [ 5094] - field = //div[contains(@class, 'input-group btn-')]/input[contains(@class ,'ember-text-field form-')]
[INFO ][2015-11-19 12:41:40,747][com.java.TestType] [ 4461] - value = 5
[INFO ][2015-11-19 12:41:41,127][com.java.SeleniumDriver] [  869] -  RESULT true
[INFO ][2015-11-19 12:41:41,127][com.java.SeleniumDriver] [ 1074] - ?   P A S S   ?
[INFO ][2015-11-19 12:41:41,127][com.java.SeleniumDriver] [  796] - ------------------------------------------
[INFO ][2015-11-19 12:41:41,127][com.java.SeleniumDriver] [  797] - Test case being Executed: 6
[INFO ][2015-11-19 12:41:41,127][com.java.SeleniumDriver] [  808] - Test step:33
[INFO ][2015-11-19 12:41:41,127][com.java.SeleniumDriver] [  820] - Datavalue is----------3
[INFO ][2015-11-19 12:41:41,127][com.java.SeleniumDriver] [  844] - DataField : XPH//button[text()='Constant']
[INFO ][2015-11-19 12:41:41,127][com.java.SeleniumDriver] [  846] - DataValue : 3
[INFO ][2015-11-19 12:41:41,127][com.java.SeleniumDriver] [  852] - <In Set values of the page>
[INFO ][2015-11-19 12:41:41,127][com.java.SeleniumDriver] [  855] - {Data Fields & Data Values Exist}
[INFO ][2015-11-19 12:41:41,127][com.java.SeleniumDriver] [  857] - --------------------------setting values-----------------------------
[INFO ][2015-11-19 12:41:41,127][com.java.SeleniumDriver] [  860] - Action Type : waitforelement
[INFO ][2015-11-19 12:41:41,157][com.java.SeleniumDriver] [  869] -  RESULT true
[INFO ][2015-11-19 12:41:41,157][com.java.SeleniumDriver] [ 1074] - ?   P A S S   ?
[INFO ][2015-11-19 12:41:41,157][com.java.SeleniumDriver] [  796] - ------------------------------------------
[INFO ][2015-11-19 12:41:41,157][com.java.SeleniumDriver] [  797] - Test case being Executed: 6
[INFO ][2015-11-19 12:41:41,157][com.java.SeleniumDriver] [  808] - Test step:34
[INFO ][2015-11-19 12:41:41,157][com.java.SeleniumDriver] [  820] - Datavalue is----------null
[DEBUG][2015-11-19 12:41:41,157][com.java.SeleniumDriver] [  838] - Exception: null
[INFO ][2015-11-19 12:41:41,157][com.java.SeleniumDriver] [  844] - DataField : XPH//button[text()='Constant']
[INFO ][2015-11-19 12:41:41,157][com.java.SeleniumDriver] [  846] - DataValue : 
[INFO ][2015-11-19 12:41:41,157][com.java.SeleniumDriver] [  852] - <In Set values of the page>
[INFO ][2015-11-19 12:41:41,157][com.java.SeleniumDriver] [  855] - {Data Fields & Data Values Exist}
[INFO ][2015-11-19 12:41:41,157][com.java.SeleniumDriver] [  857] - --------------------------setting values-----------------------------
[INFO ][2015-11-19 12:41:41,157][com.java.SeleniumDriver] [  860] - Action Type : click
[INFO ][2015-11-19 12:41:41,157][com.java.TestType] [ 4774] - Field ::XPH//button[text()='Constant']
[INFO ][2015-11-19 12:41:42,157][com.java.TestType] [ 4833] - BEFORE CLICK
[INFO ][2015-11-19 12:41:42,927][com.java.TestType] [ 4841] - Unable to click the object click constant
[INFO ][2015-11-19 12:41:42,927][com.java.SeleniumDriver] [  869] -  RESULT true
[INFO ][2015-11-19 12:41:42,927][com.java.SeleniumDriver] [ 1074] - ?   P A S S   ?
[INFO ][2015-11-19 12:41:42,927][com.java.SeleniumDriver] [  796] - ------------------------------------------
[INFO ][2015-11-19 12:41:42,927][com.java.SeleniumDriver] [  797] - Test case being Executed: 6
[INFO ][2015-11-19 12:41:42,927][com.java.SeleniumDriver] [  808] - Test step:35
[INFO ][2015-11-19 12:41:42,927][com.java.SeleniumDriver] [  820] - Datavalue is----------3
[INFO ][2015-11-19 12:41:42,927][com.java.SeleniumDriver] [  844] - DataField : XPH//button[contains(text(), 'Save')]
[INFO ][2015-11-19 12:41:42,927][com.java.SeleniumDriver] [  846] - DataValue : 3
[INFO ][2015-11-19 12:41:42,927][com.java.SeleniumDriver] [  852] - <In Set values of the page>
[INFO ][2015-11-19 12:41:42,927][com.java.SeleniumDriver] [  855] - {Data Fields & Data Values Exist}
[INFO ][2015-11-19 12:41:42,927][com.java.SeleniumDriver] [  857] - --------------------------setting values-----------------------------
[INFO ][2015-11-19 12:41:42,927][com.java.SeleniumDriver] [  860] - Action Type : waitforelement
[INFO ][2015-11-19 12:41:42,948][com.java.SeleniumDriver] [  869] -  RESULT true
[INFO ][2015-11-19 12:41:42,948][com.java.SeleniumDriver] [ 1074] - ?   P A S S   ?
[INFO ][2015-11-19 12:41:42,948][com.java.SeleniumDriver] [  796] - ------------------------------------------
[INFO ][2015-11-19 12:41:42,948][com.java.SeleniumDriver] [  797] - Test case being Executed: 6
[INFO ][2015-11-19 12:41:42,948][com.java.SeleniumDriver] [  808] - Test step:36
[INFO ][2015-11-19 12:41:42,948][com.java.SeleniumDriver] [  820] - Datavalue is----------null
[DEBUG][2015-11-19 12:41:42,948][com.java.SeleniumDriver] [  838] - Exception: null
[INFO ][2015-11-19 12:41:42,948][com.java.SeleniumDriver] [  844] - DataField : XPH//button[contains(text(), 'Save')]
[INFO ][2015-11-19 12:41:42,948][com.java.SeleniumDriver] [  846] - DataValue : 
[INFO ][2015-11-19 12:41:42,948][com.java.SeleniumDriver] [  852] - <In Set values of the page>
[INFO ][2015-11-19 12:41:42,948][com.java.SeleniumDriver] [  855] - {Data Fields & Data Values Exist}
[INFO ][2015-11-19 12:41:42,948][com.java.SeleniumDriver] [  857] - --------------------------setting values-----------------------------
[INFO ][2015-11-19 12:41:42,948][com.java.SeleniumDriver] [  860] - Action Type : ISENABLED
[INFO ][2015-11-19 12:41:42,948][com.java.TestType] [ 6655] - field= XPH//button[contains(text(), 'Save')]
[INFO ][2015-11-19 12:41:43,008][com.java.SeleniumDriver] [  869] -  RESULT true
[INFO ][2015-11-19 12:41:43,008][com.java.SeleniumDriver] [ 1074] - ?   P A S S   ?
[INFO ][2015-11-19 12:41:43,008][com.java.SeleniumDriver] [  796] - ------------------------------------------
[INFO ][2015-11-19 12:41:43,008][com.java.SeleniumDriver] [  797] - Test case being Executed: 6
[INFO ][2015-11-19 12:41:43,008][com.java.SeleniumDriver] [  808] - Test step:37
[INFO ][2015-11-19 12:41:43,008][com.java.SeleniumDriver] [  820] - Datavalue is----------null
[DEBUG][2015-11-19 12:41:43,008][com.java.SeleniumDriver] [  838] - Exception: null
[INFO ][2015-11-19 12:41:43,008][com.java.SeleniumDriver] [  844] - DataField : XPH//button[contains(text(), 'Save')]
[INFO ][2015-11-19 12:41:43,008][com.java.SeleniumDriver] [  846] - DataValue : 
[INFO ][2015-11-19 12:41:43,008][com.java.SeleniumDriver] [  852] - <In Set values of the page>
[INFO ][2015-11-19 12:41:43,008][com.java.SeleniumDriver] [  855] - {Data Fields & Data Values Exist}
[INFO ][2015-11-19 12:41:43,008][com.java.SeleniumDriver] [  857] - --------------------------setting values-----------------------------
[INFO ][2015-11-19 12:41:43,008][com.java.SeleniumDriver] [  860] - Action Type : click
[INFO ][2015-11-19 12:41:43,008][com.java.TestType] [ 4774] - Field ::XPH//button[contains(text(), 'Save')]
[INFO ][2015-11-19 12:41:44,008][com.java.TestType] [ 4833] - BEFORE CLICK
[INFO ][2015-11-19 12:41:44,808][com.java.TestType] [ 4841] - Unable to click the object save button
[INFO ][2015-11-19 12:41:44,808][com.java.SeleniumDriver] [  869] -  RESULT true
[INFO ][2015-11-19 12:41:44,808][com.java.SeleniumDriver] [ 1074] - ?   P A S S   ?
[INFO ][2015-11-19 12:41:44,808][com.java.SeleniumDriver] [  796] - ------------------------------------------
[INFO ][2015-11-19 12:41:44,808][com.java.SeleniumDriver] [  797] - Test case being Executed: 6
[INFO ][2015-11-19 12:41:44,808][com.java.SeleniumDriver] [  808] - Test step:38
[INFO ][2015-11-19 12:41:44,808][com.java.SeleniumDriver] [  820] - Datavalue is----------3
[INFO ][2015-11-19 12:41:44,808][com.java.SeleniumDriver] [  844] - DataField : XPH//a[contains(text(), 'Add Calculation')]
[INFO ][2015-11-19 12:41:44,808][com.java.SeleniumDriver] [  846] - DataValue : 3
[INFO ][2015-11-19 12:41:44,808][com.java.SeleniumDriver] [  852] - <In Set values of the page>
[INFO ][2015-11-19 12:41:44,808][com.java.SeleniumDriver] [  855] - {Data Fields & Data Values Exist}
[INFO ][2015-11-19 12:41:44,808][com.java.SeleniumDriver] [  857] - --------------------------setting values-----------------------------
[INFO ][2015-11-19 12:41:44,808][com.java.SeleniumDriver] [  860] - Action Type : waitforelement
[INFO ][2015-11-19 12:41:44,829][com.java.SeleniumDriver] [  869] -  RESULT true
[INFO ][2015-11-19 12:41:44,829][com.java.SeleniumDriver] [ 1074] - ?   P A S S   ?
[INFO ][2015-11-19 12:41:44,829][com.java.SeleniumDriver] [  796] - ------------------------------------------
[INFO ][2015-11-19 12:41:44,829][com.java.SeleniumDriver] [  797] - Test case being Executed: 6
[INFO ][2015-11-19 12:41:44,829][com.java.SeleniumDriver] [  808] - Test step:39
[INFO ][2015-11-19 12:41:44,829][com.java.SeleniumDriver] [  820] - Datavalue is----------HMVCalusing_Keys
[INFO ][2015-11-19 12:41:44,829][com.java.SeleniumDriver] [  844] - DataField : MSG
[INFO ][2015-11-19 12:41:44,829][com.java.SeleniumDriver] [  846] - DataValue : HMVCalusing_Keys
[INFO ][2015-11-19 12:41:44,829][com.java.SeleniumDriver] [  852] - <In Set values of the page>
[INFO ][2015-11-19 12:41:44,829][com.java.SeleniumDriver] [  855] - {Data Fields & Data Values Exist}
[INFO ][2015-11-19 12:41:44,829][com.java.SeleniumDriver] [  857] - --------------------------setting values-----------------------------
[INFO ][2015-11-19 12:41:44,829][com.java.SeleniumDriver] [  860] - Action Type : verify
[INFO ][2015-11-19 12:41:44,829][com.java.TestType] [ 5568] - field= MSG value= HMVCalusing_Keys
[INFO ][2015-11-19 12:41:44,829][com.java.TestType] [ 4461] - value = A_VLTest22004
[DEBUG][2015-11-19 12:41:44,829][com.java.TestType] [ 6337] - value :: A_VLTest22004
[INFO ][2015-11-19 12:41:44,839][com.java.SeleniumDriver] [  869] -  RESULT true
[INFO ][2015-11-19 12:41:44,839][com.java.SeleniumDriver] [ 1074] - ?   P A S S   ?
[INFO ][2015-11-19 12:41:44,839][com.java.SeleniumDriver] [  796] - ------------------------------------------
[INFO ][2015-11-19 12:41:44,839][com.java.SeleniumDriver] [  797] - Test case being Executed: 6
[INFO ][2015-11-19 12:41:44,839][com.java.SeleniumDriver] [  808] - Test step:40
[INFO ][2015-11-19 12:41:44,839][com.java.SeleniumDriver] [  820] - Datavalue is----------null
[DEBUG][2015-11-19 12:41:44,839][com.java.SeleniumDriver] [  838] - Exception: null
[INFO ][2015-11-19 12:41:44,839][com.java.SeleniumDriver] [  844] - DataField : HDN//a[contains(text(), 'Add Calculation')]
[INFO ][2015-11-19 12:41:44,839][com.java.SeleniumDriver] [  846] - DataValue : 
[INFO ][2015-11-19 12:41:44,839][com.java.SeleniumDriver] [  852] - <In Set values of the page>
[INFO ][2015-11-19 12:41:44,839][com.java.SeleniumDriver] [  855] - {Data Fields & Data Values Exist}
[INFO ][2015-11-19 12:41:44,839][com.java.SeleniumDriver] [  857] - --------------------------setting values-----------------------------
[INFO ][2015-11-19 12:41:44,839][com.java.SeleniumDriver] [  860] - Action Type : click
[INFO ][2015-11-19 12:41:44,839][com.java.TestType] [ 4774] - Field ::HDN//a[contains(text(), 'Add Calculation')]
[INFO ][2015-11-19 12:41:45,950][com.java.SeleniumDriver] [  869] -  RESULT true
[INFO ][2015-11-19 12:41:45,950][com.java.SeleniumDriver] [ 1074] - ?   P A S S   ?
[INFO ][2015-11-19 12:41:45,950][com.java.SeleniumDriver] [  796] - ------------------------------------------
[INFO ][2015-11-19 12:41:45,950][com.java.SeleniumDriver] [  797] - Test case being Executed: 6
[INFO ][2015-11-19 12:41:45,950][com.java.SeleniumDriver] [  808] - Test step:41
[INFO ][2015-11-19 12:41:45,950][com.java.SeleniumDriver] [  820] - Datavalue is----------3
[INFO ][2015-11-19 12:41:45,950][com.java.SeleniumDriver] [  844] - DataField : XPH//label[contains(text(), 'Dashboard Groups:')]
[INFO ][2015-11-19 12:41:45,950][com.java.SeleniumDriver] [  846] - DataValue : 3
[INFO ][2015-11-19 12:41:45,950][com.java.SeleniumDriver] [  852] - <In Set values of the page>
[INFO ][2015-11-19 12:41:45,950][com.java.SeleniumDriver] [  855] - {Data Fields & Data Values Exist}
[INFO ][2015-11-19 12:41:45,950][com.java.SeleniumDriver] [  857] - --------------------------setting values-----------------------------
[INFO ][2015-11-19 12:41:45,950][com.java.SeleniumDriver] [  860] - Action Type : waitforelement
[INFO ][2015-11-19 12:41:45,980][com.java.SeleniumDriver] [  869] -  RESULT true
[INFO ][2015-11-19 12:41:45,980][com.java.SeleniumDriver] [ 1074] - ?   P A S S   ?
[INFO ][2015-11-19 12:41:45,980][com.java.SeleniumDriver] [  796] - ------------------------------------------
[INFO ][2015-11-19 12:41:45,980][com.java.SeleniumDriver] [  797] - Test case being Executed: 6
[INFO ][2015-11-19 12:41:45,980][com.java.SeleniumDriver] [  808] - Test step:42
[INFO ][2015-11-19 12:41:45,980][com.java.SeleniumDriver] [  820] - Datavalue is----------null
[DEBUG][2015-11-19 12:41:45,980][com.java.SeleniumDriver] [  838] - Exception: null
[INFO ][2015-11-19 12:41:45,980][com.java.SeleniumDriver] [  844] - DataField : XPH//button[contains(text(), 'Save')]
[INFO ][2015-11-19 12:41:45,980][com.java.SeleniumDriver] [  846] - DataValue : 
[INFO ][2015-11-19 12:41:45,980][com.java.SeleniumDriver] [  852] - <In Set values of the page>
[INFO ][2015-11-19 12:41:45,980][com.java.SeleniumDriver] [  855] - {Data Fields & Data Values Exist}
[INFO ][2015-11-19 12:41:45,980][com.java.SeleniumDriver] [  857] - --------------------------setting values-----------------------------
[INFO ][2015-11-19 12:41:45,980][com.java.SeleniumDriver] [  860] - Action Type : ISDISABLED
[INFO ][2015-11-19 12:41:45,980][com.java.TestType] [ 6619] - field= XPH//button[contains(text(), 'Save')]
[INFO ][2015-11-19 12:41:46,050][com.java.SeleniumDriver] [  869] -  RESULT true
[INFO ][2015-11-19 12:41:46,050][com.java.SeleniumDriver] [ 1074] - ?   P A S S   ?
[INFO ][2015-11-19 12:41:46,050][com.java.SeleniumDriver] [  796] - ------------------------------------------
[INFO ][2015-11-19 12:41:46,050][com.java.SeleniumDriver] [  797] - Test case being Executed: 6
[INFO ][2015-11-19 12:41:46,050][com.java.SeleniumDriver] [  808] - Test step:43
[INFO ][2015-11-19 12:41:46,050][com.java.SeleniumDriver] [  820] - Datavalue is----------3
[INFO ][2015-11-19 12:41:46,050][com.java.SeleniumDriver] [  844] - DataField : XPH//select[contains(@class,'mber-select form-control')]
[INFO ][2015-11-19 12:41:46,050][com.java.SeleniumDriver] [  846] - DataValue : 3
[INFO ][2015-11-19 12:41:46,050][com.java.SeleniumDriver] [  852] - <In Set values of the page>
[INFO ][2015-11-19 12:41:46,050][com.java.SeleniumDriver] [  855] - {Data Fields & Data Values Exist}
[INFO ][2015-11-19 12:41:46,050][com.java.SeleniumDriver] [  857] - --------------------------setting values-----------------------------
[INFO ][2015-11-19 12:41:46,050][com.java.SeleniumDriver] [  860] - Action Type : waitforelement
[INFO ][2015-11-19 12:41:46,080][com.java.SeleniumDriver] [  869] -  RESULT true
[INFO ][2015-11-19 12:41:46,080][com.java.SeleniumDriver] [ 1074] - ?   P A S S   ?
[INFO ][2015-11-19 12:41:46,080][com.java.SeleniumDriver] [  796] - ------------------------------------------
[INFO ][2015-11-19 12:41:46,080][com.java.SeleniumDriver] [  797] - Test case being Executed: 6
[INFO ][2015-11-19 12:41:46,080][com.java.SeleniumDriver] [  808] - Test step:44
[INFO ][2015-11-19 12:41:46,080][com.java.SeleniumDriver] [  820] - Datavalue is----------null
[DEBUG][2015-11-19 12:41:46,080][com.java.SeleniumDriver] [  838] - Exception: null
[INFO ][2015-11-19 12:41:46,080][com.java.SeleniumDriver] [  844] - DataField : XPH//select[contains(@class,'mber-select form-control')]
[INFO ][2015-11-19 12:41:46,080][com.java.SeleniumDriver] [  846] - DataValue : 
[INFO ][2015-11-19 12:41:46,080][com.java.SeleniumDriver] [  852] - <In Set values of the page>
[INFO ][2015-11-19 12:41:46,080][com.java.SeleniumDriver] [  855] - {Data Fields & Data Values Exist}
[INFO ][2015-11-19 12:41:46,080][com.java.SeleniumDriver] [  857] - --------------------------setting values-----------------------------
[INFO ][2015-11-19 12:41:46,080][com.java.SeleniumDriver] [  860] - Action Type : click
[INFO ][2015-11-19 12:41:46,080][com.java.TestType] [ 4774] - Field ::XPH//select[contains(@class,'mber-select form-control')]
[INFO ][2015-11-19 12:41:47,080][com.java.TestType] [ 4833] - BEFORE CLICK
[INFO ][2015-11-19 12:41:47,880][com.java.TestType] [ 4841] - Unable to click the object dollar value dropdown
[INFO ][2015-11-19 12:41:47,880][com.java.SeleniumDriver] [  869] -  RESULT true
[INFO ][2015-11-19 12:41:47,880][com.java.SeleniumDriver] [ 1074] - ?   P A S S   ?
[INFO ][2015-11-19 12:41:47,880][com.java.SeleniumDriver] [  796] - ------------------------------------------
[INFO ][2015-11-19 12:41:47,880][com.java.SeleniumDriver] [  797] - Test case being Executed: 6
[INFO ][2015-11-19 12:41:47,880][com.java.SeleniumDriver] [  808] - Test step:45
[INFO ][2015-11-19 12:41:47,880][com.java.SeleniumDriver] [  820] - Datavalue is----------3
[INFO ][2015-11-19 12:41:47,880][com.java.SeleniumDriver] [  844] - DataField : XPH//select/option[contains(text(), 'Dollar ($)')]
[INFO ][2015-11-19 12:41:47,880][com.java.SeleniumDriver] [  846] - DataValue : 3
[INFO ][2015-11-19 12:41:47,880][com.java.SeleniumDriver] [  852] - <In Set values of the page>
[INFO ][2015-11-19 12:41:47,880][com.java.SeleniumDriver] [  855] - {Data Fields & Data Values Exist}
[INFO ][2015-11-19 12:41:47,880][com.java.SeleniumDriver] [  857] - --------------------------setting values-----------------------------
[INFO ][2015-11-19 12:41:47,880][com.java.SeleniumDriver] [  860] - Action Type : waitforelement
[INFO ][2015-11-19 12:41:47,901][com.java.SeleniumDriver] [  869] -  RESULT true
[INFO ][2015-11-19 12:41:47,901][com.java.SeleniumDriver] [ 1074] - ?   P A S S   ?
[INFO ][2015-11-19 12:41:47,901][com.java.SeleniumDriver] [  796] - ------------------------------------------
[INFO ][2015-11-19 12:41:47,901][com.java.SeleniumDriver] [  797] - Test case being Executed: 6
[INFO ][2015-11-19 12:41:47,901][com.java.SeleniumDriver] [  808] - Test step:46
[INFO ][2015-11-19 12:41:47,901][com.java.SeleniumDriver] [  820] - Datavalue is----------null
[DEBUG][2015-11-19 12:41:47,901][com.java.SeleniumDriver] [  838] - Exception: null
[INFO ][2015-11-19 12:41:47,901][com.java.SeleniumDriver] [  844] - DataField : XPH//select/option[contains(text(), 'Dollar ($)')]
[INFO ][2015-11-19 12:41:47,901][com.java.SeleniumDriver] [  846] - DataValue : 
[INFO ][2015-11-19 12:41:47,901][com.java.SeleniumDriver] [  852] - <In Set values of the page>
[INFO ][2015-11-19 12:41:47,901][com.java.SeleniumDriver] [  855] - {Data Fields & Data Values Exist}
[INFO ][2015-11-19 12:41:47,901][com.java.SeleniumDriver] [  857] - --------------------------setting values-----------------------------
[INFO ][2015-11-19 12:41:47,901][com.java.SeleniumDriver] [  860] - Action Type : click
[INFO ][2015-11-19 12:41:47,901][com.java.TestType] [ 4774] - Field ::XPH//select/option[contains(text(), 'Dollar ($)')]
[INFO ][2015-11-19 12:41:48,901][com.java.TestType] [ 4833] - BEFORE CLICK
[INFO ][2015-11-19 12:41:49,601][com.java.TestType] [ 4841] - Unable to click the object dollar value dropdown
[INFO ][2015-11-19 12:41:49,601][com.java.SeleniumDriver] [  869] -  RESULT true
[INFO ][2015-11-19 12:41:49,601][com.java.SeleniumDriver] [ 1074] - ?   P A S S   ?
[INFO ][2015-11-19 12:41:49,601][com.java.SeleniumDriver] [  796] - ------------------------------------------
[INFO ][2015-11-19 12:41:49,601][com.java.SeleniumDriver] [  797] - Test case being Executed: 6
[INFO ][2015-11-19 12:41:49,601][com.java.SeleniumDriver] [  808] - Test step:47
[INFO ][2015-11-19 12:41:49,601][com.java.SeleniumDriver] [  820] - Datavalue is----------RNDA_VLTest
[INFO ][2015-11-19 12:41:49,601][com.java.SeleniumDriver] [  844] - DataField : TXT//input[contains(@placeholder, 'Name your Calcu')]
[INFO ][2015-11-19 12:41:49,601][com.java.SeleniumDriver] [  846] - DataValue : RNDA_VLTest
[INFO ][2015-11-19 12:41:49,601][com.java.SeleniumDriver] [  852] - <In Set values of the page>
[INFO ][2015-11-19 12:41:49,601][com.java.SeleniumDriver] [  855] - {Data Fields & Data Values Exist}
[INFO ][2015-11-19 12:41:49,601][com.java.SeleniumDriver] [  857] - --------------------------setting values-----------------------------
[INFO ][2015-11-19 12:41:49,601][com.java.SeleniumDriver] [  860] - Action Type : enter
[INFO ][2015-11-19 12:41:49,601][com.java.TestType] [ 5094] - field = //input[contains(@placeholder, 'Name your Calcu')]
[INFO ][2015-11-19 12:41:49,601][com.java.TestType] [ 4461] - value = A_VLTest103211
[INFO ][2015-11-19 12:41:50,732][com.java.SeleniumDriver] [  869] -  RESULT true
[INFO ][2015-11-19 12:41:50,732][com.java.SeleniumDriver] [ 1074] - ?   P A S S   ?
[INFO ][2015-11-19 12:41:50,732][com.java.SeleniumDriver] [  796] - ------------------------------------------
[INFO ][2015-11-19 12:41:50,732][com.java.SeleniumDriver] [  797] - Test case being Executed: 6
[INFO ][2015-11-19 12:41:50,732][com.java.SeleniumDriver] [  808] - Test step:48
[INFO ][2015-11-19 12:41:50,732][com.java.SeleniumDriver] [  820] - Datavalue is----------Cal_Using_Precustoms
[INFO ][2015-11-19 12:41:50,732][com.java.SeleniumDriver] [  844] - DataField : TXT//input[contains(@placeholder, 'Name your Calcu')]
[INFO ][2015-11-19 12:41:50,732][com.java.SeleniumDriver] [  846] - DataValue : Cal_Using_Precustoms
[INFO ][2015-11-19 12:41:50,732][com.java.SeleniumDriver] [  852] - <In Set values of the page>
[INFO ][2015-11-19 12:41:50,732][com.java.SeleniumDriver] [  855] - {Data Fields & Data Values Exist}
[INFO ][2015-11-19 12:41:50,732][com.java.SeleniumDriver] [  857] - --------------------------setting values-----------------------------
[INFO ][2015-11-19 12:41:50,732][com.java.SeleniumDriver] [  860] - Action Type : STOREVALUE
[INFO ][2015-11-19 12:41:50,732][com.java.TestType] [ 6694] - field= TXT//input[contains(@placeholder, 'Name your Calcu')]
[DEBUG][2015-11-19 12:41:50,793][com.java.TestType] [ 6708] - Key:: Cal_Using_Precustoms  Value:: A_VLTest103211
[INFO ][2015-11-19 12:41:50,793][com.java.SeleniumDriver] [  869] -  RESULT true
[INFO ][2015-11-19 12:41:50,793][com.java.SeleniumDriver] [ 1074] - ?   P A S S   ?
[INFO ][2015-11-19 12:41:50,793][com.java.SeleniumDriver] [  796] - ------------------------------------------
[INFO ][2015-11-19 12:41:50,793][com.java.SeleniumDriver] [  797] - Test case being Executed: 6
[INFO ][2015-11-19 12:41:50,793][com.java.SeleniumDriver] [  808] - Test step:49
[INFO ][2015-11-19 12:41:50,793][com.java.SeleniumDriver] [  820] - Datavalue is----------//div[@id='group-list']/ul/li[2]//a
[INFO ][2015-11-19 12:41:50,793][com.java.SeleniumDriver] [  844] - DataField : BTN
[INFO ][2015-11-19 12:41:50,793][com.java.SeleniumDriver] [  846] - DataValue : //div[@id='group-list']/ul/li[2]//a
[INFO ][2015-11-19 12:41:50,793][com.java.SeleniumDriver] [  852] - <In Set values of the page>
[INFO ][2015-11-19 12:41:50,793][com.java.SeleniumDriver] [  855] - {Data Fields & Data Values Exist}
[INFO ][2015-11-19 12:41:50,793][com.java.SeleniumDriver] [  857] - --------------------------setting values-----------------------------
[INFO ][2015-11-19 12:41:50,793][com.java.SeleniumDriver] [  860] - Action Type : verify
[INFO ][2015-11-19 12:41:50,793][com.java.TestType] [ 5568] - field= BTN value= //div[@id='group-list']/ul/li[2]//a
[INFO ][2015-11-19 12:41:50,793][com.java.TestType] [ 4461] - value = //div[@id='group-list']/ul/li[2]//a
[INFO ][2015-11-19 12:41:50,823][com.java.SeleniumDriver] [  869] -  RESULT true
[INFO ][2015-11-19 12:41:50,823][com.java.SeleniumDriver] [ 1074] - ?   P A S S   ?
[INFO ][2015-11-19 12:41:50,823][com.java.SeleniumDriver] [  796] - ------------------------------------------
[INFO ][2015-11-19 12:41:50,823][com.java.SeleniumDriver] [  797] - Test case being Executed: 6
[INFO ][2015-11-19 12:41:50,823][com.java.SeleniumDriver] [  808] - Test step:50
[INFO ][2015-11-19 12:41:50,823][com.java.SeleniumDriver] [  820] - Datavalue is----------null
[DEBUG][2015-11-19 12:41:50,823][com.java.SeleniumDriver] [  838] - Exception: null
[INFO ][2015-11-19 12:41:50,823][com.java.SeleniumDriver] [  844] - DataField : XPH//div[@id='group-list']/ul/li[2]//a
[INFO ][2015-11-19 12:41:50,823][com.java.SeleniumDriver] [  846] - DataValue : 
[INFO ][2015-11-19 12:41:50,823][com.java.SeleniumDriver] [  852] - <In Set values of the page>
[INFO ][2015-11-19 12:41:50,823][com.java.SeleniumDriver] [  855] - {Data Fields & Data Values Exist}
[INFO ][2015-11-19 12:41:50,823][com.java.SeleniumDriver] [  857] - --------------------------setting values-----------------------------
[INFO ][2015-11-19 12:41:50,823][com.java.SeleniumDriver] [  860] - Action Type : CLICK
[INFO ][2015-11-19 12:41:50,823][com.java.TestType] [ 4774] - Field ::XPH//div[@id='group-list']/ul/li[2]//a
[INFO ][2015-11-19 12:41:51,823][com.java.TestType] [ 4833] - BEFORE CLICK
[INFO ][2015-11-19 12:41:52,783][com.java.TestType] [ 4841] - Unable to click the object calculation name field
[INFO ][2015-11-19 12:41:52,783][com.java.SeleniumDriver] [  869] -  RESULT true
[INFO ][2015-11-19 12:41:52,783][com.java.SeleniumDriver] [ 1074] - ?   P A S S   ?
[INFO ][2015-11-19 12:41:52,783][com.java.SeleniumDriver] [  796] - ------------------------------------------
[INFO ][2015-11-19 12:41:52,783][com.java.SeleniumDriver] [  797] - Test case being Executed: 6
[INFO ][2015-11-19 12:41:52,783][com.java.SeleniumDriver] [  808] - Test step:51
[INFO ][2015-11-19 12:41:52,783][com.java.SeleniumDriver] [  820] - Datavalue is----------3
[INFO ][2015-11-19 12:41:52,783][com.java.SeleniumDriver] [  844] - DataField : XPH//a[contains(text(),'Non-Interest Bearing Deposits')]
[INFO ][2015-11-19 12:41:52,783][com.java.SeleniumDriver] [  846] - DataValue : 3
[INFO ][2015-11-19 12:41:52,783][com.java.SeleniumDriver] [  852] - <In Set values of the page>
[INFO ][2015-11-19 12:41:52,783][com.java.SeleniumDriver] [  855] - {Data Fields & Data Values Exist}
[INFO ][2015-11-19 12:41:52,783][com.java.SeleniumDriver] [  857] - --------------------------setting values-----------------------------
[INFO ][2015-11-19 12:41:52,783][com.java.SeleniumDriver] [  860] - Action Type : waitforelement
[INFO ][2015-11-19 12:41:52,834][com.java.SeleniumDriver] [  869] -  RESULT true
[INFO ][2015-11-19 12:41:52,834][com.java.SeleniumDriver] [ 1074] - ?   P A S S   ?
[INFO ][2015-11-19 12:41:52,834][com.java.SeleniumDriver] [  796] - ------------------------------------------
[INFO ][2015-11-19 12:41:52,834][com.java.SeleniumDriver] [  797] - Test case being Executed: 6
[INFO ][2015-11-19 12:41:52,834][com.java.SeleniumDriver] [  808] - Test step:52
[INFO ][2015-11-19 12:41:52,834][com.java.SeleniumDriver] [  820] - Datavalue is----------//div[contains(@class, 'expression ui-droppable')]/span
[INFO ][2015-11-19 12:41:52,834][com.java.SeleniumDriver] [  844] - DataField : //a[contains(text(),'Non-Interest Bearing Deposits')]
[INFO ][2015-11-19 12:41:52,834][com.java.SeleniumDriver] [  846] - DataValue : //div[contains(@class, 'expression ui-droppable')]/span
[INFO ][2015-11-19 12:41:52,834][com.java.SeleniumDriver] [  852] - <In Set values of the page>
[INFO ][2015-11-19 12:41:52,834][com.java.SeleniumDriver] [  855] - {Data Fields & Data Values Exist}
[INFO ][2015-11-19 12:41:52,834][com.java.SeleniumDriver] [  857] - --------------------------setting values-----------------------------
[INFO ][2015-11-19 12:41:52,834][com.java.SeleniumDriver] [  860] - Action Type : DRAGANDDROP
[INFO ][2015-11-19 12:41:54,054][com.java.SeleniumDriver] [  869] -  RESULT true
[INFO ][2015-11-19 12:41:54,054][com.java.SeleniumDriver] [ 1074] - ?   P A S S   ?
[INFO ][2015-11-19 12:41:54,054][com.java.SeleniumDriver] [  796] - ------------------------------------------
[INFO ][2015-11-19 12:41:54,054][com.java.SeleniumDriver] [  797] - Test case being Executed: 6
[INFO ][2015-11-19 12:41:54,054][com.java.SeleniumDriver] [  808] - Test step:53
[INFO ][2015-11-19 12:41:54,054][com.java.SeleniumDriver] [  820] - Datavalue is----------null
[DEBUG][2015-11-19 12:41:54,054][com.java.SeleniumDriver] [  838] - Exception: null
[INFO ][2015-11-19 12:41:54,054][com.java.SeleniumDriver] [  844] - DataField : XPH//button[text()='+']
[INFO ][2015-11-19 12:41:54,054][com.java.SeleniumDriver] [  846] - DataValue : 
[INFO ][2015-11-19 12:41:54,054][com.java.SeleniumDriver] [  852] - <In Set values of the page>
[INFO ][2015-11-19 12:41:54,054][com.java.SeleniumDriver] [  855] - {Data Fields & Data Values Exist}
[INFO ][2015-11-19 12:41:54,054][com.java.SeleniumDriver] [  857] - --------------------------setting values-----------------------------
[INFO ][2015-11-19 12:41:54,054][com.java.SeleniumDriver] [  860] - Action Type : click
[INFO ][2015-11-19 12:41:54,054][com.java.TestType] [ 4774] - Field ::XPH//button[text()='+']
[INFO ][2015-11-19 12:41:55,063][com.java.TestType] [ 4833] - BEFORE CLICK
[INFO ][2015-11-19 12:41:55,833][com.java.TestType] [ 4841] - Unable to click the object enter operator
[INFO ][2015-11-19 12:41:55,833][com.java.SeleniumDriver] [  869] -  RESULT true
[INFO ][2015-11-19 12:41:55,833][com.java.SeleniumDriver] [ 1074] - ?   P A S S   ?
[INFO ][2015-11-19 12:41:55,833][com.java.SeleniumDriver] [  796] - ------------------------------------------
[INFO ][2015-11-19 12:41:55,833][com.java.SeleniumDriver] [  797] - Test case being Executed: 6
[INFO ][2015-11-19 12:41:55,833][com.java.SeleniumDriver] [  808] - Test step:54
[INFO ][2015-11-19 12:41:55,833][com.java.SeleniumDriver] [  820] - Datavalue is----------//div[@class="ember-view alert alert-info expression ui-droppable"]
[INFO ][2015-11-19 12:41:55,833][com.java.SeleniumDriver] [  844] - DataField : //a[contains(text(),'Interest bearing demand deposits')]
[INFO ][2015-11-19 12:41:55,833][com.java.SeleniumDriver] [  846] - DataValue : //div[@class="ember-view alert alert-info expression ui-droppable"]
[INFO ][2015-11-19 12:41:55,833][com.java.SeleniumDriver] [  852] - <In Set values of the page>
[INFO ][2015-11-19 12:41:55,833][com.java.SeleniumDriver] [  855] - {Data Fields & Data Values Exist}
[INFO ][2015-11-19 12:41:55,833][com.java.SeleniumDriver] [  857] - --------------------------setting values-----------------------------
[INFO ][2015-11-19 12:41:55,833][com.java.SeleniumDriver] [  860] - Action Type : DRAGANDDROP
[INFO ][2015-11-19 12:41:56,856][com.java.SeleniumDriver] [  869] -  RESULT true
[INFO ][2015-11-19 12:41:56,856][com.java.SeleniumDriver] [ 1074] - ?   P A S S   ?
[INFO ][2015-11-19 12:41:56,856][com.java.SeleniumDriver] [  796] - ------------------------------------------
[INFO ][2015-11-19 12:41:56,856][com.java.SeleniumDriver] [  797] - Test case being Executed: 6
[INFO ][2015-11-19 12:41:56,856][com.java.SeleniumDriver] [  808] - Test step:55
[INFO ][2015-11-19 12:41:56,856][com.java.SeleniumDriver] [  820] - Datavalue is----------3
[INFO ][2015-11-19 12:41:56,856][com.java.SeleniumDriver] [  844] - DataField : XPH//button[contains(text(), 'Save')]
[INFO ][2015-11-19 12:41:56,856][com.java.SeleniumDriver] [  846] - DataValue : 3
[INFO ][2015-11-19 12:41:56,856][com.java.SeleniumDriver] [  852] - <In Set values of the page>
[INFO ][2015-11-19 12:41:56,856][com.java.SeleniumDriver] [  855] - {Data Fields & Data Values Exist}
[INFO ][2015-11-19 12:41:56,856][com.java.SeleniumDriver] [  857] - --------------------------setting values-----------------------------
[INFO ][2015-11-19 12:41:56,856][com.java.SeleniumDriver] [  860] - Action Type : waitforelement
[INFO ][2015-11-19 12:41:56,922][com.java.SeleniumDriver] [  869] -  RESULT true
[INFO ][2015-11-19 12:41:56,922][com.java.SeleniumDriver] [ 1074] - ?   P A S S   ?
[INFO ][2015-11-19 12:41:56,922][com.java.SeleniumDriver] [  796] - ------------------------------------------
[INFO ][2015-11-19 12:41:56,922][com.java.SeleniumDriver] [  797] - Test case being Executed: 6
[INFO ][2015-11-19 12:41:56,922][com.java.SeleniumDriver] [  808] - Test step:56
[INFO ][2015-11-19 12:41:56,922][com.java.SeleniumDriver] [  820] - Datavalue is----------null
[DEBUG][2015-11-19 12:41:56,922][com.java.SeleniumDriver] [  838] - Exception: null
[INFO ][2015-11-19 12:41:56,922][com.java.SeleniumDriver] [  844] - DataField : XPH//button[contains(text(), 'Save')]
[INFO ][2015-11-19 12:41:56,922][com.java.SeleniumDriver] [  846] - DataValue : 
[INFO ][2015-11-19 12:41:56,922][com.java.SeleniumDriver] [  852] - <In Set values of the page>
[INFO ][2015-11-19 12:41:56,922][com.java.SeleniumDriver] [  855] - {Data Fields & Data Values Exist}
[INFO ][2015-11-19 12:41:56,922][com.java.SeleniumDriver] [  857] - --------------------------setting values-----------------------------
[INFO ][2015-11-19 12:41:56,922][com.java.SeleniumDriver] [  860] - Action Type : ISENABLED
[INFO ][2015-11-19 12:41:56,922][com.java.TestType] [ 6655] - field= XPH//button[contains(text(), 'Save')]
[INFO ][2015-11-19 12:41:56,992][com.java.SeleniumDriver] [  869] -  RESULT true
[INFO ][2015-11-19 12:41:56,992][com.java.SeleniumDriver] [ 1074] - ?   P A S S   ?
[INFO ][2015-11-19 12:41:56,992][com.java.SeleniumDriver] [  796] - ------------------------------------------
[INFO ][2015-11-19 12:41:56,992][com.java.SeleniumDriver] [  797] - Test case being Executed: 6
[INFO ][2015-11-19 12:41:56,992][com.java.SeleniumDriver] [  808] - Test step:57
[INFO ][2015-11-19 12:41:56,992][com.java.SeleniumDriver] [  820] - Datavalue is----------null
[DEBUG][2015-11-19 12:41:56,992][com.java.SeleniumDriver] [  838] - Exception: null
[INFO ][2015-11-19 12:41:56,992][com.java.SeleniumDriver] [  844] - DataField : XPH//button[contains(text(), 'Save')]
[INFO ][2015-11-19 12:41:56,992][com.java.SeleniumDriver] [  846] - DataValue : 
[INFO ][2015-11-19 12:41:56,992][com.java.SeleniumDriver] [  852] - <In Set values of the page>
[INFO ][2015-11-19 12:41:56,992][com.java.SeleniumDriver] [  855] - {Data Fields & Data Values Exist}
[INFO ][2015-11-19 12:41:56,992][com.java.SeleniumDriver] [  857] - --------------------------setting values-----------------------------
[INFO ][2015-11-19 12:41:56,992][com.java.SeleniumDriver] [  860] - Action Type : click
[INFO ][2015-11-19 12:41:56,992][com.java.TestType] [ 4774] - Field ::XPH//button[contains(text(), 'Save')]
[INFO ][2015-11-19 12:41:57,992][com.java.TestType] [ 4833] - BEFORE CLICK
[INFO ][2015-11-19 12:41:58,767][com.java.TestType] [ 4841] - Unable to click the object save button
[INFO ][2015-11-19 12:41:58,767][com.java.SeleniumDriver] [  869] -  RESULT true
[INFO ][2015-11-19 12:41:58,767][com.java.SeleniumDriver] [ 1074] - ?   P A S S   ?
[INFO ][2015-11-19 12:41:58,767][com.java.SeleniumDriver] [  796] - ------------------------------------------
[INFO ][2015-11-19 12:41:58,767][com.java.SeleniumDriver] [  797] - Test case being Executed: 6
[INFO ][2015-11-19 12:41:58,767][com.java.SeleniumDriver] [  808] - Test step:58
[INFO ][2015-11-19 12:41:58,767][com.java.SeleniumDriver] [  820] - Datavalue is----------3
[INFO ][2015-11-19 12:41:58,767][com.java.SeleniumDriver] [  844] - DataField : XPH//a[contains(text(), 'Add Calculation')]
[INFO ][2015-11-19 12:41:58,767][com.java.SeleniumDriver] [  846] - DataValue : 3
[INFO ][2015-11-19 12:41:58,767][com.java.SeleniumDriver] [  852] - <In Set values of the page>
[INFO ][2015-11-19 12:41:58,767][com.java.SeleniumDriver] [  855] - {Data Fields & Data Values Exist}
[INFO ][2015-11-19 12:41:58,767][com.java.SeleniumDriver] [  857] - --------------------------setting values-----------------------------
[INFO ][2015-11-19 12:41:58,767][com.java.SeleniumDriver] [  860] - Action Type : waitforelement
[INFO ][2015-11-19 12:41:58,798][com.java.SeleniumDriver] [  869] -  RESULT true
[INFO ][2015-11-19 12:41:58,798][com.java.SeleniumDriver] [ 1074] - ?   P A S S   ?
[INFO ][2015-11-19 12:41:58,798][com.java.SeleniumDriver] [  796] - ------------------------------------------
[INFO ][2015-11-19 12:41:58,798][com.java.SeleniumDriver] [  797] - Test case being Executed: 6
[INFO ][2015-11-19 12:41:58,798][com.java.SeleniumDriver] [  808] - Test step:59
[INFO ][2015-11-19 12:41:58,798][com.java.SeleniumDriver] [  820] - Datavalue is----------HMVCal_Using_Precustoms
[INFO ][2015-11-19 12:41:58,798][com.java.SeleniumDriver] [  844] - DataField : MSG
[INFO ][2015-11-19 12:41:58,798][com.java.SeleniumDriver] [  846] - DataValue : HMVCal_Using_Precustoms
[INFO ][2015-11-19 12:41:58,798][com.java.SeleniumDriver] [  852] - <In Set values of the page>
[INFO ][2015-11-19 12:41:58,798][com.java.SeleniumDriver] [  855] - {Data Fields & Data Values Exist}
[INFO ][2015-11-19 12:41:58,798][com.java.SeleniumDriver] [  857] - --------------------------setting values-----------------------------
[INFO ][2015-11-19 12:41:58,798][com.java.SeleniumDriver] [  860] - Action Type : verify
[INFO ][2015-11-19 12:41:58,798][com.java.TestType] [ 5568] - field= MSG value= HMVCal_Using_Precustoms
[INFO ][2015-11-19 12:41:58,798][com.java.TestType] [ 4461] - value = A_VLTest103211
[DEBUG][2015-11-19 12:41:58,798][com.java.TestType] [ 6337] - value :: A_VLTest103211
[INFO ][2015-11-19 12:41:58,818][com.java.SeleniumDriver] [  869] -  RESULT true
[INFO ][2015-11-19 12:41:58,818][com.java.SeleniumDriver] [ 1074] - ?   P A S S   ?
[INFO ][2015-11-19 12:41:58,818][com.java.SeleniumDriver] [  796] - ------------------------------------------
[INFO ][2015-11-19 12:41:58,818][com.java.SeleniumDriver] [  797] - Test case being Executed: 6
[INFO ][2015-11-19 12:41:58,818][com.java.SeleniumDriver] [  808] - Test step:60
[INFO ][2015-11-19 12:41:58,818][com.java.SeleniumDriver] [  820] - Datavalue is----------null
[DEBUG][2015-11-19 12:41:58,818][com.java.SeleniumDriver] [  838] - Exception: null
[INFO ][2015-11-19 12:41:58,818][com.java.SeleniumDriver] [  844] - DataField : BTNparent
[INFO ][2015-11-19 12:41:58,818][com.java.SeleniumDriver] [  846] - DataValue : 
[INFO ][2015-11-19 12:41:58,818][com.java.SeleniumDriver] [  852] - <In Set values of the page>
[INFO ][2015-11-19 12:41:58,818][com.java.SeleniumDriver] [  855] - {Data Fields & Data Values Exist}
[INFO ][2015-11-19 12:41:58,818][com.java.SeleniumDriver] [  857] - --------------------------setting values-----------------------------
[INFO ][2015-11-19 12:41:58,818][com.java.SeleniumDriver] [  860] - Action Type : SELECTFRAME
[INFO ][2015-11-19 12:41:58,828][com.java.SeleniumDriver] [  869] -  RESULT true
[INFO ][2015-11-19 12:41:58,828][com.java.SeleniumDriver] [ 1074] - ?   P A S S   ?
[INFO ][2015-11-19 12:41:58,828][com.java.SeleniumDriver] [  796] - ------------------------------------------
[INFO ][2015-11-19 12:41:58,828][com.java.SeleniumDriver] [  797] - Test case being Executed: 6
[INFO ][2015-11-19 12:41:58,828][com.java.SeleniumDriver] [  808] - Test step:61
[INFO ][2015-11-19 12:41:58,828][com.java.SeleniumDriver] [  820] - Datavalue is----------CNS
[INFO ][2015-11-19 12:41:58,828][com.java.SeleniumDriver] [  844] - DataField : BNK//select[@id='bank']
[INFO ][2015-11-19 12:41:58,828][com.java.SeleniumDriver] [  846] - DataValue : CNS
[INFO ][2015-11-19 12:41:58,828][com.java.SeleniumDriver] [  852] - <In Set values of the page>
[INFO ][2015-11-19 12:41:58,828][com.java.SeleniumDriver] [  855] - {Data Fields & Data Values Exist}
[INFO ][2015-11-19 12:41:58,828][com.java.SeleniumDriver] [  857] - --------------------------setting values-----------------------------
[INFO ][2015-11-19 12:41:58,828][com.java.SeleniumDriver] [  860] - Action Type : SELECT
[INFO ][2015-11-19 12:41:58,828][com.java.TestType] [ 4461] - value = CNS
[INFO ][2015-11-19 12:41:59,086][com.java.SeleniumDriver] [  869] -  RESULT true
[INFO ][2015-11-19 12:41:59,086][com.java.SeleniumDriver] [ 1074] - ?   P A S S   ?
[INFO ][2015-11-19 12:41:59,086][com.java.SeleniumDriver] [  796] - ------------------------------------------
[INFO ][2015-11-19 12:41:59,086][com.java.SeleniumDriver] [  797] - Test case being Executed: 6
[INFO ][2015-11-19 12:41:59,086][com.java.SeleniumDriver] [  808] - Test step:62
[INFO ][2015-11-19 12:41:59,086][com.java.SeleniumDriver] [  820] - Datavalue is----------3
[INFO ][2015-11-19 12:41:59,086][com.java.SeleniumDriver] [  844] - DataField : XPH//div[contains(text(),'My Dashboard')]
[INFO ][2015-11-19 12:41:59,086][com.java.SeleniumDriver] [  846] - DataValue : 3
[INFO ][2015-11-19 12:41:59,086][com.java.SeleniumDriver] [  852] - <In Set values of the page>
[INFO ][2015-11-19 12:41:59,086][com.java.SeleniumDriver] [  855] - {Data Fields & Data Values Exist}
[INFO ][2015-11-19 12:41:59,086][com.java.SeleniumDriver] [  857] - --------------------------setting values-----------------------------
[INFO ][2015-11-19 12:41:59,086][com.java.SeleniumDriver] [  860] - Action Type : waitforelement
[INFO ][2015-11-19 12:41:59,116][com.java.SeleniumDriver] [  869] -  RESULT true
[INFO ][2015-11-19 12:41:59,116][com.java.SeleniumDriver] [ 1074] - ?   P A S S   ?
[INFO ][2015-11-19 12:41:59,116][com.java.SeleniumDriver] [  796] - ------------------------------------------
[INFO ][2015-11-19 12:41:59,116][com.java.SeleniumDriver] [  797] - Test case being Executed: 6
[INFO ][2015-11-19 12:41:59,116][com.java.SeleniumDriver] [  808] - Test step:63
[INFO ][2015-11-19 12:41:59,116][com.java.SeleniumDriver] [  820] - Datavalue is----------My Dashboard
[INFO ][2015-11-19 12:41:59,116][com.java.SeleniumDriver] [  844] - DataField : MSG
[INFO ][2015-11-19 12:41:59,116][com.java.SeleniumDriver] [  846] - DataValue : My Dashboard
[INFO ][2015-11-19 12:41:59,116][com.java.SeleniumDriver] [  852] - <In Set values of the page>
[INFO ][2015-11-19 12:41:59,116][com.java.SeleniumDriver] [  855] - {Data Fields & Data Values Exist}
[INFO ][2015-11-19 12:41:59,116][com.java.SeleniumDriver] [  857] - --------------------------setting values-----------------------------
[INFO ][2015-11-19 12:41:59,116][com.java.SeleniumDriver] [  860] - Action Type : Verify
[INFO ][2015-11-19 12:41:59,116][com.java.TestType] [ 5568] - field= MSG value= My Dashboard
[INFO ][2015-11-19 12:41:59,116][com.java.TestType] [ 4461] - value = My Dashboard
[DEBUG][2015-11-19 12:41:59,116][com.java.TestType] [ 6337] - value :: My Dashboard
[INFO ][2015-11-19 12:41:59,176][com.java.SeleniumDriver] [  869] -  RESULT true
[INFO ][2015-11-19 12:41:59,176][com.java.SeleniumDriver] [ 1074] - ?   P A S S   ?
[INFO ][2015-11-19 12:41:59,176][com.java.SeleniumDriver] [  796] - ------------------------------------------
[INFO ][2015-11-19 12:41:59,176][com.java.SeleniumDriver] [  797] - Test case being Executed: 6
[INFO ][2015-11-19 12:41:59,176][com.java.SeleniumDriver] [  808] - Test step:64
[INFO ][2015-11-19 12:41:59,176][com.java.SeleniumDriver] [  820] - Datavalue is----------null
[DEBUG][2015-11-19 12:41:59,176][com.java.SeleniumDriver] [  838] - Exception: null
[INFO ][2015-11-19 12:41:59,176][com.java.SeleniumDriver] [  844] - DataField : //span[@class='icon-hammer']&&//a[text()='Custom Calculations']
[INFO ][2015-11-19 12:41:59,176][com.java.SeleniumDriver] [  846] - DataValue : 
[INFO ][2015-11-19 12:41:59,176][com.java.SeleniumDriver] [  852] - <In Set values of the page>
[INFO ][2015-11-19 12:41:59,176][com.java.SeleniumDriver] [  855] - {Data Fields & Data Values Exist}
[INFO ][2015-11-19 12:41:59,176][com.java.SeleniumDriver] [  857] - --------------------------setting values-----------------------------
[INFO ][2015-11-19 12:41:59,176][com.java.SeleniumDriver] [  860] - Action Type : MOUSEOVER
[INFO ][2015-11-19 12:42:32,522][com.java.SeleniumDriver] [  869] -  RESULT true
[INFO ][2015-11-19 12:42:32,522][com.java.SeleniumDriver] [ 1074] - ?   P A S S   ?
[INFO ][2015-11-19 12:42:32,522][com.java.SeleniumDriver] [  796] - ------------------------------------------
[INFO ][2015-11-19 12:42:32,522][com.java.SeleniumDriver] [  797] - Test case being Executed: 6
[INFO ][2015-11-19 12:42:32,522][com.java.SeleniumDriver] [  808] - Test step:65
[INFO ][2015-11-19 12:42:32,522][com.java.SeleniumDriver] [  820] - Datavalue is----------null
[DEBUG][2015-11-19 12:42:32,522][com.java.SeleniumDriver] [  838] - Exception: null
[INFO ][2015-11-19 12:42:32,522][com.java.SeleniumDriver] [  844] - DataField : BTN//iframe[@class='frameTabContent']
[INFO ][2015-11-19 12:42:32,522][com.java.SeleniumDriver] [  846] - DataValue : 
[INFO ][2015-11-19 12:42:32,522][com.java.SeleniumDriver] [  852] - <In Set values of the page>
[INFO ][2015-11-19 12:42:32,522][com.java.SeleniumDriver] [  855] - {Data Fields & Data Values Exist}
[INFO ][2015-11-19 12:42:32,522][com.java.SeleniumDriver] [  857] - --------------------------setting values-----------------------------
[INFO ][2015-11-19 12:42:32,522][com.java.SeleniumDriver] [  860] - Action Type : SELECTFRAME
[INFO ][2015-11-19 12:42:32,653][com.java.SeleniumDriver] [  869] -  RESULT true
[INFO ][2015-11-19 12:42:32,653][com.java.SeleniumDriver] [ 1074] - ?   P A S S   ?
[INFO ][2015-11-19 12:42:32,653][com.java.SeleniumDriver] [  796] - ------------------------------------------
[INFO ][2015-11-19 12:42:32,653][com.java.SeleniumDriver] [  797] - Test case being Executed: 6
[INFO ][2015-11-19 12:42:32,653][com.java.SeleniumDriver] [  808] - Test step:66
[INFO ][2015-11-19 12:42:32,653][com.java.SeleniumDriver] [  820] - Datavalue is----------Custom Calculations
[INFO ][2015-11-19 12:42:32,653][com.java.SeleniumDriver] [  844] - DataField : MSG
[INFO ][2015-11-19 12:42:32,653][com.java.SeleniumDriver] [  846] - DataValue : Custom Calculations
[INFO ][2015-11-19 12:42:32,653][com.java.SeleniumDriver] [  852] - <In Set values of the page>
[INFO ][2015-11-19 12:42:32,653][com.java.SeleniumDriver] [  855] - {Data Fields & Data Values Exist}
[INFO ][2015-11-19 12:42:32,653][com.java.SeleniumDriver] [  857] - --------------------------setting values-----------------------------
[INFO ][2015-11-19 12:42:32,653][com.java.SeleniumDriver] [  860] - Action Type : Verify
[INFO ][2015-11-19 12:42:32,653][com.java.TestType] [ 5568] - field= MSG value= Custom Calculations
[INFO ][2015-11-19 12:42:32,653][com.java.TestType] [ 4461] - value = Custom Calculations
[DEBUG][2015-11-19 12:42:32,653][com.java.TestType] [ 6337] - value :: Custom Calculations
[INFO ][2015-11-19 12:42:32,663][com.java.SeleniumDriver] [  869] -  RESULT true
[INFO ][2015-11-19 12:42:32,663][com.java.SeleniumDriver] [ 1074] - ?   P A S S   ?
[INFO ][2015-11-19 12:42:32,663][com.java.SeleniumDriver] [  796] - ------------------------------------------
[INFO ][2015-11-19 12:42:32,663][com.java.SeleniumDriver] [  797] - Test case being Executed: 6
[INFO ][2015-11-19 12:42:32,663][com.java.SeleniumDriver] [  808] - Test step:67
[INFO ][2015-11-19 12:42:32,663][com.java.SeleniumDriver] [  820] - Datavalue is----------A_VLTest
[INFO ][2015-11-19 12:42:32,663][com.java.SeleniumDriver] [  844] - DataField : MSG
[INFO ][2015-11-19 12:42:32,663][com.java.SeleniumDriver] [  846] - DataValue : A_VLTest
[INFO ][2015-11-19 12:42:32,663][com.java.SeleniumDriver] [  852] - <In Set values of the page>
[INFO ][2015-11-19 12:42:32,663][com.java.SeleniumDriver] [  855] - {Data Fields & Data Values Exist}
[INFO ][2015-11-19 12:42:32,663][com.java.SeleniumDriver] [  857] - --------------------------setting values-----------------------------
[INFO ][2015-11-19 12:42:32,663][com.java.SeleniumDriver] [  860] - Action Type : VERIFYNOTPRESENT
[INFO ][2015-11-19 12:42:32,663][com.java.TestType] [ 6970] - field= MSG value= A_VLTest
[INFO ][2015-11-19 12:42:32,673][com.java.SeleniumDriver] [  869] -  RESULT true
[INFO ][2015-11-19 12:42:32,673][com.java.SeleniumDriver] [ 1074] - ?   P A S S   ?
[DEBUG][2015-11-19 12:42:32,673][com.java.SeleniumDriver] [ 1176] - Case found
[DEBUG][2015-11-19 12:42:32,673][com.java.SeleniumDriver] [ 1181] - Incrementing ReportCounters[0]:2
[INFO ][2015-11-19 12:42:32,673][com.java.SeleniumDriver] [ 1200] - The results are-------------------[6, 1, Add Custom Calculation, Pass, , Thu Nov 19 12:40:56 IST 2015, 6, 3, Add Custom Calculation, Pass, , Thu Nov 19 12:41:01 IST 2015, 6, 4, Add Custom Calculation Indicator to My Dashboard, Pass, , Thu Nov 19 12:41:01 IST 2015, 6, 5, Add Custom Calculation, Pass, , Thu Nov 19 12:41:26 IST 2015, 6, 6, Add Custom Calculation, Pass, , Thu Nov 19 12:41:26 IST 2015, 6, 7, Add Custom Calculation, Pass, , Thu Nov 19 12:41:26 IST 2015, 6, 8, Add Custom Calculation, Pass, , Thu Nov 19 12:41:26 IST 2015, 6, 9, Add Custom Calculation, Pass, , Thu Nov 19 12:41:26 IST 2015, 6, 10, Add Custom Calculation, Pass, , Thu Nov 19 12:41:26 IST 2015, 6, 11, Add Custom Calculation, Pass, , Thu Nov 19 12:41:27 IST 2015, 6, 12, Add Custom Calculation, Pass, , Thu Nov 19 12:41:27 IST 2015, 6, 13, Add Custom Calculation, Pass, , Thu Nov 19 12:41:27 IST 2015, 6, 14, Add Custom Calculation, Pass, , Thu Nov 19 12:41:27 IST 2015, 6, 15, Add Custom Calculation, Pass, , Thu Nov 19 12:41:29 IST 2015, 6, 16, Add Custom Calculation, Pass, , Thu Nov 19 12:41:29 IST 2015, 6, 17, Add Custom Calculation, Pass, , Thu Nov 19 12:41:31 IST 2015, 6, 18, Add Custom Calculation, Pass, , Thu Nov 19 12:41:32 IST 2015, 6, 19, Add Custom Calculation, Pass, , Thu Nov 19 12:41:32 IST 2015, 6, 20, Add Custom Calculation, Pass, , Thu Nov 19 12:41:32 IST 2015, 6, 21, Add Custom Calculation, Pass, , Thu Nov 19 12:41:33 IST 2015, 6, 22, Add Custom Calculation, Pass, , Thu Nov 19 12:41:33 IST 2015, 6, 23, Add Custom Calculation, Pass, , Thu Nov 19 12:41:34 IST 2015, 6, 24, Add Custom Calculation, Pass, , Thu Nov 19 12:41:34 IST 2015, 6, 25, Add Custom Calculation, Pass, , Thu Nov 19 12:41:36 IST 2015, 6, 26, Add Custom Calculation, Pass, , Thu Nov 19 12:41:37 IST 2015, 6, 27, Add Custom Calculation, Pass, , Thu Nov 19 12:41:37 IST 2015, 6, 28, Add Custom Calculation, Pass, , Thu Nov 19 12:41:38 IST 2015, 6, 29, Add Custom Calculation, Pass, , Thu Nov 19 12:41:38 IST 2015, 6, 30, Add Custom Calculation, Pass, , Thu Nov 19 12:41:40 IST 2015, 6, 31, Add Custom Calculation, Pass, , Thu Nov 19 12:41:40 IST 2015, 6, 32, Add Custom Calculation, Pass, , Thu Nov 19 12:41:41 IST 2015, 6, 33, Add Custom Calculation, Pass, , Thu Nov 19 12:41:41 IST 2015, 6, 34, Add Custom Calculation, Pass, , Thu Nov 19 12:41:42 IST 2015, 6, 35, Add Custom Calculation, Pass, , Thu Nov 19 12:41:42 IST 2015, 6, 36, Add Custom Calculation, Pass, , Thu Nov 19 12:41:43 IST 2015, 6, 37, Add Custom Calculation, Pass, , Thu Nov 19 12:41:44 IST 2015, 6, 38, Add Custom Calculation, Pass, , Thu Nov 19 12:41:44 IST 2015, 6, 39, Add Custom Calculation, Pass, , Thu Nov 19 12:41:44 IST 2015, 6, 40, Add Custom Calculation, Pass, , Thu Nov 19 12:41:45 IST 2015, 6, 41, Add Custom Calculation, Pass, , Thu Nov 19 12:41:45 IST 2015, 6, 42, Add Custom Calculation, Pass, , Thu Nov 19 12:41:46 IST 2015, 6, 43, Add Custom Calculation, Pass, , Thu Nov 19 12:41:46 IST 2015, 6, 44, Add Custom Calculation, Pass, , Thu Nov 19 12:41:47 IST 2015, 6, 45, Add Custom Calculation, Pass, , Thu Nov 19 12:41:47 IST 2015, 6, 46, Add Custom Calculation, Pass, , Thu Nov 19 12:41:49 IST 2015, 6, 47, Add Custom Calculation, Pass, , Thu Nov 19 12:41:50 IST 2015, 6, 48, Add Custom Calculation, Pass, , Thu Nov 19 12:41:50 IST 2015, 6, 49, Add Custom Calculation, Pass, , Thu Nov 19 12:41:50 IST 2015, 6, 50, Add Custom Calculation, Pass, , Thu Nov 19 12:41:52 IST 2015, 6, 51, Add Custom Calculation, Pass, , Thu Nov 19 12:41:52 IST 2015, 6, 52, Add Custom Calculation, Pass, , Thu Nov 19 12:41:54 IST 2015, 6, 53, Add Custom Calculation, Pass, , Thu Nov 19 12:41:55 IST 2015, 6, 54, Add Custom Calculation, Pass, , Thu Nov 19 12:41:56 IST 2015, 6, 55, Add Custom Calculation, Pass, , Thu Nov 19 12:41:56 IST 2015, 6, 56, Add Custom Calculation, Pass, , Thu Nov 19 12:41:56 IST 2015, 6, 57, Add Custom Calculation, Pass, , Thu Nov 19 12:41:58 IST 2015, 6, 58, Add Custom Calculation, Pass, , Thu Nov 19 12:41:58 IST 2015, 6, 59, Add Custom Calculation, Pass, , Thu Nov 19 12:41:58 IST 2015, 6, 60, Add Custom Calculation, Pass, , Thu Nov 19 12:41:58 IST 2015, 6, 61, Add Custom Calculation, Pass, , Thu Nov 19 12:41:59 IST 2015, 6, 62, Add Custom Calculation, Pass, , Thu Nov 19 12:41:59 IST 2015, 6, 63, Add Custom Calculation, Pass, , Thu Nov 19 12:41:59 IST 2015, 6, 64, Add Custom Calculation, Pass, , Thu Nov 19 12:42:32 IST 2015, 6, 65, Add Custom Calculation, Pass, , Thu Nov 19 12:42:32 IST 2015, 6, 66, Add Custom Calculation, Pass, , Thu Nov 19 12:42:32 IST 2015, 6, 67, Add Custom Calculation, Pass, , Thu Nov 19 12:42:32 IST 2015]
[INFO ][2015-11-19 12:42:32,673][com.java.SeleniumDriver] [ 1204] - End time is-------3 min 7 sec
[INFO ][2015-11-19 12:42:32,673][com.java.SeleniumDriver] [ 1205] - The results are-------------------[6, 1, Add Custom Calculation, Pass, , Thu Nov 19 12:40:56 IST 2015, 6, 3, Add Custom Calculation, Pass, , Thu Nov 19 12:41:01 IST 2015, 6, 4, Add Custom Calculation Indicator to My Dashboard, Pass, , Thu Nov 19 12:41:01 IST 2015, 6, 5, Add Custom Calculation, Pass, , Thu Nov 19 12:41:26 IST 2015, 6, 6, Add Custom Calculation, Pass, , Thu Nov 19 12:41:26 IST 2015, 6, 7, Add Custom Calculation, Pass, , Thu Nov 19 12:41:26 IST 2015, 6, 8, Add Custom Calculation, Pass, , Thu Nov 19 12:41:26 IST 2015, 6, 9, Add Custom Calculation, Pass, , Thu Nov 19 12:41:26 IST 2015, 6, 10, Add Custom Calculation, Pass, , Thu Nov 19 12:41:26 IST 2015, 6, 11, Add Custom Calculation, Pass, , Thu Nov 19 12:41:27 IST 2015, 6, 12, Add Custom Calculation, Pass, , Thu Nov 19 12:41:27 IST 2015, 6, 13, Add Custom Calculation, Pass, , Thu Nov 19 12:41:27 IST 2015, 6, 14, Add Custom Calculation, Pass, , Thu Nov 19 12:41:27 IST 2015, 6, 15, Add Custom Calculation, Pass, , Thu Nov 19 12:41:29 IST 2015, 6, 16, Add Custom Calculation, Pass, , Thu Nov 19 12:41:29 IST 2015, 6, 17, Add Custom Calculation, Pass, , Thu Nov 19 12:41:31 IST 2015, 6, 18, Add Custom Calculation, Pass, , Thu Nov 19 12:41:32 IST 2015, 6, 19, Add Custom Calculation, Pass, , Thu Nov 19 12:41:32 IST 2015, 6, 20, Add Custom Calculation, Pass, , Thu Nov 19 12:41:32 IST 2015, 6, 21, Add Custom Calculation, Pass, , Thu Nov 19 12:41:33 IST 2015, 6, 22, Add Custom Calculation, Pass, , Thu Nov 19 12:41:33 IST 2015, 6, 23, Add Custom Calculation, Pass, , Thu Nov 19 12:41:34 IST 2015, 6, 24, Add Custom Calculation, Pass, , Thu Nov 19 12:41:34 IST 2015, 6, 25, Add Custom Calculation, Pass, , Thu Nov 19 12:41:36 IST 2015, 6, 26, Add Custom Calculation, Pass, , Thu Nov 19 12:41:37 IST 2015, 6, 27, Add Custom Calculation, Pass, , Thu Nov 19 12:41:37 IST 2015, 6, 28, Add Custom Calculation, Pass, , Thu Nov 19 12:41:38 IST 2015, 6, 29, Add Custom Calculation, Pass, , Thu Nov 19 12:41:38 IST 2015, 6, 30, Add Custom Calculation, Pass, , Thu Nov 19 12:41:40 IST 2015, 6, 31, Add Custom Calculation, Pass, , Thu Nov 19 12:41:40 IST 2015, 6, 32, Add Custom Calculation, Pass, , Thu Nov 19 12:41:41 IST 2015, 6, 33, Add Custom Calculation, Pass, , Thu Nov 19 12:41:41 IST 2015, 6, 34, Add Custom Calculation, Pass, , Thu Nov 19 12:41:42 IST 2015, 6, 35, Add Custom Calculation, Pass, , Thu Nov 19 12:41:42 IST 2015, 6, 36, Add Custom Calculation, Pass, , Thu Nov 19 12:41:43 IST 2015, 6, 37, Add Custom Calculation, Pass, , Thu Nov 19 12:41:44 IST 2015, 6, 38, Add Custom Calculation, Pass, , Thu Nov 19 12:41:44 IST 2015, 6, 39, Add Custom Calculation, Pass, , Thu Nov 19 12:41:44 IST 2015, 6, 40, Add Custom Calculation, Pass, , Thu Nov 19 12:41:45 IST 2015, 6, 41, Add Custom Calculation, Pass, , Thu Nov 19 12:41:45 IST 2015, 6, 42, Add Custom Calculation, Pass, , Thu Nov 19 12:41:46 IST 2015, 6, 43, Add Custom Calculation, Pass, , Thu Nov 19 12:41:46 IST 2015, 6, 44, Add Custom Calculation, Pass, , Thu Nov 19 12:41:47 IST 2015, 6, 45, Add Custom Calculation, Pass, , Thu Nov 19 12:41:47 IST 2015, 6, 46, Add Custom Calculation, Pass, , Thu Nov 19 12:41:49 IST 2015, 6, 47, Add Custom Calculation, Pass, , Thu Nov 19 12:41:50 IST 2015, 6, 48, Add Custom Calculation, Pass, , Thu Nov 19 12:41:50 IST 2015, 6, 49, Add Custom Calculation, Pass, , Thu Nov 19 12:41:50 IST 2015, 6, 50, Add Custom Calculation, Pass, , Thu Nov 19 12:41:52 IST 2015, 6, 51, Add Custom Calculation, Pass, , Thu Nov 19 12:41:52 IST 2015, 6, 52, Add Custom Calculation, Pass, , Thu Nov 19 12:41:54 IST 2015, 6, 53, Add Custom Calculation, Pass, , Thu Nov 19 12:41:55 IST 2015, 6, 54, Add Custom Calculation, Pass, , Thu Nov 19 12:41:56 IST 2015, 6, 55, Add Custom Calculation, Pass, , Thu Nov 19 12:41:56 IST 2015, 6, 56, Add Custom Calculation, Pass, , Thu Nov 19 12:41:56 IST 2015, 6, 57, Add Custom Calculation, Pass, , Thu Nov 19 12:41:58 IST 2015, 6, 58, Add Custom Calculation, Pass, , Thu Nov 19 12:41:58 IST 2015, 6, 59, Add Custom Calculation, Pass, , Thu Nov 19 12:41:58 IST 2015, 6, 60, Add Custom Calculation, Pass, , Thu Nov 19 12:41:58 IST 2015, 6, 61, Add Custom Calculation, Pass, , Thu Nov 19 12:41:59 IST 2015, 6, 62, Add Custom Calculation, Pass, , Thu Nov 19 12:41:59 IST 2015, 6, 63, Add Custom Calculation, Pass, , Thu Nov 19 12:41:59 IST 2015, 6, 64, Add Custom Calculation, Pass, , Thu Nov 19 12:42:32 IST 2015, 6, 65, Add Custom Calculation, Pass, , Thu Nov 19 12:42:32 IST 2015, 6, 66, Add Custom Calculation, Pass, , Thu Nov 19 12:42:32 IST 2015, 6, 67, Add Custom Calculation, Pass, , Thu Nov 19 12:42:32 IST 2015]
[DEBUG][2015-11-19 12:42:32,673][com.java.ImportnExport.ExportTestResultsExcel] [  222] - testResultPath = D:\BankersDashboard/TestReports/Test Results_BankersDashBoard_111915_123927_IE10_Bank of North Carolina.xls
[DEBUG][2015-11-19 12:42:32,673][com.java.ImportnExport.ExportTestResultsExcel] [  223] - browser is------------IE10
[DEBUG][2015-11-19 12:42:32,673][com.java.ImportnExport.ExportTestResultsExcel] [  270] - result.size() = 396
[DEBUG][2015-11-19 12:42:32,673][com.java.ImportnExport.ExportTestResultsExcel] [  274] - No of rows in sheet=2
[DEBUG][2015-11-19 12:42:32,673][com.java.ImportnExport.ExportTestResultsExcel] [  301] - ..in export..6
[DEBUG][2015-11-19 12:42:32,673][com.java.ImportnExport.ExportTestResultsExcel] [  301] - ..in export..Add Custom Calculation
[DEBUG][2015-11-19 12:42:32,673][com.java.ImportnExport.ExportTestResultsExcel] [  301] - ..in export..Pass
[DEBUG][2015-11-19 12:42:32,673][com.java.ImportnExport.ExportTestResultsExcel] [  301] - ..in export..
[DEBUG][2015-11-19 12:42:32,673][com.java.ImportnExport.ExportTestResultsExcel] [  301] - ..in export..Thu Nov 19 12:40:56 IST 2015
[INFO ][2015-11-19 12:42:32,673][com.java.SeleniumDriver] [ 1263] - out loop:1 size:2 TestCases:[1, 6] testcases:[1, 6]
[INFO ][2015-11-19 12:42:34,673][com.java.SeleniumDriver] [ 1306] - Total Number of Cases:2
[INFO ][2015-11-19 12:42:34,673][com.java.TemplateGenerator] [  302] - Executed:2
[INFO ][2015-11-19 12:42:34,673][com.java.TemplateGenerator] [  303] - Passed:2
[INFO ][2015-11-19 12:42:34,673][com.java.TemplateGenerator] [  304] - Failed:0
[INFO ][2015-11-19 12:42:34,673][com.java.TemplateGenerator] [  305] - Skipeed:0
[INFO ][2015-11-19 12:42:34,673][com.java.TemplateGenerator] [  306] - Application URL:https://clients-xuat.bankersdashboard.com
[INFO ][2015-11-19 12:42:34,673][com.java.TemplateGenerator] [  307] - Start Time:111915_123927
[INFO ][2015-11-19 12:42:34,673][com.java.TemplateGenerator] [  308] -  Creating HTML Report 
[ERROR][2015-11-19 12:42:34,673][com.java.TemplateGenerator] [  409] - Unparseable date: "Thu Nov 19 12:39:27 IST 2015"
[INFO ][2015-11-19 12:42:34,673][com.java.TemplateGenerator] [  654] -  Exporting case :: 1
[INFO ][2015-11-19 12:42:34,673][com.java.TemplateGenerator] [  654] -  Exporting case :: 6
[INFO ][2015-11-19 12:42:34,673][com.java.SeleniumDriver] [ 1355] - End Time:111915_124234
[INFO ][2015-11-19 12:42:34,673][com.java.SeleniumDriver] [ 1358] - Data in Test Execution Details:{1=PASS, 6=PASS}
[INFO ][2015-11-19 12:42:34,673][com.java.SeleniumDriver] [ 1359] - Data in Failed Execution Deatils:{}
[INFO ][2015-11-19 12:42:34,673][com.java.SeleniumDriver] [ 1361] - ReportCounter:Total:2 :: PASS: 2 ::FAIL: 0
[INFO ][2015-11-19 12:42:34,673][com.java.SeleniumDriver] [ 1362] - FailedReportCounter:Total:0 :: PASS: 0 ::FAIL: 0
[INFO ][2015-11-19 12:42:34,674][com.java.EmailTestReport] [   63] - Sending report mail details:
[INFO ][2015-11-19 12:42:34,674][com.java.EmailTestReport] [   80] - Excel Report Path:D:\BankersDashboard/TestReports/Test Results_BankersDashBoard_111915_123927_IE10_Bank of North Carolina.xls
[INFO ][2015-11-19 12:42:34,674][com.java.EmailTestReport] [   81] - HTML Report Path:D:\BankersDashboard//TestReports//Test Results_BankersDashBoard_111915_123927_IE10_Bank of North Carolina.html
[INFO ][2015-11-19 12:42:34,674][com.java.EmailTestReport] [   82] - smtpHostName:mail01.valuelabs.com
[INFO ][2015-11-19 12:42:34,674][com.java.EmailTestReport] [   83] - Recipient:venkateswararao.gubbala@valuelabs.com;
[INFO ][2015-11-19 12:42:34,674][com.java.EmailTestReport] [   84] - From:venkateswararao.gubbala@valuelabs.com;
[INFO ][2015-11-19 12:42:34,674][com.java.EmailTestReport] [   85] - Subject:Deluxe Corp Bankers Dashboard Automation Test Report - Bank of North Carolina - IE10
[INFO ][2015-11-19 12:42:34,694][com.java.EmailTestReport] [  143] -  Added venkateswararao.gubbala@valuelabs.com
[INFO ][2015-11-19 12:42:38,074][com.java.SeleniumDriver] [  719] - quitting the browser 
[INFO ][2015-11-19 12:42:39,804][com.java.SeleniumDriver] [  263] - Execution Completed Stopping the thread
