[INFO ][2015-10-30 17:28:50,770][com.java.SeleniumDriver] [  213] - Execute Failed Casesfalse
[INFO ][2015-10-30 17:28:50,770][com.java.SeleniumDriver] [  214] - Browser: IE11
[INFO ][2015-10-30 17:28:50,770][com.java.SeleniumDriver] [  215] - [1, 11, 14, 10, 7]
[INFO ][2015-10-30 17:28:50,770][com.java.SeleniumDriver] [  216] - Total TestCases:5
[INFO ][2015-10-30 17:28:50,770][com.java.SeleniumDriver] [  217] -  Reading Properties from Property File 
[DEBUG][2015-10-30 17:28:50,770][com.java.SeleniumDriver] [  238] - url : https://clients-xuat.bankersdashboard.com
[INFO ][2015-10-30 17:28:50,780][com.java.ImportnExport.ExportTestResultsExcel] [  116] - Time Stamp Fri Oct 30 05:28:50 IST 2015
[INFO ][2015-10-30 17:28:50,780][com.java.ImportnExport.ExportTestResultsExcel] [  175] - OUT FILE : D:\BankersDashboard/TestReports/Test Results_BankersDashBoard_103015_172850_IE11_Simmons First National Bank.xls
[INFO ][2015-10-30 17:28:50,791][com.java.ImportnExport.ExportTestResultsExcel] [  180] - Test Result file is created
[DEBUG][2015-10-30 17:28:50,901][com.java.SeleniumDriver] [  425] - Hub ip address is-------172.17.68.34
[INFO ][2015-10-30 17:28:50,901][com.java.SeleniumDriver] [  451] - Grid URL:http://172.17.68.34:4444/wd/hub
[INFO ][2015-10-30 17:28:50,901][com.java.SeleniumDriver] [  452] - Capability:Capabilities [{platform=ANY, ensureCleanSession=true, ignoreProtectedModeSettings=true, acceptSslCerts=true, ignoreZoomSetting=true, browserName=internet explorer, browserstack.ie.noFlash=true, version=Node1}]
[ERROR][2015-10-30 17:28:52,191][com.java.SeleniumDriver] [  496] - Unable invoke browser in grid:Could not start a new session. Possible causes are invalid address of the remote server or browser start-up failure.
Build info: version: '2.48.2', revision: '41bccdd', time: '2015-10-09 19:59:12'
System info: host: 'FVTIII438F1D', ip: '172.17.68.34', os.name: 'Windows 7', os.arch: 'x86', os.version: '6.1', java.version: '1.7.0_55'
Driver info: driver.version: SeleniumDriver
[INFO ][2015-10-30 17:28:52,191][com.java.SeleniumDriver] [  498] - Executing on local machine
[INFO ][2015-10-30 17:29:01,206][com.java.SeleniumDriver] [  248] - IE11is opened
[INFO ][2015-10-30 17:29:01,838][com.java.SeleniumDriver] [  752] - Test cases to be executed are: [1, 11, 14, 10, 7]
[INFO ][2015-10-30 17:29:01,838][com.java.ImportnExport.ImportTestDataDetailsExcel] [   49] - test data details path===== D:\BankersDashboard\TestInputs\TestData.xls
[INFO ][2015-10-30 17:29:12,602][com.java.SeleniumDriver] [  788] - ------------------------------------------
[INFO ][2015-10-30 17:29:12,602][com.java.SeleniumDriver] [  789] - Test case being Executed: 1
[INFO ][2015-10-30 17:29:12,603][com.java.SeleniumDriver] [  800] - Test step:1
[INFO ][2015-10-30 17:29:12,603][com.java.SeleniumDriver] [  812] - Datavalue is----------Concept#1:1-14
[INFO ][2015-10-30 17:29:12,603][com.java.SeleniumDriver] [  836] - DataField : test
[INFO ][2015-10-30 17:29:12,603][com.java.SeleniumDriver] [  838] - DataValue : Concept#1:1-14
[INFO ][2015-10-30 17:29:12,603][com.java.SeleniumDriver] [  844] - <In Set values of the page>
[INFO ][2015-10-30 17:29:12,603][com.java.SeleniumDriver] [  847] - {Data Fields & Data Values Exist}
[INFO ][2015-10-30 17:29:12,603][com.java.SeleniumDriver] [  849] - --------------------------setting values-----------------------------
[INFO ][2015-10-30 17:29:12,603][com.java.SeleniumDriver] [  852] - Action Type : ExecuteTestCase
[INFO ][2015-10-30 17:29:12,633][com.java.TestType] [  411] - The Concept sheet name is ---------- Concept
[INFO ][2015-10-30 17:29:12,633][com.java.TestType] [  414] - The Concept ID  is ---------- 1
[DEBUG][2015-10-30 17:29:12,633][com.java.TestType] [  418] - Steps being executted in the Concept are: 1:14
[INFO ][2015-10-30 17:29:12,633][com.java.TestType] [  425] - Test data details path ---------- D:\BankersDashboard\TestInputs\TestData.xls
[INFO ][2015-10-30 17:29:12,663][com.java.TestType] [  456] -  str(1) = 1
[INFO ][2015-10-30 17:29:12,663][com.java.TestType] [  459] - Test case Id is---1
[INFO ][2015-10-30 17:29:12,663][com.java.TestType] [  461] - 1
[INFO ][2015-10-30 17:29:12,663][com.java.TestType] [  456] -  str(2) = 1
[INFO ][2015-10-30 17:29:12,663][com.java.TestType] [  508] - row values are--------{1=com.java.Objects.TestDataDetails@1bce763}
[INFO ][2015-10-30 17:29:12,663][com.java.TestType] [  456] -  str(1) = 1
[INFO ][2015-10-30 17:29:12,663][com.java.TestType] [  459] - Test case Id is---1
[INFO ][2015-10-30 17:29:12,663][com.java.TestType] [  461] - 1
[INFO ][2015-10-30 17:29:12,663][com.java.TestType] [  456] -  str(2) = 2
[INFO ][2015-10-30 17:29:12,663][com.java.TestType] [  508] - row values are--------{1=com.java.Objects.TestDataDetails@1bce763, 2=com.java.Objects.TestDataDetails@1b6fd5c}
[INFO ][2015-10-30 17:29:12,663][com.java.TestType] [  456] -  str(1) = 1
[INFO ][2015-10-30 17:29:12,663][com.java.TestType] [  459] - Test case Id is---1
[INFO ][2015-10-30 17:29:12,663][com.java.TestType] [  461] - 1
[INFO ][2015-10-30 17:29:12,663][com.java.TestType] [  456] -  str(2) = 3
[INFO ][2015-10-30 17:29:12,673][com.java.TestType] [  508] - row values are--------{1=com.java.Objects.TestDataDetails@1bce763, 2=com.java.Objects.TestDataDetails@1b6fd5c, 3=com.java.Objects.TestDataDetails@1c9476e}
[INFO ][2015-10-30 17:29:12,673][com.java.TestType] [  456] -  str(1) = 1
[INFO ][2015-10-30 17:29:12,673][com.java.TestType] [  459] - Test case Id is---1
[INFO ][2015-10-30 17:29:12,673][com.java.TestType] [  461] - 1
[INFO ][2015-10-30 17:29:12,673][com.java.TestType] [  456] -  str(2) = 4
[INFO ][2015-10-30 17:29:12,673][com.java.TestType] [  508] - row values are--------{1=com.java.Objects.TestDataDetails@1bce763, 2=com.java.Objects.TestDataDetails@1b6fd5c, 3=com.java.Objects.TestDataDetails@1c9476e, 4=com.java.Objects.TestDataDetails@a2596a}
[INFO ][2015-10-30 17:29:12,673][com.java.TestType] [  456] -  str(1) = 1
[INFO ][2015-10-30 17:29:12,673][com.java.TestType] [  459] - Test case Id is---1
[INFO ][2015-10-30 17:29:12,673][com.java.TestType] [  461] - 1
[INFO ][2015-10-30 17:29:12,673][com.java.TestType] [  456] -  str(2) = 5
[INFO ][2015-10-30 17:29:12,673][com.java.TestType] [  508] - row values are--------{1=com.java.Objects.TestDataDetails@1bce763, 2=com.java.Objects.TestDataDetails@1b6fd5c, 3=com.java.Objects.TestDataDetails@1c9476e, 4=com.java.Objects.TestDataDetails@a2596a, 5=com.java.Objects.TestDataDetails@3e6611}
[INFO ][2015-10-30 17:29:12,673][com.java.TestType] [  456] -  str(1) = 1
[INFO ][2015-10-30 17:29:12,673][com.java.TestType] [  459] - Test case Id is---1
[INFO ][2015-10-30 17:29:12,673][com.java.TestType] [  461] - 1
[INFO ][2015-10-30 17:29:12,673][com.java.TestType] [  456] -  str(2) = 6
[INFO ][2015-10-30 17:29:12,673][com.java.TestType] [  508] - row values are--------{1=com.java.Objects.TestDataDetails@1bce763, 2=com.java.Objects.TestDataDetails@1b6fd5c, 3=com.java.Objects.TestDataDetails@1c9476e, 4=com.java.Objects.TestDataDetails@a2596a, 5=com.java.Objects.TestDataDetails@3e6611, 6=com.java.Objects.TestDataDetails@113fbcd}
[INFO ][2015-10-30 17:29:12,673][com.java.TestType] [  456] -  str(1) = 1
[INFO ][2015-10-30 17:29:12,673][com.java.TestType] [  459] - Test case Id is---1
[INFO ][2015-10-30 17:29:12,673][com.java.TestType] [  461] - 1
[INFO ][2015-10-30 17:29:12,673][com.java.TestType] [  456] -  str(2) = 7
[INFO ][2015-10-30 17:29:12,673][com.java.TestType] [  508] - row values are--------{1=com.java.Objects.TestDataDetails@1bce763, 2=com.java.Objects.TestDataDetails@1b6fd5c, 3=com.java.Objects.TestDataDetails@1c9476e, 4=com.java.Objects.TestDataDetails@a2596a, 5=com.java.Objects.TestDataDetails@3e6611, 6=com.java.Objects.TestDataDetails@113fbcd, 7=com.java.Objects.TestDataDetails@36ee92}
[INFO ][2015-10-30 17:29:12,673][com.java.TestType] [  456] -  str(1) = 1
[INFO ][2015-10-30 17:29:12,673][com.java.TestType] [  459] - Test case Id is---1
[INFO ][2015-10-30 17:29:12,673][com.java.TestType] [  461] - 1
[INFO ][2015-10-30 17:29:12,673][com.java.TestType] [  456] -  str(2) = 8
[INFO ][2015-10-30 17:29:12,673][com.java.TestType] [  508] - row values are--------{1=com.java.Objects.TestDataDetails@1bce763, 2=com.java.Objects.TestDataDetails@1b6fd5c, 3=com.java.Objects.TestDataDetails@1c9476e, 4=com.java.Objects.TestDataDetails@a2596a, 5=com.java.Objects.TestDataDetails@3e6611, 6=com.java.Objects.TestDataDetails@113fbcd, 7=com.java.Objects.TestDataDetails@36ee92, 8=com.java.Objects.TestDataDetails@1ac3d0c}
[INFO ][2015-10-30 17:29:12,683][com.java.TestType] [  456] -  str(1) = 1
[INFO ][2015-10-30 17:29:12,683][com.java.TestType] [  459] - Test case Id is---1
[INFO ][2015-10-30 17:29:12,683][com.java.TestType] [  461] - 1
[INFO ][2015-10-30 17:29:12,683][com.java.TestType] [  456] -  str(2) = 9
[INFO ][2015-10-30 17:29:12,683][com.java.TestType] [  508] - row values are--------{1=com.java.Objects.TestDataDetails@1bce763, 2=com.java.Objects.TestDataDetails@1b6fd5c, 3=com.java.Objects.TestDataDetails@1c9476e, 4=com.java.Objects.TestDataDetails@a2596a, 5=com.java.Objects.TestDataDetails@3e6611, 6=com.java.Objects.TestDataDetails@113fbcd, 7=com.java.Objects.TestDataDetails@36ee92, 8=com.java.Objects.TestDataDetails@1ac3d0c, 9=com.java.Objects.TestDataDetails@14cbd69}
[INFO ][2015-10-30 17:29:12,683][com.java.TestType] [  456] -  str(1) = 1
[INFO ][2015-10-30 17:29:12,683][com.java.TestType] [  459] - Test case Id is---1
[INFO ][2015-10-30 17:29:12,683][com.java.TestType] [  461] - 1
[INFO ][2015-10-30 17:29:12,683][com.java.TestType] [  456] -  str(2) = 10
[INFO ][2015-10-30 17:29:12,683][com.java.TestType] [  508] - row values are--------{1=com.java.Objects.TestDataDetails@1bce763, 2=com.java.Objects.TestDataDetails@1b6fd5c, 3=com.java.Objects.TestDataDetails@1c9476e, 4=com.java.Objects.TestDataDetails@a2596a, 5=com.java.Objects.TestDataDetails@3e6611, 6=com.java.Objects.TestDataDetails@113fbcd, 7=com.java.Objects.TestDataDetails@36ee92, 8=com.java.Objects.TestDataDetails@1ac3d0c, 9=com.java.Objects.TestDataDetails@14cbd69, 10=com.java.Objects.TestDataDetails@1fe3f48}
[INFO ][2015-10-30 17:29:12,683][com.java.TestType] [  456] -  str(1) = 1
[INFO ][2015-10-30 17:29:12,683][com.java.TestType] [  459] - Test case Id is---1
[INFO ][2015-10-30 17:29:12,683][com.java.TestType] [  461] - 1
[INFO ][2015-10-30 17:29:12,683][com.java.TestType] [  456] -  str(2) = 11
[INFO ][2015-10-30 17:29:12,683][com.java.TestType] [  508] - row values are--------{1=com.java.Objects.TestDataDetails@1bce763, 2=com.java.Objects.TestDataDetails@1b6fd5c, 3=com.java.Objects.TestDataDetails@1c9476e, 4=com.java.Objects.TestDataDetails@a2596a, 5=com.java.Objects.TestDataDetails@3e6611, 6=com.java.Objects.TestDataDetails@113fbcd, 7=com.java.Objects.TestDataDetails@36ee92, 8=com.java.Objects.TestDataDetails@1ac3d0c, 9=com.java.Objects.TestDataDetails@14cbd69, 10=com.java.Objects.TestDataDetails@1fe3f48, 11=com.java.Objects.TestDataDetails@68547b}
[INFO ][2015-10-30 17:29:12,683][com.java.TestType] [  456] -  str(1) = 1
[INFO ][2015-10-30 17:29:12,683][com.java.TestType] [  459] - Test case Id is---1
[INFO ][2015-10-30 17:29:12,683][com.java.TestType] [  461] - 1
[INFO ][2015-10-30 17:29:12,683][com.java.TestType] [  456] -  str(2) = 12
[INFO ][2015-10-30 17:29:12,683][com.java.TestType] [  508] - row values are--------{1=com.java.Objects.TestDataDetails@1bce763, 2=com.java.Objects.TestDataDetails@1b6fd5c, 3=com.java.Objects.TestDataDetails@1c9476e, 4=com.java.Objects.TestDataDetails@a2596a, 5=com.java.Objects.TestDataDetails@3e6611, 6=com.java.Objects.TestDataDetails@113fbcd, 7=com.java.Objects.TestDataDetails@36ee92, 8=com.java.Objects.TestDataDetails@1ac3d0c, 9=com.java.Objects.TestDataDetails@14cbd69, 10=com.java.Objects.TestDataDetails@1fe3f48, 11=com.java.Objects.TestDataDetails@68547b, 12=com.java.Objects.TestDataDetails@18eccb7}
[INFO ][2015-10-30 17:29:12,683][com.java.TestType] [  456] -  str(1) = 1
[INFO ][2015-10-30 17:29:12,683][com.java.TestType] [  459] - Test case Id is---1
[INFO ][2015-10-30 17:29:12,683][com.java.TestType] [  461] - 1
[INFO ][2015-10-30 17:29:12,683][com.java.TestType] [  456] -  str(2) = 13
[INFO ][2015-10-30 17:29:12,683][com.java.TestType] [  508] - row values are--------{1=com.java.Objects.TestDataDetails@1bce763, 2=com.java.Objects.TestDataDetails@1b6fd5c, 3=com.java.Objects.TestDataDetails@1c9476e, 4=com.java.Objects.TestDataDetails@a2596a, 5=com.java.Objects.TestDataDetails@3e6611, 6=com.java.Objects.TestDataDetails@113fbcd, 7=com.java.Objects.TestDataDetails@36ee92, 8=com.java.Objects.TestDataDetails@1ac3d0c, 9=com.java.Objects.TestDataDetails@14cbd69, 10=com.java.Objects.TestDataDetails@1fe3f48, 11=com.java.Objects.TestDataDetails@68547b, 12=com.java.Objects.TestDataDetails@18eccb7, 13=com.java.Objects.TestDataDetails@1654df1}
[INFO ][2015-10-30 17:29:12,683][com.java.TestType] [  456] -  str(1) = 1
[INFO ][2015-10-30 17:29:12,683][com.java.TestType] [  459] - Test case Id is---1
[INFO ][2015-10-30 17:29:12,683][com.java.TestType] [  461] - 1
[INFO ][2015-10-30 17:29:12,683][com.java.TestType] [  456] -  str(2) = 14
[INFO ][2015-10-30 17:29:12,683][com.java.TestType] [  508] - row values are--------{1=com.java.Objects.TestDataDetails@1bce763, 2=com.java.Objects.TestDataDetails@1b6fd5c, 3=com.java.Objects.TestDataDetails@1c9476e, 4=com.java.Objects.TestDataDetails@a2596a, 5=com.java.Objects.TestDataDetails@3e6611, 6=com.java.Objects.TestDataDetails@113fbcd, 7=com.java.Objects.TestDataDetails@36ee92, 8=com.java.Objects.TestDataDetails@1ac3d0c, 9=com.java.Objects.TestDataDetails@14cbd69, 10=com.java.Objects.TestDataDetails@1fe3f48, 11=com.java.Objects.TestDataDetails@68547b, 12=com.java.Objects.TestDataDetails@18eccb7, 13=com.java.Objects.TestDataDetails@1654df1, 14=com.java.Objects.TestDataDetails@1ebe346}
[INFO ][2015-10-30 17:29:12,683][com.java.TestType] [ 7898] - Looping 1TCID = 1
[DEBUG][2015-10-30 17:29:12,683][com.java.TestType] [ 7939] - Concept ID:1 :: Step being Executed: 1::1
[INFO ][2015-10-30 17:29:12,683][com.java.TestType] [ 7977] - dataFields : TXTusername
[DEBUG][2015-10-30 17:29:12,683][com.java.TestType] [ 7983] - <In Set values of the page>
[DEBUG][2015-10-30 17:29:12,683][com.java.TestType] [ 7988] - {Data Fields & Data Values Exist}
[INFO ][2015-10-30 17:29:12,683][com.java.TestType] [ 7994] - --------------------------setting values-----------------------------
[INFO ][2015-10-30 17:29:12,683][com.java.TestType] [ 7997] - Action Type : CLEARANDENTER
[INFO ][2015-10-30 17:29:12,683][com.java.TestType] [ 3749] - value = valuelabs.ie11.03890
[INFO ][2015-10-30 17:29:17,557][com.java.TestType] [ 8016] -  RESULT true
[INFO ][2015-10-30 17:29:17,557][com.java.TestType] [ 8133] - ?   P A S S   ?
[DEBUG][2015-10-30 17:29:17,557][com.java.TestType] [ 7939] - Concept ID:1 :: Step being Executed: 1::2
[INFO ][2015-10-30 17:29:17,557][com.java.TestType] [ 7977] - dataFields : TXTpassword
[DEBUG][2015-10-30 17:29:17,557][com.java.TestType] [ 7983] - <In Set values of the page>
[DEBUG][2015-10-30 17:29:17,557][com.java.TestType] [ 7988] - {Data Fields & Data Values Exist}
[INFO ][2015-10-30 17:29:17,557][com.java.TestType] [ 7994] - --------------------------setting values-----------------------------
[INFO ][2015-10-30 17:29:17,557][com.java.TestType] [ 7997] - Action Type : CLEARANDENTER
[INFO ][2015-10-30 17:29:17,557][com.java.TestType] [ 3749] - value = Password1*
[INFO ][2015-10-30 17:29:22,527][com.java.TestType] [ 8016] -  RESULT true
[INFO ][2015-10-30 17:29:22,527][com.java.TestType] [ 8133] - ?   P A S S   ?
[DEBUG][2015-10-30 17:29:22,527][com.java.TestType] [ 7939] - Concept ID:1 :: Step being Executed: 1::3
[ERROR][2015-10-30 17:29:22,527][com.java.TestType] [ 7972] - Exception: null
[INFO ][2015-10-30 17:29:22,527][com.java.TestType] [ 7977] - dataFields : XPH//button[@type='submit']
[DEBUG][2015-10-30 17:29:22,527][com.java.TestType] [ 7983] - <In Set values of the page>
[DEBUG][2015-10-30 17:29:22,527][com.java.TestType] [ 7988] - {Data Fields & Data Values Exist}
[INFO ][2015-10-30 17:29:22,527][com.java.TestType] [ 7994] - --------------------------setting values-----------------------------
[INFO ][2015-10-30 17:29:22,527][com.java.TestType] [ 7997] - Action Type : Click
[INFO ][2015-10-30 17:29:22,527][com.java.TestType] [ 4062] - Field ::XPH//button[@type='submit']
[INFO ][2015-10-30 17:29:23,531][com.java.TestType] [ 4121] - BEFORE CLICK
[INFO ][2015-10-30 17:29:24,394][com.java.TestType] [ 4129] - Unable to click the object Login
[INFO ][2015-10-30 17:29:24,394][com.java.TestType] [ 8016] -  RESULT true
[INFO ][2015-10-30 17:29:24,394][com.java.TestType] [ 8133] - ?   P A S S   ?
[DEBUG][2015-10-30 17:29:24,394][com.java.TestType] [ 7939] - Concept ID:1 :: Step being Executed: 1::4
[INFO ][2015-10-30 17:29:24,394][com.java.TestType] [ 7977] - dataFields : LNKLogout
[DEBUG][2015-10-30 17:29:24,394][com.java.TestType] [ 7983] - <In Set values of the page>
[DEBUG][2015-10-30 17:29:24,394][com.java.TestType] [ 7988] - {Data Fields & Data Values Exist}
[INFO ][2015-10-30 17:29:24,394][com.java.TestType] [ 7994] - --------------------------setting values-----------------------------
[INFO ][2015-10-30 17:29:24,394][com.java.TestType] [ 7997] - Action Type : WaitForElement
[INFO ][2015-10-30 17:29:39,709][com.java.TestType] [ 8016] -  RESULT true
[INFO ][2015-10-30 17:29:39,709][com.java.TestType] [ 8133] - ?   P A S S   ?
[DEBUG][2015-10-30 17:29:39,709][com.java.TestType] [ 7939] - Concept ID:1 :: Step being Executed: 1::13
[INFO ][2015-10-30 17:29:39,709][com.java.TestType] [ 7977] - dataFields : LGN
[DEBUG][2015-10-30 17:29:39,709][com.java.TestType] [ 7983] - <In Set values of the page>
[DEBUG][2015-10-30 17:29:39,709][com.java.TestType] [ 7988] - {Data Fields & Data Values Exist}
[INFO ][2015-10-30 17:29:39,709][com.java.TestType] [ 7994] - --------------------------setting values-----------------------------
[INFO ][2015-10-30 17:29:39,709][com.java.TestType] [ 7997] - Action Type : Verify
[INFO ][2015-10-30 17:29:39,709][com.java.TestType] [ 4875] - field= LGN value= Username
[INFO ][2015-10-30 17:29:39,710][com.java.TestType] [ 3749] - value = Username
[INFO ][2015-10-30 17:29:39,923][com.java.TestType] [ 8016] -  RESULT true
[INFO ][2015-10-30 17:29:39,923][com.java.TestType] [ 8133] - ?   P A S S   ?
[DEBUG][2015-10-30 17:29:39,925][com.java.TestType] [ 7939] - Concept ID:1 :: Step being Executed: 1::14
[INFO ][2015-10-30 17:29:39,925][com.java.TestType] [ 7977] - dataFields : BTN
[DEBUG][2015-10-30 17:29:39,925][com.java.TestType] [ 7983] - <In Set values of the page>
[DEBUG][2015-10-30 17:29:39,925][com.java.TestType] [ 7988] - {Data Fields & Data Values Exist}
[INFO ][2015-10-30 17:29:39,925][com.java.TestType] [ 7994] - --------------------------setting values-----------------------------
[INFO ][2015-10-30 17:29:39,925][com.java.TestType] [ 7997] - Action Type : Verify
[INFO ][2015-10-30 17:29:39,925][com.java.TestType] [ 4875] - field= BTN value= //img[contains(@src,'bdlogo.jpg')]
[INFO ][2015-10-30 17:29:39,925][com.java.TestType] [ 3749] - value = //img[contains(@src,'bdlogo.jpg')]
[INFO ][2015-10-30 17:29:39,980][com.java.TestType] [ 8016] -  RESULT true
[INFO ][2015-10-30 17:29:39,980][com.java.TestType] [ 8133] - ?   P A S S   ?
[INFO ][2015-10-30 17:29:39,980][com.java.TestType] [ 8204] - Looping End......
[INFO ][2015-10-30 17:29:39,980][com.java.SeleniumDriver] [  861] -  RESULT true
[INFO ][2015-10-30 17:29:39,980][com.java.SeleniumDriver] [ 1066] - ?   P A S S   ?
[INFO ][2015-10-30 17:29:39,980][com.java.SeleniumDriver] [  788] - ------------------------------------------
[INFO ][2015-10-30 17:29:39,980][com.java.SeleniumDriver] [  789] - Test case being Executed: 1
[INFO ][2015-10-30 17:29:39,980][com.java.SeleniumDriver] [  800] - Test step:2
[INFO ][2015-10-30 17:29:39,980][com.java.SeleniumDriver] [  812] - Datavalue is----------Concept#2:1-2
[INFO ][2015-10-30 17:29:39,980][com.java.SeleniumDriver] [  836] - DataField : test
[INFO ][2015-10-30 17:29:39,980][com.java.SeleniumDriver] [  838] - DataValue : Concept#2:1-2
[INFO ][2015-10-30 17:29:39,980][com.java.SeleniumDriver] [  844] - <In Set values of the page>
[INFO ][2015-10-30 17:29:39,980][com.java.SeleniumDriver] [  847] - {Data Fields & Data Values Exist}
[INFO ][2015-10-30 17:29:39,980][com.java.SeleniumDriver] [  849] - --------------------------setting values-----------------------------
[INFO ][2015-10-30 17:29:39,980][com.java.SeleniumDriver] [  852] - Action Type : ExecuteTestCase
[INFO ][2015-10-30 17:29:39,980][com.java.TestType] [  411] - The Concept sheet name is ---------- Concept
[INFO ][2015-10-30 17:29:39,980][com.java.TestType] [  414] - The Concept ID  is ---------- 2
[DEBUG][2015-10-30 17:29:39,980][com.java.TestType] [  418] - Steps being executted in the Concept are: 1:2
[INFO ][2015-10-30 17:29:39,980][com.java.TestType] [  425] - Test data details path ---------- D:\BankersDashboard\TestInputs\TestData.xls
[INFO ][2015-10-30 17:29:40,020][com.java.TestType] [  456] -  str(1) = 2
[INFO ][2015-10-30 17:29:40,020][com.java.TestType] [  459] - Test case Id is---2
[INFO ][2015-10-30 17:29:40,020][com.java.TestType] [  461] - 2
[INFO ][2015-10-30 17:29:40,020][com.java.TestType] [  456] -  str(2) = 1
[INFO ][2015-10-30 17:29:40,020][com.java.TestType] [  508] - row values are--------{1=com.java.Objects.TestDataDetails@1055dd0}
[INFO ][2015-10-30 17:29:40,020][com.java.TestType] [  456] -  str(1) = 2
[INFO ][2015-10-30 17:29:40,020][com.java.TestType] [  459] - Test case Id is---2
[INFO ][2015-10-30 17:29:40,020][com.java.TestType] [  461] - 2
[INFO ][2015-10-30 17:29:40,020][com.java.TestType] [  456] -  str(2) = 2
[INFO ][2015-10-30 17:29:40,020][com.java.TestType] [  508] - row values are--------{1=com.java.Objects.TestDataDetails@1055dd0, 2=com.java.Objects.TestDataDetails@e276d9}
[INFO ][2015-10-30 17:29:40,020][com.java.TestType] [  456] -  str(1) = 2
[INFO ][2015-10-30 17:29:40,020][com.java.TestType] [  459] - Test case Id is---2
[INFO ][2015-10-30 17:29:40,020][com.java.TestType] [  461] - 2
[INFO ][2015-10-30 17:29:40,020][com.java.TestType] [  456] -  str(2) = 3
[INFO ][2015-10-30 17:29:40,020][com.java.TestType] [  508] - row values are--------{1=com.java.Objects.TestDataDetails@1055dd0, 2=com.java.Objects.TestDataDetails@e276d9, 3=com.java.Objects.TestDataDetails@cc0289}
[INFO ][2015-10-30 17:29:40,020][com.java.TestType] [ 7898] - Looping 1TCID = 2
[DEBUG][2015-10-30 17:29:40,020][com.java.TestType] [ 7939] - Concept ID:2 :: Step being Executed: 2::1
[INFO ][2015-10-30 17:29:40,020][com.java.TestType] [ 7977] - dataFields : BNK//select[@id='bank']
[DEBUG][2015-10-30 17:29:40,020][com.java.TestType] [ 7983] - <In Set values of the page>
[DEBUG][2015-10-30 17:29:40,020][com.java.TestType] [ 7988] - {Data Fields & Data Values Exist}
[INFO ][2015-10-30 17:29:40,020][com.java.TestType] [ 7994] - --------------------------setting values-----------------------------
[INFO ][2015-10-30 17:29:40,020][com.java.TestType] [ 7997] - Action Type : Select
[INFO ][2015-10-30 17:29:40,020][com.java.TestType] [ 3749] - value = PFC
[INFO ][2015-10-30 17:29:40,210][com.java.TestType] [ 8016] -  RESULT true
[INFO ][2015-10-30 17:29:40,210][com.java.TestType] [ 8133] - ?   P A S S   ?
[DEBUG][2015-10-30 17:29:40,210][com.java.TestType] [ 7939] - Concept ID:2 :: Step being Executed: 2::2
[INFO ][2015-10-30 17:29:40,210][com.java.TestType] [ 7977] - dataFields : LNKLogout
[DEBUG][2015-10-30 17:29:40,210][com.java.TestType] [ 7983] - <In Set values of the page>
[DEBUG][2015-10-30 17:29:40,210][com.java.TestType] [ 7988] - {Data Fields & Data Values Exist}
[INFO ][2015-10-30 17:29:40,210][com.java.TestType] [ 7994] - --------------------------setting values-----------------------------
[INFO ][2015-10-30 17:29:40,210][com.java.TestType] [ 7997] - Action Type : WaitTime
[DEBUG][2015-10-30 17:29:40,210][com.java.TestType] [ 3653] - sleepTime: 5000
[INFO ][2015-10-30 17:29:45,210][com.java.TestType] [ 8016] -  RESULT true
[INFO ][2015-10-30 17:29:45,210][com.java.TestType] [ 8133] - ?   P A S S   ?
[INFO ][2015-10-30 17:29:45,210][com.java.TestType] [ 8204] - Looping End......
[INFO ][2015-10-30 17:29:45,210][com.java.SeleniumDriver] [  861] -  RESULT true
[INFO ][2015-10-30 17:29:45,210][com.java.SeleniumDriver] [ 1066] - ?   P A S S   ?
[INFO ][2015-10-30 17:29:45,210][com.java.SeleniumDriver] [  788] - ------------------------------------------
[INFO ][2015-10-30 17:29:45,210][com.java.SeleniumDriver] [  789] - Test case being Executed: 1
[INFO ][2015-10-30 17:29:45,210][com.java.SeleniumDriver] [  800] - Test step:3
[INFO ][2015-10-30 17:29:45,210][com.java.SeleniumDriver] [  812] - Datavalue is----------2
[INFO ][2015-10-30 17:29:45,210][com.java.SeleniumDriver] [  836] - DataField : XPH//button[contains(text(),'Add Content')]
[INFO ][2015-10-30 17:29:45,210][com.java.SeleniumDriver] [  838] - DataValue : 2
[INFO ][2015-10-30 17:29:45,210][com.java.SeleniumDriver] [  844] - <In Set values of the page>
[INFO ][2015-10-30 17:29:45,210][com.java.SeleniumDriver] [  847] - {Data Fields & Data Values Exist}
[INFO ][2015-10-30 17:29:45,210][com.java.SeleniumDriver] [  849] - --------------------------setting values-----------------------------
[INFO ][2015-10-30 17:29:45,210][com.java.SeleniumDriver] [  852] - Action Type : WAITFORELEMENT
[INFO ][2015-10-30 17:29:45,251][com.java.SeleniumDriver] [  861] -  RESULT true
[INFO ][2015-10-30 17:29:45,251][com.java.SeleniumDriver] [ 1066] - ?   P A S S   ?
[DEBUG][2015-10-30 17:29:45,251][com.java.SeleniumDriver] [ 1168] - Case found
[DEBUG][2015-10-30 17:29:45,251][com.java.SeleniumDriver] [ 1173] - Incrementing ReportCounters[0]:1
[INFO ][2015-10-30 17:29:45,251][com.java.SeleniumDriver] [ 1192] - The results are-------------------[1, 1, Valid Login, Pass, , Fri Oct 30 17:29:39 IST 2015, 1, 2, Valid Login, Pass, , Fri Oct 30 17:29:45 IST 2015, 1, 3, Add Custom Calculation Indicator to Start Page, Pass, , Fri Oct 30 17:29:45 IST 2015]
[INFO ][2015-10-30 17:29:45,251][com.java.SeleniumDriver] [ 1196] - End time is-------56 sec
[INFO ][2015-10-30 17:29:45,251][com.java.SeleniumDriver] [ 1197] - The results are-------------------[1, 1, Valid Login, Pass, , Fri Oct 30 17:29:39 IST 2015, 1, 2, Valid Login, Pass, , Fri Oct 30 17:29:45 IST 2015, 1, 3, Add Custom Calculation Indicator to Start Page, Pass, , Fri Oct 30 17:29:45 IST 2015]
[DEBUG][2015-10-30 17:29:45,251][com.java.ImportnExport.ExportTestResultsExcel] [  222] - testResultPath = D:\BankersDashboard/TestReports/Test Results_BankersDashBoard_103015_172850_IE11_Simmons First National Bank.xls
[DEBUG][2015-10-30 17:29:45,251][com.java.ImportnExport.ExportTestResultsExcel] [  223] - browser is------------IE11
[DEBUG][2015-10-30 17:29:45,291][com.java.ImportnExport.ExportTestResultsExcel] [  270] - result.size() = 18
[DEBUG][2015-10-30 17:29:45,291][com.java.ImportnExport.ExportTestResultsExcel] [  274] - No of rows in sheet=1
[DEBUG][2015-10-30 17:29:45,291][com.java.ImportnExport.ExportTestResultsExcel] [  301] - ..in export..1
[DEBUG][2015-10-30 17:29:45,291][com.java.ImportnExport.ExportTestResultsExcel] [  301] - ..in export..Valid Login
[DEBUG][2015-10-30 17:29:45,291][com.java.ImportnExport.ExportTestResultsExcel] [  301] - ..in export..Pass
[DEBUG][2015-10-30 17:29:45,291][com.java.ImportnExport.ExportTestResultsExcel] [  301] - ..in export..
[DEBUG][2015-10-30 17:29:45,291][com.java.ImportnExport.ExportTestResultsExcel] [  301] - ..in export..Fri Oct 30 17:29:39 IST 2015
[INFO ][2015-10-30 17:29:45,291][com.java.SeleniumDriver] [ 1255] - out loop:0 size:5 TestCases:[1, 11, 14, 10, 7] testcases:[1, 11, 14, 10, 7]
[INFO ][2015-10-30 17:29:45,291][com.java.ImportnExport.ImportTestDataDetailsExcel] [   49] - test data details path===== D:\BankersDashboard\TestInputs\TestData.xls
[INFO ][2015-10-30 17:30:33,247][com.java.SeleniumDriver] [  788] - ------------------------------------------
[INFO ][2015-10-30 17:30:33,247][com.java.SeleniumDriver] [  789] - Test case being Executed: 11
[INFO ][2015-10-30 17:30:33,247][com.java.SeleniumDriver] [  800] - Test step:1
[INFO ][2015-10-30 17:30:33,247][com.java.SeleniumDriver] [  812] - Datavalue is----------2
[INFO ][2015-10-30 17:30:33,247][com.java.SeleniumDriver] [  836] - DataField : XPH//button[contains(text(),'Add Content')]
[INFO ][2015-10-30 17:30:33,247][com.java.SeleniumDriver] [  838] - DataValue : 2
[INFO ][2015-10-30 17:30:33,247][com.java.SeleniumDriver] [  844] - <In Set values of the page>
[INFO ][2015-10-30 17:30:33,247][com.java.SeleniumDriver] [  847] - {Data Fields & Data Values Exist}
[INFO ][2015-10-30 17:30:33,247][com.java.SeleniumDriver] [  849] - --------------------------setting values-----------------------------
[INFO ][2015-10-30 17:30:33,247][com.java.SeleniumDriver] [  852] - Action Type : WAITFORELEMENT
[INFO ][2015-10-30 17:30:33,278][com.java.SeleniumDriver] [  861] -  RESULT true
[INFO ][2015-10-30 17:30:33,278][com.java.SeleniumDriver] [ 1066] - ?   P A S S   ?
[INFO ][2015-10-30 17:30:33,278][com.java.SeleniumDriver] [  788] - ------------------------------------------
[INFO ][2015-10-30 17:30:33,278][com.java.SeleniumDriver] [  789] - Test case being Executed: 11
[INFO ][2015-10-30 17:30:33,278][com.java.SeleniumDriver] [  800] - Test step:2
[INFO ][2015-10-30 17:30:33,278][com.java.SeleniumDriver] [  812] - Datavalue is----------null
[DEBUG][2015-10-30 17:30:33,278][com.java.SeleniumDriver] [  830] - Exception: null
[INFO ][2015-10-30 17:30:33,278][com.java.SeleniumDriver] [  836] - DataField : XPH//button[contains(text(),'Add Content')]
[INFO ][2015-10-30 17:30:33,278][com.java.SeleniumDriver] [  838] - DataValue : 
[INFO ][2015-10-30 17:30:33,278][com.java.SeleniumDriver] [  844] - <In Set values of the page>
[INFO ][2015-10-30 17:30:33,278][com.java.SeleniumDriver] [  847] - {Data Fields & Data Values Exist}
[INFO ][2015-10-30 17:30:33,278][com.java.SeleniumDriver] [  849] - --------------------------setting values-----------------------------
[INFO ][2015-10-30 17:30:33,278][com.java.SeleniumDriver] [  852] - Action Type : CLICK
[INFO ][2015-10-30 17:30:33,278][com.java.TestType] [ 4062] - Field ::XPH//button[contains(text(),'Add Content')]
[INFO ][2015-10-30 17:30:34,280][com.java.TestType] [ 4121] - BEFORE CLICK
[INFO ][2015-10-30 17:30:45,875][com.java.TestType] [ 4129] - Unable to click the object Add Content button
[INFO ][2015-10-30 17:30:45,875][com.java.SeleniumDriver] [  861] -  RESULT true
[INFO ][2015-10-30 17:30:45,875][com.java.SeleniumDriver] [ 1066] - ?   P A S S   ?
[INFO ][2015-10-30 17:30:45,875][com.java.SeleniumDriver] [  788] - ------------------------------------------
[INFO ][2015-10-30 17:30:45,875][com.java.SeleniumDriver] [  789] - Test case being Executed: 11
[INFO ][2015-10-30 17:30:45,875][com.java.SeleniumDriver] [  800] - Test step:3
[INFO ][2015-10-30 17:30:45,875][com.java.SeleniumDriver] [  812] - Datavalue is----------3
[INFO ][2015-10-30 17:30:45,875][com.java.SeleniumDriver] [  836] - DataField : BTNbdDialog
[INFO ][2015-10-30 17:30:45,875][com.java.SeleniumDriver] [  838] - DataValue : 3
[INFO ][2015-10-30 17:30:45,875][com.java.SeleniumDriver] [  844] - <In Set values of the page>
[INFO ][2015-10-30 17:30:45,875][com.java.SeleniumDriver] [  847] - {Data Fields & Data Values Exist}
[INFO ][2015-10-30 17:30:45,875][com.java.SeleniumDriver] [  849] - --------------------------setting values-----------------------------
[INFO ][2015-10-30 17:30:45,875][com.java.SeleniumDriver] [  852] - Action Type : WAITFORELEMENT
[INFO ][2015-10-30 17:30:47,098][com.java.SeleniumDriver] [  861] -  RESULT true
[INFO ][2015-10-30 17:30:47,098][com.java.SeleniumDriver] [ 1066] - ?   P A S S   ?
[INFO ][2015-10-30 17:30:47,098][com.java.SeleniumDriver] [  788] - ------------------------------------------
[INFO ][2015-10-30 17:30:47,098][com.java.SeleniumDriver] [  789] - Test case being Executed: 11
[INFO ][2015-10-30 17:30:47,098][com.java.SeleniumDriver] [  800] - Test step:4
[INFO ][2015-10-30 17:30:47,098][com.java.SeleniumDriver] [  812] - Datavalue is----------My Dashboard Modules
[INFO ][2015-10-30 17:30:47,098][com.java.SeleniumDriver] [  836] - DataField : XPH//span[contains(text(),'My Dashboard Modules')]
[INFO ][2015-10-30 17:30:47,098][com.java.SeleniumDriver] [  838] - DataValue : My Dashboard Modules
[INFO ][2015-10-30 17:30:47,098][com.java.SeleniumDriver] [  844] - <In Set values of the page>
[INFO ][2015-10-30 17:30:47,098][com.java.SeleniumDriver] [  847] - {Data Fields & Data Values Exist}
[INFO ][2015-10-30 17:30:47,098][com.java.SeleniumDriver] [  849] - --------------------------setting values-----------------------------
[INFO ][2015-10-30 17:30:47,098][com.java.SeleniumDriver] [  852] - Action Type : VERIFY
[INFO ][2015-10-30 17:30:47,098][com.java.TestType] [ 4875] - field= XPH//span[contains(text(),'My Dashboard Modules')] value= My Dashboard Modules
[INFO ][2015-10-30 17:30:47,098][com.java.TestType] [ 3749] - value = My Dashboard Modules
[INFO ][2015-10-30 17:30:47,209][com.java.SeleniumDriver] [  861] -  RESULT true
[INFO ][2015-10-30 17:30:47,209][com.java.SeleniumDriver] [ 1066] - ?   P A S S   ?
[INFO ][2015-10-30 17:30:47,209][com.java.SeleniumDriver] [  788] - ------------------------------------------
[INFO ][2015-10-30 17:30:47,209][com.java.SeleniumDriver] [  789] - Test case being Executed: 11
[INFO ][2015-10-30 17:30:47,209][com.java.SeleniumDriver] [  800] - Test step:5
[INFO ][2015-10-30 17:30:47,209][com.java.SeleniumDriver] [  812] - Datavalue is----------frameDialogContent
[INFO ][2015-10-30 17:30:47,209][com.java.SeleniumDriver] [  836] - DataField : BTN
[INFO ][2015-10-30 17:30:47,209][com.java.SeleniumDriver] [  838] - DataValue : frameDialogContent
[INFO ][2015-10-30 17:30:47,209][com.java.SeleniumDriver] [  844] - <In Set values of the page>
[INFO ][2015-10-30 17:30:47,209][com.java.SeleniumDriver] [  847] - {Data Fields & Data Values Exist}
[INFO ][2015-10-30 17:30:47,209][com.java.SeleniumDriver] [  849] - --------------------------setting values-----------------------------
[INFO ][2015-10-30 17:30:47,209][com.java.SeleniumDriver] [  852] - Action Type : SELECTFRAMEBYNAME
[INFO ][2015-10-30 17:30:47,209][com.java.TestType] [ 3749] - value = frameDialogContent
[INFO ][2015-10-30 17:30:47,279][com.java.SeleniumDriver] [  861] -  RESULT true
[INFO ][2015-10-30 17:30:47,279][com.java.SeleniumDriver] [ 1066] - ?   P A S S   ?
[INFO ][2015-10-30 17:30:47,279][com.java.SeleniumDriver] [  788] - ------------------------------------------
[INFO ][2015-10-30 17:30:47,279][com.java.SeleniumDriver] [  789] - Test case being Executed: 11
[INFO ][2015-10-30 17:30:47,279][com.java.SeleniumDriver] [  800] - Test step:6
[INFO ][2015-10-30 17:30:47,279][com.java.SeleniumDriver] [  812] - Datavalue is----------null
[DEBUG][2015-10-30 17:30:47,279][com.java.SeleniumDriver] [  830] - Exception: null
[INFO ][2015-10-30 17:30:47,279][com.java.SeleniumDriver] [  836] - DataField : BTNmoduleType2
[INFO ][2015-10-30 17:30:47,279][com.java.SeleniumDriver] [  838] - DataValue : 
[INFO ][2015-10-30 17:30:47,279][com.java.SeleniumDriver] [  844] - <In Set values of the page>
[INFO ][2015-10-30 17:30:47,279][com.java.SeleniumDriver] [  847] - {Data Fields & Data Values Exist}
[INFO ][2015-10-30 17:30:47,279][com.java.SeleniumDriver] [  849] - --------------------------setting values-----------------------------
[INFO ][2015-10-30 17:30:47,279][com.java.SeleniumDriver] [  852] - Action Type : CLICK
[INFO ][2015-10-30 17:30:47,279][com.java.TestType] [ 4062] - Field ::BTNmoduleType2
[INFO ][2015-10-30 17:30:48,279][com.java.TestType] [ 4100] - BEFORE CLICK
[INFO ][2015-10-30 17:30:49,454][com.java.TestType] [ 4107] - Unable to click the object I  want to add a custom dashboard indicator. Radio button
[INFO ][2015-10-30 17:30:49,454][com.java.SeleniumDriver] [  861] -  RESULT true
[INFO ][2015-10-30 17:30:49,454][com.java.SeleniumDriver] [ 1066] - ?   P A S S   ?
[INFO ][2015-10-30 17:30:49,454][com.java.SeleniumDriver] [  788] - ------------------------------------------
[INFO ][2015-10-30 17:30:49,454][com.java.SeleniumDriver] [  789] - Test case being Executed: 11
[INFO ][2015-10-30 17:30:49,455][com.java.SeleniumDriver] [  800] - Test step:7
[INFO ][2015-10-30 17:30:49,455][com.java.SeleniumDriver] [  812] - Datavalue is----------null
[DEBUG][2015-10-30 17:30:49,455][com.java.SeleniumDriver] [  830] - Exception: null
[INFO ][2015-10-30 17:30:49,455][com.java.SeleniumDriver] [  836] - DataField : BTNnextButton
[INFO ][2015-10-30 17:30:49,455][com.java.SeleniumDriver] [  838] - DataValue : 
[INFO ][2015-10-30 17:30:49,455][com.java.SeleniumDriver] [  844] - <In Set values of the page>
[INFO ][2015-10-30 17:30:49,455][com.java.SeleniumDriver] [  847] - {Data Fields & Data Values Exist}
[INFO ][2015-10-30 17:30:49,455][com.java.SeleniumDriver] [  849] - --------------------------setting values-----------------------------
[INFO ][2015-10-30 17:30:49,455][com.java.SeleniumDriver] [  852] - Action Type : CLICK
[INFO ][2015-10-30 17:30:49,455][com.java.TestType] [ 4062] - Field ::BTNnextButton
[INFO ][2015-10-30 17:30:50,480][com.java.TestType] [ 4100] - BEFORE CLICK
[INFO ][2015-10-30 17:30:51,671][com.java.TestType] [ 4107] - Unable to click the object Next button
[INFO ][2015-10-30 17:30:51,671][com.java.SeleniumDriver] [  861] -  RESULT true
[INFO ][2015-10-30 17:30:51,671][com.java.SeleniumDriver] [ 1066] - ?   P A S S   ?
[INFO ][2015-10-30 17:30:51,671][com.java.SeleniumDriver] [  788] - ------------------------------------------
[INFO ][2015-10-30 17:30:51,671][com.java.SeleniumDriver] [  789] - Test case being Executed: 11
[INFO ][2015-10-30 17:30:51,671][com.java.SeleniumDriver] [  800] - Test step:8
[INFO ][2015-10-30 17:30:51,671][com.java.SeleniumDriver] [  812] - Datavalue is----------3
[INFO ][2015-10-30 17:30:51,671][com.java.SeleniumDriver] [  836] - DataField : XPH//td[@class='dlg_Label']
[INFO ][2015-10-30 17:30:51,671][com.java.SeleniumDriver] [  838] - DataValue : 3
[INFO ][2015-10-30 17:30:51,671][com.java.SeleniumDriver] [  844] - <In Set values of the page>
[INFO ][2015-10-30 17:30:51,671][com.java.SeleniumDriver] [  847] - {Data Fields & Data Values Exist}
[INFO ][2015-10-30 17:30:51,671][com.java.SeleniumDriver] [  849] - --------------------------setting values-----------------------------
[INFO ][2015-10-30 17:30:51,671][com.java.SeleniumDriver] [  852] - Action Type : WAITFORELEMENT
[INFO ][2015-10-30 17:30:51,711][com.java.SeleniumDriver] [  861] -  RESULT true
[INFO ][2015-10-30 17:30:51,711][com.java.SeleniumDriver] [ 1066] - ?   P A S S   ?
[INFO ][2015-10-30 17:30:51,711][com.java.SeleniumDriver] [  788] - ------------------------------------------
[INFO ][2015-10-30 17:30:51,711][com.java.SeleniumDriver] [  789] - Test case being Executed: 11
[INFO ][2015-10-30 17:30:51,711][com.java.SeleniumDriver] [  800] - Test step:9
[INFO ][2015-10-30 17:30:51,711][com.java.SeleniumDriver] [  812] - Datavalue is----------I want to monitor:
[INFO ][2015-10-30 17:30:51,711][com.java.SeleniumDriver] [  836] - DataField : XPH//td[@class='dlg_Label']
[INFO ][2015-10-30 17:30:51,711][com.java.SeleniumDriver] [  838] - DataValue : I want to monitor:
[INFO ][2015-10-30 17:30:51,711][com.java.SeleniumDriver] [  844] - <In Set values of the page>
[INFO ][2015-10-30 17:30:51,711][com.java.SeleniumDriver] [  847] - {Data Fields & Data Values Exist}
[INFO ][2015-10-30 17:30:51,711][com.java.SeleniumDriver] [  849] - --------------------------setting values-----------------------------
[INFO ][2015-10-30 17:30:51,711][com.java.SeleniumDriver] [  852] - Action Type : VERIFY
[INFO ][2015-10-30 17:30:51,711][com.java.TestType] [ 4875] - field= XPH//td[@class='dlg_Label'] value= I want to monitor:
[INFO ][2015-10-30 17:30:51,711][com.java.TestType] [ 3749] - value = I want to monitor:
[INFO ][2015-10-30 17:30:51,801][com.java.SeleniumDriver] [  861] -  RESULT true
[INFO ][2015-10-30 17:30:51,801][com.java.SeleniumDriver] [ 1066] - ?   P A S S   ?
[INFO ][2015-10-30 17:30:51,801][com.java.SeleniumDriver] [  788] - ------------------------------------------
[INFO ][2015-10-30 17:30:51,801][com.java.SeleniumDriver] [  789] - Test case being Executed: 11
[INFO ][2015-10-30 17:30:51,801][com.java.SeleniumDriver] [  800] - Test step:10
[INFO ][2015-10-30 17:30:51,801][com.java.SeleniumDriver] [  812] - Datavalue is----------null
[DEBUG][2015-10-30 17:30:51,801][com.java.SeleniumDriver] [  830] - Exception: null
[INFO ][2015-10-30 17:30:51,801][com.java.SeleniumDriver] [  836] - DataField : BTNmonitorType5
[INFO ][2015-10-30 17:30:51,801][com.java.SeleniumDriver] [  838] - DataValue : 
[INFO ][2015-10-30 17:30:51,801][com.java.SeleniumDriver] [  844] - <In Set values of the page>
[INFO ][2015-10-30 17:30:51,801][com.java.SeleniumDriver] [  847] - {Data Fields & Data Values Exist}
[INFO ][2015-10-30 17:30:51,801][com.java.SeleniumDriver] [  849] - --------------------------setting values-----------------------------
[INFO ][2015-10-30 17:30:51,801][com.java.SeleniumDriver] [  852] - Action Type : CLICK
[INFO ][2015-10-30 17:30:51,801][com.java.TestType] [ 4062] - Field ::BTNmonitorType5
[INFO ][2015-10-30 17:30:52,801][com.java.TestType] [ 4100] - BEFORE CLICK
[INFO ][2015-10-30 17:30:53,962][com.java.TestType] [ 4107] - Unable to click the object Custom Calculations radio button
[INFO ][2015-10-30 17:30:53,962][com.java.SeleniumDriver] [  861] -  RESULT true
[INFO ][2015-10-30 17:30:53,962][com.java.SeleniumDriver] [ 1066] - ?   P A S S   ?
[INFO ][2015-10-30 17:30:53,962][com.java.SeleniumDriver] [  788] - ------------------------------------------
[INFO ][2015-10-30 17:30:53,962][com.java.SeleniumDriver] [  789] - Test case being Executed: 11
[INFO ][2015-10-30 17:30:53,962][com.java.SeleniumDriver] [  800] - Test step:11
[INFO ][2015-10-30 17:30:53,962][com.java.SeleniumDriver] [  812] - Datavalue is----------null
[DEBUG][2015-10-30 17:30:53,962][com.java.SeleniumDriver] [  830] - Exception: null
[INFO ][2015-10-30 17:30:53,962][com.java.SeleniumDriver] [  836] - DataField : BTNnextButton
[INFO ][2015-10-30 17:30:53,962][com.java.SeleniumDriver] [  838] - DataValue : 
[INFO ][2015-10-30 17:30:53,962][com.java.SeleniumDriver] [  844] - <In Set values of the page>
[INFO ][2015-10-30 17:30:53,962][com.java.SeleniumDriver] [  847] - {Data Fields & Data Values Exist}
[INFO ][2015-10-30 17:30:53,962][com.java.SeleniumDriver] [  849] - --------------------------setting values-----------------------------
[INFO ][2015-10-30 17:30:53,962][com.java.SeleniumDriver] [  852] - Action Type : CLICK
[INFO ][2015-10-30 17:30:53,962][com.java.TestType] [ 4062] - Field ::BTNnextButton
[INFO ][2015-10-30 17:30:54,970][com.java.TestType] [ 4100] - BEFORE CLICK
[INFO ][2015-10-30 17:30:56,591][com.java.TestType] [ 4107] - Unable to click the object Next button
[INFO ][2015-10-30 17:30:56,591][com.java.SeleniumDriver] [  861] -  RESULT true
[INFO ][2015-10-30 17:30:56,591][com.java.SeleniumDriver] [ 1066] - ?   P A S S   ?
[INFO ][2015-10-30 17:30:56,591][com.java.SeleniumDriver] [  788] - ------------------------------------------
[INFO ][2015-10-30 17:30:56,591][com.java.SeleniumDriver] [  789] - Test case being Executed: 11
[INFO ][2015-10-30 17:30:56,591][com.java.SeleniumDriver] [  800] - Test step:12
[INFO ][2015-10-30 17:30:56,591][com.java.SeleniumDriver] [  812] - Datavalue is----------4
[INFO ][2015-10-30 17:30:56,591][com.java.SeleniumDriver] [  836] - DataField : BTNtitle
[INFO ][2015-10-30 17:30:56,591][com.java.SeleniumDriver] [  838] - DataValue : 4
[INFO ][2015-10-30 17:30:56,591][com.java.SeleniumDriver] [  844] - <In Set values of the page>
[INFO ][2015-10-30 17:30:56,591][com.java.SeleniumDriver] [  847] - {Data Fields & Data Values Exist}
[INFO ][2015-10-30 17:30:56,591][com.java.SeleniumDriver] [  849] - --------------------------setting values-----------------------------
[INFO ][2015-10-30 17:30:56,591][com.java.SeleniumDriver] [  852] - Action Type : WAITFORELEMENT
[INFO ][2015-10-30 17:30:57,641][com.java.SeleniumDriver] [  861] -  RESULT true
[INFO ][2015-10-30 17:30:57,641][com.java.SeleniumDriver] [ 1066] - ?   P A S S   ?
[INFO ][2015-10-30 17:30:57,641][com.java.SeleniumDriver] [  788] - ------------------------------------------
[INFO ][2015-10-30 17:30:57,641][com.java.SeleniumDriver] [  789] - Test case being Executed: 11
[INFO ][2015-10-30 17:30:57,641][com.java.SeleniumDriver] [  800] - Test step:13
[INFO ][2015-10-30 17:30:57,641][com.java.SeleniumDriver] [  812] - Datavalue is----------Testing#1
[INFO ][2015-10-30 17:30:57,641][com.java.SeleniumDriver] [  836] - DataField : TXTtitle
[INFO ][2015-10-30 17:30:57,641][com.java.SeleniumDriver] [  838] - DataValue : Testing#1
[INFO ][2015-10-30 17:30:57,641][com.java.SeleniumDriver] [  844] - <In Set values of the page>
[INFO ][2015-10-30 17:30:57,641][com.java.SeleniumDriver] [  847] - {Data Fields & Data Values Exist}
[INFO ][2015-10-30 17:30:57,641][com.java.SeleniumDriver] [  849] - --------------------------setting values-----------------------------
[INFO ][2015-10-30 17:30:57,641][com.java.SeleniumDriver] [  852] - Action Type : CLEARANDENTER
[INFO ][2015-10-30 17:30:57,641][com.java.TestType] [ 3749] - value = Testing#1
[INFO ][2015-10-30 17:31:00,267][com.java.SeleniumDriver] [  861] -  RESULT true
[INFO ][2015-10-30 17:31:00,267][com.java.SeleniumDriver] [ 1066] - ?   P A S S   ?
[INFO ][2015-10-30 17:31:00,267][com.java.SeleniumDriver] [  788] - ------------------------------------------
[INFO ][2015-10-30 17:31:00,267][com.java.SeleniumDriver] [  789] - Test case being Executed: 11
[INFO ][2015-10-30 17:31:00,267][com.java.SeleniumDriver] [  800] - Test step:14
[INFO ][2015-10-30 17:31:00,267][com.java.SeleniumDriver] [  812] - Datavalue is----------index:1
[INFO ][2015-10-30 17:31:00,267][com.java.SeleniumDriver] [  836] - DataField : COBprofitCenter
[INFO ][2015-10-30 17:31:00,267][com.java.SeleniumDriver] [  838] - DataValue : index:1
[INFO ][2015-10-30 17:31:00,267][com.java.SeleniumDriver] [  844] - <In Set values of the page>
[INFO ][2015-10-30 17:31:00,267][com.java.SeleniumDriver] [  847] - {Data Fields & Data Values Exist}
[INFO ][2015-10-30 17:31:00,267][com.java.SeleniumDriver] [  849] - --------------------------setting values-----------------------------
[INFO ][2015-10-30 17:31:00,267][com.java.SeleniumDriver] [  852] - Action Type : SELECT
[INFO ][2015-10-30 17:31:00,267][com.java.TestType] [ 3749] - value = 1
[INFO ][2015-10-30 17:31:01,368][com.java.TestType] [ 3867] -  In COB profitCenter : 1
[INFO ][2015-10-30 17:31:03,668][com.java.SeleniumDriver] [  861] -  RESULT true
[INFO ][2015-10-30 17:31:03,668][com.java.SeleniumDriver] [ 1066] - ?   P A S S   ?
[INFO ][2015-10-30 17:31:03,668][com.java.SeleniumDriver] [  788] - ------------------------------------------
[INFO ][2015-10-30 17:31:03,668][com.java.SeleniumDriver] [  789] - Test case being Executed: 11
[INFO ][2015-10-30 17:31:03,668][com.java.SeleniumDriver] [  800] - Test step:15
[INFO ][2015-10-30 17:31:03,668][com.java.SeleniumDriver] [  812] - Datavalue is----------index:0
[INFO ][2015-10-30 17:31:03,668][com.java.SeleniumDriver] [  836] - DataField : COBgroup
[INFO ][2015-10-30 17:31:03,668][com.java.SeleniumDriver] [  838] - DataValue : index:0
[INFO ][2015-10-30 17:31:03,668][com.java.SeleniumDriver] [  844] - <In Set values of the page>
[INFO ][2015-10-30 17:31:03,668][com.java.SeleniumDriver] [  847] - {Data Fields & Data Values Exist}
[INFO ][2015-10-30 17:31:03,668][com.java.SeleniumDriver] [  849] - --------------------------setting values-----------------------------
[INFO ][2015-10-30 17:31:03,668][com.java.SeleniumDriver] [  852] - Action Type : SELECT
[INFO ][2015-10-30 17:31:03,668][com.java.TestType] [ 3749] - value = 0
[INFO ][2015-10-30 17:31:04,770][com.java.TestType] [ 3867] -  In COB group : 0
[ERROR][2015-10-30 17:31:05,030][com.java.TestType] [ 3948] - Unable to perform Action Select Cannot locate option with index: 0
For documentation on this error, please visit: http://seleniumhq.org/exceptions/no_such_element.html
Build info: version: '2.48.2', revision: '41bccdd', time: '2015-10-09 19:59:12'
System info: host: 'FVTIII438F1D', ip: '172.17.68.34', os.name: 'Windows 7', os.arch: 'x86', os.version: '6.1', java.version: '1.7.0_55'
Driver info: driver.version: SeleniumDriver
[INFO ][2015-10-30 17:31:05,030][com.java.SeleniumDriver] [  861] -  RESULT false
[INFO ][2015-10-30 17:31:05,030][com.java.SeleniumDriver] [  908] - ?   F A I L   ?
[INFO ][2015-10-30 17:31:05,030][com.java.SeleniumDriver] [  916] - Browser Type : IE11
[INFO ][2015-10-30 17:31:05,030][com.java.SeleniumDriver] [  917] - Adding Failed case11
[INFO ][2015-10-30 17:31:05,954][com.java.SeleniumDriver] [ 1030] - failedCases = 11
[ERROR][2015-10-30 17:31:05,954][com.java.SeleniumDriver] [ 1516] - Platform Errors : Our apologies...::We have encountered an issue with your request.::Our apologies?:We encountered an issue with your request.
[INFO ][2015-10-30 17:31:05,954][com.java.SeleniumDriver] [ 1520] - Length =3
[ERROR][2015-10-30 17:31:05,954][com.java.SeleniumDriver] [ 1523] - Error 0 = Our apologies...
[ERROR][2015-10-30 17:31:06,015][com.java.SeleniumDriver] [ 1523] - Error 1 = We have encountered an issue with your request.
[ERROR][2015-10-30 17:31:06,055][com.java.SeleniumDriver] [ 1523] - Error 2 = Our apologies?:We encountered an issue with your request.
[DEBUG][2015-10-30 17:31:06,095][com.java.SeleniumDriver] [ 1168] - Case found
[DEBUG][2015-10-30 17:31:06,095][com.java.SeleniumDriver] [ 1173] - Incrementing ReportCounters[0]:2
[INFO ][2015-10-30 17:31:06,095][com.java.SeleniumDriver] [ 1192] - The results are-------------------[11, 15, Add Custom Calculation Indicator to Start Page, Fail, 
Test case failed at Step No. :: 15   Error Message ::  Option ::0:: not found in Combo box :: group. Screen Shot : D:\BankersDashboard\TestReports\103015\11_103015_173105_IE11.png, Fri Oct 30 17:31:06 IST 2015]
[INFO ][2015-10-30 17:31:06,095][com.java.SeleniumDriver] [ 1196] - End time is-------2 min 17 sec
[INFO ][2015-10-30 17:31:06,095][com.java.SeleniumDriver] [ 1197] - The results are-------------------[11, 15, Add Custom Calculation Indicator to Start Page, Fail, 
Test case failed at Step No. :: 15   Error Message ::  Option ::0:: not found in Combo box :: group. Screen Shot : D:\BankersDashboard\TestReports\103015\11_103015_173105_IE11.png, Fri Oct 30 17:31:06 IST 2015]
[DEBUG][2015-10-30 17:31:06,095][com.java.ImportnExport.ExportTestResultsExcel] [  222] - testResultPath = D:\BankersDashboard/TestReports/Test Results_BankersDashBoard_103015_172850_IE11_Simmons First National Bank.xls
[DEBUG][2015-10-30 17:31:06,095][com.java.ImportnExport.ExportTestResultsExcel] [  223] - browser is------------IE11
[DEBUG][2015-10-30 17:31:06,095][com.java.ImportnExport.ExportTestResultsExcel] [  270] - result.size() = 6
[DEBUG][2015-10-30 17:31:06,095][com.java.ImportnExport.ExportTestResultsExcel] [  274] - No of rows in sheet=2
[DEBUG][2015-10-30 17:31:06,095][com.java.ImportnExport.ExportTestResultsExcel] [  301] - ..in export..11
[DEBUG][2015-10-30 17:31:06,095][com.java.ImportnExport.ExportTestResultsExcel] [  301] - ..in export..Add Custom Calculation Indicator to Start Page
[DEBUG][2015-10-30 17:31:06,095][com.java.ImportnExport.ExportTestResultsExcel] [  301] - ..in export..Fail
[DEBUG][2015-10-30 17:31:06,095][com.java.ImportnExport.ExportTestResultsExcel] [  301] - ..in export..
Test case failed at Step No. :: 15   Error Message ::  Option ::0:: not found in Combo box :: group. Screen Shot : D:\BankersDashboard\TestReports\103015\11_103015_173105_IE11.png
[DEBUG][2015-10-30 17:31:06,095][com.java.ImportnExport.ExportTestResultsExcel] [  301] - ..in export..Fri Oct 30 17:31:06 IST 2015
[INFO ][2015-10-30 17:31:06,095][com.java.SeleniumDriver] [ 1255] - out loop:1 size:5 TestCases:[1, 11, 14, 10, 7] testcases:[1, 11, 14, 10, 7]
[INFO ][2015-10-30 17:31:06,095][com.java.ImportnExport.ImportTestDataDetailsExcel] [   49] - test data details path===== D:\BankersDashboard\TestInputs\TestData.xls
[INFO ][2015-10-30 17:31:40,940][com.java.SeleniumDriver] [  788] - ------------------------------------------
[INFO ][2015-10-30 17:31:40,940][com.java.SeleniumDriver] [  789] - Test case being Executed: 14
[INFO ][2015-10-30 17:31:40,940][com.java.SeleniumDriver] [  800] - Test step:1
[INFO ][2015-10-30 17:31:40,940][com.java.SeleniumDriver] [  812] - Datavalue is----------Logout
[INFO ][2015-10-30 17:31:40,940][com.java.SeleniumDriver] [  836] - DataField : BTN
[INFO ][2015-10-30 17:31:40,940][com.java.SeleniumDriver] [  838] - DataValue : Logout
[INFO ][2015-10-30 17:31:40,940][com.java.SeleniumDriver] [  844] - <In Set values of the page>
[INFO ][2015-10-30 17:31:40,940][com.java.SeleniumDriver] [  847] - {Data Fields & Data Values Exist}
[INFO ][2015-10-30 17:31:40,940][com.java.SeleniumDriver] [  849] - --------------------------setting values-----------------------------
[INFO ][2015-10-30 17:31:40,940][com.java.SeleniumDriver] [  852] - Action Type : Verify
[INFO ][2015-10-30 17:31:40,940][com.java.TestType] [ 4875] - field= BTN value= Logout
[INFO ][2015-10-30 17:31:40,940][com.java.TestType] [ 3749] - value = Logout
[INFO ][2015-10-30 17:31:40,981][com.java.SeleniumDriver] [  861] -  RESULT true
[INFO ][2015-10-30 17:31:40,981][com.java.SeleniumDriver] [ 1066] - ?   P A S S   ?
[INFO ][2015-10-30 17:31:40,981][com.java.SeleniumDriver] [ 1108] - step change to 3
[INFO ][2015-10-30 17:31:40,981][com.java.SeleniumDriver] [  788] - ------------------------------------------
[INFO ][2015-10-30 17:31:40,981][com.java.SeleniumDriver] [  789] - Test case being Executed: 14
[INFO ][2015-10-30 17:31:40,981][com.java.SeleniumDriver] [  800] - Test step:3
[INFO ][2015-10-30 17:31:40,981][com.java.SeleniumDriver] [  812] - Datavalue is----------2
[INFO ][2015-10-30 17:31:40,981][com.java.SeleniumDriver] [  836] - DataField : BTNG/L
[INFO ][2015-10-30 17:31:40,981][com.java.SeleniumDriver] [  838] - DataValue : 2
[INFO ][2015-10-30 17:31:40,981][com.java.SeleniumDriver] [  844] - <In Set values of the page>
[INFO ][2015-10-30 17:31:40,981][com.java.SeleniumDriver] [  847] - {Data Fields & Data Values Exist}
[INFO ][2015-10-30 17:31:40,981][com.java.SeleniumDriver] [  849] - --------------------------setting values-----------------------------
[INFO ][2015-10-30 17:31:40,981][com.java.SeleniumDriver] [  852] - Action Type : WAITFORELEMENT
[INFO ][2015-10-30 17:31:41,031][com.java.SeleniumDriver] [  861] -  RESULT true
[INFO ][2015-10-30 17:31:41,031][com.java.SeleniumDriver] [ 1066] - ?   P A S S   ?
[INFO ][2015-10-30 17:31:41,031][com.java.SeleniumDriver] [  788] - ------------------------------------------
[INFO ][2015-10-30 17:31:41,031][com.java.SeleniumDriver] [  789] - Test case being Executed: 14
[INFO ][2015-10-30 17:31:41,031][com.java.SeleniumDriver] [  800] - Test step:4
[INFO ][2015-10-30 17:31:41,031][com.java.SeleniumDriver] [  812] - Datavalue is----------CNS
[INFO ][2015-10-30 17:31:41,031][com.java.SeleniumDriver] [  836] - DataField : BNK//select[@id='bank']
[INFO ][2015-10-30 17:31:41,031][com.java.SeleniumDriver] [  838] - DataValue : CNS
[INFO ][2015-10-30 17:31:41,031][com.java.SeleniumDriver] [  844] - <In Set values of the page>
[INFO ][2015-10-30 17:31:41,031][com.java.SeleniumDriver] [  847] - {Data Fields & Data Values Exist}
[INFO ][2015-10-30 17:31:41,031][com.java.SeleniumDriver] [  849] - --------------------------setting values-----------------------------
[INFO ][2015-10-30 17:31:41,031][com.java.SeleniumDriver] [  852] - Action Type : SELECT
[INFO ][2015-10-30 17:31:41,031][com.java.TestType] [ 3749] - value = CNS
[INFO ][2015-10-30 17:31:41,701][com.java.SeleniumDriver] [  861] -  RESULT false
[INFO ][2015-10-30 17:31:41,701][com.java.SeleniumDriver] [  908] - ?   F A I L   ?
[INFO ][2015-10-30 17:31:41,701][com.java.SeleniumDriver] [  916] - Browser Type : IE11
[INFO ][2015-10-30 17:31:41,701][com.java.SeleniumDriver] [  917] - Adding Failed case14
[INFO ][2015-10-30 17:31:42,342][com.java.SeleniumDriver] [ 1030] - failedCases = 11,14
[ERROR][2015-10-30 17:31:42,342][com.java.SeleniumDriver] [ 1516] - Platform Errors : Our apologies...::We have encountered an issue with your request.::Our apologies?:We encountered an issue with your request.
[INFO ][2015-10-30 17:31:42,342][com.java.SeleniumDriver] [ 1520] - Length =3
[ERROR][2015-10-30 17:31:42,342][com.java.SeleniumDriver] [ 1523] - Error 0 = Our apologies...
[ERROR][2015-10-30 17:31:42,383][com.java.SeleniumDriver] [ 1523] - Error 1 = We have encountered an issue with your request.
[ERROR][2015-10-30 17:31:42,413][com.java.SeleniumDriver] [ 1523] - Error 2 = Our apologies?:We encountered an issue with your request.
[DEBUG][2015-10-30 17:31:42,463][com.java.SeleniumDriver] [ 1168] - Case found
[DEBUG][2015-10-30 17:31:42,463][com.java.SeleniumDriver] [ 1173] - Incrementing ReportCounters[0]:3
[INFO ][2015-10-30 17:31:42,463][com.java.SeleniumDriver] [ 1192] - The results are-------------------[14, 4, GL: Balance Sheet: Balance Sheet Report: Eliminations Negative Test, Fail, 
Test case failed at Step No. :: 4   Error Message ::  Failed to select item: Simmons First National corp(SFNC)/SFNB Consolidated from //select[@id='bank']. Screen Shot : D:\BankersDashboard\TestReports\103015\14_103015_173141_IE11.png, Fri Oct 30 17:31:42 IST 2015]
[INFO ][2015-10-30 17:31:42,463][com.java.SeleniumDriver] [ 1196] - End time is-------2 min 53 sec
[INFO ][2015-10-30 17:31:42,463][com.java.SeleniumDriver] [ 1197] - The results are-------------------[14, 4, GL: Balance Sheet: Balance Sheet Report: Eliminations Negative Test, Fail, 
Test case failed at Step No. :: 4   Error Message ::  Failed to select item: Simmons First National corp(SFNC)/SFNB Consolidated from //select[@id='bank']. Screen Shot : D:\BankersDashboard\TestReports\103015\14_103015_173141_IE11.png, Fri Oct 30 17:31:42 IST 2015]
[DEBUG][2015-10-30 17:31:42,463][com.java.ImportnExport.ExportTestResultsExcel] [  222] - testResultPath = D:\BankersDashboard/TestReports/Test Results_BankersDashBoard_103015_172850_IE11_Simmons First National Bank.xls
[DEBUG][2015-10-30 17:31:42,463][com.java.ImportnExport.ExportTestResultsExcel] [  223] - browser is------------IE11
[DEBUG][2015-10-30 17:31:42,463][com.java.ImportnExport.ExportTestResultsExcel] [  270] - result.size() = 6
[DEBUG][2015-10-30 17:31:42,463][com.java.ImportnExport.ExportTestResultsExcel] [  274] - No of rows in sheet=3
[DEBUG][2015-10-30 17:31:42,463][com.java.ImportnExport.ExportTestResultsExcel] [  301] - ..in export..14
[DEBUG][2015-10-30 17:31:42,463][com.java.ImportnExport.ExportTestResultsExcel] [  301] - ..in export..GL: Balance Sheet: Balance Sheet Report: Eliminations Negative Test
[DEBUG][2015-10-30 17:31:42,463][com.java.ImportnExport.ExportTestResultsExcel] [  301] - ..in export..Fail
[DEBUG][2015-10-30 17:31:42,463][com.java.ImportnExport.ExportTestResultsExcel] [  301] - ..in export..
Test case failed at Step No. :: 4   Error Message ::  Failed to select item: Simmons First National corp(SFNC)/SFNB Consolidated from //select[@id='bank']. Screen Shot : D:\BankersDashboard\TestReports\103015\14_103015_173141_IE11.png
[DEBUG][2015-10-30 17:31:42,463][com.java.ImportnExport.ExportTestResultsExcel] [  301] - ..in export..Fri Oct 30 17:31:42 IST 2015
[INFO ][2015-10-30 17:31:42,463][com.java.SeleniumDriver] [ 1255] - out loop:2 size:5 TestCases:[1, 11, 14, 10, 7] testcases:[1, 11, 14, 10, 7]
[INFO ][2015-10-30 17:31:42,463][com.java.ImportnExport.ImportTestDataDetailsExcel] [   49] - test data details path===== D:\BankersDashboard\TestInputs\TestData.xls
[INFO ][2015-10-30 17:32:37,479][com.java.SeleniumDriver] [  788] - ------------------------------------------
[INFO ][2015-10-30 17:32:37,479][com.java.SeleniumDriver] [  789] - Test case being Executed: 10
[INFO ][2015-10-30 17:32:37,479][com.java.SeleniumDriver] [  800] - Test step:1
[INFO ][2015-10-30 17:32:37,479][com.java.SeleniumDriver] [  812] - Datavalue is----------Logout
[INFO ][2015-10-30 17:32:37,479][com.java.SeleniumDriver] [  836] - DataField : BTN
[INFO ][2015-10-30 17:32:37,479][com.java.SeleniumDriver] [  838] - DataValue : Logout
[INFO ][2015-10-30 17:32:37,479][com.java.SeleniumDriver] [  844] - <In Set values of the page>
[INFO ][2015-10-30 17:32:37,479][com.java.SeleniumDriver] [  847] - {Data Fields & Data Values Exist}
[INFO ][2015-10-30 17:32:37,479][com.java.SeleniumDriver] [  849] - --------------------------setting values-----------------------------
[INFO ][2015-10-30 17:32:37,479][com.java.SeleniumDriver] [  852] - Action Type : Verify
[INFO ][2015-10-30 17:32:37,479][com.java.TestType] [ 4875] - field= BTN value= Logout
[INFO ][2015-10-30 17:32:37,479][com.java.TestType] [ 3749] - value = Logout
[INFO ][2015-10-30 17:32:37,510][com.java.SeleniumDriver] [  861] -  RESULT true
[INFO ][2015-10-30 17:32:37,510][com.java.SeleniumDriver] [ 1066] - ?   P A S S   ?
[INFO ][2015-10-30 17:32:37,510][com.java.SeleniumDriver] [ 1108] - step change to 3
[INFO ][2015-10-30 17:32:37,510][com.java.SeleniumDriver] [  788] - ------------------------------------------
[INFO ][2015-10-30 17:32:37,510][com.java.SeleniumDriver] [  789] - Test case being Executed: 10
[INFO ][2015-10-30 17:32:37,510][com.java.SeleniumDriver] [  800] - Test step:3
[INFO ][2015-10-30 17:32:37,510][com.java.SeleniumDriver] [  812] - Datavalue is----------null
[DEBUG][2015-10-30 17:32:37,510][com.java.SeleniumDriver] [  830] - Exception: null
[INFO ][2015-10-30 17:32:37,510][com.java.SeleniumDriver] [  836] - DataField : //span[@class='icon-user4']&&Users&&Manage Users
[INFO ][2015-10-30 17:32:37,510][com.java.SeleniumDriver] [  838] - DataValue : 
[INFO ][2015-10-30 17:32:37,510][com.java.SeleniumDriver] [  844] - <In Set values of the page>
[INFO ][2015-10-30 17:32:37,510][com.java.SeleniumDriver] [  847] - {Data Fields & Data Values Exist}
[INFO ][2015-10-30 17:32:37,510][com.java.SeleniumDriver] [  849] - --------------------------setting values-----------------------------
[INFO ][2015-10-30 17:32:37,510][com.java.SeleniumDriver] [  852] - Action Type : MouseOver
[INFO ][2015-10-30 17:32:57,823][com.java.SeleniumDriver] [  861] -  RESULT true
[INFO ][2015-10-30 17:32:57,823][com.java.SeleniumDriver] [ 1066] - ?   P A S S   ?
[INFO ][2015-10-30 17:32:57,823][com.java.SeleniumDriver] [  788] - ------------------------------------------
[INFO ][2015-10-30 17:32:57,823][com.java.SeleniumDriver] [  789] - Test case being Executed: 10
[INFO ][2015-10-30 17:32:57,823][com.java.SeleniumDriver] [  800] - Test step:4
[INFO ][2015-10-30 17:32:57,823][com.java.SeleniumDriver] [  812] - Datavalue is----------1
[INFO ][2015-10-30 17:32:57,823][com.java.SeleniumDriver] [  836] - DataField : BTNframeDialogContent
[INFO ][2015-10-30 17:32:57,823][com.java.SeleniumDriver] [  838] - DataValue : 1
[INFO ][2015-10-30 17:32:57,823][com.java.SeleniumDriver] [  844] - <In Set values of the page>
[INFO ][2015-10-30 17:32:57,823][com.java.SeleniumDriver] [  847] - {Data Fields & Data Values Exist}
[INFO ][2015-10-30 17:32:57,823][com.java.SeleniumDriver] [  849] - --------------------------setting values-----------------------------
[INFO ][2015-10-30 17:32:57,823][com.java.SeleniumDriver] [  852] - Action Type : WaitForElement
[INFO ][2015-10-30 17:32:59,044][com.java.SeleniumDriver] [  861] -  RESULT true
[INFO ][2015-10-30 17:32:59,044][com.java.SeleniumDriver] [ 1066] - ?   P A S S   ?
[INFO ][2015-10-30 17:32:59,044][com.java.SeleniumDriver] [  788] - ------------------------------------------
[INFO ][2015-10-30 17:32:59,044][com.java.SeleniumDriver] [  789] - Test case being Executed: 10
[INFO ][2015-10-30 17:32:59,044][com.java.SeleniumDriver] [  800] - Test step:5
[INFO ][2015-10-30 17:32:59,044][com.java.SeleniumDriver] [  812] - Datavalue is----------null
[DEBUG][2015-10-30 17:32:59,044][com.java.SeleniumDriver] [  830] - Exception: null
[INFO ][2015-10-30 17:32:59,044][com.java.SeleniumDriver] [  836] - DataField : BTNframeDialogContent
[INFO ][2015-10-30 17:32:59,044][com.java.SeleniumDriver] [  838] - DataValue : 
[INFO ][2015-10-30 17:32:59,044][com.java.SeleniumDriver] [  844] - <In Set values of the page>
[INFO ][2015-10-30 17:32:59,044][com.java.SeleniumDriver] [  847] - {Data Fields & Data Values Exist}
[INFO ][2015-10-30 17:32:59,044][com.java.SeleniumDriver] [  849] - --------------------------setting values-----------------------------
[INFO ][2015-10-30 17:32:59,044][com.java.SeleniumDriver] [  852] - Action Type : SelectFrame
[INFO ][2015-10-30 17:33:00,296][com.java.SeleniumDriver] [  861] -  RESULT true
[INFO ][2015-10-30 17:33:00,296][com.java.SeleniumDriver] [ 1066] - ?   P A S S   ?
[INFO ][2015-10-30 17:33:00,296][com.java.SeleniumDriver] [  788] - ------------------------------------------
[INFO ][2015-10-30 17:33:00,296][com.java.SeleniumDriver] [  789] - Test case being Executed: 10
[INFO ][2015-10-30 17:33:00,296][com.java.SeleniumDriver] [  800] - Test step:6
[INFO ][2015-10-30 17:33:00,296][com.java.SeleniumDriver] [  812] - Datavalue is----------1
[INFO ][2015-10-30 17:33:00,296][com.java.SeleniumDriver] [  836] - DataField : BTNbtnAddUser
[INFO ][2015-10-30 17:33:00,296][com.java.SeleniumDriver] [  838] - DataValue : 1
[INFO ][2015-10-30 17:33:00,296][com.java.SeleniumDriver] [  844] - <In Set values of the page>
[INFO ][2015-10-30 17:33:00,296][com.java.SeleniumDriver] [  847] - {Data Fields & Data Values Exist}
[INFO ][2015-10-30 17:33:00,296][com.java.SeleniumDriver] [  849] - --------------------------setting values-----------------------------
[INFO ][2015-10-30 17:33:00,296][com.java.SeleniumDriver] [  852] - Action Type : WaitForElement
[INFO ][2015-10-30 17:33:02,142][com.java.SeleniumDriver] [  861] -  RESULT true
[INFO ][2015-10-30 17:33:02,142][com.java.SeleniumDriver] [ 1066] - ?   P A S S   ?
[INFO ][2015-10-30 17:33:02,142][com.java.SeleniumDriver] [  788] - ------------------------------------------
[INFO ][2015-10-30 17:33:02,142][com.java.SeleniumDriver] [  789] - Test case being Executed: 10
[INFO ][2015-10-30 17:33:02,142][com.java.SeleniumDriver] [  800] - Test step:7
[INFO ][2015-10-30 17:33:02,142][com.java.SeleniumDriver] [  812] - Datavalue is----------null
[DEBUG][2015-10-30 17:33:02,142][com.java.SeleniumDriver] [  830] - Exception: null
[INFO ][2015-10-30 17:33:02,142][com.java.SeleniumDriver] [  836] - DataField : BTNbtnAddUser
[INFO ][2015-10-30 17:33:02,142][com.java.SeleniumDriver] [  838] - DataValue : 
[INFO ][2015-10-30 17:33:02,142][com.java.SeleniumDriver] [  844] - <In Set values of the page>
[INFO ][2015-10-30 17:33:02,142][com.java.SeleniumDriver] [  847] - {Data Fields & Data Values Exist}
[INFO ][2015-10-30 17:33:02,142][com.java.SeleniumDriver] [  849] - --------------------------setting values-----------------------------
[INFO ][2015-10-30 17:33:02,142][com.java.SeleniumDriver] [  852] - Action Type : Click
[INFO ][2015-10-30 17:33:02,142][com.java.TestType] [ 4062] - Field ::BTNbtnAddUser
[INFO ][2015-10-30 17:33:03,143][com.java.TestType] [ 4100] - BEFORE CLICK
[INFO ][2015-10-30 17:33:05,135][com.java.TestType] [ 4107] - Unable to click the object Add user button
[INFO ][2015-10-30 17:33:05,135][com.java.SeleniumDriver] [  861] -  RESULT true
[INFO ][2015-10-30 17:33:05,135][com.java.SeleniumDriver] [ 1066] - ?   P A S S   ?
[INFO ][2015-10-30 17:33:05,135][com.java.SeleniumDriver] [  788] - ------------------------------------------
[INFO ][2015-10-30 17:33:05,135][com.java.SeleniumDriver] [  789] - Test case being Executed: 10
[INFO ][2015-10-30 17:33:05,135][com.java.SeleniumDriver] [  800] - Test step:8
[INFO ][2015-10-30 17:33:05,135][com.java.SeleniumDriver] [  812] - Datavalue is----------1
[INFO ][2015-10-30 17:33:05,135][com.java.SeleniumDriver] [  836] - DataField : BTNtxtUserName
[INFO ][2015-10-30 17:33:05,135][com.java.SeleniumDriver] [  838] - DataValue : 1
[INFO ][2015-10-30 17:33:05,135][com.java.SeleniumDriver] [  844] - <In Set values of the page>
[INFO ][2015-10-30 17:33:05,135][com.java.SeleniumDriver] [  847] - {Data Fields & Data Values Exist}
[INFO ][2015-10-30 17:33:05,135][com.java.SeleniumDriver] [  849] - --------------------------setting values-----------------------------
[INFO ][2015-10-30 17:33:05,135][com.java.SeleniumDriver] [  852] - Action Type : WaitForElement
[INFO ][2015-10-30 17:33:06,315][com.java.SeleniumDriver] [  861] -  RESULT true
[INFO ][2015-10-30 17:33:06,315][com.java.SeleniumDriver] [ 1066] - ?   P A S S   ?
[INFO ][2015-10-30 17:33:06,315][com.java.SeleniumDriver] [  788] - ------------------------------------------
[INFO ][2015-10-30 17:33:06,315][com.java.SeleniumDriver] [  789] - Test case being Executed: 10
[INFO ][2015-10-30 17:33:06,315][com.java.SeleniumDriver] [  800] - Test step:9
[INFO ][2015-10-30 17:33:06,315][com.java.SeleniumDriver] [  812] - Datavalue is----------dt:NewUserName
[INFO ][2015-10-30 17:33:06,315][com.java.SeleniumDriver] [  836] - DataField : TXTtxtUserName
[INFO ][2015-10-30 17:33:06,315][com.java.SeleniumDriver] [  838] - DataValue : dt:NewUserName
[INFO ][2015-10-30 17:33:06,315][com.java.SeleniumDriver] [  844] - <In Set values of the page>
[INFO ][2015-10-30 17:33:06,315][com.java.SeleniumDriver] [  847] - {Data Fields & Data Values Exist}
[INFO ][2015-10-30 17:33:06,315][com.java.SeleniumDriver] [  849] - --------------------------setting values-----------------------------
[INFO ][2015-10-30 17:33:06,315][com.java.SeleniumDriver] [  852] - Action Type : Enter
[INFO ][2015-10-30 17:33:06,315][com.java.TestType] [ 4382] - field = txtUserName
[INFO ][2015-10-30 17:33:06,315][com.java.TestType] [ 3749] - value = vltest.robot
[INFO ][2015-10-30 17:33:17,062][com.java.SeleniumDriver] [  861] -  RESULT true
[INFO ][2015-10-30 17:33:17,062][com.java.SeleniumDriver] [ 1066] - ?   P A S S   ?
[INFO ][2015-10-30 17:33:17,062][com.java.SeleniumDriver] [  788] - ------------------------------------------
[INFO ][2015-10-30 17:33:17,062][com.java.SeleniumDriver] [  789] - Test case being Executed: 10
[INFO ][2015-10-30 17:33:17,062][com.java.SeleniumDriver] [  800] - Test step:10
[INFO ][2015-10-30 17:33:17,062][com.java.SeleniumDriver] [  812] - Datavalue is----------VLTest
[INFO ][2015-10-30 17:33:17,062][com.java.SeleniumDriver] [  836] - DataField : TXTtxtFirstName
[INFO ][2015-10-30 17:33:17,062][com.java.SeleniumDriver] [  838] - DataValue : VLTest
[INFO ][2015-10-30 17:33:17,062][com.java.SeleniumDriver] [  844] - <In Set values of the page>
[INFO ][2015-10-30 17:33:17,062][com.java.SeleniumDriver] [  847] - {Data Fields & Data Values Exist}
[INFO ][2015-10-30 17:33:17,062][com.java.SeleniumDriver] [  849] - --------------------------setting values-----------------------------
[INFO ][2015-10-30 17:33:17,062][com.java.SeleniumDriver] [  852] - Action Type : Enter
[INFO ][2015-10-30 17:33:17,062][com.java.TestType] [ 4382] - field = txtFirstName
[INFO ][2015-10-30 17:33:17,062][com.java.TestType] [ 3749] - value = VLTest
[INFO ][2015-10-30 17:33:20,504][com.java.SeleniumDriver] [  861] -  RESULT true
[INFO ][2015-10-30 17:33:20,504][com.java.SeleniumDriver] [ 1066] - ?   P A S S   ?
[INFO ][2015-10-30 17:33:20,504][com.java.SeleniumDriver] [  788] - ------------------------------------------
[INFO ][2015-10-30 17:33:20,504][com.java.SeleniumDriver] [  789] - Test case being Executed: 10
[INFO ][2015-10-30 17:33:20,504][com.java.SeleniumDriver] [  800] - Test step:11
[INFO ][2015-10-30 17:33:20,504][com.java.SeleniumDriver] [  812] - Datavalue is----------Robot
[INFO ][2015-10-30 17:33:20,504][com.java.SeleniumDriver] [  836] - DataField : TXTtxtLastName
[INFO ][2015-10-30 17:33:20,504][com.java.SeleniumDriver] [  838] - DataValue : Robot
[INFO ][2015-10-30 17:33:20,504][com.java.SeleniumDriver] [  844] - <In Set values of the page>
[INFO ][2015-10-30 17:33:20,504][com.java.SeleniumDriver] [  847] - {Data Fields & Data Values Exist}
[INFO ][2015-10-30 17:33:20,504][com.java.SeleniumDriver] [  849] - --------------------------setting values-----------------------------
[INFO ][2015-10-30 17:33:20,504][com.java.SeleniumDriver] [  852] - Action Type : Enter
[INFO ][2015-10-30 17:33:20,504][com.java.TestType] [ 4382] - field = txtLastName
[INFO ][2015-10-30 17:33:20,504][com.java.TestType] [ 3749] - value = Robot
[INFO ][2015-10-30 17:33:23,721][com.java.SeleniumDriver] [  861] -  RESULT true
[INFO ][2015-10-30 17:33:23,721][com.java.SeleniumDriver] [ 1066] - ?   P A S S   ?
[INFO ][2015-10-30 17:33:23,721][com.java.SeleniumDriver] [  788] - ------------------------------------------
[INFO ][2015-10-30 17:33:23,721][com.java.SeleniumDriver] [  789] - Test case being Executed: 10
[INFO ][2015-10-30 17:33:23,721][com.java.SeleniumDriver] [  800] - Test step:12
[INFO ][2015-10-30 17:33:23,721][com.java.SeleniumDriver] [  812] - Datavalue is----------ValueLabs
[INFO ][2015-10-30 17:33:23,721][com.java.SeleniumDriver] [  836] - DataField : TXTtxtCompany
[INFO ][2015-10-30 17:33:23,721][com.java.SeleniumDriver] [  838] - DataValue : ValueLabs
[INFO ][2015-10-30 17:33:23,721][com.java.SeleniumDriver] [  844] - <In Set values of the page>
[INFO ][2015-10-30 17:33:23,721][com.java.SeleniumDriver] [  847] - {Data Fields & Data Values Exist}
[INFO ][2015-10-30 17:33:23,721][com.java.SeleniumDriver] [  849] - --------------------------setting values-----------------------------
[INFO ][2015-10-30 17:33:23,721][com.java.SeleniumDriver] [  852] - Action Type : Enter
[INFO ][2015-10-30 17:33:23,721][com.java.TestType] [ 4382] - field = txtCompany
[INFO ][2015-10-30 17:33:23,721][com.java.TestType] [ 3749] - value = ValueLabs
[INFO ][2015-10-30 17:33:27,073][com.java.SeleniumDriver] [  861] -  RESULT true
[INFO ][2015-10-30 17:33:27,073][com.java.SeleniumDriver] [ 1066] - ?   P A S S   ?
[INFO ][2015-10-30 17:33:27,073][com.java.SeleniumDriver] [  788] - ------------------------------------------
[INFO ][2015-10-30 17:33:27,073][com.java.SeleniumDriver] [  789] - Test case being Executed: 10
[INFO ][2015-10-30 17:33:27,073][com.java.SeleniumDriver] [  800] - Test step:13
[INFO ][2015-10-30 17:33:27,073][com.java.SeleniumDriver] [  812] - Datavalue is----------India
[INFO ][2015-10-30 17:33:27,073][com.java.SeleniumDriver] [  836] - DataField : TXTtxtLocation
[INFO ][2015-10-30 17:33:27,073][com.java.SeleniumDriver] [  838] - DataValue : India
[INFO ][2015-10-30 17:33:27,073][com.java.SeleniumDriver] [  844] - <In Set values of the page>
[INFO ][2015-10-30 17:33:27,073][com.java.SeleniumDriver] [  847] - {Data Fields & Data Values Exist}
[INFO ][2015-10-30 17:33:27,073][com.java.SeleniumDriver] [  849] - --------------------------setting values-----------------------------
[INFO ][2015-10-30 17:33:27,073][com.java.SeleniumDriver] [  852] - Action Type : Enter
[INFO ][2015-10-30 17:33:27,073][com.java.TestType] [ 4382] - field = txtLocation
[INFO ][2015-10-30 17:33:27,073][com.java.TestType] [ 3749] - value = India
[INFO ][2015-10-30 17:33:30,302][com.java.SeleniumDriver] [  861] -  RESULT true
[INFO ][2015-10-30 17:33:30,302][com.java.SeleniumDriver] [ 1066] - ?   P A S S   ?
[INFO ][2015-10-30 17:33:30,302][com.java.SeleniumDriver] [  788] - ------------------------------------------
[INFO ][2015-10-30 17:33:30,302][com.java.SeleniumDriver] [  789] - Test case being Executed: 10
[INFO ][2015-10-30 17:33:30,302][com.java.SeleniumDriver] [  800] - Test step:14
[INFO ][2015-10-30 17:33:30,302][com.java.SeleniumDriver] [  812] - Datavalue is----------vltest.robot@valuelabs.com
[INFO ][2015-10-30 17:33:30,302][com.java.SeleniumDriver] [  836] - DataField : TXTtxtEMail
[INFO ][2015-10-30 17:33:30,302][com.java.SeleniumDriver] [  838] - DataValue : vltest.robot@valuelabs.com
[INFO ][2015-10-30 17:33:30,302][com.java.SeleniumDriver] [  844] - <In Set values of the page>
[INFO ][2015-10-30 17:33:30,302][com.java.SeleniumDriver] [  847] - {Data Fields & Data Values Exist}
[INFO ][2015-10-30 17:33:30,302][com.java.SeleniumDriver] [  849] - --------------------------setting values-----------------------------
[INFO ][2015-10-30 17:33:30,302][com.java.SeleniumDriver] [  852] - Action Type : Enter
[INFO ][2015-10-30 17:33:30,302][com.java.TestType] [ 4382] - field = txtEMail
[INFO ][2015-10-30 17:33:30,302][com.java.TestType] [ 3749] - value = vltest.robot@valuelabs.com
[INFO ][2015-10-30 17:33:33,735][com.java.SeleniumDriver] [  861] -  RESULT true
[INFO ][2015-10-30 17:33:33,735][com.java.SeleniumDriver] [ 1066] - ?   P A S S   ?
[INFO ][2015-10-30 17:33:33,735][com.java.SeleniumDriver] [  788] - ------------------------------------------
[INFO ][2015-10-30 17:33:33,735][com.java.SeleniumDriver] [  789] - Test case being Executed: 10
[INFO ][2015-10-30 17:33:33,735][com.java.SeleniumDriver] [  800] - Test step:15
[INFO ][2015-10-30 17:33:33,735][com.java.SeleniumDriver] [  812] - Datavalue is----------12345678901
[INFO ][2015-10-30 17:33:33,735][com.java.SeleniumDriver] [  836] - DataField : TXTtxtPhone
[INFO ][2015-10-30 17:33:33,735][com.java.SeleniumDriver] [  838] - DataValue : 12345678901
[INFO ][2015-10-30 17:33:33,735][com.java.SeleniumDriver] [  844] - <In Set values of the page>
[INFO ][2015-10-30 17:33:33,735][com.java.SeleniumDriver] [  847] - {Data Fields & Data Values Exist}
[INFO ][2015-10-30 17:33:33,735][com.java.SeleniumDriver] [  849] - --------------------------setting values-----------------------------
[INFO ][2015-10-30 17:33:33,735][com.java.SeleniumDriver] [  852] - Action Type : Enter
[INFO ][2015-10-30 17:33:33,735][com.java.TestType] [ 4382] - field = txtPhone
[INFO ][2015-10-30 17:33:33,735][com.java.TestType] [ 3749] - value = 12345678901
[INFO ][2015-10-30 17:33:36,898][com.java.SeleniumDriver] [  861] -  RESULT true
[INFO ][2015-10-30 17:33:36,898][com.java.SeleniumDriver] [ 1066] - ?   P A S S   ?
[INFO ][2015-10-30 17:33:36,898][com.java.SeleniumDriver] [  788] - ------------------------------------------
[INFO ][2015-10-30 17:33:36,898][com.java.SeleniumDriver] [  789] - Test case being Executed: 10
[INFO ][2015-10-30 17:33:36,898][com.java.SeleniumDriver] [  800] - Test step:16
[INFO ][2015-10-30 17:33:36,898][com.java.SeleniumDriver] [  812] - Datavalue is----------dt:NewUserPswd
[INFO ][2015-10-30 17:33:36,898][com.java.SeleniumDriver] [  836] - DataField : TXTtxtPassword
[INFO ][2015-10-30 17:33:36,898][com.java.SeleniumDriver] [  838] - DataValue : dt:NewUserPswd
[INFO ][2015-10-30 17:33:36,898][com.java.SeleniumDriver] [  844] - <In Set values of the page>
[INFO ][2015-10-30 17:33:36,898][com.java.SeleniumDriver] [  847] - {Data Fields & Data Values Exist}
[INFO ][2015-10-30 17:33:36,898][com.java.SeleniumDriver] [  849] - --------------------------setting values-----------------------------
[INFO ][2015-10-30 17:33:36,898][com.java.SeleniumDriver] [  852] - Action Type : Enter
[INFO ][2015-10-30 17:33:36,898][com.java.TestType] [ 4382] - field = txtPassword
[INFO ][2015-10-30 17:33:36,898][com.java.TestType] [ 3749] - value = Password1*
[INFO ][2015-10-30 17:33:40,250][com.java.SeleniumDriver] [  861] -  RESULT true
[INFO ][2015-10-30 17:33:40,250][com.java.SeleniumDriver] [ 1066] - ?   P A S S   ?
[INFO ][2015-10-30 17:33:40,250][com.java.SeleniumDriver] [  788] - ------------------------------------------
[INFO ][2015-10-30 17:33:40,250][com.java.SeleniumDriver] [  789] - Test case being Executed: 10
[INFO ][2015-10-30 17:33:40,250][com.java.SeleniumDriver] [  800] - Test step:17
[INFO ][2015-10-30 17:33:40,250][com.java.SeleniumDriver] [  812] - Datavalue is----------dt:NewUserPswd
[INFO ][2015-10-30 17:33:40,250][com.java.SeleniumDriver] [  836] - DataField : TXTtxtPasswordConfirm
[INFO ][2015-10-30 17:33:40,250][com.java.SeleniumDriver] [  838] - DataValue : dt:NewUserPswd
[INFO ][2015-10-30 17:33:40,250][com.java.SeleniumDriver] [  844] - <In Set values of the page>
[INFO ][2015-10-30 17:33:40,250][com.java.SeleniumDriver] [  847] - {Data Fields & Data Values Exist}
[INFO ][2015-10-30 17:33:40,250][com.java.SeleniumDriver] [  849] - --------------------------setting values-----------------------------
[INFO ][2015-10-30 17:33:40,250][com.java.SeleniumDriver] [  852] - Action Type : Enter
[INFO ][2015-10-30 17:33:40,250][com.java.TestType] [ 4382] - field = txtPasswordConfirm
[INFO ][2015-10-30 17:33:40,250][com.java.TestType] [ 3749] - value = Password1*
[INFO ][2015-10-30 17:33:43,635][com.java.SeleniumDriver] [  861] -  RESULT true
[INFO ][2015-10-30 17:33:43,635][com.java.SeleniumDriver] [ 1066] - ?   P A S S   ?
[INFO ][2015-10-30 17:33:43,635][com.java.SeleniumDriver] [  788] - ------------------------------------------
[INFO ][2015-10-30 17:33:43,635][com.java.SeleniumDriver] [  789] - Test case being Executed: 10
[INFO ][2015-10-30 17:33:43,635][com.java.SeleniumDriver] [  800] - Test step:18
[INFO ][2015-10-30 17:33:43,635][com.java.SeleniumDriver] [  812] - Datavalue is----------null
[DEBUG][2015-10-30 17:33:43,635][com.java.SeleniumDriver] [  830] - Exception: null
[INFO ][2015-10-30 17:33:43,635][com.java.SeleniumDriver] [  836] - DataField : BTNparent
[INFO ][2015-10-30 17:33:43,635][com.java.SeleniumDriver] [  838] - DataValue : 
[INFO ][2015-10-30 17:33:43,635][com.java.SeleniumDriver] [  844] - <In Set values of the page>
[INFO ][2015-10-30 17:33:43,635][com.java.SeleniumDriver] [  847] - {Data Fields & Data Values Exist}
[INFO ][2015-10-30 17:33:43,635][com.java.SeleniumDriver] [  849] - --------------------------setting values-----------------------------
[INFO ][2015-10-30 17:33:43,635][com.java.SeleniumDriver] [  852] - Action Type : SelectFrame
[INFO ][2015-10-30 17:33:43,645][com.java.SeleniumDriver] [  861] -  RESULT true
[INFO ][2015-10-30 17:33:43,645][com.java.SeleniumDriver] [ 1066] - ?   P A S S   ?
[INFO ][2015-10-30 17:33:43,645][com.java.SeleniumDriver] [  788] - ------------------------------------------
[INFO ][2015-10-30 17:33:43,645][com.java.SeleniumDriver] [  789] - Test case being Executed: 10
[INFO ][2015-10-30 17:33:43,645][com.java.SeleniumDriver] [  800] - Test step:19
[INFO ][2015-10-30 17:33:43,645][com.java.SeleniumDriver] [  812] - Datavalue is----------null
[DEBUG][2015-10-30 17:33:43,645][com.java.SeleniumDriver] [  830] - Exception: null
[INFO ][2015-10-30 17:33:43,645][com.java.SeleniumDriver] [  836] - DataField : XPH//span[contains(text(), 'Finished')]
[INFO ][2015-10-30 17:33:43,645][com.java.SeleniumDriver] [  838] - DataValue : 
[INFO ][2015-10-30 17:33:43,645][com.java.SeleniumDriver] [  844] - <In Set values of the page>
[INFO ][2015-10-30 17:33:43,645][com.java.SeleniumDriver] [  847] - {Data Fields & Data Values Exist}
[INFO ][2015-10-30 17:33:43,645][com.java.SeleniumDriver] [  849] - --------------------------setting values-----------------------------
[INFO ][2015-10-30 17:33:43,645][com.java.SeleniumDriver] [  852] - Action Type : Click
[INFO ][2015-10-30 17:33:43,645][com.java.TestType] [ 4062] - Field ::XPH//span[contains(text(), 'Finished')]
[INFO ][2015-10-30 17:33:44,645][com.java.TestType] [ 4121] - BEFORE CLICK
[INFO ][2015-10-30 17:33:45,505][com.java.TestType] [ 4129] - Unable to click the object Finished button
[INFO ][2015-10-30 17:33:45,505][com.java.SeleniumDriver] [  861] -  RESULT true
[INFO ][2015-10-30 17:33:45,505][com.java.SeleniumDriver] [ 1066] - ?   P A S S   ?
[INFO ][2015-10-30 17:33:45,505][com.java.SeleniumDriver] [  788] - ------------------------------------------
[INFO ][2015-10-30 17:33:45,505][com.java.SeleniumDriver] [  789] - Test case being Executed: 10
[INFO ][2015-10-30 17:33:45,505][com.java.SeleniumDriver] [  800] - Test step:20
[INFO ][2015-10-30 17:33:45,505][com.java.SeleniumDriver] [  812] - Datavalue is----------5
[INFO ][2015-10-30 17:33:45,505][com.java.SeleniumDriver] [  836] - DataField : test
[INFO ][2015-10-30 17:33:45,505][com.java.SeleniumDriver] [  838] - DataValue : 5
[INFO ][2015-10-30 17:33:45,505][com.java.SeleniumDriver] [  844] - <In Set values of the page>
[INFO ][2015-10-30 17:33:45,505][com.java.SeleniumDriver] [  847] - {Data Fields & Data Values Exist}
[INFO ][2015-10-30 17:33:45,505][com.java.SeleniumDriver] [  849] - --------------------------setting values-----------------------------
[INFO ][2015-10-30 17:33:45,505][com.java.SeleniumDriver] [  852] - Action Type : WaitTime
[DEBUG][2015-10-30 17:33:45,505][com.java.TestType] [ 3653] - sleepTime: 5000
[INFO ][2015-10-30 17:33:50,507][com.java.SeleniumDriver] [  861] -  RESULT true
[INFO ][2015-10-30 17:33:50,507][com.java.SeleniumDriver] [ 1066] - ?   P A S S   ?
[INFO ][2015-10-30 17:33:50,507][com.java.SeleniumDriver] [  788] - ------------------------------------------
[INFO ][2015-10-30 17:33:50,507][com.java.SeleniumDriver] [  789] - Test case being Executed: 10
[INFO ][2015-10-30 17:33:50,507][com.java.SeleniumDriver] [  800] - Test step:21
[INFO ][2015-10-30 17:33:50,507][com.java.SeleniumDriver] [  812] - Datavalue is----------null
[DEBUG][2015-10-30 17:33:50,507][com.java.SeleniumDriver] [  830] - Exception: null
[INFO ][2015-10-30 17:33:50,507][com.java.SeleniumDriver] [  836] - DataField : XPH//span[contains(text(), 'Finished')]
[INFO ][2015-10-30 17:33:50,507][com.java.SeleniumDriver] [  838] - DataValue : 
[INFO ][2015-10-30 17:33:50,507][com.java.SeleniumDriver] [  844] - <In Set values of the page>
[INFO ][2015-10-30 17:33:50,507][com.java.SeleniumDriver] [  847] - {Data Fields & Data Values Exist}
[INFO ][2015-10-30 17:33:50,507][com.java.SeleniumDriver] [  849] - --------------------------setting values-----------------------------
[INFO ][2015-10-30 17:33:50,507][com.java.SeleniumDriver] [  852] - Action Type : Click
[INFO ][2015-10-30 17:33:50,507][com.java.TestType] [ 4062] - Field ::XPH//span[contains(text(), 'Finished')]
[INFO ][2015-10-30 17:33:51,509][com.java.TestType] [ 4121] - BEFORE CLICK
[INFO ][2015-10-30 17:33:58,209][com.java.TestType] [ 4129] - Unable to click the object Finished button
[INFO ][2015-10-30 17:33:58,209][com.java.SeleniumDriver] [  861] -  RESULT true
[INFO ][2015-10-30 17:33:58,209][com.java.SeleniumDriver] [ 1066] - ?   P A S S   ?
[INFO ][2015-10-30 17:33:58,209][com.java.SeleniumDriver] [  788] - ------------------------------------------
[INFO ][2015-10-30 17:33:58,209][com.java.SeleniumDriver] [  789] - Test case being Executed: 10
[INFO ][2015-10-30 17:33:58,209][com.java.SeleniumDriver] [  800] - Test step:22
[INFO ][2015-10-30 17:33:58,209][com.java.SeleniumDriver] [  812] - Datavalue is----------1
[INFO ][2015-10-30 17:33:58,209][com.java.SeleniumDriver] [  836] - DataField : BTNframeDialogContent
[INFO ][2015-10-30 17:33:58,209][com.java.SeleniumDriver] [  838] - DataValue : 1
[INFO ][2015-10-30 17:33:58,209][com.java.SeleniumDriver] [  844] - <In Set values of the page>
[INFO ][2015-10-30 17:33:58,209][com.java.SeleniumDriver] [  847] - {Data Fields & Data Values Exist}
[INFO ][2015-10-30 17:33:58,209][com.java.SeleniumDriver] [  849] - --------------------------setting values-----------------------------
[INFO ][2015-10-30 17:33:58,209][com.java.SeleniumDriver] [  852] - Action Type : WaitForElement
[INFO ][2015-10-30 17:33:59,450][com.java.SeleniumDriver] [  861] -  RESULT true
[INFO ][2015-10-30 17:33:59,450][com.java.SeleniumDriver] [ 1066] - ?   P A S S   ?
[INFO ][2015-10-30 17:33:59,450][com.java.SeleniumDriver] [  788] - ------------------------------------------
[INFO ][2015-10-30 17:33:59,450][com.java.SeleniumDriver] [  789] - Test case being Executed: 10
[INFO ][2015-10-30 17:33:59,450][com.java.SeleniumDriver] [  800] - Test step:23
[INFO ][2015-10-30 17:33:59,450][com.java.SeleniumDriver] [  812] - Datavalue is----------null
[DEBUG][2015-10-30 17:33:59,450][com.java.SeleniumDriver] [  830] - Exception: null
[INFO ][2015-10-30 17:33:59,450][com.java.SeleniumDriver] [  836] - DataField : BTNframeDialogContent
[INFO ][2015-10-30 17:33:59,450][com.java.SeleniumDriver] [  838] - DataValue : 
[INFO ][2015-10-30 17:33:59,450][com.java.SeleniumDriver] [  844] - <In Set values of the page>
[INFO ][2015-10-30 17:33:59,450][com.java.SeleniumDriver] [  847] - {Data Fields & Data Values Exist}
[INFO ][2015-10-30 17:33:59,451][com.java.SeleniumDriver] [  849] - --------------------------setting values-----------------------------
[INFO ][2015-10-30 17:33:59,451][com.java.SeleniumDriver] [  852] - Action Type : SelectFrame
[INFO ][2015-10-30 17:34:00,725][com.java.SeleniumDriver] [  861] -  RESULT true
[INFO ][2015-10-30 17:34:00,725][com.java.SeleniumDriver] [ 1066] - ?   P A S S   ?
[INFO ][2015-10-30 17:34:00,725][com.java.SeleniumDriver] [  788] - ------------------------------------------
[INFO ][2015-10-30 17:34:00,725][com.java.SeleniumDriver] [  789] - Test case being Executed: 10
[INFO ][2015-10-30 17:34:00,725][com.java.SeleniumDriver] [  800] - Test step:24
[INFO ][2015-10-30 17:34:00,725][com.java.SeleniumDriver] [  812] - Datavalue is----------dt:NewUserName
[INFO ][2015-10-30 17:34:00,725][com.java.SeleniumDriver] [  836] - DataField : USR
[INFO ][2015-10-30 17:34:00,725][com.java.SeleniumDriver] [  838] - DataValue : dt:NewUserName
[INFO ][2015-10-30 17:34:00,725][com.java.SeleniumDriver] [  844] - <In Set values of the page>
[INFO ][2015-10-30 17:34:00,725][com.java.SeleniumDriver] [  847] - {Data Fields & Data Values Exist}
[INFO ][2015-10-30 17:34:00,725][com.java.SeleniumDriver] [  849] - --------------------------setting values-----------------------------
[INFO ][2015-10-30 17:34:00,726][com.java.SeleniumDriver] [  852] - Action Type : Verify
[INFO ][2015-10-30 17:34:00,726][com.java.TestType] [ 4875] - field= USR value= dt:NewUserName
[INFO ][2015-10-30 17:34:00,727][com.java.TestType] [ 3749] - value = vltest.robot
[INFO ][2015-10-30 17:34:00,835][com.java.SeleniumDriver] [  861] -  RESULT true
[INFO ][2015-10-30 17:34:00,835][com.java.SeleniumDriver] [ 1066] - ?   P A S S   ?
[INFO ][2015-10-30 17:34:00,835][com.java.SeleniumDriver] [  788] - ------------------------------------------
[INFO ][2015-10-30 17:34:00,835][com.java.SeleniumDriver] [  789] - Test case being Executed: 10
[INFO ][2015-10-30 17:34:00,835][com.java.SeleniumDriver] [  800] - Test step:25
[INFO ][2015-10-30 17:34:00,835][com.java.SeleniumDriver] [  812] - Datavalue is----------null
[DEBUG][2015-10-30 17:34:00,835][com.java.SeleniumDriver] [  830] - Exception: null
[INFO ][2015-10-30 17:34:00,835][com.java.SeleniumDriver] [  836] - DataField : BTNparent
[INFO ][2015-10-30 17:34:00,835][com.java.SeleniumDriver] [  838] - DataValue : 
[INFO ][2015-10-30 17:34:00,835][com.java.SeleniumDriver] [  844] - <In Set values of the page>
[INFO ][2015-10-30 17:34:00,835][com.java.SeleniumDriver] [  847] - {Data Fields & Data Values Exist}
[INFO ][2015-10-30 17:34:00,835][com.java.SeleniumDriver] [  849] - --------------------------setting values-----------------------------
[INFO ][2015-10-30 17:34:00,835][com.java.SeleniumDriver] [  852] - Action Type : SelectFrame
[INFO ][2015-10-30 17:34:00,845][com.java.SeleniumDriver] [  861] -  RESULT true
[INFO ][2015-10-30 17:34:00,845][com.java.SeleniumDriver] [ 1066] - ?   P A S S   ?
[INFO ][2015-10-30 17:34:00,845][com.java.SeleniumDriver] [  788] - ------------------------------------------
[INFO ][2015-10-30 17:34:00,845][com.java.SeleniumDriver] [  789] - Test case being Executed: 10
[INFO ][2015-10-30 17:34:00,845][com.java.SeleniumDriver] [  800] - Test step:26
[INFO ][2015-10-30 17:34:00,845][com.java.SeleniumDriver] [  812] - Datavalue is----------null
[DEBUG][2015-10-30 17:34:00,845][com.java.SeleniumDriver] [  830] - Exception: null
[INFO ][2015-10-30 17:34:00,845][com.java.SeleniumDriver] [  836] - DataField : XPH//span[contains(text(), 'Finished')]
[INFO ][2015-10-30 17:34:00,845][com.java.SeleniumDriver] [  838] - DataValue : 
[INFO ][2015-10-30 17:34:00,845][com.java.SeleniumDriver] [  844] - <In Set values of the page>
[INFO ][2015-10-30 17:34:00,845][com.java.SeleniumDriver] [  847] - {Data Fields & Data Values Exist}
[INFO ][2015-10-30 17:34:00,845][com.java.SeleniumDriver] [  849] - --------------------------setting values-----------------------------
[INFO ][2015-10-30 17:34:00,845][com.java.SeleniumDriver] [  852] - Action Type : Click
[INFO ][2015-10-30 17:34:00,845][com.java.TestType] [ 4062] - Field ::XPH//span[contains(text(), 'Finished')]
[INFO ][2015-10-30 17:34:01,845][com.java.TestType] [ 4121] - BEFORE CLICK
[INFO ][2015-10-30 17:34:02,965][com.java.TestType] [ 4129] - Unable to click the object Finished button
[INFO ][2015-10-30 17:34:02,965][com.java.SeleniumDriver] [  861] -  RESULT true
[INFO ][2015-10-30 17:34:02,965][com.java.SeleniumDriver] [ 1066] - ?   P A S S   ?
[INFO ][2015-10-30 17:34:02,965][com.java.SeleniumDriver] [  788] - ------------------------------------------
[INFO ][2015-10-30 17:34:02,965][com.java.SeleniumDriver] [  789] - Test case being Executed: 10
[INFO ][2015-10-30 17:34:02,965][com.java.SeleniumDriver] [  800] - Test step:27
[INFO ][2015-10-30 17:34:02,965][com.java.SeleniumDriver] [  812] - Datavalue is----------Concept#3:1-2
[INFO ][2015-10-30 17:34:02,965][com.java.SeleniumDriver] [  836] - DataField : null
[INFO ][2015-10-30 17:34:02,965][com.java.SeleniumDriver] [  838] - DataValue : Concept#3:1-2
[INFO ][2015-10-30 17:34:02,965][com.java.SeleniumDriver] [  844] - <In Set values of the page>
[INFO ][2015-10-30 17:34:02,965][com.java.SeleniumDriver] [  847] - {Data Fields & Data Values Exist}
[INFO ][2015-10-30 17:34:02,965][com.java.SeleniumDriver] [  849] - --------------------------setting values-----------------------------
[INFO ][2015-10-30 17:34:02,965][com.java.SeleniumDriver] [  852] - Action Type : ExecuteTestCase
[INFO ][2015-10-30 17:34:02,965][com.java.TestType] [  411] - The Concept sheet name is ---------- Concept
[INFO ][2015-10-30 17:34:02,965][com.java.TestType] [  414] - The Concept ID  is ---------- 3
[DEBUG][2015-10-30 17:34:02,965][com.java.TestType] [  418] - Steps being executted in the Concept are: 1:2
[INFO ][2015-10-30 17:34:02,965][com.java.TestType] [  425] - Test data details path ---------- D:\BankersDashboard\TestInputs\TestData.xls
[INFO ][2015-10-30 17:34:02,996][com.java.TestType] [  456] -  str(1) = 3
[INFO ][2015-10-30 17:34:02,996][com.java.TestType] [  459] - Test case Id is---3
[INFO ][2015-10-30 17:34:02,996][com.java.TestType] [  461] - 3
[INFO ][2015-10-30 17:34:02,996][com.java.TestType] [  456] -  str(2) = 1
[INFO ][2015-10-30 17:34:02,996][com.java.TestType] [  508] - row values are--------{1=com.java.Objects.TestDataDetails@1a4af76}
[INFO ][2015-10-30 17:34:02,996][com.java.TestType] [  456] -  str(1) = 3
[INFO ][2015-10-30 17:34:02,996][com.java.TestType] [  459] - Test case Id is---3
[INFO ][2015-10-30 17:34:02,996][com.java.TestType] [  461] - 3
[INFO ][2015-10-30 17:34:02,996][com.java.TestType] [  456] -  str(2) = 2
[INFO ][2015-10-30 17:34:02,996][com.java.TestType] [  508] - row values are--------{1=com.java.Objects.TestDataDetails@1a4af76, 2=com.java.Objects.TestDataDetails@1643630}
[INFO ][2015-10-30 17:34:02,996][com.java.TestType] [ 7898] - Looping 1TCID = 3
[DEBUG][2015-10-30 17:34:02,996][com.java.TestType] [ 7939] - Concept ID:3 :: Step being Executed: 3::1
[INFO ][2015-10-30 17:34:02,996][com.java.TestType] [ 7977] - dataFields : test
[DEBUG][2015-10-30 17:34:02,996][com.java.TestType] [ 7983] - <In Set values of the page>
[DEBUG][2015-10-30 17:34:02,996][com.java.TestType] [ 7988] - {Data Fields & Data Values Exist}
[INFO ][2015-10-30 17:34:02,996][com.java.TestType] [ 7994] - --------------------------setting values-----------------------------
[INFO ][2015-10-30 17:34:02,996][com.java.TestType] [ 7997] - Action Type : Logout
[INFO ][2015-10-30 17:34:05,161][com.java.TestType] [ 4062] - Field ::CNF
[INFO ][2015-10-30 17:34:07,464][com.java.TestType] [ 4117] - Click the object confirmation
[INFO ][2015-10-30 17:34:07,464][com.java.TestType] [ 4118] - Unable to click the object confirmation
[DEBUG][2015-10-30 17:34:07,465][com.java.SeleniumDriver] [  425] - Hub ip address is-------172.17.68.34
[INFO ][2015-10-30 17:34:07,465][com.java.SeleniumDriver] [  451] - Grid URL:http://172.17.68.34:4444/wd/hub
[INFO ][2015-10-30 17:34:07,465][com.java.SeleniumDriver] [  452] - Capability:Capabilities [{platform=ANY, ensureCleanSession=true, ignoreProtectedModeSettings=true, acceptSslCerts=true, ignoreZoomSetting=true, browserName=internet explorer, browserstack.ie.noFlash=true, version=Node1}]
[ERROR][2015-10-30 17:34:08,495][com.java.SeleniumDriver] [  496] - Unable invoke browser in grid:Could not start a new session. Possible causes are invalid address of the remote server or browser start-up failure.
Build info: version: '2.48.2', revision: '41bccdd', time: '2015-10-09 19:59:12'
System info: host: 'FVTIII438F1D', ip: '172.17.68.34', os.name: 'Windows 7', os.arch: 'x86', os.version: '6.1', java.version: '1.7.0_55'
Driver info: driver.version: SeleniumDriver
[INFO ][2015-10-30 17:34:08,495][com.java.SeleniumDriver] [  498] - Executing on local machine
[INFO ][2015-10-30 17:34:17,364][com.java.TestType] [ 8016] -  RESULT true
[INFO ][2015-10-30 17:34:17,364][com.java.TestType] [ 8133] - ?   P A S S   ?
[DEBUG][2015-10-30 17:34:17,364][com.java.TestType] [ 7939] - Concept ID:3 :: Step being Executed: 3::2
[INFO ][2015-10-30 17:34:17,364][com.java.TestType] [ 7977] - dataFields : test
[DEBUG][2015-10-30 17:34:17,364][com.java.TestType] [ 7983] - <In Set values of the page>
[DEBUG][2015-10-30 17:34:17,364][com.java.TestType] [ 7988] - {Data Fields & Data Values Exist}
[INFO ][2015-10-30 17:34:17,364][com.java.TestType] [ 7994] - --------------------------setting values-----------------------------
[INFO ][2015-10-30 17:34:17,364][com.java.TestType] [ 7997] - Action Type : WaitTime
[DEBUG][2015-10-30 17:34:17,364][com.java.TestType] [ 3653] - sleepTime: 2000
[INFO ][2015-10-30 17:34:19,367][com.java.TestType] [ 8016] -  RESULT true
[INFO ][2015-10-30 17:34:19,367][com.java.TestType] [ 8133] - ?   P A S S   ?
[INFO ][2015-10-30 17:34:19,367][com.java.TestType] [ 8204] - Looping End......
[INFO ][2015-10-30 17:34:19,367][com.java.SeleniumDriver] [  861] -  RESULT true
[INFO ][2015-10-30 17:34:19,367][com.java.SeleniumDriver] [ 1066] - ?   P A S S   ?
[INFO ][2015-10-30 17:34:19,367][com.java.SeleniumDriver] [  788] - ------------------------------------------
[INFO ][2015-10-30 17:34:19,367][com.java.SeleniumDriver] [  789] - Test case being Executed: 10
[INFO ][2015-10-30 17:34:19,367][com.java.SeleniumDriver] [  800] - Test step:28
[INFO ][2015-10-30 17:34:19,367][com.java.SeleniumDriver] [  812] - Datavalue is----------Concept#1:1-14
[INFO ][2015-10-30 17:34:19,367][com.java.SeleniumDriver] [  836] - DataField : test
[INFO ][2015-10-30 17:34:19,367][com.java.SeleniumDriver] [  838] - DataValue : Concept#1:1-14
[INFO ][2015-10-30 17:34:19,367][com.java.SeleniumDriver] [  844] - <In Set values of the page>
[INFO ][2015-10-30 17:34:19,367][com.java.SeleniumDriver] [  847] - {Data Fields & Data Values Exist}
[INFO ][2015-10-30 17:34:19,367][com.java.SeleniumDriver] [  849] - --------------------------setting values-----------------------------
[INFO ][2015-10-30 17:34:19,367][com.java.SeleniumDriver] [  852] - Action Type : ExecuteTestCase
[INFO ][2015-10-30 17:34:19,367][com.java.TestType] [  411] - The Concept sheet name is ---------- Concept
[INFO ][2015-10-30 17:34:19,367][com.java.TestType] [  414] - The Concept ID  is ---------- 1
[DEBUG][2015-10-30 17:34:19,367][com.java.TestType] [  418] - Steps being executted in the Concept are: 1:14
[INFO ][2015-10-30 17:34:19,367][com.java.TestType] [  425] - Test data details path ---------- D:\BankersDashboard\TestInputs\TestData.xls
[INFO ][2015-10-30 17:34:19,398][com.java.TestType] [  456] -  str(1) = 1
[INFO ][2015-10-30 17:34:19,398][com.java.TestType] [  459] - Test case Id is---1
[INFO ][2015-10-30 17:34:19,398][com.java.TestType] [  461] - 1
[INFO ][2015-10-30 17:34:19,398][com.java.TestType] [  456] -  str(2) = 1
[INFO ][2015-10-30 17:34:19,408][com.java.TestType] [  508] - row values are--------{1=com.java.Objects.TestDataDetails@10198d5}
[INFO ][2015-10-30 17:34:19,408][com.java.TestType] [  456] -  str(1) = 1
[INFO ][2015-10-30 17:34:19,408][com.java.TestType] [  459] - Test case Id is---1
[INFO ][2015-10-30 17:34:19,408][com.java.TestType] [  461] - 1
[INFO ][2015-10-30 17:34:19,408][com.java.TestType] [  456] -  str(2) = 2
[INFO ][2015-10-30 17:34:19,408][com.java.TestType] [  508] - row values are--------{1=com.java.Objects.TestDataDetails@10198d5, 2=com.java.Objects.TestDataDetails@2fc793}
[INFO ][2015-10-30 17:34:19,408][com.java.TestType] [  456] -  str(1) = 1
[INFO ][2015-10-30 17:34:19,408][com.java.TestType] [  459] - Test case Id is---1
[INFO ][2015-10-30 17:34:19,408][com.java.TestType] [  461] - 1
[INFO ][2015-10-30 17:34:19,408][com.java.TestType] [  456] -  str(2) = 3
[INFO ][2015-10-30 17:34:19,408][com.java.TestType] [  508] - row values are--------{1=com.java.Objects.TestDataDetails@10198d5, 2=com.java.Objects.TestDataDetails@2fc793, 3=com.java.Objects.TestDataDetails@1f93c3c}
[INFO ][2015-10-30 17:34:19,408][com.java.TestType] [  456] -  str(1) = 1
[INFO ][2015-10-30 17:34:19,408][com.java.TestType] [  459] - Test case Id is---1
[INFO ][2015-10-30 17:34:19,408][com.java.TestType] [  461] - 1
[INFO ][2015-10-30 17:34:19,408][com.java.TestType] [  456] -  str(2) = 4
[INFO ][2015-10-30 17:34:19,408][com.java.TestType] [  508] - row values are--------{1=com.java.Objects.TestDataDetails@10198d5, 2=com.java.Objects.TestDataDetails@2fc793, 3=com.java.Objects.TestDataDetails@1f93c3c, 4=com.java.Objects.TestDataDetails@ff6b0d}
[INFO ][2015-10-30 17:34:19,408][com.java.TestType] [  456] -  str(1) = 1
[INFO ][2015-10-30 17:34:19,408][com.java.TestType] [  459] - Test case Id is---1
[INFO ][2015-10-30 17:34:19,408][com.java.TestType] [  461] - 1
[INFO ][2015-10-30 17:34:19,408][com.java.TestType] [  456] -  str(2) = 5
[INFO ][2015-10-30 17:34:19,408][com.java.TestType] [  508] - row values are--------{1=com.java.Objects.TestDataDetails@10198d5, 2=com.java.Objects.TestDataDetails@2fc793, 3=com.java.Objects.TestDataDetails@1f93c3c, 4=com.java.Objects.TestDataDetails@ff6b0d, 5=com.java.Objects.TestDataDetails@5dd7ce}
[INFO ][2015-10-30 17:34:19,408][com.java.TestType] [  456] -  str(1) = 1
[INFO ][2015-10-30 17:34:19,408][com.java.TestType] [  459] - Test case Id is---1
[INFO ][2015-10-30 17:34:19,408][com.java.TestType] [  461] - 1
[INFO ][2015-10-30 17:34:19,408][com.java.TestType] [  456] -  str(2) = 6
[INFO ][2015-10-30 17:34:19,408][com.java.TestType] [  508] - row values are--------{1=com.java.Objects.TestDataDetails@10198d5, 2=com.java.Objects.TestDataDetails@2fc793, 3=com.java.Objects.TestDataDetails@1f93c3c, 4=com.java.Objects.TestDataDetails@ff6b0d, 5=com.java.Objects.TestDataDetails@5dd7ce, 6=com.java.Objects.TestDataDetails@1e07eb3}
[INFO ][2015-10-30 17:34:19,408][com.java.TestType] [  456] -  str(1) = 1
[INFO ][2015-10-30 17:34:19,408][com.java.TestType] [  459] - Test case Id is---1
[INFO ][2015-10-30 17:34:19,408][com.java.TestType] [  461] - 1
[INFO ][2015-10-30 17:34:19,408][com.java.TestType] [  456] -  str(2) = 7
[INFO ][2015-10-30 17:34:19,408][com.java.TestType] [  508] - row values are--------{1=com.java.Objects.TestDataDetails@10198d5, 2=com.java.Objects.TestDataDetails@2fc793, 3=com.java.Objects.TestDataDetails@1f93c3c, 4=com.java.Objects.TestDataDetails@ff6b0d, 5=com.java.Objects.TestDataDetails@5dd7ce, 6=com.java.Objects.TestDataDetails@1e07eb3, 7=com.java.Objects.TestDataDetails@689eb9}
[INFO ][2015-10-30 17:34:19,408][com.java.TestType] [  456] -  str(1) = 1
[INFO ][2015-10-30 17:34:19,408][com.java.TestType] [  459] - Test case Id is---1
[INFO ][2015-10-30 17:34:19,408][com.java.TestType] [  461] - 1
[INFO ][2015-10-30 17:34:19,408][com.java.TestType] [  456] -  str(2) = 8
[INFO ][2015-10-30 17:34:19,408][com.java.TestType] [  508] - row values are--------{1=com.java.Objects.TestDataDetails@10198d5, 2=com.java.Objects.TestDataDetails@2fc793, 3=com.java.Objects.TestDataDetails@1f93c3c, 4=com.java.Objects.TestDataDetails@ff6b0d, 5=com.java.Objects.TestDataDetails@5dd7ce, 6=com.java.Objects.TestDataDetails@1e07eb3, 7=com.java.Objects.TestDataDetails@689eb9, 8=com.java.Objects.TestDataDetails@1164deb}
[INFO ][2015-10-30 17:34:19,408][com.java.TestType] [  456] -  str(1) = 1
[INFO ][2015-10-30 17:34:19,408][com.java.TestType] [  459] - Test case Id is---1
[INFO ][2015-10-30 17:34:19,408][com.java.TestType] [  461] - 1
[INFO ][2015-10-30 17:34:19,408][com.java.TestType] [  456] -  str(2) = 9
[INFO ][2015-10-30 17:34:19,408][com.java.TestType] [  508] - row values are--------{1=com.java.Objects.TestDataDetails@10198d5, 2=com.java.Objects.TestDataDetails@2fc793, 3=com.java.Objects.TestDataDetails@1f93c3c, 4=com.java.Objects.TestDataDetails@ff6b0d, 5=com.java.Objects.TestDataDetails@5dd7ce, 6=com.java.Objects.TestDataDetails@1e07eb3, 7=com.java.Objects.TestDataDetails@689eb9, 8=com.java.Objects.TestDataDetails@1164deb, 9=com.java.Objects.TestDataDetails@12848bf}
[INFO ][2015-10-30 17:34:19,408][com.java.TestType] [  456] -  str(1) = 1
[INFO ][2015-10-30 17:34:19,408][com.java.TestType] [  459] - Test case Id is---1
[INFO ][2015-10-30 17:34:19,408][com.java.TestType] [  461] - 1
[INFO ][2015-10-30 17:34:19,408][com.java.TestType] [  456] -  str(2) = 10
[INFO ][2015-10-30 17:34:19,408][com.java.TestType] [  508] - row values are--------{1=com.java.Objects.TestDataDetails@10198d5, 2=com.java.Objects.TestDataDetails@2fc793, 3=com.java.Objects.TestDataDetails@1f93c3c, 4=com.java.Objects.TestDataDetails@ff6b0d, 5=com.java.Objects.TestDataDetails@5dd7ce, 6=com.java.Objects.TestDataDetails@1e07eb3, 7=com.java.Objects.TestDataDetails@689eb9, 8=com.java.Objects.TestDataDetails@1164deb, 9=com.java.Objects.TestDataDetails@12848bf, 10=com.java.Objects.TestDataDetails@18363c7}
[INFO ][2015-10-30 17:34:19,408][com.java.TestType] [  456] -  str(1) = 1
[INFO ][2015-10-30 17:34:19,408][com.java.TestType] [  459] - Test case Id is---1
[INFO ][2015-10-30 17:34:19,408][com.java.TestType] [  461] - 1
[INFO ][2015-10-30 17:34:19,408][com.java.TestType] [  456] -  str(2) = 11
[INFO ][2015-10-30 17:34:19,408][com.java.TestType] [  508] - row values are--------{1=com.java.Objects.TestDataDetails@10198d5, 2=com.java.Objects.TestDataDetails@2fc793, 3=com.java.Objects.TestDataDetails@1f93c3c, 4=com.java.Objects.TestDataDetails@ff6b0d, 5=com.java.Objects.TestDataDetails@5dd7ce, 6=com.java.Objects.TestDataDetails@1e07eb3, 7=com.java.Objects.TestDataDetails@689eb9, 8=com.java.Objects.TestDataDetails@1164deb, 9=com.java.Objects.TestDataDetails@12848bf, 10=com.java.Objects.TestDataDetails@18363c7, 11=com.java.Objects.TestDataDetails@152c491}
[INFO ][2015-10-30 17:34:19,418][com.java.TestType] [  456] -  str(1) = 1
[INFO ][2015-10-30 17:34:19,418][com.java.TestType] [  459] - Test case Id is---1
[INFO ][2015-10-30 17:34:19,418][com.java.TestType] [  461] - 1
[INFO ][2015-10-30 17:34:19,418][com.java.TestType] [  456] -  str(2) = 12
[INFO ][2015-10-30 17:34:19,418][com.java.TestType] [  508] - row values are--------{1=com.java.Objects.TestDataDetails@10198d5, 2=com.java.Objects.TestDataDetails@2fc793, 3=com.java.Objects.TestDataDetails@1f93c3c, 4=com.java.Objects.TestDataDetails@ff6b0d, 5=com.java.Objects.TestDataDetails@5dd7ce, 6=com.java.Objects.TestDataDetails@1e07eb3, 7=com.java.Objects.TestDataDetails@689eb9, 8=com.java.Objects.TestDataDetails@1164deb, 9=com.java.Objects.TestDataDetails@12848bf, 10=com.java.Objects.TestDataDetails@18363c7, 11=com.java.Objects.TestDataDetails@152c491, 12=com.java.Objects.TestDataDetails@8e6606}
[INFO ][2015-10-30 17:34:19,418][com.java.TestType] [  456] -  str(1) = 1
[INFO ][2015-10-30 17:34:19,418][com.java.TestType] [  459] - Test case Id is---1
[INFO ][2015-10-30 17:34:19,418][com.java.TestType] [  461] - 1
[INFO ][2015-10-30 17:34:19,418][com.java.TestType] [  456] -  str(2) = 13
[INFO ][2015-10-30 17:34:19,418][com.java.TestType] [  508] - row values are--------{1=com.java.Objects.TestDataDetails@10198d5, 2=com.java.Objects.TestDataDetails@2fc793, 3=com.java.Objects.TestDataDetails@1f93c3c, 4=com.java.Objects.TestDataDetails@ff6b0d, 5=com.java.Objects.TestDataDetails@5dd7ce, 6=com.java.Objects.TestDataDetails@1e07eb3, 7=com.java.Objects.TestDataDetails@689eb9, 8=com.java.Objects.TestDataDetails@1164deb, 9=com.java.Objects.TestDataDetails@12848bf, 10=com.java.Objects.TestDataDetails@18363c7, 11=com.java.Objects.TestDataDetails@152c491, 12=com.java.Objects.TestDataDetails@8e6606, 13=com.java.Objects.TestDataDetails@e690ac}
[INFO ][2015-10-30 17:34:19,418][com.java.TestType] [  456] -  str(1) = 1
[INFO ][2015-10-30 17:34:19,418][com.java.TestType] [  459] - Test case Id is---1
[INFO ][2015-10-30 17:34:19,418][com.java.TestType] [  461] - 1
[INFO ][2015-10-30 17:34:19,418][com.java.TestType] [  456] -  str(2) = 14
[INFO ][2015-10-30 17:34:19,418][com.java.TestType] [  508] - row values are--------{1=com.java.Objects.TestDataDetails@10198d5, 2=com.java.Objects.TestDataDetails@2fc793, 3=com.java.Objects.TestDataDetails@1f93c3c, 4=com.java.Objects.TestDataDetails@ff6b0d, 5=com.java.Objects.TestDataDetails@5dd7ce, 6=com.java.Objects.TestDataDetails@1e07eb3, 7=com.java.Objects.TestDataDetails@689eb9, 8=com.java.Objects.TestDataDetails@1164deb, 9=com.java.Objects.TestDataDetails@12848bf, 10=com.java.Objects.TestDataDetails@18363c7, 11=com.java.Objects.TestDataDetails@152c491, 12=com.java.Objects.TestDataDetails@8e6606, 13=com.java.Objects.TestDataDetails@e690ac, 14=com.java.Objects.TestDataDetails@151d56f}
[INFO ][2015-10-30 17:34:19,418][com.java.TestType] [ 7898] - Looping 1TCID = 1
[DEBUG][2015-10-30 17:34:19,418][com.java.TestType] [ 7939] - Concept ID:1 :: Step being Executed: 1::1
[INFO ][2015-10-30 17:34:19,418][com.java.TestType] [ 7977] - dataFields : TXTusername
[DEBUG][2015-10-30 17:34:19,418][com.java.TestType] [ 7983] - <In Set values of the page>
[DEBUG][2015-10-30 17:34:19,418][com.java.TestType] [ 7988] - {Data Fields & Data Values Exist}
[INFO ][2015-10-30 17:34:19,418][com.java.TestType] [ 7994] - --------------------------setting values-----------------------------
[INFO ][2015-10-30 17:34:19,418][com.java.TestType] [ 7997] - Action Type : CLEARANDENTER
[INFO ][2015-10-30 17:34:19,418][com.java.TestType] [ 3749] - value = valuelabs.ie11.03890
[INFO ][2015-10-30 17:34:24,263][com.java.TestType] [ 8016] -  RESULT true
[INFO ][2015-10-30 17:34:24,263][com.java.TestType] [ 8133] - ?   P A S S   ?
[DEBUG][2015-10-30 17:34:24,263][com.java.TestType] [ 7939] - Concept ID:1 :: Step being Executed: 1::2
[INFO ][2015-10-30 17:34:24,263][com.java.TestType] [ 7977] - dataFields : TXTpassword
[DEBUG][2015-10-30 17:34:24,263][com.java.TestType] [ 7983] - <In Set values of the page>
[DEBUG][2015-10-30 17:34:24,263][com.java.TestType] [ 7988] - {Data Fields & Data Values Exist}
[INFO ][2015-10-30 17:34:24,263][com.java.TestType] [ 7994] - --------------------------setting values-----------------------------
[INFO ][2015-10-30 17:34:24,263][com.java.TestType] [ 7997] - Action Type : CLEARANDENTER
[INFO ][2015-10-30 17:34:24,263][com.java.TestType] [ 3749] - value = Password1*
[INFO ][2015-10-30 17:34:29,245][com.java.TestType] [ 8016] -  RESULT true
[INFO ][2015-10-30 17:34:29,245][com.java.TestType] [ 8133] - ?   P A S S   ?
[DEBUG][2015-10-30 17:34:29,245][com.java.TestType] [ 7939] - Concept ID:1 :: Step being Executed: 1::3
[ERROR][2015-10-30 17:34:29,245][com.java.TestType] [ 7972] - Exception: null
[INFO ][2015-10-30 17:34:29,245][com.java.TestType] [ 7977] - dataFields : XPH//button[@type='submit']
[DEBUG][2015-10-30 17:34:29,245][com.java.TestType] [ 7983] - <In Set values of the page>
[DEBUG][2015-10-30 17:34:29,245][com.java.TestType] [ 7988] - {Data Fields & Data Values Exist}
[INFO ][2015-10-30 17:34:29,245][com.java.TestType] [ 7994] - --------------------------setting values-----------------------------
[INFO ][2015-10-30 17:34:29,245][com.java.TestType] [ 7997] - Action Type : Click
[INFO ][2015-10-30 17:34:29,245][com.java.TestType] [ 4062] - Field ::XPH//button[@type='submit']
[INFO ][2015-10-30 17:34:30,245][com.java.TestType] [ 4121] - BEFORE CLICK
[INFO ][2015-10-30 17:34:31,057][com.java.TestType] [ 4129] - Unable to click the object Login
[INFO ][2015-10-30 17:34:31,057][com.java.TestType] [ 8016] -  RESULT true
[INFO ][2015-10-30 17:34:31,057][com.java.TestType] [ 8133] - ?   P A S S   ?
[DEBUG][2015-10-30 17:34:31,057][com.java.TestType] [ 7939] - Concept ID:1 :: Step being Executed: 1::4
[INFO ][2015-10-30 17:34:31,057][com.java.TestType] [ 7977] - dataFields : LNKLogout
[DEBUG][2015-10-30 17:34:31,057][com.java.TestType] [ 7983] - <In Set values of the page>
[DEBUG][2015-10-30 17:34:31,057][com.java.TestType] [ 7988] - {Data Fields & Data Values Exist}
[INFO ][2015-10-30 17:34:31,057][com.java.TestType] [ 7994] - --------------------------setting values-----------------------------
[INFO ][2015-10-30 17:34:31,057][com.java.TestType] [ 7997] - Action Type : WaitForElement
[INFO ][2015-10-30 17:34:45,246][com.java.TestType] [ 8016] -  RESULT true
[INFO ][2015-10-30 17:34:45,246][com.java.TestType] [ 8133] - ?   P A S S   ?
[DEBUG][2015-10-30 17:34:45,246][com.java.TestType] [ 7939] - Concept ID:1 :: Step being Executed: 1::13
[INFO ][2015-10-30 17:34:45,246][com.java.TestType] [ 7977] - dataFields : LGN
[DEBUG][2015-10-30 17:34:45,246][com.java.TestType] [ 7983] - <In Set values of the page>
[DEBUG][2015-10-30 17:34:45,246][com.java.TestType] [ 7988] - {Data Fields & Data Values Exist}
[INFO ][2015-10-30 17:34:45,246][com.java.TestType] [ 7994] - --------------------------setting values-----------------------------
[INFO ][2015-10-30 17:34:45,246][com.java.TestType] [ 7997] - Action Type : Verify
[INFO ][2015-10-30 17:34:45,246][com.java.TestType] [ 4875] - field= LGN value= Username
[INFO ][2015-10-30 17:34:45,246][com.java.TestType] [ 3749] - value = Username
[INFO ][2015-10-30 17:34:45,397][com.java.TestType] [ 8016] -  RESULT true
[INFO ][2015-10-30 17:34:45,397][com.java.TestType] [ 8133] - ?   P A S S   ?
[DEBUG][2015-10-30 17:34:45,397][com.java.TestType] [ 7939] - Concept ID:1 :: Step being Executed: 1::14
[INFO ][2015-10-30 17:34:45,397][com.java.TestType] [ 7977] - dataFields : BTN
[DEBUG][2015-10-30 17:34:45,397][com.java.TestType] [ 7983] - <In Set values of the page>
[DEBUG][2015-10-30 17:34:45,397][com.java.TestType] [ 7988] - {Data Fields & Data Values Exist}
[INFO ][2015-10-30 17:34:45,397][com.java.TestType] [ 7994] - --------------------------setting values-----------------------------
[INFO ][2015-10-30 17:34:45,397][com.java.TestType] [ 7997] - Action Type : Verify
[INFO ][2015-10-30 17:34:45,397][com.java.TestType] [ 4875] - field= BTN value= //img[contains(@src,'bdlogo.jpg')]
[INFO ][2015-10-30 17:34:45,397][com.java.TestType] [ 3749] - value = //img[contains(@src,'bdlogo.jpg')]
[INFO ][2015-10-30 17:34:45,427][com.java.TestType] [ 8016] -  RESULT true
[INFO ][2015-10-30 17:34:45,427][com.java.TestType] [ 8133] - ?   P A S S   ?
[INFO ][2015-10-30 17:34:45,427][com.java.TestType] [ 8204] - Looping End......
[INFO ][2015-10-30 17:34:45,427][com.java.SeleniumDriver] [  861] -  RESULT true
[INFO ][2015-10-30 17:34:45,427][com.java.SeleniumDriver] [ 1066] - ?   P A S S   ?
[INFO ][2015-10-30 17:34:45,427][com.java.SeleniumDriver] [  788] - ------------------------------------------
[INFO ][2015-10-30 17:34:45,427][com.java.SeleniumDriver] [  789] - Test case being Executed: 10
[INFO ][2015-10-30 17:34:45,427][com.java.SeleniumDriver] [  800] - Test step:29
[INFO ][2015-10-30 17:34:45,427][com.java.SeleniumDriver] [  812] - Datavalue is----------null
[DEBUG][2015-10-30 17:34:45,427][com.java.SeleniumDriver] [  830] - Exception: null
[INFO ][2015-10-30 17:34:45,427][com.java.SeleniumDriver] [  836] - DataField : //span[@class='icon-user4']&&Users&&Manage Users
[INFO ][2015-10-30 17:34:45,427][com.java.SeleniumDriver] [  838] - DataValue : 
[INFO ][2015-10-30 17:34:45,427][com.java.SeleniumDriver] [  844] - <In Set values of the page>
[INFO ][2015-10-30 17:34:45,427][com.java.SeleniumDriver] [  847] - {Data Fields & Data Values Exist}
[INFO ][2015-10-30 17:34:45,427][com.java.SeleniumDriver] [  849] - --------------------------setting values-----------------------------
[INFO ][2015-10-30 17:34:45,427][com.java.SeleniumDriver] [  852] - Action Type : MouseOver
[INFO ][2015-10-30 17:35:26,008][com.java.SeleniumDriver] [  861] -  RESULT true
[INFO ][2015-10-30 17:35:26,008][com.java.SeleniumDriver] [ 1066] - ?   P A S S   ?
[INFO ][2015-10-30 17:35:26,008][com.java.SeleniumDriver] [  788] - ------------------------------------------
[INFO ][2015-10-30 17:35:26,008][com.java.SeleniumDriver] [  789] - Test case being Executed: 10
[INFO ][2015-10-30 17:35:26,008][com.java.SeleniumDriver] [  800] - Test step:30
[INFO ][2015-10-30 17:35:26,008][com.java.SeleniumDriver] [  812] - Datavalue is----------1
[INFO ][2015-10-30 17:35:26,008][com.java.SeleniumDriver] [  836] - DataField : BTNframeDialogContent
[INFO ][2015-10-30 17:35:26,008][com.java.SeleniumDriver] [  838] - DataValue : 1
[INFO ][2015-10-30 17:35:26,008][com.java.SeleniumDriver] [  844] - <In Set values of the page>
[INFO ][2015-10-30 17:35:26,008][com.java.SeleniumDriver] [  847] - {Data Fields & Data Values Exist}
[INFO ][2015-10-30 17:35:26,008][com.java.SeleniumDriver] [  849] - --------------------------setting values-----------------------------
[INFO ][2015-10-30 17:35:26,008][com.java.SeleniumDriver] [  852] - Action Type : WaitForElement
[INFO ][2015-10-30 17:35:27,209][com.java.SeleniumDriver] [  861] -  RESULT true
[INFO ][2015-10-30 17:35:27,209][com.java.SeleniumDriver] [ 1066] - ?   P A S S   ?
[INFO ][2015-10-30 17:35:27,209][com.java.SeleniumDriver] [  788] - ------------------------------------------
[INFO ][2015-10-30 17:35:27,209][com.java.SeleniumDriver] [  789] - Test case being Executed: 10
[INFO ][2015-10-30 17:35:27,209][com.java.SeleniumDriver] [  800] - Test step:31
[INFO ][2015-10-30 17:35:27,209][com.java.SeleniumDriver] [  812] - Datavalue is----------null
[DEBUG][2015-10-30 17:35:27,209][com.java.SeleniumDriver] [  830] - Exception: null
[INFO ][2015-10-30 17:35:27,209][com.java.SeleniumDriver] [  836] - DataField : BTNframeDialogContent
[INFO ][2015-10-30 17:35:27,209][com.java.SeleniumDriver] [  838] - DataValue : 
[INFO ][2015-10-30 17:35:27,209][com.java.SeleniumDriver] [  844] - <In Set values of the page>
[INFO ][2015-10-30 17:35:27,209][com.java.SeleniumDriver] [  847] - {Data Fields & Data Values Exist}
[INFO ][2015-10-30 17:35:27,209][com.java.SeleniumDriver] [  849] - --------------------------setting values-----------------------------
[INFO ][2015-10-30 17:35:27,209][com.java.SeleniumDriver] [  852] - Action Type : SelectFrame
[INFO ][2015-10-30 17:35:28,453][com.java.SeleniumDriver] [  861] -  RESULT true
[INFO ][2015-10-30 17:35:28,453][com.java.SeleniumDriver] [ 1066] - ?   P A S S   ?
[INFO ][2015-10-30 17:35:28,453][com.java.SeleniumDriver] [  788] - ------------------------------------------
[INFO ][2015-10-30 17:35:28,453][com.java.SeleniumDriver] [  789] - Test case being Executed: 10
[INFO ][2015-10-30 17:35:28,453][com.java.SeleniumDriver] [  800] - Test step:32
[INFO ][2015-10-30 17:35:28,453][com.java.SeleniumDriver] [  812] - Datavalue is----------dt:NewUserName
[INFO ][2015-10-30 17:35:28,453][com.java.SeleniumDriver] [  836] - DataField : test
[INFO ][2015-10-30 17:35:28,453][com.java.SeleniumDriver] [  838] - DataValue : dt:NewUserName
[INFO ][2015-10-30 17:35:28,453][com.java.SeleniumDriver] [  844] - <In Set values of the page>
[INFO ][2015-10-30 17:35:28,453][com.java.SeleniumDriver] [  847] - {Data Fields & Data Values Exist}
[INFO ][2015-10-30 17:35:28,453][com.java.SeleniumDriver] [  849] - --------------------------setting values-----------------------------
[INFO ][2015-10-30 17:35:28,453][com.java.SeleniumDriver] [  852] - Action Type : DelUser
[INFO ][2015-10-30 17:35:28,453][com.java.TestType] [ 3749] - value = vltest.robot
[INFO ][2015-10-30 17:35:31,928][com.java.TestType] [ 4062] - Field ::CNF
[INFO ][2015-10-30 17:35:33,278][com.java.TestType] [ 4117] - Click the object AcceptAlert
[INFO ][2015-10-30 17:35:33,278][com.java.TestType] [ 4118] - Unable to click the object AcceptAlert
[INFO ][2015-10-30 17:35:33,278][com.java.SeleniumDriver] [  861] -  RESULT true
[INFO ][2015-10-30 17:35:33,278][com.java.SeleniumDriver] [ 1066] - ?   P A S S   ?
[DEBUG][2015-10-30 17:35:33,278][com.java.SeleniumDriver] [ 1168] - Case found
[DEBUG][2015-10-30 17:35:33,278][com.java.SeleniumDriver] [ 1173] - Incrementing ReportCounters[0]:4
[INFO ][2015-10-30 17:35:33,278][com.java.SeleniumDriver] [ 1192] - The results are-------------------[10, 1, Manage Users: Add User, Pass, , Fri Oct 30 17:32:37 IST 2015, 10, 3, Manage Users: Add User, Pass, , Fri Oct 30 17:32:57 IST 2015, 10, 4, Manage Users: Add User, Pass, , Fri Oct 30 17:32:59 IST 2015, 10, 5, Manage Users: Add User, Pass, , Fri Oct 30 17:33:00 IST 2015, 10, 6, Manage Users: Add User, Pass, , Fri Oct 30 17:33:02 IST 2015, 10, 7, Manage Users: Add User, Pass, , Fri Oct 30 17:33:05 IST 2015, 10, 8, Manage Users: Add User, Pass, , Fri Oct 30 17:33:06 IST 2015, 10, 9, Manage Users: Add User, Pass, , Fri Oct 30 17:33:17 IST 2015, 10, 10, Manage Users: Add User, Pass, , Fri Oct 30 17:33:20 IST 2015, 10, 11, Manage Users: Add User, Pass, , Fri Oct 30 17:33:23 IST 2015, 10, 12, Manage Users: Add User, Pass, , Fri Oct 30 17:33:27 IST 2015, 10, 13, Manage Users: Add User, Pass, , Fri Oct 30 17:33:30 IST 2015, 10, 14, Manage Users: Add User, Pass, , Fri Oct 30 17:33:33 IST 2015, 10, 15, Manage Users: Add User, Pass, , Fri Oct 30 17:33:36 IST 2015, 10, 16, Manage Users: Add User, Pass, , Fri Oct 30 17:33:40 IST 2015, 10, 17, Manage Users: Add User, Pass, , Fri Oct 30 17:33:43 IST 2015, 10, 18, Manage Users: Add User, Pass, , Fri Oct 30 17:33:43 IST 2015, 10, 19, Manage Users: Add User, Pass, , Fri Oct 30 17:33:45 IST 2015, 10, 20, Manage Users: Add User, Pass, , Fri Oct 30 17:33:50 IST 2015, 10, 21, Manage Users: Add User, Pass, , Fri Oct 30 17:33:58 IST 2015, 10, 22, Manage Users: Add User, Pass, , Fri Oct 30 17:33:59 IST 2015, 10, 23, Manage Users: Add User, Pass, , Fri Oct 30 17:34:00 IST 2015, 10, 24, Manage Users: Add User, Pass, , Fri Oct 30 17:34:00 IST 2015, 10, 25, Manage Users: Add User, Pass, , Fri Oct 30 17:34:00 IST 2015, 10, 26, Manage Users: Add User, Pass, , Fri Oct 30 17:34:02 IST 2015, 10, 27, Manage Users: Add User, Pass, , Fri Oct 30 17:34:19 IST 2015, 10, 28, Manage Users: Add User, Pass, , Fri Oct 30 17:34:45 IST 2015, 10, 29, Manage Users: Add User, Pass, , Fri Oct 30 17:35:26 IST 2015, 10, 30, Manage Users: Add User, Pass, , Fri Oct 30 17:35:27 IST 2015, 10, 31, Manage Users: Add User, Pass, , Fri Oct 30 17:35:28 IST 2015, 10, 32, Manage Users: Add User, Pass, , Fri Oct 30 17:35:33 IST 2015]
[INFO ][2015-10-30 17:35:33,278][com.java.SeleniumDriver] [ 1196] - End time is-------6 min 44 sec
[INFO ][2015-10-30 17:35:33,278][com.java.SeleniumDriver] [ 1197] - The results are-------------------[10, 1, Manage Users: Add User, Pass, , Fri Oct 30 17:32:37 IST 2015, 10, 3, Manage Users: Add User, Pass, , Fri Oct 30 17:32:57 IST 2015, 10, 4, Manage Users: Add User, Pass, , Fri Oct 30 17:32:59 IST 2015, 10, 5, Manage Users: Add User, Pass, , Fri Oct 30 17:33:00 IST 2015, 10, 6, Manage Users: Add User, Pass, , Fri Oct 30 17:33:02 IST 2015, 10, 7, Manage Users: Add User, Pass, , Fri Oct 30 17:33:05 IST 2015, 10, 8, Manage Users: Add User, Pass, , Fri Oct 30 17:33:06 IST 2015, 10, 9, Manage Users: Add User, Pass, , Fri Oct 30 17:33:17 IST 2015, 10, 10, Manage Users: Add User, Pass, , Fri Oct 30 17:33:20 IST 2015, 10, 11, Manage Users: Add User, Pass, , Fri Oct 30 17:33:23 IST 2015, 10, 12, Manage Users: Add User, Pass, , Fri Oct 30 17:33:27 IST 2015, 10, 13, Manage Users: Add User, Pass, , Fri Oct 30 17:33:30 IST 2015, 10, 14, Manage Users: Add User, Pass, , Fri Oct 30 17:33:33 IST 2015, 10, 15, Manage Users: Add User, Pass, , Fri Oct 30 17:33:36 IST 2015, 10, 16, Manage Users: Add User, Pass, , Fri Oct 30 17:33:40 IST 2015, 10, 17, Manage Users: Add User, Pass, , Fri Oct 30 17:33:43 IST 2015, 10, 18, Manage Users: Add User, Pass, , Fri Oct 30 17:33:43 IST 2015, 10, 19, Manage Users: Add User, Pass, , Fri Oct 30 17:33:45 IST 2015, 10, 20, Manage Users: Add User, Pass, , Fri Oct 30 17:33:50 IST 2015, 10, 21, Manage Users: Add User, Pass, , Fri Oct 30 17:33:58 IST 2015, 10, 22, Manage Users: Add User, Pass, , Fri Oct 30 17:33:59 IST 2015, 10, 23, Manage Users: Add User, Pass, , Fri Oct 30 17:34:00 IST 2015, 10, 24, Manage Users: Add User, Pass, , Fri Oct 30 17:34:00 IST 2015, 10, 25, Manage Users: Add User, Pass, , Fri Oct 30 17:34:00 IST 2015, 10, 26, Manage Users: Add User, Pass, , Fri Oct 30 17:34:02 IST 2015, 10, 27, Manage Users: Add User, Pass, , Fri Oct 30 17:34:19 IST 2015, 10, 28, Manage Users: Add User, Pass, , Fri Oct 30 17:34:45 IST 2015, 10, 29, Manage Users: Add User, Pass, , Fri Oct 30 17:35:26 IST 2015, 10, 30, Manage Users: Add User, Pass, , Fri Oct 30 17:35:27 IST 2015, 10, 31, Manage Users: Add User, Pass, , Fri Oct 30 17:35:28 IST 2015, 10, 32, Manage Users: Add User, Pass, , Fri Oct 30 17:35:33 IST 2015]
[DEBUG][2015-10-30 17:35:33,278][com.java.ImportnExport.ExportTestResultsExcel] [  222] - testResultPath = D:\BankersDashboard/TestReports/Test Results_BankersDashBoard_103015_172850_IE11_Simmons First National Bank.xls
[DEBUG][2015-10-30 17:35:33,278][com.java.ImportnExport.ExportTestResultsExcel] [  223] - browser is------------IE11
[DEBUG][2015-10-30 17:35:33,278][com.java.ImportnExport.ExportTestResultsExcel] [  270] - result.size() = 186
[DEBUG][2015-10-30 17:35:33,278][com.java.ImportnExport.ExportTestResultsExcel] [  274] - No of rows in sheet=4
[DEBUG][2015-10-30 17:35:33,278][com.java.ImportnExport.ExportTestResultsExcel] [  301] - ..in export..10
[DEBUG][2015-10-30 17:35:33,278][com.java.ImportnExport.ExportTestResultsExcel] [  301] - ..in export..Manage Users: Add User
[DEBUG][2015-10-30 17:35:33,278][com.java.ImportnExport.ExportTestResultsExcel] [  301] - ..in export..Pass
[DEBUG][2015-10-30 17:35:33,278][com.java.ImportnExport.ExportTestResultsExcel] [  301] - ..in export..
[DEBUG][2015-10-30 17:35:33,278][com.java.ImportnExport.ExportTestResultsExcel] [  301] - ..in export..Fri Oct 30 17:32:37 IST 2015
[INFO ][2015-10-30 17:35:33,278][com.java.SeleniumDriver] [ 1255] - out loop:3 size:5 TestCases:[1, 11, 14, 10, 7] testcases:[1, 11, 14, 10, 7]
[INFO ][2015-10-30 17:35:33,278][com.java.ImportnExport.ImportTestDataDetailsExcel] [   49] - test data details path===== D:\BankersDashboard\TestInputs\TestData.xls
[INFO ][2015-10-30 17:35:48,885][com.java.SeleniumDriver] [  788] - ------------------------------------------
[INFO ][2015-10-30 17:35:48,885][com.java.SeleniumDriver] [  789] - Test case being Executed: 7
[INFO ][2015-10-30 17:35:48,885][com.java.SeleniumDriver] [  800] - Test step:1
[INFO ][2015-10-30 17:35:48,885][com.java.SeleniumDriver] [  812] - Datavalue is----------2
[INFO ][2015-10-30 17:35:48,885][com.java.SeleniumDriver] [  836] - DataField : XPH//div[@id='newusercontent']/div/ul[2]/li/div/div
[INFO ][2015-10-30 17:35:48,885][com.java.SeleniumDriver] [  838] - DataValue : 2
[INFO ][2015-10-30 17:35:48,885][com.java.SeleniumDriver] [  844] - <In Set values of the page>
[INFO ][2015-10-30 17:35:48,885][com.java.SeleniumDriver] [  847] - {Data Fields & Data Values Exist}
[INFO ][2015-10-30 17:35:48,885][com.java.SeleniumDriver] [  849] - --------------------------setting values-----------------------------
[INFO ][2015-10-30 17:35:48,885][com.java.SeleniumDriver] [  852] - Action Type : WAITFORELEMENT
[INFO ][2015-10-30 17:35:48,926][com.java.SeleniumDriver] [  861] -  RESULT true
[INFO ][2015-10-30 17:35:48,926][com.java.SeleniumDriver] [ 1066] - ?   P A S S   ?
[INFO ][2015-10-30 17:35:48,926][com.java.SeleniumDriver] [  788] - ------------------------------------------
[INFO ][2015-10-30 17:35:48,926][com.java.SeleniumDriver] [  789] - Test case being Executed: 7
[INFO ][2015-10-30 17:35:48,926][com.java.SeleniumDriver] [  800] - Test step:2
[INFO ][2015-10-30 17:35:48,926][com.java.SeleniumDriver] [  812] - Datavalue is----------Fed Funds Futures Curve
[INFO ][2015-10-30 17:35:48,926][com.java.SeleniumDriver] [  836] - DataField : XPH//div[@id='newusercontent']/div/ul[2]/li/div/div
[INFO ][2015-10-30 17:35:48,926][com.java.SeleniumDriver] [  838] - DataValue : Fed Funds Futures Curve
[INFO ][2015-10-30 17:35:48,926][com.java.SeleniumDriver] [  844] - <In Set values of the page>
[INFO ][2015-10-30 17:35:48,926][com.java.SeleniumDriver] [  847] - {Data Fields & Data Values Exist}
[INFO ][2015-10-30 17:35:48,926][com.java.SeleniumDriver] [  849] - --------------------------setting values-----------------------------
[INFO ][2015-10-30 17:35:48,926][com.java.SeleniumDriver] [  852] - Action Type : VERIFY
[INFO ][2015-10-30 17:35:48,926][com.java.TestType] [ 4875] - field= XPH//div[@id='newusercontent']/div/ul[2]/li/div/div value= Fed Funds Futures Curve
[INFO ][2015-10-30 17:35:48,926][com.java.TestType] [ 3749] - value = Fed Funds Futures Curve
[INFO ][2015-10-30 17:35:49,026][com.java.SeleniumDriver] [  861] -  RESULT true
[INFO ][2015-10-30 17:35:49,026][com.java.SeleniumDriver] [ 1066] - ?   P A S S   ?
[INFO ][2015-10-30 17:35:49,026][com.java.SeleniumDriver] [  788] - ------------------------------------------
[INFO ][2015-10-30 17:35:49,026][com.java.SeleniumDriver] [  789] - Test case being Executed: 7
[INFO ][2015-10-30 17:35:49,026][com.java.SeleniumDriver] [  800] - Test step:3
[INFO ][2015-10-30 17:35:49,026][com.java.SeleniumDriver] [  812] - Datavalue is----------//div[@id='newusercontent']/div/ul[2]/li/div/div[2]
[INFO ][2015-10-30 17:35:49,026][com.java.SeleniumDriver] [  836] - DataField : IMG
[INFO ][2015-10-30 17:35:49,026][com.java.SeleniumDriver] [  838] - DataValue : //div[@id='newusercontent']/div/ul[2]/li/div/div[2]
[INFO ][2015-10-30 17:35:49,026][com.java.SeleniumDriver] [  844] - <In Set values of the page>
[INFO ][2015-10-30 17:35:49,026][com.java.SeleniumDriver] [  847] - {Data Fields & Data Values Exist}
[INFO ][2015-10-30 17:35:49,026][com.java.SeleniumDriver] [  849] - --------------------------setting values-----------------------------
[INFO ][2015-10-30 17:35:49,026][com.java.SeleniumDriver] [  852] - Action Type : VERIFY
[INFO ][2015-10-30 17:35:49,026][com.java.TestType] [ 4875] - field= IMG value= //div[@id='newusercontent']/div/ul[2]/li/div/div[2]
[INFO ][2015-10-30 17:35:49,026][com.java.TestType] [ 3749] - value = //div[@id='newusercontent']/div/ul[2]/li/div/div[2]
[INFO ][2015-10-30 17:35:49,066][com.java.SeleniumDriver] [  861] -  RESULT true
[INFO ][2015-10-30 17:35:49,066][com.java.SeleniumDriver] [ 1066] - ?   P A S S   ?
[DEBUG][2015-10-30 17:35:49,066][com.java.SeleniumDriver] [ 1168] - Case found
[DEBUG][2015-10-30 17:35:49,066][com.java.SeleniumDriver] [ 1173] - Incrementing ReportCounters[0]:5
[INFO ][2015-10-30 17:35:49,066][com.java.SeleniumDriver] [ 1192] - The results are-------------------[7, 1, Fed Fund Curve, Pass, , Fri Oct 30 17:35:48 IST 2015, 7, 2, Fed Fund Curve, Pass, , Fri Oct 30 17:35:49 IST 2015, 7, 3, Fed Fund Curve, Pass, , Fri Oct 30 17:35:49 IST 2015]
[INFO ][2015-10-30 17:35:49,066][com.java.SeleniumDriver] [ 1196] - End time is-------7 min 0 sec
[INFO ][2015-10-30 17:35:49,066][com.java.SeleniumDriver] [ 1197] - The results are-------------------[7, 1, Fed Fund Curve, Pass, , Fri Oct 30 17:35:48 IST 2015, 7, 2, Fed Fund Curve, Pass, , Fri Oct 30 17:35:49 IST 2015, 7, 3, Fed Fund Curve, Pass, , Fri Oct 30 17:35:49 IST 2015]
[DEBUG][2015-10-30 17:35:49,066][com.java.ImportnExport.ExportTestResultsExcel] [  222] - testResultPath = D:\BankersDashboard/TestReports/Test Results_BankersDashBoard_103015_172850_IE11_Simmons First National Bank.xls
[DEBUG][2015-10-30 17:35:49,066][com.java.ImportnExport.ExportTestResultsExcel] [  223] - browser is------------IE11
[DEBUG][2015-10-30 17:35:49,066][com.java.ImportnExport.ExportTestResultsExcel] [  270] - result.size() = 18
[DEBUG][2015-10-30 17:35:49,066][com.java.ImportnExport.ExportTestResultsExcel] [  274] - No of rows in sheet=5
[DEBUG][2015-10-30 17:35:49,066][com.java.ImportnExport.ExportTestResultsExcel] [  301] - ..in export..7
[DEBUG][2015-10-30 17:35:49,066][com.java.ImportnExport.ExportTestResultsExcel] [  301] - ..in export..Fed Fund Curve
[DEBUG][2015-10-30 17:35:49,066][com.java.ImportnExport.ExportTestResultsExcel] [  301] - ..in export..Pass
[DEBUG][2015-10-30 17:35:49,066][com.java.ImportnExport.ExportTestResultsExcel] [  301] - ..in export..
[DEBUG][2015-10-30 17:35:49,066][com.java.ImportnExport.ExportTestResultsExcel] [  301] - ..in export..Fri Oct 30 17:35:48 IST 2015
[INFO ][2015-10-30 17:35:49,066][com.java.SeleniumDriver] [ 1255] - out loop:4 size:5 TestCases:[1, 11, 14, 10, 7] testcases:[1, 11, 14, 10, 7]
[INFO ][2015-10-30 17:35:51,066][com.java.SeleniumDriver] [ 1297] - Total Number of Cases:5
[INFO ][2015-10-30 17:35:51,066][com.java.TemplateGenerator] [  302] - Executed:5
[INFO ][2015-10-30 17:35:51,066][com.java.TemplateGenerator] [  303] - Passed:3
[INFO ][2015-10-30 17:35:51,066][com.java.TemplateGenerator] [  304] - Failed:2
[INFO ][2015-10-30 17:35:51,066][com.java.TemplateGenerator] [  305] - Skipeed:0
[INFO ][2015-10-30 17:35:51,066][com.java.TemplateGenerator] [  306] - Application URL:https://clients-xuat.bankersdashboard.com
[INFO ][2015-10-30 17:35:51,066][com.java.TemplateGenerator] [  307] - Start Time:103015_172850
[INFO ][2015-10-30 17:35:51,066][com.java.TemplateGenerator] [  308] -  Creating HTML Report 
[ERROR][2015-10-30 17:35:51,066][com.java.TemplateGenerator] [  409] - Unparseable date: "Fri Oct 30 05:28:50 IST 2015"
[INFO ][2015-10-30 17:35:51,066][com.java.TemplateGenerator] [  654] -  Exporting case :: 1
[INFO ][2015-10-30 17:35:51,066][com.java.TemplateGenerator] [  654] -  Exporting case :: 7
[INFO ][2015-10-30 17:35:51,066][com.java.TemplateGenerator] [  654] -  Exporting case :: 10
[INFO ][2015-10-30 17:35:51,066][com.java.TemplateGenerator] [  654] -  Exporting case :: 11
[INFO ][2015-10-30 17:35:51,066][com.java.TemplateGenerator] [  654] -  Exporting case :: 14
[INFO ][2015-10-30 17:35:51,066][com.java.SeleniumDriver] [ 1346] - End Time:103015_173551
[INFO ][2015-10-30 17:35:51,066][com.java.SeleniumDriver] [ 1349] - Data in Test Execution Details:{1=PASS, 7=PASS, 10=PASS, 11=FAILTest case failed at Step No. :: 15   Error Message ::  Option ::0:: not found in Combo box :: group, 14=FAILTest case failed at Step No. :: 4   Error Message ::  Failed to select item: Simmons First National corp(SFNC)/SFNB Consolidated from //select[@id='bank']}
[INFO ][2015-10-30 17:35:51,066][com.java.SeleniumDriver] [ 1350] - Data in Failed Execution Deatils:{}
[INFO ][2015-10-30 17:35:51,066][com.java.SeleniumDriver] [ 1352] - ReportCounter:Total:5 :: PASS: 3 ::FAIL: 2
[INFO ][2015-10-30 17:35:51,066][com.java.SeleniumDriver] [ 1353] - FailedReportCounter:Total:0 :: PASS: 0 ::FAIL: 0
[INFO ][2015-10-30 17:35:51,067][com.java.EmailTestReport] [   63] - Sending report mail details:
[INFO ][2015-10-30 17:35:51,067][com.java.EmailTestReport] [   80] - Excel Report Path:D:\BankersDashboard/TestReports/Test Results_BankersDashBoard_103015_172850_IE11_Simmons First National Bank.xls
[INFO ][2015-10-30 17:35:51,067][com.java.EmailTestReport] [   81] - HTML Report Path:D:\BankersDashboard//TestReports//Test Results_BankersDashBoard_103015_172850_IE11_Simmons First National Bank.html
[INFO ][2015-10-30 17:35:51,067][com.java.EmailTestReport] [   82] - smtpHostName:mail01.valuelabs.com
[INFO ][2015-10-30 17:35:51,067][com.java.EmailTestReport] [   83] - Recipient:venkateswararao.gubbala@valuelabs.com
[INFO ][2015-10-30 17:35:51,067][com.java.EmailTestReport] [   84] - From:venkateswararao.gubbala@valuelabs.com
[INFO ][2015-10-30 17:35:51,067][com.java.EmailTestReport] [   85] - Subject:DestinationRewards Automation Test Report - Simmons First National Bank - IE11
[INFO ][2015-10-30 17:35:51,097][com.java.EmailTestReport] [  143] -  Added venkateswararao.gubbala@valuelabs.com
[INFO ][2015-10-30 17:35:54,495][com.java.SeleniumDriver] [  719] - quitting the browser 
[INFO ][2015-10-30 17:35:55,725][com.java.SeleniumDriver] [  263] - Execution Completed Stopping the thread
