[INFO ][2015-11-20 13:59:44,886][com.java.SeleniumDriver] [  213] - Execute Failed Casesfalse
[INFO ][2015-11-20 13:59:44,886][com.java.SeleniumDriver] [  214] - Browser: IE10
[INFO ][2015-11-20 13:59:44,886][com.java.SeleniumDriver] [  215] - [20, 21]
[INFO ][2015-11-20 13:59:44,886][com.java.SeleniumDriver] [  216] - Total TestCases:2
[INFO ][2015-11-20 13:59:44,886][com.java.SeleniumDriver] [  217] -  Reading Properties from Property File 
[DEBUG][2015-11-20 13:59:44,886][com.java.SeleniumDriver] [  238] - url : https://clients-xuat.bankersdashboard.com
[INFO ][2015-11-20 13:59:44,886][com.java.ImportnExport.ExportTestResultsExcel] [  116] - Time Stamp Fri Nov 20 01:59:44 IST 2015
[INFO ][2015-11-20 13:59:44,886][com.java.ImportnExport.ExportTestResultsExcel] [  175] - OUT FILE : D:\BankersDashboard/TestReports/Test Results_BankersDashBoard_112015_135944_IE10_Any Bank USA.xls
[INFO ][2015-11-20 13:59:44,917][com.java.ImportnExport.ExportTestResultsExcel] [  180] - Test Result file is created
[DEBUG][2015-11-20 13:59:45,027][com.java.SeleniumDriver] [  425] - Hub ip address is-------172.17.68.34
[INFO ][2015-11-20 13:59:45,027][com.java.SeleniumDriver] [  451] - Grid URL:http://172.17.68.34:4444/wd/hub
[INFO ][2015-11-20 13:59:45,027][com.java.SeleniumDriver] [  452] - Capability:Capabilities [{platform=ANY, ensureCleanSession=true, ignoreProtectedModeSettings=true, acceptSslCerts=true, ignoreZoomSetting=true, browserName=internet explorer, browserstack.ie.noFlash=true, version=null}]
[ERROR][2015-11-20 13:59:46,307][com.java.SeleniumDriver] [  496] - Unable invoke browser in grid:Could not start a new session. Possible causes are invalid address of the remote server or browser start-up failure.
Build info: version: '2.48.2', revision: '41bccdd', time: '2015-10-09 19:59:12'
System info: host: 'FVTIII438F1D', ip: '172.17.68.34', os.name: 'Windows 7', os.arch: 'x86', os.version: '6.1', java.version: '1.7.0_55'
Driver info: driver.version: SeleniumDriver
[INFO ][2015-11-20 13:59:46,307][com.java.SeleniumDriver] [  498] - Executing on local machine
[INFO ][2015-11-20 13:59:55,797][com.java.SeleniumDriver] [  248] - IE10is opened
[INFO ][2015-11-20 13:59:56,671][com.java.SeleniumDriver] [  753] - Test cases to be executed are: [20, 21]
[INFO ][2015-11-20 13:59:56,672][com.java.ImportnExport.ImportTestDataDetailsExcel] [   49] - test data details path===== D:\BankersDashboard\TestInputs\TestData.xls
[INFO ][2015-11-20 13:59:56,762][com.java.SeleniumDriver] [  796] - ------------------------------------------
[INFO ][2015-11-20 13:59:56,762][com.java.SeleniumDriver] [  797] - Test case being Executed: 20
[INFO ][2015-11-20 13:59:56,762][com.java.SeleniumDriver] [  808] - Test step:1
[INFO ][2015-11-20 13:59:56,762][com.java.SeleniumDriver] [  820] - Datavalue is----------Logout
[INFO ][2015-11-20 13:59:56,762][com.java.SeleniumDriver] [  844] - DataField : BTN
[INFO ][2015-11-20 13:59:56,762][com.java.SeleniumDriver] [  846] - DataValue : Logout
[INFO ][2015-11-20 13:59:56,762][com.java.SeleniumDriver] [  852] - <In Set values of the page>
[INFO ][2015-11-20 13:59:56,762][com.java.SeleniumDriver] [  855] - {Data Fields & Data Values Exist}
[INFO ][2015-11-20 13:59:56,762][com.java.SeleniumDriver] [  857] - --------------------------setting values-----------------------------
[INFO ][2015-11-20 13:59:56,762][com.java.SeleniumDriver] [  860] - Action Type : Verify
[INFO ][2015-11-20 13:59:56,772][com.java.TestType] [ 5681] - field= BTN value= Logout
[INFO ][2015-11-20 13:59:56,772][com.java.TestType] [ 4574] - value = Logout
[ERROR][2015-11-20 14:00:13,782][com.java.TestType] [ 6342] - Assertion Error: 
[INFO ][2015-11-20 14:00:13,782][com.java.SeleniumDriver] [  869] -  RESULT false
[INFO ][2015-11-20 14:00:13,782][com.java.SeleniumDriver] [  916] - ?   F A I L   ?
[INFO ][2015-11-20 14:00:13,782][com.java.SeleniumDriver] [  924] - Browser Type : IE10
[INFO ][2015-11-20 14:00:13,782][com.java.SeleniumDriver] [  925] - Adding Failed case20
[DEBUG][2015-11-20 14:00:14,393][com.java.SeleniumDriver] [  992] -  tdd.getCondition() IF:3:Next
[INFO ][2015-11-20 14:00:14,393][com.java.SeleniumDriver] [  996] - Continue next step...
[INFO ][2015-11-20 14:00:14,393][com.java.SeleniumDriver] [  796] - ------------------------------------------
[INFO ][2015-11-20 14:00:14,393][com.java.SeleniumDriver] [  797] - Test case being Executed: 20
[INFO ][2015-11-20 14:00:14,393][com.java.SeleniumDriver] [  808] - Test step:2
[INFO ][2015-11-20 14:00:14,403][com.java.SeleniumDriver] [  820] - Datavalue is----------Concept#1:1-14
[INFO ][2015-11-20 14:00:14,403][com.java.SeleniumDriver] [  844] - DataField : test
[INFO ][2015-11-20 14:00:14,403][com.java.SeleniumDriver] [  846] - DataValue : Concept#1:1-14
[INFO ][2015-11-20 14:00:14,403][com.java.SeleniumDriver] [  852] - <In Set values of the page>
[INFO ][2015-11-20 14:00:14,403][com.java.SeleniumDriver] [  855] - {Data Fields & Data Values Exist}
[INFO ][2015-11-20 14:00:14,403][com.java.SeleniumDriver] [  857] - --------------------------setting values-----------------------------
[INFO ][2015-11-20 14:00:14,403][com.java.SeleniumDriver] [  860] - Action Type : ExecuteTestCase
[INFO ][2015-11-20 14:00:14,403][com.java.TestType] [  431] - The Concept sheet name is ---------- Concept
[INFO ][2015-11-20 14:00:14,403][com.java.TestType] [  434] - The Concept ID  is ---------- 1
[DEBUG][2015-11-20 14:00:14,403][com.java.TestType] [  438] - Steps being executted in the Concept are: 1:14
[INFO ][2015-11-20 14:00:14,403][com.java.TestType] [  445] - Test data details path ---------- D:\BankersDashboard\TestInputs\TestData.xls
[INFO ][2015-11-20 14:00:14,433][com.java.TestType] [  476] -  str(1) = 1
[INFO ][2015-11-20 14:00:14,433][com.java.TestType] [  479] - Test case Id is---1
[INFO ][2015-11-20 14:00:14,433][com.java.TestType] [  481] - 1
[INFO ][2015-11-20 14:00:14,433][com.java.TestType] [  476] -  str(2) = 1
[INFO ][2015-11-20 14:00:14,433][com.java.TestType] [  528] - row values are--------{1=com.java.Objects.TestDataDetails@12f1e1a}
[INFO ][2015-11-20 14:00:14,433][com.java.TestType] [  476] -  str(1) = 1
[INFO ][2015-11-20 14:00:14,433][com.java.TestType] [  479] - Test case Id is---1
[INFO ][2015-11-20 14:00:14,433][com.java.TestType] [  481] - 1
[INFO ][2015-11-20 14:00:14,433][com.java.TestType] [  476] -  str(2) = 2
[INFO ][2015-11-20 14:00:14,433][com.java.TestType] [  528] - row values are--------{1=com.java.Objects.TestDataDetails@12f1e1a, 2=com.java.Objects.TestDataDetails@643473}
[INFO ][2015-11-20 14:00:14,433][com.java.TestType] [  476] -  str(1) = 1
[INFO ][2015-11-20 14:00:14,433][com.java.TestType] [  479] - Test case Id is---1
[INFO ][2015-11-20 14:00:14,433][com.java.TestType] [  481] - 1
[INFO ][2015-11-20 14:00:14,433][com.java.TestType] [  476] -  str(2) = 3
[INFO ][2015-11-20 14:00:14,433][com.java.TestType] [  528] - row values are--------{1=com.java.Objects.TestDataDetails@12f1e1a, 2=com.java.Objects.TestDataDetails@643473, 3=com.java.Objects.TestDataDetails@16c3d1f}
[INFO ][2015-11-20 14:00:14,433][com.java.TestType] [  476] -  str(1) = 1
[INFO ][2015-11-20 14:00:14,433][com.java.TestType] [  479] - Test case Id is---1
[INFO ][2015-11-20 14:00:14,433][com.java.TestType] [  481] - 1
[INFO ][2015-11-20 14:00:14,433][com.java.TestType] [  476] -  str(2) = 4
[INFO ][2015-11-20 14:00:14,433][com.java.TestType] [  528] - row values are--------{1=com.java.Objects.TestDataDetails@12f1e1a, 2=com.java.Objects.TestDataDetails@643473, 3=com.java.Objects.TestDataDetails@16c3d1f, 4=com.java.Objects.TestDataDetails@f9a6bd}
[INFO ][2015-11-20 14:00:14,433][com.java.TestType] [  476] -  str(1) = 1
[INFO ][2015-11-20 14:00:14,433][com.java.TestType] [  479] - Test case Id is---1
[INFO ][2015-11-20 14:00:14,433][com.java.TestType] [  481] - 1
[INFO ][2015-11-20 14:00:14,433][com.java.TestType] [  476] -  str(2) = 5
[INFO ][2015-11-20 14:00:14,433][com.java.TestType] [  528] - row values are--------{1=com.java.Objects.TestDataDetails@12f1e1a, 2=com.java.Objects.TestDataDetails@643473, 3=com.java.Objects.TestDataDetails@16c3d1f, 4=com.java.Objects.TestDataDetails@f9a6bd, 5=com.java.Objects.TestDataDetails@11a2c8f}
[INFO ][2015-11-20 14:00:14,443][com.java.TestType] [  476] -  str(1) = 1
[INFO ][2015-11-20 14:00:14,443][com.java.TestType] [  479] - Test case Id is---1
[INFO ][2015-11-20 14:00:14,443][com.java.TestType] [  481] - 1
[INFO ][2015-11-20 14:00:14,443][com.java.TestType] [  476] -  str(2) = 6
[INFO ][2015-11-20 14:00:14,443][com.java.TestType] [  528] - row values are--------{1=com.java.Objects.TestDataDetails@12f1e1a, 2=com.java.Objects.TestDataDetails@643473, 3=com.java.Objects.TestDataDetails@16c3d1f, 4=com.java.Objects.TestDataDetails@f9a6bd, 5=com.java.Objects.TestDataDetails@11a2c8f, 6=com.java.Objects.TestDataDetails@825e02}
[INFO ][2015-11-20 14:00:14,443][com.java.TestType] [  476] -  str(1) = 1
[INFO ][2015-11-20 14:00:14,443][com.java.TestType] [  479] - Test case Id is---1
[INFO ][2015-11-20 14:00:14,443][com.java.TestType] [  481] - 1
[INFO ][2015-11-20 14:00:14,443][com.java.TestType] [  476] -  str(2) = 7
[INFO ][2015-11-20 14:00:14,443][com.java.TestType] [  528] - row values are--------{1=com.java.Objects.TestDataDetails@12f1e1a, 2=com.java.Objects.TestDataDetails@643473, 3=com.java.Objects.TestDataDetails@16c3d1f, 4=com.java.Objects.TestDataDetails@f9a6bd, 5=com.java.Objects.TestDataDetails@11a2c8f, 6=com.java.Objects.TestDataDetails@825e02, 7=com.java.Objects.TestDataDetails@25951f}
[INFO ][2015-11-20 14:00:14,443][com.java.TestType] [  476] -  str(1) = 1
[INFO ][2015-11-20 14:00:14,443][com.java.TestType] [  479] - Test case Id is---1
[INFO ][2015-11-20 14:00:14,443][com.java.TestType] [  481] - 1
[INFO ][2015-11-20 14:00:14,443][com.java.TestType] [  476] -  str(2) = 8
[INFO ][2015-11-20 14:00:14,443][com.java.TestType] [  528] - row values are--------{1=com.java.Objects.TestDataDetails@12f1e1a, 2=com.java.Objects.TestDataDetails@643473, 3=com.java.Objects.TestDataDetails@16c3d1f, 4=com.java.Objects.TestDataDetails@f9a6bd, 5=com.java.Objects.TestDataDetails@11a2c8f, 6=com.java.Objects.TestDataDetails@825e02, 7=com.java.Objects.TestDataDetails@25951f, 8=com.java.Objects.TestDataDetails@1b02985}
[INFO ][2015-11-20 14:00:14,443][com.java.TestType] [  476] -  str(1) = 1
[INFO ][2015-11-20 14:00:14,443][com.java.TestType] [  479] - Test case Id is---1
[INFO ][2015-11-20 14:00:14,443][com.java.TestType] [  481] - 1
[INFO ][2015-11-20 14:00:14,443][com.java.TestType] [  476] -  str(2) = 9
[INFO ][2015-11-20 14:00:14,443][com.java.TestType] [  528] - row values are--------{1=com.java.Objects.TestDataDetails@12f1e1a, 2=com.java.Objects.TestDataDetails@643473, 3=com.java.Objects.TestDataDetails@16c3d1f, 4=com.java.Objects.TestDataDetails@f9a6bd, 5=com.java.Objects.TestDataDetails@11a2c8f, 6=com.java.Objects.TestDataDetails@825e02, 7=com.java.Objects.TestDataDetails@25951f, 8=com.java.Objects.TestDataDetails@1b02985, 9=com.java.Objects.TestDataDetails@15888f7}
[INFO ][2015-11-20 14:00:14,443][com.java.TestType] [  476] -  str(1) = 1
[INFO ][2015-11-20 14:00:14,443][com.java.TestType] [  479] - Test case Id is---1
[INFO ][2015-11-20 14:00:14,443][com.java.TestType] [  481] - 1
[INFO ][2015-11-20 14:00:14,443][com.java.TestType] [  476] -  str(2) = 10
[INFO ][2015-11-20 14:00:14,443][com.java.TestType] [  528] - row values are--------{1=com.java.Objects.TestDataDetails@12f1e1a, 2=com.java.Objects.TestDataDetails@643473, 3=com.java.Objects.TestDataDetails@16c3d1f, 4=com.java.Objects.TestDataDetails@f9a6bd, 5=com.java.Objects.TestDataDetails@11a2c8f, 6=com.java.Objects.TestDataDetails@825e02, 7=com.java.Objects.TestDataDetails@25951f, 8=com.java.Objects.TestDataDetails@1b02985, 9=com.java.Objects.TestDataDetails@15888f7, 10=com.java.Objects.TestDataDetails@994fe8}
[INFO ][2015-11-20 14:00:14,443][com.java.TestType] [  476] -  str(1) = 1
[INFO ][2015-11-20 14:00:14,443][com.java.TestType] [  479] - Test case Id is---1
[INFO ][2015-11-20 14:00:14,443][com.java.TestType] [  481] - 1
[INFO ][2015-11-20 14:00:14,443][com.java.TestType] [  476] -  str(2) = 11
[INFO ][2015-11-20 14:00:14,443][com.java.TestType] [  528] - row values are--------{1=com.java.Objects.TestDataDetails@12f1e1a, 2=com.java.Objects.TestDataDetails@643473, 3=com.java.Objects.TestDataDetails@16c3d1f, 4=com.java.Objects.TestDataDetails@f9a6bd, 5=com.java.Objects.TestDataDetails@11a2c8f, 6=com.java.Objects.TestDataDetails@825e02, 7=com.java.Objects.TestDataDetails@25951f, 8=com.java.Objects.TestDataDetails@1b02985, 9=com.java.Objects.TestDataDetails@15888f7, 10=com.java.Objects.TestDataDetails@994fe8, 11=com.java.Objects.TestDataDetails@34bc8a}
[INFO ][2015-11-20 14:00:14,443][com.java.TestType] [  476] -  str(1) = 1
[INFO ][2015-11-20 14:00:14,443][com.java.TestType] [  479] - Test case Id is---1
[INFO ][2015-11-20 14:00:14,443][com.java.TestType] [  481] - 1
[INFO ][2015-11-20 14:00:14,443][com.java.TestType] [  476] -  str(2) = 12
[INFO ][2015-11-20 14:00:14,443][com.java.TestType] [  528] - row values are--------{1=com.java.Objects.TestDataDetails@12f1e1a, 2=com.java.Objects.TestDataDetails@643473, 3=com.java.Objects.TestDataDetails@16c3d1f, 4=com.java.Objects.TestDataDetails@f9a6bd, 5=com.java.Objects.TestDataDetails@11a2c8f, 6=com.java.Objects.TestDataDetails@825e02, 7=com.java.Objects.TestDataDetails@25951f, 8=com.java.Objects.TestDataDetails@1b02985, 9=com.java.Objects.TestDataDetails@15888f7, 10=com.java.Objects.TestDataDetails@994fe8, 11=com.java.Objects.TestDataDetails@34bc8a, 12=com.java.Objects.TestDataDetails@18567b6}
[INFO ][2015-11-20 14:00:14,443][com.java.TestType] [  476] -  str(1) = 1
[INFO ][2015-11-20 14:00:14,443][com.java.TestType] [  479] - Test case Id is---1
[INFO ][2015-11-20 14:00:14,443][com.java.TestType] [  481] - 1
[INFO ][2015-11-20 14:00:14,443][com.java.TestType] [  476] -  str(2) = 13
[INFO ][2015-11-20 14:00:14,443][com.java.TestType] [  528] - row values are--------{1=com.java.Objects.TestDataDetails@12f1e1a, 2=com.java.Objects.TestDataDetails@643473, 3=com.java.Objects.TestDataDetails@16c3d1f, 4=com.java.Objects.TestDataDetails@f9a6bd, 5=com.java.Objects.TestDataDetails@11a2c8f, 6=com.java.Objects.TestDataDetails@825e02, 7=com.java.Objects.TestDataDetails@25951f, 8=com.java.Objects.TestDataDetails@1b02985, 9=com.java.Objects.TestDataDetails@15888f7, 10=com.java.Objects.TestDataDetails@994fe8, 11=com.java.Objects.TestDataDetails@34bc8a, 12=com.java.Objects.TestDataDetails@18567b6, 13=com.java.Objects.TestDataDetails@1c757a1}
[INFO ][2015-11-20 14:00:14,443][com.java.TestType] [  476] -  str(1) = 1
[INFO ][2015-11-20 14:00:14,443][com.java.TestType] [  479] - Test case Id is---1
[INFO ][2015-11-20 14:00:14,443][com.java.TestType] [  481] - 1
[INFO ][2015-11-20 14:00:14,443][com.java.TestType] [  476] -  str(2) = 14
[INFO ][2015-11-20 14:00:14,453][com.java.TestType] [  528] - row values are--------{1=com.java.Objects.TestDataDetails@12f1e1a, 2=com.java.Objects.TestDataDetails@643473, 3=com.java.Objects.TestDataDetails@16c3d1f, 4=com.java.Objects.TestDataDetails@f9a6bd, 5=com.java.Objects.TestDataDetails@11a2c8f, 6=com.java.Objects.TestDataDetails@825e02, 7=com.java.Objects.TestDataDetails@25951f, 8=com.java.Objects.TestDataDetails@1b02985, 9=com.java.Objects.TestDataDetails@15888f7, 10=com.java.Objects.TestDataDetails@994fe8, 11=com.java.Objects.TestDataDetails@34bc8a, 12=com.java.Objects.TestDataDetails@18567b6, 13=com.java.Objects.TestDataDetails@1c757a1, 14=com.java.Objects.TestDataDetails@61eae}
[INFO ][2015-11-20 14:00:14,453][com.java.TestType] [ 8919] - Looping 1TCID = 1
[DEBUG][2015-11-20 14:00:14,453][com.java.TestType] [ 8960] - Concept ID:1 :: Step being Executed: 1::1
[INFO ][2015-11-20 14:00:14,453][com.java.TestType] [ 8998] - dataFields : TXTusername
[DEBUG][2015-11-20 14:00:14,453][com.java.TestType] [ 9004] - <In Set values of the page>
[DEBUG][2015-11-20 14:00:14,453][com.java.TestType] [ 9009] - {Data Fields & Data Values Exist}
[INFO ][2015-11-20 14:00:14,453][com.java.TestType] [ 9015] - --------------------------setting values-----------------------------
[INFO ][2015-11-20 14:00:14,453][com.java.TestType] [ 9018] - Action Type : CLEARANDENTER
[INFO ][2015-11-20 14:00:14,453][com.java.TestType] [ 4574] - value = naresh.nayini.00000
[INFO ][2015-11-20 14:00:19,208][com.java.TestType] [ 9037] -  RESULT true
[INFO ][2015-11-20 14:00:19,208][com.java.TestType] [ 9154] - ?   P A S S   ?
[DEBUG][2015-11-20 14:00:19,208][com.java.TestType] [ 8960] - Concept ID:1 :: Step being Executed: 1::2
[INFO ][2015-11-20 14:00:19,208][com.java.TestType] [ 8998] - dataFields : TXTpassword
[DEBUG][2015-11-20 14:00:19,208][com.java.TestType] [ 9004] - <In Set values of the page>
[DEBUG][2015-11-20 14:00:19,208][com.java.TestType] [ 9009] - {Data Fields & Data Values Exist}
[INFO ][2015-11-20 14:00:19,208][com.java.TestType] [ 9015] - --------------------------setting values-----------------------------
[INFO ][2015-11-20 14:00:19,208][com.java.TestType] [ 9018] - Action Type : CLEARANDENTER
[INFO ][2015-11-20 14:00:19,208][com.java.TestType] [ 4574] - value = Password1*
[INFO ][2015-11-20 14:00:24,095][com.java.TestType] [ 9037] -  RESULT true
[INFO ][2015-11-20 14:00:24,095][com.java.TestType] [ 9154] - ?   P A S S   ?
[DEBUG][2015-11-20 14:00:24,095][com.java.TestType] [ 8960] - Concept ID:1 :: Step being Executed: 1::3
[ERROR][2015-11-20 14:00:24,095][com.java.TestType] [ 8993] - Exception: null
[INFO ][2015-11-20 14:00:24,095][com.java.TestType] [ 8998] - dataFields : XPH//button[@type='submit']
[DEBUG][2015-11-20 14:00:24,095][com.java.TestType] [ 9004] - <In Set values of the page>
[DEBUG][2015-11-20 14:00:24,095][com.java.TestType] [ 9009] - {Data Fields & Data Values Exist}
[INFO ][2015-11-20 14:00:24,095][com.java.TestType] [ 9015] - --------------------------setting values-----------------------------
[INFO ][2015-11-20 14:00:24,095][com.java.TestType] [ 9018] - Action Type : Click
[INFO ][2015-11-20 14:00:24,095][com.java.TestType] [ 4887] - Field ::XPH//button[@type='submit']
[INFO ][2015-11-20 14:00:25,096][com.java.TestType] [ 4946] - BEFORE CLICK
[INFO ][2015-11-20 14:00:25,961][com.java.TestType] [ 4954] - Unable to click the object Login
[INFO ][2015-11-20 14:00:25,961][com.java.TestType] [ 9037] -  RESULT true
[INFO ][2015-11-20 14:00:25,961][com.java.TestType] [ 9154] - ?   P A S S   ?
[DEBUG][2015-11-20 14:00:25,961][com.java.TestType] [ 8960] - Concept ID:1 :: Step being Executed: 1::4
[INFO ][2015-11-20 14:00:25,961][com.java.TestType] [ 8998] - dataFields : LNKLogout
[DEBUG][2015-11-20 14:00:25,961][com.java.TestType] [ 9004] - <In Set values of the page>
[DEBUG][2015-11-20 14:00:25,961][com.java.TestType] [ 9009] - {Data Fields & Data Values Exist}
[INFO ][2015-11-20 14:00:25,961][com.java.TestType] [ 9015] - --------------------------setting values-----------------------------
[INFO ][2015-11-20 14:00:25,961][com.java.TestType] [ 9018] - Action Type : WaitForElement
[INFO ][2015-11-20 14:00:30,798][com.java.TestType] [ 9037] -  RESULT true
[INFO ][2015-11-20 14:00:30,798][com.java.TestType] [ 9154] - ?   P A S S   ?
[DEBUG][2015-11-20 14:00:30,798][com.java.TestType] [ 8960] - Concept ID:1 :: Step being Executed: 1::13
[INFO ][2015-11-20 14:00:30,798][com.java.TestType] [ 8998] - dataFields : LNK
[DEBUG][2015-11-20 14:00:30,798][com.java.TestType] [ 9004] - <In Set values of the page>
[DEBUG][2015-11-20 14:00:30,798][com.java.TestType] [ 9009] - {Data Fields & Data Values Exist}
[INFO ][2015-11-20 14:00:30,798][com.java.TestType] [ 9015] - --------------------------setting values-----------------------------
[INFO ][2015-11-20 14:00:30,798][com.java.TestType] [ 9018] - Action Type : Verify
[INFO ][2015-11-20 14:00:30,798][com.java.TestType] [ 5681] - field= LNK value= Logout
[INFO ][2015-11-20 14:00:30,798][com.java.TestType] [ 4574] - value = Logout
[INFO ][2015-11-20 14:00:30,829][com.java.TestType] [ 9037] -  RESULT true
[INFO ][2015-11-20 14:00:30,829][com.java.TestType] [ 9154] - ?   P A S S   ?
[DEBUG][2015-11-20 14:00:30,829][com.java.TestType] [ 8960] - Concept ID:1 :: Step being Executed: 1::14
[INFO ][2015-11-20 14:00:30,829][com.java.TestType] [ 8998] - dataFields : BTN
[DEBUG][2015-11-20 14:00:30,829][com.java.TestType] [ 9004] - <In Set values of the page>
[DEBUG][2015-11-20 14:00:30,829][com.java.TestType] [ 9009] - {Data Fields & Data Values Exist}
[INFO ][2015-11-20 14:00:30,829][com.java.TestType] [ 9015] - --------------------------setting values-----------------------------
[INFO ][2015-11-20 14:00:30,829][com.java.TestType] [ 9018] - Action Type : Verify
[INFO ][2015-11-20 14:00:30,829][com.java.TestType] [ 5681] - field= BTN value= //img[contains(@src,'bdlogo.jpg')]
[INFO ][2015-11-20 14:00:30,829][com.java.TestType] [ 4574] - value = //img[contains(@src,'bdlogo.jpg')]
[INFO ][2015-11-20 14:00:30,859][com.java.TestType] [ 9037] -  RESULT true
[INFO ][2015-11-20 14:00:30,859][com.java.TestType] [ 9154] - ?   P A S S   ?
[INFO ][2015-11-20 14:00:30,859][com.java.TestType] [ 9225] - Looping End......
[INFO ][2015-11-20 14:00:30,859][com.java.SeleniumDriver] [  869] -  RESULT true
[INFO ][2015-11-20 14:00:30,859][com.java.SeleniumDriver] [ 1074] - ?   P A S S   ?
[INFO ][2015-11-20 14:00:30,859][com.java.SeleniumDriver] [  796] - ------------------------------------------
[INFO ][2015-11-20 14:00:30,859][com.java.SeleniumDriver] [  797] - Test case being Executed: 20
[INFO ][2015-11-20 14:00:30,859][com.java.SeleniumDriver] [  808] - Test step:3
[INFO ][2015-11-20 14:00:30,859][com.java.SeleniumDriver] [  820] - Datavalue is----------CFC
[INFO ][2015-11-20 14:00:30,859][com.java.SeleniumDriver] [  844] - DataField : BNK//select[@id='bank']
[INFO ][2015-11-20 14:00:30,859][com.java.SeleniumDriver] [  846] - DataValue : CFC
[INFO ][2015-11-20 14:00:30,859][com.java.SeleniumDriver] [  852] - <In Set values of the page>
[INFO ][2015-11-20 14:00:30,859][com.java.SeleniumDriver] [  855] - {Data Fields & Data Values Exist}
[INFO ][2015-11-20 14:00:30,859][com.java.SeleniumDriver] [  857] - --------------------------setting values-----------------------------
[INFO ][2015-11-20 14:00:30,859][com.java.SeleniumDriver] [  860] - Action Type : Select
[INFO ][2015-11-20 14:00:30,859][com.java.TestType] [ 4574] - value = CFC
[INFO ][2015-11-20 14:00:31,136][com.java.SeleniumDriver] [  869] -  RESULT true
[INFO ][2015-11-20 14:00:31,136][com.java.SeleniumDriver] [ 1074] - ?   P A S S   ?
[INFO ][2015-11-20 14:00:31,136][com.java.SeleniumDriver] [  796] - ------------------------------------------
[INFO ][2015-11-20 14:00:31,136][com.java.SeleniumDriver] [  797] - Test case being Executed: 20
[INFO ][2015-11-20 14:00:31,136][com.java.SeleniumDriver] [  808] - Test step:4
[INFO ][2015-11-20 14:00:31,136][com.java.SeleniumDriver] [  820] - Datavalue is----------5
[INFO ][2015-11-20 14:00:31,136][com.java.SeleniumDriver] [  844] - DataField : LNKLogout
[INFO ][2015-11-20 14:00:31,136][com.java.SeleniumDriver] [  846] - DataValue : 5
[INFO ][2015-11-20 14:00:31,136][com.java.SeleniumDriver] [  852] - <In Set values of the page>
[INFO ][2015-11-20 14:00:31,136][com.java.SeleniumDriver] [  855] - {Data Fields & Data Values Exist}
[INFO ][2015-11-20 14:00:31,136][com.java.SeleniumDriver] [  857] - --------------------------setting values-----------------------------
[INFO ][2015-11-20 14:00:31,136][com.java.SeleniumDriver] [  860] - Action Type : WaitTime
[DEBUG][2015-11-20 14:00:31,136][com.java.TestType] [ 4409] - sleepTime: 5000
[INFO ][2015-11-20 14:00:36,136][com.java.SeleniumDriver] [  869] -  RESULT true
[INFO ][2015-11-20 14:00:36,136][com.java.SeleniumDriver] [ 1074] - ?   P A S S   ?
[INFO ][2015-11-20 14:00:36,136][com.java.SeleniumDriver] [  796] - ------------------------------------------
[INFO ][2015-11-20 14:00:36,136][com.java.SeleniumDriver] [  797] - Test case being Executed: 20
[INFO ][2015-11-20 14:00:36,136][com.java.SeleniumDriver] [  808] - Test step:5
[INFO ][2015-11-20 14:00:36,136][com.java.SeleniumDriver] [  820] - Datavalue is----------10
[INFO ][2015-11-20 14:00:36,136][com.java.SeleniumDriver] [  844] - DataField : BTNG/L
[INFO ][2015-11-20 14:00:36,136][com.java.SeleniumDriver] [  846] - DataValue : 10
[INFO ][2015-11-20 14:00:36,136][com.java.SeleniumDriver] [  852] - <In Set values of the page>
[INFO ][2015-11-20 14:00:36,136][com.java.SeleniumDriver] [  855] - {Data Fields & Data Values Exist}
[INFO ][2015-11-20 14:00:36,136][com.java.SeleniumDriver] [  857] - --------------------------setting values-----------------------------
[INFO ][2015-11-20 14:00:36,136][com.java.SeleniumDriver] [  860] - Action Type : WAITFORELEMENT
[INFO ][2015-11-20 14:00:46,400][com.java.SeleniumDriver] [  869] -  RESULT true
[INFO ][2015-11-20 14:00:46,400][com.java.SeleniumDriver] [ 1074] - ?   P A S S   ?
[INFO ][2015-11-20 14:00:46,400][com.java.SeleniumDriver] [  796] - ------------------------------------------
[INFO ][2015-11-20 14:00:46,400][com.java.SeleniumDriver] [  797] - Test case being Executed: 20
[INFO ][2015-11-20 14:00:46,400][com.java.SeleniumDriver] [  808] - Test step:6
[INFO ][2015-11-20 14:00:46,400][com.java.SeleniumDriver] [  820] - Datavalue is----------null
[DEBUG][2015-11-20 14:00:46,400][com.java.SeleniumDriver] [  838] - Exception: null
[INFO ][2015-11-20 14:00:46,400][com.java.SeleniumDriver] [  844] - DataField : //span[@class="icon-coin"]&&//a[contains(text(),"Balance Sheet")]&&//a[@data-id="BSCompare"]
[INFO ][2015-11-20 14:00:46,400][com.java.SeleniumDriver] [  846] - DataValue : 
[INFO ][2015-11-20 14:00:46,400][com.java.SeleniumDriver] [  852] - <In Set values of the page>
[INFO ][2015-11-20 14:00:46,400][com.java.SeleniumDriver] [  855] - {Data Fields & Data Values Exist}
[INFO ][2015-11-20 14:00:46,400][com.java.SeleniumDriver] [  857] - --------------------------setting values-----------------------------
[INFO ][2015-11-20 14:00:46,400][com.java.SeleniumDriver] [  860] - Action Type : MOUSEOVER
[INFO ][2015-11-20 14:01:13,138][com.java.SeleniumDriver] [  869] -  RESULT true
[INFO ][2015-11-20 14:01:13,138][com.java.SeleniumDriver] [ 1074] - ?   P A S S   ?
[INFO ][2015-11-20 14:01:13,138][com.java.SeleniumDriver] [  796] - ------------------------------------------
[INFO ][2015-11-20 14:01:13,138][com.java.SeleniumDriver] [  797] - Test case being Executed: 20
[INFO ][2015-11-20 14:01:13,138][com.java.SeleniumDriver] [  808] - Test step:7
[INFO ][2015-11-20 14:01:13,138][com.java.SeleniumDriver] [  820] - Datavalue is----------frameDialogContent
[INFO ][2015-11-20 14:01:13,138][com.java.SeleniumDriver] [  844] - DataField : BTN
[INFO ][2015-11-20 14:01:13,138][com.java.SeleniumDriver] [  846] - DataValue : frameDialogContent
[INFO ][2015-11-20 14:01:13,138][com.java.SeleniumDriver] [  852] - <In Set values of the page>
[INFO ][2015-11-20 14:01:13,138][com.java.SeleniumDriver] [  855] - {Data Fields & Data Values Exist}
[INFO ][2015-11-20 14:01:13,138][com.java.SeleniumDriver] [  857] - --------------------------setting values-----------------------------
[INFO ][2015-11-20 14:01:13,138][com.java.SeleniumDriver] [  860] - Action Type : SELECTFRAMEBYNAME
[INFO ][2015-11-20 14:01:13,138][com.java.TestType] [ 4574] - value = frameDialogContent
[INFO ][2015-11-20 14:01:13,199][com.java.SeleniumDriver] [  869] -  RESULT true
[INFO ][2015-11-20 14:01:13,199][com.java.SeleniumDriver] [ 1074] - ?   P A S S   ?
[INFO ][2015-11-20 14:01:13,199][com.java.SeleniumDriver] [  796] - ------------------------------------------
[INFO ][2015-11-20 14:01:13,199][com.java.SeleniumDriver] [  797] - Test case being Executed: 20
[INFO ][2015-11-20 14:01:13,199][com.java.SeleniumDriver] [  808] - Test step:8
[INFO ][2015-11-20 14:01:13,199][com.java.SeleniumDriver] [  820] - Datavalue is----------10
[INFO ][2015-11-20 14:01:13,199][com.java.SeleniumDriver] [  844] - DataField : XPH//input[contains(@id, 'cbExpandCenters')]
[INFO ][2015-11-20 14:01:13,199][com.java.SeleniumDriver] [  846] - DataValue : 10
[INFO ][2015-11-20 14:01:13,199][com.java.SeleniumDriver] [  852] - <In Set values of the page>
[INFO ][2015-11-20 14:01:13,199][com.java.SeleniumDriver] [  855] - {Data Fields & Data Values Exist}
[INFO ][2015-11-20 14:01:13,199][com.java.SeleniumDriver] [  857] - --------------------------setting values-----------------------------
[INFO ][2015-11-20 14:01:13,199][com.java.SeleniumDriver] [  860] - Action Type : WAITFORELEMENT
[INFO ][2015-11-20 14:01:13,249][com.java.SeleniumDriver] [  869] -  RESULT true
[INFO ][2015-11-20 14:01:13,249][com.java.SeleniumDriver] [ 1074] - ?   P A S S   ?
[INFO ][2015-11-20 14:01:13,249][com.java.SeleniumDriver] [  796] - ------------------------------------------
[INFO ][2015-11-20 14:01:13,249][com.java.SeleniumDriver] [  797] - Test case being Executed: 20
[INFO ][2015-11-20 14:01:13,249][com.java.SeleniumDriver] [  808] - Test step:9
[INFO ][2015-11-20 14:01:13,249][com.java.SeleniumDriver] [  820] - Datavalue is----------null
[DEBUG][2015-11-20 14:01:13,249][com.java.SeleniumDriver] [  838] - Exception: null
[INFO ][2015-11-20 14:01:13,249][com.java.SeleniumDriver] [  844] - DataField : XPH//input[contains(@id, 'cbExpandCenters')]
[INFO ][2015-11-20 14:01:13,249][com.java.SeleniumDriver] [  846] - DataValue : 
[INFO ][2015-11-20 14:01:13,249][com.java.SeleniumDriver] [  852] - <In Set values of the page>
[INFO ][2015-11-20 14:01:13,249][com.java.SeleniumDriver] [  855] - {Data Fields & Data Values Exist}
[INFO ][2015-11-20 14:01:13,249][com.java.SeleniumDriver] [  857] - --------------------------setting values-----------------------------
[INFO ][2015-11-20 14:01:13,249][com.java.SeleniumDriver] [  860] - Action Type : CLICK
[INFO ][2015-11-20 14:01:13,249][com.java.TestType] [ 4887] - Field ::XPH//input[contains(@id, 'cbExpandCenters')]
[INFO ][2015-11-20 14:01:14,249][com.java.TestType] [ 4946] - BEFORE CLICK
[INFO ][2015-11-20 14:01:14,989][com.java.TestType] [ 4954] - Unable to click the object click on expand columns checkbox
[INFO ][2015-11-20 14:01:14,989][com.java.SeleniumDriver] [  869] -  RESULT true
[INFO ][2015-11-20 14:01:14,989][com.java.SeleniumDriver] [ 1074] - ?   P A S S   ?
[INFO ][2015-11-20 14:01:14,989][com.java.SeleniumDriver] [  796] - ------------------------------------------
[INFO ][2015-11-20 14:01:14,989][com.java.SeleniumDriver] [  797] - Test case being Executed: 20
[INFO ][2015-11-20 14:01:14,989][com.java.SeleniumDriver] [  808] - Test step:10
[INFO ][2015-11-20 14:01:14,989][com.java.SeleniumDriver] [  820] - Datavalue is----------null
[DEBUG][2015-11-20 14:01:14,989][com.java.SeleniumDriver] [  838] - Exception: null
[INFO ][2015-11-20 14:01:14,989][com.java.SeleniumDriver] [  844] - DataField : BTNparent
[INFO ][2015-11-20 14:01:14,989][com.java.SeleniumDriver] [  846] - DataValue : 
[INFO ][2015-11-20 14:01:14,989][com.java.SeleniumDriver] [  852] - <In Set values of the page>
[INFO ][2015-11-20 14:01:14,989][com.java.SeleniumDriver] [  855] - {Data Fields & Data Values Exist}
[INFO ][2015-11-20 14:01:14,989][com.java.SeleniumDriver] [  857] - --------------------------setting values-----------------------------
[INFO ][2015-11-20 14:01:14,989][com.java.SeleniumDriver] [  860] - Action Type : SELECTFRAME
[INFO ][2015-11-20 14:01:14,990][com.java.SeleniumDriver] [  869] -  RESULT true
[INFO ][2015-11-20 14:01:14,990][com.java.SeleniumDriver] [ 1074] - ?   P A S S   ?
[INFO ][2015-11-20 14:01:14,990][com.java.SeleniumDriver] [  796] - ------------------------------------------
[INFO ][2015-11-20 14:01:14,990][com.java.SeleniumDriver] [  797] - Test case being Executed: 20
[INFO ][2015-11-20 14:01:14,990][com.java.SeleniumDriver] [  808] - Test step:11
[INFO ][2015-11-20 14:01:14,990][com.java.SeleniumDriver] [  820] - Datavalue is----------null
[DEBUG][2015-11-20 14:01:14,990][com.java.SeleniumDriver] [  838] - Exception: null
[INFO ][2015-11-20 14:01:14,990][com.java.SeleniumDriver] [  844] - DataField : XPH//span[text()='Show Report']
[INFO ][2015-11-20 14:01:14,990][com.java.SeleniumDriver] [  846] - DataValue : 
[INFO ][2015-11-20 14:01:14,990][com.java.SeleniumDriver] [  852] - <In Set values of the page>
[INFO ][2015-11-20 14:01:14,990][com.java.SeleniumDriver] [  855] - {Data Fields & Data Values Exist}
[INFO ][2015-11-20 14:01:14,990][com.java.SeleniumDriver] [  857] - --------------------------setting values-----------------------------
[INFO ][2015-11-20 14:01:14,990][com.java.SeleniumDriver] [  860] - Action Type : CLICK
[INFO ][2015-11-20 14:01:14,990][com.java.TestType] [ 4887] - Field ::XPH//span[text()='Show Report']
[INFO ][2015-11-20 14:01:16,000][com.java.TestType] [ 4946] - BEFORE CLICK
[INFO ][2015-11-20 14:01:17,120][com.java.TestType] [ 4954] - Unable to click the object click on show report button
[INFO ][2015-11-20 14:01:17,120][com.java.SeleniumDriver] [  869] -  RESULT true
[INFO ][2015-11-20 14:01:17,120][com.java.SeleniumDriver] [ 1074] - ?   P A S S   ?
[INFO ][2015-11-20 14:01:17,120][com.java.SeleniumDriver] [  796] - ------------------------------------------
[INFO ][2015-11-20 14:01:17,120][com.java.SeleniumDriver] [  797] - Test case being Executed: 20
[INFO ][2015-11-20 14:01:17,120][com.java.SeleniumDriver] [  808] - Test step:12
[INFO ][2015-11-20 14:01:17,120][com.java.SeleniumDriver] [  820] - Datavalue is----------3
[INFO ][2015-11-20 14:01:17,120][com.java.SeleniumDriver] [  844] - DataField : XPH//img[@id='loading']
[INFO ][2015-11-20 14:01:17,120][com.java.SeleniumDriver] [  846] - DataValue : 3
[INFO ][2015-11-20 14:01:17,120][com.java.SeleniumDriver] [  852] - <In Set values of the page>
[INFO ][2015-11-20 14:01:17,120][com.java.SeleniumDriver] [  855] - {Data Fields & Data Values Exist}
[INFO ][2015-11-20 14:01:17,120][com.java.SeleniumDriver] [  857] - --------------------------setting values-----------------------------
[INFO ][2015-11-20 14:01:17,120][com.java.SeleniumDriver] [  860] - Action Type : WaitForElement
[INFO ][2015-11-20 14:01:17,151][com.java.SeleniumDriver] [  869] -  RESULT true
[INFO ][2015-11-20 14:01:17,151][com.java.SeleniumDriver] [ 1074] - ?   P A S S   ?
[INFO ][2015-11-20 14:01:17,151][com.java.SeleniumDriver] [  796] - ------------------------------------------
[INFO ][2015-11-20 14:01:17,151][com.java.SeleniumDriver] [  797] - Test case being Executed: 20
[INFO ][2015-11-20 14:01:17,151][com.java.SeleniumDriver] [  808] - Test step:13
[INFO ][2015-11-20 14:01:17,151][com.java.SeleniumDriver] [  820] - Datavalue is----------90
[INFO ][2015-11-20 14:01:17,151][com.java.SeleniumDriver] [  844] - DataField : XPH//img[@id='loading']
[INFO ][2015-11-20 14:01:17,151][com.java.SeleniumDriver] [  846] - DataValue : 90
[INFO ][2015-11-20 14:01:17,151][com.java.SeleniumDriver] [  852] - <In Set values of the page>
[INFO ][2015-11-20 14:01:17,151][com.java.SeleniumDriver] [  855] - {Data Fields & Data Values Exist}
[INFO ][2015-11-20 14:01:17,151][com.java.SeleniumDriver] [  857] - --------------------------setting values-----------------------------
[INFO ][2015-11-20 14:01:17,151][com.java.SeleniumDriver] [  860] - Action Type : waitForElementNotPresent
[INFO ][2015-11-20 14:01:20,608][com.java.SeleniumDriver] [  869] -  RESULT true
[INFO ][2015-11-20 14:01:20,608][com.java.SeleniumDriver] [ 1074] - ?   P A S S   ?
[INFO ][2015-11-20 14:01:20,608][com.java.SeleniumDriver] [  796] - ------------------------------------------
[INFO ][2015-11-20 14:01:20,608][com.java.SeleniumDriver] [  797] - Test case being Executed: 20
[INFO ][2015-11-20 14:01:20,608][com.java.SeleniumDriver] [  808] - Test step:14
[INFO ][2015-11-20 14:01:20,608][com.java.SeleniumDriver] [  820] - Datavalue is----------10
[INFO ][2015-11-20 14:01:20,608][com.java.SeleniumDriver] [  844] - DataField : XPH//td[contains(text(), 'Sheet Compare')]
[INFO ][2015-11-20 14:01:20,608][com.java.SeleniumDriver] [  846] - DataValue : 10
[INFO ][2015-11-20 14:01:20,608][com.java.SeleniumDriver] [  852] - <In Set values of the page>
[INFO ][2015-11-20 14:01:20,608][com.java.SeleniumDriver] [  855] - {Data Fields & Data Values Exist}
[INFO ][2015-11-20 14:01:20,608][com.java.SeleniumDriver] [  857] - --------------------------setting values-----------------------------
[INFO ][2015-11-20 14:01:20,608][com.java.SeleniumDriver] [  860] - Action Type : WAITFORELEMENT
[INFO ][2015-11-20 14:01:20,648][com.java.SeleniumDriver] [  869] -  RESULT true
[INFO ][2015-11-20 14:01:20,648][com.java.SeleniumDriver] [ 1074] - ?   P A S S   ?
[INFO ][2015-11-20 14:01:20,648][com.java.SeleniumDriver] [  796] - ------------------------------------------
[INFO ][2015-11-20 14:01:20,648][com.java.SeleniumDriver] [  797] - Test case being Executed: 20
[INFO ][2015-11-20 14:01:20,648][com.java.SeleniumDriver] [  808] - Test step:15
[INFO ][2015-11-20 14:01:20,648][com.java.SeleniumDriver] [  820] - Datavalue is----------Compare
[INFO ][2015-11-20 14:01:20,648][com.java.SeleniumDriver] [  844] - DataField : XPH//td[contains(text(), 'Sheet Compare')]
[INFO ][2015-11-20 14:01:20,648][com.java.SeleniumDriver] [  846] - DataValue : Compare
[INFO ][2015-11-20 14:01:20,648][com.java.SeleniumDriver] [  852] - <In Set values of the page>
[INFO ][2015-11-20 14:01:20,648][com.java.SeleniumDriver] [  855] - {Data Fields & Data Values Exist}
[INFO ][2015-11-20 14:01:20,648][com.java.SeleniumDriver] [  857] - --------------------------setting values-----------------------------
[INFO ][2015-11-20 14:01:20,648][com.java.SeleniumDriver] [  860] - Action Type : VERIFY
[INFO ][2015-11-20 14:01:20,648][com.java.TestType] [ 5681] - field= XPH//td[contains(text(), 'Sheet Compare')] value= Compare
[INFO ][2015-11-20 14:01:20,648][com.java.TestType] [ 4574] - value = Compare
[INFO ][2015-11-20 14:01:20,808][com.java.SeleniumDriver] [  869] -  RESULT true
[INFO ][2015-11-20 14:01:20,808][com.java.SeleniumDriver] [ 1074] - ?   P A S S   ?
[INFO ][2015-11-20 14:01:20,808][com.java.SeleniumDriver] [  796] - ------------------------------------------
[INFO ][2015-11-20 14:01:20,808][com.java.SeleniumDriver] [  797] - Test case being Executed: 20
[INFO ][2015-11-20 14:01:20,808][com.java.SeleniumDriver] [  808] - Test step:16
[INFO ][2015-11-20 14:01:20,808][com.java.SeleniumDriver] [  820] - Datavalue is----------null
[DEBUG][2015-11-20 14:01:20,808][com.java.SeleniumDriver] [  838] - Exception: null
[INFO ][2015-11-20 14:01:20,808][com.java.SeleniumDriver] [  844] - DataField : XPH//table/thead/tr/td[2]/div/b/delete/img
[INFO ][2015-11-20 14:01:20,808][com.java.SeleniumDriver] [  846] - DataValue : 
[INFO ][2015-11-20 14:01:20,808][com.java.SeleniumDriver] [  852] - <In Set values of the page>
[INFO ][2015-11-20 14:01:20,808][com.java.SeleniumDriver] [  855] - {Data Fields & Data Values Exist}
[INFO ][2015-11-20 14:01:20,808][com.java.SeleniumDriver] [  857] - --------------------------setting values-----------------------------
[INFO ][2015-11-20 14:01:20,808][com.java.SeleniumDriver] [  860] - Action Type : CLICK
[INFO ][2015-11-20 14:01:20,808][com.java.TestType] [ 4887] - Field ::XPH//table/thead/tr/td[2]/div/b/delete/img
[INFO ][2015-11-20 14:01:21,808][com.java.TestType] [ 4946] - BEFORE CLICK
[INFO ][2015-11-20 14:01:22,836][com.java.TestType] [ 4954] - Unable to click the object click on tyre tracks
[INFO ][2015-11-20 14:01:22,836][com.java.SeleniumDriver] [  869] -  RESULT true
[INFO ][2015-11-20 14:01:22,836][com.java.SeleniumDriver] [ 1074] - ?   P A S S   ?
[INFO ][2015-11-20 14:01:22,836][com.java.SeleniumDriver] [  796] - ------------------------------------------
[INFO ][2015-11-20 14:01:22,836][com.java.SeleniumDriver] [  797] - Test case being Executed: 20
[INFO ][2015-11-20 14:01:22,836][com.java.SeleniumDriver] [  808] - Test step:17
[INFO ][2015-11-20 14:01:22,836][com.java.SeleniumDriver] [  820] - Datavalue is----------Eliminations
[INFO ][2015-11-20 14:01:22,836][com.java.SeleniumDriver] [  844] - DataField : //table[@id='ReportTable2']/thead/tr/td[contains(@class,'td_Numeric')]
[INFO ][2015-11-20 14:01:22,836][com.java.SeleniumDriver] [  846] - DataValue : Eliminations
[INFO ][2015-11-20 14:01:22,836][com.java.SeleniumDriver] [  852] - <In Set values of the page>
[INFO ][2015-11-20 14:01:22,836][com.java.SeleniumDriver] [  855] - {Data Fields & Data Values Exist}
[INFO ][2015-11-20 14:01:22,836][com.java.SeleniumDriver] [  857] - --------------------------setting values-----------------------------
[INFO ][2015-11-20 14:01:22,836][com.java.SeleniumDriver] [  860] - Action Type : VERIFYELEMENT
[DEBUG][2015-11-20 14:01:22,836][com.java.TestType] [  830] - Unable to perform action//table[@id='ReportTable2']/thead/tr/td[contains(@class,'td_Numeric')]
[ERROR][2015-11-20 14:01:22,836][com.java.TestType] [  831] - Exception: No enum constant com.java.TestType.ActionTypes.VERIFYELEMENT
[INFO ][2015-11-20 14:01:22,836][com.java.SeleniumDriver] [  869] -  RESULT false
[INFO ][2015-11-20 14:01:22,836][com.java.SeleniumDriver] [  916] - ?   F A I L   ?
[INFO ][2015-11-20 14:01:22,836][com.java.SeleniumDriver] [  924] - Browser Type : IE10
[INFO ][2015-11-20 14:01:22,836][com.java.SeleniumDriver] [  925] - Adding Failed case20
[INFO ][2015-11-20 14:01:23,517][com.java.SeleniumDriver] [ 1038] - failedCases = 20
[ERROR][2015-11-20 14:01:23,517][com.java.SeleniumDriver] [ 1525] - Platform Errors : Our apologies...::We have encountered an issue with your request.::Our apologies?:We encountered an issue with your request.
[INFO ][2015-11-20 14:01:23,517][com.java.SeleniumDriver] [ 1529] - Length =3
[ERROR][2015-11-20 14:01:23,517][com.java.SeleniumDriver] [ 1532] - Error 0 = Our apologies...
[ERROR][2015-11-20 14:01:23,597][com.java.SeleniumDriver] [ 1532] - Error 1 = We have encountered an issue with your request.
[ERROR][2015-11-20 14:01:23,677][com.java.SeleniumDriver] [ 1532] - Error 2 = Our apologies?:We encountered an issue with your request.
[DEBUG][2015-11-20 14:01:23,747][com.java.SeleniumDriver] [ 1176] - Case found
[DEBUG][2015-11-20 14:01:23,747][com.java.SeleniumDriver] [ 1181] - Incrementing ReportCounters[0]:1
[INFO ][2015-11-20 14:01:23,747][com.java.SeleniumDriver] [ 1200] - The results are-------------------[20, 17, GL: Balance Sheet: Balance Sheet Compare Page->Report Page, Fail, 
Test case failed at Step No. :: 17   Error Message ::  No enum constant com.java.TestType.ActionTypes.VERIFYELEMENT. Screen Shot : D:\BankersDashboard\TestReports\112015\20_112015_140122_IE10.png, Fri Nov 20 14:01:23 IST 2015]
[INFO ][2015-11-20 14:01:23,747][com.java.SeleniumDriver] [ 1204] - End time is-------1 min 41 sec
[INFO ][2015-11-20 14:01:23,747][com.java.SeleniumDriver] [ 1205] - The results are-------------------[20, 17, GL: Balance Sheet: Balance Sheet Compare Page->Report Page, Fail, 
Test case failed at Step No. :: 17   Error Message ::  No enum constant com.java.TestType.ActionTypes.VERIFYELEMENT. Screen Shot : D:\BankersDashboard\TestReports\112015\20_112015_140122_IE10.png, Fri Nov 20 14:01:23 IST 2015]
[DEBUG][2015-11-20 14:01:23,747][com.java.ImportnExport.ExportTestResultsExcel] [  222] - testResultPath = D:\BankersDashboard/TestReports/Test Results_BankersDashBoard_112015_135944_IE10_Any Bank USA.xls
[DEBUG][2015-11-20 14:01:23,747][com.java.ImportnExport.ExportTestResultsExcel] [  223] - browser is------------IE10
[DEBUG][2015-11-20 14:01:23,787][com.java.ImportnExport.ExportTestResultsExcel] [  270] - result.size() = 6
[DEBUG][2015-11-20 14:01:23,787][com.java.ImportnExport.ExportTestResultsExcel] [  274] - No of rows in sheet=1
[DEBUG][2015-11-20 14:01:23,787][com.java.ImportnExport.ExportTestResultsExcel] [  301] - ..in export..20
[DEBUG][2015-11-20 14:01:23,787][com.java.ImportnExport.ExportTestResultsExcel] [  301] - ..in export..GL: Balance Sheet: Balance Sheet Compare Page->Report Page
[DEBUG][2015-11-20 14:01:23,787][com.java.ImportnExport.ExportTestResultsExcel] [  301] - ..in export..Fail
[DEBUG][2015-11-20 14:01:23,787][com.java.ImportnExport.ExportTestResultsExcel] [  301] - ..in export..
Test case failed at Step No. :: 17   Error Message ::  No enum constant com.java.TestType.ActionTypes.VERIFYELEMENT. Screen Shot : D:\BankersDashboard\TestReports\112015\20_112015_140122_IE10.png
[DEBUG][2015-11-20 14:01:23,787][com.java.ImportnExport.ExportTestResultsExcel] [  301] - ..in export..Fri Nov 20 14:01:23 IST 2015
[INFO ][2015-11-20 14:01:23,787][com.java.SeleniumDriver] [ 1263] - out loop:0 size:2 TestCases:[20, 21] testcases:[20, 21]
[INFO ][2015-11-20 14:01:23,787][com.java.ImportnExport.ImportTestDataDetailsExcel] [   49] - test data details path===== D:\BankersDashboard\TestInputs\TestData.xls
