[INFO ][2015-11-06 11:44:28,077][com.java.SeleniumDriver] [  213] - Execute Failed Casesfalse
[INFO ][2015-11-06 11:44:28,077][com.java.SeleniumDriver] [  214] - Browser: IE11
[INFO ][2015-11-06 11:44:28,077][com.java.SeleniumDriver] [  215] - [1, 3]
[INFO ][2015-11-06 11:44:28,077][com.java.SeleniumDriver] [  216] - Total TestCases:2
[INFO ][2015-11-06 11:44:28,077][com.java.SeleniumDriver] [  217] -  Reading Properties from Property File 
[DEBUG][2015-11-06 11:44:28,077][com.java.SeleniumDriver] [  238] - url : https://clients-xuat.bankersdashboard.com
[INFO ][2015-11-06 11:44:28,077][com.java.ImportnExport.ExportTestResultsExcel] [  116] - Time Stamp Fri Nov 06 11:44:28 IST 2015
[INFO ][2015-11-06 11:44:28,077][com.java.ImportnExport.ExportTestResultsExcel] [  175] - OUT FILE : D:\BankersDashboard/TestReports/Test Results_BankersDashBoard_110615_114428_IE11_Any Bank USA.xls
[INFO ][2015-11-06 11:44:28,109][com.java.ImportnExport.ExportTestResultsExcel] [  180] - Test Result file is created
[DEBUG][2015-11-06 11:44:28,202][com.java.SeleniumDriver] [  425] - Hub ip address is-------172.17.68.34
[INFO ][2015-11-06 11:44:28,202][com.java.SeleniumDriver] [  451] - Grid URL:http://172.17.68.34:4444/wd/hub
[INFO ][2015-11-06 11:44:28,202][com.java.SeleniumDriver] [  452] - Capability:Capabilities [{platform=ANY, ensureCleanSession=true, ignoreProtectedModeSettings=true, acceptSslCerts=true, ignoreZoomSetting=true, browserName=internet explorer, browserstack.ie.noFlash=true, version=Node1}]
[ERROR][2015-11-06 11:44:29,513][com.java.SeleniumDriver] [  496] - Unable invoke browser in grid:Could not start a new session. Possible causes are invalid address of the remote server or browser start-up failure.
Build info: version: '2.48.2', revision: '41bccdd', time: '2015-10-09 19:59:12'
System info: host: 'FVTIII438F1D', ip: '172.17.68.34', os.name: 'Windows 7', os.arch: 'x86', os.version: '6.1', java.version: '1.7.0_55'
Driver info: driver.version: SeleniumDriver
[INFO ][2015-11-06 11:44:29,513][com.java.SeleniumDriver] [  498] - Executing on local machine
[INFO ][2015-11-06 11:44:39,341][com.java.SeleniumDriver] [  248] - IE11is opened
[INFO ][2015-11-06 11:44:39,968][com.java.SeleniumDriver] [  752] - Test cases to be executed are: [1, 3]
[INFO ][2015-11-06 11:44:39,968][com.java.ImportnExport.ImportTestDataDetailsExcel] [   49] - test data details path===== D:\BankersDashboard\TestInputs\TestData.xls
[INFO ][2015-11-06 11:44:50,730][com.java.SeleniumDriver] [  788] - ------------------------------------------
[INFO ][2015-11-06 11:44:50,730][com.java.SeleniumDriver] [  789] - Test case being Executed: 1
[INFO ][2015-11-06 11:44:50,745][com.java.SeleniumDriver] [  800] - Test step:1
[INFO ][2015-11-06 11:44:50,745][com.java.SeleniumDriver] [  812] - Datavalue is----------Concept#1:1-14
[INFO ][2015-11-06 11:44:50,746][com.java.SeleniumDriver] [  836] - DataField : test
[INFO ][2015-11-06 11:44:50,746][com.java.SeleniumDriver] [  838] - DataValue : Concept#1:1-14
[INFO ][2015-11-06 11:44:50,746][com.java.SeleniumDriver] [  844] - <In Set values of the page>
[INFO ][2015-11-06 11:44:50,746][com.java.SeleniumDriver] [  847] - {Data Fields & Data Values Exist}
[INFO ][2015-11-06 11:44:50,746][com.java.SeleniumDriver] [  849] - --------------------------setting values-----------------------------
[INFO ][2015-11-06 11:44:50,746][com.java.SeleniumDriver] [  852] - Action Type : ExecuteTestCase
[INFO ][2015-11-06 11:44:50,762][com.java.TestType] [  414] - The Concept sheet name is ---------- Concept
[INFO ][2015-11-06 11:44:50,762][com.java.TestType] [  417] - The Concept ID  is ---------- 1
[DEBUG][2015-11-06 11:44:50,762][com.java.TestType] [  421] - Steps being executted in the Concept are: 1:14
[INFO ][2015-11-06 11:44:50,762][com.java.TestType] [  428] - Test data details path ---------- D:\BankersDashboard\TestInputs\TestData.xls
[INFO ][2015-11-06 11:44:50,792][com.java.TestType] [  459] -  str(1) = 1
[INFO ][2015-11-06 11:44:50,792][com.java.TestType] [  462] - Test case Id is---1
[INFO ][2015-11-06 11:44:50,792][com.java.TestType] [  464] - 1
[INFO ][2015-11-06 11:44:50,792][com.java.TestType] [  459] -  str(2) = 1
[INFO ][2015-11-06 11:44:50,796][com.java.TestType] [  511] - row values are--------{1=com.java.Objects.TestDataDetails@9156c3}
[INFO ][2015-11-06 11:44:50,796][com.java.TestType] [  459] -  str(1) = 1
[INFO ][2015-11-06 11:44:50,796][com.java.TestType] [  462] - Test case Id is---1
[INFO ][2015-11-06 11:44:50,797][com.java.TestType] [  464] - 1
[INFO ][2015-11-06 11:44:50,797][com.java.TestType] [  459] -  str(2) = 2
[INFO ][2015-11-06 11:44:50,798][com.java.TestType] [  511] - row values are--------{1=com.java.Objects.TestDataDetails@9156c3, 2=com.java.Objects.TestDataDetails@62a8d2}
[INFO ][2015-11-06 11:44:50,798][com.java.TestType] [  459] -  str(1) = 1
[INFO ][2015-11-06 11:44:50,798][com.java.TestType] [  462] - Test case Id is---1
[INFO ][2015-11-06 11:44:50,798][com.java.TestType] [  464] - 1
[INFO ][2015-11-06 11:44:50,798][com.java.TestType] [  459] -  str(2) = 3
[INFO ][2015-11-06 11:44:50,799][com.java.TestType] [  511] - row values are--------{1=com.java.Objects.TestDataDetails@9156c3, 2=com.java.Objects.TestDataDetails@62a8d2, 3=com.java.Objects.TestDataDetails@6d5af1}
[INFO ][2015-11-06 11:44:50,800][com.java.TestType] [  459] -  str(1) = 1
[INFO ][2015-11-06 11:44:50,800][com.java.TestType] [  462] - Test case Id is---1
[INFO ][2015-11-06 11:44:50,800][com.java.TestType] [  464] - 1
[INFO ][2015-11-06 11:44:50,800][com.java.TestType] [  459] -  str(2) = 4
[INFO ][2015-11-06 11:44:50,801][com.java.TestType] [  511] - row values are--------{1=com.java.Objects.TestDataDetails@9156c3, 2=com.java.Objects.TestDataDetails@62a8d2, 3=com.java.Objects.TestDataDetails@6d5af1, 4=com.java.Objects.TestDataDetails@111c0d7}
[INFO ][2015-11-06 11:44:50,801][com.java.TestType] [  459] -  str(1) = 1
[INFO ][2015-11-06 11:44:50,801][com.java.TestType] [  462] - Test case Id is---1
[INFO ][2015-11-06 11:44:50,801][com.java.TestType] [  464] - 1
[INFO ][2015-11-06 11:44:50,802][com.java.TestType] [  459] -  str(2) = 5
[INFO ][2015-11-06 11:44:50,803][com.java.TestType] [  511] - row values are--------{1=com.java.Objects.TestDataDetails@9156c3, 2=com.java.Objects.TestDataDetails@62a8d2, 3=com.java.Objects.TestDataDetails@6d5af1, 4=com.java.Objects.TestDataDetails@111c0d7, 5=com.java.Objects.TestDataDetails@f28a30}
[INFO ][2015-11-06 11:44:50,803][com.java.TestType] [  459] -  str(1) = 1
[INFO ][2015-11-06 11:44:50,803][com.java.TestType] [  462] - Test case Id is---1
[INFO ][2015-11-06 11:44:50,803][com.java.TestType] [  464] - 1
[INFO ][2015-11-06 11:44:50,803][com.java.TestType] [  459] -  str(2) = 6
[INFO ][2015-11-06 11:44:50,805][com.java.TestType] [  511] - row values are--------{1=com.java.Objects.TestDataDetails@9156c3, 2=com.java.Objects.TestDataDetails@62a8d2, 3=com.java.Objects.TestDataDetails@6d5af1, 4=com.java.Objects.TestDataDetails@111c0d7, 5=com.java.Objects.TestDataDetails@f28a30, 6=com.java.Objects.TestDataDetails@ef3d21}
[INFO ][2015-11-06 11:44:50,805][com.java.TestType] [  459] -  str(1) = 1
[INFO ][2015-11-06 11:44:50,805][com.java.TestType] [  462] - Test case Id is---1
[INFO ][2015-11-06 11:44:50,805][com.java.TestType] [  464] - 1
[INFO ][2015-11-06 11:44:50,805][com.java.TestType] [  459] -  str(2) = 7
[INFO ][2015-11-06 11:44:50,806][com.java.TestType] [  511] - row values are--------{1=com.java.Objects.TestDataDetails@9156c3, 2=com.java.Objects.TestDataDetails@62a8d2, 3=com.java.Objects.TestDataDetails@6d5af1, 4=com.java.Objects.TestDataDetails@111c0d7, 5=com.java.Objects.TestDataDetails@f28a30, 6=com.java.Objects.TestDataDetails@ef3d21, 7=com.java.Objects.TestDataDetails@36ab12}
[INFO ][2015-11-06 11:44:50,806][com.java.TestType] [  459] -  str(1) = 1
[INFO ][2015-11-06 11:44:50,806][com.java.TestType] [  462] - Test case Id is---1
[INFO ][2015-11-06 11:44:50,806][com.java.TestType] [  464] - 1
[INFO ][2015-11-06 11:44:50,806][com.java.TestType] [  459] -  str(2) = 8
[INFO ][2015-11-06 11:44:50,807][com.java.TestType] [  511] - row values are--------{1=com.java.Objects.TestDataDetails@9156c3, 2=com.java.Objects.TestDataDetails@62a8d2, 3=com.java.Objects.TestDataDetails@6d5af1, 4=com.java.Objects.TestDataDetails@111c0d7, 5=com.java.Objects.TestDataDetails@f28a30, 6=com.java.Objects.TestDataDetails@ef3d21, 7=com.java.Objects.TestDataDetails@36ab12, 8=com.java.Objects.TestDataDetails@8fc43e}
[INFO ][2015-11-06 11:44:50,807][com.java.TestType] [  459] -  str(1) = 1
[INFO ][2015-11-06 11:44:50,807][com.java.TestType] [  462] - Test case Id is---1
[INFO ][2015-11-06 11:44:50,807][com.java.TestType] [  464] - 1
[INFO ][2015-11-06 11:44:50,808][com.java.TestType] [  459] -  str(2) = 9
[INFO ][2015-11-06 11:44:50,808][com.java.TestType] [  511] - row values are--------{1=com.java.Objects.TestDataDetails@9156c3, 2=com.java.Objects.TestDataDetails@62a8d2, 3=com.java.Objects.TestDataDetails@6d5af1, 4=com.java.Objects.TestDataDetails@111c0d7, 5=com.java.Objects.TestDataDetails@f28a30, 6=com.java.Objects.TestDataDetails@ef3d21, 7=com.java.Objects.TestDataDetails@36ab12, 8=com.java.Objects.TestDataDetails@8fc43e, 9=com.java.Objects.TestDataDetails@1d2c4aa}
[INFO ][2015-11-06 11:44:50,808][com.java.TestType] [  459] -  str(1) = 1
[INFO ][2015-11-06 11:44:50,808][com.java.TestType] [  462] - Test case Id is---1
[INFO ][2015-11-06 11:44:50,809][com.java.TestType] [  464] - 1
[INFO ][2015-11-06 11:44:50,809][com.java.TestType] [  459] -  str(2) = 10
[INFO ][2015-11-06 11:44:50,809][com.java.TestType] [  511] - row values are--------{1=com.java.Objects.TestDataDetails@9156c3, 2=com.java.Objects.TestDataDetails@62a8d2, 3=com.java.Objects.TestDataDetails@6d5af1, 4=com.java.Objects.TestDataDetails@111c0d7, 5=com.java.Objects.TestDataDetails@f28a30, 6=com.java.Objects.TestDataDetails@ef3d21, 7=com.java.Objects.TestDataDetails@36ab12, 8=com.java.Objects.TestDataDetails@8fc43e, 9=com.java.Objects.TestDataDetails@1d2c4aa, 10=com.java.Objects.TestDataDetails@17ab7ae}
[INFO ][2015-11-06 11:44:50,810][com.java.TestType] [  459] -  str(1) = 1
[INFO ][2015-11-06 11:44:50,810][com.java.TestType] [  462] - Test case Id is---1
[INFO ][2015-11-06 11:44:50,810][com.java.TestType] [  464] - 1
[INFO ][2015-11-06 11:44:50,810][com.java.TestType] [  459] -  str(2) = 11
[INFO ][2015-11-06 11:44:50,811][com.java.TestType] [  511] - row values are--------{1=com.java.Objects.TestDataDetails@9156c3, 2=com.java.Objects.TestDataDetails@62a8d2, 3=com.java.Objects.TestDataDetails@6d5af1, 4=com.java.Objects.TestDataDetails@111c0d7, 5=com.java.Objects.TestDataDetails@f28a30, 6=com.java.Objects.TestDataDetails@ef3d21, 7=com.java.Objects.TestDataDetails@36ab12, 8=com.java.Objects.TestDataDetails@8fc43e, 9=com.java.Objects.TestDataDetails@1d2c4aa, 10=com.java.Objects.TestDataDetails@17ab7ae, 11=com.java.Objects.TestDataDetails@1943ca0}
[INFO ][2015-11-06 11:44:50,811][com.java.TestType] [  459] -  str(1) = 1
[INFO ][2015-11-06 11:44:50,811][com.java.TestType] [  462] - Test case Id is---1
[INFO ][2015-11-06 11:44:50,811][com.java.TestType] [  464] - 1
[INFO ][2015-11-06 11:44:50,811][com.java.TestType] [  459] -  str(2) = 12
[INFO ][2015-11-06 11:44:50,812][com.java.TestType] [  511] - row values are--------{1=com.java.Objects.TestDataDetails@9156c3, 2=com.java.Objects.TestDataDetails@62a8d2, 3=com.java.Objects.TestDataDetails@6d5af1, 4=com.java.Objects.TestDataDetails@111c0d7, 5=com.java.Objects.TestDataDetails@f28a30, 6=com.java.Objects.TestDataDetails@ef3d21, 7=com.java.Objects.TestDataDetails@36ab12, 8=com.java.Objects.TestDataDetails@8fc43e, 9=com.java.Objects.TestDataDetails@1d2c4aa, 10=com.java.Objects.TestDataDetails@17ab7ae, 11=com.java.Objects.TestDataDetails@1943ca0, 12=com.java.Objects.TestDataDetails@12a7b1d}
[INFO ][2015-11-06 11:44:50,812][com.java.TestType] [  459] -  str(1) = 1
[INFO ][2015-11-06 11:44:50,812][com.java.TestType] [  462] - Test case Id is---1
[INFO ][2015-11-06 11:44:50,812][com.java.TestType] [  464] - 1
[INFO ][2015-11-06 11:44:50,812][com.java.TestType] [  459] -  str(2) = 13
[INFO ][2015-11-06 11:44:50,814][com.java.TestType] [  511] - row values are--------{1=com.java.Objects.TestDataDetails@9156c3, 2=com.java.Objects.TestDataDetails@62a8d2, 3=com.java.Objects.TestDataDetails@6d5af1, 4=com.java.Objects.TestDataDetails@111c0d7, 5=com.java.Objects.TestDataDetails@f28a30, 6=com.java.Objects.TestDataDetails@ef3d21, 7=com.java.Objects.TestDataDetails@36ab12, 8=com.java.Objects.TestDataDetails@8fc43e, 9=com.java.Objects.TestDataDetails@1d2c4aa, 10=com.java.Objects.TestDataDetails@17ab7ae, 11=com.java.Objects.TestDataDetails@1943ca0, 12=com.java.Objects.TestDataDetails@12a7b1d, 13=com.java.Objects.TestDataDetails@1544e03}
[INFO ][2015-11-06 11:44:50,814][com.java.TestType] [  459] -  str(1) = 1
[INFO ][2015-11-06 11:44:50,814][com.java.TestType] [  462] - Test case Id is---1
[INFO ][2015-11-06 11:44:50,814][com.java.TestType] [  464] - 1
[INFO ][2015-11-06 11:44:50,814][com.java.TestType] [  459] -  str(2) = 14
[INFO ][2015-11-06 11:44:50,815][com.java.TestType] [  511] - row values are--------{1=com.java.Objects.TestDataDetails@9156c3, 2=com.java.Objects.TestDataDetails@62a8d2, 3=com.java.Objects.TestDataDetails@6d5af1, 4=com.java.Objects.TestDataDetails@111c0d7, 5=com.java.Objects.TestDataDetails@f28a30, 6=com.java.Objects.TestDataDetails@ef3d21, 7=com.java.Objects.TestDataDetails@36ab12, 8=com.java.Objects.TestDataDetails@8fc43e, 9=com.java.Objects.TestDataDetails@1d2c4aa, 10=com.java.Objects.TestDataDetails@17ab7ae, 11=com.java.Objects.TestDataDetails@1943ca0, 12=com.java.Objects.TestDataDetails@12a7b1d, 13=com.java.Objects.TestDataDetails@1544e03, 14=com.java.Objects.TestDataDetails@18ba7dc}
[INFO ][2015-11-06 11:44:50,815][com.java.TestType] [ 7986] - Looping 1TCID = 1
[DEBUG][2015-11-06 11:44:50,815][com.java.TestType] [ 8027] - Concept ID:1 :: Step being Executed: 1::1
[INFO ][2015-11-06 11:44:50,815][com.java.TestType] [ 8065] - dataFields : TXTusername
[DEBUG][2015-11-06 11:44:50,815][com.java.TestType] [ 8071] - <In Set values of the page>
[DEBUG][2015-11-06 11:44:50,815][com.java.TestType] [ 8076] - {Data Fields & Data Values Exist}
[INFO ][2015-11-06 11:44:50,815][com.java.TestType] [ 8082] - --------------------------setting values-----------------------------
[INFO ][2015-11-06 11:44:50,815][com.java.TestType] [ 8085] - Action Type : CLEARANDENTER
[INFO ][2015-11-06 11:44:50,815][com.java.TestType] [ 3837] - value = naresh.nayini.00000
[INFO ][2015-11-06 11:44:55,649][com.java.TestType] [ 8104] -  RESULT true
[INFO ][2015-11-06 11:44:55,649][com.java.TestType] [ 8221] - ?   P A S S   ?
[DEBUG][2015-11-06 11:44:55,650][com.java.TestType] [ 8027] - Concept ID:1 :: Step being Executed: 1::2
[INFO ][2015-11-06 11:44:55,650][com.java.TestType] [ 8065] - dataFields : TXTpassword
[DEBUG][2015-11-06 11:44:55,650][com.java.TestType] [ 8071] - <In Set values of the page>
[DEBUG][2015-11-06 11:44:55,650][com.java.TestType] [ 8076] - {Data Fields & Data Values Exist}
[INFO ][2015-11-06 11:44:55,650][com.java.TestType] [ 8082] - --------------------------setting values-----------------------------
[INFO ][2015-11-06 11:44:55,650][com.java.TestType] [ 8085] - Action Type : CLEARANDENTER
[INFO ][2015-11-06 11:44:55,650][com.java.TestType] [ 3837] - value = Password1*
[INFO ][2015-11-06 11:45:00,598][com.java.TestType] [ 8104] -  RESULT true
[INFO ][2015-11-06 11:45:00,598][com.java.TestType] [ 8221] - ?   P A S S   ?
[DEBUG][2015-11-06 11:45:00,598][com.java.TestType] [ 8027] - Concept ID:1 :: Step being Executed: 1::3
[ERROR][2015-11-06 11:45:00,598][com.java.TestType] [ 8060] - Exception: null
[INFO ][2015-11-06 11:45:00,598][com.java.TestType] [ 8065] - dataFields : XPH//button[@type='submit']
[DEBUG][2015-11-06 11:45:00,598][com.java.TestType] [ 8071] - <In Set values of the page>
[DEBUG][2015-11-06 11:45:00,598][com.java.TestType] [ 8076] - {Data Fields & Data Values Exist}
[INFO ][2015-11-06 11:45:00,598][com.java.TestType] [ 8082] - --------------------------setting values-----------------------------
[INFO ][2015-11-06 11:45:00,598][com.java.TestType] [ 8085] - Action Type : Click
[INFO ][2015-11-06 11:45:00,599][com.java.TestType] [ 4150] - Field ::XPH//button[@type='submit']
[INFO ][2015-11-06 11:45:01,599][com.java.TestType] [ 4209] - BEFORE CLICK
[INFO ][2015-11-06 11:45:02,446][com.java.TestType] [ 4217] - Unable to click the object Login
[INFO ][2015-11-06 11:45:02,446][com.java.TestType] [ 8104] -  RESULT true
[INFO ][2015-11-06 11:45:02,446][com.java.TestType] [ 8221] - ?   P A S S   ?
[DEBUG][2015-11-06 11:45:02,446][com.java.TestType] [ 8027] - Concept ID:1 :: Step being Executed: 1::4
[INFO ][2015-11-06 11:45:02,446][com.java.TestType] [ 8065] - dataFields : LNKLogout
[DEBUG][2015-11-06 11:45:02,446][com.java.TestType] [ 8071] - <In Set values of the page>
[DEBUG][2015-11-06 11:45:02,446][com.java.TestType] [ 8076] - {Data Fields & Data Values Exist}
[INFO ][2015-11-06 11:45:02,446][com.java.TestType] [ 8082] - --------------------------setting values-----------------------------
[INFO ][2015-11-06 11:45:02,446][com.java.TestType] [ 8085] - Action Type : WaitForElement
[INFO ][2015-11-06 11:45:13,118][com.java.TestType] [ 8104] -  RESULT true
[INFO ][2015-11-06 11:45:13,118][com.java.TestType] [ 8221] - ?   P A S S   ?
[DEBUG][2015-11-06 11:45:13,118][com.java.TestType] [ 8027] - Concept ID:1 :: Step being Executed: 1::13
[INFO ][2015-11-06 11:45:13,118][com.java.TestType] [ 8065] - dataFields : LNK
[DEBUG][2015-11-06 11:45:13,118][com.java.TestType] [ 8071] - <In Set values of the page>
[DEBUG][2015-11-06 11:45:13,118][com.java.TestType] [ 8076] - {Data Fields & Data Values Exist}
[INFO ][2015-11-06 11:45:13,119][com.java.TestType] [ 8082] - --------------------------setting values-----------------------------
[INFO ][2015-11-06 11:45:13,119][com.java.TestType] [ 8085] - Action Type : Verify
[INFO ][2015-11-06 11:45:13,119][com.java.TestType] [ 4963] - field= LNK value= Logout
[INFO ][2015-11-06 11:45:13,120][com.java.TestType] [ 3837] - value = Logout
[INFO ][2015-11-06 11:45:13,155][com.java.TestType] [ 8104] -  RESULT true
[INFO ][2015-11-06 11:45:13,155][com.java.TestType] [ 8221] - ?   P A S S   ?
[DEBUG][2015-11-06 11:45:13,155][com.java.TestType] [ 8027] - Concept ID:1 :: Step being Executed: 1::14
[INFO ][2015-11-06 11:45:13,155][com.java.TestType] [ 8065] - dataFields : BTN
[DEBUG][2015-11-06 11:45:13,155][com.java.TestType] [ 8071] - <In Set values of the page>
[DEBUG][2015-11-06 11:45:13,155][com.java.TestType] [ 8076] - {Data Fields & Data Values Exist}
[INFO ][2015-11-06 11:45:13,155][com.java.TestType] [ 8082] - --------------------------setting values-----------------------------
[INFO ][2015-11-06 11:45:13,155][com.java.TestType] [ 8085] - Action Type : Verify
[INFO ][2015-11-06 11:45:13,155][com.java.TestType] [ 4963] - field= BTN value= //img[contains(@src,'bdlogo.jpg')]
[INFO ][2015-11-06 11:45:13,156][com.java.TestType] [ 3837] - value = //img[contains(@src,'bdlogo.jpg')]
[INFO ][2015-11-06 11:45:13,189][com.java.TestType] [ 8104] -  RESULT true
[INFO ][2015-11-06 11:45:13,189][com.java.TestType] [ 8221] - ?   P A S S   ?
[INFO ][2015-11-06 11:45:13,189][com.java.TestType] [ 8292] - Looping End......
[INFO ][2015-11-06 11:45:13,194][com.java.SeleniumDriver] [  861] -  RESULT true
[INFO ][2015-11-06 11:45:13,194][com.java.SeleniumDriver] [ 1066] - ?   P A S S   ?
[INFO ][2015-11-06 11:45:13,194][com.java.SeleniumDriver] [  788] - ------------------------------------------
[INFO ][2015-11-06 11:45:13,195][com.java.SeleniumDriver] [  789] - Test case being Executed: 1
[INFO ][2015-11-06 11:45:13,195][com.java.SeleniumDriver] [  800] - Test step:2
[INFO ][2015-11-06 11:45:13,195][com.java.SeleniumDriver] [  812] - Datavalue is----------Concept#2:1-2
[INFO ][2015-11-06 11:45:13,195][com.java.SeleniumDriver] [  836] - DataField : test
[INFO ][2015-11-06 11:45:13,195][com.java.SeleniumDriver] [  838] - DataValue : Concept#2:1-2
[INFO ][2015-11-06 11:45:13,195][com.java.SeleniumDriver] [  844] - <In Set values of the page>
[INFO ][2015-11-06 11:45:13,195][com.java.SeleniumDriver] [  847] - {Data Fields & Data Values Exist}
[INFO ][2015-11-06 11:45:13,195][com.java.SeleniumDriver] [  849] - --------------------------setting values-----------------------------
[INFO ][2015-11-06 11:45:13,195][com.java.SeleniumDriver] [  852] - Action Type : ExecuteTestCase
[INFO ][2015-11-06 11:45:13,195][com.java.TestType] [  414] - The Concept sheet name is ---------- Concept
[INFO ][2015-11-06 11:45:13,196][com.java.TestType] [  417] - The Concept ID  is ---------- 2
[DEBUG][2015-11-06 11:45:13,196][com.java.TestType] [  421] - Steps being executted in the Concept are: 1:2
[INFO ][2015-11-06 11:45:13,196][com.java.TestType] [  428] - Test data details path ---------- D:\BankersDashboard\TestInputs\TestData.xls
[INFO ][2015-11-06 11:45:13,231][com.java.TestType] [  459] -  str(1) = 2
[INFO ][2015-11-06 11:45:13,231][com.java.TestType] [  462] - Test case Id is---2
[INFO ][2015-11-06 11:45:13,231][com.java.TestType] [  464] - 2
[INFO ][2015-11-06 11:45:13,231][com.java.TestType] [  459] -  str(2) = 1
[INFO ][2015-11-06 11:45:13,233][com.java.TestType] [  511] - row values are--------{1=com.java.Objects.TestDataDetails@1753445}
[INFO ][2015-11-06 11:45:13,233][com.java.TestType] [  459] -  str(1) = 2
[INFO ][2015-11-06 11:45:13,233][com.java.TestType] [  462] - Test case Id is---2
[INFO ][2015-11-06 11:45:13,233][com.java.TestType] [  464] - 2
[INFO ][2015-11-06 11:45:13,233][com.java.TestType] [  459] -  str(2) = 2
[INFO ][2015-11-06 11:45:13,234][com.java.TestType] [  511] - row values are--------{1=com.java.Objects.TestDataDetails@1753445, 2=com.java.Objects.TestDataDetails@1661834}
[INFO ][2015-11-06 11:45:13,234][com.java.TestType] [  459] -  str(1) = 2
[INFO ][2015-11-06 11:45:13,234][com.java.TestType] [  462] - Test case Id is---2
[INFO ][2015-11-06 11:45:13,234][com.java.TestType] [  464] - 2
[INFO ][2015-11-06 11:45:13,234][com.java.TestType] [  459] -  str(2) = 3
[INFO ][2015-11-06 11:45:13,235][com.java.TestType] [  511] - row values are--------{1=com.java.Objects.TestDataDetails@1753445, 2=com.java.Objects.TestDataDetails@1661834, 3=com.java.Objects.TestDataDetails@15ad899}
[INFO ][2015-11-06 11:45:13,235][com.java.TestType] [ 7986] - Looping 1TCID = 2
[DEBUG][2015-11-06 11:45:13,235][com.java.TestType] [ 8027] - Concept ID:2 :: Step being Executed: 2::1
[INFO ][2015-11-06 11:45:13,235][com.java.TestType] [ 8065] - dataFields : BNK//select[@id='bank']
[DEBUG][2015-11-06 11:45:13,235][com.java.TestType] [ 8071] - <In Set values of the page>
[DEBUG][2015-11-06 11:45:13,235][com.java.TestType] [ 8076] - {Data Fields & Data Values Exist}
[INFO ][2015-11-06 11:45:13,235][com.java.TestType] [ 8082] - --------------------------setting values-----------------------------
[INFO ][2015-11-06 11:45:13,236][com.java.TestType] [ 8085] - Action Type : Select
[INFO ][2015-11-06 11:45:13,236][com.java.TestType] [ 3837] - value = PFC
[INFO ][2015-11-06 11:45:13,432][com.java.TestType] [ 8104] -  RESULT true
[INFO ][2015-11-06 11:45:13,432][com.java.TestType] [ 8221] - ?   P A S S   ?
[DEBUG][2015-11-06 11:45:13,432][com.java.TestType] [ 8027] - Concept ID:2 :: Step being Executed: 2::2
[INFO ][2015-11-06 11:45:13,432][com.java.TestType] [ 8065] - dataFields : LNKLogout
[DEBUG][2015-11-06 11:45:13,432][com.java.TestType] [ 8071] - <In Set values of the page>
[DEBUG][2015-11-06 11:45:13,432][com.java.TestType] [ 8076] - {Data Fields & Data Values Exist}
[INFO ][2015-11-06 11:45:13,432][com.java.TestType] [ 8082] - --------------------------setting values-----------------------------
[INFO ][2015-11-06 11:45:13,432][com.java.TestType] [ 8085] - Action Type : WaitTime
[DEBUG][2015-11-06 11:45:13,432][com.java.TestType] [ 3736] - sleepTime: 5000
[INFO ][2015-11-06 11:45:18,432][com.java.TestType] [ 8104] -  RESULT true
[INFO ][2015-11-06 11:45:18,432][com.java.TestType] [ 8221] - ?   P A S S   ?
[INFO ][2015-11-06 11:45:18,432][com.java.TestType] [ 8292] - Looping End......
[INFO ][2015-11-06 11:45:18,435][com.java.SeleniumDriver] [  861] -  RESULT true
[INFO ][2015-11-06 11:45:18,436][com.java.SeleniumDriver] [ 1066] - ?   P A S S   ?
[INFO ][2015-11-06 11:45:18,436][com.java.SeleniumDriver] [  788] - ------------------------------------------
[INFO ][2015-11-06 11:45:18,436][com.java.SeleniumDriver] [  789] - Test case being Executed: 1
[INFO ][2015-11-06 11:45:18,436][com.java.SeleniumDriver] [  800] - Test step:3
[INFO ][2015-11-06 11:45:18,436][com.java.SeleniumDriver] [  812] - Datavalue is----------2
[INFO ][2015-11-06 11:45:18,436][com.java.SeleniumDriver] [  836] - DataField : XPH//button[contains(text(),'Add Content')]
[INFO ][2015-11-06 11:45:18,436][com.java.SeleniumDriver] [  838] - DataValue : 2
[INFO ][2015-11-06 11:45:18,436][com.java.SeleniumDriver] [  844] - <In Set values of the page>
[INFO ][2015-11-06 11:45:18,436][com.java.SeleniumDriver] [  847] - {Data Fields & Data Values Exist}
[INFO ][2015-11-06 11:45:18,436][com.java.SeleniumDriver] [  849] - --------------------------setting values-----------------------------
[INFO ][2015-11-06 11:45:18,436][com.java.SeleniumDriver] [  852] - Action Type : WAITFORELEMENT
[INFO ][2015-11-06 11:45:18,470][com.java.SeleniumDriver] [  861] -  RESULT true
[INFO ][2015-11-06 11:45:18,470][com.java.SeleniumDriver] [ 1066] - ?   P A S S   ?
[DEBUG][2015-11-06 11:45:18,470][com.java.SeleniumDriver] [ 1168] - Case found
[DEBUG][2015-11-06 11:45:18,470][com.java.SeleniumDriver] [ 1173] - Incrementing ReportCounters[0]:1
[INFO ][2015-11-06 11:45:18,470][com.java.SeleniumDriver] [ 1192] - The results are-------------------[1, 1, Valid Login, Pass, , Fri Nov 06 11:45:13 IST 2015, 1, 2, Valid Login, Pass, , Fri Nov 06 11:45:18 IST 2015, 1, 3, Valid Login, Pass, , Fri Nov 06 11:45:18 IST 2015]
[INFO ][2015-11-06 11:45:18,470][com.java.SeleniumDriver] [ 1196] - End time is-------52 sec
[INFO ][2015-11-06 11:45:18,470][com.java.SeleniumDriver] [ 1197] - The results are-------------------[1, 1, Valid Login, Pass, , Fri Nov 06 11:45:13 IST 2015, 1, 2, Valid Login, Pass, , Fri Nov 06 11:45:18 IST 2015, 1, 3, Valid Login, Pass, , Fri Nov 06 11:45:18 IST 2015]
[DEBUG][2015-11-06 11:45:18,471][com.java.ImportnExport.ExportTestResultsExcel] [  222] - testResultPath = D:\BankersDashboard/TestReports/Test Results_BankersDashBoard_110615_114428_IE11_Any Bank USA.xls
[DEBUG][2015-11-06 11:45:18,471][com.java.ImportnExport.ExportTestResultsExcel] [  223] - browser is------------IE11
[DEBUG][2015-11-06 11:45:18,525][com.java.ImportnExport.ExportTestResultsExcel] [  270] - result.size() = 18
[DEBUG][2015-11-06 11:45:18,525][com.java.ImportnExport.ExportTestResultsExcel] [  274] - No of rows in sheet=1
[DEBUG][2015-11-06 11:45:18,525][com.java.ImportnExport.ExportTestResultsExcel] [  301] - ..in export..1
[DEBUG][2015-11-06 11:45:18,525][com.java.ImportnExport.ExportTestResultsExcel] [  301] - ..in export..Valid Login
[DEBUG][2015-11-06 11:45:18,525][com.java.ImportnExport.ExportTestResultsExcel] [  301] - ..in export..Pass
[DEBUG][2015-11-06 11:45:18,526][com.java.ImportnExport.ExportTestResultsExcel] [  301] - ..in export..
[DEBUG][2015-11-06 11:45:18,526][com.java.ImportnExport.ExportTestResultsExcel] [  301] - ..in export..Fri Nov 06 11:45:13 IST 2015
[INFO ][2015-11-06 11:45:18,527][com.java.SeleniumDriver] [ 1255] - out loop:0 size:2 TestCases:[1, 3] testcases:[1, 3]
[INFO ][2015-11-06 11:45:18,527][com.java.ImportnExport.ImportTestDataDetailsExcel] [   49] - test data details path===== D:\BankersDashboard\TestInputs\TestData.xls
[INFO ][2015-11-06 11:45:35,343][com.java.SeleniumDriver] [  788] - ------------------------------------------
[INFO ][2015-11-06 11:45:35,343][com.java.SeleniumDriver] [  789] - Test case being Executed: 3
[INFO ][2015-11-06 11:45:35,343][com.java.SeleniumDriver] [  800] - Test step:1
[INFO ][2015-11-06 11:45:35,343][com.java.SeleniumDriver] [  812] - Datavalue is----------null
[DEBUG][2015-11-06 11:45:35,343][com.java.SeleniumDriver] [  830] - Exception: null
[INFO ][2015-11-06 11:45:35,343][com.java.SeleniumDriver] [  836] - DataField : LNKG/L
[INFO ][2015-11-06 11:45:35,343][com.java.SeleniumDriver] [  838] - DataValue : 
[INFO ][2015-11-06 11:45:35,343][com.java.SeleniumDriver] [  844] - <In Set values of the page>
[INFO ][2015-11-06 11:45:35,343][com.java.SeleniumDriver] [  847] - {Data Fields & Data Values Exist}
[INFO ][2015-11-06 11:45:35,343][com.java.SeleniumDriver] [  849] - --------------------------setting values-----------------------------
[INFO ][2015-11-06 11:45:35,343][com.java.SeleniumDriver] [  852] - Action Type : WAITFORELEMENT
[INFO ][2015-11-06 11:45:35,389][com.java.SeleniumDriver] [  861] -  RESULT true
[INFO ][2015-11-06 11:45:35,389][com.java.SeleniumDriver] [ 1066] - ?   P A S S   ?
[INFO ][2015-11-06 11:45:35,389][com.java.SeleniumDriver] [  788] - ------------------------------------------
[INFO ][2015-11-06 11:45:35,389][com.java.SeleniumDriver] [  789] - Test case being Executed: 3
[INFO ][2015-11-06 11:45:35,389][com.java.SeleniumDriver] [  800] - Test step:2
[INFO ][2015-11-06 11:45:35,389][com.java.SeleniumDriver] [  812] - Datavalue is----------null
[DEBUG][2015-11-06 11:45:35,389][com.java.SeleniumDriver] [  830] - Exception: null
[INFO ][2015-11-06 11:45:35,389][com.java.SeleniumDriver] [  836] - DataField : XPH//div[@class="menu"]//span[@class="icon-pencil2"]
[INFO ][2015-11-06 11:45:35,389][com.java.SeleniumDriver] [  838] - DataValue : 
[INFO ][2015-11-06 11:45:35,389][com.java.SeleniumDriver] [  844] - <In Set values of the page>
[INFO ][2015-11-06 11:45:35,389][com.java.SeleniumDriver] [  847] - {Data Fields & Data Values Exist}
[INFO ][2015-11-06 11:45:35,389][com.java.SeleniumDriver] [  849] - --------------------------setting values-----------------------------
[INFO ][2015-11-06 11:45:35,389][com.java.SeleniumDriver] [  852] - Action Type : CLICK
[INFO ][2015-11-06 11:45:35,390][com.java.TestType] [ 4150] - Field ::XPH//div[@class="menu"]//span[@class="icon-pencil2"]
[INFO ][2015-11-06 11:45:36,390][com.java.TestType] [ 4209] - BEFORE CLICK
[INFO ][2015-11-06 11:45:37,335][com.java.TestType] [ 4217] - Unable to click the object Edit Content
[INFO ][2015-11-06 11:45:37,335][com.java.SeleniumDriver] [  861] -  RESULT true
[INFO ][2015-11-06 11:45:37,335][com.java.SeleniumDriver] [ 1066] - ?   P A S S   ?
[INFO ][2015-11-06 11:45:37,335][com.java.SeleniumDriver] [  788] - ------------------------------------------
[INFO ][2015-11-06 11:45:37,335][com.java.SeleniumDriver] [  789] - Test case being Executed: 3
[INFO ][2015-11-06 11:45:37,335][com.java.SeleniumDriver] [  800] - Test step:3
[INFO ][2015-11-06 11:45:37,335][com.java.SeleniumDriver] [  812] - Datavalue is----------null
[DEBUG][2015-11-06 11:45:37,336][com.java.SeleniumDriver] [  830] - Exception: null
[INFO ][2015-11-06 11:45:37,336][com.java.SeleniumDriver] [  836] - DataField : XPH//div[contains(text(),'Fed Funds Futures Curve')]/following-sibling::div//span[@class="icon-remove"]
[INFO ][2015-11-06 11:45:37,336][com.java.SeleniumDriver] [  838] - DataValue : 
[INFO ][2015-11-06 11:45:37,336][com.java.SeleniumDriver] [  844] - <In Set values of the page>
[INFO ][2015-11-06 11:45:37,336][com.java.SeleniumDriver] [  847] - {Data Fields & Data Values Exist}
[INFO ][2015-11-06 11:45:37,336][com.java.SeleniumDriver] [  849] - --------------------------setting values-----------------------------
[INFO ][2015-11-06 11:45:37,336][com.java.SeleniumDriver] [  852] - Action Type : WAITFORELEMENT
[INFO ][2015-11-06 11:45:37,369][com.java.SeleniumDriver] [  861] -  RESULT true
[INFO ][2015-11-06 11:45:37,369][com.java.SeleniumDriver] [ 1066] - ?   P A S S   ?
[INFO ][2015-11-06 11:45:37,369][com.java.SeleniumDriver] [  788] - ------------------------------------------
[INFO ][2015-11-06 11:45:37,369][com.java.SeleniumDriver] [  789] - Test case being Executed: 3
[INFO ][2015-11-06 11:45:37,369][com.java.SeleniumDriver] [  800] - Test step:4
[INFO ][2015-11-06 11:45:37,369][com.java.SeleniumDriver] [  812] - Datavalue is----------null
[DEBUG][2015-11-06 11:45:37,369][com.java.SeleniumDriver] [  830] - Exception: null
[INFO ][2015-11-06 11:45:37,370][com.java.SeleniumDriver] [  836] - DataField : XPH//div[contains(text(),'Fed Funds Futures Curve')]/following-sibling::div//span[@class="icon-remove"]
[INFO ][2015-11-06 11:45:37,370][com.java.SeleniumDriver] [  838] - DataValue : 
[INFO ][2015-11-06 11:45:37,370][com.java.SeleniumDriver] [  844] - <In Set values of the page>
[INFO ][2015-11-06 11:45:37,370][com.java.SeleniumDriver] [  847] - {Data Fields & Data Values Exist}
[INFO ][2015-11-06 11:45:37,370][com.java.SeleniumDriver] [  849] - --------------------------setting values-----------------------------
[INFO ][2015-11-06 11:45:37,371][com.java.SeleniumDriver] [  852] - Action Type : CLICK
[INFO ][2015-11-06 11:45:37,371][com.java.TestType] [ 4150] - Field ::XPH//div[contains(text(),'Fed Funds Futures Curve')]/following-sibling::div//span[@class="icon-remove"]
[INFO ][2015-11-06 11:45:38,372][com.java.TestType] [ 4209] - BEFORE CLICK
[INFO ][2015-11-06 11:45:39,189][com.java.TestType] [ 4217] - Unable to click the object Trash Can Icon
[INFO ][2015-11-06 11:45:39,189][com.java.SeleniumDriver] [  861] -  RESULT true
[INFO ][2015-11-06 11:45:39,189][com.java.SeleniumDriver] [ 1066] - ?   P A S S   ?
[INFO ][2015-11-06 11:45:39,189][com.java.SeleniumDriver] [  788] - ------------------------------------------
[INFO ][2015-11-06 11:45:39,189][com.java.SeleniumDriver] [  789] - Test case being Executed: 3
[INFO ][2015-11-06 11:45:39,189][com.java.SeleniumDriver] [  800] - Test step:5
[INFO ][2015-11-06 11:45:39,189][com.java.SeleniumDriver] [  812] - Datavalue is----------null
[DEBUG][2015-11-06 11:45:39,189][com.java.SeleniumDriver] [  830] - Exception: null
[INFO ][2015-11-06 11:45:39,189][com.java.SeleniumDriver] [  836] - DataField : XPH//span[contains(text(),'No')]
[INFO ][2015-11-06 11:45:39,189][com.java.SeleniumDriver] [  838] - DataValue : 
[INFO ][2015-11-06 11:45:39,189][com.java.SeleniumDriver] [  844] - <In Set values of the page>
[INFO ][2015-11-06 11:45:39,189][com.java.SeleniumDriver] [  847] - {Data Fields & Data Values Exist}
[INFO ][2015-11-06 11:45:39,190][com.java.SeleniumDriver] [  849] - --------------------------setting values-----------------------------
[INFO ][2015-11-06 11:45:39,190][com.java.SeleniumDriver] [  852] - Action Type : WAITFORELEMENT
