[INFO ][2016-01-08 14:59:58,244][com.java.SeleniumDriver] [  213] - Execute Failed Casesfalse
[INFO ][2016-01-08 14:59:58,244][com.java.SeleniumDriver] [  214] - Browser: IE10
[INFO ][2016-01-08 14:59:58,245][com.java.SeleniumDriver] [  215] - [1, 8]
[INFO ][2016-01-08 14:59:58,245][com.java.SeleniumDriver] [  216] - Total TestCases:2
[INFO ][2016-01-08 14:59:58,245][com.java.SeleniumDriver] [  217] -  Reading Properties from Property File 
[DEBUG][2016-01-08 14:59:58,246][com.java.SeleniumDriver] [  238] - url : https://clients-xuat.bankersdashboard.com
[INFO ][2016-01-08 14:59:58,283][com.java.ImportnExport.ExportTestResultsExcel] [  116] - Time Stamp Fri Jan 08 02:59:58 IST 2016
[INFO ][2016-01-08 14:59:58,284][com.java.ImportnExport.ExportTestResultsExcel] [  175] - OUT FILE : D:\BankersDashboard/TestReports/Test Results_BankersDashBoard_010816_145958_IE10_First Bank.xls
[INFO ][2016-01-08 14:59:58,329][com.java.ImportnExport.ExportTestResultsExcel] [  180] - Test Result file is created
[DEBUG][2016-01-08 14:59:58,551][com.java.SeleniumDriver] [  426] - Hub ip address is-------172.17.68.34
[INFO ][2016-01-08 14:59:58,552][com.java.SeleniumDriver] [  452] - Grid URL:http://172.17.68.34:4444/wd/hub
[INFO ][2016-01-08 14:59:58,552][com.java.SeleniumDriver] [  453] - Capability:Capabilities [{platform=ANY, ensureCleanSession=true, ignoreProtectedModeSettings=true, acceptSslCerts=true, ignoreZoomSetting=true, browserName=internet explorer, browserstack.ie.noFlash=true, version=null}]
[ERROR][2016-01-08 15:00:00,646][com.java.SeleniumDriver] [  498] - Unable invoke browser in grid:Could not start a new session. Possible causes are invalid address of the remote server or browser start-up failure.
Build info: version: '2.48.2', revision: '41bccdd', time: '2015-10-09 19:59:12'
System info: host: 'FVTIII438F1D', ip: '172.17.68.34', os.name: 'Windows 7', os.arch: 'x86', os.version: '6.1', java.version: '1.7.0_55'
Driver info: driver.version: SeleniumDriver
[INFO ][2016-01-08 15:00:00,646][com.java.SeleniumDriver] [  500] - Executing on local machine
[INFO ][2016-01-08 15:00:11,312][com.java.SeleniumDriver] [  248] - IE10is opened
[INFO ][2016-01-08 15:00:12,142][com.java.SeleniumDriver] [  756] - Test cases to be executed are: [1, 8]
[INFO ][2016-01-08 15:00:12,181][com.java.ImportnExport.ImportTestDataDetailsExcel] [   49] - test data details path===== D:\BankersDashboard\TestInputs\TestData.xls
[INFO ][2016-01-08 15:00:12,280][com.java.SeleniumDriver] [  832] - ------------------------------------------
[INFO ][2016-01-08 15:00:12,280][com.java.SeleniumDriver] [  833] - Test case being Executed: 1
[INFO ][2016-01-08 15:00:12,280][com.java.SeleniumDriver] [  845] - Test step:1
[INFO ][2016-01-08 15:00:12,281][com.java.SeleniumDriver] [  857] - Datavalue is----------Concept#1:1-16
[INFO ][2016-01-08 15:00:12,281][com.java.SeleniumDriver] [  881] - DataField : test
[INFO ][2016-01-08 15:00:12,281][com.java.SeleniumDriver] [  883] - DataValue : Concept#1:1-16
[INFO ][2016-01-08 15:00:12,281][com.java.SeleniumDriver] [  889] - <In Set values of the page>
[INFO ][2016-01-08 15:00:12,281][com.java.SeleniumDriver] [  892] - {Data Fields & Data Values Exist}
[INFO ][2016-01-08 15:00:12,281][com.java.SeleniumDriver] [  894] - --------------------------setting values-----------------------------
[INFO ][2016-01-08 15:00:12,281][com.java.SeleniumDriver] [  897] - Action Type : ExecuteTestCase
[INFO ][2016-01-08 15:00:13,216][com.java.TestType] [  437] - The Concept sheet name is ---------- Concept
[INFO ][2016-01-08 15:00:13,216][com.java.TestType] [  440] - The Concept ID  is ---------- 1
[DEBUG][2016-01-08 15:00:13,216][com.java.TestType] [  444] - Steps being executted in the Concept are: 1:16
[INFO ][2016-01-08 15:00:13,216][com.java.TestType] [  451] - Test data details path ---------- D:\BankersDashboard\TestInputs\TestData.xls
[INFO ][2016-01-08 15:00:13,245][com.java.TestType] [  482] -  str(1) = 1
[INFO ][2016-01-08 15:00:13,245][com.java.TestType] [  485] - Test case Id is---1
[INFO ][2016-01-08 15:00:13,246][com.java.TestType] [  487] - 1
[INFO ][2016-01-08 15:00:13,246][com.java.TestType] [  482] -  str(2) = 1
[INFO ][2016-01-08 15:00:13,248][com.java.TestType] [  482] -  str(1) = 1
[INFO ][2016-01-08 15:00:13,248][com.java.TestType] [  485] - Test case Id is---1
[INFO ][2016-01-08 15:00:13,248][com.java.TestType] [  487] - 1
[INFO ][2016-01-08 15:00:13,248][com.java.TestType] [  482] -  str(2) = 2
[INFO ][2016-01-08 15:00:13,251][com.java.TestType] [  482] -  str(1) = 1
[INFO ][2016-01-08 15:00:13,252][com.java.TestType] [  485] - Test case Id is---1
[INFO ][2016-01-08 15:00:13,252][com.java.TestType] [  487] - 1
[INFO ][2016-01-08 15:00:13,252][com.java.TestType] [  482] -  str(2) = 3
[INFO ][2016-01-08 15:00:13,253][com.java.TestType] [  482] -  str(1) = 1
[INFO ][2016-01-08 15:00:13,253][com.java.TestType] [  485] - Test case Id is---1
[INFO ][2016-01-08 15:00:13,253][com.java.TestType] [  487] - 1
[INFO ][2016-01-08 15:00:13,253][com.java.TestType] [  482] -  str(2) = 4
[INFO ][2016-01-08 15:00:13,255][com.java.TestType] [  482] -  str(1) = 1
[INFO ][2016-01-08 15:00:13,255][com.java.TestType] [  485] - Test case Id is---1
[INFO ][2016-01-08 15:00:13,255][com.java.TestType] [  487] - 1
[INFO ][2016-01-08 15:00:13,255][com.java.TestType] [  482] -  str(2) = 5
[INFO ][2016-01-08 15:00:13,257][com.java.TestType] [  482] -  str(1) = 1
[INFO ][2016-01-08 15:00:13,257][com.java.TestType] [  485] - Test case Id is---1
[INFO ][2016-01-08 15:00:13,257][com.java.TestType] [  487] - 1
[INFO ][2016-01-08 15:00:13,257][com.java.TestType] [  482] -  str(2) = 6
[INFO ][2016-01-08 15:00:13,258][com.java.TestType] [  482] -  str(1) = 1
[INFO ][2016-01-08 15:00:13,258][com.java.TestType] [  485] - Test case Id is---1
[INFO ][2016-01-08 15:00:13,258][com.java.TestType] [  487] - 1
[INFO ][2016-01-08 15:00:13,259][com.java.TestType] [  482] -  str(2) = 7
[INFO ][2016-01-08 15:00:13,259][com.java.TestType] [  482] -  str(1) = 1
[INFO ][2016-01-08 15:00:13,259][com.java.TestType] [  485] - Test case Id is---1
[INFO ][2016-01-08 15:00:13,260][com.java.TestType] [  487] - 1
[INFO ][2016-01-08 15:00:13,260][com.java.TestType] [  482] -  str(2) = 8
[INFO ][2016-01-08 15:00:13,262][com.java.TestType] [  482] -  str(1) = 1
[INFO ][2016-01-08 15:00:13,262][com.java.TestType] [  485] - Test case Id is---1
[INFO ][2016-01-08 15:00:13,262][com.java.TestType] [  487] - 1
[INFO ][2016-01-08 15:00:13,262][com.java.TestType] [  482] -  str(2) = 9
[INFO ][2016-01-08 15:00:13,263][com.java.TestType] [  482] -  str(1) = 1
[INFO ][2016-01-08 15:00:13,263][com.java.TestType] [  485] - Test case Id is---1
[INFO ][2016-01-08 15:00:13,263][com.java.TestType] [  487] - 1
[INFO ][2016-01-08 15:00:13,264][com.java.TestType] [  482] -  str(2) = 10
[INFO ][2016-01-08 15:00:13,264][com.java.TestType] [  482] -  str(1) = 1
[INFO ][2016-01-08 15:00:13,264][com.java.TestType] [  485] - Test case Id is---1
[INFO ][2016-01-08 15:00:13,265][com.java.TestType] [  487] - 1
[INFO ][2016-01-08 15:00:13,265][com.java.TestType] [  482] -  str(2) = 11
[INFO ][2016-01-08 15:00:13,265][com.java.TestType] [  482] -  str(1) = 1
[INFO ][2016-01-08 15:00:13,266][com.java.TestType] [  485] - Test case Id is---1
[INFO ][2016-01-08 15:00:13,266][com.java.TestType] [  487] - 1
[INFO ][2016-01-08 15:00:13,266][com.java.TestType] [  482] -  str(2) = 12
[INFO ][2016-01-08 15:00:13,267][com.java.TestType] [  482] -  str(1) = 1
[INFO ][2016-01-08 15:00:13,267][com.java.TestType] [  485] - Test case Id is---1
[INFO ][2016-01-08 15:00:13,267][com.java.TestType] [  487] - 1
[INFO ][2016-01-08 15:00:13,267][com.java.TestType] [  482] -  str(2) = 13
[INFO ][2016-01-08 15:00:13,268][com.java.TestType] [  482] -  str(1) = 1
[INFO ][2016-01-08 15:00:13,268][com.java.TestType] [  485] - Test case Id is---1
[INFO ][2016-01-08 15:00:13,268][com.java.TestType] [  487] - 1
[INFO ][2016-01-08 15:00:13,268][com.java.TestType] [  482] -  str(2) = 14
[INFO ][2016-01-08 15:00:13,269][com.java.TestType] [  482] -  str(1) = 1
[INFO ][2016-01-08 15:00:13,269][com.java.TestType] [  485] - Test case Id is---1
[INFO ][2016-01-08 15:00:13,269][com.java.TestType] [  487] - 1
[INFO ][2016-01-08 15:00:13,269][com.java.TestType] [  482] -  str(2) = 15
[INFO ][2016-01-08 15:00:13,271][com.java.TestType] [  482] -  str(1) = 1
[INFO ][2016-01-08 15:00:13,271][com.java.TestType] [  485] - Test case Id is---1
[INFO ][2016-01-08 15:00:13,271][com.java.TestType] [  487] - 1
[INFO ][2016-01-08 15:00:13,271][com.java.TestType] [  482] -  str(2) = 16
[INFO ][2016-01-08 15:00:13,271][com.java.TestType] [10821] - Looping 1TCID = 1
[DEBUG][2016-01-08 15:00:13,272][com.java.TestType] [10862] - Concept ID:1 :: Step being Executed: 1::1
[INFO ][2016-01-08 15:00:13,272][com.java.TestType] [10900] - dataFields : TXTusername
[DEBUG][2016-01-08 15:00:13,272][com.java.TestType] [10906] - <In Set values of the page>
[DEBUG][2016-01-08 15:00:13,272][com.java.TestType] [10911] - {Data Fields & Data Values Exist}
[INFO ][2016-01-08 15:00:13,272][com.java.TestType] [10917] - --------------------------setting values-----------------------------
[INFO ][2016-01-08 15:00:13,272][com.java.TestType] [10920] - Action Type : CLEARANDENTER
[INFO ][2016-01-08 15:00:13,272][com.java.TestType] [ 5895] - value = valuelabs.ie10.15019
[INFO ][2016-01-08 15:00:17,994][com.java.TestType] [10939] -  RESULT true
[INFO ][2016-01-08 15:00:17,994][com.java.TestType] [11056] - ?   P A S S   ?
[DEBUG][2016-01-08 15:00:17,994][com.java.TestType] [10862] - Concept ID:1 :: Step being Executed: 1::2
[INFO ][2016-01-08 15:00:17,994][com.java.TestType] [10900] - dataFields : TXTpassword
[DEBUG][2016-01-08 15:00:17,994][com.java.TestType] [10906] - <In Set values of the page>
[DEBUG][2016-01-08 15:00:17,994][com.java.TestType] [10911] - {Data Fields & Data Values Exist}
[INFO ][2016-01-08 15:00:17,994][com.java.TestType] [10917] - --------------------------setting values-----------------------------
[INFO ][2016-01-08 15:00:17,994][com.java.TestType] [10920] - Action Type : CLEARANDENTER
[INFO ][2016-01-08 15:00:17,995][com.java.TestType] [ 5895] - value = Password1*
[INFO ][2016-01-08 15:00:22,822][com.java.TestType] [10939] -  RESULT true
[INFO ][2016-01-08 15:00:22,822][com.java.TestType] [11056] - ?   P A S S   ?
[DEBUG][2016-01-08 15:00:22,823][com.java.TestType] [10862] - Concept ID:1 :: Step being Executed: 1::3
[ERROR][2016-01-08 15:00:22,823][com.java.TestType] [10895] - Exception: null
[INFO ][2016-01-08 15:00:22,823][com.java.TestType] [10900] - dataFields : XPH//button[@type='submit']
[DEBUG][2016-01-08 15:00:22,823][com.java.TestType] [10906] - <In Set values of the page>
[DEBUG][2016-01-08 15:00:22,823][com.java.TestType] [10911] - {Data Fields & Data Values Exist}
[INFO ][2016-01-08 15:00:22,823][com.java.TestType] [10917] - --------------------------setting values-----------------------------
[INFO ][2016-01-08 15:00:22,823][com.java.TestType] [10920] - Action Type : Click
[INFO ][2016-01-08 15:00:22,824][com.java.TestType] [ 6274] - Field ::XPH//button[@type='submit']
[INFO ][2016-01-08 15:00:22,824][com.java.TestType] [ 5895] - value = 
[INFO ][2016-01-08 15:00:23,824][com.java.TestType] [ 6411] - BEFORE CLICK
[INFO ][2016-01-08 15:00:24,733][com.java.TestType] [ 6419] - Unable to click the object Login
[INFO ][2016-01-08 15:00:24,733][com.java.TestType] [10939] -  RESULT true
[INFO ][2016-01-08 15:00:24,733][com.java.TestType] [11056] - ?   P A S S   ?
[DEBUG][2016-01-08 15:00:24,734][com.java.TestType] [10862] - Concept ID:1 :: Step being Executed: 1::4
[INFO ][2016-01-08 15:00:24,734][com.java.TestType] [10900] - dataFields : LNKLogout
[DEBUG][2016-01-08 15:00:24,734][com.java.TestType] [10906] - <In Set values of the page>
[DEBUG][2016-01-08 15:00:24,734][com.java.TestType] [10911] - {Data Fields & Data Values Exist}
[INFO ][2016-01-08 15:00:24,734][com.java.TestType] [10917] - --------------------------setting values-----------------------------
[INFO ][2016-01-08 15:00:24,734][com.java.TestType] [10920] - Action Type : WaitForElement
[INFO ][2016-01-08 15:00:28,171][com.java.TestType] [10939] -  RESULT true
[INFO ][2016-01-08 15:00:28,171][com.java.TestType] [11056] - ?   P A S S   ?
[DEBUG][2016-01-08 15:00:28,171][com.java.TestType] [10862] - Concept ID:1 :: Step being Executed: 1::15
[INFO ][2016-01-08 15:00:28,171][com.java.TestType] [10900] - dataFields : LNK
[DEBUG][2016-01-08 15:00:28,172][com.java.TestType] [10906] - <In Set values of the page>
[DEBUG][2016-01-08 15:00:28,172][com.java.TestType] [10911] - {Data Fields & Data Values Exist}
[INFO ][2016-01-08 15:00:28,172][com.java.TestType] [10917] - --------------------------setting values-----------------------------
[INFO ][2016-01-08 15:00:28,172][com.java.TestType] [10920] - Action Type : Verify
[INFO ][2016-01-08 15:00:28,172][com.java.TestType] [ 7269] - field= LNK value= Logout
[INFO ][2016-01-08 15:00:28,174][com.java.TestType] [ 5895] - value = Logout
[INFO ][2016-01-08 15:00:28,212][com.java.TestType] [10939] -  RESULT true
[INFO ][2016-01-08 15:00:28,212][com.java.TestType] [11056] - ?   P A S S   ?
[DEBUG][2016-01-08 15:00:28,212][com.java.TestType] [10862] - Concept ID:1 :: Step being Executed: 1::16
[INFO ][2016-01-08 15:00:28,212][com.java.TestType] [10900] - dataFields : BTN
[DEBUG][2016-01-08 15:00:28,213][com.java.TestType] [10906] - <In Set values of the page>
[DEBUG][2016-01-08 15:00:28,213][com.java.TestType] [10911] - {Data Fields & Data Values Exist}
[INFO ][2016-01-08 15:00:28,213][com.java.TestType] [10917] - --------------------------setting values-----------------------------
[INFO ][2016-01-08 15:00:28,213][com.java.TestType] [10920] - Action Type : Verify
[INFO ][2016-01-08 15:00:28,213][com.java.TestType] [ 7269] - field= BTN value= //img[contains(@src,'bdlogo.jpg')]
[INFO ][2016-01-08 15:00:28,213][com.java.TestType] [ 5895] - value = //img[contains(@src,'bdlogo.jpg')]
[INFO ][2016-01-08 15:00:28,285][com.java.TestType] [10939] -  RESULT true
[INFO ][2016-01-08 15:00:28,285][com.java.TestType] [11056] - ?   P A S S   ?
[INFO ][2016-01-08 15:00:28,285][com.java.TestType] [11127] - Looping End......
[INFO ][2016-01-08 15:00:28,288][com.java.SeleniumDriver] [  906] -  RESULT true
[INFO ][2016-01-08 15:00:28,289][com.java.SeleniumDriver] [ 1112] - ?   P A S S   ?
[INFO ][2016-01-08 15:00:28,289][com.java.SeleniumDriver] [  832] - ------------------------------------------
[INFO ][2016-01-08 15:00:28,289][com.java.SeleniumDriver] [  833] - Test case being Executed: 1
[INFO ][2016-01-08 15:00:28,289][com.java.SeleniumDriver] [  845] - Test step:2
[INFO ][2016-01-08 15:00:28,289][com.java.SeleniumDriver] [  857] - Datavalue is----------Concept#2:1-2
[INFO ][2016-01-08 15:00:28,289][com.java.SeleniumDriver] [  881] - DataField : test
[INFO ][2016-01-08 15:00:28,289][com.java.SeleniumDriver] [  883] - DataValue : Concept#2:1-2
[INFO ][2016-01-08 15:00:28,289][com.java.SeleniumDriver] [  889] - <In Set values of the page>
[INFO ][2016-01-08 15:00:28,289][com.java.SeleniumDriver] [  892] - {Data Fields & Data Values Exist}
[INFO ][2016-01-08 15:00:28,289][com.java.SeleniumDriver] [  894] - --------------------------setting values-----------------------------
[INFO ][2016-01-08 15:00:28,289][com.java.SeleniumDriver] [  897] - Action Type : ExecuteTestCase
[INFO ][2016-01-08 15:00:28,290][com.java.TestType] [  437] - The Concept sheet name is ---------- Concept
[INFO ][2016-01-08 15:00:28,290][com.java.TestType] [  440] - The Concept ID  is ---------- 2
[DEBUG][2016-01-08 15:00:28,290][com.java.TestType] [  444] - Steps being executted in the Concept are: 1:2
[INFO ][2016-01-08 15:00:28,290][com.java.TestType] [  451] - Test data details path ---------- D:\BankersDashboard\TestInputs\TestData.xls
[INFO ][2016-01-08 15:00:28,322][com.java.TestType] [  482] -  str(1) = 2
[INFO ][2016-01-08 15:00:28,322][com.java.TestType] [  485] - Test case Id is---2
[INFO ][2016-01-08 15:00:28,322][com.java.TestType] [  487] - 2
[INFO ][2016-01-08 15:00:28,322][com.java.TestType] [  482] -  str(2) = 1
[INFO ][2016-01-08 15:00:28,324][com.java.TestType] [  482] -  str(1) = 2
[INFO ][2016-01-08 15:00:28,324][com.java.TestType] [  485] - Test case Id is---2
[INFO ][2016-01-08 15:00:28,324][com.java.TestType] [  487] - 2
[INFO ][2016-01-08 15:00:28,324][com.java.TestType] [  482] -  str(2) = 2
[INFO ][2016-01-08 15:00:28,325][com.java.TestType] [  482] -  str(1) = 2
[INFO ][2016-01-08 15:00:28,325][com.java.TestType] [  485] - Test case Id is---2
[INFO ][2016-01-08 15:00:28,325][com.java.TestType] [  487] - 2
[INFO ][2016-01-08 15:00:28,325][com.java.TestType] [  482] -  str(2) = 3
[INFO ][2016-01-08 15:00:28,325][com.java.TestType] [10821] - Looping 1TCID = 2
[DEBUG][2016-01-08 15:00:28,325][com.java.TestType] [10862] - Concept ID:2 :: Step being Executed: 2::1
[INFO ][2016-01-08 15:00:28,326][com.java.TestType] [10900] - dataFields : BNK//select[@id='bank']
[DEBUG][2016-01-08 15:00:28,326][com.java.TestType] [10906] - <In Set values of the page>
[DEBUG][2016-01-08 15:00:28,326][com.java.TestType] [10911] - {Data Fields & Data Values Exist}
[INFO ][2016-01-08 15:00:28,326][com.java.TestType] [10917] - --------------------------setting values-----------------------------
[INFO ][2016-01-08 15:00:28,326][com.java.TestType] [10920] - Action Type : Select
[INFO ][2016-01-08 15:00:28,326][com.java.TestType] [ 5895] - value = PFC
[INFO ][2016-01-08 15:00:28,630][com.java.TestType] [10939] -  RESULT true
[INFO ][2016-01-08 15:00:28,630][com.java.TestType] [11056] - ?   P A S S   ?
[DEBUG][2016-01-08 15:00:28,630][com.java.TestType] [10862] - Concept ID:2 :: Step being Executed: 2::2
[INFO ][2016-01-08 15:00:28,630][com.java.TestType] [10900] - dataFields : LNKLogout
[DEBUG][2016-01-08 15:00:28,630][com.java.TestType] [10906] - <In Set values of the page>
[DEBUG][2016-01-08 15:00:28,630][com.java.TestType] [10911] - {Data Fields & Data Values Exist}
[INFO ][2016-01-08 15:00:28,630][com.java.TestType] [10917] - --------------------------setting values-----------------------------
[INFO ][2016-01-08 15:00:28,631][com.java.TestType] [10920] - Action Type : WaitTime
[DEBUG][2016-01-08 15:00:28,631][com.java.TestType] [ 5715] - sleepTime: 5000
[INFO ][2016-01-08 15:00:33,631][com.java.TestType] [10939] -  RESULT true
[INFO ][2016-01-08 15:00:33,631][com.java.TestType] [11056] - ?   P A S S   ?
[INFO ][2016-01-08 15:00:33,631][com.java.TestType] [11127] - Looping End......
[INFO ][2016-01-08 15:00:33,634][com.java.SeleniumDriver] [  906] -  RESULT true
[INFO ][2016-01-08 15:00:33,635][com.java.SeleniumDriver] [ 1112] - ?   P A S S   ?
[INFO ][2016-01-08 15:00:33,635][com.java.SeleniumDriver] [  832] - ------------------------------------------
[INFO ][2016-01-08 15:00:33,635][com.java.SeleniumDriver] [  833] - Test case being Executed: 1
[INFO ][2016-01-08 15:00:33,635][com.java.SeleniumDriver] [  845] - Test step:3
[INFO ][2016-01-08 15:00:33,635][com.java.SeleniumDriver] [  857] - Datavalue is----------2
[INFO ][2016-01-08 15:00:33,635][com.java.SeleniumDriver] [  881] - DataField : XPH//button[contains(text(),'Add Content')]
[INFO ][2016-01-08 15:00:33,635][com.java.SeleniumDriver] [  883] - DataValue : 2
[INFO ][2016-01-08 15:00:33,635][com.java.SeleniumDriver] [  889] - <In Set values of the page>
[INFO ][2016-01-08 15:00:33,635][com.java.SeleniumDriver] [  892] - {Data Fields & Data Values Exist}
[INFO ][2016-01-08 15:00:33,635][com.java.SeleniumDriver] [  894] - --------------------------setting values-----------------------------
[INFO ][2016-01-08 15:00:33,635][com.java.SeleniumDriver] [  897] - Action Type : WAITFORELEMENT
[INFO ][2016-01-08 15:00:33,683][com.java.SeleniumDriver] [  906] -  RESULT true
[INFO ][2016-01-08 15:00:33,683][com.java.SeleniumDriver] [ 1112] - ?   P A S S   ?
[DEBUG][2016-01-08 15:00:33,683][com.java.SeleniumDriver] [ 1224] - Case found
[DEBUG][2016-01-08 15:00:33,683][com.java.SeleniumDriver] [ 1229] - Incrementing ReportCounters[0]:1
[INFO ][2016-01-08 15:00:33,683][com.java.SeleniumDriver] [ 1248] - The results are-------------------[1, 1, Valid Login, Pass, , Fri Jan 08 15:00:28 IST 2016, 1, 2, Valid Login, Pass, , Fri Jan 08 15:00:33 IST 2016, 1, 3, Valid Login, Pass, , Fri Jan 08 15:00:33 IST 2016]
[INFO ][2016-01-08 15:00:33,683][com.java.SeleniumDriver] [ 1252] - End time is-------37 sec
[INFO ][2016-01-08 15:00:33,683][com.java.SeleniumDriver] [ 1253] - The results are-------------------[1, 1, Valid Login, Pass, , Fri Jan 08 15:00:28 IST 2016, 1, 2, Valid Login, Pass, , Fri Jan 08 15:00:33 IST 2016, 1, 3, Valid Login, Pass, , Fri Jan 08 15:00:33 IST 2016]
[DEBUG][2016-01-08 15:00:33,683][com.java.ImportnExport.ExportTestResultsExcel] [  222] - testResultPath = D:\BankersDashboard/TestReports/Test Results_BankersDashBoard_010816_145958_IE10_First Bank.xls
[DEBUG][2016-01-08 15:00:33,683][com.java.ImportnExport.ExportTestResultsExcel] [  223] - browser is------------IE10
[DEBUG][2016-01-08 15:00:33,749][com.java.ImportnExport.ExportTestResultsExcel] [  270] - result.size() = 18
[DEBUG][2016-01-08 15:00:33,749][com.java.ImportnExport.ExportTestResultsExcel] [  274] - No of rows in sheet=1
[DEBUG][2016-01-08 15:00:33,749][com.java.ImportnExport.ExportTestResultsExcel] [  301] - ..in export..1
[DEBUG][2016-01-08 15:00:33,749][com.java.ImportnExport.ExportTestResultsExcel] [  301] - ..in export..Valid Login
[DEBUG][2016-01-08 15:00:33,750][com.java.ImportnExport.ExportTestResultsExcel] [  301] - ..in export..Pass
[DEBUG][2016-01-08 15:00:33,750][com.java.ImportnExport.ExportTestResultsExcel] [  301] - ..in export..
[DEBUG][2016-01-08 15:00:33,750][com.java.ImportnExport.ExportTestResultsExcel] [  301] - ..in export..Fri Jan 08 15:00:28 IST 2016
[INFO ][2016-01-08 15:00:33,751][com.java.SeleniumDriver] [ 1313] - out loop:0 size:2 TestCases:[1, 8] testcases:[1, 8]
[INFO ][2016-01-08 15:00:33,751][com.java.ImportnExport.ImportTestDataDetailsExcel] [   49] - test data details path===== D:\BankersDashboard\TestInputs\TestData.xls
[INFO ][2016-01-08 15:01:01,532][com.java.SeleniumDriver] [  832] - ------------------------------------------
[INFO ][2016-01-08 15:01:01,532][com.java.SeleniumDriver] [  833] - Test case being Executed: 8
[INFO ][2016-01-08 15:01:01,532][com.java.SeleniumDriver] [  845] - Test step:1
[INFO ][2016-01-08 15:01:01,532][com.java.SeleniumDriver] [  857] - Datavalue is----------5
[INFO ][2016-01-08 15:01:01,532][com.java.SeleniumDriver] [  881] - DataField : LNKLogout
[INFO ][2016-01-08 15:01:01,532][com.java.SeleniumDriver] [  883] - DataValue : 5
[INFO ][2016-01-08 15:01:01,532][com.java.SeleniumDriver] [  889] - <In Set values of the page>
[INFO ][2016-01-08 15:01:01,532][com.java.SeleniumDriver] [  892] - {Data Fields & Data Values Exist}
[INFO ][2016-01-08 15:01:01,532][com.java.SeleniumDriver] [  894] - --------------------------setting values-----------------------------
[INFO ][2016-01-08 15:01:01,532][com.java.SeleniumDriver] [  897] - Action Type : WaitForElement
[INFO ][2016-01-08 15:01:01,638][com.java.SeleniumDriver] [  906] -  RESULT true
[INFO ][2016-01-08 15:01:01,638][com.java.SeleniumDriver] [ 1112] - ?   P A S S   ?
[INFO ][2016-01-08 15:01:01,638][com.java.SeleniumDriver] [ 1154] - step change to 3
[INFO ][2016-01-08 15:01:01,638][com.java.SeleniumDriver] [  832] - ------------------------------------------
[INFO ][2016-01-08 15:01:01,638][com.java.SeleniumDriver] [  833] - Test case being Executed: 8
[INFO ][2016-01-08 15:01:01,638][com.java.SeleniumDriver] [  845] - Test step:3
[INFO ][2016-01-08 15:01:01,638][com.java.SeleniumDriver] [  857] - Datavalue is----------Concept#2:1-2
[INFO ][2016-01-08 15:01:01,639][com.java.SeleniumDriver] [  881] - DataField : test
[INFO ][2016-01-08 15:01:01,639][com.java.SeleniumDriver] [  883] - DataValue : Concept#2:1-2
[INFO ][2016-01-08 15:01:01,639][com.java.SeleniumDriver] [  889] - <In Set values of the page>
[INFO ][2016-01-08 15:01:01,639][com.java.SeleniumDriver] [  892] - {Data Fields & Data Values Exist}
[INFO ][2016-01-08 15:01:01,639][com.java.SeleniumDriver] [  894] - --------------------------setting values-----------------------------
[INFO ][2016-01-08 15:01:01,639][com.java.SeleniumDriver] [  897] - Action Type : ExecuteTestCase
[INFO ][2016-01-08 15:01:01,639][com.java.TestType] [  437] - The Concept sheet name is ---------- Concept
[INFO ][2016-01-08 15:01:01,639][com.java.TestType] [  440] - The Concept ID  is ---------- 2
[DEBUG][2016-01-08 15:01:01,639][com.java.TestType] [  444] - Steps being executted in the Concept are: 1:2
[INFO ][2016-01-08 15:01:01,639][com.java.TestType] [  451] - Test data details path ---------- D:\BankersDashboard\TestInputs\TestData.xls
[INFO ][2016-01-08 15:01:01,668][com.java.TestType] [  482] -  str(1) = 2
[INFO ][2016-01-08 15:01:01,668][com.java.TestType] [  485] - Test case Id is---2
[INFO ][2016-01-08 15:01:01,668][com.java.TestType] [  487] - 2
[INFO ][2016-01-08 15:01:01,668][com.java.TestType] [  482] -  str(2) = 1
[INFO ][2016-01-08 15:01:01,669][com.java.TestType] [  482] -  str(1) = 2
[INFO ][2016-01-08 15:01:01,669][com.java.TestType] [  485] - Test case Id is---2
[INFO ][2016-01-08 15:01:01,669][com.java.TestType] [  487] - 2
[INFO ][2016-01-08 15:01:01,669][com.java.TestType] [  482] -  str(2) = 2
[INFO ][2016-01-08 15:01:01,670][com.java.TestType] [  482] -  str(1) = 2
[INFO ][2016-01-08 15:01:01,670][com.java.TestType] [  485] - Test case Id is---2
[INFO ][2016-01-08 15:01:01,670][com.java.TestType] [  487] - 2
[INFO ][2016-01-08 15:01:01,670][com.java.TestType] [  482] -  str(2) = 3
[INFO ][2016-01-08 15:01:01,671][com.java.TestType] [10821] - Looping 1TCID = 2
[DEBUG][2016-01-08 15:01:01,671][com.java.TestType] [10862] - Concept ID:2 :: Step being Executed: 2::1
[INFO ][2016-01-08 15:01:01,671][com.java.TestType] [10900] - dataFields : BNK//select[@id='bank']
[DEBUG][2016-01-08 15:01:01,671][com.java.TestType] [10906] - <In Set values of the page>
[DEBUG][2016-01-08 15:01:01,671][com.java.TestType] [10911] - {Data Fields & Data Values Exist}
[INFO ][2016-01-08 15:01:01,671][com.java.TestType] [10917] - --------------------------setting values-----------------------------
[INFO ][2016-01-08 15:01:01,671][com.java.TestType] [10920] - Action Type : Select
[INFO ][2016-01-08 15:01:01,672][com.java.TestType] [ 5895] - value = PFC
[INFO ][2016-01-08 15:01:02,165][com.java.TestType] [10939] -  RESULT true
[INFO ][2016-01-08 15:01:02,165][com.java.TestType] [11056] - ?   P A S S   ?
[DEBUG][2016-01-08 15:01:02,165][com.java.TestType] [10862] - Concept ID:2 :: Step being Executed: 2::2
[INFO ][2016-01-08 15:01:02,165][com.java.TestType] [10900] - dataFields : LNKLogout
[DEBUG][2016-01-08 15:01:02,165][com.java.TestType] [10906] - <In Set values of the page>
[DEBUG][2016-01-08 15:01:02,165][com.java.TestType] [10911] - {Data Fields & Data Values Exist}
[INFO ][2016-01-08 15:01:02,165][com.java.TestType] [10917] - --------------------------setting values-----------------------------
[INFO ][2016-01-08 15:01:02,166][com.java.TestType] [10920] - Action Type : WaitTime
[DEBUG][2016-01-08 15:01:02,166][com.java.TestType] [ 5715] - sleepTime: 5000
[INFO ][2016-01-08 15:01:07,166][com.java.TestType] [10939] -  RESULT true
[INFO ][2016-01-08 15:01:07,166][com.java.TestType] [11056] - ?   P A S S   ?
[INFO ][2016-01-08 15:01:07,166][com.java.TestType] [11127] - Looping End......
[INFO ][2016-01-08 15:01:07,181][com.java.SeleniumDriver] [  906] -  RESULT true
[INFO ][2016-01-08 15:01:07,181][com.java.SeleniumDriver] [ 1112] - ?   P A S S   ?
[INFO ][2016-01-08 15:01:07,181][com.java.SeleniumDriver] [  832] - ------------------------------------------
[INFO ][2016-01-08 15:01:07,181][com.java.SeleniumDriver] [  833] - Test case being Executed: 8
[INFO ][2016-01-08 15:01:07,181][com.java.SeleniumDriver] [  845] - Test step:4
[INFO ][2016-01-08 15:01:07,181][com.java.SeleniumDriver] [  857] - Datavalue is----------null
[DEBUG][2016-01-08 15:01:07,181][com.java.SeleniumDriver] [  875] - Exception: null
[INFO ][2016-01-08 15:01:07,181][com.java.SeleniumDriver] [  881] - DataField : //span[@class="icon-user4"]&&//a[contains(text(),'A/L Mapping')]&&//a[@data-id="LoanProductCodes"]
[INFO ][2016-01-08 15:01:07,181][com.java.SeleniumDriver] [  883] - DataValue : 
[INFO ][2016-01-08 15:01:07,181][com.java.SeleniumDriver] [  889] - <In Set values of the page>
[INFO ][2016-01-08 15:01:07,181][com.java.SeleniumDriver] [  892] - {Data Fields & Data Values Exist}
[INFO ][2016-01-08 15:01:07,182][com.java.SeleniumDriver] [  894] - --------------------------setting values-----------------------------
[INFO ][2016-01-08 15:01:07,182][com.java.SeleniumDriver] [  897] - Action Type : mouseover
[INFO ][2016-01-08 15:01:36,349][com.java.SeleniumDriver] [  906] -  RESULT true
[INFO ][2016-01-08 15:01:36,349][com.java.SeleniumDriver] [ 1112] - ?   P A S S   ?
[INFO ][2016-01-08 15:01:36,349][com.java.SeleniumDriver] [  832] - ------------------------------------------
[INFO ][2016-01-08 15:01:36,349][com.java.SeleniumDriver] [  833] - Test case being Executed: 8
[INFO ][2016-01-08 15:01:36,349][com.java.SeleniumDriver] [  845] - Test step:5
[INFO ][2016-01-08 15:01:36,349][com.java.SeleniumDriver] [  857] - Datavalue is----------5
[INFO ][2016-01-08 15:01:36,349][com.java.SeleniumDriver] [  881] - DataField : BTNframeDialogContent
[INFO ][2016-01-08 15:01:36,349][com.java.SeleniumDriver] [  883] - DataValue : 5
[INFO ][2016-01-08 15:01:36,349][com.java.SeleniumDriver] [  889] - <In Set values of the page>
[INFO ][2016-01-08 15:01:36,349][com.java.SeleniumDriver] [  892] - {Data Fields & Data Values Exist}
[INFO ][2016-01-08 15:01:36,349][com.java.SeleniumDriver] [  894] - --------------------------setting values-----------------------------
[INFO ][2016-01-08 15:01:36,350][com.java.SeleniumDriver] [  897] - Action Type : waitforelement
[INFO ][2016-01-08 15:01:37,579][com.java.SeleniumDriver] [  906] -  RESULT true
[INFO ][2016-01-08 15:01:37,579][com.java.SeleniumDriver] [ 1112] - ?   P A S S   ?
[INFO ][2016-01-08 15:01:37,579][com.java.SeleniumDriver] [  832] - ------------------------------------------
[INFO ][2016-01-08 15:01:37,579][com.java.SeleniumDriver] [  833] - Test case being Executed: 8
[INFO ][2016-01-08 15:01:37,579][com.java.SeleniumDriver] [  845] - Test step:6
[INFO ][2016-01-08 15:01:37,579][com.java.SeleniumDriver] [  857] - Datavalue is----------Loan Product Codes
[INFO ][2016-01-08 15:01:37,579][com.java.SeleniumDriver] [  881] - DataField : MSG
[INFO ][2016-01-08 15:01:37,580][com.java.SeleniumDriver] [  883] - DataValue : Loan Product Codes
[INFO ][2016-01-08 15:01:37,580][com.java.SeleniumDriver] [  889] - <In Set values of the page>
[INFO ][2016-01-08 15:01:37,580][com.java.SeleniumDriver] [  892] - {Data Fields & Data Values Exist}
[INFO ][2016-01-08 15:01:37,580][com.java.SeleniumDriver] [  894] - --------------------------setting values-----------------------------
[INFO ][2016-01-08 15:01:37,580][com.java.SeleniumDriver] [  897] - Action Type : VERIFY
[INFO ][2016-01-08 15:01:37,580][com.java.TestType] [ 7269] - field= MSG value= Loan Product Codes
[INFO ][2016-01-08 15:01:37,580][com.java.TestType] [ 5895] - value = Loan Product Codes
[DEBUG][2016-01-08 15:01:37,580][com.java.TestType] [ 8086] - value :: Loan Product Codes
[INFO ][2016-01-08 15:01:37,647][com.java.SeleniumDriver] [  906] -  RESULT true
[INFO ][2016-01-08 15:01:37,647][com.java.SeleniumDriver] [ 1112] - ?   P A S S   ?
[INFO ][2016-01-08 15:01:37,647][com.java.SeleniumDriver] [  832] - ------------------------------------------
[INFO ][2016-01-08 15:01:37,647][com.java.SeleniumDriver] [  833] - Test case being Executed: 8
[INFO ][2016-01-08 15:01:37,647][com.java.SeleniumDriver] [  845] - Test step:7
[INFO ][2016-01-08 15:01:37,647][com.java.SeleniumDriver] [  857] - Datavalue is----------null
[DEBUG][2016-01-08 15:01:37,647][com.java.SeleniumDriver] [  875] - Exception: null
[INFO ][2016-01-08 15:01:37,647][com.java.SeleniumDriver] [  881] - DataField : BTNframeDialogContent
[INFO ][2016-01-08 15:01:37,647][com.java.SeleniumDriver] [  883] - DataValue : 
[INFO ][2016-01-08 15:01:37,647][com.java.SeleniumDriver] [  889] - <In Set values of the page>
[INFO ][2016-01-08 15:01:37,647][com.java.SeleniumDriver] [  892] - {Data Fields & Data Values Exist}
[INFO ][2016-01-08 15:01:37,647][com.java.SeleniumDriver] [  894] - --------------------------setting values-----------------------------
[INFO ][2016-01-08 15:01:37,648][com.java.SeleniumDriver] [  897] - Action Type : SELECTFRAME
[INFO ][2016-01-08 15:01:38,926][com.java.SeleniumDriver] [  906] -  RESULT true
[INFO ][2016-01-08 15:01:38,926][com.java.SeleniumDriver] [ 1112] - ?   P A S S   ?
[INFO ][2016-01-08 15:01:38,927][com.java.SeleniumDriver] [  832] - ------------------------------------------
[INFO ][2016-01-08 15:01:38,927][com.java.SeleniumDriver] [  833] - Test case being Executed: 8
[INFO ][2016-01-08 15:01:38,927][com.java.SeleniumDriver] [  845] - Test step:8
[INFO ][2016-01-08 15:01:38,927][com.java.SeleniumDriver] [  857] - Datavalue is----------index:3
[INFO ][2016-01-08 15:01:38,927][com.java.SeleniumDriver] [  881] - DataField : COBddlLoanProductCodes
[INFO ][2016-01-08 15:01:38,927][com.java.SeleniumDriver] [  883] - DataValue : index:3
[INFO ][2016-01-08 15:01:38,927][com.java.SeleniumDriver] [  889] - <In Set values of the page>
[INFO ][2016-01-08 15:01:38,927][com.java.SeleniumDriver] [  892] - {Data Fields & Data Values Exist}
[INFO ][2016-01-08 15:01:38,927][com.java.SeleniumDriver] [  894] - --------------------------setting values-----------------------------
[INFO ][2016-01-08 15:01:38,927][com.java.SeleniumDriver] [  897] - Action Type : SELECT
[INFO ][2016-01-08 15:01:38,927][com.java.TestType] [ 5895] - value = 3
[INFO ][2016-01-08 15:01:40,026][com.java.TestType] [ 6013] -  In COB ddlLoanProductCodes : 3
[INFO ][2016-01-08 15:01:40,422][com.java.SeleniumDriver] [  906] -  RESULT true
[INFO ][2016-01-08 15:01:40,422][com.java.SeleniumDriver] [ 1112] - ?   P A S S   ?
[INFO ][2016-01-08 15:01:40,422][com.java.SeleniumDriver] [  832] - ------------------------------------------
[INFO ][2016-01-08 15:01:40,422][com.java.SeleniumDriver] [  833] - Test case being Executed: 8
[INFO ][2016-01-08 15:01:40,422][com.java.SeleniumDriver] [  845] - Test step:9
[INFO ][2016-01-08 15:01:40,422][com.java.SeleniumDriver] [  857] - Datavalue is----------2
[INFO ][2016-01-08 15:01:40,422][com.java.SeleniumDriver] [  881] - DataField : test
[INFO ][2016-01-08 15:01:40,422][com.java.SeleniumDriver] [  883] - DataValue : 2
[INFO ][2016-01-08 15:01:40,422][com.java.SeleniumDriver] [  889] - <In Set values of the page>
[INFO ][2016-01-08 15:01:40,422][com.java.SeleniumDriver] [  892] - {Data Fields & Data Values Exist}
[INFO ][2016-01-08 15:01:40,422][com.java.SeleniumDriver] [  894] - --------------------------setting values-----------------------------
[INFO ][2016-01-08 15:01:40,423][com.java.SeleniumDriver] [  897] - Action Type : WaitTime
[DEBUG][2016-01-08 15:01:40,423][com.java.TestType] [ 5715] - sleepTime: 2000
[INFO ][2016-01-08 15:01:42,423][com.java.SeleniumDriver] [  906] -  RESULT true
[INFO ][2016-01-08 15:01:42,423][com.java.SeleniumDriver] [ 1112] - ?   P A S S   ?
[INFO ][2016-01-08 15:01:42,423][com.java.SeleniumDriver] [  832] - ------------------------------------------
[INFO ][2016-01-08 15:01:42,423][com.java.SeleniumDriver] [  833] - Test case being Executed: 8
[INFO ][2016-01-08 15:01:42,423][com.java.SeleniumDriver] [  845] - Test step:10
[INFO ][2016-01-08 15:01:42,423][com.java.SeleniumDriver] [  857] - Datavalue is----------SelectedLPC
[INFO ][2016-01-08 15:01:42,423][com.java.SeleniumDriver] [  881] - DataField : SLBddlLoanProductCodes
[INFO ][2016-01-08 15:01:42,423][com.java.SeleniumDriver] [  883] - DataValue : SelectedLPC
[INFO ][2016-01-08 15:01:42,423][com.java.SeleniumDriver] [  889] - <In Set values of the page>
[INFO ][2016-01-08 15:01:42,423][com.java.SeleniumDriver] [  892] - {Data Fields & Data Values Exist}
[INFO ][2016-01-08 15:01:42,423][com.java.SeleniumDriver] [  894] - --------------------------setting values-----------------------------
[INFO ][2016-01-08 15:01:42,423][com.java.SeleniumDriver] [  897] - Action Type : storevalue
[INFO ][2016-01-08 15:01:42,424][com.java.TestType] [ 8608] - field= SLBddlLoanProductCodes
[INFO ][2016-01-08 15:01:43,769][com.java.SeleniumDriver] [  906] -  RESULT true
[INFO ][2016-01-08 15:01:43,769][com.java.SeleniumDriver] [ 1112] - ?   P A S S   ?
[INFO ][2016-01-08 15:01:43,770][com.java.SeleniumDriver] [  832] - ------------------------------------------
[INFO ][2016-01-08 15:01:43,770][com.java.SeleniumDriver] [  833] - Test case being Executed: 8
[INFO ][2016-01-08 15:01:43,770][com.java.SeleniumDriver] [  845] - Test step:11
[INFO ][2016-01-08 15:01:43,770][com.java.SeleniumDriver] [  857] - Datavalue is----------null
[DEBUG][2016-01-08 15:01:43,770][com.java.SeleniumDriver] [  875] - Exception: null
[INFO ][2016-01-08 15:01:43,770][com.java.SeleniumDriver] [  881] - DataField : BTNbtnModify
[INFO ][2016-01-08 15:01:43,770][com.java.SeleniumDriver] [  883] - DataValue : 
[INFO ][2016-01-08 15:01:43,770][com.java.SeleniumDriver] [  889] - <In Set values of the page>
[INFO ][2016-01-08 15:01:43,770][com.java.SeleniumDriver] [  892] - {Data Fields & Data Values Exist}
[INFO ][2016-01-08 15:01:43,770][com.java.SeleniumDriver] [  894] - --------------------------setting values-----------------------------
[INFO ][2016-01-08 15:01:43,770][com.java.SeleniumDriver] [  897] - Action Type : click
[INFO ][2016-01-08 15:01:43,770][com.java.TestType] [ 6274] - Field ::BTNbtnModify
[INFO ][2016-01-08 15:01:43,770][com.java.TestType] [ 5895] - value = 
[INFO ][2016-01-08 15:01:44,770][com.java.TestType] [ 6390] - BEFORE CLICK
[INFO ][2016-01-08 15:01:45,967][com.java.TestType] [ 6397] - Unable to click the object Modify button
[INFO ][2016-01-08 15:01:45,967][com.java.SeleniumDriver] [  906] -  RESULT true
[INFO ][2016-01-08 15:01:45,967][com.java.SeleniumDriver] [ 1112] - ?   P A S S   ?
[INFO ][2016-01-08 15:01:45,967][com.java.SeleniumDriver] [  832] - ------------------------------------------
[INFO ][2016-01-08 15:01:45,967][com.java.SeleniumDriver] [  833] - Test case being Executed: 8
[INFO ][2016-01-08 15:01:45,967][com.java.SeleniumDriver] [  845] - Test step:12
[INFO ][2016-01-08 15:01:45,967][com.java.SeleniumDriver] [  857] - Datavalue is----------10
[INFO ][2016-01-08 15:01:45,967][com.java.SeleniumDriver] [  881] - DataField : DSPtxtDescription
[INFO ][2016-01-08 15:01:45,967][com.java.SeleniumDriver] [  883] - DataValue : 10
[INFO ][2016-01-08 15:01:45,967][com.java.SeleniumDriver] [  889] - <In Set values of the page>
[INFO ][2016-01-08 15:01:45,968][com.java.SeleniumDriver] [  892] - {Data Fields & Data Values Exist}
[INFO ][2016-01-08 15:01:45,968][com.java.SeleniumDriver] [  894] - --------------------------setting values-----------------------------
[INFO ][2016-01-08 15:01:45,968][com.java.SeleniumDriver] [  897] - Action Type : waitforelement
[INFO ][2016-01-08 15:01:47,062][com.java.SeleniumDriver] [  906] -  RESULT true
[INFO ][2016-01-08 15:01:47,062][com.java.SeleniumDriver] [ 1112] - ?   P A S S   ?
[INFO ][2016-01-08 15:01:47,062][com.java.SeleniumDriver] [  832] - ------------------------------------------
[INFO ][2016-01-08 15:01:47,062][com.java.SeleniumDriver] [  833] - Test case being Executed: 8
[INFO ][2016-01-08 15:01:47,062][com.java.SeleniumDriver] [  845] - Test step:13
[INFO ][2016-01-08 15:01:47,062][com.java.SeleniumDriver] [  857] - Datavalue is----------HMVSelectedLPC
[INFO ][2016-01-08 15:01:47,062][com.java.SeleniumDriver] [  881] - DataField : TXTtxtDescription
[INFO ][2016-01-08 15:01:47,062][com.java.SeleniumDriver] [  883] - DataValue : HMVSelectedLPC
[INFO ][2016-01-08 15:01:47,062][com.java.SeleniumDriver] [  889] - <In Set values of the page>
[INFO ][2016-01-08 15:01:47,062][com.java.SeleniumDriver] [  892] - {Data Fields & Data Values Exist}
[INFO ][2016-01-08 15:01:47,062][com.java.SeleniumDriver] [  894] - --------------------------setting values-----------------------------
[INFO ][2016-01-08 15:01:47,062][com.java.SeleniumDriver] [  897] - Action Type : VERIFY
[INFO ][2016-01-08 15:01:47,063][com.java.TestType] [ 7269] - field= TXTtxtDescription value= HMVSelectedLPC
[INFO ][2016-01-08 15:01:47,063][com.java.TestType] [ 5895] - value = Comm GL 12 w/ Ins
[ERROR][2016-01-08 15:01:48,161][com.java.TestType] [ 7723] - Exception: For input string: "Comm GL 12 w/ Ins"
[INFO ][2016-01-08 15:01:48,161][com.java.SeleniumDriver] [  906] -  RESULT false
[INFO ][2016-01-08 15:01:48,161][com.java.SeleniumDriver] [  953] - ?   F A I L   ?
[INFO ][2016-01-08 15:01:48,161][com.java.SeleniumDriver] [  961] - Browser Type : IE10
[INFO ][2016-01-08 15:01:48,161][com.java.SeleniumDriver] [  962] - Adding Failed case8
[INFO ][2016-01-08 15:01:49,019][com.java.SeleniumDriver] [ 1076] - failedCases = 8
[ERROR][2016-01-08 15:01:49,020][com.java.SeleniumDriver] [ 1575] - Platform Errors : Our apologies...::We have encountered an issue with your request.::Our apologies?:We encountered an issue with your request.
[INFO ][2016-01-08 15:01:49,020][com.java.SeleniumDriver] [ 1579] - Length =3
[ERROR][2016-01-08 15:01:49,020][com.java.SeleniumDriver] [ 1582] - Error 0 = Our apologies...
[ERROR][2016-01-08 15:01:49,035][com.java.SeleniumDriver] [ 1582] - Error 1 = We have encountered an issue with your request.
[ERROR][2016-01-08 15:01:49,052][com.java.SeleniumDriver] [ 1582] - Error 2 = Our apologies?:We encountered an issue with your request.
[INFO ][2016-01-08 15:01:49,068][com.java.SeleniumDriver] [ 1593] - strError:
[DEBUG][2016-01-08 15:01:49,083][com.java.SeleniumDriver] [ 1224] - Case found
[DEBUG][2016-01-08 15:01:49,083][com.java.SeleniumDriver] [ 1229] - Incrementing ReportCounters[0]:2
[INFO ][2016-01-08 15:01:49,083][com.java.SeleniumDriver] [ 1248] - The results are-------------------[8, 13, Admin: AL Mapping: Loan Product Codes: Modify, Fail, 
Test case failed at Step No. :: 13   Error Message ::  Text not found ::  VERIFY Newly created Loan Product Group name. Screen Shot : D:\BankersDashboard\TestReports\010816\8_010816_150148_IE10.png, Fri Jan 08 15:01:49 IST 2016]
[INFO ][2016-01-08 15:01:49,083][com.java.SeleniumDriver] [ 1252] - End time is-------1 min 53 sec
[INFO ][2016-01-08 15:01:49,083][com.java.SeleniumDriver] [ 1253] - The results are-------------------[8, 13, Admin: AL Mapping: Loan Product Codes: Modify, Fail, 
Test case failed at Step No. :: 13   Error Message ::  Text not found ::  VERIFY Newly created Loan Product Group name. Screen Shot : D:\BankersDashboard\TestReports\010816\8_010816_150148_IE10.png, Fri Jan 08 15:01:49 IST 2016]
[DEBUG][2016-01-08 15:01:49,083][com.java.ImportnExport.ExportTestResultsExcel] [  222] - testResultPath = D:\BankersDashboard/TestReports/Test Results_BankersDashBoard_010816_145958_IE10_First Bank.xls
[DEBUG][2016-01-08 15:01:49,083][com.java.ImportnExport.ExportTestResultsExcel] [  223] - browser is------------IE10
[DEBUG][2016-01-08 15:01:49,086][com.java.ImportnExport.ExportTestResultsExcel] [  270] - result.size() = 6
[DEBUG][2016-01-08 15:01:49,086][com.java.ImportnExport.ExportTestResultsExcel] [  274] - No of rows in sheet=2
[DEBUG][2016-01-08 15:01:49,086][com.java.ImportnExport.ExportTestResultsExcel] [  301] - ..in export..8
[DEBUG][2016-01-08 15:01:49,086][com.java.ImportnExport.ExportTestResultsExcel] [  301] - ..in export..Admin: AL Mapping: Loan Product Codes: Modify
[DEBUG][2016-01-08 15:01:49,086][com.java.ImportnExport.ExportTestResultsExcel] [  301] - ..in export..Fail
[DEBUG][2016-01-08 15:01:49,086][com.java.ImportnExport.ExportTestResultsExcel] [  301] - ..in export..
Test case failed at Step No. :: 13   Error Message ::  Text not found ::  VERIFY Newly created Loan Product Group name. Screen Shot : D:\BankersDashboard\TestReports\010816\8_010816_150148_IE10.png
[DEBUG][2016-01-08 15:01:49,087][com.java.ImportnExport.ExportTestResultsExcel] [  301] - ..in export..Fri Jan 08 15:01:49 IST 2016
[INFO ][2016-01-08 15:01:49,088][com.java.SeleniumDriver] [ 1313] - out loop:1 size:2 TestCases:[1, 8] testcases:[1, 8]
[INFO ][2016-01-08 15:01:51,088][com.java.SeleniumDriver] [ 1356] - Total Number of Cases:2
[INFO ][2016-01-08 15:01:51,088][com.java.TemplateGenerator] [  302] - Executed:2
[INFO ][2016-01-08 15:01:51,088][com.java.TemplateGenerator] [  303] - Passed:1
[INFO ][2016-01-08 15:01:51,088][com.java.TemplateGenerator] [  304] - Failed:1
[INFO ][2016-01-08 15:01:51,088][com.java.TemplateGenerator] [  305] - Skipeed:0
[INFO ][2016-01-08 15:01:51,088][com.java.TemplateGenerator] [  306] - Application URL:https://clients-xuat.bankersdashboard.com
[INFO ][2016-01-08 15:01:51,088][com.java.TemplateGenerator] [  307] - Start Time:010816_145958
[INFO ][2016-01-08 15:01:51,089][com.java.TemplateGenerator] [  308] -  Creating HTML Report 
[ERROR][2016-01-08 15:01:51,089][com.java.TemplateGenerator] [  409] - Unparseable date: "Fri Jan 08 02:59:58 IST 2016"
[INFO ][2016-01-08 15:01:51,090][com.java.TemplateGenerator] [  654] -  Exporting case :: 1
[INFO ][2016-01-08 15:01:51,090][com.java.TemplateGenerator] [  654] -  Exporting case :: 8
[INFO ][2016-01-08 15:01:51,097][com.java.SeleniumDriver] [ 1405] - End Time:010816_150151
[INFO ][2016-01-08 15:01:51,097][com.java.SeleniumDriver] [ 1408] - Data in Test Execution Details:{1=PASS, 8=FAILTest case failed at Step No. :: 13   Error Message ::  Text not found ::  VERIFY Newly created Loan Product Group name}
[INFO ][2016-01-08 15:01:51,097][com.java.SeleniumDriver] [ 1409] - Data in Failed Execution Deatils:{}
[INFO ][2016-01-08 15:01:51,097][com.java.SeleniumDriver] [ 1411] - ReportCounter:Total:2 :: PASS: 1 ::FAIL: 1
[INFO ][2016-01-08 15:01:51,097][com.java.SeleniumDriver] [ 1412] - FailedReportCounter:Total:0 :: PASS: 0 ::FAIL: 0
[INFO ][2016-01-08 15:01:51,125][com.java.EmailTestReport] [   63] - Sending report mail details:
[INFO ][2016-01-08 15:01:51,125][com.java.EmailTestReport] [   80] - Excel Report Path:D:\BankersDashboard/TestReports/Test Results_BankersDashBoard_010816_145958_IE10_First Bank.xls
[INFO ][2016-01-08 15:01:51,125][com.java.EmailTestReport] [   81] - HTML Report Path:D:\BankersDashboard//TestReports//Test Results_BankersDashBoard_010816_145958_IE10_First Bank.html
[INFO ][2016-01-08 15:01:51,125][com.java.EmailTestReport] [   82] - smtpHostName:mail01.valuelabs.com
[INFO ][2016-01-08 15:01:51,125][com.java.EmailTestReport] [   83] - Recipient:venkateswararao.gubbala@valuelabs.com;
[INFO ][2016-01-08 15:01:51,126][com.java.EmailTestReport] [   84] - From:venkateswararao.gubbala@valuelabs.com;
[INFO ][2016-01-08 15:01:51,126][com.java.EmailTestReport] [   85] - Subject:Deluxe Corp Bankers Dashboard Automation Test Report - First Bank - IE10
[INFO ][2016-01-08 15:01:51,159][com.java.EmailTestReport] [  143] -  Added venkateswararao.gubbala@valuelabs.com
[INFO ][2016-01-08 15:01:54,373][com.java.SeleniumDriver] [  722] - quitting the browser 
[INFO ][2016-01-08 15:01:56,165][com.java.SeleniumDriver] [  264] - Execution Completed Stopping the thread
