[INFO ][2016-01-27 14:51:47,461][com.java.SeleniumDriver] [  213] - Execute Failed Casesfalse
[INFO ][2016-01-27 14:51:47,471][com.java.SeleniumDriver] [  214] - Browser: IE10
[INFO ][2016-01-27 14:51:47,471][com.java.SeleniumDriver] [  215] - [1, 5]
[INFO ][2016-01-27 14:51:47,471][com.java.SeleniumDriver] [  216] - Total TestCases:2
[INFO ][2016-01-27 14:51:47,471][com.java.SeleniumDriver] [  217] -  Reading Properties from Property File 
[DEBUG][2016-01-27 14:51:47,471][com.java.SeleniumDriver] [  238] - url : https://clients-xuat.bankersdashboard.com
[INFO ][2016-01-27 14:51:47,471][com.java.ImportnExport.ExportTestResultsExcel] [  116] - Time Stamp Wed Jan 27 02:51:47 IST 2016
[INFO ][2016-01-27 14:51:47,471][com.java.ImportnExport.ExportTestResultsExcel] [  175] - OUT FILE : D:\BankersDashboard/TestReports/Test Results_BankersDashBoard_012716_145147_IE10_Bank of North Carolina.xls
[INFO ][2016-01-27 14:51:47,502][com.java.ImportnExport.ExportTestResultsExcel] [  180] - Test Result file is created
[DEBUG][2016-01-27 14:51:47,582][com.java.SeleniumDriver] [  426] - Hub ip address is-------172.17.68.34
[INFO ][2016-01-27 14:51:47,582][com.java.SeleniumDriver] [  452] - Grid URL:http://172.17.68.34:4444/wd/hub
[INFO ][2016-01-27 14:51:47,582][com.java.SeleniumDriver] [  453] - Capability:Capabilities [{platform=ANY, ensureCleanSession=true, ignoreProtectedModeSettings=true, acceptSslCerts=true, ignoreZoomSetting=true, browserName=internet explorer, browserstack.ie.noFlash=true, version=null}]
[ERROR][2016-01-27 14:51:48,882][com.java.SeleniumDriver] [  498] - Unable invoke browser in grid:Could not start a new session. Possible causes are invalid address of the remote server or browser start-up failure.
Build info: version: '2.48.2', revision: '41bccdd', time: '2015-10-09 19:59:12'
System info: host: 'FVTIII438F1D', ip: '172.17.68.34', os.name: 'Windows 7', os.arch: 'x86', os.version: '6.1', java.version: '1.7.0_55'
Driver info: driver.version: SeleniumDriver
[INFO ][2016-01-27 14:51:48,882][com.java.SeleniumDriver] [  500] - Executing on local machine
[INFO ][2016-01-27 14:51:59,797][com.java.SeleniumDriver] [  248] - IE10is opened
[INFO ][2016-01-27 14:52:00,625][com.java.SeleniumDriver] [  756] - Test cases to be executed are: [1, 5]
[INFO ][2016-01-27 14:52:00,646][com.java.ImportnExport.ImportTestDataDetailsExcel] [   49] - test data details path===== D:\BankersDashboard\TestInputs\TestData.xls
[INFO ][2016-01-27 14:52:00,706][com.java.SeleniumDriver] [  856] - ------------------------------------------
[INFO ][2016-01-27 14:52:00,706][com.java.SeleniumDriver] [  857] - Test case being Executed: 1
[INFO ][2016-01-27 14:52:00,706][com.java.SeleniumDriver] [  869] - Test step:1
[INFO ][2016-01-27 14:52:00,706][com.java.SeleniumDriver] [  881] - Datavalue is----------Concept#1:1-14
[INFO ][2016-01-27 14:52:00,706][com.java.SeleniumDriver] [  905] - DataField : test
[INFO ][2016-01-27 14:52:00,706][com.java.SeleniumDriver] [  907] - DataValue : Concept#1:1-14
[INFO ][2016-01-27 14:52:00,706][com.java.SeleniumDriver] [  913] - <In Set values of the page>
[INFO ][2016-01-27 14:52:00,706][com.java.SeleniumDriver] [  916] - {Data Fields & Data Values Exist}
[INFO ][2016-01-27 14:52:00,706][com.java.SeleniumDriver] [  918] - --------------------------setting values-----------------------------
[INFO ][2016-01-27 14:52:00,706][com.java.SeleniumDriver] [  921] - Action Type : ExecuteTestCase
[INFO ][2016-01-27 14:52:00,716][com.java.TestType] [  442] - The Concept sheet name is ---------- Concept
[INFO ][2016-01-27 14:52:00,716][com.java.TestType] [  445] - The Concept ID  is ---------- 1
[DEBUG][2016-01-27 14:52:00,716][com.java.TestType] [  449] - Steps being executted in the Concept are: 1:14
[INFO ][2016-01-27 14:52:00,716][com.java.TestType] [  456] - Test data details path ---------- D:\BankersDashboard\TestInputs\TestData.xls
[INFO ][2016-01-27 14:52:00,726][com.java.TestType] [  487] -  str(1) = 1
[INFO ][2016-01-27 14:52:00,726][com.java.TestType] [  490] - Test case Id is---1
[INFO ][2016-01-27 14:52:00,726][com.java.TestType] [  492] - 1
[INFO ][2016-01-27 14:52:00,736][com.java.TestType] [  487] -  str(2) = 1
[INFO ][2016-01-27 14:52:00,736][com.java.TestType] [  487] -  str(1) = 1
[INFO ][2016-01-27 14:52:00,736][com.java.TestType] [  490] - Test case Id is---1
[INFO ][2016-01-27 14:52:00,736][com.java.TestType] [  492] - 1
[INFO ][2016-01-27 14:52:00,736][com.java.TestType] [  487] -  str(2) = 2
[INFO ][2016-01-27 14:52:00,736][com.java.TestType] [  487] -  str(1) = 1
[INFO ][2016-01-27 14:52:00,736][com.java.TestType] [  490] - Test case Id is---1
[INFO ][2016-01-27 14:52:00,736][com.java.TestType] [  492] - 1
[INFO ][2016-01-27 14:52:00,736][com.java.TestType] [  487] -  str(2) = 3
[INFO ][2016-01-27 14:52:00,736][com.java.TestType] [  487] -  str(1) = 1
[INFO ][2016-01-27 14:52:00,736][com.java.TestType] [  490] - Test case Id is---1
[INFO ][2016-01-27 14:52:00,736][com.java.TestType] [  492] - 1
[INFO ][2016-01-27 14:52:00,736][com.java.TestType] [  487] -  str(2) = 4
[INFO ][2016-01-27 14:52:00,736][com.java.TestType] [  487] -  str(1) = 1
[INFO ][2016-01-27 14:52:00,736][com.java.TestType] [  490] - Test case Id is---1
[INFO ][2016-01-27 14:52:00,736][com.java.TestType] [  492] - 1
[INFO ][2016-01-27 14:52:00,736][com.java.TestType] [  487] -  str(2) = 5
[INFO ][2016-01-27 14:52:00,736][com.java.TestType] [  487] -  str(1) = 1
[INFO ][2016-01-27 14:52:00,736][com.java.TestType] [  490] - Test case Id is---1
[INFO ][2016-01-27 14:52:00,736][com.java.TestType] [  492] - 1
[INFO ][2016-01-27 14:52:00,736][com.java.TestType] [  487] -  str(2) = 6
[INFO ][2016-01-27 14:52:00,736][com.java.TestType] [  487] -  str(1) = 1
[INFO ][2016-01-27 14:52:00,736][com.java.TestType] [  490] - Test case Id is---1
[INFO ][2016-01-27 14:52:00,736][com.java.TestType] [  492] - 1
[INFO ][2016-01-27 14:52:00,736][com.java.TestType] [  487] -  str(2) = 7
[INFO ][2016-01-27 14:52:00,736][com.java.TestType] [  487] -  str(1) = 1
[INFO ][2016-01-27 14:52:00,736][com.java.TestType] [  490] - Test case Id is---1
[INFO ][2016-01-27 14:52:00,736][com.java.TestType] [  492] - 1
[INFO ][2016-01-27 14:52:00,736][com.java.TestType] [  487] -  str(2) = 8
[INFO ][2016-01-27 14:52:00,736][com.java.TestType] [  487] -  str(1) = 1
[INFO ][2016-01-27 14:52:00,736][com.java.TestType] [  490] - Test case Id is---1
[INFO ][2016-01-27 14:52:00,736][com.java.TestType] [  492] - 1
[INFO ][2016-01-27 14:52:00,736][com.java.TestType] [  487] -  str(2) = 9
[INFO ][2016-01-27 14:52:00,736][com.java.TestType] [  487] -  str(1) = 1
[INFO ][2016-01-27 14:52:00,736][com.java.TestType] [  490] - Test case Id is---1
[INFO ][2016-01-27 14:52:00,736][com.java.TestType] [  492] - 1
[INFO ][2016-01-27 14:52:00,736][com.java.TestType] [  487] -  str(2) = 10
[INFO ][2016-01-27 14:52:00,736][com.java.TestType] [  487] -  str(1) = 1
[INFO ][2016-01-27 14:52:00,736][com.java.TestType] [  490] - Test case Id is---1
[INFO ][2016-01-27 14:52:00,736][com.java.TestType] [  492] - 1
[INFO ][2016-01-27 14:52:00,736][com.java.TestType] [  487] -  str(2) = 11
[INFO ][2016-01-27 14:52:00,736][com.java.TestType] [  487] -  str(1) = 1
[INFO ][2016-01-27 14:52:00,736][com.java.TestType] [  490] - Test case Id is---1
[INFO ][2016-01-27 14:52:00,736][com.java.TestType] [  492] - 1
[INFO ][2016-01-27 14:52:00,736][com.java.TestType] [  487] -  str(2) = 12
[INFO ][2016-01-27 14:52:00,736][com.java.TestType] [  487] -  str(1) = 1
[INFO ][2016-01-27 14:52:00,736][com.java.TestType] [  490] - Test case Id is---1
[INFO ][2016-01-27 14:52:00,736][com.java.TestType] [  492] - 1
[INFO ][2016-01-27 14:52:00,736][com.java.TestType] [  487] -  str(2) = 13
[INFO ][2016-01-27 14:52:00,736][com.java.TestType] [  487] -  str(1) = 1
[INFO ][2016-01-27 14:52:00,736][com.java.TestType] [  490] - Test case Id is---1
[INFO ][2016-01-27 14:52:00,736][com.java.TestType] [  492] - 1
[INFO ][2016-01-27 14:52:00,736][com.java.TestType] [  487] -  str(2) = 14
[INFO ][2016-01-27 14:52:00,736][com.java.TestType] [  487] -  str(1) = 1
[INFO ][2016-01-27 14:52:00,736][com.java.TestType] [  490] - Test case Id is---1
[INFO ][2016-01-27 14:52:00,736][com.java.TestType] [  492] - 1
[INFO ][2016-01-27 14:52:00,736][com.java.TestType] [  487] -  str(2) = 15
[INFO ][2016-01-27 14:52:00,736][com.java.TestType] [  487] -  str(1) = 1
[INFO ][2016-01-27 14:52:00,746][com.java.TestType] [  490] - Test case Id is---1
[INFO ][2016-01-27 14:52:00,746][com.java.TestType] [  492] - 1
[INFO ][2016-01-27 14:52:00,746][com.java.TestType] [  487] -  str(2) = 16
[INFO ][2016-01-27 14:52:00,746][com.java.TestType] [11659] - Looping 1TCID = 1
[DEBUG][2016-01-27 14:52:00,746][com.java.TestType] [11700] - Concept ID:1 :: Step being Executed: 1::1
[INFO ][2016-01-27 14:52:00,746][com.java.TestType] [11738] - dataFields : TXTusername
[DEBUG][2016-01-27 14:52:00,746][com.java.TestType] [11744] - <In Set values of the page>
[DEBUG][2016-01-27 14:52:00,746][com.java.TestType] [11749] - {Data Fields & Data Values Exist}
[INFO ][2016-01-27 14:52:00,746][com.java.TestType] [11755] - --------------------------setting values-----------------------------
[INFO ][2016-01-27 14:52:00,746][com.java.TestType] [11758] - Action Type : CLEARANDENTER
[INFO ][2016-01-27 14:52:03,007][com.java.TestType] [ 6404] - value = valuelabs.ie10.33527
[INFO ][2016-01-27 14:52:05,460][com.java.TestType] [11777] -  RESULT true
[INFO ][2016-01-27 14:52:05,460][com.java.TestType] [11894] - ?   P A S S   ?
[DEBUG][2016-01-27 14:52:05,460][com.java.TestType] [11700] - Concept ID:1 :: Step being Executed: 1::2
[INFO ][2016-01-27 14:52:05,460][com.java.TestType] [11738] - dataFields : TXTpassword
[DEBUG][2016-01-27 14:52:05,460][com.java.TestType] [11744] - <In Set values of the page>
[DEBUG][2016-01-27 14:52:05,460][com.java.TestType] [11749] - {Data Fields & Data Values Exist}
[INFO ][2016-01-27 14:52:05,460][com.java.TestType] [11755] - --------------------------setting values-----------------------------
[INFO ][2016-01-27 14:52:05,460][com.java.TestType] [11758] - Action Type : CLEARANDENTER
[INFO ][2016-01-27 14:52:07,701][com.java.TestType] [ 6404] - value = Password1*
[INFO ][2016-01-27 14:52:10,247][com.java.TestType] [11777] -  RESULT true
[INFO ][2016-01-27 14:52:10,247][com.java.TestType] [11894] - ?   P A S S   ?
[DEBUG][2016-01-27 14:52:10,247][com.java.TestType] [11700] - Concept ID:1 :: Step being Executed: 1::3
[ERROR][2016-01-27 14:52:10,247][com.java.TestType] [11733] - Exception: null
[INFO ][2016-01-27 14:52:10,247][com.java.TestType] [11738] - dataFields : XPH//button[@type='submit']
[DEBUG][2016-01-27 14:52:10,247][com.java.TestType] [11744] - <In Set values of the page>
[DEBUG][2016-01-27 14:52:10,247][com.java.TestType] [11749] - {Data Fields & Data Values Exist}
[INFO ][2016-01-27 14:52:10,247][com.java.TestType] [11755] - --------------------------setting values-----------------------------
[INFO ][2016-01-27 14:52:10,247][com.java.TestType] [11758] - Action Type : Click
[INFO ][2016-01-27 14:52:10,247][com.java.TestType] [ 6783] - Field ::XPH//button[@type='submit']
[INFO ][2016-01-27 14:52:10,247][com.java.TestType] [ 6404] - value = 
[INFO ][2016-01-27 14:52:11,247][com.java.TestType] [ 6956] - BEFORE CLICK
[INFO ][2016-01-27 14:52:12,070][com.java.TestType] [ 6964] - Unable to click the object Login
[INFO ][2016-01-27 14:52:12,070][com.java.TestType] [11777] -  RESULT true
[INFO ][2016-01-27 14:52:12,070][com.java.TestType] [11894] - ?   P A S S   ?
[DEBUG][2016-01-27 14:52:12,070][com.java.TestType] [11700] - Concept ID:1 :: Step being Executed: 1::4
[INFO ][2016-01-27 14:52:12,070][com.java.TestType] [11738] - dataFields : LNKLogout
[DEBUG][2016-01-27 14:52:12,070][com.java.TestType] [11744] - <In Set values of the page>
[DEBUG][2016-01-27 14:52:12,070][com.java.TestType] [11749] - {Data Fields & Data Values Exist}
[INFO ][2016-01-27 14:52:12,070][com.java.TestType] [11755] - --------------------------setting values-----------------------------
[INFO ][2016-01-27 14:52:12,070][com.java.TestType] [11758] - Action Type : WaitForElement
[INFO ][2016-01-27 14:52:15,649][com.java.TestType] [11777] -  RESULT true
[INFO ][2016-01-27 14:52:15,649][com.java.TestType] [11894] - ?   P A S S   ?
[INFO ][2016-01-27 14:52:15,649][com.java.TestType] [11965] - Looping End......
[INFO ][2016-01-27 14:52:15,649][com.java.SeleniumDriver] [  930] -  RESULT true
[INFO ][2016-01-27 14:52:15,649][com.java.SeleniumDriver] [ 1136] - ?   P A S S   ?
[INFO ][2016-01-27 14:52:15,649][com.java.SeleniumDriver] [  856] - ------------------------------------------
[INFO ][2016-01-27 14:52:15,649][com.java.SeleniumDriver] [  857] - Test case being Executed: 1
[INFO ][2016-01-27 14:52:15,649][com.java.SeleniumDriver] [  869] - Test step:2
[INFO ][2016-01-27 14:52:15,649][com.java.SeleniumDriver] [  881] - Datavalue is----------Concept#2:1-2
[INFO ][2016-01-27 14:52:15,649][com.java.SeleniumDriver] [  905] - DataField : test
[INFO ][2016-01-27 14:52:15,649][com.java.SeleniumDriver] [  907] - DataValue : Concept#2:1-2
[INFO ][2016-01-27 14:52:15,649][com.java.SeleniumDriver] [  913] - <In Set values of the page>
[INFO ][2016-01-27 14:52:15,649][com.java.SeleniumDriver] [  916] - {Data Fields & Data Values Exist}
[INFO ][2016-01-27 14:52:15,649][com.java.SeleniumDriver] [  918] - --------------------------setting values-----------------------------
[INFO ][2016-01-27 14:52:15,649][com.java.SeleniumDriver] [  921] - Action Type : ExecuteTestCase
[INFO ][2016-01-27 14:52:15,649][com.java.TestType] [  442] - The Concept sheet name is ---------- Concept
[INFO ][2016-01-27 14:52:15,649][com.java.TestType] [  445] - The Concept ID  is ---------- 2
[DEBUG][2016-01-27 14:52:15,649][com.java.TestType] [  449] - Steps being executted in the Concept are: 1:2
[INFO ][2016-01-27 14:52:15,649][com.java.TestType] [  456] - Test data details path ---------- D:\BankersDashboard\TestInputs\TestData.xls
[INFO ][2016-01-27 14:52:15,650][com.java.TestType] [  487] -  str(1) = 2
[INFO ][2016-01-27 14:52:15,650][com.java.TestType] [  490] - Test case Id is---2
[INFO ][2016-01-27 14:52:15,650][com.java.TestType] [  492] - 2
[INFO ][2016-01-27 14:52:15,650][com.java.TestType] [  487] -  str(2) = 1
[INFO ][2016-01-27 14:52:15,650][com.java.TestType] [  487] -  str(1) = 2
[INFO ][2016-01-27 14:52:15,650][com.java.TestType] [  490] - Test case Id is---2
[INFO ][2016-01-27 14:52:15,650][com.java.TestType] [  492] - 2
[INFO ][2016-01-27 14:52:15,650][com.java.TestType] [  487] -  str(2) = 2
[INFO ][2016-01-27 14:52:15,650][com.java.TestType] [  487] -  str(1) = 2
[INFO ][2016-01-27 14:52:15,650][com.java.TestType] [  490] - Test case Id is---2
[INFO ][2016-01-27 14:52:15,650][com.java.TestType] [  492] - 2
[INFO ][2016-01-27 14:52:15,650][com.java.TestType] [  487] -  str(2) = 3
[INFO ][2016-01-27 14:52:15,650][com.java.TestType] [11659] - Looping 1TCID = 2
[DEBUG][2016-01-27 14:52:15,650][com.java.TestType] [11700] - Concept ID:2 :: Step being Executed: 2::1
[INFO ][2016-01-27 14:52:15,650][com.java.TestType] [11738] - dataFields : BNK//select[@id='bank']
[DEBUG][2016-01-27 14:52:15,650][com.java.TestType] [11744] - <In Set values of the page>
[DEBUG][2016-01-27 14:52:15,650][com.java.TestType] [11749] - {Data Fields & Data Values Exist}
[INFO ][2016-01-27 14:52:15,650][com.java.TestType] [11755] - --------------------------setting values-----------------------------
[INFO ][2016-01-27 14:52:15,650][com.java.TestType] [11758] - Action Type : Select
[INFO ][2016-01-27 14:52:15,650][com.java.TestType] [ 6404] - value = PFC
[INFO ][2016-01-27 14:52:15,850][com.java.TestType] [11777] -  RESULT true
[INFO ][2016-01-27 14:52:15,850][com.java.TestType] [11894] - ?   P A S S   ?
[DEBUG][2016-01-27 14:52:15,850][com.java.TestType] [11700] - Concept ID:2 :: Step being Executed: 2::2
[INFO ][2016-01-27 14:52:15,850][com.java.TestType] [11738] - dataFields : LNKLogout
[DEBUG][2016-01-27 14:52:15,850][com.java.TestType] [11744] - <In Set values of the page>
[DEBUG][2016-01-27 14:52:15,850][com.java.TestType] [11749] - {Data Fields & Data Values Exist}
[INFO ][2016-01-27 14:52:15,850][com.java.TestType] [11755] - --------------------------setting values-----------------------------
[INFO ][2016-01-27 14:52:15,850][com.java.TestType] [11758] - Action Type : WaitTime
[DEBUG][2016-01-27 14:52:15,850][com.java.TestType] [ 6218] - sleepTime: 5000
[INFO ][2016-01-27 14:52:20,852][com.java.TestType] [11777] -  RESULT true
[INFO ][2016-01-27 14:52:20,852][com.java.TestType] [11894] - ?   P A S S   ?
[INFO ][2016-01-27 14:52:20,852][com.java.TestType] [11965] - Looping End......
[INFO ][2016-01-27 14:52:20,852][com.java.SeleniumDriver] [  930] -  RESULT true
[INFO ][2016-01-27 14:52:20,852][com.java.SeleniumDriver] [ 1136] - ?   P A S S   ?
[INFO ][2016-01-27 14:52:20,852][com.java.SeleniumDriver] [  856] - ------------------------------------------
[INFO ][2016-01-27 14:52:20,852][com.java.SeleniumDriver] [  857] - Test case being Executed: 1
[INFO ][2016-01-27 14:52:20,852][com.java.SeleniumDriver] [  869] - Test step:3
[INFO ][2016-01-27 14:52:20,852][com.java.SeleniumDriver] [  881] - Datavalue is----------2
[INFO ][2016-01-27 14:52:20,852][com.java.SeleniumDriver] [  905] - DataField : XPH//button[contains(text(),'Add Content')]
[INFO ][2016-01-27 14:52:20,852][com.java.SeleniumDriver] [  907] - DataValue : 2
[INFO ][2016-01-27 14:52:20,852][com.java.SeleniumDriver] [  913] - <In Set values of the page>
[INFO ][2016-01-27 14:52:20,852][com.java.SeleniumDriver] [  916] - {Data Fields & Data Values Exist}
[INFO ][2016-01-27 14:52:20,852][com.java.SeleniumDriver] [  918] - --------------------------setting values-----------------------------
[INFO ][2016-01-27 14:52:20,852][com.java.SeleniumDriver] [  921] - Action Type : WAITFORELEMENT
[INFO ][2016-01-27 14:52:20,883][com.java.SeleniumDriver] [  930] -  RESULT true
[INFO ][2016-01-27 14:52:20,883][com.java.SeleniumDriver] [ 1136] - ?   P A S S   ?
[DEBUG][2016-01-27 14:52:20,883][com.java.SeleniumDriver] [ 1248] - Case found
[DEBUG][2016-01-27 14:52:20,883][com.java.SeleniumDriver] [ 1253] - Incrementing ReportCounters[0]:1
[INFO ][2016-01-27 14:52:20,883][com.java.SeleniumDriver] [ 1272] - The results are-------------------[1, 1, Valid Login, Pass, , Wed Jan 27 14:52:15 IST 2016, 1, 2, Valid Login, Pass, , Wed Jan 27 14:52:20 IST 2016, 1, 3, Valid Login, Pass, , Wed Jan 27 14:52:20 IST 2016]
[INFO ][2016-01-27 14:52:20,883][com.java.SeleniumDriver] [ 1276] - End time is-------35 sec
[INFO ][2016-01-27 14:52:20,883][com.java.SeleniumDriver] [ 1277] - The results are-------------------[1, 1, Valid Login, Pass, , Wed Jan 27 14:52:15 IST 2016, 1, 2, Valid Login, Pass, , Wed Jan 27 14:52:20 IST 2016, 1, 3, Valid Login, Pass, , Wed Jan 27 14:52:20 IST 2016]
[DEBUG][2016-01-27 14:52:20,883][com.java.ImportnExport.ExportTestResultsExcel] [  222] - testResultPath = D:\BankersDashboard/TestReports/Test Results_BankersDashBoard_012716_145147_IE10_Bank of North Carolina.xls
[DEBUG][2016-01-27 14:52:20,883][com.java.ImportnExport.ExportTestResultsExcel] [  223] - browser is------------IE10
[DEBUG][2016-01-27 14:52:20,933][com.java.ImportnExport.ExportTestResultsExcel] [  270] - result.size() = 18
[DEBUG][2016-01-27 14:52:20,933][com.java.ImportnExport.ExportTestResultsExcel] [  274] - No of rows in sheet=1
[DEBUG][2016-01-27 14:52:20,933][com.java.ImportnExport.ExportTestResultsExcel] [  301] - ..in export..1
[DEBUG][2016-01-27 14:52:20,933][com.java.ImportnExport.ExportTestResultsExcel] [  301] - ..in export..Valid Login
[DEBUG][2016-01-27 14:52:20,933][com.java.ImportnExport.ExportTestResultsExcel] [  301] - ..in export..Pass
[DEBUG][2016-01-27 14:52:20,933][com.java.ImportnExport.ExportTestResultsExcel] [  301] - ..in export..
[DEBUG][2016-01-27 14:52:20,933][com.java.ImportnExport.ExportTestResultsExcel] [  301] - ..in export..Wed Jan 27 14:52:15 IST 2016
[INFO ][2016-01-27 14:52:20,933][com.java.SeleniumDriver] [ 1337] - out loop:0 size:2 TestCases:[1, 5] testcases:[1, 5]
[INFO ][2016-01-27 14:52:20,933][com.java.ImportnExport.ImportTestDataDetailsExcel] [   49] - test data details path===== D:\BankersDashboard\TestInputs\TestData.xls
[INFO ][2016-01-27 14:52:38,127][com.java.SeleniumDriver] [  856] - ------------------------------------------
[INFO ][2016-01-27 14:52:38,127][com.java.SeleniumDriver] [  857] - Test case being Executed: 5
[INFO ][2016-01-27 14:52:38,127][com.java.SeleniumDriver] [  869] - Test step:1
[INFO ][2016-01-27 14:52:38,127][com.java.SeleniumDriver] [  881] - Datavalue is----------Logout
[INFO ][2016-01-27 14:52:38,127][com.java.SeleniumDriver] [  905] - DataField : BTN
[INFO ][2016-01-27 14:52:38,127][com.java.SeleniumDriver] [  907] - DataValue : Logout
[INFO ][2016-01-27 14:52:38,127][com.java.SeleniumDriver] [  913] - <In Set values of the page>
[INFO ][2016-01-27 14:52:38,127][com.java.SeleniumDriver] [  916] - {Data Fields & Data Values Exist}
[INFO ][2016-01-27 14:52:38,127][com.java.SeleniumDriver] [  918] - --------------------------setting values-----------------------------
[INFO ][2016-01-27 14:52:38,127][com.java.SeleniumDriver] [  921] - Action Type : Verify
[INFO ][2016-01-27 14:52:38,127][com.java.TestType] [ 7994] - field= BTN value= Logout
[INFO ][2016-01-27 14:52:38,127][com.java.TestType] [ 6404] - value = Logout
[INFO ][2016-01-27 14:52:38,198][com.java.SeleniumDriver] [  930] -  RESULT true
[INFO ][2016-01-27 14:52:38,198][com.java.SeleniumDriver] [ 1136] - ?   P A S S   ?
[INFO ][2016-01-27 14:52:38,198][com.java.SeleniumDriver] [ 1178] - step change to 3
[INFO ][2016-01-27 14:52:38,198][com.java.SeleniumDriver] [  856] - ------------------------------------------
[INFO ][2016-01-27 14:52:38,198][com.java.SeleniumDriver] [  857] - Test case being Executed: 5
[INFO ][2016-01-27 14:52:38,198][com.java.SeleniumDriver] [  869] - Test step:3
[INFO ][2016-01-27 14:52:38,198][com.java.SeleniumDriver] [  881] - Datavalue is----------Concept#2:1-2
[INFO ][2016-01-27 14:52:38,198][com.java.SeleniumDriver] [  905] - DataField : test
[INFO ][2016-01-27 14:52:38,198][com.java.SeleniumDriver] [  907] - DataValue : Concept#2:1-2
[INFO ][2016-01-27 14:52:38,198][com.java.SeleniumDriver] [  913] - <In Set values of the page>
[INFO ][2016-01-27 14:52:38,198][com.java.SeleniumDriver] [  916] - {Data Fields & Data Values Exist}
[INFO ][2016-01-27 14:52:38,198][com.java.SeleniumDriver] [  918] - --------------------------setting values-----------------------------
[INFO ][2016-01-27 14:52:38,198][com.java.SeleniumDriver] [  921] - Action Type : ExecuteTestCase
[INFO ][2016-01-27 14:52:38,198][com.java.TestType] [  442] - The Concept sheet name is ---------- Concept
[INFO ][2016-01-27 14:52:38,198][com.java.TestType] [  445] - The Concept ID  is ---------- 2
[DEBUG][2016-01-27 14:52:38,198][com.java.TestType] [  449] - Steps being executted in the Concept are: 1:2
[INFO ][2016-01-27 14:52:38,198][com.java.TestType] [  456] - Test data details path ---------- D:\BankersDashboard\TestInputs\TestData.xls
[INFO ][2016-01-27 14:52:38,208][com.java.TestType] [  487] -  str(1) = 2
[INFO ][2016-01-27 14:52:38,208][com.java.TestType] [  490] - Test case Id is---2
[INFO ][2016-01-27 14:52:38,208][com.java.TestType] [  492] - 2
[INFO ][2016-01-27 14:52:38,208][com.java.TestType] [  487] -  str(2) = 1
[INFO ][2016-01-27 14:52:38,208][com.java.TestType] [  487] -  str(1) = 2
[INFO ][2016-01-27 14:52:38,208][com.java.TestType] [  490] - Test case Id is---2
[INFO ][2016-01-27 14:52:38,208][com.java.TestType] [  492] - 2
[INFO ][2016-01-27 14:52:38,208][com.java.TestType] [  487] -  str(2) = 2
[INFO ][2016-01-27 14:52:38,208][com.java.TestType] [  487] -  str(1) = 2
[INFO ][2016-01-27 14:52:38,208][com.java.TestType] [  490] - Test case Id is---2
[INFO ][2016-01-27 14:52:38,208][com.java.TestType] [  492] - 2
[INFO ][2016-01-27 14:52:38,208][com.java.TestType] [  487] -  str(2) = 3
[INFO ][2016-01-27 14:52:38,208][com.java.TestType] [11659] - Looping 1TCID = 2
[DEBUG][2016-01-27 14:52:38,208][com.java.TestType] [11700] - Concept ID:2 :: Step being Executed: 2::1
[INFO ][2016-01-27 14:52:38,208][com.java.TestType] [11738] - dataFields : BNK//select[@id='bank']
[DEBUG][2016-01-27 14:52:38,208][com.java.TestType] [11744] - <In Set values of the page>
[DEBUG][2016-01-27 14:52:38,208][com.java.TestType] [11749] - {Data Fields & Data Values Exist}
[INFO ][2016-01-27 14:52:38,208][com.java.TestType] [11755] - --------------------------setting values-----------------------------
[INFO ][2016-01-27 14:52:38,208][com.java.TestType] [11758] - Action Type : Select
[INFO ][2016-01-27 14:52:38,208][com.java.TestType] [ 6404] - value = PFC
[INFO ][2016-01-27 14:52:38,388][com.java.TestType] [11777] -  RESULT true
[INFO ][2016-01-27 14:52:38,388][com.java.TestType] [11894] - ?   P A S S   ?
[DEBUG][2016-01-27 14:52:38,388][com.java.TestType] [11700] - Concept ID:2 :: Step being Executed: 2::2
[INFO ][2016-01-27 14:52:38,388][com.java.TestType] [11738] - dataFields : LNKLogout
[DEBUG][2016-01-27 14:52:38,388][com.java.TestType] [11744] - <In Set values of the page>
[DEBUG][2016-01-27 14:52:38,388][com.java.TestType] [11749] - {Data Fields & Data Values Exist}
[INFO ][2016-01-27 14:52:38,388][com.java.TestType] [11755] - --------------------------setting values-----------------------------
[INFO ][2016-01-27 14:52:38,388][com.java.TestType] [11758] - Action Type : WaitTime
[DEBUG][2016-01-27 14:52:38,388][com.java.TestType] [ 6218] - sleepTime: 5000
[INFO ][2016-01-27 14:52:43,388][com.java.TestType] [11777] -  RESULT true
[INFO ][2016-01-27 14:52:43,388][com.java.TestType] [11894] - ?   P A S S   ?
[INFO ][2016-01-27 14:52:43,388][com.java.TestType] [11965] - Looping End......
[INFO ][2016-01-27 14:52:43,388][com.java.SeleniumDriver] [  930] -  RESULT true
[INFO ][2016-01-27 14:52:43,388][com.java.SeleniumDriver] [ 1136] - ?   P A S S   ?
[INFO ][2016-01-27 14:52:43,388][com.java.SeleniumDriver] [  856] - ------------------------------------------
[INFO ][2016-01-27 14:52:43,388][com.java.SeleniumDriver] [  857] - Test case being Executed: 5
[INFO ][2016-01-27 14:52:43,388][com.java.SeleniumDriver] [  869] - Test step:4
[INFO ][2016-01-27 14:52:43,388][com.java.SeleniumDriver] [  881] - Datavalue is----------null
[DEBUG][2016-01-27 14:52:43,388][com.java.SeleniumDriver] [  899] - Exception: null
[INFO ][2016-01-27 14:52:43,388][com.java.SeleniumDriver] [  905] - DataField : //span[@class='icon-bars2']&&//a[@data-id='ManageExisting']
[INFO ][2016-01-27 14:52:43,388][com.java.SeleniumDriver] [  907] - DataValue : 
[INFO ][2016-01-27 14:52:43,388][com.java.SeleniumDriver] [  913] - <In Set values of the page>
[INFO ][2016-01-27 14:52:43,388][com.java.SeleniumDriver] [  916] - {Data Fields & Data Values Exist}
[INFO ][2016-01-27 14:52:43,388][com.java.SeleniumDriver] [  918] - --------------------------setting values-----------------------------
[INFO ][2016-01-27 14:52:43,388][com.java.SeleniumDriver] [  921] - Action Type : MOUSEOVER
[INFO ][2016-01-27 14:53:06,517][com.java.SeleniumDriver] [  930] -  RESULT true
[INFO ][2016-01-27 14:53:06,517][com.java.SeleniumDriver] [ 1136] - ?   P A S S   ?
[INFO ][2016-01-27 14:53:06,517][com.java.SeleniumDriver] [  856] - ------------------------------------------
[INFO ][2016-01-27 14:53:06,517][com.java.SeleniumDriver] [  857] - Test case being Executed: 5
[INFO ][2016-01-27 14:53:06,517][com.java.SeleniumDriver] [  869] - Test step:5
[INFO ][2016-01-27 14:53:06,517][com.java.SeleniumDriver] [  881] - Datavalue is----------3
[INFO ][2016-01-27 14:53:06,517][com.java.SeleniumDriver] [  905] - DataField : BTNframeDialogContent
[INFO ][2016-01-27 14:53:06,517][com.java.SeleniumDriver] [  907] - DataValue : 3
[INFO ][2016-01-27 14:53:06,517][com.java.SeleniumDriver] [  913] - <In Set values of the page>
[INFO ][2016-01-27 14:53:06,517][com.java.SeleniumDriver] [  916] - {Data Fields & Data Values Exist}
[INFO ][2016-01-27 14:53:06,517][com.java.SeleniumDriver] [  918] - --------------------------setting values-----------------------------
[INFO ][2016-01-27 14:53:06,517][com.java.SeleniumDriver] [  921] - Action Type : WaitForElement
[INFO ][2016-01-27 14:53:07,768][com.java.SeleniumDriver] [  930] -  RESULT true
[INFO ][2016-01-27 14:53:07,768][com.java.SeleniumDriver] [ 1136] - ?   P A S S   ?
[INFO ][2016-01-27 14:53:07,768][com.java.SeleniumDriver] [  856] - ------------------------------------------
[INFO ][2016-01-27 14:53:07,768][com.java.SeleniumDriver] [  857] - Test case being Executed: 5
[INFO ][2016-01-27 14:53:07,768][com.java.SeleniumDriver] [  869] - Test step:6
[INFO ][2016-01-27 14:53:07,768][com.java.SeleniumDriver] [  881] - Datavalue is----------null
[DEBUG][2016-01-27 14:53:07,768][com.java.SeleniumDriver] [  899] - Exception: null
[INFO ][2016-01-27 14:53:07,768][com.java.SeleniumDriver] [  905] - DataField : BTNframeDialogContent
[INFO ][2016-01-27 14:53:07,768][com.java.SeleniumDriver] [  907] - DataValue : 
[INFO ][2016-01-27 14:53:07,768][com.java.SeleniumDriver] [  913] - <In Set values of the page>
[INFO ][2016-01-27 14:53:07,768][com.java.SeleniumDriver] [  916] - {Data Fields & Data Values Exist}
[INFO ][2016-01-27 14:53:07,768][com.java.SeleniumDriver] [  918] - --------------------------setting values-----------------------------
[INFO ][2016-01-27 14:53:07,768][com.java.SeleniumDriver] [  921] - Action Type : SELECTFRAME
[INFO ][2016-01-27 14:53:09,010][com.java.SeleniumDriver] [  930] -  RESULT true
[INFO ][2016-01-27 14:53:09,010][com.java.SeleniumDriver] [ 1136] - ?   P A S S   ?
[INFO ][2016-01-27 14:53:09,010][com.java.SeleniumDriver] [  856] - ------------------------------------------
[INFO ][2016-01-27 14:53:09,010][com.java.SeleniumDriver] [  857] - Test case being Executed: 5
[INFO ][2016-01-27 14:53:09,010][com.java.SeleniumDriver] [  869] - Test step:7
[INFO ][2016-01-27 14:53:09,010][com.java.SeleniumDriver] [  881] - Datavalue is----------HMVTotemPoleNameNew
[INFO ][2016-01-27 14:53:09,010][com.java.SeleniumDriver] [  905] - DataField : SLBddlTotemPoles
[INFO ][2016-01-27 14:53:09,010][com.java.SeleniumDriver] [  907] - DataValue : HMVTotemPoleNameNew
[INFO ][2016-01-27 14:53:09,010][com.java.SeleniumDriver] [  913] - <In Set values of the page>
[INFO ][2016-01-27 14:53:09,010][com.java.SeleniumDriver] [  916] - {Data Fields & Data Values Exist}
[INFO ][2016-01-27 14:53:09,010][com.java.SeleniumDriver] [  918] - --------------------------setting values-----------------------------
[INFO ][2016-01-27 14:53:09,010][com.java.SeleniumDriver] [  921] - Action Type : Select
[INFO ][2016-01-27 14:53:09,010][com.java.TestType] [ 6404] - value = null
[INFO ][2016-01-27 14:53:11,273][com.java.SeleniumDriver] [  930] -  RESULT false
[INFO ][2016-01-27 14:53:11,273][com.java.SeleniumDriver] [  977] - ?   F A I L   ?
[INFO ][2016-01-27 14:53:11,273][com.java.SeleniumDriver] [  985] - Browser Type : IE10
[INFO ][2016-01-27 14:53:11,273][com.java.SeleniumDriver] [  986] - Adding Failed case5
[DEBUG][2016-01-27 14:53:11,623][com.java.SeleniumDriver] [ 1054] -  tdd.getCondition() IF:9:Next
[INFO ][2016-01-27 14:53:11,623][com.java.SeleniumDriver] [ 1058] - Continue next step...
[INFO ][2016-01-27 14:53:11,623][com.java.SeleniumDriver] [  856] - ------------------------------------------
[INFO ][2016-01-27 14:53:11,623][com.java.SeleniumDriver] [  857] - Test case being Executed: 5
[INFO ][2016-01-27 14:53:11,623][com.java.SeleniumDriver] [  869] - Test step:8
[INFO ][2016-01-27 14:53:11,623][com.java.SeleniumDriver] [  881] - Datavalue is----------index:1
[INFO ][2016-01-27 14:53:11,623][com.java.SeleniumDriver] [  905] - DataField : COBddlTotemPoles
[INFO ][2016-01-27 14:53:11,623][com.java.SeleniumDriver] [  907] - DataValue : index:1
[INFO ][2016-01-27 14:53:11,623][com.java.SeleniumDriver] [  913] - <In Set values of the page>
[INFO ][2016-01-27 14:53:11,623][com.java.SeleniumDriver] [  916] - {Data Fields & Data Values Exist}
[INFO ][2016-01-27 14:53:11,623][com.java.SeleniumDriver] [  918] - --------------------------setting values-----------------------------
[INFO ][2016-01-27 14:53:11,623][com.java.SeleniumDriver] [  921] - Action Type : Select
[INFO ][2016-01-27 14:53:11,623][com.java.TestType] [ 6404] - value = 1
[INFO ][2016-01-27 14:53:12,744][com.java.TestType] [ 6522] -  In COB ddlTotemPoles : 1
[INFO ][2016-01-27 14:53:12,884][com.java.SeleniumDriver] [  930] -  RESULT true
[INFO ][2016-01-27 14:53:12,884][com.java.SeleniumDriver] [ 1136] - ?   P A S S   ?
[INFO ][2016-01-27 14:53:12,884][com.java.SeleniumDriver] [  856] - ------------------------------------------
[INFO ][2016-01-27 14:53:12,884][com.java.SeleniumDriver] [  857] - Test case being Executed: 5
[INFO ][2016-01-27 14:53:12,884][com.java.SeleniumDriver] [  869] - Test step:9
[INFO ][2016-01-27 14:53:12,884][com.java.SeleniumDriver] [  881] - Datavalue is----------null
[DEBUG][2016-01-27 14:53:12,884][com.java.SeleniumDriver] [  899] - Exception: null
[INFO ][2016-01-27 14:53:12,884][com.java.SeleniumDriver] [  905] - DataField : BTNparent
[INFO ][2016-01-27 14:53:12,884][com.java.SeleniumDriver] [  907] - DataValue : 
[INFO ][2016-01-27 14:53:12,884][com.java.SeleniumDriver] [  913] - <In Set values of the page>
[INFO ][2016-01-27 14:53:12,884][com.java.SeleniumDriver] [  916] - {Data Fields & Data Values Exist}
[INFO ][2016-01-27 14:53:12,884][com.java.SeleniumDriver] [  918] - --------------------------setting values-----------------------------
[INFO ][2016-01-27 14:53:12,884][com.java.SeleniumDriver] [  921] - Action Type : SELECTFRAME
[INFO ][2016-01-27 14:53:12,894][com.java.SeleniumDriver] [  930] -  RESULT true
[INFO ][2016-01-27 14:53:12,894][com.java.SeleniumDriver] [ 1136] - ?   P A S S   ?
[INFO ][2016-01-27 14:53:12,894][com.java.SeleniumDriver] [  856] - ------------------------------------------
[INFO ][2016-01-27 14:53:12,894][com.java.SeleniumDriver] [  857] - Test case being Executed: 5
[INFO ][2016-01-27 14:53:12,894][com.java.SeleniumDriver] [  869] - Test step:10
[INFO ][2016-01-27 14:53:12,894][com.java.SeleniumDriver] [  881] - Datavalue is----------null
[DEBUG][2016-01-27 14:53:12,894][com.java.SeleniumDriver] [  899] - Exception: null
[INFO ][2016-01-27 14:53:12,894][com.java.SeleniumDriver] [  905] - DataField : HDN//span[text()='Select']
[INFO ][2016-01-27 14:53:12,894][com.java.SeleniumDriver] [  907] - DataValue : 
[INFO ][2016-01-27 14:53:12,894][com.java.SeleniumDriver] [  913] - <In Set values of the page>
[INFO ][2016-01-27 14:53:12,894][com.java.SeleniumDriver] [  916] - {Data Fields & Data Values Exist}
[INFO ][2016-01-27 14:53:12,894][com.java.SeleniumDriver] [  918] - --------------------------setting values-----------------------------
[INFO ][2016-01-27 14:53:12,894][com.java.SeleniumDriver] [  921] - Action Type : Click
[INFO ][2016-01-27 14:53:12,894][com.java.TestType] [ 6783] - Field ::HDN//span[text()='Select']
[INFO ][2016-01-27 14:53:12,894][com.java.TestType] [ 6404] - value = 
[INFO ][2016-01-27 14:53:14,095][com.java.SeleniumDriver] [  930] -  RESULT true
[INFO ][2016-01-27 14:53:14,095][com.java.SeleniumDriver] [ 1136] - ?   P A S S   ?
[INFO ][2016-01-27 14:53:14,095][com.java.SeleniumDriver] [  856] - ------------------------------------------
[INFO ][2016-01-27 14:53:14,095][com.java.SeleniumDriver] [  857] - Test case being Executed: 5
[INFO ][2016-01-27 14:53:14,095][com.java.SeleniumDriver] [  869] - Test step:11
[INFO ][2016-01-27 14:53:14,095][com.java.SeleniumDriver] [  881] - Datavalue is----------2
[INFO ][2016-01-27 14:53:14,095][com.java.SeleniumDriver] [  905] - DataField : BTNcopyButton
[INFO ][2016-01-27 14:53:14,095][com.java.SeleniumDriver] [  907] - DataValue : 2
[INFO ][2016-01-27 14:53:14,095][com.java.SeleniumDriver] [  913] - <In Set values of the page>
[INFO ][2016-01-27 14:53:14,095][com.java.SeleniumDriver] [  916] - {Data Fields & Data Values Exist}
[INFO ][2016-01-27 14:53:14,095][com.java.SeleniumDriver] [  918] - --------------------------setting values-----------------------------
[INFO ][2016-01-27 14:53:14,095][com.java.SeleniumDriver] [  921] - Action Type : WaitForElement
[INFO ][2016-01-27 14:53:15,308][com.java.SeleniumDriver] [  930] -  RESULT true
[INFO ][2016-01-27 14:53:15,308][com.java.SeleniumDriver] [ 1136] - ?   P A S S   ?
[INFO ][2016-01-27 14:53:15,308][com.java.SeleniumDriver] [  856] - ------------------------------------------
[INFO ][2016-01-27 14:53:15,308][com.java.SeleniumDriver] [  857] - Test case being Executed: 5
[INFO ][2016-01-27 14:53:15,308][com.java.SeleniumDriver] [  869] - Test step:12
[INFO ][2016-01-27 14:53:15,308][com.java.SeleniumDriver] [  881] - Datavalue is----------Cancel
[INFO ][2016-01-27 14:53:15,308][com.java.SeleniumDriver] [  905] - DataField : CCDcopyButton
[INFO ][2016-01-27 14:53:15,308][com.java.SeleniumDriver] [  907] - DataValue : Cancel
[INFO ][2016-01-27 14:53:15,308][com.java.SeleniumDriver] [  913] - <In Set values of the page>
[INFO ][2016-01-27 14:53:15,308][com.java.SeleniumDriver] [  916] - {Data Fields & Data Values Exist}
[INFO ][2016-01-27 14:53:15,308][com.java.SeleniumDriver] [  918] - --------------------------setting values-----------------------------
[INFO ][2016-01-27 14:53:15,308][com.java.SeleniumDriver] [  921] - Action Type : ClickWithalert
[INFO ][2016-01-27 14:53:41,002][com.java.SeleniumDriver] [  930] -  RESULT true
[INFO ][2016-01-27 14:53:41,002][com.java.SeleniumDriver] [ 1136] - ?   P A S S   ?
[INFO ][2016-01-27 14:53:41,002][com.java.SeleniumDriver] [  856] - ------------------------------------------
[INFO ][2016-01-27 14:53:41,002][com.java.SeleniumDriver] [  857] - Test case being Executed: 5
[INFO ][2016-01-27 14:53:41,002][com.java.SeleniumDriver] [  869] - Test step:13
[INFO ][2016-01-27 14:53:41,002][com.java.SeleniumDriver] [  881] - Datavalue is----------3
[INFO ][2016-01-27 14:53:41,002][com.java.SeleniumDriver] [  905] - DataField : test
[INFO ][2016-01-27 14:53:41,002][com.java.SeleniumDriver] [  907] - DataValue : 3
[INFO ][2016-01-27 14:53:41,002][com.java.SeleniumDriver] [  913] - <In Set values of the page>
[INFO ][2016-01-27 14:53:41,002][com.java.SeleniumDriver] [  916] - {Data Fields & Data Values Exist}
[INFO ][2016-01-27 14:53:41,002][com.java.SeleniumDriver] [  918] - --------------------------setting values-----------------------------
[INFO ][2016-01-27 14:53:41,002][com.java.SeleniumDriver] [  921] - Action Type : WaitTime
[DEBUG][2016-01-27 14:53:41,002][com.java.TestType] [ 6218] - sleepTime: 3000
[INFO ][2016-01-27 14:53:44,003][com.java.SeleniumDriver] [  930] -  RESULT true
[INFO ][2016-01-27 14:53:44,003][com.java.SeleniumDriver] [ 1136] - ?   P A S S   ?
[INFO ][2016-01-27 14:53:44,003][com.java.SeleniumDriver] [  856] - ------------------------------------------
[INFO ][2016-01-27 14:53:44,003][com.java.SeleniumDriver] [  857] - Test case being Executed: 5
[INFO ][2016-01-27 14:53:44,003][com.java.SeleniumDriver] [  869] - Test step:14
[INFO ][2016-01-27 14:53:44,003][com.java.SeleniumDriver] [  881] - Datavalue is----------copy
[INFO ][2016-01-27 14:53:44,003][com.java.SeleniumDriver] [  905] - DataField : TXT//table[@class='dlg_moduleCellTitle']//td[text()='Branch TotemPole Title']/span
[INFO ][2016-01-27 14:53:44,003][com.java.SeleniumDriver] [  907] - DataValue : copy
[INFO ][2016-01-27 14:53:44,003][com.java.SeleniumDriver] [  913] - <In Set values of the page>
[INFO ][2016-01-27 14:53:44,003][com.java.SeleniumDriver] [  916] - {Data Fields & Data Values Exist}
[INFO ][2016-01-27 14:53:44,003][com.java.SeleniumDriver] [  918] - --------------------------setting values-----------------------------
[INFO ][2016-01-27 14:53:44,003][com.java.SeleniumDriver] [  921] - Action Type : VerifyNotPresent
[INFO ][2016-01-27 14:53:44,003][com.java.TestType] [ 9743] - field= TXT//table[@class='dlg_moduleCellTitle']//td[text()='Branch TotemPole Title']/span value= copy
[DEBUG][2016-01-27 14:53:44,134][com.java.TestType] [ 9840] - values not matched
[INFO ][2016-01-27 14:53:44,134][com.java.SeleniumDriver] [  930] -  RESULT true
[INFO ][2016-01-27 14:53:44,134][com.java.SeleniumDriver] [ 1136] - ?   P A S S   ?
[INFO ][2016-01-27 14:53:44,134][com.java.SeleniumDriver] [  856] - ------------------------------------------
[INFO ][2016-01-27 14:53:44,134][com.java.SeleniumDriver] [  857] - Test case being Executed: 5
[INFO ][2016-01-27 14:53:44,134][com.java.SeleniumDriver] [  869] - Test step:15
[INFO ][2016-01-27 14:53:44,134][com.java.SeleniumDriver] [  881] - Datavalue is----------null
[DEBUG][2016-01-27 14:53:44,134][com.java.SeleniumDriver] [  899] - Exception: null
[INFO ][2016-01-27 14:53:44,134][com.java.SeleniumDriver] [  905] - DataField : BTNcopyButton
[INFO ][2016-01-27 14:53:44,134][com.java.SeleniumDriver] [  907] - DataValue : 
[INFO ][2016-01-27 14:53:44,134][com.java.SeleniumDriver] [  913] - <In Set values of the page>
[INFO ][2016-01-27 14:53:44,134][com.java.SeleniumDriver] [  916] - {Data Fields & Data Values Exist}
[INFO ][2016-01-27 14:53:44,134][com.java.SeleniumDriver] [  918] - --------------------------setting values-----------------------------
[INFO ][2016-01-27 14:53:44,134][com.java.SeleniumDriver] [  921] - Action Type : Click
[INFO ][2016-01-27 14:53:44,134][com.java.TestType] [ 6783] - Field ::BTNcopyButton
[INFO ][2016-01-27 14:53:44,134][com.java.TestType] [ 6404] - value = 
[INFO ][2016-01-27 14:53:45,134][com.java.TestType] [ 6935] - BEFORE CLICK
[INFO ][2016-01-27 14:53:46,705][com.java.TestType] [ 6942] - Unable to click the object Modify Totem Pole button
[INFO ][2016-01-27 14:53:46,705][com.java.SeleniumDriver] [  930] -  RESULT true
[INFO ][2016-01-27 14:53:46,705][com.java.SeleniumDriver] [ 1136] - ?   P A S S   ?
[INFO ][2016-01-27 14:53:46,705][com.java.SeleniumDriver] [  856] - ------------------------------------------
[INFO ][2016-01-27 14:53:46,705][com.java.SeleniumDriver] [  857] - Test case being Executed: 5
[INFO ][2016-01-27 14:53:46,705][com.java.SeleniumDriver] [  869] - Test step:16
[INFO ][2016-01-27 14:53:46,705][com.java.SeleniumDriver] [  881] - Datavalue is----------Ok
[INFO ][2016-01-27 14:53:46,705][com.java.SeleniumDriver] [  905] - DataField : CNF
[INFO ][2016-01-27 14:53:46,705][com.java.SeleniumDriver] [  907] - DataValue : Ok
[INFO ][2016-01-27 14:53:46,705][com.java.SeleniumDriver] [  913] - <In Set values of the page>
[INFO ][2016-01-27 14:53:46,705][com.java.SeleniumDriver] [  916] - {Data Fields & Data Values Exist}
[INFO ][2016-01-27 14:53:46,705][com.java.SeleniumDriver] [  918] - --------------------------setting values-----------------------------
[INFO ][2016-01-27 14:53:46,705][com.java.SeleniumDriver] [  921] - Action Type : Click
[INFO ][2016-01-27 14:53:46,705][com.java.TestType] [ 6783] - Field ::CNF
[INFO ][2016-01-27 14:53:46,705][com.java.TestType] [ 6404] - value = Ok
[INFO ][2016-01-27 14:53:49,005][com.java.TestType] [ 6952] - Click the object Accept alert
[INFO ][2016-01-27 14:53:49,005][com.java.TestType] [ 6953] - Unable to click the object Accept alert
[INFO ][2016-01-27 14:53:49,005][com.java.SeleniumDriver] [  930] -  RESULT true
[INFO ][2016-01-27 14:53:49,005][com.java.SeleniumDriver] [ 1136] - ?   P A S S   ?
[INFO ][2016-01-27 14:53:49,005][com.java.SeleniumDriver] [  856] - ------------------------------------------
[INFO ][2016-01-27 14:53:49,005][com.java.SeleniumDriver] [  857] - Test case being Executed: 5
[INFO ][2016-01-27 14:53:49,005][com.java.SeleniumDriver] [  869] - Test step:17
[INFO ][2016-01-27 14:53:49,005][com.java.SeleniumDriver] [  881] - Datavalue is----------5
[INFO ][2016-01-27 14:53:49,005][com.java.SeleniumDriver] [  905] - DataField : test
[INFO ][2016-01-27 14:53:49,005][com.java.SeleniumDriver] [  907] - DataValue : 5
[INFO ][2016-01-27 14:53:49,005][com.java.SeleniumDriver] [  913] - <In Set values of the page>
[INFO ][2016-01-27 14:53:49,005][com.java.SeleniumDriver] [  916] - {Data Fields & Data Values Exist}
[INFO ][2016-01-27 14:53:49,005][com.java.SeleniumDriver] [  918] - --------------------------setting values-----------------------------
[INFO ][2016-01-27 14:53:49,005][com.java.SeleniumDriver] [  921] - Action Type : WaitTime
[DEBUG][2016-01-27 14:53:49,005][com.java.TestType] [ 6218] - sleepTime: 5000
