[INFO ][2016-01-21 17:12:58,154][com.java.SeleniumDriver] [  213] - Execute Failed Casesfalse
[INFO ][2016-01-21 17:12:58,154][com.java.SeleniumDriver] [  214] - Browser: IE10
[INFO ][2016-01-21 17:12:58,159][com.java.SeleniumDriver] [  215] - [1, 4]
[INFO ][2016-01-21 17:12:58,159][com.java.SeleniumDriver] [  216] - Total TestCases:2
[INFO ][2016-01-21 17:12:58,159][com.java.SeleniumDriver] [  217] -  Reading Properties from Property File 
[DEBUG][2016-01-21 17:12:58,159][com.java.SeleniumDriver] [  238] - url : https://clients-xuat.bankersdashboard.com
[INFO ][2016-01-21 17:12:58,160][com.java.ImportnExport.ExportTestResultsExcel] [  116] - Time Stamp Thu Jan 21 05:12:58 IST 2016
[INFO ][2016-01-21 17:12:58,161][com.java.ImportnExport.ExportTestResultsExcel] [  175] - OUT FILE : D:\BankersDashboard/TestReports/Test Results_BankersDashBoard_012116_171258_IE10_Any Bank USA.xls
[INFO ][2016-01-21 17:12:58,190][com.java.ImportnExport.ExportTestResultsExcel] [  180] - Test Result file is created
[DEBUG][2016-01-21 17:12:58,301][com.java.SeleniumDriver] [  426] - Hub ip address is-------172.17.68.34
[INFO ][2016-01-21 17:12:58,302][com.java.SeleniumDriver] [  452] - Grid URL:http://172.17.68.34:4444/wd/hub
[INFO ][2016-01-21 17:12:58,302][com.java.SeleniumDriver] [  453] - Capability:Capabilities [{platform=ANY, ensureCleanSession=true, ignoreProtectedModeSettings=true, acceptSslCerts=true, ignoreZoomSetting=true, browserName=internet explorer, browserstack.ie.noFlash=true, version=null}]
[ERROR][2016-01-21 17:12:59,631][com.java.SeleniumDriver] [  498] - Unable invoke browser in grid:Could not start a new session. Possible causes are invalid address of the remote server or browser start-up failure.
Build info: version: '2.48.2', revision: '41bccdd', time: '2015-10-09 19:59:12'
System info: host: 'FVTIII438F1D', ip: '172.17.68.34', os.name: 'Windows 7', os.arch: 'x86', os.version: '6.1', java.version: '1.7.0_55'
Driver info: driver.version: SeleniumDriver
[INFO ][2016-01-21 17:12:59,631][com.java.SeleniumDriver] [  500] - Executing on local machine
[INFO ][2016-01-21 17:13:10,072][com.java.SeleniumDriver] [  248] - IE10is opened
[INFO ][2016-01-21 17:13:10,917][com.java.SeleniumDriver] [  756] - Test cases to be executed are: [1, 4]
[INFO ][2016-01-21 17:13:10,940][com.java.ImportnExport.ImportTestDataDetailsExcel] [   49] - test data details path===== D:\BankersDashboard\TestInputs\TestData.xls
[INFO ][2016-01-21 17:13:11,077][com.java.SeleniumDriver] [  856] - ------------------------------------------
[INFO ][2016-01-21 17:13:11,077][com.java.SeleniumDriver] [  857] - Test case being Executed: 1
[INFO ][2016-01-21 17:13:11,077][com.java.SeleniumDriver] [  869] - Test step:1
[INFO ][2016-01-21 17:13:11,077][com.java.SeleniumDriver] [  881] - Datavalue is----------Concept#1:1-14
[INFO ][2016-01-21 17:13:11,078][com.java.SeleniumDriver] [  905] - DataField : test
[INFO ][2016-01-21 17:13:11,078][com.java.SeleniumDriver] [  907] - DataValue : Concept#1:1-14
[INFO ][2016-01-21 17:13:11,078][com.java.SeleniumDriver] [  913] - <In Set values of the page>
[INFO ][2016-01-21 17:13:11,078][com.java.SeleniumDriver] [  916] - {Data Fields & Data Values Exist}
[INFO ][2016-01-21 17:13:11,078][com.java.SeleniumDriver] [  918] - --------------------------setting values-----------------------------
[INFO ][2016-01-21 17:13:11,078][com.java.SeleniumDriver] [  921] - Action Type : ExecuteTestCase
[INFO ][2016-01-21 17:13:11,098][com.java.TestType] [  442] - The Concept sheet name is ---------- Concept
[INFO ][2016-01-21 17:13:11,098][com.java.TestType] [  445] - The Concept ID  is ---------- 1
[DEBUG][2016-01-21 17:13:11,098][com.java.TestType] [  449] - Steps being executted in the Concept are: 1:14
[INFO ][2016-01-21 17:13:11,099][com.java.TestType] [  456] - Test data details path ---------- D:\BankersDashboard\TestInputs\TestData.xls
[INFO ][2016-01-21 17:13:11,696][com.java.TestType] [  487] -  str(1) = 1
[INFO ][2016-01-21 17:13:11,697][com.java.TestType] [  490] - Test case Id is---1
[INFO ][2016-01-21 17:13:11,697][com.java.TestType] [  492] - 1
[INFO ][2016-01-21 17:13:11,697][com.java.TestType] [  487] -  str(2) = 1
[INFO ][2016-01-21 17:13:11,699][com.java.TestType] [  487] -  str(1) = 1
[INFO ][2016-01-21 17:13:11,699][com.java.TestType] [  490] - Test case Id is---1
[INFO ][2016-01-21 17:13:11,699][com.java.TestType] [  492] - 1
[INFO ][2016-01-21 17:13:11,700][com.java.TestType] [  487] -  str(2) = 2
[INFO ][2016-01-21 17:13:11,702][com.java.TestType] [  487] -  str(1) = 1
[INFO ][2016-01-21 17:13:11,702][com.java.TestType] [  490] - Test case Id is---1
[INFO ][2016-01-21 17:13:11,703][com.java.TestType] [  492] - 1
[INFO ][2016-01-21 17:13:11,703][com.java.TestType] [  487] -  str(2) = 3
[INFO ][2016-01-21 17:13:11,704][com.java.TestType] [  487] -  str(1) = 1
[INFO ][2016-01-21 17:13:11,704][com.java.TestType] [  490] - Test case Id is---1
[INFO ][2016-01-21 17:13:11,704][com.java.TestType] [  492] - 1
[INFO ][2016-01-21 17:13:11,704][com.java.TestType] [  487] -  str(2) = 4
[INFO ][2016-01-21 17:13:11,706][com.java.TestType] [  487] -  str(1) = 1
[INFO ][2016-01-21 17:13:11,706][com.java.TestType] [  490] - Test case Id is---1
[INFO ][2016-01-21 17:13:11,706][com.java.TestType] [  492] - 1
[INFO ][2016-01-21 17:13:11,706][com.java.TestType] [  487] -  str(2) = 5
[INFO ][2016-01-21 17:13:11,707][com.java.TestType] [  487] -  str(1) = 1
[INFO ][2016-01-21 17:13:11,707][com.java.TestType] [  490] - Test case Id is---1
[INFO ][2016-01-21 17:13:11,707][com.java.TestType] [  492] - 1
[INFO ][2016-01-21 17:13:11,707][com.java.TestType] [  487] -  str(2) = 6
[INFO ][2016-01-21 17:13:11,708][com.java.TestType] [  487] -  str(1) = 1
[INFO ][2016-01-21 17:13:11,708][com.java.TestType] [  490] - Test case Id is---1
[INFO ][2016-01-21 17:13:11,708][com.java.TestType] [  492] - 1
[INFO ][2016-01-21 17:13:11,709][com.java.TestType] [  487] -  str(2) = 7
[INFO ][2016-01-21 17:13:11,709][com.java.TestType] [  487] -  str(1) = 1
[INFO ][2016-01-21 17:13:11,709][com.java.TestType] [  490] - Test case Id is---1
[INFO ][2016-01-21 17:13:11,709][com.java.TestType] [  492] - 1
[INFO ][2016-01-21 17:13:11,710][com.java.TestType] [  487] -  str(2) = 8
[INFO ][2016-01-21 17:13:11,710][com.java.TestType] [  487] -  str(1) = 1
[INFO ][2016-01-21 17:13:11,710][com.java.TestType] [  490] - Test case Id is---1
[INFO ][2016-01-21 17:13:11,710][com.java.TestType] [  492] - 1
[INFO ][2016-01-21 17:13:11,712][com.java.TestType] [  487] -  str(2) = 9
[INFO ][2016-01-21 17:13:11,713][com.java.TestType] [  487] -  str(1) = 1
[INFO ][2016-01-21 17:13:11,713][com.java.TestType] [  490] - Test case Id is---1
[INFO ][2016-01-21 17:13:11,713][com.java.TestType] [  492] - 1
[INFO ][2016-01-21 17:13:11,713][com.java.TestType] [  487] -  str(2) = 10
[INFO ][2016-01-21 17:13:11,714][com.java.TestType] [  487] -  str(1) = 1
[INFO ][2016-01-21 17:13:11,714][com.java.TestType] [  490] - Test case Id is---1
[INFO ][2016-01-21 17:13:11,714][com.java.TestType] [  492] - 1
[INFO ][2016-01-21 17:13:11,714][com.java.TestType] [  487] -  str(2) = 11
[INFO ][2016-01-21 17:13:11,715][com.java.TestType] [  487] -  str(1) = 1
[INFO ][2016-01-21 17:13:11,715][com.java.TestType] [  490] - Test case Id is---1
[INFO ][2016-01-21 17:13:11,715][com.java.TestType] [  492] - 1
[INFO ][2016-01-21 17:13:11,715][com.java.TestType] [  487] -  str(2) = 12
[INFO ][2016-01-21 17:13:11,716][com.java.TestType] [  487] -  str(1) = 1
[INFO ][2016-01-21 17:13:11,716][com.java.TestType] [  490] - Test case Id is---1
[INFO ][2016-01-21 17:13:11,716][com.java.TestType] [  492] - 1
[INFO ][2016-01-21 17:13:11,716][com.java.TestType] [  487] -  str(2) = 13
[INFO ][2016-01-21 17:13:11,717][com.java.TestType] [  487] -  str(1) = 1
[INFO ][2016-01-21 17:13:11,717][com.java.TestType] [  490] - Test case Id is---1
[INFO ][2016-01-21 17:13:11,717][com.java.TestType] [  492] - 1
[INFO ][2016-01-21 17:13:11,717][com.java.TestType] [  487] -  str(2) = 14
[INFO ][2016-01-21 17:13:11,718][com.java.TestType] [11632] - Looping 1TCID = 1
[DEBUG][2016-01-21 17:13:11,718][com.java.TestType] [11673] - Concept ID:1 :: Step being Executed: 1::1
[INFO ][2016-01-21 17:13:11,718][com.java.TestType] [11711] - dataFields : TXTusername
[DEBUG][2016-01-21 17:13:11,718][com.java.TestType] [11717] - <In Set values of the page>
[DEBUG][2016-01-21 17:13:11,718][com.java.TestType] [11722] - {Data Fields & Data Values Exist}
[INFO ][2016-01-21 17:13:11,718][com.java.TestType] [11728] - --------------------------setting values-----------------------------
[INFO ][2016-01-21 17:13:11,719][com.java.TestType] [11731] - Action Type : CLEARANDENTER
[INFO ][2016-01-21 17:13:14,021][com.java.TestType] [ 6375] - value = naresh.nayini.00000
[INFO ][2016-01-21 17:13:16,426][com.java.TestType] [11750] -  RESULT true
[INFO ][2016-01-21 17:13:16,426][com.java.TestType] [11867] - ?   P A S S   ?
[DEBUG][2016-01-21 17:13:16,426][com.java.TestType] [11673] - Concept ID:1 :: Step being Executed: 1::2
[INFO ][2016-01-21 17:13:16,426][com.java.TestType] [11711] - dataFields : TXTpassword
[DEBUG][2016-01-21 17:13:16,426][com.java.TestType] [11717] - <In Set values of the page>
[DEBUG][2016-01-21 17:13:16,427][com.java.TestType] [11722] - {Data Fields & Data Values Exist}
[INFO ][2016-01-21 17:13:16,427][com.java.TestType] [11728] - --------------------------setting values-----------------------------
[INFO ][2016-01-21 17:13:16,427][com.java.TestType] [11731] - Action Type : CLEARANDENTER
[INFO ][2016-01-21 17:13:18,715][com.java.TestType] [ 6375] - value = Password1*
[INFO ][2016-01-21 17:13:21,252][com.java.TestType] [11750] -  RESULT true
[INFO ][2016-01-21 17:13:21,252][com.java.TestType] [11867] - ?   P A S S   ?
[DEBUG][2016-01-21 17:13:21,252][com.java.TestType] [11673] - Concept ID:1 :: Step being Executed: 1::3
[ERROR][2016-01-21 17:13:21,252][com.java.TestType] [11706] - Exception: null
[INFO ][2016-01-21 17:13:21,253][com.java.TestType] [11711] - dataFields : XPH//button[@type='submit']
[DEBUG][2016-01-21 17:13:21,253][com.java.TestType] [11717] - <In Set values of the page>
[DEBUG][2016-01-21 17:13:21,253][com.java.TestType] [11722] - {Data Fields & Data Values Exist}
[INFO ][2016-01-21 17:13:21,253][com.java.TestType] [11728] - --------------------------setting values-----------------------------
[INFO ][2016-01-21 17:13:21,253][com.java.TestType] [11731] - Action Type : Click
[INFO ][2016-01-21 17:13:21,253][com.java.TestType] [ 6754] - Field ::XPH//button[@type='submit']
[INFO ][2016-01-21 17:13:21,253][com.java.TestType] [ 6375] - value = 
[INFO ][2016-01-21 17:13:22,254][com.java.TestType] [ 6927] - BEFORE CLICK
[INFO ][2016-01-21 17:13:25,450][com.java.TestType] [ 6935] - Unable to click the object Login
[INFO ][2016-01-21 17:13:25,450][com.java.TestType] [11750] -  RESULT true
[INFO ][2016-01-21 17:13:25,450][com.java.TestType] [11867] - ?   P A S S   ?
[DEBUG][2016-01-21 17:13:25,450][com.java.TestType] [11673] - Concept ID:1 :: Step being Executed: 1::4
[INFO ][2016-01-21 17:13:25,450][com.java.TestType] [11711] - dataFields : LNKLogout
[DEBUG][2016-01-21 17:13:25,450][com.java.TestType] [11717] - <In Set values of the page>
[DEBUG][2016-01-21 17:13:25,450][com.java.TestType] [11722] - {Data Fields & Data Values Exist}
[INFO ][2016-01-21 17:13:25,450][com.java.TestType] [11728] - --------------------------setting values-----------------------------
[INFO ][2016-01-21 17:13:25,451][com.java.TestType] [11731] - Action Type : WaitForElement
[INFO ][2016-01-21 17:13:25,487][com.java.TestType] [11750] -  RESULT true
[INFO ][2016-01-21 17:13:25,487][com.java.TestType] [11867] - ?   P A S S   ?
[DEBUG][2016-01-21 17:13:25,487][com.java.TestType] [11673] - Concept ID:1 :: Step being Executed: 1::13
[INFO ][2016-01-21 17:13:25,488][com.java.TestType] [11711] - dataFields : LNK
[DEBUG][2016-01-21 17:13:25,488][com.java.TestType] [11717] - <In Set values of the page>
[DEBUG][2016-01-21 17:13:25,488][com.java.TestType] [11722] - {Data Fields & Data Values Exist}
[INFO ][2016-01-21 17:13:25,488][com.java.TestType] [11728] - --------------------------setting values-----------------------------
[INFO ][2016-01-21 17:13:25,488][com.java.TestType] [11731] - Action Type : Verify
[INFO ][2016-01-21 17:13:25,488][com.java.TestType] [ 7965] - field= LNK value= Logout
[INFO ][2016-01-21 17:13:25,489][com.java.TestType] [ 6375] - value = Logout
[INFO ][2016-01-21 17:13:25,525][com.java.TestType] [11750] -  RESULT true
[INFO ][2016-01-21 17:13:25,525][com.java.TestType] [11867] - ?   P A S S   ?
[DEBUG][2016-01-21 17:13:25,526][com.java.TestType] [11673] - Concept ID:1 :: Step being Executed: 1::14
[INFO ][2016-01-21 17:13:25,526][com.java.TestType] [11711] - dataFields : BTN
[DEBUG][2016-01-21 17:13:25,526][com.java.TestType] [11717] - <In Set values of the page>
[DEBUG][2016-01-21 17:13:25,526][com.java.TestType] [11722] - {Data Fields & Data Values Exist}
[INFO ][2016-01-21 17:13:25,526][com.java.TestType] [11728] - --------------------------setting values-----------------------------
[INFO ][2016-01-21 17:13:25,526][com.java.TestType] [11731] - Action Type : Verify
[INFO ][2016-01-21 17:13:25,526][com.java.TestType] [ 7965] - field= BTN value= //img[contains(@src,'bdlogo.jpg')]
[INFO ][2016-01-21 17:13:25,526][com.java.TestType] [ 6375] - value = //img[contains(@src,'bdlogo.jpg')]
[INFO ][2016-01-21 17:13:25,597][com.java.TestType] [11750] -  RESULT true
[INFO ][2016-01-21 17:13:25,597][com.java.TestType] [11867] - ?   P A S S   ?
[INFO ][2016-01-21 17:13:25,597][com.java.TestType] [11938] - Looping End......
[INFO ][2016-01-21 17:13:25,598][com.java.SeleniumDriver] [  930] -  RESULT true
[INFO ][2016-01-21 17:13:25,598][com.java.SeleniumDriver] [ 1136] - ?   P A S S   ?
[INFO ][2016-01-21 17:13:25,598][com.java.SeleniumDriver] [  856] - ------------------------------------------
[INFO ][2016-01-21 17:13:25,599][com.java.SeleniumDriver] [  857] - Test case being Executed: 1
[INFO ][2016-01-21 17:13:25,599][com.java.SeleniumDriver] [  869] - Test step:2
[INFO ][2016-01-21 17:13:25,599][com.java.SeleniumDriver] [  881] - Datavalue is----------Concept#2:1-2
[INFO ][2016-01-21 17:13:25,599][com.java.SeleniumDriver] [  905] - DataField : test
[INFO ][2016-01-21 17:13:25,599][com.java.SeleniumDriver] [  907] - DataValue : Concept#2:1-2
[INFO ][2016-01-21 17:13:25,599][com.java.SeleniumDriver] [  913] - <In Set values of the page>
[INFO ][2016-01-21 17:13:25,599][com.java.SeleniumDriver] [  916] - {Data Fields & Data Values Exist}
[INFO ][2016-01-21 17:13:25,599][com.java.SeleniumDriver] [  918] - --------------------------setting values-----------------------------
[INFO ][2016-01-21 17:13:25,599][com.java.SeleniumDriver] [  921] - Action Type : ExecuteTestCase
[INFO ][2016-01-21 17:13:25,599][com.java.TestType] [  442] - The Concept sheet name is ---------- Concept
[INFO ][2016-01-21 17:13:25,600][com.java.TestType] [  445] - The Concept ID  is ---------- 2
[DEBUG][2016-01-21 17:13:25,600][com.java.TestType] [  449] - Steps being executted in the Concept are: 1:2
[INFO ][2016-01-21 17:13:25,600][com.java.TestType] [  456] - Test data details path ---------- D:\BankersDashboard\TestInputs\TestData.xls
[INFO ][2016-01-21 17:13:26,190][com.java.TestType] [  487] -  str(1) = 2
[INFO ][2016-01-21 17:13:26,190][com.java.TestType] [  490] - Test case Id is---2
[INFO ][2016-01-21 17:13:26,190][com.java.TestType] [  492] - 2
[INFO ][2016-01-21 17:13:26,190][com.java.TestType] [  487] -  str(2) = 1
[INFO ][2016-01-21 17:13:26,192][com.java.TestType] [  487] -  str(1) = 2
[INFO ][2016-01-21 17:13:26,192][com.java.TestType] [  490] - Test case Id is---2
[INFO ][2016-01-21 17:13:26,192][com.java.TestType] [  492] - 2
[INFO ][2016-01-21 17:13:26,192][com.java.TestType] [  487] -  str(2) = 2
[INFO ][2016-01-21 17:13:26,193][com.java.TestType] [  487] -  str(1) = 2
[INFO ][2016-01-21 17:13:26,193][com.java.TestType] [  490] - Test case Id is---2
[INFO ][2016-01-21 17:13:26,193][com.java.TestType] [  492] - 2
[INFO ][2016-01-21 17:13:26,193][com.java.TestType] [  487] -  str(2) = 3
[INFO ][2016-01-21 17:13:26,193][com.java.TestType] [11632] - Looping 1TCID = 2
[DEBUG][2016-01-21 17:13:26,194][com.java.TestType] [11673] - Concept ID:2 :: Step being Executed: 2::1
[INFO ][2016-01-21 17:13:26,194][com.java.TestType] [11711] - dataFields : BNK//select[@id='bank']
[DEBUG][2016-01-21 17:13:26,194][com.java.TestType] [11717] - <In Set values of the page>
[DEBUG][2016-01-21 17:13:26,194][com.java.TestType] [11722] - {Data Fields & Data Values Exist}
[INFO ][2016-01-21 17:13:26,194][com.java.TestType] [11728] - --------------------------setting values-----------------------------
[INFO ][2016-01-21 17:13:26,194][com.java.TestType] [11731] - Action Type : Select
[INFO ][2016-01-21 17:13:26,194][com.java.TestType] [ 6375] - value = PFC
[INFO ][2016-01-21 17:13:26,405][com.java.TestType] [11750] -  RESULT true
[INFO ][2016-01-21 17:13:26,405][com.java.TestType] [11867] - ?   P A S S   ?
[DEBUG][2016-01-21 17:13:26,405][com.java.TestType] [11673] - Concept ID:2 :: Step being Executed: 2::2
[INFO ][2016-01-21 17:13:26,405][com.java.TestType] [11711] - dataFields : LNKLogout
[DEBUG][2016-01-21 17:13:26,405][com.java.TestType] [11717] - <In Set values of the page>
[DEBUG][2016-01-21 17:13:26,405][com.java.TestType] [11722] - {Data Fields & Data Values Exist}
[INFO ][2016-01-21 17:13:26,406][com.java.TestType] [11728] - --------------------------setting values-----------------------------
[INFO ][2016-01-21 17:13:26,406][com.java.TestType] [11731] - Action Type : WaitTime
[DEBUG][2016-01-21 17:13:26,406][com.java.TestType] [ 6189] - sleepTime: 5000
[INFO ][2016-01-21 17:13:31,406][com.java.TestType] [11750] -  RESULT true
[INFO ][2016-01-21 17:13:31,406][com.java.TestType] [11867] - ?   P A S S   ?
[INFO ][2016-01-21 17:13:31,406][com.java.TestType] [11938] - Looping End......
[INFO ][2016-01-21 17:13:31,407][com.java.SeleniumDriver] [  930] -  RESULT true
[INFO ][2016-01-21 17:13:31,407][com.java.SeleniumDriver] [ 1136] - ?   P A S S   ?
[INFO ][2016-01-21 17:13:31,407][com.java.SeleniumDriver] [  856] - ------------------------------------------
[INFO ][2016-01-21 17:13:31,407][com.java.SeleniumDriver] [  857] - Test case being Executed: 1
[INFO ][2016-01-21 17:13:31,407][com.java.SeleniumDriver] [  869] - Test step:3
[INFO ][2016-01-21 17:13:31,408][com.java.SeleniumDriver] [  881] - Datavalue is----------2
[INFO ][2016-01-21 17:13:31,408][com.java.SeleniumDriver] [  905] - DataField : XPH//button[contains(text(),'Add Content')]
[INFO ][2016-01-21 17:13:31,408][com.java.SeleniumDriver] [  907] - DataValue : 2
[INFO ][2016-01-21 17:13:31,408][com.java.SeleniumDriver] [  913] - <In Set values of the page>
[INFO ][2016-01-21 17:13:31,408][com.java.SeleniumDriver] [  916] - {Data Fields & Data Values Exist}
[INFO ][2016-01-21 17:13:31,408][com.java.SeleniumDriver] [  918] - --------------------------setting values-----------------------------
[INFO ][2016-01-21 17:13:31,408][com.java.SeleniumDriver] [  921] - Action Type : WAITFORELEMENT
[INFO ][2016-01-21 17:13:31,448][com.java.SeleniumDriver] [  930] -  RESULT true
[INFO ][2016-01-21 17:13:31,448][com.java.SeleniumDriver] [ 1136] - ?   P A S S   ?
[DEBUG][2016-01-21 17:13:31,448][com.java.SeleniumDriver] [ 1248] - Case found
[DEBUG][2016-01-21 17:13:31,448][com.java.SeleniumDriver] [ 1253] - Incrementing ReportCounters[0]:1
[INFO ][2016-01-21 17:13:31,448][com.java.SeleniumDriver] [ 1272] - The results are-------------------[1, 1, Valid Login, Pass, , Thu Jan 21 17:13:25 IST 2016, 1, 2, Valid Login, Pass, , Thu Jan 21 17:13:31 IST 2016, 1, 3, Valid Login, Pass, , Thu Jan 21 17:13:31 IST 2016]
[INFO ][2016-01-21 17:13:31,448][com.java.SeleniumDriver] [ 1276] - End time is-------35 sec
[INFO ][2016-01-21 17:13:31,448][com.java.SeleniumDriver] [ 1277] - The results are-------------------[1, 1, Valid Login, Pass, , Thu Jan 21 17:13:25 IST 2016, 1, 2, Valid Login, Pass, , Thu Jan 21 17:13:31 IST 2016, 1, 3, Valid Login, Pass, , Thu Jan 21 17:13:31 IST 2016]
[DEBUG][2016-01-21 17:13:31,449][com.java.ImportnExport.ExportTestResultsExcel] [  222] - testResultPath = D:\BankersDashboard/TestReports/Test Results_BankersDashBoard_012116_171258_IE10_Any Bank USA.xls
[DEBUG][2016-01-21 17:13:31,449][com.java.ImportnExport.ExportTestResultsExcel] [  223] - browser is------------IE10
[DEBUG][2016-01-21 17:13:31,495][com.java.ImportnExport.ExportTestResultsExcel] [  270] - result.size() = 18
[DEBUG][2016-01-21 17:13:31,495][com.java.ImportnExport.ExportTestResultsExcel] [  274] - No of rows in sheet=1
[DEBUG][2016-01-21 17:13:31,495][com.java.ImportnExport.ExportTestResultsExcel] [  301] - ..in export..1
[DEBUG][2016-01-21 17:13:31,495][com.java.ImportnExport.ExportTestResultsExcel] [  301] - ..in export..Valid Login
[DEBUG][2016-01-21 17:13:31,495][com.java.ImportnExport.ExportTestResultsExcel] [  301] - ..in export..Pass
[DEBUG][2016-01-21 17:13:31,496][com.java.ImportnExport.ExportTestResultsExcel] [  301] - ..in export..
[DEBUG][2016-01-21 17:13:31,496][com.java.ImportnExport.ExportTestResultsExcel] [  301] - ..in export..Thu Jan 21 17:13:25 IST 2016
[INFO ][2016-01-21 17:13:31,497][com.java.SeleniumDriver] [ 1337] - out loop:0 size:2 TestCases:[1, 4] testcases:[1, 4]
[INFO ][2016-01-21 17:13:31,497][com.java.ImportnExport.ImportTestDataDetailsExcel] [   49] - test data details path===== D:\BankersDashboard\TestInputs\TestData.xls
