[INFO ][2015-10-29 19:41:18,579][com.java.SeleniumDriver] [  213] - Execute Failed Casesfalse
[INFO ][2015-10-29 19:41:18,579][com.java.SeleniumDriver] [  214] - Browser: IE11
[INFO ][2015-10-29 19:41:18,579][com.java.SeleniumDriver] [  215] - [1, 2]
[INFO ][2015-10-29 19:41:18,579][com.java.SeleniumDriver] [  216] - Total TestCases:2
[INFO ][2015-10-29 19:41:18,579][com.java.SeleniumDriver] [  217] -  Reading Properties from Property File 
[DEBUG][2015-10-29 19:41:18,579][com.java.SeleniumDriver] [  238] - url : https://clients-xuat.bankersdashboard.com
[INFO ][2015-10-29 19:41:18,579][com.java.ImportnExport.ExportTestResultsExcel] [  116] - Time Stamp Thu Oct 29 07:41:18 IST 2015
[INFO ][2015-10-29 19:41:18,579][com.java.ImportnExport.ExportTestResultsExcel] [  175] - OUT FILE : D:\BankersDashboard/TestReports/Test Results_BankersDashBoard_102915_194118_IE11_Any Bank USA.xls
[INFO ][2015-10-29 19:41:18,610][com.java.ImportnExport.ExportTestResultsExcel] [  180] - Test Result file is created
[DEBUG][2015-10-29 19:41:18,710][com.java.SeleniumDriver] [  425] - Hub ip address is-------172.17.68.34
[INFO ][2015-10-29 19:41:18,710][com.java.SeleniumDriver] [  451] - Grid URL:http://172.17.68.34:4444/wd/hub
[INFO ][2015-10-29 19:41:18,710][com.java.SeleniumDriver] [  452] - Capability:Capabilities [{platform=ANY, ensureCleanSession=true, ignoreProtectedModeSettings=true, acceptSslCerts=true, ignoreZoomSetting=true, browserName=internet explorer, browserstack.ie.noFlash=true, version=Node1}]
[ERROR][2015-10-29 19:41:20,007][com.java.SeleniumDriver] [  496] - Unable invoke browser in grid:Could not start a new session. Possible causes are invalid address of the remote server or browser start-up failure.
Build info: version: '2.48.2', revision: '41bccdd', time: '2015-10-09 19:59:12'
System info: host: 'FVTIII438F1D', ip: '172.17.68.34', os.name: 'Windows 7', os.arch: 'x86', os.version: '6.1', java.version: '1.7.0_55'
Driver info: driver.version: SeleniumDriver
[INFO ][2015-10-29 19:41:20,007][com.java.SeleniumDriver] [  498] - Executing on local machine
[INFO ][2015-10-29 19:41:29,903][com.java.SeleniumDriver] [  248] - IE11is opened
[INFO ][2015-10-29 19:41:30,551][com.java.SeleniumDriver] [  752] - Test cases to be executed are: [1, 2]
[INFO ][2015-10-29 19:41:30,551][com.java.ImportnExport.ImportTestDataDetailsExcel] [   49] - test data details path===== D:\BankersDashboard\TestInputs\TestData.xls
[INFO ][2015-10-29 19:41:41,532][com.java.SeleniumDriver] [  788] - ------------------------------------------
[INFO ][2015-10-29 19:41:41,532][com.java.SeleniumDriver] [  789] - Test case being Executed: 1
[INFO ][2015-10-29 19:41:41,533][com.java.SeleniumDriver] [  800] - Test step:1
[INFO ][2015-10-29 19:41:41,533][com.java.SeleniumDriver] [  812] - Datavalue is----------Concept#1:1-14
[INFO ][2015-10-29 19:41:41,533][com.java.SeleniumDriver] [  836] - DataField : test
[INFO ][2015-10-29 19:41:41,533][com.java.SeleniumDriver] [  838] - DataValue : Concept#1:1-14
[INFO ][2015-10-29 19:41:41,533][com.java.SeleniumDriver] [  844] - <In Set values of the page>
[INFO ][2015-10-29 19:41:41,533][com.java.SeleniumDriver] [  847] - {Data Fields & Data Values Exist}
[INFO ][2015-10-29 19:41:41,533][com.java.SeleniumDriver] [  849] - --------------------------setting values-----------------------------
[INFO ][2015-10-29 19:41:41,533][com.java.SeleniumDriver] [  852] - Action Type : ExecuteTestCase
[INFO ][2015-10-29 19:41:41,563][com.java.TestType] [  353] - The Concept sheet name is ---------- Concept
[INFO ][2015-10-29 19:41:41,563][com.java.TestType] [  355] - The Concept ID  is ---------- 1
[DEBUG][2015-10-29 19:41:41,563][com.java.TestType] [  357] - Steps being executted in the Concept are: 1:14
[INFO ][2015-10-29 19:41:41,563][com.java.TestType] [  361] - Test data details path ---------- D:\BankersDashboard\TestInputs\TestData.xls
[INFO ][2015-10-29 19:41:41,593][com.java.TestType] [  385] -  str(1) = 1
[INFO ][2015-10-29 19:41:41,593][com.java.TestType] [  388] - Test case Id is---1
[INFO ][2015-10-29 19:41:41,593][com.java.TestType] [  390] - 1
[INFO ][2015-10-29 19:41:41,593][com.java.TestType] [  385] -  str(2) = 1
[INFO ][2015-10-29 19:41:41,593][com.java.TestType] [  435] - row values are--------{1=com.java.Objects.TestDataDetails@116cf35}
[INFO ][2015-10-29 19:41:41,593][com.java.TestType] [  385] -  str(1) = 1
[INFO ][2015-10-29 19:41:41,593][com.java.TestType] [  388] - Test case Id is---1
[INFO ][2015-10-29 19:41:41,593][com.java.TestType] [  390] - 1
[INFO ][2015-10-29 19:41:41,603][com.java.TestType] [  385] -  str(2) = 2
[INFO ][2015-10-29 19:41:41,603][com.java.TestType] [  435] - row values are--------{1=com.java.Objects.TestDataDetails@116cf35, 2=com.java.Objects.TestDataDetails@1c00fa9}
[INFO ][2015-10-29 19:41:41,603][com.java.TestType] [  385] -  str(1) = 1
[INFO ][2015-10-29 19:41:41,603][com.java.TestType] [  388] - Test case Id is---1
[INFO ][2015-10-29 19:41:41,603][com.java.TestType] [  390] - 1
[INFO ][2015-10-29 19:41:41,603][com.java.TestType] [  385] -  str(2) = 3
[INFO ][2015-10-29 19:41:41,603][com.java.TestType] [  435] - row values are--------{1=com.java.Objects.TestDataDetails@116cf35, 2=com.java.Objects.TestDataDetails@1c00fa9, 3=com.java.Objects.TestDataDetails@1600a0c}
[INFO ][2015-10-29 19:41:41,603][com.java.TestType] [  385] -  str(1) = 1
[INFO ][2015-10-29 19:41:41,603][com.java.TestType] [  388] - Test case Id is---1
[INFO ][2015-10-29 19:41:41,603][com.java.TestType] [  390] - 1
[INFO ][2015-10-29 19:41:41,603][com.java.TestType] [  385] -  str(2) = 4
[INFO ][2015-10-29 19:41:41,603][com.java.TestType] [  435] - row values are--------{1=com.java.Objects.TestDataDetails@116cf35, 2=com.java.Objects.TestDataDetails@1c00fa9, 3=com.java.Objects.TestDataDetails@1600a0c, 4=com.java.Objects.TestDataDetails@14e5cfa}
[INFO ][2015-10-29 19:41:41,603][com.java.TestType] [  385] -  str(1) = 1
[INFO ][2015-10-29 19:41:41,603][com.java.TestType] [  388] - Test case Id is---1
[INFO ][2015-10-29 19:41:41,603][com.java.TestType] [  390] - 1
[INFO ][2015-10-29 19:41:41,603][com.java.TestType] [  385] -  str(2) = 5
[INFO ][2015-10-29 19:41:41,603][com.java.TestType] [  435] - row values are--------{1=com.java.Objects.TestDataDetails@116cf35, 2=com.java.Objects.TestDataDetails@1c00fa9, 3=com.java.Objects.TestDataDetails@1600a0c, 4=com.java.Objects.TestDataDetails@14e5cfa, 5=com.java.Objects.TestDataDetails@90555f}
[INFO ][2015-10-29 19:41:41,603][com.java.TestType] [  385] -  str(1) = 1
[INFO ][2015-10-29 19:41:41,603][com.java.TestType] [  388] - Test case Id is---1
[INFO ][2015-10-29 19:41:41,603][com.java.TestType] [  390] - 1
[INFO ][2015-10-29 19:41:41,603][com.java.TestType] [  385] -  str(2) = 6
[INFO ][2015-10-29 19:41:41,603][com.java.TestType] [  435] - row values are--------{1=com.java.Objects.TestDataDetails@116cf35, 2=com.java.Objects.TestDataDetails@1c00fa9, 3=com.java.Objects.TestDataDetails@1600a0c, 4=com.java.Objects.TestDataDetails@14e5cfa, 5=com.java.Objects.TestDataDetails@90555f, 6=com.java.Objects.TestDataDetails@122f244}
[INFO ][2015-10-29 19:41:41,603][com.java.TestType] [  385] -  str(1) = 1
[INFO ][2015-10-29 19:41:41,603][com.java.TestType] [  388] - Test case Id is---1
[INFO ][2015-10-29 19:41:41,613][com.java.TestType] [  390] - 1
[INFO ][2015-10-29 19:41:41,613][com.java.TestType] [  385] -  str(2) = 7
[INFO ][2015-10-29 19:41:41,613][com.java.TestType] [  435] - row values are--------{1=com.java.Objects.TestDataDetails@116cf35, 2=com.java.Objects.TestDataDetails@1c00fa9, 3=com.java.Objects.TestDataDetails@1600a0c, 4=com.java.Objects.TestDataDetails@14e5cfa, 5=com.java.Objects.TestDataDetails@90555f, 6=com.java.Objects.TestDataDetails@122f244, 7=com.java.Objects.TestDataDetails@9985a5}
[INFO ][2015-10-29 19:41:41,613][com.java.TestType] [  385] -  str(1) = 1
[INFO ][2015-10-29 19:41:41,613][com.java.TestType] [  388] - Test case Id is---1
[INFO ][2015-10-29 19:41:41,613][com.java.TestType] [  390] - 1
[INFO ][2015-10-29 19:41:41,613][com.java.TestType] [  385] -  str(2) = 8
[INFO ][2015-10-29 19:41:41,613][com.java.TestType] [  435] - row values are--------{1=com.java.Objects.TestDataDetails@116cf35, 2=com.java.Objects.TestDataDetails@1c00fa9, 3=com.java.Objects.TestDataDetails@1600a0c, 4=com.java.Objects.TestDataDetails@14e5cfa, 5=com.java.Objects.TestDataDetails@90555f, 6=com.java.Objects.TestDataDetails@122f244, 7=com.java.Objects.TestDataDetails@9985a5, 8=com.java.Objects.TestDataDetails@151da55}
[INFO ][2015-10-29 19:41:41,613][com.java.TestType] [  385] -  str(1) = 1
[INFO ][2015-10-29 19:41:41,613][com.java.TestType] [  388] - Test case Id is---1
[INFO ][2015-10-29 19:41:41,613][com.java.TestType] [  390] - 1
[INFO ][2015-10-29 19:41:41,613][com.java.TestType] [  385] -  str(2) = 9
[INFO ][2015-10-29 19:41:41,613][com.java.TestType] [  435] - row values are--------{1=com.java.Objects.TestDataDetails@116cf35, 2=com.java.Objects.TestDataDetails@1c00fa9, 3=com.java.Objects.TestDataDetails@1600a0c, 4=com.java.Objects.TestDataDetails@14e5cfa, 5=com.java.Objects.TestDataDetails@90555f, 6=com.java.Objects.TestDataDetails@122f244, 7=com.java.Objects.TestDataDetails@9985a5, 8=com.java.Objects.TestDataDetails@151da55, 9=com.java.Objects.TestDataDetails@bbf6ed}
[INFO ][2015-10-29 19:41:41,613][com.java.TestType] [  385] -  str(1) = 1
[INFO ][2015-10-29 19:41:41,613][com.java.TestType] [  388] - Test case Id is---1
[INFO ][2015-10-29 19:41:41,613][com.java.TestType] [  390] - 1
[INFO ][2015-10-29 19:41:41,613][com.java.TestType] [  385] -  str(2) = 10
[INFO ][2015-10-29 19:41:41,613][com.java.TestType] [  435] - row values are--------{1=com.java.Objects.TestDataDetails@116cf35, 2=com.java.Objects.TestDataDetails@1c00fa9, 3=com.java.Objects.TestDataDetails@1600a0c, 4=com.java.Objects.TestDataDetails@14e5cfa, 5=com.java.Objects.TestDataDetails@90555f, 6=com.java.Objects.TestDataDetails@122f244, 7=com.java.Objects.TestDataDetails@9985a5, 8=com.java.Objects.TestDataDetails@151da55, 9=com.java.Objects.TestDataDetails@bbf6ed, 10=com.java.Objects.TestDataDetails@82306}
[INFO ][2015-10-29 19:41:41,613][com.java.TestType] [  385] -  str(1) = 1
[INFO ][2015-10-29 19:41:41,613][com.java.TestType] [  388] - Test case Id is---1
[INFO ][2015-10-29 19:41:41,613][com.java.TestType] [  390] - 1
[INFO ][2015-10-29 19:41:41,613][com.java.TestType] [  385] -  str(2) = 11
[INFO ][2015-10-29 19:41:41,613][com.java.TestType] [  435] - row values are--------{1=com.java.Objects.TestDataDetails@116cf35, 2=com.java.Objects.TestDataDetails@1c00fa9, 3=com.java.Objects.TestDataDetails@1600a0c, 4=com.java.Objects.TestDataDetails@14e5cfa, 5=com.java.Objects.TestDataDetails@90555f, 6=com.java.Objects.TestDataDetails@122f244, 7=com.java.Objects.TestDataDetails@9985a5, 8=com.java.Objects.TestDataDetails@151da55, 9=com.java.Objects.TestDataDetails@bbf6ed, 10=com.java.Objects.TestDataDetails@82306, 11=com.java.Objects.TestDataDetails@1c36edb}
[INFO ][2015-10-29 19:41:41,613][com.java.TestType] [  385] -  str(1) = 1
[INFO ][2015-10-29 19:41:41,613][com.java.TestType] [  388] - Test case Id is---1
[INFO ][2015-10-29 19:41:41,613][com.java.TestType] [  390] - 1
[INFO ][2015-10-29 19:41:41,613][com.java.TestType] [  385] -  str(2) = 12
[INFO ][2015-10-29 19:41:41,613][com.java.TestType] [  435] - row values are--------{1=com.java.Objects.TestDataDetails@116cf35, 2=com.java.Objects.TestDataDetails@1c00fa9, 3=com.java.Objects.TestDataDetails@1600a0c, 4=com.java.Objects.TestDataDetails@14e5cfa, 5=com.java.Objects.TestDataDetails@90555f, 6=com.java.Objects.TestDataDetails@122f244, 7=com.java.Objects.TestDataDetails@9985a5, 8=com.java.Objects.TestDataDetails@151da55, 9=com.java.Objects.TestDataDetails@bbf6ed, 10=com.java.Objects.TestDataDetails@82306, 11=com.java.Objects.TestDataDetails@1c36edb, 12=com.java.Objects.TestDataDetails@1aab172}
[INFO ][2015-10-29 19:41:41,613][com.java.TestType] [  385] -  str(1) = 1
[INFO ][2015-10-29 19:41:41,613][com.java.TestType] [  388] - Test case Id is---1
[INFO ][2015-10-29 19:41:41,613][com.java.TestType] [  390] - 1
[INFO ][2015-10-29 19:41:41,613][com.java.TestType] [  385] -  str(2) = 13
[INFO ][2015-10-29 19:41:41,613][com.java.TestType] [  435] - row values are--------{1=com.java.Objects.TestDataDetails@116cf35, 2=com.java.Objects.TestDataDetails@1c00fa9, 3=com.java.Objects.TestDataDetails@1600a0c, 4=com.java.Objects.TestDataDetails@14e5cfa, 5=com.java.Objects.TestDataDetails@90555f, 6=com.java.Objects.TestDataDetails@122f244, 7=com.java.Objects.TestDataDetails@9985a5, 8=com.java.Objects.TestDataDetails@151da55, 9=com.java.Objects.TestDataDetails@bbf6ed, 10=com.java.Objects.TestDataDetails@82306, 11=com.java.Objects.TestDataDetails@1c36edb, 12=com.java.Objects.TestDataDetails@1aab172, 13=com.java.Objects.TestDataDetails@2334a1}
[INFO ][2015-10-29 19:41:41,613][com.java.TestType] [  385] -  str(1) = 1
[INFO ][2015-10-29 19:41:41,613][com.java.TestType] [  388] - Test case Id is---1
[INFO ][2015-10-29 19:41:41,613][com.java.TestType] [  390] - 1
[INFO ][2015-10-29 19:41:41,613][com.java.TestType] [  385] -  str(2) = 14
[INFO ][2015-10-29 19:41:41,623][com.java.TestType] [  435] - row values are--------{1=com.java.Objects.TestDataDetails@116cf35, 2=com.java.Objects.TestDataDetails@1c00fa9, 3=com.java.Objects.TestDataDetails@1600a0c, 4=com.java.Objects.TestDataDetails@14e5cfa, 5=com.java.Objects.TestDataDetails@90555f, 6=com.java.Objects.TestDataDetails@122f244, 7=com.java.Objects.TestDataDetails@9985a5, 8=com.java.Objects.TestDataDetails@151da55, 9=com.java.Objects.TestDataDetails@bbf6ed, 10=com.java.Objects.TestDataDetails@82306, 11=com.java.Objects.TestDataDetails@1c36edb, 12=com.java.Objects.TestDataDetails@1aab172, 13=com.java.Objects.TestDataDetails@2334a1, 14=com.java.Objects.TestDataDetails@d30850}
[INFO ][2015-10-29 19:41:41,623][com.java.TestType] [ 6346] - Looping 1TCID = 1
[DEBUG][2015-10-29 19:41:41,623][com.java.TestType] [ 6357] - Concept ID:1 :: Step being Executed: 1::1
[INFO ][2015-10-29 19:41:41,623][com.java.TestType] [ 6390] - dataFields : TXTusername
[DEBUG][2015-10-29 19:41:41,623][com.java.TestType] [ 6395] - <In Set values of the page>
[DEBUG][2015-10-29 19:41:41,623][com.java.TestType] [ 6399] - {Data Fields & Data Values Exist}
[INFO ][2015-10-29 19:41:41,623][com.java.TestType] [ 6403] - --------------------------setting values-----------------------------
[INFO ][2015-10-29 19:41:41,623][com.java.TestType] [ 6406] - Action Type : CLEARANDENTER
[INFO ][2015-10-29 19:41:41,623][com.java.TestType] [ 2975] - value = naresh.nayini.00000
[INFO ][2015-10-29 19:41:44,277][com.java.TestType] [ 6417] -  RESULT true
[INFO ][2015-10-29 19:41:44,277][com.java.TestType] [ 6522] - ?   P A S S   ?
[DEBUG][2015-10-29 19:41:44,277][com.java.TestType] [ 6357] - Concept ID:1 :: Step being Executed: 1::2
[INFO ][2015-10-29 19:41:44,277][com.java.TestType] [ 6390] - dataFields : TXTpassword
[DEBUG][2015-10-29 19:41:44,279][com.java.TestType] [ 6395] - <In Set values of the page>
[DEBUG][2015-10-29 19:41:44,279][com.java.TestType] [ 6399] - {Data Fields & Data Values Exist}
[INFO ][2015-10-29 19:41:44,279][com.java.TestType] [ 6403] - --------------------------setting values-----------------------------
[INFO ][2015-10-29 19:41:44,279][com.java.TestType] [ 6406] - Action Type : CLEARANDENTER
[INFO ][2015-10-29 19:41:44,279][com.java.TestType] [ 2975] - value = Password1*
[INFO ][2015-10-29 19:41:47,065][com.java.TestType] [ 6417] -  RESULT true
[INFO ][2015-10-29 19:41:47,065][com.java.TestType] [ 6522] - ?   P A S S   ?
[DEBUG][2015-10-29 19:41:47,065][com.java.TestType] [ 6357] - Concept ID:1 :: Step being Executed: 1::3
[ERROR][2015-10-29 19:41:47,065][com.java.TestType] [ 6385] - Exception: null
[INFO ][2015-10-29 19:41:47,065][com.java.TestType] [ 6390] - dataFields : XPH//button[@type='submit']
[DEBUG][2015-10-29 19:41:47,065][com.java.TestType] [ 6395] - <In Set values of the page>
[DEBUG][2015-10-29 19:41:47,065][com.java.TestType] [ 6399] - {Data Fields & Data Values Exist}
[INFO ][2015-10-29 19:41:47,065][com.java.TestType] [ 6403] - --------------------------setting values-----------------------------
[INFO ][2015-10-29 19:41:47,065][com.java.TestType] [ 6406] - Action Type : Click
[INFO ][2015-10-29 19:41:47,065][com.java.TestType] [ 3245] - Field ::XPH//button[@type='submit']
[INFO ][2015-10-29 19:41:48,074][com.java.TestType] [ 3296] - BEFORE CLICK
[INFO ][2015-10-29 19:41:48,950][com.java.TestType] [ 3302] - Unable to click the object Login
[INFO ][2015-10-29 19:41:48,950][com.java.TestType] [ 6417] -  RESULT true
[INFO ][2015-10-29 19:41:48,950][com.java.TestType] [ 6522] - ?   P A S S   ?
[DEBUG][2015-10-29 19:41:48,950][com.java.TestType] [ 6357] - Concept ID:1 :: Step being Executed: 1::4
[INFO ][2015-10-29 19:41:48,950][com.java.TestType] [ 6390] - dataFields : LNKLogout
[DEBUG][2015-10-29 19:41:48,950][com.java.TestType] [ 6395] - <In Set values of the page>
[DEBUG][2015-10-29 19:41:48,950][com.java.TestType] [ 6399] - {Data Fields & Data Values Exist}
[INFO ][2015-10-29 19:41:48,950][com.java.TestType] [ 6403] - --------------------------setting values-----------------------------
[INFO ][2015-10-29 19:41:48,950][com.java.TestType] [ 6406] - Action Type : WaitForElement
[INFO ][2015-10-29 19:41:57,161][com.java.TestType] [ 6417] -  RESULT true
[INFO ][2015-10-29 19:41:57,161][com.java.TestType] [ 6522] - ?   P A S S   ?
[DEBUG][2015-10-29 19:41:57,161][com.java.TestType] [ 6357] - Concept ID:1 :: Step being Executed: 1::13
[INFO ][2015-10-29 19:41:57,161][com.java.TestType] [ 6390] - dataFields : LGN
[DEBUG][2015-10-29 19:41:57,161][com.java.TestType] [ 6395] - <In Set values of the page>
[DEBUG][2015-10-29 19:41:57,161][com.java.TestType] [ 6399] - {Data Fields & Data Values Exist}
[INFO ][2015-10-29 19:41:57,161][com.java.TestType] [ 6403] - --------------------------setting values-----------------------------
[INFO ][2015-10-29 19:41:57,161][com.java.TestType] [ 6406] - Action Type : Verify
[INFO ][2015-10-29 19:41:57,161][com.java.TestType] [ 3884] - field= LGN value= Username
[INFO ][2015-10-29 19:41:57,161][com.java.TestType] [ 2975] - value = Username
[INFO ][2015-10-29 19:41:57,354][com.java.TestType] [ 6417] -  RESULT true
[INFO ][2015-10-29 19:41:57,354][com.java.TestType] [ 6522] - ?   P A S S   ?
[DEBUG][2015-10-29 19:41:57,354][com.java.TestType] [ 6357] - Concept ID:1 :: Step being Executed: 1::14
[INFO ][2015-10-29 19:41:57,354][com.java.TestType] [ 6390] - dataFields : BTN
[DEBUG][2015-10-29 19:41:57,354][com.java.TestType] [ 6395] - <In Set values of the page>
[DEBUG][2015-10-29 19:41:57,354][com.java.TestType] [ 6399] - {Data Fields & Data Values Exist}
[INFO ][2015-10-29 19:41:57,354][com.java.TestType] [ 6403] - --------------------------setting values-----------------------------
[INFO ][2015-10-29 19:41:57,354][com.java.TestType] [ 6406] - Action Type : Verify
[INFO ][2015-10-29 19:41:57,354][com.java.TestType] [ 3884] - field= BTN value= //img[contains(@src,'bdlogo.jpg')]
[INFO ][2015-10-29 19:41:57,354][com.java.TestType] [ 2975] - value = //img[contains(@src,'bdlogo.jpg')]
[INFO ][2015-10-29 19:41:57,384][com.java.TestType] [ 6417] -  RESULT true
[INFO ][2015-10-29 19:41:57,384][com.java.TestType] [ 6522] - ?   P A S S   ?
[INFO ][2015-10-29 19:41:57,384][com.java.TestType] [ 6575] - Looping End......
[INFO ][2015-10-29 19:41:57,384][com.java.SeleniumDriver] [  861] -  RESULT true
[INFO ][2015-10-29 19:41:57,384][com.java.SeleniumDriver] [ 1066] - ?   P A S S   ?
[INFO ][2015-10-29 19:41:57,384][com.java.SeleniumDriver] [  788] - ------------------------------------------
[INFO ][2015-10-29 19:41:57,384][com.java.SeleniumDriver] [  789] - Test case being Executed: 1
[INFO ][2015-10-29 19:41:57,384][com.java.SeleniumDriver] [  800] - Test step:2
[INFO ][2015-10-29 19:41:57,384][com.java.SeleniumDriver] [  812] - Datavalue is----------Concept#2:1-2
[INFO ][2015-10-29 19:41:57,384][com.java.SeleniumDriver] [  836] - DataField : test
[INFO ][2015-10-29 19:41:57,384][com.java.SeleniumDriver] [  838] - DataValue : Concept#2:1-2
[INFO ][2015-10-29 19:41:57,384][com.java.SeleniumDriver] [  844] - <In Set values of the page>
[INFO ][2015-10-29 19:41:57,384][com.java.SeleniumDriver] [  847] - {Data Fields & Data Values Exist}
[INFO ][2015-10-29 19:41:57,384][com.java.SeleniumDriver] [  849] - --------------------------setting values-----------------------------
[INFO ][2015-10-29 19:41:57,384][com.java.SeleniumDriver] [  852] - Action Type : ExecuteTestCase
[INFO ][2015-10-29 19:41:57,384][com.java.TestType] [  353] - The Concept sheet name is ---------- Concept
[INFO ][2015-10-29 19:41:57,384][com.java.TestType] [  355] - The Concept ID  is ---------- 2
[DEBUG][2015-10-29 19:41:57,384][com.java.TestType] [  357] - Steps being executted in the Concept are: 1:2
[INFO ][2015-10-29 19:41:57,384][com.java.TestType] [  361] - Test data details path ---------- D:\BankersDashboard\TestInputs\TestData.xls
[INFO ][2015-10-29 19:41:57,407][com.java.TestType] [  385] -  str(1) = 2
[INFO ][2015-10-29 19:41:57,407][com.java.TestType] [  388] - Test case Id is---2
[INFO ][2015-10-29 19:41:57,407][com.java.TestType] [  390] - 2
[INFO ][2015-10-29 19:41:57,407][com.java.TestType] [  385] -  str(2) = 1
[INFO ][2015-10-29 19:41:57,409][com.java.TestType] [  435] - row values are--------{1=com.java.Objects.TestDataDetails@3a3a1e}
[INFO ][2015-10-29 19:41:57,410][com.java.TestType] [  385] -  str(1) = 2
[INFO ][2015-10-29 19:41:57,410][com.java.TestType] [  388] - Test case Id is---2
[INFO ][2015-10-29 19:41:57,410][com.java.TestType] [  390] - 2
[INFO ][2015-10-29 19:41:57,410][com.java.TestType] [  385] -  str(2) = 2
[INFO ][2015-10-29 19:41:57,410][com.java.TestType] [  435] - row values are--------{1=com.java.Objects.TestDataDetails@3a3a1e, 2=com.java.Objects.TestDataDetails@19da0cd}
[INFO ][2015-10-29 19:41:57,410][com.java.TestType] [ 6346] - Looping 1TCID = 2
[DEBUG][2015-10-29 19:41:57,411][com.java.TestType] [ 6357] - Concept ID:2 :: Step being Executed: 2::1
[INFO ][2015-10-29 19:41:57,411][com.java.TestType] [ 6390] - dataFields : BNK//select[@id='bank']
[DEBUG][2015-10-29 19:41:57,411][com.java.TestType] [ 6395] - <In Set values of the page>
[DEBUG][2015-10-29 19:41:57,411][com.java.TestType] [ 6399] - {Data Fields & Data Values Exist}
[INFO ][2015-10-29 19:41:57,411][com.java.TestType] [ 6403] - --------------------------setting values-----------------------------
[INFO ][2015-10-29 19:41:57,411][com.java.TestType] [ 6406] - Action Type : Select
[INFO ][2015-10-29 19:41:57,411][com.java.TestType] [ 2975] - value = PFC
[INFO ][2015-10-29 19:41:57,608][com.java.TestType] [ 6417] -  RESULT true
[INFO ][2015-10-29 19:41:57,608][com.java.TestType] [ 6522] - ?   P A S S   ?
[DEBUG][2015-10-29 19:41:57,608][com.java.TestType] [ 6357] - Concept ID:2 :: Step being Executed: 2::2
[INFO ][2015-10-29 19:41:57,608][com.java.TestType] [ 6390] - dataFields : LNKLogout
[DEBUG][2015-10-29 19:41:57,608][com.java.TestType] [ 6395] - <In Set values of the page>
[DEBUG][2015-10-29 19:41:57,608][com.java.TestType] [ 6399] - {Data Fields & Data Values Exist}
[INFO ][2015-10-29 19:41:57,608][com.java.TestType] [ 6403] - --------------------------setting values-----------------------------
[INFO ][2015-10-29 19:41:57,608][com.java.TestType] [ 6406] - Action Type : WaitForElement
[INFO ][2015-10-29 19:41:59,771][com.java.TestType] [ 6417] -  RESULT true
[INFO ][2015-10-29 19:41:59,771][com.java.TestType] [ 6522] - ?   P A S S   ?
[INFO ][2015-10-29 19:41:59,771][com.java.TestType] [ 6575] - Looping End......
[INFO ][2015-10-29 19:41:59,771][com.java.SeleniumDriver] [  861] -  RESULT true
[INFO ][2015-10-29 19:41:59,771][com.java.SeleniumDriver] [ 1066] - ?   P A S S   ?
[DEBUG][2015-10-29 19:41:59,771][com.java.SeleniumDriver] [ 1168] - Case found
[DEBUG][2015-10-29 19:41:59,771][com.java.SeleniumDriver] [ 1173] - Incrementing ReportCounters[0]:1
[INFO ][2015-10-29 19:41:59,771][com.java.SeleniumDriver] [ 1192] - The results are-------------------[1, 1, Valid Login, Pass, , Thu Oct 29 19:41:57 IST 2015, 1, 2, Valid Login, Pass, , Thu Oct 29 19:41:59 IST 2015]
[INFO ][2015-10-29 19:41:59,771][com.java.SeleniumDriver] [ 1196] - End time is-------43 sec
[INFO ][2015-10-29 19:41:59,771][com.java.SeleniumDriver] [ 1197] - The results are-------------------[1, 1, Valid Login, Pass, , Thu Oct 29 19:41:57 IST 2015, 1, 2, Valid Login, Pass, , Thu Oct 29 19:41:59 IST 2015]
[DEBUG][2015-10-29 19:41:59,771][com.java.ImportnExport.ExportTestResultsExcel] [  222] - testResultPath = D:\BankersDashboard/TestReports/Test Results_BankersDashBoard_102915_194118_IE11_Any Bank USA.xls
[DEBUG][2015-10-29 19:41:59,771][com.java.ImportnExport.ExportTestResultsExcel] [  223] - browser is------------IE11
[DEBUG][2015-10-29 19:41:59,812][com.java.ImportnExport.ExportTestResultsExcel] [  270] - result.size() = 12
[DEBUG][2015-10-29 19:41:59,812][com.java.ImportnExport.ExportTestResultsExcel] [  274] - No of rows in sheet=1
[DEBUG][2015-10-29 19:41:59,812][com.java.ImportnExport.ExportTestResultsExcel] [  301] - ..in export..1
[DEBUG][2015-10-29 19:41:59,812][com.java.ImportnExport.ExportTestResultsExcel] [  301] - ..in export..Valid Login
[DEBUG][2015-10-29 19:41:59,812][com.java.ImportnExport.ExportTestResultsExcel] [  301] - ..in export..Pass
[DEBUG][2015-10-29 19:41:59,812][com.java.ImportnExport.ExportTestResultsExcel] [  301] - ..in export..
[DEBUG][2015-10-29 19:41:59,812][com.java.ImportnExport.ExportTestResultsExcel] [  301] - ..in export..Thu Oct 29 19:41:57 IST 2015
[INFO ][2015-10-29 19:41:59,812][com.java.SeleniumDriver] [ 1255] - out loop:0 size:2 TestCases:[1, 2] testcases:[1, 2]
[INFO ][2015-10-29 19:41:59,812][com.java.ImportnExport.ImportTestDataDetailsExcel] [   49] - test data details path===== D:\BankersDashboard\TestInputs\TestData.xls
[INFO ][2015-10-29 19:42:17,814][com.java.SeleniumDriver] [ 1204] - ? S K I P P E D ?
[INFO ][2015-10-29 19:42:17,814][com.java.SeleniumDriver] [ 1205] - Test case:1
[INFO ][2015-10-29 19:42:17,814][com.java.SeleniumDriver] [ 1206] - Valid Login
[INFO ][2015-10-29 19:42:17,814][com.java.SeleniumDriver] [ 1207] -  No Test Steps Available
[INFO ][2015-10-29 19:42:17,814][com.java.SeleniumDriver] [ 1222] - The results are-------------------[1, 2, Valid Login, Skipped,  No Test Steps Available, Thu Oct 29 19:42:17 IST 2015]
[INFO ][2015-10-29 19:42:17,814][com.java.SeleniumDriver] [ 1226] - End time is-------1 min 1 sec
[INFO ][2015-10-29 19:42:17,814][com.java.SeleniumDriver] [ 1227] - The results are-------------------[1, 2, Valid Login, Skipped,  No Test Steps Available, Thu Oct 29 19:42:17 IST 2015]
[DEBUG][2015-10-29 19:42:17,814][com.java.ImportnExport.ExportTestResultsExcel] [  222] - testResultPath = D:\BankersDashboard/TestReports/Test Results_BankersDashBoard_102915_194118_IE11_Any Bank USA.xls
[DEBUG][2015-10-29 19:42:17,814][com.java.ImportnExport.ExportTestResultsExcel] [  223] - browser is------------IE11
[DEBUG][2015-10-29 19:42:17,814][com.java.ImportnExport.ExportTestResultsExcel] [  270] - result.size() = 6
[DEBUG][2015-10-29 19:42:17,814][com.java.ImportnExport.ExportTestResultsExcel] [  274] - No of rows in sheet=2
[DEBUG][2015-10-29 19:42:17,814][com.java.ImportnExport.ExportTestResultsExcel] [  301] - ..in export..1
[DEBUG][2015-10-29 19:42:17,814][com.java.ImportnExport.ExportTestResultsExcel] [  301] - ..in export..Valid Login
[DEBUG][2015-10-29 19:42:17,814][com.java.ImportnExport.ExportTestResultsExcel] [  301] - ..in export..Skipped
[DEBUG][2015-10-29 19:42:17,814][com.java.ImportnExport.ExportTestResultsExcel] [  301] - ..in export.. No Test Steps Available
[DEBUG][2015-10-29 19:42:17,814][com.java.ImportnExport.ExportTestResultsExcel] [  301] - ..in export..Thu Oct 29 19:42:17 IST 2015
[INFO ][2015-10-29 19:42:17,814][com.java.SeleniumDriver] [ 1255] - out loop:1 size:2 TestCases:[1, 2] testcases:[1, 2]
[INFO ][2015-10-29 19:42:19,821][com.java.SeleniumDriver] [ 1297] - Total Number of Cases:2
[INFO ][2015-10-29 19:42:19,821][com.java.TemplateGenerator] [  302] - Executed:1
[INFO ][2015-10-29 19:42:19,821][com.java.TemplateGenerator] [  303] - Passed:1
[INFO ][2015-10-29 19:42:19,821][com.java.TemplateGenerator] [  304] - Failed:0
[INFO ][2015-10-29 19:42:19,821][com.java.TemplateGenerator] [  305] - Skipeed:1
[INFO ][2015-10-29 19:42:19,821][com.java.TemplateGenerator] [  306] - Application URL:https://clients-xuat.bankersdashboard.com
[INFO ][2015-10-29 19:42:19,821][com.java.TemplateGenerator] [  307] - Start Time:102915_194118
[INFO ][2015-10-29 19:42:19,821][com.java.TemplateGenerator] [  308] -  Creating HTML Report 
[ERROR][2015-10-29 19:42:19,821][com.java.TemplateGenerator] [  409] - Unparseable date: "Thu Oct 29 07:41:18 IST 2015"
[INFO ][2015-10-29 19:42:19,821][com.java.TemplateGenerator] [  654] -  Exporting case :: 1
[INFO ][2015-10-29 19:42:19,821][com.java.SeleniumDriver] [ 1346] - End Time:102915_194219
[INFO ][2015-10-29 19:42:19,821][com.java.SeleniumDriver] [ 1349] - Data in Test Execution Details:{1=SKIPPED}
[INFO ][2015-10-29 19:42:19,821][com.java.SeleniumDriver] [ 1350] - Data in Failed Execution Deatils:{}
[INFO ][2015-10-29 19:42:19,821][com.java.SeleniumDriver] [ 1352] - ReportCounter:Total:1 :: PASS: 1 ::FAIL: 0
[INFO ][2015-10-29 19:42:19,821][com.java.SeleniumDriver] [ 1353] - FailedReportCounter:Total:0 :: PASS: 0 ::FAIL: 0
[INFO ][2015-10-29 19:42:19,822][com.java.EmailTestReport] [   63] - Sending report mail details:
[INFO ][2015-10-29 19:42:19,822][com.java.EmailTestReport] [   80] - Excel Report Path:D:\BankersDashboard/TestReports/Test Results_BankersDashBoard_102915_194118_IE11_Any Bank USA.xls
[INFO ][2015-10-29 19:42:19,822][com.java.EmailTestReport] [   81] - HTML Report Path:D:\BankersDashboard//TestReports//Test Results_BankersDashBoard_102915_194118_IE11_Any Bank USA.html
[INFO ][2015-10-29 19:42:19,822][com.java.EmailTestReport] [   82] - smtpHostName:mail01.valuelabs.com
[INFO ][2015-10-29 19:42:19,822][com.java.EmailTestReport] [   83] - Recipient:venkateswararao.gubbala@valuelabs.com
[INFO ][2015-10-29 19:42:19,822][com.java.EmailTestReport] [   84] - From:venkateswararao.gubbala@valuelabs.com
[INFO ][2015-10-29 19:42:19,822][com.java.EmailTestReport] [   85] - Subject:DestinationRewards Automation Test Report - Any Bank USA - IE11
[INFO ][2015-10-29 19:42:19,842][com.java.EmailTestReport] [  143] -  Added venkateswararao.gubbala@valuelabs.com
[INFO ][2015-10-29 19:42:23,268][com.java.SeleniumDriver] [  719] - quitting the browser 
[INFO ][2015-10-29 19:42:24,518][com.java.SeleniumDriver] [  263] - Execution Completed Stopping the thread
