[INFO ][2016-01-18 12:31:31,732][com.java.SeleniumDriver] [  213] - Execute Failed Casesfalse
[INFO ][2016-01-18 12:31:31,732][com.java.SeleniumDriver] [  214] - Browser: IE10
[INFO ][2016-01-18 12:31:31,732][com.java.SeleniumDriver] [  215] - [1, 27]
[INFO ][2016-01-18 12:31:31,732][com.java.SeleniumDriver] [  216] - Total TestCases:2
[INFO ][2016-01-18 12:31:31,732][com.java.SeleniumDriver] [  217] -  Reading Properties from Property File 
[DEBUG][2016-01-18 12:31:31,733][com.java.SeleniumDriver] [  238] - url : https://clients-xuat.bankersdashboard.com
[INFO ][2016-01-18 12:31:31,734][com.java.ImportnExport.ExportTestResultsExcel] [  116] - Time Stamp Mon Jan 18 12:31:31 IST 2016
[INFO ][2016-01-18 12:31:31,734][com.java.ImportnExport.ExportTestResultsExcel] [  175] - OUT FILE : D:\BankersDashboard/TestReports/Test Results_BankersDashBoard_011816_123131_IE10_Any Bank USA.xls
[INFO ][2016-01-18 12:31:31,763][com.java.ImportnExport.ExportTestResultsExcel] [  180] - Test Result file is created
[DEBUG][2016-01-18 12:31:31,870][com.java.SeleniumDriver] [  426] - Hub ip address is-------172.17.68.34
[INFO ][2016-01-18 12:31:31,871][com.java.SeleniumDriver] [  452] - Grid URL:http://172.17.68.34:4444/wd/hub
[INFO ][2016-01-18 12:31:31,871][com.java.SeleniumDriver] [  453] - Capability:Capabilities [{platform=ANY, ensureCleanSession=true, ignoreProtectedModeSettings=true, acceptSslCerts=true, ignoreZoomSetting=true, browserName=internet explorer, browserstack.ie.noFlash=true, version=null}]
[ERROR][2016-01-18 12:31:33,181][com.java.SeleniumDriver] [  498] - Unable invoke browser in grid:Could not start a new session. Possible causes are invalid address of the remote server or browser start-up failure.
Build info: version: '2.48.2', revision: '41bccdd', time: '2015-10-09 19:59:12'
System info: host: 'FVTIII438F1D', ip: '172.17.68.34', os.name: 'Windows 7', os.arch: 'x86', os.version: '6.1', java.version: '1.7.0_55'
Driver info: driver.version: SeleniumDriver
[INFO ][2016-01-18 12:31:33,182][com.java.SeleniumDriver] [  500] - Executing on local machine
[INFO ][2016-01-18 12:31:43,288][com.java.SeleniumDriver] [  248] - IE10is opened
[INFO ][2016-01-18 12:31:43,940][com.java.SeleniumDriver] [  756] - Test cases to be executed are: [1, 27]
[INFO ][2016-01-18 12:31:43,985][com.java.ImportnExport.ImportTestDataDetailsExcel] [   49] - test data details path===== D:\BankersDashboard\TestInputs\TestData.xls
[INFO ][2016-01-18 12:31:44,089][com.java.SeleniumDriver] [  856] - ------------------------------------------
[INFO ][2016-01-18 12:31:44,089][com.java.SeleniumDriver] [  857] - Test case being Executed: 1
[INFO ][2016-01-18 12:31:44,089][com.java.SeleniumDriver] [  869] - Test step:1
[INFO ][2016-01-18 12:31:44,089][com.java.SeleniumDriver] [  881] - Datavalue is----------Concept#1:1-16
[INFO ][2016-01-18 12:31:44,090][com.java.SeleniumDriver] [  905] - DataField : test
[INFO ][2016-01-18 12:31:44,090][com.java.SeleniumDriver] [  907] - DataValue : Concept#1:1-16
[INFO ][2016-01-18 12:31:44,090][com.java.SeleniumDriver] [  913] - <In Set values of the page>
[INFO ][2016-01-18 12:31:44,090][com.java.SeleniumDriver] [  916] - {Data Fields & Data Values Exist}
[INFO ][2016-01-18 12:31:44,090][com.java.SeleniumDriver] [  918] - --------------------------setting values-----------------------------
[INFO ][2016-01-18 12:31:44,090][com.java.SeleniumDriver] [  921] - Action Type : ExecuteTestCase
[INFO ][2016-01-18 12:31:44,109][com.java.TestType] [  437] - The Concept sheet name is ---------- Concept
[INFO ][2016-01-18 12:31:44,109][com.java.TestType] [  440] - The Concept ID  is ---------- 1
[DEBUG][2016-01-18 12:31:44,109][com.java.TestType] [  444] - Steps being executted in the Concept are: 1:16
[INFO ][2016-01-18 12:31:44,110][com.java.TestType] [  451] - Test data details path ---------- D:\BankersDashboard\TestInputs\TestData.xls
[INFO ][2016-01-18 12:31:44,147][com.java.TestType] [  482] -  str(1) = 1
[INFO ][2016-01-18 12:31:44,148][com.java.TestType] [  485] - Test case Id is---1
[INFO ][2016-01-18 12:31:44,148][com.java.TestType] [  487] - 1
[INFO ][2016-01-18 12:31:44,148][com.java.TestType] [  482] -  str(2) = 1
[INFO ][2016-01-18 12:31:44,152][com.java.TestType] [  482] -  str(1) = 1
[INFO ][2016-01-18 12:31:44,152][com.java.TestType] [  485] - Test case Id is---1
[INFO ][2016-01-18 12:31:44,152][com.java.TestType] [  487] - 1
[INFO ][2016-01-18 12:31:44,152][com.java.TestType] [  482] -  str(2) = 2
[INFO ][2016-01-18 12:31:44,154][com.java.TestType] [  482] -  str(1) = 1
[INFO ][2016-01-18 12:31:44,154][com.java.TestType] [  485] - Test case Id is---1
[INFO ][2016-01-18 12:31:44,154][com.java.TestType] [  487] - 1
[INFO ][2016-01-18 12:31:44,154][com.java.TestType] [  482] -  str(2) = 3
[INFO ][2016-01-18 12:31:44,155][com.java.TestType] [  482] -  str(1) = 1
[INFO ][2016-01-18 12:31:44,155][com.java.TestType] [  485] - Test case Id is---1
[INFO ][2016-01-18 12:31:44,155][com.java.TestType] [  487] - 1
[INFO ][2016-01-18 12:31:44,155][com.java.TestType] [  482] -  str(2) = 4
[INFO ][2016-01-18 12:31:44,157][com.java.TestType] [  482] -  str(1) = 1
[INFO ][2016-01-18 12:31:44,157][com.java.TestType] [  485] - Test case Id is---1
[INFO ][2016-01-18 12:31:44,157][com.java.TestType] [  487] - 1
[INFO ][2016-01-18 12:31:44,157][com.java.TestType] [  482] -  str(2) = 5
[INFO ][2016-01-18 12:31:44,158][com.java.TestType] [  482] -  str(1) = 1
[INFO ][2016-01-18 12:31:44,158][com.java.TestType] [  485] - Test case Id is---1
[INFO ][2016-01-18 12:31:44,158][com.java.TestType] [  487] - 1
[INFO ][2016-01-18 12:31:44,159][com.java.TestType] [  482] -  str(2) = 6
[INFO ][2016-01-18 12:31:44,161][com.java.TestType] [  482] -  str(1) = 1
[INFO ][2016-01-18 12:31:44,161][com.java.TestType] [  485] - Test case Id is---1
[INFO ][2016-01-18 12:31:44,161][com.java.TestType] [  487] - 1
[INFO ][2016-01-18 12:31:44,161][com.java.TestType] [  482] -  str(2) = 7
[INFO ][2016-01-18 12:31:44,162][com.java.TestType] [  482] -  str(1) = 1
[INFO ][2016-01-18 12:31:44,162][com.java.TestType] [  485] - Test case Id is---1
[INFO ][2016-01-18 12:31:44,162][com.java.TestType] [  487] - 1
[INFO ][2016-01-18 12:31:44,162][com.java.TestType] [  482] -  str(2) = 8
[INFO ][2016-01-18 12:31:44,163][com.java.TestType] [  482] -  str(1) = 1
[INFO ][2016-01-18 12:31:44,163][com.java.TestType] [  485] - Test case Id is---1
[INFO ][2016-01-18 12:31:44,163][com.java.TestType] [  487] - 1
[INFO ][2016-01-18 12:31:44,163][com.java.TestType] [  482] -  str(2) = 9
[INFO ][2016-01-18 12:31:44,164][com.java.TestType] [  482] -  str(1) = 1
[INFO ][2016-01-18 12:31:44,164][com.java.TestType] [  485] - Test case Id is---1
[INFO ][2016-01-18 12:31:44,164][com.java.TestType] [  487] - 1
[INFO ][2016-01-18 12:31:44,164][com.java.TestType] [  482] -  str(2) = 10
[INFO ][2016-01-18 12:31:44,165][com.java.TestType] [  482] -  str(1) = 1
[INFO ][2016-01-18 12:31:44,165][com.java.TestType] [  485] - Test case Id is---1
[INFO ][2016-01-18 12:31:44,165][com.java.TestType] [  487] - 1
[INFO ][2016-01-18 12:31:44,165][com.java.TestType] [  482] -  str(2) = 11
[INFO ][2016-01-18 12:31:44,166][com.java.TestType] [  482] -  str(1) = 1
[INFO ][2016-01-18 12:31:44,166][com.java.TestType] [  485] - Test case Id is---1
[INFO ][2016-01-18 12:31:44,166][com.java.TestType] [  487] - 1
[INFO ][2016-01-18 12:31:44,166][com.java.TestType] [  482] -  str(2) = 12
[INFO ][2016-01-18 12:31:44,167][com.java.TestType] [  482] -  str(1) = 1
[INFO ][2016-01-18 12:31:44,167][com.java.TestType] [  485] - Test case Id is---1
[INFO ][2016-01-18 12:31:44,167][com.java.TestType] [  487] - 1
[INFO ][2016-01-18 12:31:44,168][com.java.TestType] [  482] -  str(2) = 13
[INFO ][2016-01-18 12:31:44,168][com.java.TestType] [  482] -  str(1) = 1
[INFO ][2016-01-18 12:31:44,168][com.java.TestType] [  485] - Test case Id is---1
[INFO ][2016-01-18 12:31:44,169][com.java.TestType] [  487] - 1
[INFO ][2016-01-18 12:31:44,169][com.java.TestType] [  482] -  str(2) = 14
[INFO ][2016-01-18 12:31:44,170][com.java.TestType] [  482] -  str(1) = 1
[INFO ][2016-01-18 12:31:44,170][com.java.TestType] [  485] - Test case Id is---1
[INFO ][2016-01-18 12:31:44,170][com.java.TestType] [  487] - 1
[INFO ][2016-01-18 12:31:44,171][com.java.TestType] [  482] -  str(2) = 15
[INFO ][2016-01-18 12:31:44,171][com.java.TestType] [  482] -  str(1) = 1
[INFO ][2016-01-18 12:31:44,171][com.java.TestType] [  485] - Test case Id is---1
[INFO ][2016-01-18 12:31:44,171][com.java.TestType] [  487] - 1
[INFO ][2016-01-18 12:31:44,171][com.java.TestType] [  482] -  str(2) = 16
[INFO ][2016-01-18 12:31:44,172][com.java.TestType] [11314] - Looping 1TCID = 1
[DEBUG][2016-01-18 12:31:44,172][com.java.TestType] [11355] - Concept ID:1 :: Step being Executed: 1::1
[INFO ][2016-01-18 12:31:44,172][com.java.TestType] [11393] - dataFields : TXTusername
[DEBUG][2016-01-18 12:31:44,173][com.java.TestType] [11399] - <In Set values of the page>
[DEBUG][2016-01-18 12:31:44,173][com.java.TestType] [11404] - {Data Fields & Data Values Exist}
[INFO ][2016-01-18 12:31:44,173][com.java.TestType] [11410] - --------------------------setting values-----------------------------
[INFO ][2016-01-18 12:31:44,173][com.java.TestType] [11413] - Action Type : CLEARANDENTER
[INFO ][2016-01-18 12:31:46,563][com.java.TestType] [ 6140] - value = naresh.nayini.00000
[INFO ][2016-01-18 12:31:48,954][com.java.TestType] [11432] -  RESULT true
[INFO ][2016-01-18 12:31:48,954][com.java.TestType] [11549] - ?   P A S S   ?
[DEBUG][2016-01-18 12:31:48,954][com.java.TestType] [11355] - Concept ID:1 :: Step being Executed: 1::2
[INFO ][2016-01-18 12:31:48,955][com.java.TestType] [11393] - dataFields : TXTpassword
[DEBUG][2016-01-18 12:31:48,955][com.java.TestType] [11399] - <In Set values of the page>
[DEBUG][2016-01-18 12:31:48,955][com.java.TestType] [11404] - {Data Fields & Data Values Exist}
[INFO ][2016-01-18 12:31:48,955][com.java.TestType] [11410] - --------------------------setting values-----------------------------
[INFO ][2016-01-18 12:31:48,955][com.java.TestType] [11413] - Action Type : CLEARANDENTER
[INFO ][2016-01-18 12:31:51,213][com.java.TestType] [ 6140] - value = Password1*
[INFO ][2016-01-18 12:31:53,736][com.java.TestType] [11432] -  RESULT true
[INFO ][2016-01-18 12:31:53,736][com.java.TestType] [11549] - ?   P A S S   ?
[DEBUG][2016-01-18 12:31:53,736][com.java.TestType] [11355] - Concept ID:1 :: Step being Executed: 1::3
[ERROR][2016-01-18 12:31:53,736][com.java.TestType] [11388] - Exception: null
[INFO ][2016-01-18 12:31:53,736][com.java.TestType] [11393] - dataFields : XPH//button[@type='submit']
[DEBUG][2016-01-18 12:31:53,736][com.java.TestType] [11399] - <In Set values of the page>
[DEBUG][2016-01-18 12:31:53,737][com.java.TestType] [11404] - {Data Fields & Data Values Exist}
[INFO ][2016-01-18 12:31:53,737][com.java.TestType] [11410] - --------------------------setting values-----------------------------
[INFO ][2016-01-18 12:31:53,737][com.java.TestType] [11413] - Action Type : Click
[INFO ][2016-01-18 12:31:53,737][com.java.TestType] [ 6519] - Field ::XPH//button[@type='submit']
[INFO ][2016-01-18 12:31:53,737][com.java.TestType] [ 6140] - value = 
[INFO ][2016-01-18 12:31:54,737][com.java.TestType] [ 6656] - BEFORE CLICK
[INFO ][2016-01-18 12:31:57,890][com.java.TestType] [ 6664] - Unable to click the object Login
[INFO ][2016-01-18 12:31:57,890][com.java.TestType] [11432] -  RESULT true
[INFO ][2016-01-18 12:31:57,890][com.java.TestType] [11549] - ?   P A S S   ?
[DEBUG][2016-01-18 12:31:57,890][com.java.TestType] [11355] - Concept ID:1 :: Step being Executed: 1::4
[INFO ][2016-01-18 12:31:57,890][com.java.TestType] [11393] - dataFields : LNKLogout
[DEBUG][2016-01-18 12:31:57,890][com.java.TestType] [11399] - <In Set values of the page>
[DEBUG][2016-01-18 12:31:57,890][com.java.TestType] [11404] - {Data Fields & Data Values Exist}
[INFO ][2016-01-18 12:31:57,890][com.java.TestType] [11410] - --------------------------setting values-----------------------------
[INFO ][2016-01-18 12:31:57,891][com.java.TestType] [11413] - Action Type : WaitForElement
[INFO ][2016-01-18 12:31:57,928][com.java.TestType] [11432] -  RESULT true
[INFO ][2016-01-18 12:31:57,929][com.java.TestType] [11549] - ?   P A S S   ?
[DEBUG][2016-01-18 12:31:57,929][com.java.TestType] [11355] - Concept ID:1 :: Step being Executed: 1::15
[INFO ][2016-01-18 12:31:57,929][com.java.TestType] [11393] - dataFields : LNK
[DEBUG][2016-01-18 12:31:57,929][com.java.TestType] [11399] - <In Set values of the page>
[DEBUG][2016-01-18 12:31:57,929][com.java.TestType] [11404] - {Data Fields & Data Values Exist}
[INFO ][2016-01-18 12:31:57,929][com.java.TestType] [11410] - --------------------------setting values-----------------------------
[INFO ][2016-01-18 12:31:57,929][com.java.TestType] [11413] - Action Type : Verify
[INFO ][2016-01-18 12:31:57,929][com.java.TestType] [ 7647] - field= LNK value= Logout
[INFO ][2016-01-18 12:31:57,932][com.java.TestType] [ 6140] - value = Logout
[INFO ][2016-01-18 12:31:57,969][com.java.TestType] [11432] -  RESULT true
[INFO ][2016-01-18 12:31:57,969][com.java.TestType] [11549] - ?   P A S S   ?
[DEBUG][2016-01-18 12:31:57,970][com.java.TestType] [11355] - Concept ID:1 :: Step being Executed: 1::16
[INFO ][2016-01-18 12:31:57,970][com.java.TestType] [11393] - dataFields : BTN
[DEBUG][2016-01-18 12:31:57,970][com.java.TestType] [11399] - <In Set values of the page>
[DEBUG][2016-01-18 12:31:57,970][com.java.TestType] [11404] - {Data Fields & Data Values Exist}
[INFO ][2016-01-18 12:31:57,970][com.java.TestType] [11410] - --------------------------setting values-----------------------------
[INFO ][2016-01-18 12:31:57,970][com.java.TestType] [11413] - Action Type : Verify
[INFO ][2016-01-18 12:31:57,970][com.java.TestType] [ 7647] - field= BTN value= //img[contains(@src,'bdlogo.jpg')]
[INFO ][2016-01-18 12:31:57,970][com.java.TestType] [ 6140] - value = //img[contains(@src,'bdlogo.jpg')]
[INFO ][2016-01-18 12:31:58,034][com.java.TestType] [11432] -  RESULT true
[INFO ][2016-01-18 12:31:58,034][com.java.TestType] [11549] - ?   P A S S   ?
[INFO ][2016-01-18 12:31:58,034][com.java.TestType] [11620] - Looping End......
[INFO ][2016-01-18 12:31:58,039][com.java.SeleniumDriver] [  930] -  RESULT true
[INFO ][2016-01-18 12:31:58,039][com.java.SeleniumDriver] [ 1136] - ?   P A S S   ?
[INFO ][2016-01-18 12:31:58,039][com.java.SeleniumDriver] [  856] - ------------------------------------------
[INFO ][2016-01-18 12:31:58,039][com.java.SeleniumDriver] [  857] - Test case being Executed: 1
[INFO ][2016-01-18 12:31:58,041][com.java.SeleniumDriver] [  869] - Test step:2
[INFO ][2016-01-18 12:31:58,041][com.java.SeleniumDriver] [  881] - Datavalue is----------Concept#2:1-2
[INFO ][2016-01-18 12:31:58,041][com.java.SeleniumDriver] [  905] - DataField : test
[INFO ][2016-01-18 12:31:58,041][com.java.SeleniumDriver] [  907] - DataValue : Concept#2:1-2
[INFO ][2016-01-18 12:31:58,041][com.java.SeleniumDriver] [  913] - <In Set values of the page>
[INFO ][2016-01-18 12:31:58,041][com.java.SeleniumDriver] [  916] - {Data Fields & Data Values Exist}
[INFO ][2016-01-18 12:31:58,041][com.java.SeleniumDriver] [  918] - --------------------------setting values-----------------------------
[INFO ][2016-01-18 12:31:58,041][com.java.SeleniumDriver] [  921] - Action Type : ExecuteTestCase
[INFO ][2016-01-18 12:31:58,042][com.java.TestType] [  437] - The Concept sheet name is ---------- Concept
[INFO ][2016-01-18 12:31:58,042][com.java.TestType] [  440] - The Concept ID  is ---------- 2
[DEBUG][2016-01-18 12:31:58,042][com.java.TestType] [  444] - Steps being executted in the Concept are: 1:2
[INFO ][2016-01-18 12:31:58,042][com.java.TestType] [  451] - Test data details path ---------- D:\BankersDashboard\TestInputs\TestData.xls
[INFO ][2016-01-18 12:31:58,076][com.java.TestType] [  482] -  str(1) = 2
[INFO ][2016-01-18 12:31:58,076][com.java.TestType] [  485] - Test case Id is---2
[INFO ][2016-01-18 12:31:58,076][com.java.TestType] [  487] - 2
[INFO ][2016-01-18 12:31:58,076][com.java.TestType] [  482] -  str(2) = 1
[INFO ][2016-01-18 12:31:58,079][com.java.TestType] [  482] -  str(1) = 2
[INFO ][2016-01-18 12:31:58,079][com.java.TestType] [  485] - Test case Id is---2
[INFO ][2016-01-18 12:31:58,079][com.java.TestType] [  487] - 2
[INFO ][2016-01-18 12:31:58,079][com.java.TestType] [  482] -  str(2) = 2
[INFO ][2016-01-18 12:31:58,080][com.java.TestType] [  482] -  str(1) = 2
[INFO ][2016-01-18 12:31:58,080][com.java.TestType] [  485] - Test case Id is---2
[INFO ][2016-01-18 12:31:58,080][com.java.TestType] [  487] - 2
[INFO ][2016-01-18 12:31:58,080][com.java.TestType] [  482] -  str(2) = 3
[INFO ][2016-01-18 12:31:58,081][com.java.TestType] [11314] - Looping 1TCID = 2
[DEBUG][2016-01-18 12:31:58,081][com.java.TestType] [11355] - Concept ID:2 :: Step being Executed: 2::1
[INFO ][2016-01-18 12:31:58,081][com.java.TestType] [11393] - dataFields : BNK//select[@id='bank']
[DEBUG][2016-01-18 12:31:58,081][com.java.TestType] [11399] - <In Set values of the page>
[DEBUG][2016-01-18 12:31:58,081][com.java.TestType] [11404] - {Data Fields & Data Values Exist}
[INFO ][2016-01-18 12:31:58,081][com.java.TestType] [11410] - --------------------------setting values-----------------------------
[INFO ][2016-01-18 12:31:58,081][com.java.TestType] [11413] - Action Type : Select
[INFO ][2016-01-18 12:31:58,081][com.java.TestType] [ 6140] - value = PFC
[INFO ][2016-01-18 12:31:58,354][com.java.TestType] [11432] -  RESULT true
[INFO ][2016-01-18 12:31:58,354][com.java.TestType] [11549] - ?   P A S S   ?
[DEBUG][2016-01-18 12:31:58,354][com.java.TestType] [11355] - Concept ID:2 :: Step being Executed: 2::2
[INFO ][2016-01-18 12:31:58,354][com.java.TestType] [11393] - dataFields : LNKLogout
[DEBUG][2016-01-18 12:31:58,354][com.java.TestType] [11399] - <In Set values of the page>
[DEBUG][2016-01-18 12:31:58,354][com.java.TestType] [11404] - {Data Fields & Data Values Exist}
[INFO ][2016-01-18 12:31:58,354][com.java.TestType] [11410] - --------------------------setting values-----------------------------
[INFO ][2016-01-18 12:31:58,354][com.java.TestType] [11413] - Action Type : WaitTime
[DEBUG][2016-01-18 12:31:58,355][com.java.TestType] [ 5954] - sleepTime: 5000
[INFO ][2016-01-18 12:32:03,356][com.java.TestType] [11432] -  RESULT true
[INFO ][2016-01-18 12:32:03,356][com.java.TestType] [11549] - ?   P A S S   ?
[INFO ][2016-01-18 12:32:03,356][com.java.TestType] [11620] - Looping End......
[INFO ][2016-01-18 12:32:03,360][com.java.SeleniumDriver] [  930] -  RESULT true
[INFO ][2016-01-18 12:32:03,360][com.java.SeleniumDriver] [ 1136] - ?   P A S S   ?
[INFO ][2016-01-18 12:32:03,361][com.java.SeleniumDriver] [  856] - ------------------------------------------
[INFO ][2016-01-18 12:32:03,361][com.java.SeleniumDriver] [  857] - Test case being Executed: 1
[INFO ][2016-01-18 12:32:03,361][com.java.SeleniumDriver] [  869] - Test step:3
[INFO ][2016-01-18 12:32:03,361][com.java.SeleniumDriver] [  881] - Datavalue is----------2
[INFO ][2016-01-18 12:32:03,361][com.java.SeleniumDriver] [  905] - DataField : XPH//button[contains(text(),'Add Content')]
[INFO ][2016-01-18 12:32:03,361][com.java.SeleniumDriver] [  907] - DataValue : 2
[INFO ][2016-01-18 12:32:03,361][com.java.SeleniumDriver] [  913] - <In Set values of the page>
[INFO ][2016-01-18 12:32:03,361][com.java.SeleniumDriver] [  916] - {Data Fields & Data Values Exist}
[INFO ][2016-01-18 12:32:03,361][com.java.SeleniumDriver] [  918] - --------------------------setting values-----------------------------
[INFO ][2016-01-18 12:32:03,361][com.java.SeleniumDriver] [  921] - Action Type : WAITFORELEMENT
[INFO ][2016-01-18 12:32:03,399][com.java.SeleniumDriver] [  930] -  RESULT true
[INFO ][2016-01-18 12:32:03,399][com.java.SeleniumDriver] [ 1136] - ?   P A S S   ?
[DEBUG][2016-01-18 12:32:03,399][com.java.SeleniumDriver] [ 1248] - Case found
[DEBUG][2016-01-18 12:32:03,399][com.java.SeleniumDriver] [ 1253] - Incrementing ReportCounters[0]:1
[INFO ][2016-01-18 12:32:03,399][com.java.SeleniumDriver] [ 1272] - The results are-------------------[1, 1, Valid Login, Pass, , Mon Jan 18 12:31:58 IST 2016, 1, 2, Valid Login, Pass, , Mon Jan 18 12:32:03 IST 2016, 1, 3, Valid Login, Pass, , Mon Jan 18 12:32:03 IST 2016]
[INFO ][2016-01-18 12:32:03,399][com.java.SeleniumDriver] [ 1276] - End time is-------33 sec
[INFO ][2016-01-18 12:32:03,399][com.java.SeleniumDriver] [ 1277] - The results are-------------------[1, 1, Valid Login, Pass, , Mon Jan 18 12:31:58 IST 2016, 1, 2, Valid Login, Pass, , Mon Jan 18 12:32:03 IST 2016, 1, 3, Valid Login, Pass, , Mon Jan 18 12:32:03 IST 2016]
[DEBUG][2016-01-18 12:32:03,399][com.java.ImportnExport.ExportTestResultsExcel] [  222] - testResultPath = D:\BankersDashboard/TestReports/Test Results_BankersDashBoard_011816_123131_IE10_Any Bank USA.xls
[DEBUG][2016-01-18 12:32:03,399][com.java.ImportnExport.ExportTestResultsExcel] [  223] - browser is------------IE10
[DEBUG][2016-01-18 12:32:03,446][com.java.ImportnExport.ExportTestResultsExcel] [  270] - result.size() = 18
[DEBUG][2016-01-18 12:32:03,447][com.java.ImportnExport.ExportTestResultsExcel] [  274] - No of rows in sheet=1
[DEBUG][2016-01-18 12:32:03,447][com.java.ImportnExport.ExportTestResultsExcel] [  301] - ..in export..1
[DEBUG][2016-01-18 12:32:03,447][com.java.ImportnExport.ExportTestResultsExcel] [  301] - ..in export..Valid Login
[DEBUG][2016-01-18 12:32:03,447][com.java.ImportnExport.ExportTestResultsExcel] [  301] - ..in export..Pass
[DEBUG][2016-01-18 12:32:03,447][com.java.ImportnExport.ExportTestResultsExcel] [  301] - ..in export..
[DEBUG][2016-01-18 12:32:03,447][com.java.ImportnExport.ExportTestResultsExcel] [  301] - ..in export..Mon Jan 18 12:31:58 IST 2016
[INFO ][2016-01-18 12:32:03,449][com.java.SeleniumDriver] [ 1337] - out loop:0 size:2 TestCases:[1, 27] testcases:[1, 27]
[INFO ][2016-01-18 12:32:03,449][com.java.ImportnExport.ImportTestDataDetailsExcel] [   49] - test data details path===== D:\BankersDashboard\TestInputs\TestData.xls
[INFO ][2016-01-18 12:32:18,701][com.java.SeleniumDriver] [  856] - ------------------------------------------
[INFO ][2016-01-18 12:32:18,701][com.java.SeleniumDriver] [  857] - Test case being Executed: 27
[INFO ][2016-01-18 12:32:18,701][com.java.SeleniumDriver] [  869] - Test step:1
[INFO ][2016-01-18 12:32:18,701][com.java.SeleniumDriver] [  881] - Datavalue is----------Logout
[INFO ][2016-01-18 12:32:18,701][com.java.SeleniumDriver] [  905] - DataField : BTN
[INFO ][2016-01-18 12:32:18,701][com.java.SeleniumDriver] [  907] - DataValue : Logout
[INFO ][2016-01-18 12:32:18,701][com.java.SeleniumDriver] [  913] - <In Set values of the page>
[INFO ][2016-01-18 12:32:18,701][com.java.SeleniumDriver] [  916] - {Data Fields & Data Values Exist}
[INFO ][2016-01-18 12:32:18,701][com.java.SeleniumDriver] [  918] - --------------------------setting values-----------------------------
[INFO ][2016-01-18 12:32:18,701][com.java.SeleniumDriver] [  921] - Action Type : Verify
[INFO ][2016-01-18 12:32:18,701][com.java.TestType] [ 7647] - field= BTN value= Logout
[INFO ][2016-01-18 12:32:18,702][com.java.TestType] [ 6140] - value = Logout
[INFO ][2016-01-18 12:32:18,774][com.java.SeleniumDriver] [  930] -  RESULT true
[INFO ][2016-01-18 12:32:18,774][com.java.SeleniumDriver] [ 1136] - ?   P A S S   ?
[INFO ][2016-01-18 12:32:18,774][com.java.SeleniumDriver] [ 1178] - step change to 3
[INFO ][2016-01-18 12:32:18,774][com.java.SeleniumDriver] [  856] - ------------------------------------------
[INFO ][2016-01-18 12:32:18,774][com.java.SeleniumDriver] [  857] - Test case being Executed: 27
[INFO ][2016-01-18 12:32:18,774][com.java.SeleniumDriver] [  869] - Test step:3
[INFO ][2016-01-18 12:32:18,774][com.java.SeleniumDriver] [  881] - Datavalue is----------Concept#2:1-2
[INFO ][2016-01-18 12:32:18,775][com.java.SeleniumDriver] [  905] - DataField : test
[INFO ][2016-01-18 12:32:18,775][com.java.SeleniumDriver] [  907] - DataValue : Concept#2:1-2
[INFO ][2016-01-18 12:32:18,775][com.java.SeleniumDriver] [  913] - <In Set values of the page>
[INFO ][2016-01-18 12:32:18,775][com.java.SeleniumDriver] [  916] - {Data Fields & Data Values Exist}
[INFO ][2016-01-18 12:32:18,775][com.java.SeleniumDriver] [  918] - --------------------------setting values-----------------------------
[INFO ][2016-01-18 12:32:18,775][com.java.SeleniumDriver] [  921] - Action Type : ExecuteTestCase
[INFO ][2016-01-18 12:32:18,775][com.java.TestType] [  437] - The Concept sheet name is ---------- Concept
[INFO ][2016-01-18 12:32:18,775][com.java.TestType] [  440] - The Concept ID  is ---------- 2
[DEBUG][2016-01-18 12:32:18,775][com.java.TestType] [  444] - Steps being executted in the Concept are: 1:2
[INFO ][2016-01-18 12:32:18,775][com.java.TestType] [  451] - Test data details path ---------- D:\BankersDashboard\TestInputs\TestData.xls
[INFO ][2016-01-18 12:32:18,810][com.java.TestType] [  482] -  str(1) = 2
[INFO ][2016-01-18 12:32:18,811][com.java.TestType] [  485] - Test case Id is---2
[INFO ][2016-01-18 12:32:18,811][com.java.TestType] [  487] - 2
[INFO ][2016-01-18 12:32:18,811][com.java.TestType] [  482] -  str(2) = 1
[INFO ][2016-01-18 12:32:18,812][com.java.TestType] [  482] -  str(1) = 2
[INFO ][2016-01-18 12:32:18,812][com.java.TestType] [  485] - Test case Id is---2
[INFO ][2016-01-18 12:32:18,812][com.java.TestType] [  487] - 2
[INFO ][2016-01-18 12:32:18,812][com.java.TestType] [  482] -  str(2) = 2
[INFO ][2016-01-18 12:32:18,813][com.java.TestType] [  482] -  str(1) = 2
[INFO ][2016-01-18 12:32:18,813][com.java.TestType] [  485] - Test case Id is---2
[INFO ][2016-01-18 12:32:18,813][com.java.TestType] [  487] - 2
[INFO ][2016-01-18 12:32:18,813][com.java.TestType] [  482] -  str(2) = 3
[INFO ][2016-01-18 12:32:18,814][com.java.TestType] [11314] - Looping 1TCID = 2
[DEBUG][2016-01-18 12:32:18,814][com.java.TestType] [11355] - Concept ID:2 :: Step being Executed: 2::1
[INFO ][2016-01-18 12:32:18,814][com.java.TestType] [11393] - dataFields : BNK//select[@id='bank']
[DEBUG][2016-01-18 12:32:18,814][com.java.TestType] [11399] - <In Set values of the page>
[DEBUG][2016-01-18 12:32:18,814][com.java.TestType] [11404] - {Data Fields & Data Values Exist}
[INFO ][2016-01-18 12:32:18,814][com.java.TestType] [11410] - --------------------------setting values-----------------------------
[INFO ][2016-01-18 12:32:18,814][com.java.TestType] [11413] - Action Type : Select
[INFO ][2016-01-18 12:32:18,814][com.java.TestType] [ 6140] - value = PFC
[INFO ][2016-01-18 12:32:18,993][com.java.TestType] [11432] -  RESULT true
[INFO ][2016-01-18 12:32:18,993][com.java.TestType] [11549] - ?   P A S S   ?
[DEBUG][2016-01-18 12:32:18,993][com.java.TestType] [11355] - Concept ID:2 :: Step being Executed: 2::2
[INFO ][2016-01-18 12:32:18,993][com.java.TestType] [11393] - dataFields : LNKLogout
[DEBUG][2016-01-18 12:32:18,993][com.java.TestType] [11399] - <In Set values of the page>
[DEBUG][2016-01-18 12:32:18,993][com.java.TestType] [11404] - {Data Fields & Data Values Exist}
[INFO ][2016-01-18 12:32:18,993][com.java.TestType] [11410] - --------------------------setting values-----------------------------
[INFO ][2016-01-18 12:32:18,994][com.java.TestType] [11413] - Action Type : WaitTime
[DEBUG][2016-01-18 12:32:18,994][com.java.TestType] [ 5954] - sleepTime: 5000
[INFO ][2016-01-18 12:32:23,994][com.java.TestType] [11432] -  RESULT true
[INFO ][2016-01-18 12:32:23,994][com.java.TestType] [11549] - ?   P A S S   ?
[INFO ][2016-01-18 12:32:23,994][com.java.TestType] [11620] - Looping End......
[INFO ][2016-01-18 12:32:23,998][com.java.SeleniumDriver] [  930] -  RESULT true
[INFO ][2016-01-18 12:32:23,998][com.java.SeleniumDriver] [ 1136] - ?   P A S S   ?
[INFO ][2016-01-18 12:32:23,998][com.java.SeleniumDriver] [  856] - ------------------------------------------
[INFO ][2016-01-18 12:32:23,998][com.java.SeleniumDriver] [  857] - Test case being Executed: 27
[INFO ][2016-01-18 12:32:23,998][com.java.SeleniumDriver] [  869] - Test step:4
[INFO ][2016-01-18 12:32:23,998][com.java.SeleniumDriver] [  881] - Datavalue is----------null
[DEBUG][2016-01-18 12:32:23,998][com.java.SeleniumDriver] [  899] - Exception: null
[INFO ][2016-01-18 12:32:23,998][com.java.SeleniumDriver] [  905] - DataField : //span[@class='icon-user4']&&//a[text()='G/L Mapping']&&//a[@data-id="AcctMapping"]
[INFO ][2016-01-18 12:32:23,999][com.java.SeleniumDriver] [  907] - DataValue : 
[INFO ][2016-01-18 12:32:23,999][com.java.SeleniumDriver] [  913] - <In Set values of the page>
[INFO ][2016-01-18 12:32:23,999][com.java.SeleniumDriver] [  916] - {Data Fields & Data Values Exist}
[INFO ][2016-01-18 12:32:23,999][com.java.SeleniumDriver] [  918] - --------------------------setting values-----------------------------
[INFO ][2016-01-18 12:32:23,999][com.java.SeleniumDriver] [  921] - Action Type : MOUSEOVER
[INFO ][2016-01-18 12:32:50,744][com.java.SeleniumDriver] [  930] -  RESULT true
[INFO ][2016-01-18 12:32:50,744][com.java.SeleniumDriver] [ 1136] - ?   P A S S   ?
[INFO ][2016-01-18 12:32:50,744][com.java.SeleniumDriver] [  856] - ------------------------------------------
[INFO ][2016-01-18 12:32:50,744][com.java.SeleniumDriver] [  857] - Test case being Executed: 27
[INFO ][2016-01-18 12:32:50,744][com.java.SeleniumDriver] [  869] - Test step:5
[INFO ][2016-01-18 12:32:50,744][com.java.SeleniumDriver] [  881] - Datavalue is----------Assets
[INFO ][2016-01-18 12:32:50,744][com.java.SeleniumDriver] [  905] - DataField : XPH//span[@id="glMappingTabAssets"]
[INFO ][2016-01-18 12:32:50,744][com.java.SeleniumDriver] [  907] - DataValue : Assets
[INFO ][2016-01-18 12:32:50,744][com.java.SeleniumDriver] [  913] - <In Set values of the page>
[INFO ][2016-01-18 12:32:50,745][com.java.SeleniumDriver] [  916] - {Data Fields & Data Values Exist}
[INFO ][2016-01-18 12:32:50,745][com.java.SeleniumDriver] [  918] - --------------------------setting values-----------------------------
[INFO ][2016-01-18 12:32:50,745][com.java.SeleniumDriver] [  921] - Action Type : VERIFY
[INFO ][2016-01-18 12:32:50,745][com.java.TestType] [ 7647] - field= XPH//span[@id="glMappingTabAssets"] value= Assets
[INFO ][2016-01-18 12:32:50,745][com.java.TestType] [ 6140] - value = Assets
[INFO ][2016-01-18 12:32:50,862][com.java.SeleniumDriver] [  930] -  RESULT true
[INFO ][2016-01-18 12:32:50,863][com.java.SeleniumDriver] [ 1136] - ?   P A S S   ?
[INFO ][2016-01-18 12:32:50,863][com.java.SeleniumDriver] [  856] - ------------------------------------------
[INFO ][2016-01-18 12:32:50,863][com.java.SeleniumDriver] [  857] - Test case being Executed: 27
[INFO ][2016-01-18 12:32:50,863][com.java.SeleniumDriver] [  869] - Test step:6
[INFO ][2016-01-18 12:32:50,863][com.java.SeleniumDriver] [  881] - Datavalue is----------null
[DEBUG][2016-01-18 12:32:50,863][com.java.SeleniumDriver] [  899] - Exception: null
[INFO ][2016-01-18 12:32:50,863][com.java.SeleniumDriver] [  905] - DataField : HDN//div[@id='divGLMappingAccounts']/table/tbody/tr[1]/td[1]/a
[INFO ][2016-01-18 12:32:50,863][com.java.SeleniumDriver] [  907] - DataValue : 
[INFO ][2016-01-18 12:32:50,863][com.java.SeleniumDriver] [  913] - <In Set values of the page>
[INFO ][2016-01-18 12:32:50,863][com.java.SeleniumDriver] [  916] - {Data Fields & Data Values Exist}
[INFO ][2016-01-18 12:32:50,863][com.java.SeleniumDriver] [  918] - --------------------------setting values-----------------------------
[INFO ][2016-01-18 12:32:50,863][com.java.SeleniumDriver] [  921] - Action Type : CLICK
[INFO ][2016-01-18 12:32:50,863][com.java.TestType] [ 6519] - Field ::HDN//div[@id='divGLMappingAccounts']/table/tbody/tr[1]/td[1]/a
[INFO ][2016-01-18 12:32:50,864][com.java.TestType] [ 6140] - value = 
[INFO ][2016-01-18 12:32:52,019][com.java.SeleniumDriver] [  930] -  RESULT true
[INFO ][2016-01-18 12:32:52,019][com.java.SeleniumDriver] [ 1136] - ?   P A S S   ?
[INFO ][2016-01-18 12:32:52,019][com.java.SeleniumDriver] [  856] - ------------------------------------------
[INFO ][2016-01-18 12:32:52,019][com.java.SeleniumDriver] [  857] - Test case being Executed: 27
[INFO ][2016-01-18 12:32:52,019][com.java.SeleniumDriver] [  869] - Test step:7
[INFO ][2016-01-18 12:32:52,019][com.java.SeleniumDriver] [  881] - Datavalue is----------5
[INFO ][2016-01-18 12:32:52,019][com.java.SeleniumDriver] [  905] - DataField : XPH//div[@id='divDialogLoading']//img 
[INFO ][2016-01-18 12:32:52,019][com.java.SeleniumDriver] [  907] - DataValue : 5
[INFO ][2016-01-18 12:32:52,020][com.java.SeleniumDriver] [  913] - <In Set values of the page>
[INFO ][2016-01-18 12:32:52,020][com.java.SeleniumDriver] [  916] - {Data Fields & Data Values Exist}
[INFO ][2016-01-18 12:32:52,020][com.java.SeleniumDriver] [  918] - --------------------------setting values-----------------------------
[INFO ][2016-01-18 12:32:52,020][com.java.SeleniumDriver] [  921] - Action Type : WAITFORELEMENT
[INFO ][2016-01-18 12:32:52,054][com.java.SeleniumDriver] [  930] -  RESULT true
[INFO ][2016-01-18 12:32:52,054][com.java.SeleniumDriver] [ 1136] - ?   P A S S   ?
[INFO ][2016-01-18 12:32:52,054][com.java.SeleniumDriver] [  856] - ------------------------------------------
[INFO ][2016-01-18 12:32:52,056][com.java.SeleniumDriver] [  857] - Test case being Executed: 27
[INFO ][2016-01-18 12:32:52,056][com.java.SeleniumDriver] [  869] - Test step:8
[INFO ][2016-01-18 12:32:52,056][com.java.SeleniumDriver] [  881] - Datavalue is----------90
[INFO ][2016-01-18 12:32:52,056][com.java.SeleniumDriver] [  905] - DataField : XPH//div[@id='divDialogLoading']//img 
[INFO ][2016-01-18 12:32:52,056][com.java.SeleniumDriver] [  907] - DataValue : 90
[INFO ][2016-01-18 12:32:52,056][com.java.SeleniumDriver] [  913] - <In Set values of the page>
[INFO ][2016-01-18 12:32:52,056][com.java.SeleniumDriver] [  916] - {Data Fields & Data Values Exist}
[INFO ][2016-01-18 12:32:52,056][com.java.SeleniumDriver] [  918] - --------------------------setting values-----------------------------
[INFO ][2016-01-18 12:32:52,056][com.java.SeleniumDriver] [  921] - Action Type : WAITFORELEMENTNOTPRESENT
[INFO ][2016-01-18 12:32:54,431][com.java.SeleniumDriver] [  930] -  RESULT true
[INFO ][2016-01-18 12:32:54,431][com.java.SeleniumDriver] [ 1136] - ?   P A S S   ?
[INFO ][2016-01-18 12:32:54,431][com.java.SeleniumDriver] [  856] - ------------------------------------------
[INFO ][2016-01-18 12:32:54,431][com.java.SeleniumDriver] [  857] - Test case being Executed: 27
[INFO ][2016-01-18 12:32:54,431][com.java.SeleniumDriver] [  869] - Test step:9
[INFO ][2016-01-18 12:32:54,431][com.java.SeleniumDriver] [  881] - Datavalue is----------GL Account Mapping
[INFO ][2016-01-18 12:32:54,431][com.java.SeleniumDriver] [  905] - DataField : XPH//span[contains(text(),'GL Account Mapping')]
[INFO ][2016-01-18 12:32:54,431][com.java.SeleniumDriver] [  907] - DataValue : GL Account Mapping
[INFO ][2016-01-18 12:32:54,431][com.java.SeleniumDriver] [  913] - <In Set values of the page>
[INFO ][2016-01-18 12:32:54,432][com.java.SeleniumDriver] [  916] - {Data Fields & Data Values Exist}
[INFO ][2016-01-18 12:32:54,432][com.java.SeleniumDriver] [  918] - --------------------------setting values-----------------------------
[INFO ][2016-01-18 12:32:54,432][com.java.SeleniumDriver] [  921] - Action Type : VERIFY
[INFO ][2016-01-18 12:32:54,432][com.java.TestType] [ 7647] - field= XPH//span[contains(text(),'GL Account Mapping')] value= GL Account Mapping
[INFO ][2016-01-18 12:32:54,432][com.java.TestType] [ 6140] - value = GL Account Mapping
[INFO ][2016-01-18 12:32:54,525][com.java.SeleniumDriver] [  930] -  RESULT true
[INFO ][2016-01-18 12:32:54,525][com.java.SeleniumDriver] [ 1136] - ?   P A S S   ?
[INFO ][2016-01-18 12:32:54,525][com.java.SeleniumDriver] [  856] - ------------------------------------------
[INFO ][2016-01-18 12:32:54,525][com.java.SeleniumDriver] [  857] - Test case being Executed: 27
[INFO ][2016-01-18 12:32:54,525][com.java.SeleniumDriver] [  869] - Test step:10
[INFO ][2016-01-18 12:32:54,525][com.java.SeleniumDriver] [  881] - Datavalue is----------null
[DEBUG][2016-01-18 12:32:54,525][com.java.SeleniumDriver] [  899] - Exception: null
[INFO ][2016-01-18 12:32:54,525][com.java.SeleniumDriver] [  905] - DataField : BTNframeDialogContent
[INFO ][2016-01-18 12:32:54,526][com.java.SeleniumDriver] [  907] - DataValue : 
[INFO ][2016-01-18 12:32:54,526][com.java.SeleniumDriver] [  913] - <In Set values of the page>
[INFO ][2016-01-18 12:32:54,526][com.java.SeleniumDriver] [  916] - {Data Fields & Data Values Exist}
[INFO ][2016-01-18 12:32:54,526][com.java.SeleniumDriver] [  918] - --------------------------setting values-----------------------------
[INFO ][2016-01-18 12:32:54,526][com.java.SeleniumDriver] [  921] - Action Type : SELECTFRAME
[INFO ][2016-01-18 12:32:56,680][com.java.SeleniumDriver] [  930] -  RESULT true
[INFO ][2016-01-18 12:32:56,680][com.java.SeleniumDriver] [ 1136] - ?   P A S S   ?
[INFO ][2016-01-18 12:32:56,680][com.java.SeleniumDriver] [  856] - ------------------------------------------
[INFO ][2016-01-18 12:32:56,680][com.java.SeleniumDriver] [  857] - Test case being Executed: 27
[INFO ][2016-01-18 12:32:56,680][com.java.SeleniumDriver] [  869] - Test step:11
[INFO ][2016-01-18 12:32:56,680][com.java.SeleniumDriver] [  881] - Datavalue is----------Assets
[INFO ][2016-01-18 12:32:56,680][com.java.SeleniumDriver] [  905] - DataField : XPH//ul[@class="dynatree-container"]/li[1]/span/a
[INFO ][2016-01-18 12:32:56,680][com.java.SeleniumDriver] [  907] - DataValue : Assets
[INFO ][2016-01-18 12:32:56,680][com.java.SeleniumDriver] [  913] - <In Set values of the page>
[INFO ][2016-01-18 12:32:56,680][com.java.SeleniumDriver] [  916] - {Data Fields & Data Values Exist}
[INFO ][2016-01-18 12:32:56,680][com.java.SeleniumDriver] [  918] - --------------------------setting values-----------------------------
[INFO ][2016-01-18 12:32:56,680][com.java.SeleniumDriver] [  921] - Action Type : VERIFY
[INFO ][2016-01-18 12:32:56,681][com.java.TestType] [ 7647] - field= XPH//ul[@class="dynatree-container"]/li[1]/span/a value= Assets
[INFO ][2016-01-18 12:32:56,681][com.java.TestType] [ 6140] - value = Assets
[INFO ][2016-01-18 12:32:56,744][com.java.SeleniumDriver] [  930] -  RESULT true
[INFO ][2016-01-18 12:32:56,744][com.java.SeleniumDriver] [ 1136] - ?   P A S S   ?
[INFO ][2016-01-18 12:32:56,744][com.java.SeleniumDriver] [  856] - ------------------------------------------
[INFO ][2016-01-18 12:32:56,744][com.java.SeleniumDriver] [  857] - Test case being Executed: 27
[INFO ][2016-01-18 12:32:56,744][com.java.SeleniumDriver] [  869] - Test step:12
[INFO ][2016-01-18 12:32:56,744][com.java.SeleniumDriver] [  881] - Datavalue is----------cash and due from banks
[INFO ][2016-01-18 12:32:56,744][com.java.SeleniumDriver] [  905] - DataField : XPH//ul[@class="dynatree-container"]/li[1]/ul/li[1]/span/a
[INFO ][2016-01-18 12:32:56,744][com.java.SeleniumDriver] [  907] - DataValue : cash and due from banks
[INFO ][2016-01-18 12:32:56,745][com.java.SeleniumDriver] [  913] - <In Set values of the page>
[INFO ][2016-01-18 12:32:56,745][com.java.SeleniumDriver] [  916] - {Data Fields & Data Values Exist}
[INFO ][2016-01-18 12:32:56,745][com.java.SeleniumDriver] [  918] - --------------------------setting values-----------------------------
[INFO ][2016-01-18 12:32:56,745][com.java.SeleniumDriver] [  921] - Action Type : VERIFY
[INFO ][2016-01-18 12:32:56,745][com.java.TestType] [ 7647] - field= XPH//ul[@class="dynatree-container"]/li[1]/ul/li[1]/span/a value= cash and due from banks
[INFO ][2016-01-18 12:32:56,745][com.java.TestType] [ 6140] - value = cash and due from banks
[INFO ][2016-01-18 12:32:56,798][com.java.SeleniumDriver] [  930] -  RESULT true
[INFO ][2016-01-18 12:32:56,798][com.java.SeleniumDriver] [ 1136] - ?   P A S S   ?
[INFO ][2016-01-18 12:32:56,798][com.java.SeleniumDriver] [  856] - ------------------------------------------
[INFO ][2016-01-18 12:32:56,798][com.java.SeleniumDriver] [  857] - Test case being Executed: 27
[INFO ][2016-01-18 12:32:56,798][com.java.SeleniumDriver] [  869] - Test step:13
[INFO ][2016-01-18 12:32:56,798][com.java.SeleniumDriver] [  881] - Datavalue is----------cash - teller
[INFO ][2016-01-18 12:32:56,798][com.java.SeleniumDriver] [  905] - DataField : XPH//ul[@class="dynatree-container"]/li[1]/ul/li[1]/ul/li[1]/span/a
[INFO ][2016-01-18 12:32:56,798][com.java.SeleniumDriver] [  907] - DataValue : cash - teller
[INFO ][2016-01-18 12:32:56,798][com.java.SeleniumDriver] [  913] - <In Set values of the page>
[INFO ][2016-01-18 12:32:56,799][com.java.SeleniumDriver] [  916] - {Data Fields & Data Values Exist}
[INFO ][2016-01-18 12:32:56,799][com.java.SeleniumDriver] [  918] - --------------------------setting values-----------------------------
[INFO ][2016-01-18 12:32:56,799][com.java.SeleniumDriver] [  921] - Action Type : VERIFY
[INFO ][2016-01-18 12:32:56,799][com.java.TestType] [ 7647] - field= XPH//ul[@class="dynatree-container"]/li[1]/ul/li[1]/ul/li[1]/span/a value= cash - teller
[INFO ][2016-01-18 12:32:56,799][com.java.TestType] [ 6140] - value = cash - teller
[INFO ][2016-01-18 12:32:56,861][com.java.SeleniumDriver] [  930] -  RESULT true
[INFO ][2016-01-18 12:32:56,861][com.java.SeleniumDriver] [ 1136] - ?   P A S S   ?
[INFO ][2016-01-18 12:32:56,861][com.java.SeleniumDriver] [  856] - ------------------------------------------
[INFO ][2016-01-18 12:32:56,861][com.java.SeleniumDriver] [  857] - Test case being Executed: 27
[INFO ][2016-01-18 12:32:56,861][com.java.SeleniumDriver] [  869] - Test step:14
[INFO ][2016-01-18 12:32:56,861][com.java.SeleniumDriver] [  881] - Datavalue is----------null
[DEBUG][2016-01-18 12:32:56,861][com.java.SeleniumDriver] [  899] - Exception: null
[INFO ][2016-01-18 12:32:56,861][com.java.SeleniumDriver] [  905] - DataField : XPH//a[text()='Assets']
[INFO ][2016-01-18 12:32:56,861][com.java.SeleniumDriver] [  907] - DataValue : 
[INFO ][2016-01-18 12:32:56,862][com.java.SeleniumDriver] [  913] - <In Set values of the page>
[INFO ][2016-01-18 12:32:56,862][com.java.SeleniumDriver] [  916] - {Data Fields & Data Values Exist}
[INFO ][2016-01-18 12:32:56,862][com.java.SeleniumDriver] [  918] - --------------------------setting values-----------------------------
[INFO ][2016-01-18 12:32:56,862][com.java.SeleniumDriver] [  921] - Action Type : CLICK
[INFO ][2016-01-18 12:32:56,862][com.java.TestType] [ 6519] - Field ::XPH//a[text()='Assets']
[INFO ][2016-01-18 12:32:56,862][com.java.TestType] [ 6140] - value = 
[INFO ][2016-01-18 12:32:57,862][com.java.TestType] [ 6656] - BEFORE CLICK
[INFO ][2016-01-18 12:32:58,637][com.java.TestType] [ 6664] - Unable to click the object Assets
[INFO ][2016-01-18 12:32:58,637][com.java.SeleniumDriver] [  930] -  RESULT true
[INFO ][2016-01-18 12:32:58,637][com.java.SeleniumDriver] [ 1136] - ?   P A S S   ?
[INFO ][2016-01-18 12:32:58,637][com.java.SeleniumDriver] [  856] - ------------------------------------------
[INFO ][2016-01-18 12:32:58,638][com.java.SeleniumDriver] [  857] - Test case being Executed: 27
[INFO ][2016-01-18 12:32:58,638][com.java.SeleniumDriver] [  869] - Test step:15
[INFO ][2016-01-18 12:32:58,638][com.java.SeleniumDriver] [  881] - Datavalue is----------Liabilities
[INFO ][2016-01-18 12:32:58,638][com.java.SeleniumDriver] [  905] - DataField : XPH//a[contains(text(),'Liabilities')]
[INFO ][2016-01-18 12:32:58,638][com.java.SeleniumDriver] [  907] - DataValue : Liabilities
[INFO ][2016-01-18 12:32:58,638][com.java.SeleniumDriver] [  913] - <In Set values of the page>
[INFO ][2016-01-18 12:32:58,638][com.java.SeleniumDriver] [  916] - {Data Fields & Data Values Exist}
[INFO ][2016-01-18 12:32:58,638][com.java.SeleniumDriver] [  918] - --------------------------setting values-----------------------------
[INFO ][2016-01-18 12:32:58,638][com.java.SeleniumDriver] [  921] - Action Type : VERIFY
[INFO ][2016-01-18 12:32:58,638][com.java.TestType] [ 7647] - field= XPH//a[contains(text(),'Liabilities')] value= Liabilities
[INFO ][2016-01-18 12:32:58,638][com.java.TestType] [ 6140] - value = Liabilities
[INFO ][2016-01-18 12:32:58,704][com.java.SeleniumDriver] [  930] -  RESULT true
[INFO ][2016-01-18 12:32:58,704][com.java.SeleniumDriver] [ 1136] - ?   P A S S   ?
[INFO ][2016-01-18 12:32:58,704][com.java.SeleniumDriver] [  856] - ------------------------------------------
[INFO ][2016-01-18 12:32:58,704][com.java.SeleniumDriver] [  857] - Test case being Executed: 27
[INFO ][2016-01-18 12:32:58,704][com.java.SeleniumDriver] [  869] - Test step:16
[INFO ][2016-01-18 12:32:58,704][com.java.SeleniumDriver] [  881] - Datavalue is----------Capital
[INFO ][2016-01-18 12:32:58,704][com.java.SeleniumDriver] [  905] - DataField : XPH//a[contains(text(),'Capital')]
[INFO ][2016-01-18 12:32:58,704][com.java.SeleniumDriver] [  907] - DataValue : Capital
[INFO ][2016-01-18 12:32:58,705][com.java.SeleniumDriver] [  913] - <In Set values of the page>
[INFO ][2016-01-18 12:32:58,705][com.java.SeleniumDriver] [  916] - {Data Fields & Data Values Exist}
[INFO ][2016-01-18 12:32:58,705][com.java.SeleniumDriver] [  918] - --------------------------setting values-----------------------------
[INFO ][2016-01-18 12:32:58,705][com.java.SeleniumDriver] [  921] - Action Type : VERIFY
[INFO ][2016-01-18 12:32:58,705][com.java.TestType] [ 7647] - field= XPH//a[contains(text(),'Capital')] value= Capital
[INFO ][2016-01-18 12:32:58,705][com.java.TestType] [ 6140] - value = Capital
[INFO ][2016-01-18 12:32:58,769][com.java.SeleniumDriver] [  930] -  RESULT true
[INFO ][2016-01-18 12:32:58,769][com.java.SeleniumDriver] [ 1136] - ?   P A S S   ?
[INFO ][2016-01-18 12:32:58,769][com.java.SeleniumDriver] [  856] - ------------------------------------------
[INFO ][2016-01-18 12:32:58,769][com.java.SeleniumDriver] [  857] - Test case being Executed: 27
[INFO ][2016-01-18 12:32:58,769][com.java.SeleniumDriver] [  869] - Test step:17
[INFO ][2016-01-18 12:32:58,769][com.java.SeleniumDriver] [  881] - Datavalue is----------Income
[INFO ][2016-01-18 12:32:58,769][com.java.SeleniumDriver] [  905] - DataField : XPH//a[contains(text(),'Income')]
[INFO ][2016-01-18 12:32:58,769][com.java.SeleniumDriver] [  907] - DataValue : Income
[INFO ][2016-01-18 12:32:58,770][com.java.SeleniumDriver] [  913] - <In Set values of the page>
[INFO ][2016-01-18 12:32:58,770][com.java.SeleniumDriver] [  916] - {Data Fields & Data Values Exist}
[INFO ][2016-01-18 12:32:58,770][com.java.SeleniumDriver] [  918] - --------------------------setting values-----------------------------
[INFO ][2016-01-18 12:32:58,770][com.java.SeleniumDriver] [  921] - Action Type : VERIFY
[INFO ][2016-01-18 12:32:58,770][com.java.TestType] [ 7647] - field= XPH//a[contains(text(),'Income')] value= Income
[INFO ][2016-01-18 12:32:58,770][com.java.TestType] [ 6140] - value = Income
[INFO ][2016-01-18 12:32:58,832][com.java.SeleniumDriver] [  930] -  RESULT true
[INFO ][2016-01-18 12:32:58,832][com.java.SeleniumDriver] [ 1136] - ?   P A S S   ?
[INFO ][2016-01-18 12:32:58,832][com.java.SeleniumDriver] [  856] - ------------------------------------------
[INFO ][2016-01-18 12:32:58,832][com.java.SeleniumDriver] [  857] - Test case being Executed: 27
[INFO ][2016-01-18 12:32:58,832][com.java.SeleniumDriver] [  869] - Test step:18
[INFO ][2016-01-18 12:32:58,832][com.java.SeleniumDriver] [  881] - Datavalue is----------Expense
[INFO ][2016-01-18 12:32:58,832][com.java.SeleniumDriver] [  905] - DataField : XPH//a[contains(text(),'Expense')]
[INFO ][2016-01-18 12:32:58,832][com.java.SeleniumDriver] [  907] - DataValue : Expense
[INFO ][2016-01-18 12:32:58,832][com.java.SeleniumDriver] [  913] - <In Set values of the page>
[INFO ][2016-01-18 12:32:58,832][com.java.SeleniumDriver] [  916] - {Data Fields & Data Values Exist}
[INFO ][2016-01-18 12:32:58,833][com.java.SeleniumDriver] [  918] - --------------------------setting values-----------------------------
[INFO ][2016-01-18 12:32:58,833][com.java.SeleniumDriver] [  921] - Action Type : VERIFY
[INFO ][2016-01-18 12:32:58,833][com.java.TestType] [ 7647] - field= XPH//a[contains(text(),'Expense')] value= Expense
[INFO ][2016-01-18 12:32:58,833][com.java.TestType] [ 6140] - value = Expense
[INFO ][2016-01-18 12:32:58,895][com.java.SeleniumDriver] [  930] -  RESULT true
[INFO ][2016-01-18 12:32:58,895][com.java.SeleniumDriver] [ 1136] - ?   P A S S   ?
[INFO ][2016-01-18 12:32:58,895][com.java.SeleniumDriver] [  856] - ------------------------------------------
[INFO ][2016-01-18 12:32:58,895][com.java.SeleniumDriver] [  857] - Test case being Executed: 27
[INFO ][2016-01-18 12:32:58,895][com.java.SeleniumDriver] [  869] - Test step:19
[INFO ][2016-01-18 12:32:58,895][com.java.SeleniumDriver] [  881] - Datavalue is----------Supplemental Data
[INFO ][2016-01-18 12:32:58,895][com.java.SeleniumDriver] [  905] - DataField : XPH//a[contains(text(),'Supplemental Data')]
[INFO ][2016-01-18 12:32:58,895][com.java.SeleniumDriver] [  907] - DataValue : Supplemental Data
[INFO ][2016-01-18 12:32:58,895][com.java.SeleniumDriver] [  913] - <In Set values of the page>
[INFO ][2016-01-18 12:32:58,895][com.java.SeleniumDriver] [  916] - {Data Fields & Data Values Exist}
[INFO ][2016-01-18 12:32:58,895][com.java.SeleniumDriver] [  918] - --------------------------setting values-----------------------------
[INFO ][2016-01-18 12:32:58,896][com.java.SeleniumDriver] [  921] - Action Type : VERIFY
[INFO ][2016-01-18 12:32:58,896][com.java.TestType] [ 7647] - field= XPH//a[contains(text(),'Supplemental Data')] value= Supplemental Data
[INFO ][2016-01-18 12:32:58,896][com.java.TestType] [ 6140] - value = Supplemental Data
[INFO ][2016-01-18 12:32:58,949][com.java.SeleniumDriver] [  930] -  RESULT true
[INFO ][2016-01-18 12:32:58,949][com.java.SeleniumDriver] [ 1136] - ?   P A S S   ?
[INFO ][2016-01-18 12:32:58,949][com.java.SeleniumDriver] [  856] - ------------------------------------------
[INFO ][2016-01-18 12:32:58,949][com.java.SeleniumDriver] [  857] - Test case being Executed: 27
[INFO ][2016-01-18 12:32:58,949][com.java.SeleniumDriver] [  869] - Test step:20
[INFO ][2016-01-18 12:32:58,949][com.java.SeleniumDriver] [  881] - Datavalue is----------null
[DEBUG][2016-01-18 12:32:58,949][com.java.SeleniumDriver] [  899] - Exception: null
[INFO ][2016-01-18 12:32:58,949][com.java.SeleniumDriver] [  905] - DataField : BTNparent
[INFO ][2016-01-18 12:32:58,949][com.java.SeleniumDriver] [  907] - DataValue : 
[INFO ][2016-01-18 12:32:58,949][com.java.SeleniumDriver] [  913] - <In Set values of the page>
[INFO ][2016-01-18 12:32:58,950][com.java.SeleniumDriver] [  916] - {Data Fields & Data Values Exist}
[INFO ][2016-01-18 12:32:58,950][com.java.SeleniumDriver] [  918] - --------------------------setting values-----------------------------
[INFO ][2016-01-18 12:32:58,950][com.java.SeleniumDriver] [  921] - Action Type : SELECTFRAME
[INFO ][2016-01-18 12:32:58,964][com.java.SeleniumDriver] [  930] -  RESULT true
[INFO ][2016-01-18 12:32:58,964][com.java.SeleniumDriver] [ 1136] - ?   P A S S   ?
[INFO ][2016-01-18 12:32:58,964][com.java.SeleniumDriver] [  856] - ------------------------------------------
[INFO ][2016-01-18 12:32:58,964][com.java.SeleniumDriver] [  857] - Test case being Executed: 27
[INFO ][2016-01-18 12:32:58,964][com.java.SeleniumDriver] [  869] - Test step:21
[INFO ][2016-01-18 12:32:58,965][com.java.SeleniumDriver] [  881] - Datavalue is----------null
[DEBUG][2016-01-18 12:32:58,966][com.java.SeleniumDriver] [  899] - Exception: null
[INFO ][2016-01-18 12:32:58,966][com.java.SeleniumDriver] [  905] - DataField : XPH//span[contains(text(),'close')]
[INFO ][2016-01-18 12:32:58,966][com.java.SeleniumDriver] [  907] - DataValue : 
[INFO ][2016-01-18 12:32:58,966][com.java.SeleniumDriver] [  913] - <In Set values of the page>
[INFO ][2016-01-18 12:32:58,966][com.java.SeleniumDriver] [  916] - {Data Fields & Data Values Exist}
[INFO ][2016-01-18 12:32:58,966][com.java.SeleniumDriver] [  918] - --------------------------setting values-----------------------------
[INFO ][2016-01-18 12:32:58,967][com.java.SeleniumDriver] [  921] - Action Type : CLICK
[INFO ][2016-01-18 12:32:58,967][com.java.TestType] [ 6519] - Field ::XPH//span[contains(text(),'close')]
[INFO ][2016-01-18 12:32:58,967][com.java.TestType] [ 6140] - value = 
[INFO ][2016-01-18 12:32:59,967][com.java.TestType] [ 6656] - BEFORE CLICK
[INFO ][2016-01-18 12:33:00,989][com.java.TestType] [ 6664] - Unable to click the object Close button
[INFO ][2016-01-18 12:33:00,989][com.java.SeleniumDriver] [  930] -  RESULT true
[INFO ][2016-01-18 12:33:00,989][com.java.SeleniumDriver] [ 1136] - ?   P A S S   ?
[INFO ][2016-01-18 12:33:00,989][com.java.SeleniumDriver] [  856] - ------------------------------------------
[INFO ][2016-01-18 12:33:00,989][com.java.SeleniumDriver] [  857] - Test case being Executed: 27
[INFO ][2016-01-18 12:33:00,989][com.java.SeleniumDriver] [  869] - Test step:22
[INFO ][2016-01-18 12:33:00,989][com.java.SeleniumDriver] [  881] - Datavalue is----------3
[INFO ][2016-01-18 12:33:00,989][com.java.SeleniumDriver] [  905] - DataField : XPH//div[contains(text(), 'My Dashboard')]
[INFO ][2016-01-18 12:33:00,989][com.java.SeleniumDriver] [  907] - DataValue : 3
[INFO ][2016-01-18 12:33:00,989][com.java.SeleniumDriver] [  913] - <In Set values of the page>
[INFO ][2016-01-18 12:33:00,989][com.java.SeleniumDriver] [  916] - {Data Fields & Data Values Exist}
[INFO ][2016-01-18 12:33:00,989][com.java.SeleniumDriver] [  918] - --------------------------setting values-----------------------------
[INFO ][2016-01-18 12:33:00,990][com.java.SeleniumDriver] [  921] - Action Type : WAITFORELEMENT
[INFO ][2016-01-18 12:33:01,025][com.java.SeleniumDriver] [  930] -  RESULT true
[INFO ][2016-01-18 12:33:01,026][com.java.SeleniumDriver] [ 1136] - ?   P A S S   ?
[INFO ][2016-01-18 12:33:01,026][com.java.SeleniumDriver] [  856] - ------------------------------------------
[INFO ][2016-01-18 12:33:01,026][com.java.SeleniumDriver] [  857] - Test case being Executed: 27
[INFO ][2016-01-18 12:33:01,026][com.java.SeleniumDriver] [  869] - Test step:23
[INFO ][2016-01-18 12:33:01,026][com.java.SeleniumDriver] [  881] - Datavalue is----------null
[DEBUG][2016-01-18 12:33:01,026][com.java.SeleniumDriver] [  899] - Exception: null
[INFO ][2016-01-18 12:33:01,026][com.java.SeleniumDriver] [  905] - DataField : BTNcloseAllTabs
[INFO ][2016-01-18 12:33:01,026][com.java.SeleniumDriver] [  907] - DataValue : 
[INFO ][2016-01-18 12:33:01,026][com.java.SeleniumDriver] [  913] - <In Set values of the page>
[INFO ][2016-01-18 12:33:01,026][com.java.SeleniumDriver] [  916] - {Data Fields & Data Values Exist}
[INFO ][2016-01-18 12:33:01,026][com.java.SeleniumDriver] [  918] - --------------------------setting values-----------------------------
[INFO ][2016-01-18 12:33:01,026][com.java.SeleniumDriver] [  921] - Action Type : CLICK
[INFO ][2016-01-18 12:33:01,027][com.java.TestType] [ 6519] - Field ::BTNcloseAllTabs
[INFO ][2016-01-18 12:33:01,027][com.java.TestType] [ 6140] - value = 
[INFO ][2016-01-18 12:33:02,027][com.java.TestType] [ 6635] - BEFORE CLICK
[INFO ][2016-01-18 12:33:04,535][com.java.TestType] [ 6642] - Unable to click the object Close all tabs button
[INFO ][2016-01-18 12:33:04,535][com.java.SeleniumDriver] [  930] -  RESULT true
[INFO ][2016-01-18 12:33:04,535][com.java.SeleniumDriver] [ 1136] - ?   P A S S   ?
[INFO ][2016-01-18 12:33:04,535][com.java.SeleniumDriver] [  856] - ------------------------------------------
[INFO ][2016-01-18 12:33:04,535][com.java.SeleniumDriver] [  857] - Test case being Executed: 27
[INFO ][2016-01-18 12:33:04,535][com.java.SeleniumDriver] [  869] - Test step:24
[INFO ][2016-01-18 12:33:04,535][com.java.SeleniumDriver] [  881] - Datavalue is----------3
[INFO ][2016-01-18 12:33:04,536][com.java.SeleniumDriver] [  905] - DataField : XPH//div[contains(text(), 'My Dashboard')]
[INFO ][2016-01-18 12:33:04,536][com.java.SeleniumDriver] [  907] - DataValue : 3
[INFO ][2016-01-18 12:33:04,536][com.java.SeleniumDriver] [  913] - <In Set values of the page>
[INFO ][2016-01-18 12:33:04,536][com.java.SeleniumDriver] [  916] - {Data Fields & Data Values Exist}
[INFO ][2016-01-18 12:33:04,536][com.java.SeleniumDriver] [  918] - --------------------------setting values-----------------------------
[INFO ][2016-01-18 12:33:04,536][com.java.SeleniumDriver] [  921] - Action Type : WAITFORELEMENT
[INFO ][2016-01-18 12:33:04,611][com.java.SeleniumDriver] [  930] -  RESULT true
[INFO ][2016-01-18 12:33:04,611][com.java.SeleniumDriver] [ 1136] - ?   P A S S   ?
[INFO ][2016-01-18 12:33:04,611][com.java.SeleniumDriver] [  856] - ------------------------------------------
[INFO ][2016-01-18 12:33:04,611][com.java.SeleniumDriver] [  857] - Test case being Executed: 27
[INFO ][2016-01-18 12:33:04,611][com.java.SeleniumDriver] [  869] - Test step:25
[INFO ][2016-01-18 12:33:04,611][com.java.SeleniumDriver] [  881] - Datavalue is----------My Dashboard
[INFO ][2016-01-18 12:33:04,611][com.java.SeleniumDriver] [  905] - DataField : XPH//div[contains(text(), 'My Dashboard')]
[INFO ][2016-01-18 12:33:04,612][com.java.SeleniumDriver] [  907] - DataValue : My Dashboard
[INFO ][2016-01-18 12:33:04,612][com.java.SeleniumDriver] [  913] - <In Set values of the page>
[INFO ][2016-01-18 12:33:04,612][com.java.SeleniumDriver] [  916] - {Data Fields & Data Values Exist}
[INFO ][2016-01-18 12:33:04,612][com.java.SeleniumDriver] [  918] - --------------------------setting values-----------------------------
[INFO ][2016-01-18 12:33:04,612][com.java.SeleniumDriver] [  921] - Action Type : VERIFY
[INFO ][2016-01-18 12:33:04,612][com.java.TestType] [ 7647] - field= XPH//div[contains(text(), 'My Dashboard')] value= My Dashboard
[INFO ][2016-01-18 12:33:04,612][com.java.TestType] [ 6140] - value = My Dashboard
[INFO ][2016-01-18 12:33:04,975][com.java.SeleniumDriver] [  930] -  RESULT true
[INFO ][2016-01-18 12:33:04,975][com.java.SeleniumDriver] [ 1136] - ?   P A S S   ?
[DEBUG][2016-01-18 12:33:04,975][com.java.SeleniumDriver] [ 1248] - Case found
[DEBUG][2016-01-18 12:33:04,975][com.java.SeleniumDriver] [ 1253] - Incrementing ReportCounters[0]:2
[INFO ][2016-01-18 12:33:04,975][com.java.SeleniumDriver] [ 1272] - The results are-------------------[27, 1, Admin: GL Mapping: Account Mapping: Check Dashboard Groups - Centennial, Pass, , Mon Jan 18 12:32:18 IST 2016, 27, 3, Admin: GL Mapping: Account Mapping: Check Dashboard Groups - Centennial, Pass, , Mon Jan 18 12:32:23 IST 2016, 27, 4, Admin: GL Mapping: Account Mapping: Check Dashboard Groups - Centennial, Pass, , Mon Jan 18 12:32:50 IST 2016, 27, 5, Admin: GL Mapping: Account Mapping: Check Dashboard Groups - Centennial, Pass, , Mon Jan 18 12:32:50 IST 2016, 27, 6, Admin: GL Mapping: Account Mapping: Check Dashboard Groups - Centennial, Pass, , Mon Jan 18 12:32:52 IST 2016, 27, 7, Admin: GL Mapping: Account Mapping: Check Dashboard Groups - Centennial, Pass, , Mon Jan 18 12:32:52 IST 2016, 27, 8, Admin: GL Mapping: Account Mapping: Check Dashboard Groups - Centennial, Pass, , Mon Jan 18 12:32:54 IST 2016, 27, 9, Admin: GL Mapping: Account Mapping: Check Dashboard Groups - Centennial, Pass, , Mon Jan 18 12:32:54 IST 2016, 27, 10, Admin: GL Mapping: Account Mapping: Check Dashboard Groups - Centennial, Pass, , Mon Jan 18 12:32:56 IST 2016, 27, 11, Admin: GL Mapping: Account Mapping: Check Dashboard Groups - Centennial, Pass, , Mon Jan 18 12:32:56 IST 2016, 27, 12, Admin: GL Mapping: Account Mapping: Check Dashboard Groups - Centennial, Pass, , Mon Jan 18 12:32:56 IST 2016, 27, 13, Admin: GL Mapping: Account Mapping: Check Dashboard Groups - Centennial, Pass, , Mon Jan 18 12:32:56 IST 2016, 27, 14, Admin: GL Mapping: Account Mapping: Check Dashboard Groups - Centennial, Pass, , Mon Jan 18 12:32:58 IST 2016, 27, 15, Admin: GL Mapping: Account Mapping: Check Dashboard Groups - Centennial, Pass, , Mon Jan 18 12:32:58 IST 2016, 27, 16, Admin: GL Mapping: Account Mapping: Check Dashboard Groups - Centennial, Pass, , Mon Jan 18 12:32:58 IST 2016, 27, 17, Admin: GL Mapping: Account Mapping: Check Dashboard Groups - Centennial, Pass, , Mon Jan 18 12:32:58 IST 2016, 27, 18, Admin: GL Mapping: Account Mapping: Check Dashboard Groups - Centennial, Pass, , Mon Jan 18 12:32:58 IST 2016, 27, 19, Admin: GL Mapping: Account Mapping: Check Dashboard Groups - Centennial, Pass, , Mon Jan 18 12:32:58 IST 2016, 27, 20, Admin: GL Mapping: Account Mapping: Check Dashboard Groups - Centennial, Pass, , Mon Jan 18 12:32:58 IST 2016, 27, 21, Admin: GL Mapping: Account Mapping: Check Dashboard Groups - Centennial, Pass, , Mon Jan 18 12:33:00 IST 2016, 27, 22, Admin: GL Mapping: Account Mapping: Check Dashboard Groups - Centennial, Pass, , Mon Jan 18 12:33:01 IST 2016, 27, 23, Admin: GL Mapping: Account Mapping: Check Dashboard Groups - Centennial, Pass, , Mon Jan 18 12:33:04 IST 2016, 27, 24, Admin: GL Mapping: Account Mapping: Check Dashboard Groups - Centennial, Pass, , Mon Jan 18 12:33:04 IST 2016, 27, 25, Admin: GL Mapping: Account Mapping: Check Dashboard Groups - Centennial, Pass, , Mon Jan 18 12:33:04 IST 2016]
[INFO ][2016-01-18 12:33:04,975][com.java.SeleniumDriver] [ 1276] - End time is-------1 min 35 sec
[INFO ][2016-01-18 12:33:04,975][com.java.SeleniumDriver] [ 1277] - The results are-------------------[27, 1, Admin: GL Mapping: Account Mapping: Check Dashboard Groups - Centennial, Pass, , Mon Jan 18 12:32:18 IST 2016, 27, 3, Admin: GL Mapping: Account Mapping: Check Dashboard Groups - Centennial, Pass, , Mon Jan 18 12:32:23 IST 2016, 27, 4, Admin: GL Mapping: Account Mapping: Check Dashboard Groups - Centennial, Pass, , Mon Jan 18 12:32:50 IST 2016, 27, 5, Admin: GL Mapping: Account Mapping: Check Dashboard Groups - Centennial, Pass, , Mon Jan 18 12:32:50 IST 2016, 27, 6, Admin: GL Mapping: Account Mapping: Check Dashboard Groups - Centennial, Pass, , Mon Jan 18 12:32:52 IST 2016, 27, 7, Admin: GL Mapping: Account Mapping: Check Dashboard Groups - Centennial, Pass, , Mon Jan 18 12:32:52 IST 2016, 27, 8, Admin: GL Mapping: Account Mapping: Check Dashboard Groups - Centennial, Pass, , Mon Jan 18 12:32:54 IST 2016, 27, 9, Admin: GL Mapping: Account Mapping: Check Dashboard Groups - Centennial, Pass, , Mon Jan 18 12:32:54 IST 2016, 27, 10, Admin: GL Mapping: Account Mapping: Check Dashboard Groups - Centennial, Pass, , Mon Jan 18 12:32:56 IST 2016, 27, 11, Admin: GL Mapping: Account Mapping: Check Dashboard Groups - Centennial, Pass, , Mon Jan 18 12:32:56 IST 2016, 27, 12, Admin: GL Mapping: Account Mapping: Check Dashboard Groups - Centennial, Pass, , Mon Jan 18 12:32:56 IST 2016, 27, 13, Admin: GL Mapping: Account Mapping: Check Dashboard Groups - Centennial, Pass, , Mon Jan 18 12:32:56 IST 2016, 27, 14, Admin: GL Mapping: Account Mapping: Check Dashboard Groups - Centennial, Pass, , Mon Jan 18 12:32:58 IST 2016, 27, 15, Admin: GL Mapping: Account Mapping: Check Dashboard Groups - Centennial, Pass, , Mon Jan 18 12:32:58 IST 2016, 27, 16, Admin: GL Mapping: Account Mapping: Check Dashboard Groups - Centennial, Pass, , Mon Jan 18 12:32:58 IST 2016, 27, 17, Admin: GL Mapping: Account Mapping: Check Dashboard Groups - Centennial, Pass, , Mon Jan 18 12:32:58 IST 2016, 27, 18, Admin: GL Mapping: Account Mapping: Check Dashboard Groups - Centennial, Pass, , Mon Jan 18 12:32:58 IST 2016, 27, 19, Admin: GL Mapping: Account Mapping: Check Dashboard Groups - Centennial, Pass, , Mon Jan 18 12:32:58 IST 2016, 27, 20, Admin: GL Mapping: Account Mapping: Check Dashboard Groups - Centennial, Pass, , Mon Jan 18 12:32:58 IST 2016, 27, 21, Admin: GL Mapping: Account Mapping: Check Dashboard Groups - Centennial, Pass, , Mon Jan 18 12:33:00 IST 2016, 27, 22, Admin: GL Mapping: Account Mapping: Check Dashboard Groups - Centennial, Pass, , Mon Jan 18 12:33:01 IST 2016, 27, 23, Admin: GL Mapping: Account Mapping: Check Dashboard Groups - Centennial, Pass, , Mon Jan 18 12:33:04 IST 2016, 27, 24, Admin: GL Mapping: Account Mapping: Check Dashboard Groups - Centennial, Pass, , Mon Jan 18 12:33:04 IST 2016, 27, 25, Admin: GL Mapping: Account Mapping: Check Dashboard Groups - Centennial, Pass, , Mon Jan 18 12:33:04 IST 2016]
[DEBUG][2016-01-18 12:33:04,975][com.java.ImportnExport.ExportTestResultsExcel] [  222] - testResultPath = D:\BankersDashboard/TestReports/Test Results_BankersDashBoard_011816_123131_IE10_Any Bank USA.xls
[DEBUG][2016-01-18 12:33:04,976][com.java.ImportnExport.ExportTestResultsExcel] [  223] - browser is------------IE10
[DEBUG][2016-01-18 12:33:04,979][com.java.ImportnExport.ExportTestResultsExcel] [  270] - result.size() = 144
[DEBUG][2016-01-18 12:33:04,980][com.java.ImportnExport.ExportTestResultsExcel] [  274] - No of rows in sheet=2
[DEBUG][2016-01-18 12:33:04,980][com.java.ImportnExport.ExportTestResultsExcel] [  301] - ..in export..27
[DEBUG][2016-01-18 12:33:04,980][com.java.ImportnExport.ExportTestResultsExcel] [  301] - ..in export..Admin: GL Mapping: Account Mapping: Check Dashboard Groups - Centennial
[DEBUG][2016-01-18 12:33:04,980][com.java.ImportnExport.ExportTestResultsExcel] [  301] - ..in export..Pass
[DEBUG][2016-01-18 12:33:04,981][com.java.ImportnExport.ExportTestResultsExcel] [  301] - ..in export..
[DEBUG][2016-01-18 12:33:04,981][com.java.ImportnExport.ExportTestResultsExcel] [  301] - ..in export..Mon Jan 18 12:32:18 IST 2016
[INFO ][2016-01-18 12:33:04,982][com.java.SeleniumDriver] [ 1337] - out loop:1 size:2 TestCases:[1, 27] testcases:[1, 27]
[INFO ][2016-01-18 12:33:06,982][com.java.SeleniumDriver] [ 1380] - Total Number of Cases:2
[INFO ][2016-01-18 12:33:06,982][com.java.TemplateGenerator] [  302] - Executed:2
[INFO ][2016-01-18 12:33:06,982][com.java.TemplateGenerator] [  303] - Passed:2
[INFO ][2016-01-18 12:33:06,982][com.java.TemplateGenerator] [  304] - Failed:0
[INFO ][2016-01-18 12:33:06,982][com.java.TemplateGenerator] [  305] - Skipeed:0
[INFO ][2016-01-18 12:33:06,982][com.java.TemplateGenerator] [  306] - Application URL:https://clients-xuat.bankersdashboard.com
[INFO ][2016-01-18 12:33:06,982][com.java.TemplateGenerator] [  307] - Start Time:011816_123131
[INFO ][2016-01-18 12:33:06,982][com.java.TemplateGenerator] [  308] -  Creating HTML Report 
[ERROR][2016-01-18 12:33:06,983][com.java.TemplateGenerator] [  409] - Unparseable date: "Mon Jan 18 12:31:31 IST 2016"
[INFO ][2016-01-18 12:33:06,983][com.java.TemplateGenerator] [  654] -  Exporting case :: 1
[INFO ][2016-01-18 12:33:06,983][com.java.TemplateGenerator] [  654] -  Exporting case :: 27
[INFO ][2016-01-18 12:33:06,990][com.java.SeleniumDriver] [ 1429] - End Time:011816_123306
[INFO ][2016-01-18 12:33:06,990][com.java.SeleniumDriver] [ 1432] - Data in Test Execution Details:{1=PASS, 27=PASS}
[INFO ][2016-01-18 12:33:06,990][com.java.SeleniumDriver] [ 1433] - Data in Failed Execution Deatils:{}
[INFO ][2016-01-18 12:33:06,990][com.java.SeleniumDriver] [ 1435] - ReportCounter:Total:2 :: PASS: 2 ::FAIL: 0
[INFO ][2016-01-18 12:33:06,990][com.java.SeleniumDriver] [ 1436] - FailedReportCounter:Total:0 :: PASS: 0 ::FAIL: 0
[INFO ][2016-01-18 12:33:06,998][com.java.EmailTestReport] [   63] - Sending report mail details:
[INFO ][2016-01-18 12:33:06,998][com.java.EmailTestReport] [   80] - Excel Report Path:D:\BankersDashboard/TestReports/Test Results_BankersDashBoard_011816_123131_IE10_Any Bank USA.xls
[INFO ][2016-01-18 12:33:06,998][com.java.EmailTestReport] [   81] - HTML Report Path:D:\BankersDashboard//TestReports//Test Results_BankersDashBoard_011816_123131_IE10_Any Bank USA.html
[INFO ][2016-01-18 12:33:06,998][com.java.EmailTestReport] [   82] - smtpHostName:mail01.valuelabs.com
[INFO ][2016-01-18 12:33:06,998][com.java.EmailTestReport] [   83] - Recipient:venkateswararao.gubbala@valuelabs.com;
[INFO ][2016-01-18 12:33:06,998][com.java.EmailTestReport] [   84] - From:venkateswararao.gubbala@valuelabs.com;
[INFO ][2016-01-18 12:33:06,998][com.java.EmailTestReport] [   85] - Subject:Deluxe Corp Bankers Dashboard Automation Test Report - Any Bank USA - IE10
[INFO ][2016-01-18 12:33:07,014][com.java.EmailTestReport] [  143] -  Added venkateswararao.gubbala@valuelabs.com
[INFO ][2016-01-18 12:33:10,590][com.java.SeleniumDriver] [  722] - quitting the browser 
[INFO ][2016-01-18 12:33:12,294][com.java.SeleniumDriver] [  264] - Execution Completed Stopping the thread
