[INFO ][2015-11-09 14:30:03,469][com.java.SeleniumDriver] [  213] - Execute Failed Casesfalse
[INFO ][2015-11-09 14:30:03,469][com.java.SeleniumDriver] [  214] - Browser: IE11
[INFO ][2015-11-09 14:30:03,469][com.java.SeleniumDriver] [  215] - [1, 11]
[INFO ][2015-11-09 14:30:03,469][com.java.SeleniumDriver] [  216] - Total TestCases:2
[INFO ][2015-11-09 14:30:03,469][com.java.SeleniumDriver] [  217] -  Reading Properties from Property File 
[DEBUG][2015-11-09 14:30:03,469][com.java.SeleniumDriver] [  238] - url : https://clients-xuat.bankersdashboard.com
[INFO ][2015-11-09 14:30:03,469][com.java.ImportnExport.ExportTestResultsExcel] [  116] - Time Stamp Mon Nov 09 02:30:03 IST 2015
[INFO ][2015-11-09 14:30:03,469][com.java.ImportnExport.ExportTestResultsExcel] [  175] - OUT FILE : D:\BankersDashboard/TestReports/Test Results_BankersDashBoard_110915_143003_IE11_Any Bank USA.xls
[INFO ][2015-11-09 14:30:03,501][com.java.ImportnExport.ExportTestResultsExcel] [  180] - Test Result file is created
[DEBUG][2015-11-09 14:30:03,595][com.java.SeleniumDriver] [  425] - Hub ip address is-------172.17.68.34
[INFO ][2015-11-09 14:30:03,595][com.java.SeleniumDriver] [  451] - Grid URL:http://172.17.68.34:4444/wd/hub
[INFO ][2015-11-09 14:30:03,595][com.java.SeleniumDriver] [  452] - Capability:Capabilities [{platform=ANY, ensureCleanSession=true, ignoreProtectedModeSettings=true, acceptSslCerts=true, ignoreZoomSetting=true, browserName=internet explorer, browserstack.ie.noFlash=true, version=Node1}]
[ERROR][2015-11-09 14:30:04,936][com.java.SeleniumDriver] [  496] - Unable invoke browser in grid:Could not start a new session. Possible causes are invalid address of the remote server or browser start-up failure.
Build info: version: '2.48.2', revision: '41bccdd', time: '2015-10-09 19:59:12'
System info: host: 'FVTIII438F1D', ip: '172.17.68.34', os.name: 'Windows 7', os.arch: 'x86', os.version: '6.1', java.version: '1.7.0_55'
Driver info: driver.version: SeleniumDriver
[INFO ][2015-11-09 14:30:04,936][com.java.SeleniumDriver] [  498] - Executing on local machine
[INFO ][2015-11-09 14:30:16,377][com.java.SeleniumDriver] [  248] - IE11is opened
[INFO ][2015-11-09 14:30:17,479][com.java.SeleniumDriver] [  752] - Test cases to be executed are: [1, 11]
[INFO ][2015-11-09 14:30:17,479][com.java.ImportnExport.ImportTestDataDetailsExcel] [   49] - test data details path===== D:\BankersDashboard\TestInputs\TestData.xls
[INFO ][2015-11-09 14:30:28,277][com.java.SeleniumDriver] [  788] - ------------------------------------------
[INFO ][2015-11-09 14:30:28,277][com.java.SeleniumDriver] [  789] - Test case being Executed: 1
[INFO ][2015-11-09 14:30:28,278][com.java.SeleniumDriver] [  800] - Test step:1
[INFO ][2015-11-09 14:30:28,278][com.java.SeleniumDriver] [  812] - Datavalue is----------Concept#1:1-14
[INFO ][2015-11-09 14:30:28,278][com.java.SeleniumDriver] [  836] - DataField : test
[INFO ][2015-11-09 14:30:28,278][com.java.SeleniumDriver] [  838] - DataValue : Concept#1:1-14
[INFO ][2015-11-09 14:30:28,278][com.java.SeleniumDriver] [  844] - <In Set values of the page>
[INFO ][2015-11-09 14:30:28,278][com.java.SeleniumDriver] [  847] - {Data Fields & Data Values Exist}
[INFO ][2015-11-09 14:30:28,278][com.java.SeleniumDriver] [  849] - --------------------------setting values-----------------------------
[INFO ][2015-11-09 14:30:28,278][com.java.SeleniumDriver] [  852] - Action Type : ExecuteTestCase
[INFO ][2015-11-09 14:30:28,309][com.java.TestType] [  426] - The Concept sheet name is ---------- Concept
[INFO ][2015-11-09 14:30:28,309][com.java.TestType] [  429] - The Concept ID  is ---------- 1
[DEBUG][2015-11-09 14:30:28,309][com.java.TestType] [  433] - Steps being executted in the Concept are: 1:14
[INFO ][2015-11-09 14:30:28,309][com.java.TestType] [  440] - Test data details path ---------- D:\BankersDashboard\TestInputs\TestData.xls
[INFO ][2015-11-09 14:30:28,341][com.java.TestType] [  471] -  str(1) = 1
[INFO ][2015-11-09 14:30:28,341][com.java.TestType] [  474] - Test case Id is---1
[INFO ][2015-11-09 14:30:28,341][com.java.TestType] [  476] - 1
[INFO ][2015-11-09 14:30:28,341][com.java.TestType] [  471] -  str(2) = 1
[INFO ][2015-11-09 14:30:28,341][com.java.TestType] [  523] - row values are--------{1=com.java.Objects.TestDataDetails@c38ceb}
[INFO ][2015-11-09 14:30:28,341][com.java.TestType] [  471] -  str(1) = 1
[INFO ][2015-11-09 14:30:28,341][com.java.TestType] [  474] - Test case Id is---1
[INFO ][2015-11-09 14:30:28,341][com.java.TestType] [  476] - 1
[INFO ][2015-11-09 14:30:28,341][com.java.TestType] [  471] -  str(2) = 2
[INFO ][2015-11-09 14:30:28,341][com.java.TestType] [  523] - row values are--------{1=com.java.Objects.TestDataDetails@c38ceb, 2=com.java.Objects.TestDataDetails@15cc031}
[INFO ][2015-11-09 14:30:28,341][com.java.TestType] [  471] -  str(1) = 1
[INFO ][2015-11-09 14:30:28,341][com.java.TestType] [  474] - Test case Id is---1
[INFO ][2015-11-09 14:30:28,341][com.java.TestType] [  476] - 1
[INFO ][2015-11-09 14:30:28,341][com.java.TestType] [  471] -  str(2) = 3
[INFO ][2015-11-09 14:30:28,356][com.java.TestType] [  523] - row values are--------{1=com.java.Objects.TestDataDetails@c38ceb, 2=com.java.Objects.TestDataDetails@15cc031, 3=com.java.Objects.TestDataDetails@2586a}
[INFO ][2015-11-09 14:30:28,356][com.java.TestType] [  471] -  str(1) = 1
[INFO ][2015-11-09 14:30:28,356][com.java.TestType] [  474] - Test case Id is---1
[INFO ][2015-11-09 14:30:28,356][com.java.TestType] [  476] - 1
[INFO ][2015-11-09 14:30:28,356][com.java.TestType] [  471] -  str(2) = 4
[INFO ][2015-11-09 14:30:28,356][com.java.TestType] [  523] - row values are--------{1=com.java.Objects.TestDataDetails@c38ceb, 2=com.java.Objects.TestDataDetails@15cc031, 3=com.java.Objects.TestDataDetails@2586a, 4=com.java.Objects.TestDataDetails@5262ce}
[INFO ][2015-11-09 14:30:28,356][com.java.TestType] [  471] -  str(1) = 1
[INFO ][2015-11-09 14:30:28,356][com.java.TestType] [  474] - Test case Id is---1
[INFO ][2015-11-09 14:30:28,356][com.java.TestType] [  476] - 1
[INFO ][2015-11-09 14:30:28,356][com.java.TestType] [  471] -  str(2) = 5
[INFO ][2015-11-09 14:30:28,356][com.java.TestType] [  523] - row values are--------{1=com.java.Objects.TestDataDetails@c38ceb, 2=com.java.Objects.TestDataDetails@15cc031, 3=com.java.Objects.TestDataDetails@2586a, 4=com.java.Objects.TestDataDetails@5262ce, 5=com.java.Objects.TestDataDetails@1647692}
[INFO ][2015-11-09 14:30:28,356][com.java.TestType] [  471] -  str(1) = 1
[INFO ][2015-11-09 14:30:28,356][com.java.TestType] [  474] - Test case Id is---1
[INFO ][2015-11-09 14:30:28,356][com.java.TestType] [  476] - 1
[INFO ][2015-11-09 14:30:28,356][com.java.TestType] [  471] -  str(2) = 6
[INFO ][2015-11-09 14:30:28,356][com.java.TestType] [  523] - row values are--------{1=com.java.Objects.TestDataDetails@c38ceb, 2=com.java.Objects.TestDataDetails@15cc031, 3=com.java.Objects.TestDataDetails@2586a, 4=com.java.Objects.TestDataDetails@5262ce, 5=com.java.Objects.TestDataDetails@1647692, 6=com.java.Objects.TestDataDetails@162f992}
[INFO ][2015-11-09 14:30:28,356][com.java.TestType] [  471] -  str(1) = 1
[INFO ][2015-11-09 14:30:28,356][com.java.TestType] [  474] - Test case Id is---1
[INFO ][2015-11-09 14:30:28,356][com.java.TestType] [  476] - 1
[INFO ][2015-11-09 14:30:28,356][com.java.TestType] [  471] -  str(2) = 7
[INFO ][2015-11-09 14:30:28,356][com.java.TestType] [  523] - row values are--------{1=com.java.Objects.TestDataDetails@c38ceb, 2=com.java.Objects.TestDataDetails@15cc031, 3=com.java.Objects.TestDataDetails@2586a, 4=com.java.Objects.TestDataDetails@5262ce, 5=com.java.Objects.TestDataDetails@1647692, 6=com.java.Objects.TestDataDetails@162f992, 7=com.java.Objects.TestDataDetails@69079}
[INFO ][2015-11-09 14:30:28,356][com.java.TestType] [  471] -  str(1) = 1
[INFO ][2015-11-09 14:30:28,356][com.java.TestType] [  474] - Test case Id is---1
[INFO ][2015-11-09 14:30:28,356][com.java.TestType] [  476] - 1
[INFO ][2015-11-09 14:30:28,356][com.java.TestType] [  471] -  str(2) = 8
[INFO ][2015-11-09 14:30:28,356][com.java.TestType] [  523] - row values are--------{1=com.java.Objects.TestDataDetails@c38ceb, 2=com.java.Objects.TestDataDetails@15cc031, 3=com.java.Objects.TestDataDetails@2586a, 4=com.java.Objects.TestDataDetails@5262ce, 5=com.java.Objects.TestDataDetails@1647692, 6=com.java.Objects.TestDataDetails@162f992, 7=com.java.Objects.TestDataDetails@69079, 8=com.java.Objects.TestDataDetails@1b5b632}
[INFO ][2015-11-09 14:30:28,356][com.java.TestType] [  471] -  str(1) = 1
[INFO ][2015-11-09 14:30:28,356][com.java.TestType] [  474] - Test case Id is---1
[INFO ][2015-11-09 14:30:28,356][com.java.TestType] [  476] - 1
[INFO ][2015-11-09 14:30:28,356][com.java.TestType] [  471] -  str(2) = 9
[INFO ][2015-11-09 14:30:28,356][com.java.TestType] [  523] - row values are--------{1=com.java.Objects.TestDataDetails@c38ceb, 2=com.java.Objects.TestDataDetails@15cc031, 3=com.java.Objects.TestDataDetails@2586a, 4=com.java.Objects.TestDataDetails@5262ce, 5=com.java.Objects.TestDataDetails@1647692, 6=com.java.Objects.TestDataDetails@162f992, 7=com.java.Objects.TestDataDetails@69079, 8=com.java.Objects.TestDataDetails@1b5b632, 9=com.java.Objects.TestDataDetails@8aafe3}
[INFO ][2015-11-09 14:30:28,356][com.java.TestType] [  471] -  str(1) = 1
[INFO ][2015-11-09 14:30:28,356][com.java.TestType] [  474] - Test case Id is---1
[INFO ][2015-11-09 14:30:28,356][com.java.TestType] [  476] - 1
[INFO ][2015-11-09 14:30:28,356][com.java.TestType] [  471] -  str(2) = 10
[INFO ][2015-11-09 14:30:28,356][com.java.TestType] [  523] - row values are--------{1=com.java.Objects.TestDataDetails@c38ceb, 2=com.java.Objects.TestDataDetails@15cc031, 3=com.java.Objects.TestDataDetails@2586a, 4=com.java.Objects.TestDataDetails@5262ce, 5=com.java.Objects.TestDataDetails@1647692, 6=com.java.Objects.TestDataDetails@162f992, 7=com.java.Objects.TestDataDetails@69079, 8=com.java.Objects.TestDataDetails@1b5b632, 9=com.java.Objects.TestDataDetails@8aafe3, 10=com.java.Objects.TestDataDetails@1d7825a}
[INFO ][2015-11-09 14:30:28,356][com.java.TestType] [  471] -  str(1) = 1
[INFO ][2015-11-09 14:30:28,356][com.java.TestType] [  474] - Test case Id is---1
[INFO ][2015-11-09 14:30:28,356][com.java.TestType] [  476] - 1
[INFO ][2015-11-09 14:30:28,356][com.java.TestType] [  471] -  str(2) = 11
[INFO ][2015-11-09 14:30:28,356][com.java.TestType] [  523] - row values are--------{1=com.java.Objects.TestDataDetails@c38ceb, 2=com.java.Objects.TestDataDetails@15cc031, 3=com.java.Objects.TestDataDetails@2586a, 4=com.java.Objects.TestDataDetails@5262ce, 5=com.java.Objects.TestDataDetails@1647692, 6=com.java.Objects.TestDataDetails@162f992, 7=com.java.Objects.TestDataDetails@69079, 8=com.java.Objects.TestDataDetails@1b5b632, 9=com.java.Objects.TestDataDetails@8aafe3, 10=com.java.Objects.TestDataDetails@1d7825a, 11=com.java.Objects.TestDataDetails@1d61c3b}
[INFO ][2015-11-09 14:30:28,356][com.java.TestType] [  471] -  str(1) = 1
[INFO ][2015-11-09 14:30:28,356][com.java.TestType] [  474] - Test case Id is---1
[INFO ][2015-11-09 14:30:28,356][com.java.TestType] [  476] - 1
[INFO ][2015-11-09 14:30:28,356][com.java.TestType] [  471] -  str(2) = 12
[INFO ][2015-11-09 14:30:28,356][com.java.TestType] [  523] - row values are--------{1=com.java.Objects.TestDataDetails@c38ceb, 2=com.java.Objects.TestDataDetails@15cc031, 3=com.java.Objects.TestDataDetails@2586a, 4=com.java.Objects.TestDataDetails@5262ce, 5=com.java.Objects.TestDataDetails@1647692, 6=com.java.Objects.TestDataDetails@162f992, 7=com.java.Objects.TestDataDetails@69079, 8=com.java.Objects.TestDataDetails@1b5b632, 9=com.java.Objects.TestDataDetails@8aafe3, 10=com.java.Objects.TestDataDetails@1d7825a, 11=com.java.Objects.TestDataDetails@1d61c3b, 12=com.java.Objects.TestDataDetails@3fdf63}
[INFO ][2015-11-09 14:30:28,356][com.java.TestType] [  471] -  str(1) = 1
[INFO ][2015-11-09 14:30:28,356][com.java.TestType] [  474] - Test case Id is---1
[INFO ][2015-11-09 14:30:28,356][com.java.TestType] [  476] - 1
[INFO ][2015-11-09 14:30:28,356][com.java.TestType] [  471] -  str(2) = 13
[INFO ][2015-11-09 14:30:28,356][com.java.TestType] [  523] - row values are--------{1=com.java.Objects.TestDataDetails@c38ceb, 2=com.java.Objects.TestDataDetails@15cc031, 3=com.java.Objects.TestDataDetails@2586a, 4=com.java.Objects.TestDataDetails@5262ce, 5=com.java.Objects.TestDataDetails@1647692, 6=com.java.Objects.TestDataDetails@162f992, 7=com.java.Objects.TestDataDetails@69079, 8=com.java.Objects.TestDataDetails@1b5b632, 9=com.java.Objects.TestDataDetails@8aafe3, 10=com.java.Objects.TestDataDetails@1d7825a, 11=com.java.Objects.TestDataDetails@1d61c3b, 12=com.java.Objects.TestDataDetails@3fdf63, 13=com.java.Objects.TestDataDetails@a5bce1}
[INFO ][2015-11-09 14:30:28,356][com.java.TestType] [  471] -  str(1) = 1
[INFO ][2015-11-09 14:30:28,356][com.java.TestType] [  474] - Test case Id is---1
[INFO ][2015-11-09 14:30:28,356][com.java.TestType] [  476] - 1
[INFO ][2015-11-09 14:30:28,356][com.java.TestType] [  471] -  str(2) = 14
[INFO ][2015-11-09 14:30:28,372][com.java.TestType] [  523] - row values are--------{1=com.java.Objects.TestDataDetails@c38ceb, 2=com.java.Objects.TestDataDetails@15cc031, 3=com.java.Objects.TestDataDetails@2586a, 4=com.java.Objects.TestDataDetails@5262ce, 5=com.java.Objects.TestDataDetails@1647692, 6=com.java.Objects.TestDataDetails@162f992, 7=com.java.Objects.TestDataDetails@69079, 8=com.java.Objects.TestDataDetails@1b5b632, 9=com.java.Objects.TestDataDetails@8aafe3, 10=com.java.Objects.TestDataDetails@1d7825a, 11=com.java.Objects.TestDataDetails@1d61c3b, 12=com.java.Objects.TestDataDetails@3fdf63, 13=com.java.Objects.TestDataDetails@a5bce1, 14=com.java.Objects.TestDataDetails@4218e8}
[INFO ][2015-11-09 14:30:28,372][com.java.TestType] [ 8232] - Looping 1TCID = 1
[DEBUG][2015-11-09 14:30:28,372][com.java.TestType] [ 8273] - Concept ID:1 :: Step being Executed: 1::1
[INFO ][2015-11-09 14:30:28,372][com.java.TestType] [ 8311] - dataFields : TXTusername
[DEBUG][2015-11-09 14:30:28,372][com.java.TestType] [ 8317] - <In Set values of the page>
[DEBUG][2015-11-09 14:30:28,372][com.java.TestType] [ 8322] - {Data Fields & Data Values Exist}
[INFO ][2015-11-09 14:30:28,372][com.java.TestType] [ 8328] - --------------------------setting values-----------------------------
[INFO ][2015-11-09 14:30:28,372][com.java.TestType] [ 8331] - Action Type : CLEARANDENTER
[INFO ][2015-11-09 14:30:28,372][com.java.TestType] [ 4082] - value = naresh.nayini.00000
[INFO ][2015-11-09 14:30:33,385][com.java.TestType] [ 8350] -  RESULT true
[INFO ][2015-11-09 14:30:33,385][com.java.TestType] [ 8467] - ?   P A S S   ?
[DEBUG][2015-11-09 14:30:33,385][com.java.TestType] [ 8273] - Concept ID:1 :: Step being Executed: 1::2
[INFO ][2015-11-09 14:30:33,385][com.java.TestType] [ 8311] - dataFields : TXTpassword
[DEBUG][2015-11-09 14:30:33,385][com.java.TestType] [ 8317] - <In Set values of the page>
[DEBUG][2015-11-09 14:30:33,385][com.java.TestType] [ 8322] - {Data Fields & Data Values Exist}
[INFO ][2015-11-09 14:30:33,385][com.java.TestType] [ 8328] - --------------------------setting values-----------------------------
[INFO ][2015-11-09 14:30:33,385][com.java.TestType] [ 8331] - Action Type : CLEARANDENTER
[INFO ][2015-11-09 14:30:33,385][com.java.TestType] [ 4082] - value = Password1*
[INFO ][2015-11-09 14:30:38,580][com.java.TestType] [ 8350] -  RESULT true
[INFO ][2015-11-09 14:30:38,580][com.java.TestType] [ 8467] - ?   P A S S   ?
[DEBUG][2015-11-09 14:30:38,580][com.java.TestType] [ 8273] - Concept ID:1 :: Step being Executed: 1::3
[ERROR][2015-11-09 14:30:38,580][com.java.TestType] [ 8306] - Exception: null
[INFO ][2015-11-09 14:30:38,580][com.java.TestType] [ 8311] - dataFields : XPH//button[@type='submit']
[DEBUG][2015-11-09 14:30:38,580][com.java.TestType] [ 8317] - <In Set values of the page>
[DEBUG][2015-11-09 14:30:38,580][com.java.TestType] [ 8322] - {Data Fields & Data Values Exist}
[INFO ][2015-11-09 14:30:38,580][com.java.TestType] [ 8328] - --------------------------setting values-----------------------------
[INFO ][2015-11-09 14:30:38,580][com.java.TestType] [ 8331] - Action Type : Click
[INFO ][2015-11-09 14:30:38,580][com.java.TestType] [ 4395] - Field ::XPH//button[@type='submit']
[INFO ][2015-11-09 14:30:39,594][com.java.TestType] [ 4454] - BEFORE CLICK
[INFO ][2015-11-09 14:30:47,974][com.java.TestType] [ 4462] - Unable to click the object Login
[INFO ][2015-11-09 14:30:47,974][com.java.TestType] [ 8350] -  RESULT true
[INFO ][2015-11-09 14:30:47,974][com.java.TestType] [ 8467] - ?   P A S S   ?
[DEBUG][2015-11-09 14:30:47,974][com.java.TestType] [ 8273] - Concept ID:1 :: Step being Executed: 1::4
[INFO ][2015-11-09 14:30:47,974][com.java.TestType] [ 8311] - dataFields : LNKLogout
[DEBUG][2015-11-09 14:30:47,974][com.java.TestType] [ 8317] - <In Set values of the page>
[DEBUG][2015-11-09 14:30:47,974][com.java.TestType] [ 8322] - {Data Fields & Data Values Exist}
[INFO ][2015-11-09 14:30:47,974][com.java.TestType] [ 8328] - --------------------------setting values-----------------------------
[INFO ][2015-11-09 14:30:47,974][com.java.TestType] [ 8331] - Action Type : WaitForElement
[INFO ][2015-11-09 14:30:48,006][com.java.TestType] [ 8350] -  RESULT true
[INFO ][2015-11-09 14:30:48,006][com.java.TestType] [ 8467] - ?   P A S S   ?
[DEBUG][2015-11-09 14:30:48,006][com.java.TestType] [ 8273] - Concept ID:1 :: Step being Executed: 1::13
[INFO ][2015-11-09 14:30:48,006][com.java.TestType] [ 8311] - dataFields : LNK
[DEBUG][2015-11-09 14:30:48,006][com.java.TestType] [ 8317] - <In Set values of the page>
[DEBUG][2015-11-09 14:30:48,006][com.java.TestType] [ 8322] - {Data Fields & Data Values Exist}
[INFO ][2015-11-09 14:30:48,006][com.java.TestType] [ 8328] - --------------------------setting values-----------------------------
[INFO ][2015-11-09 14:30:48,006][com.java.TestType] [ 8331] - Action Type : Verify
[INFO ][2015-11-09 14:30:48,006][com.java.TestType] [ 5208] - field= LNK value= Logout
[INFO ][2015-11-09 14:30:48,006][com.java.TestType] [ 4082] - value = Logout
[INFO ][2015-11-09 14:30:48,037][com.java.TestType] [ 8350] -  RESULT true
[INFO ][2015-11-09 14:30:48,037][com.java.TestType] [ 8467] - ?   P A S S   ?
[DEBUG][2015-11-09 14:30:48,037][com.java.TestType] [ 8273] - Concept ID:1 :: Step being Executed: 1::14
[INFO ][2015-11-09 14:30:48,037][com.java.TestType] [ 8311] - dataFields : BTN
[DEBUG][2015-11-09 14:30:48,037][com.java.TestType] [ 8317] - <In Set values of the page>
[DEBUG][2015-11-09 14:30:48,037][com.java.TestType] [ 8322] - {Data Fields & Data Values Exist}
[INFO ][2015-11-09 14:30:48,037][com.java.TestType] [ 8328] - --------------------------setting values-----------------------------
[INFO ][2015-11-09 14:30:48,037][com.java.TestType] [ 8331] - Action Type : Verify
[INFO ][2015-11-09 14:30:48,037][com.java.TestType] [ 5208] - field= BTN value= //img[contains(@src,'bdlogo.jpg')]
[INFO ][2015-11-09 14:30:48,037][com.java.TestType] [ 4082] - value = //img[contains(@src,'bdlogo.jpg')]
[INFO ][2015-11-09 14:30:48,068][com.java.TestType] [ 8350] -  RESULT true
[INFO ][2015-11-09 14:30:48,068][com.java.TestType] [ 8467] - ?   P A S S   ?
[INFO ][2015-11-09 14:30:48,068][com.java.TestType] [ 8538] - Looping End......
[INFO ][2015-11-09 14:30:48,068][com.java.SeleniumDriver] [  861] -  RESULT true
[INFO ][2015-11-09 14:30:48,068][com.java.SeleniumDriver] [ 1066] - ?   P A S S   ?
[INFO ][2015-11-09 14:30:48,068][com.java.SeleniumDriver] [  788] - ------------------------------------------
[INFO ][2015-11-09 14:30:48,068][com.java.SeleniumDriver] [  789] - Test case being Executed: 1
[INFO ][2015-11-09 14:30:48,068][com.java.SeleniumDriver] [  800] - Test step:2
[INFO ][2015-11-09 14:30:48,068][com.java.SeleniumDriver] [  812] - Datavalue is----------Concept#2:1-2
[INFO ][2015-11-09 14:30:48,068][com.java.SeleniumDriver] [  836] - DataField : test
[INFO ][2015-11-09 14:30:48,068][com.java.SeleniumDriver] [  838] - DataValue : Concept#2:1-2
[INFO ][2015-11-09 14:30:48,068][com.java.SeleniumDriver] [  844] - <In Set values of the page>
[INFO ][2015-11-09 14:30:48,068][com.java.SeleniumDriver] [  847] - {Data Fields & Data Values Exist}
[INFO ][2015-11-09 14:30:48,068][com.java.SeleniumDriver] [  849] - --------------------------setting values-----------------------------
[INFO ][2015-11-09 14:30:48,068][com.java.SeleniumDriver] [  852] - Action Type : ExecuteTestCase
[INFO ][2015-11-09 14:30:48,068][com.java.TestType] [  426] - The Concept sheet name is ---------- Concept
[INFO ][2015-11-09 14:30:48,068][com.java.TestType] [  429] - The Concept ID  is ---------- 2
[DEBUG][2015-11-09 14:30:48,068][com.java.TestType] [  433] - Steps being executted in the Concept are: 1:2
[INFO ][2015-11-09 14:30:48,068][com.java.TestType] [  440] - Test data details path ---------- D:\BankersDashboard\TestInputs\TestData.xls
[INFO ][2015-11-09 14:30:48,099][com.java.TestType] [  471] -  str(1) = 2
[INFO ][2015-11-09 14:30:48,099][com.java.TestType] [  474] - Test case Id is---2
[INFO ][2015-11-09 14:30:48,099][com.java.TestType] [  476] - 2
[INFO ][2015-11-09 14:30:48,099][com.java.TestType] [  471] -  str(2) = 1
[INFO ][2015-11-09 14:30:48,099][com.java.TestType] [  523] - row values are--------{1=com.java.Objects.TestDataDetails@14fc557}
[INFO ][2015-11-09 14:30:48,099][com.java.TestType] [  471] -  str(1) = 2
[INFO ][2015-11-09 14:30:48,099][com.java.TestType] [  474] - Test case Id is---2
[INFO ][2015-11-09 14:30:48,099][com.java.TestType] [  476] - 2
[INFO ][2015-11-09 14:30:48,099][com.java.TestType] [  471] -  str(2) = 2
[INFO ][2015-11-09 14:30:48,099][com.java.TestType] [  523] - row values are--------{1=com.java.Objects.TestDataDetails@14fc557, 2=com.java.Objects.TestDataDetails@17507d9}
[INFO ][2015-11-09 14:30:48,099][com.java.TestType] [  471] -  str(1) = 2
[INFO ][2015-11-09 14:30:48,099][com.java.TestType] [  474] - Test case Id is---2
[INFO ][2015-11-09 14:30:48,099][com.java.TestType] [  476] - 2
[INFO ][2015-11-09 14:30:48,099][com.java.TestType] [  471] -  str(2) = 3
[INFO ][2015-11-09 14:30:48,099][com.java.TestType] [  523] - row values are--------{1=com.java.Objects.TestDataDetails@14fc557, 2=com.java.Objects.TestDataDetails@17507d9, 3=com.java.Objects.TestDataDetails@1e5ab68}
[INFO ][2015-11-09 14:30:48,099][com.java.TestType] [ 8232] - Looping 1TCID = 2
[DEBUG][2015-11-09 14:30:48,099][com.java.TestType] [ 8273] - Concept ID:2 :: Step being Executed: 2::1
[INFO ][2015-11-09 14:30:48,099][com.java.TestType] [ 8311] - dataFields : BNK//select[@id='bank']
[DEBUG][2015-11-09 14:30:48,099][com.java.TestType] [ 8317] - <In Set values of the page>
[DEBUG][2015-11-09 14:30:48,099][com.java.TestType] [ 8322] - {Data Fields & Data Values Exist}
[INFO ][2015-11-09 14:30:48,099][com.java.TestType] [ 8328] - --------------------------setting values-----------------------------
[INFO ][2015-11-09 14:30:48,099][com.java.TestType] [ 8331] - Action Type : Select
[INFO ][2015-11-09 14:30:48,099][com.java.TestType] [ 4082] - value = PFC
[INFO ][2015-11-09 14:30:48,302][com.java.TestType] [ 8350] -  RESULT true
[INFO ][2015-11-09 14:30:48,302][com.java.TestType] [ 8467] - ?   P A S S   ?
[DEBUG][2015-11-09 14:30:48,302][com.java.TestType] [ 8273] - Concept ID:2 :: Step being Executed: 2::2
[INFO ][2015-11-09 14:30:48,302][com.java.TestType] [ 8311] - dataFields : LNKLogout
[DEBUG][2015-11-09 14:30:48,302][com.java.TestType] [ 8317] - <In Set values of the page>
[DEBUG][2015-11-09 14:30:48,302][com.java.TestType] [ 8322] - {Data Fields & Data Values Exist}
[INFO ][2015-11-09 14:30:48,302][com.java.TestType] [ 8328] - --------------------------setting values-----------------------------
[INFO ][2015-11-09 14:30:48,302][com.java.TestType] [ 8331] - Action Type : WaitTime
[DEBUG][2015-11-09 14:30:48,302][com.java.TestType] [ 3917] - sleepTime: 5000
[INFO ][2015-11-09 14:30:53,312][com.java.TestType] [ 8350] -  RESULT true
[INFO ][2015-11-09 14:30:53,312][com.java.TestType] [ 8467] - ?   P A S S   ?
[INFO ][2015-11-09 14:30:53,312][com.java.TestType] [ 8538] - Looping End......
[INFO ][2015-11-09 14:30:53,312][com.java.SeleniumDriver] [  861] -  RESULT true
[INFO ][2015-11-09 14:30:53,312][com.java.SeleniumDriver] [ 1066] - ?   P A S S   ?
[INFO ][2015-11-09 14:30:53,312][com.java.SeleniumDriver] [  788] - ------------------------------------------
[INFO ][2015-11-09 14:30:53,312][com.java.SeleniumDriver] [  789] - Test case being Executed: 1
[INFO ][2015-11-09 14:30:53,312][com.java.SeleniumDriver] [  800] - Test step:3
[INFO ][2015-11-09 14:30:53,312][com.java.SeleniumDriver] [  812] - Datavalue is----------2
[INFO ][2015-11-09 14:30:53,312][com.java.SeleniumDriver] [  836] - DataField : XPH//button[contains(text(),'Add Content')]
[INFO ][2015-11-09 14:30:53,312][com.java.SeleniumDriver] [  838] - DataValue : 2
[INFO ][2015-11-09 14:30:53,312][com.java.SeleniumDriver] [  844] - <In Set values of the page>
[INFO ][2015-11-09 14:30:53,312][com.java.SeleniumDriver] [  847] - {Data Fields & Data Values Exist}
[INFO ][2015-11-09 14:30:53,312][com.java.SeleniumDriver] [  849] - --------------------------setting values-----------------------------
[INFO ][2015-11-09 14:30:53,312][com.java.SeleniumDriver] [  852] - Action Type : WAITFORELEMENT
[INFO ][2015-11-09 14:30:53,360][com.java.SeleniumDriver] [  861] -  RESULT true
[INFO ][2015-11-09 14:30:53,360][com.java.SeleniumDriver] [ 1066] - ?   P A S S   ?
[DEBUG][2015-11-09 14:30:53,360][com.java.SeleniumDriver] [ 1168] - Case found
[DEBUG][2015-11-09 14:30:53,360][com.java.SeleniumDriver] [ 1173] - Incrementing ReportCounters[0]:1
[INFO ][2015-11-09 14:30:53,360][com.java.SeleniumDriver] [ 1192] - The results are-------------------[1, 1, Valid Login, Pass, , Mon Nov 09 14:30:48 IST 2015, 1, 2, Valid Login, Pass, , Mon Nov 09 14:30:53 IST 2015, 1, 3, Valid Login, Pass, , Mon Nov 09 14:30:53 IST 2015]
[INFO ][2015-11-09 14:30:53,360][com.java.SeleniumDriver] [ 1196] - End time is-------52 sec
[INFO ][2015-11-09 14:30:53,360][com.java.SeleniumDriver] [ 1197] - The results are-------------------[1, 1, Valid Login, Pass, , Mon Nov 09 14:30:48 IST 2015, 1, 2, Valid Login, Pass, , Mon Nov 09 14:30:53 IST 2015, 1, 3, Valid Login, Pass, , Mon Nov 09 14:30:53 IST 2015]
[DEBUG][2015-11-09 14:30:53,360][com.java.ImportnExport.ExportTestResultsExcel] [  222] - testResultPath = D:\BankersDashboard/TestReports/Test Results_BankersDashBoard_110915_143003_IE11_Any Bank USA.xls
[DEBUG][2015-11-09 14:30:53,360][com.java.ImportnExport.ExportTestResultsExcel] [  223] - browser is------------IE11
[DEBUG][2015-11-09 14:30:53,391][com.java.ImportnExport.ExportTestResultsExcel] [  270] - result.size() = 18
[DEBUG][2015-11-09 14:30:53,391][com.java.ImportnExport.ExportTestResultsExcel] [  274] - No of rows in sheet=1
[DEBUG][2015-11-09 14:30:53,391][com.java.ImportnExport.ExportTestResultsExcel] [  301] - ..in export..1
[DEBUG][2015-11-09 14:30:53,391][com.java.ImportnExport.ExportTestResultsExcel] [  301] - ..in export..Valid Login
[DEBUG][2015-11-09 14:30:53,391][com.java.ImportnExport.ExportTestResultsExcel] [  301] - ..in export..Pass
[DEBUG][2015-11-09 14:30:53,391][com.java.ImportnExport.ExportTestResultsExcel] [  301] - ..in export..
[DEBUG][2015-11-09 14:30:53,391][com.java.ImportnExport.ExportTestResultsExcel] [  301] - ..in export..Mon Nov 09 14:30:48 IST 2015
[INFO ][2015-11-09 14:30:53,391][com.java.SeleniumDriver] [ 1255] - out loop:0 size:2 TestCases:[1, 11] testcases:[1, 11]
[INFO ][2015-11-09 14:30:53,391][com.java.ImportnExport.ImportTestDataDetailsExcel] [   49] - test data details path===== D:\BankersDashboard\TestInputs\TestData.xls
[INFO ][2015-11-09 14:31:07,532][com.java.SeleniumDriver] [  788] - ------------------------------------------
[INFO ][2015-11-09 14:31:07,532][com.java.SeleniumDriver] [  789] - Test case being Executed: 11
[INFO ][2015-11-09 14:31:07,532][com.java.SeleniumDriver] [  800] - Test step:1
[INFO ][2015-11-09 14:31:07,532][com.java.SeleniumDriver] [  812] - Datavalue is----------Logout
[INFO ][2015-11-09 14:31:07,532][com.java.SeleniumDriver] [  836] - DataField : BTN
[INFO ][2015-11-09 14:31:07,532][com.java.SeleniumDriver] [  838] - DataValue : Logout
[INFO ][2015-11-09 14:31:07,532][com.java.SeleniumDriver] [  844] - <In Set values of the page>
[INFO ][2015-11-09 14:31:07,532][com.java.SeleniumDriver] [  847] - {Data Fields & Data Values Exist}
[INFO ][2015-11-09 14:31:07,532][com.java.SeleniumDriver] [  849] - --------------------------setting values-----------------------------
[INFO ][2015-11-09 14:31:07,532][com.java.SeleniumDriver] [  852] - Action Type : Verify
[INFO ][2015-11-09 14:31:07,532][com.java.TestType] [ 5208] - field= BTN value= Logout
[INFO ][2015-11-09 14:31:07,532][com.java.TestType] [ 4082] - value = Logout
[INFO ][2015-11-09 14:31:07,564][com.java.SeleniumDriver] [  861] -  RESULT true
[INFO ][2015-11-09 14:31:07,564][com.java.SeleniumDriver] [ 1066] - ?   P A S S   ?
[INFO ][2015-11-09 14:31:07,564][com.java.SeleniumDriver] [ 1108] - step change to 3
[INFO ][2015-11-09 14:31:07,564][com.java.SeleniumDriver] [  788] - ------------------------------------------
[INFO ][2015-11-09 14:31:07,564][com.java.SeleniumDriver] [  789] - Test case being Executed: 11
[INFO ][2015-11-09 14:31:07,564][com.java.SeleniumDriver] [  800] - Test step:3
[INFO ][2015-11-09 14:31:07,564][com.java.SeleniumDriver] [  812] - Datavalue is----------Concept#2:1-2
[INFO ][2015-11-09 14:31:07,564][com.java.SeleniumDriver] [  836] - DataField : test
[INFO ][2015-11-09 14:31:07,564][com.java.SeleniumDriver] [  838] - DataValue : Concept#2:1-2
[INFO ][2015-11-09 14:31:07,564][com.java.SeleniumDriver] [  844] - <In Set values of the page>
[INFO ][2015-11-09 14:31:07,564][com.java.SeleniumDriver] [  847] - {Data Fields & Data Values Exist}
[INFO ][2015-11-09 14:31:07,564][com.java.SeleniumDriver] [  849] - --------------------------setting values-----------------------------
[INFO ][2015-11-09 14:31:07,564][com.java.SeleniumDriver] [  852] - Action Type : ExecuteTestCase
[INFO ][2015-11-09 14:31:07,564][com.java.TestType] [  426] - The Concept sheet name is ---------- Concept
[INFO ][2015-11-09 14:31:07,564][com.java.TestType] [  429] - The Concept ID  is ---------- 2
[DEBUG][2015-11-09 14:31:07,564][com.java.TestType] [  433] - Steps being executted in the Concept are: 1:2
[INFO ][2015-11-09 14:31:07,564][com.java.TestType] [  440] - Test data details path ---------- D:\BankersDashboard\TestInputs\TestData.xls
[INFO ][2015-11-09 14:31:07,596][com.java.TestType] [  471] -  str(1) = 2
[INFO ][2015-11-09 14:31:07,596][com.java.TestType] [  474] - Test case Id is---2
[INFO ][2015-11-09 14:31:07,596][com.java.TestType] [  476] - 2
[INFO ][2015-11-09 14:31:07,596][com.java.TestType] [  471] -  str(2) = 1
[INFO ][2015-11-09 14:31:07,596][com.java.TestType] [  523] - row values are--------{1=com.java.Objects.TestDataDetails@b29138}
[INFO ][2015-11-09 14:31:07,596][com.java.TestType] [  471] -  str(1) = 2
[INFO ][2015-11-09 14:31:07,596][com.java.TestType] [  474] - Test case Id is---2
[INFO ][2015-11-09 14:31:07,596][com.java.TestType] [  476] - 2
[INFO ][2015-11-09 14:31:07,596][com.java.TestType] [  471] -  str(2) = 2
[INFO ][2015-11-09 14:31:07,596][com.java.TestType] [  523] - row values are--------{1=com.java.Objects.TestDataDetails@b29138, 2=com.java.Objects.TestDataDetails@19857ee}
[INFO ][2015-11-09 14:31:07,596][com.java.TestType] [  471] -  str(1) = 2
[INFO ][2015-11-09 14:31:07,596][com.java.TestType] [  474] - Test case Id is---2
[INFO ][2015-11-09 14:31:07,596][com.java.TestType] [  476] - 2
[INFO ][2015-11-09 14:31:07,596][com.java.TestType] [  471] -  str(2) = 3
[INFO ][2015-11-09 14:31:07,596][com.java.TestType] [  523] - row values are--------{1=com.java.Objects.TestDataDetails@b29138, 2=com.java.Objects.TestDataDetails@19857ee, 3=com.java.Objects.TestDataDetails@6bd85}
[INFO ][2015-11-09 14:31:07,596][com.java.TestType] [ 8232] - Looping 1TCID = 2
[DEBUG][2015-11-09 14:31:07,596][com.java.TestType] [ 8273] - Concept ID:2 :: Step being Executed: 2::1
[INFO ][2015-11-09 14:31:07,596][com.java.TestType] [ 8311] - dataFields : BNK//select[@id='bank']
[DEBUG][2015-11-09 14:31:07,596][com.java.TestType] [ 8317] - <In Set values of the page>
[DEBUG][2015-11-09 14:31:07,596][com.java.TestType] [ 8322] - {Data Fields & Data Values Exist}
[INFO ][2015-11-09 14:31:07,596][com.java.TestType] [ 8328] - --------------------------setting values-----------------------------
[INFO ][2015-11-09 14:31:07,596][com.java.TestType] [ 8331] - Action Type : Select
[INFO ][2015-11-09 14:31:07,596][com.java.TestType] [ 4082] - value = PFC
[INFO ][2015-11-09 14:31:07,798][com.java.TestType] [ 8350] -  RESULT true
[INFO ][2015-11-09 14:31:07,798][com.java.TestType] [ 8467] - ?   P A S S   ?
[DEBUG][2015-11-09 14:31:07,798][com.java.TestType] [ 8273] - Concept ID:2 :: Step being Executed: 2::2
[INFO ][2015-11-09 14:31:07,798][com.java.TestType] [ 8311] - dataFields : LNKLogout
[DEBUG][2015-11-09 14:31:07,798][com.java.TestType] [ 8317] - <In Set values of the page>
[DEBUG][2015-11-09 14:31:07,798][com.java.TestType] [ 8322] - {Data Fields & Data Values Exist}
[INFO ][2015-11-09 14:31:07,798][com.java.TestType] [ 8328] - --------------------------setting values-----------------------------
[INFO ][2015-11-09 14:31:07,798][com.java.TestType] [ 8331] - Action Type : WaitTime
[DEBUG][2015-11-09 14:31:07,798][com.java.TestType] [ 3917] - sleepTime: 5000
[INFO ][2015-11-09 14:31:12,806][com.java.TestType] [ 8350] -  RESULT true
[INFO ][2015-11-09 14:31:12,806][com.java.TestType] [ 8467] - ?   P A S S   ?
[INFO ][2015-11-09 14:31:12,806][com.java.TestType] [ 8538] - Looping End......
[INFO ][2015-11-09 14:31:12,806][com.java.SeleniumDriver] [  861] -  RESULT true
[INFO ][2015-11-09 14:31:12,806][com.java.SeleniumDriver] [ 1066] - ?   P A S S   ?
[INFO ][2015-11-09 14:31:12,806][com.java.SeleniumDriver] [  788] - ------------------------------------------
[INFO ][2015-11-09 14:31:12,806][com.java.SeleniumDriver] [  789] - Test case being Executed: 11
[INFO ][2015-11-09 14:31:12,806][com.java.SeleniumDriver] [  800] - Test step:4
[INFO ][2015-11-09 14:31:12,806][com.java.SeleniumDriver] [  812] - Datavalue is----------dt:HTTPURL
[INFO ][2015-11-09 14:31:12,806][com.java.SeleniumDriver] [  836] - DataField : HTTP
[INFO ][2015-11-09 14:31:12,806][com.java.SeleniumDriver] [  838] - DataValue : dt:HTTPURL
[INFO ][2015-11-09 14:31:12,806][com.java.SeleniumDriver] [  844] - <In Set values of the page>
[INFO ][2015-11-09 14:31:12,806][com.java.SeleniumDriver] [  847] - {Data Fields & Data Values Exist}
[INFO ][2015-11-09 14:31:12,806][com.java.SeleniumDriver] [  849] - --------------------------setting values-----------------------------
[INFO ][2015-11-09 14:31:12,806][com.java.SeleniumDriver] [  852] - Action Type : OpenURL
[INFO ][2015-11-09 14:31:12,806][com.java.TestType] [  345] - Open URL : dt:HTTPURL
[INFO ][2015-11-09 14:31:13,025][com.java.SeleniumDriver] [  861] -  RESULT true
[INFO ][2015-11-09 14:31:13,025][com.java.SeleniumDriver] [ 1066] - ?   P A S S   ?
[INFO ][2015-11-09 14:31:13,025][com.java.SeleniumDriver] [  788] - ------------------------------------------
[INFO ][2015-11-09 14:31:13,025][com.java.SeleniumDriver] [  789] - Test case being Executed: 11
[INFO ][2015-11-09 14:31:13,025][com.java.SeleniumDriver] [  800] - Test step:5
[INFO ][2015-11-09 14:31:13,025][com.java.SeleniumDriver] [  812] - Datavalue is----------dt:HTTPSURL
[INFO ][2015-11-09 14:31:13,025][com.java.SeleniumDriver] [  836] - DataField : test
[INFO ][2015-11-09 14:31:13,025][com.java.SeleniumDriver] [  838] - DataValue : dt:HTTPSURL
[INFO ][2015-11-09 14:31:13,025][com.java.SeleniumDriver] [  844] - <In Set values of the page>
[INFO ][2015-11-09 14:31:13,025][com.java.SeleniumDriver] [  847] - {Data Fields & Data Values Exist}
[INFO ][2015-11-09 14:31:13,025][com.java.SeleniumDriver] [  849] - --------------------------setting values-----------------------------
[INFO ][2015-11-09 14:31:13,025][com.java.SeleniumDriver] [  852] - Action Type : VerifyURL
[INFO ][2015-11-09 14:31:13,041][com.java.TestType] [ 4082] - value = https://clients-xuat.bankersdashboard.com
[INFO ][2015-11-09 14:31:13,041][com.java.SeleniumDriver] [  861] -  RESULT false
[INFO ][2015-11-09 14:31:13,041][com.java.SeleniumDriver] [  908] - ?   F A I L   ?
[INFO ][2015-11-09 14:31:13,041][com.java.SeleniumDriver] [  916] - Browser Type : IE11
[INFO ][2015-11-09 14:31:13,041][com.java.SeleniumDriver] [  917] - Adding Failed case11
[INFO ][2015-11-09 14:31:13,088][com.java.SeleniumDriver] [ 1030] - failedCases = 11
[ERROR][2015-11-09 14:31:13,088][com.java.SeleniumDriver] [ 1516] - Platform Errors : Our apologies...::We have encountered an issue with your request.::Our apologies?:We encountered an issue with your request.
[INFO ][2015-11-09 14:31:13,088][com.java.SeleniumDriver] [ 1520] - Length =3
[ERROR][2015-11-09 14:31:13,088][com.java.SeleniumDriver] [ 1523] - Error 0 = Our apologies...
[ERROR][2015-11-09 14:31:13,119][com.java.SeleniumDriver] [ 1523] - Error 1 = We have encountered an issue with your request.
[ERROR][2015-11-09 14:31:13,135][com.java.SeleniumDriver] [ 1523] - Error 2 = Our apologies?:We encountered an issue with your request.
[DEBUG][2015-11-09 14:31:13,166][com.java.SeleniumDriver] [ 1168] - Case found
[DEBUG][2015-11-09 14:31:13,166][com.java.SeleniumDriver] [ 1173] - Incrementing ReportCounters[0]:2
[INFO ][2015-11-09 14:31:13,166][com.java.SeleniumDriver] [ 1192] - The results are-------------------[11, 5, HTTP Url Redirect, Fail, 
Test case failed at Step No. :: 5. Screen Shot : D:\BankersDashboard\TestReports\110915\11_110915_143113_IE11.png, Mon Nov 09 14:31:13 IST 2015]
[INFO ][2015-11-09 14:31:13,166][com.java.SeleniumDriver] [ 1196] - End time is-------1 min 11 sec
[INFO ][2015-11-09 14:31:13,166][com.java.SeleniumDriver] [ 1197] - The results are-------------------[11, 5, HTTP Url Redirect, Fail, 
Test case failed at Step No. :: 5. Screen Shot : D:\BankersDashboard\TestReports\110915\11_110915_143113_IE11.png, Mon Nov 09 14:31:13 IST 2015]
[DEBUG][2015-11-09 14:31:13,166][com.java.ImportnExport.ExportTestResultsExcel] [  222] - testResultPath = D:\BankersDashboard/TestReports/Test Results_BankersDashBoard_110915_143003_IE11_Any Bank USA.xls
[DEBUG][2015-11-09 14:31:13,166][com.java.ImportnExport.ExportTestResultsExcel] [  223] - browser is------------IE11
[DEBUG][2015-11-09 14:31:13,166][com.java.ImportnExport.ExportTestResultsExcel] [  270] - result.size() = 6
[DEBUG][2015-11-09 14:31:13,166][com.java.ImportnExport.ExportTestResultsExcel] [  274] - No of rows in sheet=2
[DEBUG][2015-11-09 14:31:13,166][com.java.ImportnExport.ExportTestResultsExcel] [  301] - ..in export..11
[DEBUG][2015-11-09 14:31:13,166][com.java.ImportnExport.ExportTestResultsExcel] [  301] - ..in export..HTTP Url Redirect
[DEBUG][2015-11-09 14:31:13,166][com.java.ImportnExport.ExportTestResultsExcel] [  301] - ..in export..Fail
[DEBUG][2015-11-09 14:31:13,166][com.java.ImportnExport.ExportTestResultsExcel] [  301] - ..in export..
Test case failed at Step No. :: 5. Screen Shot : D:\BankersDashboard\TestReports\110915\11_110915_143113_IE11.png
[DEBUG][2015-11-09 14:31:13,166][com.java.ImportnExport.ExportTestResultsExcel] [  301] - ..in export..Mon Nov 09 14:31:13 IST 2015
[INFO ][2015-11-09 14:31:13,166][com.java.SeleniumDriver] [ 1255] - out loop:1 size:2 TestCases:[1, 11] testcases:[1, 11]
[INFO ][2015-11-09 14:31:15,180][com.java.SeleniumDriver] [ 1297] - Total Number of Cases:2
[INFO ][2015-11-09 14:31:15,180][com.java.TemplateGenerator] [  302] - Executed:2
[INFO ][2015-11-09 14:31:15,180][com.java.TemplateGenerator] [  303] - Passed:1
[INFO ][2015-11-09 14:31:15,180][com.java.TemplateGenerator] [  304] - Failed:1
[INFO ][2015-11-09 14:31:15,180][com.java.TemplateGenerator] [  305] - Skipeed:0
[INFO ][2015-11-09 14:31:15,180][com.java.TemplateGenerator] [  306] - Application URL:https://clients-xuat.bankersdashboard.com
[INFO ][2015-11-09 14:31:15,180][com.java.TemplateGenerator] [  307] - Start Time:110915_143003
[INFO ][2015-11-09 14:31:15,180][com.java.TemplateGenerator] [  308] -  Creating HTML Report 
[ERROR][2015-11-09 14:31:15,180][com.java.TemplateGenerator] [  409] - Unparseable date: "Mon Nov 09 02:30:03 IST 2015"
[INFO ][2015-11-09 14:31:15,180][com.java.TemplateGenerator] [  654] -  Exporting case :: 1
[INFO ][2015-11-09 14:31:15,180][com.java.TemplateGenerator] [  654] -  Exporting case :: 11
[INFO ][2015-11-09 14:31:15,180][com.java.SeleniumDriver] [ 1346] - End Time:110915_143115
[INFO ][2015-11-09 14:31:15,180][com.java.SeleniumDriver] [ 1349] - Data in Test Execution Details:{1=PASS, 11=FAILTest case failed at Step No. :: 5}
[INFO ][2015-11-09 14:31:15,180][com.java.SeleniumDriver] [ 1350] - Data in Failed Execution Deatils:{}
[INFO ][2015-11-09 14:31:15,180][com.java.SeleniumDriver] [ 1352] - ReportCounter:Total:2 :: PASS: 1 ::FAIL: 1
[INFO ][2015-11-09 14:31:15,180][com.java.SeleniumDriver] [ 1353] - FailedReportCounter:Total:0 :: PASS: 0 ::FAIL: 0
[INFO ][2015-11-09 14:31:15,180][com.java.EmailTestReport] [   63] - Sending report mail details:
[INFO ][2015-11-09 14:31:15,180][com.java.EmailTestReport] [   80] - Excel Report Path:D:\BankersDashboard/TestReports/Test Results_BankersDashBoard_110915_143003_IE11_Any Bank USA.xls
[INFO ][2015-11-09 14:31:15,180][com.java.EmailTestReport] [   81] - HTML Report Path:D:\BankersDashboard//TestReports//Test Results_BankersDashBoard_110915_143003_IE11_Any Bank USA.html
[INFO ][2015-11-09 14:31:15,180][com.java.EmailTestReport] [   82] - smtpHostName:mail01.valuelabs.com
[INFO ][2015-11-09 14:31:15,180][com.java.EmailTestReport] [   83] - Recipient:venkateswararao.gubbala@valuelabs.com
[INFO ][2015-11-09 14:31:15,180][com.java.EmailTestReport] [   84] - From:venkateswararao.gubbala@valuelabs.com
[INFO ][2015-11-09 14:31:15,180][com.java.EmailTestReport] [   85] - Subject:Deluxe Corp Bankers Dashboard Automation Test Report - Any Bank USA - IE11
[INFO ][2015-11-09 14:31:15,181][com.java.EmailTestReport] [  143] -  Added venkateswararao.gubbala@valuelabs.com
[INFO ][2015-11-09 14:31:18,607][com.java.SeleniumDriver] [  719] - quitting the browser 
[INFO ][2015-11-09 14:31:19,871][com.java.SeleniumDriver] [  263] - Execution Completed Stopping the thread
