[INFO ][2015-11-13 13:48:14,700][com.java.SeleniumDriver] [  213] - Execute Failed Casesfalse
[INFO ][2015-11-13 13:48:14,700][com.java.SeleniumDriver] [  214] - Browser: IE11
[INFO ][2015-11-13 13:48:14,700][com.java.SeleniumDriver] [  215] - [1, 5]
[INFO ][2015-11-13 13:48:14,700][com.java.SeleniumDriver] [  216] - Total TestCases:2
[INFO ][2015-11-13 13:48:14,700][com.java.SeleniumDriver] [  217] -  Reading Properties from Property File 
[DEBUG][2015-11-13 13:48:14,700][com.java.SeleniumDriver] [  238] - url : https://clients-xuat.bankersdashboard.com
[INFO ][2015-11-13 13:48:14,700][com.java.ImportnExport.ExportTestResultsExcel] [  116] - Time Stamp Fri Nov 13 01:48:14 IST 2015
[INFO ][2015-11-13 13:48:14,700][com.java.ImportnExport.ExportTestResultsExcel] [  175] - OUT FILE : D:\BankersDashboard/TestReports/Test Results_BankersDashBoard_111315_134814_IE11_Any Bank USA.xls
[INFO ][2015-11-13 13:48:14,731][com.java.ImportnExport.ExportTestResultsExcel] [  180] - Test Result file is created
[DEBUG][2015-11-13 13:48:14,831][com.java.SeleniumDriver] [  425] - Hub ip address is-------172.17.68.34
[INFO ][2015-11-13 13:48:14,831][com.java.SeleniumDriver] [  451] - Grid URL:http://172.17.68.34:4444/wd/hub
[INFO ][2015-11-13 13:48:14,831][com.java.SeleniumDriver] [  452] - Capability:Capabilities [{platform=ANY, ensureCleanSession=true, ignoreProtectedModeSettings=true, acceptSslCerts=true, ignoreZoomSetting=true, browserName=internet explorer, browserstack.ie.noFlash=true, version=Node1}]
[ERROR][2015-11-13 13:48:16,121][com.java.SeleniumDriver] [  496] - Unable invoke browser in grid:Could not start a new session. Possible causes are invalid address of the remote server or browser start-up failure.
Build info: version: '2.48.2', revision: '41bccdd', time: '2015-10-09 19:59:12'
System info: host: 'FVTIII438F1D', ip: '172.17.68.34', os.name: 'Windows 7', os.arch: 'x86', os.version: '6.1', java.version: '1.7.0_55'
Driver info: driver.version: SeleniumDriver
[INFO ][2015-11-13 13:48:16,121][com.java.SeleniumDriver] [  498] - Executing on local machine
[INFO ][2015-11-13 13:48:25,856][com.java.SeleniumDriver] [  248] - IE11is opened
[INFO ][2015-11-13 13:48:26,513][com.java.SeleniumDriver] [  753] - Test cases to be executed are: [1, 5]
[INFO ][2015-11-13 13:48:26,524][com.java.ImportnExport.ImportTestDataDetailsExcel] [   49] - test data details path===== D:\BankersDashboard\TestInputs\TestData.xls
[INFO ][2015-11-13 13:48:26,574][com.java.SeleniumDriver] [  796] - ------------------------------------------
[INFO ][2015-11-13 13:48:26,574][com.java.SeleniumDriver] [  797] - Test case being Executed: 1
[INFO ][2015-11-13 13:48:26,574][com.java.SeleniumDriver] [  808] - Test step:1
[INFO ][2015-11-13 13:48:26,574][com.java.SeleniumDriver] [  820] - Datavalue is----------Concept#1:1-14
[INFO ][2015-11-13 13:48:26,574][com.java.SeleniumDriver] [  844] - DataField : test
[INFO ][2015-11-13 13:48:26,574][com.java.SeleniumDriver] [  846] - DataValue : Concept#1:1-14
[INFO ][2015-11-13 13:48:26,574][com.java.SeleniumDriver] [  852] - <In Set values of the page>
[INFO ][2015-11-13 13:48:26,574][com.java.SeleniumDriver] [  855] - {Data Fields & Data Values Exist}
[INFO ][2015-11-13 13:48:26,574][com.java.SeleniumDriver] [  857] - --------------------------setting values-----------------------------
[INFO ][2015-11-13 13:48:26,574][com.java.SeleniumDriver] [  860] - Action Type : ExecuteTestCase
[INFO ][2015-11-13 13:48:26,594][com.java.TestType] [  423] - The Concept sheet name is ---------- Concept
[INFO ][2015-11-13 13:48:26,594][com.java.TestType] [  426] - The Concept ID  is ---------- 1
[DEBUG][2015-11-13 13:48:26,594][com.java.TestType] [  430] - Steps being executted in the Concept are: 1:14
[INFO ][2015-11-13 13:48:26,594][com.java.TestType] [  437] - Test data details path ---------- D:\BankersDashboard\TestInputs\TestData.xls
[INFO ][2015-11-13 13:48:26,624][com.java.TestType] [  468] -  str(1) = 1
[INFO ][2015-11-13 13:48:26,624][com.java.TestType] [  471] - Test case Id is---1
[INFO ][2015-11-13 13:48:26,624][com.java.TestType] [  473] - 1
[INFO ][2015-11-13 13:48:26,624][com.java.TestType] [  468] -  str(2) = 1
[INFO ][2015-11-13 13:48:26,624][com.java.TestType] [  520] - row values are--------{1=com.java.Objects.TestDataDetails@f180d9}
[INFO ][2015-11-13 13:48:26,624][com.java.TestType] [  468] -  str(1) = 1
[INFO ][2015-11-13 13:48:26,624][com.java.TestType] [  471] - Test case Id is---1
[INFO ][2015-11-13 13:48:26,624][com.java.TestType] [  473] - 1
[INFO ][2015-11-13 13:48:26,624][com.java.TestType] [  468] -  str(2) = 2
[INFO ][2015-11-13 13:48:26,634][com.java.TestType] [  520] - row values are--------{1=com.java.Objects.TestDataDetails@f180d9, 2=com.java.Objects.TestDataDetails@12aa789}
[INFO ][2015-11-13 13:48:26,634][com.java.TestType] [  468] -  str(1) = 1
[INFO ][2015-11-13 13:48:26,634][com.java.TestType] [  471] - Test case Id is---1
[INFO ][2015-11-13 13:48:26,634][com.java.TestType] [  473] - 1
[INFO ][2015-11-13 13:48:26,634][com.java.TestType] [  468] -  str(2) = 3
[INFO ][2015-11-13 13:48:26,634][com.java.TestType] [  520] - row values are--------{1=com.java.Objects.TestDataDetails@f180d9, 2=com.java.Objects.TestDataDetails@12aa789, 3=com.java.Objects.TestDataDetails@76a85e}
[INFO ][2015-11-13 13:48:26,634][com.java.TestType] [  468] -  str(1) = 1
[INFO ][2015-11-13 13:48:26,634][com.java.TestType] [  471] - Test case Id is---1
[INFO ][2015-11-13 13:48:26,634][com.java.TestType] [  473] - 1
[INFO ][2015-11-13 13:48:26,634][com.java.TestType] [  468] -  str(2) = 4
[INFO ][2015-11-13 13:48:26,634][com.java.TestType] [  520] - row values are--------{1=com.java.Objects.TestDataDetails@f180d9, 2=com.java.Objects.TestDataDetails@12aa789, 3=com.java.Objects.TestDataDetails@76a85e, 4=com.java.Objects.TestDataDetails@3ebd4}
[INFO ][2015-11-13 13:48:26,634][com.java.TestType] [  468] -  str(1) = 1
[INFO ][2015-11-13 13:48:26,634][com.java.TestType] [  471] - Test case Id is---1
[INFO ][2015-11-13 13:48:26,634][com.java.TestType] [  473] - 1
[INFO ][2015-11-13 13:48:26,634][com.java.TestType] [  468] -  str(2) = 5
[INFO ][2015-11-13 13:48:26,634][com.java.TestType] [  520] - row values are--------{1=com.java.Objects.TestDataDetails@f180d9, 2=com.java.Objects.TestDataDetails@12aa789, 3=com.java.Objects.TestDataDetails@76a85e, 4=com.java.Objects.TestDataDetails@3ebd4, 5=com.java.Objects.TestDataDetails@1d3477d}
[INFO ][2015-11-13 13:48:26,634][com.java.TestType] [  468] -  str(1) = 1
[INFO ][2015-11-13 13:48:26,634][com.java.TestType] [  471] - Test case Id is---1
[INFO ][2015-11-13 13:48:26,634][com.java.TestType] [  473] - 1
[INFO ][2015-11-13 13:48:26,634][com.java.TestType] [  468] -  str(2) = 6
[INFO ][2015-11-13 13:48:26,634][com.java.TestType] [  520] - row values are--------{1=com.java.Objects.TestDataDetails@f180d9, 2=com.java.Objects.TestDataDetails@12aa789, 3=com.java.Objects.TestDataDetails@76a85e, 4=com.java.Objects.TestDataDetails@3ebd4, 5=com.java.Objects.TestDataDetails@1d3477d, 6=com.java.Objects.TestDataDetails@b9dbd2}
[INFO ][2015-11-13 13:48:26,634][com.java.TestType] [  468] -  str(1) = 1
[INFO ][2015-11-13 13:48:26,634][com.java.TestType] [  471] - Test case Id is---1
[INFO ][2015-11-13 13:48:26,634][com.java.TestType] [  473] - 1
[INFO ][2015-11-13 13:48:26,634][com.java.TestType] [  468] -  str(2) = 7
[INFO ][2015-11-13 13:48:26,644][com.java.TestType] [  520] - row values are--------{1=com.java.Objects.TestDataDetails@f180d9, 2=com.java.Objects.TestDataDetails@12aa789, 3=com.java.Objects.TestDataDetails@76a85e, 4=com.java.Objects.TestDataDetails@3ebd4, 5=com.java.Objects.TestDataDetails@1d3477d, 6=com.java.Objects.TestDataDetails@b9dbd2, 7=com.java.Objects.TestDataDetails@1ee6f88}
[INFO ][2015-11-13 13:48:26,644][com.java.TestType] [  468] -  str(1) = 1
[INFO ][2015-11-13 13:48:26,644][com.java.TestType] [  471] - Test case Id is---1
[INFO ][2015-11-13 13:48:26,644][com.java.TestType] [  473] - 1
[INFO ][2015-11-13 13:48:26,644][com.java.TestType] [  468] -  str(2) = 8
[INFO ][2015-11-13 13:48:26,644][com.java.TestType] [  520] - row values are--------{1=com.java.Objects.TestDataDetails@f180d9, 2=com.java.Objects.TestDataDetails@12aa789, 3=com.java.Objects.TestDataDetails@76a85e, 4=com.java.Objects.TestDataDetails@3ebd4, 5=com.java.Objects.TestDataDetails@1d3477d, 6=com.java.Objects.TestDataDetails@b9dbd2, 7=com.java.Objects.TestDataDetails@1ee6f88, 8=com.java.Objects.TestDataDetails@73f47d}
[INFO ][2015-11-13 13:48:26,644][com.java.TestType] [  468] -  str(1) = 1
[INFO ][2015-11-13 13:48:26,644][com.java.TestType] [  471] - Test case Id is---1
[INFO ][2015-11-13 13:48:26,644][com.java.TestType] [  473] - 1
[INFO ][2015-11-13 13:48:26,644][com.java.TestType] [  468] -  str(2) = 9
[INFO ][2015-11-13 13:48:26,644][com.java.TestType] [  520] - row values are--------{1=com.java.Objects.TestDataDetails@f180d9, 2=com.java.Objects.TestDataDetails@12aa789, 3=com.java.Objects.TestDataDetails@76a85e, 4=com.java.Objects.TestDataDetails@3ebd4, 5=com.java.Objects.TestDataDetails@1d3477d, 6=com.java.Objects.TestDataDetails@b9dbd2, 7=com.java.Objects.TestDataDetails@1ee6f88, 8=com.java.Objects.TestDataDetails@73f47d, 9=com.java.Objects.TestDataDetails@a204f3}
[INFO ][2015-11-13 13:48:26,644][com.java.TestType] [  468] -  str(1) = 1
[INFO ][2015-11-13 13:48:26,644][com.java.TestType] [  471] - Test case Id is---1
[INFO ][2015-11-13 13:48:26,644][com.java.TestType] [  473] - 1
[INFO ][2015-11-13 13:48:26,644][com.java.TestType] [  468] -  str(2) = 10
[INFO ][2015-11-13 13:48:26,644][com.java.TestType] [  520] - row values are--------{1=com.java.Objects.TestDataDetails@f180d9, 2=com.java.Objects.TestDataDetails@12aa789, 3=com.java.Objects.TestDataDetails@76a85e, 4=com.java.Objects.TestDataDetails@3ebd4, 5=com.java.Objects.TestDataDetails@1d3477d, 6=com.java.Objects.TestDataDetails@b9dbd2, 7=com.java.Objects.TestDataDetails@1ee6f88, 8=com.java.Objects.TestDataDetails@73f47d, 9=com.java.Objects.TestDataDetails@a204f3, 10=com.java.Objects.TestDataDetails@30e7b}
[INFO ][2015-11-13 13:48:26,644][com.java.TestType] [  468] -  str(1) = 1
[INFO ][2015-11-13 13:48:26,644][com.java.TestType] [  471] - Test case Id is---1
[INFO ][2015-11-13 13:48:26,644][com.java.TestType] [  473] - 1
[INFO ][2015-11-13 13:48:26,644][com.java.TestType] [  468] -  str(2) = 11
[INFO ][2015-11-13 13:48:26,644][com.java.TestType] [  520] - row values are--------{1=com.java.Objects.TestDataDetails@f180d9, 2=com.java.Objects.TestDataDetails@12aa789, 3=com.java.Objects.TestDataDetails@76a85e, 4=com.java.Objects.TestDataDetails@3ebd4, 5=com.java.Objects.TestDataDetails@1d3477d, 6=com.java.Objects.TestDataDetails@b9dbd2, 7=com.java.Objects.TestDataDetails@1ee6f88, 8=com.java.Objects.TestDataDetails@73f47d, 9=com.java.Objects.TestDataDetails@a204f3, 10=com.java.Objects.TestDataDetails@30e7b, 11=com.java.Objects.TestDataDetails@1ff3900}
[INFO ][2015-11-13 13:48:26,644][com.java.TestType] [  468] -  str(1) = 1
[INFO ][2015-11-13 13:48:26,644][com.java.TestType] [  471] - Test case Id is---1
[INFO ][2015-11-13 13:48:26,644][com.java.TestType] [  473] - 1
[INFO ][2015-11-13 13:48:26,644][com.java.TestType] [  468] -  str(2) = 12
[INFO ][2015-11-13 13:48:26,644][com.java.TestType] [  520] - row values are--------{1=com.java.Objects.TestDataDetails@f180d9, 2=com.java.Objects.TestDataDetails@12aa789, 3=com.java.Objects.TestDataDetails@76a85e, 4=com.java.Objects.TestDataDetails@3ebd4, 5=com.java.Objects.TestDataDetails@1d3477d, 6=com.java.Objects.TestDataDetails@b9dbd2, 7=com.java.Objects.TestDataDetails@1ee6f88, 8=com.java.Objects.TestDataDetails@73f47d, 9=com.java.Objects.TestDataDetails@a204f3, 10=com.java.Objects.TestDataDetails@30e7b, 11=com.java.Objects.TestDataDetails@1ff3900, 12=com.java.Objects.TestDataDetails@19fc0de}
[INFO ][2015-11-13 13:48:26,644][com.java.TestType] [  468] -  str(1) = 1
[INFO ][2015-11-13 13:48:26,644][com.java.TestType] [  471] - Test case Id is---1
[INFO ][2015-11-13 13:48:26,644][com.java.TestType] [  473] - 1
[INFO ][2015-11-13 13:48:26,644][com.java.TestType] [  468] -  str(2) = 13
[INFO ][2015-11-13 13:48:26,654][com.java.TestType] [  520] - row values are--------{1=com.java.Objects.TestDataDetails@f180d9, 2=com.java.Objects.TestDataDetails@12aa789, 3=com.java.Objects.TestDataDetails@76a85e, 4=com.java.Objects.TestDataDetails@3ebd4, 5=com.java.Objects.TestDataDetails@1d3477d, 6=com.java.Objects.TestDataDetails@b9dbd2, 7=com.java.Objects.TestDataDetails@1ee6f88, 8=com.java.Objects.TestDataDetails@73f47d, 9=com.java.Objects.TestDataDetails@a204f3, 10=com.java.Objects.TestDataDetails@30e7b, 11=com.java.Objects.TestDataDetails@1ff3900, 12=com.java.Objects.TestDataDetails@19fc0de, 13=com.java.Objects.TestDataDetails@2f6e67}
[INFO ][2015-11-13 13:48:26,654][com.java.TestType] [  468] -  str(1) = 1
[INFO ][2015-11-13 13:48:26,654][com.java.TestType] [  471] - Test case Id is---1
[INFO ][2015-11-13 13:48:26,654][com.java.TestType] [  473] - 1
[INFO ][2015-11-13 13:48:26,654][com.java.TestType] [  468] -  str(2) = 14
[INFO ][2015-11-13 13:48:26,654][com.java.TestType] [  520] - row values are--------{1=com.java.Objects.TestDataDetails@f180d9, 2=com.java.Objects.TestDataDetails@12aa789, 3=com.java.Objects.TestDataDetails@76a85e, 4=com.java.Objects.TestDataDetails@3ebd4, 5=com.java.Objects.TestDataDetails@1d3477d, 6=com.java.Objects.TestDataDetails@b9dbd2, 7=com.java.Objects.TestDataDetails@1ee6f88, 8=com.java.Objects.TestDataDetails@73f47d, 9=com.java.Objects.TestDataDetails@a204f3, 10=com.java.Objects.TestDataDetails@30e7b, 11=com.java.Objects.TestDataDetails@1ff3900, 12=com.java.Objects.TestDataDetails@19fc0de, 13=com.java.Objects.TestDataDetails@2f6e67, 14=com.java.Objects.TestDataDetails@ec8f6e}
[INFO ][2015-11-13 13:48:26,654][com.java.TestType] [ 8567] - Looping 1TCID = 1
[DEBUG][2015-11-13 13:48:26,654][com.java.TestType] [ 8608] - Concept ID:1 :: Step being Executed: 1::1
[INFO ][2015-11-13 13:48:26,654][com.java.TestType] [ 8646] - dataFields : TXTusername
[DEBUG][2015-11-13 13:48:26,654][com.java.TestType] [ 8652] - <In Set values of the page>
[DEBUG][2015-11-13 13:48:26,654][com.java.TestType] [ 8657] - {Data Fields & Data Values Exist}
[INFO ][2015-11-13 13:48:26,654][com.java.TestType] [ 8663] - --------------------------setting values-----------------------------
[INFO ][2015-11-13 13:48:26,654][com.java.TestType] [ 8666] - Action Type : CLEARANDENTER
[INFO ][2015-11-13 13:48:26,654][com.java.TestType] [ 4321] - value = naresh.nayini.00000
[INFO ][2015-11-13 13:48:31,551][com.java.TestType] [ 8685] -  RESULT true
[INFO ][2015-11-13 13:48:31,551][com.java.TestType] [ 8802] - ?   P A S S   ?
[DEBUG][2015-11-13 13:48:31,551][com.java.TestType] [ 8608] - Concept ID:1 :: Step being Executed: 1::2
[INFO ][2015-11-13 13:48:31,551][com.java.TestType] [ 8646] - dataFields : TXTpassword
[DEBUG][2015-11-13 13:48:31,551][com.java.TestType] [ 8652] - <In Set values of the page>
[DEBUG][2015-11-13 13:48:31,551][com.java.TestType] [ 8657] - {Data Fields & Data Values Exist}
[INFO ][2015-11-13 13:48:31,551][com.java.TestType] [ 8663] - --------------------------setting values-----------------------------
[INFO ][2015-11-13 13:48:31,551][com.java.TestType] [ 8666] - Action Type : CLEARANDENTER
[INFO ][2015-11-13 13:48:31,551][com.java.TestType] [ 4321] - value = Password1*
[INFO ][2015-11-13 13:48:36,536][com.java.TestType] [ 8685] -  RESULT true
[INFO ][2015-11-13 13:48:36,536][com.java.TestType] [ 8802] - ?   P A S S   ?
[DEBUG][2015-11-13 13:48:36,536][com.java.TestType] [ 8608] - Concept ID:1 :: Step being Executed: 1::3
[ERROR][2015-11-13 13:48:36,536][com.java.TestType] [ 8641] - Exception: null
[INFO ][2015-11-13 13:48:36,536][com.java.TestType] [ 8646] - dataFields : XPH//button[@type='submit']
[DEBUG][2015-11-13 13:48:36,536][com.java.TestType] [ 8652] - <In Set values of the page>
[DEBUG][2015-11-13 13:48:36,536][com.java.TestType] [ 8657] - {Data Fields & Data Values Exist}
[INFO ][2015-11-13 13:48:36,536][com.java.TestType] [ 8663] - --------------------------setting values-----------------------------
[INFO ][2015-11-13 13:48:36,536][com.java.TestType] [ 8666] - Action Type : Click
[INFO ][2015-11-13 13:48:36,536][com.java.TestType] [ 4634] - Field ::XPH//button[@type='submit']
[INFO ][2015-11-13 13:48:37,536][com.java.TestType] [ 4693] - BEFORE CLICK
[INFO ][2015-11-13 13:48:38,381][com.java.TestType] [ 4701] - Unable to click the object Login
[INFO ][2015-11-13 13:48:38,381][com.java.TestType] [ 8685] -  RESULT true
[INFO ][2015-11-13 13:48:38,381][com.java.TestType] [ 8802] - ?   P A S S   ?
[DEBUG][2015-11-13 13:48:38,381][com.java.TestType] [ 8608] - Concept ID:1 :: Step being Executed: 1::4
[INFO ][2015-11-13 13:48:38,381][com.java.TestType] [ 8646] - dataFields : LNKLogout
[DEBUG][2015-11-13 13:48:38,381][com.java.TestType] [ 8652] - <In Set values of the page>
[DEBUG][2015-11-13 13:48:38,381][com.java.TestType] [ 8657] - {Data Fields & Data Values Exist}
[INFO ][2015-11-13 13:48:38,381][com.java.TestType] [ 8663] - --------------------------setting values-----------------------------
[INFO ][2015-11-13 13:48:38,381][com.java.TestType] [ 8666] - Action Type : WaitForElement
[INFO ][2015-11-13 13:48:49,283][com.java.TestType] [ 8685] -  RESULT true
[INFO ][2015-11-13 13:48:49,283][com.java.TestType] [ 8802] - ?   P A S S   ?
[DEBUG][2015-11-13 13:48:49,283][com.java.TestType] [ 8608] - Concept ID:1 :: Step being Executed: 1::13
[INFO ][2015-11-13 13:48:49,283][com.java.TestType] [ 8646] - dataFields : LNK
[DEBUG][2015-11-13 13:48:49,283][com.java.TestType] [ 8652] - <In Set values of the page>
[DEBUG][2015-11-13 13:48:49,283][com.java.TestType] [ 8657] - {Data Fields & Data Values Exist}
[INFO ][2015-11-13 13:48:49,283][com.java.TestType] [ 8663] - --------------------------setting values-----------------------------
[INFO ][2015-11-13 13:48:49,283][com.java.TestType] [ 8666] - Action Type : Verify
[INFO ][2015-11-13 13:48:49,283][com.java.TestType] [ 5428] - field= LNK value= Logout
[INFO ][2015-11-13 13:48:49,283][com.java.TestType] [ 4321] - value = Logout
[INFO ][2015-11-13 13:48:49,324][com.java.TestType] [ 8685] -  RESULT true
[INFO ][2015-11-13 13:48:49,324][com.java.TestType] [ 8802] - ?   P A S S   ?
[DEBUG][2015-11-13 13:48:49,324][com.java.TestType] [ 8608] - Concept ID:1 :: Step being Executed: 1::14
[INFO ][2015-11-13 13:48:49,324][com.java.TestType] [ 8646] - dataFields : BTN
[DEBUG][2015-11-13 13:48:49,324][com.java.TestType] [ 8652] - <In Set values of the page>
[DEBUG][2015-11-13 13:48:49,324][com.java.TestType] [ 8657] - {Data Fields & Data Values Exist}
[INFO ][2015-11-13 13:48:49,324][com.java.TestType] [ 8663] - --------------------------setting values-----------------------------
[INFO ][2015-11-13 13:48:49,324][com.java.TestType] [ 8666] - Action Type : Verify
[INFO ][2015-11-13 13:48:49,324][com.java.TestType] [ 5428] - field= BTN value= //img[contains(@src,'bdlogo.jpg')]
[INFO ][2015-11-13 13:48:49,324][com.java.TestType] [ 4321] - value = //img[contains(@src,'bdlogo.jpg')]
[INFO ][2015-11-13 13:48:49,364][com.java.TestType] [ 8685] -  RESULT true
[INFO ][2015-11-13 13:48:49,364][com.java.TestType] [ 8802] - ?   P A S S   ?
[INFO ][2015-11-13 13:48:49,364][com.java.TestType] [ 8873] - Looping End......
[INFO ][2015-11-13 13:48:49,364][com.java.SeleniumDriver] [  869] -  RESULT true
[INFO ][2015-11-13 13:48:49,364][com.java.SeleniumDriver] [ 1074] - ?   P A S S   ?
[INFO ][2015-11-13 13:48:49,364][com.java.SeleniumDriver] [  796] - ------------------------------------------
[INFO ][2015-11-13 13:48:49,364][com.java.SeleniumDriver] [  797] - Test case being Executed: 1
[INFO ][2015-11-13 13:48:49,364][com.java.SeleniumDriver] [  808] - Test step:2
[INFO ][2015-11-13 13:48:49,364][com.java.SeleniumDriver] [  820] - Datavalue is----------Concept#2:1-2
[INFO ][2015-11-13 13:48:49,364][com.java.SeleniumDriver] [  844] - DataField : test
[INFO ][2015-11-13 13:48:49,364][com.java.SeleniumDriver] [  846] - DataValue : Concept#2:1-2
[INFO ][2015-11-13 13:48:49,364][com.java.SeleniumDriver] [  852] - <In Set values of the page>
[INFO ][2015-11-13 13:48:49,364][com.java.SeleniumDriver] [  855] - {Data Fields & Data Values Exist}
[INFO ][2015-11-13 13:48:49,364][com.java.SeleniumDriver] [  857] - --------------------------setting values-----------------------------
[INFO ][2015-11-13 13:48:49,364][com.java.SeleniumDriver] [  860] - Action Type : ExecuteTestCase
[INFO ][2015-11-13 13:48:49,364][com.java.TestType] [  423] - The Concept sheet name is ---------- Concept
[INFO ][2015-11-13 13:48:49,364][com.java.TestType] [  426] - The Concept ID  is ---------- 2
[DEBUG][2015-11-13 13:48:49,364][com.java.TestType] [  430] - Steps being executted in the Concept are: 1:2
[INFO ][2015-11-13 13:48:49,364][com.java.TestType] [  437] - Test data details path ---------- D:\BankersDashboard\TestInputs\TestData.xls
[INFO ][2015-11-13 13:48:49,394][com.java.TestType] [  468] -  str(1) = 2
[INFO ][2015-11-13 13:48:49,394][com.java.TestType] [  471] - Test case Id is---2
[INFO ][2015-11-13 13:48:49,394][com.java.TestType] [  473] - 2
[INFO ][2015-11-13 13:48:49,394][com.java.TestType] [  468] -  str(2) = 1
[INFO ][2015-11-13 13:48:49,394][com.java.TestType] [  520] - row values are--------{1=com.java.Objects.TestDataDetails@19444c9}
[INFO ][2015-11-13 13:48:49,394][com.java.TestType] [  468] -  str(1) = 2
[INFO ][2015-11-13 13:48:49,394][com.java.TestType] [  471] - Test case Id is---2
[INFO ][2015-11-13 13:48:49,394][com.java.TestType] [  473] - 2
[INFO ][2015-11-13 13:48:49,394][com.java.TestType] [  468] -  str(2) = 2
[INFO ][2015-11-13 13:48:49,394][com.java.TestType] [  520] - row values are--------{1=com.java.Objects.TestDataDetails@19444c9, 2=com.java.Objects.TestDataDetails@1fd6b29}
[INFO ][2015-11-13 13:48:49,394][com.java.TestType] [  468] -  str(1) = 2
[INFO ][2015-11-13 13:48:49,394][com.java.TestType] [  471] - Test case Id is---2
[INFO ][2015-11-13 13:48:49,394][com.java.TestType] [  473] - 2
[INFO ][2015-11-13 13:48:49,394][com.java.TestType] [  468] -  str(2) = 3
[INFO ][2015-11-13 13:48:49,394][com.java.TestType] [  520] - row values are--------{1=com.java.Objects.TestDataDetails@19444c9, 2=com.java.Objects.TestDataDetails@1fd6b29, 3=com.java.Objects.TestDataDetails@b4a360}
[INFO ][2015-11-13 13:48:49,394][com.java.TestType] [ 8567] - Looping 1TCID = 2
[DEBUG][2015-11-13 13:48:49,394][com.java.TestType] [ 8608] - Concept ID:2 :: Step being Executed: 2::1
[INFO ][2015-11-13 13:48:49,394][com.java.TestType] [ 8646] - dataFields : BNK//select[@id='bank']
[DEBUG][2015-11-13 13:48:49,394][com.java.TestType] [ 8652] - <In Set values of the page>
[DEBUG][2015-11-13 13:48:49,394][com.java.TestType] [ 8657] - {Data Fields & Data Values Exist}
[INFO ][2015-11-13 13:48:49,394][com.java.TestType] [ 8663] - --------------------------setting values-----------------------------
[INFO ][2015-11-13 13:48:49,394][com.java.TestType] [ 8666] - Action Type : Select
[INFO ][2015-11-13 13:48:49,404][com.java.TestType] [ 4321] - value = PFC
[INFO ][2015-11-13 13:48:49,584][com.java.TestType] [ 8685] -  RESULT true
[INFO ][2015-11-13 13:48:49,584][com.java.TestType] [ 8802] - ?   P A S S   ?
[DEBUG][2015-11-13 13:48:49,584][com.java.TestType] [ 8608] - Concept ID:2 :: Step being Executed: 2::2
[INFO ][2015-11-13 13:48:49,584][com.java.TestType] [ 8646] - dataFields : LNKLogout
[DEBUG][2015-11-13 13:48:49,584][com.java.TestType] [ 8652] - <In Set values of the page>
[DEBUG][2015-11-13 13:48:49,584][com.java.TestType] [ 8657] - {Data Fields & Data Values Exist}
[INFO ][2015-11-13 13:48:49,584][com.java.TestType] [ 8663] - --------------------------setting values-----------------------------
[INFO ][2015-11-13 13:48:49,584][com.java.TestType] [ 8666] - Action Type : WaitTime
[DEBUG][2015-11-13 13:48:49,584][com.java.TestType] [ 4156] - sleepTime: 5000
[INFO ][2015-11-13 13:48:54,584][com.java.TestType] [ 8685] -  RESULT true
[INFO ][2015-11-13 13:48:54,584][com.java.TestType] [ 8802] - ?   P A S S   ?
[INFO ][2015-11-13 13:48:54,584][com.java.TestType] [ 8873] - Looping End......
[INFO ][2015-11-13 13:48:54,584][com.java.SeleniumDriver] [  869] -  RESULT true
[INFO ][2015-11-13 13:48:54,584][com.java.SeleniumDriver] [ 1074] - ?   P A S S   ?
[INFO ][2015-11-13 13:48:54,584][com.java.SeleniumDriver] [  796] - ------------------------------------------
[INFO ][2015-11-13 13:48:54,584][com.java.SeleniumDriver] [  797] - Test case being Executed: 1
[INFO ][2015-11-13 13:48:54,584][com.java.SeleniumDriver] [  808] - Test step:3
[INFO ][2015-11-13 13:48:54,584][com.java.SeleniumDriver] [  820] - Datavalue is----------2
[INFO ][2015-11-13 13:48:54,584][com.java.SeleniumDriver] [  844] - DataField : XPH//button[contains(text(),'Add Content')]
[INFO ][2015-11-13 13:48:54,584][com.java.SeleniumDriver] [  846] - DataValue : 2
[INFO ][2015-11-13 13:48:54,584][com.java.SeleniumDriver] [  852] - <In Set values of the page>
[INFO ][2015-11-13 13:48:54,584][com.java.SeleniumDriver] [  855] - {Data Fields & Data Values Exist}
[INFO ][2015-11-13 13:48:54,584][com.java.SeleniumDriver] [  857] - --------------------------setting values-----------------------------
[INFO ][2015-11-13 13:48:54,584][com.java.SeleniumDriver] [  860] - Action Type : WAITFORELEMENT
[INFO ][2015-11-13 13:48:54,625][com.java.SeleniumDriver] [  869] -  RESULT true
[INFO ][2015-11-13 13:48:54,625][com.java.SeleniumDriver] [ 1074] - ?   P A S S   ?
[DEBUG][2015-11-13 13:48:54,625][com.java.SeleniumDriver] [ 1176] - Case found
[DEBUG][2015-11-13 13:48:54,625][com.java.SeleniumDriver] [ 1181] - Incrementing ReportCounters[0]:1
[INFO ][2015-11-13 13:48:54,625][com.java.SeleniumDriver] [ 1200] - The results are-------------------[1, 1, Valid Login, Pass, , Fri Nov 13 13:48:49 IST 2015, 1, 2, Valid Login, Pass, , Fri Nov 13 13:48:54 IST 2015, 1, 3, Valid Login, Pass, , Fri Nov 13 13:48:54 IST 2015]
[INFO ][2015-11-13 13:48:54,625][com.java.SeleniumDriver] [ 1204] - End time is-------42 sec
[INFO ][2015-11-13 13:48:54,625][com.java.SeleniumDriver] [ 1205] - The results are-------------------[1, 1, Valid Login, Pass, , Fri Nov 13 13:48:49 IST 2015, 1, 2, Valid Login, Pass, , Fri Nov 13 13:48:54 IST 2015, 1, 3, Valid Login, Pass, , Fri Nov 13 13:48:54 IST 2015]
[DEBUG][2015-11-13 13:48:54,625][com.java.ImportnExport.ExportTestResultsExcel] [  222] - testResultPath = D:\BankersDashboard/TestReports/Test Results_BankersDashBoard_111315_134814_IE11_Any Bank USA.xls
[DEBUG][2015-11-13 13:48:54,625][com.java.ImportnExport.ExportTestResultsExcel] [  223] - browser is------------IE11
[DEBUG][2015-11-13 13:48:54,685][com.java.ImportnExport.ExportTestResultsExcel] [  270] - result.size() = 18
[DEBUG][2015-11-13 13:48:54,685][com.java.ImportnExport.ExportTestResultsExcel] [  274] - No of rows in sheet=1
[DEBUG][2015-11-13 13:48:54,685][com.java.ImportnExport.ExportTestResultsExcel] [  301] - ..in export..1
[DEBUG][2015-11-13 13:48:54,685][com.java.ImportnExport.ExportTestResultsExcel] [  301] - ..in export..Valid Login
[DEBUG][2015-11-13 13:48:54,685][com.java.ImportnExport.ExportTestResultsExcel] [  301] - ..in export..Pass
[DEBUG][2015-11-13 13:48:54,685][com.java.ImportnExport.ExportTestResultsExcel] [  301] - ..in export..
[DEBUG][2015-11-13 13:48:54,685][com.java.ImportnExport.ExportTestResultsExcel] [  301] - ..in export..Fri Nov 13 13:48:49 IST 2015
[INFO ][2015-11-13 13:48:54,685][com.java.SeleniumDriver] [ 1263] - out loop:0 size:2 TestCases:[1, 5] testcases:[1, 5]
[INFO ][2015-11-13 13:48:54,685][com.java.ImportnExport.ImportTestDataDetailsExcel] [   49] - test data details path===== D:\BankersDashboard\TestInputs\TestData.xls
[INFO ][2015-11-13 13:49:16,664][com.java.SeleniumDriver] [  796] - ------------------------------------------
[INFO ][2015-11-13 13:49:16,664][com.java.SeleniumDriver] [  797] - Test case being Executed: 5
[INFO ][2015-11-13 13:49:16,664][com.java.SeleniumDriver] [  808] - Test step:1
[INFO ][2015-11-13 13:49:16,664][com.java.SeleniumDriver] [  820] - Datavalue is----------Logout
[INFO ][2015-11-13 13:49:16,664][com.java.SeleniumDriver] [  844] - DataField : BTN
[INFO ][2015-11-13 13:49:16,664][com.java.SeleniumDriver] [  846] - DataValue : Logout
[INFO ][2015-11-13 13:49:16,664][com.java.SeleniumDriver] [  852] - <In Set values of the page>
[INFO ][2015-11-13 13:49:16,664][com.java.SeleniumDriver] [  855] - {Data Fields & Data Values Exist}
[INFO ][2015-11-13 13:49:16,664][com.java.SeleniumDriver] [  857] - --------------------------setting values-----------------------------
[INFO ][2015-11-13 13:49:16,664][com.java.SeleniumDriver] [  860] - Action Type : Verify
[INFO ][2015-11-13 13:49:16,664][com.java.TestType] [ 5428] - field= BTN value= Logout
[INFO ][2015-11-13 13:49:16,664][com.java.TestType] [ 4321] - value = Logout
[INFO ][2015-11-13 13:49:16,695][com.java.SeleniumDriver] [  869] -  RESULT true
[INFO ][2015-11-13 13:49:16,695][com.java.SeleniumDriver] [ 1074] - ?   P A S S   ?
[INFO ][2015-11-13 13:49:16,695][com.java.SeleniumDriver] [ 1116] - step change to 3
[INFO ][2015-11-13 13:49:16,695][com.java.SeleniumDriver] [  796] - ------------------------------------------
[INFO ][2015-11-13 13:49:16,695][com.java.SeleniumDriver] [  797] - Test case being Executed: 5
[INFO ][2015-11-13 13:49:16,695][com.java.SeleniumDriver] [  808] - Test step:3
[INFO ][2015-11-13 13:49:16,695][com.java.SeleniumDriver] [  820] - Datavalue is----------Concept#2:1-2
[INFO ][2015-11-13 13:49:16,695][com.java.SeleniumDriver] [  844] - DataField : test
[INFO ][2015-11-13 13:49:16,695][com.java.SeleniumDriver] [  846] - DataValue : Concept#2:1-2
[INFO ][2015-11-13 13:49:16,695][com.java.SeleniumDriver] [  852] - <In Set values of the page>
[INFO ][2015-11-13 13:49:16,695][com.java.SeleniumDriver] [  855] - {Data Fields & Data Values Exist}
[INFO ][2015-11-13 13:49:16,695][com.java.SeleniumDriver] [  857] - --------------------------setting values-----------------------------
[INFO ][2015-11-13 13:49:16,695][com.java.SeleniumDriver] [  860] - Action Type : ExecuteTestCase
[INFO ][2015-11-13 13:49:16,695][com.java.TestType] [  423] - The Concept sheet name is ---------- Concept
[INFO ][2015-11-13 13:49:16,695][com.java.TestType] [  426] - The Concept ID  is ---------- 2
[DEBUG][2015-11-13 13:49:16,695][com.java.TestType] [  430] - Steps being executted in the Concept are: 1:2
[INFO ][2015-11-13 13:49:16,695][com.java.TestType] [  437] - Test data details path ---------- D:\BankersDashboard\TestInputs\TestData.xls
[INFO ][2015-11-13 13:49:16,725][com.java.TestType] [  468] -  str(1) = 2
[INFO ][2015-11-13 13:49:16,725][com.java.TestType] [  471] - Test case Id is---2
[INFO ][2015-11-13 13:49:16,725][com.java.TestType] [  473] - 2
[INFO ][2015-11-13 13:49:16,725][com.java.TestType] [  468] -  str(2) = 1
[INFO ][2015-11-13 13:49:16,725][com.java.TestType] [  520] - row values are--------{1=com.java.Objects.TestDataDetails@57b7a9}
[INFO ][2015-11-13 13:49:16,725][com.java.TestType] [  468] -  str(1) = 2
[INFO ][2015-11-13 13:49:16,725][com.java.TestType] [  471] - Test case Id is---2
[INFO ][2015-11-13 13:49:16,725][com.java.TestType] [  473] - 2
[INFO ][2015-11-13 13:49:16,725][com.java.TestType] [  468] -  str(2) = 2
[INFO ][2015-11-13 13:49:16,725][com.java.TestType] [  520] - row values are--------{1=com.java.Objects.TestDataDetails@57b7a9, 2=com.java.Objects.TestDataDetails@33d502}
[INFO ][2015-11-13 13:49:16,725][com.java.TestType] [  468] -  str(1) = 2
[INFO ][2015-11-13 13:49:16,725][com.java.TestType] [  471] - Test case Id is---2
[INFO ][2015-11-13 13:49:16,725][com.java.TestType] [  473] - 2
[INFO ][2015-11-13 13:49:16,725][com.java.TestType] [  468] -  str(2) = 3
[INFO ][2015-11-13 13:49:16,725][com.java.TestType] [  520] - row values are--------{1=com.java.Objects.TestDataDetails@57b7a9, 2=com.java.Objects.TestDataDetails@33d502, 3=com.java.Objects.TestDataDetails@190364c}
[INFO ][2015-11-13 13:49:16,725][com.java.TestType] [ 8567] - Looping 1TCID = 2
[DEBUG][2015-11-13 13:49:16,725][com.java.TestType] [ 8608] - Concept ID:2 :: Step being Executed: 2::1
[INFO ][2015-11-13 13:49:16,725][com.java.TestType] [ 8646] - dataFields : BNK//select[@id='bank']
[DEBUG][2015-11-13 13:49:16,725][com.java.TestType] [ 8652] - <In Set values of the page>
[DEBUG][2015-11-13 13:49:16,725][com.java.TestType] [ 8657] - {Data Fields & Data Values Exist}
[INFO ][2015-11-13 13:49:16,725][com.java.TestType] [ 8663] - --------------------------setting values-----------------------------
[INFO ][2015-11-13 13:49:16,725][com.java.TestType] [ 8666] - Action Type : Select
[INFO ][2015-11-13 13:49:16,725][com.java.TestType] [ 4321] - value = PFC
[INFO ][2015-11-13 13:49:16,925][com.java.TestType] [ 8685] -  RESULT true
[INFO ][2015-11-13 13:49:16,925][com.java.TestType] [ 8802] - ?   P A S S   ?
[DEBUG][2015-11-13 13:49:16,925][com.java.TestType] [ 8608] - Concept ID:2 :: Step being Executed: 2::2
[INFO ][2015-11-13 13:49:16,925][com.java.TestType] [ 8646] - dataFields : LNKLogout
[DEBUG][2015-11-13 13:49:16,925][com.java.TestType] [ 8652] - <In Set values of the page>
[DEBUG][2015-11-13 13:49:16,925][com.java.TestType] [ 8657] - {Data Fields & Data Values Exist}
[INFO ][2015-11-13 13:49:16,925][com.java.TestType] [ 8663] - --------------------------setting values-----------------------------
[INFO ][2015-11-13 13:49:16,925][com.java.TestType] [ 8666] - Action Type : WaitTime
[DEBUG][2015-11-13 13:49:16,925][com.java.TestType] [ 4156] - sleepTime: 5000
[INFO ][2015-11-13 13:49:21,925][com.java.TestType] [ 8685] -  RESULT true
[INFO ][2015-11-13 13:49:21,925][com.java.TestType] [ 8802] - ?   P A S S   ?
[INFO ][2015-11-13 13:49:21,925][com.java.TestType] [ 8873] - Looping End......
[INFO ][2015-11-13 13:49:21,925][com.java.SeleniumDriver] [  869] -  RESULT true
[INFO ][2015-11-13 13:49:21,925][com.java.SeleniumDriver] [ 1074] - ?   P A S S   ?
[INFO ][2015-11-13 13:49:21,925][com.java.SeleniumDriver] [  796] - ------------------------------------------
[INFO ][2015-11-13 13:49:21,925][com.java.SeleniumDriver] [  797] - Test case being Executed: 5
[INFO ][2015-11-13 13:49:21,925][com.java.SeleniumDriver] [  808] - Test step:4
[INFO ][2015-11-13 13:49:21,925][com.java.SeleniumDriver] [  820] - Datavalue is----------2
[INFO ][2015-11-13 13:49:21,925][com.java.SeleniumDriver] [  844] - DataField : BTNG/L
[INFO ][2015-11-13 13:49:21,925][com.java.SeleniumDriver] [  846] - DataValue : 2
[INFO ][2015-11-13 13:49:21,925][com.java.SeleniumDriver] [  852] - <In Set values of the page>
[INFO ][2015-11-13 13:49:21,925][com.java.SeleniumDriver] [  855] - {Data Fields & Data Values Exist}
[INFO ][2015-11-13 13:49:21,925][com.java.SeleniumDriver] [  857] - --------------------------setting values-----------------------------
[INFO ][2015-11-13 13:49:21,925][com.java.SeleniumDriver] [  860] - Action Type : WAITFORELEMENT
[INFO ][2015-11-13 13:49:21,976][com.java.SeleniumDriver] [  869] -  RESULT true
[INFO ][2015-11-13 13:49:21,976][com.java.SeleniumDriver] [ 1074] - ?   P A S S   ?
[INFO ][2015-11-13 13:49:21,976][com.java.SeleniumDriver] [  796] - ------------------------------------------
[INFO ][2015-11-13 13:49:21,976][com.java.SeleniumDriver] [  797] - Test case being Executed: 5
[INFO ][2015-11-13 13:49:21,976][com.java.SeleniumDriver] [  808] - Test step:5
[INFO ][2015-11-13 13:49:21,976][com.java.SeleniumDriver] [  820] - Datavalue is----------null
[DEBUG][2015-11-13 13:49:21,976][com.java.SeleniumDriver] [  838] - Exception: null
[INFO ][2015-11-13 13:49:21,976][com.java.SeleniumDriver] [  844] - DataField : //span[@class="icon-coin"]&&//a[text()='Summaries']&&//a[@data-id="RatioAnalysis"]
[INFO ][2015-11-13 13:49:21,976][com.java.SeleniumDriver] [  846] - DataValue : 
[INFO ][2015-11-13 13:49:21,976][com.java.SeleniumDriver] [  852] - <In Set values of the page>
[INFO ][2015-11-13 13:49:21,976][com.java.SeleniumDriver] [  855] - {Data Fields & Data Values Exist}
[INFO ][2015-11-13 13:49:21,976][com.java.SeleniumDriver] [  857] - --------------------------setting values-----------------------------
[INFO ][2015-11-13 13:49:21,976][com.java.SeleniumDriver] [  860] - Action Type : MOUSEOVER
[INFO ][2015-11-13 13:49:53,741][com.java.SeleniumDriver] [  869] -  RESULT true
[INFO ][2015-11-13 13:49:53,741][com.java.SeleniumDriver] [ 1074] - ?   P A S S   ?
[INFO ][2015-11-13 13:49:53,741][com.java.SeleniumDriver] [  796] - ------------------------------------------
[INFO ][2015-11-13 13:49:53,741][com.java.SeleniumDriver] [  797] - Test case being Executed: 5
[INFO ][2015-11-13 13:49:53,741][com.java.SeleniumDriver] [  808] - Test step:6
[INFO ][2015-11-13 13:49:53,741][com.java.SeleniumDriver] [  820] - Datavalue is----------3
[INFO ][2015-11-13 13:49:53,741][com.java.SeleniumDriver] [  844] - DataField : XPH//span[contains(text(),'Show Report')]
[INFO ][2015-11-13 13:49:53,741][com.java.SeleniumDriver] [  846] - DataValue : 3
[INFO ][2015-11-13 13:49:53,741][com.java.SeleniumDriver] [  852] - <In Set values of the page>
[INFO ][2015-11-13 13:49:53,741][com.java.SeleniumDriver] [  855] - {Data Fields & Data Values Exist}
[INFO ][2015-11-13 13:49:53,741][com.java.SeleniumDriver] [  857] - --------------------------setting values-----------------------------
[INFO ][2015-11-13 13:49:53,741][com.java.SeleniumDriver] [  860] - Action Type : WAITFORELEMENT
[INFO ][2015-11-13 13:49:53,782][com.java.SeleniumDriver] [  869] -  RESULT true
[INFO ][2015-11-13 13:49:53,782][com.java.SeleniumDriver] [ 1074] - ?   P A S S   ?
[INFO ][2015-11-13 13:49:53,782][com.java.SeleniumDriver] [  796] - ------------------------------------------
[INFO ][2015-11-13 13:49:53,782][com.java.SeleniumDriver] [  797] - Test case being Executed: 5
[INFO ][2015-11-13 13:49:53,782][com.java.SeleniumDriver] [  808] - Test step:7
[INFO ][2015-11-13 13:49:53,782][com.java.SeleniumDriver] [  820] - Datavalue is----------3
[INFO ][2015-11-13 13:49:53,782][com.java.SeleniumDriver] [  844] - DataField : BTNframeDialogContent
[INFO ][2015-11-13 13:49:53,782][com.java.SeleniumDriver] [  846] - DataValue : 3
[INFO ][2015-11-13 13:49:53,782][com.java.SeleniumDriver] [  852] - <In Set values of the page>
[INFO ][2015-11-13 13:49:53,782][com.java.SeleniumDriver] [  855] - {Data Fields & Data Values Exist}
[INFO ][2015-11-13 13:49:53,782][com.java.SeleniumDriver] [  857] - --------------------------setting values-----------------------------
[INFO ][2015-11-13 13:49:53,782][com.java.SeleniumDriver] [  860] - Action Type : WAITFORELEMENT
[INFO ][2015-11-13 13:49:54,992][com.java.SeleniumDriver] [  869] -  RESULT true
[INFO ][2015-11-13 13:49:54,992][com.java.SeleniumDriver] [ 1074] - ?   P A S S   ?
[INFO ][2015-11-13 13:49:54,992][com.java.SeleniumDriver] [  796] - ------------------------------------------
[INFO ][2015-11-13 13:49:54,992][com.java.SeleniumDriver] [  797] - Test case being Executed: 5
[INFO ][2015-11-13 13:49:54,992][com.java.SeleniumDriver] [  808] - Test step:8
[INFO ][2015-11-13 13:49:54,992][com.java.SeleniumDriver] [  820] - Datavalue is----------Ratio Analysis
[INFO ][2015-11-13 13:49:54,992][com.java.SeleniumDriver] [  844] - DataField : XPH//div[contains(@class,'ui-dialog-titlebar')]/span[@class="ui-dialog-title"]
[INFO ][2015-11-13 13:49:54,992][com.java.SeleniumDriver] [  846] - DataValue : Ratio Analysis
[INFO ][2015-11-13 13:49:54,992][com.java.SeleniumDriver] [  852] - <In Set values of the page>
[INFO ][2015-11-13 13:49:54,992][com.java.SeleniumDriver] [  855] - {Data Fields & Data Values Exist}
[INFO ][2015-11-13 13:49:54,992][com.java.SeleniumDriver] [  857] - --------------------------setting values-----------------------------
[INFO ][2015-11-13 13:49:54,992][com.java.SeleniumDriver] [  860] - Action Type : VERIFY
[INFO ][2015-11-13 13:49:54,992][com.java.TestType] [ 5428] - field= XPH//div[contains(@class,'ui-dialog-titlebar')]/span[@class="ui-dialog-title"] value= Ratio Analysis
[INFO ][2015-11-13 13:49:54,992][com.java.TestType] [ 4321] - value = Ratio Analysis
[INFO ][2015-11-13 13:49:55,153][com.java.SeleniumDriver] [  869] -  RESULT true
[INFO ][2015-11-13 13:49:55,153][com.java.SeleniumDriver] [ 1074] - ?   P A S S   ?
[INFO ][2015-11-13 13:49:55,153][com.java.SeleniumDriver] [  796] - ------------------------------------------
[INFO ][2015-11-13 13:49:55,153][com.java.SeleniumDriver] [  797] - Test case being Executed: 5
[INFO ][2015-11-13 13:49:55,153][com.java.SeleniumDriver] [  808] - Test step:9
[INFO ][2015-11-13 13:49:55,153][com.java.SeleniumDriver] [  820] - Datavalue is----------null
[DEBUG][2015-11-13 13:49:55,153][com.java.SeleniumDriver] [  838] - Exception: null
[INFO ][2015-11-13 13:49:55,153][com.java.SeleniumDriver] [  844] - DataField : BTNframeDialogContent
[INFO ][2015-11-13 13:49:55,153][com.java.SeleniumDriver] [  846] - DataValue : 
[INFO ][2015-11-13 13:49:55,153][com.java.SeleniumDriver] [  852] - <In Set values of the page>
[INFO ][2015-11-13 13:49:55,153][com.java.SeleniumDriver] [  855] - {Data Fields & Data Values Exist}
[INFO ][2015-11-13 13:49:55,153][com.java.SeleniumDriver] [  857] - --------------------------setting values-----------------------------
[INFO ][2015-11-13 13:49:55,153][com.java.SeleniumDriver] [  860] - Action Type : SELECTFRAME
[INFO ][2015-11-13 13:49:56,404][com.java.SeleniumDriver] [  869] -  RESULT true
[INFO ][2015-11-13 13:49:56,404][com.java.SeleniumDriver] [ 1074] - ?   P A S S   ?
[INFO ][2015-11-13 13:49:56,404][com.java.SeleniumDriver] [  796] - ------------------------------------------
[INFO ][2015-11-13 13:49:56,404][com.java.SeleniumDriver] [  797] - Test case being Executed: 5
[INFO ][2015-11-13 13:49:56,404][com.java.SeleniumDriver] [  808] - Test step:10
[INFO ][2015-11-13 13:49:56,404][com.java.SeleniumDriver] [  820] - Datavalue is----------index:0
[INFO ][2015-11-13 13:49:56,404][com.java.SeleniumDriver] [  844] - DataField : COBddlDataSource1
[INFO ][2015-11-13 13:49:56,404][com.java.SeleniumDriver] [  846] - DataValue : index:0
[INFO ][2015-11-13 13:49:56,404][com.java.SeleniumDriver] [  852] - <In Set values of the page>
[INFO ][2015-11-13 13:49:56,404][com.java.SeleniumDriver] [  855] - {Data Fields & Data Values Exist}
[INFO ][2015-11-13 13:49:56,404][com.java.SeleniumDriver] [  857] - --------------------------setting values-----------------------------
[INFO ][2015-11-13 13:49:56,404][com.java.SeleniumDriver] [  860] - Action Type : SELECT
[INFO ][2015-11-13 13:49:56,404][com.java.TestType] [ 4321] - value = 0
[INFO ][2015-11-13 13:49:57,495][com.java.TestType] [ 4439] -  In COB ddlDataSource1 : 0
[INFO ][2015-11-13 13:49:57,565][com.java.SeleniumDriver] [  869] -  RESULT true
[INFO ][2015-11-13 13:49:57,565][com.java.SeleniumDriver] [ 1074] - ?   P A S S   ?
[INFO ][2015-11-13 13:49:57,565][com.java.SeleniumDriver] [  796] - ------------------------------------------
[INFO ][2015-11-13 13:49:57,565][com.java.SeleniumDriver] [  797] - Test case being Executed: 5
[INFO ][2015-11-13 13:49:57,565][com.java.SeleniumDriver] [  808] - Test step:11
[INFO ][2015-11-13 13:49:57,565][com.java.SeleniumDriver] [  820] - Datavalue is----------index:2
[INFO ][2015-11-13 13:49:57,565][com.java.SeleniumDriver] [  844] - DataField : COBddlDataSource2
[INFO ][2015-11-13 13:49:57,565][com.java.SeleniumDriver] [  846] - DataValue : index:2
[INFO ][2015-11-13 13:49:57,565][com.java.SeleniumDriver] [  852] - <In Set values of the page>
[INFO ][2015-11-13 13:49:57,565][com.java.SeleniumDriver] [  855] - {Data Fields & Data Values Exist}
[INFO ][2015-11-13 13:49:57,565][com.java.SeleniumDriver] [  857] - --------------------------setting values-----------------------------
[INFO ][2015-11-13 13:49:57,565][com.java.SeleniumDriver] [  860] - Action Type : SELECT
[INFO ][2015-11-13 13:49:57,565][com.java.TestType] [ 4321] - value = 2
[INFO ][2015-11-13 13:49:58,666][com.java.TestType] [ 4439] -  In COB ddlDataSource2 : 2
[INFO ][2015-11-13 13:49:58,876][com.java.SeleniumDriver] [  869] -  RESULT true
[INFO ][2015-11-13 13:49:58,876][com.java.SeleniumDriver] [ 1074] - ?   P A S S   ?
[INFO ][2015-11-13 13:49:58,876][com.java.SeleniumDriver] [  796] - ------------------------------------------
[INFO ][2015-11-13 13:49:58,876][com.java.SeleniumDriver] [  797] - Test case being Executed: 5
[INFO ][2015-11-13 13:49:58,876][com.java.SeleniumDriver] [  808] - Test step:12
[INFO ][2015-11-13 13:49:58,876][com.java.SeleniumDriver] [  820] - Datavalue is----------index:0
[INFO ][2015-11-13 13:49:58,876][com.java.SeleniumDriver] [  844] - DataField : COBddlDate1
[INFO ][2015-11-13 13:49:58,876][com.java.SeleniumDriver] [  846] - DataValue : index:0
[INFO ][2015-11-13 13:49:58,876][com.java.SeleniumDriver] [  852] - <In Set values of the page>
[INFO ][2015-11-13 13:49:58,876][com.java.SeleniumDriver] [  855] - {Data Fields & Data Values Exist}
[INFO ][2015-11-13 13:49:58,876][com.java.SeleniumDriver] [  857] - --------------------------setting values-----------------------------
[INFO ][2015-11-13 13:49:58,876][com.java.SeleniumDriver] [  860] - Action Type : SELECT
[INFO ][2015-11-13 13:49:58,876][com.java.TestType] [ 4321] - value = 0
[INFO ][2015-11-13 13:49:59,967][com.java.TestType] [ 4439] -  In COB ddlDate1 : 0
[INFO ][2015-11-13 13:50:00,297][com.java.SeleniumDriver] [  869] -  RESULT true
[INFO ][2015-11-13 13:50:00,297][com.java.SeleniumDriver] [ 1074] - ?   P A S S   ?
[INFO ][2015-11-13 13:50:00,297][com.java.SeleniumDriver] [  796] - ------------------------------------------
[INFO ][2015-11-13 13:50:00,297][com.java.SeleniumDriver] [  797] - Test case being Executed: 5
[INFO ][2015-11-13 13:50:00,297][com.java.SeleniumDriver] [  808] - Test step:13
[INFO ][2015-11-13 13:50:00,297][com.java.SeleniumDriver] [  820] - Datavalue is----------SelectedDate
[INFO ][2015-11-13 13:50:00,297][com.java.SeleniumDriver] [  844] - DataField : SLBddlDate1
[INFO ][2015-11-13 13:50:00,297][com.java.SeleniumDriver] [  846] - DataValue : SelectedDate
[INFO ][2015-11-13 13:50:00,297][com.java.SeleniumDriver] [  852] - <In Set values of the page>
[INFO ][2015-11-13 13:50:00,297][com.java.SeleniumDriver] [  855] - {Data Fields & Data Values Exist}
[INFO ][2015-11-13 13:50:00,297][com.java.SeleniumDriver] [  857] - --------------------------setting values-----------------------------
[INFO ][2015-11-13 13:50:00,297][com.java.SeleniumDriver] [  860] - Action Type : STOREVALUE
[INFO ][2015-11-13 13:50:00,297][com.java.TestType] [ 6455] - field= SLBddlDate1
[INFO ][2015-11-13 13:50:01,558][com.java.SeleniumDriver] [  869] -  RESULT true
[INFO ][2015-11-13 13:50:01,558][com.java.SeleniumDriver] [ 1074] - ?   P A S S   ?
[INFO ][2015-11-13 13:50:01,558][com.java.SeleniumDriver] [  796] - ------------------------------------------
[INFO ][2015-11-13 13:50:01,558][com.java.SeleniumDriver] [  797] - Test case being Executed: 5
[INFO ][2015-11-13 13:50:01,558][com.java.SeleniumDriver] [  808] - Test step:14
[INFO ][2015-11-13 13:50:01,558][com.java.SeleniumDriver] [  820] - Datavalue is----------null
[DEBUG][2015-11-13 13:50:01,558][com.java.SeleniumDriver] [  838] - Exception: null
[INFO ][2015-11-13 13:50:01,558][com.java.SeleniumDriver] [  844] - DataField : BTNparent
[INFO ][2015-11-13 13:50:01,558][com.java.SeleniumDriver] [  846] - DataValue : 
[INFO ][2015-11-13 13:50:01,558][com.java.SeleniumDriver] [  852] - <In Set values of the page>
[INFO ][2015-11-13 13:50:01,558][com.java.SeleniumDriver] [  855] - {Data Fields & Data Values Exist}
[INFO ][2015-11-13 13:50:01,558][com.java.SeleniumDriver] [  857] - --------------------------setting values-----------------------------
[INFO ][2015-11-13 13:50:01,558][com.java.SeleniumDriver] [  860] - Action Type : SELECTFRAME
[INFO ][2015-11-13 13:50:01,568][com.java.SeleniumDriver] [  869] -  RESULT true
[INFO ][2015-11-13 13:50:01,568][com.java.SeleniumDriver] [ 1074] - ?   P A S S   ?
[INFO ][2015-11-13 13:50:01,568][com.java.SeleniumDriver] [  796] - ------------------------------------------
[INFO ][2015-11-13 13:50:01,568][com.java.SeleniumDriver] [  797] - Test case being Executed: 5
[INFO ][2015-11-13 13:50:01,568][com.java.SeleniumDriver] [  808] - Test step:15
[INFO ][2015-11-13 13:50:01,568][com.java.SeleniumDriver] [  820] - Datavalue is----------null
[DEBUG][2015-11-13 13:50:01,568][com.java.SeleniumDriver] [  838] - Exception: null
[INFO ][2015-11-13 13:50:01,568][com.java.SeleniumDriver] [  844] - DataField : XPH//span[contains(text(),'Show Report')]
[INFO ][2015-11-13 13:50:01,568][com.java.SeleniumDriver] [  846] - DataValue : 
[INFO ][2015-11-13 13:50:01,568][com.java.SeleniumDriver] [  852] - <In Set values of the page>
[INFO ][2015-11-13 13:50:01,568][com.java.SeleniumDriver] [  855] - {Data Fields & Data Values Exist}
[INFO ][2015-11-13 13:50:01,568][com.java.SeleniumDriver] [  857] - --------------------------setting values-----------------------------
[INFO ][2015-11-13 13:50:01,568][com.java.SeleniumDriver] [  860] - Action Type : CLICK
[INFO ][2015-11-13 13:50:01,568][com.java.TestType] [ 4634] - Field ::XPH//span[contains(text(),'Show Report')]
[INFO ][2015-11-13 13:50:02,568][com.java.TestType] [ 4693] - BEFORE CLICK
[INFO ][2015-11-13 13:50:03,968][com.java.TestType] [ 4701] - Unable to click the object Show Report button
[INFO ][2015-11-13 13:50:03,968][com.java.SeleniumDriver] [  869] -  RESULT true
[INFO ][2015-11-13 13:50:03,968][com.java.SeleniumDriver] [ 1074] - ?   P A S S   ?
[INFO ][2015-11-13 13:50:03,968][com.java.SeleniumDriver] [  796] - ------------------------------------------
[INFO ][2015-11-13 13:50:03,968][com.java.SeleniumDriver] [  797] - Test case being Executed: 5
[INFO ][2015-11-13 13:50:03,968][com.java.SeleniumDriver] [  808] - Test step:16
[INFO ][2015-11-13 13:50:03,968][com.java.SeleniumDriver] [  820] - Datavalue is----------3
[INFO ][2015-11-13 13:50:03,968][com.java.SeleniumDriver] [  844] - DataField : XPH//img[@id='loading']
[INFO ][2015-11-13 13:50:03,968][com.java.SeleniumDriver] [  846] - DataValue : 3
[INFO ][2015-11-13 13:50:03,968][com.java.SeleniumDriver] [  852] - <In Set values of the page>
[INFO ][2015-11-13 13:50:03,968][com.java.SeleniumDriver] [  855] - {Data Fields & Data Values Exist}
[INFO ][2015-11-13 13:50:03,968][com.java.SeleniumDriver] [  857] - --------------------------setting values-----------------------------
[INFO ][2015-11-13 13:50:03,968][com.java.SeleniumDriver] [  860] - Action Type : WaitForElement
[INFO ][2015-11-13 13:50:03,999][com.java.SeleniumDriver] [  869] -  RESULT true
[INFO ][2015-11-13 13:50:03,999][com.java.SeleniumDriver] [ 1074] - ?   P A S S   ?
[INFO ][2015-11-13 13:50:03,999][com.java.SeleniumDriver] [  796] - ------------------------------------------
[INFO ][2015-11-13 13:50:03,999][com.java.SeleniumDriver] [  797] - Test case being Executed: 5
[INFO ][2015-11-13 13:50:03,999][com.java.SeleniumDriver] [  808] - Test step:17
[INFO ][2015-11-13 13:50:03,999][com.java.SeleniumDriver] [  820] - Datavalue is----------90
[INFO ][2015-11-13 13:50:03,999][com.java.SeleniumDriver] [  844] - DataField : XPH//img[@id='loading']
[INFO ][2015-11-13 13:50:03,999][com.java.SeleniumDriver] [  846] - DataValue : 90
[INFO ][2015-11-13 13:50:03,999][com.java.SeleniumDriver] [  852] - <In Set values of the page>
[INFO ][2015-11-13 13:50:03,999][com.java.SeleniumDriver] [  855] - {Data Fields & Data Values Exist}
[INFO ][2015-11-13 13:50:03,999][com.java.SeleniumDriver] [  857] - --------------------------setting values-----------------------------
[INFO ][2015-11-13 13:50:03,999][com.java.SeleniumDriver] [  860] - Action Type : waitForElementNotPresent
[INFO ][2015-11-13 13:50:14,243][com.java.SeleniumDriver] [  869] -  RESULT true
[INFO ][2015-11-13 13:50:14,243][com.java.SeleniumDriver] [ 1074] - ?   P A S S   ?
[INFO ][2015-11-13 13:50:14,243][com.java.SeleniumDriver] [  796] - ------------------------------------------
[INFO ][2015-11-13 13:50:14,243][com.java.SeleniumDriver] [  797] - Test case being Executed: 5
[INFO ][2015-11-13 13:50:14,243][com.java.SeleniumDriver] [  808] - Test step:18
[INFO ][2015-11-13 13:50:14,243][com.java.SeleniumDriver] [  820] - Datavalue is----------Ratio Analysis
[INFO ][2015-11-13 13:50:14,243][com.java.SeleniumDriver] [  844] - DataField : XPH//td[@class='ReportTitle']
[INFO ][2015-11-13 13:50:14,243][com.java.SeleniumDriver] [  846] - DataValue : Ratio Analysis
[INFO ][2015-11-13 13:50:14,243][com.java.SeleniumDriver] [  852] - <In Set values of the page>
[INFO ][2015-11-13 13:50:14,243][com.java.SeleniumDriver] [  855] - {Data Fields & Data Values Exist}
[INFO ][2015-11-13 13:50:14,243][com.java.SeleniumDriver] [  857] - --------------------------setting values-----------------------------
[INFO ][2015-11-13 13:50:14,243][com.java.SeleniumDriver] [  860] - Action Type : VERIFY
[INFO ][2015-11-13 13:50:14,243][com.java.TestType] [ 5428] - field= XPH//td[@class='ReportTitle'] value= Ratio Analysis
[INFO ][2015-11-13 13:50:14,243][com.java.TestType] [ 4321] - value = Ratio Analysis
[INFO ][2015-11-13 13:50:14,383][com.java.SeleniumDriver] [  869] -  RESULT true
[INFO ][2015-11-13 13:50:14,383][com.java.SeleniumDriver] [ 1074] - ?   P A S S   ?
[INFO ][2015-11-13 13:50:14,383][com.java.SeleniumDriver] [  796] - ------------------------------------------
[INFO ][2015-11-13 13:50:14,383][com.java.SeleniumDriver] [  797] - Test case being Executed: 5
[INFO ][2015-11-13 13:50:14,383][com.java.SeleniumDriver] [  808] - Test step:19
[INFO ][2015-11-13 13:50:14,383][com.java.SeleniumDriver] [  820] - Datavalue is----------YTD
[INFO ][2015-11-13 13:50:14,383][com.java.SeleniumDriver] [  844] - DataField : MSG
[INFO ][2015-11-13 13:50:14,383][com.java.SeleniumDriver] [  846] - DataValue : YTD
[INFO ][2015-11-13 13:50:14,383][com.java.SeleniumDriver] [  852] - <In Set values of the page>
[INFO ][2015-11-13 13:50:14,383][com.java.SeleniumDriver] [  855] - {Data Fields & Data Values Exist}
[INFO ][2015-11-13 13:50:14,383][com.java.SeleniumDriver] [  857] - --------------------------setting values-----------------------------
[INFO ][2015-11-13 13:50:14,383][com.java.SeleniumDriver] [  860] - Action Type : VERIFY
[INFO ][2015-11-13 13:50:14,383][com.java.TestType] [ 5428] - field= MSG value= YTD
[INFO ][2015-11-13 13:50:14,383][com.java.TestType] [ 4321] - value = YTD
[DEBUG][2015-11-13 13:50:14,383][com.java.TestType] [ 6098] - value :: YTD
[INFO ][2015-11-13 13:50:14,453][com.java.SeleniumDriver] [  869] -  RESULT true
[INFO ][2015-11-13 13:50:14,453][com.java.SeleniumDriver] [ 1074] - ?   P A S S   ?
[INFO ][2015-11-13 13:50:14,453][com.java.SeleniumDriver] [  796] - ------------------------------------------
[INFO ][2015-11-13 13:50:14,453][com.java.SeleniumDriver] [  797] - Test case being Executed: 5
[INFO ][2015-11-13 13:50:14,453][com.java.SeleniumDriver] [  808] - Test step:20
[INFO ][2015-11-13 13:50:14,453][com.java.SeleniumDriver] [  820] - Datavalue is----------Actual
[INFO ][2015-11-13 13:50:14,453][com.java.SeleniumDriver] [  844] - DataField : MSG
[INFO ][2015-11-13 13:50:14,453][com.java.SeleniumDriver] [  846] - DataValue : Actual
[INFO ][2015-11-13 13:50:14,453][com.java.SeleniumDriver] [  852] - <In Set values of the page>
[INFO ][2015-11-13 13:50:14,453][com.java.SeleniumDriver] [  855] - {Data Fields & Data Values Exist}
[INFO ][2015-11-13 13:50:14,453][com.java.SeleniumDriver] [  857] - --------------------------setting values-----------------------------
[INFO ][2015-11-13 13:50:14,453][com.java.SeleniumDriver] [  860] - Action Type : VERIFY
[INFO ][2015-11-13 13:50:14,453][com.java.TestType] [ 5428] - field= MSG value= Actual
[INFO ][2015-11-13 13:50:14,453][com.java.TestType] [ 4321] - value = Actual
[DEBUG][2015-11-13 13:50:14,453][com.java.TestType] [ 6098] - value :: Actual
[INFO ][2015-11-13 13:50:14,493][com.java.SeleniumDriver] [  869] -  RESULT true
[INFO ][2015-11-13 13:50:14,493][com.java.SeleniumDriver] [ 1074] - ?   P A S S   ?
[INFO ][2015-11-13 13:50:14,503][com.java.SeleniumDriver] [  796] - ------------------------------------------
[INFO ][2015-11-13 13:50:14,503][com.java.SeleniumDriver] [  797] - Test case being Executed: 5
[INFO ][2015-11-13 13:50:14,503][com.java.SeleniumDriver] [  808] - Test step:21
[INFO ][2015-11-13 13:50:14,503][com.java.SeleniumDriver] [  820] - Datavalue is----------Forecast 1*
[INFO ][2015-11-13 13:50:14,503][com.java.SeleniumDriver] [  844] - DataField : MSG
[INFO ][2015-11-13 13:50:14,503][com.java.SeleniumDriver] [  846] - DataValue : Forecast 1*
[INFO ][2015-11-13 13:50:14,503][com.java.SeleniumDriver] [  852] - <In Set values of the page>
[INFO ][2015-11-13 13:50:14,503][com.java.SeleniumDriver] [  855] - {Data Fields & Data Values Exist}
[INFO ][2015-11-13 13:50:14,503][com.java.SeleniumDriver] [  857] - --------------------------setting values-----------------------------
[INFO ][2015-11-13 13:50:14,503][com.java.SeleniumDriver] [  860] - Action Type : VERIFY
[INFO ][2015-11-13 13:50:14,503][com.java.TestType] [ 5428] - field= MSG value= Forecast 1*
[INFO ][2015-11-13 13:50:14,503][com.java.TestType] [ 4321] - value = Forecast 1*
[DEBUG][2015-11-13 13:50:14,503][com.java.TestType] [ 6098] - value :: Forecast 1*
[INFO ][2015-11-13 13:50:14,543][com.java.SeleniumDriver] [  869] -  RESULT true
[INFO ][2015-11-13 13:50:14,543][com.java.SeleniumDriver] [ 1074] - ?   P A S S   ?
[INFO ][2015-11-13 13:50:14,543][com.java.SeleniumDriver] [  796] - ------------------------------------------
[INFO ][2015-11-13 13:50:14,543][com.java.SeleniumDriver] [  797] - Test case being Executed: 5
[INFO ][2015-11-13 13:50:14,543][com.java.SeleniumDriver] [  808] - Test step:22
[INFO ][2015-11-13 13:50:14,543][com.java.SeleniumDriver] [  820] - Datavalue is----------HMVSelectedDate
[INFO ][2015-11-13 13:50:14,543][com.java.SeleniumDriver] [  844] - DataField : Trailing
[INFO ][2015-11-13 13:50:14,543][com.java.SeleniumDriver] [  846] - DataValue : HMVSelectedDate
[INFO ][2015-11-13 13:50:14,543][com.java.SeleniumDriver] [  852] - <In Set values of the page>
[INFO ][2015-11-13 13:50:14,543][com.java.SeleniumDriver] [  855] - {Data Fields & Data Values Exist}
[INFO ][2015-11-13 13:50:14,543][com.java.SeleniumDriver] [  857] - --------------------------setting values-----------------------------
[INFO ][2015-11-13 13:50:14,543][com.java.SeleniumDriver] [  860] - Action Type : RATIOANALYSIS
[INFO ][2015-11-13 13:50:14,543][com.java.TestType] [ 4321] - value = September 2015
[INFO ][2015-11-13 13:50:14,693][com.java.SeleniumDriver] [  869] -  RESULT false
[INFO ][2015-11-13 13:50:14,693][com.java.SeleniumDriver] [  916] - ?   F A I L   ?
[INFO ][2015-11-13 13:50:14,693][com.java.SeleniumDriver] [  924] - Browser Type : IE11
[INFO ][2015-11-13 13:50:14,693][com.java.SeleniumDriver] [  925] - Adding Failed case5
[INFO ][2015-11-13 13:50:14,863][com.java.SeleniumDriver] [ 1038] - failedCases = 5
[ERROR][2015-11-13 13:50:14,863][com.java.SeleniumDriver] [ 1525] - Platform Errors : Our apologies...::We have encountered an issue with your request.::Our apologies?:We encountered an issue with your request.
[INFO ][2015-11-13 13:50:14,863][com.java.SeleniumDriver] [ 1529] - Length =3
[ERROR][2015-11-13 13:50:14,863][com.java.SeleniumDriver] [ 1532] - Error 0 = Our apologies...
[ERROR][2015-11-13 13:50:14,933][com.java.SeleniumDriver] [ 1532] - Error 1 = We have encountered an issue with your request.
[ERROR][2015-11-13 13:50:14,973][com.java.SeleniumDriver] [ 1532] - Error 2 = Our apologies?:We encountered an issue with your request.
[DEBUG][2015-11-13 13:50:15,023][com.java.SeleniumDriver] [ 1176] - Case found
[DEBUG][2015-11-13 13:50:15,023][com.java.SeleniumDriver] [ 1181] - Incrementing ReportCounters[0]:2
[INFO ][2015-11-13 13:50:15,023][com.java.SeleniumDriver] [ 1200] - The results are-------------------[5, 22, GL: Summary: Ratio Analysis, Fail, 
Test case failed at Step No. :: 22. Screen Shot : D:\BankersDashboard\TestReports\111315\5_111315_135014_IE11.png, Fri Nov 13 13:50:15 IST 2015]
[INFO ][2015-11-13 13:50:15,023][com.java.SeleniumDriver] [ 1204] - End time is-------2 min 2 sec
[INFO ][2015-11-13 13:50:15,023][com.java.SeleniumDriver] [ 1205] - The results are-------------------[5, 22, GL: Summary: Ratio Analysis, Fail, 
Test case failed at Step No. :: 22. Screen Shot : D:\BankersDashboard\TestReports\111315\5_111315_135014_IE11.png, Fri Nov 13 13:50:15 IST 2015]
[DEBUG][2015-11-13 13:50:15,023][com.java.ImportnExport.ExportTestResultsExcel] [  222] - testResultPath = D:\BankersDashboard/TestReports/Test Results_BankersDashBoard_111315_134814_IE11_Any Bank USA.xls
[DEBUG][2015-11-13 13:50:15,023][com.java.ImportnExport.ExportTestResultsExcel] [  223] - browser is------------IE11
[DEBUG][2015-11-13 13:50:15,023][com.java.ImportnExport.ExportTestResultsExcel] [  270] - result.size() = 6
[DEBUG][2015-11-13 13:50:15,023][com.java.ImportnExport.ExportTestResultsExcel] [  274] - No of rows in sheet=2
[DEBUG][2015-11-13 13:50:15,023][com.java.ImportnExport.ExportTestResultsExcel] [  301] - ..in export..5
[DEBUG][2015-11-13 13:50:15,023][com.java.ImportnExport.ExportTestResultsExcel] [  301] - ..in export..GL: Summary: Ratio Analysis
[DEBUG][2015-11-13 13:50:15,023][com.java.ImportnExport.ExportTestResultsExcel] [  301] - ..in export..Fail
[DEBUG][2015-11-13 13:50:15,023][com.java.ImportnExport.ExportTestResultsExcel] [  301] - ..in export..
Test case failed at Step No. :: 22. Screen Shot : D:\BankersDashboard\TestReports\111315\5_111315_135014_IE11.png
[DEBUG][2015-11-13 13:50:15,023][com.java.ImportnExport.ExportTestResultsExcel] [  301] - ..in export..Fri Nov 13 13:50:15 IST 2015
[INFO ][2015-11-13 13:50:15,023][com.java.SeleniumDriver] [ 1263] - out loop:1 size:2 TestCases:[1, 5] testcases:[1, 5]
[INFO ][2015-11-13 13:50:17,023][com.java.SeleniumDriver] [ 1306] - Total Number of Cases:2
[INFO ][2015-11-13 13:50:17,023][com.java.TemplateGenerator] [  302] - Executed:2
[INFO ][2015-11-13 13:50:17,023][com.java.TemplateGenerator] [  303] - Passed:1
[INFO ][2015-11-13 13:50:17,023][com.java.TemplateGenerator] [  304] - Failed:1
[INFO ][2015-11-13 13:50:17,023][com.java.TemplateGenerator] [  305] - Skipeed:0
[INFO ][2015-11-13 13:50:17,023][com.java.TemplateGenerator] [  306] - Application URL:https://clients-xuat.bankersdashboard.com
[INFO ][2015-11-13 13:50:17,023][com.java.TemplateGenerator] [  307] - Start Time:111315_134814
[INFO ][2015-11-13 13:50:17,023][com.java.TemplateGenerator] [  308] -  Creating HTML Report 
[ERROR][2015-11-13 13:50:17,023][com.java.TemplateGenerator] [  409] - Unparseable date: "Fri Nov 13 01:48:14 IST 2015"
[INFO ][2015-11-13 13:50:17,023][com.java.TemplateGenerator] [  654] -  Exporting case :: 1
[INFO ][2015-11-13 13:50:17,023][com.java.TemplateGenerator] [  654] -  Exporting case :: 5
[INFO ][2015-11-13 13:50:17,023][com.java.SeleniumDriver] [ 1355] - End Time:111315_135017
[INFO ][2015-11-13 13:50:17,023][com.java.SeleniumDriver] [ 1358] - Data in Test Execution Details:{1=PASS, 5=FAILTest case failed at Step No. :: 22}
[INFO ][2015-11-13 13:50:17,023][com.java.SeleniumDriver] [ 1359] - Data in Failed Execution Deatils:{}
[INFO ][2015-11-13 13:50:17,023][com.java.SeleniumDriver] [ 1361] - ReportCounter:Total:2 :: PASS: 1 ::FAIL: 1
[INFO ][2015-11-13 13:50:17,023][com.java.SeleniumDriver] [ 1362] - FailedReportCounter:Total:0 :: PASS: 0 ::FAIL: 0
[INFO ][2015-11-13 13:50:17,024][com.java.EmailTestReport] [   63] - Sending report mail details:
[INFO ][2015-11-13 13:50:17,024][com.java.EmailTestReport] [   80] - Excel Report Path:D:\BankersDashboard/TestReports/Test Results_BankersDashBoard_111315_134814_IE11_Any Bank USA.xls
[INFO ][2015-11-13 13:50:17,024][com.java.EmailTestReport] [   81] - HTML Report Path:D:\BankersDashboard//TestReports//Test Results_BankersDashBoard_111315_134814_IE11_Any Bank USA.html
[INFO ][2015-11-13 13:50:17,024][com.java.EmailTestReport] [   82] - smtpHostName:mail01.valuelabs.com
[INFO ][2015-11-13 13:50:17,024][com.java.EmailTestReport] [   83] - Recipient:venkateswararao.gubbala@valuelabs.com;
[INFO ][2015-11-13 13:50:17,024][com.java.EmailTestReport] [   84] - From:venkateswararao.gubbala@valuelabs.com;
[INFO ][2015-11-13 13:50:17,024][com.java.EmailTestReport] [   85] - Subject:Deluxe Corp Bankers Dashboard Automation Test Report - Any Bank USA - IE11
[INFO ][2015-11-13 13:50:17,044][com.java.EmailTestReport] [  143] -  Added venkateswararao.gubbala@valuelabs.com
[INFO ][2015-11-13 13:50:20,954][com.java.SeleniumDriver] [  719] - quitting the browser 
[INFO ][2015-11-13 13:50:22,256][com.java.SeleniumDriver] [  263] - Execution Completed Stopping the thread
