[INFO ][2015-12-09 15:17:49,101][com.java.SeleniumDriver] [  213] - Execute Failed Casesfalse
[INFO ][2015-12-09 15:17:49,101][com.java.SeleniumDriver] [  214] - Browser: IE10
[INFO ][2015-12-09 15:17:49,101][com.java.SeleniumDriver] [  215] - [1, 2]
[INFO ][2015-12-09 15:17:49,101][com.java.SeleniumDriver] [  216] - Total TestCases:2
[INFO ][2015-12-09 15:17:49,101][com.java.SeleniumDriver] [  217] -  Reading Properties from Property File 
[DEBUG][2015-12-09 15:17:49,102][com.java.SeleniumDriver] [  238] - url : https://clients-xuat.bankersdashboard.com
[INFO ][2015-12-09 15:17:49,103][com.java.ImportnExport.ExportTestResultsExcel] [  116] - Time Stamp Wed Dec 09 03:17:49 IST 2015
[INFO ][2015-12-09 15:17:49,103][com.java.ImportnExport.ExportTestResultsExcel] [  175] - OUT FILE : D:\BankersDashboard/TestReports/Test Results_BankersDashBoard_120915_151749_IE10_CB&S Bank.xls
[INFO ][2015-12-09 15:17:49,131][com.java.ImportnExport.ExportTestResultsExcel] [  180] - Test Result file is created
[DEBUG][2015-12-09 15:17:49,231][com.java.SeleniumDriver] [  426] - Hub ip address is-------172.17.68.34
[INFO ][2015-12-09 15:17:49,231][com.java.SeleniumDriver] [  452] - Grid URL:http://172.17.68.34:4444/wd/hub
[INFO ][2015-12-09 15:17:49,232][com.java.SeleniumDriver] [  453] - Capability:Capabilities [{platform=ANY, ensureCleanSession=true, ignoreProtectedModeSettings=true, acceptSslCerts=true, ignoreZoomSetting=true, browserName=internet explorer, browserstack.ie.noFlash=true, version=null}]
[ERROR][2015-12-09 15:17:50,546][com.java.SeleniumDriver] [  497] - Unable invoke browser in grid:Could not start a new session. Possible causes are invalid address of the remote server or browser start-up failure.
Build info: version: '2.48.2', revision: '41bccdd', time: '2015-10-09 19:59:12'
System info: host: 'FVTIII438F1D', ip: '172.17.68.34', os.name: 'Windows 7', os.arch: 'x86', os.version: '6.1', java.version: '1.7.0_55'
Driver info: driver.version: SeleniumDriver
[INFO ][2015-12-09 15:17:50,546][com.java.SeleniumDriver] [  499] - Executing on local machine
[INFO ][2015-12-09 15:17:59,726][com.java.SeleniumDriver] [  248] - IE10is opened
[INFO ][2015-12-09 15:18:00,578][com.java.SeleniumDriver] [  754] - Test cases to be executed are: [1, 2]
[INFO ][2015-12-09 15:18:00,597][com.java.ImportnExport.ImportTestDataDetailsExcel] [   49] - test data details path===== D:\BankersDashboard\TestInputs\TestData.xls
[INFO ][2015-12-09 15:18:00,673][com.java.SeleniumDriver] [  821] - ------------------------------------------
[INFO ][2015-12-09 15:18:00,673][com.java.SeleniumDriver] [  822] - Test case being Executed: 1
[INFO ][2015-12-09 15:18:00,673][com.java.SeleniumDriver] [  833] - Test step:1
[INFO ][2015-12-09 15:18:00,673][com.java.SeleniumDriver] [  845] - Datavalue is----------Concept#1:1-14
[INFO ][2015-12-09 15:18:00,674][com.java.SeleniumDriver] [  869] - DataField : test
[INFO ][2015-12-09 15:18:00,674][com.java.SeleniumDriver] [  871] - DataValue : Concept#1:1-14
[INFO ][2015-12-09 15:18:00,674][com.java.SeleniumDriver] [  877] - <In Set values of the page>
[INFO ][2015-12-09 15:18:00,674][com.java.SeleniumDriver] [  880] - {Data Fields & Data Values Exist}
[INFO ][2015-12-09 15:18:00,674][com.java.SeleniumDriver] [  882] - --------------------------setting values-----------------------------
[INFO ][2015-12-09 15:18:00,674][com.java.SeleniumDriver] [  885] - Action Type : ExecuteTestCase
[INFO ][2015-12-09 15:18:00,691][com.java.TestType] [  436] - The Concept sheet name is ---------- Concept
[INFO ][2015-12-09 15:18:00,691][com.java.TestType] [  439] - The Concept ID  is ---------- 1
[DEBUG][2015-12-09 15:18:00,692][com.java.TestType] [  443] - Steps being executted in the Concept are: 1:14
[INFO ][2015-12-09 15:18:00,692][com.java.TestType] [  450] - Test data details path ---------- D:\BankersDashboard\TestInputs\TestData.xls
[INFO ][2015-12-09 15:18:00,728][com.java.TestType] [  481] -  str(1) = 1
[INFO ][2015-12-09 15:18:00,728][com.java.TestType] [  484] - Test case Id is---1
[INFO ][2015-12-09 15:18:00,728][com.java.TestType] [  486] - 1
[INFO ][2015-12-09 15:18:00,729][com.java.TestType] [  481] -  str(2) = 1
[INFO ][2015-12-09 15:18:00,731][com.java.TestType] [  533] - row values are--------{1=com.java.Objects.TestDataDetails@11d3de3}
[INFO ][2015-12-09 15:18:00,731][com.java.TestType] [  481] -  str(1) = 1
[INFO ][2015-12-09 15:18:00,731][com.java.TestType] [  484] - Test case Id is---1
[INFO ][2015-12-09 15:18:00,731][com.java.TestType] [  486] - 1
[INFO ][2015-12-09 15:18:00,731][com.java.TestType] [  481] -  str(2) = 2
[INFO ][2015-12-09 15:18:00,732][com.java.TestType] [  533] - row values are--------{1=com.java.Objects.TestDataDetails@11d3de3, 2=com.java.Objects.TestDataDetails@f26dd8}
[INFO ][2015-12-09 15:18:00,733][com.java.TestType] [  481] -  str(1) = 1
[INFO ][2015-12-09 15:18:00,733][com.java.TestType] [  484] - Test case Id is---1
[INFO ][2015-12-09 15:18:00,733][com.java.TestType] [  486] - 1
[INFO ][2015-12-09 15:18:00,733][com.java.TestType] [  481] -  str(2) = 3
[INFO ][2015-12-09 15:18:00,734][com.java.TestType] [  533] - row values are--------{1=com.java.Objects.TestDataDetails@11d3de3, 2=com.java.Objects.TestDataDetails@f26dd8, 3=com.java.Objects.TestDataDetails@10970c1}
[INFO ][2015-12-09 15:18:00,734][com.java.TestType] [  481] -  str(1) = 1
[INFO ][2015-12-09 15:18:00,734][com.java.TestType] [  484] - Test case Id is---1
[INFO ][2015-12-09 15:18:00,734][com.java.TestType] [  486] - 1
[INFO ][2015-12-09 15:18:00,735][com.java.TestType] [  481] -  str(2) = 4
[INFO ][2015-12-09 15:18:00,736][com.java.TestType] [  533] - row values are--------{1=com.java.Objects.TestDataDetails@11d3de3, 2=com.java.Objects.TestDataDetails@f26dd8, 3=com.java.Objects.TestDataDetails@10970c1, 4=com.java.Objects.TestDataDetails@67d31}
[INFO ][2015-12-09 15:18:00,736][com.java.TestType] [  481] -  str(1) = 1
[INFO ][2015-12-09 15:18:00,736][com.java.TestType] [  484] - Test case Id is---1
[INFO ][2015-12-09 15:18:00,736][com.java.TestType] [  486] - 1
[INFO ][2015-12-09 15:18:00,736][com.java.TestType] [  481] -  str(2) = 5
[INFO ][2015-12-09 15:18:00,739][com.java.TestType] [  533] - row values are--------{1=com.java.Objects.TestDataDetails@11d3de3, 2=com.java.Objects.TestDataDetails@f26dd8, 3=com.java.Objects.TestDataDetails@10970c1, 4=com.java.Objects.TestDataDetails@67d31, 5=com.java.Objects.TestDataDetails@7e707e}
[INFO ][2015-12-09 15:18:00,739][com.java.TestType] [  481] -  str(1) = 1
[INFO ][2015-12-09 15:18:00,739][com.java.TestType] [  484] - Test case Id is---1
[INFO ][2015-12-09 15:18:00,739][com.java.TestType] [  486] - 1
[INFO ][2015-12-09 15:18:00,739][com.java.TestType] [  481] -  str(2) = 6
[INFO ][2015-12-09 15:18:00,740][com.java.TestType] [  533] - row values are--------{1=com.java.Objects.TestDataDetails@11d3de3, 2=com.java.Objects.TestDataDetails@f26dd8, 3=com.java.Objects.TestDataDetails@10970c1, 4=com.java.Objects.TestDataDetails@67d31, 5=com.java.Objects.TestDataDetails@7e707e, 6=com.java.Objects.TestDataDetails@1c7cb10}
[INFO ][2015-12-09 15:18:00,740][com.java.TestType] [  481] -  str(1) = 1
[INFO ][2015-12-09 15:18:00,740][com.java.TestType] [  484] - Test case Id is---1
[INFO ][2015-12-09 15:18:00,740][com.java.TestType] [  486] - 1
[INFO ][2015-12-09 15:18:00,741][com.java.TestType] [  481] -  str(2) = 7
[INFO ][2015-12-09 15:18:00,741][com.java.TestType] [  533] - row values are--------{1=com.java.Objects.TestDataDetails@11d3de3, 2=com.java.Objects.TestDataDetails@f26dd8, 3=com.java.Objects.TestDataDetails@10970c1, 4=com.java.Objects.TestDataDetails@67d31, 5=com.java.Objects.TestDataDetails@7e707e, 6=com.java.Objects.TestDataDetails@1c7cb10, 7=com.java.Objects.TestDataDetails@16bd9ed}
[INFO ][2015-12-09 15:18:00,741][com.java.TestType] [  481] -  str(1) = 1
[INFO ][2015-12-09 15:18:00,742][com.java.TestType] [  484] - Test case Id is---1
[INFO ][2015-12-09 15:18:00,742][com.java.TestType] [  486] - 1
[INFO ][2015-12-09 15:18:00,742][com.java.TestType] [  481] -  str(2) = 8
[INFO ][2015-12-09 15:18:00,743][com.java.TestType] [  533] - row values are--------{1=com.java.Objects.TestDataDetails@11d3de3, 2=com.java.Objects.TestDataDetails@f26dd8, 3=com.java.Objects.TestDataDetails@10970c1, 4=com.java.Objects.TestDataDetails@67d31, 5=com.java.Objects.TestDataDetails@7e707e, 6=com.java.Objects.TestDataDetails@1c7cb10, 7=com.java.Objects.TestDataDetails@16bd9ed, 8=com.java.Objects.TestDataDetails@1b3be4f}
[INFO ][2015-12-09 15:18:00,743][com.java.TestType] [  481] -  str(1) = 1
[INFO ][2015-12-09 15:18:00,743][com.java.TestType] [  484] - Test case Id is---1
[INFO ][2015-12-09 15:18:00,743][com.java.TestType] [  486] - 1
[INFO ][2015-12-09 15:18:00,743][com.java.TestType] [  481] -  str(2) = 9
[INFO ][2015-12-09 15:18:00,744][com.java.TestType] [  533] - row values are--------{1=com.java.Objects.TestDataDetails@11d3de3, 2=com.java.Objects.TestDataDetails@f26dd8, 3=com.java.Objects.TestDataDetails@10970c1, 4=com.java.Objects.TestDataDetails@67d31, 5=com.java.Objects.TestDataDetails@7e707e, 6=com.java.Objects.TestDataDetails@1c7cb10, 7=com.java.Objects.TestDataDetails@16bd9ed, 8=com.java.Objects.TestDataDetails@1b3be4f, 9=com.java.Objects.TestDataDetails@16be535}
[INFO ][2015-12-09 15:18:00,744][com.java.TestType] [  481] -  str(1) = 1
[INFO ][2015-12-09 15:18:00,744][com.java.TestType] [  484] - Test case Id is---1
[INFO ][2015-12-09 15:18:00,744][com.java.TestType] [  486] - 1
[INFO ][2015-12-09 15:18:00,744][com.java.TestType] [  481] -  str(2) = 10
[INFO ][2015-12-09 15:18:00,745][com.java.TestType] [  533] - row values are--------{1=com.java.Objects.TestDataDetails@11d3de3, 2=com.java.Objects.TestDataDetails@f26dd8, 3=com.java.Objects.TestDataDetails@10970c1, 4=com.java.Objects.TestDataDetails@67d31, 5=com.java.Objects.TestDataDetails@7e707e, 6=com.java.Objects.TestDataDetails@1c7cb10, 7=com.java.Objects.TestDataDetails@16bd9ed, 8=com.java.Objects.TestDataDetails@1b3be4f, 9=com.java.Objects.TestDataDetails@16be535, 10=com.java.Objects.TestDataDetails@1cd72ca}
[INFO ][2015-12-09 15:18:00,745][com.java.TestType] [  481] -  str(1) = 1
[INFO ][2015-12-09 15:18:00,745][com.java.TestType] [  484] - Test case Id is---1
[INFO ][2015-12-09 15:18:00,745][com.java.TestType] [  486] - 1
[INFO ][2015-12-09 15:18:00,745][com.java.TestType] [  481] -  str(2) = 11
[INFO ][2015-12-09 15:18:00,746][com.java.TestType] [  533] - row values are--------{1=com.java.Objects.TestDataDetails@11d3de3, 2=com.java.Objects.TestDataDetails@f26dd8, 3=com.java.Objects.TestDataDetails@10970c1, 4=com.java.Objects.TestDataDetails@67d31, 5=com.java.Objects.TestDataDetails@7e707e, 6=com.java.Objects.TestDataDetails@1c7cb10, 7=com.java.Objects.TestDataDetails@16bd9ed, 8=com.java.Objects.TestDataDetails@1b3be4f, 9=com.java.Objects.TestDataDetails@16be535, 10=com.java.Objects.TestDataDetails@1cd72ca, 11=com.java.Objects.TestDataDetails@f97aff}
[INFO ][2015-12-09 15:18:00,746][com.java.TestType] [  481] -  str(1) = 1
[INFO ][2015-12-09 15:18:00,746][com.java.TestType] [  484] - Test case Id is---1
[INFO ][2015-12-09 15:18:00,746][com.java.TestType] [  486] - 1
[INFO ][2015-12-09 15:18:00,748][com.java.TestType] [  481] -  str(2) = 12
[INFO ][2015-12-09 15:18:00,749][com.java.TestType] [  533] - row values are--------{1=com.java.Objects.TestDataDetails@11d3de3, 2=com.java.Objects.TestDataDetails@f26dd8, 3=com.java.Objects.TestDataDetails@10970c1, 4=com.java.Objects.TestDataDetails@67d31, 5=com.java.Objects.TestDataDetails@7e707e, 6=com.java.Objects.TestDataDetails@1c7cb10, 7=com.java.Objects.TestDataDetails@16bd9ed, 8=com.java.Objects.TestDataDetails@1b3be4f, 9=com.java.Objects.TestDataDetails@16be535, 10=com.java.Objects.TestDataDetails@1cd72ca, 11=com.java.Objects.TestDataDetails@f97aff, 12=com.java.Objects.TestDataDetails@20b52}
[INFO ][2015-12-09 15:18:00,749][com.java.TestType] [  481] -  str(1) = 1
[INFO ][2015-12-09 15:18:00,749][com.java.TestType] [  484] - Test case Id is---1
[INFO ][2015-12-09 15:18:00,749][com.java.TestType] [  486] - 1
[INFO ][2015-12-09 15:18:00,749][com.java.TestType] [  481] -  str(2) = 13
[INFO ][2015-12-09 15:18:00,750][com.java.TestType] [  533] - row values are--------{1=com.java.Objects.TestDataDetails@11d3de3, 2=com.java.Objects.TestDataDetails@f26dd8, 3=com.java.Objects.TestDataDetails@10970c1, 4=com.java.Objects.TestDataDetails@67d31, 5=com.java.Objects.TestDataDetails@7e707e, 6=com.java.Objects.TestDataDetails@1c7cb10, 7=com.java.Objects.TestDataDetails@16bd9ed, 8=com.java.Objects.TestDataDetails@1b3be4f, 9=com.java.Objects.TestDataDetails@16be535, 10=com.java.Objects.TestDataDetails@1cd72ca, 11=com.java.Objects.TestDataDetails@f97aff, 12=com.java.Objects.TestDataDetails@20b52, 13=com.java.Objects.TestDataDetails@6a67ab}
[INFO ][2015-12-09 15:18:00,750][com.java.TestType] [  481] -  str(1) = 1
[INFO ][2015-12-09 15:18:00,750][com.java.TestType] [  484] - Test case Id is---1
[INFO ][2015-12-09 15:18:00,750][com.java.TestType] [  486] - 1
[INFO ][2015-12-09 15:18:00,750][com.java.TestType] [  481] -  str(2) = 14
[INFO ][2015-12-09 15:18:00,751][com.java.TestType] [  533] - row values are--------{1=com.java.Objects.TestDataDetails@11d3de3, 2=com.java.Objects.TestDataDetails@f26dd8, 3=com.java.Objects.TestDataDetails@10970c1, 4=com.java.Objects.TestDataDetails@67d31, 5=com.java.Objects.TestDataDetails@7e707e, 6=com.java.Objects.TestDataDetails@1c7cb10, 7=com.java.Objects.TestDataDetails@16bd9ed, 8=com.java.Objects.TestDataDetails@1b3be4f, 9=com.java.Objects.TestDataDetails@16be535, 10=com.java.Objects.TestDataDetails@1cd72ca, 11=com.java.Objects.TestDataDetails@f97aff, 12=com.java.Objects.TestDataDetails@20b52, 13=com.java.Objects.TestDataDetails@6a67ab, 14=com.java.Objects.TestDataDetails@185555c}
[INFO ][2015-12-09 15:18:00,751][com.java.TestType] [ 9982] - Looping 1TCID = 1
[DEBUG][2015-12-09 15:18:00,751][com.java.TestType] [10023] - Concept ID:1 :: Step being Executed: 1::1
[INFO ][2015-12-09 15:18:00,751][com.java.TestType] [10061] - dataFields : TXTusername
[DEBUG][2015-12-09 15:18:00,751][com.java.TestType] [10067] - <In Set values of the page>
[DEBUG][2015-12-09 15:18:00,751][com.java.TestType] [10072] - {Data Fields & Data Values Exist}
[INFO ][2015-12-09 15:18:00,751][com.java.TestType] [10078] - --------------------------setting values-----------------------------
[INFO ][2015-12-09 15:18:00,752][com.java.TestType] [10081] - Action Type : CLEARANDENTER
[INFO ][2015-12-09 15:18:00,752][com.java.TestType] [ 5446] - value = valuelabs.ie10.15310
[INFO ][2015-12-09 15:18:05,566][com.java.TestType] [10100] -  RESULT true
[INFO ][2015-12-09 15:18:05,566][com.java.TestType] [10217] - ?   P A S S   ?
[DEBUG][2015-12-09 15:18:05,566][com.java.TestType] [10023] - Concept ID:1 :: Step being Executed: 1::2
[INFO ][2015-12-09 15:18:05,566][com.java.TestType] [10061] - dataFields : TXTpassword
[DEBUG][2015-12-09 15:18:05,566][com.java.TestType] [10067] - <In Set values of the page>
[DEBUG][2015-12-09 15:18:05,566][com.java.TestType] [10072] - {Data Fields & Data Values Exist}
[INFO ][2015-12-09 15:18:05,566][com.java.TestType] [10078] - --------------------------setting values-----------------------------
[INFO ][2015-12-09 15:18:05,566][com.java.TestType] [10081] - Action Type : CLEARANDENTER
[INFO ][2015-12-09 15:18:05,567][com.java.TestType] [ 5446] - value = Password1*
[INFO ][2015-12-09 15:18:10,443][com.java.TestType] [10100] -  RESULT true
[INFO ][2015-12-09 15:18:10,443][com.java.TestType] [10217] - ?   P A S S   ?
[DEBUG][2015-12-09 15:18:10,443][com.java.TestType] [10023] - Concept ID:1 :: Step being Executed: 1::3
[ERROR][2015-12-09 15:18:10,443][com.java.TestType] [10056] - Exception: null
[INFO ][2015-12-09 15:18:10,443][com.java.TestType] [10061] - dataFields : XPH//button[@type='submit']
[DEBUG][2015-12-09 15:18:10,443][com.java.TestType] [10067] - <In Set values of the page>
[DEBUG][2015-12-09 15:18:10,443][com.java.TestType] [10072] - {Data Fields & Data Values Exist}
[INFO ][2015-12-09 15:18:10,443][com.java.TestType] [10078] - --------------------------setting values-----------------------------
[INFO ][2015-12-09 15:18:10,444][com.java.TestType] [10081] - Action Type : Click
[INFO ][2015-12-09 15:18:10,444][com.java.TestType] [ 5774] - Field ::XPH//button[@type='submit']
[INFO ][2015-12-09 15:18:11,444][com.java.TestType] [ 5868] - BEFORE CLICK
[INFO ][2015-12-09 15:18:12,290][com.java.TestType] [ 5876] - Unable to click the object Login
[INFO ][2015-12-09 15:18:12,290][com.java.TestType] [10100] -  RESULT true
[INFO ][2015-12-09 15:18:12,290][com.java.TestType] [10217] - ?   P A S S   ?
[DEBUG][2015-12-09 15:18:12,290][com.java.TestType] [10023] - Concept ID:1 :: Step being Executed: 1::4
[INFO ][2015-12-09 15:18:12,290][com.java.TestType] [10061] - dataFields : LNKLogout
[DEBUG][2015-12-09 15:18:12,290][com.java.TestType] [10067] - <In Set values of the page>
[DEBUG][2015-12-09 15:18:12,290][com.java.TestType] [10072] - {Data Fields & Data Values Exist}
[INFO ][2015-12-09 15:18:12,290][com.java.TestType] [10078] - --------------------------setting values-----------------------------
[INFO ][2015-12-09 15:18:12,290][com.java.TestType] [10081] - Action Type : WaitForElement
[INFO ][2015-12-09 15:18:15,743][com.java.TestType] [10100] -  RESULT true
[INFO ][2015-12-09 15:18:15,743][com.java.TestType] [10217] - ?   P A S S   ?
[DEBUG][2015-12-09 15:18:15,743][com.java.TestType] [10023] - Concept ID:1 :: Step being Executed: 1::13
[INFO ][2015-12-09 15:18:15,743][com.java.TestType] [10061] - dataFields : LNK
[DEBUG][2015-12-09 15:18:15,743][com.java.TestType] [10067] - <In Set values of the page>
[DEBUG][2015-12-09 15:18:15,743][com.java.TestType] [10072] - {Data Fields & Data Values Exist}
[INFO ][2015-12-09 15:18:15,743][com.java.TestType] [10078] - --------------------------setting values-----------------------------
[INFO ][2015-12-09 15:18:15,744][com.java.TestType] [10081] - Action Type : Verify
[INFO ][2015-12-09 15:18:15,744][com.java.TestType] [ 6674] - field= LNK value= Logout
[INFO ][2015-12-09 15:18:15,746][com.java.TestType] [ 5446] - value = Logout
[INFO ][2015-12-09 15:18:15,780][com.java.TestType] [10100] -  RESULT true
[INFO ][2015-12-09 15:18:15,780][com.java.TestType] [10217] - ?   P A S S   ?
[DEBUG][2015-12-09 15:18:15,780][com.java.TestType] [10023] - Concept ID:1 :: Step being Executed: 1::14
[INFO ][2015-12-09 15:18:15,780][com.java.TestType] [10061] - dataFields : BTN
[DEBUG][2015-12-09 15:18:15,780][com.java.TestType] [10067] - <In Set values of the page>
[DEBUG][2015-12-09 15:18:15,780][com.java.TestType] [10072] - {Data Fields & Data Values Exist}
[INFO ][2015-12-09 15:18:15,780][com.java.TestType] [10078] - --------------------------setting values-----------------------------
[INFO ][2015-12-09 15:18:15,780][com.java.TestType] [10081] - Action Type : Verify
[INFO ][2015-12-09 15:18:15,780][com.java.TestType] [ 6674] - field= BTN value= //img[contains(@src,'bdlogo.jpg')]
[INFO ][2015-12-09 15:18:15,781][com.java.TestType] [ 5446] - value = //img[contains(@src,'bdlogo.jpg')]
[INFO ][2015-12-09 15:18:15,847][com.java.TestType] [10100] -  RESULT true
[INFO ][2015-12-09 15:18:15,847][com.java.TestType] [10217] - ?   P A S S   ?
[INFO ][2015-12-09 15:18:15,847][com.java.TestType] [10288] - Looping End......
[INFO ][2015-12-09 15:18:15,851][com.java.SeleniumDriver] [  894] -  RESULT true
[INFO ][2015-12-09 15:18:15,851][com.java.SeleniumDriver] [ 1100] - ?   P A S S   ?
[INFO ][2015-12-09 15:18:15,851][com.java.SeleniumDriver] [  821] - ------------------------------------------
[INFO ][2015-12-09 15:18:15,851][com.java.SeleniumDriver] [  822] - Test case being Executed: 1
[INFO ][2015-12-09 15:18:15,851][com.java.SeleniumDriver] [  833] - Test step:2
[INFO ][2015-12-09 15:18:15,851][com.java.SeleniumDriver] [  845] - Datavalue is----------Concept#2:1-2
[INFO ][2015-12-09 15:18:15,851][com.java.SeleniumDriver] [  869] - DataField : test
[INFO ][2015-12-09 15:18:15,851][com.java.SeleniumDriver] [  871] - DataValue : Concept#2:1-2
[INFO ][2015-12-09 15:18:15,851][com.java.SeleniumDriver] [  877] - <In Set values of the page>
[INFO ][2015-12-09 15:18:15,851][com.java.SeleniumDriver] [  880] - {Data Fields & Data Values Exist}
[INFO ][2015-12-09 15:18:15,851][com.java.SeleniumDriver] [  882] - --------------------------setting values-----------------------------
[INFO ][2015-12-09 15:18:15,851][com.java.SeleniumDriver] [  885] - Action Type : ExecuteTestCase
[INFO ][2015-12-09 15:18:15,852][com.java.TestType] [  436] - The Concept sheet name is ---------- Concept
[INFO ][2015-12-09 15:18:15,852][com.java.TestType] [  439] - The Concept ID  is ---------- 2
[DEBUG][2015-12-09 15:18:15,852][com.java.TestType] [  443] - Steps being executted in the Concept are: 1:2
[INFO ][2015-12-09 15:18:15,852][com.java.TestType] [  450] - Test data details path ---------- D:\BankersDashboard\TestInputs\TestData.xls
[INFO ][2015-12-09 15:18:15,883][com.java.TestType] [  481] -  str(1) = 2
[INFO ][2015-12-09 15:18:15,883][com.java.TestType] [  484] - Test case Id is---2
[INFO ][2015-12-09 15:18:15,883][com.java.TestType] [  486] - 2
[INFO ][2015-12-09 15:18:15,883][com.java.TestType] [  481] -  str(2) = 1
[INFO ][2015-12-09 15:18:15,885][com.java.TestType] [  533] - row values are--------{1=com.java.Objects.TestDataDetails@10f14ba}
[INFO ][2015-12-09 15:18:15,885][com.java.TestType] [  481] -  str(1) = 2
[INFO ][2015-12-09 15:18:15,885][com.java.TestType] [  484] - Test case Id is---2
[INFO ][2015-12-09 15:18:15,885][com.java.TestType] [  486] - 2
[INFO ][2015-12-09 15:18:15,885][com.java.TestType] [  481] -  str(2) = 2
[INFO ][2015-12-09 15:18:15,886][com.java.TestType] [  533] - row values are--------{1=com.java.Objects.TestDataDetails@10f14ba, 2=com.java.Objects.TestDataDetails@e99497}
[INFO ][2015-12-09 15:18:15,886][com.java.TestType] [  481] -  str(1) = 2
[INFO ][2015-12-09 15:18:15,886][com.java.TestType] [  484] - Test case Id is---2
[INFO ][2015-12-09 15:18:15,886][com.java.TestType] [  486] - 2
[INFO ][2015-12-09 15:18:15,886][com.java.TestType] [  481] -  str(2) = 3
[INFO ][2015-12-09 15:18:15,887][com.java.TestType] [  533] - row values are--------{1=com.java.Objects.TestDataDetails@10f14ba, 2=com.java.Objects.TestDataDetails@e99497, 3=com.java.Objects.TestDataDetails@d4479b}
[INFO ][2015-12-09 15:18:15,887][com.java.TestType] [ 9982] - Looping 1TCID = 2
[DEBUG][2015-12-09 15:18:15,887][com.java.TestType] [10023] - Concept ID:2 :: Step being Executed: 2::1
[INFO ][2015-12-09 15:18:15,887][com.java.TestType] [10061] - dataFields : BNK//select[@id='bank']
[DEBUG][2015-12-09 15:18:15,887][com.java.TestType] [10067] - <In Set values of the page>
[DEBUG][2015-12-09 15:18:15,887][com.java.TestType] [10072] - {Data Fields & Data Values Exist}
[INFO ][2015-12-09 15:18:15,887][com.java.TestType] [10078] - --------------------------setting values-----------------------------
[INFO ][2015-12-09 15:18:15,887][com.java.TestType] [10081] - Action Type : Select
[INFO ][2015-12-09 15:18:15,887][com.java.TestType] [ 5446] - value = PFC
[INFO ][2015-12-09 15:18:16,126][com.java.TestType] [10100] -  RESULT true
[INFO ][2015-12-09 15:18:16,126][com.java.TestType] [10217] - ?   P A S S   ?
[DEBUG][2015-12-09 15:18:16,126][com.java.TestType] [10023] - Concept ID:2 :: Step being Executed: 2::2
[INFO ][2015-12-09 15:18:16,126][com.java.TestType] [10061] - dataFields : LNKLogout
[DEBUG][2015-12-09 15:18:16,126][com.java.TestType] [10067] - <In Set values of the page>
[DEBUG][2015-12-09 15:18:16,126][com.java.TestType] [10072] - {Data Fields & Data Values Exist}
[INFO ][2015-12-09 15:18:16,126][com.java.TestType] [10078] - --------------------------setting values-----------------------------
[INFO ][2015-12-09 15:18:16,126][com.java.TestType] [10081] - Action Type : WaitTime
[DEBUG][2015-12-09 15:18:16,126][com.java.TestType] [ 5266] - sleepTime: 5000
[INFO ][2015-12-09 15:18:21,126][com.java.TestType] [10100] -  RESULT true
[INFO ][2015-12-09 15:18:21,126][com.java.TestType] [10217] - ?   P A S S   ?
[INFO ][2015-12-09 15:18:21,126][com.java.TestType] [10288] - Looping End......
[INFO ][2015-12-09 15:18:21,130][com.java.SeleniumDriver] [  894] -  RESULT true
[INFO ][2015-12-09 15:18:21,130][com.java.SeleniumDriver] [ 1100] - ?   P A S S   ?
[INFO ][2015-12-09 15:18:21,130][com.java.SeleniumDriver] [  821] - ------------------------------------------
[INFO ][2015-12-09 15:18:21,130][com.java.SeleniumDriver] [  822] - Test case being Executed: 1
[INFO ][2015-12-09 15:18:21,130][com.java.SeleniumDriver] [  833] - Test step:3
[INFO ][2015-12-09 15:18:21,130][com.java.SeleniumDriver] [  845] - Datavalue is----------2
[INFO ][2015-12-09 15:18:21,130][com.java.SeleniumDriver] [  869] - DataField : XPH//button[contains(text(),'Add Content')]
[INFO ][2015-12-09 15:18:21,130][com.java.SeleniumDriver] [  871] - DataValue : 2
[INFO ][2015-12-09 15:18:21,130][com.java.SeleniumDriver] [  877] - <In Set values of the page>
[INFO ][2015-12-09 15:18:21,130][com.java.SeleniumDriver] [  880] - {Data Fields & Data Values Exist}
[INFO ][2015-12-09 15:18:21,131][com.java.SeleniumDriver] [  882] - --------------------------setting values-----------------------------
[INFO ][2015-12-09 15:18:21,131][com.java.SeleniumDriver] [  885] - Action Type : WAITFORELEMENT
[INFO ][2015-12-09 15:18:21,164][com.java.SeleniumDriver] [  894] -  RESULT true
[INFO ][2015-12-09 15:18:21,164][com.java.SeleniumDriver] [ 1100] - ?   P A S S   ?
[DEBUG][2015-12-09 15:18:21,164][com.java.SeleniumDriver] [ 1212] - Case found
[DEBUG][2015-12-09 15:18:21,164][com.java.SeleniumDriver] [ 1217] - Incrementing ReportCounters[0]:1
[INFO ][2015-12-09 15:18:21,164][com.java.SeleniumDriver] [ 1236] - The results are-------------------[1, 1, Valid Login, Pass, , Wed Dec 09 15:18:15 IST 2015, 1, 2, Valid Login, Pass, , Wed Dec 09 15:18:21 IST 2015, 1, 3, Valid Login, Pass, , Wed Dec 09 15:18:21 IST 2015]
[INFO ][2015-12-09 15:18:21,164][com.java.SeleniumDriver] [ 1240] - End time is-------34 sec
[INFO ][2015-12-09 15:18:21,164][com.java.SeleniumDriver] [ 1241] - The results are-------------------[1, 1, Valid Login, Pass, , Wed Dec 09 15:18:15 IST 2015, 1, 2, Valid Login, Pass, , Wed Dec 09 15:18:21 IST 2015, 1, 3, Valid Login, Pass, , Wed Dec 09 15:18:21 IST 2015]
[DEBUG][2015-12-09 15:18:21,165][com.java.ImportnExport.ExportTestResultsExcel] [  222] - testResultPath = D:\BankersDashboard/TestReports/Test Results_BankersDashBoard_120915_151749_IE10_CB&S Bank.xls
[DEBUG][2015-12-09 15:18:21,165][com.java.ImportnExport.ExportTestResultsExcel] [  223] - browser is------------IE10
[DEBUG][2015-12-09 15:18:21,209][com.java.ImportnExport.ExportTestResultsExcel] [  270] - result.size() = 18
[DEBUG][2015-12-09 15:18:21,209][com.java.ImportnExport.ExportTestResultsExcel] [  274] - No of rows in sheet=1
[DEBUG][2015-12-09 15:18:21,210][com.java.ImportnExport.ExportTestResultsExcel] [  301] - ..in export..1
[DEBUG][2015-12-09 15:18:21,210][com.java.ImportnExport.ExportTestResultsExcel] [  301] - ..in export..Valid Login
[DEBUG][2015-12-09 15:18:21,210][com.java.ImportnExport.ExportTestResultsExcel] [  301] - ..in export..Pass
[DEBUG][2015-12-09 15:18:21,210][com.java.ImportnExport.ExportTestResultsExcel] [  301] - ..in export..
[DEBUG][2015-12-09 15:18:21,210][com.java.ImportnExport.ExportTestResultsExcel] [  301] - ..in export..Wed Dec 09 15:18:15 IST 2015
[INFO ][2015-12-09 15:18:21,211][com.java.SeleniumDriver] [ 1299] - out loop:0 size:2 TestCases:[1, 2] testcases:[1, 2]
[INFO ][2015-12-09 15:18:21,212][com.java.ImportnExport.ImportTestDataDetailsExcel] [   49] - test data details path===== D:\BankersDashboard\TestInputs\TestData.xls
[INFO ][2015-12-09 15:18:39,092][com.java.SeleniumDriver] [  821] - ------------------------------------------
[INFO ][2015-12-09 15:18:39,092][com.java.SeleniumDriver] [  822] - Test case being Executed: 2
[INFO ][2015-12-09 15:18:39,092][com.java.SeleniumDriver] [  833] - Test step:1
[INFO ][2015-12-09 15:18:39,092][com.java.SeleniumDriver] [  845] - Datavalue is----------Logout
[INFO ][2015-12-09 15:18:39,092][com.java.SeleniumDriver] [  869] - DataField : BTN
[INFO ][2015-12-09 15:18:39,092][com.java.SeleniumDriver] [  871] - DataValue : Logout
[INFO ][2015-12-09 15:18:39,092][com.java.SeleniumDriver] [  877] - <In Set values of the page>
[INFO ][2015-12-09 15:18:39,092][com.java.SeleniumDriver] [  880] - {Data Fields & Data Values Exist}
[INFO ][2015-12-09 15:18:39,092][com.java.SeleniumDriver] [  882] - --------------------------setting values-----------------------------
[INFO ][2015-12-09 15:18:39,092][com.java.SeleniumDriver] [  885] - Action Type : Verify
[INFO ][2015-12-09 15:18:39,092][com.java.TestType] [ 6674] - field= BTN value= Logout
[INFO ][2015-12-09 15:18:39,093][com.java.TestType] [ 5446] - value = Logout
[INFO ][2015-12-09 15:18:39,157][com.java.SeleniumDriver] [  894] -  RESULT true
[INFO ][2015-12-09 15:18:39,157][com.java.SeleniumDriver] [ 1100] - ?   P A S S   ?
[INFO ][2015-12-09 15:18:39,157][com.java.SeleniumDriver] [ 1142] - step change to 3
[INFO ][2015-12-09 15:18:39,157][com.java.SeleniumDriver] [  821] - ------------------------------------------
[INFO ][2015-12-09 15:18:39,157][com.java.SeleniumDriver] [  822] - Test case being Executed: 2
[INFO ][2015-12-09 15:18:39,157][com.java.SeleniumDriver] [  833] - Test step:3
[INFO ][2015-12-09 15:18:39,157][com.java.SeleniumDriver] [  845] - Datavalue is----------Concept#2:1-2
[INFO ][2015-12-09 15:18:39,157][com.java.SeleniumDriver] [  869] - DataField : test
[INFO ][2015-12-09 15:18:39,158][com.java.SeleniumDriver] [  871] - DataValue : Concept#2:1-2
[INFO ][2015-12-09 15:18:39,158][com.java.SeleniumDriver] [  877] - <In Set values of the page>
[INFO ][2015-12-09 15:18:39,158][com.java.SeleniumDriver] [  880] - {Data Fields & Data Values Exist}
[INFO ][2015-12-09 15:18:39,158][com.java.SeleniumDriver] [  882] - --------------------------setting values-----------------------------
[INFO ][2015-12-09 15:18:39,158][com.java.SeleniumDriver] [  885] - Action Type : ExecuteTestCase
[INFO ][2015-12-09 15:18:39,158][com.java.TestType] [  436] - The Concept sheet name is ---------- Concept
[INFO ][2015-12-09 15:18:39,158][com.java.TestType] [  439] - The Concept ID  is ---------- 2
[DEBUG][2015-12-09 15:18:39,158][com.java.TestType] [  443] - Steps being executted in the Concept are: 1:2
[INFO ][2015-12-09 15:18:39,158][com.java.TestType] [  450] - Test data details path ---------- D:\BankersDashboard\TestInputs\TestData.xls
[INFO ][2015-12-09 15:18:39,188][com.java.TestType] [  481] -  str(1) = 2
[INFO ][2015-12-09 15:18:39,189][com.java.TestType] [  484] - Test case Id is---2
[INFO ][2015-12-09 15:18:39,189][com.java.TestType] [  486] - 2
[INFO ][2015-12-09 15:18:39,189][com.java.TestType] [  481] -  str(2) = 1
[INFO ][2015-12-09 15:18:39,190][com.java.TestType] [  533] - row values are--------{1=com.java.Objects.TestDataDetails@1f85c2c}
[INFO ][2015-12-09 15:18:39,190][com.java.TestType] [  481] -  str(1) = 2
[INFO ][2015-12-09 15:18:39,190][com.java.TestType] [  484] - Test case Id is---2
[INFO ][2015-12-09 15:18:39,190][com.java.TestType] [  486] - 2
[INFO ][2015-12-09 15:18:39,190][com.java.TestType] [  481] -  str(2) = 2
[INFO ][2015-12-09 15:18:39,191][com.java.TestType] [  533] - row values are--------{1=com.java.Objects.TestDataDetails@1f85c2c, 2=com.java.Objects.TestDataDetails@1a1b224}
[INFO ][2015-12-09 15:18:39,191][com.java.TestType] [  481] -  str(1) = 2
[INFO ][2015-12-09 15:18:39,191][com.java.TestType] [  484] - Test case Id is---2
[INFO ][2015-12-09 15:18:39,191][com.java.TestType] [  486] - 2
[INFO ][2015-12-09 15:18:39,191][com.java.TestType] [  481] -  str(2) = 3
[INFO ][2015-12-09 15:18:39,192][com.java.TestType] [  533] - row values are--------{1=com.java.Objects.TestDataDetails@1f85c2c, 2=com.java.Objects.TestDataDetails@1a1b224, 3=com.java.Objects.TestDataDetails@17fb691}
[INFO ][2015-12-09 15:18:39,192][com.java.TestType] [ 9982] - Looping 1TCID = 2
[DEBUG][2015-12-09 15:18:39,192][com.java.TestType] [10023] - Concept ID:2 :: Step being Executed: 2::1
[INFO ][2015-12-09 15:18:39,192][com.java.TestType] [10061] - dataFields : BNK//select[@id='bank']
[DEBUG][2015-12-09 15:18:39,192][com.java.TestType] [10067] - <In Set values of the page>
[DEBUG][2015-12-09 15:18:39,193][com.java.TestType] [10072] - {Data Fields & Data Values Exist}
[INFO ][2015-12-09 15:18:39,193][com.java.TestType] [10078] - --------------------------setting values-----------------------------
[INFO ][2015-12-09 15:18:39,193][com.java.TestType] [10081] - Action Type : Select
[INFO ][2015-12-09 15:18:39,193][com.java.TestType] [ 5446] - value = PFC
[INFO ][2015-12-09 15:18:39,388][com.java.TestType] [10100] -  RESULT true
[INFO ][2015-12-09 15:18:39,389][com.java.TestType] [10217] - ?   P A S S   ?
[DEBUG][2015-12-09 15:18:39,389][com.java.TestType] [10023] - Concept ID:2 :: Step being Executed: 2::2
[INFO ][2015-12-09 15:18:39,389][com.java.TestType] [10061] - dataFields : LNKLogout
[DEBUG][2015-12-09 15:18:39,389][com.java.TestType] [10067] - <In Set values of the page>
[DEBUG][2015-12-09 15:18:39,389][com.java.TestType] [10072] - {Data Fields & Data Values Exist}
[INFO ][2015-12-09 15:18:39,389][com.java.TestType] [10078] - --------------------------setting values-----------------------------
[INFO ][2015-12-09 15:18:39,389][com.java.TestType] [10081] - Action Type : WaitTime
[DEBUG][2015-12-09 15:18:39,389][com.java.TestType] [ 5266] - sleepTime: 5000
[INFO ][2015-12-09 15:18:44,389][com.java.TestType] [10100] -  RESULT true
[INFO ][2015-12-09 15:18:44,389][com.java.TestType] [10217] - ?   P A S S   ?
[INFO ][2015-12-09 15:18:44,389][com.java.TestType] [10288] - Looping End......
[INFO ][2015-12-09 15:18:44,393][com.java.SeleniumDriver] [  894] -  RESULT true
[INFO ][2015-12-09 15:18:44,393][com.java.SeleniumDriver] [ 1100] - ?   P A S S   ?
[INFO ][2015-12-09 15:18:44,393][com.java.SeleniumDriver] [  821] - ------------------------------------------
[INFO ][2015-12-09 15:18:44,393][com.java.SeleniumDriver] [  822] - Test case being Executed: 2
[INFO ][2015-12-09 15:18:44,393][com.java.SeleniumDriver] [  833] - Test step:4
[INFO ][2015-12-09 15:18:44,393][com.java.SeleniumDriver] [  845] - Datavalue is----------null
[DEBUG][2015-12-09 15:18:44,393][com.java.SeleniumDriver] [  863] - Exception: null
[INFO ][2015-12-09 15:18:44,393][com.java.SeleniumDriver] [  869] - DataField : //span[@class='icon-stack']&&//a[@data-id="SetupPackage"]
[INFO ][2015-12-09 15:18:44,393][com.java.SeleniumDriver] [  871] - DataValue : 
[INFO ][2015-12-09 15:18:44,393][com.java.SeleniumDriver] [  877] - <In Set values of the page>
[INFO ][2015-12-09 15:18:44,393][com.java.SeleniumDriver] [  880] - {Data Fields & Data Values Exist}
[INFO ][2015-12-09 15:18:44,393][com.java.SeleniumDriver] [  882] - --------------------------setting values-----------------------------
[INFO ][2015-12-09 15:18:44,394][com.java.SeleniumDriver] [  885] - Action Type : MOUSEOVER
[INFO ][2015-12-09 15:19:07,727][com.java.SeleniumDriver] [  894] -  RESULT true
[INFO ][2015-12-09 15:19:07,727][com.java.SeleniumDriver] [ 1100] - ?   P A S S   ?
[INFO ][2015-12-09 15:19:07,727][com.java.SeleniumDriver] [  821] - ------------------------------------------
[INFO ][2015-12-09 15:19:07,727][com.java.SeleniumDriver] [  822] - Test case being Executed: 2
[INFO ][2015-12-09 15:19:07,727][com.java.SeleniumDriver] [  833] - Test step:5
[INFO ][2015-12-09 15:19:07,727][com.java.SeleniumDriver] [  845] - Datavalue is----------5
[INFO ][2015-12-09 15:19:07,727][com.java.SeleniumDriver] [  869] - DataField : XPH//div[@id='divDialogLoading']//img 
[INFO ][2015-12-09 15:19:07,727][com.java.SeleniumDriver] [  871] - DataValue : 5
[INFO ][2015-12-09 15:19:07,727][com.java.SeleniumDriver] [  877] - <In Set values of the page>
[INFO ][2015-12-09 15:19:07,727][com.java.SeleniumDriver] [  880] - {Data Fields & Data Values Exist}
[INFO ][2015-12-09 15:19:07,727][com.java.SeleniumDriver] [  882] - --------------------------setting values-----------------------------
[INFO ][2015-12-09 15:19:07,727][com.java.SeleniumDriver] [  885] - Action Type : WAITFORELEMENT
[INFO ][2015-12-09 15:19:07,762][com.java.SeleniumDriver] [  894] -  RESULT true
[INFO ][2015-12-09 15:19:07,762][com.java.SeleniumDriver] [ 1100] - ?   P A S S   ?
[INFO ][2015-12-09 15:19:07,762][com.java.SeleniumDriver] [  821] - ------------------------------------------
[INFO ][2015-12-09 15:19:07,762][com.java.SeleniumDriver] [  822] - Test case being Executed: 2
[INFO ][2015-12-09 15:19:07,762][com.java.SeleniumDriver] [  833] - Test step:6
[INFO ][2015-12-09 15:19:07,762][com.java.SeleniumDriver] [  845] - Datavalue is----------90
[INFO ][2015-12-09 15:19:07,762][com.java.SeleniumDriver] [  869] - DataField : XPH//div[@id='divDialogLoading']//img 
[INFO ][2015-12-09 15:19:07,762][com.java.SeleniumDriver] [  871] - DataValue : 90
[INFO ][2015-12-09 15:19:07,762][com.java.SeleniumDriver] [  877] - <In Set values of the page>
[INFO ][2015-12-09 15:19:07,762][com.java.SeleniumDriver] [  880] - {Data Fields & Data Values Exist}
[INFO ][2015-12-09 15:19:07,762][com.java.SeleniumDriver] [  882] - --------------------------setting values-----------------------------
[INFO ][2015-12-09 15:19:07,762][com.java.SeleniumDriver] [  885] - Action Type : WAITFORELEMENTNOTPRESENT
[INFO ][2015-12-09 15:19:07,873][com.java.SeleniumDriver] [  894] -  RESULT true
[INFO ][2015-12-09 15:19:07,873][com.java.SeleniumDriver] [ 1100] - ?   P A S S   ?
[INFO ][2015-12-09 15:19:07,873][com.java.SeleniumDriver] [  821] - ------------------------------------------
[INFO ][2015-12-09 15:19:07,873][com.java.SeleniumDriver] [  822] - Test case being Executed: 2
[INFO ][2015-12-09 15:19:07,873][com.java.SeleniumDriver] [  833] - Test step:7
[INFO ][2015-12-09 15:19:07,873][com.java.SeleniumDriver] [  845] - Datavalue is----------Set Up Report Packages
[INFO ][2015-12-09 15:19:07,873][com.java.SeleniumDriver] [  869] - DataField : XPH//span[contains(text(),'Set Up Report Packages')]
[INFO ][2015-12-09 15:19:07,873][com.java.SeleniumDriver] [  871] - DataValue : Set Up Report Packages
[INFO ][2015-12-09 15:19:07,873][com.java.SeleniumDriver] [  877] - <In Set values of the page>
[INFO ][2015-12-09 15:19:07,873][com.java.SeleniumDriver] [  880] - {Data Fields & Data Values Exist}
[INFO ][2015-12-09 15:19:07,873][com.java.SeleniumDriver] [  882] - --------------------------setting values-----------------------------
[INFO ][2015-12-09 15:19:07,873][com.java.SeleniumDriver] [  885] - Action Type : VERIFY
[INFO ][2015-12-09 15:19:07,874][com.java.TestType] [ 6674] - field= XPH//span[contains(text(),'Set Up Report Packages')] value= Set Up Report Packages
[INFO ][2015-12-09 15:19:07,874][com.java.TestType] [ 5446] - value = Set Up Report Packages
[INFO ][2015-12-09 15:19:08,014][com.java.SeleniumDriver] [  894] -  RESULT true
[INFO ][2015-12-09 15:19:08,014][com.java.SeleniumDriver] [ 1100] - ?   P A S S   ?
[INFO ][2015-12-09 15:19:08,014][com.java.SeleniumDriver] [  821] - ------------------------------------------
[INFO ][2015-12-09 15:19:08,014][com.java.SeleniumDriver] [  822] - Test case being Executed: 2
[INFO ][2015-12-09 15:19:08,014][com.java.SeleniumDriver] [  833] - Test step:8
[INFO ][2015-12-09 15:19:08,014][com.java.SeleniumDriver] [  845] - Datavalue is----------null
[DEBUG][2015-12-09 15:19:08,014][com.java.SeleniumDriver] [  863] - Exception: null
[INFO ][2015-12-09 15:19:08,016][com.java.SeleniumDriver] [  869] - DataField : BTNframeDialogContent
[INFO ][2015-12-09 15:19:08,016][com.java.SeleniumDriver] [  871] - DataValue : 
[INFO ][2015-12-09 15:19:08,016][com.java.SeleniumDriver] [  877] - <In Set values of the page>
[INFO ][2015-12-09 15:19:08,016][com.java.SeleniumDriver] [  880] - {Data Fields & Data Values Exist}
[INFO ][2015-12-09 15:19:08,016][com.java.SeleniumDriver] [  882] - --------------------------setting values-----------------------------
[INFO ][2015-12-09 15:19:08,016][com.java.SeleniumDriver] [  885] - Action Type : SELECTFRAME
[INFO ][2015-12-09 15:19:09,270][com.java.SeleniumDriver] [  894] -  RESULT true
[INFO ][2015-12-09 15:19:09,270][com.java.SeleniumDriver] [ 1100] - ?   P A S S   ?
[INFO ][2015-12-09 15:19:09,270][com.java.SeleniumDriver] [  821] - ------------------------------------------
[INFO ][2015-12-09 15:19:09,270][com.java.SeleniumDriver] [  822] - Test case being Executed: 2
[INFO ][2015-12-09 15:19:09,270][com.java.SeleniumDriver] [  833] - Test step:9
[INFO ][2015-12-09 15:19:09,270][com.java.SeleniumDriver] [  845] - Datavalue is----------null
[DEBUG][2015-12-09 15:19:09,270][com.java.SeleniumDriver] [  863] - Exception: null
[INFO ][2015-12-09 15:19:09,270][com.java.SeleniumDriver] [  869] - DataField : XPH//span[@class='glyphicon glyphicon-plus']
[INFO ][2015-12-09 15:19:09,270][com.java.SeleniumDriver] [  871] - DataValue : 
[INFO ][2015-12-09 15:19:09,271][com.java.SeleniumDriver] [  877] - <In Set values of the page>
[INFO ][2015-12-09 15:19:09,271][com.java.SeleniumDriver] [  880] - {Data Fields & Data Values Exist}
[INFO ][2015-12-09 15:19:09,271][com.java.SeleniumDriver] [  882] - --------------------------setting values-----------------------------
[INFO ][2015-12-09 15:19:09,271][com.java.SeleniumDriver] [  885] - Action Type : CLICK
[INFO ][2015-12-09 15:19:09,271][com.java.TestType] [ 5774] - Field ::XPH//span[@class='glyphicon glyphicon-plus']
[INFO ][2015-12-09 15:19:10,271][com.java.TestType] [ 5868] - BEFORE CLICK
[INFO ][2015-12-09 15:19:11,431][com.java.TestType] [ 5876] - Unable to click the object +' Button
[INFO ][2015-12-09 15:19:11,431][com.java.SeleniumDriver] [  894] -  RESULT true
[INFO ][2015-12-09 15:19:11,431][com.java.SeleniumDriver] [ 1100] - ?   P A S S   ?
[INFO ][2015-12-09 15:19:11,431][com.java.SeleniumDriver] [  821] - ------------------------------------------
[INFO ][2015-12-09 15:19:11,431][com.java.SeleniumDriver] [  822] - Test case being Executed: 2
[INFO ][2015-12-09 15:19:11,431][com.java.SeleniumDriver] [  833] - Test step:10
[INFO ][2015-12-09 15:19:11,431][com.java.SeleniumDriver] [  845] - Datavalue is----------3
[INFO ][2015-12-09 15:19:11,431][com.java.SeleniumDriver] [  869] - DataField : XPH//span[@class='dlg_Label']
[INFO ][2015-12-09 15:19:11,433][com.java.SeleniumDriver] [  871] - DataValue : 3
[INFO ][2015-12-09 15:19:11,433][com.java.SeleniumDriver] [  877] - <In Set values of the page>
[INFO ][2015-12-09 15:19:11,433][com.java.SeleniumDriver] [  880] - {Data Fields & Data Values Exist}
[INFO ][2015-12-09 15:19:11,433][com.java.SeleniumDriver] [  882] - --------------------------setting values-----------------------------
[INFO ][2015-12-09 15:19:11,433][com.java.SeleniumDriver] [  885] - Action Type : WAITFORELEMENT
[INFO ][2015-12-09 15:19:11,456][com.java.SeleniumDriver] [  894] -  RESULT true
[INFO ][2015-12-09 15:19:11,456][com.java.SeleniumDriver] [ 1100] - ?   P A S S   ?
[INFO ][2015-12-09 15:19:11,456][com.java.SeleniumDriver] [  821] - ------------------------------------------
[INFO ][2015-12-09 15:19:11,456][com.java.SeleniumDriver] [  822] - Test case being Executed: 2
[INFO ][2015-12-09 15:19:11,456][com.java.SeleniumDriver] [  833] - Test step:11
[INFO ][2015-12-09 15:19:11,456][com.java.SeleniumDriver] [  845] - Datavalue is----------Package Name
[INFO ][2015-12-09 15:19:11,456][com.java.SeleniumDriver] [  869] - DataField : XPH//span[@class='dlg_Label']
[INFO ][2015-12-09 15:19:11,456][com.java.SeleniumDriver] [  871] - DataValue : Package Name
[INFO ][2015-12-09 15:19:11,456][com.java.SeleniumDriver] [  877] - <In Set values of the page>
[INFO ][2015-12-09 15:19:11,456][com.java.SeleniumDriver] [  880] - {Data Fields & Data Values Exist}
[INFO ][2015-12-09 15:19:11,457][com.java.SeleniumDriver] [  882] - --------------------------setting values-----------------------------
[INFO ][2015-12-09 15:19:11,457][com.java.SeleniumDriver] [  885] - Action Type : VERIFY
[INFO ][2015-12-09 15:19:11,457][com.java.TestType] [ 6674] - field= XPH//span[@class='dlg_Label'] value= Package Name
[INFO ][2015-12-09 15:19:11,457][com.java.TestType] [ 5446] - value = Package Name
[INFO ][2015-12-09 15:19:11,567][com.java.SeleniumDriver] [  894] -  RESULT true
[INFO ][2015-12-09 15:19:11,567][com.java.SeleniumDriver] [ 1100] - ?   P A S S   ?
[INFO ][2015-12-09 15:19:11,567][com.java.SeleniumDriver] [  821] - ------------------------------------------
[INFO ][2015-12-09 15:19:11,567][com.java.SeleniumDriver] [  822] - Test case being Executed: 2
[INFO ][2015-12-09 15:19:11,567][com.java.SeleniumDriver] [  833] - Test step:12
[INFO ][2015-12-09 15:19:11,567][com.java.SeleniumDriver] [  845] - Datavalue is----------RNDVL_Test#
[INFO ][2015-12-09 15:19:11,567][com.java.SeleniumDriver] [  869] - DataField : TXT//div[contains(@id,'ember')]/div//input[contains(@class, 'ember-view ember-text-')]
[INFO ][2015-12-09 15:19:11,567][com.java.SeleniumDriver] [  871] - DataValue : RNDVL_Test#
[INFO ][2015-12-09 15:19:11,567][com.java.SeleniumDriver] [  877] - <In Set values of the page>
[INFO ][2015-12-09 15:19:11,567][com.java.SeleniumDriver] [  880] - {Data Fields & Data Values Exist}
[INFO ][2015-12-09 15:19:11,567][com.java.SeleniumDriver] [  882] - --------------------------setting values-----------------------------
[INFO ][2015-12-09 15:19:11,567][com.java.SeleniumDriver] [  885] - Action Type : CLEARANDENTER
[INFO ][2015-12-09 15:19:11,568][com.java.TestType] [ 5446] - value = VL_Test#106472
[INFO ][2015-12-09 15:19:12,459][com.java.SeleniumDriver] [  894] -  RESULT true
[INFO ][2015-12-09 15:19:12,459][com.java.SeleniumDriver] [ 1100] - ?   P A S S   ?
[INFO ][2015-12-09 15:19:12,459][com.java.SeleniumDriver] [  821] - ------------------------------------------
[INFO ][2015-12-09 15:19:12,459][com.java.SeleniumDriver] [  822] - Test case being Executed: 2
[INFO ][2015-12-09 15:19:12,459][com.java.SeleniumDriver] [  833] - Test step:13
[INFO ][2015-12-09 15:19:12,459][com.java.SeleniumDriver] [  845] - Datavalue is----------PackageName
[INFO ][2015-12-09 15:19:12,459][com.java.SeleniumDriver] [  869] - DataField : TXT//div[contains(@id,'ember')]/div//input[contains(@class, 'ember-view ember-text-')]
[INFO ][2015-12-09 15:19:12,459][com.java.SeleniumDriver] [  871] - DataValue : PackageName
[INFO ][2015-12-09 15:19:12,459][com.java.SeleniumDriver] [  877] - <In Set values of the page>
[INFO ][2015-12-09 15:19:12,459][com.java.SeleniumDriver] [  880] - {Data Fields & Data Values Exist}
[INFO ][2015-12-09 15:19:12,459][com.java.SeleniumDriver] [  882] - --------------------------setting values-----------------------------
[INFO ][2015-12-09 15:19:12,459][com.java.SeleniumDriver] [  885] - Action Type : STOREVALUE
[INFO ][2015-12-09 15:19:12,460][com.java.TestType] [ 7852] - field= TXT//div[contains(@id,'ember')]/div//input[contains(@class, 'ember-view ember-text-')]
[DEBUG][2015-12-09 15:19:12,526][com.java.TestType] [ 7866] - Key:: PackageName  Value:: 
[INFO ][2015-12-09 15:19:12,526][com.java.SeleniumDriver] [  894] -  RESULT true
[INFO ][2015-12-09 15:19:12,526][com.java.SeleniumDriver] [ 1100] - ?   P A S S   ?
[INFO ][2015-12-09 15:19:12,526][com.java.SeleniumDriver] [  821] - ------------------------------------------
[INFO ][2015-12-09 15:19:12,526][com.java.SeleniumDriver] [  822] - Test case being Executed: 2
[INFO ][2015-12-09 15:19:12,526][com.java.SeleniumDriver] [  833] - Test step:14
[INFO ][2015-12-09 15:19:12,526][com.java.SeleniumDriver] [  845] - Datavalue is----------5
[INFO ][2015-12-09 15:19:12,526][com.java.SeleniumDriver] [  869] - DataField : null
[INFO ][2015-12-09 15:19:12,526][com.java.SeleniumDriver] [  871] - DataValue : 5
[INFO ][2015-12-09 15:19:12,526][com.java.SeleniumDriver] [  877] - <In Set values of the page>
[INFO ][2015-12-09 15:19:12,526][com.java.SeleniumDriver] [  880] - {Data Fields & Data Values Exist}
[INFO ][2015-12-09 15:19:12,526][com.java.SeleniumDriver] [  882] - --------------------------setting values-----------------------------
[INFO ][2015-12-09 15:19:12,526][com.java.SeleniumDriver] [  885] - Action Type : WAITTIME
[DEBUG][2015-12-09 15:19:12,527][com.java.TestType] [ 5266] - sleepTime: 5000
[INFO ][2015-12-09 15:19:17,527][com.java.SeleniumDriver] [  894] -  RESULT true
[INFO ][2015-12-09 15:19:17,527][com.java.SeleniumDriver] [ 1100] - ?   P A S S   ?
[INFO ][2015-12-09 15:19:17,527][com.java.SeleniumDriver] [  821] - ------------------------------------------
[INFO ][2015-12-09 15:19:17,527][com.java.SeleniumDriver] [  822] - Test case being Executed: 2
[INFO ][2015-12-09 15:19:17,527][com.java.SeleniumDriver] [  833] - Test step:15
[INFO ][2015-12-09 15:19:17,527][com.java.SeleniumDriver] [  845] - Datavalue is----------null
[DEBUG][2015-12-09 15:19:17,527][com.java.SeleniumDriver] [  863] - Exception: null
[INFO ][2015-12-09 15:19:17,527][com.java.SeleniumDriver] [  869] - DataField : XPH//span[contains(text(),'Save')]
[INFO ][2015-12-09 15:19:17,527][com.java.SeleniumDriver] [  871] - DataValue : 
[INFO ][2015-12-09 15:19:17,527][com.java.SeleniumDriver] [  877] - <In Set values of the page>
[INFO ][2015-12-09 15:19:17,527][com.java.SeleniumDriver] [  880] - {Data Fields & Data Values Exist}
[INFO ][2015-12-09 15:19:17,527][com.java.SeleniumDriver] [  882] - --------------------------setting values-----------------------------
[INFO ][2015-12-09 15:19:17,528][com.java.SeleniumDriver] [  885] - Action Type : CLICK
[INFO ][2015-12-09 15:19:17,528][com.java.TestType] [ 5774] - Field ::XPH//span[contains(text(),'Save')]
[INFO ][2015-12-09 15:19:18,528][com.java.TestType] [ 5868] - BEFORE CLICK
[INFO ][2015-12-09 15:19:20,204][com.java.TestType] [ 5876] - Unable to click the object Save Button
[INFO ][2015-12-09 15:19:20,204][com.java.SeleniumDriver] [  894] -  RESULT true
[INFO ][2015-12-09 15:19:20,204][com.java.SeleniumDriver] [ 1100] - ?   P A S S   ?
[INFO ][2015-12-09 15:19:20,204][com.java.SeleniumDriver] [  821] - ------------------------------------------
[INFO ][2015-12-09 15:19:20,204][com.java.SeleniumDriver] [  822] - Test case being Executed: 2
[INFO ][2015-12-09 15:19:20,204][com.java.SeleniumDriver] [  833] - Test step:16
[INFO ][2015-12-09 15:19:20,204][com.java.SeleniumDriver] [  845] - Datavalue is----------20
[INFO ][2015-12-09 15:19:20,204][com.java.SeleniumDriver] [  869] - DataField : test
[INFO ][2015-12-09 15:19:20,204][com.java.SeleniumDriver] [  871] - DataValue : 20
[INFO ][2015-12-09 15:19:20,204][com.java.SeleniumDriver] [  877] - <In Set values of the page>
[INFO ][2015-12-09 15:19:20,204][com.java.SeleniumDriver] [  880] - {Data Fields & Data Values Exist}
[INFO ][2015-12-09 15:19:20,204][com.java.SeleniumDriver] [  882] - --------------------------setting values-----------------------------
[INFO ][2015-12-09 15:19:20,204][com.java.SeleniumDriver] [  885] - Action Type : WAITTIME
[DEBUG][2015-12-09 15:19:20,205][com.java.TestType] [ 5266] - sleepTime: 20000
[INFO ][2015-12-09 15:19:40,204][com.java.SeleniumDriver] [  894] -  RESULT true
[INFO ][2015-12-09 15:19:40,204][com.java.SeleniumDriver] [ 1100] - ?   P A S S   ?
[INFO ][2015-12-09 15:19:40,204][com.java.SeleniumDriver] [  821] - ------------------------------------------
[INFO ][2015-12-09 15:19:40,204][com.java.SeleniumDriver] [  822] - Test case being Executed: 2
[INFO ][2015-12-09 15:19:40,204][com.java.SeleniumDriver] [  833] - Test step:17
[INFO ][2015-12-09 15:19:40,204][com.java.SeleniumDriver] [  845] - Datavalue is----------index:2
[INFO ][2015-12-09 15:19:40,204][com.java.SeleniumDriver] [  869] - DataField : COB//select[@action='goToNewReport']
[INFO ][2015-12-09 15:19:40,204][com.java.SeleniumDriver] [  871] - DataValue : index:2
[INFO ][2015-12-09 15:19:40,204][com.java.SeleniumDriver] [  877] - <In Set values of the page>
[INFO ][2015-12-09 15:19:40,205][com.java.SeleniumDriver] [  880] - {Data Fields & Data Values Exist}
[INFO ][2015-12-09 15:19:40,205][com.java.SeleniumDriver] [  882] - --------------------------setting values-----------------------------
[INFO ][2015-12-09 15:19:40,205][com.java.SeleniumDriver] [  885] - Action Type : SELECT
[INFO ][2015-12-09 15:19:40,205][com.java.TestType] [ 5446] - value = 2
[INFO ][2015-12-09 15:19:40,286][com.java.TestType] [ 5564] -  In COB //select[@action='goToNewReport'] : 2
[INFO ][2015-12-09 15:19:42,442][com.java.SeleniumDriver] [  894] -  RESULT true
[INFO ][2015-12-09 15:19:42,442][com.java.SeleniumDriver] [ 1100] - ?   P A S S   ?
[INFO ][2015-12-09 15:19:42,442][com.java.SeleniumDriver] [  821] - ------------------------------------------
[INFO ][2015-12-09 15:19:42,442][com.java.SeleniumDriver] [  822] - Test case being Executed: 2
[INFO ][2015-12-09 15:19:42,442][com.java.SeleniumDriver] [  833] - Test step:18
[INFO ][2015-12-09 15:19:42,442][com.java.SeleniumDriver] [  845] - Datavalue is----------5
[INFO ][2015-12-09 15:19:42,442][com.java.SeleniumDriver] [  869] - DataField : XPH//td/input[contains(@class, 'ember-view ember-')]
[INFO ][2015-12-09 15:19:42,442][com.java.SeleniumDriver] [  871] - DataValue : 5
[INFO ][2015-12-09 15:19:42,442][com.java.SeleniumDriver] [  877] - <In Set values of the page>
[INFO ][2015-12-09 15:19:42,442][com.java.SeleniumDriver] [  880] - {Data Fields & Data Values Exist}
[INFO ][2015-12-09 15:19:42,442][com.java.SeleniumDriver] [  882] - --------------------------setting values-----------------------------
[INFO ][2015-12-09 15:19:42,443][com.java.SeleniumDriver] [  885] - Action Type : WAITFORELEMENT
[INFO ][2015-12-09 15:19:42,685][com.java.SeleniumDriver] [  894] -  RESULT true
[INFO ][2015-12-09 15:19:42,685][com.java.SeleniumDriver] [ 1100] - ?   P A S S   ?
[INFO ][2015-12-09 15:19:42,685][com.java.SeleniumDriver] [  821] - ------------------------------------------
[INFO ][2015-12-09 15:19:42,685][com.java.SeleniumDriver] [  822] - Test case being Executed: 2
[INFO ][2015-12-09 15:19:42,685][com.java.SeleniumDriver] [  833] - Test step:19
[INFO ][2015-12-09 15:19:42,685][com.java.SeleniumDriver] [  845] - Datavalue is----------Executive Summary (12mos.)
[INFO ][2015-12-09 15:19:42,685][com.java.SeleniumDriver] [  869] - DataField : XPH//td/input[contains(@class, 'ember-view ember-')]
[INFO ][2015-12-09 15:19:42,685][com.java.SeleniumDriver] [  871] - DataValue : Executive Summary (12mos.)
[INFO ][2015-12-09 15:19:42,685][com.java.SeleniumDriver] [  877] - <In Set values of the page>
[INFO ][2015-12-09 15:19:42,685][com.java.SeleniumDriver] [  880] - {Data Fields & Data Values Exist}
[INFO ][2015-12-09 15:19:42,685][com.java.SeleniumDriver] [  882] - --------------------------setting values-----------------------------
[INFO ][2015-12-09 15:19:42,686][com.java.SeleniumDriver] [  885] - Action Type : VERIFY
[INFO ][2015-12-09 15:19:42,686][com.java.TestType] [ 6674] - field= XPH//td/input[contains(@class, 'ember-view ember-')] value= Executive Summary (12mos.)
[INFO ][2015-12-09 15:19:42,686][com.java.TestType] [ 5446] - value = Executive Summary (12mos.)
[INFO ][2015-12-09 15:19:42,818][com.java.SeleniumDriver] [  894] -  RESULT true
[INFO ][2015-12-09 15:19:42,818][com.java.SeleniumDriver] [ 1100] - ?   P A S S   ?
[INFO ][2015-12-09 15:19:42,818][com.java.SeleniumDriver] [  821] - ------------------------------------------
[INFO ][2015-12-09 15:19:42,818][com.java.SeleniumDriver] [  822] - Test case being Executed: 2
[INFO ][2015-12-09 15:19:42,818][com.java.SeleniumDriver] [  833] - Test step:20
[INFO ][2015-12-09 15:19:42,818][com.java.SeleniumDriver] [  845] - Datavalue is----------index:1
[INFO ][2015-12-09 15:19:42,818][com.java.SeleniumDriver] [  869] - DataField : COB//td[@colspan='2']/select
[INFO ][2015-12-09 15:19:42,819][com.java.SeleniumDriver] [  871] - DataValue : index:1
[INFO ][2015-12-09 15:19:42,819][com.java.SeleniumDriver] [  877] - <In Set values of the page>
[INFO ][2015-12-09 15:19:42,819][com.java.SeleniumDriver] [  880] - {Data Fields & Data Values Exist}
[INFO ][2015-12-09 15:19:42,819][com.java.SeleniumDriver] [  882] - --------------------------setting values-----------------------------
[INFO ][2015-12-09 15:19:42,819][com.java.SeleniumDriver] [  885] - Action Type : SELECT
[INFO ][2015-12-09 15:19:42,819][com.java.TestType] [ 5446] - value = 1
[INFO ][2015-12-09 15:19:42,898][com.java.TestType] [ 5564] -  In COB //td[@colspan='2']/select : 1
[INFO ][2015-12-09 15:19:43,334][com.java.SeleniumDriver] [  894] -  RESULT true
[INFO ][2015-12-09 15:19:43,334][com.java.SeleniumDriver] [ 1100] - ?   P A S S   ?
[INFO ][2015-12-09 15:19:43,334][com.java.SeleniumDriver] [  821] - ------------------------------------------
[INFO ][2015-12-09 15:19:43,334][com.java.SeleniumDriver] [  822] - Test case being Executed: 2
[INFO ][2015-12-09 15:19:43,334][com.java.SeleniumDriver] [  833] - Test step:21
[INFO ][2015-12-09 15:19:43,334][com.java.SeleniumDriver] [  845] - Datavalue is----------null
[DEBUG][2015-12-09 15:19:43,334][com.java.SeleniumDriver] [  863] - Exception: null
[INFO ][2015-12-09 15:19:43,334][com.java.SeleniumDriver] [  869] - DataField : XPH//span[contains(text(),'Save')]
[INFO ][2015-12-09 15:19:43,334][com.java.SeleniumDriver] [  871] - DataValue : 
[INFO ][2015-12-09 15:19:43,334][com.java.SeleniumDriver] [  877] - <In Set values of the page>
[INFO ][2015-12-09 15:19:43,334][com.java.SeleniumDriver] [  880] - {Data Fields & Data Values Exist}
[INFO ][2015-12-09 15:19:43,334][com.java.SeleniumDriver] [  882] - --------------------------setting values-----------------------------
[INFO ][2015-12-09 15:19:43,335][com.java.SeleniumDriver] [  885] - Action Type : CLICK
[INFO ][2015-12-09 15:19:43,335][com.java.TestType] [ 5774] - Field ::XPH//span[contains(text(),'Save')]
[INFO ][2015-12-09 15:19:44,335][com.java.TestType] [ 5868] - BEFORE CLICK
[INFO ][2015-12-09 15:19:45,277][com.java.TestType] [ 5876] - Unable to click the object Save Button
[INFO ][2015-12-09 15:19:45,277][com.java.SeleniumDriver] [  894] -  RESULT true
[INFO ][2015-12-09 15:19:45,277][com.java.SeleniumDriver] [ 1100] - ?   P A S S   ?
[INFO ][2015-12-09 15:19:45,277][com.java.SeleniumDriver] [  821] - ------------------------------------------
[INFO ][2015-12-09 15:19:45,277][com.java.SeleniumDriver] [  822] - Test case being Executed: 2
[INFO ][2015-12-09 15:19:45,277][com.java.SeleniumDriver] [  833] - Test step:22
[INFO ][2015-12-09 15:19:45,277][com.java.SeleniumDriver] [  845] - Datavalue is----------20
[INFO ][2015-12-09 15:19:45,277][com.java.SeleniumDriver] [  869] - DataField : test
[INFO ][2015-12-09 15:19:45,277][com.java.SeleniumDriver] [  871] - DataValue : 20
[INFO ][2015-12-09 15:19:45,277][com.java.SeleniumDriver] [  877] - <In Set values of the page>
[INFO ][2015-12-09 15:19:45,277][com.java.SeleniumDriver] [  880] - {Data Fields & Data Values Exist}
[INFO ][2015-12-09 15:19:45,277][com.java.SeleniumDriver] [  882] - --------------------------setting values-----------------------------
[INFO ][2015-12-09 15:19:45,277][com.java.SeleniumDriver] [  885] - Action Type : WAITTIME
[DEBUG][2015-12-09 15:19:45,278][com.java.TestType] [ 5266] - sleepTime: 20000
[INFO ][2015-12-09 15:20:05,277][com.java.SeleniumDriver] [  894] -  RESULT true
[INFO ][2015-12-09 15:20:05,277][com.java.SeleniumDriver] [ 1100] - ?   P A S S   ?
[INFO ][2015-12-09 15:20:05,277][com.java.SeleniumDriver] [  821] - ------------------------------------------
[INFO ][2015-12-09 15:20:05,277][com.java.SeleniumDriver] [  822] - Test case being Executed: 2
[INFO ][2015-12-09 15:20:05,277][com.java.SeleniumDriver] [  833] - Test step:23
[INFO ][2015-12-09 15:20:05,277][com.java.SeleniumDriver] [  845] - Datavalue is----------index:2
[INFO ][2015-12-09 15:20:05,277][com.java.SeleniumDriver] [  869] - DataField : COB//select[@action='goToNewReport']
[INFO ][2015-12-09 15:20:05,277][com.java.SeleniumDriver] [  871] - DataValue : index:2
[INFO ][2015-12-09 15:20:05,277][com.java.SeleniumDriver] [  877] - <In Set values of the page>
[INFO ][2015-12-09 15:20:05,277][com.java.SeleniumDriver] [  880] - {Data Fields & Data Values Exist}
[INFO ][2015-12-09 15:20:05,277][com.java.SeleniumDriver] [  882] - --------------------------setting values-----------------------------
[INFO ][2015-12-09 15:20:05,277][com.java.SeleniumDriver] [  885] - Action Type : SELECT
[INFO ][2015-12-09 15:20:05,278][com.java.TestType] [ 5446] - value = 2
[INFO ][2015-12-09 15:20:05,678][com.java.TestType] [ 5564] -  In COB //select[@action='goToNewReport'] : 2
[INFO ][2015-12-09 15:20:07,831][com.java.SeleniumDriver] [  894] -  RESULT true
[INFO ][2015-12-09 15:20:07,831][com.java.SeleniumDriver] [ 1100] - ?   P A S S   ?
[INFO ][2015-12-09 15:20:07,831][com.java.SeleniumDriver] [  821] - ------------------------------------------
[INFO ][2015-12-09 15:20:07,831][com.java.SeleniumDriver] [  822] - Test case being Executed: 2
[INFO ][2015-12-09 15:20:07,831][com.java.SeleniumDriver] [  833] - Test step:24
[INFO ][2015-12-09 15:20:07,831][com.java.SeleniumDriver] [  845] - Datavalue is----------5
[INFO ][2015-12-09 15:20:07,831][com.java.SeleniumDriver] [  869] - DataField : XPH//td/input[contains(@class, 'ember-view ember-')]
[INFO ][2015-12-09 15:20:07,832][com.java.SeleniumDriver] [  871] - DataValue : 5
[INFO ][2015-12-09 15:20:07,832][com.java.SeleniumDriver] [  877] - <In Set values of the page>
[INFO ][2015-12-09 15:20:07,832][com.java.SeleniumDriver] [  880] - {Data Fields & Data Values Exist}
[INFO ][2015-12-09 15:20:07,832][com.java.SeleniumDriver] [  882] - --------------------------setting values-----------------------------
[INFO ][2015-12-09 15:20:07,832][com.java.SeleniumDriver] [  885] - Action Type : WAITFORELEMENT
[INFO ][2015-12-09 15:20:08,064][com.java.SeleniumDriver] [  894] -  RESULT true
[INFO ][2015-12-09 15:20:08,064][com.java.SeleniumDriver] [ 1100] - ?   P A S S   ?
[INFO ][2015-12-09 15:20:08,064][com.java.SeleniumDriver] [  821] - ------------------------------------------
[INFO ][2015-12-09 15:20:08,064][com.java.SeleniumDriver] [  822] - Test case being Executed: 2
[INFO ][2015-12-09 15:20:08,065][com.java.SeleniumDriver] [  833] - Test step:25
[INFO ][2015-12-09 15:20:08,065][com.java.SeleniumDriver] [  845] - Datavalue is----------index:2
[INFO ][2015-12-09 15:20:08,065][com.java.SeleniumDriver] [  869] - DataField : COB//td[@colspan='2']/select
[INFO ][2015-12-09 15:20:08,065][com.java.SeleniumDriver] [  871] - DataValue : index:2
[INFO ][2015-12-09 15:20:08,065][com.java.SeleniumDriver] [  877] - <In Set values of the page>
[INFO ][2015-12-09 15:20:08,065][com.java.SeleniumDriver] [  880] - {Data Fields & Data Values Exist}
[INFO ][2015-12-09 15:20:08,065][com.java.SeleniumDriver] [  882] - --------------------------setting values-----------------------------
[INFO ][2015-12-09 15:20:08,065][com.java.SeleniumDriver] [  885] - Action Type : SELECT
[INFO ][2015-12-09 15:20:08,065][com.java.TestType] [ 5446] - value = 2
[INFO ][2015-12-09 15:20:08,144][com.java.TestType] [ 5564] -  In COB //td[@colspan='2']/select : 2
[INFO ][2015-12-09 15:20:08,621][com.java.SeleniumDriver] [  894] -  RESULT true
[INFO ][2015-12-09 15:20:08,621][com.java.SeleniumDriver] [ 1100] - ?   P A S S   ?
[INFO ][2015-12-09 15:20:08,621][com.java.SeleniumDriver] [  821] - ------------------------------------------
[INFO ][2015-12-09 15:20:08,621][com.java.SeleniumDriver] [  822] - Test case being Executed: 2
[INFO ][2015-12-09 15:20:08,621][com.java.SeleniumDriver] [  833] - Test step:26
[INFO ][2015-12-09 15:20:08,621][com.java.SeleniumDriver] [  845] - Datavalue is----------null
[DEBUG][2015-12-09 15:20:08,621][com.java.SeleniumDriver] [  863] - Exception: null
[INFO ][2015-12-09 15:20:08,621][com.java.SeleniumDriver] [  869] - DataField : XPH//span[contains(text(),'Save')]
[INFO ][2015-12-09 15:20:08,621][com.java.SeleniumDriver] [  871] - DataValue : 
[INFO ][2015-12-09 15:20:08,621][com.java.SeleniumDriver] [  877] - <In Set values of the page>
[INFO ][2015-12-09 15:20:08,622][com.java.SeleniumDriver] [  880] - {Data Fields & Data Values Exist}
[INFO ][2015-12-09 15:20:08,622][com.java.SeleniumDriver] [  882] - --------------------------setting values-----------------------------
[INFO ][2015-12-09 15:20:08,622][com.java.SeleniumDriver] [  885] - Action Type : CLICK
[INFO ][2015-12-09 15:20:08,623][com.java.TestType] [ 5774] - Field ::XPH//span[contains(text(),'Save')]
[INFO ][2015-12-09 15:20:09,623][com.java.TestType] [ 5868] - BEFORE CLICK
[INFO ][2015-12-09 15:20:10,539][com.java.TestType] [ 5876] - Unable to click the object Save Button
[INFO ][2015-12-09 15:20:10,539][com.java.SeleniumDriver] [  894] -  RESULT true
[INFO ][2015-12-09 15:20:10,539][com.java.SeleniumDriver] [ 1100] - ?   P A S S   ?
[INFO ][2015-12-09 15:20:10,539][com.java.SeleniumDriver] [  821] - ------------------------------------------
[INFO ][2015-12-09 15:20:10,539][com.java.SeleniumDriver] [  822] - Test case being Executed: 2
[INFO ][2015-12-09 15:20:10,539][com.java.SeleniumDriver] [  833] - Test step:27
[INFO ][2015-12-09 15:20:10,539][com.java.SeleniumDriver] [  845] - Datavalue is----------3
[INFO ][2015-12-09 15:20:10,539][com.java.SeleniumDriver] [  869] - DataField : XPH//span[contains(text(), 'Finished')]
[INFO ][2015-12-09 15:20:10,539][com.java.SeleniumDriver] [  871] - DataValue : 3
[INFO ][2015-12-09 15:20:10,539][com.java.SeleniumDriver] [  877] - <In Set values of the page>
[INFO ][2015-12-09 15:20:10,539][com.java.SeleniumDriver] [  880] - {Data Fields & Data Values Exist}
[INFO ][2015-12-09 15:20:10,540][com.java.SeleniumDriver] [  882] - --------------------------setting values-----------------------------
[INFO ][2015-12-09 15:20:10,540][com.java.SeleniumDriver] [  885] - Action Type : WAITFORELEMENT
[INFO ][2015-12-09 15:20:11,323][com.java.SeleniumDriver] [  894] -  RESULT true
[INFO ][2015-12-09 15:20:11,323][com.java.SeleniumDriver] [ 1100] - ?   P A S S   ?
[INFO ][2015-12-09 15:20:11,323][com.java.SeleniumDriver] [  821] - ------------------------------------------
[INFO ][2015-12-09 15:20:11,323][com.java.SeleniumDriver] [  822] - Test case being Executed: 2
[INFO ][2015-12-09 15:20:11,323][com.java.SeleniumDriver] [  833] - Test step:28
[INFO ][2015-12-09 15:20:11,323][com.java.SeleniumDriver] [  845] - Datavalue is----------null
[DEBUG][2015-12-09 15:20:11,323][com.java.SeleniumDriver] [  863] - Exception: null
[INFO ][2015-12-09 15:20:11,323][com.java.SeleniumDriver] [  869] - DataField : XPH//span[contains(text(), 'Finished')]
[INFO ][2015-12-09 15:20:11,323][com.java.SeleniumDriver] [  871] - DataValue : 
[INFO ][2015-12-09 15:20:11,323][com.java.SeleniumDriver] [  877] - <In Set values of the page>
[INFO ][2015-12-09 15:20:11,323][com.java.SeleniumDriver] [  880] - {Data Fields & Data Values Exist}
[INFO ][2015-12-09 15:20:11,324][com.java.SeleniumDriver] [  882] - --------------------------setting values-----------------------------
[INFO ][2015-12-09 15:20:11,324][com.java.SeleniumDriver] [  885] - Action Type : CLICK
[INFO ][2015-12-09 15:20:11,324][com.java.TestType] [ 5774] - Field ::XPH//span[contains(text(), 'Finished')]
[INFO ][2015-12-09 15:20:12,324][com.java.TestType] [ 5868] - BEFORE CLICK
[INFO ][2015-12-09 15:20:13,144][com.java.TestType] [ 5876] - Unable to click the object Finished button
[INFO ][2015-12-09 15:20:13,144][com.java.SeleniumDriver] [  894] -  RESULT true
[INFO ][2015-12-09 15:20:13,144][com.java.SeleniumDriver] [ 1100] - ?   P A S S   ?
[INFO ][2015-12-09 15:20:13,144][com.java.SeleniumDriver] [  821] - ------------------------------------------
[INFO ][2015-12-09 15:20:13,144][com.java.SeleniumDriver] [  822] - Test case being Executed: 2
[INFO ][2015-12-09 15:20:13,144][com.java.SeleniumDriver] [  833] - Test step:29
[INFO ][2015-12-09 15:20:13,144][com.java.SeleniumDriver] [  845] - Datavalue is----------3
[INFO ][2015-12-09 15:20:13,144][com.java.SeleniumDriver] [  869] - DataField : XPH//div[contains(text(), 'My Dashboard')]
[INFO ][2015-12-09 15:20:13,144][com.java.SeleniumDriver] [  871] - DataValue : 3
[INFO ][2015-12-09 15:20:13,144][com.java.SeleniumDriver] [  877] - <In Set values of the page>
[INFO ][2015-12-09 15:20:13,144][com.java.SeleniumDriver] [  880] - {Data Fields & Data Values Exist}
[INFO ][2015-12-09 15:20:13,144][com.java.SeleniumDriver] [  882] - --------------------------setting values-----------------------------
[INFO ][2015-12-09 15:20:13,144][com.java.SeleniumDriver] [  885] - Action Type : WAITFORELEMENT
[DEBUG][2015-12-09 15:21:18,127][com.java.TestType] [ 6362] - //div[contains(text(), 'My Dashboard')]   :: Element not Found
[INFO ][2015-12-09 15:21:18,127][com.java.SeleniumDriver] [  894] -  RESULT false
[INFO ][2015-12-09 15:21:18,127][com.java.SeleniumDriver] [  941] - ?   F A I L   ?
[INFO ][2015-12-09 15:21:18,127][com.java.SeleniumDriver] [  949] - Browser Type : IE10
[INFO ][2015-12-09 15:21:18,128][com.java.SeleniumDriver] [  950] - Adding Failed case2
[INFO ][2015-12-09 15:21:27,049][com.java.SeleniumDriver] [ 1064] - failedCases = 2
[ERROR][2015-12-09 15:21:27,049][com.java.SeleniumDriver] [ 1561] - Platform Errors : Our apologies...::We have encountered an issue with your request.::Our apologies?:We encountered an issue with your request.
[INFO ][2015-12-09 15:21:27,050][com.java.SeleniumDriver] [ 1565] - Length =3
[ERROR][2015-12-09 15:21:27,051][com.java.SeleniumDriver] [ 1568] - Error 0 = Our apologies...
[ERROR][2015-12-09 15:21:27,064][com.java.SeleniumDriver] [ 1568] - Error 1 = We have encountered an issue with your request.
[ERROR][2015-12-09 15:21:27,078][com.java.SeleniumDriver] [ 1568] - Error 2 = Our apologies?:We encountered an issue with your request.
[INFO ][2015-12-09 15:21:27,090][com.java.SeleniumDriver] [ 1579] - strError:
[DEBUG][2015-12-09 15:21:27,102][com.java.SeleniumDriver] [ 1212] - Case found
[DEBUG][2015-12-09 15:21:27,102][com.java.SeleniumDriver] [ 1217] - Incrementing ReportCounters[0]:2
[INFO ][2015-12-09 15:21:27,102][com.java.SeleniumDriver] [ 1236] - The results are-------------------[2, 29, Report Packages: Add Regular Report Package, Fail, 
Test case failed at Step No. :: 29   Error Message ::  //div[contains(text(), 'My Dashboard')]   :: Element not Found. Screen Shot : D:\BankersDashboard\TestReports\120915\2_120915_152118_IE10.png, Wed Dec 09 15:21:27 IST 2015]
[INFO ][2015-12-09 15:21:27,102][com.java.SeleniumDriver] [ 1240] - End time is-------3 min 40 sec
[INFO ][2015-12-09 15:21:27,102][com.java.SeleniumDriver] [ 1241] - The results are-------------------[2, 29, Report Packages: Add Regular Report Package, Fail, 
Test case failed at Step No. :: 29   Error Message ::  //div[contains(text(), 'My Dashboard')]   :: Element not Found. Screen Shot : D:\BankersDashboard\TestReports\120915\2_120915_152118_IE10.png, Wed Dec 09 15:21:27 IST 2015]
[DEBUG][2015-12-09 15:21:27,102][com.java.ImportnExport.ExportTestResultsExcel] [  222] - testResultPath = D:\BankersDashboard/TestReports/Test Results_BankersDashBoard_120915_151749_IE10_CB&S Bank.xls
[DEBUG][2015-12-09 15:21:27,102][com.java.ImportnExport.ExportTestResultsExcel] [  223] - browser is------------IE10
[DEBUG][2015-12-09 15:21:27,104][com.java.ImportnExport.ExportTestResultsExcel] [  270] - result.size() = 6
[DEBUG][2015-12-09 15:21:27,104][com.java.ImportnExport.ExportTestResultsExcel] [  274] - No of rows in sheet=2
[DEBUG][2015-12-09 15:21:27,104][com.java.ImportnExport.ExportTestResultsExcel] [  301] - ..in export..2
[DEBUG][2015-12-09 15:21:27,104][com.java.ImportnExport.ExportTestResultsExcel] [  301] - ..in export..Report Packages: Add Regular Report Package
[DEBUG][2015-12-09 15:21:27,105][com.java.ImportnExport.ExportTestResultsExcel] [  301] - ..in export..Fail
[DEBUG][2015-12-09 15:21:27,105][com.java.ImportnExport.ExportTestResultsExcel] [  301] - ..in export..
Test case failed at Step No. :: 29   Error Message ::  //div[contains(text(), 'My Dashboard')]   :: Element not Found. Screen Shot : D:\BankersDashboard\TestReports\120915\2_120915_152118_IE10.png
[DEBUG][2015-12-09 15:21:27,105][com.java.ImportnExport.ExportTestResultsExcel] [  301] - ..in export..Wed Dec 09 15:21:27 IST 2015
[INFO ][2015-12-09 15:21:27,106][com.java.SeleniumDriver] [ 1299] - out loop:1 size:2 TestCases:[1, 2] testcases:[1, 2]
[INFO ][2015-12-09 15:21:29,106][com.java.SeleniumDriver] [ 1342] - Total Number of Cases:2
[INFO ][2015-12-09 15:21:29,106][com.java.TemplateGenerator] [  302] - Executed:2
[INFO ][2015-12-09 15:21:29,106][com.java.TemplateGenerator] [  303] - Passed:1
[INFO ][2015-12-09 15:21:29,106][com.java.TemplateGenerator] [  304] - Failed:1
[INFO ][2015-12-09 15:21:29,106][com.java.TemplateGenerator] [  305] - Skipeed:0
[INFO ][2015-12-09 15:21:29,106][com.java.TemplateGenerator] [  306] - Application URL:https://clients-xuat.bankersdashboard.com
[INFO ][2015-12-09 15:21:29,106][com.java.TemplateGenerator] [  307] - Start Time:120915_151749
[INFO ][2015-12-09 15:21:29,106][com.java.TemplateGenerator] [  308] -  Creating HTML Report 
[ERROR][2015-12-09 15:21:29,107][com.java.TemplateGenerator] [  409] - Unparseable date: "Wed Dec 09 03:17:49 IST 2015"
[INFO ][2015-12-09 15:21:29,107][com.java.TemplateGenerator] [  654] -  Exporting case :: 1
[INFO ][2015-12-09 15:21:29,107][com.java.TemplateGenerator] [  654] -  Exporting case :: 2
[INFO ][2015-12-09 15:21:29,112][com.java.SeleniumDriver] [ 1391] - End Time:120915_152129
[INFO ][2015-12-09 15:21:29,113][com.java.SeleniumDriver] [ 1394] - Data in Test Execution Details:{1=PASS, 2=FAILTest case failed at Step No. :: 29   Error Message ::  //div[contains(text(), 'My Dashboard')]   :: Element not Found}
[INFO ][2015-12-09 15:21:29,113][com.java.SeleniumDriver] [ 1395] - Data in Failed Execution Deatils:{}
[INFO ][2015-12-09 15:21:29,113][com.java.SeleniumDriver] [ 1397] - ReportCounter:Total:2 :: PASS: 1 ::FAIL: 1
[INFO ][2015-12-09 15:21:29,114][com.java.SeleniumDriver] [ 1398] - FailedReportCounter:Total:0 :: PASS: 0 ::FAIL: 0
[INFO ][2015-12-09 15:21:29,119][com.java.EmailTestReport] [   63] - Sending report mail details:
[INFO ][2015-12-09 15:21:29,119][com.java.EmailTestReport] [   80] - Excel Report Path:D:\BankersDashboard/TestReports/Test Results_BankersDashBoard_120915_151749_IE10_CB&S Bank.xls
[INFO ][2015-12-09 15:21:29,119][com.java.EmailTestReport] [   81] - HTML Report Path:D:\BankersDashboard//TestReports//Test Results_BankersDashBoard_120915_151749_IE10_CB&S Bank.html
[INFO ][2015-12-09 15:21:29,119][com.java.EmailTestReport] [   82] - smtpHostName:mail01.valuelabs.com
[INFO ][2015-12-09 15:21:29,119][com.java.EmailTestReport] [   83] - Recipient:venkateswararao.gubbala@valuelabs.com;
[INFO ][2015-12-09 15:21:29,119][com.java.EmailTestReport] [   84] - From:venkateswararao.gubbala@valuelabs.com;
[INFO ][2015-12-09 15:21:29,120][com.java.EmailTestReport] [   85] - Subject:Deluxe Corp Bankers Dashboard Automation Test Report - CB&S Bank - IE10
[INFO ][2015-12-09 15:21:29,136][com.java.EmailTestReport] [  143] -  Added venkateswararao.gubbala@valuelabs.com
[INFO ][2015-12-09 15:21:32,513][com.java.SeleniumDriver] [  720] - quitting the browser 
[INFO ][2015-12-09 15:21:33,712][com.java.SeleniumDriver] [  264] - Execution Completed Stopping the thread
