[INFO ][2015-12-02 14:55:52,388][com.java.SeleniumDriver] [  213] - Execute Failed Casesfalse
[INFO ][2015-12-02 14:55:52,388][com.java.SeleniumDriver] [  214] - Browser: IE10
[INFO ][2015-12-02 14:55:52,388][com.java.SeleniumDriver] [  215] - [1, 9]
[INFO ][2015-12-02 14:55:52,388][com.java.SeleniumDriver] [  216] - Total TestCases:2
[INFO ][2015-12-02 14:55:52,388][com.java.SeleniumDriver] [  217] -  Reading Properties from Property File 
[DEBUG][2015-12-02 14:55:52,389][com.java.SeleniumDriver] [  238] - url : https://clients-xuat.bankersdashboard.com
[INFO ][2015-12-02 14:55:52,391][com.java.ImportnExport.ExportTestResultsExcel] [  116] - Time Stamp Wed Dec 02 02:55:52 IST 2015
[INFO ][2015-12-02 14:55:52,391][com.java.ImportnExport.ExportTestResultsExcel] [  175] - OUT FILE : D:\BankersDashboard/TestReports/Test Results_BankersDashBoard_120215_145552_IE10_Any Bank USA.xls
[INFO ][2015-12-02 14:55:52,429][com.java.ImportnExport.ExportTestResultsExcel] [  180] - Test Result file is created
[DEBUG][2015-12-02 14:55:52,540][com.java.SeleniumDriver] [  426] - Hub ip address is-------172.17.68.34
[INFO ][2015-12-02 14:55:52,540][com.java.SeleniumDriver] [  452] - Grid URL:http://172.17.68.34:4444/wd/hub
[INFO ][2015-12-02 14:55:52,541][com.java.SeleniumDriver] [  453] - Capability:Capabilities [{platform=ANY, ensureCleanSession=true, ignoreProtectedModeSettings=true, acceptSslCerts=true, ignoreZoomSetting=true, browserName=internet explorer, browserstack.ie.noFlash=true, version=null}]
[ERROR][2015-12-02 14:55:53,892][com.java.SeleniumDriver] [  497] - Unable invoke browser in grid:Could not start a new session. Possible causes are invalid address of the remote server or browser start-up failure.
Build info: version: '2.48.2', revision: '41bccdd', time: '2015-10-09 19:59:12'
System info: host: 'FVTIII438F1D', ip: '172.17.68.34', os.name: 'Windows 7', os.arch: 'x86', os.version: '6.1', java.version: '1.7.0_55'
Driver info: driver.version: SeleniumDriver
[INFO ][2015-12-02 14:55:53,892][com.java.SeleniumDriver] [  499] - Executing on local machine
[INFO ][2015-12-02 14:56:03,319][com.java.SeleniumDriver] [  248] - IE10is opened
[INFO ][2015-12-02 14:56:04,167][com.java.SeleniumDriver] [  754] - Test cases to be executed are: [1, 9]
[INFO ][2015-12-02 14:56:04,212][com.java.ImportnExport.ImportTestDataDetailsExcel] [   49] - test data details path===== D:\BankersDashboard\TestInputs\TestData.xls
[INFO ][2015-12-02 14:56:04,279][com.java.SeleniumDriver] [  801] - ------------------------------------------
[INFO ][2015-12-02 14:56:04,279][com.java.SeleniumDriver] [  802] - Test case being Executed: 1
[INFO ][2015-12-02 14:56:04,279][com.java.SeleniumDriver] [  813] - Test step:1
[INFO ][2015-12-02 14:56:04,280][com.java.SeleniumDriver] [  825] - Datavalue is----------Concept#1:1-14
[INFO ][2015-12-02 14:56:04,280][com.java.SeleniumDriver] [  849] - DataField : test
[INFO ][2015-12-02 14:56:04,280][com.java.SeleniumDriver] [  851] - DataValue : Concept#1:1-14
[INFO ][2015-12-02 14:56:04,280][com.java.SeleniumDriver] [  857] - <In Set values of the page>
[INFO ][2015-12-02 14:56:04,280][com.java.SeleniumDriver] [  860] - {Data Fields & Data Values Exist}
[INFO ][2015-12-02 14:56:04,280][com.java.SeleniumDriver] [  862] - --------------------------setting values-----------------------------
[INFO ][2015-12-02 14:56:04,280][com.java.SeleniumDriver] [  865] - Action Type : ExecuteTestCase
[INFO ][2015-12-02 14:56:04,322][com.java.TestType] [  433] - The Concept sheet name is ---------- Concept
[INFO ][2015-12-02 14:56:04,322][com.java.TestType] [  436] - The Concept ID  is ---------- 1
[DEBUG][2015-12-02 14:56:04,322][com.java.TestType] [  440] - Steps being executted in the Concept are: 1:14
[INFO ][2015-12-02 14:56:04,322][com.java.TestType] [  447] - Test data details path ---------- D:\BankersDashboard\TestInputs\TestData.xls
[INFO ][2015-12-02 14:56:04,360][com.java.TestType] [  478] -  str(1) = 1
[INFO ][2015-12-02 14:56:04,361][com.java.TestType] [  481] - Test case Id is---1
[INFO ][2015-12-02 14:56:04,361][com.java.TestType] [  483] - 1
[INFO ][2015-12-02 14:56:04,361][com.java.TestType] [  478] -  str(2) = 1
[INFO ][2015-12-02 14:56:04,363][com.java.TestType] [  530] - row values are--------{1=com.java.Objects.TestDataDetails@a97693}
[INFO ][2015-12-02 14:56:04,364][com.java.TestType] [  478] -  str(1) = 1
[INFO ][2015-12-02 14:56:04,364][com.java.TestType] [  481] - Test case Id is---1
[INFO ][2015-12-02 14:56:04,364][com.java.TestType] [  483] - 1
[INFO ][2015-12-02 14:56:04,364][com.java.TestType] [  478] -  str(2) = 2
[INFO ][2015-12-02 14:56:04,365][com.java.TestType] [  530] - row values are--------{1=com.java.Objects.TestDataDetails@a97693, 2=com.java.Objects.TestDataDetails@57b4bc}
[INFO ][2015-12-02 14:56:04,365][com.java.TestType] [  478] -  str(1) = 1
[INFO ][2015-12-02 14:56:04,365][com.java.TestType] [  481] - Test case Id is---1
[INFO ][2015-12-02 14:56:04,366][com.java.TestType] [  483] - 1
[INFO ][2015-12-02 14:56:04,366][com.java.TestType] [  478] -  str(2) = 3
[INFO ][2015-12-02 14:56:04,369][com.java.TestType] [  530] - row values are--------{1=com.java.Objects.TestDataDetails@a97693, 2=com.java.Objects.TestDataDetails@57b4bc, 3=com.java.Objects.TestDataDetails@2ccf57}
[INFO ][2015-12-02 14:56:04,369][com.java.TestType] [  478] -  str(1) = 1
[INFO ][2015-12-02 14:56:04,369][com.java.TestType] [  481] - Test case Id is---1
[INFO ][2015-12-02 14:56:04,369][com.java.TestType] [  483] - 1
[INFO ][2015-12-02 14:56:04,369][com.java.TestType] [  478] -  str(2) = 4
[INFO ][2015-12-02 14:56:04,371][com.java.TestType] [  530] - row values are--------{1=com.java.Objects.TestDataDetails@a97693, 2=com.java.Objects.TestDataDetails@57b4bc, 3=com.java.Objects.TestDataDetails@2ccf57, 4=com.java.Objects.TestDataDetails@a614c}
[INFO ][2015-12-02 14:56:04,371][com.java.TestType] [  478] -  str(1) = 1
[INFO ][2015-12-02 14:56:04,371][com.java.TestType] [  481] - Test case Id is---1
[INFO ][2015-12-02 14:56:04,371][com.java.TestType] [  483] - 1
[INFO ][2015-12-02 14:56:04,371][com.java.TestType] [  478] -  str(2) = 5
[INFO ][2015-12-02 14:56:04,372][com.java.TestType] [  530] - row values are--------{1=com.java.Objects.TestDataDetails@a97693, 2=com.java.Objects.TestDataDetails@57b4bc, 3=com.java.Objects.TestDataDetails@2ccf57, 4=com.java.Objects.TestDataDetails@a614c, 5=com.java.Objects.TestDataDetails@1a2d209}
[INFO ][2015-12-02 14:56:04,372][com.java.TestType] [  478] -  str(1) = 1
[INFO ][2015-12-02 14:56:04,373][com.java.TestType] [  481] - Test case Id is---1
[INFO ][2015-12-02 14:56:04,373][com.java.TestType] [  483] - 1
[INFO ][2015-12-02 14:56:04,373][com.java.TestType] [  478] -  str(2) = 6
[INFO ][2015-12-02 14:56:04,374][com.java.TestType] [  530] - row values are--------{1=com.java.Objects.TestDataDetails@a97693, 2=com.java.Objects.TestDataDetails@57b4bc, 3=com.java.Objects.TestDataDetails@2ccf57, 4=com.java.Objects.TestDataDetails@a614c, 5=com.java.Objects.TestDataDetails@1a2d209, 6=com.java.Objects.TestDataDetails@145874e}
[INFO ][2015-12-02 14:56:04,374][com.java.TestType] [  478] -  str(1) = 1
[INFO ][2015-12-02 14:56:04,374][com.java.TestType] [  481] - Test case Id is---1
[INFO ][2015-12-02 14:56:04,374][com.java.TestType] [  483] - 1
[INFO ][2015-12-02 14:56:04,374][com.java.TestType] [  478] -  str(2) = 7
[INFO ][2015-12-02 14:56:04,375][com.java.TestType] [  530] - row values are--------{1=com.java.Objects.TestDataDetails@a97693, 2=com.java.Objects.TestDataDetails@57b4bc, 3=com.java.Objects.TestDataDetails@2ccf57, 4=com.java.Objects.TestDataDetails@a614c, 5=com.java.Objects.TestDataDetails@1a2d209, 6=com.java.Objects.TestDataDetails@145874e, 7=com.java.Objects.TestDataDetails@f9279d}
[INFO ][2015-12-02 14:56:04,375][com.java.TestType] [  478] -  str(1) = 1
[INFO ][2015-12-02 14:56:04,375][com.java.TestType] [  481] - Test case Id is---1
[INFO ][2015-12-02 14:56:04,375][com.java.TestType] [  483] - 1
[INFO ][2015-12-02 14:56:04,375][com.java.TestType] [  478] -  str(2) = 8
[INFO ][2015-12-02 14:56:04,376][com.java.TestType] [  530] - row values are--------{1=com.java.Objects.TestDataDetails@a97693, 2=com.java.Objects.TestDataDetails@57b4bc, 3=com.java.Objects.TestDataDetails@2ccf57, 4=com.java.Objects.TestDataDetails@a614c, 5=com.java.Objects.TestDataDetails@1a2d209, 6=com.java.Objects.TestDataDetails@145874e, 7=com.java.Objects.TestDataDetails@f9279d, 8=com.java.Objects.TestDataDetails@993b9d}
[INFO ][2015-12-02 14:56:04,376][com.java.TestType] [  478] -  str(1) = 1
[INFO ][2015-12-02 14:56:04,376][com.java.TestType] [  481] - Test case Id is---1
[INFO ][2015-12-02 14:56:04,377][com.java.TestType] [  483] - 1
[INFO ][2015-12-02 14:56:04,377][com.java.TestType] [  478] -  str(2) = 9
[INFO ][2015-12-02 14:56:04,377][com.java.TestType] [  530] - row values are--------{1=com.java.Objects.TestDataDetails@a97693, 2=com.java.Objects.TestDataDetails@57b4bc, 3=com.java.Objects.TestDataDetails@2ccf57, 4=com.java.Objects.TestDataDetails@a614c, 5=com.java.Objects.TestDataDetails@1a2d209, 6=com.java.Objects.TestDataDetails@145874e, 7=com.java.Objects.TestDataDetails@f9279d, 8=com.java.Objects.TestDataDetails@993b9d, 9=com.java.Objects.TestDataDetails@4d3f4b}
[INFO ][2015-12-02 14:56:04,378][com.java.TestType] [  478] -  str(1) = 1
[INFO ][2015-12-02 14:56:04,378][com.java.TestType] [  481] - Test case Id is---1
[INFO ][2015-12-02 14:56:04,378][com.java.TestType] [  483] - 1
[INFO ][2015-12-02 14:56:04,378][com.java.TestType] [  478] -  str(2) = 10
[INFO ][2015-12-02 14:56:04,379][com.java.TestType] [  530] - row values are--------{1=com.java.Objects.TestDataDetails@a97693, 2=com.java.Objects.TestDataDetails@57b4bc, 3=com.java.Objects.TestDataDetails@2ccf57, 4=com.java.Objects.TestDataDetails@a614c, 5=com.java.Objects.TestDataDetails@1a2d209, 6=com.java.Objects.TestDataDetails@145874e, 7=com.java.Objects.TestDataDetails@f9279d, 8=com.java.Objects.TestDataDetails@993b9d, 9=com.java.Objects.TestDataDetails@4d3f4b, 10=com.java.Objects.TestDataDetails@734cc2}
[INFO ][2015-12-02 14:56:04,379][com.java.TestType] [  478] -  str(1) = 1
[INFO ][2015-12-02 14:56:04,379][com.java.TestType] [  481] - Test case Id is---1
[INFO ][2015-12-02 14:56:04,379][com.java.TestType] [  483] - 1
[INFO ][2015-12-02 14:56:04,379][com.java.TestType] [  478] -  str(2) = 11
[INFO ][2015-12-02 14:56:04,380][com.java.TestType] [  530] - row values are--------{1=com.java.Objects.TestDataDetails@a97693, 2=com.java.Objects.TestDataDetails@57b4bc, 3=com.java.Objects.TestDataDetails@2ccf57, 4=com.java.Objects.TestDataDetails@a614c, 5=com.java.Objects.TestDataDetails@1a2d209, 6=com.java.Objects.TestDataDetails@145874e, 7=com.java.Objects.TestDataDetails@f9279d, 8=com.java.Objects.TestDataDetails@993b9d, 9=com.java.Objects.TestDataDetails@4d3f4b, 10=com.java.Objects.TestDataDetails@734cc2, 11=com.java.Objects.TestDataDetails@15b20f0}
[INFO ][2015-12-02 14:56:04,380][com.java.TestType] [  478] -  str(1) = 1
[INFO ][2015-12-02 14:56:04,380][com.java.TestType] [  481] - Test case Id is---1
[INFO ][2015-12-02 14:56:04,380][com.java.TestType] [  483] - 1
[INFO ][2015-12-02 14:56:04,380][com.java.TestType] [  478] -  str(2) = 12
[INFO ][2015-12-02 14:56:04,381][com.java.TestType] [  530] - row values are--------{1=com.java.Objects.TestDataDetails@a97693, 2=com.java.Objects.TestDataDetails@57b4bc, 3=com.java.Objects.TestDataDetails@2ccf57, 4=com.java.Objects.TestDataDetails@a614c, 5=com.java.Objects.TestDataDetails@1a2d209, 6=com.java.Objects.TestDataDetails@145874e, 7=com.java.Objects.TestDataDetails@f9279d, 8=com.java.Objects.TestDataDetails@993b9d, 9=com.java.Objects.TestDataDetails@4d3f4b, 10=com.java.Objects.TestDataDetails@734cc2, 11=com.java.Objects.TestDataDetails@15b20f0, 12=com.java.Objects.TestDataDetails@2f4161}
[INFO ][2015-12-02 14:56:04,381][com.java.TestType] [  478] -  str(1) = 1
[INFO ][2015-12-02 14:56:04,381][com.java.TestType] [  481] - Test case Id is---1
[INFO ][2015-12-02 14:56:04,381][com.java.TestType] [  483] - 1
[INFO ][2015-12-02 14:56:04,381][com.java.TestType] [  478] -  str(2) = 13
[INFO ][2015-12-02 14:56:04,382][com.java.TestType] [  530] - row values are--------{1=com.java.Objects.TestDataDetails@a97693, 2=com.java.Objects.TestDataDetails@57b4bc, 3=com.java.Objects.TestDataDetails@2ccf57, 4=com.java.Objects.TestDataDetails@a614c, 5=com.java.Objects.TestDataDetails@1a2d209, 6=com.java.Objects.TestDataDetails@145874e, 7=com.java.Objects.TestDataDetails@f9279d, 8=com.java.Objects.TestDataDetails@993b9d, 9=com.java.Objects.TestDataDetails@4d3f4b, 10=com.java.Objects.TestDataDetails@734cc2, 11=com.java.Objects.TestDataDetails@15b20f0, 12=com.java.Objects.TestDataDetails@2f4161, 13=com.java.Objects.TestDataDetails@1cbaad7}
[INFO ][2015-12-02 14:56:04,382][com.java.TestType] [  478] -  str(1) = 1
[INFO ][2015-12-02 14:56:04,382][com.java.TestType] [  481] - Test case Id is---1
[INFO ][2015-12-02 14:56:04,382][com.java.TestType] [  483] - 1
[INFO ][2015-12-02 14:56:04,383][com.java.TestType] [  478] -  str(2) = 14
[INFO ][2015-12-02 14:56:04,384][com.java.TestType] [  530] - row values are--------{1=com.java.Objects.TestDataDetails@a97693, 2=com.java.Objects.TestDataDetails@57b4bc, 3=com.java.Objects.TestDataDetails@2ccf57, 4=com.java.Objects.TestDataDetails@a614c, 5=com.java.Objects.TestDataDetails@1a2d209, 6=com.java.Objects.TestDataDetails@145874e, 7=com.java.Objects.TestDataDetails@f9279d, 8=com.java.Objects.TestDataDetails@993b9d, 9=com.java.Objects.TestDataDetails@4d3f4b, 10=com.java.Objects.TestDataDetails@734cc2, 11=com.java.Objects.TestDataDetails@15b20f0, 12=com.java.Objects.TestDataDetails@2f4161, 13=com.java.Objects.TestDataDetails@1cbaad7, 14=com.java.Objects.TestDataDetails@1564967}
[INFO ][2015-12-02 14:56:04,385][com.java.TestType] [ 9472] - Looping 1TCID = 1
[DEBUG][2015-12-02 14:56:04,385][com.java.TestType] [ 9513] - Concept ID:1 :: Step being Executed: 1::1
[INFO ][2015-12-02 14:56:04,385][com.java.TestType] [ 9551] - dataFields : TXTusername
[DEBUG][2015-12-02 14:56:04,385][com.java.TestType] [ 9557] - <In Set values of the page>
[DEBUG][2015-12-02 14:56:04,385][com.java.TestType] [ 9562] - {Data Fields & Data Values Exist}
[INFO ][2015-12-02 14:56:04,385][com.java.TestType] [ 9568] - --------------------------setting values-----------------------------
[INFO ][2015-12-02 14:56:04,385][com.java.TestType] [ 9571] - Action Type : CLEARANDENTER
[INFO ][2015-12-02 14:56:04,385][com.java.TestType] [ 4995] - value = naresh.nayini.00000
[INFO ][2015-12-02 14:56:09,213][com.java.TestType] [ 9590] -  RESULT true
[INFO ][2015-12-02 14:56:09,213][com.java.TestType] [ 9707] - ?   P A S S   ?
[DEBUG][2015-12-02 14:56:09,214][com.java.TestType] [ 9513] - Concept ID:1 :: Step being Executed: 1::2
[INFO ][2015-12-02 14:56:09,214][com.java.TestType] [ 9551] - dataFields : TXTpassword
[DEBUG][2015-12-02 14:56:09,214][com.java.TestType] [ 9557] - <In Set values of the page>
[DEBUG][2015-12-02 14:56:09,214][com.java.TestType] [ 9562] - {Data Fields & Data Values Exist}
[INFO ][2015-12-02 14:56:09,214][com.java.TestType] [ 9568] - --------------------------setting values-----------------------------
[INFO ][2015-12-02 14:56:09,214][com.java.TestType] [ 9571] - Action Type : CLEARANDENTER
[INFO ][2015-12-02 14:56:09,214][com.java.TestType] [ 4995] - value = Password1*
[INFO ][2015-12-02 14:56:14,113][com.java.TestType] [ 9590] -  RESULT true
[INFO ][2015-12-02 14:56:14,113][com.java.TestType] [ 9707] - ?   P A S S   ?
[DEBUG][2015-12-02 14:56:14,114][com.java.TestType] [ 9513] - Concept ID:1 :: Step being Executed: 1::3
[ERROR][2015-12-02 14:56:14,114][com.java.TestType] [ 9546] - Exception: null
[INFO ][2015-12-02 14:56:14,114][com.java.TestType] [ 9551] - dataFields : XPH//button[@type='submit']
[DEBUG][2015-12-02 14:56:14,114][com.java.TestType] [ 9557] - <In Set values of the page>
[DEBUG][2015-12-02 14:56:14,114][com.java.TestType] [ 9562] - {Data Fields & Data Values Exist}
[INFO ][2015-12-02 14:56:14,114][com.java.TestType] [ 9568] - --------------------------setting values-----------------------------
[INFO ][2015-12-02 14:56:14,114][com.java.TestType] [ 9571] - Action Type : Click
[INFO ][2015-12-02 14:56:14,114][com.java.TestType] [ 5323] - Field ::XPH//button[@type='submit']
[INFO ][2015-12-02 14:56:15,125][com.java.TestType] [ 5410] - BEFORE CLICK
[INFO ][2015-12-02 14:56:15,990][com.java.TestType] [ 5418] - Unable to click the object Login
[INFO ][2015-12-02 14:56:15,990][com.java.TestType] [ 9590] -  RESULT true
[INFO ][2015-12-02 14:56:15,990][com.java.TestType] [ 9707] - ?   P A S S   ?
[DEBUG][2015-12-02 14:56:15,990][com.java.TestType] [ 9513] - Concept ID:1 :: Step being Executed: 1::4
[INFO ][2015-12-02 14:56:15,990][com.java.TestType] [ 9551] - dataFields : LNKLogout
[DEBUG][2015-12-02 14:56:15,990][com.java.TestType] [ 9557] - <In Set values of the page>
[DEBUG][2015-12-02 14:56:15,990][com.java.TestType] [ 9562] - {Data Fields & Data Values Exist}
[INFO ][2015-12-02 14:56:15,990][com.java.TestType] [ 9568] - --------------------------setting values-----------------------------
[INFO ][2015-12-02 14:56:15,991][com.java.TestType] [ 9571] - Action Type : WaitForElement
[INFO ][2015-12-02 14:56:19,690][com.java.TestType] [ 9590] -  RESULT true
[INFO ][2015-12-02 14:56:19,690][com.java.TestType] [ 9707] - ?   P A S S   ?
[DEBUG][2015-12-02 14:56:19,690][com.java.TestType] [ 9513] - Concept ID:1 :: Step being Executed: 1::13
[INFO ][2015-12-02 14:56:19,690][com.java.TestType] [ 9551] - dataFields : LNK
[DEBUG][2015-12-02 14:56:19,690][com.java.TestType] [ 9557] - <In Set values of the page>
[DEBUG][2015-12-02 14:56:19,690][com.java.TestType] [ 9562] - {Data Fields & Data Values Exist}
[INFO ][2015-12-02 14:56:19,690][com.java.TestType] [ 9568] - --------------------------setting values-----------------------------
[INFO ][2015-12-02 14:56:19,690][com.java.TestType] [ 9571] - Action Type : Verify
[INFO ][2015-12-02 14:56:19,690][com.java.TestType] [ 6180] - field= LNK value= Logout
[INFO ][2015-12-02 14:56:19,701][com.java.TestType] [ 4995] - value = Logout
[INFO ][2015-12-02 14:56:19,737][com.java.TestType] [ 9590] -  RESULT true
[INFO ][2015-12-02 14:56:19,737][com.java.TestType] [ 9707] - ?   P A S S   ?
[DEBUG][2015-12-02 14:56:19,737][com.java.TestType] [ 9513] - Concept ID:1 :: Step being Executed: 1::14
[INFO ][2015-12-02 14:56:19,737][com.java.TestType] [ 9551] - dataFields : BTN
[DEBUG][2015-12-02 14:56:19,737][com.java.TestType] [ 9557] - <In Set values of the page>
[DEBUG][2015-12-02 14:56:19,737][com.java.TestType] [ 9562] - {Data Fields & Data Values Exist}
[INFO ][2015-12-02 14:56:19,737][com.java.TestType] [ 9568] - --------------------------setting values-----------------------------
[INFO ][2015-12-02 14:56:19,737][com.java.TestType] [ 9571] - Action Type : Verify
[INFO ][2015-12-02 14:56:19,737][com.java.TestType] [ 6180] - field= BTN value= //img[contains(@src,'bdlogo.jpg')]
[INFO ][2015-12-02 14:56:19,738][com.java.TestType] [ 4995] - value = //img[contains(@src,'bdlogo.jpg')]
[INFO ][2015-12-02 14:56:19,794][com.java.TestType] [ 9590] -  RESULT true
[INFO ][2015-12-02 14:56:19,794][com.java.TestType] [ 9707] - ?   P A S S   ?
[INFO ][2015-12-02 14:56:19,795][com.java.TestType] [ 9778] - Looping End......
[INFO ][2015-12-02 14:56:19,799][com.java.SeleniumDriver] [  874] -  RESULT true
[INFO ][2015-12-02 14:56:19,799][com.java.SeleniumDriver] [ 1080] - ?   P A S S   ?
[INFO ][2015-12-02 14:56:19,799][com.java.SeleniumDriver] [  801] - ------------------------------------------
[INFO ][2015-12-02 14:56:19,799][com.java.SeleniumDriver] [  802] - Test case being Executed: 1
[INFO ][2015-12-02 14:56:19,799][com.java.SeleniumDriver] [  813] - Test step:2
[INFO ][2015-12-02 14:56:19,799][com.java.SeleniumDriver] [  825] - Datavalue is----------Concept#2:1-2
[INFO ][2015-12-02 14:56:19,799][com.java.SeleniumDriver] [  849] - DataField : test
[INFO ][2015-12-02 14:56:19,799][com.java.SeleniumDriver] [  851] - DataValue : Concept#2:1-2
[INFO ][2015-12-02 14:56:19,799][com.java.SeleniumDriver] [  857] - <In Set values of the page>
[INFO ][2015-12-02 14:56:19,800][com.java.SeleniumDriver] [  860] - {Data Fields & Data Values Exist}
[INFO ][2015-12-02 14:56:19,800][com.java.SeleniumDriver] [  862] - --------------------------setting values-----------------------------
[INFO ][2015-12-02 14:56:19,800][com.java.SeleniumDriver] [  865] - Action Type : ExecuteTestCase
[INFO ][2015-12-02 14:56:19,800][com.java.TestType] [  433] - The Concept sheet name is ---------- Concept
[INFO ][2015-12-02 14:56:19,800][com.java.TestType] [  436] - The Concept ID  is ---------- 2
[DEBUG][2015-12-02 14:56:19,800][com.java.TestType] [  440] - Steps being executted in the Concept are: 1:2
[INFO ][2015-12-02 14:56:19,800][com.java.TestType] [  447] - Test data details path ---------- D:\BankersDashboard\TestInputs\TestData.xls
[INFO ][2015-12-02 14:56:19,833][com.java.TestType] [  478] -  str(1) = 2
[INFO ][2015-12-02 14:56:19,833][com.java.TestType] [  481] - Test case Id is---2
[INFO ][2015-12-02 14:56:19,833][com.java.TestType] [  483] - 2
[INFO ][2015-12-02 14:56:19,833][com.java.TestType] [  478] -  str(2) = 1
[INFO ][2015-12-02 14:56:19,835][com.java.TestType] [  530] - row values are--------{1=com.java.Objects.TestDataDetails@1161ec8}
[INFO ][2015-12-02 14:56:19,835][com.java.TestType] [  478] -  str(1) = 2
[INFO ][2015-12-02 14:56:19,835][com.java.TestType] [  481] - Test case Id is---2
[INFO ][2015-12-02 14:56:19,835][com.java.TestType] [  483] - 2
[INFO ][2015-12-02 14:56:19,836][com.java.TestType] [  478] -  str(2) = 2
[INFO ][2015-12-02 14:56:19,836][com.java.TestType] [  530] - row values are--------{1=com.java.Objects.TestDataDetails@1161ec8, 2=com.java.Objects.TestDataDetails@2baf8d}
[INFO ][2015-12-02 14:56:19,836][com.java.TestType] [  478] -  str(1) = 2
[INFO ][2015-12-02 14:56:19,836][com.java.TestType] [  481] - Test case Id is---2
[INFO ][2015-12-02 14:56:19,836][com.java.TestType] [  483] - 2
[INFO ][2015-12-02 14:56:19,836][com.java.TestType] [  478] -  str(2) = 3
[INFO ][2015-12-02 14:56:19,837][com.java.TestType] [  530] - row values are--------{1=com.java.Objects.TestDataDetails@1161ec8, 2=com.java.Objects.TestDataDetails@2baf8d, 3=com.java.Objects.TestDataDetails@12751fd}
[INFO ][2015-12-02 14:56:19,837][com.java.TestType] [ 9472] - Looping 1TCID = 2
[DEBUG][2015-12-02 14:56:19,837][com.java.TestType] [ 9513] - Concept ID:2 :: Step being Executed: 2::1
[INFO ][2015-12-02 14:56:19,837][com.java.TestType] [ 9551] - dataFields : BNK//select[@id='bank']
[DEBUG][2015-12-02 14:56:19,837][com.java.TestType] [ 9557] - <In Set values of the page>
[DEBUG][2015-12-02 14:56:19,838][com.java.TestType] [ 9562] - {Data Fields & Data Values Exist}
[INFO ][2015-12-02 14:56:19,838][com.java.TestType] [ 9568] - --------------------------setting values-----------------------------
[INFO ][2015-12-02 14:56:19,838][com.java.TestType] [ 9571] - Action Type : Select
[INFO ][2015-12-02 14:56:19,838][com.java.TestType] [ 4995] - value = PFC
[INFO ][2015-12-02 14:56:19,996][com.java.TestType] [ 9590] -  RESULT true
[INFO ][2015-12-02 14:56:19,996][com.java.TestType] [ 9707] - ?   P A S S   ?
[DEBUG][2015-12-02 14:56:19,996][com.java.TestType] [ 9513] - Concept ID:2 :: Step being Executed: 2::2
[INFO ][2015-12-02 14:56:19,997][com.java.TestType] [ 9551] - dataFields : LNKLogout
[DEBUG][2015-12-02 14:56:19,997][com.java.TestType] [ 9557] - <In Set values of the page>
[DEBUG][2015-12-02 14:56:19,997][com.java.TestType] [ 9562] - {Data Fields & Data Values Exist}
[INFO ][2015-12-02 14:56:19,997][com.java.TestType] [ 9568] - --------------------------setting values-----------------------------
[INFO ][2015-12-02 14:56:19,997][com.java.TestType] [ 9571] - Action Type : WaitTime
[DEBUG][2015-12-02 14:56:19,997][com.java.TestType] [ 4815] - sleepTime: 5000
[INFO ][2015-12-02 14:56:24,997][com.java.TestType] [ 9590] -  RESULT true
[INFO ][2015-12-02 14:56:24,997][com.java.TestType] [ 9707] - ?   P A S S   ?
[INFO ][2015-12-02 14:56:24,997][com.java.TestType] [ 9778] - Looping End......
[INFO ][2015-12-02 14:56:25,001][com.java.SeleniumDriver] [  874] -  RESULT true
[INFO ][2015-12-02 14:56:25,001][com.java.SeleniumDriver] [ 1080] - ?   P A S S   ?
[INFO ][2015-12-02 14:56:25,002][com.java.SeleniumDriver] [  801] - ------------------------------------------
[INFO ][2015-12-02 14:56:25,002][com.java.SeleniumDriver] [  802] - Test case being Executed: 1
[INFO ][2015-12-02 14:56:25,002][com.java.SeleniumDriver] [  813] - Test step:3
[INFO ][2015-12-02 14:56:25,002][com.java.SeleniumDriver] [  825] - Datavalue is----------2
[INFO ][2015-12-02 14:56:25,002][com.java.SeleniumDriver] [  849] - DataField : XPH//button[contains(text(),'Add Content')]
[INFO ][2015-12-02 14:56:25,002][com.java.SeleniumDriver] [  851] - DataValue : 2
[INFO ][2015-12-02 14:56:25,002][com.java.SeleniumDriver] [  857] - <In Set values of the page>
[INFO ][2015-12-02 14:56:25,002][com.java.SeleniumDriver] [  860] - {Data Fields & Data Values Exist}
[INFO ][2015-12-02 14:56:25,002][com.java.SeleniumDriver] [  862] - --------------------------setting values-----------------------------
[INFO ][2015-12-02 14:56:25,002][com.java.SeleniumDriver] [  865] - Action Type : WAITFORELEMENT
[INFO ][2015-12-02 14:56:25,041][com.java.SeleniumDriver] [  874] -  RESULT true
[INFO ][2015-12-02 14:56:25,041][com.java.SeleniumDriver] [ 1080] - ?   P A S S   ?
[DEBUG][2015-12-02 14:56:25,041][com.java.SeleniumDriver] [ 1192] - Case found
[DEBUG][2015-12-02 14:56:25,041][com.java.SeleniumDriver] [ 1197] - Incrementing ReportCounters[0]:1
[INFO ][2015-12-02 14:56:25,041][com.java.SeleniumDriver] [ 1216] - The results are-------------------[1, 1, Valid Login, Pass, , Wed Dec 02 14:56:19 IST 2015, 1, 2, Valid Login, Pass, , Wed Dec 02 14:56:25 IST 2015, 1, 3, Valid Login, Pass, , Wed Dec 02 14:56:25 IST 2015]
[INFO ][2015-12-02 14:56:25,041][com.java.SeleniumDriver] [ 1220] - End time is-------34 sec
[INFO ][2015-12-02 14:56:25,042][com.java.SeleniumDriver] [ 1221] - The results are-------------------[1, 1, Valid Login, Pass, , Wed Dec 02 14:56:19 IST 2015, 1, 2, Valid Login, Pass, , Wed Dec 02 14:56:25 IST 2015, 1, 3, Valid Login, Pass, , Wed Dec 02 14:56:25 IST 2015]
[DEBUG][2015-12-02 14:56:25,042][com.java.ImportnExport.ExportTestResultsExcel] [  222] - testResultPath = D:\BankersDashboard/TestReports/Test Results_BankersDashBoard_120215_145552_IE10_Any Bank USA.xls
[DEBUG][2015-12-02 14:56:25,042][com.java.ImportnExport.ExportTestResultsExcel] [  223] - browser is------------IE10
[DEBUG][2015-12-02 14:56:25,094][com.java.ImportnExport.ExportTestResultsExcel] [  270] - result.size() = 18
[DEBUG][2015-12-02 14:56:25,094][com.java.ImportnExport.ExportTestResultsExcel] [  274] - No of rows in sheet=1
[DEBUG][2015-12-02 14:56:25,094][com.java.ImportnExport.ExportTestResultsExcel] [  301] - ..in export..1
[DEBUG][2015-12-02 14:56:25,094][com.java.ImportnExport.ExportTestResultsExcel] [  301] - ..in export..Valid Login
[DEBUG][2015-12-02 14:56:25,094][com.java.ImportnExport.ExportTestResultsExcel] [  301] - ..in export..Pass
[DEBUG][2015-12-02 14:56:25,095][com.java.ImportnExport.ExportTestResultsExcel] [  301] - ..in export..
[DEBUG][2015-12-02 14:56:25,095][com.java.ImportnExport.ExportTestResultsExcel] [  301] - ..in export..Wed Dec 02 14:56:19 IST 2015
[INFO ][2015-12-02 14:56:25,096][com.java.SeleniumDriver] [ 1279] - out loop:0 size:2 TestCases:[1, 9] testcases:[1, 9]
[INFO ][2015-12-02 14:56:25,096][com.java.ImportnExport.ImportTestDataDetailsExcel] [   49] - test data details path===== D:\BankersDashboard\TestInputs\TestData.xls
[DEBUG][2015-12-02 14:56:49,408][com.java.TestType] [ 5904] - //td[text()='Consolidated']   :: Element not Found
[INFO ][2015-12-02 14:56:59,408][com.java.SeleniumDriver] [  801] - ------------------------------------------
[INFO ][2015-12-02 14:56:59,408][com.java.SeleniumDriver] [  802] - Test case being Executed: 9
[INFO ][2015-12-02 14:56:59,408][com.java.SeleniumDriver] [  813] - Test step:1
[INFO ][2015-12-02 14:56:59,408][com.java.SeleniumDriver] [  825] - Datavalue is----------Logout
[INFO ][2015-12-02 14:56:59,408][com.java.SeleniumDriver] [  849] - DataField : BTN
[INFO ][2015-12-02 14:56:59,408][com.java.SeleniumDriver] [  851] - DataValue : Logout
[INFO ][2015-12-02 14:56:59,408][com.java.SeleniumDriver] [  857] - <In Set values of the page>
[INFO ][2015-12-02 14:56:59,408][com.java.SeleniumDriver] [  860] - {Data Fields & Data Values Exist}
[INFO ][2015-12-02 14:56:59,408][com.java.SeleniumDriver] [  862] - --------------------------setting values-----------------------------
[INFO ][2015-12-02 14:56:59,408][com.java.SeleniumDriver] [  865] - Action Type : Verify
[INFO ][2015-12-02 14:56:59,408][com.java.TestType] [ 6180] - field= BTN value= Logout
[INFO ][2015-12-02 14:56:59,409][com.java.TestType] [ 4995] - value = Logout
[INFO ][2015-12-02 14:56:59,481][com.java.SeleniumDriver] [  874] -  RESULT true
[INFO ][2015-12-02 14:56:59,481][com.java.SeleniumDriver] [ 1080] - ?   P A S S   ?
[INFO ][2015-12-02 14:56:59,481][com.java.SeleniumDriver] [ 1122] - step change to 3
[INFO ][2015-12-02 14:56:59,481][com.java.SeleniumDriver] [  801] - ------------------------------------------
[INFO ][2015-12-02 14:56:59,481][com.java.SeleniumDriver] [  802] - Test case being Executed: 9
[INFO ][2015-12-02 14:56:59,481][com.java.SeleniumDriver] [  813] - Test step:3
[INFO ][2015-12-02 14:56:59,481][com.java.SeleniumDriver] [  825] - Datavalue is----------Concept#2:1-2
[INFO ][2015-12-02 14:56:59,482][com.java.SeleniumDriver] [  849] - DataField : test
[INFO ][2015-12-02 14:56:59,482][com.java.SeleniumDriver] [  851] - DataValue : Concept#2:1-2
[INFO ][2015-12-02 14:56:59,482][com.java.SeleniumDriver] [  857] - <In Set values of the page>
[INFO ][2015-12-02 14:56:59,482][com.java.SeleniumDriver] [  860] - {Data Fields & Data Values Exist}
[INFO ][2015-12-02 14:56:59,482][com.java.SeleniumDriver] [  862] - --------------------------setting values-----------------------------
[INFO ][2015-12-02 14:56:59,482][com.java.SeleniumDriver] [  865] - Action Type : ExecuteTestCase
[INFO ][2015-12-02 14:56:59,482][com.java.TestType] [  433] - The Concept sheet name is ---------- Concept
[INFO ][2015-12-02 14:56:59,482][com.java.TestType] [  436] - The Concept ID  is ---------- 2
[DEBUG][2015-12-02 14:56:59,482][com.java.TestType] [  440] - Steps being executted in the Concept are: 1:2
[INFO ][2015-12-02 14:56:59,482][com.java.TestType] [  447] - Test data details path ---------- D:\BankersDashboard\TestInputs\TestData.xls
[INFO ][2015-12-02 14:56:59,514][com.java.TestType] [  478] -  str(1) = 2
[INFO ][2015-12-02 14:56:59,514][com.java.TestType] [  481] - Test case Id is---2
[INFO ][2015-12-02 14:56:59,514][com.java.TestType] [  483] - 2
[INFO ][2015-12-02 14:56:59,514][com.java.TestType] [  478] -  str(2) = 1
[INFO ][2015-12-02 14:56:59,516][com.java.TestType] [  530] - row values are--------{1=com.java.Objects.TestDataDetails@156d485}
[INFO ][2015-12-02 14:56:59,516][com.java.TestType] [  478] -  str(1) = 2
[INFO ][2015-12-02 14:56:59,516][com.java.TestType] [  481] - Test case Id is---2
[INFO ][2015-12-02 14:56:59,516][com.java.TestType] [  483] - 2
[INFO ][2015-12-02 14:56:59,516][com.java.TestType] [  478] -  str(2) = 2
[INFO ][2015-12-02 14:56:59,517][com.java.TestType] [  530] - row values are--------{1=com.java.Objects.TestDataDetails@156d485, 2=com.java.Objects.TestDataDetails@1a4849}
[INFO ][2015-12-02 14:56:59,517][com.java.TestType] [  478] -  str(1) = 2
[INFO ][2015-12-02 14:56:59,517][com.java.TestType] [  481] - Test case Id is---2
[INFO ][2015-12-02 14:56:59,518][com.java.TestType] [  483] - 2
[INFO ][2015-12-02 14:56:59,518][com.java.TestType] [  478] -  str(2) = 3
[INFO ][2015-12-02 14:56:59,518][com.java.TestType] [  530] - row values are--------{1=com.java.Objects.TestDataDetails@156d485, 2=com.java.Objects.TestDataDetails@1a4849, 3=com.java.Objects.TestDataDetails@1c5a139}
[INFO ][2015-12-02 14:56:59,518][com.java.TestType] [ 9472] - Looping 1TCID = 2
[DEBUG][2015-12-02 14:56:59,518][com.java.TestType] [ 9513] - Concept ID:2 :: Step being Executed: 2::1
[INFO ][2015-12-02 14:56:59,519][com.java.TestType] [ 9551] - dataFields : BNK//select[@id='bank']
[DEBUG][2015-12-02 14:56:59,519][com.java.TestType] [ 9557] - <In Set values of the page>
[DEBUG][2015-12-02 14:56:59,519][com.java.TestType] [ 9562] - {Data Fields & Data Values Exist}
[INFO ][2015-12-02 14:56:59,519][com.java.TestType] [ 9568] - --------------------------setting values-----------------------------
[INFO ][2015-12-02 14:56:59,519][com.java.TestType] [ 9571] - Action Type : Select
[INFO ][2015-12-02 14:56:59,519][com.java.TestType] [ 4995] - value = PFC
[INFO ][2015-12-02 14:56:59,684][com.java.TestType] [ 9590] -  RESULT true
[INFO ][2015-12-02 14:56:59,685][com.java.TestType] [ 9707] - ?   P A S S   ?
[DEBUG][2015-12-02 14:56:59,685][com.java.TestType] [ 9513] - Concept ID:2 :: Step being Executed: 2::2
[INFO ][2015-12-02 14:56:59,685][com.java.TestType] [ 9551] - dataFields : LNKLogout
[DEBUG][2015-12-02 14:56:59,685][com.java.TestType] [ 9557] - <In Set values of the page>
[DEBUG][2015-12-02 14:56:59,685][com.java.TestType] [ 9562] - {Data Fields & Data Values Exist}
[INFO ][2015-12-02 14:56:59,685][com.java.TestType] [ 9568] - --------------------------setting values-----------------------------
[INFO ][2015-12-02 14:56:59,685][com.java.TestType] [ 9571] - Action Type : WaitTime
[DEBUG][2015-12-02 14:56:59,685][com.java.TestType] [ 4815] - sleepTime: 5000
[INFO ][2015-12-02 14:57:04,685][com.java.TestType] [ 9590] -  RESULT true
[INFO ][2015-12-02 14:57:04,686][com.java.TestType] [ 9707] - ?   P A S S   ?
[INFO ][2015-12-02 14:57:04,686][com.java.TestType] [ 9778] - Looping End......
[INFO ][2015-12-02 14:57:04,690][com.java.SeleniumDriver] [  874] -  RESULT true
[INFO ][2015-12-02 14:57:04,690][com.java.SeleniumDriver] [ 1080] - ?   P A S S   ?
[INFO ][2015-12-02 14:57:04,690][com.java.SeleniumDriver] [  801] - ------------------------------------------
[INFO ][2015-12-02 14:57:04,690][com.java.SeleniumDriver] [  802] - Test case being Executed: 9
[INFO ][2015-12-02 14:57:04,690][com.java.SeleniumDriver] [  813] - Test step:4
[INFO ][2015-12-02 14:57:04,690][com.java.SeleniumDriver] [  825] - Datavalue is----------null
[DEBUG][2015-12-02 14:57:04,692][com.java.SeleniumDriver] [  843] - Exception: null
[INFO ][2015-12-02 14:57:04,692][com.java.SeleniumDriver] [  849] - DataField : //span[@class='icon-stats']&&//a[@data-id="CreateNew"]
[INFO ][2015-12-02 14:57:04,692][com.java.SeleniumDriver] [  851] - DataValue : 
[INFO ][2015-12-02 14:57:04,693][com.java.SeleniumDriver] [  857] - <In Set values of the page>
[INFO ][2015-12-02 14:57:04,693][com.java.SeleniumDriver] [  860] - {Data Fields & Data Values Exist}
[INFO ][2015-12-02 14:57:04,693][com.java.SeleniumDriver] [  862] - --------------------------setting values-----------------------------
[INFO ][2015-12-02 14:57:04,693][com.java.SeleniumDriver] [  865] - Action Type : MOUSEOVER
[INFO ][2015-12-02 14:57:27,737][com.java.SeleniumDriver] [  874] -  RESULT true
[INFO ][2015-12-02 14:57:27,737][com.java.SeleniumDriver] [ 1080] - ?   P A S S   ?
[INFO ][2015-12-02 14:57:27,737][com.java.SeleniumDriver] [  801] - ------------------------------------------
[INFO ][2015-12-02 14:57:27,737][com.java.SeleniumDriver] [  802] - Test case being Executed: 9
[INFO ][2015-12-02 14:57:27,737][com.java.SeleniumDriver] [  813] - Test step:5
[INFO ][2015-12-02 14:57:27,737][com.java.SeleniumDriver] [  825] - Datavalue is----------2
[INFO ][2015-12-02 14:57:27,737][com.java.SeleniumDriver] [  849] - DataField : XPH//span[@class='ui-dialog-title']
[INFO ][2015-12-02 14:57:27,737][com.java.SeleniumDriver] [  851] - DataValue : 2
[INFO ][2015-12-02 14:57:27,737][com.java.SeleniumDriver] [  857] - <In Set values of the page>
[INFO ][2015-12-02 14:57:27,737][com.java.SeleniumDriver] [  860] - {Data Fields & Data Values Exist}
[INFO ][2015-12-02 14:57:27,737][com.java.SeleniumDriver] [  862] - --------------------------setting values-----------------------------
[INFO ][2015-12-02 14:57:27,737][com.java.SeleniumDriver] [  865] - Action Type : WAITFORELEMENT
[INFO ][2015-12-02 14:57:27,774][com.java.SeleniumDriver] [  874] -  RESULT true
[INFO ][2015-12-02 14:57:27,774][com.java.SeleniumDriver] [ 1080] - ?   P A S S   ?
[INFO ][2015-12-02 14:57:27,774][com.java.SeleniumDriver] [  801] - ------------------------------------------
[INFO ][2015-12-02 14:57:27,774][com.java.SeleniumDriver] [  802] - Test case being Executed: 9
[INFO ][2015-12-02 14:57:27,774][com.java.SeleniumDriver] [  813] - Test step:6
[INFO ][2015-12-02 14:57:27,774][com.java.SeleniumDriver] [  825] - Datavalue is----------Create New Projection
[INFO ][2015-12-02 14:57:27,774][com.java.SeleniumDriver] [  849] - DataField : XPH//span[@class='ui-dialog-title']
[INFO ][2015-12-02 14:57:27,774][com.java.SeleniumDriver] [  851] - DataValue : Create New Projection
[INFO ][2015-12-02 14:57:27,774][com.java.SeleniumDriver] [  857] - <In Set values of the page>
[INFO ][2015-12-02 14:57:27,774][com.java.SeleniumDriver] [  860] - {Data Fields & Data Values Exist}
[INFO ][2015-12-02 14:57:27,774][com.java.SeleniumDriver] [  862] - --------------------------setting values-----------------------------
[INFO ][2015-12-02 14:57:27,774][com.java.SeleniumDriver] [  865] - Action Type : VERIFY
[INFO ][2015-12-02 14:57:27,775][com.java.TestType] [ 6180] - field= XPH//span[@class='ui-dialog-title'] value= Create New Projection
[INFO ][2015-12-02 14:57:27,775][com.java.TestType] [ 4995] - value = Create New Projection
[INFO ][2015-12-02 14:57:27,912][com.java.SeleniumDriver] [  874] -  RESULT true
[INFO ][2015-12-02 14:57:27,912][com.java.SeleniumDriver] [ 1080] - ?   P A S S   ?
[INFO ][2015-12-02 14:57:27,912][com.java.SeleniumDriver] [  801] - ------------------------------------------
[INFO ][2015-12-02 14:57:27,912][com.java.SeleniumDriver] [  802] - Test case being Executed: 9
[INFO ][2015-12-02 14:57:27,912][com.java.SeleniumDriver] [  813] - Test step:7
[INFO ][2015-12-02 14:57:27,912][com.java.SeleniumDriver] [  825] - Datavalue is----------null
[DEBUG][2015-12-02 14:57:27,912][com.java.SeleniumDriver] [  843] - Exception: null
[INFO ][2015-12-02 14:57:27,912][com.java.SeleniumDriver] [  849] - DataField : BTNframeDialogContent
[INFO ][2015-12-02 14:57:27,912][com.java.SeleniumDriver] [  851] - DataValue : 
[INFO ][2015-12-02 14:57:27,913][com.java.SeleniumDriver] [  857] - <In Set values of the page>
[INFO ][2015-12-02 14:57:27,913][com.java.SeleniumDriver] [  860] - {Data Fields & Data Values Exist}
[INFO ][2015-12-02 14:57:27,913][com.java.SeleniumDriver] [  862] - --------------------------setting values-----------------------------
[INFO ][2015-12-02 14:57:27,913][com.java.SeleniumDriver] [  865] - Action Type : SELECTFRAME
[INFO ][2015-12-02 14:57:29,154][com.java.SeleniumDriver] [  874] -  RESULT true
[INFO ][2015-12-02 14:57:29,155][com.java.SeleniumDriver] [ 1080] - ?   P A S S   ?
[INFO ][2015-12-02 14:57:29,155][com.java.SeleniumDriver] [  801] - ------------------------------------------
[INFO ][2015-12-02 14:57:29,155][com.java.SeleniumDriver] [  802] - Test case being Executed: 9
[INFO ][2015-12-02 14:57:29,155][com.java.SeleniumDriver] [  813] - Test step:8
[INFO ][2015-12-02 14:57:29,155][com.java.SeleniumDriver] [  825] - Datavalue is----------null
[DEBUG][2015-12-02 14:57:29,155][com.java.SeleniumDriver] [  843] - Exception: null
[INFO ][2015-12-02 14:57:29,155][com.java.SeleniumDriver] [  849] - DataField : //span[@id='lblYear']
[INFO ][2015-12-02 14:57:29,155][com.java.SeleniumDriver] [  851] - DataValue : 
[INFO ][2015-12-02 14:57:29,155][com.java.SeleniumDriver] [  857] - <In Set values of the page>
[INFO ][2015-12-02 14:57:29,155][com.java.SeleniumDriver] [  860] - {Data Fields & Data Values Exist}
[INFO ][2015-12-02 14:57:29,155][com.java.SeleniumDriver] [  862] - --------------------------setting values-----------------------------
[INFO ][2015-12-02 14:57:29,155][com.java.SeleniumDriver] [  865] - Action Type : PRESENTYEAR
[INFO ][2015-12-02 14:57:29,260][com.java.SeleniumDriver] [  874] -  RESULT true
[INFO ][2015-12-02 14:57:29,260][com.java.SeleniumDriver] [ 1080] - ?   P A S S   ?
[INFO ][2015-12-02 14:57:29,260][com.java.SeleniumDriver] [  801] - ------------------------------------------
[INFO ][2015-12-02 14:57:29,260][com.java.SeleniumDriver] [  802] - Test case being Executed: 9
[INFO ][2015-12-02 14:57:29,260][com.java.SeleniumDriver] [  813] - Test step:9
[INFO ][2015-12-02 14:57:29,260][com.java.SeleniumDriver] [  825] - Datavalue is----------Currentyear
[INFO ][2015-12-02 14:57:29,260][com.java.SeleniumDriver] [  849] - DataField : XPH//span[@id='lblYear']
[INFO ][2015-12-02 14:57:29,261][com.java.SeleniumDriver] [  851] - DataValue : Currentyear
[INFO ][2015-12-02 14:57:29,261][com.java.SeleniumDriver] [  857] - <In Set values of the page>
[INFO ][2015-12-02 14:57:29,261][com.java.SeleniumDriver] [  860] - {Data Fields & Data Values Exist}
[INFO ][2015-12-02 14:57:29,261][com.java.SeleniumDriver] [  862] - --------------------------setting values-----------------------------
[INFO ][2015-12-02 14:57:29,261][com.java.SeleniumDriver] [  865] - Action Type : storevalue
[INFO ][2015-12-02 14:57:29,261][com.java.TestType] [ 7358] - field= XPH//span[@id='lblYear']
[DEBUG][2015-12-02 14:57:29,345][com.java.TestType] [ 7410] - Key:: Currentyear   Value:: 2015
[INFO ][2015-12-02 14:57:29,345][com.java.SeleniumDriver] [  874] -  RESULT true
[INFO ][2015-12-02 14:57:29,345][com.java.SeleniumDriver] [ 1080] - ?   P A S S   ?
[INFO ][2015-12-02 14:57:29,345][com.java.SeleniumDriver] [  801] - ------------------------------------------
[INFO ][2015-12-02 14:57:29,345][com.java.SeleniumDriver] [  802] - Test case being Executed: 9
[INFO ][2015-12-02 14:57:29,345][com.java.SeleniumDriver] [  813] - Test step:10
[INFO ][2015-12-02 14:57:29,345][com.java.SeleniumDriver] [  825] - Datavalue is----------4
[INFO ][2015-12-02 14:57:29,345][com.java.SeleniumDriver] [  849] - DataField : BTNtxtNumYears
[INFO ][2015-12-02 14:57:29,345][com.java.SeleniumDriver] [  851] - DataValue : 4
[INFO ][2015-12-02 14:57:29,346][com.java.SeleniumDriver] [  857] - <In Set values of the page>
[INFO ][2015-12-02 14:57:29,346][com.java.SeleniumDriver] [  860] - {Data Fields & Data Values Exist}
[INFO ][2015-12-02 14:57:29,346][com.java.SeleniumDriver] [  862] - --------------------------setting values-----------------------------
[INFO ][2015-12-02 14:57:29,346][com.java.SeleniumDriver] [  865] - Action Type : CLEARANDENTER
[INFO ][2015-12-02 14:57:29,346][com.java.TestType] [ 4995] - value = 4
[INFO ][2015-12-02 14:57:31,712][com.java.SeleniumDriver] [  874] -  RESULT true
[INFO ][2015-12-02 14:57:31,712][com.java.SeleniumDriver] [ 1080] - ?   P A S S   ?
[INFO ][2015-12-02 14:57:31,713][com.java.SeleniumDriver] [  801] - ------------------------------------------
[INFO ][2015-12-02 14:57:31,713][com.java.SeleniumDriver] [  802] - Test case being Executed: 9
[INFO ][2015-12-02 14:57:31,713][com.java.SeleniumDriver] [  813] - Test step:11
[INFO ][2015-12-02 14:57:31,713][com.java.SeleniumDriver] [  825] - Datavalue is----------Numberofyears
[INFO ][2015-12-02 14:57:31,713][com.java.SeleniumDriver] [  849] - DataField : TXTtxtNumYears
[INFO ][2015-12-02 14:57:31,713][com.java.SeleniumDriver] [  851] - DataValue : Numberofyears
[INFO ][2015-12-02 14:57:31,713][com.java.SeleniumDriver] [  857] - <In Set values of the page>
[INFO ][2015-12-02 14:57:31,713][com.java.SeleniumDriver] [  860] - {Data Fields & Data Values Exist}
[INFO ][2015-12-02 14:57:31,713][com.java.SeleniumDriver] [  862] - --------------------------setting values-----------------------------
[INFO ][2015-12-02 14:57:31,713][com.java.SeleniumDriver] [  865] - Action Type : storevalue
[INFO ][2015-12-02 14:57:31,713][com.java.TestType] [ 7358] - field= TXTtxtNumYears
[DEBUG][2015-12-02 14:57:32,834][com.java.TestType] [ 7372] - Key:: Numberofyears  Value:: 4
[INFO ][2015-12-02 14:57:32,834][com.java.SeleniumDriver] [  874] -  RESULT true
[INFO ][2015-12-02 14:57:32,834][com.java.SeleniumDriver] [ 1080] - ?   P A S S   ?
[INFO ][2015-12-02 14:57:32,834][com.java.SeleniumDriver] [  801] - ------------------------------------------
[INFO ][2015-12-02 14:57:32,834][com.java.SeleniumDriver] [  802] - Test case being Executed: 9
[INFO ][2015-12-02 14:57:32,834][com.java.SeleniumDriver] [  813] - Test step:12
[INFO ][2015-12-02 14:57:32,834][com.java.SeleniumDriver] [  825] - Datavalue is----------RNDVL_Projection
[INFO ][2015-12-02 14:57:32,834][com.java.SeleniumDriver] [  849] - DataField : BTNtxtDescription
[INFO ][2015-12-02 14:57:32,834][com.java.SeleniumDriver] [  851] - DataValue : RNDVL_Projection
[INFO ][2015-12-02 14:57:32,834][com.java.SeleniumDriver] [  857] - <In Set values of the page>
[INFO ][2015-12-02 14:57:32,834][com.java.SeleniumDriver] [  860] - {Data Fields & Data Values Exist}
[INFO ][2015-12-02 14:57:32,835][com.java.SeleniumDriver] [  862] - --------------------------setting values-----------------------------
[INFO ][2015-12-02 14:57:32,835][com.java.SeleniumDriver] [  865] - Action Type : CLEARANDENTER
[INFO ][2015-12-02 14:57:32,835][com.java.TestType] [ 4995] - value = VL_Projection52222
[INFO ][2015-12-02 14:57:37,618][com.java.SeleniumDriver] [  874] -  RESULT true
[INFO ][2015-12-02 14:57:37,619][com.java.SeleniumDriver] [ 1080] - ?   P A S S   ?
[INFO ][2015-12-02 14:57:37,619][com.java.SeleniumDriver] [  801] - ------------------------------------------
[INFO ][2015-12-02 14:57:37,619][com.java.SeleniumDriver] [  802] - Test case being Executed: 9
[INFO ][2015-12-02 14:57:37,619][com.java.SeleniumDriver] [  813] - Test step:13
[INFO ][2015-12-02 14:57:37,619][com.java.SeleniumDriver] [  825] - Datavalue is----------Textdescription
[INFO ][2015-12-02 14:57:37,619][com.java.SeleniumDriver] [  849] - DataField : TXTtxtDescription
[INFO ][2015-12-02 14:57:37,619][com.java.SeleniumDriver] [  851] - DataValue : Textdescription
[INFO ][2015-12-02 14:57:37,619][com.java.SeleniumDriver] [  857] - <In Set values of the page>
[INFO ][2015-12-02 14:57:37,619][com.java.SeleniumDriver] [  860] - {Data Fields & Data Values Exist}
[INFO ][2015-12-02 14:57:37,619][com.java.SeleniumDriver] [  862] - --------------------------setting values-----------------------------
[INFO ][2015-12-02 14:57:37,619][com.java.SeleniumDriver] [  865] - Action Type : storevalue
[INFO ][2015-12-02 14:57:37,619][com.java.TestType] [ 7358] - field= TXTtxtDescription
[DEBUG][2015-12-02 14:57:38,741][com.java.TestType] [ 7372] - Key:: Textdescription  Value:: VL_Projection52222
[INFO ][2015-12-02 14:57:38,741][com.java.SeleniumDriver] [  874] -  RESULT true
[INFO ][2015-12-02 14:57:38,741][com.java.SeleniumDriver] [ 1080] - ?   P A S S   ?
[INFO ][2015-12-02 14:57:38,742][com.java.SeleniumDriver] [  801] - ------------------------------------------
[INFO ][2015-12-02 14:57:38,742][com.java.SeleniumDriver] [  802] - Test case being Executed: 9
[INFO ][2015-12-02 14:57:38,742][com.java.SeleniumDriver] [  813] - Test step:14
[INFO ][2015-12-02 14:57:38,742][com.java.SeleniumDriver] [  825] - Datavalue is----------null
[DEBUG][2015-12-02 14:57:38,742][com.java.SeleniumDriver] [  843] - Exception: null
[INFO ][2015-12-02 14:57:38,742][com.java.SeleniumDriver] [  849] - DataField : BTNrdoMakePublicYes
[INFO ][2015-12-02 14:57:38,742][com.java.SeleniumDriver] [  851] - DataValue : 
[INFO ][2015-12-02 14:57:38,742][com.java.SeleniumDriver] [  857] - <In Set values of the page>
[INFO ][2015-12-02 14:57:38,742][com.java.SeleniumDriver] [  860] - {Data Fields & Data Values Exist}
[INFO ][2015-12-02 14:57:38,742][com.java.SeleniumDriver] [  862] - --------------------------setting values-----------------------------
[INFO ][2015-12-02 14:57:38,742][com.java.SeleniumDriver] [  865] - Action Type : Click
[INFO ][2015-12-02 14:57:38,742][com.java.TestType] [ 5323] - Field ::BTNrdoMakePublicYes
[INFO ][2015-12-02 14:57:39,742][com.java.TestType] [ 5389] - BEFORE CLICK
[INFO ][2015-12-02 14:57:40,943][com.java.TestType] [ 5396] - Unable to click the object Click on yes radio Button
[INFO ][2015-12-02 14:57:40,943][com.java.SeleniumDriver] [  874] -  RESULT true
[INFO ][2015-12-02 14:57:40,943][com.java.SeleniumDriver] [ 1080] - ?   P A S S   ?
[INFO ][2015-12-02 14:57:40,943][com.java.SeleniumDriver] [  801] - ------------------------------------------
[INFO ][2015-12-02 14:57:40,943][com.java.SeleniumDriver] [  802] - Test case being Executed: 9
[INFO ][2015-12-02 14:57:40,943][com.java.SeleniumDriver] [  813] - Test step:15
[INFO ][2015-12-02 14:57:40,943][com.java.SeleniumDriver] [  825] - Datavalue is----------null
[DEBUG][2015-12-02 14:57:40,943][com.java.SeleniumDriver] [  843] - Exception: null
[INFO ][2015-12-02 14:57:40,943][com.java.SeleniumDriver] [  849] - DataField : BTNParent
[INFO ][2015-12-02 14:57:40,944][com.java.SeleniumDriver] [  851] - DataValue : 
[INFO ][2015-12-02 14:57:40,944][com.java.SeleniumDriver] [  857] - <In Set values of the page>
[INFO ][2015-12-02 14:57:40,944][com.java.SeleniumDriver] [  860] - {Data Fields & Data Values Exist}
[INFO ][2015-12-02 14:57:40,944][com.java.SeleniumDriver] [  862] - --------------------------setting values-----------------------------
[INFO ][2015-12-02 14:57:40,944][com.java.SeleniumDriver] [  865] - Action Type : SELECTFRAME
[INFO ][2015-12-02 14:57:40,958][com.java.SeleniumDriver] [  874] -  RESULT true
[INFO ][2015-12-02 14:57:40,959][com.java.SeleniumDriver] [ 1080] - ?   P A S S   ?
[INFO ][2015-12-02 14:57:40,959][com.java.SeleniumDriver] [  801] - ------------------------------------------
[INFO ][2015-12-02 14:57:40,959][com.java.SeleniumDriver] [  802] - Test case being Executed: 9
[INFO ][2015-12-02 14:57:40,959][com.java.SeleniumDriver] [  813] - Test step:16
[INFO ][2015-12-02 14:57:40,959][com.java.SeleniumDriver] [  825] - Datavalue is----------null
[DEBUG][2015-12-02 14:57:40,959][com.java.SeleniumDriver] [  843] - Exception: null
[INFO ][2015-12-02 14:57:40,959][com.java.SeleniumDriver] [  849] - DataField : XPH//span[text()='Create']
[INFO ][2015-12-02 14:57:40,959][com.java.SeleniumDriver] [  851] - DataValue : 
[INFO ][2015-12-02 14:57:40,959][com.java.SeleniumDriver] [  857] - <In Set values of the page>
[INFO ][2015-12-02 14:57:40,959][com.java.SeleniumDriver] [  860] - {Data Fields & Data Values Exist}
[INFO ][2015-12-02 14:57:40,959][com.java.SeleniumDriver] [  862] - --------------------------setting values-----------------------------
[INFO ][2015-12-02 14:57:40,959][com.java.SeleniumDriver] [  865] - Action Type : Click
[INFO ][2015-12-02 14:57:40,960][com.java.TestType] [ 5323] - Field ::XPH//span[text()='Create']
[INFO ][2015-12-02 14:57:41,960][com.java.TestType] [ 5410] - BEFORE CLICK
[INFO ][2015-12-02 14:57:42,819][com.java.TestType] [ 5418] - Unable to click the object Create Button
[INFO ][2015-12-02 14:57:42,819][com.java.SeleniumDriver] [  874] -  RESULT true
[INFO ][2015-12-02 14:57:42,819][com.java.SeleniumDriver] [ 1080] - ?   P A S S   ?
[INFO ][2015-12-02 14:57:42,819][com.java.SeleniumDriver] [ 1122] - step change to 23
[INFO ][2015-12-02 14:57:42,819][com.java.SeleniumDriver] [  801] - ------------------------------------------
[INFO ][2015-12-02 14:57:42,819][com.java.SeleniumDriver] [  802] - Test case being Executed: 9
[INFO ][2015-12-02 14:57:42,819][com.java.SeleniumDriver] [  813] - Test step:23
[INFO ][2015-12-02 14:57:42,819][com.java.SeleniumDriver] [  825] - Datavalue is----------null
[DEBUG][2015-12-02 14:57:42,821][com.java.SeleniumDriver] [  843] - Exception: null
[INFO ][2015-12-02 14:57:42,821][com.java.SeleniumDriver] [  849] - DataField : BTNframeProjectionOpen
[INFO ][2015-12-02 14:57:42,821][com.java.SeleniumDriver] [  851] - DataValue : 
[INFO ][2015-12-02 14:57:42,821][com.java.SeleniumDriver] [  857] - <In Set values of the page>
[INFO ][2015-12-02 14:57:42,821][com.java.SeleniumDriver] [  860] - {Data Fields & Data Values Exist}
[INFO ][2015-12-02 14:57:42,821][com.java.SeleniumDriver] [  862] - --------------------------setting values-----------------------------
[INFO ][2015-12-02 14:57:42,822][com.java.SeleniumDriver] [  865] - Action Type : SELECTFRAME
[INFO ][2015-12-02 14:57:44,079][com.java.SeleniumDriver] [  874] -  RESULT true
[INFO ][2015-12-02 14:57:44,079][com.java.SeleniumDriver] [ 1080] - ?   P A S S   ?
[INFO ][2015-12-02 14:57:44,079][com.java.SeleniumDriver] [  801] - ------------------------------------------
[INFO ][2015-12-02 14:57:44,079][com.java.SeleniumDriver] [  802] - Test case being Executed: 9
[INFO ][2015-12-02 14:57:44,079][com.java.SeleniumDriver] [  813] - Test step:24
[INFO ][2015-12-02 14:57:44,079][com.java.SeleniumDriver] [  825] - Datavalue is----------2
[INFO ][2015-12-02 14:57:44,079][com.java.SeleniumDriver] [  849] - DataField : DSPDelete
[INFO ][2015-12-02 14:57:44,079][com.java.SeleniumDriver] [  851] - DataValue : 2
[INFO ][2015-12-02 14:57:44,079][com.java.SeleniumDriver] [  857] - <In Set values of the page>
[INFO ][2015-12-02 14:57:44,079][com.java.SeleniumDriver] [  860] - {Data Fields & Data Values Exist}
[INFO ][2015-12-02 14:57:44,079][com.java.SeleniumDriver] [  862] - --------------------------setting values-----------------------------
[INFO ][2015-12-02 14:57:44,080][com.java.SeleniumDriver] [  865] - Action Type : WAITFORELEMENT
[INFO ][2015-12-02 14:57:52,606][com.java.SeleniumDriver] [  874] -  RESULT true
[INFO ][2015-12-02 14:57:52,606][com.java.SeleniumDriver] [ 1080] - ?   P A S S   ?
[INFO ][2015-12-02 14:57:52,606][com.java.SeleniumDriver] [  801] - ------------------------------------------
[INFO ][2015-12-02 14:57:52,607][com.java.SeleniumDriver] [  802] - Test case being Executed: 9
[INFO ][2015-12-02 14:57:52,607][com.java.SeleniumDriver] [  813] - Test step:25
[INFO ][2015-12-02 14:57:52,607][com.java.SeleniumDriver] [  825] - Datavalue is----------2
[INFO ][2015-12-02 14:57:52,607][com.java.SeleniumDriver] [  849] - DataField : XPH//table[@class="dialogue"]//div[contains(text(),'Balance Sheet')]
[INFO ][2015-12-02 14:57:52,607][com.java.SeleniumDriver] [  851] - DataValue : 2
[INFO ][2015-12-02 14:57:52,607][com.java.SeleniumDriver] [  857] - <In Set values of the page>
[INFO ][2015-12-02 14:57:52,607][com.java.SeleniumDriver] [  860] - {Data Fields & Data Values Exist}
[INFO ][2015-12-02 14:57:52,607][com.java.SeleniumDriver] [  862] - --------------------------setting values-----------------------------
[INFO ][2015-12-02 14:57:52,607][com.java.SeleniumDriver] [  865] - Action Type : WAITFORELEMENT
[INFO ][2015-12-02 14:57:52,663][com.java.SeleniumDriver] [  874] -  RESULT true
[INFO ][2015-12-02 14:57:52,664][com.java.SeleniumDriver] [ 1080] - ?   P A S S   ?
[INFO ][2015-12-02 14:57:52,664][com.java.SeleniumDriver] [  801] - ------------------------------------------
[INFO ][2015-12-02 14:57:52,664][com.java.SeleniumDriver] [  802] - Test case being Executed: 9
[INFO ][2015-12-02 14:57:52,664][com.java.SeleniumDriver] [  813] - Test step:26
[INFO ][2015-12-02 14:57:52,664][com.java.SeleniumDriver] [  825] - Datavalue is----------null
[DEBUG][2015-12-02 14:57:52,664][com.java.SeleniumDriver] [  843] - Exception: null
[INFO ][2015-12-02 14:57:52,664][com.java.SeleniumDriver] [  849] - DataField : HDN//table[@class="dialogue"]//div[contains(text(),'Balance Sheet')]
[INFO ][2015-12-02 14:57:52,664][com.java.SeleniumDriver] [  851] - DataValue : 
[INFO ][2015-12-02 14:57:52,664][com.java.SeleniumDriver] [  857] - <In Set values of the page>
[INFO ][2015-12-02 14:57:52,664][com.java.SeleniumDriver] [  860] - {Data Fields & Data Values Exist}
[INFO ][2015-12-02 14:57:52,664][com.java.SeleniumDriver] [  862] - --------------------------setting values-----------------------------
[INFO ][2015-12-02 14:57:52,664][com.java.SeleniumDriver] [  865] - Action Type : CLICK
[INFO ][2015-12-02 14:57:52,664][com.java.TestType] [ 5323] - Field ::HDN//table[@class="dialogue"]//div[contains(text(),'Balance Sheet')]
[INFO ][2015-12-02 14:57:53,727][com.java.SeleniumDriver] [  874] -  RESULT true
[INFO ][2015-12-02 14:57:53,728][com.java.SeleniumDriver] [ 1080] - ?   P A S S   ?
[INFO ][2015-12-02 14:57:53,728][com.java.SeleniumDriver] [  801] - ------------------------------------------
[INFO ][2015-12-02 14:57:53,728][com.java.SeleniumDriver] [  802] - Test case being Executed: 9
[INFO ][2015-12-02 14:57:53,728][com.java.SeleniumDriver] [  813] - Test step:27
[INFO ][2015-12-02 14:57:53,728][com.java.SeleniumDriver] [  825] - Datavalue is----------6
[INFO ][2015-12-02 14:57:53,728][com.java.SeleniumDriver] [  849] - DataField : null
[INFO ][2015-12-02 14:57:53,728][com.java.SeleniumDriver] [  851] - DataValue : 6
[INFO ][2015-12-02 14:57:53,728][com.java.SeleniumDriver] [  857] - <In Set values of the page>
[INFO ][2015-12-02 14:57:53,728][com.java.SeleniumDriver] [  860] - {Data Fields & Data Values Exist}
[INFO ][2015-12-02 14:57:53,728][com.java.SeleniumDriver] [  862] - --------------------------setting values-----------------------------
[INFO ][2015-12-02 14:57:53,728][com.java.SeleniumDriver] [  865] - Action Type : Waittime
[DEBUG][2015-12-02 14:57:53,728][com.java.TestType] [ 4815] - sleepTime: 6000
[INFO ][2015-12-02 14:57:59,729][com.java.SeleniumDriver] [  874] -  RESULT true
[INFO ][2015-12-02 14:57:59,729][com.java.SeleniumDriver] [ 1080] - ?   P A S S   ?
[INFO ][2015-12-02 14:57:59,729][com.java.SeleniumDriver] [  801] - ------------------------------------------
[INFO ][2015-12-02 14:57:59,729][com.java.SeleniumDriver] [  802] - Test case being Executed: 9
[INFO ][2015-12-02 14:57:59,729][com.java.SeleniumDriver] [  813] - Test step:28
[INFO ][2015-12-02 14:57:59,729][com.java.SeleniumDriver] [  825] - Datavalue is----------HMVCurrentyear::HMVNumberofyears::null
[INFO ][2015-12-02 14:57:59,729][com.java.SeleniumDriver] [  849] - DataField : XPH//table[@id="table_1"]//td[@class="dlg_ColumnHeader"]
[INFO ][2015-12-02 14:57:59,729][com.java.SeleniumDriver] [  851] - DataValue : HMVCurrentyear::HMVNumberofyears::null
[INFO ][2015-12-02 14:57:59,729][com.java.SeleniumDriver] [  857] - <In Set values of the page>
[INFO ][2015-12-02 14:57:59,729][com.java.SeleniumDriver] [  860] - {Data Fields & Data Values Exist}
[INFO ][2015-12-02 14:57:59,729][com.java.SeleniumDriver] [  862] - --------------------------setting values-----------------------------
[INFO ][2015-12-02 14:57:59,729][com.java.SeleniumDriver] [  865] - Action Type : MANAGEPRJINCANDDEC
[INFO ][2015-12-02 14:57:59,730][com.java.TestType] [ 1071] - field = XPH//table[@id="table_1"]//td[@class="dlg_ColumnHeader"]
[INFO ][2015-12-02 14:57:59,730][com.java.TestType] [ 4995] - value = 4
[INFO ][2015-12-02 14:57:59,730][com.java.TestType] [ 4995] - value = 2015
[INFO ][2015-12-02 14:58:00,103][com.java.SeleniumDriver] [  874] -  RESULT true
[INFO ][2015-12-02 14:58:00,103][com.java.SeleniumDriver] [ 1080] - ?   P A S S   ?
[INFO ][2015-12-02 14:58:00,103][com.java.SeleniumDriver] [  801] - ------------------------------------------
[INFO ][2015-12-02 14:58:00,103][com.java.SeleniumDriver] [  802] - Test case being Executed: 9
[INFO ][2015-12-02 14:58:00,103][com.java.SeleniumDriver] [  813] - Test step:29
[INFO ][2015-12-02 14:58:00,103][com.java.SeleniumDriver] [  825] - Datavalue is----------null
[DEBUG][2015-12-02 14:58:00,103][com.java.SeleniumDriver] [  843] - Exception: null
[INFO ][2015-12-02 14:58:00,103][com.java.SeleniumDriver] [  849] - DataField : XPH//table[@id='table_1']
[INFO ][2015-12-02 14:58:00,103][com.java.SeleniumDriver] [  851] - DataValue : 
[INFO ][2015-12-02 14:58:00,103][com.java.SeleniumDriver] [  857] - <In Set values of the page>
[INFO ][2015-12-02 14:58:00,104][com.java.SeleniumDriver] [  860] - {Data Fields & Data Values Exist}
[INFO ][2015-12-02 14:58:00,104][com.java.SeleniumDriver] [  862] - --------------------------setting values-----------------------------
[INFO ][2015-12-02 14:58:00,104][com.java.SeleniumDriver] [  865] - Action Type : FILLTABLEINPROJECTIONS
[INFO ][2015-12-02 15:01:03,451][com.java.TestType] [ 4995] - value = $1
[INFO ][2015-12-02 15:01:20,078][com.java.SeleniumDriver] [  874] -  RESULT true
[INFO ][2015-12-02 15:01:20,078][com.java.SeleniumDriver] [ 1080] - ?   P A S S   ?
[INFO ][2015-12-02 15:01:20,078][com.java.SeleniumDriver] [  801] - ------------------------------------------
[INFO ][2015-12-02 15:01:20,078][com.java.SeleniumDriver] [  802] - Test case being Executed: 9
[INFO ][2015-12-02 15:01:20,078][com.java.SeleniumDriver] [  813] - Test step:30
[INFO ][2015-12-02 15:01:20,079][com.java.SeleniumDriver] [  825] - Datavalue is----------null
[DEBUG][2015-12-02 15:01:20,079][com.java.SeleniumDriver] [  843] - Exception: null
[INFO ][2015-12-02 15:01:20,079][com.java.SeleniumDriver] [  849] - DataField : HDN//table[@class="dialogue"]//div[contains(text(),'Income Statement')]
[INFO ][2015-12-02 15:01:20,079][com.java.SeleniumDriver] [  851] - DataValue : 
[INFO ][2015-12-02 15:01:20,079][com.java.SeleniumDriver] [  857] - <In Set values of the page>
[INFO ][2015-12-02 15:01:20,079][com.java.SeleniumDriver] [  860] - {Data Fields & Data Values Exist}
[INFO ][2015-12-02 15:01:20,079][com.java.SeleniumDriver] [  862] - --------------------------setting values-----------------------------
[INFO ][2015-12-02 15:01:20,079][com.java.SeleniumDriver] [  865] - Action Type : CLICK
[INFO ][2015-12-02 15:01:20,079][com.java.TestType] [ 5323] - Field ::HDN//table[@class="dialogue"]//div[contains(text(),'Income Statement')]
[ERROR][2015-12-02 15:01:21,151][com.java.TestType] [ 5584] - Exception in click:: null
[INFO ][2015-12-02 15:01:21,152][com.java.TestType] [ 5588] - Element :://table[@class="dialogue"]//div[contains(text(),'Income Statement')]:: not found
[INFO ][2015-12-02 15:01:21,152][com.java.SeleniumDriver] [  874] -  RESULT false
[INFO ][2015-12-02 15:01:21,152][com.java.SeleniumDriver] [  921] - ?   F A I L   ?
[INFO ][2015-12-02 15:01:21,152][com.java.SeleniumDriver] [  929] - Browser Type : IE10
[INFO ][2015-12-02 15:01:21,152][com.java.SeleniumDriver] [  930] - Adding Failed case9
[INFO ][2015-12-02 15:01:21,385][com.java.SeleniumDriver] [ 1044] - failedCases = 9
[ERROR][2015-12-02 15:01:21,385][com.java.SeleniumDriver] [ 1541] - Platform Errors : Our apologies...::We have encountered an issue with your request.::Our apologies?:We encountered an issue with your request.
[INFO ][2015-12-02 15:01:21,385][com.java.SeleniumDriver] [ 1545] - Length =3
[ERROR][2015-12-02 15:01:21,385][com.java.SeleniumDriver] [ 1548] - Error 0 = Our apologies...
[ERROR][2015-12-02 15:01:21,417][com.java.SeleniumDriver] [ 1548] - Error 1 = We have encountered an issue with your request.
[ERROR][2015-12-02 15:01:21,435][com.java.SeleniumDriver] [ 1548] - Error 2 = Our apologies?:We encountered an issue with your request.
[INFO ][2015-12-02 15:01:21,455][com.java.SeleniumDriver] [ 1559] - strError:
[DEBUG][2015-12-02 15:01:21,467][com.java.SeleniumDriver] [ 1192] - Case found
[DEBUG][2015-12-02 15:01:21,467][com.java.SeleniumDriver] [ 1197] - Incrementing ReportCounters[0]:2
[INFO ][2015-12-02 15:01:21,467][com.java.SeleniumDriver] [ 1216] - The results are-------------------[9, 30, Projections > Create New Projections, Fail, 
Test case failed at Step No. :: 30   Error Message ::  Element :://table[@class="dialogue"]//div[contains(text(),'Income Statement')]:: not found. Screen Shot : D:\BankersDashboard\TestReports\120215\9_120215_150121_IE10.png, Wed Dec 02 15:01:21 IST 2015]
[INFO ][2015-12-02 15:01:21,467][com.java.SeleniumDriver] [ 1220] - End time is-------5 min 31 sec
[INFO ][2015-12-02 15:01:21,467][com.java.SeleniumDriver] [ 1221] - The results are-------------------[9, 30, Projections > Create New Projections, Fail, 
Test case failed at Step No. :: 30   Error Message ::  Element :://table[@class="dialogue"]//div[contains(text(),'Income Statement')]:: not found. Screen Shot : D:\BankersDashboard\TestReports\120215\9_120215_150121_IE10.png, Wed Dec 02 15:01:21 IST 2015]
[DEBUG][2015-12-02 15:01:21,467][com.java.ImportnExport.ExportTestResultsExcel] [  222] - testResultPath = D:\BankersDashboard/TestReports/Test Results_BankersDashBoard_120215_145552_IE10_Any Bank USA.xls
[DEBUG][2015-12-02 15:01:21,467][com.java.ImportnExport.ExportTestResultsExcel] [  223] - browser is------------IE10
[DEBUG][2015-12-02 15:01:21,469][com.java.ImportnExport.ExportTestResultsExcel] [  270] - result.size() = 6
[DEBUG][2015-12-02 15:01:21,469][com.java.ImportnExport.ExportTestResultsExcel] [  274] - No of rows in sheet=2
[DEBUG][2015-12-02 15:01:21,469][com.java.ImportnExport.ExportTestResultsExcel] [  301] - ..in export..9
[DEBUG][2015-12-02 15:01:21,470][com.java.ImportnExport.ExportTestResultsExcel] [  301] - ..in export..Projections > Create New Projections
[DEBUG][2015-12-02 15:01:21,470][com.java.ImportnExport.ExportTestResultsExcel] [  301] - ..in export..Fail
[DEBUG][2015-12-02 15:01:21,470][com.java.ImportnExport.ExportTestResultsExcel] [  301] - ..in export..
Test case failed at Step No. :: 30   Error Message ::  Element :://table[@class="dialogue"]//div[contains(text(),'Income Statement')]:: not found. Screen Shot : D:\BankersDashboard\TestReports\120215\9_120215_150121_IE10.png
[DEBUG][2015-12-02 15:01:21,470][com.java.ImportnExport.ExportTestResultsExcel] [  301] - ..in export..Wed Dec 02 15:01:21 IST 2015
[INFO ][2015-12-02 15:01:21,471][com.java.SeleniumDriver] [ 1279] - out loop:1 size:2 TestCases:[1, 9] testcases:[1, 9]
[INFO ][2015-12-02 15:01:23,471][com.java.SeleniumDriver] [ 1322] - Total Number of Cases:2
[INFO ][2015-12-02 15:01:23,471][com.java.TemplateGenerator] [  302] - Executed:2
[INFO ][2015-12-02 15:01:23,471][com.java.TemplateGenerator] [  303] - Passed:1
[INFO ][2015-12-02 15:01:23,471][com.java.TemplateGenerator] [  304] - Failed:1
[INFO ][2015-12-02 15:01:23,471][com.java.TemplateGenerator] [  305] - Skipeed:0
[INFO ][2015-12-02 15:01:23,471][com.java.TemplateGenerator] [  306] - Application URL:https://clients-xuat.bankersdashboard.com
[INFO ][2015-12-02 15:01:23,471][com.java.TemplateGenerator] [  307] - Start Time:120215_145552
[INFO ][2015-12-02 15:01:23,471][com.java.TemplateGenerator] [  308] -  Creating HTML Report 
[ERROR][2015-12-02 15:01:23,474][com.java.TemplateGenerator] [  409] - Unparseable date: "Wed Dec 02 02:55:52 IST 2015"
[INFO ][2015-12-02 15:01:23,474][com.java.TemplateGenerator] [  654] -  Exporting case :: 1
[INFO ][2015-12-02 15:01:23,474][com.java.TemplateGenerator] [  654] -  Exporting case :: 9
[INFO ][2015-12-02 15:01:23,479][com.java.SeleniumDriver] [ 1371] - End Time:120215_150123
[INFO ][2015-12-02 15:01:23,479][com.java.SeleniumDriver] [ 1374] - Data in Test Execution Details:{1=PASS, 9=FAILTest case failed at Step No. :: 30   Error Message ::  Element :://table[@class="dialogue"]//div[contains(text(),'Income Statement')]:: not found}
[INFO ][2015-12-02 15:01:23,480][com.java.SeleniumDriver] [ 1375] - Data in Failed Execution Deatils:{}
[INFO ][2015-12-02 15:01:23,480][com.java.SeleniumDriver] [ 1377] - ReportCounter:Total:2 :: PASS: 1 ::FAIL: 1
[INFO ][2015-12-02 15:01:23,480][com.java.SeleniumDriver] [ 1378] - FailedReportCounter:Total:0 :: PASS: 0 ::FAIL: 0
[INFO ][2015-12-02 15:01:23,486][com.java.EmailTestReport] [   63] - Sending report mail details:
[INFO ][2015-12-02 15:01:23,486][com.java.EmailTestReport] [   80] - Excel Report Path:D:\BankersDashboard/TestReports/Test Results_BankersDashBoard_120215_145552_IE10_Any Bank USA.xls
[INFO ][2015-12-02 15:01:23,486][com.java.EmailTestReport] [   81] - HTML Report Path:D:\BankersDashboard//TestReports//Test Results_BankersDashBoard_120215_145552_IE10_Any Bank USA.html
[INFO ][2015-12-02 15:01:23,486][com.java.EmailTestReport] [   82] - smtpHostName:mail01.valuelabs.com
[INFO ][2015-12-02 15:01:23,486][com.java.EmailTestReport] [   83] - Recipient:venkateswararao.gubbala@valuelabs.com;
[INFO ][2015-12-02 15:01:23,486][com.java.EmailTestReport] [   84] - From:venkateswararao.gubbala@valuelabs.com;
[INFO ][2015-12-02 15:01:23,487][com.java.EmailTestReport] [   85] - Subject:Deluxe Corp Bankers Dashboard Automation Test Report - Any Bank USA - IE10
[INFO ][2015-12-02 15:01:23,507][com.java.EmailTestReport] [  143] -  Added venkateswararao.gubbala@valuelabs.com
[INFO ][2015-12-02 15:01:26,907][com.java.SeleniumDriver] [  720] - quitting the browser 
[INFO ][2015-12-02 15:01:28,445][com.java.SeleniumDriver] [  264] - Execution Completed Stopping the thread
