[INFO ][2016-01-13 14:27:17,537][com.java.SeleniumDriver] [  213] - Execute Failed Casesfalse
[INFO ][2016-01-13 14:27:17,538][com.java.SeleniumDriver] [  214] - Browser: IE10
[INFO ][2016-01-13 14:27:17,538][com.java.SeleniumDriver] [  215] - [1, 21]
[INFO ][2016-01-13 14:27:17,538][com.java.SeleniumDriver] [  216] - Total TestCases:2
[INFO ][2016-01-13 14:27:17,538][com.java.SeleniumDriver] [  217] -  Reading Properties from Property File 
[DEBUG][2016-01-13 14:27:17,548][com.java.SeleniumDriver] [  238] - url : https://clients-xuat.bankersdashboard.com
[INFO ][2016-01-13 14:27:17,549][com.java.ImportnExport.ExportTestResultsExcel] [  116] - Time Stamp Wed Jan 13 02:27:17 IST 2016
[INFO ][2016-01-13 14:27:17,549][com.java.ImportnExport.ExportTestResultsExcel] [  175] - OUT FILE : D:\BankersDashboard/TestReports/Test Results_BankersDashBoard_011316_142717_IE10_Any Bank USA.xls
[INFO ][2016-01-13 14:27:17,583][com.java.ImportnExport.ExportTestResultsExcel] [  180] - Test Result file is created
[DEBUG][2016-01-13 14:27:17,746][com.java.SeleniumDriver] [  426] - Hub ip address is-------172.17.68.34
[INFO ][2016-01-13 14:27:17,747][com.java.SeleniumDriver] [  452] - Grid URL:http://172.17.68.34:4444/wd/hub
[INFO ][2016-01-13 14:27:17,747][com.java.SeleniumDriver] [  453] - Capability:Capabilities [{platform=ANY, ensureCleanSession=true, ignoreProtectedModeSettings=true, acceptSslCerts=true, ignoreZoomSetting=true, browserName=internet explorer, browserstack.ie.noFlash=true, version=null}]
[ERROR][2016-01-13 14:27:19,158][com.java.SeleniumDriver] [  498] - Unable invoke browser in grid:Could not start a new session. Possible causes are invalid address of the remote server or browser start-up failure.
Build info: version: '2.48.2', revision: '41bccdd', time: '2015-10-09 19:59:12'
System info: host: 'FVTIII438F1D', ip: '172.17.68.34', os.name: 'Windows 7', os.arch: 'x86', os.version: '6.1', java.version: '1.7.0_55'
Driver info: driver.version: SeleniumDriver
[INFO ][2016-01-13 14:27:19,159][com.java.SeleniumDriver] [  500] - Executing on local machine
[INFO ][2016-01-13 14:27:29,296][com.java.SeleniumDriver] [  248] - IE10is opened
[INFO ][2016-01-13 14:27:30,155][com.java.SeleniumDriver] [  756] - Test cases to be executed are: [1, 21]
[INFO ][2016-01-13 14:27:30,237][com.java.ImportnExport.ImportTestDataDetailsExcel] [   49] - test data details path===== D:\BankersDashboard\TestInputs\TestData.xls
[INFO ][2016-01-13 14:27:30,331][com.java.SeleniumDriver] [  856] - ------------------------------------------
[INFO ][2016-01-13 14:27:30,331][com.java.SeleniumDriver] [  857] - Test case being Executed: 1
[INFO ][2016-01-13 14:27:30,331][com.java.SeleniumDriver] [  869] - Test step:1
[INFO ][2016-01-13 14:27:30,332][com.java.SeleniumDriver] [  881] - Datavalue is----------Concept#1:1-16
[INFO ][2016-01-13 14:27:30,332][com.java.SeleniumDriver] [  905] - DataField : test
[INFO ][2016-01-13 14:27:30,332][com.java.SeleniumDriver] [  907] - DataValue : Concept#1:1-16
[INFO ][2016-01-13 14:27:30,332][com.java.SeleniumDriver] [  913] - <In Set values of the page>
[INFO ][2016-01-13 14:27:30,332][com.java.SeleniumDriver] [  916] - {Data Fields & Data Values Exist}
[INFO ][2016-01-13 14:27:30,332][com.java.SeleniumDriver] [  918] - --------------------------setting values-----------------------------
[INFO ][2016-01-13 14:27:30,332][com.java.SeleniumDriver] [  921] - Action Type : ExecuteTestCase
[INFO ][2016-01-13 14:27:30,370][com.java.TestType] [  437] - The Concept sheet name is ---------- Concept
[INFO ][2016-01-13 14:27:30,370][com.java.TestType] [  440] - The Concept ID  is ---------- 1
[DEBUG][2016-01-13 14:27:30,370][com.java.TestType] [  444] - Steps being executted in the Concept are: 1:16
[INFO ][2016-01-13 14:27:30,370][com.java.TestType] [  451] - Test data details path ---------- D:\BankersDashboard\TestInputs\TestData.xls
[INFO ][2016-01-13 14:27:30,409][com.java.TestType] [  482] -  str(1) = 1
[INFO ][2016-01-13 14:27:30,409][com.java.TestType] [  485] - Test case Id is---1
[INFO ][2016-01-13 14:27:30,409][com.java.TestType] [  487] - 1
[INFO ][2016-01-13 14:27:30,409][com.java.TestType] [  482] -  str(2) = 1
[INFO ][2016-01-13 14:27:30,412][com.java.TestType] [  482] -  str(1) = 1
[INFO ][2016-01-13 14:27:30,412][com.java.TestType] [  485] - Test case Id is---1
[INFO ][2016-01-13 14:27:30,412][com.java.TestType] [  487] - 1
[INFO ][2016-01-13 14:27:30,412][com.java.TestType] [  482] -  str(2) = 2
[INFO ][2016-01-13 14:27:30,413][com.java.TestType] [  482] -  str(1) = 1
[INFO ][2016-01-13 14:27:30,413][com.java.TestType] [  485] - Test case Id is---1
[INFO ][2016-01-13 14:27:30,413][com.java.TestType] [  487] - 1
[INFO ][2016-01-13 14:27:30,414][com.java.TestType] [  482] -  str(2) = 3
[INFO ][2016-01-13 14:27:30,415][com.java.TestType] [  482] -  str(1) = 1
[INFO ][2016-01-13 14:27:30,415][com.java.TestType] [  485] - Test case Id is---1
[INFO ][2016-01-13 14:27:30,415][com.java.TestType] [  487] - 1
[INFO ][2016-01-13 14:27:30,415][com.java.TestType] [  482] -  str(2) = 4
[INFO ][2016-01-13 14:27:30,418][com.java.TestType] [  482] -  str(1) = 1
[INFO ][2016-01-13 14:27:30,418][com.java.TestType] [  485] - Test case Id is---1
[INFO ][2016-01-13 14:27:30,418][com.java.TestType] [  487] - 1
[INFO ][2016-01-13 14:27:30,418][com.java.TestType] [  482] -  str(2) = 5
[INFO ][2016-01-13 14:27:30,419][com.java.TestType] [  482] -  str(1) = 1
[INFO ][2016-01-13 14:27:30,420][com.java.TestType] [  485] - Test case Id is---1
[INFO ][2016-01-13 14:27:30,420][com.java.TestType] [  487] - 1
[INFO ][2016-01-13 14:27:30,421][com.java.TestType] [  482] -  str(2) = 6
[INFO ][2016-01-13 14:27:30,421][com.java.TestType] [  482] -  str(1) = 1
[INFO ][2016-01-13 14:27:30,421][com.java.TestType] [  485] - Test case Id is---1
[INFO ][2016-01-13 14:27:30,422][com.java.TestType] [  487] - 1
[INFO ][2016-01-13 14:27:30,422][com.java.TestType] [  482] -  str(2) = 7
[INFO ][2016-01-13 14:27:30,422][com.java.TestType] [  482] -  str(1) = 1
[INFO ][2016-01-13 14:27:30,422][com.java.TestType] [  485] - Test case Id is---1
[INFO ][2016-01-13 14:27:30,423][com.java.TestType] [  487] - 1
[INFO ][2016-01-13 14:27:30,423][com.java.TestType] [  482] -  str(2) = 8
[INFO ][2016-01-13 14:27:30,423][com.java.TestType] [  482] -  str(1) = 1
[INFO ][2016-01-13 14:27:30,423][com.java.TestType] [  485] - Test case Id is---1
[INFO ][2016-01-13 14:27:30,424][com.java.TestType] [  487] - 1
[INFO ][2016-01-13 14:27:30,424][com.java.TestType] [  482] -  str(2) = 9
[INFO ][2016-01-13 14:27:30,424][com.java.TestType] [  482] -  str(1) = 1
[INFO ][2016-01-13 14:27:30,424][com.java.TestType] [  485] - Test case Id is---1
[INFO ][2016-01-13 14:27:30,425][com.java.TestType] [  487] - 1
[INFO ][2016-01-13 14:27:30,425][com.java.TestType] [  482] -  str(2) = 10
[INFO ][2016-01-13 14:27:30,425][com.java.TestType] [  482] -  str(1) = 1
[INFO ][2016-01-13 14:27:30,425][com.java.TestType] [  485] - Test case Id is---1
[INFO ][2016-01-13 14:27:30,426][com.java.TestType] [  487] - 1
[INFO ][2016-01-13 14:27:30,426][com.java.TestType] [  482] -  str(2) = 11
[INFO ][2016-01-13 14:27:30,426][com.java.TestType] [  482] -  str(1) = 1
[INFO ][2016-01-13 14:27:30,427][com.java.TestType] [  485] - Test case Id is---1
[INFO ][2016-01-13 14:27:30,427][com.java.TestType] [  487] - 1
[INFO ][2016-01-13 14:27:30,429][com.java.TestType] [  482] -  str(2) = 12
[INFO ][2016-01-13 14:27:30,429][com.java.TestType] [  482] -  str(1) = 1
[INFO ][2016-01-13 14:27:30,430][com.java.TestType] [  485] - Test case Id is---1
[INFO ][2016-01-13 14:27:30,430][com.java.TestType] [  487] - 1
[INFO ][2016-01-13 14:27:30,430][com.java.TestType] [  482] -  str(2) = 13
[INFO ][2016-01-13 14:27:30,431][com.java.TestType] [  482] -  str(1) = 1
[INFO ][2016-01-13 14:27:30,431][com.java.TestType] [  485] - Test case Id is---1
[INFO ][2016-01-13 14:27:30,431][com.java.TestType] [  487] - 1
[INFO ][2016-01-13 14:27:30,431][com.java.TestType] [  482] -  str(2) = 14
[INFO ][2016-01-13 14:27:30,432][com.java.TestType] [  482] -  str(1) = 1
[INFO ][2016-01-13 14:27:30,432][com.java.TestType] [  485] - Test case Id is---1
[INFO ][2016-01-13 14:27:30,432][com.java.TestType] [  487] - 1
[INFO ][2016-01-13 14:27:30,432][com.java.TestType] [  482] -  str(2) = 15
[INFO ][2016-01-13 14:27:30,433][com.java.TestType] [  482] -  str(1) = 1
[INFO ][2016-01-13 14:27:30,433][com.java.TestType] [  485] - Test case Id is---1
[INFO ][2016-01-13 14:27:30,433][com.java.TestType] [  487] - 1
[INFO ][2016-01-13 14:27:30,433][com.java.TestType] [  482] -  str(2) = 16
[INFO ][2016-01-13 14:27:30,434][com.java.TestType] [11297] - Looping 1TCID = 1
[DEBUG][2016-01-13 14:27:30,434][com.java.TestType] [11338] - Concept ID:1 :: Step being Executed: 1::1
[INFO ][2016-01-13 14:27:30,434][com.java.TestType] [11376] - dataFields : TXTusername
[DEBUG][2016-01-13 14:27:30,434][com.java.TestType] [11382] - <In Set values of the page>
[DEBUG][2016-01-13 14:27:30,434][com.java.TestType] [11387] - {Data Fields & Data Values Exist}
[INFO ][2016-01-13 14:27:30,434][com.java.TestType] [11393] - --------------------------setting values-----------------------------
[INFO ][2016-01-13 14:27:30,434][com.java.TestType] [11396] - Action Type : CLEARANDENTER
[INFO ][2016-01-13 14:27:30,434][com.java.TestType] [ 6136] - value = naresh.nayini.00000
[INFO ][2016-01-13 14:27:35,137][com.java.TestType] [11415] -  RESULT true
[INFO ][2016-01-13 14:27:35,137][com.java.TestType] [11532] - ?   P A S S   ?
[DEBUG][2016-01-13 14:27:35,139][com.java.TestType] [11338] - Concept ID:1 :: Step being Executed: 1::2
[INFO ][2016-01-13 14:27:35,139][com.java.TestType] [11376] - dataFields : TXTpassword
[DEBUG][2016-01-13 14:27:35,139][com.java.TestType] [11382] - <In Set values of the page>
[DEBUG][2016-01-13 14:27:35,139][com.java.TestType] [11387] - {Data Fields & Data Values Exist}
[INFO ][2016-01-13 14:27:35,139][com.java.TestType] [11393] - --------------------------setting values-----------------------------
[INFO ][2016-01-13 14:27:35,140][com.java.TestType] [11396] - Action Type : CLEARANDENTER
[INFO ][2016-01-13 14:27:35,140][com.java.TestType] [ 6136] - value = Password1*
[INFO ][2016-01-13 14:27:40,145][com.java.TestType] [11415] -  RESULT true
[INFO ][2016-01-13 14:27:40,145][com.java.TestType] [11532] - ?   P A S S   ?
[DEBUG][2016-01-13 14:27:40,145][com.java.TestType] [11338] - Concept ID:1 :: Step being Executed: 1::3
[ERROR][2016-01-13 14:27:40,145][com.java.TestType] [11371] - Exception: null
[INFO ][2016-01-13 14:27:40,145][com.java.TestType] [11376] - dataFields : XPH//button[@type='submit']
[DEBUG][2016-01-13 14:27:40,146][com.java.TestType] [11382] - <In Set values of the page>
[DEBUG][2016-01-13 14:27:40,146][com.java.TestType] [11387] - {Data Fields & Data Values Exist}
[INFO ][2016-01-13 14:27:40,146][com.java.TestType] [11393] - --------------------------setting values-----------------------------
[INFO ][2016-01-13 14:27:40,146][com.java.TestType] [11396] - Action Type : Click
[INFO ][2016-01-13 14:27:40,146][com.java.TestType] [ 6515] - Field ::XPH//button[@type='submit']
[INFO ][2016-01-13 14:27:40,146][com.java.TestType] [ 6136] - value = 
[INFO ][2016-01-13 14:27:41,147][com.java.TestType] [ 6652] - BEFORE CLICK
[INFO ][2016-01-13 14:27:42,034][com.java.TestType] [ 6660] - Unable to click the object Login
[INFO ][2016-01-13 14:27:42,034][com.java.TestType] [11415] -  RESULT true
[INFO ][2016-01-13 14:27:42,034][com.java.TestType] [11532] - ?   P A S S   ?
[DEBUG][2016-01-13 14:27:42,034][com.java.TestType] [11338] - Concept ID:1 :: Step being Executed: 1::4
[INFO ][2016-01-13 14:27:42,034][com.java.TestType] [11376] - dataFields : LNKLogout
[DEBUG][2016-01-13 14:27:42,034][com.java.TestType] [11382] - <In Set values of the page>
[DEBUG][2016-01-13 14:27:42,034][com.java.TestType] [11387] - {Data Fields & Data Values Exist}
[INFO ][2016-01-13 14:27:42,034][com.java.TestType] [11393] - --------------------------setting values-----------------------------
[INFO ][2016-01-13 14:27:42,034][com.java.TestType] [11396] - Action Type : WaitForElement
[INFO ][2016-01-13 14:27:45,411][com.java.TestType] [11415] -  RESULT true
[INFO ][2016-01-13 14:27:45,411][com.java.TestType] [11532] - ?   P A S S   ?
[DEBUG][2016-01-13 14:27:45,411][com.java.TestType] [11338] - Concept ID:1 :: Step being Executed: 1::15
[INFO ][2016-01-13 14:27:45,411][com.java.TestType] [11376] - dataFields : LNK
[DEBUG][2016-01-13 14:27:45,412][com.java.TestType] [11382] - <In Set values of the page>
[DEBUG][2016-01-13 14:27:45,412][com.java.TestType] [11387] - {Data Fields & Data Values Exist}
[INFO ][2016-01-13 14:27:45,412][com.java.TestType] [11393] - --------------------------setting values-----------------------------
[INFO ][2016-01-13 14:27:45,412][com.java.TestType] [11396] - Action Type : Verify
[INFO ][2016-01-13 14:27:45,412][com.java.TestType] [ 7635] - field= LNK value= Logout
[INFO ][2016-01-13 14:27:45,436][com.java.TestType] [ 6136] - value = Logout
[INFO ][2016-01-13 14:27:45,482][com.java.TestType] [11415] -  RESULT true
[INFO ][2016-01-13 14:27:45,482][com.java.TestType] [11532] - ?   P A S S   ?
[DEBUG][2016-01-13 14:27:45,482][com.java.TestType] [11338] - Concept ID:1 :: Step being Executed: 1::16
[INFO ][2016-01-13 14:27:45,482][com.java.TestType] [11376] - dataFields : BTN
[DEBUG][2016-01-13 14:27:45,482][com.java.TestType] [11382] - <In Set values of the page>
[DEBUG][2016-01-13 14:27:45,483][com.java.TestType] [11387] - {Data Fields & Data Values Exist}
[INFO ][2016-01-13 14:27:45,483][com.java.TestType] [11393] - --------------------------setting values-----------------------------
[INFO ][2016-01-13 14:27:45,483][com.java.TestType] [11396] - Action Type : Verify
[INFO ][2016-01-13 14:27:45,483][com.java.TestType] [ 7635] - field= BTN value= //img[contains(@src,'bdlogo.jpg')]
[INFO ][2016-01-13 14:27:45,483][com.java.TestType] [ 6136] - value = //img[contains(@src,'bdlogo.jpg')]
[INFO ][2016-01-13 14:27:45,554][com.java.TestType] [11415] -  RESULT true
[INFO ][2016-01-13 14:27:45,554][com.java.TestType] [11532] - ?   P A S S   ?
[INFO ][2016-01-13 14:27:45,554][com.java.TestType] [11603] - Looping End......
[INFO ][2016-01-13 14:27:45,559][com.java.SeleniumDriver] [  930] -  RESULT true
[INFO ][2016-01-13 14:27:45,559][com.java.SeleniumDriver] [ 1136] - ?   P A S S   ?
[INFO ][2016-01-13 14:27:45,559][com.java.SeleniumDriver] [  856] - ------------------------------------------
[INFO ][2016-01-13 14:27:45,559][com.java.SeleniumDriver] [  857] - Test case being Executed: 1
[INFO ][2016-01-13 14:27:45,559][com.java.SeleniumDriver] [  869] - Test step:2
[INFO ][2016-01-13 14:27:45,560][com.java.SeleniumDriver] [  881] - Datavalue is----------Concept#2:1-2
[INFO ][2016-01-13 14:27:45,560][com.java.SeleniumDriver] [  905] - DataField : test
[INFO ][2016-01-13 14:27:45,560][com.java.SeleniumDriver] [  907] - DataValue : Concept#2:1-2
[INFO ][2016-01-13 14:27:45,560][com.java.SeleniumDriver] [  913] - <In Set values of the page>
[INFO ][2016-01-13 14:27:45,560][com.java.SeleniumDriver] [  916] - {Data Fields & Data Values Exist}
[INFO ][2016-01-13 14:27:45,560][com.java.SeleniumDriver] [  918] - --------------------------setting values-----------------------------
[INFO ][2016-01-13 14:27:45,560][com.java.SeleniumDriver] [  921] - Action Type : ExecuteTestCase
[INFO ][2016-01-13 14:27:45,560][com.java.TestType] [  437] - The Concept sheet name is ---------- Concept
[INFO ][2016-01-13 14:27:45,560][com.java.TestType] [  440] - The Concept ID  is ---------- 2
[DEBUG][2016-01-13 14:27:45,561][com.java.TestType] [  444] - Steps being executted in the Concept are: 1:2
[INFO ][2016-01-13 14:27:45,561][com.java.TestType] [  451] - Test data details path ---------- D:\BankersDashboard\TestInputs\TestData.xls
[INFO ][2016-01-13 14:27:45,594][com.java.TestType] [  482] -  str(1) = 2
[INFO ][2016-01-13 14:27:45,594][com.java.TestType] [  485] - Test case Id is---2
[INFO ][2016-01-13 14:27:45,594][com.java.TestType] [  487] - 2
[INFO ][2016-01-13 14:27:45,594][com.java.TestType] [  482] -  str(2) = 1
[INFO ][2016-01-13 14:27:45,597][com.java.TestType] [  482] -  str(1) = 2
[INFO ][2016-01-13 14:27:45,597][com.java.TestType] [  485] - Test case Id is---2
[INFO ][2016-01-13 14:27:45,597][com.java.TestType] [  487] - 2
[INFO ][2016-01-13 14:27:45,597][com.java.TestType] [  482] -  str(2) = 2
[INFO ][2016-01-13 14:27:45,598][com.java.TestType] [  482] -  str(1) = 2
[INFO ][2016-01-13 14:27:45,598][com.java.TestType] [  485] - Test case Id is---2
[INFO ][2016-01-13 14:27:45,598][com.java.TestType] [  487] - 2
[INFO ][2016-01-13 14:27:45,598][com.java.TestType] [  482] -  str(2) = 3
[INFO ][2016-01-13 14:27:45,599][com.java.TestType] [11297] - Looping 1TCID = 2
[DEBUG][2016-01-13 14:27:45,599][com.java.TestType] [11338] - Concept ID:2 :: Step being Executed: 2::1
[INFO ][2016-01-13 14:27:45,599][com.java.TestType] [11376] - dataFields : BNK//select[@id='bank']
[DEBUG][2016-01-13 14:27:45,599][com.java.TestType] [11382] - <In Set values of the page>
[DEBUG][2016-01-13 14:27:45,599][com.java.TestType] [11387] - {Data Fields & Data Values Exist}
[INFO ][2016-01-13 14:27:45,599][com.java.TestType] [11393] - --------------------------setting values-----------------------------
[INFO ][2016-01-13 14:27:45,599][com.java.TestType] [11396] - Action Type : Select
[INFO ][2016-01-13 14:27:45,599][com.java.TestType] [ 6136] - value = PFC
[INFO ][2016-01-13 14:27:45,862][com.java.TestType] [11415] -  RESULT true
[INFO ][2016-01-13 14:27:45,862][com.java.TestType] [11532] - ?   P A S S   ?
[DEBUG][2016-01-13 14:27:45,862][com.java.TestType] [11338] - Concept ID:2 :: Step being Executed: 2::2
[INFO ][2016-01-13 14:27:45,862][com.java.TestType] [11376] - dataFields : LNKLogout
[DEBUG][2016-01-13 14:27:45,862][com.java.TestType] [11382] - <In Set values of the page>
[DEBUG][2016-01-13 14:27:45,862][com.java.TestType] [11387] - {Data Fields & Data Values Exist}
[INFO ][2016-01-13 14:27:45,863][com.java.TestType] [11393] - --------------------------setting values-----------------------------
[INFO ][2016-01-13 14:27:45,863][com.java.TestType] [11396] - Action Type : WaitTime
[DEBUG][2016-01-13 14:27:45,863][com.java.TestType] [ 5950] - sleepTime: 5000
[INFO ][2016-01-13 14:27:50,863][com.java.TestType] [11415] -  RESULT true
[INFO ][2016-01-13 14:27:50,863][com.java.TestType] [11532] - ?   P A S S   ?
[INFO ][2016-01-13 14:27:50,863][com.java.TestType] [11603] - Looping End......
[INFO ][2016-01-13 14:27:50,868][com.java.SeleniumDriver] [  930] -  RESULT true
[INFO ][2016-01-13 14:27:50,868][com.java.SeleniumDriver] [ 1136] - ?   P A S S   ?
[INFO ][2016-01-13 14:27:50,868][com.java.SeleniumDriver] [  856] - ------------------------------------------
[INFO ][2016-01-13 14:27:50,868][com.java.SeleniumDriver] [  857] - Test case being Executed: 1
[INFO ][2016-01-13 14:27:50,868][com.java.SeleniumDriver] [  869] - Test step:3
[INFO ][2016-01-13 14:27:50,868][com.java.SeleniumDriver] [  881] - Datavalue is----------2
[INFO ][2016-01-13 14:27:50,868][com.java.SeleniumDriver] [  905] - DataField : XPH//button[contains(text(),'Add Content')]
[INFO ][2016-01-13 14:27:50,868][com.java.SeleniumDriver] [  907] - DataValue : 2
[INFO ][2016-01-13 14:27:50,868][com.java.SeleniumDriver] [  913] - <In Set values of the page>
[INFO ][2016-01-13 14:27:50,869][com.java.SeleniumDriver] [  916] - {Data Fields & Data Values Exist}
[INFO ][2016-01-13 14:27:50,869][com.java.SeleniumDriver] [  918] - --------------------------setting values-----------------------------
[INFO ][2016-01-13 14:27:50,869][com.java.SeleniumDriver] [  921] - Action Type : WAITFORELEMENT
[INFO ][2016-01-13 14:27:50,906][com.java.SeleniumDriver] [  930] -  RESULT true
[INFO ][2016-01-13 14:27:50,906][com.java.SeleniumDriver] [ 1136] - ?   P A S S   ?
[DEBUG][2016-01-13 14:27:50,906][com.java.SeleniumDriver] [ 1248] - Case found
[DEBUG][2016-01-13 14:27:50,906][com.java.SeleniumDriver] [ 1253] - Incrementing ReportCounters[0]:1
[INFO ][2016-01-13 14:27:50,906][com.java.SeleniumDriver] [ 1272] - The results are-------------------[1, 1, Valid Login, Pass, , Wed Jan 13 14:27:45 IST 2016, 1, 2, Valid Login, Pass, , Wed Jan 13 14:27:50 IST 2016, 1, 3, Valid Login, Pass, , Wed Jan 13 14:27:50 IST 2016]
[INFO ][2016-01-13 14:27:50,907][com.java.SeleniumDriver] [ 1276] - End time is-------36 sec
[INFO ][2016-01-13 14:27:50,907][com.java.SeleniumDriver] [ 1277] - The results are-------------------[1, 1, Valid Login, Pass, , Wed Jan 13 14:27:45 IST 2016, 1, 2, Valid Login, Pass, , Wed Jan 13 14:27:50 IST 2016, 1, 3, Valid Login, Pass, , Wed Jan 13 14:27:50 IST 2016]
[DEBUG][2016-01-13 14:27:50,907][com.java.ImportnExport.ExportTestResultsExcel] [  222] - testResultPath = D:\BankersDashboard/TestReports/Test Results_BankersDashBoard_011316_142717_IE10_Any Bank USA.xls
[DEBUG][2016-01-13 14:27:50,907][com.java.ImportnExport.ExportTestResultsExcel] [  223] - browser is------------IE10
[DEBUG][2016-01-13 14:27:50,970][com.java.ImportnExport.ExportTestResultsExcel] [  270] - result.size() = 18
[DEBUG][2016-01-13 14:27:50,970][com.java.ImportnExport.ExportTestResultsExcel] [  274] - No of rows in sheet=1
[DEBUG][2016-01-13 14:27:50,970][com.java.ImportnExport.ExportTestResultsExcel] [  301] - ..in export..1
[DEBUG][2016-01-13 14:27:50,971][com.java.ImportnExport.ExportTestResultsExcel] [  301] - ..in export..Valid Login
[DEBUG][2016-01-13 14:27:50,971][com.java.ImportnExport.ExportTestResultsExcel] [  301] - ..in export..Pass
[DEBUG][2016-01-13 14:27:50,971][com.java.ImportnExport.ExportTestResultsExcel] [  301] - ..in export..
[DEBUG][2016-01-13 14:27:50,971][com.java.ImportnExport.ExportTestResultsExcel] [  301] - ..in export..Wed Jan 13 14:27:45 IST 2016
[INFO ][2016-01-13 14:27:50,972][com.java.SeleniumDriver] [ 1337] - out loop:0 size:2 TestCases:[1, 21] testcases:[1, 21]
[INFO ][2016-01-13 14:27:50,973][com.java.ImportnExport.ImportTestDataDetailsExcel] [   49] - test data details path===== D:\BankersDashboard\TestInputs\TestData.xls
[INFO ][2016-01-13 14:28:07,410][com.java.SeleniumDriver] [  856] - ------------------------------------------
[INFO ][2016-01-13 14:28:07,410][com.java.SeleniumDriver] [  857] - Test case being Executed: 21
[INFO ][2016-01-13 14:28:07,410][com.java.SeleniumDriver] [  869] - Test step:1
[INFO ][2016-01-13 14:28:07,410][com.java.SeleniumDriver] [  881] - Datavalue is----------Logout
[INFO ][2016-01-13 14:28:07,410][com.java.SeleniumDriver] [  905] - DataField : BTN
[INFO ][2016-01-13 14:28:07,410][com.java.SeleniumDriver] [  907] - DataValue : Logout
[INFO ][2016-01-13 14:28:07,410][com.java.SeleniumDriver] [  913] - <In Set values of the page>
[INFO ][2016-01-13 14:28:07,410][com.java.SeleniumDriver] [  916] - {Data Fields & Data Values Exist}
[INFO ][2016-01-13 14:28:07,410][com.java.SeleniumDriver] [  918] - --------------------------setting values-----------------------------
[INFO ][2016-01-13 14:28:07,410][com.java.SeleniumDriver] [  921] - Action Type : Verify
[INFO ][2016-01-13 14:28:07,410][com.java.TestType] [ 7635] - field= BTN value= Logout
[INFO ][2016-01-13 14:28:07,410][com.java.TestType] [ 6136] - value = Logout
[INFO ][2016-01-13 14:28:07,483][com.java.SeleniumDriver] [  930] -  RESULT true
[INFO ][2016-01-13 14:28:07,483][com.java.SeleniumDriver] [ 1136] - ?   P A S S   ?
[INFO ][2016-01-13 14:28:07,483][com.java.SeleniumDriver] [ 1178] - step change to 3
[INFO ][2016-01-13 14:28:07,483][com.java.SeleniumDriver] [  856] - ------------------------------------------
[INFO ][2016-01-13 14:28:07,483][com.java.SeleniumDriver] [  857] - Test case being Executed: 21
[INFO ][2016-01-13 14:28:07,483][com.java.SeleniumDriver] [  869] - Test step:3
[INFO ][2016-01-13 14:28:07,484][com.java.SeleniumDriver] [  881] - Datavalue is----------Concept#2:1-2
[INFO ][2016-01-13 14:28:07,484][com.java.SeleniumDriver] [  905] - DataField : test
[INFO ][2016-01-13 14:28:07,484][com.java.SeleniumDriver] [  907] - DataValue : Concept#2:1-2
[INFO ][2016-01-13 14:28:07,484][com.java.SeleniumDriver] [  913] - <In Set values of the page>
[INFO ][2016-01-13 14:28:07,484][com.java.SeleniumDriver] [  916] - {Data Fields & Data Values Exist}
[INFO ][2016-01-13 14:28:07,484][com.java.SeleniumDriver] [  918] - --------------------------setting values-----------------------------
[INFO ][2016-01-13 14:28:07,484][com.java.SeleniumDriver] [  921] - Action Type : ExecuteTestCase
[INFO ][2016-01-13 14:28:07,484][com.java.TestType] [  437] - The Concept sheet name is ---------- Concept
[INFO ][2016-01-13 14:28:07,484][com.java.TestType] [  440] - The Concept ID  is ---------- 2
[DEBUG][2016-01-13 14:28:07,484][com.java.TestType] [  444] - Steps being executted in the Concept are: 1:2
[INFO ][2016-01-13 14:28:07,484][com.java.TestType] [  451] - Test data details path ---------- D:\BankersDashboard\TestInputs\TestData.xls
[INFO ][2016-01-13 14:28:07,518][com.java.TestType] [  482] -  str(1) = 2
[INFO ][2016-01-13 14:28:07,518][com.java.TestType] [  485] - Test case Id is---2
[INFO ][2016-01-13 14:28:07,518][com.java.TestType] [  487] - 2
[INFO ][2016-01-13 14:28:07,518][com.java.TestType] [  482] -  str(2) = 1
[INFO ][2016-01-13 14:28:07,520][com.java.TestType] [  482] -  str(1) = 2
[INFO ][2016-01-13 14:28:07,520][com.java.TestType] [  485] - Test case Id is---2
[INFO ][2016-01-13 14:28:07,520][com.java.TestType] [  487] - 2
[INFO ][2016-01-13 14:28:07,520][com.java.TestType] [  482] -  str(2) = 2
[INFO ][2016-01-13 14:28:07,520][com.java.TestType] [  482] -  str(1) = 2
[INFO ][2016-01-13 14:28:07,521][com.java.TestType] [  485] - Test case Id is---2
[INFO ][2016-01-13 14:28:07,521][com.java.TestType] [  487] - 2
[INFO ][2016-01-13 14:28:07,521][com.java.TestType] [  482] -  str(2) = 3
[INFO ][2016-01-13 14:28:07,521][com.java.TestType] [11297] - Looping 1TCID = 2
[DEBUG][2016-01-13 14:28:07,522][com.java.TestType] [11338] - Concept ID:2 :: Step being Executed: 2::1
[INFO ][2016-01-13 14:28:07,522][com.java.TestType] [11376] - dataFields : BNK//select[@id='bank']
[DEBUG][2016-01-13 14:28:07,523][com.java.TestType] [11382] - <In Set values of the page>
[DEBUG][2016-01-13 14:28:07,523][com.java.TestType] [11387] - {Data Fields & Data Values Exist}
[INFO ][2016-01-13 14:28:07,523][com.java.TestType] [11393] - --------------------------setting values-----------------------------
[INFO ][2016-01-13 14:28:07,523][com.java.TestType] [11396] - Action Type : Select
[INFO ][2016-01-13 14:28:07,523][com.java.TestType] [ 6136] - value = PFC
[INFO ][2016-01-13 14:28:07,730][com.java.TestType] [11415] -  RESULT true
[INFO ][2016-01-13 14:28:07,730][com.java.TestType] [11532] - ?   P A S S   ?
[DEBUG][2016-01-13 14:28:07,730][com.java.TestType] [11338] - Concept ID:2 :: Step being Executed: 2::2
[INFO ][2016-01-13 14:28:07,730][com.java.TestType] [11376] - dataFields : LNKLogout
[DEBUG][2016-01-13 14:28:07,730][com.java.TestType] [11382] - <In Set values of the page>
[DEBUG][2016-01-13 14:28:07,730][com.java.TestType] [11387] - {Data Fields & Data Values Exist}
[INFO ][2016-01-13 14:28:07,730][com.java.TestType] [11393] - --------------------------setting values-----------------------------
[INFO ][2016-01-13 14:28:07,730][com.java.TestType] [11396] - Action Type : WaitTime
[DEBUG][2016-01-13 14:28:07,731][com.java.TestType] [ 5950] - sleepTime: 5000
[INFO ][2016-01-13 14:28:12,731][com.java.TestType] [11415] -  RESULT true
[INFO ][2016-01-13 14:28:12,731][com.java.TestType] [11532] - ?   P A S S   ?
[INFO ][2016-01-13 14:28:12,731][com.java.TestType] [11603] - Looping End......
[INFO ][2016-01-13 14:28:12,735][com.java.SeleniumDriver] [  930] -  RESULT true
[INFO ][2016-01-13 14:28:12,735][com.java.SeleniumDriver] [ 1136] - ?   P A S S   ?
[INFO ][2016-01-13 14:28:12,735][com.java.SeleniumDriver] [  856] - ------------------------------------------
[INFO ][2016-01-13 14:28:12,735][com.java.SeleniumDriver] [  857] - Test case being Executed: 21
[INFO ][2016-01-13 14:28:12,735][com.java.SeleniumDriver] [  869] - Test step:4
[INFO ][2016-01-13 14:28:12,735][com.java.SeleniumDriver] [  881] - Datavalue is----------null
[DEBUG][2016-01-13 14:28:12,736][com.java.SeleniumDriver] [  899] - Exception: null
[INFO ][2016-01-13 14:28:12,736][com.java.SeleniumDriver] [  905] - DataField : //span[@class='icon-user4']&&//a[text()='G/L Mapping']&&//a[@data-id="AcctMapping"]
[INFO ][2016-01-13 14:28:12,736][com.java.SeleniumDriver] [  907] - DataValue : 
[INFO ][2016-01-13 14:28:12,736][com.java.SeleniumDriver] [  913] - <In Set values of the page>
[INFO ][2016-01-13 14:28:12,736][com.java.SeleniumDriver] [  916] - {Data Fields & Data Values Exist}
[INFO ][2016-01-13 14:28:12,736][com.java.SeleniumDriver] [  918] - --------------------------setting values-----------------------------
[INFO ][2016-01-13 14:28:12,736][com.java.SeleniumDriver] [  921] - Action Type : MOUSEOVER
[INFO ][2016-01-13 14:28:39,532][com.java.SeleniumDriver] [  930] -  RESULT true
[INFO ][2016-01-13 14:28:39,532][com.java.SeleniumDriver] [ 1136] - ?   P A S S   ?
[INFO ][2016-01-13 14:28:39,532][com.java.SeleniumDriver] [  856] - ------------------------------------------
[INFO ][2016-01-13 14:28:39,532][com.java.SeleniumDriver] [  857] - Test case being Executed: 21
[INFO ][2016-01-13 14:28:39,532][com.java.SeleniumDriver] [  869] - Test step:5
[INFO ][2016-01-13 14:28:39,532][com.java.SeleniumDriver] [  881] - Datavalue is----------Assets
[INFO ][2016-01-13 14:28:39,532][com.java.SeleniumDriver] [  905] - DataField : XPH//span[@id="glMappingTabAssets"]
[INFO ][2016-01-13 14:28:39,532][com.java.SeleniumDriver] [  907] - DataValue : Assets
[INFO ][2016-01-13 14:28:39,532][com.java.SeleniumDriver] [  913] - <In Set values of the page>
[INFO ][2016-01-13 14:28:39,532][com.java.SeleniumDriver] [  916] - {Data Fields & Data Values Exist}
[INFO ][2016-01-13 14:28:39,532][com.java.SeleniumDriver] [  918] - --------------------------setting values-----------------------------
[INFO ][2016-01-13 14:28:39,532][com.java.SeleniumDriver] [  921] - Action Type : VERIFY
[INFO ][2016-01-13 14:28:39,533][com.java.TestType] [ 7635] - field= XPH//span[@id="glMappingTabAssets"] value= Assets
[INFO ][2016-01-13 14:28:39,533][com.java.TestType] [ 6136] - value = Assets
[INFO ][2016-01-13 14:28:39,659][com.java.SeleniumDriver] [  930] -  RESULT true
[INFO ][2016-01-13 14:28:39,659][com.java.SeleniumDriver] [ 1136] - ?   P A S S   ?
[INFO ][2016-01-13 14:28:39,659][com.java.SeleniumDriver] [  856] - ------------------------------------------
[INFO ][2016-01-13 14:28:39,659][com.java.SeleniumDriver] [  857] - Test case being Executed: 21
[INFO ][2016-01-13 14:28:39,659][com.java.SeleniumDriver] [  869] - Test step:6
[INFO ][2016-01-13 14:28:39,659][com.java.SeleniumDriver] [  881] - Datavalue is----------null
[DEBUG][2016-01-13 14:28:39,659][com.java.SeleniumDriver] [  899] - Exception: null
[INFO ][2016-01-13 14:28:39,659][com.java.SeleniumDriver] [  905] - DataField : XPH//div[@id='divGLMappingAccounts']//td[@class="dlg_Rowalt"][1]/a[1]
[INFO ][2016-01-13 14:28:39,659][com.java.SeleniumDriver] [  907] - DataValue : 
[INFO ][2016-01-13 14:28:39,660][com.java.SeleniumDriver] [  913] - <In Set values of the page>
[INFO ][2016-01-13 14:28:39,660][com.java.SeleniumDriver] [  916] - {Data Fields & Data Values Exist}
[INFO ][2016-01-13 14:28:39,660][com.java.SeleniumDriver] [  918] - --------------------------setting values-----------------------------
[INFO ][2016-01-13 14:28:39,660][com.java.SeleniumDriver] [  921] - Action Type : CLICK
[INFO ][2016-01-13 14:28:39,660][com.java.TestType] [ 6515] - Field ::XPH//div[@id='divGLMappingAccounts']//td[@class="dlg_Rowalt"][1]/a[1]
[INFO ][2016-01-13 14:28:39,660][com.java.TestType] [ 6136] - value = 
[INFO ][2016-01-13 14:28:40,661][com.java.TestType] [ 6652] - BEFORE CLICK
[INFO ][2016-01-13 14:28:44,320][com.java.TestType] [ 6660] - Unable to click the object GL A/C
[INFO ][2016-01-13 14:28:44,320][com.java.SeleniumDriver] [  930] -  RESULT true
[INFO ][2016-01-13 14:28:44,320][com.java.SeleniumDriver] [ 1136] - ?   P A S S   ?
[INFO ][2016-01-13 14:28:44,320][com.java.SeleniumDriver] [  856] - ------------------------------------------
[INFO ][2016-01-13 14:28:44,320][com.java.SeleniumDriver] [  857] - Test case being Executed: 21
[INFO ][2016-01-13 14:28:44,320][com.java.SeleniumDriver] [  869] - Test step:7
[INFO ][2016-01-13 14:28:44,320][com.java.SeleniumDriver] [  881] - Datavalue is----------20
[INFO ][2016-01-13 14:28:44,320][com.java.SeleniumDriver] [  905] - DataField : XPH//span[contains(text(),'GL Account Mapping')]
[INFO ][2016-01-13 14:28:44,320][com.java.SeleniumDriver] [  907] - DataValue : 20
[INFO ][2016-01-13 14:28:44,320][com.java.SeleniumDriver] [  913] - <In Set values of the page>
[INFO ][2016-01-13 14:28:44,321][com.java.SeleniumDriver] [  916] - {Data Fields & Data Values Exist}
[INFO ][2016-01-13 14:28:44,321][com.java.SeleniumDriver] [  918] - --------------------------setting values-----------------------------
[INFO ][2016-01-13 14:28:44,321][com.java.SeleniumDriver] [  921] - Action Type : WAITFORELEMENT
[INFO ][2016-01-13 14:28:44,356][com.java.SeleniumDriver] [  930] -  RESULT true
[INFO ][2016-01-13 14:28:44,356][com.java.SeleniumDriver] [ 1136] - ?   P A S S   ?
[INFO ][2016-01-13 14:28:44,356][com.java.SeleniumDriver] [  856] - ------------------------------------------
[INFO ][2016-01-13 14:28:44,356][com.java.SeleniumDriver] [  857] - Test case being Executed: 21
[INFO ][2016-01-13 14:28:44,356][com.java.SeleniumDriver] [  869] - Test step:8
[INFO ][2016-01-13 14:28:44,356][com.java.SeleniumDriver] [  881] - Datavalue is----------10
[INFO ][2016-01-13 14:28:44,357][com.java.SeleniumDriver] [  905] - DataField : BTNframeDialogContent
[INFO ][2016-01-13 14:28:44,357][com.java.SeleniumDriver] [  907] - DataValue : 10
[INFO ][2016-01-13 14:28:44,357][com.java.SeleniumDriver] [  913] - <In Set values of the page>
[INFO ][2016-01-13 14:28:44,357][com.java.SeleniumDriver] [  916] - {Data Fields & Data Values Exist}
[INFO ][2016-01-13 14:28:44,357][com.java.SeleniumDriver] [  918] - --------------------------setting values-----------------------------
[INFO ][2016-01-13 14:28:44,357][com.java.SeleniumDriver] [  921] - Action Type : WAITFORELEMENT
[INFO ][2016-01-13 14:28:46,417][com.java.SeleniumDriver] [  930] -  RESULT true
[INFO ][2016-01-13 14:28:46,417][com.java.SeleniumDriver] [ 1136] - ?   P A S S   ?
[INFO ][2016-01-13 14:28:46,417][com.java.SeleniumDriver] [  856] - ------------------------------------------
[INFO ][2016-01-13 14:28:46,417][com.java.SeleniumDriver] [  857] - Test case being Executed: 21
[INFO ][2016-01-13 14:28:46,417][com.java.SeleniumDriver] [  869] - Test step:9
[INFO ][2016-01-13 14:28:46,417][com.java.SeleniumDriver] [  881] - Datavalue is----------GL Account Mapping
[INFO ][2016-01-13 14:28:46,417][com.java.SeleniumDriver] [  905] - DataField : XPH//span[contains(text(),'GL Account Mapping')]
[INFO ][2016-01-13 14:28:46,417][com.java.SeleniumDriver] [  907] - DataValue : GL Account Mapping
[INFO ][2016-01-13 14:28:46,417][com.java.SeleniumDriver] [  913] - <In Set values of the page>
[INFO ][2016-01-13 14:28:46,417][com.java.SeleniumDriver] [  916] - {Data Fields & Data Values Exist}
[INFO ][2016-01-13 14:28:46,417][com.java.SeleniumDriver] [  918] - --------------------------setting values-----------------------------
[INFO ][2016-01-13 14:28:46,418][com.java.SeleniumDriver] [  921] - Action Type : VERIFY
[INFO ][2016-01-13 14:28:46,418][com.java.TestType] [ 7635] - field= XPH//span[contains(text(),'GL Account Mapping')] value= GL Account Mapping
[INFO ][2016-01-13 14:28:46,418][com.java.TestType] [ 6136] - value = GL Account Mapping
[INFO ][2016-01-13 14:28:46,534][com.java.SeleniumDriver] [  930] -  RESULT true
[INFO ][2016-01-13 14:28:46,534][com.java.SeleniumDriver] [ 1136] - ?   P A S S   ?
[INFO ][2016-01-13 14:28:46,534][com.java.SeleniumDriver] [  856] - ------------------------------------------
[INFO ][2016-01-13 14:28:46,534][com.java.SeleniumDriver] [  857] - Test case being Executed: 21
[INFO ][2016-01-13 14:28:46,534][com.java.SeleniumDriver] [  869] - Test step:10
[INFO ][2016-01-13 14:28:46,534][com.java.SeleniumDriver] [  881] - Datavalue is----------null
[DEBUG][2016-01-13 14:28:46,534][com.java.SeleniumDriver] [  899] - Exception: null
[INFO ][2016-01-13 14:28:46,534][com.java.SeleniumDriver] [  905] - DataField : BTNframeDialogContent
[INFO ][2016-01-13 14:28:46,534][com.java.SeleniumDriver] [  907] - DataValue : 
[INFO ][2016-01-13 14:28:46,534][com.java.SeleniumDriver] [  913] - <In Set values of the page>
[INFO ][2016-01-13 14:28:46,534][com.java.SeleniumDriver] [  916] - {Data Fields & Data Values Exist}
[INFO ][2016-01-13 14:28:46,534][com.java.SeleniumDriver] [  918] - --------------------------setting values-----------------------------
[INFO ][2016-01-13 14:28:46,534][com.java.SeleniumDriver] [  921] - Action Type : SELECTFRAME
[INFO ][2016-01-13 14:28:48,616][com.java.SeleniumDriver] [  930] -  RESULT true
[INFO ][2016-01-13 14:28:48,616][com.java.SeleniumDriver] [ 1136] - ?   P A S S   ?
[INFO ][2016-01-13 14:28:48,616][com.java.SeleniumDriver] [  856] - ------------------------------------------
[INFO ][2016-01-13 14:28:48,616][com.java.SeleniumDriver] [  857] - Test case being Executed: 21
[INFO ][2016-01-13 14:28:48,616][com.java.SeleniumDriver] [  869] - Test step:11
[INFO ][2016-01-13 14:28:48,616][com.java.SeleniumDriver] [  881] - Datavalue is----------Assets
[INFO ][2016-01-13 14:28:48,616][com.java.SeleniumDriver] [  905] - DataField : XPH//div[@id="dynatreeDiv"]//a[@class="dynatree-title"][1]
[INFO ][2016-01-13 14:28:48,616][com.java.SeleniumDriver] [  907] - DataValue : Assets
[INFO ][2016-01-13 14:28:48,616][com.java.SeleniumDriver] [  913] - <In Set values of the page>
[INFO ][2016-01-13 14:28:48,616][com.java.SeleniumDriver] [  916] - {Data Fields & Data Values Exist}
[INFO ][2016-01-13 14:28:48,617][com.java.SeleniumDriver] [  918] - --------------------------setting values-----------------------------
[INFO ][2016-01-13 14:28:48,617][com.java.SeleniumDriver] [  921] - Action Type : STOREVALUE
[INFO ][2016-01-13 14:28:48,617][com.java.TestType] [ 9057] - field= XPH//div[@id="dynatreeDiv"]//a[@class="dynatree-title"][1]
[DEBUG][2016-01-13 14:28:48,690][com.java.TestType] [ 9112] - Key:: Assets   Value:: Assets
[INFO ][2016-01-13 14:28:48,690][com.java.SeleniumDriver] [  930] -  RESULT true
[INFO ][2016-01-13 14:28:48,690][com.java.SeleniumDriver] [ 1136] - ?   P A S S   ?
[INFO ][2016-01-13 14:28:48,690][com.java.SeleniumDriver] [  856] - ------------------------------------------
[INFO ][2016-01-13 14:28:48,690][com.java.SeleniumDriver] [  857] - Test case being Executed: 21
[INFO ][2016-01-13 14:28:48,690][com.java.SeleniumDriver] [  869] - Test step:12
[INFO ][2016-01-13 14:28:48,690][com.java.SeleniumDriver] [  881] - Datavalue is----------Assets::dynatree-exp-e
[INFO ][2016-01-13 14:28:48,690][com.java.SeleniumDriver] [  905] - DataField : XPH//a[contains(text(),'mytext')]/parent::span
[INFO ][2016-01-13 14:28:48,690][com.java.SeleniumDriver] [  907] - DataValue : Assets::dynatree-exp-e
[INFO ][2016-01-13 14:28:48,691][com.java.SeleniumDriver] [  913] - <In Set values of the page>
[INFO ][2016-01-13 14:28:48,691][com.java.SeleniumDriver] [  916] - {Data Fields & Data Values Exist}
[INFO ][2016-01-13 14:28:48,691][com.java.SeleniumDriver] [  918] - --------------------------setting values-----------------------------
[INFO ][2016-01-13 14:28:48,691][com.java.SeleniumDriver] [  921] - Action Type : VERIFY
[INFO ][2016-01-13 14:28:48,691][com.java.TestType] [ 7635] - field= XPH//a[contains(text(),'mytext')]/parent::span value= Assets::dynatree-exp-e
[INFO ][2016-01-13 14:28:48,691][com.java.TestType] [ 6136] - value = Assets::dynatree-exp-e
[ERROR][2016-01-13 14:29:09,158][com.java.TestType] [ 8143] - Element  not found ://a[contains(text(),'mytext')]/parent::span
[INFO ][2016-01-13 14:29:09,158][com.java.SeleniumDriver] [  930] -  RESULT false
[INFO ][2016-01-13 14:29:09,158][com.java.SeleniumDriver] [  977] - ?   F A I L   ?
[INFO ][2016-01-13 14:29:09,158][com.java.SeleniumDriver] [  985] - Browser Type : IE10
[INFO ][2016-01-13 14:29:09,158][com.java.SeleniumDriver] [  986] - Adding Failed case21
[DEBUG][2016-01-13 14:29:09,571][com.java.SeleniumDriver] [ 1054] -  tdd.getCondition() IF:14:Next
[INFO ][2016-01-13 14:29:09,571][com.java.SeleniumDriver] [ 1058] - Continue next step...
[INFO ][2016-01-13 14:29:09,571][com.java.SeleniumDriver] [  856] - ------------------------------------------
[INFO ][2016-01-13 14:29:09,571][com.java.SeleniumDriver] [  857] - Test case being Executed: 21
[INFO ][2016-01-13 14:29:09,571][com.java.SeleniumDriver] [  869] - Test step:13
[INFO ][2016-01-13 14:29:09,571][com.java.SeleniumDriver] [  881] - Datavalue is----------HMVAssets
[INFO ][2016-01-13 14:29:09,571][com.java.SeleniumDriver] [  905] - DataField : FCV//a
[INFO ][2016-01-13 14:29:09,571][com.java.SeleniumDriver] [  907] - DataValue : HMVAssets
[INFO ][2016-01-13 14:29:09,571][com.java.SeleniumDriver] [  913] - <In Set values of the page>
[INFO ][2016-01-13 14:29:09,571][com.java.SeleniumDriver] [  916] - {Data Fields & Data Values Exist}
[INFO ][2016-01-13 14:29:09,572][com.java.SeleniumDriver] [  918] - --------------------------setting values-----------------------------
[INFO ][2016-01-13 14:29:09,572][com.java.SeleniumDriver] [  921] - Action Type : CLICK
[INFO ][2016-01-13 14:29:09,572][com.java.TestType] [ 6515] - Field ::FCV//a
[INFO ][2016-01-13 14:29:09,572][com.java.TestType] [ 6136] - value = Assets
[INFO ][2016-01-13 14:29:10,572][com.java.TestType] [ 6533] - BEFORE CLICK on //a[contains(text(),'Assets')]
[INFO ][2016-01-13 14:29:10,743][com.java.SeleniumDriver] [  930] -  RESULT true
[INFO ][2016-01-13 14:29:10,743][com.java.SeleniumDriver] [ 1136] - ?   P A S S   ?
[INFO ][2016-01-13 14:29:10,743][com.java.SeleniumDriver] [  856] - ------------------------------------------
[INFO ][2016-01-13 14:29:10,743][com.java.SeleniumDriver] [  857] - Test case being Executed: 21
[INFO ][2016-01-13 14:29:10,743][com.java.SeleniumDriver] [  869] - Test step:14
[INFO ][2016-01-13 14:29:10,743][com.java.SeleniumDriver] [  881] - Datavalue is----------Assetschild
[INFO ][2016-01-13 14:29:10,743][com.java.SeleniumDriver] [  905] - DataField : XPH//div[@id="dynatreeDiv"]//li[1]//ul[1]//a[@class="dynatree-title"]
[INFO ][2016-01-13 14:29:10,743][com.java.SeleniumDriver] [  907] - DataValue : Assetschild
[INFO ][2016-01-13 14:29:10,743][com.java.SeleniumDriver] [  913] - <In Set values of the page>
[INFO ][2016-01-13 14:29:10,743][com.java.SeleniumDriver] [  916] - {Data Fields & Data Values Exist}
[INFO ][2016-01-13 14:29:10,743][com.java.SeleniumDriver] [  918] - --------------------------setting values-----------------------------
[INFO ][2016-01-13 14:29:10,743][com.java.SeleniumDriver] [  921] - Action Type : STOREVALUE
[INFO ][2016-01-13 14:29:10,744][com.java.TestType] [ 9057] - field= XPH//div[@id="dynatreeDiv"]//li[1]//ul[1]//a[@class="dynatree-title"]
[DEBUG][2016-01-13 14:29:10,806][com.java.TestType] [ 9112] - Key:: Assetschild   Value:: 
[INFO ][2016-01-13 14:29:10,807][com.java.SeleniumDriver] [  930] -  RESULT true
[INFO ][2016-01-13 14:29:10,807][com.java.SeleniumDriver] [ 1136] - ?   P A S S   ?
[INFO ][2016-01-13 14:29:10,807][com.java.SeleniumDriver] [  856] - ------------------------------------------
[INFO ][2016-01-13 14:29:10,807][com.java.SeleniumDriver] [  857] - Test case being Executed: 21
[INFO ][2016-01-13 14:29:10,807][com.java.SeleniumDriver] [  869] - Test step:15
[INFO ][2016-01-13 14:29:10,807][com.java.SeleniumDriver] [  881] - Datavalue is----------Assetschild::dynatree-exp-e
[INFO ][2016-01-13 14:29:10,807][com.java.SeleniumDriver] [  905] - DataField : XPH//a[contains(text(),'mytext')]/parent::span
[INFO ][2016-01-13 14:29:10,807][com.java.SeleniumDriver] [  907] - DataValue : Assetschild::dynatree-exp-e
[INFO ][2016-01-13 14:29:10,807][com.java.SeleniumDriver] [  913] - <In Set values of the page>
[INFO ][2016-01-13 14:29:10,807][com.java.SeleniumDriver] [  916] - {Data Fields & Data Values Exist}
[INFO ][2016-01-13 14:29:10,807][com.java.SeleniumDriver] [  918] - --------------------------setting values-----------------------------
[INFO ][2016-01-13 14:29:10,807][com.java.SeleniumDriver] [  921] - Action Type : VERIFY
[INFO ][2016-01-13 14:29:10,807][com.java.TestType] [ 7635] - field= XPH//a[contains(text(),'mytext')]/parent::span value= Assetschild::dynatree-exp-e
[INFO ][2016-01-13 14:29:10,808][com.java.TestType] [ 6136] - value = 
[ERROR][2016-01-13 14:29:31,290][com.java.TestType] [ 8143] - Element  not found ://a[contains(text(),'mytext')]/parent::span
[INFO ][2016-01-13 14:29:31,290][com.java.SeleniumDriver] [  930] -  RESULT false
[INFO ][2016-01-13 14:29:31,290][com.java.SeleniumDriver] [  977] - ?   F A I L   ?
[INFO ][2016-01-13 14:29:31,291][com.java.SeleniumDriver] [  985] - Browser Type : IE10
[INFO ][2016-01-13 14:29:31,291][com.java.SeleniumDriver] [  986] - Adding Failed case21
[DEBUG][2016-01-13 14:29:31,588][com.java.SeleniumDriver] [ 1054] -  tdd.getCondition() IF:17:Next
[INFO ][2016-01-13 14:29:31,590][com.java.SeleniumDriver] [ 1058] - Continue next step...
[INFO ][2016-01-13 14:29:31,590][com.java.SeleniumDriver] [  856] - ------------------------------------------
[INFO ][2016-01-13 14:29:31,590][com.java.SeleniumDriver] [  857] - Test case being Executed: 21
[INFO ][2016-01-13 14:29:31,590][com.java.SeleniumDriver] [  869] - Test step:16
[INFO ][2016-01-13 14:29:31,590][com.java.SeleniumDriver] [  881] - Datavalue is----------HMVAssetschild
[INFO ][2016-01-13 14:29:31,590][com.java.SeleniumDriver] [  905] - DataField : FCV//a
[INFO ][2016-01-13 14:29:31,590][com.java.SeleniumDriver] [  907] - DataValue : HMVAssetschild
[INFO ][2016-01-13 14:29:31,590][com.java.SeleniumDriver] [  913] - <In Set values of the page>
[INFO ][2016-01-13 14:29:31,590][com.java.SeleniumDriver] [  916] - {Data Fields & Data Values Exist}
[INFO ][2016-01-13 14:29:31,590][com.java.SeleniumDriver] [  918] - --------------------------setting values-----------------------------
[INFO ][2016-01-13 14:29:31,590][com.java.SeleniumDriver] [  921] - Action Type : CLICK
[INFO ][2016-01-13 14:29:31,590][com.java.TestType] [ 6515] - Field ::FCV//a
[INFO ][2016-01-13 14:29:31,590][com.java.TestType] [ 6136] - value = 
[INFO ][2016-01-13 14:29:32,590][com.java.TestType] [ 6533] - BEFORE CLICK on //a[contains(text(),'')]
[INFO ][2016-01-13 14:29:32,804][com.java.SeleniumDriver] [  930] -  RESULT true
[INFO ][2016-01-13 14:29:32,804][com.java.SeleniumDriver] [ 1136] - ?   P A S S   ?
[INFO ][2016-01-13 14:29:32,804][com.java.SeleniumDriver] [  856] - ------------------------------------------
[INFO ][2016-01-13 14:29:32,806][com.java.SeleniumDriver] [  857] - Test case being Executed: 21
[INFO ][2016-01-13 14:29:32,806][com.java.SeleniumDriver] [  869] - Test step:17
[INFO ][2016-01-13 14:29:32,806][com.java.SeleniumDriver] [  881] - Datavalue is----------CashTeller
[INFO ][2016-01-13 14:29:32,806][com.java.SeleniumDriver] [  905] - DataField : XPH//div[@id="dynatreeDiv"]//span[contains(@class,'dynatree-active')]
[INFO ][2016-01-13 14:29:32,806][com.java.SeleniumDriver] [  907] - DataValue : CashTeller
[INFO ][2016-01-13 14:29:32,806][com.java.SeleniumDriver] [  913] - <In Set values of the page>
[INFO ][2016-01-13 14:29:32,806][com.java.SeleniumDriver] [  916] - {Data Fields & Data Values Exist}
[INFO ][2016-01-13 14:29:32,806][com.java.SeleniumDriver] [  918] - --------------------------setting values-----------------------------
[INFO ][2016-01-13 14:29:32,806][com.java.SeleniumDriver] [  921] - Action Type : STOREVALUE
[INFO ][2016-01-13 14:29:32,806][com.java.TestType] [ 9057] - field= XPH//div[@id="dynatreeDiv"]//span[contains(@class,'dynatree-active')]
[DEBUG][2016-01-13 14:29:53,296][com.java.TestType] [ 9124] - Error occured while storing the value for:: Cash - Teller
[INFO ][2016-01-13 14:29:53,296][com.java.SeleniumDriver] [  930] -  RESULT false
[INFO ][2016-01-13 14:29:53,296][com.java.SeleniumDriver] [  977] - ?   F A I L   ?
[INFO ][2016-01-13 14:29:53,296][com.java.SeleniumDriver] [  985] - Browser Type : IE10
[INFO ][2016-01-13 14:29:53,296][com.java.SeleniumDriver] [  986] - Adding Failed case21
[INFO ][2016-01-13 14:29:53,632][com.java.SeleniumDriver] [ 1100] - failedCases = 21
[ERROR][2016-01-13 14:29:53,632][com.java.SeleniumDriver] [ 1599] - Platform Errors : Our apologies...::We have encountered an issue with your request.::Our apologies?:We encountered an issue with your request.
[INFO ][2016-01-13 14:29:53,632][com.java.SeleniumDriver] [ 1603] - Length =3
[ERROR][2016-01-13 14:29:53,632][com.java.SeleniumDriver] [ 1606] - Error 0 = Our apologies...
[ERROR][2016-01-13 14:29:53,759][com.java.SeleniumDriver] [ 1606] - Error 1 = We have encountered an issue with your request.
[ERROR][2016-01-13 14:29:53,775][com.java.SeleniumDriver] [ 1606] - Error 2 = Our apologies?:We encountered an issue with your request.
[INFO ][2016-01-13 14:29:53,791][com.java.SeleniumDriver] [ 1617] - strError:
[DEBUG][2016-01-13 14:29:53,808][com.java.SeleniumDriver] [ 1248] - Case found
[DEBUG][2016-01-13 14:29:53,808][com.java.SeleniumDriver] [ 1253] - Incrementing ReportCounters[0]:2
[INFO ][2016-01-13 14:29:53,808][com.java.SeleniumDriver] [ 1272] - The results are-------------------[21, 17, Admin: GL Mapping: Account Mapping: Map G/L Account to Child Group, Fail, 
Test case failed at Step No. :: 17   Error Message ::  Error occured while storing the value for:: Cash - Teller. Screen Shot : D:\BankersDashboard\TestReports\011316\21_011316_142953_IE10.png, Wed Jan 13 14:29:53 IST 2016]
[INFO ][2016-01-13 14:29:53,808][com.java.SeleniumDriver] [ 1276] - End time is-------2 min 39 sec
[INFO ][2016-01-13 14:29:53,808][com.java.SeleniumDriver] [ 1277] - The results are-------------------[21, 17, Admin: GL Mapping: Account Mapping: Map G/L Account to Child Group, Fail, 
Test case failed at Step No. :: 17   Error Message ::  Error occured while storing the value for:: Cash - Teller. Screen Shot : D:\BankersDashboard\TestReports\011316\21_011316_142953_IE10.png, Wed Jan 13 14:29:53 IST 2016]
[DEBUG][2016-01-13 14:29:53,808][com.java.ImportnExport.ExportTestResultsExcel] [  222] - testResultPath = D:\BankersDashboard/TestReports/Test Results_BankersDashBoard_011316_142717_IE10_Any Bank USA.xls
[DEBUG][2016-01-13 14:29:53,808][com.java.ImportnExport.ExportTestResultsExcel] [  223] - browser is------------IE10
[DEBUG][2016-01-13 14:29:53,810][com.java.ImportnExport.ExportTestResultsExcel] [  270] - result.size() = 6
[DEBUG][2016-01-13 14:29:53,810][com.java.ImportnExport.ExportTestResultsExcel] [  274] - No of rows in sheet=2
[DEBUG][2016-01-13 14:29:53,811][com.java.ImportnExport.ExportTestResultsExcel] [  301] - ..in export..21
[DEBUG][2016-01-13 14:29:53,811][com.java.ImportnExport.ExportTestResultsExcel] [  301] - ..in export..Admin: GL Mapping: Account Mapping: Map G/L Account to Child Group
[DEBUG][2016-01-13 14:29:53,811][com.java.ImportnExport.ExportTestResultsExcel] [  301] - ..in export..Fail
[DEBUG][2016-01-13 14:29:53,811][com.java.ImportnExport.ExportTestResultsExcel] [  301] - ..in export..
Test case failed at Step No. :: 17   Error Message ::  Error occured while storing the value for:: Cash - Teller. Screen Shot : D:\BankersDashboard\TestReports\011316\21_011316_142953_IE10.png
[DEBUG][2016-01-13 14:29:53,811][com.java.ImportnExport.ExportTestResultsExcel] [  301] - ..in export..Wed Jan 13 14:29:53 IST 2016
[INFO ][2016-01-13 14:29:53,812][com.java.SeleniumDriver] [ 1337] - out loop:1 size:2 TestCases:[1, 21] testcases:[1, 21]
[INFO ][2016-01-13 14:29:55,812][com.java.SeleniumDriver] [ 1380] - Total Number of Cases:2
[INFO ][2016-01-13 14:29:55,812][com.java.TemplateGenerator] [  302] - Executed:2
[INFO ][2016-01-13 14:29:55,812][com.java.TemplateGenerator] [  303] - Passed:1
[INFO ][2016-01-13 14:29:55,812][com.java.TemplateGenerator] [  304] - Failed:1
[INFO ][2016-01-13 14:29:55,812][com.java.TemplateGenerator] [  305] - Skipeed:0
[INFO ][2016-01-13 14:29:55,812][com.java.TemplateGenerator] [  306] - Application URL:https://clients-xuat.bankersdashboard.com
[INFO ][2016-01-13 14:29:55,812][com.java.TemplateGenerator] [  307] - Start Time:011316_142717
[INFO ][2016-01-13 14:29:55,812][com.java.TemplateGenerator] [  308] -  Creating HTML Report 
[ERROR][2016-01-13 14:29:55,813][com.java.TemplateGenerator] [  409] - Unparseable date: "Wed Jan 13 02:27:17 IST 2016"
[INFO ][2016-01-13 14:29:55,813][com.java.TemplateGenerator] [  654] -  Exporting case :: 1
[INFO ][2016-01-13 14:29:55,813][com.java.TemplateGenerator] [  654] -  Exporting case :: 21
[INFO ][2016-01-13 14:29:55,818][com.java.SeleniumDriver] [ 1429] - End Time:011316_142955
[INFO ][2016-01-13 14:29:55,818][com.java.SeleniumDriver] [ 1432] - Data in Test Execution Details:{1=PASS, 21=FAILTest case failed at Step No. :: 17   Error Message ::  Error occured while storing the value for:: Cash - Teller}
[INFO ][2016-01-13 14:29:55,818][com.java.SeleniumDriver] [ 1433] - Data in Failed Execution Deatils:{}
[INFO ][2016-01-13 14:29:55,818][com.java.SeleniumDriver] [ 1435] - ReportCounter:Total:2 :: PASS: 1 ::FAIL: 1
[INFO ][2016-01-13 14:29:55,818][com.java.SeleniumDriver] [ 1436] - FailedReportCounter:Total:0 :: PASS: 0 ::FAIL: 0
[INFO ][2016-01-13 14:29:55,855][com.java.EmailTestReport] [   63] - Sending report mail details:
[INFO ][2016-01-13 14:29:55,855][com.java.EmailTestReport] [   80] - Excel Report Path:D:\BankersDashboard/TestReports/Test Results_BankersDashBoard_011316_142717_IE10_Any Bank USA.xls
[INFO ][2016-01-13 14:29:55,855][com.java.EmailTestReport] [   81] - HTML Report Path:D:\BankersDashboard//TestReports//Test Results_BankersDashBoard_011316_142717_IE10_Any Bank USA.html
[INFO ][2016-01-13 14:29:55,855][com.java.EmailTestReport] [   82] - smtpHostName:mail01.valuelabs.com
[INFO ][2016-01-13 14:29:55,856][com.java.EmailTestReport] [   83] - Recipient:venkateswararao.gubbala@valuelabs.com;
[INFO ][2016-01-13 14:29:55,856][com.java.EmailTestReport] [   84] - From:venkateswararao.gubbala@valuelabs.com;
[INFO ][2016-01-13 14:29:55,856][com.java.EmailTestReport] [   85] - Subject:Deluxe Corp Bankers Dashboard Automation Test Report - Any Bank USA - IE10
[INFO ][2016-01-13 14:29:55,873][com.java.EmailTestReport] [  143] -  Added venkateswararao.gubbala@valuelabs.com
[INFO ][2016-01-13 14:29:59,247][com.java.SeleniumDriver] [  722] - quitting the browser 
[INFO ][2016-01-13 14:30:01,057][com.java.SeleniumDriver] [  264] - Execution Completed Stopping the thread
