[INFO ][2016-02-01 14:48:05,463][com.java.SeleniumDriver] [  213] - Execute Failed Casesfalse
[INFO ][2016-02-01 14:48:05,463][com.java.SeleniumDriver] [  214] - Browser: IE10
[INFO ][2016-02-01 14:48:05,463][com.java.SeleniumDriver] [  215] - [1, 2, 3]
[INFO ][2016-02-01 14:48:05,463][com.java.SeleniumDriver] [  216] - Total TestCases:3
[INFO ][2016-02-01 14:48:05,463][com.java.SeleniumDriver] [  217] -  Reading Properties from Property File 
[DEBUG][2016-02-01 14:48:05,463][com.java.SeleniumDriver] [  238] - url : https://clients-xuat.bankersdashboard.com
[INFO ][2016-02-01 14:48:05,463][com.java.ImportnExport.ExportTestResultsExcel] [  116] - Time Stamp Mon Feb 01 02:48:05 IST 2016
[INFO ][2016-02-01 14:48:05,463][com.java.ImportnExport.ExportTestResultsExcel] [  175] - OUT FILE : D:\BankersDashboard/TestReports/Test Results_BankersDashBoard_020116_144805_IE10_Bank of North Carolina.xls
[INFO ][2016-02-01 14:48:05,484][com.java.ImportnExport.ExportTestResultsExcel] [  180] - Test Result file is created
[DEBUG][2016-02-01 14:48:05,574][com.java.SeleniumDriver] [  426] - Hub ip address is-------172.17.68.34
[INFO ][2016-02-01 14:48:05,574][com.java.SeleniumDriver] [  452] - Grid URL:http://172.17.68.34:4444/wd/hub
[INFO ][2016-02-01 14:48:05,574][com.java.SeleniumDriver] [  453] - Capability:Capabilities [{platform=ANY, ensureCleanSession=true, ignoreProtectedModeSettings=true, acceptSslCerts=true, ignoreZoomSetting=true, browserName=internet explorer, browserstack.ie.noFlash=true, version=null}]
[ERROR][2016-02-01 14:48:06,884][com.java.SeleniumDriver] [  498] - Unable invoke browser in grid:Could not start a new session. Possible causes are invalid address of the remote server or browser start-up failure.
Build info: version: '2.48.2', revision: '41bccdd', time: '2015-10-09 19:59:12'
System info: host: 'FVTIII438F1D', ip: '172.17.68.34', os.name: 'Windows 7', os.arch: 'x86', os.version: '6.1', java.version: '1.7.0_55'
Driver info: driver.version: SeleniumDriver
[INFO ][2016-02-01 14:48:06,884][com.java.SeleniumDriver] [  500] - Executing on local machine
[INFO ][2016-02-01 14:48:17,158][com.java.SeleniumDriver] [  248] - IE10is opened
[INFO ][2016-02-01 14:48:17,991][com.java.SeleniumDriver] [  756] - Test cases to be executed are: [1, 2, 3]
[INFO ][2016-02-01 14:48:18,012][com.java.ImportnExport.ImportTestDataDetailsExcel] [   49] - test data details path===== D:\BankersDashboard\TestInputs\TestData.xls
[INFO ][2016-02-01 14:48:18,072][com.java.SeleniumDriver] [  856] - ------------------------------------------
[INFO ][2016-02-01 14:48:18,072][com.java.SeleniumDriver] [  857] - Test case being Executed: 1
[INFO ][2016-02-01 14:48:18,072][com.java.SeleniumDriver] [  869] - Test step:1
[INFO ][2016-02-01 14:48:18,072][com.java.SeleniumDriver] [  881] - Datavalue is----------Concept#1:1-14
[INFO ][2016-02-01 14:48:18,072][com.java.SeleniumDriver] [  905] - DataField : test
[INFO ][2016-02-01 14:48:18,072][com.java.SeleniumDriver] [  907] - DataValue : Concept#1:1-14
[INFO ][2016-02-01 14:48:18,072][com.java.SeleniumDriver] [  913] - <In Set values of the page>
[INFO ][2016-02-01 14:48:18,072][com.java.SeleniumDriver] [  916] - {Data Fields & Data Values Exist}
[INFO ][2016-02-01 14:48:18,072][com.java.SeleniumDriver] [  918] - --------------------------setting values-----------------------------
[INFO ][2016-02-01 14:48:18,072][com.java.SeleniumDriver] [  921] - Action Type : ExecuteTestCase
[INFO ][2016-02-01 14:48:18,092][com.java.TestType] [  448] - The Concept sheet name is ---------- Concept
[INFO ][2016-02-01 14:48:18,092][com.java.TestType] [  451] - The Concept ID  is ---------- 1
[DEBUG][2016-02-01 14:48:18,092][com.java.TestType] [  455] - Steps being executted in the Concept are: 1:14
[INFO ][2016-02-01 14:48:18,092][com.java.TestType] [  462] - Test data details path ---------- D:\BankersDashboard\TestInputs\TestData.xls
[INFO ][2016-02-01 14:48:18,112][com.java.TestType] [  493] -  str(1) = 1
[INFO ][2016-02-01 14:48:18,112][com.java.TestType] [  496] - Test case Id is---1
[INFO ][2016-02-01 14:48:18,112][com.java.TestType] [  498] - 1
[INFO ][2016-02-01 14:48:18,112][com.java.TestType] [  493] -  str(2) = 1
[INFO ][2016-02-01 14:48:18,112][com.java.TestType] [  493] -  str(1) = 1
[INFO ][2016-02-01 14:48:18,112][com.java.TestType] [  496] - Test case Id is---1
[INFO ][2016-02-01 14:48:18,112][com.java.TestType] [  498] - 1
[INFO ][2016-02-01 14:48:18,112][com.java.TestType] [  493] -  str(2) = 2
[INFO ][2016-02-01 14:48:18,112][com.java.TestType] [  493] -  str(1) = 1
[INFO ][2016-02-01 14:48:18,112][com.java.TestType] [  496] - Test case Id is---1
[INFO ][2016-02-01 14:48:18,112][com.java.TestType] [  498] - 1
[INFO ][2016-02-01 14:48:18,112][com.java.TestType] [  493] -  str(2) = 3
[INFO ][2016-02-01 14:48:18,122][com.java.TestType] [  493] -  str(1) = 1
[INFO ][2016-02-01 14:48:18,122][com.java.TestType] [  496] - Test case Id is---1
[INFO ][2016-02-01 14:48:18,122][com.java.TestType] [  498] - 1
[INFO ][2016-02-01 14:48:18,122][com.java.TestType] [  493] -  str(2) = 4
[INFO ][2016-02-01 14:48:18,122][com.java.TestType] [  493] -  str(1) = 1
[INFO ][2016-02-01 14:48:18,122][com.java.TestType] [  496] - Test case Id is---1
[INFO ][2016-02-01 14:48:18,122][com.java.TestType] [  498] - 1
[INFO ][2016-02-01 14:48:18,122][com.java.TestType] [  493] -  str(2) = 5
[INFO ][2016-02-01 14:48:18,122][com.java.TestType] [  493] -  str(1) = 1
[INFO ][2016-02-01 14:48:18,122][com.java.TestType] [  496] - Test case Id is---1
[INFO ][2016-02-01 14:48:18,122][com.java.TestType] [  498] - 1
[INFO ][2016-02-01 14:48:18,122][com.java.TestType] [  493] -  str(2) = 6
[INFO ][2016-02-01 14:48:18,122][com.java.TestType] [  493] -  str(1) = 1
[INFO ][2016-02-01 14:48:18,122][com.java.TestType] [  496] - Test case Id is---1
[INFO ][2016-02-01 14:48:18,122][com.java.TestType] [  498] - 1
[INFO ][2016-02-01 14:48:18,122][com.java.TestType] [  493] -  str(2) = 7
[INFO ][2016-02-01 14:48:18,122][com.java.TestType] [  493] -  str(1) = 1
[INFO ][2016-02-01 14:48:18,122][com.java.TestType] [  496] - Test case Id is---1
[INFO ][2016-02-01 14:48:18,122][com.java.TestType] [  498] - 1
[INFO ][2016-02-01 14:48:18,122][com.java.TestType] [  493] -  str(2) = 8
[INFO ][2016-02-01 14:48:18,122][com.java.TestType] [  493] -  str(1) = 1
[INFO ][2016-02-01 14:48:18,122][com.java.TestType] [  496] - Test case Id is---1
[INFO ][2016-02-01 14:48:18,122][com.java.TestType] [  498] - 1
[INFO ][2016-02-01 14:48:18,122][com.java.TestType] [  493] -  str(2) = 9
[INFO ][2016-02-01 14:48:18,122][com.java.TestType] [  493] -  str(1) = 1
[INFO ][2016-02-01 14:48:18,122][com.java.TestType] [  496] - Test case Id is---1
[INFO ][2016-02-01 14:48:18,122][com.java.TestType] [  498] - 1
[INFO ][2016-02-01 14:48:18,132][com.java.TestType] [  493] -  str(2) = 10
[INFO ][2016-02-01 14:48:18,132][com.java.TestType] [  493] -  str(1) = 1
[INFO ][2016-02-01 14:48:18,132][com.java.TestType] [  496] - Test case Id is---1
[INFO ][2016-02-01 14:48:18,132][com.java.TestType] [  498] - 1
[INFO ][2016-02-01 14:48:18,132][com.java.TestType] [  493] -  str(2) = 11
[INFO ][2016-02-01 14:48:18,132][com.java.TestType] [  493] -  str(1) = 1
[INFO ][2016-02-01 14:48:18,132][com.java.TestType] [  496] - Test case Id is---1
[INFO ][2016-02-01 14:48:18,132][com.java.TestType] [  498] - 1
[INFO ][2016-02-01 14:48:18,132][com.java.TestType] [  493] -  str(2) = 12
[INFO ][2016-02-01 14:48:18,132][com.java.TestType] [  493] -  str(1) = 1
[INFO ][2016-02-01 14:48:18,132][com.java.TestType] [  496] - Test case Id is---1
[INFO ][2016-02-01 14:48:18,132][com.java.TestType] [  498] - 1
[INFO ][2016-02-01 14:48:18,132][com.java.TestType] [  493] -  str(2) = 13
[INFO ][2016-02-01 14:48:18,132][com.java.TestType] [  493] -  str(1) = 1
[INFO ][2016-02-01 14:48:18,132][com.java.TestType] [  496] - Test case Id is---1
[INFO ][2016-02-01 14:48:18,132][com.java.TestType] [  498] - 1
[INFO ][2016-02-01 14:48:18,132][com.java.TestType] [  493] -  str(2) = 14
[INFO ][2016-02-01 14:48:18,132][com.java.TestType] [11822] - Looping 1TCID = 1
[DEBUG][2016-02-01 14:48:18,132][com.java.TestType] [11863] - Concept ID:1 :: Step being Executed: 1::1
[INFO ][2016-02-01 14:48:18,132][com.java.TestType] [11901] - dataFields : TXTusername
[DEBUG][2016-02-01 14:48:18,132][com.java.TestType] [11907] - <In Set values of the page>
[DEBUG][2016-02-01 14:48:18,132][com.java.TestType] [11912] - {Data Fields & Data Values Exist}
[INFO ][2016-02-01 14:48:18,132][com.java.TestType] [11918] - --------------------------setting values-----------------------------
[INFO ][2016-02-01 14:48:18,132][com.java.TestType] [11921] - Action Type : CLEARANDENTER
[INFO ][2016-02-01 14:48:20,423][com.java.TestType] [ 6556] - value = valuelabs.ie10.33527
[INFO ][2016-02-01 14:48:22,984][com.java.TestType] [11940] -  RESULT true
[INFO ][2016-02-01 14:48:22,984][com.java.TestType] [12057] - ?   P A S S   ?
[DEBUG][2016-02-01 14:48:22,984][com.java.TestType] [11863] - Concept ID:1 :: Step being Executed: 1::2
[INFO ][2016-02-01 14:48:22,984][com.java.TestType] [11901] - dataFields : TXTpassword
[DEBUG][2016-02-01 14:48:22,984][com.java.TestType] [11907] - <In Set values of the page>
[DEBUG][2016-02-01 14:48:22,984][com.java.TestType] [11912] - {Data Fields & Data Values Exist}
[INFO ][2016-02-01 14:48:22,984][com.java.TestType] [11918] - --------------------------setting values-----------------------------
[INFO ][2016-02-01 14:48:22,984][com.java.TestType] [11921] - Action Type : CLEARANDENTER
[INFO ][2016-02-01 14:48:25,235][com.java.TestType] [ 6556] - value = Password1*
[INFO ][2016-02-01 14:48:27,824][com.java.TestType] [11940] -  RESULT true
[INFO ][2016-02-01 14:48:27,824][com.java.TestType] [12057] - ?   P A S S   ?
[DEBUG][2016-02-01 14:48:27,824][com.java.TestType] [11863] - Concept ID:1 :: Step being Executed: 1::3
[ERROR][2016-02-01 14:48:27,824][com.java.TestType] [11896] - Exception: null
[INFO ][2016-02-01 14:48:27,824][com.java.TestType] [11901] - dataFields : XPH//button[@type='submit']
[DEBUG][2016-02-01 14:48:27,824][com.java.TestType] [11907] - <In Set values of the page>
[DEBUG][2016-02-01 14:48:27,824][com.java.TestType] [11912] - {Data Fields & Data Values Exist}
[INFO ][2016-02-01 14:48:27,824][com.java.TestType] [11918] - --------------------------setting values-----------------------------
[INFO ][2016-02-01 14:48:27,824][com.java.TestType] [11921] - Action Type : Click
[INFO ][2016-02-01 14:48:27,824][com.java.TestType] [ 6935] - Field ::XPH//button[@type='submit']
[INFO ][2016-02-01 14:48:27,824][com.java.TestType] [ 6556] - value = 
[INFO ][2016-02-01 14:48:28,824][com.java.TestType] [ 7108] - BEFORE CLICK
[INFO ][2016-02-01 14:48:29,684][com.java.TestType] [ 7116] - Unable to click the object Login
[INFO ][2016-02-01 14:48:29,684][com.java.TestType] [11940] -  RESULT true
[INFO ][2016-02-01 14:48:29,684][com.java.TestType] [12057] - ?   P A S S   ?
[DEBUG][2016-02-01 14:48:29,715][com.java.TestType] [11863] - Concept ID:1 :: Step being Executed: 1::4
[INFO ][2016-02-01 14:48:29,715][com.java.TestType] [11901] - dataFields : LNKLogout
[DEBUG][2016-02-01 14:48:29,715][com.java.TestType] [11907] - <In Set values of the page>
[DEBUG][2016-02-01 14:48:29,715][com.java.TestType] [11912] - {Data Fields & Data Values Exist}
[INFO ][2016-02-01 14:48:29,715][com.java.TestType] [11918] - --------------------------setting values-----------------------------
[INFO ][2016-02-01 14:48:29,715][com.java.TestType] [11921] - Action Type : WaitForElement
[INFO ][2016-02-01 14:48:34,027][com.java.TestType] [11940] -  RESULT true
[INFO ][2016-02-01 14:48:34,027][com.java.TestType] [12057] - ?   P A S S   ?
[DEBUG][2016-02-01 14:48:34,027][com.java.TestType] [11863] - Concept ID:1 :: Step being Executed: 1::13
[INFO ][2016-02-01 14:48:34,027][com.java.TestType] [11901] - dataFields : LNK
[DEBUG][2016-02-01 14:48:34,027][com.java.TestType] [11907] - <In Set values of the page>
[DEBUG][2016-02-01 14:48:34,027][com.java.TestType] [11912] - {Data Fields & Data Values Exist}
[INFO ][2016-02-01 14:48:34,027][com.java.TestType] [11918] - --------------------------setting values-----------------------------
[INFO ][2016-02-01 14:48:34,027][com.java.TestType] [11921] - Action Type : Verify
[INFO ][2016-02-01 14:48:34,028][com.java.TestType] [ 8158] - field= LNK value= Logout
[INFO ][2016-02-01 14:48:34,028][com.java.TestType] [ 6556] - value = Logout
[INFO ][2016-02-01 14:48:34,088][com.java.TestType] [11940] -  RESULT true
[INFO ][2016-02-01 14:48:34,088][com.java.TestType] [12057] - ?   P A S S   ?
[DEBUG][2016-02-01 14:48:34,088][com.java.TestType] [11863] - Concept ID:1 :: Step being Executed: 1::14
[INFO ][2016-02-01 14:48:34,088][com.java.TestType] [11901] - dataFields : BTN
[DEBUG][2016-02-01 14:48:34,088][com.java.TestType] [11907] - <In Set values of the page>
[DEBUG][2016-02-01 14:48:34,088][com.java.TestType] [11912] - {Data Fields & Data Values Exist}
[INFO ][2016-02-01 14:48:34,088][com.java.TestType] [11918] - --------------------------setting values-----------------------------
[INFO ][2016-02-01 14:48:34,088][com.java.TestType] [11921] - Action Type : Verify
[INFO ][2016-02-01 14:48:34,088][com.java.TestType] [ 8158] - field= BTN value= //img[contains(@src,'bdlogo.jpg')]
[INFO ][2016-02-01 14:48:34,088][com.java.TestType] [ 6556] - value = //img[contains(@src,'bdlogo.jpg')]
[INFO ][2016-02-01 14:48:34,168][com.java.TestType] [11940] -  RESULT true
[INFO ][2016-02-01 14:48:34,168][com.java.TestType] [12057] - ?   P A S S   ?
[INFO ][2016-02-01 14:48:34,168][com.java.TestType] [12128] - Looping End......
[INFO ][2016-02-01 14:48:34,171][com.java.SeleniumDriver] [  930] -  RESULT true
[INFO ][2016-02-01 14:48:34,171][com.java.SeleniumDriver] [ 1136] - ?   P A S S   ?
[INFO ][2016-02-01 14:48:34,171][com.java.SeleniumDriver] [  856] - ------------------------------------------
[INFO ][2016-02-01 14:48:34,171][com.java.SeleniumDriver] [  857] - Test case being Executed: 1
[INFO ][2016-02-01 14:48:34,171][com.java.SeleniumDriver] [  869] - Test step:2
[INFO ][2016-02-01 14:48:34,171][com.java.SeleniumDriver] [  881] - Datavalue is----------Concept#2:1-2
[INFO ][2016-02-01 14:48:34,171][com.java.SeleniumDriver] [  905] - DataField : test
[INFO ][2016-02-01 14:48:34,171][com.java.SeleniumDriver] [  907] - DataValue : Concept#2:1-2
[INFO ][2016-02-01 14:48:34,171][com.java.SeleniumDriver] [  913] - <In Set values of the page>
[INFO ][2016-02-01 14:48:34,171][com.java.SeleniumDriver] [  916] - {Data Fields & Data Values Exist}
[INFO ][2016-02-01 14:48:34,171][com.java.SeleniumDriver] [  918] - --------------------------setting values-----------------------------
[INFO ][2016-02-01 14:48:34,171][com.java.SeleniumDriver] [  921] - Action Type : ExecuteTestCase
[INFO ][2016-02-01 14:48:34,171][com.java.TestType] [  448] - The Concept sheet name is ---------- Concept
[INFO ][2016-02-01 14:48:34,171][com.java.TestType] [  451] - The Concept ID  is ---------- 2
[DEBUG][2016-02-01 14:48:34,173][com.java.TestType] [  455] - Steps being executted in the Concept are: 1:2
[INFO ][2016-02-01 14:48:34,173][com.java.TestType] [  462] - Test data details path ---------- D:\BankersDashboard\TestInputs\TestData.xls
[INFO ][2016-02-01 14:48:34,191][com.java.TestType] [  493] -  str(1) = 2
[INFO ][2016-02-01 14:48:34,191][com.java.TestType] [  496] - Test case Id is---2
[INFO ][2016-02-01 14:48:34,191][com.java.TestType] [  498] - 2
[INFO ][2016-02-01 14:48:34,191][com.java.TestType] [  493] -  str(2) = 1
[INFO ][2016-02-01 14:48:34,191][com.java.TestType] [  493] -  str(1) = 2
[INFO ][2016-02-01 14:48:34,193][com.java.TestType] [  496] - Test case Id is---2
[INFO ][2016-02-01 14:48:34,193][com.java.TestType] [  498] - 2
[INFO ][2016-02-01 14:48:34,193][com.java.TestType] [  493] -  str(2) = 2
[INFO ][2016-02-01 14:48:34,193][com.java.TestType] [  493] -  str(1) = 2
[INFO ][2016-02-01 14:48:34,193][com.java.TestType] [  496] - Test case Id is---2
[INFO ][2016-02-01 14:48:34,193][com.java.TestType] [  498] - 2
[INFO ][2016-02-01 14:48:34,193][com.java.TestType] [  493] -  str(2) = 3
[INFO ][2016-02-01 14:48:34,193][com.java.TestType] [11822] - Looping 1TCID = 2
[DEBUG][2016-02-01 14:48:34,193][com.java.TestType] [11863] - Concept ID:2 :: Step being Executed: 2::1
[INFO ][2016-02-01 14:48:34,193][com.java.TestType] [11901] - dataFields : BNK//select[@id='bank']
[DEBUG][2016-02-01 14:48:34,193][com.java.TestType] [11907] - <In Set values of the page>
[DEBUG][2016-02-01 14:48:34,193][com.java.TestType] [11912] - {Data Fields & Data Values Exist}
[INFO ][2016-02-01 14:48:34,193][com.java.TestType] [11918] - --------------------------setting values-----------------------------
[INFO ][2016-02-01 14:48:34,193][com.java.TestType] [11921] - Action Type : Select
[INFO ][2016-02-01 14:48:34,193][com.java.TestType] [ 6556] - value = PFC
[INFO ][2016-02-01 14:48:34,411][com.java.TestType] [11940] -  RESULT true
[INFO ][2016-02-01 14:48:34,411][com.java.TestType] [12057] - ?   P A S S   ?
[DEBUG][2016-02-01 14:48:34,411][com.java.TestType] [11863] - Concept ID:2 :: Step being Executed: 2::2
[INFO ][2016-02-01 14:48:34,411][com.java.TestType] [11901] - dataFields : LNKLogout
[DEBUG][2016-02-01 14:48:34,411][com.java.TestType] [11907] - <In Set values of the page>
[DEBUG][2016-02-01 14:48:34,411][com.java.TestType] [11912] - {Data Fields & Data Values Exist}
[INFO ][2016-02-01 14:48:34,411][com.java.TestType] [11918] - --------------------------setting values-----------------------------
[INFO ][2016-02-01 14:48:34,411][com.java.TestType] [11921] - Action Type : WaitTime
[DEBUG][2016-02-01 14:48:34,411][com.java.TestType] [ 6370] - sleepTime: 5000
[INFO ][2016-02-01 14:48:39,416][com.java.TestType] [11940] -  RESULT true
[INFO ][2016-02-01 14:48:39,416][com.java.TestType] [12057] - ?   P A S S   ?
[INFO ][2016-02-01 14:48:39,416][com.java.TestType] [12128] - Looping End......
[INFO ][2016-02-01 14:48:39,416][com.java.SeleniumDriver] [  930] -  RESULT true
[INFO ][2016-02-01 14:48:39,416][com.java.SeleniumDriver] [ 1136] - ?   P A S S   ?
[INFO ][2016-02-01 14:48:39,416][com.java.SeleniumDriver] [  856] - ------------------------------------------
[INFO ][2016-02-01 14:48:39,416][com.java.SeleniumDriver] [  857] - Test case being Executed: 1
[INFO ][2016-02-01 14:48:39,416][com.java.SeleniumDriver] [  869] - Test step:3
[INFO ][2016-02-01 14:48:39,416][com.java.SeleniumDriver] [  881] - Datavalue is----------2
[INFO ][2016-02-01 14:48:39,416][com.java.SeleniumDriver] [  905] - DataField : XPH//button[contains(text(),'Add Content')]
[INFO ][2016-02-01 14:48:39,416][com.java.SeleniumDriver] [  907] - DataValue : 2
[INFO ][2016-02-01 14:48:39,416][com.java.SeleniumDriver] [  913] - <In Set values of the page>
[INFO ][2016-02-01 14:48:39,416][com.java.SeleniumDriver] [  916] - {Data Fields & Data Values Exist}
[INFO ][2016-02-01 14:48:39,416][com.java.SeleniumDriver] [  918] - --------------------------setting values-----------------------------
[INFO ][2016-02-01 14:48:39,416][com.java.SeleniumDriver] [  921] - Action Type : WAITFORELEMENT
[INFO ][2016-02-01 14:48:39,457][com.java.SeleniumDriver] [  930] -  RESULT true
[INFO ][2016-02-01 14:48:39,457][com.java.SeleniumDriver] [ 1136] - ?   P A S S   ?
[DEBUG][2016-02-01 14:48:39,457][com.java.SeleniumDriver] [ 1248] - Case found
[DEBUG][2016-02-01 14:48:39,457][com.java.SeleniumDriver] [ 1253] - Incrementing ReportCounters[0]:1
[INFO ][2016-02-01 14:48:39,457][com.java.SeleniumDriver] [ 1272] - The results are-------------------[1, 1, Valid Login, Pass, , Mon Feb 01 14:48:34 IST 2016, 1, 2, Valid Login, Pass, , Mon Feb 01 14:48:39 IST 2016, 1, 3, Valid Login, Pass, , Mon Feb 01 14:48:39 IST 2016]
[INFO ][2016-02-01 14:48:39,457][com.java.SeleniumDriver] [ 1276] - End time is-------36 sec
[INFO ][2016-02-01 14:48:39,457][com.java.SeleniumDriver] [ 1277] - The results are-------------------[1, 1, Valid Login, Pass, , Mon Feb 01 14:48:34 IST 2016, 1, 2, Valid Login, Pass, , Mon Feb 01 14:48:39 IST 2016, 1, 3, Valid Login, Pass, , Mon Feb 01 14:48:39 IST 2016]
[DEBUG][2016-02-01 14:48:39,457][com.java.ImportnExport.ExportTestResultsExcel] [  222] - testResultPath = D:\BankersDashboard/TestReports/Test Results_BankersDashBoard_020116_144805_IE10_Bank of North Carolina.xls
[DEBUG][2016-02-01 14:48:39,457][com.java.ImportnExport.ExportTestResultsExcel] [  223] - browser is------------IE10
[DEBUG][2016-02-01 14:48:39,497][com.java.ImportnExport.ExportTestResultsExcel] [  270] - result.size() = 18
[DEBUG][2016-02-01 14:48:39,497][com.java.ImportnExport.ExportTestResultsExcel] [  274] - No of rows in sheet=1
[DEBUG][2016-02-01 14:48:39,497][com.java.ImportnExport.ExportTestResultsExcel] [  301] - ..in export..1
[DEBUG][2016-02-01 14:48:39,497][com.java.ImportnExport.ExportTestResultsExcel] [  301] - ..in export..Valid Login
[DEBUG][2016-02-01 14:48:39,497][com.java.ImportnExport.ExportTestResultsExcel] [  301] - ..in export..Pass
[DEBUG][2016-02-01 14:48:39,497][com.java.ImportnExport.ExportTestResultsExcel] [  301] - ..in export..
[DEBUG][2016-02-01 14:48:39,497][com.java.ImportnExport.ExportTestResultsExcel] [  301] - ..in export..Mon Feb 01 14:48:34 IST 2016
[INFO ][2016-02-01 14:48:39,497][com.java.SeleniumDriver] [ 1337] - out loop:0 size:3 TestCases:[1, 2, 3] testcases:[1, 2, 3]
[INFO ][2016-02-01 14:48:39,497][com.java.ImportnExport.ImportTestDataDetailsExcel] [   49] - test data details path===== D:\BankersDashboard\TestInputs\TestData.xls
[INFO ][2016-02-01 14:48:57,770][com.java.SeleniumDriver] [  856] - ------------------------------------------
[INFO ][2016-02-01 14:48:57,770][com.java.SeleniumDriver] [  857] - Test case being Executed: 2
[INFO ][2016-02-01 14:48:57,770][com.java.SeleniumDriver] [  869] - Test step:1
[INFO ][2016-02-01 14:48:57,770][com.java.SeleniumDriver] [  881] - Datavalue is----------dt:Logout
[INFO ][2016-02-01 14:48:57,770][com.java.SeleniumDriver] [  905] - DataField : BTN
[INFO ][2016-02-01 14:48:57,770][com.java.SeleniumDriver] [  907] - DataValue : dt:Logout
[INFO ][2016-02-01 14:48:57,770][com.java.SeleniumDriver] [  913] - <In Set values of the page>
[INFO ][2016-02-01 14:48:57,770][com.java.SeleniumDriver] [  916] - {Data Fields & Data Values Exist}
[INFO ][2016-02-01 14:48:57,770][com.java.SeleniumDriver] [  918] - --------------------------setting values-----------------------------
[INFO ][2016-02-01 14:48:57,770][com.java.SeleniumDriver] [  921] - Action Type : Verify
[INFO ][2016-02-01 14:48:57,770][com.java.TestType] [ 8158] - field= BTN value= dt:Logout
[INFO ][2016-02-01 14:48:57,770][com.java.TestType] [ 6556] - value = btnLogout
[INFO ][2016-02-01 14:49:00,272][com.java.SeleniumDriver] [  930] -  RESULT true
[INFO ][2016-02-01 14:49:00,272][com.java.SeleniumDriver] [ 1136] - ?   P A S S   ?
[INFO ][2016-02-01 14:49:00,272][com.java.SeleniumDriver] [ 1178] - step change to 3
[INFO ][2016-02-01 14:49:00,272][com.java.SeleniumDriver] [  856] - ------------------------------------------
[INFO ][2016-02-01 14:49:00,272][com.java.SeleniumDriver] [  857] - Test case being Executed: 2
[INFO ][2016-02-01 14:49:00,272][com.java.SeleniumDriver] [  869] - Test step:3
[INFO ][2016-02-01 14:49:00,272][com.java.SeleniumDriver] [  881] - Datavalue is----------Concept#2:1-2
[INFO ][2016-02-01 14:49:00,272][com.java.SeleniumDriver] [  905] - DataField : test
[INFO ][2016-02-01 14:49:00,272][com.java.SeleniumDriver] [  907] - DataValue : Concept#2:1-2
[INFO ][2016-02-01 14:49:00,272][com.java.SeleniumDriver] [  913] - <In Set values of the page>
[INFO ][2016-02-01 14:49:00,272][com.java.SeleniumDriver] [  916] - {Data Fields & Data Values Exist}
[INFO ][2016-02-01 14:49:00,272][com.java.SeleniumDriver] [  918] - --------------------------setting values-----------------------------
[INFO ][2016-02-01 14:49:00,272][com.java.SeleniumDriver] [  921] - Action Type : ExecuteTestCase
[INFO ][2016-02-01 14:49:00,272][com.java.TestType] [  448] - The Concept sheet name is ---------- Concept
[INFO ][2016-02-01 14:49:00,272][com.java.TestType] [  451] - The Concept ID  is ---------- 2
[DEBUG][2016-02-01 14:49:00,272][com.java.TestType] [  455] - Steps being executted in the Concept are: 1:2
[INFO ][2016-02-01 14:49:00,272][com.java.TestType] [  462] - Test data details path ---------- D:\BankersDashboard\TestInputs\TestData.xls
[INFO ][2016-02-01 14:49:00,283][com.java.TestType] [  493] -  str(1) = 2
[INFO ][2016-02-01 14:49:00,293][com.java.TestType] [  496] - Test case Id is---2
[INFO ][2016-02-01 14:49:00,293][com.java.TestType] [  498] - 2
[INFO ][2016-02-01 14:49:00,293][com.java.TestType] [  493] -  str(2) = 1
[INFO ][2016-02-01 14:49:00,293][com.java.TestType] [  493] -  str(1) = 2
[INFO ][2016-02-01 14:49:00,293][com.java.TestType] [  496] - Test case Id is---2
[INFO ][2016-02-01 14:49:00,293][com.java.TestType] [  498] - 2
[INFO ][2016-02-01 14:49:00,293][com.java.TestType] [  493] -  str(2) = 2
[INFO ][2016-02-01 14:49:00,293][com.java.TestType] [  493] -  str(1) = 2
[INFO ][2016-02-01 14:49:00,293][com.java.TestType] [  496] - Test case Id is---2
[INFO ][2016-02-01 14:49:00,293][com.java.TestType] [  498] - 2
[INFO ][2016-02-01 14:49:00,293][com.java.TestType] [  493] -  str(2) = 3
[INFO ][2016-02-01 14:49:00,293][com.java.TestType] [11822] - Looping 1TCID = 2
[DEBUG][2016-02-01 14:49:00,293][com.java.TestType] [11863] - Concept ID:2 :: Step being Executed: 2::1
[INFO ][2016-02-01 14:49:00,293][com.java.TestType] [11901] - dataFields : BNK//select[@id='bank']
[DEBUG][2016-02-01 14:49:00,293][com.java.TestType] [11907] - <In Set values of the page>
[DEBUG][2016-02-01 14:49:00,293][com.java.TestType] [11912] - {Data Fields & Data Values Exist}
[INFO ][2016-02-01 14:49:00,293][com.java.TestType] [11918] - --------------------------setting values-----------------------------
[INFO ][2016-02-01 14:49:00,293][com.java.TestType] [11921] - Action Type : Select
[INFO ][2016-02-01 14:49:00,293][com.java.TestType] [ 6556] - value = PFC
[INFO ][2016-02-01 14:49:00,473][com.java.TestType] [11940] -  RESULT true
[INFO ][2016-02-01 14:49:00,473][com.java.TestType] [12057] - ?   P A S S   ?
[DEBUG][2016-02-01 14:49:00,473][com.java.TestType] [11863] - Concept ID:2 :: Step being Executed: 2::2
[INFO ][2016-02-01 14:49:00,473][com.java.TestType] [11901] - dataFields : LNKLogout
[DEBUG][2016-02-01 14:49:00,473][com.java.TestType] [11907] - <In Set values of the page>
[DEBUG][2016-02-01 14:49:00,473][com.java.TestType] [11912] - {Data Fields & Data Values Exist}
[INFO ][2016-02-01 14:49:00,473][com.java.TestType] [11918] - --------------------------setting values-----------------------------
[INFO ][2016-02-01 14:49:00,473][com.java.TestType] [11921] - Action Type : WaitTime
[DEBUG][2016-02-01 14:49:00,473][com.java.TestType] [ 6370] - sleepTime: 5000
[INFO ][2016-02-01 14:49:05,474][com.java.TestType] [11940] -  RESULT true
[INFO ][2016-02-01 14:49:05,474][com.java.TestType] [12057] - ?   P A S S   ?
[INFO ][2016-02-01 14:49:05,474][com.java.TestType] [12128] - Looping End......
[INFO ][2016-02-01 14:49:05,474][com.java.SeleniumDriver] [  930] -  RESULT true
[INFO ][2016-02-01 14:49:05,474][com.java.SeleniumDriver] [ 1136] - ?   P A S S   ?
[INFO ][2016-02-01 14:49:05,474][com.java.SeleniumDriver] [  856] - ------------------------------------------
[INFO ][2016-02-01 14:49:05,474][com.java.SeleniumDriver] [  857] - Test case being Executed: 2
[INFO ][2016-02-01 14:49:05,474][com.java.SeleniumDriver] [  869] - Test step:4
[INFO ][2016-02-01 14:49:05,474][com.java.SeleniumDriver] [  881] - Datavalue is----------null
[DEBUG][2016-02-01 14:49:05,474][com.java.SeleniumDriver] [  899] - Exception: null
[INFO ][2016-02-01 14:49:05,474][com.java.SeleniumDriver] [  905] - DataField : //span[@class='icon-user4']&&//a[text()='Manage Data']&&//a[@data-id="Export"]
[INFO ][2016-02-01 14:49:05,474][com.java.SeleniumDriver] [  907] - DataValue : 
[INFO ][2016-02-01 14:49:05,474][com.java.SeleniumDriver] [  913] - <In Set values of the page>
[INFO ][2016-02-01 14:49:05,474][com.java.SeleniumDriver] [  916] - {Data Fields & Data Values Exist}
[INFO ][2016-02-01 14:49:05,474][com.java.SeleniumDriver] [  918] - --------------------------setting values-----------------------------
[INFO ][2016-02-01 14:49:05,474][com.java.SeleniumDriver] [  921] - Action Type : MOUSEOVER
[INFO ][2016-02-01 14:49:50,124][com.java.SeleniumDriver] [  930] -  RESULT true
[INFO ][2016-02-01 14:49:50,124][com.java.SeleniumDriver] [ 1136] - ?   P A S S   ?
[INFO ][2016-02-01 14:49:50,124][com.java.SeleniumDriver] [  856] - ------------------------------------------
[INFO ][2016-02-01 14:49:50,124][com.java.SeleniumDriver] [  857] - Test case being Executed: 2
[INFO ][2016-02-01 14:49:50,124][com.java.SeleniumDriver] [  869] - Test step:5
[INFO ][2016-02-01 14:49:50,124][com.java.SeleniumDriver] [  881] - Datavalue is----------Export Data
[INFO ][2016-02-01 14:49:50,124][com.java.SeleniumDriver] [  905] - DataField : XPH//span[contains(text(),'Export Data')]
[INFO ][2016-02-01 14:49:50,124][com.java.SeleniumDriver] [  907] - DataValue : Export Data
[INFO ][2016-02-01 14:49:50,124][com.java.SeleniumDriver] [  913] - <In Set values of the page>
[INFO ][2016-02-01 14:49:50,124][com.java.SeleniumDriver] [  916] - {Data Fields & Data Values Exist}
[INFO ][2016-02-01 14:49:50,124][com.java.SeleniumDriver] [  918] - --------------------------setting values-----------------------------
[INFO ][2016-02-01 14:49:50,124][com.java.SeleniumDriver] [  921] - Action Type : VERIFY
[INFO ][2016-02-01 14:49:50,124][com.java.TestType] [ 8158] - field= XPH//span[contains(text(),'Export Data')] value= Export Data
[INFO ][2016-02-01 14:49:50,124][com.java.TestType] [ 6556] - value = Export Data
[INFO ][2016-02-01 14:49:50,275][com.java.SeleniumDriver] [  930] -  RESULT true
[INFO ][2016-02-01 14:49:50,275][com.java.SeleniumDriver] [ 1136] - ?   P A S S   ?
[INFO ][2016-02-01 14:49:50,275][com.java.SeleniumDriver] [  856] - ------------------------------------------
[INFO ][2016-02-01 14:49:50,275][com.java.SeleniumDriver] [  857] - Test case being Executed: 2
[INFO ][2016-02-01 14:49:50,275][com.java.SeleniumDriver] [  869] - Test step:6
[INFO ][2016-02-01 14:49:50,275][com.java.SeleniumDriver] [  881] - Datavalue is----------null
[DEBUG][2016-02-01 14:49:50,275][com.java.SeleniumDriver] [  899] - Exception: null
[INFO ][2016-02-01 14:49:50,275][com.java.SeleniumDriver] [  905] - DataField : BTNframeDialogContent
[INFO ][2016-02-01 14:49:50,275][com.java.SeleniumDriver] [  907] - DataValue : 
[INFO ][2016-02-01 14:49:50,275][com.java.SeleniumDriver] [  913] - <In Set values of the page>
[INFO ][2016-02-01 14:49:50,275][com.java.SeleniumDriver] [  916] - {Data Fields & Data Values Exist}
[INFO ][2016-02-01 14:49:50,275][com.java.SeleniumDriver] [  918] - --------------------------setting values-----------------------------
[INFO ][2016-02-01 14:49:50,275][com.java.SeleniumDriver] [  921] - Action Type : SELECTFRAME
[INFO ][2016-02-01 14:49:51,606][com.java.SeleniumDriver] [  930] -  RESULT true
[INFO ][2016-02-01 14:49:51,606][com.java.SeleniumDriver] [ 1136] - ?   P A S S   ?
[INFO ][2016-02-01 14:49:51,606][com.java.SeleniumDriver] [  856] - ------------------------------------------
[INFO ][2016-02-01 14:49:51,606][com.java.SeleniumDriver] [  857] - Test case being Executed: 2
[INFO ][2016-02-01 14:49:51,606][com.java.SeleniumDriver] [  869] - Test step:7
[INFO ][2016-02-01 14:49:51,606][com.java.SeleniumDriver] [  881] - Datavalue is----------null
[DEBUG][2016-02-01 14:49:51,606][com.java.SeleniumDriver] [  899] - Exception: null
[INFO ][2016-02-01 14:49:51,606][com.java.SeleniumDriver] [  905] - DataField : BTNrdoLedgerAL
[INFO ][2016-02-01 14:49:51,606][com.java.SeleniumDriver] [  907] - DataValue : 
[INFO ][2016-02-01 14:49:51,606][com.java.SeleniumDriver] [  913] - <In Set values of the page>
[INFO ][2016-02-01 14:49:51,606][com.java.SeleniumDriver] [  916] - {Data Fields & Data Values Exist}
[INFO ][2016-02-01 14:49:51,606][com.java.SeleniumDriver] [  918] - --------------------------setting values-----------------------------
[INFO ][2016-02-01 14:49:51,606][com.java.SeleniumDriver] [  921] - Action Type : CLICK
[INFO ][2016-02-01 14:49:51,606][com.java.TestType] [ 6935] - Field ::BTNrdoLedgerAL
[INFO ][2016-02-01 14:49:51,606][com.java.TestType] [ 6556] - value = 
[INFO ][2016-02-01 14:49:52,606][com.java.TestType] [ 7087] - BEFORE CLICK
[INFO ][2016-02-01 14:49:53,837][com.java.TestType] [ 7094] - Unable to click the object A/L button
[INFO ][2016-02-01 14:49:53,837][com.java.SeleniumDriver] [  930] -  RESULT true
[INFO ][2016-02-01 14:49:53,837][com.java.SeleniumDriver] [ 1136] - ?   P A S S   ?
[INFO ][2016-02-01 14:49:53,837][com.java.SeleniumDriver] [  856] - ------------------------------------------
[INFO ][2016-02-01 14:49:53,837][com.java.SeleniumDriver] [  857] - Test case being Executed: 2
[INFO ][2016-02-01 14:49:53,837][com.java.SeleniumDriver] [  869] - Test step:8
[INFO ][2016-02-01 14:49:53,837][com.java.SeleniumDriver] [  881] - Datavalue is----------null
[DEBUG][2016-02-01 14:49:53,837][com.java.SeleniumDriver] [  899] - Exception: null
[INFO ][2016-02-01 14:49:53,837][com.java.SeleniumDriver] [  905] - DataField : BTNnextButton
[INFO ][2016-02-01 14:49:53,837][com.java.SeleniumDriver] [  907] - DataValue : 
[INFO ][2016-02-01 14:49:53,837][com.java.SeleniumDriver] [  913] - <In Set values of the page>
[INFO ][2016-02-01 14:49:53,837][com.java.SeleniumDriver] [  916] - {Data Fields & Data Values Exist}
[INFO ][2016-02-01 14:49:53,837][com.java.SeleniumDriver] [  918] - --------------------------setting values-----------------------------
[INFO ][2016-02-01 14:49:53,837][com.java.SeleniumDriver] [  921] - Action Type : CLICK
[INFO ][2016-02-01 14:49:53,837][com.java.TestType] [ 6935] - Field ::BTNnextButton
[INFO ][2016-02-01 14:49:53,837][com.java.TestType] [ 6556] - value = 
[INFO ][2016-02-01 14:49:54,837][com.java.TestType] [ 7087] - BEFORE CLICK
[INFO ][2016-02-01 14:49:55,988][com.java.TestType] [ 7094] - Unable to click the object NextButton
[INFO ][2016-02-01 14:49:55,988][com.java.SeleniumDriver] [  930] -  RESULT true
[INFO ][2016-02-01 14:49:55,988][com.java.SeleniumDriver] [ 1136] - ?   P A S S   ?
[INFO ][2016-02-01 14:49:55,988][com.java.SeleniumDriver] [  856] - ------------------------------------------
[INFO ][2016-02-01 14:49:55,988][com.java.SeleniumDriver] [  857] - Test case being Executed: 2
[INFO ][2016-02-01 14:49:55,988][com.java.SeleniumDriver] [  869] - Test step:9
[INFO ][2016-02-01 14:49:55,988][com.java.SeleniumDriver] [  881] - Datavalue is----------2
[INFO ][2016-02-01 14:49:55,988][com.java.SeleniumDriver] [  905] - DataField : null
[INFO ][2016-02-01 14:49:55,988][com.java.SeleniumDriver] [  907] - DataValue : 2
[INFO ][2016-02-01 14:49:55,988][com.java.SeleniumDriver] [  913] - <In Set values of the page>
[INFO ][2016-02-01 14:49:55,988][com.java.SeleniumDriver] [  916] - {Data Fields & Data Values Exist}
[INFO ][2016-02-01 14:49:55,988][com.java.SeleniumDriver] [  918] - --------------------------setting values-----------------------------
[INFO ][2016-02-01 14:49:55,988][com.java.SeleniumDriver] [  921] - Action Type : WAITTIME
[DEBUG][2016-02-01 14:49:55,988][com.java.TestType] [ 6370] - sleepTime: 2000
[INFO ][2016-02-01 14:49:57,988][com.java.SeleniumDriver] [  930] -  RESULT true
[INFO ][2016-02-01 14:49:57,988][com.java.SeleniumDriver] [ 1136] - ?   P A S S   ?
[INFO ][2016-02-01 14:49:57,988][com.java.SeleniumDriver] [  856] - ------------------------------------------
[INFO ][2016-02-01 14:49:57,988][com.java.SeleniumDriver] [  857] - Test case being Executed: 2
[INFO ][2016-02-01 14:49:57,988][com.java.SeleniumDriver] [  869] - Test step:10
[INFO ][2016-02-01 14:49:57,988][com.java.SeleniumDriver] [  881] - Datavalue is----------null
[DEBUG][2016-02-01 14:49:57,988][com.java.SeleniumDriver] [  899] - Exception: null
[INFO ][2016-02-01 14:49:57,988][com.java.SeleniumDriver] [  905] - DataField : HDNrdoALLoans
[INFO ][2016-02-01 14:49:57,988][com.java.SeleniumDriver] [  907] - DataValue : 
[INFO ][2016-02-01 14:49:57,988][com.java.SeleniumDriver] [  913] - <In Set values of the page>
[INFO ][2016-02-01 14:49:57,988][com.java.SeleniumDriver] [  916] - {Data Fields & Data Values Exist}
[INFO ][2016-02-01 14:49:57,988][com.java.SeleniumDriver] [  918] - --------------------------setting values-----------------------------
[INFO ][2016-02-01 14:49:57,988][com.java.SeleniumDriver] [  921] - Action Type : CLICK
[INFO ][2016-02-01 14:49:57,988][com.java.TestType] [ 6935] - Field ::HDNrdoALLoans
[INFO ][2016-02-01 14:49:57,988][com.java.TestType] [ 6556] - value = 
[INFO ][2016-02-01 14:50:00,080][com.java.SeleniumDriver] [  930] -  RESULT true
[INFO ][2016-02-01 14:50:00,080][com.java.SeleniumDriver] [ 1136] - ?   P A S S   ?
[INFO ][2016-02-01 14:50:00,080][com.java.SeleniumDriver] [  856] - ------------------------------------------
[INFO ][2016-02-01 14:50:00,080][com.java.SeleniumDriver] [  857] - Test case being Executed: 2
[INFO ][2016-02-01 14:50:00,080][com.java.SeleniumDriver] [  869] - Test step:11
[INFO ][2016-02-01 14:50:00,080][com.java.SeleniumDriver] [  881] - Datavalue is----------null
[DEBUG][2016-02-01 14:50:00,080][com.java.SeleniumDriver] [  899] - Exception: null
[INFO ][2016-02-01 14:50:00,080][com.java.SeleniumDriver] [  905] - DataField : BTNnextButton
[INFO ][2016-02-01 14:50:00,080][com.java.SeleniumDriver] [  907] - DataValue : 
[INFO ][2016-02-01 14:50:00,080][com.java.SeleniumDriver] [  913] - <In Set values of the page>
[INFO ][2016-02-01 14:50:00,080][com.java.SeleniumDriver] [  916] - {Data Fields & Data Values Exist}
[INFO ][2016-02-01 14:50:00,080][com.java.SeleniumDriver] [  918] - --------------------------setting values-----------------------------
[INFO ][2016-02-01 14:50:00,080][com.java.SeleniumDriver] [  921] - Action Type : CLICK
[INFO ][2016-02-01 14:50:00,080][com.java.TestType] [ 6935] - Field ::BTNnextButton
[INFO ][2016-02-01 14:50:00,080][com.java.TestType] [ 6556] - value = 
[INFO ][2016-02-01 14:50:01,080][com.java.TestType] [ 7087] - BEFORE CLICK
[INFO ][2016-02-01 14:50:02,321][com.java.TestType] [ 7094] - Unable to click the object NextButton
[INFO ][2016-02-01 14:50:02,321][com.java.SeleniumDriver] [  930] -  RESULT true
[INFO ][2016-02-01 14:50:02,321][com.java.SeleniumDriver] [ 1136] - ?   P A S S   ?
[INFO ][2016-02-01 14:50:02,321][com.java.SeleniumDriver] [  856] - ------------------------------------------
[INFO ][2016-02-01 14:50:02,321][com.java.SeleniumDriver] [  857] - Test case being Executed: 2
[INFO ][2016-02-01 14:50:02,321][com.java.SeleniumDriver] [  869] - Test step:12
[INFO ][2016-02-01 14:50:02,321][com.java.SeleniumDriver] [  881] - Datavalue is----------null
[DEBUG][2016-02-01 14:50:02,321][com.java.SeleniumDriver] [  899] - Exception: null
[INFO ][2016-02-01 14:50:02,321][com.java.SeleniumDriver] [  905] - DataField : BTNparent
[INFO ][2016-02-01 14:50:02,321][com.java.SeleniumDriver] [  907] - DataValue : 
[INFO ][2016-02-01 14:50:02,321][com.java.SeleniumDriver] [  913] - <In Set values of the page>
[INFO ][2016-02-01 14:50:02,321][com.java.SeleniumDriver] [  916] - {Data Fields & Data Values Exist}
[INFO ][2016-02-01 14:50:02,321][com.java.SeleniumDriver] [  918] - --------------------------setting values-----------------------------
[INFO ][2016-02-01 14:50:02,321][com.java.SeleniumDriver] [  921] - Action Type : SELECTFRAME
[INFO ][2016-02-01 14:50:02,331][com.java.SeleniumDriver] [  930] -  RESULT true
[INFO ][2016-02-01 14:50:02,331][com.java.SeleniumDriver] [ 1136] - ?   P A S S   ?
[INFO ][2016-02-01 14:50:02,331][com.java.SeleniumDriver] [  856] - ------------------------------------------
[INFO ][2016-02-01 14:50:02,331][com.java.SeleniumDriver] [  857] - Test case being Executed: 2
[INFO ][2016-02-01 14:50:02,331][com.java.SeleniumDriver] [  869] - Test step:13
[INFO ][2016-02-01 14:50:02,331][com.java.SeleniumDriver] [  881] - Datavalue is----------2
[INFO ][2016-02-01 14:50:02,331][com.java.SeleniumDriver] [  905] - DataField : XPH//span[contains(text(),'close')]
[INFO ][2016-02-01 14:50:02,331][com.java.SeleniumDriver] [  907] - DataValue : 2
[INFO ][2016-02-01 14:50:02,331][com.java.SeleniumDriver] [  913] - <In Set values of the page>
[INFO ][2016-02-01 14:50:02,331][com.java.SeleniumDriver] [  916] - {Data Fields & Data Values Exist}
[INFO ][2016-02-01 14:50:02,331][com.java.SeleniumDriver] [  918] - --------------------------setting values-----------------------------
[INFO ][2016-02-01 14:50:02,331][com.java.SeleniumDriver] [  921] - Action Type : WAITFORELEMENT
[INFO ][2016-02-01 14:50:02,361][com.java.SeleniumDriver] [  930] -  RESULT true
[INFO ][2016-02-01 14:50:02,361][com.java.SeleniumDriver] [ 1136] - ?   P A S S   ?
[INFO ][2016-02-01 14:50:02,361][com.java.SeleniumDriver] [  856] - ------------------------------------------
[INFO ][2016-02-01 14:50:02,361][com.java.SeleniumDriver] [  857] - Test case being Executed: 2
[INFO ][2016-02-01 14:50:02,361][com.java.SeleniumDriver] [  869] - Test step:14
[INFO ][2016-02-01 14:50:02,361][com.java.SeleniumDriver] [  881] - Datavalue is----------null
[DEBUG][2016-02-01 14:50:02,361][com.java.SeleniumDriver] [  899] - Exception: null
[INFO ][2016-02-01 14:50:02,361][com.java.SeleniumDriver] [  905] - DataField : XPH//span[contains(text(),'close')]
[INFO ][2016-02-01 14:50:02,361][com.java.SeleniumDriver] [  907] - DataValue : 
[INFO ][2016-02-01 14:50:02,361][com.java.SeleniumDriver] [  913] - <In Set values of the page>
[INFO ][2016-02-01 14:50:02,361][com.java.SeleniumDriver] [  916] - {Data Fields & Data Values Exist}
[INFO ][2016-02-01 14:50:02,361][com.java.SeleniumDriver] [  918] - --------------------------setting values-----------------------------
[INFO ][2016-02-01 14:50:02,361][com.java.SeleniumDriver] [  921] - Action Type : CLICK
[INFO ][2016-02-01 14:50:02,361][com.java.TestType] [ 6935] - Field ::XPH//span[contains(text(),'close')]
[INFO ][2016-02-01 14:50:02,361][com.java.TestType] [ 6556] - value = 
[INFO ][2016-02-01 14:50:03,361][com.java.TestType] [ 7108] - BEFORE CLICK
[INFO ][2016-02-01 14:50:04,346][com.java.TestType] [ 7116] - Unable to click the object Close button
[INFO ][2016-02-01 14:50:04,346][com.java.SeleniumDriver] [  930] -  RESULT true
[INFO ][2016-02-01 14:50:04,346][com.java.SeleniumDriver] [ 1136] - ?   P A S S   ?
[INFO ][2016-02-01 14:50:04,346][com.java.SeleniumDriver] [  856] - ------------------------------------------
[INFO ][2016-02-01 14:50:04,346][com.java.SeleniumDriver] [  857] - Test case being Executed: 2
[INFO ][2016-02-01 14:50:04,346][com.java.SeleniumDriver] [  869] - Test step:15
[INFO ][2016-02-01 14:50:04,346][com.java.SeleniumDriver] [  881] - Datavalue is----------3
[INFO ][2016-02-01 14:50:04,346][com.java.SeleniumDriver] [  905] - DataField : XPH//div[contains(text(), 'My Dashboard')]
[INFO ][2016-02-01 14:50:04,346][com.java.SeleniumDriver] [  907] - DataValue : 3
[INFO ][2016-02-01 14:50:04,346][com.java.SeleniumDriver] [  913] - <In Set values of the page>
[INFO ][2016-02-01 14:50:04,346][com.java.SeleniumDriver] [  916] - {Data Fields & Data Values Exist}
[INFO ][2016-02-01 14:50:04,346][com.java.SeleniumDriver] [  918] - --------------------------setting values-----------------------------
[INFO ][2016-02-01 14:50:04,346][com.java.SeleniumDriver] [  921] - Action Type : WAITFORELEMENT
[INFO ][2016-02-01 14:50:04,407][com.java.SeleniumDriver] [  930] -  RESULT true
[INFO ][2016-02-01 14:50:04,407][com.java.SeleniumDriver] [ 1136] - ?   P A S S   ?
[INFO ][2016-02-01 14:50:04,407][com.java.SeleniumDriver] [  856] - ------------------------------------------
[INFO ][2016-02-01 14:50:04,407][com.java.SeleniumDriver] [  857] - Test case being Executed: 2
[INFO ][2016-02-01 14:50:04,407][com.java.SeleniumDriver] [  869] - Test step:16
[INFO ][2016-02-01 14:50:04,407][com.java.SeleniumDriver] [  881] - Datavalue is----------My Dashboard
[INFO ][2016-02-01 14:50:04,407][com.java.SeleniumDriver] [  905] - DataField : XPH//div[contains(text(), 'My Dashboard')]
[INFO ][2016-02-01 14:50:04,407][com.java.SeleniumDriver] [  907] - DataValue : My Dashboard
[INFO ][2016-02-01 14:50:04,407][com.java.SeleniumDriver] [  913] - <In Set values of the page>
[INFO ][2016-02-01 14:50:04,407][com.java.SeleniumDriver] [  916] - {Data Fields & Data Values Exist}
[INFO ][2016-02-01 14:50:04,407][com.java.SeleniumDriver] [  918] - --------------------------setting values-----------------------------
[INFO ][2016-02-01 14:50:04,407][com.java.SeleniumDriver] [  921] - Action Type : VERIFY
[INFO ][2016-02-01 14:50:04,407][com.java.TestType] [ 8158] - field= XPH//div[contains(text(), 'My Dashboard')] value= My Dashboard
[INFO ][2016-02-01 14:50:04,407][com.java.TestType] [ 6556] - value = My Dashboard
[INFO ][2016-02-01 14:50:04,527][com.java.SeleniumDriver] [  930] -  RESULT true
[INFO ][2016-02-01 14:50:04,527][com.java.SeleniumDriver] [ 1136] - ?   P A S S   ?
[INFO ][2016-02-01 14:50:04,527][com.java.SeleniumDriver] [  856] - ------------------------------------------
[INFO ][2016-02-01 14:50:04,527][com.java.SeleniumDriver] [  857] - Test case being Executed: 2
[INFO ][2016-02-01 14:50:04,527][com.java.SeleniumDriver] [  869] - Test step:17
[INFO ][2016-02-01 14:50:04,527][com.java.SeleniumDriver] [  881] - Datavalue is----------null
[DEBUG][2016-02-01 14:50:04,527][com.java.SeleniumDriver] [  899] - Exception: null
[INFO ][2016-02-01 14:50:04,527][com.java.SeleniumDriver] [  905] - DataField : //span[@class="icon-pie"]&&//a[contains(text(),'Summaries')]&&//a[@data-id="NewAndRenewed"]
[INFO ][2016-02-01 14:50:04,527][com.java.SeleniumDriver] [  907] - DataValue : 
[INFO ][2016-02-01 14:50:04,527][com.java.SeleniumDriver] [  913] - <In Set values of the page>
[INFO ][2016-02-01 14:50:04,527][com.java.SeleniumDriver] [  916] - {Data Fields & Data Values Exist}
[INFO ][2016-02-01 14:50:04,527][com.java.SeleniumDriver] [  918] - --------------------------setting values-----------------------------
[INFO ][2016-02-01 14:50:04,527][com.java.SeleniumDriver] [  921] - Action Type : MOUSEOVER
[INFO ][2016-02-01 14:50:49,213][com.java.SeleniumDriver] [  930] -  RESULT true
[INFO ][2016-02-01 14:50:49,213][com.java.SeleniumDriver] [ 1136] - ?   P A S S   ?
[INFO ][2016-02-01 14:50:49,213][com.java.SeleniumDriver] [  856] - ------------------------------------------
[INFO ][2016-02-01 14:50:49,213][com.java.SeleniumDriver] [  857] - Test case being Executed: 2
[INFO ][2016-02-01 14:50:49,213][com.java.SeleniumDriver] [  869] - Test step:18
[INFO ][2016-02-01 14:50:49,213][com.java.SeleniumDriver] [  881] - Datavalue is----------New & Renewed Summary
[INFO ][2016-02-01 14:50:49,213][com.java.SeleniumDriver] [  905] - DataField : XPH//span[contains(text(),'New & Renewed Summary')]
[INFO ][2016-02-01 14:50:49,213][com.java.SeleniumDriver] [  907] - DataValue : New & Renewed Summary
[INFO ][2016-02-01 14:50:49,213][com.java.SeleniumDriver] [  913] - <In Set values of the page>
[INFO ][2016-02-01 14:50:49,213][com.java.SeleniumDriver] [  916] - {Data Fields & Data Values Exist}
[INFO ][2016-02-01 14:50:49,213][com.java.SeleniumDriver] [  918] - --------------------------setting values-----------------------------
[INFO ][2016-02-01 14:50:49,213][com.java.SeleniumDriver] [  921] - Action Type : VERIFY
[INFO ][2016-02-01 14:50:49,213][com.java.TestType] [ 8158] - field= XPH//span[contains(text(),'New & Renewed Summary')] value= New & Renewed Summary
[INFO ][2016-02-01 14:50:49,213][com.java.TestType] [ 6556] - value = New & Renewed Summary
[INFO ][2016-02-01 14:50:49,374][com.java.SeleniumDriver] [  930] -  RESULT true
[INFO ][2016-02-01 14:50:49,374][com.java.SeleniumDriver] [ 1136] - ?   P A S S   ?
[INFO ][2016-02-01 14:50:49,374][com.java.SeleniumDriver] [  856] - ------------------------------------------
[INFO ][2016-02-01 14:50:49,374][com.java.SeleniumDriver] [  857] - Test case being Executed: 2
[INFO ][2016-02-01 14:50:49,374][com.java.SeleniumDriver] [  869] - Test step:19
[INFO ][2016-02-01 14:50:49,374][com.java.SeleniumDriver] [  881] - Datavalue is----------null
[DEBUG][2016-02-01 14:50:49,374][com.java.SeleniumDriver] [  899] - Exception: null
[INFO ][2016-02-01 14:50:49,374][com.java.SeleniumDriver] [  905] - DataField : BTNframeDialogContent
[INFO ][2016-02-01 14:50:49,374][com.java.SeleniumDriver] [  907] - DataValue : 
[INFO ][2016-02-01 14:50:49,374][com.java.SeleniumDriver] [  913] - <In Set values of the page>
[INFO ][2016-02-01 14:50:49,374][com.java.SeleniumDriver] [  916] - {Data Fields & Data Values Exist}
[INFO ][2016-02-01 14:50:49,374][com.java.SeleniumDriver] [  918] - --------------------------setting values-----------------------------
[INFO ][2016-02-01 14:50:49,374][com.java.SeleniumDriver] [  921] - Action Type : SELECTFRAME
[INFO ][2016-02-01 14:50:50,675][com.java.SeleniumDriver] [  930] -  RESULT true
[INFO ][2016-02-01 14:50:50,675][com.java.SeleniumDriver] [ 1136] - ?   P A S S   ?
[INFO ][2016-02-01 14:50:50,675][com.java.SeleniumDriver] [  856] - ------------------------------------------
[INFO ][2016-02-01 14:50:50,675][com.java.SeleniumDriver] [  857] - Test case being Executed: 2
[INFO ][2016-02-01 14:50:50,675][com.java.SeleniumDriver] [  869] - Test step:20
[INFO ][2016-02-01 14:50:50,675][com.java.SeleniumDriver] [  881] - Datavalue is----------null
[DEBUG][2016-02-01 14:50:50,675][com.java.SeleniumDriver] [  899] - Exception: null
[INFO ][2016-02-01 14:50:50,675][com.java.SeleniumDriver] [  905] - DataField : BTNchkBoxShowNonAccrual
[INFO ][2016-02-01 14:50:50,675][com.java.SeleniumDriver] [  907] - DataValue : 
[INFO ][2016-02-01 14:50:50,675][com.java.SeleniumDriver] [  913] - <In Set values of the page>
[INFO ][2016-02-01 14:50:50,675][com.java.SeleniumDriver] [  916] - {Data Fields & Data Values Exist}
[INFO ][2016-02-01 14:50:50,675][com.java.SeleniumDriver] [  918] - --------------------------setting values-----------------------------
[INFO ][2016-02-01 14:50:50,675][com.java.SeleniumDriver] [  921] - Action Type : CLICK
[INFO ][2016-02-01 14:50:50,675][com.java.TestType] [ 6935] - Field ::BTNchkBoxShowNonAccrual
[INFO ][2016-02-01 14:50:50,675][com.java.TestType] [ 6556] - value = 
[INFO ][2016-02-01 14:50:51,675][com.java.TestType] [ 7087] - BEFORE CLICK
[INFO ][2016-02-01 14:50:52,926][com.java.TestType] [ 7094] - Unable to click the object Include nonaccrual loans checkbox
[INFO ][2016-02-01 14:50:52,926][com.java.SeleniumDriver] [  930] -  RESULT true
[INFO ][2016-02-01 14:50:52,926][com.java.SeleniumDriver] [ 1136] - ?   P A S S   ?
[INFO ][2016-02-01 14:50:52,926][com.java.SeleniumDriver] [  856] - ------------------------------------------
[INFO ][2016-02-01 14:50:52,926][com.java.SeleniumDriver] [  857] - Test case being Executed: 2
[INFO ][2016-02-01 14:50:52,926][com.java.SeleniumDriver] [  869] - Test step:21
[INFO ][2016-02-01 14:50:52,926][com.java.SeleniumDriver] [  881] - Datavalue is----------index:2
[INFO ][2016-02-01 14:50:52,926][com.java.SeleniumDriver] [  905] - DataField : COBddlDate
[INFO ][2016-02-01 14:50:52,926][com.java.SeleniumDriver] [  907] - DataValue : index:2
[INFO ][2016-02-01 14:50:52,926][com.java.SeleniumDriver] [  913] - <In Set values of the page>
[INFO ][2016-02-01 14:50:52,926][com.java.SeleniumDriver] [  916] - {Data Fields & Data Values Exist}
[INFO ][2016-02-01 14:50:52,926][com.java.SeleniumDriver] [  918] - --------------------------setting values-----------------------------
[INFO ][2016-02-01 14:50:52,926][com.java.SeleniumDriver] [  921] - Action Type : SELECT
[INFO ][2016-02-01 14:50:52,926][com.java.TestType] [ 6556] - value = 2
[INFO ][2016-02-01 14:50:54,037][com.java.TestType] [ 6674] -  In COB ddlDate : 2
[INFO ][2016-02-01 14:50:54,217][com.java.SeleniumDriver] [  930] -  RESULT true
[INFO ][2016-02-01 14:50:54,217][com.java.SeleniumDriver] [ 1136] - ?   P A S S   ?
[INFO ][2016-02-01 14:50:54,217][com.java.SeleniumDriver] [  856] - ------------------------------------------
[INFO ][2016-02-01 14:50:54,217][com.java.SeleniumDriver] [  857] - Test case being Executed: 2
[INFO ][2016-02-01 14:50:54,217][com.java.SeleniumDriver] [  869] - Test step:22
[INFO ][2016-02-01 14:50:54,217][com.java.SeleniumDriver] [  881] - Datavalue is----------null
[DEBUG][2016-02-01 14:50:54,217][com.java.SeleniumDriver] [  899] - Exception: null
[INFO ][2016-02-01 14:50:54,217][com.java.SeleniumDriver] [  905] - DataField : BTNparent
[INFO ][2016-02-01 14:50:54,217][com.java.SeleniumDriver] [  907] - DataValue : 
[INFO ][2016-02-01 14:50:54,217][com.java.SeleniumDriver] [  913] - <In Set values of the page>
[INFO ][2016-02-01 14:50:54,217][com.java.SeleniumDriver] [  916] - {Data Fields & Data Values Exist}
[INFO ][2016-02-01 14:50:54,217][com.java.SeleniumDriver] [  918] - --------------------------setting values-----------------------------
[INFO ][2016-02-01 14:50:54,217][com.java.SeleniumDriver] [  921] - Action Type : SELECTFRAME
[INFO ][2016-02-01 14:50:54,227][com.java.SeleniumDriver] [  930] -  RESULT true
[INFO ][2016-02-01 14:50:54,227][com.java.SeleniumDriver] [ 1136] - ?   P A S S   ?
[INFO ][2016-02-01 14:50:54,227][com.java.SeleniumDriver] [  856] - ------------------------------------------
[INFO ][2016-02-01 14:50:54,227][com.java.SeleniumDriver] [  857] - Test case being Executed: 2
[INFO ][2016-02-01 14:50:54,227][com.java.SeleniumDriver] [  869] - Test step:23
[INFO ][2016-02-01 14:50:54,227][com.java.SeleniumDriver] [  881] - Datavalue is----------null
[DEBUG][2016-02-01 14:50:54,227][com.java.SeleniumDriver] [  899] - Exception: null
[INFO ][2016-02-01 14:50:54,227][com.java.SeleniumDriver] [  905] - DataField : ENB//span[contains(text(),'Show Report')]
[INFO ][2016-02-01 14:50:54,227][com.java.SeleniumDriver] [  907] - DataValue : 
[INFO ][2016-02-01 14:50:54,227][com.java.SeleniumDriver] [  913] - <In Set values of the page>
[INFO ][2016-02-01 14:50:54,227][com.java.SeleniumDriver] [  916] - {Data Fields & Data Values Exist}
[INFO ][2016-02-01 14:50:54,227][com.java.SeleniumDriver] [  918] - --------------------------setting values-----------------------------
[INFO ][2016-02-01 14:50:54,227][com.java.SeleniumDriver] [  921] - Action Type : CLICK
[INFO ][2016-02-01 14:50:54,227][com.java.TestType] [ 6935] - Field ::ENB//span[contains(text(),'Show Report')]
[INFO ][2016-02-01 14:50:54,227][com.java.TestType] [ 6556] - value = 
[INFO ][2016-02-01 14:50:55,888][com.java.SeleniumDriver] [  930] -  RESULT true
[INFO ][2016-02-01 14:50:55,888][com.java.SeleniumDriver] [ 1136] - ?   P A S S   ?
[INFO ][2016-02-01 14:50:55,888][com.java.SeleniumDriver] [  856] - ------------------------------------------
[INFO ][2016-02-01 14:50:55,888][com.java.SeleniumDriver] [  857] - Test case being Executed: 2
[INFO ][2016-02-01 14:50:55,888][com.java.SeleniumDriver] [  869] - Test step:24
[INFO ][2016-02-01 14:50:55,888][com.java.SeleniumDriver] [  881] - Datavalue is----------3
[INFO ][2016-02-01 14:50:55,888][com.java.SeleniumDriver] [  905] - DataField : XPH//img[@id='loading']
[INFO ][2016-02-01 14:50:55,888][com.java.SeleniumDriver] [  907] - DataValue : 3
[INFO ][2016-02-01 14:50:55,888][com.java.SeleniumDriver] [  913] - <In Set values of the page>
[INFO ][2016-02-01 14:50:55,888][com.java.SeleniumDriver] [  916] - {Data Fields & Data Values Exist}
[INFO ][2016-02-01 14:50:55,888][com.java.SeleniumDriver] [  918] - --------------------------setting values-----------------------------
[INFO ][2016-02-01 14:50:55,888][com.java.SeleniumDriver] [  921] - Action Type : WaitForElement
[INFO ][2016-02-01 14:50:55,985][com.java.SeleniumDriver] [  930] -  RESULT true
[INFO ][2016-02-01 14:50:55,985][com.java.SeleniumDriver] [ 1136] - ?   P A S S   ?
[INFO ][2016-02-01 14:50:55,985][com.java.SeleniumDriver] [  856] - ------------------------------------------
[INFO ][2016-02-01 14:50:55,985][com.java.SeleniumDriver] [  857] - Test case being Executed: 2
[INFO ][2016-02-01 14:50:55,985][com.java.SeleniumDriver] [  869] - Test step:25
[INFO ][2016-02-01 14:50:55,985][com.java.SeleniumDriver] [  881] - Datavalue is----------240
[INFO ][2016-02-01 14:50:55,985][com.java.SeleniumDriver] [  905] - DataField : XPH//img[@id='loading']
[INFO ][2016-02-01 14:50:55,985][com.java.SeleniumDriver] [  907] - DataValue : 240
[INFO ][2016-02-01 14:50:55,985][com.java.SeleniumDriver] [  913] - <In Set values of the page>
[INFO ][2016-02-01 14:50:55,985][com.java.SeleniumDriver] [  916] - {Data Fields & Data Values Exist}
[INFO ][2016-02-01 14:50:55,985][com.java.SeleniumDriver] [  918] - --------------------------setting values-----------------------------
[INFO ][2016-02-01 14:50:55,985][com.java.SeleniumDriver] [  921] - Action Type : waitForElementNotPresent
[INFO ][2016-02-01 14:51:00,421][com.java.SeleniumDriver] [  930] -  RESULT true
[INFO ][2016-02-01 14:51:00,421][com.java.SeleniumDriver] [ 1136] - ?   P A S S   ?
[INFO ][2016-02-01 14:51:00,421][com.java.SeleniumDriver] [  856] - ------------------------------------------
[INFO ][2016-02-01 14:51:00,421][com.java.SeleniumDriver] [  857] - Test case being Executed: 2
[INFO ][2016-02-01 14:51:00,421][com.java.SeleniumDriver] [  869] - Test step:26
[INFO ][2016-02-01 14:51:00,421][com.java.SeleniumDriver] [  881] - Datavalue is----------New & Renewed Summary
[INFO ][2016-02-01 14:51:00,421][com.java.SeleniumDriver] [  905] - DataField : XPH//td[contains(text(),'New & Renewed Summary')]
[INFO ][2016-02-01 14:51:00,421][com.java.SeleniumDriver] [  907] - DataValue : New & Renewed Summary
[INFO ][2016-02-01 14:51:00,421][com.java.SeleniumDriver] [  913] - <In Set values of the page>
[INFO ][2016-02-01 14:51:00,421][com.java.SeleniumDriver] [  916] - {Data Fields & Data Values Exist}
[INFO ][2016-02-01 14:51:00,421][com.java.SeleniumDriver] [  918] - --------------------------setting values-----------------------------
[INFO ][2016-02-01 14:51:00,421][com.java.SeleniumDriver] [  921] - Action Type : VERIFY
[INFO ][2016-02-01 14:51:00,421][com.java.TestType] [ 8158] - field= XPH//td[contains(text(),'New & Renewed Summary')] value= New & Renewed Summary
[INFO ][2016-02-01 14:51:00,421][com.java.TestType] [ 6556] - value = New & Renewed Summary
[INFO ][2016-02-01 14:51:00,542][com.java.SeleniumDriver] [  930] -  RESULT true
[INFO ][2016-02-01 14:51:00,542][com.java.SeleniumDriver] [ 1136] - ?   P A S S   ?
[INFO ][2016-02-01 14:51:00,542][com.java.SeleniumDriver] [  856] - ------------------------------------------
[INFO ][2016-02-01 14:51:00,542][com.java.SeleniumDriver] [  857] - Test case being Executed: 2
[INFO ][2016-02-01 14:51:00,542][com.java.SeleniumDriver] [  869] - Test step:27
[INFO ][2016-02-01 14:51:00,542][com.java.SeleniumDriver] [  881] - Datavalue is----------yield
[INFO ][2016-02-01 14:51:00,542][com.java.SeleniumDriver] [  905] - DataField : BTN//*[@id='Panel-2-0']/map/area[1]::title
[INFO ][2016-02-01 14:51:00,542][com.java.SeleniumDriver] [  907] - DataValue : yield
[INFO ][2016-02-01 14:51:00,542][com.java.SeleniumDriver] [  913] - <In Set values of the page>
[INFO ][2016-02-01 14:51:00,542][com.java.SeleniumDriver] [  916] - {Data Fields & Data Values Exist}
[INFO ][2016-02-01 14:51:00,542][com.java.SeleniumDriver] [  918] - --------------------------setting values-----------------------------
[INFO ][2016-02-01 14:51:00,542][com.java.SeleniumDriver] [  921] - Action Type : STOREATTRIBUTE
[INFO ][2016-02-01 14:51:00,542][com.java.TestType] [10063] - field= BTN//*[@id='Panel-2-0']/map/area[1]::title
[DEBUG][2016-02-01 14:51:00,542][com.java.TestType] [10072] -  field ---- : //*[@id='Panel-2-0']/map/area[1]::title
[DEBUG][2016-02-01 14:51:00,732][com.java.TestType] [10080] - Key:: yield  Value:: 3.829%
[INFO ][2016-02-01 14:51:00,842][com.java.SeleniumDriver] [  930] -  RESULT true
[INFO ][2016-02-01 14:51:00,842][com.java.SeleniumDriver] [ 1136] - ?   P A S S   ?
[INFO ][2016-02-01 14:51:00,842][com.java.SeleniumDriver] [  856] - ------------------------------------------
[INFO ][2016-02-01 14:51:00,842][com.java.SeleniumDriver] [  857] - Test case being Executed: 2
[INFO ][2016-02-01 14:51:00,842][com.java.SeleniumDriver] [  869] - Test step:28
[INFO ][2016-02-01 14:51:00,842][com.java.SeleniumDriver] [  881] - Datavalue is----------HMVyield
[INFO ][2016-02-01 14:51:00,842][com.java.SeleniumDriver] [  905] - DataField : XPH//*[@id='statsTable']/tbody/tr[2]/td[2]
[INFO ][2016-02-01 14:51:00,842][com.java.SeleniumDriver] [  907] - DataValue : HMVyield
[INFO ][2016-02-01 14:51:00,842][com.java.SeleniumDriver] [  913] - <In Set values of the page>
[INFO ][2016-02-01 14:51:00,842][com.java.SeleniumDriver] [  916] - {Data Fields & Data Values Exist}
[INFO ][2016-02-01 14:51:00,842][com.java.SeleniumDriver] [  918] - --------------------------setting values-----------------------------
[INFO ][2016-02-01 14:51:00,842][com.java.SeleniumDriver] [  921] - Action Type : VERIFY
[INFO ][2016-02-01 14:51:00,842][com.java.TestType] [ 8158] - field= XPH//*[@id='statsTable']/tbody/tr[2]/td[2] value= HMVyield
[INFO ][2016-02-01 14:51:00,842][com.java.TestType] [ 6556] - value = 3.829%
[INFO ][2016-02-01 14:51:00,952][com.java.SeleniumDriver] [  930] -  RESULT true
[INFO ][2016-02-01 14:51:00,952][com.java.SeleniumDriver] [ 1136] - ?   P A S S   ?
[INFO ][2016-02-01 14:51:00,952][com.java.SeleniumDriver] [  856] - ------------------------------------------
[INFO ][2016-02-01 14:51:00,952][com.java.SeleniumDriver] [  857] - Test case being Executed: 2
[INFO ][2016-02-01 14:51:00,952][com.java.SeleniumDriver] [  869] - Test step:29
[INFO ][2016-02-01 14:51:00,952][com.java.SeleniumDriver] [  881] - Datavalue is----------null
[DEBUG][2016-02-01 14:51:00,952][com.java.SeleniumDriver] [  899] - Exception: null
[INFO ][2016-02-01 14:51:00,952][com.java.SeleniumDriver] [  905] - DataField : HDN//*[@id='Panel-2-0']/map/area[1]
[INFO ][2016-02-01 14:51:00,952][com.java.SeleniumDriver] [  907] - DataValue : 
[INFO ][2016-02-01 14:51:00,952][com.java.SeleniumDriver] [  913] - <In Set values of the page>
[INFO ][2016-02-01 14:51:00,952][com.java.SeleniumDriver] [  916] - {Data Fields & Data Values Exist}
[INFO ][2016-02-01 14:51:00,952][com.java.SeleniumDriver] [  918] - --------------------------setting values-----------------------------
[INFO ][2016-02-01 14:51:00,952][com.java.SeleniumDriver] [  921] - Action Type : CLICK
[INFO ][2016-02-01 14:51:00,952][com.java.TestType] [ 6935] - Field ::HDN//*[@id='Panel-2-0']/map/area[1]
[INFO ][2016-02-01 14:51:00,952][com.java.TestType] [ 6556] - value = 
[INFO ][2016-02-01 14:51:02,083][com.java.SeleniumDriver] [  930] -  RESULT true
[INFO ][2016-02-01 14:51:02,083][com.java.SeleniumDriver] [ 1136] - ?   P A S S   ?
[INFO ][2016-02-01 14:51:02,083][com.java.SeleniumDriver] [  856] - ------------------------------------------
[INFO ][2016-02-01 14:51:02,083][com.java.SeleniumDriver] [  857] - Test case being Executed: 2
[INFO ][2016-02-01 14:51:02,083][com.java.SeleniumDriver] [  869] - Test step:30
[INFO ][2016-02-01 14:51:02,083][com.java.SeleniumDriver] [  881] - Datavalue is----------10
[INFO ][2016-02-01 14:51:02,083][com.java.SeleniumDriver] [  905] - DataField : null
[INFO ][2016-02-01 14:51:02,083][com.java.SeleniumDriver] [  907] - DataValue : 10
[INFO ][2016-02-01 14:51:02,083][com.java.SeleniumDriver] [  913] - <In Set values of the page>
[INFO ][2016-02-01 14:51:02,083][com.java.SeleniumDriver] [  916] - {Data Fields & Data Values Exist}
[INFO ][2016-02-01 14:51:02,083][com.java.SeleniumDriver] [  918] - --------------------------setting values-----------------------------
[INFO ][2016-02-01 14:51:02,083][com.java.SeleniumDriver] [  921] - Action Type : WAITTIME
[DEBUG][2016-02-01 14:51:02,083][com.java.TestType] [ 6370] - sleepTime: 10000
[INFO ][2016-02-01 14:51:12,086][com.java.SeleniumDriver] [  930] -  RESULT true
[INFO ][2016-02-01 14:51:12,086][com.java.SeleniumDriver] [ 1136] - ?   P A S S   ?
[INFO ][2016-02-01 14:51:12,086][com.java.SeleniumDriver] [  856] - ------------------------------------------
[INFO ][2016-02-01 14:51:12,086][com.java.SeleniumDriver] [  857] - Test case being Executed: 2
[INFO ][2016-02-01 14:51:12,086][com.java.SeleniumDriver] [  869] - Test step:31
[INFO ][2016-02-01 14:51:12,086][com.java.SeleniumDriver] [  881] - Datavalue is----------Monthly Loans - New & Renewed
[INFO ][2016-02-01 14:51:12,086][com.java.SeleniumDriver] [  905] - DataField : XPH//td[contains(text(),'Monthly Loans - New & Renewed')]
[INFO ][2016-02-01 14:51:12,086][com.java.SeleniumDriver] [  907] - DataValue : Monthly Loans - New & Renewed
[INFO ][2016-02-01 14:51:12,086][com.java.SeleniumDriver] [  913] - <In Set values of the page>
[INFO ][2016-02-01 14:51:12,086][com.java.SeleniumDriver] [  916] - {Data Fields & Data Values Exist}
[INFO ][2016-02-01 14:51:12,086][com.java.SeleniumDriver] [  918] - --------------------------setting values-----------------------------
[INFO ][2016-02-01 14:51:12,086][com.java.SeleniumDriver] [  921] - Action Type : VERIFY
[INFO ][2016-02-01 14:51:12,086][com.java.TestType] [ 8158] - field= XPH//td[contains(text(),'Monthly Loans - New & Renewed')] value= Monthly Loans - New & Renewed
[INFO ][2016-02-01 14:51:12,086][com.java.TestType] [ 6556] - value = Monthly Loans - New & Renewed
[INFO ][2016-02-01 14:51:12,417][com.java.SeleniumDriver] [  930] -  RESULT true
[INFO ][2016-02-01 14:51:12,417][com.java.SeleniumDriver] [ 1136] - ?   P A S S   ?
[INFO ][2016-02-01 14:51:12,417][com.java.SeleniumDriver] [  856] - ------------------------------------------
[INFO ][2016-02-01 14:51:12,417][com.java.SeleniumDriver] [  857] - Test case being Executed: 2
[INFO ][2016-02-01 14:51:12,417][com.java.SeleniumDriver] [  869] - Test step:32
[INFO ][2016-02-01 14:51:12,417][com.java.SeleniumDriver] [  881] - Datavalue is----------HMVyield
[INFO ][2016-02-01 14:51:12,417][com.java.SeleniumDriver] [  905] - DataField : XPH//div[@id='usercontent']/div/div[3]/table/tbody/tr[last()-2]/td[3]
[INFO ][2016-02-01 14:51:12,417][com.java.SeleniumDriver] [  907] - DataValue : HMVyield
[INFO ][2016-02-01 14:51:12,417][com.java.SeleniumDriver] [  913] - <In Set values of the page>
[INFO ][2016-02-01 14:51:12,417][com.java.SeleniumDriver] [  916] - {Data Fields & Data Values Exist}
[INFO ][2016-02-01 14:51:12,417][com.java.SeleniumDriver] [  918] - --------------------------setting values-----------------------------
[INFO ][2016-02-01 14:51:12,417][com.java.SeleniumDriver] [  921] - Action Type : VERIFY
[INFO ][2016-02-01 14:51:12,417][com.java.TestType] [ 8158] - field= XPH//div[@id='usercontent']/div/div[3]/table/tbody/tr[last()-2]/td[3] value= HMVyield
[INFO ][2016-02-01 14:51:12,417][com.java.TestType] [ 6556] - value = 3.829%
[ERROR][2016-02-01 14:51:32,497][com.java.TestType] [ 8668] - Element  not found ://div[@id='usercontent']/div/div[3]/table/tbody/tr[last()-2]/td[3]
[INFO ][2016-02-01 14:51:32,497][com.java.SeleniumDriver] [  930] -  RESULT false
[INFO ][2016-02-01 14:51:32,497][com.java.SeleniumDriver] [  977] - ?   F A I L   ?
[INFO ][2016-02-01 14:51:32,497][com.java.SeleniumDriver] [  985] - Browser Type : IE10
[INFO ][2016-02-01 14:51:32,497][com.java.SeleniumDriver] [  986] - Adding Failed case2
[INFO ][2016-02-01 14:51:32,908][com.java.SeleniumDriver] [ 1100] - failedCases = 2
[ERROR][2016-02-01 14:51:32,908][com.java.SeleniumDriver] [ 1599] - Platform Errors : Our apologies...::We have encountered an issue with your request.::Our apologies?:We encountered an issue with your request.
[INFO ][2016-02-01 14:51:32,908][com.java.SeleniumDriver] [ 1603] - Length =3
[ERROR][2016-02-01 14:51:32,908][com.java.SeleniumDriver] [ 1606] - Error 0 = Our apologies...
[ERROR][2016-02-01 14:51:33,138][com.java.SeleniumDriver] [ 1606] - Error 1 = We have encountered an issue with your request.
[ERROR][2016-02-01 14:51:33,228][com.java.SeleniumDriver] [ 1606] - Error 2 = Our apologies?:We encountered an issue with your request.
[INFO ][2016-02-01 14:51:33,338][com.java.SeleniumDriver] [ 1617] - strError:
[DEBUG][2016-02-01 14:51:33,428][com.java.SeleniumDriver] [ 1248] - Case found
[DEBUG][2016-02-01 14:51:33,428][com.java.SeleniumDriver] [ 1253] - Incrementing ReportCounters[0]:2
[INFO ][2016-02-01 14:51:33,428][com.java.SeleniumDriver] [ 1272] - The results are-------------------[2, 32, AL:Summaries:New & Renewed Summary Report, Fail, 
Test case failed at Step No. :: 32   Error Message ::  Element not found://div[@id='usercontent']/div/div[3]/table/tbody/tr[last()-2]/td[3]. Screen Shot : D:\BankersDashboard\TestReports\020116\2_020116_145132_IE10.png, Mon Feb 01 14:51:33 IST 2016]
[INFO ][2016-02-01 14:51:33,428][com.java.SeleniumDriver] [ 1276] - End time is-------3 min 30 sec
[INFO ][2016-02-01 14:51:33,428][com.java.SeleniumDriver] [ 1277] - The results are-------------------[2, 32, AL:Summaries:New & Renewed Summary Report, Fail, 
Test case failed at Step No. :: 32   Error Message ::  Element not found://div[@id='usercontent']/div/div[3]/table/tbody/tr[last()-2]/td[3]. Screen Shot : D:\BankersDashboard\TestReports\020116\2_020116_145132_IE10.png, Mon Feb 01 14:51:33 IST 2016]
[DEBUG][2016-02-01 14:51:33,428][com.java.ImportnExport.ExportTestResultsExcel] [  222] - testResultPath = D:\BankersDashboard/TestReports/Test Results_BankersDashBoard_020116_144805_IE10_Bank of North Carolina.xls
[DEBUG][2016-02-01 14:51:33,428][com.java.ImportnExport.ExportTestResultsExcel] [  223] - browser is------------IE10
[DEBUG][2016-02-01 14:51:33,428][com.java.ImportnExport.ExportTestResultsExcel] [  270] - result.size() = 6
[DEBUG][2016-02-01 14:51:33,428][com.java.ImportnExport.ExportTestResultsExcel] [  274] - No of rows in sheet=2
[DEBUG][2016-02-01 14:51:33,428][com.java.ImportnExport.ExportTestResultsExcel] [  301] - ..in export..2
[DEBUG][2016-02-01 14:51:33,428][com.java.ImportnExport.ExportTestResultsExcel] [  301] - ..in export..AL:Summaries:New & Renewed Summary Report
[DEBUG][2016-02-01 14:51:33,428][com.java.ImportnExport.ExportTestResultsExcel] [  301] - ..in export..Fail
[DEBUG][2016-02-01 14:51:33,428][com.java.ImportnExport.ExportTestResultsExcel] [  301] - ..in export..
Test case failed at Step No. :: 32   Error Message ::  Element not found://div[@id='usercontent']/div/div[3]/table/tbody/tr[last()-2]/td[3]. Screen Shot : D:\BankersDashboard\TestReports\020116\2_020116_145132_IE10.png
[DEBUG][2016-02-01 14:51:33,428][com.java.ImportnExport.ExportTestResultsExcel] [  301] - ..in export..Mon Feb 01 14:51:33 IST 2016
[INFO ][2016-02-01 14:51:33,428][com.java.SeleniumDriver] [ 1337] - out loop:1 size:3 TestCases:[1, 2, 3] testcases:[1, 2, 3]
[INFO ][2016-02-01 14:51:33,428][com.java.ImportnExport.ImportTestDataDetailsExcel] [   49] - test data details path===== D:\BankersDashboard\TestInputs\TestData.xls
