[INFO ][2015-11-03 15:30:56,000][com.java.SeleniumDriver] [  213] - Execute Failed Casesfalse
[INFO ][2015-11-03 15:30:56,000][com.java.SeleniumDriver] [  214] - Browser: IE11
[INFO ][2015-11-03 15:30:56,000][com.java.SeleniumDriver] [  215] - [1, 9]
[INFO ][2015-11-03 15:30:56,000][com.java.SeleniumDriver] [  216] - Total TestCases:2
[INFO ][2015-11-03 15:30:56,000][com.java.SeleniumDriver] [  217] -  Reading Properties from Property File 
[DEBUG][2015-11-03 15:30:56,000][com.java.SeleniumDriver] [  238] - url : https://clients-xuat.bankersdashboard.com
[INFO ][2015-11-03 15:30:56,010][com.java.ImportnExport.ExportTestResultsExcel] [  116] - Time Stamp Tue Nov 03 03:30:55 IST 2015
[INFO ][2015-11-03 15:30:56,010][com.java.ImportnExport.ExportTestResultsExcel] [  175] - OUT FILE : D:\BankersDashboard/TestReports/Test Results_BankersDashBoard_110315_153055_IE11_Any Bank USA.xls
[INFO ][2015-11-03 15:30:56,041][com.java.ImportnExport.ExportTestResultsExcel] [  180] - Test Result file is created
[DEBUG][2015-11-03 15:30:56,141][com.java.SeleniumDriver] [  425] - Hub ip address is-------172.17.68.34
[INFO ][2015-11-03 15:30:56,141][com.java.SeleniumDriver] [  451] - Grid URL:http://172.17.68.34:4444/wd/hub
[INFO ][2015-11-03 15:30:56,141][com.java.SeleniumDriver] [  452] - Capability:Capabilities [{platform=ANY, ensureCleanSession=true, ignoreProtectedModeSettings=true, acceptSslCerts=true, ignoreZoomSetting=true, browserName=internet explorer, browserstack.ie.noFlash=true, version=Node1}]
[ERROR][2015-11-03 15:30:57,421][com.java.SeleniumDriver] [  496] - Unable invoke browser in grid:Could not start a new session. Possible causes are invalid address of the remote server or browser start-up failure.
Build info: version: '2.48.2', revision: '41bccdd', time: '2015-10-09 19:59:12'
System info: host: 'FVTIII438F1D', ip: '172.17.68.34', os.name: 'Windows 7', os.arch: 'x86', os.version: '6.1', java.version: '1.7.0_55'
Driver info: driver.version: SeleniumDriver
[INFO ][2015-11-03 15:30:57,421][com.java.SeleniumDriver] [  498] - Executing on local machine
[INFO ][2015-11-03 15:31:06,675][com.java.SeleniumDriver] [  248] - IE11is opened
[INFO ][2015-11-03 15:31:07,565][com.java.SeleniumDriver] [  752] - Test cases to be executed are: [1, 9]
[INFO ][2015-11-03 15:31:07,565][com.java.ImportnExport.ImportTestDataDetailsExcel] [   49] - test data details path===== D:\BankersDashboard\TestInputs\TestData.xls
[INFO ][2015-11-03 15:31:18,537][com.java.SeleniumDriver] [  788] - ------------------------------------------
[INFO ][2015-11-03 15:31:18,537][com.java.SeleniumDriver] [  789] - Test case being Executed: 1
[INFO ][2015-11-03 15:31:18,538][com.java.SeleniumDriver] [  800] - Test step:1
[INFO ][2015-11-03 15:31:18,538][com.java.SeleniumDriver] [  812] - Datavalue is----------Concept#1:1-14
[INFO ][2015-11-03 15:31:18,538][com.java.SeleniumDriver] [  836] - DataField : test
[INFO ][2015-11-03 15:31:18,538][com.java.SeleniumDriver] [  838] - DataValue : Concept#1:1-14
[INFO ][2015-11-03 15:31:18,538][com.java.SeleniumDriver] [  844] - <In Set values of the page>
[INFO ][2015-11-03 15:31:18,538][com.java.SeleniumDriver] [  847] - {Data Fields & Data Values Exist}
[INFO ][2015-11-03 15:31:18,538][com.java.SeleniumDriver] [  849] - --------------------------setting values-----------------------------
[INFO ][2015-11-03 15:31:18,538][com.java.SeleniumDriver] [  852] - Action Type : ExecuteTestCase
[INFO ][2015-11-03 15:31:18,568][com.java.TestType] [  411] - The Concept sheet name is ---------- Concept
[INFO ][2015-11-03 15:31:18,568][com.java.TestType] [  414] - The Concept ID  is ---------- 1
[DEBUG][2015-11-03 15:31:18,568][com.java.TestType] [  418] - Steps being executted in the Concept are: 1:14
[INFO ][2015-11-03 15:31:18,568][com.java.TestType] [  425] - Test data details path ---------- D:\BankersDashboard\TestInputs\TestData.xls
[INFO ][2015-11-03 15:31:18,598][com.java.TestType] [  456] -  str(1) = 1
[INFO ][2015-11-03 15:31:18,598][com.java.TestType] [  459] - Test case Id is---1
[INFO ][2015-11-03 15:31:18,598][com.java.TestType] [  461] - 1
[INFO ][2015-11-03 15:31:18,598][com.java.TestType] [  456] -  str(2) = 1
[INFO ][2015-11-03 15:31:18,598][com.java.TestType] [  508] - row values are--------{1=com.java.Objects.TestDataDetails@142eb69}
[INFO ][2015-11-03 15:31:18,598][com.java.TestType] [  456] -  str(1) = 1
[INFO ][2015-11-03 15:31:18,598][com.java.TestType] [  459] - Test case Id is---1
[INFO ][2015-11-03 15:31:18,598][com.java.TestType] [  461] - 1
[INFO ][2015-11-03 15:31:18,598][com.java.TestType] [  456] -  str(2) = 2
[INFO ][2015-11-03 15:31:18,608][com.java.TestType] [  508] - row values are--------{1=com.java.Objects.TestDataDetails@142eb69, 2=com.java.Objects.TestDataDetails@111c0d7}
[INFO ][2015-11-03 15:31:18,608][com.java.TestType] [  456] -  str(1) = 1
[INFO ][2015-11-03 15:31:18,608][com.java.TestType] [  459] - Test case Id is---1
[INFO ][2015-11-03 15:31:18,608][com.java.TestType] [  461] - 1
[INFO ][2015-11-03 15:31:18,608][com.java.TestType] [  456] -  str(2) = 3
[INFO ][2015-11-03 15:31:18,608][com.java.TestType] [  508] - row values are--------{1=com.java.Objects.TestDataDetails@142eb69, 2=com.java.Objects.TestDataDetails@111c0d7, 3=com.java.Objects.TestDataDetails@dc8a29}
[INFO ][2015-11-03 15:31:18,608][com.java.TestType] [  456] -  str(1) = 1
[INFO ][2015-11-03 15:31:18,608][com.java.TestType] [  459] - Test case Id is---1
[INFO ][2015-11-03 15:31:18,608][com.java.TestType] [  461] - 1
[INFO ][2015-11-03 15:31:18,608][com.java.TestType] [  456] -  str(2) = 4
[INFO ][2015-11-03 15:31:18,608][com.java.TestType] [  508] - row values are--------{1=com.java.Objects.TestDataDetails@142eb69, 2=com.java.Objects.TestDataDetails@111c0d7, 3=com.java.Objects.TestDataDetails@dc8a29, 4=com.java.Objects.TestDataDetails@1192410}
[INFO ][2015-11-03 15:31:18,608][com.java.TestType] [  456] -  str(1) = 1
[INFO ][2015-11-03 15:31:18,608][com.java.TestType] [  459] - Test case Id is---1
[INFO ][2015-11-03 15:31:18,608][com.java.TestType] [  461] - 1
[INFO ][2015-11-03 15:31:18,608][com.java.TestType] [  456] -  str(2) = 5
[INFO ][2015-11-03 15:31:18,608][com.java.TestType] [  508] - row values are--------{1=com.java.Objects.TestDataDetails@142eb69, 2=com.java.Objects.TestDataDetails@111c0d7, 3=com.java.Objects.TestDataDetails@dc8a29, 4=com.java.Objects.TestDataDetails@1192410, 5=com.java.Objects.TestDataDetails@1eeb332}
[INFO ][2015-11-03 15:31:18,608][com.java.TestType] [  456] -  str(1) = 1
[INFO ][2015-11-03 15:31:18,608][com.java.TestType] [  459] - Test case Id is---1
[INFO ][2015-11-03 15:31:18,608][com.java.TestType] [  461] - 1
[INFO ][2015-11-03 15:31:18,608][com.java.TestType] [  456] -  str(2) = 6
[INFO ][2015-11-03 15:31:18,608][com.java.TestType] [  508] - row values are--------{1=com.java.Objects.TestDataDetails@142eb69, 2=com.java.Objects.TestDataDetails@111c0d7, 3=com.java.Objects.TestDataDetails@dc8a29, 4=com.java.Objects.TestDataDetails@1192410, 5=com.java.Objects.TestDataDetails@1eeb332, 6=com.java.Objects.TestDataDetails@8ed249}
[INFO ][2015-11-03 15:31:18,608][com.java.TestType] [  456] -  str(1) = 1
[INFO ][2015-11-03 15:31:18,608][com.java.TestType] [  459] - Test case Id is---1
[INFO ][2015-11-03 15:31:18,608][com.java.TestType] [  461] - 1
[INFO ][2015-11-03 15:31:18,608][com.java.TestType] [  456] -  str(2) = 7
[INFO ][2015-11-03 15:31:18,608][com.java.TestType] [  508] - row values are--------{1=com.java.Objects.TestDataDetails@142eb69, 2=com.java.Objects.TestDataDetails@111c0d7, 3=com.java.Objects.TestDataDetails@dc8a29, 4=com.java.Objects.TestDataDetails@1192410, 5=com.java.Objects.TestDataDetails@1eeb332, 6=com.java.Objects.TestDataDetails@8ed249, 7=com.java.Objects.TestDataDetails@2d1d1e}
[INFO ][2015-11-03 15:31:18,608][com.java.TestType] [  456] -  str(1) = 1
[INFO ][2015-11-03 15:31:18,608][com.java.TestType] [  459] - Test case Id is---1
[INFO ][2015-11-03 15:31:18,608][com.java.TestType] [  461] - 1
[INFO ][2015-11-03 15:31:18,608][com.java.TestType] [  456] -  str(2) = 8
[INFO ][2015-11-03 15:31:18,618][com.java.TestType] [  508] - row values are--------{1=com.java.Objects.TestDataDetails@142eb69, 2=com.java.Objects.TestDataDetails@111c0d7, 3=com.java.Objects.TestDataDetails@dc8a29, 4=com.java.Objects.TestDataDetails@1192410, 5=com.java.Objects.TestDataDetails@1eeb332, 6=com.java.Objects.TestDataDetails@8ed249, 7=com.java.Objects.TestDataDetails@2d1d1e, 8=com.java.Objects.TestDataDetails@17ab7ae}
[INFO ][2015-11-03 15:31:18,618][com.java.TestType] [  456] -  str(1) = 1
[INFO ][2015-11-03 15:31:18,618][com.java.TestType] [  459] - Test case Id is---1
[INFO ][2015-11-03 15:31:18,618][com.java.TestType] [  461] - 1
[INFO ][2015-11-03 15:31:18,618][com.java.TestType] [  456] -  str(2) = 9
[INFO ][2015-11-03 15:31:18,618][com.java.TestType] [  508] - row values are--------{1=com.java.Objects.TestDataDetails@142eb69, 2=com.java.Objects.TestDataDetails@111c0d7, 3=com.java.Objects.TestDataDetails@dc8a29, 4=com.java.Objects.TestDataDetails@1192410, 5=com.java.Objects.TestDataDetails@1eeb332, 6=com.java.Objects.TestDataDetails@8ed249, 7=com.java.Objects.TestDataDetails@2d1d1e, 8=com.java.Objects.TestDataDetails@17ab7ae, 9=com.java.Objects.TestDataDetails@1943ca0}
[INFO ][2015-11-03 15:31:18,618][com.java.TestType] [  456] -  str(1) = 1
[INFO ][2015-11-03 15:31:18,618][com.java.TestType] [  459] - Test case Id is---1
[INFO ][2015-11-03 15:31:18,618][com.java.TestType] [  461] - 1
[INFO ][2015-11-03 15:31:18,618][com.java.TestType] [  456] -  str(2) = 10
[INFO ][2015-11-03 15:31:18,618][com.java.TestType] [  508] - row values are--------{1=com.java.Objects.TestDataDetails@142eb69, 2=com.java.Objects.TestDataDetails@111c0d7, 3=com.java.Objects.TestDataDetails@dc8a29, 4=com.java.Objects.TestDataDetails@1192410, 5=com.java.Objects.TestDataDetails@1eeb332, 6=com.java.Objects.TestDataDetails@8ed249, 7=com.java.Objects.TestDataDetails@2d1d1e, 8=com.java.Objects.TestDataDetails@17ab7ae, 9=com.java.Objects.TestDataDetails@1943ca0, 10=com.java.Objects.TestDataDetails@12a7b1d}
[INFO ][2015-11-03 15:31:18,618][com.java.TestType] [  456] -  str(1) = 1
[INFO ][2015-11-03 15:31:18,618][com.java.TestType] [  459] - Test case Id is---1
[INFO ][2015-11-03 15:31:18,618][com.java.TestType] [  461] - 1
[INFO ][2015-11-03 15:31:18,618][com.java.TestType] [  456] -  str(2) = 11
[INFO ][2015-11-03 15:31:18,618][com.java.TestType] [  508] - row values are--------{1=com.java.Objects.TestDataDetails@142eb69, 2=com.java.Objects.TestDataDetails@111c0d7, 3=com.java.Objects.TestDataDetails@dc8a29, 4=com.java.Objects.TestDataDetails@1192410, 5=com.java.Objects.TestDataDetails@1eeb332, 6=com.java.Objects.TestDataDetails@8ed249, 7=com.java.Objects.TestDataDetails@2d1d1e, 8=com.java.Objects.TestDataDetails@17ab7ae, 9=com.java.Objects.TestDataDetails@1943ca0, 10=com.java.Objects.TestDataDetails@12a7b1d, 11=com.java.Objects.TestDataDetails@19a4d79}
[INFO ][2015-11-03 15:31:18,618][com.java.TestType] [  456] -  str(1) = 1
[INFO ][2015-11-03 15:31:18,618][com.java.TestType] [  459] - Test case Id is---1
[INFO ][2015-11-03 15:31:18,618][com.java.TestType] [  461] - 1
[INFO ][2015-11-03 15:31:18,618][com.java.TestType] [  456] -  str(2) = 12
[INFO ][2015-11-03 15:31:18,618][com.java.TestType] [  508] - row values are--------{1=com.java.Objects.TestDataDetails@142eb69, 2=com.java.Objects.TestDataDetails@111c0d7, 3=com.java.Objects.TestDataDetails@dc8a29, 4=com.java.Objects.TestDataDetails@1192410, 5=com.java.Objects.TestDataDetails@1eeb332, 6=com.java.Objects.TestDataDetails@8ed249, 7=com.java.Objects.TestDataDetails@2d1d1e, 8=com.java.Objects.TestDataDetails@17ab7ae, 9=com.java.Objects.TestDataDetails@1943ca0, 10=com.java.Objects.TestDataDetails@12a7b1d, 11=com.java.Objects.TestDataDetails@19a4d79, 12=com.java.Objects.TestDataDetails@1679a2}
[INFO ][2015-11-03 15:31:18,618][com.java.TestType] [  456] -  str(1) = 1
[INFO ][2015-11-03 15:31:18,618][com.java.TestType] [  459] - Test case Id is---1
[INFO ][2015-11-03 15:31:18,618][com.java.TestType] [  461] - 1
[INFO ][2015-11-03 15:31:18,618][com.java.TestType] [  456] -  str(2) = 13
[INFO ][2015-11-03 15:31:18,618][com.java.TestType] [  508] - row values are--------{1=com.java.Objects.TestDataDetails@142eb69, 2=com.java.Objects.TestDataDetails@111c0d7, 3=com.java.Objects.TestDataDetails@dc8a29, 4=com.java.Objects.TestDataDetails@1192410, 5=com.java.Objects.TestDataDetails@1eeb332, 6=com.java.Objects.TestDataDetails@8ed249, 7=com.java.Objects.TestDataDetails@2d1d1e, 8=com.java.Objects.TestDataDetails@17ab7ae, 9=com.java.Objects.TestDataDetails@1943ca0, 10=com.java.Objects.TestDataDetails@12a7b1d, 11=com.java.Objects.TestDataDetails@19a4d79, 12=com.java.Objects.TestDataDetails@1679a2, 13=com.java.Objects.TestDataDetails@389cc9}
[INFO ][2015-11-03 15:31:18,618][com.java.TestType] [  456] -  str(1) = 1
[INFO ][2015-11-03 15:31:18,618][com.java.TestType] [  459] - Test case Id is---1
[INFO ][2015-11-03 15:31:18,618][com.java.TestType] [  461] - 1
[INFO ][2015-11-03 15:31:18,618][com.java.TestType] [  456] -  str(2) = 14
[INFO ][2015-11-03 15:31:18,618][com.java.TestType] [  508] - row values are--------{1=com.java.Objects.TestDataDetails@142eb69, 2=com.java.Objects.TestDataDetails@111c0d7, 3=com.java.Objects.TestDataDetails@dc8a29, 4=com.java.Objects.TestDataDetails@1192410, 5=com.java.Objects.TestDataDetails@1eeb332, 6=com.java.Objects.TestDataDetails@8ed249, 7=com.java.Objects.TestDataDetails@2d1d1e, 8=com.java.Objects.TestDataDetails@17ab7ae, 9=com.java.Objects.TestDataDetails@1943ca0, 10=com.java.Objects.TestDataDetails@12a7b1d, 11=com.java.Objects.TestDataDetails@19a4d79, 12=com.java.Objects.TestDataDetails@1679a2, 13=com.java.Objects.TestDataDetails@389cc9, 14=com.java.Objects.TestDataDetails@3170cc}
[INFO ][2015-11-03 15:31:18,618][com.java.TestType] [ 7899] - Looping 1TCID = 1
[DEBUG][2015-11-03 15:31:18,618][com.java.TestType] [ 7940] - Concept ID:1 :: Step being Executed: 1::1
[INFO ][2015-11-03 15:31:18,628][com.java.TestType] [ 7978] - dataFields : TXTusername
[DEBUG][2015-11-03 15:31:18,628][com.java.TestType] [ 7984] - <In Set values of the page>
[DEBUG][2015-11-03 15:31:18,628][com.java.TestType] [ 7989] - {Data Fields & Data Values Exist}
[INFO ][2015-11-03 15:31:18,628][com.java.TestType] [ 7995] - --------------------------setting values-----------------------------
[INFO ][2015-11-03 15:31:18,628][com.java.TestType] [ 7998] - Action Type : CLEARANDENTER
[INFO ][2015-11-03 15:31:18,628][com.java.TestType] [ 3750] - value = naresh.nayini.00000
[INFO ][2015-11-03 15:31:23,454][com.java.TestType] [ 8017] -  RESULT true
[INFO ][2015-11-03 15:31:23,454][com.java.TestType] [ 8134] - ?   P A S S   ?
[DEBUG][2015-11-03 15:31:23,454][com.java.TestType] [ 7940] - Concept ID:1 :: Step being Executed: 1::2
[INFO ][2015-11-03 15:31:23,454][com.java.TestType] [ 7978] - dataFields : TXTpassword
[DEBUG][2015-11-03 15:31:23,454][com.java.TestType] [ 7984] - <In Set values of the page>
[DEBUG][2015-11-03 15:31:23,454][com.java.TestType] [ 7989] - {Data Fields & Data Values Exist}
[INFO ][2015-11-03 15:31:23,454][com.java.TestType] [ 7995] - --------------------------setting values-----------------------------
[INFO ][2015-11-03 15:31:23,454][com.java.TestType] [ 7998] - Action Type : CLEARANDENTER
[INFO ][2015-11-03 15:31:23,454][com.java.TestType] [ 3750] - value = Password1*
[INFO ][2015-11-03 15:31:28,374][com.java.TestType] [ 8017] -  RESULT true
[INFO ][2015-11-03 15:31:28,374][com.java.TestType] [ 8134] - ?   P A S S   ?
[DEBUG][2015-11-03 15:31:28,374][com.java.TestType] [ 7940] - Concept ID:1 :: Step being Executed: 1::3
[ERROR][2015-11-03 15:31:28,374][com.java.TestType] [ 7973] - Exception: null
[INFO ][2015-11-03 15:31:28,374][com.java.TestType] [ 7978] - dataFields : XPH//button[@type='submit']
[DEBUG][2015-11-03 15:31:28,374][com.java.TestType] [ 7984] - <In Set values of the page>
[DEBUG][2015-11-03 15:31:28,374][com.java.TestType] [ 7989] - {Data Fields & Data Values Exist}
[INFO ][2015-11-03 15:31:28,374][com.java.TestType] [ 7995] - --------------------------setting values-----------------------------
[INFO ][2015-11-03 15:31:28,374][com.java.TestType] [ 7998] - Action Type : Click
[INFO ][2015-11-03 15:31:28,374][com.java.TestType] [ 4063] - Field ::XPH//button[@type='submit']
[INFO ][2015-11-03 15:31:29,374][com.java.TestType] [ 4122] - BEFORE CLICK
[INFO ][2015-11-03 15:31:30,226][com.java.TestType] [ 4130] - Unable to click the object Login
[INFO ][2015-11-03 15:31:30,226][com.java.TestType] [ 8017] -  RESULT true
[INFO ][2015-11-03 15:31:30,226][com.java.TestType] [ 8134] - ?   P A S S   ?
[DEBUG][2015-11-03 15:31:30,226][com.java.TestType] [ 7940] - Concept ID:1 :: Step being Executed: 1::4
[INFO ][2015-11-03 15:31:30,226][com.java.TestType] [ 7978] - dataFields : LNKLogout
[DEBUG][2015-11-03 15:31:30,226][com.java.TestType] [ 7984] - <In Set values of the page>
[DEBUG][2015-11-03 15:31:30,226][com.java.TestType] [ 7989] - {Data Fields & Data Values Exist}
[INFO ][2015-11-03 15:31:30,226][com.java.TestType] [ 7995] - --------------------------setting values-----------------------------
[INFO ][2015-11-03 15:31:30,226][com.java.TestType] [ 7998] - Action Type : WaitForElement
[INFO ][2015-11-03 15:31:40,862][com.java.TestType] [ 8017] -  RESULT true
[INFO ][2015-11-03 15:31:40,862][com.java.TestType] [ 8134] - ?   P A S S   ?
[DEBUG][2015-11-03 15:31:40,862][com.java.TestType] [ 7940] - Concept ID:1 :: Step being Executed: 1::13
[INFO ][2015-11-03 15:31:40,862][com.java.TestType] [ 7978] - dataFields : LGN
[DEBUG][2015-11-03 15:31:40,862][com.java.TestType] [ 7984] - <In Set values of the page>
[DEBUG][2015-11-03 15:31:40,862][com.java.TestType] [ 7989] - {Data Fields & Data Values Exist}
[INFO ][2015-11-03 15:31:40,862][com.java.TestType] [ 7995] - --------------------------setting values-----------------------------
[INFO ][2015-11-03 15:31:40,862][com.java.TestType] [ 7998] - Action Type : Verify
[INFO ][2015-11-03 15:31:40,862][com.java.TestType] [ 4876] - field= LGN value= Username
[INFO ][2015-11-03 15:31:40,862][com.java.TestType] [ 3750] - value = Username
[INFO ][2015-11-03 15:31:41,003][com.java.TestType] [ 8017] -  RESULT true
[INFO ][2015-11-03 15:31:41,003][com.java.TestType] [ 8134] - ?   P A S S   ?
[DEBUG][2015-11-03 15:31:41,003][com.java.TestType] [ 7940] - Concept ID:1 :: Step being Executed: 1::14
[INFO ][2015-11-03 15:31:41,003][com.java.TestType] [ 7978] - dataFields : BTN
[DEBUG][2015-11-03 15:31:41,003][com.java.TestType] [ 7984] - <In Set values of the page>
[DEBUG][2015-11-03 15:31:41,003][com.java.TestType] [ 7989] - {Data Fields & Data Values Exist}
[INFO ][2015-11-03 15:31:41,003][com.java.TestType] [ 7995] - --------------------------setting values-----------------------------
[INFO ][2015-11-03 15:31:41,003][com.java.TestType] [ 7998] - Action Type : Verify
[INFO ][2015-11-03 15:31:41,003][com.java.TestType] [ 4876] - field= BTN value= //img[contains(@src,'bdlogo.jpg')]
[INFO ][2015-11-03 15:31:41,003][com.java.TestType] [ 3750] - value = //img[contains(@src,'bdlogo.jpg')]
[INFO ][2015-11-03 15:31:41,033][com.java.TestType] [ 8017] -  RESULT true
[INFO ][2015-11-03 15:31:41,033][com.java.TestType] [ 8134] - ?   P A S S   ?
[INFO ][2015-11-03 15:31:41,033][com.java.TestType] [ 8205] - Looping End......
[INFO ][2015-11-03 15:31:41,033][com.java.SeleniumDriver] [  861] -  RESULT true
[INFO ][2015-11-03 15:31:41,033][com.java.SeleniumDriver] [ 1066] - ?   P A S S   ?
[INFO ][2015-11-03 15:31:41,033][com.java.SeleniumDriver] [  788] - ------------------------------------------
[INFO ][2015-11-03 15:31:41,033][com.java.SeleniumDriver] [  789] - Test case being Executed: 1
[INFO ][2015-11-03 15:31:41,033][com.java.SeleniumDriver] [  800] - Test step:2
[INFO ][2015-11-03 15:31:41,033][com.java.SeleniumDriver] [  812] - Datavalue is----------Concept#2:1-2
[INFO ][2015-11-03 15:31:41,033][com.java.SeleniumDriver] [  836] - DataField : test
[INFO ][2015-11-03 15:31:41,033][com.java.SeleniumDriver] [  838] - DataValue : Concept#2:1-2
[INFO ][2015-11-03 15:31:41,033][com.java.SeleniumDriver] [  844] - <In Set values of the page>
[INFO ][2015-11-03 15:31:41,033][com.java.SeleniumDriver] [  847] - {Data Fields & Data Values Exist}
[INFO ][2015-11-03 15:31:41,033][com.java.SeleniumDriver] [  849] - --------------------------setting values-----------------------------
[INFO ][2015-11-03 15:31:41,033][com.java.SeleniumDriver] [  852] - Action Type : ExecuteTestCase
[INFO ][2015-11-03 15:31:41,033][com.java.TestType] [  411] - The Concept sheet name is ---------- Concept
[INFO ][2015-11-03 15:31:41,033][com.java.TestType] [  414] - The Concept ID  is ---------- 2
[DEBUG][2015-11-03 15:31:41,033][com.java.TestType] [  418] - Steps being executted in the Concept are: 1:2
[INFO ][2015-11-03 15:31:41,033][com.java.TestType] [  425] - Test data details path ---------- D:\BankersDashboard\TestInputs\TestData.xls
[INFO ][2015-11-03 15:31:41,073][com.java.TestType] [  456] -  str(1) = 2
[INFO ][2015-11-03 15:31:41,073][com.java.TestType] [  459] - Test case Id is---2
[INFO ][2015-11-03 15:31:41,073][com.java.TestType] [  461] - 2
[INFO ][2015-11-03 15:31:41,073][com.java.TestType] [  456] -  str(2) = 1
[INFO ][2015-11-03 15:31:41,073][com.java.TestType] [  508] - row values are--------{1=com.java.Objects.TestDataDetails@ab0028}
[INFO ][2015-11-03 15:31:41,073][com.java.TestType] [  456] -  str(1) = 2
[INFO ][2015-11-03 15:31:41,073][com.java.TestType] [  459] - Test case Id is---2
[INFO ][2015-11-03 15:31:41,073][com.java.TestType] [  461] - 2
[INFO ][2015-11-03 15:31:41,073][com.java.TestType] [  456] -  str(2) = 2
[INFO ][2015-11-03 15:31:41,073][com.java.TestType] [  508] - row values are--------{1=com.java.Objects.TestDataDetails@ab0028, 2=com.java.Objects.TestDataDetails@152327c}
[INFO ][2015-11-03 15:31:41,073][com.java.TestType] [  456] -  str(1) = 2
[INFO ][2015-11-03 15:31:41,073][com.java.TestType] [  459] - Test case Id is---2
[INFO ][2015-11-03 15:31:41,073][com.java.TestType] [  461] - 2
[INFO ][2015-11-03 15:31:41,073][com.java.TestType] [  456] -  str(2) = 3
[INFO ][2015-11-03 15:31:41,073][com.java.TestType] [  508] - row values are--------{1=com.java.Objects.TestDataDetails@ab0028, 2=com.java.Objects.TestDataDetails@152327c, 3=com.java.Objects.TestDataDetails@177d5f5}
[INFO ][2015-11-03 15:31:41,073][com.java.TestType] [ 7899] - Looping 1TCID = 2
[DEBUG][2015-11-03 15:31:41,073][com.java.TestType] [ 7940] - Concept ID:2 :: Step being Executed: 2::1
[INFO ][2015-11-03 15:31:41,073][com.java.TestType] [ 7978] - dataFields : BNK//select[@id='bank']
[DEBUG][2015-11-03 15:31:41,073][com.java.TestType] [ 7984] - <In Set values of the page>
[DEBUG][2015-11-03 15:31:41,073][com.java.TestType] [ 7989] - {Data Fields & Data Values Exist}
[INFO ][2015-11-03 15:31:41,073][com.java.TestType] [ 7995] - --------------------------setting values-----------------------------
[INFO ][2015-11-03 15:31:41,073][com.java.TestType] [ 7998] - Action Type : Select
[INFO ][2015-11-03 15:31:41,073][com.java.TestType] [ 3750] - value = PFC
[INFO ][2015-11-03 15:31:41,263][com.java.TestType] [ 8017] -  RESULT true
[INFO ][2015-11-03 15:31:41,263][com.java.TestType] [ 8134] - ?   P A S S   ?
[DEBUG][2015-11-03 15:31:41,263][com.java.TestType] [ 7940] - Concept ID:2 :: Step being Executed: 2::2
[INFO ][2015-11-03 15:31:41,263][com.java.TestType] [ 7978] - dataFields : LNKLogout
[DEBUG][2015-11-03 15:31:41,263][com.java.TestType] [ 7984] - <In Set values of the page>
[DEBUG][2015-11-03 15:31:41,263][com.java.TestType] [ 7989] - {Data Fields & Data Values Exist}
[INFO ][2015-11-03 15:31:41,263][com.java.TestType] [ 7995] - --------------------------setting values-----------------------------
[INFO ][2015-11-03 15:31:41,263][com.java.TestType] [ 7998] - Action Type : WaitTime
[DEBUG][2015-11-03 15:31:41,263][com.java.TestType] [ 3654] - sleepTime: 5000
[INFO ][2015-11-03 15:31:46,263][com.java.TestType] [ 8017] -  RESULT true
[INFO ][2015-11-03 15:31:46,263][com.java.TestType] [ 8134] - ?   P A S S   ?
[INFO ][2015-11-03 15:31:46,263][com.java.TestType] [ 8205] - Looping End......
[INFO ][2015-11-03 15:31:46,263][com.java.SeleniumDriver] [  861] -  RESULT true
[INFO ][2015-11-03 15:31:46,263][com.java.SeleniumDriver] [ 1066] - ?   P A S S   ?
[INFO ][2015-11-03 15:31:46,263][com.java.SeleniumDriver] [  788] - ------------------------------------------
[INFO ][2015-11-03 15:31:46,263][com.java.SeleniumDriver] [  789] - Test case being Executed: 1
[INFO ][2015-11-03 15:31:46,263][com.java.SeleniumDriver] [  800] - Test step:3
[INFO ][2015-11-03 15:31:46,263][com.java.SeleniumDriver] [  812] - Datavalue is----------2
[INFO ][2015-11-03 15:31:46,263][com.java.SeleniumDriver] [  836] - DataField : XPH//button[contains(text(),'Add Content')]
[INFO ][2015-11-03 15:31:46,263][com.java.SeleniumDriver] [  838] - DataValue : 2
[INFO ][2015-11-03 15:31:46,263][com.java.SeleniumDriver] [  844] - <In Set values of the page>
[INFO ][2015-11-03 15:31:46,263][com.java.SeleniumDriver] [  847] - {Data Fields & Data Values Exist}
[INFO ][2015-11-03 15:31:46,263][com.java.SeleniumDriver] [  849] - --------------------------setting values-----------------------------
[INFO ][2015-11-03 15:31:46,263][com.java.SeleniumDriver] [  852] - Action Type : WAITFORELEMENT
[INFO ][2015-11-03 15:31:46,304][com.java.SeleniumDriver] [  861] -  RESULT true
[INFO ][2015-11-03 15:31:46,304][com.java.SeleniumDriver] [ 1066] - ?   P A S S   ?
[DEBUG][2015-11-03 15:31:46,304][com.java.SeleniumDriver] [ 1168] - Case found
[DEBUG][2015-11-03 15:31:46,304][com.java.SeleniumDriver] [ 1173] - Incrementing ReportCounters[0]:1
[INFO ][2015-11-03 15:31:46,304][com.java.SeleniumDriver] [ 1192] - The results are-------------------[1, 1, Valid Login, Pass, , Tue Nov 03 15:31:41 IST 2015, 1, 2, Valid Login, Pass, , Tue Nov 03 15:31:46 IST 2015, 1, 3, Add Custom Calculation Indicator to Start Page, Pass, , Tue Nov 03 15:31:46 IST 2015]
[INFO ][2015-11-03 15:31:46,304][com.java.SeleniumDriver] [ 1196] - End time is-------52 sec
[INFO ][2015-11-03 15:31:46,304][com.java.SeleniumDriver] [ 1197] - The results are-------------------[1, 1, Valid Login, Pass, , Tue Nov 03 15:31:41 IST 2015, 1, 2, Valid Login, Pass, , Tue Nov 03 15:31:46 IST 2015, 1, 3, Add Custom Calculation Indicator to Start Page, Pass, , Tue Nov 03 15:31:46 IST 2015]
[DEBUG][2015-11-03 15:31:46,304][com.java.ImportnExport.ExportTestResultsExcel] [  222] - testResultPath = D:\BankersDashboard/TestReports/Test Results_BankersDashBoard_110315_153055_IE11_Any Bank USA.xls
[DEBUG][2015-11-03 15:31:46,304][com.java.ImportnExport.ExportTestResultsExcel] [  223] - browser is------------IE11
[DEBUG][2015-11-03 15:31:46,344][com.java.ImportnExport.ExportTestResultsExcel] [  270] - result.size() = 18
[DEBUG][2015-11-03 15:31:46,344][com.java.ImportnExport.ExportTestResultsExcel] [  274] - No of rows in sheet=1
[DEBUG][2015-11-03 15:31:46,344][com.java.ImportnExport.ExportTestResultsExcel] [  301] - ..in export..1
[DEBUG][2015-11-03 15:31:46,344][com.java.ImportnExport.ExportTestResultsExcel] [  301] - ..in export..Valid Login
[DEBUG][2015-11-03 15:31:46,344][com.java.ImportnExport.ExportTestResultsExcel] [  301] - ..in export..Pass
[DEBUG][2015-11-03 15:31:46,344][com.java.ImportnExport.ExportTestResultsExcel] [  301] - ..in export..
[DEBUG][2015-11-03 15:31:46,344][com.java.ImportnExport.ExportTestResultsExcel] [  301] - ..in export..Tue Nov 03 15:31:41 IST 2015
[INFO ][2015-11-03 15:31:46,344][com.java.SeleniumDriver] [ 1255] - out loop:0 size:2 TestCases:[1, 9] testcases:[1, 9]
[INFO ][2015-11-03 15:31:46,344][com.java.ImportnExport.ImportTestDataDetailsExcel] [   49] - test data details path===== D:\BankersDashboard\TestInputs\TestData.xls
[INFO ][2015-11-03 15:31:59,528][com.java.SeleniumDriver] [  788] - ------------------------------------------
[INFO ][2015-11-03 15:31:59,528][com.java.SeleniumDriver] [  789] - Test case being Executed: 9
[INFO ][2015-11-03 15:31:59,528][com.java.SeleniumDriver] [  800] - Test step:1
[INFO ][2015-11-03 15:31:59,528][com.java.SeleniumDriver] [  812] - Datavalue is----------Logout
[INFO ][2015-11-03 15:31:59,528][com.java.SeleniumDriver] [  836] - DataField : BTN
[INFO ][2015-11-03 15:31:59,528][com.java.SeleniumDriver] [  838] - DataValue : Logout
[INFO ][2015-11-03 15:31:59,528][com.java.SeleniumDriver] [  844] - <In Set values of the page>
[INFO ][2015-11-03 15:31:59,528][com.java.SeleniumDriver] [  847] - {Data Fields & Data Values Exist}
[INFO ][2015-11-03 15:31:59,528][com.java.SeleniumDriver] [  849] - --------------------------setting values-----------------------------
[INFO ][2015-11-03 15:31:59,528][com.java.SeleniumDriver] [  852] - Action Type : Verify
[INFO ][2015-11-03 15:31:59,528][com.java.TestType] [ 4876] - field= BTN value= Logout
[INFO ][2015-11-03 15:31:59,528][com.java.TestType] [ 3750] - value = Logout
[INFO ][2015-11-03 15:31:59,569][com.java.SeleniumDriver] [  861] -  RESULT true
[INFO ][2015-11-03 15:31:59,569][com.java.SeleniumDriver] [ 1066] - ?   P A S S   ?
[INFO ][2015-11-03 15:31:59,569][com.java.SeleniumDriver] [ 1108] - step change to 3
[INFO ][2015-11-03 15:31:59,569][com.java.SeleniumDriver] [  788] - ------------------------------------------
[INFO ][2015-11-03 15:31:59,569][com.java.SeleniumDriver] [  789] - Test case being Executed: 9
[INFO ][2015-11-03 15:31:59,569][com.java.SeleniumDriver] [  800] - Test step:3
[INFO ][2015-11-03 15:31:59,569][com.java.SeleniumDriver] [  812] - Datavalue is----------null
[DEBUG][2015-11-03 15:31:59,569][com.java.SeleniumDriver] [  830] - Exception: null
[INFO ][2015-11-03 15:31:59,569][com.java.SeleniumDriver] [  836] - DataField : //span[@class='icon-hammer']&&//a[text()='Custom Calculations']
[INFO ][2015-11-03 15:31:59,569][com.java.SeleniumDriver] [  838] - DataValue : 
[INFO ][2015-11-03 15:31:59,569][com.java.SeleniumDriver] [  844] - <In Set values of the page>
[INFO ][2015-11-03 15:31:59,569][com.java.SeleniumDriver] [  847] - {Data Fields & Data Values Exist}
[INFO ][2015-11-03 15:31:59,569][com.java.SeleniumDriver] [  849] - --------------------------setting values-----------------------------
[INFO ][2015-11-03 15:31:59,569][com.java.SeleniumDriver] [  852] - Action Type : MOUSEOVER
[INFO ][2015-11-03 15:32:08,893][com.java.SeleniumDriver] [  861] -  RESULT true
[INFO ][2015-11-03 15:32:08,893][com.java.SeleniumDriver] [ 1066] - ?   P A S S   ?
[INFO ][2015-11-03 15:32:08,893][com.java.SeleniumDriver] [  788] - ------------------------------------------
[INFO ][2015-11-03 15:32:08,893][com.java.SeleniumDriver] [  789] - Test case being Executed: 9
[INFO ][2015-11-03 15:32:08,893][com.java.SeleniumDriver] [  800] - Test step:4
[INFO ][2015-11-03 15:32:08,893][com.java.SeleniumDriver] [  812] - Datavalue is----------null
[DEBUG][2015-11-03 15:32:08,893][com.java.SeleniumDriver] [  830] - Exception: null
[INFO ][2015-11-03 15:32:08,893][com.java.SeleniumDriver] [  836] - DataField : BTN//iframe[@class='frameTabContent']
[INFO ][2015-11-03 15:32:08,893][com.java.SeleniumDriver] [  838] - DataValue : 
[INFO ][2015-11-03 15:32:08,893][com.java.SeleniumDriver] [  844] - <In Set values of the page>
[INFO ][2015-11-03 15:32:08,893][com.java.SeleniumDriver] [  847] - {Data Fields & Data Values Exist}
[INFO ][2015-11-03 15:32:08,893][com.java.SeleniumDriver] [  849] - --------------------------setting values-----------------------------
[INFO ][2015-11-03 15:32:08,893][com.java.SeleniumDriver] [  852] - Action Type : SELECTFRAME
[INFO ][2015-11-03 15:32:09,014][com.java.SeleniumDriver] [  861] -  RESULT true
[INFO ][2015-11-03 15:32:09,014][com.java.SeleniumDriver] [ 1066] - ?   P A S S   ?
[INFO ][2015-11-03 15:32:09,014][com.java.SeleniumDriver] [  788] - ------------------------------------------
[INFO ][2015-11-03 15:32:09,014][com.java.SeleniumDriver] [  789] - Test case being Executed: 9
[INFO ][2015-11-03 15:32:09,014][com.java.SeleniumDriver] [  800] - Test step:5
[INFO ][2015-11-03 15:32:09,014][com.java.SeleniumDriver] [  812] - Datavalue is----------5
[INFO ][2015-11-03 15:32:09,014][com.java.SeleniumDriver] [  836] - DataField : XPH//h1[contains(text(), 'Custom Calculations')]
[INFO ][2015-11-03 15:32:09,014][com.java.SeleniumDriver] [  838] - DataValue : 5
[INFO ][2015-11-03 15:32:09,014][com.java.SeleniumDriver] [  844] - <In Set values of the page>
[INFO ][2015-11-03 15:32:09,014][com.java.SeleniumDriver] [  847] - {Data Fields & Data Values Exist}
[INFO ][2015-11-03 15:32:09,014][com.java.SeleniumDriver] [  849] - --------------------------setting values-----------------------------
[INFO ][2015-11-03 15:32:09,014][com.java.SeleniumDriver] [  852] - Action Type : waitforelement
[INFO ][2015-11-03 15:32:09,064][com.java.SeleniumDriver] [  861] -  RESULT true
[INFO ][2015-11-03 15:32:09,064][com.java.SeleniumDriver] [ 1066] - ?   P A S S   ?
[INFO ][2015-11-03 15:32:09,064][com.java.SeleniumDriver] [  788] - ------------------------------------------
[INFO ][2015-11-03 15:32:09,064][com.java.SeleniumDriver] [  789] - Test case being Executed: 9
[INFO ][2015-11-03 15:32:09,064][com.java.SeleniumDriver] [  800] - Test step:6
[INFO ][2015-11-03 15:32:09,064][com.java.SeleniumDriver] [  812] - Datavalue is----------Custom Calculations
[INFO ][2015-11-03 15:32:09,064][com.java.SeleniumDriver] [  836] - DataField : XPH//h1[contains(text(), 'Custom Calculations')]
[INFO ][2015-11-03 15:32:09,064][com.java.SeleniumDriver] [  838] - DataValue : Custom Calculations
[INFO ][2015-11-03 15:32:09,064][com.java.SeleniumDriver] [  844] - <In Set values of the page>
[INFO ][2015-11-03 15:32:09,064][com.java.SeleniumDriver] [  847] - {Data Fields & Data Values Exist}
[INFO ][2015-11-03 15:32:09,064][com.java.SeleniumDriver] [  849] - --------------------------setting values-----------------------------
[INFO ][2015-11-03 15:32:09,064][com.java.SeleniumDriver] [  852] - Action Type : Verify
[INFO ][2015-11-03 15:32:09,064][com.java.TestType] [ 4876] - field= XPH//h1[contains(text(), 'Custom Calculations')] value= Custom Calculations
[INFO ][2015-11-03 15:32:09,064][com.java.TestType] [ 3750] - value = Custom Calculations
[INFO ][2015-11-03 15:32:09,144][com.java.SeleniumDriver] [  861] -  RESULT true
[INFO ][2015-11-03 15:32:09,144][com.java.SeleniumDriver] [ 1066] - ?   P A S S   ?
[INFO ][2015-11-03 15:32:09,144][com.java.SeleniumDriver] [  788] - ------------------------------------------
[INFO ][2015-11-03 15:32:09,144][com.java.SeleniumDriver] [  789] - Test case being Executed: 9
[INFO ][2015-11-03 15:32:09,144][com.java.SeleniumDriver] [  800] - Test step:7
[INFO ][2015-11-03 15:32:09,144][com.java.SeleniumDriver] [  812] - Datavalue is----------5
[INFO ][2015-11-03 15:32:09,144][com.java.SeleniumDriver] [  836] - DataField : XPH//a[contains(text(), 'Add Calculation')]
[INFO ][2015-11-03 15:32:09,144][com.java.SeleniumDriver] [  838] - DataValue : 5
[INFO ][2015-11-03 15:32:09,144][com.java.SeleniumDriver] [  844] - <In Set values of the page>
[INFO ][2015-11-03 15:32:09,144][com.java.SeleniumDriver] [  847] - {Data Fields & Data Values Exist}
[INFO ][2015-11-03 15:32:09,144][com.java.SeleniumDriver] [  849] - --------------------------setting values-----------------------------
[INFO ][2015-11-03 15:32:09,144][com.java.SeleniumDriver] [  852] - Action Type : waitforelement
[INFO ][2015-11-03 15:32:09,174][com.java.SeleniumDriver] [  861] -  RESULT true
[INFO ][2015-11-03 15:32:09,174][com.java.SeleniumDriver] [ 1066] - ?   P A S S   ?
[INFO ][2015-11-03 15:32:09,174][com.java.SeleniumDriver] [  788] - ------------------------------------------
[INFO ][2015-11-03 15:32:09,174][com.java.SeleniumDriver] [  789] - Test case being Executed: 9
[INFO ][2015-11-03 15:32:09,174][com.java.SeleniumDriver] [  800] - Test step:8
[INFO ][2015-11-03 15:32:09,174][com.java.SeleniumDriver] [  812] - Datavalue is----------null
[DEBUG][2015-11-03 15:32:09,174][com.java.SeleniumDriver] [  830] - Exception: null
[INFO ][2015-11-03 15:32:09,174][com.java.SeleniumDriver] [  836] - DataField : XPH//a[contains(text(), 'Add Calculation')]
[INFO ][2015-11-03 15:32:09,174][com.java.SeleniumDriver] [  838] - DataValue : 
[INFO ][2015-11-03 15:32:09,174][com.java.SeleniumDriver] [  844] - <In Set values of the page>
[INFO ][2015-11-03 15:32:09,174][com.java.SeleniumDriver] [  847] - {Data Fields & Data Values Exist}
[INFO ][2015-11-03 15:32:09,174][com.java.SeleniumDriver] [  849] - --------------------------setting values-----------------------------
[INFO ][2015-11-03 15:32:09,174][com.java.SeleniumDriver] [  852] - Action Type : click
[INFO ][2015-11-03 15:32:09,174][com.java.TestType] [ 4063] - Field ::XPH//a[contains(text(), 'Add Calculation')]
[INFO ][2015-11-03 15:32:10,174][com.java.TestType] [ 4122] - BEFORE CLICK
[INFO ][2015-11-03 15:32:11,599][com.java.TestType] [ 4130] - Unable to click the object click on add button
[INFO ][2015-11-03 15:32:11,599][com.java.SeleniumDriver] [  861] -  RESULT true
[INFO ][2015-11-03 15:32:11,599][com.java.SeleniumDriver] [ 1066] - ?   P A S S   ?
[INFO ][2015-11-03 15:32:11,599][com.java.SeleniumDriver] [  788] - ------------------------------------------
[INFO ][2015-11-03 15:32:11,599][com.java.SeleniumDriver] [  789] - Test case being Executed: 9
[INFO ][2015-11-03 15:32:11,599][com.java.SeleniumDriver] [  800] - Test step:9
[INFO ][2015-11-03 15:32:11,599][com.java.SeleniumDriver] [  812] - Datavalue is----------3
[INFO ][2015-11-03 15:32:11,599][com.java.SeleniumDriver] [  836] - DataField : XPH//label[contains(text(), 'Dashboard Groups:')]
[INFO ][2015-11-03 15:32:11,599][com.java.SeleniumDriver] [  838] - DataValue : 3
[INFO ][2015-11-03 15:32:11,599][com.java.SeleniumDriver] [  844] - <In Set values of the page>
[INFO ][2015-11-03 15:32:11,599][com.java.SeleniumDriver] [  847] - {Data Fields & Data Values Exist}
[INFO ][2015-11-03 15:32:11,599][com.java.SeleniumDriver] [  849] - --------------------------setting values-----------------------------
[INFO ][2015-11-03 15:32:11,599][com.java.SeleniumDriver] [  852] - Action Type : waitforelement
[INFO ][2015-11-03 15:32:11,630][com.java.SeleniumDriver] [  861] -  RESULT true
[INFO ][2015-11-03 15:32:11,630][com.java.SeleniumDriver] [ 1066] - ?   P A S S   ?
[INFO ][2015-11-03 15:32:11,630][com.java.SeleniumDriver] [  788] - ------------------------------------------
[INFO ][2015-11-03 15:32:11,630][com.java.SeleniumDriver] [  789] - Test case being Executed: 9
[INFO ][2015-11-03 15:32:11,630][com.java.SeleniumDriver] [  800] - Test step:10
[INFO ][2015-11-03 15:32:11,630][com.java.SeleniumDriver] [  812] - Datavalue is----------null
[DEBUG][2015-11-03 15:32:11,630][com.java.SeleniumDriver] [  830] - Exception: null
[INFO ][2015-11-03 15:32:11,630][com.java.SeleniumDriver] [  836] - DataField : XPH//button[contains(text(), 'Save')]
[INFO ][2015-11-03 15:32:11,630][com.java.SeleniumDriver] [  838] - DataValue : 
[INFO ][2015-11-03 15:32:11,630][com.java.SeleniumDriver] [  844] - <In Set values of the page>
[INFO ][2015-11-03 15:32:11,630][com.java.SeleniumDriver] [  847] - {Data Fields & Data Values Exist}
[INFO ][2015-11-03 15:32:11,630][com.java.SeleniumDriver] [  849] - --------------------------setting values-----------------------------
[INFO ][2015-11-03 15:32:11,630][com.java.SeleniumDriver] [  852] - Action Type : ISDISABLED
[INFO ][2015-11-03 15:32:11,630][com.java.TestType] [ 5735] - field= XPH//button[contains(text(), 'Save')]
[INFO ][2015-11-03 15:32:11,710][com.java.SeleniumDriver] [  861] -  RESULT true
[INFO ][2015-11-03 15:32:11,710][com.java.SeleniumDriver] [ 1066] - ?   P A S S   ?
[INFO ][2015-11-03 15:32:11,710][com.java.SeleniumDriver] [  788] - ------------------------------------------
[INFO ][2015-11-03 15:32:11,710][com.java.SeleniumDriver] [  789] - Test case being Executed: 9
[INFO ][2015-11-03 15:32:11,710][com.java.SeleniumDriver] [  800] - Test step:11
[INFO ][2015-11-03 15:32:11,710][com.java.SeleniumDriver] [  812] - Datavalue is----------3
[INFO ][2015-11-03 15:32:11,710][com.java.SeleniumDriver] [  836] - DataField : XPH//select[contains(@class,'mber-select form-control')]
[INFO ][2015-11-03 15:32:11,710][com.java.SeleniumDriver] [  838] - DataValue : 3
[INFO ][2015-11-03 15:32:11,710][com.java.SeleniumDriver] [  844] - <In Set values of the page>
[INFO ][2015-11-03 15:32:11,710][com.java.SeleniumDriver] [  847] - {Data Fields & Data Values Exist}
[INFO ][2015-11-03 15:32:11,710][com.java.SeleniumDriver] [  849] - --------------------------setting values-----------------------------
[INFO ][2015-11-03 15:32:11,710][com.java.SeleniumDriver] [  852] - Action Type : waitforelement
[INFO ][2015-11-03 15:32:11,740][com.java.SeleniumDriver] [  861] -  RESULT true
[INFO ][2015-11-03 15:32:11,740][com.java.SeleniumDriver] [ 1066] - ?   P A S S   ?
[INFO ][2015-11-03 15:32:11,740][com.java.SeleniumDriver] [  788] - ------------------------------------------
[INFO ][2015-11-03 15:32:11,740][com.java.SeleniumDriver] [  789] - Test case being Executed: 9
[INFO ][2015-11-03 15:32:11,740][com.java.SeleniumDriver] [  800] - Test step:12
[INFO ][2015-11-03 15:32:11,740][com.java.SeleniumDriver] [  812] - Datavalue is----------null
[DEBUG][2015-11-03 15:32:11,740][com.java.SeleniumDriver] [  830] - Exception: null
[INFO ][2015-11-03 15:32:11,740][com.java.SeleniumDriver] [  836] - DataField : XPH//select[contains(@class,'mber-select form-control')]
[INFO ][2015-11-03 15:32:11,740][com.java.SeleniumDriver] [  838] - DataValue : 
[INFO ][2015-11-03 15:32:11,740][com.java.SeleniumDriver] [  844] - <In Set values of the page>
[INFO ][2015-11-03 15:32:11,740][com.java.SeleniumDriver] [  847] - {Data Fields & Data Values Exist}
[INFO ][2015-11-03 15:32:11,740][com.java.SeleniumDriver] [  849] - --------------------------setting values-----------------------------
[INFO ][2015-11-03 15:32:11,740][com.java.SeleniumDriver] [  852] - Action Type : click
[INFO ][2015-11-03 15:32:11,740][com.java.TestType] [ 4063] - Field ::XPH//select[contains(@class,'mber-select form-control')]
[INFO ][2015-11-03 15:32:12,740][com.java.TestType] [ 4122] - BEFORE CLICK
[INFO ][2015-11-03 15:32:13,570][com.java.TestType] [ 4130] - Unable to click the object dollar value dropdown
[INFO ][2015-11-03 15:32:13,570][com.java.SeleniumDriver] [  861] -  RESULT true
[INFO ][2015-11-03 15:32:13,570][com.java.SeleniumDriver] [ 1066] - ?   P A S S   ?
[INFO ][2015-11-03 15:32:13,570][com.java.SeleniumDriver] [  788] - ------------------------------------------
[INFO ][2015-11-03 15:32:13,570][com.java.SeleniumDriver] [  789] - Test case being Executed: 9
[INFO ][2015-11-03 15:32:13,570][com.java.SeleniumDriver] [  800] - Test step:13
[INFO ][2015-11-03 15:32:13,570][com.java.SeleniumDriver] [  812] - Datavalue is----------3
[INFO ][2015-11-03 15:32:13,570][com.java.SeleniumDriver] [  836] - DataField : XPH//select/option[contains(text(), 'Dollar ($)')]
[INFO ][2015-11-03 15:32:13,570][com.java.SeleniumDriver] [  838] - DataValue : 3
[INFO ][2015-11-03 15:32:13,570][com.java.SeleniumDriver] [  844] - <In Set values of the page>
[INFO ][2015-11-03 15:32:13,570][com.java.SeleniumDriver] [  847] - {Data Fields & Data Values Exist}
[INFO ][2015-11-03 15:32:13,570][com.java.SeleniumDriver] [  849] - --------------------------setting values-----------------------------
[INFO ][2015-11-03 15:32:13,570][com.java.SeleniumDriver] [  852] - Action Type : waitforelement
[INFO ][2015-11-03 15:32:13,601][com.java.SeleniumDriver] [  861] -  RESULT true
[INFO ][2015-11-03 15:32:13,601][com.java.SeleniumDriver] [ 1066] - ?   P A S S   ?
[INFO ][2015-11-03 15:32:13,601][com.java.SeleniumDriver] [  788] - ------------------------------------------
[INFO ][2015-11-03 15:32:13,601][com.java.SeleniumDriver] [  789] - Test case being Executed: 9
[INFO ][2015-11-03 15:32:13,601][com.java.SeleniumDriver] [  800] - Test step:14
[INFO ][2015-11-03 15:32:13,601][com.java.SeleniumDriver] [  812] - Datavalue is----------null
[DEBUG][2015-11-03 15:32:13,601][com.java.SeleniumDriver] [  830] - Exception: null
[INFO ][2015-11-03 15:32:13,601][com.java.SeleniumDriver] [  836] - DataField : XPH//select/option[contains(text(), 'Dollar ($)')]
[INFO ][2015-11-03 15:32:13,601][com.java.SeleniumDriver] [  838] - DataValue : 
[INFO ][2015-11-03 15:32:13,601][com.java.SeleniumDriver] [  844] - <In Set values of the page>
[INFO ][2015-11-03 15:32:13,601][com.java.SeleniumDriver] [  847] - {Data Fields & Data Values Exist}
[INFO ][2015-11-03 15:32:13,601][com.java.SeleniumDriver] [  849] - --------------------------setting values-----------------------------
[INFO ][2015-11-03 15:32:13,601][com.java.SeleniumDriver] [  852] - Action Type : click
[INFO ][2015-11-03 15:32:13,601][com.java.TestType] [ 4063] - Field ::XPH//select/option[contains(text(), 'Dollar ($)')]
[INFO ][2015-11-03 15:32:14,601][com.java.TestType] [ 4122] - BEFORE CLICK
[INFO ][2015-11-03 15:32:15,301][com.java.TestType] [ 4130] - Unable to click the object dollar value dropdown
[INFO ][2015-11-03 15:32:15,301][com.java.SeleniumDriver] [  861] -  RESULT true
[INFO ][2015-11-03 15:32:15,301][com.java.SeleniumDriver] [ 1066] - ?   P A S S   ?
[INFO ][2015-11-03 15:32:15,301][com.java.SeleniumDriver] [  788] - ------------------------------------------
[INFO ][2015-11-03 15:32:15,301][com.java.SeleniumDriver] [  789] - Test case being Executed: 9
[INFO ][2015-11-03 15:32:15,301][com.java.SeleniumDriver] [  800] - Test step:15
[INFO ][2015-11-03 15:32:15,301][com.java.SeleniumDriver] [  812] - Datavalue is----------RNDVLTest
[INFO ][2015-11-03 15:32:15,301][com.java.SeleniumDriver] [  836] - DataField : RDN//input[contains(@placeholder, 'Name your Calcu')]
[INFO ][2015-11-03 15:32:15,301][com.java.SeleniumDriver] [  838] - DataValue : RNDVLTest
[INFO ][2015-11-03 15:32:15,301][com.java.SeleniumDriver] [  844] - <In Set values of the page>
[INFO ][2015-11-03 15:32:15,301][com.java.SeleniumDriver] [  847] - {Data Fields & Data Values Exist}
[INFO ][2015-11-03 15:32:15,301][com.java.SeleniumDriver] [  849] - --------------------------setting values-----------------------------
[INFO ][2015-11-03 15:32:15,301][com.java.SeleniumDriver] [  852] - Action Type : enter
[INFO ][2015-11-03 15:32:15,301][com.java.TestType] [ 4383] - field = //input[contains(@placeholder, 'Name your Calcu')]
[INFO ][2015-11-03 15:32:15,301][com.java.TestType] [ 3750] - value = VLTest84798
[INFO ][2015-11-03 15:32:15,892][com.java.SeleniumDriver] [  861] -  RESULT true
[INFO ][2015-11-03 15:32:15,892][com.java.SeleniumDriver] [ 1066] - ?   P A S S   ?
[INFO ][2015-11-03 15:32:15,892][com.java.SeleniumDriver] [  788] - ------------------------------------------
[INFO ][2015-11-03 15:32:15,892][com.java.SeleniumDriver] [  789] - Test case being Executed: 9
[INFO ][2015-11-03 15:32:15,892][com.java.SeleniumDriver] [  800] - Test step:16
[INFO ][2015-11-03 15:32:15,892][com.java.SeleniumDriver] [  812] - Datavalue is----------//div[@id='group-list']/ul/li[2]//a
[INFO ][2015-11-03 15:32:15,892][com.java.SeleniumDriver] [  836] - DataField : BTN
[INFO ][2015-11-03 15:32:15,892][com.java.SeleniumDriver] [  838] - DataValue : //div[@id='group-list']/ul/li[2]//a
[INFO ][2015-11-03 15:32:15,892][com.java.SeleniumDriver] [  844] - <In Set values of the page>
[INFO ][2015-11-03 15:32:15,892][com.java.SeleniumDriver] [  847] - {Data Fields & Data Values Exist}
[INFO ][2015-11-03 15:32:15,892][com.java.SeleniumDriver] [  849] - --------------------------setting values-----------------------------
[INFO ][2015-11-03 15:32:15,892][com.java.SeleniumDriver] [  852] - Action Type : verify
[INFO ][2015-11-03 15:32:15,892][com.java.TestType] [ 4876] - field= BTN value= //div[@id='group-list']/ul/li[2]//a
[INFO ][2015-11-03 15:32:15,892][com.java.TestType] [ 3750] - value = //div[@id='group-list']/ul/li[2]//a
[INFO ][2015-11-03 15:32:15,912][com.java.SeleniumDriver] [  861] -  RESULT true
[INFO ][2015-11-03 15:32:15,912][com.java.SeleniumDriver] [ 1066] - ?   P A S S   ?
[INFO ][2015-11-03 15:32:15,912][com.java.SeleniumDriver] [  788] - ------------------------------------------
[INFO ][2015-11-03 15:32:15,912][com.java.SeleniumDriver] [  789] - Test case being Executed: 9
[INFO ][2015-11-03 15:32:15,912][com.java.SeleniumDriver] [  800] - Test step:17
[INFO ][2015-11-03 15:32:15,912][com.java.SeleniumDriver] [  812] - Datavalue is----------null
[DEBUG][2015-11-03 15:32:15,912][com.java.SeleniumDriver] [  830] - Exception: null
[INFO ][2015-11-03 15:32:15,912][com.java.SeleniumDriver] [  836] - DataField : XPH//div[@id='group-list']/ul/li[2]//a
[INFO ][2015-11-03 15:32:15,912][com.java.SeleniumDriver] [  838] - DataValue : 
[INFO ][2015-11-03 15:32:15,912][com.java.SeleniumDriver] [  844] - <In Set values of the page>
[INFO ][2015-11-03 15:32:15,912][com.java.SeleniumDriver] [  847] - {Data Fields & Data Values Exist}
[INFO ][2015-11-03 15:32:15,912][com.java.SeleniumDriver] [  849] - --------------------------setting values-----------------------------
[INFO ][2015-11-03 15:32:15,912][com.java.SeleniumDriver] [  852] - Action Type : CLICK
[INFO ][2015-11-03 15:32:15,912][com.java.TestType] [ 4063] - Field ::XPH//div[@id='group-list']/ul/li[2]//a
[INFO ][2015-11-03 15:32:16,912][com.java.TestType] [ 4122] - BEFORE CLICK
[INFO ][2015-11-03 15:32:17,812][com.java.TestType] [ 4130] - Unable to click the object calculation name field
[INFO ][2015-11-03 15:32:17,812][com.java.SeleniumDriver] [  861] -  RESULT true
[INFO ][2015-11-03 15:32:17,812][com.java.SeleniumDriver] [ 1066] - ?   P A S S   ?
[INFO ][2015-11-03 15:32:17,812][com.java.SeleniumDriver] [  788] - ------------------------------------------
[INFO ][2015-11-03 15:32:17,812][com.java.SeleniumDriver] [  789] - Test case being Executed: 9
[INFO ][2015-11-03 15:32:17,812][com.java.SeleniumDriver] [  800] - Test step:18
[INFO ][2015-11-03 15:32:17,812][com.java.SeleniumDriver] [  812] - Datavalue is----------3
[INFO ][2015-11-03 15:32:17,812][com.java.SeleniumDriver] [  836] - DataField : XPH//a[contains(text(),'Non-Interest Bearing Deposits')]
[INFO ][2015-11-03 15:32:17,812][com.java.SeleniumDriver] [  838] - DataValue : 3
[INFO ][2015-11-03 15:32:17,812][com.java.SeleniumDriver] [  844] - <In Set values of the page>
[INFO ][2015-11-03 15:32:17,812][com.java.SeleniumDriver] [  847] - {Data Fields & Data Values Exist}
[INFO ][2015-11-03 15:32:17,812][com.java.SeleniumDriver] [  849] - --------------------------setting values-----------------------------
[INFO ][2015-11-03 15:32:17,812][com.java.SeleniumDriver] [  852] - Action Type : waitforelement
[INFO ][2015-11-03 15:32:17,853][com.java.SeleniumDriver] [  861] -  RESULT true
[INFO ][2015-11-03 15:32:17,853][com.java.SeleniumDriver] [ 1066] - ?   P A S S   ?
[INFO ][2015-11-03 15:32:17,853][com.java.SeleniumDriver] [  788] - ------------------------------------------
[INFO ][2015-11-03 15:32:17,853][com.java.SeleniumDriver] [  789] - Test case being Executed: 9
[INFO ][2015-11-03 15:32:17,853][com.java.SeleniumDriver] [  800] - Test step:19
[INFO ][2015-11-03 15:32:17,853][com.java.SeleniumDriver] [  812] - Datavalue is----------//div[contains(@class, 'expression ui-droppable')]/span
[INFO ][2015-11-03 15:32:17,853][com.java.SeleniumDriver] [  836] - DataField : //a[contains(text(),'Non-Interest Bearing Deposits')]
[INFO ][2015-11-03 15:32:17,853][com.java.SeleniumDriver] [  838] - DataValue : //div[contains(@class, 'expression ui-droppable')]/span
[INFO ][2015-11-03 15:32:17,853][com.java.SeleniumDriver] [  844] - <In Set values of the page>
[INFO ][2015-11-03 15:32:17,853][com.java.SeleniumDriver] [  847] - {Data Fields & Data Values Exist}
[INFO ][2015-11-03 15:32:17,853][com.java.SeleniumDriver] [  849] - --------------------------setting values-----------------------------
[INFO ][2015-11-03 15:32:17,853][com.java.SeleniumDriver] [  852] - Action Type : DRAGANDDROP
[INFO ][2015-11-03 15:32:18,673][com.java.SeleniumDriver] [  861] -  RESULT true
[INFO ][2015-11-03 15:32:18,673][com.java.SeleniumDriver] [ 1066] - ?   P A S S   ?
[INFO ][2015-11-03 15:32:18,673][com.java.SeleniumDriver] [  788] - ------------------------------------------
[INFO ][2015-11-03 15:32:18,673][com.java.SeleniumDriver] [  789] - Test case being Executed: 9
[INFO ][2015-11-03 15:32:18,673][com.java.SeleniumDriver] [  800] - Test step:20
[INFO ][2015-11-03 15:32:18,673][com.java.SeleniumDriver] [  812] - Datavalue is----------null
[DEBUG][2015-11-03 15:32:18,673][com.java.SeleniumDriver] [  830] - Exception: null
[INFO ][2015-11-03 15:32:18,673][com.java.SeleniumDriver] [  836] - DataField : XPH//button[text()='+']
[INFO ][2015-11-03 15:32:18,673][com.java.SeleniumDriver] [  838] - DataValue : 
[INFO ][2015-11-03 15:32:18,673][com.java.SeleniumDriver] [  844] - <In Set values of the page>
[INFO ][2015-11-03 15:32:18,673][com.java.SeleniumDriver] [  847] - {Data Fields & Data Values Exist}
[INFO ][2015-11-03 15:32:18,673][com.java.SeleniumDriver] [  849] - --------------------------setting values-----------------------------
[INFO ][2015-11-03 15:32:18,673][com.java.SeleniumDriver] [  852] - Action Type : click
[INFO ][2015-11-03 15:32:18,673][com.java.TestType] [ 4063] - Field ::XPH//button[text()='+']
[INFO ][2015-11-03 15:32:19,678][com.java.TestType] [ 4122] - BEFORE CLICK
[INFO ][2015-11-03 15:32:20,438][com.java.TestType] [ 4130] - Unable to click the object enter operator
[INFO ][2015-11-03 15:32:20,438][com.java.SeleniumDriver] [  861] -  RESULT true
[INFO ][2015-11-03 15:32:20,438][com.java.SeleniumDriver] [ 1066] - ?   P A S S   ?
[INFO ][2015-11-03 15:32:20,438][com.java.SeleniumDriver] [  788] - ------------------------------------------
[INFO ][2015-11-03 15:32:20,438][com.java.SeleniumDriver] [  789] - Test case being Executed: 9
[INFO ][2015-11-03 15:32:20,438][com.java.SeleniumDriver] [  800] - Test step:21
[INFO ][2015-11-03 15:32:20,438][com.java.SeleniumDriver] [  812] - Datavalue is----------//div[@class="ember-view alert alert-info expression ui-droppable"]
[INFO ][2015-11-03 15:32:20,438][com.java.SeleniumDriver] [  836] - DataField : //a[contains(text(),'Interest bearing demand deposits')]
[INFO ][2015-11-03 15:32:20,438][com.java.SeleniumDriver] [  838] - DataValue : //div[@class="ember-view alert alert-info expression ui-droppable"]
[INFO ][2015-11-03 15:32:20,438][com.java.SeleniumDriver] [  844] - <In Set values of the page>
[INFO ][2015-11-03 15:32:20,438][com.java.SeleniumDriver] [  847] - {Data Fields & Data Values Exist}
[INFO ][2015-11-03 15:32:20,438][com.java.SeleniumDriver] [  849] - --------------------------setting values-----------------------------
[INFO ][2015-11-03 15:32:20,438][com.java.SeleniumDriver] [  852] - Action Type : DRAGANDDROP
[INFO ][2015-11-03 15:32:21,181][com.java.SeleniumDriver] [  861] -  RESULT true
[INFO ][2015-11-03 15:32:21,181][com.java.SeleniumDriver] [ 1066] - ?   P A S S   ?
[INFO ][2015-11-03 15:32:21,181][com.java.SeleniumDriver] [  788] - ------------------------------------------
[INFO ][2015-11-03 15:32:21,181][com.java.SeleniumDriver] [  789] - Test case being Executed: 9
[INFO ][2015-11-03 15:32:21,181][com.java.SeleniumDriver] [  800] - Test step:22
[INFO ][2015-11-03 15:32:21,181][com.java.SeleniumDriver] [  812] - Datavalue is----------3
[INFO ][2015-11-03 15:32:21,181][com.java.SeleniumDriver] [  836] - DataField : XPH//button[contains(text(), 'Save')]
[INFO ][2015-11-03 15:32:21,181][com.java.SeleniumDriver] [  838] - DataValue : 3
[INFO ][2015-11-03 15:32:21,181][com.java.SeleniumDriver] [  844] - <In Set values of the page>
[INFO ][2015-11-03 15:32:21,181][com.java.SeleniumDriver] [  847] - {Data Fields & Data Values Exist}
[INFO ][2015-11-03 15:32:21,181][com.java.SeleniumDriver] [  849] - --------------------------setting values-----------------------------
[INFO ][2015-11-03 15:32:21,181][com.java.SeleniumDriver] [  852] - Action Type : waitforelement
[INFO ][2015-11-03 15:32:21,224][com.java.SeleniumDriver] [  861] -  RESULT true
[INFO ][2015-11-03 15:32:21,224][com.java.SeleniumDriver] [ 1066] - ?   P A S S   ?
[INFO ][2015-11-03 15:32:21,224][com.java.SeleniumDriver] [  788] - ------------------------------------------
[INFO ][2015-11-03 15:32:21,224][com.java.SeleniumDriver] [  789] - Test case being Executed: 9
[INFO ][2015-11-03 15:32:21,224][com.java.SeleniumDriver] [  800] - Test step:23
[INFO ][2015-11-03 15:32:21,224][com.java.SeleniumDriver] [  812] - Datavalue is----------null
[DEBUG][2015-11-03 15:32:21,224][com.java.SeleniumDriver] [  830] - Exception: null
[INFO ][2015-11-03 15:32:21,224][com.java.SeleniumDriver] [  836] - DataField : XPH//button[contains(text(), 'Save')]
[INFO ][2015-11-03 15:32:21,224][com.java.SeleniumDriver] [  838] - DataValue : 
[INFO ][2015-11-03 15:32:21,224][com.java.SeleniumDriver] [  844] - <In Set values of the page>
[INFO ][2015-11-03 15:32:21,224][com.java.SeleniumDriver] [  847] - {Data Fields & Data Values Exist}
[INFO ][2015-11-03 15:32:21,224][com.java.SeleniumDriver] [  849] - --------------------------setting values-----------------------------
[INFO ][2015-11-03 15:32:21,224][com.java.SeleniumDriver] [  852] - Action Type : ISENABLED
[INFO ][2015-11-03 15:32:21,224][com.java.TestType] [ 5771] - field= XPH//button[contains(text(), 'Save')]
[INFO ][2015-11-03 15:32:21,284][com.java.SeleniumDriver] [  861] -  RESULT true
[INFO ][2015-11-03 15:32:21,284][com.java.SeleniumDriver] [ 1066] - ?   P A S S   ?
[INFO ][2015-11-03 15:32:21,284][com.java.SeleniumDriver] [  788] - ------------------------------------------
[INFO ][2015-11-03 15:32:21,284][com.java.SeleniumDriver] [  789] - Test case being Executed: 9
[INFO ][2015-11-03 15:32:21,284][com.java.SeleniumDriver] [  800] - Test step:24
[INFO ][2015-11-03 15:32:21,284][com.java.SeleniumDriver] [  812] - Datavalue is----------null
[DEBUG][2015-11-03 15:32:21,284][com.java.SeleniumDriver] [  830] - Exception: null
[INFO ][2015-11-03 15:32:21,284][com.java.SeleniumDriver] [  836] - DataField : XPH//button[contains(text(), 'Save')]
[INFO ][2015-11-03 15:32:21,284][com.java.SeleniumDriver] [  838] - DataValue : 
[INFO ][2015-11-03 15:32:21,284][com.java.SeleniumDriver] [  844] - <In Set values of the page>
[INFO ][2015-11-03 15:32:21,284][com.java.SeleniumDriver] [  847] - {Data Fields & Data Values Exist}
[INFO ][2015-11-03 15:32:21,284][com.java.SeleniumDriver] [  849] - --------------------------setting values-----------------------------
[INFO ][2015-11-03 15:32:21,284][com.java.SeleniumDriver] [  852] - Action Type : click
[INFO ][2015-11-03 15:32:21,284][com.java.TestType] [ 4063] - Field ::XPH//button[contains(text(), 'Save')]
[INFO ][2015-11-03 15:32:22,284][com.java.TestType] [ 4122] - BEFORE CLICK
[INFO ][2015-11-03 15:32:23,044][com.java.TestType] [ 4130] - Unable to click the object save button
[INFO ][2015-11-03 15:32:23,044][com.java.SeleniumDriver] [  861] -  RESULT true
[INFO ][2015-11-03 15:32:23,044][com.java.SeleniumDriver] [ 1066] - ?   P A S S   ?
[INFO ][2015-11-03 15:32:23,044][com.java.SeleniumDriver] [  788] - ------------------------------------------
[INFO ][2015-11-03 15:32:23,044][com.java.SeleniumDriver] [  789] - Test case being Executed: 9
[INFO ][2015-11-03 15:32:23,044][com.java.SeleniumDriver] [  800] - Test step:25
[INFO ][2015-11-03 15:32:23,044][com.java.SeleniumDriver] [  812] - Datavalue is----------3
[INFO ][2015-11-03 15:32:23,044][com.java.SeleniumDriver] [  836] - DataField : XPH//a[contains(text(), 'Add Calculation')]
[INFO ][2015-11-03 15:32:23,044][com.java.SeleniumDriver] [  838] - DataValue : 3
[INFO ][2015-11-03 15:32:23,044][com.java.SeleniumDriver] [  844] - <In Set values of the page>
[INFO ][2015-11-03 15:32:23,044][com.java.SeleniumDriver] [  847] - {Data Fields & Data Values Exist}
[INFO ][2015-11-03 15:32:23,044][com.java.SeleniumDriver] [  849] - --------------------------setting values-----------------------------
[INFO ][2015-11-03 15:32:23,044][com.java.SeleniumDriver] [  852] - Action Type : waitforelement
[INFO ][2015-11-03 15:32:23,065][com.java.SeleniumDriver] [  861] -  RESULT true
[INFO ][2015-11-03 15:32:23,065][com.java.SeleniumDriver] [ 1066] - ?   P A S S   ?
[INFO ][2015-11-03 15:32:23,065][com.java.SeleniumDriver] [  788] - ------------------------------------------
[INFO ][2015-11-03 15:32:23,065][com.java.SeleniumDriver] [  789] - Test case being Executed: 9
[INFO ][2015-11-03 15:32:23,065][com.java.SeleniumDriver] [  800] - Test step:26
[INFO ][2015-11-03 15:32:23,065][com.java.SeleniumDriver] [  812] - Datavalue is----------//table//tr[1]/td[1]
[INFO ][2015-11-03 15:32:23,065][com.java.SeleniumDriver] [  836] - DataField : BTN
[INFO ][2015-11-03 15:32:23,065][com.java.SeleniumDriver] [  838] - DataValue : //table//tr[1]/td[1]
[INFO ][2015-11-03 15:32:23,065][com.java.SeleniumDriver] [  844] - <In Set values of the page>
[INFO ][2015-11-03 15:32:23,065][com.java.SeleniumDriver] [  847] - {Data Fields & Data Values Exist}
[INFO ][2015-11-03 15:32:23,065][com.java.SeleniumDriver] [  849] - --------------------------setting values-----------------------------
[INFO ][2015-11-03 15:32:23,065][com.java.SeleniumDriver] [  852] - Action Type : verify
[INFO ][2015-11-03 15:32:23,065][com.java.TestType] [ 4876] - field= BTN value= //table//tr[1]/td[1]
[INFO ][2015-11-03 15:32:23,065][com.java.TestType] [ 3750] - value = //table//tr[1]/td[1]
[INFO ][2015-11-03 15:32:23,095][com.java.SeleniumDriver] [  861] -  RESULT true
[INFO ][2015-11-03 15:32:23,095][com.java.SeleniumDriver] [ 1066] - ?   P A S S   ?
[DEBUG][2015-11-03 15:32:23,095][com.java.SeleniumDriver] [ 1168] - Case found
[DEBUG][2015-11-03 15:32:23,095][com.java.SeleniumDriver] [ 1173] - Incrementing ReportCounters[0]:2
[INFO ][2015-11-03 15:32:23,095][com.java.SeleniumDriver] [ 1192] - The results are-------------------[9, 1, Tools->Custom Calculations, Pass, , Tue Nov 03 15:31:59 IST 2015, 9, 3, Tools->Custom Calculations, Pass, , Tue Nov 03 15:32:08 IST 2015, 9, 4, Tools->Custom Calculations, Pass, , Tue Nov 03 15:32:09 IST 2015, 9, 5, Tools->Custom Calculations, Pass, , Tue Nov 03 15:32:09 IST 2015, 9, 6, Tools->Custom Calculations, Pass, , Tue Nov 03 15:32:09 IST 2015, 9, 7, Tools->Custom Calculations, Pass, , Tue Nov 03 15:32:09 IST 2015, 9, 8, Tools->Custom Calculations, Pass, , Tue Nov 03 15:32:11 IST 2015, 9, 9, Tools->Custom Calculations, Pass, , Tue Nov 03 15:32:11 IST 2015, 9, 10, Tools->Custom Calculations, Pass, , Tue Nov 03 15:32:11 IST 2015, 9, 11, Tools->Custom Calculations, Pass, , Tue Nov 03 15:32:11 IST 2015, 9, 12, Tools->Custom Calculations, Pass, , Tue Nov 03 15:32:13 IST 2015, 9, 13, Tools->Custom Calculations, Pass, , Tue Nov 03 15:32:13 IST 2015, 9, 14, Tools->Custom Calculations, Pass, , Tue Nov 03 15:32:15 IST 2015, 9, 15, Tools->Custom Calculations, Pass, , Tue Nov 03 15:32:15 IST 2015, 9, 16, Tools->Custom Calculations, Pass, , Tue Nov 03 15:32:15 IST 2015, 9, 17, Tools->Custom Calculations, Pass, , Tue Nov 03 15:32:17 IST 2015, 9, 18, Tools->Custom Calculations, Pass, , Tue Nov 03 15:32:17 IST 2015, 9, 19, Tools->Custom Calculations, Pass, , Tue Nov 03 15:32:18 IST 2015, 9, 20, Tools->Custom Calculations, Pass, , Tue Nov 03 15:32:20 IST 2015, 9, 21, Tools->Custom Calculations, Pass, , Tue Nov 03 15:32:21 IST 2015, 9, 22, Tools->Custom Calculations, Pass, , Tue Nov 03 15:32:21 IST 2015, 9, 23, Tools->Custom Calculations, Pass, , Tue Nov 03 15:32:21 IST 2015, 9, 24, Tools->Custom Calculations, Pass, , Tue Nov 03 15:32:23 IST 2015, 9, 25, Tools->Custom Calculations, Pass, , Tue Nov 03 15:32:23 IST 2015, 9, 26, Tools->Custom Calculations, Pass, , Tue Nov 03 15:32:23 IST 2015]
[INFO ][2015-11-03 15:32:23,095][com.java.SeleniumDriver] [ 1196] - End time is-------1 min 29 sec
[INFO ][2015-11-03 15:32:23,095][com.java.SeleniumDriver] [ 1197] - The results are-------------------[9, 1, Tools->Custom Calculations, Pass, , Tue Nov 03 15:31:59 IST 2015, 9, 3, Tools->Custom Calculations, Pass, , Tue Nov 03 15:32:08 IST 2015, 9, 4, Tools->Custom Calculations, Pass, , Tue Nov 03 15:32:09 IST 2015, 9, 5, Tools->Custom Calculations, Pass, , Tue Nov 03 15:32:09 IST 2015, 9, 6, Tools->Custom Calculations, Pass, , Tue Nov 03 15:32:09 IST 2015, 9, 7, Tools->Custom Calculations, Pass, , Tue Nov 03 15:32:09 IST 2015, 9, 8, Tools->Custom Calculations, Pass, , Tue Nov 03 15:32:11 IST 2015, 9, 9, Tools->Custom Calculations, Pass, , Tue Nov 03 15:32:11 IST 2015, 9, 10, Tools->Custom Calculations, Pass, , Tue Nov 03 15:32:11 IST 2015, 9, 11, Tools->Custom Calculations, Pass, , Tue Nov 03 15:32:11 IST 2015, 9, 12, Tools->Custom Calculations, Pass, , Tue Nov 03 15:32:13 IST 2015, 9, 13, Tools->Custom Calculations, Pass, , Tue Nov 03 15:32:13 IST 2015, 9, 14, Tools->Custom Calculations, Pass, , Tue Nov 03 15:32:15 IST 2015, 9, 15, Tools->Custom Calculations, Pass, , Tue Nov 03 15:32:15 IST 2015, 9, 16, Tools->Custom Calculations, Pass, , Tue Nov 03 15:32:15 IST 2015, 9, 17, Tools->Custom Calculations, Pass, , Tue Nov 03 15:32:17 IST 2015, 9, 18, Tools->Custom Calculations, Pass, , Tue Nov 03 15:32:17 IST 2015, 9, 19, Tools->Custom Calculations, Pass, , Tue Nov 03 15:32:18 IST 2015, 9, 20, Tools->Custom Calculations, Pass, , Tue Nov 03 15:32:20 IST 2015, 9, 21, Tools->Custom Calculations, Pass, , Tue Nov 03 15:32:21 IST 2015, 9, 22, Tools->Custom Calculations, Pass, , Tue Nov 03 15:32:21 IST 2015, 9, 23, Tools->Custom Calculations, Pass, , Tue Nov 03 15:32:21 IST 2015, 9, 24, Tools->Custom Calculations, Pass, , Tue Nov 03 15:32:23 IST 2015, 9, 25, Tools->Custom Calculations, Pass, , Tue Nov 03 15:32:23 IST 2015, 9, 26, Tools->Custom Calculations, Pass, , Tue Nov 03 15:32:23 IST 2015]
[DEBUG][2015-11-03 15:32:23,095][com.java.ImportnExport.ExportTestResultsExcel] [  222] - testResultPath = D:\BankersDashboard/TestReports/Test Results_BankersDashBoard_110315_153055_IE11_Any Bank USA.xls
[DEBUG][2015-11-03 15:32:23,095][com.java.ImportnExport.ExportTestResultsExcel] [  223] - browser is------------IE11
[DEBUG][2015-11-03 15:32:23,095][com.java.ImportnExport.ExportTestResultsExcel] [  270] - result.size() = 150
[DEBUG][2015-11-03 15:32:23,095][com.java.ImportnExport.ExportTestResultsExcel] [  274] - No of rows in sheet=2
[DEBUG][2015-11-03 15:32:23,095][com.java.ImportnExport.ExportTestResultsExcel] [  301] - ..in export..9
[DEBUG][2015-11-03 15:32:23,095][com.java.ImportnExport.ExportTestResultsExcel] [  301] - ..in export..Tools->Custom Calculations
[DEBUG][2015-11-03 15:32:23,095][com.java.ImportnExport.ExportTestResultsExcel] [  301] - ..in export..Pass
[DEBUG][2015-11-03 15:32:23,095][com.java.ImportnExport.ExportTestResultsExcel] [  301] - ..in export..
[DEBUG][2015-11-03 15:32:23,095][com.java.ImportnExport.ExportTestResultsExcel] [  301] - ..in export..Tue Nov 03 15:31:59 IST 2015
[INFO ][2015-11-03 15:32:23,095][com.java.SeleniumDriver] [ 1255] - out loop:1 size:2 TestCases:[1, 9] testcases:[1, 9]
[INFO ][2015-11-03 15:32:25,094][com.java.SeleniumDriver] [ 1297] - Total Number of Cases:2
[INFO ][2015-11-03 15:32:25,094][com.java.TemplateGenerator] [  302] - Executed:2
[INFO ][2015-11-03 15:32:25,094][com.java.TemplateGenerator] [  303] - Passed:2
[INFO ][2015-11-03 15:32:25,094][com.java.TemplateGenerator] [  304] - Failed:0
[INFO ][2015-11-03 15:32:25,094][com.java.TemplateGenerator] [  305] - Skipeed:0
[INFO ][2015-11-03 15:32:25,094][com.java.TemplateGenerator] [  306] - Application URL:https://clients-xuat.bankersdashboard.com
[INFO ][2015-11-03 15:32:25,094][com.java.TemplateGenerator] [  307] - Start Time:110315_153055
[INFO ][2015-11-03 15:32:25,094][com.java.TemplateGenerator] [  308] -  Creating HTML Report 
[ERROR][2015-11-03 15:32:25,094][com.java.TemplateGenerator] [  409] - Unparseable date: "Tue Nov 03 03:30:55 IST 2015"
[INFO ][2015-11-03 15:32:25,094][com.java.TemplateGenerator] [  654] -  Exporting case :: 1
[INFO ][2015-11-03 15:32:25,094][com.java.TemplateGenerator] [  654] -  Exporting case :: 9
[INFO ][2015-11-03 15:32:25,104][com.java.SeleniumDriver] [ 1346] - End Time:110315_153225
[INFO ][2015-11-03 15:32:25,104][com.java.SeleniumDriver] [ 1349] - Data in Test Execution Details:{1=PASS, 9=PASS}
[INFO ][2015-11-03 15:32:25,104][com.java.SeleniumDriver] [ 1350] - Data in Failed Execution Deatils:{}
[INFO ][2015-11-03 15:32:25,104][com.java.SeleniumDriver] [ 1352] - ReportCounter:Total:2 :: PASS: 2 ::FAIL: 0
[INFO ][2015-11-03 15:32:25,104][com.java.SeleniumDriver] [ 1353] - FailedReportCounter:Total:0 :: PASS: 0 ::FAIL: 0
[INFO ][2015-11-03 15:32:25,104][com.java.EmailTestReport] [   63] - Sending report mail details:
[INFO ][2015-11-03 15:32:25,104][com.java.EmailTestReport] [   80] - Excel Report Path:D:\BankersDashboard/TestReports/Test Results_BankersDashBoard_110315_153055_IE11_Any Bank USA.xls
[INFO ][2015-11-03 15:32:25,104][com.java.EmailTestReport] [   81] - HTML Report Path:D:\BankersDashboard//TestReports//Test Results_BankersDashBoard_110315_153055_IE11_Any Bank USA.html
[INFO ][2015-11-03 15:32:25,104][com.java.EmailTestReport] [   82] - smtpHostName:mail01.valuelabs.com
[INFO ][2015-11-03 15:32:25,104][com.java.EmailTestReport] [   83] - Recipient:venkateswararao.gubbala@valuelabs.com
[INFO ][2015-11-03 15:32:25,104][com.java.EmailTestReport] [   84] - From:venkateswararao.gubbala@valuelabs.com
[INFO ][2015-11-03 15:32:25,104][com.java.EmailTestReport] [   85] - Subject:DestinationRewards Automation Test Report - Any Bank USA - IE11
[INFO ][2015-11-03 15:32:25,125][com.java.EmailTestReport] [  143] -  Added venkateswararao.gubbala@valuelabs.com
[INFO ][2015-11-03 15:32:28,645][com.java.SeleniumDriver] [  719] - quitting the browser 
[INFO ][2015-11-03 15:32:29,915][com.java.SeleniumDriver] [  263] - Execution Completed Stopping the thread
