[INFO ][2016-02-10 14:23:46,858][com.java.SeleniumDriver] [  213] - Execute Failed Casesfalse
[INFO ][2016-02-10 14:23:46,858][com.java.SeleniumDriver] [  214] - Browser: IE10
[INFO ][2016-02-10 14:23:46,859][com.java.SeleniumDriver] [  215] - [1, 4]
[INFO ][2016-02-10 14:23:46,859][com.java.SeleniumDriver] [  216] - Total TestCases:2
[INFO ][2016-02-10 14:23:46,859][com.java.SeleniumDriver] [  217] -  Reading Properties from Property File 
[DEBUG][2016-02-10 14:23:46,859][com.java.SeleniumDriver] [  238] - url : https://clients-xuat.bankersdashboard.com
[INFO ][2016-02-10 14:23:46,860][com.java.ImportnExport.ExportTestResultsExcel] [  116] - Time Stamp Wed Feb 10 02:23:46 IST 2016
[INFO ][2016-02-10 14:23:46,860][com.java.ImportnExport.ExportTestResultsExcel] [  175] - OUT FILE : D:\BankersDashboard/TestReports/Test Results_BankersDashBoard_021016_142346_IE10_First Bank.xls
[INFO ][2016-02-10 14:23:46,891][com.java.ImportnExport.ExportTestResultsExcel] [  180] - Test Result file is created
[DEBUG][2016-02-10 14:23:46,981][com.java.SeleniumDriver] [  426] - Hub ip address is-------172.17.68.34
[INFO ][2016-02-10 14:23:46,982][com.java.SeleniumDriver] [  452] - Grid URL:http://172.17.68.34:4444/wd/hub
[INFO ][2016-02-10 14:23:46,982][com.java.SeleniumDriver] [  453] - Capability:Capabilities [{platform=ANY, ensureCleanSession=true, ignoreProtectedModeSettings=true, acceptSslCerts=true, ignoreZoomSetting=true, browserName=internet explorer, browserstack.ie.noFlash=true, version=null}]
[ERROR][2016-02-10 14:23:48,302][com.java.SeleniumDriver] [  498] - Unable invoke browser in grid:Could not start a new session. Possible causes are invalid address of the remote server or browser start-up failure.
Build info: version: '2.48.2', revision: '41bccdd', time: '2015-10-09 19:59:12'
System info: host: 'FVTIII438F1D', ip: '172.17.68.34', os.name: 'Windows 7', os.arch: 'x86', os.version: '6.1', java.version: '1.7.0_55'
Driver info: driver.version: SeleniumDriver
[INFO ][2016-02-10 14:23:48,303][com.java.SeleniumDriver] [  500] - Executing on local machine
[INFO ][2016-02-10 14:23:58,973][com.java.SeleniumDriver] [  248] - IE10is opened
[INFO ][2016-02-10 14:23:59,809][com.java.SeleniumDriver] [  756] - Test cases to be executed are: [1, 4]
[INFO ][2016-02-10 14:23:59,835][com.java.ImportnExport.ImportTestDataDetailsExcel] [   49] - test data details path===== D:\BankersDashboard\TestInputs\TestData.xls
[INFO ][2016-02-10 14:23:59,902][com.java.SeleniumDriver] [  856] - ------------------------------------------
[INFO ][2016-02-10 14:23:59,902][com.java.SeleniumDriver] [  857] - Test case being Executed: 1
[INFO ][2016-02-10 14:23:59,902][com.java.SeleniumDriver] [  869] - Test step:1
[INFO ][2016-02-10 14:23:59,902][com.java.SeleniumDriver] [  881] - Datavalue is----------Concept#1:1-16
[INFO ][2016-02-10 14:23:59,903][com.java.SeleniumDriver] [  905] - DataField : test
[INFO ][2016-02-10 14:23:59,903][com.java.SeleniumDriver] [  907] - DataValue : Concept#1:1-16
[INFO ][2016-02-10 14:23:59,903][com.java.SeleniumDriver] [  913] - <In Set values of the page>
[INFO ][2016-02-10 14:23:59,903][com.java.SeleniumDriver] [  916] - {Data Fields & Data Values Exist}
[INFO ][2016-02-10 14:23:59,905][com.java.SeleniumDriver] [  918] - --------------------------setting values-----------------------------
[INFO ][2016-02-10 14:23:59,905][com.java.SeleniumDriver] [  921] - Action Type : ExecuteTestCase
[INFO ][2016-02-10 14:23:59,926][com.java.TestType] [  448] - The Concept sheet name is ---------- Concept
[INFO ][2016-02-10 14:23:59,926][com.java.TestType] [  451] - The Concept ID  is ---------- 1
[DEBUG][2016-02-10 14:23:59,926][com.java.TestType] [  455] - Steps being executted in the Concept are: 1:16
[INFO ][2016-02-10 14:23:59,926][com.java.TestType] [  462] - Test data details path ---------- D:\BankersDashboard\TestInputs\TestData.xls
[INFO ][2016-02-10 14:23:59,947][com.java.TestType] [  493] -  str(1) = 1
[INFO ][2016-02-10 14:23:59,948][com.java.TestType] [  496] - Test case Id is---1
[INFO ][2016-02-10 14:23:59,948][com.java.TestType] [  498] - 1
[INFO ][2016-02-10 14:23:59,948][com.java.TestType] [  493] -  str(2) = 1
[INFO ][2016-02-10 14:23:59,950][com.java.TestType] [  493] -  str(1) = 1
[INFO ][2016-02-10 14:23:59,951][com.java.TestType] [  496] - Test case Id is---1
[INFO ][2016-02-10 14:23:59,951][com.java.TestType] [  498] - 1
[INFO ][2016-02-10 14:23:59,951][com.java.TestType] [  493] -  str(2) = 2
[INFO ][2016-02-10 14:23:59,952][com.java.TestType] [  493] -  str(1) = 1
[INFO ][2016-02-10 14:23:59,952][com.java.TestType] [  496] - Test case Id is---1
[INFO ][2016-02-10 14:23:59,952][com.java.TestType] [  498] - 1
[INFO ][2016-02-10 14:23:59,952][com.java.TestType] [  493] -  str(2) = 3
[INFO ][2016-02-10 14:23:59,954][com.java.TestType] [  493] -  str(1) = 1
[INFO ][2016-02-10 14:23:59,954][com.java.TestType] [  496] - Test case Id is---1
[INFO ][2016-02-10 14:23:59,954][com.java.TestType] [  498] - 1
[INFO ][2016-02-10 14:23:59,954][com.java.TestType] [  493] -  str(2) = 4
[INFO ][2016-02-10 14:23:59,955][com.java.TestType] [  493] -  str(1) = 1
[INFO ][2016-02-10 14:23:59,956][com.java.TestType] [  496] - Test case Id is---1
[INFO ][2016-02-10 14:23:59,956][com.java.TestType] [  498] - 1
[INFO ][2016-02-10 14:23:59,956][com.java.TestType] [  493] -  str(2) = 5
[INFO ][2016-02-10 14:23:59,958][com.java.TestType] [  493] -  str(1) = 1
[INFO ][2016-02-10 14:23:59,959][com.java.TestType] [  496] - Test case Id is---1
[INFO ][2016-02-10 14:23:59,959][com.java.TestType] [  498] - 1
[INFO ][2016-02-10 14:23:59,959][com.java.TestType] [  493] -  str(2) = 6
[INFO ][2016-02-10 14:23:59,960][com.java.TestType] [  493] -  str(1) = 1
[INFO ][2016-02-10 14:23:59,960][com.java.TestType] [  496] - Test case Id is---1
[INFO ][2016-02-10 14:23:59,960][com.java.TestType] [  498] - 1
[INFO ][2016-02-10 14:23:59,960][com.java.TestType] [  493] -  str(2) = 7
[INFO ][2016-02-10 14:23:59,961][com.java.TestType] [  493] -  str(1) = 1
[INFO ][2016-02-10 14:23:59,961][com.java.TestType] [  496] - Test case Id is---1
[INFO ][2016-02-10 14:23:59,961][com.java.TestType] [  498] - 1
[INFO ][2016-02-10 14:23:59,961][com.java.TestType] [  493] -  str(2) = 8
[INFO ][2016-02-10 14:23:59,962][com.java.TestType] [  493] -  str(1) = 1
[INFO ][2016-02-10 14:23:59,962][com.java.TestType] [  496] - Test case Id is---1
[INFO ][2016-02-10 14:23:59,962][com.java.TestType] [  498] - 1
[INFO ][2016-02-10 14:23:59,962][com.java.TestType] [  493] -  str(2) = 9
[INFO ][2016-02-10 14:23:59,963][com.java.TestType] [  493] -  str(1) = 1
[INFO ][2016-02-10 14:23:59,963][com.java.TestType] [  496] - Test case Id is---1
[INFO ][2016-02-10 14:23:59,963][com.java.TestType] [  498] - 1
[INFO ][2016-02-10 14:23:59,963][com.java.TestType] [  493] -  str(2) = 10
[INFO ][2016-02-10 14:23:59,964][com.java.TestType] [  493] -  str(1) = 1
[INFO ][2016-02-10 14:23:59,964][com.java.TestType] [  496] - Test case Id is---1
[INFO ][2016-02-10 14:23:59,964][com.java.TestType] [  498] - 1
[INFO ][2016-02-10 14:23:59,964][com.java.TestType] [  493] -  str(2) = 11
[INFO ][2016-02-10 14:23:59,965][com.java.TestType] [  493] -  str(1) = 1
[INFO ][2016-02-10 14:23:59,965][com.java.TestType] [  496] - Test case Id is---1
[INFO ][2016-02-10 14:23:59,965][com.java.TestType] [  498] - 1
[INFO ][2016-02-10 14:23:59,965][com.java.TestType] [  493] -  str(2) = 12
[INFO ][2016-02-10 14:23:59,966][com.java.TestType] [  493] -  str(1) = 1
[INFO ][2016-02-10 14:23:59,966][com.java.TestType] [  496] - Test case Id is---1
[INFO ][2016-02-10 14:23:59,966][com.java.TestType] [  498] - 1
[INFO ][2016-02-10 14:23:59,966][com.java.TestType] [  493] -  str(2) = 13
[INFO ][2016-02-10 14:23:59,969][com.java.TestType] [  493] -  str(1) = 1
[INFO ][2016-02-10 14:23:59,969][com.java.TestType] [  496] - Test case Id is---1
[INFO ][2016-02-10 14:23:59,969][com.java.TestType] [  498] - 1
[INFO ][2016-02-10 14:23:59,969][com.java.TestType] [  493] -  str(2) = 14
[INFO ][2016-02-10 14:23:59,970][com.java.TestType] [  493] -  str(1) = 1
[INFO ][2016-02-10 14:23:59,970][com.java.TestType] [  496] - Test case Id is---1
[INFO ][2016-02-10 14:23:59,970][com.java.TestType] [  498] - 1
[INFO ][2016-02-10 14:23:59,970][com.java.TestType] [  493] -  str(2) = 15
[INFO ][2016-02-10 14:23:59,971][com.java.TestType] [  493] -  str(1) = 1
[INFO ][2016-02-10 14:23:59,971][com.java.TestType] [  496] - Test case Id is---1
[INFO ][2016-02-10 14:23:59,971][com.java.TestType] [  498] - 1
[INFO ][2016-02-10 14:23:59,971][com.java.TestType] [  493] -  str(2) = 16
[INFO ][2016-02-10 14:23:59,972][com.java.TestType] [12151] - Looping 1TCID = 1
[DEBUG][2016-02-10 14:23:59,972][com.java.TestType] [12192] - Concept ID:1 :: Step being Executed: 1::1
[INFO ][2016-02-10 14:23:59,972][com.java.TestType] [12230] - dataFields : TXTusername
[DEBUG][2016-02-10 14:23:59,972][com.java.TestType] [12236] - <In Set values of the page>
[DEBUG][2016-02-10 14:23:59,972][com.java.TestType] [12241] - {Data Fields & Data Values Exist}
[INFO ][2016-02-10 14:23:59,972][com.java.TestType] [12247] - --------------------------setting values-----------------------------
[INFO ][2016-02-10 14:23:59,973][com.java.TestType] [12250] - Action Type : CLEARANDENTER
[INFO ][2016-02-10 14:24:02,239][com.java.TestType] [ 6752] - value = valuelabs.ie10.15019
[INFO ][2016-02-10 14:24:04,626][com.java.TestType] [12269] -  RESULT true
[INFO ][2016-02-10 14:24:04,626][com.java.TestType] [12386] - ?   P A S S   ?
[DEBUG][2016-02-10 14:24:04,627][com.java.TestType] [12192] - Concept ID:1 :: Step being Executed: 1::2
[INFO ][2016-02-10 14:24:04,627][com.java.TestType] [12230] - dataFields : TXTpassword
[DEBUG][2016-02-10 14:24:04,627][com.java.TestType] [12236] - <In Set values of the page>
[DEBUG][2016-02-10 14:24:04,627][com.java.TestType] [12241] - {Data Fields & Data Values Exist}
[INFO ][2016-02-10 14:24:04,627][com.java.TestType] [12247] - --------------------------setting values-----------------------------
[INFO ][2016-02-10 14:24:04,627][com.java.TestType] [12250] - Action Type : CLEARANDENTER
[INFO ][2016-02-10 14:24:06,881][com.java.TestType] [ 6752] - value = Password1*
[INFO ][2016-02-10 14:24:09,400][com.java.TestType] [12269] -  RESULT true
[INFO ][2016-02-10 14:24:09,400][com.java.TestType] [12386] - ?   P A S S   ?
[DEBUG][2016-02-10 14:24:09,400][com.java.TestType] [12192] - Concept ID:1 :: Step being Executed: 1::3
[ERROR][2016-02-10 14:24:09,400][com.java.TestType] [12225] - Exception: null
[INFO ][2016-02-10 14:24:09,400][com.java.TestType] [12230] - dataFields : XPH//button[@type='submit']
[DEBUG][2016-02-10 14:24:09,401][com.java.TestType] [12236] - <In Set values of the page>
[DEBUG][2016-02-10 14:24:09,401][com.java.TestType] [12241] - {Data Fields & Data Values Exist}
[INFO ][2016-02-10 14:24:09,401][com.java.TestType] [12247] - --------------------------setting values-----------------------------
[INFO ][2016-02-10 14:24:09,401][com.java.TestType] [12250] - Action Type : Click
[INFO ][2016-02-10 14:24:09,401][com.java.TestType] [ 7153] - Field ::XPH//button[@type='submit']
[INFO ][2016-02-10 14:24:09,401][com.java.TestType] [ 6752] - value = 
[INFO ][2016-02-10 14:24:10,403][com.java.TestType] [ 7330] - BEFORE CLICK
[INFO ][2016-02-10 14:24:11,254][com.java.TestType] [ 7338] - Unable to click the object Login
[INFO ][2016-02-10 14:24:11,254][com.java.TestType] [12269] -  RESULT true
[INFO ][2016-02-10 14:24:11,254][com.java.TestType] [12386] - ?   P A S S   ?
[DEBUG][2016-02-10 14:24:11,254][com.java.TestType] [12192] - Concept ID:1 :: Step being Executed: 1::4
[INFO ][2016-02-10 14:24:11,254][com.java.TestType] [12230] - dataFields : LNKLogout
[DEBUG][2016-02-10 14:24:11,254][com.java.TestType] [12236] - <In Set values of the page>
[DEBUG][2016-02-10 14:24:11,254][com.java.TestType] [12241] - {Data Fields & Data Values Exist}
[INFO ][2016-02-10 14:24:11,254][com.java.TestType] [12247] - --------------------------setting values-----------------------------
[INFO ][2016-02-10 14:24:11,255][com.java.TestType] [12250] - Action Type : WaitForElement
[INFO ][2016-02-10 14:24:14,603][com.java.TestType] [12269] -  RESULT true
[INFO ][2016-02-10 14:24:14,603][com.java.TestType] [12386] - ?   P A S S   ?
[DEBUG][2016-02-10 14:24:14,603][com.java.TestType] [12192] - Concept ID:1 :: Step being Executed: 1::15
[INFO ][2016-02-10 14:24:14,604][com.java.TestType] [12230] - dataFields : LNK
[DEBUG][2016-02-10 14:24:14,604][com.java.TestType] [12236] - <In Set values of the page>
[DEBUG][2016-02-10 14:24:14,604][com.java.TestType] [12241] - {Data Fields & Data Values Exist}
[INFO ][2016-02-10 14:24:14,604][com.java.TestType] [12247] - --------------------------setting values-----------------------------
[INFO ][2016-02-10 14:24:14,604][com.java.TestType] [12250] - Action Type : Verify
[INFO ][2016-02-10 14:24:14,605][com.java.TestType] [ 8386] - field= LNK value= Logout
[INFO ][2016-02-10 14:24:14,608][com.java.TestType] [ 6752] - value = Logout
[INFO ][2016-02-10 14:24:14,647][com.java.TestType] [12269] -  RESULT true
[INFO ][2016-02-10 14:24:14,647][com.java.TestType] [12386] - ?   P A S S   ?
[DEBUG][2016-02-10 14:24:14,647][com.java.TestType] [12192] - Concept ID:1 :: Step being Executed: 1::16
[INFO ][2016-02-10 14:24:14,647][com.java.TestType] [12230] - dataFields : BTN
[DEBUG][2016-02-10 14:24:14,647][com.java.TestType] [12236] - <In Set values of the page>
[DEBUG][2016-02-10 14:24:14,647][com.java.TestType] [12241] - {Data Fields & Data Values Exist}
[INFO ][2016-02-10 14:24:14,647][com.java.TestType] [12247] - --------------------------setting values-----------------------------
[INFO ][2016-02-10 14:24:14,647][com.java.TestType] [12250] - Action Type : Verify
[INFO ][2016-02-10 14:24:14,647][com.java.TestType] [ 8386] - field= BTN value= //img[contains(@src,'bdlogo.jpg')]
[INFO ][2016-02-10 14:24:14,647][com.java.TestType] [ 6752] - value = //img[contains(@src,'bdlogo.jpg')]
[INFO ][2016-02-10 14:24:14,717][com.java.TestType] [12269] -  RESULT true
[INFO ][2016-02-10 14:24:14,717][com.java.TestType] [12386] - ?   P A S S   ?
[INFO ][2016-02-10 14:24:14,717][com.java.TestType] [12457] - Looping End......
[INFO ][2016-02-10 14:24:14,719][com.java.SeleniumDriver] [  930] -  RESULT true
[INFO ][2016-02-10 14:24:14,719][com.java.SeleniumDriver] [ 1136] - ?   P A S S   ?
[INFO ][2016-02-10 14:24:14,719][com.java.SeleniumDriver] [  856] - ------------------------------------------
[INFO ][2016-02-10 14:24:14,719][com.java.SeleniumDriver] [  857] - Test case being Executed: 1
[INFO ][2016-02-10 14:24:14,719][com.java.SeleniumDriver] [  869] - Test step:2
[INFO ][2016-02-10 14:24:14,719][com.java.SeleniumDriver] [  881] - Datavalue is----------Concept#2:1-2
[INFO ][2016-02-10 14:24:14,719][com.java.SeleniumDriver] [  905] - DataField : test
[INFO ][2016-02-10 14:24:14,719][com.java.SeleniumDriver] [  907] - DataValue : Concept#2:1-2
[INFO ][2016-02-10 14:24:14,719][com.java.SeleniumDriver] [  913] - <In Set values of the page>
[INFO ][2016-02-10 14:24:14,719][com.java.SeleniumDriver] [  916] - {Data Fields & Data Values Exist}
[INFO ][2016-02-10 14:24:14,719][com.java.SeleniumDriver] [  918] - --------------------------setting values-----------------------------
[INFO ][2016-02-10 14:24:14,719][com.java.SeleniumDriver] [  921] - Action Type : ExecuteTestCase
[INFO ][2016-02-10 14:24:14,720][com.java.TestType] [  448] - The Concept sheet name is ---------- Concept
[INFO ][2016-02-10 14:24:14,720][com.java.TestType] [  451] - The Concept ID  is ---------- 2
[DEBUG][2016-02-10 14:24:14,720][com.java.TestType] [  455] - Steps being executted in the Concept are: 1:2
[INFO ][2016-02-10 14:24:14,720][com.java.TestType] [  462] - Test data details path ---------- D:\BankersDashboard\TestInputs\TestData.xls
[INFO ][2016-02-10 14:24:14,738][com.java.TestType] [  493] -  str(1) = 2
[INFO ][2016-02-10 14:24:14,738][com.java.TestType] [  496] - Test case Id is---2
[INFO ][2016-02-10 14:24:14,738][com.java.TestType] [  498] - 2
[INFO ][2016-02-10 14:24:14,739][com.java.TestType] [  493] -  str(2) = 1
[INFO ][2016-02-10 14:24:14,740][com.java.TestType] [  493] -  str(1) = 2
[INFO ][2016-02-10 14:24:14,740][com.java.TestType] [  496] - Test case Id is---2
[INFO ][2016-02-10 14:24:14,740][com.java.TestType] [  498] - 2
[INFO ][2016-02-10 14:24:14,741][com.java.TestType] [  493] -  str(2) = 2
[INFO ][2016-02-10 14:24:14,741][com.java.TestType] [  493] -  str(1) = 2
[INFO ][2016-02-10 14:24:14,741][com.java.TestType] [  496] - Test case Id is---2
[INFO ][2016-02-10 14:24:14,741][com.java.TestType] [  498] - 2
[INFO ][2016-02-10 14:24:14,741][com.java.TestType] [  493] -  str(2) = 3
[INFO ][2016-02-10 14:24:14,742][com.java.TestType] [12151] - Looping 1TCID = 2
[DEBUG][2016-02-10 14:24:14,742][com.java.TestType] [12192] - Concept ID:2 :: Step being Executed: 2::1
[INFO ][2016-02-10 14:24:14,742][com.java.TestType] [12230] - dataFields : BNK//select[@id='bank']
[DEBUG][2016-02-10 14:24:14,742][com.java.TestType] [12236] - <In Set values of the page>
[DEBUG][2016-02-10 14:24:14,742][com.java.TestType] [12241] - {Data Fields & Data Values Exist}
[INFO ][2016-02-10 14:24:14,742][com.java.TestType] [12247] - --------------------------setting values-----------------------------
[INFO ][2016-02-10 14:24:14,743][com.java.TestType] [12250] - Action Type : Select
[INFO ][2016-02-10 14:24:14,743][com.java.TestType] [ 6752] - value = PFC
[INFO ][2016-02-10 14:24:14,986][com.java.TestType] [12269] -  RESULT true
[INFO ][2016-02-10 14:24:14,986][com.java.TestType] [12386] - ?   P A S S   ?
[DEBUG][2016-02-10 14:24:14,986][com.java.TestType] [12192] - Concept ID:2 :: Step being Executed: 2::2
[INFO ][2016-02-10 14:24:14,986][com.java.TestType] [12230] - dataFields : LNKLogout
[DEBUG][2016-02-10 14:24:14,986][com.java.TestType] [12236] - <In Set values of the page>
[DEBUG][2016-02-10 14:24:14,986][com.java.TestType] [12241] - {Data Fields & Data Values Exist}
[INFO ][2016-02-10 14:24:14,986][com.java.TestType] [12247] - --------------------------setting values-----------------------------
[INFO ][2016-02-10 14:24:14,986][com.java.TestType] [12250] - Action Type : WaitTime
[DEBUG][2016-02-10 14:24:14,987][com.java.TestType] [ 6561] - sleepTime: 5000
[INFO ][2016-02-10 14:24:19,988][com.java.TestType] [12269] -  RESULT true
[INFO ][2016-02-10 14:24:19,988][com.java.TestType] [12386] - ?   P A S S   ?
[INFO ][2016-02-10 14:24:19,988][com.java.TestType] [12457] - Looping End......
[INFO ][2016-02-10 14:24:19,989][com.java.SeleniumDriver] [  930] -  RESULT true
[INFO ][2016-02-10 14:24:19,990][com.java.SeleniumDriver] [ 1136] - ?   P A S S   ?
[INFO ][2016-02-10 14:24:19,990][com.java.SeleniumDriver] [  856] - ------------------------------------------
[INFO ][2016-02-10 14:24:19,990][com.java.SeleniumDriver] [  857] - Test case being Executed: 1
[INFO ][2016-02-10 14:24:19,990][com.java.SeleniumDriver] [  869] - Test step:3
[INFO ][2016-02-10 14:24:19,990][com.java.SeleniumDriver] [  881] - Datavalue is----------2
[INFO ][2016-02-10 14:24:19,990][com.java.SeleniumDriver] [  905] - DataField : XPH//button[contains(text(),'Add Content')]
[INFO ][2016-02-10 14:24:19,990][com.java.SeleniumDriver] [  907] - DataValue : 2
[INFO ][2016-02-10 14:24:19,990][com.java.SeleniumDriver] [  913] - <In Set values of the page>
[INFO ][2016-02-10 14:24:19,990][com.java.SeleniumDriver] [  916] - {Data Fields & Data Values Exist}
[INFO ][2016-02-10 14:24:19,990][com.java.SeleniumDriver] [  918] - --------------------------setting values-----------------------------
[INFO ][2016-02-10 14:24:19,990][com.java.SeleniumDriver] [  921] - Action Type : WAITFORELEMENT
[INFO ][2016-02-10 14:24:20,038][com.java.SeleniumDriver] [  930] -  RESULT true
[INFO ][2016-02-10 14:24:20,038][com.java.SeleniumDriver] [ 1136] - ?   P A S S   ?
[DEBUG][2016-02-10 14:24:20,038][com.java.SeleniumDriver] [ 1248] - Case found
[DEBUG][2016-02-10 14:24:20,038][com.java.SeleniumDriver] [ 1253] - Incrementing ReportCounters[0]:1
[INFO ][2016-02-10 14:24:20,038][com.java.SeleniumDriver] [ 1272] - The results are-------------------[1, 1, Valid Login, Pass, , Wed Feb 10 14:24:14 IST 2016, 1, 2, Valid Login, Pass, , Wed Feb 10 14:24:19 IST 2016, 1, 3, Valid Login, Pass, , Wed Feb 10 14:24:20 IST 2016]
[INFO ][2016-02-10 14:24:20,038][com.java.SeleniumDriver] [ 1276] - End time is-------35 sec
[INFO ][2016-02-10 14:24:20,038][com.java.SeleniumDriver] [ 1277] - The results are-------------------[1, 1, Valid Login, Pass, , Wed Feb 10 14:24:14 IST 2016, 1, 2, Valid Login, Pass, , Wed Feb 10 14:24:19 IST 2016, 1, 3, Valid Login, Pass, , Wed Feb 10 14:24:20 IST 2016]
[DEBUG][2016-02-10 14:24:20,039][com.java.ImportnExport.ExportTestResultsExcel] [  222] - testResultPath = D:\BankersDashboard/TestReports/Test Results_BankersDashBoard_021016_142346_IE10_First Bank.xls
[DEBUG][2016-02-10 14:24:20,039][com.java.ImportnExport.ExportTestResultsExcel] [  223] - browser is------------IE10
[DEBUG][2016-02-10 14:24:20,092][com.java.ImportnExport.ExportTestResultsExcel] [  270] - result.size() = 18
[DEBUG][2016-02-10 14:24:20,092][com.java.ImportnExport.ExportTestResultsExcel] [  274] - No of rows in sheet=1
[DEBUG][2016-02-10 14:24:20,092][com.java.ImportnExport.ExportTestResultsExcel] [  301] - ..in export..1
[DEBUG][2016-02-10 14:24:20,092][com.java.ImportnExport.ExportTestResultsExcel] [  301] - ..in export..Valid Login
[DEBUG][2016-02-10 14:24:20,092][com.java.ImportnExport.ExportTestResultsExcel] [  301] - ..in export..Pass
[DEBUG][2016-02-10 14:24:20,092][com.java.ImportnExport.ExportTestResultsExcel] [  301] - ..in export..
[DEBUG][2016-02-10 14:24:20,092][com.java.ImportnExport.ExportTestResultsExcel] [  301] - ..in export..Wed Feb 10 14:24:14 IST 2016
[INFO ][2016-02-10 14:24:20,094][com.java.SeleniumDriver] [ 1337] - out loop:0 size:2 TestCases:[1, 4] testcases:[1, 4]
[INFO ][2016-02-10 14:24:20,094][com.java.ImportnExport.ImportTestDataDetailsExcel] [   49] - test data details path===== D:\BankersDashboard\TestInputs\TestData.xls
[INFO ][2016-02-10 14:24:42,619][com.java.SeleniumDriver] [  856] - ------------------------------------------
[INFO ][2016-02-10 14:24:42,619][com.java.SeleniumDriver] [  857] - Test case being Executed: 4
[INFO ][2016-02-10 14:24:42,619][com.java.SeleniumDriver] [  869] - Test step:1
[INFO ][2016-02-10 14:24:42,619][com.java.SeleniumDriver] [  881] - Datavalue is----------Logout
[INFO ][2016-02-10 14:24:42,619][com.java.SeleniumDriver] [  905] - DataField : BTN
[INFO ][2016-02-10 14:24:42,619][com.java.SeleniumDriver] [  907] - DataValue : Logout
[INFO ][2016-02-10 14:24:42,619][com.java.SeleniumDriver] [  913] - <In Set values of the page>
[INFO ][2016-02-10 14:24:42,619][com.java.SeleniumDriver] [  916] - {Data Fields & Data Values Exist}
[INFO ][2016-02-10 14:24:42,620][com.java.SeleniumDriver] [  918] - --------------------------setting values-----------------------------
[INFO ][2016-02-10 14:24:42,620][com.java.SeleniumDriver] [  921] - Action Type : Verify
[INFO ][2016-02-10 14:24:42,620][com.java.TestType] [ 8386] - field= BTN value= Logout
[INFO ][2016-02-10 14:24:42,620][com.java.TestType] [ 6752] - value = Logout
[INFO ][2016-02-10 14:24:42,691][com.java.SeleniumDriver] [  930] -  RESULT true
[INFO ][2016-02-10 14:24:42,691][com.java.SeleniumDriver] [ 1136] - ?   P A S S   ?
[INFO ][2016-02-10 14:24:42,691][com.java.SeleniumDriver] [ 1178] - step change to 3
[INFO ][2016-02-10 14:24:42,691][com.java.SeleniumDriver] [  856] - ------------------------------------------
[INFO ][2016-02-10 14:24:42,691][com.java.SeleniumDriver] [  857] - Test case being Executed: 4
[INFO ][2016-02-10 14:24:42,692][com.java.SeleniumDriver] [  869] - Test step:3
[INFO ][2016-02-10 14:24:42,692][com.java.SeleniumDriver] [  881] - Datavalue is----------Concept#2:1-3
[INFO ][2016-02-10 14:24:42,692][com.java.SeleniumDriver] [  905] - DataField : test
[INFO ][2016-02-10 14:24:42,692][com.java.SeleniumDriver] [  907] - DataValue : Concept#2:1-3
[INFO ][2016-02-10 14:24:42,692][com.java.SeleniumDriver] [  913] - <In Set values of the page>
[INFO ][2016-02-10 14:24:42,692][com.java.SeleniumDriver] [  916] - {Data Fields & Data Values Exist}
[INFO ][2016-02-10 14:24:42,692][com.java.SeleniumDriver] [  918] - --------------------------setting values-----------------------------
[INFO ][2016-02-10 14:24:42,692][com.java.SeleniumDriver] [  921] - Action Type : ExecuteTestCase
[INFO ][2016-02-10 14:24:42,692][com.java.TestType] [  448] - The Concept sheet name is ---------- Concept
[INFO ][2016-02-10 14:24:42,692][com.java.TestType] [  451] - The Concept ID  is ---------- 2
[DEBUG][2016-02-10 14:24:42,692][com.java.TestType] [  455] - Steps being executted in the Concept are: 1:3
[INFO ][2016-02-10 14:24:42,692][com.java.TestType] [  462] - Test data details path ---------- D:\BankersDashboard\TestInputs\TestData.xls
[INFO ][2016-02-10 14:24:42,709][com.java.TestType] [  493] -  str(1) = 2
[INFO ][2016-02-10 14:24:42,710][com.java.TestType] [  496] - Test case Id is---2
[INFO ][2016-02-10 14:24:42,710][com.java.TestType] [  498] - 2
[INFO ][2016-02-10 14:24:42,710][com.java.TestType] [  493] -  str(2) = 1
[INFO ][2016-02-10 14:24:42,711][com.java.TestType] [  493] -  str(1) = 2
[INFO ][2016-02-10 14:24:42,711][com.java.TestType] [  496] - Test case Id is---2
[INFO ][2016-02-10 14:24:42,711][com.java.TestType] [  498] - 2
[INFO ][2016-02-10 14:24:42,711][com.java.TestType] [  493] -  str(2) = 2
[INFO ][2016-02-10 14:24:42,712][com.java.TestType] [  493] -  str(1) = 2
[INFO ][2016-02-10 14:24:42,712][com.java.TestType] [  496] - Test case Id is---2
[INFO ][2016-02-10 14:24:42,712][com.java.TestType] [  498] - 2
[INFO ][2016-02-10 14:24:42,712][com.java.TestType] [  493] -  str(2) = 3
[INFO ][2016-02-10 14:24:42,713][com.java.TestType] [12151] - Looping 1TCID = 2
[DEBUG][2016-02-10 14:24:42,713][com.java.TestType] [12192] - Concept ID:2 :: Step being Executed: 2::1
[INFO ][2016-02-10 14:24:42,713][com.java.TestType] [12230] - dataFields : BNK//select[@id='bank']
[DEBUG][2016-02-10 14:24:42,713][com.java.TestType] [12236] - <In Set values of the page>
[DEBUG][2016-02-10 14:24:42,713][com.java.TestType] [12241] - {Data Fields & Data Values Exist}
[INFO ][2016-02-10 14:24:42,713][com.java.TestType] [12247] - --------------------------setting values-----------------------------
[INFO ][2016-02-10 14:24:42,713][com.java.TestType] [12250] - Action Type : Select
[INFO ][2016-02-10 14:24:42,713][com.java.TestType] [ 6752] - value = PFC
[INFO ][2016-02-10 14:24:42,914][com.java.TestType] [12269] -  RESULT true
[INFO ][2016-02-10 14:24:42,914][com.java.TestType] [12386] - ?   P A S S   ?
[DEBUG][2016-02-10 14:24:42,914][com.java.TestType] [12192] - Concept ID:2 :: Step being Executed: 2::2
[INFO ][2016-02-10 14:24:42,915][com.java.TestType] [12230] - dataFields : LNKLogout
[DEBUG][2016-02-10 14:24:42,915][com.java.TestType] [12236] - <In Set values of the page>
[DEBUG][2016-02-10 14:24:42,915][com.java.TestType] [12241] - {Data Fields & Data Values Exist}
[INFO ][2016-02-10 14:24:42,915][com.java.TestType] [12247] - --------------------------setting values-----------------------------
[INFO ][2016-02-10 14:24:42,915][com.java.TestType] [12250] - Action Type : WaitTime
[DEBUG][2016-02-10 14:24:42,915][com.java.TestType] [ 6561] - sleepTime: 5000
[INFO ][2016-02-10 14:24:47,916][com.java.TestType] [12269] -  RESULT true
[INFO ][2016-02-10 14:24:47,916][com.java.TestType] [12386] - ?   P A S S   ?
[DEBUG][2016-02-10 14:24:47,916][com.java.TestType] [12192] - Concept ID:2 :: Step being Executed: 2::3
[INFO ][2016-02-10 14:24:47,916][com.java.TestType] [12230] - dataFields : LNKLogout
[DEBUG][2016-02-10 14:24:47,916][com.java.TestType] [12236] - <In Set values of the page>
[DEBUG][2016-02-10 14:24:47,916][com.java.TestType] [12241] - {Data Fields & Data Values Exist}
[INFO ][2016-02-10 14:24:47,916][com.java.TestType] [12247] - --------------------------setting values-----------------------------
[INFO ][2016-02-10 14:24:47,916][com.java.TestType] [12250] - Action Type : WaitForElement
[INFO ][2016-02-10 14:24:48,101][com.java.TestType] [12269] -  RESULT true
[INFO ][2016-02-10 14:24:48,101][com.java.TestType] [12386] - ?   P A S S   ?
[INFO ][2016-02-10 14:24:48,101][com.java.TestType] [12457] - Looping End......
[INFO ][2016-02-10 14:24:48,102][com.java.SeleniumDriver] [  930] -  RESULT true
[INFO ][2016-02-10 14:24:48,103][com.java.SeleniumDriver] [ 1136] - ?   P A S S   ?
[INFO ][2016-02-10 14:24:48,103][com.java.SeleniumDriver] [  856] - ------------------------------------------
[INFO ][2016-02-10 14:24:48,103][com.java.SeleniumDriver] [  857] - Test case being Executed: 4
[INFO ][2016-02-10 14:24:48,103][com.java.SeleniumDriver] [  869] - Test step:4
[INFO ][2016-02-10 14:24:48,103][com.java.SeleniumDriver] [  881] - Datavalue is----------Concept#12:1-11
[INFO ][2016-02-10 14:24:48,106][com.java.SeleniumDriver] [  905] - DataField : test
[INFO ][2016-02-10 14:24:48,106][com.java.SeleniumDriver] [  907] - DataValue : Concept#12:1-11
[INFO ][2016-02-10 14:24:48,106][com.java.SeleniumDriver] [  913] - <In Set values of the page>
[INFO ][2016-02-10 14:24:48,106][com.java.SeleniumDriver] [  916] - {Data Fields & Data Values Exist}
[INFO ][2016-02-10 14:24:48,107][com.java.SeleniumDriver] [  918] - --------------------------setting values-----------------------------
[INFO ][2016-02-10 14:24:48,107][com.java.SeleniumDriver] [  921] - Action Type : ExecuteTestCase
[INFO ][2016-02-10 14:24:48,107][com.java.TestType] [  448] - The Concept sheet name is ---------- Concept
[INFO ][2016-02-10 14:24:48,107][com.java.TestType] [  451] - The Concept ID  is ---------- 12
[DEBUG][2016-02-10 14:24:48,107][com.java.TestType] [  455] - Steps being executted in the Concept are: 1:11
[INFO ][2016-02-10 14:24:48,107][com.java.TestType] [  462] - Test data details path ---------- D:\BankersDashboard\TestInputs\TestData.xls
[INFO ][2016-02-10 14:24:48,127][com.java.TestType] [  493] -  str(1) = 12
[INFO ][2016-02-10 14:24:48,128][com.java.TestType] [  496] - Test case Id is---12
[INFO ][2016-02-10 14:24:48,128][com.java.TestType] [  498] - 12
[INFO ][2016-02-10 14:24:48,128][com.java.TestType] [  493] -  str(2) = 1
[INFO ][2016-02-10 14:24:48,129][com.java.TestType] [  493] -  str(1) = 12
[INFO ][2016-02-10 14:24:48,129][com.java.TestType] [  496] - Test case Id is---12
[INFO ][2016-02-10 14:24:48,129][com.java.TestType] [  498] - 12
[INFO ][2016-02-10 14:24:48,129][com.java.TestType] [  493] -  str(2) = 2
[INFO ][2016-02-10 14:24:48,131][com.java.TestType] [  493] -  str(1) = 12
[INFO ][2016-02-10 14:24:48,131][com.java.TestType] [  496] - Test case Id is---12
[INFO ][2016-02-10 14:24:48,131][com.java.TestType] [  498] - 12
[INFO ][2016-02-10 14:24:48,131][com.java.TestType] [  493] -  str(2) = 3
[INFO ][2016-02-10 14:24:48,131][com.java.TestType] [  493] -  str(1) = 12
[INFO ][2016-02-10 14:24:48,131][com.java.TestType] [  496] - Test case Id is---12
[INFO ][2016-02-10 14:24:48,131][com.java.TestType] [  498] - 12
[INFO ][2016-02-10 14:24:48,132][com.java.TestType] [  493] -  str(2) = 4
[INFO ][2016-02-10 14:24:48,132][com.java.TestType] [  493] -  str(1) = 12
[INFO ][2016-02-10 14:24:48,132][com.java.TestType] [  496] - Test case Id is---12
[INFO ][2016-02-10 14:24:48,132][com.java.TestType] [  498] - 12
[INFO ][2016-02-10 14:24:48,132][com.java.TestType] [  493] -  str(2) = 5
[INFO ][2016-02-10 14:24:48,133][com.java.TestType] [  493] -  str(1) = 12
[INFO ][2016-02-10 14:24:48,133][com.java.TestType] [  496] - Test case Id is---12
[INFO ][2016-02-10 14:24:48,133][com.java.TestType] [  498] - 12
[INFO ][2016-02-10 14:24:48,133][com.java.TestType] [  493] -  str(2) = 6
[INFO ][2016-02-10 14:24:48,134][com.java.TestType] [  493] -  str(1) = 12
[INFO ][2016-02-10 14:24:48,134][com.java.TestType] [  496] - Test case Id is---12
[INFO ][2016-02-10 14:24:48,134][com.java.TestType] [  498] - 12
[INFO ][2016-02-10 14:24:48,134][com.java.TestType] [  493] -  str(2) = 7
[INFO ][2016-02-10 14:24:48,135][com.java.TestType] [  493] -  str(1) = 12
[INFO ][2016-02-10 14:24:48,135][com.java.TestType] [  496] - Test case Id is---12
[INFO ][2016-02-10 14:24:48,135][com.java.TestType] [  498] - 12
[INFO ][2016-02-10 14:24:48,135][com.java.TestType] [  493] -  str(2) = 8
[INFO ][2016-02-10 14:24:48,136][com.java.TestType] [  493] -  str(1) = 12
[INFO ][2016-02-10 14:24:48,136][com.java.TestType] [  496] - Test case Id is---12
[INFO ][2016-02-10 14:24:48,136][com.java.TestType] [  498] - 12
[INFO ][2016-02-10 14:24:48,136][com.java.TestType] [  493] -  str(2) = 9
[INFO ][2016-02-10 14:24:48,137][com.java.TestType] [  493] -  str(1) = 12
[INFO ][2016-02-10 14:24:48,137][com.java.TestType] [  496] - Test case Id is---12
[INFO ][2016-02-10 14:24:48,137][com.java.TestType] [  498] - 12
[INFO ][2016-02-10 14:24:48,137][com.java.TestType] [  493] -  str(2) = 10
[INFO ][2016-02-10 14:24:48,137][com.java.TestType] [  493] -  str(1) = 12
[INFO ][2016-02-10 14:24:48,138][com.java.TestType] [  496] - Test case Id is---12
[INFO ][2016-02-10 14:24:48,138][com.java.TestType] [  498] - 12
[INFO ][2016-02-10 14:24:48,138][com.java.TestType] [  493] -  str(2) = 11
[INFO ][2016-02-10 14:24:48,139][com.java.TestType] [12151] - Looping 1TCID = 12
[DEBUG][2016-02-10 14:24:48,139][com.java.TestType] [12192] - Concept ID:12 :: Step being Executed: 12::1
[ERROR][2016-02-10 14:24:48,139][com.java.TestType] [12225] - Exception: null
[INFO ][2016-02-10 14:24:48,139][com.java.TestType] [12230] - dataFields : BTNparent
[DEBUG][2016-02-10 14:24:48,139][com.java.TestType] [12236] - <In Set values of the page>
[DEBUG][2016-02-10 14:24:48,139][com.java.TestType] [12241] - {Data Fields & Data Values Exist}
[INFO ][2016-02-10 14:24:48,139][com.java.TestType] [12247] - --------------------------setting values-----------------------------
[INFO ][2016-02-10 14:24:48,140][com.java.TestType] [12250] - Action Type : SELECTFRAME
[INFO ][2016-02-10 14:24:48,154][com.java.TestType] [12269] -  RESULT true
[INFO ][2016-02-10 14:24:48,154][com.java.TestType] [12386] - ?   P A S S   ?
[DEBUG][2016-02-10 14:24:48,154][com.java.TestType] [12192] - Concept ID:12 :: Step being Executed: 12::2
[INFO ][2016-02-10 14:24:48,154][com.java.TestType] [12230] - dataFields : test
[DEBUG][2016-02-10 14:24:48,154][com.java.TestType] [12236] - <In Set values of the page>
[DEBUG][2016-02-10 14:24:48,154][com.java.TestType] [12241] - {Data Fields & Data Values Exist}
[INFO ][2016-02-10 14:24:48,154][com.java.TestType] [12247] - --------------------------setting values-----------------------------
[INFO ][2016-02-10 14:24:48,154][com.java.TestType] [12250] - Action Type : OPENURL
[INFO ][2016-02-10 14:24:48,154][com.java.TestType] [ 6752] - value = https://clients-xuat.bankersdashboard.com
[INFO ][2016-02-10 14:24:48,155][com.java.TestType] [  364] - Open URL : https://clients-xuat.bankersdashboard.com
[INFO ][2016-02-10 14:24:50,650][com.java.TestType] [12269] -  RESULT true
[INFO ][2016-02-10 14:24:50,650][com.java.TestType] [12386] - ?   P A S S   ?
[DEBUG][2016-02-10 14:24:50,650][com.java.TestType] [12192] - Concept ID:12 :: Step being Executed: 12::3
[ERROR][2016-02-10 14:24:50,650][com.java.TestType] [12225] - Exception: null
[INFO ][2016-02-10 14:24:50,650][com.java.TestType] [12230] - dataFields : //span[@class='icon-cog2']&&//a[@data-id="UserSettings"]
[DEBUG][2016-02-10 14:24:50,650][com.java.TestType] [12236] - <In Set values of the page>
[DEBUG][2016-02-10 14:24:50,650][com.java.TestType] [12241] - {Data Fields & Data Values Exist}
[INFO ][2016-02-10 14:24:50,650][com.java.TestType] [12247] - --------------------------setting values-----------------------------
[INFO ][2016-02-10 14:24:50,650][com.java.TestType] [12250] - Action Type : MOUSEOVER
[INFO ][2016-02-10 14:25:31,561][com.java.TestType] [12269] -  RESULT true
[INFO ][2016-02-10 14:25:31,561][com.java.TestType] [12386] - ?   P A S S   ?
[DEBUG][2016-02-10 14:25:31,561][com.java.TestType] [12192] - Concept ID:12 :: Step being Executed: 12::4
[INFO ][2016-02-10 14:25:31,562][com.java.TestType] [12230] - dataFields : BTNframeDialogContent
[DEBUG][2016-02-10 14:25:31,562][com.java.TestType] [12236] - <In Set values of the page>
[DEBUG][2016-02-10 14:25:31,562][com.java.TestType] [12241] - {Data Fields & Data Values Exist}
[INFO ][2016-02-10 14:25:31,562][com.java.TestType] [12247] - --------------------------setting values-----------------------------
[INFO ][2016-02-10 14:25:31,562][com.java.TestType] [12250] - Action Type : WaitForElement
[INFO ][2016-02-10 14:25:32,834][com.java.TestType] [12269] -  RESULT true
[INFO ][2016-02-10 14:25:32,834][com.java.TestType] [12386] - ?   P A S S   ?
[DEBUG][2016-02-10 14:25:32,835][com.java.TestType] [12192] - Concept ID:12 :: Step being Executed: 12::5
[ERROR][2016-02-10 14:25:32,835][com.java.TestType] [12225] - Exception: null
[INFO ][2016-02-10 14:25:32,835][com.java.TestType] [12230] - dataFields : BTNframeDialogContent
[DEBUG][2016-02-10 14:25:32,836][com.java.TestType] [12236] - <In Set values of the page>
[DEBUG][2016-02-10 14:25:32,836][com.java.TestType] [12241] - {Data Fields & Data Values Exist}
[INFO ][2016-02-10 14:25:32,836][com.java.TestType] [12247] - --------------------------setting values-----------------------------
[INFO ][2016-02-10 14:25:32,836][com.java.TestType] [12250] - Action Type : SELECTFRAME
[INFO ][2016-02-10 14:25:34,125][com.java.TestType] [12269] -  RESULT true
[INFO ][2016-02-10 14:25:34,125][com.java.TestType] [12386] - ?   P A S S   ?
[DEBUG][2016-02-10 14:25:34,125][com.java.TestType] [12192] - Concept ID:12 :: Step being Executed: 12::6
[INFO ][2016-02-10 14:25:34,125][com.java.TestType] [12230] - dataFields : SLBddlRoundingValue
[DEBUG][2016-02-10 14:25:34,125][com.java.TestType] [12236] - <In Set values of the page>
[DEBUG][2016-02-10 14:25:34,125][com.java.TestType] [12241] - {Data Fields & Data Values Exist}
[INFO ][2016-02-10 14:25:34,126][com.java.TestType] [12247] - --------------------------setting values-----------------------------
[INFO ][2016-02-10 14:25:34,126][com.java.TestType] [12250] - Action Type : SELECT
[INFO ][2016-02-10 14:25:34,126][com.java.TestType] [ 6752] - value = 1
[INFO ][2016-02-10 14:25:36,432][com.java.TestType] [12269] -  RESULT true
[INFO ][2016-02-10 14:25:36,432][com.java.TestType] [12386] - ?   P A S S   ?
[DEBUG][2016-02-10 14:25:36,432][com.java.TestType] [12192] - Concept ID:12 :: Step being Executed: 12::7
[ERROR][2016-02-10 14:25:36,432][com.java.TestType] [12225] - Exception: null
[INFO ][2016-02-10 14:25:36,432][com.java.TestType] [12230] - dataFields : BTNparent
[DEBUG][2016-02-10 14:25:36,432][com.java.TestType] [12236] - <In Set values of the page>
[DEBUG][2016-02-10 14:25:36,433][com.java.TestType] [12241] - {Data Fields & Data Values Exist}
[INFO ][2016-02-10 14:25:36,433][com.java.TestType] [12247] - --------------------------setting values-----------------------------
[INFO ][2016-02-10 14:25:36,433][com.java.TestType] [12250] - Action Type : SELECTFRAME
[INFO ][2016-02-10 14:25:36,448][com.java.TestType] [12269] -  RESULT true
[INFO ][2016-02-10 14:25:36,448][com.java.TestType] [12386] - ?   P A S S   ?
[DEBUG][2016-02-10 14:25:36,448][com.java.TestType] [12192] - Concept ID:12 :: Step being Executed: 12::8
[ERROR][2016-02-10 14:25:36,448][com.java.TestType] [12225] - Exception: null
[INFO ][2016-02-10 14:25:36,448][com.java.TestType] [12230] - dataFields : BTN//span[text()='Finished']
[DEBUG][2016-02-10 14:25:36,448][com.java.TestType] [12236] - <In Set values of the page>
[DEBUG][2016-02-10 14:25:36,448][com.java.TestType] [12241] - {Data Fields & Data Values Exist}
[INFO ][2016-02-10 14:25:36,448][com.java.TestType] [12247] - --------------------------setting values-----------------------------
[INFO ][2016-02-10 14:25:36,449][com.java.TestType] [12250] - Action Type : Click
[INFO ][2016-02-10 14:25:36,449][com.java.TestType] [ 7153] - Field ::BTN//span[text()='Finished']
[INFO ][2016-02-10 14:25:36,449][com.java.TestType] [ 6752] - value = 
[INFO ][2016-02-10 14:25:37,450][com.java.TestType] [ 7309] - BEFORE CLICK
[INFO ][2016-02-10 14:25:37,782][com.java.TestType] [ 7316] - Unable to click the object Finished button
[INFO ][2016-02-10 14:25:37,782][com.java.TestType] [12269] -  RESULT true
[INFO ][2016-02-10 14:25:37,782][com.java.TestType] [12386] - ?   P A S S   ?
[DEBUG][2016-02-10 14:25:37,782][com.java.TestType] [12192] - Concept ID:12 :: Step being Executed: 12::9
[INFO ][2016-02-10 14:25:37,782][com.java.TestType] [12230] - dataFields : XPH//div[contains(text(), 'My Dashboard')]
[DEBUG][2016-02-10 14:25:37,782][com.java.TestType] [12236] - <In Set values of the page>
[DEBUG][2016-02-10 14:25:37,782][com.java.TestType] [12241] - {Data Fields & Data Values Exist}
[INFO ][2016-02-10 14:25:37,783][com.java.TestType] [12247] - --------------------------setting values-----------------------------
[INFO ][2016-02-10 14:25:37,783][com.java.TestType] [12250] - Action Type : WAITFORELEMENT
[INFO ][2016-02-10 14:25:37,818][com.java.TestType] [12269] -  RESULT true
[INFO ][2016-02-10 14:25:37,818][com.java.TestType] [12386] - ?   P A S S   ?
[DEBUG][2016-02-10 14:25:37,818][com.java.TestType] [12192] - Concept ID:12 :: Step being Executed: 12::10
[INFO ][2016-02-10 14:25:37,818][com.java.TestType] [12230] - dataFields : null
[DEBUG][2016-02-10 14:25:37,818][com.java.TestType] [12236] - <In Set values of the page>
[INFO ][2016-02-10 14:25:37,818][com.java.TestType] [12386] - ?   P A S S   ?
[DEBUG][2016-02-10 14:25:37,818][com.java.TestType] [12192] - Concept ID:12 :: Step being Executed: 12::11
[ERROR][2016-02-10 14:25:37,819][com.java.TestType] [12225] - Exception: null
[INFO ][2016-02-10 14:25:37,819][com.java.TestType] [12230] - dataFields : BTNcloseAllTabs
[DEBUG][2016-02-10 14:25:37,819][com.java.TestType] [12236] - <In Set values of the page>
[DEBUG][2016-02-10 14:25:37,819][com.java.TestType] [12241] - {Data Fields & Data Values Exist}
[INFO ][2016-02-10 14:25:37,819][com.java.TestType] [12247] - --------------------------setting values-----------------------------
[INFO ][2016-02-10 14:25:37,819][com.java.TestType] [12250] - Action Type : CLICK
[INFO ][2016-02-10 14:25:37,819][com.java.TestType] [ 7153] - Field ::BTNcloseAllTabs
[INFO ][2016-02-10 14:25:37,819][com.java.TestType] [ 6752] - value = 
[INFO ][2016-02-10 14:25:38,820][com.java.TestType] [ 7309] - BEFORE CLICK
[INFO ][2016-02-10 14:25:40,304][com.java.TestType] [ 7316] - Unable to click the object Close all tabs button
[INFO ][2016-02-10 14:25:40,304][com.java.TestType] [12269] -  RESULT true
[INFO ][2016-02-10 14:25:40,304][com.java.TestType] [12386] - ?   P A S S   ?
[INFO ][2016-02-10 14:25:40,304][com.java.TestType] [12457] - Looping End......
[INFO ][2016-02-10 14:25:40,306][com.java.SeleniumDriver] [  930] -  RESULT true
[INFO ][2016-02-10 14:25:40,306][com.java.SeleniumDriver] [ 1136] - ?   P A S S   ?
[INFO ][2016-02-10 14:25:40,306][com.java.SeleniumDriver] [  856] - ------------------------------------------
[INFO ][2016-02-10 14:25:40,306][com.java.SeleniumDriver] [  857] - Test case being Executed: 4
[INFO ][2016-02-10 14:25:40,306][com.java.SeleniumDriver] [  869] - Test step:5
[INFO ][2016-02-10 14:25:40,306][com.java.SeleniumDriver] [  881] - Datavalue is----------null
[DEBUG][2016-02-10 14:25:40,306][com.java.SeleniumDriver] [  899] - Exception: null
[INFO ][2016-02-10 14:25:40,306][com.java.SeleniumDriver] [  905] - DataField : //span[@class="icon-cog2"]&&//a[text()='Customize']&&//a[@data-id="TabletAlerts"]
[INFO ][2016-02-10 14:25:40,306][com.java.SeleniumDriver] [  907] - DataValue : 
[INFO ][2016-02-10 14:25:40,306][com.java.SeleniumDriver] [  913] - <In Set values of the page>
[INFO ][2016-02-10 14:25:40,306][com.java.SeleniumDriver] [  916] - {Data Fields & Data Values Exist}
[INFO ][2016-02-10 14:25:40,306][com.java.SeleniumDriver] [  918] - --------------------------setting values-----------------------------
[INFO ][2016-02-10 14:25:40,306][com.java.SeleniumDriver] [  921] - Action Type : MOUSEOVER
[INFO ][2016-02-10 14:26:24,813][com.java.SeleniumDriver] [  930] -  RESULT true
[INFO ][2016-02-10 14:26:24,813][com.java.SeleniumDriver] [ 1136] - ?   P A S S   ?
[INFO ][2016-02-10 14:26:24,813][com.java.SeleniumDriver] [  856] - ------------------------------------------
[INFO ][2016-02-10 14:26:24,814][com.java.SeleniumDriver] [  857] - Test case being Executed: 4
[INFO ][2016-02-10 14:26:24,814][com.java.SeleniumDriver] [  869] - Test step:6
[INFO ][2016-02-10 14:26:24,814][com.java.SeleniumDriver] [  881] - Datavalue is----------My Alerts
[INFO ][2016-02-10 14:26:24,814][com.java.SeleniumDriver] [  905] - DataField : XPH//span[@class='ui-dialog-title']
[INFO ][2016-02-10 14:26:24,814][com.java.SeleniumDriver] [  907] - DataValue : My Alerts
[INFO ][2016-02-10 14:26:24,815][com.java.SeleniumDriver] [  913] - <In Set values of the page>
[INFO ][2016-02-10 14:26:24,815][com.java.SeleniumDriver] [  916] - {Data Fields & Data Values Exist}
[INFO ][2016-02-10 14:26:24,816][com.java.SeleniumDriver] [  918] - --------------------------setting values-----------------------------
[INFO ][2016-02-10 14:26:24,816][com.java.SeleniumDriver] [  921] - Action Type : verify
[INFO ][2016-02-10 14:26:24,816][com.java.TestType] [ 8386] - field= XPH//span[@class='ui-dialog-title'] value= My Alerts
[INFO ][2016-02-10 14:26:24,816][com.java.TestType] [ 6752] - value = My Alerts
[INFO ][2016-02-10 14:26:24,980][com.java.SeleniumDriver] [  930] -  RESULT true
[INFO ][2016-02-10 14:26:24,980][com.java.SeleniumDriver] [ 1136] - ?   P A S S   ?
[INFO ][2016-02-10 14:26:24,980][com.java.SeleniumDriver] [  856] - ------------------------------------------
[INFO ][2016-02-10 14:26:24,980][com.java.SeleniumDriver] [  857] - Test case being Executed: 4
[INFO ][2016-02-10 14:26:24,980][com.java.SeleniumDriver] [  869] - Test step:7
[INFO ][2016-02-10 14:26:24,980][com.java.SeleniumDriver] [  881] - Datavalue is----------null
[DEBUG][2016-02-10 14:26:24,980][com.java.SeleniumDriver] [  899] - Exception: null
[INFO ][2016-02-10 14:26:24,980][com.java.SeleniumDriver] [  905] - DataField : BTNframeDialogContent
[INFO ][2016-02-10 14:26:24,980][com.java.SeleniumDriver] [  907] - DataValue : 
[INFO ][2016-02-10 14:26:24,980][com.java.SeleniumDriver] [  913] - <In Set values of the page>
[INFO ][2016-02-10 14:26:24,981][com.java.SeleniumDriver] [  916] - {Data Fields & Data Values Exist}
[INFO ][2016-02-10 14:26:24,981][com.java.SeleniumDriver] [  918] - --------------------------setting values-----------------------------
[INFO ][2016-02-10 14:26:24,981][com.java.SeleniumDriver] [  921] - Action Type : SELECTFRAME
[INFO ][2016-02-10 14:26:26,282][com.java.SeleniumDriver] [  930] -  RESULT true
[INFO ][2016-02-10 14:26:26,282][com.java.SeleniumDriver] [ 1136] - ?   P A S S   ?
[INFO ][2016-02-10 14:26:26,282][com.java.SeleniumDriver] [  856] - ------------------------------------------
[INFO ][2016-02-10 14:26:26,282][com.java.SeleniumDriver] [  857] - Test case being Executed: 4
[INFO ][2016-02-10 14:26:26,282][com.java.SeleniumDriver] [  869] - Test step:8
[INFO ][2016-02-10 14:26:26,282][com.java.SeleniumDriver] [  881] - Datavalue is----------Income Statement
[INFO ][2016-02-10 14:26:26,282][com.java.SeleniumDriver] [  905] - DataField : XPH//span[contains(text(),'Income Statement')]
[INFO ][2016-02-10 14:26:26,282][com.java.SeleniumDriver] [  907] - DataValue : Income Statement
[INFO ][2016-02-10 14:26:26,282][com.java.SeleniumDriver] [  913] - <In Set values of the page>
[INFO ][2016-02-10 14:26:26,282][com.java.SeleniumDriver] [  916] - {Data Fields & Data Values Exist}
[INFO ][2016-02-10 14:26:26,282][com.java.SeleniumDriver] [  918] - --------------------------setting values-----------------------------
[INFO ][2016-02-10 14:26:26,282][com.java.SeleniumDriver] [  921] - Action Type : VERIFY
[INFO ][2016-02-10 14:26:26,282][com.java.TestType] [ 8386] - field= XPH//span[contains(text(),'Income Statement')] value= Income Statement
[INFO ][2016-02-10 14:26:26,283][com.java.TestType] [ 6752] - value = Income Statement
[INFO ][2016-02-10 14:26:26,347][com.java.SeleniumDriver] [  930] -  RESULT true
[INFO ][2016-02-10 14:26:26,347][com.java.SeleniumDriver] [ 1136] - ?   P A S S   ?
[INFO ][2016-02-10 14:26:26,347][com.java.SeleniumDriver] [  856] - ------------------------------------------
[INFO ][2016-02-10 14:26:26,347][com.java.SeleniumDriver] [  857] - Test case being Executed: 4
[INFO ][2016-02-10 14:26:26,347][com.java.SeleniumDriver] [  869] - Test step:9
[INFO ][2016-02-10 14:26:26,347][com.java.SeleniumDriver] [  881] - Datavalue is----------null
[DEBUG][2016-02-10 14:26:26,347][com.java.SeleniumDriver] [  899] - Exception: null
[INFO ][2016-02-10 14:26:26,347][com.java.SeleniumDriver] [  905] - DataField : XPH//span[contains(text(),'Income Statement')]
[INFO ][2016-02-10 14:26:26,347][com.java.SeleniumDriver] [  907] - DataValue : 
[INFO ][2016-02-10 14:26:26,348][com.java.SeleniumDriver] [  913] - <In Set values of the page>
[INFO ][2016-02-10 14:26:26,348][com.java.SeleniumDriver] [  916] - {Data Fields & Data Values Exist}
[INFO ][2016-02-10 14:26:26,348][com.java.SeleniumDriver] [  918] - --------------------------setting values-----------------------------
[INFO ][2016-02-10 14:26:26,348][com.java.SeleniumDriver] [  921] - Action Type : CLICK
[INFO ][2016-02-10 14:26:26,348][com.java.TestType] [ 7153] - Field ::XPH//span[contains(text(),'Income Statement')]
[INFO ][2016-02-10 14:26:26,348][com.java.TestType] [ 6752] - value = 
[INFO ][2016-02-10 14:26:27,349][com.java.TestType] [ 7330] - BEFORE CLICK
[INFO ][2016-02-10 14:26:28,291][com.java.TestType] [ 7338] - Unable to click the object Income Statement
[INFO ][2016-02-10 14:26:28,291][com.java.SeleniumDriver] [  930] -  RESULT true
[INFO ][2016-02-10 14:26:28,291][com.java.SeleniumDriver] [ 1136] - ?   P A S S   ?
[INFO ][2016-02-10 14:26:28,291][com.java.SeleniumDriver] [  856] - ------------------------------------------
[INFO ][2016-02-10 14:26:28,291][com.java.SeleniumDriver] [  857] - Test case being Executed: 4
[INFO ][2016-02-10 14:26:28,291][com.java.SeleniumDriver] [  869] - Test step:10
[INFO ][2016-02-10 14:26:28,291][com.java.SeleniumDriver] [  881] - Datavalue is----------5
[INFO ][2016-02-10 14:26:28,292][com.java.SeleniumDriver] [  905] - DataField : test
[INFO ][2016-02-10 14:26:28,292][com.java.SeleniumDriver] [  907] - DataValue : 5
[INFO ][2016-02-10 14:26:28,292][com.java.SeleniumDriver] [  913] - <In Set values of the page>
[INFO ][2016-02-10 14:26:28,292][com.java.SeleniumDriver] [  916] - {Data Fields & Data Values Exist}
[INFO ][2016-02-10 14:26:28,292][com.java.SeleniumDriver] [  918] - --------------------------setting values-----------------------------
[INFO ][2016-02-10 14:26:28,292][com.java.SeleniumDriver] [  921] - Action Type : WAITTIME
[DEBUG][2016-02-10 14:26:28,292][com.java.TestType] [ 6561] - sleepTime: 5000
[INFO ][2016-02-10 14:26:33,292][com.java.SeleniumDriver] [  930] -  RESULT true
[INFO ][2016-02-10 14:26:33,292][com.java.SeleniumDriver] [ 1136] - ?   P A S S   ?
[INFO ][2016-02-10 14:26:33,292][com.java.SeleniumDriver] [  856] - ------------------------------------------
[INFO ][2016-02-10 14:26:33,292][com.java.SeleniumDriver] [  857] - Test case being Executed: 4
[INFO ][2016-02-10 14:26:33,292][com.java.SeleniumDriver] [  869] - Test step:11
[INFO ][2016-02-10 14:26:33,292][com.java.SeleniumDriver] [  881] - Datavalue is----------RMD0
[INFO ][2016-02-10 14:26:33,292][com.java.SeleniumDriver] [  905] - DataField : TXT//table[@id="IncomeTbl" ]/tbody//td[4]/input[@class="perVal"]
[INFO ][2016-02-10 14:26:33,292][com.java.SeleniumDriver] [  907] - DataValue : RMD0
[INFO ][2016-02-10 14:26:33,292][com.java.SeleniumDriver] [  913] - <In Set values of the page>
[INFO ][2016-02-10 14:26:33,292][com.java.SeleniumDriver] [  916] - {Data Fields & Data Values Exist}
[INFO ][2016-02-10 14:26:33,292][com.java.SeleniumDriver] [  918] - --------------------------setting values-----------------------------
[INFO ][2016-02-10 14:26:33,292][com.java.SeleniumDriver] [  921] - Action Type : CLEARANDENTER
[INFO ][2016-02-10 14:26:33,418][com.java.TestType] [ 6752] - value = 05
[INFO ][2016-02-10 14:26:33,551][com.java.SeleniumDriver] [  930] -  RESULT true
[INFO ][2016-02-10 14:26:33,551][com.java.SeleniumDriver] [ 1136] - ?   P A S S   ?
[INFO ][2016-02-10 14:26:33,553][com.java.SeleniumDriver] [  856] - ------------------------------------------
[INFO ][2016-02-10 14:26:33,553][com.java.SeleniumDriver] [  857] - Test case being Executed: 4
[INFO ][2016-02-10 14:26:33,553][com.java.SeleniumDriver] [  869] - Test step:12
[INFO ][2016-02-10 14:26:33,553][com.java.SeleniumDriver] [  881] - Datavalue is----------null
[DEBUG][2016-02-10 14:26:33,553][com.java.SeleniumDriver] [  899] - Exception: null
[INFO ][2016-02-10 14:26:33,553][com.java.SeleniumDriver] [  905] - DataField : BTNparent
[INFO ][2016-02-10 14:26:33,553][com.java.SeleniumDriver] [  907] - DataValue : 
[INFO ][2016-02-10 14:26:33,553][com.java.SeleniumDriver] [  913] - <In Set values of the page>
[INFO ][2016-02-10 14:26:33,553][com.java.SeleniumDriver] [  916] - {Data Fields & Data Values Exist}
[INFO ][2016-02-10 14:26:33,553][com.java.SeleniumDriver] [  918] - --------------------------setting values-----------------------------
[INFO ][2016-02-10 14:26:33,553][com.java.SeleniumDriver] [  921] - Action Type : SELECTFRAME
[INFO ][2016-02-10 14:26:33,568][com.java.SeleniumDriver] [  930] -  RESULT true
[INFO ][2016-02-10 14:26:33,568][com.java.SeleniumDriver] [ 1136] - ?   P A S S   ?
[INFO ][2016-02-10 14:26:33,568][com.java.SeleniumDriver] [  856] - ------------------------------------------
[INFO ][2016-02-10 14:26:33,568][com.java.SeleniumDriver] [  857] - Test case being Executed: 4
[INFO ][2016-02-10 14:26:33,568][com.java.SeleniumDriver] [  869] - Test step:13
[INFO ][2016-02-10 14:26:33,568][com.java.SeleniumDriver] [  881] - Datavalue is----------null
[DEBUG][2016-02-10 14:26:33,568][com.java.SeleniumDriver] [  899] - Exception: null
[INFO ][2016-02-10 14:26:33,568][com.java.SeleniumDriver] [  905] - DataField : HDN//span[contains(text(),'Save')]
[INFO ][2016-02-10 14:26:33,568][com.java.SeleniumDriver] [  907] - DataValue : 
[INFO ][2016-02-10 14:26:33,568][com.java.SeleniumDriver] [  913] - <In Set values of the page>
[INFO ][2016-02-10 14:26:33,568][com.java.SeleniumDriver] [  916] - {Data Fields & Data Values Exist}
[INFO ][2016-02-10 14:26:33,569][com.java.SeleniumDriver] [  918] - --------------------------setting values-----------------------------
[INFO ][2016-02-10 14:26:33,569][com.java.SeleniumDriver] [  921] - Action Type : CLICK
[INFO ][2016-02-10 14:26:33,569][com.java.TestType] [ 7153] - Field ::HDN//span[contains(text(),'Save')]
[INFO ][2016-02-10 14:26:33,569][com.java.TestType] [ 6752] - value = 
[INFO ][2016-02-10 14:26:34,871][com.java.SeleniumDriver] [  930] -  RESULT true
[INFO ][2016-02-10 14:26:34,871][com.java.SeleniumDriver] [ 1136] - ?   P A S S   ?
[INFO ][2016-02-10 14:26:34,871][com.java.SeleniumDriver] [  856] - ------------------------------------------
[INFO ][2016-02-10 14:26:34,871][com.java.SeleniumDriver] [  857] - Test case being Executed: 4
[INFO ][2016-02-10 14:26:34,871][com.java.SeleniumDriver] [  869] - Test step:14
[INFO ][2016-02-10 14:26:34,871][com.java.SeleniumDriver] [  881] - Datavalue is----------null
[DEBUG][2016-02-10 14:26:34,871][com.java.SeleniumDriver] [  899] - Exception: null
[INFO ][2016-02-10 14:26:34,871][com.java.SeleniumDriver] [  905] - DataField : XPH//div[@class="menu"]//span[@class='glyphicon glyphicon-bell']
[INFO ][2016-02-10 14:26:34,872][com.java.SeleniumDriver] [  907] - DataValue : 
[INFO ][2016-02-10 14:26:34,872][com.java.SeleniumDriver] [  913] - <In Set values of the page>
[INFO ][2016-02-10 14:26:34,872][com.java.SeleniumDriver] [  916] - {Data Fields & Data Values Exist}
[INFO ][2016-02-10 14:26:34,872][com.java.SeleniumDriver] [  918] - --------------------------setting values-----------------------------
[INFO ][2016-02-10 14:26:34,872][com.java.SeleniumDriver] [  921] - Action Type : CLICK
[INFO ][2016-02-10 14:26:34,872][com.java.TestType] [ 7153] - Field ::XPH//div[@class="menu"]//span[@class='glyphicon glyphicon-bell']
[INFO ][2016-02-10 14:26:34,872][com.java.TestType] [ 6752] - value = 
[INFO ][2016-02-10 14:26:35,872][com.java.TestType] [ 7330] - BEFORE CLICK
[INFO ][2016-02-10 14:26:37,254][com.java.TestType] [ 7338] - Unable to click the object Click on  bell symbol
[INFO ][2016-02-10 14:26:37,254][com.java.SeleniumDriver] [  930] -  RESULT true
[INFO ][2016-02-10 14:26:37,254][com.java.SeleniumDriver] [ 1136] - ?   P A S S   ?
[INFO ][2016-02-10 14:26:37,254][com.java.SeleniumDriver] [  856] - ------------------------------------------
[INFO ][2016-02-10 14:26:37,254][com.java.SeleniumDriver] [  857] - Test case being Executed: 4
[INFO ][2016-02-10 14:26:37,254][com.java.SeleniumDriver] [  869] - Test step:15
[INFO ][2016-02-10 14:26:37,254][com.java.SeleniumDriver] [  881] - Datavalue is----------null
[DEBUG][2016-02-10 14:26:37,254][com.java.SeleniumDriver] [  899] - Exception: null
[INFO ][2016-02-10 14:26:37,254][com.java.SeleniumDriver] [  905] - DataField : XPH//div[@class='body']/div[4]/div[2]
[INFO ][2016-02-10 14:26:37,254][com.java.SeleniumDriver] [  907] - DataValue : 
[INFO ][2016-02-10 14:26:37,254][com.java.SeleniumDriver] [  913] - <In Set values of the page>
[INFO ][2016-02-10 14:26:37,254][com.java.SeleniumDriver] [  916] - {Data Fields & Data Values Exist}
[INFO ][2016-02-10 14:26:37,255][com.java.SeleniumDriver] [  918] - --------------------------setting values-----------------------------
[INFO ][2016-02-10 14:26:37,255][com.java.SeleniumDriver] [  921] - Action Type : CLICK
[INFO ][2016-02-10 14:26:37,255][com.java.TestType] [ 7153] - Field ::XPH//div[@class='body']/div[4]/div[2]
[INFO ][2016-02-10 14:26:37,255][com.java.TestType] [ 6752] - value = 
[INFO ][2016-02-10 14:26:38,255][com.java.TestType] [ 7330] - BEFORE CLICK
[INFO ][2016-02-10 14:26:39,201][com.java.TestType] [ 7338] - Unable to click the object Click on the Today's Alert Page
[INFO ][2016-02-10 14:26:39,201][com.java.SeleniumDriver] [  930] -  RESULT true
[INFO ][2016-02-10 14:26:39,201][com.java.SeleniumDriver] [ 1136] - ?   P A S S   ?
[INFO ][2016-02-10 14:26:39,201][com.java.SeleniumDriver] [  856] - ------------------------------------------
[INFO ][2016-02-10 14:26:39,201][com.java.SeleniumDriver] [  857] - Test case being Executed: 4
[INFO ][2016-02-10 14:26:39,201][com.java.SeleniumDriver] [  869] - Test step:16
[INFO ][2016-02-10 14:26:39,201][com.java.SeleniumDriver] [  881] - Datavalue is----------//div[@class="menu-drawer"]//span
[INFO ][2016-02-10 14:26:39,201][com.java.SeleniumDriver] [  905] - DataField : BTN
[INFO ][2016-02-10 14:26:39,201][com.java.SeleniumDriver] [  907] - DataValue : //div[@class="menu-drawer"]//span
[INFO ][2016-02-10 14:26:39,201][com.java.SeleniumDriver] [  913] - <In Set values of the page>
[INFO ][2016-02-10 14:26:39,201][com.java.SeleniumDriver] [  916] - {Data Fields & Data Values Exist}
[INFO ][2016-02-10 14:26:39,201][com.java.SeleniumDriver] [  918] - --------------------------setting values-----------------------------
[INFO ][2016-02-10 14:26:39,202][com.java.SeleniumDriver] [  921] - Action Type : VERIFY
[INFO ][2016-02-10 14:26:39,202][com.java.TestType] [ 8386] - field= BTN value= //div[@class="menu-drawer"]//span
[INFO ][2016-02-10 14:26:39,202][com.java.TestType] [ 6752] - value = //div[@class="menu-drawer"]//span
[INFO ][2016-02-10 14:26:39,301][com.java.SeleniumDriver] [  930] -  RESULT true
[INFO ][2016-02-10 14:26:39,301][com.java.SeleniumDriver] [ 1136] - ?   P A S S   ?
[INFO ][2016-02-10 14:26:39,301][com.java.SeleniumDriver] [  856] - ------------------------------------------
[INFO ][2016-02-10 14:26:39,301][com.java.SeleniumDriver] [  857] - Test case being Executed: 4
[INFO ][2016-02-10 14:26:39,301][com.java.SeleniumDriver] [  869] - Test step:17
[INFO ][2016-02-10 14:26:39,301][com.java.SeleniumDriver] [  881] - Datavalue is----------//div[@id='isAlertsHeading']/h4
[INFO ][2016-02-10 14:26:39,301][com.java.SeleniumDriver] [  905] - DataField : BTN
[INFO ][2016-02-10 14:26:39,301][com.java.SeleniumDriver] [  907] - DataValue : //div[@id='isAlertsHeading']/h4
[INFO ][2016-02-10 14:26:39,301][com.java.SeleniumDriver] [  913] - <In Set values of the page>
[INFO ][2016-02-10 14:26:39,301][com.java.SeleniumDriver] [  916] - {Data Fields & Data Values Exist}
[INFO ][2016-02-10 14:26:39,302][com.java.SeleniumDriver] [  918] - --------------------------setting values-----------------------------
[INFO ][2016-02-10 14:26:39,302][com.java.SeleniumDriver] [  921] - Action Type : VERIFY
[INFO ][2016-02-10 14:26:39,302][com.java.TestType] [ 8386] - field= BTN value= //div[@id='isAlertsHeading']/h4
[INFO ][2016-02-10 14:26:39,302][com.java.TestType] [ 6752] - value = //div[@id='isAlertsHeading']/h4
[INFO ][2016-02-10 14:26:39,371][com.java.SeleniumDriver] [  930] -  RESULT true
[INFO ][2016-02-10 14:26:39,371][com.java.SeleniumDriver] [ 1136] - ?   P A S S   ?
[INFO ][2016-02-10 14:26:39,371][com.java.SeleniumDriver] [  856] - ------------------------------------------
[INFO ][2016-02-10 14:26:39,371][com.java.SeleniumDriver] [  857] - Test case being Executed: 4
[INFO ][2016-02-10 14:26:39,371][com.java.SeleniumDriver] [  869] - Test step:18
[INFO ][2016-02-10 14:26:39,371][com.java.SeleniumDriver] [  881] - Datavalue is----------null
[DEBUG][2016-02-10 14:26:39,371][com.java.SeleniumDriver] [  899] - Exception: null
[INFO ][2016-02-10 14:26:39,372][com.java.SeleniumDriver] [  905] - DataField : XPH//div[@class="panel panel-default ng-scope"]/div[@id='isAlertsHeading']/h4
[INFO ][2016-02-10 14:26:39,372][com.java.SeleniumDriver] [  907] - DataValue : 
[INFO ][2016-02-10 14:26:39,372][com.java.SeleniumDriver] [  913] - <In Set values of the page>
[INFO ][2016-02-10 14:26:39,372][com.java.SeleniumDriver] [  916] - {Data Fields & Data Values Exist}
[INFO ][2016-02-10 14:26:39,372][com.java.SeleniumDriver] [  918] - --------------------------setting values-----------------------------
[INFO ][2016-02-10 14:26:39,372][com.java.SeleniumDriver] [  921] - Action Type : CLICK
[INFO ][2016-02-10 14:26:39,372][com.java.TestType] [ 7153] - Field ::XPH//div[@class="panel panel-default ng-scope"]/div[@id='isAlertsHeading']/h4
[INFO ][2016-02-10 14:26:39,372][com.java.TestType] [ 6752] - value = 
[INFO ][2016-02-10 14:26:40,372][com.java.TestType] [ 7330] - BEFORE CLICK
[INFO ][2016-02-10 14:26:41,269][com.java.TestType] [ 7338] - Unable to click the object Click on Income Statement tab
[INFO ][2016-02-10 14:26:41,269][com.java.SeleniumDriver] [  930] -  RESULT true
[INFO ][2016-02-10 14:26:41,269][com.java.SeleniumDriver] [ 1136] - ?   P A S S   ?
[INFO ][2016-02-10 14:26:41,269][com.java.SeleniumDriver] [  856] - ------------------------------------------
[INFO ][2016-02-10 14:26:41,269][com.java.SeleniumDriver] [  857] - Test case being Executed: 4
[INFO ][2016-02-10 14:26:41,269][com.java.SeleniumDriver] [  869] - Test step:19
[INFO ][2016-02-10 14:26:41,269][com.java.SeleniumDriver] [  881] - Datavalue is----------3
[INFO ][2016-02-10 14:26:41,269][com.java.SeleniumDriver] [  905] - DataField : null
[INFO ][2016-02-10 14:26:41,269][com.java.SeleniumDriver] [  907] - DataValue : 3
[INFO ][2016-02-10 14:26:41,269][com.java.SeleniumDriver] [  913] - <In Set values of the page>
[INFO ][2016-02-10 14:26:41,270][com.java.SeleniumDriver] [  916] - {Data Fields & Data Values Exist}
[INFO ][2016-02-10 14:26:41,270][com.java.SeleniumDriver] [  918] - --------------------------setting values-----------------------------
[INFO ][2016-02-10 14:26:41,270][com.java.SeleniumDriver] [  921] - Action Type : WAITTIME
[DEBUG][2016-02-10 14:26:41,270][com.java.TestType] [ 6561] - sleepTime: 3000
[INFO ][2016-02-10 14:26:44,270][com.java.SeleniumDriver] [  930] -  RESULT true
[INFO ][2016-02-10 14:26:44,270][com.java.SeleniumDriver] [ 1136] - ?   P A S S   ?
[INFO ][2016-02-10 14:26:44,270][com.java.SeleniumDriver] [  856] - ------------------------------------------
[INFO ][2016-02-10 14:26:44,270][com.java.SeleniumDriver] [  857] - Test case being Executed: 4
[INFO ][2016-02-10 14:26:44,270][com.java.SeleniumDriver] [  869] - Test step:20
[INFO ][2016-02-10 14:26:44,270][com.java.SeleniumDriver] [  881] - Datavalue is----------::glyphicon-play down
[INFO ][2016-02-10 14:26:44,270][com.java.SeleniumDriver] [  905] - DataField : CCM//div[@class="panel panel-default ng-scope"]/div[@id='isAlertsHeading']/h4/span
[INFO ][2016-02-10 14:26:44,270][com.java.SeleniumDriver] [  907] - DataValue : ::glyphicon-play down
[INFO ][2016-02-10 14:26:44,271][com.java.SeleniumDriver] [  913] - <In Set values of the page>
[INFO ][2016-02-10 14:26:44,271][com.java.SeleniumDriver] [  916] - {Data Fields & Data Values Exist}
[INFO ][2016-02-10 14:26:44,271][com.java.SeleniumDriver] [  918] - --------------------------setting values-----------------------------
[INFO ][2016-02-10 14:26:44,271][com.java.SeleniumDriver] [  921] - Action Type : VERIFY
[INFO ][2016-02-10 14:26:44,271][com.java.TestType] [ 8386] - field= CCM//div[@class="panel panel-default ng-scope"]/div[@id='isAlertsHeading']/h4/span value= ::glyphicon-play down
[INFO ][2016-02-10 14:26:44,271][com.java.TestType] [ 6752] - value = ::glyphicon-play down
[INFO ][2016-02-10 14:26:44,422][com.java.SeleniumDriver] [  930] -  RESULT true
[INFO ][2016-02-10 14:26:44,422][com.java.SeleniumDriver] [ 1136] - ?   P A S S   ?
[INFO ][2016-02-10 14:26:44,422][com.java.SeleniumDriver] [ 1178] - step change to 23
[INFO ][2016-02-10 14:26:44,422][com.java.SeleniumDriver] [  856] - ------------------------------------------
[INFO ][2016-02-10 14:26:44,422][com.java.SeleniumDriver] [  857] - Test case being Executed: 4
[INFO ][2016-02-10 14:26:44,422][com.java.SeleniumDriver] [  869] - Test step:23
[INFO ][2016-02-10 14:26:44,422][com.java.SeleniumDriver] [  881] - Datavalue is----------2
[INFO ][2016-02-10 14:26:44,423][com.java.SeleniumDriver] [  905] - DataField : null
[INFO ][2016-02-10 14:26:44,423][com.java.SeleniumDriver] [  907] - DataValue : 2
[INFO ][2016-02-10 14:26:44,423][com.java.SeleniumDriver] [  913] - <In Set values of the page>
[INFO ][2016-02-10 14:26:44,423][com.java.SeleniumDriver] [  916] - {Data Fields & Data Values Exist}
[INFO ][2016-02-10 14:26:44,423][com.java.SeleniumDriver] [  918] - --------------------------setting values-----------------------------
[INFO ][2016-02-10 14:26:44,423][com.java.SeleniumDriver] [  921] - Action Type : WAITTIME
[DEBUG][2016-02-10 14:26:44,423][com.java.TestType] [ 6561] - sleepTime: 2000
[INFO ][2016-02-10 14:26:46,423][com.java.SeleniumDriver] [  930] -  RESULT true
[INFO ][2016-02-10 14:26:46,423][com.java.SeleniumDriver] [ 1136] - ?   P A S S   ?
[INFO ][2016-02-10 14:26:46,423][com.java.SeleniumDriver] [  856] - ------------------------------------------
[INFO ][2016-02-10 14:26:46,423][com.java.SeleniumDriver] [  857] - Test case being Executed: 4
[INFO ][2016-02-10 14:26:46,423][com.java.SeleniumDriver] [  869] - Test step:24
[INFO ][2016-02-10 14:26:46,423][com.java.SeleniumDriver] [  881] - Datavalue is----------null
[DEBUG][2016-02-10 14:26:46,423][com.java.SeleniumDriver] [  899] - Exception: null
[INFO ][2016-02-10 14:26:46,423][com.java.SeleniumDriver] [  905] - DataField : XPH//div[@class="panel panel-default ng-scope"]/div[@id='isAlertsHeading']/h4
[INFO ][2016-02-10 14:26:46,423][com.java.SeleniumDriver] [  907] - DataValue : 
[INFO ][2016-02-10 14:26:46,423][com.java.SeleniumDriver] [  913] - <In Set values of the page>
[INFO ][2016-02-10 14:26:46,423][com.java.SeleniumDriver] [  916] - {Data Fields & Data Values Exist}
[INFO ][2016-02-10 14:26:46,423][com.java.SeleniumDriver] [  918] - --------------------------setting values-----------------------------
[INFO ][2016-02-10 14:26:46,424][com.java.SeleniumDriver] [  921] - Action Type : CLICK
[INFO ][2016-02-10 14:26:46,424][com.java.TestType] [ 7153] - Field ::XPH//div[@class="panel panel-default ng-scope"]/div[@id='isAlertsHeading']/h4
[INFO ][2016-02-10 14:26:46,424][com.java.TestType] [ 6752] - value = 
[INFO ][2016-02-10 14:26:47,426][com.java.TestType] [ 7330] - BEFORE CLICK
[INFO ][2016-02-10 14:26:48,341][com.java.TestType] [ 7338] - Unable to click the object Click on Income Statement tab
[INFO ][2016-02-10 14:26:48,341][com.java.SeleniumDriver] [  930] -  RESULT true
[INFO ][2016-02-10 14:26:48,341][com.java.SeleniumDriver] [ 1136] - ?   P A S S   ?
[INFO ][2016-02-10 14:26:48,341][com.java.SeleniumDriver] [  856] - ------------------------------------------
[INFO ][2016-02-10 14:26:48,341][com.java.SeleniumDriver] [  857] - Test case being Executed: 4
[INFO ][2016-02-10 14:26:48,341][com.java.SeleniumDriver] [  869] - Test step:25
[INFO ][2016-02-10 14:26:48,341][com.java.SeleniumDriver] [  881] - Datavalue is----------//*[@id='isAlertsContent']/div/div[1]/div[1]
[INFO ][2016-02-10 14:26:48,341][com.java.SeleniumDriver] [  905] - DataField : MSG
[INFO ][2016-02-10 14:26:48,342][com.java.SeleniumDriver] [  907] - DataValue : //*[@id='isAlertsContent']/div/div[1]/div[1]
[INFO ][2016-02-10 14:26:48,342][com.java.SeleniumDriver] [  913] - <In Set values of the page>
[INFO ][2016-02-10 14:26:48,342][com.java.SeleniumDriver] [  916] - {Data Fields & Data Values Exist}
[INFO ][2016-02-10 14:26:48,342][com.java.SeleniumDriver] [  918] - --------------------------setting values-----------------------------
[INFO ][2016-02-10 14:26:48,342][com.java.SeleniumDriver] [  921] - Action Type : VERIFYNOTPRESENT
[INFO ][2016-02-10 14:26:48,342][com.java.TestType] [10235] - field= MSG value= //*[@id='isAlertsContent']/div/div[1]/div[1]
[INFO ][2016-02-10 14:26:48,500][com.java.SeleniumDriver] [  930] -  RESULT true
[INFO ][2016-02-10 14:26:48,500][com.java.SeleniumDriver] [ 1136] - ?   P A S S   ?
[INFO ][2016-02-10 14:26:48,500][com.java.SeleniumDriver] [  856] - ------------------------------------------
[INFO ][2016-02-10 14:26:48,500][com.java.SeleniumDriver] [  857] - Test case being Executed: 4
[INFO ][2016-02-10 14:26:48,500][com.java.SeleniumDriver] [  869] - Test step:26
[INFO ][2016-02-10 14:26:48,500][com.java.SeleniumDriver] [  881] - Datavalue is----------null
[DEBUG][2016-02-10 14:26:48,501][com.java.SeleniumDriver] [  899] - Exception: null
[INFO ][2016-02-10 14:26:48,501][com.java.SeleniumDriver] [  905] - DataField : HDN//span[@class='glyphicon glyphicon-refresh ng-scope']
[INFO ][2016-02-10 14:26:48,501][com.java.SeleniumDriver] [  907] - DataValue : 
[INFO ][2016-02-10 14:26:48,501][com.java.SeleniumDriver] [  913] - <In Set values of the page>
[INFO ][2016-02-10 14:26:48,501][com.java.SeleniumDriver] [  916] - {Data Fields & Data Values Exist}
[INFO ][2016-02-10 14:26:48,501][com.java.SeleniumDriver] [  918] - --------------------------setting values-----------------------------
[INFO ][2016-02-10 14:26:48,501][com.java.SeleniumDriver] [  921] - Action Type : CLICK
[INFO ][2016-02-10 14:26:48,501][com.java.TestType] [ 7153] - Field ::HDN//span[@class='glyphicon glyphicon-refresh ng-scope']
[INFO ][2016-02-10 14:26:48,501][com.java.TestType] [ 6752] - value = 
[INFO ][2016-02-10 14:26:49,627][com.java.SeleniumDriver] [  930] -  RESULT true
[INFO ][2016-02-10 14:26:49,627][com.java.SeleniumDriver] [ 1136] - ?   P A S S   ?
[INFO ][2016-02-10 14:26:49,627][com.java.SeleniumDriver] [  856] - ------------------------------------------
[INFO ][2016-02-10 14:26:49,627][com.java.SeleniumDriver] [  857] - Test case being Executed: 4
[INFO ][2016-02-10 14:26:49,627][com.java.SeleniumDriver] [  869] - Test step:27
[INFO ][2016-02-10 14:26:49,627][com.java.SeleniumDriver] [  881] - Datavalue is----------15
[INFO ][2016-02-10 14:26:49,628][com.java.SeleniumDriver] [  905] - DataField : null
[INFO ][2016-02-10 14:26:49,628][com.java.SeleniumDriver] [  907] - DataValue : 15
[INFO ][2016-02-10 14:26:49,628][com.java.SeleniumDriver] [  913] - <In Set values of the page>
[INFO ][2016-02-10 14:26:49,628][com.java.SeleniumDriver] [  916] - {Data Fields & Data Values Exist}
[INFO ][2016-02-10 14:26:49,628][com.java.SeleniumDriver] [  918] - --------------------------setting values-----------------------------
[INFO ][2016-02-10 14:26:49,628][com.java.SeleniumDriver] [  921] - Action Type : WAITTIME
[DEBUG][2016-02-10 14:26:49,628][com.java.TestType] [ 6561] - sleepTime: 15000
[INFO ][2016-02-10 14:27:04,629][com.java.SeleniumDriver] [  930] -  RESULT true
[INFO ][2016-02-10 14:27:04,629][com.java.SeleniumDriver] [ 1136] - ?   P A S S   ?
[INFO ][2016-02-10 14:27:04,629][com.java.SeleniumDriver] [  856] - ------------------------------------------
[INFO ][2016-02-10 14:27:04,629][com.java.SeleniumDriver] [  857] - Test case being Executed: 4
[INFO ][2016-02-10 14:27:04,629][com.java.SeleniumDriver] [  869] - Test step:28
[INFO ][2016-02-10 14:27:04,629][com.java.SeleniumDriver] [  881] - Datavalue is----------::glyphicon-play down
[INFO ][2016-02-10 14:27:04,629][com.java.SeleniumDriver] [  905] - DataField : CCM//div[@class="panel panel-default ng-scope"]/div[@id='isAlertsHeading']/h4/span
[INFO ][2016-02-10 14:27:04,629][com.java.SeleniumDriver] [  907] - DataValue : ::glyphicon-play down
[INFO ][2016-02-10 14:27:04,629][com.java.SeleniumDriver] [  913] - <In Set values of the page>
[INFO ][2016-02-10 14:27:04,629][com.java.SeleniumDriver] [  916] - {Data Fields & Data Values Exist}
[INFO ][2016-02-10 14:27:04,629][com.java.SeleniumDriver] [  918] - --------------------------setting values-----------------------------
[INFO ][2016-02-10 14:27:04,629][com.java.SeleniumDriver] [  921] - Action Type : VERIFY
[INFO ][2016-02-10 14:27:04,631][com.java.TestType] [ 8386] - field= CCM//div[@class="panel panel-default ng-scope"]/div[@id='isAlertsHeading']/h4/span value= ::glyphicon-play down
[INFO ][2016-02-10 14:27:04,631][com.java.TestType] [ 6752] - value = ::glyphicon-play down
[INFO ][2016-02-10 14:27:04,781][com.java.SeleniumDriver] [  930] -  RESULT false
[INFO ][2016-02-10 14:27:04,781][com.java.SeleniumDriver] [  977] - ?   F A I L   ?
[INFO ][2016-02-10 14:27:04,781][com.java.SeleniumDriver] [  985] - Browser Type : IE10
[INFO ][2016-02-10 14:27:04,781][com.java.SeleniumDriver] [  986] - Adding Failed case4
[DEBUG][2016-02-10 14:27:04,879][com.java.SeleniumDriver] [ 1054] -  tdd.getCondition() IF:31:Next
[INFO ][2016-02-10 14:27:04,879][com.java.SeleniumDriver] [ 1058] - Continue next step...
[INFO ][2016-02-10 14:27:04,879][com.java.SeleniumDriver] [  856] - ------------------------------------------
[INFO ][2016-02-10 14:27:04,879][com.java.SeleniumDriver] [  857] - Test case being Executed: 4
[INFO ][2016-02-10 14:27:04,879][com.java.SeleniumDriver] [  869] - Test step:29
[INFO ][2016-02-10 14:27:04,881][com.java.SeleniumDriver] [  881] - Datavalue is----------2
[INFO ][2016-02-10 14:27:04,881][com.java.SeleniumDriver] [  905] - DataField : null
[INFO ][2016-02-10 14:27:04,881][com.java.SeleniumDriver] [  907] - DataValue : 2
[INFO ][2016-02-10 14:27:04,881][com.java.SeleniumDriver] [  913] - <In Set values of the page>
[INFO ][2016-02-10 14:27:04,881][com.java.SeleniumDriver] [  916] - {Data Fields & Data Values Exist}
[INFO ][2016-02-10 14:27:04,881][com.java.SeleniumDriver] [  918] - --------------------------setting values-----------------------------
[INFO ][2016-02-10 14:27:04,881][com.java.SeleniumDriver] [  921] - Action Type : WAITTIME
[DEBUG][2016-02-10 14:27:04,881][com.java.TestType] [ 6561] - sleepTime: 2000
[INFO ][2016-02-10 14:27:06,881][com.java.SeleniumDriver] [  930] -  RESULT true
[INFO ][2016-02-10 14:27:06,881][com.java.SeleniumDriver] [ 1136] - ?   P A S S   ?
[INFO ][2016-02-10 14:27:06,881][com.java.SeleniumDriver] [  856] - ------------------------------------------
[INFO ][2016-02-10 14:27:06,881][com.java.SeleniumDriver] [  857] - Test case being Executed: 4
[INFO ][2016-02-10 14:27:06,881][com.java.SeleniumDriver] [  869] - Test step:30
[INFO ][2016-02-10 14:27:06,881][com.java.SeleniumDriver] [  881] - Datavalue is----------null
[DEBUG][2016-02-10 14:27:06,881][com.java.SeleniumDriver] [  899] - Exception: null
[INFO ][2016-02-10 14:27:06,881][com.java.SeleniumDriver] [  905] - DataField : XPH//div[@class="panel panel-default ng-scope"]/div[@id='isAlertsHeading']/h4
[INFO ][2016-02-10 14:27:06,881][com.java.SeleniumDriver] [  907] - DataValue : 
[INFO ][2016-02-10 14:27:06,881][com.java.SeleniumDriver] [  913] - <In Set values of the page>
[INFO ][2016-02-10 14:27:06,881][com.java.SeleniumDriver] [  916] - {Data Fields & Data Values Exist}
[INFO ][2016-02-10 14:27:06,881][com.java.SeleniumDriver] [  918] - --------------------------setting values-----------------------------
[INFO ][2016-02-10 14:27:06,882][com.java.SeleniumDriver] [  921] - Action Type : CLICK
[INFO ][2016-02-10 14:27:06,882][com.java.TestType] [ 7153] - Field ::XPH//div[@class="panel panel-default ng-scope"]/div[@id='isAlertsHeading']/h4
[INFO ][2016-02-10 14:27:06,882][com.java.TestType] [ 6752] - value = 
[INFO ][2016-02-10 14:27:07,883][com.java.TestType] [ 7330] - BEFORE CLICK
[INFO ][2016-02-10 14:27:08,818][com.java.TestType] [ 7338] - Unable to click the object Click on Income Statement tab
[INFO ][2016-02-10 14:27:08,818][com.java.SeleniumDriver] [  930] -  RESULT true
[INFO ][2016-02-10 14:27:08,818][com.java.SeleniumDriver] [ 1136] - ?   P A S S   ?
[INFO ][2016-02-10 14:27:08,818][com.java.SeleniumDriver] [  856] - ------------------------------------------
[INFO ][2016-02-10 14:27:08,818][com.java.SeleniumDriver] [  857] - Test case being Executed: 4
[INFO ][2016-02-10 14:27:08,818][com.java.SeleniumDriver] [  869] - Test step:31
[INFO ][2016-02-10 14:27:08,818][com.java.SeleniumDriver] [  881] - Datavalue is----------3
[INFO ][2016-02-10 14:27:08,818][com.java.SeleniumDriver] [  905] - DataField : null
[INFO ][2016-02-10 14:27:08,818][com.java.SeleniumDriver] [  907] - DataValue : 3
[INFO ][2016-02-10 14:27:08,818][com.java.SeleniumDriver] [  913] - <In Set values of the page>
[INFO ][2016-02-10 14:27:08,818][com.java.SeleniumDriver] [  916] - {Data Fields & Data Values Exist}
[INFO ][2016-02-10 14:27:08,818][com.java.SeleniumDriver] [  918] - --------------------------setting values-----------------------------
[INFO ][2016-02-10 14:27:08,818][com.java.SeleniumDriver] [  921] - Action Type : WAITTIME
[DEBUG][2016-02-10 14:27:08,819][com.java.TestType] [ 6561] - sleepTime: 3000
[INFO ][2016-02-10 14:27:11,819][com.java.SeleniumDriver] [  930] -  RESULT true
[INFO ][2016-02-10 14:27:11,819][com.java.SeleniumDriver] [ 1136] - ?   P A S S   ?
[INFO ][2016-02-10 14:27:11,819][com.java.SeleniumDriver] [  856] - ------------------------------------------
[INFO ][2016-02-10 14:27:11,819][com.java.SeleniumDriver] [  857] - Test case being Executed: 4
[INFO ][2016-02-10 14:27:11,821][com.java.SeleniumDriver] [  869] - Test step:32
[INFO ][2016-02-10 14:27:11,821][com.java.SeleniumDriver] [  881] - Datavalue is----------numberofupdatesbeforerefreshing
[INFO ][2016-02-10 14:27:11,821][com.java.SeleniumDriver] [  905] - DataField : XPH//div[@id="isAlertsHeading"]//span[@class="badge pull-right ng-binding"]
[INFO ][2016-02-10 14:27:11,821][com.java.SeleniumDriver] [  907] - DataValue : numberofupdatesbeforerefreshing
[INFO ][2016-02-10 14:27:11,821][com.java.SeleniumDriver] [  913] - <In Set values of the page>
[INFO ][2016-02-10 14:27:11,821][com.java.SeleniumDriver] [  916] - {Data Fields & Data Values Exist}
[INFO ][2016-02-10 14:27:11,821][com.java.SeleniumDriver] [  918] - --------------------------setting values-----------------------------
[INFO ][2016-02-10 14:27:11,821][com.java.SeleniumDriver] [  921] - Action Type : STOREVALUE
[INFO ][2016-02-10 14:27:11,821][com.java.TestType] [ 9916] - field= XPH//div[@id="isAlertsHeading"]//span[@class="badge pull-right ng-binding"]
[DEBUG][2016-02-10 14:27:11,934][com.java.TestType] [ 9971] - Key:: numberofupdatesbeforerefreshing   Value:: 2
[INFO ][2016-02-10 14:27:11,934][com.java.SeleniumDriver] [  930] -  RESULT true
[INFO ][2016-02-10 14:27:11,934][com.java.SeleniumDriver] [ 1136] - ?   P A S S   ?
[INFO ][2016-02-10 14:27:11,934][com.java.SeleniumDriver] [  856] - ------------------------------------------
[INFO ][2016-02-10 14:27:11,934][com.java.SeleniumDriver] [  857] - Test case being Executed: 4
[INFO ][2016-02-10 14:27:11,934][com.java.SeleniumDriver] [  869] - Test step:33
[INFO ][2016-02-10 14:27:11,934][com.java.SeleniumDriver] [  881] - Datavalue is----------HMVnumberofupdatesbeforerefreshing
[INFO ][2016-02-10 14:27:11,934][com.java.SeleniumDriver] [  905] - DataField : TAL//div[@id="isAlertsContent"]//div[@class="bd-alert ng-scope"]
[INFO ][2016-02-10 14:27:11,934][com.java.SeleniumDriver] [  907] - DataValue : HMVnumberofupdatesbeforerefreshing
[INFO ][2016-02-10 14:27:11,934][com.java.SeleniumDriver] [  913] - <In Set values of the page>
[INFO ][2016-02-10 14:27:11,934][com.java.SeleniumDriver] [  916] - {Data Fields & Data Values Exist}
[INFO ][2016-02-10 14:27:11,935][com.java.SeleniumDriver] [  918] - --------------------------setting values-----------------------------
[INFO ][2016-02-10 14:27:11,935][com.java.SeleniumDriver] [  921] - Action Type : VERIFY
[INFO ][2016-02-10 14:27:11,935][com.java.TestType] [ 8386] - field= TAL//div[@id="isAlertsContent"]//div[@class="bd-alert ng-scope"] value= HMVnumberofupdatesbeforerefreshing
[INFO ][2016-02-10 14:27:11,935][com.java.TestType] [ 6752] - value = 2
[INFO ][2016-02-10 14:27:11,971][com.java.SeleniumDriver] [  930] -  RESULT true
[INFO ][2016-02-10 14:27:11,971][com.java.SeleniumDriver] [ 1136] - ?   P A S S   ?
[INFO ][2016-02-10 14:27:11,971][com.java.SeleniumDriver] [  856] - ------------------------------------------
[INFO ][2016-02-10 14:27:11,971][com.java.SeleniumDriver] [  857] - Test case being Executed: 4
[INFO ][2016-02-10 14:27:11,971][com.java.SeleniumDriver] [  869] - Test step:34
[INFO ][2016-02-10 14:27:11,972][com.java.SeleniumDriver] [  881] - Datavalue is----------10
[INFO ][2016-02-10 14:27:11,972][com.java.SeleniumDriver] [  905] - DataField : null
[INFO ][2016-02-10 14:27:11,972][com.java.SeleniumDriver] [  907] - DataValue : 10
[INFO ][2016-02-10 14:27:11,972][com.java.SeleniumDriver] [  913] - <In Set values of the page>
[INFO ][2016-02-10 14:27:11,972][com.java.SeleniumDriver] [  916] - {Data Fields & Data Values Exist}
[INFO ][2016-02-10 14:27:11,972][com.java.SeleniumDriver] [  918] - --------------------------setting values-----------------------------
[INFO ][2016-02-10 14:27:11,972][com.java.SeleniumDriver] [  921] - Action Type : WAITTIME
[DEBUG][2016-02-10 14:27:11,972][com.java.TestType] [ 6561] - sleepTime: 10000
[INFO ][2016-02-10 14:27:21,973][com.java.SeleniumDriver] [  930] -  RESULT true
[INFO ][2016-02-10 14:27:21,973][com.java.SeleniumDriver] [ 1136] - ?   P A S S   ?
[INFO ][2016-02-10 14:27:21,973][com.java.SeleniumDriver] [  856] - ------------------------------------------
[INFO ][2016-02-10 14:27:21,973][com.java.SeleniumDriver] [  857] - Test case being Executed: 4
[INFO ][2016-02-10 14:27:21,973][com.java.SeleniumDriver] [  869] - Test step:35
[INFO ][2016-02-10 14:27:21,973][com.java.SeleniumDriver] [  881] - Datavalue is----------BalanceSheet
[INFO ][2016-02-10 14:27:21,973][com.java.SeleniumDriver] [  905] - DataField : XPH//div[@id="isAlertsContent"]//div[@class="bd-alert ng-scope"][1]/div[@class="ng-binding"]
[INFO ][2016-02-10 14:27:21,973][com.java.SeleniumDriver] [  907] - DataValue : BalanceSheet
[INFO ][2016-02-10 14:27:21,973][com.java.SeleniumDriver] [  913] - <In Set values of the page>
[INFO ][2016-02-10 14:27:21,973][com.java.SeleniumDriver] [  916] - {Data Fields & Data Values Exist}
[INFO ][2016-02-10 14:27:21,973][com.java.SeleniumDriver] [  918] - --------------------------setting values-----------------------------
[INFO ][2016-02-10 14:27:21,973][com.java.SeleniumDriver] [  921] - Action Type : STOREVALUE
[INFO ][2016-02-10 14:27:21,974][com.java.TestType] [ 9916] - field= XPH//div[@id="isAlertsContent"]//div[@class="bd-alert ng-scope"][1]/div[@class="ng-binding"]
[DEBUG][2016-02-10 14:27:22,087][com.java.TestType] [ 9971] - Key:: BalanceSheet   Value:: Interest on federal funds sold
[INFO ][2016-02-10 14:27:22,087][com.java.SeleniumDriver] [  930] -  RESULT true
[INFO ][2016-02-10 14:27:22,087][com.java.SeleniumDriver] [ 1136] - ?   P A S S   ?
[INFO ][2016-02-10 14:27:22,087][com.java.SeleniumDriver] [  856] - ------------------------------------------
[INFO ][2016-02-10 14:27:22,087][com.java.SeleniumDriver] [  857] - Test case being Executed: 4
[INFO ][2016-02-10 14:27:22,087][com.java.SeleniumDriver] [  869] - Test step:36
[INFO ][2016-02-10 14:27:22,087][com.java.SeleniumDriver] [  881] - Datavalue is----------10
[INFO ][2016-02-10 14:27:22,087][com.java.SeleniumDriver] [  905] - DataField : null
[INFO ][2016-02-10 14:27:22,087][com.java.SeleniumDriver] [  907] - DataValue : 10
[INFO ][2016-02-10 14:27:22,087][com.java.SeleniumDriver] [  913] - <In Set values of the page>
[INFO ][2016-02-10 14:27:22,087][com.java.SeleniumDriver] [  916] - {Data Fields & Data Values Exist}
[INFO ][2016-02-10 14:27:22,087][com.java.SeleniumDriver] [  918] - --------------------------setting values-----------------------------
[INFO ][2016-02-10 14:27:22,088][com.java.SeleniumDriver] [  921] - Action Type : WAITTIME
[DEBUG][2016-02-10 14:27:22,088][com.java.TestType] [ 6561] - sleepTime: 10000
[INFO ][2016-02-10 14:27:32,089][com.java.SeleniumDriver] [  930] -  RESULT true
[INFO ][2016-02-10 14:27:32,089][com.java.SeleniumDriver] [ 1136] - ?   P A S S   ?
[INFO ][2016-02-10 14:27:32,089][com.java.SeleniumDriver] [  856] - ------------------------------------------
[INFO ][2016-02-10 14:27:32,089][com.java.SeleniumDriver] [  857] - Test case being Executed: 4
[INFO ][2016-02-10 14:27:32,089][com.java.SeleniumDriver] [  869] - Test step:37
[INFO ][2016-02-10 14:27:32,089][com.java.SeleniumDriver] [  881] - Datavalue is----------Change
[INFO ][2016-02-10 14:27:32,089][com.java.SeleniumDriver] [  905] - DataField : XPH//div[@id="isAlertsContent"]//div[@class="bd-alert ng-scope"][1]//span[@ class="ng-binding"]
[INFO ][2016-02-10 14:27:32,089][com.java.SeleniumDriver] [  907] - DataValue : Change
[INFO ][2016-02-10 14:27:32,089][com.java.SeleniumDriver] [  913] - <In Set values of the page>
[INFO ][2016-02-10 14:27:32,089][com.java.SeleniumDriver] [  916] - {Data Fields & Data Values Exist}
[INFO ][2016-02-10 14:27:32,089][com.java.SeleniumDriver] [  918] - --------------------------setting values-----------------------------
[INFO ][2016-02-10 14:27:32,089][com.java.SeleniumDriver] [  921] - Action Type : STOREVALUE
[INFO ][2016-02-10 14:27:32,090][com.java.TestType] [ 9916] - field= XPH//div[@id="isAlertsContent"]//div[@class="bd-alert ng-scope"][1]//span[@ class="ng-binding"]
[DEBUG][2016-02-10 14:27:32,214][com.java.TestType] [ 9971] - Key:: Change   Value:: $3
[INFO ][2016-02-10 14:27:32,214][com.java.SeleniumDriver] [  930] -  RESULT true
[INFO ][2016-02-10 14:27:32,214][com.java.SeleniumDriver] [ 1136] - ?   P A S S   ?
[INFO ][2016-02-10 14:27:32,214][com.java.SeleniumDriver] [  856] - ------------------------------------------
[INFO ][2016-02-10 14:27:32,214][com.java.SeleniumDriver] [  857] - Test case being Executed: 4
[INFO ][2016-02-10 14:27:32,214][com.java.SeleniumDriver] [  869] - Test step:38
[INFO ][2016-02-10 14:27:32,214][com.java.SeleniumDriver] [  881] - Datavalue is----------3
[INFO ][2016-02-10 14:27:32,214][com.java.SeleniumDriver] [  905] - DataField : null
[INFO ][2016-02-10 14:27:32,214][com.java.SeleniumDriver] [  907] - DataValue : 3
[INFO ][2016-02-10 14:27:32,214][com.java.SeleniumDriver] [  913] - <In Set values of the page>
[INFO ][2016-02-10 14:27:32,214][com.java.SeleniumDriver] [  916] - {Data Fields & Data Values Exist}
[INFO ][2016-02-10 14:27:32,214][com.java.SeleniumDriver] [  918] - --------------------------setting values-----------------------------
[INFO ][2016-02-10 14:27:32,215][com.java.SeleniumDriver] [  921] - Action Type : WAITTIME
[DEBUG][2016-02-10 14:27:32,215][com.java.TestType] [ 6561] - sleepTime: 3000
[INFO ][2016-02-10 14:27:35,215][com.java.SeleniumDriver] [  930] -  RESULT true
[INFO ][2016-02-10 14:27:35,215][com.java.SeleniumDriver] [ 1136] - ?   P A S S   ?
[INFO ][2016-02-10 14:27:35,215][com.java.SeleniumDriver] [  856] - ------------------------------------------
[INFO ][2016-02-10 14:27:35,215][com.java.SeleniumDriver] [  857] - Test case being Executed: 4
[INFO ][2016-02-10 14:27:35,215][com.java.SeleniumDriver] [  869] - Test step:39
[INFO ][2016-02-10 14:27:35,215][com.java.SeleniumDriver] [  881] - Datavalue is----------Percentage
[INFO ][2016-02-10 14:27:35,215][com.java.SeleniumDriver] [  905] - DataField : XPH//div[@id="isAlertsContent"]//div[@class="bd-alert ng-scope"][1]//span[@class="pull-right ng-binding"]
[INFO ][2016-02-10 14:27:35,215][com.java.SeleniumDriver] [  907] - DataValue : Percentage
[INFO ][2016-02-10 14:27:35,215][com.java.SeleniumDriver] [  913] - <In Set values of the page>
[INFO ][2016-02-10 14:27:35,215][com.java.SeleniumDriver] [  916] - {Data Fields & Data Values Exist}
[INFO ][2016-02-10 14:27:35,215][com.java.SeleniumDriver] [  918] - --------------------------setting values-----------------------------
[INFO ][2016-02-10 14:27:35,215][com.java.SeleniumDriver] [  921] - Action Type : STOREVALUE
[INFO ][2016-02-10 14:27:35,215][com.java.TestType] [ 9916] - field= XPH//div[@id="isAlertsContent"]//div[@class="bd-alert ng-scope"][1]//span[@class="pull-right ng-binding"]
[DEBUG][2016-02-10 14:27:35,341][com.java.TestType] [ 9971] - Key:: Percentage   Value:: 12.50%
[INFO ][2016-02-10 14:27:35,341][com.java.SeleniumDriver] [  930] -  RESULT true
[INFO ][2016-02-10 14:27:35,343][com.java.SeleniumDriver] [ 1136] - ?   P A S S   ?
[INFO ][2016-02-10 14:27:35,343][com.java.SeleniumDriver] [  856] - ------------------------------------------
[INFO ][2016-02-10 14:27:35,343][com.java.SeleniumDriver] [  857] - Test case being Executed: 4
[INFO ][2016-02-10 14:27:35,343][com.java.SeleniumDriver] [  869] - Test step:40
[INFO ][2016-02-10 14:27:35,343][com.java.SeleniumDriver] [  881] - Datavalue is----------null
[DEBUG][2016-02-10 14:27:35,343][com.java.SeleniumDriver] [  899] - Exception: null
[INFO ][2016-02-10 14:27:35,343][com.java.SeleniumDriver] [  905] - DataField : XPH//div[@id="isAlertsHeading"]//span[@class="glyphicon glyphicon-list-alt"]
[INFO ][2016-02-10 14:27:35,343][com.java.SeleniumDriver] [  907] - DataValue : 
[INFO ][2016-02-10 14:27:35,343][com.java.SeleniumDriver] [  913] - <In Set values of the page>
[INFO ][2016-02-10 14:27:35,343][com.java.SeleniumDriver] [  916] - {Data Fields & Data Values Exist}
[INFO ][2016-02-10 14:27:35,343][com.java.SeleniumDriver] [  918] - --------------------------setting values-----------------------------
[INFO ][2016-02-10 14:27:35,343][com.java.SeleniumDriver] [  921] - Action Type : CLICK
[INFO ][2016-02-10 14:27:35,344][com.java.TestType] [ 7153] - Field ::XPH//div[@id="isAlertsHeading"]//span[@class="glyphicon glyphicon-list-alt"]
[INFO ][2016-02-10 14:27:35,344][com.java.TestType] [ 6752] - value = 
[INFO ][2016-02-10 14:27:36,344][com.java.TestType] [ 7330] - BEFORE CLICK
[INFO ][2016-02-10 14:27:37,573][com.java.TestType] [ 7338] - Unable to click the object Click on the report button
[INFO ][2016-02-10 14:27:37,573][com.java.SeleniumDriver] [  930] -  RESULT true
[INFO ][2016-02-10 14:27:37,573][com.java.SeleniumDriver] [ 1136] - ?   P A S S   ?
[INFO ][2016-02-10 14:27:37,573][com.java.SeleniumDriver] [  856] - ------------------------------------------
[INFO ][2016-02-10 14:27:37,573][com.java.SeleniumDriver] [  857] - Test case being Executed: 4
[INFO ][2016-02-10 14:27:37,573][com.java.SeleniumDriver] [  869] - Test step:41
[INFO ][2016-02-10 14:27:37,573][com.java.SeleniumDriver] [  881] - Datavalue is----------10
[INFO ][2016-02-10 14:27:37,573][com.java.SeleniumDriver] [  905] - DataField : XPH//img[@id='loading']
[INFO ][2016-02-10 14:27:37,573][com.java.SeleniumDriver] [  907] - DataValue : 10
[INFO ][2016-02-10 14:27:37,573][com.java.SeleniumDriver] [  913] - <In Set values of the page>
[INFO ][2016-02-10 14:27:37,573][com.java.SeleniumDriver] [  916] - {Data Fields & Data Values Exist}
[INFO ][2016-02-10 14:27:37,573][com.java.SeleniumDriver] [  918] - --------------------------setting values-----------------------------
[INFO ][2016-02-10 14:27:37,573][com.java.SeleniumDriver] [  921] - Action Type : WaitForElement
[INFO ][2016-02-10 14:27:37,609][com.java.SeleniumDriver] [  930] -  RESULT true
[INFO ][2016-02-10 14:27:37,609][com.java.SeleniumDriver] [ 1136] - ?   P A S S   ?
[INFO ][2016-02-10 14:27:37,609][com.java.SeleniumDriver] [  856] - ------------------------------------------
[INFO ][2016-02-10 14:27:37,610][com.java.SeleniumDriver] [  857] - Test case being Executed: 4
[INFO ][2016-02-10 14:27:37,610][com.java.SeleniumDriver] [  869] - Test step:42
[INFO ][2016-02-10 14:27:37,610][com.java.SeleniumDriver] [  881] - Datavalue is----------90
[INFO ][2016-02-10 14:27:37,610][com.java.SeleniumDriver] [  905] - DataField : XPH//img[@id='loading']
[INFO ][2016-02-10 14:27:37,610][com.java.SeleniumDriver] [  907] - DataValue : 90
[INFO ][2016-02-10 14:27:37,610][com.java.SeleniumDriver] [  913] - <In Set values of the page>
[INFO ][2016-02-10 14:27:37,610][com.java.SeleniumDriver] [  916] - {Data Fields & Data Values Exist}
[INFO ][2016-02-10 14:27:37,610][com.java.SeleniumDriver] [  918] - --------------------------setting values-----------------------------
[INFO ][2016-02-10 14:27:37,610][com.java.SeleniumDriver] [  921] - Action Type : waitForElementNotPresent
[INFO ][2016-02-10 14:27:39,913][com.java.SeleniumDriver] [  930] -  RESULT true
[INFO ][2016-02-10 14:27:39,913][com.java.SeleniumDriver] [ 1136] - ?   P A S S   ?
[INFO ][2016-02-10 14:27:39,913][com.java.SeleniumDriver] [  856] - ------------------------------------------
[INFO ][2016-02-10 14:27:39,913][com.java.SeleniumDriver] [  857] - Test case being Executed: 4
[INFO ][2016-02-10 14:27:39,913][com.java.SeleniumDriver] [  869] - Test step:43
[INFO ][2016-02-10 14:27:39,913][com.java.SeleniumDriver] [  881] - Datavalue is----------BalanceSheet::Change
[INFO ][2016-02-10 14:27:39,913][com.java.SeleniumDriver] [  905] - DataField : PVP//div[contains(text(),'mytext')]/following::td[3]/div
[INFO ][2016-02-10 14:27:39,913][com.java.SeleniumDriver] [  907] - DataValue : BalanceSheet::Change
[INFO ][2016-02-10 14:27:39,913][com.java.SeleniumDriver] [  913] - <In Set values of the page>
[INFO ][2016-02-10 14:27:39,913][com.java.SeleniumDriver] [  916] - {Data Fields & Data Values Exist}
[INFO ][2016-02-10 14:27:39,913][com.java.SeleniumDriver] [  918] - --------------------------setting values-----------------------------
[INFO ][2016-02-10 14:27:39,913][com.java.SeleniumDriver] [  921] - Action Type : VERIFY
[INFO ][2016-02-10 14:27:39,914][com.java.TestType] [ 8386] - field= PVP//div[contains(text(),'mytext')]/following::td[3]/div value= BalanceSheet::Change
[INFO ][2016-02-10 14:27:39,914][com.java.TestType] [ 6752] - value = BalanceSheet::Change
[INFO ][2016-02-10 14:27:40,102][com.java.SeleniumDriver] [  930] -  RESULT true
[INFO ][2016-02-10 14:27:40,102][com.java.SeleniumDriver] [ 1136] - ?   P A S S   ?
[INFO ][2016-02-10 14:27:40,102][com.java.SeleniumDriver] [  856] - ------------------------------------------
[INFO ][2016-02-10 14:27:40,102][com.java.SeleniumDriver] [  857] - Test case being Executed: 4
[INFO ][2016-02-10 14:27:40,102][com.java.SeleniumDriver] [  869] - Test step:44
[INFO ][2016-02-10 14:27:40,102][com.java.SeleniumDriver] [  881] - Datavalue is----------BalanceSheet::Percentage
[INFO ][2016-02-10 14:27:40,102][com.java.SeleniumDriver] [  905] - DataField : PVP//div[contains(text(),'mytext')]/following::td[4]/div
[INFO ][2016-02-10 14:27:40,102][com.java.SeleniumDriver] [  907] - DataValue : BalanceSheet::Percentage
[INFO ][2016-02-10 14:27:40,102][com.java.SeleniumDriver] [  913] - <In Set values of the page>
[INFO ][2016-02-10 14:27:40,102][com.java.SeleniumDriver] [  916] - {Data Fields & Data Values Exist}
[INFO ][2016-02-10 14:27:40,102][com.java.SeleniumDriver] [  918] - --------------------------setting values-----------------------------
[INFO ][2016-02-10 14:27:40,102][com.java.SeleniumDriver] [  921] - Action Type : VERIFY
[INFO ][2016-02-10 14:27:40,103][com.java.TestType] [ 8386] - field= PVP//div[contains(text(),'mytext')]/following::td[4]/div value= BalanceSheet::Percentage
[INFO ][2016-02-10 14:27:40,103][com.java.TestType] [ 6752] - value = BalanceSheet::Percentage
[INFO ][2016-02-10 14:27:40,308][com.java.SeleniumDriver] [  930] -  RESULT false
[INFO ][2016-02-10 14:27:40,308][com.java.SeleniumDriver] [  977] - ?   F A I L   ?
[INFO ][2016-02-10 14:27:40,308][com.java.SeleniumDriver] [  985] - Browser Type : IE10
[INFO ][2016-02-10 14:27:40,308][com.java.SeleniumDriver] [  986] - Adding Failed case4
[INFO ][2016-02-10 14:27:40,489][com.java.SeleniumDriver] [ 1100] - failedCases = 4
[ERROR][2016-02-10 14:27:40,489][com.java.SeleniumDriver] [ 1599] - Platform Errors : Our apologies...::We have encountered an issue with your request.::Our apologies?:We encountered an issue with your request.
[INFO ][2016-02-10 14:27:40,489][com.java.SeleniumDriver] [ 1603] - Length =3
[ERROR][2016-02-10 14:27:40,489][com.java.SeleniumDriver] [ 1606] - Error 0 = Our apologies...
[ERROR][2016-02-10 14:27:40,660][com.java.SeleniumDriver] [ 1606] - Error 1 = We have encountered an issue with your request.
[ERROR][2016-02-10 14:27:40,816][com.java.SeleniumDriver] [ 1606] - Error 2 = Our apologies?:We encountered an issue with your request.
[INFO ][2016-02-10 14:27:40,900][com.java.SeleniumDriver] [ 1617] - strError:
[DEBUG][2016-02-10 14:27:40,916][com.java.SeleniumDriver] [ 1248] - Case found
[DEBUG][2016-02-10 14:27:40,916][com.java.SeleniumDriver] [ 1253] - Incrementing ReportCounters[0]:2
[INFO ][2016-02-10 14:27:40,917][com.java.SeleniumDriver] [ 1272] - The results are-------------------[4, 44, Right Hand Menu: IS Alerts-IS Alerts are showing on hover menu., Fail, 
Test case failed at Step No. :: 44. Screen Shot : D:\BankersDashboard\TestReports\021016\4_021016_142740_IE10.png, Wed Feb 10 14:27:40 IST 2016]
[INFO ][2016-02-10 14:27:40,917][com.java.SeleniumDriver] [ 1276] - End time is-------3 min 56 sec
[INFO ][2016-02-10 14:27:40,917][com.java.SeleniumDriver] [ 1277] - The results are-------------------[4, 44, Right Hand Menu: IS Alerts-IS Alerts are showing on hover menu., Fail, 
Test case failed at Step No. :: 44. Screen Shot : D:\BankersDashboard\TestReports\021016\4_021016_142740_IE10.png, Wed Feb 10 14:27:40 IST 2016]
[DEBUG][2016-02-10 14:27:40,917][com.java.ImportnExport.ExportTestResultsExcel] [  222] - testResultPath = D:\BankersDashboard/TestReports/Test Results_BankersDashBoard_021016_142346_IE10_First Bank.xls
[DEBUG][2016-02-10 14:27:40,917][com.java.ImportnExport.ExportTestResultsExcel] [  223] - browser is------------IE10
[DEBUG][2016-02-10 14:27:40,919][com.java.ImportnExport.ExportTestResultsExcel] [  270] - result.size() = 6
[DEBUG][2016-02-10 14:27:40,919][com.java.ImportnExport.ExportTestResultsExcel] [  274] - No of rows in sheet=2
[DEBUG][2016-02-10 14:27:40,919][com.java.ImportnExport.ExportTestResultsExcel] [  301] - ..in export..4
[DEBUG][2016-02-10 14:27:40,919][com.java.ImportnExport.ExportTestResultsExcel] [  301] - ..in export..Right Hand Menu: IS Alerts-IS Alerts are showing on hover menu.
[DEBUG][2016-02-10 14:27:40,919][com.java.ImportnExport.ExportTestResultsExcel] [  301] - ..in export..Fail
[DEBUG][2016-02-10 14:27:40,919][com.java.ImportnExport.ExportTestResultsExcel] [  301] - ..in export..
Test case failed at Step No. :: 44. Screen Shot : D:\BankersDashboard\TestReports\021016\4_021016_142740_IE10.png
[DEBUG][2016-02-10 14:27:40,920][com.java.ImportnExport.ExportTestResultsExcel] [  301] - ..in export..Wed Feb 10 14:27:40 IST 2016
[INFO ][2016-02-10 14:27:40,921][com.java.SeleniumDriver] [ 1337] - out loop:1 size:2 TestCases:[1, 4] testcases:[1, 4]
[INFO ][2016-02-10 14:27:42,921][com.java.SeleniumDriver] [ 1380] - Total Number of Cases:2
[INFO ][2016-02-10 14:27:42,921][com.java.TemplateGenerator] [  302] - Executed:2
[INFO ][2016-02-10 14:27:42,921][com.java.TemplateGenerator] [  303] - Passed:1
[INFO ][2016-02-10 14:27:42,921][com.java.TemplateGenerator] [  304] - Failed:1
[INFO ][2016-02-10 14:27:42,921][com.java.TemplateGenerator] [  305] - Skipeed:0
[INFO ][2016-02-10 14:27:42,921][com.java.TemplateGenerator] [  306] - Application URL:https://clients-xuat.bankersdashboard.com
[INFO ][2016-02-10 14:27:42,921][com.java.TemplateGenerator] [  307] - Start Time:021016_142346
[INFO ][2016-02-10 14:27:42,921][com.java.TemplateGenerator] [  308] -  Creating HTML Report 
[ERROR][2016-02-10 14:27:42,922][com.java.TemplateGenerator] [  409] - Unparseable date: "Wed Feb 10 02:23:46 IST 2016"
[INFO ][2016-02-10 14:27:42,922][com.java.TemplateGenerator] [  654] -  Exporting case :: 1
[INFO ][2016-02-10 14:27:42,922][com.java.TemplateGenerator] [  654] -  Exporting case :: 4
[INFO ][2016-02-10 14:27:42,927][com.java.SeleniumDriver] [ 1429] - End Time:021016_142742
[INFO ][2016-02-10 14:27:42,927][com.java.SeleniumDriver] [ 1432] - Data in Test Execution Details:{1=PASS, 4=FAILTest case failed at Step No. :: 44}
[INFO ][2016-02-10 14:27:42,927][com.java.SeleniumDriver] [ 1433] - Data in Failed Execution Deatils:{}
[INFO ][2016-02-10 14:27:42,927][com.java.SeleniumDriver] [ 1435] - ReportCounter:Total:2 :: PASS: 1 ::FAIL: 1
[INFO ][2016-02-10 14:27:42,927][com.java.SeleniumDriver] [ 1436] - FailedReportCounter:Total:0 :: PASS: 0 ::FAIL: 0
[INFO ][2016-02-10 14:27:42,935][com.java.EmailTestReport] [   63] - Sending report mail details:
[INFO ][2016-02-10 14:27:42,935][com.java.EmailTestReport] [   80] - Excel Report Path:D:\BankersDashboard/TestReports/Test Results_BankersDashBoard_021016_142346_IE10_First Bank.xls
[INFO ][2016-02-10 14:27:42,935][com.java.EmailTestReport] [   81] - HTML Report Path:D:\BankersDashboard//TestReports//Test Results_BankersDashBoard_021016_142346_IE10_First Bank.html
[INFO ][2016-02-10 14:27:42,935][com.java.EmailTestReport] [   82] - smtpHostName:mail01.valuelabs.com
[INFO ][2016-02-10 14:27:42,935][com.java.EmailTestReport] [   83] - Recipient:venkateswararao.gubbala@valuelabs.com;naresh.nayini@valuelabs.com
[INFO ][2016-02-10 14:27:42,935][com.java.EmailTestReport] [   84] - From:venkateswararao.gubbala@valuelabs.com;naresh.nayini@valuelabs.com
[INFO ][2016-02-10 14:27:42,935][com.java.EmailTestReport] [   85] - Subject:Deluxe Corp Bankers Dashboard Automation Test Report - First Bank - IE10
[INFO ][2016-02-10 14:27:42,952][com.java.EmailTestReport] [  143] -  Added venkateswararao.gubbala@valuelabs.com
[INFO ][2016-02-10 14:27:42,952][com.java.EmailTestReport] [  143] -  Added naresh.nayini@valuelabs.com
[INFO ][2016-02-10 14:27:46,410][com.java.SeleniumDriver] [  722] - quitting the browser 
[INFO ][2016-02-10 14:27:48,122][com.java.SeleniumDriver] [  264] - Execution Completed Stopping the thread
