[INFO ][2015-11-04 11:43:59,953][com.java.SeleniumDriver] [  213] - Execute Failed Casesfalse
[INFO ][2015-11-04 11:43:59,953][com.java.SeleniumDriver] [  214] - Browser: IE11
[INFO ][2015-11-04 11:43:59,953][com.java.SeleniumDriver] [  215] - [1, 2]
[INFO ][2015-11-04 11:43:59,953][com.java.SeleniumDriver] [  216] - Total TestCases:2
[INFO ][2015-11-04 11:43:59,953][com.java.SeleniumDriver] [  217] -  Reading Properties from Property File 
[DEBUG][2015-11-04 11:43:59,953][com.java.SeleniumDriver] [  238] - url : https://clients-xuat.bankersdashboard.com
[INFO ][2015-11-04 11:43:59,953][com.java.ImportnExport.ExportTestResultsExcel] [  116] - Time Stamp Wed Nov 04 11:43:59 IST 2015
[INFO ][2015-11-04 11:43:59,953][com.java.ImportnExport.ExportTestResultsExcel] [  175] - OUT FILE : D:\BankersDashboard/TestReports/Test Results_BankersDashBoard_110415_114359_IE11_Bank of North Carolina.xls
[INFO ][2015-11-04 11:43:59,984][com.java.ImportnExport.ExportTestResultsExcel] [  180] - Test Result file is created
[DEBUG][2015-11-04 11:44:00,094][com.java.SeleniumDriver] [  425] - Hub ip address is-------172.17.68.34
[INFO ][2015-11-04 11:44:00,094][com.java.SeleniumDriver] [  451] - Grid URL:http://172.17.68.34:4444/wd/hub
[INFO ][2015-11-04 11:44:00,094][com.java.SeleniumDriver] [  452] - Capability:Capabilities [{platform=ANY, ensureCleanSession=true, ignoreProtectedModeSettings=true, acceptSslCerts=true, ignoreZoomSetting=true, browserName=internet explorer, browserstack.ie.noFlash=true, version=Node1}]
[ERROR][2015-11-04 11:44:01,394][com.java.SeleniumDriver] [  496] - Unable invoke browser in grid:Could not start a new session. Possible causes are invalid address of the remote server or browser start-up failure.
Build info: version: '2.48.2', revision: '41bccdd', time: '2015-10-09 19:59:12'
System info: host: 'FVTIII438F1D', ip: '172.17.68.34', os.name: 'Windows 7', os.arch: 'x86', os.version: '6.1', java.version: '1.7.0_55'
Driver info: driver.version: SeleniumDriver
[INFO ][2015-11-04 11:44:01,394][com.java.SeleniumDriver] [  498] - Executing on local machine
[INFO ][2015-11-04 11:44:10,626][com.java.SeleniumDriver] [  248] - IE11is opened
[INFO ][2015-11-04 11:44:11,529][com.java.SeleniumDriver] [  752] - Test cases to be executed are: [1, 2]
[INFO ][2015-11-04 11:44:11,529][com.java.ImportnExport.ImportTestDataDetailsExcel] [   49] - test data details path===== D:\BankersDashboard\TestInputs\TestData.xls
[INFO ][2015-11-04 11:44:22,507][com.java.SeleniumDriver] [  788] - ------------------------------------------
[INFO ][2015-11-04 11:44:22,507][com.java.SeleniumDriver] [  789] - Test case being Executed: 1
[INFO ][2015-11-04 11:44:22,508][com.java.SeleniumDriver] [  800] - Test step:1
[INFO ][2015-11-04 11:44:22,508][com.java.SeleniumDriver] [  812] - Datavalue is----------Concept#1:1-14
[INFO ][2015-11-04 11:44:22,508][com.java.SeleniumDriver] [  836] - DataField : test
[INFO ][2015-11-04 11:44:22,508][com.java.SeleniumDriver] [  838] - DataValue : Concept#1:1-14
[INFO ][2015-11-04 11:44:22,508][com.java.SeleniumDriver] [  844] - <In Set values of the page>
[INFO ][2015-11-04 11:44:22,508][com.java.SeleniumDriver] [  847] - {Data Fields & Data Values Exist}
[INFO ][2015-11-04 11:44:22,508][com.java.SeleniumDriver] [  849] - --------------------------setting values-----------------------------
[INFO ][2015-11-04 11:44:22,508][com.java.SeleniumDriver] [  852] - Action Type : ExecuteTestCase
[INFO ][2015-11-04 11:44:22,538][com.java.TestType] [  411] - The Concept sheet name is ---------- Concept
[INFO ][2015-11-04 11:44:22,538][com.java.TestType] [  414] - The Concept ID  is ---------- 1
[DEBUG][2015-11-04 11:44:22,538][com.java.TestType] [  418] - Steps being executted in the Concept are: 1:14
[INFO ][2015-11-04 11:44:22,538][com.java.TestType] [  425] - Test data details path ---------- D:\BankersDashboard\TestInputs\TestData.xls
[INFO ][2015-11-04 11:44:22,568][com.java.TestType] [  456] -  str(1) = 1
[INFO ][2015-11-04 11:44:22,568][com.java.TestType] [  459] - Test case Id is---1
[INFO ][2015-11-04 11:44:22,568][com.java.TestType] [  461] - 1
[INFO ][2015-11-04 11:44:22,568][com.java.TestType] [  456] -  str(2) = 1
[INFO ][2015-11-04 11:44:22,568][com.java.TestType] [  508] - row values are--------{1=com.java.Objects.TestDataDetails@1a25917}
[INFO ][2015-11-04 11:44:22,568][com.java.TestType] [  456] -  str(1) = 1
[INFO ][2015-11-04 11:44:22,568][com.java.TestType] [  459] - Test case Id is---1
[INFO ][2015-11-04 11:44:22,568][com.java.TestType] [  461] - 1
[INFO ][2015-11-04 11:44:22,568][com.java.TestType] [  456] -  str(2) = 2
[INFO ][2015-11-04 11:44:22,568][com.java.TestType] [  508] - row values are--------{1=com.java.Objects.TestDataDetails@1a25917, 2=com.java.Objects.TestDataDetails@14d9bb1}
[INFO ][2015-11-04 11:44:22,568][com.java.TestType] [  456] -  str(1) = 1
[INFO ][2015-11-04 11:44:22,568][com.java.TestType] [  459] - Test case Id is---1
[INFO ][2015-11-04 11:44:22,568][com.java.TestType] [  461] - 1
[INFO ][2015-11-04 11:44:22,568][com.java.TestType] [  456] -  str(2) = 3
[INFO ][2015-11-04 11:44:22,568][com.java.TestType] [  508] - row values are--------{1=com.java.Objects.TestDataDetails@1a25917, 2=com.java.Objects.TestDataDetails@14d9bb1, 3=com.java.Objects.TestDataDetails@859f0a}
[INFO ][2015-11-04 11:44:22,568][com.java.TestType] [  456] -  str(1) = 1
[INFO ][2015-11-04 11:44:22,568][com.java.TestType] [  459] - Test case Id is---1
[INFO ][2015-11-04 11:44:22,578][com.java.TestType] [  461] - 1
[INFO ][2015-11-04 11:44:22,578][com.java.TestType] [  456] -  str(2) = 4
[INFO ][2015-11-04 11:44:22,578][com.java.TestType] [  508] - row values are--------{1=com.java.Objects.TestDataDetails@1a25917, 2=com.java.Objects.TestDataDetails@14d9bb1, 3=com.java.Objects.TestDataDetails@859f0a, 4=com.java.Objects.TestDataDetails@1bf57bb}
[INFO ][2015-11-04 11:44:22,578][com.java.TestType] [  456] -  str(1) = 1
[INFO ][2015-11-04 11:44:22,578][com.java.TestType] [  459] - Test case Id is---1
[INFO ][2015-11-04 11:44:22,578][com.java.TestType] [  461] - 1
[INFO ][2015-11-04 11:44:22,578][com.java.TestType] [  456] -  str(2) = 5
[INFO ][2015-11-04 11:44:22,578][com.java.TestType] [  508] - row values are--------{1=com.java.Objects.TestDataDetails@1a25917, 2=com.java.Objects.TestDataDetails@14d9bb1, 3=com.java.Objects.TestDataDetails@859f0a, 4=com.java.Objects.TestDataDetails@1bf57bb, 5=com.java.Objects.TestDataDetails@1654df1}
[INFO ][2015-11-04 11:44:22,578][com.java.TestType] [  456] -  str(1) = 1
[INFO ][2015-11-04 11:44:22,578][com.java.TestType] [  459] - Test case Id is---1
[INFO ][2015-11-04 11:44:22,578][com.java.TestType] [  461] - 1
[INFO ][2015-11-04 11:44:22,578][com.java.TestType] [  456] -  str(2) = 6
[INFO ][2015-11-04 11:44:22,578][com.java.TestType] [  508] - row values are--------{1=com.java.Objects.TestDataDetails@1a25917, 2=com.java.Objects.TestDataDetails@14d9bb1, 3=com.java.Objects.TestDataDetails@859f0a, 4=com.java.Objects.TestDataDetails@1bf57bb, 5=com.java.Objects.TestDataDetails@1654df1, 6=com.java.Objects.TestDataDetails@1ebe346}
[INFO ][2015-11-04 11:44:22,578][com.java.TestType] [  456] -  str(1) = 1
[INFO ][2015-11-04 11:44:22,578][com.java.TestType] [  459] - Test case Id is---1
[INFO ][2015-11-04 11:44:22,578][com.java.TestType] [  461] - 1
[INFO ][2015-11-04 11:44:22,578][com.java.TestType] [  456] -  str(2) = 7
[INFO ][2015-11-04 11:44:22,578][com.java.TestType] [  508] - row values are--------{1=com.java.Objects.TestDataDetails@1a25917, 2=com.java.Objects.TestDataDetails@14d9bb1, 3=com.java.Objects.TestDataDetails@859f0a, 4=com.java.Objects.TestDataDetails@1bf57bb, 5=com.java.Objects.TestDataDetails@1654df1, 6=com.java.Objects.TestDataDetails@1ebe346, 7=com.java.Objects.TestDataDetails@a5031d}
[INFO ][2015-11-04 11:44:22,578][com.java.TestType] [  456] -  str(1) = 1
[INFO ][2015-11-04 11:44:22,578][com.java.TestType] [  459] - Test case Id is---1
[INFO ][2015-11-04 11:44:22,578][com.java.TestType] [  461] - 1
[INFO ][2015-11-04 11:44:22,578][com.java.TestType] [  456] -  str(2) = 8
[INFO ][2015-11-04 11:44:22,578][com.java.TestType] [  508] - row values are--------{1=com.java.Objects.TestDataDetails@1a25917, 2=com.java.Objects.TestDataDetails@14d9bb1, 3=com.java.Objects.TestDataDetails@859f0a, 4=com.java.Objects.TestDataDetails@1bf57bb, 5=com.java.Objects.TestDataDetails@1654df1, 6=com.java.Objects.TestDataDetails@1ebe346, 7=com.java.Objects.TestDataDetails@a5031d, 8=com.java.Objects.TestDataDetails@452fb4}
[INFO ][2015-11-04 11:44:22,578][com.java.TestType] [  456] -  str(1) = 1
[INFO ][2015-11-04 11:44:22,578][com.java.TestType] [  459] - Test case Id is---1
[INFO ][2015-11-04 11:44:22,578][com.java.TestType] [  461] - 1
[INFO ][2015-11-04 11:44:22,578][com.java.TestType] [  456] -  str(2) = 9
[INFO ][2015-11-04 11:44:22,578][com.java.TestType] [  508] - row values are--------{1=com.java.Objects.TestDataDetails@1a25917, 2=com.java.Objects.TestDataDetails@14d9bb1, 3=com.java.Objects.TestDataDetails@859f0a, 4=com.java.Objects.TestDataDetails@1bf57bb, 5=com.java.Objects.TestDataDetails@1654df1, 6=com.java.Objects.TestDataDetails@1ebe346, 7=com.java.Objects.TestDataDetails@a5031d, 8=com.java.Objects.TestDataDetails@452fb4, 9=com.java.Objects.TestDataDetails@997b5c}
[INFO ][2015-11-04 11:44:22,578][com.java.TestType] [  456] -  str(1) = 1
[INFO ][2015-11-04 11:44:22,578][com.java.TestType] [  459] - Test case Id is---1
[INFO ][2015-11-04 11:44:22,578][com.java.TestType] [  461] - 1
[INFO ][2015-11-04 11:44:22,588][com.java.TestType] [  456] -  str(2) = 10
[INFO ][2015-11-04 11:44:22,588][com.java.TestType] [  508] - row values are--------{1=com.java.Objects.TestDataDetails@1a25917, 2=com.java.Objects.TestDataDetails@14d9bb1, 3=com.java.Objects.TestDataDetails@859f0a, 4=com.java.Objects.TestDataDetails@1bf57bb, 5=com.java.Objects.TestDataDetails@1654df1, 6=com.java.Objects.TestDataDetails@1ebe346, 7=com.java.Objects.TestDataDetails@a5031d, 8=com.java.Objects.TestDataDetails@452fb4, 9=com.java.Objects.TestDataDetails@997b5c, 10=com.java.Objects.TestDataDetails@193c96b}
[INFO ][2015-11-04 11:44:22,588][com.java.TestType] [  456] -  str(1) = 1
[INFO ][2015-11-04 11:44:22,588][com.java.TestType] [  459] - Test case Id is---1
[INFO ][2015-11-04 11:44:22,588][com.java.TestType] [  461] - 1
[INFO ][2015-11-04 11:44:22,588][com.java.TestType] [  456] -  str(2) = 11
[INFO ][2015-11-04 11:44:22,588][com.java.TestType] [  508] - row values are--------{1=com.java.Objects.TestDataDetails@1a25917, 2=com.java.Objects.TestDataDetails@14d9bb1, 3=com.java.Objects.TestDataDetails@859f0a, 4=com.java.Objects.TestDataDetails@1bf57bb, 5=com.java.Objects.TestDataDetails@1654df1, 6=com.java.Objects.TestDataDetails@1ebe346, 7=com.java.Objects.TestDataDetails@a5031d, 8=com.java.Objects.TestDataDetails@452fb4, 9=com.java.Objects.TestDataDetails@997b5c, 10=com.java.Objects.TestDataDetails@193c96b, 11=com.java.Objects.TestDataDetails@1ba3e33}
[INFO ][2015-11-04 11:44:22,588][com.java.TestType] [  456] -  str(1) = 1
[INFO ][2015-11-04 11:44:22,588][com.java.TestType] [  459] - Test case Id is---1
[INFO ][2015-11-04 11:44:22,588][com.java.TestType] [  461] - 1
[INFO ][2015-11-04 11:44:22,588][com.java.TestType] [  456] -  str(2) = 12
[INFO ][2015-11-04 11:44:22,588][com.java.TestType] [  508] - row values are--------{1=com.java.Objects.TestDataDetails@1a25917, 2=com.java.Objects.TestDataDetails@14d9bb1, 3=com.java.Objects.TestDataDetails@859f0a, 4=com.java.Objects.TestDataDetails@1bf57bb, 5=com.java.Objects.TestDataDetails@1654df1, 6=com.java.Objects.TestDataDetails@1ebe346, 7=com.java.Objects.TestDataDetails@a5031d, 8=com.java.Objects.TestDataDetails@452fb4, 9=com.java.Objects.TestDataDetails@997b5c, 10=com.java.Objects.TestDataDetails@193c96b, 11=com.java.Objects.TestDataDetails@1ba3e33, 12=com.java.Objects.TestDataDetails@142eb69}
[INFO ][2015-11-04 11:44:22,588][com.java.TestType] [  456] -  str(1) = 1
[INFO ][2015-11-04 11:44:22,588][com.java.TestType] [  459] - Test case Id is---1
[INFO ][2015-11-04 11:44:22,588][com.java.TestType] [  461] - 1
[INFO ][2015-11-04 11:44:22,588][com.java.TestType] [  456] -  str(2) = 13
[INFO ][2015-11-04 11:44:22,588][com.java.TestType] [  508] - row values are--------{1=com.java.Objects.TestDataDetails@1a25917, 2=com.java.Objects.TestDataDetails@14d9bb1, 3=com.java.Objects.TestDataDetails@859f0a, 4=com.java.Objects.TestDataDetails@1bf57bb, 5=com.java.Objects.TestDataDetails@1654df1, 6=com.java.Objects.TestDataDetails@1ebe346, 7=com.java.Objects.TestDataDetails@a5031d, 8=com.java.Objects.TestDataDetails@452fb4, 9=com.java.Objects.TestDataDetails@997b5c, 10=com.java.Objects.TestDataDetails@193c96b, 11=com.java.Objects.TestDataDetails@1ba3e33, 12=com.java.Objects.TestDataDetails@142eb69, 13=com.java.Objects.TestDataDetails@10f5aca}
[INFO ][2015-11-04 11:44:22,588][com.java.TestType] [  456] -  str(1) = 1
[INFO ][2015-11-04 11:44:22,588][com.java.TestType] [  459] - Test case Id is---1
[INFO ][2015-11-04 11:44:22,588][com.java.TestType] [  461] - 1
[INFO ][2015-11-04 11:44:22,588][com.java.TestType] [  456] -  str(2) = 14
[INFO ][2015-11-04 11:44:22,588][com.java.TestType] [  508] - row values are--------{1=com.java.Objects.TestDataDetails@1a25917, 2=com.java.Objects.TestDataDetails@14d9bb1, 3=com.java.Objects.TestDataDetails@859f0a, 4=com.java.Objects.TestDataDetails@1bf57bb, 5=com.java.Objects.TestDataDetails@1654df1, 6=com.java.Objects.TestDataDetails@1ebe346, 7=com.java.Objects.TestDataDetails@a5031d, 8=com.java.Objects.TestDataDetails@452fb4, 9=com.java.Objects.TestDataDetails@997b5c, 10=com.java.Objects.TestDataDetails@193c96b, 11=com.java.Objects.TestDataDetails@1ba3e33, 12=com.java.Objects.TestDataDetails@142eb69, 13=com.java.Objects.TestDataDetails@10f5aca, 14=com.java.Objects.TestDataDetails@1cade4}
[INFO ][2015-11-04 11:44:22,588][com.java.TestType] [ 7899] - Looping 1TCID = 1
[DEBUG][2015-11-04 11:44:22,588][com.java.TestType] [ 7940] - Concept ID:1 :: Step being Executed: 1::1
[INFO ][2015-11-04 11:44:22,588][com.java.TestType] [ 7978] - dataFields : TXTusername
[DEBUG][2015-11-04 11:44:22,588][com.java.TestType] [ 7984] - <In Set values of the page>
[DEBUG][2015-11-04 11:44:22,588][com.java.TestType] [ 7989] - {Data Fields & Data Values Exist}
[INFO ][2015-11-04 11:44:22,588][com.java.TestType] [ 7995] - --------------------------setting values-----------------------------
[INFO ][2015-11-04 11:44:22,588][com.java.TestType] [ 7998] - Action Type : CLEARANDENTER
[INFO ][2015-11-04 11:44:22,588][com.java.TestType] [ 3750] - value = valuelabs.ie11.33527
[INFO ][2015-11-04 11:44:27,493][com.java.TestType] [ 8017] -  RESULT true
[INFO ][2015-11-04 11:44:27,493][com.java.TestType] [ 8134] - ?   P A S S   ?
[DEBUG][2015-11-04 11:44:27,493][com.java.TestType] [ 7940] - Concept ID:1 :: Step being Executed: 1::2
[INFO ][2015-11-04 11:44:27,493][com.java.TestType] [ 7978] - dataFields : TXTpassword
[DEBUG][2015-11-04 11:44:27,493][com.java.TestType] [ 7984] - <In Set values of the page>
[DEBUG][2015-11-04 11:44:27,493][com.java.TestType] [ 7989] - {Data Fields & Data Values Exist}
[INFO ][2015-11-04 11:44:27,493][com.java.TestType] [ 7995] - --------------------------setting values-----------------------------
[INFO ][2015-11-04 11:44:27,493][com.java.TestType] [ 7998] - Action Type : CLEARANDENTER
[INFO ][2015-11-04 11:44:27,493][com.java.TestType] [ 3750] - value = Password1*
[INFO ][2015-11-04 11:44:32,450][com.java.TestType] [ 8017] -  RESULT true
[INFO ][2015-11-04 11:44:32,450][com.java.TestType] [ 8134] - ?   P A S S   ?
[DEBUG][2015-11-04 11:44:32,450][com.java.TestType] [ 7940] - Concept ID:1 :: Step being Executed: 1::3
[ERROR][2015-11-04 11:44:32,450][com.java.TestType] [ 7973] - Exception: null
[INFO ][2015-11-04 11:44:32,450][com.java.TestType] [ 7978] - dataFields : XPH//button[@type='submit']
[DEBUG][2015-11-04 11:44:32,450][com.java.TestType] [ 7984] - <In Set values of the page>
[DEBUG][2015-11-04 11:44:32,450][com.java.TestType] [ 7989] - {Data Fields & Data Values Exist}
[INFO ][2015-11-04 11:44:32,450][com.java.TestType] [ 7995] - --------------------------setting values-----------------------------
[INFO ][2015-11-04 11:44:32,450][com.java.TestType] [ 7998] - Action Type : Click
[INFO ][2015-11-04 11:44:32,450][com.java.TestType] [ 4063] - Field ::XPH//button[@type='submit']
[INFO ][2015-11-04 11:44:33,450][com.java.TestType] [ 4122] - BEFORE CLICK
[INFO ][2015-11-04 11:44:34,313][com.java.TestType] [ 4130] - Unable to click the object Login
[INFO ][2015-11-04 11:44:34,313][com.java.TestType] [ 8017] -  RESULT true
[INFO ][2015-11-04 11:44:34,313][com.java.TestType] [ 8134] - ?   P A S S   ?
[DEBUG][2015-11-04 11:44:34,313][com.java.TestType] [ 7940] - Concept ID:1 :: Step being Executed: 1::4
[INFO ][2015-11-04 11:44:34,313][com.java.TestType] [ 7978] - dataFields : LNKLogout
[DEBUG][2015-11-04 11:44:34,313][com.java.TestType] [ 7984] - <In Set values of the page>
[DEBUG][2015-11-04 11:44:34,313][com.java.TestType] [ 7989] - {Data Fields & Data Values Exist}
[INFO ][2015-11-04 11:44:34,313][com.java.TestType] [ 7995] - --------------------------setting values-----------------------------
[INFO ][2015-11-04 11:44:34,313][com.java.TestType] [ 7998] - Action Type : WaitForElement
[INFO ][2015-11-04 11:44:45,394][com.java.TestType] [ 8017] -  RESULT true
[INFO ][2015-11-04 11:44:45,394][com.java.TestType] [ 8134] - ?   P A S S   ?
[DEBUG][2015-11-04 11:44:45,394][com.java.TestType] [ 7940] - Concept ID:1 :: Step being Executed: 1::13
[INFO ][2015-11-04 11:44:45,394][com.java.TestType] [ 7978] - dataFields : LNK
[DEBUG][2015-11-04 11:44:45,394][com.java.TestType] [ 7984] - <In Set values of the page>
[DEBUG][2015-11-04 11:44:45,394][com.java.TestType] [ 7989] - {Data Fields & Data Values Exist}
[INFO ][2015-11-04 11:44:45,394][com.java.TestType] [ 7995] - --------------------------setting values-----------------------------
[INFO ][2015-11-04 11:44:45,394][com.java.TestType] [ 7998] - Action Type : Verify
[INFO ][2015-11-04 11:44:45,394][com.java.TestType] [ 4876] - field= LNK value= Logout
[INFO ][2015-11-04 11:44:45,394][com.java.TestType] [ 3750] - value = Logout
[INFO ][2015-11-04 11:44:45,435][com.java.TestType] [ 8017] -  RESULT true
[INFO ][2015-11-04 11:44:45,435][com.java.TestType] [ 8134] - ?   P A S S   ?
[DEBUG][2015-11-04 11:44:45,435][com.java.TestType] [ 7940] - Concept ID:1 :: Step being Executed: 1::14
[INFO ][2015-11-04 11:44:45,435][com.java.TestType] [ 7978] - dataFields : BTN
[DEBUG][2015-11-04 11:44:45,435][com.java.TestType] [ 7984] - <In Set values of the page>
[DEBUG][2015-11-04 11:44:45,435][com.java.TestType] [ 7989] - {Data Fields & Data Values Exist}
[INFO ][2015-11-04 11:44:45,435][com.java.TestType] [ 7995] - --------------------------setting values-----------------------------
[INFO ][2015-11-04 11:44:45,435][com.java.TestType] [ 7998] - Action Type : Verify
[INFO ][2015-11-04 11:44:45,435][com.java.TestType] [ 4876] - field= BTN value= //img[contains(@src,'bdlogo.jpg')]
[INFO ][2015-11-04 11:44:45,435][com.java.TestType] [ 3750] - value = //img[contains(@src,'bdlogo.jpg')]
[INFO ][2015-11-04 11:44:45,485][com.java.TestType] [ 8017] -  RESULT true
[INFO ][2015-11-04 11:44:45,485][com.java.TestType] [ 8134] - ?   P A S S   ?
[INFO ][2015-11-04 11:44:45,485][com.java.TestType] [ 8205] - Looping End......
[INFO ][2015-11-04 11:44:45,485][com.java.SeleniumDriver] [  861] -  RESULT true
[INFO ][2015-11-04 11:44:45,485][com.java.SeleniumDriver] [ 1066] - ?   P A S S   ?
[INFO ][2015-11-04 11:44:45,485][com.java.SeleniumDriver] [  788] - ------------------------------------------
[INFO ][2015-11-04 11:44:45,485][com.java.SeleniumDriver] [  789] - Test case being Executed: 1
[INFO ][2015-11-04 11:44:45,485][com.java.SeleniumDriver] [  800] - Test step:2
[INFO ][2015-11-04 11:44:45,485][com.java.SeleniumDriver] [  812] - Datavalue is----------Concept#2:1-2
[INFO ][2015-11-04 11:44:45,485][com.java.SeleniumDriver] [  836] - DataField : test
[INFO ][2015-11-04 11:44:45,485][com.java.SeleniumDriver] [  838] - DataValue : Concept#2:1-2
[INFO ][2015-11-04 11:44:45,485][com.java.SeleniumDriver] [  844] - <In Set values of the page>
[INFO ][2015-11-04 11:44:45,485][com.java.SeleniumDriver] [  847] - {Data Fields & Data Values Exist}
[INFO ][2015-11-04 11:44:45,485][com.java.SeleniumDriver] [  849] - --------------------------setting values-----------------------------
[INFO ][2015-11-04 11:44:45,485][com.java.SeleniumDriver] [  852] - Action Type : ExecuteTestCase
[INFO ][2015-11-04 11:44:45,485][com.java.TestType] [  411] - The Concept sheet name is ---------- Concept
[INFO ][2015-11-04 11:44:45,485][com.java.TestType] [  414] - The Concept ID  is ---------- 2
[DEBUG][2015-11-04 11:44:45,485][com.java.TestType] [  418] - Steps being executted in the Concept are: 1:2
[INFO ][2015-11-04 11:44:45,485][com.java.TestType] [  425] - Test data details path ---------- D:\BankersDashboard\TestInputs\TestData.xls
[INFO ][2015-11-04 11:44:45,515][com.java.TestType] [  456] -  str(1) = 2
[INFO ][2015-11-04 11:44:45,525][com.java.TestType] [  459] - Test case Id is---2
[INFO ][2015-11-04 11:44:45,525][com.java.TestType] [  461] - 2
[INFO ][2015-11-04 11:44:45,525][com.java.TestType] [  456] -  str(2) = 1
[INFO ][2015-11-04 11:44:45,525][com.java.TestType] [  508] - row values are--------{1=com.java.Objects.TestDataDetails@124aa85}
[INFO ][2015-11-04 11:44:45,525][com.java.TestType] [  456] -  str(1) = 2
[INFO ][2015-11-04 11:44:45,525][com.java.TestType] [  459] - Test case Id is---2
[INFO ][2015-11-04 11:44:45,525][com.java.TestType] [  461] - 2
[INFO ][2015-11-04 11:44:45,525][com.java.TestType] [  456] -  str(2) = 2
[INFO ][2015-11-04 11:44:45,525][com.java.TestType] [  508] - row values are--------{1=com.java.Objects.TestDataDetails@124aa85, 2=com.java.Objects.TestDataDetails@bcd79e}
[INFO ][2015-11-04 11:44:45,525][com.java.TestType] [  456] -  str(1) = 2
[INFO ][2015-11-04 11:44:45,525][com.java.TestType] [  459] - Test case Id is---2
[INFO ][2015-11-04 11:44:45,525][com.java.TestType] [  461] - 2
[INFO ][2015-11-04 11:44:45,525][com.java.TestType] [  456] -  str(2) = 3
[INFO ][2015-11-04 11:44:45,525][com.java.TestType] [  508] - row values are--------{1=com.java.Objects.TestDataDetails@124aa85, 2=com.java.Objects.TestDataDetails@bcd79e, 3=com.java.Objects.TestDataDetails@1b573da}
[INFO ][2015-11-04 11:44:45,525][com.java.TestType] [ 7899] - Looping 1TCID = 2
[DEBUG][2015-11-04 11:44:45,525][com.java.TestType] [ 7940] - Concept ID:2 :: Step being Executed: 2::1
[INFO ][2015-11-04 11:44:45,525][com.java.TestType] [ 7978] - dataFields : BNK//select[@id='bank']
[DEBUG][2015-11-04 11:44:45,525][com.java.TestType] [ 7984] - <In Set values of the page>
[DEBUG][2015-11-04 11:44:45,525][com.java.TestType] [ 7989] - {Data Fields & Data Values Exist}
[INFO ][2015-11-04 11:44:45,525][com.java.TestType] [ 7995] - --------------------------setting values-----------------------------
[INFO ][2015-11-04 11:44:45,525][com.java.TestType] [ 7998] - Action Type : Select
[INFO ][2015-11-04 11:44:45,525][com.java.TestType] [ 3750] - value = PFC
[INFO ][2015-11-04 11:44:45,715][com.java.TestType] [ 8017] -  RESULT true
[INFO ][2015-11-04 11:44:45,715][com.java.TestType] [ 8134] - ?   P A S S   ?
[DEBUG][2015-11-04 11:44:45,715][com.java.TestType] [ 7940] - Concept ID:2 :: Step being Executed: 2::2
[INFO ][2015-11-04 11:44:45,715][com.java.TestType] [ 7978] - dataFields : LNKLogout
[DEBUG][2015-11-04 11:44:45,715][com.java.TestType] [ 7984] - <In Set values of the page>
[DEBUG][2015-11-04 11:44:45,715][com.java.TestType] [ 7989] - {Data Fields & Data Values Exist}
[INFO ][2015-11-04 11:44:45,715][com.java.TestType] [ 7995] - --------------------------setting values-----------------------------
[INFO ][2015-11-04 11:44:45,715][com.java.TestType] [ 7998] - Action Type : WaitTime
[DEBUG][2015-11-04 11:44:45,715][com.java.TestType] [ 3654] - sleepTime: 5000
[INFO ][2015-11-04 11:44:50,715][com.java.TestType] [ 8017] -  RESULT true
[INFO ][2015-11-04 11:44:50,715][com.java.TestType] [ 8134] - ?   P A S S   ?
[INFO ][2015-11-04 11:44:50,715][com.java.TestType] [ 8205] - Looping End......
[INFO ][2015-11-04 11:44:50,715][com.java.SeleniumDriver] [  861] -  RESULT true
[INFO ][2015-11-04 11:44:50,715][com.java.SeleniumDriver] [ 1066] - ?   P A S S   ?
[INFO ][2015-11-04 11:44:50,715][com.java.SeleniumDriver] [  788] - ------------------------------------------
[INFO ][2015-11-04 11:44:50,715][com.java.SeleniumDriver] [  789] - Test case being Executed: 1
[INFO ][2015-11-04 11:44:50,715][com.java.SeleniumDriver] [  800] - Test step:3
[INFO ][2015-11-04 11:44:50,715][com.java.SeleniumDriver] [  812] - Datavalue is----------2
[INFO ][2015-11-04 11:44:50,715][com.java.SeleniumDriver] [  836] - DataField : XPH//button[contains(text(),'Add Content')]
[INFO ][2015-11-04 11:44:50,715][com.java.SeleniumDriver] [  838] - DataValue : 2
[INFO ][2015-11-04 11:44:50,715][com.java.SeleniumDriver] [  844] - <In Set values of the page>
[INFO ][2015-11-04 11:44:50,715][com.java.SeleniumDriver] [  847] - {Data Fields & Data Values Exist}
[INFO ][2015-11-04 11:44:50,715][com.java.SeleniumDriver] [  849] - --------------------------setting values-----------------------------
[INFO ][2015-11-04 11:44:50,715][com.java.SeleniumDriver] [  852] - Action Type : WAITFORELEMENT
[INFO ][2015-11-04 11:44:50,756][com.java.SeleniumDriver] [  861] -  RESULT true
[INFO ][2015-11-04 11:44:50,756][com.java.SeleniumDriver] [ 1066] - ?   P A S S   ?
[DEBUG][2015-11-04 11:44:50,756][com.java.SeleniumDriver] [ 1168] - Case found
[DEBUG][2015-11-04 11:44:50,756][com.java.SeleniumDriver] [ 1173] - Incrementing ReportCounters[0]:1
[INFO ][2015-11-04 11:44:50,756][com.java.SeleniumDriver] [ 1192] - The results are-------------------[1, 1, Valid Login, Pass, , Wed Nov 04 11:44:45 IST 2015, 1, 2, Valid Login, Pass, , Wed Nov 04 11:44:50 IST 2015, 1, 3, Valid Login, Pass, , Wed Nov 04 11:44:50 IST 2015]
[INFO ][2015-11-04 11:44:50,756][com.java.SeleniumDriver] [ 1196] - End time is-------52 sec
[INFO ][2015-11-04 11:44:50,756][com.java.SeleniumDriver] [ 1197] - The results are-------------------[1, 1, Valid Login, Pass, , Wed Nov 04 11:44:45 IST 2015, 1, 2, Valid Login, Pass, , Wed Nov 04 11:44:50 IST 2015, 1, 3, Valid Login, Pass, , Wed Nov 04 11:44:50 IST 2015]
[DEBUG][2015-11-04 11:44:50,756][com.java.ImportnExport.ExportTestResultsExcel] [  222] - testResultPath = D:\BankersDashboard/TestReports/Test Results_BankersDashBoard_110415_114359_IE11_Bank of North Carolina.xls
[DEBUG][2015-11-04 11:44:50,756][com.java.ImportnExport.ExportTestResultsExcel] [  223] - browser is------------IE11
[DEBUG][2015-11-04 11:44:50,796][com.java.ImportnExport.ExportTestResultsExcel] [  270] - result.size() = 18
[DEBUG][2015-11-04 11:44:50,796][com.java.ImportnExport.ExportTestResultsExcel] [  274] - No of rows in sheet=1
[DEBUG][2015-11-04 11:44:50,796][com.java.ImportnExport.ExportTestResultsExcel] [  301] - ..in export..1
[DEBUG][2015-11-04 11:44:50,796][com.java.ImportnExport.ExportTestResultsExcel] [  301] - ..in export..Valid Login
[DEBUG][2015-11-04 11:44:50,796][com.java.ImportnExport.ExportTestResultsExcel] [  301] - ..in export..Pass
[DEBUG][2015-11-04 11:44:50,796][com.java.ImportnExport.ExportTestResultsExcel] [  301] - ..in export..
[DEBUG][2015-11-04 11:44:50,796][com.java.ImportnExport.ExportTestResultsExcel] [  301] - ..in export..Wed Nov 04 11:44:45 IST 2015
[INFO ][2015-11-04 11:44:50,796][com.java.SeleniumDriver] [ 1255] - out loop:0 size:2 TestCases:[1, 2] testcases:[1, 2]
[INFO ][2015-11-04 11:44:50,796][com.java.ImportnExport.ImportTestDataDetailsExcel] [   49] - test data details path===== D:\BankersDashboard\TestInputs\TestData.xls
[INFO ][2015-11-04 11:45:09,171][com.java.SeleniumDriver] [  788] - ------------------------------------------
[INFO ][2015-11-04 11:45:09,171][com.java.SeleniumDriver] [  789] - Test case being Executed: 2
[INFO ][2015-11-04 11:45:09,171][com.java.SeleniumDriver] [  800] - Test step:1
[INFO ][2015-11-04 11:45:09,171][com.java.SeleniumDriver] [  812] - Datavalue is----------Logout
[INFO ][2015-11-04 11:45:09,171][com.java.SeleniumDriver] [  836] - DataField : BTN
[INFO ][2015-11-04 11:45:09,171][com.java.SeleniumDriver] [  838] - DataValue : Logout
[INFO ][2015-11-04 11:45:09,171][com.java.SeleniumDriver] [  844] - <In Set values of the page>
[INFO ][2015-11-04 11:45:09,171][com.java.SeleniumDriver] [  847] - {Data Fields & Data Values Exist}
[INFO ][2015-11-04 11:45:09,171][com.java.SeleniumDriver] [  849] - --------------------------setting values-----------------------------
[INFO ][2015-11-04 11:45:09,171][com.java.SeleniumDriver] [  852] - Action Type : Verify
[INFO ][2015-11-04 11:45:09,171][com.java.TestType] [ 4876] - field= BTN value= Logout
[INFO ][2015-11-04 11:45:09,171][com.java.TestType] [ 3750] - value = Logout
[INFO ][2015-11-04 11:45:09,212][com.java.SeleniumDriver] [  861] -  RESULT true
[INFO ][2015-11-04 11:45:09,212][com.java.SeleniumDriver] [ 1066] - ?   P A S S   ?
[INFO ][2015-11-04 11:45:09,212][com.java.SeleniumDriver] [ 1108] - step change to 3
[INFO ][2015-11-04 11:45:09,212][com.java.SeleniumDriver] [  788] - ------------------------------------------
[INFO ][2015-11-04 11:45:09,212][com.java.SeleniumDriver] [  789] - Test case being Executed: 2
[INFO ][2015-11-04 11:45:09,212][com.java.SeleniumDriver] [  800] - Test step:3
[INFO ][2015-11-04 11:45:09,212][com.java.SeleniumDriver] [  812] - Datavalue is----------Concept#2:1-2
[INFO ][2015-11-04 11:45:09,212][com.java.SeleniumDriver] [  836] - DataField : test
[INFO ][2015-11-04 11:45:09,212][com.java.SeleniumDriver] [  838] - DataValue : Concept#2:1-2
[INFO ][2015-11-04 11:45:09,212][com.java.SeleniumDriver] [  844] - <In Set values of the page>
[INFO ][2015-11-04 11:45:09,212][com.java.SeleniumDriver] [  847] - {Data Fields & Data Values Exist}
[INFO ][2015-11-04 11:45:09,212][com.java.SeleniumDriver] [  849] - --------------------------setting values-----------------------------
[INFO ][2015-11-04 11:45:09,212][com.java.SeleniumDriver] [  852] - Action Type : ExecuteTestCase
[INFO ][2015-11-04 11:45:09,212][com.java.TestType] [  411] - The Concept sheet name is ---------- Concept
[INFO ][2015-11-04 11:45:09,212][com.java.TestType] [  414] - The Concept ID  is ---------- 2
[DEBUG][2015-11-04 11:45:09,212][com.java.TestType] [  418] - Steps being executted in the Concept are: 1:2
[INFO ][2015-11-04 11:45:09,212][com.java.TestType] [  425] - Test data details path ---------- D:\BankersDashboard\TestInputs\TestData.xls
[INFO ][2015-11-04 11:45:09,242][com.java.TestType] [  456] -  str(1) = 2
[INFO ][2015-11-04 11:45:09,242][com.java.TestType] [  459] - Test case Id is---2
[INFO ][2015-11-04 11:45:09,242][com.java.TestType] [  461] - 2
[INFO ][2015-11-04 11:45:09,242][com.java.TestType] [  456] -  str(2) = 1
[INFO ][2015-11-04 11:45:09,242][com.java.TestType] [  508] - row values are--------{1=com.java.Objects.TestDataDetails@1f405c3}
[INFO ][2015-11-04 11:45:09,242][com.java.TestType] [  456] -  str(1) = 2
[INFO ][2015-11-04 11:45:09,242][com.java.TestType] [  459] - Test case Id is---2
[INFO ][2015-11-04 11:45:09,242][com.java.TestType] [  461] - 2
[INFO ][2015-11-04 11:45:09,242][com.java.TestType] [  456] -  str(2) = 2
[INFO ][2015-11-04 11:45:09,242][com.java.TestType] [  508] - row values are--------{1=com.java.Objects.TestDataDetails@1f405c3, 2=com.java.Objects.TestDataDetails@1dc5ca2}
[INFO ][2015-11-04 11:45:09,242][com.java.TestType] [  456] -  str(1) = 2
[INFO ][2015-11-04 11:45:09,242][com.java.TestType] [  459] - Test case Id is---2
[INFO ][2015-11-04 11:45:09,242][com.java.TestType] [  461] - 2
[INFO ][2015-11-04 11:45:09,242][com.java.TestType] [  456] -  str(2) = 3
[INFO ][2015-11-04 11:45:09,242][com.java.TestType] [  508] - row values are--------{1=com.java.Objects.TestDataDetails@1f405c3, 2=com.java.Objects.TestDataDetails@1dc5ca2, 3=com.java.Objects.TestDataDetails@1f528dc}
[INFO ][2015-11-04 11:45:09,242][com.java.TestType] [ 7899] - Looping 1TCID = 2
[DEBUG][2015-11-04 11:45:09,242][com.java.TestType] [ 7940] - Concept ID:2 :: Step being Executed: 2::1
[INFO ][2015-11-04 11:45:09,242][com.java.TestType] [ 7978] - dataFields : BNK//select[@id='bank']
[DEBUG][2015-11-04 11:45:09,242][com.java.TestType] [ 7984] - <In Set values of the page>
[DEBUG][2015-11-04 11:45:09,242][com.java.TestType] [ 7989] - {Data Fields & Data Values Exist}
[INFO ][2015-11-04 11:45:09,242][com.java.TestType] [ 7995] - --------------------------setting values-----------------------------
[INFO ][2015-11-04 11:45:09,242][com.java.TestType] [ 7998] - Action Type : Select
[INFO ][2015-11-04 11:45:09,242][com.java.TestType] [ 3750] - value = PFC
[INFO ][2015-11-04 11:45:09,457][com.java.TestType] [ 8017] -  RESULT true
[INFO ][2015-11-04 11:45:09,457][com.java.TestType] [ 8134] - ?   P A S S   ?
[DEBUG][2015-11-04 11:45:09,457][com.java.TestType] [ 7940] - Concept ID:2 :: Step being Executed: 2::2
[INFO ][2015-11-04 11:45:09,457][com.java.TestType] [ 7978] - dataFields : LNKLogout
[DEBUG][2015-11-04 11:45:09,457][com.java.TestType] [ 7984] - <In Set values of the page>
[DEBUG][2015-11-04 11:45:09,457][com.java.TestType] [ 7989] - {Data Fields & Data Values Exist}
[INFO ][2015-11-04 11:45:09,457][com.java.TestType] [ 7995] - --------------------------setting values-----------------------------
[INFO ][2015-11-04 11:45:09,457][com.java.TestType] [ 7998] - Action Type : WaitTime
[DEBUG][2015-11-04 11:45:09,457][com.java.TestType] [ 3654] - sleepTime: 5000
[INFO ][2015-11-04 11:45:14,457][com.java.TestType] [ 8017] -  RESULT true
[INFO ][2015-11-04 11:45:14,457][com.java.TestType] [ 8134] - ?   P A S S   ?
[INFO ][2015-11-04 11:45:14,457][com.java.TestType] [ 8205] - Looping End......
[INFO ][2015-11-04 11:45:14,457][com.java.SeleniumDriver] [  861] -  RESULT true
[INFO ][2015-11-04 11:45:14,457][com.java.SeleniumDriver] [ 1066] - ?   P A S S   ?
[INFO ][2015-11-04 11:45:14,457][com.java.SeleniumDriver] [  788] - ------------------------------------------
[INFO ][2015-11-04 11:45:14,457][com.java.SeleniumDriver] [  789] - Test case being Executed: 2
[INFO ][2015-11-04 11:45:14,457][com.java.SeleniumDriver] [  800] - Test step:4
[INFO ][2015-11-04 11:45:14,457][com.java.SeleniumDriver] [  812] - Datavalue is----------null
[DEBUG][2015-11-04 11:45:14,457][com.java.SeleniumDriver] [  830] - Exception: null
[INFO ][2015-11-04 11:45:14,457][com.java.SeleniumDriver] [  836] - DataField : //span[@class='icon-stack']&&//ul[@id='ReportPackages']/li[2]/a
[INFO ][2015-11-04 11:45:14,457][com.java.SeleniumDriver] [  838] - DataValue : 
[INFO ][2015-11-04 11:45:14,457][com.java.SeleniumDriver] [  844] - <In Set values of the page>
[INFO ][2015-11-04 11:45:14,457][com.java.SeleniumDriver] [  847] - {Data Fields & Data Values Exist}
[INFO ][2015-11-04 11:45:14,457][com.java.SeleniumDriver] [  849] - --------------------------setting values-----------------------------
[INFO ][2015-11-04 11:45:14,457][com.java.SeleniumDriver] [  852] - Action Type : MOUSEOVER
[INFO ][2015-11-04 11:45:24,033][com.java.SeleniumDriver] [  861] -  RESULT true
[INFO ][2015-11-04 11:45:24,033][com.java.SeleniumDriver] [ 1066] - ?   P A S S   ?
[INFO ][2015-11-04 11:45:24,033][com.java.SeleniumDriver] [  788] - ------------------------------------------
[INFO ][2015-11-04 11:45:24,033][com.java.SeleniumDriver] [  789] - Test case being Executed: 2
[INFO ][2015-11-04 11:45:24,033][com.java.SeleniumDriver] [  800] - Test step:5
[INFO ][2015-11-04 11:45:24,033][com.java.SeleniumDriver] [  812] - Datavalue is----------3
[INFO ][2015-11-04 11:45:24,033][com.java.SeleniumDriver] [  836] - DataField : BTNdivHelpText
[INFO ][2015-11-04 11:45:24,033][com.java.SeleniumDriver] [  838] - DataValue : 3
[INFO ][2015-11-04 11:45:24,033][com.java.SeleniumDriver] [  844] - <In Set values of the page>
[INFO ][2015-11-04 11:45:24,033][com.java.SeleniumDriver] [  847] - {Data Fields & Data Values Exist}
[INFO ][2015-11-04 11:45:24,033][com.java.SeleniumDriver] [  849] - --------------------------setting values-----------------------------
[INFO ][2015-11-04 11:45:24,033][com.java.SeleniumDriver] [  852] - Action Type : WAITFORELEMENT
[INFO ][2015-11-04 11:45:25,244][com.java.SeleniumDriver] [  861] -  RESULT true
[INFO ][2015-11-04 11:45:25,244][com.java.SeleniumDriver] [ 1066] - ?   P A S S   ?
[INFO ][2015-11-04 11:45:25,244][com.java.SeleniumDriver] [  788] - ------------------------------------------
[INFO ][2015-11-04 11:45:25,244][com.java.SeleniumDriver] [  789] - Test case being Executed: 2
[INFO ][2015-11-04 11:45:25,244][com.java.SeleniumDriver] [  800] - Test step:6
[INFO ][2015-11-04 11:45:25,244][com.java.SeleniumDriver] [  812] - Datavalue is----------null
[DEBUG][2015-11-04 11:45:25,244][com.java.SeleniumDriver] [  830] - Exception: null
[INFO ][2015-11-04 11:45:25,244][com.java.SeleniumDriver] [  836] - DataField : BTNframeDialogContent
[INFO ][2015-11-04 11:45:25,244][com.java.SeleniumDriver] [  838] - DataValue : 
[INFO ][2015-11-04 11:45:25,244][com.java.SeleniumDriver] [  844] - <In Set values of the page>
[INFO ][2015-11-04 11:45:25,244][com.java.SeleniumDriver] [  847] - {Data Fields & Data Values Exist}
[INFO ][2015-11-04 11:45:25,244][com.java.SeleniumDriver] [  849] - --------------------------setting values-----------------------------
[INFO ][2015-11-04 11:45:25,244][com.java.SeleniumDriver] [  852] - Action Type : SELECTFRAME
[INFO ][2015-11-04 11:45:26,496][com.java.SeleniumDriver] [  861] -  RESULT true
[INFO ][2015-11-04 11:45:26,496][com.java.SeleniumDriver] [ 1066] - ?   P A S S   ?
[INFO ][2015-11-04 11:45:26,496][com.java.SeleniumDriver] [  788] - ------------------------------------------
[INFO ][2015-11-04 11:45:26,496][com.java.SeleniumDriver] [  789] - Test case being Executed: 2
[INFO ][2015-11-04 11:45:26,496][com.java.SeleniumDriver] [  800] - Test step:7
[INFO ][2015-11-04 11:45:26,496][com.java.SeleniumDriver] [  812] - Datavalue is----------//div[@class='ui-widget-content']/div/button
[INFO ][2015-11-04 11:45:26,496][com.java.SeleniumDriver] [  836] - DataField : BTN
[INFO ][2015-11-04 11:45:26,496][com.java.SeleniumDriver] [  838] - DataValue : //div[@class='ui-widget-content']/div/button
[INFO ][2015-11-04 11:45:26,496][com.java.SeleniumDriver] [  844] - <In Set values of the page>
[INFO ][2015-11-04 11:45:26,496][com.java.SeleniumDriver] [  847] - {Data Fields & Data Values Exist}
[INFO ][2015-11-04 11:45:26,496][com.java.SeleniumDriver] [  849] - --------------------------setting values-----------------------------
[INFO ][2015-11-04 11:45:26,496][com.java.SeleniumDriver] [  852] - Action Type : VERIFY
[INFO ][2015-11-04 11:45:26,496][com.java.TestType] [ 4876] - field= BTN value= //div[@class='ui-widget-content']/div/button
[INFO ][2015-11-04 11:45:26,496][com.java.TestType] [ 3750] - value = //div[@class='ui-widget-content']/div/button
[INFO ][2015-11-04 11:45:26,536][com.java.SeleniumDriver] [  861] -  RESULT true
[INFO ][2015-11-04 11:45:26,536][com.java.SeleniumDriver] [ 1066] - ?   P A S S   ?
[INFO ][2015-11-04 11:45:26,536][com.java.SeleniumDriver] [  788] - ------------------------------------------
[INFO ][2015-11-04 11:45:26,536][com.java.SeleniumDriver] [  789] - Test case being Executed: 2
[INFO ][2015-11-04 11:45:26,536][com.java.SeleniumDriver] [  800] - Test step:8
[INFO ][2015-11-04 11:45:26,536][com.java.SeleniumDriver] [  812] - Datavalue is----------//option[@class="ember-view" and text()="Test123"]
[INFO ][2015-11-04 11:45:26,536][com.java.SeleniumDriver] [  836] - DataField : BTN
[INFO ][2015-11-04 11:45:26,536][com.java.SeleniumDriver] [  838] - DataValue : //option[@class="ember-view" and text()="Test123"]
[INFO ][2015-11-04 11:45:26,536][com.java.SeleniumDriver] [  844] - <In Set values of the page>
[INFO ][2015-11-04 11:45:26,536][com.java.SeleniumDriver] [  847] - {Data Fields & Data Values Exist}
[INFO ][2015-11-04 11:45:26,536][com.java.SeleniumDriver] [  849] - --------------------------setting values-----------------------------
[INFO ][2015-11-04 11:45:26,536][com.java.SeleniumDriver] [  852] - Action Type : VERIFY
[INFO ][2015-11-04 11:45:26,536][com.java.TestType] [ 4876] - field= BTN value= //option[@class="ember-view" and text()="Test123"]
[INFO ][2015-11-04 11:45:26,536][com.java.TestType] [ 3750] - value = //option[@class="ember-view" and text()="Test123"]
[INFO ][2015-11-04 11:45:26,576][com.java.SeleniumDriver] [  861] -  RESULT true
[INFO ][2015-11-04 11:45:26,576][com.java.SeleniumDriver] [ 1066] - ?   P A S S   ?
[INFO ][2015-11-04 11:45:26,576][com.java.SeleniumDriver] [ 1108] - step change to 12
[INFO ][2015-11-04 11:45:26,576][com.java.SeleniumDriver] [  788] - ------------------------------------------
[INFO ][2015-11-04 11:45:26,576][com.java.SeleniumDriver] [  789] - Test case being Executed: 2
[INFO ][2015-11-04 11:45:26,576][com.java.SeleniumDriver] [  800] - Test step:12
[INFO ][2015-11-04 11:45:26,576][com.java.SeleniumDriver] [  812] - Datavalue is----------null
[DEBUG][2015-11-04 11:45:26,576][com.java.SeleniumDriver] [  830] - Exception: null
[INFO ][2015-11-04 11:45:26,576][com.java.SeleniumDriver] [  836] - DataField : XPH//span[@class='glyphicon glyphicon-plus']
[INFO ][2015-11-04 11:45:26,576][com.java.SeleniumDriver] [  838] - DataValue : 
[INFO ][2015-11-04 11:45:26,576][com.java.SeleniumDriver] [  844] - <In Set values of the page>
[INFO ][2015-11-04 11:45:26,576][com.java.SeleniumDriver] [  847] - {Data Fields & Data Values Exist}
[INFO ][2015-11-04 11:45:26,576][com.java.SeleniumDriver] [  849] - --------------------------setting values-----------------------------
[INFO ][2015-11-04 11:45:26,576][com.java.SeleniumDriver] [  852] - Action Type : CLICK
[INFO ][2015-11-04 11:45:26,576][com.java.TestType] [ 4063] - Field ::XPH//span[@class='glyphicon glyphicon-plus']
[INFO ][2015-11-04 11:45:27,576][com.java.TestType] [ 4122] - BEFORE CLICK
[INFO ][2015-11-04 11:45:28,766][com.java.TestType] [ 4130] - Unable to click the object +' Button
[INFO ][2015-11-04 11:45:28,766][com.java.SeleniumDriver] [  861] -  RESULT true
[INFO ][2015-11-04 11:45:28,766][com.java.SeleniumDriver] [ 1066] - ?   P A S S   ?
[INFO ][2015-11-04 11:45:28,766][com.java.SeleniumDriver] [  788] - ------------------------------------------
[INFO ][2015-11-04 11:45:28,766][com.java.SeleniumDriver] [  789] - Test case being Executed: 2
[INFO ][2015-11-04 11:45:28,766][com.java.SeleniumDriver] [  800] - Test step:13
[INFO ][2015-11-04 11:45:28,766][com.java.SeleniumDriver] [  812] - Datavalue is----------3
[INFO ][2015-11-04 11:45:28,766][com.java.SeleniumDriver] [  836] - DataField : XPH//span[@class='dlg_Label']
[INFO ][2015-11-04 11:45:28,766][com.java.SeleniumDriver] [  838] - DataValue : 3
[INFO ][2015-11-04 11:45:28,766][com.java.SeleniumDriver] [  844] - <In Set values of the page>
[INFO ][2015-11-04 11:45:28,766][com.java.SeleniumDriver] [  847] - {Data Fields & Data Values Exist}
[INFO ][2015-11-04 11:45:28,766][com.java.SeleniumDriver] [  849] - --------------------------setting values-----------------------------
[INFO ][2015-11-04 11:45:28,766][com.java.SeleniumDriver] [  852] - Action Type : WAITFORELEMENT
[INFO ][2015-11-04 11:45:28,787][com.java.SeleniumDriver] [  861] -  RESULT true
[INFO ][2015-11-04 11:45:28,787][com.java.SeleniumDriver] [ 1066] - ?   P A S S   ?
[INFO ][2015-11-04 11:45:28,787][com.java.SeleniumDriver] [  788] - ------------------------------------------
[INFO ][2015-11-04 11:45:28,787][com.java.SeleniumDriver] [  789] - Test case being Executed: 2
[INFO ][2015-11-04 11:45:28,787][com.java.SeleniumDriver] [  800] - Test step:14
[INFO ][2015-11-04 11:45:28,787][com.java.SeleniumDriver] [  812] - Datavalue is----------Package Name
[INFO ][2015-11-04 11:45:28,787][com.java.SeleniumDriver] [  836] - DataField : XPH//span[@class='dlg_Label']
[INFO ][2015-11-04 11:45:28,787][com.java.SeleniumDriver] [  838] - DataValue : Package Name
[INFO ][2015-11-04 11:45:28,787][com.java.SeleniumDriver] [  844] - <In Set values of the page>
[INFO ][2015-11-04 11:45:28,787][com.java.SeleniumDriver] [  847] - {Data Fields & Data Values Exist}
[INFO ][2015-11-04 11:45:28,787][com.java.SeleniumDriver] [  849] - --------------------------setting values-----------------------------
[INFO ][2015-11-04 11:45:28,787][com.java.SeleniumDriver] [  852] - Action Type : VERIFY
[INFO ][2015-11-04 11:45:28,787][com.java.TestType] [ 4876] - field= XPH//span[@class='dlg_Label'] value= Package Name
[INFO ][2015-11-04 11:45:28,787][com.java.TestType] [ 3750] - value = Package Name
[INFO ][2015-11-04 11:45:28,867][com.java.SeleniumDriver] [  861] -  RESULT true
[INFO ][2015-11-04 11:45:28,867][com.java.SeleniumDriver] [ 1066] - ?   P A S S   ?
[INFO ][2015-11-04 11:45:28,867][com.java.SeleniumDriver] [  788] - ------------------------------------------
[INFO ][2015-11-04 11:45:28,867][com.java.SeleniumDriver] [  789] - Test case being Executed: 2
[INFO ][2015-11-04 11:45:28,867][com.java.SeleniumDriver] [  800] - Test step:15
[INFO ][2015-11-04 11:45:28,867][com.java.SeleniumDriver] [  812] - Datavalue is----------3
[INFO ][2015-11-04 11:45:28,867][com.java.SeleniumDriver] [  836] - DataField : XPH//div[contains(@id,'ember')]/div//input[contains(@class, 'ember-view ember-text-')]
[INFO ][2015-11-04 11:45:28,867][com.java.SeleniumDriver] [  838] - DataValue : 3
[INFO ][2015-11-04 11:45:28,867][com.java.SeleniumDriver] [  844] - <In Set values of the page>
[INFO ][2015-11-04 11:45:28,867][com.java.SeleniumDriver] [  847] - {Data Fields & Data Values Exist}
[INFO ][2015-11-04 11:45:28,867][com.java.SeleniumDriver] [  849] - --------------------------setting values-----------------------------
[INFO ][2015-11-04 11:45:28,867][com.java.SeleniumDriver] [  852] - Action Type : WAITFORELEMENT
[INFO ][2015-11-04 11:45:28,897][com.java.SeleniumDriver] [  861] -  RESULT true
[INFO ][2015-11-04 11:45:28,897][com.java.SeleniumDriver] [ 1066] - ?   P A S S   ?
[INFO ][2015-11-04 11:45:28,897][com.java.SeleniumDriver] [  788] - ------------------------------------------
[INFO ][2015-11-04 11:45:28,897][com.java.SeleniumDriver] [  789] - Test case being Executed: 2
[INFO ][2015-11-04 11:45:28,897][com.java.SeleniumDriver] [  800] - Test step:16
[INFO ][2015-11-04 11:45:28,897][com.java.SeleniumDriver] [  812] - Datavalue is----------null
[DEBUG][2015-11-04 11:45:28,897][com.java.SeleniumDriver] [  830] - Exception: null
[INFO ][2015-11-04 11:45:28,897][com.java.SeleniumDriver] [  836] - DataField : XPH//div[contains(@id,'ember')]/div//input[contains(@class, 'ember-view ember-text-')]
[INFO ][2015-11-04 11:45:28,897][com.java.SeleniumDriver] [  838] - DataValue : 
[INFO ][2015-11-04 11:45:28,897][com.java.SeleniumDriver] [  844] - <In Set values of the page>
[INFO ][2015-11-04 11:45:28,897][com.java.SeleniumDriver] [  847] - {Data Fields & Data Values Exist}
[INFO ][2015-11-04 11:45:28,897][com.java.SeleniumDriver] [  849] - --------------------------setting values-----------------------------
[INFO ][2015-11-04 11:45:28,897][com.java.SeleniumDriver] [  852] - Action Type : CLICK
[INFO ][2015-11-04 11:45:28,897][com.java.TestType] [ 4063] - Field ::XPH//div[contains(@id,'ember')]/div//input[contains(@class, 'ember-view ember-text-')]
[INFO ][2015-11-04 11:45:29,897][com.java.TestType] [ 4122] - BEFORE CLICK
[INFO ][2015-11-04 11:45:30,627][com.java.TestType] [ 4130] - Unable to click the object PackageName Textfield
[INFO ][2015-11-04 11:45:30,627][com.java.SeleniumDriver] [  861] -  RESULT true
[INFO ][2015-11-04 11:45:30,627][com.java.SeleniumDriver] [ 1066] - ?   P A S S   ?
[INFO ][2015-11-04 11:45:30,627][com.java.SeleniumDriver] [  788] - ------------------------------------------
[INFO ][2015-11-04 11:45:30,627][com.java.SeleniumDriver] [  789] - Test case being Executed: 2
[INFO ][2015-11-04 11:45:30,627][com.java.SeleniumDriver] [  800] - Test step:17
[INFO ][2015-11-04 11:45:30,627][com.java.SeleniumDriver] [  812] - Datavalue is----------Test123
[INFO ][2015-11-04 11:45:30,627][com.java.SeleniumDriver] [  836] - DataField : TXT//div[contains(@id,'ember')]/div//input[contains(@class, 'ember-view ember-text-')]
[INFO ][2015-11-04 11:45:30,627][com.java.SeleniumDriver] [  838] - DataValue : Test123
[INFO ][2015-11-04 11:45:30,627][com.java.SeleniumDriver] [  844] - <In Set values of the page>
[INFO ][2015-11-04 11:45:30,627][com.java.SeleniumDriver] [  847] - {Data Fields & Data Values Exist}
[INFO ][2015-11-04 11:45:30,627][com.java.SeleniumDriver] [  849] - --------------------------setting values-----------------------------
[INFO ][2015-11-04 11:45:30,627][com.java.SeleniumDriver] [  852] - Action Type : CLEARANDENTER
[INFO ][2015-11-04 11:45:30,627][com.java.TestType] [ 3750] - value = Test123
[INFO ][2015-11-04 11:45:31,038][com.java.SeleniumDriver] [  861] -  RESULT true
[INFO ][2015-11-04 11:45:31,038][com.java.SeleniumDriver] [ 1066] - ?   P A S S   ?
[INFO ][2015-11-04 11:45:31,038][com.java.SeleniumDriver] [  788] - ------------------------------------------
[INFO ][2015-11-04 11:45:31,038][com.java.SeleniumDriver] [  789] - Test case being Executed: 2
[INFO ][2015-11-04 11:45:31,038][com.java.SeleniumDriver] [  800] - Test step:18
[INFO ][2015-11-04 11:45:31,038][com.java.SeleniumDriver] [  812] - Datavalue is----------null
[DEBUG][2015-11-04 11:45:31,038][com.java.SeleniumDriver] [  830] - Exception: null
[INFO ][2015-11-04 11:45:31,038][com.java.SeleniumDriver] [  836] - DataField : XPH//span[contains(text(),'Save')]
[INFO ][2015-11-04 11:45:31,038][com.java.SeleniumDriver] [  838] - DataValue : 
[INFO ][2015-11-04 11:45:31,038][com.java.SeleniumDriver] [  844] - <In Set values of the page>
[INFO ][2015-11-04 11:45:31,038][com.java.SeleniumDriver] [  847] - {Data Fields & Data Values Exist}
[INFO ][2015-11-04 11:45:31,038][com.java.SeleniumDriver] [  849] - --------------------------setting values-----------------------------
[INFO ][2015-11-04 11:45:31,038][com.java.SeleniumDriver] [  852] - Action Type : CLICK
[INFO ][2015-11-04 11:45:31,038][com.java.TestType] [ 4063] - Field ::XPH//span[contains(text(),'Save')]
[INFO ][2015-11-04 11:45:32,038][com.java.TestType] [ 4122] - BEFORE CLICK
[INFO ][2015-11-04 11:45:33,718][com.java.TestType] [ 4130] - Unable to click the object Save Button
[INFO ][2015-11-04 11:45:33,718][com.java.SeleniumDriver] [  861] -  RESULT true
[INFO ][2015-11-04 11:45:33,718][com.java.SeleniumDriver] [ 1066] - ?   P A S S   ?
[INFO ][2015-11-04 11:45:33,718][com.java.SeleniumDriver] [  788] - ------------------------------------------
[INFO ][2015-11-04 11:45:33,718][com.java.SeleniumDriver] [  789] - Test case being Executed: 2
[INFO ][2015-11-04 11:45:33,718][com.java.SeleniumDriver] [  800] - Test step:19
[INFO ][2015-11-04 11:45:33,718][com.java.SeleniumDriver] [  812] - Datavalue is----------3
[INFO ][2015-11-04 11:45:33,718][com.java.SeleniumDriver] [  836] - DataField : XPH//span[@class='dlg_Label']
[INFO ][2015-11-04 11:45:33,718][com.java.SeleniumDriver] [  838] - DataValue : 3
[INFO ][2015-11-04 11:45:33,718][com.java.SeleniumDriver] [  844] - <In Set values of the page>
[INFO ][2015-11-04 11:45:33,718][com.java.SeleniumDriver] [  847] - {Data Fields & Data Values Exist}
[INFO ][2015-11-04 11:45:33,718][com.java.SeleniumDriver] [  849] - --------------------------setting values-----------------------------
[INFO ][2015-11-04 11:45:33,718][com.java.SeleniumDriver] [  852] - Action Type : WAITFORELEMENT
[INFO ][2015-11-04 11:45:33,739][com.java.SeleniumDriver] [  861] -  RESULT true
[INFO ][2015-11-04 11:45:33,739][com.java.SeleniumDriver] [ 1066] - ?   P A S S   ?
[INFO ][2015-11-04 11:45:33,739][com.java.SeleniumDriver] [  788] - ------------------------------------------
[INFO ][2015-11-04 11:45:33,739][com.java.SeleniumDriver] [  789] - Test case being Executed: 2
[INFO ][2015-11-04 11:45:33,739][com.java.SeleniumDriver] [  800] - Test step:20
[INFO ][2015-11-04 11:45:33,739][com.java.SeleniumDriver] [  812] - Datavalue is----------Current Package
[INFO ][2015-11-04 11:45:33,739][com.java.SeleniumDriver] [  836] - DataField : XPH//span[@class='dlg_Label']
[INFO ][2015-11-04 11:45:33,739][com.java.SeleniumDriver] [  838] - DataValue : Current Package
[INFO ][2015-11-04 11:45:33,739][com.java.SeleniumDriver] [  844] - <In Set values of the page>
[INFO ][2015-11-04 11:45:33,739][com.java.SeleniumDriver] [  847] - {Data Fields & Data Values Exist}
[INFO ][2015-11-04 11:45:33,739][com.java.SeleniumDriver] [  849] - --------------------------setting values-----------------------------
[INFO ][2015-11-04 11:45:33,739][com.java.SeleniumDriver] [  852] - Action Type : VERIFY
[INFO ][2015-11-04 11:45:33,739][com.java.TestType] [ 4876] - field= XPH//span[@class='dlg_Label'] value= Current Package
[INFO ][2015-11-04 11:45:33,739][com.java.TestType] [ 3750] - value = Current Package
[INFO ][2015-11-04 11:45:33,819][com.java.SeleniumDriver] [  861] -  RESULT true
[INFO ][2015-11-04 11:45:33,819][com.java.SeleniumDriver] [ 1066] - ?   P A S S   ?
[INFO ][2015-11-04 11:45:33,819][com.java.SeleniumDriver] [  788] - ------------------------------------------
[INFO ][2015-11-04 11:45:33,819][com.java.SeleniumDriver] [  789] - Test case being Executed: 2
[INFO ][2015-11-04 11:45:33,819][com.java.SeleniumDriver] [  800] - Test step:21
[INFO ][2015-11-04 11:45:33,819][com.java.SeleniumDriver] [  812] - Datavalue is----------index:2
[INFO ][2015-11-04 11:45:33,819][com.java.SeleniumDriver] [  836] - DataField : COB//select[@action='goToNewReport']
[INFO ][2015-11-04 11:45:33,819][com.java.SeleniumDriver] [  838] - DataValue : index:2
[INFO ][2015-11-04 11:45:33,819][com.java.SeleniumDriver] [  844] - <In Set values of the page>
[INFO ][2015-11-04 11:45:33,819][com.java.SeleniumDriver] [  847] - {Data Fields & Data Values Exist}
[INFO ][2015-11-04 11:45:33,819][com.java.SeleniumDriver] [  849] - --------------------------setting values-----------------------------
[INFO ][2015-11-04 11:45:33,819][com.java.SeleniumDriver] [  852] - Action Type : SELECT
[INFO ][2015-11-04 11:45:33,819][com.java.TestType] [ 3750] - value = 2
[INFO ][2015-11-04 11:45:33,899][com.java.TestType] [ 3868] -  In COB //select[@action='goToNewReport'] : 2
[INFO ][2015-11-04 11:45:36,039][com.java.SeleniumDriver] [  861] -  RESULT true
[INFO ][2015-11-04 11:45:36,039][com.java.SeleniumDriver] [ 1066] - ?   P A S S   ?
[INFO ][2015-11-04 11:45:36,039][com.java.SeleniumDriver] [  788] - ------------------------------------------
[INFO ][2015-11-04 11:45:36,039][com.java.SeleniumDriver] [  789] - Test case being Executed: 2
[INFO ][2015-11-04 11:45:36,039][com.java.SeleniumDriver] [  800] - Test step:22
[INFO ][2015-11-04 11:45:36,039][com.java.SeleniumDriver] [  812] - Datavalue is----------5
[INFO ][2015-11-04 11:45:36,039][com.java.SeleniumDriver] [  836] - DataField : XPH//td/input[contains(@class, 'ember-view ember-')]
[INFO ][2015-11-04 11:45:36,039][com.java.SeleniumDriver] [  838] - DataValue : 5
[INFO ][2015-11-04 11:45:36,039][com.java.SeleniumDriver] [  844] - <In Set values of the page>
[INFO ][2015-11-04 11:45:36,039][com.java.SeleniumDriver] [  847] - {Data Fields & Data Values Exist}
[INFO ][2015-11-04 11:45:36,039][com.java.SeleniumDriver] [  849] - --------------------------setting values-----------------------------
[INFO ][2015-11-04 11:45:36,039][com.java.SeleniumDriver] [  852] - Action Type : WAITFORELEMENT
[INFO ][2015-11-04 11:45:36,523][com.java.SeleniumDriver] [  861] -  RESULT true
[INFO ][2015-11-04 11:45:36,523][com.java.SeleniumDriver] [ 1066] - ?   P A S S   ?
[INFO ][2015-11-04 11:45:36,523][com.java.SeleniumDriver] [  788] - ------------------------------------------
[INFO ][2015-11-04 11:45:36,523][com.java.SeleniumDriver] [  789] - Test case being Executed: 2
[INFO ][2015-11-04 11:45:36,523][com.java.SeleniumDriver] [  800] - Test step:23
[INFO ][2015-11-04 11:45:36,523][com.java.SeleniumDriver] [  812] - Datavalue is----------Executive Summary (12mos.)
[INFO ][2015-11-04 11:45:36,523][com.java.SeleniumDriver] [  836] - DataField : XPH//td/input[contains(@class, 'ember-view ember-')]
[INFO ][2015-11-04 11:45:36,523][com.java.SeleniumDriver] [  838] - DataValue : Executive Summary (12mos.)
[INFO ][2015-11-04 11:45:36,523][com.java.SeleniumDriver] [  844] - <In Set values of the page>
[INFO ][2015-11-04 11:45:36,523][com.java.SeleniumDriver] [  847] - {Data Fields & Data Values Exist}
[INFO ][2015-11-04 11:45:36,523][com.java.SeleniumDriver] [  849] - --------------------------setting values-----------------------------
[INFO ][2015-11-04 11:45:36,523][com.java.SeleniumDriver] [  852] - Action Type : VERIFY
[INFO ][2015-11-04 11:45:36,523][com.java.TestType] [ 4876] - field= XPH//td/input[contains(@class, 'ember-view ember-')] value= Executive Summary (12mos.)
[INFO ][2015-11-04 11:45:36,523][com.java.TestType] [ 3750] - value = Executive Summary (12mos.)
[INFO ][2015-11-04 11:45:36,623][com.java.SeleniumDriver] [  861] -  RESULT true
[INFO ][2015-11-04 11:45:36,623][com.java.SeleniumDriver] [ 1066] - ?   P A S S   ?
[INFO ][2015-11-04 11:45:36,623][com.java.SeleniumDriver] [  788] - ------------------------------------------
[INFO ][2015-11-04 11:45:36,623][com.java.SeleniumDriver] [  789] - Test case being Executed: 2
[INFO ][2015-11-04 11:45:36,623][com.java.SeleniumDriver] [  800] - Test step:24
[INFO ][2015-11-04 11:45:36,623][com.java.SeleniumDriver] [  812] - Datavalue is----------index:1
[INFO ][2015-11-04 11:45:36,623][com.java.SeleniumDriver] [  836] - DataField : COB//td[@colspan='2']/select
[INFO ][2015-11-04 11:45:36,623][com.java.SeleniumDriver] [  838] - DataValue : index:1
[INFO ][2015-11-04 11:45:36,623][com.java.SeleniumDriver] [  844] - <In Set values of the page>
[INFO ][2015-11-04 11:45:36,623][com.java.SeleniumDriver] [  847] - {Data Fields & Data Values Exist}
[INFO ][2015-11-04 11:45:36,623][com.java.SeleniumDriver] [  849] - --------------------------setting values-----------------------------
[INFO ][2015-11-04 11:45:36,623][com.java.SeleniumDriver] [  852] - Action Type : SELECT
[INFO ][2015-11-04 11:45:36,623][com.java.TestType] [ 3750] - value = 1
[INFO ][2015-11-04 11:45:36,693][com.java.TestType] [ 3868] -  In COB //td[@colspan='2']/select : 1
[INFO ][2015-11-04 11:45:37,343][com.java.SeleniumDriver] [  861] -  RESULT true
[INFO ][2015-11-04 11:45:37,343][com.java.SeleniumDriver] [ 1066] - ?   P A S S   ?
[INFO ][2015-11-04 11:45:37,343][com.java.SeleniumDriver] [  788] - ------------------------------------------
[INFO ][2015-11-04 11:45:37,343][com.java.SeleniumDriver] [  789] - Test case being Executed: 2
[INFO ][2015-11-04 11:45:37,343][com.java.SeleniumDriver] [  800] - Test step:25
[INFO ][2015-11-04 11:45:37,343][com.java.SeleniumDriver] [  812] - Datavalue is----------3
[INFO ][2015-11-04 11:45:37,343][com.java.SeleniumDriver] [  836] - DataField : XPH//span[contains(text(),'Save')]
[INFO ][2015-11-04 11:45:37,343][com.java.SeleniumDriver] [  838] - DataValue : 3
[INFO ][2015-11-04 11:45:37,343][com.java.SeleniumDriver] [  844] - <In Set values of the page>
[INFO ][2015-11-04 11:45:37,343][com.java.SeleniumDriver] [  847] - {Data Fields & Data Values Exist}
[INFO ][2015-11-04 11:45:37,343][com.java.SeleniumDriver] [  849] - --------------------------setting values-----------------------------
[INFO ][2015-11-04 11:45:37,343][com.java.SeleniumDriver] [  852] - Action Type : WAITFORELEMENT
[INFO ][2015-11-04 11:45:37,414][com.java.SeleniumDriver] [  861] -  RESULT true
[INFO ][2015-11-04 11:45:37,414][com.java.SeleniumDriver] [ 1066] - ?   P A S S   ?
[INFO ][2015-11-04 11:45:37,414][com.java.SeleniumDriver] [  788] - ------------------------------------------
[INFO ][2015-11-04 11:45:37,414][com.java.SeleniumDriver] [  789] - Test case being Executed: 2
[INFO ][2015-11-04 11:45:37,414][com.java.SeleniumDriver] [  800] - Test step:26
[INFO ][2015-11-04 11:45:37,414][com.java.SeleniumDriver] [  812] - Datavalue is----------null
[DEBUG][2015-11-04 11:45:37,414][com.java.SeleniumDriver] [  830] - Exception: null
[INFO ][2015-11-04 11:45:37,414][com.java.SeleniumDriver] [  836] - DataField : XPH//span[contains(text(),'Save')]
[INFO ][2015-11-04 11:45:37,414][com.java.SeleniumDriver] [  838] - DataValue : 
[INFO ][2015-11-04 11:45:37,414][com.java.SeleniumDriver] [  844] - <In Set values of the page>
[INFO ][2015-11-04 11:45:37,414][com.java.SeleniumDriver] [  847] - {Data Fields & Data Values Exist}
[INFO ][2015-11-04 11:45:37,414][com.java.SeleniumDriver] [  849] - --------------------------setting values-----------------------------
[INFO ][2015-11-04 11:45:37,414][com.java.SeleniumDriver] [  852] - Action Type : CLICK
[INFO ][2015-11-04 11:45:37,414][com.java.TestType] [ 4063] - Field ::XPH//span[contains(text(),'Save')]
[INFO ][2015-11-04 11:45:38,414][com.java.TestType] [ 4122] - BEFORE CLICK
[INFO ][2015-11-04 11:45:39,214][com.java.TestType] [ 4130] - Unable to click the object Save Button
[INFO ][2015-11-04 11:45:39,214][com.java.SeleniumDriver] [  861] -  RESULT true
[INFO ][2015-11-04 11:45:39,214][com.java.SeleniumDriver] [ 1066] - ?   P A S S   ?
[INFO ][2015-11-04 11:45:39,214][com.java.SeleniumDriver] [  788] - ------------------------------------------
[INFO ][2015-11-04 11:45:39,214][com.java.SeleniumDriver] [  789] - Test case being Executed: 2
[INFO ][2015-11-04 11:45:39,214][com.java.SeleniumDriver] [  800] - Test step:27
[INFO ][2015-11-04 11:45:39,214][com.java.SeleniumDriver] [  812] - Datavalue is----------3
[INFO ][2015-11-04 11:45:39,214][com.java.SeleniumDriver] [  836] - DataField : XPH//span[contains(text(), 'Finished')]
[INFO ][2015-11-04 11:45:39,214][com.java.SeleniumDriver] [  838] - DataValue : 3
[INFO ][2015-11-04 11:45:39,214][com.java.SeleniumDriver] [  844] - <In Set values of the page>
[INFO ][2015-11-04 11:45:39,214][com.java.SeleniumDriver] [  847] - {Data Fields & Data Values Exist}
[INFO ][2015-11-04 11:45:39,214][com.java.SeleniumDriver] [  849] - --------------------------setting values-----------------------------
[INFO ][2015-11-04 11:45:39,214][com.java.SeleniumDriver] [  852] - Action Type : WAITFORELEMENT
[INFO ][2015-11-04 11:45:40,285][com.java.SeleniumDriver] [  861] -  RESULT true
[INFO ][2015-11-04 11:45:40,285][com.java.SeleniumDriver] [ 1066] - ?   P A S S   ?
[INFO ][2015-11-04 11:45:40,285][com.java.SeleniumDriver] [  788] - ------------------------------------------
[INFO ][2015-11-04 11:45:40,285][com.java.SeleniumDriver] [  789] - Test case being Executed: 2
[INFO ][2015-11-04 11:45:40,285][com.java.SeleniumDriver] [  800] - Test step:28
[INFO ][2015-11-04 11:45:40,285][com.java.SeleniumDriver] [  812] - Datavalue is----------index:2
[INFO ][2015-11-04 11:45:40,285][com.java.SeleniumDriver] [  836] - DataField : COB//select[@action='goToNewReport']
[INFO ][2015-11-04 11:45:40,285][com.java.SeleniumDriver] [  838] - DataValue : index:2
[INFO ][2015-11-04 11:45:40,285][com.java.SeleniumDriver] [  844] - <In Set values of the page>
[INFO ][2015-11-04 11:45:40,285][com.java.SeleniumDriver] [  847] - {Data Fields & Data Values Exist}
[INFO ][2015-11-04 11:45:40,285][com.java.SeleniumDriver] [  849] - --------------------------setting values-----------------------------
[INFO ][2015-11-04 11:45:40,285][com.java.SeleniumDriver] [  852] - Action Type : SELECT
[INFO ][2015-11-04 11:45:40,285][com.java.TestType] [ 3750] - value = 2
[INFO ][2015-11-04 11:45:40,358][com.java.TestType] [ 3868] -  In COB //select[@action='goToNewReport'] : 2
[INFO ][2015-11-04 11:45:42,498][com.java.SeleniumDriver] [  861] -  RESULT true
[INFO ][2015-11-04 11:45:42,498][com.java.SeleniumDriver] [ 1066] - ?   P A S S   ?
[INFO ][2015-11-04 11:45:42,498][com.java.SeleniumDriver] [  788] - ------------------------------------------
[INFO ][2015-11-04 11:45:42,498][com.java.SeleniumDriver] [  789] - Test case being Executed: 2
[INFO ][2015-11-04 11:45:42,498][com.java.SeleniumDriver] [  800] - Test step:29
[INFO ][2015-11-04 11:45:42,498][com.java.SeleniumDriver] [  812] - Datavalue is----------5
[INFO ][2015-11-04 11:45:42,498][com.java.SeleniumDriver] [  836] - DataField : XPH//td/input[contains(@class, 'ember-view ember-')]
[INFO ][2015-11-04 11:45:42,498][com.java.SeleniumDriver] [  838] - DataValue : 5
[INFO ][2015-11-04 11:45:42,498][com.java.SeleniumDriver] [  844] - <In Set values of the page>
[INFO ][2015-11-04 11:45:42,498][com.java.SeleniumDriver] [  847] - {Data Fields & Data Values Exist}
[INFO ][2015-11-04 11:45:42,498][com.java.SeleniumDriver] [  849] - --------------------------setting values-----------------------------
[INFO ][2015-11-04 11:45:42,498][com.java.SeleniumDriver] [  852] - Action Type : WAITFORELEMENT
[INFO ][2015-11-04 11:45:42,942][com.java.SeleniumDriver] [  861] -  RESULT true
[INFO ][2015-11-04 11:45:42,942][com.java.SeleniumDriver] [ 1066] - ?   P A S S   ?
[INFO ][2015-11-04 11:45:42,942][com.java.SeleniumDriver] [  788] - ------------------------------------------
[INFO ][2015-11-04 11:45:42,942][com.java.SeleniumDriver] [  789] - Test case being Executed: 2
[INFO ][2015-11-04 11:45:42,942][com.java.SeleniumDriver] [  800] - Test step:30
[INFO ][2015-11-04 11:45:42,942][com.java.SeleniumDriver] [  812] - Datavalue is----------Executive Summary (12mos.)
[INFO ][2015-11-04 11:45:42,942][com.java.SeleniumDriver] [  836] - DataField : XPH//td/input[contains(@class, 'ember-view ember-')]
[INFO ][2015-11-04 11:45:42,942][com.java.SeleniumDriver] [  838] - DataValue : Executive Summary (12mos.)
[INFO ][2015-11-04 11:45:42,942][com.java.SeleniumDriver] [  844] - <In Set values of the page>
[INFO ][2015-11-04 11:45:42,942][com.java.SeleniumDriver] [  847] - {Data Fields & Data Values Exist}
[INFO ][2015-11-04 11:45:42,942][com.java.SeleniumDriver] [  849] - --------------------------setting values-----------------------------
[INFO ][2015-11-04 11:45:42,942][com.java.SeleniumDriver] [  852] - Action Type : VERIFY
[INFO ][2015-11-04 11:45:42,942][com.java.TestType] [ 4876] - field= XPH//td/input[contains(@class, 'ember-view ember-')] value= Executive Summary (12mos.)
[INFO ][2015-11-04 11:45:42,942][com.java.TestType] [ 3750] - value = Executive Summary (12mos.)
[INFO ][2015-11-04 11:45:43,042][com.java.SeleniumDriver] [  861] -  RESULT true
[INFO ][2015-11-04 11:45:43,042][com.java.SeleniumDriver] [ 1066] - ?   P A S S   ?
[INFO ][2015-11-04 11:45:43,042][com.java.SeleniumDriver] [  788] - ------------------------------------------
[INFO ][2015-11-04 11:45:43,042][com.java.SeleniumDriver] [  789] - Test case being Executed: 2
[INFO ][2015-11-04 11:45:43,042][com.java.SeleniumDriver] [  800] - Test step:31
[INFO ][2015-11-04 11:45:43,042][com.java.SeleniumDriver] [  812] - Datavalue is----------index:2
[INFO ][2015-11-04 11:45:43,042][com.java.SeleniumDriver] [  836] - DataField : COB//td[@colspan='2']/select
[INFO ][2015-11-04 11:45:43,042][com.java.SeleniumDriver] [  838] - DataValue : index:2
[INFO ][2015-11-04 11:45:43,042][com.java.SeleniumDriver] [  844] - <In Set values of the page>
[INFO ][2015-11-04 11:45:43,042][com.java.SeleniumDriver] [  847] - {Data Fields & Data Values Exist}
[INFO ][2015-11-04 11:45:43,042][com.java.SeleniumDriver] [  849] - --------------------------setting values-----------------------------
[INFO ][2015-11-04 11:45:43,042][com.java.SeleniumDriver] [  852] - Action Type : SELECT
[INFO ][2015-11-04 11:45:43,042][com.java.TestType] [ 3750] - value = 2
[INFO ][2015-11-04 11:45:43,112][com.java.TestType] [ 3868] -  In COB //td[@colspan='2']/select : 2
[INFO ][2015-11-04 11:45:43,792][com.java.SeleniumDriver] [  861] -  RESULT true
[INFO ][2015-11-04 11:45:43,792][com.java.SeleniumDriver] [ 1066] - ?   P A S S   ?
[INFO ][2015-11-04 11:45:43,792][com.java.SeleniumDriver] [  788] - ------------------------------------------
[INFO ][2015-11-04 11:45:43,792][com.java.SeleniumDriver] [  789] - Test case being Executed: 2
[INFO ][2015-11-04 11:45:43,792][com.java.SeleniumDriver] [  800] - Test step:32
[INFO ][2015-11-04 11:45:43,792][com.java.SeleniumDriver] [  812] - Datavalue is----------3
[INFO ][2015-11-04 11:45:43,792][com.java.SeleniumDriver] [  836] - DataField : XPH//span[contains(text(),'Save')]
[INFO ][2015-11-04 11:45:43,792][com.java.SeleniumDriver] [  838] - DataValue : 3
[INFO ][2015-11-04 11:45:43,792][com.java.SeleniumDriver] [  844] - <In Set values of the page>
[INFO ][2015-11-04 11:45:43,792][com.java.SeleniumDriver] [  847] - {Data Fields & Data Values Exist}
[INFO ][2015-11-04 11:45:43,792][com.java.SeleniumDriver] [  849] - --------------------------setting values-----------------------------
[INFO ][2015-11-04 11:45:43,792][com.java.SeleniumDriver] [  852] - Action Type : WAITFORELEMENT
[INFO ][2015-11-04 11:45:43,893][com.java.SeleniumDriver] [  861] -  RESULT true
[INFO ][2015-11-04 11:45:43,893][com.java.SeleniumDriver] [ 1066] - ?   P A S S   ?
[INFO ][2015-11-04 11:45:43,893][com.java.SeleniumDriver] [  788] - ------------------------------------------
[INFO ][2015-11-04 11:45:43,893][com.java.SeleniumDriver] [  789] - Test case being Executed: 2
[INFO ][2015-11-04 11:45:43,893][com.java.SeleniumDriver] [  800] - Test step:33
[INFO ][2015-11-04 11:45:43,893][com.java.SeleniumDriver] [  812] - Datavalue is----------null
[DEBUG][2015-11-04 11:45:43,893][com.java.SeleniumDriver] [  830] - Exception: null
[INFO ][2015-11-04 11:45:43,893][com.java.SeleniumDriver] [  836] - DataField : XPH//span[contains(text(),'Save')]
[INFO ][2015-11-04 11:45:43,893][com.java.SeleniumDriver] [  838] - DataValue : 
[INFO ][2015-11-04 11:45:43,893][com.java.SeleniumDriver] [  844] - <In Set values of the page>
[INFO ][2015-11-04 11:45:43,893][com.java.SeleniumDriver] [  847] - {Data Fields & Data Values Exist}
[INFO ][2015-11-04 11:45:43,893][com.java.SeleniumDriver] [  849] - --------------------------setting values-----------------------------
[INFO ][2015-11-04 11:45:43,893][com.java.SeleniumDriver] [  852] - Action Type : CLICK
[INFO ][2015-11-04 11:45:43,893][com.java.TestType] [ 4063] - Field ::XPH//span[contains(text(),'Save')]
[INFO ][2015-11-04 11:45:44,893][com.java.TestType] [ 4122] - BEFORE CLICK
[INFO ][2015-11-04 11:45:45,683][com.java.TestType] [ 4130] - Unable to click the object Save Button
[INFO ][2015-11-04 11:45:45,683][com.java.SeleniumDriver] [  861] -  RESULT true
[INFO ][2015-11-04 11:45:45,683][com.java.SeleniumDriver] [ 1066] - ?   P A S S   ?
[INFO ][2015-11-04 11:45:45,683][com.java.SeleniumDriver] [  788] - ------------------------------------------
[INFO ][2015-11-04 11:45:45,683][com.java.SeleniumDriver] [  789] - Test case being Executed: 2
[INFO ][2015-11-04 11:45:45,683][com.java.SeleniumDriver] [  800] - Test step:34
[INFO ][2015-11-04 11:45:45,683][com.java.SeleniumDriver] [  812] - Datavalue is----------3
[INFO ][2015-11-04 11:45:45,683][com.java.SeleniumDriver] [  836] - DataField : XPH//span[contains(text(), 'Finished')]
[INFO ][2015-11-04 11:45:45,683][com.java.SeleniumDriver] [  838] - DataValue : 3
[INFO ][2015-11-04 11:45:45,683][com.java.SeleniumDriver] [  844] - <In Set values of the page>
[INFO ][2015-11-04 11:45:45,683][com.java.SeleniumDriver] [  847] - {Data Fields & Data Values Exist}
[INFO ][2015-11-04 11:45:45,683][com.java.SeleniumDriver] [  849] - --------------------------setting values-----------------------------
[INFO ][2015-11-04 11:45:45,683][com.java.SeleniumDriver] [  852] - Action Type : WAITFORELEMENT
[INFO ][2015-11-04 11:45:46,704][com.java.SeleniumDriver] [  861] -  RESULT true
[INFO ][2015-11-04 11:45:46,704][com.java.SeleniumDriver] [ 1066] - ?   P A S S   ?
[INFO ][2015-11-04 11:45:46,704][com.java.SeleniumDriver] [  788] - ------------------------------------------
[INFO ][2015-11-04 11:45:46,704][com.java.SeleniumDriver] [  789] - Test case being Executed: 2
[INFO ][2015-11-04 11:45:46,704][com.java.SeleniumDriver] [  800] - Test step:35
[INFO ][2015-11-04 11:45:46,704][com.java.SeleniumDriver] [  812] - Datavalue is----------null
[DEBUG][2015-11-04 11:45:46,704][com.java.SeleniumDriver] [  830] - Exception: null
[INFO ][2015-11-04 11:45:46,704][com.java.SeleniumDriver] [  836] - DataField : XPH//select[@action='goToPackage']
[INFO ][2015-11-04 11:45:46,704][com.java.SeleniumDriver] [  838] - DataValue : 
[INFO ][2015-11-04 11:45:46,704][com.java.SeleniumDriver] [  844] - <In Set values of the page>
[INFO ][2015-11-04 11:45:46,704][com.java.SeleniumDriver] [  847] - {Data Fields & Data Values Exist}
[INFO ][2015-11-04 11:45:46,704][com.java.SeleniumDriver] [  849] - --------------------------setting values-----------------------------
[INFO ][2015-11-04 11:45:46,704][com.java.SeleniumDriver] [  852] - Action Type : CLICK
[INFO ][2015-11-04 11:45:46,704][com.java.TestType] [ 4063] - Field ::XPH//select[@action='goToPackage']
[INFO ][2015-11-04 11:45:47,705][com.java.TestType] [ 4122] - BEFORE CLICK
[INFO ][2015-11-04 11:45:48,485][com.java.TestType] [ 4130] - Unable to click the object Current Package Dropdown
[INFO ][2015-11-04 11:45:48,485][com.java.SeleniumDriver] [  861] -  RESULT true
[INFO ][2015-11-04 11:45:48,485][com.java.SeleniumDriver] [ 1066] - ?   P A S S   ?
[INFO ][2015-11-04 11:45:48,485][com.java.SeleniumDriver] [  788] - ------------------------------------------
[INFO ][2015-11-04 11:45:48,485][com.java.SeleniumDriver] [  789] - Test case being Executed: 2
[INFO ][2015-11-04 11:45:48,485][com.java.SeleniumDriver] [  800] - Test step:36
[INFO ][2015-11-04 11:45:48,485][com.java.SeleniumDriver] [  812] - Datavalue is----------3
[INFO ][2015-11-04 11:45:48,485][com.java.SeleniumDriver] [  836] - DataField : XPH//select[@action='goToPackage']/option
[INFO ][2015-11-04 11:45:48,485][com.java.SeleniumDriver] [  838] - DataValue : 3
[INFO ][2015-11-04 11:45:48,485][com.java.SeleniumDriver] [  844] - <In Set values of the page>
[INFO ][2015-11-04 11:45:48,485][com.java.SeleniumDriver] [  847] - {Data Fields & Data Values Exist}
[INFO ][2015-11-04 11:45:48,485][com.java.SeleniumDriver] [  849] - --------------------------setting values-----------------------------
[INFO ][2015-11-04 11:45:48,485][com.java.SeleniumDriver] [  852] - Action Type : WAITFORELEMENT
[INFO ][2015-11-04 11:45:48,506][com.java.SeleniumDriver] [  861] -  RESULT true
[INFO ][2015-11-04 11:45:48,506][com.java.SeleniumDriver] [ 1066] - ?   P A S S   ?
[INFO ][2015-11-04 11:45:48,506][com.java.SeleniumDriver] [  788] - ------------------------------------------
[INFO ][2015-11-04 11:45:48,506][com.java.SeleniumDriver] [  789] - Test case being Executed: 2
[INFO ][2015-11-04 11:45:48,506][com.java.SeleniumDriver] [  800] - Test step:37
[INFO ][2015-11-04 11:45:48,506][com.java.SeleniumDriver] [  812] - Datavalue is----------null
[DEBUG][2015-11-04 11:45:48,506][com.java.SeleniumDriver] [  830] - Exception: null
[INFO ][2015-11-04 11:45:48,506][com.java.SeleniumDriver] [  836] - DataField : XPH//select[@action='goToPackage']/option[contains(text(), 'Test123')]
[INFO ][2015-11-04 11:45:48,506][com.java.SeleniumDriver] [  838] - DataValue : 
[INFO ][2015-11-04 11:45:48,506][com.java.SeleniumDriver] [  844] - <In Set values of the page>
[INFO ][2015-11-04 11:45:48,506][com.java.SeleniumDriver] [  847] - {Data Fields & Data Values Exist}
[INFO ][2015-11-04 11:45:48,506][com.java.SeleniumDriver] [  849] - --------------------------setting values-----------------------------
[INFO ][2015-11-04 11:45:48,506][com.java.SeleniumDriver] [  852] - Action Type : CLICK
[INFO ][2015-11-04 11:45:48,506][com.java.TestType] [ 4063] - Field ::XPH//select[@action='goToPackage']/option[contains(text(), 'Test123')]
[INFO ][2015-11-04 11:45:49,506][com.java.TestType] [ 4122] - BEFORE CLICK
[INFO ][2015-11-04 11:45:52,106][com.java.TestType] [ 4130] - Unable to click the object clicking the option in ddropdown
[INFO ][2015-11-04 11:45:52,106][com.java.SeleniumDriver] [  861] -  RESULT true
[INFO ][2015-11-04 11:45:52,106][com.java.SeleniumDriver] [ 1066] - ?   P A S S   ?
[INFO ][2015-11-04 11:45:52,106][com.java.SeleniumDriver] [  788] - ------------------------------------------
[INFO ][2015-11-04 11:45:52,106][com.java.SeleniumDriver] [  789] - Test case being Executed: 2
[INFO ][2015-11-04 11:45:52,106][com.java.SeleniumDriver] [  800] - Test step:38
[INFO ][2015-11-04 11:45:52,106][com.java.SeleniumDriver] [  812] - Datavalue is----------3
[INFO ][2015-11-04 11:45:52,106][com.java.SeleniumDriver] [  836] - DataField : XPH//div/table/tbody/tr[1]/td[2]/div/a[1]/span
[INFO ][2015-11-04 11:45:52,106][com.java.SeleniumDriver] [  838] - DataValue : 3
[INFO ][2015-11-04 11:45:52,106][com.java.SeleniumDriver] [  844] - <In Set values of the page>
[INFO ][2015-11-04 11:45:52,106][com.java.SeleniumDriver] [  847] - {Data Fields & Data Values Exist}
[INFO ][2015-11-04 11:45:52,106][com.java.SeleniumDriver] [  849] - --------------------------setting values-----------------------------
[INFO ][2015-11-04 11:45:52,106][com.java.SeleniumDriver] [  852] - Action Type : WAITFORELEMENT
[INFO ][2015-11-04 11:45:52,137][com.java.SeleniumDriver] [  861] -  RESULT true
[INFO ][2015-11-04 11:45:52,137][com.java.SeleniumDriver] [ 1066] - ?   P A S S   ?
[INFO ][2015-11-04 11:45:52,137][com.java.SeleniumDriver] [  788] - ------------------------------------------
[INFO ][2015-11-04 11:45:52,137][com.java.SeleniumDriver] [  789] - Test case being Executed: 2
[INFO ][2015-11-04 11:45:52,137][com.java.SeleniumDriver] [  800] - Test step:39
[INFO ][2015-11-04 11:45:52,137][com.java.SeleniumDriver] [  812] - Datavalue is----------null
[DEBUG][2015-11-04 11:45:52,137][com.java.SeleniumDriver] [  830] - Exception: null
[INFO ][2015-11-04 11:45:52,137][com.java.SeleniumDriver] [  836] - DataField : XPH//div/table/tbody/tr[1]/td[2]/div/a[1]/span
[INFO ][2015-11-04 11:45:52,137][com.java.SeleniumDriver] [  838] - DataValue : 
[INFO ][2015-11-04 11:45:52,137][com.java.SeleniumDriver] [  844] - <In Set values of the page>
[INFO ][2015-11-04 11:45:52,137][com.java.SeleniumDriver] [  847] - {Data Fields & Data Values Exist}
[INFO ][2015-11-04 11:45:52,137][com.java.SeleniumDriver] [  849] - --------------------------setting values-----------------------------
[INFO ][2015-11-04 11:45:52,137][com.java.SeleniumDriver] [  852] - Action Type : CLICK
[INFO ][2015-11-04 11:45:52,137][com.java.TestType] [ 4063] - Field ::XPH//div/table/tbody/tr[1]/td[2]/div/a[1]/span
[INFO ][2015-11-04 11:45:53,137][com.java.TestType] [ 4122] - BEFORE CLICK
[INFO ][2015-11-04 11:45:55,357][com.java.TestType] [ 4130] - Unable to click the object EditButton 
[INFO ][2015-11-04 11:45:55,357][com.java.SeleniumDriver] [  861] -  RESULT true
[INFO ][2015-11-04 11:45:55,357][com.java.SeleniumDriver] [ 1066] - ?   P A S S   ?
[INFO ][2015-11-04 11:45:55,357][com.java.SeleniumDriver] [  788] - ------------------------------------------
[INFO ][2015-11-04 11:45:55,357][com.java.SeleniumDriver] [  789] - Test case being Executed: 2
[INFO ][2015-11-04 11:45:55,357][com.java.SeleniumDriver] [  800] - Test step:40
[INFO ][2015-11-04 11:45:55,357][com.java.SeleniumDriver] [  812] - Datavalue is----------3
[INFO ][2015-11-04 11:45:55,357][com.java.SeleniumDriver] [  836] - DataField : XPH//input[@class='ember-view ember-text-field form-control']
[INFO ][2015-11-04 11:45:55,357][com.java.SeleniumDriver] [  838] - DataValue : 3
[INFO ][2015-11-04 11:45:55,357][com.java.SeleniumDriver] [  844] - <In Set values of the page>
[INFO ][2015-11-04 11:45:55,357][com.java.SeleniumDriver] [  847] - {Data Fields & Data Values Exist}
[INFO ][2015-11-04 11:45:55,357][com.java.SeleniumDriver] [  849] - --------------------------setting values-----------------------------
[INFO ][2015-11-04 11:45:55,357][com.java.SeleniumDriver] [  852] - Action Type : WAITFORELEMENT
[INFO ][2015-11-04 11:45:55,388][com.java.SeleniumDriver] [  861] -  RESULT true
[INFO ][2015-11-04 11:45:55,388][com.java.SeleniumDriver] [ 1066] - ?   P A S S   ?
[INFO ][2015-11-04 11:45:55,388][com.java.SeleniumDriver] [  788] - ------------------------------------------
[INFO ][2015-11-04 11:45:55,388][com.java.SeleniumDriver] [  789] - Test case being Executed: 2
[INFO ][2015-11-04 11:45:55,388][com.java.SeleniumDriver] [  800] - Test step:41
[INFO ][2015-11-04 11:45:55,388][com.java.SeleniumDriver] [  812] - Datavalue is----------null
[DEBUG][2015-11-04 11:45:55,388][com.java.SeleniumDriver] [  830] - Exception: null
[INFO ][2015-11-04 11:45:55,388][com.java.SeleniumDriver] [  836] - DataField : XPH//input[@class='ember-view ember-text-field form-control']
[INFO ][2015-11-04 11:45:55,388][com.java.SeleniumDriver] [  838] - DataValue : 
[INFO ][2015-11-04 11:45:55,388][com.java.SeleniumDriver] [  844] - <In Set values of the page>
[INFO ][2015-11-04 11:45:55,388][com.java.SeleniumDriver] [  847] - {Data Fields & Data Values Exist}
[INFO ][2015-11-04 11:45:55,388][com.java.SeleniumDriver] [  849] - --------------------------setting values-----------------------------
[INFO ][2015-11-04 11:45:55,388][com.java.SeleniumDriver] [  852] - Action Type : CLICK
[INFO ][2015-11-04 11:45:55,388][com.java.TestType] [ 4063] - Field ::XPH//input[@class='ember-view ember-text-field form-control']
[INFO ][2015-11-04 11:45:56,388][com.java.TestType] [ 4122] - BEFORE CLICK
[INFO ][2015-11-04 11:45:57,118][com.java.TestType] [ 4130] - Unable to click the object Report name to be edited
[INFO ][2015-11-04 11:45:57,118][com.java.SeleniumDriver] [  861] -  RESULT true
[INFO ][2015-11-04 11:45:57,118][com.java.SeleniumDriver] [ 1066] - ?   P A S S   ?
[INFO ][2015-11-04 11:45:57,118][com.java.SeleniumDriver] [  788] - ------------------------------------------
[INFO ][2015-11-04 11:45:57,118][com.java.SeleniumDriver] [  789] - Test case being Executed: 2
[INFO ][2015-11-04 11:45:57,118][com.java.SeleniumDriver] [  800] - Test step:42
[INFO ][2015-11-04 11:45:57,118][com.java.SeleniumDriver] [  812] - Datavalue is----------null
[DEBUG][2015-11-04 11:45:57,118][com.java.SeleniumDriver] [  830] - Exception: null
[INFO ][2015-11-04 11:45:57,118][com.java.SeleniumDriver] [  836] - DataField : TXT//input[@class='ember-view ember-text-field form-control']
[INFO ][2015-11-04 11:45:57,118][com.java.SeleniumDriver] [  838] - DataValue : 
[INFO ][2015-11-04 11:45:57,118][com.java.SeleniumDriver] [  844] - <In Set values of the page>
[INFO ][2015-11-04 11:45:57,118][com.java.SeleniumDriver] [  847] - {Data Fields & Data Values Exist}
[INFO ][2015-11-04 11:45:57,118][com.java.SeleniumDriver] [  849] - --------------------------setting values-----------------------------
[INFO ][2015-11-04 11:45:57,118][com.java.SeleniumDriver] [  852] - Action Type : ENTER
[INFO ][2015-11-04 11:45:57,118][com.java.TestType] [ 4383] - field = //input[@class='ember-view ember-text-field form-control']
[INFO ][2015-11-04 11:45:57,118][com.java.TestType] [ 3750] - value = 
[INFO ][2015-11-04 11:45:57,859][com.java.SeleniumDriver] [  861] -  RESULT true
[INFO ][2015-11-04 11:45:57,859][com.java.SeleniumDriver] [ 1066] - ?   P A S S   ?
[INFO ][2015-11-04 11:45:57,859][com.java.SeleniumDriver] [  788] - ------------------------------------------
[INFO ][2015-11-04 11:45:57,859][com.java.SeleniumDriver] [  789] - Test case being Executed: 2
[INFO ][2015-11-04 11:45:57,859][com.java.SeleniumDriver] [  800] - Test step:43
[INFO ][2015-11-04 11:45:57,859][com.java.SeleniumDriver] [  812] - Datavalue is----------null
[DEBUG][2015-11-04 11:45:57,859][com.java.SeleniumDriver] [  830] - Exception: null
[INFO ][2015-11-04 11:45:57,859][com.java.SeleniumDriver] [  836] - DataField : XPH//div[@class='ui-widget-content']/div/button[2]
[INFO ][2015-11-04 11:45:57,859][com.java.SeleniumDriver] [  838] - DataValue : 
[INFO ][2015-11-04 11:45:57,859][com.java.SeleniumDriver] [  844] - <In Set values of the page>
[INFO ][2015-11-04 11:45:57,859][com.java.SeleniumDriver] [  847] - {Data Fields & Data Values Exist}
[INFO ][2015-11-04 11:45:57,859][com.java.SeleniumDriver] [  849] - --------------------------setting values-----------------------------
[INFO ][2015-11-04 11:45:57,859][com.java.SeleniumDriver] [  852] - Action Type : CLICK
[INFO ][2015-11-04 11:45:57,859][com.java.TestType] [ 4063] - Field ::XPH//div[@class='ui-widget-content']/div/button[2]
[INFO ][2015-11-04 11:45:58,859][com.java.TestType] [ 4122] - BEFORE CLICK
[INFO ][2015-11-04 11:45:59,619][com.java.TestType] [ 4130] - Unable to click the object Save Button
[INFO ][2015-11-04 11:45:59,619][com.java.SeleniumDriver] [  861] -  RESULT true
[INFO ][2015-11-04 11:45:59,619][com.java.SeleniumDriver] [ 1066] - ?   P A S S   ?
[INFO ][2015-11-04 11:45:59,619][com.java.SeleniumDriver] [  788] - ------------------------------------------
[INFO ][2015-11-04 11:45:59,619][com.java.SeleniumDriver] [  789] - Test case being Executed: 2
[INFO ][2015-11-04 11:45:59,619][com.java.SeleniumDriver] [  800] - Test step:44
[INFO ][2015-11-04 11:45:59,619][com.java.SeleniumDriver] [  812] - Datavalue is----------//table/tbody/tr[2]/td[1]
[INFO ][2015-11-04 11:45:59,619][com.java.SeleniumDriver] [  836] - DataField : //table/tbody/tr[1]/td[1]
[INFO ][2015-11-04 11:45:59,619][com.java.SeleniumDriver] [  838] - DataValue : //table/tbody/tr[2]/td[1]
[INFO ][2015-11-04 11:45:59,619][com.java.SeleniumDriver] [  844] - <In Set values of the page>
[INFO ][2015-11-04 11:45:59,619][com.java.SeleniumDriver] [  847] - {Data Fields & Data Values Exist}
[INFO ][2015-11-04 11:45:59,619][com.java.SeleniumDriver] [  849] - --------------------------setting values-----------------------------
[INFO ][2015-11-04 11:45:59,619][com.java.SeleniumDriver] [  852] - Action Type : DRAGANDDROP
