[INFO ][2015-12-03 19:02:41,008][com.java.SeleniumDriver] [  213] - Execute Failed Casesfalse
[INFO ][2015-12-03 19:02:41,008][com.java.SeleniumDriver] [  214] - Browser: IE10
[INFO ][2015-12-03 19:02:41,008][com.java.SeleniumDriver] [  215] - [1, 2, 3]
[INFO ][2015-12-03 19:02:41,008][com.java.SeleniumDriver] [  216] - Total TestCases:3
[INFO ][2015-12-03 19:02:41,008][com.java.SeleniumDriver] [  217] -  Reading Properties from Property File 
[DEBUG][2015-12-03 19:02:41,008][com.java.SeleniumDriver] [  238] - url : https://clients-xuat.bankersdashboard.com
[INFO ][2015-12-03 19:02:41,008][com.java.ImportnExport.ExportTestResultsExcel] [  116] - Time Stamp Thu Dec 03 07:02:40 IST 2015
[INFO ][2015-12-03 19:02:41,008][com.java.ImportnExport.ExportTestResultsExcel] [  175] - OUT FILE : D:\BankersDashboard/TestReports/Test Results_BankersDashBoard_120315_190240_IE10_Bank of North Carolina.xls
[INFO ][2015-12-03 19:02:41,039][com.java.ImportnExport.ExportTestResultsExcel] [  180] - Test Result file is created
[DEBUG][2015-12-03 19:02:41,139][com.java.SeleniumDriver] [  426] - Hub ip address is-------172.17.68.34
[INFO ][2015-12-03 19:02:41,139][com.java.SeleniumDriver] [  452] - Grid URL:http://172.17.68.34:4444/wd/hub
[INFO ][2015-12-03 19:02:41,139][com.java.SeleniumDriver] [  453] - Capability:Capabilities [{platform=ANY, ensureCleanSession=true, ignoreProtectedModeSettings=true, acceptSslCerts=true, ignoreZoomSetting=true, browserName=internet explorer, browserstack.ie.noFlash=true, version=null}]
[ERROR][2015-12-03 19:02:42,419][com.java.SeleniumDriver] [  497] - Unable invoke browser in grid:Could not start a new session. Possible causes are invalid address of the remote server or browser start-up failure.
Build info: version: '2.48.2', revision: '41bccdd', time: '2015-10-09 19:59:12'
System info: host: 'FVTIII438F1D', ip: '172.17.68.34', os.name: 'Windows 7', os.arch: 'x86', os.version: '6.1', java.version: '1.7.0_55'
Driver info: driver.version: SeleniumDriver
[INFO ][2015-12-03 19:02:42,419][com.java.SeleniumDriver] [  499] - Executing on local machine
[INFO ][2015-12-03 19:02:51,581][com.java.SeleniumDriver] [  248] - IE10is opened
[INFO ][2015-12-03 19:02:52,491][com.java.SeleniumDriver] [  754] - Test cases to be executed are: [1, 2, 3]
[INFO ][2015-12-03 19:02:52,492][com.java.ImportnExport.ImportTestDataDetailsExcel] [   49] - test data details path===== D:\BankersDashboard\TestInputs\TestData.xls
[INFO ][2015-12-03 19:02:52,572][com.java.SeleniumDriver] [  804] - ------------------------------------------
[INFO ][2015-12-03 19:02:52,572][com.java.SeleniumDriver] [  805] - Test case being Executed: 1
[INFO ][2015-12-03 19:02:52,572][com.java.SeleniumDriver] [  816] - Test step:1
[INFO ][2015-12-03 19:02:52,572][com.java.SeleniumDriver] [  828] - Datavalue is----------Concept#1:1-14
[INFO ][2015-12-03 19:02:52,572][com.java.SeleniumDriver] [  852] - DataField : test
[INFO ][2015-12-03 19:02:52,572][com.java.SeleniumDriver] [  854] - DataValue : Concept#1:1-14
[INFO ][2015-12-03 19:02:52,572][com.java.SeleniumDriver] [  860] - <In Set values of the page>
[INFO ][2015-12-03 19:02:52,572][com.java.SeleniumDriver] [  863] - {Data Fields & Data Values Exist}
[INFO ][2015-12-03 19:02:52,572][com.java.SeleniumDriver] [  865] - --------------------------setting values-----------------------------
[INFO ][2015-12-03 19:02:52,572][com.java.SeleniumDriver] [  868] - Action Type : ExecuteTestCase
[INFO ][2015-12-03 19:02:52,582][com.java.TestType] [  435] - The Concept sheet name is ---------- Concept
[INFO ][2015-12-03 19:02:52,582][com.java.TestType] [  438] - The Concept ID  is ---------- 1
[DEBUG][2015-12-03 19:02:52,582][com.java.TestType] [  442] - Steps being executted in the Concept are: 1:14
[INFO ][2015-12-03 19:02:52,582][com.java.TestType] [  449] - Test data details path ---------- D:\BankersDashboard\TestInputs\TestData.xls
[INFO ][2015-12-03 19:02:52,622][com.java.TestType] [  480] -  str(1) = 1
[INFO ][2015-12-03 19:02:52,622][com.java.TestType] [  483] - Test case Id is---1
[INFO ][2015-12-03 19:02:52,622][com.java.TestType] [  485] - 1
[INFO ][2015-12-03 19:02:52,622][com.java.TestType] [  480] -  str(2) = 1
[INFO ][2015-12-03 19:02:52,622][com.java.TestType] [  532] - row values are--------{1=com.java.Objects.TestDataDetails@1c34565}
[INFO ][2015-12-03 19:02:52,622][com.java.TestType] [  480] -  str(1) = 1
[INFO ][2015-12-03 19:02:52,622][com.java.TestType] [  483] - Test case Id is---1
[INFO ][2015-12-03 19:02:52,632][com.java.TestType] [  485] - 1
[INFO ][2015-12-03 19:02:52,632][com.java.TestType] [  480] -  str(2) = 2
[INFO ][2015-12-03 19:02:52,632][com.java.TestType] [  532] - row values are--------{1=com.java.Objects.TestDataDetails@1c34565, 2=com.java.Objects.TestDataDetails@4c632d}
[INFO ][2015-12-03 19:02:52,632][com.java.TestType] [  480] -  str(1) = 1
[INFO ][2015-12-03 19:02:52,632][com.java.TestType] [  483] - Test case Id is---1
[INFO ][2015-12-03 19:02:52,632][com.java.TestType] [  485] - 1
[INFO ][2015-12-03 19:02:52,632][com.java.TestType] [  480] -  str(2) = 3
[INFO ][2015-12-03 19:02:52,632][com.java.TestType] [  532] - row values are--------{1=com.java.Objects.TestDataDetails@1c34565, 2=com.java.Objects.TestDataDetails@4c632d, 3=com.java.Objects.TestDataDetails@1e12b73}
[INFO ][2015-12-03 19:02:52,632][com.java.TestType] [  480] -  str(1) = 1
[INFO ][2015-12-03 19:02:52,632][com.java.TestType] [  483] - Test case Id is---1
[INFO ][2015-12-03 19:02:52,632][com.java.TestType] [  485] - 1
[INFO ][2015-12-03 19:02:52,632][com.java.TestType] [  480] -  str(2) = 4
[INFO ][2015-12-03 19:02:52,632][com.java.TestType] [  532] - row values are--------{1=com.java.Objects.TestDataDetails@1c34565, 2=com.java.Objects.TestDataDetails@4c632d, 3=com.java.Objects.TestDataDetails@1e12b73, 4=com.java.Objects.TestDataDetails@cacce0}
[INFO ][2015-12-03 19:02:52,632][com.java.TestType] [  480] -  str(1) = 1
[INFO ][2015-12-03 19:02:52,632][com.java.TestType] [  483] - Test case Id is---1
[INFO ][2015-12-03 19:02:52,632][com.java.TestType] [  485] - 1
[INFO ][2015-12-03 19:02:52,632][com.java.TestType] [  480] -  str(2) = 5
[INFO ][2015-12-03 19:02:52,632][com.java.TestType] [  532] - row values are--------{1=com.java.Objects.TestDataDetails@1c34565, 2=com.java.Objects.TestDataDetails@4c632d, 3=com.java.Objects.TestDataDetails@1e12b73, 4=com.java.Objects.TestDataDetails@cacce0, 5=com.java.Objects.TestDataDetails@120d1c0}
[INFO ][2015-12-03 19:02:52,632][com.java.TestType] [  480] -  str(1) = 1
[INFO ][2015-12-03 19:02:52,632][com.java.TestType] [  483] - Test case Id is---1
[INFO ][2015-12-03 19:02:52,632][com.java.TestType] [  485] - 1
[INFO ][2015-12-03 19:02:52,632][com.java.TestType] [  480] -  str(2) = 6
[INFO ][2015-12-03 19:02:52,632][com.java.TestType] [  532] - row values are--------{1=com.java.Objects.TestDataDetails@1c34565, 2=com.java.Objects.TestDataDetails@4c632d, 3=com.java.Objects.TestDataDetails@1e12b73, 4=com.java.Objects.TestDataDetails@cacce0, 5=com.java.Objects.TestDataDetails@120d1c0, 6=com.java.Objects.TestDataDetails@23d1e7}
[INFO ][2015-12-03 19:02:52,632][com.java.TestType] [  480] -  str(1) = 1
[INFO ][2015-12-03 19:02:52,632][com.java.TestType] [  483] - Test case Id is---1
[INFO ][2015-12-03 19:02:52,632][com.java.TestType] [  485] - 1
[INFO ][2015-12-03 19:02:52,632][com.java.TestType] [  480] -  str(2) = 7
[INFO ][2015-12-03 19:02:52,642][com.java.TestType] [  532] - row values are--------{1=com.java.Objects.TestDataDetails@1c34565, 2=com.java.Objects.TestDataDetails@4c632d, 3=com.java.Objects.TestDataDetails@1e12b73, 4=com.java.Objects.TestDataDetails@cacce0, 5=com.java.Objects.TestDataDetails@120d1c0, 6=com.java.Objects.TestDataDetails@23d1e7, 7=com.java.Objects.TestDataDetails@1cee582}
[INFO ][2015-12-03 19:02:52,642][com.java.TestType] [  480] -  str(1) = 1
[INFO ][2015-12-03 19:02:52,642][com.java.TestType] [  483] - Test case Id is---1
[INFO ][2015-12-03 19:02:52,642][com.java.TestType] [  485] - 1
[INFO ][2015-12-03 19:02:52,642][com.java.TestType] [  480] -  str(2) = 8
[INFO ][2015-12-03 19:02:52,642][com.java.TestType] [  532] - row values are--------{1=com.java.Objects.TestDataDetails@1c34565, 2=com.java.Objects.TestDataDetails@4c632d, 3=com.java.Objects.TestDataDetails@1e12b73, 4=com.java.Objects.TestDataDetails@cacce0, 5=com.java.Objects.TestDataDetails@120d1c0, 6=com.java.Objects.TestDataDetails@23d1e7, 7=com.java.Objects.TestDataDetails@1cee582, 8=com.java.Objects.TestDataDetails@1e8256f}
[INFO ][2015-12-03 19:02:52,642][com.java.TestType] [  480] -  str(1) = 1
[INFO ][2015-12-03 19:02:52,642][com.java.TestType] [  483] - Test case Id is---1
[INFO ][2015-12-03 19:02:52,642][com.java.TestType] [  485] - 1
[INFO ][2015-12-03 19:02:52,642][com.java.TestType] [  480] -  str(2) = 9
[INFO ][2015-12-03 19:02:52,642][com.java.TestType] [  532] - row values are--------{1=com.java.Objects.TestDataDetails@1c34565, 2=com.java.Objects.TestDataDetails@4c632d, 3=com.java.Objects.TestDataDetails@1e12b73, 4=com.java.Objects.TestDataDetails@cacce0, 5=com.java.Objects.TestDataDetails@120d1c0, 6=com.java.Objects.TestDataDetails@23d1e7, 7=com.java.Objects.TestDataDetails@1cee582, 8=com.java.Objects.TestDataDetails@1e8256f, 9=com.java.Objects.TestDataDetails@67944c}
[INFO ][2015-12-03 19:02:52,642][com.java.TestType] [  480] -  str(1) = 1
[INFO ][2015-12-03 19:02:52,642][com.java.TestType] [  483] - Test case Id is---1
[INFO ][2015-12-03 19:02:52,642][com.java.TestType] [  485] - 1
[INFO ][2015-12-03 19:02:52,642][com.java.TestType] [  480] -  str(2) = 10
[INFO ][2015-12-03 19:02:52,642][com.java.TestType] [  532] - row values are--------{1=com.java.Objects.TestDataDetails@1c34565, 2=com.java.Objects.TestDataDetails@4c632d, 3=com.java.Objects.TestDataDetails@1e12b73, 4=com.java.Objects.TestDataDetails@cacce0, 5=com.java.Objects.TestDataDetails@120d1c0, 6=com.java.Objects.TestDataDetails@23d1e7, 7=com.java.Objects.TestDataDetails@1cee582, 8=com.java.Objects.TestDataDetails@1e8256f, 9=com.java.Objects.TestDataDetails@67944c, 10=com.java.Objects.TestDataDetails@1654a50}
[INFO ][2015-12-03 19:02:52,642][com.java.TestType] [  480] -  str(1) = 1
[INFO ][2015-12-03 19:02:52,642][com.java.TestType] [  483] - Test case Id is---1
[INFO ][2015-12-03 19:02:52,642][com.java.TestType] [  485] - 1
[INFO ][2015-12-03 19:02:52,642][com.java.TestType] [  480] -  str(2) = 11
[INFO ][2015-12-03 19:02:52,642][com.java.TestType] [  532] - row values are--------{1=com.java.Objects.TestDataDetails@1c34565, 2=com.java.Objects.TestDataDetails@4c632d, 3=com.java.Objects.TestDataDetails@1e12b73, 4=com.java.Objects.TestDataDetails@cacce0, 5=com.java.Objects.TestDataDetails@120d1c0, 6=com.java.Objects.TestDataDetails@23d1e7, 7=com.java.Objects.TestDataDetails@1cee582, 8=com.java.Objects.TestDataDetails@1e8256f, 9=com.java.Objects.TestDataDetails@67944c, 10=com.java.Objects.TestDataDetails@1654a50, 11=com.java.Objects.TestDataDetails@1e8bc25}
[INFO ][2015-12-03 19:02:52,642][com.java.TestType] [  480] -  str(1) = 1
[INFO ][2015-12-03 19:02:52,642][com.java.TestType] [  483] - Test case Id is---1
[INFO ][2015-12-03 19:02:52,642][com.java.TestType] [  485] - 1
[INFO ][2015-12-03 19:02:52,642][com.java.TestType] [  480] -  str(2) = 12
[INFO ][2015-12-03 19:02:52,642][com.java.TestType] [  532] - row values are--------{1=com.java.Objects.TestDataDetails@1c34565, 2=com.java.Objects.TestDataDetails@4c632d, 3=com.java.Objects.TestDataDetails@1e12b73, 4=com.java.Objects.TestDataDetails@cacce0, 5=com.java.Objects.TestDataDetails@120d1c0, 6=com.java.Objects.TestDataDetails@23d1e7, 7=com.java.Objects.TestDataDetails@1cee582, 8=com.java.Objects.TestDataDetails@1e8256f, 9=com.java.Objects.TestDataDetails@67944c, 10=com.java.Objects.TestDataDetails@1654a50, 11=com.java.Objects.TestDataDetails@1e8bc25, 12=com.java.Objects.TestDataDetails@1d385f4}
[INFO ][2015-12-03 19:02:52,642][com.java.TestType] [  480] -  str(1) = 1
[INFO ][2015-12-03 19:02:52,642][com.java.TestType] [  483] - Test case Id is---1
[INFO ][2015-12-03 19:02:52,642][com.java.TestType] [  485] - 1
[INFO ][2015-12-03 19:02:52,642][com.java.TestType] [  480] -  str(2) = 13
[INFO ][2015-12-03 19:02:52,652][com.java.TestType] [  532] - row values are--------{1=com.java.Objects.TestDataDetails@1c34565, 2=com.java.Objects.TestDataDetails@4c632d, 3=com.java.Objects.TestDataDetails@1e12b73, 4=com.java.Objects.TestDataDetails@cacce0, 5=com.java.Objects.TestDataDetails@120d1c0, 6=com.java.Objects.TestDataDetails@23d1e7, 7=com.java.Objects.TestDataDetails@1cee582, 8=com.java.Objects.TestDataDetails@1e8256f, 9=com.java.Objects.TestDataDetails@67944c, 10=com.java.Objects.TestDataDetails@1654a50, 11=com.java.Objects.TestDataDetails@1e8bc25, 12=com.java.Objects.TestDataDetails@1d385f4, 13=com.java.Objects.TestDataDetails@84fa48}
[INFO ][2015-12-03 19:02:52,652][com.java.TestType] [  480] -  str(1) = 1
[INFO ][2015-12-03 19:02:52,652][com.java.TestType] [  483] - Test case Id is---1
[INFO ][2015-12-03 19:02:52,652][com.java.TestType] [  485] - 1
[INFO ][2015-12-03 19:02:52,652][com.java.TestType] [  480] -  str(2) = 14
[INFO ][2015-12-03 19:02:52,652][com.java.TestType] [  532] - row values are--------{1=com.java.Objects.TestDataDetails@1c34565, 2=com.java.Objects.TestDataDetails@4c632d, 3=com.java.Objects.TestDataDetails@1e12b73, 4=com.java.Objects.TestDataDetails@cacce0, 5=com.java.Objects.TestDataDetails@120d1c0, 6=com.java.Objects.TestDataDetails@23d1e7, 7=com.java.Objects.TestDataDetails@1cee582, 8=com.java.Objects.TestDataDetails@1e8256f, 9=com.java.Objects.TestDataDetails@67944c, 10=com.java.Objects.TestDataDetails@1654a50, 11=com.java.Objects.TestDataDetails@1e8bc25, 12=com.java.Objects.TestDataDetails@1d385f4, 13=com.java.Objects.TestDataDetails@84fa48, 14=com.java.Objects.TestDataDetails@4735a0}
[INFO ][2015-12-03 19:02:52,652][com.java.TestType] [ 9866] - Looping 1TCID = 1
[DEBUG][2015-12-03 19:02:52,652][com.java.TestType] [ 9907] - Concept ID:1 :: Step being Executed: 1::1
[INFO ][2015-12-03 19:02:52,652][com.java.TestType] [ 9945] - dataFields : TXTusername
[DEBUG][2015-12-03 19:02:52,652][com.java.TestType] [ 9951] - <In Set values of the page>
[DEBUG][2015-12-03 19:02:52,652][com.java.TestType] [ 9956] - {Data Fields & Data Values Exist}
[INFO ][2015-12-03 19:02:52,652][com.java.TestType] [ 9962] - --------------------------setting values-----------------------------
[INFO ][2015-12-03 19:02:52,652][com.java.TestType] [ 9965] - Action Type : CLEARANDENTER
[INFO ][2015-12-03 19:02:52,652][com.java.TestType] [ 5367] - value = valuelabs.ie10.33527
[INFO ][2015-12-03 19:02:57,429][com.java.TestType] [ 9984] -  RESULT true
[INFO ][2015-12-03 19:02:57,429][com.java.TestType] [10101] - ?   P A S S   ?
[DEBUG][2015-12-03 19:02:57,429][com.java.TestType] [ 9907] - Concept ID:1 :: Step being Executed: 1::2
[INFO ][2015-12-03 19:02:57,429][com.java.TestType] [ 9945] - dataFields : TXTpassword
[DEBUG][2015-12-03 19:02:57,429][com.java.TestType] [ 9951] - <In Set values of the page>
[DEBUG][2015-12-03 19:02:57,429][com.java.TestType] [ 9956] - {Data Fields & Data Values Exist}
[INFO ][2015-12-03 19:02:57,429][com.java.TestType] [ 9962] - --------------------------setting values-----------------------------
[INFO ][2015-12-03 19:02:57,429][com.java.TestType] [ 9965] - Action Type : CLEARANDENTER
[INFO ][2015-12-03 19:02:57,429][com.java.TestType] [ 5367] - value = Password1*
[INFO ][2015-12-03 19:03:02,336][com.java.TestType] [ 9984] -  RESULT true
[INFO ][2015-12-03 19:03:02,336][com.java.TestType] [10101] - ?   P A S S   ?
[DEBUG][2015-12-03 19:03:02,336][com.java.TestType] [ 9907] - Concept ID:1 :: Step being Executed: 1::3
[ERROR][2015-12-03 19:03:02,336][com.java.TestType] [ 9940] - Exception: null
[INFO ][2015-12-03 19:03:02,336][com.java.TestType] [ 9945] - dataFields : XPH//button[@type='submit']
[DEBUG][2015-12-03 19:03:02,336][com.java.TestType] [ 9951] - <In Set values of the page>
[DEBUG][2015-12-03 19:03:02,336][com.java.TestType] [ 9956] - {Data Fields & Data Values Exist}
[INFO ][2015-12-03 19:03:02,336][com.java.TestType] [ 9962] - --------------------------setting values-----------------------------
[INFO ][2015-12-03 19:03:02,336][com.java.TestType] [ 9965] - Action Type : Click
[INFO ][2015-12-03 19:03:02,336][com.java.TestType] [ 5695] - Field ::XPH//button[@type='submit']
[INFO ][2015-12-03 19:03:03,336][com.java.TestType] [ 5782] - BEFORE CLICK
[INFO ][2015-12-03 19:03:06,348][com.java.TestType] [ 5790] - Unable to click the object Login
[INFO ][2015-12-03 19:03:06,348][com.java.TestType] [ 9984] -  RESULT true
[INFO ][2015-12-03 19:03:06,348][com.java.TestType] [10101] - ?   P A S S   ?
[DEBUG][2015-12-03 19:03:06,348][com.java.TestType] [ 9907] - Concept ID:1 :: Step being Executed: 1::4
[INFO ][2015-12-03 19:03:06,348][com.java.TestType] [ 9945] - dataFields : LNKLogout
[DEBUG][2015-12-03 19:03:06,348][com.java.TestType] [ 9951] - <In Set values of the page>
[DEBUG][2015-12-03 19:03:06,348][com.java.TestType] [ 9956] - {Data Fields & Data Values Exist}
[INFO ][2015-12-03 19:03:06,348][com.java.TestType] [ 9962] - --------------------------setting values-----------------------------
[INFO ][2015-12-03 19:03:06,348][com.java.TestType] [ 9965] - Action Type : WaitForElement
[INFO ][2015-12-03 19:03:06,379][com.java.TestType] [ 9984] -  RESULT true
[INFO ][2015-12-03 19:03:06,379][com.java.TestType] [10101] - ?   P A S S   ?
[DEBUG][2015-12-03 19:03:06,379][com.java.TestType] [ 9907] - Concept ID:1 :: Step being Executed: 1::13
[INFO ][2015-12-03 19:03:06,379][com.java.TestType] [ 9945] - dataFields : LNK
[DEBUG][2015-12-03 19:03:06,379][com.java.TestType] [ 9951] - <In Set values of the page>
[DEBUG][2015-12-03 19:03:06,379][com.java.TestType] [ 9956] - {Data Fields & Data Values Exist}
[INFO ][2015-12-03 19:03:06,379][com.java.TestType] [ 9962] - --------------------------setting values-----------------------------
[INFO ][2015-12-03 19:03:06,379][com.java.TestType] [ 9965] - Action Type : Verify
[INFO ][2015-12-03 19:03:06,379][com.java.TestType] [ 6558] - field= LNK value= Logout
[INFO ][2015-12-03 19:03:06,379][com.java.TestType] [ 5367] - value = Logout
[INFO ][2015-12-03 19:03:06,409][com.java.TestType] [ 9984] -  RESULT true
[INFO ][2015-12-03 19:03:06,409][com.java.TestType] [10101] - ?   P A S S   ?
[DEBUG][2015-12-03 19:03:06,409][com.java.TestType] [ 9907] - Concept ID:1 :: Step being Executed: 1::14
[INFO ][2015-12-03 19:03:06,409][com.java.TestType] [ 9945] - dataFields : BTN
[DEBUG][2015-12-03 19:03:06,409][com.java.TestType] [ 9951] - <In Set values of the page>
[DEBUG][2015-12-03 19:03:06,409][com.java.TestType] [ 9956] - {Data Fields & Data Values Exist}
[INFO ][2015-12-03 19:03:06,409][com.java.TestType] [ 9962] - --------------------------setting values-----------------------------
[INFO ][2015-12-03 19:03:06,409][com.java.TestType] [ 9965] - Action Type : Verify
[INFO ][2015-12-03 19:03:06,409][com.java.TestType] [ 6558] - field= BTN value= //img[contains(@src,'bdlogo.jpg')]
[INFO ][2015-12-03 19:03:06,409][com.java.TestType] [ 5367] - value = //img[contains(@src,'bdlogo.jpg')]
[INFO ][2015-12-03 19:03:06,469][com.java.TestType] [ 9984] -  RESULT true
[INFO ][2015-12-03 19:03:06,469][com.java.TestType] [10101] - ?   P A S S   ?
[INFO ][2015-12-03 19:03:06,469][com.java.TestType] [10172] - Looping End......
[INFO ][2015-12-03 19:03:06,469][com.java.SeleniumDriver] [  877] -  RESULT true
[INFO ][2015-12-03 19:03:06,469][com.java.SeleniumDriver] [ 1083] - ?   P A S S   ?
[INFO ][2015-12-03 19:03:06,469][com.java.SeleniumDriver] [  804] - ------------------------------------------
[INFO ][2015-12-03 19:03:06,469][com.java.SeleniumDriver] [  805] - Test case being Executed: 1
[INFO ][2015-12-03 19:03:06,469][com.java.SeleniumDriver] [  816] - Test step:2
[INFO ][2015-12-03 19:03:06,469][com.java.SeleniumDriver] [  828] - Datavalue is----------Concept#2:1-2
[INFO ][2015-12-03 19:03:06,469][com.java.SeleniumDriver] [  852] - DataField : test
[INFO ][2015-12-03 19:03:06,469][com.java.SeleniumDriver] [  854] - DataValue : Concept#2:1-2
[INFO ][2015-12-03 19:03:06,469][com.java.SeleniumDriver] [  860] - <In Set values of the page>
[INFO ][2015-12-03 19:03:06,469][com.java.SeleniumDriver] [  863] - {Data Fields & Data Values Exist}
[INFO ][2015-12-03 19:03:06,469][com.java.SeleniumDriver] [  865] - --------------------------setting values-----------------------------
[INFO ][2015-12-03 19:03:06,469][com.java.SeleniumDriver] [  868] - Action Type : ExecuteTestCase
[INFO ][2015-12-03 19:03:06,469][com.java.TestType] [  435] - The Concept sheet name is ---------- Concept
[INFO ][2015-12-03 19:03:06,469][com.java.TestType] [  438] - The Concept ID  is ---------- 2
[DEBUG][2015-12-03 19:03:06,469][com.java.TestType] [  442] - Steps being executted in the Concept are: 1:2
[INFO ][2015-12-03 19:03:06,469][com.java.TestType] [  449] - Test data details path ---------- D:\BankersDashboard\TestInputs\TestData.xls
[INFO ][2015-12-03 19:03:06,499][com.java.TestType] [  480] -  str(1) = 2
[INFO ][2015-12-03 19:03:06,499][com.java.TestType] [  483] - Test case Id is---2
[INFO ][2015-12-03 19:03:06,499][com.java.TestType] [  485] - 2
[INFO ][2015-12-03 19:03:06,499][com.java.TestType] [  480] -  str(2) = 1
[INFO ][2015-12-03 19:03:06,509][com.java.TestType] [  532] - row values are--------{1=com.java.Objects.TestDataDetails@6c13ee}
[INFO ][2015-12-03 19:03:06,509][com.java.TestType] [  480] -  str(1) = 2
[INFO ][2015-12-03 19:03:06,509][com.java.TestType] [  483] - Test case Id is---2
[INFO ][2015-12-03 19:03:06,509][com.java.TestType] [  485] - 2
[INFO ][2015-12-03 19:03:06,509][com.java.TestType] [  480] -  str(2) = 2
[INFO ][2015-12-03 19:03:06,509][com.java.TestType] [  532] - row values are--------{1=com.java.Objects.TestDataDetails@6c13ee, 2=com.java.Objects.TestDataDetails@13567f1}
[INFO ][2015-12-03 19:03:06,509][com.java.TestType] [  480] -  str(1) = 2
[INFO ][2015-12-03 19:03:06,509][com.java.TestType] [  483] - Test case Id is---2
[INFO ][2015-12-03 19:03:06,509][com.java.TestType] [  485] - 2
[INFO ][2015-12-03 19:03:06,509][com.java.TestType] [  480] -  str(2) = 3
[INFO ][2015-12-03 19:03:06,509][com.java.TestType] [  532] - row values are--------{1=com.java.Objects.TestDataDetails@6c13ee, 2=com.java.Objects.TestDataDetails@13567f1, 3=com.java.Objects.TestDataDetails@99b665}
[INFO ][2015-12-03 19:03:06,509][com.java.TestType] [ 9866] - Looping 1TCID = 2
[DEBUG][2015-12-03 19:03:06,509][com.java.TestType] [ 9907] - Concept ID:2 :: Step being Executed: 2::1
[INFO ][2015-12-03 19:03:06,509][com.java.TestType] [ 9945] - dataFields : BNK//select[@id='bank']
[DEBUG][2015-12-03 19:03:06,509][com.java.TestType] [ 9951] - <In Set values of the page>
[DEBUG][2015-12-03 19:03:06,509][com.java.TestType] [ 9956] - {Data Fields & Data Values Exist}
[INFO ][2015-12-03 19:03:06,509][com.java.TestType] [ 9962] - --------------------------setting values-----------------------------
[INFO ][2015-12-03 19:03:06,509][com.java.TestType] [ 9965] - Action Type : Select
[INFO ][2015-12-03 19:03:06,509][com.java.TestType] [ 5367] - value = PFC
[INFO ][2015-12-03 19:03:06,789][com.java.TestType] [ 9984] -  RESULT true
[INFO ][2015-12-03 19:03:06,789][com.java.TestType] [10101] - ?   P A S S   ?
[DEBUG][2015-12-03 19:03:06,789][com.java.TestType] [ 9907] - Concept ID:2 :: Step being Executed: 2::2
[INFO ][2015-12-03 19:03:06,789][com.java.TestType] [ 9945] - dataFields : LNKLogout
[DEBUG][2015-12-03 19:03:06,789][com.java.TestType] [ 9951] - <In Set values of the page>
[DEBUG][2015-12-03 19:03:06,789][com.java.TestType] [ 9956] - {Data Fields & Data Values Exist}
[INFO ][2015-12-03 19:03:06,789][com.java.TestType] [ 9962] - --------------------------setting values-----------------------------
[INFO ][2015-12-03 19:03:06,789][com.java.TestType] [ 9965] - Action Type : WaitTime
[DEBUG][2015-12-03 19:03:06,789][com.java.TestType] [ 5187] - sleepTime: 5000
[INFO ][2015-12-03 19:03:11,789][com.java.TestType] [ 9984] -  RESULT true
[INFO ][2015-12-03 19:03:11,789][com.java.TestType] [10101] - ?   P A S S   ?
[INFO ][2015-12-03 19:03:11,789][com.java.TestType] [10172] - Looping End......
[INFO ][2015-12-03 19:03:11,789][com.java.SeleniumDriver] [  877] -  RESULT true
[INFO ][2015-12-03 19:03:11,789][com.java.SeleniumDriver] [ 1083] - ?   P A S S   ?
[INFO ][2015-12-03 19:03:11,789][com.java.SeleniumDriver] [  804] - ------------------------------------------
[INFO ][2015-12-03 19:03:11,789][com.java.SeleniumDriver] [  805] - Test case being Executed: 1
[INFO ][2015-12-03 19:03:11,789][com.java.SeleniumDriver] [  816] - Test step:3
[INFO ][2015-12-03 19:03:11,789][com.java.SeleniumDriver] [  828] - Datavalue is----------2
[INFO ][2015-12-03 19:03:11,789][com.java.SeleniumDriver] [  852] - DataField : XPH//button[contains(text(),'Add Content')]
[INFO ][2015-12-03 19:03:11,789][com.java.SeleniumDriver] [  854] - DataValue : 2
[INFO ][2015-12-03 19:03:11,789][com.java.SeleniumDriver] [  860] - <In Set values of the page>
[INFO ][2015-12-03 19:03:11,789][com.java.SeleniumDriver] [  863] - {Data Fields & Data Values Exist}
[INFO ][2015-12-03 19:03:11,789][com.java.SeleniumDriver] [  865] - --------------------------setting values-----------------------------
[INFO ][2015-12-03 19:03:11,789][com.java.SeleniumDriver] [  868] - Action Type : WAITFORELEMENT
[INFO ][2015-12-03 19:03:11,870][com.java.SeleniumDriver] [  877] -  RESULT true
[INFO ][2015-12-03 19:03:11,870][com.java.SeleniumDriver] [ 1083] - ?   P A S S   ?
[DEBUG][2015-12-03 19:03:11,870][com.java.SeleniumDriver] [ 1195] - Case found
[DEBUG][2015-12-03 19:03:11,870][com.java.SeleniumDriver] [ 1200] - Incrementing ReportCounters[0]:1
[INFO ][2015-12-03 19:03:11,870][com.java.SeleniumDriver] [ 1219] - The results are-------------------[1, 1, Valid Login, Pass, , Thu Dec 03 19:03:06 IST 2015, 1, 2, Valid Login, Pass, , Thu Dec 03 19:03:11 IST 2015, 1, 3, Valid Login, Pass, , Thu Dec 03 19:03:11 IST 2015]
[INFO ][2015-12-03 19:03:11,870][com.java.SeleniumDriver] [ 1223] - End time is-------33 sec
[INFO ][2015-12-03 19:03:11,870][com.java.SeleniumDriver] [ 1224] - The results are-------------------[1, 1, Valid Login, Pass, , Thu Dec 03 19:03:06 IST 2015, 1, 2, Valid Login, Pass, , Thu Dec 03 19:03:11 IST 2015, 1, 3, Valid Login, Pass, , Thu Dec 03 19:03:11 IST 2015]
[DEBUG][2015-12-03 19:03:11,870][com.java.ImportnExport.ExportTestResultsExcel] [  222] - testResultPath = D:\BankersDashboard/TestReports/Test Results_BankersDashBoard_120315_190240_IE10_Bank of North Carolina.xls
[DEBUG][2015-12-03 19:03:11,870][com.java.ImportnExport.ExportTestResultsExcel] [  223] - browser is------------IE10
[DEBUG][2015-12-03 19:03:11,910][com.java.ImportnExport.ExportTestResultsExcel] [  270] - result.size() = 18
[DEBUG][2015-12-03 19:03:11,910][com.java.ImportnExport.ExportTestResultsExcel] [  274] - No of rows in sheet=1
[DEBUG][2015-12-03 19:03:11,910][com.java.ImportnExport.ExportTestResultsExcel] [  301] - ..in export..1
[DEBUG][2015-12-03 19:03:11,910][com.java.ImportnExport.ExportTestResultsExcel] [  301] - ..in export..Valid Login
[DEBUG][2015-12-03 19:03:11,910][com.java.ImportnExport.ExportTestResultsExcel] [  301] - ..in export..Pass
[DEBUG][2015-12-03 19:03:11,910][com.java.ImportnExport.ExportTestResultsExcel] [  301] - ..in export..
[DEBUG][2015-12-03 19:03:11,910][com.java.ImportnExport.ExportTestResultsExcel] [  301] - ..in export..Thu Dec 03 19:03:06 IST 2015
[INFO ][2015-12-03 19:03:11,910][com.java.SeleniumDriver] [ 1282] - out loop:0 size:3 TestCases:[1, 2, 3] testcases:[1, 2, 3]
[INFO ][2015-12-03 19:03:11,910][com.java.ImportnExport.ImportTestDataDetailsExcel] [   49] - test data details path===== D:\BankersDashboard\TestInputs\TestData.xls
[INFO ][2015-12-03 19:03:33,756][com.java.SeleniumDriver] [  804] - ------------------------------------------
[INFO ][2015-12-03 19:03:33,756][com.java.SeleniumDriver] [  805] - Test case being Executed: 2
[INFO ][2015-12-03 19:03:33,756][com.java.SeleniumDriver] [  816] - Test step:1
[INFO ][2015-12-03 19:03:33,756][com.java.SeleniumDriver] [  828] - Datavalue is----------Logout
[INFO ][2015-12-03 19:03:33,756][com.java.SeleniumDriver] [  852] - DataField : BTN
[INFO ][2015-12-03 19:03:33,756][com.java.SeleniumDriver] [  854] - DataValue : Logout
[INFO ][2015-12-03 19:03:33,756][com.java.SeleniumDriver] [  860] - <In Set values of the page>
[INFO ][2015-12-03 19:03:33,756][com.java.SeleniumDriver] [  863] - {Data Fields & Data Values Exist}
[INFO ][2015-12-03 19:03:33,756][com.java.SeleniumDriver] [  865] - --------------------------setting values-----------------------------
[INFO ][2015-12-03 19:03:33,756][com.java.SeleniumDriver] [  868] - Action Type : Verify
[INFO ][2015-12-03 19:03:33,756][com.java.TestType] [ 6558] - field= BTN value= Logout
[INFO ][2015-12-03 19:03:33,756][com.java.TestType] [ 5367] - value = Logout
[INFO ][2015-12-03 19:03:33,817][com.java.SeleniumDriver] [  877] -  RESULT true
[INFO ][2015-12-03 19:03:33,817][com.java.SeleniumDriver] [ 1083] - ?   P A S S   ?
[INFO ][2015-12-03 19:03:33,817][com.java.SeleniumDriver] [ 1125] - step change to 3
[INFO ][2015-12-03 19:03:33,817][com.java.SeleniumDriver] [  804] - ------------------------------------------
[INFO ][2015-12-03 19:03:33,817][com.java.SeleniumDriver] [  805] - Test case being Executed: 2
[INFO ][2015-12-03 19:03:33,817][com.java.SeleniumDriver] [  816] - Test step:3
[INFO ][2015-12-03 19:03:33,817][com.java.SeleniumDriver] [  828] - Datavalue is----------Concept#2:1-2
[INFO ][2015-12-03 19:03:33,817][com.java.SeleniumDriver] [  852] - DataField : test
[INFO ][2015-12-03 19:03:33,817][com.java.SeleniumDriver] [  854] - DataValue : Concept#2:1-2
[INFO ][2015-12-03 19:03:33,817][com.java.SeleniumDriver] [  860] - <In Set values of the page>
[INFO ][2015-12-03 19:03:33,817][com.java.SeleniumDriver] [  863] - {Data Fields & Data Values Exist}
[INFO ][2015-12-03 19:03:33,817][com.java.SeleniumDriver] [  865] - --------------------------setting values-----------------------------
[INFO ][2015-12-03 19:03:33,817][com.java.SeleniumDriver] [  868] - Action Type : ExecuteTestCase
[INFO ][2015-12-03 19:03:33,817][com.java.TestType] [  435] - The Concept sheet name is ---------- Concept
[INFO ][2015-12-03 19:03:33,817][com.java.TestType] [  438] - The Concept ID  is ---------- 2
[DEBUG][2015-12-03 19:03:33,817][com.java.TestType] [  442] - Steps being executted in the Concept are: 1:2
[INFO ][2015-12-03 19:03:33,817][com.java.TestType] [  449] - Test data details path ---------- D:\BankersDashboard\TestInputs\TestData.xls
[INFO ][2015-12-03 19:03:33,847][com.java.TestType] [  480] -  str(1) = 2
[INFO ][2015-12-03 19:03:33,847][com.java.TestType] [  483] - Test case Id is---2
[INFO ][2015-12-03 19:03:33,847][com.java.TestType] [  485] - 2
[INFO ][2015-12-03 19:03:33,847][com.java.TestType] [  480] -  str(2) = 1
[INFO ][2015-12-03 19:03:33,847][com.java.TestType] [  532] - row values are--------{1=com.java.Objects.TestDataDetails@356b5b}
[INFO ][2015-12-03 19:03:33,847][com.java.TestType] [  480] -  str(1) = 2
[INFO ][2015-12-03 19:03:33,847][com.java.TestType] [  483] - Test case Id is---2
[INFO ][2015-12-03 19:03:33,847][com.java.TestType] [  485] - 2
[INFO ][2015-12-03 19:03:33,847][com.java.TestType] [  480] -  str(2) = 2
[INFO ][2015-12-03 19:03:33,847][com.java.TestType] [  532] - row values are--------{1=com.java.Objects.TestDataDetails@356b5b, 2=com.java.Objects.TestDataDetails@1ea181b}
[INFO ][2015-12-03 19:03:33,847][com.java.TestType] [  480] -  str(1) = 2
[INFO ][2015-12-03 19:03:33,847][com.java.TestType] [  483] - Test case Id is---2
[INFO ][2015-12-03 19:03:33,847][com.java.TestType] [  485] - 2
[INFO ][2015-12-03 19:03:33,847][com.java.TestType] [  480] -  str(2) = 3
[INFO ][2015-12-03 19:03:33,847][com.java.TestType] [  532] - row values are--------{1=com.java.Objects.TestDataDetails@356b5b, 2=com.java.Objects.TestDataDetails@1ea181b, 3=com.java.Objects.TestDataDetails@1e8f4b9}
[INFO ][2015-12-03 19:03:33,847][com.java.TestType] [ 9866] - Looping 1TCID = 2
[DEBUG][2015-12-03 19:03:33,847][com.java.TestType] [ 9907] - Concept ID:2 :: Step being Executed: 2::1
[INFO ][2015-12-03 19:03:33,847][com.java.TestType] [ 9945] - dataFields : BNK//select[@id='bank']
[DEBUG][2015-12-03 19:03:33,847][com.java.TestType] [ 9951] - <In Set values of the page>
[DEBUG][2015-12-03 19:03:33,847][com.java.TestType] [ 9956] - {Data Fields & Data Values Exist}
[INFO ][2015-12-03 19:03:33,847][com.java.TestType] [ 9962] - --------------------------setting values-----------------------------
[INFO ][2015-12-03 19:03:33,847][com.java.TestType] [ 9965] - Action Type : Select
[INFO ][2015-12-03 19:03:33,847][com.java.TestType] [ 5367] - value = PFC
[INFO ][2015-12-03 19:03:34,037][com.java.TestType] [ 9984] -  RESULT true
[INFO ][2015-12-03 19:03:34,037][com.java.TestType] [10101] - ?   P A S S   ?
[DEBUG][2015-12-03 19:03:34,037][com.java.TestType] [ 9907] - Concept ID:2 :: Step being Executed: 2::2
[INFO ][2015-12-03 19:03:34,037][com.java.TestType] [ 9945] - dataFields : LNKLogout
[DEBUG][2015-12-03 19:03:34,037][com.java.TestType] [ 9951] - <In Set values of the page>
[DEBUG][2015-12-03 19:03:34,037][com.java.TestType] [ 9956] - {Data Fields & Data Values Exist}
[INFO ][2015-12-03 19:03:34,037][com.java.TestType] [ 9962] - --------------------------setting values-----------------------------
[INFO ][2015-12-03 19:03:34,037][com.java.TestType] [ 9965] - Action Type : WaitTime
[DEBUG][2015-12-03 19:03:34,037][com.java.TestType] [ 5187] - sleepTime: 5000
[INFO ][2015-12-03 19:03:39,037][com.java.TestType] [ 9984] -  RESULT true
[INFO ][2015-12-03 19:03:39,037][com.java.TestType] [10101] - ?   P A S S   ?
[INFO ][2015-12-03 19:03:39,037][com.java.TestType] [10172] - Looping End......
[INFO ][2015-12-03 19:03:39,037][com.java.SeleniumDriver] [  877] -  RESULT true
[INFO ][2015-12-03 19:03:39,037][com.java.SeleniumDriver] [ 1083] - ?   P A S S   ?
[INFO ][2015-12-03 19:03:39,037][com.java.SeleniumDriver] [  804] - ------------------------------------------
[INFO ][2015-12-03 19:03:39,037][com.java.SeleniumDriver] [  805] - Test case being Executed: 2
[INFO ][2015-12-03 19:03:39,037][com.java.SeleniumDriver] [  816] - Test step:4
[INFO ][2015-12-03 19:03:39,037][com.java.SeleniumDriver] [  828] - Datavalue is----------null
[DEBUG][2015-12-03 19:03:39,037][com.java.SeleniumDriver] [  846] - Exception: null
[INFO ][2015-12-03 19:03:39,037][com.java.SeleniumDriver] [  852] - DataField : //span[@class='icon-stats']&&//a[@data-id="Forecasting"]
[INFO ][2015-12-03 19:03:39,037][com.java.SeleniumDriver] [  854] - DataValue : 
[INFO ][2015-12-03 19:03:39,037][com.java.SeleniumDriver] [  860] - <In Set values of the page>
[INFO ][2015-12-03 19:03:39,037][com.java.SeleniumDriver] [  863] - {Data Fields & Data Values Exist}
[INFO ][2015-12-03 19:03:39,037][com.java.SeleniumDriver] [  865] - --------------------------setting values-----------------------------
[INFO ][2015-12-03 19:03:39,037][com.java.SeleniumDriver] [  868] - Action Type : MOUSEOVER
[INFO ][2015-12-03 19:04:02,332][com.java.SeleniumDriver] [  877] -  RESULT true
[INFO ][2015-12-03 19:04:02,332][com.java.SeleniumDriver] [ 1083] - ?   P A S S   ?
[INFO ][2015-12-03 19:04:02,332][com.java.SeleniumDriver] [  804] - ------------------------------------------
[INFO ][2015-12-03 19:04:02,332][com.java.SeleniumDriver] [  805] - Test case being Executed: 2
[INFO ][2015-12-03 19:04:02,332][com.java.SeleniumDriver] [  816] - Test step:5
[INFO ][2015-12-03 19:04:02,332][com.java.SeleniumDriver] [  828] - Datavalue is----------5
[INFO ][2015-12-03 19:04:02,332][com.java.SeleniumDriver] [  852] - DataField : null
[INFO ][2015-12-03 19:04:02,332][com.java.SeleniumDriver] [  854] - DataValue : 5
[INFO ][2015-12-03 19:04:02,332][com.java.SeleniumDriver] [  860] - <In Set values of the page>
[INFO ][2015-12-03 19:04:02,332][com.java.SeleniumDriver] [  863] - {Data Fields & Data Values Exist}
[INFO ][2015-12-03 19:04:02,332][com.java.SeleniumDriver] [  865] - --------------------------setting values-----------------------------
[INFO ][2015-12-03 19:04:02,332][com.java.SeleniumDriver] [  868] - Action Type : WAITTIME
[DEBUG][2015-12-03 19:04:02,332][com.java.TestType] [ 5187] - sleepTime: 5000
[INFO ][2015-12-03 19:04:07,333][com.java.SeleniumDriver] [  877] -  RESULT true
[INFO ][2015-12-03 19:04:07,333][com.java.SeleniumDriver] [ 1083] - ?   P A S S   ?
[INFO ][2015-12-03 19:04:07,333][com.java.SeleniumDriver] [  804] - ------------------------------------------
[INFO ][2015-12-03 19:04:07,333][com.java.SeleniumDriver] [  805] - Test case being Executed: 2
[INFO ][2015-12-03 19:04:07,333][com.java.SeleniumDriver] [  816] - Test step:6
[INFO ][2015-12-03 19:04:07,333][com.java.SeleniumDriver] [  828] - Datavalue is----------Forecasting 
[INFO ][2015-12-03 19:04:07,333][com.java.SeleniumDriver] [  852] - DataField : TTL
[INFO ][2015-12-03 19:04:07,333][com.java.SeleniumDriver] [  854] - DataValue : Forecasting 
[INFO ][2015-12-03 19:04:07,333][com.java.SeleniumDriver] [  860] - <In Set values of the page>
[INFO ][2015-12-03 19:04:07,333][com.java.SeleniumDriver] [  863] - {Data Fields & Data Values Exist}
[INFO ][2015-12-03 19:04:07,333][com.java.SeleniumDriver] [  865] - --------------------------setting values-----------------------------
[INFO ][2015-12-03 19:04:07,333][com.java.SeleniumDriver] [  868] - Action Type : SELECTWINDOW
[INFO ][2015-12-03 19:04:19,874][com.java.SeleniumDriver] [  877] -  RESULT true
[INFO ][2015-12-03 19:04:19,874][com.java.SeleniumDriver] [ 1083] - ?   P A S S   ?
[INFO ][2015-12-03 19:04:19,874][com.java.SeleniumDriver] [  804] - ------------------------------------------
[INFO ][2015-12-03 19:04:19,874][com.java.SeleniumDriver] [  805] - Test case being Executed: 2
[INFO ][2015-12-03 19:04:19,874][com.java.SeleniumDriver] [  816] - Test step:7
[INFO ][2015-12-03 19:04:19,874][com.java.SeleniumDriver] [  828] - Datavalue is----------null
[DEBUG][2015-12-03 19:04:19,874][com.java.SeleniumDriver] [  846] - Exception: null
[INFO ][2015-12-03 19:04:19,874][com.java.SeleniumDriver] [  852] - DataField : BTNframeDialogContent
[INFO ][2015-12-03 19:04:19,874][com.java.SeleniumDriver] [  854] - DataValue : 
[INFO ][2015-12-03 19:04:19,874][com.java.SeleniumDriver] [  860] - <In Set values of the page>
[INFO ][2015-12-03 19:04:19,874][com.java.SeleniumDriver] [  863] - {Data Fields & Data Values Exist}
[INFO ][2015-12-03 19:04:19,874][com.java.SeleniumDriver] [  865] - --------------------------setting values-----------------------------
[INFO ][2015-12-03 19:04:19,874][com.java.SeleniumDriver] [  868] - Action Type : WAITFORELEMENT
[INFO ][2015-12-03 19:04:20,955][com.java.SeleniumDriver] [  877] -  RESULT true
[INFO ][2015-12-03 19:04:20,955][com.java.SeleniumDriver] [ 1083] - ?   P A S S   ?
[INFO ][2015-12-03 19:04:20,955][com.java.SeleniumDriver] [  804] - ------------------------------------------
[INFO ][2015-12-03 19:04:20,955][com.java.SeleniumDriver] [  805] - Test case being Executed: 2
[INFO ][2015-12-03 19:04:20,955][com.java.SeleniumDriver] [  816] - Test step:8
[INFO ][2015-12-03 19:04:20,955][com.java.SeleniumDriver] [  828] - Datavalue is----------Forecasting 
[INFO ][2015-12-03 19:04:20,955][com.java.SeleniumDriver] [  852] - DataField : XPH//span[contains(text(),'Forecasting')]
[INFO ][2015-12-03 19:04:20,955][com.java.SeleniumDriver] [  854] - DataValue : Forecasting 
[INFO ][2015-12-03 19:04:20,955][com.java.SeleniumDriver] [  860] - <In Set values of the page>
[INFO ][2015-12-03 19:04:20,955][com.java.SeleniumDriver] [  863] - {Data Fields & Data Values Exist}
[INFO ][2015-12-03 19:04:20,955][com.java.SeleniumDriver] [  865] - --------------------------setting values-----------------------------
[INFO ][2015-12-03 19:04:20,955][com.java.SeleniumDriver] [  868] - Action Type : VERIFY
[INFO ][2015-12-03 19:04:20,955][com.java.TestType] [ 6558] - field= XPH//span[contains(text(),'Forecasting')] value= Forecasting 
[INFO ][2015-12-03 19:04:20,955][com.java.TestType] [ 5367] - value = Forecasting 
[INFO ][2015-12-03 19:04:21,066][com.java.SeleniumDriver] [  877] -  RESULT true
[INFO ][2015-12-03 19:04:21,066][com.java.SeleniumDriver] [ 1083] - ?   P A S S   ?
[INFO ][2015-12-03 19:04:21,066][com.java.SeleniumDriver] [  804] - ------------------------------------------
[INFO ][2015-12-03 19:04:21,066][com.java.SeleniumDriver] [  805] - Test case being Executed: 2
[INFO ][2015-12-03 19:04:21,066][com.java.SeleniumDriver] [  816] - Test step:9
[INFO ][2015-12-03 19:04:21,066][com.java.SeleniumDriver] [  828] - Datavalue is----------null
[DEBUG][2015-12-03 19:04:21,066][com.java.SeleniumDriver] [  846] - Exception: null
[INFO ][2015-12-03 19:04:21,066][com.java.SeleniumDriver] [  852] - DataField : BTNframeDialogContent
[INFO ][2015-12-03 19:04:21,066][com.java.SeleniumDriver] [  854] - DataValue : 
[INFO ][2015-12-03 19:04:21,066][com.java.SeleniumDriver] [  860] - <In Set values of the page>
[INFO ][2015-12-03 19:04:21,066][com.java.SeleniumDriver] [  863] - {Data Fields & Data Values Exist}
[INFO ][2015-12-03 19:04:21,066][com.java.SeleniumDriver] [  865] - --------------------------setting values-----------------------------
[INFO ][2015-12-03 19:04:21,066][com.java.SeleniumDriver] [  868] - Action Type : SELECTFRAME
[INFO ][2015-12-03 19:04:22,177][com.java.SeleniumDriver] [  877] -  RESULT true
[INFO ][2015-12-03 19:04:22,177][com.java.SeleniumDriver] [ 1083] - ?   P A S S   ?
[INFO ][2015-12-03 19:04:22,177][com.java.SeleniumDriver] [  804] - ------------------------------------------
[INFO ][2015-12-03 19:04:22,177][com.java.SeleniumDriver] [  805] - Test case being Executed: 2
[INFO ][2015-12-03 19:04:22,177][com.java.SeleniumDriver] [  816] - Test step:10
[INFO ][2015-12-03 19:04:22,177][com.java.SeleniumDriver] [  828] - Datavalue is----------2
[INFO ][2015-12-03 19:04:22,177][com.java.SeleniumDriver] [  852] - DataField : BTNddlProjects
[INFO ][2015-12-03 19:04:22,177][com.java.SeleniumDriver] [  854] - DataValue : 2
[INFO ][2015-12-03 19:04:22,177][com.java.SeleniumDriver] [  860] - <In Set values of the page>
[INFO ][2015-12-03 19:04:22,177][com.java.SeleniumDriver] [  863] - {Data Fields & Data Values Exist}
[INFO ][2015-12-03 19:04:22,177][com.java.SeleniumDriver] [  865] - --------------------------setting values-----------------------------
[INFO ][2015-12-03 19:04:22,177][com.java.SeleniumDriver] [  868] - Action Type : WAITFORELEMENT
[INFO ][2015-12-03 19:04:23,207][com.java.SeleniumDriver] [  877] -  RESULT true
[INFO ][2015-12-03 19:04:23,207][com.java.SeleniumDriver] [ 1083] - ?   P A S S   ?
[INFO ][2015-12-03 19:04:23,207][com.java.SeleniumDriver] [  804] - ------------------------------------------
[INFO ][2015-12-03 19:04:23,207][com.java.SeleniumDriver] [  805] - Test case being Executed: 2
[INFO ][2015-12-03 19:04:23,207][com.java.SeleniumDriver] [  816] - Test step:11
[INFO ][2015-12-03 19:04:23,207][com.java.SeleniumDriver] [  828] - Datavalue is----------index:1
[INFO ][2015-12-03 19:04:23,207][com.java.SeleniumDriver] [  852] - DataField : COBddlProjects1
[INFO ][2015-12-03 19:04:23,207][com.java.SeleniumDriver] [  854] - DataValue : index:1
[INFO ][2015-12-03 19:04:23,207][com.java.SeleniumDriver] [  860] - <In Set values of the page>
[INFO ][2015-12-03 19:04:23,207][com.java.SeleniumDriver] [  863] - {Data Fields & Data Values Exist}
[INFO ][2015-12-03 19:04:23,207][com.java.SeleniumDriver] [  865] - --------------------------setting values-----------------------------
[INFO ][2015-12-03 19:04:23,207][com.java.SeleniumDriver] [  868] - Action Type : SELECT
[INFO ][2015-12-03 19:04:23,207][com.java.TestType] [ 5367] - value = 1
[ERROR][2015-12-03 19:04:39,498][com.java.TestType] [ 5581] - Unable to perform Action Select null
[INFO ][2015-12-03 19:04:39,498][com.java.SeleniumDriver] [  877] -  RESULT false
[INFO ][2015-12-03 19:04:39,498][com.java.SeleniumDriver] [  924] - ?   F A I L   ?
[INFO ][2015-12-03 19:04:39,498][com.java.SeleniumDriver] [  932] - Browser Type : IE10
[INFO ][2015-12-03 19:04:39,498][com.java.SeleniumDriver] [  933] - Adding Failed case2
[INFO ][2015-12-03 19:04:40,089][com.java.SeleniumDriver] [ 1047] - failedCases = 2
[ERROR][2015-12-03 19:04:40,089][com.java.SeleniumDriver] [ 1544] - Platform Errors : Our apologies...::We have encountered an issue with your request.::Our apologies?:We encountered an issue with your request.
[INFO ][2015-12-03 19:04:40,089][com.java.SeleniumDriver] [ 1548] - Length =3
[ERROR][2015-12-03 19:04:40,089][com.java.SeleniumDriver] [ 1551] - Error 0 = Our apologies...
[ERROR][2015-12-03 19:04:40,109][com.java.SeleniumDriver] [ 1551] - Error 1 = We have encountered an issue with your request.
[ERROR][2015-12-03 19:04:40,119][com.java.SeleniumDriver] [ 1551] - Error 2 = Our apologies?:We encountered an issue with your request.
[INFO ][2015-12-03 19:04:40,129][com.java.SeleniumDriver] [ 1562] - strError:
[DEBUG][2015-12-03 19:04:40,139][com.java.SeleniumDriver] [ 1195] - Case found
[DEBUG][2015-12-03 19:04:40,139][com.java.SeleniumDriver] [ 1200] - Incrementing ReportCounters[0]:2
[INFO ][2015-12-03 19:04:40,139][com.java.SeleniumDriver] [ 1219] - The results are-------------------[2, 11, Projectioans: Forecasting, Fail, 
Test case failed at Step No. :: 11   Error Message ::  Option ::1:: not found in Combo box :: ddlProjects1. Screen Shot : D:\BankersDashboard\TestReports\120315\2_120315_190439_IE10.png, Thu Dec 03 19:04:40 IST 2015]
[INFO ][2015-12-03 19:04:40,139][com.java.SeleniumDriver] [ 1223] - End time is-------2 min 1 sec
[INFO ][2015-12-03 19:04:40,139][com.java.SeleniumDriver] [ 1224] - The results are-------------------[2, 11, Projectioans: Forecasting, Fail, 
Test case failed at Step No. :: 11   Error Message ::  Option ::1:: not found in Combo box :: ddlProjects1. Screen Shot : D:\BankersDashboard\TestReports\120315\2_120315_190439_IE10.png, Thu Dec 03 19:04:40 IST 2015]
[DEBUG][2015-12-03 19:04:40,139][com.java.ImportnExport.ExportTestResultsExcel] [  222] - testResultPath = D:\BankersDashboard/TestReports/Test Results_BankersDashBoard_120315_190240_IE10_Bank of North Carolina.xls
[DEBUG][2015-12-03 19:04:40,139][com.java.ImportnExport.ExportTestResultsExcel] [  223] - browser is------------IE10
[DEBUG][2015-12-03 19:04:40,139][com.java.ImportnExport.ExportTestResultsExcel] [  270] - result.size() = 6
[DEBUG][2015-12-03 19:04:40,139][com.java.ImportnExport.ExportTestResultsExcel] [  274] - No of rows in sheet=2
[DEBUG][2015-12-03 19:04:40,139][com.java.ImportnExport.ExportTestResultsExcel] [  301] - ..in export..2
[DEBUG][2015-12-03 19:04:40,139][com.java.ImportnExport.ExportTestResultsExcel] [  301] - ..in export..Projectioans: Forecasting
[DEBUG][2015-12-03 19:04:40,139][com.java.ImportnExport.ExportTestResultsExcel] [  301] - ..in export..Fail
[DEBUG][2015-12-03 19:04:40,139][com.java.ImportnExport.ExportTestResultsExcel] [  301] - ..in export..
Test case failed at Step No. :: 11   Error Message ::  Option ::1:: not found in Combo box :: ddlProjects1. Screen Shot : D:\BankersDashboard\TestReports\120315\2_120315_190439_IE10.png
[DEBUG][2015-12-03 19:04:40,139][com.java.ImportnExport.ExportTestResultsExcel] [  301] - ..in export..Thu Dec 03 19:04:40 IST 2015
[INFO ][2015-12-03 19:04:40,139][com.java.SeleniumDriver] [ 1282] - out loop:1 size:3 TestCases:[1, 2, 3] testcases:[1, 2, 3]
[INFO ][2015-12-03 19:04:40,139][com.java.ImportnExport.ImportTestDataDetailsExcel] [   49] - test data details path===== D:\BankersDashboard\TestInputs\TestData.xls
[INFO ][2015-12-03 19:04:59,035][com.java.SeleniumDriver] [  804] - ------------------------------------------
[INFO ][2015-12-03 19:04:59,035][com.java.SeleniumDriver] [  805] - Test case being Executed: 3
[INFO ][2015-12-03 19:04:59,035][com.java.SeleniumDriver] [  816] - Test step:1
[INFO ][2015-12-03 19:04:59,035][com.java.SeleniumDriver] [  828] - Datavalue is----------test
[INFO ][2015-12-03 19:04:59,035][com.java.SeleniumDriver] [  852] - DataField : test
[INFO ][2015-12-03 19:04:59,035][com.java.SeleniumDriver] [  854] - DataValue : test
[INFO ][2015-12-03 19:04:59,035][com.java.SeleniumDriver] [  860] - <In Set values of the page>
[INFO ][2015-12-03 19:04:59,035][com.java.SeleniumDriver] [  863] - {Data Fields & Data Values Exist}
[INFO ][2015-12-03 19:04:59,035][com.java.SeleniumDriver] [  865] - --------------------------setting values-----------------------------
[INFO ][2015-12-03 19:04:59,035][com.java.SeleniumDriver] [  868] - Action Type : SELECTMAINWINDOWANDCLOSEOTHER
[INFO ][2015-12-03 19:05:11,314][com.java.SeleniumDriver] [  877] -  RESULT true
[INFO ][2015-12-03 19:05:11,314][com.java.SeleniumDriver] [ 1083] - ?   P A S S   ?
[INFO ][2015-12-03 19:05:11,314][com.java.SeleniumDriver] [  804] - ------------------------------------------
[INFO ][2015-12-03 19:05:11,314][com.java.SeleniumDriver] [  805] - Test case being Executed: 3
[INFO ][2015-12-03 19:05:11,314][com.java.SeleniumDriver] [  816] - Test step:2
[INFO ][2015-12-03 19:05:11,314][com.java.SeleniumDriver] [  828] - Datavalue is----------Logout
[INFO ][2015-12-03 19:05:11,314][com.java.SeleniumDriver] [  852] - DataField : BTN
[INFO ][2015-12-03 19:05:11,314][com.java.SeleniumDriver] [  854] - DataValue : Logout
[INFO ][2015-12-03 19:05:11,314][com.java.SeleniumDriver] [  860] - <In Set values of the page>
[INFO ][2015-12-03 19:05:11,314][com.java.SeleniumDriver] [  863] - {Data Fields & Data Values Exist}
[INFO ][2015-12-03 19:05:11,314][com.java.SeleniumDriver] [  865] - --------------------------setting values-----------------------------
[INFO ][2015-12-03 19:05:11,314][com.java.SeleniumDriver] [  868] - Action Type : Verify
[INFO ][2015-12-03 19:05:11,314][com.java.TestType] [ 6558] - field= BTN value= Logout
[INFO ][2015-12-03 19:05:11,314][com.java.TestType] [ 5367] - value = Logout
[INFO ][2015-12-03 19:05:11,375][com.java.SeleniumDriver] [  877] -  RESULT true
[INFO ][2015-12-03 19:05:11,375][com.java.SeleniumDriver] [ 1083] - ?   P A S S   ?
[INFO ][2015-12-03 19:05:11,375][com.java.SeleniumDriver] [ 1125] - step change to 3
[INFO ][2015-12-03 19:05:11,375][com.java.SeleniumDriver] [  804] - ------------------------------------------
[INFO ][2015-12-03 19:05:11,375][com.java.SeleniumDriver] [  805] - Test case being Executed: 3
[INFO ][2015-12-03 19:05:11,375][com.java.SeleniumDriver] [  816] - Test step:3
[INFO ][2015-12-03 19:05:11,375][com.java.SeleniumDriver] [  828] - Datavalue is----------Concept#1:1-14
[INFO ][2015-12-03 19:05:11,375][com.java.SeleniumDriver] [  852] - DataField : test
[INFO ][2015-12-03 19:05:11,375][com.java.SeleniumDriver] [  854] - DataValue : Concept#1:1-14
[INFO ][2015-12-03 19:05:11,375][com.java.SeleniumDriver] [  860] - <In Set values of the page>
[INFO ][2015-12-03 19:05:11,375][com.java.SeleniumDriver] [  863] - {Data Fields & Data Values Exist}
[INFO ][2015-12-03 19:05:11,375][com.java.SeleniumDriver] [  865] - --------------------------setting values-----------------------------
[INFO ][2015-12-03 19:05:11,375][com.java.SeleniumDriver] [  868] - Action Type : ExecuteTestCase
[INFO ][2015-12-03 19:05:11,375][com.java.TestType] [  435] - The Concept sheet name is ---------- Concept
[INFO ][2015-12-03 19:05:11,375][com.java.TestType] [  438] - The Concept ID  is ---------- 1
[DEBUG][2015-12-03 19:05:11,375][com.java.TestType] [  442] - Steps being executted in the Concept are: 1:14
[INFO ][2015-12-03 19:05:11,375][com.java.TestType] [  449] - Test data details path ---------- D:\BankersDashboard\TestInputs\TestData.xls
[INFO ][2015-12-03 19:05:11,405][com.java.TestType] [  480] -  str(1) = 1
[INFO ][2015-12-03 19:05:11,405][com.java.TestType] [  483] - Test case Id is---1
[INFO ][2015-12-03 19:05:11,405][com.java.TestType] [  485] - 1
[INFO ][2015-12-03 19:05:11,405][com.java.TestType] [  480] -  str(2) = 1
[INFO ][2015-12-03 19:05:11,405][com.java.TestType] [  532] - row values are--------{1=com.java.Objects.TestDataDetails@8bba67}
[INFO ][2015-12-03 19:05:11,405][com.java.TestType] [  480] -  str(1) = 1
[INFO ][2015-12-03 19:05:11,405][com.java.TestType] [  483] - Test case Id is---1
[INFO ][2015-12-03 19:05:11,405][com.java.TestType] [  485] - 1
[INFO ][2015-12-03 19:05:11,405][com.java.TestType] [  480] -  str(2) = 2
[INFO ][2015-12-03 19:05:11,405][com.java.TestType] [  532] - row values are--------{1=com.java.Objects.TestDataDetails@8bba67, 2=com.java.Objects.TestDataDetails@1295e17}
[INFO ][2015-12-03 19:05:11,405][com.java.TestType] [  480] -  str(1) = 1
[INFO ][2015-12-03 19:05:11,405][com.java.TestType] [  483] - Test case Id is---1
[INFO ][2015-12-03 19:05:11,405][com.java.TestType] [  485] - 1
[INFO ][2015-12-03 19:05:11,405][com.java.TestType] [  480] -  str(2) = 3
[INFO ][2015-12-03 19:05:11,405][com.java.TestType] [  532] - row values are--------{1=com.java.Objects.TestDataDetails@8bba67, 2=com.java.Objects.TestDataDetails@1295e17, 3=com.java.Objects.TestDataDetails@6e7443}
[INFO ][2015-12-03 19:05:11,405][com.java.TestType] [  480] -  str(1) = 1
[INFO ][2015-12-03 19:05:11,405][com.java.TestType] [  483] - Test case Id is---1
[INFO ][2015-12-03 19:05:11,405][com.java.TestType] [  485] - 1
[INFO ][2015-12-03 19:05:11,405][com.java.TestType] [  480] -  str(2) = 4
[INFO ][2015-12-03 19:05:11,415][com.java.TestType] [  532] - row values are--------{1=com.java.Objects.TestDataDetails@8bba67, 2=com.java.Objects.TestDataDetails@1295e17, 3=com.java.Objects.TestDataDetails@6e7443, 4=com.java.Objects.TestDataDetails@58da92}
[INFO ][2015-12-03 19:05:11,415][com.java.TestType] [  480] -  str(1) = 1
[INFO ][2015-12-03 19:05:11,415][com.java.TestType] [  483] - Test case Id is---1
[INFO ][2015-12-03 19:05:11,415][com.java.TestType] [  485] - 1
[INFO ][2015-12-03 19:05:11,415][com.java.TestType] [  480] -  str(2) = 5
[INFO ][2015-12-03 19:05:11,415][com.java.TestType] [  532] - row values are--------{1=com.java.Objects.TestDataDetails@8bba67, 2=com.java.Objects.TestDataDetails@1295e17, 3=com.java.Objects.TestDataDetails@6e7443, 4=com.java.Objects.TestDataDetails@58da92, 5=com.java.Objects.TestDataDetails@19c25e8}
[INFO ][2015-12-03 19:05:11,415][com.java.TestType] [  480] -  str(1) = 1
[INFO ][2015-12-03 19:05:11,415][com.java.TestType] [  483] - Test case Id is---1
[INFO ][2015-12-03 19:05:11,415][com.java.TestType] [  485] - 1
[INFO ][2015-12-03 19:05:11,415][com.java.TestType] [  480] -  str(2) = 6
[INFO ][2015-12-03 19:05:11,415][com.java.TestType] [  532] - row values are--------{1=com.java.Objects.TestDataDetails@8bba67, 2=com.java.Objects.TestDataDetails@1295e17, 3=com.java.Objects.TestDataDetails@6e7443, 4=com.java.Objects.TestDataDetails@58da92, 5=com.java.Objects.TestDataDetails@19c25e8, 6=com.java.Objects.TestDataDetails@1360f8e}
[INFO ][2015-12-03 19:05:11,415][com.java.TestType] [  480] -  str(1) = 1
[INFO ][2015-12-03 19:05:11,415][com.java.TestType] [  483] - Test case Id is---1
[INFO ][2015-12-03 19:05:11,415][com.java.TestType] [  485] - 1
[INFO ][2015-12-03 19:05:11,415][com.java.TestType] [  480] -  str(2) = 7
[INFO ][2015-12-03 19:05:11,415][com.java.TestType] [  532] - row values are--------{1=com.java.Objects.TestDataDetails@8bba67, 2=com.java.Objects.TestDataDetails@1295e17, 3=com.java.Objects.TestDataDetails@6e7443, 4=com.java.Objects.TestDataDetails@58da92, 5=com.java.Objects.TestDataDetails@19c25e8, 6=com.java.Objects.TestDataDetails@1360f8e, 7=com.java.Objects.TestDataDetails@159640d}
[INFO ][2015-12-03 19:05:11,415][com.java.TestType] [  480] -  str(1) = 1
[INFO ][2015-12-03 19:05:11,415][com.java.TestType] [  483] - Test case Id is---1
[INFO ][2015-12-03 19:05:11,415][com.java.TestType] [  485] - 1
[INFO ][2015-12-03 19:05:11,415][com.java.TestType] [  480] -  str(2) = 8
[INFO ][2015-12-03 19:05:11,415][com.java.TestType] [  532] - row values are--------{1=com.java.Objects.TestDataDetails@8bba67, 2=com.java.Objects.TestDataDetails@1295e17, 3=com.java.Objects.TestDataDetails@6e7443, 4=com.java.Objects.TestDataDetails@58da92, 5=com.java.Objects.TestDataDetails@19c25e8, 6=com.java.Objects.TestDataDetails@1360f8e, 7=com.java.Objects.TestDataDetails@159640d, 8=com.java.Objects.TestDataDetails@55f7ac}
[INFO ][2015-12-03 19:05:11,415][com.java.TestType] [  480] -  str(1) = 1
[INFO ][2015-12-03 19:05:11,415][com.java.TestType] [  483] - Test case Id is---1
[INFO ][2015-12-03 19:05:11,415][com.java.TestType] [  485] - 1
[INFO ][2015-12-03 19:05:11,415][com.java.TestType] [  480] -  str(2) = 9
[INFO ][2015-12-03 19:05:11,415][com.java.TestType] [  532] - row values are--------{1=com.java.Objects.TestDataDetails@8bba67, 2=com.java.Objects.TestDataDetails@1295e17, 3=com.java.Objects.TestDataDetails@6e7443, 4=com.java.Objects.TestDataDetails@58da92, 5=com.java.Objects.TestDataDetails@19c25e8, 6=com.java.Objects.TestDataDetails@1360f8e, 7=com.java.Objects.TestDataDetails@159640d, 8=com.java.Objects.TestDataDetails@55f7ac, 9=com.java.Objects.TestDataDetails@140f67a}
[INFO ][2015-12-03 19:05:11,415][com.java.TestType] [  480] -  str(1) = 1
[INFO ][2015-12-03 19:05:11,415][com.java.TestType] [  483] - Test case Id is---1
[INFO ][2015-12-03 19:05:11,415][com.java.TestType] [  485] - 1
[INFO ][2015-12-03 19:05:11,415][com.java.TestType] [  480] -  str(2) = 10
[INFO ][2015-12-03 19:05:11,415][com.java.TestType] [  532] - row values are--------{1=com.java.Objects.TestDataDetails@8bba67, 2=com.java.Objects.TestDataDetails@1295e17, 3=com.java.Objects.TestDataDetails@6e7443, 4=com.java.Objects.TestDataDetails@58da92, 5=com.java.Objects.TestDataDetails@19c25e8, 6=com.java.Objects.TestDataDetails@1360f8e, 7=com.java.Objects.TestDataDetails@159640d, 8=com.java.Objects.TestDataDetails@55f7ac, 9=com.java.Objects.TestDataDetails@140f67a, 10=com.java.Objects.TestDataDetails@97e805}
[INFO ][2015-12-03 19:05:11,415][com.java.TestType] [  480] -  str(1) = 1
[INFO ][2015-12-03 19:05:11,415][com.java.TestType] [  483] - Test case Id is---1
[INFO ][2015-12-03 19:05:11,415][com.java.TestType] [  485] - 1
[INFO ][2015-12-03 19:05:11,415][com.java.TestType] [  480] -  str(2) = 11
[INFO ][2015-12-03 19:05:11,415][com.java.TestType] [  532] - row values are--------{1=com.java.Objects.TestDataDetails@8bba67, 2=com.java.Objects.TestDataDetails@1295e17, 3=com.java.Objects.TestDataDetails@6e7443, 4=com.java.Objects.TestDataDetails@58da92, 5=com.java.Objects.TestDataDetails@19c25e8, 6=com.java.Objects.TestDataDetails@1360f8e, 7=com.java.Objects.TestDataDetails@159640d, 8=com.java.Objects.TestDataDetails@55f7ac, 9=com.java.Objects.TestDataDetails@140f67a, 10=com.java.Objects.TestDataDetails@97e805, 11=com.java.Objects.TestDataDetails@801366}
[INFO ][2015-12-03 19:05:11,415][com.java.TestType] [  480] -  str(1) = 1
[INFO ][2015-12-03 19:05:11,415][com.java.TestType] [  483] - Test case Id is---1
[INFO ][2015-12-03 19:05:11,415][com.java.TestType] [  485] - 1
[INFO ][2015-12-03 19:05:11,415][com.java.TestType] [  480] -  str(2) = 12
[INFO ][2015-12-03 19:05:11,415][com.java.TestType] [  532] - row values are--------{1=com.java.Objects.TestDataDetails@8bba67, 2=com.java.Objects.TestDataDetails@1295e17, 3=com.java.Objects.TestDataDetails@6e7443, 4=com.java.Objects.TestDataDetails@58da92, 5=com.java.Objects.TestDataDetails@19c25e8, 6=com.java.Objects.TestDataDetails@1360f8e, 7=com.java.Objects.TestDataDetails@159640d, 8=com.java.Objects.TestDataDetails@55f7ac, 9=com.java.Objects.TestDataDetails@140f67a, 10=com.java.Objects.TestDataDetails@97e805, 11=com.java.Objects.TestDataDetails@801366, 12=com.java.Objects.TestDataDetails@49bbf7}
[INFO ][2015-12-03 19:05:11,415][com.java.TestType] [  480] -  str(1) = 1
[INFO ][2015-12-03 19:05:11,415][com.java.TestType] [  483] - Test case Id is---1
[INFO ][2015-12-03 19:05:11,415][com.java.TestType] [  485] - 1
[INFO ][2015-12-03 19:05:11,415][com.java.TestType] [  480] -  str(2) = 13
[INFO ][2015-12-03 19:05:11,415][com.java.TestType] [  532] - row values are--------{1=com.java.Objects.TestDataDetails@8bba67, 2=com.java.Objects.TestDataDetails@1295e17, 3=com.java.Objects.TestDataDetails@6e7443, 4=com.java.Objects.TestDataDetails@58da92, 5=com.java.Objects.TestDataDetails@19c25e8, 6=com.java.Objects.TestDataDetails@1360f8e, 7=com.java.Objects.TestDataDetails@159640d, 8=com.java.Objects.TestDataDetails@55f7ac, 9=com.java.Objects.TestDataDetails@140f67a, 10=com.java.Objects.TestDataDetails@97e805, 11=com.java.Objects.TestDataDetails@801366, 12=com.java.Objects.TestDataDetails@49bbf7, 13=com.java.Objects.TestDataDetails@1cbc124}
[INFO ][2015-12-03 19:05:11,415][com.java.TestType] [  480] -  str(1) = 1
[INFO ][2015-12-03 19:05:11,415][com.java.TestType] [  483] - Test case Id is---1
[INFO ][2015-12-03 19:05:11,415][com.java.TestType] [  485] - 1
[INFO ][2015-12-03 19:05:11,415][com.java.TestType] [  480] -  str(2) = 14
[INFO ][2015-12-03 19:05:11,425][com.java.TestType] [  532] - row values are--------{1=com.java.Objects.TestDataDetails@8bba67, 2=com.java.Objects.TestDataDetails@1295e17, 3=com.java.Objects.TestDataDetails@6e7443, 4=com.java.Objects.TestDataDetails@58da92, 5=com.java.Objects.TestDataDetails@19c25e8, 6=com.java.Objects.TestDataDetails@1360f8e, 7=com.java.Objects.TestDataDetails@159640d, 8=com.java.Objects.TestDataDetails@55f7ac, 9=com.java.Objects.TestDataDetails@140f67a, 10=com.java.Objects.TestDataDetails@97e805, 11=com.java.Objects.TestDataDetails@801366, 12=com.java.Objects.TestDataDetails@49bbf7, 13=com.java.Objects.TestDataDetails@1cbc124, 14=com.java.Objects.TestDataDetails@a8120f}
[INFO ][2015-12-03 19:05:11,425][com.java.TestType] [ 9866] - Looping 1TCID = 1
[DEBUG][2015-12-03 19:05:11,425][com.java.TestType] [ 9907] - Concept ID:1 :: Step being Executed: 1::1
[INFO ][2015-12-03 19:05:11,425][com.java.TestType] [ 9945] - dataFields : TXTusername
[DEBUG][2015-12-03 19:05:11,425][com.java.TestType] [ 9951] - <In Set values of the page>
[DEBUG][2015-12-03 19:05:11,425][com.java.TestType] [ 9956] - {Data Fields & Data Values Exist}
[INFO ][2015-12-03 19:05:11,425][com.java.TestType] [ 9962] - --------------------------setting values-----------------------------
[INFO ][2015-12-03 19:05:11,425][com.java.TestType] [ 9965] - Action Type : CLEARANDENTER
[INFO ][2015-12-03 19:05:11,425][com.java.TestType] [ 5367] - value = valuelabs.ie10.33527
[ERROR][2015-12-03 19:05:28,825][com.java.TestType] [ 6220] - Exception in clearAndEnter: null
[DEBUG][2015-12-03 19:05:28,825][com.java.TestType] [ 6224] - For ENTER action type the data field should be TXT
[INFO ][2015-12-03 19:05:28,825][com.java.TestType] [ 9984] -  RESULT false
[INFO ][2015-12-03 19:05:28,825][com.java.TestType] [10022] - ?   F A I L   ?
[DEBUG][2015-12-03 19:05:28,825][com.java.TestType] [10025] - Browser Type : IE10
[INFO ][2015-12-03 19:05:28,825][com.java.SeleniumDriver] [  877] -  RESULT false
[INFO ][2015-12-03 19:05:28,825][com.java.SeleniumDriver] [  924] - ?   F A I L   ?
[INFO ][2015-12-03 19:05:28,825][com.java.SeleniumDriver] [  932] - Browser Type : IE10
[INFO ][2015-12-03 19:05:28,825][com.java.SeleniumDriver] [  933] - Adding Failed case3
[INFO ][2015-12-03 19:05:29,426][com.java.SeleniumDriver] [ 1047] - failedCases = 2-3
[ERROR][2015-12-03 19:05:29,426][com.java.SeleniumDriver] [ 1544] - Platform Errors : Our apologies...::We have encountered an issue with your request.::Our apologies?:We encountered an issue with your request.
[INFO ][2015-12-03 19:05:29,426][com.java.SeleniumDriver] [ 1548] - Length =3
[ERROR][2015-12-03 19:05:29,426][com.java.SeleniumDriver] [ 1551] - Error 0 = Our apologies...
[ERROR][2015-12-03 19:05:29,616][com.java.SeleniumDriver] [ 1551] - Error 1 = We have encountered an issue with your request.
[ERROR][2015-12-03 19:05:29,666][com.java.SeleniumDriver] [ 1551] - Error 2 = Our apologies?:We encountered an issue with your request.
[INFO ][2015-12-03 19:05:29,706][com.java.SeleniumDriver] [ 1562] - strError:
[DEBUG][2015-12-03 19:05:29,726][com.java.SeleniumDriver] [ 1195] - Case found
[DEBUG][2015-12-03 19:05:29,726][com.java.SeleniumDriver] [ 1200] - Incrementing ReportCounters[0]:3
[INFO ][2015-12-03 19:05:29,726][com.java.SeleniumDriver] [ 1219] - The results are-------------------[3, 3, Copy to Forecast project, Fail, 
Test case failed at Step No. :: 3   Error Message ::  In CONCEPT: Test case failed at Step No. :: 1   Error Message ::  For ENTER action type the data field should be TXT. Screen Shot : D:\BankersDashboard\TestReports\120315\3_120315_190528_IE10.png, Thu Dec 03 19:05:29 IST 2015]
[INFO ][2015-12-03 19:05:29,726][com.java.SeleniumDriver] [ 1223] - End time is-------2 min 50 sec
[INFO ][2015-12-03 19:05:29,726][com.java.SeleniumDriver] [ 1224] - The results are-------------------[3, 3, Copy to Forecast project, Fail, 
Test case failed at Step No. :: 3   Error Message ::  In CONCEPT: Test case failed at Step No. :: 1   Error Message ::  For ENTER action type the data field should be TXT. Screen Shot : D:\BankersDashboard\TestReports\120315\3_120315_190528_IE10.png, Thu Dec 03 19:05:29 IST 2015]
[DEBUG][2015-12-03 19:05:29,726][com.java.ImportnExport.ExportTestResultsExcel] [  222] - testResultPath = D:\BankersDashboard/TestReports/Test Results_BankersDashBoard_120315_190240_IE10_Bank of North Carolina.xls
[DEBUG][2015-12-03 19:05:29,726][com.java.ImportnExport.ExportTestResultsExcel] [  223] - browser is------------IE10
[DEBUG][2015-12-03 19:05:29,726][com.java.ImportnExport.ExportTestResultsExcel] [  270] - result.size() = 6
[DEBUG][2015-12-03 19:05:29,726][com.java.ImportnExport.ExportTestResultsExcel] [  274] - No of rows in sheet=3
[DEBUG][2015-12-03 19:05:29,726][com.java.ImportnExport.ExportTestResultsExcel] [  301] - ..in export..3
[DEBUG][2015-12-03 19:05:29,726][com.java.ImportnExport.ExportTestResultsExcel] [  301] - ..in export..Copy to Forecast project
[DEBUG][2015-12-03 19:05:29,726][com.java.ImportnExport.ExportTestResultsExcel] [  301] - ..in export..Fail
[DEBUG][2015-12-03 19:05:29,726][com.java.ImportnExport.ExportTestResultsExcel] [  301] - ..in export..
Test case failed at Step No. :: 3   Error Message ::  In CONCEPT: Test case failed at Step No. :: 1   Error Message ::  For ENTER action type the data field should be TXT. Screen Shot : D:\BankersDashboard\TestReports\120315\3_120315_190528_IE10.png
[DEBUG][2015-12-03 19:05:29,726][com.java.ImportnExport.ExportTestResultsExcel] [  301] - ..in export..Thu Dec 03 19:05:29 IST 2015
[INFO ][2015-12-03 19:05:29,726][com.java.SeleniumDriver] [ 1282] - out loop:2 size:3 TestCases:[1, 2, 3] testcases:[1, 2, 3]
[INFO ][2015-12-03 19:05:31,726][com.java.SeleniumDriver] [ 1325] - Total Number of Cases:3
[INFO ][2015-12-03 19:05:31,726][com.java.TemplateGenerator] [  302] - Executed:3
[INFO ][2015-12-03 19:05:31,726][com.java.TemplateGenerator] [  303] - Passed:1
[INFO ][2015-12-03 19:05:31,726][com.java.TemplateGenerator] [  304] - Failed:2
[INFO ][2015-12-03 19:05:31,726][com.java.TemplateGenerator] [  305] - Skipeed:0
[INFO ][2015-12-03 19:05:31,726][com.java.TemplateGenerator] [  306] - Application URL:https://clients-xuat.bankersdashboard.com
[INFO ][2015-12-03 19:05:31,726][com.java.TemplateGenerator] [  307] - Start Time:120315_190240
[INFO ][2015-12-03 19:05:31,726][com.java.TemplateGenerator] [  308] -  Creating HTML Report 
[ERROR][2015-12-03 19:05:31,726][com.java.TemplateGenerator] [  409] - Unparseable date: "Thu Dec 03 07:02:40 IST 2015"
[INFO ][2015-12-03 19:05:31,726][com.java.TemplateGenerator] [  654] -  Exporting case :: 1
[INFO ][2015-12-03 19:05:31,726][com.java.TemplateGenerator] [  654] -  Exporting case :: 2
[INFO ][2015-12-03 19:05:31,726][com.java.TemplateGenerator] [  654] -  Exporting case :: 3
[INFO ][2015-12-03 19:05:31,726][com.java.SeleniumDriver] [ 1374] - End Time:120315_190531
[INFO ][2015-12-03 19:05:31,726][com.java.SeleniumDriver] [ 1377] - Data in Test Execution Details:{1=PASS, 2=FAILTest case failed at Step No. :: 11   Error Message ::  Option ::1:: not found in Combo box :: ddlProjects1, 3=FAILTest case failed at Step No. :: 3   Error Message ::  In CONCEPT: Test case failed at Step No. :: 1   Error Message ::  For ENTER action type the data field should be TXT}
[INFO ][2015-12-03 19:05:31,726][com.java.SeleniumDriver] [ 1378] - Data in Failed Execution Deatils:{}
[INFO ][2015-12-03 19:05:31,726][com.java.SeleniumDriver] [ 1380] - ReportCounter:Total:3 :: PASS: 1 ::FAIL: 2
[INFO ][2015-12-03 19:05:31,726][com.java.SeleniumDriver] [ 1381] - FailedReportCounter:Total:0 :: PASS: 0 ::FAIL: 0
[INFO ][2015-12-03 19:05:31,727][com.java.EmailTestReport] [   63] - Sending report mail details:
[INFO ][2015-12-03 19:05:31,727][com.java.EmailTestReport] [   80] - Excel Report Path:D:\BankersDashboard/TestReports/Test Results_BankersDashBoard_120315_190240_IE10_Bank of North Carolina.xls
[INFO ][2015-12-03 19:05:31,727][com.java.EmailTestReport] [   81] - HTML Report Path:D:\BankersDashboard//TestReports//Test Results_BankersDashBoard_120315_190240_IE10_Bank of North Carolina.html
[INFO ][2015-12-03 19:05:31,727][com.java.EmailTestReport] [   82] - smtpHostName:mail01.valuelabs.com
[INFO ][2015-12-03 19:05:31,727][com.java.EmailTestReport] [   83] - Recipient:venkateswararao.gubbala@valuelabs.com;
[INFO ][2015-12-03 19:05:31,727][com.java.EmailTestReport] [   84] - From:venkateswararao.gubbala@valuelabs.com;
[INFO ][2015-12-03 19:05:31,727][com.java.EmailTestReport] [   85] - Subject:Deluxe Corp Bankers Dashboard Automation Test Report - Bank of North Carolina - IE10
[INFO ][2015-12-03 19:05:31,747][com.java.EmailTestReport] [  143] -  Added venkateswararao.gubbala@valuelabs.com
[INFO ][2015-12-03 19:05:34,887][com.java.SeleniumDriver] [  720] - quitting the browser 
[INFO ][2015-12-03 19:05:36,079][com.java.SeleniumDriver] [  264] - Execution Completed Stopping the thread
