[INFO ][2015-11-02 12:59:20,759][com.java.SeleniumDriver] [  213] - Execute Failed Casesfalse
[INFO ][2015-11-02 12:59:20,759][com.java.SeleniumDriver] [  214] - Browser: IE11
[INFO ][2015-11-02 12:59:20,759][com.java.SeleniumDriver] [  215] - [1, 6]
[INFO ][2015-11-02 12:59:20,760][com.java.SeleniumDriver] [  216] - Total TestCases:2
[INFO ][2015-11-02 12:59:20,760][com.java.SeleniumDriver] [  217] -  Reading Properties from Property File 
[DEBUG][2015-11-02 12:59:20,760][com.java.SeleniumDriver] [  238] - url : https://clients-xuat.bankersdashboard.com
[INFO ][2015-11-02 12:59:20,761][com.java.ImportnExport.ExportTestResultsExcel] [  116] - Time Stamp Mon Nov 02 12:59:20 IST 2015
[INFO ][2015-11-02 12:59:20,761][com.java.ImportnExport.ExportTestResultsExcel] [  175] - OUT FILE : D:\BankersDashboard/TestReports/Test Results_BankersDashBoard_110215_125920_IE11_Any Bank USA.xls
[INFO ][2015-11-02 12:59:20,790][com.java.ImportnExport.ExportTestResultsExcel] [  180] - Test Result file is created
[DEBUG][2015-11-02 12:59:20,894][com.java.SeleniumDriver] [  425] - Hub ip address is-------172.17.68.34
[INFO ][2015-11-02 12:59:20,895][com.java.SeleniumDriver] [  451] - Grid URL:http://172.17.68.34:4444/wd/hub
[INFO ][2015-11-02 12:59:20,895][com.java.SeleniumDriver] [  452] - Capability:Capabilities [{platform=ANY, ensureCleanSession=true, ignoreProtectedModeSettings=true, acceptSslCerts=true, ignoreZoomSetting=true, browserName=internet explorer, browserstack.ie.noFlash=true, version=Node1}]
[ERROR][2015-11-02 12:59:22,204][com.java.SeleniumDriver] [  496] - Unable invoke browser in grid:Could not start a new session. Possible causes are invalid address of the remote server or browser start-up failure.
Build info: version: '2.48.2', revision: '41bccdd', time: '2015-10-09 19:59:12'
System info: host: 'FVTIII438F1D', ip: '172.17.68.34', os.name: 'Windows 7', os.arch: 'x86', os.version: '6.1', java.version: '1.7.0_55'
Driver info: driver.version: SeleniumDriver
[INFO ][2015-11-02 12:59:22,205][com.java.SeleniumDriver] [  498] - Executing on local machine
[INFO ][2015-11-02 12:59:31,215][com.java.SeleniumDriver] [  248] - IE11is opened
[INFO ][2015-11-02 12:59:32,074][com.java.SeleniumDriver] [  752] - Test cases to be executed are: [1, 6]
[INFO ][2015-11-02 12:59:32,074][com.java.ImportnExport.ImportTestDataDetailsExcel] [   49] - test data details path===== D:\BankersDashboard\TestInputs\TestData.xls
[INFO ][2015-11-02 12:59:43,073][com.java.SeleniumDriver] [  788] - ------------------------------------------
[INFO ][2015-11-02 12:59:43,073][com.java.SeleniumDriver] [  789] - Test case being Executed: 1
[INFO ][2015-11-02 12:59:43,089][com.java.SeleniumDriver] [  800] - Test step:1
[INFO ][2015-11-02 12:59:43,089][com.java.SeleniumDriver] [  812] - Datavalue is----------Concept#1:1-14
[INFO ][2015-11-02 12:59:43,089][com.java.SeleniumDriver] [  836] - DataField : test
[INFO ][2015-11-02 12:59:43,090][com.java.SeleniumDriver] [  838] - DataValue : Concept#1:1-14
[INFO ][2015-11-02 12:59:43,091][com.java.SeleniumDriver] [  844] - <In Set values of the page>
[INFO ][2015-11-02 12:59:43,091][com.java.SeleniumDriver] [  847] - {Data Fields & Data Values Exist}
[INFO ][2015-11-02 12:59:43,091][com.java.SeleniumDriver] [  849] - --------------------------setting values-----------------------------
[INFO ][2015-11-02 12:59:43,092][com.java.SeleniumDriver] [  852] - Action Type : ExecuteTestCase
[INFO ][2015-11-02 12:59:43,108][com.java.TestType] [  411] - The Concept sheet name is ---------- Concept
[INFO ][2015-11-02 12:59:43,108][com.java.TestType] [  414] - The Concept ID  is ---------- 1
[DEBUG][2015-11-02 12:59:43,108][com.java.TestType] [  418] - Steps being executted in the Concept are: 1:14
[INFO ][2015-11-02 12:59:43,109][com.java.TestType] [  425] - Test data details path ---------- D:\BankersDashboard\TestInputs\TestData.xls
[INFO ][2015-11-02 12:59:43,139][com.java.TestType] [  456] -  str(1) = 1
[INFO ][2015-11-02 12:59:43,139][com.java.TestType] [  459] - Test case Id is---1
[INFO ][2015-11-02 12:59:43,140][com.java.TestType] [  461] - 1
[INFO ][2015-11-02 12:59:43,140][com.java.TestType] [  456] -  str(2) = 1
[INFO ][2015-11-02 12:59:43,142][com.java.TestType] [  508] - row values are--------{1=com.java.Objects.TestDataDetails@118b6e2}
[INFO ][2015-11-02 12:59:43,142][com.java.TestType] [  456] -  str(1) = 1
[INFO ][2015-11-02 12:59:43,142][com.java.TestType] [  459] - Test case Id is---1
[INFO ][2015-11-02 12:59:43,143][com.java.TestType] [  461] - 1
[INFO ][2015-11-02 12:59:43,143][com.java.TestType] [  456] -  str(2) = 2
[INFO ][2015-11-02 12:59:43,146][com.java.TestType] [  508] - row values are--------{1=com.java.Objects.TestDataDetails@118b6e2, 2=com.java.Objects.TestDataDetails@1654df1}
[INFO ][2015-11-02 12:59:43,146][com.java.TestType] [  456] -  str(1) = 1
[INFO ][2015-11-02 12:59:43,146][com.java.TestType] [  459] - Test case Id is---1
[INFO ][2015-11-02 12:59:43,146][com.java.TestType] [  461] - 1
[INFO ][2015-11-02 12:59:43,146][com.java.TestType] [  456] -  str(2) = 3
[INFO ][2015-11-02 12:59:43,147][com.java.TestType] [  508] - row values are--------{1=com.java.Objects.TestDataDetails@118b6e2, 2=com.java.Objects.TestDataDetails@1654df1, 3=com.java.Objects.TestDataDetails@1ebe346}
[INFO ][2015-11-02 12:59:43,148][com.java.TestType] [  456] -  str(1) = 1
[INFO ][2015-11-02 12:59:43,148][com.java.TestType] [  459] - Test case Id is---1
[INFO ][2015-11-02 12:59:43,148][com.java.TestType] [  461] - 1
[INFO ][2015-11-02 12:59:43,148][com.java.TestType] [  456] -  str(2) = 4
[INFO ][2015-11-02 12:59:43,149][com.java.TestType] [  508] - row values are--------{1=com.java.Objects.TestDataDetails@118b6e2, 2=com.java.Objects.TestDataDetails@1654df1, 3=com.java.Objects.TestDataDetails@1ebe346, 4=com.java.Objects.TestDataDetails@a5031d}
[INFO ][2015-11-02 12:59:43,149][com.java.TestType] [  456] -  str(1) = 1
[INFO ][2015-11-02 12:59:43,149][com.java.TestType] [  459] - Test case Id is---1
[INFO ][2015-11-02 12:59:43,150][com.java.TestType] [  461] - 1
[INFO ][2015-11-02 12:59:43,150][com.java.TestType] [  456] -  str(2) = 5
[INFO ][2015-11-02 12:59:43,151][com.java.TestType] [  508] - row values are--------{1=com.java.Objects.TestDataDetails@118b6e2, 2=com.java.Objects.TestDataDetails@1654df1, 3=com.java.Objects.TestDataDetails@1ebe346, 4=com.java.Objects.TestDataDetails@a5031d, 5=com.java.Objects.TestDataDetails@3f09f4}
[INFO ][2015-11-02 12:59:43,151][com.java.TestType] [  456] -  str(1) = 1
[INFO ][2015-11-02 12:59:43,151][com.java.TestType] [  459] - Test case Id is---1
[INFO ][2015-11-02 12:59:43,151][com.java.TestType] [  461] - 1
[INFO ][2015-11-02 12:59:43,151][com.java.TestType] [  456] -  str(2) = 6
[INFO ][2015-11-02 12:59:43,152][com.java.TestType] [  508] - row values are--------{1=com.java.Objects.TestDataDetails@118b6e2, 2=com.java.Objects.TestDataDetails@1654df1, 3=com.java.Objects.TestDataDetails@1ebe346, 4=com.java.Objects.TestDataDetails@a5031d, 5=com.java.Objects.TestDataDetails@3f09f4, 6=com.java.Objects.TestDataDetails@7209a3}
[INFO ][2015-11-02 12:59:43,152][com.java.TestType] [  456] -  str(1) = 1
[INFO ][2015-11-02 12:59:43,152][com.java.TestType] [  459] - Test case Id is---1
[INFO ][2015-11-02 12:59:43,153][com.java.TestType] [  461] - 1
[INFO ][2015-11-02 12:59:43,153][com.java.TestType] [  456] -  str(2) = 7
[INFO ][2015-11-02 12:59:43,155][com.java.TestType] [  508] - row values are--------{1=com.java.Objects.TestDataDetails@118b6e2, 2=com.java.Objects.TestDataDetails@1654df1, 3=com.java.Objects.TestDataDetails@1ebe346, 4=com.java.Objects.TestDataDetails@a5031d, 5=com.java.Objects.TestDataDetails@3f09f4, 6=com.java.Objects.TestDataDetails@7209a3, 7=com.java.Objects.TestDataDetails@9156c3}
[INFO ][2015-11-02 12:59:43,155][com.java.TestType] [  456] -  str(1) = 1
[INFO ][2015-11-02 12:59:43,156][com.java.TestType] [  459] - Test case Id is---1
[INFO ][2015-11-02 12:59:43,156][com.java.TestType] [  461] - 1
[INFO ][2015-11-02 12:59:43,156][com.java.TestType] [  456] -  str(2) = 8
[INFO ][2015-11-02 12:59:43,157][com.java.TestType] [  508] - row values are--------{1=com.java.Objects.TestDataDetails@118b6e2, 2=com.java.Objects.TestDataDetails@1654df1, 3=com.java.Objects.TestDataDetails@1ebe346, 4=com.java.Objects.TestDataDetails@a5031d, 5=com.java.Objects.TestDataDetails@3f09f4, 6=com.java.Objects.TestDataDetails@7209a3, 7=com.java.Objects.TestDataDetails@9156c3, 8=com.java.Objects.TestDataDetails@62a8d2}
[INFO ][2015-11-02 12:59:43,157][com.java.TestType] [  456] -  str(1) = 1
[INFO ][2015-11-02 12:59:43,157][com.java.TestType] [  459] - Test case Id is---1
[INFO ][2015-11-02 12:59:43,157][com.java.TestType] [  461] - 1
[INFO ][2015-11-02 12:59:43,157][com.java.TestType] [  456] -  str(2) = 9
[INFO ][2015-11-02 12:59:43,158][com.java.TestType] [  508] - row values are--------{1=com.java.Objects.TestDataDetails@118b6e2, 2=com.java.Objects.TestDataDetails@1654df1, 3=com.java.Objects.TestDataDetails@1ebe346, 4=com.java.Objects.TestDataDetails@a5031d, 5=com.java.Objects.TestDataDetails@3f09f4, 6=com.java.Objects.TestDataDetails@7209a3, 7=com.java.Objects.TestDataDetails@9156c3, 8=com.java.Objects.TestDataDetails@62a8d2, 9=com.java.Objects.TestDataDetails@6d5af1}
[INFO ][2015-11-02 12:59:43,158][com.java.TestType] [  456] -  str(1) = 1
[INFO ][2015-11-02 12:59:43,158][com.java.TestType] [  459] - Test case Id is---1
[INFO ][2015-11-02 12:59:43,158][com.java.TestType] [  461] - 1
[INFO ][2015-11-02 12:59:43,159][com.java.TestType] [  456] -  str(2) = 10
[INFO ][2015-11-02 12:59:43,160][com.java.TestType] [  508] - row values are--------{1=com.java.Objects.TestDataDetails@118b6e2, 2=com.java.Objects.TestDataDetails@1654df1, 3=com.java.Objects.TestDataDetails@1ebe346, 4=com.java.Objects.TestDataDetails@a5031d, 5=com.java.Objects.TestDataDetails@3f09f4, 6=com.java.Objects.TestDataDetails@7209a3, 7=com.java.Objects.TestDataDetails@9156c3, 8=com.java.Objects.TestDataDetails@62a8d2, 9=com.java.Objects.TestDataDetails@6d5af1, 10=com.java.Objects.TestDataDetails@111c0d7}
[INFO ][2015-11-02 12:59:43,160][com.java.TestType] [  456] -  str(1) = 1
[INFO ][2015-11-02 12:59:43,160][com.java.TestType] [  459] - Test case Id is---1
[INFO ][2015-11-02 12:59:43,161][com.java.TestType] [  461] - 1
[INFO ][2015-11-02 12:59:43,161][com.java.TestType] [  456] -  str(2) = 11
[INFO ][2015-11-02 12:59:43,161][com.java.TestType] [  508] - row values are--------{1=com.java.Objects.TestDataDetails@118b6e2, 2=com.java.Objects.TestDataDetails@1654df1, 3=com.java.Objects.TestDataDetails@1ebe346, 4=com.java.Objects.TestDataDetails@a5031d, 5=com.java.Objects.TestDataDetails@3f09f4, 6=com.java.Objects.TestDataDetails@7209a3, 7=com.java.Objects.TestDataDetails@9156c3, 8=com.java.Objects.TestDataDetails@62a8d2, 9=com.java.Objects.TestDataDetails@6d5af1, 10=com.java.Objects.TestDataDetails@111c0d7, 11=com.java.Objects.TestDataDetails@dc8a29}
[INFO ][2015-11-02 12:59:43,162][com.java.TestType] [  456] -  str(1) = 1
[INFO ][2015-11-02 12:59:43,162][com.java.TestType] [  459] - Test case Id is---1
[INFO ][2015-11-02 12:59:43,162][com.java.TestType] [  461] - 1
[INFO ][2015-11-02 12:59:43,162][com.java.TestType] [  456] -  str(2) = 12
[INFO ][2015-11-02 12:59:43,163][com.java.TestType] [  508] - row values are--------{1=com.java.Objects.TestDataDetails@118b6e2, 2=com.java.Objects.TestDataDetails@1654df1, 3=com.java.Objects.TestDataDetails@1ebe346, 4=com.java.Objects.TestDataDetails@a5031d, 5=com.java.Objects.TestDataDetails@3f09f4, 6=com.java.Objects.TestDataDetails@7209a3, 7=com.java.Objects.TestDataDetails@9156c3, 8=com.java.Objects.TestDataDetails@62a8d2, 9=com.java.Objects.TestDataDetails@6d5af1, 10=com.java.Objects.TestDataDetails@111c0d7, 11=com.java.Objects.TestDataDetails@dc8a29, 12=com.java.Objects.TestDataDetails@1192410}
[INFO ][2015-11-02 12:59:43,163][com.java.TestType] [  456] -  str(1) = 1
[INFO ][2015-11-02 12:59:43,163][com.java.TestType] [  459] - Test case Id is---1
[INFO ][2015-11-02 12:59:43,163][com.java.TestType] [  461] - 1
[INFO ][2015-11-02 12:59:43,163][com.java.TestType] [  456] -  str(2) = 13
[INFO ][2015-11-02 12:59:43,164][com.java.TestType] [  508] - row values are--------{1=com.java.Objects.TestDataDetails@118b6e2, 2=com.java.Objects.TestDataDetails@1654df1, 3=com.java.Objects.TestDataDetails@1ebe346, 4=com.java.Objects.TestDataDetails@a5031d, 5=com.java.Objects.TestDataDetails@3f09f4, 6=com.java.Objects.TestDataDetails@7209a3, 7=com.java.Objects.TestDataDetails@9156c3, 8=com.java.Objects.TestDataDetails@62a8d2, 9=com.java.Objects.TestDataDetails@6d5af1, 10=com.java.Objects.TestDataDetails@111c0d7, 11=com.java.Objects.TestDataDetails@dc8a29, 12=com.java.Objects.TestDataDetails@1192410, 13=com.java.Objects.TestDataDetails@1eeb332}
[INFO ][2015-11-02 12:59:43,165][com.java.TestType] [  456] -  str(1) = 1
[INFO ][2015-11-02 12:59:43,165][com.java.TestType] [  459] - Test case Id is---1
[INFO ][2015-11-02 12:59:43,165][com.java.TestType] [  461] - 1
[INFO ][2015-11-02 12:59:43,165][com.java.TestType] [  456] -  str(2) = 14
[INFO ][2015-11-02 12:59:43,166][com.java.TestType] [  508] - row values are--------{1=com.java.Objects.TestDataDetails@118b6e2, 2=com.java.Objects.TestDataDetails@1654df1, 3=com.java.Objects.TestDataDetails@1ebe346, 4=com.java.Objects.TestDataDetails@a5031d, 5=com.java.Objects.TestDataDetails@3f09f4, 6=com.java.Objects.TestDataDetails@7209a3, 7=com.java.Objects.TestDataDetails@9156c3, 8=com.java.Objects.TestDataDetails@62a8d2, 9=com.java.Objects.TestDataDetails@6d5af1, 10=com.java.Objects.TestDataDetails@111c0d7, 11=com.java.Objects.TestDataDetails@dc8a29, 12=com.java.Objects.TestDataDetails@1192410, 13=com.java.Objects.TestDataDetails@1eeb332, 14=com.java.Objects.TestDataDetails@8ed249}
[INFO ][2015-11-02 12:59:43,166][com.java.TestType] [ 7898] - Looping 1TCID = 1
[DEBUG][2015-11-02 12:59:43,166][com.java.TestType] [ 7939] - Concept ID:1 :: Step being Executed: 1::1
[INFO ][2015-11-02 12:59:43,166][com.java.TestType] [ 7977] - dataFields : TXTusername
[DEBUG][2015-11-02 12:59:43,166][com.java.TestType] [ 7983] - <In Set values of the page>
[DEBUG][2015-11-02 12:59:43,166][com.java.TestType] [ 7988] - {Data Fields & Data Values Exist}
[INFO ][2015-11-02 12:59:43,166][com.java.TestType] [ 7994] - --------------------------setting values-----------------------------
[INFO ][2015-11-02 12:59:43,166][com.java.TestType] [ 7997] - Action Type : CLEARANDENTER
[INFO ][2015-11-02 12:59:43,166][com.java.TestType] [ 3749] - value = naresh.nayini.00000
[INFO ][2015-11-02 12:59:48,006][com.java.TestType] [ 8016] -  RESULT true
[INFO ][2015-11-02 12:59:48,006][com.java.TestType] [ 8133] - ?   P A S S   ?
[DEBUG][2015-11-02 12:59:48,007][com.java.TestType] [ 7939] - Concept ID:1 :: Step being Executed: 1::2
[INFO ][2015-11-02 12:59:48,007][com.java.TestType] [ 7977] - dataFields : TXTpassword
[DEBUG][2015-11-02 12:59:48,007][com.java.TestType] [ 7983] - <In Set values of the page>
[DEBUG][2015-11-02 12:59:48,007][com.java.TestType] [ 7988] - {Data Fields & Data Values Exist}
[INFO ][2015-11-02 12:59:48,007][com.java.TestType] [ 7994] - --------------------------setting values-----------------------------
[INFO ][2015-11-02 12:59:48,007][com.java.TestType] [ 7997] - Action Type : CLEARANDENTER
[INFO ][2015-11-02 12:59:48,007][com.java.TestType] [ 3749] - value = Password1*
[INFO ][2015-11-02 12:59:52,945][com.java.TestType] [ 8016] -  RESULT true
[INFO ][2015-11-02 12:59:52,945][com.java.TestType] [ 8133] - ?   P A S S   ?
[DEBUG][2015-11-02 12:59:52,945][com.java.TestType] [ 7939] - Concept ID:1 :: Step being Executed: 1::3
[ERROR][2015-11-02 12:59:52,945][com.java.TestType] [ 7972] - Exception: null
[INFO ][2015-11-02 12:59:52,945][com.java.TestType] [ 7977] - dataFields : XPH//button[@type='submit']
[DEBUG][2015-11-02 12:59:52,945][com.java.TestType] [ 7983] - <In Set values of the page>
[DEBUG][2015-11-02 12:59:52,945][com.java.TestType] [ 7988] - {Data Fields & Data Values Exist}
[INFO ][2015-11-02 12:59:52,946][com.java.TestType] [ 7994] - --------------------------setting values-----------------------------
[INFO ][2015-11-02 12:59:52,946][com.java.TestType] [ 7997] - Action Type : Click
[INFO ][2015-11-02 12:59:52,946][com.java.TestType] [ 4062] - Field ::XPH//button[@type='submit']
[INFO ][2015-11-02 12:59:53,946][com.java.TestType] [ 4121] - BEFORE CLICK
[INFO ][2015-11-02 12:59:54,817][com.java.TestType] [ 4129] - Unable to click the object Login
[INFO ][2015-11-02 12:59:54,817][com.java.TestType] [ 8016] -  RESULT true
[INFO ][2015-11-02 12:59:54,817][com.java.TestType] [ 8133] - ?   P A S S   ?
[DEBUG][2015-11-02 12:59:54,817][com.java.TestType] [ 7939] - Concept ID:1 :: Step being Executed: 1::4
[INFO ][2015-11-02 12:59:54,817][com.java.TestType] [ 7977] - dataFields : LNKLogout
[DEBUG][2015-11-02 12:59:54,817][com.java.TestType] [ 7983] - <In Set values of the page>
[DEBUG][2015-11-02 12:59:54,817][com.java.TestType] [ 7988] - {Data Fields & Data Values Exist}
[INFO ][2015-11-02 12:59:54,817][com.java.TestType] [ 7994] - --------------------------setting values-----------------------------
[INFO ][2015-11-02 12:59:54,817][com.java.TestType] [ 7997] - Action Type : WaitForElement
[INFO ][2015-11-02 13:00:03,465][com.java.TestType] [ 8016] -  RESULT true
[INFO ][2015-11-02 13:00:03,465][com.java.TestType] [ 8133] - ?   P A S S   ?
[DEBUG][2015-11-02 13:00:03,465][com.java.TestType] [ 7939] - Concept ID:1 :: Step being Executed: 1::13
[INFO ][2015-11-02 13:00:03,465][com.java.TestType] [ 7977] - dataFields : LGN
[DEBUG][2015-11-02 13:00:03,465][com.java.TestType] [ 7983] - <In Set values of the page>
[DEBUG][2015-11-02 13:00:03,466][com.java.TestType] [ 7988] - {Data Fields & Data Values Exist}
[INFO ][2015-11-02 13:00:03,466][com.java.TestType] [ 7994] - --------------------------setting values-----------------------------
[INFO ][2015-11-02 13:00:03,466][com.java.TestType] [ 7997] - Action Type : Verify
[INFO ][2015-11-02 13:00:03,466][com.java.TestType] [ 4875] - field= LGN value= Username
[INFO ][2015-11-02 13:00:03,467][com.java.TestType] [ 3749] - value = Username
[INFO ][2015-11-02 13:00:03,623][com.java.TestType] [ 8016] -  RESULT true
[INFO ][2015-11-02 13:00:03,623][com.java.TestType] [ 8133] - ?   P A S S   ?
[DEBUG][2015-11-02 13:00:03,623][com.java.TestType] [ 7939] - Concept ID:1 :: Step being Executed: 1::14
[INFO ][2015-11-02 13:00:03,623][com.java.TestType] [ 7977] - dataFields : BTN
[DEBUG][2015-11-02 13:00:03,623][com.java.TestType] [ 7983] - <In Set values of the page>
[DEBUG][2015-11-02 13:00:03,623][com.java.TestType] [ 7988] - {Data Fields & Data Values Exist}
[INFO ][2015-11-02 13:00:03,623][com.java.TestType] [ 7994] - --------------------------setting values-----------------------------
[INFO ][2015-11-02 13:00:03,623][com.java.TestType] [ 7997] - Action Type : Verify
[INFO ][2015-11-02 13:00:03,623][com.java.TestType] [ 4875] - field= BTN value= //img[contains(@src,'bdlogo.jpg')]
[INFO ][2015-11-02 13:00:03,624][com.java.TestType] [ 3749] - value = //img[contains(@src,'bdlogo.jpg')]
[INFO ][2015-11-02 13:00:03,668][com.java.TestType] [ 8016] -  RESULT true
[INFO ][2015-11-02 13:00:03,668][com.java.TestType] [ 8133] - ?   P A S S   ?
[INFO ][2015-11-02 13:00:03,668][com.java.TestType] [ 8204] - Looping End......
[INFO ][2015-11-02 13:00:03,672][com.java.SeleniumDriver] [  861] -  RESULT true
[INFO ][2015-11-02 13:00:03,672][com.java.SeleniumDriver] [ 1066] - ?   P A S S   ?
[INFO ][2015-11-02 13:00:03,673][com.java.SeleniumDriver] [  788] - ------------------------------------------
[INFO ][2015-11-02 13:00:03,673][com.java.SeleniumDriver] [  789] - Test case being Executed: 1
[INFO ][2015-11-02 13:00:03,673][com.java.SeleniumDriver] [  800] - Test step:2
[INFO ][2015-11-02 13:00:03,673][com.java.SeleniumDriver] [  812] - Datavalue is----------Concept#2:1-2
[INFO ][2015-11-02 13:00:03,673][com.java.SeleniumDriver] [  836] - DataField : test
[INFO ][2015-11-02 13:00:03,673][com.java.SeleniumDriver] [  838] - DataValue : Concept#2:1-2
[INFO ][2015-11-02 13:00:03,673][com.java.SeleniumDriver] [  844] - <In Set values of the page>
[INFO ][2015-11-02 13:00:03,673][com.java.SeleniumDriver] [  847] - {Data Fields & Data Values Exist}
[INFO ][2015-11-02 13:00:03,673][com.java.SeleniumDriver] [  849] - --------------------------setting values-----------------------------
[INFO ][2015-11-02 13:00:03,673][com.java.SeleniumDriver] [  852] - Action Type : ExecuteTestCase
[INFO ][2015-11-02 13:00:03,674][com.java.TestType] [  411] - The Concept sheet name is ---------- Concept
[INFO ][2015-11-02 13:00:03,674][com.java.TestType] [  414] - The Concept ID  is ---------- 2
[DEBUG][2015-11-02 13:00:03,674][com.java.TestType] [  418] - Steps being executted in the Concept are: 1:2
[INFO ][2015-11-02 13:00:03,674][com.java.TestType] [  425] - Test data details path ---------- D:\BankersDashboard\TestInputs\TestData.xls
[INFO ][2015-11-02 13:00:03,707][com.java.TestType] [  456] -  str(1) = 2
[INFO ][2015-11-02 13:00:03,708][com.java.TestType] [  459] - Test case Id is---2
[INFO ][2015-11-02 13:00:03,708][com.java.TestType] [  461] - 2
[INFO ][2015-11-02 13:00:03,708][com.java.TestType] [  456] -  str(2) = 1
[INFO ][2015-11-02 13:00:03,710][com.java.TestType] [  508] - row values are--------{1=com.java.Objects.TestDataDetails@1e3888a}
[INFO ][2015-11-02 13:00:03,710][com.java.TestType] [  456] -  str(1) = 2
[INFO ][2015-11-02 13:00:03,710][com.java.TestType] [  459] - Test case Id is---2
[INFO ][2015-11-02 13:00:03,710][com.java.TestType] [  461] - 2
[INFO ][2015-11-02 13:00:03,710][com.java.TestType] [  456] -  str(2) = 2
[INFO ][2015-11-02 13:00:03,711][com.java.TestType] [  508] - row values are--------{1=com.java.Objects.TestDataDetails@1e3888a, 2=com.java.Objects.TestDataDetails@11445d8}
[INFO ][2015-11-02 13:00:03,711][com.java.TestType] [  456] -  str(1) = 2
[INFO ][2015-11-02 13:00:03,711][com.java.TestType] [  459] - Test case Id is---2
[INFO ][2015-11-02 13:00:03,711][com.java.TestType] [  461] - 2
[INFO ][2015-11-02 13:00:03,711][com.java.TestType] [  456] -  str(2) = 3
[INFO ][2015-11-02 13:00:03,712][com.java.TestType] [  508] - row values are--------{1=com.java.Objects.TestDataDetails@1e3888a, 2=com.java.Objects.TestDataDetails@11445d8, 3=com.java.Objects.TestDataDetails@2084f1}
[INFO ][2015-11-02 13:00:03,712][com.java.TestType] [ 7898] - Looping 1TCID = 2
[DEBUG][2015-11-02 13:00:03,712][com.java.TestType] [ 7939] - Concept ID:2 :: Step being Executed: 2::1
[INFO ][2015-11-02 13:00:03,712][com.java.TestType] [ 7977] - dataFields : BNK//select[@id='bank']
[DEBUG][2015-11-02 13:00:03,712][com.java.TestType] [ 7983] - <In Set values of the page>
[DEBUG][2015-11-02 13:00:03,713][com.java.TestType] [ 7988] - {Data Fields & Data Values Exist}
[INFO ][2015-11-02 13:00:03,713][com.java.TestType] [ 7994] - --------------------------setting values-----------------------------
[INFO ][2015-11-02 13:00:03,713][com.java.TestType] [ 7997] - Action Type : Select
[INFO ][2015-11-02 13:00:03,713][com.java.TestType] [ 3749] - value = PFC
[INFO ][2015-11-02 13:00:03,927][com.java.TestType] [ 8016] -  RESULT true
[INFO ][2015-11-02 13:00:03,927][com.java.TestType] [ 8133] - ?   P A S S   ?
[DEBUG][2015-11-02 13:00:03,927][com.java.TestType] [ 7939] - Concept ID:2 :: Step being Executed: 2::2
[INFO ][2015-11-02 13:00:03,927][com.java.TestType] [ 7977] - dataFields : LNKLogout
[DEBUG][2015-11-02 13:00:03,927][com.java.TestType] [ 7983] - <In Set values of the page>
[DEBUG][2015-11-02 13:00:03,927][com.java.TestType] [ 7988] - {Data Fields & Data Values Exist}
[INFO ][2015-11-02 13:00:03,927][com.java.TestType] [ 7994] - --------------------------setting values-----------------------------
[INFO ][2015-11-02 13:00:03,927][com.java.TestType] [ 7997] - Action Type : WaitTime
[DEBUG][2015-11-02 13:00:03,928][com.java.TestType] [ 3653] - sleepTime: 5000
[INFO ][2015-11-02 13:00:08,928][com.java.TestType] [ 8016] -  RESULT true
[INFO ][2015-11-02 13:00:08,928][com.java.TestType] [ 8133] - ?   P A S S   ?
[INFO ][2015-11-02 13:00:08,928][com.java.TestType] [ 8204] - Looping End......
[INFO ][2015-11-02 13:00:08,932][com.java.SeleniumDriver] [  861] -  RESULT true
[INFO ][2015-11-02 13:00:08,932][com.java.SeleniumDriver] [ 1066] - ?   P A S S   ?
[INFO ][2015-11-02 13:00:08,932][com.java.SeleniumDriver] [  788] - ------------------------------------------
[INFO ][2015-11-02 13:00:08,932][com.java.SeleniumDriver] [  789] - Test case being Executed: 1
[INFO ][2015-11-02 13:00:08,932][com.java.SeleniumDriver] [  800] - Test step:3
[INFO ][2015-11-02 13:00:08,932][com.java.SeleniumDriver] [  812] - Datavalue is----------2
[INFO ][2015-11-02 13:00:08,932][com.java.SeleniumDriver] [  836] - DataField : XPH//button[contains(text(),'Add Content')]
[INFO ][2015-11-02 13:00:08,932][com.java.SeleniumDriver] [  838] - DataValue : 2
[INFO ][2015-11-02 13:00:08,932][com.java.SeleniumDriver] [  844] - <In Set values of the page>
[INFO ][2015-11-02 13:00:08,932][com.java.SeleniumDriver] [  847] - {Data Fields & Data Values Exist}
[INFO ][2015-11-02 13:00:08,933][com.java.SeleniumDriver] [  849] - --------------------------setting values-----------------------------
[INFO ][2015-11-02 13:00:08,933][com.java.SeleniumDriver] [  852] - Action Type : WAITFORELEMENT
[INFO ][2015-11-02 13:00:08,966][com.java.SeleniumDriver] [  861] -  RESULT true
[INFO ][2015-11-02 13:00:08,966][com.java.SeleniumDriver] [ 1066] - ?   P A S S   ?
[DEBUG][2015-11-02 13:00:08,967][com.java.SeleniumDriver] [ 1168] - Case found
[DEBUG][2015-11-02 13:00:08,967][com.java.SeleniumDriver] [ 1173] - Incrementing ReportCounters[0]:1
[INFO ][2015-11-02 13:00:08,967][com.java.SeleniumDriver] [ 1192] - The results are-------------------[1, 1, Valid Login, Pass, , Mon Nov 02 13:00:03 IST 2015, 1, 2, Valid Login, Pass, , Mon Nov 02 13:00:08 IST 2015, 1, 3, Add Custom Calculation Indicator to Start Page, Pass, , Mon Nov 02 13:00:08 IST 2015]
[INFO ][2015-11-02 13:00:08,967][com.java.SeleniumDriver] [ 1196] - End time is-------50 sec
[INFO ][2015-11-02 13:00:08,967][com.java.SeleniumDriver] [ 1197] - The results are-------------------[1, 1, Valid Login, Pass, , Mon Nov 02 13:00:03 IST 2015, 1, 2, Valid Login, Pass, , Mon Nov 02 13:00:08 IST 2015, 1, 3, Add Custom Calculation Indicator to Start Page, Pass, , Mon Nov 02 13:00:08 IST 2015]
[DEBUG][2015-11-02 13:00:08,967][com.java.ImportnExport.ExportTestResultsExcel] [  222] - testResultPath = D:\BankersDashboard/TestReports/Test Results_BankersDashBoard_110215_125920_IE11_Any Bank USA.xls
[DEBUG][2015-11-02 13:00:08,967][com.java.ImportnExport.ExportTestResultsExcel] [  223] - browser is------------IE11
[DEBUG][2015-11-02 13:00:09,010][com.java.ImportnExport.ExportTestResultsExcel] [  270] - result.size() = 18
[DEBUG][2015-11-02 13:00:09,010][com.java.ImportnExport.ExportTestResultsExcel] [  274] - No of rows in sheet=1
[DEBUG][2015-11-02 13:00:09,010][com.java.ImportnExport.ExportTestResultsExcel] [  301] - ..in export..1
[DEBUG][2015-11-02 13:00:09,010][com.java.ImportnExport.ExportTestResultsExcel] [  301] - ..in export..Valid Login
[DEBUG][2015-11-02 13:00:09,012][com.java.ImportnExport.ExportTestResultsExcel] [  301] - ..in export..Pass
[DEBUG][2015-11-02 13:00:09,012][com.java.ImportnExport.ExportTestResultsExcel] [  301] - ..in export..
[DEBUG][2015-11-02 13:00:09,012][com.java.ImportnExport.ExportTestResultsExcel] [  301] - ..in export..Mon Nov 02 13:00:03 IST 2015
[INFO ][2015-11-02 13:00:09,014][com.java.SeleniumDriver] [ 1255] - out loop:0 size:2 TestCases:[1, 6] testcases:[1, 6]
[INFO ][2015-11-02 13:00:09,014][com.java.ImportnExport.ImportTestDataDetailsExcel] [   49] - test data details path===== D:\BankersDashboard\TestInputs\TestData.xls
[INFO ][2015-11-02 13:00:27,785][com.java.SeleniumDriver] [  788] - ------------------------------------------
[INFO ][2015-11-02 13:00:27,785][com.java.SeleniumDriver] [  789] - Test case being Executed: 6
[INFO ][2015-11-02 13:00:27,785][com.java.SeleniumDriver] [  800] - Test step:1
[INFO ][2015-11-02 13:00:27,785][com.java.SeleniumDriver] [  812] - Datavalue is----------Logout
[INFO ][2015-11-02 13:00:27,785][com.java.SeleniumDriver] [  836] - DataField : BTN
[INFO ][2015-11-02 13:00:27,785][com.java.SeleniumDriver] [  838] - DataValue : Logout
[INFO ][2015-11-02 13:00:27,785][com.java.SeleniumDriver] [  844] - <In Set values of the page>
[INFO ][2015-11-02 13:00:27,785][com.java.SeleniumDriver] [  847] - {Data Fields & Data Values Exist}
[INFO ][2015-11-02 13:00:27,785][com.java.SeleniumDriver] [  849] - --------------------------setting values-----------------------------
[INFO ][2015-11-02 13:00:27,785][com.java.SeleniumDriver] [  852] - Action Type : Verify
[INFO ][2015-11-02 13:00:27,785][com.java.TestType] [ 4875] - field= BTN value= Logout
[INFO ][2015-11-02 13:00:27,786][com.java.TestType] [ 3749] - value = Logout
[INFO ][2015-11-02 13:00:27,952][com.java.SeleniumDriver] [  861] -  RESULT true
[INFO ][2015-11-02 13:00:27,952][com.java.SeleniumDriver] [ 1066] - ?   P A S S   ?
[INFO ][2015-11-02 13:00:27,952][com.java.SeleniumDriver] [ 1108] - step change to 3
[INFO ][2015-11-02 13:00:27,952][com.java.SeleniumDriver] [  788] - ------------------------------------------
[INFO ][2015-11-02 13:00:27,952][com.java.SeleniumDriver] [  789] - Test case being Executed: 6
[INFO ][2015-11-02 13:00:27,952][com.java.SeleniumDriver] [  800] - Test step:3
[INFO ][2015-11-02 13:00:27,953][com.java.SeleniumDriver] [  812] - Datavalue is----------2
[INFO ][2015-11-02 13:00:27,953][com.java.SeleniumDriver] [  836] - DataField : XPH//span[@class='icon-stack']
[INFO ][2015-11-02 13:00:27,953][com.java.SeleniumDriver] [  838] - DataValue : 2
[INFO ][2015-11-02 13:00:27,953][com.java.SeleniumDriver] [  844] - <In Set values of the page>
[INFO ][2015-11-02 13:00:27,953][com.java.SeleniumDriver] [  847] - {Data Fields & Data Values Exist}
[INFO ][2015-11-02 13:00:27,953][com.java.SeleniumDriver] [  849] - --------------------------setting values-----------------------------
[INFO ][2015-11-02 13:00:27,953][com.java.SeleniumDriver] [  852] - Action Type : WAITFORELEMENT
[INFO ][2015-11-02 13:00:28,046][com.java.SeleniumDriver] [  861] -  RESULT true
[INFO ][2015-11-02 13:00:28,047][com.java.SeleniumDriver] [ 1066] - ?   P A S S   ?
[INFO ][2015-11-02 13:00:28,047][com.java.SeleniumDriver] [  788] - ------------------------------------------
[INFO ][2015-11-02 13:00:28,047][com.java.SeleniumDriver] [  789] - Test case being Executed: 6
[INFO ][2015-11-02 13:00:28,047][com.java.SeleniumDriver] [  800] - Test step:4
[INFO ][2015-11-02 13:00:28,047][com.java.SeleniumDriver] [  812] - Datavalue is----------null
[DEBUG][2015-11-02 13:00:28,047][com.java.SeleniumDriver] [  830] - Exception: null
[INFO ][2015-11-02 13:00:28,047][com.java.SeleniumDriver] [  836] - DataField : //span[@class='icon-stack']&&//li[@data-id='RunPackage']/a
[INFO ][2015-11-02 13:00:28,047][com.java.SeleniumDriver] [  838] - DataValue : 
[INFO ][2015-11-02 13:00:28,047][com.java.SeleniumDriver] [  844] - <In Set values of the page>
[INFO ][2015-11-02 13:00:28,047][com.java.SeleniumDriver] [  847] - {Data Fields & Data Values Exist}
[INFO ][2015-11-02 13:00:28,047][com.java.SeleniumDriver] [  849] - --------------------------setting values-----------------------------
[INFO ][2015-11-02 13:00:28,047][com.java.SeleniumDriver] [  852] - Action Type : MOUSEOVER
[INFO ][2015-11-02 13:00:39,183][com.java.SeleniumDriver] [  861] -  RESULT true
[INFO ][2015-11-02 13:00:39,183][com.java.SeleniumDriver] [ 1066] - ?   P A S S   ?
[INFO ][2015-11-02 13:00:39,183][com.java.SeleniumDriver] [  788] - ------------------------------------------
[INFO ][2015-11-02 13:00:39,183][com.java.SeleniumDriver] [  789] - Test case being Executed: 6
[INFO ][2015-11-02 13:00:39,183][com.java.SeleniumDriver] [  800] - Test step:5
[INFO ][2015-11-02 13:00:39,184][com.java.SeleniumDriver] [  812] - Datavalue is----------3
[INFO ][2015-11-02 13:00:39,184][com.java.SeleniumDriver] [  836] - DataField : BTNdivHelpText
[INFO ][2015-11-02 13:00:39,184][com.java.SeleniumDriver] [  838] - DataValue : 3
[INFO ][2015-11-02 13:00:39,184][com.java.SeleniumDriver] [  844] - <In Set values of the page>
[INFO ][2015-11-02 13:00:39,184][com.java.SeleniumDriver] [  847] - {Data Fields & Data Values Exist}
[INFO ][2015-11-02 13:00:39,184][com.java.SeleniumDriver] [  849] - --------------------------setting values-----------------------------
[INFO ][2015-11-02 13:00:39,184][com.java.SeleniumDriver] [  852] - Action Type : WAITFORELEMENT
[INFO ][2015-11-02 13:00:40,407][com.java.SeleniumDriver] [  861] -  RESULT true
[INFO ][2015-11-02 13:00:40,407][com.java.SeleniumDriver] [ 1066] - ?   P A S S   ?
[INFO ][2015-11-02 13:00:40,409][com.java.SeleniumDriver] [  788] - ------------------------------------------
[INFO ][2015-11-02 13:00:40,409][com.java.SeleniumDriver] [  789] - Test case being Executed: 6
[INFO ][2015-11-02 13:00:40,409][com.java.SeleniumDriver] [  800] - Test step:6
[INFO ][2015-11-02 13:00:40,409][com.java.SeleniumDriver] [  812] - Datavalue is----------Run Report Package
[INFO ][2015-11-02 13:00:40,409][com.java.SeleniumDriver] [  836] - DataField : XPH//span[contains(text(),'Run Report Package')]
[INFO ][2015-11-02 13:00:40,409][com.java.SeleniumDriver] [  838] - DataValue : Run Report Package
[INFO ][2015-11-02 13:00:40,409][com.java.SeleniumDriver] [  844] - <In Set values of the page>
[INFO ][2015-11-02 13:00:40,409][com.java.SeleniumDriver] [  847] - {Data Fields & Data Values Exist}
[INFO ][2015-11-02 13:00:40,409][com.java.SeleniumDriver] [  849] - --------------------------setting values-----------------------------
[INFO ][2015-11-02 13:00:40,409][com.java.SeleniumDriver] [  852] - Action Type : VERIFY
[INFO ][2015-11-02 13:00:40,409][com.java.TestType] [ 4875] - field= XPH//span[contains(text(),'Run Report Package')] value= Run Report Package
[INFO ][2015-11-02 13:00:40,409][com.java.TestType] [ 3749] - value = Run Report Package
[INFO ][2015-11-02 13:00:40,517][com.java.SeleniumDriver] [  861] -  RESULT true
[INFO ][2015-11-02 13:00:40,517][com.java.SeleniumDriver] [ 1066] - ?   P A S S   ?
[INFO ][2015-11-02 13:00:40,517][com.java.SeleniumDriver] [  788] - ------------------------------------------
[INFO ][2015-11-02 13:00:40,517][com.java.SeleniumDriver] [  789] - Test case being Executed: 6
[INFO ][2015-11-02 13:00:40,517][com.java.SeleniumDriver] [  800] - Test step:7
[INFO ][2015-11-02 13:00:40,517][com.java.SeleniumDriver] [  812] - Datavalue is----------null
[DEBUG][2015-11-02 13:00:40,517][com.java.SeleniumDriver] [  830] - Exception: null
[INFO ][2015-11-02 13:00:40,517][com.java.SeleniumDriver] [  836] - DataField : BTNframeDialogContent
[INFO ][2015-11-02 13:00:40,518][com.java.SeleniumDriver] [  838] - DataValue : 
[INFO ][2015-11-02 13:00:40,518][com.java.SeleniumDriver] [  844] - <In Set values of the page>
[INFO ][2015-11-02 13:00:40,518][com.java.SeleniumDriver] [  847] - {Data Fields & Data Values Exist}
[INFO ][2015-11-02 13:00:40,518][com.java.SeleniumDriver] [  849] - --------------------------setting values-----------------------------
[INFO ][2015-11-02 13:00:40,518][com.java.SeleniumDriver] [  852] - Action Type : SELECTFRAME
[INFO ][2015-11-02 13:00:41,772][com.java.SeleniumDriver] [  861] -  RESULT true
[INFO ][2015-11-02 13:00:41,772][com.java.SeleniumDriver] [ 1066] - ?   P A S S   ?
[INFO ][2015-11-02 13:00:41,772][com.java.SeleniumDriver] [  788] - ------------------------------------------
[INFO ][2015-11-02 13:00:41,772][com.java.SeleniumDriver] [  789] - Test case being Executed: 6
[INFO ][2015-11-02 13:00:41,772][com.java.SeleniumDriver] [  800] - Test step:8
[INFO ][2015-11-02 13:00:41,774][com.java.SeleniumDriver] [  812] - Datavalue is----------index:1
[INFO ][2015-11-02 13:00:41,774][com.java.SeleniumDriver] [  836] - DataField : COBddlPackage
[INFO ][2015-11-02 13:00:41,774][com.java.SeleniumDriver] [  838] - DataValue : index:1
[INFO ][2015-11-02 13:00:41,774][com.java.SeleniumDriver] [  844] - <In Set values of the page>
[INFO ][2015-11-02 13:00:41,774][com.java.SeleniumDriver] [  847] - {Data Fields & Data Values Exist}
[INFO ][2015-11-02 13:00:41,774][com.java.SeleniumDriver] [  849] - --------------------------setting values-----------------------------
[INFO ][2015-11-02 13:00:41,774][com.java.SeleniumDriver] [  852] - Action Type : SELECT
[INFO ][2015-11-02 13:00:41,774][com.java.TestType] [ 3749] - value = 1
[INFO ][2015-11-02 13:00:42,891][com.java.TestType] [ 3867] -  In COB ddlPackage : 1
[INFO ][2015-11-02 13:00:43,094][com.java.SeleniumDriver] [  861] -  RESULT true
[INFO ][2015-11-02 13:00:43,094][com.java.SeleniumDriver] [ 1066] - ?   P A S S   ?
[INFO ][2015-11-02 13:00:43,094][com.java.SeleniumDriver] [  788] - ------------------------------------------
[INFO ][2015-11-02 13:00:43,094][com.java.SeleniumDriver] [  789] - Test case being Executed: 6
[INFO ][2015-11-02 13:00:43,094][com.java.SeleniumDriver] [  800] - Test step:9
[INFO ][2015-11-02 13:00:43,094][com.java.SeleniumDriver] [  812] - Datavalue is----------null
[DEBUG][2015-11-02 13:00:43,094][com.java.SeleniumDriver] [  830] - Exception: null
[INFO ][2015-11-02 13:00:43,094][com.java.SeleniumDriver] [  836] - DataField : XPH//div[@id='ChkBxLstProfitCenter']/input
[INFO ][2015-11-02 13:00:43,094][com.java.SeleniumDriver] [  838] - DataValue : 
[INFO ][2015-11-02 13:00:43,095][com.java.SeleniumDriver] [  844] - <In Set values of the page>
[INFO ][2015-11-02 13:00:43,095][com.java.SeleniumDriver] [  847] - {Data Fields & Data Values Exist}
[INFO ][2015-11-02 13:00:43,095][com.java.SeleniumDriver] [  849] - --------------------------setting values-----------------------------
[INFO ][2015-11-02 13:00:43,095][com.java.SeleniumDriver] [  852] - Action Type : CLICK
[INFO ][2015-11-02 13:00:43,095][com.java.TestType] [ 4062] - Field ::XPH//div[@id='ChkBxLstProfitCenter']/input
[INFO ][2015-11-02 13:00:44,095][com.java.TestType] [ 4121] - BEFORE CLICK
[INFO ][2015-11-02 13:00:44,857][com.java.TestType] [ 4129] - Unable to click the object Profit Centers>>Consolidated check box
[INFO ][2015-11-02 13:00:44,858][com.java.SeleniumDriver] [  861] -  RESULT true
[INFO ][2015-11-02 13:00:44,858][com.java.SeleniumDriver] [ 1066] - ?   P A S S   ?
[INFO ][2015-11-02 13:00:44,858][com.java.SeleniumDriver] [  788] - ------------------------------------------
[INFO ][2015-11-02 13:00:44,858][com.java.SeleniumDriver] [  789] - Test case being Executed: 6
[INFO ][2015-11-02 13:00:44,858][com.java.SeleniumDriver] [  800] - Test step:10
[INFO ][2015-11-02 13:00:44,858][com.java.SeleniumDriver] [  812] - Datavalue is----------index:1
[INFO ][2015-11-02 13:00:44,858][com.java.SeleniumDriver] [  836] - DataField : COBddlDate
[INFO ][2015-11-02 13:00:44,858][com.java.SeleniumDriver] [  838] - DataValue : index:1
[INFO ][2015-11-02 13:00:44,858][com.java.SeleniumDriver] [  844] - <In Set values of the page>
[INFO ][2015-11-02 13:00:44,858][com.java.SeleniumDriver] [  847] - {Data Fields & Data Values Exist}
[INFO ][2015-11-02 13:00:44,858][com.java.SeleniumDriver] [  849] - --------------------------setting values-----------------------------
[INFO ][2015-11-02 13:00:44,858][com.java.SeleniumDriver] [  852] - Action Type : SELECT
[INFO ][2015-11-02 13:00:44,859][com.java.TestType] [ 3749] - value = 1
[INFO ][2015-11-02 13:00:45,984][com.java.TestType] [ 3867] -  In COB ddlDate : 1
[INFO ][2015-11-02 13:00:46,352][com.java.SeleniumDriver] [  861] -  RESULT true
[INFO ][2015-11-02 13:00:46,352][com.java.SeleniumDriver] [ 1066] - ?   P A S S   ?
[INFO ][2015-11-02 13:00:46,352][com.java.SeleniumDriver] [  788] - ------------------------------------------
[INFO ][2015-11-02 13:00:46,353][com.java.SeleniumDriver] [  789] - Test case being Executed: 6
[INFO ][2015-11-02 13:00:46,353][com.java.SeleniumDriver] [  800] - Test step:11
[INFO ][2015-11-02 13:00:46,353][com.java.SeleniumDriver] [  812] - Datavalue is----------null
[DEBUG][2015-11-02 13:00:46,353][com.java.SeleniumDriver] [  830] - Exception: null
[INFO ][2015-11-02 13:00:46,353][com.java.SeleniumDriver] [  836] - DataField : BTNrdoPDF
[INFO ][2015-11-02 13:00:46,353][com.java.SeleniumDriver] [  838] - DataValue : 
[INFO ][2015-11-02 13:00:46,353][com.java.SeleniumDriver] [  844] - <In Set values of the page>
[INFO ][2015-11-02 13:00:46,353][com.java.SeleniumDriver] [  847] - {Data Fields & Data Values Exist}
[INFO ][2015-11-02 13:00:46,353][com.java.SeleniumDriver] [  849] - --------------------------setting values-----------------------------
[INFO ][2015-11-02 13:00:46,353][com.java.SeleniumDriver] [  852] - Action Type : CLICK
[INFO ][2015-11-02 13:00:46,353][com.java.TestType] [ 4062] - Field ::BTNrdoPDF
[INFO ][2015-11-02 13:00:47,353][com.java.TestType] [ 4100] - BEFORE CLICK
[INFO ][2015-11-02 13:00:48,560][com.java.TestType] [ 4107] - Unable to click the object E-Mail radio button
[INFO ][2015-11-02 13:00:48,560][com.java.SeleniumDriver] [  861] -  RESULT true
[INFO ][2015-11-02 13:00:48,560][com.java.SeleniumDriver] [ 1066] - ?   P A S S   ?
[INFO ][2015-11-02 13:00:48,560][com.java.SeleniumDriver] [  788] - ------------------------------------------
[INFO ][2015-11-02 13:00:48,560][com.java.SeleniumDriver] [  789] - Test case being Executed: 6
[INFO ][2015-11-02 13:00:48,560][com.java.SeleniumDriver] [  800] - Test step:12
[INFO ][2015-11-02 13:00:48,560][com.java.SeleniumDriver] [  812] - Datavalue is----------null
[DEBUG][2015-11-02 13:00:48,560][com.java.SeleniumDriver] [  830] - Exception: null
[INFO ][2015-11-02 13:00:48,561][com.java.SeleniumDriver] [  836] - DataField : BTNparent
[INFO ][2015-11-02 13:00:48,561][com.java.SeleniumDriver] [  838] - DataValue : 
[INFO ][2015-11-02 13:00:48,561][com.java.SeleniumDriver] [  844] - <In Set values of the page>
[INFO ][2015-11-02 13:00:48,561][com.java.SeleniumDriver] [  847] - {Data Fields & Data Values Exist}
[INFO ][2015-11-02 13:00:48,561][com.java.SeleniumDriver] [  849] - --------------------------setting values-----------------------------
[INFO ][2015-11-02 13:00:48,561][com.java.SeleniumDriver] [  852] - Action Type : SELECTFRAME
[INFO ][2015-11-02 13:00:48,574][com.java.SeleniumDriver] [  861] -  RESULT true
[INFO ][2015-11-02 13:00:48,574][com.java.SeleniumDriver] [ 1066] - ?   P A S S   ?
[INFO ][2015-11-02 13:00:48,574][com.java.SeleniumDriver] [  788] - ------------------------------------------
[INFO ][2015-11-02 13:00:48,574][com.java.SeleniumDriver] [  789] - Test case being Executed: 6
[INFO ][2015-11-02 13:00:48,574][com.java.SeleniumDriver] [  800] - Test step:13
[INFO ][2015-11-02 13:00:48,574][com.java.SeleniumDriver] [  812] - Datavalue is----------null
[DEBUG][2015-11-02 13:00:48,574][com.java.SeleniumDriver] [  830] - Exception: null
[INFO ][2015-11-02 13:00:48,574][com.java.SeleniumDriver] [  836] - DataField : XPH//span[contains(text(),'Run Package')]
[INFO ][2015-11-02 13:00:48,574][com.java.SeleniumDriver] [  838] - DataValue : 
[INFO ][2015-11-02 13:00:48,575][com.java.SeleniumDriver] [  844] - <In Set values of the page>
[INFO ][2015-11-02 13:00:48,575][com.java.SeleniumDriver] [  847] - {Data Fields & Data Values Exist}
[INFO ][2015-11-02 13:00:48,575][com.java.SeleniumDriver] [  849] - --------------------------setting values-----------------------------
[INFO ][2015-11-02 13:00:48,575][com.java.SeleniumDriver] [  852] - Action Type : CLICK
[INFO ][2015-11-02 13:00:48,575][com.java.TestType] [ 4062] - Field ::XPH//span[contains(text(),'Run Package')]
[INFO ][2015-11-02 13:00:49,575][com.java.TestType] [ 4121] - BEFORE CLICK
[INFO ][2015-11-02 13:00:50,709][com.java.TestType] [ 4129] - Unable to click the object Run Package Button
[INFO ][2015-11-02 13:00:50,709][com.java.SeleniumDriver] [  861] -  RESULT true
[INFO ][2015-11-02 13:00:50,709][com.java.SeleniumDriver] [ 1066] - ?   P A S S   ?
[INFO ][2015-11-02 13:00:50,709][com.java.SeleniumDriver] [  788] - ------------------------------------------
[INFO ][2015-11-02 13:00:50,709][com.java.SeleniumDriver] [  789] - Test case being Executed: 6
[INFO ][2015-11-02 13:00:50,709][com.java.SeleniumDriver] [  800] - Test step:14
[INFO ][2015-11-02 13:00:50,709][com.java.SeleniumDriver] [  812] - Datavalue is----------null
[DEBUG][2015-11-02 13:00:50,709][com.java.SeleniumDriver] [  830] - Exception: null
[INFO ][2015-11-02 13:00:50,709][com.java.SeleniumDriver] [  836] - DataField : BTNframeDialogContent
[INFO ][2015-11-02 13:00:50,709][com.java.SeleniumDriver] [  838] - DataValue : 
[INFO ][2015-11-02 13:00:50,710][com.java.SeleniumDriver] [  844] - <In Set values of the page>
[INFO ][2015-11-02 13:00:50,710][com.java.SeleniumDriver] [  847] - {Data Fields & Data Values Exist}
[INFO ][2015-11-02 13:00:50,710][com.java.SeleniumDriver] [  849] - --------------------------setting values-----------------------------
[INFO ][2015-11-02 13:00:50,710][com.java.SeleniumDriver] [  852] - Action Type : SELECTFRAME
[INFO ][2015-11-02 13:00:51,985][com.java.SeleniumDriver] [  861] -  RESULT true
[INFO ][2015-11-02 13:00:51,985][com.java.SeleniumDriver] [ 1066] - ?   P A S S   ?
[INFO ][2015-11-02 13:00:51,985][com.java.SeleniumDriver] [  788] - ------------------------------------------
[INFO ][2015-11-02 13:00:51,985][com.java.SeleniumDriver] [  789] - Test case being Executed: 6
[INFO ][2015-11-02 13:00:51,985][com.java.SeleniumDriver] [  800] - Test step:15
[INFO ][2015-11-02 13:00:51,985][com.java.SeleniumDriver] [  812] - Datavalue is----------Your report package is currently being processed and will be emailed to you shortly
[INFO ][2015-11-02 13:00:51,985][com.java.SeleniumDriver] [  836] - DataField : MSG
[INFO ][2015-11-02 13:00:51,985][com.java.SeleniumDriver] [  838] - DataValue : Your report package is currently being processed and will be emailed to you shortly
[INFO ][2015-11-02 13:00:51,985][com.java.SeleniumDriver] [  844] - <In Set values of the page>
[INFO ][2015-11-02 13:00:51,985][com.java.SeleniumDriver] [  847] - {Data Fields & Data Values Exist}
[INFO ][2015-11-02 13:00:51,985][com.java.SeleniumDriver] [  849] - --------------------------setting values-----------------------------
[INFO ][2015-11-02 13:00:51,985][com.java.SeleniumDriver] [  852] - Action Type : VERIFY
[INFO ][2015-11-02 13:00:51,986][com.java.TestType] [ 4875] - field= MSG value= Your report package is currently being processed and will be emailed to you shortly
[INFO ][2015-11-02 13:00:51,986][com.java.TestType] [ 3749] - value = Your report package is currently being processed and will be emailed to you shortly
[DEBUG][2015-11-02 13:00:51,986][com.java.TestType] [ 5452] - value :: Your report package is currently being processed and will be emailed to you shortly
[INFO ][2015-11-02 13:00:52,011][com.java.SeleniumDriver] [  861] -  RESULT true
[INFO ][2015-11-02 13:00:52,011][com.java.SeleniumDriver] [ 1066] - ?   P A S S   ?
[INFO ][2015-11-02 13:00:52,011][com.java.SeleniumDriver] [  788] - ------------------------------------------
[INFO ][2015-11-02 13:00:52,011][com.java.SeleniumDriver] [  789] - Test case being Executed: 6
[INFO ][2015-11-02 13:00:52,011][com.java.SeleniumDriver] [  800] - Test step:16
[INFO ][2015-11-02 13:00:52,011][com.java.SeleniumDriver] [  812] - Datavalue is----------You may now close this window and continue working
[INFO ][2015-11-02 13:00:52,011][com.java.SeleniumDriver] [  836] - DataField : MSG
[INFO ][2015-11-02 13:00:52,012][com.java.SeleniumDriver] [  838] - DataValue : You may now close this window and continue working
[INFO ][2015-11-02 13:00:52,012][com.java.SeleniumDriver] [  844] - <In Set values of the page>
[INFO ][2015-11-02 13:00:52,012][com.java.SeleniumDriver] [  847] - {Data Fields & Data Values Exist}
[INFO ][2015-11-02 13:00:52,012][com.java.SeleniumDriver] [  849] - --------------------------setting values-----------------------------
[INFO ][2015-11-02 13:00:52,013][com.java.SeleniumDriver] [  852] - Action Type : VERIFY
[INFO ][2015-11-02 13:00:52,013][com.java.TestType] [ 4875] - field= MSG value= You may now close this window and continue working
[INFO ][2015-11-02 13:00:52,013][com.java.TestType] [ 3749] - value = You may now close this window and continue working
[DEBUG][2015-11-02 13:00:52,013][com.java.TestType] [ 5452] - value :: You may now close this window and continue working
[INFO ][2015-11-02 13:00:52,028][com.java.SeleniumDriver] [  861] -  RESULT true
[INFO ][2015-11-02 13:00:52,028][com.java.SeleniumDriver] [ 1066] - ?   P A S S   ?
[DEBUG][2015-11-02 13:00:52,028][com.java.SeleniumDriver] [ 1168] - Case found
[DEBUG][2015-11-02 13:00:52,028][com.java.SeleniumDriver] [ 1173] - Incrementing ReportCounters[0]:2
[INFO ][2015-11-02 13:00:52,028][com.java.SeleniumDriver] [ 1192] - The results are-------------------[6, 1, Report Package: Run Report Package to Email, Pass, , Mon Nov 02 13:00:27 IST 2015, 6, 3, Report Package: Run Report Package to Email, Pass, , Mon Nov 02 13:00:28 IST 2015, 6, 4, Report Package: Run Report Package to Email, Pass, , Mon Nov 02 13:00:39 IST 2015, 6, 5, Report Package: Run Report Package to Email, Pass, , Mon Nov 02 13:00:40 IST 2015, 6, 6, Report Package: Run Report Package to Email, Pass, , Mon Nov 02 13:00:40 IST 2015, 6, 7, Report Package: Run Report Package to Email, Pass, , Mon Nov 02 13:00:41 IST 2015, 6, 8, Report Package: Run Report Package to Email, Pass, , Mon Nov 02 13:00:43 IST 2015, 6, 9, Report Package: Run Report Package to Email, Pass, , Mon Nov 02 13:00:44 IST 2015, 6, 10, Report Package: Run Report Package to Email, Pass, , Mon Nov 02 13:00:46 IST 2015, 6, 11, Report Package: Run Report Package to Email, Pass, , Mon Nov 02 13:00:48 IST 2015, 6, 12, Report Package: Run Report Package to Email, Pass, , Mon Nov 02 13:00:48 IST 2015, 6, 13, Report Package: Run Report Package to Email, Pass, , Mon Nov 02 13:00:50 IST 2015, 6, 14, Report Package: Run Report Package to Email, Pass, , Mon Nov 02 13:00:51 IST 2015, 6, 15, Report Package: Run Report Package to Email, Pass, , Mon Nov 02 13:00:52 IST 2015, 6, 16, Report Package: Run Report Package to Email, Pass, , Mon Nov 02 13:00:52 IST 2015]
[INFO ][2015-11-02 13:00:52,028][com.java.SeleniumDriver] [ 1196] - End time is-------1 min 33 sec
[INFO ][2015-11-02 13:00:52,028][com.java.SeleniumDriver] [ 1197] - The results are-------------------[6, 1, Report Package: Run Report Package to Email, Pass, , Mon Nov 02 13:00:27 IST 2015, 6, 3, Report Package: Run Report Package to Email, Pass, , Mon Nov 02 13:00:28 IST 2015, 6, 4, Report Package: Run Report Package to Email, Pass, , Mon Nov 02 13:00:39 IST 2015, 6, 5, Report Package: Run Report Package to Email, Pass, , Mon Nov 02 13:00:40 IST 2015, 6, 6, Report Package: Run Report Package to Email, Pass, , Mon Nov 02 13:00:40 IST 2015, 6, 7, Report Package: Run Report Package to Email, Pass, , Mon Nov 02 13:00:41 IST 2015, 6, 8, Report Package: Run Report Package to Email, Pass, , Mon Nov 02 13:00:43 IST 2015, 6, 9, Report Package: Run Report Package to Email, Pass, , Mon Nov 02 13:00:44 IST 2015, 6, 10, Report Package: Run Report Package to Email, Pass, , Mon Nov 02 13:00:46 IST 2015, 6, 11, Report Package: Run Report Package to Email, Pass, , Mon Nov 02 13:00:48 IST 2015, 6, 12, Report Package: Run Report Package to Email, Pass, , Mon Nov 02 13:00:48 IST 2015, 6, 13, Report Package: Run Report Package to Email, Pass, , Mon Nov 02 13:00:50 IST 2015, 6, 14, Report Package: Run Report Package to Email, Pass, , Mon Nov 02 13:00:51 IST 2015, 6, 15, Report Package: Run Report Package to Email, Pass, , Mon Nov 02 13:00:52 IST 2015, 6, 16, Report Package: Run Report Package to Email, Pass, , Mon Nov 02 13:00:52 IST 2015]
[DEBUG][2015-11-02 13:00:52,028][com.java.ImportnExport.ExportTestResultsExcel] [  222] - testResultPath = D:\BankersDashboard/TestReports/Test Results_BankersDashBoard_110215_125920_IE11_Any Bank USA.xls
[DEBUG][2015-11-02 13:00:52,028][com.java.ImportnExport.ExportTestResultsExcel] [  223] - browser is------------IE11
[DEBUG][2015-11-02 13:00:52,031][com.java.ImportnExport.ExportTestResultsExcel] [  270] - result.size() = 90
[DEBUG][2015-11-02 13:00:52,031][com.java.ImportnExport.ExportTestResultsExcel] [  274] - No of rows in sheet=2
[DEBUG][2015-11-02 13:00:52,031][com.java.ImportnExport.ExportTestResultsExcel] [  301] - ..in export..6
[DEBUG][2015-11-02 13:00:52,031][com.java.ImportnExport.ExportTestResultsExcel] [  301] - ..in export..Report Package: Run Report Package to Email
[DEBUG][2015-11-02 13:00:52,031][com.java.ImportnExport.ExportTestResultsExcel] [  301] - ..in export..Pass
[DEBUG][2015-11-02 13:00:52,031][com.java.ImportnExport.ExportTestResultsExcel] [  301] - ..in export..
[DEBUG][2015-11-02 13:00:52,031][com.java.ImportnExport.ExportTestResultsExcel] [  301] - ..in export..Mon Nov 02 13:00:27 IST 2015
[INFO ][2015-11-02 13:00:52,032][com.java.SeleniumDriver] [ 1255] - out loop:1 size:2 TestCases:[1, 6] testcases:[1, 6]
[INFO ][2015-11-02 13:00:54,032][com.java.SeleniumDriver] [ 1297] - Total Number of Cases:2
[INFO ][2015-11-02 13:00:54,032][com.java.TemplateGenerator] [  302] - Executed:2
[INFO ][2015-11-02 13:00:54,032][com.java.TemplateGenerator] [  303] - Passed:2
[INFO ][2015-11-02 13:00:54,032][com.java.TemplateGenerator] [  304] - Failed:0
[INFO ][2015-11-02 13:00:54,032][com.java.TemplateGenerator] [  305] - Skipeed:0
[INFO ][2015-11-02 13:00:54,032][com.java.TemplateGenerator] [  306] - Application URL:https://clients-xuat.bankersdashboard.com
[INFO ][2015-11-02 13:00:54,032][com.java.TemplateGenerator] [  307] - Start Time:110215_125920
[INFO ][2015-11-02 13:00:54,032][com.java.TemplateGenerator] [  308] -  Creating HTML Report 
[ERROR][2015-11-02 13:00:54,033][com.java.TemplateGenerator] [  409] - Unparseable date: "Mon Nov 02 12:59:20 IST 2015"
[INFO ][2015-11-02 13:00:54,033][com.java.TemplateGenerator] [  654] -  Exporting case :: 1
[INFO ][2015-11-02 13:00:54,033][com.java.TemplateGenerator] [  654] -  Exporting case :: 6
[INFO ][2015-11-02 13:00:54,061][com.java.SeleniumDriver] [ 1346] - End Time:110215_130054
[INFO ][2015-11-02 13:00:54,061][com.java.SeleniumDriver] [ 1349] - Data in Test Execution Details:{1=PASS, 6=PASS}
[INFO ][2015-11-02 13:00:54,061][com.java.SeleniumDriver] [ 1350] - Data in Failed Execution Deatils:{}
[INFO ][2015-11-02 13:00:54,061][com.java.SeleniumDriver] [ 1352] - ReportCounter:Total:2 :: PASS: 2 ::FAIL: 0
[INFO ][2015-11-02 13:00:54,061][com.java.SeleniumDriver] [ 1353] - FailedReportCounter:Total:0 :: PASS: 0 ::FAIL: 0
[INFO ][2015-11-02 13:00:54,068][com.java.EmailTestReport] [   63] - Sending report mail details:
[INFO ][2015-11-02 13:00:54,069][com.java.EmailTestReport] [   80] - Excel Report Path:D:\BankersDashboard/TestReports/Test Results_BankersDashBoard_110215_125920_IE11_Any Bank USA.xls
[INFO ][2015-11-02 13:00:54,069][com.java.EmailTestReport] [   81] - HTML Report Path:D:\BankersDashboard//TestReports//Test Results_BankersDashBoard_110215_125920_IE11_Any Bank USA.html
[INFO ][2015-11-02 13:00:54,069][com.java.EmailTestReport] [   82] - smtpHostName:mail01.valuelabs.com
[INFO ][2015-11-02 13:00:54,069][com.java.EmailTestReport] [   83] - Recipient:venkateswararao.gubbala@valuelabs.com
[INFO ][2015-11-02 13:00:54,069][com.java.EmailTestReport] [   84] - From:venkateswararao.gubbala@valuelabs.com
[INFO ][2015-11-02 13:00:54,069][com.java.EmailTestReport] [   85] - Subject:DestinationRewards Automation Test Report - Any Bank USA - IE11
[INFO ][2015-11-02 13:00:54,084][com.java.EmailTestReport] [  143] -  Added venkateswararao.gubbala@valuelabs.com
[INFO ][2015-11-02 13:00:57,192][com.java.SeleniumDriver] [  719] - quitting the browser 
[INFO ][2015-11-02 13:00:58,385][com.java.SeleniumDriver] [  263] - Execution Completed Stopping the thread
