[INFO ][2015-11-04 16:01:11,627][com.java.SeleniumDriver] [  213] - Execute Failed Casesfalse
[INFO ][2015-11-04 16:01:11,627][com.java.SeleniumDriver] [  214] - Browser: IE11
[INFO ][2015-11-04 16:01:11,627][com.java.SeleniumDriver] [  215] - [1, 6]
[INFO ][2015-11-04 16:01:11,627][com.java.SeleniumDriver] [  216] - Total TestCases:2
[INFO ][2015-11-04 16:01:11,627][com.java.SeleniumDriver] [  217] -  Reading Properties from Property File 
[DEBUG][2015-11-04 16:01:11,627][com.java.SeleniumDriver] [  238] - url : https://clients-xuat.bankersdashboard.com
[INFO ][2015-11-04 16:01:11,637][com.java.ImportnExport.ExportTestResultsExcel] [  116] - Time Stamp Wed Nov 04 04:01:11 IST 2015
[INFO ][2015-11-04 16:01:11,637][com.java.ImportnExport.ExportTestResultsExcel] [  175] - OUT FILE : D:\BankersDashboard/TestReports/Test Results_BankersDashBoard_110415_160111_IE11_Simmons First National Bank.xls
[INFO ][2015-11-04 16:01:11,657][com.java.ImportnExport.ExportTestResultsExcel] [  180] - Test Result file is created
[DEBUG][2015-11-04 16:01:11,758][com.java.SeleniumDriver] [  425] - Hub ip address is-------172.17.68.34
[INFO ][2015-11-04 16:01:11,758][com.java.SeleniumDriver] [  451] - Grid URL:http://172.17.68.34:4444/wd/hub
[INFO ][2015-11-04 16:01:11,758][com.java.SeleniumDriver] [  452] - Capability:Capabilities [{platform=ANY, ensureCleanSession=true, ignoreProtectedModeSettings=true, acceptSslCerts=true, ignoreZoomSetting=true, browserName=internet explorer, browserstack.ie.noFlash=true, version=Node1}]
[ERROR][2015-11-04 16:01:13,058][com.java.SeleniumDriver] [  496] - Unable invoke browser in grid:Could not start a new session. Possible causes are invalid address of the remote server or browser start-up failure.
Build info: version: '2.48.2', revision: '41bccdd', time: '2015-10-09 19:59:12'
System info: host: 'FVTIII438F1D', ip: '172.17.68.34', os.name: 'Windows 7', os.arch: 'x86', os.version: '6.1', java.version: '1.7.0_55'
Driver info: driver.version: SeleniumDriver
[INFO ][2015-11-04 16:01:13,058][com.java.SeleniumDriver] [  498] - Executing on local machine
[INFO ][2015-11-04 16:01:23,392][com.java.SeleniumDriver] [  248] - IE11is opened
[INFO ][2015-11-04 16:01:24,265][com.java.SeleniumDriver] [  752] - Test cases to be executed are: [1, 6]
[INFO ][2015-11-04 16:01:24,265][com.java.ImportnExport.ImportTestDataDetailsExcel] [   49] - test data details path===== D:\BankersDashboard\TestInputs\TestData.xls
[INFO ][2015-11-04 16:01:35,281][com.java.SeleniumDriver] [  788] - ------------------------------------------
[INFO ][2015-11-04 16:01:35,281][com.java.SeleniumDriver] [  789] - Test case being Executed: 1
[INFO ][2015-11-04 16:01:35,282][com.java.SeleniumDriver] [  800] - Test step:1
[INFO ][2015-11-04 16:01:35,282][com.java.SeleniumDriver] [  812] - Datavalue is----------Concept#1:1-14
[INFO ][2015-11-04 16:01:35,282][com.java.SeleniumDriver] [  836] - DataField : test
[INFO ][2015-11-04 16:01:35,282][com.java.SeleniumDriver] [  838] - DataValue : Concept#1:1-14
[INFO ][2015-11-04 16:01:35,282][com.java.SeleniumDriver] [  844] - <In Set values of the page>
[INFO ][2015-11-04 16:01:35,282][com.java.SeleniumDriver] [  847] - {Data Fields & Data Values Exist}
[INFO ][2015-11-04 16:01:35,282][com.java.SeleniumDriver] [  849] - --------------------------setting values-----------------------------
[INFO ][2015-11-04 16:01:35,282][com.java.SeleniumDriver] [  852] - Action Type : ExecuteTestCase
[INFO ][2015-11-04 16:01:35,322][com.java.TestType] [  411] - The Concept sheet name is ---------- Concept
[INFO ][2015-11-04 16:01:35,322][com.java.TestType] [  414] - The Concept ID  is ---------- 1
[DEBUG][2015-11-04 16:01:35,322][com.java.TestType] [  418] - Steps being executted in the Concept are: 1:14
[INFO ][2015-11-04 16:01:35,322][com.java.TestType] [  425] - Test data details path ---------- D:\BankersDashboard\TestInputs\TestData.xls
[INFO ][2015-11-04 16:01:35,352][com.java.TestType] [  456] -  str(1) = 1
[INFO ][2015-11-04 16:01:35,352][com.java.TestType] [  459] - Test case Id is---1
[INFO ][2015-11-04 16:01:35,352][com.java.TestType] [  461] - 1
[INFO ][2015-11-04 16:01:35,352][com.java.TestType] [  456] -  str(2) = 1
[INFO ][2015-11-04 16:01:35,352][com.java.TestType] [  508] - row values are--------{1=com.java.Objects.TestDataDetails@1ba4cd7}
[INFO ][2015-11-04 16:01:35,352][com.java.TestType] [  456] -  str(1) = 1
[INFO ][2015-11-04 16:01:35,352][com.java.TestType] [  459] - Test case Id is---1
[INFO ][2015-11-04 16:01:35,352][com.java.TestType] [  461] - 1
[INFO ][2015-11-04 16:01:35,352][com.java.TestType] [  456] -  str(2) = 2
[INFO ][2015-11-04 16:01:35,352][com.java.TestType] [  508] - row values are--------{1=com.java.Objects.TestDataDetails@1ba4cd7, 2=com.java.Objects.TestDataDetails@967f8e}
[INFO ][2015-11-04 16:01:35,352][com.java.TestType] [  456] -  str(1) = 1
[INFO ][2015-11-04 16:01:35,352][com.java.TestType] [  459] - Test case Id is---1
[INFO ][2015-11-04 16:01:35,352][com.java.TestType] [  461] - 1
[INFO ][2015-11-04 16:01:35,362][com.java.TestType] [  456] -  str(2) = 3
[INFO ][2015-11-04 16:01:35,362][com.java.TestType] [  508] - row values are--------{1=com.java.Objects.TestDataDetails@1ba4cd7, 2=com.java.Objects.TestDataDetails@967f8e, 3=com.java.Objects.TestDataDetails@1195903}
[INFO ][2015-11-04 16:01:35,362][com.java.TestType] [  456] -  str(1) = 1
[INFO ][2015-11-04 16:01:35,362][com.java.TestType] [  459] - Test case Id is---1
[INFO ][2015-11-04 16:01:35,362][com.java.TestType] [  461] - 1
[INFO ][2015-11-04 16:01:35,362][com.java.TestType] [  456] -  str(2) = 4
[INFO ][2015-11-04 16:01:35,362][com.java.TestType] [  508] - row values are--------{1=com.java.Objects.TestDataDetails@1ba4cd7, 2=com.java.Objects.TestDataDetails@967f8e, 3=com.java.Objects.TestDataDetails@1195903, 4=com.java.Objects.TestDataDetails@9cce04}
[INFO ][2015-11-04 16:01:35,362][com.java.TestType] [  456] -  str(1) = 1
[INFO ][2015-11-04 16:01:35,362][com.java.TestType] [  459] - Test case Id is---1
[INFO ][2015-11-04 16:01:35,362][com.java.TestType] [  461] - 1
[INFO ][2015-11-04 16:01:35,362][com.java.TestType] [  456] -  str(2) = 5
[INFO ][2015-11-04 16:01:35,362][com.java.TestType] [  508] - row values are--------{1=com.java.Objects.TestDataDetails@1ba4cd7, 2=com.java.Objects.TestDataDetails@967f8e, 3=com.java.Objects.TestDataDetails@1195903, 4=com.java.Objects.TestDataDetails@9cce04, 5=com.java.Objects.TestDataDetails@d53356}
[INFO ][2015-11-04 16:01:35,362][com.java.TestType] [  456] -  str(1) = 1
[INFO ][2015-11-04 16:01:35,362][com.java.TestType] [  459] - Test case Id is---1
[INFO ][2015-11-04 16:01:35,362][com.java.TestType] [  461] - 1
[INFO ][2015-11-04 16:01:35,362][com.java.TestType] [  456] -  str(2) = 6
[INFO ][2015-11-04 16:01:35,362][com.java.TestType] [  508] - row values are--------{1=com.java.Objects.TestDataDetails@1ba4cd7, 2=com.java.Objects.TestDataDetails@967f8e, 3=com.java.Objects.TestDataDetails@1195903, 4=com.java.Objects.TestDataDetails@9cce04, 5=com.java.Objects.TestDataDetails@d53356, 6=com.java.Objects.TestDataDetails@505786}
[INFO ][2015-11-04 16:01:35,362][com.java.TestType] [  456] -  str(1) = 1
[INFO ][2015-11-04 16:01:35,362][com.java.TestType] [  459] - Test case Id is---1
[INFO ][2015-11-04 16:01:35,362][com.java.TestType] [  461] - 1
[INFO ][2015-11-04 16:01:35,362][com.java.TestType] [  456] -  str(2) = 7
[INFO ][2015-11-04 16:01:35,362][com.java.TestType] [  508] - row values are--------{1=com.java.Objects.TestDataDetails@1ba4cd7, 2=com.java.Objects.TestDataDetails@967f8e, 3=com.java.Objects.TestDataDetails@1195903, 4=com.java.Objects.TestDataDetails@9cce04, 5=com.java.Objects.TestDataDetails@d53356, 6=com.java.Objects.TestDataDetails@505786, 7=com.java.Objects.TestDataDetails@337893}
[INFO ][2015-11-04 16:01:35,362][com.java.TestType] [  456] -  str(1) = 1
[INFO ][2015-11-04 16:01:35,362][com.java.TestType] [  459] - Test case Id is---1
[INFO ][2015-11-04 16:01:35,362][com.java.TestType] [  461] - 1
[INFO ][2015-11-04 16:01:35,362][com.java.TestType] [  456] -  str(2) = 8
[INFO ][2015-11-04 16:01:35,372][com.java.TestType] [  508] - row values are--------{1=com.java.Objects.TestDataDetails@1ba4cd7, 2=com.java.Objects.TestDataDetails@967f8e, 3=com.java.Objects.TestDataDetails@1195903, 4=com.java.Objects.TestDataDetails@9cce04, 5=com.java.Objects.TestDataDetails@d53356, 6=com.java.Objects.TestDataDetails@505786, 7=com.java.Objects.TestDataDetails@337893, 8=com.java.Objects.TestDataDetails@1c36edb}
[INFO ][2015-11-04 16:01:35,372][com.java.TestType] [  456] -  str(1) = 1
[INFO ][2015-11-04 16:01:35,372][com.java.TestType] [  459] - Test case Id is---1
[INFO ][2015-11-04 16:01:35,372][com.java.TestType] [  461] - 1
[INFO ][2015-11-04 16:01:35,372][com.java.TestType] [  456] -  str(2) = 9
[INFO ][2015-11-04 16:01:35,372][com.java.TestType] [  508] - row values are--------{1=com.java.Objects.TestDataDetails@1ba4cd7, 2=com.java.Objects.TestDataDetails@967f8e, 3=com.java.Objects.TestDataDetails@1195903, 4=com.java.Objects.TestDataDetails@9cce04, 5=com.java.Objects.TestDataDetails@d53356, 6=com.java.Objects.TestDataDetails@505786, 7=com.java.Objects.TestDataDetails@337893, 8=com.java.Objects.TestDataDetails@1c36edb, 9=com.java.Objects.TestDataDetails@1aab172}
[INFO ][2015-11-04 16:01:35,372][com.java.TestType] [  456] -  str(1) = 1
[INFO ][2015-11-04 16:01:35,372][com.java.TestType] [  459] - Test case Id is---1
[INFO ][2015-11-04 16:01:35,372][com.java.TestType] [  461] - 1
[INFO ][2015-11-04 16:01:35,372][com.java.TestType] [  456] -  str(2) = 10
[INFO ][2015-11-04 16:01:35,372][com.java.TestType] [  508] - row values are--------{1=com.java.Objects.TestDataDetails@1ba4cd7, 2=com.java.Objects.TestDataDetails@967f8e, 3=com.java.Objects.TestDataDetails@1195903, 4=com.java.Objects.TestDataDetails@9cce04, 5=com.java.Objects.TestDataDetails@d53356, 6=com.java.Objects.TestDataDetails@505786, 7=com.java.Objects.TestDataDetails@337893, 8=com.java.Objects.TestDataDetails@1c36edb, 9=com.java.Objects.TestDataDetails@1aab172, 10=com.java.Objects.TestDataDetails@2334a1}
[INFO ][2015-11-04 16:01:35,372][com.java.TestType] [  456] -  str(1) = 1
[INFO ][2015-11-04 16:01:35,372][com.java.TestType] [  459] - Test case Id is---1
[INFO ][2015-11-04 16:01:35,372][com.java.TestType] [  461] - 1
[INFO ][2015-11-04 16:01:35,372][com.java.TestType] [  456] -  str(2) = 11
[INFO ][2015-11-04 16:01:35,372][com.java.TestType] [  508] - row values are--------{1=com.java.Objects.TestDataDetails@1ba4cd7, 2=com.java.Objects.TestDataDetails@967f8e, 3=com.java.Objects.TestDataDetails@1195903, 4=com.java.Objects.TestDataDetails@9cce04, 5=com.java.Objects.TestDataDetails@d53356, 6=com.java.Objects.TestDataDetails@505786, 7=com.java.Objects.TestDataDetails@337893, 8=com.java.Objects.TestDataDetails@1c36edb, 9=com.java.Objects.TestDataDetails@1aab172, 10=com.java.Objects.TestDataDetails@2334a1, 11=com.java.Objects.TestDataDetails@c6e290}
[INFO ][2015-11-04 16:01:35,372][com.java.TestType] [  456] -  str(1) = 1
[INFO ][2015-11-04 16:01:35,372][com.java.TestType] [  459] - Test case Id is---1
[INFO ][2015-11-04 16:01:35,372][com.java.TestType] [  461] - 1
[INFO ][2015-11-04 16:01:35,372][com.java.TestType] [  456] -  str(2) = 12
[INFO ][2015-11-04 16:01:35,372][com.java.TestType] [  508] - row values are--------{1=com.java.Objects.TestDataDetails@1ba4cd7, 2=com.java.Objects.TestDataDetails@967f8e, 3=com.java.Objects.TestDataDetails@1195903, 4=com.java.Objects.TestDataDetails@9cce04, 5=com.java.Objects.TestDataDetails@d53356, 6=com.java.Objects.TestDataDetails@505786, 7=com.java.Objects.TestDataDetails@337893, 8=com.java.Objects.TestDataDetails@1c36edb, 9=com.java.Objects.TestDataDetails@1aab172, 10=com.java.Objects.TestDataDetails@2334a1, 11=com.java.Objects.TestDataDetails@c6e290, 12=com.java.Objects.TestDataDetails@1c087a2}
[INFO ][2015-11-04 16:01:35,372][com.java.TestType] [  456] -  str(1) = 1
[INFO ][2015-11-04 16:01:35,372][com.java.TestType] [  459] - Test case Id is---1
[INFO ][2015-11-04 16:01:35,372][com.java.TestType] [  461] - 1
[INFO ][2015-11-04 16:01:35,372][com.java.TestType] [  456] -  str(2) = 13
[INFO ][2015-11-04 16:01:35,372][com.java.TestType] [  508] - row values are--------{1=com.java.Objects.TestDataDetails@1ba4cd7, 2=com.java.Objects.TestDataDetails@967f8e, 3=com.java.Objects.TestDataDetails@1195903, 4=com.java.Objects.TestDataDetails@9cce04, 5=com.java.Objects.TestDataDetails@d53356, 6=com.java.Objects.TestDataDetails@505786, 7=com.java.Objects.TestDataDetails@337893, 8=com.java.Objects.TestDataDetails@1c36edb, 9=com.java.Objects.TestDataDetails@1aab172, 10=com.java.Objects.TestDataDetails@2334a1, 11=com.java.Objects.TestDataDetails@c6e290, 12=com.java.Objects.TestDataDetails@1c087a2, 13=com.java.Objects.TestDataDetails@13b56ce}
[INFO ][2015-11-04 16:01:35,372][com.java.TestType] [  456] -  str(1) = 1
[INFO ][2015-11-04 16:01:35,372][com.java.TestType] [  459] - Test case Id is---1
[INFO ][2015-11-04 16:01:35,372][com.java.TestType] [  461] - 1
[INFO ][2015-11-04 16:01:35,372][com.java.TestType] [  456] -  str(2) = 14
[INFO ][2015-11-04 16:01:35,372][com.java.TestType] [  508] - row values are--------{1=com.java.Objects.TestDataDetails@1ba4cd7, 2=com.java.Objects.TestDataDetails@967f8e, 3=com.java.Objects.TestDataDetails@1195903, 4=com.java.Objects.TestDataDetails@9cce04, 5=com.java.Objects.TestDataDetails@d53356, 6=com.java.Objects.TestDataDetails@505786, 7=com.java.Objects.TestDataDetails@337893, 8=com.java.Objects.TestDataDetails@1c36edb, 9=com.java.Objects.TestDataDetails@1aab172, 10=com.java.Objects.TestDataDetails@2334a1, 11=com.java.Objects.TestDataDetails@c6e290, 12=com.java.Objects.TestDataDetails@1c087a2, 13=com.java.Objects.TestDataDetails@13b56ce, 14=com.java.Objects.TestDataDetails@1423658}
[INFO ][2015-11-04 16:01:35,372][com.java.TestType] [ 7899] - Looping 1TCID = 1
[DEBUG][2015-11-04 16:01:35,372][com.java.TestType] [ 7940] - Concept ID:1 :: Step being Executed: 1::1
[INFO ][2015-11-04 16:01:35,372][com.java.TestType] [ 7978] - dataFields : TXTusername
[DEBUG][2015-11-04 16:01:35,372][com.java.TestType] [ 7984] - <In Set values of the page>
[DEBUG][2015-11-04 16:01:35,372][com.java.TestType] [ 7989] - {Data Fields & Data Values Exist}
[INFO ][2015-11-04 16:01:35,372][com.java.TestType] [ 7995] - --------------------------setting values-----------------------------
[INFO ][2015-11-04 16:01:35,372][com.java.TestType] [ 7998] - Action Type : CLEARANDENTER
[INFO ][2015-11-04 16:01:35,372][com.java.TestType] [ 3750] - value = valuelabs.ie11.03890
[INFO ][2015-11-04 16:01:40,229][com.java.TestType] [ 8017] -  RESULT true
[INFO ][2015-11-04 16:01:40,229][com.java.TestType] [ 8134] - ?   P A S S   ?
[DEBUG][2015-11-04 16:01:40,229][com.java.TestType] [ 7940] - Concept ID:1 :: Step being Executed: 1::2
[INFO ][2015-11-04 16:01:40,229][com.java.TestType] [ 7978] - dataFields : TXTpassword
[DEBUG][2015-11-04 16:01:40,229][com.java.TestType] [ 7984] - <In Set values of the page>
[DEBUG][2015-11-04 16:01:40,229][com.java.TestType] [ 7989] - {Data Fields & Data Values Exist}
[INFO ][2015-11-04 16:01:40,229][com.java.TestType] [ 7995] - --------------------------setting values-----------------------------
[INFO ][2015-11-04 16:01:40,229][com.java.TestType] [ 7998] - Action Type : CLEARANDENTER
[INFO ][2015-11-04 16:01:40,229][com.java.TestType] [ 3750] - value = Password1*
[INFO ][2015-11-04 16:01:45,178][com.java.TestType] [ 8017] -  RESULT true
[INFO ][2015-11-04 16:01:45,178][com.java.TestType] [ 8134] - ?   P A S S   ?
[DEBUG][2015-11-04 16:01:45,178][com.java.TestType] [ 7940] - Concept ID:1 :: Step being Executed: 1::3
[ERROR][2015-11-04 16:01:45,178][com.java.TestType] [ 7973] - Exception: null
[INFO ][2015-11-04 16:01:45,178][com.java.TestType] [ 7978] - dataFields : XPH//button[@type='submit']
[DEBUG][2015-11-04 16:01:45,178][com.java.TestType] [ 7984] - <In Set values of the page>
[DEBUG][2015-11-04 16:01:45,178][com.java.TestType] [ 7989] - {Data Fields & Data Values Exist}
[INFO ][2015-11-04 16:01:45,178][com.java.TestType] [ 7995] - --------------------------setting values-----------------------------
[INFO ][2015-11-04 16:01:45,178][com.java.TestType] [ 7998] - Action Type : Click
[INFO ][2015-11-04 16:01:45,178][com.java.TestType] [ 4063] - Field ::XPH//button[@type='submit']
[INFO ][2015-11-04 16:01:46,178][com.java.TestType] [ 4122] - BEFORE CLICK
[INFO ][2015-11-04 16:01:47,030][com.java.TestType] [ 4130] - Unable to click the object Login
[INFO ][2015-11-04 16:01:47,030][com.java.TestType] [ 8017] -  RESULT true
[INFO ][2015-11-04 16:01:47,030][com.java.TestType] [ 8134] - ?   P A S S   ?
[DEBUG][2015-11-04 16:01:47,030][com.java.TestType] [ 7940] - Concept ID:1 :: Step being Executed: 1::4
[INFO ][2015-11-04 16:01:47,030][com.java.TestType] [ 7978] - dataFields : LNKLogout
[DEBUG][2015-11-04 16:01:47,030][com.java.TestType] [ 7984] - <In Set values of the page>
[DEBUG][2015-11-04 16:01:47,030][com.java.TestType] [ 7989] - {Data Fields & Data Values Exist}
[INFO ][2015-11-04 16:01:47,030][com.java.TestType] [ 7995] - --------------------------setting values-----------------------------
[INFO ][2015-11-04 16:01:47,030][com.java.TestType] [ 7998] - Action Type : WaitForElement
[INFO ][2015-11-04 16:01:59,631][com.java.TestType] [ 8017] -  RESULT true
[INFO ][2015-11-04 16:01:59,631][com.java.TestType] [ 8134] - ?   P A S S   ?
[DEBUG][2015-11-04 16:01:59,631][com.java.TestType] [ 7940] - Concept ID:1 :: Step being Executed: 1::13
[INFO ][2015-11-04 16:01:59,631][com.java.TestType] [ 7978] - dataFields : LNK
[DEBUG][2015-11-04 16:01:59,631][com.java.TestType] [ 7984] - <In Set values of the page>
[DEBUG][2015-11-04 16:01:59,631][com.java.TestType] [ 7989] - {Data Fields & Data Values Exist}
[INFO ][2015-11-04 16:01:59,631][com.java.TestType] [ 7995] - --------------------------setting values-----------------------------
[INFO ][2015-11-04 16:01:59,631][com.java.TestType] [ 7998] - Action Type : Verify
[INFO ][2015-11-04 16:01:59,631][com.java.TestType] [ 4876] - field= LNK value= Logout
[INFO ][2015-11-04 16:01:59,631][com.java.TestType] [ 3750] - value = Logout
[INFO ][2015-11-04 16:01:59,662][com.java.TestType] [ 8017] -  RESULT true
[INFO ][2015-11-04 16:01:59,662][com.java.TestType] [ 8134] - ?   P A S S   ?
[DEBUG][2015-11-04 16:01:59,662][com.java.TestType] [ 7940] - Concept ID:1 :: Step being Executed: 1::14
[INFO ][2015-11-04 16:01:59,662][com.java.TestType] [ 7978] - dataFields : BTN
[DEBUG][2015-11-04 16:01:59,662][com.java.TestType] [ 7984] - <In Set values of the page>
[DEBUG][2015-11-04 16:01:59,662][com.java.TestType] [ 7989] - {Data Fields & Data Values Exist}
[INFO ][2015-11-04 16:01:59,662][com.java.TestType] [ 7995] - --------------------------setting values-----------------------------
[INFO ][2015-11-04 16:01:59,662][com.java.TestType] [ 7998] - Action Type : Verify
[INFO ][2015-11-04 16:01:59,662][com.java.TestType] [ 4876] - field= BTN value= //img[contains(@src,'bdlogo.jpg')]
[INFO ][2015-11-04 16:01:59,662][com.java.TestType] [ 3750] - value = //img[contains(@src,'bdlogo.jpg')]
[INFO ][2015-11-04 16:01:59,702][com.java.TestType] [ 8017] -  RESULT true
[INFO ][2015-11-04 16:01:59,702][com.java.TestType] [ 8134] - ?   P A S S   ?
[INFO ][2015-11-04 16:01:59,702][com.java.TestType] [ 8205] - Looping End......
[INFO ][2015-11-04 16:01:59,702][com.java.SeleniumDriver] [  861] -  RESULT true
[INFO ][2015-11-04 16:01:59,702][com.java.SeleniumDriver] [ 1066] - ?   P A S S   ?
[INFO ][2015-11-04 16:01:59,702][com.java.SeleniumDriver] [  788] - ------------------------------------------
[INFO ][2015-11-04 16:01:59,702][com.java.SeleniumDriver] [  789] - Test case being Executed: 1
[INFO ][2015-11-04 16:01:59,702][com.java.SeleniumDriver] [  800] - Test step:2
[INFO ][2015-11-04 16:01:59,702][com.java.SeleniumDriver] [  812] - Datavalue is----------Concept#2:1-2
[INFO ][2015-11-04 16:01:59,702][com.java.SeleniumDriver] [  836] - DataField : test
[INFO ][2015-11-04 16:01:59,702][com.java.SeleniumDriver] [  838] - DataValue : Concept#2:1-2
[INFO ][2015-11-04 16:01:59,702][com.java.SeleniumDriver] [  844] - <In Set values of the page>
[INFO ][2015-11-04 16:01:59,702][com.java.SeleniumDriver] [  847] - {Data Fields & Data Values Exist}
[INFO ][2015-11-04 16:01:59,702][com.java.SeleniumDriver] [  849] - --------------------------setting values-----------------------------
[INFO ][2015-11-04 16:01:59,702][com.java.SeleniumDriver] [  852] - Action Type : ExecuteTestCase
[INFO ][2015-11-04 16:01:59,702][com.java.TestType] [  411] - The Concept sheet name is ---------- Concept
[INFO ][2015-11-04 16:01:59,702][com.java.TestType] [  414] - The Concept ID  is ---------- 2
[DEBUG][2015-11-04 16:01:59,702][com.java.TestType] [  418] - Steps being executted in the Concept are: 1:2
[INFO ][2015-11-04 16:01:59,702][com.java.TestType] [  425] - Test data details path ---------- D:\BankersDashboard\TestInputs\TestData.xls
[INFO ][2015-11-04 16:01:59,742][com.java.TestType] [  456] -  str(1) = 2
[INFO ][2015-11-04 16:01:59,742][com.java.TestType] [  459] - Test case Id is---2
[INFO ][2015-11-04 16:01:59,742][com.java.TestType] [  461] - 2
[INFO ][2015-11-04 16:01:59,742][com.java.TestType] [  456] -  str(2) = 1
[INFO ][2015-11-04 16:01:59,742][com.java.TestType] [  508] - row values are--------{1=com.java.Objects.TestDataDetails@650c3b}
[INFO ][2015-11-04 16:01:59,742][com.java.TestType] [  456] -  str(1) = 2
[INFO ][2015-11-04 16:01:59,742][com.java.TestType] [  459] - Test case Id is---2
[INFO ][2015-11-04 16:01:59,742][com.java.TestType] [  461] - 2
[INFO ][2015-11-04 16:01:59,742][com.java.TestType] [  456] -  str(2) = 2
[INFO ][2015-11-04 16:01:59,742][com.java.TestType] [  508] - row values are--------{1=com.java.Objects.TestDataDetails@650c3b, 2=com.java.Objects.TestDataDetails@14774fd}
[INFO ][2015-11-04 16:01:59,742][com.java.TestType] [  456] -  str(1) = 2
[INFO ][2015-11-04 16:01:59,742][com.java.TestType] [  459] - Test case Id is---2
[INFO ][2015-11-04 16:01:59,742][com.java.TestType] [  461] - 2
[INFO ][2015-11-04 16:01:59,742][com.java.TestType] [  456] -  str(2) = 3
[INFO ][2015-11-04 16:01:59,742][com.java.TestType] [  508] - row values are--------{1=com.java.Objects.TestDataDetails@650c3b, 2=com.java.Objects.TestDataDetails@14774fd, 3=com.java.Objects.TestDataDetails@17b6f14}
[INFO ][2015-11-04 16:01:59,742][com.java.TestType] [ 7899] - Looping 1TCID = 2
[DEBUG][2015-11-04 16:01:59,742][com.java.TestType] [ 7940] - Concept ID:2 :: Step being Executed: 2::1
[INFO ][2015-11-04 16:01:59,742][com.java.TestType] [ 7978] - dataFields : BNK//select[@id='bank']
[DEBUG][2015-11-04 16:01:59,742][com.java.TestType] [ 7984] - <In Set values of the page>
[DEBUG][2015-11-04 16:01:59,742][com.java.TestType] [ 7989] - {Data Fields & Data Values Exist}
[INFO ][2015-11-04 16:01:59,742][com.java.TestType] [ 7995] - --------------------------setting values-----------------------------
[INFO ][2015-11-04 16:01:59,742][com.java.TestType] [ 7998] - Action Type : Select
[INFO ][2015-11-04 16:01:59,742][com.java.TestType] [ 3750] - value = PFC
[INFO ][2015-11-04 16:01:59,932][com.java.TestType] [ 8017] -  RESULT true
[INFO ][2015-11-04 16:01:59,932][com.java.TestType] [ 8134] - ?   P A S S   ?
[DEBUG][2015-11-04 16:01:59,932][com.java.TestType] [ 7940] - Concept ID:2 :: Step being Executed: 2::2
[INFO ][2015-11-04 16:01:59,932][com.java.TestType] [ 7978] - dataFields : LNKLogout
[DEBUG][2015-11-04 16:01:59,932][com.java.TestType] [ 7984] - <In Set values of the page>
[DEBUG][2015-11-04 16:01:59,932][com.java.TestType] [ 7989] - {Data Fields & Data Values Exist}
[INFO ][2015-11-04 16:01:59,932][com.java.TestType] [ 7995] - --------------------------setting values-----------------------------
[INFO ][2015-11-04 16:01:59,932][com.java.TestType] [ 7998] - Action Type : WaitTime
[DEBUG][2015-11-04 16:01:59,932][com.java.TestType] [ 3654] - sleepTime: 5000
[INFO ][2015-11-04 16:02:04,937][com.java.TestType] [ 8017] -  RESULT true
[INFO ][2015-11-04 16:02:04,937][com.java.TestType] [ 8134] - ?   P A S S   ?
[INFO ][2015-11-04 16:02:04,937][com.java.TestType] [ 8205] - Looping End......
[INFO ][2015-11-04 16:02:04,937][com.java.SeleniumDriver] [  861] -  RESULT true
[INFO ][2015-11-04 16:02:04,937][com.java.SeleniumDriver] [ 1066] - ?   P A S S   ?
[INFO ][2015-11-04 16:02:04,937][com.java.SeleniumDriver] [  788] - ------------------------------------------
[INFO ][2015-11-04 16:02:04,937][com.java.SeleniumDriver] [  789] - Test case being Executed: 1
[INFO ][2015-11-04 16:02:04,937][com.java.SeleniumDriver] [  800] - Test step:3
[INFO ][2015-11-04 16:02:04,937][com.java.SeleniumDriver] [  812] - Datavalue is----------2
[INFO ][2015-11-04 16:02:04,937][com.java.SeleniumDriver] [  836] - DataField : XPH//button[contains(text(),'Add Content')]
[INFO ][2015-11-04 16:02:04,937][com.java.SeleniumDriver] [  838] - DataValue : 2
[INFO ][2015-11-04 16:02:04,937][com.java.SeleniumDriver] [  844] - <In Set values of the page>
[INFO ][2015-11-04 16:02:04,937][com.java.SeleniumDriver] [  847] - {Data Fields & Data Values Exist}
[INFO ][2015-11-04 16:02:04,937][com.java.SeleniumDriver] [  849] - --------------------------setting values-----------------------------
[INFO ][2015-11-04 16:02:04,937][com.java.SeleniumDriver] [  852] - Action Type : WAITFORELEMENT
[INFO ][2015-11-04 16:02:04,978][com.java.SeleniumDriver] [  861] -  RESULT true
[INFO ][2015-11-04 16:02:04,978][com.java.SeleniumDriver] [ 1066] - ?   P A S S   ?
[DEBUG][2015-11-04 16:02:04,978][com.java.SeleniumDriver] [ 1168] - Case found
[DEBUG][2015-11-04 16:02:04,978][com.java.SeleniumDriver] [ 1173] - Incrementing ReportCounters[0]:1
[INFO ][2015-11-04 16:02:04,978][com.java.SeleniumDriver] [ 1192] - The results are-------------------[1, 1, Valid Login, Pass, , Wed Nov 04 16:01:59 IST 2015, 1, 2, Valid Login, Pass, , Wed Nov 04 16:02:04 IST 2015, 1, 3, Valid Login, Pass, , Wed Nov 04 16:02:04 IST 2015]
[INFO ][2015-11-04 16:02:04,978][com.java.SeleniumDriver] [ 1196] - End time is-------55 sec
[INFO ][2015-11-04 16:02:04,978][com.java.SeleniumDriver] [ 1197] - The results are-------------------[1, 1, Valid Login, Pass, , Wed Nov 04 16:01:59 IST 2015, 1, 2, Valid Login, Pass, , Wed Nov 04 16:02:04 IST 2015, 1, 3, Valid Login, Pass, , Wed Nov 04 16:02:04 IST 2015]
[DEBUG][2015-11-04 16:02:04,978][com.java.ImportnExport.ExportTestResultsExcel] [  222] - testResultPath = D:\BankersDashboard/TestReports/Test Results_BankersDashBoard_110415_160111_IE11_Simmons First National Bank.xls
[DEBUG][2015-11-04 16:02:04,978][com.java.ImportnExport.ExportTestResultsExcel] [  223] - browser is------------IE11
[DEBUG][2015-11-04 16:02:05,018][com.java.ImportnExport.ExportTestResultsExcel] [  270] - result.size() = 18
[DEBUG][2015-11-04 16:02:05,018][com.java.ImportnExport.ExportTestResultsExcel] [  274] - No of rows in sheet=1
[DEBUG][2015-11-04 16:02:05,018][com.java.ImportnExport.ExportTestResultsExcel] [  301] - ..in export..1
[DEBUG][2015-11-04 16:02:05,018][com.java.ImportnExport.ExportTestResultsExcel] [  301] - ..in export..Valid Login
[DEBUG][2015-11-04 16:02:05,018][com.java.ImportnExport.ExportTestResultsExcel] [  301] - ..in export..Pass
[DEBUG][2015-11-04 16:02:05,018][com.java.ImportnExport.ExportTestResultsExcel] [  301] - ..in export..
[DEBUG][2015-11-04 16:02:05,018][com.java.ImportnExport.ExportTestResultsExcel] [  301] - ..in export..Wed Nov 04 16:01:59 IST 2015
[INFO ][2015-11-04 16:02:05,018][com.java.SeleniumDriver] [ 1255] - out loop:0 size:2 TestCases:[1, 6] testcases:[1, 6]
[INFO ][2015-11-04 16:02:05,018][com.java.ImportnExport.ImportTestDataDetailsExcel] [   49] - test data details path===== D:\BankersDashboard\TestInputs\TestData.xls
[INFO ][2015-11-04 16:02:53,673][com.java.SeleniumDriver] [  788] - ------------------------------------------
[INFO ][2015-11-04 16:02:53,673][com.java.SeleniumDriver] [  789] - Test case being Executed: 6
[INFO ][2015-11-04 16:02:53,673][com.java.SeleniumDriver] [  800] - Test step:1
[INFO ][2015-11-04 16:02:53,673][com.java.SeleniumDriver] [  812] - Datavalue is----------Logout
[INFO ][2015-11-04 16:02:53,673][com.java.SeleniumDriver] [  836] - DataField : BTN
[INFO ][2015-11-04 16:02:53,673][com.java.SeleniumDriver] [  838] - DataValue : Logout
[INFO ][2015-11-04 16:02:53,673][com.java.SeleniumDriver] [  844] - <In Set values of the page>
[INFO ][2015-11-04 16:02:53,673][com.java.SeleniumDriver] [  847] - {Data Fields & Data Values Exist}
[INFO ][2015-11-04 16:02:53,673][com.java.SeleniumDriver] [  849] - --------------------------setting values-----------------------------
[INFO ][2015-11-04 16:02:53,673][com.java.SeleniumDriver] [  852] - Action Type : Verify
[INFO ][2015-11-04 16:02:53,673][com.java.TestType] [ 4876] - field= BTN value= Logout
[INFO ][2015-11-04 16:02:53,673][com.java.TestType] [ 3750] - value = Logout
[INFO ][2015-11-04 16:02:53,714][com.java.SeleniumDriver] [  861] -  RESULT true
[INFO ][2015-11-04 16:02:53,714][com.java.SeleniumDriver] [ 1066] - ?   P A S S   ?
[INFO ][2015-11-04 16:02:53,714][com.java.SeleniumDriver] [ 1108] - step change to 3
[INFO ][2015-11-04 16:02:53,714][com.java.SeleniumDriver] [  788] - ------------------------------------------
[INFO ][2015-11-04 16:02:53,714][com.java.SeleniumDriver] [  789] - Test case being Executed: 6
[INFO ][2015-11-04 16:02:53,714][com.java.SeleniumDriver] [  800] - Test step:3
[INFO ][2015-11-04 16:02:53,714][com.java.SeleniumDriver] [  812] - Datavalue is----------Concept#2:1-2
[INFO ][2015-11-04 16:02:53,714][com.java.SeleniumDriver] [  836] - DataField : test
[INFO ][2015-11-04 16:02:53,714][com.java.SeleniumDriver] [  838] - DataValue : Concept#2:1-2
[INFO ][2015-11-04 16:02:53,714][com.java.SeleniumDriver] [  844] - <In Set values of the page>
[INFO ][2015-11-04 16:02:53,714][com.java.SeleniumDriver] [  847] - {Data Fields & Data Values Exist}
[INFO ][2015-11-04 16:02:53,714][com.java.SeleniumDriver] [  849] - --------------------------setting values-----------------------------
[INFO ][2015-11-04 16:02:53,714][com.java.SeleniumDriver] [  852] - Action Type : ExecuteTestCase
[INFO ][2015-11-04 16:02:53,714][com.java.TestType] [  411] - The Concept sheet name is ---------- Concept
[INFO ][2015-11-04 16:02:53,714][com.java.TestType] [  414] - The Concept ID  is ---------- 2
[DEBUG][2015-11-04 16:02:53,714][com.java.TestType] [  418] - Steps being executted in the Concept are: 1:2
[INFO ][2015-11-04 16:02:53,714][com.java.TestType] [  425] - Test data details path ---------- D:\BankersDashboard\TestInputs\TestData.xls
[INFO ][2015-11-04 16:02:53,744][com.java.TestType] [  456] -  str(1) = 2
[INFO ][2015-11-04 16:02:53,744][com.java.TestType] [  459] - Test case Id is---2
[INFO ][2015-11-04 16:02:53,744][com.java.TestType] [  461] - 2
[INFO ][2015-11-04 16:02:53,744][com.java.TestType] [  456] -  str(2) = 1
[INFO ][2015-11-04 16:02:53,744][com.java.TestType] [  508] - row values are--------{1=com.java.Objects.TestDataDetails@bb22c6}
[INFO ][2015-11-04 16:02:53,744][com.java.TestType] [  456] -  str(1) = 2
[INFO ][2015-11-04 16:02:53,744][com.java.TestType] [  459] - Test case Id is---2
[INFO ][2015-11-04 16:02:53,744][com.java.TestType] [  461] - 2
[INFO ][2015-11-04 16:02:53,744][com.java.TestType] [  456] -  str(2) = 2
[INFO ][2015-11-04 16:02:53,744][com.java.TestType] [  508] - row values are--------{1=com.java.Objects.TestDataDetails@bb22c6, 2=com.java.Objects.TestDataDetails@fdd280}
[INFO ][2015-11-04 16:02:53,744][com.java.TestType] [  456] -  str(1) = 2
[INFO ][2015-11-04 16:02:53,744][com.java.TestType] [  459] - Test case Id is---2
[INFO ][2015-11-04 16:02:53,744][com.java.TestType] [  461] - 2
[INFO ][2015-11-04 16:02:53,744][com.java.TestType] [  456] -  str(2) = 3
[INFO ][2015-11-04 16:02:53,744][com.java.TestType] [  508] - row values are--------{1=com.java.Objects.TestDataDetails@bb22c6, 2=com.java.Objects.TestDataDetails@fdd280, 3=com.java.Objects.TestDataDetails@1f0fc0c}
[INFO ][2015-11-04 16:02:53,744][com.java.TestType] [ 7899] - Looping 1TCID = 2
[DEBUG][2015-11-04 16:02:53,744][com.java.TestType] [ 7940] - Concept ID:2 :: Step being Executed: 2::1
[INFO ][2015-11-04 16:02:53,744][com.java.TestType] [ 7978] - dataFields : BNK//select[@id='bank']
[DEBUG][2015-11-04 16:02:53,744][com.java.TestType] [ 7984] - <In Set values of the page>
[DEBUG][2015-11-04 16:02:53,744][com.java.TestType] [ 7989] - {Data Fields & Data Values Exist}
[INFO ][2015-11-04 16:02:53,744][com.java.TestType] [ 7995] - --------------------------setting values-----------------------------
[INFO ][2015-11-04 16:02:53,744][com.java.TestType] [ 7998] - Action Type : Select
[INFO ][2015-11-04 16:02:53,744][com.java.TestType] [ 3750] - value = PFC
[INFO ][2015-11-04 16:02:53,934][com.java.TestType] [ 8017] -  RESULT true
[INFO ][2015-11-04 16:02:53,934][com.java.TestType] [ 8134] - ?   P A S S   ?
[DEBUG][2015-11-04 16:02:53,934][com.java.TestType] [ 7940] - Concept ID:2 :: Step being Executed: 2::2
[INFO ][2015-11-04 16:02:53,934][com.java.TestType] [ 7978] - dataFields : LNKLogout
[DEBUG][2015-11-04 16:02:53,934][com.java.TestType] [ 7984] - <In Set values of the page>
[DEBUG][2015-11-04 16:02:53,934][com.java.TestType] [ 7989] - {Data Fields & Data Values Exist}
[INFO ][2015-11-04 16:02:53,934][com.java.TestType] [ 7995] - --------------------------setting values-----------------------------
[INFO ][2015-11-04 16:02:53,934][com.java.TestType] [ 7998] - Action Type : WaitTime
[DEBUG][2015-11-04 16:02:53,934][com.java.TestType] [ 3654] - sleepTime: 5000
[INFO ][2015-11-04 16:02:58,934][com.java.TestType] [ 8017] -  RESULT true
[INFO ][2015-11-04 16:02:58,934][com.java.TestType] [ 8134] - ?   P A S S   ?
[INFO ][2015-11-04 16:02:58,934][com.java.TestType] [ 8205] - Looping End......
[INFO ][2015-11-04 16:02:58,934][com.java.SeleniumDriver] [  861] -  RESULT true
[INFO ][2015-11-04 16:02:58,934][com.java.SeleniumDriver] [ 1066] - ?   P A S S   ?
[INFO ][2015-11-04 16:02:58,934][com.java.SeleniumDriver] [  788] - ------------------------------------------
[INFO ][2015-11-04 16:02:58,934][com.java.SeleniumDriver] [  789] - Test case being Executed: 6
[INFO ][2015-11-04 16:02:58,934][com.java.SeleniumDriver] [  800] - Test step:4
[INFO ][2015-11-04 16:02:58,934][com.java.SeleniumDriver] [  812] - Datavalue is----------null
[DEBUG][2015-11-04 16:02:58,934][com.java.SeleniumDriver] [  830] - Exception: null
[INFO ][2015-11-04 16:02:58,934][com.java.SeleniumDriver] [  836] - DataField : //span[@class='icon-hammer']&&//a[text()='Custom Calculations']
[INFO ][2015-11-04 16:02:58,934][com.java.SeleniumDriver] [  838] - DataValue : 
[INFO ][2015-11-04 16:02:58,934][com.java.SeleniumDriver] [  844] - <In Set values of the page>
[INFO ][2015-11-04 16:02:58,934][com.java.SeleniumDriver] [  847] - {Data Fields & Data Values Exist}
[INFO ][2015-11-04 16:02:58,934][com.java.SeleniumDriver] [  849] - --------------------------setting values-----------------------------
[INFO ][2015-11-04 16:02:58,934][com.java.SeleniumDriver] [  852] - Action Type : MOUSEOVER
[INFO ][2015-11-04 16:03:31,777][com.java.SeleniumDriver] [  861] -  RESULT true
[INFO ][2015-11-04 16:03:31,777][com.java.SeleniumDriver] [ 1066] - ?   P A S S   ?
[INFO ][2015-11-04 16:03:31,777][com.java.SeleniumDriver] [  788] - ------------------------------------------
[INFO ][2015-11-04 16:03:31,777][com.java.SeleniumDriver] [  789] - Test case being Executed: 6
[INFO ][2015-11-04 16:03:31,777][com.java.SeleniumDriver] [  800] - Test step:5
[INFO ][2015-11-04 16:03:31,777][com.java.SeleniumDriver] [  812] - Datavalue is----------null
[DEBUG][2015-11-04 16:03:31,777][com.java.SeleniumDriver] [  830] - Exception: null
[INFO ][2015-11-04 16:03:31,777][com.java.SeleniumDriver] [  836] - DataField : BTN//iframe[@class='frameTabContent']
[INFO ][2015-11-04 16:03:31,777][com.java.SeleniumDriver] [  838] - DataValue : 
[INFO ][2015-11-04 16:03:31,777][com.java.SeleniumDriver] [  844] - <In Set values of the page>
[INFO ][2015-11-04 16:03:31,777][com.java.SeleniumDriver] [  847] - {Data Fields & Data Values Exist}
[INFO ][2015-11-04 16:03:31,777][com.java.SeleniumDriver] [  849] - --------------------------setting values-----------------------------
[INFO ][2015-11-04 16:03:31,777][com.java.SeleniumDriver] [  852] - Action Type : SELECTFRAME
[INFO ][2015-11-04 16:03:31,918][com.java.SeleniumDriver] [  861] -  RESULT true
[INFO ][2015-11-04 16:03:31,918][com.java.SeleniumDriver] [ 1066] - ?   P A S S   ?
[INFO ][2015-11-04 16:03:31,918][com.java.SeleniumDriver] [  788] - ------------------------------------------
[INFO ][2015-11-04 16:03:31,918][com.java.SeleniumDriver] [  789] - Test case being Executed: 6
[INFO ][2015-11-04 16:03:31,918][com.java.SeleniumDriver] [  800] - Test step:6
[INFO ][2015-11-04 16:03:31,918][com.java.SeleniumDriver] [  812] - Datavalue is----------5
[INFO ][2015-11-04 16:03:31,918][com.java.SeleniumDriver] [  836] - DataField : XPH//h1[contains(text(), 'Custom Calculations')]
[INFO ][2015-11-04 16:03:31,918][com.java.SeleniumDriver] [  838] - DataValue : 5
[INFO ][2015-11-04 16:03:31,918][com.java.SeleniumDriver] [  844] - <In Set values of the page>
[INFO ][2015-11-04 16:03:31,918][com.java.SeleniumDriver] [  847] - {Data Fields & Data Values Exist}
[INFO ][2015-11-04 16:03:31,918][com.java.SeleniumDriver] [  849] - --------------------------setting values-----------------------------
[INFO ][2015-11-04 16:03:31,918][com.java.SeleniumDriver] [  852] - Action Type : waitforelement
[INFO ][2015-11-04 16:03:31,968][com.java.SeleniumDriver] [  861] -  RESULT true
[INFO ][2015-11-04 16:03:31,968][com.java.SeleniumDriver] [ 1066] - ?   P A S S   ?
[INFO ][2015-11-04 16:03:31,968][com.java.SeleniumDriver] [  788] - ------------------------------------------
[INFO ][2015-11-04 16:03:31,968][com.java.SeleniumDriver] [  789] - Test case being Executed: 6
[INFO ][2015-11-04 16:03:31,968][com.java.SeleniumDriver] [  800] - Test step:7
[INFO ][2015-11-04 16:03:31,968][com.java.SeleniumDriver] [  812] - Datavalue is----------Custom Calculations
[INFO ][2015-11-04 16:03:31,968][com.java.SeleniumDriver] [  836] - DataField : XPH//h1[contains(text(), 'Custom Calculations')]
[INFO ][2015-11-04 16:03:31,968][com.java.SeleniumDriver] [  838] - DataValue : Custom Calculations
[INFO ][2015-11-04 16:03:31,968][com.java.SeleniumDriver] [  844] - <In Set values of the page>
[INFO ][2015-11-04 16:03:31,968][com.java.SeleniumDriver] [  847] - {Data Fields & Data Values Exist}
[INFO ][2015-11-04 16:03:31,968][com.java.SeleniumDriver] [  849] - --------------------------setting values-----------------------------
[INFO ][2015-11-04 16:03:31,968][com.java.SeleniumDriver] [  852] - Action Type : Verify
[INFO ][2015-11-04 16:03:31,968][com.java.TestType] [ 4876] - field= XPH//h1[contains(text(), 'Custom Calculations')] value= Custom Calculations
[INFO ][2015-11-04 16:03:31,968][com.java.TestType] [ 3750] - value = Custom Calculations
[INFO ][2015-11-04 16:03:32,068][com.java.SeleniumDriver] [  861] -  RESULT true
[INFO ][2015-11-04 16:03:32,068][com.java.SeleniumDriver] [ 1066] - ?   P A S S   ?
[INFO ][2015-11-04 16:03:32,068][com.java.SeleniumDriver] [  788] - ------------------------------------------
[INFO ][2015-11-04 16:03:32,068][com.java.SeleniumDriver] [  789] - Test case being Executed: 6
[INFO ][2015-11-04 16:03:32,068][com.java.SeleniumDriver] [  800] - Test step:8
[INFO ][2015-11-04 16:03:32,068][com.java.SeleniumDriver] [  812] - Datavalue is----------5
[INFO ][2015-11-04 16:03:32,068][com.java.SeleniumDriver] [  836] - DataField : XPH//a[contains(text(), 'Add Calculation')]
[INFO ][2015-11-04 16:03:32,068][com.java.SeleniumDriver] [  838] - DataValue : 5
[INFO ][2015-11-04 16:03:32,068][com.java.SeleniumDriver] [  844] - <In Set values of the page>
[INFO ][2015-11-04 16:03:32,068][com.java.SeleniumDriver] [  847] - {Data Fields & Data Values Exist}
[INFO ][2015-11-04 16:03:32,068][com.java.SeleniumDriver] [  849] - --------------------------setting values-----------------------------
[INFO ][2015-11-04 16:03:32,068][com.java.SeleniumDriver] [  852] - Action Type : waitforelement
[INFO ][2015-11-04 16:03:32,088][com.java.SeleniumDriver] [  861] -  RESULT true
[INFO ][2015-11-04 16:03:32,088][com.java.SeleniumDriver] [ 1066] - ?   P A S S   ?
[INFO ][2015-11-04 16:03:32,088][com.java.SeleniumDriver] [  788] - ------------------------------------------
[INFO ][2015-11-04 16:03:32,088][com.java.SeleniumDriver] [  789] - Test case being Executed: 6
[INFO ][2015-11-04 16:03:32,088][com.java.SeleniumDriver] [  800] - Test step:9
[INFO ][2015-11-04 16:03:32,088][com.java.SeleniumDriver] [  812] - Datavalue is----------null
[DEBUG][2015-11-04 16:03:32,088][com.java.SeleniumDriver] [  830] - Exception: null
[INFO ][2015-11-04 16:03:32,088][com.java.SeleniumDriver] [  836] - DataField : XPH//a[contains(text(), 'Add Calculation')]
[INFO ][2015-11-04 16:03:32,088][com.java.SeleniumDriver] [  838] - DataValue : 
[INFO ][2015-11-04 16:03:32,088][com.java.SeleniumDriver] [  844] - <In Set values of the page>
[INFO ][2015-11-04 16:03:32,088][com.java.SeleniumDriver] [  847] - {Data Fields & Data Values Exist}
[INFO ][2015-11-04 16:03:32,088][com.java.SeleniumDriver] [  849] - --------------------------setting values-----------------------------
[INFO ][2015-11-04 16:03:32,088][com.java.SeleniumDriver] [  852] - Action Type : click
[INFO ][2015-11-04 16:03:32,088][com.java.TestType] [ 4063] - Field ::XPH//a[contains(text(), 'Add Calculation')]
[INFO ][2015-11-04 16:03:33,088][com.java.TestType] [ 4122] - BEFORE CLICK
[INFO ][2015-11-04 16:03:34,531][com.java.TestType] [ 4130] - Unable to click the object click on add button
[INFO ][2015-11-04 16:03:34,531][com.java.SeleniumDriver] [  861] -  RESULT true
[INFO ][2015-11-04 16:03:34,531][com.java.SeleniumDriver] [ 1066] - ?   P A S S   ?
[INFO ][2015-11-04 16:03:34,531][com.java.SeleniumDriver] [  788] - ------------------------------------------
[INFO ][2015-11-04 16:03:34,531][com.java.SeleniumDriver] [  789] - Test case being Executed: 6
[INFO ][2015-11-04 16:03:34,531][com.java.SeleniumDriver] [  800] - Test step:10
[INFO ][2015-11-04 16:03:34,531][com.java.SeleniumDriver] [  812] - Datavalue is----------3
[INFO ][2015-11-04 16:03:34,531][com.java.SeleniumDriver] [  836] - DataField : XPH//label[contains(text(), 'Dashboard Groups:')]
[INFO ][2015-11-04 16:03:34,531][com.java.SeleniumDriver] [  838] - DataValue : 3
[INFO ][2015-11-04 16:03:34,531][com.java.SeleniumDriver] [  844] - <In Set values of the page>
[INFO ][2015-11-04 16:03:34,531][com.java.SeleniumDriver] [  847] - {Data Fields & Data Values Exist}
[INFO ][2015-11-04 16:03:34,531][com.java.SeleniumDriver] [  849] - --------------------------setting values-----------------------------
[INFO ][2015-11-04 16:03:34,531][com.java.SeleniumDriver] [  852] - Action Type : waitforelement
[INFO ][2015-11-04 16:03:34,552][com.java.SeleniumDriver] [  861] -  RESULT true
[INFO ][2015-11-04 16:03:34,552][com.java.SeleniumDriver] [ 1066] - ?   P A S S   ?
[INFO ][2015-11-04 16:03:34,552][com.java.SeleniumDriver] [  788] - ------------------------------------------
[INFO ][2015-11-04 16:03:34,552][com.java.SeleniumDriver] [  789] - Test case being Executed: 6
[INFO ][2015-11-04 16:03:34,552][com.java.SeleniumDriver] [  800] - Test step:11
[INFO ][2015-11-04 16:03:34,552][com.java.SeleniumDriver] [  812] - Datavalue is----------null
[DEBUG][2015-11-04 16:03:34,552][com.java.SeleniumDriver] [  830] - Exception: null
[INFO ][2015-11-04 16:03:34,552][com.java.SeleniumDriver] [  836] - DataField : XPH//button[contains(text(), 'Save')]
[INFO ][2015-11-04 16:03:34,552][com.java.SeleniumDriver] [  838] - DataValue : 
[INFO ][2015-11-04 16:03:34,552][com.java.SeleniumDriver] [  844] - <In Set values of the page>
[INFO ][2015-11-04 16:03:34,552][com.java.SeleniumDriver] [  847] - {Data Fields & Data Values Exist}
[INFO ][2015-11-04 16:03:34,552][com.java.SeleniumDriver] [  849] - --------------------------setting values-----------------------------
[INFO ][2015-11-04 16:03:34,552][com.java.SeleniumDriver] [  852] - Action Type : ISDISABLED
[INFO ][2015-11-04 16:03:34,552][com.java.TestType] [ 5735] - field= XPH//button[contains(text(), 'Save')]
[INFO ][2015-11-04 16:03:34,612][com.java.SeleniumDriver] [  861] -  RESULT true
[INFO ][2015-11-04 16:03:34,612][com.java.SeleniumDriver] [ 1066] - ?   P A S S   ?
[INFO ][2015-11-04 16:03:34,612][com.java.SeleniumDriver] [  788] - ------------------------------------------
[INFO ][2015-11-04 16:03:34,612][com.java.SeleniumDriver] [  789] - Test case being Executed: 6
[INFO ][2015-11-04 16:03:34,612][com.java.SeleniumDriver] [  800] - Test step:12
[INFO ][2015-11-04 16:03:34,612][com.java.SeleniumDriver] [  812] - Datavalue is----------3
[INFO ][2015-11-04 16:03:34,612][com.java.SeleniumDriver] [  836] - DataField : XPH//select[contains(@class,'mber-select form-control')]
[INFO ][2015-11-04 16:03:34,612][com.java.SeleniumDriver] [  838] - DataValue : 3
[INFO ][2015-11-04 16:03:34,612][com.java.SeleniumDriver] [  844] - <In Set values of the page>
[INFO ][2015-11-04 16:03:34,612][com.java.SeleniumDriver] [  847] - {Data Fields & Data Values Exist}
[INFO ][2015-11-04 16:03:34,612][com.java.SeleniumDriver] [  849] - --------------------------setting values-----------------------------
[INFO ][2015-11-04 16:03:34,612][com.java.SeleniumDriver] [  852] - Action Type : waitforelement
[INFO ][2015-11-04 16:03:34,642][com.java.SeleniumDriver] [  861] -  RESULT true
[INFO ][2015-11-04 16:03:34,642][com.java.SeleniumDriver] [ 1066] - ?   P A S S   ?
[INFO ][2015-11-04 16:03:34,642][com.java.SeleniumDriver] [  788] - ------------------------------------------
[INFO ][2015-11-04 16:03:34,642][com.java.SeleniumDriver] [  789] - Test case being Executed: 6
[INFO ][2015-11-04 16:03:34,642][com.java.SeleniumDriver] [  800] - Test step:13
[INFO ][2015-11-04 16:03:34,642][com.java.SeleniumDriver] [  812] - Datavalue is----------null
[DEBUG][2015-11-04 16:03:34,642][com.java.SeleniumDriver] [  830] - Exception: null
[INFO ][2015-11-04 16:03:34,642][com.java.SeleniumDriver] [  836] - DataField : XPH//select[contains(@class,'mber-select form-control')]
[INFO ][2015-11-04 16:03:34,642][com.java.SeleniumDriver] [  838] - DataValue : 
[INFO ][2015-11-04 16:03:34,642][com.java.SeleniumDriver] [  844] - <In Set values of the page>
[INFO ][2015-11-04 16:03:34,642][com.java.SeleniumDriver] [  847] - {Data Fields & Data Values Exist}
[INFO ][2015-11-04 16:03:34,642][com.java.SeleniumDriver] [  849] - --------------------------setting values-----------------------------
[INFO ][2015-11-04 16:03:34,642][com.java.SeleniumDriver] [  852] - Action Type : click
[INFO ][2015-11-04 16:03:34,642][com.java.TestType] [ 4063] - Field ::XPH//select[contains(@class,'mber-select form-control')]
[INFO ][2015-11-04 16:03:35,642][com.java.TestType] [ 4122] - BEFORE CLICK
[INFO ][2015-11-04 16:03:36,472][com.java.TestType] [ 4130] - Unable to click the object dollar value dropdown
[INFO ][2015-11-04 16:03:36,472][com.java.SeleniumDriver] [  861] -  RESULT true
[INFO ][2015-11-04 16:03:36,472][com.java.SeleniumDriver] [ 1066] - ?   P A S S   ?
[INFO ][2015-11-04 16:03:36,472][com.java.SeleniumDriver] [  788] - ------------------------------------------
[INFO ][2015-11-04 16:03:36,472][com.java.SeleniumDriver] [  789] - Test case being Executed: 6
[INFO ][2015-11-04 16:03:36,472][com.java.SeleniumDriver] [  800] - Test step:14
[INFO ][2015-11-04 16:03:36,472][com.java.SeleniumDriver] [  812] - Datavalue is----------3
[INFO ][2015-11-04 16:03:36,472][com.java.SeleniumDriver] [  836] - DataField : XPH//select/option[contains(text(), 'Dollar ($)')]
[INFO ][2015-11-04 16:03:36,472][com.java.SeleniumDriver] [  838] - DataValue : 3
[INFO ][2015-11-04 16:03:36,472][com.java.SeleniumDriver] [  844] - <In Set values of the page>
[INFO ][2015-11-04 16:03:36,472][com.java.SeleniumDriver] [  847] - {Data Fields & Data Values Exist}
[INFO ][2015-11-04 16:03:36,472][com.java.SeleniumDriver] [  849] - --------------------------setting values-----------------------------
[INFO ][2015-11-04 16:03:36,472][com.java.SeleniumDriver] [  852] - Action Type : waitforelement
[INFO ][2015-11-04 16:03:36,503][com.java.SeleniumDriver] [  861] -  RESULT true
[INFO ][2015-11-04 16:03:36,503][com.java.SeleniumDriver] [ 1066] - ?   P A S S   ?
[INFO ][2015-11-04 16:03:36,503][com.java.SeleniumDriver] [  788] - ------------------------------------------
[INFO ][2015-11-04 16:03:36,503][com.java.SeleniumDriver] [  789] - Test case being Executed: 6
[INFO ][2015-11-04 16:03:36,503][com.java.SeleniumDriver] [  800] - Test step:15
[INFO ][2015-11-04 16:03:36,503][com.java.SeleniumDriver] [  812] - Datavalue is----------null
[DEBUG][2015-11-04 16:03:36,503][com.java.SeleniumDriver] [  830] - Exception: null
[INFO ][2015-11-04 16:03:36,503][com.java.SeleniumDriver] [  836] - DataField : XPH//select/option[contains(text(), 'Dollar ($)')]
[INFO ][2015-11-04 16:03:36,503][com.java.SeleniumDriver] [  838] - DataValue : 
[INFO ][2015-11-04 16:03:36,503][com.java.SeleniumDriver] [  844] - <In Set values of the page>
[INFO ][2015-11-04 16:03:36,503][com.java.SeleniumDriver] [  847] - {Data Fields & Data Values Exist}
[INFO ][2015-11-04 16:03:36,503][com.java.SeleniumDriver] [  849] - --------------------------setting values-----------------------------
[INFO ][2015-11-04 16:03:36,503][com.java.SeleniumDriver] [  852] - Action Type : click
[INFO ][2015-11-04 16:03:36,503][com.java.TestType] [ 4063] - Field ::XPH//select/option[contains(text(), 'Dollar ($)')]
[INFO ][2015-11-04 16:03:37,503][com.java.TestType] [ 4122] - BEFORE CLICK
[INFO ][2015-11-04 16:03:38,193][com.java.TestType] [ 4130] - Unable to click the object dollar value dropdown
[INFO ][2015-11-04 16:03:38,193][com.java.SeleniumDriver] [  861] -  RESULT true
[INFO ][2015-11-04 16:03:38,193][com.java.SeleniumDriver] [ 1066] - ?   P A S S   ?
[INFO ][2015-11-04 16:03:38,193][com.java.SeleniumDriver] [  788] - ------------------------------------------
[INFO ][2015-11-04 16:03:38,193][com.java.SeleniumDriver] [  789] - Test case being Executed: 6
[INFO ][2015-11-04 16:03:38,193][com.java.SeleniumDriver] [  800] - Test step:16
[INFO ][2015-11-04 16:03:38,193][com.java.SeleniumDriver] [  812] - Datavalue is----------Calusing_Keys
[INFO ][2015-11-04 16:03:38,193][com.java.SeleniumDriver] [  836] - DataField : TXT//input[contains(@placeholder, 'Name your Calcu')]
[INFO ][2015-11-04 16:03:38,193][com.java.SeleniumDriver] [  838] - DataValue : Calusing_Keys
[INFO ][2015-11-04 16:03:38,193][com.java.SeleniumDriver] [  844] - <In Set values of the page>
[INFO ][2015-11-04 16:03:38,193][com.java.SeleniumDriver] [  847] - {Data Fields & Data Values Exist}
[INFO ][2015-11-04 16:03:38,193][com.java.SeleniumDriver] [  849] - --------------------------setting values-----------------------------
[INFO ][2015-11-04 16:03:38,193][com.java.SeleniumDriver] [  852] - Action Type : STOREVALUE
[INFO ][2015-11-04 16:03:38,193][com.java.TestType] [ 5810] - field= TXT//input[contains(@placeholder, 'Name your Calcu')]
[DEBUG][2015-11-04 16:03:38,284][com.java.TestType] [ 5824] - Key:: Calusing_Keys  Value:: 
[INFO ][2015-11-04 16:03:38,284][com.java.SeleniumDriver] [  861] -  RESULT true
[INFO ][2015-11-04 16:03:38,284][com.java.SeleniumDriver] [ 1066] - ?   P A S S   ?
[INFO ][2015-11-04 16:03:38,284][com.java.SeleniumDriver] [  788] - ------------------------------------------
[INFO ][2015-11-04 16:03:38,284][com.java.SeleniumDriver] [  789] - Test case being Executed: 6
[INFO ][2015-11-04 16:03:38,284][com.java.SeleniumDriver] [  800] - Test step:17
[INFO ][2015-11-04 16:03:38,284][com.java.SeleniumDriver] [  812] - Datavalue is----------//div[@id='group-list']/ul/li//a
[INFO ][2015-11-04 16:03:38,284][com.java.SeleniumDriver] [  836] - DataField : BTN
[INFO ][2015-11-04 16:03:38,284][com.java.SeleniumDriver] [  838] - DataValue : //div[@id='group-list']/ul/li//a
[INFO ][2015-11-04 16:03:38,284][com.java.SeleniumDriver] [  844] - <In Set values of the page>
[INFO ][2015-11-04 16:03:38,284][com.java.SeleniumDriver] [  847] - {Data Fields & Data Values Exist}
[INFO ][2015-11-04 16:03:38,284][com.java.SeleniumDriver] [  849] - --------------------------setting values-----------------------------
[INFO ][2015-11-04 16:03:38,284][com.java.SeleniumDriver] [  852] - Action Type : verify
[INFO ][2015-11-04 16:03:38,284][com.java.TestType] [ 4876] - field= BTN value= //div[@id='group-list']/ul/li//a
[INFO ][2015-11-04 16:03:38,284][com.java.TestType] [ 3750] - value = //div[@id='group-list']/ul/li//a
[INFO ][2015-11-04 16:03:38,314][com.java.SeleniumDriver] [  861] -  RESULT true
[INFO ][2015-11-04 16:03:38,314][com.java.SeleniumDriver] [ 1066] - ?   P A S S   ?
[INFO ][2015-11-04 16:03:38,314][com.java.SeleniumDriver] [  788] - ------------------------------------------
[INFO ][2015-11-04 16:03:38,314][com.java.SeleniumDriver] [  789] - Test case being Executed: 6
[INFO ][2015-11-04 16:03:38,314][com.java.SeleniumDriver] [  800] - Test step:18
[INFO ][2015-11-04 16:03:38,314][com.java.SeleniumDriver] [  812] - Datavalue is----------5
[INFO ][2015-11-04 16:03:38,314][com.java.SeleniumDriver] [  836] - DataField : TXT//div[contains(@class, 'input-group btn-')]/input[contains(@class ,'ember-text-field form-')]
[INFO ][2015-11-04 16:03:38,314][com.java.SeleniumDriver] [  838] - DataValue : 5
[INFO ][2015-11-04 16:03:38,314][com.java.SeleniumDriver] [  844] - <In Set values of the page>
[INFO ][2015-11-04 16:03:38,314][com.java.SeleniumDriver] [  847] - {Data Fields & Data Values Exist}
[INFO ][2015-11-04 16:03:38,314][com.java.SeleniumDriver] [  849] - --------------------------setting values-----------------------------
[INFO ][2015-11-04 16:03:38,314][com.java.SeleniumDriver] [  852] - Action Type : enter
[INFO ][2015-11-04 16:03:38,314][com.java.TestType] [ 4383] - field = //div[contains(@class, 'input-group btn-')]/input[contains(@class ,'ember-text-field form-')]
[INFO ][2015-11-04 16:03:38,314][com.java.TestType] [ 3750] - value = 5
[INFO ][2015-11-04 16:03:38,734][com.java.SeleniumDriver] [  861] -  RESULT true
[INFO ][2015-11-04 16:03:38,734][com.java.SeleniumDriver] [ 1066] - ?   P A S S   ?
[INFO ][2015-11-04 16:03:38,734][com.java.SeleniumDriver] [  788] - ------------------------------------------
[INFO ][2015-11-04 16:03:38,734][com.java.SeleniumDriver] [  789] - Test case being Executed: 6
[INFO ][2015-11-04 16:03:38,734][com.java.SeleniumDriver] [  800] - Test step:19
[INFO ][2015-11-04 16:03:38,734][com.java.SeleniumDriver] [  812] - Datavalue is----------5
[INFO ][2015-11-04 16:03:38,734][com.java.SeleniumDriver] [  836] - DataField : XPH//button[text()='Constant']
[INFO ][2015-11-04 16:03:38,734][com.java.SeleniumDriver] [  838] - DataValue : 5
[INFO ][2015-11-04 16:03:38,734][com.java.SeleniumDriver] [  844] - <In Set values of the page>
[INFO ][2015-11-04 16:03:38,734][com.java.SeleniumDriver] [  847] - {Data Fields & Data Values Exist}
[INFO ][2015-11-04 16:03:38,734][com.java.SeleniumDriver] [  849] - --------------------------setting values-----------------------------
[INFO ][2015-11-04 16:03:38,734][com.java.SeleniumDriver] [  852] - Action Type : waitforelement
[INFO ][2015-11-04 16:03:38,764][com.java.SeleniumDriver] [  861] -  RESULT true
[INFO ][2015-11-04 16:03:38,764][com.java.SeleniumDriver] [ 1066] - ?   P A S S   ?
[INFO ][2015-11-04 16:03:38,764][com.java.SeleniumDriver] [  788] - ------------------------------------------
[INFO ][2015-11-04 16:03:38,764][com.java.SeleniumDriver] [  789] - Test case being Executed: 6
[INFO ][2015-11-04 16:03:38,764][com.java.SeleniumDriver] [  800] - Test step:20
[INFO ][2015-11-04 16:03:38,764][com.java.SeleniumDriver] [  812] - Datavalue is----------null
[DEBUG][2015-11-04 16:03:38,764][com.java.SeleniumDriver] [  830] - Exception: null
[INFO ][2015-11-04 16:03:38,764][com.java.SeleniumDriver] [  836] - DataField : XPH//button[text()='Constant']
[INFO ][2015-11-04 16:03:38,764][com.java.SeleniumDriver] [  838] - DataValue : 
[INFO ][2015-11-04 16:03:38,764][com.java.SeleniumDriver] [  844] - <In Set values of the page>
[INFO ][2015-11-04 16:03:38,764][com.java.SeleniumDriver] [  847] - {Data Fields & Data Values Exist}
[INFO ][2015-11-04 16:03:38,764][com.java.SeleniumDriver] [  849] - --------------------------setting values-----------------------------
[INFO ][2015-11-04 16:03:38,764][com.java.SeleniumDriver] [  852] - Action Type : click
[INFO ][2015-11-04 16:03:38,764][com.java.TestType] [ 4063] - Field ::XPH//button[text()='Constant']
[INFO ][2015-11-04 16:03:39,764][com.java.TestType] [ 4122] - BEFORE CLICK
[INFO ][2015-11-04 16:03:40,604][com.java.TestType] [ 4130] - Unable to click the object click on constant
[INFO ][2015-11-04 16:03:40,604][com.java.SeleniumDriver] [  861] -  RESULT true
[INFO ][2015-11-04 16:03:40,604][com.java.SeleniumDriver] [ 1066] - ?   P A S S   ?
[INFO ][2015-11-04 16:03:40,604][com.java.SeleniumDriver] [  788] - ------------------------------------------
[INFO ][2015-11-04 16:03:40,604][com.java.SeleniumDriver] [  789] - Test case being Executed: 6
[INFO ][2015-11-04 16:03:40,604][com.java.SeleniumDriver] [  800] - Test step:21
[INFO ][2015-11-04 16:03:40,604][com.java.SeleniumDriver] [  812] - Datavalue is----------3
[INFO ][2015-11-04 16:03:40,604][com.java.SeleniumDriver] [  836] - DataField : XPH//button[text()='Constant']
[INFO ][2015-11-04 16:03:40,604][com.java.SeleniumDriver] [  838] - DataValue : 3
[INFO ][2015-11-04 16:03:40,604][com.java.SeleniumDriver] [  844] - <In Set values of the page>
[INFO ][2015-11-04 16:03:40,604][com.java.SeleniumDriver] [  847] - {Data Fields & Data Values Exist}
[INFO ][2015-11-04 16:03:40,604][com.java.SeleniumDriver] [  849] - --------------------------setting values-----------------------------
[INFO ][2015-11-04 16:03:40,604][com.java.SeleniumDriver] [  852] - Action Type : waitforelement
[INFO ][2015-11-04 16:03:40,625][com.java.SeleniumDriver] [  861] -  RESULT true
[INFO ][2015-11-04 16:03:40,625][com.java.SeleniumDriver] [ 1066] - ?   P A S S   ?
[INFO ][2015-11-04 16:03:40,625][com.java.SeleniumDriver] [  788] - ------------------------------------------
[INFO ][2015-11-04 16:03:40,625][com.java.SeleniumDriver] [  789] - Test case being Executed: 6
[INFO ][2015-11-04 16:03:40,625][com.java.SeleniumDriver] [  800] - Test step:22
[INFO ][2015-11-04 16:03:40,625][com.java.SeleniumDriver] [  812] - Datavalue is----------null
[DEBUG][2015-11-04 16:03:40,625][com.java.SeleniumDriver] [  830] - Exception: null
[INFO ][2015-11-04 16:03:40,625][com.java.SeleniumDriver] [  836] - DataField : XPH//button[text()='+']
[INFO ][2015-11-04 16:03:40,625][com.java.SeleniumDriver] [  838] - DataValue : 
[INFO ][2015-11-04 16:03:40,625][com.java.SeleniumDriver] [  844] - <In Set values of the page>
[INFO ][2015-11-04 16:03:40,625][com.java.SeleniumDriver] [  847] - {Data Fields & Data Values Exist}
[INFO ][2015-11-04 16:03:40,625][com.java.SeleniumDriver] [  849] - --------------------------setting values-----------------------------
[INFO ][2015-11-04 16:03:40,625][com.java.SeleniumDriver] [  852] - Action Type : click
[INFO ][2015-11-04 16:03:40,625][com.java.TestType] [ 4063] - Field ::XPH//button[text()='+']
[INFO ][2015-11-04 16:03:41,625][com.java.TestType] [ 4122] - BEFORE CLICK
[INFO ][2015-11-04 16:03:42,365][com.java.TestType] [ 4130] - Unable to click the object enter operator
[INFO ][2015-11-04 16:03:42,365][com.java.SeleniumDriver] [  861] -  RESULT true
[INFO ][2015-11-04 16:03:42,365][com.java.SeleniumDriver] [ 1066] - ?   P A S S   ?
[INFO ][2015-11-04 16:03:42,365][com.java.SeleniumDriver] [  788] - ------------------------------------------
[INFO ][2015-11-04 16:03:42,365][com.java.SeleniumDriver] [  789] - Test case being Executed: 6
[INFO ][2015-11-04 16:03:42,365][com.java.SeleniumDriver] [  800] - Test step:23
[INFO ][2015-11-04 16:03:42,365][com.java.SeleniumDriver] [  812] - Datavalue is----------5
[INFO ][2015-11-04 16:03:42,365][com.java.SeleniumDriver] [  836] - DataField : TXT//div[contains(@class, 'input-group btn-')]/input[contains(@class ,'ember-text-field form-')]
[INFO ][2015-11-04 16:03:42,365][com.java.SeleniumDriver] [  838] - DataValue : 5
[INFO ][2015-11-04 16:03:42,365][com.java.SeleniumDriver] [  844] - <In Set values of the page>
[INFO ][2015-11-04 16:03:42,365][com.java.SeleniumDriver] [  847] - {Data Fields & Data Values Exist}
[INFO ][2015-11-04 16:03:42,365][com.java.SeleniumDriver] [  849] - --------------------------setting values-----------------------------
[INFO ][2015-11-04 16:03:42,365][com.java.SeleniumDriver] [  852] - Action Type : enter
[INFO ][2015-11-04 16:03:42,365][com.java.TestType] [ 4383] - field = //div[contains(@class, 'input-group btn-')]/input[contains(@class ,'ember-text-field form-')]
[INFO ][2015-11-04 16:03:42,365][com.java.TestType] [ 3750] - value = 5
[INFO ][2015-11-04 16:03:42,746][com.java.SeleniumDriver] [  861] -  RESULT true
[INFO ][2015-11-04 16:03:42,746][com.java.SeleniumDriver] [ 1066] - ?   P A S S   ?
[INFO ][2015-11-04 16:03:42,746][com.java.SeleniumDriver] [  788] - ------------------------------------------
[INFO ][2015-11-04 16:03:42,746][com.java.SeleniumDriver] [  789] - Test case being Executed: 6
[INFO ][2015-11-04 16:03:42,746][com.java.SeleniumDriver] [  800] - Test step:24
[INFO ][2015-11-04 16:03:42,746][com.java.SeleniumDriver] [  812] - Datavalue is----------3
[INFO ][2015-11-04 16:03:42,746][com.java.SeleniumDriver] [  836] - DataField : XPH//button[text()='Constant']
[INFO ][2015-11-04 16:03:42,746][com.java.SeleniumDriver] [  838] - DataValue : 3
[INFO ][2015-11-04 16:03:42,746][com.java.SeleniumDriver] [  844] - <In Set values of the page>
[INFO ][2015-11-04 16:03:42,746][com.java.SeleniumDriver] [  847] - {Data Fields & Data Values Exist}
[INFO ][2015-11-04 16:03:42,746][com.java.SeleniumDriver] [  849] - --------------------------setting values-----------------------------
[INFO ][2015-11-04 16:03:42,746][com.java.SeleniumDriver] [  852] - Action Type : waitforelement
[INFO ][2015-11-04 16:03:42,776][com.java.SeleniumDriver] [  861] -  RESULT true
[INFO ][2015-11-04 16:03:42,776][com.java.SeleniumDriver] [ 1066] - ?   P A S S   ?
[INFO ][2015-11-04 16:03:42,776][com.java.SeleniumDriver] [  788] - ------------------------------------------
[INFO ][2015-11-04 16:03:42,776][com.java.SeleniumDriver] [  789] - Test case being Executed: 6
[INFO ][2015-11-04 16:03:42,776][com.java.SeleniumDriver] [  800] - Test step:25
[INFO ][2015-11-04 16:03:42,776][com.java.SeleniumDriver] [  812] - Datavalue is----------null
[DEBUG][2015-11-04 16:03:42,776][com.java.SeleniumDriver] [  830] - Exception: null
[INFO ][2015-11-04 16:03:42,776][com.java.SeleniumDriver] [  836] - DataField : XPH//button[text()='Constant']
[INFO ][2015-11-04 16:03:42,776][com.java.SeleniumDriver] [  838] - DataValue : 
[INFO ][2015-11-04 16:03:42,776][com.java.SeleniumDriver] [  844] - <In Set values of the page>
[INFO ][2015-11-04 16:03:42,776][com.java.SeleniumDriver] [  847] - {Data Fields & Data Values Exist}
[INFO ][2015-11-04 16:03:42,776][com.java.SeleniumDriver] [  849] - --------------------------setting values-----------------------------
[INFO ][2015-11-04 16:03:42,776][com.java.SeleniumDriver] [  852] - Action Type : click
[INFO ][2015-11-04 16:03:42,776][com.java.TestType] [ 4063] - Field ::XPH//button[text()='Constant']
[INFO ][2015-11-04 16:03:43,776][com.java.TestType] [ 4122] - BEFORE CLICK
[INFO ][2015-11-04 16:03:44,526][com.java.TestType] [ 4130] - Unable to click the object click constant
[INFO ][2015-11-04 16:03:44,526][com.java.SeleniumDriver] [  861] -  RESULT true
[INFO ][2015-11-04 16:03:44,526][com.java.SeleniumDriver] [ 1066] - ?   P A S S   ?
[INFO ][2015-11-04 16:03:44,526][com.java.SeleniumDriver] [  788] - ------------------------------------------
[INFO ][2015-11-04 16:03:44,526][com.java.SeleniumDriver] [  789] - Test case being Executed: 6
[INFO ][2015-11-04 16:03:44,526][com.java.SeleniumDriver] [  800] - Test step:26
[INFO ][2015-11-04 16:03:44,526][com.java.SeleniumDriver] [  812] - Datavalue is----------3
[INFO ][2015-11-04 16:03:44,526][com.java.SeleniumDriver] [  836] - DataField : XPH//button[text()='-']
[INFO ][2015-11-04 16:03:44,526][com.java.SeleniumDriver] [  838] - DataValue : 3
[INFO ][2015-11-04 16:03:44,526][com.java.SeleniumDriver] [  844] - <In Set values of the page>
[INFO ][2015-11-04 16:03:44,526][com.java.SeleniumDriver] [  847] - {Data Fields & Data Values Exist}
[INFO ][2015-11-04 16:03:44,526][com.java.SeleniumDriver] [  849] - --------------------------setting values-----------------------------
[INFO ][2015-11-04 16:03:44,526][com.java.SeleniumDriver] [  852] - Action Type : waitforelement
[INFO ][2015-11-04 16:03:44,557][com.java.SeleniumDriver] [  861] -  RESULT true
[INFO ][2015-11-04 16:03:44,557][com.java.SeleniumDriver] [ 1066] - ?   P A S S   ?
[INFO ][2015-11-04 16:03:44,557][com.java.SeleniumDriver] [  788] - ------------------------------------------
[INFO ][2015-11-04 16:03:44,557][com.java.SeleniumDriver] [  789] - Test case being Executed: 6
[INFO ][2015-11-04 16:03:44,557][com.java.SeleniumDriver] [  800] - Test step:27
[INFO ][2015-11-04 16:03:44,557][com.java.SeleniumDriver] [  812] - Datavalue is----------null
[DEBUG][2015-11-04 16:03:44,557][com.java.SeleniumDriver] [  830] - Exception: null
[INFO ][2015-11-04 16:03:44,557][com.java.SeleniumDriver] [  836] - DataField : XPH//button[text()='-']
[INFO ][2015-11-04 16:03:44,557][com.java.SeleniumDriver] [  838] - DataValue : 
[INFO ][2015-11-04 16:03:44,557][com.java.SeleniumDriver] [  844] - <In Set values of the page>
[INFO ][2015-11-04 16:03:44,557][com.java.SeleniumDriver] [  847] - {Data Fields & Data Values Exist}
[INFO ][2015-11-04 16:03:44,557][com.java.SeleniumDriver] [  849] - --------------------------setting values-----------------------------
[INFO ][2015-11-04 16:03:44,557][com.java.SeleniumDriver] [  852] - Action Type : click
[INFO ][2015-11-04 16:03:44,557][com.java.TestType] [ 4063] - Field ::XPH//button[text()='-']
[INFO ][2015-11-04 16:03:45,557][com.java.TestType] [ 4122] - BEFORE CLICK
[INFO ][2015-11-04 16:03:46,367][com.java.TestType] [ 4130] - Unable to click the object enter operator
[INFO ][2015-11-04 16:03:46,367][com.java.SeleniumDriver] [  861] -  RESULT true
[INFO ][2015-11-04 16:03:46,367][com.java.SeleniumDriver] [ 1066] - ?   P A S S   ?
[INFO ][2015-11-04 16:03:46,367][com.java.SeleniumDriver] [  788] - ------------------------------------------
[INFO ][2015-11-04 16:03:46,367][com.java.SeleniumDriver] [  789] - Test case being Executed: 6
[INFO ][2015-11-04 16:03:46,367][com.java.SeleniumDriver] [  800] - Test step:28
[INFO ][2015-11-04 16:03:46,367][com.java.SeleniumDriver] [  812] - Datavalue is----------3
[INFO ][2015-11-04 16:03:46,367][com.java.SeleniumDriver] [  836] - DataField : XPH//div[contains(@class, 'input-group btn-')]/input[contains(@class ,'ember-text-field form-')]
[INFO ][2015-11-04 16:03:46,367][com.java.SeleniumDriver] [  838] - DataValue : 3
[INFO ][2015-11-04 16:03:46,367][com.java.SeleniumDriver] [  844] - <In Set values of the page>
[INFO ][2015-11-04 16:03:46,367][com.java.SeleniumDriver] [  847] - {Data Fields & Data Values Exist}
[INFO ][2015-11-04 16:03:46,367][com.java.SeleniumDriver] [  849] - --------------------------setting values-----------------------------
[INFO ][2015-11-04 16:03:46,367][com.java.SeleniumDriver] [  852] - Action Type : waitforelement
[INFO ][2015-11-04 16:03:46,388][com.java.SeleniumDriver] [  861] -  RESULT true
[INFO ][2015-11-04 16:03:46,388][com.java.SeleniumDriver] [ 1066] - ?   P A S S   ?
[INFO ][2015-11-04 16:03:46,388][com.java.SeleniumDriver] [  788] - ------------------------------------------
[INFO ][2015-11-04 16:03:46,388][com.java.SeleniumDriver] [  789] - Test case being Executed: 6
[INFO ][2015-11-04 16:03:46,388][com.java.SeleniumDriver] [  800] - Test step:29
[INFO ][2015-11-04 16:03:46,388][com.java.SeleniumDriver] [  812] - Datavalue is----------5
[INFO ][2015-11-04 16:03:46,388][com.java.SeleniumDriver] [  836] - DataField : TXT//div[contains(@class, 'input-group btn-')]/input[contains(@class ,'ember-text-field form-')]
[INFO ][2015-11-04 16:03:46,388][com.java.SeleniumDriver] [  838] - DataValue : 5
[INFO ][2015-11-04 16:03:46,388][com.java.SeleniumDriver] [  844] - <In Set values of the page>
[INFO ][2015-11-04 16:03:46,388][com.java.SeleniumDriver] [  847] - {Data Fields & Data Values Exist}
[INFO ][2015-11-04 16:03:46,388][com.java.SeleniumDriver] [  849] - --------------------------setting values-----------------------------
[INFO ][2015-11-04 16:03:46,388][com.java.SeleniumDriver] [  852] - Action Type : enter
[INFO ][2015-11-04 16:03:46,388][com.java.TestType] [ 4383] - field = //div[contains(@class, 'input-group btn-')]/input[contains(@class ,'ember-text-field form-')]
[INFO ][2015-11-04 16:03:46,388][com.java.TestType] [ 3750] - value = 5
[INFO ][2015-11-04 16:03:46,768][com.java.SeleniumDriver] [  861] -  RESULT true
[INFO ][2015-11-04 16:03:46,768][com.java.SeleniumDriver] [ 1066] - ?   P A S S   ?
[INFO ][2015-11-04 16:03:46,768][com.java.SeleniumDriver] [  788] - ------------------------------------------
[INFO ][2015-11-04 16:03:46,768][com.java.SeleniumDriver] [  789] - Test case being Executed: 6
[INFO ][2015-11-04 16:03:46,768][com.java.SeleniumDriver] [  800] - Test step:30
[INFO ][2015-11-04 16:03:46,768][com.java.SeleniumDriver] [  812] - Datavalue is----------3
[INFO ][2015-11-04 16:03:46,768][com.java.SeleniumDriver] [  836] - DataField : XPH//button[text()='Constant']
[INFO ][2015-11-04 16:03:46,768][com.java.SeleniumDriver] [  838] - DataValue : 3
[INFO ][2015-11-04 16:03:46,768][com.java.SeleniumDriver] [  844] - <In Set values of the page>
[INFO ][2015-11-04 16:03:46,768][com.java.SeleniumDriver] [  847] - {Data Fields & Data Values Exist}
[INFO ][2015-11-04 16:03:46,768][com.java.SeleniumDriver] [  849] - --------------------------setting values-----------------------------
[INFO ][2015-11-04 16:03:46,768][com.java.SeleniumDriver] [  852] - Action Type : waitforelement
[INFO ][2015-11-04 16:03:46,788][com.java.SeleniumDriver] [  861] -  RESULT true
[INFO ][2015-11-04 16:03:46,788][com.java.SeleniumDriver] [ 1066] - ?   P A S S   ?
[INFO ][2015-11-04 16:03:46,788][com.java.SeleniumDriver] [  788] - ------------------------------------------
[INFO ][2015-11-04 16:03:46,788][com.java.SeleniumDriver] [  789] - Test case being Executed: 6
[INFO ][2015-11-04 16:03:46,788][com.java.SeleniumDriver] [  800] - Test step:31
[INFO ][2015-11-04 16:03:46,788][com.java.SeleniumDriver] [  812] - Datavalue is----------null
[DEBUG][2015-11-04 16:03:46,788][com.java.SeleniumDriver] [  830] - Exception: null
[INFO ][2015-11-04 16:03:46,788][com.java.SeleniumDriver] [  836] - DataField : XPH//button[text()='Constant']
[INFO ][2015-11-04 16:03:46,788][com.java.SeleniumDriver] [  838] - DataValue : 
[INFO ][2015-11-04 16:03:46,788][com.java.SeleniumDriver] [  844] - <In Set values of the page>
[INFO ][2015-11-04 16:03:46,788][com.java.SeleniumDriver] [  847] - {Data Fields & Data Values Exist}
[INFO ][2015-11-04 16:03:46,788][com.java.SeleniumDriver] [  849] - --------------------------setting values-----------------------------
[INFO ][2015-11-04 16:03:46,788][com.java.SeleniumDriver] [  852] - Action Type : click
[INFO ][2015-11-04 16:03:46,788][com.java.TestType] [ 4063] - Field ::XPH//button[text()='Constant']
[INFO ][2015-11-04 16:03:47,788][com.java.TestType] [ 4122] - BEFORE CLICK
