[INFO ][2015-11-18 17:24:47,649][com.java.SeleniumDriver] [  213] - Execute Failed Casesfalse
[INFO ][2015-11-18 17:24:47,655][com.java.SeleniumDriver] [  214] - Browser: IE10
[INFO ][2015-11-18 17:24:47,655][com.java.SeleniumDriver] [  215] - [1, 6]
[INFO ][2015-11-18 17:24:47,655][com.java.SeleniumDriver] [  216] - Total TestCases:2
[INFO ][2015-11-18 17:24:47,655][com.java.SeleniumDriver] [  217] -  Reading Properties from Property File 
[DEBUG][2015-11-18 17:24:47,656][com.java.SeleniumDriver] [  238] - url : https://clients-xuat.bankersdashboard.com
[INFO ][2015-11-18 17:24:47,657][com.java.ImportnExport.ExportTestResultsExcel] [  116] - Time Stamp Wed Nov 18 05:24:47 IST 2015
[INFO ][2015-11-18 17:24:47,658][com.java.ImportnExport.ExportTestResultsExcel] [  175] - OUT FILE : D:\BankersDashboard/TestReports/Test Results_BankersDashBoard_111815_172447_IE10_Any Bank USA.xls
[INFO ][2015-11-18 17:24:47,687][com.java.ImportnExport.ExportTestResultsExcel] [  180] - Test Result file is created
[DEBUG][2015-11-18 17:24:47,790][com.java.SeleniumDriver] [  425] - Hub ip address is-------172.17.68.34
[INFO ][2015-11-18 17:24:47,790][com.java.SeleniumDriver] [  451] - Grid URL:http://172.17.68.34:4444/wd/hub
[INFO ][2015-11-18 17:24:47,791][com.java.SeleniumDriver] [  452] - Capability:Capabilities [{platform=ANY, ensureCleanSession=true, ignoreProtectedModeSettings=true, acceptSslCerts=true, ignoreZoomSetting=true, browserName=internet explorer, browserstack.ie.noFlash=true, version=null}]
[ERROR][2015-11-18 17:24:49,094][com.java.SeleniumDriver] [  496] - Unable invoke browser in grid:Could not start a new session. Possible causes are invalid address of the remote server or browser start-up failure.
Build info: version: '2.48.2', revision: '41bccdd', time: '2015-10-09 19:59:12'
System info: host: 'FVTIII438F1D', ip: '172.17.68.34', os.name: 'Windows 7', os.arch: 'x86', os.version: '6.1', java.version: '1.7.0_55'
Driver info: driver.version: SeleniumDriver
[INFO ][2015-11-18 17:24:49,094][com.java.SeleniumDriver] [  498] - Executing on local machine
[INFO ][2015-11-18 17:24:58,515][com.java.SeleniumDriver] [  248] - IE10is opened
[INFO ][2015-11-18 17:24:59,142][com.java.SeleniumDriver] [  753] - Test cases to be executed are: [1, 6]
[INFO ][2015-11-18 17:24:59,160][com.java.ImportnExport.ImportTestDataDetailsExcel] [   49] - test data details path===== D:\BankersDashboard\TestInputs\TestData.xls
[INFO ][2015-11-18 17:24:59,207][com.java.SeleniumDriver] [  796] - ------------------------------------------
[INFO ][2015-11-18 17:24:59,208][com.java.SeleniumDriver] [  797] - Test case being Executed: 1
[INFO ][2015-11-18 17:24:59,208][com.java.SeleniumDriver] [  808] - Test step:1
[INFO ][2015-11-18 17:24:59,208][com.java.SeleniumDriver] [  820] - Datavalue is----------Concept#1:1-14
[INFO ][2015-11-18 17:24:59,208][com.java.SeleniumDriver] [  844] - DataField : test
[INFO ][2015-11-18 17:24:59,208][com.java.SeleniumDriver] [  846] - DataValue : Concept#1:1-14
[INFO ][2015-11-18 17:24:59,208][com.java.SeleniumDriver] [  852] - <In Set values of the page>
[INFO ][2015-11-18 17:24:59,208][com.java.SeleniumDriver] [  855] - {Data Fields & Data Values Exist}
[INFO ][2015-11-18 17:24:59,208][com.java.SeleniumDriver] [  857] - --------------------------setting values-----------------------------
[INFO ][2015-11-18 17:24:59,208][com.java.SeleniumDriver] [  860] - Action Type : ExecuteTestCase
[INFO ][2015-11-18 17:24:59,227][com.java.TestType] [  423] - The Concept sheet name is ---------- Concept
[INFO ][2015-11-18 17:24:59,227][com.java.TestType] [  426] - The Concept ID  is ---------- 1
[DEBUG][2015-11-18 17:24:59,227][com.java.TestType] [  430] - Steps being executted in the Concept are: 1:14
[INFO ][2015-11-18 17:24:59,227][com.java.TestType] [  437] - Test data details path ---------- D:\BankersDashboard\TestInputs\TestData.xls
[INFO ][2015-11-18 17:24:59,263][com.java.TestType] [  468] -  str(1) = 1
[INFO ][2015-11-18 17:24:59,263][com.java.TestType] [  471] - Test case Id is---1
[INFO ][2015-11-18 17:24:59,263][com.java.TestType] [  473] - 1
[INFO ][2015-11-18 17:24:59,263][com.java.TestType] [  468] -  str(2) = 1
[INFO ][2015-11-18 17:24:59,267][com.java.TestType] [  520] - row values are--------{1=com.java.Objects.TestDataDetails@1c9b12c}
[INFO ][2015-11-18 17:24:59,267][com.java.TestType] [  468] -  str(1) = 1
[INFO ][2015-11-18 17:24:59,267][com.java.TestType] [  471] - Test case Id is---1
[INFO ][2015-11-18 17:24:59,268][com.java.TestType] [  473] - 1
[INFO ][2015-11-18 17:24:59,268][com.java.TestType] [  468] -  str(2) = 2
[INFO ][2015-11-18 17:24:59,269][com.java.TestType] [  520] - row values are--------{1=com.java.Objects.TestDataDetails@1c9b12c, 2=com.java.Objects.TestDataDetails@1ff9980}
[INFO ][2015-11-18 17:24:59,269][com.java.TestType] [  468] -  str(1) = 1
[INFO ][2015-11-18 17:24:59,269][com.java.TestType] [  471] - Test case Id is---1
[INFO ][2015-11-18 17:24:59,269][com.java.TestType] [  473] - 1
[INFO ][2015-11-18 17:24:59,269][com.java.TestType] [  468] -  str(2) = 3
[INFO ][2015-11-18 17:24:59,271][com.java.TestType] [  520] - row values are--------{1=com.java.Objects.TestDataDetails@1c9b12c, 2=com.java.Objects.TestDataDetails@1ff9980, 3=com.java.Objects.TestDataDetails@470c64}
[INFO ][2015-11-18 17:24:59,271][com.java.TestType] [  468] -  str(1) = 1
[INFO ][2015-11-18 17:24:59,271][com.java.TestType] [  471] - Test case Id is---1
[INFO ][2015-11-18 17:24:59,271][com.java.TestType] [  473] - 1
[INFO ][2015-11-18 17:24:59,271][com.java.TestType] [  468] -  str(2) = 4
[INFO ][2015-11-18 17:24:59,273][com.java.TestType] [  520] - row values are--------{1=com.java.Objects.TestDataDetails@1c9b12c, 2=com.java.Objects.TestDataDetails@1ff9980, 3=com.java.Objects.TestDataDetails@470c64, 4=com.java.Objects.TestDataDetails@1eba425}
[INFO ][2015-11-18 17:24:59,273][com.java.TestType] [  468] -  str(1) = 1
[INFO ][2015-11-18 17:24:59,273][com.java.TestType] [  471] - Test case Id is---1
[INFO ][2015-11-18 17:24:59,273][com.java.TestType] [  473] - 1
[INFO ][2015-11-18 17:24:59,273][com.java.TestType] [  468] -  str(2) = 5
[INFO ][2015-11-18 17:24:59,274][com.java.TestType] [  520] - row values are--------{1=com.java.Objects.TestDataDetails@1c9b12c, 2=com.java.Objects.TestDataDetails@1ff9980, 3=com.java.Objects.TestDataDetails@470c64, 4=com.java.Objects.TestDataDetails@1eba425, 5=com.java.Objects.TestDataDetails@1b81acf}
[INFO ][2015-11-18 17:24:59,274][com.java.TestType] [  468] -  str(1) = 1
[INFO ][2015-11-18 17:24:59,276][com.java.TestType] [  471] - Test case Id is---1
[INFO ][2015-11-18 17:24:59,276][com.java.TestType] [  473] - 1
[INFO ][2015-11-18 17:24:59,276][com.java.TestType] [  468] -  str(2) = 6
[INFO ][2015-11-18 17:24:59,277][com.java.TestType] [  520] - row values are--------{1=com.java.Objects.TestDataDetails@1c9b12c, 2=com.java.Objects.TestDataDetails@1ff9980, 3=com.java.Objects.TestDataDetails@470c64, 4=com.java.Objects.TestDataDetails@1eba425, 5=com.java.Objects.TestDataDetails@1b81acf, 6=com.java.Objects.TestDataDetails@1e244b5}
[INFO ][2015-11-18 17:24:59,277][com.java.TestType] [  468] -  str(1) = 1
[INFO ][2015-11-18 17:24:59,277][com.java.TestType] [  471] - Test case Id is---1
[INFO ][2015-11-18 17:24:59,277][com.java.TestType] [  473] - 1
[INFO ][2015-11-18 17:24:59,278][com.java.TestType] [  468] -  str(2) = 7
[INFO ][2015-11-18 17:24:59,278][com.java.TestType] [  520] - row values are--------{1=com.java.Objects.TestDataDetails@1c9b12c, 2=com.java.Objects.TestDataDetails@1ff9980, 3=com.java.Objects.TestDataDetails@470c64, 4=com.java.Objects.TestDataDetails@1eba425, 5=com.java.Objects.TestDataDetails@1b81acf, 6=com.java.Objects.TestDataDetails@1e244b5, 7=com.java.Objects.TestDataDetails@13fba84}
[INFO ][2015-11-18 17:24:59,278][com.java.TestType] [  468] -  str(1) = 1
[INFO ][2015-11-18 17:24:59,279][com.java.TestType] [  471] - Test case Id is---1
[INFO ][2015-11-18 17:24:59,279][com.java.TestType] [  473] - 1
[INFO ][2015-11-18 17:24:59,279][com.java.TestType] [  468] -  str(2) = 8
[INFO ][2015-11-18 17:24:59,279][com.java.TestType] [  520] - row values are--------{1=com.java.Objects.TestDataDetails@1c9b12c, 2=com.java.Objects.TestDataDetails@1ff9980, 3=com.java.Objects.TestDataDetails@470c64, 4=com.java.Objects.TestDataDetails@1eba425, 5=com.java.Objects.TestDataDetails@1b81acf, 6=com.java.Objects.TestDataDetails@1e244b5, 7=com.java.Objects.TestDataDetails@13fba84, 8=com.java.Objects.TestDataDetails@1ff8e70}
[INFO ][2015-11-18 17:24:59,280][com.java.TestType] [  468] -  str(1) = 1
[INFO ][2015-11-18 17:24:59,280][com.java.TestType] [  471] - Test case Id is---1
[INFO ][2015-11-18 17:24:59,280][com.java.TestType] [  473] - 1
[INFO ][2015-11-18 17:24:59,280][com.java.TestType] [  468] -  str(2) = 9
[INFO ][2015-11-18 17:24:59,281][com.java.TestType] [  520] - row values are--------{1=com.java.Objects.TestDataDetails@1c9b12c, 2=com.java.Objects.TestDataDetails@1ff9980, 3=com.java.Objects.TestDataDetails@470c64, 4=com.java.Objects.TestDataDetails@1eba425, 5=com.java.Objects.TestDataDetails@1b81acf, 6=com.java.Objects.TestDataDetails@1e244b5, 7=com.java.Objects.TestDataDetails@13fba84, 8=com.java.Objects.TestDataDetails@1ff8e70, 9=com.java.Objects.TestDataDetails@1b40e7e}
[INFO ][2015-11-18 17:24:59,281][com.java.TestType] [  468] -  str(1) = 1
[INFO ][2015-11-18 17:24:59,281][com.java.TestType] [  471] - Test case Id is---1
[INFO ][2015-11-18 17:24:59,281][com.java.TestType] [  473] - 1
[INFO ][2015-11-18 17:24:59,281][com.java.TestType] [  468] -  str(2) = 10
[INFO ][2015-11-18 17:24:59,282][com.java.TestType] [  520] - row values are--------{1=com.java.Objects.TestDataDetails@1c9b12c, 2=com.java.Objects.TestDataDetails@1ff9980, 3=com.java.Objects.TestDataDetails@470c64, 4=com.java.Objects.TestDataDetails@1eba425, 5=com.java.Objects.TestDataDetails@1b81acf, 6=com.java.Objects.TestDataDetails@1e244b5, 7=com.java.Objects.TestDataDetails@13fba84, 8=com.java.Objects.TestDataDetails@1ff8e70, 9=com.java.Objects.TestDataDetails@1b40e7e, 10=com.java.Objects.TestDataDetails@77d66}
[INFO ][2015-11-18 17:24:59,283][com.java.TestType] [  468] -  str(1) = 1
[INFO ][2015-11-18 17:24:59,283][com.java.TestType] [  471] - Test case Id is---1
[INFO ][2015-11-18 17:24:59,283][com.java.TestType] [  473] - 1
[INFO ][2015-11-18 17:24:59,283][com.java.TestType] [  468] -  str(2) = 11
[INFO ][2015-11-18 17:24:59,284][com.java.TestType] [  520] - row values are--------{1=com.java.Objects.TestDataDetails@1c9b12c, 2=com.java.Objects.TestDataDetails@1ff9980, 3=com.java.Objects.TestDataDetails@470c64, 4=com.java.Objects.TestDataDetails@1eba425, 5=com.java.Objects.TestDataDetails@1b81acf, 6=com.java.Objects.TestDataDetails@1e244b5, 7=com.java.Objects.TestDataDetails@13fba84, 8=com.java.Objects.TestDataDetails@1ff8e70, 9=com.java.Objects.TestDataDetails@1b40e7e, 10=com.java.Objects.TestDataDetails@77d66, 11=com.java.Objects.TestDataDetails@19a12cb}
[INFO ][2015-11-18 17:24:59,284][com.java.TestType] [  468] -  str(1) = 1
[INFO ][2015-11-18 17:24:59,285][com.java.TestType] [  471] - Test case Id is---1
[INFO ][2015-11-18 17:24:59,285][com.java.TestType] [  473] - 1
[INFO ][2015-11-18 17:24:59,285][com.java.TestType] [  468] -  str(2) = 12
[INFO ][2015-11-18 17:24:59,286][com.java.TestType] [  520] - row values are--------{1=com.java.Objects.TestDataDetails@1c9b12c, 2=com.java.Objects.TestDataDetails@1ff9980, 3=com.java.Objects.TestDataDetails@470c64, 4=com.java.Objects.TestDataDetails@1eba425, 5=com.java.Objects.TestDataDetails@1b81acf, 6=com.java.Objects.TestDataDetails@1e244b5, 7=com.java.Objects.TestDataDetails@13fba84, 8=com.java.Objects.TestDataDetails@1ff8e70, 9=com.java.Objects.TestDataDetails@1b40e7e, 10=com.java.Objects.TestDataDetails@77d66, 11=com.java.Objects.TestDataDetails@19a12cb, 12=com.java.Objects.TestDataDetails@1ebc96b}
[INFO ][2015-11-18 17:24:59,286][com.java.TestType] [  468] -  str(1) = 1
[INFO ][2015-11-18 17:24:59,286][com.java.TestType] [  471] - Test case Id is---1
[INFO ][2015-11-18 17:24:59,286][com.java.TestType] [  473] - 1
[INFO ][2015-11-18 17:24:59,286][com.java.TestType] [  468] -  str(2) = 13
[INFO ][2015-11-18 17:24:59,287][com.java.TestType] [  520] - row values are--------{1=com.java.Objects.TestDataDetails@1c9b12c, 2=com.java.Objects.TestDataDetails@1ff9980, 3=com.java.Objects.TestDataDetails@470c64, 4=com.java.Objects.TestDataDetails@1eba425, 5=com.java.Objects.TestDataDetails@1b81acf, 6=com.java.Objects.TestDataDetails@1e244b5, 7=com.java.Objects.TestDataDetails@13fba84, 8=com.java.Objects.TestDataDetails@1ff8e70, 9=com.java.Objects.TestDataDetails@1b40e7e, 10=com.java.Objects.TestDataDetails@77d66, 11=com.java.Objects.TestDataDetails@19a12cb, 12=com.java.Objects.TestDataDetails@1ebc96b, 13=com.java.Objects.TestDataDetails@10ca790}
[INFO ][2015-11-18 17:24:59,287][com.java.TestType] [  468] -  str(1) = 1
[INFO ][2015-11-18 17:24:59,287][com.java.TestType] [  471] - Test case Id is---1
[INFO ][2015-11-18 17:24:59,287][com.java.TestType] [  473] - 1
[INFO ][2015-11-18 17:24:59,287][com.java.TestType] [  468] -  str(2) = 14
[INFO ][2015-11-18 17:24:59,288][com.java.TestType] [  520] - row values are--------{1=com.java.Objects.TestDataDetails@1c9b12c, 2=com.java.Objects.TestDataDetails@1ff9980, 3=com.java.Objects.TestDataDetails@470c64, 4=com.java.Objects.TestDataDetails@1eba425, 5=com.java.Objects.TestDataDetails@1b81acf, 6=com.java.Objects.TestDataDetails@1e244b5, 7=com.java.Objects.TestDataDetails@13fba84, 8=com.java.Objects.TestDataDetails@1ff8e70, 9=com.java.Objects.TestDataDetails@1b40e7e, 10=com.java.Objects.TestDataDetails@77d66, 11=com.java.Objects.TestDataDetails@19a12cb, 12=com.java.Objects.TestDataDetails@1ebc96b, 13=com.java.Objects.TestDataDetails@10ca790, 14=com.java.Objects.TestDataDetails@f3ed4d}
[INFO ][2015-11-18 17:24:59,288][com.java.TestType] [ 8799] - Looping 1TCID = 1
[DEBUG][2015-11-18 17:24:59,288][com.java.TestType] [ 8840] - Concept ID:1 :: Step being Executed: 1::1
[INFO ][2015-11-18 17:24:59,289][com.java.TestType] [ 8878] - dataFields : TXTusername
[DEBUG][2015-11-18 17:24:59,289][com.java.TestType] [ 8884] - <In Set values of the page>
[DEBUG][2015-11-18 17:24:59,289][com.java.TestType] [ 8889] - {Data Fields & Data Values Exist}
[INFO ][2015-11-18 17:24:59,289][com.java.TestType] [ 8895] - --------------------------setting values-----------------------------
[INFO ][2015-11-18 17:24:59,289][com.java.TestType] [ 8898] - Action Type : CLEARANDENTER
[INFO ][2015-11-18 17:24:59,289][com.java.TestType] [ 4454] - value = naresh.nayini.00000
[INFO ][2015-11-18 17:25:03,947][com.java.TestType] [ 8917] -  RESULT true
[INFO ][2015-11-18 17:25:03,947][com.java.TestType] [ 9034] - ?   P A S S   ?
[DEBUG][2015-11-18 17:25:03,948][com.java.TestType] [ 8840] - Concept ID:1 :: Step being Executed: 1::2
[INFO ][2015-11-18 17:25:03,948][com.java.TestType] [ 8878] - dataFields : TXTpassword
[DEBUG][2015-11-18 17:25:03,948][com.java.TestType] [ 8884] - <In Set values of the page>
[DEBUG][2015-11-18 17:25:03,948][com.java.TestType] [ 8889] - {Data Fields & Data Values Exist}
[INFO ][2015-11-18 17:25:03,948][com.java.TestType] [ 8895] - --------------------------setting values-----------------------------
[INFO ][2015-11-18 17:25:03,948][com.java.TestType] [ 8898] - Action Type : CLEARANDENTER
[INFO ][2015-11-18 17:25:03,948][com.java.TestType] [ 4454] - value = Password1*
[INFO ][2015-11-18 17:25:08,701][com.java.TestType] [ 8917] -  RESULT true
[INFO ][2015-11-18 17:25:08,701][com.java.TestType] [ 9034] - ?   P A S S   ?
[DEBUG][2015-11-18 17:25:08,701][com.java.TestType] [ 8840] - Concept ID:1 :: Step being Executed: 1::3
[ERROR][2015-11-18 17:25:08,701][com.java.TestType] [ 8873] - Exception: null
[INFO ][2015-11-18 17:25:08,701][com.java.TestType] [ 8878] - dataFields : XPH//button[@type='submit']
[DEBUG][2015-11-18 17:25:08,701][com.java.TestType] [ 8884] - <In Set values of the page>
[DEBUG][2015-11-18 17:25:08,702][com.java.TestType] [ 8889] - {Data Fields & Data Values Exist}
[INFO ][2015-11-18 17:25:08,702][com.java.TestType] [ 8895] - --------------------------setting values-----------------------------
[INFO ][2015-11-18 17:25:08,702][com.java.TestType] [ 8898] - Action Type : Click
[INFO ][2015-11-18 17:25:08,702][com.java.TestType] [ 4767] - Field ::XPH//button[@type='submit']
[INFO ][2015-11-18 17:25:09,702][com.java.TestType] [ 4826] - BEFORE CLICK
[INFO ][2015-11-18 17:25:10,510][com.java.TestType] [ 4834] - Unable to click the object Login
[INFO ][2015-11-18 17:25:10,510][com.java.TestType] [ 8917] -  RESULT true
[INFO ][2015-11-18 17:25:10,510][com.java.TestType] [ 9034] - ?   P A S S   ?
[DEBUG][2015-11-18 17:25:10,510][com.java.TestType] [ 8840] - Concept ID:1 :: Step being Executed: 1::4
[INFO ][2015-11-18 17:25:10,510][com.java.TestType] [ 8878] - dataFields : LNKLogout
[DEBUG][2015-11-18 17:25:10,510][com.java.TestType] [ 8884] - <In Set values of the page>
[DEBUG][2015-11-18 17:25:10,510][com.java.TestType] [ 8889] - {Data Fields & Data Values Exist}
[INFO ][2015-11-18 17:25:10,510][com.java.TestType] [ 8895] - --------------------------setting values-----------------------------
[INFO ][2015-11-18 17:25:10,510][com.java.TestType] [ 8898] - Action Type : WaitForElement
[INFO ][2015-11-18 17:25:20,423][com.java.TestType] [ 8917] -  RESULT true
[INFO ][2015-11-18 17:25:20,423][com.java.TestType] [ 9034] - ?   P A S S   ?
[DEBUG][2015-11-18 17:25:20,423][com.java.TestType] [ 8840] - Concept ID:1 :: Step being Executed: 1::13
[INFO ][2015-11-18 17:25:20,423][com.java.TestType] [ 8878] - dataFields : LNK
[DEBUG][2015-11-18 17:25:20,423][com.java.TestType] [ 8884] - <In Set values of the page>
[DEBUG][2015-11-18 17:25:20,423][com.java.TestType] [ 8889] - {Data Fields & Data Values Exist}
[INFO ][2015-11-18 17:25:20,423][com.java.TestType] [ 8895] - --------------------------setting values-----------------------------
[INFO ][2015-11-18 17:25:20,424][com.java.TestType] [ 8898] - Action Type : Verify
[INFO ][2015-11-18 17:25:20,424][com.java.TestType] [ 5561] - field= LNK value= Logout
[INFO ][2015-11-18 17:25:20,425][com.java.TestType] [ 4454] - value = Logout
[INFO ][2015-11-18 17:25:20,459][com.java.TestType] [ 8917] -  RESULT true
[INFO ][2015-11-18 17:25:20,459][com.java.TestType] [ 9034] - ?   P A S S   ?
[DEBUG][2015-11-18 17:25:20,459][com.java.TestType] [ 8840] - Concept ID:1 :: Step being Executed: 1::14
[INFO ][2015-11-18 17:25:20,459][com.java.TestType] [ 8878] - dataFields : BTN
[DEBUG][2015-11-18 17:25:20,460][com.java.TestType] [ 8884] - <In Set values of the page>
[DEBUG][2015-11-18 17:25:20,460][com.java.TestType] [ 8889] - {Data Fields & Data Values Exist}
[INFO ][2015-11-18 17:25:20,460][com.java.TestType] [ 8895] - --------------------------setting values-----------------------------
[INFO ][2015-11-18 17:25:20,460][com.java.TestType] [ 8898] - Action Type : Verify
[INFO ][2015-11-18 17:25:20,460][com.java.TestType] [ 5561] - field= BTN value= //img[contains(@src,'bdlogo.jpg')]
[INFO ][2015-11-18 17:25:20,460][com.java.TestType] [ 4454] - value = //img[contains(@src,'bdlogo.jpg')]
[INFO ][2015-11-18 17:25:20,495][com.java.TestType] [ 8917] -  RESULT true
[INFO ][2015-11-18 17:25:20,495][com.java.TestType] [ 9034] - ?   P A S S   ?
[INFO ][2015-11-18 17:25:20,495][com.java.TestType] [ 9105] - Looping End......
[INFO ][2015-11-18 17:25:20,499][com.java.SeleniumDriver] [  869] -  RESULT true
[INFO ][2015-11-18 17:25:20,500][com.java.SeleniumDriver] [ 1074] - ?   P A S S   ?
[INFO ][2015-11-18 17:25:20,500][com.java.SeleniumDriver] [  796] - ------------------------------------------
[INFO ][2015-11-18 17:25:20,500][com.java.SeleniumDriver] [  797] - Test case being Executed: 1
[INFO ][2015-11-18 17:25:20,500][com.java.SeleniumDriver] [  808] - Test step:2
[INFO ][2015-11-18 17:25:20,501][com.java.SeleniumDriver] [  820] - Datavalue is----------Concept#2:1-2
[INFO ][2015-11-18 17:25:20,502][com.java.SeleniumDriver] [  844] - DataField : test
[INFO ][2015-11-18 17:25:20,502][com.java.SeleniumDriver] [  846] - DataValue : Concept#2:1-2
[INFO ][2015-11-18 17:25:20,502][com.java.SeleniumDriver] [  852] - <In Set values of the page>
[INFO ][2015-11-18 17:25:20,502][com.java.SeleniumDriver] [  855] - {Data Fields & Data Values Exist}
[INFO ][2015-11-18 17:25:20,502][com.java.SeleniumDriver] [  857] - --------------------------setting values-----------------------------
[INFO ][2015-11-18 17:25:20,502][com.java.SeleniumDriver] [  860] - Action Type : ExecuteTestCase
[INFO ][2015-11-18 17:25:20,502][com.java.TestType] [  423] - The Concept sheet name is ---------- Concept
[INFO ][2015-11-18 17:25:20,502][com.java.TestType] [  426] - The Concept ID  is ---------- 2
[DEBUG][2015-11-18 17:25:20,503][com.java.TestType] [  430] - Steps being executted in the Concept are: 1:2
[INFO ][2015-11-18 17:25:20,503][com.java.TestType] [  437] - Test data details path ---------- D:\BankersDashboard\TestInputs\TestData.xls
[INFO ][2015-11-18 17:25:20,534][com.java.TestType] [  468] -  str(1) = 2
[INFO ][2015-11-18 17:25:20,534][com.java.TestType] [  471] - Test case Id is---2
[INFO ][2015-11-18 17:25:20,534][com.java.TestType] [  473] - 2
[INFO ][2015-11-18 17:25:20,534][com.java.TestType] [  468] -  str(2) = 1
[INFO ][2015-11-18 17:25:20,536][com.java.TestType] [  520] - row values are--------{1=com.java.Objects.TestDataDetails@7ff186}
[INFO ][2015-11-18 17:25:20,536][com.java.TestType] [  468] -  str(1) = 2
[INFO ][2015-11-18 17:25:20,536][com.java.TestType] [  471] - Test case Id is---2
[INFO ][2015-11-18 17:25:20,536][com.java.TestType] [  473] - 2
[INFO ][2015-11-18 17:25:20,536][com.java.TestType] [  468] -  str(2) = 2
[INFO ][2015-11-18 17:25:20,538][com.java.TestType] [  520] - row values are--------{1=com.java.Objects.TestDataDetails@7ff186, 2=com.java.Objects.TestDataDetails@1fc36d7}
[INFO ][2015-11-18 17:25:20,538][com.java.TestType] [  468] -  str(1) = 2
[INFO ][2015-11-18 17:25:20,538][com.java.TestType] [  471] - Test case Id is---2
[INFO ][2015-11-18 17:25:20,538][com.java.TestType] [  473] - 2
[INFO ][2015-11-18 17:25:20,538][com.java.TestType] [  468] -  str(2) = 3
[INFO ][2015-11-18 17:25:20,539][com.java.TestType] [  520] - row values are--------{1=com.java.Objects.TestDataDetails@7ff186, 2=com.java.Objects.TestDataDetails@1fc36d7, 3=com.java.Objects.TestDataDetails@1282bf2}
[INFO ][2015-11-18 17:25:20,539][com.java.TestType] [ 8799] - Looping 1TCID = 2
[DEBUG][2015-11-18 17:25:20,539][com.java.TestType] [ 8840] - Concept ID:2 :: Step being Executed: 2::1
[INFO ][2015-11-18 17:25:20,539][com.java.TestType] [ 8878] - dataFields : BNK//select[@id='bank']
[DEBUG][2015-11-18 17:25:20,539][com.java.TestType] [ 8884] - <In Set values of the page>
[DEBUG][2015-11-18 17:25:20,539][com.java.TestType] [ 8889] - {Data Fields & Data Values Exist}
[INFO ][2015-11-18 17:25:20,539][com.java.TestType] [ 8895] - --------------------------setting values-----------------------------
[INFO ][2015-11-18 17:25:20,540][com.java.TestType] [ 8898] - Action Type : Select
[INFO ][2015-11-18 17:25:20,540][com.java.TestType] [ 4454] - value = PFC
[INFO ][2015-11-18 17:25:20,730][com.java.TestType] [ 8917] -  RESULT true
[INFO ][2015-11-18 17:25:20,730][com.java.TestType] [ 9034] - ?   P A S S   ?
[DEBUG][2015-11-18 17:25:20,730][com.java.TestType] [ 8840] - Concept ID:2 :: Step being Executed: 2::2
[INFO ][2015-11-18 17:25:20,730][com.java.TestType] [ 8878] - dataFields : LNKLogout
[DEBUG][2015-11-18 17:25:20,730][com.java.TestType] [ 8884] - <In Set values of the page>
[DEBUG][2015-11-18 17:25:20,730][com.java.TestType] [ 8889] - {Data Fields & Data Values Exist}
[INFO ][2015-11-18 17:25:20,730][com.java.TestType] [ 8895] - --------------------------setting values-----------------------------
[INFO ][2015-11-18 17:25:20,731][com.java.TestType] [ 8898] - Action Type : WaitTime
[DEBUG][2015-11-18 17:25:20,731][com.java.TestType] [ 4289] - sleepTime: 5000
[INFO ][2015-11-18 17:25:25,731][com.java.TestType] [ 8917] -  RESULT true
[INFO ][2015-11-18 17:25:25,731][com.java.TestType] [ 9034] - ?   P A S S   ?
[INFO ][2015-11-18 17:25:25,731][com.java.TestType] [ 9105] - Looping End......
[INFO ][2015-11-18 17:25:25,735][com.java.SeleniumDriver] [  869] -  RESULT true
[INFO ][2015-11-18 17:25:25,735][com.java.SeleniumDriver] [ 1074] - ?   P A S S   ?
[INFO ][2015-11-18 17:25:25,735][com.java.SeleniumDriver] [  796] - ------------------------------------------
[INFO ][2015-11-18 17:25:25,735][com.java.SeleniumDriver] [  797] - Test case being Executed: 1
[INFO ][2015-11-18 17:25:25,737][com.java.SeleniumDriver] [  808] - Test step:3
[INFO ][2015-11-18 17:25:25,737][com.java.SeleniumDriver] [  820] - Datavalue is----------2
[INFO ][2015-11-18 17:25:25,737][com.java.SeleniumDriver] [  844] - DataField : XPH//button[contains(text(),'Add Content')]
[INFO ][2015-11-18 17:25:25,737][com.java.SeleniumDriver] [  846] - DataValue : 2
[INFO ][2015-11-18 17:25:25,737][com.java.SeleniumDriver] [  852] - <In Set values of the page>
[INFO ][2015-11-18 17:25:25,737][com.java.SeleniumDriver] [  855] - {Data Fields & Data Values Exist}
[INFO ][2015-11-18 17:25:25,737][com.java.SeleniumDriver] [  857] - --------------------------setting values-----------------------------
[INFO ][2015-11-18 17:25:25,737][com.java.SeleniumDriver] [  860] - Action Type : WAITFORELEMENT
[INFO ][2015-11-18 17:25:25,772][com.java.SeleniumDriver] [  869] -  RESULT true
[INFO ][2015-11-18 17:25:25,772][com.java.SeleniumDriver] [ 1074] - ?   P A S S   ?
[DEBUG][2015-11-18 17:25:25,772][com.java.SeleniumDriver] [ 1176] - Case found
[DEBUG][2015-11-18 17:25:25,772][com.java.SeleniumDriver] [ 1181] - Incrementing ReportCounters[0]:1
[INFO ][2015-11-18 17:25:25,772][com.java.SeleniumDriver] [ 1200] - The results are-------------------[1, 1, Valid Login, Pass, , Wed Nov 18 17:25:20 IST 2015, 1, 2, Valid Login, Pass, , Wed Nov 18 17:25:25 IST 2015, 1, 3, Valid Login, Pass, , Wed Nov 18 17:25:25 IST 2015]
[INFO ][2015-11-18 17:25:25,772][com.java.SeleniumDriver] [ 1204] - End time is-------40 sec
[INFO ][2015-11-18 17:25:25,772][com.java.SeleniumDriver] [ 1205] - The results are-------------------[1, 1, Valid Login, Pass, , Wed Nov 18 17:25:20 IST 2015, 1, 2, Valid Login, Pass, , Wed Nov 18 17:25:25 IST 2015, 1, 3, Valid Login, Pass, , Wed Nov 18 17:25:25 IST 2015]
[DEBUG][2015-11-18 17:25:25,773][com.java.ImportnExport.ExportTestResultsExcel] [  222] - testResultPath = D:\BankersDashboard/TestReports/Test Results_BankersDashBoard_111815_172447_IE10_Any Bank USA.xls
[DEBUG][2015-11-18 17:25:25,773][com.java.ImportnExport.ExportTestResultsExcel] [  223] - browser is------------IE10
[DEBUG][2015-11-18 17:25:25,816][com.java.ImportnExport.ExportTestResultsExcel] [  270] - result.size() = 18
[DEBUG][2015-11-18 17:25:25,816][com.java.ImportnExport.ExportTestResultsExcel] [  274] - No of rows in sheet=1
[DEBUG][2015-11-18 17:25:25,817][com.java.ImportnExport.ExportTestResultsExcel] [  301] - ..in export..1
[DEBUG][2015-11-18 17:25:25,817][com.java.ImportnExport.ExportTestResultsExcel] [  301] - ..in export..Valid Login
[DEBUG][2015-11-18 17:25:25,817][com.java.ImportnExport.ExportTestResultsExcel] [  301] - ..in export..Pass
[DEBUG][2015-11-18 17:25:25,817][com.java.ImportnExport.ExportTestResultsExcel] [  301] - ..in export..
[DEBUG][2015-11-18 17:25:25,817][com.java.ImportnExport.ExportTestResultsExcel] [  301] - ..in export..Wed Nov 18 17:25:20 IST 2015
[INFO ][2015-11-18 17:25:25,819][com.java.SeleniumDriver] [ 1263] - out loop:0 size:2 TestCases:[1, 6] testcases:[1, 6]
[INFO ][2015-11-18 17:25:25,819][com.java.ImportnExport.ImportTestDataDetailsExcel] [   49] - test data details path===== D:\BankersDashboard\TestInputs\TestData.xls
[INFO ][2015-11-18 17:25:47,691][com.java.SeleniumDriver] [  796] - ------------------------------------------
[INFO ][2015-11-18 17:25:47,691][com.java.SeleniumDriver] [  797] - Test case being Executed: 6
[INFO ][2015-11-18 17:25:47,691][com.java.SeleniumDriver] [  808] - Test step:1
[INFO ][2015-11-18 17:25:47,691][com.java.SeleniumDriver] [  820] - Datavalue is----------Logout
[INFO ][2015-11-18 17:25:47,693][com.java.SeleniumDriver] [  844] - DataField : BTN
[INFO ][2015-11-18 17:25:47,693][com.java.SeleniumDriver] [  846] - DataValue : Logout
[INFO ][2015-11-18 17:25:47,693][com.java.SeleniumDriver] [  852] - <In Set values of the page>
[INFO ][2015-11-18 17:25:47,693][com.java.SeleniumDriver] [  855] - {Data Fields & Data Values Exist}
[INFO ][2015-11-18 17:25:47,693][com.java.SeleniumDriver] [  857] - --------------------------setting values-----------------------------
[INFO ][2015-11-18 17:25:47,693][com.java.SeleniumDriver] [  860] - Action Type : Verify
[INFO ][2015-11-18 17:25:47,693][com.java.TestType] [ 5561] - field= BTN value= Logout
[INFO ][2015-11-18 17:25:47,693][com.java.TestType] [ 4454] - value = Logout
[INFO ][2015-11-18 17:25:47,726][com.java.SeleniumDriver] [  869] -  RESULT true
[INFO ][2015-11-18 17:25:47,726][com.java.SeleniumDriver] [ 1074] - ?   P A S S   ?
[INFO ][2015-11-18 17:25:47,726][com.java.SeleniumDriver] [ 1116] - step change to 3
[INFO ][2015-11-18 17:25:47,726][com.java.SeleniumDriver] [  796] - ------------------------------------------
[INFO ][2015-11-18 17:25:47,726][com.java.SeleniumDriver] [  797] - Test case being Executed: 6
[INFO ][2015-11-18 17:25:47,726][com.java.SeleniumDriver] [  808] - Test step:3
[INFO ][2015-11-18 17:25:47,726][com.java.SeleniumDriver] [  820] - Datavalue is----------Concept#2:1-2
[INFO ][2015-11-18 17:25:47,727][com.java.SeleniumDriver] [  844] - DataField : test
[INFO ][2015-11-18 17:25:47,727][com.java.SeleniumDriver] [  846] - DataValue : Concept#2:1-2
[INFO ][2015-11-18 17:25:47,727][com.java.SeleniumDriver] [  852] - <In Set values of the page>
[INFO ][2015-11-18 17:25:47,727][com.java.SeleniumDriver] [  855] - {Data Fields & Data Values Exist}
[INFO ][2015-11-18 17:25:47,727][com.java.SeleniumDriver] [  857] - --------------------------setting values-----------------------------
[INFO ][2015-11-18 17:25:47,727][com.java.SeleniumDriver] [  860] - Action Type : ExecuteTestCase
[INFO ][2015-11-18 17:25:47,727][com.java.TestType] [  423] - The Concept sheet name is ---------- Concept
[INFO ][2015-11-18 17:25:47,727][com.java.TestType] [  426] - The Concept ID  is ---------- 2
[DEBUG][2015-11-18 17:25:47,727][com.java.TestType] [  430] - Steps being executted in the Concept are: 1:2
[INFO ][2015-11-18 17:25:47,727][com.java.TestType] [  437] - Test data details path ---------- D:\BankersDashboard\TestInputs\TestData.xls
[INFO ][2015-11-18 17:25:47,758][com.java.TestType] [  468] -  str(1) = 2
[INFO ][2015-11-18 17:25:47,758][com.java.TestType] [  471] - Test case Id is---2
[INFO ][2015-11-18 17:25:47,758][com.java.TestType] [  473] - 2
[INFO ][2015-11-18 17:25:47,759][com.java.TestType] [  468] -  str(2) = 1
[INFO ][2015-11-18 17:25:47,760][com.java.TestType] [  520] - row values are--------{1=com.java.Objects.TestDataDetails@148392b}
[INFO ][2015-11-18 17:25:47,760][com.java.TestType] [  468] -  str(1) = 2
[INFO ][2015-11-18 17:25:47,760][com.java.TestType] [  471] - Test case Id is---2
[INFO ][2015-11-18 17:25:47,760][com.java.TestType] [  473] - 2
[INFO ][2015-11-18 17:25:47,760][com.java.TestType] [  468] -  str(2) = 2
[INFO ][2015-11-18 17:25:47,761][com.java.TestType] [  520] - row values are--------{1=com.java.Objects.TestDataDetails@148392b, 2=com.java.Objects.TestDataDetails@1885c3a}
[INFO ][2015-11-18 17:25:47,761][com.java.TestType] [  468] -  str(1) = 2
[INFO ][2015-11-18 17:25:47,761][com.java.TestType] [  471] - Test case Id is---2
[INFO ][2015-11-18 17:25:47,761][com.java.TestType] [  473] - 2
[INFO ][2015-11-18 17:25:47,761][com.java.TestType] [  468] -  str(2) = 3
[INFO ][2015-11-18 17:25:47,762][com.java.TestType] [  520] - row values are--------{1=com.java.Objects.TestDataDetails@148392b, 2=com.java.Objects.TestDataDetails@1885c3a, 3=com.java.Objects.TestDataDetails@109c79b}
[INFO ][2015-11-18 17:25:47,762][com.java.TestType] [ 8799] - Looping 1TCID = 2
[DEBUG][2015-11-18 17:25:47,762][com.java.TestType] [ 8840] - Concept ID:2 :: Step being Executed: 2::1
[INFO ][2015-11-18 17:25:47,762][com.java.TestType] [ 8878] - dataFields : BNK//select[@id='bank']
[DEBUG][2015-11-18 17:25:47,762][com.java.TestType] [ 8884] - <In Set values of the page>
[DEBUG][2015-11-18 17:25:47,762][com.java.TestType] [ 8889] - {Data Fields & Data Values Exist}
[INFO ][2015-11-18 17:25:47,762][com.java.TestType] [ 8895] - --------------------------setting values-----------------------------
[INFO ][2015-11-18 17:25:47,762][com.java.TestType] [ 8898] - Action Type : Select
[INFO ][2015-11-18 17:25:47,763][com.java.TestType] [ 4454] - value = PFC
[INFO ][2015-11-18 17:25:47,972][com.java.TestType] [ 8917] -  RESULT true
[INFO ][2015-11-18 17:25:47,972][com.java.TestType] [ 9034] - ?   P A S S   ?
[DEBUG][2015-11-18 17:25:47,972][com.java.TestType] [ 8840] - Concept ID:2 :: Step being Executed: 2::2
[INFO ][2015-11-18 17:25:47,972][com.java.TestType] [ 8878] - dataFields : LNKLogout
[DEBUG][2015-11-18 17:25:47,972][com.java.TestType] [ 8884] - <In Set values of the page>
[DEBUG][2015-11-18 17:25:47,972][com.java.TestType] [ 8889] - {Data Fields & Data Values Exist}
[INFO ][2015-11-18 17:25:47,972][com.java.TestType] [ 8895] - --------------------------setting values-----------------------------
[INFO ][2015-11-18 17:25:47,973][com.java.TestType] [ 8898] - Action Type : WaitTime
[DEBUG][2015-11-18 17:25:47,973][com.java.TestType] [ 4289] - sleepTime: 5000
[INFO ][2015-11-18 17:25:52,973][com.java.TestType] [ 8917] -  RESULT true
[INFO ][2015-11-18 17:25:52,973][com.java.TestType] [ 9034] - ?   P A S S   ?
[INFO ][2015-11-18 17:25:52,974][com.java.TestType] [ 9105] - Looping End......
[INFO ][2015-11-18 17:25:52,978][com.java.SeleniumDriver] [  869] -  RESULT true
[INFO ][2015-11-18 17:25:52,978][com.java.SeleniumDriver] [ 1074] - ?   P A S S   ?
[INFO ][2015-11-18 17:25:52,978][com.java.SeleniumDriver] [  796] - ------------------------------------------
[INFO ][2015-11-18 17:25:52,978][com.java.SeleniumDriver] [  797] - Test case being Executed: 6
[INFO ][2015-11-18 17:25:52,978][com.java.SeleniumDriver] [  808] - Test step:4
[INFO ][2015-11-18 17:25:52,978][com.java.SeleniumDriver] [  820] - Datavalue is----------null
[DEBUG][2015-11-18 17:25:52,978][com.java.SeleniumDriver] [  838] - Exception: null
[INFO ][2015-11-18 17:25:52,978][com.java.SeleniumDriver] [  844] - DataField : //span[@class='icon-hammer']&&//a[text()='Custom Calculations']
[INFO ][2015-11-18 17:25:52,979][com.java.SeleniumDriver] [  846] - DataValue : 
[INFO ][2015-11-18 17:25:52,979][com.java.SeleniumDriver] [  852] - <In Set values of the page>
[INFO ][2015-11-18 17:25:52,979][com.java.SeleniumDriver] [  855] - {Data Fields & Data Values Exist}
[INFO ][2015-11-18 17:25:52,979][com.java.SeleniumDriver] [  857] - --------------------------setting values-----------------------------
[INFO ][2015-11-18 17:25:52,979][com.java.SeleniumDriver] [  860] - Action Type : MOUSEOVER
[INFO ][2015-11-18 17:26:21,826][com.java.SeleniumDriver] [  869] -  RESULT true
[INFO ][2015-11-18 17:26:21,826][com.java.SeleniumDriver] [ 1074] - ?   P A S S   ?
[INFO ][2015-11-18 17:26:21,826][com.java.SeleniumDriver] [  796] - ------------------------------------------
[INFO ][2015-11-18 17:26:21,826][com.java.SeleniumDriver] [  797] - Test case being Executed: 6
[INFO ][2015-11-18 17:26:21,826][com.java.SeleniumDriver] [  808] - Test step:5
[INFO ][2015-11-18 17:26:21,826][com.java.SeleniumDriver] [  820] - Datavalue is----------null
[DEBUG][2015-11-18 17:26:21,826][com.java.SeleniumDriver] [  838] - Exception: null
[INFO ][2015-11-18 17:26:21,826][com.java.SeleniumDriver] [  844] - DataField : BTN//iframe[@class='frameTabContent']
[INFO ][2015-11-18 17:26:21,826][com.java.SeleniumDriver] [  846] - DataValue : 
[INFO ][2015-11-18 17:26:21,826][com.java.SeleniumDriver] [  852] - <In Set values of the page>
[INFO ][2015-11-18 17:26:21,826][com.java.SeleniumDriver] [  855] - {Data Fields & Data Values Exist}
[INFO ][2015-11-18 17:26:21,826][com.java.SeleniumDriver] [  857] - --------------------------setting values-----------------------------
[INFO ][2015-11-18 17:26:21,827][com.java.SeleniumDriver] [  860] - Action Type : SELECTFRAME
[INFO ][2015-11-18 17:26:22,146][com.java.SeleniumDriver] [  869] -  RESULT true
[INFO ][2015-11-18 17:26:22,146][com.java.SeleniumDriver] [ 1074] - ?   P A S S   ?
[INFO ][2015-11-18 17:26:22,146][com.java.SeleniumDriver] [  796] - ------------------------------------------
[INFO ][2015-11-18 17:26:22,147][com.java.SeleniumDriver] [  797] - Test case being Executed: 6
[INFO ][2015-11-18 17:26:22,147][com.java.SeleniumDriver] [  808] - Test step:6
[INFO ][2015-11-18 17:26:22,147][com.java.SeleniumDriver] [  820] - Datavalue is----------5
[INFO ][2015-11-18 17:26:22,147][com.java.SeleniumDriver] [  844] - DataField : XPH//h1[contains(text(), 'Custom Calculations')]
[INFO ][2015-11-18 17:26:22,147][com.java.SeleniumDriver] [  846] - DataValue : 5
[INFO ][2015-11-18 17:26:22,147][com.java.SeleniumDriver] [  852] - <In Set values of the page>
[INFO ][2015-11-18 17:26:22,147][com.java.SeleniumDriver] [  855] - {Data Fields & Data Values Exist}
[INFO ][2015-11-18 17:26:22,147][com.java.SeleniumDriver] [  857] - --------------------------setting values-----------------------------
[INFO ][2015-11-18 17:26:22,147][com.java.SeleniumDriver] [  860] - Action Type : waitforelement
[INFO ][2015-11-18 17:26:22,240][com.java.SeleniumDriver] [  869] -  RESULT true
[INFO ][2015-11-18 17:26:22,240][com.java.SeleniumDriver] [ 1074] - ?   P A S S   ?
[INFO ][2015-11-18 17:26:22,240][com.java.SeleniumDriver] [  796] - ------------------------------------------
[INFO ][2015-11-18 17:26:22,240][com.java.SeleniumDriver] [  797] - Test case being Executed: 6
[INFO ][2015-11-18 17:26:22,240][com.java.SeleniumDriver] [  808] - Test step:7
[INFO ][2015-11-18 17:26:22,240][com.java.SeleniumDriver] [  820] - Datavalue is----------Custom Calculations
[INFO ][2015-11-18 17:26:22,240][com.java.SeleniumDriver] [  844] - DataField : XPH//h1[contains(text(), 'Custom Calculations')]
[INFO ][2015-11-18 17:26:22,240][com.java.SeleniumDriver] [  846] - DataValue : Custom Calculations
[INFO ][2015-11-18 17:26:22,240][com.java.SeleniumDriver] [  852] - <In Set values of the page>
[INFO ][2015-11-18 17:26:22,241][com.java.SeleniumDriver] [  855] - {Data Fields & Data Values Exist}
[INFO ][2015-11-18 17:26:22,241][com.java.SeleniumDriver] [  857] - --------------------------setting values-----------------------------
[INFO ][2015-11-18 17:26:22,241][com.java.SeleniumDriver] [  860] - Action Type : Verify
[INFO ][2015-11-18 17:26:22,241][com.java.TestType] [ 5561] - field= XPH//h1[contains(text(), 'Custom Calculations')] value= Custom Calculations
[INFO ][2015-11-18 17:26:22,241][com.java.TestType] [ 4454] - value = Custom Calculations
[INFO ][2015-11-18 17:26:22,932][com.java.SeleniumDriver] [  869] -  RESULT true
[INFO ][2015-11-18 17:26:22,932][com.java.SeleniumDriver] [ 1074] - ?   P A S S   ?
[INFO ][2015-11-18 17:26:22,932][com.java.SeleniumDriver] [  796] - ------------------------------------------
[INFO ][2015-11-18 17:26:22,932][com.java.SeleniumDriver] [  797] - Test case being Executed: 6
[INFO ][2015-11-18 17:26:22,932][com.java.SeleniumDriver] [  808] - Test step:8
[INFO ][2015-11-18 17:26:22,932][com.java.SeleniumDriver] [  820] - Datavalue is----------5
[INFO ][2015-11-18 17:26:22,932][com.java.SeleniumDriver] [  844] - DataField : XPH//a[contains(text(), 'Add Calculation')]
[INFO ][2015-11-18 17:26:22,932][com.java.SeleniumDriver] [  846] - DataValue : 5
[INFO ][2015-11-18 17:26:22,932][com.java.SeleniumDriver] [  852] - <In Set values of the page>
[INFO ][2015-11-18 17:26:22,932][com.java.SeleniumDriver] [  855] - {Data Fields & Data Values Exist}
[INFO ][2015-11-18 17:26:22,932][com.java.SeleniumDriver] [  857] - --------------------------setting values-----------------------------
[INFO ][2015-11-18 17:26:22,932][com.java.SeleniumDriver] [  860] - Action Type : waitforelement
[INFO ][2015-11-18 17:26:23,035][com.java.SeleniumDriver] [  869] -  RESULT true
[INFO ][2015-11-18 17:26:23,035][com.java.SeleniumDriver] [ 1074] - ?   P A S S   ?
[INFO ][2015-11-18 17:26:23,035][com.java.SeleniumDriver] [  796] - ------------------------------------------
[INFO ][2015-11-18 17:26:23,035][com.java.SeleniumDriver] [  797] - Test case being Executed: 6
[INFO ][2015-11-18 17:26:23,035][com.java.SeleniumDriver] [  808] - Test step:9
[INFO ][2015-11-18 17:26:23,035][com.java.SeleniumDriver] [  820] - Datavalue is----------null
[DEBUG][2015-11-18 17:26:23,035][com.java.SeleniumDriver] [  838] - Exception: null
[INFO ][2015-11-18 17:26:23,035][com.java.SeleniumDriver] [  844] - DataField : XPH//a[contains(text(), 'Add Calculation')]
[INFO ][2015-11-18 17:26:23,035][com.java.SeleniumDriver] [  846] - DataValue : 
[INFO ][2015-11-18 17:26:23,036][com.java.SeleniumDriver] [  852] - <In Set values of the page>
[INFO ][2015-11-18 17:26:23,036][com.java.SeleniumDriver] [  855] - {Data Fields & Data Values Exist}
[INFO ][2015-11-18 17:26:23,036][com.java.SeleniumDriver] [  857] - --------------------------setting values-----------------------------
[INFO ][2015-11-18 17:26:23,036][com.java.SeleniumDriver] [  860] - Action Type : click
[INFO ][2015-11-18 17:26:23,036][com.java.TestType] [ 4767] - Field ::XPH//a[contains(text(), 'Add Calculation')]
[INFO ][2015-11-18 17:26:24,037][com.java.TestType] [ 4826] - BEFORE CLICK
[INFO ][2015-11-18 17:26:25,894][com.java.TestType] [ 4834] - Unable to click the object click on add button
[INFO ][2015-11-18 17:26:25,894][com.java.SeleniumDriver] [  869] -  RESULT true
[INFO ][2015-11-18 17:26:25,894][com.java.SeleniumDriver] [ 1074] - ?   P A S S   ?
[INFO ][2015-11-18 17:26:25,894][com.java.SeleniumDriver] [  796] - ------------------------------------------
[INFO ][2015-11-18 17:26:25,894][com.java.SeleniumDriver] [  797] - Test case being Executed: 6
[INFO ][2015-11-18 17:26:25,894][com.java.SeleniumDriver] [  808] - Test step:10
[INFO ][2015-11-18 17:26:25,894][com.java.SeleniumDriver] [  820] - Datavalue is----------3
[INFO ][2015-11-18 17:26:25,894][com.java.SeleniumDriver] [  844] - DataField : XPH//label[contains(text(), 'Dashboard Groups:')]
[INFO ][2015-11-18 17:26:25,894][com.java.SeleniumDriver] [  846] - DataValue : 3
[INFO ][2015-11-18 17:26:25,894][com.java.SeleniumDriver] [  852] - <In Set values of the page>
[INFO ][2015-11-18 17:26:25,894][com.java.SeleniumDriver] [  855] - {Data Fields & Data Values Exist}
[INFO ][2015-11-18 17:26:25,895][com.java.SeleniumDriver] [  857] - --------------------------setting values-----------------------------
[INFO ][2015-11-18 17:26:25,895][com.java.SeleniumDriver] [  860] - Action Type : waitforelement
[INFO ][2015-11-18 17:26:25,918][com.java.SeleniumDriver] [  869] -  RESULT true
[INFO ][2015-11-18 17:26:25,918][com.java.SeleniumDriver] [ 1074] - ?   P A S S   ?
[INFO ][2015-11-18 17:26:25,918][com.java.SeleniumDriver] [  796] - ------------------------------------------
[INFO ][2015-11-18 17:26:25,918][com.java.SeleniumDriver] [  797] - Test case being Executed: 6
[INFO ][2015-11-18 17:26:25,918][com.java.SeleniumDriver] [  808] - Test step:11
[INFO ][2015-11-18 17:26:25,918][com.java.SeleniumDriver] [  820] - Datavalue is----------null
[DEBUG][2015-11-18 17:26:25,918][com.java.SeleniumDriver] [  838] - Exception: null
[INFO ][2015-11-18 17:26:25,919][com.java.SeleniumDriver] [  844] - DataField : XPH//button[contains(text(), 'Save')]
[INFO ][2015-11-18 17:26:25,919][com.java.SeleniumDriver] [  846] - DataValue : 
[INFO ][2015-11-18 17:26:25,919][com.java.SeleniumDriver] [  852] - <In Set values of the page>
[INFO ][2015-11-18 17:26:25,919][com.java.SeleniumDriver] [  855] - {Data Fields & Data Values Exist}
[INFO ][2015-11-18 17:26:25,919][com.java.SeleniumDriver] [  857] - --------------------------setting values-----------------------------
[INFO ][2015-11-18 17:26:25,919][com.java.SeleniumDriver] [  860] - Action Type : ISDISABLED
[INFO ][2015-11-18 17:26:25,919][com.java.TestType] [ 6612] - field= XPH//button[contains(text(), 'Save')]
[INFO ][2015-11-18 17:26:25,978][com.java.SeleniumDriver] [  869] -  RESULT true
[INFO ][2015-11-18 17:26:25,978][com.java.SeleniumDriver] [ 1074] - ?   P A S S   ?
[INFO ][2015-11-18 17:26:25,978][com.java.SeleniumDriver] [  796] - ------------------------------------------
[INFO ][2015-11-18 17:26:25,978][com.java.SeleniumDriver] [  797] - Test case being Executed: 6
[INFO ][2015-11-18 17:26:25,978][com.java.SeleniumDriver] [  808] - Test step:12
[INFO ][2015-11-18 17:26:25,978][com.java.SeleniumDriver] [  820] - Datavalue is----------3
[INFO ][2015-11-18 17:26:25,978][com.java.SeleniumDriver] [  844] - DataField : XPH//select[contains(@class,'mber-select form-control')]
[INFO ][2015-11-18 17:26:25,978][com.java.SeleniumDriver] [  846] - DataValue : 3
[INFO ][2015-11-18 17:26:25,978][com.java.SeleniumDriver] [  852] - <In Set values of the page>
[INFO ][2015-11-18 17:26:25,978][com.java.SeleniumDriver] [  855] - {Data Fields & Data Values Exist}
[INFO ][2015-11-18 17:26:25,978][com.java.SeleniumDriver] [  857] - --------------------------setting values-----------------------------
[INFO ][2015-11-18 17:26:25,979][com.java.SeleniumDriver] [  860] - Action Type : waitforelement
[INFO ][2015-11-18 17:26:26,001][com.java.SeleniumDriver] [  869] -  RESULT true
[INFO ][2015-11-18 17:26:26,001][com.java.SeleniumDriver] [ 1074] - ?   P A S S   ?
[INFO ][2015-11-18 17:26:26,001][com.java.SeleniumDriver] [  796] - ------------------------------------------
[INFO ][2015-11-18 17:26:26,001][com.java.SeleniumDriver] [  797] - Test case being Executed: 6
[INFO ][2015-11-18 17:26:26,001][com.java.SeleniumDriver] [  808] - Test step:13
[INFO ][2015-11-18 17:26:26,002][com.java.SeleniumDriver] [  820] - Datavalue is----------null
[DEBUG][2015-11-18 17:26:26,002][com.java.SeleniumDriver] [  838] - Exception: null
[INFO ][2015-11-18 17:26:26,002][com.java.SeleniumDriver] [  844] - DataField : XPH//select[contains(@class,'mber-select form-control')]
[INFO ][2015-11-18 17:26:26,002][com.java.SeleniumDriver] [  846] - DataValue : 
[INFO ][2015-11-18 17:26:26,002][com.java.SeleniumDriver] [  852] - <In Set values of the page>
[INFO ][2015-11-18 17:26:26,002][com.java.SeleniumDriver] [  855] - {Data Fields & Data Values Exist}
[INFO ][2015-11-18 17:26:26,002][com.java.SeleniumDriver] [  857] - --------------------------setting values-----------------------------
[INFO ][2015-11-18 17:26:26,002][com.java.SeleniumDriver] [  860] - Action Type : click
[INFO ][2015-11-18 17:26:26,002][com.java.TestType] [ 4767] - Field ::XPH//select[contains(@class,'mber-select form-control')]
[INFO ][2015-11-18 17:26:27,003][com.java.TestType] [ 4826] - BEFORE CLICK
[INFO ][2015-11-18 17:26:27,776][com.java.TestType] [ 4834] - Unable to click the object dollar value dropdown
[INFO ][2015-11-18 17:26:27,776][com.java.SeleniumDriver] [  869] -  RESULT true
[INFO ][2015-11-18 17:26:27,776][com.java.SeleniumDriver] [ 1074] - ?   P A S S   ?
[INFO ][2015-11-18 17:26:27,776][com.java.SeleniumDriver] [  796] - ------------------------------------------
[INFO ][2015-11-18 17:26:27,776][com.java.SeleniumDriver] [  797] - Test case being Executed: 6
[INFO ][2015-11-18 17:26:27,776][com.java.SeleniumDriver] [  808] - Test step:14
[INFO ][2015-11-18 17:26:27,776][com.java.SeleniumDriver] [  820] - Datavalue is----------3
[INFO ][2015-11-18 17:26:27,776][com.java.SeleniumDriver] [  844] - DataField : XPH//select/option[contains(text(), 'Dollar ($)')]
[INFO ][2015-11-18 17:26:27,776][com.java.SeleniumDriver] [  846] - DataValue : 3
[INFO ][2015-11-18 17:26:27,776][com.java.SeleniumDriver] [  852] - <In Set values of the page>
[INFO ][2015-11-18 17:26:27,777][com.java.SeleniumDriver] [  855] - {Data Fields & Data Values Exist}
[INFO ][2015-11-18 17:26:27,777][com.java.SeleniumDriver] [  857] - --------------------------setting values-----------------------------
[INFO ][2015-11-18 17:26:27,777][com.java.SeleniumDriver] [  860] - Action Type : waitforelement
[INFO ][2015-11-18 17:26:27,800][com.java.SeleniumDriver] [  869] -  RESULT true
[INFO ][2015-11-18 17:26:27,802][com.java.SeleniumDriver] [ 1074] - ?   P A S S   ?
[INFO ][2015-11-18 17:26:27,802][com.java.SeleniumDriver] [  796] - ------------------------------------------
[INFO ][2015-11-18 17:26:27,802][com.java.SeleniumDriver] [  797] - Test case being Executed: 6
[INFO ][2015-11-18 17:26:27,802][com.java.SeleniumDriver] [  808] - Test step:15
[INFO ][2015-11-18 17:26:27,802][com.java.SeleniumDriver] [  820] - Datavalue is----------null
[DEBUG][2015-11-18 17:26:27,802][com.java.SeleniumDriver] [  838] - Exception: null
[INFO ][2015-11-18 17:26:27,802][com.java.SeleniumDriver] [  844] - DataField : XPH//select/option[contains(text(), 'Dollar ($)')]
[INFO ][2015-11-18 17:26:27,802][com.java.SeleniumDriver] [  846] - DataValue : 
[INFO ][2015-11-18 17:26:27,802][com.java.SeleniumDriver] [  852] - <In Set values of the page>
[INFO ][2015-11-18 17:26:27,802][com.java.SeleniumDriver] [  855] - {Data Fields & Data Values Exist}
[INFO ][2015-11-18 17:26:27,802][com.java.SeleniumDriver] [  857] - --------------------------setting values-----------------------------
[INFO ][2015-11-18 17:26:27,802][com.java.SeleniumDriver] [  860] - Action Type : click
[INFO ][2015-11-18 17:26:27,803][com.java.TestType] [ 4767] - Field ::XPH//select/option[contains(text(), 'Dollar ($)')]
[INFO ][2015-11-18 17:26:28,803][com.java.TestType] [ 4826] - BEFORE CLICK
[INFO ][2015-11-18 17:26:29,514][com.java.TestType] [ 4834] - Unable to click the object dollar value dropdown
[INFO ][2015-11-18 17:26:29,514][com.java.SeleniumDriver] [  869] -  RESULT true
[INFO ][2015-11-18 17:26:29,514][com.java.SeleniumDriver] [ 1074] - ?   P A S S   ?
[INFO ][2015-11-18 17:26:29,514][com.java.SeleniumDriver] [  796] - ------------------------------------------
[INFO ][2015-11-18 17:26:29,514][com.java.SeleniumDriver] [  797] - Test case being Executed: 6
[INFO ][2015-11-18 17:26:29,514][com.java.SeleniumDriver] [  808] - Test step:16
[INFO ][2015-11-18 17:26:29,515][com.java.SeleniumDriver] [  820] - Datavalue is----------RNDA_VLTest
[INFO ][2015-11-18 17:26:29,515][com.java.SeleniumDriver] [  844] - DataField : TXT//input[contains(@placeholder, 'Name your Calcu')]
[INFO ][2015-11-18 17:26:29,515][com.java.SeleniumDriver] [  846] - DataValue : RNDA_VLTest
[INFO ][2015-11-18 17:26:29,515][com.java.SeleniumDriver] [  852] - <In Set values of the page>
[INFO ][2015-11-18 17:26:29,515][com.java.SeleniumDriver] [  855] - {Data Fields & Data Values Exist}
[INFO ][2015-11-18 17:26:29,515][com.java.SeleniumDriver] [  857] - --------------------------setting values-----------------------------
[INFO ][2015-11-18 17:26:29,515][com.java.SeleniumDriver] [  860] - Action Type : enter
[INFO ][2015-11-18 17:26:29,515][com.java.TestType] [ 5087] - field = //input[contains(@placeholder, 'Name your Calcu')]
[INFO ][2015-11-18 17:26:29,515][com.java.TestType] [ 4454] - value = A_VLTest60923
[INFO ][2015-11-18 17:26:30,437][com.java.SeleniumDriver] [  869] -  RESULT true
[INFO ][2015-11-18 17:26:30,437][com.java.SeleniumDriver] [ 1074] - ?   P A S S   ?
[INFO ][2015-11-18 17:26:30,437][com.java.SeleniumDriver] [  796] - ------------------------------------------
[INFO ][2015-11-18 17:26:30,437][com.java.SeleniumDriver] [  797] - Test case being Executed: 6
[INFO ][2015-11-18 17:26:30,437][com.java.SeleniumDriver] [  808] - Test step:17
[INFO ][2015-11-18 17:26:30,437][com.java.SeleniumDriver] [  820] - Datavalue is----------Calusing_Keys
[INFO ][2015-11-18 17:26:30,437][com.java.SeleniumDriver] [  844] - DataField : TXT//input[contains(@placeholder, 'Name your Calcu')]
[INFO ][2015-11-18 17:26:30,438][com.java.SeleniumDriver] [  846] - DataValue : Calusing_Keys
[INFO ][2015-11-18 17:26:30,438][com.java.SeleniumDriver] [  852] - <In Set values of the page>
[INFO ][2015-11-18 17:26:30,438][com.java.SeleniumDriver] [  855] - {Data Fields & Data Values Exist}
[INFO ][2015-11-18 17:26:30,438][com.java.SeleniumDriver] [  857] - --------------------------setting values-----------------------------
[INFO ][2015-11-18 17:26:30,438][com.java.SeleniumDriver] [  860] - Action Type : STOREVALUE
[INFO ][2015-11-18 17:26:30,438][com.java.TestType] [ 6687] - field= TXT//input[contains(@placeholder, 'Name your Calcu')]
[DEBUG][2015-11-18 17:26:30,486][com.java.TestType] [ 6701] - Key:: Calusing_Keys  Value:: A_VLTest60923
[INFO ][2015-11-18 17:26:30,486][com.java.SeleniumDriver] [  869] -  RESULT true
[INFO ][2015-11-18 17:26:30,486][com.java.SeleniumDriver] [ 1074] - ?   P A S S   ?
[INFO ][2015-11-18 17:26:30,486][com.java.SeleniumDriver] [  796] - ------------------------------------------
[INFO ][2015-11-18 17:26:30,486][com.java.SeleniumDriver] [  797] - Test case being Executed: 6
[INFO ][2015-11-18 17:26:30,486][com.java.SeleniumDriver] [  808] - Test step:18
[INFO ][2015-11-18 17:26:30,486][com.java.SeleniumDriver] [  820] - Datavalue is----------//div[@id='group-list']/ul/li//a
[INFO ][2015-11-18 17:26:30,486][com.java.SeleniumDriver] [  844] - DataField : BTN
[INFO ][2015-11-18 17:26:30,486][com.java.SeleniumDriver] [  846] - DataValue : //div[@id='group-list']/ul/li//a
[INFO ][2015-11-18 17:26:30,486][com.java.SeleniumDriver] [  852] - <In Set values of the page>
[INFO ][2015-11-18 17:26:30,486][com.java.SeleniumDriver] [  855] - {Data Fields & Data Values Exist}
[INFO ][2015-11-18 17:26:30,487][com.java.SeleniumDriver] [  857] - --------------------------setting values-----------------------------
[INFO ][2015-11-18 17:26:30,487][com.java.SeleniumDriver] [  860] - Action Type : verify
[INFO ][2015-11-18 17:26:30,487][com.java.TestType] [ 5561] - field= BTN value= //div[@id='group-list']/ul/li//a
[INFO ][2015-11-18 17:26:30,487][com.java.TestType] [ 4454] - value = //div[@id='group-list']/ul/li//a
[INFO ][2015-11-18 17:26:30,510][com.java.SeleniumDriver] [  869] -  RESULT true
[INFO ][2015-11-18 17:26:30,510][com.java.SeleniumDriver] [ 1074] - ?   P A S S   ?
[INFO ][2015-11-18 17:26:30,510][com.java.SeleniumDriver] [  796] - ------------------------------------------
[INFO ][2015-11-18 17:26:30,510][com.java.SeleniumDriver] [  797] - Test case being Executed: 6
[INFO ][2015-11-18 17:26:30,510][com.java.SeleniumDriver] [  808] - Test step:19
[INFO ][2015-11-18 17:26:30,510][com.java.SeleniumDriver] [  820] - Datavalue is----------5
[INFO ][2015-11-18 17:26:30,510][com.java.SeleniumDriver] [  844] - DataField : TXT//div[contains(@class, 'input-group btn-')]/input[contains(@class ,'ember-text-field form-')]
[INFO ][2015-11-18 17:26:30,510][com.java.SeleniumDriver] [  846] - DataValue : 5
[INFO ][2015-11-18 17:26:30,510][com.java.SeleniumDriver] [  852] - <In Set values of the page>
[INFO ][2015-11-18 17:26:30,511][com.java.SeleniumDriver] [  855] - {Data Fields & Data Values Exist}
[INFO ][2015-11-18 17:26:30,511][com.java.SeleniumDriver] [  857] - --------------------------setting values-----------------------------
[INFO ][2015-11-18 17:26:30,511][com.java.SeleniumDriver] [  860] - Action Type : enter
[INFO ][2015-11-18 17:26:30,511][com.java.TestType] [ 5087] - field = //div[contains(@class, 'input-group btn-')]/input[contains(@class ,'ember-text-field form-')]
[INFO ][2015-11-18 17:26:30,511][com.java.TestType] [ 4454] - value = 5
[INFO ][2015-11-18 17:26:30,849][com.java.SeleniumDriver] [  869] -  RESULT true
[INFO ][2015-11-18 17:26:30,849][com.java.SeleniumDriver] [ 1074] - ?   P A S S   ?
[INFO ][2015-11-18 17:26:30,849][com.java.SeleniumDriver] [  796] - ------------------------------------------
[INFO ][2015-11-18 17:26:30,849][com.java.SeleniumDriver] [  797] - Test case being Executed: 6
[INFO ][2015-11-18 17:26:30,849][com.java.SeleniumDriver] [  808] - Test step:20
[INFO ][2015-11-18 17:26:30,849][com.java.SeleniumDriver] [  820] - Datavalue is----------5
[INFO ][2015-11-18 17:26:30,850][com.java.SeleniumDriver] [  844] - DataField : XPH//button[text()='Constant']
[INFO ][2015-11-18 17:26:30,850][com.java.SeleniumDriver] [  846] - DataValue : 5
[INFO ][2015-11-18 17:26:30,850][com.java.SeleniumDriver] [  852] - <In Set values of the page>
[INFO ][2015-11-18 17:26:30,850][com.java.SeleniumDriver] [  855] - {Data Fields & Data Values Exist}
[INFO ][2015-11-18 17:26:30,850][com.java.SeleniumDriver] [  857] - --------------------------setting values-----------------------------
[INFO ][2015-11-18 17:26:30,850][com.java.SeleniumDriver] [  860] - Action Type : waitforelement
[INFO ][2015-11-18 17:26:30,873][com.java.SeleniumDriver] [  869] -  RESULT true
[INFO ][2015-11-18 17:26:30,873][com.java.SeleniumDriver] [ 1074] - ?   P A S S   ?
[INFO ][2015-11-18 17:26:30,873][com.java.SeleniumDriver] [  796] - ------------------------------------------
[INFO ][2015-11-18 17:26:30,873][com.java.SeleniumDriver] [  797] - Test case being Executed: 6
[INFO ][2015-11-18 17:26:30,873][com.java.SeleniumDriver] [  808] - Test step:21
[INFO ][2015-11-18 17:26:30,873][com.java.SeleniumDriver] [  820] - Datavalue is----------null
[DEBUG][2015-11-18 17:26:30,873][com.java.SeleniumDriver] [  838] - Exception: null
[INFO ][2015-11-18 17:26:30,874][com.java.SeleniumDriver] [  844] - DataField : XPH//button[text()='Constant']
[INFO ][2015-11-18 17:26:30,874][com.java.SeleniumDriver] [  846] - DataValue : 
[INFO ][2015-11-18 17:26:30,874][com.java.SeleniumDriver] [  852] - <In Set values of the page>
[INFO ][2015-11-18 17:26:30,874][com.java.SeleniumDriver] [  855] - {Data Fields & Data Values Exist}
[INFO ][2015-11-18 17:26:30,874][com.java.SeleniumDriver] [  857] - --------------------------setting values-----------------------------
[INFO ][2015-11-18 17:26:30,875][com.java.SeleniumDriver] [  860] - Action Type : click
[INFO ][2015-11-18 17:26:30,875][com.java.TestType] [ 4767] - Field ::XPH//button[text()='Constant']
[INFO ][2015-11-18 17:26:31,875][com.java.TestType] [ 4826] - BEFORE CLICK
[INFO ][2015-11-18 17:26:32,706][com.java.TestType] [ 4834] - Unable to click the object click on constant
[INFO ][2015-11-18 17:26:32,706][com.java.SeleniumDriver] [  869] -  RESULT true
[INFO ][2015-11-18 17:26:32,706][com.java.SeleniumDriver] [ 1074] - ?   P A S S   ?
[INFO ][2015-11-18 17:26:32,706][com.java.SeleniumDriver] [  796] - ------------------------------------------
[INFO ][2015-11-18 17:26:32,706][com.java.SeleniumDriver] [  797] - Test case being Executed: 6
[INFO ][2015-11-18 17:26:32,706][com.java.SeleniumDriver] [  808] - Test step:22
[INFO ][2015-11-18 17:26:32,706][com.java.SeleniumDriver] [  820] - Datavalue is----------3
[INFO ][2015-11-18 17:26:32,706][com.java.SeleniumDriver] [  844] - DataField : XPH//button[text()='Constant']
[INFO ][2015-11-18 17:26:32,706][com.java.SeleniumDriver] [  846] - DataValue : 3
[INFO ][2015-11-18 17:26:32,706][com.java.SeleniumDriver] [  852] - <In Set values of the page>
[INFO ][2015-11-18 17:26:32,706][com.java.SeleniumDriver] [  855] - {Data Fields & Data Values Exist}
[INFO ][2015-11-18 17:26:32,706][com.java.SeleniumDriver] [  857] - --------------------------setting values-----------------------------
[INFO ][2015-11-18 17:26:32,707][com.java.SeleniumDriver] [  860] - Action Type : waitforelement
[INFO ][2015-11-18 17:26:32,720][com.java.SeleniumDriver] [  869] -  RESULT true
[INFO ][2015-11-18 17:26:32,720][com.java.SeleniumDriver] [ 1074] - ?   P A S S   ?
[INFO ][2015-11-18 17:26:32,720][com.java.SeleniumDriver] [  796] - ------------------------------------------
[INFO ][2015-11-18 17:26:32,720][com.java.SeleniumDriver] [  797] - Test case being Executed: 6
[INFO ][2015-11-18 17:26:32,720][com.java.SeleniumDriver] [  808] - Test step:23
[INFO ][2015-11-18 17:26:32,720][com.java.SeleniumDriver] [  820] - Datavalue is----------null
[DEBUG][2015-11-18 17:26:32,720][com.java.SeleniumDriver] [  838] - Exception: null
[INFO ][2015-11-18 17:26:32,721][com.java.SeleniumDriver] [  844] - DataField : XPH//button[text()='+']
[INFO ][2015-11-18 17:26:32,721][com.java.SeleniumDriver] [  846] - DataValue : 
[INFO ][2015-11-18 17:26:32,721][com.java.SeleniumDriver] [  852] - <In Set values of the page>
[INFO ][2015-11-18 17:26:32,721][com.java.SeleniumDriver] [  855] - {Data Fields & Data Values Exist}
[INFO ][2015-11-18 17:26:32,721][com.java.SeleniumDriver] [  857] - --------------------------setting values-----------------------------
[INFO ][2015-11-18 17:26:32,721][com.java.SeleniumDriver] [  860] - Action Type : click
[INFO ][2015-11-18 17:26:32,721][com.java.TestType] [ 4767] - Field ::XPH//button[text()='+']
[INFO ][2015-11-18 17:26:33,721][com.java.TestType] [ 4826] - BEFORE CLICK
[INFO ][2015-11-18 17:26:34,467][com.java.TestType] [ 4834] - Unable to click the object enter operator
[INFO ][2015-11-18 17:26:34,467][com.java.SeleniumDriver] [  869] -  RESULT true
[INFO ][2015-11-18 17:26:34,467][com.java.SeleniumDriver] [ 1074] - ?   P A S S   ?
[INFO ][2015-11-18 17:26:34,467][com.java.SeleniumDriver] [  796] - ------------------------------------------
[INFO ][2015-11-18 17:26:34,467][com.java.SeleniumDriver] [  797] - Test case being Executed: 6
[INFO ][2015-11-18 17:26:34,467][com.java.SeleniumDriver] [  808] - Test step:24
[INFO ][2015-11-18 17:26:34,467][com.java.SeleniumDriver] [  820] - Datavalue is----------5
[INFO ][2015-11-18 17:26:34,467][com.java.SeleniumDriver] [  844] - DataField : TXT//div[contains(@class, 'input-group btn-')]/input[contains(@class ,'ember-text-field form-')]
[INFO ][2015-11-18 17:26:34,467][com.java.SeleniumDriver] [  846] - DataValue : 5
[INFO ][2015-11-18 17:26:34,467][com.java.SeleniumDriver] [  852] - <In Set values of the page>
[INFO ][2015-11-18 17:26:34,467][com.java.SeleniumDriver] [  855] - {Data Fields & Data Values Exist}
[INFO ][2015-11-18 17:26:34,468][com.java.SeleniumDriver] [  857] - --------------------------setting values-----------------------------
[INFO ][2015-11-18 17:26:34,468][com.java.SeleniumDriver] [  860] - Action Type : enter
[INFO ][2015-11-18 17:26:34,468][com.java.TestType] [ 5087] - field = //div[contains(@class, 'input-group btn-')]/input[contains(@class ,'ember-text-field form-')]
[INFO ][2015-11-18 17:26:34,468][com.java.TestType] [ 4454] - value = 5
[INFO ][2015-11-18 17:26:34,818][com.java.SeleniumDriver] [  869] -  RESULT true
[INFO ][2015-11-18 17:26:34,818][com.java.SeleniumDriver] [ 1074] - ?   P A S S   ?
[INFO ][2015-11-18 17:26:34,818][com.java.SeleniumDriver] [  796] - ------------------------------------------
[INFO ][2015-11-18 17:26:34,818][com.java.SeleniumDriver] [  797] - Test case being Executed: 6
[INFO ][2015-11-18 17:26:34,818][com.java.SeleniumDriver] [  808] - Test step:25
[INFO ][2015-11-18 17:26:34,818][com.java.SeleniumDriver] [  820] - Datavalue is----------3
[INFO ][2015-11-18 17:26:34,818][com.java.SeleniumDriver] [  844] - DataField : XPH//button[text()='Constant']
[INFO ][2015-11-18 17:26:34,818][com.java.SeleniumDriver] [  846] - DataValue : 3
[INFO ][2015-11-18 17:26:34,818][com.java.SeleniumDriver] [  852] - <In Set values of the page>
[INFO ][2015-11-18 17:26:34,818][com.java.SeleniumDriver] [  855] - {Data Fields & Data Values Exist}
[INFO ][2015-11-18 17:26:34,818][com.java.SeleniumDriver] [  857] - --------------------------setting values-----------------------------
[INFO ][2015-11-18 17:26:34,819][com.java.SeleniumDriver] [  860] - Action Type : waitforelement
[INFO ][2015-11-18 17:26:34,832][com.java.SeleniumDriver] [  869] -  RESULT true
[INFO ][2015-11-18 17:26:34,832][com.java.SeleniumDriver] [ 1074] - ?   P A S S   ?
[INFO ][2015-11-18 17:26:34,832][com.java.SeleniumDriver] [  796] - ------------------------------------------
[INFO ][2015-11-18 17:26:34,832][com.java.SeleniumDriver] [  797] - Test case being Executed: 6
[INFO ][2015-11-18 17:26:34,832][com.java.SeleniumDriver] [  808] - Test step:26
[INFO ][2015-11-18 17:26:34,832][com.java.SeleniumDriver] [  820] - Datavalue is----------null
[DEBUG][2015-11-18 17:26:34,832][com.java.SeleniumDriver] [  838] - Exception: null
[INFO ][2015-11-18 17:26:34,833][com.java.SeleniumDriver] [  844] - DataField : XPH//button[text()='Constant']
[INFO ][2015-11-18 17:26:34,833][com.java.SeleniumDriver] [  846] - DataValue : 
[INFO ][2015-11-18 17:26:34,833][com.java.SeleniumDriver] [  852] - <In Set values of the page>
[INFO ][2015-11-18 17:26:34,833][com.java.SeleniumDriver] [  855] - {Data Fields & Data Values Exist}
[INFO ][2015-11-18 17:26:34,833][com.java.SeleniumDriver] [  857] - --------------------------setting values-----------------------------
[INFO ][2015-11-18 17:26:34,833][com.java.SeleniumDriver] [  860] - Action Type : click
[INFO ][2015-11-18 17:26:34,834][com.java.TestType] [ 4767] - Field ::XPH//button[text()='Constant']
[INFO ][2015-11-18 17:26:35,834][com.java.TestType] [ 4826] - BEFORE CLICK
[INFO ][2015-11-18 17:26:36,626][com.java.TestType] [ 4834] - Unable to click the object click constant
[INFO ][2015-11-18 17:26:36,626][com.java.SeleniumDriver] [  869] -  RESULT true
[INFO ][2015-11-18 17:26:36,626][com.java.SeleniumDriver] [ 1074] - ?   P A S S   ?
[INFO ][2015-11-18 17:26:36,626][com.java.SeleniumDriver] [  796] - ------------------------------------------
[INFO ][2015-11-18 17:26:36,626][com.java.SeleniumDriver] [  797] - Test case being Executed: 6
[INFO ][2015-11-18 17:26:36,626][com.java.SeleniumDriver] [  808] - Test step:27
[INFO ][2015-11-18 17:26:36,626][com.java.SeleniumDriver] [  820] - Datavalue is----------3
[INFO ][2015-11-18 17:26:36,626][com.java.SeleniumDriver] [  844] - DataField : XPH//button[text()='-']
[INFO ][2015-11-18 17:26:36,626][com.java.SeleniumDriver] [  846] - DataValue : 3
[INFO ][2015-11-18 17:26:36,627][com.java.SeleniumDriver] [  852] - <In Set values of the page>
[INFO ][2015-11-18 17:26:36,627][com.java.SeleniumDriver] [  855] - {Data Fields & Data Values Exist}
[INFO ][2015-11-18 17:26:36,627][com.java.SeleniumDriver] [  857] - --------------------------setting values-----------------------------
[INFO ][2015-11-18 17:26:36,627][com.java.SeleniumDriver] [  860] - Action Type : waitforelement
[INFO ][2015-11-18 17:26:36,650][com.java.SeleniumDriver] [  869] -  RESULT true
[INFO ][2015-11-18 17:26:36,650][com.java.SeleniumDriver] [ 1074] - ?   P A S S   ?
[INFO ][2015-11-18 17:26:36,651][com.java.SeleniumDriver] [  796] - ------------------------------------------
[INFO ][2015-11-18 17:26:36,652][com.java.SeleniumDriver] [  797] - Test case being Executed: 6
[INFO ][2015-11-18 17:26:36,652][com.java.SeleniumDriver] [  808] - Test step:28
[INFO ][2015-11-18 17:26:36,652][com.java.SeleniumDriver] [  820] - Datavalue is----------null
[DEBUG][2015-11-18 17:26:36,652][com.java.SeleniumDriver] [  838] - Exception: null
[INFO ][2015-11-18 17:26:36,652][com.java.SeleniumDriver] [  844] - DataField : XPH//button[text()='-']
[INFO ][2015-11-18 17:26:36,652][com.java.SeleniumDriver] [  846] - DataValue : 
[INFO ][2015-11-18 17:26:36,652][com.java.SeleniumDriver] [  852] - <In Set values of the page>
[INFO ][2015-11-18 17:26:36,652][com.java.SeleniumDriver] [  855] - {Data Fields & Data Values Exist}
[INFO ][2015-11-18 17:26:36,652][com.java.SeleniumDriver] [  857] - --------------------------setting values-----------------------------
[INFO ][2015-11-18 17:26:36,652][com.java.SeleniumDriver] [  860] - Action Type : click
[INFO ][2015-11-18 17:26:36,652][com.java.TestType] [ 4767] - Field ::XPH//button[text()='-']
[INFO ][2015-11-18 17:26:37,653][com.java.TestType] [ 4826] - BEFORE CLICK
[INFO ][2015-11-18 17:26:38,405][com.java.TestType] [ 4834] - Unable to click the object enter operator
[INFO ][2015-11-18 17:26:38,405][com.java.SeleniumDriver] [  869] -  RESULT true
[INFO ][2015-11-18 17:26:38,405][com.java.SeleniumDriver] [ 1074] - ?   P A S S   ?
[INFO ][2015-11-18 17:26:38,405][com.java.SeleniumDriver] [  796] - ------------------------------------------
[INFO ][2015-11-18 17:26:38,405][com.java.SeleniumDriver] [  797] - Test case being Executed: 6
[INFO ][2015-11-18 17:26:38,405][com.java.SeleniumDriver] [  808] - Test step:29
[INFO ][2015-11-18 17:26:38,405][com.java.SeleniumDriver] [  820] - Datavalue is----------3
[INFO ][2015-11-18 17:26:38,405][com.java.SeleniumDriver] [  844] - DataField : XPH//div[contains(@class, 'input-group btn-')]/input[contains(@class ,'ember-text-field form-')]
[INFO ][2015-11-18 17:26:38,405][com.java.SeleniumDriver] [  846] - DataValue : 3
[INFO ][2015-11-18 17:26:38,405][com.java.SeleniumDriver] [  852] - <In Set values of the page>
[INFO ][2015-11-18 17:26:38,405][com.java.SeleniumDriver] [  855] - {Data Fields & Data Values Exist}
[INFO ][2015-11-18 17:26:38,405][com.java.SeleniumDriver] [  857] - --------------------------setting values-----------------------------
[INFO ][2015-11-18 17:26:38,406][com.java.SeleniumDriver] [  860] - Action Type : waitforelement
[INFO ][2015-11-18 17:26:38,429][com.java.SeleniumDriver] [  869] -  RESULT true
[INFO ][2015-11-18 17:26:38,429][com.java.SeleniumDriver] [ 1074] - ?   P A S S   ?
[INFO ][2015-11-18 17:26:38,429][com.java.SeleniumDriver] [  796] - ------------------------------------------
[INFO ][2015-11-18 17:26:38,429][com.java.SeleniumDriver] [  797] - Test case being Executed: 6
[INFO ][2015-11-18 17:26:38,429][com.java.SeleniumDriver] [  808] - Test step:30
[INFO ][2015-11-18 17:26:38,429][com.java.SeleniumDriver] [  820] - Datavalue is----------5
[INFO ][2015-11-18 17:26:38,429][com.java.SeleniumDriver] [  844] - DataField : TXT//div[contains(@class, 'input-group btn-')]/input[contains(@class ,'ember-text-field form-')]
[INFO ][2015-11-18 17:26:38,429][com.java.SeleniumDriver] [  846] - DataValue : 5
[INFO ][2015-11-18 17:26:38,429][com.java.SeleniumDriver] [  852] - <In Set values of the page>
[INFO ][2015-11-18 17:26:38,429][com.java.SeleniumDriver] [  855] - {Data Fields & Data Values Exist}
[INFO ][2015-11-18 17:26:38,429][com.java.SeleniumDriver] [  857] - --------------------------setting values-----------------------------
[INFO ][2015-11-18 17:26:38,430][com.java.SeleniumDriver] [  860] - Action Type : enter
[INFO ][2015-11-18 17:26:38,430][com.java.TestType] [ 5087] - field = //div[contains(@class, 'input-group btn-')]/input[contains(@class ,'ember-text-field form-')]
[INFO ][2015-11-18 17:26:38,430][com.java.TestType] [ 4454] - value = 5
[INFO ][2015-11-18 17:26:38,781][com.java.SeleniumDriver] [  869] -  RESULT true
[INFO ][2015-11-18 17:26:38,781][com.java.SeleniumDriver] [ 1074] - ?   P A S S   ?
[INFO ][2015-11-18 17:26:38,781][com.java.SeleniumDriver] [  796] - ------------------------------------------
[INFO ][2015-11-18 17:26:38,781][com.java.SeleniumDriver] [  797] - Test case being Executed: 6
[INFO ][2015-11-18 17:26:38,781][com.java.SeleniumDriver] [  808] - Test step:31
[INFO ][2015-11-18 17:26:38,781][com.java.SeleniumDriver] [  820] - Datavalue is----------3
[INFO ][2015-11-18 17:26:38,781][com.java.SeleniumDriver] [  844] - DataField : XPH//button[text()='Constant']
[INFO ][2015-11-18 17:26:38,781][com.java.SeleniumDriver] [  846] - DataValue : 3
[INFO ][2015-11-18 17:26:38,781][com.java.SeleniumDriver] [  852] - <In Set values of the page>
[INFO ][2015-11-18 17:26:38,781][com.java.SeleniumDriver] [  855] - {Data Fields & Data Values Exist}
[INFO ][2015-11-18 17:26:38,781][com.java.SeleniumDriver] [  857] - --------------------------setting values-----------------------------
[INFO ][2015-11-18 17:26:38,781][com.java.SeleniumDriver] [  860] - Action Type : waitforelement
[INFO ][2015-11-18 17:26:38,804][com.java.SeleniumDriver] [  869] -  RESULT true
[INFO ][2015-11-18 17:26:38,804][com.java.SeleniumDriver] [ 1074] - ?   P A S S   ?
[INFO ][2015-11-18 17:26:38,804][com.java.SeleniumDriver] [  796] - ------------------------------------------
[INFO ][2015-11-18 17:26:38,804][com.java.SeleniumDriver] [  797] - Test case being Executed: 6
[INFO ][2015-11-18 17:26:38,804][com.java.SeleniumDriver] [  808] - Test step:32
[INFO ][2015-11-18 17:26:38,804][com.java.SeleniumDriver] [  820] - Datavalue is----------null
[DEBUG][2015-11-18 17:26:38,804][com.java.SeleniumDriver] [  838] - Exception: null
[INFO ][2015-11-18 17:26:38,804][com.java.SeleniumDriver] [  844] - DataField : XPH//button[text()='Constant']
[INFO ][2015-11-18 17:26:38,804][com.java.SeleniumDriver] [  846] - DataValue : 
[INFO ][2015-11-18 17:26:38,805][com.java.SeleniumDriver] [  852] - <In Set values of the page>
[INFO ][2015-11-18 17:26:38,805][com.java.SeleniumDriver] [  855] - {Data Fields & Data Values Exist}
[INFO ][2015-11-18 17:26:38,805][com.java.SeleniumDriver] [  857] - --------------------------setting values-----------------------------
[INFO ][2015-11-18 17:26:38,805][com.java.SeleniumDriver] [  860] - Action Type : click
[INFO ][2015-11-18 17:26:38,805][com.java.TestType] [ 4767] - Field ::XPH//button[text()='Constant']
[INFO ][2015-11-18 17:26:39,805][com.java.TestType] [ 4826] - BEFORE CLICK
[INFO ][2015-11-18 17:26:40,613][com.java.TestType] [ 4834] - Unable to click the object click constant
[INFO ][2015-11-18 17:26:40,613][com.java.SeleniumDriver] [  869] -  RESULT true
[INFO ][2015-11-18 17:26:40,613][com.java.SeleniumDriver] [ 1074] - ?   P A S S   ?
[INFO ][2015-11-18 17:26:40,613][com.java.SeleniumDriver] [  796] - ------------------------------------------
[INFO ][2015-11-18 17:26:40,613][com.java.SeleniumDriver] [  797] - Test case being Executed: 6
[INFO ][2015-11-18 17:26:40,613][com.java.SeleniumDriver] [  808] - Test step:33
[INFO ][2015-11-18 17:26:40,613][com.java.SeleniumDriver] [  820] - Datavalue is----------3
[INFO ][2015-11-18 17:26:40,613][com.java.SeleniumDriver] [  844] - DataField : XPH//button[contains(text(), 'Save')]
[INFO ][2015-11-18 17:26:40,613][com.java.SeleniumDriver] [  846] - DataValue : 3
[INFO ][2015-11-18 17:26:40,613][com.java.SeleniumDriver] [  852] - <In Set values of the page>
[INFO ][2015-11-18 17:26:40,613][com.java.SeleniumDriver] [  855] - {Data Fields & Data Values Exist}
[INFO ][2015-11-18 17:26:40,614][com.java.SeleniumDriver] [  857] - --------------------------setting values-----------------------------
[INFO ][2015-11-18 17:26:40,614][com.java.SeleniumDriver] [  860] - Action Type : waitforelement
[INFO ][2015-11-18 17:26:40,637][com.java.SeleniumDriver] [  869] -  RESULT true
[INFO ][2015-11-18 17:26:40,637][com.java.SeleniumDriver] [ 1074] - ?   P A S S   ?
[INFO ][2015-11-18 17:26:40,637][com.java.SeleniumDriver] [  796] - ------------------------------------------
[INFO ][2015-11-18 17:26:40,637][com.java.SeleniumDriver] [  797] - Test case being Executed: 6
[INFO ][2015-11-18 17:26:40,638][com.java.SeleniumDriver] [  808] - Test step:34
[INFO ][2015-11-18 17:26:40,638][com.java.SeleniumDriver] [  820] - Datavalue is----------null
[DEBUG][2015-11-18 17:26:40,638][com.java.SeleniumDriver] [  838] - Exception: null
[INFO ][2015-11-18 17:26:40,638][com.java.SeleniumDriver] [  844] - DataField : XPH//button[contains(text(), 'Save')]
[INFO ][2015-11-18 17:26:40,638][com.java.SeleniumDriver] [  846] - DataValue : 
[INFO ][2015-11-18 17:26:40,638][com.java.SeleniumDriver] [  852] - <In Set values of the page>
[INFO ][2015-11-18 17:26:40,638][com.java.SeleniumDriver] [  855] - {Data Fields & Data Values Exist}
[INFO ][2015-11-18 17:26:40,638][com.java.SeleniumDriver] [  857] - --------------------------setting values-----------------------------
[INFO ][2015-11-18 17:26:40,638][com.java.SeleniumDriver] [  860] - Action Type : ISENABLED
[INFO ][2015-11-18 17:26:40,638][com.java.TestType] [ 6648] - field= XPH//button[contains(text(), 'Save')]
[INFO ][2015-11-18 17:26:40,675][com.java.SeleniumDriver] [  869] -  RESULT true
[INFO ][2015-11-18 17:26:40,675][com.java.SeleniumDriver] [ 1074] - ?   P A S S   ?
[INFO ][2015-11-18 17:26:40,675][com.java.SeleniumDriver] [  796] - ------------------------------------------
[INFO ][2015-11-18 17:26:40,675][com.java.SeleniumDriver] [  797] - Test case being Executed: 6
[INFO ][2015-11-18 17:26:40,675][com.java.SeleniumDriver] [  808] - Test step:35
[INFO ][2015-11-18 17:26:40,675][com.java.SeleniumDriver] [  820] - Datavalue is----------null
[DEBUG][2015-11-18 17:26:40,675][com.java.SeleniumDriver] [  838] - Exception: null
[INFO ][2015-11-18 17:26:40,675][com.java.SeleniumDriver] [  844] - DataField : XPH//button[contains(text(), 'Save')]
[INFO ][2015-11-18 17:26:40,675][com.java.SeleniumDriver] [  846] - DataValue : 
[INFO ][2015-11-18 17:26:40,675][com.java.SeleniumDriver] [  852] - <In Set values of the page>
[INFO ][2015-11-18 17:26:40,675][com.java.SeleniumDriver] [  855] - {Data Fields & Data Values Exist}
[INFO ][2015-11-18 17:26:40,675][com.java.SeleniumDriver] [  857] - --------------------------setting values-----------------------------
[INFO ][2015-11-18 17:26:40,676][com.java.SeleniumDriver] [  860] - Action Type : click
[INFO ][2015-11-18 17:26:40,676][com.java.TestType] [ 4767] - Field ::XPH//button[contains(text(), 'Save')]
[INFO ][2015-11-18 17:26:41,676][com.java.TestType] [ 4826] - BEFORE CLICK
[INFO ][2015-11-18 17:26:42,483][com.java.TestType] [ 4834] - Unable to click the object save button
[INFO ][2015-11-18 17:26:42,483][com.java.SeleniumDriver] [  869] -  RESULT true
[INFO ][2015-11-18 17:26:42,483][com.java.SeleniumDriver] [ 1074] - ?   P A S S   ?
[INFO ][2015-11-18 17:26:42,483][com.java.SeleniumDriver] [  796] - ------------------------------------------
[INFO ][2015-11-18 17:26:42,483][com.java.SeleniumDriver] [  797] - Test case being Executed: 6
[INFO ][2015-11-18 17:26:42,483][com.java.SeleniumDriver] [  808] - Test step:36
[INFO ][2015-11-18 17:26:42,483][com.java.SeleniumDriver] [  820] - Datavalue is----------3
[INFO ][2015-11-18 17:26:42,483][com.java.SeleniumDriver] [  844] - DataField : XPH//a[contains(text(), 'Add Calculation')]
[INFO ][2015-11-18 17:26:42,485][com.java.SeleniumDriver] [  846] - DataValue : 3
[INFO ][2015-11-18 17:26:42,485][com.java.SeleniumDriver] [  852] - <In Set values of the page>
[INFO ][2015-11-18 17:26:42,485][com.java.SeleniumDriver] [  855] - {Data Fields & Data Values Exist}
[INFO ][2015-11-18 17:26:42,485][com.java.SeleniumDriver] [  857] - --------------------------setting values-----------------------------
[INFO ][2015-11-18 17:26:42,485][com.java.SeleniumDriver] [  860] - Action Type : waitforelement
[INFO ][2015-11-18 17:26:42,508][com.java.SeleniumDriver] [  869] -  RESULT true
[INFO ][2015-11-18 17:26:42,508][com.java.SeleniumDriver] [ 1074] - ?   P A S S   ?
[INFO ][2015-11-18 17:26:42,508][com.java.SeleniumDriver] [  796] - ------------------------------------------
[INFO ][2015-11-18 17:26:42,508][com.java.SeleniumDriver] [  797] - Test case being Executed: 6
[INFO ][2015-11-18 17:26:42,509][com.java.SeleniumDriver] [  808] - Test step:37
[INFO ][2015-11-18 17:26:42,509][com.java.SeleniumDriver] [  820] - Datavalue is----------HMVCalusing_Keys
[INFO ][2015-11-18 17:26:42,509][com.java.SeleniumDriver] [  844] - DataField : MSG
[INFO ][2015-11-18 17:26:42,509][com.java.SeleniumDriver] [  846] - DataValue : HMVCalusing_Keys
[INFO ][2015-11-18 17:26:42,509][com.java.SeleniumDriver] [  852] - <In Set values of the page>
[INFO ][2015-11-18 17:26:42,510][com.java.SeleniumDriver] [  855] - {Data Fields & Data Values Exist}
[INFO ][2015-11-18 17:26:42,510][com.java.SeleniumDriver] [  857] - --------------------------setting values-----------------------------
[INFO ][2015-11-18 17:26:42,510][com.java.SeleniumDriver] [  860] - Action Type : verify
[INFO ][2015-11-18 17:26:42,511][com.java.TestType] [ 5561] - field= MSG value= HMVCalusing_Keys
[INFO ][2015-11-18 17:26:42,511][com.java.TestType] [ 4454] - value = A_VLTest60923
[DEBUG][2015-11-18 17:26:42,511][com.java.TestType] [ 6330] - value :: A_VLTest60923
[INFO ][2015-11-18 17:26:42,525][com.java.SeleniumDriver] [  869] -  RESULT true
[INFO ][2015-11-18 17:26:42,525][com.java.SeleniumDriver] [ 1074] - ?   P A S S   ?
[INFO ][2015-11-18 17:26:42,526][com.java.SeleniumDriver] [  796] - ------------------------------------------
[INFO ][2015-11-18 17:26:42,526][com.java.SeleniumDriver] [  797] - Test case being Executed: 6
[INFO ][2015-11-18 17:26:42,526][com.java.SeleniumDriver] [  808] - Test step:38
[INFO ][2015-11-18 17:26:42,526][com.java.SeleniumDriver] [  820] - Datavalue is----------null
[DEBUG][2015-11-18 17:26:42,526][com.java.SeleniumDriver] [  838] - Exception: null
[INFO ][2015-11-18 17:26:42,526][com.java.SeleniumDriver] [  844] - DataField : XPH//a[contains(text(), 'Add Calculation')]
[INFO ][2015-11-18 17:26:42,526][com.java.SeleniumDriver] [  846] - DataValue : 
[INFO ][2015-11-18 17:26:42,526][com.java.SeleniumDriver] [  852] - <In Set values of the page>
[INFO ][2015-11-18 17:26:42,526][com.java.SeleniumDriver] [  855] - {Data Fields & Data Values Exist}
[INFO ][2015-11-18 17:26:42,526][com.java.SeleniumDriver] [  857] - --------------------------setting values-----------------------------
[INFO ][2015-11-18 17:26:42,526][com.java.SeleniumDriver] [  860] - Action Type : click
[INFO ][2015-11-18 17:26:42,526][com.java.TestType] [ 4767] - Field ::XPH//a[contains(text(), 'Add Calculation')]
[INFO ][2015-11-18 17:26:43,526][com.java.TestType] [ 4826] - BEFORE CLICK
[INFO ][2015-11-18 17:26:44,598][com.java.TestType] [ 4834] - Unable to click the object click on add button
[INFO ][2015-11-18 17:26:44,598][com.java.SeleniumDriver] [  869] -  RESULT true
[INFO ][2015-11-18 17:26:44,598][com.java.SeleniumDriver] [ 1074] - ?   P A S S   ?
[INFO ][2015-11-18 17:26:44,598][com.java.SeleniumDriver] [  796] - ------------------------------------------
[INFO ][2015-11-18 17:26:44,598][com.java.SeleniumDriver] [  797] - Test case being Executed: 6
[INFO ][2015-11-18 17:26:44,598][com.java.SeleniumDriver] [  808] - Test step:39
[INFO ][2015-11-18 17:26:44,598][com.java.SeleniumDriver] [  820] - Datavalue is----------3
[INFO ][2015-11-18 17:26:44,598][com.java.SeleniumDriver] [  844] - DataField : XPH//label[contains(text(), 'Dashboard Groups:')]
[INFO ][2015-11-18 17:26:44,598][com.java.SeleniumDriver] [  846] - DataValue : 3
[INFO ][2015-11-18 17:26:44,598][com.java.SeleniumDriver] [  852] - <In Set values of the page>
[INFO ][2015-11-18 17:26:44,598][com.java.SeleniumDriver] [  855] - {Data Fields & Data Values Exist}
[INFO ][2015-11-18 17:26:44,598][com.java.SeleniumDriver] [  857] - --------------------------setting values-----------------------------
[INFO ][2015-11-18 17:26:44,598][com.java.SeleniumDriver] [  860] - Action Type : waitforelement
[INFO ][2015-11-18 17:26:44,622][com.java.SeleniumDriver] [  869] -  RESULT true
[INFO ][2015-11-18 17:26:44,622][com.java.SeleniumDriver] [ 1074] - ?   P A S S   ?
[INFO ][2015-11-18 17:26:44,622][com.java.SeleniumDriver] [  796] - ------------------------------------------
[INFO ][2015-11-18 17:26:44,622][com.java.SeleniumDriver] [  797] - Test case being Executed: 6
[INFO ][2015-11-18 17:26:44,622][com.java.SeleniumDriver] [  808] - Test step:40
[INFO ][2015-11-18 17:26:44,622][com.java.SeleniumDriver] [  820] - Datavalue is----------null
[DEBUG][2015-11-18 17:26:44,622][com.java.SeleniumDriver] [  838] - Exception: null
[INFO ][2015-11-18 17:26:44,622][com.java.SeleniumDriver] [  844] - DataField : XPH//button[contains(text(), 'Save')]
[INFO ][2015-11-18 17:26:44,622][com.java.SeleniumDriver] [  846] - DataValue : 
[INFO ][2015-11-18 17:26:44,622][com.java.SeleniumDriver] [  852] - <In Set values of the page>
[INFO ][2015-11-18 17:26:44,623][com.java.SeleniumDriver] [  855] - {Data Fields & Data Values Exist}
[INFO ][2015-11-18 17:26:44,623][com.java.SeleniumDriver] [  857] - --------------------------setting values-----------------------------
[INFO ][2015-11-18 17:26:44,623][com.java.SeleniumDriver] [  860] - Action Type : ISDISABLED
[INFO ][2015-11-18 17:26:44,623][com.java.TestType] [ 6612] - field= XPH//button[contains(text(), 'Save')]
[INFO ][2015-11-18 17:26:44,699][com.java.SeleniumDriver] [  869] -  RESULT true
[INFO ][2015-11-18 17:26:44,699][com.java.SeleniumDriver] [ 1074] - ?   P A S S   ?
[INFO ][2015-11-18 17:26:44,699][com.java.SeleniumDriver] [  796] - ------------------------------------------
[INFO ][2015-11-18 17:26:44,699][com.java.SeleniumDriver] [  797] - Test case being Executed: 6
[INFO ][2015-11-18 17:26:44,699][com.java.SeleniumDriver] [  808] - Test step:41
[INFO ][2015-11-18 17:26:44,699][com.java.SeleniumDriver] [  820] - Datavalue is----------3
[INFO ][2015-11-18 17:26:44,699][com.java.SeleniumDriver] [  844] - DataField : XPH//select[contains(@class,'mber-select form-control')]
[INFO ][2015-11-18 17:26:44,699][com.java.SeleniumDriver] [  846] - DataValue : 3
[INFO ][2015-11-18 17:26:44,699][com.java.SeleniumDriver] [  852] - <In Set values of the page>
[INFO ][2015-11-18 17:26:44,699][com.java.SeleniumDriver] [  855] - {Data Fields & Data Values Exist}
[INFO ][2015-11-18 17:26:44,700][com.java.SeleniumDriver] [  857] - --------------------------setting values-----------------------------
[INFO ][2015-11-18 17:26:44,700][com.java.SeleniumDriver] [  860] - Action Type : waitforelement
[INFO ][2015-11-18 17:26:44,712][com.java.SeleniumDriver] [  869] -  RESULT true
[INFO ][2015-11-18 17:26:44,712][com.java.SeleniumDriver] [ 1074] - ?   P A S S   ?
[INFO ][2015-11-18 17:26:44,712][com.java.SeleniumDriver] [  796] - ------------------------------------------
[INFO ][2015-11-18 17:26:44,712][com.java.SeleniumDriver] [  797] - Test case being Executed: 6
[INFO ][2015-11-18 17:26:44,712][com.java.SeleniumDriver] [  808] - Test step:42
[INFO ][2015-11-18 17:26:44,712][com.java.SeleniumDriver] [  820] - Datavalue is----------null
[DEBUG][2015-11-18 17:26:44,712][com.java.SeleniumDriver] [  838] - Exception: null
[INFO ][2015-11-18 17:26:44,712][com.java.SeleniumDriver] [  844] - DataField : XPH//select[contains(@class,'mber-select form-control')]
[INFO ][2015-11-18 17:26:44,712][com.java.SeleniumDriver] [  846] - DataValue : 
[INFO ][2015-11-18 17:26:44,712][com.java.SeleniumDriver] [  852] - <In Set values of the page>
[INFO ][2015-11-18 17:26:44,713][com.java.SeleniumDriver] [  855] - {Data Fields & Data Values Exist}
[INFO ][2015-11-18 17:26:44,713][com.java.SeleniumDriver] [  857] - --------------------------setting values-----------------------------
[INFO ][2015-11-18 17:26:44,713][com.java.SeleniumDriver] [  860] - Action Type : click
[INFO ][2015-11-18 17:26:44,713][com.java.TestType] [ 4767] - Field ::XPH//select[contains(@class,'mber-select form-control')]
[INFO ][2015-11-18 17:26:45,713][com.java.TestType] [ 4826] - BEFORE CLICK
[INFO ][2015-11-18 17:26:46,477][com.java.TestType] [ 4834] - Unable to click the object dollar value dropdown
[INFO ][2015-11-18 17:26:46,477][com.java.SeleniumDriver] [  869] -  RESULT true
[INFO ][2015-11-18 17:26:46,477][com.java.SeleniumDriver] [ 1074] - ?   P A S S   ?
[INFO ][2015-11-18 17:26:46,477][com.java.SeleniumDriver] [  796] - ------------------------------------------
[INFO ][2015-11-18 17:26:46,477][com.java.SeleniumDriver] [  797] - Test case being Executed: 6
[INFO ][2015-11-18 17:26:46,477][com.java.SeleniumDriver] [  808] - Test step:43
[INFO ][2015-11-18 17:26:46,477][com.java.SeleniumDriver] [  820] - Datavalue is----------3
[INFO ][2015-11-18 17:26:46,477][com.java.SeleniumDriver] [  844] - DataField : XPH//select/option[contains(text(), 'Dollar ($)')]
[INFO ][2015-11-18 17:26:46,477][com.java.SeleniumDriver] [  846] - DataValue : 3
[INFO ][2015-11-18 17:26:46,477][com.java.SeleniumDriver] [  852] - <In Set values of the page>
[INFO ][2015-11-18 17:26:46,477][com.java.SeleniumDriver] [  855] - {Data Fields & Data Values Exist}
[INFO ][2015-11-18 17:26:46,477][com.java.SeleniumDriver] [  857] - --------------------------setting values-----------------------------
[INFO ][2015-11-18 17:26:46,477][com.java.SeleniumDriver] [  860] - Action Type : waitforelement
[INFO ][2015-11-18 17:26:46,501][com.java.SeleniumDriver] [  869] -  RESULT true
[INFO ][2015-11-18 17:26:46,501][com.java.SeleniumDriver] [ 1074] - ?   P A S S   ?
[INFO ][2015-11-18 17:26:46,501][com.java.SeleniumDriver] [  796] - ------------------------------------------
[INFO ][2015-11-18 17:26:46,501][com.java.SeleniumDriver] [  797] - Test case being Executed: 6
[INFO ][2015-11-18 17:26:46,501][com.java.SeleniumDriver] [  808] - Test step:44
[INFO ][2015-11-18 17:26:46,501][com.java.SeleniumDriver] [  820] - Datavalue is----------null
[DEBUG][2015-11-18 17:26:46,501][com.java.SeleniumDriver] [  838] - Exception: null
[INFO ][2015-11-18 17:26:46,501][com.java.SeleniumDriver] [  844] - DataField : XPH//select/option[contains(text(), 'Dollar ($)')]
[INFO ][2015-11-18 17:26:46,502][com.java.SeleniumDriver] [  846] - DataValue : 
[INFO ][2015-11-18 17:26:46,502][com.java.SeleniumDriver] [  852] - <In Set values of the page>
[INFO ][2015-11-18 17:26:46,502][com.java.SeleniumDriver] [  855] - {Data Fields & Data Values Exist}
[INFO ][2015-11-18 17:26:46,502][com.java.SeleniumDriver] [  857] - --------------------------setting values-----------------------------
[INFO ][2015-11-18 17:26:46,502][com.java.SeleniumDriver] [  860] - Action Type : click
[INFO ][2015-11-18 17:26:46,502][com.java.TestType] [ 4767] - Field ::XPH//select/option[contains(text(), 'Dollar ($)')]
[INFO ][2015-11-18 17:26:47,503][com.java.TestType] [ 4826] - BEFORE CLICK
[INFO ][2015-11-18 17:26:48,199][com.java.TestType] [ 4834] - Unable to click the object dollar value dropdown
[INFO ][2015-11-18 17:26:48,199][com.java.SeleniumDriver] [  869] -  RESULT true
[INFO ][2015-11-18 17:26:48,199][com.java.SeleniumDriver] [ 1074] - ?   P A S S   ?
[INFO ][2015-11-18 17:26:48,199][com.java.SeleniumDriver] [  796] - ------------------------------------------
[INFO ][2015-11-18 17:26:48,199][com.java.SeleniumDriver] [  797] - Test case being Executed: 6
[INFO ][2015-11-18 17:26:48,200][com.java.SeleniumDriver] [  808] - Test step:45
[INFO ][2015-11-18 17:26:48,200][com.java.SeleniumDriver] [  820] - Datavalue is----------RNDA_VLTest
[INFO ][2015-11-18 17:26:48,200][com.java.SeleniumDriver] [  844] - DataField : TXT//input[contains(@placeholder, 'Name your Calcu')]
[INFO ][2015-11-18 17:26:48,200][com.java.SeleniumDriver] [  846] - DataValue : RNDA_VLTest
[INFO ][2015-11-18 17:26:48,200][com.java.SeleniumDriver] [  852] - <In Set values of the page>
[INFO ][2015-11-18 17:26:48,200][com.java.SeleniumDriver] [  855] - {Data Fields & Data Values Exist}
[INFO ][2015-11-18 17:26:48,200][com.java.SeleniumDriver] [  857] - --------------------------setting values-----------------------------
[INFO ][2015-11-18 17:26:48,200][com.java.SeleniumDriver] [  860] - Action Type : enter
[INFO ][2015-11-18 17:26:48,200][com.java.TestType] [ 5087] - field = //input[contains(@placeholder, 'Name your Calcu')]
[INFO ][2015-11-18 17:26:48,200][com.java.TestType] [ 4454] - value = A_VLTest86763
[INFO ][2015-11-18 17:26:49,104][com.java.SeleniumDriver] [  869] -  RESULT true
[INFO ][2015-11-18 17:26:49,104][com.java.SeleniumDriver] [ 1074] - ?   P A S S   ?
[INFO ][2015-11-18 17:26:49,104][com.java.SeleniumDriver] [  796] - ------------------------------------------
[INFO ][2015-11-18 17:26:49,104][com.java.SeleniumDriver] [  797] - Test case being Executed: 6
[INFO ][2015-11-18 17:26:49,104][com.java.SeleniumDriver] [  808] - Test step:46
[INFO ][2015-11-18 17:26:49,104][com.java.SeleniumDriver] [  820] - Datavalue is----------Cal_Using_Precustoms
[INFO ][2015-11-18 17:26:49,104][com.java.SeleniumDriver] [  844] - DataField : TXT//input[contains(@placeholder, 'Name your Calcu')]
[INFO ][2015-11-18 17:26:49,104][com.java.SeleniumDriver] [  846] - DataValue : Cal_Using_Precustoms
[INFO ][2015-11-18 17:26:49,104][com.java.SeleniumDriver] [  852] - <In Set values of the page>
[INFO ][2015-11-18 17:26:49,104][com.java.SeleniumDriver] [  855] - {Data Fields & Data Values Exist}
[INFO ][2015-11-18 17:26:49,104][com.java.SeleniumDriver] [  857] - --------------------------setting values-----------------------------
[INFO ][2015-11-18 17:26:49,104][com.java.SeleniumDriver] [  860] - Action Type : STOREVALUE
[INFO ][2015-11-18 17:26:49,104][com.java.TestType] [ 6687] - field= TXT//input[contains(@placeholder, 'Name your Calcu')]
[DEBUG][2015-11-18 17:26:49,153][com.java.TestType] [ 6701] - Key:: Cal_Using_Precustoms  Value:: A_VLTest86763
[INFO ][2015-11-18 17:26:49,153][com.java.SeleniumDriver] [  869] -  RESULT true
[INFO ][2015-11-18 17:26:49,153][com.java.SeleniumDriver] [ 1074] - ?   P A S S   ?
[INFO ][2015-11-18 17:26:49,153][com.java.SeleniumDriver] [  796] - ------------------------------------------
[INFO ][2015-11-18 17:26:49,153][com.java.SeleniumDriver] [  797] - Test case being Executed: 6
[INFO ][2015-11-18 17:26:49,153][com.java.SeleniumDriver] [  808] - Test step:47
[INFO ][2015-11-18 17:26:49,154][com.java.SeleniumDriver] [  820] - Datavalue is----------//div[@id='group-list']/ul/li[2]//a
[INFO ][2015-11-18 17:26:49,154][com.java.SeleniumDriver] [  844] - DataField : BTN
[INFO ][2015-11-18 17:26:49,154][com.java.SeleniumDriver] [  846] - DataValue : //div[@id='group-list']/ul/li[2]//a
[INFO ][2015-11-18 17:26:49,154][com.java.SeleniumDriver] [  852] - <In Set values of the page>
[INFO ][2015-11-18 17:26:49,154][com.java.SeleniumDriver] [  855] - {Data Fields & Data Values Exist}
[INFO ][2015-11-18 17:26:49,154][com.java.SeleniumDriver] [  857] - --------------------------setting values-----------------------------
[INFO ][2015-11-18 17:26:49,154][com.java.SeleniumDriver] [  860] - Action Type : verify
[INFO ][2015-11-18 17:26:49,154][com.java.TestType] [ 5561] - field= BTN value= //div[@id='group-list']/ul/li[2]//a
[INFO ][2015-11-18 17:26:49,154][com.java.TestType] [ 4454] - value = //div[@id='group-list']/ul/li[2]//a
[INFO ][2015-11-18 17:26:49,167][com.java.SeleniumDriver] [  869] -  RESULT true
[INFO ][2015-11-18 17:26:49,167][com.java.SeleniumDriver] [ 1074] - ?   P A S S   ?
[INFO ][2015-11-18 17:26:49,167][com.java.SeleniumDriver] [  796] - ------------------------------------------
[INFO ][2015-11-18 17:26:49,167][com.java.SeleniumDriver] [  797] - Test case being Executed: 6
[INFO ][2015-11-18 17:26:49,167][com.java.SeleniumDriver] [  808] - Test step:48
[INFO ][2015-11-18 17:26:49,167][com.java.SeleniumDriver] [  820] - Datavalue is----------null
[DEBUG][2015-11-18 17:26:49,167][com.java.SeleniumDriver] [  838] - Exception: null
[INFO ][2015-11-18 17:26:49,167][com.java.SeleniumDriver] [  844] - DataField : XPH//div[@id='group-list']/ul/li[2]//a
[INFO ][2015-11-18 17:26:49,167][com.java.SeleniumDriver] [  846] - DataValue : 
[INFO ][2015-11-18 17:26:49,167][com.java.SeleniumDriver] [  852] - <In Set values of the page>
[INFO ][2015-11-18 17:26:49,167][com.java.SeleniumDriver] [  855] - {Data Fields & Data Values Exist}
[INFO ][2015-11-18 17:26:49,167][com.java.SeleniumDriver] [  857] - --------------------------setting values-----------------------------
[INFO ][2015-11-18 17:26:49,168][com.java.SeleniumDriver] [  860] - Action Type : CLICK
[INFO ][2015-11-18 17:26:49,168][com.java.TestType] [ 4767] - Field ::XPH//div[@id='group-list']/ul/li[2]//a
[INFO ][2015-11-18 17:26:50,168][com.java.TestType] [ 4826] - BEFORE CLICK
[INFO ][2015-11-18 17:26:51,110][com.java.TestType] [ 4834] - Unable to click the object calculation name field
[INFO ][2015-11-18 17:26:51,110][com.java.SeleniumDriver] [  869] -  RESULT true
[INFO ][2015-11-18 17:26:51,110][com.java.SeleniumDriver] [ 1074] - ?   P A S S   ?
[INFO ][2015-11-18 17:26:51,111][com.java.SeleniumDriver] [  796] - ------------------------------------------
[INFO ][2015-11-18 17:26:51,111][com.java.SeleniumDriver] [  797] - Test case being Executed: 6
[INFO ][2015-11-18 17:26:51,111][com.java.SeleniumDriver] [  808] - Test step:49
[INFO ][2015-11-18 17:26:51,111][com.java.SeleniumDriver] [  820] - Datavalue is----------3
[INFO ][2015-11-18 17:26:51,111][com.java.SeleniumDriver] [  844] - DataField : XPH//a[contains(text(),'Non-Interest Bearing Deposits')]
[INFO ][2015-11-18 17:26:51,111][com.java.SeleniumDriver] [  846] - DataValue : 3
[INFO ][2015-11-18 17:26:51,111][com.java.SeleniumDriver] [  852] - <In Set values of the page>
[INFO ][2015-11-18 17:26:51,111][com.java.SeleniumDriver] [  855] - {Data Fields & Data Values Exist}
[INFO ][2015-11-18 17:26:51,111][com.java.SeleniumDriver] [  857] - --------------------------setting values-----------------------------
[INFO ][2015-11-18 17:26:51,112][com.java.SeleniumDriver] [  860] - Action Type : waitforelement
[INFO ][2015-11-18 17:26:51,185][com.java.SeleniumDriver] [  869] -  RESULT true
[INFO ][2015-11-18 17:26:51,185][com.java.SeleniumDriver] [ 1074] - ?   P A S S   ?
[INFO ][2015-11-18 17:26:51,185][com.java.SeleniumDriver] [  796] - ------------------------------------------
[INFO ][2015-11-18 17:26:51,185][com.java.SeleniumDriver] [  797] - Test case being Executed: 6
[INFO ][2015-11-18 17:26:51,185][com.java.SeleniumDriver] [  808] - Test step:50
[INFO ][2015-11-18 17:26:51,185][com.java.SeleniumDriver] [  820] - Datavalue is----------//div[contains(@class, 'expression ui-droppable')]/span
[INFO ][2015-11-18 17:26:51,185][com.java.SeleniumDriver] [  844] - DataField : //a[contains(text(),'Non-Interest Bearing Deposits')]
[INFO ][2015-11-18 17:26:51,186][com.java.SeleniumDriver] [  846] - DataValue : //div[contains(@class, 'expression ui-droppable')]/span
[INFO ][2015-11-18 17:26:51,186][com.java.SeleniumDriver] [  852] - <In Set values of the page>
[INFO ][2015-11-18 17:26:51,186][com.java.SeleniumDriver] [  855] - {Data Fields & Data Values Exist}
[INFO ][2015-11-18 17:26:51,186][com.java.SeleniumDriver] [  857] - --------------------------setting values-----------------------------
[INFO ][2015-11-18 17:26:51,186][com.java.SeleniumDriver] [  860] - Action Type : DRAGANDDROP
[INFO ][2015-11-18 17:26:52,336][com.java.SeleniumDriver] [  869] -  RESULT true
[INFO ][2015-11-18 17:26:52,336][com.java.SeleniumDriver] [ 1074] - ?   P A S S   ?
[INFO ][2015-11-18 17:26:52,336][com.java.SeleniumDriver] [  796] - ------------------------------------------
[INFO ][2015-11-18 17:26:52,336][com.java.SeleniumDriver] [  797] - Test case being Executed: 6
[INFO ][2015-11-18 17:26:52,336][com.java.SeleniumDriver] [  808] - Test step:51
[INFO ][2015-11-18 17:26:52,336][com.java.SeleniumDriver] [  820] - Datavalue is----------null
[DEBUG][2015-11-18 17:26:52,336][com.java.SeleniumDriver] [  838] - Exception: null
[INFO ][2015-11-18 17:26:52,336][com.java.SeleniumDriver] [  844] - DataField : XPH//button[text()='+']
[INFO ][2015-11-18 17:26:52,336][com.java.SeleniumDriver] [  846] - DataValue : 
[INFO ][2015-11-18 17:26:52,336][com.java.SeleniumDriver] [  852] - <In Set values of the page>
[INFO ][2015-11-18 17:26:52,336][com.java.SeleniumDriver] [  855] - {Data Fields & Data Values Exist}
[INFO ][2015-11-18 17:26:52,337][com.java.SeleniumDriver] [  857] - --------------------------setting values-----------------------------
[INFO ][2015-11-18 17:26:52,337][com.java.SeleniumDriver] [  860] - Action Type : click
[INFO ][2015-11-18 17:26:52,337][com.java.TestType] [ 4767] - Field ::XPH//button[text()='+']
[INFO ][2015-11-18 17:26:53,337][com.java.TestType] [ 4826] - BEFORE CLICK
[INFO ][2015-11-18 17:26:54,136][com.java.TestType] [ 4834] - Unable to click the object enter operator
[INFO ][2015-11-18 17:26:54,136][com.java.SeleniumDriver] [  869] -  RESULT true
[INFO ][2015-11-18 17:26:54,136][com.java.SeleniumDriver] [ 1074] - ?   P A S S   ?
[INFO ][2015-11-18 17:26:54,136][com.java.SeleniumDriver] [  796] - ------------------------------------------
[INFO ][2015-11-18 17:26:54,136][com.java.SeleniumDriver] [  797] - Test case being Executed: 6
[INFO ][2015-11-18 17:26:54,136][com.java.SeleniumDriver] [  808] - Test step:52
[INFO ][2015-11-18 17:26:54,136][com.java.SeleniumDriver] [  820] - Datavalue is----------//div[@class="ember-view alert alert-info expression ui-droppable"]
[INFO ][2015-11-18 17:26:54,136][com.java.SeleniumDriver] [  844] - DataField : //a[contains(text(),'Interest bearing demand deposits')]
[INFO ][2015-11-18 17:26:54,136][com.java.SeleniumDriver] [  846] - DataValue : //div[@class="ember-view alert alert-info expression ui-droppable"]
[INFO ][2015-11-18 17:26:54,136][com.java.SeleniumDriver] [  852] - <In Set values of the page>
[INFO ][2015-11-18 17:26:54,136][com.java.SeleniumDriver] [  855] - {Data Fields & Data Values Exist}
[INFO ][2015-11-18 17:26:54,136][com.java.SeleniumDriver] [  857] - --------------------------setting values-----------------------------
[INFO ][2015-11-18 17:26:54,136][com.java.SeleniumDriver] [  860] - Action Type : DRAGANDDROP
[INFO ][2015-11-18 17:26:55,031][com.java.SeleniumDriver] [  869] -  RESULT true
[INFO ][2015-11-18 17:26:55,031][com.java.SeleniumDriver] [ 1074] - ?   P A S S   ?
[INFO ][2015-11-18 17:26:55,031][com.java.SeleniumDriver] [  796] - ------------------------------------------
[INFO ][2015-11-18 17:26:55,031][com.java.SeleniumDriver] [  797] - Test case being Executed: 6
[INFO ][2015-11-18 17:26:55,031][com.java.SeleniumDriver] [  808] - Test step:53
[INFO ][2015-11-18 17:26:55,031][com.java.SeleniumDriver] [  820] - Datavalue is----------3
[INFO ][2015-11-18 17:26:55,031][com.java.SeleniumDriver] [  844] - DataField : XPH//button[contains(text(), 'Save')]
[INFO ][2015-11-18 17:26:55,031][com.java.SeleniumDriver] [  846] - DataValue : 3
[INFO ][2015-11-18 17:26:55,031][com.java.SeleniumDriver] [  852] - <In Set values of the page>
[INFO ][2015-11-18 17:26:55,031][com.java.SeleniumDriver] [  855] - {Data Fields & Data Values Exist}
[INFO ][2015-11-18 17:26:55,031][com.java.SeleniumDriver] [  857] - --------------------------setting values-----------------------------
[INFO ][2015-11-18 17:26:55,031][com.java.SeleniumDriver] [  860] - Action Type : waitforelement
[INFO ][2015-11-18 17:26:55,065][com.java.SeleniumDriver] [  869] -  RESULT true
[INFO ][2015-11-18 17:26:55,065][com.java.SeleniumDriver] [ 1074] - ?   P A S S   ?
[INFO ][2015-11-18 17:26:55,065][com.java.SeleniumDriver] [  796] - ------------------------------------------
[INFO ][2015-11-18 17:26:55,065][com.java.SeleniumDriver] [  797] - Test case being Executed: 6
[INFO ][2015-11-18 17:26:55,065][com.java.SeleniumDriver] [  808] - Test step:54
[INFO ][2015-11-18 17:26:55,065][com.java.SeleniumDriver] [  820] - Datavalue is----------null
[DEBUG][2015-11-18 17:26:55,065][com.java.SeleniumDriver] [  838] - Exception: null
[INFO ][2015-11-18 17:26:55,066][com.java.SeleniumDriver] [  844] - DataField : XPH//button[contains(text(), 'Save')]
[INFO ][2015-11-18 17:26:55,066][com.java.SeleniumDriver] [  846] - DataValue : 
[INFO ][2015-11-18 17:26:55,066][com.java.SeleniumDriver] [  852] - <In Set values of the page>
[INFO ][2015-11-18 17:26:55,066][com.java.SeleniumDriver] [  855] - {Data Fields & Data Values Exist}
[INFO ][2015-11-18 17:26:55,066][com.java.SeleniumDriver] [  857] - --------------------------setting values-----------------------------
[INFO ][2015-11-18 17:26:55,066][com.java.SeleniumDriver] [  860] - Action Type : ISENABLED
[INFO ][2015-11-18 17:26:55,066][com.java.TestType] [ 6648] - field= XPH//button[contains(text(), 'Save')]
[INFO ][2015-11-18 17:26:55,113][com.java.SeleniumDriver] [  869] -  RESULT true
[INFO ][2015-11-18 17:26:55,113][com.java.SeleniumDriver] [ 1074] - ?   P A S S   ?
[INFO ][2015-11-18 17:26:55,113][com.java.SeleniumDriver] [  796] - ------------------------------------------
[INFO ][2015-11-18 17:26:55,113][com.java.SeleniumDriver] [  797] - Test case being Executed: 6
[INFO ][2015-11-18 17:26:55,113][com.java.SeleniumDriver] [  808] - Test step:55
[INFO ][2015-11-18 17:26:55,113][com.java.SeleniumDriver] [  820] - Datavalue is----------null
[DEBUG][2015-11-18 17:26:55,113][com.java.SeleniumDriver] [  838] - Exception: null
[INFO ][2015-11-18 17:26:55,113][com.java.SeleniumDriver] [  844] - DataField : XPH//button[contains(text(), 'Save')]
[INFO ][2015-11-18 17:26:55,113][com.java.SeleniumDriver] [  846] - DataValue : 
[INFO ][2015-11-18 17:26:55,113][com.java.SeleniumDriver] [  852] - <In Set values of the page>
[INFO ][2015-11-18 17:26:55,113][com.java.SeleniumDriver] [  855] - {Data Fields & Data Values Exist}
[INFO ][2015-11-18 17:26:55,113][com.java.SeleniumDriver] [  857] - --------------------------setting values-----------------------------
[INFO ][2015-11-18 17:26:55,114][com.java.SeleniumDriver] [  860] - Action Type : click
[INFO ][2015-11-18 17:26:55,114][com.java.TestType] [ 4767] - Field ::XPH//button[contains(text(), 'Save')]
[INFO ][2015-11-18 17:26:56,114][com.java.TestType] [ 4826] - BEFORE CLICK
[INFO ][2015-11-18 17:26:56,874][com.java.TestType] [ 4834] - Unable to click the object save button
[INFO ][2015-11-18 17:26:56,874][com.java.SeleniumDriver] [  869] -  RESULT true
[INFO ][2015-11-18 17:26:56,874][com.java.SeleniumDriver] [ 1074] - ?   P A S S   ?
[INFO ][2015-11-18 17:26:56,874][com.java.SeleniumDriver] [  796] - ------------------------------------------
[INFO ][2015-11-18 17:26:56,874][com.java.SeleniumDriver] [  797] - Test case being Executed: 6
[INFO ][2015-11-18 17:26:56,874][com.java.SeleniumDriver] [  808] - Test step:56
[INFO ][2015-11-18 17:26:56,874][com.java.SeleniumDriver] [  820] - Datavalue is----------3
[INFO ][2015-11-18 17:26:56,874][com.java.SeleniumDriver] [  844] - DataField : XPH//a[contains(text(), 'Add Calculation')]
[INFO ][2015-11-18 17:26:56,874][com.java.SeleniumDriver] [  846] - DataValue : 3
[INFO ][2015-11-18 17:26:56,874][com.java.SeleniumDriver] [  852] - <In Set values of the page>
[INFO ][2015-11-18 17:26:56,874][com.java.SeleniumDriver] [  855] - {Data Fields & Data Values Exist}
[INFO ][2015-11-18 17:26:56,874][com.java.SeleniumDriver] [  857] - --------------------------setting values-----------------------------
[INFO ][2015-11-18 17:26:56,874][com.java.SeleniumDriver] [  860] - Action Type : waitforelement
[INFO ][2015-11-18 17:26:56,897][com.java.SeleniumDriver] [  869] -  RESULT true
[INFO ][2015-11-18 17:26:56,897][com.java.SeleniumDriver] [ 1074] - ?   P A S S   ?
[INFO ][2015-11-18 17:26:56,897][com.java.SeleniumDriver] [  796] - ------------------------------------------
[INFO ][2015-11-18 17:26:56,897][com.java.SeleniumDriver] [  797] - Test case being Executed: 6
[INFO ][2015-11-18 17:26:56,897][com.java.SeleniumDriver] [  808] - Test step:57
[INFO ][2015-11-18 17:26:56,897][com.java.SeleniumDriver] [  820] - Datavalue is----------HMVCal_Using_Precustoms
[INFO ][2015-11-18 17:26:56,897][com.java.SeleniumDriver] [  844] - DataField : MSG
[INFO ][2015-11-18 17:26:56,898][com.java.SeleniumDriver] [  846] - DataValue : HMVCal_Using_Precustoms
[INFO ][2015-11-18 17:26:56,898][com.java.SeleniumDriver] [  852] - <In Set values of the page>
[INFO ][2015-11-18 17:26:56,898][com.java.SeleniumDriver] [  855] - {Data Fields & Data Values Exist}
[INFO ][2015-11-18 17:26:56,898][com.java.SeleniumDriver] [  857] - --------------------------setting values-----------------------------
[INFO ][2015-11-18 17:26:56,898][com.java.SeleniumDriver] [  860] - Action Type : verify
[INFO ][2015-11-18 17:26:56,898][com.java.TestType] [ 5561] - field= MSG value= HMVCal_Using_Precustoms
[INFO ][2015-11-18 17:26:56,898][com.java.TestType] [ 4454] - value = A_VLTest86763
[DEBUG][2015-11-18 17:26:56,898][com.java.TestType] [ 6330] - value :: A_VLTest86763
[INFO ][2015-11-18 17:26:56,912][com.java.SeleniumDriver] [  869] -  RESULT true
[INFO ][2015-11-18 17:26:56,912][com.java.SeleniumDriver] [ 1074] - ?   P A S S   ?
[INFO ][2015-11-18 17:26:56,912][com.java.SeleniumDriver] [  796] - ------------------------------------------
[INFO ][2015-11-18 17:26:56,912][com.java.SeleniumDriver] [  797] - Test case being Executed: 6
[INFO ][2015-11-18 17:26:56,912][com.java.SeleniumDriver] [  808] - Test step:58
[INFO ][2015-11-18 17:26:56,913][com.java.SeleniumDriver] [  820] - Datavalue is----------null
[DEBUG][2015-11-18 17:26:56,913][com.java.SeleniumDriver] [  838] - Exception: null
[INFO ][2015-11-18 17:26:56,913][com.java.SeleniumDriver] [  844] - DataField : BTNparent
[INFO ][2015-11-18 17:26:56,913][com.java.SeleniumDriver] [  846] - DataValue : 
[INFO ][2015-11-18 17:26:56,913][com.java.SeleniumDriver] [  852] - <In Set values of the page>
[INFO ][2015-11-18 17:26:56,913][com.java.SeleniumDriver] [  855] - {Data Fields & Data Values Exist}
[INFO ][2015-11-18 17:26:56,913][com.java.SeleniumDriver] [  857] - --------------------------setting values-----------------------------
[INFO ][2015-11-18 17:26:56,913][com.java.SeleniumDriver] [  860] - Action Type : SELECTFRAME
[INFO ][2015-11-18 17:26:56,926][com.java.SeleniumDriver] [  869] -  RESULT true
[INFO ][2015-11-18 17:26:56,926][com.java.SeleniumDriver] [ 1074] - ?   P A S S   ?
[INFO ][2015-11-18 17:26:56,926][com.java.SeleniumDriver] [  796] - ------------------------------------------
[INFO ][2015-11-18 17:26:56,926][com.java.SeleniumDriver] [  797] - Test case being Executed: 6
[INFO ][2015-11-18 17:26:56,926][com.java.SeleniumDriver] [  808] - Test step:59
[INFO ][2015-11-18 17:26:56,926][com.java.SeleniumDriver] [  820] - Datavalue is----------CNS
[INFO ][2015-11-18 17:26:56,926][com.java.SeleniumDriver] [  844] - DataField : BNK//select[@id='bank']
[INFO ][2015-11-18 17:26:56,926][com.java.SeleniumDriver] [  846] - DataValue : CNS
[INFO ][2015-11-18 17:26:56,926][com.java.SeleniumDriver] [  852] - <In Set values of the page>
[INFO ][2015-11-18 17:26:56,926][com.java.SeleniumDriver] [  855] - {Data Fields & Data Values Exist}
[INFO ][2015-11-18 17:26:56,926][com.java.SeleniumDriver] [  857] - --------------------------setting values-----------------------------
[INFO ][2015-11-18 17:26:56,926][com.java.SeleniumDriver] [  860] - Action Type : SELECT
[INFO ][2015-11-18 17:26:56,927][com.java.TestType] [ 4454] - value = CNS
[INFO ][2015-11-18 17:26:57,201][com.java.SeleniumDriver] [  869] -  RESULT true
[INFO ][2015-11-18 17:26:57,201][com.java.SeleniumDriver] [ 1074] - ?   P A S S   ?
[INFO ][2015-11-18 17:26:57,201][com.java.SeleniumDriver] [  796] - ------------------------------------------
[INFO ][2015-11-18 17:26:57,201][com.java.SeleniumDriver] [  797] - Test case being Executed: 6
[INFO ][2015-11-18 17:26:57,201][com.java.SeleniumDriver] [  808] - Test step:60
[INFO ][2015-11-18 17:26:57,201][com.java.SeleniumDriver] [  820] - Datavalue is----------3
[INFO ][2015-11-18 17:26:57,202][com.java.SeleniumDriver] [  844] - DataField : XPH//div[contains(text(),'My Dashboard')]
[INFO ][2015-11-18 17:26:57,202][com.java.SeleniumDriver] [  846] - DataValue : 3
[INFO ][2015-11-18 17:26:57,202][com.java.SeleniumDriver] [  852] - <In Set values of the page>
[INFO ][2015-11-18 17:26:57,202][com.java.SeleniumDriver] [  855] - {Data Fields & Data Values Exist}
[INFO ][2015-11-18 17:26:57,202][com.java.SeleniumDriver] [  857] - --------------------------setting values-----------------------------
[INFO ][2015-11-18 17:26:57,202][com.java.SeleniumDriver] [  860] - Action Type : waitforelement
[INFO ][2015-11-18 17:26:57,236][com.java.SeleniumDriver] [  869] -  RESULT true
[INFO ][2015-11-18 17:26:57,236][com.java.SeleniumDriver] [ 1074] - ?   P A S S   ?
[INFO ][2015-11-18 17:26:57,236][com.java.SeleniumDriver] [  796] - ------------------------------------------
[INFO ][2015-11-18 17:26:57,236][com.java.SeleniumDriver] [  797] - Test case being Executed: 6
[INFO ][2015-11-18 17:26:57,236][com.java.SeleniumDriver] [  808] - Test step:61
[INFO ][2015-11-18 17:26:57,236][com.java.SeleniumDriver] [  820] - Datavalue is----------My Dashboard
[INFO ][2015-11-18 17:26:57,236][com.java.SeleniumDriver] [  844] - DataField : MSG
[INFO ][2015-11-18 17:26:57,236][com.java.SeleniumDriver] [  846] - DataValue : My Dashboard
[INFO ][2015-11-18 17:26:57,236][com.java.SeleniumDriver] [  852] - <In Set values of the page>
[INFO ][2015-11-18 17:26:57,236][com.java.SeleniumDriver] [  855] - {Data Fields & Data Values Exist}
[INFO ][2015-11-18 17:26:57,236][com.java.SeleniumDriver] [  857] - --------------------------setting values-----------------------------
[INFO ][2015-11-18 17:26:57,236][com.java.SeleniumDriver] [  860] - Action Type : Verify
[INFO ][2015-11-18 17:26:57,237][com.java.TestType] [ 5561] - field= MSG value= My Dashboard
[INFO ][2015-11-18 17:26:57,237][com.java.TestType] [ 4454] - value = My Dashboard
[DEBUG][2015-11-18 17:26:57,237][com.java.TestType] [ 6330] - value :: My Dashboard
[INFO ][2015-11-18 17:26:57,290][com.java.SeleniumDriver] [  869] -  RESULT true
[INFO ][2015-11-18 17:26:57,290][com.java.SeleniumDriver] [ 1074] - ?   P A S S   ?
[INFO ][2015-11-18 17:26:57,290][com.java.SeleniumDriver] [  796] - ------------------------------------------
[INFO ][2015-11-18 17:26:57,290][com.java.SeleniumDriver] [  797] - Test case being Executed: 6
[INFO ][2015-11-18 17:26:57,290][com.java.SeleniumDriver] [  808] - Test step:62
[INFO ][2015-11-18 17:26:57,290][com.java.SeleniumDriver] [  820] - Datavalue is----------null
[DEBUG][2015-11-18 17:26:57,291][com.java.SeleniumDriver] [  838] - Exception: null
[INFO ][2015-11-18 17:26:57,291][com.java.SeleniumDriver] [  844] - DataField : //span[@class='icon-hammer']&&//a[text()='Custom Calculations']
[INFO ][2015-11-18 17:26:57,291][com.java.SeleniumDriver] [  846] - DataValue : 
[INFO ][2015-11-18 17:26:57,291][com.java.SeleniumDriver] [  852] - <In Set values of the page>
[INFO ][2015-11-18 17:26:57,291][com.java.SeleniumDriver] [  855] - {Data Fields & Data Values Exist}
[INFO ][2015-11-18 17:26:57,291][com.java.SeleniumDriver] [  857] - --------------------------setting values-----------------------------
[INFO ][2015-11-18 17:26:57,291][com.java.SeleniumDriver] [  860] - Action Type : MOUSEOVER
[INFO ][2015-11-18 17:27:31,932][com.java.SeleniumDriver] [  869] -  RESULT true
[INFO ][2015-11-18 17:27:31,932][com.java.SeleniumDriver] [ 1074] - ?   P A S S   ?
[INFO ][2015-11-18 17:27:31,932][com.java.SeleniumDriver] [  796] - ------------------------------------------
[INFO ][2015-11-18 17:27:31,932][com.java.SeleniumDriver] [  797] - Test case being Executed: 6
[INFO ][2015-11-18 17:27:31,932][com.java.SeleniumDriver] [  808] - Test step:63
[INFO ][2015-11-18 17:27:31,932][com.java.SeleniumDriver] [  820] - Datavalue is----------null
[DEBUG][2015-11-18 17:27:31,932][com.java.SeleniumDriver] [  838] - Exception: null
[INFO ][2015-11-18 17:27:31,932][com.java.SeleniumDriver] [  844] - DataField : BTN//iframe[@class='frameTabContent']
[INFO ][2015-11-18 17:27:31,932][com.java.SeleniumDriver] [  846] - DataValue : 
[INFO ][2015-11-18 17:27:31,932][com.java.SeleniumDriver] [  852] - <In Set values of the page>
[INFO ][2015-11-18 17:27:31,932][com.java.SeleniumDriver] [  855] - {Data Fields & Data Values Exist}
[INFO ][2015-11-18 17:27:31,932][com.java.SeleniumDriver] [  857] - --------------------------setting values-----------------------------
[INFO ][2015-11-18 17:27:31,933][com.java.SeleniumDriver] [  860] - Action Type : SELECTFRAME
[INFO ][2015-11-18 17:27:32,159][com.java.SeleniumDriver] [  869] -  RESULT true
[INFO ][2015-11-18 17:27:32,159][com.java.SeleniumDriver] [ 1074] - ?   P A S S   ?
[INFO ][2015-11-18 17:27:32,159][com.java.SeleniumDriver] [  796] - ------------------------------------------
[INFO ][2015-11-18 17:27:32,159][com.java.SeleniumDriver] [  797] - Test case being Executed: 6
[INFO ][2015-11-18 17:27:32,159][com.java.SeleniumDriver] [  808] - Test step:64
[INFO ][2015-11-18 17:27:32,159][com.java.SeleniumDriver] [  820] - Datavalue is----------Custom Calculations
[INFO ][2015-11-18 17:27:32,159][com.java.SeleniumDriver] [  844] - DataField : XPH//h1[contains(text(), 'Custom Calculations')]
[INFO ][2015-11-18 17:27:32,159][com.java.SeleniumDriver] [  846] - DataValue : Custom Calculations
[INFO ][2015-11-18 17:27:32,159][com.java.SeleniumDriver] [  852] - <In Set values of the page>
[INFO ][2015-11-18 17:27:32,159][com.java.SeleniumDriver] [  855] - {Data Fields & Data Values Exist}
[INFO ][2015-11-18 17:27:32,159][com.java.SeleniumDriver] [  857] - --------------------------setting values-----------------------------
[INFO ][2015-11-18 17:27:32,159][com.java.SeleniumDriver] [  860] - Action Type : Verify
[INFO ][2015-11-18 17:27:32,159][com.java.TestType] [ 5561] - field= XPH//h1[contains(text(), 'Custom Calculations')] value= Custom Calculations
[INFO ][2015-11-18 17:27:32,159][com.java.TestType] [ 4454] - value = Custom Calculations
[INFO ][2015-11-18 17:27:32,439][com.java.SeleniumDriver] [  869] -  RESULT true
[INFO ][2015-11-18 17:27:32,439][com.java.SeleniumDriver] [ 1074] - ?   P A S S   ?
[INFO ][2015-11-18 17:27:32,439][com.java.SeleniumDriver] [  796] - ------------------------------------------
[INFO ][2015-11-18 17:27:32,439][com.java.SeleniumDriver] [  797] - Test case being Executed: 6
[INFO ][2015-11-18 17:27:32,439][com.java.SeleniumDriver] [  808] - Test step:65
[INFO ][2015-11-18 17:27:32,439][com.java.SeleniumDriver] [  820] - Datavalue is----------A_VLTest
[INFO ][2015-11-18 17:27:32,439][com.java.SeleniumDriver] [  844] - DataField : MSG
[INFO ][2015-11-18 17:27:32,439][com.java.SeleniumDriver] [  846] - DataValue : A_VLTest
[INFO ][2015-11-18 17:27:32,439][com.java.SeleniumDriver] [  852] - <In Set values of the page>
[INFO ][2015-11-18 17:27:32,439][com.java.SeleniumDriver] [  855] - {Data Fields & Data Values Exist}
[INFO ][2015-11-18 17:27:32,439][com.java.SeleniumDriver] [  857] - --------------------------setting values-----------------------------
[INFO ][2015-11-18 17:27:32,439][com.java.SeleniumDriver] [  860] - Action Type : VERIFYNOTPRESENT
[INFO ][2015-11-18 17:27:32,440][com.java.TestType] [ 6963] - field= MSG value= A_VLTest
[INFO ][2015-11-18 17:27:32,483][com.java.SeleniumDriver] [  869] -  RESULT true
[INFO ][2015-11-18 17:27:32,483][com.java.SeleniumDriver] [ 1074] - ?   P A S S   ?
[DEBUG][2015-11-18 17:27:32,483][com.java.SeleniumDriver] [ 1176] - Case found
[DEBUG][2015-11-18 17:27:32,483][com.java.SeleniumDriver] [ 1181] - Incrementing ReportCounters[0]:2
[INFO ][2015-11-18 17:27:32,483][com.java.SeleniumDriver] [ 1200] - The results are-------------------[6, 1, Add Custom Calculation, Pass, , Wed Nov 18 17:25:47 IST 2015, 6, 3, Add Custom Calculation, Pass, , Wed Nov 18 17:25:52 IST 2015, 6, 4, Add Custom Calculation, Pass, , Wed Nov 18 17:26:21 IST 2015, 6, 5, Add Custom Calculation, Pass, , Wed Nov 18 17:26:22 IST 2015, 6, 6, Add Custom Calculation, Pass, , Wed Nov 18 17:26:22 IST 2015, 6, 7, Add Custom Calculation, Pass, , Wed Nov 18 17:26:22 IST 2015, 6, 8, Add Custom Calculation, Pass, , Wed Nov 18 17:26:23 IST 2015, 6, 9, Add Custom Calculation, Pass, , Wed Nov 18 17:26:25 IST 2015, 6, 10, Add Custom Calculation, Pass, , Wed Nov 18 17:26:25 IST 2015, 6, 11, Add Custom Calculation, Pass, , Wed Nov 18 17:26:25 IST 2015, 6, 12, Add Custom Calculation, Pass, , Wed Nov 18 17:26:26 IST 2015, 6, 13, Add Custom Calculation, Pass, , Wed Nov 18 17:26:27 IST 2015, 6, 14, Add Custom Calculation, Pass, , Wed Nov 18 17:26:27 IST 2015, 6, 15, Add Custom Calculation, Pass, , Wed Nov 18 17:26:29 IST 2015, 6, 16, Add Custom Calculation, Pass, , Wed Nov 18 17:26:30 IST 2015, 6, 17, Add Custom Calculation, Pass, , Wed Nov 18 17:26:30 IST 2015, 6, 18, Add Custom Calculation, Pass, , Wed Nov 18 17:26:30 IST 2015, 6, 19, Add Custom Calculation, Pass, , Wed Nov 18 17:26:30 IST 2015, 6, 20, Add Custom Calculation, Pass, , Wed Nov 18 17:26:30 IST 2015, 6, 21, Add Custom Calculation, Pass, , Wed Nov 18 17:26:32 IST 2015, 6, 22, Add Custom Calculation, Pass, , Wed Nov 18 17:26:32 IST 2015, 6, 23, Add Custom Calculation, Pass, , Wed Nov 18 17:26:34 IST 2015, 6, 24, Add Custom Calculation, Pass, , Wed Nov 18 17:26:34 IST 2015, 6, 25, Add Custom Calculation, Pass, , Wed Nov 18 17:26:34 IST 2015, 6, 26, Add Custom Calculation, Pass, , Wed Nov 18 17:26:36 IST 2015, 6, 27, Add Custom Calculation, Pass, , Wed Nov 18 17:26:36 IST 2015, 6, 28, Add Custom Calculation, Pass, , Wed Nov 18 17:26:38 IST 2015, 6, 29, Add Custom Calculation, Pass, , Wed Nov 18 17:26:38 IST 2015, 6, 30, Add Custom Calculation, Pass, , Wed Nov 18 17:26:38 IST 2015, 6, 31, Add Custom Calculation, Pass, , Wed Nov 18 17:26:38 IST 2015, 6, 32, Add Custom Calculation, Pass, , Wed Nov 18 17:26:40 IST 2015, 6, 33, Add Custom Calculation, Pass, , Wed Nov 18 17:26:40 IST 2015, 6, 34, Add Custom Calculation, Pass, , Wed Nov 18 17:26:40 IST 2015, 6, 35, Add Custom Calculation, Pass, , Wed Nov 18 17:26:42 IST 2015, 6, 36, Add Custom Calculation, Pass, , Wed Nov 18 17:26:42 IST 2015, 6, 37, Add Custom Calculation, Pass, , Wed Nov 18 17:26:42 IST 2015, 6, 38, Add Custom Calculation, Pass, , Wed Nov 18 17:26:44 IST 2015, 6, 39, Add Custom Calculation, Pass, , Wed Nov 18 17:26:44 IST 2015, 6, 40, Add Custom Calculation, Pass, , Wed Nov 18 17:26:44 IST 2015, 6, 41, Add Custom Calculation, Pass, , Wed Nov 18 17:26:44 IST 2015, 6, 42, Add Custom Calculation, Pass, , Wed Nov 18 17:26:46 IST 2015, 6, 43, Add Custom Calculation, Pass, , Wed Nov 18 17:26:46 IST 2015, 6, 44, Add Custom Calculation, Pass, , Wed Nov 18 17:26:48 IST 2015, 6, 45, Add Custom Calculation, Pass, , Wed Nov 18 17:26:49 IST 2015, 6, 46, Add Custom Calculation, Pass, , Wed Nov 18 17:26:49 IST 2015, 6, 47, Add Custom Calculation, Pass, , Wed Nov 18 17:26:49 IST 2015, 6, 48, Add Custom Calculation, Pass, , Wed Nov 18 17:26:51 IST 2015, 6, 49, Add Custom Calculation, Pass, , Wed Nov 18 17:26:51 IST 2015, 6, 50, Add Custom Calculation, Pass, , Wed Nov 18 17:26:52 IST 2015, 6, 51, Add Custom Calculation, Pass, , Wed Nov 18 17:26:54 IST 2015, 6, 52, Add Custom Calculation, Pass, , Wed Nov 18 17:26:55 IST 2015, 6, 53, Add Custom Calculation, Pass, , Wed Nov 18 17:26:55 IST 2015, 6, 54, Add Custom Calculation, Pass, , Wed Nov 18 17:26:55 IST 2015, 6, 55, Add Custom Calculation, Pass, , Wed Nov 18 17:26:56 IST 2015, 6, 56, Add Custom Calculation, Pass, , Wed Nov 18 17:26:56 IST 2015, 6, 57, Add Custom Calculation, Pass, , Wed Nov 18 17:26:56 IST 2015, 6, 58, Add Custom Calculation, Pass, , Wed Nov 18 17:26:56 IST 2015, 6, 59, Add Custom Calculation, Pass, , Wed Nov 18 17:26:57 IST 2015, 6, 60, Add Custom Calculation, Pass, , Wed Nov 18 17:26:57 IST 2015, 6, 61, Add Custom Calculation, Pass, , Wed Nov 18 17:26:57 IST 2015, 6, 62, Add Custom Calculation, Pass, , Wed Nov 18 17:27:31 IST 2015, 6, 63, Add Custom Calculation, Pass, , Wed Nov 18 17:27:32 IST 2015, 6, 64, Add Custom Calculation, Pass, , Wed Nov 18 17:27:32 IST 2015, 6, 65, Add Custom Calculation, Pass, , Wed Nov 18 17:27:32 IST 2015]
[INFO ][2015-11-18 17:27:32,483][com.java.SeleniumDriver] [ 1204] - End time is-------2 min 47 sec
[INFO ][2015-11-18 17:27:32,484][com.java.SeleniumDriver] [ 1205] - The results are-------------------[6, 1, Add Custom Calculation, Pass, , Wed Nov 18 17:25:47 IST 2015, 6, 3, Add Custom Calculation, Pass, , Wed Nov 18 17:25:52 IST 2015, 6, 4, Add Custom Calculation, Pass, , Wed Nov 18 17:26:21 IST 2015, 6, 5, Add Custom Calculation, Pass, , Wed Nov 18 17:26:22 IST 2015, 6, 6, Add Custom Calculation, Pass, , Wed Nov 18 17:26:22 IST 2015, 6, 7, Add Custom Calculation, Pass, , Wed Nov 18 17:26:22 IST 2015, 6, 8, Add Custom Calculation, Pass, , Wed Nov 18 17:26:23 IST 2015, 6, 9, Add Custom Calculation, Pass, , Wed Nov 18 17:26:25 IST 2015, 6, 10, Add Custom Calculation, Pass, , Wed Nov 18 17:26:25 IST 2015, 6, 11, Add Custom Calculation, Pass, , Wed Nov 18 17:26:25 IST 2015, 6, 12, Add Custom Calculation, Pass, , Wed Nov 18 17:26:26 IST 2015, 6, 13, Add Custom Calculation, Pass, , Wed Nov 18 17:26:27 IST 2015, 6, 14, Add Custom Calculation, Pass, , Wed Nov 18 17:26:27 IST 2015, 6, 15, Add Custom Calculation, Pass, , Wed Nov 18 17:26:29 IST 2015, 6, 16, Add Custom Calculation, Pass, , Wed Nov 18 17:26:30 IST 2015, 6, 17, Add Custom Calculation, Pass, , Wed Nov 18 17:26:30 IST 2015, 6, 18, Add Custom Calculation, Pass, , Wed Nov 18 17:26:30 IST 2015, 6, 19, Add Custom Calculation, Pass, , Wed Nov 18 17:26:30 IST 2015, 6, 20, Add Custom Calculation, Pass, , Wed Nov 18 17:26:30 IST 2015, 6, 21, Add Custom Calculation, Pass, , Wed Nov 18 17:26:32 IST 2015, 6, 22, Add Custom Calculation, Pass, , Wed Nov 18 17:26:32 IST 2015, 6, 23, Add Custom Calculation, Pass, , Wed Nov 18 17:26:34 IST 2015, 6, 24, Add Custom Calculation, Pass, , Wed Nov 18 17:26:34 IST 2015, 6, 25, Add Custom Calculation, Pass, , Wed Nov 18 17:26:34 IST 2015, 6, 26, Add Custom Calculation, Pass, , Wed Nov 18 17:26:36 IST 2015, 6, 27, Add Custom Calculation, Pass, , Wed Nov 18 17:26:36 IST 2015, 6, 28, Add Custom Calculation, Pass, , Wed Nov 18 17:26:38 IST 2015, 6, 29, Add Custom Calculation, Pass, , Wed Nov 18 17:26:38 IST 2015, 6, 30, Add Custom Calculation, Pass, , Wed Nov 18 17:26:38 IST 2015, 6, 31, Add Custom Calculation, Pass, , Wed Nov 18 17:26:38 IST 2015, 6, 32, Add Custom Calculation, Pass, , Wed Nov 18 17:26:40 IST 2015, 6, 33, Add Custom Calculation, Pass, , Wed Nov 18 17:26:40 IST 2015, 6, 34, Add Custom Calculation, Pass, , Wed Nov 18 17:26:40 IST 2015, 6, 35, Add Custom Calculation, Pass, , Wed Nov 18 17:26:42 IST 2015, 6, 36, Add Custom Calculation, Pass, , Wed Nov 18 17:26:42 IST 2015, 6, 37, Add Custom Calculation, Pass, , Wed Nov 18 17:26:42 IST 2015, 6, 38, Add Custom Calculation, Pass, , Wed Nov 18 17:26:44 IST 2015, 6, 39, Add Custom Calculation, Pass, , Wed Nov 18 17:26:44 IST 2015, 6, 40, Add Custom Calculation, Pass, , Wed Nov 18 17:26:44 IST 2015, 6, 41, Add Custom Calculation, Pass, , Wed Nov 18 17:26:44 IST 2015, 6, 42, Add Custom Calculation, Pass, , Wed Nov 18 17:26:46 IST 2015, 6, 43, Add Custom Calculation, Pass, , Wed Nov 18 17:26:46 IST 2015, 6, 44, Add Custom Calculation, Pass, , Wed Nov 18 17:26:48 IST 2015, 6, 45, Add Custom Calculation, Pass, , Wed Nov 18 17:26:49 IST 2015, 6, 46, Add Custom Calculation, Pass, , Wed Nov 18 17:26:49 IST 2015, 6, 47, Add Custom Calculation, Pass, , Wed Nov 18 17:26:49 IST 2015, 6, 48, Add Custom Calculation, Pass, , Wed Nov 18 17:26:51 IST 2015, 6, 49, Add Custom Calculation, Pass, , Wed Nov 18 17:26:51 IST 2015, 6, 50, Add Custom Calculation, Pass, , Wed Nov 18 17:26:52 IST 2015, 6, 51, Add Custom Calculation, Pass, , Wed Nov 18 17:26:54 IST 2015, 6, 52, Add Custom Calculation, Pass, , Wed Nov 18 17:26:55 IST 2015, 6, 53, Add Custom Calculation, Pass, , Wed Nov 18 17:26:55 IST 2015, 6, 54, Add Custom Calculation, Pass, , Wed Nov 18 17:26:55 IST 2015, 6, 55, Add Custom Calculation, Pass, , Wed Nov 18 17:26:56 IST 2015, 6, 56, Add Custom Calculation, Pass, , Wed Nov 18 17:26:56 IST 2015, 6, 57, Add Custom Calculation, Pass, , Wed Nov 18 17:26:56 IST 2015, 6, 58, Add Custom Calculation, Pass, , Wed Nov 18 17:26:56 IST 2015, 6, 59, Add Custom Calculation, Pass, , Wed Nov 18 17:26:57 IST 2015, 6, 60, Add Custom Calculation, Pass, , Wed Nov 18 17:26:57 IST 2015, 6, 61, Add Custom Calculation, Pass, , Wed Nov 18 17:26:57 IST 2015, 6, 62, Add Custom Calculation, Pass, , Wed Nov 18 17:27:31 IST 2015, 6, 63, Add Custom Calculation, Pass, , Wed Nov 18 17:27:32 IST 2015, 6, 64, Add Custom Calculation, Pass, , Wed Nov 18 17:27:32 IST 2015, 6, 65, Add Custom Calculation, Pass, , Wed Nov 18 17:27:32 IST 2015]
[DEBUG][2015-11-18 17:27:32,484][com.java.ImportnExport.ExportTestResultsExcel] [  222] - testResultPath = D:\BankersDashboard/TestReports/Test Results_BankersDashBoard_111815_172447_IE10_Any Bank USA.xls
[DEBUG][2015-11-18 17:27:32,484][com.java.ImportnExport.ExportTestResultsExcel] [  223] - browser is------------IE10
[DEBUG][2015-11-18 17:27:32,486][com.java.ImportnExport.ExportTestResultsExcel] [  270] - result.size() = 384
[DEBUG][2015-11-18 17:27:32,486][com.java.ImportnExport.ExportTestResultsExcel] [  274] - No of rows in sheet=2
[DEBUG][2015-11-18 17:27:32,486][com.java.ImportnExport.ExportTestResultsExcel] [  301] - ..in export..6
[DEBUG][2015-11-18 17:27:32,486][com.java.ImportnExport.ExportTestResultsExcel] [  301] - ..in export..Add Custom Calculation
[DEBUG][2015-11-18 17:27:32,486][com.java.ImportnExport.ExportTestResultsExcel] [  301] - ..in export..Pass
[DEBUG][2015-11-18 17:27:32,486][com.java.ImportnExport.ExportTestResultsExcel] [  301] - ..in export..
[DEBUG][2015-11-18 17:27:32,486][com.java.ImportnExport.ExportTestResultsExcel] [  301] - ..in export..Wed Nov 18 17:25:47 IST 2015
[INFO ][2015-11-18 17:27:32,488][com.java.SeleniumDriver] [ 1263] - out loop:1 size:2 TestCases:[1, 6] testcases:[1, 6]
[INFO ][2015-11-18 17:27:34,488][com.java.SeleniumDriver] [ 1306] - Total Number of Cases:2
[INFO ][2015-11-18 17:27:34,488][com.java.TemplateGenerator] [  302] - Executed:2
[INFO ][2015-11-18 17:27:34,488][com.java.TemplateGenerator] [  303] - Passed:2
[INFO ][2015-11-18 17:27:34,488][com.java.TemplateGenerator] [  304] - Failed:0
[INFO ][2015-11-18 17:27:34,488][com.java.TemplateGenerator] [  305] - Skipeed:0
[INFO ][2015-11-18 17:27:34,488][com.java.TemplateGenerator] [  306] - Application URL:https://clients-xuat.bankersdashboard.com
[INFO ][2015-11-18 17:27:34,488][com.java.TemplateGenerator] [  307] - Start Time:111815_172447
[INFO ][2015-11-18 17:27:34,488][com.java.TemplateGenerator] [  308] -  Creating HTML Report 
[ERROR][2015-11-18 17:27:34,489][com.java.TemplateGenerator] [  409] - Unparseable date: "Wed Nov 18 05:24:47 IST 2015"
[INFO ][2015-11-18 17:27:34,489][com.java.TemplateGenerator] [  654] -  Exporting case :: 1
[INFO ][2015-11-18 17:27:34,489][com.java.TemplateGenerator] [  654] -  Exporting case :: 6
[INFO ][2015-11-18 17:27:34,495][com.java.SeleniumDriver] [ 1355] - End Time:111815_172734
[INFO ][2015-11-18 17:27:34,495][com.java.SeleniumDriver] [ 1358] - Data in Test Execution Details:{1=PASS, 6=PASS}
[INFO ][2015-11-18 17:27:34,495][com.java.SeleniumDriver] [ 1359] - Data in Failed Execution Deatils:{}
[INFO ][2015-11-18 17:27:34,495][com.java.SeleniumDriver] [ 1361] - ReportCounter:Total:2 :: PASS: 2 ::FAIL: 0
[INFO ][2015-11-18 17:27:34,495][com.java.SeleniumDriver] [ 1362] - FailedReportCounter:Total:0 :: PASS: 0 ::FAIL: 0
[INFO ][2015-11-18 17:27:34,503][com.java.EmailTestReport] [   63] - Sending report mail details:
[INFO ][2015-11-18 17:27:34,503][com.java.EmailTestReport] [   80] - Excel Report Path:D:\BankersDashboard/TestReports/Test Results_BankersDashBoard_111815_172447_IE10_Any Bank USA.xls
[INFO ][2015-11-18 17:27:34,503][com.java.EmailTestReport] [   81] - HTML Report Path:D:\BankersDashboard//TestReports//Test Results_BankersDashBoard_111815_172447_IE10_Any Bank USA.html
[INFO ][2015-11-18 17:27:34,503][com.java.EmailTestReport] [   82] - smtpHostName:mail01.valuelabs.com
[INFO ][2015-11-18 17:27:34,503][com.java.EmailTestReport] [   83] - Recipient:venkateswararao.gubbala@valuelabs.com;
[INFO ][2015-11-18 17:27:34,503][com.java.EmailTestReport] [   84] - From:venkateswararao.gubbala@valuelabs.com;
[INFO ][2015-11-18 17:27:34,503][com.java.EmailTestReport] [   85] - Subject:Deluxe Corp Bankers Dashboard Automation Test Report - Any Bank USA - IE10
[INFO ][2015-11-18 17:27:34,520][com.java.EmailTestReport] [  143] -  Added venkateswararao.gubbala@valuelabs.com
[INFO ][2015-11-18 17:27:37,902][com.java.SeleniumDriver] [  719] - quitting the browser 
[INFO ][2015-11-18 17:27:39,618][com.java.SeleniumDriver] [  263] - Execution Completed Stopping the thread
