[INFO ][2016-02-08 14:18:45,017][com.java.SeleniumDriver] [  213] - Execute Failed Casesfalse
[INFO ][2016-02-08 14:18:45,017][com.java.SeleniumDriver] [  214] - Browser: IE10
[INFO ][2016-02-08 14:18:45,017][com.java.SeleniumDriver] [  215] - [1, 38, 41, 49]
[INFO ][2016-02-08 14:18:45,017][com.java.SeleniumDriver] [  216] - Total TestCases:4
[INFO ][2016-02-08 14:18:45,017][com.java.SeleniumDriver] [  217] -  Reading Properties from Property File 
[DEBUG][2016-02-08 14:18:45,017][com.java.SeleniumDriver] [  238] - url : https://clients-xuat.bankersdashboard.com
[INFO ][2016-02-08 14:18:45,027][com.java.ImportnExport.ExportTestResultsExcel] [  116] - Time Stamp Mon Feb 08 02:18:44 IST 2016
[INFO ][2016-02-08 14:18:45,027][com.java.ImportnExport.ExportTestResultsExcel] [  175] - OUT FILE : D:\BankersDashboard/TestReports/Test Results_BankersDashBoard_020816_141844_IE10_United Bank.xls
[INFO ][2016-02-08 14:18:45,068][com.java.ImportnExport.ExportTestResultsExcel] [  180] - Test Result file is created
[DEBUG][2016-02-08 14:18:45,187][com.java.SeleniumDriver] [  426] - Hub ip address is-------172.17.68.34
[INFO ][2016-02-08 14:18:45,189][com.java.SeleniumDriver] [  452] - Grid URL:http://172.17.68.34:4444/wd/hub
[INFO ][2016-02-08 14:18:45,189][com.java.SeleniumDriver] [  453] - Capability:Capabilities [{platform=ANY, ensureCleanSession=true, ignoreProtectedModeSettings=true, acceptSslCerts=true, ignoreZoomSetting=true, browserName=internet explorer, browserstack.ie.noFlash=true, version=null}]
[ERROR][2016-02-08 14:18:46,517][com.java.SeleniumDriver] [  498] - Unable invoke browser in grid:Could not start a new session. Possible causes are invalid address of the remote server or browser start-up failure.
Build info: version: '2.48.2', revision: '41bccdd', time: '2015-10-09 19:59:12'
System info: host: 'FVTIII438F1D', ip: '172.17.68.34', os.name: 'Windows 7', os.arch: 'x86', os.version: '6.1', java.version: '1.7.0_55'
Driver info: driver.version: SeleniumDriver
[INFO ][2016-02-08 14:18:46,517][com.java.SeleniumDriver] [  500] - Executing on local machine
[INFO ][2016-02-08 14:18:57,024][com.java.SeleniumDriver] [  248] - IE10is opened
[INFO ][2016-02-08 14:18:57,901][com.java.SeleniumDriver] [  756] - Test cases to be executed are: [1, 38, 41, 49]
[INFO ][2016-02-08 14:18:57,929][com.java.ImportnExport.ImportTestDataDetailsExcel] [   49] - test data details path===== D:\BankersDashboard\TestInputs\TestData.xls
[INFO ][2016-02-08 14:18:58,037][com.java.SeleniumDriver] [  856] - ------------------------------------------
[INFO ][2016-02-08 14:18:58,037][com.java.SeleniumDriver] [  857] - Test case being Executed: 1
[INFO ][2016-02-08 14:18:58,038][com.java.SeleniumDriver] [  869] - Test step:1
[INFO ][2016-02-08 14:18:58,038][com.java.SeleniumDriver] [  881] - Datavalue is----------Concept#1:1-16
[INFO ][2016-02-08 14:18:58,038][com.java.SeleniumDriver] [  905] - DataField : test
[INFO ][2016-02-08 14:18:58,038][com.java.SeleniumDriver] [  907] - DataValue : Concept#1:1-16
[INFO ][2016-02-08 14:18:58,038][com.java.SeleniumDriver] [  913] - <In Set values of the page>
[INFO ][2016-02-08 14:18:58,038][com.java.SeleniumDriver] [  916] - {Data Fields & Data Values Exist}
[INFO ][2016-02-08 14:18:58,038][com.java.SeleniumDriver] [  918] - --------------------------setting values-----------------------------
[INFO ][2016-02-08 14:18:58,038][com.java.SeleniumDriver] [  921] - Action Type : ExecuteTestCase
[INFO ][2016-02-08 14:18:58,060][com.java.TestType] [  448] - The Concept sheet name is ---------- Concept
[INFO ][2016-02-08 14:18:58,063][com.java.TestType] [  451] - The Concept ID  is ---------- 1
[DEBUG][2016-02-08 14:18:58,063][com.java.TestType] [  455] - Steps being executted in the Concept are: 1:16
[INFO ][2016-02-08 14:18:58,063][com.java.TestType] [  462] - Test data details path ---------- D:\BankersDashboard\TestInputs\TestData.xls
[INFO ][2016-02-08 14:18:58,104][com.java.TestType] [  493] -  str(1) = 1
[INFO ][2016-02-08 14:18:58,104][com.java.TestType] [  496] - Test case Id is---1
[INFO ][2016-02-08 14:18:58,104][com.java.TestType] [  498] - 1
[INFO ][2016-02-08 14:18:58,104][com.java.TestType] [  493] -  str(2) = 1
[INFO ][2016-02-08 14:18:58,107][com.java.TestType] [  493] -  str(1) = 1
[INFO ][2016-02-08 14:18:58,107][com.java.TestType] [  496] - Test case Id is---1
[INFO ][2016-02-08 14:18:58,107][com.java.TestType] [  498] - 1
[INFO ][2016-02-08 14:18:58,107][com.java.TestType] [  493] -  str(2) = 2
[INFO ][2016-02-08 14:18:58,108][com.java.TestType] [  493] -  str(1) = 1
[INFO ][2016-02-08 14:18:58,108][com.java.TestType] [  496] - Test case Id is---1
[INFO ][2016-02-08 14:18:58,108][com.java.TestType] [  498] - 1
[INFO ][2016-02-08 14:18:58,109][com.java.TestType] [  493] -  str(2) = 3
[INFO ][2016-02-08 14:18:58,110][com.java.TestType] [  493] -  str(1) = 1
[INFO ][2016-02-08 14:18:58,110][com.java.TestType] [  496] - Test case Id is---1
[INFO ][2016-02-08 14:18:58,110][com.java.TestType] [  498] - 1
[INFO ][2016-02-08 14:18:58,110][com.java.TestType] [  493] -  str(2) = 4
[INFO ][2016-02-08 14:18:58,111][com.java.TestType] [  493] -  str(1) = 1
[INFO ][2016-02-08 14:18:58,111][com.java.TestType] [  496] - Test case Id is---1
[INFO ][2016-02-08 14:18:58,112][com.java.TestType] [  498] - 1
[INFO ][2016-02-08 14:18:58,112][com.java.TestType] [  493] -  str(2) = 5
[INFO ][2016-02-08 14:18:58,113][com.java.TestType] [  493] -  str(1) = 1
[INFO ][2016-02-08 14:18:58,113][com.java.TestType] [  496] - Test case Id is---1
[INFO ][2016-02-08 14:18:58,113][com.java.TestType] [  498] - 1
[INFO ][2016-02-08 14:18:58,116][com.java.TestType] [  493] -  str(2) = 6
[INFO ][2016-02-08 14:18:58,116][com.java.TestType] [  493] -  str(1) = 1
[INFO ][2016-02-08 14:18:58,116][com.java.TestType] [  496] - Test case Id is---1
[INFO ][2016-02-08 14:18:58,116][com.java.TestType] [  498] - 1
[INFO ][2016-02-08 14:18:58,117][com.java.TestType] [  493] -  str(2) = 7
[INFO ][2016-02-08 14:18:58,117][com.java.TestType] [  493] -  str(1) = 1
[INFO ][2016-02-08 14:18:58,117][com.java.TestType] [  496] - Test case Id is---1
[INFO ][2016-02-08 14:18:58,118][com.java.TestType] [  498] - 1
[INFO ][2016-02-08 14:18:58,118][com.java.TestType] [  493] -  str(2) = 8
[INFO ][2016-02-08 14:18:58,118][com.java.TestType] [  493] -  str(1) = 1
[INFO ][2016-02-08 14:18:58,119][com.java.TestType] [  496] - Test case Id is---1
[INFO ][2016-02-08 14:18:58,119][com.java.TestType] [  498] - 1
[INFO ][2016-02-08 14:18:58,119][com.java.TestType] [  493] -  str(2) = 9
[INFO ][2016-02-08 14:18:58,119][com.java.TestType] [  493] -  str(1) = 1
[INFO ][2016-02-08 14:18:58,120][com.java.TestType] [  496] - Test case Id is---1
[INFO ][2016-02-08 14:18:58,120][com.java.TestType] [  498] - 1
[INFO ][2016-02-08 14:18:58,120][com.java.TestType] [  493] -  str(2) = 10
[INFO ][2016-02-08 14:18:58,120][com.java.TestType] [  493] -  str(1) = 1
[INFO ][2016-02-08 14:18:58,121][com.java.TestType] [  496] - Test case Id is---1
[INFO ][2016-02-08 14:18:58,121][com.java.TestType] [  498] - 1
[INFO ][2016-02-08 14:18:58,121][com.java.TestType] [  493] -  str(2) = 11
[INFO ][2016-02-08 14:18:58,121][com.java.TestType] [  493] -  str(1) = 1
[INFO ][2016-02-08 14:18:58,122][com.java.TestType] [  496] - Test case Id is---1
[INFO ][2016-02-08 14:18:58,122][com.java.TestType] [  498] - 1
[INFO ][2016-02-08 14:18:58,122][com.java.TestType] [  493] -  str(2) = 12
[INFO ][2016-02-08 14:18:58,122][com.java.TestType] [  493] -  str(1) = 1
[INFO ][2016-02-08 14:18:58,123][com.java.TestType] [  496] - Test case Id is---1
[INFO ][2016-02-08 14:18:58,123][com.java.TestType] [  498] - 1
[INFO ][2016-02-08 14:18:58,123][com.java.TestType] [  493] -  str(2) = 13
[INFO ][2016-02-08 14:18:58,123][com.java.TestType] [  493] -  str(1) = 1
[INFO ][2016-02-08 14:18:58,125][com.java.TestType] [  496] - Test case Id is---1
[INFO ][2016-02-08 14:18:58,125][com.java.TestType] [  498] - 1
[INFO ][2016-02-08 14:18:58,126][com.java.TestType] [  493] -  str(2) = 14
[INFO ][2016-02-08 14:18:58,126][com.java.TestType] [  493] -  str(1) = 1
[INFO ][2016-02-08 14:18:58,126][com.java.TestType] [  496] - Test case Id is---1
[INFO ][2016-02-08 14:18:58,126][com.java.TestType] [  498] - 1
[INFO ][2016-02-08 14:18:58,126][com.java.TestType] [  493] -  str(2) = 15
[INFO ][2016-02-08 14:18:58,127][com.java.TestType] [  493] -  str(1) = 1
[INFO ][2016-02-08 14:18:58,127][com.java.TestType] [  496] - Test case Id is---1
[INFO ][2016-02-08 14:18:58,127][com.java.TestType] [  498] - 1
[INFO ][2016-02-08 14:18:58,127][com.java.TestType] [  493] -  str(2) = 16
[INFO ][2016-02-08 14:18:58,128][com.java.TestType] [12097] - Looping 1TCID = 1
[DEBUG][2016-02-08 14:18:58,128][com.java.TestType] [12138] - Concept ID:1 :: Step being Executed: 1::1
[INFO ][2016-02-08 14:18:58,128][com.java.TestType] [12176] - dataFields : TXTusername
[DEBUG][2016-02-08 14:18:58,128][com.java.TestType] [12182] - <In Set values of the page>
[DEBUG][2016-02-08 14:18:58,129][com.java.TestType] [12187] - {Data Fields & Data Values Exist}
[INFO ][2016-02-08 14:18:58,129][com.java.TestType] [12193] - --------------------------setting values-----------------------------
[INFO ][2016-02-08 14:18:58,129][com.java.TestType] [12196] - Action Type : CLEARANDENTER
[INFO ][2016-02-08 14:19:00,453][com.java.TestType] [ 6727] - value = valuelabs.ie10.00058
[INFO ][2016-02-08 14:19:02,939][com.java.TestType] [12215] -  RESULT true
[INFO ][2016-02-08 14:19:02,939][com.java.TestType] [12332] - ?   P A S S   ?
[DEBUG][2016-02-08 14:19:02,939][com.java.TestType] [12138] - Concept ID:1 :: Step being Executed: 1::2
[INFO ][2016-02-08 14:19:02,939][com.java.TestType] [12176] - dataFields : TXTpassword
[DEBUG][2016-02-08 14:19:02,939][com.java.TestType] [12182] - <In Set values of the page>
[DEBUG][2016-02-08 14:19:02,939][com.java.TestType] [12187] - {Data Fields & Data Values Exist}
[INFO ][2016-02-08 14:19:02,939][com.java.TestType] [12193] - --------------------------setting values-----------------------------
[INFO ][2016-02-08 14:19:02,939][com.java.TestType] [12196] - Action Type : CLEARANDENTER
[INFO ][2016-02-08 14:19:05,200][com.java.TestType] [ 6727] - value = Password1*
[INFO ][2016-02-08 14:19:07,781][com.java.TestType] [12215] -  RESULT true
[INFO ][2016-02-08 14:19:07,781][com.java.TestType] [12332] - ?   P A S S   ?
[DEBUG][2016-02-08 14:19:07,781][com.java.TestType] [12138] - Concept ID:1 :: Step being Executed: 1::3
[ERROR][2016-02-08 14:19:07,781][com.java.TestType] [12171] - Exception: null
[INFO ][2016-02-08 14:19:07,781][com.java.TestType] [12176] - dataFields : XPH//button[@type='submit']
[DEBUG][2016-02-08 14:19:07,781][com.java.TestType] [12182] - <In Set values of the page>
[DEBUG][2016-02-08 14:19:07,781][com.java.TestType] [12187] - {Data Fields & Data Values Exist}
[INFO ][2016-02-08 14:19:07,781][com.java.TestType] [12193] - --------------------------setting values-----------------------------
[INFO ][2016-02-08 14:19:07,781][com.java.TestType] [12196] - Action Type : Click
[INFO ][2016-02-08 14:19:07,781][com.java.TestType] [ 7126] - Field ::XPH//button[@type='submit']
[INFO ][2016-02-08 14:19:07,781][com.java.TestType] [ 6727] - value = 
[INFO ][2016-02-08 14:19:08,781][com.java.TestType] [ 7303] - BEFORE CLICK
[INFO ][2016-02-08 14:19:09,674][com.java.TestType] [ 7311] - Unable to click the object Login
[INFO ][2016-02-08 14:19:09,674][com.java.TestType] [12215] -  RESULT true
[INFO ][2016-02-08 14:19:09,674][com.java.TestType] [12332] - ?   P A S S   ?
[DEBUG][2016-02-08 14:19:09,674][com.java.TestType] [12138] - Concept ID:1 :: Step being Executed: 1::4
[INFO ][2016-02-08 14:19:09,674][com.java.TestType] [12176] - dataFields : LNKLogout
[DEBUG][2016-02-08 14:19:09,674][com.java.TestType] [12182] - <In Set values of the page>
[DEBUG][2016-02-08 14:19:09,674][com.java.TestType] [12187] - {Data Fields & Data Values Exist}
[INFO ][2016-02-08 14:19:09,674][com.java.TestType] [12193] - --------------------------setting values-----------------------------
[INFO ][2016-02-08 14:19:09,674][com.java.TestType] [12196] - Action Type : WaitForElement
[INFO ][2016-02-08 14:19:13,005][com.java.TestType] [12215] -  RESULT true
[INFO ][2016-02-08 14:19:13,005][com.java.TestType] [12332] - ?   P A S S   ?
[DEBUG][2016-02-08 14:19:13,005][com.java.TestType] [12138] - Concept ID:1 :: Step being Executed: 1::15
[INFO ][2016-02-08 14:19:13,005][com.java.TestType] [12176] - dataFields : LNK
[DEBUG][2016-02-08 14:19:13,005][com.java.TestType] [12182] - <In Set values of the page>
[DEBUG][2016-02-08 14:19:13,005][com.java.TestType] [12187] - {Data Fields & Data Values Exist}
[INFO ][2016-02-08 14:19:13,005][com.java.TestType] [12193] - --------------------------setting values-----------------------------
[INFO ][2016-02-08 14:19:13,005][com.java.TestType] [12196] - Action Type : Verify
[INFO ][2016-02-08 14:19:13,005][com.java.TestType] [ 8359] - field= LNK value= Logout
[INFO ][2016-02-08 14:19:13,005][com.java.TestType] [ 6727] - value = Logout
[INFO ][2016-02-08 14:19:13,046][com.java.TestType] [12215] -  RESULT true
[INFO ][2016-02-08 14:19:13,046][com.java.TestType] [12332] - ?   P A S S   ?
[DEBUG][2016-02-08 14:19:13,046][com.java.TestType] [12138] - Concept ID:1 :: Step being Executed: 1::16
[INFO ][2016-02-08 14:19:13,046][com.java.TestType] [12176] - dataFields : BTN
[DEBUG][2016-02-08 14:19:13,046][com.java.TestType] [12182] - <In Set values of the page>
[DEBUG][2016-02-08 14:19:13,046][com.java.TestType] [12187] - {Data Fields & Data Values Exist}
[INFO ][2016-02-08 14:19:13,046][com.java.TestType] [12193] - --------------------------setting values-----------------------------
[INFO ][2016-02-08 14:19:13,046][com.java.TestType] [12196] - Action Type : Verify
[INFO ][2016-02-08 14:19:13,046][com.java.TestType] [ 8359] - field= BTN value= //img[contains(@src,'bdlogo.jpg')]
[INFO ][2016-02-08 14:19:13,046][com.java.TestType] [ 6727] - value = //img[contains(@src,'bdlogo.jpg')]
[INFO ][2016-02-08 14:19:13,116][com.java.TestType] [12215] -  RESULT true
[INFO ][2016-02-08 14:19:13,116][com.java.TestType] [12332] - ?   P A S S   ?
[INFO ][2016-02-08 14:19:13,116][com.java.TestType] [12403] - Looping End......
[INFO ][2016-02-08 14:19:13,116][com.java.SeleniumDriver] [  930] -  RESULT true
[INFO ][2016-02-08 14:19:13,116][com.java.SeleniumDriver] [ 1136] - ?   P A S S   ?
[INFO ][2016-02-08 14:19:13,116][com.java.SeleniumDriver] [  856] - ------------------------------------------
[INFO ][2016-02-08 14:19:13,116][com.java.SeleniumDriver] [  857] - Test case being Executed: 1
[INFO ][2016-02-08 14:19:13,116][com.java.SeleniumDriver] [  869] - Test step:2
[INFO ][2016-02-08 14:19:13,116][com.java.SeleniumDriver] [  881] - Datavalue is----------Concept#2:1-2
[INFO ][2016-02-08 14:19:13,116][com.java.SeleniumDriver] [  905] - DataField : test
[INFO ][2016-02-08 14:19:13,116][com.java.SeleniumDriver] [  907] - DataValue : Concept#2:1-2
[INFO ][2016-02-08 14:19:13,116][com.java.SeleniumDriver] [  913] - <In Set values of the page>
[INFO ][2016-02-08 14:19:13,116][com.java.SeleniumDriver] [  916] - {Data Fields & Data Values Exist}
[INFO ][2016-02-08 14:19:13,116][com.java.SeleniumDriver] [  918] - --------------------------setting values-----------------------------
[INFO ][2016-02-08 14:19:13,116][com.java.SeleniumDriver] [  921] - Action Type : ExecuteTestCase
[INFO ][2016-02-08 14:19:13,116][com.java.TestType] [  448] - The Concept sheet name is ---------- Concept
[INFO ][2016-02-08 14:19:13,116][com.java.TestType] [  451] - The Concept ID  is ---------- 2
[DEBUG][2016-02-08 14:19:13,116][com.java.TestType] [  455] - Steps being executted in the Concept are: 1:2
[INFO ][2016-02-08 14:19:13,116][com.java.TestType] [  462] - Test data details path ---------- D:\BankersDashboard\TestInputs\TestData.xls
[INFO ][2016-02-08 14:19:13,156][com.java.TestType] [  493] -  str(1) = 2
[INFO ][2016-02-08 14:19:13,156][com.java.TestType] [  496] - Test case Id is---2
[INFO ][2016-02-08 14:19:13,156][com.java.TestType] [  498] - 2
[INFO ][2016-02-08 14:19:13,156][com.java.TestType] [  493] -  str(2) = 1
[INFO ][2016-02-08 14:19:13,156][com.java.TestType] [  493] -  str(1) = 2
[INFO ][2016-02-08 14:19:13,156][com.java.TestType] [  496] - Test case Id is---2
[INFO ][2016-02-08 14:19:13,156][com.java.TestType] [  498] - 2
[INFO ][2016-02-08 14:19:13,156][com.java.TestType] [  493] -  str(2) = 2
[INFO ][2016-02-08 14:19:13,156][com.java.TestType] [  493] -  str(1) = 2
[INFO ][2016-02-08 14:19:13,156][com.java.TestType] [  496] - Test case Id is---2
[INFO ][2016-02-08 14:19:13,156][com.java.TestType] [  498] - 2
[INFO ][2016-02-08 14:19:13,156][com.java.TestType] [  493] -  str(2) = 3
[INFO ][2016-02-08 14:19:13,156][com.java.TestType] [12097] - Looping 1TCID = 2
[DEBUG][2016-02-08 14:19:13,156][com.java.TestType] [12138] - Concept ID:2 :: Step being Executed: 2::1
[INFO ][2016-02-08 14:19:13,156][com.java.TestType] [12176] - dataFields : BNK//select[@id='bank']
[DEBUG][2016-02-08 14:19:13,156][com.java.TestType] [12182] - <In Set values of the page>
[DEBUG][2016-02-08 14:19:13,156][com.java.TestType] [12187] - {Data Fields & Data Values Exist}
[INFO ][2016-02-08 14:19:13,156][com.java.TestType] [12193] - --------------------------setting values-----------------------------
[INFO ][2016-02-08 14:19:13,156][com.java.TestType] [12196] - Action Type : Select
[INFO ][2016-02-08 14:19:13,156][com.java.TestType] [ 6727] - value = PFC
[INFO ][2016-02-08 14:19:13,396][com.java.TestType] [12215] -  RESULT true
[INFO ][2016-02-08 14:19:13,396][com.java.TestType] [12332] - ?   P A S S   ?
[DEBUG][2016-02-08 14:19:13,396][com.java.TestType] [12138] - Concept ID:2 :: Step being Executed: 2::2
[INFO ][2016-02-08 14:19:13,396][com.java.TestType] [12176] - dataFields : LNKLogout
[DEBUG][2016-02-08 14:19:13,396][com.java.TestType] [12182] - <In Set values of the page>
[DEBUG][2016-02-08 14:19:13,396][com.java.TestType] [12187] - {Data Fields & Data Values Exist}
[INFO ][2016-02-08 14:19:13,396][com.java.TestType] [12193] - --------------------------setting values-----------------------------
[INFO ][2016-02-08 14:19:13,396][com.java.TestType] [12196] - Action Type : WaitTime
[DEBUG][2016-02-08 14:19:13,396][com.java.TestType] [ 6541] - sleepTime: 5000
[INFO ][2016-02-08 14:19:18,402][com.java.TestType] [12215] -  RESULT true
[INFO ][2016-02-08 14:19:18,402][com.java.TestType] [12332] - ?   P A S S   ?
[INFO ][2016-02-08 14:19:18,402][com.java.TestType] [12403] - Looping End......
[INFO ][2016-02-08 14:19:18,402][com.java.SeleniumDriver] [  930] -  RESULT true
[INFO ][2016-02-08 14:19:18,402][com.java.SeleniumDriver] [ 1136] - ?   P A S S   ?
[INFO ][2016-02-08 14:19:18,402][com.java.SeleniumDriver] [  856] - ------------------------------------------
[INFO ][2016-02-08 14:19:18,402][com.java.SeleniumDriver] [  857] - Test case being Executed: 1
[INFO ][2016-02-08 14:19:18,402][com.java.SeleniumDriver] [  869] - Test step:3
[INFO ][2016-02-08 14:19:18,402][com.java.SeleniumDriver] [  881] - Datavalue is----------2
[INFO ][2016-02-08 14:19:18,402][com.java.SeleniumDriver] [  905] - DataField : XPH//button[contains(text(),'Add Content')]
[INFO ][2016-02-08 14:19:18,402][com.java.SeleniumDriver] [  907] - DataValue : 2
[INFO ][2016-02-08 14:19:18,402][com.java.SeleniumDriver] [  913] - <In Set values of the page>
[INFO ][2016-02-08 14:19:18,402][com.java.SeleniumDriver] [  916] - {Data Fields & Data Values Exist}
[INFO ][2016-02-08 14:19:18,402][com.java.SeleniumDriver] [  918] - --------------------------setting values-----------------------------
[INFO ][2016-02-08 14:19:18,402][com.java.SeleniumDriver] [  921] - Action Type : WAITFORELEMENT
[INFO ][2016-02-08 14:19:18,443][com.java.SeleniumDriver] [  930] -  RESULT true
[INFO ][2016-02-08 14:19:18,443][com.java.SeleniumDriver] [ 1136] - ?   P A S S   ?
[DEBUG][2016-02-08 14:19:18,443][com.java.SeleniumDriver] [ 1248] - Case found
[DEBUG][2016-02-08 14:19:18,443][com.java.SeleniumDriver] [ 1253] - Incrementing ReportCounters[0]:1
[INFO ][2016-02-08 14:19:18,443][com.java.SeleniumDriver] [ 1272] - The results are-------------------[1, 1, Valid Login, Pass, , Mon Feb 08 14:19:13 IST 2016, 1, 2, Valid Login, Pass, , Mon Feb 08 14:19:18 IST 2016, 1, 3, Valid Login, Pass, , Mon Feb 08 14:19:18 IST 2016]
[INFO ][2016-02-08 14:19:18,443][com.java.SeleniumDriver] [ 1276] - End time is-------35 sec
[INFO ][2016-02-08 14:19:18,443][com.java.SeleniumDriver] [ 1277] - The results are-------------------[1, 1, Valid Login, Pass, , Mon Feb 08 14:19:13 IST 2016, 1, 2, Valid Login, Pass, , Mon Feb 08 14:19:18 IST 2016, 1, 3, Valid Login, Pass, , Mon Feb 08 14:19:18 IST 2016]
[DEBUG][2016-02-08 14:19:18,443][com.java.ImportnExport.ExportTestResultsExcel] [  222] - testResultPath = D:\BankersDashboard/TestReports/Test Results_BankersDashBoard_020816_141844_IE10_United Bank.xls
[DEBUG][2016-02-08 14:19:18,443][com.java.ImportnExport.ExportTestResultsExcel] [  223] - browser is------------IE10
[DEBUG][2016-02-08 14:19:18,483][com.java.ImportnExport.ExportTestResultsExcel] [  270] - result.size() = 18
[DEBUG][2016-02-08 14:19:18,483][com.java.ImportnExport.ExportTestResultsExcel] [  274] - No of rows in sheet=1
[DEBUG][2016-02-08 14:19:18,483][com.java.ImportnExport.ExportTestResultsExcel] [  301] - ..in export..1
[DEBUG][2016-02-08 14:19:18,483][com.java.ImportnExport.ExportTestResultsExcel] [  301] - ..in export..Valid Login
[DEBUG][2016-02-08 14:19:18,483][com.java.ImportnExport.ExportTestResultsExcel] [  301] - ..in export..Pass
[DEBUG][2016-02-08 14:19:18,483][com.java.ImportnExport.ExportTestResultsExcel] [  301] - ..in export..
[DEBUG][2016-02-08 14:19:18,483][com.java.ImportnExport.ExportTestResultsExcel] [  301] - ..in export..Mon Feb 08 14:19:13 IST 2016
[INFO ][2016-02-08 14:19:18,483][com.java.SeleniumDriver] [ 1337] - out loop:0 size:4 TestCases:[1, 38, 41, 49] testcases:[1, 38, 41, 49]
[INFO ][2016-02-08 14:19:18,483][com.java.ImportnExport.ImportTestDataDetailsExcel] [   49] - test data details path===== D:\BankersDashboard\TestInputs\TestData.xls
[INFO ][2016-02-08 14:19:36,130][com.java.SeleniumDriver] [  856] - ------------------------------------------
[INFO ][2016-02-08 14:19:36,130][com.java.SeleniumDriver] [  857] - Test case being Executed: 38
[INFO ][2016-02-08 14:19:36,130][com.java.SeleniumDriver] [  869] - Test step:1
[INFO ][2016-02-08 14:19:36,130][com.java.SeleniumDriver] [  881] - Datavalue is----------Logout
[INFO ][2016-02-08 14:19:36,130][com.java.SeleniumDriver] [  905] - DataField : BTN
[INFO ][2016-02-08 14:19:36,130][com.java.SeleniumDriver] [  907] - DataValue : Logout
[INFO ][2016-02-08 14:19:36,130][com.java.SeleniumDriver] [  913] - <In Set values of the page>
[INFO ][2016-02-08 14:19:36,130][com.java.SeleniumDriver] [  916] - {Data Fields & Data Values Exist}
[INFO ][2016-02-08 14:19:36,130][com.java.SeleniumDriver] [  918] - --------------------------setting values-----------------------------
[INFO ][2016-02-08 14:19:36,130][com.java.SeleniumDriver] [  921] - Action Type : Verify
[INFO ][2016-02-08 14:19:36,130][com.java.TestType] [ 8359] - field= BTN value= Logout
[INFO ][2016-02-08 14:19:36,130][com.java.TestType] [ 6727] - value = Logout
[INFO ][2016-02-08 14:19:36,211][com.java.SeleniumDriver] [  930] -  RESULT true
[INFO ][2016-02-08 14:19:36,211][com.java.SeleniumDriver] [ 1136] - ?   P A S S   ?
[INFO ][2016-02-08 14:19:36,211][com.java.SeleniumDriver] [ 1178] - step change to 3
[INFO ][2016-02-08 14:19:36,211][com.java.SeleniumDriver] [  856] - ------------------------------------------
[INFO ][2016-02-08 14:19:36,211][com.java.SeleniumDriver] [  857] - Test case being Executed: 38
[INFO ][2016-02-08 14:19:36,211][com.java.SeleniumDriver] [  869] - Test step:3
[INFO ][2016-02-08 14:19:36,211][com.java.SeleniumDriver] [  881] - Datavalue is----------Concept#2:1-2
[INFO ][2016-02-08 14:19:36,211][com.java.SeleniumDriver] [  905] - DataField : test
[INFO ][2016-02-08 14:19:36,211][com.java.SeleniumDriver] [  907] - DataValue : Concept#2:1-2
[INFO ][2016-02-08 14:19:36,211][com.java.SeleniumDriver] [  913] - <In Set values of the page>
[INFO ][2016-02-08 14:19:36,211][com.java.SeleniumDriver] [  916] - {Data Fields & Data Values Exist}
[INFO ][2016-02-08 14:19:36,211][com.java.SeleniumDriver] [  918] - --------------------------setting values-----------------------------
[INFO ][2016-02-08 14:19:36,211][com.java.SeleniumDriver] [  921] - Action Type : EXECUTETESTCASE
[INFO ][2016-02-08 14:19:36,211][com.java.TestType] [  448] - The Concept sheet name is ---------- Concept
[INFO ][2016-02-08 14:19:36,211][com.java.TestType] [  451] - The Concept ID  is ---------- 2
[DEBUG][2016-02-08 14:19:36,211][com.java.TestType] [  455] - Steps being executted in the Concept are: 1:2
[INFO ][2016-02-08 14:19:36,211][com.java.TestType] [  462] - Test data details path ---------- D:\BankersDashboard\TestInputs\TestData.xls
[INFO ][2016-02-08 14:19:36,241][com.java.TestType] [  493] -  str(1) = 2
[INFO ][2016-02-08 14:19:36,241][com.java.TestType] [  496] - Test case Id is---2
[INFO ][2016-02-08 14:19:36,241][com.java.TestType] [  498] - 2
[INFO ][2016-02-08 14:19:36,241][com.java.TestType] [  493] -  str(2) = 1
[INFO ][2016-02-08 14:19:36,241][com.java.TestType] [  493] -  str(1) = 2
[INFO ][2016-02-08 14:19:36,241][com.java.TestType] [  496] - Test case Id is---2
[INFO ][2016-02-08 14:19:36,241][com.java.TestType] [  498] - 2
[INFO ][2016-02-08 14:19:36,241][com.java.TestType] [  493] -  str(2) = 2
[INFO ][2016-02-08 14:19:36,251][com.java.TestType] [  493] -  str(1) = 2
[INFO ][2016-02-08 14:19:36,251][com.java.TestType] [  496] - Test case Id is---2
[INFO ][2016-02-08 14:19:36,251][com.java.TestType] [  498] - 2
[INFO ][2016-02-08 14:19:36,251][com.java.TestType] [  493] -  str(2) = 3
[INFO ][2016-02-08 14:19:36,251][com.java.TestType] [12097] - Looping 1TCID = 2
[DEBUG][2016-02-08 14:19:36,251][com.java.TestType] [12138] - Concept ID:2 :: Step being Executed: 2::1
[INFO ][2016-02-08 14:19:36,251][com.java.TestType] [12176] - dataFields : BNK//select[@id='bank']
[DEBUG][2016-02-08 14:19:36,251][com.java.TestType] [12182] - <In Set values of the page>
[DEBUG][2016-02-08 14:19:36,251][com.java.TestType] [12187] - {Data Fields & Data Values Exist}
[INFO ][2016-02-08 14:19:36,251][com.java.TestType] [12193] - --------------------------setting values-----------------------------
[INFO ][2016-02-08 14:19:36,251][com.java.TestType] [12196] - Action Type : Select
[INFO ][2016-02-08 14:19:36,251][com.java.TestType] [ 6727] - value = PFC
[INFO ][2016-02-08 14:19:36,461][com.java.TestType] [12215] -  RESULT true
[INFO ][2016-02-08 14:19:36,461][com.java.TestType] [12332] - ?   P A S S   ?
[DEBUG][2016-02-08 14:19:36,461][com.java.TestType] [12138] - Concept ID:2 :: Step being Executed: 2::2
[INFO ][2016-02-08 14:19:36,461][com.java.TestType] [12176] - dataFields : LNKLogout
[DEBUG][2016-02-08 14:19:36,461][com.java.TestType] [12182] - <In Set values of the page>
[DEBUG][2016-02-08 14:19:36,461][com.java.TestType] [12187] - {Data Fields & Data Values Exist}
[INFO ][2016-02-08 14:19:36,461][com.java.TestType] [12193] - --------------------------setting values-----------------------------
[INFO ][2016-02-08 14:19:36,461][com.java.TestType] [12196] - Action Type : WaitTime
[DEBUG][2016-02-08 14:19:36,461][com.java.TestType] [ 6541] - sleepTime: 5000
[INFO ][2016-02-08 14:19:41,444][com.java.TestType] [12215] -  RESULT true
[INFO ][2016-02-08 14:19:41,444][com.java.TestType] [12332] - ?   P A S S   ?
[INFO ][2016-02-08 14:19:41,444][com.java.TestType] [12403] - Looping End......
[INFO ][2016-02-08 14:19:41,448][com.java.SeleniumDriver] [  930] -  RESULT true
[INFO ][2016-02-08 14:19:41,448][com.java.SeleniumDriver] [ 1136] - ?   P A S S   ?
[INFO ][2016-02-08 14:19:41,448][com.java.SeleniumDriver] [  856] - ------------------------------------------
[INFO ][2016-02-08 14:19:41,448][com.java.SeleniumDriver] [  857] - Test case being Executed: 38
[INFO ][2016-02-08 14:19:41,449][com.java.SeleniumDriver] [  869] - Test step:4
[INFO ][2016-02-08 14:19:41,449][com.java.SeleniumDriver] [  881] - Datavalue is----------null
[DEBUG][2016-02-08 14:19:41,449][com.java.SeleniumDriver] [  899] - Exception: null
[INFO ][2016-02-08 14:19:41,449][com.java.SeleniumDriver] [  905] - DataField : //span[@class='icon-user4']&&//a[text()='G/L Mapping']&&//a[@data-id="ProfitCenters"]
[INFO ][2016-02-08 14:19:41,449][com.java.SeleniumDriver] [  907] - DataValue : 
[INFO ][2016-02-08 14:19:41,449][com.java.SeleniumDriver] [  913] - <In Set values of the page>
[INFO ][2016-02-08 14:19:41,449][com.java.SeleniumDriver] [  916] - {Data Fields & Data Values Exist}
[INFO ][2016-02-08 14:19:41,449][com.java.SeleniumDriver] [  918] - --------------------------setting values-----------------------------
[INFO ][2016-02-08 14:19:41,449][com.java.SeleniumDriver] [  921] - Action Type : MOUSEOVER
[INFO ][2016-02-08 14:20:28,562][com.java.SeleniumDriver] [  930] -  RESULT true
[INFO ][2016-02-08 14:20:28,563][com.java.SeleniumDriver] [ 1136] - ?   P A S S   ?
[INFO ][2016-02-08 14:20:28,563][com.java.SeleniumDriver] [  856] - ------------------------------------------
[INFO ][2016-02-08 14:20:28,563][com.java.SeleniumDriver] [  857] - Test case being Executed: 38
[INFO ][2016-02-08 14:20:28,563][com.java.SeleniumDriver] [  869] - Test step:5
[INFO ][2016-02-08 14:20:28,563][com.java.SeleniumDriver] [  881] - Datavalue is----------5
[INFO ][2016-02-08 14:20:28,563][com.java.SeleniumDriver] [  905] - DataField : BTN//iframe[@class='frameTabContent']
[INFO ][2016-02-08 14:20:28,563][com.java.SeleniumDriver] [  907] - DataValue : 5
[INFO ][2016-02-08 14:20:28,563][com.java.SeleniumDriver] [  913] - <In Set values of the page>
[INFO ][2016-02-08 14:20:28,563][com.java.SeleniumDriver] [  916] - {Data Fields & Data Values Exist}
[INFO ][2016-02-08 14:20:28,563][com.java.SeleniumDriver] [  918] - --------------------------setting values-----------------------------
[INFO ][2016-02-08 14:20:28,563][com.java.SeleniumDriver] [  921] - Action Type : WAITFORELEMENT
[INFO ][2016-02-08 14:20:28,650][com.java.SeleniumDriver] [  930] -  RESULT true
[INFO ][2016-02-08 14:20:28,650][com.java.SeleniumDriver] [ 1136] - ?   P A S S   ?
[INFO ][2016-02-08 14:20:28,650][com.java.SeleniumDriver] [  856] - ------------------------------------------
[INFO ][2016-02-08 14:20:28,650][com.java.SeleniumDriver] [  857] - Test case being Executed: 38
[INFO ][2016-02-08 14:20:28,650][com.java.SeleniumDriver] [  869] - Test step:6
[INFO ][2016-02-08 14:20:28,650][com.java.SeleniumDriver] [  881] - Datavalue is----------null
[DEBUG][2016-02-08 14:20:28,651][com.java.SeleniumDriver] [  899] - Exception: null
[INFO ][2016-02-08 14:20:28,651][com.java.SeleniumDriver] [  905] - DataField : BTN//iframe[@class='frameTabContent']
[INFO ][2016-02-08 14:20:28,651][com.java.SeleniumDriver] [  907] - DataValue : 
[INFO ][2016-02-08 14:20:28,651][com.java.SeleniumDriver] [  913] - <In Set values of the page>
[INFO ][2016-02-08 14:20:28,651][com.java.SeleniumDriver] [  916] - {Data Fields & Data Values Exist}
[INFO ][2016-02-08 14:20:28,651][com.java.SeleniumDriver] [  918] - --------------------------setting values-----------------------------
[INFO ][2016-02-08 14:20:28,651][com.java.SeleniumDriver] [  921] - Action Type : SELECTFRAME
[INFO ][2016-02-08 14:20:28,978][com.java.SeleniumDriver] [  930] -  RESULT true
[INFO ][2016-02-08 14:20:28,978][com.java.SeleniumDriver] [ 1136] - ?   P A S S   ?
[INFO ][2016-02-08 14:20:28,978][com.java.SeleniumDriver] [  856] - ------------------------------------------
[INFO ][2016-02-08 14:20:28,978][com.java.SeleniumDriver] [  857] - Test case being Executed: 38
[INFO ][2016-02-08 14:20:28,978][com.java.SeleniumDriver] [  869] - Test step:7
[INFO ][2016-02-08 14:20:28,978][com.java.SeleniumDriver] [  881] - Datavalue is----------Manage Profit Centers and Regions 
[INFO ][2016-02-08 14:20:28,978][com.java.SeleniumDriver] [  905] - DataField : MSG
[INFO ][2016-02-08 14:20:28,978][com.java.SeleniumDriver] [  907] - DataValue : Manage Profit Centers and Regions 
[INFO ][2016-02-08 14:20:28,979][com.java.SeleniumDriver] [  913] - <In Set values of the page>
[INFO ][2016-02-08 14:20:28,979][com.java.SeleniumDriver] [  916] - {Data Fields & Data Values Exist}
[INFO ][2016-02-08 14:20:28,979][com.java.SeleniumDriver] [  918] - --------------------------setting values-----------------------------
[INFO ][2016-02-08 14:20:28,979][com.java.SeleniumDriver] [  921] - Action Type : VERIFY
[INFO ][2016-02-08 14:20:28,979][com.java.TestType] [ 8359] - field= MSG value= Manage Profit Centers and Regions 
[INFO ][2016-02-08 14:20:28,979][com.java.TestType] [ 6727] - value = Manage Profit Centers and Regions 
[DEBUG][2016-02-08 14:20:28,979][com.java.TestType] [ 9222] - value :: Manage Profit Centers and Regions 
[INFO ][2016-02-08 14:20:29,017][com.java.SeleniumDriver] [  930] -  RESULT true
[INFO ][2016-02-08 14:20:29,017][com.java.SeleniumDriver] [ 1136] - ?   P A S S   ?
[INFO ][2016-02-08 14:20:29,017][com.java.SeleniumDriver] [  856] - ------------------------------------------
[INFO ][2016-02-08 14:20:29,017][com.java.SeleniumDriver] [  857] - Test case being Executed: 38
[INFO ][2016-02-08 14:20:29,017][com.java.SeleniumDriver] [  869] - Test step:8
[INFO ][2016-02-08 14:20:29,017][com.java.SeleniumDriver] [  881] - Datavalue is----------Rows
[INFO ][2016-02-08 14:20:29,017][com.java.SeleniumDriver] [  905] - DataField : null
[INFO ][2016-02-08 14:20:29,017][com.java.SeleniumDriver] [  907] - DataValue : Rows
[INFO ][2016-02-08 14:20:29,017][com.java.SeleniumDriver] [  913] - <In Set values of the page>
[INFO ][2016-02-08 14:20:29,017][com.java.SeleniumDriver] [  916] - {Data Fields & Data Values Exist}
[INFO ][2016-02-08 14:20:29,017][com.java.SeleniumDriver] [  918] - --------------------------setting values-----------------------------
[INFO ][2016-02-08 14:20:29,017][com.java.SeleniumDriver] [  921] - Action Type : ASCENDINGORDERPROFITCENTERS
[INFO ][2016-02-08 14:20:30,373][com.java.SeleniumDriver] [  930] -  RESULT true
[INFO ][2016-02-08 14:20:30,373][com.java.SeleniumDriver] [ 1136] - ?   P A S S   ?
[INFO ][2016-02-08 14:20:30,373][com.java.SeleniumDriver] [  856] - ------------------------------------------
[INFO ][2016-02-08 14:20:30,374][com.java.SeleniumDriver] [  857] - Test case being Executed: 38
[INFO ][2016-02-08 14:20:30,374][com.java.SeleniumDriver] [  869] - Test step:9
[INFO ][2016-02-08 14:20:30,374][com.java.SeleniumDriver] [  881] - Datavalue is----------5
[INFO ][2016-02-08 14:20:30,374][com.java.SeleniumDriver] [  905] - DataField : XPH//a[contains(text(),'Regions')]
[INFO ][2016-02-08 14:20:30,374][com.java.SeleniumDriver] [  907] - DataValue : 5
[INFO ][2016-02-08 14:20:30,374][com.java.SeleniumDriver] [  913] - <In Set values of the page>
[INFO ][2016-02-08 14:20:30,374][com.java.SeleniumDriver] [  916] - {Data Fields & Data Values Exist}
[INFO ][2016-02-08 14:20:30,374][com.java.SeleniumDriver] [  918] - --------------------------setting values-----------------------------
[INFO ][2016-02-08 14:20:30,374][com.java.SeleniumDriver] [  921] - Action Type : WAITFORELEMENT
[INFO ][2016-02-08 14:20:30,400][com.java.SeleniumDriver] [  930] -  RESULT true
[INFO ][2016-02-08 14:20:30,400][com.java.SeleniumDriver] [ 1136] - ?   P A S S   ?
[INFO ][2016-02-08 14:20:30,400][com.java.SeleniumDriver] [  856] - ------------------------------------------
[INFO ][2016-02-08 14:20:30,400][com.java.SeleniumDriver] [  857] - Test case being Executed: 38
[INFO ][2016-02-08 14:20:30,400][com.java.SeleniumDriver] [  869] - Test step:10
[INFO ][2016-02-08 14:20:30,401][com.java.SeleniumDriver] [  881] - Datavalue is----------null
[DEBUG][2016-02-08 14:20:30,401][com.java.SeleniumDriver] [  899] - Exception: null
[INFO ][2016-02-08 14:20:30,401][com.java.SeleniumDriver] [  905] - DataField : XPH//a[contains(text(),'Regions')]
[INFO ][2016-02-08 14:20:30,401][com.java.SeleniumDriver] [  907] - DataValue : 
[INFO ][2016-02-08 14:20:30,401][com.java.SeleniumDriver] [  913] - <In Set values of the page>
[INFO ][2016-02-08 14:20:30,401][com.java.SeleniumDriver] [  916] - {Data Fields & Data Values Exist}
[INFO ][2016-02-08 14:20:30,401][com.java.SeleniumDriver] [  918] - --------------------------setting values-----------------------------
[INFO ][2016-02-08 14:20:30,401][com.java.SeleniumDriver] [  921] - Action Type : CLICK
[INFO ][2016-02-08 14:20:30,401][com.java.TestType] [ 7126] - Field ::XPH//a[contains(text(),'Regions')]
[INFO ][2016-02-08 14:20:30,401][com.java.TestType] [ 6727] - value = 
[INFO ][2016-02-08 14:20:31,401][com.java.TestType] [ 7303] - BEFORE CLICK
[INFO ][2016-02-08 14:20:33,145][com.java.TestType] [ 7311] - Unable to click the object Regions tab
[INFO ][2016-02-08 14:20:33,145][com.java.SeleniumDriver] [  930] -  RESULT true
[INFO ][2016-02-08 14:20:33,145][com.java.SeleniumDriver] [ 1136] - ?   P A S S   ?
[INFO ][2016-02-08 14:20:33,147][com.java.SeleniumDriver] [  856] - ------------------------------------------
[INFO ][2016-02-08 14:20:33,147][com.java.SeleniumDriver] [  857] - Test case being Executed: 38
[INFO ][2016-02-08 14:20:33,147][com.java.SeleniumDriver] [  869] - Test step:11
[INFO ][2016-02-08 14:20:33,147][com.java.SeleniumDriver] [  881] - Datavalue is----------Test
[INFO ][2016-02-08 14:20:33,147][com.java.SeleniumDriver] [  905] - DataField : null
[INFO ][2016-02-08 14:20:33,147][com.java.SeleniumDriver] [  907] - DataValue : Test
[INFO ][2016-02-08 14:20:33,147][com.java.SeleniumDriver] [  913] - <In Set values of the page>
[INFO ][2016-02-08 14:20:33,147][com.java.SeleniumDriver] [  916] - {Data Fields & Data Values Exist}
[INFO ][2016-02-08 14:20:33,147][com.java.SeleniumDriver] [  918] - --------------------------setting values-----------------------------
[INFO ][2016-02-08 14:20:33,147][com.java.SeleniumDriver] [  921] - Action Type : ASCENDINGORDERCENTERID
[ERROR][2016-02-08 14:20:34,048][com.java.TestType] [ 1472] - Exception: For input string: "Baldwin"
[INFO ][2016-02-08 14:20:34,048][com.java.SeleniumDriver] [  930] -  RESULT false
[INFO ][2016-02-08 14:20:34,048][com.java.SeleniumDriver] [  977] - ?   F A I L   ?
[INFO ][2016-02-08 14:20:34,048][com.java.SeleniumDriver] [  985] - Browser Type : IE10
[INFO ][2016-02-08 14:20:34,048][com.java.SeleniumDriver] [  986] - Adding Failed case38
[INFO ][2016-02-08 14:20:34,317][com.java.SeleniumDriver] [ 1100] - failedCases = 38
[ERROR][2016-02-08 14:20:34,318][com.java.SeleniumDriver] [ 1599] - Platform Errors : Our apologies...::We have encountered an issue with your request.::Our apologies?:We encountered an issue with your request.
[INFO ][2016-02-08 14:20:34,318][com.java.SeleniumDriver] [ 1603] - Length =3
[ERROR][2016-02-08 14:20:34,318][com.java.SeleniumDriver] [ 1606] - Error 0 = Our apologies...
[ERROR][2016-02-08 14:20:34,335][com.java.SeleniumDriver] [ 1606] - Error 1 = We have encountered an issue with your request.
[ERROR][2016-02-08 14:20:34,350][com.java.SeleniumDriver] [ 1606] - Error 2 = Our apologies?:We encountered an issue with your request.
[INFO ][2016-02-08 14:20:34,367][com.java.SeleniumDriver] [ 1617] - strError:
[DEBUG][2016-02-08 14:20:34,382][com.java.SeleniumDriver] [ 1248] - Case found
[DEBUG][2016-02-08 14:20:34,382][com.java.SeleniumDriver] [ 1253] - Incrementing ReportCounters[0]:2
[INFO ][2016-02-08 14:20:34,382][com.java.SeleniumDriver] [ 1272] - The results are-------------------[38, 11, Admin: GL Mapping: Profit Centers: Eliminate Duplicate Profit Centers, Fail, 
Test case failed at Step No. :: 11   Error Message ::  Ascending order verification failed due to For input string: "Baldwin". Screen Shot : D:\BankersDashboard\TestReports\020816\38_020816_142034_IE10.png, Mon Feb 08 14:20:34 IST 2016]
[INFO ][2016-02-08 14:20:34,382][com.java.SeleniumDriver] [ 1276] - End time is-------1 min 51 sec
[INFO ][2016-02-08 14:20:34,382][com.java.SeleniumDriver] [ 1277] - The results are-------------------[38, 11, Admin: GL Mapping: Profit Centers: Eliminate Duplicate Profit Centers, Fail, 
Test case failed at Step No. :: 11   Error Message ::  Ascending order verification failed due to For input string: "Baldwin". Screen Shot : D:\BankersDashboard\TestReports\020816\38_020816_142034_IE10.png, Mon Feb 08 14:20:34 IST 2016]
[DEBUG][2016-02-08 14:20:34,382][com.java.ImportnExport.ExportTestResultsExcel] [  222] - testResultPath = D:\BankersDashboard/TestReports/Test Results_BankersDashBoard_020816_141844_IE10_United Bank.xls
[DEBUG][2016-02-08 14:20:34,382][com.java.ImportnExport.ExportTestResultsExcel] [  223] - browser is------------IE10
[DEBUG][2016-02-08 14:20:34,384][com.java.ImportnExport.ExportTestResultsExcel] [  270] - result.size() = 6
[DEBUG][2016-02-08 14:20:34,384][com.java.ImportnExport.ExportTestResultsExcel] [  274] - No of rows in sheet=2
[DEBUG][2016-02-08 14:20:34,385][com.java.ImportnExport.ExportTestResultsExcel] [  301] - ..in export..38
[DEBUG][2016-02-08 14:20:34,385][com.java.ImportnExport.ExportTestResultsExcel] [  301] - ..in export..Admin: GL Mapping: Profit Centers: Eliminate Duplicate Profit Centers
[DEBUG][2016-02-08 14:20:34,385][com.java.ImportnExport.ExportTestResultsExcel] [  301] - ..in export..Fail
[DEBUG][2016-02-08 14:20:34,385][com.java.ImportnExport.ExportTestResultsExcel] [  301] - ..in export..
Test case failed at Step No. :: 11   Error Message ::  Ascending order verification failed due to For input string: "Baldwin". Screen Shot : D:\BankersDashboard\TestReports\020816\38_020816_142034_IE10.png
[DEBUG][2016-02-08 14:20:34,385][com.java.ImportnExport.ExportTestResultsExcel] [  301] - ..in export..Mon Feb 08 14:20:34 IST 2016
[INFO ][2016-02-08 14:20:34,386][com.java.SeleniumDriver] [ 1337] - out loop:1 size:4 TestCases:[1, 38, 41, 49] testcases:[1, 38, 41, 49]
[INFO ][2016-02-08 14:20:34,386][com.java.ImportnExport.ImportTestDataDetailsExcel] [   49] - test data details path===== D:\BankersDashboard\TestInputs\TestData.xls
[INFO ][2016-02-08 14:20:52,205][com.java.SeleniumDriver] [  856] - ------------------------------------------
[INFO ][2016-02-08 14:20:52,205][com.java.SeleniumDriver] [  857] - Test case being Executed: 41
[INFO ][2016-02-08 14:20:52,205][com.java.SeleniumDriver] [  869] - Test step:1
[INFO ][2016-02-08 14:20:52,205][com.java.SeleniumDriver] [  881] - Datavalue is----------Logout
[INFO ][2016-02-08 14:20:52,205][com.java.SeleniumDriver] [  905] - DataField : BTN
[INFO ][2016-02-08 14:20:52,205][com.java.SeleniumDriver] [  907] - DataValue : Logout
[INFO ][2016-02-08 14:20:52,205][com.java.SeleniumDriver] [  913] - <In Set values of the page>
[INFO ][2016-02-08 14:20:52,205][com.java.SeleniumDriver] [  916] - {Data Fields & Data Values Exist}
[INFO ][2016-02-08 14:20:52,205][com.java.SeleniumDriver] [  918] - --------------------------setting values-----------------------------
[INFO ][2016-02-08 14:20:52,205][com.java.SeleniumDriver] [  921] - Action Type : Verify
[INFO ][2016-02-08 14:20:52,205][com.java.TestType] [ 8359] - field= BTN value= Logout
[INFO ][2016-02-08 14:20:52,205][com.java.TestType] [ 6727] - value = Logout
[INFO ][2016-02-08 14:20:52,286][com.java.SeleniumDriver] [  930] -  RESULT true
[INFO ][2016-02-08 14:20:52,286][com.java.SeleniumDriver] [ 1136] - ?   P A S S   ?
[INFO ][2016-02-08 14:20:52,286][com.java.SeleniumDriver] [ 1178] - step change to 3
[INFO ][2016-02-08 14:20:52,286][com.java.SeleniumDriver] [  856] - ------------------------------------------
[INFO ][2016-02-08 14:20:52,286][com.java.SeleniumDriver] [  857] - Test case being Executed: 41
[INFO ][2016-02-08 14:20:52,286][com.java.SeleniumDriver] [  869] - Test step:3
[INFO ][2016-02-08 14:20:52,286][com.java.SeleniumDriver] [  881] - Datavalue is----------Concept#2:1-2
[INFO ][2016-02-08 14:20:52,286][com.java.SeleniumDriver] [  905] - DataField : test
[INFO ][2016-02-08 14:20:52,286][com.java.SeleniumDriver] [  907] - DataValue : Concept#2:1-2
[INFO ][2016-02-08 14:20:52,286][com.java.SeleniumDriver] [  913] - <In Set values of the page>
[INFO ][2016-02-08 14:20:52,286][com.java.SeleniumDriver] [  916] - {Data Fields & Data Values Exist}
[INFO ][2016-02-08 14:20:52,286][com.java.SeleniumDriver] [  918] - --------------------------setting values-----------------------------
[INFO ][2016-02-08 14:20:52,286][com.java.SeleniumDriver] [  921] - Action Type : EXECUTETESTCASE
[INFO ][2016-02-08 14:20:52,286][com.java.TestType] [  448] - The Concept sheet name is ---------- Concept
[INFO ][2016-02-08 14:20:52,286][com.java.TestType] [  451] - The Concept ID  is ---------- 2
[DEBUG][2016-02-08 14:20:52,286][com.java.TestType] [  455] - Steps being executted in the Concept are: 1:2
[INFO ][2016-02-08 14:20:52,286][com.java.TestType] [  462] - Test data details path ---------- D:\BankersDashboard\TestInputs\TestData.xls
[INFO ][2016-02-08 14:20:52,316][com.java.TestType] [  493] -  str(1) = 2
[INFO ][2016-02-08 14:20:52,316][com.java.TestType] [  496] - Test case Id is---2
[INFO ][2016-02-08 14:20:52,316][com.java.TestType] [  498] - 2
[INFO ][2016-02-08 14:20:52,316][com.java.TestType] [  493] -  str(2) = 1
[INFO ][2016-02-08 14:20:52,316][com.java.TestType] [  493] -  str(1) = 2
[INFO ][2016-02-08 14:20:52,316][com.java.TestType] [  496] - Test case Id is---2
[INFO ][2016-02-08 14:20:52,316][com.java.TestType] [  498] - 2
[INFO ][2016-02-08 14:20:52,326][com.java.TestType] [  493] -  str(2) = 2
[INFO ][2016-02-08 14:20:52,326][com.java.TestType] [  493] -  str(1) = 2
[INFO ][2016-02-08 14:20:52,326][com.java.TestType] [  496] - Test case Id is---2
[INFO ][2016-02-08 14:20:52,326][com.java.TestType] [  498] - 2
[INFO ][2016-02-08 14:20:52,326][com.java.TestType] [  493] -  str(2) = 3
[INFO ][2016-02-08 14:20:52,326][com.java.TestType] [12097] - Looping 1TCID = 2
[DEBUG][2016-02-08 14:20:52,326][com.java.TestType] [12138] - Concept ID:2 :: Step being Executed: 2::1
[INFO ][2016-02-08 14:20:52,326][com.java.TestType] [12176] - dataFields : BNK//select[@id='bank']
[DEBUG][2016-02-08 14:20:52,326][com.java.TestType] [12182] - <In Set values of the page>
[DEBUG][2016-02-08 14:20:52,326][com.java.TestType] [12187] - {Data Fields & Data Values Exist}
[INFO ][2016-02-08 14:20:52,326][com.java.TestType] [12193] - --------------------------setting values-----------------------------
[INFO ][2016-02-08 14:20:52,326][com.java.TestType] [12196] - Action Type : Select
[INFO ][2016-02-08 14:20:52,326][com.java.TestType] [ 6727] - value = PFC
[INFO ][2016-02-08 14:20:52,546][com.java.TestType] [12215] -  RESULT true
[INFO ][2016-02-08 14:20:52,546][com.java.TestType] [12332] - ?   P A S S   ?
[DEBUG][2016-02-08 14:20:52,546][com.java.TestType] [12138] - Concept ID:2 :: Step being Executed: 2::2
[INFO ][2016-02-08 14:20:52,546][com.java.TestType] [12176] - dataFields : LNKLogout
[DEBUG][2016-02-08 14:20:52,546][com.java.TestType] [12182] - <In Set values of the page>
[DEBUG][2016-02-08 14:20:52,546][com.java.TestType] [12187] - {Data Fields & Data Values Exist}
[INFO ][2016-02-08 14:20:52,546][com.java.TestType] [12193] - --------------------------setting values-----------------------------
[INFO ][2016-02-08 14:20:52,546][com.java.TestType] [12196] - Action Type : WaitTime
[DEBUG][2016-02-08 14:20:52,546][com.java.TestType] [ 6541] - sleepTime: 5000
[INFO ][2016-02-08 14:20:57,554][com.java.TestType] [12215] -  RESULT true
[INFO ][2016-02-08 14:20:57,554][com.java.TestType] [12332] - ?   P A S S   ?
[INFO ][2016-02-08 14:20:57,554][com.java.TestType] [12403] - Looping End......
[INFO ][2016-02-08 14:20:57,554][com.java.SeleniumDriver] [  930] -  RESULT true
[INFO ][2016-02-08 14:20:57,554][com.java.SeleniumDriver] [ 1136] - ?   P A S S   ?
[INFO ][2016-02-08 14:20:57,554][com.java.SeleniumDriver] [  856] - ------------------------------------------
[INFO ][2016-02-08 14:20:57,554][com.java.SeleniumDriver] [  857] - Test case being Executed: 41
[INFO ][2016-02-08 14:20:57,554][com.java.SeleniumDriver] [  869] - Test step:4
[INFO ][2016-02-08 14:20:57,554][com.java.SeleniumDriver] [  881] - Datavalue is----------null
[DEBUG][2016-02-08 14:20:57,554][com.java.SeleniumDriver] [  899] - Exception: null
[INFO ][2016-02-08 14:20:57,554][com.java.SeleniumDriver] [  905] - DataField : //span[@class='icon-user4']&&//a[text()='G/L Mapping']&&//a[@data-id="ProfitCenters"]
[INFO ][2016-02-08 14:20:57,554][com.java.SeleniumDriver] [  907] - DataValue : 
[INFO ][2016-02-08 14:20:57,554][com.java.SeleniumDriver] [  913] - <In Set values of the page>
[INFO ][2016-02-08 14:20:57,554][com.java.SeleniumDriver] [  916] - {Data Fields & Data Values Exist}
[INFO ][2016-02-08 14:20:57,554][com.java.SeleniumDriver] [  918] - --------------------------setting values-----------------------------
[INFO ][2016-02-08 14:20:57,554][com.java.SeleniumDriver] [  921] - Action Type : MOUSEOVER
[INFO ][2016-02-08 14:21:42,494][com.java.SeleniumDriver] [  930] -  RESULT true
[INFO ][2016-02-08 14:21:42,494][com.java.SeleniumDriver] [ 1136] - ?   P A S S   ?
[INFO ][2016-02-08 14:21:42,494][com.java.SeleniumDriver] [  856] - ------------------------------------------
[INFO ][2016-02-08 14:21:42,494][com.java.SeleniumDriver] [  857] - Test case being Executed: 41
[INFO ][2016-02-08 14:21:42,494][com.java.SeleniumDriver] [  869] - Test step:5
[INFO ][2016-02-08 14:21:42,494][com.java.SeleniumDriver] [  881] - Datavalue is----------3
[INFO ][2016-02-08 14:21:42,494][com.java.SeleniumDriver] [  905] - DataField : BTN//iframe[@class='frameTabContent']
[INFO ][2016-02-08 14:21:42,494][com.java.SeleniumDriver] [  907] - DataValue : 3
[INFO ][2016-02-08 14:21:42,494][com.java.SeleniumDriver] [  913] - <In Set values of the page>
[INFO ][2016-02-08 14:21:42,494][com.java.SeleniumDriver] [  916] - {Data Fields & Data Values Exist}
[INFO ][2016-02-08 14:21:42,494][com.java.SeleniumDriver] [  918] - --------------------------setting values-----------------------------
[INFO ][2016-02-08 14:21:42,494][com.java.SeleniumDriver] [  921] - Action Type : WAITFORELEMENT
[INFO ][2016-02-08 14:21:42,525][com.java.SeleniumDriver] [  930] -  RESULT true
[INFO ][2016-02-08 14:21:42,525][com.java.SeleniumDriver] [ 1136] - ?   P A S S   ?
[INFO ][2016-02-08 14:21:42,525][com.java.SeleniumDriver] [  856] - ------------------------------------------
[INFO ][2016-02-08 14:21:42,525][com.java.SeleniumDriver] [  857] - Test case being Executed: 41
[INFO ][2016-02-08 14:21:42,525][com.java.SeleniumDriver] [  869] - Test step:6
[INFO ][2016-02-08 14:21:42,525][com.java.SeleniumDriver] [  881] - Datavalue is----------null
[DEBUG][2016-02-08 14:21:42,525][com.java.SeleniumDriver] [  899] - Exception: null
[INFO ][2016-02-08 14:21:42,525][com.java.SeleniumDriver] [  905] - DataField : BTN//iframe[@class='frameTabContent']
[INFO ][2016-02-08 14:21:42,525][com.java.SeleniumDriver] [  907] - DataValue : 
[INFO ][2016-02-08 14:21:42,525][com.java.SeleniumDriver] [  913] - <In Set values of the page>
[INFO ][2016-02-08 14:21:42,525][com.java.SeleniumDriver] [  916] - {Data Fields & Data Values Exist}
[INFO ][2016-02-08 14:21:42,525][com.java.SeleniumDriver] [  918] - --------------------------setting values-----------------------------
[INFO ][2016-02-08 14:21:42,525][com.java.SeleniumDriver] [  921] - Action Type : SELECTFRAME
[INFO ][2016-02-08 14:21:42,605][com.java.SeleniumDriver] [  930] -  RESULT true
[INFO ][2016-02-08 14:21:42,605][com.java.SeleniumDriver] [ 1136] - ?   P A S S   ?
[INFO ][2016-02-08 14:21:42,605][com.java.SeleniumDriver] [  856] - ------------------------------------------
[INFO ][2016-02-08 14:21:42,605][com.java.SeleniumDriver] [  857] - Test case being Executed: 41
[INFO ][2016-02-08 14:21:42,605][com.java.SeleniumDriver] [  869] - Test step:7
[INFO ][2016-02-08 14:21:42,605][com.java.SeleniumDriver] [  881] - Datavalue is----------Manage Profit Centers and Regions 
[INFO ][2016-02-08 14:21:42,605][com.java.SeleniumDriver] [  905] - DataField : MSG
[INFO ][2016-02-08 14:21:42,605][com.java.SeleniumDriver] [  907] - DataValue : Manage Profit Centers and Regions 
[INFO ][2016-02-08 14:21:42,605][com.java.SeleniumDriver] [  913] - <In Set values of the page>
[INFO ][2016-02-08 14:21:42,605][com.java.SeleniumDriver] [  916] - {Data Fields & Data Values Exist}
[INFO ][2016-02-08 14:21:42,605][com.java.SeleniumDriver] [  918] - --------------------------setting values-----------------------------
[INFO ][2016-02-08 14:21:42,605][com.java.SeleniumDriver] [  921] - Action Type : VERIFY
[INFO ][2016-02-08 14:21:42,605][com.java.TestType] [ 8359] - field= MSG value= Manage Profit Centers and Regions 
[INFO ][2016-02-08 14:21:42,605][com.java.TestType] [ 6727] - value = Manage Profit Centers and Regions 
[DEBUG][2016-02-08 14:21:42,605][com.java.TestType] [ 9222] - value :: Manage Profit Centers and Regions 
[INFO ][2016-02-08 14:21:42,625][com.java.SeleniumDriver] [  930] -  RESULT true
[INFO ][2016-02-08 14:21:42,625][com.java.SeleniumDriver] [ 1136] - ?   P A S S   ?
[INFO ][2016-02-08 14:21:42,625][com.java.SeleniumDriver] [  856] - ------------------------------------------
[INFO ][2016-02-08 14:21:42,625][com.java.SeleniumDriver] [  857] - Test case being Executed: 41
[INFO ][2016-02-08 14:21:42,625][com.java.SeleniumDriver] [  869] - Test step:8
[INFO ][2016-02-08 14:21:42,625][com.java.SeleniumDriver] [  881] - Datavalue is----------null
[DEBUG][2016-02-08 14:21:42,625][com.java.SeleniumDriver] [  899] - Exception: null
[INFO ][2016-02-08 14:21:42,625][com.java.SeleniumDriver] [  905] - DataField : XPH//a[contains(text(),'Regions')]
[INFO ][2016-02-08 14:21:42,625][com.java.SeleniumDriver] [  907] - DataValue : 
[INFO ][2016-02-08 14:21:42,625][com.java.SeleniumDriver] [  913] - <In Set values of the page>
[INFO ][2016-02-08 14:21:42,625][com.java.SeleniumDriver] [  916] - {Data Fields & Data Values Exist}
[INFO ][2016-02-08 14:21:42,625][com.java.SeleniumDriver] [  918] - --------------------------setting values-----------------------------
[INFO ][2016-02-08 14:21:42,625][com.java.SeleniumDriver] [  921] - Action Type : CLICK
[INFO ][2016-02-08 14:21:42,625][com.java.TestType] [ 7126] - Field ::XPH//a[contains(text(),'Regions')]
[INFO ][2016-02-08 14:21:42,625][com.java.TestType] [ 6727] - value = 
[INFO ][2016-02-08 14:21:43,625][com.java.TestType] [ 7303] - BEFORE CLICK
[INFO ][2016-02-08 14:21:45,050][com.java.TestType] [ 7311] - Unable to click the object Regions tab
[INFO ][2016-02-08 14:21:45,050][com.java.SeleniumDriver] [  930] -  RESULT true
[INFO ][2016-02-08 14:21:45,050][com.java.SeleniumDriver] [ 1136] - ?   P A S S   ?
[INFO ][2016-02-08 14:21:45,050][com.java.SeleniumDriver] [  856] - ------------------------------------------
[INFO ][2016-02-08 14:21:45,050][com.java.SeleniumDriver] [  857] - Test case being Executed: 41
[INFO ][2016-02-08 14:21:45,050][com.java.SeleniumDriver] [  869] - Test step:9
[INFO ][2016-02-08 14:21:45,050][com.java.SeleniumDriver] [  881] - Datavalue is----------3
[INFO ][2016-02-08 14:21:45,050][com.java.SeleniumDriver] [  905] - DataField : XPH//span[@class="glyphicon glyphicon-plus"]
[INFO ][2016-02-08 14:21:45,050][com.java.SeleniumDriver] [  907] - DataValue : 3
[INFO ][2016-02-08 14:21:45,050][com.java.SeleniumDriver] [  913] - <In Set values of the page>
[INFO ][2016-02-08 14:21:45,050][com.java.SeleniumDriver] [  916] - {Data Fields & Data Values Exist}
[INFO ][2016-02-08 14:21:45,050][com.java.SeleniumDriver] [  918] - --------------------------setting values-----------------------------
[INFO ][2016-02-08 14:21:45,050][com.java.SeleniumDriver] [  921] - Action Type : WAITFORELEMENT
[INFO ][2016-02-08 14:21:45,071][com.java.SeleniumDriver] [  930] -  RESULT true
[INFO ][2016-02-08 14:21:45,071][com.java.SeleniumDriver] [ 1136] - ?   P A S S   ?
[INFO ][2016-02-08 14:21:45,071][com.java.SeleniumDriver] [  856] - ------------------------------------------
[INFO ][2016-02-08 14:21:45,071][com.java.SeleniumDriver] [  857] - Test case being Executed: 41
[INFO ][2016-02-08 14:21:45,071][com.java.SeleniumDriver] [  869] - Test step:10
[INFO ][2016-02-08 14:21:45,071][com.java.SeleniumDriver] [  881] - Datavalue is----------null
[DEBUG][2016-02-08 14:21:45,071][com.java.SeleniumDriver] [  899] - Exception: null
[INFO ][2016-02-08 14:21:45,071][com.java.SeleniumDriver] [  905] - DataField : XPH//span[@class="glyphicon glyphicon-plus"]
[INFO ][2016-02-08 14:21:45,071][com.java.SeleniumDriver] [  907] - DataValue : 
[INFO ][2016-02-08 14:21:45,071][com.java.SeleniumDriver] [  913] - <In Set values of the page>
[INFO ][2016-02-08 14:21:45,071][com.java.SeleniumDriver] [  916] - {Data Fields & Data Values Exist}
[INFO ][2016-02-08 14:21:45,071][com.java.SeleniumDriver] [  918] - --------------------------setting values-----------------------------
[INFO ][2016-02-08 14:21:45,071][com.java.SeleniumDriver] [  921] - Action Type : CLICK
[INFO ][2016-02-08 14:21:45,071][com.java.TestType] [ 7126] - Field ::XPH//span[@class="glyphicon glyphicon-plus"]
[INFO ][2016-02-08 14:21:45,071][com.java.TestType] [ 6727] - value = 
[INFO ][2016-02-08 14:21:46,071][com.java.TestType] [ 7303] - BEFORE CLICK
[INFO ][2016-02-08 14:21:47,381][com.java.TestType] [ 7311] - Unable to click the object Plus button
[INFO ][2016-02-08 14:21:47,381][com.java.SeleniumDriver] [  930] -  RESULT true
[INFO ][2016-02-08 14:21:47,381][com.java.SeleniumDriver] [ 1136] - ?   P A S S   ?
[INFO ][2016-02-08 14:21:47,381][com.java.SeleniumDriver] [  856] - ------------------------------------------
[INFO ][2016-02-08 14:21:47,381][com.java.SeleniumDriver] [  857] - Test case being Executed: 41
[INFO ][2016-02-08 14:21:47,381][com.java.SeleniumDriver] [  869] - Test step:11
[INFO ][2016-02-08 14:21:47,381][com.java.SeleniumDriver] [  881] - Datavalue is----------RNDVLtest
[INFO ][2016-02-08 14:21:47,381][com.java.SeleniumDriver] [  905] - DataField : TXT//div[contains(text(),'Region Name')]/input
[INFO ][2016-02-08 14:21:47,381][com.java.SeleniumDriver] [  907] - DataValue : RNDVLtest
[INFO ][2016-02-08 14:21:47,381][com.java.SeleniumDriver] [  913] - <In Set values of the page>
[INFO ][2016-02-08 14:21:47,381][com.java.SeleniumDriver] [  916] - {Data Fields & Data Values Exist}
[INFO ][2016-02-08 14:21:47,381][com.java.SeleniumDriver] [  918] - --------------------------setting values-----------------------------
[INFO ][2016-02-08 14:21:47,381][com.java.SeleniumDriver] [  921] - Action Type : CLEARANDENTER
[INFO ][2016-02-08 14:21:47,482][com.java.TestType] [ 6727] - value = VLtest108905
[INFO ][2016-02-08 14:21:47,942][com.java.SeleniumDriver] [  930] -  RESULT true
[INFO ][2016-02-08 14:21:47,942][com.java.SeleniumDriver] [ 1136] - ?   P A S S   ?
[INFO ][2016-02-08 14:21:47,942][com.java.SeleniumDriver] [  856] - ------------------------------------------
[INFO ][2016-02-08 14:21:47,942][com.java.SeleniumDriver] [  857] - Test case being Executed: 41
[INFO ][2016-02-08 14:21:47,942][com.java.SeleniumDriver] [  869] - Test step:12
[INFO ][2016-02-08 14:21:47,942][com.java.SeleniumDriver] [  881] - Datavalue is----------3
[INFO ][2016-02-08 14:21:47,942][com.java.SeleniumDriver] [  905] - DataField : test
[INFO ][2016-02-08 14:21:47,942][com.java.SeleniumDriver] [  907] - DataValue : 3
[INFO ][2016-02-08 14:21:47,942][com.java.SeleniumDriver] [  913] - <In Set values of the page>
[INFO ][2016-02-08 14:21:47,942][com.java.SeleniumDriver] [  916] - {Data Fields & Data Values Exist}
[INFO ][2016-02-08 14:21:47,942][com.java.SeleniumDriver] [  918] - --------------------------setting values-----------------------------
[INFO ][2016-02-08 14:21:47,942][com.java.SeleniumDriver] [  921] - Action Type : WaitTime
[DEBUG][2016-02-08 14:21:47,942][com.java.TestType] [ 6541] - sleepTime: 3000
[INFO ][2016-02-08 14:21:50,942][com.java.SeleniumDriver] [  930] -  RESULT true
[INFO ][2016-02-08 14:21:50,942][com.java.SeleniumDriver] [ 1136] - ?   P A S S   ?
[INFO ][2016-02-08 14:21:50,942][com.java.SeleniumDriver] [  856] - ------------------------------------------
[INFO ][2016-02-08 14:21:50,942][com.java.SeleniumDriver] [  857] - Test case being Executed: 41
[INFO ][2016-02-08 14:21:50,942][com.java.SeleniumDriver] [  869] - Test step:13
[INFO ][2016-02-08 14:21:50,942][com.java.SeleniumDriver] [  881] - Datavalue is----------Region
[INFO ][2016-02-08 14:21:50,942][com.java.SeleniumDriver] [  905] - DataField : TXT//div[contains(text(),'Region Name')]/input
[INFO ][2016-02-08 14:21:50,942][com.java.SeleniumDriver] [  907] - DataValue : Region
[INFO ][2016-02-08 14:21:50,942][com.java.SeleniumDriver] [  913] - <In Set values of the page>
[INFO ][2016-02-08 14:21:50,942][com.java.SeleniumDriver] [  916] - {Data Fields & Data Values Exist}
[INFO ][2016-02-08 14:21:50,942][com.java.SeleniumDriver] [  918] - --------------------------setting values-----------------------------
[INFO ][2016-02-08 14:21:50,942][com.java.SeleniumDriver] [  921] - Action Type : STOREVALUE
[INFO ][2016-02-08 14:21:50,942][com.java.TestType] [ 9862] - field= TXT//div[contains(text(),'Region Name')]/input
[DEBUG][2016-02-08 14:21:51,003][com.java.TestType] [ 9876] - Key:: Region  Value:: VLtest108905
[INFO ][2016-02-08 14:21:51,003][com.java.SeleniumDriver] [  930] -  RESULT true
[INFO ][2016-02-08 14:21:51,003][com.java.SeleniumDriver] [ 1136] - ?   P A S S   ?
[INFO ][2016-02-08 14:21:51,003][com.java.SeleniumDriver] [  856] - ------------------------------------------
[INFO ][2016-02-08 14:21:51,003][com.java.SeleniumDriver] [  857] - Test case being Executed: 41
[INFO ][2016-02-08 14:21:51,003][com.java.SeleniumDriver] [  869] - Test step:14
[INFO ][2016-02-08 14:21:51,003][com.java.SeleniumDriver] [  881] - Datavalue is----------3
[INFO ][2016-02-08 14:21:51,003][com.java.SeleniumDriver] [  905] - DataField : XPH//div[contains(text(),'Available Centers')]/select/option[1]
[INFO ][2016-02-08 14:21:51,003][com.java.SeleniumDriver] [  907] - DataValue : 3
[INFO ][2016-02-08 14:21:51,003][com.java.SeleniumDriver] [  913] - <In Set values of the page>
[INFO ][2016-02-08 14:21:51,003][com.java.SeleniumDriver] [  916] - {Data Fields & Data Values Exist}
[INFO ][2016-02-08 14:21:51,003][com.java.SeleniumDriver] [  918] - --------------------------setting values-----------------------------
[INFO ][2016-02-08 14:21:51,003][com.java.SeleniumDriver] [  921] - Action Type : WAITFORELEMENT
[INFO ][2016-02-08 14:21:51,023][com.java.SeleniumDriver] [  930] -  RESULT true
[INFO ][2016-02-08 14:21:51,023][com.java.SeleniumDriver] [ 1136] - ?   P A S S   ?
[INFO ][2016-02-08 14:21:51,023][com.java.SeleniumDriver] [  856] - ------------------------------------------
[INFO ][2016-02-08 14:21:51,023][com.java.SeleniumDriver] [  857] - Test case being Executed: 41
[INFO ][2016-02-08 14:21:51,023][com.java.SeleniumDriver] [  869] - Test step:15
[INFO ][2016-02-08 14:21:51,023][com.java.SeleniumDriver] [  881] - Datavalue is----------null
[DEBUG][2016-02-08 14:21:51,023][com.java.SeleniumDriver] [  899] - Exception: null
[INFO ][2016-02-08 14:21:51,023][com.java.SeleniumDriver] [  905] - DataField : XPH//div[contains(text(),'Available Centers')]/select/option[1]
[INFO ][2016-02-08 14:21:51,023][com.java.SeleniumDriver] [  907] - DataValue : 
[INFO ][2016-02-08 14:21:51,023][com.java.SeleniumDriver] [  913] - <In Set values of the page>
[INFO ][2016-02-08 14:21:51,023][com.java.SeleniumDriver] [  916] - {Data Fields & Data Values Exist}
[INFO ][2016-02-08 14:21:51,023][com.java.SeleniumDriver] [  918] - --------------------------setting values-----------------------------
[INFO ][2016-02-08 14:21:51,023][com.java.SeleniumDriver] [  921] - Action Type : CLICK
[INFO ][2016-02-08 14:21:51,023][com.java.TestType] [ 7126] - Field ::XPH//div[contains(text(),'Available Centers')]/select/option[1]
[INFO ][2016-02-08 14:21:51,023][com.java.TestType] [ 6727] - value = 
[INFO ][2016-02-08 14:21:52,023][com.java.TestType] [ 7303] - BEFORE CLICK
[INFO ][2016-02-08 14:21:52,693][com.java.TestType] [ 7311] - Unable to click the object Available Centers
[INFO ][2016-02-08 14:21:52,693][com.java.SeleniumDriver] [  930] -  RESULT true
[INFO ][2016-02-08 14:21:52,693][com.java.SeleniumDriver] [ 1136] - ?   P A S S   ?
[INFO ][2016-02-08 14:21:52,693][com.java.SeleniumDriver] [  856] - ------------------------------------------
[INFO ][2016-02-08 14:21:52,693][com.java.SeleniumDriver] [  857] - Test case being Executed: 41
[INFO ][2016-02-08 14:21:52,693][com.java.SeleniumDriver] [  869] - Test step:16
[INFO ][2016-02-08 14:21:52,693][com.java.SeleniumDriver] [  881] - Datavalue is----------Option
[INFO ][2016-02-08 14:21:52,693][com.java.SeleniumDriver] [  905] - DataField : XPH//div[contains(text(),'Available Centers')]/select/option[1]
[INFO ][2016-02-08 14:21:52,693][com.java.SeleniumDriver] [  907] - DataValue : Option
[INFO ][2016-02-08 14:21:52,693][com.java.SeleniumDriver] [  913] - <In Set values of the page>
[INFO ][2016-02-08 14:21:52,693][com.java.SeleniumDriver] [  916] - {Data Fields & Data Values Exist}
[INFO ][2016-02-08 14:21:52,693][com.java.SeleniumDriver] [  918] - --------------------------setting values-----------------------------
[INFO ][2016-02-08 14:21:52,693][com.java.SeleniumDriver] [  921] - Action Type : STOREVALUE
[INFO ][2016-02-08 14:21:52,693][com.java.TestType] [ 9862] - field= XPH//div[contains(text(),'Available Centers')]/select/option[1]
[DEBUG][2016-02-08 14:21:52,764][com.java.TestType] [ 9917] - Key:: Option   Value:: 0 - ATM
[INFO ][2016-02-08 14:21:52,764][com.java.SeleniumDriver] [  930] -  RESULT true
[INFO ][2016-02-08 14:21:52,764][com.java.SeleniumDriver] [ 1136] - ?   P A S S   ?
[INFO ][2016-02-08 14:21:52,764][com.java.SeleniumDriver] [  856] - ------------------------------------------
[INFO ][2016-02-08 14:21:52,764][com.java.SeleniumDriver] [  857] - Test case being Executed: 41
[INFO ][2016-02-08 14:21:52,764][com.java.SeleniumDriver] [  869] - Test step:17
[INFO ][2016-02-08 14:21:52,764][com.java.SeleniumDriver] [  881] - Datavalue is----------null
[DEBUG][2016-02-08 14:21:52,764][com.java.SeleniumDriver] [  899] - Exception: null
[INFO ][2016-02-08 14:21:52,764][com.java.SeleniumDriver] [  905] - DataField : XPH//div[@class="shuttle-actions"]/button[1]
[INFO ][2016-02-08 14:21:52,764][com.java.SeleniumDriver] [  907] - DataValue : 
[INFO ][2016-02-08 14:21:52,764][com.java.SeleniumDriver] [  913] - <In Set values of the page>
[INFO ][2016-02-08 14:21:52,764][com.java.SeleniumDriver] [  916] - {Data Fields & Data Values Exist}
[INFO ][2016-02-08 14:21:52,764][com.java.SeleniumDriver] [  918] - --------------------------setting values-----------------------------
[INFO ][2016-02-08 14:21:52,764][com.java.SeleniumDriver] [  921] - Action Type : CLICK
[INFO ][2016-02-08 14:21:52,764][com.java.TestType] [ 7126] - Field ::XPH//div[@class="shuttle-actions"]/button[1]
[INFO ][2016-02-08 14:21:52,764][com.java.TestType] [ 6727] - value = 
[INFO ][2016-02-08 14:21:53,764][com.java.TestType] [ 7303] - BEFORE CLICK
[INFO ][2016-02-08 14:21:54,644][com.java.TestType] [ 7311] - Unable to click the object Shuttle action
[INFO ][2016-02-08 14:21:54,644][com.java.SeleniumDriver] [  930] -  RESULT true
[INFO ][2016-02-08 14:21:54,644][com.java.SeleniumDriver] [ 1136] - ?   P A S S   ?
[INFO ][2016-02-08 14:21:54,644][com.java.SeleniumDriver] [  856] - ------------------------------------------
[INFO ][2016-02-08 14:21:54,644][com.java.SeleniumDriver] [  857] - Test case being Executed: 41
[INFO ][2016-02-08 14:21:54,644][com.java.SeleniumDriver] [  869] - Test step:18
[INFO ][2016-02-08 14:21:54,644][com.java.SeleniumDriver] [  881] - Datavalue is----------null
[DEBUG][2016-02-08 14:21:54,644][com.java.SeleniumDriver] [  899] - Exception: null
[INFO ][2016-02-08 14:21:54,644][com.java.SeleniumDriver] [  905] - DataField : XPH//div[contains(text(),'Available Centers')]/select/option[1]
[INFO ][2016-02-08 14:21:54,644][com.java.SeleniumDriver] [  907] - DataValue : 
[INFO ][2016-02-08 14:21:54,644][com.java.SeleniumDriver] [  913] - <In Set values of the page>
[INFO ][2016-02-08 14:21:54,644][com.java.SeleniumDriver] [  916] - {Data Fields & Data Values Exist}
[INFO ][2016-02-08 14:21:54,644][com.java.SeleniumDriver] [  918] - --------------------------setting values-----------------------------
[INFO ][2016-02-08 14:21:54,644][com.java.SeleniumDriver] [  921] - Action Type : CLICK
[INFO ][2016-02-08 14:21:54,644][com.java.TestType] [ 7126] - Field ::XPH//div[contains(text(),'Available Centers')]/select/option[1]
[INFO ][2016-02-08 14:21:54,644][com.java.TestType] [ 6727] - value = 
[INFO ][2016-02-08 14:21:55,645][com.java.TestType] [ 7303] - BEFORE CLICK
[INFO ][2016-02-08 14:21:56,315][com.java.TestType] [ 7311] - Unable to click the object Available Centers
[INFO ][2016-02-08 14:21:56,315][com.java.SeleniumDriver] [  930] -  RESULT true
[INFO ][2016-02-08 14:21:56,315][com.java.SeleniumDriver] [ 1136] - ?   P A S S   ?
[INFO ][2016-02-08 14:21:56,315][com.java.SeleniumDriver] [  856] - ------------------------------------------
[INFO ][2016-02-08 14:21:56,315][com.java.SeleniumDriver] [  857] - Test case being Executed: 41
[INFO ][2016-02-08 14:21:56,315][com.java.SeleniumDriver] [  869] - Test step:19
[INFO ][2016-02-08 14:21:56,315][com.java.SeleniumDriver] [  881] - Datavalue is----------Option1
[INFO ][2016-02-08 14:21:56,315][com.java.SeleniumDriver] [  905] - DataField : XPH//div[contains(text(),'Available Centers')]/select/option[1]
[INFO ][2016-02-08 14:21:56,315][com.java.SeleniumDriver] [  907] - DataValue : Option1
[INFO ][2016-02-08 14:21:56,315][com.java.SeleniumDriver] [  913] - <In Set values of the page>
[INFO ][2016-02-08 14:21:56,315][com.java.SeleniumDriver] [  916] - {Data Fields & Data Values Exist}
[INFO ][2016-02-08 14:21:56,315][com.java.SeleniumDriver] [  918] - --------------------------setting values-----------------------------
[INFO ][2016-02-08 14:21:56,315][com.java.SeleniumDriver] [  921] - Action Type : STOREVALUE
[INFO ][2016-02-08 14:21:56,315][com.java.TestType] [ 9862] - field= XPH//div[contains(text(),'Available Centers')]/select/option[1]
[DEBUG][2016-02-08 14:21:56,386][com.java.TestType] [ 9917] - Key:: Option1   Value:: 1 - Atmore
[INFO ][2016-02-08 14:21:56,386][com.java.SeleniumDriver] [  930] -  RESULT true
[INFO ][2016-02-08 14:21:56,386][com.java.SeleniumDriver] [ 1136] - ?   P A S S   ?
[INFO ][2016-02-08 14:21:56,386][com.java.SeleniumDriver] [  856] - ------------------------------------------
[INFO ][2016-02-08 14:21:56,386][com.java.SeleniumDriver] [  857] - Test case being Executed: 41
[INFO ][2016-02-08 14:21:56,386][com.java.SeleniumDriver] [  869] - Test step:20
[INFO ][2016-02-08 14:21:56,386][com.java.SeleniumDriver] [  881] - Datavalue is----------null
[DEBUG][2016-02-08 14:21:56,386][com.java.SeleniumDriver] [  899] - Exception: null
[INFO ][2016-02-08 14:21:56,386][com.java.SeleniumDriver] [  905] - DataField : XPH//div[@class="shuttle-actions"]/button[1]
[INFO ][2016-02-08 14:21:56,386][com.java.SeleniumDriver] [  907] - DataValue : 
[INFO ][2016-02-08 14:21:56,386][com.java.SeleniumDriver] [  913] - <In Set values of the page>
[INFO ][2016-02-08 14:21:56,386][com.java.SeleniumDriver] [  916] - {Data Fields & Data Values Exist}
[INFO ][2016-02-08 14:21:56,386][com.java.SeleniumDriver] [  918] - --------------------------setting values-----------------------------
[INFO ][2016-02-08 14:21:56,386][com.java.SeleniumDriver] [  921] - Action Type : CLICK
[INFO ][2016-02-08 14:21:56,386][com.java.TestType] [ 7126] - Field ::XPH//div[@class="shuttle-actions"]/button[1]
[INFO ][2016-02-08 14:21:56,386][com.java.TestType] [ 6727] - value = 
[INFO ][2016-02-08 14:21:57,395][com.java.TestType] [ 7303] - BEFORE CLICK
[INFO ][2016-02-08 14:21:58,245][com.java.TestType] [ 7311] - Unable to click the object Shuttle action
[INFO ][2016-02-08 14:21:58,245][com.java.SeleniumDriver] [  930] -  RESULT true
[INFO ][2016-02-08 14:21:58,245][com.java.SeleniumDriver] [ 1136] - ?   P A S S   ?
[INFO ][2016-02-08 14:21:58,245][com.java.SeleniumDriver] [  856] - ------------------------------------------
[INFO ][2016-02-08 14:21:58,245][com.java.SeleniumDriver] [  857] - Test case being Executed: 41
[INFO ][2016-02-08 14:21:58,245][com.java.SeleniumDriver] [  869] - Test step:21
[INFO ][2016-02-08 14:21:58,245][com.java.SeleniumDriver] [  881] - Datavalue is----------3
[INFO ][2016-02-08 14:21:58,245][com.java.SeleniumDriver] [  905] - DataField : XPH//button[contains(text(),'Save')]
[INFO ][2016-02-08 14:21:58,245][com.java.SeleniumDriver] [  907] - DataValue : 3
[INFO ][2016-02-08 14:21:58,245][com.java.SeleniumDriver] [  913] - <In Set values of the page>
[INFO ][2016-02-08 14:21:58,245][com.java.SeleniumDriver] [  916] - {Data Fields & Data Values Exist}
[INFO ][2016-02-08 14:21:58,245][com.java.SeleniumDriver] [  918] - --------------------------setting values-----------------------------
[INFO ][2016-02-08 14:21:58,245][com.java.SeleniumDriver] [  921] - Action Type : WAITFORELEMENT
[INFO ][2016-02-08 14:21:58,266][com.java.SeleniumDriver] [  930] -  RESULT true
[INFO ][2016-02-08 14:21:58,266][com.java.SeleniumDriver] [ 1136] - ?   P A S S   ?
[INFO ][2016-02-08 14:21:58,266][com.java.SeleniumDriver] [  856] - ------------------------------------------
[INFO ][2016-02-08 14:21:58,266][com.java.SeleniumDriver] [  857] - Test case being Executed: 41
[INFO ][2016-02-08 14:21:58,266][com.java.SeleniumDriver] [  869] - Test step:22
[INFO ][2016-02-08 14:21:58,266][com.java.SeleniumDriver] [  881] - Datavalue is----------null
[DEBUG][2016-02-08 14:21:58,266][com.java.SeleniumDriver] [  899] - Exception: null
[INFO ][2016-02-08 14:21:58,266][com.java.SeleniumDriver] [  905] - DataField : XPH//button[contains(text(),'Save')]
[INFO ][2016-02-08 14:21:58,266][com.java.SeleniumDriver] [  907] - DataValue : 
[INFO ][2016-02-08 14:21:58,266][com.java.SeleniumDriver] [  913] - <In Set values of the page>
[INFO ][2016-02-08 14:21:58,266][com.java.SeleniumDriver] [  916] - {Data Fields & Data Values Exist}
[INFO ][2016-02-08 14:21:58,266][com.java.SeleniumDriver] [  918] - --------------------------setting values-----------------------------
[INFO ][2016-02-08 14:21:58,266][com.java.SeleniumDriver] [  921] - Action Type : CLICK
[INFO ][2016-02-08 14:21:58,266][com.java.TestType] [ 7126] - Field ::XPH//button[contains(text(),'Save')]
[INFO ][2016-02-08 14:21:58,266][com.java.TestType] [ 6727] - value = 
[INFO ][2016-02-08 14:21:59,266][com.java.TestType] [ 7303] - BEFORE CLICK
[INFO ][2016-02-08 14:22:00,456][com.java.TestType] [ 7311] - Unable to click the object Save button
[INFO ][2016-02-08 14:22:00,456][com.java.SeleniumDriver] [  930] -  RESULT true
[INFO ][2016-02-08 14:22:00,456][com.java.SeleniumDriver] [ 1136] - ?   P A S S   ?
[INFO ][2016-02-08 14:22:00,456][com.java.SeleniumDriver] [  856] - ------------------------------------------
[INFO ][2016-02-08 14:22:00,456][com.java.SeleniumDriver] [  857] - Test case being Executed: 41
[INFO ][2016-02-08 14:22:00,456][com.java.SeleniumDriver] [  869] - Test step:23
[INFO ][2016-02-08 14:22:00,456][com.java.SeleniumDriver] [  881] - Datavalue is----------10
[INFO ][2016-02-08 14:22:00,456][com.java.SeleniumDriver] [  905] - DataField : XPH//button[@class="btn btn-primary"]
[INFO ][2016-02-08 14:22:00,456][com.java.SeleniumDriver] [  907] - DataValue : 10
[INFO ][2016-02-08 14:22:00,456][com.java.SeleniumDriver] [  913] - <In Set values of the page>
[INFO ][2016-02-08 14:22:00,456][com.java.SeleniumDriver] [  916] - {Data Fields & Data Values Exist}
[INFO ][2016-02-08 14:22:00,456][com.java.SeleniumDriver] [  918] - --------------------------setting values-----------------------------
[INFO ][2016-02-08 14:22:00,456][com.java.SeleniumDriver] [  921] - Action Type : WAITFORELEMENT
[INFO ][2016-02-08 14:22:00,477][com.java.SeleniumDriver] [  930] -  RESULT true
[INFO ][2016-02-08 14:22:00,477][com.java.SeleniumDriver] [ 1136] - ?   P A S S   ?
[INFO ][2016-02-08 14:22:00,477][com.java.SeleniumDriver] [  856] - ------------------------------------------
[INFO ][2016-02-08 14:22:00,477][com.java.SeleniumDriver] [  857] - Test case being Executed: 41
[INFO ][2016-02-08 14:22:00,477][com.java.SeleniumDriver] [  869] - Test step:24
[INFO ][2016-02-08 14:22:00,477][com.java.SeleniumDriver] [  881] - Datavalue is----------null
[DEBUG][2016-02-08 14:22:00,477][com.java.SeleniumDriver] [  899] - Exception: null
[INFO ][2016-02-08 14:22:00,477][com.java.SeleniumDriver] [  905] - DataField : HDN//button[@class="btn btn-primary"]
[INFO ][2016-02-08 14:22:00,477][com.java.SeleniumDriver] [  907] - DataValue : 
[INFO ][2016-02-08 14:22:00,477][com.java.SeleniumDriver] [  913] - <In Set values of the page>
[INFO ][2016-02-08 14:22:00,477][com.java.SeleniumDriver] [  916] - {Data Fields & Data Values Exist}
[INFO ][2016-02-08 14:22:00,477][com.java.SeleniumDriver] [  918] - --------------------------setting values-----------------------------
[INFO ][2016-02-08 14:22:00,477][com.java.SeleniumDriver] [  921] - Action Type : CLICK
[INFO ][2016-02-08 14:22:00,477][com.java.TestType] [ 7126] - Field ::HDN//button[@class="btn btn-primary"]
[INFO ][2016-02-08 14:22:00,477][com.java.TestType] [ 6727] - value = 
[INFO ][2016-02-08 14:22:01,568][com.java.SeleniumDriver] [  930] -  RESULT true
[INFO ][2016-02-08 14:22:01,568][com.java.SeleniumDriver] [ 1136] - ?   P A S S   ?
[INFO ][2016-02-08 14:22:01,568][com.java.SeleniumDriver] [  856] - ------------------------------------------
[INFO ][2016-02-08 14:22:01,568][com.java.SeleniumDriver] [  857] - Test case being Executed: 41
[INFO ][2016-02-08 14:22:01,568][com.java.SeleniumDriver] [  869] - Test step:25
[INFO ][2016-02-08 14:22:01,568][com.java.SeleniumDriver] [  881] - Datavalue is----------5
[INFO ][2016-02-08 14:22:01,568][com.java.SeleniumDriver] [  905] - DataField : TXT//input[@class="form-control input-sm"]
[INFO ][2016-02-08 14:22:01,568][com.java.SeleniumDriver] [  907] - DataValue : 5
[INFO ][2016-02-08 14:22:01,568][com.java.SeleniumDriver] [  913] - <In Set values of the page>
[INFO ][2016-02-08 14:22:01,568][com.java.SeleniumDriver] [  916] - {Data Fields & Data Values Exist}
[INFO ][2016-02-08 14:22:01,568][com.java.SeleniumDriver] [  918] - --------------------------setting values-----------------------------
[INFO ][2016-02-08 14:22:01,568][com.java.SeleniumDriver] [  921] - Action Type : waitforelement
[INFO ][2016-02-08 14:22:01,588][com.java.SeleniumDriver] [  930] -  RESULT true
[INFO ][2016-02-08 14:22:01,588][com.java.SeleniumDriver] [ 1136] - ?   P A S S   ?
[INFO ][2016-02-08 14:22:01,588][com.java.SeleniumDriver] [  856] - ------------------------------------------
[INFO ][2016-02-08 14:22:01,588][com.java.SeleniumDriver] [  857] - Test case being Executed: 41
[INFO ][2016-02-08 14:22:01,588][com.java.SeleniumDriver] [  869] - Test step:26
[INFO ][2016-02-08 14:22:01,588][com.java.SeleniumDriver] [  881] - Datavalue is----------null
[DEBUG][2016-02-08 14:22:01,588][com.java.SeleniumDriver] [  899] - Exception: null
[INFO ][2016-02-08 14:22:01,588][com.java.SeleniumDriver] [  905] - DataField : BTN//input[@class="form-control input-sm"]
[INFO ][2016-02-08 14:22:01,588][com.java.SeleniumDriver] [  907] - DataValue : 
[INFO ][2016-02-08 14:22:01,588][com.java.SeleniumDriver] [  913] - <In Set values of the page>
[INFO ][2016-02-08 14:22:01,588][com.java.SeleniumDriver] [  916] - {Data Fields & Data Values Exist}
[INFO ][2016-02-08 14:22:01,588][com.java.SeleniumDriver] [  918] - --------------------------setting values-----------------------------
[INFO ][2016-02-08 14:22:01,588][com.java.SeleniumDriver] [  921] - Action Type : CLICK
[INFO ][2016-02-08 14:22:01,588][com.java.TestType] [ 7126] - Field ::BTN//input[@class="form-control input-sm"]
[INFO ][2016-02-08 14:22:01,588][com.java.TestType] [ 6727] - value = 
[INFO ][2016-02-08 14:22:02,588][com.java.TestType] [ 7282] - BEFORE CLICK
[INFO ][2016-02-08 14:22:02,739][com.java.TestType] [ 7289] - Unable to click the object Click on search field
[INFO ][2016-02-08 14:22:02,739][com.java.SeleniumDriver] [  930] -  RESULT true
[INFO ][2016-02-08 14:22:02,739][com.java.SeleniumDriver] [ 1136] - ?   P A S S   ?
[INFO ][2016-02-08 14:22:02,739][com.java.SeleniumDriver] [  856] - ------------------------------------------
[INFO ][2016-02-08 14:22:02,739][com.java.SeleniumDriver] [  857] - Test case being Executed: 41
[INFO ][2016-02-08 14:22:02,739][com.java.SeleniumDriver] [  869] - Test step:27
[INFO ][2016-02-08 14:22:02,739][com.java.SeleniumDriver] [  881] - Datavalue is----------HMVRegion
[INFO ][2016-02-08 14:22:02,739][com.java.SeleniumDriver] [  905] - DataField : TXT//input[@class="form-control input-sm"]
[INFO ][2016-02-08 14:22:02,739][com.java.SeleniumDriver] [  907] - DataValue : HMVRegion
[INFO ][2016-02-08 14:22:02,739][com.java.SeleniumDriver] [  913] - <In Set values of the page>
[INFO ][2016-02-08 14:22:02,739][com.java.SeleniumDriver] [  916] - {Data Fields & Data Values Exist}
[INFO ][2016-02-08 14:22:02,739][com.java.SeleniumDriver] [  918] - --------------------------setting values-----------------------------
[INFO ][2016-02-08 14:22:02,739][com.java.SeleniumDriver] [  921] - Action Type : clearandenter
[INFO ][2016-02-08 14:22:02,839][com.java.TestType] [ 6727] - value = VLtest108905
[INFO ][2016-02-08 14:22:03,309][com.java.SeleniumDriver] [  930] -  RESULT true
[INFO ][2016-02-08 14:22:03,309][com.java.SeleniumDriver] [ 1136] - ?   P A S S   ?
[INFO ][2016-02-08 14:22:03,309][com.java.SeleniumDriver] [  856] - ------------------------------------------
[INFO ][2016-02-08 14:22:03,309][com.java.SeleniumDriver] [  857] - Test case being Executed: 41
[INFO ][2016-02-08 14:22:03,309][com.java.SeleniumDriver] [  869] - Test step:28
[INFO ][2016-02-08 14:22:03,309][com.java.SeleniumDriver] [  881] - Datavalue is----------3
[INFO ][2016-02-08 14:22:03,309][com.java.SeleniumDriver] [  905] - DataField : test
[INFO ][2016-02-08 14:22:03,309][com.java.SeleniumDriver] [  907] - DataValue : 3
[INFO ][2016-02-08 14:22:03,309][com.java.SeleniumDriver] [  913] - <In Set values of the page>
[INFO ][2016-02-08 14:22:03,309][com.java.SeleniumDriver] [  916] - {Data Fields & Data Values Exist}
[INFO ][2016-02-08 14:22:03,309][com.java.SeleniumDriver] [  918] - --------------------------setting values-----------------------------
[INFO ][2016-02-08 14:22:03,309][com.java.SeleniumDriver] [  921] - Action Type : WaitTime
[DEBUG][2016-02-08 14:22:03,309][com.java.TestType] [ 6541] - sleepTime: 3000
[INFO ][2016-02-08 14:22:06,311][com.java.SeleniumDriver] [  930] -  RESULT true
[INFO ][2016-02-08 14:22:06,311][com.java.SeleniumDriver] [ 1136] - ?   P A S S   ?
[INFO ][2016-02-08 14:22:06,311][com.java.SeleniumDriver] [  856] - ------------------------------------------
[INFO ][2016-02-08 14:22:06,311][com.java.SeleniumDriver] [  857] - Test case being Executed: 41
[INFO ][2016-02-08 14:22:06,311][com.java.SeleniumDriver] [  869] - Test step:29
[INFO ][2016-02-08 14:22:06,311][com.java.SeleniumDriver] [  881] - Datavalue is----------HMVRegion
[INFO ][2016-02-08 14:22:06,311][com.java.SeleniumDriver] [  905] - DataField : FCV//tr[@class="info editable"]//td
[INFO ][2016-02-08 14:22:06,311][com.java.SeleniumDriver] [  907] - DataValue : HMVRegion
[INFO ][2016-02-08 14:22:06,311][com.java.SeleniumDriver] [  913] - <In Set values of the page>
[INFO ][2016-02-08 14:22:06,311][com.java.SeleniumDriver] [  916] - {Data Fields & Data Values Exist}
[INFO ][2016-02-08 14:22:06,311][com.java.SeleniumDriver] [  918] - --------------------------setting values-----------------------------
[INFO ][2016-02-08 14:22:06,311][com.java.SeleniumDriver] [  921] - Action Type : CLICK
[INFO ][2016-02-08 14:22:06,311][com.java.TestType] [ 7126] - Field ::FCV//tr[@class="info editable"]//td
[INFO ][2016-02-08 14:22:06,311][com.java.TestType] [ 6727] - value = VLtest108905
[INFO ][2016-02-08 14:22:07,296][com.java.TestType] [ 7145] - BEFORE CLICK on //tr[@class="info editable"]//td[contains(text(),'VLtest108905')]
[DEBUG][2016-02-08 14:22:07,302][com.java.TestType] [ 8132] - Wait for Element Failed due to Element r[@class="info editable"]//td[contains(text(),'VLtest108905')] not Found
[INFO ][2016-02-08 14:22:07,577][com.java.SeleniumDriver] [  930] -  RESULT true
[INFO ][2016-02-08 14:22:07,577][com.java.SeleniumDriver] [ 1136] - ?   P A S S   ?
[INFO ][2016-02-08 14:22:07,577][com.java.SeleniumDriver] [  856] - ------------------------------------------
[INFO ][2016-02-08 14:22:07,577][com.java.SeleniumDriver] [  857] - Test case being Executed: 41
[INFO ][2016-02-08 14:22:07,577][com.java.SeleniumDriver] [  869] - Test step:30
[INFO ][2016-02-08 14:22:07,577][com.java.SeleniumDriver] [  881] - Datavalue is----------null
[DEBUG][2016-02-08 14:22:07,577][com.java.SeleniumDriver] [  899] - Exception: null
[INFO ][2016-02-08 14:22:07,577][com.java.SeleniumDriver] [  905] - DataField : HDN//tr[@class="info editable"]//span[@class="glyphicon glyphicon-pencil"]
[INFO ][2016-02-08 14:22:07,577][com.java.SeleniumDriver] [  907] - DataValue : 
[INFO ][2016-02-08 14:22:07,577][com.java.SeleniumDriver] [  913] - <In Set values of the page>
[INFO ][2016-02-08 14:22:07,577][com.java.SeleniumDriver] [  916] - {Data Fields & Data Values Exist}
[INFO ][2016-02-08 14:22:07,577][com.java.SeleniumDriver] [  918] - --------------------------setting values-----------------------------
[INFO ][2016-02-08 14:22:07,577][com.java.SeleniumDriver] [  921] - Action Type : CLICK
[INFO ][2016-02-08 14:22:07,577][com.java.TestType] [ 7126] - Field ::HDN//tr[@class="info editable"]//span[@class="glyphicon glyphicon-pencil"]
[INFO ][2016-02-08 14:22:07,577][com.java.TestType] [ 6727] - value = 
[INFO ][2016-02-08 14:22:08,658][com.java.SeleniumDriver] [  930] -  RESULT true
[INFO ][2016-02-08 14:22:08,658][com.java.SeleniumDriver] [ 1136] - ?   P A S S   ?
[INFO ][2016-02-08 14:22:08,658][com.java.SeleniumDriver] [  856] - ------------------------------------------
[INFO ][2016-02-08 14:22:08,658][com.java.SeleniumDriver] [  857] - Test case being Executed: 41
[INFO ][2016-02-08 14:22:08,658][com.java.SeleniumDriver] [  869] - Test step:31
[INFO ][2016-02-08 14:22:08,658][com.java.SeleniumDriver] [  881] - Datavalue is----------5
[INFO ][2016-02-08 14:22:08,658][com.java.SeleniumDriver] [  905] - DataField : XPH//button[contains(text(),'Save')]
[INFO ][2016-02-08 14:22:08,658][com.java.SeleniumDriver] [  907] - DataValue : 5
[INFO ][2016-02-08 14:22:08,658][com.java.SeleniumDriver] [  913] - <In Set values of the page>
[INFO ][2016-02-08 14:22:08,658][com.java.SeleniumDriver] [  916] - {Data Fields & Data Values Exist}
[INFO ][2016-02-08 14:22:08,658][com.java.SeleniumDriver] [  918] - --------------------------setting values-----------------------------
[INFO ][2016-02-08 14:22:08,658][com.java.SeleniumDriver] [  921] - Action Type : WAITFORELEMENT
[INFO ][2016-02-08 14:22:08,758][com.java.SeleniumDriver] [  930] -  RESULT true
[INFO ][2016-02-08 14:22:08,758][com.java.SeleniumDriver] [ 1136] - ?   P A S S   ?
[INFO ][2016-02-08 14:22:08,758][com.java.SeleniumDriver] [  856] - ------------------------------------------
[INFO ][2016-02-08 14:22:08,758][com.java.SeleniumDriver] [  857] - Test case being Executed: 41
[INFO ][2016-02-08 14:22:08,758][com.java.SeleniumDriver] [  869] - Test step:32
[INFO ][2016-02-08 14:22:08,758][com.java.SeleniumDriver] [  881] - Datavalue is----------a
[INFO ][2016-02-08 14:22:08,758][com.java.SeleniumDriver] [  905] - DataField : TXT//div[contains(text(),'Region Name')]/input
[INFO ][2016-02-08 14:22:08,758][com.java.SeleniumDriver] [  907] - DataValue : a
[INFO ][2016-02-08 14:22:08,758][com.java.SeleniumDriver] [  913] - <In Set values of the page>
[INFO ][2016-02-08 14:22:08,758][com.java.SeleniumDriver] [  916] - {Data Fields & Data Values Exist}
[INFO ][2016-02-08 14:22:08,758][com.java.SeleniumDriver] [  918] - --------------------------setting values-----------------------------
[INFO ][2016-02-08 14:22:08,758][com.java.SeleniumDriver] [  921] - Action Type : ENTER
[INFO ][2016-02-08 14:22:08,758][com.java.TestType] [ 7745] - field = //div[contains(text(),'Region Name')]/input
[INFO ][2016-02-08 14:22:08,758][com.java.TestType] [ 6727] - value = a
[INFO ][2016-02-08 14:22:08,988][com.java.SeleniumDriver] [  930] -  RESULT true
[INFO ][2016-02-08 14:22:08,988][com.java.SeleniumDriver] [ 1136] - ?   P A S S   ?
[INFO ][2016-02-08 14:22:08,988][com.java.SeleniumDriver] [  856] - ------------------------------------------
[INFO ][2016-02-08 14:22:08,988][com.java.SeleniumDriver] [  857] - Test case being Executed: 41
[INFO ][2016-02-08 14:22:08,988][com.java.SeleniumDriver] [  869] - Test step:33
[INFO ][2016-02-08 14:22:08,988][com.java.SeleniumDriver] [  881] - Datavalue is----------2
[INFO ][2016-02-08 14:22:08,988][com.java.SeleniumDriver] [  905] - DataField : test
[INFO ][2016-02-08 14:22:08,988][com.java.SeleniumDriver] [  907] - DataValue : 2
[INFO ][2016-02-08 14:22:08,988][com.java.SeleniumDriver] [  913] - <In Set values of the page>
[INFO ][2016-02-08 14:22:08,988][com.java.SeleniumDriver] [  916] - {Data Fields & Data Values Exist}
[INFO ][2016-02-08 14:22:08,988][com.java.SeleniumDriver] [  918] - --------------------------setting values-----------------------------
[INFO ][2016-02-08 14:22:08,988][com.java.SeleniumDriver] [  921] - Action Type : WaitTime
[DEBUG][2016-02-08 14:22:08,988][com.java.TestType] [ 6541] - sleepTime: 2000
[INFO ][2016-02-08 14:22:10,988][com.java.SeleniumDriver] [  930] -  RESULT true
[INFO ][2016-02-08 14:22:10,988][com.java.SeleniumDriver] [ 1136] - ?   P A S S   ?
[INFO ][2016-02-08 14:22:10,988][com.java.SeleniumDriver] [  856] - ------------------------------------------
[INFO ][2016-02-08 14:22:10,988][com.java.SeleniumDriver] [  857] - Test case being Executed: 41
[INFO ][2016-02-08 14:22:10,988][com.java.SeleniumDriver] [  869] - Test step:34
[INFO ][2016-02-08 14:22:10,988][com.java.SeleniumDriver] [  881] - Datavalue is----------Region1
[INFO ][2016-02-08 14:22:10,988][com.java.SeleniumDriver] [  905] - DataField : TXT//div[contains(text(),'Region Name')]/input
[INFO ][2016-02-08 14:22:10,988][com.java.SeleniumDriver] [  907] - DataValue : Region1
[INFO ][2016-02-08 14:22:10,988][com.java.SeleniumDriver] [  913] - <In Set values of the page>
[INFO ][2016-02-08 14:22:10,988][com.java.SeleniumDriver] [  916] - {Data Fields & Data Values Exist}
[INFO ][2016-02-08 14:22:10,988][com.java.SeleniumDriver] [  918] - --------------------------setting values-----------------------------
[INFO ][2016-02-08 14:22:10,988][com.java.SeleniumDriver] [  921] - Action Type : STOREVALUE
[INFO ][2016-02-08 14:22:10,988][com.java.TestType] [ 9862] - field= TXT//div[contains(text(),'Region Name')]/input
[DEBUG][2016-02-08 14:22:11,049][com.java.TestType] [ 9876] - Key:: Region1  Value:: VLtest108905a
[INFO ][2016-02-08 14:22:11,049][com.java.SeleniumDriver] [  930] -  RESULT true
[INFO ][2016-02-08 14:22:11,049][com.java.SeleniumDriver] [ 1136] - ?   P A S S   ?
[INFO ][2016-02-08 14:22:11,049][com.java.SeleniumDriver] [  856] - ------------------------------------------
[INFO ][2016-02-08 14:22:11,049][com.java.SeleniumDriver] [  857] - Test case being Executed: 41
[INFO ][2016-02-08 14:22:11,049][com.java.SeleniumDriver] [  869] - Test step:35
[INFO ][2016-02-08 14:22:11,049][com.java.SeleniumDriver] [  881] - Datavalue is----------3
[INFO ][2016-02-08 14:22:11,049][com.java.SeleniumDriver] [  905] - DataField : XPH//div[contains(text(),'Available Centers')]/select/option[1]
[INFO ][2016-02-08 14:22:11,049][com.java.SeleniumDriver] [  907] - DataValue : 3
[INFO ][2016-02-08 14:22:11,049][com.java.SeleniumDriver] [  913] - <In Set values of the page>
[INFO ][2016-02-08 14:22:11,049][com.java.SeleniumDriver] [  916] - {Data Fields & Data Values Exist}
[INFO ][2016-02-08 14:22:11,049][com.java.SeleniumDriver] [  918] - --------------------------setting values-----------------------------
[INFO ][2016-02-08 14:22:11,049][com.java.SeleniumDriver] [  921] - Action Type : WAITFORELEMENT
[INFO ][2016-02-08 14:22:11,069][com.java.SeleniumDriver] [  930] -  RESULT true
[INFO ][2016-02-08 14:22:11,069][com.java.SeleniumDriver] [ 1136] - ?   P A S S   ?
[INFO ][2016-02-08 14:22:11,069][com.java.SeleniumDriver] [  856] - ------------------------------------------
[INFO ][2016-02-08 14:22:11,069][com.java.SeleniumDriver] [  857] - Test case being Executed: 41
[INFO ][2016-02-08 14:22:11,069][com.java.SeleniumDriver] [  869] - Test step:36
[INFO ][2016-02-08 14:22:11,069][com.java.SeleniumDriver] [  881] - Datavalue is----------null
[DEBUG][2016-02-08 14:22:11,069][com.java.SeleniumDriver] [  899] - Exception: null
[INFO ][2016-02-08 14:22:11,069][com.java.SeleniumDriver] [  905] - DataField : XPH//div[contains(text(),'Available Centers')]/select/option[1]
[INFO ][2016-02-08 14:22:11,069][com.java.SeleniumDriver] [  907] - DataValue : 
[INFO ][2016-02-08 14:22:11,069][com.java.SeleniumDriver] [  913] - <In Set values of the page>
[INFO ][2016-02-08 14:22:11,069][com.java.SeleniumDriver] [  916] - {Data Fields & Data Values Exist}
[INFO ][2016-02-08 14:22:11,069][com.java.SeleniumDriver] [  918] - --------------------------setting values-----------------------------
[INFO ][2016-02-08 14:22:11,069][com.java.SeleniumDriver] [  921] - Action Type : CLICK
[INFO ][2016-02-08 14:22:11,069][com.java.TestType] [ 7126] - Field ::XPH//div[contains(text(),'Available Centers')]/select/option[1]
[INFO ][2016-02-08 14:22:11,069][com.java.TestType] [ 6727] - value = 
[INFO ][2016-02-08 14:22:12,069][com.java.TestType] [ 7303] - BEFORE CLICK
[INFO ][2016-02-08 14:22:12,759][com.java.TestType] [ 7311] - Unable to click the object Available Centers
[INFO ][2016-02-08 14:22:12,759][com.java.SeleniumDriver] [  930] -  RESULT true
[INFO ][2016-02-08 14:22:12,759][com.java.SeleniumDriver] [ 1136] - ?   P A S S   ?
[INFO ][2016-02-08 14:22:12,759][com.java.SeleniumDriver] [  856] - ------------------------------------------
[INFO ][2016-02-08 14:22:12,759][com.java.SeleniumDriver] [  857] - Test case being Executed: 41
[INFO ][2016-02-08 14:22:12,759][com.java.SeleniumDriver] [  869] - Test step:37
[INFO ][2016-02-08 14:22:12,759][com.java.SeleniumDriver] [  881] - Datavalue is----------null
[DEBUG][2016-02-08 14:22:12,759][com.java.SeleniumDriver] [  899] - Exception: null
[INFO ][2016-02-08 14:22:12,759][com.java.SeleniumDriver] [  905] - DataField : XPH//div[@class="shuttle-actions"]/button[1]
[INFO ][2016-02-08 14:22:12,759][com.java.SeleniumDriver] [  907] - DataValue : 
[INFO ][2016-02-08 14:22:12,759][com.java.SeleniumDriver] [  913] - <In Set values of the page>
[INFO ][2016-02-08 14:22:12,759][com.java.SeleniumDriver] [  916] - {Data Fields & Data Values Exist}
[INFO ][2016-02-08 14:22:12,759][com.java.SeleniumDriver] [  918] - --------------------------setting values-----------------------------
[INFO ][2016-02-08 14:22:12,759][com.java.SeleniumDriver] [  921] - Action Type : CLICK
[INFO ][2016-02-08 14:22:12,759][com.java.TestType] [ 7126] - Field ::XPH//div[@class="shuttle-actions"]/button[1]
[INFO ][2016-02-08 14:22:12,759][com.java.TestType] [ 6727] - value = 
[INFO ][2016-02-08 14:22:13,760][com.java.TestType] [ 7303] - BEFORE CLICK
[INFO ][2016-02-08 14:22:14,560][com.java.TestType] [ 7311] - Unable to click the object Shuttle action
[INFO ][2016-02-08 14:22:14,560][com.java.SeleniumDriver] [  930] -  RESULT true
[INFO ][2016-02-08 14:22:14,560][com.java.SeleniumDriver] [ 1136] - ?   P A S S   ?
[INFO ][2016-02-08 14:22:14,560][com.java.SeleniumDriver] [  856] - ------------------------------------------
[INFO ][2016-02-08 14:22:14,560][com.java.SeleniumDriver] [  857] - Test case being Executed: 41
[INFO ][2016-02-08 14:22:14,560][com.java.SeleniumDriver] [  869] - Test step:38
[INFO ][2016-02-08 14:22:14,560][com.java.SeleniumDriver] [  881] - Datavalue is----------null
[DEBUG][2016-02-08 14:22:14,560][com.java.SeleniumDriver] [  899] - Exception: null
[INFO ][2016-02-08 14:22:14,560][com.java.SeleniumDriver] [  905] - DataField : XPH//div[contains(text(),'Available Centers')]/select/option[1]
[INFO ][2016-02-08 14:22:14,560][com.java.SeleniumDriver] [  907] - DataValue : 
[INFO ][2016-02-08 14:22:14,560][com.java.SeleniumDriver] [  913] - <In Set values of the page>
[INFO ][2016-02-08 14:22:14,560][com.java.SeleniumDriver] [  916] - {Data Fields & Data Values Exist}
[INFO ][2016-02-08 14:22:14,560][com.java.SeleniumDriver] [  918] - --------------------------setting values-----------------------------
[INFO ][2016-02-08 14:22:14,560][com.java.SeleniumDriver] [  921] - Action Type : CLICK
[INFO ][2016-02-08 14:22:14,560][com.java.TestType] [ 7126] - Field ::XPH//div[contains(text(),'Available Centers')]/select/option[1]
[INFO ][2016-02-08 14:22:14,560][com.java.TestType] [ 6727] - value = 
[INFO ][2016-02-08 14:22:15,561][com.java.TestType] [ 7303] - BEFORE CLICK
[INFO ][2016-02-08 14:22:16,241][com.java.TestType] [ 7311] - Unable to click the object Available Centers
[INFO ][2016-02-08 14:22:16,241][com.java.SeleniumDriver] [  930] -  RESULT true
[INFO ][2016-02-08 14:22:16,241][com.java.SeleniumDriver] [ 1136] - ?   P A S S   ?
[INFO ][2016-02-08 14:22:16,241][com.java.SeleniumDriver] [  856] - ------------------------------------------
[INFO ][2016-02-08 14:22:16,241][com.java.SeleniumDriver] [  857] - Test case being Executed: 41
[INFO ][2016-02-08 14:22:16,241][com.java.SeleniumDriver] [  869] - Test step:39
[INFO ][2016-02-08 14:22:16,241][com.java.SeleniumDriver] [  881] - Datavalue is----------null
[DEBUG][2016-02-08 14:22:16,241][com.java.SeleniumDriver] [  899] - Exception: null
[INFO ][2016-02-08 14:22:16,241][com.java.SeleniumDriver] [  905] - DataField : XPH//div[@class="shuttle-actions"]/button[1]
[INFO ][2016-02-08 14:22:16,241][com.java.SeleniumDriver] [  907] - DataValue : 
[INFO ][2016-02-08 14:22:16,241][com.java.SeleniumDriver] [  913] - <In Set values of the page>
[INFO ][2016-02-08 14:22:16,241][com.java.SeleniumDriver] [  916] - {Data Fields & Data Values Exist}
[INFO ][2016-02-08 14:22:16,241][com.java.SeleniumDriver] [  918] - --------------------------setting values-----------------------------
[INFO ][2016-02-08 14:22:16,241][com.java.SeleniumDriver] [  921] - Action Type : CLICK
[INFO ][2016-02-08 14:22:16,241][com.java.TestType] [ 7126] - Field ::XPH//div[@class="shuttle-actions"]/button[1]
[INFO ][2016-02-08 14:22:16,241][com.java.TestType] [ 6727] - value = 
[INFO ][2016-02-08 14:22:17,242][com.java.TestType] [ 7303] - BEFORE CLICK
[INFO ][2016-02-08 14:22:18,092][com.java.TestType] [ 7311] - Unable to click the object Shuttle action
[INFO ][2016-02-08 14:22:18,092][com.java.SeleniumDriver] [  930] -  RESULT true
[INFO ][2016-02-08 14:22:18,092][com.java.SeleniumDriver] [ 1136] - ?   P A S S   ?
[INFO ][2016-02-08 14:22:18,092][com.java.SeleniumDriver] [  856] - ------------------------------------------
[INFO ][2016-02-08 14:22:18,092][com.java.SeleniumDriver] [  857] - Test case being Executed: 41
[INFO ][2016-02-08 14:22:18,092][com.java.SeleniumDriver] [  869] - Test step:40
[INFO ][2016-02-08 14:22:18,092][com.java.SeleniumDriver] [  881] - Datavalue is----------3
[INFO ][2016-02-08 14:22:18,092][com.java.SeleniumDriver] [  905] - DataField : XPH//button[contains(text(),'Save')]
[INFO ][2016-02-08 14:22:18,092][com.java.SeleniumDriver] [  907] - DataValue : 3
[INFO ][2016-02-08 14:22:18,092][com.java.SeleniumDriver] [  913] - <In Set values of the page>
[INFO ][2016-02-08 14:22:18,092][com.java.SeleniumDriver] [  916] - {Data Fields & Data Values Exist}
[INFO ][2016-02-08 14:22:18,092][com.java.SeleniumDriver] [  918] - --------------------------setting values-----------------------------
[INFO ][2016-02-08 14:22:18,092][com.java.SeleniumDriver] [  921] - Action Type : WAITFORELEMENT
[INFO ][2016-02-08 14:22:18,113][com.java.SeleniumDriver] [  930] -  RESULT true
[INFO ][2016-02-08 14:22:18,113][com.java.SeleniumDriver] [ 1136] - ?   P A S S   ?
[INFO ][2016-02-08 14:22:18,113][com.java.SeleniumDriver] [  856] - ------------------------------------------
[INFO ][2016-02-08 14:22:18,113][com.java.SeleniumDriver] [  857] - Test case being Executed: 41
[INFO ][2016-02-08 14:22:18,113][com.java.SeleniumDriver] [  869] - Test step:41
[INFO ][2016-02-08 14:22:18,113][com.java.SeleniumDriver] [  881] - Datavalue is----------null
[DEBUG][2016-02-08 14:22:18,113][com.java.SeleniumDriver] [  899] - Exception: null
[INFO ][2016-02-08 14:22:18,113][com.java.SeleniumDriver] [  905] - DataField : XPH//button[contains(text(),'Save')]
[INFO ][2016-02-08 14:22:18,113][com.java.SeleniumDriver] [  907] - DataValue : 
[INFO ][2016-02-08 14:22:18,113][com.java.SeleniumDriver] [  913] - <In Set values of the page>
[INFO ][2016-02-08 14:22:18,113][com.java.SeleniumDriver] [  916] - {Data Fields & Data Values Exist}
[INFO ][2016-02-08 14:22:18,113][com.java.SeleniumDriver] [  918] - --------------------------setting values-----------------------------
[INFO ][2016-02-08 14:22:18,113][com.java.SeleniumDriver] [  921] - Action Type : CLICK
[INFO ][2016-02-08 14:22:18,113][com.java.TestType] [ 7126] - Field ::XPH//button[contains(text(),'Save')]
[INFO ][2016-02-08 14:22:18,113][com.java.TestType] [ 6727] - value = 
[INFO ][2016-02-08 14:22:19,113][com.java.TestType] [ 7303] - BEFORE CLICK
[INFO ][2016-02-08 14:22:20,334][com.java.TestType] [ 7311] - Unable to click the object Save button
[INFO ][2016-02-08 14:22:20,334][com.java.SeleniumDriver] [  930] -  RESULT true
[INFO ][2016-02-08 14:22:20,334][com.java.SeleniumDriver] [ 1136] - ?   P A S S   ?
[INFO ][2016-02-08 14:22:20,334][com.java.SeleniumDriver] [  856] - ------------------------------------------
[INFO ][2016-02-08 14:22:20,334][com.java.SeleniumDriver] [  857] - Test case being Executed: 41
[INFO ][2016-02-08 14:22:20,334][com.java.SeleniumDriver] [  869] - Test step:42
[INFO ][2016-02-08 14:22:20,334][com.java.SeleniumDriver] [  881] - Datavalue is----------5
[INFO ][2016-02-08 14:22:20,334][com.java.SeleniumDriver] [  905] - DataField : TXT//input[@class="form-control input-sm"]
[INFO ][2016-02-08 14:22:20,334][com.java.SeleniumDriver] [  907] - DataValue : 5
[INFO ][2016-02-08 14:22:20,334][com.java.SeleniumDriver] [  913] - <In Set values of the page>
[INFO ][2016-02-08 14:22:20,334][com.java.SeleniumDriver] [  916] - {Data Fields & Data Values Exist}
[INFO ][2016-02-08 14:22:20,334][com.java.SeleniumDriver] [  918] - --------------------------setting values-----------------------------
[INFO ][2016-02-08 14:22:20,334][com.java.SeleniumDriver] [  921] - Action Type : waitforelement
[INFO ][2016-02-08 14:22:20,337][com.java.SeleniumDriver] [  930] -  RESULT true
[INFO ][2016-02-08 14:22:20,337][com.java.SeleniumDriver] [ 1136] - ?   P A S S   ?
[INFO ][2016-02-08 14:22:20,337][com.java.SeleniumDriver] [  856] - ------------------------------------------
[INFO ][2016-02-08 14:22:20,337][com.java.SeleniumDriver] [  857] - Test case being Executed: 41
[INFO ][2016-02-08 14:22:20,338][com.java.SeleniumDriver] [  869] - Test step:43
[INFO ][2016-02-08 14:22:20,338][com.java.SeleniumDriver] [  881] - Datavalue is----------HMVRegion1
[INFO ][2016-02-08 14:22:20,338][com.java.SeleniumDriver] [  905] - DataField : TXT//input[@class="form-control input-sm"]
[INFO ][2016-02-08 14:22:20,338][com.java.SeleniumDriver] [  907] - DataValue : HMVRegion1
[INFO ][2016-02-08 14:22:20,338][com.java.SeleniumDriver] [  913] - <In Set values of the page>
[INFO ][2016-02-08 14:22:20,338][com.java.SeleniumDriver] [  916] - {Data Fields & Data Values Exist}
[INFO ][2016-02-08 14:22:20,338][com.java.SeleniumDriver] [  918] - --------------------------setting values-----------------------------
[INFO ][2016-02-08 14:22:20,338][com.java.SeleniumDriver] [  921] - Action Type : clearandenter
[INFO ][2016-02-08 14:22:20,468][com.java.TestType] [ 6727] - value = VLtest108905a
[INFO ][2016-02-08 14:22:20,938][com.java.SeleniumDriver] [  930] -  RESULT true
[INFO ][2016-02-08 14:22:20,938][com.java.SeleniumDriver] [ 1136] - ?   P A S S   ?
[INFO ][2016-02-08 14:22:20,938][com.java.SeleniumDriver] [  856] - ------------------------------------------
[INFO ][2016-02-08 14:22:20,938][com.java.SeleniumDriver] [  857] - Test case being Executed: 41
[INFO ][2016-02-08 14:22:20,938][com.java.SeleniumDriver] [  869] - Test step:44
[INFO ][2016-02-08 14:22:20,938][com.java.SeleniumDriver] [  881] - Datavalue is----------3
[INFO ][2016-02-08 14:22:20,938][com.java.SeleniumDriver] [  905] - DataField : test
[INFO ][2016-02-08 14:22:20,938][com.java.SeleniumDriver] [  907] - DataValue : 3
[INFO ][2016-02-08 14:22:20,938][com.java.SeleniumDriver] [  913] - <In Set values of the page>
[INFO ][2016-02-08 14:22:20,938][com.java.SeleniumDriver] [  916] - {Data Fields & Data Values Exist}
[INFO ][2016-02-08 14:22:20,938][com.java.SeleniumDriver] [  918] - --------------------------setting values-----------------------------
[INFO ][2016-02-08 14:22:20,938][com.java.SeleniumDriver] [  921] - Action Type : WaitTime
[DEBUG][2016-02-08 14:22:20,938][com.java.TestType] [ 6541] - sleepTime: 3000
[INFO ][2016-02-08 14:22:23,938][com.java.SeleniumDriver] [  930] -  RESULT true
[INFO ][2016-02-08 14:22:23,938][com.java.SeleniumDriver] [ 1136] - ?   P A S S   ?
[INFO ][2016-02-08 14:22:23,938][com.java.SeleniumDriver] [  856] - ------------------------------------------
[INFO ][2016-02-08 14:22:23,938][com.java.SeleniumDriver] [  857] - Test case being Executed: 41
[INFO ][2016-02-08 14:22:23,938][com.java.SeleniumDriver] [  869] - Test step:45
[INFO ][2016-02-08 14:22:23,938][com.java.SeleniumDriver] [  881] - Datavalue is----------HMVRegion1
[INFO ][2016-02-08 14:22:23,938][com.java.SeleniumDriver] [  905] - DataField : FCV//tr[@class="info editable"]//td
[INFO ][2016-02-08 14:22:23,938][com.java.SeleniumDriver] [  907] - DataValue : HMVRegion1
[INFO ][2016-02-08 14:22:23,938][com.java.SeleniumDriver] [  913] - <In Set values of the page>
[INFO ][2016-02-08 14:22:23,938][com.java.SeleniumDriver] [  916] - {Data Fields & Data Values Exist}
[INFO ][2016-02-08 14:22:23,938][com.java.SeleniumDriver] [  918] - --------------------------setting values-----------------------------
[INFO ][2016-02-08 14:22:23,938][com.java.SeleniumDriver] [  921] - Action Type : CLICK
[INFO ][2016-02-08 14:22:23,938][com.java.TestType] [ 7126] - Field ::FCV//tr[@class="info editable"]//td
[INFO ][2016-02-08 14:22:23,938][com.java.TestType] [ 6727] - value = VLtest108905a
[INFO ][2016-02-08 14:22:24,939][com.java.TestType] [ 7145] - BEFORE CLICK on //tr[@class="info editable"]//td[contains(text(),'VLtest108905a')]
[DEBUG][2016-02-08 14:22:24,939][com.java.TestType] [ 8132] - Wait for Element Failed due to Element r[@class="info editable"]//td[contains(text(),'VLtest108905a')] not Found
[ERROR][2016-02-08 14:22:45,372][com.java.TestType] [ 7657] - Exception in click:: null
[INFO ][2016-02-08 14:22:45,372][com.java.TestType] [ 7661] - Element :://tr[@class="info editable"]//td[contains(text(),'VLtest108905a')]:: not found
[INFO ][2016-02-08 14:22:45,372][com.java.SeleniumDriver] [  930] -  RESULT false
[INFO ][2016-02-08 14:22:45,372][com.java.SeleniumDriver] [  977] - ?   F A I L   ?
[INFO ][2016-02-08 14:22:45,372][com.java.SeleniumDriver] [  985] - Browser Type : IE10
[INFO ][2016-02-08 14:22:45,372][com.java.SeleniumDriver] [  986] - Adding Failed case41
[INFO ][2016-02-08 14:22:45,723][com.java.SeleniumDriver] [ 1100] - failedCases = 38,41
[ERROR][2016-02-08 14:22:45,723][com.java.SeleniumDriver] [ 1599] - Platform Errors : Our apologies...::We have encountered an issue with your request.::Our apologies?:We encountered an issue with your request.
[INFO ][2016-02-08 14:22:45,723][com.java.SeleniumDriver] [ 1603] - Length =3
[ERROR][2016-02-08 14:22:45,723][com.java.SeleniumDriver] [ 1606] - Error 0 = Our apologies...
[ERROR][2016-02-08 14:22:45,743][com.java.SeleniumDriver] [ 1606] - Error 1 = We have encountered an issue with your request.
[ERROR][2016-02-08 14:22:45,763][com.java.SeleniumDriver] [ 1606] - Error 2 = Our apologies?:We encountered an issue with your request.
[INFO ][2016-02-08 14:22:45,783][com.java.SeleniumDriver] [ 1617] - strError:
[DEBUG][2016-02-08 14:22:45,803][com.java.SeleniumDriver] [ 1248] - Case found
[DEBUG][2016-02-08 14:22:45,803][com.java.SeleniumDriver] [ 1253] - Incrementing ReportCounters[0]:3
[INFO ][2016-02-08 14:22:45,803][com.java.SeleniumDriver] [ 1272] - The results are-------------------[41, 45, Admin: GL Mapping: Profit Centers: Inline Editing Features of Region Definitions, Fail, 
Test case failed at Step No. :: 45   Error Message ::  Element :://tr[@class="info editable"]//td[contains(text(),'VLtest108905a')]:: not found. Screen Shot : D:\BankersDashboard\TestReports\020816\41_020816_142245_IE10.png, Mon Feb 08 14:22:45 IST 2016]
[INFO ][2016-02-08 14:22:45,803][com.java.SeleniumDriver] [ 1276] - End time is-------4 min 3 sec
[INFO ][2016-02-08 14:22:45,803][com.java.SeleniumDriver] [ 1277] - The results are-------------------[41, 45, Admin: GL Mapping: Profit Centers: Inline Editing Features of Region Definitions, Fail, 
Test case failed at Step No. :: 45   Error Message ::  Element :://tr[@class="info editable"]//td[contains(text(),'VLtest108905a')]:: not found. Screen Shot : D:\BankersDashboard\TestReports\020816\41_020816_142245_IE10.png, Mon Feb 08 14:22:45 IST 2016]
[DEBUG][2016-02-08 14:22:45,803][com.java.ImportnExport.ExportTestResultsExcel] [  222] - testResultPath = D:\BankersDashboard/TestReports/Test Results_BankersDashBoard_020816_141844_IE10_United Bank.xls
[DEBUG][2016-02-08 14:22:45,803][com.java.ImportnExport.ExportTestResultsExcel] [  223] - browser is------------IE10
[DEBUG][2016-02-08 14:22:45,803][com.java.ImportnExport.ExportTestResultsExcel] [  270] - result.size() = 6
[DEBUG][2016-02-08 14:22:45,803][com.java.ImportnExport.ExportTestResultsExcel] [  274] - No of rows in sheet=3
[DEBUG][2016-02-08 14:22:45,803][com.java.ImportnExport.ExportTestResultsExcel] [  301] - ..in export..41
[DEBUG][2016-02-08 14:22:45,803][com.java.ImportnExport.ExportTestResultsExcel] [  301] - ..in export..Admin: GL Mapping: Profit Centers: Inline Editing Features of Region Definitions
[DEBUG][2016-02-08 14:22:45,803][com.java.ImportnExport.ExportTestResultsExcel] [  301] - ..in export..Fail
[DEBUG][2016-02-08 14:22:45,803][com.java.ImportnExport.ExportTestResultsExcel] [  301] - ..in export..
Test case failed at Step No. :: 45   Error Message ::  Element :://tr[@class="info editable"]//td[contains(text(),'VLtest108905a')]:: not found. Screen Shot : D:\BankersDashboard\TestReports\020816\41_020816_142245_IE10.png
[DEBUG][2016-02-08 14:22:45,803][com.java.ImportnExport.ExportTestResultsExcel] [  301] - ..in export..Mon Feb 08 14:22:45 IST 2016
[INFO ][2016-02-08 14:22:45,803][com.java.SeleniumDriver] [ 1337] - out loop:2 size:4 TestCases:[1, 38, 41, 49] testcases:[1, 38, 41, 49]
[INFO ][2016-02-08 14:22:45,803][com.java.ImportnExport.ImportTestDataDetailsExcel] [   49] - test data details path===== D:\BankersDashboard\TestInputs\TestData.xls
[INFO ][2016-02-08 14:23:03,429][com.java.SeleniumDriver] [  856] - ------------------------------------------
[INFO ][2016-02-08 14:23:03,429][com.java.SeleniumDriver] [  857] - Test case being Executed: 49
[INFO ][2016-02-08 14:23:03,429][com.java.SeleniumDriver] [  869] - Test step:1
[INFO ][2016-02-08 14:23:03,429][com.java.SeleniumDriver] [  881] - Datavalue is----------Logout
[INFO ][2016-02-08 14:23:03,429][com.java.SeleniumDriver] [  905] - DataField : BTN
[INFO ][2016-02-08 14:23:03,429][com.java.SeleniumDriver] [  907] - DataValue : Logout
[INFO ][2016-02-08 14:23:03,429][com.java.SeleniumDriver] [  913] - <In Set values of the page>
[INFO ][2016-02-08 14:23:03,429][com.java.SeleniumDriver] [  916] - {Data Fields & Data Values Exist}
[INFO ][2016-02-08 14:23:03,429][com.java.SeleniumDriver] [  918] - --------------------------setting values-----------------------------
[INFO ][2016-02-08 14:23:03,429][com.java.SeleniumDriver] [  921] - Action Type : Verify
[INFO ][2016-02-08 14:23:03,429][com.java.TestType] [ 8359] - field= BTN value= Logout
[INFO ][2016-02-08 14:23:03,429][com.java.TestType] [ 6727] - value = Logout
[INFO ][2016-02-08 14:23:04,060][com.java.SeleniumDriver] [  930] -  RESULT true
[INFO ][2016-02-08 14:23:04,060][com.java.SeleniumDriver] [ 1136] - ?   P A S S   ?
[INFO ][2016-02-08 14:23:04,060][com.java.SeleniumDriver] [ 1178] - step change to 3
[INFO ][2016-02-08 14:23:04,060][com.java.SeleniumDriver] [  856] - ------------------------------------------
[INFO ][2016-02-08 14:23:04,060][com.java.SeleniumDriver] [  857] - Test case being Executed: 49
[INFO ][2016-02-08 14:23:04,060][com.java.SeleniumDriver] [  869] - Test step:3
[INFO ][2016-02-08 14:23:04,060][com.java.SeleniumDriver] [  881] - Datavalue is----------Concept#2:1-2
[INFO ][2016-02-08 14:23:04,060][com.java.SeleniumDriver] [  905] - DataField : test
[INFO ][2016-02-08 14:23:04,060][com.java.SeleniumDriver] [  907] - DataValue : Concept#2:1-2
[INFO ][2016-02-08 14:23:04,060][com.java.SeleniumDriver] [  913] - <In Set values of the page>
[INFO ][2016-02-08 14:23:04,060][com.java.SeleniumDriver] [  916] - {Data Fields & Data Values Exist}
[INFO ][2016-02-08 14:23:04,060][com.java.SeleniumDriver] [  918] - --------------------------setting values-----------------------------
[INFO ][2016-02-08 14:23:04,060][com.java.SeleniumDriver] [  921] - Action Type : EXECUTETESTCASE
[INFO ][2016-02-08 14:23:04,060][com.java.TestType] [  448] - The Concept sheet name is ---------- Concept
[INFO ][2016-02-08 14:23:04,060][com.java.TestType] [  451] - The Concept ID  is ---------- 2
[DEBUG][2016-02-08 14:23:04,060][com.java.TestType] [  455] - Steps being executted in the Concept are: 1:2
[INFO ][2016-02-08 14:23:04,060][com.java.TestType] [  462] - Test data details path ---------- D:\BankersDashboard\TestInputs\TestData.xls
[INFO ][2016-02-08 14:23:04,090][com.java.TestType] [  493] -  str(1) = 2
[INFO ][2016-02-08 14:23:04,090][com.java.TestType] [  496] - Test case Id is---2
[INFO ][2016-02-08 14:23:04,090][com.java.TestType] [  498] - 2
[INFO ][2016-02-08 14:23:04,090][com.java.TestType] [  493] -  str(2) = 1
[INFO ][2016-02-08 14:23:04,091][com.java.TestType] [  493] -  str(1) = 2
[INFO ][2016-02-08 14:23:04,091][com.java.TestType] [  496] - Test case Id is---2
[INFO ][2016-02-08 14:23:04,091][com.java.TestType] [  498] - 2
[INFO ][2016-02-08 14:23:04,091][com.java.TestType] [  493] -  str(2) = 2
[INFO ][2016-02-08 14:23:04,091][com.java.TestType] [  493] -  str(1) = 2
[INFO ][2016-02-08 14:23:04,091][com.java.TestType] [  496] - Test case Id is---2
[INFO ][2016-02-08 14:23:04,091][com.java.TestType] [  498] - 2
[INFO ][2016-02-08 14:23:04,091][com.java.TestType] [  493] -  str(2) = 3
[INFO ][2016-02-08 14:23:04,091][com.java.TestType] [12097] - Looping 1TCID = 2
[DEBUG][2016-02-08 14:23:04,091][com.java.TestType] [12138] - Concept ID:2 :: Step being Executed: 2::1
[INFO ][2016-02-08 14:23:04,091][com.java.TestType] [12176] - dataFields : BNK//select[@id='bank']
[DEBUG][2016-02-08 14:23:04,091][com.java.TestType] [12182] - <In Set values of the page>
[DEBUG][2016-02-08 14:23:04,091][com.java.TestType] [12187] - {Data Fields & Data Values Exist}
[INFO ][2016-02-08 14:23:04,091][com.java.TestType] [12193] - --------------------------setting values-----------------------------
[INFO ][2016-02-08 14:23:04,091][com.java.TestType] [12196] - Action Type : Select
[INFO ][2016-02-08 14:23:04,091][com.java.TestType] [ 6727] - value = PFC
[INFO ][2016-02-08 14:23:04,342][com.java.TestType] [12215] -  RESULT true
[INFO ][2016-02-08 14:23:04,342][com.java.TestType] [12332] - ?   P A S S   ?
[DEBUG][2016-02-08 14:23:04,342][com.java.TestType] [12138] - Concept ID:2 :: Step being Executed: 2::2
[INFO ][2016-02-08 14:23:04,342][com.java.TestType] [12176] - dataFields : LNKLogout
[DEBUG][2016-02-08 14:23:04,342][com.java.TestType] [12182] - <In Set values of the page>
[DEBUG][2016-02-08 14:23:04,342][com.java.TestType] [12187] - {Data Fields & Data Values Exist}
[INFO ][2016-02-08 14:23:04,342][com.java.TestType] [12193] - --------------------------setting values-----------------------------
[INFO ][2016-02-08 14:23:04,342][com.java.TestType] [12196] - Action Type : WaitTime
[DEBUG][2016-02-08 14:23:04,342][com.java.TestType] [ 6541] - sleepTime: 5000
[INFO ][2016-02-08 14:23:09,349][com.java.TestType] [12215] -  RESULT true
[INFO ][2016-02-08 14:23:09,349][com.java.TestType] [12332] - ?   P A S S   ?
[INFO ][2016-02-08 14:23:09,349][com.java.TestType] [12403] - Looping End......
[INFO ][2016-02-08 14:23:09,349][com.java.SeleniumDriver] [  930] -  RESULT true
[INFO ][2016-02-08 14:23:09,349][com.java.SeleniumDriver] [ 1136] - ?   P A S S   ?
[INFO ][2016-02-08 14:23:09,349][com.java.SeleniumDriver] [  856] - ------------------------------------------
[INFO ][2016-02-08 14:23:09,349][com.java.SeleniumDriver] [  857] - Test case being Executed: 49
[INFO ][2016-02-08 14:23:09,349][com.java.SeleniumDriver] [  869] - Test step:4
[INFO ][2016-02-08 14:23:09,349][com.java.SeleniumDriver] [  881] - Datavalue is----------null
[DEBUG][2016-02-08 14:23:09,349][com.java.SeleniumDriver] [  899] - Exception: null
[INFO ][2016-02-08 14:23:09,349][com.java.SeleniumDriver] [  905] - DataField : //span[@class='icon-user4']&&//a[text()='G/L Mapping']&&//a[@data-id="ProfitCenters"]
[INFO ][2016-02-08 14:23:09,349][com.java.SeleniumDriver] [  907] - DataValue : 
[INFO ][2016-02-08 14:23:09,349][com.java.SeleniumDriver] [  913] - <In Set values of the page>
[INFO ][2016-02-08 14:23:09,349][com.java.SeleniumDriver] [  916] - {Data Fields & Data Values Exist}
[INFO ][2016-02-08 14:23:09,349][com.java.SeleniumDriver] [  918] - --------------------------setting values-----------------------------
[INFO ][2016-02-08 14:23:09,349][com.java.SeleniumDriver] [  921] - Action Type : mouseover
[ERROR][2016-02-08 14:23:09,350][com.java.TestType] [ 3715] - exception in MouseOver : Unable to get browser (WARNING: The server did not provide any stacktrace information)
Command duration or timeout: 1 milliseconds
Build info: version: '2.48.2', revision: '41bccdd', time: '2015-10-09 19:59:12'
System info: host: 'FVTIII438F1D', ip: '172.17.68.34', os.name: 'Windows 7', os.arch: 'x86', os.version: '6.1', java.version: '1.7.0_55'
Session ID: d54e9eb2-62d2-42f6-94d0-b882dbb1f803
Driver info: org.openqa.selenium.ie.InternetExplorerDriver
Capabilities [{platform=WINDOWS, javascriptEnabled=true, elementScrollBehavior=0, ignoreZoomSetting=false, enablePersistentHover=true, ie.ensureCleanSession=false, browserName=internet explorer, enableElementCacheCleanup=true, unexpectedAlertBehaviour=dismiss, version=10, ie.usePerProcessProxy=false, ignoreProtectedModeSettings=true, cssSelectorsEnabled=true, requireWindowFocus=false, initialBrowserUrl=http://localhost:26657/, handlesAlerts=true, ie.forceCreateProcessApi=false, nativeEvents=true, browserAttachTimeout=0, ie.browserCommandLineSwitches=, takesScreenshot=true}]
[INFO ][2016-02-08 14:23:09,350][com.java.SeleniumDriver] [  930] -  RESULT false
[INFO ][2016-02-08 14:23:09,350][com.java.SeleniumDriver] [  977] - ?   F A I L   ?
[INFO ][2016-02-08 14:23:09,350][com.java.SeleniumDriver] [  985] - Browser Type : IE10
[INFO ][2016-02-08 14:23:09,350][com.java.SeleniumDriver] [  986] - Adding Failed case49
[WARN ][2016-02-08 14:23:09,361][com.java.SeleniumDriver] [ 1046] - Source 'D:\BankersDashboard\TestReports\020816' exists but is a directory
[INFO ][2016-02-08 14:23:09,361][com.java.SeleniumDriver] [ 1100] - failedCases = 38,41,49
[ERROR][2016-02-08 14:23:09,371][com.java.SeleniumDriver] [ 1599] - Platform Errors : Our apologies...::We have encountered an issue with your request.::Our apologies?:We encountered an issue with your request.
[INFO ][2016-02-08 14:23:09,371][com.java.SeleniumDriver] [ 1603] - Length =3
[ERROR][2016-02-08 14:23:09,371][com.java.SeleniumDriver] [ 1606] - Error 0 = Our apologies...
[ERROR][2016-02-08 14:23:09,381][com.java.SeleniumDriver] [ 1620] - Unable to get browser (WARNING: The server did not provide any stacktrace information)
Command duration or timeout: 10 milliseconds
Build info: version: '2.48.2', revision: '41bccdd', time: '2015-10-09 19:59:12'
System info: host: 'FVTIII438F1D', ip: '172.17.68.34', os.name: 'Windows 7', os.arch: 'x86', os.version: '6.1', java.version: '1.7.0_55'
Session ID: d54e9eb2-62d2-42f6-94d0-b882dbb1f803
Driver info: org.openqa.selenium.ie.InternetExplorerDriver
Capabilities [{platform=WINDOWS, javascriptEnabled=true, elementScrollBehavior=0, ignoreZoomSetting=false, enablePersistentHover=true, ie.ensureCleanSession=false, browserName=internet explorer, enableElementCacheCleanup=true, unexpectedAlertBehaviour=dismiss, version=10, ie.usePerProcessProxy=false, ignoreProtectedModeSettings=true, cssSelectorsEnabled=true, requireWindowFocus=false, initialBrowserUrl=http://localhost:26657/, handlesAlerts=true, ie.forceCreateProcessApi=false, nativeEvents=true, browserAttachTimeout=0, ie.browserCommandLineSwitches=, takesScreenshot=true}]
[INFO ][2016-02-08 14:23:09,381][com.java.SeleniumDriver] [ 1622] - FindPlatformErrors exception: Unable to get browser (WARNING: The server did not provide any stacktrace information)
Command duration or timeout: 10 milliseconds
Build info: version: '2.48.2', revision: '41bccdd', time: '2015-10-09 19:59:12'
System info: host: 'FVTIII438F1D', ip: '172.17.68.34', os.name: 'Windows 7', os.arch: 'x86', os.version: '6.1', java.version: '1.7.0_55'
Session ID: d54e9eb2-62d2-42f6-94d0-b882dbb1f803
Driver info: org.openqa.selenium.ie.InternetExplorerDriver
Capabilities [{platform=WINDOWS, javascriptEnabled=true, elementScrollBehavior=0, ignoreZoomSetting=false, enablePersistentHover=true, ie.ensureCleanSession=false, browserName=internet explorer, enableElementCacheCleanup=true, unexpectedAlertBehaviour=dismiss, version=10, ie.usePerProcessProxy=false, ignoreProtectedModeSettings=true, cssSelectorsEnabled=true, requireWindowFocus=false, initialBrowserUrl=http://localhost:26657/, handlesAlerts=true, ie.forceCreateProcessApi=false, nativeEvents=true, browserAttachTimeout=0, ie.browserCommandLineSwitches=, takesScreenshot=true}]
[DEBUG][2016-02-08 14:23:09,381][com.java.SeleniumDriver] [ 1624] - Unable to get the Platform Error list from Hash Map.
[ERROR][2016-02-08 14:23:09,381][com.java.SeleniumDriver] [ 1218] - 
[INFO ][2016-02-08 14:23:09,381][com.java.SeleniumDriver] [  856] - ------------------------------------------
[INFO ][2016-02-08 14:23:09,381][com.java.SeleniumDriver] [  857] - Test case being Executed: 49
[INFO ][2016-02-08 14:23:09,381][com.java.SeleniumDriver] [  869] - Test step:5
[INFO ][2016-02-08 14:23:09,381][com.java.SeleniumDriver] [  881] - Datavalue is----------2
[INFO ][2016-02-08 14:23:09,381][com.java.SeleniumDriver] [  905] - DataField : null
[INFO ][2016-02-08 14:23:09,381][com.java.SeleniumDriver] [  907] - DataValue : 2
[INFO ][2016-02-08 14:23:09,381][com.java.SeleniumDriver] [  913] - <In Set values of the page>
[INFO ][2016-02-08 14:23:09,381][com.java.SeleniumDriver] [  916] - {Data Fields & Data Values Exist}
[INFO ][2016-02-08 14:23:09,381][com.java.SeleniumDriver] [  918] - --------------------------setting values-----------------------------
[INFO ][2016-02-08 14:23:09,381][com.java.SeleniumDriver] [  921] - Action Type : waittime
[DEBUG][2016-02-08 14:23:09,381][com.java.TestType] [ 6541] - sleepTime: 2000
