[INFO ][2015-12-11 19:34:06,816][com.java.SeleniumDriver] [  213] - Execute Failed Casesfalse
[INFO ][2015-12-11 19:34:06,816][com.java.SeleniumDriver] [  214] - Browser: IE10
[INFO ][2015-12-11 19:34:06,816][com.java.SeleniumDriver] [  215] - [1, 6]
[INFO ][2015-12-11 19:34:06,826][com.java.SeleniumDriver] [  216] - Total TestCases:2
[INFO ][2015-12-11 19:34:06,826][com.java.SeleniumDriver] [  217] -  Reading Properties from Property File 
[DEBUG][2015-12-11 19:34:06,826][com.java.SeleniumDriver] [  238] - url : https://clients-xuat.bankersdashboard.com
[INFO ][2015-12-11 19:34:06,826][com.java.ImportnExport.ExportTestResultsExcel] [  116] - Time Stamp Fri Dec 11 07:34:06 IST 2015
[INFO ][2015-12-11 19:34:06,826][com.java.ImportnExport.ExportTestResultsExcel] [  175] - OUT FILE : D:\BankersDashboard/TestReports/Test Results_BankersDashBoard_121115_193406_IE10_Simmons First National Bank.xls
[INFO ][2015-12-11 19:34:06,847][com.java.ImportnExport.ExportTestResultsExcel] [  180] - Test Result file is created
[DEBUG][2015-12-11 19:34:06,947][com.java.SeleniumDriver] [  426] - Hub ip address is-------172.17.68.34
[INFO ][2015-12-11 19:34:06,947][com.java.SeleniumDriver] [  452] - Grid URL:http://172.17.68.34:4444/wd/hub
[INFO ][2015-12-11 19:34:06,947][com.java.SeleniumDriver] [  453] - Capability:Capabilities [{platform=ANY, ensureCleanSession=true, ignoreProtectedModeSettings=true, acceptSslCerts=true, ignoreZoomSetting=true, browserName=internet explorer, browserstack.ie.noFlash=true, version=null}]
[ERROR][2015-12-11 19:34:08,257][com.java.SeleniumDriver] [  497] - Unable invoke browser in grid:Could not start a new session. Possible causes are invalid address of the remote server or browser start-up failure.
Build info: version: '2.48.2', revision: '41bccdd', time: '2015-10-09 19:59:12'
System info: host: 'FVTIII438F1D', ip: '172.17.68.34', os.name: 'Windows 7', os.arch: 'x86', os.version: '6.1', java.version: '1.7.0_55'
Driver info: driver.version: SeleniumDriver
[INFO ][2015-12-11 19:34:08,257][com.java.SeleniumDriver] [  499] - Executing on local machine
[INFO ][2015-12-11 19:34:17,684][com.java.SeleniumDriver] [  248] - IE10is opened
[INFO ][2015-12-11 19:34:18,529][com.java.SeleniumDriver] [  754] - Test cases to be executed are: [1, 6]
[INFO ][2015-12-11 19:34:18,550][com.java.ImportnExport.ImportTestDataDetailsExcel] [   49] - test data details path===== D:\BankersDashboard\TestInputs\TestData.xls
[INFO ][2015-12-11 19:34:18,620][com.java.SeleniumDriver] [  821] - ------------------------------------------
[INFO ][2015-12-11 19:34:18,620][com.java.SeleniumDriver] [  822] - Test case being Executed: 1
[INFO ][2015-12-11 19:34:18,620][com.java.SeleniumDriver] [  833] - Test step:1
[INFO ][2015-12-11 19:34:18,620][com.java.SeleniumDriver] [  845] - Datavalue is----------Concept#1:1-14
[INFO ][2015-12-11 19:34:18,620][com.java.SeleniumDriver] [  869] - DataField : test
[INFO ][2015-12-11 19:34:18,620][com.java.SeleniumDriver] [  871] - DataValue : Concept#1:1-14
[INFO ][2015-12-11 19:34:18,620][com.java.SeleniumDriver] [  877] - <In Set values of the page>
[INFO ][2015-12-11 19:34:18,620][com.java.SeleniumDriver] [  880] - {Data Fields & Data Values Exist}
[INFO ][2015-12-11 19:34:18,620][com.java.SeleniumDriver] [  882] - --------------------------setting values-----------------------------
[INFO ][2015-12-11 19:34:18,620][com.java.SeleniumDriver] [  885] - Action Type : ExecuteTestCase
[INFO ][2015-12-11 19:34:18,640][com.java.TestType] [  436] - The Concept sheet name is ---------- Concept
[INFO ][2015-12-11 19:34:18,640][com.java.TestType] [  439] - The Concept ID  is ---------- 1
[DEBUG][2015-12-11 19:34:18,640][com.java.TestType] [  443] - Steps being executted in the Concept are: 1:14
[INFO ][2015-12-11 19:34:18,640][com.java.TestType] [  450] - Test data details path ---------- D:\BankersDashboard\TestInputs\TestData.xls
[INFO ][2015-12-11 19:34:18,670][com.java.TestType] [  481] -  str(1) = 1
[INFO ][2015-12-11 19:34:18,670][com.java.TestType] [  484] - Test case Id is---1
[INFO ][2015-12-11 19:34:18,670][com.java.TestType] [  486] - 1
[INFO ][2015-12-11 19:34:18,670][com.java.TestType] [  481] -  str(2) = 1
[INFO ][2015-12-11 19:34:18,680][com.java.TestType] [  533] - row values are--------{1=com.java.Objects.TestDataDetails@44ac1}
[INFO ][2015-12-11 19:34:18,680][com.java.TestType] [  481] -  str(1) = 1
[INFO ][2015-12-11 19:34:18,680][com.java.TestType] [  484] - Test case Id is---1
[INFO ][2015-12-11 19:34:18,680][com.java.TestType] [  486] - 1
[INFO ][2015-12-11 19:34:18,680][com.java.TestType] [  481] -  str(2) = 2
[INFO ][2015-12-11 19:34:18,680][com.java.TestType] [  533] - row values are--------{1=com.java.Objects.TestDataDetails@44ac1, 2=com.java.Objects.TestDataDetails@2a55df}
[INFO ][2015-12-11 19:34:18,680][com.java.TestType] [  481] -  str(1) = 1
[INFO ][2015-12-11 19:34:18,680][com.java.TestType] [  484] - Test case Id is---1
[INFO ][2015-12-11 19:34:18,680][com.java.TestType] [  486] - 1
[INFO ][2015-12-11 19:34:18,680][com.java.TestType] [  481] -  str(2) = 3
[INFO ][2015-12-11 19:34:18,680][com.java.TestType] [  533] - row values are--------{1=com.java.Objects.TestDataDetails@44ac1, 2=com.java.Objects.TestDataDetails@2a55df, 3=com.java.Objects.TestDataDetails@1b3be4f}
[INFO ][2015-12-11 19:34:18,680][com.java.TestType] [  481] -  str(1) = 1
[INFO ][2015-12-11 19:34:18,680][com.java.TestType] [  484] - Test case Id is---1
[INFO ][2015-12-11 19:34:18,680][com.java.TestType] [  486] - 1
[INFO ][2015-12-11 19:34:18,680][com.java.TestType] [  481] -  str(2) = 4
[INFO ][2015-12-11 19:34:18,680][com.java.TestType] [  533] - row values are--------{1=com.java.Objects.TestDataDetails@44ac1, 2=com.java.Objects.TestDataDetails@2a55df, 3=com.java.Objects.TestDataDetails@1b3be4f, 4=com.java.Objects.TestDataDetails@16be535}
[INFO ][2015-12-11 19:34:18,680][com.java.TestType] [  481] -  str(1) = 1
[INFO ][2015-12-11 19:34:18,680][com.java.TestType] [  484] - Test case Id is---1
[INFO ][2015-12-11 19:34:18,680][com.java.TestType] [  486] - 1
[INFO ][2015-12-11 19:34:18,680][com.java.TestType] [  481] -  str(2) = 5
[INFO ][2015-12-11 19:34:18,680][com.java.TestType] [  533] - row values are--------{1=com.java.Objects.TestDataDetails@44ac1, 2=com.java.Objects.TestDataDetails@2a55df, 3=com.java.Objects.TestDataDetails@1b3be4f, 4=com.java.Objects.TestDataDetails@16be535, 5=com.java.Objects.TestDataDetails@12b6d53}
[INFO ][2015-12-11 19:34:18,680][com.java.TestType] [  481] -  str(1) = 1
[INFO ][2015-12-11 19:34:18,680][com.java.TestType] [  484] - Test case Id is---1
[INFO ][2015-12-11 19:34:18,680][com.java.TestType] [  486] - 1
[INFO ][2015-12-11 19:34:18,680][com.java.TestType] [  481] -  str(2) = 6
[INFO ][2015-12-11 19:34:18,690][com.java.TestType] [  533] - row values are--------{1=com.java.Objects.TestDataDetails@44ac1, 2=com.java.Objects.TestDataDetails@2a55df, 3=com.java.Objects.TestDataDetails@1b3be4f, 4=com.java.Objects.TestDataDetails@16be535, 5=com.java.Objects.TestDataDetails@12b6d53, 6=com.java.Objects.TestDataDetails@fa1477}
[INFO ][2015-12-11 19:34:18,690][com.java.TestType] [  481] -  str(1) = 1
[INFO ][2015-12-11 19:34:18,690][com.java.TestType] [  484] - Test case Id is---1
[INFO ][2015-12-11 19:34:18,690][com.java.TestType] [  486] - 1
[INFO ][2015-12-11 19:34:18,690][com.java.TestType] [  481] -  str(2) = 7
[INFO ][2015-12-11 19:34:18,690][com.java.TestType] [  533] - row values are--------{1=com.java.Objects.TestDataDetails@44ac1, 2=com.java.Objects.TestDataDetails@2a55df, 3=com.java.Objects.TestDataDetails@1b3be4f, 4=com.java.Objects.TestDataDetails@16be535, 5=com.java.Objects.TestDataDetails@12b6d53, 6=com.java.Objects.TestDataDetails@fa1477, 7=com.java.Objects.TestDataDetails@20b52}
[INFO ][2015-12-11 19:34:18,690][com.java.TestType] [  481] -  str(1) = 1
[INFO ][2015-12-11 19:34:18,690][com.java.TestType] [  484] - Test case Id is---1
[INFO ][2015-12-11 19:34:18,690][com.java.TestType] [  486] - 1
[INFO ][2015-12-11 19:34:18,690][com.java.TestType] [  481] -  str(2) = 8
[INFO ][2015-12-11 19:34:18,690][com.java.TestType] [  533] - row values are--------{1=com.java.Objects.TestDataDetails@44ac1, 2=com.java.Objects.TestDataDetails@2a55df, 3=com.java.Objects.TestDataDetails@1b3be4f, 4=com.java.Objects.TestDataDetails@16be535, 5=com.java.Objects.TestDataDetails@12b6d53, 6=com.java.Objects.TestDataDetails@fa1477, 7=com.java.Objects.TestDataDetails@20b52, 8=com.java.Objects.TestDataDetails@6a67ab}
[INFO ][2015-12-11 19:34:18,690][com.java.TestType] [  481] -  str(1) = 1
[INFO ][2015-12-11 19:34:18,690][com.java.TestType] [  484] - Test case Id is---1
[INFO ][2015-12-11 19:34:18,690][com.java.TestType] [  486] - 1
[INFO ][2015-12-11 19:34:18,690][com.java.TestType] [  481] -  str(2) = 9
[INFO ][2015-12-11 19:34:18,690][com.java.TestType] [  533] - row values are--------{1=com.java.Objects.TestDataDetails@44ac1, 2=com.java.Objects.TestDataDetails@2a55df, 3=com.java.Objects.TestDataDetails@1b3be4f, 4=com.java.Objects.TestDataDetails@16be535, 5=com.java.Objects.TestDataDetails@12b6d53, 6=com.java.Objects.TestDataDetails@fa1477, 7=com.java.Objects.TestDataDetails@20b52, 8=com.java.Objects.TestDataDetails@6a67ab, 9=com.java.Objects.TestDataDetails@185555c}
[INFO ][2015-12-11 19:34:18,690][com.java.TestType] [  481] -  str(1) = 1
[INFO ][2015-12-11 19:34:18,690][com.java.TestType] [  484] - Test case Id is---1
[INFO ][2015-12-11 19:34:18,690][com.java.TestType] [  486] - 1
[INFO ][2015-12-11 19:34:18,690][com.java.TestType] [  481] -  str(2) = 10
[INFO ][2015-12-11 19:34:18,690][com.java.TestType] [  533] - row values are--------{1=com.java.Objects.TestDataDetails@44ac1, 2=com.java.Objects.TestDataDetails@2a55df, 3=com.java.Objects.TestDataDetails@1b3be4f, 4=com.java.Objects.TestDataDetails@16be535, 5=com.java.Objects.TestDataDetails@12b6d53, 6=com.java.Objects.TestDataDetails@fa1477, 7=com.java.Objects.TestDataDetails@20b52, 8=com.java.Objects.TestDataDetails@6a67ab, 9=com.java.Objects.TestDataDetails@185555c, 10=com.java.Objects.TestDataDetails@20ac02}
[INFO ][2015-12-11 19:34:18,690][com.java.TestType] [  481] -  str(1) = 1
[INFO ][2015-12-11 19:34:18,690][com.java.TestType] [  484] - Test case Id is---1
[INFO ][2015-12-11 19:34:18,690][com.java.TestType] [  486] - 1
[INFO ][2015-12-11 19:34:18,690][com.java.TestType] [  481] -  str(2) = 11
[INFO ][2015-12-11 19:34:18,690][com.java.TestType] [  533] - row values are--------{1=com.java.Objects.TestDataDetails@44ac1, 2=com.java.Objects.TestDataDetails@2a55df, 3=com.java.Objects.TestDataDetails@1b3be4f, 4=com.java.Objects.TestDataDetails@16be535, 5=com.java.Objects.TestDataDetails@12b6d53, 6=com.java.Objects.TestDataDetails@fa1477, 7=com.java.Objects.TestDataDetails@20b52, 8=com.java.Objects.TestDataDetails@6a67ab, 9=com.java.Objects.TestDataDetails@185555c, 10=com.java.Objects.TestDataDetails@20ac02, 11=com.java.Objects.TestDataDetails@1887c71}
[INFO ][2015-12-11 19:34:18,690][com.java.TestType] [  481] -  str(1) = 1
[INFO ][2015-12-11 19:34:18,690][com.java.TestType] [  484] - Test case Id is---1
[INFO ][2015-12-11 19:34:18,690][com.java.TestType] [  486] - 1
[INFO ][2015-12-11 19:34:18,690][com.java.TestType] [  481] -  str(2) = 12
[INFO ][2015-12-11 19:34:18,690][com.java.TestType] [  533] - row values are--------{1=com.java.Objects.TestDataDetails@44ac1, 2=com.java.Objects.TestDataDetails@2a55df, 3=com.java.Objects.TestDataDetails@1b3be4f, 4=com.java.Objects.TestDataDetails@16be535, 5=com.java.Objects.TestDataDetails@12b6d53, 6=com.java.Objects.TestDataDetails@fa1477, 7=com.java.Objects.TestDataDetails@20b52, 8=com.java.Objects.TestDataDetails@6a67ab, 9=com.java.Objects.TestDataDetails@185555c, 10=com.java.Objects.TestDataDetails@20ac02, 11=com.java.Objects.TestDataDetails@1887c71, 12=com.java.Objects.TestDataDetails@119ab42}
[INFO ][2015-12-11 19:34:18,690][com.java.TestType] [  481] -  str(1) = 1
[INFO ][2015-12-11 19:34:18,690][com.java.TestType] [  484] - Test case Id is---1
[INFO ][2015-12-11 19:34:18,690][com.java.TestType] [  486] - 1
[INFO ][2015-12-11 19:34:18,690][com.java.TestType] [  481] -  str(2) = 13
[INFO ][2015-12-11 19:34:18,700][com.java.TestType] [  533] - row values are--------{1=com.java.Objects.TestDataDetails@44ac1, 2=com.java.Objects.TestDataDetails@2a55df, 3=com.java.Objects.TestDataDetails@1b3be4f, 4=com.java.Objects.TestDataDetails@16be535, 5=com.java.Objects.TestDataDetails@12b6d53, 6=com.java.Objects.TestDataDetails@fa1477, 7=com.java.Objects.TestDataDetails@20b52, 8=com.java.Objects.TestDataDetails@6a67ab, 9=com.java.Objects.TestDataDetails@185555c, 10=com.java.Objects.TestDataDetails@20ac02, 11=com.java.Objects.TestDataDetails@1887c71, 12=com.java.Objects.TestDataDetails@119ab42, 13=com.java.Objects.TestDataDetails@915056}
[INFO ][2015-12-11 19:34:18,700][com.java.TestType] [  481] -  str(1) = 1
[INFO ][2015-12-11 19:34:18,700][com.java.TestType] [  484] - Test case Id is---1
[INFO ][2015-12-11 19:34:18,700][com.java.TestType] [  486] - 1
[INFO ][2015-12-11 19:34:18,700][com.java.TestType] [  481] -  str(2) = 14
[INFO ][2015-12-11 19:34:18,700][com.java.TestType] [  533] - row values are--------{1=com.java.Objects.TestDataDetails@44ac1, 2=com.java.Objects.TestDataDetails@2a55df, 3=com.java.Objects.TestDataDetails@1b3be4f, 4=com.java.Objects.TestDataDetails@16be535, 5=com.java.Objects.TestDataDetails@12b6d53, 6=com.java.Objects.TestDataDetails@fa1477, 7=com.java.Objects.TestDataDetails@20b52, 8=com.java.Objects.TestDataDetails@6a67ab, 9=com.java.Objects.TestDataDetails@185555c, 10=com.java.Objects.TestDataDetails@20ac02, 11=com.java.Objects.TestDataDetails@1887c71, 12=com.java.Objects.TestDataDetails@119ab42, 13=com.java.Objects.TestDataDetails@915056, 14=com.java.Objects.TestDataDetails@185a2a8}
[INFO ][2015-12-11 19:34:18,700][com.java.TestType] [10080] - Looping 1TCID = 1
[DEBUG][2015-12-11 19:34:18,700][com.java.TestType] [10121] - Concept ID:1 :: Step being Executed: 1::1
[INFO ][2015-12-11 19:34:18,700][com.java.TestType] [10159] - dataFields : TXTusername
[DEBUG][2015-12-11 19:34:18,700][com.java.TestType] [10165] - <In Set values of the page>
[DEBUG][2015-12-11 19:34:18,700][com.java.TestType] [10170] - {Data Fields & Data Values Exist}
[INFO ][2015-12-11 19:34:18,700][com.java.TestType] [10176] - --------------------------setting values-----------------------------
[INFO ][2015-12-11 19:34:18,700][com.java.TestType] [10179] - Action Type : CLEARANDENTER
[INFO ][2015-12-11 19:34:18,700][com.java.TestType] [ 5501] - value = valuelabs.ie10.03890
[INFO ][2015-12-11 19:34:23,532][com.java.TestType] [10198] -  RESULT true
[INFO ][2015-12-11 19:34:23,532][com.java.TestType] [10315] - ?   P A S S   ?
[DEBUG][2015-12-11 19:34:23,532][com.java.TestType] [10121] - Concept ID:1 :: Step being Executed: 1::2
[INFO ][2015-12-11 19:34:23,532][com.java.TestType] [10159] - dataFields : TXTpassword
[DEBUG][2015-12-11 19:34:23,532][com.java.TestType] [10165] - <In Set values of the page>
[DEBUG][2015-12-11 19:34:23,532][com.java.TestType] [10170] - {Data Fields & Data Values Exist}
[INFO ][2015-12-11 19:34:23,532][com.java.TestType] [10176] - --------------------------setting values-----------------------------
[INFO ][2015-12-11 19:34:23,532][com.java.TestType] [10179] - Action Type : CLEARANDENTER
[INFO ][2015-12-11 19:34:23,532][com.java.TestType] [ 5501] - value = Password1*
[INFO ][2015-12-11 19:34:28,469][com.java.TestType] [10198] -  RESULT true
[INFO ][2015-12-11 19:34:28,469][com.java.TestType] [10315] - ?   P A S S   ?
[DEBUG][2015-12-11 19:34:28,469][com.java.TestType] [10121] - Concept ID:1 :: Step being Executed: 1::3
[ERROR][2015-12-11 19:34:28,469][com.java.TestType] [10154] - Exception: null
[INFO ][2015-12-11 19:34:28,469][com.java.TestType] [10159] - dataFields : XPH//button[@type='submit']
[DEBUG][2015-12-11 19:34:28,469][com.java.TestType] [10165] - <In Set values of the page>
[DEBUG][2015-12-11 19:34:28,469][com.java.TestType] [10170] - {Data Fields & Data Values Exist}
[INFO ][2015-12-11 19:34:28,469][com.java.TestType] [10176] - --------------------------setting values-----------------------------
[INFO ][2015-12-11 19:34:28,469][com.java.TestType] [10179] - Action Type : Click
[INFO ][2015-12-11 19:34:28,469][com.java.TestType] [ 5851] - Field ::XPH//button[@type='submit']
[INFO ][2015-12-11 19:34:28,469][com.java.TestType] [ 5501] - value = 
[INFO ][2015-12-11 19:34:29,469][com.java.TestType] [ 5960] - BEFORE CLICK
[INFO ][2015-12-11 19:34:30,324][com.java.TestType] [ 5968] - Unable to click the object Login
[INFO ][2015-12-11 19:34:30,324][com.java.TestType] [10198] -  RESULT true
[INFO ][2015-12-11 19:34:30,324][com.java.TestType] [10315] - ?   P A S S   ?
[DEBUG][2015-12-11 19:34:30,324][com.java.TestType] [10121] - Concept ID:1 :: Step being Executed: 1::4
[INFO ][2015-12-11 19:34:30,324][com.java.TestType] [10159] - dataFields : LNKLogout
[DEBUG][2015-12-11 19:34:30,324][com.java.TestType] [10165] - <In Set values of the page>
[DEBUG][2015-12-11 19:34:30,324][com.java.TestType] [10170] - {Data Fields & Data Values Exist}
[INFO ][2015-12-11 19:34:30,324][com.java.TestType] [10176] - --------------------------setting values-----------------------------
[INFO ][2015-12-11 19:34:30,324][com.java.TestType] [10179] - Action Type : WaitForElement
[INFO ][2015-12-11 19:34:44,083][com.java.TestType] [10198] -  RESULT true
[INFO ][2015-12-11 19:34:44,083][com.java.TestType] [10315] - ?   P A S S   ?
[DEBUG][2015-12-11 19:34:44,083][com.java.TestType] [10121] - Concept ID:1 :: Step being Executed: 1::13
[INFO ][2015-12-11 19:34:44,083][com.java.TestType] [10159] - dataFields : LNK
[DEBUG][2015-12-11 19:34:44,083][com.java.TestType] [10165] - <In Set values of the page>
[DEBUG][2015-12-11 19:34:44,083][com.java.TestType] [10170] - {Data Fields & Data Values Exist}
[INFO ][2015-12-11 19:34:44,083][com.java.TestType] [10176] - --------------------------setting values-----------------------------
[INFO ][2015-12-11 19:34:44,083][com.java.TestType] [10179] - Action Type : Verify
[INFO ][2015-12-11 19:34:44,083][com.java.TestType] [ 6766] - field= LNK value= Logout
[INFO ][2015-12-11 19:34:44,083][com.java.TestType] [ 5501] - value = Logout
[INFO ][2015-12-11 19:34:44,114][com.java.TestType] [10198] -  RESULT true
[INFO ][2015-12-11 19:34:44,114][com.java.TestType] [10315] - ?   P A S S   ?
[DEBUG][2015-12-11 19:34:44,114][com.java.TestType] [10121] - Concept ID:1 :: Step being Executed: 1::14
[INFO ][2015-12-11 19:34:44,114][com.java.TestType] [10159] - dataFields : BTN
[DEBUG][2015-12-11 19:34:44,114][com.java.TestType] [10165] - <In Set values of the page>
[DEBUG][2015-12-11 19:34:44,114][com.java.TestType] [10170] - {Data Fields & Data Values Exist}
[INFO ][2015-12-11 19:34:44,114][com.java.TestType] [10176] - --------------------------setting values-----------------------------
[INFO ][2015-12-11 19:34:44,114][com.java.TestType] [10179] - Action Type : Verify
[INFO ][2015-12-11 19:34:44,114][com.java.TestType] [ 6766] - field= BTN value= //img[contains(@src,'bdlogo.jpg')]
[INFO ][2015-12-11 19:34:44,114][com.java.TestType] [ 5501] - value = //img[contains(@src,'bdlogo.jpg')]
[INFO ][2015-12-11 19:34:44,174][com.java.TestType] [10198] -  RESULT true
[INFO ][2015-12-11 19:34:44,174][com.java.TestType] [10315] - ?   P A S S   ?
[INFO ][2015-12-11 19:34:44,174][com.java.TestType] [10386] - Looping End......
[INFO ][2015-12-11 19:34:44,174][com.java.SeleniumDriver] [  894] -  RESULT true
[INFO ][2015-12-11 19:34:44,174][com.java.SeleniumDriver] [ 1100] - ?   P A S S   ?
[INFO ][2015-12-11 19:34:44,174][com.java.SeleniumDriver] [  821] - ------------------------------------------
[INFO ][2015-12-11 19:34:44,174][com.java.SeleniumDriver] [  822] - Test case being Executed: 1
[INFO ][2015-12-11 19:34:44,174][com.java.SeleniumDriver] [  833] - Test step:2
[INFO ][2015-12-11 19:34:44,174][com.java.SeleniumDriver] [  845] - Datavalue is----------Concept#2:1-2
[INFO ][2015-12-11 19:34:44,174][com.java.SeleniumDriver] [  869] - DataField : test
[INFO ][2015-12-11 19:34:44,174][com.java.SeleniumDriver] [  871] - DataValue : Concept#2:1-2
[INFO ][2015-12-11 19:34:44,174][com.java.SeleniumDriver] [  877] - <In Set values of the page>
[INFO ][2015-12-11 19:34:44,174][com.java.SeleniumDriver] [  880] - {Data Fields & Data Values Exist}
[INFO ][2015-12-11 19:34:44,174][com.java.SeleniumDriver] [  882] - --------------------------setting values-----------------------------
[INFO ][2015-12-11 19:34:44,174][com.java.SeleniumDriver] [  885] - Action Type : ExecuteTestCase
[INFO ][2015-12-11 19:34:44,174][com.java.TestType] [  436] - The Concept sheet name is ---------- Concept
[INFO ][2015-12-11 19:34:44,174][com.java.TestType] [  439] - The Concept ID  is ---------- 2
[DEBUG][2015-12-11 19:34:44,174][com.java.TestType] [  443] - Steps being executted in the Concept are: 1:2
[INFO ][2015-12-11 19:34:44,174][com.java.TestType] [  450] - Test data details path ---------- D:\BankersDashboard\TestInputs\TestData.xls
[INFO ][2015-12-11 19:34:44,204][com.java.TestType] [  481] -  str(1) = 2
[INFO ][2015-12-11 19:34:44,204][com.java.TestType] [  484] - Test case Id is---2
[INFO ][2015-12-11 19:34:44,204][com.java.TestType] [  486] - 2
[INFO ][2015-12-11 19:34:44,204][com.java.TestType] [  481] -  str(2) = 1
[INFO ][2015-12-11 19:34:44,204][com.java.TestType] [  533] - row values are--------{1=com.java.Objects.TestDataDetails@a6d5e4}
[INFO ][2015-12-11 19:34:44,204][com.java.TestType] [  481] -  str(1) = 2
[INFO ][2015-12-11 19:34:44,204][com.java.TestType] [  484] - Test case Id is---2
[INFO ][2015-12-11 19:34:44,204][com.java.TestType] [  486] - 2
[INFO ][2015-12-11 19:34:44,204][com.java.TestType] [  481] -  str(2) = 2
[INFO ][2015-12-11 19:34:44,204][com.java.TestType] [  533] - row values are--------{1=com.java.Objects.TestDataDetails@a6d5e4, 2=com.java.Objects.TestDataDetails@58dc08}
[INFO ][2015-12-11 19:34:44,204][com.java.TestType] [  481] -  str(1) = 2
[INFO ][2015-12-11 19:34:44,204][com.java.TestType] [  484] - Test case Id is---2
[INFO ][2015-12-11 19:34:44,204][com.java.TestType] [  486] - 2
[INFO ][2015-12-11 19:34:44,214][com.java.TestType] [  481] -  str(2) = 3
[INFO ][2015-12-11 19:34:44,214][com.java.TestType] [  533] - row values are--------{1=com.java.Objects.TestDataDetails@a6d5e4, 2=com.java.Objects.TestDataDetails@58dc08, 3=com.java.Objects.TestDataDetails@b08658}
[INFO ][2015-12-11 19:34:44,214][com.java.TestType] [10080] - Looping 1TCID = 2
[DEBUG][2015-12-11 19:34:44,214][com.java.TestType] [10121] - Concept ID:2 :: Step being Executed: 2::1
[INFO ][2015-12-11 19:34:44,214][com.java.TestType] [10159] - dataFields : BNK//select[@id='bank']
[DEBUG][2015-12-11 19:34:44,214][com.java.TestType] [10165] - <In Set values of the page>
[DEBUG][2015-12-11 19:34:44,214][com.java.TestType] [10170] - {Data Fields & Data Values Exist}
[INFO ][2015-12-11 19:34:44,214][com.java.TestType] [10176] - --------------------------setting values-----------------------------
[INFO ][2015-12-11 19:34:44,214][com.java.TestType] [10179] - Action Type : Select
[INFO ][2015-12-11 19:34:44,214][com.java.TestType] [ 5501] - value = PFC
[INFO ][2015-12-11 19:34:44,394][com.java.TestType] [10198] -  RESULT true
[INFO ][2015-12-11 19:34:44,394][com.java.TestType] [10315] - ?   P A S S   ?
[DEBUG][2015-12-11 19:34:44,394][com.java.TestType] [10121] - Concept ID:2 :: Step being Executed: 2::2
[INFO ][2015-12-11 19:34:44,394][com.java.TestType] [10159] - dataFields : LNKLogout
[DEBUG][2015-12-11 19:34:44,394][com.java.TestType] [10165] - <In Set values of the page>
[DEBUG][2015-12-11 19:34:44,394][com.java.TestType] [10170] - {Data Fields & Data Values Exist}
[INFO ][2015-12-11 19:34:44,394][com.java.TestType] [10176] - --------------------------setting values-----------------------------
[INFO ][2015-12-11 19:34:44,394][com.java.TestType] [10179] - Action Type : WaitTime
[DEBUG][2015-12-11 19:34:44,394][com.java.TestType] [ 5321] - sleepTime: 5000
[INFO ][2015-12-11 19:34:49,396][com.java.TestType] [10198] -  RESULT true
[INFO ][2015-12-11 19:34:49,396][com.java.TestType] [10315] - ?   P A S S   ?
[INFO ][2015-12-11 19:34:49,396][com.java.TestType] [10386] - Looping End......
[INFO ][2015-12-11 19:34:49,396][com.java.SeleniumDriver] [  894] -  RESULT true
[INFO ][2015-12-11 19:34:49,396][com.java.SeleniumDriver] [ 1100] - ?   P A S S   ?
[INFO ][2015-12-11 19:34:49,396][com.java.SeleniumDriver] [  821] - ------------------------------------------
[INFO ][2015-12-11 19:34:49,396][com.java.SeleniumDriver] [  822] - Test case being Executed: 1
[INFO ][2015-12-11 19:34:49,396][com.java.SeleniumDriver] [  833] - Test step:3
[INFO ][2015-12-11 19:34:49,396][com.java.SeleniumDriver] [  845] - Datavalue is----------2
[INFO ][2015-12-11 19:34:49,396][com.java.SeleniumDriver] [  869] - DataField : XPH//button[contains(text(),'Add Content')]
[INFO ][2015-12-11 19:34:49,396][com.java.SeleniumDriver] [  871] - DataValue : 2
[INFO ][2015-12-11 19:34:49,396][com.java.SeleniumDriver] [  877] - <In Set values of the page>
[INFO ][2015-12-11 19:34:49,396][com.java.SeleniumDriver] [  880] - {Data Fields & Data Values Exist}
[INFO ][2015-12-11 19:34:49,396][com.java.SeleniumDriver] [  882] - --------------------------setting values-----------------------------
[INFO ][2015-12-11 19:34:49,396][com.java.SeleniumDriver] [  885] - Action Type : WAITFORELEMENT
[INFO ][2015-12-11 19:34:49,437][com.java.SeleniumDriver] [  894] -  RESULT true
[INFO ][2015-12-11 19:34:49,437][com.java.SeleniumDriver] [ 1100] - ?   P A S S   ?
[DEBUG][2015-12-11 19:34:49,437][com.java.SeleniumDriver] [ 1212] - Case found
[DEBUG][2015-12-11 19:34:49,437][com.java.SeleniumDriver] [ 1217] - Incrementing ReportCounters[0]:1
[INFO ][2015-12-11 19:34:49,437][com.java.SeleniumDriver] [ 1236] - The results are-------------------[1, 1, Valid Login, Pass, , Fri Dec 11 19:34:44 IST 2015, 1, 2, Valid Login, Pass, , Fri Dec 11 19:34:49 IST 2015, 1, 3, Valid Login, Pass, , Fri Dec 11 19:34:49 IST 2015]
[INFO ][2015-12-11 19:34:49,437][com.java.SeleniumDriver] [ 1240] - End time is-------44 sec
[INFO ][2015-12-11 19:34:49,437][com.java.SeleniumDriver] [ 1241] - The results are-------------------[1, 1, Valid Login, Pass, , Fri Dec 11 19:34:44 IST 2015, 1, 2, Valid Login, Pass, , Fri Dec 11 19:34:49 IST 2015, 1, 3, Valid Login, Pass, , Fri Dec 11 19:34:49 IST 2015]
[DEBUG][2015-12-11 19:34:49,437][com.java.ImportnExport.ExportTestResultsExcel] [  222] - testResultPath = D:\BankersDashboard/TestReports/Test Results_BankersDashBoard_121115_193406_IE10_Simmons First National Bank.xls
[DEBUG][2015-12-11 19:34:49,437][com.java.ImportnExport.ExportTestResultsExcel] [  223] - browser is------------IE10
[DEBUG][2015-12-11 19:34:49,477][com.java.ImportnExport.ExportTestResultsExcel] [  270] - result.size() = 18
[DEBUG][2015-12-11 19:34:49,477][com.java.ImportnExport.ExportTestResultsExcel] [  274] - No of rows in sheet=1
[DEBUG][2015-12-11 19:34:49,477][com.java.ImportnExport.ExportTestResultsExcel] [  301] - ..in export..1
[DEBUG][2015-12-11 19:34:49,477][com.java.ImportnExport.ExportTestResultsExcel] [  301] - ..in export..Valid Login
[DEBUG][2015-12-11 19:34:49,477][com.java.ImportnExport.ExportTestResultsExcel] [  301] - ..in export..Pass
[DEBUG][2015-12-11 19:34:49,477][com.java.ImportnExport.ExportTestResultsExcel] [  301] - ..in export..
[DEBUG][2015-12-11 19:34:49,477][com.java.ImportnExport.ExportTestResultsExcel] [  301] - ..in export..Fri Dec 11 19:34:44 IST 2015
[INFO ][2015-12-11 19:34:49,477][com.java.SeleniumDriver] [ 1299] - out loop:0 size:2 TestCases:[1, 6] testcases:[1, 6]
[INFO ][2015-12-11 19:34:49,477][com.java.ImportnExport.ImportTestDataDetailsExcel] [   49] - test data details path===== D:\BankersDashboard\TestInputs\TestData.xls
[INFO ][2015-12-11 19:35:41,538][com.java.SeleniumDriver] [  821] - ------------------------------------------
[INFO ][2015-12-11 19:35:41,538][com.java.SeleniumDriver] [  822] - Test case being Executed: 6
[INFO ][2015-12-11 19:35:41,538][com.java.SeleniumDriver] [  833] - Test step:1
[INFO ][2015-12-11 19:35:41,538][com.java.SeleniumDriver] [  845] - Datavalue is----------Logout
[INFO ][2015-12-11 19:35:41,538][com.java.SeleniumDriver] [  869] - DataField : BTN
[INFO ][2015-12-11 19:35:41,538][com.java.SeleniumDriver] [  871] - DataValue : Logout
[INFO ][2015-12-11 19:35:41,538][com.java.SeleniumDriver] [  877] - <In Set values of the page>
[INFO ][2015-12-11 19:35:41,538][com.java.SeleniumDriver] [  880] - {Data Fields & Data Values Exist}
[INFO ][2015-12-11 19:35:41,538][com.java.SeleniumDriver] [  882] - --------------------------setting values-----------------------------
[INFO ][2015-12-11 19:35:41,538][com.java.SeleniumDriver] [  885] - Action Type : Verify
[INFO ][2015-12-11 19:35:41,538][com.java.TestType] [ 6766] - field= BTN value= Logout
[INFO ][2015-12-11 19:35:41,538][com.java.TestType] [ 5501] - value = Logout
[INFO ][2015-12-11 19:35:41,619][com.java.SeleniumDriver] [  894] -  RESULT true
[INFO ][2015-12-11 19:35:41,619][com.java.SeleniumDriver] [ 1100] - ?   P A S S   ?
[INFO ][2015-12-11 19:35:41,619][com.java.SeleniumDriver] [ 1142] - step change to 3
[INFO ][2015-12-11 19:35:41,619][com.java.SeleniumDriver] [  821] - ------------------------------------------
[INFO ][2015-12-11 19:35:41,619][com.java.SeleniumDriver] [  822] - Test case being Executed: 6
[INFO ][2015-12-11 19:35:41,619][com.java.SeleniumDriver] [  833] - Test step:3
[INFO ][2015-12-11 19:35:41,619][com.java.SeleniumDriver] [  845] - Datavalue is----------Concept#2:1-2
[INFO ][2015-12-11 19:35:41,619][com.java.SeleniumDriver] [  869] - DataField : test
[INFO ][2015-12-11 19:35:41,619][com.java.SeleniumDriver] [  871] - DataValue : Concept#2:1-2
[INFO ][2015-12-11 19:35:41,619][com.java.SeleniumDriver] [  877] - <In Set values of the page>
[INFO ][2015-12-11 19:35:41,619][com.java.SeleniumDriver] [  880] - {Data Fields & Data Values Exist}
[INFO ][2015-12-11 19:35:41,619][com.java.SeleniumDriver] [  882] - --------------------------setting values-----------------------------
[INFO ][2015-12-11 19:35:41,619][com.java.SeleniumDriver] [  885] - Action Type : ExecuteTestCase
[INFO ][2015-12-11 19:35:41,619][com.java.TestType] [  436] - The Concept sheet name is ---------- Concept
[INFO ][2015-12-11 19:35:41,619][com.java.TestType] [  439] - The Concept ID  is ---------- 2
[DEBUG][2015-12-11 19:35:41,619][com.java.TestType] [  443] - Steps being executted in the Concept are: 1:2
[INFO ][2015-12-11 19:35:41,619][com.java.TestType] [  450] - Test data details path ---------- D:\BankersDashboard\TestInputs\TestData.xls
[INFO ][2015-12-11 19:35:41,649][com.java.TestType] [  481] -  str(1) = 2
[INFO ][2015-12-11 19:35:41,649][com.java.TestType] [  484] - Test case Id is---2
[INFO ][2015-12-11 19:35:41,649][com.java.TestType] [  486] - 2
[INFO ][2015-12-11 19:35:41,649][com.java.TestType] [  481] -  str(2) = 1
[INFO ][2015-12-11 19:35:41,649][com.java.TestType] [  533] - row values are--------{1=com.java.Objects.TestDataDetails@3b39be}
[INFO ][2015-12-11 19:35:41,649][com.java.TestType] [  481] -  str(1) = 2
[INFO ][2015-12-11 19:35:41,649][com.java.TestType] [  484] - Test case Id is---2
[INFO ][2015-12-11 19:35:41,649][com.java.TestType] [  486] - 2
[INFO ][2015-12-11 19:35:41,649][com.java.TestType] [  481] -  str(2) = 2
[INFO ][2015-12-11 19:35:41,649][com.java.TestType] [  533] - row values are--------{1=com.java.Objects.TestDataDetails@3b39be, 2=com.java.Objects.TestDataDetails@1943b72}
[INFO ][2015-12-11 19:35:41,649][com.java.TestType] [  481] -  str(1) = 2
[INFO ][2015-12-11 19:35:41,649][com.java.TestType] [  484] - Test case Id is---2
[INFO ][2015-12-11 19:35:41,649][com.java.TestType] [  486] - 2
[INFO ][2015-12-11 19:35:41,649][com.java.TestType] [  481] -  str(2) = 3
[INFO ][2015-12-11 19:35:41,649][com.java.TestType] [  533] - row values are--------{1=com.java.Objects.TestDataDetails@3b39be, 2=com.java.Objects.TestDataDetails@1943b72, 3=com.java.Objects.TestDataDetails@342c15}
[INFO ][2015-12-11 19:35:41,649][com.java.TestType] [10080] - Looping 1TCID = 2
[DEBUG][2015-12-11 19:35:41,649][com.java.TestType] [10121] - Concept ID:2 :: Step being Executed: 2::1
[INFO ][2015-12-11 19:35:41,649][com.java.TestType] [10159] - dataFields : BNK//select[@id='bank']
[DEBUG][2015-12-11 19:35:41,649][com.java.TestType] [10165] - <In Set values of the page>
[DEBUG][2015-12-11 19:35:41,649][com.java.TestType] [10170] - {Data Fields & Data Values Exist}
[INFO ][2015-12-11 19:35:41,649][com.java.TestType] [10176] - --------------------------setting values-----------------------------
[INFO ][2015-12-11 19:35:41,649][com.java.TestType] [10179] - Action Type : Select
[INFO ][2015-12-11 19:35:41,649][com.java.TestType] [ 5501] - value = PFC
[INFO ][2015-12-11 19:35:41,839][com.java.TestType] [10198] -  RESULT true
[INFO ][2015-12-11 19:35:41,839][com.java.TestType] [10315] - ?   P A S S   ?
[DEBUG][2015-12-11 19:35:41,839][com.java.TestType] [10121] - Concept ID:2 :: Step being Executed: 2::2
[INFO ][2015-12-11 19:35:41,839][com.java.TestType] [10159] - dataFields : LNKLogout
[DEBUG][2015-12-11 19:35:41,839][com.java.TestType] [10165] - <In Set values of the page>
[DEBUG][2015-12-11 19:35:41,839][com.java.TestType] [10170] - {Data Fields & Data Values Exist}
[INFO ][2015-12-11 19:35:41,839][com.java.TestType] [10176] - --------------------------setting values-----------------------------
[INFO ][2015-12-11 19:35:41,839][com.java.TestType] [10179] - Action Type : WaitTime
[DEBUG][2015-12-11 19:35:41,839][com.java.TestType] [ 5321] - sleepTime: 5000
[INFO ][2015-12-11 19:35:46,839][com.java.TestType] [10198] -  RESULT true
[INFO ][2015-12-11 19:35:46,839][com.java.TestType] [10315] - ?   P A S S   ?
[INFO ][2015-12-11 19:35:46,839][com.java.TestType] [10386] - Looping End......
[INFO ][2015-12-11 19:35:46,839][com.java.SeleniumDriver] [  894] -  RESULT true
[INFO ][2015-12-11 19:35:46,839][com.java.SeleniumDriver] [ 1100] - ?   P A S S   ?
[INFO ][2015-12-11 19:35:46,839][com.java.SeleniumDriver] [  821] - ------------------------------------------
[INFO ][2015-12-11 19:35:46,839][com.java.SeleniumDriver] [  822] - Test case being Executed: 6
[INFO ][2015-12-11 19:35:46,839][com.java.SeleniumDriver] [  833] - Test step:4
[INFO ][2015-12-11 19:35:46,839][com.java.SeleniumDriver] [  845] - Datavalue is----------5
[INFO ][2015-12-11 19:35:46,839][com.java.SeleniumDriver] [  869] - DataField : LNKSettings
[INFO ][2015-12-11 19:35:46,839][com.java.SeleniumDriver] [  871] - DataValue : 5
[INFO ][2015-12-11 19:35:46,839][com.java.SeleniumDriver] [  877] - <In Set values of the page>
[INFO ][2015-12-11 19:35:46,839][com.java.SeleniumDriver] [  880] - {Data Fields & Data Values Exist}
[INFO ][2015-12-11 19:35:46,839][com.java.SeleniumDriver] [  882] - --------------------------setting values-----------------------------
[INFO ][2015-12-11 19:35:46,839][com.java.SeleniumDriver] [  885] - Action Type : WAITFORELEMENT
[INFO ][2015-12-11 19:35:46,930][com.java.SeleniumDriver] [  894] -  RESULT true
[INFO ][2015-12-11 19:35:46,930][com.java.SeleniumDriver] [ 1100] - ?   P A S S   ?
[INFO ][2015-12-11 19:35:46,930][com.java.SeleniumDriver] [  821] - ------------------------------------------
[INFO ][2015-12-11 19:35:46,930][com.java.SeleniumDriver] [  822] - Test case being Executed: 6
[INFO ][2015-12-11 19:35:46,930][com.java.SeleniumDriver] [  833] - Test step:5
[INFO ][2015-12-11 19:35:46,930][com.java.SeleniumDriver] [  845] - Datavalue is----------null
[DEBUG][2015-12-11 19:35:46,930][com.java.SeleniumDriver] [  863] - Exception: null
[INFO ][2015-12-11 19:35:46,930][com.java.SeleniumDriver] [  869] - DataField : //span[@class='icon-hammer']&&//a[text()='Custom Calculations']
[INFO ][2015-12-11 19:35:46,930][com.java.SeleniumDriver] [  871] - DataValue : 
[INFO ][2015-12-11 19:35:46,930][com.java.SeleniumDriver] [  877] - <In Set values of the page>
[INFO ][2015-12-11 19:35:46,930][com.java.SeleniumDriver] [  880] - {Data Fields & Data Values Exist}
[INFO ][2015-12-11 19:35:46,930][com.java.SeleniumDriver] [  882] - --------------------------setting values-----------------------------
[INFO ][2015-12-11 19:35:46,930][com.java.SeleniumDriver] [  885] - Action Type : MOUSEOVER
[INFO ][2015-12-11 19:36:09,889][com.java.SeleniumDriver] [  894] -  RESULT true
[INFO ][2015-12-11 19:36:09,889][com.java.SeleniumDriver] [ 1100] - ?   P A S S   ?
[INFO ][2015-12-11 19:36:09,889][com.java.SeleniumDriver] [  821] - ------------------------------------------
[INFO ][2015-12-11 19:36:09,889][com.java.SeleniumDriver] [  822] - Test case being Executed: 6
[INFO ][2015-12-11 19:36:09,889][com.java.SeleniumDriver] [  833] - Test step:6
[INFO ][2015-12-11 19:36:09,889][com.java.SeleniumDriver] [  845] - Datavalue is----------5
[INFO ][2015-12-11 19:36:09,889][com.java.SeleniumDriver] [  869] - DataField : BTN//iframe[@class='frameTabContent']
[INFO ][2015-12-11 19:36:09,889][com.java.SeleniumDriver] [  871] - DataValue : 5
[INFO ][2015-12-11 19:36:09,889][com.java.SeleniumDriver] [  877] - <In Set values of the page>
[INFO ][2015-12-11 19:36:09,889][com.java.SeleniumDriver] [  880] - {Data Fields & Data Values Exist}
[INFO ][2015-12-11 19:36:09,889][com.java.SeleniumDriver] [  882] - --------------------------setting values-----------------------------
[INFO ][2015-12-11 19:36:09,889][com.java.SeleniumDriver] [  885] - Action Type : waitforelement
[INFO ][2015-12-11 19:36:09,920][com.java.SeleniumDriver] [  894] -  RESULT true
[INFO ][2015-12-11 19:36:09,920][com.java.SeleniumDriver] [ 1100] - ?   P A S S   ?
[INFO ][2015-12-11 19:36:09,920][com.java.SeleniumDriver] [  821] - ------------------------------------------
[INFO ][2015-12-11 19:36:09,920][com.java.SeleniumDriver] [  822] - Test case being Executed: 6
[INFO ][2015-12-11 19:36:09,920][com.java.SeleniumDriver] [  833] - Test step:7
[INFO ][2015-12-11 19:36:09,920][com.java.SeleniumDriver] [  845] - Datavalue is----------null
[DEBUG][2015-12-11 19:36:09,920][com.java.SeleniumDriver] [  863] - Exception: null
[INFO ][2015-12-11 19:36:09,920][com.java.SeleniumDriver] [  869] - DataField : BTN//iframe[@class='frameTabContent']
[INFO ][2015-12-11 19:36:09,920][com.java.SeleniumDriver] [  871] - DataValue : 
[INFO ][2015-12-11 19:36:09,920][com.java.SeleniumDriver] [  877] - <In Set values of the page>
[INFO ][2015-12-11 19:36:09,920][com.java.SeleniumDriver] [  880] - {Data Fields & Data Values Exist}
[INFO ][2015-12-11 19:36:09,920][com.java.SeleniumDriver] [  882] - --------------------------setting values-----------------------------
[INFO ][2015-12-11 19:36:09,920][com.java.SeleniumDriver] [  885] - Action Type : SELECTFRAME
[INFO ][2015-12-11 19:36:10,000][com.java.SeleniumDriver] [  894] -  RESULT true
[INFO ][2015-12-11 19:36:10,000][com.java.SeleniumDriver] [ 1100] - ?   P A S S   ?
[INFO ][2015-12-11 19:36:10,000][com.java.SeleniumDriver] [  821] - ------------------------------------------
[INFO ][2015-12-11 19:36:10,000][com.java.SeleniumDriver] [  822] - Test case being Executed: 6
[INFO ][2015-12-11 19:36:10,000][com.java.SeleniumDriver] [  833] - Test step:8
[INFO ][2015-12-11 19:36:10,000][com.java.SeleniumDriver] [  845] - Datavalue is----------5
[INFO ][2015-12-11 19:36:10,000][com.java.SeleniumDriver] [  869] - DataField : XPH//h1[contains(text(), 'Custom Calculations')]
[INFO ][2015-12-11 19:36:10,000][com.java.SeleniumDriver] [  871] - DataValue : 5
[INFO ][2015-12-11 19:36:10,000][com.java.SeleniumDriver] [  877] - <In Set values of the page>
[INFO ][2015-12-11 19:36:10,000][com.java.SeleniumDriver] [  880] - {Data Fields & Data Values Exist}
[INFO ][2015-12-11 19:36:10,000][com.java.SeleniumDriver] [  882] - --------------------------setting values-----------------------------
[INFO ][2015-12-11 19:36:10,000][com.java.SeleniumDriver] [  885] - Action Type : waitforelement
[INFO ][2015-12-11 19:36:10,050][com.java.SeleniumDriver] [  894] -  RESULT true
[INFO ][2015-12-11 19:36:10,050][com.java.SeleniumDriver] [ 1100] - ?   P A S S   ?
[INFO ][2015-12-11 19:36:10,050][com.java.SeleniumDriver] [  821] - ------------------------------------------
[INFO ][2015-12-11 19:36:10,050][com.java.SeleniumDriver] [  822] - Test case being Executed: 6
[INFO ][2015-12-11 19:36:10,050][com.java.SeleniumDriver] [  833] - Test step:9
[INFO ][2015-12-11 19:36:10,050][com.java.SeleniumDriver] [  845] - Datavalue is----------Custom Calculations
[INFO ][2015-12-11 19:36:10,050][com.java.SeleniumDriver] [  869] - DataField : MSG
[INFO ][2015-12-11 19:36:10,050][com.java.SeleniumDriver] [  871] - DataValue : Custom Calculations
[INFO ][2015-12-11 19:36:10,050][com.java.SeleniumDriver] [  877] - <In Set values of the page>
[INFO ][2015-12-11 19:36:10,050][com.java.SeleniumDriver] [  880] - {Data Fields & Data Values Exist}
[INFO ][2015-12-11 19:36:10,050][com.java.SeleniumDriver] [  882] - --------------------------setting values-----------------------------
[INFO ][2015-12-11 19:36:10,050][com.java.SeleniumDriver] [  885] - Action Type : Verify
[INFO ][2015-12-11 19:36:10,050][com.java.TestType] [ 6766] - field= MSG value= Custom Calculations
[INFO ][2015-12-11 19:36:10,050][com.java.TestType] [ 5501] - value = Custom Calculations
[DEBUG][2015-12-11 19:36:10,050][com.java.TestType] [ 7587] - value :: Custom Calculations
[INFO ][2015-12-11 19:36:10,070][com.java.SeleniumDriver] [  894] -  RESULT true
[INFO ][2015-12-11 19:36:10,070][com.java.SeleniumDriver] [ 1100] - ?   P A S S   ?
[INFO ][2015-12-11 19:36:10,070][com.java.SeleniumDriver] [  821] - ------------------------------------------
[INFO ][2015-12-11 19:36:10,070][com.java.SeleniumDriver] [  822] - Test case being Executed: 6
[INFO ][2015-12-11 19:36:10,070][com.java.SeleniumDriver] [  833] - Test step:10
[INFO ][2015-12-11 19:36:10,070][com.java.SeleniumDriver] [  845] - Datavalue is----------5
[INFO ][2015-12-11 19:36:10,070][com.java.SeleniumDriver] [  869] - DataField : XPH//a[contains(text(), 'Add Calculation')]
[INFO ][2015-12-11 19:36:10,070][com.java.SeleniumDriver] [  871] - DataValue : 5
[INFO ][2015-12-11 19:36:10,070][com.java.SeleniumDriver] [  877] - <In Set values of the page>
[INFO ][2015-12-11 19:36:10,070][com.java.SeleniumDriver] [  880] - {Data Fields & Data Values Exist}
[INFO ][2015-12-11 19:36:10,070][com.java.SeleniumDriver] [  882] - --------------------------setting values-----------------------------
[INFO ][2015-12-11 19:36:10,070][com.java.SeleniumDriver] [  885] - Action Type : waitforelement
[INFO ][2015-12-11 19:36:10,100][com.java.SeleniumDriver] [  894] -  RESULT true
[INFO ][2015-12-11 19:36:10,100][com.java.SeleniumDriver] [ 1100] - ?   P A S S   ?
[INFO ][2015-12-11 19:36:10,100][com.java.SeleniumDriver] [  821] - ------------------------------------------
[INFO ][2015-12-11 19:36:10,100][com.java.SeleniumDriver] [  822] - Test case being Executed: 6
[INFO ][2015-12-11 19:36:10,100][com.java.SeleniumDriver] [  833] - Test step:11
[INFO ][2015-12-11 19:36:10,100][com.java.SeleniumDriver] [  845] - Datavalue is----------null
[DEBUG][2015-12-11 19:36:10,100][com.java.SeleniumDriver] [  863] - Exception: null
[INFO ][2015-12-11 19:36:10,100][com.java.SeleniumDriver] [  869] - DataField : ENB//a[contains(text(), 'Add Calculation')]
[INFO ][2015-12-11 19:36:10,100][com.java.SeleniumDriver] [  871] - DataValue : 
[INFO ][2015-12-11 19:36:10,100][com.java.SeleniumDriver] [  877] - <In Set values of the page>
[INFO ][2015-12-11 19:36:10,100][com.java.SeleniumDriver] [  880] - {Data Fields & Data Values Exist}
[INFO ][2015-12-11 19:36:10,100][com.java.SeleniumDriver] [  882] - --------------------------setting values-----------------------------
[INFO ][2015-12-11 19:36:10,100][com.java.SeleniumDriver] [  885] - Action Type : click
[INFO ][2015-12-11 19:36:10,100][com.java.TestType] [ 5851] - Field ::ENB//a[contains(text(), 'Add Calculation')]
[INFO ][2015-12-11 19:36:10,100][com.java.TestType] [ 5501] - value = 
[INFO ][2015-12-11 19:36:31,771][com.java.SeleniumDriver] [  894] -  RESULT true
[INFO ][2015-12-11 19:36:31,771][com.java.SeleniumDriver] [ 1100] - ?   P A S S   ?
[INFO ][2015-12-11 19:36:31,771][com.java.SeleniumDriver] [  821] - ------------------------------------------
[INFO ][2015-12-11 19:36:31,771][com.java.SeleniumDriver] [  822] - Test case being Executed: 6
[INFO ][2015-12-11 19:36:31,771][com.java.SeleniumDriver] [  833] - Test step:12
[INFO ][2015-12-11 19:36:31,771][com.java.SeleniumDriver] [  845] - Datavalue is----------5
[INFO ][2015-12-11 19:36:31,771][com.java.SeleniumDriver] [  869] - DataField : XPH//button[text()='+']
[INFO ][2015-12-11 19:36:31,771][com.java.SeleniumDriver] [  871] - DataValue : 5
[INFO ][2015-12-11 19:36:31,771][com.java.SeleniumDriver] [  877] - <In Set values of the page>
[INFO ][2015-12-11 19:36:31,771][com.java.SeleniumDriver] [  880] - {Data Fields & Data Values Exist}
[INFO ][2015-12-11 19:36:31,771][com.java.SeleniumDriver] [  882] - --------------------------setting values-----------------------------
[INFO ][2015-12-11 19:36:31,771][com.java.SeleniumDriver] [  885] - Action Type : waitforelement
[DEBUG][2015-12-11 19:38:18,904][com.java.TestType] [ 6454] - //button[text()='+']   :: Element not Found
[INFO ][2015-12-11 19:38:18,904][com.java.SeleniumDriver] [  894] -  RESULT false
[INFO ][2015-12-11 19:38:18,904][com.java.SeleniumDriver] [  941] - ?   F A I L   ?
[INFO ][2015-12-11 19:38:18,904][com.java.SeleniumDriver] [  949] - Browser Type : IE10
[INFO ][2015-12-11 19:38:18,904][com.java.SeleniumDriver] [  950] - Adding Failed case6
[INFO ][2015-12-11 19:38:27,525][com.java.SeleniumDriver] [ 1064] - failedCases = 6
[ERROR][2015-12-11 19:38:27,525][com.java.SeleniumDriver] [ 1561] - Platform Errors : Our apologies...::We have encountered an issue with your request.::Our apologies?:We encountered an issue with your request.
[INFO ][2015-12-11 19:38:27,525][com.java.SeleniumDriver] [ 1565] - Length =3
[ERROR][2015-12-11 19:38:27,525][com.java.SeleniumDriver] [ 1568] - Error 0 = Our apologies...
[ERROR][2015-12-11 19:38:27,546][com.java.SeleniumDriver] [ 1568] - Error 1 = We have encountered an issue with your request.
[ERROR][2015-12-11 19:38:27,556][com.java.SeleniumDriver] [ 1568] - Error 2 = Our apologies?:We encountered an issue with your request.
[INFO ][2015-12-11 19:38:27,566][com.java.SeleniumDriver] [ 1579] - strError:
[DEBUG][2015-12-11 19:38:27,576][com.java.SeleniumDriver] [ 1212] - Case found
[DEBUG][2015-12-11 19:38:27,576][com.java.SeleniumDriver] [ 1217] - Incrementing ReportCounters[0]:2
[INFO ][2015-12-11 19:38:27,576][com.java.SeleniumDriver] [ 1236] - The results are-------------------[6, 12, Add Custom Calculation, Fail, 
Test case failed at Step No. :: 12   Error Message ::  //button[text()='+']   :: Element not Found. Screen Shot : D:\BankersDashboard\TestReports\121115\6_121115_193818_IE10.png, Fri Dec 11 19:38:27 IST 2015]
[INFO ][2015-12-11 19:38:27,576][com.java.SeleniumDriver] [ 1240] - End time is-------4 min 22 sec
[INFO ][2015-12-11 19:38:27,576][com.java.SeleniumDriver] [ 1241] - The results are-------------------[6, 12, Add Custom Calculation, Fail, 
Test case failed at Step No. :: 12   Error Message ::  //button[text()='+']   :: Element not Found. Screen Shot : D:\BankersDashboard\TestReports\121115\6_121115_193818_IE10.png, Fri Dec 11 19:38:27 IST 2015]
[DEBUG][2015-12-11 19:38:27,576][com.java.ImportnExport.ExportTestResultsExcel] [  222] - testResultPath = D:\BankersDashboard/TestReports/Test Results_BankersDashBoard_121115_193406_IE10_Simmons First National Bank.xls
[DEBUG][2015-12-11 19:38:27,576][com.java.ImportnExport.ExportTestResultsExcel] [  223] - browser is------------IE10
[DEBUG][2015-12-11 19:38:27,576][com.java.ImportnExport.ExportTestResultsExcel] [  270] - result.size() = 6
[DEBUG][2015-12-11 19:38:27,576][com.java.ImportnExport.ExportTestResultsExcel] [  274] - No of rows in sheet=2
[DEBUG][2015-12-11 19:38:27,576][com.java.ImportnExport.ExportTestResultsExcel] [  301] - ..in export..6
[DEBUG][2015-12-11 19:38:27,576][com.java.ImportnExport.ExportTestResultsExcel] [  301] - ..in export..Add Custom Calculation
[DEBUG][2015-12-11 19:38:27,576][com.java.ImportnExport.ExportTestResultsExcel] [  301] - ..in export..Fail
[DEBUG][2015-12-11 19:38:27,576][com.java.ImportnExport.ExportTestResultsExcel] [  301] - ..in export..
Test case failed at Step No. :: 12   Error Message ::  //button[text()='+']   :: Element not Found. Screen Shot : D:\BankersDashboard\TestReports\121115\6_121115_193818_IE10.png
[DEBUG][2015-12-11 19:38:27,576][com.java.ImportnExport.ExportTestResultsExcel] [  301] - ..in export..Fri Dec 11 19:38:27 IST 2015
[INFO ][2015-12-11 19:38:27,576][com.java.SeleniumDriver] [ 1299] - out loop:1 size:2 TestCases:[1, 6] testcases:[1, 6]
[INFO ][2015-12-11 19:38:29,576][com.java.SeleniumDriver] [ 1342] - Total Number of Cases:2
[INFO ][2015-12-11 19:38:29,576][com.java.TemplateGenerator] [  302] - Executed:2
[INFO ][2015-12-11 19:38:29,576][com.java.TemplateGenerator] [  303] - Passed:1
[INFO ][2015-12-11 19:38:29,576][com.java.TemplateGenerator] [  304] - Failed:1
[INFO ][2015-12-11 19:38:29,576][com.java.TemplateGenerator] [  305] - Skipeed:0
[INFO ][2015-12-11 19:38:29,576][com.java.TemplateGenerator] [  306] - Application URL:https://clients-xuat.bankersdashboard.com
[INFO ][2015-12-11 19:38:29,576][com.java.TemplateGenerator] [  307] - Start Time:121115_193406
[INFO ][2015-12-11 19:38:29,576][com.java.TemplateGenerator] [  308] -  Creating HTML Report 
[ERROR][2015-12-11 19:38:29,576][com.java.TemplateGenerator] [  409] - Unparseable date: "Fri Dec 11 07:34:06 IST 2015"
[INFO ][2015-12-11 19:38:29,576][com.java.TemplateGenerator] [  654] -  Exporting case :: 1
[INFO ][2015-12-11 19:38:29,576][com.java.TemplateGenerator] [  654] -  Exporting case :: 6
[INFO ][2015-12-11 19:38:29,576][com.java.SeleniumDriver] [ 1391] - End Time:121115_193829
[INFO ][2015-12-11 19:38:29,576][com.java.SeleniumDriver] [ 1394] - Data in Test Execution Details:{1=PASS, 6=FAILTest case failed at Step No. :: 12   Error Message ::  //button[text()='+']   :: Element not Found}
[INFO ][2015-12-11 19:38:29,576][com.java.SeleniumDriver] [ 1395] - Data in Failed Execution Deatils:{}
[INFO ][2015-12-11 19:38:29,576][com.java.SeleniumDriver] [ 1397] - ReportCounter:Total:2 :: PASS: 1 ::FAIL: 1
[INFO ][2015-12-11 19:38:29,576][com.java.SeleniumDriver] [ 1398] - FailedReportCounter:Total:0 :: PASS: 0 ::FAIL: 0
[INFO ][2015-12-11 19:38:29,577][com.java.EmailTestReport] [   63] - Sending report mail details:
[INFO ][2015-12-11 19:38:29,577][com.java.EmailTestReport] [   80] - Excel Report Path:D:\BankersDashboard/TestReports/Test Results_BankersDashBoard_121115_193406_IE10_Simmons First National Bank.xls
[INFO ][2015-12-11 19:38:29,577][com.java.EmailTestReport] [   81] - HTML Report Path:D:\BankersDashboard//TestReports//Test Results_BankersDashBoard_121115_193406_IE10_Simmons First National Bank.html
[INFO ][2015-12-11 19:38:29,577][com.java.EmailTestReport] [   82] - smtpHostName:mail01.valuelabs.com
[INFO ][2015-12-11 19:38:29,577][com.java.EmailTestReport] [   83] - Recipient:venkateswararao.gubbala@valuelabs.com;
[INFO ][2015-12-11 19:38:29,577][com.java.EmailTestReport] [   84] - From:venkateswararao.gubbala@valuelabs.com;
[INFO ][2015-12-11 19:38:29,577][com.java.EmailTestReport] [   85] - Subject:Deluxe Corp Bankers Dashboard Automation Test Report - Simmons First National Bank - IE10
[INFO ][2015-12-11 19:38:29,597][com.java.EmailTestReport] [  143] -  Added venkateswararao.gubbala@valuelabs.com
[INFO ][2015-12-11 19:38:32,997][com.java.SeleniumDriver] [  720] - quitting the browser 
[INFO ][2015-12-11 19:38:34,312][com.java.SeleniumDriver] [  264] - Execution Completed Stopping the thread
