[INFO ][2015-11-04 14:41:38,263][com.java.SeleniumDriver] [  213] - Execute Failed Casesfalse
[INFO ][2015-11-04 14:41:38,263][com.java.SeleniumDriver] [  214] - Browser: IE11
[INFO ][2015-11-04 14:41:38,263][com.java.SeleniumDriver] [  215] - [1, 7]
[INFO ][2015-11-04 14:41:38,263][com.java.SeleniumDriver] [  216] - Total TestCases:2
[INFO ][2015-11-04 14:41:38,263][com.java.SeleniumDriver] [  217] -  Reading Properties from Property File 
[DEBUG][2015-11-04 14:41:38,263][com.java.SeleniumDriver] [  238] - url : https://clients-xuat.bankersdashboard.com
[INFO ][2015-11-04 14:41:38,273][com.java.ImportnExport.ExportTestResultsExcel] [  116] - Time Stamp Wed Nov 04 02:41:38 IST 2015
[INFO ][2015-11-04 14:41:38,273][com.java.ImportnExport.ExportTestResultsExcel] [  175] - OUT FILE : D:\BankersDashboard/TestReports/Test Results_BankersDashBoard_110415_144138_IE11_Bank of North Carolina.xls
[INFO ][2015-11-04 14:41:38,284][com.java.ImportnExport.ExportTestResultsExcel] [  180] - Test Result file is created
[DEBUG][2015-11-04 14:41:38,394][com.java.SeleniumDriver] [  425] - Hub ip address is-------172.17.68.34
[INFO ][2015-11-04 14:41:38,394][com.java.SeleniumDriver] [  451] - Grid URL:http://172.17.68.34:4444/wd/hub
[INFO ][2015-11-04 14:41:38,394][com.java.SeleniumDriver] [  452] - Capability:Capabilities [{platform=ANY, ensureCleanSession=true, ignoreProtectedModeSettings=true, acceptSslCerts=true, ignoreZoomSetting=true, browserName=internet explorer, browserstack.ie.noFlash=true, version=Node1}]
[ERROR][2015-11-04 14:41:39,684][com.java.SeleniumDriver] [  496] - Unable invoke browser in grid:Could not start a new session. Possible causes are invalid address of the remote server or browser start-up failure.
Build info: version: '2.48.2', revision: '41bccdd', time: '2015-10-09 19:59:12'
System info: host: 'FVTIII438F1D', ip: '172.17.68.34', os.name: 'Windows 7', os.arch: 'x86', os.version: '6.1', java.version: '1.7.0_55'
Driver info: driver.version: SeleniumDriver
[INFO ][2015-11-04 14:41:39,684][com.java.SeleniumDriver] [  498] - Executing on local machine
[INFO ][2015-11-04 14:41:48,908][com.java.SeleniumDriver] [  248] - IE11is opened
[INFO ][2015-11-04 14:41:49,596][com.java.SeleniumDriver] [  752] - Test cases to be executed are: [1, 7]
[INFO ][2015-11-04 14:41:49,596][com.java.ImportnExport.ImportTestDataDetailsExcel] [   49] - test data details path===== D:\BankersDashboard\TestInputs\TestData.xls
[INFO ][2015-11-04 14:42:00,617][com.java.SeleniumDriver] [  788] - ------------------------------------------
[INFO ][2015-11-04 14:42:00,617][com.java.SeleniumDriver] [  789] - Test case being Executed: 1
[INFO ][2015-11-04 14:42:00,618][com.java.SeleniumDriver] [  800] - Test step:1
[INFO ][2015-11-04 14:42:00,618][com.java.SeleniumDriver] [  812] - Datavalue is----------Concept#1:1-14
[INFO ][2015-11-04 14:42:00,618][com.java.SeleniumDriver] [  836] - DataField : test
[INFO ][2015-11-04 14:42:00,618][com.java.SeleniumDriver] [  838] - DataValue : Concept#1:1-14
[INFO ][2015-11-04 14:42:00,618][com.java.SeleniumDriver] [  844] - <In Set values of the page>
[INFO ][2015-11-04 14:42:00,618][com.java.SeleniumDriver] [  847] - {Data Fields & Data Values Exist}
[INFO ][2015-11-04 14:42:00,618][com.java.SeleniumDriver] [  849] - --------------------------setting values-----------------------------
[INFO ][2015-11-04 14:42:00,618][com.java.SeleniumDriver] [  852] - Action Type : ExecuteTestCase
[INFO ][2015-11-04 14:42:00,648][com.java.TestType] [  411] - The Concept sheet name is ---------- Concept
[INFO ][2015-11-04 14:42:00,648][com.java.TestType] [  414] - The Concept ID  is ---------- 1
[DEBUG][2015-11-04 14:42:00,648][com.java.TestType] [  418] - Steps being executted in the Concept are: 1:14
[INFO ][2015-11-04 14:42:00,648][com.java.TestType] [  425] - Test data details path ---------- D:\BankersDashboard\TestInputs\TestData.xls
[INFO ][2015-11-04 14:42:00,678][com.java.TestType] [  456] -  str(1) = 1
[INFO ][2015-11-04 14:42:00,678][com.java.TestType] [  459] - Test case Id is---1
[INFO ][2015-11-04 14:42:00,678][com.java.TestType] [  461] - 1
[INFO ][2015-11-04 14:42:00,678][com.java.TestType] [  456] -  str(2) = 1
[INFO ][2015-11-04 14:42:00,678][com.java.TestType] [  508] - row values are--------{1=com.java.Objects.TestDataDetails@68780f}
[INFO ][2015-11-04 14:42:00,678][com.java.TestType] [  456] -  str(1) = 1
[INFO ][2015-11-04 14:42:00,678][com.java.TestType] [  459] - Test case Id is---1
[INFO ][2015-11-04 14:42:00,678][com.java.TestType] [  461] - 1
[INFO ][2015-11-04 14:42:00,678][com.java.TestType] [  456] -  str(2) = 2
[INFO ][2015-11-04 14:42:00,678][com.java.TestType] [  508] - row values are--------{1=com.java.Objects.TestDataDetails@68780f, 2=com.java.Objects.TestDataDetails@615597}
[INFO ][2015-11-04 14:42:00,678][com.java.TestType] [  456] -  str(1) = 1
[INFO ][2015-11-04 14:42:00,678][com.java.TestType] [  459] - Test case Id is---1
[INFO ][2015-11-04 14:42:00,678][com.java.TestType] [  461] - 1
[INFO ][2015-11-04 14:42:00,678][com.java.TestType] [  456] -  str(2) = 3
[INFO ][2015-11-04 14:42:00,688][com.java.TestType] [  508] - row values are--------{1=com.java.Objects.TestDataDetails@68780f, 2=com.java.Objects.TestDataDetails@615597, 3=com.java.Objects.TestDataDetails@1706821}
[INFO ][2015-11-04 14:42:00,688][com.java.TestType] [  456] -  str(1) = 1
[INFO ][2015-11-04 14:42:00,688][com.java.TestType] [  459] - Test case Id is---1
[INFO ][2015-11-04 14:42:00,688][com.java.TestType] [  461] - 1
[INFO ][2015-11-04 14:42:00,688][com.java.TestType] [  456] -  str(2) = 4
[INFO ][2015-11-04 14:42:00,688][com.java.TestType] [  508] - row values are--------{1=com.java.Objects.TestDataDetails@68780f, 2=com.java.Objects.TestDataDetails@615597, 3=com.java.Objects.TestDataDetails@1706821, 4=com.java.Objects.TestDataDetails@1095dcb}
[INFO ][2015-11-04 14:42:00,688][com.java.TestType] [  456] -  str(1) = 1
[INFO ][2015-11-04 14:42:00,688][com.java.TestType] [  459] - Test case Id is---1
[INFO ][2015-11-04 14:42:00,688][com.java.TestType] [  461] - 1
[INFO ][2015-11-04 14:42:00,688][com.java.TestType] [  456] -  str(2) = 5
[INFO ][2015-11-04 14:42:00,688][com.java.TestType] [  508] - row values are--------{1=com.java.Objects.TestDataDetails@68780f, 2=com.java.Objects.TestDataDetails@615597, 3=com.java.Objects.TestDataDetails@1706821, 4=com.java.Objects.TestDataDetails@1095dcb, 5=com.java.Objects.TestDataDetails@1ac3d0c}
[INFO ][2015-11-04 14:42:00,688][com.java.TestType] [  456] -  str(1) = 1
[INFO ][2015-11-04 14:42:00,688][com.java.TestType] [  459] - Test case Id is---1
[INFO ][2015-11-04 14:42:00,688][com.java.TestType] [  461] - 1
[INFO ][2015-11-04 14:42:00,688][com.java.TestType] [  456] -  str(2) = 6
[INFO ][2015-11-04 14:42:00,688][com.java.TestType] [  508] - row values are--------{1=com.java.Objects.TestDataDetails@68780f, 2=com.java.Objects.TestDataDetails@615597, 3=com.java.Objects.TestDataDetails@1706821, 4=com.java.Objects.TestDataDetails@1095dcb, 5=com.java.Objects.TestDataDetails@1ac3d0c, 6=com.java.Objects.TestDataDetails@1872400}
[INFO ][2015-11-04 14:42:00,688][com.java.TestType] [  456] -  str(1) = 1
[INFO ][2015-11-04 14:42:00,688][com.java.TestType] [  459] - Test case Id is---1
[INFO ][2015-11-04 14:42:00,688][com.java.TestType] [  461] - 1
[INFO ][2015-11-04 14:42:00,688][com.java.TestType] [  456] -  str(2) = 7
[INFO ][2015-11-04 14:42:00,688][com.java.TestType] [  508] - row values are--------{1=com.java.Objects.TestDataDetails@68780f, 2=com.java.Objects.TestDataDetails@615597, 3=com.java.Objects.TestDataDetails@1706821, 4=com.java.Objects.TestDataDetails@1095dcb, 5=com.java.Objects.TestDataDetails@1ac3d0c, 6=com.java.Objects.TestDataDetails@1872400, 7=com.java.Objects.TestDataDetails@28842f}
[INFO ][2015-11-04 14:42:00,688][com.java.TestType] [  456] -  str(1) = 1
[INFO ][2015-11-04 14:42:00,688][com.java.TestType] [  459] - Test case Id is---1
[INFO ][2015-11-04 14:42:00,688][com.java.TestType] [  461] - 1
[INFO ][2015-11-04 14:42:00,688][com.java.TestType] [  456] -  str(2) = 8
[INFO ][2015-11-04 14:42:00,688][com.java.TestType] [  508] - row values are--------{1=com.java.Objects.TestDataDetails@68780f, 2=com.java.Objects.TestDataDetails@615597, 3=com.java.Objects.TestDataDetails@1706821, 4=com.java.Objects.TestDataDetails@1095dcb, 5=com.java.Objects.TestDataDetails@1ac3d0c, 6=com.java.Objects.TestDataDetails@1872400, 7=com.java.Objects.TestDataDetails@28842f, 8=com.java.Objects.TestDataDetails@8c6997}
[INFO ][2015-11-04 14:42:00,688][com.java.TestType] [  456] -  str(1) = 1
[INFO ][2015-11-04 14:42:00,688][com.java.TestType] [  459] - Test case Id is---1
[INFO ][2015-11-04 14:42:00,688][com.java.TestType] [  461] - 1
[INFO ][2015-11-04 14:42:00,688][com.java.TestType] [  456] -  str(2) = 9
[INFO ][2015-11-04 14:42:00,698][com.java.TestType] [  508] - row values are--------{1=com.java.Objects.TestDataDetails@68780f, 2=com.java.Objects.TestDataDetails@615597, 3=com.java.Objects.TestDataDetails@1706821, 4=com.java.Objects.TestDataDetails@1095dcb, 5=com.java.Objects.TestDataDetails@1ac3d0c, 6=com.java.Objects.TestDataDetails@1872400, 7=com.java.Objects.TestDataDetails@28842f, 8=com.java.Objects.TestDataDetails@8c6997, 9=com.java.Objects.TestDataDetails@118b6e2}
[INFO ][2015-11-04 14:42:00,698][com.java.TestType] [  456] -  str(1) = 1
[INFO ][2015-11-04 14:42:00,698][com.java.TestType] [  459] - Test case Id is---1
[INFO ][2015-11-04 14:42:00,698][com.java.TestType] [  461] - 1
[INFO ][2015-11-04 14:42:00,698][com.java.TestType] [  456] -  str(2) = 10
[INFO ][2015-11-04 14:42:00,698][com.java.TestType] [  508] - row values are--------{1=com.java.Objects.TestDataDetails@68780f, 2=com.java.Objects.TestDataDetails@615597, 3=com.java.Objects.TestDataDetails@1706821, 4=com.java.Objects.TestDataDetails@1095dcb, 5=com.java.Objects.TestDataDetails@1ac3d0c, 6=com.java.Objects.TestDataDetails@1872400, 7=com.java.Objects.TestDataDetails@28842f, 8=com.java.Objects.TestDataDetails@8c6997, 9=com.java.Objects.TestDataDetails@118b6e2, 10=com.java.Objects.TestDataDetails@d7cb51}
[INFO ][2015-11-04 14:42:00,698][com.java.TestType] [  456] -  str(1) = 1
[INFO ][2015-11-04 14:42:00,698][com.java.TestType] [  459] - Test case Id is---1
[INFO ][2015-11-04 14:42:00,698][com.java.TestType] [  461] - 1
[INFO ][2015-11-04 14:42:00,698][com.java.TestType] [  456] -  str(2) = 11
[INFO ][2015-11-04 14:42:00,698][com.java.TestType] [  508] - row values are--------{1=com.java.Objects.TestDataDetails@68780f, 2=com.java.Objects.TestDataDetails@615597, 3=com.java.Objects.TestDataDetails@1706821, 4=com.java.Objects.TestDataDetails@1095dcb, 5=com.java.Objects.TestDataDetails@1ac3d0c, 6=com.java.Objects.TestDataDetails@1872400, 7=com.java.Objects.TestDataDetails@28842f, 8=com.java.Objects.TestDataDetails@8c6997, 9=com.java.Objects.TestDataDetails@118b6e2, 10=com.java.Objects.TestDataDetails@d7cb51, 11=com.java.Objects.TestDataDetails@131da31}
[INFO ][2015-11-04 14:42:00,698][com.java.TestType] [  456] -  str(1) = 1
[INFO ][2015-11-04 14:42:00,698][com.java.TestType] [  459] - Test case Id is---1
[INFO ][2015-11-04 14:42:00,698][com.java.TestType] [  461] - 1
[INFO ][2015-11-04 14:42:00,698][com.java.TestType] [  456] -  str(2) = 12
[INFO ][2015-11-04 14:42:00,698][com.java.TestType] [  508] - row values are--------{1=com.java.Objects.TestDataDetails@68780f, 2=com.java.Objects.TestDataDetails@615597, 3=com.java.Objects.TestDataDetails@1706821, 4=com.java.Objects.TestDataDetails@1095dcb, 5=com.java.Objects.TestDataDetails@1ac3d0c, 6=com.java.Objects.TestDataDetails@1872400, 7=com.java.Objects.TestDataDetails@28842f, 8=com.java.Objects.TestDataDetails@8c6997, 9=com.java.Objects.TestDataDetails@118b6e2, 10=com.java.Objects.TestDataDetails@d7cb51, 11=com.java.Objects.TestDataDetails@131da31, 12=com.java.Objects.TestDataDetails@1fc0cb0}
[INFO ][2015-11-04 14:42:00,698][com.java.TestType] [  456] -  str(1) = 1
[INFO ][2015-11-04 14:42:00,698][com.java.TestType] [  459] - Test case Id is---1
[INFO ][2015-11-04 14:42:00,698][com.java.TestType] [  461] - 1
[INFO ][2015-11-04 14:42:00,698][com.java.TestType] [  456] -  str(2) = 13
[INFO ][2015-11-04 14:42:00,698][com.java.TestType] [  508] - row values are--------{1=com.java.Objects.TestDataDetails@68780f, 2=com.java.Objects.TestDataDetails@615597, 3=com.java.Objects.TestDataDetails@1706821, 4=com.java.Objects.TestDataDetails@1095dcb, 5=com.java.Objects.TestDataDetails@1ac3d0c, 6=com.java.Objects.TestDataDetails@1872400, 7=com.java.Objects.TestDataDetails@28842f, 8=com.java.Objects.TestDataDetails@8c6997, 9=com.java.Objects.TestDataDetails@118b6e2, 10=com.java.Objects.TestDataDetails@d7cb51, 11=com.java.Objects.TestDataDetails@131da31, 12=com.java.Objects.TestDataDetails@1fc0cb0, 13=com.java.Objects.TestDataDetails@452fb4}
[INFO ][2015-11-04 14:42:00,698][com.java.TestType] [  456] -  str(1) = 1
[INFO ][2015-11-04 14:42:00,698][com.java.TestType] [  459] - Test case Id is---1
[INFO ][2015-11-04 14:42:00,698][com.java.TestType] [  461] - 1
[INFO ][2015-11-04 14:42:00,698][com.java.TestType] [  456] -  str(2) = 14
[INFO ][2015-11-04 14:42:00,698][com.java.TestType] [  508] - row values are--------{1=com.java.Objects.TestDataDetails@68780f, 2=com.java.Objects.TestDataDetails@615597, 3=com.java.Objects.TestDataDetails@1706821, 4=com.java.Objects.TestDataDetails@1095dcb, 5=com.java.Objects.TestDataDetails@1ac3d0c, 6=com.java.Objects.TestDataDetails@1872400, 7=com.java.Objects.TestDataDetails@28842f, 8=com.java.Objects.TestDataDetails@8c6997, 9=com.java.Objects.TestDataDetails@118b6e2, 10=com.java.Objects.TestDataDetails@d7cb51, 11=com.java.Objects.TestDataDetails@131da31, 12=com.java.Objects.TestDataDetails@1fc0cb0, 13=com.java.Objects.TestDataDetails@452fb4, 14=com.java.Objects.TestDataDetails@997b5c}
[INFO ][2015-11-04 14:42:00,698][com.java.TestType] [ 7899] - Looping 1TCID = 1
[DEBUG][2015-11-04 14:42:00,698][com.java.TestType] [ 7940] - Concept ID:1 :: Step being Executed: 1::1
[INFO ][2015-11-04 14:42:00,698][com.java.TestType] [ 7978] - dataFields : TXTusername
[DEBUG][2015-11-04 14:42:00,698][com.java.TestType] [ 7984] - <In Set values of the page>
[DEBUG][2015-11-04 14:42:00,698][com.java.TestType] [ 7989] - {Data Fields & Data Values Exist}
[INFO ][2015-11-04 14:42:00,698][com.java.TestType] [ 7995] - --------------------------setting values-----------------------------
[INFO ][2015-11-04 14:42:00,698][com.java.TestType] [ 7998] - Action Type : CLEARANDENTER
[INFO ][2015-11-04 14:42:00,698][com.java.TestType] [ 3750] - value = valuelabs.ie11.33527
[INFO ][2015-11-04 14:42:05,585][com.java.TestType] [ 8017] -  RESULT true
[INFO ][2015-11-04 14:42:05,585][com.java.TestType] [ 8134] - ?   P A S S   ?
[DEBUG][2015-11-04 14:42:05,585][com.java.TestType] [ 7940] - Concept ID:1 :: Step being Executed: 1::2
[INFO ][2015-11-04 14:42:05,585][com.java.TestType] [ 7978] - dataFields : TXTpassword
[DEBUG][2015-11-04 14:42:05,585][com.java.TestType] [ 7984] - <In Set values of the page>
[DEBUG][2015-11-04 14:42:05,585][com.java.TestType] [ 7989] - {Data Fields & Data Values Exist}
[INFO ][2015-11-04 14:42:05,585][com.java.TestType] [ 7995] - --------------------------setting values-----------------------------
[INFO ][2015-11-04 14:42:05,585][com.java.TestType] [ 7998] - Action Type : CLEARANDENTER
[INFO ][2015-11-04 14:42:05,585][com.java.TestType] [ 3750] - value = Password1*
[INFO ][2015-11-04 14:42:10,564][com.java.TestType] [ 8017] -  RESULT true
[INFO ][2015-11-04 14:42:10,564][com.java.TestType] [ 8134] - ?   P A S S   ?
[DEBUG][2015-11-04 14:42:10,564][com.java.TestType] [ 7940] - Concept ID:1 :: Step being Executed: 1::3
[ERROR][2015-11-04 14:42:10,564][com.java.TestType] [ 7973] - Exception: null
[INFO ][2015-11-04 14:42:10,564][com.java.TestType] [ 7978] - dataFields : XPH//button[@type='submit']
[DEBUG][2015-11-04 14:42:10,564][com.java.TestType] [ 7984] - <In Set values of the page>
[DEBUG][2015-11-04 14:42:10,564][com.java.TestType] [ 7989] - {Data Fields & Data Values Exist}
[INFO ][2015-11-04 14:42:10,564][com.java.TestType] [ 7995] - --------------------------setting values-----------------------------
[INFO ][2015-11-04 14:42:10,564][com.java.TestType] [ 7998] - Action Type : Click
[INFO ][2015-11-04 14:42:10,564][com.java.TestType] [ 4063] - Field ::XPH//button[@type='submit']
[INFO ][2015-11-04 14:42:11,564][com.java.TestType] [ 4122] - BEFORE CLICK
[INFO ][2015-11-04 14:42:12,427][com.java.TestType] [ 4130] - Unable to click the object Login
[INFO ][2015-11-04 14:42:12,427][com.java.TestType] [ 8017] -  RESULT true
[INFO ][2015-11-04 14:42:12,427][com.java.TestType] [ 8134] - ?   P A S S   ?
[DEBUG][2015-11-04 14:42:12,427][com.java.TestType] [ 7940] - Concept ID:1 :: Step being Executed: 1::4
[INFO ][2015-11-04 14:42:12,427][com.java.TestType] [ 7978] - dataFields : LNKLogout
[DEBUG][2015-11-04 14:42:12,427][com.java.TestType] [ 7984] - <In Set values of the page>
[DEBUG][2015-11-04 14:42:12,427][com.java.TestType] [ 7989] - {Data Fields & Data Values Exist}
[INFO ][2015-11-04 14:42:12,427][com.java.TestType] [ 7995] - --------------------------setting values-----------------------------
[INFO ][2015-11-04 14:42:12,427][com.java.TestType] [ 7998] - Action Type : WaitForElement
[INFO ][2015-11-04 14:42:23,123][com.java.TestType] [ 8017] -  RESULT true
[INFO ][2015-11-04 14:42:23,123][com.java.TestType] [ 8134] - ?   P A S S   ?
[DEBUG][2015-11-04 14:42:23,123][com.java.TestType] [ 7940] - Concept ID:1 :: Step being Executed: 1::13
[INFO ][2015-11-04 14:42:23,123][com.java.TestType] [ 7978] - dataFields : LNK
[DEBUG][2015-11-04 14:42:23,123][com.java.TestType] [ 7984] - <In Set values of the page>
[DEBUG][2015-11-04 14:42:23,123][com.java.TestType] [ 7989] - {Data Fields & Data Values Exist}
[INFO ][2015-11-04 14:42:23,123][com.java.TestType] [ 7995] - --------------------------setting values-----------------------------
[INFO ][2015-11-04 14:42:23,123][com.java.TestType] [ 7998] - Action Type : Verify
[INFO ][2015-11-04 14:42:23,123][com.java.TestType] [ 4876] - field= LNK value= Logout
[INFO ][2015-11-04 14:42:23,123][com.java.TestType] [ 3750] - value = Logout
[INFO ][2015-11-04 14:42:23,164][com.java.TestType] [ 8017] -  RESULT true
[INFO ][2015-11-04 14:42:23,164][com.java.TestType] [ 8134] - ?   P A S S   ?
[DEBUG][2015-11-04 14:42:23,164][com.java.TestType] [ 7940] - Concept ID:1 :: Step being Executed: 1::14
[INFO ][2015-11-04 14:42:23,164][com.java.TestType] [ 7978] - dataFields : BTN
[DEBUG][2015-11-04 14:42:23,164][com.java.TestType] [ 7984] - <In Set values of the page>
[DEBUG][2015-11-04 14:42:23,164][com.java.TestType] [ 7989] - {Data Fields & Data Values Exist}
[INFO ][2015-11-04 14:42:23,164][com.java.TestType] [ 7995] - --------------------------setting values-----------------------------
[INFO ][2015-11-04 14:42:23,164][com.java.TestType] [ 7998] - Action Type : Verify
[INFO ][2015-11-04 14:42:23,164][com.java.TestType] [ 4876] - field= BTN value= //img[contains(@src,'bdlogo.jpg')]
[INFO ][2015-11-04 14:42:23,164][com.java.TestType] [ 3750] - value = //img[contains(@src,'bdlogo.jpg')]
[INFO ][2015-11-04 14:42:23,204][com.java.TestType] [ 8017] -  RESULT true
[INFO ][2015-11-04 14:42:23,204][com.java.TestType] [ 8134] - ?   P A S S   ?
[INFO ][2015-11-04 14:42:23,204][com.java.TestType] [ 8205] - Looping End......
[INFO ][2015-11-04 14:42:23,204][com.java.SeleniumDriver] [  861] -  RESULT true
[INFO ][2015-11-04 14:42:23,204][com.java.SeleniumDriver] [ 1066] - ?   P A S S   ?
[INFO ][2015-11-04 14:42:23,204][com.java.SeleniumDriver] [  788] - ------------------------------------------
[INFO ][2015-11-04 14:42:23,204][com.java.SeleniumDriver] [  789] - Test case being Executed: 1
[INFO ][2015-11-04 14:42:23,204][com.java.SeleniumDriver] [  800] - Test step:2
[INFO ][2015-11-04 14:42:23,204][com.java.SeleniumDriver] [  812] - Datavalue is----------Concept#2:1-2
[INFO ][2015-11-04 14:42:23,204][com.java.SeleniumDriver] [  836] - DataField : test
[INFO ][2015-11-04 14:42:23,204][com.java.SeleniumDriver] [  838] - DataValue : Concept#2:1-2
[INFO ][2015-11-04 14:42:23,204][com.java.SeleniumDriver] [  844] - <In Set values of the page>
[INFO ][2015-11-04 14:42:23,204][com.java.SeleniumDriver] [  847] - {Data Fields & Data Values Exist}
[INFO ][2015-11-04 14:42:23,204][com.java.SeleniumDriver] [  849] - --------------------------setting values-----------------------------
[INFO ][2015-11-04 14:42:23,204][com.java.SeleniumDriver] [  852] - Action Type : ExecuteTestCase
[INFO ][2015-11-04 14:42:23,204][com.java.TestType] [  411] - The Concept sheet name is ---------- Concept
[INFO ][2015-11-04 14:42:23,204][com.java.TestType] [  414] - The Concept ID  is ---------- 2
[DEBUG][2015-11-04 14:42:23,204][com.java.TestType] [  418] - Steps being executted in the Concept are: 1:2
[INFO ][2015-11-04 14:42:23,204][com.java.TestType] [  425] - Test data details path ---------- D:\BankersDashboard\TestInputs\TestData.xls
[INFO ][2015-11-04 14:42:23,244][com.java.TestType] [  456] -  str(1) = 2
[INFO ][2015-11-04 14:42:23,244][com.java.TestType] [  459] - Test case Id is---2
[INFO ][2015-11-04 14:42:23,244][com.java.TestType] [  461] - 2
[INFO ][2015-11-04 14:42:23,244][com.java.TestType] [  456] -  str(2) = 1
[INFO ][2015-11-04 14:42:23,244][com.java.TestType] [  508] - row values are--------{1=com.java.Objects.TestDataDetails@119587d}
[INFO ][2015-11-04 14:42:23,244][com.java.TestType] [  456] -  str(1) = 2
[INFO ][2015-11-04 14:42:23,244][com.java.TestType] [  459] - Test case Id is---2
[INFO ][2015-11-04 14:42:23,244][com.java.TestType] [  461] - 2
[INFO ][2015-11-04 14:42:23,244][com.java.TestType] [  456] -  str(2) = 2
[INFO ][2015-11-04 14:42:23,244][com.java.TestType] [  508] - row values are--------{1=com.java.Objects.TestDataDetails@119587d, 2=com.java.Objects.TestDataDetails@1f58949}
[INFO ][2015-11-04 14:42:23,244][com.java.TestType] [  456] -  str(1) = 2
[INFO ][2015-11-04 14:42:23,244][com.java.TestType] [  459] - Test case Id is---2
[INFO ][2015-11-04 14:42:23,244][com.java.TestType] [  461] - 2
[INFO ][2015-11-04 14:42:23,244][com.java.TestType] [  456] -  str(2) = 3
[INFO ][2015-11-04 14:42:23,244][com.java.TestType] [  508] - row values are--------{1=com.java.Objects.TestDataDetails@119587d, 2=com.java.Objects.TestDataDetails@1f58949, 3=com.java.Objects.TestDataDetails@2084f1}
[INFO ][2015-11-04 14:42:23,244][com.java.TestType] [ 7899] - Looping 1TCID = 2
[DEBUG][2015-11-04 14:42:23,244][com.java.TestType] [ 7940] - Concept ID:2 :: Step being Executed: 2::1
[INFO ][2015-11-04 14:42:23,244][com.java.TestType] [ 7978] - dataFields : BNK//select[@id='bank']
[DEBUG][2015-11-04 14:42:23,244][com.java.TestType] [ 7984] - <In Set values of the page>
[DEBUG][2015-11-04 14:42:23,244][com.java.TestType] [ 7989] - {Data Fields & Data Values Exist}
[INFO ][2015-11-04 14:42:23,244][com.java.TestType] [ 7995] - --------------------------setting values-----------------------------
[INFO ][2015-11-04 14:42:23,244][com.java.TestType] [ 7998] - Action Type : Select
[INFO ][2015-11-04 14:42:23,244][com.java.TestType] [ 3750] - value = PFC
[INFO ][2015-11-04 14:42:23,454][com.java.TestType] [ 8017] -  RESULT true
[INFO ][2015-11-04 14:42:23,454][com.java.TestType] [ 8134] - ?   P A S S   ?
[DEBUG][2015-11-04 14:42:23,454][com.java.TestType] [ 7940] - Concept ID:2 :: Step being Executed: 2::2
[INFO ][2015-11-04 14:42:23,454][com.java.TestType] [ 7978] - dataFields : LNKLogout
[DEBUG][2015-11-04 14:42:23,454][com.java.TestType] [ 7984] - <In Set values of the page>
[DEBUG][2015-11-04 14:42:23,454][com.java.TestType] [ 7989] - {Data Fields & Data Values Exist}
[INFO ][2015-11-04 14:42:23,454][com.java.TestType] [ 7995] - --------------------------setting values-----------------------------
[INFO ][2015-11-04 14:42:23,454][com.java.TestType] [ 7998] - Action Type : WaitTime
[DEBUG][2015-11-04 14:42:23,454][com.java.TestType] [ 3654] - sleepTime: 5000
[INFO ][2015-11-04 14:42:28,456][com.java.TestType] [ 8017] -  RESULT true
[INFO ][2015-11-04 14:42:28,456][com.java.TestType] [ 8134] - ?   P A S S   ?
[INFO ][2015-11-04 14:42:28,456][com.java.TestType] [ 8205] - Looping End......
[INFO ][2015-11-04 14:42:28,456][com.java.SeleniumDriver] [  861] -  RESULT true
[INFO ][2015-11-04 14:42:28,456][com.java.SeleniumDriver] [ 1066] - ?   P A S S   ?
[INFO ][2015-11-04 14:42:28,456][com.java.SeleniumDriver] [  788] - ------------------------------------------
[INFO ][2015-11-04 14:42:28,456][com.java.SeleniumDriver] [  789] - Test case being Executed: 1
[INFO ][2015-11-04 14:42:28,456][com.java.SeleniumDriver] [  800] - Test step:3
[INFO ][2015-11-04 14:42:28,456][com.java.SeleniumDriver] [  812] - Datavalue is----------2
[INFO ][2015-11-04 14:42:28,456][com.java.SeleniumDriver] [  836] - DataField : XPH//button[contains(text(),'Add Content')]
[INFO ][2015-11-04 14:42:28,456][com.java.SeleniumDriver] [  838] - DataValue : 2
[INFO ][2015-11-04 14:42:28,456][com.java.SeleniumDriver] [  844] - <In Set values of the page>
[INFO ][2015-11-04 14:42:28,456][com.java.SeleniumDriver] [  847] - {Data Fields & Data Values Exist}
[INFO ][2015-11-04 14:42:28,456][com.java.SeleniumDriver] [  849] - --------------------------setting values-----------------------------
[INFO ][2015-11-04 14:42:28,456][com.java.SeleniumDriver] [  852] - Action Type : WAITFORELEMENT
[INFO ][2015-11-04 14:42:28,517][com.java.SeleniumDriver] [  861] -  RESULT true
[INFO ][2015-11-04 14:42:28,517][com.java.SeleniumDriver] [ 1066] - ?   P A S S   ?
[DEBUG][2015-11-04 14:42:28,517][com.java.SeleniumDriver] [ 1168] - Case found
[DEBUG][2015-11-04 14:42:28,517][com.java.SeleniumDriver] [ 1173] - Incrementing ReportCounters[0]:1
[INFO ][2015-11-04 14:42:28,517][com.java.SeleniumDriver] [ 1192] - The results are-------------------[1, 1, Valid Login, Pass, , Wed Nov 04 14:42:23 IST 2015, 1, 2, Valid Login, Pass, , Wed Nov 04 14:42:28 IST 2015, 1, 3, Valid Login, Pass, , Wed Nov 04 14:42:28 IST 2015]
[INFO ][2015-11-04 14:42:28,517][com.java.SeleniumDriver] [ 1196] - End time is-------52 sec
[INFO ][2015-11-04 14:42:28,517][com.java.SeleniumDriver] [ 1197] - The results are-------------------[1, 1, Valid Login, Pass, , Wed Nov 04 14:42:23 IST 2015, 1, 2, Valid Login, Pass, , Wed Nov 04 14:42:28 IST 2015, 1, 3, Valid Login, Pass, , Wed Nov 04 14:42:28 IST 2015]
[DEBUG][2015-11-04 14:42:28,517][com.java.ImportnExport.ExportTestResultsExcel] [  222] - testResultPath = D:\BankersDashboard/TestReports/Test Results_BankersDashBoard_110415_144138_IE11_Bank of North Carolina.xls
[DEBUG][2015-11-04 14:42:28,517][com.java.ImportnExport.ExportTestResultsExcel] [  223] - browser is------------IE11
[DEBUG][2015-11-04 14:42:28,557][com.java.ImportnExport.ExportTestResultsExcel] [  270] - result.size() = 18
[DEBUG][2015-11-04 14:42:28,557][com.java.ImportnExport.ExportTestResultsExcel] [  274] - No of rows in sheet=1
[DEBUG][2015-11-04 14:42:28,557][com.java.ImportnExport.ExportTestResultsExcel] [  301] - ..in export..1
[DEBUG][2015-11-04 14:42:28,557][com.java.ImportnExport.ExportTestResultsExcel] [  301] - ..in export..Valid Login
[DEBUG][2015-11-04 14:42:28,557][com.java.ImportnExport.ExportTestResultsExcel] [  301] - ..in export..Pass
[DEBUG][2015-11-04 14:42:28,557][com.java.ImportnExport.ExportTestResultsExcel] [  301] - ..in export..
[DEBUG][2015-11-04 14:42:28,557][com.java.ImportnExport.ExportTestResultsExcel] [  301] - ..in export..Wed Nov 04 14:42:23 IST 2015
[INFO ][2015-11-04 14:42:28,557][com.java.SeleniumDriver] [ 1255] - out loop:0 size:2 TestCases:[1, 7] testcases:[1, 7]
[INFO ][2015-11-04 14:42:28,557][com.java.ImportnExport.ImportTestDataDetailsExcel] [   49] - test data details path===== D:\BankersDashboard\TestInputs\TestData.xls
[INFO ][2015-11-04 14:42:51,287][com.java.SeleniumDriver] [  788] - ------------------------------------------
[INFO ][2015-11-04 14:42:51,287][com.java.SeleniumDriver] [  789] - Test case being Executed: 7
[INFO ][2015-11-04 14:42:51,287][com.java.SeleniumDriver] [  800] - Test step:1
[INFO ][2015-11-04 14:42:51,287][com.java.SeleniumDriver] [  812] - Datavalue is----------Logout
[INFO ][2015-11-04 14:42:51,287][com.java.SeleniumDriver] [  836] - DataField : BTN
[INFO ][2015-11-04 14:42:51,287][com.java.SeleniumDriver] [  838] - DataValue : Logout
[INFO ][2015-11-04 14:42:51,287][com.java.SeleniumDriver] [  844] - <In Set values of the page>
[INFO ][2015-11-04 14:42:51,287][com.java.SeleniumDriver] [  847] - {Data Fields & Data Values Exist}
[INFO ][2015-11-04 14:42:51,287][com.java.SeleniumDriver] [  849] - --------------------------setting values-----------------------------
[INFO ][2015-11-04 14:42:51,287][com.java.SeleniumDriver] [  852] - Action Type : Verify
[INFO ][2015-11-04 14:42:51,287][com.java.TestType] [ 4876] - field= BTN value= Logout
[INFO ][2015-11-04 14:42:51,287][com.java.TestType] [ 3750] - value = Logout
[INFO ][2015-11-04 14:42:51,328][com.java.SeleniumDriver] [  861] -  RESULT true
[INFO ][2015-11-04 14:42:51,328][com.java.SeleniumDriver] [ 1066] - ?   P A S S   ?
[INFO ][2015-11-04 14:42:51,328][com.java.SeleniumDriver] [ 1108] - step change to 3
[INFO ][2015-11-04 14:42:51,328][com.java.SeleniumDriver] [  788] - ------------------------------------------
[INFO ][2015-11-04 14:42:51,328][com.java.SeleniumDriver] [  789] - Test case being Executed: 7
[INFO ][2015-11-04 14:42:51,328][com.java.SeleniumDriver] [  800] - Test step:3
[INFO ][2015-11-04 14:42:51,328][com.java.SeleniumDriver] [  812] - Datavalue is----------Concept#2:1-2
[INFO ][2015-11-04 14:42:51,328][com.java.SeleniumDriver] [  836] - DataField : test
[INFO ][2015-11-04 14:42:51,328][com.java.SeleniumDriver] [  838] - DataValue : Concept#2:1-2
[INFO ][2015-11-04 14:42:51,328][com.java.SeleniumDriver] [  844] - <In Set values of the page>
[INFO ][2015-11-04 14:42:51,328][com.java.SeleniumDriver] [  847] - {Data Fields & Data Values Exist}
[INFO ][2015-11-04 14:42:51,328][com.java.SeleniumDriver] [  849] - --------------------------setting values-----------------------------
[INFO ][2015-11-04 14:42:51,328][com.java.SeleniumDriver] [  852] - Action Type : ExecuteTestCase
[INFO ][2015-11-04 14:42:51,328][com.java.TestType] [  411] - The Concept sheet name is ---------- Concept
[INFO ][2015-11-04 14:42:51,328][com.java.TestType] [  414] - The Concept ID  is ---------- 2
[DEBUG][2015-11-04 14:42:51,328][com.java.TestType] [  418] - Steps being executted in the Concept are: 1:2
[INFO ][2015-11-04 14:42:51,328][com.java.TestType] [  425] - Test data details path ---------- D:\BankersDashboard\TestInputs\TestData.xls
[INFO ][2015-11-04 14:42:51,358][com.java.TestType] [  456] -  str(1) = 2
[INFO ][2015-11-04 14:42:51,358][com.java.TestType] [  459] - Test case Id is---2
[INFO ][2015-11-04 14:42:51,358][com.java.TestType] [  461] - 2
[INFO ][2015-11-04 14:42:51,358][com.java.TestType] [  456] -  str(2) = 1
[INFO ][2015-11-04 14:42:51,358][com.java.TestType] [  508] - row values are--------{1=com.java.Objects.TestDataDetails@1cd11da}
[INFO ][2015-11-04 14:42:51,358][com.java.TestType] [  456] -  str(1) = 2
[INFO ][2015-11-04 14:42:51,358][com.java.TestType] [  459] - Test case Id is---2
[INFO ][2015-11-04 14:42:51,358][com.java.TestType] [  461] - 2
[INFO ][2015-11-04 14:42:51,358][com.java.TestType] [  456] -  str(2) = 2
[INFO ][2015-11-04 14:42:51,358][com.java.TestType] [  508] - row values are--------{1=com.java.Objects.TestDataDetails@1cd11da, 2=com.java.Objects.TestDataDetails@1006eec}
[INFO ][2015-11-04 14:42:51,358][com.java.TestType] [  456] -  str(1) = 2
[INFO ][2015-11-04 14:42:51,358][com.java.TestType] [  459] - Test case Id is---2
[INFO ][2015-11-04 14:42:51,358][com.java.TestType] [  461] - 2
[INFO ][2015-11-04 14:42:51,358][com.java.TestType] [  456] -  str(2) = 3
[INFO ][2015-11-04 14:42:51,358][com.java.TestType] [  508] - row values are--------{1=com.java.Objects.TestDataDetails@1cd11da, 2=com.java.Objects.TestDataDetails@1006eec, 3=com.java.Objects.TestDataDetails@f045f2}
[INFO ][2015-11-04 14:42:51,358][com.java.TestType] [ 7899] - Looping 1TCID = 2
[DEBUG][2015-11-04 14:42:51,358][com.java.TestType] [ 7940] - Concept ID:2 :: Step being Executed: 2::1
[INFO ][2015-11-04 14:42:51,358][com.java.TestType] [ 7978] - dataFields : BNK//select[@id='bank']
[DEBUG][2015-11-04 14:42:51,358][com.java.TestType] [ 7984] - <In Set values of the page>
[DEBUG][2015-11-04 14:42:51,358][com.java.TestType] [ 7989] - {Data Fields & Data Values Exist}
[INFO ][2015-11-04 14:42:51,358][com.java.TestType] [ 7995] - --------------------------setting values-----------------------------
[INFO ][2015-11-04 14:42:51,358][com.java.TestType] [ 7998] - Action Type : Select
[INFO ][2015-11-04 14:42:51,358][com.java.TestType] [ 3750] - value = PFC
[INFO ][2015-11-04 14:42:51,721][com.java.TestType] [ 8017] -  RESULT true
[INFO ][2015-11-04 14:42:51,721][com.java.TestType] [ 8134] - ?   P A S S   ?
[DEBUG][2015-11-04 14:42:51,721][com.java.TestType] [ 7940] - Concept ID:2 :: Step being Executed: 2::2
[INFO ][2015-11-04 14:42:51,721][com.java.TestType] [ 7978] - dataFields : LNKLogout
[DEBUG][2015-11-04 14:42:51,721][com.java.TestType] [ 7984] - <In Set values of the page>
[DEBUG][2015-11-04 14:42:51,721][com.java.TestType] [ 7989] - {Data Fields & Data Values Exist}
[INFO ][2015-11-04 14:42:51,721][com.java.TestType] [ 7995] - --------------------------setting values-----------------------------
[INFO ][2015-11-04 14:42:51,721][com.java.TestType] [ 7998] - Action Type : WaitTime
[DEBUG][2015-11-04 14:42:51,721][com.java.TestType] [ 3654] - sleepTime: 5000
[INFO ][2015-11-04 14:42:56,741][com.java.TestType] [ 8017] -  RESULT true
[INFO ][2015-11-04 14:42:56,741][com.java.TestType] [ 8134] - ?   P A S S   ?
[INFO ][2015-11-04 14:42:56,741][com.java.TestType] [ 8205] - Looping End......
[INFO ][2015-11-04 14:42:56,741][com.java.SeleniumDriver] [  861] -  RESULT true
[INFO ][2015-11-04 14:42:56,741][com.java.SeleniumDriver] [ 1066] - ?   P A S S   ?
[INFO ][2015-11-04 14:42:56,741][com.java.SeleniumDriver] [  788] - ------------------------------------------
[INFO ][2015-11-04 14:42:56,741][com.java.SeleniumDriver] [  789] - Test case being Executed: 7
[INFO ][2015-11-04 14:42:56,741][com.java.SeleniumDriver] [  800] - Test step:4
[INFO ][2015-11-04 14:42:56,741][com.java.SeleniumDriver] [  812] - Datavalue is----------null
[DEBUG][2015-11-04 14:42:56,741][com.java.SeleniumDriver] [  830] - Exception: null
[INFO ][2015-11-04 14:42:56,741][com.java.SeleniumDriver] [  836] - DataField : //span[@class='icon-user4']&&Users&&Manage Users
[INFO ][2015-11-04 14:42:56,741][com.java.SeleniumDriver] [  838] - DataValue : 
[INFO ][2015-11-04 14:42:56,741][com.java.SeleniumDriver] [  844] - <In Set values of the page>
[INFO ][2015-11-04 14:42:56,741][com.java.SeleniumDriver] [  847] - {Data Fields & Data Values Exist}
[INFO ][2015-11-04 14:42:56,741][com.java.SeleniumDriver] [  849] - --------------------------setting values-----------------------------
[INFO ][2015-11-04 14:42:56,741][com.java.SeleniumDriver] [  852] - Action Type : MouseOver
[INFO ][2015-11-04 14:43:09,744][com.java.SeleniumDriver] [  861] -  RESULT true
[INFO ][2015-11-04 14:43:09,744][com.java.SeleniumDriver] [ 1066] - ?   P A S S   ?
[INFO ][2015-11-04 14:43:09,744][com.java.SeleniumDriver] [  788] - ------------------------------------------
[INFO ][2015-11-04 14:43:09,744][com.java.SeleniumDriver] [  789] - Test case being Executed: 7
[INFO ][2015-11-04 14:43:09,744][com.java.SeleniumDriver] [  800] - Test step:5
[INFO ][2015-11-04 14:43:09,744][com.java.SeleniumDriver] [  812] - Datavalue is----------1
[INFO ][2015-11-04 14:43:09,744][com.java.SeleniumDriver] [  836] - DataField : BTNframeDialogContent
[INFO ][2015-11-04 14:43:09,744][com.java.SeleniumDriver] [  838] - DataValue : 1
[INFO ][2015-11-04 14:43:09,744][com.java.SeleniumDriver] [  844] - <In Set values of the page>
[INFO ][2015-11-04 14:43:09,744][com.java.SeleniumDriver] [  847] - {Data Fields & Data Values Exist}
[INFO ][2015-11-04 14:43:09,744][com.java.SeleniumDriver] [  849] - --------------------------setting values-----------------------------
[INFO ][2015-11-04 14:43:09,744][com.java.SeleniumDriver] [  852] - Action Type : WaitForElement
[INFO ][2015-11-04 14:43:10,935][com.java.SeleniumDriver] [  861] -  RESULT true
[INFO ][2015-11-04 14:43:10,935][com.java.SeleniumDriver] [ 1066] - ?   P A S S   ?
[INFO ][2015-11-04 14:43:10,935][com.java.SeleniumDriver] [  788] - ------------------------------------------
[INFO ][2015-11-04 14:43:10,935][com.java.SeleniumDriver] [  789] - Test case being Executed: 7
[INFO ][2015-11-04 14:43:10,935][com.java.SeleniumDriver] [  800] - Test step:6
[INFO ][2015-11-04 14:43:10,935][com.java.SeleniumDriver] [  812] - Datavalue is----------null
[DEBUG][2015-11-04 14:43:10,935][com.java.SeleniumDriver] [  830] - Exception: null
[INFO ][2015-11-04 14:43:10,935][com.java.SeleniumDriver] [  836] - DataField : BTNframeDialogContent
[INFO ][2015-11-04 14:43:10,935][com.java.SeleniumDriver] [  838] - DataValue : 
[INFO ][2015-11-04 14:43:10,935][com.java.SeleniumDriver] [  844] - <In Set values of the page>
[INFO ][2015-11-04 14:43:10,935][com.java.SeleniumDriver] [  847] - {Data Fields & Data Values Exist}
[INFO ][2015-11-04 14:43:10,935][com.java.SeleniumDriver] [  849] - --------------------------setting values-----------------------------
[INFO ][2015-11-04 14:43:10,935][com.java.SeleniumDriver] [  852] - Action Type : SelectFrame
[INFO ][2015-11-04 14:43:12,178][com.java.SeleniumDriver] [  861] -  RESULT true
[INFO ][2015-11-04 14:43:12,178][com.java.SeleniumDriver] [ 1066] - ?   P A S S   ?
[INFO ][2015-11-04 14:43:12,178][com.java.SeleniumDriver] [  788] - ------------------------------------------
[INFO ][2015-11-04 14:43:12,178][com.java.SeleniumDriver] [  789] - Test case being Executed: 7
[INFO ][2015-11-04 14:43:12,178][com.java.SeleniumDriver] [  800] - Test step:7
[INFO ][2015-11-04 14:43:12,178][com.java.SeleniumDriver] [  812] - Datavalue is----------1
[INFO ][2015-11-04 14:43:12,178][com.java.SeleniumDriver] [  836] - DataField : BTNbtnAddUser
[INFO ][2015-11-04 14:43:12,178][com.java.SeleniumDriver] [  838] - DataValue : 1
[INFO ][2015-11-04 14:43:12,178][com.java.SeleniumDriver] [  844] - <In Set values of the page>
[INFO ][2015-11-04 14:43:12,178][com.java.SeleniumDriver] [  847] - {Data Fields & Data Values Exist}
[INFO ][2015-11-04 14:43:12,178][com.java.SeleniumDriver] [  849] - --------------------------setting values-----------------------------
[INFO ][2015-11-04 14:43:12,178][com.java.SeleniumDriver] [  852] - Action Type : WaitForElement
[INFO ][2015-11-04 14:43:13,608][com.java.SeleniumDriver] [  861] -  RESULT true
[INFO ][2015-11-04 14:43:13,608][com.java.SeleniumDriver] [ 1066] - ?   P A S S   ?
[INFO ][2015-11-04 14:43:13,608][com.java.SeleniumDriver] [  788] - ------------------------------------------
[INFO ][2015-11-04 14:43:13,608][com.java.SeleniumDriver] [  789] - Test case being Executed: 7
[INFO ][2015-11-04 14:43:13,608][com.java.SeleniumDriver] [  800] - Test step:8
[INFO ][2015-11-04 14:43:13,608][com.java.SeleniumDriver] [  812] - Datavalue is----------null
[DEBUG][2015-11-04 14:43:13,608][com.java.SeleniumDriver] [  830] - Exception: null
[INFO ][2015-11-04 14:43:13,608][com.java.SeleniumDriver] [  836] - DataField : BTNbtnAddUser
[INFO ][2015-11-04 14:43:13,608][com.java.SeleniumDriver] [  838] - DataValue : 
[INFO ][2015-11-04 14:43:13,608][com.java.SeleniumDriver] [  844] - <In Set values of the page>
[INFO ][2015-11-04 14:43:13,608][com.java.SeleniumDriver] [  847] - {Data Fields & Data Values Exist}
[INFO ][2015-11-04 14:43:13,608][com.java.SeleniumDriver] [  849] - --------------------------setting values-----------------------------
[INFO ][2015-11-04 14:43:13,608][com.java.SeleniumDriver] [  852] - Action Type : Click
[INFO ][2015-11-04 14:43:13,608][com.java.TestType] [ 4063] - Field ::BTNbtnAddUser
[INFO ][2015-11-04 14:43:14,609][com.java.TestType] [ 4101] - BEFORE CLICK
[INFO ][2015-11-04 14:43:16,190][com.java.TestType] [ 4108] - Unable to click the object Add user button
[INFO ][2015-11-04 14:43:16,190][com.java.SeleniumDriver] [  861] -  RESULT true
[INFO ][2015-11-04 14:43:16,190][com.java.SeleniumDriver] [ 1066] - ?   P A S S   ?
[INFO ][2015-11-04 14:43:16,190][com.java.SeleniumDriver] [  788] - ------------------------------------------
[INFO ][2015-11-04 14:43:16,190][com.java.SeleniumDriver] [  789] - Test case being Executed: 7
[INFO ][2015-11-04 14:43:16,190][com.java.SeleniumDriver] [  800] - Test step:9
[INFO ][2015-11-04 14:43:16,190][com.java.SeleniumDriver] [  812] - Datavalue is----------1
[INFO ][2015-11-04 14:43:16,190][com.java.SeleniumDriver] [  836] - DataField : BTNtxtUserName
[INFO ][2015-11-04 14:43:16,190][com.java.SeleniumDriver] [  838] - DataValue : 1
[INFO ][2015-11-04 14:43:16,190][com.java.SeleniumDriver] [  844] - <In Set values of the page>
[INFO ][2015-11-04 14:43:16,190][com.java.SeleniumDriver] [  847] - {Data Fields & Data Values Exist}
[INFO ][2015-11-04 14:43:16,190][com.java.SeleniumDriver] [  849] - --------------------------setting values-----------------------------
[INFO ][2015-11-04 14:43:16,190][com.java.SeleniumDriver] [  852] - Action Type : WaitForElement
[INFO ][2015-11-04 14:43:25,522][com.java.SeleniumDriver] [  861] -  RESULT true
[INFO ][2015-11-04 14:43:25,522][com.java.SeleniumDriver] [ 1066] - ?   P A S S   ?
[INFO ][2015-11-04 14:43:25,522][com.java.SeleniumDriver] [  788] - ------------------------------------------
[INFO ][2015-11-04 14:43:25,522][com.java.SeleniumDriver] [  789] - Test case being Executed: 7
[INFO ][2015-11-04 14:43:25,522][com.java.SeleniumDriver] [  800] - Test step:10
[INFO ][2015-11-04 14:43:25,522][com.java.SeleniumDriver] [  812] - Datavalue is----------dt:NewUserName
[INFO ][2015-11-04 14:43:25,522][com.java.SeleniumDriver] [  836] - DataField : TXTtxtUserName
[INFO ][2015-11-04 14:43:25,522][com.java.SeleniumDriver] [  838] - DataValue : dt:NewUserName
[INFO ][2015-11-04 14:43:25,522][com.java.SeleniumDriver] [  844] - <In Set values of the page>
[INFO ][2015-11-04 14:43:25,522][com.java.SeleniumDriver] [  847] - {Data Fields & Data Values Exist}
[INFO ][2015-11-04 14:43:25,522][com.java.SeleniumDriver] [  849] - --------------------------setting values-----------------------------
[INFO ][2015-11-04 14:43:25,522][com.java.SeleniumDriver] [  852] - Action Type : Enter
[INFO ][2015-11-04 14:43:25,522][com.java.TestType] [ 4383] - field = txtUserName
[INFO ][2015-11-04 14:43:25,522][com.java.TestType] [ 3750] - value = vltest.robot
[INFO ][2015-11-04 14:43:28,195][com.java.SeleniumDriver] [  861] -  RESULT true
[INFO ][2015-11-04 14:43:28,195][com.java.SeleniumDriver] [ 1066] - ?   P A S S   ?
[INFO ][2015-11-04 14:43:28,195][com.java.SeleniumDriver] [  788] - ------------------------------------------
[INFO ][2015-11-04 14:43:28,195][com.java.SeleniumDriver] [  789] - Test case being Executed: 7
[INFO ][2015-11-04 14:43:28,195][com.java.SeleniumDriver] [  800] - Test step:11
[INFO ][2015-11-04 14:43:28,195][com.java.SeleniumDriver] [  812] - Datavalue is----------VLTest
[INFO ][2015-11-04 14:43:28,195][com.java.SeleniumDriver] [  836] - DataField : TXTtxtFirstName
[INFO ][2015-11-04 14:43:28,195][com.java.SeleniumDriver] [  838] - DataValue : VLTest
[INFO ][2015-11-04 14:43:28,195][com.java.SeleniumDriver] [  844] - <In Set values of the page>
[INFO ][2015-11-04 14:43:28,195][com.java.SeleniumDriver] [  847] - {Data Fields & Data Values Exist}
[INFO ][2015-11-04 14:43:28,195][com.java.SeleniumDriver] [  849] - --------------------------setting values-----------------------------
[INFO ][2015-11-04 14:43:28,195][com.java.SeleniumDriver] [  852] - Action Type : Enter
[INFO ][2015-11-04 14:43:28,195][com.java.TestType] [ 4383] - field = txtFirstName
[INFO ][2015-11-04 14:43:28,195][com.java.TestType] [ 3750] - value = VLTest
[INFO ][2015-11-04 14:43:31,157][com.java.SeleniumDriver] [  861] -  RESULT true
[INFO ][2015-11-04 14:43:31,157][com.java.SeleniumDriver] [ 1066] - ?   P A S S   ?
[INFO ][2015-11-04 14:43:31,157][com.java.SeleniumDriver] [  788] - ------------------------------------------
[INFO ][2015-11-04 14:43:31,157][com.java.SeleniumDriver] [  789] - Test case being Executed: 7
[INFO ][2015-11-04 14:43:31,157][com.java.SeleniumDriver] [  800] - Test step:12
[INFO ][2015-11-04 14:43:31,157][com.java.SeleniumDriver] [  812] - Datavalue is----------Robot
[INFO ][2015-11-04 14:43:31,157][com.java.SeleniumDriver] [  836] - DataField : TXTtxtLastName
[INFO ][2015-11-04 14:43:31,157][com.java.SeleniumDriver] [  838] - DataValue : Robot
[INFO ][2015-11-04 14:43:31,157][com.java.SeleniumDriver] [  844] - <In Set values of the page>
[INFO ][2015-11-04 14:43:31,157][com.java.SeleniumDriver] [  847] - {Data Fields & Data Values Exist}
[INFO ][2015-11-04 14:43:31,157][com.java.SeleniumDriver] [  849] - --------------------------setting values-----------------------------
[INFO ][2015-11-04 14:43:31,157][com.java.SeleniumDriver] [  852] - Action Type : Enter
[INFO ][2015-11-04 14:43:31,157][com.java.TestType] [ 4383] - field = txtLastName
[INFO ][2015-11-04 14:43:31,157][com.java.TestType] [ 3750] - value = Robot
[INFO ][2015-11-04 14:43:33,859][com.java.SeleniumDriver] [  861] -  RESULT true
[INFO ][2015-11-04 14:43:33,859][com.java.SeleniumDriver] [ 1066] - ?   P A S S   ?
[INFO ][2015-11-04 14:43:33,859][com.java.SeleniumDriver] [  788] - ------------------------------------------
[INFO ][2015-11-04 14:43:33,859][com.java.SeleniumDriver] [  789] - Test case being Executed: 7
[INFO ][2015-11-04 14:43:33,859][com.java.SeleniumDriver] [  800] - Test step:13
[INFO ][2015-11-04 14:43:33,859][com.java.SeleniumDriver] [  812] - Datavalue is----------ValueLabs
[INFO ][2015-11-04 14:43:33,859][com.java.SeleniumDriver] [  836] - DataField : TXTtxtCompany
[INFO ][2015-11-04 14:43:33,859][com.java.SeleniumDriver] [  838] - DataValue : ValueLabs
[INFO ][2015-11-04 14:43:33,859][com.java.SeleniumDriver] [  844] - <In Set values of the page>
[INFO ][2015-11-04 14:43:33,859][com.java.SeleniumDriver] [  847] - {Data Fields & Data Values Exist}
[INFO ][2015-11-04 14:43:33,859][com.java.SeleniumDriver] [  849] - --------------------------setting values-----------------------------
[INFO ][2015-11-04 14:43:33,859][com.java.SeleniumDriver] [  852] - Action Type : Enter
[INFO ][2015-11-04 14:43:33,859][com.java.TestType] [ 4383] - field = txtCompany
[INFO ][2015-11-04 14:43:33,859][com.java.TestType] [ 3750] - value = ValueLabs
[INFO ][2015-11-04 14:43:36,731][com.java.SeleniumDriver] [  861] -  RESULT true
[INFO ][2015-11-04 14:43:36,731][com.java.SeleniumDriver] [ 1066] - ?   P A S S   ?
[INFO ][2015-11-04 14:43:36,731][com.java.SeleniumDriver] [  788] - ------------------------------------------
[INFO ][2015-11-04 14:43:36,731][com.java.SeleniumDriver] [  789] - Test case being Executed: 7
[INFO ][2015-11-04 14:43:36,731][com.java.SeleniumDriver] [  800] - Test step:14
[INFO ][2015-11-04 14:43:36,731][com.java.SeleniumDriver] [  812] - Datavalue is----------India
[INFO ][2015-11-04 14:43:36,731][com.java.SeleniumDriver] [  836] - DataField : TXTtxtLocation
[INFO ][2015-11-04 14:43:36,731][com.java.SeleniumDriver] [  838] - DataValue : India
[INFO ][2015-11-04 14:43:36,731][com.java.SeleniumDriver] [  844] - <In Set values of the page>
[INFO ][2015-11-04 14:43:36,731][com.java.SeleniumDriver] [  847] - {Data Fields & Data Values Exist}
[INFO ][2015-11-04 14:43:36,731][com.java.SeleniumDriver] [  849] - --------------------------setting values-----------------------------
[INFO ][2015-11-04 14:43:36,731][com.java.SeleniumDriver] [  852] - Action Type : Enter
[INFO ][2015-11-04 14:43:36,731][com.java.TestType] [ 4383] - field = txtLocation
[INFO ][2015-11-04 14:43:36,731][com.java.TestType] [ 3750] - value = India
[INFO ][2015-11-04 14:43:39,445][com.java.SeleniumDriver] [  861] -  RESULT true
[INFO ][2015-11-04 14:43:39,445][com.java.SeleniumDriver] [ 1066] - ?   P A S S   ?
[INFO ][2015-11-04 14:43:39,445][com.java.SeleniumDriver] [  788] - ------------------------------------------
[INFO ][2015-11-04 14:43:39,445][com.java.SeleniumDriver] [  789] - Test case being Executed: 7
[INFO ][2015-11-04 14:43:39,445][com.java.SeleniumDriver] [  800] - Test step:15
[INFO ][2015-11-04 14:43:39,445][com.java.SeleniumDriver] [  812] - Datavalue is----------vltest.robot@valuelabs.com
[INFO ][2015-11-04 14:43:39,445][com.java.SeleniumDriver] [  836] - DataField : TXTtxtEMail
[INFO ][2015-11-04 14:43:39,445][com.java.SeleniumDriver] [  838] - DataValue : vltest.robot@valuelabs.com
[INFO ][2015-11-04 14:43:39,445][com.java.SeleniumDriver] [  844] - <In Set values of the page>
[INFO ][2015-11-04 14:43:39,445][com.java.SeleniumDriver] [  847] - {Data Fields & Data Values Exist}
[INFO ][2015-11-04 14:43:39,445][com.java.SeleniumDriver] [  849] - --------------------------setting values-----------------------------
[INFO ][2015-11-04 14:43:39,445][com.java.SeleniumDriver] [  852] - Action Type : Enter
[INFO ][2015-11-04 14:43:39,445][com.java.TestType] [ 4383] - field = txtEMail
[INFO ][2015-11-04 14:43:39,445][com.java.TestType] [ 3750] - value = vltest.robot@valuelabs.com
[INFO ][2015-11-04 14:43:42,377][com.java.SeleniumDriver] [  861] -  RESULT true
[INFO ][2015-11-04 14:43:42,377][com.java.SeleniumDriver] [ 1066] - ?   P A S S   ?
[INFO ][2015-11-04 14:43:42,377][com.java.SeleniumDriver] [  788] - ------------------------------------------
[INFO ][2015-11-04 14:43:42,377][com.java.SeleniumDriver] [  789] - Test case being Executed: 7
[INFO ][2015-11-04 14:43:42,377][com.java.SeleniumDriver] [  800] - Test step:16
[INFO ][2015-11-04 14:43:42,377][com.java.SeleniumDriver] [  812] - Datavalue is----------12345678901
[INFO ][2015-11-04 14:43:42,377][com.java.SeleniumDriver] [  836] - DataField : TXTtxtPhone
[INFO ][2015-11-04 14:43:42,377][com.java.SeleniumDriver] [  838] - DataValue : 12345678901
[INFO ][2015-11-04 14:43:42,377][com.java.SeleniumDriver] [  844] - <In Set values of the page>
[INFO ][2015-11-04 14:43:42,377][com.java.SeleniumDriver] [  847] - {Data Fields & Data Values Exist}
[INFO ][2015-11-04 14:43:42,377][com.java.SeleniumDriver] [  849] - --------------------------setting values-----------------------------
[INFO ][2015-11-04 14:43:42,377][com.java.SeleniumDriver] [  852] - Action Type : Enter
[INFO ][2015-11-04 14:43:42,377][com.java.TestType] [ 4383] - field = txtPhone
[INFO ][2015-11-04 14:43:42,377][com.java.TestType] [ 3750] - value = 12345678901
[INFO ][2015-11-04 14:43:45,071][com.java.SeleniumDriver] [  861] -  RESULT true
[INFO ][2015-11-04 14:43:45,071][com.java.SeleniumDriver] [ 1066] - ?   P A S S   ?
[INFO ][2015-11-04 14:43:45,071][com.java.SeleniumDriver] [  788] - ------------------------------------------
[INFO ][2015-11-04 14:43:45,071][com.java.SeleniumDriver] [  789] - Test case being Executed: 7
[INFO ][2015-11-04 14:43:45,071][com.java.SeleniumDriver] [  800] - Test step:17
[INFO ][2015-11-04 14:43:45,071][com.java.SeleniumDriver] [  812] - Datavalue is----------dt:NewUserPswd
[INFO ][2015-11-04 14:43:45,071][com.java.SeleniumDriver] [  836] - DataField : TXTtxtPassword
[INFO ][2015-11-04 14:43:45,071][com.java.SeleniumDriver] [  838] - DataValue : dt:NewUserPswd
[INFO ][2015-11-04 14:43:45,071][com.java.SeleniumDriver] [  844] - <In Set values of the page>
[INFO ][2015-11-04 14:43:45,071][com.java.SeleniumDriver] [  847] - {Data Fields & Data Values Exist}
[INFO ][2015-11-04 14:43:45,071][com.java.SeleniumDriver] [  849] - --------------------------setting values-----------------------------
[INFO ][2015-11-04 14:43:45,071][com.java.SeleniumDriver] [  852] - Action Type : Enter
[INFO ][2015-11-04 14:43:45,071][com.java.TestType] [ 4383] - field = txtPassword
[INFO ][2015-11-04 14:43:45,071][com.java.TestType] [ 3750] - value = Password1*
[INFO ][2015-11-04 14:43:47,944][com.java.SeleniumDriver] [  861] -  RESULT true
[INFO ][2015-11-04 14:43:47,944][com.java.SeleniumDriver] [ 1066] - ?   P A S S   ?
[INFO ][2015-11-04 14:43:47,944][com.java.SeleniumDriver] [  788] - ------------------------------------------
[INFO ][2015-11-04 14:43:47,944][com.java.SeleniumDriver] [  789] - Test case being Executed: 7
[INFO ][2015-11-04 14:43:47,944][com.java.SeleniumDriver] [  800] - Test step:18
[INFO ][2015-11-04 14:43:47,944][com.java.SeleniumDriver] [  812] - Datavalue is----------dt:NewUserPswd
[INFO ][2015-11-04 14:43:47,944][com.java.SeleniumDriver] [  836] - DataField : TXTtxtPasswordConfirm
[INFO ][2015-11-04 14:43:47,944][com.java.SeleniumDriver] [  838] - DataValue : dt:NewUserPswd
[INFO ][2015-11-04 14:43:47,944][com.java.SeleniumDriver] [  844] - <In Set values of the page>
[INFO ][2015-11-04 14:43:47,944][com.java.SeleniumDriver] [  847] - {Data Fields & Data Values Exist}
[INFO ][2015-11-04 14:43:47,944][com.java.SeleniumDriver] [  849] - --------------------------setting values-----------------------------
[INFO ][2015-11-04 14:43:47,944][com.java.SeleniumDriver] [  852] - Action Type : Enter
[INFO ][2015-11-04 14:43:47,944][com.java.TestType] [ 4383] - field = txtPasswordConfirm
[INFO ][2015-11-04 14:43:47,944][com.java.TestType] [ 3750] - value = Password1*
[INFO ][2015-11-04 14:43:50,826][com.java.SeleniumDriver] [  861] -  RESULT true
[INFO ][2015-11-04 14:43:50,826][com.java.SeleniumDriver] [ 1066] - ?   P A S S   ?
[INFO ][2015-11-04 14:43:50,826][com.java.SeleniumDriver] [  788] - ------------------------------------------
[INFO ][2015-11-04 14:43:50,826][com.java.SeleniumDriver] [  789] - Test case being Executed: 7
[INFO ][2015-11-04 14:43:50,826][com.java.SeleniumDriver] [  800] - Test step:19
[INFO ][2015-11-04 14:43:50,826][com.java.SeleniumDriver] [  812] - Datavalue is----------null
[DEBUG][2015-11-04 14:43:50,826][com.java.SeleniumDriver] [  830] - Exception: null
[INFO ][2015-11-04 14:43:50,826][com.java.SeleniumDriver] [  836] - DataField : BTNparent
[INFO ][2015-11-04 14:43:50,826][com.java.SeleniumDriver] [  838] - DataValue : 
[INFO ][2015-11-04 14:43:50,826][com.java.SeleniumDriver] [  844] - <In Set values of the page>
[INFO ][2015-11-04 14:43:50,826][com.java.SeleniumDriver] [  847] - {Data Fields & Data Values Exist}
[INFO ][2015-11-04 14:43:50,826][com.java.SeleniumDriver] [  849] - --------------------------setting values-----------------------------
[INFO ][2015-11-04 14:43:50,826][com.java.SeleniumDriver] [  852] - Action Type : SelectFrame
[INFO ][2015-11-04 14:43:50,836][com.java.SeleniumDriver] [  861] -  RESULT true
[INFO ][2015-11-04 14:43:50,836][com.java.SeleniumDriver] [ 1066] - ?   P A S S   ?
[INFO ][2015-11-04 14:43:50,836][com.java.SeleniumDriver] [  788] - ------------------------------------------
[INFO ][2015-11-04 14:43:50,836][com.java.SeleniumDriver] [  789] - Test case being Executed: 7
[INFO ][2015-11-04 14:43:50,836][com.java.SeleniumDriver] [  800] - Test step:20
[INFO ][2015-11-04 14:43:50,836][com.java.SeleniumDriver] [  812] - Datavalue is----------null
[DEBUG][2015-11-04 14:43:50,836][com.java.SeleniumDriver] [  830] - Exception: null
[INFO ][2015-11-04 14:43:50,836][com.java.SeleniumDriver] [  836] - DataField : XPH//span[contains(text(), 'Finished')]
[INFO ][2015-11-04 14:43:50,836][com.java.SeleniumDriver] [  838] - DataValue : 
[INFO ][2015-11-04 14:43:50,836][com.java.SeleniumDriver] [  844] - <In Set values of the page>
[INFO ][2015-11-04 14:43:50,836][com.java.SeleniumDriver] [  847] - {Data Fields & Data Values Exist}
[INFO ][2015-11-04 14:43:50,836][com.java.SeleniumDriver] [  849] - --------------------------setting values-----------------------------
[INFO ][2015-11-04 14:43:50,836][com.java.SeleniumDriver] [  852] - Action Type : Click
[INFO ][2015-11-04 14:43:50,836][com.java.TestType] [ 4063] - Field ::XPH//span[contains(text(), 'Finished')]
[INFO ][2015-11-04 14:43:51,836][com.java.TestType] [ 4122] - BEFORE CLICK
[INFO ][2015-11-04 14:43:53,266][com.java.TestType] [ 4130] - Unable to click the object Finished button
[INFO ][2015-11-04 14:43:53,266][com.java.SeleniumDriver] [  861] -  RESULT true
[INFO ][2015-11-04 14:43:53,266][com.java.SeleniumDriver] [ 1066] - ?   P A S S   ?
[INFO ][2015-11-04 14:43:53,266][com.java.SeleniumDriver] [  788] - ------------------------------------------
[INFO ][2015-11-04 14:43:53,266][com.java.SeleniumDriver] [  789] - Test case being Executed: 7
[INFO ][2015-11-04 14:43:53,266][com.java.SeleniumDriver] [  800] - Test step:21
[INFO ][2015-11-04 14:43:53,266][com.java.SeleniumDriver] [  812] - Datavalue is----------5
[INFO ][2015-11-04 14:43:53,266][com.java.SeleniumDriver] [  836] - DataField : test
[INFO ][2015-11-04 14:43:53,266][com.java.SeleniumDriver] [  838] - DataValue : 5
[INFO ][2015-11-04 14:43:53,266][com.java.SeleniumDriver] [  844] - <In Set values of the page>
[INFO ][2015-11-04 14:43:53,266][com.java.SeleniumDriver] [  847] - {Data Fields & Data Values Exist}
[INFO ][2015-11-04 14:43:53,266][com.java.SeleniumDriver] [  849] - --------------------------setting values-----------------------------
[INFO ][2015-11-04 14:43:53,266][com.java.SeleniumDriver] [  852] - Action Type : WaitTime
[DEBUG][2015-11-04 14:43:53,266][com.java.TestType] [ 3654] - sleepTime: 5000
[INFO ][2015-11-04 14:43:58,267][com.java.SeleniumDriver] [  861] -  RESULT true
[INFO ][2015-11-04 14:43:58,267][com.java.SeleniumDriver] [ 1066] - ?   P A S S   ?
[INFO ][2015-11-04 14:43:58,267][com.java.SeleniumDriver] [  788] - ------------------------------------------
[INFO ][2015-11-04 14:43:58,267][com.java.SeleniumDriver] [  789] - Test case being Executed: 7
[INFO ][2015-11-04 14:43:58,267][com.java.SeleniumDriver] [  800] - Test step:22
[INFO ][2015-11-04 14:43:58,267][com.java.SeleniumDriver] [  812] - Datavalue is----------null
[DEBUG][2015-11-04 14:43:58,267][com.java.SeleniumDriver] [  830] - Exception: null
[INFO ][2015-11-04 14:43:58,267][com.java.SeleniumDriver] [  836] - DataField : XPH//span[contains(text(), 'Finished')]
[INFO ][2015-11-04 14:43:58,267][com.java.SeleniumDriver] [  838] - DataValue : 
[INFO ][2015-11-04 14:43:58,267][com.java.SeleniumDriver] [  844] - <In Set values of the page>
[INFO ][2015-11-04 14:43:58,267][com.java.SeleniumDriver] [  847] - {Data Fields & Data Values Exist}
[INFO ][2015-11-04 14:43:58,267][com.java.SeleniumDriver] [  849] - --------------------------setting values-----------------------------
[INFO ][2015-11-04 14:43:58,267][com.java.SeleniumDriver] [  852] - Action Type : Click
[INFO ][2015-11-04 14:43:58,267][com.java.TestType] [ 4063] - Field ::XPH//span[contains(text(), 'Finished')]
[INFO ][2015-11-04 14:43:59,268][com.java.TestType] [ 4122] - BEFORE CLICK
[INFO ][2015-11-04 14:44:07,280][com.java.TestType] [ 4130] - Unable to click the object Finished button
[INFO ][2015-11-04 14:44:07,280][com.java.SeleniumDriver] [  861] -  RESULT true
[INFO ][2015-11-04 14:44:07,280][com.java.SeleniumDriver] [ 1066] - ?   P A S S   ?
[INFO ][2015-11-04 14:44:07,280][com.java.SeleniumDriver] [  788] - ------------------------------------------
[INFO ][2015-11-04 14:44:07,280][com.java.SeleniumDriver] [  789] - Test case being Executed: 7
[INFO ][2015-11-04 14:44:07,280][com.java.SeleniumDriver] [  800] - Test step:23
[INFO ][2015-11-04 14:44:07,280][com.java.SeleniumDriver] [  812] - Datavalue is----------5
[INFO ][2015-11-04 14:44:07,280][com.java.SeleniumDriver] [  836] - DataField : BTNframeDialogContent
[INFO ][2015-11-04 14:44:07,280][com.java.SeleniumDriver] [  838] - DataValue : 5
[INFO ][2015-11-04 14:44:07,280][com.java.SeleniumDriver] [  844] - <In Set values of the page>
[INFO ][2015-11-04 14:44:07,280][com.java.SeleniumDriver] [  847] - {Data Fields & Data Values Exist}
[INFO ][2015-11-04 14:44:07,280][com.java.SeleniumDriver] [  849] - --------------------------setting values-----------------------------
[INFO ][2015-11-04 14:44:07,280][com.java.SeleniumDriver] [  852] - Action Type : WaitForElement
[INFO ][2015-11-04 14:44:08,471][com.java.SeleniumDriver] [  861] -  RESULT true
[INFO ][2015-11-04 14:44:08,471][com.java.SeleniumDriver] [ 1066] - ?   P A S S   ?
[INFO ][2015-11-04 14:44:08,471][com.java.SeleniumDriver] [  788] - ------------------------------------------
[INFO ][2015-11-04 14:44:08,471][com.java.SeleniumDriver] [  789] - Test case being Executed: 7
[INFO ][2015-11-04 14:44:08,471][com.java.SeleniumDriver] [  800] - Test step:24
[INFO ][2015-11-04 14:44:08,471][com.java.SeleniumDriver] [  812] - Datavalue is----------null
[DEBUG][2015-11-04 14:44:08,471][com.java.SeleniumDriver] [  830] - Exception: null
[INFO ][2015-11-04 14:44:08,471][com.java.SeleniumDriver] [  836] - DataField : BTNframeDialogContent
[INFO ][2015-11-04 14:44:08,471][com.java.SeleniumDriver] [  838] - DataValue : 
[INFO ][2015-11-04 14:44:08,471][com.java.SeleniumDriver] [  844] - <In Set values of the page>
[INFO ][2015-11-04 14:44:08,471][com.java.SeleniumDriver] [  847] - {Data Fields & Data Values Exist}
[INFO ][2015-11-04 14:44:08,471][com.java.SeleniumDriver] [  849] - --------------------------setting values-----------------------------
[INFO ][2015-11-04 14:44:08,471][com.java.SeleniumDriver] [  852] - Action Type : SelectFrame
[INFO ][2015-11-04 14:44:09,723][com.java.SeleniumDriver] [  861] -  RESULT true
[INFO ][2015-11-04 14:44:09,723][com.java.SeleniumDriver] [ 1066] - ?   P A S S   ?
[INFO ][2015-11-04 14:44:09,723][com.java.SeleniumDriver] [  788] - ------------------------------------------
[INFO ][2015-11-04 14:44:09,723][com.java.SeleniumDriver] [  789] - Test case being Executed: 7
[INFO ][2015-11-04 14:44:09,723][com.java.SeleniumDriver] [  800] - Test step:25
[INFO ][2015-11-04 14:44:09,723][com.java.SeleniumDriver] [  812] - Datavalue is----------null
[DEBUG][2015-11-04 14:44:09,723][com.java.SeleniumDriver] [  830] - Exception: null
[INFO ][2015-11-04 14:44:09,723][com.java.SeleniumDriver] [  836] - DataField : XPH//table[@id="tblUserListing"]//td[contains(text(),'vltest.robot')]
[INFO ][2015-11-04 14:44:09,723][com.java.SeleniumDriver] [  838] - DataValue : 
[INFO ][2015-11-04 14:44:09,723][com.java.SeleniumDriver] [  844] - <In Set values of the page>
[INFO ][2015-11-04 14:44:09,723][com.java.SeleniumDriver] [  847] - {Data Fields & Data Values Exist}
[INFO ][2015-11-04 14:44:09,723][com.java.SeleniumDriver] [  849] - --------------------------setting values-----------------------------
[INFO ][2015-11-04 14:44:09,723][com.java.SeleniumDriver] [  852] - Action Type : WaitForElement
[INFO ][2015-11-04 14:44:09,793][com.java.SeleniumDriver] [  861] -  RESULT true
[INFO ][2015-11-04 14:44:09,793][com.java.SeleniumDriver] [ 1066] - ?   P A S S   ?
[INFO ][2015-11-04 14:44:09,793][com.java.SeleniumDriver] [  788] - ------------------------------------------
[INFO ][2015-11-04 14:44:09,793][com.java.SeleniumDriver] [  789] - Test case being Executed: 7
[INFO ][2015-11-04 14:44:09,793][com.java.SeleniumDriver] [  800] - Test step:26
[INFO ][2015-11-04 14:44:09,793][com.java.SeleniumDriver] [  812] - Datavalue is----------dt:NewUserName
[INFO ][2015-11-04 14:44:09,793][com.java.SeleniumDriver] [  836] - DataField : USR
[INFO ][2015-11-04 14:44:09,793][com.java.SeleniumDriver] [  838] - DataValue : dt:NewUserName
[INFO ][2015-11-04 14:44:09,793][com.java.SeleniumDriver] [  844] - <In Set values of the page>
[INFO ][2015-11-04 14:44:09,793][com.java.SeleniumDriver] [  847] - {Data Fields & Data Values Exist}
[INFO ][2015-11-04 14:44:09,793][com.java.SeleniumDriver] [  849] - --------------------------setting values-----------------------------
[INFO ][2015-11-04 14:44:09,793][com.java.SeleniumDriver] [  852] - Action Type : Verify
[INFO ][2015-11-04 14:44:09,793][com.java.TestType] [ 4876] - field= USR value= dt:NewUserName
[INFO ][2015-11-04 14:44:09,793][com.java.TestType] [ 3750] - value = vltest.robot
[INFO ][2015-11-04 14:44:09,853][com.java.SeleniumDriver] [  861] -  RESULT true
[INFO ][2015-11-04 14:44:09,853][com.java.SeleniumDriver] [ 1066] - ?   P A S S   ?
[INFO ][2015-11-04 14:44:09,853][com.java.SeleniumDriver] [  788] - ------------------------------------------
[INFO ][2015-11-04 14:44:09,853][com.java.SeleniumDriver] [  789] - Test case being Executed: 7
[INFO ][2015-11-04 14:44:09,853][com.java.SeleniumDriver] [  800] - Test step:27
[INFO ][2015-11-04 14:44:09,853][com.java.SeleniumDriver] [  812] - Datavalue is----------Login_username
[INFO ][2015-11-04 14:44:09,853][com.java.SeleniumDriver] [  836] - DataField : XPH//table[@id="tblUserListing"]//td[contains(text(),'vltest.robot')]
[INFO ][2015-11-04 14:44:09,853][com.java.SeleniumDriver] [  838] - DataValue : Login_username
[INFO ][2015-11-04 14:44:09,853][com.java.SeleniumDriver] [  844] - <In Set values of the page>
[INFO ][2015-11-04 14:44:09,853][com.java.SeleniumDriver] [  847] - {Data Fields & Data Values Exist}
[INFO ][2015-11-04 14:44:09,853][com.java.SeleniumDriver] [  849] - --------------------------setting values-----------------------------
[INFO ][2015-11-04 14:44:09,853][com.java.SeleniumDriver] [  852] - Action Type : STOREVALUE
[INFO ][2015-11-04 14:44:09,853][com.java.TestType] [ 5810] - field= XPH//table[@id="tblUserListing"]//td[contains(text(),'vltest.robot')]
[DEBUG][2015-11-04 14:44:09,953][com.java.TestType] [ 5862] - Key:: Login_username   Value:: vltest.robot.33527
[INFO ][2015-11-04 14:44:09,953][com.java.SeleniumDriver] [  861] -  RESULT true
[INFO ][2015-11-04 14:44:09,953][com.java.SeleniumDriver] [ 1066] - ?   P A S S   ?
[INFO ][2015-11-04 14:44:09,953][com.java.SeleniumDriver] [  788] - ------------------------------------------
[INFO ][2015-11-04 14:44:09,953][com.java.SeleniumDriver] [  789] - Test case being Executed: 7
[INFO ][2015-11-04 14:44:09,953][com.java.SeleniumDriver] [  800] - Test step:28
[INFO ][2015-11-04 14:44:09,953][com.java.SeleniumDriver] [  812] - Datavalue is----------null
[DEBUG][2015-11-04 14:44:09,953][com.java.SeleniumDriver] [  830] - Exception: null
[INFO ][2015-11-04 14:44:09,953][com.java.SeleniumDriver] [  836] - DataField : BTNparent
[INFO ][2015-11-04 14:44:09,953][com.java.SeleniumDriver] [  838] - DataValue : 
[INFO ][2015-11-04 14:44:09,953][com.java.SeleniumDriver] [  844] - <In Set values of the page>
[INFO ][2015-11-04 14:44:09,953][com.java.SeleniumDriver] [  847] - {Data Fields & Data Values Exist}
[INFO ][2015-11-04 14:44:09,953][com.java.SeleniumDriver] [  849] - --------------------------setting values-----------------------------
[INFO ][2015-11-04 14:44:09,953][com.java.SeleniumDriver] [  852] - Action Type : SelectFrame
[INFO ][2015-11-04 14:44:09,963][com.java.SeleniumDriver] [  861] -  RESULT true
[INFO ][2015-11-04 14:44:09,963][com.java.SeleniumDriver] [ 1066] - ?   P A S S   ?
[INFO ][2015-11-04 14:44:09,963][com.java.SeleniumDriver] [  788] - ------------------------------------------
[INFO ][2015-11-04 14:44:09,963][com.java.SeleniumDriver] [  789] - Test case being Executed: 7
[INFO ][2015-11-04 14:44:09,963][com.java.SeleniumDriver] [  800] - Test step:29
[INFO ][2015-11-04 14:44:09,963][com.java.SeleniumDriver] [  812] - Datavalue is----------null
[DEBUG][2015-11-04 14:44:09,963][com.java.SeleniumDriver] [  830] - Exception: null
[INFO ][2015-11-04 14:44:09,963][com.java.SeleniumDriver] [  836] - DataField : XPH//span[contains(text(), 'Finished')]
[INFO ][2015-11-04 14:44:09,963][com.java.SeleniumDriver] [  838] - DataValue : 
[INFO ][2015-11-04 14:44:09,963][com.java.SeleniumDriver] [  844] - <In Set values of the page>
[INFO ][2015-11-04 14:44:09,963][com.java.SeleniumDriver] [  847] - {Data Fields & Data Values Exist}
[INFO ][2015-11-04 14:44:09,963][com.java.SeleniumDriver] [  849] - --------------------------setting values-----------------------------
[INFO ][2015-11-04 14:44:09,963][com.java.SeleniumDriver] [  852] - Action Type : Click
[INFO ][2015-11-04 14:44:09,963][com.java.TestType] [ 4063] - Field ::XPH//span[contains(text(), 'Finished')]
[INFO ][2015-11-04 14:44:10,963][com.java.TestType] [ 4122] - BEFORE CLICK
[INFO ][2015-11-04 14:44:11,813][com.java.TestType] [ 4130] - Unable to click the object Finished button
[INFO ][2015-11-04 14:44:11,813][com.java.SeleniumDriver] [  861] -  RESULT true
[INFO ][2015-11-04 14:44:11,813][com.java.SeleniumDriver] [ 1066] - ?   P A S S   ?
[INFO ][2015-11-04 14:44:11,813][com.java.SeleniumDriver] [  788] - ------------------------------------------
[INFO ][2015-11-04 14:44:11,813][com.java.SeleniumDriver] [  789] - Test case being Executed: 7
[INFO ][2015-11-04 14:44:11,813][com.java.SeleniumDriver] [  800] - Test step:30
[INFO ][2015-11-04 14:44:11,813][com.java.SeleniumDriver] [  812] - Datavalue is----------Concept#3:1-2
[INFO ][2015-11-04 14:44:11,813][com.java.SeleniumDriver] [  836] - DataField : test
[INFO ][2015-11-04 14:44:11,813][com.java.SeleniumDriver] [  838] - DataValue : Concept#3:1-2
[INFO ][2015-11-04 14:44:11,813][com.java.SeleniumDriver] [  844] - <In Set values of the page>
[INFO ][2015-11-04 14:44:11,813][com.java.SeleniumDriver] [  847] - {Data Fields & Data Values Exist}
[INFO ][2015-11-04 14:44:11,813][com.java.SeleniumDriver] [  849] - --------------------------setting values-----------------------------
[INFO ][2015-11-04 14:44:11,813][com.java.SeleniumDriver] [  852] - Action Type : ExecuteTestCase
[INFO ][2015-11-04 14:44:11,813][com.java.TestType] [  411] - The Concept sheet name is ---------- Concept
[INFO ][2015-11-04 14:44:11,813][com.java.TestType] [  414] - The Concept ID  is ---------- 3
[DEBUG][2015-11-04 14:44:11,813][com.java.TestType] [  418] - Steps being executted in the Concept are: 1:2
[INFO ][2015-11-04 14:44:11,813][com.java.TestType] [  425] - Test data details path ---------- D:\BankersDashboard\TestInputs\TestData.xls
[INFO ][2015-11-04 14:44:11,843][com.java.TestType] [  456] -  str(1) = 3
[INFO ][2015-11-04 14:44:11,843][com.java.TestType] [  459] - Test case Id is---3
[INFO ][2015-11-04 14:44:11,843][com.java.TestType] [  461] - 3
[INFO ][2015-11-04 14:44:11,843][com.java.TestType] [  456] -  str(2) = 1
[INFO ][2015-11-04 14:44:11,843][com.java.TestType] [  508] - row values are--------{1=com.java.Objects.TestDataDetails@d0900}
[INFO ][2015-11-04 14:44:11,843][com.java.TestType] [  456] -  str(1) = 3
[INFO ][2015-11-04 14:44:11,843][com.java.TestType] [  459] - Test case Id is---3
[INFO ][2015-11-04 14:44:11,843][com.java.TestType] [  461] - 3
[INFO ][2015-11-04 14:44:11,843][com.java.TestType] [  456] -  str(2) = 2
[INFO ][2015-11-04 14:44:11,843][com.java.TestType] [  508] - row values are--------{1=com.java.Objects.TestDataDetails@d0900, 2=com.java.Objects.TestDataDetails@181ab43}
[INFO ][2015-11-04 14:44:11,843][com.java.TestType] [ 7899] - Looping 1TCID = 3
[DEBUG][2015-11-04 14:44:11,843][com.java.TestType] [ 7940] - Concept ID:3 :: Step being Executed: 3::1
[INFO ][2015-11-04 14:44:11,843][com.java.TestType] [ 7978] - dataFields : test
[DEBUG][2015-11-04 14:44:11,843][com.java.TestType] [ 7984] - <In Set values of the page>
[DEBUG][2015-11-04 14:44:11,843][com.java.TestType] [ 7989] - {Data Fields & Data Values Exist}
[INFO ][2015-11-04 14:44:11,843][com.java.TestType] [ 7995] - --------------------------setting values-----------------------------
[INFO ][2015-11-04 14:44:11,843][com.java.TestType] [ 7998] - Action Type : Logout
[INFO ][2015-11-04 14:44:14,019][com.java.TestType] [ 4063] - Field ::CNF
[INFO ][2015-11-04 14:44:15,372][com.java.TestType] [ 4118] - Click the object confirmation
[INFO ][2015-11-04 14:44:15,372][com.java.TestType] [ 4119] - Unable to click the object confirmation
[DEBUG][2015-11-04 14:44:15,375][com.java.SeleniumDriver] [  425] - Hub ip address is-------172.17.68.34
[INFO ][2015-11-04 14:44:15,375][com.java.SeleniumDriver] [  451] - Grid URL:http://172.17.68.34:4444/wd/hub
[INFO ][2015-11-04 14:44:15,375][com.java.SeleniumDriver] [  452] - Capability:Capabilities [{platform=ANY, ensureCleanSession=true, ignoreProtectedModeSettings=true, acceptSslCerts=true, ignoreZoomSetting=true, browserName=internet explorer, browserstack.ie.noFlash=true, version=Node1}]
[ERROR][2015-11-04 14:44:16,400][com.java.SeleniumDriver] [  496] - Unable invoke browser in grid:Could not start a new session. Possible causes are invalid address of the remote server or browser start-up failure.
Build info: version: '2.48.2', revision: '41bccdd', time: '2015-10-09 19:59:12'
System info: host: 'FVTIII438F1D', ip: '172.17.68.34', os.name: 'Windows 7', os.arch: 'x86', os.version: '6.1', java.version: '1.7.0_55'
Driver info: driver.version: SeleniumDriver
[INFO ][2015-11-04 14:44:16,400][com.java.SeleniumDriver] [  498] - Executing on local machine
[INFO ][2015-11-04 14:44:25,339][com.java.TestType] [ 8017] -  RESULT true
[INFO ][2015-11-04 14:44:25,339][com.java.TestType] [ 8134] - ?   P A S S   ?
[DEBUG][2015-11-04 14:44:25,339][com.java.TestType] [ 7940] - Concept ID:3 :: Step being Executed: 3::2
[INFO ][2015-11-04 14:44:25,339][com.java.TestType] [ 7978] - dataFields : test
[DEBUG][2015-11-04 14:44:25,339][com.java.TestType] [ 7984] - <In Set values of the page>
[DEBUG][2015-11-04 14:44:25,339][com.java.TestType] [ 7989] - {Data Fields & Data Values Exist}
[INFO ][2015-11-04 14:44:25,339][com.java.TestType] [ 7995] - --------------------------setting values-----------------------------
[INFO ][2015-11-04 14:44:25,339][com.java.TestType] [ 7998] - Action Type : WaitTime
[DEBUG][2015-11-04 14:44:25,339][com.java.TestType] [ 3654] - sleepTime: 2000
[INFO ][2015-11-04 14:44:27,340][com.java.TestType] [ 8017] -  RESULT true
[INFO ][2015-11-04 14:44:27,340][com.java.TestType] [ 8134] - ?   P A S S   ?
[INFO ][2015-11-04 14:44:27,340][com.java.TestType] [ 8205] - Looping End......
[INFO ][2015-11-04 14:44:27,340][com.java.SeleniumDriver] [  861] -  RESULT true
[INFO ][2015-11-04 14:44:27,340][com.java.SeleniumDriver] [ 1066] - ?   P A S S   ?
[INFO ][2015-11-04 14:44:27,340][com.java.SeleniumDriver] [  788] - ------------------------------------------
[INFO ][2015-11-04 14:44:27,340][com.java.SeleniumDriver] [  789] - Test case being Executed: 7
[INFO ][2015-11-04 14:44:27,340][com.java.SeleniumDriver] [  800] - Test step:31
[INFO ][2015-11-04 14:44:27,340][com.java.SeleniumDriver] [  812] - Datavalue is----------HMVLogin_username
[INFO ][2015-11-04 14:44:27,340][com.java.SeleniumDriver] [  836] - DataField : TXTusername
[INFO ][2015-11-04 14:44:27,340][com.java.SeleniumDriver] [  838] - DataValue : HMVLogin_username
[INFO ][2015-11-04 14:44:27,340][com.java.SeleniumDriver] [  844] - <In Set values of the page>
[INFO ][2015-11-04 14:44:27,340][com.java.SeleniumDriver] [  847] - {Data Fields & Data Values Exist}
[INFO ][2015-11-04 14:44:27,340][com.java.SeleniumDriver] [  849] - --------------------------setting values-----------------------------
[INFO ][2015-11-04 14:44:27,340][com.java.SeleniumDriver] [  852] - Action Type : CLEARANDENTER
[INFO ][2015-11-04 14:44:27,340][com.java.TestType] [ 3750] - value = vltest.robot.33527
[INFO ][2015-11-04 14:44:32,191][com.java.SeleniumDriver] [  861] -  RESULT true
[INFO ][2015-11-04 14:44:32,191][com.java.SeleniumDriver] [ 1066] - ?   P A S S   ?
[INFO ][2015-11-04 14:44:32,191][com.java.SeleniumDriver] [  788] - ------------------------------------------
[INFO ][2015-11-04 14:44:32,191][com.java.SeleniumDriver] [  789] - Test case being Executed: 7
[INFO ][2015-11-04 14:44:32,191][com.java.SeleniumDriver] [  800] - Test step:32
[INFO ][2015-11-04 14:44:32,191][com.java.SeleniumDriver] [  812] - Datavalue is----------dt:NewUserPswd
[INFO ][2015-11-04 14:44:32,191][com.java.SeleniumDriver] [  836] - DataField : TXTpassword
[INFO ][2015-11-04 14:44:32,191][com.java.SeleniumDriver] [  838] - DataValue : dt:NewUserPswd
[INFO ][2015-11-04 14:44:32,191][com.java.SeleniumDriver] [  844] - <In Set values of the page>
[INFO ][2015-11-04 14:44:32,191][com.java.SeleniumDriver] [  847] - {Data Fields & Data Values Exist}
[INFO ][2015-11-04 14:44:32,191][com.java.SeleniumDriver] [  849] - --------------------------setting values-----------------------------
[INFO ][2015-11-04 14:44:32,191][com.java.SeleniumDriver] [  852] - Action Type : CLEARANDENTER
[INFO ][2015-11-04 14:44:32,191][com.java.TestType] [ 3750] - value = Password1*
[INFO ][2015-11-04 14:44:37,150][com.java.SeleniumDriver] [  861] -  RESULT true
[INFO ][2015-11-04 14:44:37,150][com.java.SeleniumDriver] [ 1066] - ?   P A S S   ?
[INFO ][2015-11-04 14:44:37,150][com.java.SeleniumDriver] [  788] - ------------------------------------------
[INFO ][2015-11-04 14:44:37,150][com.java.SeleniumDriver] [  789] - Test case being Executed: 7
[INFO ][2015-11-04 14:44:37,150][com.java.SeleniumDriver] [  800] - Test step:33
[INFO ][2015-11-04 14:44:37,150][com.java.SeleniumDriver] [  812] - Datavalue is----------null
[DEBUG][2015-11-04 14:44:37,150][com.java.SeleniumDriver] [  830] - Exception: null
[INFO ][2015-11-04 14:44:37,150][com.java.SeleniumDriver] [  836] - DataField : XPH//button[@type='submit']
[INFO ][2015-11-04 14:44:37,150][com.java.SeleniumDriver] [  838] - DataValue : 
[INFO ][2015-11-04 14:44:37,150][com.java.SeleniumDriver] [  844] - <In Set values of the page>
[INFO ][2015-11-04 14:44:37,150][com.java.SeleniumDriver] [  847] - {Data Fields & Data Values Exist}
[INFO ][2015-11-04 14:44:37,150][com.java.SeleniumDriver] [  849] - --------------------------setting values-----------------------------
[INFO ][2015-11-04 14:44:37,150][com.java.SeleniumDriver] [  852] - Action Type : Click
[INFO ][2015-11-04 14:44:37,150][com.java.TestType] [ 4063] - Field ::XPH//button[@type='submit']
[INFO ][2015-11-04 14:44:38,150][com.java.TestType] [ 4122] - BEFORE CLICK
[INFO ][2015-11-04 14:44:39,100][com.java.TestType] [ 4130] - Unable to click the object Login
[INFO ][2015-11-04 14:44:39,100][com.java.SeleniumDriver] [  861] -  RESULT true
[INFO ][2015-11-04 14:44:39,100][com.java.SeleniumDriver] [ 1066] - ?   P A S S   ?
[INFO ][2015-11-04 14:44:39,100][com.java.SeleniumDriver] [  788] - ------------------------------------------
[INFO ][2015-11-04 14:44:39,100][com.java.SeleniumDriver] [  789] - Test case being Executed: 7
[INFO ][2015-11-04 14:44:39,100][com.java.SeleniumDriver] [  800] - Test step:34
[INFO ][2015-11-04 14:44:39,100][com.java.SeleniumDriver] [  812] - Datavalue is----------1
[INFO ][2015-11-04 14:44:39,100][com.java.SeleniumDriver] [  836] - DataField : LNKLogout
[INFO ][2015-11-04 14:44:39,100][com.java.SeleniumDriver] [  838] - DataValue : 1
[INFO ][2015-11-04 14:44:39,100][com.java.SeleniumDriver] [  844] - <In Set values of the page>
[INFO ][2015-11-04 14:44:39,100][com.java.SeleniumDriver] [  847] - {Data Fields & Data Values Exist}
[INFO ][2015-11-04 14:44:39,100][com.java.SeleniumDriver] [  849] - --------------------------setting values-----------------------------
[INFO ][2015-11-04 14:44:39,100][com.java.SeleniumDriver] [  852] - Action Type : WaitForElement
