[INFO ][2016-01-05 18:01:14,055][com.java.SeleniumDriver] [  213] - Execute Failed Casesfalse
[INFO ][2016-01-05 18:01:14,055][com.java.SeleniumDriver] [  214] - Browser: IE10
[INFO ][2016-01-05 18:01:14,055][com.java.SeleniumDriver] [  215] - [1, 2, 3, 4, 5]
[INFO ][2016-01-05 18:01:14,055][com.java.SeleniumDriver] [  216] - Total TestCases:5
[INFO ][2016-01-05 18:01:14,055][com.java.SeleniumDriver] [  217] -  Reading Properties from Property File 
[DEBUG][2016-01-05 18:01:14,056][com.java.SeleniumDriver] [  238] - url : https://clients-xuat.bankersdashboard.com
[INFO ][2016-01-05 18:01:14,057][com.java.ImportnExport.ExportTestResultsExcel] [  116] - Time Stamp Tue Jan 05 06:01:14 IST 2016
[INFO ][2016-01-05 18:01:14,057][com.java.ImportnExport.ExportTestResultsExcel] [  175] - OUT FILE : D:\BankersDashboard/TestReports/Test Results_BankersDashBoard_010516_180114_IE10_United Bank.xls
[INFO ][2016-01-05 18:01:14,087][com.java.ImportnExport.ExportTestResultsExcel] [  180] - Test Result file is created
[DEBUG][2016-01-05 18:01:14,192][com.java.SeleniumDriver] [  426] - Hub ip address is-------172.17.68.34
[INFO ][2016-01-05 18:01:14,193][com.java.SeleniumDriver] [  452] - Grid URL:http://172.17.68.34:4444/wd/hub
[INFO ][2016-01-05 18:01:14,193][com.java.SeleniumDriver] [  453] - Capability:Capabilities [{platform=ANY, ensureCleanSession=true, ignoreProtectedModeSettings=true, acceptSslCerts=true, ignoreZoomSetting=true, browserName=internet explorer, browserstack.ie.noFlash=true, version=null}]
[ERROR][2016-01-05 18:01:15,528][com.java.SeleniumDriver] [  498] - Unable invoke browser in grid:Could not start a new session. Possible causes are invalid address of the remote server or browser start-up failure.
Build info: version: '2.48.2', revision: '41bccdd', time: '2015-10-09 19:59:12'
System info: host: 'FVTIII438F1D', ip: '172.17.68.34', os.name: 'Windows 7', os.arch: 'x86', os.version: '6.1', java.version: '1.7.0_55'
Driver info: driver.version: SeleniumDriver
[INFO ][2016-01-05 18:01:15,528][com.java.SeleniumDriver] [  500] - Executing on local machine
[INFO ][2016-01-05 18:01:25,793][com.java.SeleniumDriver] [  248] - IE10is opened
[INFO ][2016-01-05 18:01:26,635][com.java.SeleniumDriver] [  756] - Test cases to be executed are: [1, 2, 3, 4, 5]
[INFO ][2016-01-05 18:01:26,656][com.java.ImportnExport.ImportTestDataDetailsExcel] [   49] - test data details path===== D:\BankersDashboard\TestInputs\TestData.xls
[INFO ][2016-01-05 18:01:26,748][com.java.SeleniumDriver] [  832] - ------------------------------------------
[INFO ][2016-01-05 18:01:26,748][com.java.SeleniumDriver] [  833] - Test case being Executed: 1
[INFO ][2016-01-05 18:01:26,748][com.java.SeleniumDriver] [  845] - Test step:1
[INFO ][2016-01-05 18:01:26,749][com.java.SeleniumDriver] [  857] - Datavalue is----------Concept#1:1-16
[INFO ][2016-01-05 18:01:26,749][com.java.SeleniumDriver] [  881] - DataField : test
[INFO ][2016-01-05 18:01:26,749][com.java.SeleniumDriver] [  883] - DataValue : Concept#1:1-16
[INFO ][2016-01-05 18:01:26,749][com.java.SeleniumDriver] [  889] - <In Set values of the page>
[INFO ][2016-01-05 18:01:26,749][com.java.SeleniumDriver] [  892] - {Data Fields & Data Values Exist}
[INFO ][2016-01-05 18:01:26,749][com.java.SeleniumDriver] [  894] - --------------------------setting values-----------------------------
[INFO ][2016-01-05 18:01:26,749][com.java.SeleniumDriver] [  897] - Action Type : ExecuteTestCase
[INFO ][2016-01-05 18:01:26,769][com.java.TestType] [  437] - The Concept sheet name is ---------- Concept
[INFO ][2016-01-05 18:01:26,769][com.java.TestType] [  440] - The Concept ID  is ---------- 1
[DEBUG][2016-01-05 18:01:26,769][com.java.TestType] [  444] - Steps being executted in the Concept are: 1:16
[INFO ][2016-01-05 18:01:26,769][com.java.TestType] [  451] - Test data details path ---------- D:\BankersDashboard\TestInputs\TestData.xls
[INFO ][2016-01-05 18:01:26,802][com.java.TestType] [  482] -  str(1) = 1
[INFO ][2016-01-05 18:01:26,802][com.java.TestType] [  485] - Test case Id is---1
[INFO ][2016-01-05 18:01:26,802][com.java.TestType] [  487] - 1
[INFO ][2016-01-05 18:01:26,803][com.java.TestType] [  482] -  str(2) = 1
[INFO ][2016-01-05 18:01:26,805][com.java.TestType] [  482] -  str(1) = 1
[INFO ][2016-01-05 18:01:26,807][com.java.TestType] [  485] - Test case Id is---1
[INFO ][2016-01-05 18:01:26,807][com.java.TestType] [  487] - 1
[INFO ][2016-01-05 18:01:26,807][com.java.TestType] [  482] -  str(2) = 2
[INFO ][2016-01-05 18:01:26,808][com.java.TestType] [  482] -  str(1) = 1
[INFO ][2016-01-05 18:01:26,809][com.java.TestType] [  485] - Test case Id is---1
[INFO ][2016-01-05 18:01:26,809][com.java.TestType] [  487] - 1
[INFO ][2016-01-05 18:01:26,809][com.java.TestType] [  482] -  str(2) = 3
[INFO ][2016-01-05 18:01:26,810][com.java.TestType] [  482] -  str(1) = 1
[INFO ][2016-01-05 18:01:26,810][com.java.TestType] [  485] - Test case Id is---1
[INFO ][2016-01-05 18:01:26,810][com.java.TestType] [  487] - 1
[INFO ][2016-01-05 18:01:26,810][com.java.TestType] [  482] -  str(2) = 4
[INFO ][2016-01-05 18:01:26,812][com.java.TestType] [  482] -  str(1) = 1
[INFO ][2016-01-05 18:01:26,812][com.java.TestType] [  485] - Test case Id is---1
[INFO ][2016-01-05 18:01:26,812][com.java.TestType] [  487] - 1
[INFO ][2016-01-05 18:01:26,812][com.java.TestType] [  482] -  str(2) = 5
[INFO ][2016-01-05 18:01:26,813][com.java.TestType] [  482] -  str(1) = 1
[INFO ][2016-01-05 18:01:26,813][com.java.TestType] [  485] - Test case Id is---1
[INFO ][2016-01-05 18:01:26,813][com.java.TestType] [  487] - 1
[INFO ][2016-01-05 18:01:26,813][com.java.TestType] [  482] -  str(2) = 6
[INFO ][2016-01-05 18:01:26,814][com.java.TestType] [  482] -  str(1) = 1
[INFO ][2016-01-05 18:01:26,814][com.java.TestType] [  485] - Test case Id is---1
[INFO ][2016-01-05 18:01:26,814][com.java.TestType] [  487] - 1
[INFO ][2016-01-05 18:01:26,815][com.java.TestType] [  482] -  str(2) = 7
[INFO ][2016-01-05 18:01:26,815][com.java.TestType] [  482] -  str(1) = 1
[INFO ][2016-01-05 18:01:26,815][com.java.TestType] [  485] - Test case Id is---1
[INFO ][2016-01-05 18:01:26,815][com.java.TestType] [  487] - 1
[INFO ][2016-01-05 18:01:26,816][com.java.TestType] [  482] -  str(2) = 8
[INFO ][2016-01-05 18:01:26,818][com.java.TestType] [  482] -  str(1) = 1
[INFO ][2016-01-05 18:01:26,818][com.java.TestType] [  485] - Test case Id is---1
[INFO ][2016-01-05 18:01:26,818][com.java.TestType] [  487] - 1
[INFO ][2016-01-05 18:01:26,818][com.java.TestType] [  482] -  str(2) = 9
[INFO ][2016-01-05 18:01:26,819][com.java.TestType] [  482] -  str(1) = 1
[INFO ][2016-01-05 18:01:26,819][com.java.TestType] [  485] - Test case Id is---1
[INFO ][2016-01-05 18:01:26,819][com.java.TestType] [  487] - 1
[INFO ][2016-01-05 18:01:26,819][com.java.TestType] [  482] -  str(2) = 10
[INFO ][2016-01-05 18:01:26,820][com.java.TestType] [  482] -  str(1) = 1
[INFO ][2016-01-05 18:01:26,820][com.java.TestType] [  485] - Test case Id is---1
[INFO ][2016-01-05 18:01:26,820][com.java.TestType] [  487] - 1
[INFO ][2016-01-05 18:01:26,820][com.java.TestType] [  482] -  str(2) = 11
[INFO ][2016-01-05 18:01:26,821][com.java.TestType] [  482] -  str(1) = 1
[INFO ][2016-01-05 18:01:26,821][com.java.TestType] [  485] - Test case Id is---1
[INFO ][2016-01-05 18:01:26,821][com.java.TestType] [  487] - 1
[INFO ][2016-01-05 18:01:26,821][com.java.TestType] [  482] -  str(2) = 12
[INFO ][2016-01-05 18:01:26,822][com.java.TestType] [  482] -  str(1) = 1
[INFO ][2016-01-05 18:01:26,822][com.java.TestType] [  485] - Test case Id is---1
[INFO ][2016-01-05 18:01:26,822][com.java.TestType] [  487] - 1
[INFO ][2016-01-05 18:01:26,822][com.java.TestType] [  482] -  str(2) = 13
[INFO ][2016-01-05 18:01:26,823][com.java.TestType] [  482] -  str(1) = 1
[INFO ][2016-01-05 18:01:26,823][com.java.TestType] [  485] - Test case Id is---1
[INFO ][2016-01-05 18:01:26,823][com.java.TestType] [  487] - 1
[INFO ][2016-01-05 18:01:26,823][com.java.TestType] [  482] -  str(2) = 14
[INFO ][2016-01-05 18:01:26,824][com.java.TestType] [  482] -  str(1) = 1
[INFO ][2016-01-05 18:01:26,824][com.java.TestType] [  485] - Test case Id is---1
[INFO ][2016-01-05 18:01:26,824][com.java.TestType] [  487] - 1
[INFO ][2016-01-05 18:01:26,824][com.java.TestType] [  482] -  str(2) = 15
[INFO ][2016-01-05 18:01:26,825][com.java.TestType] [  482] -  str(1) = 1
[INFO ][2016-01-05 18:01:26,825][com.java.TestType] [  485] - Test case Id is---1
[INFO ][2016-01-05 18:01:26,825][com.java.TestType] [  487] - 1
[INFO ][2016-01-05 18:01:26,825][com.java.TestType] [  482] -  str(2) = 16
[INFO ][2016-01-05 18:01:26,827][com.java.TestType] [10614] - Looping 1TCID = 1
[DEBUG][2016-01-05 18:01:26,827][com.java.TestType] [10655] - Concept ID:1 :: Step being Executed: 1::1
[INFO ][2016-01-05 18:01:26,828][com.java.TestType] [10693] - dataFields : TXTusername
[DEBUG][2016-01-05 18:01:26,828][com.java.TestType] [10699] - <In Set values of the page>
[DEBUG][2016-01-05 18:01:26,828][com.java.TestType] [10704] - {Data Fields & Data Values Exist}
[INFO ][2016-01-05 18:01:26,828][com.java.TestType] [10710] - --------------------------setting values-----------------------------
[INFO ][2016-01-05 18:01:26,828][com.java.TestType] [10713] - Action Type : CLEARANDENTER
[INFO ][2016-01-05 18:01:26,828][com.java.TestType] [ 5705] - value = valuelabs.ie10.00058
[INFO ][2016-01-05 18:01:31,581][com.java.TestType] [10732] -  RESULT true
[INFO ][2016-01-05 18:01:31,582][com.java.TestType] [10849] - ?   P A S S   ?
[DEBUG][2016-01-05 18:01:31,582][com.java.TestType] [10655] - Concept ID:1 :: Step being Executed: 1::2
[INFO ][2016-01-05 18:01:31,582][com.java.TestType] [10693] - dataFields : TXTpassword
[DEBUG][2016-01-05 18:01:31,582][com.java.TestType] [10699] - <In Set values of the page>
[DEBUG][2016-01-05 18:01:31,582][com.java.TestType] [10704] - {Data Fields & Data Values Exist}
[INFO ][2016-01-05 18:01:31,582][com.java.TestType] [10710] - --------------------------setting values-----------------------------
[INFO ][2016-01-05 18:01:31,582][com.java.TestType] [10713] - Action Type : CLEARANDENTER
[INFO ][2016-01-05 18:01:31,582][com.java.TestType] [ 5705] - value = Password1*
[INFO ][2016-01-05 18:01:36,467][com.java.TestType] [10732] -  RESULT true
[INFO ][2016-01-05 18:01:36,467][com.java.TestType] [10849] - ?   P A S S   ?
[DEBUG][2016-01-05 18:01:36,467][com.java.TestType] [10655] - Concept ID:1 :: Step being Executed: 1::3
[ERROR][2016-01-05 18:01:36,467][com.java.TestType] [10688] - Exception: null
[INFO ][2016-01-05 18:01:36,467][com.java.TestType] [10693] - dataFields : XPH//button[@type='submit']
[DEBUG][2016-01-05 18:01:36,467][com.java.TestType] [10699] - <In Set values of the page>
[DEBUG][2016-01-05 18:01:36,468][com.java.TestType] [10704] - {Data Fields & Data Values Exist}
[INFO ][2016-01-05 18:01:36,468][com.java.TestType] [10710] - --------------------------setting values-----------------------------
[INFO ][2016-01-05 18:01:36,468][com.java.TestType] [10713] - Action Type : Click
[INFO ][2016-01-05 18:01:36,468][com.java.TestType] [ 6084] - Field ::XPH//button[@type='submit']
[INFO ][2016-01-05 18:01:36,468][com.java.TestType] [ 5705] - value = 
[INFO ][2016-01-05 18:01:37,468][com.java.TestType] [ 6221] - BEFORE CLICK
[INFO ][2016-01-05 18:01:38,323][com.java.TestType] [ 6229] - Unable to click the object Login
[INFO ][2016-01-05 18:01:38,323][com.java.TestType] [10732] -  RESULT true
[INFO ][2016-01-05 18:01:38,323][com.java.TestType] [10849] - ?   P A S S   ?
[DEBUG][2016-01-05 18:01:38,323][com.java.TestType] [10655] - Concept ID:1 :: Step being Executed: 1::4
[INFO ][2016-01-05 18:01:38,323][com.java.TestType] [10693] - dataFields : LNKLogout
[DEBUG][2016-01-05 18:01:38,323][com.java.TestType] [10699] - <In Set values of the page>
[DEBUG][2016-01-05 18:01:38,323][com.java.TestType] [10704] - {Data Fields & Data Values Exist}
[INFO ][2016-01-05 18:01:38,323][com.java.TestType] [10710] - --------------------------setting values-----------------------------
[INFO ][2016-01-05 18:01:38,323][com.java.TestType] [10713] - Action Type : WaitForElement
[INFO ][2016-01-05 18:01:41,874][com.java.TestType] [10732] -  RESULT true
[INFO ][2016-01-05 18:01:41,874][com.java.TestType] [10849] - ?   P A S S   ?
[DEBUG][2016-01-05 18:01:41,874][com.java.TestType] [10655] - Concept ID:1 :: Step being Executed: 1::15
[INFO ][2016-01-05 18:01:41,874][com.java.TestType] [10693] - dataFields : LNK
[DEBUG][2016-01-05 18:01:41,874][com.java.TestType] [10699] - <In Set values of the page>
[DEBUG][2016-01-05 18:01:41,874][com.java.TestType] [10704] - {Data Fields & Data Values Exist}
[INFO ][2016-01-05 18:01:41,874][com.java.TestType] [10710] - --------------------------setting values-----------------------------
[INFO ][2016-01-05 18:01:41,875][com.java.TestType] [10713] - Action Type : Verify
[INFO ][2016-01-05 18:01:41,875][com.java.TestType] [ 7081] - field= LNK value= Logout
[INFO ][2016-01-05 18:01:41,876][com.java.TestType] [ 5705] - value = Logout
[INFO ][2016-01-05 18:01:41,914][com.java.TestType] [10732] -  RESULT true
[INFO ][2016-01-05 18:01:41,914][com.java.TestType] [10849] - ?   P A S S   ?
[DEBUG][2016-01-05 18:01:41,914][com.java.TestType] [10655] - Concept ID:1 :: Step being Executed: 1::16
[INFO ][2016-01-05 18:01:41,914][com.java.TestType] [10693] - dataFields : BTN
[DEBUG][2016-01-05 18:01:41,915][com.java.TestType] [10699] - <In Set values of the page>
[DEBUG][2016-01-05 18:01:41,915][com.java.TestType] [10704] - {Data Fields & Data Values Exist}
[INFO ][2016-01-05 18:01:41,915][com.java.TestType] [10710] - --------------------------setting values-----------------------------
[INFO ][2016-01-05 18:01:41,915][com.java.TestType] [10713] - Action Type : Verify
[INFO ][2016-01-05 18:01:41,915][com.java.TestType] [ 7081] - field= BTN value= //img[contains(@src,'bdlogo.jpg')]
[INFO ][2016-01-05 18:01:41,915][com.java.TestType] [ 5705] - value = //img[contains(@src,'bdlogo.jpg')]
[INFO ][2016-01-05 18:01:41,985][com.java.TestType] [10732] -  RESULT true
[INFO ][2016-01-05 18:01:41,985][com.java.TestType] [10849] - ?   P A S S   ?
[INFO ][2016-01-05 18:01:41,985][com.java.TestType] [10920] - Looping End......
[INFO ][2016-01-05 18:01:41,989][com.java.SeleniumDriver] [  906] -  RESULT true
[INFO ][2016-01-05 18:01:41,989][com.java.SeleniumDriver] [ 1112] - ?   P A S S   ?
[INFO ][2016-01-05 18:01:41,989][com.java.SeleniumDriver] [  832] - ------------------------------------------
[INFO ][2016-01-05 18:01:41,989][com.java.SeleniumDriver] [  833] - Test case being Executed: 1
[INFO ][2016-01-05 18:01:41,989][com.java.SeleniumDriver] [  845] - Test step:2
[INFO ][2016-01-05 18:01:41,989][com.java.SeleniumDriver] [  857] - Datavalue is----------Concept#2:1-2
[INFO ][2016-01-05 18:01:41,989][com.java.SeleniumDriver] [  881] - DataField : test
[INFO ][2016-01-05 18:01:41,989][com.java.SeleniumDriver] [  883] - DataValue : Concept#2:1-2
[INFO ][2016-01-05 18:01:41,989][com.java.SeleniumDriver] [  889] - <In Set values of the page>
[INFO ][2016-01-05 18:01:41,989][com.java.SeleniumDriver] [  892] - {Data Fields & Data Values Exist}
[INFO ][2016-01-05 18:01:41,990][com.java.SeleniumDriver] [  894] - --------------------------setting values-----------------------------
[INFO ][2016-01-05 18:01:41,990][com.java.SeleniumDriver] [  897] - Action Type : ExecuteTestCase
[INFO ][2016-01-05 18:01:41,990][com.java.TestType] [  437] - The Concept sheet name is ---------- Concept
[INFO ][2016-01-05 18:01:41,990][com.java.TestType] [  440] - The Concept ID  is ---------- 2
[DEBUG][2016-01-05 18:01:41,990][com.java.TestType] [  444] - Steps being executted in the Concept are: 1:2
[INFO ][2016-01-05 18:01:41,990][com.java.TestType] [  451] - Test data details path ---------- D:\BankersDashboard\TestInputs\TestData.xls
[INFO ][2016-01-05 18:01:42,019][com.java.TestType] [  482] -  str(1) = 2
[INFO ][2016-01-05 18:01:42,019][com.java.TestType] [  485] - Test case Id is---2
[INFO ][2016-01-05 18:01:42,019][com.java.TestType] [  487] - 2
[INFO ][2016-01-05 18:01:42,019][com.java.TestType] [  482] -  str(2) = 1
[INFO ][2016-01-05 18:01:42,020][com.java.TestType] [  482] -  str(1) = 2
[INFO ][2016-01-05 18:01:42,021][com.java.TestType] [  485] - Test case Id is---2
[INFO ][2016-01-05 18:01:42,021][com.java.TestType] [  487] - 2
[INFO ][2016-01-05 18:01:42,021][com.java.TestType] [  482] -  str(2) = 2
[INFO ][2016-01-05 18:01:42,021][com.java.TestType] [  482] -  str(1) = 2
[INFO ][2016-01-05 18:01:42,021][com.java.TestType] [  485] - Test case Id is---2
[INFO ][2016-01-05 18:01:42,021][com.java.TestType] [  487] - 2
[INFO ][2016-01-05 18:01:42,022][com.java.TestType] [  482] -  str(2) = 3
[INFO ][2016-01-05 18:01:42,022][com.java.TestType] [10614] - Looping 1TCID = 2
[DEBUG][2016-01-05 18:01:42,022][com.java.TestType] [10655] - Concept ID:2 :: Step being Executed: 2::1
[INFO ][2016-01-05 18:01:42,022][com.java.TestType] [10693] - dataFields : BNK//select[@id='bank']
[DEBUG][2016-01-05 18:01:42,023][com.java.TestType] [10699] - <In Set values of the page>
[DEBUG][2016-01-05 18:01:42,023][com.java.TestType] [10704] - {Data Fields & Data Values Exist}
[INFO ][2016-01-05 18:01:42,023][com.java.TestType] [10710] - --------------------------setting values-----------------------------
[INFO ][2016-01-05 18:01:42,023][com.java.TestType] [10713] - Action Type : Select
[INFO ][2016-01-05 18:01:42,023][com.java.TestType] [ 5705] - value = PFC
[INFO ][2016-01-05 18:01:42,232][com.java.TestType] [10732] -  RESULT true
[INFO ][2016-01-05 18:01:42,232][com.java.TestType] [10849] - ?   P A S S   ?
[DEBUG][2016-01-05 18:01:42,232][com.java.TestType] [10655] - Concept ID:2 :: Step being Executed: 2::2
[INFO ][2016-01-05 18:01:42,232][com.java.TestType] [10693] - dataFields : LNKLogout
[DEBUG][2016-01-05 18:01:42,232][com.java.TestType] [10699] - <In Set values of the page>
[DEBUG][2016-01-05 18:01:42,232][com.java.TestType] [10704] - {Data Fields & Data Values Exist}
[INFO ][2016-01-05 18:01:42,232][com.java.TestType] [10710] - --------------------------setting values-----------------------------
[INFO ][2016-01-05 18:01:42,232][com.java.TestType] [10713] - Action Type : WaitTime
[DEBUG][2016-01-05 18:01:42,233][com.java.TestType] [ 5525] - sleepTime: 5000
[INFO ][2016-01-05 18:01:47,232][com.java.TestType] [10732] -  RESULT true
[INFO ][2016-01-05 18:01:47,232][com.java.TestType] [10849] - ?   P A S S   ?
[INFO ][2016-01-05 18:01:47,232][com.java.TestType] [10920] - Looping End......
[INFO ][2016-01-05 18:01:47,236][com.java.SeleniumDriver] [  906] -  RESULT true
[INFO ][2016-01-05 18:01:47,236][com.java.SeleniumDriver] [ 1112] - ?   P A S S   ?
[INFO ][2016-01-05 18:01:47,236][com.java.SeleniumDriver] [  832] - ------------------------------------------
[INFO ][2016-01-05 18:01:47,236][com.java.SeleniumDriver] [  833] - Test case being Executed: 1
[INFO ][2016-01-05 18:01:47,236][com.java.SeleniumDriver] [  845] - Test step:3
[INFO ][2016-01-05 18:01:47,236][com.java.SeleniumDriver] [  857] - Datavalue is----------2
[INFO ][2016-01-05 18:01:47,236][com.java.SeleniumDriver] [  881] - DataField : XPH//button[contains(text(),'Add Content')]
[INFO ][2016-01-05 18:01:47,236][com.java.SeleniumDriver] [  883] - DataValue : 2
[INFO ][2016-01-05 18:01:47,236][com.java.SeleniumDriver] [  889] - <In Set values of the page>
[INFO ][2016-01-05 18:01:47,236][com.java.SeleniumDriver] [  892] - {Data Fields & Data Values Exist}
[INFO ][2016-01-05 18:01:47,236][com.java.SeleniumDriver] [  894] - --------------------------setting values-----------------------------
[INFO ][2016-01-05 18:01:47,237][com.java.SeleniumDriver] [  897] - Action Type : WAITFORELEMENT
[INFO ][2016-01-05 18:01:47,275][com.java.SeleniumDriver] [  906] -  RESULT true
[INFO ][2016-01-05 18:01:47,275][com.java.SeleniumDriver] [ 1112] - ?   P A S S   ?
[DEBUG][2016-01-05 18:01:47,275][com.java.SeleniumDriver] [ 1224] - Case found
[DEBUG][2016-01-05 18:01:47,275][com.java.SeleniumDriver] [ 1229] - Incrementing ReportCounters[0]:1
[INFO ][2016-01-05 18:01:47,275][com.java.SeleniumDriver] [ 1248] - The results are-------------------[1, 1, Valid Login, Pass, , Tue Jan 05 18:01:41 IST 2016, 1, 2, Valid Login, Pass, , Tue Jan 05 18:01:47 IST 2016, 1, 3, Valid Login, Pass, , Tue Jan 05 18:01:47 IST 2016]
[INFO ][2016-01-05 18:01:47,275][com.java.SeleniumDriver] [ 1252] - End time is-------35 sec
[INFO ][2016-01-05 18:01:47,275][com.java.SeleniumDriver] [ 1253] - The results are-------------------[1, 1, Valid Login, Pass, , Tue Jan 05 18:01:41 IST 2016, 1, 2, Valid Login, Pass, , Tue Jan 05 18:01:47 IST 2016, 1, 3, Valid Login, Pass, , Tue Jan 05 18:01:47 IST 2016]
[DEBUG][2016-01-05 18:01:47,275][com.java.ImportnExport.ExportTestResultsExcel] [  222] - testResultPath = D:\BankersDashboard/TestReports/Test Results_BankersDashBoard_010516_180114_IE10_United Bank.xls
[DEBUG][2016-01-05 18:01:47,275][com.java.ImportnExport.ExportTestResultsExcel] [  223] - browser is------------IE10
[DEBUG][2016-01-05 18:01:47,331][com.java.ImportnExport.ExportTestResultsExcel] [  270] - result.size() = 18
[DEBUG][2016-01-05 18:01:47,331][com.java.ImportnExport.ExportTestResultsExcel] [  274] - No of rows in sheet=1
[DEBUG][2016-01-05 18:01:47,331][com.java.ImportnExport.ExportTestResultsExcel] [  301] - ..in export..1
[DEBUG][2016-01-05 18:01:47,331][com.java.ImportnExport.ExportTestResultsExcel] [  301] - ..in export..Valid Login
[DEBUG][2016-01-05 18:01:47,331][com.java.ImportnExport.ExportTestResultsExcel] [  301] - ..in export..Pass
[DEBUG][2016-01-05 18:01:47,331][com.java.ImportnExport.ExportTestResultsExcel] [  301] - ..in export..
[DEBUG][2016-01-05 18:01:47,331][com.java.ImportnExport.ExportTestResultsExcel] [  301] - ..in export..Tue Jan 05 18:01:41 IST 2016
[INFO ][2016-01-05 18:01:47,333][com.java.SeleniumDriver] [ 1313] - out loop:0 size:5 TestCases:[1, 2, 3, 4, 5] testcases:[1, 2, 3, 4, 5]
[INFO ][2016-01-05 18:01:47,333][com.java.ImportnExport.ImportTestDataDetailsExcel] [   49] - test data details path===== D:\BankersDashboard\TestInputs\TestData.xls
[INFO ][2016-01-05 18:02:19,099][com.java.SeleniumDriver] [  832] - ------------------------------------------
[INFO ][2016-01-05 18:02:19,099][com.java.SeleniumDriver] [  833] - Test case being Executed: 2
[INFO ][2016-01-05 18:02:19,099][com.java.SeleniumDriver] [  845] - Test step:1
[INFO ][2016-01-05 18:02:19,099][com.java.SeleniumDriver] [  857] - Datavalue is----------Logout
[INFO ][2016-01-05 18:02:19,099][com.java.SeleniumDriver] [  881] - DataField : BTN
[INFO ][2016-01-05 18:02:19,099][com.java.SeleniumDriver] [  883] - DataValue : Logout
[INFO ][2016-01-05 18:02:19,099][com.java.SeleniumDriver] [  889] - <In Set values of the page>
[INFO ][2016-01-05 18:02:19,100][com.java.SeleniumDriver] [  892] - {Data Fields & Data Values Exist}
[INFO ][2016-01-05 18:02:19,100][com.java.SeleniumDriver] [  894] - --------------------------setting values-----------------------------
[INFO ][2016-01-05 18:02:19,100][com.java.SeleniumDriver] [  897] - Action Type : Verify
[INFO ][2016-01-05 18:02:19,100][com.java.TestType] [ 7081] - field= BTN value= Logout
[INFO ][2016-01-05 18:02:19,100][com.java.TestType] [ 5705] - value = Logout
[INFO ][2016-01-05 18:02:19,181][com.java.SeleniumDriver] [  906] -  RESULT true
[INFO ][2016-01-05 18:02:19,181][com.java.SeleniumDriver] [ 1112] - ?   P A S S   ?
[INFO ][2016-01-05 18:02:19,181][com.java.SeleniumDriver] [ 1154] - step change to 3
[INFO ][2016-01-05 18:02:19,181][com.java.SeleniumDriver] [  832] - ------------------------------------------
[INFO ][2016-01-05 18:02:19,181][com.java.SeleniumDriver] [  833] - Test case being Executed: 2
[INFO ][2016-01-05 18:02:19,182][com.java.SeleniumDriver] [  845] - Test step:3
[INFO ][2016-01-05 18:02:19,182][com.java.SeleniumDriver] [  857] - Datavalue is----------null
[DEBUG][2016-01-05 18:02:19,182][com.java.SeleniumDriver] [  875] - Exception: null
[INFO ][2016-01-05 18:02:19,182][com.java.SeleniumDriver] [  881] - DataField : //span[@class='icon-user4']&&//a[text()='Users']&&//a[@data-id="ModifyUsers"]
[INFO ][2016-01-05 18:02:19,182][com.java.SeleniumDriver] [  883] - DataValue : 
[INFO ][2016-01-05 18:02:19,182][com.java.SeleniumDriver] [  889] - <In Set values of the page>
[INFO ][2016-01-05 18:02:19,182][com.java.SeleniumDriver] [  892] - {Data Fields & Data Values Exist}
[INFO ][2016-01-05 18:02:19,182][com.java.SeleniumDriver] [  894] - --------------------------setting values-----------------------------
[INFO ][2016-01-05 18:02:19,182][com.java.SeleniumDriver] [  897] - Action Type : MouseOver
[INFO ][2016-01-05 18:02:45,967][com.java.SeleniumDriver] [  906] -  RESULT true
[INFO ][2016-01-05 18:02:45,967][com.java.SeleniumDriver] [ 1112] - ?   P A S S   ?
[INFO ][2016-01-05 18:02:45,967][com.java.SeleniumDriver] [  832] - ------------------------------------------
[INFO ][2016-01-05 18:02:45,967][com.java.SeleniumDriver] [  833] - Test case being Executed: 2
[INFO ][2016-01-05 18:02:45,967][com.java.SeleniumDriver] [  845] - Test step:4
[INFO ][2016-01-05 18:02:45,967][com.java.SeleniumDriver] [  857] - Datavalue is----------2
[INFO ][2016-01-05 18:02:45,967][com.java.SeleniumDriver] [  881] - DataField : BTNframeDialogContent
[INFO ][2016-01-05 18:02:45,967][com.java.SeleniumDriver] [  883] - DataValue : 2
[INFO ][2016-01-05 18:02:45,967][com.java.SeleniumDriver] [  889] - <In Set values of the page>
[INFO ][2016-01-05 18:02:45,967][com.java.SeleniumDriver] [  892] - {Data Fields & Data Values Exist}
[INFO ][2016-01-05 18:02:45,967][com.java.SeleniumDriver] [  894] - --------------------------setting values-----------------------------
[INFO ][2016-01-05 18:02:45,967][com.java.SeleniumDriver] [  897] - Action Type : WaitForElement
[INFO ][2016-01-05 18:02:47,191][com.java.SeleniumDriver] [  906] -  RESULT true
[INFO ][2016-01-05 18:02:47,191][com.java.SeleniumDriver] [ 1112] - ?   P A S S   ?
[INFO ][2016-01-05 18:02:47,191][com.java.SeleniumDriver] [  832] - ------------------------------------------
[INFO ][2016-01-05 18:02:47,191][com.java.SeleniumDriver] [  833] - Test case being Executed: 2
[INFO ][2016-01-05 18:02:47,191][com.java.SeleniumDriver] [  845] - Test step:5
[INFO ][2016-01-05 18:02:47,192][com.java.SeleniumDriver] [  857] - Datavalue is----------null
[DEBUG][2016-01-05 18:02:47,192][com.java.SeleniumDriver] [  875] - Exception: null
[INFO ][2016-01-05 18:02:47,192][com.java.SeleniumDriver] [  881] - DataField : BTNframeDialogContent
[INFO ][2016-01-05 18:02:47,192][com.java.SeleniumDriver] [  883] - DataValue : 
[INFO ][2016-01-05 18:02:47,192][com.java.SeleniumDriver] [  889] - <In Set values of the page>
[INFO ][2016-01-05 18:02:47,192][com.java.SeleniumDriver] [  892] - {Data Fields & Data Values Exist}
[INFO ][2016-01-05 18:02:47,192][com.java.SeleniumDriver] [  894] - --------------------------setting values-----------------------------
[INFO ][2016-01-05 18:02:47,192][com.java.SeleniumDriver] [  897] - Action Type : SelectFrame
[INFO ][2016-01-05 18:02:48,450][com.java.SeleniumDriver] [  906] -  RESULT true
[INFO ][2016-01-05 18:02:48,450][com.java.SeleniumDriver] [ 1112] - ?   P A S S   ?
[INFO ][2016-01-05 18:02:48,450][com.java.SeleniumDriver] [  832] - ------------------------------------------
[INFO ][2016-01-05 18:02:48,450][com.java.SeleniumDriver] [  833] - Test case being Executed: 2
[INFO ][2016-01-05 18:02:48,450][com.java.SeleniumDriver] [  845] - Test step:6
[INFO ][2016-01-05 18:02:48,450][com.java.SeleniumDriver] [  857] - Datavalue is----------2
[INFO ][2016-01-05 18:02:48,450][com.java.SeleniumDriver] [  881] - DataField : BTNbtnAddUser
[INFO ][2016-01-05 18:02:48,450][com.java.SeleniumDriver] [  883] - DataValue : 2
[INFO ][2016-01-05 18:02:48,450][com.java.SeleniumDriver] [  889] - <In Set values of the page>
[INFO ][2016-01-05 18:02:48,451][com.java.SeleniumDriver] [  892] - {Data Fields & Data Values Exist}
[INFO ][2016-01-05 18:02:48,451][com.java.SeleniumDriver] [  894] - --------------------------setting values-----------------------------
[INFO ][2016-01-05 18:02:48,451][com.java.SeleniumDriver] [  897] - Action Type : WaitForElement
[INFO ][2016-01-05 18:02:49,715][com.java.SeleniumDriver] [  906] -  RESULT true
[INFO ][2016-01-05 18:02:49,715][com.java.SeleniumDriver] [ 1112] - ?   P A S S   ?
[INFO ][2016-01-05 18:02:49,715][com.java.SeleniumDriver] [  832] - ------------------------------------------
[INFO ][2016-01-05 18:02:49,715][com.java.SeleniumDriver] [  833] - Test case being Executed: 2
[INFO ][2016-01-05 18:02:49,715][com.java.SeleniumDriver] [  845] - Test step:7
[INFO ][2016-01-05 18:02:49,715][com.java.SeleniumDriver] [  857] - Datavalue is----------null
[DEBUG][2016-01-05 18:02:49,716][com.java.SeleniumDriver] [  875] - Exception: null
[INFO ][2016-01-05 18:02:49,716][com.java.SeleniumDriver] [  881] - DataField : BTNbtnAddUser
[INFO ][2016-01-05 18:02:49,716][com.java.SeleniumDriver] [  883] - DataValue : 
[INFO ][2016-01-05 18:02:49,716][com.java.SeleniumDriver] [  889] - <In Set values of the page>
[INFO ][2016-01-05 18:02:49,716][com.java.SeleniumDriver] [  892] - {Data Fields & Data Values Exist}
[INFO ][2016-01-05 18:02:49,716][com.java.SeleniumDriver] [  894] - --------------------------setting values-----------------------------
[INFO ][2016-01-05 18:02:49,716][com.java.SeleniumDriver] [  897] - Action Type : Click
[INFO ][2016-01-05 18:02:49,716][com.java.TestType] [ 6084] - Field ::BTNbtnAddUser
[INFO ][2016-01-05 18:02:49,716][com.java.TestType] [ 5705] - value = 
[INFO ][2016-01-05 18:02:50,716][com.java.TestType] [ 6200] - BEFORE CLICK
[INFO ][2016-01-05 18:02:52,111][com.java.TestType] [ 6207] - Unable to click the object Add user button
[INFO ][2016-01-05 18:02:52,111][com.java.SeleniumDriver] [  906] -  RESULT true
[INFO ][2016-01-05 18:02:52,111][com.java.SeleniumDriver] [ 1112] - ?   P A S S   ?
[INFO ][2016-01-05 18:02:52,111][com.java.SeleniumDriver] [  832] - ------------------------------------------
[INFO ][2016-01-05 18:02:52,111][com.java.SeleniumDriver] [  833] - Test case being Executed: 2
[INFO ][2016-01-05 18:02:52,111][com.java.SeleniumDriver] [  845] - Test step:8
[INFO ][2016-01-05 18:02:52,111][com.java.SeleniumDriver] [  857] - Datavalue is----------2
[INFO ][2016-01-05 18:02:52,112][com.java.SeleniumDriver] [  881] - DataField : BTNtxtUserName
[INFO ][2016-01-05 18:02:52,112][com.java.SeleniumDriver] [  883] - DataValue : 2
[INFO ][2016-01-05 18:02:52,112][com.java.SeleniumDriver] [  889] - <In Set values of the page>
[INFO ][2016-01-05 18:02:52,112][com.java.SeleniumDriver] [  892] - {Data Fields & Data Values Exist}
[INFO ][2016-01-05 18:02:52,112][com.java.SeleniumDriver] [  894] - --------------------------setting values-----------------------------
[INFO ][2016-01-05 18:02:52,112][com.java.SeleniumDriver] [  897] - Action Type : WaitForElement
[INFO ][2016-01-05 18:02:55,403][com.java.SeleniumDriver] [  906] -  RESULT true
[INFO ][2016-01-05 18:02:55,403][com.java.SeleniumDriver] [ 1112] - ?   P A S S   ?
[INFO ][2016-01-05 18:02:55,404][com.java.SeleniumDriver] [  832] - ------------------------------------------
[INFO ][2016-01-05 18:02:55,404][com.java.SeleniumDriver] [  833] - Test case being Executed: 2
[INFO ][2016-01-05 18:02:55,404][com.java.SeleniumDriver] [  845] - Test step:9
[INFO ][2016-01-05 18:02:55,404][com.java.SeleniumDriver] [  857] - Datavalue is----------5
[INFO ][2016-01-05 18:02:55,404][com.java.SeleniumDriver] [  881] - DataField : TXTtxtUserName
[INFO ][2016-01-05 18:02:55,404][com.java.SeleniumDriver] [  883] - DataValue : 5
[INFO ][2016-01-05 18:02:55,404][com.java.SeleniumDriver] [  889] - <In Set values of the page>
[INFO ][2016-01-05 18:02:55,404][com.java.SeleniumDriver] [  892] - {Data Fields & Data Values Exist}
[INFO ][2016-01-05 18:02:55,404][com.java.SeleniumDriver] [  894] - --------------------------setting values-----------------------------
[INFO ][2016-01-05 18:02:55,404][com.java.SeleniumDriver] [  897] - Action Type : WaitForElement
[INFO ][2016-01-05 18:02:56,488][com.java.SeleniumDriver] [  906] -  RESULT true
[INFO ][2016-01-05 18:02:56,488][com.java.SeleniumDriver] [ 1112] - ?   P A S S   ?
[INFO ][2016-01-05 18:02:56,488][com.java.SeleniumDriver] [  832] - ------------------------------------------
[INFO ][2016-01-05 18:02:56,488][com.java.SeleniumDriver] [  833] - Test case being Executed: 2
[INFO ][2016-01-05 18:02:56,488][com.java.SeleniumDriver] [  845] - Test step:10
[INFO ][2016-01-05 18:02:56,488][com.java.SeleniumDriver] [  857] - Datavalue is----------RNDvltest.robot
[INFO ][2016-01-05 18:02:56,489][com.java.SeleniumDriver] [  881] - DataField : TXTtxtUserName
[INFO ][2016-01-05 18:02:56,489][com.java.SeleniumDriver] [  883] - DataValue : RNDvltest.robot
[INFO ][2016-01-05 18:02:56,489][com.java.SeleniumDriver] [  889] - <In Set values of the page>
[INFO ][2016-01-05 18:02:56,489][com.java.SeleniumDriver] [  892] - {Data Fields & Data Values Exist}
[INFO ][2016-01-05 18:02:56,489][com.java.SeleniumDriver] [  894] - --------------------------setting values-----------------------------
[INFO ][2016-01-05 18:02:56,489][com.java.SeleniumDriver] [  897] - Action Type : CLEARANDENTER
[INFO ][2016-01-05 18:02:56,489][com.java.TestType] [ 5705] - value = vltest.robot34555
[INFO ][2016-01-05 18:02:58,929][com.java.SeleniumDriver] [  906] -  RESULT true
[INFO ][2016-01-05 18:02:58,929][com.java.SeleniumDriver] [ 1112] - ?   P A S S   ?
[INFO ][2016-01-05 18:02:58,929][com.java.SeleniumDriver] [  832] - ------------------------------------------
[INFO ][2016-01-05 18:02:58,929][com.java.SeleniumDriver] [  833] - Test case being Executed: 2
[INFO ][2016-01-05 18:02:58,929][com.java.SeleniumDriver] [  845] - Test step:11
[INFO ][2016-01-05 18:02:58,929][com.java.SeleniumDriver] [  857] - Datavalue is----------5
[INFO ][2016-01-05 18:02:58,929][com.java.SeleniumDriver] [  881] - DataField : TXTtxtFirstName
[INFO ][2016-01-05 18:02:58,931][com.java.SeleniumDriver] [  883] - DataValue : 5
[INFO ][2016-01-05 18:02:58,931][com.java.SeleniumDriver] [  889] - <In Set values of the page>
[INFO ][2016-01-05 18:02:58,931][com.java.SeleniumDriver] [  892] - {Data Fields & Data Values Exist}
[INFO ][2016-01-05 18:02:58,931][com.java.SeleniumDriver] [  894] - --------------------------setting values-----------------------------
[INFO ][2016-01-05 18:02:58,931][com.java.SeleniumDriver] [  897] - Action Type : WaitForElement
[INFO ][2016-01-05 18:03:00,015][com.java.SeleniumDriver] [  906] -  RESULT true
[INFO ][2016-01-05 18:03:00,015][com.java.SeleniumDriver] [ 1112] - ?   P A S S   ?
[INFO ][2016-01-05 18:03:00,015][com.java.SeleniumDriver] [  832] - ------------------------------------------
[INFO ][2016-01-05 18:03:00,015][com.java.SeleniumDriver] [  833] - Test case being Executed: 2
[INFO ][2016-01-05 18:03:00,015][com.java.SeleniumDriver] [  845] - Test step:12
[INFO ][2016-01-05 18:03:00,015][com.java.SeleniumDriver] [  857] - Datavalue is----------GivenNewUserName
[INFO ][2016-01-05 18:03:00,015][com.java.SeleniumDriver] [  881] - DataField : TXTtxtUserName
[INFO ][2016-01-05 18:03:00,016][com.java.SeleniumDriver] [  883] - DataValue : GivenNewUserName
[INFO ][2016-01-05 18:03:00,016][com.java.SeleniumDriver] [  889] - <In Set values of the page>
[INFO ][2016-01-05 18:03:00,016][com.java.SeleniumDriver] [  892] - {Data Fields & Data Values Exist}
[INFO ][2016-01-05 18:03:00,016][com.java.SeleniumDriver] [  894] - --------------------------setting values-----------------------------
[INFO ][2016-01-05 18:03:00,016][com.java.SeleniumDriver] [  897] - Action Type : STOREVALUE
[INFO ][2016-01-05 18:03:00,016][com.java.TestType] [ 8399] - field= TXTtxtUserName
[DEBUG][2016-01-05 18:03:01,138][com.java.TestType] [ 8413] - Key:: GivenNewUserName  Value:: vltest.robot34555
[INFO ][2016-01-05 18:03:01,138][com.java.SeleniumDriver] [  906] -  RESULT true
[INFO ][2016-01-05 18:03:01,138][com.java.SeleniumDriver] [ 1112] - ?   P A S S   ?
[INFO ][2016-01-05 18:03:01,138][com.java.SeleniumDriver] [  832] - ------------------------------------------
[INFO ][2016-01-05 18:03:01,138][com.java.SeleniumDriver] [  833] - Test case being Executed: 2
[INFO ][2016-01-05 18:03:01,138][com.java.SeleniumDriver] [  845] - Test step:13
[INFO ][2016-01-05 18:03:01,138][com.java.SeleniumDriver] [  857] - Datavalue is----------VLTest
[INFO ][2016-01-05 18:03:01,138][com.java.SeleniumDriver] [  881] - DataField : TXTtxtFirstName
[INFO ][2016-01-05 18:03:01,139][com.java.SeleniumDriver] [  883] - DataValue : VLTest
[INFO ][2016-01-05 18:03:01,139][com.java.SeleniumDriver] [  889] - <In Set values of the page>
[INFO ][2016-01-05 18:03:01,139][com.java.SeleniumDriver] [  892] - {Data Fields & Data Values Exist}
[INFO ][2016-01-05 18:03:01,139][com.java.SeleniumDriver] [  894] - --------------------------setting values-----------------------------
[INFO ][2016-01-05 18:03:01,139][com.java.SeleniumDriver] [  897] - Action Type : Enter
[INFO ][2016-01-05 18:03:01,139][com.java.TestType] [ 6508] - field = txtFirstName
[INFO ][2016-01-05 18:03:01,139][com.java.TestType] [ 5705] - value = VLTest
[INFO ][2016-01-05 18:03:02,756][com.java.SeleniumDriver] [  906] -  RESULT true
[INFO ][2016-01-05 18:03:02,756][com.java.SeleniumDriver] [ 1112] - ?   P A S S   ?
[INFO ][2016-01-05 18:03:02,756][com.java.SeleniumDriver] [  832] - ------------------------------------------
[INFO ][2016-01-05 18:03:02,756][com.java.SeleniumDriver] [  833] - Test case being Executed: 2
[INFO ][2016-01-05 18:03:02,756][com.java.SeleniumDriver] [  845] - Test step:14
[INFO ][2016-01-05 18:03:02,756][com.java.SeleniumDriver] [  857] - Datavalue is----------5
[INFO ][2016-01-05 18:03:02,756][com.java.SeleniumDriver] [  881] - DataField : TXTtxtLastName
[INFO ][2016-01-05 18:03:02,756][com.java.SeleniumDriver] [  883] - DataValue : 5
[INFO ][2016-01-05 18:03:02,756][com.java.SeleniumDriver] [  889] - <In Set values of the page>
[INFO ][2016-01-05 18:03:02,756][com.java.SeleniumDriver] [  892] - {Data Fields & Data Values Exist}
[INFO ][2016-01-05 18:03:02,757][com.java.SeleniumDriver] [  894] - --------------------------setting values-----------------------------
[INFO ][2016-01-05 18:03:02,757][com.java.SeleniumDriver] [  897] - Action Type : WaitForElement
[INFO ][2016-01-05 18:03:03,847][com.java.SeleniumDriver] [  906] -  RESULT true
[INFO ][2016-01-05 18:03:03,847][com.java.SeleniumDriver] [ 1112] - ?   P A S S   ?
[INFO ][2016-01-05 18:03:03,847][com.java.SeleniumDriver] [  832] - ------------------------------------------
[INFO ][2016-01-05 18:03:03,847][com.java.SeleniumDriver] [  833] - Test case being Executed: 2
[INFO ][2016-01-05 18:03:03,847][com.java.SeleniumDriver] [  845] - Test step:15
[INFO ][2016-01-05 18:03:03,847][com.java.SeleniumDriver] [  857] - Datavalue is----------Robot
[INFO ][2016-01-05 18:03:03,847][com.java.SeleniumDriver] [  881] - DataField : TXTtxtLastName
[INFO ][2016-01-05 18:03:03,847][com.java.SeleniumDriver] [  883] - DataValue : Robot
[INFO ][2016-01-05 18:03:03,847][com.java.SeleniumDriver] [  889] - <In Set values of the page>
[INFO ][2016-01-05 18:03:03,848][com.java.SeleniumDriver] [  892] - {Data Fields & Data Values Exist}
[INFO ][2016-01-05 18:03:03,848][com.java.SeleniumDriver] [  894] - --------------------------setting values-----------------------------
[INFO ][2016-01-05 18:03:03,848][com.java.SeleniumDriver] [  897] - Action Type : Enter
[INFO ][2016-01-05 18:03:03,848][com.java.TestType] [ 6508] - field = txtLastName
[INFO ][2016-01-05 18:03:03,848][com.java.TestType] [ 5705] - value = Robot
[INFO ][2016-01-05 18:03:05,259][com.java.SeleniumDriver] [  906] -  RESULT true
[INFO ][2016-01-05 18:03:05,259][com.java.SeleniumDriver] [ 1112] - ?   P A S S   ?
[INFO ][2016-01-05 18:03:05,259][com.java.SeleniumDriver] [  832] - ------------------------------------------
[INFO ][2016-01-05 18:03:05,259][com.java.SeleniumDriver] [  833] - Test case being Executed: 2
[INFO ][2016-01-05 18:03:05,259][com.java.SeleniumDriver] [  845] - Test step:16
[INFO ][2016-01-05 18:03:05,259][com.java.SeleniumDriver] [  857] - Datavalue is----------5
[INFO ][2016-01-05 18:03:05,259][com.java.SeleniumDriver] [  881] - DataField : TXTtxtCompany
[INFO ][2016-01-05 18:03:05,259][com.java.SeleniumDriver] [  883] - DataValue : 5
[INFO ][2016-01-05 18:03:05,259][com.java.SeleniumDriver] [  889] - <In Set values of the page>
[INFO ][2016-01-05 18:03:05,259][com.java.SeleniumDriver] [  892] - {Data Fields & Data Values Exist}
[INFO ][2016-01-05 18:03:05,260][com.java.SeleniumDriver] [  894] - --------------------------setting values-----------------------------
[INFO ][2016-01-05 18:03:05,260][com.java.SeleniumDriver] [  897] - Action Type : WaitForElement
[INFO ][2016-01-05 18:03:06,356][com.java.SeleniumDriver] [  906] -  RESULT true
[INFO ][2016-01-05 18:03:06,356][com.java.SeleniumDriver] [ 1112] - ?   P A S S   ?
[INFO ][2016-01-05 18:03:06,356][com.java.SeleniumDriver] [  832] - ------------------------------------------
[INFO ][2016-01-05 18:03:06,356][com.java.SeleniumDriver] [  833] - Test case being Executed: 2
[INFO ][2016-01-05 18:03:06,356][com.java.SeleniumDriver] [  845] - Test step:17
[INFO ][2016-01-05 18:03:06,357][com.java.SeleniumDriver] [  857] - Datavalue is----------ValueLabs
[INFO ][2016-01-05 18:03:06,357][com.java.SeleniumDriver] [  881] - DataField : TXTtxtCompany
[INFO ][2016-01-05 18:03:06,357][com.java.SeleniumDriver] [  883] - DataValue : ValueLabs
[INFO ][2016-01-05 18:03:06,357][com.java.SeleniumDriver] [  889] - <In Set values of the page>
[INFO ][2016-01-05 18:03:06,357][com.java.SeleniumDriver] [  892] - {Data Fields & Data Values Exist}
[INFO ][2016-01-05 18:03:06,357][com.java.SeleniumDriver] [  894] - --------------------------setting values-----------------------------
[INFO ][2016-01-05 18:03:06,357][com.java.SeleniumDriver] [  897] - Action Type : Enter
[INFO ][2016-01-05 18:03:06,357][com.java.TestType] [ 6508] - field = txtCompany
[INFO ][2016-01-05 18:03:06,357][com.java.TestType] [ 5705] - value = ValueLabs
[INFO ][2016-01-05 18:03:07,894][com.java.SeleniumDriver] [  906] -  RESULT true
[INFO ][2016-01-05 18:03:07,894][com.java.SeleniumDriver] [ 1112] - ?   P A S S   ?
[INFO ][2016-01-05 18:03:07,894][com.java.SeleniumDriver] [  832] - ------------------------------------------
[INFO ][2016-01-05 18:03:07,894][com.java.SeleniumDriver] [  833] - Test case being Executed: 2
[INFO ][2016-01-05 18:03:07,894][com.java.SeleniumDriver] [  845] - Test step:18
[INFO ][2016-01-05 18:03:07,894][com.java.SeleniumDriver] [  857] - Datavalue is----------5
[INFO ][2016-01-05 18:03:07,894][com.java.SeleniumDriver] [  881] - DataField : TXTtxtLocation
[INFO ][2016-01-05 18:03:07,894][com.java.SeleniumDriver] [  883] - DataValue : 5
[INFO ][2016-01-05 18:03:07,894][com.java.SeleniumDriver] [  889] - <In Set values of the page>
[INFO ][2016-01-05 18:03:07,894][com.java.SeleniumDriver] [  892] - {Data Fields & Data Values Exist}
[INFO ][2016-01-05 18:03:07,894][com.java.SeleniumDriver] [  894] - --------------------------setting values-----------------------------
[INFO ][2016-01-05 18:03:07,895][com.java.SeleniumDriver] [  897] - Action Type : WaitForElement
[INFO ][2016-01-05 18:03:08,980][com.java.SeleniumDriver] [  906] -  RESULT true
[INFO ][2016-01-05 18:03:08,980][com.java.SeleniumDriver] [ 1112] - ?   P A S S   ?
[INFO ][2016-01-05 18:03:08,980][com.java.SeleniumDriver] [  832] - ------------------------------------------
[INFO ][2016-01-05 18:03:08,980][com.java.SeleniumDriver] [  833] - Test case being Executed: 2
[INFO ][2016-01-05 18:03:08,980][com.java.SeleniumDriver] [  845] - Test step:19
[INFO ][2016-01-05 18:03:08,981][com.java.SeleniumDriver] [  857] - Datavalue is----------India
[INFO ][2016-01-05 18:03:08,981][com.java.SeleniumDriver] [  881] - DataField : TXTtxtLocation
[INFO ][2016-01-05 18:03:08,981][com.java.SeleniumDriver] [  883] - DataValue : India
[INFO ][2016-01-05 18:03:08,981][com.java.SeleniumDriver] [  889] - <In Set values of the page>
[INFO ][2016-01-05 18:03:08,981][com.java.SeleniumDriver] [  892] - {Data Fields & Data Values Exist}
[INFO ][2016-01-05 18:03:08,981][com.java.SeleniumDriver] [  894] - --------------------------setting values-----------------------------
[INFO ][2016-01-05 18:03:08,981][com.java.SeleniumDriver] [  897] - Action Type : Enter
[INFO ][2016-01-05 18:03:08,981][com.java.TestType] [ 6508] - field = txtLocation
[INFO ][2016-01-05 18:03:08,981][com.java.TestType] [ 5705] - value = India
[INFO ][2016-01-05 18:03:10,377][com.java.SeleniumDriver] [  906] -  RESULT true
[INFO ][2016-01-05 18:03:10,377][com.java.SeleniumDriver] [ 1112] - ?   P A S S   ?
[INFO ][2016-01-05 18:03:10,377][com.java.SeleniumDriver] [  832] - ------------------------------------------
[INFO ][2016-01-05 18:03:10,377][com.java.SeleniumDriver] [  833] - Test case being Executed: 2
[INFO ][2016-01-05 18:03:10,377][com.java.SeleniumDriver] [  845] - Test step:20
[INFO ][2016-01-05 18:03:10,377][com.java.SeleniumDriver] [  857] - Datavalue is----------5
[INFO ][2016-01-05 18:03:10,377][com.java.SeleniumDriver] [  881] - DataField : TXTtxtEMail
[INFO ][2016-01-05 18:03:10,377][com.java.SeleniumDriver] [  883] - DataValue : 5
[INFO ][2016-01-05 18:03:10,377][com.java.SeleniumDriver] [  889] - <In Set values of the page>
[INFO ][2016-01-05 18:03:10,377][com.java.SeleniumDriver] [  892] - {Data Fields & Data Values Exist}
[INFO ][2016-01-05 18:03:10,377][com.java.SeleniumDriver] [  894] - --------------------------setting values-----------------------------
[INFO ][2016-01-05 18:03:10,377][com.java.SeleniumDriver] [  897] - Action Type : WaitForElement
[INFO ][2016-01-05 18:03:11,476][com.java.SeleniumDriver] [  906] -  RESULT true
[INFO ][2016-01-05 18:03:11,476][com.java.SeleniumDriver] [ 1112] - ?   P A S S   ?
[INFO ][2016-01-05 18:03:11,476][com.java.SeleniumDriver] [  832] - ------------------------------------------
[INFO ][2016-01-05 18:03:11,476][com.java.SeleniumDriver] [  833] - Test case being Executed: 2
[INFO ][2016-01-05 18:03:11,476][com.java.SeleniumDriver] [  845] - Test step:21
[INFO ][2016-01-05 18:03:11,476][com.java.SeleniumDriver] [  857] - Datavalue is----------vltest.robot@valuelabs.com
[INFO ][2016-01-05 18:03:11,476][com.java.SeleniumDriver] [  881] - DataField : TXTtxtEMail
[INFO ][2016-01-05 18:03:11,477][com.java.SeleniumDriver] [  883] - DataValue : vltest.robot@valuelabs.com
[INFO ][2016-01-05 18:03:11,477][com.java.SeleniumDriver] [  889] - <In Set values of the page>
[INFO ][2016-01-05 18:03:11,477][com.java.SeleniumDriver] [  892] - {Data Fields & Data Values Exist}
[INFO ][2016-01-05 18:03:11,477][com.java.SeleniumDriver] [  894] - --------------------------setting values-----------------------------
[INFO ][2016-01-05 18:03:11,477][com.java.SeleniumDriver] [  897] - Action Type : Enter
[INFO ][2016-01-05 18:03:11,477][com.java.TestType] [ 6508] - field = txtEMail
[INFO ][2016-01-05 18:03:11,477][com.java.TestType] [ 5705] - value = vltest.robot@valuelabs.com
[INFO ][2016-01-05 18:03:13,002][com.java.SeleniumDriver] [  906] -  RESULT true
[INFO ][2016-01-05 18:03:13,002][com.java.SeleniumDriver] [ 1112] - ?   P A S S   ?
[INFO ][2016-01-05 18:03:13,002][com.java.SeleniumDriver] [  832] - ------------------------------------------
[INFO ][2016-01-05 18:03:13,002][com.java.SeleniumDriver] [  833] - Test case being Executed: 2
[INFO ][2016-01-05 18:03:13,002][com.java.SeleniumDriver] [  845] - Test step:22
[INFO ][2016-01-05 18:03:13,002][com.java.SeleniumDriver] [  857] - Datavalue is----------5
[INFO ][2016-01-05 18:03:13,002][com.java.SeleniumDriver] [  881] - DataField : TXTtxtPhone
[INFO ][2016-01-05 18:03:13,002][com.java.SeleniumDriver] [  883] - DataValue : 5
[INFO ][2016-01-05 18:03:13,002][com.java.SeleniumDriver] [  889] - <In Set values of the page>
[INFO ][2016-01-05 18:03:13,002][com.java.SeleniumDriver] [  892] - {Data Fields & Data Values Exist}
[INFO ][2016-01-05 18:03:13,003][com.java.SeleniumDriver] [  894] - --------------------------setting values-----------------------------
[INFO ][2016-01-05 18:03:13,003][com.java.SeleniumDriver] [  897] - Action Type : WaitForElement
[INFO ][2016-01-05 18:03:14,099][com.java.SeleniumDriver] [  906] -  RESULT true
[INFO ][2016-01-05 18:03:14,099][com.java.SeleniumDriver] [ 1112] - ?   P A S S   ?
[INFO ][2016-01-05 18:03:14,100][com.java.SeleniumDriver] [  832] - ------------------------------------------
[INFO ][2016-01-05 18:03:14,100][com.java.SeleniumDriver] [  833] - Test case being Executed: 2
[INFO ][2016-01-05 18:03:14,100][com.java.SeleniumDriver] [  845] - Test step:23
[INFO ][2016-01-05 18:03:14,100][com.java.SeleniumDriver] [  857] - Datavalue is----------12345678901
[INFO ][2016-01-05 18:03:14,100][com.java.SeleniumDriver] [  881] - DataField : TXTtxtPhone
[INFO ][2016-01-05 18:03:14,100][com.java.SeleniumDriver] [  883] - DataValue : 12345678901
[INFO ][2016-01-05 18:03:14,100][com.java.SeleniumDriver] [  889] - <In Set values of the page>
[INFO ][2016-01-05 18:03:14,100][com.java.SeleniumDriver] [  892] - {Data Fields & Data Values Exist}
[INFO ][2016-01-05 18:03:14,100][com.java.SeleniumDriver] [  894] - --------------------------setting values-----------------------------
[INFO ][2016-01-05 18:03:14,100][com.java.SeleniumDriver] [  897] - Action Type : Enter
[INFO ][2016-01-05 18:03:14,100][com.java.TestType] [ 6508] - field = txtPhone
[INFO ][2016-01-05 18:03:14,100][com.java.TestType] [ 5705] - value = 12345678901
[INFO ][2016-01-05 18:03:15,461][com.java.SeleniumDriver] [  906] -  RESULT true
[INFO ][2016-01-05 18:03:15,461][com.java.SeleniumDriver] [ 1112] - ?   P A S S   ?
[INFO ][2016-01-05 18:03:15,461][com.java.SeleniumDriver] [  832] - ------------------------------------------
[INFO ][2016-01-05 18:03:15,461][com.java.SeleniumDriver] [  833] - Test case being Executed: 2
[INFO ][2016-01-05 18:03:15,461][com.java.SeleniumDriver] [  845] - Test step:24
[INFO ][2016-01-05 18:03:15,461][com.java.SeleniumDriver] [  857] - Datavalue is----------5
[INFO ][2016-01-05 18:03:15,461][com.java.SeleniumDriver] [  881] - DataField : TXTtxtPassword
[INFO ][2016-01-05 18:03:15,461][com.java.SeleniumDriver] [  883] - DataValue : 5
[INFO ][2016-01-05 18:03:15,461][com.java.SeleniumDriver] [  889] - <In Set values of the page>
[INFO ][2016-01-05 18:03:15,461][com.java.SeleniumDriver] [  892] - {Data Fields & Data Values Exist}
[INFO ][2016-01-05 18:03:15,462][com.java.SeleniumDriver] [  894] - --------------------------setting values-----------------------------
[INFO ][2016-01-05 18:03:15,462][com.java.SeleniumDriver] [  897] - Action Type : WaitForElement
[INFO ][2016-01-05 18:03:16,552][com.java.SeleniumDriver] [  906] -  RESULT true
[INFO ][2016-01-05 18:03:16,552][com.java.SeleniumDriver] [ 1112] - ?   P A S S   ?
[INFO ][2016-01-05 18:03:16,554][com.java.SeleniumDriver] [  832] - ------------------------------------------
[INFO ][2016-01-05 18:03:16,554][com.java.SeleniumDriver] [  833] - Test case being Executed: 2
[INFO ][2016-01-05 18:03:16,554][com.java.SeleniumDriver] [  845] - Test step:25
[INFO ][2016-01-05 18:03:16,554][com.java.SeleniumDriver] [  857] - Datavalue is----------dt:NewUserPswd
[INFO ][2016-01-05 18:03:16,554][com.java.SeleniumDriver] [  881] - DataField : TXTtxtPassword
[INFO ][2016-01-05 18:03:16,554][com.java.SeleniumDriver] [  883] - DataValue : dt:NewUserPswd
[INFO ][2016-01-05 18:03:16,554][com.java.SeleniumDriver] [  889] - <In Set values of the page>
[INFO ][2016-01-05 18:03:16,554][com.java.SeleniumDriver] [  892] - {Data Fields & Data Values Exist}
[INFO ][2016-01-05 18:03:16,554][com.java.SeleniumDriver] [  894] - --------------------------setting values-----------------------------
[INFO ][2016-01-05 18:03:16,554][com.java.SeleniumDriver] [  897] - Action Type : CLEARANDENTER
[INFO ][2016-01-05 18:03:16,555][com.java.TestType] [ 5705] - value = Password1*
[INFO ][2016-01-05 18:03:19,139][com.java.SeleniumDriver] [  906] -  RESULT true
[INFO ][2016-01-05 18:03:19,139][com.java.SeleniumDriver] [ 1112] - ?   P A S S   ?
[INFO ][2016-01-05 18:03:19,139][com.java.SeleniumDriver] [  832] - ------------------------------------------
[INFO ][2016-01-05 18:03:19,139][com.java.SeleniumDriver] [  833] - Test case being Executed: 2
[INFO ][2016-01-05 18:03:19,139][com.java.SeleniumDriver] [  845] - Test step:26
[INFO ][2016-01-05 18:03:19,139][com.java.SeleniumDriver] [  857] - Datavalue is----------5
[INFO ][2016-01-05 18:03:19,139][com.java.SeleniumDriver] [  881] - DataField : TXTtxtPasswordConfirm
[INFO ][2016-01-05 18:03:19,139][com.java.SeleniumDriver] [  883] - DataValue : 5
[INFO ][2016-01-05 18:03:19,139][com.java.SeleniumDriver] [  889] - <In Set values of the page>
[INFO ][2016-01-05 18:03:19,140][com.java.SeleniumDriver] [  892] - {Data Fields & Data Values Exist}
[INFO ][2016-01-05 18:03:19,140][com.java.SeleniumDriver] [  894] - --------------------------setting values-----------------------------
[INFO ][2016-01-05 18:03:19,140][com.java.SeleniumDriver] [  897] - Action Type : WaitForElement
[INFO ][2016-01-05 18:03:20,231][com.java.SeleniumDriver] [  906] -  RESULT true
[INFO ][2016-01-05 18:03:20,231][com.java.SeleniumDriver] [ 1112] - ?   P A S S   ?
[INFO ][2016-01-05 18:03:20,231][com.java.SeleniumDriver] [  832] - ------------------------------------------
[INFO ][2016-01-05 18:03:20,231][com.java.SeleniumDriver] [  833] - Test case being Executed: 2
[INFO ][2016-01-05 18:03:20,231][com.java.SeleniumDriver] [  845] - Test step:27
[INFO ][2016-01-05 18:03:20,231][com.java.SeleniumDriver] [  857] - Datavalue is----------dt:NewUserPswd
[INFO ][2016-01-05 18:03:20,231][com.java.SeleniumDriver] [  881] - DataField : TXTtxtPasswordConfirm
[INFO ][2016-01-05 18:03:20,231][com.java.SeleniumDriver] [  883] - DataValue : dt:NewUserPswd
[INFO ][2016-01-05 18:03:20,231][com.java.SeleniumDriver] [  889] - <In Set values of the page>
[INFO ][2016-01-05 18:03:20,232][com.java.SeleniumDriver] [  892] - {Data Fields & Data Values Exist}
[INFO ][2016-01-05 18:03:20,232][com.java.SeleniumDriver] [  894] - --------------------------setting values-----------------------------
[INFO ][2016-01-05 18:03:20,232][com.java.SeleniumDriver] [  897] - Action Type : CLEARANDENTER
[INFO ][2016-01-05 18:03:20,232][com.java.TestType] [ 5705] - value = Password1*
[INFO ][2016-01-05 18:03:22,816][com.java.SeleniumDriver] [  906] -  RESULT true
[INFO ][2016-01-05 18:03:22,816][com.java.SeleniumDriver] [ 1112] - ?   P A S S   ?
[INFO ][2016-01-05 18:03:22,816][com.java.SeleniumDriver] [  832] - ------------------------------------------
[INFO ][2016-01-05 18:03:22,816][com.java.SeleniumDriver] [  833] - Test case being Executed: 2
[INFO ][2016-01-05 18:03:22,816][com.java.SeleniumDriver] [  845] - Test step:28
[INFO ][2016-01-05 18:03:22,816][com.java.SeleniumDriver] [  857] - Datavalue is----------5
[INFO ][2016-01-05 18:03:22,816][com.java.SeleniumDriver] [  881] - DataField : test
[INFO ][2016-01-05 18:03:22,816][com.java.SeleniumDriver] [  883] - DataValue : 5
[INFO ][2016-01-05 18:03:22,816][com.java.SeleniumDriver] [  889] - <In Set values of the page>
[INFO ][2016-01-05 18:03:22,816][com.java.SeleniumDriver] [  892] - {Data Fields & Data Values Exist}
[INFO ][2016-01-05 18:03:22,816][com.java.SeleniumDriver] [  894] - --------------------------setting values-----------------------------
[INFO ][2016-01-05 18:03:22,817][com.java.SeleniumDriver] [  897] - Action Type : WaitTime
[DEBUG][2016-01-05 18:03:22,817][com.java.TestType] [ 5525] - sleepTime: 5000
[INFO ][2016-01-05 18:03:27,817][com.java.SeleniumDriver] [  906] -  RESULT true
[INFO ][2016-01-05 18:03:27,817][com.java.SeleniumDriver] [ 1112] - ?   P A S S   ?
[INFO ][2016-01-05 18:03:27,817][com.java.SeleniumDriver] [  832] - ------------------------------------------
[INFO ][2016-01-05 18:03:27,817][com.java.SeleniumDriver] [  833] - Test case being Executed: 2
[INFO ][2016-01-05 18:03:27,817][com.java.SeleniumDriver] [  845] - Test step:29
[INFO ][2016-01-05 18:03:27,817][com.java.SeleniumDriver] [  857] - Datavalue is----------null
[DEBUG][2016-01-05 18:03:27,817][com.java.SeleniumDriver] [  875] - Exception: null
[INFO ][2016-01-05 18:03:27,817][com.java.SeleniumDriver] [  881] - DataField : BTNparent
[INFO ][2016-01-05 18:03:27,817][com.java.SeleniumDriver] [  883] - DataValue : 
[INFO ][2016-01-05 18:03:27,817][com.java.SeleniumDriver] [  889] - <In Set values of the page>
[INFO ][2016-01-05 18:03:27,817][com.java.SeleniumDriver] [  892] - {Data Fields & Data Values Exist}
[INFO ][2016-01-05 18:03:27,817][com.java.SeleniumDriver] [  894] - --------------------------setting values-----------------------------
[INFO ][2016-01-05 18:03:27,817][com.java.SeleniumDriver] [  897] - Action Type : SelectFrame
[INFO ][2016-01-05 18:03:27,833][com.java.SeleniumDriver] [  906] -  RESULT true
[INFO ][2016-01-05 18:03:27,833][com.java.SeleniumDriver] [ 1112] - ?   P A S S   ?
[INFO ][2016-01-05 18:03:27,833][com.java.SeleniumDriver] [  832] - ------------------------------------------
[INFO ][2016-01-05 18:03:27,833][com.java.SeleniumDriver] [  833] - Test case being Executed: 2
[INFO ][2016-01-05 18:03:27,833][com.java.SeleniumDriver] [  845] - Test step:30
[INFO ][2016-01-05 18:03:27,833][com.java.SeleniumDriver] [  857] - Datavalue is----------null
[DEBUG][2016-01-05 18:03:27,833][com.java.SeleniumDriver] [  875] - Exception: null
[INFO ][2016-01-05 18:03:27,833][com.java.SeleniumDriver] [  881] - DataField : XPH//span[contains(text(), 'Finished')]
[INFO ][2016-01-05 18:03:27,834][com.java.SeleniumDriver] [  883] - DataValue : 
[INFO ][2016-01-05 18:03:27,834][com.java.SeleniumDriver] [  889] - <In Set values of the page>
[INFO ][2016-01-05 18:03:27,834][com.java.SeleniumDriver] [  892] - {Data Fields & Data Values Exist}
[INFO ][2016-01-05 18:03:27,834][com.java.SeleniumDriver] [  894] - --------------------------setting values-----------------------------
[INFO ][2016-01-05 18:03:27,834][com.java.SeleniumDriver] [  897] - Action Type : Click
[INFO ][2016-01-05 18:03:27,834][com.java.TestType] [ 6084] - Field ::XPH//span[contains(text(), 'Finished')]
[INFO ][2016-01-05 18:03:27,834][com.java.TestType] [ 5705] - value = 
[INFO ][2016-01-05 18:03:28,834][com.java.TestType] [ 6221] - BEFORE CLICK
[INFO ][2016-01-05 18:03:29,704][com.java.TestType] [ 6229] - Unable to click the object Finished button
[INFO ][2016-01-05 18:03:29,704][com.java.SeleniumDriver] [  906] -  RESULT true
[INFO ][2016-01-05 18:03:29,704][com.java.SeleniumDriver] [ 1112] - ?   P A S S   ?
[INFO ][2016-01-05 18:03:29,704][com.java.SeleniumDriver] [  832] - ------------------------------------------
[INFO ][2016-01-05 18:03:29,704][com.java.SeleniumDriver] [  833] - Test case being Executed: 2
[INFO ][2016-01-05 18:03:29,704][com.java.SeleniumDriver] [  845] - Test step:31
[INFO ][2016-01-05 18:03:29,704][com.java.SeleniumDriver] [  857] - Datavalue is----------5
[INFO ][2016-01-05 18:03:29,704][com.java.SeleniumDriver] [  881] - DataField : test
[INFO ][2016-01-05 18:03:29,705][com.java.SeleniumDriver] [  883] - DataValue : 5
[INFO ][2016-01-05 18:03:29,705][com.java.SeleniumDriver] [  889] - <In Set values of the page>
[INFO ][2016-01-05 18:03:29,705][com.java.SeleniumDriver] [  892] - {Data Fields & Data Values Exist}
[INFO ][2016-01-05 18:03:29,705][com.java.SeleniumDriver] [  894] - --------------------------setting values-----------------------------
[INFO ][2016-01-05 18:03:29,705][com.java.SeleniumDriver] [  897] - Action Type : WaitTime
[DEBUG][2016-01-05 18:03:29,705][com.java.TestType] [ 5525] - sleepTime: 5000
[INFO ][2016-01-05 18:03:34,704][com.java.SeleniumDriver] [  906] -  RESULT true
[INFO ][2016-01-05 18:03:34,704][com.java.SeleniumDriver] [ 1112] - ?   P A S S   ?
[INFO ][2016-01-05 18:03:34,704][com.java.SeleniumDriver] [  832] - ------------------------------------------
[INFO ][2016-01-05 18:03:34,704][com.java.SeleniumDriver] [  833] - Test case being Executed: 2
[INFO ][2016-01-05 18:03:34,704][com.java.SeleniumDriver] [  845] - Test step:32
[INFO ][2016-01-05 18:03:34,704][com.java.SeleniumDriver] [  857] - Datavalue is----------null
[DEBUG][2016-01-05 18:03:34,704][com.java.SeleniumDriver] [  875] - Exception: null
[INFO ][2016-01-05 18:03:34,704][com.java.SeleniumDriver] [  881] - DataField : BTNframeDialogContent
[INFO ][2016-01-05 18:03:34,704][com.java.SeleniumDriver] [  883] - DataValue : 
[INFO ][2016-01-05 18:03:34,704][com.java.SeleniumDriver] [  889] - <In Set values of the page>
[INFO ][2016-01-05 18:03:34,704][com.java.SeleniumDriver] [  892] - {Data Fields & Data Values Exist}
[INFO ][2016-01-05 18:03:34,704][com.java.SeleniumDriver] [  894] - --------------------------setting values-----------------------------
[INFO ][2016-01-05 18:03:34,705][com.java.SeleniumDriver] [  897] - Action Type : SelectFrame
[INFO ][2016-01-05 18:03:35,983][com.java.SeleniumDriver] [  906] -  RESULT true
[INFO ][2016-01-05 18:03:35,983][com.java.SeleniumDriver] [ 1112] - ?   P A S S   ?
[INFO ][2016-01-05 18:03:35,983][com.java.SeleniumDriver] [  832] - ------------------------------------------
[INFO ][2016-01-05 18:03:35,983][com.java.SeleniumDriver] [  833] - Test case being Executed: 2
[INFO ][2016-01-05 18:03:35,983][com.java.SeleniumDriver] [  845] - Test step:33
[INFO ][2016-01-05 18:03:35,983][com.java.SeleniumDriver] [  857] - Datavalue is----------null
[DEBUG][2016-01-05 18:03:35,983][com.java.SeleniumDriver] [  875] - Exception: null
[INFO ][2016-01-05 18:03:35,984][com.java.SeleniumDriver] [  881] - DataField : BTNchkGlobalPrivsUserAdmin
[INFO ][2016-01-05 18:03:35,984][com.java.SeleniumDriver] [  883] - DataValue : 
[INFO ][2016-01-05 18:03:35,984][com.java.SeleniumDriver] [  889] - <In Set values of the page>
[INFO ][2016-01-05 18:03:35,984][com.java.SeleniumDriver] [  892] - {Data Fields & Data Values Exist}
[INFO ][2016-01-05 18:03:35,984][com.java.SeleniumDriver] [  894] - --------------------------setting values-----------------------------
[INFO ][2016-01-05 18:03:35,984][com.java.SeleniumDriver] [  897] - Action Type : Click
[INFO ][2016-01-05 18:03:35,984][com.java.TestType] [ 6084] - Field ::BTNchkGlobalPrivsUserAdmin
[INFO ][2016-01-05 18:03:35,984][com.java.TestType] [ 5705] - value = 
[INFO ][2016-01-05 18:03:36,984][com.java.TestType] [ 6200] - BEFORE CLICK
[INFO ][2016-01-05 18:03:38,224][com.java.TestType] [ 6207] - Unable to click the object User Admin check box
[INFO ][2016-01-05 18:03:38,224][com.java.SeleniumDriver] [  906] -  RESULT true
[INFO ][2016-01-05 18:03:38,224][com.java.SeleniumDriver] [ 1112] - ?   P A S S   ?
[INFO ][2016-01-05 18:03:38,224][com.java.SeleniumDriver] [  832] - ------------------------------------------
[INFO ][2016-01-05 18:03:38,224][com.java.SeleniumDriver] [  833] - Test case being Executed: 2
[INFO ][2016-01-05 18:03:38,224][com.java.SeleniumDriver] [  845] - Test step:34
[INFO ][2016-01-05 18:03:38,224][com.java.SeleniumDriver] [  857] - Datavalue is----------index:1
[INFO ][2016-01-05 18:03:38,224][com.java.SeleniumDriver] [  881] - DataField : COBddlEntityAccess
[INFO ][2016-01-05 18:03:38,224][com.java.SeleniumDriver] [  883] - DataValue : index:1
[INFO ][2016-01-05 18:03:38,224][com.java.SeleniumDriver] [  889] - <In Set values of the page>
[INFO ][2016-01-05 18:03:38,224][com.java.SeleniumDriver] [  892] - {Data Fields & Data Values Exist}
[INFO ][2016-01-05 18:03:38,225][com.java.SeleniumDriver] [  894] - --------------------------setting values-----------------------------
[INFO ][2016-01-05 18:03:38,225][com.java.SeleniumDriver] [  897] - Action Type : select
[INFO ][2016-01-05 18:03:38,225][com.java.TestType] [ 5705] - value = 1
[INFO ][2016-01-05 18:03:39,375][com.java.TestType] [ 5823] -  In COB ddlEntityAccess : 1
[INFO ][2016-01-05 18:03:40,109][com.java.SeleniumDriver] [  906] -  RESULT true
[INFO ][2016-01-05 18:03:40,109][com.java.SeleniumDriver] [ 1112] - ?   P A S S   ?
[INFO ][2016-01-05 18:03:40,109][com.java.SeleniumDriver] [ 1154] - step change to 36
[INFO ][2016-01-05 18:03:40,109][com.java.SeleniumDriver] [  832] - ------------------------------------------
[INFO ][2016-01-05 18:03:40,109][com.java.SeleniumDriver] [  833] - Test case being Executed: 2
[INFO ][2016-01-05 18:03:40,110][com.java.SeleniumDriver] [  845] - Test step:36
[INFO ][2016-01-05 18:03:40,110][com.java.SeleniumDriver] [  857] - Datavalue is----------null
[DEBUG][2016-01-05 18:03:40,110][com.java.SeleniumDriver] [  875] - Exception: null
[INFO ][2016-01-05 18:03:40,110][com.java.SeleniumDriver] [  881] - DataField : BTNrdoEnableEntity_Enable
[INFO ][2016-01-05 18:03:40,110][com.java.SeleniumDriver] [  883] - DataValue : 
[INFO ][2016-01-05 18:03:40,110][com.java.SeleniumDriver] [  889] - <In Set values of the page>
[INFO ][2016-01-05 18:03:40,110][com.java.SeleniumDriver] [  892] - {Data Fields & Data Values Exist}
[INFO ][2016-01-05 18:03:40,110][com.java.SeleniumDriver] [  894] - --------------------------setting values-----------------------------
[INFO ][2016-01-05 18:03:40,110][com.java.SeleniumDriver] [  897] - Action Type : Click
[INFO ][2016-01-05 18:03:40,110][com.java.TestType] [ 6084] - Field ::BTNrdoEnableEntity_Enable
[INFO ][2016-01-05 18:03:40,110][com.java.TestType] [ 5705] - value = 
[INFO ][2016-01-05 18:03:41,109][com.java.TestType] [ 6200] - BEFORE CLICK
[INFO ][2016-01-05 18:03:42,314][com.java.TestType] [ 6207] - Unable to click the object Enable radio button
[INFO ][2016-01-05 18:03:42,314][com.java.SeleniumDriver] [  906] -  RESULT true
[INFO ][2016-01-05 18:03:42,314][com.java.SeleniumDriver] [ 1112] - ?   P A S S   ?
[INFO ][2016-01-05 18:03:42,314][com.java.SeleniumDriver] [  832] - ------------------------------------------
[INFO ][2016-01-05 18:03:42,314][com.java.SeleniumDriver] [  833] - Test case being Executed: 2
[INFO ][2016-01-05 18:03:42,314][com.java.SeleniumDriver] [  845] - Test step:37
[INFO ][2016-01-05 18:03:42,314][com.java.SeleniumDriver] [  857] - Datavalue is----------null
[DEBUG][2016-01-05 18:03:42,314][com.java.SeleniumDriver] [  875] - Exception: null
[INFO ][2016-01-05 18:03:42,314][com.java.SeleniumDriver] [  881] - DataField : BTNchkProfitCenterAll
[INFO ][2016-01-05 18:03:42,315][com.java.SeleniumDriver] [  883] - DataValue : 
[INFO ][2016-01-05 18:03:42,315][com.java.SeleniumDriver] [  889] - <In Set values of the page>
[INFO ][2016-01-05 18:03:42,315][com.java.SeleniumDriver] [  892] - {Data Fields & Data Values Exist}
[INFO ][2016-01-05 18:03:42,315][com.java.SeleniumDriver] [  894] - --------------------------setting values-----------------------------
[INFO ][2016-01-05 18:03:42,315][com.java.SeleniumDriver] [  897] - Action Type : Click
[INFO ][2016-01-05 18:03:42,315][com.java.TestType] [ 6084] - Field ::BTNchkProfitCenterAll
[INFO ][2016-01-05 18:03:42,315][com.java.TestType] [ 5705] - value = 
[INFO ][2016-01-05 18:03:43,315][com.java.TestType] [ 6200] - BEFORE CLICK
[INFO ][2016-01-05 18:03:44,528][com.java.TestType] [ 6207] - Unable to click the object All Check box
[INFO ][2016-01-05 18:03:44,528][com.java.SeleniumDriver] [  906] -  RESULT true
[INFO ][2016-01-05 18:03:44,528][com.java.SeleniumDriver] [ 1112] - ?   P A S S   ?
[INFO ][2016-01-05 18:03:44,528][com.java.SeleniumDriver] [  832] - ------------------------------------------
[INFO ][2016-01-05 18:03:44,528][com.java.SeleniumDriver] [  833] - Test case being Executed: 2
[INFO ][2016-01-05 18:03:44,528][com.java.SeleniumDriver] [  845] - Test step:38
[INFO ][2016-01-05 18:03:44,528][com.java.SeleniumDriver] [  857] - Datavalue is----------null
[DEBUG][2016-01-05 18:03:44,528][com.java.SeleniumDriver] [  875] - Exception: null
[INFO ][2016-01-05 18:03:44,528][com.java.SeleniumDriver] [  881] - DataField : BTNchkPrivsAccessGL
[INFO ][2016-01-05 18:03:44,528][com.java.SeleniumDriver] [  883] - DataValue : 
[INFO ][2016-01-05 18:03:44,529][com.java.SeleniumDriver] [  889] - <In Set values of the page>
[INFO ][2016-01-05 18:03:44,529][com.java.SeleniumDriver] [  892] - {Data Fields & Data Values Exist}
[INFO ][2016-01-05 18:03:44,529][com.java.SeleniumDriver] [  894] - --------------------------setting values-----------------------------
[INFO ][2016-01-05 18:03:44,529][com.java.SeleniumDriver] [  897] - Action Type : Click
[INFO ][2016-01-05 18:03:44,529][com.java.TestType] [ 6084] - Field ::BTNchkPrivsAccessGL
[INFO ][2016-01-05 18:03:44,529][com.java.TestType] [ 5705] - value = 
[INFO ][2016-01-05 18:03:45,529][com.java.TestType] [ 6200] - BEFORE CLICK
[INFO ][2016-01-05 18:03:46,731][com.java.TestType] [ 6207] - Unable to click the object GL check box
[INFO ][2016-01-05 18:03:46,731][com.java.SeleniumDriver] [  906] -  RESULT true
[INFO ][2016-01-05 18:03:46,731][com.java.SeleniumDriver] [ 1112] - ?   P A S S   ?
[INFO ][2016-01-05 18:03:46,731][com.java.SeleniumDriver] [  832] - ------------------------------------------
[INFO ][2016-01-05 18:03:46,731][com.java.SeleniumDriver] [  833] - Test case being Executed: 2
[INFO ][2016-01-05 18:03:46,731][com.java.SeleniumDriver] [  845] - Test step:39
[INFO ][2016-01-05 18:03:46,731][com.java.SeleniumDriver] [  857] - Datavalue is----------null
[DEBUG][2016-01-05 18:03:46,731][com.java.SeleniumDriver] [  875] - Exception: null
[INFO ][2016-01-05 18:03:46,731][com.java.SeleniumDriver] [  881] - DataField : BTNparent
[INFO ][2016-01-05 18:03:46,731][com.java.SeleniumDriver] [  883] - DataValue : 
[INFO ][2016-01-05 18:03:46,731][com.java.SeleniumDriver] [  889] - <In Set values of the page>
[INFO ][2016-01-05 18:03:46,732][com.java.SeleniumDriver] [  892] - {Data Fields & Data Values Exist}
[INFO ][2016-01-05 18:03:46,732][com.java.SeleniumDriver] [  894] - --------------------------setting values-----------------------------
[INFO ][2016-01-05 18:03:46,732][com.java.SeleniumDriver] [  897] - Action Type : SelectFrame
[INFO ][2016-01-05 18:03:46,748][com.java.SeleniumDriver] [  906] -  RESULT true
[INFO ][2016-01-05 18:03:46,748][com.java.SeleniumDriver] [ 1112] - ?   P A S S   ?
[INFO ][2016-01-05 18:03:46,748][com.java.SeleniumDriver] [  832] - ------------------------------------------
[INFO ][2016-01-05 18:03:46,749][com.java.SeleniumDriver] [  833] - Test case being Executed: 2
[INFO ][2016-01-05 18:03:46,749][com.java.SeleniumDriver] [  845] - Test step:40
[INFO ][2016-01-05 18:03:46,749][com.java.SeleniumDriver] [  857] - Datavalue is----------5
[INFO ][2016-01-05 18:03:46,749][com.java.SeleniumDriver] [  881] - DataField : test
[INFO ][2016-01-05 18:03:46,749][com.java.SeleniumDriver] [  883] - DataValue : 5
[INFO ][2016-01-05 18:03:46,749][com.java.SeleniumDriver] [  889] - <In Set values of the page>
[INFO ][2016-01-05 18:03:46,749][com.java.SeleniumDriver] [  892] - {Data Fields & Data Values Exist}
[INFO ][2016-01-05 18:03:46,749][com.java.SeleniumDriver] [  894] - --------------------------setting values-----------------------------
[INFO ][2016-01-05 18:03:46,749][com.java.SeleniumDriver] [  897] - Action Type : WaitTime
[DEBUG][2016-01-05 18:03:46,749][com.java.TestType] [ 5525] - sleepTime: 5000
[INFO ][2016-01-05 18:03:51,748][com.java.SeleniumDriver] [  906] -  RESULT true
[INFO ][2016-01-05 18:03:51,748][com.java.SeleniumDriver] [ 1112] - ?   P A S S   ?
[INFO ][2016-01-05 18:03:51,748][com.java.SeleniumDriver] [  832] - ------------------------------------------
[INFO ][2016-01-05 18:03:51,748][com.java.SeleniumDriver] [  833] - Test case being Executed: 2
[INFO ][2016-01-05 18:03:51,748][com.java.SeleniumDriver] [  845] - Test step:41
[INFO ][2016-01-05 18:03:51,748][com.java.SeleniumDriver] [  857] - Datavalue is----------null
[DEBUG][2016-01-05 18:03:51,748][com.java.SeleniumDriver] [  875] - Exception: null
[INFO ][2016-01-05 18:03:51,748][com.java.SeleniumDriver] [  881] - DataField : XPH//span[contains(text(), 'Finished')]
[INFO ][2016-01-05 18:03:51,749][com.java.SeleniumDriver] [  883] - DataValue : 
[INFO ][2016-01-05 18:03:51,749][com.java.SeleniumDriver] [  889] - <In Set values of the page>
[INFO ][2016-01-05 18:03:51,749][com.java.SeleniumDriver] [  892] - {Data Fields & Data Values Exist}
[INFO ][2016-01-05 18:03:51,749][com.java.SeleniumDriver] [  894] - --------------------------setting values-----------------------------
[INFO ][2016-01-05 18:03:51,749][com.java.SeleniumDriver] [  897] - Action Type : Click
[INFO ][2016-01-05 18:03:51,749][com.java.TestType] [ 6084] - Field ::XPH//span[contains(text(), 'Finished')]
[INFO ][2016-01-05 18:03:51,749][com.java.TestType] [ 5705] - value = 
[INFO ][2016-01-05 18:03:52,749][com.java.TestType] [ 6221] - BEFORE CLICK
[INFO ][2016-01-05 18:03:55,271][com.java.TestType] [ 6229] - Unable to click the object Finished button
[INFO ][2016-01-05 18:03:55,271][com.java.SeleniumDriver] [  906] -  RESULT true
[INFO ][2016-01-05 18:03:55,271][com.java.SeleniumDriver] [ 1112] - ?   P A S S   ?
[INFO ][2016-01-05 18:03:55,271][com.java.SeleniumDriver] [  832] - ------------------------------------------
[INFO ][2016-01-05 18:03:55,271][com.java.SeleniumDriver] [  833] - Test case being Executed: 2
[INFO ][2016-01-05 18:03:55,271][com.java.SeleniumDriver] [  845] - Test step:42
[INFO ][2016-01-05 18:03:55,271][com.java.SeleniumDriver] [  857] - Datavalue is----------5
[INFO ][2016-01-05 18:03:55,271][com.java.SeleniumDriver] [  881] - DataField : BTNframeDialogContent
[INFO ][2016-01-05 18:03:55,271][com.java.SeleniumDriver] [  883] - DataValue : 5
[INFO ][2016-01-05 18:03:55,271][com.java.SeleniumDriver] [  889] - <In Set values of the page>
[INFO ][2016-01-05 18:03:55,271][com.java.SeleniumDriver] [  892] - {Data Fields & Data Values Exist}
[INFO ][2016-01-05 18:03:55,271][com.java.SeleniumDriver] [  894] - --------------------------setting values-----------------------------
[INFO ][2016-01-05 18:03:55,272][com.java.SeleniumDriver] [  897] - Action Type : WaitForElement
[INFO ][2016-01-05 18:03:56,481][com.java.SeleniumDriver] [  906] -  RESULT true
[INFO ][2016-01-05 18:03:56,481][com.java.SeleniumDriver] [ 1112] - ?   P A S S   ?
[INFO ][2016-01-05 18:03:56,481][com.java.SeleniumDriver] [  832] - ------------------------------------------
[INFO ][2016-01-05 18:03:56,482][com.java.SeleniumDriver] [  833] - Test case being Executed: 2
[INFO ][2016-01-05 18:03:56,482][com.java.SeleniumDriver] [  845] - Test step:43
[INFO ][2016-01-05 18:03:56,482][com.java.SeleniumDriver] [  857] - Datavalue is----------null
[DEBUG][2016-01-05 18:03:56,482][com.java.SeleniumDriver] [  875] - Exception: null
[INFO ][2016-01-05 18:03:56,482][com.java.SeleniumDriver] [  881] - DataField : BTNframeDialogContent
[INFO ][2016-01-05 18:03:56,482][com.java.SeleniumDriver] [  883] - DataValue : 
[INFO ][2016-01-05 18:03:56,482][com.java.SeleniumDriver] [  889] - <In Set values of the page>
[INFO ][2016-01-05 18:03:56,482][com.java.SeleniumDriver] [  892] - {Data Fields & Data Values Exist}
[INFO ][2016-01-05 18:03:56,482][com.java.SeleniumDriver] [  894] - --------------------------setting values-----------------------------
[INFO ][2016-01-05 18:03:56,482][com.java.SeleniumDriver] [  897] - Action Type : SelectFrame
[INFO ][2016-01-05 18:03:57,760][com.java.SeleniumDriver] [  906] -  RESULT true
[INFO ][2016-01-05 18:03:57,761][com.java.SeleniumDriver] [ 1112] - ?   P A S S   ?
[INFO ][2016-01-05 18:03:57,761][com.java.SeleniumDriver] [  832] - ------------------------------------------
[INFO ][2016-01-05 18:03:57,761][com.java.SeleniumDriver] [  833] - Test case being Executed: 2
[INFO ][2016-01-05 18:03:57,761][com.java.SeleniumDriver] [  845] - Test step:44
[INFO ][2016-01-05 18:03:57,761][com.java.SeleniumDriver] [  857] - Datavalue is----------null
[DEBUG][2016-01-05 18:03:57,761][com.java.SeleniumDriver] [  875] - Exception: null
[INFO ][2016-01-05 18:03:57,761][com.java.SeleniumDriver] [  881] - DataField : XPH//table[@id="tblUserListing"]//td[contains(text(),'vltest.robot')]
[INFO ][2016-01-05 18:03:57,761][com.java.SeleniumDriver] [  883] - DataValue : 
[INFO ][2016-01-05 18:03:57,761][com.java.SeleniumDriver] [  889] - <In Set values of the page>
[INFO ][2016-01-05 18:03:57,761][com.java.SeleniumDriver] [  892] - {Data Fields & Data Values Exist}
[INFO ][2016-01-05 18:03:57,761][com.java.SeleniumDriver] [  894] - --------------------------setting values-----------------------------
[INFO ][2016-01-05 18:03:57,761][com.java.SeleniumDriver] [  897] - Action Type : WaitForElement
[INFO ][2016-01-05 18:03:57,796][com.java.SeleniumDriver] [  906] -  RESULT true
[INFO ][2016-01-05 18:03:57,796][com.java.SeleniumDriver] [ 1112] - ?   P A S S   ?
[INFO ][2016-01-05 18:03:57,797][com.java.SeleniumDriver] [  832] - ------------------------------------------
[INFO ][2016-01-05 18:03:57,797][com.java.SeleniumDriver] [  833] - Test case being Executed: 2
[INFO ][2016-01-05 18:03:57,797][com.java.SeleniumDriver] [  845] - Test step:45
[INFO ][2016-01-05 18:03:57,797][com.java.SeleniumDriver] [  857] - Datavalue is----------HMVGivenNewUserName
[INFO ][2016-01-05 18:03:57,797][com.java.SeleniumDriver] [  881] - DataField : USR
[INFO ][2016-01-05 18:03:57,797][com.java.SeleniumDriver] [  883] - DataValue : HMVGivenNewUserName
[INFO ][2016-01-05 18:03:57,797][com.java.SeleniumDriver] [  889] - <In Set values of the page>
[INFO ][2016-01-05 18:03:57,797][com.java.SeleniumDriver] [  892] - {Data Fields & Data Values Exist}
[INFO ][2016-01-05 18:03:57,797][com.java.SeleniumDriver] [  894] - --------------------------setting values-----------------------------
[INFO ][2016-01-05 18:03:57,797][com.java.SeleniumDriver] [  897] - Action Type : Verify
[INFO ][2016-01-05 18:03:57,797][com.java.TestType] [ 7081] - field= USR value= HMVGivenNewUserName
[INFO ][2016-01-05 18:03:57,797][com.java.TestType] [ 5705] - value = vltest.robot34555
[INFO ][2016-01-05 18:03:57,847][com.java.SeleniumDriver] [  906] -  RESULT true
[INFO ][2016-01-05 18:03:57,847][com.java.SeleniumDriver] [ 1112] - ?   P A S S   ?
[INFO ][2016-01-05 18:03:57,847][com.java.SeleniumDriver] [  832] - ------------------------------------------
[INFO ][2016-01-05 18:03:57,847][com.java.SeleniumDriver] [  833] - Test case being Executed: 2
[INFO ][2016-01-05 18:03:57,847][com.java.SeleniumDriver] [  845] - Test step:46
[INFO ][2016-01-05 18:03:57,847][com.java.SeleniumDriver] [  857] - Datavalue is----------GivenNewUserName::Login_username
[INFO ][2016-01-05 18:03:57,847][com.java.SeleniumDriver] [  881] - DataField : PVP//table[@id="tblUserListing"]//td[contains(text(),'mytext')]
[INFO ][2016-01-05 18:03:57,847][com.java.SeleniumDriver] [  883] - DataValue : GivenNewUserName::Login_username
[INFO ][2016-01-05 18:03:57,847][com.java.SeleniumDriver] [  889] - <In Set values of the page>
[INFO ][2016-01-05 18:03:57,849][com.java.SeleniumDriver] [  892] - {Data Fields & Data Values Exist}
[INFO ][2016-01-05 18:03:57,849][com.java.SeleniumDriver] [  894] - --------------------------setting values-----------------------------
[INFO ][2016-01-05 18:03:57,849][com.java.SeleniumDriver] [  897] - Action Type : STOREVALUE
[INFO ][2016-01-05 18:03:57,849][com.java.TestType] [ 8399] - field= PVP//table[@id="tblUserListing"]//td[contains(text(),'mytext')]
[DEBUG][2016-01-05 18:03:57,950][com.java.TestType] [ 8695] - Key:: GivenNewUserName::Login_username  Value:: vltest.robot34555.00058
[INFO ][2016-01-05 18:03:57,950][com.java.SeleniumDriver] [  906] -  RESULT true
[INFO ][2016-01-05 18:03:57,950][com.java.SeleniumDriver] [ 1112] - ?   P A S S   ?
[INFO ][2016-01-05 18:03:57,950][com.java.SeleniumDriver] [  832] - ------------------------------------------
[INFO ][2016-01-05 18:03:57,950][com.java.SeleniumDriver] [  833] - Test case being Executed: 2
[INFO ][2016-01-05 18:03:57,950][com.java.SeleniumDriver] [  845] - Test step:47
[INFO ][2016-01-05 18:03:57,950][com.java.SeleniumDriver] [  857] - Datavalue is----------null
[DEBUG][2016-01-05 18:03:57,950][com.java.SeleniumDriver] [  875] - Exception: null
[INFO ][2016-01-05 18:03:57,950][com.java.SeleniumDriver] [  881] - DataField : BTNparent
[INFO ][2016-01-05 18:03:57,951][com.java.SeleniumDriver] [  883] - DataValue : 
[INFO ][2016-01-05 18:03:57,951][com.java.SeleniumDriver] [  889] - <In Set values of the page>
[INFO ][2016-01-05 18:03:57,951][com.java.SeleniumDriver] [  892] - {Data Fields & Data Values Exist}
[INFO ][2016-01-05 18:03:57,951][com.java.SeleniumDriver] [  894] - --------------------------setting values-----------------------------
[INFO ][2016-01-05 18:03:57,951][com.java.SeleniumDriver] [  897] - Action Type : SelectFrame
[INFO ][2016-01-05 18:03:57,966][com.java.SeleniumDriver] [  906] -  RESULT true
[INFO ][2016-01-05 18:03:57,966][com.java.SeleniumDriver] [ 1112] - ?   P A S S   ?
[INFO ][2016-01-05 18:03:57,966][com.java.SeleniumDriver] [  832] - ------------------------------------------
[INFO ][2016-01-05 18:03:57,966][com.java.SeleniumDriver] [  833] - Test case being Executed: 2
[INFO ][2016-01-05 18:03:57,966][com.java.SeleniumDriver] [  845] - Test step:48
[INFO ][2016-01-05 18:03:57,966][com.java.SeleniumDriver] [  857] - Datavalue is----------null
[DEBUG][2016-01-05 18:03:57,966][com.java.SeleniumDriver] [  875] - Exception: null
[INFO ][2016-01-05 18:03:57,966][com.java.SeleniumDriver] [  881] - DataField : XPH//span[contains(text(), 'Finished')]
[INFO ][2016-01-05 18:03:57,966][com.java.SeleniumDriver] [  883] - DataValue : 
[INFO ][2016-01-05 18:03:57,966][com.java.SeleniumDriver] [  889] - <In Set values of the page>
[INFO ][2016-01-05 18:03:57,966][com.java.SeleniumDriver] [  892] - {Data Fields & Data Values Exist}
[INFO ][2016-01-05 18:03:57,966][com.java.SeleniumDriver] [  894] - --------------------------setting values-----------------------------
[INFO ][2016-01-05 18:03:57,966][com.java.SeleniumDriver] [  897] - Action Type : Click
[INFO ][2016-01-05 18:03:57,967][com.java.TestType] [ 6084] - Field ::XPH//span[contains(text(), 'Finished')]
[INFO ][2016-01-05 18:03:57,967][com.java.TestType] [ 5705] - value = 
[INFO ][2016-01-05 18:03:58,967][com.java.TestType] [ 6221] - BEFORE CLICK
[INFO ][2016-01-05 18:04:00,045][com.java.TestType] [ 6229] - Unable to click the object Finished button
[INFO ][2016-01-05 18:04:00,045][com.java.SeleniumDriver] [  906] -  RESULT true
[INFO ][2016-01-05 18:04:00,045][com.java.SeleniumDriver] [ 1112] - ?   P A S S   ?
[INFO ][2016-01-05 18:04:00,045][com.java.SeleniumDriver] [  832] - ------------------------------------------
[INFO ][2016-01-05 18:04:00,045][com.java.SeleniumDriver] [  833] - Test case being Executed: 2
[INFO ][2016-01-05 18:04:00,045][com.java.SeleniumDriver] [  845] - Test step:49
[INFO ][2016-01-05 18:04:00,045][com.java.SeleniumDriver] [  857] - Datavalue is----------3
[INFO ][2016-01-05 18:04:00,045][com.java.SeleniumDriver] [  881] - DataField : XPH//div[contains(text(), 'My Dashboard')]
[INFO ][2016-01-05 18:04:00,045][com.java.SeleniumDriver] [  883] - DataValue : 3
[INFO ][2016-01-05 18:04:00,045][com.java.SeleniumDriver] [  889] - <In Set values of the page>
[INFO ][2016-01-05 18:04:00,046][com.java.SeleniumDriver] [  892] - {Data Fields & Data Values Exist}
[INFO ][2016-01-05 18:04:00,046][com.java.SeleniumDriver] [  894] - --------------------------setting values-----------------------------
[INFO ][2016-01-05 18:04:00,046][com.java.SeleniumDriver] [  897] - Action Type : WAITFORELEMENT
[INFO ][2016-01-05 18:04:00,091][com.java.SeleniumDriver] [  906] -  RESULT true
[INFO ][2016-01-05 18:04:00,091][com.java.SeleniumDriver] [ 1112] - ?   P A S S   ?
[INFO ][2016-01-05 18:04:00,091][com.java.SeleniumDriver] [  832] - ------------------------------------------
[INFO ][2016-01-05 18:04:00,091][com.java.SeleniumDriver] [  833] - Test case being Executed: 2
[INFO ][2016-01-05 18:04:00,091][com.java.SeleniumDriver] [  845] - Test step:50
[INFO ][2016-01-05 18:04:00,091][com.java.SeleniumDriver] [  857] - Datavalue is----------Concept#3:1-2
[INFO ][2016-01-05 18:04:00,091][com.java.SeleniumDriver] [  881] - DataField : test
[INFO ][2016-01-05 18:04:00,092][com.java.SeleniumDriver] [  883] - DataValue : Concept#3:1-2
[INFO ][2016-01-05 18:04:00,092][com.java.SeleniumDriver] [  889] - <In Set values of the page>
[INFO ][2016-01-05 18:04:00,092][com.java.SeleniumDriver] [  892] - {Data Fields & Data Values Exist}
[INFO ][2016-01-05 18:04:00,092][com.java.SeleniumDriver] [  894] - --------------------------setting values-----------------------------
[INFO ][2016-01-05 18:04:00,092][com.java.SeleniumDriver] [  897] - Action Type : ExecuteTestCase
[INFO ][2016-01-05 18:04:00,092][com.java.TestType] [  437] - The Concept sheet name is ---------- Concept
[INFO ][2016-01-05 18:04:00,092][com.java.TestType] [  440] - The Concept ID  is ---------- 3
[DEBUG][2016-01-05 18:04:00,092][com.java.TestType] [  444] - Steps being executted in the Concept are: 1:2
[INFO ][2016-01-05 18:04:00,092][com.java.TestType] [  451] - Test data details path ---------- D:\BankersDashboard\TestInputs\TestData.xls
[INFO ][2016-01-05 18:04:00,120][com.java.TestType] [  482] -  str(1) = 3
[INFO ][2016-01-05 18:04:00,120][com.java.TestType] [  485] - Test case Id is---3
[INFO ][2016-01-05 18:04:00,120][com.java.TestType] [  487] - 3
[INFO ][2016-01-05 18:04:00,120][com.java.TestType] [  482] -  str(2) = 1
[INFO ][2016-01-05 18:04:00,122][com.java.TestType] [  482] -  str(1) = 3
[INFO ][2016-01-05 18:04:00,122][com.java.TestType] [  485] - Test case Id is---3
[INFO ][2016-01-05 18:04:00,122][com.java.TestType] [  487] - 3
[INFO ][2016-01-05 18:04:00,122][com.java.TestType] [  482] -  str(2) = 2
[INFO ][2016-01-05 18:04:00,122][com.java.TestType] [10614] - Looping 1TCID = 3
[DEBUG][2016-01-05 18:04:00,123][com.java.TestType] [10655] - Concept ID:3 :: Step being Executed: 3::1
[INFO ][2016-01-05 18:04:00,123][com.java.TestType] [10693] - dataFields : test
[DEBUG][2016-01-05 18:04:00,123][com.java.TestType] [10699] - <In Set values of the page>
[DEBUG][2016-01-05 18:04:00,123][com.java.TestType] [10704] - {Data Fields & Data Values Exist}
[INFO ][2016-01-05 18:04:00,123][com.java.TestType] [10710] - --------------------------setting values-----------------------------
[INFO ][2016-01-05 18:04:00,123][com.java.TestType] [10713] - Action Type : Logout
[INFO ][2016-01-05 18:04:02,307][com.java.TestType] [ 6084] - Field ::CNF
[INFO ][2016-01-05 18:04:02,307][com.java.TestType] [ 5705] - value = OK
[INFO ][2016-01-05 18:04:04,618][com.java.TestType] [ 6217] - Click the object confirmation
[INFO ][2016-01-05 18:04:04,618][com.java.TestType] [ 6218] - Unable to click the object confirmation
[DEBUG][2016-01-05 18:04:06,331][com.java.SeleniumDriver] [  426] - Hub ip address is-------172.17.68.34
[INFO ][2016-01-05 18:04:06,331][com.java.SeleniumDriver] [  452] - Grid URL:http://172.17.68.34:4444/wd/hub
[INFO ][2016-01-05 18:04:06,331][com.java.SeleniumDriver] [  453] - Capability:Capabilities [{platform=ANY, ensureCleanSession=true, ignoreProtectedModeSettings=true, acceptSslCerts=true, ignoreZoomSetting=true, browserName=internet explorer, browserstack.ie.noFlash=true, version=null}]
[ERROR][2016-01-05 18:04:07,343][com.java.SeleniumDriver] [  498] - Unable invoke browser in grid:Could not start a new session. Possible causes are invalid address of the remote server or browser start-up failure.
Build info: version: '2.48.2', revision: '41bccdd', time: '2015-10-09 19:59:12'
System info: host: 'FVTIII438F1D', ip: '172.17.68.34', os.name: 'Windows 7', os.arch: 'x86', os.version: '6.1', java.version: '1.7.0_55'
Driver info: driver.version: SeleniumDriver
[INFO ][2016-01-05 18:04:07,344][com.java.SeleniumDriver] [  500] - Executing on local machine
[INFO ][2016-01-05 18:04:17,709][com.java.TestType] [10732] -  RESULT true
[INFO ][2016-01-05 18:04:17,709][com.java.TestType] [10849] - ?   P A S S   ?
[DEBUG][2016-01-05 18:04:17,709][com.java.TestType] [10655] - Concept ID:3 :: Step being Executed: 3::2
[INFO ][2016-01-05 18:04:17,709][com.java.TestType] [10693] - dataFields : test
[DEBUG][2016-01-05 18:04:17,709][com.java.TestType] [10699] - <In Set values of the page>
[DEBUG][2016-01-05 18:04:17,709][com.java.TestType] [10704] - {Data Fields & Data Values Exist}
[INFO ][2016-01-05 18:04:17,709][com.java.TestType] [10710] - --------------------------setting values-----------------------------
[INFO ][2016-01-05 18:04:17,709][com.java.TestType] [10713] - Action Type : WaitTime
[DEBUG][2016-01-05 18:04:17,710][com.java.TestType] [ 5525] - sleepTime: 2000
[INFO ][2016-01-05 18:04:19,710][com.java.TestType] [10732] -  RESULT true
[INFO ][2016-01-05 18:04:19,710][com.java.TestType] [10849] - ?   P A S S   ?
[INFO ][2016-01-05 18:04:19,710][com.java.TestType] [10920] - Looping End......
[INFO ][2016-01-05 18:04:19,713][com.java.SeleniumDriver] [  906] -  RESULT true
[INFO ][2016-01-05 18:04:19,713][com.java.SeleniumDriver] [ 1112] - ?   P A S S   ?
[INFO ][2016-01-05 18:04:19,713][com.java.SeleniumDriver] [  832] - ------------------------------------------
[INFO ][2016-01-05 18:04:19,713][com.java.SeleniumDriver] [  833] - Test case being Executed: 2
[INFO ][2016-01-05 18:04:19,713][com.java.SeleniumDriver] [  845] - Test step:51
[INFO ][2016-01-05 18:04:19,714][com.java.SeleniumDriver] [  857] - Datavalue is----------dt:HTTPSURL
[INFO ][2016-01-05 18:04:19,714][com.java.SeleniumDriver] [  881] - DataField : test
[INFO ][2016-01-05 18:04:19,714][com.java.SeleniumDriver] [  883] - DataValue : dt:HTTPSURL
[INFO ][2016-01-05 18:04:19,714][com.java.SeleniumDriver] [  889] - <In Set values of the page>
[INFO ][2016-01-05 18:04:19,714][com.java.SeleniumDriver] [  892] - {Data Fields & Data Values Exist}
[INFO ][2016-01-05 18:04:19,714][com.java.SeleniumDriver] [  894] - --------------------------setting values-----------------------------
[INFO ][2016-01-05 18:04:19,714][com.java.SeleniumDriver] [  897] - Action Type : OpenURL
[INFO ][2016-01-05 18:04:19,714][com.java.TestType] [ 5705] - value = https://clients-xuat.bankersdashboard.com
[INFO ][2016-01-05 18:04:19,714][com.java.TestType] [  353] - Open URL : https://clients-xuat.bankersdashboard.com
[INFO ][2016-01-05 18:04:20,531][com.java.SeleniumDriver] [  906] -  RESULT true
[INFO ][2016-01-05 18:04:20,531][com.java.SeleniumDriver] [ 1112] - ?   P A S S   ?
[INFO ][2016-01-05 18:04:20,531][com.java.SeleniumDriver] [  832] - ------------------------------------------
[INFO ][2016-01-05 18:04:20,531][com.java.SeleniumDriver] [  833] - Test case being Executed: 2
[INFO ][2016-01-05 18:04:20,531][com.java.SeleniumDriver] [  845] - Test step:52
[INFO ][2016-01-05 18:04:20,531][com.java.SeleniumDriver] [  857] - Datavalue is----------HMVLogin_username
[INFO ][2016-01-05 18:04:20,531][com.java.SeleniumDriver] [  881] - DataField : TXTusername
[INFO ][2016-01-05 18:04:20,531][com.java.SeleniumDriver] [  883] - DataValue : HMVLogin_username
[INFO ][2016-01-05 18:04:20,532][com.java.SeleniumDriver] [  889] - <In Set values of the page>
[INFO ][2016-01-05 18:04:20,532][com.java.SeleniumDriver] [  892] - {Data Fields & Data Values Exist}
[INFO ][2016-01-05 18:04:20,532][com.java.SeleniumDriver] [  894] - --------------------------setting values-----------------------------
[INFO ][2016-01-05 18:04:20,532][com.java.SeleniumDriver] [  897] - Action Type : CLEARANDENTER
[INFO ][2016-01-05 18:04:20,532][com.java.TestType] [ 5705] - value = vltest.robot34555.00058
[INFO ][2016-01-05 18:04:25,285][com.java.SeleniumDriver] [  906] -  RESULT true
[INFO ][2016-01-05 18:04:25,285][com.java.SeleniumDriver] [ 1112] - ?   P A S S   ?
[INFO ][2016-01-05 18:04:25,285][com.java.SeleniumDriver] [  832] - ------------------------------------------
[INFO ][2016-01-05 18:04:25,285][com.java.SeleniumDriver] [  833] - Test case being Executed: 2
[INFO ][2016-01-05 18:04:25,285][com.java.SeleniumDriver] [  845] - Test step:53
[INFO ][2016-01-05 18:04:25,285][com.java.SeleniumDriver] [  857] - Datavalue is----------dt:NewUserPswd
[INFO ][2016-01-05 18:04:25,285][com.java.SeleniumDriver] [  881] - DataField : TXTpassword
[INFO ][2016-01-05 18:04:25,285][com.java.SeleniumDriver] [  883] - DataValue : dt:NewUserPswd
[INFO ][2016-01-05 18:04:25,286][com.java.SeleniumDriver] [  889] - <In Set values of the page>
[INFO ][2016-01-05 18:04:25,286][com.java.SeleniumDriver] [  892] - {Data Fields & Data Values Exist}
[INFO ][2016-01-05 18:04:25,286][com.java.SeleniumDriver] [  894] - --------------------------setting values-----------------------------
[INFO ][2016-01-05 18:04:25,286][com.java.SeleniumDriver] [  897] - Action Type : CLEARANDENTER
[INFO ][2016-01-05 18:04:25,286][com.java.TestType] [ 5705] - value = Password1*
[INFO ][2016-01-05 18:04:30,126][com.java.SeleniumDriver] [  906] -  RESULT true
[INFO ][2016-01-05 18:04:30,126][com.java.SeleniumDriver] [ 1112] - ?   P A S S   ?
[INFO ][2016-01-05 18:04:30,126][com.java.SeleniumDriver] [  832] - ------------------------------------------
[INFO ][2016-01-05 18:04:30,126][com.java.SeleniumDriver] [  833] - Test case being Executed: 2
[INFO ][2016-01-05 18:04:30,126][com.java.SeleniumDriver] [  845] - Test step:54
[INFO ][2016-01-05 18:04:30,126][com.java.SeleniumDriver] [  857] - Datavalue is----------null
[DEBUG][2016-01-05 18:04:30,126][com.java.SeleniumDriver] [  875] - Exception: null
[INFO ][2016-01-05 18:04:30,127][com.java.SeleniumDriver] [  881] - DataField : XPH//button[@type='submit']
[INFO ][2016-01-05 18:04:30,127][com.java.SeleniumDriver] [  883] - DataValue : 
[INFO ][2016-01-05 18:04:30,127][com.java.SeleniumDriver] [  889] - <In Set values of the page>
[INFO ][2016-01-05 18:04:30,127][com.java.SeleniumDriver] [  892] - {Data Fields & Data Values Exist}
[INFO ][2016-01-05 18:04:30,127][com.java.SeleniumDriver] [  894] - --------------------------setting values-----------------------------
[INFO ][2016-01-05 18:04:30,127][com.java.SeleniumDriver] [  897] - Action Type : Click
[INFO ][2016-01-05 18:04:30,127][com.java.TestType] [ 6084] - Field ::XPH//button[@type='submit']
[INFO ][2016-01-05 18:04:30,127][com.java.TestType] [ 5705] - value = 
[INFO ][2016-01-05 18:04:31,126][com.java.TestType] [ 6221] - BEFORE CLICK
[INFO ][2016-01-05 18:04:31,956][com.java.TestType] [ 6229] - Unable to click the object Login
[INFO ][2016-01-05 18:04:31,956][com.java.SeleniumDriver] [  906] -  RESULT true
[INFO ][2016-01-05 18:04:31,956][com.java.SeleniumDriver] [ 1112] - ?   P A S S   ?
[INFO ][2016-01-05 18:04:31,956][com.java.SeleniumDriver] [  832] - ------------------------------------------
[INFO ][2016-01-05 18:04:31,956][com.java.SeleniumDriver] [  833] - Test case being Executed: 2
[INFO ][2016-01-05 18:04:31,957][com.java.SeleniumDriver] [  845] - Test step:55
[INFO ][2016-01-05 18:04:31,957][com.java.SeleniumDriver] [  857] - Datavalue is----------Concept#1:4-16
[INFO ][2016-01-05 18:04:31,957][com.java.SeleniumDriver] [  881] - DataField : test
[INFO ][2016-01-05 18:04:31,957][com.java.SeleniumDriver] [  883] - DataValue : Concept#1:4-16
[INFO ][2016-01-05 18:04:31,957][com.java.SeleniumDriver] [  889] - <In Set values of the page>
[INFO ][2016-01-05 18:04:31,957][com.java.SeleniumDriver] [  892] - {Data Fields & Data Values Exist}
[INFO ][2016-01-05 18:04:31,957][com.java.SeleniumDriver] [  894] - --------------------------setting values-----------------------------
[INFO ][2016-01-05 18:04:31,957][com.java.SeleniumDriver] [  897] - Action Type : ExecuteTestCase
[INFO ][2016-01-05 18:04:31,957][com.java.TestType] [  437] - The Concept sheet name is ---------- Concept
[INFO ][2016-01-05 18:04:31,957][com.java.TestType] [  440] - The Concept ID  is ---------- 1
[DEBUG][2016-01-05 18:04:31,957][com.java.TestType] [  444] - Steps being executted in the Concept are: 4:16
[INFO ][2016-01-05 18:04:31,957][com.java.TestType] [  451] - Test data details path ---------- D:\BankersDashboard\TestInputs\TestData.xls
[INFO ][2016-01-05 18:04:31,986][com.java.TestType] [  482] -  str(1) = 1
[INFO ][2016-01-05 18:04:31,986][com.java.TestType] [  485] - Test case Id is---1
[INFO ][2016-01-05 18:04:31,986][com.java.TestType] [  487] - 1
[INFO ][2016-01-05 18:04:31,986][com.java.TestType] [  482] -  str(2) = 1
[INFO ][2016-01-05 18:04:31,988][com.java.TestType] [  482] -  str(1) = 1
[INFO ][2016-01-05 18:04:31,989][com.java.TestType] [  485] - Test case Id is---1
[INFO ][2016-01-05 18:04:31,989][com.java.TestType] [  487] - 1
[INFO ][2016-01-05 18:04:31,989][com.java.TestType] [  482] -  str(2) = 2
[INFO ][2016-01-05 18:04:31,989][com.java.TestType] [  482] -  str(1) = 1
[INFO ][2016-01-05 18:04:31,990][com.java.TestType] [  485] - Test case Id is---1
[INFO ][2016-01-05 18:04:31,990][com.java.TestType] [  487] - 1
[INFO ][2016-01-05 18:04:31,990][com.java.TestType] [  482] -  str(2) = 3
[INFO ][2016-01-05 18:04:31,991][com.java.TestType] [  482] -  str(1) = 1
[INFO ][2016-01-05 18:04:31,991][com.java.TestType] [  485] - Test case Id is---1
[INFO ][2016-01-05 18:04:31,991][com.java.TestType] [  487] - 1
[INFO ][2016-01-05 18:04:31,991][com.java.TestType] [  482] -  str(2) = 4
[INFO ][2016-01-05 18:04:31,992][com.java.TestType] [  482] -  str(1) = 1
[INFO ][2016-01-05 18:04:31,992][com.java.TestType] [  485] - Test case Id is---1
[INFO ][2016-01-05 18:04:31,992][com.java.TestType] [  487] - 1
[INFO ][2016-01-05 18:04:31,992][com.java.TestType] [  482] -  str(2) = 5
[INFO ][2016-01-05 18:04:31,992][com.java.TestType] [  482] -  str(1) = 1
[INFO ][2016-01-05 18:04:31,992][com.java.TestType] [  485] - Test case Id is---1
[INFO ][2016-01-05 18:04:31,992][com.java.TestType] [  487] - 1
[INFO ][2016-01-05 18:04:31,993][com.java.TestType] [  482] -  str(2) = 6
[INFO ][2016-01-05 18:04:31,993][com.java.TestType] [  482] -  str(1) = 1
[INFO ][2016-01-05 18:04:31,993][com.java.TestType] [  485] - Test case Id is---1
[INFO ][2016-01-05 18:04:31,993][com.java.TestType] [  487] - 1
[INFO ][2016-01-05 18:04:31,993][com.java.TestType] [  482] -  str(2) = 7
[INFO ][2016-01-05 18:04:31,994][com.java.TestType] [  482] -  str(1) = 1
[INFO ][2016-01-05 18:04:31,994][com.java.TestType] [  485] - Test case Id is---1
[INFO ][2016-01-05 18:04:31,994][com.java.TestType] [  487] - 1
[INFO ][2016-01-05 18:04:31,994][com.java.TestType] [  482] -  str(2) = 8
[INFO ][2016-01-05 18:04:31,995][com.java.TestType] [  482] -  str(1) = 1
[INFO ][2016-01-05 18:04:31,995][com.java.TestType] [  485] - Test case Id is---1
[INFO ][2016-01-05 18:04:31,995][com.java.TestType] [  487] - 1
[INFO ][2016-01-05 18:04:31,995][com.java.TestType] [  482] -  str(2) = 9
[INFO ][2016-01-05 18:04:31,996][com.java.TestType] [  482] -  str(1) = 1
[INFO ][2016-01-05 18:04:31,996][com.java.TestType] [  485] - Test case Id is---1
[INFO ][2016-01-05 18:04:31,996][com.java.TestType] [  487] - 1
[INFO ][2016-01-05 18:04:31,996][com.java.TestType] [  482] -  str(2) = 10
[INFO ][2016-01-05 18:04:31,997][com.java.TestType] [  482] -  str(1) = 1
[INFO ][2016-01-05 18:04:31,997][com.java.TestType] [  485] - Test case Id is---1
[INFO ][2016-01-05 18:04:31,998][com.java.TestType] [  487] - 1
[INFO ][2016-01-05 18:04:31,998][com.java.TestType] [  482] -  str(2) = 11
[INFO ][2016-01-05 18:04:31,998][com.java.TestType] [  482] -  str(1) = 1
[INFO ][2016-01-05 18:04:31,998][com.java.TestType] [  485] - Test case Id is---1
[INFO ][2016-01-05 18:04:31,998][com.java.TestType] [  487] - 1
[INFO ][2016-01-05 18:04:31,998][com.java.TestType] [  482] -  str(2) = 12
[INFO ][2016-01-05 18:04:31,999][com.java.TestType] [  482] -  str(1) = 1
[INFO ][2016-01-05 18:04:31,999][com.java.TestType] [  485] - Test case Id is---1
[INFO ][2016-01-05 18:04:31,999][com.java.TestType] [  487] - 1
[INFO ][2016-01-05 18:04:31,999][com.java.TestType] [  482] -  str(2) = 13
[INFO ][2016-01-05 18:04:32,000][com.java.TestType] [  482] -  str(1) = 1
[INFO ][2016-01-05 18:04:32,000][com.java.TestType] [  485] - Test case Id is---1
[INFO ][2016-01-05 18:04:32,000][com.java.TestType] [  487] - 1
[INFO ][2016-01-05 18:04:32,000][com.java.TestType] [  482] -  str(2) = 14
[INFO ][2016-01-05 18:04:32,001][com.java.TestType] [  482] -  str(1) = 1
[INFO ][2016-01-05 18:04:32,001][com.java.TestType] [  485] - Test case Id is---1
[INFO ][2016-01-05 18:04:32,001][com.java.TestType] [  487] - 1
[INFO ][2016-01-05 18:04:32,001][com.java.TestType] [  482] -  str(2) = 15
[INFO ][2016-01-05 18:04:32,002][com.java.TestType] [  482] -  str(1) = 1
[INFO ][2016-01-05 18:04:32,002][com.java.TestType] [  485] - Test case Id is---1
[INFO ][2016-01-05 18:04:32,002][com.java.TestType] [  487] - 1
[INFO ][2016-01-05 18:04:32,002][com.java.TestType] [  482] -  str(2) = 16
[INFO ][2016-01-05 18:04:32,002][com.java.TestType] [10614] - Looping 1TCID = 1
[DEBUG][2016-01-05 18:04:32,003][com.java.TestType] [10655] - Concept ID:1 :: Step being Executed: 1::4
[INFO ][2016-01-05 18:04:32,003][com.java.TestType] [10693] - dataFields : LNKLogout
[DEBUG][2016-01-05 18:04:32,003][com.java.TestType] [10699] - <In Set values of the page>
[DEBUG][2016-01-05 18:04:32,003][com.java.TestType] [10704] - {Data Fields & Data Values Exist}
[INFO ][2016-01-05 18:04:32,003][com.java.TestType] [10710] - --------------------------setting values-----------------------------
[INFO ][2016-01-05 18:04:32,003][com.java.TestType] [10713] - Action Type : WaitForElement
[DEBUG][2016-01-05 18:06:05,805][com.java.TestType] [ 6765] - link=Logout   :: Link not Found
[INFO ][2016-01-05 18:06:05,805][com.java.TestType] [10732] -  RESULT false
[INFO ][2016-01-05 18:06:05,806][com.java.TestType] [10770] - ?   F A I L   ?
[DEBUG][2016-01-05 18:06:05,806][com.java.TestType] [10773] - Browser Type : IE10
[DEBUG][2016-01-05 18:06:05,806][com.java.TestType] [10655] - Concept ID:1 :: Step being Executed: 1::5
[INFO ][2016-01-05 18:06:05,806][com.java.TestType] [10693] - dataFields : TTL
[DEBUG][2016-01-05 18:06:05,806][com.java.TestType] [10699] - <In Set values of the page>
[DEBUG][2016-01-05 18:06:05,806][com.java.TestType] [10704] - {Data Fields & Data Values Exist}
[INFO ][2016-01-05 18:06:05,806][com.java.TestType] [10710] - --------------------------setting values-----------------------------
[INFO ][2016-01-05 18:06:05,806][com.java.TestType] [10713] - Action Type : CLOSEWINDOW
[INFO ][2016-01-05 18:06:05,995][com.java.TestType] [10732] -  RESULT true
[INFO ][2016-01-05 18:06:05,995][com.java.TestType] [10849] - ?   P A S S   ?
[DEBUG][2016-01-05 18:06:05,995][com.java.TestType] [10655] - Concept ID:1 :: Step being Executed: 1::6
[INFO ][2016-01-05 18:06:05,995][com.java.TestType] [10693] - dataFields : LNKLogout
[DEBUG][2016-01-05 18:06:05,995][com.java.TestType] [10699] - <In Set values of the page>
[DEBUG][2016-01-05 18:06:05,995][com.java.TestType] [10704] - {Data Fields & Data Values Exist}
[INFO ][2016-01-05 18:06:05,996][com.java.TestType] [10710] - --------------------------setting values-----------------------------
[INFO ][2016-01-05 18:06:05,996][com.java.TestType] [10713] - Action Type : WaitTime
[DEBUG][2016-01-05 18:06:05,996][com.java.TestType] [ 5525] - sleepTime: 3000
[INFO ][2016-01-05 18:06:08,996][com.java.TestType] [10732] -  RESULT true
[INFO ][2016-01-05 18:06:08,996][com.java.TestType] [10849] - ?   P A S S   ?
[DEBUG][2016-01-05 18:06:08,996][com.java.TestType] [10655] - Concept ID:1 :: Step being Executed: 1::7
[INFO ][2016-01-05 18:06:08,996][com.java.TestType] [10693] - dataFields : TTL
[DEBUG][2016-01-05 18:06:08,996][com.java.TestType] [10699] - <In Set values of the page>
[DEBUG][2016-01-05 18:06:08,996][com.java.TestType] [10704] - {Data Fields & Data Values Exist}
[INFO ][2016-01-05 18:06:08,996][com.java.TestType] [10710] - --------------------------setting values-----------------------------
[INFO ][2016-01-05 18:06:08,996][com.java.TestType] [10713] - Action Type : SelectWindow
[INFO ][2016-01-05 18:06:21,456][com.java.TestType] [10732] -  RESULT true
[INFO ][2016-01-05 18:06:21,456][com.java.TestType] [10849] - ?   P A S S   ?
[DEBUG][2016-01-05 18:06:21,456][com.java.TestType] [10655] - Concept ID:1 :: Step being Executed: 1::8
[INFO ][2016-01-05 18:06:21,456][com.java.TestType] [10693] - dataFields : test
[DEBUG][2016-01-05 18:06:21,456][com.java.TestType] [10699] - <In Set values of the page>
[DEBUG][2016-01-05 18:06:21,456][com.java.TestType] [10704] - {Data Fields & Data Values Exist}
[INFO ][2016-01-05 18:06:21,456][com.java.TestType] [10710] - --------------------------setting values-----------------------------
[INFO ][2016-01-05 18:06:21,457][com.java.TestType] [10713] - Action Type : WaitTime
[DEBUG][2016-01-05 18:06:21,457][com.java.TestType] [ 5525] - sleepTime: 20000
[INFO ][2016-01-05 18:06:41,454][com.java.TestType] [10732] -  RESULT true
[INFO ][2016-01-05 18:06:41,454][com.java.TestType] [10849] - ?   P A S S   ?
[DEBUG][2016-01-05 18:06:41,454][com.java.TestType] [10655] - Concept ID:1 :: Step being Executed: 1::9
[ERROR][2016-01-05 18:06:41,454][com.java.TestType] [10688] - Exception: null
[INFO ][2016-01-05 18:06:41,454][com.java.TestType] [10693] - dataFields : //span[@class='icon-cog2']&&//a[@data-id="UserSettings"]
[DEBUG][2016-01-05 18:06:41,454][com.java.TestType] [10699] - <In Set values of the page>
[DEBUG][2016-01-05 18:06:41,454][com.java.TestType] [10704] - {Data Fields & Data Values Exist}
[INFO ][2016-01-05 18:06:41,454][com.java.TestType] [10710] - --------------------------setting values-----------------------------
[INFO ][2016-01-05 18:06:41,454][com.java.TestType] [10713] - Action Type : MouseOver
[INFO ][2016-01-05 18:07:04,503][com.java.TestType] [10732] -  RESULT true
[INFO ][2016-01-05 18:07:04,503][com.java.TestType] [10849] - ?   P A S S   ?
[DEBUG][2016-01-05 18:07:04,503][com.java.TestType] [10655] - Concept ID:1 :: Step being Executed: 1::10
[INFO ][2016-01-05 18:07:04,503][com.java.TestType] [10693] - dataFields : BTNframeDialogContent
[DEBUG][2016-01-05 18:07:04,503][com.java.TestType] [10699] - <In Set values of the page>
[DEBUG][2016-01-05 18:07:04,503][com.java.TestType] [10704] - {Data Fields & Data Values Exist}
[INFO ][2016-01-05 18:07:04,503][com.java.TestType] [10710] - --------------------------setting values-----------------------------
[INFO ][2016-01-05 18:07:04,503][com.java.TestType] [10713] - Action Type : WaitForElement
[INFO ][2016-01-05 18:07:05,700][com.java.TestType] [10732] -  RESULT true
[INFO ][2016-01-05 18:07:05,701][com.java.TestType] [10849] - ?   P A S S   ?
[DEBUG][2016-01-05 18:07:05,701][com.java.TestType] [10655] - Concept ID:1 :: Step being Executed: 1::11
[INFO ][2016-01-05 18:07:05,701][com.java.TestType] [10693] - dataFields : BTN
[DEBUG][2016-01-05 18:07:05,701][com.java.TestType] [10699] - <In Set values of the page>
[DEBUG][2016-01-05 18:07:05,701][com.java.TestType] [10704] - {Data Fields & Data Values Exist}
[INFO ][2016-01-05 18:07:05,701][com.java.TestType] [10710] - --------------------------setting values-----------------------------
[INFO ][2016-01-05 18:07:05,701][com.java.TestType] [10713] - Action Type : SELECTFRAMEBYNAME
[INFO ][2016-01-05 18:07:05,701][com.java.TestType] [ 5705] - value = frameDialogContent
[INFO ][2016-01-05 18:07:05,772][com.java.TestType] [10732] -  RESULT true
[INFO ][2016-01-05 18:07:05,772][com.java.TestType] [10849] - ?   P A S S   ?
[DEBUG][2016-01-05 18:07:05,772][com.java.TestType] [10655] - Concept ID:1 :: Step being Executed: 1::12
[INFO ][2016-01-05 18:07:05,772][com.java.TestType] [10693] - dataFields : SLBddlOpenBDInNewWindow
[DEBUG][2016-01-05 18:07:05,772][com.java.TestType] [10699] - <In Set values of the page>
[DEBUG][2016-01-05 18:07:05,772][com.java.TestType] [10704] - {Data Fields & Data Values Exist}
[INFO ][2016-01-05 18:07:05,772][com.java.TestType] [10710] - --------------------------setting values-----------------------------
[INFO ][2016-01-05 18:07:05,772][com.java.TestType] [10713] - Action Type : Select
[INFO ][2016-01-05 18:07:05,772][com.java.TestType] [ 5705] - value = No
[INFO ][2016-01-05 18:07:08,068][com.java.TestType] [10732] -  RESULT true
[INFO ][2016-01-05 18:07:08,068][com.java.TestType] [10849] - ?   P A S S   ?
[DEBUG][2016-01-05 18:07:08,068][com.java.TestType] [10655] - Concept ID:1 :: Step being Executed: 1::13
[ERROR][2016-01-05 18:07:08,068][com.java.TestType] [10688] - Exception: null
[INFO ][2016-01-05 18:07:08,068][com.java.TestType] [10693] - dataFields : BTNparent
[DEBUG][2016-01-05 18:07:08,068][com.java.TestType] [10699] - <In Set values of the page>
[DEBUG][2016-01-05 18:07:08,068][com.java.TestType] [10704] - {Data Fields & Data Values Exist}
[INFO ][2016-01-05 18:07:08,068][com.java.TestType] [10710] - --------------------------setting values-----------------------------
[INFO ][2016-01-05 18:07:08,069][com.java.TestType] [10713] - Action Type : SELECTFRAME
[INFO ][2016-01-05 18:07:08,084][com.java.TestType] [10732] -  RESULT true
[INFO ][2016-01-05 18:07:08,084][com.java.TestType] [10849] - ?   P A S S   ?
[DEBUG][2016-01-05 18:07:08,084][com.java.TestType] [10655] - Concept ID:1 :: Step being Executed: 1::14
[ERROR][2016-01-05 18:07:08,084][com.java.TestType] [10688] - Exception: null
[INFO ][2016-01-05 18:07:08,084][com.java.TestType] [10693] - dataFields : BTN//span[text()='Finished']
[DEBUG][2016-01-05 18:07:08,084][com.java.TestType] [10699] - <In Set values of the page>
[DEBUG][2016-01-05 18:07:08,084][com.java.TestType] [10704] - {Data Fields & Data Values Exist}
[INFO ][2016-01-05 18:07:08,084][com.java.TestType] [10710] - --------------------------setting values-----------------------------
[INFO ][2016-01-05 18:07:08,085][com.java.TestType] [10713] - Action Type : Click
[INFO ][2016-01-05 18:07:08,085][com.java.TestType] [ 6084] - Field ::BTN//span[text()='Finished']
[INFO ][2016-01-05 18:07:08,085][com.java.TestType] [ 5705] - value = 
[INFO ][2016-01-05 18:07:09,085][com.java.TestType] [ 6200] - BEFORE CLICK
[INFO ][2016-01-05 18:07:09,359][com.java.TestType] [ 6207] - Unable to click the object Finished button
[INFO ][2016-01-05 18:07:09,359][com.java.TestType] [10732] -  RESULT true
[INFO ][2016-01-05 18:07:09,359][com.java.TestType] [10849] - ?   P A S S   ?
[DEBUG][2016-01-05 18:07:09,359][com.java.TestType] [10655] - Concept ID:1 :: Step being Executed: 1::15
[INFO ][2016-01-05 18:07:09,359][com.java.TestType] [10693] - dataFields : LNK
[DEBUG][2016-01-05 18:07:09,359][com.java.TestType] [10699] - <In Set values of the page>
[DEBUG][2016-01-05 18:07:09,359][com.java.TestType] [10704] - {Data Fields & Data Values Exist}
[INFO ][2016-01-05 18:07:09,359][com.java.TestType] [10710] - --------------------------setting values-----------------------------
[INFO ][2016-01-05 18:07:09,359][com.java.TestType] [10713] - Action Type : Verify
[INFO ][2016-01-05 18:07:09,360][com.java.TestType] [ 7081] - field= LNK value= Logout
[INFO ][2016-01-05 18:07:09,360][com.java.TestType] [ 5705] - value = Logout
[INFO ][2016-01-05 18:07:09,397][com.java.TestType] [10732] -  RESULT true
[INFO ][2016-01-05 18:07:09,397][com.java.TestType] [10849] - ?   P A S S   ?
[DEBUG][2016-01-05 18:07:09,397][com.java.TestType] [10655] - Concept ID:1 :: Step being Executed: 1::16
[INFO ][2016-01-05 18:07:09,397][com.java.TestType] [10693] - dataFields : BTN
[DEBUG][2016-01-05 18:07:09,397][com.java.TestType] [10699] - <In Set values of the page>
[DEBUG][2016-01-05 18:07:09,397][com.java.TestType] [10704] - {Data Fields & Data Values Exist}
[INFO ][2016-01-05 18:07:09,397][com.java.TestType] [10710] - --------------------------setting values-----------------------------
[INFO ][2016-01-05 18:07:09,398][com.java.TestType] [10713] - Action Type : Verify
[INFO ][2016-01-05 18:07:09,398][com.java.TestType] [ 7081] - field= BTN value= //img[contains(@src,'bdlogo.jpg')]
[INFO ][2016-01-05 18:07:09,398][com.java.TestType] [ 5705] - value = //img[contains(@src,'bdlogo.jpg')]
[INFO ][2016-01-05 18:07:09,469][com.java.TestType] [10732] -  RESULT true
[INFO ][2016-01-05 18:07:09,469][com.java.TestType] [10849] - ?   P A S S   ?
[INFO ][2016-01-05 18:07:09,469][com.java.TestType] [10920] - Looping End......
[INFO ][2016-01-05 18:07:09,473][com.java.SeleniumDriver] [  906] -  RESULT true
[INFO ][2016-01-05 18:07:09,473][com.java.SeleniumDriver] [ 1112] - ?   P A S S   ?
[INFO ][2016-01-05 18:07:09,473][com.java.SeleniumDriver] [  832] - ------------------------------------------
[INFO ][2016-01-05 18:07:09,473][com.java.SeleniumDriver] [  833] - Test case being Executed: 2
[INFO ][2016-01-05 18:07:09,473][com.java.SeleniumDriver] [  845] - Test step:56
[INFO ][2016-01-05 18:07:09,473][com.java.SeleniumDriver] [  857] - Datavalue is----------10
[INFO ][2016-01-05 18:07:09,473][com.java.SeleniumDriver] [  881] - DataField : XPH//div[contains(text(), 'My Dashboard')]
[INFO ][2016-01-05 18:07:09,473][com.java.SeleniumDriver] [  883] - DataValue : 10
[INFO ][2016-01-05 18:07:09,474][com.java.SeleniumDriver] [  889] - <In Set values of the page>
[INFO ][2016-01-05 18:07:09,474][com.java.SeleniumDriver] [  892] - {Data Fields & Data Values Exist}
[INFO ][2016-01-05 18:07:09,474][com.java.SeleniumDriver] [  894] - --------------------------setting values-----------------------------
[INFO ][2016-01-05 18:07:09,474][com.java.SeleniumDriver] [  897] - Action Type : WAITFORELEMENT
[INFO ][2016-01-05 18:07:09,509][com.java.SeleniumDriver] [  906] -  RESULT true
[INFO ][2016-01-05 18:07:09,509][com.java.SeleniumDriver] [ 1112] - ?   P A S S   ?
[INFO ][2016-01-05 18:07:09,510][com.java.SeleniumDriver] [  832] - ------------------------------------------
[INFO ][2016-01-05 18:07:09,510][com.java.SeleniumDriver] [  833] - Test case being Executed: 2
[INFO ][2016-01-05 18:07:09,510][com.java.SeleniumDriver] [  845] - Test step:57
[INFO ][2016-01-05 18:07:09,510][com.java.SeleniumDriver] [  857] - Datavalue is----------//div[contains(text(), 'My Dashboard')]
[INFO ][2016-01-05 18:07:09,510][com.java.SeleniumDriver] [  881] - DataField : BTN
[INFO ][2016-01-05 18:07:09,510][com.java.SeleniumDriver] [  883] - DataValue : //div[contains(text(), 'My Dashboard')]
[INFO ][2016-01-05 18:07:09,510][com.java.SeleniumDriver] [  889] - <In Set values of the page>
[INFO ][2016-01-05 18:07:09,510][com.java.SeleniumDriver] [  892] - {Data Fields & Data Values Exist}
[INFO ][2016-01-05 18:07:09,510][com.java.SeleniumDriver] [  894] - --------------------------setting values-----------------------------
[INFO ][2016-01-05 18:07:09,510][com.java.SeleniumDriver] [  897] - Action Type : VERIFY
[INFO ][2016-01-05 18:07:09,510][com.java.TestType] [ 7081] - field= BTN value= //div[contains(text(), 'My Dashboard')]
[INFO ][2016-01-05 18:07:09,510][com.java.TestType] [ 5705] - value = //div[contains(text(), 'My Dashboard')]
[INFO ][2016-01-05 18:07:09,580][com.java.SeleniumDriver] [  906] -  RESULT true
[INFO ][2016-01-05 18:07:09,580][com.java.SeleniumDriver] [ 1112] - ?   P A S S   ?
[INFO ][2016-01-05 18:07:09,580][com.java.SeleniumDriver] [  832] - ------------------------------------------
[INFO ][2016-01-05 18:07:09,580][com.java.SeleniumDriver] [  833] - Test case being Executed: 2
[INFO ][2016-01-05 18:07:09,580][com.java.SeleniumDriver] [  845] - Test step:58
[INFO ][2016-01-05 18:07:09,580][com.java.SeleniumDriver] [  857] - Datavalue is----------Concept#3:1-2
[INFO ][2016-01-05 18:07:09,580][com.java.SeleniumDriver] [  881] - DataField : test
[INFO ][2016-01-05 18:07:09,580][com.java.SeleniumDriver] [  883] - DataValue : Concept#3:1-2
[INFO ][2016-01-05 18:07:09,580][com.java.SeleniumDriver] [  889] - <In Set values of the page>
[INFO ][2016-01-05 18:07:09,581][com.java.SeleniumDriver] [  892] - {Data Fields & Data Values Exist}
[INFO ][2016-01-05 18:07:09,581][com.java.SeleniumDriver] [  894] - --------------------------setting values-----------------------------
[INFO ][2016-01-05 18:07:09,581][com.java.SeleniumDriver] [  897] - Action Type : ExecuteTestCase
[INFO ][2016-01-05 18:07:09,581][com.java.TestType] [  437] - The Concept sheet name is ---------- Concept
[INFO ][2016-01-05 18:07:09,581][com.java.TestType] [  440] - The Concept ID  is ---------- 3
[DEBUG][2016-01-05 18:07:09,581][com.java.TestType] [  444] - Steps being executted in the Concept are: 1:2
[INFO ][2016-01-05 18:07:09,581][com.java.TestType] [  451] - Test data details path ---------- D:\BankersDashboard\TestInputs\TestData.xls
[INFO ][2016-01-05 18:07:09,614][com.java.TestType] [  482] -  str(1) = 3
[INFO ][2016-01-05 18:07:09,614][com.java.TestType] [  485] - Test case Id is---3
[INFO ][2016-01-05 18:07:09,614][com.java.TestType] [  487] - 3
[INFO ][2016-01-05 18:07:09,614][com.java.TestType] [  482] -  str(2) = 1
[INFO ][2016-01-05 18:07:09,616][com.java.TestType] [  482] -  str(1) = 3
[INFO ][2016-01-05 18:07:09,616][com.java.TestType] [  485] - Test case Id is---3
[INFO ][2016-01-05 18:07:09,616][com.java.TestType] [  487] - 3
[INFO ][2016-01-05 18:07:09,616][com.java.TestType] [  482] -  str(2) = 2
[INFO ][2016-01-05 18:07:09,617][com.java.TestType] [10614] - Looping 1TCID = 3
[DEBUG][2016-01-05 18:07:09,617][com.java.TestType] [10655] - Concept ID:3 :: Step being Executed: 3::1
[INFO ][2016-01-05 18:07:09,617][com.java.TestType] [10693] - dataFields : test
[DEBUG][2016-01-05 18:07:09,617][com.java.TestType] [10699] - <In Set values of the page>
[DEBUG][2016-01-05 18:07:09,617][com.java.TestType] [10704] - {Data Fields & Data Values Exist}
[INFO ][2016-01-05 18:07:09,617][com.java.TestType] [10710] - --------------------------setting values-----------------------------
[INFO ][2016-01-05 18:07:09,617][com.java.TestType] [10713] - Action Type : Logout
[INFO ][2016-01-05 18:07:12,441][com.java.TestType] [ 6084] - Field ::CNF
[INFO ][2016-01-05 18:07:12,441][com.java.TestType] [ 5705] - value = OK
[ERROR][2016-01-05 18:07:13,458][com.java.TestType] [ 6420] - Exception in click:: Unable to get browser (WARNING: The server did not provide any stacktrace information)
Command duration or timeout: 16 milliseconds
Build info: version: '2.48.2', revision: '41bccdd', time: '2015-10-09 19:59:12'
System info: host: 'FVTIII438F1D', ip: '172.17.68.34', os.name: 'Windows 7', os.arch: 'x86', os.version: '6.1', java.version: '1.7.0_55'
Session ID: 32030606-ffb4-4875-a5a8-c970df91bd5c
Driver info: org.openqa.selenium.ie.InternetExplorerDriver
Capabilities [{platform=WINDOWS, javascriptEnabled=true, elementScrollBehavior=0, ignoreZoomSetting=false, enablePersistentHover=true, ie.ensureCleanSession=false, browserName=internet explorer, enableElementCacheCleanup=true, unexpectedAlertBehaviour=dismiss, version=10, ie.usePerProcessProxy=false, ignoreProtectedModeSettings=true, cssSelectorsEnabled=true, requireWindowFocus=false, initialBrowserUrl=http://localhost:24594/, handlesAlerts=true, ie.forceCreateProcessApi=false, nativeEvents=true, browserAttachTimeout=0, ie.browserCommandLineSwitches=, takesScreenshot=true}]
[INFO ][2016-01-05 18:07:13,458][com.java.TestType] [ 6424] - Element :::: not found
[DEBUG][2016-01-05 18:07:14,640][com.java.SeleniumDriver] [  426] - Hub ip address is-------172.17.68.34
[INFO ][2016-01-05 18:07:14,640][com.java.SeleniumDriver] [  452] - Grid URL:http://172.17.68.34:4444/wd/hub
[INFO ][2016-01-05 18:07:14,640][com.java.SeleniumDriver] [  453] - Capability:Capabilities [{platform=ANY, ensureCleanSession=true, ignoreProtectedModeSettings=true, acceptSslCerts=true, ignoreZoomSetting=true, browserName=internet explorer, browserstack.ie.noFlash=true, version=null}]
[ERROR][2016-01-05 18:07:15,643][com.java.SeleniumDriver] [  498] - Unable invoke browser in grid:Could not start a new session. Possible causes are invalid address of the remote server or browser start-up failure.
Build info: version: '2.48.2', revision: '41bccdd', time: '2015-10-09 19:59:12'
System info: host: 'FVTIII438F1D', ip: '172.17.68.34', os.name: 'Windows 7', os.arch: 'x86', os.version: '6.1', java.version: '1.7.0_55'
Driver info: driver.version: SeleniumDriver
[INFO ][2016-01-05 18:07:15,644][com.java.SeleniumDriver] [  500] - Executing on local machine
[INFO ][2016-01-05 18:07:26,019][com.java.TestType] [10732] -  RESULT true
[INFO ][2016-01-05 18:07:26,019][com.java.TestType] [10849] - ?   P A S S   ?
[DEBUG][2016-01-05 18:07:26,019][com.java.TestType] [10655] - Concept ID:3 :: Step being Executed: 3::2
[INFO ][2016-01-05 18:07:26,019][com.java.TestType] [10693] - dataFields : test
[DEBUG][2016-01-05 18:07:26,019][com.java.TestType] [10699] - <In Set values of the page>
[DEBUG][2016-01-05 18:07:26,019][com.java.TestType] [10704] - {Data Fields & Data Values Exist}
[INFO ][2016-01-05 18:07:26,019][com.java.TestType] [10710] - --------------------------setting values-----------------------------
[INFO ][2016-01-05 18:07:26,020][com.java.TestType] [10713] - Action Type : WaitTime
[DEBUG][2016-01-05 18:07:26,020][com.java.TestType] [ 5525] - sleepTime: 2000
[INFO ][2016-01-05 18:07:28,020][com.java.TestType] [10732] -  RESULT true
[INFO ][2016-01-05 18:07:28,020][com.java.TestType] [10849] - ?   P A S S   ?
[INFO ][2016-01-05 18:07:28,020][com.java.TestType] [10920] - Looping End......
[INFO ][2016-01-05 18:07:28,023][com.java.SeleniumDriver] [  906] -  RESULT true
[INFO ][2016-01-05 18:07:28,023][com.java.SeleniumDriver] [ 1112] - ?   P A S S   ?
[INFO ][2016-01-05 18:07:28,023][com.java.SeleniumDriver] [  832] - ------------------------------------------
[INFO ][2016-01-05 18:07:28,024][com.java.SeleniumDriver] [  833] - Test case being Executed: 2
[INFO ][2016-01-05 18:07:28,024][com.java.SeleniumDriver] [  845] - Test step:59
[INFO ][2016-01-05 18:07:28,024][com.java.SeleniumDriver] [  857] - Datavalue is----------Concept#1:1-16
[INFO ][2016-01-05 18:07:28,024][com.java.SeleniumDriver] [  881] - DataField : test
[INFO ][2016-01-05 18:07:28,024][com.java.SeleniumDriver] [  883] - DataValue : Concept#1:1-16
[INFO ][2016-01-05 18:07:28,024][com.java.SeleniumDriver] [  889] - <In Set values of the page>
[INFO ][2016-01-05 18:07:28,024][com.java.SeleniumDriver] [  892] - {Data Fields & Data Values Exist}
[INFO ][2016-01-05 18:07:28,024][com.java.SeleniumDriver] [  894] - --------------------------setting values-----------------------------
[INFO ][2016-01-05 18:07:28,024][com.java.SeleniumDriver] [  897] - Action Type : ExecuteTestCase
[INFO ][2016-01-05 18:07:28,024][com.java.TestType] [  437] - The Concept sheet name is ---------- Concept
[INFO ][2016-01-05 18:07:28,024][com.java.TestType] [  440] - The Concept ID  is ---------- 1
[DEBUG][2016-01-05 18:07:28,024][com.java.TestType] [  444] - Steps being executted in the Concept are: 1:16
[INFO ][2016-01-05 18:07:28,024][com.java.TestType] [  451] - Test data details path ---------- D:\BankersDashboard\TestInputs\TestData.xls
[INFO ][2016-01-05 18:07:28,053][com.java.TestType] [  482] -  str(1) = 1
[INFO ][2016-01-05 18:07:28,053][com.java.TestType] [  485] - Test case Id is---1
[INFO ][2016-01-05 18:07:28,054][com.java.TestType] [  487] - 1
[INFO ][2016-01-05 18:07:28,054][com.java.TestType] [  482] -  str(2) = 1
[INFO ][2016-01-05 18:07:28,055][com.java.TestType] [  482] -  str(1) = 1
[INFO ][2016-01-05 18:07:28,055][com.java.TestType] [  485] - Test case Id is---1
[INFO ][2016-01-05 18:07:28,055][com.java.TestType] [  487] - 1
[INFO ][2016-01-05 18:07:28,055][com.java.TestType] [  482] -  str(2) = 2
[INFO ][2016-01-05 18:07:28,056][com.java.TestType] [  482] -  str(1) = 1
[INFO ][2016-01-05 18:07:28,056][com.java.TestType] [  485] - Test case Id is---1
[INFO ][2016-01-05 18:07:28,056][com.java.TestType] [  487] - 1
[INFO ][2016-01-05 18:07:28,056][com.java.TestType] [  482] -  str(2) = 3
[INFO ][2016-01-05 18:07:28,057][com.java.TestType] [  482] -  str(1) = 1
[INFO ][2016-01-05 18:07:28,057][com.java.TestType] [  485] - Test case Id is---1
[INFO ][2016-01-05 18:07:28,057][com.java.TestType] [  487] - 1
[INFO ][2016-01-05 18:07:28,057][com.java.TestType] [  482] -  str(2) = 4
[INFO ][2016-01-05 18:07:28,057][com.java.TestType] [  482] -  str(1) = 1
[INFO ][2016-01-05 18:07:28,057][com.java.TestType] [  485] - Test case Id is---1
[INFO ][2016-01-05 18:07:28,057][com.java.TestType] [  487] - 1
[INFO ][2016-01-05 18:07:28,058][com.java.TestType] [  482] -  str(2) = 5
[INFO ][2016-01-05 18:07:28,058][com.java.TestType] [  482] -  str(1) = 1
[INFO ][2016-01-05 18:07:28,058][com.java.TestType] [  485] - Test case Id is---1
[INFO ][2016-01-05 18:07:28,058][com.java.TestType] [  487] - 1
[INFO ][2016-01-05 18:07:28,058][com.java.TestType] [  482] -  str(2) = 6
[INFO ][2016-01-05 18:07:28,059][com.java.TestType] [  482] -  str(1) = 1
[INFO ][2016-01-05 18:07:28,059][com.java.TestType] [  485] - Test case Id is---1
[INFO ][2016-01-05 18:07:28,059][com.java.TestType] [  487] - 1
[INFO ][2016-01-05 18:07:28,059][com.java.TestType] [  482] -  str(2) = 7
[INFO ][2016-01-05 18:07:28,060][com.java.TestType] [  482] -  str(1) = 1
[INFO ][2016-01-05 18:07:28,060][com.java.TestType] [  485] - Test case Id is---1
[INFO ][2016-01-05 18:07:28,060][com.java.TestType] [  487] - 1
[INFO ][2016-01-05 18:07:28,060][com.java.TestType] [  482] -  str(2) = 8
[INFO ][2016-01-05 18:07:28,061][com.java.TestType] [  482] -  str(1) = 1
[INFO ][2016-01-05 18:07:28,061][com.java.TestType] [  485] - Test case Id is---1
[INFO ][2016-01-05 18:07:28,062][com.java.TestType] [  487] - 1
[INFO ][2016-01-05 18:07:28,062][com.java.TestType] [  482] -  str(2) = 9
[INFO ][2016-01-05 18:07:28,062][com.java.TestType] [  482] -  str(1) = 1
[INFO ][2016-01-05 18:07:28,062][com.java.TestType] [  485] - Test case Id is---1
[INFO ][2016-01-05 18:07:28,062][com.java.TestType] [  487] - 1
[INFO ][2016-01-05 18:07:28,062][com.java.TestType] [  482] -  str(2) = 10
[INFO ][2016-01-05 18:07:28,063][com.java.TestType] [  482] -  str(1) = 1
[INFO ][2016-01-05 18:07:28,063][com.java.TestType] [  485] - Test case Id is---1
[INFO ][2016-01-05 18:07:28,063][com.java.TestType] [  487] - 1
[INFO ][2016-01-05 18:07:28,063][com.java.TestType] [  482] -  str(2) = 11
[INFO ][2016-01-05 18:07:28,064][com.java.TestType] [  482] -  str(1) = 1
[INFO ][2016-01-05 18:07:28,064][com.java.TestType] [  485] - Test case Id is---1
[INFO ][2016-01-05 18:07:28,064][com.java.TestType] [  487] - 1
[INFO ][2016-01-05 18:07:28,064][com.java.TestType] [  482] -  str(2) = 12
[INFO ][2016-01-05 18:07:28,065][com.java.TestType] [  482] -  str(1) = 1
[INFO ][2016-01-05 18:07:28,065][com.java.TestType] [  485] - Test case Id is---1
[INFO ][2016-01-05 18:07:28,065][com.java.TestType] [  487] - 1
[INFO ][2016-01-05 18:07:28,065][com.java.TestType] [  482] -  str(2) = 13
[INFO ][2016-01-05 18:07:28,065][com.java.TestType] [  482] -  str(1) = 1
[INFO ][2016-01-05 18:07:28,065][com.java.TestType] [  485] - Test case Id is---1
[INFO ][2016-01-05 18:07:28,065][com.java.TestType] [  487] - 1
[INFO ][2016-01-05 18:07:28,066][com.java.TestType] [  482] -  str(2) = 14
[INFO ][2016-01-05 18:07:28,066][com.java.TestType] [  482] -  str(1) = 1
[INFO ][2016-01-05 18:07:28,066][com.java.TestType] [  485] - Test case Id is---1
[INFO ][2016-01-05 18:07:28,066][com.java.TestType] [  487] - 1
[INFO ][2016-01-05 18:07:28,066][com.java.TestType] [  482] -  str(2) = 15
[INFO ][2016-01-05 18:07:28,067][com.java.TestType] [  482] -  str(1) = 1
[INFO ][2016-01-05 18:07:28,067][com.java.TestType] [  485] - Test case Id is---1
[INFO ][2016-01-05 18:07:28,067][com.java.TestType] [  487] - 1
[INFO ][2016-01-05 18:07:28,067][com.java.TestType] [  482] -  str(2) = 16
[INFO ][2016-01-05 18:07:28,068][com.java.TestType] [10614] - Looping 1TCID = 1
[DEBUG][2016-01-05 18:07:28,068][com.java.TestType] [10655] - Concept ID:1 :: Step being Executed: 1::1
[INFO ][2016-01-05 18:07:28,068][com.java.TestType] [10693] - dataFields : TXTusername
[DEBUG][2016-01-05 18:07:28,068][com.java.TestType] [10699] - <In Set values of the page>
[DEBUG][2016-01-05 18:07:28,068][com.java.TestType] [10704] - {Data Fields & Data Values Exist}
[INFO ][2016-01-05 18:07:28,068][com.java.TestType] [10710] - --------------------------setting values-----------------------------
[INFO ][2016-01-05 18:07:28,068][com.java.TestType] [10713] - Action Type : CLEARANDENTER
[INFO ][2016-01-05 18:07:28,068][com.java.TestType] [ 5705] - value = valuelabs.ie10.00058
[INFO ][2016-01-05 18:07:32,783][com.java.TestType] [10732] -  RESULT true
[INFO ][2016-01-05 18:07:32,783][com.java.TestType] [10849] - ?   P A S S   ?
[DEBUG][2016-01-05 18:07:32,783][com.java.TestType] [10655] - Concept ID:1 :: Step being Executed: 1::2
[INFO ][2016-01-05 18:07:32,784][com.java.TestType] [10693] - dataFields : TXTpassword
[DEBUG][2016-01-05 18:07:32,784][com.java.TestType] [10699] - <In Set values of the page>
[DEBUG][2016-01-05 18:07:32,784][com.java.TestType] [10704] - {Data Fields & Data Values Exist}
[INFO ][2016-01-05 18:07:32,784][com.java.TestType] [10710] - --------------------------setting values-----------------------------
[INFO ][2016-01-05 18:07:32,784][com.java.TestType] [10713] - Action Type : CLEARANDENTER
[INFO ][2016-01-05 18:07:32,784][com.java.TestType] [ 5705] - value = Password1*
[INFO ][2016-01-05 18:07:37,619][com.java.TestType] [10732] -  RESULT true
[INFO ][2016-01-05 18:07:37,619][com.java.TestType] [10849] - ?   P A S S   ?
[DEBUG][2016-01-05 18:07:37,619][com.java.TestType] [10655] - Concept ID:1 :: Step being Executed: 1::3
[ERROR][2016-01-05 18:07:37,619][com.java.TestType] [10688] - Exception: null
[INFO ][2016-01-05 18:07:37,619][com.java.TestType] [10693] - dataFields : XPH//button[@type='submit']
[DEBUG][2016-01-05 18:07:37,619][com.java.TestType] [10699] - <In Set values of the page>
[DEBUG][2016-01-05 18:07:37,619][com.java.TestType] [10704] - {Data Fields & Data Values Exist}
[INFO ][2016-01-05 18:07:37,619][com.java.TestType] [10710] - --------------------------setting values-----------------------------
[INFO ][2016-01-05 18:07:37,620][com.java.TestType] [10713] - Action Type : Click
[INFO ][2016-01-05 18:07:37,620][com.java.TestType] [ 6084] - Field ::XPH//button[@type='submit']
[INFO ][2016-01-05 18:07:37,620][com.java.TestType] [ 5705] - value = 
[INFO ][2016-01-05 18:07:38,620][com.java.TestType] [ 6221] - BEFORE CLICK
[INFO ][2016-01-05 18:07:42,106][com.java.TestType] [ 6229] - Unable to click the object Login
[INFO ][2016-01-05 18:07:42,106][com.java.TestType] [10732] -  RESULT true
[INFO ][2016-01-05 18:07:42,106][com.java.TestType] [10849] - ?   P A S S   ?
[DEBUG][2016-01-05 18:07:42,106][com.java.TestType] [10655] - Concept ID:1 :: Step being Executed: 1::4
[INFO ][2016-01-05 18:07:42,106][com.java.TestType] [10693] - dataFields : LNKLogout
[DEBUG][2016-01-05 18:07:42,106][com.java.TestType] [10699] - <In Set values of the page>
[DEBUG][2016-01-05 18:07:42,106][com.java.TestType] [10704] - {Data Fields & Data Values Exist}
[INFO ][2016-01-05 18:07:42,106][com.java.TestType] [10710] - --------------------------setting values-----------------------------
[INFO ][2016-01-05 18:07:42,106][com.java.TestType] [10713] - Action Type : WaitForElement
[INFO ][2016-01-05 18:07:42,213][com.java.TestType] [10732] -  RESULT true
[INFO ][2016-01-05 18:07:42,213][com.java.TestType] [10849] - ?   P A S S   ?
[DEBUG][2016-01-05 18:07:42,213][com.java.TestType] [10655] - Concept ID:1 :: Step being Executed: 1::15
[INFO ][2016-01-05 18:07:42,213][com.java.TestType] [10693] - dataFields : LNK
[DEBUG][2016-01-05 18:07:42,213][com.java.TestType] [10699] - <In Set values of the page>
[DEBUG][2016-01-05 18:07:42,213][com.java.TestType] [10704] - {Data Fields & Data Values Exist}
[INFO ][2016-01-05 18:07:42,213][com.java.TestType] [10710] - --------------------------setting values-----------------------------
[INFO ][2016-01-05 18:07:42,214][com.java.TestType] [10713] - Action Type : Verify
[INFO ][2016-01-05 18:07:42,214][com.java.TestType] [ 7081] - field= LNK value= Logout
[INFO ][2016-01-05 18:07:42,214][com.java.TestType] [ 5705] - value = Logout
[INFO ][2016-01-05 18:07:42,249][com.java.TestType] [10732] -  RESULT true
[INFO ][2016-01-05 18:07:42,249][com.java.TestType] [10849] - ?   P A S S   ?
[DEBUG][2016-01-05 18:07:42,249][com.java.TestType] [10655] - Concept ID:1 :: Step being Executed: 1::16
[INFO ][2016-01-05 18:07:42,249][com.java.TestType] [10693] - dataFields : BTN
[DEBUG][2016-01-05 18:07:42,249][com.java.TestType] [10699] - <In Set values of the page>
[DEBUG][2016-01-05 18:07:42,249][com.java.TestType] [10704] - {Data Fields & Data Values Exist}
[INFO ][2016-01-05 18:07:42,249][com.java.TestType] [10710] - --------------------------setting values-----------------------------
[INFO ][2016-01-05 18:07:42,249][com.java.TestType] [10713] - Action Type : Verify
[INFO ][2016-01-05 18:07:42,250][com.java.TestType] [ 7081] - field= BTN value= //img[contains(@src,'bdlogo.jpg')]
[INFO ][2016-01-05 18:07:42,250][com.java.TestType] [ 5705] - value = //img[contains(@src,'bdlogo.jpg')]
[INFO ][2016-01-05 18:07:42,320][com.java.TestType] [10732] -  RESULT true
[INFO ][2016-01-05 18:07:42,320][com.java.TestType] [10849] - ?   P A S S   ?
[INFO ][2016-01-05 18:07:42,320][com.java.TestType] [10920] - Looping End......
[INFO ][2016-01-05 18:07:42,324][com.java.SeleniumDriver] [  906] -  RESULT true
[INFO ][2016-01-05 18:07:42,324][com.java.SeleniumDriver] [ 1112] - ?   P A S S   ?
[INFO ][2016-01-05 18:07:42,324][com.java.SeleniumDriver] [  832] - ------------------------------------------
[INFO ][2016-01-05 18:07:42,324][com.java.SeleniumDriver] [  833] - Test case being Executed: 2
[INFO ][2016-01-05 18:07:42,324][com.java.SeleniumDriver] [  845] - Test step:60
[INFO ][2016-01-05 18:07:42,324][com.java.SeleniumDriver] [  857] - Datavalue is----------null
[DEBUG][2016-01-05 18:07:42,324][com.java.SeleniumDriver] [  875] - Exception: null
[INFO ][2016-01-05 18:07:42,324][com.java.SeleniumDriver] [  881] - DataField : //span[@class='icon-user4']&&//a[text()='Users']&&//a[@data-id="ModifyUsers"]
[INFO ][2016-01-05 18:07:42,324][com.java.SeleniumDriver] [  883] - DataValue : 
[INFO ][2016-01-05 18:07:42,324][com.java.SeleniumDriver] [  889] - <In Set values of the page>
[INFO ][2016-01-05 18:07:42,325][com.java.SeleniumDriver] [  892] - {Data Fields & Data Values Exist}
[INFO ][2016-01-05 18:07:42,325][com.java.SeleniumDriver] [  894] - --------------------------setting values-----------------------------
[INFO ][2016-01-05 18:07:42,325][com.java.SeleniumDriver] [  897] - Action Type : MouseOver
[INFO ][2016-01-05 18:08:09,156][com.java.SeleniumDriver] [  906] -  RESULT true
[INFO ][2016-01-05 18:08:09,156][com.java.SeleniumDriver] [ 1112] - ?   P A S S   ?
[INFO ][2016-01-05 18:08:09,156][com.java.SeleniumDriver] [  832] - ------------------------------------------
[INFO ][2016-01-05 18:08:09,157][com.java.SeleniumDriver] [  833] - Test case being Executed: 2
[INFO ][2016-01-05 18:08:09,157][com.java.SeleniumDriver] [  845] - Test step:61
[INFO ][2016-01-05 18:08:09,158][com.java.SeleniumDriver] [  857] - Datavalue is----------2
[INFO ][2016-01-05 18:08:09,158][com.java.SeleniumDriver] [  881] - DataField : BTNframeDialogContent
[INFO ][2016-01-05 18:08:09,158][com.java.SeleniumDriver] [  883] - DataValue : 2
[INFO ][2016-01-05 18:08:09,158][com.java.SeleniumDriver] [  889] - <In Set values of the page>
[INFO ][2016-01-05 18:08:09,158][com.java.SeleniumDriver] [  892] - {Data Fields & Data Values Exist}
[INFO ][2016-01-05 18:08:09,158][com.java.SeleniumDriver] [  894] - --------------------------setting values-----------------------------
[INFO ][2016-01-05 18:08:09,158][com.java.SeleniumDriver] [  897] - Action Type : WaitForElement
[INFO ][2016-01-05 18:08:10,375][com.java.SeleniumDriver] [  906] -  RESULT true
[INFO ][2016-01-05 18:08:10,375][com.java.SeleniumDriver] [ 1112] - ?   P A S S   ?
[INFO ][2016-01-05 18:08:10,375][com.java.SeleniumDriver] [  832] - ------------------------------------------
[INFO ][2016-01-05 18:08:10,375][com.java.SeleniumDriver] [  833] - Test case being Executed: 2
[INFO ][2016-01-05 18:08:10,376][com.java.SeleniumDriver] [  845] - Test step:62
[INFO ][2016-01-05 18:08:10,376][com.java.SeleniumDriver] [  857] - Datavalue is----------null
[DEBUG][2016-01-05 18:08:10,376][com.java.SeleniumDriver] [  875] - Exception: null
[INFO ][2016-01-05 18:08:10,376][com.java.SeleniumDriver] [  881] - DataField : BTNframeDialogContent
[INFO ][2016-01-05 18:08:10,376][com.java.SeleniumDriver] [  883] - DataValue : 
[INFO ][2016-01-05 18:08:10,376][com.java.SeleniumDriver] [  889] - <In Set values of the page>
[INFO ][2016-01-05 18:08:10,376][com.java.SeleniumDriver] [  892] - {Data Fields & Data Values Exist}
[INFO ][2016-01-05 18:08:10,376][com.java.SeleniumDriver] [  894] - --------------------------setting values-----------------------------
[INFO ][2016-01-05 18:08:10,376][com.java.SeleniumDriver] [  897] - Action Type : SelectFrame
[INFO ][2016-01-05 18:08:11,630][com.java.SeleniumDriver] [  906] -  RESULT true
[INFO ][2016-01-05 18:08:11,630][com.java.SeleniumDriver] [ 1112] - ?   P A S S   ?
[INFO ][2016-01-05 18:08:11,630][com.java.SeleniumDriver] [  832] - ------------------------------------------
[INFO ][2016-01-05 18:08:11,630][com.java.SeleniumDriver] [  833] - Test case being Executed: 2
[INFO ][2016-01-05 18:08:11,630][com.java.SeleniumDriver] [  845] - Test step:63
[INFO ][2016-01-05 18:08:11,632][com.java.SeleniumDriver] [  857] - Datavalue is----------Login_username
[INFO ][2016-01-05 18:08:11,632][com.java.SeleniumDriver] [  881] - DataField : MNC//div[@id="divUserListing"]//td//a[@id='modifyUser.mytext']
[INFO ][2016-01-05 18:08:11,632][com.java.SeleniumDriver] [  883] - DataValue : Login_username
[INFO ][2016-01-05 18:08:11,632][com.java.SeleniumDriver] [  889] - <In Set values of the page>
[INFO ][2016-01-05 18:08:11,632][com.java.SeleniumDriver] [  892] - {Data Fields & Data Values Exist}
[INFO ][2016-01-05 18:08:11,632][com.java.SeleniumDriver] [  894] - --------------------------setting values-----------------------------
[INFO ][2016-01-05 18:08:11,632][com.java.SeleniumDriver] [  897] - Action Type : Click
[INFO ][2016-01-05 18:08:11,632][com.java.TestType] [ 6084] - Field ::MNC//div[@id="divUserListing"]//td//a[@id='modifyUser.mytext']
[INFO ][2016-01-05 18:08:11,632][com.java.TestType] [ 5705] - value = Login_username
[INFO ][2016-01-05 18:08:12,864][com.java.SeleniumDriver] [  906] -  RESULT true
[INFO ][2016-01-05 18:08:12,864][com.java.SeleniumDriver] [ 1112] - ?   P A S S   ?
[INFO ][2016-01-05 18:08:12,864][com.java.SeleniumDriver] [  832] - ------------------------------------------
[INFO ][2016-01-05 18:08:12,864][com.java.SeleniumDriver] [  833] - Test case being Executed: 2
[INFO ][2016-01-05 18:08:12,864][com.java.SeleniumDriver] [  845] - Test step:64
[INFO ][2016-01-05 18:08:12,864][com.java.SeleniumDriver] [  857] - Datavalue is----------2
[INFO ][2016-01-05 18:08:12,864][com.java.SeleniumDriver] [  881] - DataField : BTNtxtFirstName
[INFO ][2016-01-05 18:08:12,864][com.java.SeleniumDriver] [  883] - DataValue : 2
[INFO ][2016-01-05 18:08:12,864][com.java.SeleniumDriver] [  889] - <In Set values of the page>
[INFO ][2016-01-05 18:08:12,864][com.java.SeleniumDriver] [  892] - {Data Fields & Data Values Exist}
[INFO ][2016-01-05 18:08:12,865][com.java.SeleniumDriver] [  894] - --------------------------setting values-----------------------------
[INFO ][2016-01-05 18:08:12,865][com.java.SeleniumDriver] [  897] - Action Type : WaitForElement
[INFO ][2016-01-05 18:08:17,352][com.java.SeleniumDriver] [  906] -  RESULT true
[INFO ][2016-01-05 18:08:17,352][com.java.SeleniumDriver] [ 1112] - ?   P A S S   ?
[INFO ][2016-01-05 18:08:17,352][com.java.SeleniumDriver] [  832] - ------------------------------------------
[INFO ][2016-01-05 18:08:17,352][com.java.SeleniumDriver] [  833] - Test case being Executed: 2
[INFO ][2016-01-05 18:08:17,352][com.java.SeleniumDriver] [  845] - Test step:65
[INFO ][2016-01-05 18:08:17,352][com.java.SeleniumDriver] [  857] - Datavalue is----------dt:ResetNewPswd
[INFO ][2016-01-05 18:08:17,353][com.java.SeleniumDriver] [  881] - DataField : TXTtxtPassword
[INFO ][2016-01-05 18:08:17,353][com.java.SeleniumDriver] [  883] - DataValue : dt:ResetNewPswd
[INFO ][2016-01-05 18:08:17,353][com.java.SeleniumDriver] [  889] - <In Set values of the page>
[INFO ][2016-01-05 18:08:17,353][com.java.SeleniumDriver] [  892] - {Data Fields & Data Values Exist}
[INFO ][2016-01-05 18:08:17,353][com.java.SeleniumDriver] [  894] - --------------------------setting values-----------------------------
[INFO ][2016-01-05 18:08:17,353][com.java.SeleniumDriver] [  897] - Action Type : CLEARANDENTER
[INFO ][2016-01-05 18:08:17,353][com.java.TestType] [ 5705] - value = Password#1
[INFO ][2016-01-05 18:08:19,943][com.java.SeleniumDriver] [  906] -  RESULT true
[INFO ][2016-01-05 18:08:19,943][com.java.SeleniumDriver] [ 1112] - ?   P A S S   ?
[INFO ][2016-01-05 18:08:19,943][com.java.SeleniumDriver] [  832] - ------------------------------------------
[INFO ][2016-01-05 18:08:19,943][com.java.SeleniumDriver] [  833] - Test case being Executed: 2
[INFO ][2016-01-05 18:08:19,943][com.java.SeleniumDriver] [  845] - Test step:66
[INFO ][2016-01-05 18:08:19,943][com.java.SeleniumDriver] [  857] - Datavalue is----------5
[INFO ][2016-01-05 18:08:19,943][com.java.SeleniumDriver] [  881] - DataField : TXTtxtPasswordConfirm
[INFO ][2016-01-05 18:08:19,943][com.java.SeleniumDriver] [  883] - DataValue : 5
[INFO ][2016-01-05 18:08:19,943][com.java.SeleniumDriver] [  889] - <In Set values of the page>
[INFO ][2016-01-05 18:08:19,944][com.java.SeleniumDriver] [  892] - {Data Fields & Data Values Exist}
[INFO ][2016-01-05 18:08:19,944][com.java.SeleniumDriver] [  894] - --------------------------setting values-----------------------------
[INFO ][2016-01-05 18:08:19,944][com.java.SeleniumDriver] [  897] - Action Type : WaitForElement
[INFO ][2016-01-05 18:08:21,043][com.java.SeleniumDriver] [  906] -  RESULT true
[INFO ][2016-01-05 18:08:21,043][com.java.SeleniumDriver] [ 1112] - ?   P A S S   ?
[INFO ][2016-01-05 18:08:21,043][com.java.SeleniumDriver] [  832] - ------------------------------------------
[INFO ][2016-01-05 18:08:21,043][com.java.SeleniumDriver] [  833] - Test case being Executed: 2
[INFO ][2016-01-05 18:08:21,043][com.java.SeleniumDriver] [  845] - Test step:67
[INFO ][2016-01-05 18:08:21,043][com.java.SeleniumDriver] [  857] - Datavalue is----------dt:ResetNewPswd
[INFO ][2016-01-05 18:08:21,044][com.java.SeleniumDriver] [  881] - DataField : TXTtxtPasswordConfirm
[INFO ][2016-01-05 18:08:21,044][com.java.SeleniumDriver] [  883] - DataValue : dt:ResetNewPswd
[INFO ][2016-01-05 18:08:21,044][com.java.SeleniumDriver] [  889] - <In Set values of the page>
[INFO ][2016-01-05 18:08:21,044][com.java.SeleniumDriver] [  892] - {Data Fields & Data Values Exist}
[INFO ][2016-01-05 18:08:21,044][com.java.SeleniumDriver] [  894] - --------------------------setting values-----------------------------
[INFO ][2016-01-05 18:08:21,044][com.java.SeleniumDriver] [  897] - Action Type : CLEARANDENTER
[INFO ][2016-01-05 18:08:21,044][com.java.TestType] [ 5705] - value = Password#1
[INFO ][2016-01-05 18:08:23,625][com.java.SeleniumDriver] [  906] -  RESULT true
[INFO ][2016-01-05 18:08:23,625][com.java.SeleniumDriver] [ 1112] - ?   P A S S   ?
[INFO ][2016-01-05 18:08:23,625][com.java.SeleniumDriver] [  832] - ------------------------------------------
[INFO ][2016-01-05 18:08:23,625][com.java.SeleniumDriver] [  833] - Test case being Executed: 2
[INFO ][2016-01-05 18:08:23,625][com.java.SeleniumDriver] [  845] - Test step:68
[INFO ][2016-01-05 18:08:23,626][com.java.SeleniumDriver] [  857] - Datavalue is----------5
[INFO ][2016-01-05 18:08:23,626][com.java.SeleniumDriver] [  881] - DataField : test
[INFO ][2016-01-05 18:08:23,626][com.java.SeleniumDriver] [  883] - DataValue : 5
[INFO ][2016-01-05 18:08:23,626][com.java.SeleniumDriver] [  889] - <In Set values of the page>
[INFO ][2016-01-05 18:08:23,626][com.java.SeleniumDriver] [  892] - {Data Fields & Data Values Exist}
[INFO ][2016-01-05 18:08:23,626][com.java.SeleniumDriver] [  894] - --------------------------setting values-----------------------------
[INFO ][2016-01-05 18:08:23,626][com.java.SeleniumDriver] [  897] - Action Type : WaitTime
[DEBUG][2016-01-05 18:08:23,626][com.java.TestType] [ 5525] - sleepTime: 5000
[INFO ][2016-01-05 18:08:28,626][com.java.SeleniumDriver] [  906] -  RESULT true
[INFO ][2016-01-05 18:08:28,626][com.java.SeleniumDriver] [ 1112] - ?   P A S S   ?
[INFO ][2016-01-05 18:08:28,626][com.java.SeleniumDriver] [  832] - ------------------------------------------
[INFO ][2016-01-05 18:08:28,626][com.java.SeleniumDriver] [  833] - Test case being Executed: 2
[INFO ][2016-01-05 18:08:28,626][com.java.SeleniumDriver] [  845] - Test step:69
[INFO ][2016-01-05 18:08:28,626][com.java.SeleniumDriver] [  857] - Datavalue is----------null
[DEBUG][2016-01-05 18:08:28,626][com.java.SeleniumDriver] [  875] - Exception: null
[INFO ][2016-01-05 18:08:28,626][com.java.SeleniumDriver] [  881] - DataField : BTNrdoResendYes
[INFO ][2016-01-05 18:08:28,626][com.java.SeleniumDriver] [  883] - DataValue : 
[INFO ][2016-01-05 18:08:28,626][com.java.SeleniumDriver] [  889] - <In Set values of the page>
[INFO ][2016-01-05 18:08:28,626][com.java.SeleniumDriver] [  892] - {Data Fields & Data Values Exist}
[INFO ][2016-01-05 18:08:28,626][com.java.SeleniumDriver] [  894] - --------------------------setting values-----------------------------
[INFO ][2016-01-05 18:08:28,626][com.java.SeleniumDriver] [  897] - Action Type : Click
[INFO ][2016-01-05 18:08:28,627][com.java.TestType] [ 6084] - Field ::BTNrdoResendYes
[INFO ][2016-01-05 18:08:28,627][com.java.TestType] [ 5705] - value = 
[INFO ][2016-01-05 18:08:29,627][com.java.TestType] [ 6200] - BEFORE CLICK
[INFO ][2016-01-05 18:08:30,853][com.java.TestType] [ 6207] - Unable to click the object Yes Radio button
[INFO ][2016-01-05 18:08:30,853][com.java.SeleniumDriver] [  906] -  RESULT true
[INFO ][2016-01-05 18:08:30,853][com.java.SeleniumDriver] [ 1112] - ?   P A S S   ?
[INFO ][2016-01-05 18:08:30,853][com.java.SeleniumDriver] [  832] - ------------------------------------------
[INFO ][2016-01-05 18:08:30,853][com.java.SeleniumDriver] [  833] - Test case being Executed: 2
[INFO ][2016-01-05 18:08:30,853][com.java.SeleniumDriver] [  845] - Test step:70
[INFO ][2016-01-05 18:08:30,853][com.java.SeleniumDriver] [  857] - Datavalue is----------null
[DEBUG][2016-01-05 18:08:30,854][com.java.SeleniumDriver] [  875] - Exception: null
[INFO ][2016-01-05 18:08:30,854][com.java.SeleniumDriver] [  881] - DataField : BTNparent
[INFO ][2016-01-05 18:08:30,854][com.java.SeleniumDriver] [  883] - DataValue : 
[INFO ][2016-01-05 18:08:30,854][com.java.SeleniumDriver] [  889] - <In Set values of the page>
[INFO ][2016-01-05 18:08:30,854][com.java.SeleniumDriver] [  892] - {Data Fields & Data Values Exist}
[INFO ][2016-01-05 18:08:30,854][com.java.SeleniumDriver] [  894] - --------------------------setting values-----------------------------
[INFO ][2016-01-05 18:08:30,854][com.java.SeleniumDriver] [  897] - Action Type : SelectFrame
[INFO ][2016-01-05 18:08:30,870][com.java.SeleniumDriver] [  906] -  RESULT true
[INFO ][2016-01-05 18:08:30,870][com.java.SeleniumDriver] [ 1112] - ?   P A S S   ?
[INFO ][2016-01-05 18:08:30,870][com.java.SeleniumDriver] [  832] - ------------------------------------------
[INFO ][2016-01-05 18:08:30,870][com.java.SeleniumDriver] [  833] - Test case being Executed: 2
[INFO ][2016-01-05 18:08:30,870][com.java.SeleniumDriver] [  845] - Test step:71
[INFO ][2016-01-05 18:08:30,870][com.java.SeleniumDriver] [  857] - Datavalue is----------null
[DEBUG][2016-01-05 18:08:30,870][com.java.SeleniumDriver] [  875] - Exception: null
[INFO ][2016-01-05 18:08:30,870][com.java.SeleniumDriver] [  881] - DataField : XPH//span[contains(text(), 'Finished')]
[INFO ][2016-01-05 18:08:30,870][com.java.SeleniumDriver] [  883] - DataValue : 
[INFO ][2016-01-05 18:08:30,871][com.java.SeleniumDriver] [  889] - <In Set values of the page>
[INFO ][2016-01-05 18:08:30,871][com.java.SeleniumDriver] [  892] - {Data Fields & Data Values Exist}
[INFO ][2016-01-05 18:08:30,871][com.java.SeleniumDriver] [  894] - --------------------------setting values-----------------------------
[INFO ][2016-01-05 18:08:30,871][com.java.SeleniumDriver] [  897] - Action Type : Click
[INFO ][2016-01-05 18:08:30,871][com.java.TestType] [ 6084] - Field ::XPH//span[contains(text(), 'Finished')]
[INFO ][2016-01-05 18:08:30,871][com.java.TestType] [ 5705] - value = 
[INFO ][2016-01-05 18:08:31,871][com.java.TestType] [ 6221] - BEFORE CLICK
[INFO ][2016-01-05 18:08:32,875][com.java.TestType] [ 6229] - Unable to click the object Finished button
[INFO ][2016-01-05 18:08:32,875][com.java.SeleniumDriver] [  906] -  RESULT true
[INFO ][2016-01-05 18:08:32,875][com.java.SeleniumDriver] [ 1112] - ?   P A S S   ?
[INFO ][2016-01-05 18:08:32,875][com.java.SeleniumDriver] [  832] - ------------------------------------------
[INFO ][2016-01-05 18:08:32,875][com.java.SeleniumDriver] [  833] - Test case being Executed: 2
[INFO ][2016-01-05 18:08:32,875][com.java.SeleniumDriver] [  845] - Test step:72
[INFO ][2016-01-05 18:08:32,875][com.java.SeleniumDriver] [  857] - Datavalue is----------10
[INFO ][2016-01-05 18:08:32,875][com.java.SeleniumDriver] [  881] - DataField : test
[INFO ][2016-01-05 18:08:32,875][com.java.SeleniumDriver] [  883] - DataValue : 10
[INFO ][2016-01-05 18:08:32,875][com.java.SeleniumDriver] [  889] - <In Set values of the page>
[INFO ][2016-01-05 18:08:32,875][com.java.SeleniumDriver] [  892] - {Data Fields & Data Values Exist}
[INFO ][2016-01-05 18:08:32,875][com.java.SeleniumDriver] [  894] - --------------------------setting values-----------------------------
[INFO ][2016-01-05 18:08:32,875][com.java.SeleniumDriver] [  897] - Action Type : WaitTime
[DEBUG][2016-01-05 18:08:32,876][com.java.TestType] [ 5525] - sleepTime: 10000
[INFO ][2016-01-05 18:08:42,876][com.java.SeleniumDriver] [  906] -  RESULT true
[INFO ][2016-01-05 18:08:42,876][com.java.SeleniumDriver] [ 1112] - ?   P A S S   ?
[INFO ][2016-01-05 18:08:42,877][com.java.SeleniumDriver] [  832] - ------------------------------------------
[INFO ][2016-01-05 18:08:42,877][com.java.SeleniumDriver] [  833] - Test case being Executed: 2
[INFO ][2016-01-05 18:08:42,877][com.java.SeleniumDriver] [  845] - Test step:73
[INFO ][2016-01-05 18:08:42,878][com.java.SeleniumDriver] [  857] - Datavalue is----------5
[INFO ][2016-01-05 18:08:42,878][com.java.SeleniumDriver] [  881] - DataField : XPH//span[contains(text(), 'Finished')]
[INFO ][2016-01-05 18:08:42,878][com.java.SeleniumDriver] [  883] - DataValue : 5
[INFO ][2016-01-05 18:08:42,878][com.java.SeleniumDriver] [  889] - <In Set values of the page>
[INFO ][2016-01-05 18:08:42,878][com.java.SeleniumDriver] [  892] - {Data Fields & Data Values Exist}
[INFO ][2016-01-05 18:08:42,878][com.java.SeleniumDriver] [  894] - --------------------------setting values-----------------------------
[INFO ][2016-01-05 18:08:42,878][com.java.SeleniumDriver] [  897] - Action Type : WaitForElement
[INFO ][2016-01-05 18:08:42,915][com.java.SeleniumDriver] [  906] -  RESULT true
[INFO ][2016-01-05 18:08:42,915][com.java.SeleniumDriver] [ 1112] - ?   P A S S   ?
[INFO ][2016-01-05 18:08:42,915][com.java.SeleniumDriver] [  832] - ------------------------------------------
[INFO ][2016-01-05 18:08:42,915][com.java.SeleniumDriver] [  833] - Test case being Executed: 2
[INFO ][2016-01-05 18:08:42,915][com.java.SeleniumDriver] [  845] - Test step:74
[INFO ][2016-01-05 18:08:42,916][com.java.SeleniumDriver] [  857] - Datavalue is----------null
[DEBUG][2016-01-05 18:08:42,916][com.java.SeleniumDriver] [  875] - Exception: null
[INFO ][2016-01-05 18:08:42,916][com.java.SeleniumDriver] [  881] - DataField : XPH//span[contains(text(), 'Finished')]
[INFO ][2016-01-05 18:08:42,916][com.java.SeleniumDriver] [  883] - DataValue : 
[INFO ][2016-01-05 18:08:42,916][com.java.SeleniumDriver] [  889] - <In Set values of the page>
[INFO ][2016-01-05 18:08:42,916][com.java.SeleniumDriver] [  892] - {Data Fields & Data Values Exist}
[INFO ][2016-01-05 18:08:42,916][com.java.SeleniumDriver] [  894] - --------------------------setting values-----------------------------
[INFO ][2016-01-05 18:08:42,917][com.java.SeleniumDriver] [  897] - Action Type : Click
[INFO ][2016-01-05 18:08:42,917][com.java.TestType] [ 6084] - Field ::XPH//span[contains(text(), 'Finished')]
[INFO ][2016-01-05 18:08:42,917][com.java.TestType] [ 5705] - value = 
[INFO ][2016-01-05 18:08:43,917][com.java.TestType] [ 6221] - BEFORE CLICK
[INFO ][2016-01-05 18:08:44,819][com.java.TestType] [ 6229] - Unable to click the object Finished button
[INFO ][2016-01-05 18:08:44,819][com.java.SeleniumDriver] [  906] -  RESULT true
[INFO ][2016-01-05 18:08:44,819][com.java.SeleniumDriver] [ 1112] - ?   P A S S   ?
[INFO ][2016-01-05 18:08:44,819][com.java.SeleniumDriver] [  832] - ------------------------------------------
[INFO ][2016-01-05 18:08:44,819][com.java.SeleniumDriver] [  833] - Test case being Executed: 2
[INFO ][2016-01-05 18:08:44,819][com.java.SeleniumDriver] [  845] - Test step:75
[INFO ][2016-01-05 18:08:44,819][com.java.SeleniumDriver] [  857] - Datavalue is----------10
[INFO ][2016-01-05 18:08:44,819][com.java.SeleniumDriver] [  881] - DataField : XPH//div[contains(text(), 'My Dashboard')]
[INFO ][2016-01-05 18:08:44,819][com.java.SeleniumDriver] [  883] - DataValue : 10
[INFO ][2016-01-05 18:08:44,819][com.java.SeleniumDriver] [  889] - <In Set values of the page>
[INFO ][2016-01-05 18:08:44,819][com.java.SeleniumDriver] [  892] - {Data Fields & Data Values Exist}
[INFO ][2016-01-05 18:08:44,819][com.java.SeleniumDriver] [  894] - --------------------------setting values-----------------------------
[INFO ][2016-01-05 18:08:44,819][com.java.SeleniumDriver] [  897] - Action Type : WAITFORELEMENT
[INFO ][2016-01-05 18:08:44,856][com.java.SeleniumDriver] [  906] -  RESULT true
[INFO ][2016-01-05 18:08:44,856][com.java.SeleniumDriver] [ 1112] - ?   P A S S   ?
[INFO ][2016-01-05 18:08:44,856][com.java.SeleniumDriver] [  832] - ------------------------------------------
[INFO ][2016-01-05 18:08:44,856][com.java.SeleniumDriver] [  833] - Test case being Executed: 2
[INFO ][2016-01-05 18:08:44,856][com.java.SeleniumDriver] [  845] - Test step:76
[INFO ][2016-01-05 18:08:44,856][com.java.SeleniumDriver] [  857] - Datavalue is----------Concept#3:1-2
[INFO ][2016-01-05 18:08:44,857][com.java.SeleniumDriver] [  881] - DataField : test
[INFO ][2016-01-05 18:08:44,857][com.java.SeleniumDriver] [  883] - DataValue : Concept#3:1-2
[INFO ][2016-01-05 18:08:44,857][com.java.SeleniumDriver] [  889] - <In Set values of the page>
[INFO ][2016-01-05 18:08:44,857][com.java.SeleniumDriver] [  892] - {Data Fields & Data Values Exist}
[INFO ][2016-01-05 18:08:44,857][com.java.SeleniumDriver] [  894] - --------------------------setting values-----------------------------
[INFO ][2016-01-05 18:08:44,857][com.java.SeleniumDriver] [  897] - Action Type : ExecuteTestCase
[INFO ][2016-01-05 18:08:44,857][com.java.TestType] [  437] - The Concept sheet name is ---------- Concept
[INFO ][2016-01-05 18:08:44,857][com.java.TestType] [  440] - The Concept ID  is ---------- 3
[DEBUG][2016-01-05 18:08:44,857][com.java.TestType] [  444] - Steps being executted in the Concept are: 1:2
[INFO ][2016-01-05 18:08:44,857][com.java.TestType] [  451] - Test data details path ---------- D:\BankersDashboard\TestInputs\TestData.xls
[INFO ][2016-01-05 18:08:44,884][com.java.TestType] [  482] -  str(1) = 3
[INFO ][2016-01-05 18:08:44,885][com.java.TestType] [  485] - Test case Id is---3
[INFO ][2016-01-05 18:08:44,885][com.java.TestType] [  487] - 3
[INFO ][2016-01-05 18:08:44,885][com.java.TestType] [  482] -  str(2) = 1
[INFO ][2016-01-05 18:08:44,886][com.java.TestType] [  482] -  str(1) = 3
[INFO ][2016-01-05 18:08:44,886][com.java.TestType] [  485] - Test case Id is---3
[INFO ][2016-01-05 18:08:44,886][com.java.TestType] [  487] - 3
[INFO ][2016-01-05 18:08:44,887][com.java.TestType] [  482] -  str(2) = 2
[INFO ][2016-01-05 18:08:44,887][com.java.TestType] [10614] - Looping 1TCID = 3
[DEBUG][2016-01-05 18:08:44,887][com.java.TestType] [10655] - Concept ID:3 :: Step being Executed: 3::1
[INFO ][2016-01-05 18:08:44,887][com.java.TestType] [10693] - dataFields : test
[DEBUG][2016-01-05 18:08:44,887][com.java.TestType] [10699] - <In Set values of the page>
[DEBUG][2016-01-05 18:08:44,887][com.java.TestType] [10704] - {Data Fields & Data Values Exist}
[INFO ][2016-01-05 18:08:44,888][com.java.TestType] [10710] - --------------------------setting values-----------------------------
[INFO ][2016-01-05 18:08:44,888][com.java.TestType] [10713] - Action Type : Logout
[INFO ][2016-01-05 18:08:47,079][com.java.TestType] [ 6084] - Field ::CNF
[INFO ][2016-01-05 18:08:47,079][com.java.TestType] [ 5705] - value = OK
[INFO ][2016-01-05 18:08:49,392][com.java.TestType] [ 6217] - Click the object confirmation
[INFO ][2016-01-05 18:08:49,392][com.java.TestType] [ 6218] - Unable to click the object confirmation
[DEBUG][2016-01-05 18:08:51,018][com.java.SeleniumDriver] [  426] - Hub ip address is-------172.17.68.34
[INFO ][2016-01-05 18:08:51,019][com.java.SeleniumDriver] [  452] - Grid URL:http://172.17.68.34:4444/wd/hub
[INFO ][2016-01-05 18:08:51,019][com.java.SeleniumDriver] [  453] - Capability:Capabilities [{platform=ANY, ensureCleanSession=true, ignoreProtectedModeSettings=true, acceptSslCerts=true, ignoreZoomSetting=true, browserName=internet explorer, browserstack.ie.noFlash=true, version=null}]
[ERROR][2016-01-05 18:08:52,021][com.java.SeleniumDriver] [  498] - Unable invoke browser in grid:Could not start a new session. Possible causes are invalid address of the remote server or browser start-up failure.
Build info: version: '2.48.2', revision: '41bccdd', time: '2015-10-09 19:59:12'
System info: host: 'FVTIII438F1D', ip: '172.17.68.34', os.name: 'Windows 7', os.arch: 'x86', os.version: '6.1', java.version: '1.7.0_55'
Driver info: driver.version: SeleniumDriver
[INFO ][2016-01-05 18:08:52,022][com.java.SeleniumDriver] [  500] - Executing on local machine
[ERROR][2016-01-05 18:26:43,492][com.java.SeleniumDriver] [  539] - Unable to invoke the browser:IE10
[ERROR][2016-01-05 18:26:43,492][com.java.SeleniumDriver] [  540] - Error:Could not start a new session. Possible causes are invalid address of the remote server or browser start-up failure.
Build info: version: '2.48.2', revision: '41bccdd', time: '2015-10-09 19:59:12'
System info: host: 'FVTIII438F1D', ip: '172.17.68.34', os.name: 'Windows 7', os.arch: 'x86', os.version: '6.1', java.version: '1.7.0_55'
Driver info: driver.version: SeleniumDriver
[INFO ][2016-01-05 18:26:43,492][com.java.SeleniumDriver] [  567] - Total Number of Cases:5
[INFO ][2016-01-05 18:26:43,492][com.java.SeleniumDriver] [  568] - Executed:2
[INFO ][2016-01-05 18:26:43,492][com.java.SeleniumDriver] [  569] - Passed:2
[INFO ][2016-01-05 18:26:43,492][com.java.SeleniumDriver] [  570] - Failed:0
[INFO ][2016-01-05 18:26:43,492][com.java.SeleniumDriver] [  571] - Skipeed:3
[INFO ][2016-01-05 18:26:43,492][com.java.SeleniumDriver] [  572] - Application URL:https://clients-xuat.bankersdashboard.com
[INFO ][2016-01-05 18:26:43,492][com.java.SeleniumDriver] [  573] - Start Time:010516_180114
[WARN ][2016-01-05 18:26:43,502][com.java.SeleniumDriver] [  602] - WARNNING:: Final results mismatched for skipped count
[INFO ][2016-01-05 18:26:43,502][com.java.SeleniumDriver] [  603] - WARNNING:: Actual data totalTestCases:5 finalReportCounter: Total:2 :: skipped: 0
[INFO ][2016-01-05 18:26:43,502][com.java.SeleniumDriver] [  606] - TotalTestCases:5
[INFO ][2016-01-05 18:26:43,502][com.java.SeleniumDriver] [  607] - finalReportCounter:Total:2 :: PASS: 2 ::FAIL: 0
[INFO ][2016-01-05 18:26:43,502][com.java.TemplateGenerator] [  302] - Executed:2
[INFO ][2016-01-05 18:26:43,502][com.java.TemplateGenerator] [  303] - Passed:2
[INFO ][2016-01-05 18:26:43,502][com.java.TemplateGenerator] [  304] - Failed:0
[INFO ][2016-01-05 18:26:43,502][com.java.TemplateGenerator] [  305] - Skipeed:3
[INFO ][2016-01-05 18:26:43,502][com.java.TemplateGenerator] [  306] - Application URL:https://clients-xuat.bankersdashboard.com
[INFO ][2016-01-05 18:26:43,502][com.java.TemplateGenerator] [  307] - Start Time:010516_180114
[INFO ][2016-01-05 18:26:43,502][com.java.TemplateGenerator] [  308] -  Creating HTML Report 
[ERROR][2016-01-05 18:26:43,502][com.java.TemplateGenerator] [  409] - Unparseable date: "Tue Jan 05 06:01:14 IST 2016"
[INFO ][2016-01-05 18:26:43,502][com.java.TemplateGenerator] [  654] -  Exporting case :: 1
[INFO ][2016-01-05 18:26:43,502][com.java.TemplateGenerator] [  654] -  Exporting case :: 2
[ERROR][2016-01-05 18:26:43,502][com.java.SeleniumDriver] [  663] - Stopping the theread, Unable to invoke browser: IE10Error:Could not start a new session. Possible causes are invalid address of the remote server or browser start-up failure.
Build info: version: '2.48.2', revision: '41bccdd', time: '2015-10-09 19:59:12'
System info: host: 'FVTIII438F1D', ip: '172.17.68.34', os.name: 'Windows 7', os.arch: 'x86', os.version: '6.1', java.version: '1.7.0_55'
Driver info: driver.version: SeleniumDriver
