[INFO ][2016-01-27 14:13:38,194][com.java.SeleniumDriver] [  213] - Execute Failed Casesfalse
[INFO ][2016-01-27 14:13:38,194][com.java.SeleniumDriver] [  214] - Browser: IE10
[INFO ][2016-01-27 14:13:38,194][com.java.SeleniumDriver] [  215] - [1, 8]
[INFO ][2016-01-27 14:13:38,194][com.java.SeleniumDriver] [  216] - Total TestCases:2
[INFO ][2016-01-27 14:13:38,194][com.java.SeleniumDriver] [  217] -  Reading Properties from Property File 
[DEBUG][2016-01-27 14:13:38,194][com.java.SeleniumDriver] [  238] - url : https://clients-xuat.bankersdashboard.com
[INFO ][2016-01-27 14:13:38,214][com.java.ImportnExport.ExportTestResultsExcel] [  116] - Time Stamp Wed Jan 27 02:13:38 IST 2016
[INFO ][2016-01-27 14:13:38,214][com.java.ImportnExport.ExportTestResultsExcel] [  175] - OUT FILE : D:\BankersDashboard/TestReports/Test Results_BankersDashBoard_012716_141338_IE10_Any Bank USA.xls
[INFO ][2016-01-27 14:13:38,275][com.java.ImportnExport.ExportTestResultsExcel] [  180] - Test Result file is created
[DEBUG][2016-01-27 14:13:38,455][com.java.SeleniumDriver] [  426] - Hub ip address is-------172.17.68.34
[INFO ][2016-01-27 14:13:38,455][com.java.SeleniumDriver] [  452] - Grid URL:http://172.17.68.34:4444/wd/hub
[INFO ][2016-01-27 14:13:38,455][com.java.SeleniumDriver] [  453] - Capability:Capabilities [{platform=ANY, ensureCleanSession=true, ignoreProtectedModeSettings=true, acceptSslCerts=true, ignoreZoomSetting=true, browserName=internet explorer, browserstack.ie.noFlash=true, version=null}]
[ERROR][2016-01-27 14:13:40,635][com.java.SeleniumDriver] [  498] - Unable invoke browser in grid:Could not start a new session. Possible causes are invalid address of the remote server or browser start-up failure.
Build info: version: '2.48.2', revision: '41bccdd', time: '2015-10-09 19:59:12'
System info: host: 'FVTIII438F1D', ip: '172.17.68.34', os.name: 'Windows 7', os.arch: 'x86', os.version: '6.1', java.version: '1.7.0_55'
Driver info: driver.version: SeleniumDriver
[INFO ][2016-01-27 14:13:40,635][com.java.SeleniumDriver] [  500] - Executing on local machine
[INFO ][2016-01-27 14:13:51,739][com.java.SeleniumDriver] [  248] - IE10is opened
[INFO ][2016-01-27 14:13:52,569][com.java.SeleniumDriver] [  756] - Test cases to be executed are: [1, 8]
[INFO ][2016-01-27 14:13:52,590][com.java.ImportnExport.ImportTestDataDetailsExcel] [   49] - test data details path===== D:\BankersDashboard\TestInputs\TestData.xls
[INFO ][2016-01-27 14:13:52,660][com.java.SeleniumDriver] [  856] - ------------------------------------------
[INFO ][2016-01-27 14:13:52,660][com.java.SeleniumDriver] [  857] - Test case being Executed: 1
[INFO ][2016-01-27 14:13:52,660][com.java.SeleniumDriver] [  869] - Test step:1
[INFO ][2016-01-27 14:13:52,660][com.java.SeleniumDriver] [  881] - Datavalue is----------Concept#1:1-14
[INFO ][2016-01-27 14:13:52,660][com.java.SeleniumDriver] [  905] - DataField : test
[INFO ][2016-01-27 14:13:52,660][com.java.SeleniumDriver] [  907] - DataValue : Concept#1:1-14
[INFO ][2016-01-27 14:13:52,660][com.java.SeleniumDriver] [  913] - <In Set values of the page>
[INFO ][2016-01-27 14:13:52,660][com.java.SeleniumDriver] [  916] - {Data Fields & Data Values Exist}
[INFO ][2016-01-27 14:13:52,660][com.java.SeleniumDriver] [  918] - --------------------------setting values-----------------------------
[INFO ][2016-01-27 14:13:52,660][com.java.SeleniumDriver] [  921] - Action Type : ExecuteTestCase
[INFO ][2016-01-27 14:13:52,860][com.java.TestType] [  442] - The Concept sheet name is ---------- Concept
[INFO ][2016-01-27 14:13:52,860][com.java.TestType] [  445] - The Concept ID  is ---------- 1
[DEBUG][2016-01-27 14:13:52,860][com.java.TestType] [  449] - Steps being executted in the Concept are: 1:14
[INFO ][2016-01-27 14:13:52,860][com.java.TestType] [  456] - Test data details path ---------- D:\BankersDashboard\TestInputs\TestData.xls
[INFO ][2016-01-27 14:13:52,870][com.java.TestType] [  487] -  str(1) = 1
[INFO ][2016-01-27 14:13:52,870][com.java.TestType] [  490] - Test case Id is---1
[INFO ][2016-01-27 14:13:52,870][com.java.TestType] [  492] - 1
[INFO ][2016-01-27 14:13:52,870][com.java.TestType] [  487] -  str(2) = 1
[INFO ][2016-01-27 14:13:52,870][com.java.TestType] [  487] -  str(1) = 1
[INFO ][2016-01-27 14:13:52,870][com.java.TestType] [  490] - Test case Id is---1
[INFO ][2016-01-27 14:13:52,870][com.java.TestType] [  492] - 1
[INFO ][2016-01-27 14:13:52,870][com.java.TestType] [  487] -  str(2) = 2
[INFO ][2016-01-27 14:13:52,870][com.java.TestType] [  487] -  str(1) = 1
[INFO ][2016-01-27 14:13:52,870][com.java.TestType] [  490] - Test case Id is---1
[INFO ][2016-01-27 14:13:52,870][com.java.TestType] [  492] - 1
[INFO ][2016-01-27 14:13:52,870][com.java.TestType] [  487] -  str(2) = 3
[INFO ][2016-01-27 14:13:52,870][com.java.TestType] [  487] -  str(1) = 1
[INFO ][2016-01-27 14:13:52,870][com.java.TestType] [  490] - Test case Id is---1
[INFO ][2016-01-27 14:13:52,870][com.java.TestType] [  492] - 1
[INFO ][2016-01-27 14:13:52,870][com.java.TestType] [  487] -  str(2) = 4
[INFO ][2016-01-27 14:13:52,880][com.java.TestType] [  487] -  str(1) = 1
[INFO ][2016-01-27 14:13:52,880][com.java.TestType] [  490] - Test case Id is---1
[INFO ][2016-01-27 14:13:52,880][com.java.TestType] [  492] - 1
[INFO ][2016-01-27 14:13:52,880][com.java.TestType] [  487] -  str(2) = 5
[INFO ][2016-01-27 14:13:52,880][com.java.TestType] [  487] -  str(1) = 1
[INFO ][2016-01-27 14:13:52,880][com.java.TestType] [  490] - Test case Id is---1
[INFO ][2016-01-27 14:13:52,880][com.java.TestType] [  492] - 1
[INFO ][2016-01-27 14:13:52,880][com.java.TestType] [  487] -  str(2) = 6
[INFO ][2016-01-27 14:13:52,880][com.java.TestType] [  487] -  str(1) = 1
[INFO ][2016-01-27 14:13:52,880][com.java.TestType] [  490] - Test case Id is---1
[INFO ][2016-01-27 14:13:52,880][com.java.TestType] [  492] - 1
[INFO ][2016-01-27 14:13:52,880][com.java.TestType] [  487] -  str(2) = 7
[INFO ][2016-01-27 14:13:52,880][com.java.TestType] [  487] -  str(1) = 1
[INFO ][2016-01-27 14:13:52,880][com.java.TestType] [  490] - Test case Id is---1
[INFO ][2016-01-27 14:13:52,880][com.java.TestType] [  492] - 1
[INFO ][2016-01-27 14:13:52,880][com.java.TestType] [  487] -  str(2) = 8
[INFO ][2016-01-27 14:13:52,880][com.java.TestType] [  487] -  str(1) = 1
[INFO ][2016-01-27 14:13:52,880][com.java.TestType] [  490] - Test case Id is---1
[INFO ][2016-01-27 14:13:52,880][com.java.TestType] [  492] - 1
[INFO ][2016-01-27 14:13:52,880][com.java.TestType] [  487] -  str(2) = 9
[INFO ][2016-01-27 14:13:52,880][com.java.TestType] [  487] -  str(1) = 1
[INFO ][2016-01-27 14:13:52,880][com.java.TestType] [  490] - Test case Id is---1
[INFO ][2016-01-27 14:13:52,880][com.java.TestType] [  492] - 1
[INFO ][2016-01-27 14:13:52,880][com.java.TestType] [  487] -  str(2) = 10
[INFO ][2016-01-27 14:13:52,880][com.java.TestType] [  487] -  str(1) = 1
[INFO ][2016-01-27 14:13:52,880][com.java.TestType] [  490] - Test case Id is---1
[INFO ][2016-01-27 14:13:52,880][com.java.TestType] [  492] - 1
[INFO ][2016-01-27 14:13:52,880][com.java.TestType] [  487] -  str(2) = 11
[INFO ][2016-01-27 14:13:52,880][com.java.TestType] [  487] -  str(1) = 1
[INFO ][2016-01-27 14:13:52,880][com.java.TestType] [  490] - Test case Id is---1
[INFO ][2016-01-27 14:13:52,880][com.java.TestType] [  492] - 1
[INFO ][2016-01-27 14:13:52,880][com.java.TestType] [  487] -  str(2) = 12
[INFO ][2016-01-27 14:13:52,880][com.java.TestType] [  487] -  str(1) = 1
[INFO ][2016-01-27 14:13:52,880][com.java.TestType] [  490] - Test case Id is---1
[INFO ][2016-01-27 14:13:52,880][com.java.TestType] [  492] - 1
[INFO ][2016-01-27 14:13:52,880][com.java.TestType] [  487] -  str(2) = 13
[INFO ][2016-01-27 14:13:52,880][com.java.TestType] [  487] -  str(1) = 1
[INFO ][2016-01-27 14:13:52,880][com.java.TestType] [  490] - Test case Id is---1
[INFO ][2016-01-27 14:13:52,880][com.java.TestType] [  492] - 1
[INFO ][2016-01-27 14:13:52,880][com.java.TestType] [  487] -  str(2) = 14
[INFO ][2016-01-27 14:13:52,880][com.java.TestType] [  487] -  str(1) = 1
[INFO ][2016-01-27 14:13:52,880][com.java.TestType] [  490] - Test case Id is---1
[INFO ][2016-01-27 14:13:52,880][com.java.TestType] [  492] - 1
[INFO ][2016-01-27 14:13:52,880][com.java.TestType] [  487] -  str(2) = 15
[INFO ][2016-01-27 14:13:52,880][com.java.TestType] [  487] -  str(1) = 1
[INFO ][2016-01-27 14:13:52,880][com.java.TestType] [  490] - Test case Id is---1
[INFO ][2016-01-27 14:13:52,880][com.java.TestType] [  492] - 1
[INFO ][2016-01-27 14:13:52,880][com.java.TestType] [  487] -  str(2) = 16
[INFO ][2016-01-27 14:13:52,880][com.java.TestType] [11659] - Looping 1TCID = 1
[DEBUG][2016-01-27 14:13:52,880][com.java.TestType] [11700] - Concept ID:1 :: Step being Executed: 1::1
[INFO ][2016-01-27 14:13:52,880][com.java.TestType] [11738] - dataFields : TXTusername
[DEBUG][2016-01-27 14:13:52,880][com.java.TestType] [11744] - <In Set values of the page>
[DEBUG][2016-01-27 14:13:52,880][com.java.TestType] [11749] - {Data Fields & Data Values Exist}
[INFO ][2016-01-27 14:13:52,880][com.java.TestType] [11755] - --------------------------setting values-----------------------------
[INFO ][2016-01-27 14:13:52,880][com.java.TestType] [11758] - Action Type : CLEARANDENTER
[INFO ][2016-01-27 14:13:55,191][com.java.TestType] [ 6404] - value = naresh.nayini.00000
[INFO ][2016-01-27 14:13:57,612][com.java.TestType] [11777] -  RESULT true
[INFO ][2016-01-27 14:13:57,612][com.java.TestType] [11894] - ?   P A S S   ?
[DEBUG][2016-01-27 14:13:57,612][com.java.TestType] [11700] - Concept ID:1 :: Step being Executed: 1::2
[INFO ][2016-01-27 14:13:57,612][com.java.TestType] [11738] - dataFields : TXTpassword
[DEBUG][2016-01-27 14:13:57,612][com.java.TestType] [11744] - <In Set values of the page>
[DEBUG][2016-01-27 14:13:57,612][com.java.TestType] [11749] - {Data Fields & Data Values Exist}
[INFO ][2016-01-27 14:13:57,612][com.java.TestType] [11755] - --------------------------setting values-----------------------------
[INFO ][2016-01-27 14:13:57,612][com.java.TestType] [11758] - Action Type : CLEARANDENTER
[INFO ][2016-01-27 14:13:59,853][com.java.TestType] [ 6404] - value = Password1*
[INFO ][2016-01-27 14:14:02,409][com.java.TestType] [11777] -  RESULT true
[INFO ][2016-01-27 14:14:02,409][com.java.TestType] [11894] - ?   P A S S   ?
[DEBUG][2016-01-27 14:14:02,409][com.java.TestType] [11700] - Concept ID:1 :: Step being Executed: 1::3
[ERROR][2016-01-27 14:14:02,409][com.java.TestType] [11733] - Exception: null
[INFO ][2016-01-27 14:14:02,409][com.java.TestType] [11738] - dataFields : XPH//button[@type='submit']
[DEBUG][2016-01-27 14:14:02,409][com.java.TestType] [11744] - <In Set values of the page>
[DEBUG][2016-01-27 14:14:02,409][com.java.TestType] [11749] - {Data Fields & Data Values Exist}
[INFO ][2016-01-27 14:14:02,409][com.java.TestType] [11755] - --------------------------setting values-----------------------------
[INFO ][2016-01-27 14:14:02,409][com.java.TestType] [11758] - Action Type : Click
[INFO ][2016-01-27 14:14:02,409][com.java.TestType] [ 6783] - Field ::XPH//button[@type='submit']
[INFO ][2016-01-27 14:14:02,409][com.java.TestType] [ 6404] - value = 
[INFO ][2016-01-27 14:14:03,409][com.java.TestType] [ 6956] - BEFORE CLICK
[INFO ][2016-01-27 14:14:04,234][com.java.TestType] [ 6964] - Unable to click the object Login
[INFO ][2016-01-27 14:14:04,234][com.java.TestType] [11777] -  RESULT true
[INFO ][2016-01-27 14:14:04,234][com.java.TestType] [11894] - ?   P A S S   ?
[DEBUG][2016-01-27 14:14:04,234][com.java.TestType] [11700] - Concept ID:1 :: Step being Executed: 1::4
[INFO ][2016-01-27 14:14:04,234][com.java.TestType] [11738] - dataFields : LNKLogout
[DEBUG][2016-01-27 14:14:04,234][com.java.TestType] [11744] - <In Set values of the page>
[DEBUG][2016-01-27 14:14:04,234][com.java.TestType] [11749] - {Data Fields & Data Values Exist}
[INFO ][2016-01-27 14:14:04,234][com.java.TestType] [11755] - --------------------------setting values-----------------------------
[INFO ][2016-01-27 14:14:04,234][com.java.TestType] [11758] - Action Type : WaitForElement
[INFO ][2016-01-27 14:14:09,738][com.java.TestType] [11777] -  RESULT true
[INFO ][2016-01-27 14:14:09,738][com.java.TestType] [11894] - ?   P A S S   ?
[INFO ][2016-01-27 14:14:09,738][com.java.TestType] [11965] - Looping End......
[INFO ][2016-01-27 14:14:09,738][com.java.SeleniumDriver] [  930] -  RESULT true
[INFO ][2016-01-27 14:14:09,738][com.java.SeleniumDriver] [ 1136] - ?   P A S S   ?
[INFO ][2016-01-27 14:14:09,738][com.java.SeleniumDriver] [  856] - ------------------------------------------
[INFO ][2016-01-27 14:14:09,738][com.java.SeleniumDriver] [  857] - Test case being Executed: 1
[INFO ][2016-01-27 14:14:09,738][com.java.SeleniumDriver] [  869] - Test step:2
[INFO ][2016-01-27 14:14:09,738][com.java.SeleniumDriver] [  881] - Datavalue is----------Concept#2:1-2
[INFO ][2016-01-27 14:14:09,738][com.java.SeleniumDriver] [  905] - DataField : test
[INFO ][2016-01-27 14:14:09,738][com.java.SeleniumDriver] [  907] - DataValue : Concept#2:1-2
[INFO ][2016-01-27 14:14:09,738][com.java.SeleniumDriver] [  913] - <In Set values of the page>
[INFO ][2016-01-27 14:14:09,738][com.java.SeleniumDriver] [  916] - {Data Fields & Data Values Exist}
[INFO ][2016-01-27 14:14:09,738][com.java.SeleniumDriver] [  918] - --------------------------setting values-----------------------------
[INFO ][2016-01-27 14:14:09,738][com.java.SeleniumDriver] [  921] - Action Type : ExecuteTestCase
[INFO ][2016-01-27 14:14:09,738][com.java.TestType] [  442] - The Concept sheet name is ---------- Concept
[INFO ][2016-01-27 14:14:09,738][com.java.TestType] [  445] - The Concept ID  is ---------- 2
[DEBUG][2016-01-27 14:14:09,738][com.java.TestType] [  449] - Steps being executted in the Concept are: 1:2
[INFO ][2016-01-27 14:14:09,738][com.java.TestType] [  456] - Test data details path ---------- D:\BankersDashboard\TestInputs\TestData.xls
[INFO ][2016-01-27 14:14:09,739][com.java.TestType] [  487] -  str(1) = 2
[INFO ][2016-01-27 14:14:09,739][com.java.TestType] [  490] - Test case Id is---2
[INFO ][2016-01-27 14:14:09,739][com.java.TestType] [  492] - 2
[INFO ][2016-01-27 14:14:09,739][com.java.TestType] [  487] -  str(2) = 1
[INFO ][2016-01-27 14:14:09,739][com.java.TestType] [  487] -  str(1) = 2
[INFO ][2016-01-27 14:14:09,739][com.java.TestType] [  490] - Test case Id is---2
[INFO ][2016-01-27 14:14:09,739][com.java.TestType] [  492] - 2
[INFO ][2016-01-27 14:14:09,739][com.java.TestType] [  487] -  str(2) = 2
[INFO ][2016-01-27 14:14:09,739][com.java.TestType] [  487] -  str(1) = 2
[INFO ][2016-01-27 14:14:09,739][com.java.TestType] [  490] - Test case Id is---2
[INFO ][2016-01-27 14:14:09,739][com.java.TestType] [  492] - 2
[INFO ][2016-01-27 14:14:09,739][com.java.TestType] [  487] -  str(2) = 3
[INFO ][2016-01-27 14:14:09,739][com.java.TestType] [11659] - Looping 1TCID = 2
[DEBUG][2016-01-27 14:14:09,739][com.java.TestType] [11700] - Concept ID:2 :: Step being Executed: 2::1
[INFO ][2016-01-27 14:14:09,739][com.java.TestType] [11738] - dataFields : BNK//select[@id='bank']
[DEBUG][2016-01-27 14:14:09,739][com.java.TestType] [11744] - <In Set values of the page>
[DEBUG][2016-01-27 14:14:09,739][com.java.TestType] [11749] - {Data Fields & Data Values Exist}
[INFO ][2016-01-27 14:14:09,739][com.java.TestType] [11755] - --------------------------setting values-----------------------------
[INFO ][2016-01-27 14:14:09,739][com.java.TestType] [11758] - Action Type : Select
[INFO ][2016-01-27 14:14:09,739][com.java.TestType] [ 6404] - value = PFC
[INFO ][2016-01-27 14:14:09,961][com.java.TestType] [11777] -  RESULT true
[INFO ][2016-01-27 14:14:09,961][com.java.TestType] [11894] - ?   P A S S   ?
[DEBUG][2016-01-27 14:14:09,961][com.java.TestType] [11700] - Concept ID:2 :: Step being Executed: 2::2
[INFO ][2016-01-27 14:14:09,961][com.java.TestType] [11738] - dataFields : LNKLogout
[DEBUG][2016-01-27 14:14:09,961][com.java.TestType] [11744] - <In Set values of the page>
[DEBUG][2016-01-27 14:14:09,961][com.java.TestType] [11749] - {Data Fields & Data Values Exist}
[INFO ][2016-01-27 14:14:09,961][com.java.TestType] [11755] - --------------------------setting values-----------------------------
[INFO ][2016-01-27 14:14:09,961][com.java.TestType] [11758] - Action Type : WaitTime
[DEBUG][2016-01-27 14:14:09,961][com.java.TestType] [ 6218] - sleepTime: 5000
[INFO ][2016-01-27 14:14:14,963][com.java.TestType] [11777] -  RESULT true
[INFO ][2016-01-27 14:14:14,963][com.java.TestType] [11894] - ?   P A S S   ?
[INFO ][2016-01-27 14:14:14,963][com.java.TestType] [11965] - Looping End......
[INFO ][2016-01-27 14:14:14,963][com.java.SeleniumDriver] [  930] -  RESULT true
[INFO ][2016-01-27 14:14:14,963][com.java.SeleniumDriver] [ 1136] - ?   P A S S   ?
[INFO ][2016-01-27 14:14:14,963][com.java.SeleniumDriver] [  856] - ------------------------------------------
[INFO ][2016-01-27 14:14:14,963][com.java.SeleniumDriver] [  857] - Test case being Executed: 1
[INFO ][2016-01-27 14:14:14,963][com.java.SeleniumDriver] [  869] - Test step:3
[INFO ][2016-01-27 14:14:14,963][com.java.SeleniumDriver] [  881] - Datavalue is----------2
[INFO ][2016-01-27 14:14:14,963][com.java.SeleniumDriver] [  905] - DataField : XPH//button[contains(text(),'Add Content')]
[INFO ][2016-01-27 14:14:14,963][com.java.SeleniumDriver] [  907] - DataValue : 2
[INFO ][2016-01-27 14:14:14,963][com.java.SeleniumDriver] [  913] - <In Set values of the page>
[INFO ][2016-01-27 14:14:14,963][com.java.SeleniumDriver] [  916] - {Data Fields & Data Values Exist}
[INFO ][2016-01-27 14:14:14,963][com.java.SeleniumDriver] [  918] - --------------------------setting values-----------------------------
[INFO ][2016-01-27 14:14:14,963][com.java.SeleniumDriver] [  921] - Action Type : WAITFORELEMENT
[INFO ][2016-01-27 14:14:14,994][com.java.SeleniumDriver] [  930] -  RESULT true
[INFO ][2016-01-27 14:14:14,994][com.java.SeleniumDriver] [ 1136] - ?   P A S S   ?
[DEBUG][2016-01-27 14:14:14,994][com.java.SeleniumDriver] [ 1248] - Case found
[DEBUG][2016-01-27 14:14:14,994][com.java.SeleniumDriver] [ 1253] - Incrementing ReportCounters[0]:1
[INFO ][2016-01-27 14:14:14,994][com.java.SeleniumDriver] [ 1272] - The results are-------------------[1, 1, Valid Login, Pass, , Wed Jan 27 14:14:09 IST 2016, 1, 2, Valid Login, Pass, , Wed Jan 27 14:14:14 IST 2016, 1, 3, Valid Login, Pass, , Wed Jan 27 14:14:14 IST 2016]
[INFO ][2016-01-27 14:14:14,994][com.java.SeleniumDriver] [ 1276] - End time is-------39 sec
[INFO ][2016-01-27 14:14:14,994][com.java.SeleniumDriver] [ 1277] - The results are-------------------[1, 1, Valid Login, Pass, , Wed Jan 27 14:14:09 IST 2016, 1, 2, Valid Login, Pass, , Wed Jan 27 14:14:14 IST 2016, 1, 3, Valid Login, Pass, , Wed Jan 27 14:14:14 IST 2016]
[DEBUG][2016-01-27 14:14:14,994][com.java.ImportnExport.ExportTestResultsExcel] [  222] - testResultPath = D:\BankersDashboard/TestReports/Test Results_BankersDashBoard_012716_141338_IE10_Any Bank USA.xls
[DEBUG][2016-01-27 14:14:14,994][com.java.ImportnExport.ExportTestResultsExcel] [  223] - browser is------------IE10
[DEBUG][2016-01-27 14:14:15,064][com.java.ImportnExport.ExportTestResultsExcel] [  270] - result.size() = 18
[DEBUG][2016-01-27 14:14:15,064][com.java.ImportnExport.ExportTestResultsExcel] [  274] - No of rows in sheet=1
[DEBUG][2016-01-27 14:14:15,064][com.java.ImportnExport.ExportTestResultsExcel] [  301] - ..in export..1
[DEBUG][2016-01-27 14:14:15,064][com.java.ImportnExport.ExportTestResultsExcel] [  301] - ..in export..Valid Login
[DEBUG][2016-01-27 14:14:15,064][com.java.ImportnExport.ExportTestResultsExcel] [  301] - ..in export..Pass
[DEBUG][2016-01-27 14:14:15,064][com.java.ImportnExport.ExportTestResultsExcel] [  301] - ..in export..
[DEBUG][2016-01-27 14:14:15,064][com.java.ImportnExport.ExportTestResultsExcel] [  301] - ..in export..Wed Jan 27 14:14:09 IST 2016
[INFO ][2016-01-27 14:14:15,064][com.java.SeleniumDriver] [ 1337] - out loop:0 size:2 TestCases:[1, 8] testcases:[1, 8]
[INFO ][2016-01-27 14:14:15,064][com.java.ImportnExport.ImportTestDataDetailsExcel] [   49] - test data details path===== D:\BankersDashboard\TestInputs\TestData.xls
[INFO ][2016-01-27 14:14:30,388][com.java.SeleniumDriver] [  856] - ------------------------------------------
[INFO ][2016-01-27 14:14:30,388][com.java.SeleniumDriver] [  857] - Test case being Executed: 8
[INFO ][2016-01-27 14:14:30,388][com.java.SeleniumDriver] [  869] - Test step:1
[INFO ][2016-01-27 14:14:30,388][com.java.SeleniumDriver] [  881] - Datavalue is----------Logout
[INFO ][2016-01-27 14:14:30,388][com.java.SeleniumDriver] [  905] - DataField : BTN
[INFO ][2016-01-27 14:14:30,388][com.java.SeleniumDriver] [  907] - DataValue : Logout
[INFO ][2016-01-27 14:14:30,388][com.java.SeleniumDriver] [  913] - <In Set values of the page>
[INFO ][2016-01-27 14:14:30,388][com.java.SeleniumDriver] [  916] - {Data Fields & Data Values Exist}
[INFO ][2016-01-27 14:14:30,388][com.java.SeleniumDriver] [  918] - --------------------------setting values-----------------------------
[INFO ][2016-01-27 14:14:30,388][com.java.SeleniumDriver] [  921] - Action Type : Verify
[INFO ][2016-01-27 14:14:30,388][com.java.TestType] [ 7994] - field= BTN value= Logout
[INFO ][2016-01-27 14:14:30,388][com.java.TestType] [ 6404] - value = Logout
[INFO ][2016-01-27 14:14:30,469][com.java.SeleniumDriver] [  930] -  RESULT true
[INFO ][2016-01-27 14:14:30,469][com.java.SeleniumDriver] [ 1136] - ?   P A S S   ?
[INFO ][2016-01-27 14:14:30,469][com.java.SeleniumDriver] [ 1178] - step change to 3
[INFO ][2016-01-27 14:14:30,469][com.java.SeleniumDriver] [  856] - ------------------------------------------
[INFO ][2016-01-27 14:14:30,469][com.java.SeleniumDriver] [  857] - Test case being Executed: 8
[INFO ][2016-01-27 14:14:30,469][com.java.SeleniumDriver] [  869] - Test step:3
[INFO ][2016-01-27 14:14:30,469][com.java.SeleniumDriver] [  881] - Datavalue is----------Concept#2:1-2
[INFO ][2016-01-27 14:14:30,469][com.java.SeleniumDriver] [  905] - DataField : test
[INFO ][2016-01-27 14:14:30,469][com.java.SeleniumDriver] [  907] - DataValue : Concept#2:1-2
[INFO ][2016-01-27 14:14:30,469][com.java.SeleniumDriver] [  913] - <In Set values of the page>
[INFO ][2016-01-27 14:14:30,469][com.java.SeleniumDriver] [  916] - {Data Fields & Data Values Exist}
[INFO ][2016-01-27 14:14:30,469][com.java.SeleniumDriver] [  918] - --------------------------setting values-----------------------------
[INFO ][2016-01-27 14:14:30,469][com.java.SeleniumDriver] [  921] - Action Type : ExecuteTestCase
[INFO ][2016-01-27 14:14:30,469][com.java.TestType] [  442] - The Concept sheet name is ---------- Concept
[INFO ][2016-01-27 14:14:30,469][com.java.TestType] [  445] - The Concept ID  is ---------- 2
[DEBUG][2016-01-27 14:14:30,469][com.java.TestType] [  449] - Steps being executted in the Concept are: 1:2
[INFO ][2016-01-27 14:14:30,469][com.java.TestType] [  456] - Test data details path ---------- D:\BankersDashboard\TestInputs\TestData.xls
[INFO ][2016-01-27 14:14:30,469][com.java.TestType] [  487] -  str(1) = 2
[INFO ][2016-01-27 14:14:30,469][com.java.TestType] [  490] - Test case Id is---2
[INFO ][2016-01-27 14:14:30,469][com.java.TestType] [  492] - 2
[INFO ][2016-01-27 14:14:30,469][com.java.TestType] [  487] -  str(2) = 1
[INFO ][2016-01-27 14:14:30,479][com.java.TestType] [  487] -  str(1) = 2
[INFO ][2016-01-27 14:14:30,479][com.java.TestType] [  490] - Test case Id is---2
[INFO ][2016-01-27 14:14:30,479][com.java.TestType] [  492] - 2
[INFO ][2016-01-27 14:14:30,479][com.java.TestType] [  487] -  str(2) = 2
[INFO ][2016-01-27 14:14:30,479][com.java.TestType] [  487] -  str(1) = 2
[INFO ][2016-01-27 14:14:30,479][com.java.TestType] [  490] - Test case Id is---2
[INFO ][2016-01-27 14:14:30,479][com.java.TestType] [  492] - 2
[INFO ][2016-01-27 14:14:30,479][com.java.TestType] [  487] -  str(2) = 3
[INFO ][2016-01-27 14:14:30,479][com.java.TestType] [11659] - Looping 1TCID = 2
[DEBUG][2016-01-27 14:14:30,479][com.java.TestType] [11700] - Concept ID:2 :: Step being Executed: 2::1
[INFO ][2016-01-27 14:14:30,479][com.java.TestType] [11738] - dataFields : BNK//select[@id='bank']
[DEBUG][2016-01-27 14:14:30,479][com.java.TestType] [11744] - <In Set values of the page>
[DEBUG][2016-01-27 14:14:30,479][com.java.TestType] [11749] - {Data Fields & Data Values Exist}
[INFO ][2016-01-27 14:14:30,479][com.java.TestType] [11755] - --------------------------setting values-----------------------------
[INFO ][2016-01-27 14:14:30,479][com.java.TestType] [11758] - Action Type : Select
[INFO ][2016-01-27 14:14:30,479][com.java.TestType] [ 6404] - value = PFC
[INFO ][2016-01-27 14:14:30,689][com.java.TestType] [11777] -  RESULT true
[INFO ][2016-01-27 14:14:30,689][com.java.TestType] [11894] - ?   P A S S   ?
[DEBUG][2016-01-27 14:14:30,689][com.java.TestType] [11700] - Concept ID:2 :: Step being Executed: 2::2
[INFO ][2016-01-27 14:14:30,689][com.java.TestType] [11738] - dataFields : LNKLogout
[DEBUG][2016-01-27 14:14:30,689][com.java.TestType] [11744] - <In Set values of the page>
[DEBUG][2016-01-27 14:14:30,689][com.java.TestType] [11749] - {Data Fields & Data Values Exist}
[INFO ][2016-01-27 14:14:30,689][com.java.TestType] [11755] - --------------------------setting values-----------------------------
[INFO ][2016-01-27 14:14:30,689][com.java.TestType] [11758] - Action Type : WaitTime
[DEBUG][2016-01-27 14:14:30,689][com.java.TestType] [ 6218] - sleepTime: 5000
[INFO ][2016-01-27 14:14:35,689][com.java.TestType] [11777] -  RESULT true
[INFO ][2016-01-27 14:14:35,689][com.java.TestType] [11894] - ?   P A S S   ?
[INFO ][2016-01-27 14:14:35,689][com.java.TestType] [11965] - Looping End......
[INFO ][2016-01-27 14:14:35,689][com.java.SeleniumDriver] [  930] -  RESULT true
[INFO ][2016-01-27 14:14:35,689][com.java.SeleniumDriver] [ 1136] - ?   P A S S   ?
[INFO ][2016-01-27 14:14:35,689][com.java.SeleniumDriver] [  856] - ------------------------------------------
[INFO ][2016-01-27 14:14:35,689][com.java.SeleniumDriver] [  857] - Test case being Executed: 8
[INFO ][2016-01-27 14:14:35,689][com.java.SeleniumDriver] [  869] - Test step:4
[INFO ][2016-01-27 14:14:35,689][com.java.SeleniumDriver] [  881] - Datavalue is----------null
[DEBUG][2016-01-27 14:14:35,689][com.java.SeleniumDriver] [  899] - Exception: null
[INFO ][2016-01-27 14:14:35,689][com.java.SeleniumDriver] [  905] - DataField : //span[@class="icon-checkmark"]&&//a[@data-id="LoanPricingModel"]
[INFO ][2016-01-27 14:14:35,689][com.java.SeleniumDriver] [  907] - DataValue : 
[INFO ][2016-01-27 14:14:35,689][com.java.SeleniumDriver] [  913] - <In Set values of the page>
[INFO ][2016-01-27 14:14:35,689][com.java.SeleniumDriver] [  916] - {Data Fields & Data Values Exist}
[INFO ][2016-01-27 14:14:35,689][com.java.SeleniumDriver] [  918] - --------------------------setting values-----------------------------
[INFO ][2016-01-27 14:14:35,689][com.java.SeleniumDriver] [  921] - Action Type : MOUSEOVER
[INFO ][2016-01-27 14:14:58,723][com.java.SeleniumDriver] [  930] -  RESULT true
[INFO ][2016-01-27 14:14:58,723][com.java.SeleniumDriver] [ 1136] - ?   P A S S   ?
[INFO ][2016-01-27 14:14:58,723][com.java.SeleniumDriver] [  856] - ------------------------------------------
[INFO ][2016-01-27 14:14:58,723][com.java.SeleniumDriver] [  857] - Test case being Executed: 8
[INFO ][2016-01-27 14:14:58,723][com.java.SeleniumDriver] [  869] - Test step:5
[INFO ][2016-01-27 14:14:58,723][com.java.SeleniumDriver] [  881] - Datavalue is----------2
[INFO ][2016-01-27 14:14:58,723][com.java.SeleniumDriver] [  905] - DataField : XPH//li[@class="inactiveTab"]//a[@title="Loan Pricing"]
[INFO ][2016-01-27 14:14:58,723][com.java.SeleniumDriver] [  907] - DataValue : 2
[INFO ][2016-01-27 14:14:58,723][com.java.SeleniumDriver] [  913] - <In Set values of the page>
[INFO ][2016-01-27 14:14:58,723][com.java.SeleniumDriver] [  916] - {Data Fields & Data Values Exist}
[INFO ][2016-01-27 14:14:58,723][com.java.SeleniumDriver] [  918] - --------------------------setting values-----------------------------
[INFO ][2016-01-27 14:14:58,723][com.java.SeleniumDriver] [  921] - Action Type : waitforelement
[INFO ][2016-01-27 14:14:58,754][com.java.SeleniumDriver] [  930] -  RESULT true
[INFO ][2016-01-27 14:14:58,754][com.java.SeleniumDriver] [ 1136] - ?   P A S S   ?
[INFO ][2016-01-27 14:14:58,754][com.java.SeleniumDriver] [ 1173] - Continue next step...
[INFO ][2016-01-27 14:14:58,754][com.java.SeleniumDriver] [  856] - ------------------------------------------
[INFO ][2016-01-27 14:14:58,754][com.java.SeleniumDriver] [  857] - Test case being Executed: 8
[INFO ][2016-01-27 14:14:58,754][com.java.SeleniumDriver] [  869] - Test step:6
[INFO ][2016-01-27 14:14:58,754][com.java.SeleniumDriver] [  881] - Datavalue is----------null
[DEBUG][2016-01-27 14:14:58,754][com.java.SeleniumDriver] [  899] - Exception: null
[INFO ][2016-01-27 14:14:58,754][com.java.SeleniumDriver] [  905] - DataField : XPH//li[@class="inactiveTab"]//a[@title="Loan Pricing"]
[INFO ][2016-01-27 14:14:58,754][com.java.SeleniumDriver] [  907] - DataValue : 
[INFO ][2016-01-27 14:14:58,754][com.java.SeleniumDriver] [  913] - <In Set values of the page>
[INFO ][2016-01-27 14:14:58,754][com.java.SeleniumDriver] [  916] - {Data Fields & Data Values Exist}
[INFO ][2016-01-27 14:14:58,754][com.java.SeleniumDriver] [  918] - --------------------------setting values-----------------------------
[INFO ][2016-01-27 14:14:58,754][com.java.SeleniumDriver] [  921] - Action Type : click
[INFO ][2016-01-27 14:14:58,754][com.java.TestType] [ 6783] - Field ::XPH//li[@class="inactiveTab"]//a[@title="Loan Pricing"]
[INFO ][2016-01-27 14:14:58,754][com.java.TestType] [ 6404] - value = 
[INFO ][2016-01-27 14:14:59,754][com.java.TestType] [ 6956] - BEFORE CLICK
[INFO ][2016-01-27 14:15:00,624][com.java.TestType] [ 6964] - Unable to click the object click on add button
[INFO ][2016-01-27 14:15:00,624][com.java.SeleniumDriver] [  930] -  RESULT true
[INFO ][2016-01-27 14:15:00,624][com.java.SeleniumDriver] [ 1136] - ?   P A S S   ?
[INFO ][2016-01-27 14:15:00,624][com.java.SeleniumDriver] [  856] - ------------------------------------------
[INFO ][2016-01-27 14:15:00,624][com.java.SeleniumDriver] [  857] - Test case being Executed: 8
[INFO ][2016-01-27 14:15:00,624][com.java.SeleniumDriver] [  869] - Test step:7
[INFO ][2016-01-27 14:15:00,624][com.java.SeleniumDriver] [  881] - Datavalue is----------5
[INFO ][2016-01-27 14:15:00,624][com.java.SeleniumDriver] [  905] - DataField : test
[INFO ][2016-01-27 14:15:00,624][com.java.SeleniumDriver] [  907] - DataValue : 5
[INFO ][2016-01-27 14:15:00,624][com.java.SeleniumDriver] [  913] - <In Set values of the page>
[INFO ][2016-01-27 14:15:00,624][com.java.SeleniumDriver] [  916] - {Data Fields & Data Values Exist}
[INFO ][2016-01-27 14:15:00,624][com.java.SeleniumDriver] [  918] - --------------------------setting values-----------------------------
[INFO ][2016-01-27 14:15:00,624][com.java.SeleniumDriver] [  921] - Action Type : WaitTime
[DEBUG][2016-01-27 14:15:00,624][com.java.TestType] [ 6218] - sleepTime: 5000
[INFO ][2016-01-27 14:15:05,624][com.java.SeleniumDriver] [  930] -  RESULT true
[INFO ][2016-01-27 14:15:05,624][com.java.SeleniumDriver] [ 1136] - ?   P A S S   ?
[INFO ][2016-01-27 14:15:05,624][com.java.SeleniumDriver] [  856] - ------------------------------------------
[INFO ][2016-01-27 14:15:05,624][com.java.SeleniumDriver] [  857] - Test case being Executed: 8
[INFO ][2016-01-27 14:15:05,624][com.java.SeleniumDriver] [  869] - Test step:8
[INFO ][2016-01-27 14:15:05,624][com.java.SeleniumDriver] [  881] - Datavalue is----------null
[DEBUG][2016-01-27 14:15:05,624][com.java.SeleniumDriver] [  899] - Exception: null
[INFO ][2016-01-27 14:15:05,624][com.java.SeleniumDriver] [  905] - DataField : XPH//li[@class="inactiveTab"]//a[@title="Loan Pricing"]//span[@class="closeimg icon-close icon-xs"]
[INFO ][2016-01-27 14:15:05,624][com.java.SeleniumDriver] [  907] - DataValue : 
[INFO ][2016-01-27 14:15:05,624][com.java.SeleniumDriver] [  913] - <In Set values of the page>
[INFO ][2016-01-27 14:15:05,624][com.java.SeleniumDriver] [  916] - {Data Fields & Data Values Exist}
[INFO ][2016-01-27 14:15:05,624][com.java.SeleniumDriver] [  918] - --------------------------setting values-----------------------------
[INFO ][2016-01-27 14:15:05,624][com.java.SeleniumDriver] [  921] - Action Type : click
[INFO ][2016-01-27 14:15:05,624][com.java.TestType] [ 6783] - Field ::XPH//li[@class="inactiveTab"]//a[@title="Loan Pricing"]//span[@class="closeimg icon-close icon-xs"]
[INFO ][2016-01-27 14:15:05,624][com.java.TestType] [ 6404] - value = 
[INFO ][2016-01-27 14:15:06,625][com.java.TestType] [ 6956] - BEFORE CLICK
[INFO ][2016-01-27 14:15:07,595][com.java.TestType] [ 6964] - Unable to click the object click on add button
[INFO ][2016-01-27 14:15:07,595][com.java.SeleniumDriver] [  930] -  RESULT true
[INFO ][2016-01-27 14:15:07,595][com.java.SeleniumDriver] [ 1136] - ?   P A S S   ?
[INFO ][2016-01-27 14:15:07,595][com.java.SeleniumDriver] [  856] - ------------------------------------------
[INFO ][2016-01-27 14:15:07,595][com.java.SeleniumDriver] [  857] - Test case being Executed: 8
[INFO ][2016-01-27 14:15:07,595][com.java.SeleniumDriver] [  869] - Test step:9
[INFO ][2016-01-27 14:15:07,595][com.java.SeleniumDriver] [  881] - Datavalue is----------null
[DEBUG][2016-01-27 14:15:07,595][com.java.SeleniumDriver] [  899] - Exception: null
[INFO ][2016-01-27 14:15:07,595][com.java.SeleniumDriver] [  905] - DataField : BTN//iframe[@id="frameLoanPricingModel"]
[INFO ][2016-01-27 14:15:07,595][com.java.SeleniumDriver] [  907] - DataValue : 
[INFO ][2016-01-27 14:15:07,595][com.java.SeleniumDriver] [  913] - <In Set values of the page>
[INFO ][2016-01-27 14:15:07,595][com.java.SeleniumDriver] [  916] - {Data Fields & Data Values Exist}
[INFO ][2016-01-27 14:15:07,595][com.java.SeleniumDriver] [  918] - --------------------------setting values-----------------------------
[INFO ][2016-01-27 14:15:07,595][com.java.SeleniumDriver] [  921] - Action Type : SELECTFRAME
[INFO ][2016-01-27 14:15:07,696][com.java.SeleniumDriver] [  930] -  RESULT true
[INFO ][2016-01-27 14:15:07,696][com.java.SeleniumDriver] [ 1136] - ?   P A S S   ?
[INFO ][2016-01-27 14:15:07,696][com.java.SeleniumDriver] [  856] - ------------------------------------------
[INFO ][2016-01-27 14:15:07,696][com.java.SeleniumDriver] [  857] - Test case being Executed: 8
[INFO ][2016-01-27 14:15:07,696][com.java.SeleniumDriver] [  869] - Test step:10
[INFO ][2016-01-27 14:15:07,696][com.java.SeleniumDriver] [  881] - Datavalue is----------Add Loan
[INFO ][2016-01-27 14:15:07,696][com.java.SeleniumDriver] [  905] - DataField : XPH//a[contains(text(),'Add Loan')]
[INFO ][2016-01-27 14:15:07,696][com.java.SeleniumDriver] [  907] - DataValue : Add Loan
[INFO ][2016-01-27 14:15:07,696][com.java.SeleniumDriver] [  913] - <In Set values of the page>
[INFO ][2016-01-27 14:15:07,696][com.java.SeleniumDriver] [  916] - {Data Fields & Data Values Exist}
[INFO ][2016-01-27 14:15:07,696][com.java.SeleniumDriver] [  918] - --------------------------setting values-----------------------------
[INFO ][2016-01-27 14:15:07,696][com.java.SeleniumDriver] [  921] - Action Type : VERIFY
[INFO ][2016-01-27 14:15:07,696][com.java.TestType] [ 7994] - field= XPH//a[contains(text(),'Add Loan')] value= Add Loan
[INFO ][2016-01-27 14:15:07,696][com.java.TestType] [ 6404] - value = Add Loan
[INFO ][2016-01-27 14:15:07,776][com.java.SeleniumDriver] [  930] -  RESULT true
[INFO ][2016-01-27 14:15:07,776][com.java.SeleniumDriver] [ 1136] - ?   P A S S   ?
[INFO ][2016-01-27 14:15:07,776][com.java.SeleniumDriver] [  856] - ------------------------------------------
[INFO ][2016-01-27 14:15:07,776][com.java.SeleniumDriver] [  857] - Test case being Executed: 8
[INFO ][2016-01-27 14:15:07,776][com.java.SeleniumDriver] [  869] - Test step:11
[INFO ][2016-01-27 14:15:07,776][com.java.SeleniumDriver] [  881] - Datavalue is----------5
[INFO ][2016-01-27 14:15:07,776][com.java.SeleniumDriver] [  905] - DataField : XPH//a[contains(text(),'Add Loan')]
[INFO ][2016-01-27 14:15:07,776][com.java.SeleniumDriver] [  907] - DataValue : 5
[INFO ][2016-01-27 14:15:07,776][com.java.SeleniumDriver] [  913] - <In Set values of the page>
[INFO ][2016-01-27 14:15:07,776][com.java.SeleniumDriver] [  916] - {Data Fields & Data Values Exist}
[INFO ][2016-01-27 14:15:07,776][com.java.SeleniumDriver] [  918] - --------------------------setting values-----------------------------
[INFO ][2016-01-27 14:15:07,776][com.java.SeleniumDriver] [  921] - Action Type : WaitForElement
[INFO ][2016-01-27 14:15:07,796][com.java.SeleniumDriver] [  930] -  RESULT true
[INFO ][2016-01-27 14:15:07,796][com.java.SeleniumDriver] [ 1136] - ?   P A S S   ?
[INFO ][2016-01-27 14:15:07,796][com.java.SeleniumDriver] [  856] - ------------------------------------------
[INFO ][2016-01-27 14:15:07,796][com.java.SeleniumDriver] [  857] - Test case being Executed: 8
[INFO ][2016-01-27 14:15:07,796][com.java.SeleniumDriver] [  869] - Test step:12
[INFO ][2016-01-27 14:15:07,796][com.java.SeleniumDriver] [  881] - Datavalue is----------null
[DEBUG][2016-01-27 14:15:07,796][com.java.SeleniumDriver] [  899] - Exception: null
[INFO ][2016-01-27 14:15:07,796][com.java.SeleniumDriver] [  905] - DataField : HDN//a[contains(text(),'Add Loan')]
[INFO ][2016-01-27 14:15:07,796][com.java.SeleniumDriver] [  907] - DataValue : 
[INFO ][2016-01-27 14:15:07,796][com.java.SeleniumDriver] [  913] - <In Set values of the page>
[INFO ][2016-01-27 14:15:07,796][com.java.SeleniumDriver] [  916] - {Data Fields & Data Values Exist}
[INFO ][2016-01-27 14:15:07,796][com.java.SeleniumDriver] [  918] - --------------------------setting values-----------------------------
[INFO ][2016-01-27 14:15:07,796][com.java.SeleniumDriver] [  921] - Action Type : CLICK
[INFO ][2016-01-27 14:15:07,796][com.java.TestType] [ 6783] - Field ::HDN//a[contains(text(),'Add Loan')]
[INFO ][2016-01-27 14:15:07,796][com.java.TestType] [ 6404] - value = 
[INFO ][2016-01-27 14:15:08,857][com.java.SeleniumDriver] [  930] -  RESULT true
[INFO ][2016-01-27 14:15:08,857][com.java.SeleniumDriver] [ 1136] - ?   P A S S   ?
[INFO ][2016-01-27 14:15:08,857][com.java.SeleniumDriver] [  856] - ------------------------------------------
[INFO ][2016-01-27 14:15:08,857][com.java.SeleniumDriver] [  857] - Test case being Executed: 8
[INFO ][2016-01-27 14:15:08,857][com.java.SeleniumDriver] [  869] - Test step:13
[INFO ][2016-01-27 14:15:08,857][com.java.SeleniumDriver] [  881] - Datavalue is----------5
[INFO ][2016-01-27 14:15:08,857][com.java.SeleniumDriver] [  905] - DataField : test
[INFO ][2016-01-27 14:15:08,857][com.java.SeleniumDriver] [  907] - DataValue : 5
[INFO ][2016-01-27 14:15:08,857][com.java.SeleniumDriver] [  913] - <In Set values of the page>
[INFO ][2016-01-27 14:15:08,857][com.java.SeleniumDriver] [  916] - {Data Fields & Data Values Exist}
[INFO ][2016-01-27 14:15:08,857][com.java.SeleniumDriver] [  918] - --------------------------setting values-----------------------------
[INFO ][2016-01-27 14:15:08,857][com.java.SeleniumDriver] [  921] - Action Type : WAITTIME
[DEBUG][2016-01-27 14:15:08,857][com.java.TestType] [ 6218] - sleepTime: 5000
[INFO ][2016-01-27 14:15:13,857][com.java.SeleniumDriver] [  930] -  RESULT true
[INFO ][2016-01-27 14:15:13,857][com.java.SeleniumDriver] [ 1136] - ?   P A S S   ?
[INFO ][2016-01-27 14:15:13,857][com.java.SeleniumDriver] [  856] - ------------------------------------------
[INFO ][2016-01-27 14:15:13,857][com.java.SeleniumDriver] [  857] - Test case being Executed: 8
[INFO ][2016-01-27 14:15:13,857][com.java.SeleniumDriver] [  869] - Test step:14
[INFO ][2016-01-27 14:15:13,857][com.java.SeleniumDriver] [  881] - Datavalue is----------RNDTesting
[INFO ][2016-01-27 14:15:13,857][com.java.SeleniumDriver] [  905] - DataField : TXTtxtLoanIdentifier
[INFO ][2016-01-27 14:15:13,857][com.java.SeleniumDriver] [  907] - DataValue : RNDTesting
[INFO ][2016-01-27 14:15:13,857][com.java.SeleniumDriver] [  913] - <In Set values of the page>
[INFO ][2016-01-27 14:15:13,857][com.java.SeleniumDriver] [  916] - {Data Fields & Data Values Exist}
[INFO ][2016-01-27 14:15:13,857][com.java.SeleniumDriver] [  918] - --------------------------setting values-----------------------------
[INFO ][2016-01-27 14:15:13,857][com.java.SeleniumDriver] [  921] - Action Type : CLEARANDENTER
[INFO ][2016-01-27 14:15:14,999][com.java.TestType] [ 6404] - value = Testing96314
[INFO ][2016-01-27 14:15:16,382][com.java.SeleniumDriver] [  930] -  RESULT true
[INFO ][2016-01-27 14:15:16,382][com.java.SeleniumDriver] [ 1136] - ?   P A S S   ?
[INFO ][2016-01-27 14:15:16,382][com.java.SeleniumDriver] [  856] - ------------------------------------------
[INFO ][2016-01-27 14:15:16,382][com.java.SeleniumDriver] [  857] - Test case being Executed: 8
[INFO ][2016-01-27 14:15:16,382][com.java.SeleniumDriver] [  869] - Test step:15
[INFO ][2016-01-27 14:15:16,382][com.java.SeleniumDriver] [  881] - Datavalue is----------LoanIdentifier
[INFO ][2016-01-27 14:15:16,382][com.java.SeleniumDriver] [  905] - DataField : TXTtxtLoanIdentifier
[INFO ][2016-01-27 14:15:16,382][com.java.SeleniumDriver] [  907] - DataValue : LoanIdentifier
[INFO ][2016-01-27 14:15:16,382][com.java.SeleniumDriver] [  913] - <In Set values of the page>
[INFO ][2016-01-27 14:15:16,382][com.java.SeleniumDriver] [  916] - {Data Fields & Data Values Exist}
[INFO ][2016-01-27 14:15:16,382][com.java.SeleniumDriver] [  918] - --------------------------setting values-----------------------------
[INFO ][2016-01-27 14:15:16,382][com.java.SeleniumDriver] [  921] - Action Type : STOREVALUE
[INFO ][2016-01-27 14:15:16,382][com.java.TestType] [ 9419] - field= TXTtxtLoanIdentifier
[DEBUG][2016-01-27 14:15:17,483][com.java.TestType] [ 9433] - Key:: LoanIdentifier  Value:: Testing96314
[INFO ][2016-01-27 14:15:17,483][com.java.SeleniumDriver] [  930] -  RESULT true
[INFO ][2016-01-27 14:15:17,483][com.java.SeleniumDriver] [ 1136] - ?   P A S S   ?
[INFO ][2016-01-27 14:15:17,483][com.java.SeleniumDriver] [  856] - ------------------------------------------
[INFO ][2016-01-27 14:15:17,483][com.java.SeleniumDriver] [  857] - Test case being Executed: 8
[INFO ][2016-01-27 14:15:17,483][com.java.SeleniumDriver] [  869] - Test step:16
[INFO ][2016-01-27 14:15:17,483][com.java.SeleniumDriver] [  881] - Datavalue is----------2
[INFO ][2016-01-27 14:15:17,483][com.java.SeleniumDriver] [  905] - DataField : test
[INFO ][2016-01-27 14:15:17,483][com.java.SeleniumDriver] [  907] - DataValue : 2
[INFO ][2016-01-27 14:15:17,483][com.java.SeleniumDriver] [  913] - <In Set values of the page>
[INFO ][2016-01-27 14:15:17,483][com.java.SeleniumDriver] [  916] - {Data Fields & Data Values Exist}
[INFO ][2016-01-27 14:15:17,483][com.java.SeleniumDriver] [  918] - --------------------------setting values-----------------------------
[INFO ][2016-01-27 14:15:17,483][com.java.SeleniumDriver] [  921] - Action Type : WAITTIME
[DEBUG][2016-01-27 14:15:17,483][com.java.TestType] [ 6218] - sleepTime: 2000
[INFO ][2016-01-27 14:15:19,483][com.java.SeleniumDriver] [  930] -  RESULT true
[INFO ][2016-01-27 14:15:19,483][com.java.SeleniumDriver] [ 1136] - ?   P A S S   ?
[INFO ][2016-01-27 14:15:19,483][com.java.SeleniumDriver] [  856] - ------------------------------------------
[INFO ][2016-01-27 14:15:19,483][com.java.SeleniumDriver] [  857] - Test case being Executed: 8
[INFO ][2016-01-27 14:15:19,483][com.java.SeleniumDriver] [  869] - Test step:17
[INFO ][2016-01-27 14:15:19,483][com.java.SeleniumDriver] [  881] - Datavalue is----------1000000
[INFO ][2016-01-27 14:15:19,483][com.java.SeleniumDriver] [  905] - DataField : TXTtxtLoanAmount
[INFO ][2016-01-27 14:15:19,483][com.java.SeleniumDriver] [  907] - DataValue : 1000000
[INFO ][2016-01-27 14:15:19,483][com.java.SeleniumDriver] [  913] - <In Set values of the page>
[INFO ][2016-01-27 14:15:19,483][com.java.SeleniumDriver] [  916] - {Data Fields & Data Values Exist}
[INFO ][2016-01-27 14:15:19,483][com.java.SeleniumDriver] [  918] - --------------------------setting values-----------------------------
[INFO ][2016-01-27 14:15:19,483][com.java.SeleniumDriver] [  921] - Action Type : CLEARANDENTER
[INFO ][2016-01-27 14:15:20,615][com.java.TestType] [ 6404] - value = 1000000
[INFO ][2016-01-27 14:15:21,846][com.java.SeleniumDriver] [  930] -  RESULT true
[INFO ][2016-01-27 14:15:21,846][com.java.SeleniumDriver] [ 1136] - ?   P A S S   ?
[INFO ][2016-01-27 14:15:21,846][com.java.SeleniumDriver] [  856] - ------------------------------------------
[INFO ][2016-01-27 14:15:21,846][com.java.SeleniumDriver] [  857] - Test case being Executed: 8
[INFO ][2016-01-27 14:15:21,846][com.java.SeleniumDriver] [  869] - Test step:18
[INFO ][2016-01-27 14:15:21,846][com.java.SeleniumDriver] [  881] - Datavalue is----------2
[INFO ][2016-01-27 14:15:21,846][com.java.SeleniumDriver] [  905] - DataField : test
[INFO ][2016-01-27 14:15:21,846][com.java.SeleniumDriver] [  907] - DataValue : 2
[INFO ][2016-01-27 14:15:21,846][com.java.SeleniumDriver] [  913] - <In Set values of the page>
[INFO ][2016-01-27 14:15:21,846][com.java.SeleniumDriver] [  916] - {Data Fields & Data Values Exist}
[INFO ][2016-01-27 14:15:21,846][com.java.SeleniumDriver] [  918] - --------------------------setting values-----------------------------
[INFO ][2016-01-27 14:15:21,846][com.java.SeleniumDriver] [  921] - Action Type : WAITTIME
[DEBUG][2016-01-27 14:15:21,846][com.java.TestType] [ 6218] - sleepTime: 2000
[INFO ][2016-01-27 14:15:23,846][com.java.SeleniumDriver] [  930] -  RESULT true
[INFO ][2016-01-27 14:15:23,846][com.java.SeleniumDriver] [ 1136] - ?   P A S S   ?
[INFO ][2016-01-27 14:15:23,846][com.java.SeleniumDriver] [  856] - ------------------------------------------
[INFO ][2016-01-27 14:15:23,846][com.java.SeleniumDriver] [  857] - Test case being Executed: 8
[INFO ][2016-01-27 14:15:23,846][com.java.SeleniumDriver] [  869] - Test step:19
[INFO ][2016-01-27 14:15:23,846][com.java.SeleniumDriver] [  881] - Datavalue is----------null
[DEBUG][2016-01-27 14:15:23,846][com.java.SeleniumDriver] [  899] - Exception: null
[INFO ][2016-01-27 14:15:23,846][com.java.SeleniumDriver] [  905] - DataField : BTNrdoAppTypeNew
[INFO ][2016-01-27 14:15:23,846][com.java.SeleniumDriver] [  907] - DataValue : 
[INFO ][2016-01-27 14:15:23,846][com.java.SeleniumDriver] [  913] - <In Set values of the page>
[INFO ][2016-01-27 14:15:23,846][com.java.SeleniumDriver] [  916] - {Data Fields & Data Values Exist}
[INFO ][2016-01-27 14:15:23,846][com.java.SeleniumDriver] [  918] - --------------------------setting values-----------------------------
[INFO ][2016-01-27 14:15:23,846][com.java.SeleniumDriver] [  921] - Action Type : CLICK
[INFO ][2016-01-27 14:15:23,846][com.java.TestType] [ 6783] - Field ::BTNrdoAppTypeNew
[INFO ][2016-01-27 14:15:23,846][com.java.TestType] [ 6404] - value = 
[INFO ][2016-01-27 14:15:24,847][com.java.TestType] [ 6935] - BEFORE CLICK
[INFO ][2016-01-27 14:15:26,058][com.java.TestType] [ 6942] - Unable to click the object New radio button
[INFO ][2016-01-27 14:15:26,058][com.java.SeleniumDriver] [  930] -  RESULT true
[INFO ][2016-01-27 14:15:26,058][com.java.SeleniumDriver] [ 1136] - ?   P A S S   ?
[INFO ][2016-01-27 14:15:26,058][com.java.SeleniumDriver] [  856] - ------------------------------------------
[INFO ][2016-01-27 14:15:26,058][com.java.SeleniumDriver] [  857] - Test case being Executed: 8
[INFO ][2016-01-27 14:15:26,058][com.java.SeleniumDriver] [  869] - Test step:20
[INFO ][2016-01-27 14:15:26,058][com.java.SeleniumDriver] [  881] - Datavalue is----------2
[INFO ][2016-01-27 14:15:26,058][com.java.SeleniumDriver] [  905] - DataField : test
[INFO ][2016-01-27 14:15:26,058][com.java.SeleniumDriver] [  907] - DataValue : 2
[INFO ][2016-01-27 14:15:26,058][com.java.SeleniumDriver] [  913] - <In Set values of the page>
[INFO ][2016-01-27 14:15:26,058][com.java.SeleniumDriver] [  916] - {Data Fields & Data Values Exist}
[INFO ][2016-01-27 14:15:26,058][com.java.SeleniumDriver] [  918] - --------------------------setting values-----------------------------
[INFO ][2016-01-27 14:15:26,058][com.java.SeleniumDriver] [  921] - Action Type : WAITTIME
[DEBUG][2016-01-27 14:15:26,058][com.java.TestType] [ 6218] - sleepTime: 2000
[INFO ][2016-01-27 14:15:28,058][com.java.SeleniumDriver] [  930] -  RESULT true
[INFO ][2016-01-27 14:15:28,058][com.java.SeleniumDriver] [ 1136] - ?   P A S S   ?
[INFO ][2016-01-27 14:15:28,058][com.java.SeleniumDriver] [  856] - ------------------------------------------
[INFO ][2016-01-27 14:15:28,058][com.java.SeleniumDriver] [  857] - Test case being Executed: 8
[INFO ][2016-01-27 14:15:28,058][com.java.SeleniumDriver] [  869] - Test step:21
[INFO ][2016-01-27 14:15:28,058][com.java.SeleniumDriver] [  881] - Datavalue is----------null
[DEBUG][2016-01-27 14:15:28,058][com.java.SeleniumDriver] [  899] - Exception: null
[INFO ][2016-01-27 14:15:28,058][com.java.SeleniumDriver] [  905] - DataField : BTNrdoRateTypeFixed
[INFO ][2016-01-27 14:15:28,058][com.java.SeleniumDriver] [  907] - DataValue : 
[INFO ][2016-01-27 14:15:28,058][com.java.SeleniumDriver] [  913] - <In Set values of the page>
[INFO ][2016-01-27 14:15:28,058][com.java.SeleniumDriver] [  916] - {Data Fields & Data Values Exist}
[INFO ][2016-01-27 14:15:28,058][com.java.SeleniumDriver] [  918] - --------------------------setting values-----------------------------
[INFO ][2016-01-27 14:15:28,058][com.java.SeleniumDriver] [  921] - Action Type : CLICK
[INFO ][2016-01-27 14:15:28,058][com.java.TestType] [ 6783] - Field ::BTNrdoRateTypeFixed
[INFO ][2016-01-27 14:15:28,058][com.java.TestType] [ 6404] - value = 
[INFO ][2016-01-27 14:15:29,059][com.java.TestType] [ 6935] - BEFORE CLICK
[INFO ][2016-01-27 14:15:30,270][com.java.TestType] [ 6942] - Unable to click the object Select the radio button Rate type Fixed
[INFO ][2016-01-27 14:15:30,270][com.java.SeleniumDriver] [  930] -  RESULT true
[INFO ][2016-01-27 14:15:30,270][com.java.SeleniumDriver] [ 1136] - ?   P A S S   ?
[INFO ][2016-01-27 14:15:30,270][com.java.SeleniumDriver] [  856] - ------------------------------------------
[INFO ][2016-01-27 14:15:30,270][com.java.SeleniumDriver] [  857] - Test case being Executed: 8
[INFO ][2016-01-27 14:15:30,270][com.java.SeleniumDriver] [  869] - Test step:22
[INFO ][2016-01-27 14:15:30,270][com.java.SeleniumDriver] [  881] - Datavalue is----------2
[INFO ][2016-01-27 14:15:30,270][com.java.SeleniumDriver] [  905] - DataField : test
[INFO ][2016-01-27 14:15:30,270][com.java.SeleniumDriver] [  907] - DataValue : 2
[INFO ][2016-01-27 14:15:30,270][com.java.SeleniumDriver] [  913] - <In Set values of the page>
[INFO ][2016-01-27 14:15:30,270][com.java.SeleniumDriver] [  916] - {Data Fields & Data Values Exist}
[INFO ][2016-01-27 14:15:30,270][com.java.SeleniumDriver] [  918] - --------------------------setting values-----------------------------
[INFO ][2016-01-27 14:15:30,270][com.java.SeleniumDriver] [  921] - Action Type : WAITTIME
[DEBUG][2016-01-27 14:15:30,270][com.java.TestType] [ 6218] - sleepTime: 2000
[INFO ][2016-01-27 14:15:32,270][com.java.SeleniumDriver] [  930] -  RESULT true
[INFO ][2016-01-27 14:15:32,270][com.java.SeleniumDriver] [ 1136] - ?   P A S S   ?
[INFO ][2016-01-27 14:15:32,270][com.java.SeleniumDriver] [  856] - ------------------------------------------
[INFO ][2016-01-27 14:15:32,270][com.java.SeleniumDriver] [  857] - Test case being Executed: 8
[INFO ][2016-01-27 14:15:32,270][com.java.SeleniumDriver] [  869] - Test step:23
[INFO ][2016-01-27 14:15:32,270][com.java.SeleniumDriver] [  881] - Datavalue is----------ProposedRate
[INFO ][2016-01-27 14:15:32,270][com.java.SeleniumDriver] [  905] - DataField : XPH//div[@id='lblNoteRate1']
[INFO ][2016-01-27 14:15:32,270][com.java.SeleniumDriver] [  907] - DataValue : ProposedRate
[INFO ][2016-01-27 14:15:32,270][com.java.SeleniumDriver] [  913] - <In Set values of the page>
[INFO ][2016-01-27 14:15:32,270][com.java.SeleniumDriver] [  916] - {Data Fields & Data Values Exist}
[INFO ][2016-01-27 14:15:32,270][com.java.SeleniumDriver] [  918] - --------------------------setting values-----------------------------
[INFO ][2016-01-27 14:15:32,270][com.java.SeleniumDriver] [  921] - Action Type : STOREVALUE
[INFO ][2016-01-27 14:15:32,270][com.java.TestType] [ 9419] - field= XPH//div[@id='lblNoteRate1']
[DEBUG][2016-01-27 14:15:32,361][com.java.TestType] [ 9474] - Key:: ProposedRate   Value:: 0.000%
[INFO ][2016-01-27 14:15:32,361][com.java.SeleniumDriver] [  930] -  RESULT true
[INFO ][2016-01-27 14:15:32,361][com.java.SeleniumDriver] [ 1136] - ?   P A S S   ?
[INFO ][2016-01-27 14:15:32,361][com.java.SeleniumDriver] [  856] - ------------------------------------------
[INFO ][2016-01-27 14:15:32,361][com.java.SeleniumDriver] [  857] - Test case being Executed: 8
[INFO ][2016-01-27 14:15:32,361][com.java.SeleniumDriver] [  869] - Test step:24
[INFO ][2016-01-27 14:15:32,361][com.java.SeleniumDriver] [  881] - Datavalue is----------3.25
[INFO ][2016-01-27 14:15:32,361][com.java.SeleniumDriver] [  905] - DataField : TXTtxtProposedRate
[INFO ][2016-01-27 14:15:32,361][com.java.SeleniumDriver] [  907] - DataValue : 3.25
[INFO ][2016-01-27 14:15:32,361][com.java.SeleniumDriver] [  913] - <In Set values of the page>
[INFO ][2016-01-27 14:15:32,361][com.java.SeleniumDriver] [  916] - {Data Fields & Data Values Exist}
[INFO ][2016-01-27 14:15:32,361][com.java.SeleniumDriver] [  918] - --------------------------setting values-----------------------------
[INFO ][2016-01-27 14:15:32,361][com.java.SeleniumDriver] [  921] - Action Type : CLEARANDENTER
[INFO ][2016-01-27 14:15:33,482][com.java.TestType] [ 6404] - value = 3.25
[INFO ][2016-01-27 14:15:34,663][com.java.SeleniumDriver] [  930] -  RESULT true
[INFO ][2016-01-27 14:15:34,663][com.java.SeleniumDriver] [ 1136] - ?   P A S S   ?
[INFO ][2016-01-27 14:15:34,663][com.java.SeleniumDriver] [  856] - ------------------------------------------
[INFO ][2016-01-27 14:15:34,663][com.java.SeleniumDriver] [  857] - Test case being Executed: 8
[INFO ][2016-01-27 14:15:34,663][com.java.SeleniumDriver] [  869] - Test step:25
[INFO ][2016-01-27 14:15:34,663][com.java.SeleniumDriver] [  881] - Datavalue is----------2
[INFO ][2016-01-27 14:15:34,663][com.java.SeleniumDriver] [  905] - DataField : test
[INFO ][2016-01-27 14:15:34,663][com.java.SeleniumDriver] [  907] - DataValue : 2
[INFO ][2016-01-27 14:15:34,663][com.java.SeleniumDriver] [  913] - <In Set values of the page>
[INFO ][2016-01-27 14:15:34,663][com.java.SeleniumDriver] [  916] - {Data Fields & Data Values Exist}
[INFO ][2016-01-27 14:15:34,663][com.java.SeleniumDriver] [  918] - --------------------------setting values-----------------------------
[INFO ][2016-01-27 14:15:34,663][com.java.SeleniumDriver] [  921] - Action Type : WAITTIME
[DEBUG][2016-01-27 14:15:34,663][com.java.TestType] [ 6218] - sleepTime: 2000
[INFO ][2016-01-27 14:15:36,663][com.java.SeleniumDriver] [  930] -  RESULT true
[INFO ][2016-01-27 14:15:36,663][com.java.SeleniumDriver] [ 1136] - ?   P A S S   ?
[INFO ][2016-01-27 14:15:36,663][com.java.SeleniumDriver] [  856] - ------------------------------------------
[INFO ][2016-01-27 14:15:36,663][com.java.SeleniumDriver] [  857] - Test case being Executed: 8
[INFO ][2016-01-27 14:15:36,663][com.java.SeleniumDriver] [  869] - Test step:26
[INFO ][2016-01-27 14:15:36,663][com.java.SeleniumDriver] [  881] - Datavalue is----------AdjustedFundingCost
[INFO ][2016-01-27 14:15:36,663][com.java.SeleniumDriver] [  905] - DataField : XPH//td[contains(text(),'Adjusted Funding Cost')]/following::td
[INFO ][2016-01-27 14:15:36,663][com.java.SeleniumDriver] [  907] - DataValue : AdjustedFundingCost
[INFO ][2016-01-27 14:15:36,663][com.java.SeleniumDriver] [  913] - <In Set values of the page>
[INFO ][2016-01-27 14:15:36,663][com.java.SeleniumDriver] [  916] - {Data Fields & Data Values Exist}
[INFO ][2016-01-27 14:15:36,663][com.java.SeleniumDriver] [  918] - --------------------------setting values-----------------------------
[INFO ][2016-01-27 14:15:36,663][com.java.SeleniumDriver] [  921] - Action Type : STOREVALUE
[INFO ][2016-01-27 14:15:36,663][com.java.TestType] [ 9419] - field= XPH//td[contains(text(),'Adjusted Funding Cost')]/following::td
[DEBUG][2016-01-27 14:15:36,744][com.java.TestType] [ 9474] - Key:: AdjustedFundingCost   Value:: 1.300%
[INFO ][2016-01-27 14:15:36,744][com.java.SeleniumDriver] [  930] -  RESULT true
[INFO ][2016-01-27 14:15:36,744][com.java.SeleniumDriver] [ 1136] - ?   P A S S   ?
[INFO ][2016-01-27 14:15:36,744][com.java.SeleniumDriver] [  856] - ------------------------------------------
[INFO ][2016-01-27 14:15:36,744][com.java.SeleniumDriver] [  857] - Test case being Executed: 8
[INFO ][2016-01-27 14:15:36,744][com.java.SeleniumDriver] [  869] - Test step:27
[INFO ][2016-01-27 14:15:36,744][com.java.SeleniumDriver] [  881] - Datavalue is----------30
[INFO ][2016-01-27 14:15:36,744][com.java.SeleniumDriver] [  905] - DataField : TXTtxtTerm
[INFO ][2016-01-27 14:15:36,744][com.java.SeleniumDriver] [  907] - DataValue : 30
[INFO ][2016-01-27 14:15:36,744][com.java.SeleniumDriver] [  913] - <In Set values of the page>
[INFO ][2016-01-27 14:15:36,744][com.java.SeleniumDriver] [  916] - {Data Fields & Data Values Exist}
[INFO ][2016-01-27 14:15:36,744][com.java.SeleniumDriver] [  918] - --------------------------setting values-----------------------------
[INFO ][2016-01-27 14:15:36,744][com.java.SeleniumDriver] [  921] - Action Type : CLEARANDENTER
[INFO ][2016-01-27 14:15:37,865][com.java.TestType] [ 6404] - value = 30
[INFO ][2016-01-27 14:15:39,016][com.java.SeleniumDriver] [  930] -  RESULT true
[INFO ][2016-01-27 14:15:39,016][com.java.SeleniumDriver] [ 1136] - ?   P A S S   ?
[INFO ][2016-01-27 14:15:39,016][com.java.SeleniumDriver] [  856] - ------------------------------------------
[INFO ][2016-01-27 14:15:39,016][com.java.SeleniumDriver] [  857] - Test case being Executed: 8
[INFO ][2016-01-27 14:15:39,016][com.java.SeleniumDriver] [  869] - Test step:28
[INFO ][2016-01-27 14:15:39,016][com.java.SeleniumDriver] [  881] - Datavalue is----------TAB
[INFO ][2016-01-27 14:15:39,016][com.java.SeleniumDriver] [  905] - DataField : TXTtxtTerm
[INFO ][2016-01-27 14:15:39,016][com.java.SeleniumDriver] [  907] - DataValue : TAB
[INFO ][2016-01-27 14:15:39,016][com.java.SeleniumDriver] [  913] - <In Set values of the page>
[INFO ][2016-01-27 14:15:39,016][com.java.SeleniumDriver] [  916] - {Data Fields & Data Values Exist}
[INFO ][2016-01-27 14:15:39,016][com.java.SeleniumDriver] [  918] - --------------------------setting values-----------------------------
[INFO ][2016-01-27 14:15:39,016][com.java.SeleniumDriver] [  921] - Action Type : KeyboardKeys
[INFO ][2016-01-27 14:15:40,167][com.java.SeleniumDriver] [  930] -  RESULT true
[INFO ][2016-01-27 14:15:40,167][com.java.SeleniumDriver] [ 1136] - ?   P A S S   ?
[INFO ][2016-01-27 14:15:40,167][com.java.SeleniumDriver] [  856] - ------------------------------------------
[INFO ][2016-01-27 14:15:40,167][com.java.SeleniumDriver] [  857] - Test case being Executed: 8
[INFO ][2016-01-27 14:15:40,167][com.java.SeleniumDriver] [  869] - Test step:29
[INFO ][2016-01-27 14:15:40,167][com.java.SeleniumDriver] [  881] - Datavalue is----------10
[INFO ][2016-01-27 14:15:40,167][com.java.SeleniumDriver] [  905] - DataField : test
[INFO ][2016-01-27 14:15:40,167][com.java.SeleniumDriver] [  907] - DataValue : 10
[INFO ][2016-01-27 14:15:40,167][com.java.SeleniumDriver] [  913] - <In Set values of the page>
[INFO ][2016-01-27 14:15:40,167][com.java.SeleniumDriver] [  916] - {Data Fields & Data Values Exist}
[INFO ][2016-01-27 14:15:40,167][com.java.SeleniumDriver] [  918] - --------------------------setting values-----------------------------
[INFO ][2016-01-27 14:15:40,167][com.java.SeleniumDriver] [  921] - Action Type : WAITTIME
[DEBUG][2016-01-27 14:15:40,167][com.java.TestType] [ 6218] - sleepTime: 10000
[INFO ][2016-01-27 14:15:50,167][com.java.SeleniumDriver] [  930] -  RESULT true
[INFO ][2016-01-27 14:15:50,167][com.java.SeleniumDriver] [ 1136] - ?   P A S S   ?
[INFO ][2016-01-27 14:15:50,167][com.java.SeleniumDriver] [  856] - ------------------------------------------
[INFO ][2016-01-27 14:15:50,167][com.java.SeleniumDriver] [  857] - Test case being Executed: 8
[INFO ][2016-01-27 14:15:50,167][com.java.SeleniumDriver] [  869] - Test step:30
[INFO ][2016-01-27 14:15:50,167][com.java.SeleniumDriver] [  881] - Datavalue is----------ProposedRate1
[INFO ][2016-01-27 14:15:50,167][com.java.SeleniumDriver] [  905] - DataField : XPH//div[@id='lblNoteRate1']
[INFO ][2016-01-27 14:15:50,167][com.java.SeleniumDriver] [  907] - DataValue : ProposedRate1
[INFO ][2016-01-27 14:15:50,167][com.java.SeleniumDriver] [  913] - <In Set values of the page>
[INFO ][2016-01-27 14:15:50,167][com.java.SeleniumDriver] [  916] - {Data Fields & Data Values Exist}
[INFO ][2016-01-27 14:15:50,167][com.java.SeleniumDriver] [  918] - --------------------------setting values-----------------------------
[INFO ][2016-01-27 14:15:50,167][com.java.SeleniumDriver] [  921] - Action Type : STOREVALUE
[INFO ][2016-01-27 14:15:50,167][com.java.TestType] [ 9419] - field= XPH//div[@id='lblNoteRate1']
[DEBUG][2016-01-27 14:15:50,238][com.java.TestType] [ 9474] - Key:: ProposedRate1   Value:: 3.250%
[INFO ][2016-01-27 14:15:50,238][com.java.SeleniumDriver] [  930] -  RESULT true
[INFO ][2016-01-27 14:15:50,238][com.java.SeleniumDriver] [ 1136] - ?   P A S S   ?
[INFO ][2016-01-27 14:15:50,238][com.java.SeleniumDriver] [  856] - ------------------------------------------
[INFO ][2016-01-27 14:15:50,238][com.java.SeleniumDriver] [  857] - Test case being Executed: 8
[INFO ][2016-01-27 14:15:50,238][com.java.SeleniumDriver] [  869] - Test step:31
[INFO ][2016-01-27 14:15:50,238][com.java.SeleniumDriver] [  881] - Datavalue is----------HMVProposedRate1
[INFO ][2016-01-27 14:15:50,238][com.java.SeleniumDriver] [  905] - DataField : XPH//div[@id='lblNoteRate1']
[INFO ][2016-01-27 14:15:50,238][com.java.SeleniumDriver] [  907] - DataValue : HMVProposedRate1
[INFO ][2016-01-27 14:15:50,238][com.java.SeleniumDriver] [  913] - <In Set values of the page>
[INFO ][2016-01-27 14:15:50,238][com.java.SeleniumDriver] [  916] - {Data Fields & Data Values Exist}
[INFO ][2016-01-27 14:15:50,238][com.java.SeleniumDriver] [  918] - --------------------------setting values-----------------------------
[INFO ][2016-01-27 14:15:50,238][com.java.SeleniumDriver] [  921] - Action Type : VERIFY
[INFO ][2016-01-27 14:15:50,238][com.java.TestType] [ 7994] - field= XPH//div[@id='lblNoteRate1'] value= HMVProposedRate1
[INFO ][2016-01-27 14:15:50,238][com.java.TestType] [ 6404] - value = 3.250%
[INFO ][2016-01-27 14:15:50,318][com.java.SeleniumDriver] [  930] -  RESULT true
[INFO ][2016-01-27 14:15:50,318][com.java.SeleniumDriver] [ 1136] - ?   P A S S   ?
[INFO ][2016-01-27 14:15:50,318][com.java.SeleniumDriver] [  856] - ------------------------------------------
[INFO ][2016-01-27 14:15:50,318][com.java.SeleniumDriver] [  857] - Test case being Executed: 8
[INFO ][2016-01-27 14:15:50,318][com.java.SeleniumDriver] [  869] - Test step:32
[INFO ][2016-01-27 14:15:50,318][com.java.SeleniumDriver] [  881] - Datavalue is----------15
[INFO ][2016-01-27 14:15:50,318][com.java.SeleniumDriver] [  905] - DataField : TXTtxtAverageLife
[INFO ][2016-01-27 14:15:50,318][com.java.SeleniumDriver] [  907] - DataValue : 15
[INFO ][2016-01-27 14:15:50,318][com.java.SeleniumDriver] [  913] - <In Set values of the page>
[INFO ][2016-01-27 14:15:50,318][com.java.SeleniumDriver] [  916] - {Data Fields & Data Values Exist}
[INFO ][2016-01-27 14:15:50,318][com.java.SeleniumDriver] [  918] - --------------------------setting values-----------------------------
[INFO ][2016-01-27 14:15:50,318][com.java.SeleniumDriver] [  921] - Action Type : CLEARANDENTER
[INFO ][2016-01-27 14:15:51,439][com.java.TestType] [ 6404] - value = 15
[INFO ][2016-01-27 14:15:52,600][com.java.SeleniumDriver] [  930] -  RESULT true
[INFO ][2016-01-27 14:15:52,600][com.java.SeleniumDriver] [ 1136] - ?   P A S S   ?
[INFO ][2016-01-27 14:15:52,600][com.java.SeleniumDriver] [  856] - ------------------------------------------
[INFO ][2016-01-27 14:15:52,600][com.java.SeleniumDriver] [  857] - Test case being Executed: 8
[INFO ][2016-01-27 14:15:52,600][com.java.SeleniumDriver] [  869] - Test step:33
[INFO ][2016-01-27 14:15:52,600][com.java.SeleniumDriver] [  881] - Datavalue is----------TAB
[INFO ][2016-01-27 14:15:52,600][com.java.SeleniumDriver] [  905] - DataField : TXTtxtAverageLife
[INFO ][2016-01-27 14:15:52,600][com.java.SeleniumDriver] [  907] - DataValue : TAB
[INFO ][2016-01-27 14:15:52,600][com.java.SeleniumDriver] [  913] - <In Set values of the page>
[INFO ][2016-01-27 14:15:52,600][com.java.SeleniumDriver] [  916] - {Data Fields & Data Values Exist}
[INFO ][2016-01-27 14:15:52,600][com.java.SeleniumDriver] [  918] - --------------------------setting values-----------------------------
[INFO ][2016-01-27 14:15:52,600][com.java.SeleniumDriver] [  921] - Action Type : KeyboardKeys
[INFO ][2016-01-27 14:15:53,741][com.java.SeleniumDriver] [  930] -  RESULT true
[INFO ][2016-01-27 14:15:53,741][com.java.SeleniumDriver] [ 1136] - ?   P A S S   ?
[INFO ][2016-01-27 14:15:53,741][com.java.SeleniumDriver] [  856] - ------------------------------------------
[INFO ][2016-01-27 14:15:53,741][com.java.SeleniumDriver] [  857] - Test case being Executed: 8
[INFO ][2016-01-27 14:15:53,741][com.java.SeleniumDriver] [  869] - Test step:34
[INFO ][2016-01-27 14:15:53,741][com.java.SeleniumDriver] [  881] - Datavalue is----------5
[INFO ][2016-01-27 14:15:53,741][com.java.SeleniumDriver] [  905] - DataField : test
[INFO ][2016-01-27 14:15:53,741][com.java.SeleniumDriver] [  907] - DataValue : 5
[INFO ][2016-01-27 14:15:53,741][com.java.SeleniumDriver] [  913] - <In Set values of the page>
[INFO ][2016-01-27 14:15:53,741][com.java.SeleniumDriver] [  916] - {Data Fields & Data Values Exist}
[INFO ][2016-01-27 14:15:53,741][com.java.SeleniumDriver] [  918] - --------------------------setting values-----------------------------
[INFO ][2016-01-27 14:15:53,741][com.java.SeleniumDriver] [  921] - Action Type : WAITTIME
[DEBUG][2016-01-27 14:15:53,741][com.java.TestType] [ 6218] - sleepTime: 5000
[INFO ][2016-01-27 14:15:58,740][com.java.SeleniumDriver] [  930] -  RESULT true
[INFO ][2016-01-27 14:15:58,740][com.java.SeleniumDriver] [ 1136] - ?   P A S S   ?
[INFO ][2016-01-27 14:15:58,740][com.java.SeleniumDriver] [  856] - ------------------------------------------
[INFO ][2016-01-27 14:15:58,740][com.java.SeleniumDriver] [  857] - Test case being Executed: 8
[INFO ][2016-01-27 14:15:58,740][com.java.SeleniumDriver] [  869] - Test step:35
[INFO ][2016-01-27 14:15:58,740][com.java.SeleniumDriver] [  881] - Datavalue is----------AdjustedFundingCost1
[INFO ][2016-01-27 14:15:58,740][com.java.SeleniumDriver] [  905] - DataField : XPH//td[contains(text(),'Adjusted Funding Cost')]/following::td
[INFO ][2016-01-27 14:15:58,740][com.java.SeleniumDriver] [  907] - DataValue : AdjustedFundingCost1
[INFO ][2016-01-27 14:15:58,740][com.java.SeleniumDriver] [  913] - <In Set values of the page>
[INFO ][2016-01-27 14:15:58,740][com.java.SeleniumDriver] [  916] - {Data Fields & Data Values Exist}
[INFO ][2016-01-27 14:15:58,740][com.java.SeleniumDriver] [  918] - --------------------------setting values-----------------------------
[INFO ][2016-01-27 14:15:58,740][com.java.SeleniumDriver] [  921] - Action Type : STOREVALUE
[INFO ][2016-01-27 14:15:58,740][com.java.TestType] [ 9419] - field= XPH//td[contains(text(),'Adjusted Funding Cost')]/following::td
[DEBUG][2016-01-27 14:15:58,811][com.java.TestType] [ 9474] - Key:: AdjustedFundingCost1   Value:: 1.636%
[INFO ][2016-01-27 14:15:58,811][com.java.SeleniumDriver] [  930] -  RESULT true
[INFO ][2016-01-27 14:15:58,811][com.java.SeleniumDriver] [ 1136] - ?   P A S S   ?
[INFO ][2016-01-27 14:15:58,811][com.java.SeleniumDriver] [  856] - ------------------------------------------
[INFO ][2016-01-27 14:15:58,811][com.java.SeleniumDriver] [  857] - Test case being Executed: 8
[INFO ][2016-01-27 14:15:58,811][com.java.SeleniumDriver] [  869] - Test step:36
[INFO ][2016-01-27 14:15:58,811][com.java.SeleniumDriver] [  881] - Datavalue is----------HMVAdjustedFundingCost1
[INFO ][2016-01-27 14:15:58,811][com.java.SeleniumDriver] [  905] - DataField : XPH//td[contains(text(),'Adjusted Funding Cost')]/following::td
[INFO ][2016-01-27 14:15:58,811][com.java.SeleniumDriver] [  907] - DataValue : HMVAdjustedFundingCost1
[INFO ][2016-01-27 14:15:58,811][com.java.SeleniumDriver] [  913] - <In Set values of the page>
[INFO ][2016-01-27 14:15:58,811][com.java.SeleniumDriver] [  916] - {Data Fields & Data Values Exist}
[INFO ][2016-01-27 14:15:58,811][com.java.SeleniumDriver] [  918] - --------------------------setting values-----------------------------
[INFO ][2016-01-27 14:15:58,811][com.java.SeleniumDriver] [  921] - Action Type : VERIFY
[INFO ][2016-01-27 14:15:58,811][com.java.TestType] [ 7994] - field= XPH//td[contains(text(),'Adjusted Funding Cost')]/following::td value= HMVAdjustedFundingCost1
[INFO ][2016-01-27 14:15:58,811][com.java.TestType] [ 6404] - value = 1.636%
[INFO ][2016-01-27 14:15:58,891][com.java.SeleniumDriver] [  930] -  RESULT true
[INFO ][2016-01-27 14:15:58,891][com.java.SeleniumDriver] [ 1136] - ?   P A S S   ?
[INFO ][2016-01-27 14:15:58,891][com.java.SeleniumDriver] [  856] - ------------------------------------------
[INFO ][2016-01-27 14:15:58,891][com.java.SeleniumDriver] [  857] - Test case being Executed: 8
[INFO ][2016-01-27 14:15:58,891][com.java.SeleniumDriver] [  869] - Test step:37
[INFO ][2016-01-27 14:15:58,891][com.java.SeleniumDriver] [  881] - Datavalue is----------HMVAdjustedFundingCost
[INFO ][2016-01-27 14:15:58,891][com.java.SeleniumDriver] [  905] - DataField : TXT//td[contains(text(),'Adjusted Funding Cost')]/following::td
[INFO ][2016-01-27 14:15:58,891][com.java.SeleniumDriver] [  907] - DataValue : HMVAdjustedFundingCost
[INFO ][2016-01-27 14:15:58,891][com.java.SeleniumDriver] [  913] - <In Set values of the page>
[INFO ][2016-01-27 14:15:58,891][com.java.SeleniumDriver] [  916] - {Data Fields & Data Values Exist}
[INFO ][2016-01-27 14:15:58,891][com.java.SeleniumDriver] [  918] - --------------------------setting values-----------------------------
[INFO ][2016-01-27 14:15:58,891][com.java.SeleniumDriver] [  921] - Action Type : VERIFYNOTPRESENT
[INFO ][2016-01-27 14:15:58,891][com.java.TestType] [ 9743] - field= TXT//td[contains(text(),'Adjusted Funding Cost')]/following::td value= HMVAdjustedFundingCost
[DEBUG][2016-01-27 14:15:58,961][com.java.TestType] [ 9840] - values not matched
[INFO ][2016-01-27 14:15:58,961][com.java.SeleniumDriver] [  930] -  RESULT true
[INFO ][2016-01-27 14:15:58,961][com.java.SeleniumDriver] [ 1136] - ?   P A S S   ?
[INFO ][2016-01-27 14:15:58,961][com.java.SeleniumDriver] [  856] - ------------------------------------------
[INFO ][2016-01-27 14:15:58,961][com.java.SeleniumDriver] [  857] - Test case being Executed: 8
[INFO ][2016-01-27 14:15:58,961][com.java.SeleniumDriver] [  869] - Test step:38
[INFO ][2016-01-27 14:15:58,961][com.java.SeleniumDriver] [  881] - Datavalue is----------LoanOrginationFee
[INFO ][2016-01-27 14:15:58,961][com.java.SeleniumDriver] [  905] - DataField : XPH//div[@id="lblOrigFee"]
[INFO ][2016-01-27 14:15:58,961][com.java.SeleniumDriver] [  907] - DataValue : LoanOrginationFee
[INFO ][2016-01-27 14:15:58,961][com.java.SeleniumDriver] [  913] - <In Set values of the page>
[INFO ][2016-01-27 14:15:58,961][com.java.SeleniumDriver] [  916] - {Data Fields & Data Values Exist}
[INFO ][2016-01-27 14:15:58,961][com.java.SeleniumDriver] [  918] - --------------------------setting values-----------------------------
[INFO ][2016-01-27 14:15:58,961][com.java.SeleniumDriver] [  921] - Action Type : STOREVALUE
[INFO ][2016-01-27 14:15:58,961][com.java.TestType] [ 9419] - field= XPH//div[@id="lblOrigFee"]
[DEBUG][2016-01-27 14:15:59,031][com.java.TestType] [ 9474] - Key:: LoanOrginationFee   Value:: $0
[INFO ][2016-01-27 14:15:59,031][com.java.SeleniumDriver] [  930] -  RESULT true
[INFO ][2016-01-27 14:15:59,031][com.java.SeleniumDriver] [ 1136] - ?   P A S S   ?
[INFO ][2016-01-27 14:15:59,031][com.java.SeleniumDriver] [  856] - ------------------------------------------
[INFO ][2016-01-27 14:15:59,031][com.java.SeleniumDriver] [  857] - Test case being Executed: 8
[INFO ][2016-01-27 14:15:59,031][com.java.SeleniumDriver] [  869] - Test step:39
[INFO ][2016-01-27 14:15:59,031][com.java.SeleniumDriver] [  881] - Datavalue is----------3000
[INFO ][2016-01-27 14:15:59,031][com.java.SeleniumDriver] [  905] - DataField : TXTtxtLoanFees
[INFO ][2016-01-27 14:15:59,031][com.java.SeleniumDriver] [  907] - DataValue : 3000
[INFO ][2016-01-27 14:15:59,031][com.java.SeleniumDriver] [  913] - <In Set values of the page>
[INFO ][2016-01-27 14:15:59,031][com.java.SeleniumDriver] [  916] - {Data Fields & Data Values Exist}
[INFO ][2016-01-27 14:15:59,031][com.java.SeleniumDriver] [  918] - --------------------------setting values-----------------------------
[INFO ][2016-01-27 14:15:59,031][com.java.SeleniumDriver] [  921] - Action Type : CLEARANDENTER
[INFO ][2016-01-27 14:16:00,162][com.java.TestType] [ 6404] - value = 3000
[INFO ][2016-01-27 14:16:01,343][com.java.SeleniumDriver] [  930] -  RESULT true
[INFO ][2016-01-27 14:16:01,343][com.java.SeleniumDriver] [ 1136] - ?   P A S S   ?
[INFO ][2016-01-27 14:16:01,343][com.java.SeleniumDriver] [  856] - ------------------------------------------
[INFO ][2016-01-27 14:16:01,343][com.java.SeleniumDriver] [  857] - Test case being Executed: 8
[INFO ][2016-01-27 14:16:01,343][com.java.SeleniumDriver] [  869] - Test step:40
[INFO ][2016-01-27 14:16:01,343][com.java.SeleniumDriver] [  881] - Datavalue is----------TAB
[INFO ][2016-01-27 14:16:01,343][com.java.SeleniumDriver] [  905] - DataField : TXTtxtLoanFees
[INFO ][2016-01-27 14:16:01,343][com.java.SeleniumDriver] [  907] - DataValue : TAB
[INFO ][2016-01-27 14:16:01,343][com.java.SeleniumDriver] [  913] - <In Set values of the page>
[INFO ][2016-01-27 14:16:01,343][com.java.SeleniumDriver] [  916] - {Data Fields & Data Values Exist}
[INFO ][2016-01-27 14:16:01,343][com.java.SeleniumDriver] [  918] - --------------------------setting values-----------------------------
[INFO ][2016-01-27 14:16:01,343][com.java.SeleniumDriver] [  921] - Action Type : KeyboardKeys
[INFO ][2016-01-27 14:16:02,485][com.java.SeleniumDriver] [  930] -  RESULT true
[INFO ][2016-01-27 14:16:02,485][com.java.SeleniumDriver] [ 1136] - ?   P A S S   ?
[INFO ][2016-01-27 14:16:02,485][com.java.SeleniumDriver] [  856] - ------------------------------------------
[INFO ][2016-01-27 14:16:02,485][com.java.SeleniumDriver] [  857] - Test case being Executed: 8
[INFO ][2016-01-27 14:16:02,485][com.java.SeleniumDriver] [  869] - Test step:41
[INFO ][2016-01-27 14:16:02,485][com.java.SeleniumDriver] [  881] - Datavalue is----------3
[INFO ][2016-01-27 14:16:02,485][com.java.SeleniumDriver] [  905] - DataField : test
[INFO ][2016-01-27 14:16:02,485][com.java.SeleniumDriver] [  907] - DataValue : 3
[INFO ][2016-01-27 14:16:02,485][com.java.SeleniumDriver] [  913] - <In Set values of the page>
[INFO ][2016-01-27 14:16:02,485][com.java.SeleniumDriver] [  916] - {Data Fields & Data Values Exist}
[INFO ][2016-01-27 14:16:02,485][com.java.SeleniumDriver] [  918] - --------------------------setting values-----------------------------
[INFO ][2016-01-27 14:16:02,485][com.java.SeleniumDriver] [  921] - Action Type : WAITTIME
[DEBUG][2016-01-27 14:16:02,485][com.java.TestType] [ 6218] - sleepTime: 3000
[INFO ][2016-01-27 14:16:05,485][com.java.SeleniumDriver] [  930] -  RESULT true
[INFO ][2016-01-27 14:16:05,485][com.java.SeleniumDriver] [ 1136] - ?   P A S S   ?
[INFO ][2016-01-27 14:16:05,485][com.java.SeleniumDriver] [  856] - ------------------------------------------
[INFO ][2016-01-27 14:16:05,485][com.java.SeleniumDriver] [  857] - Test case being Executed: 8
[INFO ][2016-01-27 14:16:05,485][com.java.SeleniumDriver] [  869] - Test step:42
[INFO ][2016-01-27 14:16:05,485][com.java.SeleniumDriver] [  881] - Datavalue is----------HMVLoanOrginationFee
[INFO ][2016-01-27 14:16:05,485][com.java.SeleniumDriver] [  905] - DataField : TXT//div[@id="lblOrigFee"]
[INFO ][2016-01-27 14:16:05,485][com.java.SeleniumDriver] [  907] - DataValue : HMVLoanOrginationFee
[INFO ][2016-01-27 14:16:05,485][com.java.SeleniumDriver] [  913] - <In Set values of the page>
[INFO ][2016-01-27 14:16:05,485][com.java.SeleniumDriver] [  916] - {Data Fields & Data Values Exist}
[INFO ][2016-01-27 14:16:05,485][com.java.SeleniumDriver] [  918] - --------------------------setting values-----------------------------
[INFO ][2016-01-27 14:16:05,485][com.java.SeleniumDriver] [  921] - Action Type : VERIFYNOTPRESENT
[INFO ][2016-01-27 14:16:05,485][com.java.TestType] [ 9743] - field= TXT//div[@id="lblOrigFee"] value= HMVLoanOrginationFee
[DEBUG][2016-01-27 14:16:05,556][com.java.TestType] [ 9840] - values not matched
[INFO ][2016-01-27 14:16:05,556][com.java.SeleniumDriver] [  930] -  RESULT true
[INFO ][2016-01-27 14:16:05,556][com.java.SeleniumDriver] [ 1136] - ?   P A S S   ?
[INFO ][2016-01-27 14:16:05,556][com.java.SeleniumDriver] [  856] - ------------------------------------------
[INFO ][2016-01-27 14:16:05,556][com.java.SeleniumDriver] [  857] - Test case being Executed: 8
[INFO ][2016-01-27 14:16:05,556][com.java.SeleniumDriver] [  869] - Test step:43
[INFO ][2016-01-27 14:16:05,556][com.java.SeleniumDriver] [  881] - Datavalue is----------RiskWeighting
[INFO ][2016-01-27 14:16:05,556][com.java.SeleniumDriver] [  905] - DataField : SLBddlRiskWeighting
[INFO ][2016-01-27 14:16:05,556][com.java.SeleniumDriver] [  907] - DataValue : RiskWeighting
[INFO ][2016-01-27 14:16:05,556][com.java.SeleniumDriver] [  913] - <In Set values of the page>
[INFO ][2016-01-27 14:16:05,556][com.java.SeleniumDriver] [  916] - {Data Fields & Data Values Exist}
[INFO ][2016-01-27 14:16:05,556][com.java.SeleniumDriver] [  918] - --------------------------setting values-----------------------------
[INFO ][2016-01-27 14:16:05,556][com.java.SeleniumDriver] [  921] - Action Type : STOREVALUE
[INFO ][2016-01-27 14:16:05,556][com.java.TestType] [ 9419] - field= SLBddlRiskWeighting
[INFO ][2016-01-27 14:16:06,747][com.java.SeleniumDriver] [  930] -  RESULT true
[INFO ][2016-01-27 14:16:06,747][com.java.SeleniumDriver] [ 1136] - ?   P A S S   ?
[INFO ][2016-01-27 14:16:06,747][com.java.SeleniumDriver] [  856] - ------------------------------------------
[INFO ][2016-01-27 14:16:06,747][com.java.SeleniumDriver] [  857] - Test case being Executed: 8
[INFO ][2016-01-27 14:16:06,747][com.java.SeleniumDriver] [  869] - Test step:44
[INFO ][2016-01-27 14:16:06,747][com.java.SeleniumDriver] [  881] - Datavalue is----------index:1
[INFO ][2016-01-27 14:16:06,747][com.java.SeleniumDriver] [  905] - DataField : COBddlLoanType
[INFO ][2016-01-27 14:16:06,747][com.java.SeleniumDriver] [  907] - DataValue : index:1
[INFO ][2016-01-27 14:16:06,747][com.java.SeleniumDriver] [  913] - <In Set values of the page>
[INFO ][2016-01-27 14:16:06,747][com.java.SeleniumDriver] [  916] - {Data Fields & Data Values Exist}
[INFO ][2016-01-27 14:16:06,747][com.java.SeleniumDriver] [  918] - --------------------------setting values-----------------------------
[INFO ][2016-01-27 14:16:06,747][com.java.SeleniumDriver] [  921] - Action Type : SELECT
[INFO ][2016-01-27 14:16:06,747][com.java.TestType] [ 6404] - value = 1
[INFO ][2016-01-27 14:16:07,848][com.java.TestType] [ 6522] -  In COB ddlLoanType : 1
[INFO ][2016-01-27 14:16:08,008][com.java.SeleniumDriver] [  930] -  RESULT true
[INFO ][2016-01-27 14:16:08,008][com.java.SeleniumDriver] [ 1136] - ?   P A S S   ?
[INFO ][2016-01-27 14:16:08,008][com.java.SeleniumDriver] [  856] - ------------------------------------------
[INFO ][2016-01-27 14:16:08,008][com.java.SeleniumDriver] [  857] - Test case being Executed: 8
[INFO ][2016-01-27 14:16:08,008][com.java.SeleniumDriver] [  869] - Test step:45
[INFO ][2016-01-27 14:16:08,008][com.java.SeleniumDriver] [  881] - Datavalue is----------2
[INFO ][2016-01-27 14:16:08,008][com.java.SeleniumDriver] [  905] - DataField : test
[INFO ][2016-01-27 14:16:08,008][com.java.SeleniumDriver] [  907] - DataValue : 2
[INFO ][2016-01-27 14:16:08,008][com.java.SeleniumDriver] [  913] - <In Set values of the page>
[INFO ][2016-01-27 14:16:08,008][com.java.SeleniumDriver] [  916] - {Data Fields & Data Values Exist}
[INFO ][2016-01-27 14:16:08,008][com.java.SeleniumDriver] [  918] - --------------------------setting values-----------------------------
[INFO ][2016-01-27 14:16:08,008][com.java.SeleniumDriver] [  921] - Action Type : WAITTIME
[DEBUG][2016-01-27 14:16:08,008][com.java.TestType] [ 6218] - sleepTime: 2000
[INFO ][2016-01-27 14:16:10,008][com.java.SeleniumDriver] [  930] -  RESULT true
[INFO ][2016-01-27 14:16:10,008][com.java.SeleniumDriver] [ 1136] - ?   P A S S   ?
[INFO ][2016-01-27 14:16:10,008][com.java.SeleniumDriver] [  856] - ------------------------------------------
[INFO ][2016-01-27 14:16:10,008][com.java.SeleniumDriver] [  857] - Test case being Executed: 8
[WARN ][2016-01-27 14:16:10,008][com.java.SeleniumDriver] [  861] - -----------------------Step Skipped:: 	TestCaseNo:  8	 StepNo: 46  	::	Action Type:  STOREVALUE 	::		ClientName In TestData:  "SKIP" 	::	ClientName in config:  "Any Bank USA"-----------------------------
[INFO ][2016-01-27 14:16:10,008][com.java.SeleniumDriver] [  856] - ------------------------------------------
[INFO ][2016-01-27 14:16:10,008][com.java.SeleniumDriver] [  857] - Test case being Executed: 8
[WARN ][2016-01-27 14:16:10,008][com.java.SeleniumDriver] [  861] - -----------------------Step Skipped:: 	TestCaseNo:  8	 StepNo: 47  	::	Action Type:  VERIFY 	::		ClientName In TestData:  "SKIP" 	::	ClientName in config:  "Any Bank USA"-----------------------------
[INFO ][2016-01-27 14:16:10,008][com.java.SeleniumDriver] [  856] - ------------------------------------------
[INFO ][2016-01-27 14:16:10,008][com.java.SeleniumDriver] [  857] - Test case being Executed: 8
[INFO ][2016-01-27 14:16:10,008][com.java.SeleniumDriver] [  869] - Test step:48
[INFO ][2016-01-27 14:16:10,008][com.java.SeleniumDriver] [  881] - Datavalue is----------HMVRiskWeighting
[INFO ][2016-01-27 14:16:10,008][com.java.SeleniumDriver] [  905] - DataField : XPHddlRiskWeighting
[INFO ][2016-01-27 14:16:10,008][com.java.SeleniumDriver] [  907] - DataValue : HMVRiskWeighting
[INFO ][2016-01-27 14:16:10,008][com.java.SeleniumDriver] [  913] - <In Set values of the page>
[INFO ][2016-01-27 14:16:10,008][com.java.SeleniumDriver] [  916] - {Data Fields & Data Values Exist}
[INFO ][2016-01-27 14:16:10,008][com.java.SeleniumDriver] [  918] - --------------------------setting values-----------------------------
[INFO ][2016-01-27 14:16:10,008][com.java.SeleniumDriver] [  921] - Action Type : VERIFYNOTPRESENT
[INFO ][2016-01-27 14:16:10,008][com.java.TestType] [ 9743] - field= XPHddlRiskWeighting value= HMVRiskWeighting
[DEBUG][2016-01-27 14:16:13,923][com.java.TestType] [ 9840] - values not matched
[INFO ][2016-01-27 14:16:13,923][com.java.SeleniumDriver] [  930] -  RESULT true
[INFO ][2016-01-27 14:16:13,923][com.java.SeleniumDriver] [ 1136] - ?   P A S S   ?
[INFO ][2016-01-27 14:16:13,923][com.java.SeleniumDriver] [  856] - ------------------------------------------
[INFO ][2016-01-27 14:16:13,923][com.java.SeleniumDriver] [  857] - Test case being Executed: 8
[INFO ][2016-01-27 14:16:13,923][com.java.SeleniumDriver] [  869] - Test step:49
[INFO ][2016-01-27 14:16:13,923][com.java.SeleniumDriver] [  881] - Datavalue is----------index:2
[INFO ][2016-01-27 14:16:13,923][com.java.SeleniumDriver] [  905] - DataField : COBddlRiskWeighting
[INFO ][2016-01-27 14:16:13,923][com.java.SeleniumDriver] [  907] - DataValue : index:2
[INFO ][2016-01-27 14:16:13,923][com.java.SeleniumDriver] [  913] - <In Set values of the page>
[INFO ][2016-01-27 14:16:13,923][com.java.SeleniumDriver] [  916] - {Data Fields & Data Values Exist}
[INFO ][2016-01-27 14:16:13,923][com.java.SeleniumDriver] [  918] - --------------------------setting values-----------------------------
[INFO ][2016-01-27 14:16:13,923][com.java.SeleniumDriver] [  921] - Action Type : SELECT
[INFO ][2016-01-27 14:16:13,923][com.java.TestType] [ 6404] - value = 2
[INFO ][2016-01-27 14:16:15,014][com.java.TestType] [ 6522] -  In COB ddlRiskWeighting : 2
[INFO ][2016-01-27 14:16:15,134][com.java.SeleniumDriver] [  930] -  RESULT true
[INFO ][2016-01-27 14:16:15,134][com.java.SeleniumDriver] [ 1136] - ?   P A S S   ?
[INFO ][2016-01-27 14:16:15,134][com.java.SeleniumDriver] [  856] - ------------------------------------------
[INFO ][2016-01-27 14:16:15,134][com.java.SeleniumDriver] [  857] - Test case being Executed: 8
[INFO ][2016-01-27 14:16:15,134][com.java.SeleniumDriver] [  869] - Test step:50
[INFO ][2016-01-27 14:16:15,134][com.java.SeleniumDriver] [  881] - Datavalue is----------2
[INFO ][2016-01-27 14:16:15,134][com.java.SeleniumDriver] [  905] - DataField : test
[INFO ][2016-01-27 14:16:15,134][com.java.SeleniumDriver] [  907] - DataValue : 2
[INFO ][2016-01-27 14:16:15,134][com.java.SeleniumDriver] [  913] - <In Set values of the page>
[INFO ][2016-01-27 14:16:15,134][com.java.SeleniumDriver] [  916] - {Data Fields & Data Values Exist}
[INFO ][2016-01-27 14:16:15,134][com.java.SeleniumDriver] [  918] - --------------------------setting values-----------------------------
[INFO ][2016-01-27 14:16:15,134][com.java.SeleniumDriver] [  921] - Action Type : WAITTIME
[DEBUG][2016-01-27 14:16:15,134][com.java.TestType] [ 6218] - sleepTime: 2000
[INFO ][2016-01-27 14:16:17,134][com.java.SeleniumDriver] [  930] -  RESULT true
[INFO ][2016-01-27 14:16:17,134][com.java.SeleniumDriver] [ 1136] - ?   P A S S   ?
[INFO ][2016-01-27 14:16:17,134][com.java.SeleniumDriver] [  856] - ------------------------------------------
[INFO ][2016-01-27 14:16:17,134][com.java.SeleniumDriver] [  857] - Test case being Executed: 8
[INFO ][2016-01-27 14:16:17,134][com.java.SeleniumDriver] [  869] - Test step:51
[INFO ][2016-01-27 14:16:17,134][com.java.SeleniumDriver] [  881] - Datavalue is----------RiskWeight
[INFO ][2016-01-27 14:16:17,134][com.java.SeleniumDriver] [  905] - DataField : SLBddlRiskWeighting
[INFO ][2016-01-27 14:16:17,134][com.java.SeleniumDriver] [  907] - DataValue : RiskWeight
[INFO ][2016-01-27 14:16:17,134][com.java.SeleniumDriver] [  913] - <In Set values of the page>
[INFO ][2016-01-27 14:16:17,134][com.java.SeleniumDriver] [  916] - {Data Fields & Data Values Exist}
[INFO ][2016-01-27 14:16:17,134][com.java.SeleniumDriver] [  918] - --------------------------setting values-----------------------------
[INFO ][2016-01-27 14:16:17,134][com.java.SeleniumDriver] [  921] - Action Type : STOREVALUE
[INFO ][2016-01-27 14:16:17,134][com.java.TestType] [ 9419] - field= SLBddlRiskWeighting
[INFO ][2016-01-27 14:16:18,346][com.java.SeleniumDriver] [  930] -  RESULT true
[INFO ][2016-01-27 14:16:18,346][com.java.SeleniumDriver] [ 1136] - ?   P A S S   ?
[INFO ][2016-01-27 14:16:18,346][com.java.SeleniumDriver] [  856] - ------------------------------------------
[INFO ][2016-01-27 14:16:18,346][com.java.SeleniumDriver] [  857] - Test case being Executed: 8
[INFO ][2016-01-27 14:16:18,346][com.java.SeleniumDriver] [  869] - Test step:52
[INFO ][2016-01-27 14:16:18,346][com.java.SeleniumDriver] [  881] - Datavalue is----------Saving
[INFO ][2016-01-27 14:16:18,346][com.java.SeleniumDriver] [  905] - DataField : TXTtxtAccount1
[INFO ][2016-01-27 14:16:18,346][com.java.SeleniumDriver] [  907] - DataValue : Saving
[INFO ][2016-01-27 14:16:18,346][com.java.SeleniumDriver] [  913] - <In Set values of the page>
[INFO ][2016-01-27 14:16:18,346][com.java.SeleniumDriver] [  916] - {Data Fields & Data Values Exist}
[INFO ][2016-01-27 14:16:18,346][com.java.SeleniumDriver] [  918] - --------------------------setting values-----------------------------
[INFO ][2016-01-27 14:16:18,346][com.java.SeleniumDriver] [  921] - Action Type : CLEARANDENTER
[INFO ][2016-01-27 14:16:19,477][com.java.TestType] [ 6404] - value = Saving
[INFO ][2016-01-27 14:16:20,778][com.java.SeleniumDriver] [  930] -  RESULT true
[INFO ][2016-01-27 14:16:20,778][com.java.SeleniumDriver] [ 1136] - ?   P A S S   ?
[INFO ][2016-01-27 14:16:20,778][com.java.SeleniumDriver] [  856] - ------------------------------------------
[INFO ][2016-01-27 14:16:20,778][com.java.SeleniumDriver] [  857] - Test case being Executed: 8
[INFO ][2016-01-27 14:16:20,778][com.java.SeleniumDriver] [  869] - Test step:53
[INFO ][2016-01-27 14:16:20,778][com.java.SeleniumDriver] [  881] - Datavalue is----------50000
[INFO ][2016-01-27 14:16:20,778][com.java.SeleniumDriver] [  905] - DataField : TXTtxtBalance1
[INFO ][2016-01-27 14:16:20,778][com.java.SeleniumDriver] [  907] - DataValue : 50000
[INFO ][2016-01-27 14:16:20,778][com.java.SeleniumDriver] [  913] - <In Set values of the page>
[INFO ][2016-01-27 14:16:20,778][com.java.SeleniumDriver] [  916] - {Data Fields & Data Values Exist}
[INFO ][2016-01-27 14:16:20,778][com.java.SeleniumDriver] [  918] - --------------------------setting values-----------------------------
[INFO ][2016-01-27 14:16:20,778][com.java.SeleniumDriver] [  921] - Action Type : CLEARANDENTER
[INFO ][2016-01-27 14:16:21,899][com.java.TestType] [ 6404] - value = 50000
[INFO ][2016-01-27 14:16:23,070][com.java.SeleniumDriver] [  930] -  RESULT true
[INFO ][2016-01-27 14:16:23,070][com.java.SeleniumDriver] [ 1136] - ?   P A S S   ?
[INFO ][2016-01-27 14:16:23,070][com.java.SeleniumDriver] [  856] - ------------------------------------------
[INFO ][2016-01-27 14:16:23,070][com.java.SeleniumDriver] [  857] - Test case being Executed: 8
[INFO ][2016-01-27 14:16:23,070][com.java.SeleniumDriver] [  869] - Test step:54
[INFO ][2016-01-27 14:16:23,070][com.java.SeleniumDriver] [  881] - Datavalue is----------0
[INFO ][2016-01-27 14:16:23,070][com.java.SeleniumDriver] [  905] - DataField : TXTtxtYield1
[INFO ][2016-01-27 14:16:23,070][com.java.SeleniumDriver] [  907] - DataValue : 0
[INFO ][2016-01-27 14:16:23,070][com.java.SeleniumDriver] [  913] - <In Set values of the page>
[INFO ][2016-01-27 14:16:23,070][com.java.SeleniumDriver] [  916] - {Data Fields & Data Values Exist}
[INFO ][2016-01-27 14:16:23,070][com.java.SeleniumDriver] [  918] - --------------------------setting values-----------------------------
[INFO ][2016-01-27 14:16:23,070][com.java.SeleniumDriver] [  921] - Action Type : CLEARANDENTER
[INFO ][2016-01-27 14:16:24,201][com.java.TestType] [ 6404] - value = 0
[INFO ][2016-01-27 14:16:25,342][com.java.SeleniumDriver] [  930] -  RESULT true
[INFO ][2016-01-27 14:16:25,342][com.java.SeleniumDriver] [ 1136] - ?   P A S S   ?
[INFO ][2016-01-27 14:16:25,342][com.java.SeleniumDriver] [  856] - ------------------------------------------
[INFO ][2016-01-27 14:16:25,342][com.java.SeleniumDriver] [  857] - Test case being Executed: 8
[INFO ][2016-01-27 14:16:25,342][com.java.SeleniumDriver] [  869] - Test step:55
[INFO ][2016-01-27 14:16:25,342][com.java.SeleniumDriver] [  881] - Datavalue is----------null
[DEBUG][2016-01-27 14:16:25,342][com.java.SeleniumDriver] [  899] - Exception: null
[INFO ][2016-01-27 14:16:25,342][com.java.SeleniumDriver] [  905] - DataField : HDNbtnSave
[INFO ][2016-01-27 14:16:25,342][com.java.SeleniumDriver] [  907] - DataValue : 
[INFO ][2016-01-27 14:16:25,342][com.java.SeleniumDriver] [  913] - <In Set values of the page>
[INFO ][2016-01-27 14:16:25,342][com.java.SeleniumDriver] [  916] - {Data Fields & Data Values Exist}
[INFO ][2016-01-27 14:16:25,342][com.java.SeleniumDriver] [  918] - --------------------------setting values-----------------------------
[INFO ][2016-01-27 14:16:25,342][com.java.SeleniumDriver] [  921] - Action Type : CLICK
[INFO ][2016-01-27 14:16:25,342][com.java.TestType] [ 6783] - Field ::HDNbtnSave
[INFO ][2016-01-27 14:16:25,342][com.java.TestType] [ 6404] - value = 
[INFO ][2016-01-27 14:16:27,443][com.java.SeleniumDriver] [  930] -  RESULT true
[INFO ][2016-01-27 14:16:27,443][com.java.SeleniumDriver] [ 1136] - ?   P A S S   ?
[INFO ][2016-01-27 14:16:27,443][com.java.SeleniumDriver] [  856] - ------------------------------------------
[INFO ][2016-01-27 14:16:27,443][com.java.SeleniumDriver] [  857] - Test case being Executed: 8
[INFO ][2016-01-27 14:16:27,443][com.java.SeleniumDriver] [  869] - Test step:56
[INFO ][2016-01-27 14:16:27,443][com.java.SeleniumDriver] [  881] - Datavalue is----------2
[INFO ][2016-01-27 14:16:27,443][com.java.SeleniumDriver] [  905] - DataField : test
[INFO ][2016-01-27 14:16:27,443][com.java.SeleniumDriver] [  907] - DataValue : 2
[INFO ][2016-01-27 14:16:27,443][com.java.SeleniumDriver] [  913] - <In Set values of the page>
[INFO ][2016-01-27 14:16:27,443][com.java.SeleniumDriver] [  916] - {Data Fields & Data Values Exist}
[INFO ][2016-01-27 14:16:27,443][com.java.SeleniumDriver] [  918] - --------------------------setting values-----------------------------
[INFO ][2016-01-27 14:16:27,443][com.java.SeleniumDriver] [  921] - Action Type : WAITTIME
[DEBUG][2016-01-27 14:16:27,443][com.java.TestType] [ 6218] - sleepTime: 2000
[INFO ][2016-01-27 14:16:29,443][com.java.SeleniumDriver] [  930] -  RESULT true
[INFO ][2016-01-27 14:16:29,443][com.java.SeleniumDriver] [ 1136] - ?   P A S S   ?
[INFO ][2016-01-27 14:16:29,443][com.java.SeleniumDriver] [  856] - ------------------------------------------
[INFO ][2016-01-27 14:16:29,443][com.java.SeleniumDriver] [  857] - Test case being Executed: 8
[INFO ][2016-01-27 14:16:29,443][com.java.SeleniumDriver] [  869] - Test step:57
[INFO ][2016-01-27 14:16:29,443][com.java.SeleniumDriver] [  881] - Datavalue is----------null
[DEBUG][2016-01-27 14:16:29,443][com.java.SeleniumDriver] [  899] - Exception: null
[INFO ][2016-01-27 14:16:29,443][com.java.SeleniumDriver] [  905] - DataField : BTNparent
[INFO ][2016-01-27 14:16:29,443][com.java.SeleniumDriver] [  907] - DataValue : 
[INFO ][2016-01-27 14:16:29,443][com.java.SeleniumDriver] [  913] - <In Set values of the page>
[INFO ][2016-01-27 14:16:29,443][com.java.SeleniumDriver] [  916] - {Data Fields & Data Values Exist}
[INFO ][2016-01-27 14:16:29,443][com.java.SeleniumDriver] [  918] - --------------------------setting values-----------------------------
[INFO ][2016-01-27 14:16:29,443][com.java.SeleniumDriver] [  921] - Action Type : SELECTFRAME
[INFO ][2016-01-27 14:16:29,444][com.java.SeleniumDriver] [  930] -  RESULT true
[INFO ][2016-01-27 14:16:29,444][com.java.SeleniumDriver] [ 1136] - ?   P A S S   ?
[INFO ][2016-01-27 14:16:29,444][com.java.SeleniumDriver] [  856] - ------------------------------------------
[INFO ][2016-01-27 14:16:29,444][com.java.SeleniumDriver] [  857] - Test case being Executed: 8
[INFO ][2016-01-27 14:16:29,444][com.java.SeleniumDriver] [  869] - Test step:58
[INFO ][2016-01-27 14:16:29,444][com.java.SeleniumDriver] [  881] - Datavalue is----------null
[DEBUG][2016-01-27 14:16:29,444][com.java.SeleniumDriver] [  899] - Exception: null
[INFO ][2016-01-27 14:16:29,444][com.java.SeleniumDriver] [  905] - DataField : BTNcloseAllTabs
[INFO ][2016-01-27 14:16:29,444][com.java.SeleniumDriver] [  907] - DataValue : 
[INFO ][2016-01-27 14:16:29,444][com.java.SeleniumDriver] [  913] - <In Set values of the page>
[INFO ][2016-01-27 14:16:29,444][com.java.SeleniumDriver] [  916] - {Data Fields & Data Values Exist}
[INFO ][2016-01-27 14:16:29,444][com.java.SeleniumDriver] [  918] - --------------------------setting values-----------------------------
[INFO ][2016-01-27 14:16:29,444][com.java.SeleniumDriver] [  921] - Action Type : CLICK
[INFO ][2016-01-27 14:16:29,444][com.java.TestType] [ 6783] - Field ::BTNcloseAllTabs
[INFO ][2016-01-27 14:16:29,444][com.java.TestType] [ 6404] - value = 
[INFO ][2016-01-27 14:16:30,454][com.java.TestType] [ 6935] - BEFORE CLICK
[INFO ][2016-01-27 14:16:31,820][com.java.TestType] [ 6942] - Unable to click the object Close all tabs button
[INFO ][2016-01-27 14:16:31,820][com.java.SeleniumDriver] [  930] -  RESULT true
[INFO ][2016-01-27 14:16:31,820][com.java.SeleniumDriver] [ 1136] - ?   P A S S   ?
[INFO ][2016-01-27 14:16:31,820][com.java.SeleniumDriver] [  856] - ------------------------------------------
[INFO ][2016-01-27 14:16:31,820][com.java.SeleniumDriver] [  857] - Test case being Executed: 8
[INFO ][2016-01-27 14:16:31,820][com.java.SeleniumDriver] [  869] - Test step:59
[INFO ][2016-01-27 14:16:31,820][com.java.SeleniumDriver] [  881] - Datavalue is----------3
[INFO ][2016-01-27 14:16:31,820][com.java.SeleniumDriver] [  905] - DataField : XPH//div[contains(text(), 'My Dashboard')]
[INFO ][2016-01-27 14:16:31,820][com.java.SeleniumDriver] [  907] - DataValue : 3
[INFO ][2016-01-27 14:16:31,820][com.java.SeleniumDriver] [  913] - <In Set values of the page>
[INFO ][2016-01-27 14:16:31,820][com.java.SeleniumDriver] [  916] - {Data Fields & Data Values Exist}
[INFO ][2016-01-27 14:16:31,822][com.java.SeleniumDriver] [  918] - --------------------------setting values-----------------------------
[INFO ][2016-01-27 14:16:31,822][com.java.SeleniumDriver] [  921] - Action Type : WAITFORELEMENT
[INFO ][2016-01-27 14:16:31,957][com.java.SeleniumDriver] [  930] -  RESULT true
[INFO ][2016-01-27 14:16:31,957][com.java.SeleniumDriver] [ 1136] - ?   P A S S   ?
[INFO ][2016-01-27 14:16:31,957][com.java.SeleniumDriver] [  856] - ------------------------------------------
[INFO ][2016-01-27 14:16:31,957][com.java.SeleniumDriver] [  857] - Test case being Executed: 8
[INFO ][2016-01-27 14:16:31,957][com.java.SeleniumDriver] [  869] - Test step:60
[INFO ][2016-01-27 14:16:31,957][com.java.SeleniumDriver] [  881] - Datavalue is----------//div[contains(text(), 'My Dashboard')]
[INFO ][2016-01-27 14:16:31,957][com.java.SeleniumDriver] [  905] - DataField : BTN
[INFO ][2016-01-27 14:16:31,957][com.java.SeleniumDriver] [  907] - DataValue : //div[contains(text(), 'My Dashboard')]
[INFO ][2016-01-27 14:16:31,957][com.java.SeleniumDriver] [  913] - <In Set values of the page>
[INFO ][2016-01-27 14:16:31,957][com.java.SeleniumDriver] [  916] - {Data Fields & Data Values Exist}
[INFO ][2016-01-27 14:16:31,957][com.java.SeleniumDriver] [  918] - --------------------------setting values-----------------------------
[INFO ][2016-01-27 14:16:31,957][com.java.SeleniumDriver] [  921] - Action Type : VERIFY
[INFO ][2016-01-27 14:16:31,957][com.java.TestType] [ 7994] - field= BTN value= //div[contains(text(), 'My Dashboard')]
[INFO ][2016-01-27 14:16:31,957][com.java.TestType] [ 6404] - value = //div[contains(text(), 'My Dashboard')]
[INFO ][2016-01-27 14:16:32,077][com.java.SeleniumDriver] [  930] -  RESULT true
[INFO ][2016-01-27 14:16:32,077][com.java.SeleniumDriver] [ 1136] - ?   P A S S   ?
[INFO ][2016-01-27 14:16:32,077][com.java.SeleniumDriver] [  856] - ------------------------------------------
[INFO ][2016-01-27 14:16:32,077][com.java.SeleniumDriver] [  857] - Test case being Executed: 8
[INFO ][2016-01-27 14:16:32,077][com.java.SeleniumDriver] [  869] - Test step:61
[INFO ][2016-01-27 14:16:32,077][com.java.SeleniumDriver] [  881] - Datavalue is----------null
[DEBUG][2016-01-27 14:16:32,077][com.java.SeleniumDriver] [  899] - Exception: null
[INFO ][2016-01-27 14:16:32,077][com.java.SeleniumDriver] [  905] - DataField : //span[@class="icon-checkmark"]&&//a[@data-id="LoanPricingModel"]
[INFO ][2016-01-27 14:16:32,077][com.java.SeleniumDriver] [  907] - DataValue : 
[INFO ][2016-01-27 14:16:32,077][com.java.SeleniumDriver] [  913] - <In Set values of the page>
[INFO ][2016-01-27 14:16:32,077][com.java.SeleniumDriver] [  916] - {Data Fields & Data Values Exist}
[INFO ][2016-01-27 14:16:32,077][com.java.SeleniumDriver] [  918] - --------------------------setting values-----------------------------
[INFO ][2016-01-27 14:16:32,077][com.java.SeleniumDriver] [  921] - Action Type : MOUSEOVER
[INFO ][2016-01-27 14:16:55,120][com.java.SeleniumDriver] [  930] -  RESULT true
[INFO ][2016-01-27 14:16:55,120][com.java.SeleniumDriver] [ 1136] - ?   P A S S   ?
[INFO ][2016-01-27 14:16:55,120][com.java.SeleniumDriver] [  856] - ------------------------------------------
[INFO ][2016-01-27 14:16:55,120][com.java.SeleniumDriver] [  857] - Test case being Executed: 8
[INFO ][2016-01-27 14:16:55,120][com.java.SeleniumDriver] [  869] - Test step:62
[INFO ][2016-01-27 14:16:55,120][com.java.SeleniumDriver] [  881] - Datavalue is----------2
[INFO ][2016-01-27 14:16:55,120][com.java.SeleniumDriver] [  905] - DataField : XPH//li[@class="inactiveTab"]//a[@title="Loan Pricing"]
[INFO ][2016-01-27 14:16:55,120][com.java.SeleniumDriver] [  907] - DataValue : 2
[INFO ][2016-01-27 14:16:55,120][com.java.SeleniumDriver] [  913] - <In Set values of the page>
[INFO ][2016-01-27 14:16:55,120][com.java.SeleniumDriver] [  916] - {Data Fields & Data Values Exist}
[INFO ][2016-01-27 14:16:55,120][com.java.SeleniumDriver] [  918] - --------------------------setting values-----------------------------
[INFO ][2016-01-27 14:16:55,120][com.java.SeleniumDriver] [  921] - Action Type : waitforelement
[INFO ][2016-01-27 14:16:55,151][com.java.SeleniumDriver] [  930] -  RESULT true
[INFO ][2016-01-27 14:16:55,151][com.java.SeleniumDriver] [ 1136] - ?   P A S S   ?
[INFO ][2016-01-27 14:16:55,151][com.java.SeleniumDriver] [ 1173] - Continue next step...
[INFO ][2016-01-27 14:16:55,151][com.java.SeleniumDriver] [  856] - ------------------------------------------
[INFO ][2016-01-27 14:16:55,151][com.java.SeleniumDriver] [  857] - Test case being Executed: 8
[INFO ][2016-01-27 14:16:55,151][com.java.SeleniumDriver] [  869] - Test step:63
[INFO ][2016-01-27 14:16:55,151][com.java.SeleniumDriver] [  881] - Datavalue is----------null
[DEBUG][2016-01-27 14:16:55,151][com.java.SeleniumDriver] [  899] - Exception: null
[INFO ][2016-01-27 14:16:55,151][com.java.SeleniumDriver] [  905] - DataField : XPH//li[@class="inactiveTab"]//a[@title="Loan Pricing"]
[INFO ][2016-01-27 14:16:55,151][com.java.SeleniumDriver] [  907] - DataValue : 
[INFO ][2016-01-27 14:16:55,151][com.java.SeleniumDriver] [  913] - <In Set values of the page>
[INFO ][2016-01-27 14:16:55,151][com.java.SeleniumDriver] [  916] - {Data Fields & Data Values Exist}
[INFO ][2016-01-27 14:16:55,151][com.java.SeleniumDriver] [  918] - --------------------------setting values-----------------------------
[INFO ][2016-01-27 14:16:55,151][com.java.SeleniumDriver] [  921] - Action Type : click
[INFO ][2016-01-27 14:16:55,151][com.java.TestType] [ 6783] - Field ::XPH//li[@class="inactiveTab"]//a[@title="Loan Pricing"]
[INFO ][2016-01-27 14:16:55,151][com.java.TestType] [ 6404] - value = 
[INFO ][2016-01-27 14:16:56,151][com.java.TestType] [ 6956] - BEFORE CLICK
[INFO ][2016-01-27 14:16:57,084][com.java.TestType] [ 6964] - Unable to click the object click on add button
[INFO ][2016-01-27 14:16:57,084][com.java.SeleniumDriver] [  930] -  RESULT true
[INFO ][2016-01-27 14:16:57,084][com.java.SeleniumDriver] [ 1136] - ?   P A S S   ?
[INFO ][2016-01-27 14:16:57,084][com.java.SeleniumDriver] [  856] - ------------------------------------------
[INFO ][2016-01-27 14:16:57,084][com.java.SeleniumDriver] [  857] - Test case being Executed: 8
[INFO ][2016-01-27 14:16:57,084][com.java.SeleniumDriver] [  869] - Test step:64
[INFO ][2016-01-27 14:16:57,084][com.java.SeleniumDriver] [  881] - Datavalue is----------5
[INFO ][2016-01-27 14:16:57,084][com.java.SeleniumDriver] [  905] - DataField : test
[INFO ][2016-01-27 14:16:57,084][com.java.SeleniumDriver] [  907] - DataValue : 5
[INFO ][2016-01-27 14:16:57,084][com.java.SeleniumDriver] [  913] - <In Set values of the page>
[INFO ][2016-01-27 14:16:57,084][com.java.SeleniumDriver] [  916] - {Data Fields & Data Values Exist}
[INFO ][2016-01-27 14:16:57,084][com.java.SeleniumDriver] [  918] - --------------------------setting values-----------------------------
[INFO ][2016-01-27 14:16:57,084][com.java.SeleniumDriver] [  921] - Action Type : WaitTime
[DEBUG][2016-01-27 14:16:57,084][com.java.TestType] [ 6218] - sleepTime: 5000
[INFO ][2016-01-27 14:17:02,085][com.java.SeleniumDriver] [  930] -  RESULT true
[INFO ][2016-01-27 14:17:02,085][com.java.SeleniumDriver] [ 1136] - ?   P A S S   ?
[INFO ][2016-01-27 14:17:02,085][com.java.SeleniumDriver] [  856] - ------------------------------------------
[INFO ][2016-01-27 14:17:02,085][com.java.SeleniumDriver] [  857] - Test case being Executed: 8
[INFO ][2016-01-27 14:17:02,085][com.java.SeleniumDriver] [  869] - Test step:65
[INFO ][2016-01-27 14:17:02,085][com.java.SeleniumDriver] [  881] - Datavalue is----------null
[DEBUG][2016-01-27 14:17:02,085][com.java.SeleniumDriver] [  899] - Exception: null
[INFO ][2016-01-27 14:17:02,085][com.java.SeleniumDriver] [  905] - DataField : XPH//li[@class="inactiveTab"]//a[@title="Loan Pricing"]//span[@class="closeimg icon-close icon-xs"]
[INFO ][2016-01-27 14:17:02,085][com.java.SeleniumDriver] [  907] - DataValue : 
[INFO ][2016-01-27 14:17:02,085][com.java.SeleniumDriver] [  913] - <In Set values of the page>
[INFO ][2016-01-27 14:17:02,085][com.java.SeleniumDriver] [  916] - {Data Fields & Data Values Exist}
[INFO ][2016-01-27 14:17:02,085][com.java.SeleniumDriver] [  918] - --------------------------setting values-----------------------------
[INFO ][2016-01-27 14:17:02,085][com.java.SeleniumDriver] [  921] - Action Type : click
[INFO ][2016-01-27 14:17:02,085][com.java.TestType] [ 6783] - Field ::XPH//li[@class="inactiveTab"]//a[@title="Loan Pricing"]//span[@class="closeimg icon-close icon-xs"]
[INFO ][2016-01-27 14:17:02,085][com.java.TestType] [ 6404] - value = 
[INFO ][2016-01-27 14:17:03,086][com.java.TestType] [ 6956] - BEFORE CLICK
[INFO ][2016-01-27 14:17:04,126][com.java.TestType] [ 6964] - Unable to click the object click on add button
[INFO ][2016-01-27 14:17:04,126][com.java.SeleniumDriver] [  930] -  RESULT true
[INFO ][2016-01-27 14:17:04,126][com.java.SeleniumDriver] [ 1136] - ?   P A S S   ?
[INFO ][2016-01-27 14:17:04,126][com.java.SeleniumDriver] [  856] - ------------------------------------------
[INFO ][2016-01-27 14:17:04,126][com.java.SeleniumDriver] [  857] - Test case being Executed: 8
[INFO ][2016-01-27 14:17:04,126][com.java.SeleniumDriver] [  869] - Test step:66
[INFO ][2016-01-27 14:17:04,126][com.java.SeleniumDriver] [  881] - Datavalue is----------null
[DEBUG][2016-01-27 14:17:04,126][com.java.SeleniumDriver] [  899] - Exception: null
[INFO ][2016-01-27 14:17:04,126][com.java.SeleniumDriver] [  905] - DataField : BTN//iframe[@id="frameLoanPricingModel"]
[INFO ][2016-01-27 14:17:04,126][com.java.SeleniumDriver] [  907] - DataValue : 
[INFO ][2016-01-27 14:17:04,126][com.java.SeleniumDriver] [  913] - <In Set values of the page>
[INFO ][2016-01-27 14:17:04,126][com.java.SeleniumDriver] [  916] - {Data Fields & Data Values Exist}
[INFO ][2016-01-27 14:17:04,126][com.java.SeleniumDriver] [  918] - --------------------------setting values-----------------------------
[INFO ][2016-01-27 14:17:04,126][com.java.SeleniumDriver] [  921] - Action Type : SELECTFRAME
[INFO ][2016-01-27 14:17:04,207][com.java.SeleniumDriver] [  930] -  RESULT true
[INFO ][2016-01-27 14:17:04,207][com.java.SeleniumDriver] [ 1136] - ?   P A S S   ?
[INFO ][2016-01-27 14:17:04,207][com.java.SeleniumDriver] [  856] - ------------------------------------------
[INFO ][2016-01-27 14:17:04,207][com.java.SeleniumDriver] [  857] - Test case being Executed: 8
[INFO ][2016-01-27 14:17:04,207][com.java.SeleniumDriver] [  869] - Test step:67
[INFO ][2016-01-27 14:17:04,207][com.java.SeleniumDriver] [  881] - Datavalue is----------LoanIdentifier
[INFO ][2016-01-27 14:17:04,207][com.java.SeleniumDriver] [  905] - DataField : MNC//table[@id='tblLoans']/tbody//td/a[contains(text(),'mytext')]/following::td[8]
[INFO ][2016-01-27 14:17:04,207][com.java.SeleniumDriver] [  907] - DataValue : LoanIdentifier
[INFO ][2016-01-27 14:17:04,207][com.java.SeleniumDriver] [  913] - <In Set values of the page>
[INFO ][2016-01-27 14:17:04,207][com.java.SeleniumDriver] [  916] - {Data Fields & Data Values Exist}
[INFO ][2016-01-27 14:17:04,207][com.java.SeleniumDriver] [  918] - --------------------------setting values-----------------------------
[INFO ][2016-01-27 14:17:04,207][com.java.SeleniumDriver] [  921] - Action Type : CLICK
[INFO ][2016-01-27 14:17:04,207][com.java.TestType] [ 6783] - Field ::MNC//table[@id='tblLoans']/tbody//td/a[contains(text(),'mytext')]/following::td[8]
[INFO ][2016-01-27 14:17:04,207][com.java.TestType] [ 6404] - value = LoanIdentifier
[INFO ][2016-01-27 14:17:06,808][com.java.SeleniumDriver] [  930] -  RESULT true
[INFO ][2016-01-27 14:17:06,808][com.java.SeleniumDriver] [ 1136] - ?   P A S S   ?
[INFO ][2016-01-27 14:17:06,808][com.java.SeleniumDriver] [  856] - ------------------------------------------
[INFO ][2016-01-27 14:17:06,808][com.java.SeleniumDriver] [  857] - Test case being Executed: 8
[INFO ][2016-01-27 14:17:06,808][com.java.SeleniumDriver] [  869] - Test step:68
[INFO ][2016-01-27 14:17:06,808][com.java.SeleniumDriver] [  881] - Datavalue is----------null
[DEBUG][2016-01-27 14:17:06,808][com.java.SeleniumDriver] [  899] - Exception: null
[INFO ][2016-01-27 14:17:06,808][com.java.SeleniumDriver] [  905] - DataField : BTNparent
[INFO ][2016-01-27 14:17:06,808][com.java.SeleniumDriver] [  907] - DataValue : 
[INFO ][2016-01-27 14:17:06,808][com.java.SeleniumDriver] [  913] - <In Set values of the page>
[INFO ][2016-01-27 14:17:06,808][com.java.SeleniumDriver] [  916] - {Data Fields & Data Values Exist}
[INFO ][2016-01-27 14:17:06,808][com.java.SeleniumDriver] [  918] - --------------------------setting values-----------------------------
[INFO ][2016-01-27 14:17:06,808][com.java.SeleniumDriver] [  921] - Action Type : SELECTFRAME
[INFO ][2016-01-27 14:17:06,809][com.java.SeleniumDriver] [  930] -  RESULT true
[INFO ][2016-01-27 14:17:06,809][com.java.SeleniumDriver] [ 1136] - ?   P A S S   ?
[INFO ][2016-01-27 14:17:06,809][com.java.SeleniumDriver] [  856] - ------------------------------------------
[INFO ][2016-01-27 14:17:06,809][com.java.SeleniumDriver] [  857] - Test case being Executed: 8
[INFO ][2016-01-27 14:17:06,809][com.java.SeleniumDriver] [  869] - Test step:69
[INFO ][2016-01-27 14:17:06,809][com.java.SeleniumDriver] [  881] - Datavalue is----------Change Loan Status
[INFO ][2016-01-27 14:17:06,809][com.java.SeleniumDriver] [  905] - DataField : XPH//span[contains(text(),'Change Loan Status')]
[INFO ][2016-01-27 14:17:06,809][com.java.SeleniumDriver] [  907] - DataValue : Change Loan Status
[INFO ][2016-01-27 14:17:06,809][com.java.SeleniumDriver] [  913] - <In Set values of the page>
[INFO ][2016-01-27 14:17:06,809][com.java.SeleniumDriver] [  916] - {Data Fields & Data Values Exist}
[INFO ][2016-01-27 14:17:06,809][com.java.SeleniumDriver] [  918] - --------------------------setting values-----------------------------
[INFO ][2016-01-27 14:17:06,809][com.java.SeleniumDriver] [  921] - Action Type : VERIFY
[INFO ][2016-01-27 14:17:06,809][com.java.TestType] [ 7994] - field= XPH//span[contains(text(),'Change Loan Status')] value= Change Loan Status
[INFO ][2016-01-27 14:17:06,809][com.java.TestType] [ 6404] - value = Change Loan Status
[INFO ][2016-01-27 14:17:06,919][com.java.SeleniumDriver] [  930] -  RESULT true
[INFO ][2016-01-27 14:17:06,919][com.java.SeleniumDriver] [ 1136] - ?   P A S S   ?
[INFO ][2016-01-27 14:17:06,919][com.java.SeleniumDriver] [  856] - ------------------------------------------
[INFO ][2016-01-27 14:17:06,919][com.java.SeleniumDriver] [  857] - Test case being Executed: 8
[INFO ][2016-01-27 14:17:06,919][com.java.SeleniumDriver] [  869] - Test step:70
[INFO ][2016-01-27 14:17:06,919][com.java.SeleniumDriver] [  881] - Datavalue is----------null
[DEBUG][2016-01-27 14:17:06,919][com.java.SeleniumDriver] [  899] - Exception: null
[INFO ][2016-01-27 14:17:06,919][com.java.SeleniumDriver] [  905] - DataField : BTNframeDialogContent
[INFO ][2016-01-27 14:17:06,919][com.java.SeleniumDriver] [  907] - DataValue : 
[INFO ][2016-01-27 14:17:06,919][com.java.SeleniumDriver] [  913] - <In Set values of the page>
[INFO ][2016-01-27 14:17:06,919][com.java.SeleniumDriver] [  916] - {Data Fields & Data Values Exist}
[INFO ][2016-01-27 14:17:06,919][com.java.SeleniumDriver] [  918] - --------------------------setting values-----------------------------
[INFO ][2016-01-27 14:17:06,919][com.java.SeleniumDriver] [  921] - Action Type : SELECTFRAME
[INFO ][2016-01-27 14:17:08,307][com.java.SeleniumDriver] [  930] -  RESULT true
[INFO ][2016-01-27 14:17:08,307][com.java.SeleniumDriver] [ 1136] - ?   P A S S   ?
[INFO ][2016-01-27 14:17:08,307][com.java.SeleniumDriver] [  856] - ------------------------------------------
[INFO ][2016-01-27 14:17:08,307][com.java.SeleniumDriver] [  857] - Test case being Executed: 8
[INFO ][2016-01-27 14:17:08,307][com.java.SeleniumDriver] [  869] - Test step:71
[INFO ][2016-01-27 14:17:08,307][com.java.SeleniumDriver] [  881] - Datavalue is----------index:1
[INFO ][2016-01-27 14:17:08,307][com.java.SeleniumDriver] [  905] - DataField : COBddlLoanStatus
[INFO ][2016-01-27 14:17:08,307][com.java.SeleniumDriver] [  907] - DataValue : index:1
[INFO ][2016-01-27 14:17:08,307][com.java.SeleniumDriver] [  913] - <In Set values of the page>
[INFO ][2016-01-27 14:17:08,307][com.java.SeleniumDriver] [  916] - {Data Fields & Data Values Exist}
[INFO ][2016-01-27 14:17:08,307][com.java.SeleniumDriver] [  918] - --------------------------setting values-----------------------------
[INFO ][2016-01-27 14:17:08,307][com.java.SeleniumDriver] [  921] - Action Type : SELECT
[INFO ][2016-01-27 14:17:08,307][com.java.TestType] [ 6404] - value = 1
[INFO ][2016-01-27 14:17:09,438][com.java.TestType] [ 6522] -  In COB ddlLoanStatus : 1
[INFO ][2016-01-27 14:17:09,578][com.java.SeleniumDriver] [  930] -  RESULT true
[INFO ][2016-01-27 14:17:09,578][com.java.SeleniumDriver] [ 1136] - ?   P A S S   ?
[INFO ][2016-01-27 14:17:09,578][com.java.SeleniumDriver] [  856] - ------------------------------------------
[INFO ][2016-01-27 14:17:09,578][com.java.SeleniumDriver] [  857] - Test case being Executed: 8
[INFO ][2016-01-27 14:17:09,578][com.java.SeleniumDriver] [  869] - Test step:72
[INFO ][2016-01-27 14:17:09,578][com.java.SeleniumDriver] [  881] - Datavalue is----------null
[DEBUG][2016-01-27 14:17:09,578][com.java.SeleniumDriver] [  899] - Exception: null
[INFO ][2016-01-27 14:17:09,578][com.java.SeleniumDriver] [  905] - DataField : XPH//input[@readonly="readonly"]
[INFO ][2016-01-27 14:17:09,578][com.java.SeleniumDriver] [  907] - DataValue : 
[INFO ][2016-01-27 14:17:09,578][com.java.SeleniumDriver] [  913] - <In Set values of the page>
[INFO ][2016-01-27 14:17:09,578][com.java.SeleniumDriver] [  916] - {Data Fields & Data Values Exist}
[INFO ][2016-01-27 14:17:09,578][com.java.SeleniumDriver] [  918] - --------------------------setting values-----------------------------
[INFO ][2016-01-27 14:17:09,578][com.java.SeleniumDriver] [  921] - Action Type : CLICK
[INFO ][2016-01-27 14:17:09,578][com.java.TestType] [ 6783] - Field ::XPH//input[@readonly="readonly"]
[INFO ][2016-01-27 14:17:09,578][com.java.TestType] [ 6404] - value = 
[INFO ][2016-01-27 14:17:10,578][com.java.TestType] [ 6956] - BEFORE CLICK
[INFO ][2016-01-27 14:17:11,750][com.java.TestType] [ 6964] - Unable to click the object Click on Date Picker
[INFO ][2016-01-27 14:17:11,750][com.java.SeleniumDriver] [  930] -  RESULT true
[INFO ][2016-01-27 14:17:11,750][com.java.SeleniumDriver] [ 1136] - ?   P A S S   ?
[INFO ][2016-01-27 14:17:11,750][com.java.SeleniumDriver] [  856] - ------------------------------------------
[INFO ][2016-01-27 14:17:11,750][com.java.SeleniumDriver] [  857] - Test case being Executed: 8
[INFO ][2016-01-27 14:17:11,750][com.java.SeleniumDriver] [  869] - Test step:73
[INFO ][2016-01-27 14:17:11,750][com.java.SeleniumDriver] [  881] - Datavalue is----------null
[DEBUG][2016-01-27 14:17:11,750][com.java.SeleniumDriver] [  899] - Exception: null
[INFO ][2016-01-27 14:17:11,750][com.java.SeleniumDriver] [  905] - DataField : XPH//span[contains(text(),'Next')]
[INFO ][2016-01-27 14:17:11,750][com.java.SeleniumDriver] [  907] - DataValue : 
[INFO ][2016-01-27 14:17:11,750][com.java.SeleniumDriver] [  913] - <In Set values of the page>
[INFO ][2016-01-27 14:17:11,750][com.java.SeleniumDriver] [  916] - {Data Fields & Data Values Exist}
[INFO ][2016-01-27 14:17:11,750][com.java.SeleniumDriver] [  918] - --------------------------setting values-----------------------------
[INFO ][2016-01-27 14:17:11,750][com.java.SeleniumDriver] [  921] - Action Type : CLICK
[INFO ][2016-01-27 14:17:11,750][com.java.TestType] [ 6783] - Field ::XPH//span[contains(text(),'Next')]
[INFO ][2016-01-27 14:17:11,750][com.java.TestType] [ 6404] - value = 
[INFO ][2016-01-27 14:17:12,751][com.java.TestType] [ 6956] - BEFORE CLICK
[INFO ][2016-01-27 14:17:13,491][com.java.TestType] [ 6964] - Unable to click the object Click on next button
[INFO ][2016-01-27 14:17:13,491][com.java.SeleniumDriver] [  930] -  RESULT true
[INFO ][2016-01-27 14:17:13,491][com.java.SeleniumDriver] [ 1136] - ?   P A S S   ?
[INFO ][2016-01-27 14:17:13,491][com.java.SeleniumDriver] [  856] - ------------------------------------------
[INFO ][2016-01-27 14:17:13,491][com.java.SeleniumDriver] [  857] - Test case being Executed: 8
[INFO ][2016-01-27 14:17:13,491][com.java.SeleniumDriver] [  869] - Test step:74
[INFO ][2016-01-27 14:17:13,491][com.java.SeleniumDriver] [  881] - Datavalue is----------null
[DEBUG][2016-01-27 14:17:13,491][com.java.SeleniumDriver] [  899] - Exception: null
[INFO ][2016-01-27 14:17:13,491][com.java.SeleniumDriver] [  905] - DataField : XPH//table[@class="ui-datepicker-calendar"]/tbody/tr[3]/td[4]
[INFO ][2016-01-27 14:17:13,491][com.java.SeleniumDriver] [  907] - DataValue : 
[INFO ][2016-01-27 14:17:13,491][com.java.SeleniumDriver] [  913] - <In Set values of the page>
[INFO ][2016-01-27 14:17:13,491][com.java.SeleniumDriver] [  916] - {Data Fields & Data Values Exist}
[INFO ][2016-01-27 14:17:13,491][com.java.SeleniumDriver] [  918] - --------------------------setting values-----------------------------
[INFO ][2016-01-27 14:17:13,491][com.java.SeleniumDriver] [  921] - Action Type : CLICK
[INFO ][2016-01-27 14:17:13,491][com.java.TestType] [ 6783] - Field ::XPH//table[@class="ui-datepicker-calendar"]/tbody/tr[3]/td[4]
[INFO ][2016-01-27 14:17:13,491][com.java.TestType] [ 6404] - value = 
[INFO ][2016-01-27 14:17:14,492][com.java.TestType] [ 6956] - BEFORE CLICK
[INFO ][2016-01-27 14:17:15,302][com.java.TestType] [ 6964] - Unable to click the object Click on particular date
[INFO ][2016-01-27 14:17:15,302][com.java.SeleniumDriver] [  930] -  RESULT true
[INFO ][2016-01-27 14:17:15,302][com.java.SeleniumDriver] [ 1136] - ?   P A S S   ?
[INFO ][2016-01-27 14:17:15,302][com.java.SeleniumDriver] [  856] - ------------------------------------------
[INFO ][2016-01-27 14:17:15,302][com.java.SeleniumDriver] [  857] - Test case being Executed: 8
[INFO ][2016-01-27 14:17:15,302][com.java.SeleniumDriver] [  869] - Test step:75
[INFO ][2016-01-27 14:17:15,302][com.java.SeleniumDriver] [  881] - Datavalue is----------null
[DEBUG][2016-01-27 14:17:15,302][com.java.SeleniumDriver] [  899] - Exception: null
[INFO ][2016-01-27 14:17:15,302][com.java.SeleniumDriver] [  905] - DataField : BTNparent
[INFO ][2016-01-27 14:17:15,302][com.java.SeleniumDriver] [  907] - DataValue : 
[INFO ][2016-01-27 14:17:15,302][com.java.SeleniumDriver] [  913] - <In Set values of the page>
[INFO ][2016-01-27 14:17:15,302][com.java.SeleniumDriver] [  916] - {Data Fields & Data Values Exist}
[INFO ][2016-01-27 14:17:15,302][com.java.SeleniumDriver] [  918] - --------------------------setting values-----------------------------
[INFO ][2016-01-27 14:17:15,302][com.java.SeleniumDriver] [  921] - Action Type : SELECTFRAME
[INFO ][2016-01-27 14:17:15,303][com.java.SeleniumDriver] [  930] -  RESULT true
[INFO ][2016-01-27 14:17:15,303][com.java.SeleniumDriver] [ 1136] - ?   P A S S   ?
[INFO ][2016-01-27 14:17:15,303][com.java.SeleniumDriver] [  856] - ------------------------------------------
[INFO ][2016-01-27 14:17:15,303][com.java.SeleniumDriver] [  857] - Test case being Executed: 8
[INFO ][2016-01-27 14:17:15,303][com.java.SeleniumDriver] [  869] - Test step:76
[INFO ][2016-01-27 14:17:15,303][com.java.SeleniumDriver] [  881] - Datavalue is----------null
[DEBUG][2016-01-27 14:17:15,303][com.java.SeleniumDriver] [  899] - Exception: null
[INFO ][2016-01-27 14:17:15,303][com.java.SeleniumDriver] [  905] - DataField : BTN//span[contains(text(),'Update')]
[INFO ][2016-01-27 14:17:15,303][com.java.SeleniumDriver] [  907] - DataValue : 
[INFO ][2016-01-27 14:17:15,303][com.java.SeleniumDriver] [  913] - <In Set values of the page>
[INFO ][2016-01-27 14:17:15,303][com.java.SeleniumDriver] [  916] - {Data Fields & Data Values Exist}
[INFO ][2016-01-27 14:17:15,303][com.java.SeleniumDriver] [  918] - --------------------------setting values-----------------------------
[INFO ][2016-01-27 14:17:15,303][com.java.SeleniumDriver] [  921] - Action Type : CLICK
[INFO ][2016-01-27 14:17:15,303][com.java.TestType] [ 6783] - Field ::BTN//span[contains(text(),'Update')]
[INFO ][2016-01-27 14:17:15,303][com.java.TestType] [ 6404] - value = 
[INFO ][2016-01-27 14:17:16,313][com.java.TestType] [ 6935] - BEFORE CLICK
[INFO ][2016-01-27 14:17:18,047][com.java.TestType] [ 6942] - Unable to click the object Update button
[INFO ][2016-01-27 14:17:18,047][com.java.SeleniumDriver] [  930] -  RESULT true
[INFO ][2016-01-27 14:17:18,047][com.java.SeleniumDriver] [ 1136] - ?   P A S S   ?
[INFO ][2016-01-27 14:17:18,047][com.java.SeleniumDriver] [  856] - ------------------------------------------
[INFO ][2016-01-27 14:17:18,047][com.java.SeleniumDriver] [  857] - Test case being Executed: 8
[INFO ][2016-01-27 14:17:18,047][com.java.SeleniumDriver] [  869] - Test step:77
[INFO ][2016-01-27 14:17:18,047][com.java.SeleniumDriver] [  881] - Datavalue is----------2
[INFO ][2016-01-27 14:17:18,047][com.java.SeleniumDriver] [  905] - DataField : test
[INFO ][2016-01-27 14:17:18,047][com.java.SeleniumDriver] [  907] - DataValue : 2
[INFO ][2016-01-27 14:17:18,047][com.java.SeleniumDriver] [  913] - <In Set values of the page>
[INFO ][2016-01-27 14:17:18,047][com.java.SeleniumDriver] [  916] - {Data Fields & Data Values Exist}
[INFO ][2016-01-27 14:17:18,047][com.java.SeleniumDriver] [  918] - --------------------------setting values-----------------------------
[INFO ][2016-01-27 14:17:18,047][com.java.SeleniumDriver] [  921] - Action Type : WAITTIME
[DEBUG][2016-01-27 14:17:18,047][com.java.TestType] [ 6218] - sleepTime: 2000
[INFO ][2016-01-27 14:17:20,049][com.java.SeleniumDriver] [  930] -  RESULT true
[INFO ][2016-01-27 14:17:20,049][com.java.SeleniumDriver] [ 1136] - ?   P A S S   ?
[INFO ][2016-01-27 14:17:20,049][com.java.SeleniumDriver] [  856] - ------------------------------------------
[INFO ][2016-01-27 14:17:20,049][com.java.SeleniumDriver] [  857] - Test case being Executed: 8
[INFO ][2016-01-27 14:17:20,049][com.java.SeleniumDriver] [  869] - Test step:78
[INFO ][2016-01-27 14:17:20,049][com.java.SeleniumDriver] [  881] - Datavalue is----------null
[DEBUG][2016-01-27 14:17:20,049][com.java.SeleniumDriver] [  899] - Exception: null
[INFO ][2016-01-27 14:17:20,049][com.java.SeleniumDriver] [  905] - DataField : BTN//iframe[@id="frameLoanPricingModel"]
[INFO ][2016-01-27 14:17:20,049][com.java.SeleniumDriver] [  907] - DataValue : 
[INFO ][2016-01-27 14:17:20,049][com.java.SeleniumDriver] [  913] - <In Set values of the page>
[INFO ][2016-01-27 14:17:20,049][com.java.SeleniumDriver] [  916] - {Data Fields & Data Values Exist}
[INFO ][2016-01-27 14:17:20,049][com.java.SeleniumDriver] [  918] - --------------------------setting values-----------------------------
[INFO ][2016-01-27 14:17:20,049][com.java.SeleniumDriver] [  921] - Action Type : SELECTFRAME
[INFO ][2016-01-27 14:17:20,180][com.java.SeleniumDriver] [  930] -  RESULT true
[INFO ][2016-01-27 14:17:20,180][com.java.SeleniumDriver] [ 1136] - ?   P A S S   ?
[INFO ][2016-01-27 14:17:20,180][com.java.SeleniumDriver] [  856] - ------------------------------------------
[INFO ][2016-01-27 14:17:20,180][com.java.SeleniumDriver] [  857] - Test case being Executed: 8
[INFO ][2016-01-27 14:17:20,180][com.java.SeleniumDriver] [  869] - Test step:79
[INFO ][2016-01-27 14:17:20,180][com.java.SeleniumDriver] [  881] - Datavalue is----------LoanIdentifier::Cancel
[INFO ][2016-01-27 14:17:20,180][com.java.SeleniumDriver] [  905] - DataField : RCC//table[@id='tblLoans']/tbody//td/a[contains(text(),'mytext')]/following::td[8]/delete/img[@title="Click to delete loan."]
[INFO ][2016-01-27 14:17:20,180][com.java.SeleniumDriver] [  907] - DataValue : LoanIdentifier::Cancel
[INFO ][2016-01-27 14:17:20,180][com.java.SeleniumDriver] [  913] - <In Set values of the page>
[INFO ][2016-01-27 14:17:20,180][com.java.SeleniumDriver] [  916] - {Data Fields & Data Values Exist}
[INFO ][2016-01-27 14:17:20,180][com.java.SeleniumDriver] [  918] - --------------------------setting values-----------------------------
[INFO ][2016-01-27 14:17:20,180][com.java.SeleniumDriver] [  921] - Action Type : CLICKWITHALERT
[INFO ][2016-01-27 14:17:31,262][com.java.SeleniumDriver] [  930] -  RESULT true
[INFO ][2016-01-27 14:17:31,262][com.java.SeleniumDriver] [ 1136] - ?   P A S S   ?
[INFO ][2016-01-27 14:17:31,262][com.java.SeleniumDriver] [  856] - ------------------------------------------
[INFO ][2016-01-27 14:17:31,262][com.java.SeleniumDriver] [  857] - Test case being Executed: 8
[INFO ][2016-01-27 14:17:31,262][com.java.SeleniumDriver] [  869] - Test step:80
[INFO ][2016-01-27 14:17:31,262][com.java.SeleniumDriver] [  881] - Datavalue is----------2
[INFO ][2016-01-27 14:17:31,262][com.java.SeleniumDriver] [  905] - DataField : test
[INFO ][2016-01-27 14:17:31,262][com.java.SeleniumDriver] [  907] - DataValue : 2
[INFO ][2016-01-27 14:17:31,262][com.java.SeleniumDriver] [  913] - <In Set values of the page>
[INFO ][2016-01-27 14:17:31,262][com.java.SeleniumDriver] [  916] - {Data Fields & Data Values Exist}
[INFO ][2016-01-27 14:17:31,262][com.java.SeleniumDriver] [  918] - --------------------------setting values-----------------------------
[INFO ][2016-01-27 14:17:31,262][com.java.SeleniumDriver] [  921] - Action Type : WAITTIME
[DEBUG][2016-01-27 14:17:31,262][com.java.TestType] [ 6218] - sleepTime: 2000
[INFO ][2016-01-27 14:17:33,263][com.java.SeleniumDriver] [  930] -  RESULT true
[INFO ][2016-01-27 14:17:33,263][com.java.SeleniumDriver] [ 1136] - ?   P A S S   ?
[INFO ][2016-01-27 14:17:33,263][com.java.SeleniumDriver] [  856] - ------------------------------------------
[INFO ][2016-01-27 14:17:33,263][com.java.SeleniumDriver] [  857] - Test case being Executed: 8
[INFO ][2016-01-27 14:17:33,263][com.java.SeleniumDriver] [  869] - Test step:81
[INFO ][2016-01-27 14:17:33,263][com.java.SeleniumDriver] [  881] - Datavalue is----------LoanIdentifier::OK
[INFO ][2016-01-27 14:17:33,263][com.java.SeleniumDriver] [  905] - DataField : RCC//table[@id='tblLoans']/tbody//td/a[contains(text(),'mytext')]/following::td[8]/delete/img[@title="Click to delete loan."]
[INFO ][2016-01-27 14:17:33,263][com.java.SeleniumDriver] [  907] - DataValue : LoanIdentifier::OK
[INFO ][2016-01-27 14:17:33,263][com.java.SeleniumDriver] [  913] - <In Set values of the page>
[INFO ][2016-01-27 14:17:33,263][com.java.SeleniumDriver] [  916] - {Data Fields & Data Values Exist}
[INFO ][2016-01-27 14:17:33,263][com.java.SeleniumDriver] [  918] - --------------------------setting values-----------------------------
[INFO ][2016-01-27 14:17:33,263][com.java.SeleniumDriver] [  921] - Action Type : CLICKWITHALERT
[INFO ][2016-01-27 14:17:45,285][com.java.SeleniumDriver] [  930] -  RESULT true
[INFO ][2016-01-27 14:17:45,285][com.java.SeleniumDriver] [ 1136] - ?   P A S S   ?
[INFO ][2016-01-27 14:17:45,285][com.java.SeleniumDriver] [  856] - ------------------------------------------
[INFO ][2016-01-27 14:17:45,285][com.java.SeleniumDriver] [  857] - Test case being Executed: 8
[INFO ][2016-01-27 14:17:45,285][com.java.SeleniumDriver] [  869] - Test step:82
[INFO ][2016-01-27 14:17:45,285][com.java.SeleniumDriver] [  881] - Datavalue is----------null
[DEBUG][2016-01-27 14:17:45,285][com.java.SeleniumDriver] [  899] - Exception: null
[INFO ][2016-01-27 14:17:45,285][com.java.SeleniumDriver] [  905] - DataField : BTNparent
[INFO ][2016-01-27 14:17:45,285][com.java.SeleniumDriver] [  907] - DataValue : 
[INFO ][2016-01-27 14:17:45,285][com.java.SeleniumDriver] [  913] - <In Set values of the page>
[INFO ][2016-01-27 14:17:45,285][com.java.SeleniumDriver] [  916] - {Data Fields & Data Values Exist}
[INFO ][2016-01-27 14:17:45,285][com.java.SeleniumDriver] [  918] - --------------------------setting values-----------------------------
[INFO ][2016-01-27 14:17:45,285][com.java.SeleniumDriver] [  921] - Action Type : SELECTFRAME
[INFO ][2016-01-27 14:17:45,286][com.java.SeleniumDriver] [  930] -  RESULT true
[INFO ][2016-01-27 14:17:45,286][com.java.SeleniumDriver] [ 1136] - ?   P A S S   ?
[INFO ][2016-01-27 14:17:45,286][com.java.SeleniumDriver] [  856] - ------------------------------------------
[INFO ][2016-01-27 14:17:45,286][com.java.SeleniumDriver] [  857] - Test case being Executed: 8
[INFO ][2016-01-27 14:17:45,286][com.java.SeleniumDriver] [  869] - Test step:83
[INFO ][2016-01-27 14:17:45,286][com.java.SeleniumDriver] [  881] - Datavalue is----------null
[DEBUG][2016-01-27 14:17:45,286][com.java.SeleniumDriver] [  899] - Exception: null
[INFO ][2016-01-27 14:17:45,286][com.java.SeleniumDriver] [  905] - DataField : BTNcloseAllTabs
[INFO ][2016-01-27 14:17:45,286][com.java.SeleniumDriver] [  907] - DataValue : 
[INFO ][2016-01-27 14:17:45,286][com.java.SeleniumDriver] [  913] - <In Set values of the page>
[INFO ][2016-01-27 14:17:45,286][com.java.SeleniumDriver] [  916] - {Data Fields & Data Values Exist}
[INFO ][2016-01-27 14:17:45,286][com.java.SeleniumDriver] [  918] - --------------------------setting values-----------------------------
[INFO ][2016-01-27 14:17:45,286][com.java.SeleniumDriver] [  921] - Action Type : CLICK
[INFO ][2016-01-27 14:17:45,286][com.java.TestType] [ 6783] - Field ::BTNcloseAllTabs
[INFO ][2016-01-27 14:17:45,286][com.java.TestType] [ 6404] - value = 
[INFO ][2016-01-27 14:17:46,296][com.java.TestType] [ 6935] - BEFORE CLICK
[INFO ][2016-01-27 14:17:48,142][com.java.TestType] [ 6942] - Unable to click the object Close all tabs button
[INFO ][2016-01-27 14:17:48,142][com.java.SeleniumDriver] [  930] -  RESULT true
[INFO ][2016-01-27 14:17:48,142][com.java.SeleniumDriver] [ 1136] - ?   P A S S   ?
[INFO ][2016-01-27 14:17:48,142][com.java.SeleniumDriver] [  856] - ------------------------------------------
[INFO ][2016-01-27 14:17:48,142][com.java.SeleniumDriver] [  857] - Test case being Executed: 8
[INFO ][2016-01-27 14:17:48,142][com.java.SeleniumDriver] [  869] - Test step:84
[INFO ][2016-01-27 14:17:48,142][com.java.SeleniumDriver] [  881] - Datavalue is----------3
[INFO ][2016-01-27 14:17:48,142][com.java.SeleniumDriver] [  905] - DataField : XPH//div[contains(text(), 'My Dashboard')]
[INFO ][2016-01-27 14:17:48,142][com.java.SeleniumDriver] [  907] - DataValue : 3
[INFO ][2016-01-27 14:17:48,142][com.java.SeleniumDriver] [  913] - <In Set values of the page>
[INFO ][2016-01-27 14:17:48,142][com.java.SeleniumDriver] [  916] - {Data Fields & Data Values Exist}
[INFO ][2016-01-27 14:17:48,142][com.java.SeleniumDriver] [  918] - --------------------------setting values-----------------------------
[INFO ][2016-01-27 14:17:48,142][com.java.SeleniumDriver] [  921] - Action Type : WAITFORELEMENT
[INFO ][2016-01-27 14:17:48,232][com.java.SeleniumDriver] [  930] -  RESULT true
[INFO ][2016-01-27 14:17:48,232][com.java.SeleniumDriver] [ 1136] - ?   P A S S   ?
[INFO ][2016-01-27 14:17:48,232][com.java.SeleniumDriver] [  856] - ------------------------------------------
[INFO ][2016-01-27 14:17:48,232][com.java.SeleniumDriver] [  857] - Test case being Executed: 8
[INFO ][2016-01-27 14:17:48,232][com.java.SeleniumDriver] [  869] - Test step:85
[INFO ][2016-01-27 14:17:48,232][com.java.SeleniumDriver] [  881] - Datavalue is----------//div[contains(text(), 'My Dashboard')]
[INFO ][2016-01-27 14:17:48,232][com.java.SeleniumDriver] [  905] - DataField : BTN
[INFO ][2016-01-27 14:17:48,232][com.java.SeleniumDriver] [  907] - DataValue : //div[contains(text(), 'My Dashboard')]
[INFO ][2016-01-27 14:17:48,232][com.java.SeleniumDriver] [  913] - <In Set values of the page>
[INFO ][2016-01-27 14:17:48,232][com.java.SeleniumDriver] [  916] - {Data Fields & Data Values Exist}
[INFO ][2016-01-27 14:17:48,232][com.java.SeleniumDriver] [  918] - --------------------------setting values-----------------------------
[INFO ][2016-01-27 14:17:48,232][com.java.SeleniumDriver] [  921] - Action Type : VERIFY
[INFO ][2016-01-27 14:17:48,232][com.java.TestType] [ 7994] - field= BTN value= //div[contains(text(), 'My Dashboard')]
[INFO ][2016-01-27 14:17:48,232][com.java.TestType] [ 6404] - value = //div[contains(text(), 'My Dashboard')]
[INFO ][2016-01-27 14:17:48,342][com.java.SeleniumDriver] [  930] -  RESULT true
[INFO ][2016-01-27 14:17:48,342][com.java.SeleniumDriver] [ 1136] - ?   P A S S   ?
[DEBUG][2016-01-27 14:17:48,342][com.java.SeleniumDriver] [ 1248] - Case found
[DEBUG][2016-01-27 14:17:48,342][com.java.SeleniumDriver] [ 1253] - Incrementing ReportCounters[0]:2
[INFO ][2016-01-27 14:17:48,342][com.java.SeleniumDriver] [ 1272] - The results are-------------------[8, 1, LOAN PRICING: Loan Pricing Model, Pass, , Wed Jan 27 14:14:30 IST 2016, 8, 3, LOAN PRICING: Loan Pricing Model, Pass, , Wed Jan 27 14:14:35 IST 2016, 8, 4, LOAN PRICING: Loan Pricing Model, Pass, , Wed Jan 27 14:14:58 IST 2016, 8, 5, LOAN PRICING: Loan Pricing Model, Pass, , Wed Jan 27 14:14:58 IST 2016, 8, 6, LOAN PRICING: Loan Pricing Model, Pass, , Wed Jan 27 14:15:00 IST 2016, 8, 7, LOAN PRICING: Loan Pricing Model, Pass, , Wed Jan 27 14:15:05 IST 2016, 8, 8, LOAN PRICING: Loan Pricing Model, Pass, , Wed Jan 27 14:15:07 IST 2016, 8, 9, LOAN PRICING: Loan Pricing Model, Pass, , Wed Jan 27 14:15:07 IST 2016, 8, 10, LOAN PRICING: Loan Pricing Model, Pass, , Wed Jan 27 14:15:07 IST 2016, 8, 11, LOAN PRICING: Loan Pricing Model, Pass, , Wed Jan 27 14:15:07 IST 2016, 8, 12, LOAN PRICING: Loan Pricing Model, Pass, , Wed Jan 27 14:15:08 IST 2016, 8, 13, LOAN PRICING: Loan Pricing Model, Pass, , Wed Jan 27 14:15:13 IST 2016, 8, 14, LOAN PRICING: Loan Pricing Model, Pass, , Wed Jan 27 14:15:16 IST 2016, 8, 15, LOAN PRICING: Loan Pricing Model, Pass, , Wed Jan 27 14:15:17 IST 2016, 8, 16, LOAN PRICING: Loan Pricing Model, Pass, , Wed Jan 27 14:15:19 IST 2016, 8, 17, LOAN PRICING: Loan Pricing Model, Pass, , Wed Jan 27 14:15:21 IST 2016, 8, 18, LOAN PRICING: Loan Pricing Model, Pass, , Wed Jan 27 14:15:23 IST 2016, 8, 19, LOAN PRICING: Loan Pricing Model, Pass, , Wed Jan 27 14:15:26 IST 2016, 8, 20, LOAN PRICING: Loan Pricing Model, Pass, , Wed Jan 27 14:15:28 IST 2016, 8, 21, LOAN PRICING: Loan Pricing Model, Pass, , Wed Jan 27 14:15:30 IST 2016, 8, 22, LOAN PRICING: Loan Pricing Model, Pass, , Wed Jan 27 14:15:32 IST 2016, 8, 23, LOAN PRICING: Loan Pricing Model, Pass, , Wed Jan 27 14:15:32 IST 2016, 8, 24, LOAN PRICING: Loan Pricing Model, Pass, , Wed Jan 27 14:15:34 IST 2016, 8, 25, LOAN PRICING: Loan Pricing Model, Pass, , Wed Jan 27 14:15:36 IST 2016, 8, 26, LOAN PRICING: Loan Pricing Model, Pass, , Wed Jan 27 14:15:36 IST 2016, 8, 27, LOAN PRICING: Loan Pricing Model, Pass, , Wed Jan 27 14:15:39 IST 2016, 8, 28, LOAN PRICING: Loan Pricing Model, Pass, , Wed Jan 27 14:15:40 IST 2016, 8, 29, LOAN PRICING: Loan Pricing Model, Pass, , Wed Jan 27 14:15:50 IST 2016, 8, 30, LOAN PRICING: Loan Pricing Model, Pass, , Wed Jan 27 14:15:50 IST 2016, 8, 31, LOAN PRICING: Loan Pricing Model, Pass, , Wed Jan 27 14:15:50 IST 2016, 8, 32, LOAN PRICING: Loan Pricing Model, Pass, , Wed Jan 27 14:15:52 IST 2016, 8, 33, LOAN PRICING: Loan Pricing Model, Pass, , Wed Jan 27 14:15:53 IST 2016, 8, 34, LOAN PRICING: Loan Pricing Model, Pass, , Wed Jan 27 14:15:58 IST 2016, 8, 35, LOAN PRICING: Loan Pricing Model, Pass, , Wed Jan 27 14:15:58 IST 2016, 8, 36, LOAN PRICING: Loan Pricing Model, Pass, , Wed Jan 27 14:15:58 IST 2016, 8, 37, LOAN PRICING: Loan Pricing Model, Pass, , Wed Jan 27 14:15:58 IST 2016, 8, 38, LOAN PRICING: Loan Pricing Model, Pass, , Wed Jan 27 14:15:59 IST 2016, 8, 39, LOAN PRICING: Loan Pricing Model, Pass, , Wed Jan 27 14:16:01 IST 2016, 8, 40, LOAN PRICING: Loan Pricing Model, Pass, , Wed Jan 27 14:16:02 IST 2016, 8, 41, LOAN PRICING: Loan Pricing Model, Pass, , Wed Jan 27 14:16:05 IST 2016, 8, 42, LOAN PRICING: Loan Pricing Model, Pass, , Wed Jan 27 14:16:05 IST 2016, 8, 43, LOAN PRICING: Loan Pricing Model, Pass, , Wed Jan 27 14:16:06 IST 2016, 8, 44, LOAN PRICING: Loan Pricing Model, Pass, , Wed Jan 27 14:16:08 IST 2016, 8, 45, LOAN PRICING: Loan Pricing Model, Pass, , Wed Jan 27 14:16:10 IST 2016, 8, 48, LOAN PRICING: Loan Pricing Model, Pass, , Wed Jan 27 14:16:13 IST 2016, 8, 49, LOAN PRICING: Loan Pricing Model, Pass, , Wed Jan 27 14:16:15 IST 2016, 8, 50, LOAN PRICING: Loan Pricing Model, Pass, , Wed Jan 27 14:16:17 IST 2016, 8, 51, LOAN PRICING: Loan Pricing Model, Pass, , Wed Jan 27 14:16:18 IST 2016, 8, 52, LOAN PRICING: Loan Pricing Model, Pass, , Wed Jan 27 14:16:20 IST 2016, 8, 53, LOAN PRICING: Loan Pricing Model, Pass, , Wed Jan 27 14:16:23 IST 2016, 8, 54, LOAN PRICING: Loan Pricing Model, Pass, , Wed Jan 27 14:16:25 IST 2016, 8, 55, LOAN PRICING: Loan Pricing Model, Pass, , Wed Jan 27 14:16:27 IST 2016, 8, 56, LOAN PRICING: Loan Pricing Model, Pass, , Wed Jan 27 14:16:29 IST 2016, 8, 57, LOAN PRICING: Loan Pricing Model, Pass, , Wed Jan 27 14:16:29 IST 2016, 8, 58, LOAN PRICING: Loan Pricing Model, Pass, , Wed Jan 27 14:16:31 IST 2016, 8, 59, LOAN PRICING: Loan Pricing Model, Pass, , Wed Jan 27 14:16:31 IST 2016, 8, 60, LOAN PRICING: Loan Pricing Model, Pass, , Wed Jan 27 14:16:32 IST 2016, 8, 61, LOAN PRICING: Loan Pricing Model, Pass, , Wed Jan 27 14:16:55 IST 2016, 8, 62, LOAN PRICING: Loan Pricing Model, Pass, , Wed Jan 27 14:16:55 IST 2016, 8, 63, LOAN PRICING: Loan Pricing Model, Pass, , Wed Jan 27 14:16:57 IST 2016, 8, 64, LOAN PRICING: Loan Pricing Model, Pass, , Wed Jan 27 14:17:02 IST 2016, 8, 65, LOAN PRICING: Loan Pricing Model, Pass, , Wed Jan 27 14:17:04 IST 2016, 8, 66, LOAN PRICING: Loan Pricing Model, Pass, , Wed Jan 27 14:17:04 IST 2016, 8, 67, LOAN PRICING: Loan Pricing Model, Pass, , Wed Jan 27 14:17:06 IST 2016, 8, 68, LOAN PRICING: Loan Pricing Model, Pass, , Wed Jan 27 14:17:06 IST 2016, 8, 69, LOAN PRICING: Loan Pricing Model, Pass, , Wed Jan 27 14:17:06 IST 2016, 8, 70, LOAN PRICING: Loan Pricing Model, Pass, , Wed Jan 27 14:17:08 IST 2016, 8, 71, LOAN PRICING: Loan Pricing Model, Pass, , Wed Jan 27 14:17:09 IST 2016, 8, 72, LOAN PRICING: Loan Pricing Model, Pass, , Wed Jan 27 14:17:11 IST 2016, 8, 73, LOAN PRICING: Loan Pricing Model, Pass, , Wed Jan 27 14:17:13 IST 2016, 8, 74, LOAN PRICING: Loan Pricing Model, Pass, , Wed Jan 27 14:17:15 IST 2016, 8, 75, LOAN PRICING: Loan Pricing Model, Pass, , Wed Jan 27 14:17:15 IST 2016, 8, 76, LOAN PRICING: Loan Pricing Model, Pass, , Wed Jan 27 14:17:18 IST 2016, 8, 77, LOAN PRICING: Loan Pricing Model, Pass, , Wed Jan 27 14:17:20 IST 2016, 8, 78, LOAN PRICING: Loan Pricing Model, Pass, , Wed Jan 27 14:17:20 IST 2016, 8, 79, LOAN PRICING: Loan Pricing Model, Pass, , Wed Jan 27 14:17:31 IST 2016, 8, 80, LOAN PRICING: Loan Pricing Model, Pass, , Wed Jan 27 14:17:33 IST 2016, 8, 81, LOAN PRICING: Loan Pricing Model, Pass, , Wed Jan 27 14:17:45 IST 2016, 8, 82, LOAN PRICING: Loan Pricing Model, Pass, , Wed Jan 27 14:17:45 IST 2016, 8, 83, LOAN PRICING: Loan Pricing Model, Pass, , Wed Jan 27 14:17:48 IST 2016, 8, 84, LOAN PRICING: Loan Pricing Model, Pass, , Wed Jan 27 14:17:48 IST 2016, 8, 85, LOAN PRICING: Loan Pricing Model, Pass, , Wed Jan 27 14:17:48 IST 2016]
[INFO ][2016-01-27 14:17:48,342][com.java.SeleniumDriver] [ 1276] - End time is-------4 min 12 sec
[INFO ][2016-01-27 14:17:48,342][com.java.SeleniumDriver] [ 1277] - The results are-------------------[8, 1, LOAN PRICING: Loan Pricing Model, Pass, , Wed Jan 27 14:14:30 IST 2016, 8, 3, LOAN PRICING: Loan Pricing Model, Pass, , Wed Jan 27 14:14:35 IST 2016, 8, 4, LOAN PRICING: Loan Pricing Model, Pass, , Wed Jan 27 14:14:58 IST 2016, 8, 5, LOAN PRICING: Loan Pricing Model, Pass, , Wed Jan 27 14:14:58 IST 2016, 8, 6, LOAN PRICING: Loan Pricing Model, Pass, , Wed Jan 27 14:15:00 IST 2016, 8, 7, LOAN PRICING: Loan Pricing Model, Pass, , Wed Jan 27 14:15:05 IST 2016, 8, 8, LOAN PRICING: Loan Pricing Model, Pass, , Wed Jan 27 14:15:07 IST 2016, 8, 9, LOAN PRICING: Loan Pricing Model, Pass, , Wed Jan 27 14:15:07 IST 2016, 8, 10, LOAN PRICING: Loan Pricing Model, Pass, , Wed Jan 27 14:15:07 IST 2016, 8, 11, LOAN PRICING: Loan Pricing Model, Pass, , Wed Jan 27 14:15:07 IST 2016, 8, 12, LOAN PRICING: Loan Pricing Model, Pass, , Wed Jan 27 14:15:08 IST 2016, 8, 13, LOAN PRICING: Loan Pricing Model, Pass, , Wed Jan 27 14:15:13 IST 2016, 8, 14, LOAN PRICING: Loan Pricing Model, Pass, , Wed Jan 27 14:15:16 IST 2016, 8, 15, LOAN PRICING: Loan Pricing Model, Pass, , Wed Jan 27 14:15:17 IST 2016, 8, 16, LOAN PRICING: Loan Pricing Model, Pass, , Wed Jan 27 14:15:19 IST 2016, 8, 17, LOAN PRICING: Loan Pricing Model, Pass, , Wed Jan 27 14:15:21 IST 2016, 8, 18, LOAN PRICING: Loan Pricing Model, Pass, , Wed Jan 27 14:15:23 IST 2016, 8, 19, LOAN PRICING: Loan Pricing Model, Pass, , Wed Jan 27 14:15:26 IST 2016, 8, 20, LOAN PRICING: Loan Pricing Model, Pass, , Wed Jan 27 14:15:28 IST 2016, 8, 21, LOAN PRICING: Loan Pricing Model, Pass, , Wed Jan 27 14:15:30 IST 2016, 8, 22, LOAN PRICING: Loan Pricing Model, Pass, , Wed Jan 27 14:15:32 IST 2016, 8, 23, LOAN PRICING: Loan Pricing Model, Pass, , Wed Jan 27 14:15:32 IST 2016, 8, 24, LOAN PRICING: Loan Pricing Model, Pass, , Wed Jan 27 14:15:34 IST 2016, 8, 25, LOAN PRICING: Loan Pricing Model, Pass, , Wed Jan 27 14:15:36 IST 2016, 8, 26, LOAN PRICING: Loan Pricing Model, Pass, , Wed Jan 27 14:15:36 IST 2016, 8, 27, LOAN PRICING: Loan Pricing Model, Pass, , Wed Jan 27 14:15:39 IST 2016, 8, 28, LOAN PRICING: Loan Pricing Model, Pass, , Wed Jan 27 14:15:40 IST 2016, 8, 29, LOAN PRICING: Loan Pricing Model, Pass, , Wed Jan 27 14:15:50 IST 2016, 8, 30, LOAN PRICING: Loan Pricing Model, Pass, , Wed Jan 27 14:15:50 IST 2016, 8, 31, LOAN PRICING: Loan Pricing Model, Pass, , Wed Jan 27 14:15:50 IST 2016, 8, 32, LOAN PRICING: Loan Pricing Model, Pass, , Wed Jan 27 14:15:52 IST 2016, 8, 33, LOAN PRICING: Loan Pricing Model, Pass, , Wed Jan 27 14:15:53 IST 2016, 8, 34, LOAN PRICING: Loan Pricing Model, Pass, , Wed Jan 27 14:15:58 IST 2016, 8, 35, LOAN PRICING: Loan Pricing Model, Pass, , Wed Jan 27 14:15:58 IST 2016, 8, 36, LOAN PRICING: Loan Pricing Model, Pass, , Wed Jan 27 14:15:58 IST 2016, 8, 37, LOAN PRICING: Loan Pricing Model, Pass, , Wed Jan 27 14:15:58 IST 2016, 8, 38, LOAN PRICING: Loan Pricing Model, Pass, , Wed Jan 27 14:15:59 IST 2016, 8, 39, LOAN PRICING: Loan Pricing Model, Pass, , Wed Jan 27 14:16:01 IST 2016, 8, 40, LOAN PRICING: Loan Pricing Model, Pass, , Wed Jan 27 14:16:02 IST 2016, 8, 41, LOAN PRICING: Loan Pricing Model, Pass, , Wed Jan 27 14:16:05 IST 2016, 8, 42, LOAN PRICING: Loan Pricing Model, Pass, , Wed Jan 27 14:16:05 IST 2016, 8, 43, LOAN PRICING: Loan Pricing Model, Pass, , Wed Jan 27 14:16:06 IST 2016, 8, 44, LOAN PRICING: Loan Pricing Model, Pass, , Wed Jan 27 14:16:08 IST 2016, 8, 45, LOAN PRICING: Loan Pricing Model, Pass, , Wed Jan 27 14:16:10 IST 2016, 8, 48, LOAN PRICING: Loan Pricing Model, Pass, , Wed Jan 27 14:16:13 IST 2016, 8, 49, LOAN PRICING: Loan Pricing Model, Pass, , Wed Jan 27 14:16:15 IST 2016, 8, 50, LOAN PRICING: Loan Pricing Model, Pass, , Wed Jan 27 14:16:17 IST 2016, 8, 51, LOAN PRICING: Loan Pricing Model, Pass, , Wed Jan 27 14:16:18 IST 2016, 8, 52, LOAN PRICING: Loan Pricing Model, Pass, , Wed Jan 27 14:16:20 IST 2016, 8, 53, LOAN PRICING: Loan Pricing Model, Pass, , Wed Jan 27 14:16:23 IST 2016, 8, 54, LOAN PRICING: Loan Pricing Model, Pass, , Wed Jan 27 14:16:25 IST 2016, 8, 55, LOAN PRICING: Loan Pricing Model, Pass, , Wed Jan 27 14:16:27 IST 2016, 8, 56, LOAN PRICING: Loan Pricing Model, Pass, , Wed Jan 27 14:16:29 IST 2016, 8, 57, LOAN PRICING: Loan Pricing Model, Pass, , Wed Jan 27 14:16:29 IST 2016, 8, 58, LOAN PRICING: Loan Pricing Model, Pass, , Wed Jan 27 14:16:31 IST 2016, 8, 59, LOAN PRICING: Loan Pricing Model, Pass, , Wed Jan 27 14:16:31 IST 2016, 8, 60, LOAN PRICING: Loan Pricing Model, Pass, , Wed Jan 27 14:16:32 IST 2016, 8, 61, LOAN PRICING: Loan Pricing Model, Pass, , Wed Jan 27 14:16:55 IST 2016, 8, 62, LOAN PRICING: Loan Pricing Model, Pass, , Wed Jan 27 14:16:55 IST 2016, 8, 63, LOAN PRICING: Loan Pricing Model, Pass, , Wed Jan 27 14:16:57 IST 2016, 8, 64, LOAN PRICING: Loan Pricing Model, Pass, , Wed Jan 27 14:17:02 IST 2016, 8, 65, LOAN PRICING: Loan Pricing Model, Pass, , Wed Jan 27 14:17:04 IST 2016, 8, 66, LOAN PRICING: Loan Pricing Model, Pass, , Wed Jan 27 14:17:04 IST 2016, 8, 67, LOAN PRICING: Loan Pricing Model, Pass, , Wed Jan 27 14:17:06 IST 2016, 8, 68, LOAN PRICING: Loan Pricing Model, Pass, , Wed Jan 27 14:17:06 IST 2016, 8, 69, LOAN PRICING: Loan Pricing Model, Pass, , Wed Jan 27 14:17:06 IST 2016, 8, 70, LOAN PRICING: Loan Pricing Model, Pass, , Wed Jan 27 14:17:08 IST 2016, 8, 71, LOAN PRICING: Loan Pricing Model, Pass, , Wed Jan 27 14:17:09 IST 2016, 8, 72, LOAN PRICING: Loan Pricing Model, Pass, , Wed Jan 27 14:17:11 IST 2016, 8, 73, LOAN PRICING: Loan Pricing Model, Pass, , Wed Jan 27 14:17:13 IST 2016, 8, 74, LOAN PRICING: Loan Pricing Model, Pass, , Wed Jan 27 14:17:15 IST 2016, 8, 75, LOAN PRICING: Loan Pricing Model, Pass, , Wed Jan 27 14:17:15 IST 2016, 8, 76, LOAN PRICING: Loan Pricing Model, Pass, , Wed Jan 27 14:17:18 IST 2016, 8, 77, LOAN PRICING: Loan Pricing Model, Pass, , Wed Jan 27 14:17:20 IST 2016, 8, 78, LOAN PRICING: Loan Pricing Model, Pass, , Wed Jan 27 14:17:20 IST 2016, 8, 79, LOAN PRICING: Loan Pricing Model, Pass, , Wed Jan 27 14:17:31 IST 2016, 8, 80, LOAN PRICING: Loan Pricing Model, Pass, , Wed Jan 27 14:17:33 IST 2016, 8, 81, LOAN PRICING: Loan Pricing Model, Pass, , Wed Jan 27 14:17:45 IST 2016, 8, 82, LOAN PRICING: Loan Pricing Model, Pass, , Wed Jan 27 14:17:45 IST 2016, 8, 83, LOAN PRICING: Loan Pricing Model, Pass, , Wed Jan 27 14:17:48 IST 2016, 8, 84, LOAN PRICING: Loan Pricing Model, Pass, , Wed Jan 27 14:17:48 IST 2016, 8, 85, LOAN PRICING: Loan Pricing Model, Pass, , Wed Jan 27 14:17:48 IST 2016]
[DEBUG][2016-01-27 14:17:48,342][com.java.ImportnExport.ExportTestResultsExcel] [  222] - testResultPath = D:\BankersDashboard/TestReports/Test Results_BankersDashBoard_012716_141338_IE10_Any Bank USA.xls
[DEBUG][2016-01-27 14:17:48,342][com.java.ImportnExport.ExportTestResultsExcel] [  223] - browser is------------IE10
[DEBUG][2016-01-27 14:17:48,342][com.java.ImportnExport.ExportTestResultsExcel] [  270] - result.size() = 492
[DEBUG][2016-01-27 14:17:48,342][com.java.ImportnExport.ExportTestResultsExcel] [  274] - No of rows in sheet=2
[DEBUG][2016-01-27 14:17:48,342][com.java.ImportnExport.ExportTestResultsExcel] [  301] - ..in export..8
[DEBUG][2016-01-27 14:17:48,342][com.java.ImportnExport.ExportTestResultsExcel] [  301] - ..in export..LOAN PRICING: Loan Pricing Model
[DEBUG][2016-01-27 14:17:48,342][com.java.ImportnExport.ExportTestResultsExcel] [  301] - ..in export..Pass
[DEBUG][2016-01-27 14:17:48,342][com.java.ImportnExport.ExportTestResultsExcel] [  301] - ..in export..
[DEBUG][2016-01-27 14:17:48,342][com.java.ImportnExport.ExportTestResultsExcel] [  301] - ..in export..Wed Jan 27 14:14:30 IST 2016
[INFO ][2016-01-27 14:17:48,342][com.java.SeleniumDriver] [ 1337] - out loop:1 size:2 TestCases:[1, 8] testcases:[1, 8]
[INFO ][2016-01-27 14:17:50,342][com.java.SeleniumDriver] [ 1380] - Total Number of Cases:2
[INFO ][2016-01-27 14:17:50,342][com.java.TemplateGenerator] [  302] - Executed:2
[INFO ][2016-01-27 14:17:50,342][com.java.TemplateGenerator] [  303] - Passed:2
[INFO ][2016-01-27 14:17:50,342][com.java.TemplateGenerator] [  304] - Failed:0
[INFO ][2016-01-27 14:17:50,342][com.java.TemplateGenerator] [  305] - Skipeed:0
[INFO ][2016-01-27 14:17:50,342][com.java.TemplateGenerator] [  306] - Application URL:https://clients-xuat.bankersdashboard.com
[INFO ][2016-01-27 14:17:50,342][com.java.TemplateGenerator] [  307] - Start Time:012716_141338
[INFO ][2016-01-27 14:17:50,342][com.java.TemplateGenerator] [  308] -  Creating HTML Report 
[ERROR][2016-01-27 14:17:50,722][com.java.TemplateGenerator] [  409] - Unparseable date: "Wed Jan 27 02:13:38 IST 2016"
[INFO ][2016-01-27 14:17:50,722][com.java.TemplateGenerator] [  654] -  Exporting case :: 1
[INFO ][2016-01-27 14:17:50,722][com.java.TemplateGenerator] [  654] -  Exporting case :: 8
[INFO ][2016-01-27 14:17:50,732][com.java.SeleniumDriver] [ 1429] - End Time:012716_141750
[INFO ][2016-01-27 14:17:50,732][com.java.SeleniumDriver] [ 1432] - Data in Test Execution Details:{1=PASS, 8=PASS}
[INFO ][2016-01-27 14:17:50,732][com.java.SeleniumDriver] [ 1433] - Data in Failed Execution Deatils:{}
[INFO ][2016-01-27 14:17:50,732][com.java.SeleniumDriver] [ 1435] - ReportCounter:Total:2 :: PASS: 2 ::FAIL: 0
[INFO ][2016-01-27 14:17:50,732][com.java.SeleniumDriver] [ 1436] - FailedReportCounter:Total:0 :: PASS: 0 ::FAIL: 0
[INFO ][2016-01-27 14:17:50,763][com.java.EmailTestReport] [   63] - Sending report mail details:
[INFO ][2016-01-27 14:17:50,763][com.java.EmailTestReport] [   80] - Excel Report Path:D:\BankersDashboard/TestReports/Test Results_BankersDashBoard_012716_141338_IE10_Any Bank USA.xls
[INFO ][2016-01-27 14:17:50,763][com.java.EmailTestReport] [   81] - HTML Report Path:D:\BankersDashboard//TestReports//Test Results_BankersDashBoard_012716_141338_IE10_Any Bank USA.html
[INFO ][2016-01-27 14:17:50,763][com.java.EmailTestReport] [   82] - smtpHostName:mail01.valuelabs.com
[INFO ][2016-01-27 14:17:50,763][com.java.EmailTestReport] [   83] - Recipient:venkateswararao.gubbala@valuelabs.com;
[INFO ][2016-01-27 14:17:50,763][com.java.EmailTestReport] [   84] - From:venkateswararao.gubbala@valuelabs.com;
[INFO ][2016-01-27 14:17:50,763][com.java.EmailTestReport] [   85] - Subject:Deluxe Corp Bankers Dashboard Automation Test Report - Any Bank USA - IE10
[INFO ][2016-01-27 14:17:50,803][com.java.EmailTestReport] [  143] -  Added venkateswararao.gubbala@valuelabs.com
[INFO ][2016-01-27 14:17:55,374][com.java.SeleniumDriver] [  722] - quitting the browser 
[INFO ][2016-01-27 14:17:58,144][com.java.SeleniumDriver] [  264] - Execution Completed Stopping the thread
