[INFO ][2015-12-09 16:52:05,736][com.java.SeleniumDriver] [  213] - Execute Failed Casesfalse
[INFO ][2015-12-09 16:52:05,736][com.java.SeleniumDriver] [  214] - Browser: IE10
[INFO ][2015-12-09 16:52:05,736][com.java.SeleniumDriver] [  215] - [1, 2]
[INFO ][2015-12-09 16:52:05,736][com.java.SeleniumDriver] [  216] - Total TestCases:2
[INFO ][2015-12-09 16:52:05,736][com.java.SeleniumDriver] [  217] -  Reading Properties from Property File 
[DEBUG][2015-12-09 16:52:05,737][com.java.SeleniumDriver] [  238] - url : https://clients-xuat.bankersdashboard.com
[INFO ][2015-12-09 16:52:05,738][com.java.ImportnExport.ExportTestResultsExcel] [  116] - Time Stamp Wed Dec 09 04:52:05 IST 2015
[INFO ][2015-12-09 16:52:05,738][com.java.ImportnExport.ExportTestResultsExcel] [  175] - OUT FILE : D:\BankersDashboard/TestReports/Test Results_BankersDashBoard_120915_165205_IE10_CB&S Bank.xls
[INFO ][2015-12-09 16:52:05,766][com.java.ImportnExport.ExportTestResultsExcel] [  180] - Test Result file is created
[DEBUG][2015-12-09 16:52:05,865][com.java.SeleniumDriver] [  426] - Hub ip address is-------172.17.68.34
[INFO ][2015-12-09 16:52:05,866][com.java.SeleniumDriver] [  452] - Grid URL:http://172.17.68.34:4444/wd/hub
[INFO ][2015-12-09 16:52:05,866][com.java.SeleniumDriver] [  453] - Capability:Capabilities [{platform=ANY, ensureCleanSession=true, ignoreProtectedModeSettings=true, acceptSslCerts=true, ignoreZoomSetting=true, browserName=internet explorer, browserstack.ie.noFlash=true, version=null}]
[ERROR][2015-12-09 16:52:07,167][com.java.SeleniumDriver] [  497] - Unable invoke browser in grid:Could not start a new session. Possible causes are invalid address of the remote server or browser start-up failure.
Build info: version: '2.48.2', revision: '41bccdd', time: '2015-10-09 19:59:12'
System info: host: 'FVTIII438F1D', ip: '172.17.68.34', os.name: 'Windows 7', os.arch: 'x86', os.version: '6.1', java.version: '1.7.0_55'
Driver info: driver.version: SeleniumDriver
[INFO ][2015-12-09 16:52:07,167][com.java.SeleniumDriver] [  499] - Executing on local machine
[INFO ][2015-12-09 16:52:16,689][com.java.SeleniumDriver] [  248] - IE10is opened
[INFO ][2015-12-09 16:52:17,546][com.java.SeleniumDriver] [  754] - Test cases to be executed are: [1, 2]
[INFO ][2015-12-09 16:52:17,566][com.java.ImportnExport.ImportTestDataDetailsExcel] [   49] - test data details path===== D:\BankersDashboard\TestInputs\TestData.xls
[INFO ][2015-12-09 16:52:19,296][com.java.SeleniumDriver] [  821] - ------------------------------------------
[INFO ][2015-12-09 16:52:19,296][com.java.SeleniumDriver] [  822] - Test case being Executed: 1
[INFO ][2015-12-09 16:52:19,296][com.java.SeleniumDriver] [  833] - Test step:1
[INFO ][2015-12-09 16:52:19,296][com.java.SeleniumDriver] [  845] - Datavalue is----------Concept#1:1-14
[INFO ][2015-12-09 16:52:19,297][com.java.SeleniumDriver] [  869] - DataField : test
[INFO ][2015-12-09 16:52:19,297][com.java.SeleniumDriver] [  871] - DataValue : Concept#1:1-14
[INFO ][2015-12-09 16:52:19,297][com.java.SeleniumDriver] [  877] - <In Set values of the page>
[INFO ][2015-12-09 16:52:19,297][com.java.SeleniumDriver] [  880] - {Data Fields & Data Values Exist}
[INFO ][2015-12-09 16:52:19,297][com.java.SeleniumDriver] [  882] - --------------------------setting values-----------------------------
[INFO ][2015-12-09 16:52:19,297][com.java.SeleniumDriver] [  885] - Action Type : ExecuteTestCase
[INFO ][2015-12-09 16:52:19,316][com.java.TestType] [  436] - The Concept sheet name is ---------- Concept
[INFO ][2015-12-09 16:52:19,316][com.java.TestType] [  439] - The Concept ID  is ---------- 1
[DEBUG][2015-12-09 16:52:19,316][com.java.TestType] [  443] - Steps being executted in the Concept are: 1:14
[INFO ][2015-12-09 16:52:19,316][com.java.TestType] [  450] - Test data details path ---------- D:\BankersDashboard\TestInputs\TestData.xls
[INFO ][2015-12-09 16:52:19,929][com.java.TestType] [  481] -  str(1) = 1
[INFO ][2015-12-09 16:52:19,929][com.java.TestType] [  484] - Test case Id is---1
[INFO ][2015-12-09 16:52:19,929][com.java.TestType] [  486] - 1
[INFO ][2015-12-09 16:52:19,929][com.java.TestType] [  481] -  str(2) = 1
[INFO ][2015-12-09 16:52:19,931][com.java.TestType] [  533] - row values are--------{1=com.java.Objects.TestDataDetails@fc3ac5}
[INFO ][2015-12-09 16:52:19,931][com.java.TestType] [  481] -  str(1) = 1
[INFO ][2015-12-09 16:52:19,932][com.java.TestType] [  484] - Test case Id is---1
[INFO ][2015-12-09 16:52:19,932][com.java.TestType] [  486] - 1
[INFO ][2015-12-09 16:52:19,932][com.java.TestType] [  481] -  str(2) = 2
[INFO ][2015-12-09 16:52:19,934][com.java.TestType] [  533] - row values are--------{1=com.java.Objects.TestDataDetails@fc3ac5, 2=com.java.Objects.TestDataDetails@1435faa}
[INFO ][2015-12-09 16:52:19,934][com.java.TestType] [  481] -  str(1) = 1
[INFO ][2015-12-09 16:52:19,934][com.java.TestType] [  484] - Test case Id is---1
[INFO ][2015-12-09 16:52:19,935][com.java.TestType] [  486] - 1
[INFO ][2015-12-09 16:52:19,935][com.java.TestType] [  481] -  str(2) = 3
[INFO ][2015-12-09 16:52:19,936][com.java.TestType] [  533] - row values are--------{1=com.java.Objects.TestDataDetails@fc3ac5, 2=com.java.Objects.TestDataDetails@1435faa, 3=com.java.Objects.TestDataDetails@41a9fa}
[INFO ][2015-12-09 16:52:19,936][com.java.TestType] [  481] -  str(1) = 1
[INFO ][2015-12-09 16:52:19,936][com.java.TestType] [  484] - Test case Id is---1
[INFO ][2015-12-09 16:52:19,936][com.java.TestType] [  486] - 1
[INFO ][2015-12-09 16:52:19,936][com.java.TestType] [  481] -  str(2) = 4
[INFO ][2015-12-09 16:52:19,937][com.java.TestType] [  533] - row values are--------{1=com.java.Objects.TestDataDetails@fc3ac5, 2=com.java.Objects.TestDataDetails@1435faa, 3=com.java.Objects.TestDataDetails@41a9fa, 4=com.java.Objects.TestDataDetails@bba1c5}
[INFO ][2015-12-09 16:52:19,937][com.java.TestType] [  481] -  str(1) = 1
[INFO ][2015-12-09 16:52:19,938][com.java.TestType] [  484] - Test case Id is---1
[INFO ][2015-12-09 16:52:19,938][com.java.TestType] [  486] - 1
[INFO ][2015-12-09 16:52:19,938][com.java.TestType] [  481] -  str(2) = 5
[INFO ][2015-12-09 16:52:19,939][com.java.TestType] [  533] - row values are--------{1=com.java.Objects.TestDataDetails@fc3ac5, 2=com.java.Objects.TestDataDetails@1435faa, 3=com.java.Objects.TestDataDetails@41a9fa, 4=com.java.Objects.TestDataDetails@bba1c5, 5=com.java.Objects.TestDataDetails@50b84c}
[INFO ][2015-12-09 16:52:19,939][com.java.TestType] [  481] -  str(1) = 1
[INFO ][2015-12-09 16:52:19,939][com.java.TestType] [  484] - Test case Id is---1
[INFO ][2015-12-09 16:52:19,939][com.java.TestType] [  486] - 1
[INFO ][2015-12-09 16:52:19,939][com.java.TestType] [  481] -  str(2) = 6
[INFO ][2015-12-09 16:52:19,940][com.java.TestType] [  533] - row values are--------{1=com.java.Objects.TestDataDetails@fc3ac5, 2=com.java.Objects.TestDataDetails@1435faa, 3=com.java.Objects.TestDataDetails@41a9fa, 4=com.java.Objects.TestDataDetails@bba1c5, 5=com.java.Objects.TestDataDetails@50b84c, 6=com.java.Objects.TestDataDetails@fd9691}
[INFO ][2015-12-09 16:52:19,940][com.java.TestType] [  481] -  str(1) = 1
[INFO ][2015-12-09 16:52:19,940][com.java.TestType] [  484] - Test case Id is---1
[INFO ][2015-12-09 16:52:19,940][com.java.TestType] [  486] - 1
[INFO ][2015-12-09 16:52:19,940][com.java.TestType] [  481] -  str(2) = 7
[INFO ][2015-12-09 16:52:19,941][com.java.TestType] [  533] - row values are--------{1=com.java.Objects.TestDataDetails@fc3ac5, 2=com.java.Objects.TestDataDetails@1435faa, 3=com.java.Objects.TestDataDetails@41a9fa, 4=com.java.Objects.TestDataDetails@bba1c5, 5=com.java.Objects.TestDataDetails@50b84c, 6=com.java.Objects.TestDataDetails@fd9691, 7=com.java.Objects.TestDataDetails@232ae3}
[INFO ][2015-12-09 16:52:19,941][com.java.TestType] [  481] -  str(1) = 1
[INFO ][2015-12-09 16:52:19,941][com.java.TestType] [  484] - Test case Id is---1
[INFO ][2015-12-09 16:52:19,941][com.java.TestType] [  486] - 1
[INFO ][2015-12-09 16:52:19,941][com.java.TestType] [  481] -  str(2) = 8
[INFO ][2015-12-09 16:52:19,942][com.java.TestType] [  533] - row values are--------{1=com.java.Objects.TestDataDetails@fc3ac5, 2=com.java.Objects.TestDataDetails@1435faa, 3=com.java.Objects.TestDataDetails@41a9fa, 4=com.java.Objects.TestDataDetails@bba1c5, 5=com.java.Objects.TestDataDetails@50b84c, 6=com.java.Objects.TestDataDetails@fd9691, 7=com.java.Objects.TestDataDetails@232ae3, 8=com.java.Objects.TestDataDetails@16e669f}
[INFO ][2015-12-09 16:52:19,942][com.java.TestType] [  481] -  str(1) = 1
[INFO ][2015-12-09 16:52:19,942][com.java.TestType] [  484] - Test case Id is---1
[INFO ][2015-12-09 16:52:19,944][com.java.TestType] [  486] - 1
[INFO ][2015-12-09 16:52:19,944][com.java.TestType] [  481] -  str(2) = 9
[INFO ][2015-12-09 16:52:19,945][com.java.TestType] [  533] - row values are--------{1=com.java.Objects.TestDataDetails@fc3ac5, 2=com.java.Objects.TestDataDetails@1435faa, 3=com.java.Objects.TestDataDetails@41a9fa, 4=com.java.Objects.TestDataDetails@bba1c5, 5=com.java.Objects.TestDataDetails@50b84c, 6=com.java.Objects.TestDataDetails@fd9691, 7=com.java.Objects.TestDataDetails@232ae3, 8=com.java.Objects.TestDataDetails@16e669f, 9=com.java.Objects.TestDataDetails@3b9f2b}
[INFO ][2015-12-09 16:52:19,945][com.java.TestType] [  481] -  str(1) = 1
[INFO ][2015-12-09 16:52:19,945][com.java.TestType] [  484] - Test case Id is---1
[INFO ][2015-12-09 16:52:19,945][com.java.TestType] [  486] - 1
[INFO ][2015-12-09 16:52:19,945][com.java.TestType] [  481] -  str(2) = 10
[INFO ][2015-12-09 16:52:19,946][com.java.TestType] [  533] - row values are--------{1=com.java.Objects.TestDataDetails@fc3ac5, 2=com.java.Objects.TestDataDetails@1435faa, 3=com.java.Objects.TestDataDetails@41a9fa, 4=com.java.Objects.TestDataDetails@bba1c5, 5=com.java.Objects.TestDataDetails@50b84c, 6=com.java.Objects.TestDataDetails@fd9691, 7=com.java.Objects.TestDataDetails@232ae3, 8=com.java.Objects.TestDataDetails@16e669f, 9=com.java.Objects.TestDataDetails@3b9f2b, 10=com.java.Objects.TestDataDetails@9fd7b7}
[INFO ][2015-12-09 16:52:19,946][com.java.TestType] [  481] -  str(1) = 1
[INFO ][2015-12-09 16:52:19,946][com.java.TestType] [  484] - Test case Id is---1
[INFO ][2015-12-09 16:52:19,946][com.java.TestType] [  486] - 1
[INFO ][2015-12-09 16:52:19,946][com.java.TestType] [  481] -  str(2) = 11
[INFO ][2015-12-09 16:52:19,947][com.java.TestType] [  533] - row values are--------{1=com.java.Objects.TestDataDetails@fc3ac5, 2=com.java.Objects.TestDataDetails@1435faa, 3=com.java.Objects.TestDataDetails@41a9fa, 4=com.java.Objects.TestDataDetails@bba1c5, 5=com.java.Objects.TestDataDetails@50b84c, 6=com.java.Objects.TestDataDetails@fd9691, 7=com.java.Objects.TestDataDetails@232ae3, 8=com.java.Objects.TestDataDetails@16e669f, 9=com.java.Objects.TestDataDetails@3b9f2b, 10=com.java.Objects.TestDataDetails@9fd7b7, 11=com.java.Objects.TestDataDetails@1b5e53e}
[INFO ][2015-12-09 16:52:19,947][com.java.TestType] [  481] -  str(1) = 1
[INFO ][2015-12-09 16:52:19,947][com.java.TestType] [  484] - Test case Id is---1
[INFO ][2015-12-09 16:52:19,947][com.java.TestType] [  486] - 1
[INFO ][2015-12-09 16:52:19,947][com.java.TestType] [  481] -  str(2) = 12
[INFO ][2015-12-09 16:52:19,948][com.java.TestType] [  533] - row values are--------{1=com.java.Objects.TestDataDetails@fc3ac5, 2=com.java.Objects.TestDataDetails@1435faa, 3=com.java.Objects.TestDataDetails@41a9fa, 4=com.java.Objects.TestDataDetails@bba1c5, 5=com.java.Objects.TestDataDetails@50b84c, 6=com.java.Objects.TestDataDetails@fd9691, 7=com.java.Objects.TestDataDetails@232ae3, 8=com.java.Objects.TestDataDetails@16e669f, 9=com.java.Objects.TestDataDetails@3b9f2b, 10=com.java.Objects.TestDataDetails@9fd7b7, 11=com.java.Objects.TestDataDetails@1b5e53e, 12=com.java.Objects.TestDataDetails@1f6f3a3}
[INFO ][2015-12-09 16:52:19,948][com.java.TestType] [  481] -  str(1) = 1
[INFO ][2015-12-09 16:52:19,948][com.java.TestType] [  484] - Test case Id is---1
[INFO ][2015-12-09 16:52:19,948][com.java.TestType] [  486] - 1
[INFO ][2015-12-09 16:52:19,948][com.java.TestType] [  481] -  str(2) = 13
[INFO ][2015-12-09 16:52:19,949][com.java.TestType] [  533] - row values are--------{1=com.java.Objects.TestDataDetails@fc3ac5, 2=com.java.Objects.TestDataDetails@1435faa, 3=com.java.Objects.TestDataDetails@41a9fa, 4=com.java.Objects.TestDataDetails@bba1c5, 5=com.java.Objects.TestDataDetails@50b84c, 6=com.java.Objects.TestDataDetails@fd9691, 7=com.java.Objects.TestDataDetails@232ae3, 8=com.java.Objects.TestDataDetails@16e669f, 9=com.java.Objects.TestDataDetails@3b9f2b, 10=com.java.Objects.TestDataDetails@9fd7b7, 11=com.java.Objects.TestDataDetails@1b5e53e, 12=com.java.Objects.TestDataDetails@1f6f3a3, 13=com.java.Objects.TestDataDetails@178732d}
[INFO ][2015-12-09 16:52:19,949][com.java.TestType] [  481] -  str(1) = 1
[INFO ][2015-12-09 16:52:19,949][com.java.TestType] [  484] - Test case Id is---1
[INFO ][2015-12-09 16:52:19,949][com.java.TestType] [  486] - 1
[INFO ][2015-12-09 16:52:19,949][com.java.TestType] [  481] -  str(2) = 14
[INFO ][2015-12-09 16:52:19,950][com.java.TestType] [  533] - row values are--------{1=com.java.Objects.TestDataDetails@fc3ac5, 2=com.java.Objects.TestDataDetails@1435faa, 3=com.java.Objects.TestDataDetails@41a9fa, 4=com.java.Objects.TestDataDetails@bba1c5, 5=com.java.Objects.TestDataDetails@50b84c, 6=com.java.Objects.TestDataDetails@fd9691, 7=com.java.Objects.TestDataDetails@232ae3, 8=com.java.Objects.TestDataDetails@16e669f, 9=com.java.Objects.TestDataDetails@3b9f2b, 10=com.java.Objects.TestDataDetails@9fd7b7, 11=com.java.Objects.TestDataDetails@1b5e53e, 12=com.java.Objects.TestDataDetails@1f6f3a3, 13=com.java.Objects.TestDataDetails@178732d, 14=com.java.Objects.TestDataDetails@17fb146}
[INFO ][2015-12-09 16:52:19,950][com.java.TestType] [10012] - Looping 1TCID = 1
[DEBUG][2015-12-09 16:52:19,950][com.java.TestType] [10053] - Concept ID:1 :: Step being Executed: 1::1
[INFO ][2015-12-09 16:52:19,950][com.java.TestType] [10091] - dataFields : TXTusername
[DEBUG][2015-12-09 16:52:19,950][com.java.TestType] [10097] - <In Set values of the page>
[DEBUG][2015-12-09 16:52:19,950][com.java.TestType] [10102] - {Data Fields & Data Values Exist}
[INFO ][2015-12-09 16:52:19,950][com.java.TestType] [10108] - --------------------------setting values-----------------------------
[INFO ][2015-12-09 16:52:19,951][com.java.TestType] [10111] - Action Type : CLEARANDENTER
[INFO ][2015-12-09 16:52:19,951][com.java.TestType] [ 5476] - value = valuelabs.ie10.15310
[INFO ][2015-12-09 16:52:24,802][com.java.TestType] [10130] -  RESULT true
[INFO ][2015-12-09 16:52:24,802][com.java.TestType] [10247] - ?   P A S S   ?
[DEBUG][2015-12-09 16:52:24,802][com.java.TestType] [10053] - Concept ID:1 :: Step being Executed: 1::2
[INFO ][2015-12-09 16:52:24,802][com.java.TestType] [10091] - dataFields : TXTpassword
[DEBUG][2015-12-09 16:52:24,802][com.java.TestType] [10097] - <In Set values of the page>
[DEBUG][2015-12-09 16:52:24,802][com.java.TestType] [10102] - {Data Fields & Data Values Exist}
[INFO ][2015-12-09 16:52:24,802][com.java.TestType] [10108] - --------------------------setting values-----------------------------
[INFO ][2015-12-09 16:52:24,803][com.java.TestType] [10111] - Action Type : CLEARANDENTER
[INFO ][2015-12-09 16:52:24,803][com.java.TestType] [ 5476] - value = Password1*
[INFO ][2015-12-09 16:52:29,712][com.java.TestType] [10130] -  RESULT true
[INFO ][2015-12-09 16:52:29,712][com.java.TestType] [10247] - ?   P A S S   ?
[DEBUG][2015-12-09 16:52:29,712][com.java.TestType] [10053] - Concept ID:1 :: Step being Executed: 1::3
[ERROR][2015-12-09 16:52:29,712][com.java.TestType] [10086] - Exception: null
[INFO ][2015-12-09 16:52:29,712][com.java.TestType] [10091] - dataFields : XPH//button[@type='submit']
[DEBUG][2015-12-09 16:52:29,712][com.java.TestType] [10097] - <In Set values of the page>
[DEBUG][2015-12-09 16:52:29,712][com.java.TestType] [10102] - {Data Fields & Data Values Exist}
[INFO ][2015-12-09 16:52:29,713][com.java.TestType] [10108] - --------------------------setting values-----------------------------
[INFO ][2015-12-09 16:52:29,713][com.java.TestType] [10111] - Action Type : Click
[INFO ][2015-12-09 16:52:29,713][com.java.TestType] [ 5804] - Field ::XPH//button[@type='submit']
[INFO ][2015-12-09 16:52:30,713][com.java.TestType] [ 5898] - BEFORE CLICK
[INFO ][2015-12-09 16:52:31,573][com.java.TestType] [ 5906] - Unable to click the object Login
[INFO ][2015-12-09 16:52:31,573][com.java.TestType] [10130] -  RESULT true
[INFO ][2015-12-09 16:52:31,573][com.java.TestType] [10247] - ?   P A S S   ?
[DEBUG][2015-12-09 16:52:31,573][com.java.TestType] [10053] - Concept ID:1 :: Step being Executed: 1::4
[INFO ][2015-12-09 16:52:31,573][com.java.TestType] [10091] - dataFields : LNKLogout
[DEBUG][2015-12-09 16:52:31,573][com.java.TestType] [10097] - <In Set values of the page>
[DEBUG][2015-12-09 16:52:31,573][com.java.TestType] [10102] - {Data Fields & Data Values Exist}
[INFO ][2015-12-09 16:52:31,573][com.java.TestType] [10108] - --------------------------setting values-----------------------------
[INFO ][2015-12-09 16:52:31,573][com.java.TestType] [10111] - Action Type : WaitForElement
[INFO ][2015-12-09 16:52:34,964][com.java.TestType] [10130] -  RESULT true
[INFO ][2015-12-09 16:52:34,964][com.java.TestType] [10247] - ?   P A S S   ?
[DEBUG][2015-12-09 16:52:34,964][com.java.TestType] [10053] - Concept ID:1 :: Step being Executed: 1::13
[INFO ][2015-12-09 16:52:34,965][com.java.TestType] [10091] - dataFields : LNK
[DEBUG][2015-12-09 16:52:34,965][com.java.TestType] [10097] - <In Set values of the page>
[DEBUG][2015-12-09 16:52:34,965][com.java.TestType] [10102] - {Data Fields & Data Values Exist}
[INFO ][2015-12-09 16:52:34,965][com.java.TestType] [10108] - --------------------------setting values-----------------------------
[INFO ][2015-12-09 16:52:34,965][com.java.TestType] [10111] - Action Type : Verify
[INFO ][2015-12-09 16:52:34,965][com.java.TestType] [ 6704] - field= LNK value= Logout
[INFO ][2015-12-09 16:52:34,966][com.java.TestType] [ 5476] - value = Logout
[INFO ][2015-12-09 16:52:35,000][com.java.TestType] [10130] -  RESULT true
[INFO ][2015-12-09 16:52:35,000][com.java.TestType] [10247] - ?   P A S S   ?
[DEBUG][2015-12-09 16:52:35,000][com.java.TestType] [10053] - Concept ID:1 :: Step being Executed: 1::14
[INFO ][2015-12-09 16:52:35,000][com.java.TestType] [10091] - dataFields : BTN
[DEBUG][2015-12-09 16:52:35,000][com.java.TestType] [10097] - <In Set values of the page>
[DEBUG][2015-12-09 16:52:35,000][com.java.TestType] [10102] - {Data Fields & Data Values Exist}
[INFO ][2015-12-09 16:52:35,000][com.java.TestType] [10108] - --------------------------setting values-----------------------------
[INFO ][2015-12-09 16:52:35,000][com.java.TestType] [10111] - Action Type : Verify
[INFO ][2015-12-09 16:52:35,001][com.java.TestType] [ 6704] - field= BTN value= //img[contains(@src,'bdlogo.jpg')]
[INFO ][2015-12-09 16:52:35,001][com.java.TestType] [ 5476] - value = //img[contains(@src,'bdlogo.jpg')]
[INFO ][2015-12-09 16:52:35,171][com.java.TestType] [10130] -  RESULT true
[INFO ][2015-12-09 16:52:35,171][com.java.TestType] [10247] - ?   P A S S   ?
[INFO ][2015-12-09 16:52:35,171][com.java.TestType] [10318] - Looping End......
[INFO ][2015-12-09 16:52:35,172][com.java.SeleniumDriver] [  894] -  RESULT true
[INFO ][2015-12-09 16:52:35,172][com.java.SeleniumDriver] [ 1100] - ?   P A S S   ?
[INFO ][2015-12-09 16:52:35,172][com.java.SeleniumDriver] [  821] - ------------------------------------------
[INFO ][2015-12-09 16:52:35,172][com.java.SeleniumDriver] [  822] - Test case being Executed: 1
[INFO ][2015-12-09 16:52:35,172][com.java.SeleniumDriver] [  833] - Test step:2
[INFO ][2015-12-09 16:52:35,172][com.java.SeleniumDriver] [  845] - Datavalue is----------Concept#2:1-2
[INFO ][2015-12-09 16:52:35,173][com.java.SeleniumDriver] [  869] - DataField : test
[INFO ][2015-12-09 16:52:35,173][com.java.SeleniumDriver] [  871] - DataValue : Concept#2:1-2
[INFO ][2015-12-09 16:52:35,173][com.java.SeleniumDriver] [  877] - <In Set values of the page>
[INFO ][2015-12-09 16:52:35,173][com.java.SeleniumDriver] [  880] - {Data Fields & Data Values Exist}
[INFO ][2015-12-09 16:52:35,173][com.java.SeleniumDriver] [  882] - --------------------------setting values-----------------------------
[INFO ][2015-12-09 16:52:35,173][com.java.SeleniumDriver] [  885] - Action Type : ExecuteTestCase
[INFO ][2015-12-09 16:52:35,173][com.java.TestType] [  436] - The Concept sheet name is ---------- Concept
[INFO ][2015-12-09 16:52:35,173][com.java.TestType] [  439] - The Concept ID  is ---------- 2
[DEBUG][2015-12-09 16:52:35,174][com.java.TestType] [  443] - Steps being executted in the Concept are: 1:2
[INFO ][2015-12-09 16:52:35,174][com.java.TestType] [  450] - Test data details path ---------- D:\BankersDashboard\TestInputs\TestData.xls
[INFO ][2015-12-09 16:52:35,938][com.java.TestType] [  481] -  str(1) = 2
[INFO ][2015-12-09 16:52:35,938][com.java.TestType] [  484] - Test case Id is---2
[INFO ][2015-12-09 16:52:35,939][com.java.TestType] [  486] - 2
[INFO ][2015-12-09 16:52:35,939][com.java.TestType] [  481] -  str(2) = 1
[INFO ][2015-12-09 16:52:35,940][com.java.TestType] [  533] - row values are--------{1=com.java.Objects.TestDataDetails@176d4a4}
[INFO ][2015-12-09 16:52:35,941][com.java.TestType] [  481] -  str(1) = 2
[INFO ][2015-12-09 16:52:35,941][com.java.TestType] [  484] - Test case Id is---2
[INFO ][2015-12-09 16:52:35,941][com.java.TestType] [  486] - 2
[INFO ][2015-12-09 16:52:35,941][com.java.TestType] [  481] -  str(2) = 2
[INFO ][2015-12-09 16:52:35,941][com.java.TestType] [  533] - row values are--------{1=com.java.Objects.TestDataDetails@176d4a4, 2=com.java.Objects.TestDataDetails@56da6e}
[INFO ][2015-12-09 16:52:35,941][com.java.TestType] [  481] -  str(1) = 2
[INFO ][2015-12-09 16:52:35,941][com.java.TestType] [  484] - Test case Id is---2
[INFO ][2015-12-09 16:52:35,942][com.java.TestType] [  486] - 2
[INFO ][2015-12-09 16:52:35,942][com.java.TestType] [  481] -  str(2) = 3
[INFO ][2015-12-09 16:52:35,942][com.java.TestType] [  533] - row values are--------{1=com.java.Objects.TestDataDetails@176d4a4, 2=com.java.Objects.TestDataDetails@56da6e, 3=com.java.Objects.TestDataDetails@194164c}
[INFO ][2015-12-09 16:52:35,942][com.java.TestType] [10012] - Looping 1TCID = 2
[DEBUG][2015-12-09 16:52:35,942][com.java.TestType] [10053] - Concept ID:2 :: Step being Executed: 2::1
[INFO ][2015-12-09 16:52:35,943][com.java.TestType] [10091] - dataFields : BNK//select[@id='bank']
[DEBUG][2015-12-09 16:52:35,943][com.java.TestType] [10097] - <In Set values of the page>
[DEBUG][2015-12-09 16:52:35,943][com.java.TestType] [10102] - {Data Fields & Data Values Exist}
[INFO ][2015-12-09 16:52:35,943][com.java.TestType] [10108] - --------------------------setting values-----------------------------
[INFO ][2015-12-09 16:52:35,943][com.java.TestType] [10111] - Action Type : Select
[INFO ][2015-12-09 16:52:35,943][com.java.TestType] [ 5476] - value = PFC
[INFO ][2015-12-09 16:52:36,110][com.java.TestType] [10130] -  RESULT true
[INFO ][2015-12-09 16:52:36,110][com.java.TestType] [10247] - ?   P A S S   ?
[DEBUG][2015-12-09 16:52:36,110][com.java.TestType] [10053] - Concept ID:2 :: Step being Executed: 2::2
[INFO ][2015-12-09 16:52:36,110][com.java.TestType] [10091] - dataFields : LNKLogout
[DEBUG][2015-12-09 16:52:36,110][com.java.TestType] [10097] - <In Set values of the page>
[DEBUG][2015-12-09 16:52:36,110][com.java.TestType] [10102] - {Data Fields & Data Values Exist}
[INFO ][2015-12-09 16:52:36,110][com.java.TestType] [10108] - --------------------------setting values-----------------------------
[INFO ][2015-12-09 16:52:36,110][com.java.TestType] [10111] - Action Type : WaitTime
[DEBUG][2015-12-09 16:52:36,110][com.java.TestType] [ 5296] - sleepTime: 5000
[INFO ][2015-12-09 16:52:41,111][com.java.TestType] [10130] -  RESULT true
[INFO ][2015-12-09 16:52:41,111][com.java.TestType] [10247] - ?   P A S S   ?
[INFO ][2015-12-09 16:52:41,111][com.java.TestType] [10318] - Looping End......
[INFO ][2015-12-09 16:52:41,112][com.java.SeleniumDriver] [  894] -  RESULT true
[INFO ][2015-12-09 16:52:41,112][com.java.SeleniumDriver] [ 1100] - ?   P A S S   ?
[INFO ][2015-12-09 16:52:41,112][com.java.SeleniumDriver] [  821] - ------------------------------------------
[INFO ][2015-12-09 16:52:41,112][com.java.SeleniumDriver] [  822] - Test case being Executed: 1
[INFO ][2015-12-09 16:52:41,112][com.java.SeleniumDriver] [  833] - Test step:3
[INFO ][2015-12-09 16:52:41,113][com.java.SeleniumDriver] [  845] - Datavalue is----------2
[INFO ][2015-12-09 16:52:41,113][com.java.SeleniumDriver] [  869] - DataField : XPH//button[contains(text(),'Add Content')]
[INFO ][2015-12-09 16:52:41,113][com.java.SeleniumDriver] [  871] - DataValue : 2
[INFO ][2015-12-09 16:52:41,113][com.java.SeleniumDriver] [  877] - <In Set values of the page>
[INFO ][2015-12-09 16:52:41,113][com.java.SeleniumDriver] [  880] - {Data Fields & Data Values Exist}
[INFO ][2015-12-09 16:52:41,113][com.java.SeleniumDriver] [  882] - --------------------------setting values-----------------------------
[INFO ][2015-12-09 16:52:41,113][com.java.SeleniumDriver] [  885] - Action Type : WAITFORELEMENT
[INFO ][2015-12-09 16:52:41,147][com.java.SeleniumDriver] [  894] -  RESULT true
[INFO ][2015-12-09 16:52:41,147][com.java.SeleniumDriver] [ 1100] - ?   P A S S   ?
[DEBUG][2015-12-09 16:52:41,147][com.java.SeleniumDriver] [ 1212] - Case found
[DEBUG][2015-12-09 16:52:41,147][com.java.SeleniumDriver] [ 1217] - Incrementing ReportCounters[0]:1
[INFO ][2015-12-09 16:52:41,147][com.java.SeleniumDriver] [ 1236] - The results are-------------------[1, 1, Valid Login, Pass, , Wed Dec 09 16:52:35 IST 2015, 1, 2, Valid Login, Pass, , Wed Dec 09 16:52:41 IST 2015, 1, 3, Valid Login, Pass, , Wed Dec 09 16:52:41 IST 2015]
[INFO ][2015-12-09 16:52:41,147][com.java.SeleniumDriver] [ 1240] - End time is-------37 sec
[INFO ][2015-12-09 16:52:41,148][com.java.SeleniumDriver] [ 1241] - The results are-------------------[1, 1, Valid Login, Pass, , Wed Dec 09 16:52:35 IST 2015, 1, 2, Valid Login, Pass, , Wed Dec 09 16:52:41 IST 2015, 1, 3, Valid Login, Pass, , Wed Dec 09 16:52:41 IST 2015]
[DEBUG][2015-12-09 16:52:41,148][com.java.ImportnExport.ExportTestResultsExcel] [  222] - testResultPath = D:\BankersDashboard/TestReports/Test Results_BankersDashBoard_120915_165205_IE10_CB&S Bank.xls
[DEBUG][2015-12-09 16:52:41,148][com.java.ImportnExport.ExportTestResultsExcel] [  223] - browser is------------IE10
[DEBUG][2015-12-09 16:52:41,192][com.java.ImportnExport.ExportTestResultsExcel] [  270] - result.size() = 18
[DEBUG][2015-12-09 16:52:41,192][com.java.ImportnExport.ExportTestResultsExcel] [  274] - No of rows in sheet=1
[DEBUG][2015-12-09 16:52:41,193][com.java.ImportnExport.ExportTestResultsExcel] [  301] - ..in export..1
[DEBUG][2015-12-09 16:52:41,193][com.java.ImportnExport.ExportTestResultsExcel] [  301] - ..in export..Valid Login
[DEBUG][2015-12-09 16:52:41,193][com.java.ImportnExport.ExportTestResultsExcel] [  301] - ..in export..Pass
[DEBUG][2015-12-09 16:52:41,193][com.java.ImportnExport.ExportTestResultsExcel] [  301] - ..in export..
[DEBUG][2015-12-09 16:52:41,193][com.java.ImportnExport.ExportTestResultsExcel] [  301] - ..in export..Wed Dec 09 16:52:35 IST 2015
[INFO ][2015-12-09 16:52:41,194][com.java.SeleniumDriver] [ 1299] - out loop:0 size:2 TestCases:[1, 2] testcases:[1, 2]
[INFO ][2015-12-09 16:52:41,195][com.java.ImportnExport.ImportTestDataDetailsExcel] [   49] - test data details path===== D:\BankersDashboard\TestInputs\TestData.xls
[INFO ][2015-12-09 16:53:01,153][com.java.SeleniumDriver] [  821] - ------------------------------------------
[INFO ][2015-12-09 16:53:01,153][com.java.SeleniumDriver] [  822] - Test case being Executed: 2
[INFO ][2015-12-09 16:53:01,153][com.java.SeleniumDriver] [  833] - Test step:1
[INFO ][2015-12-09 16:53:01,153][com.java.SeleniumDriver] [  845] - Datavalue is----------Logout
[INFO ][2015-12-09 16:53:01,153][com.java.SeleniumDriver] [  869] - DataField : BTN
[INFO ][2015-12-09 16:53:01,153][com.java.SeleniumDriver] [  871] - DataValue : Logout
[INFO ][2015-12-09 16:53:01,153][com.java.SeleniumDriver] [  877] - <In Set values of the page>
[INFO ][2015-12-09 16:53:01,153][com.java.SeleniumDriver] [  880] - {Data Fields & Data Values Exist}
[INFO ][2015-12-09 16:53:01,153][com.java.SeleniumDriver] [  882] - --------------------------setting values-----------------------------
[INFO ][2015-12-09 16:53:01,153][com.java.SeleniumDriver] [  885] - Action Type : Verify
[INFO ][2015-12-09 16:53:01,153][com.java.TestType] [ 6704] - field= BTN value= Logout
[INFO ][2015-12-09 16:53:01,153][com.java.TestType] [ 5476] - value = Logout
[INFO ][2015-12-09 16:53:01,219][com.java.SeleniumDriver] [  894] -  RESULT true
[INFO ][2015-12-09 16:53:01,220][com.java.SeleniumDriver] [ 1100] - ?   P A S S   ?
[INFO ][2015-12-09 16:53:01,220][com.java.SeleniumDriver] [ 1142] - step change to 3
[INFO ][2015-12-09 16:53:01,220][com.java.SeleniumDriver] [  821] - ------------------------------------------
[INFO ][2015-12-09 16:53:01,220][com.java.SeleniumDriver] [  822] - Test case being Executed: 2
[INFO ][2015-12-09 16:53:01,220][com.java.SeleniumDriver] [  833] - Test step:3
[INFO ][2015-12-09 16:53:01,220][com.java.SeleniumDriver] [  845] - Datavalue is----------Concept#2:1-2
[INFO ][2015-12-09 16:53:01,220][com.java.SeleniumDriver] [  869] - DataField : test
[INFO ][2015-12-09 16:53:01,220][com.java.SeleniumDriver] [  871] - DataValue : Concept#2:1-2
[INFO ][2015-12-09 16:53:01,220][com.java.SeleniumDriver] [  877] - <In Set values of the page>
[INFO ][2015-12-09 16:53:01,220][com.java.SeleniumDriver] [  880] - {Data Fields & Data Values Exist}
[INFO ][2015-12-09 16:53:01,220][com.java.SeleniumDriver] [  882] - --------------------------setting values-----------------------------
[INFO ][2015-12-09 16:53:01,220][com.java.SeleniumDriver] [  885] - Action Type : ExecuteTestCase
[INFO ][2015-12-09 16:53:01,221][com.java.TestType] [  436] - The Concept sheet name is ---------- Concept
[INFO ][2015-12-09 16:53:01,221][com.java.TestType] [  439] - The Concept ID  is ---------- 2
[DEBUG][2015-12-09 16:53:01,221][com.java.TestType] [  443] - Steps being executted in the Concept are: 1:2
[INFO ][2015-12-09 16:53:01,221][com.java.TestType] [  450] - Test data details path ---------- D:\BankersDashboard\TestInputs\TestData.xls
[INFO ][2015-12-09 16:53:01,844][com.java.TestType] [  481] -  str(1) = 2
[INFO ][2015-12-09 16:53:01,844][com.java.TestType] [  484] - Test case Id is---2
[INFO ][2015-12-09 16:53:01,844][com.java.TestType] [  486] - 2
[INFO ][2015-12-09 16:53:01,844][com.java.TestType] [  481] -  str(2) = 1
[INFO ][2015-12-09 16:53:01,846][com.java.TestType] [  533] - row values are--------{1=com.java.Objects.TestDataDetails@11ff531}
[INFO ][2015-12-09 16:53:01,846][com.java.TestType] [  481] -  str(1) = 2
[INFO ][2015-12-09 16:53:01,846][com.java.TestType] [  484] - Test case Id is---2
[INFO ][2015-12-09 16:53:01,846][com.java.TestType] [  486] - 2
[INFO ][2015-12-09 16:53:01,846][com.java.TestType] [  481] -  str(2) = 2
[INFO ][2015-12-09 16:53:01,847][com.java.TestType] [  533] - row values are--------{1=com.java.Objects.TestDataDetails@11ff531, 2=com.java.Objects.TestDataDetails@17a5e49}
[INFO ][2015-12-09 16:53:01,847][com.java.TestType] [  481] -  str(1) = 2
[INFO ][2015-12-09 16:53:01,847][com.java.TestType] [  484] - Test case Id is---2
[INFO ][2015-12-09 16:53:01,847][com.java.TestType] [  486] - 2
[INFO ][2015-12-09 16:53:01,847][com.java.TestType] [  481] -  str(2) = 3
[INFO ][2015-12-09 16:53:01,848][com.java.TestType] [  533] - row values are--------{1=com.java.Objects.TestDataDetails@11ff531, 2=com.java.Objects.TestDataDetails@17a5e49, 3=com.java.Objects.TestDataDetails@772bc}
[INFO ][2015-12-09 16:53:01,848][com.java.TestType] [10012] - Looping 1TCID = 2
[DEBUG][2015-12-09 16:53:01,848][com.java.TestType] [10053] - Concept ID:2 :: Step being Executed: 2::1
[INFO ][2015-12-09 16:53:01,848][com.java.TestType] [10091] - dataFields : BNK//select[@id='bank']
[DEBUG][2015-12-09 16:53:01,848][com.java.TestType] [10097] - <In Set values of the page>
[DEBUG][2015-12-09 16:53:01,848][com.java.TestType] [10102] - {Data Fields & Data Values Exist}
[INFO ][2015-12-09 16:53:01,849][com.java.TestType] [10108] - --------------------------setting values-----------------------------
[INFO ][2015-12-09 16:53:01,849][com.java.TestType] [10111] - Action Type : Select
[INFO ][2015-12-09 16:53:01,849][com.java.TestType] [ 5476] - value = PFC
[INFO ][2015-12-09 16:53:02,033][com.java.TestType] [10130] -  RESULT true
[INFO ][2015-12-09 16:53:02,033][com.java.TestType] [10247] - ?   P A S S   ?
[DEBUG][2015-12-09 16:53:02,033][com.java.TestType] [10053] - Concept ID:2 :: Step being Executed: 2::2
[INFO ][2015-12-09 16:53:02,033][com.java.TestType] [10091] - dataFields : LNKLogout
[DEBUG][2015-12-09 16:53:02,033][com.java.TestType] [10097] - <In Set values of the page>
[DEBUG][2015-12-09 16:53:02,033][com.java.TestType] [10102] - {Data Fields & Data Values Exist}
[INFO ][2015-12-09 16:53:02,033][com.java.TestType] [10108] - --------------------------setting values-----------------------------
[INFO ][2015-12-09 16:53:02,033][com.java.TestType] [10111] - Action Type : WaitTime
[DEBUG][2015-12-09 16:53:02,033][com.java.TestType] [ 5296] - sleepTime: 5000
[INFO ][2015-12-09 16:53:07,034][com.java.TestType] [10130] -  RESULT true
[INFO ][2015-12-09 16:53:07,034][com.java.TestType] [10247] - ?   P A S S   ?
[INFO ][2015-12-09 16:53:07,034][com.java.TestType] [10318] - Looping End......
[INFO ][2015-12-09 16:53:07,035][com.java.SeleniumDriver] [  894] -  RESULT true
[INFO ][2015-12-09 16:53:07,035][com.java.SeleniumDriver] [ 1100] - ?   P A S S   ?
[INFO ][2015-12-09 16:53:07,035][com.java.SeleniumDriver] [  821] - ------------------------------------------
[INFO ][2015-12-09 16:53:07,036][com.java.SeleniumDriver] [  822] - Test case being Executed: 2
[INFO ][2015-12-09 16:53:07,036][com.java.SeleniumDriver] [  833] - Test step:4
[INFO ][2015-12-09 16:53:07,036][com.java.SeleniumDriver] [  845] - Datavalue is----------null
[DEBUG][2015-12-09 16:53:07,036][com.java.SeleniumDriver] [  863] - Exception: null
[INFO ][2015-12-09 16:53:07,036][com.java.SeleniumDriver] [  869] - DataField : //span[@class='icon-stack']&&//a[@data-id="SetupPackage"]
[INFO ][2015-12-09 16:53:07,036][com.java.SeleniumDriver] [  871] - DataValue : 
[INFO ][2015-12-09 16:53:07,036][com.java.SeleniumDriver] [  877] - <In Set values of the page>
[INFO ][2015-12-09 16:53:07,036][com.java.SeleniumDriver] [  880] - {Data Fields & Data Values Exist}
[INFO ][2015-12-09 16:53:07,036][com.java.SeleniumDriver] [  882] - --------------------------setting values-----------------------------
[INFO ][2015-12-09 16:53:07,036][com.java.SeleniumDriver] [  885] - Action Type : MOUSEOVER
[INFO ][2015-12-09 16:53:30,347][com.java.SeleniumDriver] [  894] -  RESULT true
[INFO ][2015-12-09 16:53:30,347][com.java.SeleniumDriver] [ 1100] - ?   P A S S   ?
[INFO ][2015-12-09 16:53:30,347][com.java.SeleniumDriver] [  821] - ------------------------------------------
[INFO ][2015-12-09 16:53:30,347][com.java.SeleniumDriver] [  822] - Test case being Executed: 2
[INFO ][2015-12-09 16:53:30,347][com.java.SeleniumDriver] [  833] - Test step:5
[INFO ][2015-12-09 16:53:30,347][com.java.SeleniumDriver] [  845] - Datavalue is----------5
[INFO ][2015-12-09 16:53:30,347][com.java.SeleniumDriver] [  869] - DataField : XPH//div[@id='divDialogLoading']//img 
[INFO ][2015-12-09 16:53:30,347][com.java.SeleniumDriver] [  871] - DataValue : 5
[INFO ][2015-12-09 16:53:30,347][com.java.SeleniumDriver] [  877] - <In Set values of the page>
[INFO ][2015-12-09 16:53:30,347][com.java.SeleniumDriver] [  880] - {Data Fields & Data Values Exist}
[INFO ][2015-12-09 16:53:30,347][com.java.SeleniumDriver] [  882] - --------------------------setting values-----------------------------
[INFO ][2015-12-09 16:53:30,347][com.java.SeleniumDriver] [  885] - Action Type : WAITFORELEMENT
[INFO ][2015-12-09 16:53:30,382][com.java.SeleniumDriver] [  894] -  RESULT true
[INFO ][2015-12-09 16:53:30,382][com.java.SeleniumDriver] [ 1100] - ?   P A S S   ?
[INFO ][2015-12-09 16:53:30,382][com.java.SeleniumDriver] [  821] - ------------------------------------------
[INFO ][2015-12-09 16:53:30,382][com.java.SeleniumDriver] [  822] - Test case being Executed: 2
[INFO ][2015-12-09 16:53:30,382][com.java.SeleniumDriver] [  833] - Test step:6
[INFO ][2015-12-09 16:53:30,382][com.java.SeleniumDriver] [  845] - Datavalue is----------90
[INFO ][2015-12-09 16:53:30,383][com.java.SeleniumDriver] [  869] - DataField : XPH//div[@id='divDialogLoading']//img 
[INFO ][2015-12-09 16:53:30,383][com.java.SeleniumDriver] [  871] - DataValue : 90
[INFO ][2015-12-09 16:53:30,383][com.java.SeleniumDriver] [  877] - <In Set values of the page>
[INFO ][2015-12-09 16:53:30,383][com.java.SeleniumDriver] [  880] - {Data Fields & Data Values Exist}
[INFO ][2015-12-09 16:53:30,383][com.java.SeleniumDriver] [  882] - --------------------------setting values-----------------------------
[INFO ][2015-12-09 16:53:30,383][com.java.SeleniumDriver] [  885] - Action Type : WAITFORELEMENTNOTPRESENT
[INFO ][2015-12-09 16:53:30,490][com.java.SeleniumDriver] [  894] -  RESULT true
[INFO ][2015-12-09 16:53:30,490][com.java.SeleniumDriver] [ 1100] - ?   P A S S   ?
[INFO ][2015-12-09 16:53:30,490][com.java.SeleniumDriver] [  821] - ------------------------------------------
[INFO ][2015-12-09 16:53:30,490][com.java.SeleniumDriver] [  822] - Test case being Executed: 2
[INFO ][2015-12-09 16:53:30,490][com.java.SeleniumDriver] [  833] - Test step:7
[INFO ][2015-12-09 16:53:30,490][com.java.SeleniumDriver] [  845] - Datavalue is----------Set Up Report Packages
[INFO ][2015-12-09 16:53:30,490][com.java.SeleniumDriver] [  869] - DataField : XPH//span[contains(text(),'Set Up Report Packages')]
[INFO ][2015-12-09 16:53:30,490][com.java.SeleniumDriver] [  871] - DataValue : Set Up Report Packages
[INFO ][2015-12-09 16:53:30,490][com.java.SeleniumDriver] [  877] - <In Set values of the page>
[INFO ][2015-12-09 16:53:30,490][com.java.SeleniumDriver] [  880] - {Data Fields & Data Values Exist}
[INFO ][2015-12-09 16:53:30,490][com.java.SeleniumDriver] [  882] - --------------------------setting values-----------------------------
[INFO ][2015-12-09 16:53:30,490][com.java.SeleniumDriver] [  885] - Action Type : VERIFY
[INFO ][2015-12-09 16:53:30,491][com.java.TestType] [ 6704] - field= XPH//span[contains(text(),'Set Up Report Packages')] value= Set Up Report Packages
[INFO ][2015-12-09 16:53:30,491][com.java.TestType] [ 5476] - value = Set Up Report Packages
[INFO ][2015-12-09 16:53:30,645][com.java.SeleniumDriver] [  894] -  RESULT true
[INFO ][2015-12-09 16:53:30,645][com.java.SeleniumDriver] [ 1100] - ?   P A S S   ?
[INFO ][2015-12-09 16:53:30,645][com.java.SeleniumDriver] [  821] - ------------------------------------------
[INFO ][2015-12-09 16:53:30,645][com.java.SeleniumDriver] [  822] - Test case being Executed: 2
[INFO ][2015-12-09 16:53:30,645][com.java.SeleniumDriver] [  833] - Test step:8
[INFO ][2015-12-09 16:53:30,645][com.java.SeleniumDriver] [  845] - Datavalue is----------null
[DEBUG][2015-12-09 16:53:30,645][com.java.SeleniumDriver] [  863] - Exception: null
[INFO ][2015-12-09 16:53:30,645][com.java.SeleniumDriver] [  869] - DataField : BTN//iframe[@id="frameDialogContent"]
[INFO ][2015-12-09 16:53:30,645][com.java.SeleniumDriver] [  871] - DataValue : 
[INFO ][2015-12-09 16:53:30,645][com.java.SeleniumDriver] [  877] - <In Set values of the page>
[INFO ][2015-12-09 16:53:30,645][com.java.SeleniumDriver] [  880] - {Data Fields & Data Values Exist}
[INFO ][2015-12-09 16:53:30,645][com.java.SeleniumDriver] [  882] - --------------------------setting values-----------------------------
[INFO ][2015-12-09 16:53:30,646][com.java.SeleniumDriver] [  885] - Action Type : SELECTFRAME
[INFO ][2015-12-09 16:53:30,737][com.java.SeleniumDriver] [  894] -  RESULT true
[INFO ][2015-12-09 16:53:30,737][com.java.SeleniumDriver] [ 1100] - ?   P A S S   ?
[INFO ][2015-12-09 16:53:30,737][com.java.SeleniumDriver] [  821] - ------------------------------------------
[INFO ][2015-12-09 16:53:30,737][com.java.SeleniumDriver] [  822] - Test case being Executed: 2
[INFO ][2015-12-09 16:53:30,737][com.java.SeleniumDriver] [  833] - Test step:9
[INFO ][2015-12-09 16:53:30,737][com.java.SeleniumDriver] [  845] - Datavalue is----------null
[DEBUG][2015-12-09 16:53:30,738][com.java.SeleniumDriver] [  863] - Exception: null
[INFO ][2015-12-09 16:53:30,738][com.java.SeleniumDriver] [  869] - DataField : XPH//span[@class='glyphicon glyphicon-plus']
[INFO ][2015-12-09 16:53:30,738][com.java.SeleniumDriver] [  871] - DataValue : 
[INFO ][2015-12-09 16:53:30,738][com.java.SeleniumDriver] [  877] - <In Set values of the page>
[INFO ][2015-12-09 16:53:30,738][com.java.SeleniumDriver] [  880] - {Data Fields & Data Values Exist}
[INFO ][2015-12-09 16:53:30,738][com.java.SeleniumDriver] [  882] - --------------------------setting values-----------------------------
[INFO ][2015-12-09 16:53:30,738][com.java.SeleniumDriver] [  885] - Action Type : CLICK
[INFO ][2015-12-09 16:53:30,738][com.java.TestType] [ 5804] - Field ::XPH//span[@class='glyphicon glyphicon-plus']
[INFO ][2015-12-09 16:53:31,738][com.java.TestType] [ 5898] - BEFORE CLICK
[INFO ][2015-12-09 16:53:32,910][com.java.TestType] [ 5906] - Unable to click the object +' Button
[INFO ][2015-12-09 16:53:32,910][com.java.SeleniumDriver] [  894] -  RESULT true
[INFO ][2015-12-09 16:53:32,910][com.java.SeleniumDriver] [ 1100] - ?   P A S S   ?
[INFO ][2015-12-09 16:53:32,910][com.java.SeleniumDriver] [  821] - ------------------------------------------
[INFO ][2015-12-09 16:53:32,910][com.java.SeleniumDriver] [  822] - Test case being Executed: 2
[INFO ][2015-12-09 16:53:32,910][com.java.SeleniumDriver] [  833] - Test step:10
[INFO ][2015-12-09 16:53:32,910][com.java.SeleniumDriver] [  845] - Datavalue is----------3
[INFO ][2015-12-09 16:53:32,910][com.java.SeleniumDriver] [  869] - DataField : XPH//span[@class='dlg_Label']
[INFO ][2015-12-09 16:53:32,910][com.java.SeleniumDriver] [  871] - DataValue : 3
[INFO ][2015-12-09 16:53:32,910][com.java.SeleniumDriver] [  877] - <In Set values of the page>
[INFO ][2015-12-09 16:53:32,910][com.java.SeleniumDriver] [  880] - {Data Fields & Data Values Exist}
[INFO ][2015-12-09 16:53:32,910][com.java.SeleniumDriver] [  882] - --------------------------setting values-----------------------------
[INFO ][2015-12-09 16:53:32,910][com.java.SeleniumDriver] [  885] - Action Type : WAITFORELEMENT
[INFO ][2015-12-09 16:53:32,943][com.java.SeleniumDriver] [  894] -  RESULT true
[INFO ][2015-12-09 16:53:32,943][com.java.SeleniumDriver] [ 1100] - ?   P A S S   ?
[INFO ][2015-12-09 16:53:32,943][com.java.SeleniumDriver] [  821] - ------------------------------------------
[INFO ][2015-12-09 16:53:32,943][com.java.SeleniumDriver] [  822] - Test case being Executed: 2
[INFO ][2015-12-09 16:53:32,943][com.java.SeleniumDriver] [  833] - Test step:11
[INFO ][2015-12-09 16:53:32,943][com.java.SeleniumDriver] [  845] - Datavalue is----------Package Name
[INFO ][2015-12-09 16:53:32,943][com.java.SeleniumDriver] [  869] - DataField : XPH//span[@class='dlg_Label']
[INFO ][2015-12-09 16:53:32,943][com.java.SeleniumDriver] [  871] - DataValue : Package Name
[INFO ][2015-12-09 16:53:32,943][com.java.SeleniumDriver] [  877] - <In Set values of the page>
[INFO ][2015-12-09 16:53:32,943][com.java.SeleniumDriver] [  880] - {Data Fields & Data Values Exist}
[INFO ][2015-12-09 16:53:32,945][com.java.SeleniumDriver] [  882] - --------------------------setting values-----------------------------
[INFO ][2015-12-09 16:53:32,945][com.java.SeleniumDriver] [  885] - Action Type : VERIFY
[INFO ][2015-12-09 16:53:32,945][com.java.TestType] [ 6704] - field= XPH//span[@class='dlg_Label'] value= Package Name
[INFO ][2015-12-09 16:53:32,945][com.java.TestType] [ 5476] - value = Package Name
[INFO ][2015-12-09 16:53:33,055][com.java.SeleniumDriver] [  894] -  RESULT true
[INFO ][2015-12-09 16:53:33,055][com.java.SeleniumDriver] [ 1100] - ?   P A S S   ?
[INFO ][2015-12-09 16:53:33,055][com.java.SeleniumDriver] [  821] - ------------------------------------------
[INFO ][2015-12-09 16:53:33,055][com.java.SeleniumDriver] [  822] - Test case being Executed: 2
[INFO ][2015-12-09 16:53:33,055][com.java.SeleniumDriver] [  833] - Test step:12
[INFO ][2015-12-09 16:53:33,055][com.java.SeleniumDriver] [  845] - Datavalue is----------null
[DEBUG][2015-12-09 16:53:33,055][com.java.SeleniumDriver] [  863] - Exception: null
[INFO ][2015-12-09 16:53:33,055][com.java.SeleniumDriver] [  869] - DataField : HDN//input[@class="ember-view ember-text-field form-control"]
[INFO ][2015-12-09 16:53:33,055][com.java.SeleniumDriver] [  871] - DataValue : 
[INFO ][2015-12-09 16:53:33,055][com.java.SeleniumDriver] [  877] - <In Set values of the page>
[INFO ][2015-12-09 16:53:33,055][com.java.SeleniumDriver] [  880] - {Data Fields & Data Values Exist}
[INFO ][2015-12-09 16:53:33,055][com.java.SeleniumDriver] [  882] - --------------------------setting values-----------------------------
[INFO ][2015-12-09 16:53:33,055][com.java.SeleniumDriver] [  885] - Action Type : CLICK
[INFO ][2015-12-09 16:53:33,056][com.java.TestType] [ 5804] - Field ::HDN//input[@class="ember-view ember-text-field form-control"]
[INFO ][2015-12-09 16:53:34,115][com.java.SeleniumDriver] [  894] -  RESULT true
[INFO ][2015-12-09 16:53:34,115][com.java.SeleniumDriver] [ 1100] - ?   P A S S   ?
[INFO ][2015-12-09 16:53:34,115][com.java.SeleniumDriver] [  821] - ------------------------------------------
[INFO ][2015-12-09 16:53:34,115][com.java.SeleniumDriver] [  822] - Test case being Executed: 2
[INFO ][2015-12-09 16:53:34,115][com.java.SeleniumDriver] [  833] - Test step:13
[INFO ][2015-12-09 16:53:34,115][com.java.SeleniumDriver] [  845] - Datavalue is----------RNDVLTest
[INFO ][2015-12-09 16:53:34,115][com.java.SeleniumDriver] [  869] - DataField : TXT//input[@class="ember-view ember-text-field form-control"]
[INFO ][2015-12-09 16:53:34,115][com.java.SeleniumDriver] [  871] - DataValue : RNDVLTest
[INFO ][2015-12-09 16:53:34,115][com.java.SeleniumDriver] [  877] - <In Set values of the page>
[INFO ][2015-12-09 16:53:34,115][com.java.SeleniumDriver] [  880] - {Data Fields & Data Values Exist}
[INFO ][2015-12-09 16:53:34,115][com.java.SeleniumDriver] [  882] - --------------------------setting values-----------------------------
[INFO ][2015-12-09 16:53:34,115][com.java.SeleniumDriver] [  885] - Action Type : JAVASCRIPTENTERWITHXPATH
[INFO ][2015-12-09 16:53:34,116][com.java.TestType] [ 5476] - value = VLTest88173
[DEBUG][2015-12-09 16:53:34,129][com.java.TestType] [  871] - Unable to perform actionTXT//input[@class="ember-view ember-text-field form-control"]
[ERROR][2015-12-09 16:53:34,130][com.java.TestType] [  872] - Exception: JavaScript error (WARNING: The server did not provide any stacktrace information)
Command duration or timeout: 13 milliseconds
Build info: version: '2.48.2', revision: '41bccdd', time: '2015-10-09 19:59:12'
System info: host: 'FVTIII438F1D', ip: '172.17.68.34', os.name: 'Windows 7', os.arch: 'x86', os.version: '6.1', java.version: '1.7.0_55'
Session ID: 503fc86c-1eb4-4cc0-aa7b-c32a094b2b0d
Driver info: org.openqa.selenium.ie.InternetExplorerDriver
Capabilities [{platform=WINDOWS, javascriptEnabled=true, elementScrollBehavior=0, ignoreZoomSetting=false, enablePersistentHover=true, ie.ensureCleanSession=false, browserName=internet explorer, enableElementCacheCleanup=true, unexpectedAlertBehaviour=dismiss, version=10, ie.usePerProcessProxy=false, ignoreProtectedModeSettings=true, cssSelectorsEnabled=true, requireWindowFocus=false, initialBrowserUrl=http://localhost:44543/, handlesAlerts=true, ie.forceCreateProcessApi=false, nativeEvents=true, browserAttachTimeout=0, ie.browserCommandLineSwitches=, takesScreenshot=true}]
[INFO ][2015-12-09 16:53:34,131][com.java.SeleniumDriver] [  894] -  RESULT false
[INFO ][2015-12-09 16:53:34,131][com.java.SeleniumDriver] [  941] - ?   F A I L   ?
[INFO ][2015-12-09 16:53:34,131][com.java.SeleniumDriver] [  949] - Browser Type : IE10
[INFO ][2015-12-09 16:53:34,131][com.java.SeleniumDriver] [  950] - Adding Failed case2
[INFO ][2015-12-09 16:53:34,484][com.java.SeleniumDriver] [ 1064] - failedCases = 2
[ERROR][2015-12-09 16:53:34,484][com.java.SeleniumDriver] [ 1561] - Platform Errors : Our apologies...::We have encountered an issue with your request.::Our apologies?:We encountered an issue with your request.
[INFO ][2015-12-09 16:53:34,484][com.java.SeleniumDriver] [ 1565] - Length =3
[ERROR][2015-12-09 16:53:34,484][com.java.SeleniumDriver] [ 1568] - Error 0 = Our apologies...
[ERROR][2015-12-09 16:53:34,497][com.java.SeleniumDriver] [ 1568] - Error 1 = We have encountered an issue with your request.
[ERROR][2015-12-09 16:53:34,510][com.java.SeleniumDriver] [ 1568] - Error 2 = Our apologies?:We encountered an issue with your request.
[INFO ][2015-12-09 16:53:34,523][com.java.SeleniumDriver] [ 1579] - strError:
[DEBUG][2015-12-09 16:53:34,536][com.java.SeleniumDriver] [ 1212] - Case found
[DEBUG][2015-12-09 16:53:34,536][com.java.SeleniumDriver] [ 1217] - Incrementing ReportCounters[0]:2
[INFO ][2015-12-09 16:53:34,536][com.java.SeleniumDriver] [ 1236] - The results are-------------------[2, 13, Report Packages: Add Regular Report Package, Fail, 
Test case failed at Step No. :: 13   Error Message ::  JavaScript error (WARNING: The server did not provide any stacktrace information)
Command duration or timeout: 13 milliseconds
Build info: version: '2.48.2', revision: '41bccdd', time: '2015-10-09 19:59:12'
System info: host: 'FVTIII438F1D', ip: '172.17.68.34', os.name: 'Windows 7', os.arch: 'x86', os.version: '6.1', java.version: '1.7.0_55'
Session ID: 503fc86c-1eb4-4cc0-aa7b-c32a094b2b0d
Driver info: org.openqa.selenium.ie.InternetExplorerDriver
Capabilities [{platform=WINDOWS, javascriptEnabled=true, elementScrollBehavior=0, ignoreZoomSetting=false, enablePersistentHover=true, ie.ensureCleanSession=false, browserName=internet explorer, enableElementCacheCleanup=true, unexpectedAlertBehaviour=dismiss, version=10, ie.usePerProcessProxy=false, ignoreProtectedModeSettings=true, cssSelectorsEnabled=true, requireWindowFocus=false, initialBrowserUrl=http://localhost:44543/, handlesAlerts=true, ie.forceCreateProcessApi=false, nativeEvents=true, browserAttachTimeout=0, ie.browserCommandLineSwitches=, takesScreenshot=true}]. Screen Shot : D:\BankersDashboard\TestReports\120915\2_120915_165334_IE10.png, Wed Dec 09 16:53:34 IST 2015]
[INFO ][2015-12-09 16:53:34,536][com.java.SeleniumDriver] [ 1240] - End time is-------1 min 31 sec
[INFO ][2015-12-09 16:53:34,536][com.java.SeleniumDriver] [ 1241] - The results are-------------------[2, 13, Report Packages: Add Regular Report Package, Fail, 
Test case failed at Step No. :: 13   Error Message ::  JavaScript error (WARNING: The server did not provide any stacktrace information)
Command duration or timeout: 13 milliseconds
Build info: version: '2.48.2', revision: '41bccdd', time: '2015-10-09 19:59:12'
System info: host: 'FVTIII438F1D', ip: '172.17.68.34', os.name: 'Windows 7', os.arch: 'x86', os.version: '6.1', java.version: '1.7.0_55'
Session ID: 503fc86c-1eb4-4cc0-aa7b-c32a094b2b0d
Driver info: org.openqa.selenium.ie.InternetExplorerDriver
Capabilities [{platform=WINDOWS, javascriptEnabled=true, elementScrollBehavior=0, ignoreZoomSetting=false, enablePersistentHover=true, ie.ensureCleanSession=false, browserName=internet explorer, enableElementCacheCleanup=true, unexpectedAlertBehaviour=dismiss, version=10, ie.usePerProcessProxy=false, ignoreProtectedModeSettings=true, cssSelectorsEnabled=true, requireWindowFocus=false, initialBrowserUrl=http://localhost:44543/, handlesAlerts=true, ie.forceCreateProcessApi=false, nativeEvents=true, browserAttachTimeout=0, ie.browserCommandLineSwitches=, takesScreenshot=true}]. Screen Shot : D:\BankersDashboard\TestReports\120915\2_120915_165334_IE10.png, Wed Dec 09 16:53:34 IST 2015]
[DEBUG][2015-12-09 16:53:34,536][com.java.ImportnExport.ExportTestResultsExcel] [  222] - testResultPath = D:\BankersDashboard/TestReports/Test Results_BankersDashBoard_120915_165205_IE10_CB&S Bank.xls
[DEBUG][2015-12-09 16:53:34,536][com.java.ImportnExport.ExportTestResultsExcel] [  223] - browser is------------IE10
[DEBUG][2015-12-09 16:53:34,538][com.java.ImportnExport.ExportTestResultsExcel] [  270] - result.size() = 6
[DEBUG][2015-12-09 16:53:34,538][com.java.ImportnExport.ExportTestResultsExcel] [  274] - No of rows in sheet=2
[DEBUG][2015-12-09 16:53:34,538][com.java.ImportnExport.ExportTestResultsExcel] [  301] - ..in export..2
[DEBUG][2015-12-09 16:53:34,538][com.java.ImportnExport.ExportTestResultsExcel] [  301] - ..in export..Report Packages: Add Regular Report Package
[DEBUG][2015-12-09 16:53:34,539][com.java.ImportnExport.ExportTestResultsExcel] [  301] - ..in export..Fail
[DEBUG][2015-12-09 16:53:34,539][com.java.ImportnExport.ExportTestResultsExcel] [  301] - ..in export..
Test case failed at Step No. :: 13   Error Message ::  JavaScript error (WARNING: The server did not provide any stacktrace information)
Command duration or timeout: 13 milliseconds
Build info: version: '2.48.2', revision: '41bccdd', time: '2015-10-09 19:59:12'
System info: host: 'FVTIII438F1D', ip: '172.17.68.34', os.name: 'Windows 7', os.arch: 'x86', os.version: '6.1', java.version: '1.7.0_55'
Session ID: 503fc86c-1eb4-4cc0-aa7b-c32a094b2b0d
Driver info: org.openqa.selenium.ie.InternetExplorerDriver
Capabilities [{platform=WINDOWS, javascriptEnabled=true, elementScrollBehavior=0, ignoreZoomSetting=false, enablePersistentHover=true, ie.ensureCleanSession=false, browserName=internet explorer, enableElementCacheCleanup=true, unexpectedAlertBehaviour=dismiss, version=10, ie.usePerProcessProxy=false, ignoreProtectedModeSettings=true, cssSelectorsEnabled=true, requireWindowFocus=false, initialBrowserUrl=http://localhost:44543/, handlesAlerts=true, ie.forceCreateProcessApi=false, nativeEvents=true, browserAttachTimeout=0, ie.browserCommandLineSwitches=, takesScreenshot=true}]. Screen Shot : D:\BankersDashboard\TestReports\120915\2_120915_165334_IE10.png
[DEBUG][2015-12-09 16:53:34,539][com.java.ImportnExport.ExportTestResultsExcel] [  301] - ..in export..Wed Dec 09 16:53:34 IST 2015
[INFO ][2015-12-09 16:53:34,540][com.java.SeleniumDriver] [ 1299] - out loop:1 size:2 TestCases:[1, 2] testcases:[1, 2]
[INFO ][2015-12-09 16:53:36,542][com.java.SeleniumDriver] [ 1342] - Total Number of Cases:2
[INFO ][2015-12-09 16:53:36,542][com.java.TemplateGenerator] [  302] - Executed:2
[INFO ][2015-12-09 16:53:36,542][com.java.TemplateGenerator] [  303] - Passed:1
[INFO ][2015-12-09 16:53:36,542][com.java.TemplateGenerator] [  304] - Failed:1
[INFO ][2015-12-09 16:53:36,542][com.java.TemplateGenerator] [  305] - Skipeed:0
[INFO ][2015-12-09 16:53:36,542][com.java.TemplateGenerator] [  306] - Application URL:https://clients-xuat.bankersdashboard.com
[INFO ][2015-12-09 16:53:36,542][com.java.TemplateGenerator] [  307] - Start Time:120915_165205
[INFO ][2015-12-09 16:53:36,542][com.java.TemplateGenerator] [  308] -  Creating HTML Report 
[ERROR][2015-12-09 16:53:36,543][com.java.TemplateGenerator] [  409] - Unparseable date: "Wed Dec 09 04:52:05 IST 2015"
[INFO ][2015-12-09 16:53:36,543][com.java.TemplateGenerator] [  654] -  Exporting case :: 1
[INFO ][2015-12-09 16:53:36,543][com.java.TemplateGenerator] [  654] -  Exporting case :: 2
[INFO ][2015-12-09 16:53:36,549][com.java.SeleniumDriver] [ 1391] - End Time:120915_165336
[INFO ][2015-12-09 16:53:36,550][com.java.SeleniumDriver] [ 1394] - Data in Test Execution Details:{1=PASS, 2=FAILTest case failed at Step No. :: 13   Error Message ::  JavaScript error (WARNING: The server did not provide any stacktrace information)
Command duration or timeout: 13 milliseconds
Build info: version: '2.48.2', revision: '41bccdd', time: '2015-10-09 19:59:12'
System info: host: 'FVTIII438F1D', ip: '172.17.68.34', os.name: 'Windows 7', os.arch: 'x86', os.version: '6.1', java.version: '1.7.0_55'
Session ID: 503fc86c-1eb4-4cc0-aa7b-c32a094b2b0d
Driver info: org.openqa.selenium.ie.InternetExplorerDriver
Capabilities [{platform=WINDOWS, javascriptEnabled=true, elementScrollBehavior=0, ignoreZoomSetting=false, enablePersistentHover=true, ie.ensureCleanSession=false, browserName=internet explorer, enableElementCacheCleanup=true, unexpectedAlertBehaviour=dismiss, version=10, ie.usePerProcessProxy=false, ignoreProtectedModeSettings=true, cssSelectorsEnabled=true, requireWindowFocus=false, initialBrowserUrl=http://localhost:44543/, handlesAlerts=true, ie.forceCreateProcessApi=false, nativeEvents=true, browserAttachTimeout=0, ie.browserCommandLineSwitches=, takesScreenshot=true}]}
[INFO ][2015-12-09 16:53:36,550][com.java.SeleniumDriver] [ 1395] - Data in Failed Execution Deatils:{}
[INFO ][2015-12-09 16:53:36,550][com.java.SeleniumDriver] [ 1397] - ReportCounter:Total:2 :: PASS: 1 ::FAIL: 1
[INFO ][2015-12-09 16:53:36,550][com.java.SeleniumDriver] [ 1398] - FailedReportCounter:Total:0 :: PASS: 0 ::FAIL: 0
[INFO ][2015-12-09 16:53:36,555][com.java.EmailTestReport] [   63] - Sending report mail details:
[INFO ][2015-12-09 16:53:36,555][com.java.EmailTestReport] [   80] - Excel Report Path:D:\BankersDashboard/TestReports/Test Results_BankersDashBoard_120915_165205_IE10_CB&S Bank.xls
[INFO ][2015-12-09 16:53:36,555][com.java.EmailTestReport] [   81] - HTML Report Path:D:\BankersDashboard//TestReports//Test Results_BankersDashBoard_120915_165205_IE10_CB&S Bank.html
[INFO ][2015-12-09 16:53:36,555][com.java.EmailTestReport] [   82] - smtpHostName:mail01.valuelabs.com
[INFO ][2015-12-09 16:53:36,555][com.java.EmailTestReport] [   83] - Recipient:venkateswararao.gubbala@valuelabs.com;
[INFO ][2015-12-09 16:53:36,556][com.java.EmailTestReport] [   84] - From:venkateswararao.gubbala@valuelabs.com;
[INFO ][2015-12-09 16:53:36,556][com.java.EmailTestReport] [   85] - Subject:Deluxe Corp Bankers Dashboard Automation Test Report - CB&S Bank - IE10
[INFO ][2015-12-09 16:53:36,571][com.java.EmailTestReport] [  143] -  Added venkateswararao.gubbala@valuelabs.com
[INFO ][2015-12-09 16:53:39,954][com.java.SeleniumDriver] [  720] - quitting the browser 
[INFO ][2015-12-09 16:53:41,246][com.java.SeleniumDriver] [  264] - Execution Completed Stopping the thread
