[INFO ][2015-11-06 11:20:40,605][com.java.SeleniumDriver] [  213] - Execute Failed Casesfalse
[INFO ][2015-11-06 11:20:40,605][com.java.SeleniumDriver] [  214] - Browser: IE11
[INFO ][2015-11-06 11:20:40,605][com.java.SeleniumDriver] [  215] - [1, 2]
[INFO ][2015-11-06 11:20:40,605][com.java.SeleniumDriver] [  216] - Total TestCases:2
[INFO ][2015-11-06 11:20:40,605][com.java.SeleniumDriver] [  217] -  Reading Properties from Property File 
[DEBUG][2015-11-06 11:20:40,605][com.java.SeleniumDriver] [  238] - url : https://clients-xuat.bankersdashboard.com
[INFO ][2015-11-06 11:20:40,605][com.java.ImportnExport.ExportTestResultsExcel] [  116] - Time Stamp Fri Nov 06 11:20:40 IST 2015
[INFO ][2015-11-06 11:20:40,605][com.java.ImportnExport.ExportTestResultsExcel] [  175] - OUT FILE : D:\BankersDashboard/TestReports/Test Results_BankersDashBoard_110615_112040_IE11_Any Bank USA.xls
[INFO ][2015-11-06 11:20:40,637][com.java.ImportnExport.ExportTestResultsExcel] [  180] - Test Result file is created
[DEBUG][2015-11-06 11:20:40,731][com.java.SeleniumDriver] [  425] - Hub ip address is-------172.17.68.34
[INFO ][2015-11-06 11:20:40,731][com.java.SeleniumDriver] [  451] - Grid URL:http://172.17.68.34:4444/wd/hub
[INFO ][2015-11-06 11:20:40,731][com.java.SeleniumDriver] [  452] - Capability:Capabilities [{platform=ANY, ensureCleanSession=true, ignoreProtectedModeSettings=true, acceptSslCerts=true, ignoreZoomSetting=true, browserName=internet explorer, browserstack.ie.noFlash=true, version=Node1}]
[ERROR][2015-11-06 11:20:42,056][com.java.SeleniumDriver] [  496] - Unable invoke browser in grid:Could not start a new session. Possible causes are invalid address of the remote server or browser start-up failure.
Build info: version: '2.48.2', revision: '41bccdd', time: '2015-10-09 19:59:12'
System info: host: 'FVTIII438F1D', ip: '172.17.68.34', os.name: 'Windows 7', os.arch: 'x86', os.version: '6.1', java.version: '1.7.0_55'
Driver info: driver.version: SeleniumDriver
[INFO ][2015-11-06 11:20:42,056][com.java.SeleniumDriver] [  498] - Executing on local machine
[INFO ][2015-11-06 11:20:54,151][com.java.SeleniumDriver] [  248] - IE11is opened
[INFO ][2015-11-06 11:20:54,793][com.java.SeleniumDriver] [  752] - Test cases to be executed are: [1, 2]
[INFO ][2015-11-06 11:20:54,793][com.java.ImportnExport.ImportTestDataDetailsExcel] [   49] - test data details path===== D:\BankersDashboard\TestInputs\TestData.xls
[INFO ][2015-11-06 11:21:05,594][com.java.SeleniumDriver] [  788] - ------------------------------------------
[INFO ][2015-11-06 11:21:05,594][com.java.SeleniumDriver] [  789] - Test case being Executed: 1
[INFO ][2015-11-06 11:21:05,595][com.java.SeleniumDriver] [  800] - Test step:1
[INFO ][2015-11-06 11:21:05,595][com.java.SeleniumDriver] [  812] - Datavalue is----------Concept#1:1-14
[INFO ][2015-11-06 11:21:05,595][com.java.SeleniumDriver] [  836] - DataField : test
[INFO ][2015-11-06 11:21:05,595][com.java.SeleniumDriver] [  838] - DataValue : Concept#1:1-14
[INFO ][2015-11-06 11:21:05,595][com.java.SeleniumDriver] [  844] - <In Set values of the page>
[INFO ][2015-11-06 11:21:05,595][com.java.SeleniumDriver] [  847] - {Data Fields & Data Values Exist}
[INFO ][2015-11-06 11:21:05,595][com.java.SeleniumDriver] [  849] - --------------------------setting values-----------------------------
[INFO ][2015-11-06 11:21:05,595][com.java.SeleniumDriver] [  852] - Action Type : ExecuteTestCase
[INFO ][2015-11-06 11:21:05,626][com.java.TestType] [  414] - The Concept sheet name is ---------- Concept
[INFO ][2015-11-06 11:21:05,626][com.java.TestType] [  417] - The Concept ID  is ---------- 1
[DEBUG][2015-11-06 11:21:05,626][com.java.TestType] [  421] - Steps being executted in the Concept are: 1:14
[INFO ][2015-11-06 11:21:05,626][com.java.TestType] [  428] - Test data details path ---------- D:\BankersDashboard\TestInputs\TestData.xls
[INFO ][2015-11-06 11:21:05,658][com.java.TestType] [  459] -  str(1) = 1
[INFO ][2015-11-06 11:21:05,658][com.java.TestType] [  462] - Test case Id is---1
[INFO ][2015-11-06 11:21:05,658][com.java.TestType] [  464] - 1
[INFO ][2015-11-06 11:21:05,658][com.java.TestType] [  459] -  str(2) = 1
[INFO ][2015-11-06 11:21:05,658][com.java.TestType] [  511] - row values are--------{1=com.java.Objects.TestDataDetails@1624af1}
[INFO ][2015-11-06 11:21:05,658][com.java.TestType] [  459] -  str(1) = 1
[INFO ][2015-11-06 11:21:05,658][com.java.TestType] [  462] - Test case Id is---1
[INFO ][2015-11-06 11:21:05,658][com.java.TestType] [  464] - 1
[INFO ][2015-11-06 11:21:05,658][com.java.TestType] [  459] -  str(2) = 2
[INFO ][2015-11-06 11:21:05,658][com.java.TestType] [  511] - row values are--------{1=com.java.Objects.TestDataDetails@1624af1, 2=com.java.Objects.TestDataDetails@1857480}
[INFO ][2015-11-06 11:21:05,658][com.java.TestType] [  459] -  str(1) = 1
[INFO ][2015-11-06 11:21:05,658][com.java.TestType] [  462] - Test case Id is---1
[INFO ][2015-11-06 11:21:05,658][com.java.TestType] [  464] - 1
[INFO ][2015-11-06 11:21:05,658][com.java.TestType] [  459] -  str(2) = 3
[INFO ][2015-11-06 11:21:05,658][com.java.TestType] [  511] - row values are--------{1=com.java.Objects.TestDataDetails@1624af1, 2=com.java.Objects.TestDataDetails@1857480, 3=com.java.Objects.TestDataDetails@7439fe}
[INFO ][2015-11-06 11:21:05,658][com.java.TestType] [  459] -  str(1) = 1
[INFO ][2015-11-06 11:21:05,658][com.java.TestType] [  462] - Test case Id is---1
[INFO ][2015-11-06 11:21:05,658][com.java.TestType] [  464] - 1
[INFO ][2015-11-06 11:21:05,658][com.java.TestType] [  459] -  str(2) = 4
[INFO ][2015-11-06 11:21:05,658][com.java.TestType] [  511] - row values are--------{1=com.java.Objects.TestDataDetails@1624af1, 2=com.java.Objects.TestDataDetails@1857480, 3=com.java.Objects.TestDataDetails@7439fe, 4=com.java.Objects.TestDataDetails@9283b0}
[INFO ][2015-11-06 11:21:05,658][com.java.TestType] [  459] -  str(1) = 1
[INFO ][2015-11-06 11:21:05,658][com.java.TestType] [  462] - Test case Id is---1
[INFO ][2015-11-06 11:21:05,658][com.java.TestType] [  464] - 1
[INFO ][2015-11-06 11:21:05,658][com.java.TestType] [  459] -  str(2) = 5
[INFO ][2015-11-06 11:21:05,658][com.java.TestType] [  511] - row values are--------{1=com.java.Objects.TestDataDetails@1624af1, 2=com.java.Objects.TestDataDetails@1857480, 3=com.java.Objects.TestDataDetails@7439fe, 4=com.java.Objects.TestDataDetails@9283b0, 5=com.java.Objects.TestDataDetails@c5239}
[INFO ][2015-11-06 11:21:05,658][com.java.TestType] [  459] -  str(1) = 1
[INFO ][2015-11-06 11:21:05,658][com.java.TestType] [  462] - Test case Id is---1
[INFO ][2015-11-06 11:21:05,658][com.java.TestType] [  464] - 1
[INFO ][2015-11-06 11:21:05,658][com.java.TestType] [  459] -  str(2) = 6
[INFO ][2015-11-06 11:21:05,658][com.java.TestType] [  511] - row values are--------{1=com.java.Objects.TestDataDetails@1624af1, 2=com.java.Objects.TestDataDetails@1857480, 3=com.java.Objects.TestDataDetails@7439fe, 4=com.java.Objects.TestDataDetails@9283b0, 5=com.java.Objects.TestDataDetails@c5239, 6=com.java.Objects.TestDataDetails@5138d2}
[INFO ][2015-11-06 11:21:05,658][com.java.TestType] [  459] -  str(1) = 1
[INFO ][2015-11-06 11:21:05,658][com.java.TestType] [  462] - Test case Id is---1
[INFO ][2015-11-06 11:21:05,658][com.java.TestType] [  464] - 1
[INFO ][2015-11-06 11:21:05,658][com.java.TestType] [  459] -  str(2) = 7
[INFO ][2015-11-06 11:21:05,673][com.java.TestType] [  511] - row values are--------{1=com.java.Objects.TestDataDetails@1624af1, 2=com.java.Objects.TestDataDetails@1857480, 3=com.java.Objects.TestDataDetails@7439fe, 4=com.java.Objects.TestDataDetails@9283b0, 5=com.java.Objects.TestDataDetails@c5239, 6=com.java.Objects.TestDataDetails@5138d2, 7=com.java.Objects.TestDataDetails@15b0046}
[INFO ][2015-11-06 11:21:05,673][com.java.TestType] [  459] -  str(1) = 1
[INFO ][2015-11-06 11:21:05,673][com.java.TestType] [  462] - Test case Id is---1
[INFO ][2015-11-06 11:21:05,673][com.java.TestType] [  464] - 1
[INFO ][2015-11-06 11:21:05,673][com.java.TestType] [  459] -  str(2) = 8
[INFO ][2015-11-06 11:21:05,673][com.java.TestType] [  511] - row values are--------{1=com.java.Objects.TestDataDetails@1624af1, 2=com.java.Objects.TestDataDetails@1857480, 3=com.java.Objects.TestDataDetails@7439fe, 4=com.java.Objects.TestDataDetails@9283b0, 5=com.java.Objects.TestDataDetails@c5239, 6=com.java.Objects.TestDataDetails@5138d2, 7=com.java.Objects.TestDataDetails@15b0046, 8=com.java.Objects.TestDataDetails@57faa6}
[INFO ][2015-11-06 11:21:05,673][com.java.TestType] [  459] -  str(1) = 1
[INFO ][2015-11-06 11:21:05,673][com.java.TestType] [  462] - Test case Id is---1
[INFO ][2015-11-06 11:21:05,673][com.java.TestType] [  464] - 1
[INFO ][2015-11-06 11:21:05,673][com.java.TestType] [  459] -  str(2) = 9
[INFO ][2015-11-06 11:21:05,673][com.java.TestType] [  511] - row values are--------{1=com.java.Objects.TestDataDetails@1624af1, 2=com.java.Objects.TestDataDetails@1857480, 3=com.java.Objects.TestDataDetails@7439fe, 4=com.java.Objects.TestDataDetails@9283b0, 5=com.java.Objects.TestDataDetails@c5239, 6=com.java.Objects.TestDataDetails@5138d2, 7=com.java.Objects.TestDataDetails@15b0046, 8=com.java.Objects.TestDataDetails@57faa6, 9=com.java.Objects.TestDataDetails@1282220}
[INFO ][2015-11-06 11:21:05,673][com.java.TestType] [  459] -  str(1) = 1
[INFO ][2015-11-06 11:21:05,673][com.java.TestType] [  462] - Test case Id is---1
[INFO ][2015-11-06 11:21:05,673][com.java.TestType] [  464] - 1
[INFO ][2015-11-06 11:21:05,673][com.java.TestType] [  459] -  str(2) = 10
[INFO ][2015-11-06 11:21:05,673][com.java.TestType] [  511] - row values are--------{1=com.java.Objects.TestDataDetails@1624af1, 2=com.java.Objects.TestDataDetails@1857480, 3=com.java.Objects.TestDataDetails@7439fe, 4=com.java.Objects.TestDataDetails@9283b0, 5=com.java.Objects.TestDataDetails@c5239, 6=com.java.Objects.TestDataDetails@5138d2, 7=com.java.Objects.TestDataDetails@15b0046, 8=com.java.Objects.TestDataDetails@57faa6, 9=com.java.Objects.TestDataDetails@1282220, 10=com.java.Objects.TestDataDetails@dc926f}
[INFO ][2015-11-06 11:21:05,673][com.java.TestType] [  459] -  str(1) = 1
[INFO ][2015-11-06 11:21:05,673][com.java.TestType] [  462] - Test case Id is---1
[INFO ][2015-11-06 11:21:05,673][com.java.TestType] [  464] - 1
[INFO ][2015-11-06 11:21:05,673][com.java.TestType] [  459] -  str(2) = 11
[INFO ][2015-11-06 11:21:05,673][com.java.TestType] [  511] - row values are--------{1=com.java.Objects.TestDataDetails@1624af1, 2=com.java.Objects.TestDataDetails@1857480, 3=com.java.Objects.TestDataDetails@7439fe, 4=com.java.Objects.TestDataDetails@9283b0, 5=com.java.Objects.TestDataDetails@c5239, 6=com.java.Objects.TestDataDetails@5138d2, 7=com.java.Objects.TestDataDetails@15b0046, 8=com.java.Objects.TestDataDetails@57faa6, 9=com.java.Objects.TestDataDetails@1282220, 10=com.java.Objects.TestDataDetails@dc926f, 11=com.java.Objects.TestDataDetails@15a5ab}
[INFO ][2015-11-06 11:21:05,673][com.java.TestType] [  459] -  str(1) = 1
[INFO ][2015-11-06 11:21:05,673][com.java.TestType] [  462] - Test case Id is---1
[INFO ][2015-11-06 11:21:05,673][com.java.TestType] [  464] - 1
[INFO ][2015-11-06 11:21:05,673][com.java.TestType] [  459] -  str(2) = 12
[INFO ][2015-11-06 11:21:05,673][com.java.TestType] [  511] - row values are--------{1=com.java.Objects.TestDataDetails@1624af1, 2=com.java.Objects.TestDataDetails@1857480, 3=com.java.Objects.TestDataDetails@7439fe, 4=com.java.Objects.TestDataDetails@9283b0, 5=com.java.Objects.TestDataDetails@c5239, 6=com.java.Objects.TestDataDetails@5138d2, 7=com.java.Objects.TestDataDetails@15b0046, 8=com.java.Objects.TestDataDetails@57faa6, 9=com.java.Objects.TestDataDetails@1282220, 10=com.java.Objects.TestDataDetails@dc926f, 11=com.java.Objects.TestDataDetails@15a5ab, 12=com.java.Objects.TestDataDetails@19ad02}
[INFO ][2015-11-06 11:21:05,673][com.java.TestType] [  459] -  str(1) = 1
[INFO ][2015-11-06 11:21:05,673][com.java.TestType] [  462] - Test case Id is---1
[INFO ][2015-11-06 11:21:05,673][com.java.TestType] [  464] - 1
[INFO ][2015-11-06 11:21:05,673][com.java.TestType] [  459] -  str(2) = 13
[INFO ][2015-11-06 11:21:05,673][com.java.TestType] [  511] - row values are--------{1=com.java.Objects.TestDataDetails@1624af1, 2=com.java.Objects.TestDataDetails@1857480, 3=com.java.Objects.TestDataDetails@7439fe, 4=com.java.Objects.TestDataDetails@9283b0, 5=com.java.Objects.TestDataDetails@c5239, 6=com.java.Objects.TestDataDetails@5138d2, 7=com.java.Objects.TestDataDetails@15b0046, 8=com.java.Objects.TestDataDetails@57faa6, 9=com.java.Objects.TestDataDetails@1282220, 10=com.java.Objects.TestDataDetails@dc926f, 11=com.java.Objects.TestDataDetails@15a5ab, 12=com.java.Objects.TestDataDetails@19ad02, 13=com.java.Objects.TestDataDetails@6180f}
[INFO ][2015-11-06 11:21:05,673][com.java.TestType] [  459] -  str(1) = 1
[INFO ][2015-11-06 11:21:05,673][com.java.TestType] [  462] - Test case Id is---1
[INFO ][2015-11-06 11:21:05,673][com.java.TestType] [  464] - 1
[INFO ][2015-11-06 11:21:05,673][com.java.TestType] [  459] -  str(2) = 14
[INFO ][2015-11-06 11:21:05,673][com.java.TestType] [  511] - row values are--------{1=com.java.Objects.TestDataDetails@1624af1, 2=com.java.Objects.TestDataDetails@1857480, 3=com.java.Objects.TestDataDetails@7439fe, 4=com.java.Objects.TestDataDetails@9283b0, 5=com.java.Objects.TestDataDetails@c5239, 6=com.java.Objects.TestDataDetails@5138d2, 7=com.java.Objects.TestDataDetails@15b0046, 8=com.java.Objects.TestDataDetails@57faa6, 9=com.java.Objects.TestDataDetails@1282220, 10=com.java.Objects.TestDataDetails@dc926f, 11=com.java.Objects.TestDataDetails@15a5ab, 12=com.java.Objects.TestDataDetails@19ad02, 13=com.java.Objects.TestDataDetails@6180f, 14=com.java.Objects.TestDataDetails@1ad5dee}
[INFO ][2015-11-06 11:21:05,673][com.java.TestType] [ 7986] - Looping 1TCID = 1
[DEBUG][2015-11-06 11:21:05,673][com.java.TestType] [ 8027] - Concept ID:1 :: Step being Executed: 1::1
[INFO ][2015-11-06 11:21:05,673][com.java.TestType] [ 8065] - dataFields : TXTusername
[DEBUG][2015-11-06 11:21:05,673][com.java.TestType] [ 8071] - <In Set values of the page>
[DEBUG][2015-11-06 11:21:05,673][com.java.TestType] [ 8076] - {Data Fields & Data Values Exist}
[INFO ][2015-11-06 11:21:05,673][com.java.TestType] [ 8082] - --------------------------setting values-----------------------------
[INFO ][2015-11-06 11:21:05,673][com.java.TestType] [ 8085] - Action Type : CLEARANDENTER
[INFO ][2015-11-06 11:21:05,673][com.java.TestType] [ 3837] - value = naresh.nayini.00000
[INFO ][2015-11-06 11:21:10,695][com.java.TestType] [ 8104] -  RESULT true
[INFO ][2015-11-06 11:21:10,695][com.java.TestType] [ 8221] - ?   P A S S   ?
[DEBUG][2015-11-06 11:21:10,695][com.java.TestType] [ 8027] - Concept ID:1 :: Step being Executed: 1::2
[INFO ][2015-11-06 11:21:10,695][com.java.TestType] [ 8065] - dataFields : TXTpassword
[DEBUG][2015-11-06 11:21:10,695][com.java.TestType] [ 8071] - <In Set values of the page>
[DEBUG][2015-11-06 11:21:10,695][com.java.TestType] [ 8076] - {Data Fields & Data Values Exist}
[INFO ][2015-11-06 11:21:10,695][com.java.TestType] [ 8082] - --------------------------setting values-----------------------------
[INFO ][2015-11-06 11:21:10,695][com.java.TestType] [ 8085] - Action Type : CLEARANDENTER
[INFO ][2015-11-06 11:21:10,695][com.java.TestType] [ 3837] - value = Password1*
[INFO ][2015-11-06 11:21:15,835][com.java.TestType] [ 8104] -  RESULT true
[INFO ][2015-11-06 11:21:15,835][com.java.TestType] [ 8221] - ?   P A S S   ?
[DEBUG][2015-11-06 11:21:15,835][com.java.TestType] [ 8027] - Concept ID:1 :: Step being Executed: 1::3
[ERROR][2015-11-06 11:21:15,835][com.java.TestType] [ 8060] - Exception: null
[INFO ][2015-11-06 11:21:15,835][com.java.TestType] [ 8065] - dataFields : XPH//button[@type='submit']
[DEBUG][2015-11-06 11:21:15,835][com.java.TestType] [ 8071] - <In Set values of the page>
[DEBUG][2015-11-06 11:21:15,835][com.java.TestType] [ 8076] - {Data Fields & Data Values Exist}
[INFO ][2015-11-06 11:21:15,835][com.java.TestType] [ 8082] - --------------------------setting values-----------------------------
[INFO ][2015-11-06 11:21:15,835][com.java.TestType] [ 8085] - Action Type : Click
[INFO ][2015-11-06 11:21:15,835][com.java.TestType] [ 4150] - Field ::XPH//button[@type='submit']
[INFO ][2015-11-06 11:21:16,865][com.java.TestType] [ 4209] - BEFORE CLICK
[INFO ][2015-11-06 11:21:27,388][com.java.TestType] [ 4217] - Unable to click the object Login
[INFO ][2015-11-06 11:21:27,388][com.java.TestType] [ 8104] -  RESULT true
[INFO ][2015-11-06 11:21:27,388][com.java.TestType] [ 8221] - ?   P A S S   ?
[DEBUG][2015-11-06 11:21:27,388][com.java.TestType] [ 8027] - Concept ID:1 :: Step being Executed: 1::4
[INFO ][2015-11-06 11:21:27,388][com.java.TestType] [ 8065] - dataFields : LNKLogout
[DEBUG][2015-11-06 11:21:27,388][com.java.TestType] [ 8071] - <In Set values of the page>
[DEBUG][2015-11-06 11:21:27,388][com.java.TestType] [ 8076] - {Data Fields & Data Values Exist}
[INFO ][2015-11-06 11:21:27,388][com.java.TestType] [ 8082] - --------------------------setting values-----------------------------
[INFO ][2015-11-06 11:21:27,388][com.java.TestType] [ 8085] - Action Type : WaitForElement
[INFO ][2015-11-06 11:21:27,420][com.java.TestType] [ 8104] -  RESULT true
[INFO ][2015-11-06 11:21:27,420][com.java.TestType] [ 8221] - ?   P A S S   ?
[DEBUG][2015-11-06 11:21:27,420][com.java.TestType] [ 8027] - Concept ID:1 :: Step being Executed: 1::13
[INFO ][2015-11-06 11:21:27,420][com.java.TestType] [ 8065] - dataFields : LNK
[DEBUG][2015-11-06 11:21:27,420][com.java.TestType] [ 8071] - <In Set values of the page>
[DEBUG][2015-11-06 11:21:27,420][com.java.TestType] [ 8076] - {Data Fields & Data Values Exist}
[INFO ][2015-11-06 11:21:27,420][com.java.TestType] [ 8082] - --------------------------setting values-----------------------------
[INFO ][2015-11-06 11:21:27,420][com.java.TestType] [ 8085] - Action Type : Verify
[INFO ][2015-11-06 11:21:27,420][com.java.TestType] [ 4963] - field= LNK value= Logout
[INFO ][2015-11-06 11:21:27,420][com.java.TestType] [ 3837] - value = Logout
[INFO ][2015-11-06 11:21:27,452][com.java.TestType] [ 8104] -  RESULT true
[INFO ][2015-11-06 11:21:27,452][com.java.TestType] [ 8221] - ?   P A S S   ?
[DEBUG][2015-11-06 11:21:27,452][com.java.TestType] [ 8027] - Concept ID:1 :: Step being Executed: 1::14
[INFO ][2015-11-06 11:21:27,452][com.java.TestType] [ 8065] - dataFields : BTN
[DEBUG][2015-11-06 11:21:27,452][com.java.TestType] [ 8071] - <In Set values of the page>
[DEBUG][2015-11-06 11:21:27,452][com.java.TestType] [ 8076] - {Data Fields & Data Values Exist}
[INFO ][2015-11-06 11:21:27,452][com.java.TestType] [ 8082] - --------------------------setting values-----------------------------
[INFO ][2015-11-06 11:21:27,452][com.java.TestType] [ 8085] - Action Type : Verify
[INFO ][2015-11-06 11:21:27,452][com.java.TestType] [ 4963] - field= BTN value= //img[contains(@src,'bdlogo.jpg')]
[INFO ][2015-11-06 11:21:27,452][com.java.TestType] [ 3837] - value = //img[contains(@src,'bdlogo.jpg')]
[INFO ][2015-11-06 11:21:27,483][com.java.TestType] [ 8104] -  RESULT true
[INFO ][2015-11-06 11:21:27,483][com.java.TestType] [ 8221] - ?   P A S S   ?
[INFO ][2015-11-06 11:21:27,483][com.java.TestType] [ 8292] - Looping End......
[INFO ][2015-11-06 11:21:27,483][com.java.SeleniumDriver] [  861] -  RESULT true
[INFO ][2015-11-06 11:21:27,483][com.java.SeleniumDriver] [ 1066] - ?   P A S S   ?
[INFO ][2015-11-06 11:21:27,483][com.java.SeleniumDriver] [  788] - ------------------------------------------
[INFO ][2015-11-06 11:21:27,483][com.java.SeleniumDriver] [  789] - Test case being Executed: 1
[INFO ][2015-11-06 11:21:27,483][com.java.SeleniumDriver] [  800] - Test step:2
[INFO ][2015-11-06 11:21:27,483][com.java.SeleniumDriver] [  812] - Datavalue is----------Concept#2:1-2
[INFO ][2015-11-06 11:21:27,483][com.java.SeleniumDriver] [  836] - DataField : test
[INFO ][2015-11-06 11:21:27,483][com.java.SeleniumDriver] [  838] - DataValue : Concept#2:1-2
[INFO ][2015-11-06 11:21:27,483][com.java.SeleniumDriver] [  844] - <In Set values of the page>
[INFO ][2015-11-06 11:21:27,483][com.java.SeleniumDriver] [  847] - {Data Fields & Data Values Exist}
[INFO ][2015-11-06 11:21:27,483][com.java.SeleniumDriver] [  849] - --------------------------setting values-----------------------------
[INFO ][2015-11-06 11:21:27,483][com.java.SeleniumDriver] [  852] - Action Type : ExecuteTestCase
[INFO ][2015-11-06 11:21:27,483][com.java.TestType] [  414] - The Concept sheet name is ---------- Concept
[INFO ][2015-11-06 11:21:27,483][com.java.TestType] [  417] - The Concept ID  is ---------- 2
[DEBUG][2015-11-06 11:21:27,483][com.java.TestType] [  421] - Steps being executted in the Concept are: 1:2
[INFO ][2015-11-06 11:21:27,483][com.java.TestType] [  428] - Test data details path ---------- D:\BankersDashboard\TestInputs\TestData.xls
[INFO ][2015-11-06 11:21:27,514][com.java.TestType] [  459] -  str(1) = 2
[INFO ][2015-11-06 11:21:27,514][com.java.TestType] [  462] - Test case Id is---2
[INFO ][2015-11-06 11:21:27,514][com.java.TestType] [  464] - 2
[INFO ][2015-11-06 11:21:27,514][com.java.TestType] [  459] -  str(2) = 1
[INFO ][2015-11-06 11:21:27,514][com.java.TestType] [  511] - row values are--------{1=com.java.Objects.TestDataDetails@1a31248}
[INFO ][2015-11-06 11:21:27,514][com.java.TestType] [  459] -  str(1) = 2
[INFO ][2015-11-06 11:21:27,514][com.java.TestType] [  462] - Test case Id is---2
[INFO ][2015-11-06 11:21:27,514][com.java.TestType] [  464] - 2
[INFO ][2015-11-06 11:21:27,514][com.java.TestType] [  459] -  str(2) = 2
[INFO ][2015-11-06 11:21:27,514][com.java.TestType] [  511] - row values are--------{1=com.java.Objects.TestDataDetails@1a31248, 2=com.java.Objects.TestDataDetails@178802}
[INFO ][2015-11-06 11:21:27,514][com.java.TestType] [  459] -  str(1) = 2
[INFO ][2015-11-06 11:21:27,514][com.java.TestType] [  462] - Test case Id is---2
[INFO ][2015-11-06 11:21:27,514][com.java.TestType] [  464] - 2
[INFO ][2015-11-06 11:21:27,514][com.java.TestType] [  459] -  str(2) = 3
[INFO ][2015-11-06 11:21:27,514][com.java.TestType] [  511] - row values are--------{1=com.java.Objects.TestDataDetails@1a31248, 2=com.java.Objects.TestDataDetails@178802, 3=com.java.Objects.TestDataDetails@1ab52d8}
[INFO ][2015-11-06 11:21:27,514][com.java.TestType] [ 7986] - Looping 1TCID = 2
[DEBUG][2015-11-06 11:21:27,514][com.java.TestType] [ 8027] - Concept ID:2 :: Step being Executed: 2::1
[INFO ][2015-11-06 11:21:27,514][com.java.TestType] [ 8065] - dataFields : BNK//select[@id='bank']
[DEBUG][2015-11-06 11:21:27,514][com.java.TestType] [ 8071] - <In Set values of the page>
[DEBUG][2015-11-06 11:21:27,514][com.java.TestType] [ 8076] - {Data Fields & Data Values Exist}
[INFO ][2015-11-06 11:21:27,514][com.java.TestType] [ 8082] - --------------------------setting values-----------------------------
[INFO ][2015-11-06 11:21:27,514][com.java.TestType] [ 8085] - Action Type : Select
[INFO ][2015-11-06 11:21:27,514][com.java.TestType] [ 3837] - value = PFC
[INFO ][2015-11-06 11:21:27,717][com.java.TestType] [ 8104] -  RESULT true
[INFO ][2015-11-06 11:21:27,717][com.java.TestType] [ 8221] - ?   P A S S   ?
[DEBUG][2015-11-06 11:21:27,717][com.java.TestType] [ 8027] - Concept ID:2 :: Step being Executed: 2::2
[INFO ][2015-11-06 11:21:27,717][com.java.TestType] [ 8065] - dataFields : LNKLogout
[DEBUG][2015-11-06 11:21:27,717][com.java.TestType] [ 8071] - <In Set values of the page>
[DEBUG][2015-11-06 11:21:27,717][com.java.TestType] [ 8076] - {Data Fields & Data Values Exist}
[INFO ][2015-11-06 11:21:27,717][com.java.TestType] [ 8082] - --------------------------setting values-----------------------------
[INFO ][2015-11-06 11:21:27,717][com.java.TestType] [ 8085] - Action Type : WaitTime
[DEBUG][2015-11-06 11:21:27,717][com.java.TestType] [ 3736] - sleepTime: 5000
[INFO ][2015-11-06 11:21:32,717][com.java.TestType] [ 8104] -  RESULT true
[INFO ][2015-11-06 11:21:32,717][com.java.TestType] [ 8221] - ?   P A S S   ?
[INFO ][2015-11-06 11:21:32,717][com.java.TestType] [ 8292] - Looping End......
[INFO ][2015-11-06 11:21:32,717][com.java.SeleniumDriver] [  861] -  RESULT true
[INFO ][2015-11-06 11:21:32,717][com.java.SeleniumDriver] [ 1066] - ?   P A S S   ?
[INFO ][2015-11-06 11:21:32,717][com.java.SeleniumDriver] [  788] - ------------------------------------------
[INFO ][2015-11-06 11:21:32,717][com.java.SeleniumDriver] [  789] - Test case being Executed: 1
[INFO ][2015-11-06 11:21:32,717][com.java.SeleniumDriver] [  800] - Test step:3
[INFO ][2015-11-06 11:21:32,717][com.java.SeleniumDriver] [  812] - Datavalue is----------2
[INFO ][2015-11-06 11:21:32,717][com.java.SeleniumDriver] [  836] - DataField : XPH//button[contains(text(),'Add Content')]
[INFO ][2015-11-06 11:21:32,717][com.java.SeleniumDriver] [  838] - DataValue : 2
[INFO ][2015-11-06 11:21:32,717][com.java.SeleniumDriver] [  844] - <In Set values of the page>
[INFO ][2015-11-06 11:21:32,717][com.java.SeleniumDriver] [  847] - {Data Fields & Data Values Exist}
[INFO ][2015-11-06 11:21:32,717][com.java.SeleniumDriver] [  849] - --------------------------setting values-----------------------------
[INFO ][2015-11-06 11:21:32,717][com.java.SeleniumDriver] [  852] - Action Type : WAITFORELEMENT
[INFO ][2015-11-06 11:21:32,765][com.java.SeleniumDriver] [  861] -  RESULT true
[INFO ][2015-11-06 11:21:32,765][com.java.SeleniumDriver] [ 1066] - ?   P A S S   ?
[DEBUG][2015-11-06 11:21:32,765][com.java.SeleniumDriver] [ 1168] - Case found
[DEBUG][2015-11-06 11:21:32,765][com.java.SeleniumDriver] [ 1173] - Incrementing ReportCounters[0]:1
[INFO ][2015-11-06 11:21:32,765][com.java.SeleniumDriver] [ 1192] - The results are-------------------[1, 1, Valid Login, Pass, , Fri Nov 06 11:21:27 IST 2015, 1, 2, Valid Login, Pass, , Fri Nov 06 11:21:32 IST 2015, 1, 3, Valid Login, Pass, , Fri Nov 06 11:21:32 IST 2015]
[INFO ][2015-11-06 11:21:32,765][com.java.SeleniumDriver] [ 1196] - End time is-------54 sec
[INFO ][2015-11-06 11:21:32,765][com.java.SeleniumDriver] [ 1197] - The results are-------------------[1, 1, Valid Login, Pass, , Fri Nov 06 11:21:27 IST 2015, 1, 2, Valid Login, Pass, , Fri Nov 06 11:21:32 IST 2015, 1, 3, Valid Login, Pass, , Fri Nov 06 11:21:32 IST 2015]
[DEBUG][2015-11-06 11:21:32,765][com.java.ImportnExport.ExportTestResultsExcel] [  222] - testResultPath = D:\BankersDashboard/TestReports/Test Results_BankersDashBoard_110615_112040_IE11_Any Bank USA.xls
[DEBUG][2015-11-06 11:21:32,765][com.java.ImportnExport.ExportTestResultsExcel] [  223] - browser is------------IE11
[DEBUG][2015-11-06 11:21:32,796][com.java.ImportnExport.ExportTestResultsExcel] [  270] - result.size() = 18
[DEBUG][2015-11-06 11:21:32,796][com.java.ImportnExport.ExportTestResultsExcel] [  274] - No of rows in sheet=1
[DEBUG][2015-11-06 11:21:32,796][com.java.ImportnExport.ExportTestResultsExcel] [  301] - ..in export..1
[DEBUG][2015-11-06 11:21:32,796][com.java.ImportnExport.ExportTestResultsExcel] [  301] - ..in export..Valid Login
[DEBUG][2015-11-06 11:21:32,796][com.java.ImportnExport.ExportTestResultsExcel] [  301] - ..in export..Pass
[DEBUG][2015-11-06 11:21:32,796][com.java.ImportnExport.ExportTestResultsExcel] [  301] - ..in export..
[DEBUG][2015-11-06 11:21:32,796][com.java.ImportnExport.ExportTestResultsExcel] [  301] - ..in export..Fri Nov 06 11:21:27 IST 2015
[INFO ][2015-11-06 11:21:32,796][com.java.SeleniumDriver] [ 1255] - out loop:0 size:2 TestCases:[1, 2] testcases:[1, 2]
[INFO ][2015-11-06 11:21:32,796][com.java.ImportnExport.ImportTestDataDetailsExcel] [   49] - test data details path===== D:\BankersDashboard\TestInputs\TestData.xls
[INFO ][2015-11-06 11:21:45,945][com.java.SeleniumDriver] [  788] - ------------------------------------------
[INFO ][2015-11-06 11:21:45,945][com.java.SeleniumDriver] [  789] - Test case being Executed: 2
[INFO ][2015-11-06 11:21:45,945][com.java.SeleniumDriver] [  800] - Test step:1
[INFO ][2015-11-06 11:21:45,945][com.java.SeleniumDriver] [  812] - Datavalue is----------null
[DEBUG][2015-11-06 11:21:45,945][com.java.SeleniumDriver] [  830] - Exception: null
[INFO ][2015-11-06 11:21:45,945][com.java.SeleniumDriver] [  836] - DataField : LNKG/L
[INFO ][2015-11-06 11:21:45,945][com.java.SeleniumDriver] [  838] - DataValue : 
[INFO ][2015-11-06 11:21:45,945][com.java.SeleniumDriver] [  844] - <In Set values of the page>
[INFO ][2015-11-06 11:21:45,945][com.java.SeleniumDriver] [  847] - {Data Fields & Data Values Exist}
[INFO ][2015-11-06 11:21:45,945][com.java.SeleniumDriver] [  849] - --------------------------setting values-----------------------------
[INFO ][2015-11-06 11:21:45,945][com.java.SeleniumDriver] [  852] - Action Type : WAITFORELEMENT
[INFO ][2015-11-06 11:21:45,993][com.java.SeleniumDriver] [  861] -  RESULT true
[INFO ][2015-11-06 11:21:45,993][com.java.SeleniumDriver] [ 1066] - ?   P A S S   ?
[INFO ][2015-11-06 11:21:45,993][com.java.SeleniumDriver] [  788] - ------------------------------------------
[INFO ][2015-11-06 11:21:45,993][com.java.SeleniumDriver] [  789] - Test case being Executed: 2
[INFO ][2015-11-06 11:21:45,993][com.java.SeleniumDriver] [  800] - Test step:2
[INFO ][2015-11-06 11:21:45,993][com.java.SeleniumDriver] [  812] - Datavalue is----------Concept#4:1-20
[INFO ][2015-11-06 11:21:45,993][com.java.SeleniumDriver] [  836] - DataField : test
[INFO ][2015-11-06 11:21:45,993][com.java.SeleniumDriver] [  838] - DataValue : Concept#4:1-20
[INFO ][2015-11-06 11:21:45,993][com.java.SeleniumDriver] [  844] - <In Set values of the page>
[INFO ][2015-11-06 11:21:45,993][com.java.SeleniumDriver] [  847] - {Data Fields & Data Values Exist}
[INFO ][2015-11-06 11:21:45,993][com.java.SeleniumDriver] [  849] - --------------------------setting values-----------------------------
[INFO ][2015-11-06 11:21:45,993][com.java.SeleniumDriver] [  852] - Action Type : ExecuteTestCase
[INFO ][2015-11-06 11:21:45,993][com.java.TestType] [  414] - The Concept sheet name is ---------- Concept
[INFO ][2015-11-06 11:21:45,993][com.java.TestType] [  417] - The Concept ID  is ---------- 4
[DEBUG][2015-11-06 11:21:45,993][com.java.TestType] [  421] - Steps being executted in the Concept are: 1:20
[INFO ][2015-11-06 11:21:45,993][com.java.TestType] [  428] - Test data details path ---------- D:\BankersDashboard\TestInputs\TestData.xls
[INFO ][2015-11-06 11:21:46,024][com.java.TestType] [  459] -  str(1) = 4
[INFO ][2015-11-06 11:21:46,024][com.java.TestType] [  462] - Test case Id is---4
[INFO ][2015-11-06 11:21:46,024][com.java.TestType] [  464] - 4
[INFO ][2015-11-06 11:21:46,024][com.java.TestType] [  459] -  str(2) = 1
[INFO ][2015-11-06 11:21:46,024][com.java.TestType] [  511] - row values are--------{1=com.java.Objects.TestDataDetails@1975cb7}
[INFO ][2015-11-06 11:21:46,024][com.java.TestType] [  459] -  str(1) = 4
[INFO ][2015-11-06 11:21:46,024][com.java.TestType] [  462] - Test case Id is---4
[INFO ][2015-11-06 11:21:46,024][com.java.TestType] [  464] - 4
[INFO ][2015-11-06 11:21:46,024][com.java.TestType] [  459] -  str(2) = 2
[INFO ][2015-11-06 11:21:46,024][com.java.TestType] [  511] - row values are--------{1=com.java.Objects.TestDataDetails@1975cb7, 2=com.java.Objects.TestDataDetails@781b93}
[INFO ][2015-11-06 11:21:46,024][com.java.TestType] [  459] -  str(1) = 4
[INFO ][2015-11-06 11:21:46,024][com.java.TestType] [  462] - Test case Id is---4
[INFO ][2015-11-06 11:21:46,024][com.java.TestType] [  464] - 4
[INFO ][2015-11-06 11:21:46,024][com.java.TestType] [  459] -  str(2) = 3
[INFO ][2015-11-06 11:21:46,024][com.java.TestType] [  511] - row values are--------{1=com.java.Objects.TestDataDetails@1975cb7, 2=com.java.Objects.TestDataDetails@781b93, 3=com.java.Objects.TestDataDetails@afe99b}
[INFO ][2015-11-06 11:21:46,024][com.java.TestType] [  459] -  str(1) = 4
[INFO ][2015-11-06 11:21:46,024][com.java.TestType] [  462] - Test case Id is---4
[INFO ][2015-11-06 11:21:46,024][com.java.TestType] [  464] - 4
[INFO ][2015-11-06 11:21:46,024][com.java.TestType] [  459] -  str(2) = 4
[INFO ][2015-11-06 11:21:46,024][com.java.TestType] [  511] - row values are--------{1=com.java.Objects.TestDataDetails@1975cb7, 2=com.java.Objects.TestDataDetails@781b93, 3=com.java.Objects.TestDataDetails@afe99b, 4=com.java.Objects.TestDataDetails@1d6680e}
[INFO ][2015-11-06 11:21:46,024][com.java.TestType] [  459] -  str(1) = 4
[INFO ][2015-11-06 11:21:46,024][com.java.TestType] [  462] - Test case Id is---4
[INFO ][2015-11-06 11:21:46,024][com.java.TestType] [  464] - 4
[INFO ][2015-11-06 11:21:46,024][com.java.TestType] [  459] -  str(2) = 5
[INFO ][2015-11-06 11:21:46,024][com.java.TestType] [  511] - row values are--------{1=com.java.Objects.TestDataDetails@1975cb7, 2=com.java.Objects.TestDataDetails@781b93, 3=com.java.Objects.TestDataDetails@afe99b, 4=com.java.Objects.TestDataDetails@1d6680e, 5=com.java.Objects.TestDataDetails@197fe9}
[INFO ][2015-11-06 11:21:46,024][com.java.TestType] [  459] -  str(1) = 4
[INFO ][2015-11-06 11:21:46,024][com.java.TestType] [  462] - Test case Id is---4
[INFO ][2015-11-06 11:21:46,024][com.java.TestType] [  464] - 4
[INFO ][2015-11-06 11:21:46,024][com.java.TestType] [  459] -  str(2) = 6
[INFO ][2015-11-06 11:21:46,024][com.java.TestType] [  511] - row values are--------{1=com.java.Objects.TestDataDetails@1975cb7, 2=com.java.Objects.TestDataDetails@781b93, 3=com.java.Objects.TestDataDetails@afe99b, 4=com.java.Objects.TestDataDetails@1d6680e, 5=com.java.Objects.TestDataDetails@197fe9, 6=com.java.Objects.TestDataDetails@1203b59}
[INFO ][2015-11-06 11:21:46,024][com.java.TestType] [  459] -  str(1) = 4
[INFO ][2015-11-06 11:21:46,024][com.java.TestType] [  462] - Test case Id is---4
[INFO ][2015-11-06 11:21:46,024][com.java.TestType] [  464] - 4
[INFO ][2015-11-06 11:21:46,024][com.java.TestType] [  459] -  str(2) = 7
[INFO ][2015-11-06 11:21:46,024][com.java.TestType] [  511] - row values are--------{1=com.java.Objects.TestDataDetails@1975cb7, 2=com.java.Objects.TestDataDetails@781b93, 3=com.java.Objects.TestDataDetails@afe99b, 4=com.java.Objects.TestDataDetails@1d6680e, 5=com.java.Objects.TestDataDetails@197fe9, 6=com.java.Objects.TestDataDetails@1203b59, 7=com.java.Objects.TestDataDetails@1828374}
[INFO ][2015-11-06 11:21:46,024][com.java.TestType] [  459] -  str(1) = 4
[INFO ][2015-11-06 11:21:46,024][com.java.TestType] [  462] - Test case Id is---4
[INFO ][2015-11-06 11:21:46,024][com.java.TestType] [  464] - 4
[INFO ][2015-11-06 11:21:46,024][com.java.TestType] [  459] -  str(2) = 8
[INFO ][2015-11-06 11:21:46,024][com.java.TestType] [  511] - row values are--------{1=com.java.Objects.TestDataDetails@1975cb7, 2=com.java.Objects.TestDataDetails@781b93, 3=com.java.Objects.TestDataDetails@afe99b, 4=com.java.Objects.TestDataDetails@1d6680e, 5=com.java.Objects.TestDataDetails@197fe9, 6=com.java.Objects.TestDataDetails@1203b59, 7=com.java.Objects.TestDataDetails@1828374, 8=com.java.Objects.TestDataDetails@356519}
[INFO ][2015-11-06 11:21:46,024][com.java.TestType] [  459] -  str(1) = 4
[INFO ][2015-11-06 11:21:46,024][com.java.TestType] [  462] - Test case Id is---4
[INFO ][2015-11-06 11:21:46,024][com.java.TestType] [  464] - 4
[INFO ][2015-11-06 11:21:46,024][com.java.TestType] [  459] -  str(2) = 9
[INFO ][2015-11-06 11:21:46,024][com.java.TestType] [  511] - row values are--------{1=com.java.Objects.TestDataDetails@1975cb7, 2=com.java.Objects.TestDataDetails@781b93, 3=com.java.Objects.TestDataDetails@afe99b, 4=com.java.Objects.TestDataDetails@1d6680e, 5=com.java.Objects.TestDataDetails@197fe9, 6=com.java.Objects.TestDataDetails@1203b59, 7=com.java.Objects.TestDataDetails@1828374, 8=com.java.Objects.TestDataDetails@356519, 9=com.java.Objects.TestDataDetails@94e3c1}
[INFO ][2015-11-06 11:21:46,024][com.java.TestType] [  459] -  str(1) = 4
[INFO ][2015-11-06 11:21:46,024][com.java.TestType] [  462] - Test case Id is---4
[INFO ][2015-11-06 11:21:46,024][com.java.TestType] [  464] - 4
[INFO ][2015-11-06 11:21:46,024][com.java.TestType] [  459] -  str(2) = 10
[INFO ][2015-11-06 11:21:46,024][com.java.TestType] [  511] - row values are--------{1=com.java.Objects.TestDataDetails@1975cb7, 2=com.java.Objects.TestDataDetails@781b93, 3=com.java.Objects.TestDataDetails@afe99b, 4=com.java.Objects.TestDataDetails@1d6680e, 5=com.java.Objects.TestDataDetails@197fe9, 6=com.java.Objects.TestDataDetails@1203b59, 7=com.java.Objects.TestDataDetails@1828374, 8=com.java.Objects.TestDataDetails@356519, 9=com.java.Objects.TestDataDetails@94e3c1, 10=com.java.Objects.TestDataDetails@16d749e}
[INFO ][2015-11-06 11:21:46,024][com.java.TestType] [  459] -  str(1) = 4
[INFO ][2015-11-06 11:21:46,024][com.java.TestType] [  462] - Test case Id is---4
[INFO ][2015-11-06 11:21:46,024][com.java.TestType] [  464] - 4
[INFO ][2015-11-06 11:21:46,024][com.java.TestType] [  459] -  str(2) = 11
[INFO ][2015-11-06 11:21:46,024][com.java.TestType] [  511] - row values are--------{1=com.java.Objects.TestDataDetails@1975cb7, 2=com.java.Objects.TestDataDetails@781b93, 3=com.java.Objects.TestDataDetails@afe99b, 4=com.java.Objects.TestDataDetails@1d6680e, 5=com.java.Objects.TestDataDetails@197fe9, 6=com.java.Objects.TestDataDetails@1203b59, 7=com.java.Objects.TestDataDetails@1828374, 8=com.java.Objects.TestDataDetails@356519, 9=com.java.Objects.TestDataDetails@94e3c1, 10=com.java.Objects.TestDataDetails@16d749e, 11=com.java.Objects.TestDataDetails@188c7a7}
[INFO ][2015-11-06 11:21:46,024][com.java.TestType] [  459] -  str(1) = 4
[INFO ][2015-11-06 11:21:46,024][com.java.TestType] [  462] - Test case Id is---4
[INFO ][2015-11-06 11:21:46,024][com.java.TestType] [  464] - 4
[INFO ][2015-11-06 11:21:46,024][com.java.TestType] [  459] -  str(2) = 12
[INFO ][2015-11-06 11:21:46,024][com.java.TestType] [  511] - row values are--------{1=com.java.Objects.TestDataDetails@1975cb7, 2=com.java.Objects.TestDataDetails@781b93, 3=com.java.Objects.TestDataDetails@afe99b, 4=com.java.Objects.TestDataDetails@1d6680e, 5=com.java.Objects.TestDataDetails@197fe9, 6=com.java.Objects.TestDataDetails@1203b59, 7=com.java.Objects.TestDataDetails@1828374, 8=com.java.Objects.TestDataDetails@356519, 9=com.java.Objects.TestDataDetails@94e3c1, 10=com.java.Objects.TestDataDetails@16d749e, 11=com.java.Objects.TestDataDetails@188c7a7, 12=com.java.Objects.TestDataDetails@12dea3}
[INFO ][2015-11-06 11:21:46,024][com.java.TestType] [  459] -  str(1) = 4
[INFO ][2015-11-06 11:21:46,024][com.java.TestType] [  462] - Test case Id is---4
[INFO ][2015-11-06 11:21:46,024][com.java.TestType] [  464] - 4
[INFO ][2015-11-06 11:21:46,024][com.java.TestType] [  459] -  str(2) = 13
[INFO ][2015-11-06 11:21:46,024][com.java.TestType] [  511] - row values are--------{1=com.java.Objects.TestDataDetails@1975cb7, 2=com.java.Objects.TestDataDetails@781b93, 3=com.java.Objects.TestDataDetails@afe99b, 4=com.java.Objects.TestDataDetails@1d6680e, 5=com.java.Objects.TestDataDetails@197fe9, 6=com.java.Objects.TestDataDetails@1203b59, 7=com.java.Objects.TestDataDetails@1828374, 8=com.java.Objects.TestDataDetails@356519, 9=com.java.Objects.TestDataDetails@94e3c1, 10=com.java.Objects.TestDataDetails@16d749e, 11=com.java.Objects.TestDataDetails@188c7a7, 12=com.java.Objects.TestDataDetails@12dea3, 13=com.java.Objects.TestDataDetails@ddfa31}
[INFO ][2015-11-06 11:21:46,024][com.java.TestType] [  459] -  str(1) = 4
[INFO ][2015-11-06 11:21:46,040][com.java.TestType] [  462] - Test case Id is---4
[INFO ][2015-11-06 11:21:46,040][com.java.TestType] [  464] - 4
[INFO ][2015-11-06 11:21:46,040][com.java.TestType] [  459] -  str(2) = 14
[INFO ][2015-11-06 11:21:46,040][com.java.TestType] [  511] - row values are--------{1=com.java.Objects.TestDataDetails@1975cb7, 2=com.java.Objects.TestDataDetails@781b93, 3=com.java.Objects.TestDataDetails@afe99b, 4=com.java.Objects.TestDataDetails@1d6680e, 5=com.java.Objects.TestDataDetails@197fe9, 6=com.java.Objects.TestDataDetails@1203b59, 7=com.java.Objects.TestDataDetails@1828374, 8=com.java.Objects.TestDataDetails@356519, 9=com.java.Objects.TestDataDetails@94e3c1, 10=com.java.Objects.TestDataDetails@16d749e, 11=com.java.Objects.TestDataDetails@188c7a7, 12=com.java.Objects.TestDataDetails@12dea3, 13=com.java.Objects.TestDataDetails@ddfa31, 14=com.java.Objects.TestDataDetails@17211a3}
[INFO ][2015-11-06 11:21:46,040][com.java.TestType] [  459] -  str(1) = 4
[INFO ][2015-11-06 11:21:46,040][com.java.TestType] [  462] - Test case Id is---4
[INFO ][2015-11-06 11:21:46,040][com.java.TestType] [  464] - 4
[INFO ][2015-11-06 11:21:46,040][com.java.TestType] [  459] -  str(2) = 15
[INFO ][2015-11-06 11:21:46,040][com.java.TestType] [  511] - row values are--------{1=com.java.Objects.TestDataDetails@1975cb7, 2=com.java.Objects.TestDataDetails@781b93, 3=com.java.Objects.TestDataDetails@afe99b, 4=com.java.Objects.TestDataDetails@1d6680e, 5=com.java.Objects.TestDataDetails@197fe9, 6=com.java.Objects.TestDataDetails@1203b59, 7=com.java.Objects.TestDataDetails@1828374, 8=com.java.Objects.TestDataDetails@356519, 9=com.java.Objects.TestDataDetails@94e3c1, 10=com.java.Objects.TestDataDetails@16d749e, 11=com.java.Objects.TestDataDetails@188c7a7, 12=com.java.Objects.TestDataDetails@12dea3, 13=com.java.Objects.TestDataDetails@ddfa31, 14=com.java.Objects.TestDataDetails@17211a3, 15=com.java.Objects.TestDataDetails@278a8d}
[INFO ][2015-11-06 11:21:46,040][com.java.TestType] [  459] -  str(1) = 4
[INFO ][2015-11-06 11:21:46,040][com.java.TestType] [  462] - Test case Id is---4
[INFO ][2015-11-06 11:21:46,040][com.java.TestType] [  464] - 4
[INFO ][2015-11-06 11:21:46,040][com.java.TestType] [  459] -  str(2) = 16
[INFO ][2015-11-06 11:21:46,040][com.java.TestType] [  511] - row values are--------{1=com.java.Objects.TestDataDetails@1975cb7, 2=com.java.Objects.TestDataDetails@781b93, 3=com.java.Objects.TestDataDetails@afe99b, 4=com.java.Objects.TestDataDetails@1d6680e, 5=com.java.Objects.TestDataDetails@197fe9, 6=com.java.Objects.TestDataDetails@1203b59, 7=com.java.Objects.TestDataDetails@1828374, 8=com.java.Objects.TestDataDetails@356519, 9=com.java.Objects.TestDataDetails@94e3c1, 10=com.java.Objects.TestDataDetails@16d749e, 11=com.java.Objects.TestDataDetails@188c7a7, 12=com.java.Objects.TestDataDetails@12dea3, 13=com.java.Objects.TestDataDetails@ddfa31, 14=com.java.Objects.TestDataDetails@17211a3, 15=com.java.Objects.TestDataDetails@278a8d, 16=com.java.Objects.TestDataDetails@169385e}
[INFO ][2015-11-06 11:21:46,040][com.java.TestType] [  459] -  str(1) = 4
[INFO ][2015-11-06 11:21:46,040][com.java.TestType] [  462] - Test case Id is---4
[INFO ][2015-11-06 11:21:46,040][com.java.TestType] [  464] - 4
[INFO ][2015-11-06 11:21:46,040][com.java.TestType] [  459] -  str(2) = 17
[INFO ][2015-11-06 11:21:46,040][com.java.TestType] [  511] - row values are--------{1=com.java.Objects.TestDataDetails@1975cb7, 2=com.java.Objects.TestDataDetails@781b93, 3=com.java.Objects.TestDataDetails@afe99b, 4=com.java.Objects.TestDataDetails@1d6680e, 5=com.java.Objects.TestDataDetails@197fe9, 6=com.java.Objects.TestDataDetails@1203b59, 7=com.java.Objects.TestDataDetails@1828374, 8=com.java.Objects.TestDataDetails@356519, 9=com.java.Objects.TestDataDetails@94e3c1, 10=com.java.Objects.TestDataDetails@16d749e, 11=com.java.Objects.TestDataDetails@188c7a7, 12=com.java.Objects.TestDataDetails@12dea3, 13=com.java.Objects.TestDataDetails@ddfa31, 14=com.java.Objects.TestDataDetails@17211a3, 15=com.java.Objects.TestDataDetails@278a8d, 17=com.java.Objects.TestDataDetails@1cb5a6e, 16=com.java.Objects.TestDataDetails@169385e}
[INFO ][2015-11-06 11:21:46,040][com.java.TestType] [  459] -  str(1) = 4
[INFO ][2015-11-06 11:21:46,040][com.java.TestType] [  462] - Test case Id is---4
[INFO ][2015-11-06 11:21:46,040][com.java.TestType] [  464] - 4
[INFO ][2015-11-06 11:21:46,040][com.java.TestType] [  459] -  str(2) = 18
[INFO ][2015-11-06 11:21:46,040][com.java.TestType] [  511] - row values are--------{1=com.java.Objects.TestDataDetails@1975cb7, 2=com.java.Objects.TestDataDetails@781b93, 3=com.java.Objects.TestDataDetails@afe99b, 4=com.java.Objects.TestDataDetails@1d6680e, 5=com.java.Objects.TestDataDetails@197fe9, 6=com.java.Objects.TestDataDetails@1203b59, 7=com.java.Objects.TestDataDetails@1828374, 8=com.java.Objects.TestDataDetails@356519, 9=com.java.Objects.TestDataDetails@94e3c1, 10=com.java.Objects.TestDataDetails@16d749e, 11=com.java.Objects.TestDataDetails@188c7a7, 12=com.java.Objects.TestDataDetails@12dea3, 13=com.java.Objects.TestDataDetails@ddfa31, 14=com.java.Objects.TestDataDetails@17211a3, 15=com.java.Objects.TestDataDetails@278a8d, 17=com.java.Objects.TestDataDetails@1cb5a6e, 16=com.java.Objects.TestDataDetails@169385e, 18=com.java.Objects.TestDataDetails@1ed13a3}
[INFO ][2015-11-06 11:21:46,040][com.java.TestType] [  459] -  str(1) = 4
[INFO ][2015-11-06 11:21:46,040][com.java.TestType] [  462] - Test case Id is---4
[INFO ][2015-11-06 11:21:46,040][com.java.TestType] [  464] - 4
[INFO ][2015-11-06 11:21:46,040][com.java.TestType] [  459] -  str(2) = 19
[INFO ][2015-11-06 11:21:46,040][com.java.TestType] [  511] - row values are--------{1=com.java.Objects.TestDataDetails@1975cb7, 2=com.java.Objects.TestDataDetails@781b93, 3=com.java.Objects.TestDataDetails@afe99b, 4=com.java.Objects.TestDataDetails@1d6680e, 5=com.java.Objects.TestDataDetails@197fe9, 6=com.java.Objects.TestDataDetails@1203b59, 7=com.java.Objects.TestDataDetails@1828374, 8=com.java.Objects.TestDataDetails@356519, 9=com.java.Objects.TestDataDetails@94e3c1, 10=com.java.Objects.TestDataDetails@16d749e, 11=com.java.Objects.TestDataDetails@188c7a7, 12=com.java.Objects.TestDataDetails@12dea3, 13=com.java.Objects.TestDataDetails@ddfa31, 14=com.java.Objects.TestDataDetails@17211a3, 15=com.java.Objects.TestDataDetails@278a8d, 17=com.java.Objects.TestDataDetails@1cb5a6e, 16=com.java.Objects.TestDataDetails@169385e, 19=com.java.Objects.TestDataDetails@711bc2, 18=com.java.Objects.TestDataDetails@1ed13a3}
[INFO ][2015-11-06 11:21:46,040][com.java.TestType] [  459] -  str(1) = 4
[INFO ][2015-11-06 11:21:46,040][com.java.TestType] [  462] - Test case Id is---4
[INFO ][2015-11-06 11:21:46,040][com.java.TestType] [  464] - 4
[INFO ][2015-11-06 11:21:46,040][com.java.TestType] [  459] -  str(2) = 20
[INFO ][2015-11-06 11:21:46,040][com.java.TestType] [  511] - row values are--------{1=com.java.Objects.TestDataDetails@1975cb7, 2=com.java.Objects.TestDataDetails@781b93, 3=com.java.Objects.TestDataDetails@afe99b, 4=com.java.Objects.TestDataDetails@1d6680e, 5=com.java.Objects.TestDataDetails@197fe9, 6=com.java.Objects.TestDataDetails@1203b59, 7=com.java.Objects.TestDataDetails@1828374, 8=com.java.Objects.TestDataDetails@356519, 9=com.java.Objects.TestDataDetails@94e3c1, 10=com.java.Objects.TestDataDetails@16d749e, 11=com.java.Objects.TestDataDetails@188c7a7, 12=com.java.Objects.TestDataDetails@12dea3, 13=com.java.Objects.TestDataDetails@ddfa31, 14=com.java.Objects.TestDataDetails@17211a3, 15=com.java.Objects.TestDataDetails@278a8d, 17=com.java.Objects.TestDataDetails@1cb5a6e, 16=com.java.Objects.TestDataDetails@169385e, 19=com.java.Objects.TestDataDetails@711bc2, 18=com.java.Objects.TestDataDetails@1ed13a3, 20=com.java.Objects.TestDataDetails@15c3037}
[INFO ][2015-11-06 11:21:46,040][com.java.TestType] [ 7986] - Looping 1TCID = 4
[DEBUG][2015-11-06 11:21:46,040][com.java.TestType] [ 8027] - Concept ID:4 :: Step being Executed: 4::1
[ERROR][2015-11-06 11:21:46,040][com.java.TestType] [ 8060] - Exception: null
[INFO ][2015-11-06 11:21:46,040][com.java.TestType] [ 8065] - dataFields : LNKG/L
[DEBUG][2015-11-06 11:21:46,040][com.java.TestType] [ 8071] - <In Set values of the page>
[DEBUG][2015-11-06 11:21:46,040][com.java.TestType] [ 8076] - {Data Fields & Data Values Exist}
[INFO ][2015-11-06 11:21:46,040][com.java.TestType] [ 8082] - --------------------------setting values-----------------------------
[INFO ][2015-11-06 11:21:46,040][com.java.TestType] [ 8085] - Action Type : WAITFORELEMENT
[INFO ][2015-11-06 11:21:46,086][com.java.TestType] [ 8104] -  RESULT true
[INFO ][2015-11-06 11:21:46,086][com.java.TestType] [ 8221] - ?   P A S S   ?
[DEBUG][2015-11-06 11:21:46,086][com.java.TestType] [ 8027] - Concept ID:4 :: Step being Executed: 4::2
[ERROR][2015-11-06 11:21:46,086][com.java.TestType] [ 8060] - Exception: null
[INFO ][2015-11-06 11:21:46,086][com.java.TestType] [ 8065] - dataFields : XPH//div[@class="menu"]//span[@class="icon-pencil2"]
[DEBUG][2015-11-06 11:21:46,086][com.java.TestType] [ 8071] - <In Set values of the page>
[DEBUG][2015-11-06 11:21:46,086][com.java.TestType] [ 8076] - {Data Fields & Data Values Exist}
[INFO ][2015-11-06 11:21:46,086][com.java.TestType] [ 8082] - --------------------------setting values-----------------------------
[INFO ][2015-11-06 11:21:46,086][com.java.TestType] [ 8085] - Action Type : CLICK
[INFO ][2015-11-06 11:21:46,086][com.java.TestType] [ 4150] - Field ::XPH//div[@class="menu"]//span[@class="icon-pencil2"]
[INFO ][2015-11-06 11:21:47,100][com.java.TestType] [ 4209] - BEFORE CLICK
[INFO ][2015-11-06 11:21:48,195][com.java.TestType] [ 4217] - Unable to click the object Edit Content
[INFO ][2015-11-06 11:21:48,195][com.java.TestType] [ 8104] -  RESULT true
[INFO ][2015-11-06 11:21:48,195][com.java.TestType] [ 8221] - ?   P A S S   ?
[DEBUG][2015-11-06 11:21:48,195][com.java.TestType] [ 8027] - Concept ID:4 :: Step being Executed: 4::3
[ERROR][2015-11-06 11:21:48,195][com.java.TestType] [ 8060] - Exception: null
[INFO ][2015-11-06 11:21:48,195][com.java.TestType] [ 8065] - dataFields : test
[DEBUG][2015-11-06 11:21:48,195][com.java.TestType] [ 8071] - <In Set values of the page>
[DEBUG][2015-11-06 11:21:48,195][com.java.TestType] [ 8076] - {Data Fields & Data Values Exist}
[INFO ][2015-11-06 11:21:48,195][com.java.TestType] [ 8082] - --------------------------setting values-----------------------------
[INFO ][2015-11-06 11:21:48,195][com.java.TestType] [ 8085] - Action Type : WaitTime
[DEBUG][2015-11-06 11:21:48,195][com.java.TestType] [ 3736] - sleepTime: 10000
[INFO ][2015-11-06 11:21:58,195][com.java.TestType] [ 8104] -  RESULT true
[INFO ][2015-11-06 11:21:58,195][com.java.TestType] [ 8221] - ?   P A S S   ?
[DEBUG][2015-11-06 11:21:58,195][com.java.TestType] [ 8027] - Concept ID:4 :: Step being Executed: 4::4
[INFO ][2015-11-06 11:21:58,195][com.java.TestType] [ 8065] - dataFields : BTN
[DEBUG][2015-11-06 11:21:58,195][com.java.TestType] [ 8071] - <In Set values of the page>
[DEBUG][2015-11-06 11:21:58,195][com.java.TestType] [ 8076] - {Data Fields & Data Values Exist}
[INFO ][2015-11-06 11:21:58,195][com.java.TestType] [ 8082] - --------------------------setting values-----------------------------
[INFO ][2015-11-06 11:21:58,195][com.java.TestType] [ 8085] - Action Type : VERIFY
[INFO ][2015-11-06 11:21:58,195][com.java.TestType] [ 4963] - field= BTN value= //div[contains(text(),'Fed Funds Futures Curve')]/following-sibling::div//span[@class="icon-remove"]
[INFO ][2015-11-06 11:21:58,195][com.java.TestType] [ 3837] - value = //div[contains(text(),'Fed Funds Futures Curve')]/following-sibling::div//span[@class="icon-remove"]
[INFO ][2015-11-06 11:21:58,243][com.java.TestType] [ 8104] -  RESULT true
[INFO ][2015-11-06 11:21:58,243][com.java.TestType] [ 8221] - ?   P A S S   ?
[DEBUG][2015-11-06 11:21:58,243][com.java.TestType] [ 8027] - Concept ID:4 :: Step being Executed: 4::5
[ERROR][2015-11-06 11:21:58,243][com.java.TestType] [ 8060] - Exception: null
[INFO ][2015-11-06 11:21:58,243][com.java.TestType] [ 8065] - dataFields : XPH//div[contains(text(),'Fed Funds Futures Curve')]/following-sibling::div//span[@class="icon-remove"]
[DEBUG][2015-11-06 11:21:58,243][com.java.TestType] [ 8071] - <In Set values of the page>
[DEBUG][2015-11-06 11:21:58,243][com.java.TestType] [ 8076] - {Data Fields & Data Values Exist}
[INFO ][2015-11-06 11:21:58,243][com.java.TestType] [ 8082] - --------------------------setting values-----------------------------
[INFO ][2015-11-06 11:21:58,243][com.java.TestType] [ 8085] - Action Type : CLICK
[INFO ][2015-11-06 11:21:58,243][com.java.TestType] [ 4150] - Field ::XPH//div[contains(text(),'Fed Funds Futures Curve')]/following-sibling::div//span[@class="icon-remove"]
[INFO ][2015-11-06 11:21:59,257][com.java.TestType] [ 4209] - BEFORE CLICK
[INFO ][2015-11-06 11:22:00,287][com.java.TestType] [ 4217] - Unable to click the object Trash Can Icon
[INFO ][2015-11-06 11:22:00,287][com.java.TestType] [ 8104] -  RESULT true
[INFO ][2015-11-06 11:22:00,287][com.java.TestType] [ 8221] - ?   P A S S   ?
[DEBUG][2015-11-06 11:22:00,287][com.java.TestType] [ 8027] - Concept ID:4 :: Step being Executed: 4::6
[ERROR][2015-11-06 11:22:00,287][com.java.TestType] [ 8060] - Exception: null
[INFO ][2015-11-06 11:22:00,287][com.java.TestType] [ 8065] - dataFields : XPH//span[contains(text(),'Yes')]
[DEBUG][2015-11-06 11:22:00,287][com.java.TestType] [ 8071] - <In Set values of the page>
[DEBUG][2015-11-06 11:22:00,287][com.java.TestType] [ 8076] - {Data Fields & Data Values Exist}
[INFO ][2015-11-06 11:22:00,287][com.java.TestType] [ 8082] - --------------------------setting values-----------------------------
[INFO ][2015-11-06 11:22:00,287][com.java.TestType] [ 8085] - Action Type : CLICK
[INFO ][2015-11-06 11:22:00,287][com.java.TestType] [ 4150] - Field ::XPH//span[contains(text(),'Yes')]
[INFO ][2015-11-06 11:22:01,302][com.java.TestType] [ 4209] - BEFORE CLICK
[INFO ][2015-11-06 11:22:02,269][com.java.TestType] [ 4217] - Unable to click the object No
[INFO ][2015-11-06 11:22:02,269][com.java.TestType] [ 8104] -  RESULT true
[INFO ][2015-11-06 11:22:02,269][com.java.TestType] [ 8221] - ?   P A S S   ?
[DEBUG][2015-11-06 11:22:02,269][com.java.TestType] [ 8027] - Concept ID:4 :: Step being Executed: 4::7
[ERROR][2015-11-06 11:22:02,269][com.java.TestType] [ 8060] - Exception: null
[INFO ][2015-11-06 11:22:02,269][com.java.TestType] [ 8065] - dataFields : test
[DEBUG][2015-11-06 11:22:02,269][com.java.TestType] [ 8071] - <In Set values of the page>
[DEBUG][2015-11-06 11:22:02,269][com.java.TestType] [ 8076] - {Data Fields & Data Values Exist}
[INFO ][2015-11-06 11:22:02,269][com.java.TestType] [ 8082] - --------------------------setting values-----------------------------
[INFO ][2015-11-06 11:22:02,269][com.java.TestType] [ 8085] - Action Type : WaitTime
[DEBUG][2015-11-06 11:22:02,269][com.java.TestType] [ 3736] - sleepTime: 10000
[INFO ][2015-11-06 11:22:12,270][com.java.TestType] [ 8104] -  RESULT true
[INFO ][2015-11-06 11:22:12,270][com.java.TestType] [ 8221] - ?   P A S S   ?
[DEBUG][2015-11-06 11:22:12,270][com.java.TestType] [ 8027] - Concept ID:4 :: Step being Executed: 4::8
[INFO ][2015-11-06 11:22:12,270][com.java.TestType] [ 8065] - dataFields : BTN
[DEBUG][2015-11-06 11:22:12,270][com.java.TestType] [ 8071] - <In Set values of the page>
[DEBUG][2015-11-06 11:22:12,270][com.java.TestType] [ 8076] - {Data Fields & Data Values Exist}
[INFO ][2015-11-06 11:22:12,270][com.java.TestType] [ 8082] - --------------------------setting values-----------------------------
[INFO ][2015-11-06 11:22:12,270][com.java.TestType] [ 8085] - Action Type : VERIFY
[INFO ][2015-11-06 11:22:12,270][com.java.TestType] [ 4963] - field= BTN value= //div[contains(text(),'My Favorite Report')]/following-sibling::div//span[@class="icon-remove"]
[INFO ][2015-11-06 11:22:12,270][com.java.TestType] [ 3837] - value = //div[contains(text(),'My Favorite Report')]/following-sibling::div//span[@class="icon-remove"]
[ERROR][2015-11-06 11:22:33,284][com.java.TestType] [ 5432] - Assertion Error: 
[INFO ][2015-11-06 11:22:33,284][com.java.TestType] [ 8104] -  RESULT false
[INFO ][2015-11-06 11:22:33,284][com.java.TestType] [ 8142] - ?   F A I L   ?
[DEBUG][2015-11-06 11:22:33,284][com.java.TestType] [ 8145] - Browser Type : IE11
[DEBUG][2015-11-06 11:22:33,284][com.java.TestType] [ 8027] - Concept ID:4 :: Step being Executed: 4::12
[INFO ][2015-11-06 11:22:33,284][com.java.TestType] [ 8065] - dataFields : BTN
[DEBUG][2015-11-06 11:22:33,284][com.java.TestType] [ 8071] - <In Set values of the page>
[DEBUG][2015-11-06 11:22:33,284][com.java.TestType] [ 8076] - {Data Fields & Data Values Exist}
[INFO ][2015-11-06 11:22:33,284][com.java.TestType] [ 8082] - --------------------------setting values-----------------------------
[INFO ][2015-11-06 11:22:33,284][com.java.TestType] [ 8085] - Action Type : VERIFY
[INFO ][2015-11-06 11:22:33,284][com.java.TestType] [ 4963] - field= BTN value= //div[contains(text(),'My Margin')]/following-sibling::div//span[@class="icon-remove"]
[INFO ][2015-11-06 11:22:33,284][com.java.TestType] [ 3837] - value = //div[contains(text(),'My Margin')]/following-sibling::div//span[@class="icon-remove"]
[ERROR][2015-11-06 11:22:54,299][com.java.TestType] [ 5432] - Assertion Error: 
[INFO ][2015-11-06 11:22:54,299][com.java.TestType] [ 8104] -  RESULT false
[INFO ][2015-11-06 11:22:54,299][com.java.TestType] [ 8142] - ?   F A I L   ?
[DEBUG][2015-11-06 11:22:54,299][com.java.TestType] [ 8145] - Browser Type : IE11
[DEBUG][2015-11-06 11:22:54,299][com.java.TestType] [ 8027] - Concept ID:4 :: Step being Executed: 4::16
[INFO ][2015-11-06 11:22:54,299][com.java.TestType] [ 8065] - dataFields : BTN
[DEBUG][2015-11-06 11:22:54,299][com.java.TestType] [ 8071] - <In Set values of the page>
[DEBUG][2015-11-06 11:22:54,299][com.java.TestType] [ 8076] - {Data Fields & Data Values Exist}
[INFO ][2015-11-06 11:22:54,299][com.java.TestType] [ 8082] - --------------------------setting values-----------------------------
[INFO ][2015-11-06 11:22:54,299][com.java.TestType] [ 8085] - Action Type : VERIFY
[INFO ][2015-11-06 11:22:54,299][com.java.TestType] [ 4963] - field= BTN value= //div[contains(text(),'New/Renewed Loans vs CD')]/following-sibling::div//span[@class="icon-remove"]
[INFO ][2015-11-06 11:22:54,299][com.java.TestType] [ 3837] - value = //div[contains(text(),'New/Renewed Loans vs CD')]/following-sibling::div//span[@class="icon-remove"]
[ERROR][2015-11-06 11:23:15,313][com.java.TestType] [ 5432] - Assertion Error: 
[INFO ][2015-11-06 11:23:15,313][com.java.TestType] [ 8104] -  RESULT false
[INFO ][2015-11-06 11:23:15,313][com.java.TestType] [ 8142] - ?   F A I L   ?
[DEBUG][2015-11-06 11:23:15,313][com.java.TestType] [ 8145] - Browser Type : IE11
[DEBUG][2015-11-06 11:23:15,313][com.java.TestType] [ 8027] - Concept ID:4 :: Step being Executed: 4::20
[ERROR][2015-11-06 11:23:15,313][com.java.TestType] [ 8060] - Exception: null
[INFO ][2015-11-06 11:23:15,313][com.java.TestType] [ 8065] - dataFields : XPH//div[@class="menu"]//span[@class="icon-pencil2"]
[DEBUG][2015-11-06 11:23:15,313][com.java.TestType] [ 8071] - <In Set values of the page>
[DEBUG][2015-11-06 11:23:15,313][com.java.TestType] [ 8076] - {Data Fields & Data Values Exist}
[INFO ][2015-11-06 11:23:15,313][com.java.TestType] [ 8082] - --------------------------setting values-----------------------------
[INFO ][2015-11-06 11:23:15,313][com.java.TestType] [ 8085] - Action Type : CLICK
[INFO ][2015-11-06 11:23:15,313][com.java.TestType] [ 4150] - Field ::XPH//div[@class="menu"]//span[@class="icon-pencil2"]
[INFO ][2015-11-06 11:23:16,328][com.java.TestType] [ 4209] - BEFORE CLICK
[INFO ][2015-11-06 11:23:17,233][com.java.TestType] [ 4217] - Unable to click the object Edit Content
[INFO ][2015-11-06 11:23:17,233][com.java.TestType] [ 8104] -  RESULT true
[INFO ][2015-11-06 11:23:17,233][com.java.TestType] [ 8221] - ?   P A S S   ?
[INFO ][2015-11-06 11:23:17,233][com.java.TestType] [ 8292] - Looping End......
[INFO ][2015-11-06 11:23:17,233][com.java.SeleniumDriver] [  861] -  RESULT true
[INFO ][2015-11-06 11:23:17,233][com.java.SeleniumDriver] [ 1066] - ?   P A S S   ?
[INFO ][2015-11-06 11:23:17,233][com.java.SeleniumDriver] [  788] - ------------------------------------------
[INFO ][2015-11-06 11:23:17,233][com.java.SeleniumDriver] [  789] - Test case being Executed: 2
[INFO ][2015-11-06 11:23:17,233][com.java.SeleniumDriver] [  800] - Test step:3
[INFO ][2015-11-06 11:23:17,233][com.java.SeleniumDriver] [  812] - Datavalue is----------null
[DEBUG][2015-11-06 11:23:17,233][com.java.SeleniumDriver] [  830] - Exception: null
[INFO ][2015-11-06 11:23:17,233][com.java.SeleniumDriver] [  836] - DataField : XPH//div[@class="menu"]//span[@class="icon-plus"]
[INFO ][2015-11-06 11:23:17,233][com.java.SeleniumDriver] [  838] - DataValue : 
[INFO ][2015-11-06 11:23:17,233][com.java.SeleniumDriver] [  844] - <In Set values of the page>
[INFO ][2015-11-06 11:23:17,233][com.java.SeleniumDriver] [  847] - {Data Fields & Data Values Exist}
[INFO ][2015-11-06 11:23:17,233][com.java.SeleniumDriver] [  849] - --------------------------setting values-----------------------------
[INFO ][2015-11-06 11:23:17,233][com.java.SeleniumDriver] [  852] - Action Type : CLICK
[INFO ][2015-11-06 11:23:17,233][com.java.TestType] [ 4150] - Field ::XPH//div[@class="menu"]//span[@class="icon-plus"]
[INFO ][2015-11-06 11:23:18,248][com.java.TestType] [ 4209] - BEFORE CLICK
[INFO ][2015-11-06 11:23:27,112][com.java.TestType] [ 4217] - Unable to click the object Add Content
[INFO ][2015-11-06 11:23:27,112][com.java.SeleniumDriver] [  861] -  RESULT true
[INFO ][2015-11-06 11:23:27,112][com.java.SeleniumDriver] [ 1066] - ?   P A S S   ?
[INFO ][2015-11-06 11:23:27,112][com.java.SeleniumDriver] [  788] - ------------------------------------------
[INFO ][2015-11-06 11:23:27,112][com.java.SeleniumDriver] [  789] - Test case being Executed: 2
[INFO ][2015-11-06 11:23:27,112][com.java.SeleniumDriver] [  800] - Test step:4
[INFO ][2015-11-06 11:23:27,112][com.java.SeleniumDriver] [  812] - Datavalue is----------null
[DEBUG][2015-11-06 11:23:27,112][com.java.SeleniumDriver] [  830] - Exception: null
[INFO ][2015-11-06 11:23:27,112][com.java.SeleniumDriver] [  836] - DataField : XPH//span[contains(text(),'My Dashboard Modules')]
[INFO ][2015-11-06 11:23:27,112][com.java.SeleniumDriver] [  838] - DataValue : 
[INFO ][2015-11-06 11:23:27,112][com.java.SeleniumDriver] [  844] - <In Set values of the page>
[INFO ][2015-11-06 11:23:27,112][com.java.SeleniumDriver] [  847] - {Data Fields & Data Values Exist}
[INFO ][2015-11-06 11:23:27,112][com.java.SeleniumDriver] [  849] - --------------------------setting values-----------------------------
[INFO ][2015-11-06 11:23:27,112][com.java.SeleniumDriver] [  852] - Action Type : WAITFORELEMENT
[INFO ][2015-11-06 11:23:27,144][com.java.SeleniumDriver] [  861] -  RESULT true
[INFO ][2015-11-06 11:23:27,144][com.java.SeleniumDriver] [ 1066] - ?   P A S S   ?
[INFO ][2015-11-06 11:23:27,144][com.java.SeleniumDriver] [  788] - ------------------------------------------
[INFO ][2015-11-06 11:23:27,144][com.java.SeleniumDriver] [  789] - Test case being Executed: 2
[INFO ][2015-11-06 11:23:27,144][com.java.SeleniumDriver] [  800] - Test step:5
[INFO ][2015-11-06 11:23:27,144][com.java.SeleniumDriver] [  812] - Datavalue is----------null
[DEBUG][2015-11-06 11:23:27,144][com.java.SeleniumDriver] [  830] - Exception: null
[INFO ][2015-11-06 11:23:27,144][com.java.SeleniumDriver] [  836] - DataField : BTNframeDialogContent
[INFO ][2015-11-06 11:23:27,144][com.java.SeleniumDriver] [  838] - DataValue : 
[INFO ][2015-11-06 11:23:27,144][com.java.SeleniumDriver] [  844] - <In Set values of the page>
[INFO ][2015-11-06 11:23:27,144][com.java.SeleniumDriver] [  847] - {Data Fields & Data Values Exist}
[INFO ][2015-11-06 11:23:27,144][com.java.SeleniumDriver] [  849] - --------------------------setting values-----------------------------
[INFO ][2015-11-06 11:23:27,144][com.java.SeleniumDriver] [  852] - Action Type : SELECTFRAME
[INFO ][2015-11-06 11:23:28,456][com.java.SeleniumDriver] [  861] -  RESULT true
[INFO ][2015-11-06 11:23:28,456][com.java.SeleniumDriver] [ 1066] - ?   P A S S   ?
[INFO ][2015-11-06 11:23:28,456][com.java.SeleniumDriver] [  788] - ------------------------------------------
[INFO ][2015-11-06 11:23:28,456][com.java.SeleniumDriver] [  789] - Test case being Executed: 2
[INFO ][2015-11-06 11:23:28,456][com.java.SeleniumDriver] [  800] - Test step:6
[INFO ][2015-11-06 11:23:28,456][com.java.SeleniumDriver] [  812] - Datavalue is----------null
[DEBUG][2015-11-06 11:23:28,456][com.java.SeleniumDriver] [  830] - Exception: null
[INFO ][2015-11-06 11:23:28,456][com.java.SeleniumDriver] [  836] - DataField : XPH//label[contains(text(),'I want to add an')]/preceding-sibling::input
[INFO ][2015-11-06 11:23:28,456][com.java.SeleniumDriver] [  838] - DataValue : 
[INFO ][2015-11-06 11:23:28,456][com.java.SeleniumDriver] [  844] - <In Set values of the page>
[INFO ][2015-11-06 11:23:28,456][com.java.SeleniumDriver] [  847] - {Data Fields & Data Values Exist}
[INFO ][2015-11-06 11:23:28,456][com.java.SeleniumDriver] [  849] - --------------------------setting values-----------------------------
[INFO ][2015-11-06 11:23:28,456][com.java.SeleniumDriver] [  852] - Action Type : CLICK
[INFO ][2015-11-06 11:23:28,456][com.java.TestType] [ 4150] - Field ::XPH//label[contains(text(),'I want to add an')]/preceding-sibling::input
[INFO ][2015-11-06 11:23:29,470][com.java.TestType] [ 4209] - BEFORE CLICK
[INFO ][2015-11-06 11:23:30,281][com.java.TestType] [ 4217] - Unable to click the object Radio button
[INFO ][2015-11-06 11:23:30,281][com.java.SeleniumDriver] [  861] -  RESULT true
[INFO ][2015-11-06 11:23:30,281][com.java.SeleniumDriver] [ 1066] - ?   P A S S   ?
[INFO ][2015-11-06 11:23:30,281][com.java.SeleniumDriver] [  788] - ------------------------------------------
[INFO ][2015-11-06 11:23:30,281][com.java.SeleniumDriver] [  789] - Test case being Executed: 2
[INFO ][2015-11-06 11:23:30,281][com.java.SeleniumDriver] [  800] - Test step:7
[INFO ][2015-11-06 11:23:30,281][com.java.SeleniumDriver] [  812] - Datavalue is----------null
[DEBUG][2015-11-06 11:23:30,281][com.java.SeleniumDriver] [  830] - Exception: null
[INFO ][2015-11-06 11:23:30,281][com.java.SeleniumDriver] [  836] - DataField : BTNnextButton
[INFO ][2015-11-06 11:23:30,281][com.java.SeleniumDriver] [  838] - DataValue : 
[INFO ][2015-11-06 11:23:30,281][com.java.SeleniumDriver] [  844] - <In Set values of the page>
[INFO ][2015-11-06 11:23:30,281][com.java.SeleniumDriver] [  847] - {Data Fields & Data Values Exist}
[INFO ][2015-11-06 11:23:30,281][com.java.SeleniumDriver] [  849] - --------------------------setting values-----------------------------
[INFO ][2015-11-06 11:23:30,281][com.java.SeleniumDriver] [  852] - Action Type : CLICK
[INFO ][2015-11-06 11:23:30,281][com.java.TestType] [ 4150] - Field ::BTNnextButton
[INFO ][2015-11-06 11:23:31,296][com.java.TestType] [ 4188] - BEFORE CLICK
[INFO ][2015-11-06 11:23:32,841][com.java.TestType] [ 4195] - Unable to click the object Next
[INFO ][2015-11-06 11:23:32,841][com.java.SeleniumDriver] [  861] -  RESULT true
[INFO ][2015-11-06 11:23:32,841][com.java.SeleniumDriver] [ 1066] - ?   P A S S   ?
[INFO ][2015-11-06 11:23:32,841][com.java.SeleniumDriver] [  788] - ------------------------------------------
[INFO ][2015-11-06 11:23:32,841][com.java.SeleniumDriver] [  789] - Test case being Executed: 2
[INFO ][2015-11-06 11:23:32,841][com.java.SeleniumDriver] [  800] - Test step:8
[INFO ][2015-11-06 11:23:32,841][com.java.SeleniumDriver] [  812] - Datavalue is----------null
[DEBUG][2015-11-06 11:23:32,841][com.java.SeleniumDriver] [  830] - Exception: null
[INFO ][2015-11-06 11:23:32,841][com.java.SeleniumDriver] [  836] - DataField : XPH//label[contains(text(),"Fed Funds Futures Curve")]/parent::td/preceding-sibling::td/input
[INFO ][2015-11-06 11:23:32,841][com.java.SeleniumDriver] [  838] - DataValue : 
[INFO ][2015-11-06 11:23:32,841][com.java.SeleniumDriver] [  844] - <In Set values of the page>
[INFO ][2015-11-06 11:23:32,841][com.java.SeleniumDriver] [  847] - {Data Fields & Data Values Exist}
[INFO ][2015-11-06 11:23:32,841][com.java.SeleniumDriver] [  849] - --------------------------setting values-----------------------------
[INFO ][2015-11-06 11:23:32,841][com.java.SeleniumDriver] [  852] - Action Type : CLICK
[INFO ][2015-11-06 11:23:32,841][com.java.TestType] [ 4150] - Field ::XPH//label[contains(text(),"Fed Funds Futures Curve")]/parent::td/preceding-sibling::td/input
[INFO ][2015-11-06 11:23:33,855][com.java.TestType] [ 4209] - BEFORE CLICK
[INFO ][2015-11-06 11:23:34,620][com.java.TestType] [ 4217] - Unable to click the object Checkbox
[INFO ][2015-11-06 11:23:34,620][com.java.SeleniumDriver] [  861] -  RESULT true
[INFO ][2015-11-06 11:23:34,620][com.java.SeleniumDriver] [ 1066] - ?   P A S S   ?
[INFO ][2015-11-06 11:23:34,620][com.java.SeleniumDriver] [  788] - ------------------------------------------
[INFO ][2015-11-06 11:23:34,620][com.java.SeleniumDriver] [  789] - Test case being Executed: 2
[INFO ][2015-11-06 11:23:34,620][com.java.SeleniumDriver] [  800] - Test step:9
[INFO ][2015-11-06 11:23:34,620][com.java.SeleniumDriver] [  812] - Datavalue is----------null
[DEBUG][2015-11-06 11:23:34,620][com.java.SeleniumDriver] [  830] - Exception: null
[INFO ][2015-11-06 11:23:34,620][com.java.SeleniumDriver] [  836] - DataField : BTNsaveButton
[INFO ][2015-11-06 11:23:34,620][com.java.SeleniumDriver] [  838] - DataValue : 
[INFO ][2015-11-06 11:23:34,620][com.java.SeleniumDriver] [  844] - <In Set values of the page>
[INFO ][2015-11-06 11:23:34,620][com.java.SeleniumDriver] [  847] - {Data Fields & Data Values Exist}
[INFO ][2015-11-06 11:23:34,620][com.java.SeleniumDriver] [  849] - --------------------------setting values-----------------------------
[INFO ][2015-11-06 11:23:34,620][com.java.SeleniumDriver] [  852] - Action Type : CLICK
[INFO ][2015-11-06 11:23:34,620][com.java.TestType] [ 4150] - Field ::BTNsaveButton
[INFO ][2015-11-06 11:23:35,635][com.java.TestType] [ 4188] - BEFORE CLICK
[INFO ][2015-11-06 11:23:37,695][com.java.TestType] [ 4195] - Unable to click the object Save
[INFO ][2015-11-06 11:23:37,695][com.java.SeleniumDriver] [  861] -  RESULT true
[INFO ][2015-11-06 11:23:37,695][com.java.SeleniumDriver] [ 1066] - ?   P A S S   ?
[INFO ][2015-11-06 11:23:37,695][com.java.SeleniumDriver] [  788] - ------------------------------------------
[INFO ][2015-11-06 11:23:37,695][com.java.SeleniumDriver] [  789] - Test case being Executed: 2
[INFO ][2015-11-06 11:23:37,695][com.java.SeleniumDriver] [  800] - Test step:10
[INFO ][2015-11-06 11:23:37,695][com.java.SeleniumDriver] [  812] - Datavalue is----------null
[DEBUG][2015-11-06 11:23:37,695][com.java.SeleniumDriver] [  830] - Exception: null
[INFO ][2015-11-06 11:23:37,695][com.java.SeleniumDriver] [  836] - DataField : BTNparent
[INFO ][2015-11-06 11:23:37,695][com.java.SeleniumDriver] [  838] - DataValue : 
[INFO ][2015-11-06 11:23:37,695][com.java.SeleniumDriver] [  844] - <In Set values of the page>
[INFO ][2015-11-06 11:23:37,697][com.java.SeleniumDriver] [  847] - {Data Fields & Data Values Exist}
[INFO ][2015-11-06 11:23:37,697][com.java.SeleniumDriver] [  849] - --------------------------setting values-----------------------------
[INFO ][2015-11-06 11:23:37,697][com.java.SeleniumDriver] [  852] - Action Type : SELECTFRAME
[INFO ][2015-11-06 11:23:37,710][com.java.SeleniumDriver] [  861] -  RESULT true
[INFO ][2015-11-06 11:23:37,710][com.java.SeleniumDriver] [ 1066] - ?   P A S S   ?
[INFO ][2015-11-06 11:23:37,710][com.java.SeleniumDriver] [  788] - ------------------------------------------
[INFO ][2015-11-06 11:23:37,710][com.java.SeleniumDriver] [  789] - Test case being Executed: 2
[INFO ][2015-11-06 11:23:37,710][com.java.SeleniumDriver] [  800] - Test step:11
[INFO ][2015-11-06 11:23:37,710][com.java.SeleniumDriver] [  812] - Datavalue is----------null
[DEBUG][2015-11-06 11:23:37,710][com.java.SeleniumDriver] [  830] - Exception: null
[INFO ][2015-11-06 11:23:37,710][com.java.SeleniumDriver] [  836] - DataField : XPH//div[contains(text(),'Fed Funds Futures Curve')]
[INFO ][2015-11-06 11:23:37,710][com.java.SeleniumDriver] [  838] - DataValue : 
[INFO ][2015-11-06 11:23:37,712][com.java.SeleniumDriver] [  844] - <In Set values of the page>
[INFO ][2015-11-06 11:23:37,712][com.java.SeleniumDriver] [  847] - {Data Fields & Data Values Exist}
[INFO ][2015-11-06 11:23:37,712][com.java.SeleniumDriver] [  849] - --------------------------setting values-----------------------------
[INFO ][2015-11-06 11:23:37,712][com.java.SeleniumDriver] [  852] - Action Type : WAITFORELEMENT
[INFO ][2015-11-06 11:23:37,762][com.java.SeleniumDriver] [  861] -  RESULT true
[INFO ][2015-11-06 11:23:37,762][com.java.SeleniumDriver] [ 1066] - ?   P A S S   ?
[INFO ][2015-11-06 11:23:37,762][com.java.SeleniumDriver] [  788] - ------------------------------------------
[INFO ][2015-11-06 11:23:37,762][com.java.SeleniumDriver] [  789] - Test case being Executed: 2
[INFO ][2015-11-06 11:23:37,762][com.java.SeleniumDriver] [  800] - Test step:12
[INFO ][2015-11-06 11:23:37,762][com.java.SeleniumDriver] [  812] - Datavalue is----------Fed Funds Futures Curve
[INFO ][2015-11-06 11:23:37,762][com.java.SeleniumDriver] [  836] - DataField : XPH//div[contains(text(),'Fed Funds Futures Curve')]
[INFO ][2015-11-06 11:23:37,762][com.java.SeleniumDriver] [  838] - DataValue : Fed Funds Futures Curve
[INFO ][2015-11-06 11:23:37,762][com.java.SeleniumDriver] [  844] - <In Set values of the page>
[INFO ][2015-11-06 11:23:37,762][com.java.SeleniumDriver] [  847] - {Data Fields & Data Values Exist}
[INFO ][2015-11-06 11:23:37,762][com.java.SeleniumDriver] [  849] - --------------------------setting values-----------------------------
[INFO ][2015-11-06 11:23:37,762][com.java.SeleniumDriver] [  852] - Action Type : VERIFY
[INFO ][2015-11-06 11:23:37,762][com.java.TestType] [ 4963] - field= XPH//div[contains(text(),'Fed Funds Futures Curve')] value= Fed Funds Futures Curve
[INFO ][2015-11-06 11:23:37,762][com.java.TestType] [ 3837] - value = Fed Funds Futures Curve
[INFO ][2015-11-06 11:23:37,911][com.java.SeleniumDriver] [  861] -  RESULT true
[INFO ][2015-11-06 11:23:37,911][com.java.SeleniumDriver] [ 1066] - ?   P A S S   ?
[INFO ][2015-11-06 11:23:37,911][com.java.SeleniumDriver] [  788] - ------------------------------------------
[INFO ][2015-11-06 11:23:37,911][com.java.SeleniumDriver] [  789] - Test case being Executed: 2
[INFO ][2015-11-06 11:23:37,911][com.java.SeleniumDriver] [  800] - Test step:13
[INFO ][2015-11-06 11:23:37,911][com.java.SeleniumDriver] [  812] - Datavalue is----------null
[DEBUG][2015-11-06 11:23:37,911][com.java.SeleniumDriver] [  830] - Exception: null
[INFO ][2015-11-06 11:23:37,911][com.java.SeleniumDriver] [  836] - DataField : XPH//div[@class="menu"]//span[@class="icon-plus"]
[INFO ][2015-11-06 11:23:37,911][com.java.SeleniumDriver] [  838] - DataValue : 
[INFO ][2015-11-06 11:23:37,911][com.java.SeleniumDriver] [  844] - <In Set values of the page>
[INFO ][2015-11-06 11:23:37,911][com.java.SeleniumDriver] [  847] - {Data Fields & Data Values Exist}
[INFO ][2015-11-06 11:23:37,911][com.java.SeleniumDriver] [  849] - --------------------------setting values-----------------------------
[INFO ][2015-11-06 11:23:37,911][com.java.SeleniumDriver] [  852] - Action Type : CLICK
[INFO ][2015-11-06 11:23:37,911][com.java.TestType] [ 4150] - Field ::XPH//div[@class="menu"]//span[@class="icon-plus"]
[INFO ][2015-11-06 11:23:38,941][com.java.TestType] [ 4209] - BEFORE CLICK
[INFO ][2015-11-06 11:23:40,456][com.java.TestType] [ 4217] - Unable to click the object Add Content
[INFO ][2015-11-06 11:23:40,456][com.java.SeleniumDriver] [  861] -  RESULT true
[INFO ][2015-11-06 11:23:40,456][com.java.SeleniumDriver] [ 1066] - ?   P A S S   ?
[INFO ][2015-11-06 11:23:40,456][com.java.SeleniumDriver] [  788] - ------------------------------------------
[INFO ][2015-11-06 11:23:40,456][com.java.SeleniumDriver] [  789] - Test case being Executed: 2
[INFO ][2015-11-06 11:23:40,456][com.java.SeleniumDriver] [  800] - Test step:14
[INFO ][2015-11-06 11:23:40,456][com.java.SeleniumDriver] [  812] - Datavalue is----------null
[DEBUG][2015-11-06 11:23:40,456][com.java.SeleniumDriver] [  830] - Exception: null
[INFO ][2015-11-06 11:23:40,456][com.java.SeleniumDriver] [  836] - DataField : XPH//span[contains(text(),'My Dashboard Modules')]
[INFO ][2015-11-06 11:23:40,456][com.java.SeleniumDriver] [  838] - DataValue : 
[INFO ][2015-11-06 11:23:40,456][com.java.SeleniumDriver] [  844] - <In Set values of the page>
[INFO ][2015-11-06 11:23:40,456][com.java.SeleniumDriver] [  847] - {Data Fields & Data Values Exist}
[INFO ][2015-11-06 11:23:40,456][com.java.SeleniumDriver] [  849] - --------------------------setting values-----------------------------
[INFO ][2015-11-06 11:23:40,456][com.java.SeleniumDriver] [  852] - Action Type : WAITFORELEMENT
[INFO ][2015-11-06 11:23:40,460][com.java.SeleniumDriver] [  861] -  RESULT true
[INFO ][2015-11-06 11:23:40,460][com.java.SeleniumDriver] [ 1066] - ?   P A S S   ?
[INFO ][2015-11-06 11:23:40,460][com.java.SeleniumDriver] [  788] - ------------------------------------------
[INFO ][2015-11-06 11:23:40,460][com.java.SeleniumDriver] [  789] - Test case being Executed: 2
[INFO ][2015-11-06 11:23:40,460][com.java.SeleniumDriver] [  800] - Test step:15
[INFO ][2015-11-06 11:23:40,460][com.java.SeleniumDriver] [  812] - Datavalue is----------null
[DEBUG][2015-11-06 11:23:40,460][com.java.SeleniumDriver] [  830] - Exception: null
[INFO ][2015-11-06 11:23:40,460][com.java.SeleniumDriver] [  836] - DataField : BTNframeDialogContent
[INFO ][2015-11-06 11:23:40,460][com.java.SeleniumDriver] [  838] - DataValue : 
[INFO ][2015-11-06 11:23:40,460][com.java.SeleniumDriver] [  844] - <In Set values of the page>
[INFO ][2015-11-06 11:23:40,460][com.java.SeleniumDriver] [  847] - {Data Fields & Data Values Exist}
[INFO ][2015-11-06 11:23:40,460][com.java.SeleniumDriver] [  849] - --------------------------setting values-----------------------------
[INFO ][2015-11-06 11:23:40,461][com.java.SeleniumDriver] [  852] - Action Type : SELECTFRAME
[INFO ][2015-11-06 11:23:41,807][com.java.SeleniumDriver] [  861] -  RESULT true
[INFO ][2015-11-06 11:23:41,807][com.java.SeleniumDriver] [ 1066] - ?   P A S S   ?
[INFO ][2015-11-06 11:23:41,807][com.java.SeleniumDriver] [  788] - ------------------------------------------
[INFO ][2015-11-06 11:23:41,807][com.java.SeleniumDriver] [  789] - Test case being Executed: 2
[INFO ][2015-11-06 11:23:41,807][com.java.SeleniumDriver] [  800] - Test step:16
[INFO ][2015-11-06 11:23:41,807][com.java.SeleniumDriver] [  812] - Datavalue is----------null
[DEBUG][2015-11-06 11:23:41,807][com.java.SeleniumDriver] [  830] - Exception: null
[INFO ][2015-11-06 11:23:41,807][com.java.SeleniumDriver] [  836] - DataField : XPH//label[contains(text(),'I want to add an')]/preceding-sibling::input
[INFO ][2015-11-06 11:23:41,807][com.java.SeleniumDriver] [  838] - DataValue : 
[INFO ][2015-11-06 11:23:41,807][com.java.SeleniumDriver] [  844] - <In Set values of the page>
[INFO ][2015-11-06 11:23:41,807][com.java.SeleniumDriver] [  847] - {Data Fields & Data Values Exist}
[INFO ][2015-11-06 11:23:41,807][com.java.SeleniumDriver] [  849] - --------------------------setting values-----------------------------
[INFO ][2015-11-06 11:23:41,807][com.java.SeleniumDriver] [  852] - Action Type : CLICK
[INFO ][2015-11-06 11:23:41,807][com.java.TestType] [ 4150] - Field ::XPH//label[contains(text(),'I want to add an')]/preceding-sibling::input
[INFO ][2015-11-06 11:23:42,821][com.java.TestType] [ 4209] - BEFORE CLICK
[INFO ][2015-11-06 11:23:43,633][com.java.TestType] [ 4217] - Unable to click the object Radio button
[INFO ][2015-11-06 11:23:43,633][com.java.SeleniumDriver] [  861] -  RESULT true
[INFO ][2015-11-06 11:23:43,633][com.java.SeleniumDriver] [ 1066] - ?   P A S S   ?
[INFO ][2015-11-06 11:23:43,633][com.java.SeleniumDriver] [  788] - ------------------------------------------
[INFO ][2015-11-06 11:23:43,633][com.java.SeleniumDriver] [  789] - Test case being Executed: 2
[INFO ][2015-11-06 11:23:43,633][com.java.SeleniumDriver] [  800] - Test step:17
[INFO ][2015-11-06 11:23:43,633][com.java.SeleniumDriver] [  812] - Datavalue is----------null
[DEBUG][2015-11-06 11:23:43,633][com.java.SeleniumDriver] [  830] - Exception: null
[INFO ][2015-11-06 11:23:43,633][com.java.SeleniumDriver] [  836] - DataField : XPH//button[@id='nextButton']
[INFO ][2015-11-06 11:23:43,633][com.java.SeleniumDriver] [  838] - DataValue : 
[INFO ][2015-11-06 11:23:43,633][com.java.SeleniumDriver] [  844] - <In Set values of the page>
[INFO ][2015-11-06 11:23:43,633][com.java.SeleniumDriver] [  847] - {Data Fields & Data Values Exist}
[INFO ][2015-11-06 11:23:43,633][com.java.SeleniumDriver] [  849] - --------------------------setting values-----------------------------
[INFO ][2015-11-06 11:23:43,633][com.java.SeleniumDriver] [  852] - Action Type : CLICK
[INFO ][2015-11-06 11:23:43,633][com.java.TestType] [ 4150] - Field ::XPH//button[@id='nextButton']
[INFO ][2015-11-06 11:23:44,648][com.java.TestType] [ 4209] - BEFORE CLICK
[INFO ][2015-11-06 11:23:45,724][com.java.TestType] [ 4217] - Unable to click the object Next
[INFO ][2015-11-06 11:23:45,724][com.java.SeleniumDriver] [  861] -  RESULT true
[INFO ][2015-11-06 11:23:45,724][com.java.SeleniumDriver] [ 1066] - ?   P A S S   ?
[INFO ][2015-11-06 11:23:45,724][com.java.SeleniumDriver] [  788] - ------------------------------------------
[INFO ][2015-11-06 11:23:45,724][com.java.SeleniumDriver] [  789] - Test case being Executed: 2
[INFO ][2015-11-06 11:23:45,724][com.java.SeleniumDriver] [  800] - Test step:18
[INFO ][2015-11-06 11:23:45,724][com.java.SeleniumDriver] [  812] - Datavalue is----------null
[DEBUG][2015-11-06 11:23:45,724][com.java.SeleniumDriver] [  830] - Exception: null
[INFO ][2015-11-06 11:23:45,724][com.java.SeleniumDriver] [  836] - DataField : XPH//label[contains(text(),"My Favorite Reports")]/parent::td/preceding-sibling::td/input
[INFO ][2015-11-06 11:23:45,724][com.java.SeleniumDriver] [  838] - DataValue : 
[INFO ][2015-11-06 11:23:45,724][com.java.SeleniumDriver] [  844] - <In Set values of the page>
[INFO ][2015-11-06 11:23:45,724][com.java.SeleniumDriver] [  847] - {Data Fields & Data Values Exist}
[INFO ][2015-11-06 11:23:45,724][com.java.SeleniumDriver] [  849] - --------------------------setting values-----------------------------
[INFO ][2015-11-06 11:23:45,724][com.java.SeleniumDriver] [  852] - Action Type : CLICK
[INFO ][2015-11-06 11:23:45,724][com.java.TestType] [ 4150] - Field ::XPH//label[contains(text(),"My Favorite Reports")]/parent::td/preceding-sibling::td/input
[INFO ][2015-11-06 11:23:46,739][com.java.TestType] [ 4209] - BEFORE CLICK
[INFO ][2015-11-06 11:23:47,519][com.java.TestType] [ 4217] - Unable to click the object Checkbox
[INFO ][2015-11-06 11:23:47,519][com.java.SeleniumDriver] [  861] -  RESULT true
[INFO ][2015-11-06 11:23:47,519][com.java.SeleniumDriver] [ 1066] - ?   P A S S   ?
[INFO ][2015-11-06 11:23:47,519][com.java.SeleniumDriver] [  788] - ------------------------------------------
[INFO ][2015-11-06 11:23:47,519][com.java.SeleniumDriver] [  789] - Test case being Executed: 2
[INFO ][2015-11-06 11:23:47,519][com.java.SeleniumDriver] [  800] - Test step:19
[INFO ][2015-11-06 11:23:47,519][com.java.SeleniumDriver] [  812] - Datavalue is----------null
[DEBUG][2015-11-06 11:23:47,519][com.java.SeleniumDriver] [  830] - Exception: null
[INFO ][2015-11-06 11:23:47,519][com.java.SeleniumDriver] [  836] - DataField : BTNsaveButton
[INFO ][2015-11-06 11:23:47,519][com.java.SeleniumDriver] [  838] - DataValue : 
[INFO ][2015-11-06 11:23:47,519][com.java.SeleniumDriver] [  844] - <In Set values of the page>
[INFO ][2015-11-06 11:23:47,519][com.java.SeleniumDriver] [  847] - {Data Fields & Data Values Exist}
[INFO ][2015-11-06 11:23:47,519][com.java.SeleniumDriver] [  849] - --------------------------setting values-----------------------------
[INFO ][2015-11-06 11:23:47,519][com.java.SeleniumDriver] [  852] - Action Type : CLICK
[INFO ][2015-11-06 11:23:47,519][com.java.TestType] [ 4150] - Field ::BTNsaveButton
[INFO ][2015-11-06 11:23:48,534][com.java.TestType] [ 4188] - BEFORE CLICK
[INFO ][2015-11-06 11:23:50,612][com.java.TestType] [ 4195] - Unable to click the object Save
[INFO ][2015-11-06 11:23:50,612][com.java.SeleniumDriver] [  861] -  RESULT true
[INFO ][2015-11-06 11:23:50,612][com.java.SeleniumDriver] [ 1066] - ?   P A S S   ?
[INFO ][2015-11-06 11:23:50,612][com.java.SeleniumDriver] [  788] - ------------------------------------------
[INFO ][2015-11-06 11:23:50,612][com.java.SeleniumDriver] [  789] - Test case being Executed: 2
[INFO ][2015-11-06 11:23:50,612][com.java.SeleniumDriver] [  800] - Test step:20
[INFO ][2015-11-06 11:23:50,612][com.java.SeleniumDriver] [  812] - Datavalue is----------null
[DEBUG][2015-11-06 11:23:50,612][com.java.SeleniumDriver] [  830] - Exception: null
[INFO ][2015-11-06 11:23:50,612][com.java.SeleniumDriver] [  836] - DataField : BTNparent
[INFO ][2015-11-06 11:23:50,612][com.java.SeleniumDriver] [  838] - DataValue : 
[INFO ][2015-11-06 11:23:50,612][com.java.SeleniumDriver] [  844] - <In Set values of the page>
[INFO ][2015-11-06 11:23:50,612][com.java.SeleniumDriver] [  847] - {Data Fields & Data Values Exist}
[INFO ][2015-11-06 11:23:50,612][com.java.SeleniumDriver] [  849] - --------------------------setting values-----------------------------
[INFO ][2015-11-06 11:23:50,612][com.java.SeleniumDriver] [  852] - Action Type : SELECTFRAME
[INFO ][2015-11-06 11:23:50,628][com.java.SeleniumDriver] [  861] -  RESULT true
[INFO ][2015-11-06 11:23:50,628][com.java.SeleniumDriver] [ 1066] - ?   P A S S   ?
[INFO ][2015-11-06 11:23:50,628][com.java.SeleniumDriver] [  788] - ------------------------------------------
[INFO ][2015-11-06 11:23:50,628][com.java.SeleniumDriver] [  789] - Test case being Executed: 2
[INFO ][2015-11-06 11:23:50,628][com.java.SeleniumDriver] [  800] - Test step:21
[INFO ][2015-11-06 11:23:50,628][com.java.SeleniumDriver] [  812] - Datavalue is----------null
[DEBUG][2015-11-06 11:23:50,628][com.java.SeleniumDriver] [  830] - Exception: null
[INFO ][2015-11-06 11:23:50,628][com.java.SeleniumDriver] [  836] - DataField : XPH//div[contains(text(),'My Favorite Reports')]
[INFO ][2015-11-06 11:23:50,628][com.java.SeleniumDriver] [  838] - DataValue : 
[INFO ][2015-11-06 11:23:50,628][com.java.SeleniumDriver] [  844] - <In Set values of the page>
[INFO ][2015-11-06 11:23:50,628][com.java.SeleniumDriver] [  847] - {Data Fields & Data Values Exist}
[INFO ][2015-11-06 11:23:50,628][com.java.SeleniumDriver] [  849] - --------------------------setting values-----------------------------
[INFO ][2015-11-06 11:23:50,628][com.java.SeleniumDriver] [  852] - Action Type : WAITFORELEMENT
[INFO ][2015-11-06 11:23:50,659][com.java.SeleniumDriver] [  861] -  RESULT true
[INFO ][2015-11-06 11:23:50,659][com.java.SeleniumDriver] [ 1066] - ?   P A S S   ?
[INFO ][2015-11-06 11:23:50,659][com.java.SeleniumDriver] [  788] - ------------------------------------------
[INFO ][2015-11-06 11:23:50,659][com.java.SeleniumDriver] [  789] - Test case being Executed: 2
[INFO ][2015-11-06 11:23:50,659][com.java.SeleniumDriver] [  800] - Test step:22
[INFO ][2015-11-06 11:23:50,659][com.java.SeleniumDriver] [  812] - Datavalue is----------My Favorite Reports
[INFO ][2015-11-06 11:23:50,659][com.java.SeleniumDriver] [  836] - DataField : XPH//div[contains(text(),'My Favorite Reports')]
[INFO ][2015-11-06 11:23:50,659][com.java.SeleniumDriver] [  838] - DataValue : My Favorite Reports
[INFO ][2015-11-06 11:23:50,659][com.java.SeleniumDriver] [  844] - <In Set values of the page>
[INFO ][2015-11-06 11:23:50,659][com.java.SeleniumDriver] [  847] - {Data Fields & Data Values Exist}
[INFO ][2015-11-06 11:23:50,659][com.java.SeleniumDriver] [  849] - --------------------------setting values-----------------------------
[INFO ][2015-11-06 11:23:50,659][com.java.SeleniumDriver] [  852] - Action Type : VERIFY
[INFO ][2015-11-06 11:23:50,659][com.java.TestType] [ 4963] - field= XPH//div[contains(text(),'My Favorite Reports')] value= My Favorite Reports
[INFO ][2015-11-06 11:23:50,659][com.java.TestType] [ 3837] - value = My Favorite Reports
[INFO ][2015-11-06 11:23:50,769][com.java.SeleniumDriver] [  861] -  RESULT true
[INFO ][2015-11-06 11:23:50,769][com.java.SeleniumDriver] [ 1066] - ?   P A S S   ?
[INFO ][2015-11-06 11:23:50,769][com.java.SeleniumDriver] [  788] - ------------------------------------------
[INFO ][2015-11-06 11:23:50,769][com.java.SeleniumDriver] [  789] - Test case being Executed: 2
[INFO ][2015-11-06 11:23:50,769][com.java.SeleniumDriver] [  800] - Test step:23
[INFO ][2015-11-06 11:23:50,769][com.java.SeleniumDriver] [  812] - Datavalue is----------null
[DEBUG][2015-11-06 11:23:50,769][com.java.SeleniumDriver] [  830] - Exception: null
[INFO ][2015-11-06 11:23:50,769][com.java.SeleniumDriver] [  836] - DataField : XPH//div[@class="menu"]//span[@class="icon-plus"]
[INFO ][2015-11-06 11:23:50,769][com.java.SeleniumDriver] [  838] - DataValue : 
[INFO ][2015-11-06 11:23:50,769][com.java.SeleniumDriver] [  844] - <In Set values of the page>
[INFO ][2015-11-06 11:23:50,769][com.java.SeleniumDriver] [  847] - {Data Fields & Data Values Exist}
[INFO ][2015-11-06 11:23:50,769][com.java.SeleniumDriver] [  849] - --------------------------setting values-----------------------------
[INFO ][2015-11-06 11:23:50,769][com.java.SeleniumDriver] [  852] - Action Type : CLICK
[INFO ][2015-11-06 11:23:50,769][com.java.TestType] [ 4150] - Field ::XPH//div[@class="menu"]//span[@class="icon-plus"]
[INFO ][2015-11-06 11:23:51,783][com.java.TestType] [ 4209] - BEFORE CLICK
[INFO ][2015-11-06 11:23:53,927][com.java.TestType] [ 4217] - Unable to click the object Add Content
[INFO ][2015-11-06 11:23:53,927][com.java.SeleniumDriver] [  861] -  RESULT true
[INFO ][2015-11-06 11:23:53,927][com.java.SeleniumDriver] [ 1066] - ?   P A S S   ?
[INFO ][2015-11-06 11:23:53,927][com.java.SeleniumDriver] [  788] - ------------------------------------------
[INFO ][2015-11-06 11:23:53,927][com.java.SeleniumDriver] [  789] - Test case being Executed: 2
[INFO ][2015-11-06 11:23:53,927][com.java.SeleniumDriver] [  800] - Test step:24
[INFO ][2015-11-06 11:23:53,927][com.java.SeleniumDriver] [  812] - Datavalue is----------null
[DEBUG][2015-11-06 11:23:53,927][com.java.SeleniumDriver] [  830] - Exception: null
[INFO ][2015-11-06 11:23:53,927][com.java.SeleniumDriver] [  836] - DataField : XPH//span[contains(text(),'My Dashboard Modules')]
[INFO ][2015-11-06 11:23:53,927][com.java.SeleniumDriver] [  838] - DataValue : 
[INFO ][2015-11-06 11:23:53,927][com.java.SeleniumDriver] [  844] - <In Set values of the page>
[INFO ][2015-11-06 11:23:53,927][com.java.SeleniumDriver] [  847] - {Data Fields & Data Values Exist}
[INFO ][2015-11-06 11:23:53,927][com.java.SeleniumDriver] [  849] - --------------------------setting values-----------------------------
[INFO ][2015-11-06 11:23:53,927][com.java.SeleniumDriver] [  852] - Action Type : WAITFORELEMENT
[INFO ][2015-11-06 11:23:53,960][com.java.SeleniumDriver] [  861] -  RESULT true
[INFO ][2015-11-06 11:23:53,960][com.java.SeleniumDriver] [ 1066] - ?   P A S S   ?
[INFO ][2015-11-06 11:23:53,960][com.java.SeleniumDriver] [  788] - ------------------------------------------
[INFO ][2015-11-06 11:23:53,960][com.java.SeleniumDriver] [  789] - Test case being Executed: 2
[INFO ][2015-11-06 11:23:53,960][com.java.SeleniumDriver] [  800] - Test step:25
[INFO ][2015-11-06 11:23:53,960][com.java.SeleniumDriver] [  812] - Datavalue is----------null
[DEBUG][2015-11-06 11:23:53,960][com.java.SeleniumDriver] [  830] - Exception: null
[INFO ][2015-11-06 11:23:53,960][com.java.SeleniumDriver] [  836] - DataField : BTNframeDialogContent
[INFO ][2015-11-06 11:23:53,960][com.java.SeleniumDriver] [  838] - DataValue : 
[INFO ][2015-11-06 11:23:53,960][com.java.SeleniumDriver] [  844] - <In Set values of the page>
[INFO ][2015-11-06 11:23:53,960][com.java.SeleniumDriver] [  847] - {Data Fields & Data Values Exist}
[INFO ][2015-11-06 11:23:53,960][com.java.SeleniumDriver] [  849] - --------------------------setting values-----------------------------
[INFO ][2015-11-06 11:23:53,960][com.java.SeleniumDriver] [  852] - Action Type : SELECTFRAME
[INFO ][2015-11-06 11:23:55,255][com.java.SeleniumDriver] [  861] -  RESULT true
[INFO ][2015-11-06 11:23:55,255][com.java.SeleniumDriver] [ 1066] - ?   P A S S   ?
[INFO ][2015-11-06 11:23:55,255][com.java.SeleniumDriver] [  788] - ------------------------------------------
[INFO ][2015-11-06 11:23:55,255][com.java.SeleniumDriver] [  789] - Test case being Executed: 2
[INFO ][2015-11-06 11:23:55,255][com.java.SeleniumDriver] [  800] - Test step:26
[INFO ][2015-11-06 11:23:55,255][com.java.SeleniumDriver] [  812] - Datavalue is----------null
[DEBUG][2015-11-06 11:23:55,255][com.java.SeleniumDriver] [  830] - Exception: null
[INFO ][2015-11-06 11:23:55,255][com.java.SeleniumDriver] [  836] - DataField : XPH//label[contains(text(),'I want to add an')]/preceding-sibling::input
[INFO ][2015-11-06 11:23:55,255][com.java.SeleniumDriver] [  838] - DataValue : 
[INFO ][2015-11-06 11:23:55,255][com.java.SeleniumDriver] [  844] - <In Set values of the page>
[INFO ][2015-11-06 11:23:55,255][com.java.SeleniumDriver] [  847] - {Data Fields & Data Values Exist}
[INFO ][2015-11-06 11:23:55,255][com.java.SeleniumDriver] [  849] - --------------------------setting values-----------------------------
[INFO ][2015-11-06 11:23:55,255][com.java.SeleniumDriver] [  852] - Action Type : CLICK
[INFO ][2015-11-06 11:23:55,255][com.java.TestType] [ 4150] - Field ::XPH//label[contains(text(),'I want to add an')]/preceding-sibling::input
[INFO ][2015-11-06 11:23:56,269][com.java.TestType] [ 4209] - BEFORE CLICK
[INFO ][2015-11-06 11:23:57,081][com.java.TestType] [ 4217] - Unable to click the object Radio button
[INFO ][2015-11-06 11:23:57,081][com.java.SeleniumDriver] [  861] -  RESULT true
[INFO ][2015-11-06 11:23:57,081][com.java.SeleniumDriver] [ 1066] - ?   P A S S   ?
[INFO ][2015-11-06 11:23:57,081][com.java.SeleniumDriver] [  788] - ------------------------------------------
[INFO ][2015-11-06 11:23:57,081][com.java.SeleniumDriver] [  789] - Test case being Executed: 2
[INFO ][2015-11-06 11:23:57,081][com.java.SeleniumDriver] [  800] - Test step:27
[INFO ][2015-11-06 11:23:57,081][com.java.SeleniumDriver] [  812] - Datavalue is----------null
[DEBUG][2015-11-06 11:23:57,081][com.java.SeleniumDriver] [  830] - Exception: null
[INFO ][2015-11-06 11:23:57,081][com.java.SeleniumDriver] [  836] - DataField : BTNnextButton
[INFO ][2015-11-06 11:23:57,081][com.java.SeleniumDriver] [  838] - DataValue : 
[INFO ][2015-11-06 11:23:57,081][com.java.SeleniumDriver] [  844] - <In Set values of the page>
[INFO ][2015-11-06 11:23:57,081][com.java.SeleniumDriver] [  847] - {Data Fields & Data Values Exist}
[INFO ][2015-11-06 11:23:57,081][com.java.SeleniumDriver] [  849] - --------------------------setting values-----------------------------
[INFO ][2015-11-06 11:23:57,081][com.java.SeleniumDriver] [  852] - Action Type : CLICK
[INFO ][2015-11-06 11:23:57,081][com.java.TestType] [ 4150] - Field ::BTNnextButton
[INFO ][2015-11-06 11:23:58,096][com.java.TestType] [ 4188] - BEFORE CLICK
[INFO ][2015-11-06 11:23:59,625][com.java.TestType] [ 4195] - Unable to click the object Next
[INFO ][2015-11-06 11:23:59,625][com.java.SeleniumDriver] [  861] -  RESULT true
[INFO ][2015-11-06 11:23:59,625][com.java.SeleniumDriver] [ 1066] - ?   P A S S   ?
[INFO ][2015-11-06 11:23:59,625][com.java.SeleniumDriver] [  788] - ------------------------------------------
[INFO ][2015-11-06 11:23:59,625][com.java.SeleniumDriver] [  789] - Test case being Executed: 2
[INFO ][2015-11-06 11:23:59,625][com.java.SeleniumDriver] [  800] - Test step:28
[INFO ][2015-11-06 11:23:59,625][com.java.SeleniumDriver] [  812] - Datavalue is----------null
[DEBUG][2015-11-06 11:23:59,625][com.java.SeleniumDriver] [  830] - Exception: null
[INFO ][2015-11-06 11:23:59,625][com.java.SeleniumDriver] [  836] - DataField : XPH//label[contains(text(),"My Margin")]/parent::td/preceding-sibling::td/input
[INFO ][2015-11-06 11:23:59,625][com.java.SeleniumDriver] [  838] - DataValue : 
[INFO ][2015-11-06 11:23:59,625][com.java.SeleniumDriver] [  844] - <In Set values of the page>
[INFO ][2015-11-06 11:23:59,625][com.java.SeleniumDriver] [  847] - {Data Fields & Data Values Exist}
[INFO ][2015-11-06 11:23:59,625][com.java.SeleniumDriver] [  849] - --------------------------setting values-----------------------------
[INFO ][2015-11-06 11:23:59,625][com.java.SeleniumDriver] [  852] - Action Type : CLICK
[INFO ][2015-11-06 11:23:59,625][com.java.TestType] [ 4150] - Field ::XPH//label[contains(text(),"My Margin")]/parent::td/preceding-sibling::td/input
[INFO ][2015-11-06 11:24:00,639][com.java.TestType] [ 4209] - BEFORE CLICK
[INFO ][2015-11-06 11:24:01,451][com.java.TestType] [ 4217] - Unable to click the object Checkbox
[INFO ][2015-11-06 11:24:01,451][com.java.SeleniumDriver] [  861] -  RESULT true
[INFO ][2015-11-06 11:24:01,451][com.java.SeleniumDriver] [ 1066] - ?   P A S S   ?
[INFO ][2015-11-06 11:24:01,451][com.java.SeleniumDriver] [  788] - ------------------------------------------
[INFO ][2015-11-06 11:24:01,451][com.java.SeleniumDriver] [  789] - Test case being Executed: 2
[INFO ][2015-11-06 11:24:01,451][com.java.SeleniumDriver] [  800] - Test step:29
[INFO ][2015-11-06 11:24:01,451][com.java.SeleniumDriver] [  812] - Datavalue is----------null
[DEBUG][2015-11-06 11:24:01,451][com.java.SeleniumDriver] [  830] - Exception: null
[INFO ][2015-11-06 11:24:01,451][com.java.SeleniumDriver] [  836] - DataField : BTNsaveButton
[INFO ][2015-11-06 11:24:01,451][com.java.SeleniumDriver] [  838] - DataValue : 
[INFO ][2015-11-06 11:24:01,451][com.java.SeleniumDriver] [  844] - <In Set values of the page>
[INFO ][2015-11-06 11:24:01,451][com.java.SeleniumDriver] [  847] - {Data Fields & Data Values Exist}
[INFO ][2015-11-06 11:24:01,451][com.java.SeleniumDriver] [  849] - --------------------------setting values-----------------------------
[INFO ][2015-11-06 11:24:01,451][com.java.SeleniumDriver] [  852] - Action Type : CLICK
[INFO ][2015-11-06 11:24:01,451][com.java.TestType] [ 4150] - Field ::BTNsaveButton
[INFO ][2015-11-06 11:24:02,466][com.java.TestType] [ 4188] - BEFORE CLICK
[INFO ][2015-11-06 11:24:04,565][com.java.TestType] [ 4195] - Unable to click the object Save
[INFO ][2015-11-06 11:24:04,565][com.java.SeleniumDriver] [  861] -  RESULT true
[INFO ][2015-11-06 11:24:04,565][com.java.SeleniumDriver] [ 1066] - ?   P A S S   ?
[INFO ][2015-11-06 11:24:04,565][com.java.SeleniumDriver] [  788] - ------------------------------------------
[INFO ][2015-11-06 11:24:04,565][com.java.SeleniumDriver] [  789] - Test case being Executed: 2
[INFO ][2015-11-06 11:24:04,565][com.java.SeleniumDriver] [  800] - Test step:30
[INFO ][2015-11-06 11:24:04,565][com.java.SeleniumDriver] [  812] - Datavalue is----------null
[DEBUG][2015-11-06 11:24:04,565][com.java.SeleniumDriver] [  830] - Exception: null
[INFO ][2015-11-06 11:24:04,565][com.java.SeleniumDriver] [  836] - DataField : BTNparent
[INFO ][2015-11-06 11:24:04,565][com.java.SeleniumDriver] [  838] - DataValue : 
[INFO ][2015-11-06 11:24:04,565][com.java.SeleniumDriver] [  844] - <In Set values of the page>
[INFO ][2015-11-06 11:24:04,565][com.java.SeleniumDriver] [  847] - {Data Fields & Data Values Exist}
[INFO ][2015-11-06 11:24:04,565][com.java.SeleniumDriver] [  849] - --------------------------setting values-----------------------------
[INFO ][2015-11-06 11:24:04,565][com.java.SeleniumDriver] [  852] - Action Type : SELECTFRAME
[INFO ][2015-11-06 11:24:04,580][com.java.SeleniumDriver] [  861] -  RESULT true
[INFO ][2015-11-06 11:24:04,580][com.java.SeleniumDriver] [ 1066] - ?   P A S S   ?
[INFO ][2015-11-06 11:24:04,580][com.java.SeleniumDriver] [  788] - ------------------------------------------
[INFO ][2015-11-06 11:24:04,580][com.java.SeleniumDriver] [  789] - Test case being Executed: 2
[INFO ][2015-11-06 11:24:04,580][com.java.SeleniumDriver] [  800] - Test step:31
[INFO ][2015-11-06 11:24:04,580][com.java.SeleniumDriver] [  812] - Datavalue is----------null
[DEBUG][2015-11-06 11:24:04,580][com.java.SeleniumDriver] [  830] - Exception: null
[INFO ][2015-11-06 11:24:04,580][com.java.SeleniumDriver] [  836] - DataField : XPH//div[contains(text(),'My Margin')]
[INFO ][2015-11-06 11:24:04,580][com.java.SeleniumDriver] [  838] - DataValue : 
[INFO ][2015-11-06 11:24:04,580][com.java.SeleniumDriver] [  844] - <In Set values of the page>
[INFO ][2015-11-06 11:24:04,580][com.java.SeleniumDriver] [  847] - {Data Fields & Data Values Exist}
[INFO ][2015-11-06 11:24:04,580][com.java.SeleniumDriver] [  849] - --------------------------setting values-----------------------------
[INFO ][2015-11-06 11:24:04,580][com.java.SeleniumDriver] [  852] - Action Type : WAITFORELEMENT
[INFO ][2015-11-06 11:24:04,612][com.java.SeleniumDriver] [  861] -  RESULT true
[INFO ][2015-11-06 11:24:04,612][com.java.SeleniumDriver] [ 1066] - ?   P A S S   ?
[INFO ][2015-11-06 11:24:04,612][com.java.SeleniumDriver] [  788] - ------------------------------------------
[INFO ][2015-11-06 11:24:04,612][com.java.SeleniumDriver] [  789] - Test case being Executed: 2
[INFO ][2015-11-06 11:24:04,612][com.java.SeleniumDriver] [  800] - Test step:32
[INFO ][2015-11-06 11:24:04,612][com.java.SeleniumDriver] [  812] - Datavalue is----------My Margin
[INFO ][2015-11-06 11:24:04,612][com.java.SeleniumDriver] [  836] - DataField : XPH//div[contains(text(),'My Margin')]
[INFO ][2015-11-06 11:24:04,612][com.java.SeleniumDriver] [  838] - DataValue : My Margin
[INFO ][2015-11-06 11:24:04,612][com.java.SeleniumDriver] [  844] - <In Set values of the page>
[INFO ][2015-11-06 11:24:04,612][com.java.SeleniumDriver] [  847] - {Data Fields & Data Values Exist}
[INFO ][2015-11-06 11:24:04,612][com.java.SeleniumDriver] [  849] - --------------------------setting values-----------------------------
[INFO ][2015-11-06 11:24:04,612][com.java.SeleniumDriver] [  852] - Action Type : VERIFY
[INFO ][2015-11-06 11:24:04,612][com.java.TestType] [ 4963] - field= XPH//div[contains(text(),'My Margin')] value= My Margin
[INFO ][2015-11-06 11:24:04,612][com.java.TestType] [ 3837] - value = My Margin
[INFO ][2015-11-06 11:24:04,722][com.java.SeleniumDriver] [  861] -  RESULT true
[INFO ][2015-11-06 11:24:04,722][com.java.SeleniumDriver] [ 1066] - ?   P A S S   ?
[INFO ][2015-11-06 11:24:04,722][com.java.SeleniumDriver] [  788] - ------------------------------------------
[INFO ][2015-11-06 11:24:04,722][com.java.SeleniumDriver] [  789] - Test case being Executed: 2
[INFO ][2015-11-06 11:24:04,722][com.java.SeleniumDriver] [  800] - Test step:33
[INFO ][2015-11-06 11:24:04,722][com.java.SeleniumDriver] [  812] - Datavalue is----------null
[DEBUG][2015-11-06 11:24:04,722][com.java.SeleniumDriver] [  830] - Exception: null
[INFO ][2015-11-06 11:24:04,722][com.java.SeleniumDriver] [  836] - DataField : XPH//div[@class="menu"]//span[@class="icon-plus"]
[INFO ][2015-11-06 11:24:04,722][com.java.SeleniumDriver] [  838] - DataValue : 
[INFO ][2015-11-06 11:24:04,722][com.java.SeleniumDriver] [  844] - <In Set values of the page>
[INFO ][2015-11-06 11:24:04,722][com.java.SeleniumDriver] [  847] - {Data Fields & Data Values Exist}
[INFO ][2015-11-06 11:24:04,722][com.java.SeleniumDriver] [  849] - --------------------------setting values-----------------------------
[INFO ][2015-11-06 11:24:04,722][com.java.SeleniumDriver] [  852] - Action Type : CLICK
[INFO ][2015-11-06 11:24:04,722][com.java.TestType] [ 4150] - Field ::XPH//div[@class="menu"]//span[@class="icon-plus"]
[INFO ][2015-11-06 11:24:05,736][com.java.TestType] [ 4209] - BEFORE CLICK
[INFO ][2015-11-06 11:24:07,511][com.java.TestType] [ 4217] - Unable to click the object Add Content
[INFO ][2015-11-06 11:24:07,511][com.java.SeleniumDriver] [  861] -  RESULT true
[INFO ][2015-11-06 11:24:07,511][com.java.SeleniumDriver] [ 1066] - ?   P A S S   ?
[INFO ][2015-11-06 11:24:07,511][com.java.SeleniumDriver] [  788] - ------------------------------------------
[INFO ][2015-11-06 11:24:07,511][com.java.SeleniumDriver] [  789] - Test case being Executed: 2
[INFO ][2015-11-06 11:24:07,511][com.java.SeleniumDriver] [  800] - Test step:34
[INFO ][2015-11-06 11:24:07,511][com.java.SeleniumDriver] [  812] - Datavalue is----------null
[DEBUG][2015-11-06 11:24:07,511][com.java.SeleniumDriver] [  830] - Exception: null
[INFO ][2015-11-06 11:24:07,511][com.java.SeleniumDriver] [  836] - DataField : XPH//span[contains(text(),'My Dashboard Modules')]
[INFO ][2015-11-06 11:24:07,511][com.java.SeleniumDriver] [  838] - DataValue : 
[INFO ][2015-11-06 11:24:07,511][com.java.SeleniumDriver] [  844] - <In Set values of the page>
[INFO ][2015-11-06 11:24:07,511][com.java.SeleniumDriver] [  847] - {Data Fields & Data Values Exist}
[INFO ][2015-11-06 11:24:07,511][com.java.SeleniumDriver] [  849] - --------------------------setting values-----------------------------
[INFO ][2015-11-06 11:24:07,511][com.java.SeleniumDriver] [  852] - Action Type : WAITFORELEMENT
[INFO ][2015-11-06 11:24:07,544][com.java.SeleniumDriver] [  861] -  RESULT true
[INFO ][2015-11-06 11:24:07,544][com.java.SeleniumDriver] [ 1066] - ?   P A S S   ?
[INFO ][2015-11-06 11:24:07,544][com.java.SeleniumDriver] [  788] - ------------------------------------------
[INFO ][2015-11-06 11:24:07,544][com.java.SeleniumDriver] [  789] - Test case being Executed: 2
[INFO ][2015-11-06 11:24:07,544][com.java.SeleniumDriver] [  800] - Test step:35
[INFO ][2015-11-06 11:24:07,544][com.java.SeleniumDriver] [  812] - Datavalue is----------null
[DEBUG][2015-11-06 11:24:07,544][com.java.SeleniumDriver] [  830] - Exception: null
[INFO ][2015-11-06 11:24:07,544][com.java.SeleniumDriver] [  836] - DataField : BTNframeDialogContent
[INFO ][2015-11-06 11:24:07,544][com.java.SeleniumDriver] [  838] - DataValue : 
[INFO ][2015-11-06 11:24:07,544][com.java.SeleniumDriver] [  844] - <In Set values of the page>
[INFO ][2015-11-06 11:24:07,544][com.java.SeleniumDriver] [  847] - {Data Fields & Data Values Exist}
[INFO ][2015-11-06 11:24:07,544][com.java.SeleniumDriver] [  849] - --------------------------setting values-----------------------------
[INFO ][2015-11-06 11:24:07,544][com.java.SeleniumDriver] [  852] - Action Type : SELECTFRAME
[INFO ][2015-11-06 11:24:08,839][com.java.SeleniumDriver] [  861] -  RESULT true
[INFO ][2015-11-06 11:24:08,839][com.java.SeleniumDriver] [ 1066] - ?   P A S S   ?
[INFO ][2015-11-06 11:24:08,839][com.java.SeleniumDriver] [  788] - ------------------------------------------
[INFO ][2015-11-06 11:24:08,839][com.java.SeleniumDriver] [  789] - Test case being Executed: 2
[INFO ][2015-11-06 11:24:08,839][com.java.SeleniumDriver] [  800] - Test step:36
[INFO ][2015-11-06 11:24:08,839][com.java.SeleniumDriver] [  812] - Datavalue is----------null
[DEBUG][2015-11-06 11:24:08,839][com.java.SeleniumDriver] [  830] - Exception: null
[INFO ][2015-11-06 11:24:08,839][com.java.SeleniumDriver] [  836] - DataField : XPH//label[contains(text(),'I want to add an')]/preceding-sibling::input
[INFO ][2015-11-06 11:24:08,839][com.java.SeleniumDriver] [  838] - DataValue : 
[INFO ][2015-11-06 11:24:08,839][com.java.SeleniumDriver] [  844] - <In Set values of the page>
[INFO ][2015-11-06 11:24:08,839][com.java.SeleniumDriver] [  847] - {Data Fields & Data Values Exist}
[INFO ][2015-11-06 11:24:08,839][com.java.SeleniumDriver] [  849] - --------------------------setting values-----------------------------
[INFO ][2015-11-06 11:24:08,839][com.java.SeleniumDriver] [  852] - Action Type : CLICK
[INFO ][2015-11-06 11:24:08,839][com.java.TestType] [ 4150] - Field ::XPH//label[contains(text(),'I want to add an')]/preceding-sibling::input
[INFO ][2015-11-06 11:24:09,853][com.java.TestType] [ 4209] - BEFORE CLICK
[INFO ][2015-11-06 11:24:10,680][com.java.TestType] [ 4217] - Unable to click the object Radio button
[INFO ][2015-11-06 11:24:10,680][com.java.SeleniumDriver] [  861] -  RESULT true
[INFO ][2015-11-06 11:24:10,680][com.java.SeleniumDriver] [ 1066] - ?   P A S S   ?
[INFO ][2015-11-06 11:24:10,680][com.java.SeleniumDriver] [  788] - ------------------------------------------
[INFO ][2015-11-06 11:24:10,680][com.java.SeleniumDriver] [  789] - Test case being Executed: 2
[INFO ][2015-11-06 11:24:10,680][com.java.SeleniumDriver] [  800] - Test step:37
[INFO ][2015-11-06 11:24:10,680][com.java.SeleniumDriver] [  812] - Datavalue is----------null
[DEBUG][2015-11-06 11:24:10,680][com.java.SeleniumDriver] [  830] - Exception: null
[INFO ][2015-11-06 11:24:10,680][com.java.SeleniumDriver] [  836] - DataField : BTNnextButton
[INFO ][2015-11-06 11:24:10,680][com.java.SeleniumDriver] [  838] - DataValue : 
[INFO ][2015-11-06 11:24:10,680][com.java.SeleniumDriver] [  844] - <In Set values of the page>
[INFO ][2015-11-06 11:24:10,680][com.java.SeleniumDriver] [  847] - {Data Fields & Data Values Exist}
[INFO ][2015-11-06 11:24:10,680][com.java.SeleniumDriver] [  849] - --------------------------setting values-----------------------------
[INFO ][2015-11-06 11:24:10,680][com.java.SeleniumDriver] [  852] - Action Type : CLICK
[INFO ][2015-11-06 11:24:10,680][com.java.TestType] [ 4150] - Field ::BTNnextButton
[INFO ][2015-11-06 11:24:11,695][com.java.TestType] [ 4188] - BEFORE CLICK
[INFO ][2015-11-06 11:24:13,241][com.java.TestType] [ 4195] - Unable to click the object Next
[INFO ][2015-11-06 11:24:13,241][com.java.SeleniumDriver] [  861] -  RESULT true
[INFO ][2015-11-06 11:24:13,241][com.java.SeleniumDriver] [ 1066] - ?   P A S S   ?
[INFO ][2015-11-06 11:24:13,241][com.java.SeleniumDriver] [  788] - ------------------------------------------
[INFO ][2015-11-06 11:24:13,241][com.java.SeleniumDriver] [  789] - Test case being Executed: 2
[INFO ][2015-11-06 11:24:13,241][com.java.SeleniumDriver] [  800] - Test step:38
[INFO ][2015-11-06 11:24:13,241][com.java.SeleniumDriver] [  812] - Datavalue is----------null
[DEBUG][2015-11-06 11:24:13,241][com.java.SeleniumDriver] [  830] - Exception: null
[INFO ][2015-11-06 11:24:13,241][com.java.SeleniumDriver] [  836] - DataField : XPH//label[contains(text(),"New/Renewed Loans vs CD's")]/parent::td/preceding-sibling::td/input
[INFO ][2015-11-06 11:24:13,241][com.java.SeleniumDriver] [  838] - DataValue : 
[INFO ][2015-11-06 11:24:13,241][com.java.SeleniumDriver] [  844] - <In Set values of the page>
[INFO ][2015-11-06 11:24:13,241][com.java.SeleniumDriver] [  847] - {Data Fields & Data Values Exist}
[INFO ][2015-11-06 11:24:13,241][com.java.SeleniumDriver] [  849] - --------------------------setting values-----------------------------
[INFO ][2015-11-06 11:24:13,241][com.java.SeleniumDriver] [  852] - Action Type : CLICK
[INFO ][2015-11-06 11:24:13,241][com.java.TestType] [ 4150] - Field ::XPH//label[contains(text(),"New/Renewed Loans vs CD's")]/parent::td/preceding-sibling::td/input
[INFO ][2015-11-06 11:24:14,255][com.java.TestType] [ 4209] - BEFORE CLICK
[INFO ][2015-11-06 11:24:15,019][com.java.TestType] [ 4217] - Unable to click the object Checkbox
[INFO ][2015-11-06 11:24:15,019][com.java.SeleniumDriver] [  861] -  RESULT true
[INFO ][2015-11-06 11:24:15,019][com.java.SeleniumDriver] [ 1066] - ?   P A S S   ?
[INFO ][2015-11-06 11:24:15,019][com.java.SeleniumDriver] [  788] - ------------------------------------------
[INFO ][2015-11-06 11:24:15,019][com.java.SeleniumDriver] [  789] - Test case being Executed: 2
[INFO ][2015-11-06 11:24:15,019][com.java.SeleniumDriver] [  800] - Test step:39
[INFO ][2015-11-06 11:24:15,019][com.java.SeleniumDriver] [  812] - Datavalue is----------null
[DEBUG][2015-11-06 11:24:15,019][com.java.SeleniumDriver] [  830] - Exception: null
[INFO ][2015-11-06 11:24:15,019][com.java.SeleniumDriver] [  836] - DataField : BTNsaveButton
[INFO ][2015-11-06 11:24:15,019][com.java.SeleniumDriver] [  838] - DataValue : 
[INFO ][2015-11-06 11:24:15,019][com.java.SeleniumDriver] [  844] - <In Set values of the page>
[INFO ][2015-11-06 11:24:15,019][com.java.SeleniumDriver] [  847] - {Data Fields & Data Values Exist}
[INFO ][2015-11-06 11:24:15,019][com.java.SeleniumDriver] [  849] - --------------------------setting values-----------------------------
[INFO ][2015-11-06 11:24:15,019][com.java.SeleniumDriver] [  852] - Action Type : CLICK
[INFO ][2015-11-06 11:24:15,019][com.java.TestType] [ 4150] - Field ::BTNsaveButton
[INFO ][2015-11-06 11:24:16,034][com.java.TestType] [ 4188] - BEFORE CLICK
[INFO ][2015-11-06 11:24:18,172][com.java.TestType] [ 4195] - Unable to click the object Save
[INFO ][2015-11-06 11:24:18,172][com.java.SeleniumDriver] [  861] -  RESULT true
[INFO ][2015-11-06 11:24:18,172][com.java.SeleniumDriver] [ 1066] - ?   P A S S   ?
[INFO ][2015-11-06 11:24:18,172][com.java.SeleniumDriver] [  788] - ------------------------------------------
[INFO ][2015-11-06 11:24:18,172][com.java.SeleniumDriver] [  789] - Test case being Executed: 2
[INFO ][2015-11-06 11:24:18,172][com.java.SeleniumDriver] [  800] - Test step:40
[INFO ][2015-11-06 11:24:18,172][com.java.SeleniumDriver] [  812] - Datavalue is----------null
[DEBUG][2015-11-06 11:24:18,172][com.java.SeleniumDriver] [  830] - Exception: null
[INFO ][2015-11-06 11:24:18,172][com.java.SeleniumDriver] [  836] - DataField : BTNparent
[INFO ][2015-11-06 11:24:18,172][com.java.SeleniumDriver] [  838] - DataValue : 
[INFO ][2015-11-06 11:24:18,172][com.java.SeleniumDriver] [  844] - <In Set values of the page>
[INFO ][2015-11-06 11:24:18,172][com.java.SeleniumDriver] [  847] - {Data Fields & Data Values Exist}
[INFO ][2015-11-06 11:24:18,172][com.java.SeleniumDriver] [  849] - --------------------------setting values-----------------------------
[INFO ][2015-11-06 11:24:18,172][com.java.SeleniumDriver] [  852] - Action Type : SELECTFRAME
[INFO ][2015-11-06 11:24:18,173][com.java.SeleniumDriver] [  861] -  RESULT true
[INFO ][2015-11-06 11:24:18,173][com.java.SeleniumDriver] [ 1066] - ?   P A S S   ?
[INFO ][2015-11-06 11:24:18,173][com.java.SeleniumDriver] [  788] - ------------------------------------------
[INFO ][2015-11-06 11:24:18,173][com.java.SeleniumDriver] [  789] - Test case being Executed: 2
[INFO ][2015-11-06 11:24:18,173][com.java.SeleniumDriver] [  800] - Test step:41
[INFO ][2015-11-06 11:24:18,173][com.java.SeleniumDriver] [  812] - Datavalue is----------null
[DEBUG][2015-11-06 11:24:18,173][com.java.SeleniumDriver] [  830] - Exception: null
[INFO ][2015-11-06 11:24:18,173][com.java.SeleniumDriver] [  836] - DataField : XPH//div[contains(text(),'New/Renewed Loans vs CD')]
[INFO ][2015-11-06 11:24:18,173][com.java.SeleniumDriver] [  838] - DataValue : 
[INFO ][2015-11-06 11:24:18,173][com.java.SeleniumDriver] [  844] - <In Set values of the page>
[INFO ][2015-11-06 11:24:18,173][com.java.SeleniumDriver] [  847] - {Data Fields & Data Values Exist}
[INFO ][2015-11-06 11:24:18,173][com.java.SeleniumDriver] [  849] - --------------------------setting values-----------------------------
[INFO ][2015-11-06 11:24:18,173][com.java.SeleniumDriver] [  852] - Action Type : WAITFORELEMENT
[INFO ][2015-11-06 11:24:18,235][com.java.SeleniumDriver] [  861] -  RESULT true
[INFO ][2015-11-06 11:24:18,235][com.java.SeleniumDriver] [ 1066] - ?   P A S S   ?
[INFO ][2015-11-06 11:24:18,235][com.java.SeleniumDriver] [  788] - ------------------------------------------
[INFO ][2015-11-06 11:24:18,235][com.java.SeleniumDriver] [  789] - Test case being Executed: 2
[INFO ][2015-11-06 11:24:18,235][com.java.SeleniumDriver] [  800] - Test step:42
[INFO ][2015-11-06 11:24:18,235][com.java.SeleniumDriver] [  812] - Datavalue is----------New/Renewed Loans vs CD
[INFO ][2015-11-06 11:24:18,235][com.java.SeleniumDriver] [  836] - DataField : XPH//div[contains(text(),'New/Renewed Loans vs CD')]
[INFO ][2015-11-06 11:24:18,235][com.java.SeleniumDriver] [  838] - DataValue : New/Renewed Loans vs CD
[INFO ][2015-11-06 11:24:18,235][com.java.SeleniumDriver] [  844] - <In Set values of the page>
[INFO ][2015-11-06 11:24:18,235][com.java.SeleniumDriver] [  847] - {Data Fields & Data Values Exist}
[INFO ][2015-11-06 11:24:18,235][com.java.SeleniumDriver] [  849] - --------------------------setting values-----------------------------
[INFO ][2015-11-06 11:24:18,235][com.java.SeleniumDriver] [  852] - Action Type : VERIFY
[INFO ][2015-11-06 11:24:18,235][com.java.TestType] [ 4963] - field= XPH//div[contains(text(),'New/Renewed Loans vs CD')] value= New/Renewed Loans vs CD
[INFO ][2015-11-06 11:24:18,235][com.java.TestType] [ 3837] - value = New/Renewed Loans vs CD
[INFO ][2015-11-06 11:24:18,344][com.java.SeleniumDriver] [  861] -  RESULT true
[INFO ][2015-11-06 11:24:18,344][com.java.SeleniumDriver] [ 1066] - ?   P A S S   ?
[DEBUG][2015-11-06 11:24:18,344][com.java.SeleniumDriver] [ 1168] - Case found
[DEBUG][2015-11-06 11:24:18,344][com.java.SeleniumDriver] [ 1173] - Incrementing ReportCounters[0]:2
[INFO ][2015-11-06 11:24:18,344][com.java.SeleniumDriver] [ 1192] - The results are-------------------[2, 1, Add content, Pass, , Fri Nov 06 11:21:45 IST 2015, 2, 2, Add content, Pass, , Fri Nov 06 11:23:17 IST 2015, 2, 3, Add content, Pass, , Fri Nov 06 11:23:27 IST 2015, 2, 4, Add content, Pass, , Fri Nov 06 11:23:27 IST 2015, 2, 5, Add content, Pass, , Fri Nov 06 11:23:28 IST 2015, 2, 6, Add content, Pass, , Fri Nov 06 11:23:30 IST 2015, 2, 7, Add content, Pass, , Fri Nov 06 11:23:32 IST 2015, 2, 8, Add content, Pass, , Fri Nov 06 11:23:34 IST 2015, 2, 9, Add content, Pass, , Fri Nov 06 11:23:37 IST 2015, 2, 10, Add content, Pass, , Fri Nov 06 11:23:37 IST 2015, 2, 11, Add content, Pass, , Fri Nov 06 11:23:37 IST 2015, 2, 12, Add content, Pass, , Fri Nov 06 11:23:37 IST 2015, 2, 13, Add content, Pass, , Fri Nov 06 11:23:40 IST 2015, 2, 14, Add content, Pass, , Fri Nov 06 11:23:40 IST 2015, 2, 15, Add content, Pass, , Fri Nov 06 11:23:41 IST 2015, 2, 16, Add content, Pass, , Fri Nov 06 11:23:43 IST 2015, 2, 17, Add content, Pass, , Fri Nov 06 11:23:45 IST 2015, 2, 18, Add content, Pass, , Fri Nov 06 11:23:47 IST 2015, 2, 19, Add content, Pass, , Fri Nov 06 11:23:50 IST 2015, 2, 20, Add content, Pass, , Fri Nov 06 11:23:50 IST 2015, 2, 21, Add content, Pass, , Fri Nov 06 11:23:50 IST 2015, 2, 22, Add content, Pass, , Fri Nov 06 11:23:50 IST 2015, 2, 23, Add content, Pass, , Fri Nov 06 11:23:53 IST 2015, 2, 24, Add content, Pass, , Fri Nov 06 11:23:53 IST 2015, 2, 25, Add content, Pass, , Fri Nov 06 11:23:55 IST 2015, 2, 26, Add content, Pass, , Fri Nov 06 11:23:57 IST 2015, 2, 27, Add content, Pass, , Fri Nov 06 11:23:59 IST 2015, 2, 28, Add content, Pass, , Fri Nov 06 11:24:01 IST 2015, 2, 29, Add content, Pass, , Fri Nov 06 11:24:04 IST 2015, 2, 30, Add content, Pass, , Fri Nov 06 11:24:04 IST 2015, 2, 31, Add content, Pass, , Fri Nov 06 11:24:04 IST 2015, 2, 32, Add content, Pass, , Fri Nov 06 11:24:04 IST 2015, 2, 33, Add content, Pass, , Fri Nov 06 11:24:07 IST 2015, 2, 34, Add content, Pass, , Fri Nov 06 11:24:07 IST 2015, 2, 35, Add content, Pass, , Fri Nov 06 11:24:08 IST 2015, 2, 36, Add content, Pass, , Fri Nov 06 11:24:10 IST 2015, 2, 37, Add content, Pass, , Fri Nov 06 11:24:13 IST 2015, 2, 38, Add content, Pass, , Fri Nov 06 11:24:15 IST 2015, 2, 39, Add content, Pass, , Fri Nov 06 11:24:18 IST 2015, 2, 40, Add content, Pass, , Fri Nov 06 11:24:18 IST 2015, 2, 41, Add content, Pass, , Fri Nov 06 11:24:18 IST 2015, 2, 42, Add content, Pass, , Fri Nov 06 11:24:18 IST 2015]
[INFO ][2015-11-06 11:24:18,344][com.java.SeleniumDriver] [ 1196] - End time is-------3 min 39 sec
[INFO ][2015-11-06 11:24:18,344][com.java.SeleniumDriver] [ 1197] - The results are-------------------[2, 1, Add content, Pass, , Fri Nov 06 11:21:45 IST 2015, 2, 2, Add content, Pass, , Fri Nov 06 11:23:17 IST 2015, 2, 3, Add content, Pass, , Fri Nov 06 11:23:27 IST 2015, 2, 4, Add content, Pass, , Fri Nov 06 11:23:27 IST 2015, 2, 5, Add content, Pass, , Fri Nov 06 11:23:28 IST 2015, 2, 6, Add content, Pass, , Fri Nov 06 11:23:30 IST 2015, 2, 7, Add content, Pass, , Fri Nov 06 11:23:32 IST 2015, 2, 8, Add content, Pass, , Fri Nov 06 11:23:34 IST 2015, 2, 9, Add content, Pass, , Fri Nov 06 11:23:37 IST 2015, 2, 10, Add content, Pass, , Fri Nov 06 11:23:37 IST 2015, 2, 11, Add content, Pass, , Fri Nov 06 11:23:37 IST 2015, 2, 12, Add content, Pass, , Fri Nov 06 11:23:37 IST 2015, 2, 13, Add content, Pass, , Fri Nov 06 11:23:40 IST 2015, 2, 14, Add content, Pass, , Fri Nov 06 11:23:40 IST 2015, 2, 15, Add content, Pass, , Fri Nov 06 11:23:41 IST 2015, 2, 16, Add content, Pass, , Fri Nov 06 11:23:43 IST 2015, 2, 17, Add content, Pass, , Fri Nov 06 11:23:45 IST 2015, 2, 18, Add content, Pass, , Fri Nov 06 11:23:47 IST 2015, 2, 19, Add content, Pass, , Fri Nov 06 11:23:50 IST 2015, 2, 20, Add content, Pass, , Fri Nov 06 11:23:50 IST 2015, 2, 21, Add content, Pass, , Fri Nov 06 11:23:50 IST 2015, 2, 22, Add content, Pass, , Fri Nov 06 11:23:50 IST 2015, 2, 23, Add content, Pass, , Fri Nov 06 11:23:53 IST 2015, 2, 24, Add content, Pass, , Fri Nov 06 11:23:53 IST 2015, 2, 25, Add content, Pass, , Fri Nov 06 11:23:55 IST 2015, 2, 26, Add content, Pass, , Fri Nov 06 11:23:57 IST 2015, 2, 27, Add content, Pass, , Fri Nov 06 11:23:59 IST 2015, 2, 28, Add content, Pass, , Fri Nov 06 11:24:01 IST 2015, 2, 29, Add content, Pass, , Fri Nov 06 11:24:04 IST 2015, 2, 30, Add content, Pass, , Fri Nov 06 11:24:04 IST 2015, 2, 31, Add content, Pass, , Fri Nov 06 11:24:04 IST 2015, 2, 32, Add content, Pass, , Fri Nov 06 11:24:04 IST 2015, 2, 33, Add content, Pass, , Fri Nov 06 11:24:07 IST 2015, 2, 34, Add content, Pass, , Fri Nov 06 11:24:07 IST 2015, 2, 35, Add content, Pass, , Fri Nov 06 11:24:08 IST 2015, 2, 36, Add content, Pass, , Fri Nov 06 11:24:10 IST 2015, 2, 37, Add content, Pass, , Fri Nov 06 11:24:13 IST 2015, 2, 38, Add content, Pass, , Fri Nov 06 11:24:15 IST 2015, 2, 39, Add content, Pass, , Fri Nov 06 11:24:18 IST 2015, 2, 40, Add content, Pass, , Fri Nov 06 11:24:18 IST 2015, 2, 41, Add content, Pass, , Fri Nov 06 11:24:18 IST 2015, 2, 42, Add content, Pass, , Fri Nov 06 11:24:18 IST 2015]
[DEBUG][2015-11-06 11:24:18,344][com.java.ImportnExport.ExportTestResultsExcel] [  222] - testResultPath = D:\BankersDashboard/TestReports/Test Results_BankersDashBoard_110615_112040_IE11_Any Bank USA.xls
[DEBUG][2015-11-06 11:24:18,344][com.java.ImportnExport.ExportTestResultsExcel] [  223] - browser is------------IE11
[DEBUG][2015-11-06 11:24:18,344][com.java.ImportnExport.ExportTestResultsExcel] [  270] - result.size() = 252
[DEBUG][2015-11-06 11:24:18,344][com.java.ImportnExport.ExportTestResultsExcel] [  274] - No of rows in sheet=2
[DEBUG][2015-11-06 11:24:18,344][com.java.ImportnExport.ExportTestResultsExcel] [  301] - ..in export..2
[DEBUG][2015-11-06 11:24:18,344][com.java.ImportnExport.ExportTestResultsExcel] [  301] - ..in export..Add content
[DEBUG][2015-11-06 11:24:18,344][com.java.ImportnExport.ExportTestResultsExcel] [  301] - ..in export..Pass
[DEBUG][2015-11-06 11:24:18,344][com.java.ImportnExport.ExportTestResultsExcel] [  301] - ..in export..
[DEBUG][2015-11-06 11:24:18,344][com.java.ImportnExport.ExportTestResultsExcel] [  301] - ..in export..Fri Nov 06 11:21:45 IST 2015
[INFO ][2015-11-06 11:24:18,344][com.java.SeleniumDriver] [ 1255] - out loop:1 size:2 TestCases:[1, 2] testcases:[1, 2]
[INFO ][2015-11-06 11:24:20,357][com.java.SeleniumDriver] [ 1297] - Total Number of Cases:2
[INFO ][2015-11-06 11:24:20,357][com.java.TemplateGenerator] [  302] - Executed:2
[INFO ][2015-11-06 11:24:20,357][com.java.TemplateGenerator] [  303] - Passed:2
[INFO ][2015-11-06 11:24:20,357][com.java.TemplateGenerator] [  304] - Failed:0
[INFO ][2015-11-06 11:24:20,357][com.java.TemplateGenerator] [  305] - Skipeed:0
[INFO ][2015-11-06 11:24:20,357][com.java.TemplateGenerator] [  306] - Application URL:https://clients-xuat.bankersdashboard.com
[INFO ][2015-11-06 11:24:20,357][com.java.TemplateGenerator] [  307] - Start Time:110615_112040
[INFO ][2015-11-06 11:24:20,357][com.java.TemplateGenerator] [  308] -  Creating HTML Report 
[ERROR][2015-11-06 11:24:20,357][com.java.TemplateGenerator] [  409] - Unparseable date: "Fri Nov 06 11:20:40 IST 2015"
[INFO ][2015-11-06 11:24:20,357][com.java.TemplateGenerator] [  654] -  Exporting case :: 1
[INFO ][2015-11-06 11:24:20,357][com.java.TemplateGenerator] [  654] -  Exporting case :: 2
[INFO ][2015-11-06 11:24:20,357][com.java.SeleniumDriver] [ 1346] - End Time:110615_112420
[INFO ][2015-11-06 11:24:20,357][com.java.SeleniumDriver] [ 1349] - Data in Test Execution Details:{1=PASS, 2=PASS}
[INFO ][2015-11-06 11:24:20,357][com.java.SeleniumDriver] [ 1350] - Data in Failed Execution Deatils:{}
[INFO ][2015-11-06 11:24:20,357][com.java.SeleniumDriver] [ 1352] - ReportCounter:Total:2 :: PASS: 2 ::FAIL: 0
[INFO ][2015-11-06 11:24:20,357][com.java.SeleniumDriver] [ 1353] - FailedReportCounter:Total:0 :: PASS: 0 ::FAIL: 0
[INFO ][2015-11-06 11:24:20,358][com.java.EmailTestReport] [   63] - Sending report mail details:
[INFO ][2015-11-06 11:24:20,358][com.java.EmailTestReport] [   80] - Excel Report Path:D:\BankersDashboard/TestReports/Test Results_BankersDashBoard_110615_112040_IE11_Any Bank USA.xls
[INFO ][2015-11-06 11:24:20,358][com.java.EmailTestReport] [   81] - HTML Report Path:D:\BankersDashboard//TestReports//Test Results_BankersDashBoard_110615_112040_IE11_Any Bank USA.html
[INFO ][2015-11-06 11:24:20,358][com.java.EmailTestReport] [   82] - smtpHostName:mail01.valuelabs.com
[INFO ][2015-11-06 11:24:20,358][com.java.EmailTestReport] [   83] - Recipient:venkateswararao.gubbala@valuelabs.com
[INFO ][2015-11-06 11:24:20,358][com.java.EmailTestReport] [   84] - From:venkateswararao.gubbala@valuelabs.com
[INFO ][2015-11-06 11:24:20,358][com.java.EmailTestReport] [   85] - Subject:Deluxe Corp Bankers Dashboard Automation Test Report - Any Bank USA - IE11
[INFO ][2015-11-06 11:24:20,373][com.java.EmailTestReport] [  143] -  Added venkateswararao.gubbala@valuelabs.com
[INFO ][2015-11-06 11:24:23,778][com.java.SeleniumDriver] [  719] - quitting the browser 
[INFO ][2015-11-06 11:24:25,088][com.java.SeleniumDriver] [  263] - Execution Completed Stopping the thread
