[INFO ][2015-12-24 14:58:09,942][com.java.SeleniumDriver] [  213] - Execute Failed Casesfalse
[INFO ][2015-12-24 14:58:09,942][com.java.SeleniumDriver] [  214] - Browser: IE10
[INFO ][2015-12-24 14:58:09,942][com.java.SeleniumDriver] [  215] - [1, 2]
[INFO ][2015-12-24 14:58:09,942][com.java.SeleniumDriver] [  216] - Total TestCases:2
[INFO ][2015-12-24 14:58:09,942][com.java.SeleniumDriver] [  217] -  Reading Properties from Property File 
[DEBUG][2015-12-24 14:58:09,942][com.java.SeleniumDriver] [  238] - url : https://clients-xuat.bankersdashboard.com
[INFO ][2015-12-24 14:58:09,942][com.java.ImportnExport.ExportTestResultsExcel] [  116] - Time Stamp Thu Dec 24 02:58:09 IST 2015
[INFO ][2015-12-24 14:58:09,942][com.java.ImportnExport.ExportTestResultsExcel] [  175] - OUT FILE : D:\BankersDashboard/TestReports/Test Results_BankersDashBoard_122415_145809_IE10_Bank of North Carolina.xls
[INFO ][2015-12-24 14:58:09,973][com.java.ImportnExport.ExportTestResultsExcel] [  180] - Test Result file is created
[DEBUG][2015-12-24 14:58:10,073][com.java.SeleniumDriver] [  426] - Hub ip address is-------172.17.68.34
[INFO ][2015-12-24 14:58:10,073][com.java.SeleniumDriver] [  452] - Grid URL:http://172.17.68.34:4444/wd/hub
[INFO ][2015-12-24 14:58:10,073][com.java.SeleniumDriver] [  453] - Capability:Capabilities [{platform=ANY, ensureCleanSession=true, ignoreProtectedModeSettings=true, acceptSslCerts=true, ignoreZoomSetting=true, browserName=internet explorer, browserstack.ie.noFlash=true, version=null}]
[ERROR][2015-12-24 14:58:11,383][com.java.SeleniumDriver] [  497] - Unable invoke browser in grid:Could not start a new session. Possible causes are invalid address of the remote server or browser start-up failure.
Build info: version: '2.48.2', revision: '41bccdd', time: '2015-10-09 19:59:12'
System info: host: 'FVTIII438F1D', ip: '172.17.68.34', os.name: 'Windows 7', os.arch: 'x86', os.version: '6.1', java.version: '1.7.0_55'
Driver info: driver.version: SeleniumDriver
[INFO ][2015-12-24 14:58:11,383][com.java.SeleniumDriver] [  499] - Executing on local machine
[INFO ][2015-12-24 14:58:22,099][com.java.SeleniumDriver] [  248] - IE10is opened
[INFO ][2015-12-24 14:58:22,919][com.java.SeleniumDriver] [  754] - Test cases to be executed are: [1, 2]
[INFO ][2015-12-24 14:58:22,940][com.java.ImportnExport.ImportTestDataDetailsExcel] [   49] - test data details path===== D:\BankersDashboard\TestInputs\TestData.xls
[INFO ][2015-12-24 14:58:23,010][com.java.SeleniumDriver] [  821] - ------------------------------------------
[INFO ][2015-12-24 14:58:23,010][com.java.SeleniumDriver] [  822] - Test case being Executed: 1
[INFO ][2015-12-24 14:58:23,010][com.java.SeleniumDriver] [  833] - Test step:1
[INFO ][2015-12-24 14:58:23,010][com.java.SeleniumDriver] [  845] - Datavalue is----------Concept#1:1-16
[INFO ][2015-12-24 14:58:23,010][com.java.SeleniumDriver] [  869] - DataField : test
[INFO ][2015-12-24 14:58:23,010][com.java.SeleniumDriver] [  871] - DataValue : Concept#1:1-16
[INFO ][2015-12-24 14:58:23,010][com.java.SeleniumDriver] [  877] - <In Set values of the page>
[INFO ][2015-12-24 14:58:23,010][com.java.SeleniumDriver] [  880] - {Data Fields & Data Values Exist}
[INFO ][2015-12-24 14:58:23,010][com.java.SeleniumDriver] [  882] - --------------------------setting values-----------------------------
[INFO ][2015-12-24 14:58:23,010][com.java.SeleniumDriver] [  885] - Action Type : ExecuteTestCase
[INFO ][2015-12-24 14:58:23,030][com.java.TestType] [  437] - The Concept sheet name is ---------- Concept
[INFO ][2015-12-24 14:58:23,030][com.java.TestType] [  440] - The Concept ID  is ---------- 1
[DEBUG][2015-12-24 14:58:23,030][com.java.TestType] [  444] - Steps being executted in the Concept are: 1:16
[INFO ][2015-12-24 14:58:23,030][com.java.TestType] [  451] - Test data details path ---------- D:\BankersDashboard\TestInputs\TestData.xls
[INFO ][2015-12-24 14:58:23,060][com.java.TestType] [  482] -  str(1) = 1
[INFO ][2015-12-24 14:58:23,060][com.java.TestType] [  485] - Test case Id is---1
[INFO ][2015-12-24 14:58:23,060][com.java.TestType] [  487] - 1
[INFO ][2015-12-24 14:58:23,060][com.java.TestType] [  482] -  str(2) = 1
[INFO ][2015-12-24 14:58:23,070][com.java.TestType] [  534] - row values are--------{1=com.java.Objects.TestDataDetails@872ba6}
[INFO ][2015-12-24 14:58:23,070][com.java.TestType] [  482] -  str(1) = 1
[INFO ][2015-12-24 14:58:23,070][com.java.TestType] [  485] - Test case Id is---1
[INFO ][2015-12-24 14:58:23,070][com.java.TestType] [  487] - 1
[INFO ][2015-12-24 14:58:23,070][com.java.TestType] [  482] -  str(2) = 2
[INFO ][2015-12-24 14:58:23,070][com.java.TestType] [  534] - row values are--------{1=com.java.Objects.TestDataDetails@872ba6, 2=com.java.Objects.TestDataDetails@6cd712}
[INFO ][2015-12-24 14:58:23,070][com.java.TestType] [  482] -  str(1) = 1
[INFO ][2015-12-24 14:58:23,070][com.java.TestType] [  485] - Test case Id is---1
[INFO ][2015-12-24 14:58:23,070][com.java.TestType] [  487] - 1
[INFO ][2015-12-24 14:58:23,070][com.java.TestType] [  482] -  str(2) = 3
[INFO ][2015-12-24 14:58:23,070][com.java.TestType] [  534] - row values are--------{1=com.java.Objects.TestDataDetails@872ba6, 2=com.java.Objects.TestDataDetails@6cd712, 3=com.java.Objects.TestDataDetails@1e36eb9}
[INFO ][2015-12-24 14:58:23,070][com.java.TestType] [  482] -  str(1) = 1
[INFO ][2015-12-24 14:58:23,070][com.java.TestType] [  485] - Test case Id is---1
[INFO ][2015-12-24 14:58:23,070][com.java.TestType] [  487] - 1
[INFO ][2015-12-24 14:58:23,070][com.java.TestType] [  482] -  str(2) = 4
[INFO ][2015-12-24 14:58:23,070][com.java.TestType] [  534] - row values are--------{1=com.java.Objects.TestDataDetails@872ba6, 2=com.java.Objects.TestDataDetails@6cd712, 3=com.java.Objects.TestDataDetails@1e36eb9, 4=com.java.Objects.TestDataDetails@14ced4e}
[INFO ][2015-12-24 14:58:23,070][com.java.TestType] [  482] -  str(1) = 1
[INFO ][2015-12-24 14:58:23,070][com.java.TestType] [  485] - Test case Id is---1
[INFO ][2015-12-24 14:58:23,070][com.java.TestType] [  487] - 1
[INFO ][2015-12-24 14:58:23,070][com.java.TestType] [  482] -  str(2) = 5
[INFO ][2015-12-24 14:58:23,070][com.java.TestType] [  534] - row values are--------{1=com.java.Objects.TestDataDetails@872ba6, 2=com.java.Objects.TestDataDetails@6cd712, 3=com.java.Objects.TestDataDetails@1e36eb9, 4=com.java.Objects.TestDataDetails@14ced4e, 5=com.java.Objects.TestDataDetails@10ca001}
[INFO ][2015-12-24 14:58:23,070][com.java.TestType] [  482] -  str(1) = 1
[INFO ][2015-12-24 14:58:23,070][com.java.TestType] [  485] - Test case Id is---1
[INFO ][2015-12-24 14:58:23,070][com.java.TestType] [  487] - 1
[INFO ][2015-12-24 14:58:23,070][com.java.TestType] [  482] -  str(2) = 6
[INFO ][2015-12-24 14:58:23,080][com.java.TestType] [  534] - row values are--------{1=com.java.Objects.TestDataDetails@872ba6, 2=com.java.Objects.TestDataDetails@6cd712, 3=com.java.Objects.TestDataDetails@1e36eb9, 4=com.java.Objects.TestDataDetails@14ced4e, 5=com.java.Objects.TestDataDetails@10ca001, 6=com.java.Objects.TestDataDetails@1df8783}
[INFO ][2015-12-24 14:58:23,080][com.java.TestType] [  482] -  str(1) = 1
[INFO ][2015-12-24 14:58:23,080][com.java.TestType] [  485] - Test case Id is---1
[INFO ][2015-12-24 14:58:23,080][com.java.TestType] [  487] - 1
[INFO ][2015-12-24 14:58:23,080][com.java.TestType] [  482] -  str(2) = 7
[INFO ][2015-12-24 14:58:23,080][com.java.TestType] [  534] - row values are--------{1=com.java.Objects.TestDataDetails@872ba6, 2=com.java.Objects.TestDataDetails@6cd712, 3=com.java.Objects.TestDataDetails@1e36eb9, 4=com.java.Objects.TestDataDetails@14ced4e, 5=com.java.Objects.TestDataDetails@10ca001, 6=com.java.Objects.TestDataDetails@1df8783, 7=com.java.Objects.TestDataDetails@af6cb1}
[INFO ][2015-12-24 14:58:23,080][com.java.TestType] [  482] -  str(1) = 1
[INFO ][2015-12-24 14:58:23,080][com.java.TestType] [  485] - Test case Id is---1
[INFO ][2015-12-24 14:58:23,080][com.java.TestType] [  487] - 1
[INFO ][2015-12-24 14:58:23,080][com.java.TestType] [  482] -  str(2) = 8
[INFO ][2015-12-24 14:58:23,080][com.java.TestType] [  534] - row values are--------{1=com.java.Objects.TestDataDetails@872ba6, 2=com.java.Objects.TestDataDetails@6cd712, 3=com.java.Objects.TestDataDetails@1e36eb9, 4=com.java.Objects.TestDataDetails@14ced4e, 5=com.java.Objects.TestDataDetails@10ca001, 6=com.java.Objects.TestDataDetails@1df8783, 7=com.java.Objects.TestDataDetails@af6cb1, 8=com.java.Objects.TestDataDetails@fc3ac5}
[INFO ][2015-12-24 14:58:23,080][com.java.TestType] [  482] -  str(1) = 1
[INFO ][2015-12-24 14:58:23,080][com.java.TestType] [  485] - Test case Id is---1
[INFO ][2015-12-24 14:58:23,080][com.java.TestType] [  487] - 1
[INFO ][2015-12-24 14:58:23,080][com.java.TestType] [  482] -  str(2) = 9
[INFO ][2015-12-24 14:58:23,080][com.java.TestType] [  534] - row values are--------{1=com.java.Objects.TestDataDetails@872ba6, 2=com.java.Objects.TestDataDetails@6cd712, 3=com.java.Objects.TestDataDetails@1e36eb9, 4=com.java.Objects.TestDataDetails@14ced4e, 5=com.java.Objects.TestDataDetails@10ca001, 6=com.java.Objects.TestDataDetails@1df8783, 7=com.java.Objects.TestDataDetails@af6cb1, 8=com.java.Objects.TestDataDetails@fc3ac5, 9=com.java.Objects.TestDataDetails@5365d8}
[INFO ][2015-12-24 14:58:23,080][com.java.TestType] [  482] -  str(1) = 1
[INFO ][2015-12-24 14:58:23,080][com.java.TestType] [  485] - Test case Id is---1
[INFO ][2015-12-24 14:58:23,080][com.java.TestType] [  487] - 1
[INFO ][2015-12-24 14:58:23,080][com.java.TestType] [  482] -  str(2) = 10
[INFO ][2015-12-24 14:58:23,080][com.java.TestType] [  534] - row values are--------{1=com.java.Objects.TestDataDetails@872ba6, 2=com.java.Objects.TestDataDetails@6cd712, 3=com.java.Objects.TestDataDetails@1e36eb9, 4=com.java.Objects.TestDataDetails@14ced4e, 5=com.java.Objects.TestDataDetails@10ca001, 6=com.java.Objects.TestDataDetails@1df8783, 7=com.java.Objects.TestDataDetails@af6cb1, 8=com.java.Objects.TestDataDetails@fc3ac5, 9=com.java.Objects.TestDataDetails@5365d8, 10=com.java.Objects.TestDataDetails@1163a1e}
[INFO ][2015-12-24 14:58:23,080][com.java.TestType] [  482] -  str(1) = 1
[INFO ][2015-12-24 14:58:23,080][com.java.TestType] [  485] - Test case Id is---1
[INFO ][2015-12-24 14:58:23,080][com.java.TestType] [  487] - 1
[INFO ][2015-12-24 14:58:23,080][com.java.TestType] [  482] -  str(2) = 11
[INFO ][2015-12-24 14:58:23,080][com.java.TestType] [  534] - row values are--------{1=com.java.Objects.TestDataDetails@872ba6, 2=com.java.Objects.TestDataDetails@6cd712, 3=com.java.Objects.TestDataDetails@1e36eb9, 4=com.java.Objects.TestDataDetails@14ced4e, 5=com.java.Objects.TestDataDetails@10ca001, 6=com.java.Objects.TestDataDetails@1df8783, 7=com.java.Objects.TestDataDetails@af6cb1, 8=com.java.Objects.TestDataDetails@fc3ac5, 9=com.java.Objects.TestDataDetails@5365d8, 10=com.java.Objects.TestDataDetails@1163a1e, 11=com.java.Objects.TestDataDetails@3f67dc}
[INFO ][2015-12-24 14:58:23,080][com.java.TestType] [  482] -  str(1) = 1
[INFO ][2015-12-24 14:58:23,080][com.java.TestType] [  485] - Test case Id is---1
[INFO ][2015-12-24 14:58:23,080][com.java.TestType] [  487] - 1
[INFO ][2015-12-24 14:58:23,080][com.java.TestType] [  482] -  str(2) = 12
[INFO ][2015-12-24 14:58:23,080][com.java.TestType] [  534] - row values are--------{1=com.java.Objects.TestDataDetails@872ba6, 2=com.java.Objects.TestDataDetails@6cd712, 3=com.java.Objects.TestDataDetails@1e36eb9, 4=com.java.Objects.TestDataDetails@14ced4e, 5=com.java.Objects.TestDataDetails@10ca001, 6=com.java.Objects.TestDataDetails@1df8783, 7=com.java.Objects.TestDataDetails@af6cb1, 8=com.java.Objects.TestDataDetails@fc3ac5, 9=com.java.Objects.TestDataDetails@5365d8, 10=com.java.Objects.TestDataDetails@1163a1e, 11=com.java.Objects.TestDataDetails@3f67dc, 12=com.java.Objects.TestDataDetails@160e715}
[INFO ][2015-12-24 14:58:23,080][com.java.TestType] [  482] -  str(1) = 1
[INFO ][2015-12-24 14:58:23,080][com.java.TestType] [  485] - Test case Id is---1
[INFO ][2015-12-24 14:58:23,080][com.java.TestType] [  487] - 1
[INFO ][2015-12-24 14:58:23,080][com.java.TestType] [  482] -  str(2) = 13
[INFO ][2015-12-24 14:58:23,090][com.java.TestType] [  534] - row values are--------{1=com.java.Objects.TestDataDetails@872ba6, 2=com.java.Objects.TestDataDetails@6cd712, 3=com.java.Objects.TestDataDetails@1e36eb9, 4=com.java.Objects.TestDataDetails@14ced4e, 5=com.java.Objects.TestDataDetails@10ca001, 6=com.java.Objects.TestDataDetails@1df8783, 7=com.java.Objects.TestDataDetails@af6cb1, 8=com.java.Objects.TestDataDetails@fc3ac5, 9=com.java.Objects.TestDataDetails@5365d8, 10=com.java.Objects.TestDataDetails@1163a1e, 11=com.java.Objects.TestDataDetails@3f67dc, 12=com.java.Objects.TestDataDetails@160e715, 13=com.java.Objects.TestDataDetails@147afda}
[INFO ][2015-12-24 14:58:23,090][com.java.TestType] [  482] -  str(1) = 1
[INFO ][2015-12-24 14:58:23,090][com.java.TestType] [  485] - Test case Id is---1
[INFO ][2015-12-24 14:58:23,090][com.java.TestType] [  487] - 1
[INFO ][2015-12-24 14:58:23,090][com.java.TestType] [  482] -  str(2) = 14
[INFO ][2015-12-24 14:58:23,090][com.java.TestType] [  534] - row values are--------{1=com.java.Objects.TestDataDetails@872ba6, 2=com.java.Objects.TestDataDetails@6cd712, 3=com.java.Objects.TestDataDetails@1e36eb9, 4=com.java.Objects.TestDataDetails@14ced4e, 5=com.java.Objects.TestDataDetails@10ca001, 6=com.java.Objects.TestDataDetails@1df8783, 7=com.java.Objects.TestDataDetails@af6cb1, 8=com.java.Objects.TestDataDetails@fc3ac5, 9=com.java.Objects.TestDataDetails@5365d8, 10=com.java.Objects.TestDataDetails@1163a1e, 11=com.java.Objects.TestDataDetails@3f67dc, 12=com.java.Objects.TestDataDetails@160e715, 13=com.java.Objects.TestDataDetails@147afda, 14=com.java.Objects.TestDataDetails@1041974}
[INFO ][2015-12-24 14:58:23,090][com.java.TestType] [  482] -  str(1) = 1
[INFO ][2015-12-24 14:58:23,090][com.java.TestType] [  485] - Test case Id is---1
[INFO ][2015-12-24 14:58:23,090][com.java.TestType] [  487] - 1
[INFO ][2015-12-24 14:58:23,090][com.java.TestType] [  482] -  str(2) = 15
[INFO ][2015-12-24 14:58:23,090][com.java.TestType] [  534] - row values are--------{1=com.java.Objects.TestDataDetails@872ba6, 2=com.java.Objects.TestDataDetails@6cd712, 3=com.java.Objects.TestDataDetails@1e36eb9, 4=com.java.Objects.TestDataDetails@14ced4e, 5=com.java.Objects.TestDataDetails@10ca001, 6=com.java.Objects.TestDataDetails@1df8783, 7=com.java.Objects.TestDataDetails@af6cb1, 8=com.java.Objects.TestDataDetails@fc3ac5, 9=com.java.Objects.TestDataDetails@5365d8, 10=com.java.Objects.TestDataDetails@1163a1e, 11=com.java.Objects.TestDataDetails@3f67dc, 12=com.java.Objects.TestDataDetails@160e715, 13=com.java.Objects.TestDataDetails@147afda, 14=com.java.Objects.TestDataDetails@1041974, 15=com.java.Objects.TestDataDetails@1a4826b}
[INFO ][2015-12-24 14:58:23,090][com.java.TestType] [  482] -  str(1) = 1
[INFO ][2015-12-24 14:58:23,090][com.java.TestType] [  485] - Test case Id is---1
[INFO ][2015-12-24 14:58:23,090][com.java.TestType] [  487] - 1
[INFO ][2015-12-24 14:58:23,090][com.java.TestType] [  482] -  str(2) = 16
[INFO ][2015-12-24 14:58:23,090][com.java.TestType] [  534] - row values are--------{1=com.java.Objects.TestDataDetails@872ba6, 2=com.java.Objects.TestDataDetails@6cd712, 3=com.java.Objects.TestDataDetails@1e36eb9, 4=com.java.Objects.TestDataDetails@14ced4e, 5=com.java.Objects.TestDataDetails@10ca001, 6=com.java.Objects.TestDataDetails@1df8783, 7=com.java.Objects.TestDataDetails@af6cb1, 8=com.java.Objects.TestDataDetails@fc3ac5, 9=com.java.Objects.TestDataDetails@5365d8, 10=com.java.Objects.TestDataDetails@1163a1e, 11=com.java.Objects.TestDataDetails@3f67dc, 12=com.java.Objects.TestDataDetails@160e715, 13=com.java.Objects.TestDataDetails@147afda, 14=com.java.Objects.TestDataDetails@1041974, 15=com.java.Objects.TestDataDetails@1a4826b, 16=com.java.Objects.TestDataDetails@117268b}
[INFO ][2015-12-24 14:58:23,090][com.java.TestType] [10438] - Looping 1TCID = 1
[DEBUG][2015-12-24 14:58:23,090][com.java.TestType] [10479] - Concept ID:1 :: Step being Executed: 1::1
[INFO ][2015-12-24 14:58:23,090][com.java.TestType] [10517] - dataFields : TXTusername
[DEBUG][2015-12-24 14:58:23,090][com.java.TestType] [10523] - <In Set values of the page>
[DEBUG][2015-12-24 14:58:23,090][com.java.TestType] [10528] - {Data Fields & Data Values Exist}
[INFO ][2015-12-24 14:58:23,090][com.java.TestType] [10534] - --------------------------setting values-----------------------------
[INFO ][2015-12-24 14:58:23,090][com.java.TestType] [10537] - Action Type : CLEARANDENTER
[INFO ][2015-12-24 14:58:23,090][com.java.TestType] [ 5657] - value = valuelabs.ie10.33527
[INFO ][2015-12-24 14:58:27,812][com.java.TestType] [10556] -  RESULT true
[INFO ][2015-12-24 14:58:27,812][com.java.TestType] [10673] - ?   P A S S   ?
[DEBUG][2015-12-24 14:58:27,812][com.java.TestType] [10479] - Concept ID:1 :: Step being Executed: 1::2
[INFO ][2015-12-24 14:58:27,812][com.java.TestType] [10517] - dataFields : TXTpassword
[DEBUG][2015-12-24 14:58:27,812][com.java.TestType] [10523] - <In Set values of the page>
[DEBUG][2015-12-24 14:58:27,812][com.java.TestType] [10528] - {Data Fields & Data Values Exist}
[INFO ][2015-12-24 14:58:27,812][com.java.TestType] [10534] - --------------------------setting values-----------------------------
[INFO ][2015-12-24 14:58:27,812][com.java.TestType] [10537] - Action Type : CLEARANDENTER
[INFO ][2015-12-24 14:58:27,812][com.java.TestType] [ 5657] - value = Password1*
[INFO ][2015-12-24 14:58:32,602][com.java.TestType] [10556] -  RESULT true
[INFO ][2015-12-24 14:58:32,602][com.java.TestType] [10673] - ?   P A S S   ?
[DEBUG][2015-12-24 14:58:32,602][com.java.TestType] [10479] - Concept ID:1 :: Step being Executed: 1::3
[ERROR][2015-12-24 14:58:32,602][com.java.TestType] [10512] - Exception: null
[INFO ][2015-12-24 14:58:32,602][com.java.TestType] [10517] - dataFields : XPH//button[@type='submit']
[DEBUG][2015-12-24 14:58:32,602][com.java.TestType] [10523] - <In Set values of the page>
[DEBUG][2015-12-24 14:58:32,602][com.java.TestType] [10528] - {Data Fields & Data Values Exist}
[INFO ][2015-12-24 14:58:32,602][com.java.TestType] [10534] - --------------------------setting values-----------------------------
[INFO ][2015-12-24 14:58:32,602][com.java.TestType] [10537] - Action Type : Click
[INFO ][2015-12-24 14:58:32,602][com.java.TestType] [ 6036] - Field ::XPH//button[@type='submit']
[INFO ][2015-12-24 14:58:32,602][com.java.TestType] [ 5657] - value = 
[INFO ][2015-12-24 14:58:33,602][com.java.TestType] [ 6173] - BEFORE CLICK
[INFO ][2015-12-24 14:58:34,445][com.java.TestType] [ 6181] - Unable to click the object Login
[INFO ][2015-12-24 14:58:34,445][com.java.TestType] [10556] -  RESULT true
[INFO ][2015-12-24 14:58:34,445][com.java.TestType] [10673] - ?   P A S S   ?
[DEBUG][2015-12-24 14:58:34,445][com.java.TestType] [10479] - Concept ID:1 :: Step being Executed: 1::4
[INFO ][2015-12-24 14:58:34,445][com.java.TestType] [10517] - dataFields : LNKLogout
[DEBUG][2015-12-24 14:58:34,445][com.java.TestType] [10523] - <In Set values of the page>
[DEBUG][2015-12-24 14:58:34,445][com.java.TestType] [10528] - {Data Fields & Data Values Exist}
[INFO ][2015-12-24 14:58:34,445][com.java.TestType] [10534] - --------------------------setting values-----------------------------
[INFO ][2015-12-24 14:58:34,445][com.java.TestType] [10537] - Action Type : WaitForElement
[DEBUG][2015-12-24 15:00:03,602][com.java.TestType] [ 6721] - link=Logout   :: Link not Found
[INFO ][2015-12-24 15:00:03,602][com.java.TestType] [10556] -  RESULT false
[INFO ][2015-12-24 15:00:03,602][com.java.TestType] [10594] - ?   F A I L   ?
[DEBUG][2015-12-24 15:00:03,602][com.java.TestType] [10597] - Browser Type : IE10
[DEBUG][2015-12-24 15:00:03,602][com.java.TestType] [10479] - Concept ID:1 :: Step being Executed: 1::5
[INFO ][2015-12-24 15:00:03,602][com.java.TestType] [10517] - dataFields : TTL
[DEBUG][2015-12-24 15:00:03,602][com.java.TestType] [10523] - <In Set values of the page>
[DEBUG][2015-12-24 15:00:03,602][com.java.TestType] [10528] - {Data Fields & Data Values Exist}
[INFO ][2015-12-24 15:00:03,602][com.java.TestType] [10534] - --------------------------setting values-----------------------------
[INFO ][2015-12-24 15:00:03,602][com.java.TestType] [10537] - Action Type : CLOSEWINDOW
[INFO ][2015-12-24 15:00:03,753][com.java.TestType] [10556] -  RESULT false
[INFO ][2015-12-24 15:00:03,753][com.java.TestType] [10594] - ?   F A I L   ?
[DEBUG][2015-12-24 15:00:03,753][com.java.TestType] [10597] - Browser Type : IE10
[INFO ][2015-12-24 15:00:03,753][com.java.SeleniumDriver] [  894] -  RESULT false
[INFO ][2015-12-24 15:00:03,753][com.java.SeleniumDriver] [  941] - ?   F A I L   ?
[INFO ][2015-12-24 15:00:03,753][com.java.SeleniumDriver] [  949] - Browser Type : IE10
[INFO ][2015-12-24 15:00:03,753][com.java.SeleniumDriver] [  950] - Adding Failed case1
[INFO ][2015-12-24 15:00:04,393][com.java.SeleniumDriver] [ 1064] - failedCases = 1
[ERROR][2015-12-24 15:00:04,393][com.java.SeleniumDriver] [ 1561] - Platform Errors : Our apologies...::We have encountered an issue with your request.::Our apologies?:We encountered an issue with your request.
[INFO ][2015-12-24 15:00:04,393][com.java.SeleniumDriver] [ 1565] - Length =3
[ERROR][2015-12-24 15:00:04,393][com.java.SeleniumDriver] [ 1568] - Error 0 = Our apologies...
[ERROR][2015-12-24 15:00:04,423][com.java.SeleniumDriver] [ 1568] - Error 1 = We have encountered an issue with your request.
[ERROR][2015-12-24 15:00:04,443][com.java.SeleniumDriver] [ 1568] - Error 2 = Our apologies?:We encountered an issue with your request.
[INFO ][2015-12-24 15:00:04,463][com.java.SeleniumDriver] [ 1579] - strError:
[DEBUG][2015-12-24 15:00:04,473][com.java.SeleniumDriver] [ 1212] - Case found
[DEBUG][2015-12-24 15:00:04,473][com.java.SeleniumDriver] [ 1217] - Incrementing ReportCounters[0]:1
[INFO ][2015-12-24 15:00:04,473][com.java.SeleniumDriver] [ 1236] - The results are-------------------[1, 1, Valid Login, Fail, 
Test case failed at Step No. :: 1   Error Message ::  In CONCEPT: Test case failed at Step No. :: 5. Screen Shot : D:\BankersDashboard\TestReports\122415\1_122415_150003_IE10.png, Thu Dec 24 15:00:04 IST 2015]
[INFO ][2015-12-24 15:00:04,473][com.java.SeleniumDriver] [ 1240] - End time is-------1 min 56 sec
[INFO ][2015-12-24 15:00:04,473][com.java.SeleniumDriver] [ 1241] - The results are-------------------[1, 1, Valid Login, Fail, 
Test case failed at Step No. :: 1   Error Message ::  In CONCEPT: Test case failed at Step No. :: 5. Screen Shot : D:\BankersDashboard\TestReports\122415\1_122415_150003_IE10.png, Thu Dec 24 15:00:04 IST 2015]
[DEBUG][2015-12-24 15:00:04,473][com.java.ImportnExport.ExportTestResultsExcel] [  222] - testResultPath = D:\BankersDashboard/TestReports/Test Results_BankersDashBoard_122415_145809_IE10_Bank of North Carolina.xls
[DEBUG][2015-12-24 15:00:04,473][com.java.ImportnExport.ExportTestResultsExcel] [  223] - browser is------------IE10
[DEBUG][2015-12-24 15:00:04,513][com.java.ImportnExport.ExportTestResultsExcel] [  270] - result.size() = 6
[DEBUG][2015-12-24 15:00:04,513][com.java.ImportnExport.ExportTestResultsExcel] [  274] - No of rows in sheet=1
[DEBUG][2015-12-24 15:00:04,513][com.java.ImportnExport.ExportTestResultsExcel] [  301] - ..in export..1
[DEBUG][2015-12-24 15:00:04,513][com.java.ImportnExport.ExportTestResultsExcel] [  301] - ..in export..Valid Login
[DEBUG][2015-12-24 15:00:04,513][com.java.ImportnExport.ExportTestResultsExcel] [  301] - ..in export..Fail
[DEBUG][2015-12-24 15:00:04,513][com.java.ImportnExport.ExportTestResultsExcel] [  301] - ..in export..
Test case failed at Step No. :: 1   Error Message ::  In CONCEPT: Test case failed at Step No. :: 5. Screen Shot : D:\BankersDashboard\TestReports\122415\1_122415_150003_IE10.png
[DEBUG][2015-12-24 15:00:04,513][com.java.ImportnExport.ExportTestResultsExcel] [  301] - ..in export..Thu Dec 24 15:00:04 IST 2015
[INFO ][2015-12-24 15:00:04,513][com.java.SeleniumDriver] [ 1299] - out loop:0 size:2 TestCases:[1, 2] testcases:[1, 2]
[INFO ][2015-12-24 15:00:04,513][com.java.ImportnExport.ImportTestDataDetailsExcel] [   49] - test data details path===== D:\BankersDashboard\TestInputs\TestData.xls
[DEBUG][2015-12-24 15:03:46,197][com.java.TestType] [ 6697] - //div[@class='widgetBody']//tr[last()]   :: Element not Found
[INFO ][2015-12-24 15:03:56,199][com.java.SeleniumDriver] [  821] - ------------------------------------------
[INFO ][2015-12-24 15:03:56,199][com.java.SeleniumDriver] [  822] - Test case being Executed: 2
[INFO ][2015-12-24 15:03:56,199][com.java.SeleniumDriver] [  833] - Test step:1
[INFO ][2015-12-24 15:03:56,199][com.java.SeleniumDriver] [  845] - Datavalue is----------Logout
[INFO ][2015-12-24 15:03:56,199][com.java.SeleniumDriver] [  869] - DataField : BTN
[INFO ][2015-12-24 15:03:56,199][com.java.SeleniumDriver] [  871] - DataValue : Logout
[INFO ][2015-12-24 15:03:56,199][com.java.SeleniumDriver] [  877] - <In Set values of the page>
[INFO ][2015-12-24 15:03:56,199][com.java.SeleniumDriver] [  880] - {Data Fields & Data Values Exist}
[INFO ][2015-12-24 15:03:56,199][com.java.SeleniumDriver] [  882] - --------------------------setting values-----------------------------
[INFO ][2015-12-24 15:03:56,199][com.java.SeleniumDriver] [  885] - Action Type : Verify
[INFO ][2015-12-24 15:03:56,199][com.java.TestType] [ 7036] - field= BTN value= Logout
[INFO ][2015-12-24 15:03:56,199][com.java.TestType] [ 5657] - value = Logout
[DEBUG][2015-12-24 15:04:31,852][com.java.TestType] [ 6697] - Logout   :: Element not Found
