[INFO ][2016-01-29 12:32:35,466][com.java.SeleniumDriver] [  213] - Execute Failed Casesfalse
[INFO ][2016-01-29 12:32:35,466][com.java.SeleniumDriver] [  214] - Browser: IE10
[INFO ][2016-01-29 12:32:35,476][com.java.SeleniumDriver] [  215] - [1, 16, 17, 18, 19, 20]
[INFO ][2016-01-29 12:32:35,476][com.java.SeleniumDriver] [  216] - Total TestCases:6
[INFO ][2016-01-29 12:32:35,476][com.java.SeleniumDriver] [  217] -  Reading Properties from Property File 
[DEBUG][2016-01-29 12:32:35,476][com.java.SeleniumDriver] [  238] - url : https://clients-xuat.bankersdashboard.com
[INFO ][2016-01-29 12:32:35,476][com.java.ImportnExport.ExportTestResultsExcel] [  116] - Time Stamp Fri Jan 29 12:32:35 IST 2016
[INFO ][2016-01-29 12:32:35,476][com.java.ImportnExport.ExportTestResultsExcel] [  175] - OUT FILE : D:\BankersDashboard/TestReports/Test Results_BankersDashBoard_012916_123235_IE10_United Bank.xls
[INFO ][2016-01-29 12:32:35,507][com.java.ImportnExport.ExportTestResultsExcel] [  180] - Test Result file is created
[DEBUG][2016-01-29 12:32:35,607][com.java.SeleniumDriver] [  426] - Hub ip address is-------172.17.68.34
[INFO ][2016-01-29 12:32:35,607][com.java.SeleniumDriver] [  452] - Grid URL:http://172.17.68.34:4444/wd/hub
[INFO ][2016-01-29 12:32:35,607][com.java.SeleniumDriver] [  453] - Capability:Capabilities [{platform=ANY, ensureCleanSession=true, ignoreProtectedModeSettings=true, acceptSslCerts=true, ignoreZoomSetting=true, browserName=internet explorer, browserstack.ie.noFlash=true, version=null}]
[ERROR][2016-01-29 12:32:36,907][com.java.SeleniumDriver] [  498] - Unable invoke browser in grid:Could not start a new session. Possible causes are invalid address of the remote server or browser start-up failure.
Build info: version: '2.48.2', revision: '41bccdd', time: '2015-10-09 19:59:12'
System info: host: 'FVTIII438F1D', ip: '172.17.68.34', os.name: 'Windows 7', os.arch: 'x86', os.version: '6.1', java.version: '1.7.0_55'
Driver info: driver.version: SeleniumDriver
[INFO ][2016-01-29 12:32:36,907][com.java.SeleniumDriver] [  500] - Executing on local machine
[INFO ][2016-01-29 12:32:47,347][com.java.SeleniumDriver] [  248] - IE10is opened
[INFO ][2016-01-29 12:32:48,188][com.java.SeleniumDriver] [  756] - Test cases to be executed are: [1, 16, 17, 18, 19, 20]
[INFO ][2016-01-29 12:32:48,212][com.java.ImportnExport.ImportTestDataDetailsExcel] [   49] - test data details path===== D:\BankersDashboard\TestInputs\TestData.xls
[INFO ][2016-01-29 12:32:48,313][com.java.SeleniumDriver] [  856] - ------------------------------------------
[INFO ][2016-01-29 12:32:48,313][com.java.SeleniumDriver] [  857] - Test case being Executed: 1
[INFO ][2016-01-29 12:32:48,313][com.java.SeleniumDriver] [  869] - Test step:1
[INFO ][2016-01-29 12:32:48,313][com.java.SeleniumDriver] [  881] - Datavalue is----------Concept#1:1-16
[INFO ][2016-01-29 12:32:48,313][com.java.SeleniumDriver] [  905] - DataField : test
[INFO ][2016-01-29 12:32:48,314][com.java.SeleniumDriver] [  907] - DataValue : Concept#1:1-16
[INFO ][2016-01-29 12:32:48,314][com.java.SeleniumDriver] [  913] - <In Set values of the page>
[INFO ][2016-01-29 12:32:48,314][com.java.SeleniumDriver] [  916] - {Data Fields & Data Values Exist}
[INFO ][2016-01-29 12:32:48,314][com.java.SeleniumDriver] [  918] - --------------------------setting values-----------------------------
[INFO ][2016-01-29 12:32:48,314][com.java.SeleniumDriver] [  921] - Action Type : ExecuteTestCase
[INFO ][2016-01-29 12:32:48,332][com.java.TestType] [  442] - The Concept sheet name is ---------- Concept
[INFO ][2016-01-29 12:32:48,332][com.java.TestType] [  445] - The Concept ID  is ---------- 1
[DEBUG][2016-01-29 12:32:48,332][com.java.TestType] [  449] - Steps being executted in the Concept are: 1:16
[INFO ][2016-01-29 12:32:48,333][com.java.TestType] [  456] - Test data details path ---------- D:\BankersDashboard\TestInputs\TestData.xls
[INFO ][2016-01-29 12:32:48,371][com.java.TestType] [  487] -  str(1) = 1
[INFO ][2016-01-29 12:32:48,371][com.java.TestType] [  490] - Test case Id is---1
[INFO ][2016-01-29 12:32:48,371][com.java.TestType] [  492] - 1
[INFO ][2016-01-29 12:32:48,371][com.java.TestType] [  487] -  str(2) = 1
[INFO ][2016-01-29 12:32:48,374][com.java.TestType] [  487] -  str(1) = 1
[INFO ][2016-01-29 12:32:48,374][com.java.TestType] [  490] - Test case Id is---1
[INFO ][2016-01-29 12:32:48,374][com.java.TestType] [  492] - 1
[INFO ][2016-01-29 12:32:48,374][com.java.TestType] [  487] -  str(2) = 2
[INFO ][2016-01-29 12:32:48,376][com.java.TestType] [  487] -  str(1) = 1
[INFO ][2016-01-29 12:32:48,377][com.java.TestType] [  490] - Test case Id is---1
[INFO ][2016-01-29 12:32:48,377][com.java.TestType] [  492] - 1
[INFO ][2016-01-29 12:32:48,378][com.java.TestType] [  487] -  str(2) = 3
[INFO ][2016-01-29 12:32:48,379][com.java.TestType] [  487] -  str(1) = 1
[INFO ][2016-01-29 12:32:48,379][com.java.TestType] [  490] - Test case Id is---1
[INFO ][2016-01-29 12:32:48,379][com.java.TestType] [  492] - 1
[INFO ][2016-01-29 12:32:48,379][com.java.TestType] [  487] -  str(2) = 4
[INFO ][2016-01-29 12:32:48,381][com.java.TestType] [  487] -  str(1) = 1
[INFO ][2016-01-29 12:32:48,381][com.java.TestType] [  490] - Test case Id is---1
[INFO ][2016-01-29 12:32:48,381][com.java.TestType] [  492] - 1
[INFO ][2016-01-29 12:32:48,381][com.java.TestType] [  487] -  str(2) = 5
[INFO ][2016-01-29 12:32:48,382][com.java.TestType] [  487] -  str(1) = 1
[INFO ][2016-01-29 12:32:48,382][com.java.TestType] [  490] - Test case Id is---1
[INFO ][2016-01-29 12:32:48,382][com.java.TestType] [  492] - 1
[INFO ][2016-01-29 12:32:48,383][com.java.TestType] [  487] -  str(2) = 6
[INFO ][2016-01-29 12:32:48,385][com.java.TestType] [  487] -  str(1) = 1
[INFO ][2016-01-29 12:32:48,385][com.java.TestType] [  490] - Test case Id is---1
[INFO ][2016-01-29 12:32:48,385][com.java.TestType] [  492] - 1
[INFO ][2016-01-29 12:32:48,385][com.java.TestType] [  487] -  str(2) = 7
[INFO ][2016-01-29 12:32:48,386][com.java.TestType] [  487] -  str(1) = 1
[INFO ][2016-01-29 12:32:48,386][com.java.TestType] [  490] - Test case Id is---1
[INFO ][2016-01-29 12:32:48,386][com.java.TestType] [  492] - 1
[INFO ][2016-01-29 12:32:48,386][com.java.TestType] [  487] -  str(2) = 8
[INFO ][2016-01-29 12:32:48,387][com.java.TestType] [  487] -  str(1) = 1
[INFO ][2016-01-29 12:32:48,388][com.java.TestType] [  490] - Test case Id is---1
[INFO ][2016-01-29 12:32:48,388][com.java.TestType] [  492] - 1
[INFO ][2016-01-29 12:32:48,388][com.java.TestType] [  487] -  str(2) = 9
[INFO ][2016-01-29 12:32:48,389][com.java.TestType] [  487] -  str(1) = 1
[INFO ][2016-01-29 12:32:48,389][com.java.TestType] [  490] - Test case Id is---1
[INFO ][2016-01-29 12:32:48,389][com.java.TestType] [  492] - 1
[INFO ][2016-01-29 12:32:48,389][com.java.TestType] [  487] -  str(2) = 10
[INFO ][2016-01-29 12:32:48,390][com.java.TestType] [  487] -  str(1) = 1
[INFO ][2016-01-29 12:32:48,390][com.java.TestType] [  490] - Test case Id is---1
[INFO ][2016-01-29 12:32:48,390][com.java.TestType] [  492] - 1
[INFO ][2016-01-29 12:32:48,390][com.java.TestType] [  487] -  str(2) = 11
[INFO ][2016-01-29 12:32:48,391][com.java.TestType] [  487] -  str(1) = 1
[INFO ][2016-01-29 12:32:48,392][com.java.TestType] [  490] - Test case Id is---1
[INFO ][2016-01-29 12:32:48,392][com.java.TestType] [  492] - 1
[INFO ][2016-01-29 12:32:48,392][com.java.TestType] [  487] -  str(2) = 12
[INFO ][2016-01-29 12:32:48,393][com.java.TestType] [  487] -  str(1) = 1
[INFO ][2016-01-29 12:32:48,393][com.java.TestType] [  490] - Test case Id is---1
[INFO ][2016-01-29 12:32:48,393][com.java.TestType] [  492] - 1
[INFO ][2016-01-29 12:32:48,393][com.java.TestType] [  487] -  str(2) = 13
[INFO ][2016-01-29 12:32:48,394][com.java.TestType] [  487] -  str(1) = 1
[INFO ][2016-01-29 12:32:48,394][com.java.TestType] [  490] - Test case Id is---1
[INFO ][2016-01-29 12:32:48,394][com.java.TestType] [  492] - 1
[INFO ][2016-01-29 12:32:48,394][com.java.TestType] [  487] -  str(2) = 14
[INFO ][2016-01-29 12:32:48,395][com.java.TestType] [  487] -  str(1) = 1
[INFO ][2016-01-29 12:32:48,395][com.java.TestType] [  490] - Test case Id is---1
[INFO ][2016-01-29 12:32:48,395][com.java.TestType] [  492] - 1
[INFO ][2016-01-29 12:32:48,395][com.java.TestType] [  487] -  str(2) = 15
[INFO ][2016-01-29 12:32:48,396][com.java.TestType] [  487] -  str(1) = 1
[INFO ][2016-01-29 12:32:48,396][com.java.TestType] [  490] - Test case Id is---1
[INFO ][2016-01-29 12:32:48,396][com.java.TestType] [  492] - 1
[INFO ][2016-01-29 12:32:48,396][com.java.TestType] [  487] -  str(2) = 16
[INFO ][2016-01-29 12:32:48,398][com.java.TestType] [11700] - Looping 1TCID = 1
[DEBUG][2016-01-29 12:32:48,398][com.java.TestType] [11741] - Concept ID:1 :: Step being Executed: 1::1
[INFO ][2016-01-29 12:32:48,399][com.java.TestType] [11779] - dataFields : TXTusername
[DEBUG][2016-01-29 12:32:48,399][com.java.TestType] [11785] - <In Set values of the page>
[DEBUG][2016-01-29 12:32:48,399][com.java.TestType] [11790] - {Data Fields & Data Values Exist}
[INFO ][2016-01-29 12:32:48,399][com.java.TestType] [11796] - --------------------------setting values-----------------------------
[INFO ][2016-01-29 12:32:48,399][com.java.TestType] [11799] - Action Type : CLEARANDENTER
[INFO ][2016-01-29 12:32:50,737][com.java.TestType] [ 6440] - value = valuelabs.ie10.00058
[INFO ][2016-01-29 12:32:53,132][com.java.TestType] [11818] -  RESULT true
[INFO ][2016-01-29 12:32:53,132][com.java.TestType] [11935] - ?   P A S S   ?
[DEBUG][2016-01-29 12:32:53,132][com.java.TestType] [11741] - Concept ID:1 :: Step being Executed: 1::2
[INFO ][2016-01-29 12:32:53,132][com.java.TestType] [11779] - dataFields : TXTpassword
[DEBUG][2016-01-29 12:32:53,132][com.java.TestType] [11785] - <In Set values of the page>
[DEBUG][2016-01-29 12:32:53,132][com.java.TestType] [11790] - {Data Fields & Data Values Exist}
[INFO ][2016-01-29 12:32:53,133][com.java.TestType] [11796] - --------------------------setting values-----------------------------
[INFO ][2016-01-29 12:32:53,133][com.java.TestType] [11799] - Action Type : CLEARANDENTER
[INFO ][2016-01-29 12:32:55,389][com.java.TestType] [ 6440] - value = Password1*
[INFO ][2016-01-29 12:32:57,906][com.java.TestType] [11818] -  RESULT true
[INFO ][2016-01-29 12:32:57,906][com.java.TestType] [11935] - ?   P A S S   ?
[DEBUG][2016-01-29 12:32:57,906][com.java.TestType] [11741] - Concept ID:1 :: Step being Executed: 1::3
[ERROR][2016-01-29 12:32:57,906][com.java.TestType] [11774] - Exception: null
[INFO ][2016-01-29 12:32:57,906][com.java.TestType] [11779] - dataFields : XPH//button[@type='submit']
[DEBUG][2016-01-29 12:32:57,906][com.java.TestType] [11785] - <In Set values of the page>
[DEBUG][2016-01-29 12:32:57,907][com.java.TestType] [11790] - {Data Fields & Data Values Exist}
[INFO ][2016-01-29 12:32:57,907][com.java.TestType] [11796] - --------------------------setting values-----------------------------
[INFO ][2016-01-29 12:32:57,907][com.java.TestType] [11799] - Action Type : Click
[INFO ][2016-01-29 12:32:57,907][com.java.TestType] [ 6819] - Field ::XPH//button[@type='submit']
[INFO ][2016-01-29 12:32:57,907][com.java.TestType] [ 6440] - value = 
[INFO ][2016-01-29 12:32:58,907][com.java.TestType] [ 6992] - BEFORE CLICK
[INFO ][2016-01-29 12:32:59,757][com.java.TestType] [ 7000] - Unable to click the object Login
[INFO ][2016-01-29 12:32:59,757][com.java.TestType] [11818] -  RESULT true
[INFO ][2016-01-29 12:32:59,757][com.java.TestType] [11935] - ?   P A S S   ?
[DEBUG][2016-01-29 12:32:59,757][com.java.TestType] [11741] - Concept ID:1 :: Step being Executed: 1::4
[INFO ][2016-01-29 12:32:59,757][com.java.TestType] [11779] - dataFields : LNKLogout
[DEBUG][2016-01-29 12:32:59,757][com.java.TestType] [11785] - <In Set values of the page>
[DEBUG][2016-01-29 12:32:59,757][com.java.TestType] [11790] - {Data Fields & Data Values Exist}
[INFO ][2016-01-29 12:32:59,757][com.java.TestType] [11796] - --------------------------setting values-----------------------------
[INFO ][2016-01-29 12:32:59,757][com.java.TestType] [11799] - Action Type : WaitForElement
[INFO ][2016-01-29 12:33:03,079][com.java.TestType] [11818] -  RESULT true
[INFO ][2016-01-29 12:33:03,079][com.java.TestType] [11935] - ?   P A S S   ?
[DEBUG][2016-01-29 12:33:03,080][com.java.TestType] [11741] - Concept ID:1 :: Step being Executed: 1::15
[INFO ][2016-01-29 12:33:03,080][com.java.TestType] [11779] - dataFields : LNK
[DEBUG][2016-01-29 12:33:03,080][com.java.TestType] [11785] - <In Set values of the page>
[DEBUG][2016-01-29 12:33:03,080][com.java.TestType] [11790] - {Data Fields & Data Values Exist}
[INFO ][2016-01-29 12:33:03,080][com.java.TestType] [11796] - --------------------------setting values-----------------------------
[INFO ][2016-01-29 12:33:03,080][com.java.TestType] [11799] - Action Type : Verify
[INFO ][2016-01-29 12:33:03,080][com.java.TestType] [ 8040] - field= LNK value= Logout
[INFO ][2016-01-29 12:33:03,083][com.java.TestType] [ 6440] - value = Logout
[INFO ][2016-01-29 12:33:03,119][com.java.TestType] [11818] -  RESULT true
[INFO ][2016-01-29 12:33:03,119][com.java.TestType] [11935] - ?   P A S S   ?
[DEBUG][2016-01-29 12:33:03,119][com.java.TestType] [11741] - Concept ID:1 :: Step being Executed: 1::16
[INFO ][2016-01-29 12:33:03,119][com.java.TestType] [11779] - dataFields : BTN
[DEBUG][2016-01-29 12:33:03,120][com.java.TestType] [11785] - <In Set values of the page>
[DEBUG][2016-01-29 12:33:03,120][com.java.TestType] [11790] - {Data Fields & Data Values Exist}
[INFO ][2016-01-29 12:33:03,120][com.java.TestType] [11796] - --------------------------setting values-----------------------------
[INFO ][2016-01-29 12:33:03,120][com.java.TestType] [11799] - Action Type : Verify
[INFO ][2016-01-29 12:33:03,120][com.java.TestType] [ 8040] - field= BTN value= //img[contains(@src,'bdlogo.jpg')]
[INFO ][2016-01-29 12:33:03,120][com.java.TestType] [ 6440] - value = //img[contains(@src,'bdlogo.jpg')]
[INFO ][2016-01-29 12:33:03,182][com.java.TestType] [11818] -  RESULT true
[INFO ][2016-01-29 12:33:03,182][com.java.TestType] [11935] - ?   P A S S   ?
[INFO ][2016-01-29 12:33:03,182][com.java.TestType] [12006] - Looping End......
[INFO ][2016-01-29 12:33:03,186][com.java.SeleniumDriver] [  930] -  RESULT true
[INFO ][2016-01-29 12:33:03,186][com.java.SeleniumDriver] [ 1136] - ?   P A S S   ?
[INFO ][2016-01-29 12:33:03,186][com.java.SeleniumDriver] [  856] - ------------------------------------------
[INFO ][2016-01-29 12:33:03,186][com.java.SeleniumDriver] [  857] - Test case being Executed: 1
[INFO ][2016-01-29 12:33:03,186][com.java.SeleniumDriver] [  869] - Test step:2
[INFO ][2016-01-29 12:33:03,187][com.java.SeleniumDriver] [  881] - Datavalue is----------Concept#2:1-2
[INFO ][2016-01-29 12:33:03,187][com.java.SeleniumDriver] [  905] - DataField : test
[INFO ][2016-01-29 12:33:03,187][com.java.SeleniumDriver] [  907] - DataValue : Concept#2:1-2
[INFO ][2016-01-29 12:33:03,187][com.java.SeleniumDriver] [  913] - <In Set values of the page>
[INFO ][2016-01-29 12:33:03,187][com.java.SeleniumDriver] [  916] - {Data Fields & Data Values Exist}
[INFO ][2016-01-29 12:33:03,187][com.java.SeleniumDriver] [  918] - --------------------------setting values-----------------------------
[INFO ][2016-01-29 12:33:03,187][com.java.SeleniumDriver] [  921] - Action Type : ExecuteTestCase
[INFO ][2016-01-29 12:33:03,187][com.java.TestType] [  442] - The Concept sheet name is ---------- Concept
[INFO ][2016-01-29 12:33:03,187][com.java.TestType] [  445] - The Concept ID  is ---------- 2
[DEBUG][2016-01-29 12:33:03,188][com.java.TestType] [  449] - Steps being executted in the Concept are: 1:2
[INFO ][2016-01-29 12:33:03,188][com.java.TestType] [  456] - Test data details path ---------- D:\BankersDashboard\TestInputs\TestData.xls
[INFO ][2016-01-29 12:33:03,220][com.java.TestType] [  487] -  str(1) = 2
[INFO ][2016-01-29 12:33:03,220][com.java.TestType] [  490] - Test case Id is---2
[INFO ][2016-01-29 12:33:03,220][com.java.TestType] [  492] - 2
[INFO ][2016-01-29 12:33:03,220][com.java.TestType] [  487] -  str(2) = 1
[INFO ][2016-01-29 12:33:03,222][com.java.TestType] [  487] -  str(1) = 2
[INFO ][2016-01-29 12:33:03,222][com.java.TestType] [  490] - Test case Id is---2
[INFO ][2016-01-29 12:33:03,222][com.java.TestType] [  492] - 2
[INFO ][2016-01-29 12:33:03,222][com.java.TestType] [  487] -  str(2) = 2
[INFO ][2016-01-29 12:33:03,223][com.java.TestType] [  487] -  str(1) = 2
[INFO ][2016-01-29 12:33:03,223][com.java.TestType] [  490] - Test case Id is---2
[INFO ][2016-01-29 12:33:03,223][com.java.TestType] [  492] - 2
[INFO ][2016-01-29 12:33:03,223][com.java.TestType] [  487] -  str(2) = 3
[INFO ][2016-01-29 12:33:03,224][com.java.TestType] [11700] - Looping 1TCID = 2
[DEBUG][2016-01-29 12:33:03,224][com.java.TestType] [11741] - Concept ID:2 :: Step being Executed: 2::1
[INFO ][2016-01-29 12:33:03,224][com.java.TestType] [11779] - dataFields : BNK//select[@id='bank']
[DEBUG][2016-01-29 12:33:03,224][com.java.TestType] [11785] - <In Set values of the page>
[DEBUG][2016-01-29 12:33:03,224][com.java.TestType] [11790] - {Data Fields & Data Values Exist}
[INFO ][2016-01-29 12:33:03,224][com.java.TestType] [11796] - --------------------------setting values-----------------------------
[INFO ][2016-01-29 12:33:03,224][com.java.TestType] [11799] - Action Type : Select
[INFO ][2016-01-29 12:33:03,224][com.java.TestType] [ 6440] - value = PFC
[INFO ][2016-01-29 12:33:03,408][com.java.TestType] [11818] -  RESULT true
[INFO ][2016-01-29 12:33:03,408][com.java.TestType] [11935] - ?   P A S S   ?
[DEBUG][2016-01-29 12:33:03,408][com.java.TestType] [11741] - Concept ID:2 :: Step being Executed: 2::2
[INFO ][2016-01-29 12:33:03,408][com.java.TestType] [11779] - dataFields : LNKLogout
[DEBUG][2016-01-29 12:33:03,408][com.java.TestType] [11785] - <In Set values of the page>
[DEBUG][2016-01-29 12:33:03,408][com.java.TestType] [11790] - {Data Fields & Data Values Exist}
[INFO ][2016-01-29 12:33:03,409][com.java.TestType] [11796] - --------------------------setting values-----------------------------
[INFO ][2016-01-29 12:33:03,409][com.java.TestType] [11799] - Action Type : WaitTime
[DEBUG][2016-01-29 12:33:03,409][com.java.TestType] [ 6254] - sleepTime: 5000
[INFO ][2016-01-29 12:33:08,409][com.java.TestType] [11818] -  RESULT true
[INFO ][2016-01-29 12:33:08,409][com.java.TestType] [11935] - ?   P A S S   ?
[INFO ][2016-01-29 12:33:08,409][com.java.TestType] [12006] - Looping End......
[INFO ][2016-01-29 12:33:08,413][com.java.SeleniumDriver] [  930] -  RESULT true
[INFO ][2016-01-29 12:33:08,413][com.java.SeleniumDriver] [ 1136] - ?   P A S S   ?
[INFO ][2016-01-29 12:33:08,413][com.java.SeleniumDriver] [  856] - ------------------------------------------
[INFO ][2016-01-29 12:33:08,413][com.java.SeleniumDriver] [  857] - Test case being Executed: 1
[INFO ][2016-01-29 12:33:08,413][com.java.SeleniumDriver] [  869] - Test step:3
[INFO ][2016-01-29 12:33:08,413][com.java.SeleniumDriver] [  881] - Datavalue is----------2
[INFO ][2016-01-29 12:33:08,413][com.java.SeleniumDriver] [  905] - DataField : XPH//button[contains(text(),'Add Content')]
[INFO ][2016-01-29 12:33:08,413][com.java.SeleniumDriver] [  907] - DataValue : 2
[INFO ][2016-01-29 12:33:08,414][com.java.SeleniumDriver] [  913] - <In Set values of the page>
[INFO ][2016-01-29 12:33:08,414][com.java.SeleniumDriver] [  916] - {Data Fields & Data Values Exist}
[INFO ][2016-01-29 12:33:08,414][com.java.SeleniumDriver] [  918] - --------------------------setting values-----------------------------
[INFO ][2016-01-29 12:33:08,414][com.java.SeleniumDriver] [  921] - Action Type : WAITFORELEMENT
[INFO ][2016-01-29 12:33:08,453][com.java.SeleniumDriver] [  930] -  RESULT true
[INFO ][2016-01-29 12:33:08,453][com.java.SeleniumDriver] [ 1136] - ?   P A S S   ?
[DEBUG][2016-01-29 12:33:08,453][com.java.SeleniumDriver] [ 1248] - Case found
[DEBUG][2016-01-29 12:33:08,453][com.java.SeleniumDriver] [ 1253] - Incrementing ReportCounters[0]:1
[INFO ][2016-01-29 12:33:08,453][com.java.SeleniumDriver] [ 1272] - The results are-------------------[1, 1, Valid Login, Pass, , Fri Jan 29 12:33:03 IST 2016, 1, 2, Valid Login, Pass, , Fri Jan 29 12:33:08 IST 2016, 1, 3, Valid Login, Pass, , Fri Jan 29 12:33:08 IST 2016]
[INFO ][2016-01-29 12:33:08,454][com.java.SeleniumDriver] [ 1276] - End time is-------35 sec
[INFO ][2016-01-29 12:33:08,454][com.java.SeleniumDriver] [ 1277] - The results are-------------------[1, 1, Valid Login, Pass, , Fri Jan 29 12:33:03 IST 2016, 1, 2, Valid Login, Pass, , Fri Jan 29 12:33:08 IST 2016, 1, 3, Valid Login, Pass, , Fri Jan 29 12:33:08 IST 2016]
[DEBUG][2016-01-29 12:33:08,454][com.java.ImportnExport.ExportTestResultsExcel] [  222] - testResultPath = D:\BankersDashboard/TestReports/Test Results_BankersDashBoard_012916_123235_IE10_United Bank.xls
[DEBUG][2016-01-29 12:33:08,454][com.java.ImportnExport.ExportTestResultsExcel] [  223] - browser is------------IE10
[DEBUG][2016-01-29 12:33:08,499][com.java.ImportnExport.ExportTestResultsExcel] [  270] - result.size() = 18
[DEBUG][2016-01-29 12:33:08,499][com.java.ImportnExport.ExportTestResultsExcel] [  274] - No of rows in sheet=1
[DEBUG][2016-01-29 12:33:08,500][com.java.ImportnExport.ExportTestResultsExcel] [  301] - ..in export..1
[DEBUG][2016-01-29 12:33:08,500][com.java.ImportnExport.ExportTestResultsExcel] [  301] - ..in export..Valid Login
[DEBUG][2016-01-29 12:33:08,500][com.java.ImportnExport.ExportTestResultsExcel] [  301] - ..in export..Pass
[DEBUG][2016-01-29 12:33:08,500][com.java.ImportnExport.ExportTestResultsExcel] [  301] - ..in export..
[DEBUG][2016-01-29 12:33:08,500][com.java.ImportnExport.ExportTestResultsExcel] [  301] - ..in export..Fri Jan 29 12:33:03 IST 2016
[INFO ][2016-01-29 12:33:08,502][com.java.SeleniumDriver] [ 1337] - out loop:0 size:6 TestCases:[1, 16, 17, 18, 19, 20] testcases:[1, 16, 17, 18, 19, 20]
[INFO ][2016-01-29 12:33:08,502][com.java.ImportnExport.ImportTestDataDetailsExcel] [   49] - test data details path===== D:\BankersDashboard\TestInputs\TestData.xls
[INFO ][2016-01-29 12:33:31,363][com.java.SeleniumDriver] [  856] - ------------------------------------------
[INFO ][2016-01-29 12:33:31,363][com.java.SeleniumDriver] [  857] - Test case being Executed: 16
[INFO ][2016-01-29 12:33:31,363][com.java.SeleniumDriver] [  869] - Test step:1
[INFO ][2016-01-29 12:33:31,363][com.java.SeleniumDriver] [  881] - Datavalue is----------Logout
[INFO ][2016-01-29 12:33:31,363][com.java.SeleniumDriver] [  905] - DataField : BTN
[INFO ][2016-01-29 12:33:31,363][com.java.SeleniumDriver] [  907] - DataValue : Logout
[INFO ][2016-01-29 12:33:31,363][com.java.SeleniumDriver] [  913] - <In Set values of the page>
[INFO ][2016-01-29 12:33:31,363][com.java.SeleniumDriver] [  916] - {Data Fields & Data Values Exist}
[INFO ][2016-01-29 12:33:31,363][com.java.SeleniumDriver] [  918] - --------------------------setting values-----------------------------
[INFO ][2016-01-29 12:33:31,363][com.java.SeleniumDriver] [  921] - Action Type : Verify
[INFO ][2016-01-29 12:33:31,363][com.java.TestType] [ 8040] - field= BTN value= Logout
[INFO ][2016-01-29 12:33:31,363][com.java.TestType] [ 6440] - value = Logout
[INFO ][2016-01-29 12:33:31,432][com.java.SeleniumDriver] [  930] -  RESULT true
[INFO ][2016-01-29 12:33:31,432][com.java.SeleniumDriver] [ 1136] - ?   P A S S   ?
[INFO ][2016-01-29 12:33:31,432][com.java.SeleniumDriver] [ 1178] - step change to 3
[INFO ][2016-01-29 12:33:31,432][com.java.SeleniumDriver] [  856] - ------------------------------------------
[INFO ][2016-01-29 12:33:31,432][com.java.SeleniumDriver] [  857] - Test case being Executed: 16
[INFO ][2016-01-29 12:33:31,432][com.java.SeleniumDriver] [  869] - Test step:3
[INFO ][2016-01-29 12:33:31,432][com.java.SeleniumDriver] [  881] - Datavalue is----------Concept#2:1-2
[INFO ][2016-01-29 12:33:31,432][com.java.SeleniumDriver] [  905] - DataField : test
[INFO ][2016-01-29 12:33:31,433][com.java.SeleniumDriver] [  907] - DataValue : Concept#2:1-2
[INFO ][2016-01-29 12:33:31,433][com.java.SeleniumDriver] [  913] - <In Set values of the page>
[INFO ][2016-01-29 12:33:31,433][com.java.SeleniumDriver] [  916] - {Data Fields & Data Values Exist}
[INFO ][2016-01-29 12:33:31,433][com.java.SeleniumDriver] [  918] - --------------------------setting values-----------------------------
[INFO ][2016-01-29 12:33:31,433][com.java.SeleniumDriver] [  921] - Action Type : ExecuteTestCase
[INFO ][2016-01-29 12:33:31,433][com.java.TestType] [  442] - The Concept sheet name is ---------- Concept
[INFO ][2016-01-29 12:33:31,433][com.java.TestType] [  445] - The Concept ID  is ---------- 2
[DEBUG][2016-01-29 12:33:31,433][com.java.TestType] [  449] - Steps being executted in the Concept are: 1:2
[INFO ][2016-01-29 12:33:31,433][com.java.TestType] [  456] - Test data details path ---------- D:\BankersDashboard\TestInputs\TestData.xls
[INFO ][2016-01-29 12:33:31,467][com.java.TestType] [  487] -  str(1) = 2
[INFO ][2016-01-29 12:33:31,467][com.java.TestType] [  490] - Test case Id is---2
[INFO ][2016-01-29 12:33:31,467][com.java.TestType] [  492] - 2
[INFO ][2016-01-29 12:33:31,467][com.java.TestType] [  487] -  str(2) = 1
[INFO ][2016-01-29 12:33:31,469][com.java.TestType] [  487] -  str(1) = 2
[INFO ][2016-01-29 12:33:31,469][com.java.TestType] [  490] - Test case Id is---2
[INFO ][2016-01-29 12:33:31,469][com.java.TestType] [  492] - 2
[INFO ][2016-01-29 12:33:31,469][com.java.TestType] [  487] -  str(2) = 2
[INFO ][2016-01-29 12:33:31,469][com.java.TestType] [  487] -  str(1) = 2
[INFO ][2016-01-29 12:33:31,469][com.java.TestType] [  490] - Test case Id is---2
[INFO ][2016-01-29 12:33:31,470][com.java.TestType] [  492] - 2
[INFO ][2016-01-29 12:33:31,470][com.java.TestType] [  487] -  str(2) = 3
[INFO ][2016-01-29 12:33:31,470][com.java.TestType] [11700] - Looping 1TCID = 2
[DEBUG][2016-01-29 12:33:31,470][com.java.TestType] [11741] - Concept ID:2 :: Step being Executed: 2::1
[INFO ][2016-01-29 12:33:31,470][com.java.TestType] [11779] - dataFields : BNK//select[@id='bank']
[DEBUG][2016-01-29 12:33:31,471][com.java.TestType] [11785] - <In Set values of the page>
[DEBUG][2016-01-29 12:33:31,471][com.java.TestType] [11790] - {Data Fields & Data Values Exist}
[INFO ][2016-01-29 12:33:31,471][com.java.TestType] [11796] - --------------------------setting values-----------------------------
[INFO ][2016-01-29 12:33:31,471][com.java.TestType] [11799] - Action Type : Select
[INFO ][2016-01-29 12:33:31,471][com.java.TestType] [ 6440] - value = PFC
[INFO ][2016-01-29 12:33:31,706][com.java.TestType] [11818] -  RESULT true
[INFO ][2016-01-29 12:33:31,706][com.java.TestType] [11935] - ?   P A S S   ?
[DEBUG][2016-01-29 12:33:31,706][com.java.TestType] [11741] - Concept ID:2 :: Step being Executed: 2::2
[INFO ][2016-01-29 12:33:31,706][com.java.TestType] [11779] - dataFields : LNKLogout
[DEBUG][2016-01-29 12:33:31,706][com.java.TestType] [11785] - <In Set values of the page>
[DEBUG][2016-01-29 12:33:31,706][com.java.TestType] [11790] - {Data Fields & Data Values Exist}
[INFO ][2016-01-29 12:33:31,706][com.java.TestType] [11796] - --------------------------setting values-----------------------------
[INFO ][2016-01-29 12:33:31,706][com.java.TestType] [11799] - Action Type : WaitTime
[DEBUG][2016-01-29 12:33:31,706][com.java.TestType] [ 6254] - sleepTime: 5000
[INFO ][2016-01-29 12:33:36,706][com.java.TestType] [11818] -  RESULT true
[INFO ][2016-01-29 12:33:36,706][com.java.TestType] [11935] - ?   P A S S   ?
[INFO ][2016-01-29 12:33:36,706][com.java.TestType] [12006] - Looping End......
[INFO ][2016-01-29 12:33:36,710][com.java.SeleniumDriver] [  930] -  RESULT true
[INFO ][2016-01-29 12:33:36,710][com.java.SeleniumDriver] [ 1136] - ?   P A S S   ?
[INFO ][2016-01-29 12:33:36,710][com.java.SeleniumDriver] [  856] - ------------------------------------------
[INFO ][2016-01-29 12:33:36,710][com.java.SeleniumDriver] [  857] - Test case being Executed: 16
[INFO ][2016-01-29 12:33:36,710][com.java.SeleniumDriver] [  869] - Test step:4
[INFO ][2016-01-29 12:33:36,710][com.java.SeleniumDriver] [  881] - Datavalue is----------null
[DEBUG][2016-01-29 12:33:36,710][com.java.SeleniumDriver] [  899] - Exception: null
[INFO ][2016-01-29 12:33:36,710][com.java.SeleniumDriver] [  905] - DataField : //span[@class='icon-cog2']&&//a[@data-id="UserSettings"]
[INFO ][2016-01-29 12:33:36,712][com.java.SeleniumDriver] [  907] - DataValue : 
[INFO ][2016-01-29 12:33:36,712][com.java.SeleniumDriver] [  913] - <In Set values of the page>
[INFO ][2016-01-29 12:33:36,712][com.java.SeleniumDriver] [  916] - {Data Fields & Data Values Exist}
[INFO ][2016-01-29 12:33:36,712][com.java.SeleniumDriver] [  918] - --------------------------setting values-----------------------------
[INFO ][2016-01-29 12:33:36,712][com.java.SeleniumDriver] [  921] - Action Type : MOUSEOVER
[INFO ][2016-01-29 12:34:17,771][com.java.SeleniumDriver] [  930] -  RESULT true
[INFO ][2016-01-29 12:34:17,771][com.java.SeleniumDriver] [ 1136] - ?   P A S S   ?
[INFO ][2016-01-29 12:34:17,772][com.java.SeleniumDriver] [  856] - ------------------------------------------
[INFO ][2016-01-29 12:34:17,772][com.java.SeleniumDriver] [  857] - Test case being Executed: 16
[INFO ][2016-01-29 12:34:17,772][com.java.SeleniumDriver] [  869] - Test step:5
[INFO ][2016-01-29 12:34:17,772][com.java.SeleniumDriver] [  881] - Datavalue is----------1
[INFO ][2016-01-29 12:34:17,772][com.java.SeleniumDriver] [  905] - DataField : BTNframeDialogContent
[INFO ][2016-01-29 12:34:17,772][com.java.SeleniumDriver] [  907] - DataValue : 1
[INFO ][2016-01-29 12:34:17,772][com.java.SeleniumDriver] [  913] - <In Set values of the page>
[INFO ][2016-01-29 12:34:17,772][com.java.SeleniumDriver] [  916] - {Data Fields & Data Values Exist}
[INFO ][2016-01-29 12:34:17,772][com.java.SeleniumDriver] [  918] - --------------------------setting values-----------------------------
[INFO ][2016-01-29 12:34:17,772][com.java.SeleniumDriver] [  921] - Action Type : WaitForElement
[INFO ][2016-01-29 12:34:19,075][com.java.SeleniumDriver] [  930] -  RESULT true
[INFO ][2016-01-29 12:34:19,075][com.java.SeleniumDriver] [ 1136] - ?   P A S S   ?
[INFO ][2016-01-29 12:34:19,075][com.java.SeleniumDriver] [  856] - ------------------------------------------
[INFO ][2016-01-29 12:34:19,075][com.java.SeleniumDriver] [  857] - Test case being Executed: 16
[INFO ][2016-01-29 12:34:19,076][com.java.SeleniumDriver] [  869] - Test step:6
[INFO ][2016-01-29 12:34:19,076][com.java.SeleniumDriver] [  881] - Datavalue is----------null
[DEBUG][2016-01-29 12:34:19,076][com.java.SeleniumDriver] [  899] - Exception: null
[INFO ][2016-01-29 12:34:19,076][com.java.SeleniumDriver] [  905] - DataField : BTNframeDialogContent
[INFO ][2016-01-29 12:34:19,076][com.java.SeleniumDriver] [  907] - DataValue : 
[INFO ][2016-01-29 12:34:19,076][com.java.SeleniumDriver] [  913] - <In Set values of the page>
[INFO ][2016-01-29 12:34:19,076][com.java.SeleniumDriver] [  916] - {Data Fields & Data Values Exist}
[INFO ][2016-01-29 12:34:19,076][com.java.SeleniumDriver] [  918] - --------------------------setting values-----------------------------
[INFO ][2016-01-29 12:34:19,076][com.java.SeleniumDriver] [  921] - Action Type : SELECTFRAME
[INFO ][2016-01-29 12:34:20,393][com.java.SeleniumDriver] [  930] -  RESULT true
[INFO ][2016-01-29 12:34:20,393][com.java.SeleniumDriver] [ 1136] - ?   P A S S   ?
[INFO ][2016-01-29 12:34:20,393][com.java.SeleniumDriver] [  856] - ------------------------------------------
[INFO ][2016-01-29 12:34:20,393][com.java.SeleniumDriver] [  857] - Test case being Executed: 16
[INFO ][2016-01-29 12:34:20,393][com.java.SeleniumDriver] [  869] - Test step:7
[INFO ][2016-01-29 12:34:20,393][com.java.SeleniumDriver] [  881] - Datavalue is----------Yes
[INFO ][2016-01-29 12:34:20,393][com.java.SeleniumDriver] [  905] - DataField : SLBddlOpenBDInNewWindow
[INFO ][2016-01-29 12:34:20,393][com.java.SeleniumDriver] [  907] - DataValue : Yes
[INFO ][2016-01-29 12:34:20,393][com.java.SeleniumDriver] [  913] - <In Set values of the page>
[INFO ][2016-01-29 12:34:20,393][com.java.SeleniumDriver] [  916] - {Data Fields & Data Values Exist}
[INFO ][2016-01-29 12:34:20,393][com.java.SeleniumDriver] [  918] - --------------------------setting values-----------------------------
[INFO ][2016-01-29 12:34:20,394][com.java.SeleniumDriver] [  921] - Action Type : SELECT
[INFO ][2016-01-29 12:34:20,394][com.java.TestType] [ 6440] - value = Yes
[INFO ][2016-01-29 12:34:22,785][com.java.SeleniumDriver] [  930] -  RESULT true
[INFO ][2016-01-29 12:34:22,785][com.java.SeleniumDriver] [ 1136] - ?   P A S S   ?
[INFO ][2016-01-29 12:34:22,785][com.java.SeleniumDriver] [  856] - ------------------------------------------
[INFO ][2016-01-29 12:34:22,785][com.java.SeleniumDriver] [  857] - Test case being Executed: 16
[INFO ][2016-01-29 12:34:22,785][com.java.SeleniumDriver] [  869] - Test step:8
[INFO ][2016-01-29 12:34:22,785][com.java.SeleniumDriver] [  881] - Datavalue is----------null
[DEBUG][2016-01-29 12:34:22,785][com.java.SeleniumDriver] [  899] - Exception: null
[INFO ][2016-01-29 12:34:22,786][com.java.SeleniumDriver] [  905] - DataField : BTNparent
[INFO ][2016-01-29 12:34:22,786][com.java.SeleniumDriver] [  907] - DataValue : 
[INFO ][2016-01-29 12:34:22,786][com.java.SeleniumDriver] [  913] - <In Set values of the page>
[INFO ][2016-01-29 12:34:22,786][com.java.SeleniumDriver] [  916] - {Data Fields & Data Values Exist}
[INFO ][2016-01-29 12:34:22,786][com.java.SeleniumDriver] [  918] - --------------------------setting values-----------------------------
[INFO ][2016-01-29 12:34:22,786][com.java.SeleniumDriver] [  921] - Action Type : SELECTFRAME
[INFO ][2016-01-29 12:34:22,802][com.java.SeleniumDriver] [  930] -  RESULT true
[INFO ][2016-01-29 12:34:22,802][com.java.SeleniumDriver] [ 1136] - ?   P A S S   ?
[INFO ][2016-01-29 12:34:22,802][com.java.SeleniumDriver] [  856] - ------------------------------------------
[INFO ][2016-01-29 12:34:22,802][com.java.SeleniumDriver] [  857] - Test case being Executed: 16
[INFO ][2016-01-29 12:34:22,802][com.java.SeleniumDriver] [  869] - Test step:9
[INFO ][2016-01-29 12:34:22,802][com.java.SeleniumDriver] [  881] - Datavalue is----------null
[DEBUG][2016-01-29 12:34:22,802][com.java.SeleniumDriver] [  899] - Exception: null
[INFO ][2016-01-29 12:34:22,803][com.java.SeleniumDriver] [  905] - DataField : BTN//span[text()='Finished']
[INFO ][2016-01-29 12:34:22,803][com.java.SeleniumDriver] [  907] - DataValue : 
[INFO ][2016-01-29 12:34:22,803][com.java.SeleniumDriver] [  913] - <In Set values of the page>
[INFO ][2016-01-29 12:34:22,803][com.java.SeleniumDriver] [  916] - {Data Fields & Data Values Exist}
[INFO ][2016-01-29 12:34:22,803][com.java.SeleniumDriver] [  918] - --------------------------setting values-----------------------------
[INFO ][2016-01-29 12:34:22,803][com.java.SeleniumDriver] [  921] - Action Type : Click
[INFO ][2016-01-29 12:34:22,803][com.java.TestType] [ 6819] - Field ::BTN//span[text()='Finished']
[INFO ][2016-01-29 12:34:22,803][com.java.TestType] [ 6440] - value = 
[INFO ][2016-01-29 12:34:23,803][com.java.TestType] [ 6971] - BEFORE CLICK
[INFO ][2016-01-29 12:34:24,340][com.java.TestType] [ 6978] - Unable to click the object Finished button
[INFO ][2016-01-29 12:34:24,340][com.java.SeleniumDriver] [  930] -  RESULT true
[INFO ][2016-01-29 12:34:24,340][com.java.SeleniumDriver] [ 1136] - ?   P A S S   ?
[INFO ][2016-01-29 12:34:24,340][com.java.SeleniumDriver] [  856] - ------------------------------------------
[INFO ][2016-01-29 12:34:24,340][com.java.SeleniumDriver] [  857] - Test case being Executed: 16
[INFO ][2016-01-29 12:34:24,340][com.java.SeleniumDriver] [  869] - Test step:10
[INFO ][2016-01-29 12:34:24,340][com.java.SeleniumDriver] [  881] - Datavalue is----------10
[INFO ][2016-01-29 12:34:24,340][com.java.SeleniumDriver] [  905] - DataField : XPH//div[contains(text(), 'My Dashboard')]
[INFO ][2016-01-29 12:34:24,340][com.java.SeleniumDriver] [  907] - DataValue : 10
[INFO ][2016-01-29 12:34:24,340][com.java.SeleniumDriver] [  913] - <In Set values of the page>
[INFO ][2016-01-29 12:34:24,340][com.java.SeleniumDriver] [  916] - {Data Fields & Data Values Exist}
[INFO ][2016-01-29 12:34:24,340][com.java.SeleniumDriver] [  918] - --------------------------setting values-----------------------------
[INFO ][2016-01-29 12:34:24,341][com.java.SeleniumDriver] [  921] - Action Type : WAITFORELEMENT
[INFO ][2016-01-29 12:34:24,376][com.java.SeleniumDriver] [  930] -  RESULT true
[INFO ][2016-01-29 12:34:24,376][com.java.SeleniumDriver] [ 1136] - ?   P A S S   ?
[INFO ][2016-01-29 12:34:24,376][com.java.SeleniumDriver] [  856] - ------------------------------------------
[INFO ][2016-01-29 12:34:24,376][com.java.SeleniumDriver] [  857] - Test case being Executed: 16
[INFO ][2016-01-29 12:34:24,376][com.java.SeleniumDriver] [  869] - Test step:11
[INFO ][2016-01-29 12:34:24,376][com.java.SeleniumDriver] [  881] - Datavalue is----------My Dashboard
[INFO ][2016-01-29 12:34:24,376][com.java.SeleniumDriver] [  905] - DataField : XPH//div[contains(text(), 'My Dashboard')]
[INFO ][2016-01-29 12:34:24,376][com.java.SeleniumDriver] [  907] - DataValue : My Dashboard
[INFO ][2016-01-29 12:34:24,376][com.java.SeleniumDriver] [  913] - <In Set values of the page>
[INFO ][2016-01-29 12:34:24,377][com.java.SeleniumDriver] [  916] - {Data Fields & Data Values Exist}
[INFO ][2016-01-29 12:34:24,377][com.java.SeleniumDriver] [  918] - --------------------------setting values-----------------------------
[INFO ][2016-01-29 12:34:24,377][com.java.SeleniumDriver] [  921] - Action Type : VERIFY
[INFO ][2016-01-29 12:34:24,377][com.java.TestType] [ 8040] - field= XPH//div[contains(text(), 'My Dashboard')] value= My Dashboard
[INFO ][2016-01-29 12:34:24,377][com.java.TestType] [ 6440] - value = My Dashboard
[INFO ][2016-01-29 12:34:24,539][com.java.SeleniumDriver] [  930] -  RESULT true
[INFO ][2016-01-29 12:34:24,539][com.java.SeleniumDriver] [ 1136] - ?   P A S S   ?
[INFO ][2016-01-29 12:34:24,541][com.java.SeleniumDriver] [  856] - ------------------------------------------
[INFO ][2016-01-29 12:34:24,541][com.java.SeleniumDriver] [  857] - Test case being Executed: 16
[INFO ][2016-01-29 12:34:24,541][com.java.SeleniumDriver] [  869] - Test step:12
[INFO ][2016-01-29 12:34:24,541][com.java.SeleniumDriver] [  881] - Datavalue is----------Concept#3:1-2
[INFO ][2016-01-29 12:34:24,541][com.java.SeleniumDriver] [  905] - DataField : test
[INFO ][2016-01-29 12:34:24,541][com.java.SeleniumDriver] [  907] - DataValue : Concept#3:1-2
[INFO ][2016-01-29 12:34:24,541][com.java.SeleniumDriver] [  913] - <In Set values of the page>
[INFO ][2016-01-29 12:34:24,541][com.java.SeleniumDriver] [  916] - {Data Fields & Data Values Exist}
[INFO ][2016-01-29 12:34:24,541][com.java.SeleniumDriver] [  918] - --------------------------setting values-----------------------------
[INFO ][2016-01-29 12:34:24,541][com.java.SeleniumDriver] [  921] - Action Type : ExecuteTestCase
[INFO ][2016-01-29 12:34:24,541][com.java.TestType] [  442] - The Concept sheet name is ---------- Concept
[INFO ][2016-01-29 12:34:24,541][com.java.TestType] [  445] - The Concept ID  is ---------- 3
[DEBUG][2016-01-29 12:34:24,542][com.java.TestType] [  449] - Steps being executted in the Concept are: 1:2
[INFO ][2016-01-29 12:34:24,542][com.java.TestType] [  456] - Test data details path ---------- D:\BankersDashboard\TestInputs\TestData.xls
[INFO ][2016-01-29 12:34:24,573][com.java.TestType] [  487] -  str(1) = 3
[INFO ][2016-01-29 12:34:24,573][com.java.TestType] [  490] - Test case Id is---3
[INFO ][2016-01-29 12:34:24,573][com.java.TestType] [  492] - 3
[INFO ][2016-01-29 12:34:24,573][com.java.TestType] [  487] -  str(2) = 1
[INFO ][2016-01-29 12:34:24,575][com.java.TestType] [  487] -  str(1) = 3
[INFO ][2016-01-29 12:34:24,575][com.java.TestType] [  490] - Test case Id is---3
[INFO ][2016-01-29 12:34:24,575][com.java.TestType] [  492] - 3
[INFO ][2016-01-29 12:34:24,575][com.java.TestType] [  487] -  str(2) = 2
[INFO ][2016-01-29 12:34:24,576][com.java.TestType] [11700] - Looping 1TCID = 3
[DEBUG][2016-01-29 12:34:24,576][com.java.TestType] [11741] - Concept ID:3 :: Step being Executed: 3::1
[INFO ][2016-01-29 12:34:24,576][com.java.TestType] [11779] - dataFields : test
[DEBUG][2016-01-29 12:34:24,576][com.java.TestType] [11785] - <In Set values of the page>
[DEBUG][2016-01-29 12:34:24,576][com.java.TestType] [11790] - {Data Fields & Data Values Exist}
[INFO ][2016-01-29 12:34:24,576][com.java.TestType] [11796] - --------------------------setting values-----------------------------
[INFO ][2016-01-29 12:34:24,576][com.java.TestType] [11799] - Action Type : Logout
[INFO ][2016-01-29 12:34:26,832][com.java.TestType] [ 6819] - Field ::CNF
[INFO ][2016-01-29 12:34:26,832][com.java.TestType] [ 6440] - value = OK
[ERROR][2016-01-29 12:34:27,938][com.java.TestType] [ 7344] - Exception in click:: No alert is active (WARNING: The server did not provide any stacktrace information)
Command duration or timeout: 104 milliseconds
Build info: version: '2.48.2', revision: '41bccdd', time: '2015-10-09 19:59:12'
System info: host: 'FVTIII438F1D', ip: '172.17.68.34', os.name: 'Windows 7', os.arch: 'x86', os.version: '6.1', java.version: '1.7.0_55'
Session ID: cc0aa12c-7bb9-41b4-8da8-06bc6f0ffc83
Driver info: org.openqa.selenium.ie.InternetExplorerDriver
Capabilities [{platform=WINDOWS, javascriptEnabled=true, elementScrollBehavior=0, ignoreZoomSetting=false, enablePersistentHover=true, ie.ensureCleanSession=false, browserName=internet explorer, enableElementCacheCleanup=true, unexpectedAlertBehaviour=dismiss, version=10, ie.usePerProcessProxy=false, ignoreProtectedModeSettings=true, cssSelectorsEnabled=true, requireWindowFocus=false, initialBrowserUrl=http://localhost:2400/, handlesAlerts=true, ie.forceCreateProcessApi=false, nativeEvents=true, browserAttachTimeout=0, ie.browserCommandLineSwitches=, takesScreenshot=true}]
[INFO ][2016-01-29 12:34:27,938][com.java.TestType] [ 7348] - Element :::: not found
[DEBUG][2016-01-29 12:34:29,648][com.java.SeleniumDriver] [  426] - Hub ip address is-------172.17.68.34
[INFO ][2016-01-29 12:34:29,648][com.java.SeleniumDriver] [  452] - Grid URL:http://172.17.68.34:4444/wd/hub
[INFO ][2016-01-29 12:34:29,648][com.java.SeleniumDriver] [  453] - Capability:Capabilities [{platform=ANY, ensureCleanSession=true, ignoreProtectedModeSettings=true, acceptSslCerts=true, ignoreZoomSetting=true, browserName=internet explorer, browserstack.ie.noFlash=true, version=null}]
[ERROR][2016-01-29 12:34:30,652][com.java.SeleniumDriver] [  498] - Unable invoke browser in grid:Could not start a new session. Possible causes are invalid address of the remote server or browser start-up failure.
Build info: version: '2.48.2', revision: '41bccdd', time: '2015-10-09 19:59:12'
System info: host: 'FVTIII438F1D', ip: '172.17.68.34', os.name: 'Windows 7', os.arch: 'x86', os.version: '6.1', java.version: '1.7.0_55'
Driver info: driver.version: SeleniumDriver
[INFO ][2016-01-29 12:34:30,653][com.java.SeleniumDriver] [  500] - Executing on local machine
[INFO ][2016-01-29 12:34:51,233][com.java.TestType] [11818] -  RESULT true
[INFO ][2016-01-29 12:34:51,233][com.java.TestType] [11935] - ?   P A S S   ?
[DEBUG][2016-01-29 12:34:51,233][com.java.TestType] [11741] - Concept ID:3 :: Step being Executed: 3::2
[INFO ][2016-01-29 12:34:51,233][com.java.TestType] [11779] - dataFields : test
[DEBUG][2016-01-29 12:34:51,233][com.java.TestType] [11785] - <In Set values of the page>
[DEBUG][2016-01-29 12:34:51,233][com.java.TestType] [11790] - {Data Fields & Data Values Exist}
[INFO ][2016-01-29 12:34:51,233][com.java.TestType] [11796] - --------------------------setting values-----------------------------
[INFO ][2016-01-29 12:34:51,233][com.java.TestType] [11799] - Action Type : WaitTime
[DEBUG][2016-01-29 12:34:51,233][com.java.TestType] [ 6254] - sleepTime: 2000
[INFO ][2016-01-29 12:34:53,233][com.java.TestType] [11818] -  RESULT true
[INFO ][2016-01-29 12:34:53,233][com.java.TestType] [11935] - ?   P A S S   ?
[INFO ][2016-01-29 12:34:53,233][com.java.TestType] [12006] - Looping End......
[INFO ][2016-01-29 12:34:53,237][com.java.SeleniumDriver] [  930] -  RESULT true
[INFO ][2016-01-29 12:34:53,237][com.java.SeleniumDriver] [ 1136] - ?   P A S S   ?
[INFO ][2016-01-29 12:34:53,237][com.java.SeleniumDriver] [  856] - ------------------------------------------
[INFO ][2016-01-29 12:34:53,237][com.java.SeleniumDriver] [  857] - Test case being Executed: 16
[INFO ][2016-01-29 12:34:53,238][com.java.SeleniumDriver] [  869] - Test step:13
[INFO ][2016-01-29 12:34:53,238][com.java.SeleniumDriver] [  881] - Datavalue is----------dt:HTTPSURL
[INFO ][2016-01-29 12:34:53,238][com.java.SeleniumDriver] [  905] - DataField : test
[INFO ][2016-01-29 12:34:53,238][com.java.SeleniumDriver] [  907] - DataValue : dt:HTTPSURL
[INFO ][2016-01-29 12:34:53,238][com.java.SeleniumDriver] [  913] - <In Set values of the page>
[INFO ][2016-01-29 12:34:53,238][com.java.SeleniumDriver] [  916] - {Data Fields & Data Values Exist}
[INFO ][2016-01-29 12:34:53,238][com.java.SeleniumDriver] [  918] - --------------------------setting values-----------------------------
[INFO ][2016-01-29 12:34:53,238][com.java.SeleniumDriver] [  921] - Action Type : OpenURL
[INFO ][2016-01-29 12:34:53,238][com.java.TestType] [ 6440] - value = https://clients-xuat.bankersdashboard.com
[INFO ][2016-01-29 12:34:53,238][com.java.TestType] [  358] - Open URL : https://clients-xuat.bankersdashboard.com
[INFO ][2016-01-29 12:34:54,065][com.java.SeleniumDriver] [  930] -  RESULT true
[INFO ][2016-01-29 12:34:54,065][com.java.SeleniumDriver] [ 1136] - ?   P A S S   ?
[INFO ][2016-01-29 12:34:54,065][com.java.SeleniumDriver] [  856] - ------------------------------------------
[INFO ][2016-01-29 12:34:54,065][com.java.SeleniumDriver] [  857] - Test case being Executed: 16
[INFO ][2016-01-29 12:34:54,065][com.java.SeleniumDriver] [  869] - Test step:14
[INFO ][2016-01-29 12:34:54,065][com.java.SeleniumDriver] [  881] - Datavalue is----------clientuser
[INFO ][2016-01-29 12:34:54,065][com.java.SeleniumDriver] [  905] - DataField : TXTusername
[INFO ][2016-01-29 12:34:54,065][com.java.SeleniumDriver] [  907] - DataValue : valuelabs.ie10.00058
[INFO ][2016-01-29 12:34:54,065][com.java.SeleniumDriver] [  913] - <In Set values of the page>
[INFO ][2016-01-29 12:34:54,065][com.java.SeleniumDriver] [  916] - {Data Fields & Data Values Exist}
[INFO ][2016-01-29 12:34:54,066][com.java.SeleniumDriver] [  918] - --------------------------setting values-----------------------------
[INFO ][2016-01-29 12:34:54,066][com.java.SeleniumDriver] [  921] - Action Type : CLEARANDENTER
[INFO ][2016-01-29 12:34:56,334][com.java.TestType] [ 6440] - value = valuelabs.ie10.00058
[INFO ][2016-01-29 12:34:58,735][com.java.SeleniumDriver] [  930] -  RESULT true
[INFO ][2016-01-29 12:34:58,735][com.java.SeleniumDriver] [ 1136] - ?   P A S S   ?
[INFO ][2016-01-29 12:34:58,735][com.java.SeleniumDriver] [  856] - ------------------------------------------
[INFO ][2016-01-29 12:34:58,735][com.java.SeleniumDriver] [  857] - Test case being Executed: 16
[INFO ][2016-01-29 12:34:58,735][com.java.SeleniumDriver] [  869] - Test step:15
[INFO ][2016-01-29 12:34:58,736][com.java.SeleniumDriver] [  881] - Datavalue is----------clientpwd
[INFO ][2016-01-29 12:34:58,736][com.java.SeleniumDriver] [  905] - DataField : TXTpassword
[INFO ][2016-01-29 12:34:58,736][com.java.SeleniumDriver] [  907] - DataValue : Password1*
[INFO ][2016-01-29 12:34:58,736][com.java.SeleniumDriver] [  913] - <In Set values of the page>
[INFO ][2016-01-29 12:34:58,736][com.java.SeleniumDriver] [  916] - {Data Fields & Data Values Exist}
[INFO ][2016-01-29 12:34:58,736][com.java.SeleniumDriver] [  918] - --------------------------setting values-----------------------------
[INFO ][2016-01-29 12:34:58,736][com.java.SeleniumDriver] [  921] - Action Type : CLEARANDENTER
[INFO ][2016-01-29 12:35:01,003][com.java.TestType] [ 6440] - value = Password1*
[INFO ][2016-01-29 12:35:03,525][com.java.SeleniumDriver] [  930] -  RESULT true
[INFO ][2016-01-29 12:35:03,525][com.java.SeleniumDriver] [ 1136] - ?   P A S S   ?
[INFO ][2016-01-29 12:35:03,525][com.java.SeleniumDriver] [  856] - ------------------------------------------
[INFO ][2016-01-29 12:35:03,525][com.java.SeleniumDriver] [  857] - Test case being Executed: 16
[INFO ][2016-01-29 12:35:03,525][com.java.SeleniumDriver] [  869] - Test step:16
[INFO ][2016-01-29 12:35:03,525][com.java.SeleniumDriver] [  881] - Datavalue is----------null
[DEBUG][2016-01-29 12:35:03,525][com.java.SeleniumDriver] [  899] - Exception: null
[INFO ][2016-01-29 12:35:03,525][com.java.SeleniumDriver] [  905] - DataField : XPH//button[@type='submit']
[INFO ][2016-01-29 12:35:03,525][com.java.SeleniumDriver] [  907] - DataValue : 
[INFO ][2016-01-29 12:35:03,526][com.java.SeleniumDriver] [  913] - <In Set values of the page>
[INFO ][2016-01-29 12:35:03,526][com.java.SeleniumDriver] [  916] - {Data Fields & Data Values Exist}
[INFO ][2016-01-29 12:35:03,526][com.java.SeleniumDriver] [  918] - --------------------------setting values-----------------------------
[INFO ][2016-01-29 12:35:03,526][com.java.SeleniumDriver] [  921] - Action Type : Click
[INFO ][2016-01-29 12:35:03,526][com.java.TestType] [ 6819] - Field ::XPH//button[@type='submit']
[INFO ][2016-01-29 12:35:03,526][com.java.TestType] [ 6440] - value = 
[INFO ][2016-01-29 12:35:04,526][com.java.TestType] [ 6992] - BEFORE CLICK
[INFO ][2016-01-29 12:35:05,360][com.java.TestType] [ 7000] - Unable to click the object Login
[INFO ][2016-01-29 12:35:05,360][com.java.SeleniumDriver] [  930] -  RESULT true
[INFO ][2016-01-29 12:35:05,360][com.java.SeleniumDriver] [ 1136] - ?   P A S S   ?
[INFO ][2016-01-29 12:35:05,360][com.java.SeleniumDriver] [  856] - ------------------------------------------
[INFO ][2016-01-29 12:35:05,360][com.java.SeleniumDriver] [  857] - Test case being Executed: 16
[INFO ][2016-01-29 12:35:05,360][com.java.SeleniumDriver] [  869] - Test step:17
[INFO ][2016-01-29 12:35:05,360][com.java.SeleniumDriver] [  881] - Datavalue is----------5
[INFO ][2016-01-29 12:35:05,360][com.java.SeleniumDriver] [  905] - DataField : test
[INFO ][2016-01-29 12:35:05,360][com.java.SeleniumDriver] [  907] - DataValue : 5
[INFO ][2016-01-29 12:35:05,360][com.java.SeleniumDriver] [  913] - <In Set values of the page>
[INFO ][2016-01-29 12:35:05,360][com.java.SeleniumDriver] [  916] - {Data Fields & Data Values Exist}
[INFO ][2016-01-29 12:35:05,360][com.java.SeleniumDriver] [  918] - --------------------------setting values-----------------------------
[INFO ][2016-01-29 12:35:05,361][com.java.SeleniumDriver] [  921] - Action Type : WaitTime
[DEBUG][2016-01-29 12:35:05,361][com.java.TestType] [ 6254] - sleepTime: 5000
[INFO ][2016-01-29 12:35:10,361][com.java.SeleniumDriver] [  930] -  RESULT true
[INFO ][2016-01-29 12:35:10,361][com.java.SeleniumDriver] [ 1136] - ?   P A S S   ?
[INFO ][2016-01-29 12:35:10,361][com.java.SeleniumDriver] [  856] - ------------------------------------------
[INFO ][2016-01-29 12:35:10,361][com.java.SeleniumDriver] [  857] - Test case being Executed: 16
[INFO ][2016-01-29 12:35:10,361][com.java.SeleniumDriver] [  869] - Test step:18
[INFO ][2016-01-29 12:35:10,361][com.java.SeleniumDriver] [  881] - Datavalue is----------Concept#1:4-16
[INFO ][2016-01-29 12:35:10,361][com.java.SeleniumDriver] [  905] - DataField : TTL
[INFO ][2016-01-29 12:35:10,361][com.java.SeleniumDriver] [  907] - DataValue : Concept#1:4-16
[INFO ][2016-01-29 12:35:10,361][com.java.SeleniumDriver] [  913] - <In Set values of the page>
[INFO ][2016-01-29 12:35:10,361][com.java.SeleniumDriver] [  916] - {Data Fields & Data Values Exist}
[INFO ][2016-01-29 12:35:10,361][com.java.SeleniumDriver] [  918] - --------------------------setting values-----------------------------
[INFO ][2016-01-29 12:35:10,361][com.java.SeleniumDriver] [  921] - Action Type : ExecuteTestCase
[INFO ][2016-01-29 12:35:10,362][com.java.TestType] [  442] - The Concept sheet name is ---------- Concept
[INFO ][2016-01-29 12:35:10,362][com.java.TestType] [  445] - The Concept ID  is ---------- 1
[DEBUG][2016-01-29 12:35:10,362][com.java.TestType] [  449] - Steps being executted in the Concept are: 4:16
[INFO ][2016-01-29 12:35:10,362][com.java.TestType] [  456] - Test data details path ---------- D:\BankersDashboard\TestInputs\TestData.xls
[INFO ][2016-01-29 12:35:10,402][com.java.TestType] [  487] -  str(1) = 1
[INFO ][2016-01-29 12:35:10,402][com.java.TestType] [  490] - Test case Id is---1
[INFO ][2016-01-29 12:35:10,402][com.java.TestType] [  492] - 1
[INFO ][2016-01-29 12:35:10,402][com.java.TestType] [  487] -  str(2) = 1
[INFO ][2016-01-29 12:35:10,404][com.java.TestType] [  487] -  str(1) = 1
[INFO ][2016-01-29 12:35:10,404][com.java.TestType] [  490] - Test case Id is---1
[INFO ][2016-01-29 12:35:10,404][com.java.TestType] [  492] - 1
[INFO ][2016-01-29 12:35:10,404][com.java.TestType] [  487] -  str(2) = 2
[INFO ][2016-01-29 12:35:10,405][com.java.TestType] [  487] -  str(1) = 1
[INFO ][2016-01-29 12:35:10,405][com.java.TestType] [  490] - Test case Id is---1
[INFO ][2016-01-29 12:35:10,405][com.java.TestType] [  492] - 1
[INFO ][2016-01-29 12:35:10,405][com.java.TestType] [  487] -  str(2) = 3
[INFO ][2016-01-29 12:35:10,406][com.java.TestType] [  487] -  str(1) = 1
[INFO ][2016-01-29 12:35:10,406][com.java.TestType] [  490] - Test case Id is---1
[INFO ][2016-01-29 12:35:10,406][com.java.TestType] [  492] - 1
[INFO ][2016-01-29 12:35:10,406][com.java.TestType] [  487] -  str(2) = 4
[INFO ][2016-01-29 12:35:10,407][com.java.TestType] [  487] -  str(1) = 1
[INFO ][2016-01-29 12:35:10,407][com.java.TestType] [  490] - Test case Id is---1
[INFO ][2016-01-29 12:35:10,407][com.java.TestType] [  492] - 1
[INFO ][2016-01-29 12:35:10,407][com.java.TestType] [  487] -  str(2) = 5
[INFO ][2016-01-29 12:35:10,407][com.java.TestType] [  487] -  str(1) = 1
[INFO ][2016-01-29 12:35:10,408][com.java.TestType] [  490] - Test case Id is---1
[INFO ][2016-01-29 12:35:10,408][com.java.TestType] [  492] - 1
[INFO ][2016-01-29 12:35:10,408][com.java.TestType] [  487] -  str(2) = 6
[INFO ][2016-01-29 12:35:10,408][com.java.TestType] [  487] -  str(1) = 1
[INFO ][2016-01-29 12:35:10,408][com.java.TestType] [  490] - Test case Id is---1
[INFO ][2016-01-29 12:35:10,408][com.java.TestType] [  492] - 1
[INFO ][2016-01-29 12:35:10,409][com.java.TestType] [  487] -  str(2) = 7
[INFO ][2016-01-29 12:35:10,409][com.java.TestType] [  487] -  str(1) = 1
[INFO ][2016-01-29 12:35:10,409][com.java.TestType] [  490] - Test case Id is---1
[INFO ][2016-01-29 12:35:10,409][com.java.TestType] [  492] - 1
[INFO ][2016-01-29 12:35:10,409][com.java.TestType] [  487] -  str(2) = 8
[INFO ][2016-01-29 12:35:10,411][com.java.TestType] [  487] -  str(1) = 1
[INFO ][2016-01-29 12:35:10,411][com.java.TestType] [  490] - Test case Id is---1
[INFO ][2016-01-29 12:35:10,411][com.java.TestType] [  492] - 1
[INFO ][2016-01-29 12:35:10,411][com.java.TestType] [  487] -  str(2) = 9
[INFO ][2016-01-29 12:35:10,411][com.java.TestType] [  487] -  str(1) = 1
[INFO ][2016-01-29 12:35:10,411][com.java.TestType] [  490] - Test case Id is---1
[INFO ][2016-01-29 12:35:10,411][com.java.TestType] [  492] - 1
[INFO ][2016-01-29 12:35:10,412][com.java.TestType] [  487] -  str(2) = 10
[INFO ][2016-01-29 12:35:10,412][com.java.TestType] [  487] -  str(1) = 1
[INFO ][2016-01-29 12:35:10,412][com.java.TestType] [  490] - Test case Id is---1
[INFO ][2016-01-29 12:35:10,412][com.java.TestType] [  492] - 1
[INFO ][2016-01-29 12:35:10,412][com.java.TestType] [  487] -  str(2) = 11
[INFO ][2016-01-29 12:35:10,413][com.java.TestType] [  487] -  str(1) = 1
[INFO ][2016-01-29 12:35:10,413][com.java.TestType] [  490] - Test case Id is---1
[INFO ][2016-01-29 12:35:10,413][com.java.TestType] [  492] - 1
[INFO ][2016-01-29 12:35:10,413][com.java.TestType] [  487] -  str(2) = 12
[INFO ][2016-01-29 12:35:10,414][com.java.TestType] [  487] -  str(1) = 1
[INFO ][2016-01-29 12:35:10,414][com.java.TestType] [  490] - Test case Id is---1
[INFO ][2016-01-29 12:35:10,414][com.java.TestType] [  492] - 1
[INFO ][2016-01-29 12:35:10,414][com.java.TestType] [  487] -  str(2) = 13
[INFO ][2016-01-29 12:35:10,415][com.java.TestType] [  487] -  str(1) = 1
[INFO ][2016-01-29 12:35:10,415][com.java.TestType] [  490] - Test case Id is---1
[INFO ][2016-01-29 12:35:10,415][com.java.TestType] [  492] - 1
[INFO ][2016-01-29 12:35:10,415][com.java.TestType] [  487] -  str(2) = 14
[INFO ][2016-01-29 12:35:10,416][com.java.TestType] [  487] -  str(1) = 1
[INFO ][2016-01-29 12:35:10,416][com.java.TestType] [  490] - Test case Id is---1
[INFO ][2016-01-29 12:35:10,416][com.java.TestType] [  492] - 1
[INFO ][2016-01-29 12:35:10,416][com.java.TestType] [  487] -  str(2) = 15
[INFO ][2016-01-29 12:35:10,416][com.java.TestType] [  487] -  str(1) = 1
[INFO ][2016-01-29 12:35:10,417][com.java.TestType] [  490] - Test case Id is---1
[INFO ][2016-01-29 12:35:10,417][com.java.TestType] [  492] - 1
[INFO ][2016-01-29 12:35:10,417][com.java.TestType] [  487] -  str(2) = 16
[INFO ][2016-01-29 12:35:10,417][com.java.TestType] [11700] - Looping 1TCID = 1
[DEBUG][2016-01-29 12:35:10,417][com.java.TestType] [11741] - Concept ID:1 :: Step being Executed: 1::4
[INFO ][2016-01-29 12:35:10,418][com.java.TestType] [11779] - dataFields : LNKLogout
[DEBUG][2016-01-29 12:35:10,418][com.java.TestType] [11785] - <In Set values of the page>
[DEBUG][2016-01-29 12:35:10,418][com.java.TestType] [11790] - {Data Fields & Data Values Exist}
[INFO ][2016-01-29 12:35:10,419][com.java.TestType] [11796] - --------------------------setting values-----------------------------
[INFO ][2016-01-29 12:35:10,419][com.java.TestType] [11799] - Action Type : WaitForElement
[INFO ][2016-01-29 12:35:10,464][com.java.TestType] [11818] -  RESULT true
[INFO ][2016-01-29 12:35:10,464][com.java.TestType] [11935] - ?   P A S S   ?
[DEBUG][2016-01-29 12:35:10,464][com.java.TestType] [11741] - Concept ID:1 :: Step being Executed: 1::15
[INFO ][2016-01-29 12:35:10,464][com.java.TestType] [11779] - dataFields : LNK
[DEBUG][2016-01-29 12:35:10,464][com.java.TestType] [11785] - <In Set values of the page>
[DEBUG][2016-01-29 12:35:10,464][com.java.TestType] [11790] - {Data Fields & Data Values Exist}
[INFO ][2016-01-29 12:35:10,464][com.java.TestType] [11796] - --------------------------setting values-----------------------------
[INFO ][2016-01-29 12:35:10,465][com.java.TestType] [11799] - Action Type : Verify
[INFO ][2016-01-29 12:35:10,465][com.java.TestType] [ 8040] - field= LNK value= Logout
[INFO ][2016-01-29 12:35:10,465][com.java.TestType] [ 6440] - value = Logout
[INFO ][2016-01-29 12:35:10,499][com.java.TestType] [11818] -  RESULT true
[INFO ][2016-01-29 12:35:10,499][com.java.TestType] [11935] - ?   P A S S   ?
[DEBUG][2016-01-29 12:35:10,499][com.java.TestType] [11741] - Concept ID:1 :: Step being Executed: 1::16
[INFO ][2016-01-29 12:35:10,499][com.java.TestType] [11779] - dataFields : BTN
[DEBUG][2016-01-29 12:35:10,499][com.java.TestType] [11785] - <In Set values of the page>
[DEBUG][2016-01-29 12:35:10,499][com.java.TestType] [11790] - {Data Fields & Data Values Exist}
[INFO ][2016-01-29 12:35:10,499][com.java.TestType] [11796] - --------------------------setting values-----------------------------
[INFO ][2016-01-29 12:35:10,499][com.java.TestType] [11799] - Action Type : Verify
[INFO ][2016-01-29 12:35:10,500][com.java.TestType] [ 8040] - field= BTN value= //img[contains(@src,'bdlogo.jpg')]
[INFO ][2016-01-29 12:35:10,501][com.java.TestType] [ 6440] - value = //img[contains(@src,'bdlogo.jpg')]
[INFO ][2016-01-29 12:35:10,570][com.java.TestType] [11818] -  RESULT true
[INFO ][2016-01-29 12:35:10,571][com.java.TestType] [11935] - ?   P A S S   ?
[INFO ][2016-01-29 12:35:10,571][com.java.TestType] [12006] - Looping End......
[INFO ][2016-01-29 12:35:10,575][com.java.SeleniumDriver] [  930] -  RESULT true
[INFO ][2016-01-29 12:35:10,575][com.java.SeleniumDriver] [ 1136] - ?   P A S S   ?
[INFO ][2016-01-29 12:35:10,575][com.java.SeleniumDriver] [  856] - ------------------------------------------
[INFO ][2016-01-29 12:35:10,575][com.java.SeleniumDriver] [  857] - Test case being Executed: 16
[INFO ][2016-01-29 12:35:10,575][com.java.SeleniumDriver] [  869] - Test step:19
[INFO ][2016-01-29 12:35:10,575][com.java.SeleniumDriver] [  881] - Datavalue is----------10
[INFO ][2016-01-29 12:35:10,575][com.java.SeleniumDriver] [  905] - DataField : XPH//div[contains(text(), 'My Dashboard')]
[INFO ][2016-01-29 12:35:10,575][com.java.SeleniumDriver] [  907] - DataValue : 10
[INFO ][2016-01-29 12:35:10,575][com.java.SeleniumDriver] [  913] - <In Set values of the page>
[INFO ][2016-01-29 12:35:10,575][com.java.SeleniumDriver] [  916] - {Data Fields & Data Values Exist}
[INFO ][2016-01-29 12:35:10,576][com.java.SeleniumDriver] [  918] - --------------------------setting values-----------------------------
[INFO ][2016-01-29 12:35:10,576][com.java.SeleniumDriver] [  921] - Action Type : WAITFORELEMENT
[INFO ][2016-01-29 12:35:10,614][com.java.SeleniumDriver] [  930] -  RESULT true
[INFO ][2016-01-29 12:35:10,614][com.java.SeleniumDriver] [ 1136] - ?   P A S S   ?
[INFO ][2016-01-29 12:35:10,614][com.java.SeleniumDriver] [  856] - ------------------------------------------
[INFO ][2016-01-29 12:35:10,614][com.java.SeleniumDriver] [  857] - Test case being Executed: 16
[INFO ][2016-01-29 12:35:10,614][com.java.SeleniumDriver] [  869] - Test step:20
[INFO ][2016-01-29 12:35:10,614][com.java.SeleniumDriver] [  881] - Datavalue is----------//div[contains(text(), 'My Dashboard')]
[INFO ][2016-01-29 12:35:10,614][com.java.SeleniumDriver] [  905] - DataField : BTN
[INFO ][2016-01-29 12:35:10,614][com.java.SeleniumDriver] [  907] - DataValue : //div[contains(text(), 'My Dashboard')]
[INFO ][2016-01-29 12:35:10,615][com.java.SeleniumDriver] [  913] - <In Set values of the page>
[INFO ][2016-01-29 12:35:10,615][com.java.SeleniumDriver] [  916] - {Data Fields & Data Values Exist}
[INFO ][2016-01-29 12:35:10,615][com.java.SeleniumDriver] [  918] - --------------------------setting values-----------------------------
[INFO ][2016-01-29 12:35:10,615][com.java.SeleniumDriver] [  921] - Action Type : VERIFY
[INFO ][2016-01-29 12:35:10,615][com.java.TestType] [ 8040] - field= BTN value= //div[contains(text(), 'My Dashboard')]
[INFO ][2016-01-29 12:35:10,615][com.java.TestType] [ 6440] - value = //div[contains(text(), 'My Dashboard')]
[INFO ][2016-01-29 12:35:10,722][com.java.SeleniumDriver] [  930] -  RESULT true
[INFO ][2016-01-29 12:35:10,722][com.java.SeleniumDriver] [ 1136] - ?   P A S S   ?
[INFO ][2016-01-29 12:35:10,722][com.java.SeleniumDriver] [  856] - ------------------------------------------
[INFO ][2016-01-29 12:35:10,722][com.java.SeleniumDriver] [  857] - Test case being Executed: 16
[INFO ][2016-01-29 12:35:10,723][com.java.SeleniumDriver] [  869] - Test step:21
[INFO ][2016-01-29 12:35:10,723][com.java.SeleniumDriver] [  881] - Datavalue is----------Concept#8:1-17
[INFO ][2016-01-29 12:35:10,723][com.java.SeleniumDriver] [  905] - DataField : test
[INFO ][2016-01-29 12:35:10,723][com.java.SeleniumDriver] [  907] - DataValue : Concept#8:1-17
[INFO ][2016-01-29 12:35:10,723][com.java.SeleniumDriver] [  913] - <In Set values of the page>
[INFO ][2016-01-29 12:35:10,723][com.java.SeleniumDriver] [  916] - {Data Fields & Data Values Exist}
[INFO ][2016-01-29 12:35:10,723][com.java.SeleniumDriver] [  918] - --------------------------setting values-----------------------------
[INFO ][2016-01-29 12:35:10,723][com.java.SeleniumDriver] [  921] - Action Type : ExecuteTestCase
[INFO ][2016-01-29 12:35:10,723][com.java.TestType] [  442] - The Concept sheet name is ---------- Concept
[INFO ][2016-01-29 12:35:10,723][com.java.TestType] [  445] - The Concept ID  is ---------- 8
[DEBUG][2016-01-29 12:35:10,723][com.java.TestType] [  449] - Steps being executted in the Concept are: 1:17
[INFO ][2016-01-29 12:35:10,723][com.java.TestType] [  456] - Test data details path ---------- D:\BankersDashboard\TestInputs\TestData.xls
[INFO ][2016-01-29 12:35:10,761][com.java.TestType] [  487] -  str(1) = 8
[INFO ][2016-01-29 12:35:10,762][com.java.TestType] [  490] - Test case Id is---8
[INFO ][2016-01-29 12:35:10,762][com.java.TestType] [  492] - 8
[INFO ][2016-01-29 12:35:10,762][com.java.TestType] [  487] -  str(2) = 1
[INFO ][2016-01-29 12:35:10,763][com.java.TestType] [  487] -  str(1) = 8
[INFO ][2016-01-29 12:35:10,763][com.java.TestType] [  490] - Test case Id is---8
[INFO ][2016-01-29 12:35:10,763][com.java.TestType] [  492] - 8
[INFO ][2016-01-29 12:35:10,763][com.java.TestType] [  487] -  str(2) = 2
[INFO ][2016-01-29 12:35:10,764][com.java.TestType] [  487] -  str(1) = 8
[INFO ][2016-01-29 12:35:10,764][com.java.TestType] [  490] - Test case Id is---8
[INFO ][2016-01-29 12:35:10,764][com.java.TestType] [  492] - 8
[INFO ][2016-01-29 12:35:10,764][com.java.TestType] [  487] -  str(2) = 3
[INFO ][2016-01-29 12:35:10,765][com.java.TestType] [  487] -  str(1) = 8
[INFO ][2016-01-29 12:35:10,765][com.java.TestType] [  490] - Test case Id is---8
[INFO ][2016-01-29 12:35:10,765][com.java.TestType] [  492] - 8
[INFO ][2016-01-29 12:35:10,765][com.java.TestType] [  487] -  str(2) = 4
[INFO ][2016-01-29 12:35:10,766][com.java.TestType] [  487] -  str(1) = 8
[INFO ][2016-01-29 12:35:10,766][com.java.TestType] [  490] - Test case Id is---8
[INFO ][2016-01-29 12:35:10,766][com.java.TestType] [  492] - 8
[INFO ][2016-01-29 12:35:10,766][com.java.TestType] [  487] -  str(2) = 5
[INFO ][2016-01-29 12:35:10,767][com.java.TestType] [  487] -  str(1) = 8
[INFO ][2016-01-29 12:35:10,767][com.java.TestType] [  490] - Test case Id is---8
[INFO ][2016-01-29 12:35:10,767][com.java.TestType] [  492] - 8
[INFO ][2016-01-29 12:35:10,767][com.java.TestType] [  487] -  str(2) = 6
[INFO ][2016-01-29 12:35:10,767][com.java.TestType] [  487] -  str(1) = 8
[INFO ][2016-01-29 12:35:10,768][com.java.TestType] [  490] - Test case Id is---8
[INFO ][2016-01-29 12:35:10,768][com.java.TestType] [  492] - 8
[INFO ][2016-01-29 12:35:10,768][com.java.TestType] [  487] -  str(2) = 7
[INFO ][2016-01-29 12:35:10,768][com.java.TestType] [  487] -  str(1) = 8
[INFO ][2016-01-29 12:35:10,768][com.java.TestType] [  490] - Test case Id is---8
[INFO ][2016-01-29 12:35:10,768][com.java.TestType] [  492] - 8
[INFO ][2016-01-29 12:35:10,769][com.java.TestType] [  487] -  str(2) = 8
[INFO ][2016-01-29 12:35:10,770][com.java.TestType] [  487] -  str(1) = 8
[INFO ][2016-01-29 12:35:10,770][com.java.TestType] [  490] - Test case Id is---8
[INFO ][2016-01-29 12:35:10,770][com.java.TestType] [  492] - 8
[INFO ][2016-01-29 12:35:10,770][com.java.TestType] [  487] -  str(2) = 9
[INFO ][2016-01-29 12:35:10,771][com.java.TestType] [  487] -  str(1) = 8
[INFO ][2016-01-29 12:35:10,771][com.java.TestType] [  490] - Test case Id is---8
[INFO ][2016-01-29 12:35:10,771][com.java.TestType] [  492] - 8
[INFO ][2016-01-29 12:35:10,771][com.java.TestType] [  487] -  str(2) = 10
[INFO ][2016-01-29 12:35:10,771][com.java.TestType] [  487] -  str(1) = 8
[INFO ][2016-01-29 12:35:10,771][com.java.TestType] [  490] - Test case Id is---8
[INFO ][2016-01-29 12:35:10,772][com.java.TestType] [  492] - 8
[INFO ][2016-01-29 12:35:10,772][com.java.TestType] [  487] -  str(2) = 11
[INFO ][2016-01-29 12:35:10,772][com.java.TestType] [  487] -  str(1) = 8
[INFO ][2016-01-29 12:35:10,772][com.java.TestType] [  490] - Test case Id is---8
[INFO ][2016-01-29 12:35:10,772][com.java.TestType] [  492] - 8
[INFO ][2016-01-29 12:35:10,772][com.java.TestType] [  487] -  str(2) = 12
[INFO ][2016-01-29 12:35:10,773][com.java.TestType] [  487] -  str(1) = 8
[INFO ][2016-01-29 12:35:10,773][com.java.TestType] [  490] - Test case Id is---8
[INFO ][2016-01-29 12:35:10,773][com.java.TestType] [  492] - 8
[INFO ][2016-01-29 12:35:10,773][com.java.TestType] [  487] -  str(2) = 13
[INFO ][2016-01-29 12:35:10,774][com.java.TestType] [  487] -  str(1) = 8
[INFO ][2016-01-29 12:35:10,774][com.java.TestType] [  490] - Test case Id is---8
[INFO ][2016-01-29 12:35:10,774][com.java.TestType] [  492] - 8
[INFO ][2016-01-29 12:35:10,774][com.java.TestType] [  487] -  str(2) = 14
[INFO ][2016-01-29 12:35:10,775][com.java.TestType] [  487] -  str(1) = 8
[INFO ][2016-01-29 12:35:10,775][com.java.TestType] [  490] - Test case Id is---8
[INFO ][2016-01-29 12:35:10,775][com.java.TestType] [  492] - 8
[INFO ][2016-01-29 12:35:10,775][com.java.TestType] [  487] -  str(2) = 15
[INFO ][2016-01-29 12:35:10,776][com.java.TestType] [  487] -  str(1) = 8
[INFO ][2016-01-29 12:35:10,776][com.java.TestType] [  490] - Test case Id is---8
[INFO ][2016-01-29 12:35:10,776][com.java.TestType] [  492] - 8
[INFO ][2016-01-29 12:35:10,776][com.java.TestType] [  487] -  str(2) = 16
[INFO ][2016-01-29 12:35:10,776][com.java.TestType] [  487] -  str(1) = 8
[INFO ][2016-01-29 12:35:10,776][com.java.TestType] [  490] - Test case Id is---8
[INFO ][2016-01-29 12:35:10,777][com.java.TestType] [  492] - 8
[INFO ][2016-01-29 12:35:10,777][com.java.TestType] [  487] -  str(2) = 17
[INFO ][2016-01-29 12:35:10,778][com.java.TestType] [11700] - Looping 1TCID = 8
[DEBUG][2016-01-29 12:35:10,778][com.java.TestType] [11741] - Concept ID:8 :: Step being Executed: 8::1
[ERROR][2016-01-29 12:35:10,778][com.java.TestType] [11774] - Exception: null
[INFO ][2016-01-29 12:35:10,778][com.java.TestType] [11779] - dataFields : BTNparent
[DEBUG][2016-01-29 12:35:10,778][com.java.TestType] [11785] - <In Set values of the page>
[DEBUG][2016-01-29 12:35:10,778][com.java.TestType] [11790] - {Data Fields & Data Values Exist}
[INFO ][2016-01-29 12:35:10,778][com.java.TestType] [11796] - --------------------------setting values-----------------------------
[INFO ][2016-01-29 12:35:10,778][com.java.TestType] [11799] - Action Type : SELECTFRAME
[INFO ][2016-01-29 12:35:10,793][com.java.TestType] [11818] -  RESULT true
[INFO ][2016-01-29 12:35:10,793][com.java.TestType] [11935] - ?   P A S S   ?
[DEBUG][2016-01-29 12:35:10,793][com.java.TestType] [11741] - Concept ID:8 :: Step being Executed: 8::2
[INFO ][2016-01-29 12:35:10,793][com.java.TestType] [11779] - dataFields : test
[DEBUG][2016-01-29 12:35:10,793][com.java.TestType] [11785] - <In Set values of the page>
[DEBUG][2016-01-29 12:35:10,793][com.java.TestType] [11790] - {Data Fields & Data Values Exist}
[INFO ][2016-01-29 12:35:10,793][com.java.TestType] [11796] - --------------------------setting values-----------------------------
[INFO ][2016-01-29 12:35:10,793][com.java.TestType] [11799] - Action Type : OPENURL
[INFO ][2016-01-29 12:35:10,794][com.java.TestType] [ 6440] - value = https://clients-xuat.bankersdashboard.com
[INFO ][2016-01-29 12:35:10,794][com.java.TestType] [  358] - Open URL : https://clients-xuat.bankersdashboard.com
[INFO ][2016-01-29 12:35:16,514][com.java.TestType] [11818] -  RESULT true
[INFO ][2016-01-29 12:35:16,514][com.java.TestType] [11935] - ?   P A S S   ?
[DEBUG][2016-01-29 12:35:16,514][com.java.TestType] [11741] - Concept ID:8 :: Step being Executed: 8::3
[ERROR][2016-01-29 12:35:16,514][com.java.TestType] [11774] - Exception: null
[INFO ][2016-01-29 12:35:16,514][com.java.TestType] [11779] - dataFields : //span[@class='icon-cog2']&&//ul[@id='Settings']/li/a&&//ul[@id='Customize']/li/a
[DEBUG][2016-01-29 12:35:16,514][com.java.TestType] [11785] - <In Set values of the page>
[DEBUG][2016-01-29 12:35:16,514][com.java.TestType] [11790] - {Data Fields & Data Values Exist}
[INFO ][2016-01-29 12:35:16,515][com.java.TestType] [11796] - --------------------------setting values-----------------------------
[INFO ][2016-01-29 12:35:16,515][com.java.TestType] [11799] - Action Type : MOUSEOVER
[INFO ][2016-01-29 12:36:01,156][com.java.TestType] [11818] -  RESULT true
[INFO ][2016-01-29 12:36:01,156][com.java.TestType] [11935] - ?   P A S S   ?
[DEBUG][2016-01-29 12:36:01,157][com.java.TestType] [11741] - Concept ID:8 :: Step being Executed: 8::4
[INFO ][2016-01-29 12:36:01,157][com.java.TestType] [11779] - dataFields : XPH//span[@class='ui-dialog-title']
[DEBUG][2016-01-29 12:36:01,157][com.java.TestType] [11785] - <In Set values of the page>
[DEBUG][2016-01-29 12:36:01,157][com.java.TestType] [11790] - {Data Fields & Data Values Exist}
[INFO ][2016-01-29 12:36:01,157][com.java.TestType] [11796] - --------------------------setting values-----------------------------
[INFO ][2016-01-29 12:36:01,157][com.java.TestType] [11799] - Action Type : Verify
[INFO ][2016-01-29 12:36:01,157][com.java.TestType] [ 8040] - field= XPH//span[@class='ui-dialog-title'] value= My Dashboard Indicators
[INFO ][2016-01-29 12:36:01,157][com.java.TestType] [ 6440] - value = My Dashboard Indicators
[INFO ][2016-01-29 12:36:01,313][com.java.TestType] [11818] -  RESULT true
[INFO ][2016-01-29 12:36:01,313][com.java.TestType] [11935] - ?   P A S S   ?
[DEBUG][2016-01-29 12:36:01,313][com.java.TestType] [11741] - Concept ID:8 :: Step being Executed: 8::5
[ERROR][2016-01-29 12:36:01,313][com.java.TestType] [11774] - Exception: null
[INFO ][2016-01-29 12:36:01,314][com.java.TestType] [11779] - dataFields : BTNframeDialogContent
[DEBUG][2016-01-29 12:36:01,314][com.java.TestType] [11785] - <In Set values of the page>
[DEBUG][2016-01-29 12:36:01,314][com.java.TestType] [11790] - {Data Fields & Data Values Exist}
[INFO ][2016-01-29 12:36:01,314][com.java.TestType] [11796] - --------------------------setting values-----------------------------
[INFO ][2016-01-29 12:36:01,314][com.java.TestType] [11799] - Action Type : selectframe
[INFO ][2016-01-29 12:36:02,636][com.java.TestType] [11818] -  RESULT true
[INFO ][2016-01-29 12:36:02,636][com.java.TestType] [11935] - ?   P A S S   ?
[DEBUG][2016-01-29 12:36:02,636][com.java.TestType] [11741] - Concept ID:8 :: Step being Executed: 8::6
[INFO ][2016-01-29 12:36:02,636][com.java.TestType] [11779] - dataFields : HDC//td[contains(text(),'mytext')]
[DEBUG][2016-01-29 12:36:02,636][com.java.TestType] [11785] - <In Set values of the page>
[DEBUG][2016-01-29 12:36:02,636][com.java.TestType] [11790] - {Data Fields & Data Values Exist}
[INFO ][2016-01-29 12:36:02,636][com.java.TestType] [11796] - --------------------------setting values-----------------------------
[INFO ][2016-01-29 12:36:02,636][com.java.TestType] [11799] - Action Type : CLICK
[INFO ][2016-01-29 12:36:02,637][com.java.TestType] [ 6819] - Field ::HDC//td[contains(text(),'mytext')]
[INFO ][2016-01-29 12:36:02,637][com.java.TestType] [ 6440] - value = #_keys
[ERROR][2016-01-29 12:36:03,697][com.java.TestType] [ 7200] - Exception in MNC click: null
[INFO ][2016-01-29 12:36:03,697][com.java.TestType] [11818] -  RESULT false
[INFO ][2016-01-29 12:36:03,697][com.java.TestType] [11856] - ?   F A I L   ?
[DEBUG][2016-01-29 12:36:03,697][com.java.TestType] [11859] - Browser Type : IE10
[INFO ][2016-01-29 12:36:03,702][com.java.SeleniumDriver] [  930] -  RESULT false
[INFO ][2016-01-29 12:36:03,702][com.java.SeleniumDriver] [  977] - ?   F A I L   ?
[INFO ][2016-01-29 12:36:03,702][com.java.SeleniumDriver] [  985] - Browser Type : IE10
[INFO ][2016-01-29 12:36:03,702][com.java.SeleniumDriver] [  986] - Adding Failed case16
[INFO ][2016-01-29 12:36:04,506][com.java.SeleniumDriver] [ 1100] - failedCases = 16
[ERROR][2016-01-29 12:36:04,506][com.java.SeleniumDriver] [ 1599] - Platform Errors : Our apologies...::We have encountered an issue with your request.::Our apologies?:We encountered an issue with your request.
[INFO ][2016-01-29 12:36:04,507][com.java.SeleniumDriver] [ 1603] - Length =3
[ERROR][2016-01-29 12:36:04,507][com.java.SeleniumDriver] [ 1606] - Error 0 = Our apologies...
[ERROR][2016-01-29 12:36:04,584][com.java.SeleniumDriver] [ 1606] - Error 1 = We have encountered an issue with your request.
[ERROR][2016-01-29 12:36:04,599][com.java.SeleniumDriver] [ 1606] - Error 2 = Our apologies?:We encountered an issue with your request.
[INFO ][2016-01-29 12:36:04,615][com.java.SeleniumDriver] [ 1617] - strError:
[DEBUG][2016-01-29 12:36:04,629][com.java.SeleniumDriver] [ 1248] - Case found
[DEBUG][2016-01-29 12:36:04,629][com.java.SeleniumDriver] [ 1253] - Incrementing ReportCounters[0]:2
[INFO ][2016-01-29 12:36:04,629][com.java.SeleniumDriver] [ 1272] - The results are-------------------[16, 21, Settings : User Settings : Open Dashboard in New Window, Fail, 
Test case failed at Step No. :: 21   Error Message ::  In CONCEPT: Test case failed at Step No. :: 6   Error Message ::  Unable to click on the elemnt using MNC: null. Screen Shot : D:\BankersDashboard\TestReports\012916\16_012916_123603_IE10.png, Fri Jan 29 12:36:04 IST 2016]
[INFO ][2016-01-29 12:36:04,629][com.java.SeleniumDriver] [ 1276] - End time is-------3 min 31 sec
[INFO ][2016-01-29 12:36:04,629][com.java.SeleniumDriver] [ 1277] - The results are-------------------[16, 21, Settings : User Settings : Open Dashboard in New Window, Fail, 
Test case failed at Step No. :: 21   Error Message ::  In CONCEPT: Test case failed at Step No. :: 6   Error Message ::  Unable to click on the elemnt using MNC: null. Screen Shot : D:\BankersDashboard\TestReports\012916\16_012916_123603_IE10.png, Fri Jan 29 12:36:04 IST 2016]
[DEBUG][2016-01-29 12:36:04,629][com.java.ImportnExport.ExportTestResultsExcel] [  222] - testResultPath = D:\BankersDashboard/TestReports/Test Results_BankersDashBoard_012916_123235_IE10_United Bank.xls
[DEBUG][2016-01-29 12:36:04,629][com.java.ImportnExport.ExportTestResultsExcel] [  223] - browser is------------IE10
[DEBUG][2016-01-29 12:36:04,631][com.java.ImportnExport.ExportTestResultsExcel] [  270] - result.size() = 6
[DEBUG][2016-01-29 12:36:04,632][com.java.ImportnExport.ExportTestResultsExcel] [  274] - No of rows in sheet=2
[DEBUG][2016-01-29 12:36:04,632][com.java.ImportnExport.ExportTestResultsExcel] [  301] - ..in export..16
[DEBUG][2016-01-29 12:36:04,632][com.java.ImportnExport.ExportTestResultsExcel] [  301] - ..in export..Settings : User Settings : Open Dashboard in New Window
[DEBUG][2016-01-29 12:36:04,632][com.java.ImportnExport.ExportTestResultsExcel] [  301] - ..in export..Fail
[DEBUG][2016-01-29 12:36:04,632][com.java.ImportnExport.ExportTestResultsExcel] [  301] - ..in export..
Test case failed at Step No. :: 21   Error Message ::  In CONCEPT: Test case failed at Step No. :: 6   Error Message ::  Unable to click on the elemnt using MNC: null. Screen Shot : D:\BankersDashboard\TestReports\012916\16_012916_123603_IE10.png
[DEBUG][2016-01-29 12:36:04,632][com.java.ImportnExport.ExportTestResultsExcel] [  301] - ..in export..Fri Jan 29 12:36:04 IST 2016
[INFO ][2016-01-29 12:36:04,633][com.java.SeleniumDriver] [ 1337] - out loop:1 size:6 TestCases:[1, 16, 17, 18, 19, 20] testcases:[1, 16, 17, 18, 19, 20]
[INFO ][2016-01-29 12:36:04,634][com.java.ImportnExport.ImportTestDataDetailsExcel] [   49] - test data details path===== D:\BankersDashboard\TestInputs\TestData.xls
[INFO ][2016-01-29 12:36:23,907][com.java.SeleniumDriver] [  856] - ------------------------------------------
[INFO ][2016-01-29 12:36:23,907][com.java.SeleniumDriver] [  857] - Test case being Executed: 17
[INFO ][2016-01-29 12:36:23,907][com.java.SeleniumDriver] [  869] - Test step:1
[INFO ][2016-01-29 12:36:23,907][com.java.SeleniumDriver] [  881] - Datavalue is----------Logout
[INFO ][2016-01-29 12:36:23,907][com.java.SeleniumDriver] [  905] - DataField : BTN
[INFO ][2016-01-29 12:36:23,907][com.java.SeleniumDriver] [  907] - DataValue : Logout
[INFO ][2016-01-29 12:36:23,907][com.java.SeleniumDriver] [  913] - <In Set values of the page>
[INFO ][2016-01-29 12:36:23,907][com.java.SeleniumDriver] [  916] - {Data Fields & Data Values Exist}
[INFO ][2016-01-29 12:36:23,907][com.java.SeleniumDriver] [  918] - --------------------------setting values-----------------------------
[INFO ][2016-01-29 12:36:23,907][com.java.SeleniumDriver] [  921] - Action Type : Verify
[INFO ][2016-01-29 12:36:23,907][com.java.TestType] [ 8040] - field= BTN value= Logout
[INFO ][2016-01-29 12:36:23,907][com.java.TestType] [ 6440] - value = Logout
[INFO ][2016-01-29 12:36:23,968][com.java.SeleniumDriver] [  930] -  RESULT true
[INFO ][2016-01-29 12:36:23,968][com.java.SeleniumDriver] [ 1136] - ?   P A S S   ?
[INFO ][2016-01-29 12:36:23,968][com.java.SeleniumDriver] [ 1178] - step change to 3
[INFO ][2016-01-29 12:36:23,968][com.java.SeleniumDriver] [  856] - ------------------------------------------
[INFO ][2016-01-29 12:36:23,968][com.java.SeleniumDriver] [  857] - Test case being Executed: 17
[INFO ][2016-01-29 12:36:23,968][com.java.SeleniumDriver] [  869] - Test step:3
[INFO ][2016-01-29 12:36:23,968][com.java.SeleniumDriver] [  881] - Datavalue is----------Concept#2:1-2
[INFO ][2016-01-29 12:36:23,968][com.java.SeleniumDriver] [  905] - DataField : test
[INFO ][2016-01-29 12:36:23,968][com.java.SeleniumDriver] [  907] - DataValue : Concept#2:1-2
[INFO ][2016-01-29 12:36:23,968][com.java.SeleniumDriver] [  913] - <In Set values of the page>
[INFO ][2016-01-29 12:36:23,968][com.java.SeleniumDriver] [  916] - {Data Fields & Data Values Exist}
[INFO ][2016-01-29 12:36:23,968][com.java.SeleniumDriver] [  918] - --------------------------setting values-----------------------------
[INFO ][2016-01-29 12:36:23,968][com.java.SeleniumDriver] [  921] - Action Type : ExecuteTestCase
[INFO ][2016-01-29 12:36:23,968][com.java.TestType] [  442] - The Concept sheet name is ---------- Concept
[INFO ][2016-01-29 12:36:23,968][com.java.TestType] [  445] - The Concept ID  is ---------- 2
[DEBUG][2016-01-29 12:36:23,968][com.java.TestType] [  449] - Steps being executted in the Concept are: 1:2
[INFO ][2016-01-29 12:36:23,968][com.java.TestType] [  456] - Test data details path ---------- D:\BankersDashboard\TestInputs\TestData.xls
[INFO ][2016-01-29 12:36:23,998][com.java.TestType] [  487] -  str(1) = 2
[INFO ][2016-01-29 12:36:23,998][com.java.TestType] [  490] - Test case Id is---2
[INFO ][2016-01-29 12:36:23,998][com.java.TestType] [  492] - 2
[INFO ][2016-01-29 12:36:23,998][com.java.TestType] [  487] -  str(2) = 1
[INFO ][2016-01-29 12:36:23,998][com.java.TestType] [  487] -  str(1) = 2
[INFO ][2016-01-29 12:36:23,998][com.java.TestType] [  490] - Test case Id is---2
[INFO ][2016-01-29 12:36:23,998][com.java.TestType] [  492] - 2
[INFO ][2016-01-29 12:36:23,998][com.java.TestType] [  487] -  str(2) = 2
[INFO ][2016-01-29 12:36:23,998][com.java.TestType] [  487] -  str(1) = 2
[INFO ][2016-01-29 12:36:23,998][com.java.TestType] [  490] - Test case Id is---2
[INFO ][2016-01-29 12:36:23,998][com.java.TestType] [  492] - 2
[INFO ][2016-01-29 12:36:23,998][com.java.TestType] [  487] -  str(2) = 3
[INFO ][2016-01-29 12:36:23,998][com.java.TestType] [11700] - Looping 1TCID = 2
[DEBUG][2016-01-29 12:36:23,998][com.java.TestType] [11741] - Concept ID:2 :: Step being Executed: 2::1
[INFO ][2016-01-29 12:36:23,998][com.java.TestType] [11779] - dataFields : BNK//select[@id='bank']
[DEBUG][2016-01-29 12:36:23,998][com.java.TestType] [11785] - <In Set values of the page>
[DEBUG][2016-01-29 12:36:23,998][com.java.TestType] [11790] - {Data Fields & Data Values Exist}
[INFO ][2016-01-29 12:36:23,998][com.java.TestType] [11796] - --------------------------setting values-----------------------------
[INFO ][2016-01-29 12:36:23,998][com.java.TestType] [11799] - Action Type : Select
[INFO ][2016-01-29 12:36:23,998][com.java.TestType] [ 6440] - value = PFC
[INFO ][2016-01-29 12:36:24,218][com.java.TestType] [11818] -  RESULT true
[INFO ][2016-01-29 12:36:24,218][com.java.TestType] [11935] - ?   P A S S   ?
[DEBUG][2016-01-29 12:36:24,218][com.java.TestType] [11741] - Concept ID:2 :: Step being Executed: 2::2
[INFO ][2016-01-29 12:36:24,218][com.java.TestType] [11779] - dataFields : LNKLogout
[DEBUG][2016-01-29 12:36:24,218][com.java.TestType] [11785] - <In Set values of the page>
[DEBUG][2016-01-29 12:36:24,218][com.java.TestType] [11790] - {Data Fields & Data Values Exist}
[INFO ][2016-01-29 12:36:24,218][com.java.TestType] [11796] - --------------------------setting values-----------------------------
[INFO ][2016-01-29 12:36:24,218][com.java.TestType] [11799] - Action Type : WaitTime
[DEBUG][2016-01-29 12:36:24,218][com.java.TestType] [ 6254] - sleepTime: 5000
[INFO ][2016-01-29 12:36:29,222][com.java.TestType] [11818] -  RESULT true
[INFO ][2016-01-29 12:36:29,222][com.java.TestType] [11935] - ?   P A S S   ?
[INFO ][2016-01-29 12:36:29,222][com.java.TestType] [12006] - Looping End......
[INFO ][2016-01-29 12:36:29,222][com.java.SeleniumDriver] [  930] -  RESULT true
[INFO ][2016-01-29 12:36:29,222][com.java.SeleniumDriver] [ 1136] - ?   P A S S   ?
[INFO ][2016-01-29 12:36:29,222][com.java.SeleniumDriver] [  856] - ------------------------------------------
[INFO ][2016-01-29 12:36:29,222][com.java.SeleniumDriver] [  857] - Test case being Executed: 17
[INFO ][2016-01-29 12:36:29,222][com.java.SeleniumDriver] [  869] - Test step:4
[INFO ][2016-01-29 12:36:29,222][com.java.SeleniumDriver] [  881] - Datavalue is----------null
[DEBUG][2016-01-29 12:36:29,222][com.java.SeleniumDriver] [  899] - Exception: null
[INFO ][2016-01-29 12:36:29,222][com.java.SeleniumDriver] [  905] - DataField : //span[@class='icon-cog2']&&//a[@data-id="UserSettings"]
[INFO ][2016-01-29 12:36:29,222][com.java.SeleniumDriver] [  907] - DataValue : 
[INFO ][2016-01-29 12:36:29,222][com.java.SeleniumDriver] [  913] - <In Set values of the page>
[INFO ][2016-01-29 12:36:29,222][com.java.SeleniumDriver] [  916] - {Data Fields & Data Values Exist}
[INFO ][2016-01-29 12:36:29,222][com.java.SeleniumDriver] [  918] - --------------------------setting values-----------------------------
[INFO ][2016-01-29 12:36:29,222][com.java.SeleniumDriver] [  921] - Action Type : MOUSEOVER
[INFO ][2016-01-29 12:37:09,498][com.java.SeleniumDriver] [  930] -  RESULT true
[INFO ][2016-01-29 12:37:09,498][com.java.SeleniumDriver] [ 1136] - ?   P A S S   ?
[INFO ][2016-01-29 12:37:09,498][com.java.SeleniumDriver] [  856] - ------------------------------------------
[INFO ][2016-01-29 12:37:09,498][com.java.SeleniumDriver] [  857] - Test case being Executed: 17
[INFO ][2016-01-29 12:37:09,498][com.java.SeleniumDriver] [  869] - Test step:5
[INFO ][2016-01-29 12:37:09,498][com.java.SeleniumDriver] [  881] - Datavalue is----------1
[INFO ][2016-01-29 12:37:09,498][com.java.SeleniumDriver] [  905] - DataField : BTNframeDialogContent
[INFO ][2016-01-29 12:37:09,498][com.java.SeleniumDriver] [  907] - DataValue : 1
[INFO ][2016-01-29 12:37:09,498][com.java.SeleniumDriver] [  913] - <In Set values of the page>
[INFO ][2016-01-29 12:37:09,498][com.java.SeleniumDriver] [  916] - {Data Fields & Data Values Exist}
[INFO ][2016-01-29 12:37:09,498][com.java.SeleniumDriver] [  918] - --------------------------setting values-----------------------------
[INFO ][2016-01-29 12:37:09,498][com.java.SeleniumDriver] [  921] - Action Type : WaitForElement
[INFO ][2016-01-29 12:37:10,758][com.java.SeleniumDriver] [  930] -  RESULT true
[INFO ][2016-01-29 12:37:10,758][com.java.SeleniumDriver] [ 1136] - ?   P A S S   ?
[INFO ][2016-01-29 12:37:10,758][com.java.SeleniumDriver] [  856] - ------------------------------------------
[INFO ][2016-01-29 12:37:10,758][com.java.SeleniumDriver] [  857] - Test case being Executed: 17
[INFO ][2016-01-29 12:37:10,758][com.java.SeleniumDriver] [  869] - Test step:6
[INFO ][2016-01-29 12:37:10,758][com.java.SeleniumDriver] [  881] - Datavalue is----------null
[DEBUG][2016-01-29 12:37:10,758][com.java.SeleniumDriver] [  899] - Exception: null
[INFO ][2016-01-29 12:37:10,758][com.java.SeleniumDriver] [  905] - DataField : BTNframeDialogContent
[INFO ][2016-01-29 12:37:10,758][com.java.SeleniumDriver] [  907] - DataValue : 
[INFO ][2016-01-29 12:37:10,758][com.java.SeleniumDriver] [  913] - <In Set values of the page>
[INFO ][2016-01-29 12:37:10,758][com.java.SeleniumDriver] [  916] - {Data Fields & Data Values Exist}
[INFO ][2016-01-29 12:37:10,758][com.java.SeleniumDriver] [  918] - --------------------------setting values-----------------------------
[INFO ][2016-01-29 12:37:10,758][com.java.SeleniumDriver] [  921] - Action Type : SELECTFRAME
[INFO ][2016-01-29 12:37:12,117][com.java.SeleniumDriver] [  930] -  RESULT true
[INFO ][2016-01-29 12:37:12,117][com.java.SeleniumDriver] [ 1136] - ?   P A S S   ?
[INFO ][2016-01-29 12:37:12,117][com.java.SeleniumDriver] [  856] - ------------------------------------------
[INFO ][2016-01-29 12:37:12,117][com.java.SeleniumDriver] [  857] - Test case being Executed: 17
[INFO ][2016-01-29 12:37:12,117][com.java.SeleniumDriver] [  869] - Test step:7
[INFO ][2016-01-29 12:37:12,117][com.java.SeleniumDriver] [  881] - Datavalue is----------Yes
[INFO ][2016-01-29 12:37:12,117][com.java.SeleniumDriver] [  905] - DataField : SLBddlShowDateOnReports
[INFO ][2016-01-29 12:37:12,117][com.java.SeleniumDriver] [  907] - DataValue : Yes
[INFO ][2016-01-29 12:37:12,117][com.java.SeleniumDriver] [  913] - <In Set values of the page>
[INFO ][2016-01-29 12:37:12,117][com.java.SeleniumDriver] [  916] - {Data Fields & Data Values Exist}
[INFO ][2016-01-29 12:37:12,117][com.java.SeleniumDriver] [  918] - --------------------------setting values-----------------------------
[INFO ][2016-01-29 12:37:12,117][com.java.SeleniumDriver] [  921] - Action Type : SELECT
[INFO ][2016-01-29 12:37:12,117][com.java.TestType] [ 6440] - value = Yes
[ERROR][2016-01-29 12:37:12,889][com.java.TestType] [ 6705] - Unable to perform Action Select null
[INFO ][2016-01-29 12:37:12,889][com.java.SeleniumDriver] [  930] -  RESULT false
[INFO ][2016-01-29 12:37:12,889][com.java.SeleniumDriver] [  977] - ?   F A I L   ?
[INFO ][2016-01-29 12:37:12,889][com.java.SeleniumDriver] [  985] - Browser Type : IE10
[INFO ][2016-01-29 12:37:12,889][com.java.SeleniumDriver] [  986] - Adding Failed case17
[WARN ][2016-01-29 12:37:12,910][com.java.SeleniumDriver] [ 1046] - Source 'D:\BankersDashboard\TestReports\012916' exists but is a directory
[INFO ][2016-01-29 12:37:12,910][com.java.SeleniumDriver] [ 1100] - failedCases = 16-17
[ERROR][2016-01-29 12:37:12,910][com.java.SeleniumDriver] [ 1599] - Platform Errors : Our apologies...::We have encountered an issue with your request.::Our apologies?:We encountered an issue with your request.
[INFO ][2016-01-29 12:37:12,910][com.java.SeleniumDriver] [ 1603] - Length =3
[ERROR][2016-01-29 12:37:12,910][com.java.SeleniumDriver] [ 1606] - Error 0 = Our apologies...
[ERROR][2016-01-29 12:37:12,920][com.java.SeleniumDriver] [ 1620] - Unable to get browser (WARNING: The server did not provide any stacktrace information)
Command duration or timeout: 10 milliseconds
Build info: version: '2.48.2', revision: '41bccdd', time: '2015-10-09 19:59:12'
System info: host: 'FVTIII438F1D', ip: '172.17.68.34', os.name: 'Windows 7', os.arch: 'x86', os.version: '6.1', java.version: '1.7.0_55'
Session ID: 2ece7e3d-1855-4312-9efb-1e86fd02823e
Driver info: org.openqa.selenium.ie.InternetExplorerDriver
Capabilities [{platform=WINDOWS, javascriptEnabled=true, elementScrollBehavior=0, ignoreZoomSetting=false, enablePersistentHover=true, ie.ensureCleanSession=false, browserName=internet explorer, enableElementCacheCleanup=true, unexpectedAlertBehaviour=dismiss, version=10, ie.usePerProcessProxy=false, ignoreProtectedModeSettings=true, cssSelectorsEnabled=true, requireWindowFocus=false, initialBrowserUrl=http://localhost:18919/, handlesAlerts=true, ie.forceCreateProcessApi=false, nativeEvents=true, browserAttachTimeout=0, ie.browserCommandLineSwitches=, takesScreenshot=true}]
[INFO ][2016-01-29 12:37:12,920][com.java.SeleniumDriver] [ 1622] - FindPlatformErrors exception: Unable to get browser (WARNING: The server did not provide any stacktrace information)
Command duration or timeout: 10 milliseconds
Build info: version: '2.48.2', revision: '41bccdd', time: '2015-10-09 19:59:12'
System info: host: 'FVTIII438F1D', ip: '172.17.68.34', os.name: 'Windows 7', os.arch: 'x86', os.version: '6.1', java.version: '1.7.0_55'
Session ID: 2ece7e3d-1855-4312-9efb-1e86fd02823e
Driver info: org.openqa.selenium.ie.InternetExplorerDriver
Capabilities [{platform=WINDOWS, javascriptEnabled=true, elementScrollBehavior=0, ignoreZoomSetting=false, enablePersistentHover=true, ie.ensureCleanSession=false, browserName=internet explorer, enableElementCacheCleanup=true, unexpectedAlertBehaviour=dismiss, version=10, ie.usePerProcessProxy=false, ignoreProtectedModeSettings=true, cssSelectorsEnabled=true, requireWindowFocus=false, initialBrowserUrl=http://localhost:18919/, handlesAlerts=true, ie.forceCreateProcessApi=false, nativeEvents=true, browserAttachTimeout=0, ie.browserCommandLineSwitches=, takesScreenshot=true}]
[DEBUG][2016-01-29 12:37:12,920][com.java.SeleniumDriver] [ 1624] - Unable to get the Platform Error list from Hash Map.
[ERROR][2016-01-29 12:37:12,920][com.java.SeleniumDriver] [ 1218] - 
[INFO ][2016-01-29 12:37:12,920][com.java.SeleniumDriver] [  856] - ------------------------------------------
[INFO ][2016-01-29 12:37:12,920][com.java.SeleniumDriver] [  857] - Test case being Executed: 17
[INFO ][2016-01-29 12:37:12,920][com.java.SeleniumDriver] [  869] - Test step:8
[INFO ][2016-01-29 12:37:12,920][com.java.SeleniumDriver] [  881] - Datavalue is----------null
[DEBUG][2016-01-29 12:37:12,920][com.java.SeleniumDriver] [  899] - Exception: null
[INFO ][2016-01-29 12:37:12,920][com.java.SeleniumDriver] [  905] - DataField : BTNparent
[INFO ][2016-01-29 12:37:12,920][com.java.SeleniumDriver] [  907] - DataValue : 
[INFO ][2016-01-29 12:37:12,920][com.java.SeleniumDriver] [  913] - <In Set values of the page>
[INFO ][2016-01-29 12:37:12,920][com.java.SeleniumDriver] [  916] - {Data Fields & Data Values Exist}
[INFO ][2016-01-29 12:37:12,920][com.java.SeleniumDriver] [  918] - --------------------------setting values-----------------------------
[INFO ][2016-01-29 12:37:12,920][com.java.SeleniumDriver] [  921] - Action Type : SELECTFRAME
[ERROR][2016-01-29 12:37:12,930][com.java.TestType] [ 6741] - Exception: Unable to get browser (WARNING: The server did not provide any stacktrace information)
Command duration or timeout: 10 milliseconds
Build info: version: '2.48.2', revision: '41bccdd', time: '2015-10-09 19:59:12'
System info: host: 'FVTIII438F1D', ip: '172.17.68.34', os.name: 'Windows 7', os.arch: 'x86', os.version: '6.1', java.version: '1.7.0_55'
Session ID: 2ece7e3d-1855-4312-9efb-1e86fd02823e
Driver info: org.openqa.selenium.ie.InternetExplorerDriver
Capabilities [{platform=WINDOWS, javascriptEnabled=true, elementScrollBehavior=0, ignoreZoomSetting=false, enablePersistentHover=true, ie.ensureCleanSession=false, browserName=internet explorer, enableElementCacheCleanup=true, unexpectedAlertBehaviour=dismiss, version=10, ie.usePerProcessProxy=false, ignoreProtectedModeSettings=true, cssSelectorsEnabled=true, requireWindowFocus=false, initialBrowserUrl=http://localhost:18919/, handlesAlerts=true, ie.forceCreateProcessApi=false, nativeEvents=true, browserAttachTimeout=0, ie.browserCommandLineSwitches=, takesScreenshot=true}]
[INFO ][2016-01-29 12:37:12,930][com.java.SeleniumDriver] [  930] -  RESULT false
[INFO ][2016-01-29 12:37:12,930][com.java.SeleniumDriver] [  977] - ?   F A I L   ?
[INFO ][2016-01-29 12:37:12,930][com.java.SeleniumDriver] [  985] - Browser Type : IE10
[INFO ][2016-01-29 12:37:12,930][com.java.SeleniumDriver] [  986] - Adding Failed case17
[WARN ][2016-01-29 12:37:12,940][com.java.SeleniumDriver] [ 1046] - Source 'D:\BankersDashboard\TestReports\012916' exists but is a directory
[INFO ][2016-01-29 12:37:12,940][com.java.SeleniumDriver] [ 1100] - failedCases = 16-17,17
[ERROR][2016-01-29 12:37:12,940][com.java.SeleniumDriver] [ 1599] - Platform Errors : Our apologies...::We have encountered an issue with your request.::Our apologies?:We encountered an issue with your request.
[INFO ][2016-01-29 12:37:12,940][com.java.SeleniumDriver] [ 1603] - Length =3
[ERROR][2016-01-29 12:37:12,940][com.java.SeleniumDriver] [ 1606] - Error 0 = Our apologies...
[ERROR][2016-01-29 12:37:12,950][com.java.SeleniumDriver] [ 1620] - Unable to get browser (WARNING: The server did not provide any stacktrace information)
Command duration or timeout: 10 milliseconds
Build info: version: '2.48.2', revision: '41bccdd', time: '2015-10-09 19:59:12'
System info: host: 'FVTIII438F1D', ip: '172.17.68.34', os.name: 'Windows 7', os.arch: 'x86', os.version: '6.1', java.version: '1.7.0_55'
Session ID: 2ece7e3d-1855-4312-9efb-1e86fd02823e
Driver info: org.openqa.selenium.ie.InternetExplorerDriver
Capabilities [{platform=WINDOWS, javascriptEnabled=true, elementScrollBehavior=0, ignoreZoomSetting=false, enablePersistentHover=true, ie.ensureCleanSession=false, browserName=internet explorer, enableElementCacheCleanup=true, unexpectedAlertBehaviour=dismiss, version=10, ie.usePerProcessProxy=false, ignoreProtectedModeSettings=true, cssSelectorsEnabled=true, requireWindowFocus=false, initialBrowserUrl=http://localhost:18919/, handlesAlerts=true, ie.forceCreateProcessApi=false, nativeEvents=true, browserAttachTimeout=0, ie.browserCommandLineSwitches=, takesScreenshot=true}]
[INFO ][2016-01-29 12:37:12,950][com.java.SeleniumDriver] [ 1622] - FindPlatformErrors exception: Unable to get browser (WARNING: The server did not provide any stacktrace information)
Command duration or timeout: 10 milliseconds
Build info: version: '2.48.2', revision: '41bccdd', time: '2015-10-09 19:59:12'
System info: host: 'FVTIII438F1D', ip: '172.17.68.34', os.name: 'Windows 7', os.arch: 'x86', os.version: '6.1', java.version: '1.7.0_55'
Session ID: 2ece7e3d-1855-4312-9efb-1e86fd02823e
Driver info: org.openqa.selenium.ie.InternetExplorerDriver
Capabilities [{platform=WINDOWS, javascriptEnabled=true, elementScrollBehavior=0, ignoreZoomSetting=false, enablePersistentHover=true, ie.ensureCleanSession=false, browserName=internet explorer, enableElementCacheCleanup=true, unexpectedAlertBehaviour=dismiss, version=10, ie.usePerProcessProxy=false, ignoreProtectedModeSettings=true, cssSelectorsEnabled=true, requireWindowFocus=false, initialBrowserUrl=http://localhost:18919/, handlesAlerts=true, ie.forceCreateProcessApi=false, nativeEvents=true, browserAttachTimeout=0, ie.browserCommandLineSwitches=, takesScreenshot=true}]
[DEBUG][2016-01-29 12:37:12,950][com.java.SeleniumDriver] [ 1624] - Unable to get the Platform Error list from Hash Map.
[ERROR][2016-01-29 12:37:12,950][com.java.SeleniumDriver] [ 1218] - 
[INFO ][2016-01-29 12:37:12,950][com.java.SeleniumDriver] [  856] - ------------------------------------------
[INFO ][2016-01-29 12:37:12,950][com.java.SeleniumDriver] [  857] - Test case being Executed: 17
[INFO ][2016-01-29 12:37:12,950][com.java.SeleniumDriver] [  869] - Test step:9
[INFO ][2016-01-29 12:37:12,950][com.java.SeleniumDriver] [  881] - Datavalue is----------null
[DEBUG][2016-01-29 12:37:12,950][com.java.SeleniumDriver] [  899] - Exception: null
[INFO ][2016-01-29 12:37:12,950][com.java.SeleniumDriver] [  905] - DataField : BTN//span[text()='Finished']
[INFO ][2016-01-29 12:37:12,950][com.java.SeleniumDriver] [  907] - DataValue : 
[INFO ][2016-01-29 12:37:12,950][com.java.SeleniumDriver] [  913] - <In Set values of the page>
[INFO ][2016-01-29 12:37:12,950][com.java.SeleniumDriver] [  916] - {Data Fields & Data Values Exist}
[INFO ][2016-01-29 12:37:12,950][com.java.SeleniumDriver] [  918] - --------------------------setting values-----------------------------
[INFO ][2016-01-29 12:37:12,950][com.java.SeleniumDriver] [  921] - Action Type : Click
[INFO ][2016-01-29 12:37:12,950][com.java.TestType] [ 6819] - Field ::BTN//span[text()='Finished']
[INFO ][2016-01-29 12:37:12,950][com.java.TestType] [ 6440] - value = 
[INFO ][2016-01-29 12:37:13,950][com.java.TestType] [ 6971] - BEFORE CLICK
[ERROR][2016-01-29 12:37:13,960][com.java.TestType] [ 7344] - Exception in click:: null
[INFO ][2016-01-29 12:37:13,960][com.java.TestType] [ 7348] - Element :://span[text()='Finished']:: not found
[INFO ][2016-01-29 12:37:13,960][com.java.SeleniumDriver] [  930] -  RESULT false
[INFO ][2016-01-29 12:37:13,960][com.java.SeleniumDriver] [  977] - ?   F A I L   ?
[INFO ][2016-01-29 12:37:13,960][com.java.SeleniumDriver] [  985] - Browser Type : IE10
[INFO ][2016-01-29 12:37:13,960][com.java.SeleniumDriver] [  986] - Adding Failed case17
[WARN ][2016-01-29 12:37:13,961][com.java.SeleniumDriver] [ 1046] - Source 'D:\BankersDashboard\TestReports\012916' exists but is a directory
[INFO ][2016-01-29 12:37:13,961][com.java.SeleniumDriver] [ 1100] - failedCases = 16-17,17,17
[ERROR][2016-01-29 12:37:13,961][com.java.SeleniumDriver] [ 1599] - Platform Errors : Our apologies...::We have encountered an issue with your request.::Our apologies?:We encountered an issue with your request.
[INFO ][2016-01-29 12:37:13,961][com.java.SeleniumDriver] [ 1603] - Length =3
[ERROR][2016-01-29 12:37:13,961][com.java.SeleniumDriver] [ 1606] - Error 0 = Our apologies...
[ERROR][2016-01-29 12:37:13,981][com.java.SeleniumDriver] [ 1620] - Unable to get browser (WARNING: The server did not provide any stacktrace information)
Command duration or timeout: 20 milliseconds
Build info: version: '2.48.2', revision: '41bccdd', time: '2015-10-09 19:59:12'
System info: host: 'FVTIII438F1D', ip: '172.17.68.34', os.name: 'Windows 7', os.arch: 'x86', os.version: '6.1', java.version: '1.7.0_55'
Session ID: 2ece7e3d-1855-4312-9efb-1e86fd02823e
Driver info: org.openqa.selenium.ie.InternetExplorerDriver
Capabilities [{platform=WINDOWS, javascriptEnabled=true, elementScrollBehavior=0, ignoreZoomSetting=false, enablePersistentHover=true, ie.ensureCleanSession=false, browserName=internet explorer, enableElementCacheCleanup=true, unexpectedAlertBehaviour=dismiss, version=10, ie.usePerProcessProxy=false, ignoreProtectedModeSettings=true, cssSelectorsEnabled=true, requireWindowFocus=false, initialBrowserUrl=http://localhost:18919/, handlesAlerts=true, ie.forceCreateProcessApi=false, nativeEvents=true, browserAttachTimeout=0, ie.browserCommandLineSwitches=, takesScreenshot=true}]
[INFO ][2016-01-29 12:37:13,981][com.java.SeleniumDriver] [ 1622] - FindPlatformErrors exception: Unable to get browser (WARNING: The server did not provide any stacktrace information)
Command duration or timeout: 20 milliseconds
Build info: version: '2.48.2', revision: '41bccdd', time: '2015-10-09 19:59:12'
System info: host: 'FVTIII438F1D', ip: '172.17.68.34', os.name: 'Windows 7', os.arch: 'x86', os.version: '6.1', java.version: '1.7.0_55'
Session ID: 2ece7e3d-1855-4312-9efb-1e86fd02823e
Driver info: org.openqa.selenium.ie.InternetExplorerDriver
Capabilities [{platform=WINDOWS, javascriptEnabled=true, elementScrollBehavior=0, ignoreZoomSetting=false, enablePersistentHover=true, ie.ensureCleanSession=false, browserName=internet explorer, enableElementCacheCleanup=true, unexpectedAlertBehaviour=dismiss, version=10, ie.usePerProcessProxy=false, ignoreProtectedModeSettings=true, cssSelectorsEnabled=true, requireWindowFocus=false, initialBrowserUrl=http://localhost:18919/, handlesAlerts=true, ie.forceCreateProcessApi=false, nativeEvents=true, browserAttachTimeout=0, ie.browserCommandLineSwitches=, takesScreenshot=true}]
[DEBUG][2016-01-29 12:37:13,981][com.java.SeleniumDriver] [ 1624] - Unable to get the Platform Error list from Hash Map.
[ERROR][2016-01-29 12:37:13,981][com.java.SeleniumDriver] [ 1218] - 
[INFO ][2016-01-29 12:37:13,981][com.java.SeleniumDriver] [  856] - ------------------------------------------
[INFO ][2016-01-29 12:37:13,981][com.java.SeleniumDriver] [  857] - Test case being Executed: 17
[INFO ][2016-01-29 12:37:13,981][com.java.SeleniumDriver] [  869] - Test step:10
[INFO ][2016-01-29 12:37:13,981][com.java.SeleniumDriver] [  881] - Datavalue is----------3
[INFO ][2016-01-29 12:37:13,981][com.java.SeleniumDriver] [  905] - DataField : XPH//div[contains(text(), 'My Dashboard')]
[INFO ][2016-01-29 12:37:13,981][com.java.SeleniumDriver] [  907] - DataValue : 3
[INFO ][2016-01-29 12:37:13,981][com.java.SeleniumDriver] [  913] - <In Set values of the page>
[INFO ][2016-01-29 12:37:13,981][com.java.SeleniumDriver] [  916] - {Data Fields & Data Values Exist}
[INFO ][2016-01-29 12:37:13,981][com.java.SeleniumDriver] [  918] - --------------------------setting values-----------------------------
[INFO ][2016-01-29 12:37:13,981][com.java.SeleniumDriver] [  921] - Action Type : WAITFORELEMENT
