[INFO ][2015-11-04 15:54:55,822][com.java.SeleniumDriver] [  213] - Execute Failed Casesfalse
[INFO ][2015-11-04 15:54:55,822][com.java.SeleniumDriver] [  214] - Browser: IE11
[INFO ][2015-11-04 15:54:55,822][com.java.SeleniumDriver] [  215] - [1, 6]
[INFO ][2015-11-04 15:54:55,822][com.java.SeleniumDriver] [  216] - Total TestCases:2
[INFO ][2015-11-04 15:54:55,822][com.java.SeleniumDriver] [  217] -  Reading Properties from Property File 
[DEBUG][2015-11-04 15:54:55,822][com.java.SeleniumDriver] [  238] - url : https://clients-xuat.bankersdashboard.com
[INFO ][2015-11-04 15:54:55,832][com.java.ImportnExport.ExportTestResultsExcel] [  116] - Time Stamp Wed Nov 04 03:54:55 IST 2015
[INFO ][2015-11-04 15:54:55,832][com.java.ImportnExport.ExportTestResultsExcel] [  175] - OUT FILE : D:\BankersDashboard/TestReports/Test Results_BankersDashBoard_110415_155455_IE11_Simmons First National Bank.xls
[INFO ][2015-11-04 15:54:55,853][com.java.ImportnExport.ExportTestResultsExcel] [  180] - Test Result file is created
[DEBUG][2015-11-04 15:54:55,953][com.java.SeleniumDriver] [  425] - Hub ip address is-------172.17.68.34
[INFO ][2015-11-04 15:54:55,953][com.java.SeleniumDriver] [  451] - Grid URL:http://172.17.68.34:4444/wd/hub
[INFO ][2015-11-04 15:54:55,953][com.java.SeleniumDriver] [  452] - Capability:Capabilities [{platform=ANY, ensureCleanSession=true, ignoreProtectedModeSettings=true, acceptSslCerts=true, ignoreZoomSetting=true, browserName=internet explorer, browserstack.ie.noFlash=true, version=Node1}]
[ERROR][2015-11-04 15:54:57,233][com.java.SeleniumDriver] [  496] - Unable invoke browser in grid:Could not start a new session. Possible causes are invalid address of the remote server or browser start-up failure.
Build info: version: '2.48.2', revision: '41bccdd', time: '2015-10-09 19:59:12'
System info: host: 'FVTIII438F1D', ip: '172.17.68.34', os.name: 'Windows 7', os.arch: 'x86', os.version: '6.1', java.version: '1.7.0_55'
Driver info: driver.version: SeleniumDriver
[INFO ][2015-11-04 15:54:57,233][com.java.SeleniumDriver] [  498] - Executing on local machine
[INFO ][2015-11-04 15:55:06,725][com.java.SeleniumDriver] [  248] - IE11is opened
[INFO ][2015-11-04 15:55:07,600][com.java.SeleniumDriver] [  752] - Test cases to be executed are: [1, 6]
[INFO ][2015-11-04 15:55:07,600][com.java.ImportnExport.ImportTestDataDetailsExcel] [   49] - test data details path===== D:\BankersDashboard\TestInputs\TestData.xls
[INFO ][2015-11-04 15:55:18,416][com.java.SeleniumDriver] [  788] - ------------------------------------------
[INFO ][2015-11-04 15:55:18,416][com.java.SeleniumDriver] [  789] - Test case being Executed: 1
[INFO ][2015-11-04 15:55:18,417][com.java.SeleniumDriver] [  800] - Test step:1
[INFO ][2015-11-04 15:55:18,417][com.java.SeleniumDriver] [  812] - Datavalue is----------Concept#1:1-14
[INFO ][2015-11-04 15:55:18,417][com.java.SeleniumDriver] [  836] - DataField : test
[INFO ][2015-11-04 15:55:18,417][com.java.SeleniumDriver] [  838] - DataValue : Concept#1:1-14
[INFO ][2015-11-04 15:55:18,417][com.java.SeleniumDriver] [  844] - <In Set values of the page>
[INFO ][2015-11-04 15:55:18,417][com.java.SeleniumDriver] [  847] - {Data Fields & Data Values Exist}
[INFO ][2015-11-04 15:55:18,417][com.java.SeleniumDriver] [  849] - --------------------------setting values-----------------------------
[INFO ][2015-11-04 15:55:18,417][com.java.SeleniumDriver] [  852] - Action Type : ExecuteTestCase
[INFO ][2015-11-04 15:55:18,447][com.java.TestType] [  411] - The Concept sheet name is ---------- Concept
[INFO ][2015-11-04 15:55:18,447][com.java.TestType] [  414] - The Concept ID  is ---------- 1
[DEBUG][2015-11-04 15:55:18,447][com.java.TestType] [  418] - Steps being executted in the Concept are: 1:14
[INFO ][2015-11-04 15:55:18,447][com.java.TestType] [  425] - Test data details path ---------- D:\BankersDashboard\TestInputs\TestData.xls
[INFO ][2015-11-04 15:55:18,477][com.java.TestType] [  456] -  str(1) = 1
[INFO ][2015-11-04 15:55:18,477][com.java.TestType] [  459] - Test case Id is---1
[INFO ][2015-11-04 15:55:18,477][com.java.TestType] [  461] - 1
[INFO ][2015-11-04 15:55:18,477][com.java.TestType] [  456] -  str(2) = 1
[INFO ][2015-11-04 15:55:18,477][com.java.TestType] [  508] - row values are--------{1=com.java.Objects.TestDataDetails@a53ba0}
[INFO ][2015-11-04 15:55:18,477][com.java.TestType] [  456] -  str(1) = 1
[INFO ][2015-11-04 15:55:18,477][com.java.TestType] [  459] - Test case Id is---1
[INFO ][2015-11-04 15:55:18,477][com.java.TestType] [  461] - 1
[INFO ][2015-11-04 15:55:18,477][com.java.TestType] [  456] -  str(2) = 2
[INFO ][2015-11-04 15:55:18,487][com.java.TestType] [  508] - row values are--------{1=com.java.Objects.TestDataDetails@a53ba0, 2=com.java.Objects.TestDataDetails@19de6c}
[INFO ][2015-11-04 15:55:18,487][com.java.TestType] [  456] -  str(1) = 1
[INFO ][2015-11-04 15:55:18,487][com.java.TestType] [  459] - Test case Id is---1
[INFO ][2015-11-04 15:55:18,487][com.java.TestType] [  461] - 1
[INFO ][2015-11-04 15:55:18,487][com.java.TestType] [  456] -  str(2) = 3
[INFO ][2015-11-04 15:55:18,487][com.java.TestType] [  508] - row values are--------{1=com.java.Objects.TestDataDetails@a53ba0, 2=com.java.Objects.TestDataDetails@19de6c, 3=com.java.Objects.TestDataDetails@9b81d5}
[INFO ][2015-11-04 15:55:18,487][com.java.TestType] [  456] -  str(1) = 1
[INFO ][2015-11-04 15:55:18,487][com.java.TestType] [  459] - Test case Id is---1
[INFO ][2015-11-04 15:55:18,487][com.java.TestType] [  461] - 1
[INFO ][2015-11-04 15:55:18,487][com.java.TestType] [  456] -  str(2) = 4
[INFO ][2015-11-04 15:55:18,487][com.java.TestType] [  508] - row values are--------{1=com.java.Objects.TestDataDetails@a53ba0, 2=com.java.Objects.TestDataDetails@19de6c, 3=com.java.Objects.TestDataDetails@9b81d5, 4=com.java.Objects.TestDataDetails@1f8a98}
[INFO ][2015-11-04 15:55:18,487][com.java.TestType] [  456] -  str(1) = 1
[INFO ][2015-11-04 15:55:18,487][com.java.TestType] [  459] - Test case Id is---1
[INFO ][2015-11-04 15:55:18,487][com.java.TestType] [  461] - 1
[INFO ][2015-11-04 15:55:18,487][com.java.TestType] [  456] -  str(2) = 5
[INFO ][2015-11-04 15:55:18,487][com.java.TestType] [  508] - row values are--------{1=com.java.Objects.TestDataDetails@a53ba0, 2=com.java.Objects.TestDataDetails@19de6c, 3=com.java.Objects.TestDataDetails@9b81d5, 4=com.java.Objects.TestDataDetails@1f8a98, 5=com.java.Objects.TestDataDetails@9a8e52}
[INFO ][2015-11-04 15:55:18,487][com.java.TestType] [  456] -  str(1) = 1
[INFO ][2015-11-04 15:55:18,487][com.java.TestType] [  459] - Test case Id is---1
[INFO ][2015-11-04 15:55:18,487][com.java.TestType] [  461] - 1
[INFO ][2015-11-04 15:55:18,487][com.java.TestType] [  456] -  str(2) = 6
[INFO ][2015-11-04 15:55:18,487][com.java.TestType] [  508] - row values are--------{1=com.java.Objects.TestDataDetails@a53ba0, 2=com.java.Objects.TestDataDetails@19de6c, 3=com.java.Objects.TestDataDetails@9b81d5, 4=com.java.Objects.TestDataDetails@1f8a98, 5=com.java.Objects.TestDataDetails@9a8e52, 6=com.java.Objects.TestDataDetails@170ad95}
[INFO ][2015-11-04 15:55:18,487][com.java.TestType] [  456] -  str(1) = 1
[INFO ][2015-11-04 15:55:18,487][com.java.TestType] [  459] - Test case Id is---1
[INFO ][2015-11-04 15:55:18,487][com.java.TestType] [  461] - 1
[INFO ][2015-11-04 15:55:18,487][com.java.TestType] [  456] -  str(2) = 7
[INFO ][2015-11-04 15:55:18,487][com.java.TestType] [  508] - row values are--------{1=com.java.Objects.TestDataDetails@a53ba0, 2=com.java.Objects.TestDataDetails@19de6c, 3=com.java.Objects.TestDataDetails@9b81d5, 4=com.java.Objects.TestDataDetails@1f8a98, 5=com.java.Objects.TestDataDetails@9a8e52, 6=com.java.Objects.TestDataDetails@170ad95, 7=com.java.Objects.TestDataDetails@5dc0a5}
[INFO ][2015-11-04 15:55:18,487][com.java.TestType] [  456] -  str(1) = 1
[INFO ][2015-11-04 15:55:18,487][com.java.TestType] [  459] - Test case Id is---1
[INFO ][2015-11-04 15:55:18,487][com.java.TestType] [  461] - 1
[INFO ][2015-11-04 15:55:18,487][com.java.TestType] [  456] -  str(2) = 8
[INFO ][2015-11-04 15:55:18,497][com.java.TestType] [  508] - row values are--------{1=com.java.Objects.TestDataDetails@a53ba0, 2=com.java.Objects.TestDataDetails@19de6c, 3=com.java.Objects.TestDataDetails@9b81d5, 4=com.java.Objects.TestDataDetails@1f8a98, 5=com.java.Objects.TestDataDetails@9a8e52, 6=com.java.Objects.TestDataDetails@170ad95, 7=com.java.Objects.TestDataDetails@5dc0a5, 8=com.java.Objects.TestDataDetails@18778fd}
[INFO ][2015-11-04 15:55:18,497][com.java.TestType] [  456] -  str(1) = 1
[INFO ][2015-11-04 15:55:18,497][com.java.TestType] [  459] - Test case Id is---1
[INFO ][2015-11-04 15:55:18,497][com.java.TestType] [  461] - 1
[INFO ][2015-11-04 15:55:18,497][com.java.TestType] [  456] -  str(2) = 9
[INFO ][2015-11-04 15:55:18,497][com.java.TestType] [  508] - row values are--------{1=com.java.Objects.TestDataDetails@a53ba0, 2=com.java.Objects.TestDataDetails@19de6c, 3=com.java.Objects.TestDataDetails@9b81d5, 4=com.java.Objects.TestDataDetails@1f8a98, 5=com.java.Objects.TestDataDetails@9a8e52, 6=com.java.Objects.TestDataDetails@170ad95, 7=com.java.Objects.TestDataDetails@5dc0a5, 8=com.java.Objects.TestDataDetails@18778fd, 9=com.java.Objects.TestDataDetails@182c145}
[INFO ][2015-11-04 15:55:18,497][com.java.TestType] [  456] -  str(1) = 1
[INFO ][2015-11-04 15:55:18,497][com.java.TestType] [  459] - Test case Id is---1
[INFO ][2015-11-04 15:55:18,497][com.java.TestType] [  461] - 1
[INFO ][2015-11-04 15:55:18,497][com.java.TestType] [  456] -  str(2) = 10
[INFO ][2015-11-04 15:55:18,497][com.java.TestType] [  508] - row values are--------{1=com.java.Objects.TestDataDetails@a53ba0, 2=com.java.Objects.TestDataDetails@19de6c, 3=com.java.Objects.TestDataDetails@9b81d5, 4=com.java.Objects.TestDataDetails@1f8a98, 5=com.java.Objects.TestDataDetails@9a8e52, 6=com.java.Objects.TestDataDetails@170ad95, 7=com.java.Objects.TestDataDetails@5dc0a5, 8=com.java.Objects.TestDataDetails@18778fd, 9=com.java.Objects.TestDataDetails@182c145, 10=com.java.Objects.TestDataDetails@1137c6}
[INFO ][2015-11-04 15:55:18,497][com.java.TestType] [  456] -  str(1) = 1
[INFO ][2015-11-04 15:55:18,497][com.java.TestType] [  459] - Test case Id is---1
[INFO ][2015-11-04 15:55:18,497][com.java.TestType] [  461] - 1
[INFO ][2015-11-04 15:55:18,497][com.java.TestType] [  456] -  str(2) = 11
[INFO ][2015-11-04 15:55:18,497][com.java.TestType] [  508] - row values are--------{1=com.java.Objects.TestDataDetails@a53ba0, 2=com.java.Objects.TestDataDetails@19de6c, 3=com.java.Objects.TestDataDetails@9b81d5, 4=com.java.Objects.TestDataDetails@1f8a98, 5=com.java.Objects.TestDataDetails@9a8e52, 6=com.java.Objects.TestDataDetails@170ad95, 7=com.java.Objects.TestDataDetails@5dc0a5, 8=com.java.Objects.TestDataDetails@18778fd, 9=com.java.Objects.TestDataDetails@182c145, 10=com.java.Objects.TestDataDetails@1137c6, 11=com.java.Objects.TestDataDetails@edb374}
[INFO ][2015-11-04 15:55:18,497][com.java.TestType] [  456] -  str(1) = 1
[INFO ][2015-11-04 15:55:18,497][com.java.TestType] [  459] - Test case Id is---1
[INFO ][2015-11-04 15:55:18,497][com.java.TestType] [  461] - 1
[INFO ][2015-11-04 15:55:18,497][com.java.TestType] [  456] -  str(2) = 12
[INFO ][2015-11-04 15:55:18,497][com.java.TestType] [  508] - row values are--------{1=com.java.Objects.TestDataDetails@a53ba0, 2=com.java.Objects.TestDataDetails@19de6c, 3=com.java.Objects.TestDataDetails@9b81d5, 4=com.java.Objects.TestDataDetails@1f8a98, 5=com.java.Objects.TestDataDetails@9a8e52, 6=com.java.Objects.TestDataDetails@170ad95, 7=com.java.Objects.TestDataDetails@5dc0a5, 8=com.java.Objects.TestDataDetails@18778fd, 9=com.java.Objects.TestDataDetails@182c145, 10=com.java.Objects.TestDataDetails@1137c6, 11=com.java.Objects.TestDataDetails@edb374, 12=com.java.Objects.TestDataDetails@116cf35}
[INFO ][2015-11-04 15:55:18,497][com.java.TestType] [  456] -  str(1) = 1
[INFO ][2015-11-04 15:55:18,497][com.java.TestType] [  459] - Test case Id is---1
[INFO ][2015-11-04 15:55:18,497][com.java.TestType] [  461] - 1
[INFO ][2015-11-04 15:55:18,497][com.java.TestType] [  456] -  str(2) = 13
[INFO ][2015-11-04 15:55:18,497][com.java.TestType] [  508] - row values are--------{1=com.java.Objects.TestDataDetails@a53ba0, 2=com.java.Objects.TestDataDetails@19de6c, 3=com.java.Objects.TestDataDetails@9b81d5, 4=com.java.Objects.TestDataDetails@1f8a98, 5=com.java.Objects.TestDataDetails@9a8e52, 6=com.java.Objects.TestDataDetails@170ad95, 7=com.java.Objects.TestDataDetails@5dc0a5, 8=com.java.Objects.TestDataDetails@18778fd, 9=com.java.Objects.TestDataDetails@182c145, 10=com.java.Objects.TestDataDetails@1137c6, 11=com.java.Objects.TestDataDetails@edb374, 12=com.java.Objects.TestDataDetails@116cf35, 13=com.java.Objects.TestDataDetails@1c00fa9}
[INFO ][2015-11-04 15:55:18,497][com.java.TestType] [  456] -  str(1) = 1
[INFO ][2015-11-04 15:55:18,497][com.java.TestType] [  459] - Test case Id is---1
[INFO ][2015-11-04 15:55:18,497][com.java.TestType] [  461] - 1
[INFO ][2015-11-04 15:55:18,497][com.java.TestType] [  456] -  str(2) = 14
[INFO ][2015-11-04 15:55:18,497][com.java.TestType] [  508] - row values are--------{1=com.java.Objects.TestDataDetails@a53ba0, 2=com.java.Objects.TestDataDetails@19de6c, 3=com.java.Objects.TestDataDetails@9b81d5, 4=com.java.Objects.TestDataDetails@1f8a98, 5=com.java.Objects.TestDataDetails@9a8e52, 6=com.java.Objects.TestDataDetails@170ad95, 7=com.java.Objects.TestDataDetails@5dc0a5, 8=com.java.Objects.TestDataDetails@18778fd, 9=com.java.Objects.TestDataDetails@182c145, 10=com.java.Objects.TestDataDetails@1137c6, 11=com.java.Objects.TestDataDetails@edb374, 12=com.java.Objects.TestDataDetails@116cf35, 13=com.java.Objects.TestDataDetails@1c00fa9, 14=com.java.Objects.TestDataDetails@1600a0c}
[INFO ][2015-11-04 15:55:18,497][com.java.TestType] [ 7899] - Looping 1TCID = 1
[DEBUG][2015-11-04 15:55:18,497][com.java.TestType] [ 7940] - Concept ID:1 :: Step being Executed: 1::1
[INFO ][2015-11-04 15:55:18,497][com.java.TestType] [ 7978] - dataFields : TXTusername
[DEBUG][2015-11-04 15:55:18,497][com.java.TestType] [ 7984] - <In Set values of the page>
[DEBUG][2015-11-04 15:55:18,497][com.java.TestType] [ 7989] - {Data Fields & Data Values Exist}
[INFO ][2015-11-04 15:55:18,497][com.java.TestType] [ 7995] - --------------------------setting values-----------------------------
[INFO ][2015-11-04 15:55:18,497][com.java.TestType] [ 7998] - Action Type : CLEARANDENTER
[INFO ][2015-11-04 15:55:18,497][com.java.TestType] [ 3750] - value = valuelabs.ie11.03890
[INFO ][2015-11-04 15:55:23,351][com.java.TestType] [ 8017] -  RESULT true
[INFO ][2015-11-04 15:55:23,351][com.java.TestType] [ 8134] - ?   P A S S   ?
[DEBUG][2015-11-04 15:55:23,351][com.java.TestType] [ 7940] - Concept ID:1 :: Step being Executed: 1::2
[INFO ][2015-11-04 15:55:23,351][com.java.TestType] [ 7978] - dataFields : TXTpassword
[DEBUG][2015-11-04 15:55:23,351][com.java.TestType] [ 7984] - <In Set values of the page>
[DEBUG][2015-11-04 15:55:23,351][com.java.TestType] [ 7989] - {Data Fields & Data Values Exist}
[INFO ][2015-11-04 15:55:23,351][com.java.TestType] [ 7995] - --------------------------setting values-----------------------------
[INFO ][2015-11-04 15:55:23,351][com.java.TestType] [ 7998] - Action Type : CLEARANDENTER
[INFO ][2015-11-04 15:55:23,351][com.java.TestType] [ 3750] - value = Password1*
[INFO ][2015-11-04 15:55:28,308][com.java.TestType] [ 8017] -  RESULT true
[INFO ][2015-11-04 15:55:28,308][com.java.TestType] [ 8134] - ?   P A S S   ?
[DEBUG][2015-11-04 15:55:28,308][com.java.TestType] [ 7940] - Concept ID:1 :: Step being Executed: 1::3
[ERROR][2015-11-04 15:55:28,308][com.java.TestType] [ 7973] - Exception: null
[INFO ][2015-11-04 15:55:28,308][com.java.TestType] [ 7978] - dataFields : XPH//button[@type='submit']
[DEBUG][2015-11-04 15:55:28,308][com.java.TestType] [ 7984] - <In Set values of the page>
[DEBUG][2015-11-04 15:55:28,308][com.java.TestType] [ 7989] - {Data Fields & Data Values Exist}
[INFO ][2015-11-04 15:55:28,308][com.java.TestType] [ 7995] - --------------------------setting values-----------------------------
[INFO ][2015-11-04 15:55:28,308][com.java.TestType] [ 7998] - Action Type : Click
[INFO ][2015-11-04 15:55:28,308][com.java.TestType] [ 4063] - Field ::XPH//button[@type='submit']
[INFO ][2015-11-04 15:55:29,308][com.java.TestType] [ 4122] - BEFORE CLICK
[INFO ][2015-11-04 15:55:44,156][com.java.TestType] [ 4130] - Unable to click the object Login
[INFO ][2015-11-04 15:55:44,156][com.java.TestType] [ 8017] -  RESULT true
[INFO ][2015-11-04 15:55:44,156][com.java.TestType] [ 8134] - ?   P A S S   ?
[DEBUG][2015-11-04 15:55:44,156][com.java.TestType] [ 7940] - Concept ID:1 :: Step being Executed: 1::4
[INFO ][2015-11-04 15:55:44,156][com.java.TestType] [ 7978] - dataFields : LNKLogout
[DEBUG][2015-11-04 15:55:44,156][com.java.TestType] [ 7984] - <In Set values of the page>
[DEBUG][2015-11-04 15:55:44,156][com.java.TestType] [ 7989] - {Data Fields & Data Values Exist}
[INFO ][2015-11-04 15:55:44,156][com.java.TestType] [ 7995] - --------------------------setting values-----------------------------
[INFO ][2015-11-04 15:55:44,156][com.java.TestType] [ 7998] - Action Type : WaitForElement
[INFO ][2015-11-04 15:55:44,197][com.java.TestType] [ 8017] -  RESULT true
[INFO ][2015-11-04 15:55:44,197][com.java.TestType] [ 8134] - ?   P A S S   ?
[DEBUG][2015-11-04 15:55:44,197][com.java.TestType] [ 7940] - Concept ID:1 :: Step being Executed: 1::13
[INFO ][2015-11-04 15:55:44,197][com.java.TestType] [ 7978] - dataFields : LNK
[DEBUG][2015-11-04 15:55:44,197][com.java.TestType] [ 7984] - <In Set values of the page>
[DEBUG][2015-11-04 15:55:44,197][com.java.TestType] [ 7989] - {Data Fields & Data Values Exist}
[INFO ][2015-11-04 15:55:44,197][com.java.TestType] [ 7995] - --------------------------setting values-----------------------------
[INFO ][2015-11-04 15:55:44,197][com.java.TestType] [ 7998] - Action Type : Verify
[INFO ][2015-11-04 15:55:44,197][com.java.TestType] [ 4876] - field= LNK value= Logout
[INFO ][2015-11-04 15:55:44,197][com.java.TestType] [ 3750] - value = Logout
[INFO ][2015-11-04 15:55:44,237][com.java.TestType] [ 8017] -  RESULT true
[INFO ][2015-11-04 15:55:44,237][com.java.TestType] [ 8134] - ?   P A S S   ?
[DEBUG][2015-11-04 15:55:44,237][com.java.TestType] [ 7940] - Concept ID:1 :: Step being Executed: 1::14
[INFO ][2015-11-04 15:55:44,237][com.java.TestType] [ 7978] - dataFields : BTN
[DEBUG][2015-11-04 15:55:44,237][com.java.TestType] [ 7984] - <In Set values of the page>
[DEBUG][2015-11-04 15:55:44,237][com.java.TestType] [ 7989] - {Data Fields & Data Values Exist}
[INFO ][2015-11-04 15:55:44,237][com.java.TestType] [ 7995] - --------------------------setting values-----------------------------
[INFO ][2015-11-04 15:55:44,237][com.java.TestType] [ 7998] - Action Type : Verify
[INFO ][2015-11-04 15:55:44,237][com.java.TestType] [ 4876] - field= BTN value= //img[contains(@src,'bdlogo.jpg')]
[INFO ][2015-11-04 15:55:44,237][com.java.TestType] [ 3750] - value = //img[contains(@src,'bdlogo.jpg')]
[INFO ][2015-11-04 15:55:44,277][com.java.TestType] [ 8017] -  RESULT true
[INFO ][2015-11-04 15:55:44,277][com.java.TestType] [ 8134] - ?   P A S S   ?
[INFO ][2015-11-04 15:55:44,277][com.java.TestType] [ 8205] - Looping End......
[INFO ][2015-11-04 15:55:44,277][com.java.SeleniumDriver] [  861] -  RESULT true
[INFO ][2015-11-04 15:55:44,277][com.java.SeleniumDriver] [ 1066] - ?   P A S S   ?
[INFO ][2015-11-04 15:55:44,277][com.java.SeleniumDriver] [  788] - ------------------------------------------
[INFO ][2015-11-04 15:55:44,277][com.java.SeleniumDriver] [  789] - Test case being Executed: 1
[INFO ][2015-11-04 15:55:44,277][com.java.SeleniumDriver] [  800] - Test step:2
[INFO ][2015-11-04 15:55:44,277][com.java.SeleniumDriver] [  812] - Datavalue is----------Concept#2:1-2
[INFO ][2015-11-04 15:55:44,277][com.java.SeleniumDriver] [  836] - DataField : test
[INFO ][2015-11-04 15:55:44,277][com.java.SeleniumDriver] [  838] - DataValue : Concept#2:1-2
[INFO ][2015-11-04 15:55:44,277][com.java.SeleniumDriver] [  844] - <In Set values of the page>
[INFO ][2015-11-04 15:55:44,277][com.java.SeleniumDriver] [  847] - {Data Fields & Data Values Exist}
[INFO ][2015-11-04 15:55:44,277][com.java.SeleniumDriver] [  849] - --------------------------setting values-----------------------------
[INFO ][2015-11-04 15:55:44,277][com.java.SeleniumDriver] [  852] - Action Type : ExecuteTestCase
[INFO ][2015-11-04 15:55:44,277][com.java.TestType] [  411] - The Concept sheet name is ---------- Concept
[INFO ][2015-11-04 15:55:44,277][com.java.TestType] [  414] - The Concept ID  is ---------- 2
[DEBUG][2015-11-04 15:55:44,277][com.java.TestType] [  418] - Steps being executted in the Concept are: 1:2
[INFO ][2015-11-04 15:55:44,277][com.java.TestType] [  425] - Test data details path ---------- D:\BankersDashboard\TestInputs\TestData.xls
[INFO ][2015-11-04 15:55:44,307][com.java.TestType] [  456] -  str(1) = 2
[INFO ][2015-11-04 15:55:44,317][com.java.TestType] [  459] - Test case Id is---2
[INFO ][2015-11-04 15:55:44,317][com.java.TestType] [  461] - 2
[INFO ][2015-11-04 15:55:44,317][com.java.TestType] [  456] -  str(2) = 1
[INFO ][2015-11-04 15:55:44,317][com.java.TestType] [  508] - row values are--------{1=com.java.Objects.TestDataDetails@564290}
[INFO ][2015-11-04 15:55:44,317][com.java.TestType] [  456] -  str(1) = 2
[INFO ][2015-11-04 15:55:44,317][com.java.TestType] [  459] - Test case Id is---2
[INFO ][2015-11-04 15:55:44,317][com.java.TestType] [  461] - 2
[INFO ][2015-11-04 15:55:44,317][com.java.TestType] [  456] -  str(2) = 2
[INFO ][2015-11-04 15:55:44,317][com.java.TestType] [  508] - row values are--------{1=com.java.Objects.TestDataDetails@564290, 2=com.java.Objects.TestDataDetails@15867fa}
[INFO ][2015-11-04 15:55:44,317][com.java.TestType] [  456] -  str(1) = 2
[INFO ][2015-11-04 15:55:44,317][com.java.TestType] [  459] - Test case Id is---2
[INFO ][2015-11-04 15:55:44,317][com.java.TestType] [  461] - 2
[INFO ][2015-11-04 15:55:44,317][com.java.TestType] [  456] -  str(2) = 3
[INFO ][2015-11-04 15:55:44,317][com.java.TestType] [  508] - row values are--------{1=com.java.Objects.TestDataDetails@564290, 2=com.java.Objects.TestDataDetails@15867fa, 3=com.java.Objects.TestDataDetails@37114f}
[INFO ][2015-11-04 15:55:44,317][com.java.TestType] [ 7899] - Looping 1TCID = 2
[DEBUG][2015-11-04 15:55:44,317][com.java.TestType] [ 7940] - Concept ID:2 :: Step being Executed: 2::1
[INFO ][2015-11-04 15:55:44,317][com.java.TestType] [ 7978] - dataFields : BNK//select[@id='bank']
[DEBUG][2015-11-04 15:55:44,317][com.java.TestType] [ 7984] - <In Set values of the page>
[DEBUG][2015-11-04 15:55:44,317][com.java.TestType] [ 7989] - {Data Fields & Data Values Exist}
[INFO ][2015-11-04 15:55:44,317][com.java.TestType] [ 7995] - --------------------------setting values-----------------------------
[INFO ][2015-11-04 15:55:44,317][com.java.TestType] [ 7998] - Action Type : Select
[INFO ][2015-11-04 15:55:44,317][com.java.TestType] [ 3750] - value = PFC
[INFO ][2015-11-04 15:55:44,507][com.java.TestType] [ 8017] -  RESULT true
[INFO ][2015-11-04 15:55:44,507][com.java.TestType] [ 8134] - ?   P A S S   ?
[DEBUG][2015-11-04 15:55:44,507][com.java.TestType] [ 7940] - Concept ID:2 :: Step being Executed: 2::2
[INFO ][2015-11-04 15:55:44,507][com.java.TestType] [ 7978] - dataFields : LNKLogout
[DEBUG][2015-11-04 15:55:44,507][com.java.TestType] [ 7984] - <In Set values of the page>
[DEBUG][2015-11-04 15:55:44,507][com.java.TestType] [ 7989] - {Data Fields & Data Values Exist}
[INFO ][2015-11-04 15:55:44,507][com.java.TestType] [ 7995] - --------------------------setting values-----------------------------
[INFO ][2015-11-04 15:55:44,507][com.java.TestType] [ 7998] - Action Type : WaitTime
[DEBUG][2015-11-04 15:55:44,507][com.java.TestType] [ 3654] - sleepTime: 5000
[INFO ][2015-11-04 15:55:49,507][com.java.TestType] [ 8017] -  RESULT true
[INFO ][2015-11-04 15:55:49,507][com.java.TestType] [ 8134] - ?   P A S S   ?
[INFO ][2015-11-04 15:55:49,507][com.java.TestType] [ 8205] - Looping End......
[INFO ][2015-11-04 15:55:49,507][com.java.SeleniumDriver] [  861] -  RESULT true
[INFO ][2015-11-04 15:55:49,507][com.java.SeleniumDriver] [ 1066] - ?   P A S S   ?
[INFO ][2015-11-04 15:55:49,507][com.java.SeleniumDriver] [  788] - ------------------------------------------
[INFO ][2015-11-04 15:55:49,507][com.java.SeleniumDriver] [  789] - Test case being Executed: 1
[INFO ][2015-11-04 15:55:49,507][com.java.SeleniumDriver] [  800] - Test step:3
[INFO ][2015-11-04 15:55:49,507][com.java.SeleniumDriver] [  812] - Datavalue is----------2
[INFO ][2015-11-04 15:55:49,507][com.java.SeleniumDriver] [  836] - DataField : XPH//button[contains(text(),'Add Content')]
[INFO ][2015-11-04 15:55:49,507][com.java.SeleniumDriver] [  838] - DataValue : 2
[INFO ][2015-11-04 15:55:49,507][com.java.SeleniumDriver] [  844] - <In Set values of the page>
[INFO ][2015-11-04 15:55:49,507][com.java.SeleniumDriver] [  847] - {Data Fields & Data Values Exist}
[INFO ][2015-11-04 15:55:49,507][com.java.SeleniumDriver] [  849] - --------------------------setting values-----------------------------
[INFO ][2015-11-04 15:55:49,507][com.java.SeleniumDriver] [  852] - Action Type : WAITFORELEMENT
[INFO ][2015-11-04 15:55:49,548][com.java.SeleniumDriver] [  861] -  RESULT true
[INFO ][2015-11-04 15:55:49,548][com.java.SeleniumDriver] [ 1066] - ?   P A S S   ?
[DEBUG][2015-11-04 15:55:49,548][com.java.SeleniumDriver] [ 1168] - Case found
[DEBUG][2015-11-04 15:55:49,548][com.java.SeleniumDriver] [ 1173] - Incrementing ReportCounters[0]:1
[INFO ][2015-11-04 15:55:49,548][com.java.SeleniumDriver] [ 1192] - The results are-------------------[1, 1, Valid Login, Pass, , Wed Nov 04 15:55:44 IST 2015, 1, 2, Valid Login, Pass, , Wed Nov 04 15:55:49 IST 2015, 1, 3, Valid Login, Pass, , Wed Nov 04 15:55:49 IST 2015]
[INFO ][2015-11-04 15:55:49,548][com.java.SeleniumDriver] [ 1196] - End time is-------55 sec
[INFO ][2015-11-04 15:55:49,548][com.java.SeleniumDriver] [ 1197] - The results are-------------------[1, 1, Valid Login, Pass, , Wed Nov 04 15:55:44 IST 2015, 1, 2, Valid Login, Pass, , Wed Nov 04 15:55:49 IST 2015, 1, 3, Valid Login, Pass, , Wed Nov 04 15:55:49 IST 2015]
[DEBUG][2015-11-04 15:55:49,548][com.java.ImportnExport.ExportTestResultsExcel] [  222] - testResultPath = D:\BankersDashboard/TestReports/Test Results_BankersDashBoard_110415_155455_IE11_Simmons First National Bank.xls
[DEBUG][2015-11-04 15:55:49,548][com.java.ImportnExport.ExportTestResultsExcel] [  223] - browser is------------IE11
[DEBUG][2015-11-04 15:55:49,588][com.java.ImportnExport.ExportTestResultsExcel] [  270] - result.size() = 18
[DEBUG][2015-11-04 15:55:49,588][com.java.ImportnExport.ExportTestResultsExcel] [  274] - No of rows in sheet=1
[DEBUG][2015-11-04 15:55:49,588][com.java.ImportnExport.ExportTestResultsExcel] [  301] - ..in export..1
[DEBUG][2015-11-04 15:55:49,588][com.java.ImportnExport.ExportTestResultsExcel] [  301] - ..in export..Valid Login
[DEBUG][2015-11-04 15:55:49,588][com.java.ImportnExport.ExportTestResultsExcel] [  301] - ..in export..Pass
[DEBUG][2015-11-04 15:55:49,588][com.java.ImportnExport.ExportTestResultsExcel] [  301] - ..in export..
[DEBUG][2015-11-04 15:55:49,588][com.java.ImportnExport.ExportTestResultsExcel] [  301] - ..in export..Wed Nov 04 15:55:44 IST 2015
[INFO ][2015-11-04 15:55:49,588][com.java.SeleniumDriver] [ 1255] - out loop:0 size:2 TestCases:[1, 6] testcases:[1, 6]
[INFO ][2015-11-04 15:55:49,588][com.java.ImportnExport.ImportTestDataDetailsExcel] [   49] - test data details path===== D:\BankersDashboard\TestInputs\TestData.xls
[INFO ][2015-11-04 15:56:48,505][com.java.SeleniumDriver] [  788] - ------------------------------------------
[INFO ][2015-11-04 15:56:48,505][com.java.SeleniumDriver] [  789] - Test case being Executed: 6
[INFO ][2015-11-04 15:56:48,505][com.java.SeleniumDriver] [  800] - Test step:1
[INFO ][2015-11-04 15:56:48,505][com.java.SeleniumDriver] [  812] - Datavalue is----------Logout
[INFO ][2015-11-04 15:56:48,505][com.java.SeleniumDriver] [  836] - DataField : BTN
[INFO ][2015-11-04 15:56:48,505][com.java.SeleniumDriver] [  838] - DataValue : Logout
[INFO ][2015-11-04 15:56:48,505][com.java.SeleniumDriver] [  844] - <In Set values of the page>
[INFO ][2015-11-04 15:56:48,505][com.java.SeleniumDriver] [  847] - {Data Fields & Data Values Exist}
[INFO ][2015-11-04 15:56:48,505][com.java.SeleniumDriver] [  849] - --------------------------setting values-----------------------------
[INFO ][2015-11-04 15:56:48,505][com.java.SeleniumDriver] [  852] - Action Type : Verify
[INFO ][2015-11-04 15:56:48,505][com.java.TestType] [ 4876] - field= BTN value= Logout
[INFO ][2015-11-04 15:56:48,505][com.java.TestType] [ 3750] - value = Logout
[INFO ][2015-11-04 15:56:48,546][com.java.SeleniumDriver] [  861] -  RESULT true
[INFO ][2015-11-04 15:56:48,546][com.java.SeleniumDriver] [ 1066] - ?   P A S S   ?
[INFO ][2015-11-04 15:56:48,546][com.java.SeleniumDriver] [ 1108] - step change to 3
[INFO ][2015-11-04 15:56:48,546][com.java.SeleniumDriver] [  788] - ------------------------------------------
[INFO ][2015-11-04 15:56:48,546][com.java.SeleniumDriver] [  789] - Test case being Executed: 6
[INFO ][2015-11-04 15:56:48,546][com.java.SeleniumDriver] [  800] - Test step:3
[INFO ][2015-11-04 15:56:48,546][com.java.SeleniumDriver] [  812] - Datavalue is----------Concept#2:1-2
[INFO ][2015-11-04 15:56:48,546][com.java.SeleniumDriver] [  836] - DataField : test
[INFO ][2015-11-04 15:56:48,546][com.java.SeleniumDriver] [  838] - DataValue : Concept#2:1-2
[INFO ][2015-11-04 15:56:48,546][com.java.SeleniumDriver] [  844] - <In Set values of the page>
[INFO ][2015-11-04 15:56:48,546][com.java.SeleniumDriver] [  847] - {Data Fields & Data Values Exist}
[INFO ][2015-11-04 15:56:48,546][com.java.SeleniumDriver] [  849] - --------------------------setting values-----------------------------
[INFO ][2015-11-04 15:56:48,546][com.java.SeleniumDriver] [  852] - Action Type : ExecuteTestCase
[INFO ][2015-11-04 15:56:48,546][com.java.TestType] [  411] - The Concept sheet name is ---------- Concept
[INFO ][2015-11-04 15:56:48,546][com.java.TestType] [  414] - The Concept ID  is ---------- 2
[DEBUG][2015-11-04 15:56:48,546][com.java.TestType] [  418] - Steps being executted in the Concept are: 1:2
[INFO ][2015-11-04 15:56:48,546][com.java.TestType] [  425] - Test data details path ---------- D:\BankersDashboard\TestInputs\TestData.xls
[INFO ][2015-11-04 15:56:48,576][com.java.TestType] [  456] -  str(1) = 2
[INFO ][2015-11-04 15:56:48,576][com.java.TestType] [  459] - Test case Id is---2
[INFO ][2015-11-04 15:56:48,576][com.java.TestType] [  461] - 2
[INFO ][2015-11-04 15:56:48,576][com.java.TestType] [  456] -  str(2) = 1
[INFO ][2015-11-04 15:56:48,576][com.java.TestType] [  508] - row values are--------{1=com.java.Objects.TestDataDetails@116639}
[INFO ][2015-11-04 15:56:48,576][com.java.TestType] [  456] -  str(1) = 2
[INFO ][2015-11-04 15:56:48,576][com.java.TestType] [  459] - Test case Id is---2
[INFO ][2015-11-04 15:56:48,576][com.java.TestType] [  461] - 2
[INFO ][2015-11-04 15:56:48,576][com.java.TestType] [  456] -  str(2) = 2
[INFO ][2015-11-04 15:56:48,576][com.java.TestType] [  508] - row values are--------{1=com.java.Objects.TestDataDetails@116639, 2=com.java.Objects.TestDataDetails@1fe35d2}
[INFO ][2015-11-04 15:56:48,576][com.java.TestType] [  456] -  str(1) = 2
[INFO ][2015-11-04 15:56:48,576][com.java.TestType] [  459] - Test case Id is---2
[INFO ][2015-11-04 15:56:48,576][com.java.TestType] [  461] - 2
[INFO ][2015-11-04 15:56:48,576][com.java.TestType] [  456] -  str(2) = 3
[INFO ][2015-11-04 15:56:48,576][com.java.TestType] [  508] - row values are--------{1=com.java.Objects.TestDataDetails@116639, 2=com.java.Objects.TestDataDetails@1fe35d2, 3=com.java.Objects.TestDataDetails@1615685}
[INFO ][2015-11-04 15:56:48,576][com.java.TestType] [ 7899] - Looping 1TCID = 2
[DEBUG][2015-11-04 15:56:48,576][com.java.TestType] [ 7940] - Concept ID:2 :: Step being Executed: 2::1
[INFO ][2015-11-04 15:56:48,576][com.java.TestType] [ 7978] - dataFields : BNK//select[@id='bank']
[DEBUG][2015-11-04 15:56:48,576][com.java.TestType] [ 7984] - <In Set values of the page>
[DEBUG][2015-11-04 15:56:48,576][com.java.TestType] [ 7989] - {Data Fields & Data Values Exist}
[INFO ][2015-11-04 15:56:48,576][com.java.TestType] [ 7995] - --------------------------setting values-----------------------------
[INFO ][2015-11-04 15:56:48,576][com.java.TestType] [ 7998] - Action Type : Select
[INFO ][2015-11-04 15:56:48,576][com.java.TestType] [ 3750] - value = PFC
[INFO ][2015-11-04 15:56:48,766][com.java.TestType] [ 8017] -  RESULT true
[INFO ][2015-11-04 15:56:48,766][com.java.TestType] [ 8134] - ?   P A S S   ?
[DEBUG][2015-11-04 15:56:48,766][com.java.TestType] [ 7940] - Concept ID:2 :: Step being Executed: 2::2
[INFO ][2015-11-04 15:56:48,766][com.java.TestType] [ 7978] - dataFields : LNKLogout
[DEBUG][2015-11-04 15:56:48,766][com.java.TestType] [ 7984] - <In Set values of the page>
[DEBUG][2015-11-04 15:56:48,766][com.java.TestType] [ 7989] - {Data Fields & Data Values Exist}
[INFO ][2015-11-04 15:56:48,766][com.java.TestType] [ 7995] - --------------------------setting values-----------------------------
[INFO ][2015-11-04 15:56:48,766][com.java.TestType] [ 7998] - Action Type : WaitTime
[DEBUG][2015-11-04 15:56:48,766][com.java.TestType] [ 3654] - sleepTime: 5000
[INFO ][2015-11-04 15:56:53,766][com.java.TestType] [ 8017] -  RESULT true
[INFO ][2015-11-04 15:56:53,766][com.java.TestType] [ 8134] - ?   P A S S   ?
[INFO ][2015-11-04 15:56:53,766][com.java.TestType] [ 8205] - Looping End......
[INFO ][2015-11-04 15:56:53,766][com.java.SeleniumDriver] [  861] -  RESULT true
[INFO ][2015-11-04 15:56:53,766][com.java.SeleniumDriver] [ 1066] - ?   P A S S   ?
[INFO ][2015-11-04 15:56:53,766][com.java.SeleniumDriver] [  788] - ------------------------------------------
[INFO ][2015-11-04 15:56:53,766][com.java.SeleniumDriver] [  789] - Test case being Executed: 6
[INFO ][2015-11-04 15:56:53,766][com.java.SeleniumDriver] [  800] - Test step:4
[INFO ][2015-11-04 15:56:53,766][com.java.SeleniumDriver] [  812] - Datavalue is----------null
[DEBUG][2015-11-04 15:56:53,766][com.java.SeleniumDriver] [  830] - Exception: null
[INFO ][2015-11-04 15:56:53,766][com.java.SeleniumDriver] [  836] - DataField : //span[@class='icon-hammer']&&//a[text()='Custom Calculations']
[INFO ][2015-11-04 15:56:53,766][com.java.SeleniumDriver] [  838] - DataValue : 
[INFO ][2015-11-04 15:56:53,766][com.java.SeleniumDriver] [  844] - <In Set values of the page>
[INFO ][2015-11-04 15:56:53,766][com.java.SeleniumDriver] [  847] - {Data Fields & Data Values Exist}
[INFO ][2015-11-04 15:56:53,766][com.java.SeleniumDriver] [  849] - --------------------------setting values-----------------------------
[INFO ][2015-11-04 15:56:53,766][com.java.SeleniumDriver] [  852] - Action Type : MOUSEOVER
[INFO ][2015-11-04 15:57:25,815][com.java.SeleniumDriver] [  861] -  RESULT true
[INFO ][2015-11-04 15:57:25,815][com.java.SeleniumDriver] [ 1066] - ?   P A S S   ?
[INFO ][2015-11-04 15:57:25,815][com.java.SeleniumDriver] [  788] - ------------------------------------------
[INFO ][2015-11-04 15:57:25,815][com.java.SeleniumDriver] [  789] - Test case being Executed: 6
[INFO ][2015-11-04 15:57:25,815][com.java.SeleniumDriver] [  800] - Test step:5
[INFO ][2015-11-04 15:57:25,815][com.java.SeleniumDriver] [  812] - Datavalue is----------null
[DEBUG][2015-11-04 15:57:25,815][com.java.SeleniumDriver] [  830] - Exception: null
[INFO ][2015-11-04 15:57:25,815][com.java.SeleniumDriver] [  836] - DataField : BTN//iframe[@class='frameTabContent']
[INFO ][2015-11-04 15:57:25,815][com.java.SeleniumDriver] [  838] - DataValue : 
[INFO ][2015-11-04 15:57:25,815][com.java.SeleniumDriver] [  844] - <In Set values of the page>
[INFO ][2015-11-04 15:57:25,815][com.java.SeleniumDriver] [  847] - {Data Fields & Data Values Exist}
[INFO ][2015-11-04 15:57:25,815][com.java.SeleniumDriver] [  849] - --------------------------setting values-----------------------------
[INFO ][2015-11-04 15:57:25,815][com.java.SeleniumDriver] [  852] - Action Type : SELECTFRAME
[INFO ][2015-11-04 15:57:25,916][com.java.SeleniumDriver] [  861] -  RESULT true
[INFO ][2015-11-04 15:57:25,916][com.java.SeleniumDriver] [ 1066] - ?   P A S S   ?
[INFO ][2015-11-04 15:57:25,916][com.java.SeleniumDriver] [  788] - ------------------------------------------
[INFO ][2015-11-04 15:57:25,916][com.java.SeleniumDriver] [  789] - Test case being Executed: 6
[INFO ][2015-11-04 15:57:25,916][com.java.SeleniumDriver] [  800] - Test step:6
[INFO ][2015-11-04 15:57:25,916][com.java.SeleniumDriver] [  812] - Datavalue is----------5
[INFO ][2015-11-04 15:57:25,916][com.java.SeleniumDriver] [  836] - DataField : XPH//h1[contains(text(), 'Custom Calculations')]
[INFO ][2015-11-04 15:57:25,916][com.java.SeleniumDriver] [  838] - DataValue : 5
[INFO ][2015-11-04 15:57:25,916][com.java.SeleniumDriver] [  844] - <In Set values of the page>
[INFO ][2015-11-04 15:57:25,916][com.java.SeleniumDriver] [  847] - {Data Fields & Data Values Exist}
[INFO ][2015-11-04 15:57:25,916][com.java.SeleniumDriver] [  849] - --------------------------setting values-----------------------------
[INFO ][2015-11-04 15:57:25,916][com.java.SeleniumDriver] [  852] - Action Type : waitforelement
[INFO ][2015-11-04 15:57:25,966][com.java.SeleniumDriver] [  861] -  RESULT true
[INFO ][2015-11-04 15:57:25,966][com.java.SeleniumDriver] [ 1066] - ?   P A S S   ?
[INFO ][2015-11-04 15:57:25,966][com.java.SeleniumDriver] [  788] - ------------------------------------------
[INFO ][2015-11-04 15:57:25,966][com.java.SeleniumDriver] [  789] - Test case being Executed: 6
[INFO ][2015-11-04 15:57:25,966][com.java.SeleniumDriver] [  800] - Test step:7
[INFO ][2015-11-04 15:57:25,966][com.java.SeleniumDriver] [  812] - Datavalue is----------Custom Calculations
[INFO ][2015-11-04 15:57:25,966][com.java.SeleniumDriver] [  836] - DataField : XPH//h1[contains(text(), 'Custom Calculations')]
[INFO ][2015-11-04 15:57:25,966][com.java.SeleniumDriver] [  838] - DataValue : Custom Calculations
[INFO ][2015-11-04 15:57:25,966][com.java.SeleniumDriver] [  844] - <In Set values of the page>
[INFO ][2015-11-04 15:57:25,966][com.java.SeleniumDriver] [  847] - {Data Fields & Data Values Exist}
[INFO ][2015-11-04 15:57:25,966][com.java.SeleniumDriver] [  849] - --------------------------setting values-----------------------------
[INFO ][2015-11-04 15:57:25,966][com.java.SeleniumDriver] [  852] - Action Type : Verify
[INFO ][2015-11-04 15:57:25,966][com.java.TestType] [ 4876] - field= XPH//h1[contains(text(), 'Custom Calculations')] value= Custom Calculations
[INFO ][2015-11-04 15:57:25,966][com.java.TestType] [ 3750] - value = Custom Calculations
[INFO ][2015-11-04 15:57:26,046][com.java.SeleniumDriver] [  861] -  RESULT true
[INFO ][2015-11-04 15:57:26,046][com.java.SeleniumDriver] [ 1066] - ?   P A S S   ?
[INFO ][2015-11-04 15:57:26,046][com.java.SeleniumDriver] [  788] - ------------------------------------------
[INFO ][2015-11-04 15:57:26,046][com.java.SeleniumDriver] [  789] - Test case being Executed: 6
[INFO ][2015-11-04 15:57:26,046][com.java.SeleniumDriver] [  800] - Test step:8
[INFO ][2015-11-04 15:57:26,046][com.java.SeleniumDriver] [  812] - Datavalue is----------5
[INFO ][2015-11-04 15:57:26,046][com.java.SeleniumDriver] [  836] - DataField : XPH//a[contains(text(), 'Add Calculation')]
[INFO ][2015-11-04 15:57:26,046][com.java.SeleniumDriver] [  838] - DataValue : 5
[INFO ][2015-11-04 15:57:26,046][com.java.SeleniumDriver] [  844] - <In Set values of the page>
[INFO ][2015-11-04 15:57:26,046][com.java.SeleniumDriver] [  847] - {Data Fields & Data Values Exist}
[INFO ][2015-11-04 15:57:26,046][com.java.SeleniumDriver] [  849] - --------------------------setting values-----------------------------
[INFO ][2015-11-04 15:57:26,046][com.java.SeleniumDriver] [  852] - Action Type : waitforelement
[INFO ][2015-11-04 15:57:26,076][com.java.SeleniumDriver] [  861] -  RESULT true
[INFO ][2015-11-04 15:57:26,076][com.java.SeleniumDriver] [ 1066] - ?   P A S S   ?
[INFO ][2015-11-04 15:57:26,076][com.java.SeleniumDriver] [  788] - ------------------------------------------
[INFO ][2015-11-04 15:57:26,076][com.java.SeleniumDriver] [  789] - Test case being Executed: 6
[INFO ][2015-11-04 15:57:26,076][com.java.SeleniumDriver] [  800] - Test step:9
[INFO ][2015-11-04 15:57:26,076][com.java.SeleniumDriver] [  812] - Datavalue is----------null
[DEBUG][2015-11-04 15:57:26,076][com.java.SeleniumDriver] [  830] - Exception: null
[INFO ][2015-11-04 15:57:26,076][com.java.SeleniumDriver] [  836] - DataField : XPH//a[contains(text(), 'Add Calculation')]
[INFO ][2015-11-04 15:57:26,076][com.java.SeleniumDriver] [  838] - DataValue : 
[INFO ][2015-11-04 15:57:26,076][com.java.SeleniumDriver] [  844] - <In Set values of the page>
[INFO ][2015-11-04 15:57:26,076][com.java.SeleniumDriver] [  847] - {Data Fields & Data Values Exist}
[INFO ][2015-11-04 15:57:26,076][com.java.SeleniumDriver] [  849] - --------------------------setting values-----------------------------
[INFO ][2015-11-04 15:57:26,076][com.java.SeleniumDriver] [  852] - Action Type : click
[INFO ][2015-11-04 15:57:26,076][com.java.TestType] [ 4063] - Field ::XPH//a[contains(text(), 'Add Calculation')]
[INFO ][2015-11-04 15:57:27,076][com.java.TestType] [ 4122] - BEFORE CLICK
[INFO ][2015-11-04 15:57:28,499][com.java.TestType] [ 4130] - Unable to click the object click on add button
[INFO ][2015-11-04 15:57:28,499][com.java.SeleniumDriver] [  861] -  RESULT true
[INFO ][2015-11-04 15:57:28,499][com.java.SeleniumDriver] [ 1066] - ?   P A S S   ?
[INFO ][2015-11-04 15:57:28,499][com.java.SeleniumDriver] [  788] - ------------------------------------------
[INFO ][2015-11-04 15:57:28,499][com.java.SeleniumDriver] [  789] - Test case being Executed: 6
[INFO ][2015-11-04 15:57:28,499][com.java.SeleniumDriver] [  800] - Test step:10
[INFO ][2015-11-04 15:57:28,499][com.java.SeleniumDriver] [  812] - Datavalue is----------3
[INFO ][2015-11-04 15:57:28,499][com.java.SeleniumDriver] [  836] - DataField : XPH//label[contains(text(), 'Dashboard Groups:')]
[INFO ][2015-11-04 15:57:28,499][com.java.SeleniumDriver] [  838] - DataValue : 3
[INFO ][2015-11-04 15:57:28,499][com.java.SeleniumDriver] [  844] - <In Set values of the page>
[INFO ][2015-11-04 15:57:28,499][com.java.SeleniumDriver] [  847] - {Data Fields & Data Values Exist}
[INFO ][2015-11-04 15:57:28,499][com.java.SeleniumDriver] [  849] - --------------------------setting values-----------------------------
[INFO ][2015-11-04 15:57:28,499][com.java.SeleniumDriver] [  852] - Action Type : waitforelement
[INFO ][2015-11-04 15:57:28,530][com.java.SeleniumDriver] [  861] -  RESULT true
[INFO ][2015-11-04 15:57:28,530][com.java.SeleniumDriver] [ 1066] - ?   P A S S   ?
[INFO ][2015-11-04 15:57:28,530][com.java.SeleniumDriver] [  788] - ------------------------------------------
[INFO ][2015-11-04 15:57:28,530][com.java.SeleniumDriver] [  789] - Test case being Executed: 6
[INFO ][2015-11-04 15:57:28,530][com.java.SeleniumDriver] [  800] - Test step:11
[INFO ][2015-11-04 15:57:28,530][com.java.SeleniumDriver] [  812] - Datavalue is----------null
[DEBUG][2015-11-04 15:57:28,530][com.java.SeleniumDriver] [  830] - Exception: null
[INFO ][2015-11-04 15:57:28,530][com.java.SeleniumDriver] [  836] - DataField : XPH//button[contains(text(), 'Save')]
[INFO ][2015-11-04 15:57:28,530][com.java.SeleniumDriver] [  838] - DataValue : 
[INFO ][2015-11-04 15:57:28,530][com.java.SeleniumDriver] [  844] - <In Set values of the page>
[INFO ][2015-11-04 15:57:28,530][com.java.SeleniumDriver] [  847] - {Data Fields & Data Values Exist}
[INFO ][2015-11-04 15:57:28,530][com.java.SeleniumDriver] [  849] - --------------------------setting values-----------------------------
[INFO ][2015-11-04 15:57:28,530][com.java.SeleniumDriver] [  852] - Action Type : ISDISABLED
[INFO ][2015-11-04 15:57:28,530][com.java.TestType] [ 5735] - field= XPH//button[contains(text(), 'Save')]
[INFO ][2015-11-04 15:57:28,600][com.java.SeleniumDriver] [  861] -  RESULT true
[INFO ][2015-11-04 15:57:28,600][com.java.SeleniumDriver] [ 1066] - ?   P A S S   ?
[INFO ][2015-11-04 15:57:28,600][com.java.SeleniumDriver] [  788] - ------------------------------------------
[INFO ][2015-11-04 15:57:28,600][com.java.SeleniumDriver] [  789] - Test case being Executed: 6
[INFO ][2015-11-04 15:57:28,600][com.java.SeleniumDriver] [  800] - Test step:12
[INFO ][2015-11-04 15:57:28,600][com.java.SeleniumDriver] [  812] - Datavalue is----------3
[INFO ][2015-11-04 15:57:28,600][com.java.SeleniumDriver] [  836] - DataField : XPH//select[contains(@class,'mber-select form-control')]
[INFO ][2015-11-04 15:57:28,600][com.java.SeleniumDriver] [  838] - DataValue : 3
[INFO ][2015-11-04 15:57:28,600][com.java.SeleniumDriver] [  844] - <In Set values of the page>
[INFO ][2015-11-04 15:57:28,600][com.java.SeleniumDriver] [  847] - {Data Fields & Data Values Exist}
[INFO ][2015-11-04 15:57:28,600][com.java.SeleniumDriver] [  849] - --------------------------setting values-----------------------------
[INFO ][2015-11-04 15:57:28,600][com.java.SeleniumDriver] [  852] - Action Type : waitforelement
[INFO ][2015-11-04 15:57:28,630][com.java.SeleniumDriver] [  861] -  RESULT true
[INFO ][2015-11-04 15:57:28,630][com.java.SeleniumDriver] [ 1066] - ?   P A S S   ?
[INFO ][2015-11-04 15:57:28,630][com.java.SeleniumDriver] [  788] - ------------------------------------------
[INFO ][2015-11-04 15:57:28,630][com.java.SeleniumDriver] [  789] - Test case being Executed: 6
[INFO ][2015-11-04 15:57:28,630][com.java.SeleniumDriver] [  800] - Test step:13
[INFO ][2015-11-04 15:57:28,630][com.java.SeleniumDriver] [  812] - Datavalue is----------null
[DEBUG][2015-11-04 15:57:28,630][com.java.SeleniumDriver] [  830] - Exception: null
[INFO ][2015-11-04 15:57:28,630][com.java.SeleniumDriver] [  836] - DataField : XPH//select[contains(@class,'mber-select form-control')]
[INFO ][2015-11-04 15:57:28,630][com.java.SeleniumDriver] [  838] - DataValue : 
[INFO ][2015-11-04 15:57:28,630][com.java.SeleniumDriver] [  844] - <In Set values of the page>
[INFO ][2015-11-04 15:57:28,630][com.java.SeleniumDriver] [  847] - {Data Fields & Data Values Exist}
[INFO ][2015-11-04 15:57:28,630][com.java.SeleniumDriver] [  849] - --------------------------setting values-----------------------------
[INFO ][2015-11-04 15:57:28,630][com.java.SeleniumDriver] [  852] - Action Type : click
[INFO ][2015-11-04 15:57:28,630][com.java.TestType] [ 4063] - Field ::XPH//select[contains(@class,'mber-select form-control')]
[INFO ][2015-11-04 15:57:29,630][com.java.TestType] [ 4122] - BEFORE CLICK
[INFO ][2015-11-04 15:57:30,460][com.java.TestType] [ 4130] - Unable to click the object dollar value dropdown
[INFO ][2015-11-04 15:57:30,460][com.java.SeleniumDriver] [  861] -  RESULT true
[INFO ][2015-11-04 15:57:30,460][com.java.SeleniumDriver] [ 1066] - ?   P A S S   ?
[INFO ][2015-11-04 15:57:30,460][com.java.SeleniumDriver] [  788] - ------------------------------------------
[INFO ][2015-11-04 15:57:30,460][com.java.SeleniumDriver] [  789] - Test case being Executed: 6
[INFO ][2015-11-04 15:57:30,460][com.java.SeleniumDriver] [  800] - Test step:14
[INFO ][2015-11-04 15:57:30,460][com.java.SeleniumDriver] [  812] - Datavalue is----------3
[INFO ][2015-11-04 15:57:30,460][com.java.SeleniumDriver] [  836] - DataField : XPH//select/option[contains(text(), 'Dollar ($)')]
[INFO ][2015-11-04 15:57:30,460][com.java.SeleniumDriver] [  838] - DataValue : 3
[INFO ][2015-11-04 15:57:30,460][com.java.SeleniumDriver] [  844] - <In Set values of the page>
[INFO ][2015-11-04 15:57:30,460][com.java.SeleniumDriver] [  847] - {Data Fields & Data Values Exist}
[INFO ][2015-11-04 15:57:30,460][com.java.SeleniumDriver] [  849] - --------------------------setting values-----------------------------
[INFO ][2015-11-04 15:57:30,460][com.java.SeleniumDriver] [  852] - Action Type : waitforelement
[INFO ][2015-11-04 15:57:30,491][com.java.SeleniumDriver] [  861] -  RESULT true
[INFO ][2015-11-04 15:57:30,491][com.java.SeleniumDriver] [ 1066] - ?   P A S S   ?
[INFO ][2015-11-04 15:57:30,491][com.java.SeleniumDriver] [  788] - ------------------------------------------
[INFO ][2015-11-04 15:57:30,491][com.java.SeleniumDriver] [  789] - Test case being Executed: 6
[INFO ][2015-11-04 15:57:30,491][com.java.SeleniumDriver] [  800] - Test step:15
[INFO ][2015-11-04 15:57:30,491][com.java.SeleniumDriver] [  812] - Datavalue is----------null
[DEBUG][2015-11-04 15:57:30,491][com.java.SeleniumDriver] [  830] - Exception: null
[INFO ][2015-11-04 15:57:30,491][com.java.SeleniumDriver] [  836] - DataField : XPH//select/option[contains(text(), 'Dollar ($)')]
[INFO ][2015-11-04 15:57:30,491][com.java.SeleniumDriver] [  838] - DataValue : 
[INFO ][2015-11-04 15:57:30,491][com.java.SeleniumDriver] [  844] - <In Set values of the page>
[INFO ][2015-11-04 15:57:30,491][com.java.SeleniumDriver] [  847] - {Data Fields & Data Values Exist}
[INFO ][2015-11-04 15:57:30,491][com.java.SeleniumDriver] [  849] - --------------------------setting values-----------------------------
[INFO ][2015-11-04 15:57:30,491][com.java.SeleniumDriver] [  852] - Action Type : click
[INFO ][2015-11-04 15:57:30,491][com.java.TestType] [ 4063] - Field ::XPH//select/option[contains(text(), 'Dollar ($)')]
[INFO ][2015-11-04 15:57:31,491][com.java.TestType] [ 4122] - BEFORE CLICK
[INFO ][2015-11-04 15:57:32,181][com.java.TestType] [ 4130] - Unable to click the object dollar value dropdown
[INFO ][2015-11-04 15:57:32,181][com.java.SeleniumDriver] [  861] -  RESULT true
[INFO ][2015-11-04 15:57:32,181][com.java.SeleniumDriver] [ 1066] - ?   P A S S   ?
[INFO ][2015-11-04 15:57:32,181][com.java.SeleniumDriver] [  788] - ------------------------------------------
[INFO ][2015-11-04 15:57:32,181][com.java.SeleniumDriver] [  789] - Test case being Executed: 6
[INFO ][2015-11-04 15:57:32,181][com.java.SeleniumDriver] [  800] - Test step:16
[INFO ][2015-11-04 15:57:32,181][com.java.SeleniumDriver] [  812] - Datavalue is----------CalusingKeys
[INFO ][2015-11-04 15:57:32,181][com.java.SeleniumDriver] [  836] - DataField : TXT//input[contains(@placeholder, 'Name your Calcu')]
[INFO ][2015-11-04 15:57:32,181][com.java.SeleniumDriver] [  838] - DataValue : CalusingKeys
[INFO ][2015-11-04 15:57:32,181][com.java.SeleniumDriver] [  844] - <In Set values of the page>
[INFO ][2015-11-04 15:57:32,181][com.java.SeleniumDriver] [  847] - {Data Fields & Data Values Exist}
[INFO ][2015-11-04 15:57:32,181][com.java.SeleniumDriver] [  849] - --------------------------setting values-----------------------------
[INFO ][2015-11-04 15:57:32,181][com.java.SeleniumDriver] [  852] - Action Type : STOREVALUE
[INFO ][2015-11-04 15:57:32,181][com.java.TestType] [ 5810] - field= TXT//input[contains(@placeholder, 'Name your Calcu')]
[DEBUG][2015-11-04 15:57:32,252][com.java.TestType] [ 5824] - Key:: CalusingKeys  Value:: 
[INFO ][2015-11-04 15:57:32,252][com.java.SeleniumDriver] [  861] -  RESULT true
[INFO ][2015-11-04 15:57:32,252][com.java.SeleniumDriver] [ 1066] - ?   P A S S   ?
[INFO ][2015-11-04 15:57:32,252][com.java.SeleniumDriver] [  788] - ------------------------------------------
[INFO ][2015-11-04 15:57:32,252][com.java.SeleniumDriver] [  789] - Test case being Executed: 6
[INFO ][2015-11-04 15:57:32,252][com.java.SeleniumDriver] [  800] - Test step:17
[INFO ][2015-11-04 15:57:32,252][com.java.SeleniumDriver] [  812] - Datavalue is----------//div[@id='group-list']/ul/li//a
[INFO ][2015-11-04 15:57:32,252][com.java.SeleniumDriver] [  836] - DataField : BTN
[INFO ][2015-11-04 15:57:32,252][com.java.SeleniumDriver] [  838] - DataValue : //div[@id='group-list']/ul/li//a
[INFO ][2015-11-04 15:57:32,252][com.java.SeleniumDriver] [  844] - <In Set values of the page>
[INFO ][2015-11-04 15:57:32,252][com.java.SeleniumDriver] [  847] - {Data Fields & Data Values Exist}
[INFO ][2015-11-04 15:57:32,252][com.java.SeleniumDriver] [  849] - --------------------------setting values-----------------------------
[INFO ][2015-11-04 15:57:32,252][com.java.SeleniumDriver] [  852] - Action Type : verify
[INFO ][2015-11-04 15:57:32,252][com.java.TestType] [ 4876] - field= BTN value= //div[@id='group-list']/ul/li//a
[INFO ][2015-11-04 15:57:32,252][com.java.TestType] [ 3750] - value = //div[@id='group-list']/ul/li//a
[INFO ][2015-11-04 15:57:32,282][com.java.SeleniumDriver] [  861] -  RESULT true
[INFO ][2015-11-04 15:57:32,282][com.java.SeleniumDriver] [ 1066] - ?   P A S S   ?
[INFO ][2015-11-04 15:57:32,282][com.java.SeleniumDriver] [  788] - ------------------------------------------
[INFO ][2015-11-04 15:57:32,282][com.java.SeleniumDriver] [  789] - Test case being Executed: 6
[INFO ][2015-11-04 15:57:32,282][com.java.SeleniumDriver] [  800] - Test step:18
[INFO ][2015-11-04 15:57:32,282][com.java.SeleniumDriver] [  812] - Datavalue is----------5
[INFO ][2015-11-04 15:57:32,282][com.java.SeleniumDriver] [  836] - DataField : TXT//div[contains(@class, 'input-group btn-')]/input[contains(@class ,'ember-text-field form-')]
[INFO ][2015-11-04 15:57:32,282][com.java.SeleniumDriver] [  838] - DataValue : 5
[INFO ][2015-11-04 15:57:32,282][com.java.SeleniumDriver] [  844] - <In Set values of the page>
[INFO ][2015-11-04 15:57:32,282][com.java.SeleniumDriver] [  847] - {Data Fields & Data Values Exist}
[INFO ][2015-11-04 15:57:32,282][com.java.SeleniumDriver] [  849] - --------------------------setting values-----------------------------
[INFO ][2015-11-04 15:57:32,282][com.java.SeleniumDriver] [  852] - Action Type : enter
[INFO ][2015-11-04 15:57:32,282][com.java.TestType] [ 4383] - field = //div[contains(@class, 'input-group btn-')]/input[contains(@class ,'ember-text-field form-')]
[INFO ][2015-11-04 15:57:32,282][com.java.TestType] [ 3750] - value = 5
[INFO ][2015-11-04 15:57:32,702][com.java.SeleniumDriver] [  861] -  RESULT true
[INFO ][2015-11-04 15:57:32,702][com.java.SeleniumDriver] [ 1066] - ?   P A S S   ?
[INFO ][2015-11-04 15:57:32,702][com.java.SeleniumDriver] [  788] - ------------------------------------------
[INFO ][2015-11-04 15:57:32,702][com.java.SeleniumDriver] [  789] - Test case being Executed: 6
[INFO ][2015-11-04 15:57:32,702][com.java.SeleniumDriver] [  800] - Test step:19
[INFO ][2015-11-04 15:57:32,702][com.java.SeleniumDriver] [  812] - Datavalue is----------5
[INFO ][2015-11-04 15:57:32,702][com.java.SeleniumDriver] [  836] - DataField : XPH//button[text()='Constant']
[INFO ][2015-11-04 15:57:32,702][com.java.SeleniumDriver] [  838] - DataValue : 5
[INFO ][2015-11-04 15:57:32,702][com.java.SeleniumDriver] [  844] - <In Set values of the page>
[INFO ][2015-11-04 15:57:32,702][com.java.SeleniumDriver] [  847] - {Data Fields & Data Values Exist}
[INFO ][2015-11-04 15:57:32,702][com.java.SeleniumDriver] [  849] - --------------------------setting values-----------------------------
[INFO ][2015-11-04 15:57:32,702][com.java.SeleniumDriver] [  852] - Action Type : waitforelement
[INFO ][2015-11-04 15:57:32,732][com.java.SeleniumDriver] [  861] -  RESULT true
[INFO ][2015-11-04 15:57:32,732][com.java.SeleniumDriver] [ 1066] - ?   P A S S   ?
[INFO ][2015-11-04 15:57:32,732][com.java.SeleniumDriver] [  788] - ------------------------------------------
[INFO ][2015-11-04 15:57:32,732][com.java.SeleniumDriver] [  789] - Test case being Executed: 6
[INFO ][2015-11-04 15:57:32,732][com.java.SeleniumDriver] [  800] - Test step:20
[INFO ][2015-11-04 15:57:32,732][com.java.SeleniumDriver] [  812] - Datavalue is----------null
[DEBUG][2015-11-04 15:57:32,732][com.java.SeleniumDriver] [  830] - Exception: null
[INFO ][2015-11-04 15:57:32,732][com.java.SeleniumDriver] [  836] - DataField : XPH//button[text()='Constant']
[INFO ][2015-11-04 15:57:32,732][com.java.SeleniumDriver] [  838] - DataValue : 
[INFO ][2015-11-04 15:57:32,732][com.java.SeleniumDriver] [  844] - <In Set values of the page>
[INFO ][2015-11-04 15:57:32,732][com.java.SeleniumDriver] [  847] - {Data Fields & Data Values Exist}
[INFO ][2015-11-04 15:57:32,732][com.java.SeleniumDriver] [  849] - --------------------------setting values-----------------------------
[INFO ][2015-11-04 15:57:32,732][com.java.SeleniumDriver] [  852] - Action Type : click
[INFO ][2015-11-04 15:57:32,732][com.java.TestType] [ 4063] - Field ::XPH//button[text()='Constant']
[INFO ][2015-11-04 15:57:33,732][com.java.TestType] [ 4122] - BEFORE CLICK
[INFO ][2015-11-04 15:57:34,552][com.java.TestType] [ 4130] - Unable to click the object click on constant
[INFO ][2015-11-04 15:57:34,552][com.java.SeleniumDriver] [  861] -  RESULT true
[INFO ][2015-11-04 15:57:34,552][com.java.SeleniumDriver] [ 1066] - ?   P A S S   ?
[INFO ][2015-11-04 15:57:34,552][com.java.SeleniumDriver] [  788] - ------------------------------------------
[INFO ][2015-11-04 15:57:34,552][com.java.SeleniumDriver] [  789] - Test case being Executed: 6
[INFO ][2015-11-04 15:57:34,552][com.java.SeleniumDriver] [  800] - Test step:21
[INFO ][2015-11-04 15:57:34,552][com.java.SeleniumDriver] [  812] - Datavalue is----------3
[INFO ][2015-11-04 15:57:34,552][com.java.SeleniumDriver] [  836] - DataField : XPH//button[text()='Constant']
[INFO ][2015-11-04 15:57:34,552][com.java.SeleniumDriver] [  838] - DataValue : 3
[INFO ][2015-11-04 15:57:34,552][com.java.SeleniumDriver] [  844] - <In Set values of the page>
[INFO ][2015-11-04 15:57:34,552][com.java.SeleniumDriver] [  847] - {Data Fields & Data Values Exist}
[INFO ][2015-11-04 15:57:34,552][com.java.SeleniumDriver] [  849] - --------------------------setting values-----------------------------
[INFO ][2015-11-04 15:57:34,552][com.java.SeleniumDriver] [  852] - Action Type : waitforelement
[INFO ][2015-11-04 15:57:34,573][com.java.SeleniumDriver] [  861] -  RESULT true
[INFO ][2015-11-04 15:57:34,573][com.java.SeleniumDriver] [ 1066] - ?   P A S S   ?
[INFO ][2015-11-04 15:57:34,573][com.java.SeleniumDriver] [  788] - ------------------------------------------
[INFO ][2015-11-04 15:57:34,573][com.java.SeleniumDriver] [  789] - Test case being Executed: 6
[INFO ][2015-11-04 15:57:34,573][com.java.SeleniumDriver] [  800] - Test step:22
[INFO ][2015-11-04 15:57:34,573][com.java.SeleniumDriver] [  812] - Datavalue is----------null
[DEBUG][2015-11-04 15:57:34,573][com.java.SeleniumDriver] [  830] - Exception: null
[INFO ][2015-11-04 15:57:34,573][com.java.SeleniumDriver] [  836] - DataField : XPH//button[text()='+']
[INFO ][2015-11-04 15:57:34,573][com.java.SeleniumDriver] [  838] - DataValue : 
[INFO ][2015-11-04 15:57:34,573][com.java.SeleniumDriver] [  844] - <In Set values of the page>
[INFO ][2015-11-04 15:57:34,573][com.java.SeleniumDriver] [  847] - {Data Fields & Data Values Exist}
[INFO ][2015-11-04 15:57:34,573][com.java.SeleniumDriver] [  849] - --------------------------setting values-----------------------------
[INFO ][2015-11-04 15:57:34,573][com.java.SeleniumDriver] [  852] - Action Type : click
[INFO ][2015-11-04 15:57:34,573][com.java.TestType] [ 4063] - Field ::XPH//button[text()='+']
[INFO ][2015-11-04 15:57:35,573][com.java.TestType] [ 4122] - BEFORE CLICK
[INFO ][2015-11-04 15:57:36,323][com.java.TestType] [ 4130] - Unable to click the object enter operator
[INFO ][2015-11-04 15:57:36,323][com.java.SeleniumDriver] [  861] -  RESULT true
[INFO ][2015-11-04 15:57:36,323][com.java.SeleniumDriver] [ 1066] - ?   P A S S   ?
[INFO ][2015-11-04 15:57:36,323][com.java.SeleniumDriver] [  788] - ------------------------------------------
[INFO ][2015-11-04 15:57:36,323][com.java.SeleniumDriver] [  789] - Test case being Executed: 6
[INFO ][2015-11-04 15:57:36,323][com.java.SeleniumDriver] [  800] - Test step:23
[INFO ][2015-11-04 15:57:36,323][com.java.SeleniumDriver] [  812] - Datavalue is----------5
[INFO ][2015-11-04 15:57:36,323][com.java.SeleniumDriver] [  836] - DataField : TXT//div[contains(@class, 'input-group btn-')]/input[contains(@class ,'ember-text-field form-')]
[INFO ][2015-11-04 15:57:36,323][com.java.SeleniumDriver] [  838] - DataValue : 5
[INFO ][2015-11-04 15:57:36,323][com.java.SeleniumDriver] [  844] - <In Set values of the page>
[INFO ][2015-11-04 15:57:36,323][com.java.SeleniumDriver] [  847] - {Data Fields & Data Values Exist}
[INFO ][2015-11-04 15:57:36,323][com.java.SeleniumDriver] [  849] - --------------------------setting values-----------------------------
[INFO ][2015-11-04 15:57:36,323][com.java.SeleniumDriver] [  852] - Action Type : enter
[INFO ][2015-11-04 15:57:36,323][com.java.TestType] [ 4383] - field = //div[contains(@class, 'input-group btn-')]/input[contains(@class ,'ember-text-field form-')]
[INFO ][2015-11-04 15:57:36,323][com.java.TestType] [ 3750] - value = 5
[INFO ][2015-11-04 15:57:36,734][com.java.SeleniumDriver] [  861] -  RESULT true
[INFO ][2015-11-04 15:57:36,734][com.java.SeleniumDriver] [ 1066] - ?   P A S S   ?
[INFO ][2015-11-04 15:57:36,734][com.java.SeleniumDriver] [  788] - ------------------------------------------
[INFO ][2015-11-04 15:57:36,734][com.java.SeleniumDriver] [  789] - Test case being Executed: 6
[INFO ][2015-11-04 15:57:36,734][com.java.SeleniumDriver] [  800] - Test step:24
[INFO ][2015-11-04 15:57:36,734][com.java.SeleniumDriver] [  812] - Datavalue is----------3
[INFO ][2015-11-04 15:57:36,734][com.java.SeleniumDriver] [  836] - DataField : XPH//button[text()='Constant']
[INFO ][2015-11-04 15:57:36,734][com.java.SeleniumDriver] [  838] - DataValue : 3
[INFO ][2015-11-04 15:57:36,734][com.java.SeleniumDriver] [  844] - <In Set values of the page>
[INFO ][2015-11-04 15:57:36,734][com.java.SeleniumDriver] [  847] - {Data Fields & Data Values Exist}
[INFO ][2015-11-04 15:57:36,734][com.java.SeleniumDriver] [  849] - --------------------------setting values-----------------------------
[INFO ][2015-11-04 15:57:36,734][com.java.SeleniumDriver] [  852] - Action Type : waitforelement
[INFO ][2015-11-04 15:57:36,754][com.java.SeleniumDriver] [  861] -  RESULT true
[INFO ][2015-11-04 15:57:36,754][com.java.SeleniumDriver] [ 1066] - ?   P A S S   ?
[INFO ][2015-11-04 15:57:36,754][com.java.SeleniumDriver] [  788] - ------------------------------------------
[INFO ][2015-11-04 15:57:36,754][com.java.SeleniumDriver] [  789] - Test case being Executed: 6
[INFO ][2015-11-04 15:57:36,754][com.java.SeleniumDriver] [  800] - Test step:25
[INFO ][2015-11-04 15:57:36,754][com.java.SeleniumDriver] [  812] - Datavalue is----------null
[DEBUG][2015-11-04 15:57:36,754][com.java.SeleniumDriver] [  830] - Exception: null
[INFO ][2015-11-04 15:57:36,754][com.java.SeleniumDriver] [  836] - DataField : XPH//button[text()='Constant']
[INFO ][2015-11-04 15:57:36,754][com.java.SeleniumDriver] [  838] - DataValue : 
[INFO ][2015-11-04 15:57:36,754][com.java.SeleniumDriver] [  844] - <In Set values of the page>
[INFO ][2015-11-04 15:57:36,754][com.java.SeleniumDriver] [  847] - {Data Fields & Data Values Exist}
[INFO ][2015-11-04 15:57:36,754][com.java.SeleniumDriver] [  849] - --------------------------setting values-----------------------------
[INFO ][2015-11-04 15:57:36,754][com.java.SeleniumDriver] [  852] - Action Type : click
[INFO ][2015-11-04 15:57:36,754][com.java.TestType] [ 4063] - Field ::XPH//button[text()='Constant']
[INFO ][2015-11-04 15:57:37,754][com.java.TestType] [ 4122] - BEFORE CLICK
[INFO ][2015-11-04 15:57:38,504][com.java.TestType] [ 4130] - Unable to click the object click constant
[INFO ][2015-11-04 15:57:38,504][com.java.SeleniumDriver] [  861] -  RESULT true
[INFO ][2015-11-04 15:57:38,504][com.java.SeleniumDriver] [ 1066] - ?   P A S S   ?
[INFO ][2015-11-04 15:57:38,504][com.java.SeleniumDriver] [  788] - ------------------------------------------
[INFO ][2015-11-04 15:57:38,504][com.java.SeleniumDriver] [  789] - Test case being Executed: 6
[INFO ][2015-11-04 15:57:38,504][com.java.SeleniumDriver] [  800] - Test step:26
[INFO ][2015-11-04 15:57:38,504][com.java.SeleniumDriver] [  812] - Datavalue is----------3
[INFO ][2015-11-04 15:57:38,504][com.java.SeleniumDriver] [  836] - DataField : XPH//button[text()='-']
[INFO ][2015-11-04 15:57:38,504][com.java.SeleniumDriver] [  838] - DataValue : 3
[INFO ][2015-11-04 15:57:38,504][com.java.SeleniumDriver] [  844] - <In Set values of the page>
[INFO ][2015-11-04 15:57:38,504][com.java.SeleniumDriver] [  847] - {Data Fields & Data Values Exist}
[INFO ][2015-11-04 15:57:38,504][com.java.SeleniumDriver] [  849] - --------------------------setting values-----------------------------
[INFO ][2015-11-04 15:57:38,504][com.java.SeleniumDriver] [  852] - Action Type : waitforelement
[INFO ][2015-11-04 15:57:38,525][com.java.SeleniumDriver] [  861] -  RESULT true
[INFO ][2015-11-04 15:57:38,525][com.java.SeleniumDriver] [ 1066] - ?   P A S S   ?
[INFO ][2015-11-04 15:57:38,525][com.java.SeleniumDriver] [  788] - ------------------------------------------
[INFO ][2015-11-04 15:57:38,525][com.java.SeleniumDriver] [  789] - Test case being Executed: 6
[INFO ][2015-11-04 15:57:38,525][com.java.SeleniumDriver] [  800] - Test step:27
[INFO ][2015-11-04 15:57:38,525][com.java.SeleniumDriver] [  812] - Datavalue is----------null
[DEBUG][2015-11-04 15:57:38,525][com.java.SeleniumDriver] [  830] - Exception: null
[INFO ][2015-11-04 15:57:38,525][com.java.SeleniumDriver] [  836] - DataField : XPH//button[text()='-']
[INFO ][2015-11-04 15:57:38,525][com.java.SeleniumDriver] [  838] - DataValue : 
[INFO ][2015-11-04 15:57:38,525][com.java.SeleniumDriver] [  844] - <In Set values of the page>
[INFO ][2015-11-04 15:57:38,525][com.java.SeleniumDriver] [  847] - {Data Fields & Data Values Exist}
[INFO ][2015-11-04 15:57:38,525][com.java.SeleniumDriver] [  849] - --------------------------setting values-----------------------------
[INFO ][2015-11-04 15:57:38,525][com.java.SeleniumDriver] [  852] - Action Type : click
[INFO ][2015-11-04 15:57:38,525][com.java.TestType] [ 4063] - Field ::XPH//button[text()='-']
[INFO ][2015-11-04 15:57:39,525][com.java.TestType] [ 4122] - BEFORE CLICK
[INFO ][2015-11-04 15:57:40,245][com.java.TestType] [ 4130] - Unable to click the object enter operator
[INFO ][2015-11-04 15:57:40,245][com.java.SeleniumDriver] [  861] -  RESULT true
[INFO ][2015-11-04 15:57:40,245][com.java.SeleniumDriver] [ 1066] - ?   P A S S   ?
[INFO ][2015-11-04 15:57:40,245][com.java.SeleniumDriver] [  788] - ------------------------------------------
[INFO ][2015-11-04 15:57:40,245][com.java.SeleniumDriver] [  789] - Test case being Executed: 6
[INFO ][2015-11-04 15:57:40,245][com.java.SeleniumDriver] [  800] - Test step:28
[INFO ][2015-11-04 15:57:40,245][com.java.SeleniumDriver] [  812] - Datavalue is----------3
[INFO ][2015-11-04 15:57:40,245][com.java.SeleniumDriver] [  836] - DataField : XPH//div[contains(@class, 'input-group btn-')]/input[contains(@class ,'ember-text-field form-')]
[INFO ][2015-11-04 15:57:40,245][com.java.SeleniumDriver] [  838] - DataValue : 3
[INFO ][2015-11-04 15:57:40,245][com.java.SeleniumDriver] [  844] - <In Set values of the page>
[INFO ][2015-11-04 15:57:40,245][com.java.SeleniumDriver] [  847] - {Data Fields & Data Values Exist}
[INFO ][2015-11-04 15:57:40,245][com.java.SeleniumDriver] [  849] - --------------------------setting values-----------------------------
[INFO ][2015-11-04 15:57:40,245][com.java.SeleniumDriver] [  852] - Action Type : waitforelement
[INFO ][2015-11-04 15:57:40,266][com.java.SeleniumDriver] [  861] -  RESULT true
[INFO ][2015-11-04 15:57:40,266][com.java.SeleniumDriver] [ 1066] - ?   P A S S   ?
[INFO ][2015-11-04 15:57:40,266][com.java.SeleniumDriver] [  788] - ------------------------------------------
[INFO ][2015-11-04 15:57:40,266][com.java.SeleniumDriver] [  789] - Test case being Executed: 6
[INFO ][2015-11-04 15:57:40,266][com.java.SeleniumDriver] [  800] - Test step:29
[INFO ][2015-11-04 15:57:40,266][com.java.SeleniumDriver] [  812] - Datavalue is----------5
[INFO ][2015-11-04 15:57:40,266][com.java.SeleniumDriver] [  836] - DataField : TXT//div[contains(@class, 'input-group btn-')]/input[contains(@class ,'ember-text-field form-')]
[INFO ][2015-11-04 15:57:40,266][com.java.SeleniumDriver] [  838] - DataValue : 5
[INFO ][2015-11-04 15:57:40,266][com.java.SeleniumDriver] [  844] - <In Set values of the page>
[INFO ][2015-11-04 15:57:40,266][com.java.SeleniumDriver] [  847] - {Data Fields & Data Values Exist}
[INFO ][2015-11-04 15:57:40,266][com.java.SeleniumDriver] [  849] - --------------------------setting values-----------------------------
[INFO ][2015-11-04 15:57:40,266][com.java.SeleniumDriver] [  852] - Action Type : enter
[INFO ][2015-11-04 15:57:40,266][com.java.TestType] [ 4383] - field = //div[contains(@class, 'input-group btn-')]/input[contains(@class ,'ember-text-field form-')]
[INFO ][2015-11-04 15:57:40,266][com.java.TestType] [ 3750] - value = 5
[INFO ][2015-11-04 15:57:40,656][com.java.SeleniumDriver] [  861] -  RESULT true
[INFO ][2015-11-04 15:57:40,656][com.java.SeleniumDriver] [ 1066] - ?   P A S S   ?
[INFO ][2015-11-04 15:57:40,656][com.java.SeleniumDriver] [  788] - ------------------------------------------
[INFO ][2015-11-04 15:57:40,656][com.java.SeleniumDriver] [  789] - Test case being Executed: 6
[INFO ][2015-11-04 15:57:40,656][com.java.SeleniumDriver] [  800] - Test step:30
[INFO ][2015-11-04 15:57:40,656][com.java.SeleniumDriver] [  812] - Datavalue is----------3
[INFO ][2015-11-04 15:57:40,656][com.java.SeleniumDriver] [  836] - DataField : XPH//button[text()='Constant']
[INFO ][2015-11-04 15:57:40,656][com.java.SeleniumDriver] [  838] - DataValue : 3
[INFO ][2015-11-04 15:57:40,656][com.java.SeleniumDriver] [  844] - <In Set values of the page>
[INFO ][2015-11-04 15:57:40,656][com.java.SeleniumDriver] [  847] - {Data Fields & Data Values Exist}
[INFO ][2015-11-04 15:57:40,656][com.java.SeleniumDriver] [  849] - --------------------------setting values-----------------------------
[INFO ][2015-11-04 15:57:40,656][com.java.SeleniumDriver] [  852] - Action Type : waitforelement
[INFO ][2015-11-04 15:57:40,676][com.java.SeleniumDriver] [  861] -  RESULT true
[INFO ][2015-11-04 15:57:40,676][com.java.SeleniumDriver] [ 1066] - ?   P A S S   ?
[INFO ][2015-11-04 15:57:40,676][com.java.SeleniumDriver] [  788] - ------------------------------------------
[INFO ][2015-11-04 15:57:40,676][com.java.SeleniumDriver] [  789] - Test case being Executed: 6
[INFO ][2015-11-04 15:57:40,676][com.java.SeleniumDriver] [  800] - Test step:31
[INFO ][2015-11-04 15:57:40,676][com.java.SeleniumDriver] [  812] - Datavalue is----------null
[DEBUG][2015-11-04 15:57:40,676][com.java.SeleniumDriver] [  830] - Exception: null
[INFO ][2015-11-04 15:57:40,676][com.java.SeleniumDriver] [  836] - DataField : XPH//button[text()='Constant']
[INFO ][2015-11-04 15:57:40,676][com.java.SeleniumDriver] [  838] - DataValue : 
[INFO ][2015-11-04 15:57:40,676][com.java.SeleniumDriver] [  844] - <In Set values of the page>
[INFO ][2015-11-04 15:57:40,676][com.java.SeleniumDriver] [  847] - {Data Fields & Data Values Exist}
[INFO ][2015-11-04 15:57:40,676][com.java.SeleniumDriver] [  849] - --------------------------setting values-----------------------------
[INFO ][2015-11-04 15:57:40,676][com.java.SeleniumDriver] [  852] - Action Type : click
[INFO ][2015-11-04 15:57:40,676][com.java.TestType] [ 4063] - Field ::XPH//button[text()='Constant']
[INFO ][2015-11-04 15:57:41,676][com.java.TestType] [ 4122] - BEFORE CLICK
[INFO ][2015-11-04 15:57:42,426][com.java.TestType] [ 4130] - Unable to click the object click constant
[INFO ][2015-11-04 15:57:42,426][com.java.SeleniumDriver] [  861] -  RESULT true
[INFO ][2015-11-04 15:57:42,426][com.java.SeleniumDriver] [ 1066] - ?   P A S S   ?
[INFO ][2015-11-04 15:57:42,426][com.java.SeleniumDriver] [  788] - ------------------------------------------
[INFO ][2015-11-04 15:57:42,426][com.java.SeleniumDriver] [  789] - Test case being Executed: 6
[INFO ][2015-11-04 15:57:42,426][com.java.SeleniumDriver] [  800] - Test step:32
[INFO ][2015-11-04 15:57:42,426][com.java.SeleniumDriver] [  812] - Datavalue is----------3
[INFO ][2015-11-04 15:57:42,426][com.java.SeleniumDriver] [  836] - DataField : XPH//button[contains(text(), 'Save')]
[INFO ][2015-11-04 15:57:42,426][com.java.SeleniumDriver] [  838] - DataValue : 3
[INFO ][2015-11-04 15:57:42,426][com.java.SeleniumDriver] [  844] - <In Set values of the page>
[INFO ][2015-11-04 15:57:42,426][com.java.SeleniumDriver] [  847] - {Data Fields & Data Values Exist}
[INFO ][2015-11-04 15:57:42,426][com.java.SeleniumDriver] [  849] - --------------------------setting values-----------------------------
[INFO ][2015-11-04 15:57:42,426][com.java.SeleniumDriver] [  852] - Action Type : waitforelement
[INFO ][2015-11-04 15:57:42,447][com.java.SeleniumDriver] [  861] -  RESULT true
[INFO ][2015-11-04 15:57:42,447][com.java.SeleniumDriver] [ 1066] - ?   P A S S   ?
[INFO ][2015-11-04 15:57:42,447][com.java.SeleniumDriver] [  788] - ------------------------------------------
[INFO ][2015-11-04 15:57:42,447][com.java.SeleniumDriver] [  789] - Test case being Executed: 6
[INFO ][2015-11-04 15:57:42,447][com.java.SeleniumDriver] [  800] - Test step:33
[INFO ][2015-11-04 15:57:42,447][com.java.SeleniumDriver] [  812] - Datavalue is----------null
[DEBUG][2015-11-04 15:57:42,447][com.java.SeleniumDriver] [  830] - Exception: null
[INFO ][2015-11-04 15:57:42,447][com.java.SeleniumDriver] [  836] - DataField : XPH//button[contains(text(), 'Save')]
[INFO ][2015-11-04 15:57:42,447][com.java.SeleniumDriver] [  838] - DataValue : 
[INFO ][2015-11-04 15:57:42,447][com.java.SeleniumDriver] [  844] - <In Set values of the page>
[INFO ][2015-11-04 15:57:42,447][com.java.SeleniumDriver] [  847] - {Data Fields & Data Values Exist}
[INFO ][2015-11-04 15:57:42,447][com.java.SeleniumDriver] [  849] - --------------------------setting values-----------------------------
[INFO ][2015-11-04 15:57:42,447][com.java.SeleniumDriver] [  852] - Action Type : ISENABLED
[INFO ][2015-11-04 15:57:42,447][com.java.TestType] [ 5771] - field= XPH//button[contains(text(), 'Save')]
[DEBUG][2015-11-04 15:57:42,507][com.java.TestType] [ 5787] - Element is Disabled:: //button[contains(text(), 'Save')]
[INFO ][2015-11-04 15:57:42,507][com.java.SeleniumDriver] [  861] -  RESULT false
[INFO ][2015-11-04 15:57:42,507][com.java.SeleniumDriver] [  908] - ?   F A I L   ?
[INFO ][2015-11-04 15:57:42,507][com.java.SeleniumDriver] [  916] - Browser Type : IE11
[INFO ][2015-11-04 15:57:42,507][com.java.SeleniumDriver] [  917] - Adding Failed case6
[INFO ][2015-11-04 15:57:43,427][com.java.SeleniumDriver] [ 1030] - failedCases = 6
[ERROR][2015-11-04 15:57:43,427][com.java.SeleniumDriver] [ 1516] - Platform Errors : Our apologies...::We have encountered an issue with your request.::Our apologies?:We encountered an issue with your request.
[INFO ][2015-11-04 15:57:43,427][com.java.SeleniumDriver] [ 1520] - Length =3
[ERROR][2015-11-04 15:57:43,427][com.java.SeleniumDriver] [ 1523] - Error 0 = Our apologies...
[ERROR][2015-11-04 15:57:43,518][com.java.SeleniumDriver] [ 1523] - Error 1 = We have encountered an issue with your request.
[ERROR][2015-11-04 15:57:43,528][com.java.SeleniumDriver] [ 1523] - Error 2 = Our apologies?:We encountered an issue with your request.
[DEBUG][2015-11-04 15:57:43,548][com.java.SeleniumDriver] [ 1168] - Case found
[DEBUG][2015-11-04 15:57:43,548][com.java.SeleniumDriver] [ 1173] - Incrementing ReportCounters[0]:2
[INFO ][2015-11-04 15:57:43,548][com.java.SeleniumDriver] [ 1192] - The results are-------------------[6, 33, Add Custom Calculation, Fail, 
Test case failed at Step No. :: 33   Error Message ::  Element is Disabled:: //button[contains(text(), 'Save')]. Screen Shot : D:\BankersDashboard\TestReports\110415\6_110415_155742_IE11.png, Wed Nov 04 15:57:43 IST 2015]
[INFO ][2015-11-04 15:57:43,548][com.java.SeleniumDriver] [ 1196] - End time is-------2 min 49 sec
[INFO ][2015-11-04 15:57:43,548][com.java.SeleniumDriver] [ 1197] - The results are-------------------[6, 33, Add Custom Calculation, Fail, 
Test case failed at Step No. :: 33   Error Message ::  Element is Disabled:: //button[contains(text(), 'Save')]. Screen Shot : D:\BankersDashboard\TestReports\110415\6_110415_155742_IE11.png, Wed Nov 04 15:57:43 IST 2015]
[DEBUG][2015-11-04 15:57:43,548][com.java.ImportnExport.ExportTestResultsExcel] [  222] - testResultPath = D:\BankersDashboard/TestReports/Test Results_BankersDashBoard_110415_155455_IE11_Simmons First National Bank.xls
[DEBUG][2015-11-04 15:57:43,548][com.java.ImportnExport.ExportTestResultsExcel] [  223] - browser is------------IE11
[DEBUG][2015-11-04 15:57:43,548][com.java.ImportnExport.ExportTestResultsExcel] [  270] - result.size() = 6
[DEBUG][2015-11-04 15:57:43,548][com.java.ImportnExport.ExportTestResultsExcel] [  274] - No of rows in sheet=2
[DEBUG][2015-11-04 15:57:43,548][com.java.ImportnExport.ExportTestResultsExcel] [  301] - ..in export..6
[DEBUG][2015-11-04 15:57:43,548][com.java.ImportnExport.ExportTestResultsExcel] [  301] - ..in export..Add Custom Calculation
[DEBUG][2015-11-04 15:57:43,548][com.java.ImportnExport.ExportTestResultsExcel] [  301] - ..in export..Fail
[DEBUG][2015-11-04 15:57:43,548][com.java.ImportnExport.ExportTestResultsExcel] [  301] - ..in export..
Test case failed at Step No. :: 33   Error Message ::  Element is Disabled:: //button[contains(text(), 'Save')]. Screen Shot : D:\BankersDashboard\TestReports\110415\6_110415_155742_IE11.png
[DEBUG][2015-11-04 15:57:43,548][com.java.ImportnExport.ExportTestResultsExcel] [  301] - ..in export..Wed Nov 04 15:57:43 IST 2015
[INFO ][2015-11-04 15:57:43,548][com.java.SeleniumDriver] [ 1255] - out loop:1 size:2 TestCases:[1, 6] testcases:[1, 6]
[INFO ][2015-11-04 15:57:45,548][com.java.SeleniumDriver] [ 1297] - Total Number of Cases:2
[INFO ][2015-11-04 15:57:45,548][com.java.TemplateGenerator] [  302] - Executed:2
[INFO ][2015-11-04 15:57:45,548][com.java.TemplateGenerator] [  303] - Passed:1
[INFO ][2015-11-04 15:57:45,548][com.java.TemplateGenerator] [  304] - Failed:1
[INFO ][2015-11-04 15:57:45,548][com.java.TemplateGenerator] [  305] - Skipeed:0
[INFO ][2015-11-04 15:57:45,548][com.java.TemplateGenerator] [  306] - Application URL:https://clients-xuat.bankersdashboard.com
[INFO ][2015-11-04 15:57:45,548][com.java.TemplateGenerator] [  307] - Start Time:110415_155455
[INFO ][2015-11-04 15:57:45,548][com.java.TemplateGenerator] [  308] -  Creating HTML Report 
[ERROR][2015-11-04 15:57:45,548][com.java.TemplateGenerator] [  409] - Unparseable date: "Wed Nov 04 03:54:55 IST 2015"
[INFO ][2015-11-04 15:57:45,548][com.java.TemplateGenerator] [  654] -  Exporting case :: 1
[INFO ][2015-11-04 15:57:45,548][com.java.TemplateGenerator] [  654] -  Exporting case :: 6
[INFO ][2015-11-04 15:57:45,548][com.java.SeleniumDriver] [ 1346] - End Time:110415_155745
[INFO ][2015-11-04 15:57:45,548][com.java.SeleniumDriver] [ 1349] - Data in Test Execution Details:{1=PASS, 6=FAILTest case failed at Step No. :: 33   Error Message ::  Element is Disabled:: //button[contains(text(), 'Save')]}
[INFO ][2015-11-04 15:57:45,548][com.java.SeleniumDriver] [ 1350] - Data in Failed Execution Deatils:{}
[INFO ][2015-11-04 15:57:45,548][com.java.SeleniumDriver] [ 1352] - ReportCounter:Total:2 :: PASS: 1 ::FAIL: 1
[INFO ][2015-11-04 15:57:45,548][com.java.SeleniumDriver] [ 1353] - FailedReportCounter:Total:0 :: PASS: 0 ::FAIL: 0
[INFO ][2015-11-04 15:57:45,549][com.java.EmailTestReport] [   63] - Sending report mail details:
[INFO ][2015-11-04 15:57:45,549][com.java.EmailTestReport] [   80] - Excel Report Path:D:\BankersDashboard/TestReports/Test Results_BankersDashBoard_110415_155455_IE11_Simmons First National Bank.xls
[INFO ][2015-11-04 15:57:45,549][com.java.EmailTestReport] [   81] - HTML Report Path:D:\BankersDashboard//TestReports//Test Results_BankersDashBoard_110415_155455_IE11_Simmons First National Bank.html
[INFO ][2015-11-04 15:57:45,549][com.java.EmailTestReport] [   82] - smtpHostName:mail01.valuelabs.com
[INFO ][2015-11-04 15:57:45,549][com.java.EmailTestReport] [   83] - Recipient:venkateswararao.gubbala@valuelabs.com
[INFO ][2015-11-04 15:57:45,549][com.java.EmailTestReport] [   84] - From:venkateswararao.gubbala@valuelabs.com
[INFO ][2015-11-04 15:57:45,549][com.java.EmailTestReport] [   85] - Subject:Deluxe Corp Bankers Dashboard Automation Test Report - Simmons First National Bank - IE11
[INFO ][2015-11-04 15:57:45,569][com.java.EmailTestReport] [  143] -  Added venkateswararao.gubbala@valuelabs.com
[INFO ][2015-11-04 15:57:49,730][com.java.SeleniumDriver] [  719] - quitting the browser 
[INFO ][2015-11-04 15:57:51,022][com.java.SeleniumDriver] [  263] - Execution Completed Stopping the thread
