[INFO ][2016-01-29 15:37:13,497][com.java.SeleniumDriver] [  213] - Execute Failed Casesfalse
[INFO ][2016-01-29 15:37:13,497][com.java.SeleniumDriver] [  214] - Browser: IE10
[INFO ][2016-01-29 15:37:13,502][com.java.SeleniumDriver] [  215] - [1, 21]
[INFO ][2016-01-29 15:37:13,502][com.java.SeleniumDriver] [  216] - Total TestCases:2
[INFO ][2016-01-29 15:37:13,502][com.java.SeleniumDriver] [  217] -  Reading Properties from Property File 
[DEBUG][2016-01-29 15:37:13,502][com.java.SeleniumDriver] [  238] - url : https://clients-xuat.bankersdashboard.com
[INFO ][2016-01-29 15:37:13,504][com.java.ImportnExport.ExportTestResultsExcel] [  116] - Time Stamp Fri Jan 29 03:37:13 IST 2016
[INFO ][2016-01-29 15:37:13,504][com.java.ImportnExport.ExportTestResultsExcel] [  175] - OUT FILE : D:\BankersDashboard/TestReports/Test Results_BankersDashBoard_012916_153713_IE10_United Bank.xls
[INFO ][2016-01-29 15:37:13,532][com.java.ImportnExport.ExportTestResultsExcel] [  180] - Test Result file is created
[DEBUG][2016-01-29 15:37:13,637][com.java.SeleniumDriver] [  426] - Hub ip address is-------172.17.68.34
[INFO ][2016-01-29 15:37:13,638][com.java.SeleniumDriver] [  452] - Grid URL:http://172.17.68.34:4444/wd/hub
[INFO ][2016-01-29 15:37:13,638][com.java.SeleniumDriver] [  453] - Capability:Capabilities [{platform=ANY, ensureCleanSession=true, ignoreProtectedModeSettings=true, acceptSslCerts=true, ignoreZoomSetting=true, browserName=internet explorer, browserstack.ie.noFlash=true, version=null}]
[ERROR][2016-01-29 15:37:14,943][com.java.SeleniumDriver] [  498] - Unable invoke browser in grid:Could not start a new session. Possible causes are invalid address of the remote server or browser start-up failure.
Build info: version: '2.48.2', revision: '41bccdd', time: '2015-10-09 19:59:12'
System info: host: 'FVTIII438F1D', ip: '172.17.68.34', os.name: 'Windows 7', os.arch: 'x86', os.version: '6.1', java.version: '1.7.0_55'
Driver info: driver.version: SeleniumDriver
[INFO ][2016-01-29 15:37:14,943][com.java.SeleniumDriver] [  500] - Executing on local machine
[INFO ][2016-01-29 15:37:25,714][com.java.SeleniumDriver] [  248] - IE10is opened
[INFO ][2016-01-29 15:37:26,580][com.java.SeleniumDriver] [  756] - Test cases to be executed are: [1, 21]
[INFO ][2016-01-29 15:37:26,603][com.java.ImportnExport.ImportTestDataDetailsExcel] [   49] - test data details path===== D:\BankersDashboard\TestInputs\TestData.xls
[INFO ][2016-01-29 15:37:26,703][com.java.SeleniumDriver] [  856] - ------------------------------------------
[INFO ][2016-01-29 15:37:26,703][com.java.SeleniumDriver] [  857] - Test case being Executed: 1
[INFO ][2016-01-29 15:37:26,703][com.java.SeleniumDriver] [  869] - Test step:1
[INFO ][2016-01-29 15:37:26,703][com.java.SeleniumDriver] [  881] - Datavalue is----------Concept#1:1-16
[INFO ][2016-01-29 15:37:26,704][com.java.SeleniumDriver] [  905] - DataField : test
[INFO ][2016-01-29 15:37:26,704][com.java.SeleniumDriver] [  907] - DataValue : Concept#1:1-16
[INFO ][2016-01-29 15:37:26,704][com.java.SeleniumDriver] [  913] - <In Set values of the page>
[INFO ][2016-01-29 15:37:26,704][com.java.SeleniumDriver] [  916] - {Data Fields & Data Values Exist}
[INFO ][2016-01-29 15:37:26,704][com.java.SeleniumDriver] [  918] - --------------------------setting values-----------------------------
[INFO ][2016-01-29 15:37:26,704][com.java.SeleniumDriver] [  921] - Action Type : ExecuteTestCase
[INFO ][2016-01-29 15:37:26,723][com.java.TestType] [  445] - The Concept sheet name is ---------- Concept
[INFO ][2016-01-29 15:37:26,723][com.java.TestType] [  448] - The Concept ID  is ---------- 1
[DEBUG][2016-01-29 15:37:26,723][com.java.TestType] [  452] - Steps being executted in the Concept are: 1:16
[INFO ][2016-01-29 15:37:26,723][com.java.TestType] [  459] - Test data details path ---------- D:\BankersDashboard\TestInputs\TestData.xls
[INFO ][2016-01-29 15:37:26,760][com.java.TestType] [  490] -  str(1) = 1
[INFO ][2016-01-29 15:37:26,760][com.java.TestType] [  493] - Test case Id is---1
[INFO ][2016-01-29 15:37:26,760][com.java.TestType] [  495] - 1
[INFO ][2016-01-29 15:37:26,760][com.java.TestType] [  490] -  str(2) = 1
[INFO ][2016-01-29 15:37:26,763][com.java.TestType] [  490] -  str(1) = 1
[INFO ][2016-01-29 15:37:26,763][com.java.TestType] [  493] - Test case Id is---1
[INFO ][2016-01-29 15:37:26,763][com.java.TestType] [  495] - 1
[INFO ][2016-01-29 15:37:26,763][com.java.TestType] [  490] -  str(2) = 2
[INFO ][2016-01-29 15:37:26,764][com.java.TestType] [  490] -  str(1) = 1
[INFO ][2016-01-29 15:37:26,766][com.java.TestType] [  493] - Test case Id is---1
[INFO ][2016-01-29 15:37:26,766][com.java.TestType] [  495] - 1
[INFO ][2016-01-29 15:37:26,767][com.java.TestType] [  490] -  str(2) = 3
[INFO ][2016-01-29 15:37:26,768][com.java.TestType] [  490] -  str(1) = 1
[INFO ][2016-01-29 15:37:26,768][com.java.TestType] [  493] - Test case Id is---1
[INFO ][2016-01-29 15:37:26,768][com.java.TestType] [  495] - 1
[INFO ][2016-01-29 15:37:26,768][com.java.TestType] [  490] -  str(2) = 4
[INFO ][2016-01-29 15:37:26,769][com.java.TestType] [  490] -  str(1) = 1
[INFO ][2016-01-29 15:37:26,769][com.java.TestType] [  493] - Test case Id is---1
[INFO ][2016-01-29 15:37:26,769][com.java.TestType] [  495] - 1
[INFO ][2016-01-29 15:37:26,770][com.java.TestType] [  490] -  str(2) = 5
[INFO ][2016-01-29 15:37:26,771][com.java.TestType] [  490] -  str(1) = 1
[INFO ][2016-01-29 15:37:26,771][com.java.TestType] [  493] - Test case Id is---1
[INFO ][2016-01-29 15:37:26,771][com.java.TestType] [  495] - 1
[INFO ][2016-01-29 15:37:26,771][com.java.TestType] [  490] -  str(2) = 6
[INFO ][2016-01-29 15:37:26,772][com.java.TestType] [  490] -  str(1) = 1
[INFO ][2016-01-29 15:37:26,772][com.java.TestType] [  493] - Test case Id is---1
[INFO ][2016-01-29 15:37:26,772][com.java.TestType] [  495] - 1
[INFO ][2016-01-29 15:37:26,772][com.java.TestType] [  490] -  str(2) = 7
[INFO ][2016-01-29 15:37:26,773][com.java.TestType] [  490] -  str(1) = 1
[INFO ][2016-01-29 15:37:26,773][com.java.TestType] [  493] - Test case Id is---1
[INFO ][2016-01-29 15:37:26,773][com.java.TestType] [  495] - 1
[INFO ][2016-01-29 15:37:26,773][com.java.TestType] [  490] -  str(2) = 8
[INFO ][2016-01-29 15:37:26,774][com.java.TestType] [  490] -  str(1) = 1
[INFO ][2016-01-29 15:37:26,774][com.java.TestType] [  493] - Test case Id is---1
[INFO ][2016-01-29 15:37:26,774][com.java.TestType] [  495] - 1
[INFO ][2016-01-29 15:37:26,774][com.java.TestType] [  490] -  str(2) = 9
[INFO ][2016-01-29 15:37:26,775][com.java.TestType] [  490] -  str(1) = 1
[INFO ][2016-01-29 15:37:26,776][com.java.TestType] [  493] - Test case Id is---1
[INFO ][2016-01-29 15:37:26,776][com.java.TestType] [  495] - 1
[INFO ][2016-01-29 15:37:26,776][com.java.TestType] [  490] -  str(2) = 10
[INFO ][2016-01-29 15:37:26,777][com.java.TestType] [  490] -  str(1) = 1
[INFO ][2016-01-29 15:37:26,777][com.java.TestType] [  493] - Test case Id is---1
[INFO ][2016-01-29 15:37:26,777][com.java.TestType] [  495] - 1
[INFO ][2016-01-29 15:37:26,777][com.java.TestType] [  490] -  str(2) = 11
[INFO ][2016-01-29 15:37:26,778][com.java.TestType] [  490] -  str(1) = 1
[INFO ][2016-01-29 15:37:26,778][com.java.TestType] [  493] - Test case Id is---1
[INFO ][2016-01-29 15:37:26,778][com.java.TestType] [  495] - 1
[INFO ][2016-01-29 15:37:26,778][com.java.TestType] [  490] -  str(2) = 12
[INFO ][2016-01-29 15:37:26,779][com.java.TestType] [  490] -  str(1) = 1
[INFO ][2016-01-29 15:37:26,779][com.java.TestType] [  493] - Test case Id is---1
[INFO ][2016-01-29 15:37:26,779][com.java.TestType] [  495] - 1
[INFO ][2016-01-29 15:37:26,779][com.java.TestType] [  490] -  str(2) = 13
[INFO ][2016-01-29 15:37:26,780][com.java.TestType] [  490] -  str(1) = 1
[INFO ][2016-01-29 15:37:26,780][com.java.TestType] [  493] - Test case Id is---1
[INFO ][2016-01-29 15:37:26,780][com.java.TestType] [  495] - 1
[INFO ][2016-01-29 15:37:26,780][com.java.TestType] [  490] -  str(2) = 14
[INFO ][2016-01-29 15:37:26,781][com.java.TestType] [  490] -  str(1) = 1
[INFO ][2016-01-29 15:37:26,781][com.java.TestType] [  493] - Test case Id is---1
[INFO ][2016-01-29 15:37:26,782][com.java.TestType] [  495] - 1
[INFO ][2016-01-29 15:37:26,782][com.java.TestType] [  490] -  str(2) = 15
[INFO ][2016-01-29 15:37:26,782][com.java.TestType] [  490] -  str(1) = 1
[INFO ][2016-01-29 15:37:26,782][com.java.TestType] [  493] - Test case Id is---1
[INFO ][2016-01-29 15:37:26,782][com.java.TestType] [  495] - 1
[INFO ][2016-01-29 15:37:26,783][com.java.TestType] [  490] -  str(2) = 16
[INFO ][2016-01-29 15:37:26,783][com.java.TestType] [11737] - Looping 1TCID = 1
[DEBUG][2016-01-29 15:37:26,783][com.java.TestType] [11778] - Concept ID:1 :: Step being Executed: 1::1
[INFO ][2016-01-29 15:37:26,784][com.java.TestType] [11816] - dataFields : TXTusername
[DEBUG][2016-01-29 15:37:26,784][com.java.TestType] [11822] - <In Set values of the page>
[DEBUG][2016-01-29 15:37:26,784][com.java.TestType] [11827] - {Data Fields & Data Values Exist}
[INFO ][2016-01-29 15:37:26,784][com.java.TestType] [11833] - --------------------------setting values-----------------------------
[INFO ][2016-01-29 15:37:26,784][com.java.TestType] [11836] - Action Type : CLEARANDENTER
[INFO ][2016-01-29 15:37:29,094][com.java.TestType] [ 6477] - value = valuelabs.ie10.00058
[INFO ][2016-01-29 15:37:31,488][com.java.TestType] [11855] -  RESULT true
[INFO ][2016-01-29 15:37:31,488][com.java.TestType] [11972] - ?   P A S S   ?
[DEBUG][2016-01-29 15:37:31,488][com.java.TestType] [11778] - Concept ID:1 :: Step being Executed: 1::2
[INFO ][2016-01-29 15:37:31,488][com.java.TestType] [11816] - dataFields : TXTpassword
[DEBUG][2016-01-29 15:37:31,488][com.java.TestType] [11822] - <In Set values of the page>
[DEBUG][2016-01-29 15:37:31,489][com.java.TestType] [11827] - {Data Fields & Data Values Exist}
[INFO ][2016-01-29 15:37:31,489][com.java.TestType] [11833] - --------------------------setting values-----------------------------
[INFO ][2016-01-29 15:37:31,489][com.java.TestType] [11836] - Action Type : CLEARANDENTER
[INFO ][2016-01-29 15:37:33,781][com.java.TestType] [ 6477] - value = Password1*
[INFO ][2016-01-29 15:37:36,316][com.java.TestType] [11855] -  RESULT true
[INFO ][2016-01-29 15:37:36,316][com.java.TestType] [11972] - ?   P A S S   ?
[DEBUG][2016-01-29 15:37:36,317][com.java.TestType] [11778] - Concept ID:1 :: Step being Executed: 1::3
[ERROR][2016-01-29 15:37:36,317][com.java.TestType] [11811] - Exception: null
[INFO ][2016-01-29 15:37:36,317][com.java.TestType] [11816] - dataFields : XPH//button[@type='submit']
[DEBUG][2016-01-29 15:37:36,317][com.java.TestType] [11822] - <In Set values of the page>
[DEBUG][2016-01-29 15:37:36,317][com.java.TestType] [11827] - {Data Fields & Data Values Exist}
[INFO ][2016-01-29 15:37:36,317][com.java.TestType] [11833] - --------------------------setting values-----------------------------
[INFO ][2016-01-29 15:37:36,317][com.java.TestType] [11836] - Action Type : Click
[INFO ][2016-01-29 15:37:36,318][com.java.TestType] [ 6856] - Field ::XPH//button[@type='submit']
[INFO ][2016-01-29 15:37:36,318][com.java.TestType] [ 6477] - value = 
[INFO ][2016-01-29 15:37:37,320][com.java.TestType] [ 7029] - BEFORE CLICK
[INFO ][2016-01-29 15:37:38,171][com.java.TestType] [ 7037] - Unable to click the object Login
[INFO ][2016-01-29 15:37:38,171][com.java.TestType] [11855] -  RESULT true
[INFO ][2016-01-29 15:37:38,171][com.java.TestType] [11972] - ?   P A S S   ?
[DEBUG][2016-01-29 15:37:38,171][com.java.TestType] [11778] - Concept ID:1 :: Step being Executed: 1::4
[INFO ][2016-01-29 15:37:38,171][com.java.TestType] [11816] - dataFields : LNKLogout
[DEBUG][2016-01-29 15:37:38,171][com.java.TestType] [11822] - <In Set values of the page>
[DEBUG][2016-01-29 15:37:38,171][com.java.TestType] [11827] - {Data Fields & Data Values Exist}
[INFO ][2016-01-29 15:37:38,171][com.java.TestType] [11833] - --------------------------setting values-----------------------------
[INFO ][2016-01-29 15:37:38,171][com.java.TestType] [11836] - Action Type : WaitForElement
[INFO ][2016-01-29 15:37:41,745][com.java.TestType] [11855] -  RESULT true
[INFO ][2016-01-29 15:37:41,745][com.java.TestType] [11972] - ?   P A S S   ?
[DEBUG][2016-01-29 15:37:41,745][com.java.TestType] [11778] - Concept ID:1 :: Step being Executed: 1::15
[INFO ][2016-01-29 15:37:41,745][com.java.TestType] [11816] - dataFields : LNK
[DEBUG][2016-01-29 15:37:41,746][com.java.TestType] [11822] - <In Set values of the page>
[DEBUG][2016-01-29 15:37:41,746][com.java.TestType] [11827] - {Data Fields & Data Values Exist}
[INFO ][2016-01-29 15:37:41,746][com.java.TestType] [11833] - --------------------------setting values-----------------------------
[INFO ][2016-01-29 15:37:41,746][com.java.TestType] [11836] - Action Type : Verify
[INFO ][2016-01-29 15:37:41,746][com.java.TestType] [ 8077] - field= LNK value= Logout
[INFO ][2016-01-29 15:37:41,747][com.java.TestType] [ 6477] - value = Logout
[INFO ][2016-01-29 15:37:41,785][com.java.TestType] [11855] -  RESULT true
[INFO ][2016-01-29 15:37:41,785][com.java.TestType] [11972] - ?   P A S S   ?
[DEBUG][2016-01-29 15:37:41,785][com.java.TestType] [11778] - Concept ID:1 :: Step being Executed: 1::16
[INFO ][2016-01-29 15:37:41,785][com.java.TestType] [11816] - dataFields : BTN
[DEBUG][2016-01-29 15:37:41,785][com.java.TestType] [11822] - <In Set values of the page>
[DEBUG][2016-01-29 15:37:41,786][com.java.TestType] [11827] - {Data Fields & Data Values Exist}
[INFO ][2016-01-29 15:37:41,786][com.java.TestType] [11833] - --------------------------setting values-----------------------------
[INFO ][2016-01-29 15:37:41,786][com.java.TestType] [11836] - Action Type : Verify
[INFO ][2016-01-29 15:37:41,786][com.java.TestType] [ 8077] - field= BTN value= //img[contains(@src,'bdlogo.jpg')]
[INFO ][2016-01-29 15:37:41,786][com.java.TestType] [ 6477] - value = //img[contains(@src,'bdlogo.jpg')]
[INFO ][2016-01-29 15:37:41,856][com.java.TestType] [11855] -  RESULT true
[INFO ][2016-01-29 15:37:41,856][com.java.TestType] [11972] - ?   P A S S   ?
[INFO ][2016-01-29 15:37:41,856][com.java.TestType] [12043] - Looping End......
[INFO ][2016-01-29 15:37:41,860][com.java.SeleniumDriver] [  930] -  RESULT true
[INFO ][2016-01-29 15:37:41,860][com.java.SeleniumDriver] [ 1136] - ?   P A S S   ?
[INFO ][2016-01-29 15:37:41,860][com.java.SeleniumDriver] [  856] - ------------------------------------------
[INFO ][2016-01-29 15:37:41,860][com.java.SeleniumDriver] [  857] - Test case being Executed: 1
[INFO ][2016-01-29 15:37:41,860][com.java.SeleniumDriver] [  869] - Test step:2
[INFO ][2016-01-29 15:37:41,861][com.java.SeleniumDriver] [  881] - Datavalue is----------Concept#2:1-2
[INFO ][2016-01-29 15:37:41,861][com.java.SeleniumDriver] [  905] - DataField : test
[INFO ][2016-01-29 15:37:41,861][com.java.SeleniumDriver] [  907] - DataValue : Concept#2:1-2
[INFO ][2016-01-29 15:37:41,861][com.java.SeleniumDriver] [  913] - <In Set values of the page>
[INFO ][2016-01-29 15:37:41,861][com.java.SeleniumDriver] [  916] - {Data Fields & Data Values Exist}
[INFO ][2016-01-29 15:37:41,861][com.java.SeleniumDriver] [  918] - --------------------------setting values-----------------------------
[INFO ][2016-01-29 15:37:41,861][com.java.SeleniumDriver] [  921] - Action Type : ExecuteTestCase
[INFO ][2016-01-29 15:37:41,861][com.java.TestType] [  445] - The Concept sheet name is ---------- Concept
[INFO ][2016-01-29 15:37:41,861][com.java.TestType] [  448] - The Concept ID  is ---------- 2
[DEBUG][2016-01-29 15:37:41,862][com.java.TestType] [  452] - Steps being executted in the Concept are: 1:2
[INFO ][2016-01-29 15:37:41,862][com.java.TestType] [  459] - Test data details path ---------- D:\BankersDashboard\TestInputs\TestData.xls
[INFO ][2016-01-29 15:37:41,895][com.java.TestType] [  490] -  str(1) = 2
[INFO ][2016-01-29 15:37:41,895][com.java.TestType] [  493] - Test case Id is---2
[INFO ][2016-01-29 15:37:41,895][com.java.TestType] [  495] - 2
[INFO ][2016-01-29 15:37:41,895][com.java.TestType] [  490] -  str(2) = 1
[INFO ][2016-01-29 15:37:41,897][com.java.TestType] [  490] -  str(1) = 2
[INFO ][2016-01-29 15:37:41,897][com.java.TestType] [  493] - Test case Id is---2
[INFO ][2016-01-29 15:37:41,897][com.java.TestType] [  495] - 2
[INFO ][2016-01-29 15:37:41,897][com.java.TestType] [  490] -  str(2) = 2
[INFO ][2016-01-29 15:37:41,898][com.java.TestType] [  490] -  str(1) = 2
[INFO ][2016-01-29 15:37:41,898][com.java.TestType] [  493] - Test case Id is---2
[INFO ][2016-01-29 15:37:41,898][com.java.TestType] [  495] - 2
[INFO ][2016-01-29 15:37:41,898][com.java.TestType] [  490] -  str(2) = 3
[INFO ][2016-01-29 15:37:41,899][com.java.TestType] [11737] - Looping 1TCID = 2
[DEBUG][2016-01-29 15:37:41,899][com.java.TestType] [11778] - Concept ID:2 :: Step being Executed: 2::1
[INFO ][2016-01-29 15:37:41,899][com.java.TestType] [11816] - dataFields : BNK//select[@id='bank']
[DEBUG][2016-01-29 15:37:41,899][com.java.TestType] [11822] - <In Set values of the page>
[DEBUG][2016-01-29 15:37:41,899][com.java.TestType] [11827] - {Data Fields & Data Values Exist}
[INFO ][2016-01-29 15:37:41,899][com.java.TestType] [11833] - --------------------------setting values-----------------------------
[INFO ][2016-01-29 15:37:41,899][com.java.TestType] [11836] - Action Type : Select
[INFO ][2016-01-29 15:37:41,899][com.java.TestType] [ 6477] - value = PFC
[INFO ][2016-01-29 15:37:42,598][com.java.TestType] [11855] -  RESULT true
[INFO ][2016-01-29 15:37:42,599][com.java.TestType] [11972] - ?   P A S S   ?
[DEBUG][2016-01-29 15:37:42,599][com.java.TestType] [11778] - Concept ID:2 :: Step being Executed: 2::2
[INFO ][2016-01-29 15:37:42,599][com.java.TestType] [11816] - dataFields : LNKLogout
[DEBUG][2016-01-29 15:37:42,599][com.java.TestType] [11822] - <In Set values of the page>
[DEBUG][2016-01-29 15:37:42,599][com.java.TestType] [11827] - {Data Fields & Data Values Exist}
[INFO ][2016-01-29 15:37:42,599][com.java.TestType] [11833] - --------------------------setting values-----------------------------
[INFO ][2016-01-29 15:37:42,599][com.java.TestType] [11836] - Action Type : WaitTime
[DEBUG][2016-01-29 15:37:42,599][com.java.TestType] [ 6291] - sleepTime: 5000
[INFO ][2016-01-29 15:37:47,599][com.java.TestType] [11855] -  RESULT true
[INFO ][2016-01-29 15:37:47,599][com.java.TestType] [11972] - ?   P A S S   ?
[INFO ][2016-01-29 15:37:47,599][com.java.TestType] [12043] - Looping End......
[INFO ][2016-01-29 15:37:47,603][com.java.SeleniumDriver] [  930] -  RESULT true
[INFO ][2016-01-29 15:37:47,603][com.java.SeleniumDriver] [ 1136] - ?   P A S S   ?
[INFO ][2016-01-29 15:37:47,603][com.java.SeleniumDriver] [  856] - ------------------------------------------
[INFO ][2016-01-29 15:37:47,603][com.java.SeleniumDriver] [  857] - Test case being Executed: 1
[INFO ][2016-01-29 15:37:47,603][com.java.SeleniumDriver] [  869] - Test step:3
[INFO ][2016-01-29 15:37:47,604][com.java.SeleniumDriver] [  881] - Datavalue is----------2
[INFO ][2016-01-29 15:37:47,604][com.java.SeleniumDriver] [  905] - DataField : XPH//button[contains(text(),'Add Content')]
[INFO ][2016-01-29 15:37:47,604][com.java.SeleniumDriver] [  907] - DataValue : 2
[INFO ][2016-01-29 15:37:47,604][com.java.SeleniumDriver] [  913] - <In Set values of the page>
[INFO ][2016-01-29 15:37:47,604][com.java.SeleniumDriver] [  916] - {Data Fields & Data Values Exist}
[INFO ][2016-01-29 15:37:47,604][com.java.SeleniumDriver] [  918] - --------------------------setting values-----------------------------
[INFO ][2016-01-29 15:37:47,604][com.java.SeleniumDriver] [  921] - Action Type : WAITFORELEMENT
[INFO ][2016-01-29 15:37:47,940][com.java.SeleniumDriver] [  930] -  RESULT true
[INFO ][2016-01-29 15:37:47,940][com.java.SeleniumDriver] [ 1136] - ?   P A S S   ?
[DEBUG][2016-01-29 15:37:47,940][com.java.SeleniumDriver] [ 1248] - Case found
[DEBUG][2016-01-29 15:37:47,940][com.java.SeleniumDriver] [ 1253] - Incrementing ReportCounters[0]:1
[INFO ][2016-01-29 15:37:47,940][com.java.SeleniumDriver] [ 1272] - The results are-------------------[1, 1, Valid Login, Pass, , Fri Jan 29 15:37:41 IST 2016, 1, 2, Valid Login, Pass, , Fri Jan 29 15:37:47 IST 2016, 1, 3, Valid Login, Pass, , Fri Jan 29 15:37:47 IST 2016]
[INFO ][2016-01-29 15:37:47,940][com.java.SeleniumDriver] [ 1276] - End time is-------36 sec
[INFO ][2016-01-29 15:37:47,940][com.java.SeleniumDriver] [ 1277] - The results are-------------------[1, 1, Valid Login, Pass, , Fri Jan 29 15:37:41 IST 2016, 1, 2, Valid Login, Pass, , Fri Jan 29 15:37:47 IST 2016, 1, 3, Valid Login, Pass, , Fri Jan 29 15:37:47 IST 2016]
[DEBUG][2016-01-29 15:37:47,941][com.java.ImportnExport.ExportTestResultsExcel] [  222] - testResultPath = D:\BankersDashboard/TestReports/Test Results_BankersDashBoard_012916_153713_IE10_United Bank.xls
[DEBUG][2016-01-29 15:37:47,941][com.java.ImportnExport.ExportTestResultsExcel] [  223] - browser is------------IE10
[DEBUG][2016-01-29 15:37:47,986][com.java.ImportnExport.ExportTestResultsExcel] [  270] - result.size() = 18
[DEBUG][2016-01-29 15:37:47,986][com.java.ImportnExport.ExportTestResultsExcel] [  274] - No of rows in sheet=1
[DEBUG][2016-01-29 15:37:47,986][com.java.ImportnExport.ExportTestResultsExcel] [  301] - ..in export..1
[DEBUG][2016-01-29 15:37:47,986][com.java.ImportnExport.ExportTestResultsExcel] [  301] - ..in export..Valid Login
[DEBUG][2016-01-29 15:37:47,987][com.java.ImportnExport.ExportTestResultsExcel] [  301] - ..in export..Pass
[DEBUG][2016-01-29 15:37:47,987][com.java.ImportnExport.ExportTestResultsExcel] [  301] - ..in export..
[DEBUG][2016-01-29 15:37:47,987][com.java.ImportnExport.ExportTestResultsExcel] [  301] - ..in export..Fri Jan 29 15:37:41 IST 2016
[INFO ][2016-01-29 15:37:47,988][com.java.SeleniumDriver] [ 1337] - out loop:0 size:2 TestCases:[1, 21] testcases:[1, 21]
[INFO ][2016-01-29 15:37:47,988][com.java.ImportnExport.ImportTestDataDetailsExcel] [   49] - test data details path===== D:\BankersDashboard\TestInputs\TestData.xls
[INFO ][2016-01-29 15:38:05,646][com.java.SeleniumDriver] [  856] - ------------------------------------------
[INFO ][2016-01-29 15:38:05,646][com.java.SeleniumDriver] [  857] - Test case being Executed: 21
[INFO ][2016-01-29 15:38:05,646][com.java.SeleniumDriver] [  869] - Test step:1
[INFO ][2016-01-29 15:38:05,646][com.java.SeleniumDriver] [  881] - Datavalue is----------Logout
[INFO ][2016-01-29 15:38:05,646][com.java.SeleniumDriver] [  905] - DataField : BTN
[INFO ][2016-01-29 15:38:05,646][com.java.SeleniumDriver] [  907] - DataValue : Logout
[INFO ][2016-01-29 15:38:05,646][com.java.SeleniumDriver] [  913] - <In Set values of the page>
[INFO ][2016-01-29 15:38:05,646][com.java.SeleniumDriver] [  916] - {Data Fields & Data Values Exist}
[INFO ][2016-01-29 15:38:05,646][com.java.SeleniumDriver] [  918] - --------------------------setting values-----------------------------
[INFO ][2016-01-29 15:38:05,646][com.java.SeleniumDriver] [  921] - Action Type : Verify
[INFO ][2016-01-29 15:38:05,646][com.java.TestType] [ 8077] - field= BTN value= Logout
[INFO ][2016-01-29 15:38:05,646][com.java.TestType] [ 6477] - value = Logout
[INFO ][2016-01-29 15:38:06,329][com.java.SeleniumDriver] [  930] -  RESULT true
[INFO ][2016-01-29 15:38:06,329][com.java.SeleniumDriver] [ 1136] - ?   P A S S   ?
[INFO ][2016-01-29 15:38:06,329][com.java.SeleniumDriver] [ 1178] - step change to 3
[INFO ][2016-01-29 15:38:06,329][com.java.SeleniumDriver] [  856] - ------------------------------------------
[INFO ][2016-01-29 15:38:06,329][com.java.SeleniumDriver] [  857] - Test case being Executed: 21
[INFO ][2016-01-29 15:38:06,330][com.java.SeleniumDriver] [  869] - Test step:3
[INFO ][2016-01-29 15:38:06,330][com.java.SeleniumDriver] [  881] - Datavalue is----------Concept#2:1-2
[INFO ][2016-01-29 15:38:06,330][com.java.SeleniumDriver] [  905] - DataField : test
[INFO ][2016-01-29 15:38:06,330][com.java.SeleniumDriver] [  907] - DataValue : Concept#2:1-2
[INFO ][2016-01-29 15:38:06,330][com.java.SeleniumDriver] [  913] - <In Set values of the page>
[INFO ][2016-01-29 15:38:06,330][com.java.SeleniumDriver] [  916] - {Data Fields & Data Values Exist}
[INFO ][2016-01-29 15:38:06,330][com.java.SeleniumDriver] [  918] - --------------------------setting values-----------------------------
[INFO ][2016-01-29 15:38:06,330][com.java.SeleniumDriver] [  921] - Action Type : ExecuteTestCase
[INFO ][2016-01-29 15:38:06,330][com.java.TestType] [  445] - The Concept sheet name is ---------- Concept
[INFO ][2016-01-29 15:38:06,330][com.java.TestType] [  448] - The Concept ID  is ---------- 2
[DEBUG][2016-01-29 15:38:06,330][com.java.TestType] [  452] - Steps being executted in the Concept are: 1:2
[INFO ][2016-01-29 15:38:06,330][com.java.TestType] [  459] - Test data details path ---------- D:\BankersDashboard\TestInputs\TestData.xls
[INFO ][2016-01-29 15:38:06,363][com.java.TestType] [  490] -  str(1) = 2
[INFO ][2016-01-29 15:38:06,363][com.java.TestType] [  493] - Test case Id is---2
[INFO ][2016-01-29 15:38:06,363][com.java.TestType] [  495] - 2
[INFO ][2016-01-29 15:38:06,363][com.java.TestType] [  490] -  str(2) = 1
[INFO ][2016-01-29 15:38:06,364][com.java.TestType] [  490] -  str(1) = 2
[INFO ][2016-01-29 15:38:06,364][com.java.TestType] [  493] - Test case Id is---2
[INFO ][2016-01-29 15:38:06,364][com.java.TestType] [  495] - 2
[INFO ][2016-01-29 15:38:06,364][com.java.TestType] [  490] -  str(2) = 2
[INFO ][2016-01-29 15:38:06,365][com.java.TestType] [  490] -  str(1) = 2
[INFO ][2016-01-29 15:38:06,365][com.java.TestType] [  493] - Test case Id is---2
[INFO ][2016-01-29 15:38:06,365][com.java.TestType] [  495] - 2
[INFO ][2016-01-29 15:38:06,365][com.java.TestType] [  490] -  str(2) = 3
[INFO ][2016-01-29 15:38:06,366][com.java.TestType] [11737] - Looping 1TCID = 2
[DEBUG][2016-01-29 15:38:06,366][com.java.TestType] [11778] - Concept ID:2 :: Step being Executed: 2::1
[INFO ][2016-01-29 15:38:06,366][com.java.TestType] [11816] - dataFields : BNK//select[@id='bank']
[DEBUG][2016-01-29 15:38:06,366][com.java.TestType] [11822] - <In Set values of the page>
[DEBUG][2016-01-29 15:38:06,366][com.java.TestType] [11827] - {Data Fields & Data Values Exist}
[INFO ][2016-01-29 15:38:06,366][com.java.TestType] [11833] - --------------------------setting values-----------------------------
[INFO ][2016-01-29 15:38:06,366][com.java.TestType] [11836] - Action Type : Select
[INFO ][2016-01-29 15:38:06,367][com.java.TestType] [ 6477] - value = PFC
[INFO ][2016-01-29 15:38:07,645][com.java.TestType] [11855] -  RESULT true
[INFO ][2016-01-29 15:38:07,645][com.java.TestType] [11972] - ?   P A S S   ?
[DEBUG][2016-01-29 15:38:07,645][com.java.TestType] [11778] - Concept ID:2 :: Step being Executed: 2::2
[INFO ][2016-01-29 15:38:07,645][com.java.TestType] [11816] - dataFields : LNKLogout
[DEBUG][2016-01-29 15:38:07,645][com.java.TestType] [11822] - <In Set values of the page>
[DEBUG][2016-01-29 15:38:07,645][com.java.TestType] [11827] - {Data Fields & Data Values Exist}
[INFO ][2016-01-29 15:38:07,645][com.java.TestType] [11833] - --------------------------setting values-----------------------------
[INFO ][2016-01-29 15:38:07,645][com.java.TestType] [11836] - Action Type : WaitTime
[DEBUG][2016-01-29 15:38:07,646][com.java.TestType] [ 6291] - sleepTime: 5000
[INFO ][2016-01-29 15:38:12,647][com.java.TestType] [11855] -  RESULT true
[INFO ][2016-01-29 15:38:12,647][com.java.TestType] [11972] - ?   P A S S   ?
[INFO ][2016-01-29 15:38:12,647][com.java.TestType] [12043] - Looping End......
[INFO ][2016-01-29 15:38:12,651][com.java.SeleniumDriver] [  930] -  RESULT true
[INFO ][2016-01-29 15:38:12,651][com.java.SeleniumDriver] [ 1136] - ?   P A S S   ?
[INFO ][2016-01-29 15:38:12,651][com.java.SeleniumDriver] [  856] - ------------------------------------------
[INFO ][2016-01-29 15:38:12,651][com.java.SeleniumDriver] [  857] - Test case being Executed: 21
[INFO ][2016-01-29 15:38:12,651][com.java.SeleniumDriver] [  869] - Test step:4
[INFO ][2016-01-29 15:38:12,652][com.java.SeleniumDriver] [  881] - Datavalue is----------null
[DEBUG][2016-01-29 15:38:12,652][com.java.SeleniumDriver] [  899] - Exception: null
[INFO ][2016-01-29 15:38:12,652][com.java.SeleniumDriver] [  905] - DataField : //span[@class='icon-cog2']&&//a[@data-id="UserSettings"]
[INFO ][2016-01-29 15:38:12,652][com.java.SeleniumDriver] [  907] - DataValue : 
[INFO ][2016-01-29 15:38:12,652][com.java.SeleniumDriver] [  913] - <In Set values of the page>
[INFO ][2016-01-29 15:38:12,652][com.java.SeleniumDriver] [  916] - {Data Fields & Data Values Exist}
[INFO ][2016-01-29 15:38:12,652][com.java.SeleniumDriver] [  918] - --------------------------setting values-----------------------------
[INFO ][2016-01-29 15:38:12,652][com.java.SeleniumDriver] [  921] - Action Type : MOUSEOVER
[INFO ][2016-01-29 15:38:56,511][com.java.SeleniumDriver] [  930] -  RESULT true
[INFO ][2016-01-29 15:38:56,511][com.java.SeleniumDriver] [ 1136] - ?   P A S S   ?
[INFO ][2016-01-29 15:38:56,511][com.java.SeleniumDriver] [  856] - ------------------------------------------
[INFO ][2016-01-29 15:38:56,512][com.java.SeleniumDriver] [  857] - Test case being Executed: 21
[INFO ][2016-01-29 15:38:56,512][com.java.SeleniumDriver] [  869] - Test step:5
[INFO ][2016-01-29 15:38:56,512][com.java.SeleniumDriver] [  881] - Datavalue is----------2
[INFO ][2016-01-29 15:38:56,512][com.java.SeleniumDriver] [  905] - DataField : BTNframeDialogContent
[INFO ][2016-01-29 15:38:56,512][com.java.SeleniumDriver] [  907] - DataValue : 2
[INFO ][2016-01-29 15:38:56,512][com.java.SeleniumDriver] [  913] - <In Set values of the page>
[INFO ][2016-01-29 15:38:56,512][com.java.SeleniumDriver] [  916] - {Data Fields & Data Values Exist}
[INFO ][2016-01-29 15:38:56,512][com.java.SeleniumDriver] [  918] - --------------------------setting values-----------------------------
[INFO ][2016-01-29 15:38:56,512][com.java.SeleniumDriver] [  921] - Action Type : WAITFORELEMENT
[INFO ][2016-01-29 15:38:57,722][com.java.SeleniumDriver] [  930] -  RESULT true
[INFO ][2016-01-29 15:38:57,722][com.java.SeleniumDriver] [ 1136] - ?   P A S S   ?
[INFO ][2016-01-29 15:38:57,722][com.java.SeleniumDriver] [  856] - ------------------------------------------
[INFO ][2016-01-29 15:38:57,722][com.java.SeleniumDriver] [  857] - Test case being Executed: 21
[INFO ][2016-01-29 15:38:57,722][com.java.SeleniumDriver] [  869] - Test step:6
[INFO ][2016-01-29 15:38:57,723][com.java.SeleniumDriver] [  881] - Datavalue is----------2
[INFO ][2016-01-29 15:38:57,723][com.java.SeleniumDriver] [  905] - DataField : XPH//span[@class="ui-dialog-title"]
[INFO ][2016-01-29 15:38:57,723][com.java.SeleniumDriver] [  907] - DataValue : 2
[INFO ][2016-01-29 15:38:57,723][com.java.SeleniumDriver] [  913] - <In Set values of the page>
[INFO ][2016-01-29 15:38:57,723][com.java.SeleniumDriver] [  916] - {Data Fields & Data Values Exist}
[INFO ][2016-01-29 15:38:57,724][com.java.SeleniumDriver] [  918] - --------------------------setting values-----------------------------
[INFO ][2016-01-29 15:38:57,724][com.java.SeleniumDriver] [  921] - Action Type : WAITFORELEMENT
[INFO ][2016-01-29 15:38:57,759][com.java.SeleniumDriver] [  930] -  RESULT true
[INFO ][2016-01-29 15:38:57,759][com.java.SeleniumDriver] [ 1136] - ?   P A S S   ?
[INFO ][2016-01-29 15:38:57,759][com.java.SeleniumDriver] [  856] - ------------------------------------------
[INFO ][2016-01-29 15:38:57,759][com.java.SeleniumDriver] [  857] - Test case being Executed: 21
[INFO ][2016-01-29 15:38:57,759][com.java.SeleniumDriver] [  869] - Test step:7
[INFO ][2016-01-29 15:38:57,760][com.java.SeleniumDriver] [  881] - Datavalue is----------User Settings
[INFO ][2016-01-29 15:38:57,760][com.java.SeleniumDriver] [  905] - DataField : XPH//span[@class="ui-dialog-title"]
[INFO ][2016-01-29 15:38:57,760][com.java.SeleniumDriver] [  907] - DataValue : User Settings
[INFO ][2016-01-29 15:38:57,760][com.java.SeleniumDriver] [  913] - <In Set values of the page>
[INFO ][2016-01-29 15:38:57,760][com.java.SeleniumDriver] [  916] - {Data Fields & Data Values Exist}
[INFO ][2016-01-29 15:38:57,760][com.java.SeleniumDriver] [  918] - --------------------------setting values-----------------------------
[INFO ][2016-01-29 15:38:57,760][com.java.SeleniumDriver] [  921] - Action Type : VERIFY
[INFO ][2016-01-29 15:38:57,760][com.java.TestType] [ 8077] - field= XPH//span[@class="ui-dialog-title"] value= User Settings
[INFO ][2016-01-29 15:38:57,760][com.java.TestType] [ 6477] - value = User Settings
[INFO ][2016-01-29 15:38:57,878][com.java.SeleniumDriver] [  930] -  RESULT true
[INFO ][2016-01-29 15:38:57,878][com.java.SeleniumDriver] [ 1136] - ?   P A S S   ?
[INFO ][2016-01-29 15:38:57,878][com.java.SeleniumDriver] [  856] - ------------------------------------------
[INFO ][2016-01-29 15:38:57,878][com.java.SeleniumDriver] [  857] - Test case being Executed: 21
[INFO ][2016-01-29 15:38:57,878][com.java.SeleniumDriver] [  869] - Test step:8
[INFO ][2016-01-29 15:38:57,878][com.java.SeleniumDriver] [  881] - Datavalue is----------null
[DEBUG][2016-01-29 15:38:57,878][com.java.SeleniumDriver] [  899] - Exception: null
[INFO ][2016-01-29 15:38:57,878][com.java.SeleniumDriver] [  905] - DataField : BTNframeDialogContent
[INFO ][2016-01-29 15:38:57,878][com.java.SeleniumDriver] [  907] - DataValue : 
[INFO ][2016-01-29 15:38:57,879][com.java.SeleniumDriver] [  913] - <In Set values of the page>
[INFO ][2016-01-29 15:38:57,879][com.java.SeleniumDriver] [  916] - {Data Fields & Data Values Exist}
[INFO ][2016-01-29 15:38:57,879][com.java.SeleniumDriver] [  918] - --------------------------setting values-----------------------------
[INFO ][2016-01-29 15:38:57,879][com.java.SeleniumDriver] [  921] - Action Type : SELECTFRAME
[INFO ][2016-01-29 15:38:59,131][com.java.SeleniumDriver] [  930] -  RESULT true
[INFO ][2016-01-29 15:38:59,131][com.java.SeleniumDriver] [ 1136] - ?   P A S S   ?
[INFO ][2016-01-29 15:38:59,131][com.java.SeleniumDriver] [  856] - ------------------------------------------
[INFO ][2016-01-29 15:38:59,131][com.java.SeleniumDriver] [  857] - Test case being Executed: 21
[INFO ][2016-01-29 15:38:59,131][com.java.SeleniumDriver] [  869] - Test step:9
[INFO ][2016-01-29 15:38:59,131][com.java.SeleniumDriver] [  881] - Datavalue is----------index:0
[INFO ][2016-01-29 15:38:59,131][com.java.SeleniumDriver] [  905] - DataField : COBddlEncryptEmailPDF
[INFO ][2016-01-29 15:38:59,132][com.java.SeleniumDriver] [  907] - DataValue : index:0
[INFO ][2016-01-29 15:38:59,132][com.java.SeleniumDriver] [  913] - <In Set values of the page>
[INFO ][2016-01-29 15:38:59,132][com.java.SeleniumDriver] [  916] - {Data Fields & Data Values Exist}
[INFO ][2016-01-29 15:38:59,132][com.java.SeleniumDriver] [  918] - --------------------------setting values-----------------------------
[INFO ][2016-01-29 15:38:59,132][com.java.SeleniumDriver] [  921] - Action Type : SELECT
[INFO ][2016-01-29 15:38:59,132][com.java.TestType] [ 6477] - value = 0
[INFO ][2016-01-29 15:39:00,216][com.java.TestType] [ 6595] -  In COB ddlEncryptEmailPDF : 0
[INFO ][2016-01-29 15:39:00,290][com.java.SeleniumDriver] [  930] -  RESULT true
[INFO ][2016-01-29 15:39:00,290][com.java.SeleniumDriver] [ 1136] - ?   P A S S   ?
[INFO ][2016-01-29 15:39:00,290][com.java.SeleniumDriver] [  856] - ------------------------------------------
[INFO ][2016-01-29 15:39:00,290][com.java.SeleniumDriver] [  857] - Test case being Executed: 21
[INFO ][2016-01-29 15:39:00,290][com.java.SeleniumDriver] [  869] - Test step:10
[INFO ][2016-01-29 15:39:00,290][com.java.SeleniumDriver] [  881] - Datavalue is----------null
[DEBUG][2016-01-29 15:39:00,290][com.java.SeleniumDriver] [  899] - Exception: null
[INFO ][2016-01-29 15:39:00,290][com.java.SeleniumDriver] [  905] - DataField : BTNparent
[INFO ][2016-01-29 15:39:00,292][com.java.SeleniumDriver] [  907] - DataValue : 
[INFO ][2016-01-29 15:39:00,292][com.java.SeleniumDriver] [  913] - <In Set values of the page>
[INFO ][2016-01-29 15:39:00,292][com.java.SeleniumDriver] [  916] - {Data Fields & Data Values Exist}
[INFO ][2016-01-29 15:39:00,292][com.java.SeleniumDriver] [  918] - --------------------------setting values-----------------------------
[INFO ][2016-01-29 15:39:00,292][com.java.SeleniumDriver] [  921] - Action Type : SELECTFRAME
[INFO ][2016-01-29 15:39:00,307][com.java.SeleniumDriver] [  930] -  RESULT true
[INFO ][2016-01-29 15:39:00,307][com.java.SeleniumDriver] [ 1136] - ?   P A S S   ?
[INFO ][2016-01-29 15:39:00,307][com.java.SeleniumDriver] [  856] - ------------------------------------------
[INFO ][2016-01-29 15:39:00,307][com.java.SeleniumDriver] [  857] - Test case being Executed: 21
[INFO ][2016-01-29 15:39:00,307][com.java.SeleniumDriver] [  869] - Test step:11
[INFO ][2016-01-29 15:39:00,307][com.java.SeleniumDriver] [  881] - Datavalue is----------null
[DEBUG][2016-01-29 15:39:00,307][com.java.SeleniumDriver] [  899] - Exception: null
[INFO ][2016-01-29 15:39:00,307][com.java.SeleniumDriver] [  905] - DataField : XPH//span[@class="ui-button-text" and contains(text(),'Finished')]
[INFO ][2016-01-29 15:39:00,308][com.java.SeleniumDriver] [  907] - DataValue : 
[INFO ][2016-01-29 15:39:00,308][com.java.SeleniumDriver] [  913] - <In Set values of the page>
[INFO ][2016-01-29 15:39:00,308][com.java.SeleniumDriver] [  916] - {Data Fields & Data Values Exist}
[INFO ][2016-01-29 15:39:00,308][com.java.SeleniumDriver] [  918] - --------------------------setting values-----------------------------
[INFO ][2016-01-29 15:39:00,308][com.java.SeleniumDriver] [  921] - Action Type : CLICK
[INFO ][2016-01-29 15:39:00,308][com.java.TestType] [ 6856] - Field ::XPH//span[@class="ui-button-text" and contains(text(),'Finished')]
[INFO ][2016-01-29 15:39:00,308][com.java.TestType] [ 6477] - value = 
[INFO ][2016-01-29 15:39:01,309][com.java.TestType] [ 7029] - BEFORE CLICK
[INFO ][2016-01-29 15:39:02,458][com.java.TestType] [ 7037] - Unable to click the object Finish Button
[INFO ][2016-01-29 15:39:02,458][com.java.SeleniumDriver] [  930] -  RESULT true
[INFO ][2016-01-29 15:39:02,458][com.java.SeleniumDriver] [ 1136] - ?   P A S S   ?
[INFO ][2016-01-29 15:39:02,458][com.java.SeleniumDriver] [  856] - ------------------------------------------
[INFO ][2016-01-29 15:39:02,458][com.java.SeleniumDriver] [  857] - Test case being Executed: 21
[INFO ][2016-01-29 15:39:02,458][com.java.SeleniumDriver] [  869] - Test step:12
[INFO ][2016-01-29 15:39:02,458][com.java.SeleniumDriver] [  881] - Datavalue is----------null
[DEBUG][2016-01-29 15:39:02,458][com.java.SeleniumDriver] [  899] - Exception: null
[INFO ][2016-01-29 15:39:02,458][com.java.SeleniumDriver] [  905] - DataField : BTNcloseAllTabs
[INFO ][2016-01-29 15:39:02,458][com.java.SeleniumDriver] [  907] - DataValue : 
[INFO ][2016-01-29 15:39:02,458][com.java.SeleniumDriver] [  913] - <In Set values of the page>
[INFO ][2016-01-29 15:39:02,458][com.java.SeleniumDriver] [  916] - {Data Fields & Data Values Exist}
[INFO ][2016-01-29 15:39:02,459][com.java.SeleniumDriver] [  918] - --------------------------setting values-----------------------------
[INFO ][2016-01-29 15:39:02,459][com.java.SeleniumDriver] [  921] - Action Type : CLICK
[INFO ][2016-01-29 15:39:02,459][com.java.TestType] [ 6856] - Field ::BTNcloseAllTabs
[INFO ][2016-01-29 15:39:02,459][com.java.TestType] [ 6477] - value = 
[INFO ][2016-01-29 15:39:03,459][com.java.TestType] [ 7008] - BEFORE CLICK
[INFO ][2016-01-29 15:39:05,384][com.java.TestType] [ 7015] - Unable to click the object Close all tabs
[INFO ][2016-01-29 15:39:05,384][com.java.SeleniumDriver] [  930] -  RESULT true
[INFO ][2016-01-29 15:39:05,384][com.java.SeleniumDriver] [ 1136] - ?   P A S S   ?
[INFO ][2016-01-29 15:39:05,384][com.java.SeleniumDriver] [  856] - ------------------------------------------
[INFO ][2016-01-29 15:39:05,384][com.java.SeleniumDriver] [  857] - Test case being Executed: 21
[INFO ][2016-01-29 15:39:05,384][com.java.SeleniumDriver] [  869] - Test step:13
[INFO ][2016-01-29 15:39:05,384][com.java.SeleniumDriver] [  881] - Datavalue is----------5
[INFO ][2016-01-29 15:39:05,384][com.java.SeleniumDriver] [  905] - DataField : XPH//span[@class="icon-coin"]
[INFO ][2016-01-29 15:39:05,385][com.java.SeleniumDriver] [  907] - DataValue : 5
[INFO ][2016-01-29 15:39:05,385][com.java.SeleniumDriver] [  913] - <In Set values of the page>
[INFO ][2016-01-29 15:39:05,385][com.java.SeleniumDriver] [  916] - {Data Fields & Data Values Exist}
[INFO ][2016-01-29 15:39:05,385][com.java.SeleniumDriver] [  918] - --------------------------setting values-----------------------------
[INFO ][2016-01-29 15:39:05,385][com.java.SeleniumDriver] [  921] - Action Type : WAITFORELEMENT
[INFO ][2016-01-29 15:39:05,419][com.java.SeleniumDriver] [  930] -  RESULT true
[INFO ][2016-01-29 15:39:05,419][com.java.SeleniumDriver] [ 1136] - ?   P A S S   ?
[INFO ][2016-01-29 15:39:05,419][com.java.SeleniumDriver] [  856] - ------------------------------------------
[INFO ][2016-01-29 15:39:05,419][com.java.SeleniumDriver] [  857] - Test case being Executed: 21
[INFO ][2016-01-29 15:39:05,419][com.java.SeleniumDriver] [  869] - Test step:14
[INFO ][2016-01-29 15:39:05,419][com.java.SeleniumDriver] [  881] - Datavalue is----------null
[DEBUG][2016-01-29 15:39:05,419][com.java.SeleniumDriver] [  899] - Exception: null
[INFO ][2016-01-29 15:39:05,419][com.java.SeleniumDriver] [  905] - DataField : //span[@class='icon-stack']&&//a[@data-id='RunPackage']
[INFO ][2016-01-29 15:39:05,420][com.java.SeleniumDriver] [  907] - DataValue : 
[INFO ][2016-01-29 15:39:05,420][com.java.SeleniumDriver] [  913] - <In Set values of the page>
[INFO ][2016-01-29 15:39:05,420][com.java.SeleniumDriver] [  916] - {Data Fields & Data Values Exist}
[INFO ][2016-01-29 15:39:05,420][com.java.SeleniumDriver] [  918] - --------------------------setting values-----------------------------
[INFO ][2016-01-29 15:39:05,420][com.java.SeleniumDriver] [  921] - Action Type : MOUSEOVER
[INFO ][2016-01-29 15:39:46,087][com.java.SeleniumDriver] [  930] -  RESULT true
[INFO ][2016-01-29 15:39:46,087][com.java.SeleniumDriver] [ 1136] - ?   P A S S   ?
[INFO ][2016-01-29 15:39:46,087][com.java.SeleniumDriver] [  856] - ------------------------------------------
[INFO ][2016-01-29 15:39:46,087][com.java.SeleniumDriver] [  857] - Test case being Executed: 21
[INFO ][2016-01-29 15:39:46,088][com.java.SeleniumDriver] [  869] - Test step:15
[INFO ][2016-01-29 15:39:46,088][com.java.SeleniumDriver] [  881] - Datavalue is----------5
[INFO ][2016-01-29 15:39:46,088][com.java.SeleniumDriver] [  905] - DataField : BTNdivHelpText
[INFO ][2016-01-29 15:39:46,088][com.java.SeleniumDriver] [  907] - DataValue : 5
[INFO ][2016-01-29 15:39:46,088][com.java.SeleniumDriver] [  913] - <In Set values of the page>
[INFO ][2016-01-29 15:39:46,088][com.java.SeleniumDriver] [  916] - {Data Fields & Data Values Exist}
[INFO ][2016-01-29 15:39:46,088][com.java.SeleniumDriver] [  918] - --------------------------setting values-----------------------------
[INFO ][2016-01-29 15:39:46,088][com.java.SeleniumDriver] [  921] - Action Type : WAITFORELEMENT
[INFO ][2016-01-29 15:39:47,297][com.java.SeleniumDriver] [  930] -  RESULT true
[INFO ][2016-01-29 15:39:47,297][com.java.SeleniumDriver] [ 1136] - ?   P A S S   ?
[INFO ][2016-01-29 15:39:47,297][com.java.SeleniumDriver] [  856] - ------------------------------------------
[INFO ][2016-01-29 15:39:47,298][com.java.SeleniumDriver] [  857] - Test case being Executed: 21
[INFO ][2016-01-29 15:39:47,298][com.java.SeleniumDriver] [  869] - Test step:16
[INFO ][2016-01-29 15:39:47,298][com.java.SeleniumDriver] [  881] - Datavalue is----------Run Report Package
[INFO ][2016-01-29 15:39:47,298][com.java.SeleniumDriver] [  905] - DataField : XPH//span[contains(text(),'Run Report Package')]
[INFO ][2016-01-29 15:39:47,298][com.java.SeleniumDriver] [  907] - DataValue : Run Report Package
[INFO ][2016-01-29 15:39:47,298][com.java.SeleniumDriver] [  913] - <In Set values of the page>
[INFO ][2016-01-29 15:39:47,298][com.java.SeleniumDriver] [  916] - {Data Fields & Data Values Exist}
[INFO ][2016-01-29 15:39:47,298][com.java.SeleniumDriver] [  918] - --------------------------setting values-----------------------------
[INFO ][2016-01-29 15:39:47,298][com.java.SeleniumDriver] [  921] - Action Type : VERIFY
[INFO ][2016-01-29 15:39:47,298][com.java.TestType] [ 8077] - field= XPH//span[contains(text(),'Run Report Package')] value= Run Report Package
[INFO ][2016-01-29 15:39:47,298][com.java.TestType] [ 6477] - value = Run Report Package
[INFO ][2016-01-29 15:39:47,414][com.java.SeleniumDriver] [  930] -  RESULT true
[INFO ][2016-01-29 15:39:47,414][com.java.SeleniumDriver] [ 1136] - ?   P A S S   ?
[INFO ][2016-01-29 15:39:47,414][com.java.SeleniumDriver] [  856] - ------------------------------------------
[INFO ][2016-01-29 15:39:47,414][com.java.SeleniumDriver] [  857] - Test case being Executed: 21
[INFO ][2016-01-29 15:39:47,414][com.java.SeleniumDriver] [  869] - Test step:17
[INFO ][2016-01-29 15:39:47,414][com.java.SeleniumDriver] [  881] - Datavalue is----------null
[DEBUG][2016-01-29 15:39:47,414][com.java.SeleniumDriver] [  899] - Exception: null
[INFO ][2016-01-29 15:39:47,414][com.java.SeleniumDriver] [  905] - DataField : BTNframeDialogContent
[INFO ][2016-01-29 15:39:47,414][com.java.SeleniumDriver] [  907] - DataValue : 
[INFO ][2016-01-29 15:39:47,414][com.java.SeleniumDriver] [  913] - <In Set values of the page>
[INFO ][2016-01-29 15:39:47,414][com.java.SeleniumDriver] [  916] - {Data Fields & Data Values Exist}
[INFO ][2016-01-29 15:39:47,414][com.java.SeleniumDriver] [  918] - --------------------------setting values-----------------------------
[INFO ][2016-01-29 15:39:47,414][com.java.SeleniumDriver] [  921] - Action Type : SELECTFRAME
[INFO ][2016-01-29 15:39:48,670][com.java.SeleniumDriver] [  930] -  RESULT true
[INFO ][2016-01-29 15:39:48,670][com.java.SeleniumDriver] [ 1136] - ?   P A S S   ?
[INFO ][2016-01-29 15:39:48,670][com.java.SeleniumDriver] [  856] - ------------------------------------------
[INFO ][2016-01-29 15:39:48,670][com.java.SeleniumDriver] [  857] - Test case being Executed: 21
[INFO ][2016-01-29 15:39:48,670][com.java.SeleniumDriver] [  869] - Test step:18
[INFO ][2016-01-29 15:39:48,670][com.java.SeleniumDriver] [  881] - Datavalue is----------5
[INFO ][2016-01-29 15:39:48,670][com.java.SeleniumDriver] [  905] - DataField : BTNddlPackage
[INFO ][2016-01-29 15:39:48,670][com.java.SeleniumDriver] [  907] - DataValue : 5
[INFO ][2016-01-29 15:39:48,671][com.java.SeleniumDriver] [  913] - <In Set values of the page>
[INFO ][2016-01-29 15:39:48,671][com.java.SeleniumDriver] [  916] - {Data Fields & Data Values Exist}
[INFO ][2016-01-29 15:39:48,671][com.java.SeleniumDriver] [  918] - --------------------------setting values-----------------------------
[INFO ][2016-01-29 15:39:48,671][com.java.SeleniumDriver] [  921] - Action Type : WAITFORELEMENT
[INFO ][2016-01-29 15:39:49,711][com.java.SeleniumDriver] [  930] -  RESULT true
[INFO ][2016-01-29 15:39:49,711][com.java.SeleniumDriver] [ 1136] - ?   P A S S   ?
[INFO ][2016-01-29 15:39:49,711][com.java.SeleniumDriver] [  856] - ------------------------------------------
[INFO ][2016-01-29 15:39:49,711][com.java.SeleniumDriver] [  857] - Test case being Executed: 21
[INFO ][2016-01-29 15:39:49,711][com.java.SeleniumDriver] [  869] - Test step:19
[INFO ][2016-01-29 15:39:49,711][com.java.SeleniumDriver] [  881] - Datavalue is----------index:1
[INFO ][2016-01-29 15:39:49,711][com.java.SeleniumDriver] [  905] - DataField : COBddlPackage
[INFO ][2016-01-29 15:39:49,711][com.java.SeleniumDriver] [  907] - DataValue : index:1
[INFO ][2016-01-29 15:39:49,711][com.java.SeleniumDriver] [  913] - <In Set values of the page>
[INFO ][2016-01-29 15:39:49,712][com.java.SeleniumDriver] [  916] - {Data Fields & Data Values Exist}
[INFO ][2016-01-29 15:39:49,712][com.java.SeleniumDriver] [  918] - --------------------------setting values-----------------------------
[INFO ][2016-01-29 15:39:49,712][com.java.SeleniumDriver] [  921] - Action Type : SELECT
[INFO ][2016-01-29 15:39:49,712][com.java.TestType] [ 6477] - value = 1
[INFO ][2016-01-29 15:39:50,809][com.java.TestType] [ 6595] -  In COB ddlPackage : 1
[INFO ][2016-01-29 15:39:51,000][com.java.SeleniumDriver] [  930] -  RESULT true
[INFO ][2016-01-29 15:39:51,000][com.java.SeleniumDriver] [ 1136] - ?   P A S S   ?
[INFO ][2016-01-29 15:39:51,000][com.java.SeleniumDriver] [  856] - ------------------------------------------
[INFO ][2016-01-29 15:39:51,000][com.java.SeleniumDriver] [  857] - Test case being Executed: 21
[INFO ][2016-01-29 15:39:51,000][com.java.SeleniumDriver] [  869] - Test step:20
[INFO ][2016-01-29 15:39:51,000][com.java.SeleniumDriver] [  881] - Datavalue is----------null
[DEBUG][2016-01-29 15:39:51,000][com.java.SeleniumDriver] [  899] - Exception: null
[INFO ][2016-01-29 15:39:51,000][com.java.SeleniumDriver] [  905] - DataField : XPH//div[@id='ChkBxLstProfitCenter']/input[1]
[INFO ][2016-01-29 15:39:51,001][com.java.SeleniumDriver] [  907] - DataValue : 
[INFO ][2016-01-29 15:39:51,001][com.java.SeleniumDriver] [  913] - <In Set values of the page>
[INFO ][2016-01-29 15:39:51,001][com.java.SeleniumDriver] [  916] - {Data Fields & Data Values Exist}
[INFO ][2016-01-29 15:39:51,001][com.java.SeleniumDriver] [  918] - --------------------------setting values-----------------------------
[INFO ][2016-01-29 15:39:51,001][com.java.SeleniumDriver] [  921] - Action Type : CLICK
[INFO ][2016-01-29 15:39:51,001][com.java.TestType] [ 6856] - Field ::XPH//div[@id='ChkBxLstProfitCenter']/input[1]
[INFO ][2016-01-29 15:39:51,001][com.java.TestType] [ 6477] - value = 
[INFO ][2016-01-29 15:39:52,001][com.java.TestType] [ 7029] - BEFORE CLICK
[INFO ][2016-01-29 15:39:52,882][com.java.TestType] [ 7037] - Unable to click the object Profit Centers>>Consolidated check box
[INFO ][2016-01-29 15:39:52,882][com.java.SeleniumDriver] [  930] -  RESULT true
[INFO ][2016-01-29 15:39:52,882][com.java.SeleniumDriver] [ 1136] - ?   P A S S   ?
[INFO ][2016-01-29 15:39:52,882][com.java.SeleniumDriver] [  856] - ------------------------------------------
[INFO ][2016-01-29 15:39:52,882][com.java.SeleniumDriver] [  857] - Test case being Executed: 21
[INFO ][2016-01-29 15:39:52,882][com.java.SeleniumDriver] [  869] - Test step:21
[INFO ][2016-01-29 15:39:52,882][com.java.SeleniumDriver] [  881] - Datavalue is----------index:2
[INFO ][2016-01-29 15:39:52,882][com.java.SeleniumDriver] [  905] - DataField : COBddlDate
[INFO ][2016-01-29 15:39:52,882][com.java.SeleniumDriver] [  907] - DataValue : index:2
[INFO ][2016-01-29 15:39:52,882][com.java.SeleniumDriver] [  913] - <In Set values of the page>
[INFO ][2016-01-29 15:39:52,882][com.java.SeleniumDriver] [  916] - {Data Fields & Data Values Exist}
[INFO ][2016-01-29 15:39:52,882][com.java.SeleniumDriver] [  918] - --------------------------setting values-----------------------------
[INFO ][2016-01-29 15:39:52,882][com.java.SeleniumDriver] [  921] - Action Type : SELECT
[INFO ][2016-01-29 15:39:52,883][com.java.TestType] [ 6477] - value = 2
[INFO ][2016-01-29 15:39:53,988][com.java.TestType] [ 6595] -  In COB ddlDate : 2
[INFO ][2016-01-29 15:39:54,489][com.java.SeleniumDriver] [  930] -  RESULT true
[INFO ][2016-01-29 15:39:54,490][com.java.SeleniumDriver] [ 1136] - ?   P A S S   ?
[INFO ][2016-01-29 15:39:54,490][com.java.SeleniumDriver] [  856] - ------------------------------------------
[INFO ][2016-01-29 15:39:54,490][com.java.SeleniumDriver] [  857] - Test case being Executed: 21
[INFO ][2016-01-29 15:39:54,490][com.java.SeleniumDriver] [  869] - Test step:22
[INFO ][2016-01-29 15:39:54,490][com.java.SeleniumDriver] [  881] - Datavalue is----------null
[DEBUG][2016-01-29 15:39:54,490][com.java.SeleniumDriver] [  899] - Exception: null
[INFO ][2016-01-29 15:39:54,490][com.java.SeleniumDriver] [  905] - DataField : BTNrdoPDF
[INFO ][2016-01-29 15:39:54,490][com.java.SeleniumDriver] [  907] - DataValue : 
[INFO ][2016-01-29 15:39:54,490][com.java.SeleniumDriver] [  913] - <In Set values of the page>
[INFO ][2016-01-29 15:39:54,490][com.java.SeleniumDriver] [  916] - {Data Fields & Data Values Exist}
[INFO ][2016-01-29 15:39:54,490][com.java.SeleniumDriver] [  918] - --------------------------setting values-----------------------------
[INFO ][2016-01-29 15:39:54,491][com.java.SeleniumDriver] [  921] - Action Type : CLICK
[INFO ][2016-01-29 15:39:54,491][com.java.TestType] [ 6856] - Field ::BTNrdoPDF
[INFO ][2016-01-29 15:39:54,491][com.java.TestType] [ 6477] - value = 
[INFO ][2016-01-29 15:39:55,492][com.java.TestType] [ 7008] - BEFORE CLICK
[INFO ][2016-01-29 15:39:56,751][com.java.TestType] [ 7015] - Unable to click the object E-Mail radio button
[INFO ][2016-01-29 15:39:56,751][com.java.SeleniumDriver] [  930] -  RESULT true
[INFO ][2016-01-29 15:39:56,751][com.java.SeleniumDriver] [ 1136] - ?   P A S S   ?
[INFO ][2016-01-29 15:39:56,751][com.java.SeleniumDriver] [  856] - ------------------------------------------
[INFO ][2016-01-29 15:39:56,751][com.java.SeleniumDriver] [  857] - Test case being Executed: 21
[INFO ][2016-01-29 15:39:56,751][com.java.SeleniumDriver] [  869] - Test step:23
[INFO ][2016-01-29 15:39:56,751][com.java.SeleniumDriver] [  881] - Datavalue is----------null
[DEBUG][2016-01-29 15:39:56,752][com.java.SeleniumDriver] [  899] - Exception: null
[INFO ][2016-01-29 15:39:56,752][com.java.SeleniumDriver] [  905] - DataField : BTNparent
[INFO ][2016-01-29 15:39:56,752][com.java.SeleniumDriver] [  907] - DataValue : 
[INFO ][2016-01-29 15:39:56,752][com.java.SeleniumDriver] [  913] - <In Set values of the page>
[INFO ][2016-01-29 15:39:56,752][com.java.SeleniumDriver] [  916] - {Data Fields & Data Values Exist}
[INFO ][2016-01-29 15:39:56,752][com.java.SeleniumDriver] [  918] - --------------------------setting values-----------------------------
[INFO ][2016-01-29 15:39:56,752][com.java.SeleniumDriver] [  921] - Action Type : SELECTFRAME
[INFO ][2016-01-29 15:39:56,767][com.java.SeleniumDriver] [  930] -  RESULT true
[INFO ][2016-01-29 15:39:56,767][com.java.SeleniumDriver] [ 1136] - ?   P A S S   ?
[INFO ][2016-01-29 15:39:56,767][com.java.SeleniumDriver] [  856] - ------------------------------------------
[INFO ][2016-01-29 15:39:56,767][com.java.SeleniumDriver] [  857] - Test case being Executed: 21
[INFO ][2016-01-29 15:39:56,767][com.java.SeleniumDriver] [  869] - Test step:24
[INFO ][2016-01-29 15:39:56,767][com.java.SeleniumDriver] [  881] - Datavalue is----------null
[DEBUG][2016-01-29 15:39:56,767][com.java.SeleniumDriver] [  899] - Exception: null
[INFO ][2016-01-29 15:39:56,768][com.java.SeleniumDriver] [  905] - DataField : XPH//span[contains(text(),'Run Package')]
[INFO ][2016-01-29 15:39:56,768][com.java.SeleniumDriver] [  907] - DataValue : 
[INFO ][2016-01-29 15:39:56,768][com.java.SeleniumDriver] [  913] - <In Set values of the page>
[INFO ][2016-01-29 15:39:56,768][com.java.SeleniumDriver] [  916] - {Data Fields & Data Values Exist}
[INFO ][2016-01-29 15:39:56,768][com.java.SeleniumDriver] [  918] - --------------------------setting values-----------------------------
[INFO ][2016-01-29 15:39:56,768][com.java.SeleniumDriver] [  921] - Action Type : CLICK
[INFO ][2016-01-29 15:39:56,768][com.java.TestType] [ 6856] - Field ::XPH//span[contains(text(),'Run Package')]
[INFO ][2016-01-29 15:39:56,768][com.java.TestType] [ 6477] - value = 
[INFO ][2016-01-29 15:39:57,768][com.java.TestType] [ 7029] - BEFORE CLICK
[INFO ][2016-01-29 15:40:01,415][com.java.TestType] [ 7037] - Unable to click the object Run Package Button
[INFO ][2016-01-29 15:40:01,415][com.java.SeleniumDriver] [  930] -  RESULT true
[INFO ][2016-01-29 15:40:01,415][com.java.SeleniumDriver] [ 1136] - ?   P A S S   ?
[INFO ][2016-01-29 15:40:01,415][com.java.SeleniumDriver] [  856] - ------------------------------------------
[INFO ][2016-01-29 15:40:01,415][com.java.SeleniumDriver] [  857] - Test case being Executed: 21
[INFO ][2016-01-29 15:40:01,415][com.java.SeleniumDriver] [  869] - Test step:25
[INFO ][2016-01-29 15:40:01,415][com.java.SeleniumDriver] [  881] - Datavalue is----------null
[DEBUG][2016-01-29 15:40:01,415][com.java.SeleniumDriver] [  899] - Exception: null
[INFO ][2016-01-29 15:40:01,415][com.java.SeleniumDriver] [  905] - DataField : BTNframeDialogContent
[INFO ][2016-01-29 15:40:01,415][com.java.SeleniumDriver] [  907] - DataValue : 
[INFO ][2016-01-29 15:40:01,415][com.java.SeleniumDriver] [  913] - <In Set values of the page>
[INFO ][2016-01-29 15:40:01,415][com.java.SeleniumDriver] [  916] - {Data Fields & Data Values Exist}
[INFO ][2016-01-29 15:40:01,416][com.java.SeleniumDriver] [  918] - --------------------------setting values-----------------------------
[INFO ][2016-01-29 15:40:01,416][com.java.SeleniumDriver] [  921] - Action Type : SELECTFRAME
[INFO ][2016-01-29 15:40:03,146][com.java.SeleniumDriver] [  930] -  RESULT true
[INFO ][2016-01-29 15:40:03,146][com.java.SeleniumDriver] [ 1136] - ?   P A S S   ?
[INFO ][2016-01-29 15:40:03,146][com.java.SeleniumDriver] [  856] - ------------------------------------------
[INFO ][2016-01-29 15:40:03,146][com.java.SeleniumDriver] [  857] - Test case being Executed: 21
[INFO ][2016-01-29 15:40:03,146][com.java.SeleniumDriver] [  869] - Test step:26
[INFO ][2016-01-29 15:40:03,146][com.java.SeleniumDriver] [  881] - Datavalue is----------Your report package is currently being processed and will be emailed to you shortly
[INFO ][2016-01-29 15:40:03,146][com.java.SeleniumDriver] [  905] - DataField : MSG
[INFO ][2016-01-29 15:40:03,146][com.java.SeleniumDriver] [  907] - DataValue : Your report package is currently being processed and will be emailed to you shortly
[INFO ][2016-01-29 15:40:03,146][com.java.SeleniumDriver] [  913] - <In Set values of the page>
[INFO ][2016-01-29 15:40:03,146][com.java.SeleniumDriver] [  916] - {Data Fields & Data Values Exist}
[INFO ][2016-01-29 15:40:03,147][com.java.SeleniumDriver] [  918] - --------------------------setting values-----------------------------
[INFO ][2016-01-29 15:40:03,147][com.java.SeleniumDriver] [  921] - Action Type : VERIFY
[INFO ][2016-01-29 15:40:03,147][com.java.TestType] [ 8077] - field= MSG value= Your report package is currently being processed and will be emailed to you shortly
[INFO ][2016-01-29 15:40:03,147][com.java.TestType] [ 6477] - value = Your report package is currently being processed and will be emailed to you shortly
[DEBUG][2016-01-29 15:40:03,147][com.java.TestType] [ 8905] - value :: Your report package is currently being processed and will be emailed to you shortly
[INFO ][2016-01-29 15:40:03,195][com.java.SeleniumDriver] [  930] -  RESULT true
[INFO ][2016-01-29 15:40:03,195][com.java.SeleniumDriver] [ 1136] - ?   P A S S   ?
[INFO ][2016-01-29 15:40:03,195][com.java.SeleniumDriver] [  856] - ------------------------------------------
[INFO ][2016-01-29 15:40:03,195][com.java.SeleniumDriver] [  857] - Test case being Executed: 21
[INFO ][2016-01-29 15:40:03,195][com.java.SeleniumDriver] [  869] - Test step:27
[INFO ][2016-01-29 15:40:03,195][com.java.SeleniumDriver] [  881] - Datavalue is----------You may now close this window and continue working
[INFO ][2016-01-29 15:40:03,195][com.java.SeleniumDriver] [  905] - DataField : MSG
[INFO ][2016-01-29 15:40:03,195][com.java.SeleniumDriver] [  907] - DataValue : You may now close this window and continue working
[INFO ][2016-01-29 15:40:03,195][com.java.SeleniumDriver] [  913] - <In Set values of the page>
[INFO ][2016-01-29 15:40:03,196][com.java.SeleniumDriver] [  916] - {Data Fields & Data Values Exist}
[INFO ][2016-01-29 15:40:03,196][com.java.SeleniumDriver] [  918] - --------------------------setting values-----------------------------
[INFO ][2016-01-29 15:40:03,196][com.java.SeleniumDriver] [  921] - Action Type : VERIFY
[INFO ][2016-01-29 15:40:03,196][com.java.TestType] [ 8077] - field= MSG value= You may now close this window and continue working
[INFO ][2016-01-29 15:40:03,196][com.java.TestType] [ 6477] - value = You may now close this window and continue working
[DEBUG][2016-01-29 15:40:03,196][com.java.TestType] [ 8905] - value :: You may now close this window and continue working
[INFO ][2016-01-29 15:40:03,214][com.java.SeleniumDriver] [  930] -  RESULT true
[INFO ][2016-01-29 15:40:03,214][com.java.SeleniumDriver] [ 1136] - ?   P A S S   ?
[INFO ][2016-01-29 15:40:03,214][com.java.SeleniumDriver] [  856] - ------------------------------------------
[INFO ][2016-01-29 15:40:03,214][com.java.SeleniumDriver] [  857] - Test case being Executed: 21
[INFO ][2016-01-29 15:40:03,214][com.java.SeleniumDriver] [  869] - Test step:28
[INFO ][2016-01-29 15:40:03,214][com.java.SeleniumDriver] [  881] - Datavalue is----------null
[DEBUG][2016-01-29 15:40:03,214][com.java.SeleniumDriver] [  899] - Exception: null
[INFO ][2016-01-29 15:40:03,215][com.java.SeleniumDriver] [  905] - DataField : BTNparent
[INFO ][2016-01-29 15:40:03,215][com.java.SeleniumDriver] [  907] - DataValue : 
[INFO ][2016-01-29 15:40:03,215][com.java.SeleniumDriver] [  913] - <In Set values of the page>
[INFO ][2016-01-29 15:40:03,215][com.java.SeleniumDriver] [  916] - {Data Fields & Data Values Exist}
[INFO ][2016-01-29 15:40:03,215][com.java.SeleniumDriver] [  918] - --------------------------setting values-----------------------------
[INFO ][2016-01-29 15:40:03,215][com.java.SeleniumDriver] [  921] - Action Type : SELECTFRAME
[INFO ][2016-01-29 15:40:03,230][com.java.SeleniumDriver] [  930] -  RESULT true
[INFO ][2016-01-29 15:40:03,230][com.java.SeleniumDriver] [ 1136] - ?   P A S S   ?
[INFO ][2016-01-29 15:40:03,230][com.java.SeleniumDriver] [  856] - ------------------------------------------
[INFO ][2016-01-29 15:40:03,230][com.java.SeleniumDriver] [  857] - Test case being Executed: 21
[INFO ][2016-01-29 15:40:03,230][com.java.SeleniumDriver] [  869] - Test step:29
[INFO ][2016-01-29 15:40:03,230][com.java.SeleniumDriver] [  881] - Datavalue is----------null
[DEBUG][2016-01-29 15:40:03,230][com.java.SeleniumDriver] [  899] - Exception: null
[INFO ][2016-01-29 15:40:03,230][com.java.SeleniumDriver] [  905] - DataField : XPH//button[@title='close']
[INFO ][2016-01-29 15:40:03,230][com.java.SeleniumDriver] [  907] - DataValue : 
[INFO ][2016-01-29 15:40:03,230][com.java.SeleniumDriver] [  913] - <In Set values of the page>
[INFO ][2016-01-29 15:40:03,231][com.java.SeleniumDriver] [  916] - {Data Fields & Data Values Exist}
[INFO ][2016-01-29 15:40:03,231][com.java.SeleniumDriver] [  918] - --------------------------setting values-----------------------------
[INFO ][2016-01-29 15:40:03,231][com.java.SeleniumDriver] [  921] - Action Type : CLICK
[INFO ][2016-01-29 15:40:03,231][com.java.TestType] [ 6856] - Field ::XPH//button[@title='close']
[INFO ][2016-01-29 15:40:03,231][com.java.TestType] [ 6477] - value = 
[INFO ][2016-01-29 15:40:04,231][com.java.TestType] [ 7029] - BEFORE CLICK
[INFO ][2016-01-29 15:40:05,918][com.java.TestType] [ 7037] - Unable to click the object Close button
[INFO ][2016-01-29 15:40:05,918][com.java.SeleniumDriver] [  930] -  RESULT true
[INFO ][2016-01-29 15:40:05,918][com.java.SeleniumDriver] [ 1136] - ?   P A S S   ?
[INFO ][2016-01-29 15:40:05,918][com.java.SeleniumDriver] [  856] - ------------------------------------------
[INFO ][2016-01-29 15:40:05,918][com.java.SeleniumDriver] [  857] - Test case being Executed: 21
[INFO ][2016-01-29 15:40:05,918][com.java.SeleniumDriver] [  869] - Test step:30
[INFO ][2016-01-29 15:40:05,918][com.java.SeleniumDriver] [  881] - Datavalue is----------null
[DEBUG][2016-01-29 15:40:05,918][com.java.SeleniumDriver] [  899] - Exception: null
[INFO ][2016-01-29 15:40:05,918][com.java.SeleniumDriver] [  905] - DataField : BTNcloseAllTabs
[INFO ][2016-01-29 15:40:05,918][com.java.SeleniumDriver] [  907] - DataValue : 
[INFO ][2016-01-29 15:40:05,918][com.java.SeleniumDriver] [  913] - <In Set values of the page>
[INFO ][2016-01-29 15:40:05,918][com.java.SeleniumDriver] [  916] - {Data Fields & Data Values Exist}
[INFO ][2016-01-29 15:40:05,919][com.java.SeleniumDriver] [  918] - --------------------------setting values-----------------------------
[INFO ][2016-01-29 15:40:05,919][com.java.SeleniumDriver] [  921] - Action Type : CLICK
[INFO ][2016-01-29 15:40:05,919][com.java.TestType] [ 6856] - Field ::BTNcloseAllTabs
[INFO ][2016-01-29 15:40:05,919][com.java.TestType] [ 6477] - value = 
[INFO ][2016-01-29 15:40:06,919][com.java.TestType] [ 7008] - BEFORE CLICK
[INFO ][2016-01-29 15:40:08,657][com.java.TestType] [ 7015] - Unable to click the object Close all tabs button
[INFO ][2016-01-29 15:40:08,657][com.java.SeleniumDriver] [  930] -  RESULT true
[INFO ][2016-01-29 15:40:08,657][com.java.SeleniumDriver] [ 1136] - ?   P A S S   ?
[INFO ][2016-01-29 15:40:08,657][com.java.SeleniumDriver] [  856] - ------------------------------------------
[INFO ][2016-01-29 15:40:08,657][com.java.SeleniumDriver] [  857] - Test case being Executed: 21
[INFO ][2016-01-29 15:40:08,657][com.java.SeleniumDriver] [  869] - Test step:31
[INFO ][2016-01-29 15:40:08,657][com.java.SeleniumDriver] [  881] - Datavalue is----------3
[INFO ][2016-01-29 15:40:08,657][com.java.SeleniumDriver] [  905] - DataField : XPH//div[@id="reportTabs"]//li[@class="activeTab"]//a[@title="Start Page"]
[INFO ][2016-01-29 15:40:08,657][com.java.SeleniumDriver] [  907] - DataValue : 3
[INFO ][2016-01-29 15:40:08,657][com.java.SeleniumDriver] [  913] - <In Set values of the page>
[INFO ][2016-01-29 15:40:08,658][com.java.SeleniumDriver] [  916] - {Data Fields & Data Values Exist}
[INFO ][2016-01-29 15:40:08,658][com.java.SeleniumDriver] [  918] - --------------------------setting values-----------------------------
[INFO ][2016-01-29 15:40:08,658][com.java.SeleniumDriver] [  921] - Action Type : WAITFORELEMENT
[INFO ][2016-01-29 15:40:08,863][com.java.SeleniumDriver] [  930] -  RESULT true
[INFO ][2016-01-29 15:40:08,863][com.java.SeleniumDriver] [ 1136] - ?   P A S S   ?
[INFO ][2016-01-29 15:40:08,863][com.java.SeleniumDriver] [  856] - ------------------------------------------
[INFO ][2016-01-29 15:40:08,863][com.java.SeleniumDriver] [  857] - Test case being Executed: 21
[INFO ][2016-01-29 15:40:08,863][com.java.SeleniumDriver] [  869] - Test step:32
[INFO ][2016-01-29 15:40:08,863][com.java.SeleniumDriver] [  881] - Datavalue is----------//div[@id="reportTabs"]//li[@class="activeTab"]//a[@title="Start Page"]
[INFO ][2016-01-29 15:40:08,863][com.java.SeleniumDriver] [  905] - DataField : BTN
[INFO ][2016-01-29 15:40:08,863][com.java.SeleniumDriver] [  907] - DataValue : //div[@id="reportTabs"]//li[@class="activeTab"]//a[@title="Start Page"]
[INFO ][2016-01-29 15:40:08,864][com.java.SeleniumDriver] [  913] - <In Set values of the page>
[INFO ][2016-01-29 15:40:08,864][com.java.SeleniumDriver] [  916] - {Data Fields & Data Values Exist}
[INFO ][2016-01-29 15:40:08,864][com.java.SeleniumDriver] [  918] - --------------------------setting values-----------------------------
[INFO ][2016-01-29 15:40:08,864][com.java.SeleniumDriver] [  921] - Action Type : VERIFY
[INFO ][2016-01-29 15:40:08,864][com.java.TestType] [ 8077] - field= BTN value= //div[@id="reportTabs"]//li[@class="activeTab"]//a[@title="Start Page"]
[INFO ][2016-01-29 15:40:08,864][com.java.TestType] [ 6477] - value = //div[@id="reportTabs"]//li[@class="activeTab"]//a[@title="Start Page"]
[INFO ][2016-01-29 15:40:09,292][com.java.SeleniumDriver] [  930] -  RESULT true
[INFO ][2016-01-29 15:40:09,292][com.java.SeleniumDriver] [ 1136] - ?   P A S S   ?
[INFO ][2016-01-29 15:40:09,292][com.java.SeleniumDriver] [  856] - ------------------------------------------
[INFO ][2016-01-29 15:40:09,292][com.java.SeleniumDriver] [  857] - Test case being Executed: 21
[INFO ][2016-01-29 15:40:09,292][com.java.SeleniumDriver] [  869] - Test step:33
[INFO ][2016-01-29 15:40:09,292][com.java.SeleniumDriver] [  881] - Datavalue is----------Concept#8:1-18
[INFO ][2016-01-29 15:40:09,292][com.java.SeleniumDriver] [  905] - DataField : test
[INFO ][2016-01-29 15:40:09,293][com.java.SeleniumDriver] [  907] - DataValue : Concept#8:1-18
[INFO ][2016-01-29 15:40:09,293][com.java.SeleniumDriver] [  913] - <In Set values of the page>
[INFO ][2016-01-29 15:40:09,293][com.java.SeleniumDriver] [  916] - {Data Fields & Data Values Exist}
[INFO ][2016-01-29 15:40:09,293][com.java.SeleniumDriver] [  918] - --------------------------setting values-----------------------------
[INFO ][2016-01-29 15:40:09,293][com.java.SeleniumDriver] [  921] - Action Type : ExecuteTestCase
[INFO ][2016-01-29 15:40:09,293][com.java.TestType] [  445] - The Concept sheet name is ---------- Concept
[INFO ][2016-01-29 15:40:09,293][com.java.TestType] [  448] - The Concept ID  is ---------- 8
[DEBUG][2016-01-29 15:40:09,293][com.java.TestType] [  452] - Steps being executted in the Concept are: 1:18
[INFO ][2016-01-29 15:40:09,293][com.java.TestType] [  459] - Test data details path ---------- D:\BankersDashboard\TestInputs\TestData.xls
[INFO ][2016-01-29 15:40:09,327][com.java.TestType] [  490] -  str(1) = 8
[INFO ][2016-01-29 15:40:09,327][com.java.TestType] [  493] - Test case Id is---8
[INFO ][2016-01-29 15:40:09,327][com.java.TestType] [  495] - 8
[INFO ][2016-01-29 15:40:09,327][com.java.TestType] [  490] -  str(2) = 1
[INFO ][2016-01-29 15:40:09,329][com.java.TestType] [  490] -  str(1) = 8
[INFO ][2016-01-29 15:40:09,329][com.java.TestType] [  493] - Test case Id is---8
[INFO ][2016-01-29 15:40:09,329][com.java.TestType] [  495] - 8
[INFO ][2016-01-29 15:40:09,329][com.java.TestType] [  490] -  str(2) = 2
[INFO ][2016-01-29 15:40:09,330][com.java.TestType] [  490] -  str(1) = 8
[INFO ][2016-01-29 15:40:09,330][com.java.TestType] [  493] - Test case Id is---8
[INFO ][2016-01-29 15:40:09,330][com.java.TestType] [  495] - 8
[INFO ][2016-01-29 15:40:09,330][com.java.TestType] [  490] -  str(2) = 3
[INFO ][2016-01-29 15:40:09,330][com.java.TestType] [  490] -  str(1) = 8
[INFO ][2016-01-29 15:40:09,330][com.java.TestType] [  493] - Test case Id is---8
[INFO ][2016-01-29 15:40:09,330][com.java.TestType] [  495] - 8
[INFO ][2016-01-29 15:40:09,331][com.java.TestType] [  490] -  str(2) = 4
[INFO ][2016-01-29 15:40:09,332][com.java.TestType] [  490] -  str(1) = 8
[INFO ][2016-01-29 15:40:09,332][com.java.TestType] [  493] - Test case Id is---8
[INFO ][2016-01-29 15:40:09,332][com.java.TestType] [  495] - 8
[INFO ][2016-01-29 15:40:09,332][com.java.TestType] [  490] -  str(2) = 5
[INFO ][2016-01-29 15:40:09,333][com.java.TestType] [  490] -  str(1) = 8
[INFO ][2016-01-29 15:40:09,333][com.java.TestType] [  493] - Test case Id is---8
[INFO ][2016-01-29 15:40:09,333][com.java.TestType] [  495] - 8
[INFO ][2016-01-29 15:40:09,333][com.java.TestType] [  490] -  str(2) = 6
[INFO ][2016-01-29 15:40:09,333][com.java.TestType] [  490] -  str(1) = 8
[INFO ][2016-01-29 15:40:09,333][com.java.TestType] [  493] - Test case Id is---8
[INFO ][2016-01-29 15:40:09,333][com.java.TestType] [  495] - 8
[INFO ][2016-01-29 15:40:09,334][com.java.TestType] [  490] -  str(2) = 7
[INFO ][2016-01-29 15:40:09,334][com.java.TestType] [  490] -  str(1) = 8
[INFO ][2016-01-29 15:40:09,334][com.java.TestType] [  493] - Test case Id is---8
[INFO ][2016-01-29 15:40:09,334][com.java.TestType] [  495] - 8
[INFO ][2016-01-29 15:40:09,334][com.java.TestType] [  490] -  str(2) = 8
[INFO ][2016-01-29 15:40:09,335][com.java.TestType] [  490] -  str(1) = 8
[INFO ][2016-01-29 15:40:09,335][com.java.TestType] [  493] - Test case Id is---8
[INFO ][2016-01-29 15:40:09,335][com.java.TestType] [  495] - 8
[INFO ][2016-01-29 15:40:09,335][com.java.TestType] [  490] -  str(2) = 9
[INFO ][2016-01-29 15:40:09,336][com.java.TestType] [  490] -  str(1) = 8
[INFO ][2016-01-29 15:40:09,336][com.java.TestType] [  493] - Test case Id is---8
[INFO ][2016-01-29 15:40:09,336][com.java.TestType] [  495] - 8
[INFO ][2016-01-29 15:40:09,336][com.java.TestType] [  490] -  str(2) = 10
[INFO ][2016-01-29 15:40:09,337][com.java.TestType] [  490] -  str(1) = 8
[INFO ][2016-01-29 15:40:09,337][com.java.TestType] [  493] - Test case Id is---8
[INFO ][2016-01-29 15:40:09,337][com.java.TestType] [  495] - 8
[INFO ][2016-01-29 15:40:09,337][com.java.TestType] [  490] -  str(2) = 11
[INFO ][2016-01-29 15:40:09,338][com.java.TestType] [  490] -  str(1) = 8
[INFO ][2016-01-29 15:40:09,338][com.java.TestType] [  493] - Test case Id is---8
[INFO ][2016-01-29 15:40:09,338][com.java.TestType] [  495] - 8
[INFO ][2016-01-29 15:40:09,338][com.java.TestType] [  490] -  str(2) = 12
[INFO ][2016-01-29 15:40:09,339][com.java.TestType] [  490] -  str(1) = 8
[INFO ][2016-01-29 15:40:09,339][com.java.TestType] [  493] - Test case Id is---8
[INFO ][2016-01-29 15:40:09,339][com.java.TestType] [  495] - 8
[INFO ][2016-01-29 15:40:09,339][com.java.TestType] [  490] -  str(2) = 13
[INFO ][2016-01-29 15:40:09,340][com.java.TestType] [  490] -  str(1) = 8
[INFO ][2016-01-29 15:40:09,340][com.java.TestType] [  493] - Test case Id is---8
[INFO ][2016-01-29 15:40:09,340][com.java.TestType] [  495] - 8
[INFO ][2016-01-29 15:40:09,340][com.java.TestType] [  490] -  str(2) = 14
[INFO ][2016-01-29 15:40:09,341][com.java.TestType] [  490] -  str(1) = 8
[INFO ][2016-01-29 15:40:09,341][com.java.TestType] [  493] - Test case Id is---8
[INFO ][2016-01-29 15:40:09,341][com.java.TestType] [  495] - 8
[INFO ][2016-01-29 15:40:09,341][com.java.TestType] [  490] -  str(2) = 15
[INFO ][2016-01-29 15:40:09,342][com.java.TestType] [  490] -  str(1) = 8
[INFO ][2016-01-29 15:40:09,342][com.java.TestType] [  493] - Test case Id is---8
[INFO ][2016-01-29 15:40:09,342][com.java.TestType] [  495] - 8
[INFO ][2016-01-29 15:40:09,342][com.java.TestType] [  490] -  str(2) = 16
[INFO ][2016-01-29 15:40:09,343][com.java.TestType] [  490] -  str(1) = 8
[INFO ][2016-01-29 15:40:09,343][com.java.TestType] [  493] - Test case Id is---8
[INFO ][2016-01-29 15:40:09,343][com.java.TestType] [  495] - 8
[INFO ][2016-01-29 15:40:09,343][com.java.TestType] [  490] -  str(2) = 17
[INFO ][2016-01-29 15:40:09,343][com.java.TestType] [  490] -  str(1) = 8
[INFO ][2016-01-29 15:40:09,343][com.java.TestType] [  493] - Test case Id is---8
[INFO ][2016-01-29 15:40:09,343][com.java.TestType] [  495] - 8
[INFO ][2016-01-29 15:40:09,344][com.java.TestType] [  490] -  str(2) = 18
[INFO ][2016-01-29 15:40:09,344][com.java.TestType] [11737] - Looping 1TCID = 8
[DEBUG][2016-01-29 15:40:09,344][com.java.TestType] [11778] - Concept ID:8 :: Step being Executed: 8::1
[ERROR][2016-01-29 15:40:09,344][com.java.TestType] [11811] - Exception: null
[INFO ][2016-01-29 15:40:09,344][com.java.TestType] [11816] - dataFields : BTNparent
[DEBUG][2016-01-29 15:40:09,345][com.java.TestType] [11822] - <In Set values of the page>
[DEBUG][2016-01-29 15:40:09,345][com.java.TestType] [11827] - {Data Fields & Data Values Exist}
[INFO ][2016-01-29 15:40:09,345][com.java.TestType] [11833] - --------------------------setting values-----------------------------
[INFO ][2016-01-29 15:40:09,345][com.java.TestType] [11836] - Action Type : SELECTFRAME
[INFO ][2016-01-29 15:40:09,360][com.java.TestType] [11855] -  RESULT true
[INFO ][2016-01-29 15:40:09,360][com.java.TestType] [11972] - ?   P A S S   ?
[DEBUG][2016-01-29 15:40:09,360][com.java.TestType] [11778] - Concept ID:8 :: Step being Executed: 8::2
[INFO ][2016-01-29 15:40:09,360][com.java.TestType] [11816] - dataFields : test
[DEBUG][2016-01-29 15:40:09,360][com.java.TestType] [11822] - <In Set values of the page>
[DEBUG][2016-01-29 15:40:09,360][com.java.TestType] [11827] - {Data Fields & Data Values Exist}
[INFO ][2016-01-29 15:40:09,360][com.java.TestType] [11833] - --------------------------setting values-----------------------------
[INFO ][2016-01-29 15:40:09,360][com.java.TestType] [11836] - Action Type : OPENURL
[INFO ][2016-01-29 15:40:09,361][com.java.TestType] [ 6477] - value = https://clients-xuat.bankersdashboard.com
[INFO ][2016-01-29 15:40:09,361][com.java.TestType] [  361] - Open URL : https://clients-xuat.bankersdashboard.com
[INFO ][2016-01-29 15:40:12,098][com.java.TestType] [11855] -  RESULT true
[INFO ][2016-01-29 15:40:12,099][com.java.TestType] [11972] - ?   P A S S   ?
[DEBUG][2016-01-29 15:40:12,099][com.java.TestType] [11778] - Concept ID:8 :: Step being Executed: 8::3
[ERROR][2016-01-29 15:40:12,099][com.java.TestType] [11811] - Exception: null
[INFO ][2016-01-29 15:40:12,099][com.java.TestType] [11816] - dataFields : //span[@class='icon-cog2']&&//ul[@id='Settings']/li/a&&//ul[@id='Customize']/li/a
[DEBUG][2016-01-29 15:40:12,099][com.java.TestType] [11822] - <In Set values of the page>
[DEBUG][2016-01-29 15:40:12,099][com.java.TestType] [11827] - {Data Fields & Data Values Exist}
[INFO ][2016-01-29 15:40:12,099][com.java.TestType] [11833] - --------------------------setting values-----------------------------
[INFO ][2016-01-29 15:40:12,099][com.java.TestType] [11836] - Action Type : MOUSEOVER
[INFO ][2016-01-29 15:41:00,150][com.java.TestType] [11855] -  RESULT true
[INFO ][2016-01-29 15:41:00,151][com.java.TestType] [11972] - ?   P A S S   ?
[DEBUG][2016-01-29 15:41:00,151][com.java.TestType] [11778] - Concept ID:8 :: Step being Executed: 8::4
[INFO ][2016-01-29 15:41:00,151][com.java.TestType] [11816] - dataFields : XPH//span[@class='ui-dialog-title']
[DEBUG][2016-01-29 15:41:00,152][com.java.TestType] [11822] - <In Set values of the page>
[DEBUG][2016-01-29 15:41:00,152][com.java.TestType] [11827] - {Data Fields & Data Values Exist}
[INFO ][2016-01-29 15:41:00,152][com.java.TestType] [11833] - --------------------------setting values-----------------------------
[INFO ][2016-01-29 15:41:00,152][com.java.TestType] [11836] - Action Type : Verify
[INFO ][2016-01-29 15:41:00,152][com.java.TestType] [ 8077] - field= XPH//span[@class='ui-dialog-title'] value= My Dashboard Indicators
[INFO ][2016-01-29 15:41:00,152][com.java.TestType] [ 6477] - value = My Dashboard Indicators
[INFO ][2016-01-29 15:41:00,856][com.java.TestType] [11855] -  RESULT true
[INFO ][2016-01-29 15:41:00,856][com.java.TestType] [11972] - ?   P A S S   ?
[DEBUG][2016-01-29 15:41:00,856][com.java.TestType] [11778] - Concept ID:8 :: Step being Executed: 8::5
[ERROR][2016-01-29 15:41:00,856][com.java.TestType] [11811] - Exception: null
[INFO ][2016-01-29 15:41:00,856][com.java.TestType] [11816] - dataFields : BTNframeDialogContent
[DEBUG][2016-01-29 15:41:00,856][com.java.TestType] [11822] - <In Set values of the page>
[DEBUG][2016-01-29 15:41:00,856][com.java.TestType] [11827] - {Data Fields & Data Values Exist}
[INFO ][2016-01-29 15:41:00,856][com.java.TestType] [11833] - --------------------------setting values-----------------------------
[INFO ][2016-01-29 15:41:00,857][com.java.TestType] [11836] - Action Type : selectframe
[INFO ][2016-01-29 15:41:02,785][com.java.TestType] [11855] -  RESULT true
[INFO ][2016-01-29 15:41:02,785][com.java.TestType] [11972] - ?   P A S S   ?
[DEBUG][2016-01-29 15:41:02,785][com.java.TestType] [11778] - Concept ID:8 :: Step being Executed: 8::6
[INFO ][2016-01-29 15:41:02,785][com.java.TestType] [11816] - dataFields : HDC//td[contains(text(),'mytext')]
[DEBUG][2016-01-29 15:41:02,785][com.java.TestType] [11822] - <In Set values of the page>
[DEBUG][2016-01-29 15:41:02,785][com.java.TestType] [11827] - {Data Fields & Data Values Exist}
[INFO ][2016-01-29 15:41:02,785][com.java.TestType] [11833] - --------------------------setting values-----------------------------
[INFO ][2016-01-29 15:41:02,785][com.java.TestType] [11836] - Action Type : CLICK
[INFO ][2016-01-29 15:41:02,785][com.java.TestType] [ 6856] - Field ::HDC//td[contains(text(),'mytext')]
[INFO ][2016-01-29 15:41:02,786][com.java.TestType] [ 6477] - value = #_keys
[ERROR][2016-01-29 15:41:03,843][com.java.TestType] [ 7237] - Exception in MNC click: null
[INFO ][2016-01-29 15:41:03,843][com.java.TestType] [11855] -  RESULT false
[INFO ][2016-01-29 15:41:03,843][com.java.TestType] [11893] - ?   F A I L   ?
[DEBUG][2016-01-29 15:41:03,843][com.java.TestType] [11896] - Browser Type : IE10
[DEBUG][2016-01-29 15:41:03,843][com.java.TestType] [11778] - Concept ID:8 :: Step being Executed: 8::8
[INFO ][2016-01-29 15:41:03,844][com.java.TestType] [11816] - dataFields : RCC//td[contains(text(),'mytext')]/following-sibling::td[7]//span[@class="glyphicon glyphicon-remove"]
[DEBUG][2016-01-29 15:41:03,844][com.java.TestType] [11822] - <In Set values of the page>
[DEBUG][2016-01-29 15:41:03,844][com.java.TestType] [11827] - {Data Fields & Data Values Exist}
[INFO ][2016-01-29 15:41:03,844][com.java.TestType] [11833] - --------------------------setting values-----------------------------
[INFO ][2016-01-29 15:41:03,844][com.java.TestType] [11836] - Action Type : CLICKWITHALERT
[ERROR][2016-01-29 15:41:03,844][com.java.TestType] [ 1880] - Exception in RCC click: null
[INFO ][2016-01-29 15:41:03,844][com.java.TestType] [11855] -  RESULT false
[INFO ][2016-01-29 15:41:03,844][com.java.TestType] [11893] - ?   F A I L   ?
[DEBUG][2016-01-29 15:41:03,844][com.java.TestType] [11896] - Browser Type : IE10
[DEBUG][2016-01-29 15:41:03,844][com.java.TestType] [11778] - Concept ID:8 :: Step being Executed: 8::18
[INFO ][2016-01-29 15:41:03,845][com.java.TestType] [11816] - dataFields : test
[DEBUG][2016-01-29 15:41:03,845][com.java.TestType] [11822] - <In Set values of the page>
[DEBUG][2016-01-29 15:41:03,845][com.java.TestType] [11827] - {Data Fields & Data Values Exist}
[INFO ][2016-01-29 15:41:03,845][com.java.TestType] [11833] - --------------------------setting values-----------------------------
[INFO ][2016-01-29 15:41:03,845][com.java.TestType] [11836] - Action Type : waittime
[DEBUG][2016-01-29 15:41:03,845][com.java.TestType] [ 6291] - sleepTime: 1000
[INFO ][2016-01-29 15:41:04,845][com.java.TestType] [11855] -  RESULT true
[INFO ][2016-01-29 15:41:04,845][com.java.TestType] [11972] - ?   P A S S   ?
[INFO ][2016-01-29 15:41:04,845][com.java.TestType] [12043] - Looping End......
[INFO ][2016-01-29 15:41:04,849][com.java.SeleniumDriver] [  930] -  RESULT true
[INFO ][2016-01-29 15:41:04,849][com.java.SeleniumDriver] [ 1136] - ?   P A S S   ?
[INFO ][2016-01-29 15:41:04,849][com.java.SeleniumDriver] [  856] - ------------------------------------------
[INFO ][2016-01-29 15:41:04,850][com.java.SeleniumDriver] [  857] - Test case being Executed: 21
[INFO ][2016-01-29 15:41:04,850][com.java.SeleniumDriver] [  869] - Test step:34
[INFO ][2016-01-29 15:41:04,850][com.java.SeleniumDriver] [  881] - Datavalue is----------Concept#9:1-19
[INFO ][2016-01-29 15:41:04,850][com.java.SeleniumDriver] [  905] - DataField : test
[INFO ][2016-01-29 15:41:04,850][com.java.SeleniumDriver] [  907] - DataValue : Concept#9:1-19
[INFO ][2016-01-29 15:41:04,850][com.java.SeleniumDriver] [  913] - <In Set values of the page>
[INFO ][2016-01-29 15:41:04,850][com.java.SeleniumDriver] [  916] - {Data Fields & Data Values Exist}
[INFO ][2016-01-29 15:41:04,850][com.java.SeleniumDriver] [  918] - --------------------------setting values-----------------------------
[INFO ][2016-01-29 15:41:04,852][com.java.SeleniumDriver] [  921] - Action Type : ExecuteTestCase
[INFO ][2016-01-29 15:41:04,852][com.java.TestType] [  445] - The Concept sheet name is ---------- Concept
[INFO ][2016-01-29 15:41:04,852][com.java.TestType] [  448] - The Concept ID  is ---------- 9
[DEBUG][2016-01-29 15:41:04,852][com.java.TestType] [  452] - Steps being executted in the Concept are: 1:19
[INFO ][2016-01-29 15:41:04,852][com.java.TestType] [  459] - Test data details path ---------- D:\BankersDashboard\TestInputs\TestData.xls
[INFO ][2016-01-29 15:41:04,891][com.java.TestType] [  490] -  str(1) = 9
[INFO ][2016-01-29 15:41:04,891][com.java.TestType] [  493] - Test case Id is---9
[INFO ][2016-01-29 15:41:04,891][com.java.TestType] [  495] - 9
[INFO ][2016-01-29 15:41:04,891][com.java.TestType] [  490] -  str(2) = 1
[INFO ][2016-01-29 15:41:04,893][com.java.TestType] [  490] -  str(1) = 9
[INFO ][2016-01-29 15:41:04,893][com.java.TestType] [  493] - Test case Id is---9
[INFO ][2016-01-29 15:41:04,893][com.java.TestType] [  495] - 9
[INFO ][2016-01-29 15:41:04,893][com.java.TestType] [  490] -  str(2) = 2
[INFO ][2016-01-29 15:41:04,894][com.java.TestType] [  490] -  str(1) = 9
[INFO ][2016-01-29 15:41:04,894][com.java.TestType] [  493] - Test case Id is---9
[INFO ][2016-01-29 15:41:04,894][com.java.TestType] [  495] - 9
[INFO ][2016-01-29 15:41:04,894][com.java.TestType] [  490] -  str(2) = 3
[INFO ][2016-01-29 15:41:04,894][com.java.TestType] [  490] -  str(1) = 9
[INFO ][2016-01-29 15:41:04,894][com.java.TestType] [  493] - Test case Id is---9
[INFO ][2016-01-29 15:41:04,895][com.java.TestType] [  495] - 9
[INFO ][2016-01-29 15:41:04,895][com.java.TestType] [  490] -  str(2) = 4
[INFO ][2016-01-29 15:41:04,895][com.java.TestType] [  490] -  str(1) = 9
[INFO ][2016-01-29 15:41:04,895][com.java.TestType] [  493] - Test case Id is---9
[INFO ][2016-01-29 15:41:04,895][com.java.TestType] [  495] - 9
[INFO ][2016-01-29 15:41:04,895][com.java.TestType] [  490] -  str(2) = 5
[INFO ][2016-01-29 15:41:04,896][com.java.TestType] [  490] -  str(1) = 9
[INFO ][2016-01-29 15:41:04,896][com.java.TestType] [  493] - Test case Id is---9
[INFO ][2016-01-29 15:41:04,896][com.java.TestType] [  495] - 9
[INFO ][2016-01-29 15:41:04,896][com.java.TestType] [  490] -  str(2) = 6
[INFO ][2016-01-29 15:41:04,897][com.java.TestType] [  490] -  str(1) = 9
[INFO ][2016-01-29 15:41:04,897][com.java.TestType] [  493] - Test case Id is---9
[INFO ][2016-01-29 15:41:04,897][com.java.TestType] [  495] - 9
[INFO ][2016-01-29 15:41:04,897][com.java.TestType] [  490] -  str(2) = 7
[INFO ][2016-01-29 15:41:04,898][com.java.TestType] [  490] -  str(1) = 9
[INFO ][2016-01-29 15:41:04,898][com.java.TestType] [  493] - Test case Id is---9
[INFO ][2016-01-29 15:41:04,898][com.java.TestType] [  495] - 9
[INFO ][2016-01-29 15:41:04,898][com.java.TestType] [  490] -  str(2) = 8
[INFO ][2016-01-29 15:41:04,899][com.java.TestType] [  490] -  str(1) = 9
[INFO ][2016-01-29 15:41:04,899][com.java.TestType] [  493] - Test case Id is---9
[INFO ][2016-01-29 15:41:04,899][com.java.TestType] [  495] - 9
[INFO ][2016-01-29 15:41:04,899][com.java.TestType] [  490] -  str(2) = 9
[INFO ][2016-01-29 15:41:04,900][com.java.TestType] [  490] -  str(1) = 9
[INFO ][2016-01-29 15:41:04,900][com.java.TestType] [  493] - Test case Id is---9
[INFO ][2016-01-29 15:41:04,900][com.java.TestType] [  495] - 9
[INFO ][2016-01-29 15:41:04,900][com.java.TestType] [  490] -  str(2) = 10
[INFO ][2016-01-29 15:41:04,901][com.java.TestType] [  490] -  str(1) = 9
[INFO ][2016-01-29 15:41:04,901][com.java.TestType] [  493] - Test case Id is---9
[INFO ][2016-01-29 15:41:04,901][com.java.TestType] [  495] - 9
[INFO ][2016-01-29 15:41:04,901][com.java.TestType] [  490] -  str(2) = 11
[INFO ][2016-01-29 15:41:04,902][com.java.TestType] [  490] -  str(1) = 9
[INFO ][2016-01-29 15:41:04,902][com.java.TestType] [  493] - Test case Id is---9
[INFO ][2016-01-29 15:41:04,902][com.java.TestType] [  495] - 9
[INFO ][2016-01-29 15:41:04,902][com.java.TestType] [  490] -  str(2) = 12
[INFO ][2016-01-29 15:41:04,902][com.java.TestType] [  490] -  str(1) = 9
[INFO ][2016-01-29 15:41:04,902][com.java.TestType] [  493] - Test case Id is---9
[INFO ][2016-01-29 15:41:04,902][com.java.TestType] [  495] - 9
[INFO ][2016-01-29 15:41:04,903][com.java.TestType] [  490] -  str(2) = 13
[INFO ][2016-01-29 15:41:04,903][com.java.TestType] [  490] -  str(1) = 9
[INFO ][2016-01-29 15:41:04,903][com.java.TestType] [  493] - Test case Id is---9
[INFO ][2016-01-29 15:41:04,903][com.java.TestType] [  495] - 9
[INFO ][2016-01-29 15:41:04,903][com.java.TestType] [  490] -  str(2) = 14
[INFO ][2016-01-29 15:41:04,904][com.java.TestType] [  490] -  str(1) = 9
[INFO ][2016-01-29 15:41:04,904][com.java.TestType] [  493] - Test case Id is---9
[INFO ][2016-01-29 15:41:04,904][com.java.TestType] [  495] - 9
[INFO ][2016-01-29 15:41:04,904][com.java.TestType] [  490] -  str(2) = 15
[INFO ][2016-01-29 15:41:04,905][com.java.TestType] [  490] -  str(1) = 9
[INFO ][2016-01-29 15:41:04,905][com.java.TestType] [  493] - Test case Id is---9
[INFO ][2016-01-29 15:41:04,905][com.java.TestType] [  495] - 9
[INFO ][2016-01-29 15:41:04,905][com.java.TestType] [  490] -  str(2) = 16
[INFO ][2016-01-29 15:41:04,906][com.java.TestType] [  490] -  str(1) = 9
[INFO ][2016-01-29 15:41:04,906][com.java.TestType] [  493] - Test case Id is---9
[INFO ][2016-01-29 15:41:04,906][com.java.TestType] [  495] - 9
[INFO ][2016-01-29 15:41:04,906][com.java.TestType] [  490] -  str(2) = 17
[INFO ][2016-01-29 15:41:04,907][com.java.TestType] [  490] -  str(1) = 9
[INFO ][2016-01-29 15:41:04,907][com.java.TestType] [  493] - Test case Id is---9
[INFO ][2016-01-29 15:41:04,907][com.java.TestType] [  495] - 9
[INFO ][2016-01-29 15:41:04,907][com.java.TestType] [  490] -  str(2) = 18
[INFO ][2016-01-29 15:41:04,908][com.java.TestType] [  490] -  str(1) = 9
[INFO ][2016-01-29 15:41:04,908][com.java.TestType] [  493] - Test case Id is---9
[INFO ][2016-01-29 15:41:04,908][com.java.TestType] [  495] - 9
[INFO ][2016-01-29 15:41:04,908][com.java.TestType] [  490] -  str(2) = 19
[INFO ][2016-01-29 15:41:04,909][com.java.TestType] [11737] - Looping 1TCID = 9
[DEBUG][2016-01-29 15:41:04,909][com.java.TestType] [11778] - Concept ID:9 :: Step being Executed: 9::1
[ERROR][2016-01-29 15:41:04,909][com.java.TestType] [11811] - Exception: null
[INFO ][2016-01-29 15:41:04,909][com.java.TestType] [11816] - dataFields : BTNparent
[DEBUG][2016-01-29 15:41:04,909][com.java.TestType] [11822] - <In Set values of the page>
[DEBUG][2016-01-29 15:41:04,909][com.java.TestType] [11827] - {Data Fields & Data Values Exist}
[INFO ][2016-01-29 15:41:04,909][com.java.TestType] [11833] - --------------------------setting values-----------------------------
[INFO ][2016-01-29 15:41:04,910][com.java.TestType] [11836] - Action Type : SELECTFRAME
[INFO ][2016-01-29 15:41:04,925][com.java.TestType] [11855] -  RESULT true
[INFO ][2016-01-29 15:41:04,925][com.java.TestType] [11972] - ?   P A S S   ?
[DEBUG][2016-01-29 15:41:04,925][com.java.TestType] [11778] - Concept ID:9 :: Step being Executed: 9::2
[INFO ][2016-01-29 15:41:04,925][com.java.TestType] [11816] - dataFields : test
[DEBUG][2016-01-29 15:41:04,925][com.java.TestType] [11822] - <In Set values of the page>
[DEBUG][2016-01-29 15:41:04,925][com.java.TestType] [11827] - {Data Fields & Data Values Exist}
[INFO ][2016-01-29 15:41:04,925][com.java.TestType] [11833] - --------------------------setting values-----------------------------
[INFO ][2016-01-29 15:41:04,925][com.java.TestType] [11836] - Action Type : OPENURL
[INFO ][2016-01-29 15:41:04,926][com.java.TestType] [ 6477] - value = https://clients-xuat.bankersdashboard.com
[INFO ][2016-01-29 15:41:04,926][com.java.TestType] [  361] - Open URL : https://clients-xuat.bankersdashboard.com
[INFO ][2016-01-29 15:41:07,383][com.java.TestType] [11855] -  RESULT true
[INFO ][2016-01-29 15:41:07,383][com.java.TestType] [11972] - ?   P A S S   ?
[DEBUG][2016-01-29 15:41:07,383][com.java.TestType] [11778] - Concept ID:9 :: Step being Executed: 9::3
[ERROR][2016-01-29 15:41:07,383][com.java.TestType] [11811] - Exception: null
[INFO ][2016-01-29 15:41:07,383][com.java.TestType] [11816] - dataFields : //span[@class='icon-hammer']&&//a[text()='Custom Calculations']
[DEBUG][2016-01-29 15:41:07,383][com.java.TestType] [11822] - <In Set values of the page>
[DEBUG][2016-01-29 15:41:07,383][com.java.TestType] [11827] - {Data Fields & Data Values Exist}
[INFO ][2016-01-29 15:41:07,383][com.java.TestType] [11833] - --------------------------setting values-----------------------------
[INFO ][2016-01-29 15:41:07,383][com.java.TestType] [11836] - Action Type : MOUSEOVER
[INFO ][2016-01-29 15:41:49,966][com.java.TestType] [11855] -  RESULT true
[INFO ][2016-01-29 15:41:49,966][com.java.TestType] [11972] - ?   P A S S   ?
[DEBUG][2016-01-29 15:41:49,966][com.java.TestType] [11778] - Concept ID:9 :: Step being Executed: 9::4
[INFO ][2016-01-29 15:41:49,967][com.java.TestType] [11816] - dataFields : BTN//iframe[@class='frameTabContent']
[DEBUG][2016-01-29 15:41:49,967][com.java.TestType] [11822] - <In Set values of the page>
[DEBUG][2016-01-29 15:41:49,967][com.java.TestType] [11827] - {Data Fields & Data Values Exist}
[INFO ][2016-01-29 15:41:49,967][com.java.TestType] [11833] - --------------------------setting values-----------------------------
[INFO ][2016-01-29 15:41:49,967][com.java.TestType] [11836] - Action Type : waitforelement
[INFO ][2016-01-29 15:41:50,032][com.java.TestType] [11855] -  RESULT true
[INFO ][2016-01-29 15:41:50,032][com.java.TestType] [11972] - ?   P A S S   ?
[DEBUG][2016-01-29 15:41:50,032][com.java.TestType] [11778] - Concept ID:9 :: Step being Executed: 9::5
[ERROR][2016-01-29 15:41:50,032][com.java.TestType] [11811] - Exception: null
[INFO ][2016-01-29 15:41:50,032][com.java.TestType] [11816] - dataFields : BTN//iframe[@class='frameTabContent']
[DEBUG][2016-01-29 15:41:50,032][com.java.TestType] [11822] - <In Set values of the page>
[DEBUG][2016-01-29 15:41:50,032][com.java.TestType] [11827] - {Data Fields & Data Values Exist}
[INFO ][2016-01-29 15:41:50,033][com.java.TestType] [11833] - --------------------------setting values-----------------------------
[INFO ][2016-01-29 15:41:50,033][com.java.TestType] [11836] - Action Type : SELECTFRAME
[INFO ][2016-01-29 15:41:50,137][com.java.TestType] [11855] -  RESULT true
[INFO ][2016-01-29 15:41:50,137][com.java.TestType] [11972] - ?   P A S S   ?
[DEBUG][2016-01-29 15:41:50,137][com.java.TestType] [11778] - Concept ID:9 :: Step being Executed: 9::6
[INFO ][2016-01-29 15:41:50,138][com.java.TestType] [11816] - dataFields : null
[DEBUG][2016-01-29 15:41:50,138][com.java.TestType] [11822] - <In Set values of the page>
[INFO ][2016-01-29 15:41:50,138][com.java.TestType] [11972] - ?   P A S S   ?
[DEBUG][2016-01-29 15:41:50,138][com.java.TestType] [11778] - Concept ID:9 :: Step being Executed: 9::7
[INFO ][2016-01-29 15:41:50,138][com.java.TestType] [11816] - dataFields : EDT//div[@class='dataTables_filter']/label/input
[DEBUG][2016-01-29 15:41:50,138][com.java.TestType] [11822] - <In Set values of the page>
[DEBUG][2016-01-29 15:41:50,138][com.java.TestType] [11827] - {Data Fields & Data Values Exist}
[INFO ][2016-01-29 15:41:50,138][com.java.TestType] [11833] - --------------------------setting values-----------------------------
[INFO ][2016-01-29 15:41:50,138][com.java.TestType] [11836] - Action Type : CLEARANDENTER
[INFO ][2016-01-29 15:41:50,256][com.java.TestType] [ 6477] - value = null
[INFO ][2016-01-29 15:41:50,416][com.java.TestType] [11855] -  RESULT true
[INFO ][2016-01-29 15:41:50,416][com.java.TestType] [11972] - ?   P A S S   ?
[DEBUG][2016-01-29 15:41:50,416][com.java.TestType] [11778] - Concept ID:9 :: Step being Executed: 9::8
[INFO ][2016-01-29 15:41:50,416][com.java.TestType] [11816] - dataFields : null
[DEBUG][2016-01-29 15:41:50,416][com.java.TestType] [11822] - <In Set values of the page>
[INFO ][2016-01-29 15:41:50,416][com.java.TestType] [11972] - ?   P A S S   ?
[DEBUG][2016-01-29 15:41:50,416][com.java.TestType] [11778] - Concept ID:9 :: Step being Executed: 9::9
[INFO ][2016-01-29 15:41:50,416][com.java.TestType] [11816] - dataFields : HDC//td[contains(text(),'mytext')]
[DEBUG][2016-01-29 15:41:50,416][com.java.TestType] [11822] - <In Set values of the page>
[DEBUG][2016-01-29 15:41:50,416][com.java.TestType] [11827] - {Data Fields & Data Values Exist}
[INFO ][2016-01-29 15:41:50,417][com.java.TestType] [11833] - --------------------------setting values-----------------------------
[INFO ][2016-01-29 15:41:50,417][com.java.TestType] [11836] - Action Type : CLICK
[INFO ][2016-01-29 15:41:50,417][com.java.TestType] [ 6856] - Field ::HDC//td[contains(text(),'mytext')]
[INFO ][2016-01-29 15:41:50,417][com.java.TestType] [ 6477] - value = #_keys
[ERROR][2016-01-29 15:41:51,501][com.java.TestType] [ 7237] - Exception in MNC click: null
[INFO ][2016-01-29 15:41:51,501][com.java.TestType] [11855] -  RESULT false
[INFO ][2016-01-29 15:41:51,502][com.java.TestType] [11893] - ?   F A I L   ?
[DEBUG][2016-01-29 15:41:51,502][com.java.TestType] [11896] - Browser Type : IE10
[DEBUG][2016-01-29 15:41:51,502][com.java.TestType] [11778] - Concept ID:9 :: Step being Executed: 9::10
[ERROR][2016-01-29 15:41:51,502][com.java.TestType] [11811] - Exception: null
[INFO ][2016-01-29 15:41:51,502][com.java.TestType] [11816] - dataFields : CCD//div[@class="actions"]//span[@class="glyphicon glyphicon-remove"]
[DEBUG][2016-01-29 15:41:51,502][com.java.TestType] [11822] - <In Set values of the page>
[DEBUG][2016-01-29 15:41:51,502][com.java.TestType] [11827] - {Data Fields & Data Values Exist}
[INFO ][2016-01-29 15:41:51,502][com.java.TestType] [11833] - --------------------------setting values-----------------------------
[INFO ][2016-01-29 15:41:51,502][com.java.TestType] [11836] - Action Type : CLICKWITHALERT
[INFO ][2016-01-29 15:42:03,827][com.java.TestType] [11855] -  RESULT true
[INFO ][2016-01-29 15:42:03,827][com.java.TestType] [11972] - ?   P A S S   ?
[DEBUG][2016-01-29 15:42:03,827][com.java.TestType] [11778] - Concept ID:9 :: Step being Executed: 9::11
[INFO ][2016-01-29 15:42:03,827][com.java.TestType] [11816] - dataFields : null
[DEBUG][2016-01-29 15:42:03,827][com.java.TestType] [11822] - <In Set values of the page>
[INFO ][2016-01-29 15:42:03,827][com.java.TestType] [11972] - ?   P A S S   ?
[DEBUG][2016-01-29 15:42:03,827][com.java.TestType] [11778] - Concept ID:9 :: Step being Executed: 9::12
[INFO ][2016-01-29 15:42:03,828][com.java.TestType] [11816] - dataFields : EDT//div[@class='dataTables_filter']/label/input
[DEBUG][2016-01-29 15:42:03,828][com.java.TestType] [11822] - <In Set values of the page>
[DEBUG][2016-01-29 15:42:03,828][com.java.TestType] [11827] - {Data Fields & Data Values Exist}
[INFO ][2016-01-29 15:42:03,828][com.java.TestType] [11833] - --------------------------setting values-----------------------------
[INFO ][2016-01-29 15:42:03,828][com.java.TestType] [11836] - Action Type : CLEARANDENTER
[INFO ][2016-01-29 15:42:03,942][com.java.TestType] [ 6477] - value = null
[INFO ][2016-01-29 15:42:04,054][com.java.TestType] [11855] -  RESULT true
[INFO ][2016-01-29 15:42:04,054][com.java.TestType] [11972] - ?   P A S S   ?
[DEBUG][2016-01-29 15:42:04,054][com.java.TestType] [11778] - Concept ID:9 :: Step being Executed: 9::13
[INFO ][2016-01-29 15:42:04,054][com.java.TestType] [11816] - dataFields : null
[DEBUG][2016-01-29 15:42:04,054][com.java.TestType] [11822] - <In Set values of the page>
[INFO ][2016-01-29 15:42:04,054][com.java.TestType] [11972] - ?   P A S S   ?
[DEBUG][2016-01-29 15:42:04,054][com.java.TestType] [11778] - Concept ID:9 :: Step being Executed: 9::14
[INFO ][2016-01-29 15:42:04,054][com.java.TestType] [11816] - dataFields : TXT//table[@ class="ember-view table table-hover dataTable no-footer"]
[DEBUG][2016-01-29 15:42:04,054][com.java.TestType] [11822] - <In Set values of the page>
[DEBUG][2016-01-29 15:42:04,055][com.java.TestType] [11827] - {Data Fields & Data Values Exist}
[INFO ][2016-01-29 15:42:04,055][com.java.TestType] [11833] - --------------------------setting values-----------------------------
[INFO ][2016-01-29 15:42:04,055][com.java.TestType] [11836] - Action Type : VERIFYNOTPRESENT
[INFO ][2016-01-29 15:42:04,055][com.java.TestType] [ 9821] - field= TXT//table[@ class="ember-view table table-hover dataTable no-footer"] value= HMV#_keys
[ERROR][2016-01-29 15:42:04,117][com.java.TestType] [ 9924] - Exception: null
[INFO ][2016-01-29 15:42:04,118][com.java.TestType] [11855] -  RESULT false
[INFO ][2016-01-29 15:42:04,118][com.java.TestType] [11893] - ?   F A I L   ?
[DEBUG][2016-01-29 15:42:04,118][com.java.TestType] [11896] - Browser Type : IE10
[INFO ][2016-01-29 15:42:04,122][com.java.SeleniumDriver] [  930] -  RESULT false
[INFO ][2016-01-29 15:42:04,122][com.java.SeleniumDriver] [  977] - ?   F A I L   ?
[INFO ][2016-01-29 15:42:04,122][com.java.SeleniumDriver] [  985] - Browser Type : IE10
[INFO ][2016-01-29 15:42:04,122][com.java.SeleniumDriver] [  986] - Adding Failed case21
[INFO ][2016-01-29 15:42:04,323][com.java.SeleniumDriver] [ 1100] - failedCases = 21
[ERROR][2016-01-29 15:42:04,323][com.java.SeleniumDriver] [ 1599] - Platform Errors : Our apologies...::We have encountered an issue with your request.::Our apologies?:We encountered an issue with your request.
[INFO ][2016-01-29 15:42:04,323][com.java.SeleniumDriver] [ 1603] - Length =3
[ERROR][2016-01-29 15:42:04,323][com.java.SeleniumDriver] [ 1606] - Error 0 = Our apologies...
[ERROR][2016-01-29 15:42:04,390][com.java.SeleniumDriver] [ 1606] - Error 1 = We have encountered an issue with your request.
[ERROR][2016-01-29 15:42:04,405][com.java.SeleniumDriver] [ 1606] - Error 2 = Our apologies?:We encountered an issue with your request.
[INFO ][2016-01-29 15:42:04,420][com.java.SeleniumDriver] [ 1617] - strError:
[DEBUG][2016-01-29 15:42:04,434][com.java.SeleniumDriver] [ 1248] - Case found
[DEBUG][2016-01-29 15:42:04,434][com.java.SeleniumDriver] [ 1253] - Incrementing ReportCounters[0]:2
[INFO ][2016-01-29 15:42:04,434][com.java.SeleniumDriver] [ 1272] - The results are-------------------[21, 34, Settings : User Settings : Encrypt Email PDF, Fail, 
Test case failed at Step No. :: 34   Error Message ::  In CONCEPT: Test case failed at Step No. :: 14   Error Message ::  Text not found ::  Name Expression
#_CAL65988 [Cash and due from banks] + [Fed funds sold & repos]. Screen Shot : D:\BankersDashboard\TestReports\012916\21_012916_154204_IE10.png, Fri Jan 29 15:42:04 IST 2016]
[INFO ][2016-01-29 15:42:04,434][com.java.SeleniumDriver] [ 1276] - End time is-------4 min 53 sec
[INFO ][2016-01-29 15:42:04,434][com.java.SeleniumDriver] [ 1277] - The results are-------------------[21, 34, Settings : User Settings : Encrypt Email PDF, Fail, 
Test case failed at Step No. :: 34   Error Message ::  In CONCEPT: Test case failed at Step No. :: 14   Error Message ::  Text not found ::  Name Expression
#_CAL65988 [Cash and due from banks] + [Fed funds sold & repos]. Screen Shot : D:\BankersDashboard\TestReports\012916\21_012916_154204_IE10.png, Fri Jan 29 15:42:04 IST 2016]
[DEBUG][2016-01-29 15:42:04,434][com.java.ImportnExport.ExportTestResultsExcel] [  222] - testResultPath = D:\BankersDashboard/TestReports/Test Results_BankersDashBoard_012916_153713_IE10_United Bank.xls
[DEBUG][2016-01-29 15:42:04,434][com.java.ImportnExport.ExportTestResultsExcel] [  223] - browser is------------IE10
[DEBUG][2016-01-29 15:42:04,437][com.java.ImportnExport.ExportTestResultsExcel] [  270] - result.size() = 6
[DEBUG][2016-01-29 15:42:04,437][com.java.ImportnExport.ExportTestResultsExcel] [  274] - No of rows in sheet=2
[DEBUG][2016-01-29 15:42:04,437][com.java.ImportnExport.ExportTestResultsExcel] [  301] - ..in export..21
[DEBUG][2016-01-29 15:42:04,437][com.java.ImportnExport.ExportTestResultsExcel] [  301] - ..in export..Settings : User Settings : Encrypt Email PDF
[DEBUG][2016-01-29 15:42:04,437][com.java.ImportnExport.ExportTestResultsExcel] [  301] - ..in export..Fail
[DEBUG][2016-01-29 15:42:04,437][com.java.ImportnExport.ExportTestResultsExcel] [  301] - ..in export..
Test case failed at Step No. :: 34   Error Message ::  In CONCEPT: Test case failed at Step No. :: 14   Error Message ::  Text not found ::  Name Expression
#_CAL65988 [Cash and due from banks] + [Fed funds sold & repos]. Screen Shot : D:\BankersDashboard\TestReports\012916\21_012916_154204_IE10.png
[DEBUG][2016-01-29 15:42:04,437][com.java.ImportnExport.ExportTestResultsExcel] [  301] - ..in export..Fri Jan 29 15:42:04 IST 2016
[INFO ][2016-01-29 15:42:04,439][com.java.SeleniumDriver] [ 1337] - out loop:1 size:2 TestCases:[1, 21] testcases:[1, 21]
[INFO ][2016-01-29 15:42:06,439][com.java.SeleniumDriver] [ 1380] - Total Number of Cases:2
[INFO ][2016-01-29 15:42:06,439][com.java.TemplateGenerator] [  302] - Executed:2
[INFO ][2016-01-29 15:42:06,439][com.java.TemplateGenerator] [  303] - Passed:1
[INFO ][2016-01-29 15:42:06,439][com.java.TemplateGenerator] [  304] - Failed:1
[INFO ][2016-01-29 15:42:06,439][com.java.TemplateGenerator] [  305] - Skipeed:0
[INFO ][2016-01-29 15:42:06,439][com.java.TemplateGenerator] [  306] - Application URL:https://clients-xuat.bankersdashboard.com
[INFO ][2016-01-29 15:42:06,439][com.java.TemplateGenerator] [  307] - Start Time:012916_153713
[INFO ][2016-01-29 15:42:06,439][com.java.TemplateGenerator] [  308] -  Creating HTML Report 
[ERROR][2016-01-29 15:42:06,440][com.java.TemplateGenerator] [  409] - Unparseable date: "Fri Jan 29 03:37:13 IST 2016"
[INFO ][2016-01-29 15:42:06,440][com.java.TemplateGenerator] [  654] -  Exporting case :: 1
[INFO ][2016-01-29 15:42:06,440][com.java.TemplateGenerator] [  654] -  Exporting case :: 21
[INFO ][2016-01-29 15:42:06,445][com.java.SeleniumDriver] [ 1429] - End Time:012916_154206
[INFO ][2016-01-29 15:42:06,445][com.java.SeleniumDriver] [ 1432] - Data in Test Execution Details:{1=PASS, 21=FAILTest case failed at Step No. :: 34   Error Message ::  In CONCEPT: Test case failed at Step No. :: 14   Error Message ::  Text not found ::  Name Expression
#_CAL65988 [Cash and due from banks] + [Fed funds sold & repos]}
[INFO ][2016-01-29 15:42:06,445][com.java.SeleniumDriver] [ 1433] - Data in Failed Execution Deatils:{}
[INFO ][2016-01-29 15:42:06,445][com.java.SeleniumDriver] [ 1435] - ReportCounter:Total:2 :: PASS: 1 ::FAIL: 1
[INFO ][2016-01-29 15:42:06,445][com.java.SeleniumDriver] [ 1436] - FailedReportCounter:Total:0 :: PASS: 0 ::FAIL: 0
[INFO ][2016-01-29 15:42:06,453][com.java.EmailTestReport] [   63] - Sending report mail details:
[INFO ][2016-01-29 15:42:06,453][com.java.EmailTestReport] [   80] - Excel Report Path:D:\BankersDashboard/TestReports/Test Results_BankersDashBoard_012916_153713_IE10_United Bank.xls
[INFO ][2016-01-29 15:42:06,453][com.java.EmailTestReport] [   81] - HTML Report Path:D:\BankersDashboard//TestReports//Test Results_BankersDashBoard_012916_153713_IE10_United Bank.html
[INFO ][2016-01-29 15:42:06,453][com.java.EmailTestReport] [   82] - smtpHostName:mail01.valuelabs.com
[INFO ][2016-01-29 15:42:06,453][com.java.EmailTestReport] [   83] - Recipient:venkateswararao.gubbala@valuelabs.com;
[INFO ][2016-01-29 15:42:06,453][com.java.EmailTestReport] [   84] - From:venkateswararao.gubbala@valuelabs.com;
[INFO ][2016-01-29 15:42:06,454][com.java.EmailTestReport] [   85] - Subject:Deluxe Corp Bankers Dashboard Automation Test Report - United Bank - IE10
[INFO ][2016-01-29 15:42:06,471][com.java.EmailTestReport] [  143] -  Added venkateswararao.gubbala@valuelabs.com
[INFO ][2016-01-29 15:42:09,597][com.java.SeleniumDriver] [  722] - quitting the browser 
[INFO ][2016-01-29 15:42:11,305][com.java.SeleniumDriver] [  264] - Execution Completed Stopping the thread
