[INFO ][2016-01-07 19:52:02,420][com.java.SeleniumDriver] [  213] - Execute Failed Casesfalse
[INFO ][2016-01-07 19:52:02,420][com.java.SeleniumDriver] [  214] - Browser: IE10
[INFO ][2016-01-07 19:52:02,420][com.java.SeleniumDriver] [  215] - [1, 2, 3, 4, 5, 6, 7]
[INFO ][2016-01-07 19:52:02,420][com.java.SeleniumDriver] [  216] - Total TestCases:7
[INFO ][2016-01-07 19:52:02,421][com.java.SeleniumDriver] [  217] -  Reading Properties from Property File 
[DEBUG][2016-01-07 19:52:02,421][com.java.SeleniumDriver] [  238] - url : https://clients-xuat.bankersdashboard.com
[INFO ][2016-01-07 19:52:02,422][com.java.ImportnExport.ExportTestResultsExcel] [  116] - Time Stamp Thu Jan 07 07:52:02 IST 2016
[INFO ][2016-01-07 19:52:02,422][com.java.ImportnExport.ExportTestResultsExcel] [  175] - OUT FILE : D:\BankersDashboard/TestReports/Test Results_BankersDashBoard_010716_195202_IE10_First Bank.xls
[INFO ][2016-01-07 19:52:02,469][com.java.ImportnExport.ExportTestResultsExcel] [  180] - Test Result file is created
[DEBUG][2016-01-07 19:52:02,568][com.java.SeleniumDriver] [  426] - Hub ip address is-------172.17.68.34
[INFO ][2016-01-07 19:52:02,568][com.java.SeleniumDriver] [  452] - Grid URL:http://172.17.68.34:4444/wd/hub
[INFO ][2016-01-07 19:52:02,569][com.java.SeleniumDriver] [  453] - Capability:Capabilities [{platform=ANY, ensureCleanSession=true, ignoreProtectedModeSettings=true, acceptSslCerts=true, ignoreZoomSetting=true, browserName=internet explorer, browserstack.ie.noFlash=true, version=null}]
[ERROR][2016-01-07 19:52:03,874][com.java.SeleniumDriver] [  498] - Unable invoke browser in grid:Could not start a new session. Possible causes are invalid address of the remote server or browser start-up failure.
Build info: version: '2.48.2', revision: '41bccdd', time: '2015-10-09 19:59:12'
System info: host: 'FVTIII438F1D', ip: '172.17.68.34', os.name: 'Windows 7', os.arch: 'x86', os.version: '6.1', java.version: '1.7.0_55'
Driver info: driver.version: SeleniumDriver
[INFO ][2016-01-07 19:52:03,874][com.java.SeleniumDriver] [  500] - Executing on local machine
[INFO ][2016-01-07 19:52:16,581][com.java.SeleniumDriver] [  248] - IE10is opened
[INFO ][2016-01-07 19:52:17,239][com.java.SeleniumDriver] [  756] - Test cases to be executed are: [1, 2, 3, 4, 5, 6, 7]
[INFO ][2016-01-07 19:52:17,240][com.java.ImportnExport.ImportTestDataDetailsExcel] [   49] - test data details path===== D:\BankersDashboard\TestInputs\TestData.xls
[INFO ][2016-01-07 19:52:18,613][com.java.SeleniumDriver] [  832] - ------------------------------------------
[INFO ][2016-01-07 19:52:18,613][com.java.SeleniumDriver] [  833] - Test case being Executed: 1
[INFO ][2016-01-07 19:52:18,613][com.java.SeleniumDriver] [  845] - Test step:1
[INFO ][2016-01-07 19:52:18,613][com.java.SeleniumDriver] [  857] - Datavalue is----------Concept#1:1-16
[INFO ][2016-01-07 19:52:18,613][com.java.SeleniumDriver] [  881] - DataField : test
[INFO ][2016-01-07 19:52:18,613][com.java.SeleniumDriver] [  883] - DataValue : Concept#1:1-16
[INFO ][2016-01-07 19:52:18,613][com.java.SeleniumDriver] [  889] - <In Set values of the page>
[INFO ][2016-01-07 19:52:18,613][com.java.SeleniumDriver] [  892] - {Data Fields & Data Values Exist}
[INFO ][2016-01-07 19:52:18,613][com.java.SeleniumDriver] [  894] - --------------------------setting values-----------------------------
[INFO ][2016-01-07 19:52:18,613][com.java.SeleniumDriver] [  897] - Action Type : ExecuteTestCase
[INFO ][2016-01-07 19:52:18,614][com.java.TestType] [  437] - The Concept sheet name is ---------- Concept
[INFO ][2016-01-07 19:52:18,614][com.java.TestType] [  440] - The Concept ID  is ---------- 1
[DEBUG][2016-01-07 19:52:18,614][com.java.TestType] [  444] - Steps being executted in the Concept are: 1:16
[INFO ][2016-01-07 19:52:18,614][com.java.TestType] [  451] - Test data details path ---------- D:\BankersDashboard\TestInputs\TestData.xls
[INFO ][2016-01-07 19:52:19,051][com.java.TestType] [  482] -  str(1) = 1
[INFO ][2016-01-07 19:52:19,051][com.java.TestType] [  485] - Test case Id is---1
[INFO ][2016-01-07 19:52:19,051][com.java.TestType] [  487] - 1
[INFO ][2016-01-07 19:52:19,066][com.java.TestType] [  482] -  str(2) = 1
[INFO ][2016-01-07 19:52:19,066][com.java.TestType] [  482] -  str(1) = 1
[INFO ][2016-01-07 19:52:19,066][com.java.TestType] [  485] - Test case Id is---1
[INFO ][2016-01-07 19:52:19,066][com.java.TestType] [  487] - 1
[INFO ][2016-01-07 19:52:19,066][com.java.TestType] [  482] -  str(2) = 2
[INFO ][2016-01-07 19:52:19,066][com.java.TestType] [  482] -  str(1) = 1
[INFO ][2016-01-07 19:52:19,066][com.java.TestType] [  485] - Test case Id is---1
[INFO ][2016-01-07 19:52:19,066][com.java.TestType] [  487] - 1
[INFO ][2016-01-07 19:52:19,066][com.java.TestType] [  482] -  str(2) = 3
[INFO ][2016-01-07 19:52:19,066][com.java.TestType] [  482] -  str(1) = 1
[INFO ][2016-01-07 19:52:19,066][com.java.TestType] [  485] - Test case Id is---1
[INFO ][2016-01-07 19:52:19,066][com.java.TestType] [  487] - 1
[INFO ][2016-01-07 19:52:19,066][com.java.TestType] [  482] -  str(2) = 4
[INFO ][2016-01-07 19:52:19,066][com.java.TestType] [  482] -  str(1) = 1
[INFO ][2016-01-07 19:52:19,066][com.java.TestType] [  485] - Test case Id is---1
[INFO ][2016-01-07 19:52:19,066][com.java.TestType] [  487] - 1
[INFO ][2016-01-07 19:52:19,066][com.java.TestType] [  482] -  str(2) = 5
[INFO ][2016-01-07 19:52:19,066][com.java.TestType] [  482] -  str(1) = 1
[INFO ][2016-01-07 19:52:19,066][com.java.TestType] [  485] - Test case Id is---1
[INFO ][2016-01-07 19:52:19,066][com.java.TestType] [  487] - 1
[INFO ][2016-01-07 19:52:19,066][com.java.TestType] [  482] -  str(2) = 6
[INFO ][2016-01-07 19:52:19,066][com.java.TestType] [  482] -  str(1) = 1
[INFO ][2016-01-07 19:52:19,066][com.java.TestType] [  485] - Test case Id is---1
[INFO ][2016-01-07 19:52:19,066][com.java.TestType] [  487] - 1
[INFO ][2016-01-07 19:52:19,066][com.java.TestType] [  482] -  str(2) = 7
[INFO ][2016-01-07 19:52:19,066][com.java.TestType] [  482] -  str(1) = 1
[INFO ][2016-01-07 19:52:19,066][com.java.TestType] [  485] - Test case Id is---1
[INFO ][2016-01-07 19:52:19,066][com.java.TestType] [  487] - 1
[INFO ][2016-01-07 19:52:19,066][com.java.TestType] [  482] -  str(2) = 8
[INFO ][2016-01-07 19:52:19,066][com.java.TestType] [  482] -  str(1) = 1
[INFO ][2016-01-07 19:52:19,066][com.java.TestType] [  485] - Test case Id is---1
[INFO ][2016-01-07 19:52:19,066][com.java.TestType] [  487] - 1
[INFO ][2016-01-07 19:52:19,066][com.java.TestType] [  482] -  str(2) = 9
[INFO ][2016-01-07 19:52:19,082][com.java.TestType] [  482] -  str(1) = 1
[INFO ][2016-01-07 19:52:19,082][com.java.TestType] [  485] - Test case Id is---1
[INFO ][2016-01-07 19:52:19,082][com.java.TestType] [  487] - 1
[INFO ][2016-01-07 19:52:19,082][com.java.TestType] [  482] -  str(2) = 10
[INFO ][2016-01-07 19:52:19,082][com.java.TestType] [  482] -  str(1) = 1
[INFO ][2016-01-07 19:52:19,082][com.java.TestType] [  485] - Test case Id is---1
[INFO ][2016-01-07 19:52:19,082][com.java.TestType] [  487] - 1
[INFO ][2016-01-07 19:52:19,082][com.java.TestType] [  482] -  str(2) = 11
[INFO ][2016-01-07 19:52:19,082][com.java.TestType] [  482] -  str(1) = 1
[INFO ][2016-01-07 19:52:19,082][com.java.TestType] [  485] - Test case Id is---1
[INFO ][2016-01-07 19:52:19,082][com.java.TestType] [  487] - 1
[INFO ][2016-01-07 19:52:19,082][com.java.TestType] [  482] -  str(2) = 12
[INFO ][2016-01-07 19:52:19,082][com.java.TestType] [  482] -  str(1) = 1
[INFO ][2016-01-07 19:52:19,082][com.java.TestType] [  485] - Test case Id is---1
[INFO ][2016-01-07 19:52:19,082][com.java.TestType] [  487] - 1
[INFO ][2016-01-07 19:52:19,082][com.java.TestType] [  482] -  str(2) = 13
[INFO ][2016-01-07 19:52:19,082][com.java.TestType] [  482] -  str(1) = 1
[INFO ][2016-01-07 19:52:19,082][com.java.TestType] [  485] - Test case Id is---1
[INFO ][2016-01-07 19:52:19,082][com.java.TestType] [  487] - 1
[INFO ][2016-01-07 19:52:19,082][com.java.TestType] [  482] -  str(2) = 14
[INFO ][2016-01-07 19:52:19,082][com.java.TestType] [  482] -  str(1) = 1
[INFO ][2016-01-07 19:52:19,082][com.java.TestType] [  485] - Test case Id is---1
[INFO ][2016-01-07 19:52:19,082][com.java.TestType] [  487] - 1
[INFO ][2016-01-07 19:52:19,082][com.java.TestType] [  482] -  str(2) = 15
[INFO ][2016-01-07 19:52:19,082][com.java.TestType] [  482] -  str(1) = 1
[INFO ][2016-01-07 19:52:19,082][com.java.TestType] [  485] - Test case Id is---1
[INFO ][2016-01-07 19:52:19,082][com.java.TestType] [  487] - 1
[INFO ][2016-01-07 19:52:19,082][com.java.TestType] [  482] -  str(2) = 16
[INFO ][2016-01-07 19:52:19,082][com.java.TestType] [10822] - Looping 1TCID = 1
[DEBUG][2016-01-07 19:52:19,082][com.java.TestType] [10863] - Concept ID:1 :: Step being Executed: 1::1
[INFO ][2016-01-07 19:52:19,082][com.java.TestType] [10901] - dataFields : TXTusername
[DEBUG][2016-01-07 19:52:19,082][com.java.TestType] [10907] - <In Set values of the page>
[DEBUG][2016-01-07 19:52:19,082][com.java.TestType] [10912] - {Data Fields & Data Values Exist}
[INFO ][2016-01-07 19:52:19,082][com.java.TestType] [10918] - --------------------------setting values-----------------------------
[INFO ][2016-01-07 19:52:19,082][com.java.TestType] [10921] - Action Type : CLEARANDENTER
[INFO ][2016-01-07 19:52:19,082][com.java.TestType] [ 5895] - value = valuelabs.ie10.15019
[INFO ][2016-01-07 19:52:23,989][com.java.TestType] [10940] -  RESULT true
[INFO ][2016-01-07 19:52:23,989][com.java.TestType] [11057] - ?   P A S S   ?
[DEBUG][2016-01-07 19:52:23,989][com.java.TestType] [10863] - Concept ID:1 :: Step being Executed: 1::2
[INFO ][2016-01-07 19:52:23,989][com.java.TestType] [10901] - dataFields : TXTpassword
[DEBUG][2016-01-07 19:52:23,989][com.java.TestType] [10907] - <In Set values of the page>
[DEBUG][2016-01-07 19:52:23,989][com.java.TestType] [10912] - {Data Fields & Data Values Exist}
[INFO ][2016-01-07 19:52:23,989][com.java.TestType] [10918] - --------------------------setting values-----------------------------
[INFO ][2016-01-07 19:52:23,989][com.java.TestType] [10921] - Action Type : CLEARANDENTER
[INFO ][2016-01-07 19:52:23,989][com.java.TestType] [ 5895] - value = Password1*
[INFO ][2016-01-07 19:52:29,039][com.java.TestType] [10940] -  RESULT true
[INFO ][2016-01-07 19:52:29,039][com.java.TestType] [11057] - ?   P A S S   ?
[DEBUG][2016-01-07 19:52:29,039][com.java.TestType] [10863] - Concept ID:1 :: Step being Executed: 1::3
[ERROR][2016-01-07 19:52:29,039][com.java.TestType] [10896] - Exception: null
[INFO ][2016-01-07 19:52:29,039][com.java.TestType] [10901] - dataFields : XPH//button[@type='submit']
[DEBUG][2016-01-07 19:52:29,039][com.java.TestType] [10907] - <In Set values of the page>
[DEBUG][2016-01-07 19:52:29,039][com.java.TestType] [10912] - {Data Fields & Data Values Exist}
[INFO ][2016-01-07 19:52:29,039][com.java.TestType] [10918] - --------------------------setting values-----------------------------
[INFO ][2016-01-07 19:52:29,039][com.java.TestType] [10921] - Action Type : Click
[INFO ][2016-01-07 19:52:29,039][com.java.TestType] [ 6274] - Field ::XPH//button[@type='submit']
[INFO ][2016-01-07 19:52:29,039][com.java.TestType] [ 5895] - value = 
[INFO ][2016-01-07 19:52:30,053][com.java.TestType] [ 6411] - BEFORE CLICK
[INFO ][2016-01-07 19:52:30,960][com.java.TestType] [ 6419] - Unable to click the object Login
[INFO ][2016-01-07 19:52:30,960][com.java.TestType] [10940] -  RESULT true
[INFO ][2016-01-07 19:52:30,960][com.java.TestType] [11057] - ?   P A S S   ?
[DEBUG][2016-01-07 19:52:30,960][com.java.TestType] [10863] - Concept ID:1 :: Step being Executed: 1::4
[INFO ][2016-01-07 19:52:30,960][com.java.TestType] [10901] - dataFields : LNKLogout
[DEBUG][2016-01-07 19:52:30,960][com.java.TestType] [10907] - <In Set values of the page>
[DEBUG][2016-01-07 19:52:30,960][com.java.TestType] [10912] - {Data Fields & Data Values Exist}
[INFO ][2016-01-07 19:52:30,960][com.java.TestType] [10918] - --------------------------setting values-----------------------------
[INFO ][2016-01-07 19:52:30,960][com.java.TestType] [10921] - Action Type : WaitForElement
[INFO ][2016-01-07 19:52:36,159][com.java.TestType] [10940] -  RESULT true
[INFO ][2016-01-07 19:52:36,159][com.java.TestType] [11057] - ?   P A S S   ?
[DEBUG][2016-01-07 19:52:36,159][com.java.TestType] [10863] - Concept ID:1 :: Step being Executed: 1::15
[INFO ][2016-01-07 19:52:36,159][com.java.TestType] [10901] - dataFields : LNK
[DEBUG][2016-01-07 19:52:36,159][com.java.TestType] [10907] - <In Set values of the page>
[DEBUG][2016-01-07 19:52:36,159][com.java.TestType] [10912] - {Data Fields & Data Values Exist}
[INFO ][2016-01-07 19:52:36,159][com.java.TestType] [10918] - --------------------------setting values-----------------------------
[INFO ][2016-01-07 19:52:36,159][com.java.TestType] [10921] - Action Type : Verify
[INFO ][2016-01-07 19:52:36,159][com.java.TestType] [ 7269] - field= LNK value= Logout
[INFO ][2016-01-07 19:52:36,159][com.java.TestType] [ 5895] - value = Logout
[INFO ][2016-01-07 19:52:36,191][com.java.TestType] [10940] -  RESULT true
[INFO ][2016-01-07 19:52:36,191][com.java.TestType] [11057] - ?   P A S S   ?
[DEBUG][2016-01-07 19:52:36,191][com.java.TestType] [10863] - Concept ID:1 :: Step being Executed: 1::16
[INFO ][2016-01-07 19:52:36,191][com.java.TestType] [10901] - dataFields : BTN
[DEBUG][2016-01-07 19:52:36,191][com.java.TestType] [10907] - <In Set values of the page>
[DEBUG][2016-01-07 19:52:36,191][com.java.TestType] [10912] - {Data Fields & Data Values Exist}
[INFO ][2016-01-07 19:52:36,191][com.java.TestType] [10918] - --------------------------setting values-----------------------------
[INFO ][2016-01-07 19:52:36,191][com.java.TestType] [10921] - Action Type : Verify
[INFO ][2016-01-07 19:52:36,191][com.java.TestType] [ 7269] - field= BTN value= //img[contains(@src,'bdlogo.jpg')]
[INFO ][2016-01-07 19:52:36,191][com.java.TestType] [ 5895] - value = //img[contains(@src,'bdlogo.jpg')]
[INFO ][2016-01-07 19:52:36,269][com.java.TestType] [10940] -  RESULT true
[INFO ][2016-01-07 19:52:36,269][com.java.TestType] [11057] - ?   P A S S   ?
[INFO ][2016-01-07 19:52:36,269][com.java.TestType] [11128] - Looping End......
[INFO ][2016-01-07 19:52:36,269][com.java.SeleniumDriver] [  906] -  RESULT true
[INFO ][2016-01-07 19:52:36,269][com.java.SeleniumDriver] [ 1112] - ?   P A S S   ?
[INFO ][2016-01-07 19:52:36,269][com.java.SeleniumDriver] [  832] - ------------------------------------------
[INFO ][2016-01-07 19:52:36,269][com.java.SeleniumDriver] [  833] - Test case being Executed: 1
[INFO ][2016-01-07 19:52:36,269][com.java.SeleniumDriver] [  845] - Test step:2
[INFO ][2016-01-07 19:52:36,269][com.java.SeleniumDriver] [  857] - Datavalue is----------Concept#2:1-2
[INFO ][2016-01-07 19:52:36,269][com.java.SeleniumDriver] [  881] - DataField : test
[INFO ][2016-01-07 19:52:36,269][com.java.SeleniumDriver] [  883] - DataValue : Concept#2:1-2
[INFO ][2016-01-07 19:52:36,269][com.java.SeleniumDriver] [  889] - <In Set values of the page>
[INFO ][2016-01-07 19:52:36,269][com.java.SeleniumDriver] [  892] - {Data Fields & Data Values Exist}
[INFO ][2016-01-07 19:52:36,269][com.java.SeleniumDriver] [  894] - --------------------------setting values-----------------------------
[INFO ][2016-01-07 19:52:36,269][com.java.SeleniumDriver] [  897] - Action Type : ExecuteTestCase
[INFO ][2016-01-07 19:52:36,269][com.java.TestType] [  437] - The Concept sheet name is ---------- Concept
[INFO ][2016-01-07 19:52:36,269][com.java.TestType] [  440] - The Concept ID  is ---------- 2
[DEBUG][2016-01-07 19:52:36,269][com.java.TestType] [  444] - Steps being executted in the Concept are: 1:2
[INFO ][2016-01-07 19:52:36,269][com.java.TestType] [  451] - Test data details path ---------- D:\BankersDashboard\TestInputs\TestData.xls
[INFO ][2016-01-07 19:52:37,165][com.java.TestType] [  482] -  str(1) = 2
[INFO ][2016-01-07 19:52:37,165][com.java.TestType] [  485] - Test case Id is---2
[INFO ][2016-01-07 19:52:37,165][com.java.TestType] [  487] - 2
[INFO ][2016-01-07 19:52:37,165][com.java.TestType] [  482] -  str(2) = 1
[INFO ][2016-01-07 19:52:37,165][com.java.TestType] [  482] -  str(1) = 2
[INFO ][2016-01-07 19:52:37,165][com.java.TestType] [  485] - Test case Id is---2
[INFO ][2016-01-07 19:52:37,165][com.java.TestType] [  487] - 2
[INFO ][2016-01-07 19:52:37,165][com.java.TestType] [  482] -  str(2) = 2
[INFO ][2016-01-07 19:52:37,165][com.java.TestType] [  482] -  str(1) = 2
[INFO ][2016-01-07 19:52:37,165][com.java.TestType] [  485] - Test case Id is---2
[INFO ][2016-01-07 19:52:37,165][com.java.TestType] [  487] - 2
[INFO ][2016-01-07 19:52:37,165][com.java.TestType] [  482] -  str(2) = 3
[INFO ][2016-01-07 19:52:37,181][com.java.TestType] [10822] - Looping 1TCID = 2
[DEBUG][2016-01-07 19:52:37,181][com.java.TestType] [10863] - Concept ID:2 :: Step being Executed: 2::1
[INFO ][2016-01-07 19:52:37,181][com.java.TestType] [10901] - dataFields : BNK//select[@id='bank']
[DEBUG][2016-01-07 19:52:37,181][com.java.TestType] [10907] - <In Set values of the page>
[DEBUG][2016-01-07 19:52:37,181][com.java.TestType] [10912] - {Data Fields & Data Values Exist}
[INFO ][2016-01-07 19:52:37,181][com.java.TestType] [10918] - --------------------------setting values-----------------------------
[INFO ][2016-01-07 19:52:37,181][com.java.TestType] [10921] - Action Type : Select
[INFO ][2016-01-07 19:52:37,181][com.java.TestType] [ 5895] - value = PFC
[INFO ][2016-01-07 19:52:37,526][com.java.TestType] [10940] -  RESULT true
[INFO ][2016-01-07 19:52:37,526][com.java.TestType] [11057] - ?   P A S S   ?
[DEBUG][2016-01-07 19:52:37,526][com.java.TestType] [10863] - Concept ID:2 :: Step being Executed: 2::2
[INFO ][2016-01-07 19:52:37,526][com.java.TestType] [10901] - dataFields : LNKLogout
[DEBUG][2016-01-07 19:52:37,526][com.java.TestType] [10907] - <In Set values of the page>
[DEBUG][2016-01-07 19:52:37,526][com.java.TestType] [10912] - {Data Fields & Data Values Exist}
[INFO ][2016-01-07 19:52:37,526][com.java.TestType] [10918] - --------------------------setting values-----------------------------
[INFO ][2016-01-07 19:52:37,526][com.java.TestType] [10921] - Action Type : WaitTime
[DEBUG][2016-01-07 19:52:37,526][com.java.TestType] [ 5715] - sleepTime: 5000
[INFO ][2016-01-07 19:52:42,568][com.java.TestType] [10940] -  RESULT true
[INFO ][2016-01-07 19:52:42,568][com.java.TestType] [11057] - ?   P A S S   ?
[INFO ][2016-01-07 19:52:42,568][com.java.TestType] [11128] - Looping End......
[INFO ][2016-01-07 19:52:42,568][com.java.SeleniumDriver] [  906] -  RESULT true
[INFO ][2016-01-07 19:52:42,568][com.java.SeleniumDriver] [ 1112] - ?   P A S S   ?
[INFO ][2016-01-07 19:52:42,568][com.java.SeleniumDriver] [  832] - ------------------------------------------
[INFO ][2016-01-07 19:52:42,568][com.java.SeleniumDriver] [  833] - Test case being Executed: 1
[INFO ][2016-01-07 19:52:42,568][com.java.SeleniumDriver] [  845] - Test step:3
[INFO ][2016-01-07 19:52:42,568][com.java.SeleniumDriver] [  857] - Datavalue is----------2
[INFO ][2016-01-07 19:52:42,568][com.java.SeleniumDriver] [  881] - DataField : XPH//button[contains(text(),'Add Content')]
[INFO ][2016-01-07 19:52:42,568][com.java.SeleniumDriver] [  883] - DataValue : 2
[INFO ][2016-01-07 19:52:42,568][com.java.SeleniumDriver] [  889] - <In Set values of the page>
[INFO ][2016-01-07 19:52:42,568][com.java.SeleniumDriver] [  892] - {Data Fields & Data Values Exist}
[INFO ][2016-01-07 19:52:42,568][com.java.SeleniumDriver] [  894] - --------------------------setting values-----------------------------
[INFO ][2016-01-07 19:52:42,568][com.java.SeleniumDriver] [  897] - Action Type : WAITFORELEMENT
[INFO ][2016-01-07 19:52:42,600][com.java.SeleniumDriver] [  906] -  RESULT true
[INFO ][2016-01-07 19:52:42,600][com.java.SeleniumDriver] [ 1112] - ?   P A S S   ?
[DEBUG][2016-01-07 19:52:42,600][com.java.SeleniumDriver] [ 1224] - Case found
[DEBUG][2016-01-07 19:52:42,600][com.java.SeleniumDriver] [ 1229] - Incrementing ReportCounters[0]:1
[INFO ][2016-01-07 19:52:42,600][com.java.SeleniumDriver] [ 1248] - The results are-------------------[1, 1, Valid Login, Pass, , Thu Jan 07 19:52:36 IST 2016, 1, 2, Valid Login, Pass, , Thu Jan 07 19:52:42 IST 2016, 1, 3, Valid Login, Pass, , Thu Jan 07 19:52:42 IST 2016]
[INFO ][2016-01-07 19:52:42,600][com.java.SeleniumDriver] [ 1252] - End time is-------42 sec
[INFO ][2016-01-07 19:52:42,600][com.java.SeleniumDriver] [ 1253] - The results are-------------------[1, 1, Valid Login, Pass, , Thu Jan 07 19:52:36 IST 2016, 1, 2, Valid Login, Pass, , Thu Jan 07 19:52:42 IST 2016, 1, 3, Valid Login, Pass, , Thu Jan 07 19:52:42 IST 2016]
[DEBUG][2016-01-07 19:52:42,600][com.java.ImportnExport.ExportTestResultsExcel] [  222] - testResultPath = D:\BankersDashboard/TestReports/Test Results_BankersDashBoard_010716_195202_IE10_First Bank.xls
[DEBUG][2016-01-07 19:52:42,600][com.java.ImportnExport.ExportTestResultsExcel] [  223] - browser is------------IE10
[DEBUG][2016-01-07 19:52:42,662][com.java.ImportnExport.ExportTestResultsExcel] [  270] - result.size() = 18
[DEBUG][2016-01-07 19:52:42,662][com.java.ImportnExport.ExportTestResultsExcel] [  274] - No of rows in sheet=1
[DEBUG][2016-01-07 19:52:42,662][com.java.ImportnExport.ExportTestResultsExcel] [  301] - ..in export..1
[DEBUG][2016-01-07 19:52:42,662][com.java.ImportnExport.ExportTestResultsExcel] [  301] - ..in export..Valid Login
[DEBUG][2016-01-07 19:52:42,662][com.java.ImportnExport.ExportTestResultsExcel] [  301] - ..in export..Pass
[DEBUG][2016-01-07 19:52:42,662][com.java.ImportnExport.ExportTestResultsExcel] [  301] - ..in export..
[DEBUG][2016-01-07 19:52:42,662][com.java.ImportnExport.ExportTestResultsExcel] [  301] - ..in export..Thu Jan 07 19:52:36 IST 2016
[INFO ][2016-01-07 19:52:42,662][com.java.SeleniumDriver] [ 1313] - out loop:0 size:7 TestCases:[1, 2, 3, 4, 5, 6, 7] testcases:[1, 2, 3, 4, 5, 6, 7]
[INFO ][2016-01-07 19:52:42,662][com.java.ImportnExport.ImportTestDataDetailsExcel] [   49] - test data details path===== D:\BankersDashboard\TestInputs\TestData.xls
[DEBUG][2016-01-07 19:52:42,678][com.java.ImportnExport.ImportTestDataDetailsExcel] [  188] - Unable to read the data from the TestData: [Microsoft][ODBC Excel Driver] The Microsoft Jet database engine cannot open the file '(unknown)'.  It is already opened exclusively by another user, or you need permission to view its data.
[INFO ][2016-01-07 19:53:04,296][com.java.SeleniumDriver] [ 1260] - ? S K I P P E D ?
[INFO ][2016-01-07 19:53:04,296][com.java.SeleniumDriver] [ 1262] - Test case:1
[INFO ][2016-01-07 19:53:04,296][com.java.SeleniumDriver] [ 1263] - Valid Login
[INFO ][2016-01-07 19:53:04,296][com.java.SeleniumDriver] [ 1264] -  No Test Steps Available
[INFO ][2016-01-07 19:53:04,296][com.java.SeleniumDriver] [ 1280] - The results are-------------------[2, 3, Testcase does not exist in TestData sheet, Skipped,  No Test Steps Available, Thu Jan 07 19:53:04 IST 2016]
[INFO ][2016-01-07 19:53:04,296][com.java.SeleniumDriver] [ 1284] - End time is-------1 min 4 sec
[INFO ][2016-01-07 19:53:04,296][com.java.SeleniumDriver] [ 1285] - The results are-------------------[2, 3, Testcase does not exist in TestData sheet, Skipped,  No Test Steps Available, Thu Jan 07 19:53:04 IST 2016]
[DEBUG][2016-01-07 19:53:04,296][com.java.ImportnExport.ExportTestResultsExcel] [  222] - testResultPath = D:\BankersDashboard/TestReports/Test Results_BankersDashBoard_010716_195202_IE10_First Bank.xls
[DEBUG][2016-01-07 19:53:04,296][com.java.ImportnExport.ExportTestResultsExcel] [  223] - browser is------------IE10
[DEBUG][2016-01-07 19:53:04,296][com.java.ImportnExport.ExportTestResultsExcel] [  270] - result.size() = 6
[DEBUG][2016-01-07 19:53:04,296][com.java.ImportnExport.ExportTestResultsExcel] [  274] - No of rows in sheet=2
[DEBUG][2016-01-07 19:53:04,296][com.java.ImportnExport.ExportTestResultsExcel] [  301] - ..in export..2
[DEBUG][2016-01-07 19:53:04,296][com.java.ImportnExport.ExportTestResultsExcel] [  301] - ..in export..Testcase does not exist in TestData sheet
[DEBUG][2016-01-07 19:53:04,296][com.java.ImportnExport.ExportTestResultsExcel] [  301] - ..in export..Skipped
[DEBUG][2016-01-07 19:53:04,296][com.java.ImportnExport.ExportTestResultsExcel] [  301] - ..in export.. No Test Steps Available
[DEBUG][2016-01-07 19:53:04,296][com.java.ImportnExport.ExportTestResultsExcel] [  301] - ..in export..Thu Jan 07 19:53:04 IST 2016
[INFO ][2016-01-07 19:53:04,296][com.java.SeleniumDriver] [ 1313] - out loop:1 size:7 TestCases:[1, 2, 3, 4, 5, 6, 7] testcases:[1, 2, 3, 4, 5, 6, 7]
[INFO ][2016-01-07 19:53:04,296][com.java.ImportnExport.ImportTestDataDetailsExcel] [   49] - test data details path===== D:\BankersDashboard\TestInputs\TestData.xls
[DEBUG][2016-01-07 19:53:04,359][com.java.ImportnExport.ImportTestDataDetailsExcel] [  188] - Unable to read the data from the TestData: [Microsoft][ODBC Excel Driver] Too few parameters. Expected 1.
[INFO ][2016-01-07 19:53:25,257][com.java.SeleniumDriver] [ 1260] - ? S K I P P E D ?
[INFO ][2016-01-07 19:53:25,257][com.java.SeleniumDriver] [ 1262] - Test case:1
[INFO ][2016-01-07 19:53:25,257][com.java.SeleniumDriver] [ 1263] - Valid Login
[INFO ][2016-01-07 19:53:25,257][com.java.SeleniumDriver] [ 1264] -  No Test Steps Available
[INFO ][2016-01-07 19:53:25,257][com.java.SeleniumDriver] [ 1280] - The results are-------------------[3, 3, Testcase does not exist in TestData sheet, Skipped,  No Test Steps Available, Thu Jan 07 19:53:25 IST 2016]
[INFO ][2016-01-07 19:53:25,257][com.java.SeleniumDriver] [ 1284] - End time is-------1 min 25 sec
[INFO ][2016-01-07 19:53:25,257][com.java.SeleniumDriver] [ 1285] - The results are-------------------[3, 3, Testcase does not exist in TestData sheet, Skipped,  No Test Steps Available, Thu Jan 07 19:53:25 IST 2016]
[DEBUG][2016-01-07 19:53:25,257][com.java.ImportnExport.ExportTestResultsExcel] [  222] - testResultPath = D:\BankersDashboard/TestReports/Test Results_BankersDashBoard_010716_195202_IE10_First Bank.xls
[DEBUG][2016-01-07 19:53:25,257][com.java.ImportnExport.ExportTestResultsExcel] [  223] - browser is------------IE10
[DEBUG][2016-01-07 19:53:25,257][com.java.ImportnExport.ExportTestResultsExcel] [  270] - result.size() = 6
[DEBUG][2016-01-07 19:53:25,257][com.java.ImportnExport.ExportTestResultsExcel] [  274] - No of rows in sheet=3
[DEBUG][2016-01-07 19:53:25,257][com.java.ImportnExport.ExportTestResultsExcel] [  301] - ..in export..3
[DEBUG][2016-01-07 19:53:25,257][com.java.ImportnExport.ExportTestResultsExcel] [  301] - ..in export..Testcase does not exist in TestData sheet
[DEBUG][2016-01-07 19:53:25,257][com.java.ImportnExport.ExportTestResultsExcel] [  301] - ..in export..Skipped
[DEBUG][2016-01-07 19:53:25,257][com.java.ImportnExport.ExportTestResultsExcel] [  301] - ..in export.. No Test Steps Available
[DEBUG][2016-01-07 19:53:25,257][com.java.ImportnExport.ExportTestResultsExcel] [  301] - ..in export..Thu Jan 07 19:53:25 IST 2016
[INFO ][2016-01-07 19:53:25,257][com.java.SeleniumDriver] [ 1313] - out loop:2 size:7 TestCases:[1, 2, 3, 4, 5, 6, 7] testcases:[1, 2, 3, 4, 5, 6, 7]
[INFO ][2016-01-07 19:53:25,257][com.java.ImportnExport.ImportTestDataDetailsExcel] [   49] - test data details path===== D:\BankersDashboard\TestInputs\TestData.xls
[INFO ][2016-01-07 19:53:47,796][com.java.SeleniumDriver] [  832] - ------------------------------------------
[INFO ][2016-01-07 19:53:47,796][com.java.SeleniumDriver] [  833] - Test case being Executed: 4
[INFO ][2016-01-07 19:53:47,796][com.java.SeleniumDriver] [  845] - Test step:1
[INFO ][2016-01-07 19:53:47,796][com.java.SeleniumDriver] [  857] - Datavalue is----------Logout
[INFO ][2016-01-07 19:53:47,796][com.java.SeleniumDriver] [  881] - DataField : BTN
[INFO ][2016-01-07 19:53:47,796][com.java.SeleniumDriver] [  883] - DataValue : Logout
[INFO ][2016-01-07 19:53:47,796][com.java.SeleniumDriver] [  889] - <In Set values of the page>
[INFO ][2016-01-07 19:53:47,796][com.java.SeleniumDriver] [  892] - {Data Fields & Data Values Exist}
[INFO ][2016-01-07 19:53:47,796][com.java.SeleniumDriver] [  894] - --------------------------setting values-----------------------------
[INFO ][2016-01-07 19:53:47,796][com.java.SeleniumDriver] [  897] - Action Type : Verify
[INFO ][2016-01-07 19:53:47,796][com.java.TestType] [ 7269] - field= BTN value= Logout
[INFO ][2016-01-07 19:53:47,796][com.java.TestType] [ 5895] - value = Logout
[INFO ][2016-01-07 19:53:47,891][com.java.SeleniumDriver] [  906] -  RESULT true
[INFO ][2016-01-07 19:53:47,891][com.java.SeleniumDriver] [ 1112] - ?   P A S S   ?
[INFO ][2016-01-07 19:53:47,891][com.java.SeleniumDriver] [ 1154] - step change to 3
[INFO ][2016-01-07 19:53:47,891][com.java.SeleniumDriver] [  832] - ------------------------------------------
[INFO ][2016-01-07 19:53:47,891][com.java.SeleniumDriver] [  833] - Test case being Executed: 4
[INFO ][2016-01-07 19:53:47,891][com.java.SeleniumDriver] [  845] - Test step:3
[INFO ][2016-01-07 19:53:47,891][com.java.SeleniumDriver] [  857] - Datavalue is----------null
[DEBUG][2016-01-07 19:53:47,891][com.java.SeleniumDriver] [  875] - Exception: null
[INFO ][2016-01-07 19:53:47,891][com.java.SeleniumDriver] [  881] - DataField : //span[@class='icon-user4']&&//a[text()='Users']&&//a[@data-id="ModifyUsers"]
[INFO ][2016-01-07 19:53:47,891][com.java.SeleniumDriver] [  883] - DataValue : 
[INFO ][2016-01-07 19:53:47,891][com.java.SeleniumDriver] [  889] - <In Set values of the page>
[INFO ][2016-01-07 19:53:47,891][com.java.SeleniumDriver] [  892] - {Data Fields & Data Values Exist}
[INFO ][2016-01-07 19:53:47,891][com.java.SeleniumDriver] [  894] - --------------------------setting values-----------------------------
[INFO ][2016-01-07 19:53:47,891][com.java.SeleniumDriver] [  897] - Action Type : MouseOver
[INFO ][2016-01-07 19:54:14,731][com.java.SeleniumDriver] [  906] -  RESULT true
[INFO ][2016-01-07 19:54:14,731][com.java.SeleniumDriver] [ 1112] - ?   P A S S   ?
[INFO ][2016-01-07 19:54:14,731][com.java.SeleniumDriver] [  832] - ------------------------------------------
[INFO ][2016-01-07 19:54:14,731][com.java.SeleniumDriver] [  833] - Test case being Executed: 4
[INFO ][2016-01-07 19:54:14,731][com.java.SeleniumDriver] [  845] - Test step:4
[INFO ][2016-01-07 19:54:14,731][com.java.SeleniumDriver] [  857] - Datavalue is----------2
[INFO ][2016-01-07 19:54:14,731][com.java.SeleniumDriver] [  881] - DataField : BTNframeDialogContent
[INFO ][2016-01-07 19:54:14,731][com.java.SeleniumDriver] [  883] - DataValue : 2
[INFO ][2016-01-07 19:54:14,731][com.java.SeleniumDriver] [  889] - <In Set values of the page>
[INFO ][2016-01-07 19:54:14,731][com.java.SeleniumDriver] [  892] - {Data Fields & Data Values Exist}
[INFO ][2016-01-07 19:54:14,731][com.java.SeleniumDriver] [  894] - --------------------------setting values-----------------------------
[INFO ][2016-01-07 19:54:14,731][com.java.SeleniumDriver] [  897] - Action Type : WaitForElement
[INFO ][2016-01-07 19:54:15,965][com.java.SeleniumDriver] [  906] -  RESULT true
[INFO ][2016-01-07 19:54:15,965][com.java.SeleniumDriver] [ 1112] - ?   P A S S   ?
[INFO ][2016-01-07 19:54:15,965][com.java.SeleniumDriver] [  832] - ------------------------------------------
[INFO ][2016-01-07 19:54:15,965][com.java.SeleniumDriver] [  833] - Test case being Executed: 4
[INFO ][2016-01-07 19:54:15,965][com.java.SeleniumDriver] [  845] - Test step:5
[INFO ][2016-01-07 19:54:15,965][com.java.SeleniumDriver] [  857] - Datavalue is----------null
[DEBUG][2016-01-07 19:54:15,965][com.java.SeleniumDriver] [  875] - Exception: null
[INFO ][2016-01-07 19:54:15,965][com.java.SeleniumDriver] [  881] - DataField : BTNframeDialogContent
[INFO ][2016-01-07 19:54:15,965][com.java.SeleniumDriver] [  883] - DataValue : 
[INFO ][2016-01-07 19:54:15,965][com.java.SeleniumDriver] [  889] - <In Set values of the page>
[INFO ][2016-01-07 19:54:15,965][com.java.SeleniumDriver] [  892] - {Data Fields & Data Values Exist}
[INFO ][2016-01-07 19:54:15,965][com.java.SeleniumDriver] [  894] - --------------------------setting values-----------------------------
[INFO ][2016-01-07 19:54:15,965][com.java.SeleniumDriver] [  897] - Action Type : SelectFrame
[INFO ][2016-01-07 19:54:17,246][com.java.SeleniumDriver] [  906] -  RESULT true
[INFO ][2016-01-07 19:54:17,246][com.java.SeleniumDriver] [ 1112] - ?   P A S S   ?
[INFO ][2016-01-07 19:54:17,246][com.java.SeleniumDriver] [  832] - ------------------------------------------
[INFO ][2016-01-07 19:54:17,246][com.java.SeleniumDriver] [  833] - Test case being Executed: 4
[INFO ][2016-01-07 19:54:17,246][com.java.SeleniumDriver] [  845] - Test step:6
[INFO ][2016-01-07 19:54:17,246][com.java.SeleniumDriver] [  857] - Datavalue is----------2
[INFO ][2016-01-07 19:54:17,246][com.java.SeleniumDriver] [  881] - DataField : BTNbtnAddUser
[INFO ][2016-01-07 19:54:17,246][com.java.SeleniumDriver] [  883] - DataValue : 2
[INFO ][2016-01-07 19:54:17,246][com.java.SeleniumDriver] [  889] - <In Set values of the page>
[INFO ][2016-01-07 19:54:17,246][com.java.SeleniumDriver] [  892] - {Data Fields & Data Values Exist}
[INFO ][2016-01-07 19:54:17,246][com.java.SeleniumDriver] [  894] - --------------------------setting values-----------------------------
[INFO ][2016-01-07 19:54:17,246][com.java.SeleniumDriver] [  897] - Action Type : WaitForElement
[INFO ][2016-01-07 19:54:18,884][com.java.SeleniumDriver] [  906] -  RESULT true
[INFO ][2016-01-07 19:54:18,884][com.java.SeleniumDriver] [ 1112] - ?   P A S S   ?
[INFO ][2016-01-07 19:54:18,884][com.java.SeleniumDriver] [  832] - ------------------------------------------
[INFO ][2016-01-07 19:54:18,884][com.java.SeleniumDriver] [  833] - Test case being Executed: 4
[INFO ][2016-01-07 19:54:18,884][com.java.SeleniumDriver] [  845] - Test step:7
[INFO ][2016-01-07 19:54:18,884][com.java.SeleniumDriver] [  857] - Datavalue is----------null
[DEBUG][2016-01-07 19:54:18,884][com.java.SeleniumDriver] [  875] - Exception: null
[INFO ][2016-01-07 19:54:18,884][com.java.SeleniumDriver] [  881] - DataField : BTNbtnAddUser
[INFO ][2016-01-07 19:54:18,884][com.java.SeleniumDriver] [  883] - DataValue : 
[INFO ][2016-01-07 19:54:18,884][com.java.SeleniumDriver] [  889] - <In Set values of the page>
[INFO ][2016-01-07 19:54:18,884][com.java.SeleniumDriver] [  892] - {Data Fields & Data Values Exist}
[INFO ][2016-01-07 19:54:18,884][com.java.SeleniumDriver] [  894] - --------------------------setting values-----------------------------
[INFO ][2016-01-07 19:54:18,884][com.java.SeleniumDriver] [  897] - Action Type : Click
[INFO ][2016-01-07 19:54:18,884][com.java.TestType] [ 6274] - Field ::BTNbtnAddUser
[INFO ][2016-01-07 19:54:18,884][com.java.TestType] [ 5895] - value = 
[INFO ][2016-01-07 19:54:19,899][com.java.TestType] [ 6390] - BEFORE CLICK
[INFO ][2016-01-07 19:54:21,663][com.java.TestType] [ 6397] - Unable to click the object Add user button
[INFO ][2016-01-07 19:54:21,663][com.java.SeleniumDriver] [  906] -  RESULT true
[INFO ][2016-01-07 19:54:21,663][com.java.SeleniumDriver] [ 1112] - ?   P A S S   ?
[INFO ][2016-01-07 19:54:21,663][com.java.SeleniumDriver] [  832] - ------------------------------------------
[INFO ][2016-01-07 19:54:21,663][com.java.SeleniumDriver] [  833] - Test case being Executed: 4
[INFO ][2016-01-07 19:54:21,663][com.java.SeleniumDriver] [  845] - Test step:8
[INFO ][2016-01-07 19:54:21,663][com.java.SeleniumDriver] [  857] - Datavalue is----------2
[INFO ][2016-01-07 19:54:21,663][com.java.SeleniumDriver] [  881] - DataField : BTNtxtUserName
[INFO ][2016-01-07 19:54:21,663][com.java.SeleniumDriver] [  883] - DataValue : 2
[INFO ][2016-01-07 19:54:21,663][com.java.SeleniumDriver] [  889] - <In Set values of the page>
[INFO ][2016-01-07 19:54:21,663][com.java.SeleniumDriver] [  892] - {Data Fields & Data Values Exist}
[INFO ][2016-01-07 19:54:21,663][com.java.SeleniumDriver] [  894] - --------------------------setting values-----------------------------
[INFO ][2016-01-07 19:54:21,663][com.java.SeleniumDriver] [  897] - Action Type : WaitForElement
[INFO ][2016-01-07 19:54:22,848][com.java.SeleniumDriver] [  906] -  RESULT true
[INFO ][2016-01-07 19:54:22,848][com.java.SeleniumDriver] [ 1112] - ?   P A S S   ?
[INFO ][2016-01-07 19:54:22,848][com.java.SeleniumDriver] [  832] - ------------------------------------------
[INFO ][2016-01-07 19:54:22,848][com.java.SeleniumDriver] [  833] - Test case being Executed: 4
[INFO ][2016-01-07 19:54:22,848][com.java.SeleniumDriver] [  845] - Test step:9
[INFO ][2016-01-07 19:54:22,848][com.java.SeleniumDriver] [  857] - Datavalue is----------5
[INFO ][2016-01-07 19:54:22,848][com.java.SeleniumDriver] [  881] - DataField : TXTtxtUserName
[INFO ][2016-01-07 19:54:22,848][com.java.SeleniumDriver] [  883] - DataValue : 5
[INFO ][2016-01-07 19:54:22,848][com.java.SeleniumDriver] [  889] - <In Set values of the page>
[INFO ][2016-01-07 19:54:22,848][com.java.SeleniumDriver] [  892] - {Data Fields & Data Values Exist}
[INFO ][2016-01-07 19:54:22,848][com.java.SeleniumDriver] [  894] - --------------------------setting values-----------------------------
[INFO ][2016-01-07 19:54:22,848][com.java.SeleniumDriver] [  897] - Action Type : WaitForElement
[INFO ][2016-01-07 19:54:24,013][com.java.SeleniumDriver] [  906] -  RESULT true
[INFO ][2016-01-07 19:54:24,013][com.java.SeleniumDriver] [ 1112] - ?   P A S S   ?
[INFO ][2016-01-07 19:54:24,013][com.java.SeleniumDriver] [  832] - ------------------------------------------
[INFO ][2016-01-07 19:54:24,013][com.java.SeleniumDriver] [  833] - Test case being Executed: 4
[INFO ][2016-01-07 19:54:24,013][com.java.SeleniumDriver] [  845] - Test step:10
[INFO ][2016-01-07 19:54:24,013][com.java.SeleniumDriver] [  857] - Datavalue is----------RNDvltest.robot
[INFO ][2016-01-07 19:54:24,013][com.java.SeleniumDriver] [  881] - DataField : TXTtxtUserName
[INFO ][2016-01-07 19:54:24,013][com.java.SeleniumDriver] [  883] - DataValue : RNDvltest.robot
[INFO ][2016-01-07 19:54:24,013][com.java.SeleniumDriver] [  889] - <In Set values of the page>
[INFO ][2016-01-07 19:54:24,013][com.java.SeleniumDriver] [  892] - {Data Fields & Data Values Exist}
[INFO ][2016-01-07 19:54:24,013][com.java.SeleniumDriver] [  894] - --------------------------setting values-----------------------------
[INFO ][2016-01-07 19:54:24,013][com.java.SeleniumDriver] [  897] - Action Type : CLEARANDENTER
[INFO ][2016-01-07 19:54:24,013][com.java.TestType] [ 5895] - value = vltest.robot94320
[INFO ][2016-01-07 19:54:26,777][com.java.SeleniumDriver] [  906] -  RESULT true
[INFO ][2016-01-07 19:54:26,777][com.java.SeleniumDriver] [ 1112] - ?   P A S S   ?
[INFO ][2016-01-07 19:54:26,777][com.java.SeleniumDriver] [  832] - ------------------------------------------
[INFO ][2016-01-07 19:54:26,777][com.java.SeleniumDriver] [  833] - Test case being Executed: 4
[INFO ][2016-01-07 19:54:26,777][com.java.SeleniumDriver] [  845] - Test step:11
[INFO ][2016-01-07 19:54:26,777][com.java.SeleniumDriver] [  857] - Datavalue is----------5
[INFO ][2016-01-07 19:54:26,777][com.java.SeleniumDriver] [  881] - DataField : TXTtxtFirstName
[INFO ][2016-01-07 19:54:26,777][com.java.SeleniumDriver] [  883] - DataValue : 5
[INFO ][2016-01-07 19:54:26,777][com.java.SeleniumDriver] [  889] - <In Set values of the page>
[INFO ][2016-01-07 19:54:26,777][com.java.SeleniumDriver] [  892] - {Data Fields & Data Values Exist}
[INFO ][2016-01-07 19:54:26,777][com.java.SeleniumDriver] [  894] - --------------------------setting values-----------------------------
[INFO ][2016-01-07 19:54:26,777][com.java.SeleniumDriver] [  897] - Action Type : WaitForElement
[INFO ][2016-01-07 19:54:27,947][com.java.SeleniumDriver] [  906] -  RESULT true
[INFO ][2016-01-07 19:54:27,947][com.java.SeleniumDriver] [ 1112] - ?   P A S S   ?
[INFO ][2016-01-07 19:54:27,947][com.java.SeleniumDriver] [  832] - ------------------------------------------
[INFO ][2016-01-07 19:54:27,947][com.java.SeleniumDriver] [  833] - Test case being Executed: 4
[INFO ][2016-01-07 19:54:27,947][com.java.SeleniumDriver] [  845] - Test step:12
[INFO ][2016-01-07 19:54:27,947][com.java.SeleniumDriver] [  857] - Datavalue is----------GivenNewUserName
[INFO ][2016-01-07 19:54:27,947][com.java.SeleniumDriver] [  881] - DataField : TXTtxtUserName
[INFO ][2016-01-07 19:54:27,947][com.java.SeleniumDriver] [  883] - DataValue : GivenNewUserName
[INFO ][2016-01-07 19:54:27,947][com.java.SeleniumDriver] [  889] - <In Set values of the page>
[INFO ][2016-01-07 19:54:27,947][com.java.SeleniumDriver] [  892] - {Data Fields & Data Values Exist}
[INFO ][2016-01-07 19:54:27,947][com.java.SeleniumDriver] [  894] - --------------------------setting values-----------------------------
[INFO ][2016-01-07 19:54:27,947][com.java.SeleniumDriver] [  897] - Action Type : STOREVALUE
[INFO ][2016-01-07 19:54:27,947][com.java.TestType] [ 8612] - field= TXTtxtUserName
[DEBUG][2016-01-07 19:54:29,151][com.java.TestType] [ 8626] - Key:: GivenNewUserName  Value:: vltest.robot94320
[INFO ][2016-01-07 19:54:29,151][com.java.SeleniumDriver] [  906] -  RESULT true
[INFO ][2016-01-07 19:54:29,151][com.java.SeleniumDriver] [ 1112] - ?   P A S S   ?
[INFO ][2016-01-07 19:54:29,151][com.java.SeleniumDriver] [  832] - ------------------------------------------
[INFO ][2016-01-07 19:54:29,151][com.java.SeleniumDriver] [  833] - Test case being Executed: 4
[INFO ][2016-01-07 19:54:29,151][com.java.SeleniumDriver] [  845] - Test step:13
[INFO ][2016-01-07 19:54:29,151][com.java.SeleniumDriver] [  857] - Datavalue is----------VLTest
[INFO ][2016-01-07 19:54:29,151][com.java.SeleniumDriver] [  881] - DataField : TXTtxtFirstName
[INFO ][2016-01-07 19:54:29,151][com.java.SeleniumDriver] [  883] - DataValue : VLTest
[INFO ][2016-01-07 19:54:29,151][com.java.SeleniumDriver] [  889] - <In Set values of the page>
[INFO ][2016-01-07 19:54:29,151][com.java.SeleniumDriver] [  892] - {Data Fields & Data Values Exist}
[INFO ][2016-01-07 19:54:29,151][com.java.SeleniumDriver] [  894] - --------------------------setting values-----------------------------
[INFO ][2016-01-07 19:54:29,151][com.java.SeleniumDriver] [  897] - Action Type : Enter
[INFO ][2016-01-07 19:54:29,151][com.java.TestType] [ 6696] - field = txtFirstName
[INFO ][2016-01-07 19:54:29,151][com.java.TestType] [ 5895] - value = VLTest
[INFO ][2016-01-07 19:54:31,024][com.java.SeleniumDriver] [  906] -  RESULT true
[INFO ][2016-01-07 19:54:31,024][com.java.SeleniumDriver] [ 1112] - ?   P A S S   ?
[INFO ][2016-01-07 19:54:31,024][com.java.SeleniumDriver] [  832] - ------------------------------------------
[INFO ][2016-01-07 19:54:31,024][com.java.SeleniumDriver] [  833] - Test case being Executed: 4
[INFO ][2016-01-07 19:54:31,024][com.java.SeleniumDriver] [  845] - Test step:14
[INFO ][2016-01-07 19:54:31,024][com.java.SeleniumDriver] [  857] - Datavalue is----------5
[INFO ][2016-01-07 19:54:31,024][com.java.SeleniumDriver] [  881] - DataField : TXTtxtLastName
[INFO ][2016-01-07 19:54:31,024][com.java.SeleniumDriver] [  883] - DataValue : 5
[INFO ][2016-01-07 19:54:31,024][com.java.SeleniumDriver] [  889] - <In Set values of the page>
[INFO ][2016-01-07 19:54:31,024][com.java.SeleniumDriver] [  892] - {Data Fields & Data Values Exist}
[INFO ][2016-01-07 19:54:31,024][com.java.SeleniumDriver] [  894] - --------------------------setting values-----------------------------
[INFO ][2016-01-07 19:54:31,024][com.java.SeleniumDriver] [  897] - Action Type : WaitForElement
[INFO ][2016-01-07 19:54:32,194][com.java.SeleniumDriver] [  906] -  RESULT true
[INFO ][2016-01-07 19:54:32,194][com.java.SeleniumDriver] [ 1112] - ?   P A S S   ?
[INFO ][2016-01-07 19:54:32,194][com.java.SeleniumDriver] [  832] - ------------------------------------------
[INFO ][2016-01-07 19:54:32,194][com.java.SeleniumDriver] [  833] - Test case being Executed: 4
[INFO ][2016-01-07 19:54:32,194][com.java.SeleniumDriver] [  845] - Test step:15
[INFO ][2016-01-07 19:54:32,194][com.java.SeleniumDriver] [  857] - Datavalue is----------Robot
[INFO ][2016-01-07 19:54:32,194][com.java.SeleniumDriver] [  881] - DataField : TXTtxtLastName
[INFO ][2016-01-07 19:54:32,194][com.java.SeleniumDriver] [  883] - DataValue : Robot
[INFO ][2016-01-07 19:54:32,194][com.java.SeleniumDriver] [  889] - <In Set values of the page>
[INFO ][2016-01-07 19:54:32,194][com.java.SeleniumDriver] [  892] - {Data Fields & Data Values Exist}
[INFO ][2016-01-07 19:54:32,194][com.java.SeleniumDriver] [  894] - --------------------------setting values-----------------------------
[INFO ][2016-01-07 19:54:32,194][com.java.SeleniumDriver] [  897] - Action Type : Enter
[INFO ][2016-01-07 19:54:32,194][com.java.TestType] [ 6696] - field = txtLastName
[INFO ][2016-01-07 19:54:32,194][com.java.TestType] [ 5895] - value = Robot
[INFO ][2016-01-07 19:54:33,787][com.java.SeleniumDriver] [  906] -  RESULT true
[INFO ][2016-01-07 19:54:33,787][com.java.SeleniumDriver] [ 1112] - ?   P A S S   ?
[INFO ][2016-01-07 19:54:33,787][com.java.SeleniumDriver] [  832] - ------------------------------------------
[INFO ][2016-01-07 19:54:33,787][com.java.SeleniumDriver] [  833] - Test case being Executed: 4
[INFO ][2016-01-07 19:54:33,787][com.java.SeleniumDriver] [  845] - Test step:16
[INFO ][2016-01-07 19:54:33,787][com.java.SeleniumDriver] [  857] - Datavalue is----------5
[INFO ][2016-01-07 19:54:33,787][com.java.SeleniumDriver] [  881] - DataField : TXTtxtCompany
[INFO ][2016-01-07 19:54:33,787][com.java.SeleniumDriver] [  883] - DataValue : 5
[INFO ][2016-01-07 19:54:33,787][com.java.SeleniumDriver] [  889] - <In Set values of the page>
[INFO ][2016-01-07 19:54:33,787][com.java.SeleniumDriver] [  892] - {Data Fields & Data Values Exist}
[INFO ][2016-01-07 19:54:33,787][com.java.SeleniumDriver] [  894] - --------------------------setting values-----------------------------
[INFO ][2016-01-07 19:54:33,787][com.java.SeleniumDriver] [  897] - Action Type : WaitForElement
[INFO ][2016-01-07 19:54:34,972][com.java.SeleniumDriver] [  906] -  RESULT true
[INFO ][2016-01-07 19:54:34,972][com.java.SeleniumDriver] [ 1112] - ?   P A S S   ?
[INFO ][2016-01-07 19:54:34,972][com.java.SeleniumDriver] [  832] - ------------------------------------------
[INFO ][2016-01-07 19:54:34,972][com.java.SeleniumDriver] [  833] - Test case being Executed: 4
[INFO ][2016-01-07 19:54:34,972][com.java.SeleniumDriver] [  845] - Test step:17
[INFO ][2016-01-07 19:54:34,972][com.java.SeleniumDriver] [  857] - Datavalue is----------ValueLabs
[INFO ][2016-01-07 19:54:34,972][com.java.SeleniumDriver] [  881] - DataField : TXTtxtCompany
[INFO ][2016-01-07 19:54:34,972][com.java.SeleniumDriver] [  883] - DataValue : ValueLabs
[INFO ][2016-01-07 19:54:34,972][com.java.SeleniumDriver] [  889] - <In Set values of the page>
[INFO ][2016-01-07 19:54:34,972][com.java.SeleniumDriver] [  892] - {Data Fields & Data Values Exist}
[INFO ][2016-01-07 19:54:34,972][com.java.SeleniumDriver] [  894] - --------------------------setting values-----------------------------
[INFO ][2016-01-07 19:54:34,972][com.java.SeleniumDriver] [  897] - Action Type : Enter
[INFO ][2016-01-07 19:54:34,972][com.java.TestType] [ 6696] - field = txtCompany
[INFO ][2016-01-07 19:54:34,972][com.java.TestType] [ 5895] - value = ValueLabs
[INFO ][2016-01-07 19:54:36,769][com.java.SeleniumDriver] [  906] -  RESULT true
[INFO ][2016-01-07 19:54:36,769][com.java.SeleniumDriver] [ 1112] - ?   P A S S   ?
[INFO ][2016-01-07 19:54:36,769][com.java.SeleniumDriver] [  832] - ------------------------------------------
[INFO ][2016-01-07 19:54:36,769][com.java.SeleniumDriver] [  833] - Test case being Executed: 4
[INFO ][2016-01-07 19:54:36,769][com.java.SeleniumDriver] [  845] - Test step:18
[INFO ][2016-01-07 19:54:36,769][com.java.SeleniumDriver] [  857] - Datavalue is----------5
[INFO ][2016-01-07 19:54:36,769][com.java.SeleniumDriver] [  881] - DataField : TXTtxtLocation
[INFO ][2016-01-07 19:54:36,769][com.java.SeleniumDriver] [  883] - DataValue : 5
[INFO ][2016-01-07 19:54:36,769][com.java.SeleniumDriver] [  889] - <In Set values of the page>
[INFO ][2016-01-07 19:54:36,769][com.java.SeleniumDriver] [  892] - {Data Fields & Data Values Exist}
[INFO ][2016-01-07 19:54:36,769][com.java.SeleniumDriver] [  894] - --------------------------setting values-----------------------------
[INFO ][2016-01-07 19:54:36,769][com.java.SeleniumDriver] [  897] - Action Type : WaitForElement
[INFO ][2016-01-07 19:54:37,970][com.java.SeleniumDriver] [  906] -  RESULT true
[INFO ][2016-01-07 19:54:37,970][com.java.SeleniumDriver] [ 1112] - ?   P A S S   ?
[INFO ][2016-01-07 19:54:37,970][com.java.SeleniumDriver] [  832] - ------------------------------------------
[INFO ][2016-01-07 19:54:37,970][com.java.SeleniumDriver] [  833] - Test case being Executed: 4
[INFO ][2016-01-07 19:54:37,970][com.java.SeleniumDriver] [  845] - Test step:19
[INFO ][2016-01-07 19:54:37,970][com.java.SeleniumDriver] [  857] - Datavalue is----------India
[INFO ][2016-01-07 19:54:37,970][com.java.SeleniumDriver] [  881] - DataField : TXTtxtLocation
[INFO ][2016-01-07 19:54:37,970][com.java.SeleniumDriver] [  883] - DataValue : India
[INFO ][2016-01-07 19:54:37,970][com.java.SeleniumDriver] [  889] - <In Set values of the page>
[INFO ][2016-01-07 19:54:37,970][com.java.SeleniumDriver] [  892] - {Data Fields & Data Values Exist}
[INFO ][2016-01-07 19:54:37,970][com.java.SeleniumDriver] [  894] - --------------------------setting values-----------------------------
[INFO ][2016-01-07 19:54:37,970][com.java.SeleniumDriver] [  897] - Action Type : Enter
[INFO ][2016-01-07 19:54:37,970][com.java.TestType] [ 6696] - field = txtLocation
[INFO ][2016-01-07 19:54:37,970][com.java.TestType] [ 5895] - value = India
[INFO ][2016-01-07 19:54:39,547][com.java.SeleniumDriver] [  906] -  RESULT true
[INFO ][2016-01-07 19:54:39,547][com.java.SeleniumDriver] [ 1112] - ?   P A S S   ?
[INFO ][2016-01-07 19:54:39,547][com.java.SeleniumDriver] [  832] - ------------------------------------------
[INFO ][2016-01-07 19:54:39,547][com.java.SeleniumDriver] [  833] - Test case being Executed: 4
[INFO ][2016-01-07 19:54:39,547][com.java.SeleniumDriver] [  845] - Test step:20
[INFO ][2016-01-07 19:54:39,547][com.java.SeleniumDriver] [  857] - Datavalue is----------5
[INFO ][2016-01-07 19:54:39,547][com.java.SeleniumDriver] [  881] - DataField : TXTtxtEMail
[INFO ][2016-01-07 19:54:39,547][com.java.SeleniumDriver] [  883] - DataValue : 5
[INFO ][2016-01-07 19:54:39,547][com.java.SeleniumDriver] [  889] - <In Set values of the page>
[INFO ][2016-01-07 19:54:39,547][com.java.SeleniumDriver] [  892] - {Data Fields & Data Values Exist}
[INFO ][2016-01-07 19:54:39,547][com.java.SeleniumDriver] [  894] - --------------------------setting values-----------------------------
[INFO ][2016-01-07 19:54:39,547][com.java.SeleniumDriver] [  897] - Action Type : WaitForElement
[INFO ][2016-01-07 19:54:40,717][com.java.SeleniumDriver] [  906] -  RESULT true
[INFO ][2016-01-07 19:54:40,717][com.java.SeleniumDriver] [ 1112] - ?   P A S S   ?
[INFO ][2016-01-07 19:54:40,717][com.java.SeleniumDriver] [  832] - ------------------------------------------
[INFO ][2016-01-07 19:54:40,717][com.java.SeleniumDriver] [  833] - Test case being Executed: 4
[INFO ][2016-01-07 19:54:40,717][com.java.SeleniumDriver] [  845] - Test step:21
[INFO ][2016-01-07 19:54:40,717][com.java.SeleniumDriver] [  857] - Datavalue is----------vltest.robot@valuelabs.com
[INFO ][2016-01-07 19:54:40,717][com.java.SeleniumDriver] [  881] - DataField : TXTtxtEMail
[INFO ][2016-01-07 19:54:40,717][com.java.SeleniumDriver] [  883] - DataValue : vltest.robot@valuelabs.com
[INFO ][2016-01-07 19:54:40,717][com.java.SeleniumDriver] [  889] - <In Set values of the page>
[INFO ][2016-01-07 19:54:40,717][com.java.SeleniumDriver] [  892] - {Data Fields & Data Values Exist}
[INFO ][2016-01-07 19:54:40,717][com.java.SeleniumDriver] [  894] - --------------------------setting values-----------------------------
[INFO ][2016-01-07 19:54:40,717][com.java.SeleniumDriver] [  897] - Action Type : Enter
[INFO ][2016-01-07 19:54:40,717][com.java.TestType] [ 6696] - field = txtEMail
[INFO ][2016-01-07 19:54:40,717][com.java.TestType] [ 5895] - value = vltest.robot@valuelabs.com
[INFO ][2016-01-07 19:54:42,654][com.java.SeleniumDriver] [  906] -  RESULT true
[INFO ][2016-01-07 19:54:42,654][com.java.SeleniumDriver] [ 1112] - ?   P A S S   ?
[INFO ][2016-01-07 19:54:42,654][com.java.SeleniumDriver] [  832] - ------------------------------------------
[INFO ][2016-01-07 19:54:42,654][com.java.SeleniumDriver] [  833] - Test case being Executed: 4
[INFO ][2016-01-07 19:54:42,654][com.java.SeleniumDriver] [  845] - Test step:22
[INFO ][2016-01-07 19:54:42,654][com.java.SeleniumDriver] [  857] - Datavalue is----------5
[INFO ][2016-01-07 19:54:42,654][com.java.SeleniumDriver] [  881] - DataField : TXTtxtPhone
[INFO ][2016-01-07 19:54:42,654][com.java.SeleniumDriver] [  883] - DataValue : 5
[INFO ][2016-01-07 19:54:42,654][com.java.SeleniumDriver] [  889] - <In Set values of the page>
[INFO ][2016-01-07 19:54:42,654][com.java.SeleniumDriver] [  892] - {Data Fields & Data Values Exist}
[INFO ][2016-01-07 19:54:42,654][com.java.SeleniumDriver] [  894] - --------------------------setting values-----------------------------
[INFO ][2016-01-07 19:54:42,654][com.java.SeleniumDriver] [  897] - Action Type : WaitForElement
[INFO ][2016-01-07 19:54:43,839][com.java.SeleniumDriver] [  906] -  RESULT true
[INFO ][2016-01-07 19:54:43,839][com.java.SeleniumDriver] [ 1112] - ?   P A S S   ?
[INFO ][2016-01-07 19:54:43,839][com.java.SeleniumDriver] [  832] - ------------------------------------------
[INFO ][2016-01-07 19:54:43,839][com.java.SeleniumDriver] [  833] - Test case being Executed: 4
[INFO ][2016-01-07 19:54:43,839][com.java.SeleniumDriver] [  845] - Test step:23
[INFO ][2016-01-07 19:54:43,839][com.java.SeleniumDriver] [  857] - Datavalue is----------12345678901
[INFO ][2016-01-07 19:54:43,839][com.java.SeleniumDriver] [  881] - DataField : TXTtxtPhone
[INFO ][2016-01-07 19:54:43,839][com.java.SeleniumDriver] [  883] - DataValue : 12345678901
[INFO ][2016-01-07 19:54:43,839][com.java.SeleniumDriver] [  889] - <In Set values of the page>
[INFO ][2016-01-07 19:54:43,839][com.java.SeleniumDriver] [  892] - {Data Fields & Data Values Exist}
[INFO ][2016-01-07 19:54:43,839][com.java.SeleniumDriver] [  894] - --------------------------setting values-----------------------------
[INFO ][2016-01-07 19:54:43,839][com.java.SeleniumDriver] [  897] - Action Type : Enter
[INFO ][2016-01-07 19:54:43,839][com.java.TestType] [ 6696] - field = txtPhone
[INFO ][2016-01-07 19:54:43,839][com.java.TestType] [ 5895] - value = 12345678901
[INFO ][2016-01-07 19:54:45,401][com.java.SeleniumDriver] [  906] -  RESULT true
[INFO ][2016-01-07 19:54:45,401][com.java.SeleniumDriver] [ 1112] - ?   P A S S   ?
[INFO ][2016-01-07 19:54:45,401][com.java.SeleniumDriver] [  832] - ------------------------------------------
[INFO ][2016-01-07 19:54:45,401][com.java.SeleniumDriver] [  833] - Test case being Executed: 4
[INFO ][2016-01-07 19:54:45,401][com.java.SeleniumDriver] [  845] - Test step:24
[INFO ][2016-01-07 19:54:45,401][com.java.SeleniumDriver] [  857] - Datavalue is----------5
[INFO ][2016-01-07 19:54:45,401][com.java.SeleniumDriver] [  881] - DataField : TXTtxtPassword
[INFO ][2016-01-07 19:54:45,401][com.java.SeleniumDriver] [  883] - DataValue : 5
[INFO ][2016-01-07 19:54:45,401][com.java.SeleniumDriver] [  889] - <In Set values of the page>
[INFO ][2016-01-07 19:54:45,401][com.java.SeleniumDriver] [  892] - {Data Fields & Data Values Exist}
[INFO ][2016-01-07 19:54:45,401][com.java.SeleniumDriver] [  894] - --------------------------setting values-----------------------------
[INFO ][2016-01-07 19:54:45,401][com.java.SeleniumDriver] [  897] - Action Type : WaitForElement
[INFO ][2016-01-07 19:54:46,587][com.java.SeleniumDriver] [  906] -  RESULT true
[INFO ][2016-01-07 19:54:46,587][com.java.SeleniumDriver] [ 1112] - ?   P A S S   ?
[INFO ][2016-01-07 19:54:46,587][com.java.SeleniumDriver] [  832] - ------------------------------------------
[INFO ][2016-01-07 19:54:46,587][com.java.SeleniumDriver] [  833] - Test case being Executed: 4
[INFO ][2016-01-07 19:54:46,587][com.java.SeleniumDriver] [  845] - Test step:25
[INFO ][2016-01-07 19:54:46,587][com.java.SeleniumDriver] [  857] - Datavalue is----------dt:NewUserPswd
[INFO ][2016-01-07 19:54:46,587][com.java.SeleniumDriver] [  881] - DataField : TXTtxtPassword
[INFO ][2016-01-07 19:54:46,587][com.java.SeleniumDriver] [  883] - DataValue : dt:NewUserPswd
[INFO ][2016-01-07 19:54:46,587][com.java.SeleniumDriver] [  889] - <In Set values of the page>
[INFO ][2016-01-07 19:54:46,587][com.java.SeleniumDriver] [  892] - {Data Fields & Data Values Exist}
[INFO ][2016-01-07 19:54:46,587][com.java.SeleniumDriver] [  894] - --------------------------setting values-----------------------------
[INFO ][2016-01-07 19:54:46,587][com.java.SeleniumDriver] [  897] - Action Type : CLEARANDENTER
[INFO ][2016-01-07 19:54:46,587][com.java.TestType] [ 5895] - value = Password1*
[INFO ][2016-01-07 19:54:49,486][com.java.SeleniumDriver] [  906] -  RESULT true
[INFO ][2016-01-07 19:54:49,486][com.java.SeleniumDriver] [ 1112] - ?   P A S S   ?
[INFO ][2016-01-07 19:54:49,486][com.java.SeleniumDriver] [  832] - ------------------------------------------
[INFO ][2016-01-07 19:54:49,486][com.java.SeleniumDriver] [  833] - Test case being Executed: 4
[INFO ][2016-01-07 19:54:49,486][com.java.SeleniumDriver] [  845] - Test step:26
[INFO ][2016-01-07 19:54:49,486][com.java.SeleniumDriver] [  857] - Datavalue is----------5
[INFO ][2016-01-07 19:54:49,486][com.java.SeleniumDriver] [  881] - DataField : TXTtxtPasswordConfirm
[INFO ][2016-01-07 19:54:49,486][com.java.SeleniumDriver] [  883] - DataValue : 5
[INFO ][2016-01-07 19:54:49,486][com.java.SeleniumDriver] [  889] - <In Set values of the page>
[INFO ][2016-01-07 19:54:49,486][com.java.SeleniumDriver] [  892] - {Data Fields & Data Values Exist}
[INFO ][2016-01-07 19:54:49,486][com.java.SeleniumDriver] [  894] - --------------------------setting values-----------------------------
[INFO ][2016-01-07 19:54:49,486][com.java.SeleniumDriver] [  897] - Action Type : WaitForElement
[INFO ][2016-01-07 19:54:50,672][com.java.SeleniumDriver] [  906] -  RESULT true
[INFO ][2016-01-07 19:54:50,672][com.java.SeleniumDriver] [ 1112] - ?   P A S S   ?
[INFO ][2016-01-07 19:54:50,672][com.java.SeleniumDriver] [  832] - ------------------------------------------
[INFO ][2016-01-07 19:54:50,672][com.java.SeleniumDriver] [  833] - Test case being Executed: 4
[INFO ][2016-01-07 19:54:50,672][com.java.SeleniumDriver] [  845] - Test step:27
[INFO ][2016-01-07 19:54:50,672][com.java.SeleniumDriver] [  857] - Datavalue is----------dt:NewUserPswd
[INFO ][2016-01-07 19:54:50,672][com.java.SeleniumDriver] [  881] - DataField : TXTtxtPasswordConfirm
[INFO ][2016-01-07 19:54:50,672][com.java.SeleniumDriver] [  883] - DataValue : dt:NewUserPswd
[INFO ][2016-01-07 19:54:50,672][com.java.SeleniumDriver] [  889] - <In Set values of the page>
[INFO ][2016-01-07 19:54:50,672][com.java.SeleniumDriver] [  892] - {Data Fields & Data Values Exist}
[INFO ][2016-01-07 19:54:50,672][com.java.SeleniumDriver] [  894] - --------------------------setting values-----------------------------
[INFO ][2016-01-07 19:54:50,672][com.java.SeleniumDriver] [  897] - Action Type : CLEARANDENTER
[INFO ][2016-01-07 19:54:50,672][com.java.TestType] [ 5895] - value = Password1*
[INFO ][2016-01-07 19:54:53,618][com.java.SeleniumDriver] [  906] -  RESULT true
[INFO ][2016-01-07 19:54:53,618][com.java.SeleniumDriver] [ 1112] - ?   P A S S   ?
[INFO ][2016-01-07 19:54:53,618][com.java.SeleniumDriver] [  832] - ------------------------------------------
[INFO ][2016-01-07 19:54:53,618][com.java.SeleniumDriver] [  833] - Test case being Executed: 4
[INFO ][2016-01-07 19:54:53,618][com.java.SeleniumDriver] [  845] - Test step:28
[INFO ][2016-01-07 19:54:53,618][com.java.SeleniumDriver] [  857] - Datavalue is----------5
[INFO ][2016-01-07 19:54:53,618][com.java.SeleniumDriver] [  881] - DataField : test
[INFO ][2016-01-07 19:54:53,618][com.java.SeleniumDriver] [  883] - DataValue : 5
[INFO ][2016-01-07 19:54:53,618][com.java.SeleniumDriver] [  889] - <In Set values of the page>
[INFO ][2016-01-07 19:54:53,618][com.java.SeleniumDriver] [  892] - {Data Fields & Data Values Exist}
[INFO ][2016-01-07 19:54:53,618][com.java.SeleniumDriver] [  894] - --------------------------setting values-----------------------------
[INFO ][2016-01-07 19:54:53,618][com.java.SeleniumDriver] [  897] - Action Type : WaitTime
[DEBUG][2016-01-07 19:54:53,618][com.java.TestType] [ 5715] - sleepTime: 5000
[INFO ][2016-01-07 19:54:58,626][com.java.SeleniumDriver] [  906] -  RESULT true
[INFO ][2016-01-07 19:54:58,626][com.java.SeleniumDriver] [ 1112] - ?   P A S S   ?
[INFO ][2016-01-07 19:54:58,626][com.java.SeleniumDriver] [  832] - ------------------------------------------
[INFO ][2016-01-07 19:54:58,626][com.java.SeleniumDriver] [  833] - Test case being Executed: 4
[INFO ][2016-01-07 19:54:58,626][com.java.SeleniumDriver] [  845] - Test step:29
[INFO ][2016-01-07 19:54:58,626][com.java.SeleniumDriver] [  857] - Datavalue is----------null
[DEBUG][2016-01-07 19:54:58,626][com.java.SeleniumDriver] [  875] - Exception: null
[INFO ][2016-01-07 19:54:58,626][com.java.SeleniumDriver] [  881] - DataField : BTNparent
[INFO ][2016-01-07 19:54:58,626][com.java.SeleniumDriver] [  883] - DataValue : 
[INFO ][2016-01-07 19:54:58,626][com.java.SeleniumDriver] [  889] - <In Set values of the page>
[INFO ][2016-01-07 19:54:58,626][com.java.SeleniumDriver] [  892] - {Data Fields & Data Values Exist}
[INFO ][2016-01-07 19:54:58,626][com.java.SeleniumDriver] [  894] - --------------------------setting values-----------------------------
[INFO ][2016-01-07 19:54:58,626][com.java.SeleniumDriver] [  897] - Action Type : SelectFrame
[INFO ][2016-01-07 19:54:58,627][com.java.SeleniumDriver] [  906] -  RESULT true
[INFO ][2016-01-07 19:54:58,627][com.java.SeleniumDriver] [ 1112] - ?   P A S S   ?
[INFO ][2016-01-07 19:54:58,627][com.java.SeleniumDriver] [  832] - ------------------------------------------
[INFO ][2016-01-07 19:54:58,627][com.java.SeleniumDriver] [  833] - Test case being Executed: 4
[INFO ][2016-01-07 19:54:58,627][com.java.SeleniumDriver] [  845] - Test step:30
[INFO ][2016-01-07 19:54:58,627][com.java.SeleniumDriver] [  857] - Datavalue is----------null
[DEBUG][2016-01-07 19:54:58,627][com.java.SeleniumDriver] [  875] - Exception: null
[INFO ][2016-01-07 19:54:58,627][com.java.SeleniumDriver] [  881] - DataField : XPH//span[contains(text(), 'Finished')]
[INFO ][2016-01-07 19:54:58,627][com.java.SeleniumDriver] [  883] - DataValue : 
[INFO ][2016-01-07 19:54:58,627][com.java.SeleniumDriver] [  889] - <In Set values of the page>
[INFO ][2016-01-07 19:54:58,627][com.java.SeleniumDriver] [  892] - {Data Fields & Data Values Exist}
[INFO ][2016-01-07 19:54:58,627][com.java.SeleniumDriver] [  894] - --------------------------setting values-----------------------------
[INFO ][2016-01-07 19:54:58,627][com.java.SeleniumDriver] [  897] - Action Type : Click
[INFO ][2016-01-07 19:54:58,627][com.java.TestType] [ 6274] - Field ::XPH//span[contains(text(), 'Finished')]
[INFO ][2016-01-07 19:54:58,627][com.java.TestType] [ 5895] - value = 
[INFO ][2016-01-07 19:54:59,657][com.java.TestType] [ 6411] - BEFORE CLICK
[INFO ][2016-01-07 19:55:00,767][com.java.TestType] [ 6419] - Unable to click the object Finished button
[INFO ][2016-01-07 19:55:00,767][com.java.SeleniumDriver] [  906] -  RESULT true
[INFO ][2016-01-07 19:55:00,767][com.java.SeleniumDriver] [ 1112] - ?   P A S S   ?
[INFO ][2016-01-07 19:55:00,767][com.java.SeleniumDriver] [  832] - ------------------------------------------
[INFO ][2016-01-07 19:55:00,767][com.java.SeleniumDriver] [  833] - Test case being Executed: 4
[INFO ][2016-01-07 19:55:00,767][com.java.SeleniumDriver] [  845] - Test step:31
[INFO ][2016-01-07 19:55:00,767][com.java.SeleniumDriver] [  857] - Datavalue is----------5
[INFO ][2016-01-07 19:55:00,767][com.java.SeleniumDriver] [  881] - DataField : test
[INFO ][2016-01-07 19:55:00,767][com.java.SeleniumDriver] [  883] - DataValue : 5
[INFO ][2016-01-07 19:55:00,767][com.java.SeleniumDriver] [  889] - <In Set values of the page>
[INFO ][2016-01-07 19:55:00,767][com.java.SeleniumDriver] [  892] - {Data Fields & Data Values Exist}
[INFO ][2016-01-07 19:55:00,767][com.java.SeleniumDriver] [  894] - --------------------------setting values-----------------------------
[INFO ][2016-01-07 19:55:00,767][com.java.SeleniumDriver] [  897] - Action Type : WaitTime
[DEBUG][2016-01-07 19:55:00,767][com.java.TestType] [ 5715] - sleepTime: 5000
[INFO ][2016-01-07 19:55:05,778][com.java.SeleniumDriver] [  906] -  RESULT true
[INFO ][2016-01-07 19:55:05,778][com.java.SeleniumDriver] [ 1112] - ?   P A S S   ?
[INFO ][2016-01-07 19:55:05,778][com.java.SeleniumDriver] [  832] - ------------------------------------------
[INFO ][2016-01-07 19:55:05,778][com.java.SeleniumDriver] [  833] - Test case being Executed: 4
[INFO ][2016-01-07 19:55:05,778][com.java.SeleniumDriver] [  845] - Test step:32
[INFO ][2016-01-07 19:55:05,778][com.java.SeleniumDriver] [  857] - Datavalue is----------null
[DEBUG][2016-01-07 19:55:05,778][com.java.SeleniumDriver] [  875] - Exception: null
[INFO ][2016-01-07 19:55:05,778][com.java.SeleniumDriver] [  881] - DataField : BTNframeDialogContent
[INFO ][2016-01-07 19:55:05,778][com.java.SeleniumDriver] [  883] - DataValue : 
[INFO ][2016-01-07 19:55:05,778][com.java.SeleniumDriver] [  889] - <In Set values of the page>
[INFO ][2016-01-07 19:55:05,778][com.java.SeleniumDriver] [  892] - {Data Fields & Data Values Exist}
[INFO ][2016-01-07 19:55:05,778][com.java.SeleniumDriver] [  894] - --------------------------setting values-----------------------------
[INFO ][2016-01-07 19:55:05,778][com.java.SeleniumDriver] [  897] - Action Type : SelectFrame
[INFO ][2016-01-07 19:55:07,044][com.java.SeleniumDriver] [  906] -  RESULT true
[INFO ][2016-01-07 19:55:07,044][com.java.SeleniumDriver] [ 1112] - ?   P A S S   ?
[INFO ][2016-01-07 19:55:07,044][com.java.SeleniumDriver] [  832] - ------------------------------------------
[INFO ][2016-01-07 19:55:07,044][com.java.SeleniumDriver] [  833] - Test case being Executed: 4
[INFO ][2016-01-07 19:55:07,044][com.java.SeleniumDriver] [  845] - Test step:33
[INFO ][2016-01-07 19:55:07,044][com.java.SeleniumDriver] [  857] - Datavalue is----------null
[DEBUG][2016-01-07 19:55:07,044][com.java.SeleniumDriver] [  875] - Exception: null
[INFO ][2016-01-07 19:55:07,044][com.java.SeleniumDriver] [  881] - DataField : BTNchkGlobalPrivsUserAdmin
[INFO ][2016-01-07 19:55:07,044][com.java.SeleniumDriver] [  883] - DataValue : 
[INFO ][2016-01-07 19:55:07,044][com.java.SeleniumDriver] [  889] - <In Set values of the page>
[INFO ][2016-01-07 19:55:07,044][com.java.SeleniumDriver] [  892] - {Data Fields & Data Values Exist}
[INFO ][2016-01-07 19:55:07,044][com.java.SeleniumDriver] [  894] - --------------------------setting values-----------------------------
[INFO ][2016-01-07 19:55:07,044][com.java.SeleniumDriver] [  897] - Action Type : Click
[INFO ][2016-01-07 19:55:07,044][com.java.TestType] [ 6274] - Field ::BTNchkGlobalPrivsUserAdmin
[INFO ][2016-01-07 19:55:07,044][com.java.TestType] [ 5895] - value = 
[INFO ][2016-01-07 19:55:08,058][com.java.TestType] [ 6390] - BEFORE CLICK
[INFO ][2016-01-07 19:55:09,478][com.java.TestType] [ 6397] - Unable to click the object User Admin check box
[INFO ][2016-01-07 19:55:09,478][com.java.SeleniumDriver] [  906] -  RESULT true
[INFO ][2016-01-07 19:55:09,478][com.java.SeleniumDriver] [ 1112] - ?   P A S S   ?
[INFO ][2016-01-07 19:55:09,478][com.java.SeleniumDriver] [  832] - ------------------------------------------
[INFO ][2016-01-07 19:55:09,478][com.java.SeleniumDriver] [  833] - Test case being Executed: 4
[INFO ][2016-01-07 19:55:09,478][com.java.SeleniumDriver] [  845] - Test step:34
[INFO ][2016-01-07 19:55:09,478][com.java.SeleniumDriver] [  857] - Datavalue is----------index:4
[INFO ][2016-01-07 19:55:09,478][com.java.SeleniumDriver] [  881] - DataField : COBddlEntityAccess
[INFO ][2016-01-07 19:55:09,478][com.java.SeleniumDriver] [  883] - DataValue : index:4
[INFO ][2016-01-07 19:55:09,478][com.java.SeleniumDriver] [  889] - <In Set values of the page>
[INFO ][2016-01-07 19:55:09,478][com.java.SeleniumDriver] [  892] - {Data Fields & Data Values Exist}
[INFO ][2016-01-07 19:55:09,478][com.java.SeleniumDriver] [  894] - --------------------------setting values-----------------------------
[INFO ][2016-01-07 19:55:09,478][com.java.SeleniumDriver] [  897] - Action Type : select
[INFO ][2016-01-07 19:55:09,478][com.java.TestType] [ 5895] - value = 4
[INFO ][2016-01-07 19:55:10,696][com.java.TestType] [ 6013] -  In COB ddlEntityAccess : 4
[ERROR][2016-01-07 19:55:10,758][com.java.TestType] [ 6160] - Unable to perform Action Select Cannot locate option with index: 4
For documentation on this error, please visit: http://seleniumhq.org/exceptions/no_such_element.html
Build info: version: '2.48.2', revision: '41bccdd', time: '2015-10-09 19:59:12'
System info: host: 'FVTIII438F1D', ip: '172.17.68.34', os.name: 'Windows 7', os.arch: 'x86', os.version: '6.1', java.version: '1.7.0_55'
Driver info: driver.version: SeleniumDriver
[INFO ][2016-01-07 19:55:10,758][com.java.SeleniumDriver] [  906] -  RESULT false
[INFO ][2016-01-07 19:55:10,758][com.java.SeleniumDriver] [  953] - ?   F A I L   ?
[INFO ][2016-01-07 19:55:10,758][com.java.SeleniumDriver] [  961] - Browser Type : IE10
[INFO ][2016-01-07 19:55:10,758][com.java.SeleniumDriver] [  962] - Adding Failed case4
[INFO ][2016-01-07 19:55:11,507][com.java.SeleniumDriver] [ 1076] - failedCases = 4
[ERROR][2016-01-07 19:55:11,507][com.java.SeleniumDriver] [ 1575] - Platform Errors : Our apologies...::We have encountered an issue with your request.::Our apologies?:We encountered an issue with your request.
[INFO ][2016-01-07 19:55:11,507][com.java.SeleniumDriver] [ 1579] - Length =3
[ERROR][2016-01-07 19:55:11,507][com.java.SeleniumDriver] [ 1582] - Error 0 = Our apologies...
[ERROR][2016-01-07 19:55:11,694][com.java.SeleniumDriver] [ 1582] - Error 1 = We have encountered an issue with your request.
[ERROR][2016-01-07 19:55:11,789][com.java.SeleniumDriver] [ 1582] - Error 2 = Our apologies?:We encountered an issue with your request.
[INFO ][2016-01-07 19:55:11,836][com.java.SeleniumDriver] [ 1593] - strError:
[DEBUG][2016-01-07 19:55:11,867][com.java.SeleniumDriver] [ 1224] - Case found
[DEBUG][2016-01-07 19:55:11,867][com.java.SeleniumDriver] [ 1229] - Incrementing ReportCounters[0]:2
[INFO ][2016-01-07 19:55:11,867][com.java.SeleniumDriver] [ 1248] - The results are-------------------[4, 34, Admin: Users: Manage Users: Add User, Fail, 
Test case failed at Step No. :: 34   Error Message ::  Option ::4:: not found in Combo box :: ddlEntityAccess. Screen Shot : D:\BankersDashboard\TestReports\010716\4_010716_195510_IE10.png, Thu Jan 07 19:55:11 IST 2016]
[INFO ][2016-01-07 19:55:11,867][com.java.SeleniumDriver] [ 1252] - End time is-------3 min 11 sec
[INFO ][2016-01-07 19:55:11,867][com.java.SeleniumDriver] [ 1253] - The results are-------------------[4, 34, Admin: Users: Manage Users: Add User, Fail, 
Test case failed at Step No. :: 34   Error Message ::  Option ::4:: not found in Combo box :: ddlEntityAccess. Screen Shot : D:\BankersDashboard\TestReports\010716\4_010716_195510_IE10.png, Thu Jan 07 19:55:11 IST 2016]
[DEBUG][2016-01-07 19:55:11,867][com.java.ImportnExport.ExportTestResultsExcel] [  222] - testResultPath = D:\BankersDashboard/TestReports/Test Results_BankersDashBoard_010716_195202_IE10_First Bank.xls
[DEBUG][2016-01-07 19:55:11,867][com.java.ImportnExport.ExportTestResultsExcel] [  223] - browser is------------IE10
[DEBUG][2016-01-07 19:55:11,867][com.java.ImportnExport.ExportTestResultsExcel] [  270] - result.size() = 6
[DEBUG][2016-01-07 19:55:11,867][com.java.ImportnExport.ExportTestResultsExcel] [  274] - No of rows in sheet=4
[DEBUG][2016-01-07 19:55:11,867][com.java.ImportnExport.ExportTestResultsExcel] [  301] - ..in export..4
[DEBUG][2016-01-07 19:55:11,867][com.java.ImportnExport.ExportTestResultsExcel] [  301] - ..in export..Admin: Users: Manage Users: Add User
[DEBUG][2016-01-07 19:55:11,867][com.java.ImportnExport.ExportTestResultsExcel] [  301] - ..in export..Fail
[DEBUG][2016-01-07 19:55:11,867][com.java.ImportnExport.ExportTestResultsExcel] [  301] - ..in export..
Test case failed at Step No. :: 34   Error Message ::  Option ::4:: not found in Combo box :: ddlEntityAccess. Screen Shot : D:\BankersDashboard\TestReports\010716\4_010716_195510_IE10.png
[DEBUG][2016-01-07 19:55:11,867][com.java.ImportnExport.ExportTestResultsExcel] [  301] - ..in export..Thu Jan 07 19:55:11 IST 2016
[INFO ][2016-01-07 19:55:11,867][com.java.SeleniumDriver] [ 1313] - out loop:3 size:7 TestCases:[1, 2, 3, 4, 5, 6, 7] testcases:[1, 2, 3, 4, 5, 6, 7]
[INFO ][2016-01-07 19:55:11,867][com.java.ImportnExport.ImportTestDataDetailsExcel] [   49] - test data details path===== D:\BankersDashboard\TestInputs\TestData.xls
[INFO ][2016-01-07 19:55:34,186][com.java.SeleniumDriver] [  832] - ------------------------------------------
[INFO ][2016-01-07 19:55:34,186][com.java.SeleniumDriver] [  833] - Test case being Executed: 5
[INFO ][2016-01-07 19:55:34,186][com.java.SeleniumDriver] [  845] - Test step:1
[INFO ][2016-01-07 19:55:34,186][com.java.SeleniumDriver] [  857] - Datavalue is----------Logout
[INFO ][2016-01-07 19:55:34,186][com.java.SeleniumDriver] [  881] - DataField : BTN
[INFO ][2016-01-07 19:55:34,186][com.java.SeleniumDriver] [  883] - DataValue : Logout
[INFO ][2016-01-07 19:55:34,186][com.java.SeleniumDriver] [  889] - <In Set values of the page>
[INFO ][2016-01-07 19:55:34,186][com.java.SeleniumDriver] [  892] - {Data Fields & Data Values Exist}
[INFO ][2016-01-07 19:55:34,186][com.java.SeleniumDriver] [  894] - --------------------------setting values-----------------------------
[INFO ][2016-01-07 19:55:34,186][com.java.SeleniumDriver] [  897] - Action Type : Verify
[INFO ][2016-01-07 19:55:34,186][com.java.TestType] [ 7269] - field= BTN value= Logout
[INFO ][2016-01-07 19:55:34,186][com.java.TestType] [ 5895] - value = Logout
[INFO ][2016-01-07 19:55:34,280][com.java.SeleniumDriver] [  906] -  RESULT true
[INFO ][2016-01-07 19:55:34,280][com.java.SeleniumDriver] [ 1112] - ?   P A S S   ?
[INFO ][2016-01-07 19:55:34,280][com.java.SeleniumDriver] [ 1154] - step change to 3
[INFO ][2016-01-07 19:55:34,280][com.java.SeleniumDriver] [  832] - ------------------------------------------
[INFO ][2016-01-07 19:55:34,280][com.java.SeleniumDriver] [  833] - Test case being Executed: 5
[INFO ][2016-01-07 19:55:34,280][com.java.SeleniumDriver] [  845] - Test step:3
[INFO ][2016-01-07 19:55:34,280][com.java.SeleniumDriver] [  857] - Datavalue is----------null
[DEBUG][2016-01-07 19:55:34,280][com.java.SeleniumDriver] [  875] - Exception: null
[INFO ][2016-01-07 19:55:34,280][com.java.SeleniumDriver] [  881] - DataField : //span[@class='icon-stack']&&//a[@data-id="SetupPackage"]
[INFO ][2016-01-07 19:55:34,280][com.java.SeleniumDriver] [  883] - DataValue : 
[INFO ][2016-01-07 19:55:34,280][com.java.SeleniumDriver] [  889] - <In Set values of the page>
[INFO ][2016-01-07 19:55:34,280][com.java.SeleniumDriver] [  892] - {Data Fields & Data Values Exist}
[INFO ][2016-01-07 19:55:34,280][com.java.SeleniumDriver] [  894] - --------------------------setting values-----------------------------
[INFO ][2016-01-07 19:55:34,280][com.java.SeleniumDriver] [  897] - Action Type : MOUSEOVER
[INFO ][2016-01-07 19:55:57,357][com.java.SeleniumDriver] [  906] -  RESULT true
[INFO ][2016-01-07 19:55:57,357][com.java.SeleniumDriver] [ 1112] - ?   P A S S   ?
[INFO ][2016-01-07 19:55:57,357][com.java.SeleniumDriver] [  832] - ------------------------------------------
[INFO ][2016-01-07 19:55:57,357][com.java.SeleniumDriver] [  833] - Test case being Executed: 5
[INFO ][2016-01-07 19:55:57,357][com.java.SeleniumDriver] [  845] - Test step:4
[INFO ][2016-01-07 19:55:57,357][com.java.SeleniumDriver] [  857] - Datavalue is----------3
[INFO ][2016-01-07 19:55:57,357][com.java.SeleniumDriver] [  881] - DataField : XPH//img[@id='loading']
[INFO ][2016-01-07 19:55:57,357][com.java.SeleniumDriver] [  883] - DataValue : 3
[INFO ][2016-01-07 19:55:57,357][com.java.SeleniumDriver] [  889] - <In Set values of the page>
[INFO ][2016-01-07 19:55:57,357][com.java.SeleniumDriver] [  892] - {Data Fields & Data Values Exist}
[INFO ][2016-01-07 19:55:57,357][com.java.SeleniumDriver] [  894] - --------------------------setting values-----------------------------
[INFO ][2016-01-07 19:55:57,357][com.java.SeleniumDriver] [  897] - Action Type : WAITFORELEMENT
[INFO ][2016-01-07 19:55:57,389][com.java.SeleniumDriver] [  906] -  RESULT true
[INFO ][2016-01-07 19:55:57,389][com.java.SeleniumDriver] [ 1112] - ?   P A S S   ?
[INFO ][2016-01-07 19:55:57,389][com.java.SeleniumDriver] [  832] - ------------------------------------------
[INFO ][2016-01-07 19:55:57,389][com.java.SeleniumDriver] [  833] - Test case being Executed: 5
[INFO ][2016-01-07 19:55:57,389][com.java.SeleniumDriver] [  845] - Test step:5
[INFO ][2016-01-07 19:55:57,389][com.java.SeleniumDriver] [  857] - Datavalue is----------240
[INFO ][2016-01-07 19:55:57,389][com.java.SeleniumDriver] [  881] - DataField : XPH//img[@id='loading']
[INFO ][2016-01-07 19:55:57,389][com.java.SeleniumDriver] [  883] - DataValue : 240
[INFO ][2016-01-07 19:55:57,389][com.java.SeleniumDriver] [  889] - <In Set values of the page>
[INFO ][2016-01-07 19:55:57,389][com.java.SeleniumDriver] [  892] - {Data Fields & Data Values Exist}
[INFO ][2016-01-07 19:55:57,389][com.java.SeleniumDriver] [  894] - --------------------------setting values-----------------------------
[INFO ][2016-01-07 19:55:57,389][com.java.SeleniumDriver] [  897] - Action Type : WAITFORELEMENTNOTPRESENT
[INFO ][2016-01-07 19:55:57,498][com.java.SeleniumDriver] [  906] -  RESULT true
[INFO ][2016-01-07 19:55:57,498][com.java.SeleniumDriver] [ 1112] - ?   P A S S   ?
[INFO ][2016-01-07 19:55:57,498][com.java.SeleniumDriver] [  832] - ------------------------------------------
[INFO ][2016-01-07 19:55:57,498][com.java.SeleniumDriver] [  833] - Test case being Executed: 5
[INFO ][2016-01-07 19:55:57,498][com.java.SeleniumDriver] [  845] - Test step:6
[INFO ][2016-01-07 19:55:57,498][com.java.SeleniumDriver] [  857] - Datavalue is----------Set Up Report Packages
[INFO ][2016-01-07 19:55:57,498][com.java.SeleniumDriver] [  881] - DataField : XPH//span[contains(text(),'Set Up Report Packages')]
[INFO ][2016-01-07 19:55:57,498][com.java.SeleniumDriver] [  883] - DataValue : Set Up Report Packages
[INFO ][2016-01-07 19:55:57,498][com.java.SeleniumDriver] [  889] - <In Set values of the page>
[INFO ][2016-01-07 19:55:57,498][com.java.SeleniumDriver] [  892] - {Data Fields & Data Values Exist}
[INFO ][2016-01-07 19:55:57,498][com.java.SeleniumDriver] [  894] - --------------------------setting values-----------------------------
[INFO ][2016-01-07 19:55:57,498][com.java.SeleniumDriver] [  897] - Action Type : VERIFY
[INFO ][2016-01-07 19:55:57,498][com.java.TestType] [ 7269] - field= XPH//span[contains(text(),'Set Up Report Packages')] value= Set Up Report Packages
[INFO ][2016-01-07 19:55:57,498][com.java.TestType] [ 5895] - value = Set Up Report Packages
[INFO ][2016-01-07 19:55:57,654][com.java.SeleniumDriver] [  906] -  RESULT true
[INFO ][2016-01-07 19:55:57,654][com.java.SeleniumDriver] [ 1112] - ?   P A S S   ?
[INFO ][2016-01-07 19:55:57,654][com.java.SeleniumDriver] [  832] - ------------------------------------------
[INFO ][2016-01-07 19:55:57,654][com.java.SeleniumDriver] [  833] - Test case being Executed: 5
[INFO ][2016-01-07 19:55:57,654][com.java.SeleniumDriver] [  845] - Test step:7
[INFO ][2016-01-07 19:55:57,654][com.java.SeleniumDriver] [  857] - Datavalue is----------null
[DEBUG][2016-01-07 19:55:57,654][com.java.SeleniumDriver] [  875] - Exception: null
[INFO ][2016-01-07 19:55:57,654][com.java.SeleniumDriver] [  881] - DataField : BTNframeDialogContent
[INFO ][2016-01-07 19:55:57,654][com.java.SeleniumDriver] [  883] - DataValue : 
[INFO ][2016-01-07 19:55:57,654][com.java.SeleniumDriver] [  889] - <In Set values of the page>
[INFO ][2016-01-07 19:55:57,654][com.java.SeleniumDriver] [  892] - {Data Fields & Data Values Exist}
[INFO ][2016-01-07 19:55:57,654][com.java.SeleniumDriver] [  894] - --------------------------setting values-----------------------------
[INFO ][2016-01-07 19:55:57,654][com.java.SeleniumDriver] [  897] - Action Type : SELECTFRAME
[INFO ][2016-01-07 19:55:58,919][com.java.SeleniumDriver] [  906] -  RESULT true
[INFO ][2016-01-07 19:55:58,919][com.java.SeleniumDriver] [ 1112] - ?   P A S S   ?
[INFO ][2016-01-07 19:55:58,919][com.java.SeleniumDriver] [  832] - ------------------------------------------
[INFO ][2016-01-07 19:55:58,919][com.java.SeleniumDriver] [  833] - Test case being Executed: 5
[INFO ][2016-01-07 19:55:58,919][com.java.SeleniumDriver] [  845] - Test step:8
[INFO ][2016-01-07 19:55:58,919][com.java.SeleniumDriver] [  857] - Datavalue is----------index:1
[INFO ][2016-01-07 19:55:58,919][com.java.SeleniumDriver] [  881] - DataField : COB//select[@action='goToPackage']
[INFO ][2016-01-07 19:55:58,919][com.java.SeleniumDriver] [  883] - DataValue : index:1
[INFO ][2016-01-07 19:55:58,919][com.java.SeleniumDriver] [  889] - <In Set values of the page>
[INFO ][2016-01-07 19:55:58,919][com.java.SeleniumDriver] [  892] - {Data Fields & Data Values Exist}
[INFO ][2016-01-07 19:55:58,919][com.java.SeleniumDriver] [  894] - --------------------------setting values-----------------------------
[INFO ][2016-01-07 19:55:58,919][com.java.SeleniumDriver] [  897] - Action Type : SELECT
[INFO ][2016-01-07 19:55:58,919][com.java.TestType] [ 5895] - value = 1
[INFO ][2016-01-07 19:55:58,997][com.java.TestType] [ 6013] -  In COB //select[@action='goToPackage'] : 1
[INFO ][2016-01-07 19:56:02,210][com.java.SeleniumDriver] [  906] -  RESULT true
[INFO ][2016-01-07 19:56:02,210][com.java.SeleniumDriver] [ 1112] - ?   P A S S   ?
[INFO ][2016-01-07 19:56:02,210][com.java.SeleniumDriver] [  832] - ------------------------------------------
[INFO ][2016-01-07 19:56:02,210][com.java.SeleniumDriver] [  833] - Test case being Executed: 5
[INFO ][2016-01-07 19:56:02,210][com.java.SeleniumDriver] [  845] - Test step:9
[INFO ][2016-01-07 19:56:02,210][com.java.SeleniumDriver] [  857] - Datavalue is----------5
[INFO ][2016-01-07 19:56:02,210][com.java.SeleniumDriver] [  881] - DataField : null
[INFO ][2016-01-07 19:56:02,210][com.java.SeleniumDriver] [  883] - DataValue : 5
[INFO ][2016-01-07 19:56:02,210][com.java.SeleniumDriver] [  889] - <In Set values of the page>
[INFO ][2016-01-07 19:56:02,210][com.java.SeleniumDriver] [  892] - {Data Fields & Data Values Exist}
[INFO ][2016-01-07 19:56:02,210][com.java.SeleniumDriver] [  894] - --------------------------setting values-----------------------------
[INFO ][2016-01-07 19:56:02,210][com.java.SeleniumDriver] [  897] - Action Type : WAITTIME
[DEBUG][2016-01-07 19:56:02,210][com.java.TestType] [ 5715] - sleepTime: 5000
[INFO ][2016-01-07 19:56:07,221][com.java.SeleniumDriver] [  906] -  RESULT true
[INFO ][2016-01-07 19:56:07,221][com.java.SeleniumDriver] [ 1112] - ?   P A S S   ?
[INFO ][2016-01-07 19:56:07,221][com.java.SeleniumDriver] [  832] - ------------------------------------------
[INFO ][2016-01-07 19:56:07,221][com.java.SeleniumDriver] [  833] - Test case being Executed: 5
[INFO ][2016-01-07 19:56:07,221][com.java.SeleniumDriver] [  845] - Test step:10
[INFO ][2016-01-07 19:56:07,221][com.java.SeleniumDriver] [  857] - Datavalue is----------index:1
[INFO ][2016-01-07 19:56:07,221][com.java.SeleniumDriver] [  881] - DataField : COB//select[@action="goToNewReport"]
[INFO ][2016-01-07 19:56:07,221][com.java.SeleniumDriver] [  883] - DataValue : index:1
[INFO ][2016-01-07 19:56:07,221][com.java.SeleniumDriver] [  889] - <In Set values of the page>
[INFO ][2016-01-07 19:56:07,221][com.java.SeleniumDriver] [  892] - {Data Fields & Data Values Exist}
[INFO ][2016-01-07 19:56:07,221][com.java.SeleniumDriver] [  894] - --------------------------setting values-----------------------------
[INFO ][2016-01-07 19:56:07,221][com.java.SeleniumDriver] [  897] - Action Type : SELECT
[INFO ][2016-01-07 19:56:07,221][com.java.TestType] [ 5895] - value = 1
[INFO ][2016-01-07 19:56:07,331][com.java.TestType] [ 6013] -  In COB //select[@action="goToNewReport"] : 1
[INFO ][2016-01-07 19:56:10,560][com.java.SeleniumDriver] [  906] -  RESULT true
[INFO ][2016-01-07 19:56:10,560][com.java.SeleniumDriver] [ 1112] - ?   P A S S   ?
[INFO ][2016-01-07 19:56:10,560][com.java.SeleniumDriver] [  832] - ------------------------------------------
[INFO ][2016-01-07 19:56:10,560][com.java.SeleniumDriver] [  833] - Test case being Executed: 5
[INFO ][2016-01-07 19:56:10,560][com.java.SeleniumDriver] [  845] - Test step:11
[INFO ][2016-01-07 19:56:10,560][com.java.SeleniumDriver] [  857] - Datavalue is----------5
[INFO ][2016-01-07 19:56:10,560][com.java.SeleniumDriver] [  881] - DataField : null
[INFO ][2016-01-07 19:56:10,560][com.java.SeleniumDriver] [  883] - DataValue : 5
[INFO ][2016-01-07 19:56:10,560][com.java.SeleniumDriver] [  889] - <In Set values of the page>
[INFO ][2016-01-07 19:56:10,560][com.java.SeleniumDriver] [  892] - {Data Fields & Data Values Exist}
[INFO ][2016-01-07 19:56:10,560][com.java.SeleniumDriver] [  894] - --------------------------setting values-----------------------------
[INFO ][2016-01-07 19:56:10,560][com.java.SeleniumDriver] [  897] - Action Type : WAITTIME
[DEBUG][2016-01-07 19:56:10,560][com.java.TestType] [ 5715] - sleepTime: 5000
[INFO ][2016-01-07 19:56:15,569][com.java.SeleniumDriver] [  906] -  RESULT true
[INFO ][2016-01-07 19:56:15,569][com.java.SeleniumDriver] [ 1112] - ?   P A S S   ?
[INFO ][2016-01-07 19:56:15,569][com.java.SeleniumDriver] [  832] - ------------------------------------------
[INFO ][2016-01-07 19:56:15,569][com.java.SeleniumDriver] [  833] - Test case being Executed: 5
[INFO ][2016-01-07 19:56:15,569][com.java.SeleniumDriver] [  845] - Test step:12
[INFO ][2016-01-07 19:56:15,569][com.java.SeleniumDriver] [  857] - Datavalue is----------null
[DEBUG][2016-01-07 19:56:15,569][com.java.SeleniumDriver] [  875] - Exception: null
[INFO ][2016-01-07 19:56:15,569][com.java.SeleniumDriver] [  881] - DataField : XPH//input[@value="Executive Summary"]
[INFO ][2016-01-07 19:56:15,569][com.java.SeleniumDriver] [  883] - DataValue : 
[INFO ][2016-01-07 19:56:15,569][com.java.SeleniumDriver] [  889] - <In Set values of the page>
[INFO ][2016-01-07 19:56:15,569][com.java.SeleniumDriver] [  892] - {Data Fields & Data Values Exist}
[INFO ][2016-01-07 19:56:15,569][com.java.SeleniumDriver] [  894] - --------------------------setting values-----------------------------
[INFO ][2016-01-07 19:56:15,569][com.java.SeleniumDriver] [  897] - Action Type : CLICK
[INFO ][2016-01-07 19:56:15,569][com.java.TestType] [ 6274] - Field ::XPH//input[@value="Executive Summary"]
[INFO ][2016-01-07 19:56:15,569][com.java.TestType] [ 5895] - value = 
[INFO ][2016-01-07 19:56:16,584][com.java.TestType] [ 6411] - BEFORE CLICK
[INFO ][2016-01-07 19:56:17,520][com.java.TestType] [ 6419] - Unable to click the object Report Name
[INFO ][2016-01-07 19:56:17,520][com.java.SeleniumDriver] [  906] -  RESULT true
[INFO ][2016-01-07 19:56:17,520][com.java.SeleniumDriver] [ 1112] - ?   P A S S   ?
[INFO ][2016-01-07 19:56:17,520][com.java.SeleniumDriver] [  832] - ------------------------------------------
[INFO ][2016-01-07 19:56:17,520][com.java.SeleniumDriver] [  833] - Test case being Executed: 5
[INFO ][2016-01-07 19:56:17,520][com.java.SeleniumDriver] [  845] - Test step:13
[INFO ][2016-01-07 19:56:17,520][com.java.SeleniumDriver] [  857] - Datavalue is----------VL-Summary123
[INFO ][2016-01-07 19:56:17,520][com.java.SeleniumDriver] [  881] - DataField : TXT//input[@value="Executive Summary"]
[INFO ][2016-01-07 19:56:17,520][com.java.SeleniumDriver] [  883] - DataValue : VL-Summary123
[INFO ][2016-01-07 19:56:17,520][com.java.SeleniumDriver] [  889] - <In Set values of the page>
[INFO ][2016-01-07 19:56:17,520][com.java.SeleniumDriver] [  892] - {Data Fields & Data Values Exist}
[INFO ][2016-01-07 19:56:17,520][com.java.SeleniumDriver] [  894] - --------------------------setting values-----------------------------
[INFO ][2016-01-07 19:56:17,520][com.java.SeleniumDriver] [  897] - Action Type : CLEARANDENTER
[INFO ][2016-01-07 19:56:17,520][com.java.TestType] [ 5895] - value = VL-Summary123
[INFO ][2016-01-07 19:56:18,332][com.java.SeleniumDriver] [  906] -  RESULT true
[INFO ][2016-01-07 19:56:18,332][com.java.SeleniumDriver] [ 1112] - ?   P A S S   ?
[INFO ][2016-01-07 19:56:18,332][com.java.SeleniumDriver] [  832] - ------------------------------------------
[INFO ][2016-01-07 19:56:18,332][com.java.SeleniumDriver] [  833] - Test case being Executed: 5
[INFO ][2016-01-07 19:56:18,332][com.java.SeleniumDriver] [  845] - Test step:14
[INFO ][2016-01-07 19:56:18,332][com.java.SeleniumDriver] [  857] - Datavalue is----------index:2
[INFO ][2016-01-07 19:56:18,332][com.java.SeleniumDriver] [  881] - DataField : COB//td[@colspan='2']/select
[INFO ][2016-01-07 19:56:18,332][com.java.SeleniumDriver] [  883] - DataValue : index:2
[INFO ][2016-01-07 19:56:18,332][com.java.SeleniumDriver] [  889] - <In Set values of the page>
[INFO ][2016-01-07 19:56:18,332][com.java.SeleniumDriver] [  892] - {Data Fields & Data Values Exist}
[INFO ][2016-01-07 19:56:18,332][com.java.SeleniumDriver] [  894] - --------------------------setting values-----------------------------
[INFO ][2016-01-07 19:56:18,332][com.java.SeleniumDriver] [  897] - Action Type : SELECT
[INFO ][2016-01-07 19:56:18,332][com.java.TestType] [ 5895] - value = 2
[INFO ][2016-01-07 19:56:18,410][com.java.TestType] [ 6013] -  In COB //td[@colspan='2']/select : 2
[INFO ][2016-01-07 19:56:18,987][com.java.SeleniumDriver] [  906] -  RESULT true
[INFO ][2016-01-07 19:56:18,987][com.java.SeleniumDriver] [ 1112] - ?   P A S S   ?
[INFO ][2016-01-07 19:56:18,987][com.java.SeleniumDriver] [  832] - ------------------------------------------
[INFO ][2016-01-07 19:56:18,987][com.java.SeleniumDriver] [  833] - Test case being Executed: 5
[INFO ][2016-01-07 19:56:18,987][com.java.SeleniumDriver] [  845] - Test step:15
[INFO ][2016-01-07 19:56:18,987][com.java.SeleniumDriver] [  857] - Datavalue is----------5
[INFO ][2016-01-07 19:56:18,987][com.java.SeleniumDriver] [  881] - DataField : null
[INFO ][2016-01-07 19:56:18,987][com.java.SeleniumDriver] [  883] - DataValue : 5
[INFO ][2016-01-07 19:56:18,987][com.java.SeleniumDriver] [  889] - <In Set values of the page>
[INFO ][2016-01-07 19:56:18,987][com.java.SeleniumDriver] [  892] - {Data Fields & Data Values Exist}
[INFO ][2016-01-07 19:56:18,987][com.java.SeleniumDriver] [  894] - --------------------------setting values-----------------------------
[INFO ][2016-01-07 19:56:18,987][com.java.SeleniumDriver] [  897] - Action Type : WAITTIME
[DEBUG][2016-01-07 19:56:18,987][com.java.TestType] [ 5715] - sleepTime: 5000
[INFO ][2016-01-07 19:56:23,996][com.java.SeleniumDriver] [  906] -  RESULT true
[INFO ][2016-01-07 19:56:23,996][com.java.SeleniumDriver] [ 1112] - ?   P A S S   ?
[INFO ][2016-01-07 19:56:23,996][com.java.SeleniumDriver] [  832] - ------------------------------------------
[INFO ][2016-01-07 19:56:23,996][com.java.SeleniumDriver] [  833] - Test case being Executed: 5
[INFO ][2016-01-07 19:56:23,996][com.java.SeleniumDriver] [  845] - Test step:16
[INFO ][2016-01-07 19:56:23,996][com.java.SeleniumDriver] [  857] - Datavalue is----------null
[DEBUG][2016-01-07 19:56:23,996][com.java.SeleniumDriver] [  875] - Exception: null
[INFO ][2016-01-07 19:56:23,996][com.java.SeleniumDriver] [  881] - DataField : XPH//span[contains(text(),'Save')]
[INFO ][2016-01-07 19:56:23,996][com.java.SeleniumDriver] [  883] - DataValue : 
[INFO ][2016-01-07 19:56:23,996][com.java.SeleniumDriver] [  889] - <In Set values of the page>
[INFO ][2016-01-07 19:56:23,996][com.java.SeleniumDriver] [  892] - {Data Fields & Data Values Exist}
[INFO ][2016-01-07 19:56:23,996][com.java.SeleniumDriver] [  894] - --------------------------setting values-----------------------------
[INFO ][2016-01-07 19:56:23,996][com.java.SeleniumDriver] [  897] - Action Type : CLICK
[INFO ][2016-01-07 19:56:23,996][com.java.TestType] [ 6274] - Field ::XPH//span[contains(text(),'Save')]
[INFO ][2016-01-07 19:56:23,996][com.java.TestType] [ 5895] - value = 
[INFO ][2016-01-07 19:56:25,011][com.java.TestType] [ 6411] - BEFORE CLICK
[INFO ][2016-01-07 19:56:25,978][com.java.TestType] [ 6419] - Unable to click the object Save Button
[INFO ][2016-01-07 19:56:25,978][com.java.SeleniumDriver] [  906] -  RESULT true
[INFO ][2016-01-07 19:56:25,978][com.java.SeleniumDriver] [ 1112] - ?   P A S S   ?
[INFO ][2016-01-07 19:56:25,978][com.java.SeleniumDriver] [  832] - ------------------------------------------
[INFO ][2016-01-07 19:56:25,978][com.java.SeleniumDriver] [  833] - Test case being Executed: 5
[INFO ][2016-01-07 19:56:25,978][com.java.SeleniumDriver] [  845] - Test step:17
[INFO ][2016-01-07 19:56:25,978][com.java.SeleniumDriver] [  857] - Datavalue is----------5
[INFO ][2016-01-07 19:56:25,978][com.java.SeleniumDriver] [  881] - DataField : null
[INFO ][2016-01-07 19:56:25,978][com.java.SeleniumDriver] [  883] - DataValue : 5
[INFO ][2016-01-07 19:56:25,978][com.java.SeleniumDriver] [  889] - <In Set values of the page>
[INFO ][2016-01-07 19:56:25,978][com.java.SeleniumDriver] [  892] - {Data Fields & Data Values Exist}
[INFO ][2016-01-07 19:56:25,978][com.java.SeleniumDriver] [  894] - --------------------------setting values-----------------------------
[INFO ][2016-01-07 19:56:25,978][com.java.SeleniumDriver] [  897] - Action Type : WAITTIME
[DEBUG][2016-01-07 19:56:25,978][com.java.TestType] [ 5715] - sleepTime: 5000
[INFO ][2016-01-07 19:56:30,987][com.java.SeleniumDriver] [  906] -  RESULT true
[INFO ][2016-01-07 19:56:30,987][com.java.SeleniumDriver] [ 1112] - ?   P A S S   ?
[INFO ][2016-01-07 19:56:30,987][com.java.SeleniumDriver] [  832] - ------------------------------------------
[INFO ][2016-01-07 19:56:30,987][com.java.SeleniumDriver] [  833] - Test case being Executed: 5
[INFO ][2016-01-07 19:56:30,987][com.java.SeleniumDriver] [  845] - Test step:18
[INFO ][2016-01-07 19:56:30,987][com.java.SeleniumDriver] [  857] - Datavalue is----------null
[DEBUG][2016-01-07 19:56:30,987][com.java.SeleniumDriver] [  875] - Exception: null
[INFO ][2016-01-07 19:56:30,987][com.java.SeleniumDriver] [  881] - DataField : XPH//span[contains(text(), 'Finished')]
[INFO ][2016-01-07 19:56:30,987][com.java.SeleniumDriver] [  883] - DataValue : 
[INFO ][2016-01-07 19:56:30,987][com.java.SeleniumDriver] [  889] - <In Set values of the page>
[INFO ][2016-01-07 19:56:30,987][com.java.SeleniumDriver] [  892] - {Data Fields & Data Values Exist}
[INFO ][2016-01-07 19:56:30,987][com.java.SeleniumDriver] [  894] - --------------------------setting values-----------------------------
[INFO ][2016-01-07 19:56:30,987][com.java.SeleniumDriver] [  897] - Action Type : CLICK
[INFO ][2016-01-07 19:56:30,987][com.java.TestType] [ 6274] - Field ::XPH//span[contains(text(), 'Finished')]
[INFO ][2016-01-07 19:56:30,987][com.java.TestType] [ 5895] - value = 
[INFO ][2016-01-07 19:56:32,002][com.java.TestType] [ 6411] - BEFORE CLICK
[INFO ][2016-01-07 19:56:32,861][com.java.TestType] [ 6419] - Unable to click the object Finished button
[INFO ][2016-01-07 19:56:32,861][com.java.SeleniumDriver] [  906] -  RESULT true
[INFO ][2016-01-07 19:56:32,861][com.java.SeleniumDriver] [ 1112] - ?   P A S S   ?
[INFO ][2016-01-07 19:56:32,861][com.java.SeleniumDriver] [  832] - ------------------------------------------
[INFO ][2016-01-07 19:56:32,861][com.java.SeleniumDriver] [  833] - Test case being Executed: 5
[INFO ][2016-01-07 19:56:32,861][com.java.SeleniumDriver] [  845] - Test step:19
[INFO ][2016-01-07 19:56:32,861][com.java.SeleniumDriver] [  857] - Datavalue is----------5
[INFO ][2016-01-07 19:56:32,861][com.java.SeleniumDriver] [  881] - DataField : null
[INFO ][2016-01-07 19:56:32,861][com.java.SeleniumDriver] [  883] - DataValue : 5
[INFO ][2016-01-07 19:56:32,861][com.java.SeleniumDriver] [  889] - <In Set values of the page>
[INFO ][2016-01-07 19:56:32,861][com.java.SeleniumDriver] [  892] - {Data Fields & Data Values Exist}
[INFO ][2016-01-07 19:56:32,861][com.java.SeleniumDriver] [  894] - --------------------------setting values-----------------------------
[INFO ][2016-01-07 19:56:32,861][com.java.SeleniumDriver] [  897] - Action Type : WAITTIME
[DEBUG][2016-01-07 19:56:32,861][com.java.TestType] [ 5715] - sleepTime: 5000
[INFO ][2016-01-07 19:56:37,869][com.java.SeleniumDriver] [  906] -  RESULT true
[INFO ][2016-01-07 19:56:37,869][com.java.SeleniumDriver] [ 1112] - ?   P A S S   ?
[INFO ][2016-01-07 19:56:37,869][com.java.SeleniumDriver] [  832] - ------------------------------------------
[INFO ][2016-01-07 19:56:37,869][com.java.SeleniumDriver] [  833] - Test case being Executed: 5
[INFO ][2016-01-07 19:56:37,869][com.java.SeleniumDriver] [  845] - Test step:20
[INFO ][2016-01-07 19:56:37,869][com.java.SeleniumDriver] [  857] - Datavalue is----------null
[DEBUG][2016-01-07 19:56:37,869][com.java.SeleniumDriver] [  875] - Exception: null
[INFO ][2016-01-07 19:56:37,869][com.java.SeleniumDriver] [  881] - DataField : BTNparent
[INFO ][2016-01-07 19:56:37,869][com.java.SeleniumDriver] [  883] - DataValue : 
[INFO ][2016-01-07 19:56:37,869][com.java.SeleniumDriver] [  889] - <In Set values of the page>
[INFO ][2016-01-07 19:56:37,869][com.java.SeleniumDriver] [  892] - {Data Fields & Data Values Exist}
[INFO ][2016-01-07 19:56:37,869][com.java.SeleniumDriver] [  894] - --------------------------setting values-----------------------------
[INFO ][2016-01-07 19:56:37,869][com.java.SeleniumDriver] [  897] - Action Type : SELECTFRAME
[INFO ][2016-01-07 19:56:37,870][com.java.SeleniumDriver] [  906] -  RESULT true
[INFO ][2016-01-07 19:56:37,870][com.java.SeleniumDriver] [ 1112] - ?   P A S S   ?
[INFO ][2016-01-07 19:56:37,870][com.java.SeleniumDriver] [  832] - ------------------------------------------
[INFO ][2016-01-07 19:56:37,870][com.java.SeleniumDriver] [  833] - Test case being Executed: 5
[INFO ][2016-01-07 19:56:37,870][com.java.SeleniumDriver] [  845] - Test step:21
[INFO ][2016-01-07 19:56:37,870][com.java.SeleniumDriver] [  857] - Datavalue is----------null
[DEBUG][2016-01-07 19:56:37,870][com.java.SeleniumDriver] [  875] - Exception: null
[INFO ][2016-01-07 19:56:37,870][com.java.SeleniumDriver] [  881] - DataField : BTNcloseAllTabs
[INFO ][2016-01-07 19:56:37,870][com.java.SeleniumDriver] [  883] - DataValue : 
[INFO ][2016-01-07 19:56:37,870][com.java.SeleniumDriver] [  889] - <In Set values of the page>
[INFO ][2016-01-07 19:56:37,870][com.java.SeleniumDriver] [  892] - {Data Fields & Data Values Exist}
[INFO ][2016-01-07 19:56:37,870][com.java.SeleniumDriver] [  894] - --------------------------setting values-----------------------------
[INFO ][2016-01-07 19:56:37,870][com.java.SeleniumDriver] [  897] - Action Type : CLICK
[INFO ][2016-01-07 19:56:37,870][com.java.TestType] [ 6274] - Field ::BTNcloseAllTabs
[INFO ][2016-01-07 19:56:37,870][com.java.TestType] [ 5895] - value = 
[INFO ][2016-01-07 19:56:38,900][com.java.TestType] [ 6390] - BEFORE CLICK
