[INFO ][2015-12-21 17:29:12,208][com.java.SeleniumDriver] [  213] - Execute Failed Casesfalse
[INFO ][2015-12-21 17:29:12,209][com.java.SeleniumDriver] [  214] - Browser: IE10
[INFO ][2015-12-21 17:29:12,209][com.java.SeleniumDriver] [  215] - [1, 26]
[INFO ][2015-12-21 17:29:12,209][com.java.SeleniumDriver] [  216] - Total TestCases:2
[INFO ][2015-12-21 17:29:12,209][com.java.SeleniumDriver] [  217] -  Reading Properties from Property File 
[DEBUG][2015-12-21 17:29:12,209][com.java.SeleniumDriver] [  238] - url : https://clients-xuat.bankersdashboard.com
[INFO ][2015-12-21 17:29:12,212][com.java.ImportnExport.ExportTestResultsExcel] [  116] - Time Stamp Mon Dec 21 05:29:12 IST 2015
[INFO ][2015-12-21 17:29:12,212][com.java.ImportnExport.ExportTestResultsExcel] [  175] - OUT FILE : D:\BankersDashboard/TestReports/Test Results_BankersDashBoard_122115_172912_IE10_Bank of North Carolina.xls
[INFO ][2015-12-21 17:29:12,242][com.java.ImportnExport.ExportTestResultsExcel] [  180] - Test Result file is created
[DEBUG][2015-12-21 17:29:12,351][com.java.SeleniumDriver] [  426] - Hub ip address is-------172.17.68.34
[INFO ][2015-12-21 17:29:12,351][com.java.SeleniumDriver] [  452] - Grid URL:http://172.17.68.34:4444/wd/hub
[INFO ][2015-12-21 17:29:12,352][com.java.SeleniumDriver] [  453] - Capability:Capabilities [{platform=ANY, ensureCleanSession=true, ignoreProtectedModeSettings=true, acceptSslCerts=true, ignoreZoomSetting=true, browserName=internet explorer, browserstack.ie.noFlash=true, version=null}]
[ERROR][2015-12-21 17:29:13,728][com.java.SeleniumDriver] [  497] - Unable invoke browser in grid:Could not start a new session. Possible causes are invalid address of the remote server or browser start-up failure.
Build info: version: '2.48.2', revision: '41bccdd', time: '2015-10-09 19:59:12'
System info: host: 'FVTIII438F1D', ip: '172.17.68.34', os.name: 'Windows 7', os.arch: 'x86', os.version: '6.1', java.version: '1.7.0_55'
Driver info: driver.version: SeleniumDriver
[INFO ][2015-12-21 17:29:13,729][com.java.SeleniumDriver] [  499] - Executing on local machine
[INFO ][2015-12-21 17:29:24,464][com.java.SeleniumDriver] [  248] - IE10is opened
[INFO ][2015-12-21 17:29:25,299][com.java.SeleniumDriver] [  754] - Test cases to be executed are: [1, 26]
[INFO ][2015-12-21 17:29:25,416][com.java.ImportnExport.ImportTestDataDetailsExcel] [   49] - test data details path===== D:\BankersDashboard\TestInputs\TestData.xls
[INFO ][2015-12-21 17:29:25,498][com.java.SeleniumDriver] [  821] - ------------------------------------------
[INFO ][2015-12-21 17:29:25,498][com.java.SeleniumDriver] [  822] - Test case being Executed: 1
[INFO ][2015-12-21 17:29:25,498][com.java.SeleniumDriver] [  833] - Test step:1
[INFO ][2015-12-21 17:29:25,498][com.java.SeleniumDriver] [  845] - Datavalue is----------Concept#1:1-16
[INFO ][2015-12-21 17:29:25,498][com.java.SeleniumDriver] [  869] - DataField : test
[INFO ][2015-12-21 17:29:25,498][com.java.SeleniumDriver] [  871] - DataValue : Concept#1:1-16
[INFO ][2015-12-21 17:29:25,499][com.java.SeleniumDriver] [  877] - <In Set values of the page>
[INFO ][2015-12-21 17:29:25,499][com.java.SeleniumDriver] [  880] - {Data Fields & Data Values Exist}
[INFO ][2015-12-21 17:29:25,499][com.java.SeleniumDriver] [  882] - --------------------------setting values-----------------------------
[INFO ][2015-12-21 17:29:25,499][com.java.SeleniumDriver] [  885] - Action Type : ExecuteTestCase
[INFO ][2015-12-21 17:29:25,849][com.java.TestType] [  437] - The Concept sheet name is ---------- Concept
[INFO ][2015-12-21 17:29:25,849][com.java.TestType] [  440] - The Concept ID  is ---------- 1
[DEBUG][2015-12-21 17:29:25,849][com.java.TestType] [  444] - Steps being executted in the Concept are: 1:16
[INFO ][2015-12-21 17:29:25,850][com.java.TestType] [  451] - Test data details path ---------- D:\BankersDashboard\TestInputs\TestData.xls
[INFO ][2015-12-21 17:29:25,883][com.java.TestType] [  482] -  str(1) = 1
[INFO ][2015-12-21 17:29:25,883][com.java.TestType] [  485] - Test case Id is---1
[INFO ][2015-12-21 17:29:25,884][com.java.TestType] [  487] - 1
[INFO ][2015-12-21 17:29:25,884][com.java.TestType] [  482] -  str(2) = 1
[INFO ][2015-12-21 17:29:25,886][com.java.TestType] [  534] - row values are--------{1=com.java.Objects.TestDataDetails@164976a}
[INFO ][2015-12-21 17:29:25,886][com.java.TestType] [  482] -  str(1) = 1
[INFO ][2015-12-21 17:29:25,886][com.java.TestType] [  485] - Test case Id is---1
[INFO ][2015-12-21 17:29:25,887][com.java.TestType] [  487] - 1
[INFO ][2015-12-21 17:29:25,887][com.java.TestType] [  482] -  str(2) = 2
[INFO ][2015-12-21 17:29:25,888][com.java.TestType] [  534] - row values are--------{1=com.java.Objects.TestDataDetails@164976a, 2=com.java.Objects.TestDataDetails@182e2d1}
[INFO ][2015-12-21 17:29:25,888][com.java.TestType] [  482] -  str(1) = 1
[INFO ][2015-12-21 17:29:25,888][com.java.TestType] [  485] - Test case Id is---1
[INFO ][2015-12-21 17:29:25,888][com.java.TestType] [  487] - 1
[INFO ][2015-12-21 17:29:25,888][com.java.TestType] [  482] -  str(2) = 3
[INFO ][2015-12-21 17:29:25,890][com.java.TestType] [  534] - row values are--------{1=com.java.Objects.TestDataDetails@164976a, 2=com.java.Objects.TestDataDetails@182e2d1, 3=com.java.Objects.TestDataDetails@1c51a2b}
[INFO ][2015-12-21 17:29:25,890][com.java.TestType] [  482] -  str(1) = 1
[INFO ][2015-12-21 17:29:25,890][com.java.TestType] [  485] - Test case Id is---1
[INFO ][2015-12-21 17:29:25,890][com.java.TestType] [  487] - 1
[INFO ][2015-12-21 17:29:25,890][com.java.TestType] [  482] -  str(2) = 4
[INFO ][2015-12-21 17:29:25,892][com.java.TestType] [  534] - row values are--------{1=com.java.Objects.TestDataDetails@164976a, 2=com.java.Objects.TestDataDetails@182e2d1, 3=com.java.Objects.TestDataDetails@1c51a2b, 4=com.java.Objects.TestDataDetails@cd7c22}
[INFO ][2015-12-21 17:29:25,892][com.java.TestType] [  482] -  str(1) = 1
[INFO ][2015-12-21 17:29:25,892][com.java.TestType] [  485] - Test case Id is---1
[INFO ][2015-12-21 17:29:25,892][com.java.TestType] [  487] - 1
[INFO ][2015-12-21 17:29:25,892][com.java.TestType] [  482] -  str(2) = 5
[INFO ][2015-12-21 17:29:25,893][com.java.TestType] [  534] - row values are--------{1=com.java.Objects.TestDataDetails@164976a, 2=com.java.Objects.TestDataDetails@182e2d1, 3=com.java.Objects.TestDataDetails@1c51a2b, 4=com.java.Objects.TestDataDetails@cd7c22, 5=com.java.Objects.TestDataDetails@947958}
[INFO ][2015-12-21 17:29:25,893][com.java.TestType] [  482] -  str(1) = 1
[INFO ][2015-12-21 17:29:25,893][com.java.TestType] [  485] - Test case Id is---1
[INFO ][2015-12-21 17:29:25,893][com.java.TestType] [  487] - 1
[INFO ][2015-12-21 17:29:25,894][com.java.TestType] [  482] -  str(2) = 6
[INFO ][2015-12-21 17:29:25,894][com.java.TestType] [  534] - row values are--------{1=com.java.Objects.TestDataDetails@164976a, 2=com.java.Objects.TestDataDetails@182e2d1, 3=com.java.Objects.TestDataDetails@1c51a2b, 4=com.java.Objects.TestDataDetails@cd7c22, 5=com.java.Objects.TestDataDetails@947958, 6=com.java.Objects.TestDataDetails@1d64832}
[INFO ][2015-12-21 17:29:25,895][com.java.TestType] [  482] -  str(1) = 1
[INFO ][2015-12-21 17:29:25,895][com.java.TestType] [  485] - Test case Id is---1
[INFO ][2015-12-21 17:29:25,895][com.java.TestType] [  487] - 1
[INFO ][2015-12-21 17:29:25,895][com.java.TestType] [  482] -  str(2) = 7
[INFO ][2015-12-21 17:29:25,899][com.java.TestType] [  534] - row values are--------{1=com.java.Objects.TestDataDetails@164976a, 2=com.java.Objects.TestDataDetails@182e2d1, 3=com.java.Objects.TestDataDetails@1c51a2b, 4=com.java.Objects.TestDataDetails@cd7c22, 5=com.java.Objects.TestDataDetails@947958, 6=com.java.Objects.TestDataDetails@1d64832, 7=com.java.Objects.TestDataDetails@c18e14}
[INFO ][2015-12-21 17:29:25,899][com.java.TestType] [  482] -  str(1) = 1
[INFO ][2015-12-21 17:29:25,899][com.java.TestType] [  485] - Test case Id is---1
[INFO ][2015-12-21 17:29:25,899][com.java.TestType] [  487] - 1
[INFO ][2015-12-21 17:29:25,899][com.java.TestType] [  482] -  str(2) = 8
[INFO ][2015-12-21 17:29:25,900][com.java.TestType] [  534] - row values are--------{1=com.java.Objects.TestDataDetails@164976a, 2=com.java.Objects.TestDataDetails@182e2d1, 3=com.java.Objects.TestDataDetails@1c51a2b, 4=com.java.Objects.TestDataDetails@cd7c22, 5=com.java.Objects.TestDataDetails@947958, 6=com.java.Objects.TestDataDetails@1d64832, 7=com.java.Objects.TestDataDetails@c18e14, 8=com.java.Objects.TestDataDetails@e8dfb1}
[INFO ][2015-12-21 17:29:25,900][com.java.TestType] [  482] -  str(1) = 1
[INFO ][2015-12-21 17:29:25,900][com.java.TestType] [  485] - Test case Id is---1
[INFO ][2015-12-21 17:29:25,900][com.java.TestType] [  487] - 1
[INFO ][2015-12-21 17:29:25,900][com.java.TestType] [  482] -  str(2) = 9
[INFO ][2015-12-21 17:29:25,901][com.java.TestType] [  534] - row values are--------{1=com.java.Objects.TestDataDetails@164976a, 2=com.java.Objects.TestDataDetails@182e2d1, 3=com.java.Objects.TestDataDetails@1c51a2b, 4=com.java.Objects.TestDataDetails@cd7c22, 5=com.java.Objects.TestDataDetails@947958, 6=com.java.Objects.TestDataDetails@1d64832, 7=com.java.Objects.TestDataDetails@c18e14, 8=com.java.Objects.TestDataDetails@e8dfb1, 9=com.java.Objects.TestDataDetails@18a0b71}
[INFO ][2015-12-21 17:29:25,901][com.java.TestType] [  482] -  str(1) = 1
[INFO ][2015-12-21 17:29:25,901][com.java.TestType] [  485] - Test case Id is---1
[INFO ][2015-12-21 17:29:25,901][com.java.TestType] [  487] - 1
[INFO ][2015-12-21 17:29:25,902][com.java.TestType] [  482] -  str(2) = 10
[INFO ][2015-12-21 17:29:25,902][com.java.TestType] [  534] - row values are--------{1=com.java.Objects.TestDataDetails@164976a, 2=com.java.Objects.TestDataDetails@182e2d1, 3=com.java.Objects.TestDataDetails@1c51a2b, 4=com.java.Objects.TestDataDetails@cd7c22, 5=com.java.Objects.TestDataDetails@947958, 6=com.java.Objects.TestDataDetails@1d64832, 7=com.java.Objects.TestDataDetails@c18e14, 8=com.java.Objects.TestDataDetails@e8dfb1, 9=com.java.Objects.TestDataDetails@18a0b71, 10=com.java.Objects.TestDataDetails@1f9a828}
[INFO ][2015-12-21 17:29:25,902][com.java.TestType] [  482] -  str(1) = 1
[INFO ][2015-12-21 17:29:25,903][com.java.TestType] [  485] - Test case Id is---1
[INFO ][2015-12-21 17:29:25,903][com.java.TestType] [  487] - 1
[INFO ][2015-12-21 17:29:25,903][com.java.TestType] [  482] -  str(2) = 11
[INFO ][2015-12-21 17:29:25,904][com.java.TestType] [  534] - row values are--------{1=com.java.Objects.TestDataDetails@164976a, 2=com.java.Objects.TestDataDetails@182e2d1, 3=com.java.Objects.TestDataDetails@1c51a2b, 4=com.java.Objects.TestDataDetails@cd7c22, 5=com.java.Objects.TestDataDetails@947958, 6=com.java.Objects.TestDataDetails@1d64832, 7=com.java.Objects.TestDataDetails@c18e14, 8=com.java.Objects.TestDataDetails@e8dfb1, 9=com.java.Objects.TestDataDetails@18a0b71, 10=com.java.Objects.TestDataDetails@1f9a828, 11=com.java.Objects.TestDataDetails@14d8b8d}
[INFO ][2015-12-21 17:29:25,904][com.java.TestType] [  482] -  str(1) = 1
[INFO ][2015-12-21 17:29:25,904][com.java.TestType] [  485] - Test case Id is---1
[INFO ][2015-12-21 17:29:25,904][com.java.TestType] [  487] - 1
[INFO ][2015-12-21 17:29:25,904][com.java.TestType] [  482] -  str(2) = 12
[INFO ][2015-12-21 17:29:25,905][com.java.TestType] [  534] - row values are--------{1=com.java.Objects.TestDataDetails@164976a, 2=com.java.Objects.TestDataDetails@182e2d1, 3=com.java.Objects.TestDataDetails@1c51a2b, 4=com.java.Objects.TestDataDetails@cd7c22, 5=com.java.Objects.TestDataDetails@947958, 6=com.java.Objects.TestDataDetails@1d64832, 7=com.java.Objects.TestDataDetails@c18e14, 8=com.java.Objects.TestDataDetails@e8dfb1, 9=com.java.Objects.TestDataDetails@18a0b71, 10=com.java.Objects.TestDataDetails@1f9a828, 11=com.java.Objects.TestDataDetails@14d8b8d, 12=com.java.Objects.TestDataDetails@1361707}
[INFO ][2015-12-21 17:29:25,905][com.java.TestType] [  482] -  str(1) = 1
[INFO ][2015-12-21 17:29:25,905][com.java.TestType] [  485] - Test case Id is---1
[INFO ][2015-12-21 17:29:25,905][com.java.TestType] [  487] - 1
[INFO ][2015-12-21 17:29:25,905][com.java.TestType] [  482] -  str(2) = 13
[INFO ][2015-12-21 17:29:25,906][com.java.TestType] [  534] - row values are--------{1=com.java.Objects.TestDataDetails@164976a, 2=com.java.Objects.TestDataDetails@182e2d1, 3=com.java.Objects.TestDataDetails@1c51a2b, 4=com.java.Objects.TestDataDetails@cd7c22, 5=com.java.Objects.TestDataDetails@947958, 6=com.java.Objects.TestDataDetails@1d64832, 7=com.java.Objects.TestDataDetails@c18e14, 8=com.java.Objects.TestDataDetails@e8dfb1, 9=com.java.Objects.TestDataDetails@18a0b71, 10=com.java.Objects.TestDataDetails@1f9a828, 11=com.java.Objects.TestDataDetails@14d8b8d, 12=com.java.Objects.TestDataDetails@1361707, 13=com.java.Objects.TestDataDetails@dd7463}
[INFO ][2015-12-21 17:29:25,906][com.java.TestType] [  482] -  str(1) = 1
[INFO ][2015-12-21 17:29:25,906][com.java.TestType] [  485] - Test case Id is---1
[INFO ][2015-12-21 17:29:25,906][com.java.TestType] [  487] - 1
[INFO ][2015-12-21 17:29:25,906][com.java.TestType] [  482] -  str(2) = 14
[INFO ][2015-12-21 17:29:25,907][com.java.TestType] [  534] - row values are--------{1=com.java.Objects.TestDataDetails@164976a, 2=com.java.Objects.TestDataDetails@182e2d1, 3=com.java.Objects.TestDataDetails@1c51a2b, 4=com.java.Objects.TestDataDetails@cd7c22, 5=com.java.Objects.TestDataDetails@947958, 6=com.java.Objects.TestDataDetails@1d64832, 7=com.java.Objects.TestDataDetails@c18e14, 8=com.java.Objects.TestDataDetails@e8dfb1, 9=com.java.Objects.TestDataDetails@18a0b71, 10=com.java.Objects.TestDataDetails@1f9a828, 11=com.java.Objects.TestDataDetails@14d8b8d, 12=com.java.Objects.TestDataDetails@1361707, 13=com.java.Objects.TestDataDetails@dd7463, 14=com.java.Objects.TestDataDetails@1f5784f}
[INFO ][2015-12-21 17:29:25,907][com.java.TestType] [  482] -  str(1) = 1
[INFO ][2015-12-21 17:29:25,907][com.java.TestType] [  485] - Test case Id is---1
[INFO ][2015-12-21 17:29:25,907][com.java.TestType] [  487] - 1
[INFO ][2015-12-21 17:29:25,907][com.java.TestType] [  482] -  str(2) = 15
[INFO ][2015-12-21 17:29:25,908][com.java.TestType] [  534] - row values are--------{1=com.java.Objects.TestDataDetails@164976a, 2=com.java.Objects.TestDataDetails@182e2d1, 3=com.java.Objects.TestDataDetails@1c51a2b, 4=com.java.Objects.TestDataDetails@cd7c22, 5=com.java.Objects.TestDataDetails@947958, 6=com.java.Objects.TestDataDetails@1d64832, 7=com.java.Objects.TestDataDetails@c18e14, 8=com.java.Objects.TestDataDetails@e8dfb1, 9=com.java.Objects.TestDataDetails@18a0b71, 10=com.java.Objects.TestDataDetails@1f9a828, 11=com.java.Objects.TestDataDetails@14d8b8d, 12=com.java.Objects.TestDataDetails@1361707, 13=com.java.Objects.TestDataDetails@dd7463, 14=com.java.Objects.TestDataDetails@1f5784f, 15=com.java.Objects.TestDataDetails@191d0d1}
[INFO ][2015-12-21 17:29:25,908][com.java.TestType] [  482] -  str(1) = 1
[INFO ][2015-12-21 17:29:25,908][com.java.TestType] [  485] - Test case Id is---1
[INFO ][2015-12-21 17:29:25,908][com.java.TestType] [  487] - 1
[INFO ][2015-12-21 17:29:25,908][com.java.TestType] [  482] -  str(2) = 16
[INFO ][2015-12-21 17:29:25,909][com.java.TestType] [  534] - row values are--------{1=com.java.Objects.TestDataDetails@164976a, 2=com.java.Objects.TestDataDetails@182e2d1, 3=com.java.Objects.TestDataDetails@1c51a2b, 4=com.java.Objects.TestDataDetails@cd7c22, 5=com.java.Objects.TestDataDetails@947958, 6=com.java.Objects.TestDataDetails@1d64832, 7=com.java.Objects.TestDataDetails@c18e14, 8=com.java.Objects.TestDataDetails@e8dfb1, 9=com.java.Objects.TestDataDetails@18a0b71, 10=com.java.Objects.TestDataDetails@1f9a828, 11=com.java.Objects.TestDataDetails@14d8b8d, 12=com.java.Objects.TestDataDetails@1361707, 13=com.java.Objects.TestDataDetails@dd7463, 14=com.java.Objects.TestDataDetails@1f5784f, 15=com.java.Objects.TestDataDetails@191d0d1, 16=com.java.Objects.TestDataDetails@1418596}
[INFO ][2015-12-21 17:29:25,909][com.java.TestType] [10235] - Looping 1TCID = 1
[DEBUG][2015-12-21 17:29:25,909][com.java.TestType] [10276] - Concept ID:1 :: Step being Executed: 1::1
[INFO ][2015-12-21 17:29:25,909][com.java.TestType] [10314] - dataFields : TXTusername
[DEBUG][2015-12-21 17:29:25,910][com.java.TestType] [10320] - <In Set values of the page>
[DEBUG][2015-12-21 17:29:25,910][com.java.TestType] [10325] - {Data Fields & Data Values Exist}
[INFO ][2015-12-21 17:29:25,910][com.java.TestType] [10331] - --------------------------setting values-----------------------------
[INFO ][2015-12-21 17:29:25,910][com.java.TestType] [10334] - Action Type : CLEARANDENTER
[INFO ][2015-12-21 17:29:25,910][com.java.TestType] [ 5577] - value = valuelabs.ie10.33527
[INFO ][2015-12-21 17:29:30,622][com.java.TestType] [10353] -  RESULT true
[INFO ][2015-12-21 17:29:30,623][com.java.TestType] [10470] - ?   P A S S   ?
[DEBUG][2015-12-21 17:29:30,623][com.java.TestType] [10276] - Concept ID:1 :: Step being Executed: 1::2
[INFO ][2015-12-21 17:29:30,623][com.java.TestType] [10314] - dataFields : TXTpassword
[DEBUG][2015-12-21 17:29:30,623][com.java.TestType] [10320] - <In Set values of the page>
[DEBUG][2015-12-21 17:29:30,623][com.java.TestType] [10325] - {Data Fields & Data Values Exist}
[INFO ][2015-12-21 17:29:30,623][com.java.TestType] [10331] - --------------------------setting values-----------------------------
[INFO ][2015-12-21 17:29:30,623][com.java.TestType] [10334] - Action Type : CLEARANDENTER
[INFO ][2015-12-21 17:29:30,624][com.java.TestType] [ 5577] - value = Password1*
[INFO ][2015-12-21 17:29:35,463][com.java.TestType] [10353] -  RESULT true
[INFO ][2015-12-21 17:29:35,463][com.java.TestType] [10470] - ?   P A S S   ?
[DEBUG][2015-12-21 17:29:35,464][com.java.TestType] [10276] - Concept ID:1 :: Step being Executed: 1::3
[ERROR][2015-12-21 17:29:35,464][com.java.TestType] [10309] - Exception: null
[INFO ][2015-12-21 17:29:35,464][com.java.TestType] [10314] - dataFields : XPH//button[@type='submit']
[DEBUG][2015-12-21 17:29:35,464][com.java.TestType] [10320] - <In Set values of the page>
[DEBUG][2015-12-21 17:29:35,464][com.java.TestType] [10325] - {Data Fields & Data Values Exist}
[INFO ][2015-12-21 17:29:35,464][com.java.TestType] [10331] - --------------------------setting values-----------------------------
[INFO ][2015-12-21 17:29:35,464][com.java.TestType] [10334] - Action Type : Click
[INFO ][2015-12-21 17:29:35,464][com.java.TestType] [ 5956] - Field ::XPH//button[@type='submit']
[INFO ][2015-12-21 17:29:35,464][com.java.TestType] [ 5577] - value = 
[INFO ][2015-12-21 17:29:36,471][com.java.TestType] [ 6093] - BEFORE CLICK
[INFO ][2015-12-21 17:29:37,342][com.java.TestType] [ 6101] - Unable to click the object Login
[INFO ][2015-12-21 17:29:37,342][com.java.TestType] [10353] -  RESULT true
[INFO ][2015-12-21 17:29:37,342][com.java.TestType] [10470] - ?   P A S S   ?
[DEBUG][2015-12-21 17:29:37,342][com.java.TestType] [10276] - Concept ID:1 :: Step being Executed: 1::4
[INFO ][2015-12-21 17:29:37,342][com.java.TestType] [10314] - dataFields : LNKLogout
[DEBUG][2015-12-21 17:29:37,342][com.java.TestType] [10320] - <In Set values of the page>
[DEBUG][2015-12-21 17:29:37,343][com.java.TestType] [10325] - {Data Fields & Data Values Exist}
[INFO ][2015-12-21 17:29:37,343][com.java.TestType] [10331] - --------------------------setting values-----------------------------
[INFO ][2015-12-21 17:29:37,343][com.java.TestType] [10334] - Action Type : WaitForElement
[INFO ][2015-12-21 17:29:40,861][com.java.TestType] [10353] -  RESULT true
[INFO ][2015-12-21 17:29:40,861][com.java.TestType] [10470] - ?   P A S S   ?
[DEBUG][2015-12-21 17:29:40,861][com.java.TestType] [10276] - Concept ID:1 :: Step being Executed: 1::15
[INFO ][2015-12-21 17:29:40,861][com.java.TestType] [10314] - dataFields : LNK
[DEBUG][2015-12-21 17:29:40,861][com.java.TestType] [10320] - <In Set values of the page>
[DEBUG][2015-12-21 17:29:40,861][com.java.TestType] [10325] - {Data Fields & Data Values Exist}
[INFO ][2015-12-21 17:29:40,862][com.java.TestType] [10331] - --------------------------setting values-----------------------------
[INFO ][2015-12-21 17:29:40,862][com.java.TestType] [10334] - Action Type : Verify
[INFO ][2015-12-21 17:29:40,862][com.java.TestType] [ 6921] - field= LNK value= Logout
[INFO ][2015-12-21 17:29:40,867][com.java.TestType] [ 5577] - value = Logout
[INFO ][2015-12-21 17:29:40,905][com.java.TestType] [10353] -  RESULT true
[INFO ][2015-12-21 17:29:40,905][com.java.TestType] [10470] - ?   P A S S   ?
[DEBUG][2015-12-21 17:29:40,905][com.java.TestType] [10276] - Concept ID:1 :: Step being Executed: 1::16
[INFO ][2015-12-21 17:29:40,905][com.java.TestType] [10314] - dataFields : BTN
[DEBUG][2015-12-21 17:29:40,905][com.java.TestType] [10320] - <In Set values of the page>
[DEBUG][2015-12-21 17:29:40,905][com.java.TestType] [10325] - {Data Fields & Data Values Exist}
[INFO ][2015-12-21 17:29:40,905][com.java.TestType] [10331] - --------------------------setting values-----------------------------
[INFO ][2015-12-21 17:29:40,906][com.java.TestType] [10334] - Action Type : Verify
[INFO ][2015-12-21 17:29:40,906][com.java.TestType] [ 6921] - field= BTN value= //img[contains(@src,'bdlogo.jpg')]
[INFO ][2015-12-21 17:29:40,906][com.java.TestType] [ 5577] - value = //img[contains(@src,'bdlogo.jpg')]
[INFO ][2015-12-21 17:29:40,979][com.java.TestType] [10353] -  RESULT true
[INFO ][2015-12-21 17:29:40,979][com.java.TestType] [10470] - ?   P A S S   ?
[INFO ][2015-12-21 17:29:40,979][com.java.TestType] [10541] - Looping End......
[INFO ][2015-12-21 17:29:40,982][com.java.SeleniumDriver] [  894] -  RESULT true
[INFO ][2015-12-21 17:29:40,982][com.java.SeleniumDriver] [ 1100] - ?   P A S S   ?
[INFO ][2015-12-21 17:29:40,983][com.java.SeleniumDriver] [  821] - ------------------------------------------
[INFO ][2015-12-21 17:29:40,983][com.java.SeleniumDriver] [  822] - Test case being Executed: 1
[INFO ][2015-12-21 17:29:40,983][com.java.SeleniumDriver] [  833] - Test step:2
[INFO ][2015-12-21 17:29:40,983][com.java.SeleniumDriver] [  845] - Datavalue is----------Concept#2:1-2
[INFO ][2015-12-21 17:29:40,983][com.java.SeleniumDriver] [  869] - DataField : test
[INFO ][2015-12-21 17:29:40,983][com.java.SeleniumDriver] [  871] - DataValue : Concept#2:1-2
[INFO ][2015-12-21 17:29:40,983][com.java.SeleniumDriver] [  877] - <In Set values of the page>
[INFO ][2015-12-21 17:29:40,983][com.java.SeleniumDriver] [  880] - {Data Fields & Data Values Exist}
[INFO ][2015-12-21 17:29:40,983][com.java.SeleniumDriver] [  882] - --------------------------setting values-----------------------------
[INFO ][2015-12-21 17:29:40,983][com.java.SeleniumDriver] [  885] - Action Type : ExecuteTestCase
[INFO ][2015-12-21 17:29:40,984][com.java.TestType] [  437] - The Concept sheet name is ---------- Concept
[INFO ][2015-12-21 17:29:40,984][com.java.TestType] [  440] - The Concept ID  is ---------- 2
[DEBUG][2015-12-21 17:29:40,984][com.java.TestType] [  444] - Steps being executted in the Concept are: 1:2
[INFO ][2015-12-21 17:29:40,984][com.java.TestType] [  451] - Test data details path ---------- D:\BankersDashboard\TestInputs\TestData.xls
[INFO ][2015-12-21 17:29:41,014][com.java.TestType] [  482] -  str(1) = 2
[INFO ][2015-12-21 17:29:41,014][com.java.TestType] [  485] - Test case Id is---2
[INFO ][2015-12-21 17:29:41,014][com.java.TestType] [  487] - 2
[INFO ][2015-12-21 17:29:41,015][com.java.TestType] [  482] -  str(2) = 1
[INFO ][2015-12-21 17:29:41,016][com.java.TestType] [  534] - row values are--------{1=com.java.Objects.TestDataDetails@1150cd7}
[INFO ][2015-12-21 17:29:41,016][com.java.TestType] [  482] -  str(1) = 2
[INFO ][2015-12-21 17:29:41,016][com.java.TestType] [  485] - Test case Id is---2
[INFO ][2015-12-21 17:29:41,017][com.java.TestType] [  487] - 2
[INFO ][2015-12-21 17:29:41,017][com.java.TestType] [  482] -  str(2) = 2
[INFO ][2015-12-21 17:29:41,017][com.java.TestType] [  534] - row values are--------{1=com.java.Objects.TestDataDetails@1150cd7, 2=com.java.Objects.TestDataDetails@1ec7e06}
[INFO ][2015-12-21 17:29:41,017][com.java.TestType] [  482] -  str(1) = 2
[INFO ][2015-12-21 17:29:41,017][com.java.TestType] [  485] - Test case Id is---2
[INFO ][2015-12-21 17:29:41,018][com.java.TestType] [  487] - 2
[INFO ][2015-12-21 17:29:41,018][com.java.TestType] [  482] -  str(2) = 3
[INFO ][2015-12-21 17:29:41,018][com.java.TestType] [  534] - row values are--------{1=com.java.Objects.TestDataDetails@1150cd7, 2=com.java.Objects.TestDataDetails@1ec7e06, 3=com.java.Objects.TestDataDetails@168f863}
[INFO ][2015-12-21 17:29:41,018][com.java.TestType] [10235] - Looping 1TCID = 2
[DEBUG][2015-12-21 17:29:41,018][com.java.TestType] [10276] - Concept ID:2 :: Step being Executed: 2::1
[INFO ][2015-12-21 17:29:41,019][com.java.TestType] [10314] - dataFields : BNK//select[@id='bank']
[DEBUG][2015-12-21 17:29:41,019][com.java.TestType] [10320] - <In Set values of the page>
[DEBUG][2015-12-21 17:29:41,020][com.java.TestType] [10325] - {Data Fields & Data Values Exist}
[INFO ][2015-12-21 17:29:41,020][com.java.TestType] [10331] - --------------------------setting values-----------------------------
[INFO ][2015-12-21 17:29:41,020][com.java.TestType] [10334] - Action Type : Select
[INFO ][2015-12-21 17:29:41,020][com.java.TestType] [ 5577] - value = PFC
[INFO ][2015-12-21 17:29:41,473][com.java.TestType] [10353] -  RESULT true
[INFO ][2015-12-21 17:29:41,473][com.java.TestType] [10470] - ?   P A S S   ?
[DEBUG][2015-12-21 17:29:41,474][com.java.TestType] [10276] - Concept ID:2 :: Step being Executed: 2::2
[INFO ][2015-12-21 17:29:41,474][com.java.TestType] [10314] - dataFields : LNKLogout
[DEBUG][2015-12-21 17:29:41,474][com.java.TestType] [10320] - <In Set values of the page>
[DEBUG][2015-12-21 17:29:41,474][com.java.TestType] [10325] - {Data Fields & Data Values Exist}
[INFO ][2015-12-21 17:29:41,474][com.java.TestType] [10331] - --------------------------setting values-----------------------------
[INFO ][2015-12-21 17:29:41,474][com.java.TestType] [10334] - Action Type : WaitTime
[DEBUG][2015-12-21 17:29:41,475][com.java.TestType] [ 5397] - sleepTime: 5000
[INFO ][2015-12-21 17:29:46,475][com.java.TestType] [10353] -  RESULT true
[INFO ][2015-12-21 17:29:46,475][com.java.TestType] [10470] - ?   P A S S   ?
[INFO ][2015-12-21 17:29:46,475][com.java.TestType] [10541] - Looping End......
[INFO ][2015-12-21 17:29:46,479][com.java.SeleniumDriver] [  894] -  RESULT true
[INFO ][2015-12-21 17:29:46,479][com.java.SeleniumDriver] [ 1100] - ?   P A S S   ?
[INFO ][2015-12-21 17:29:46,479][com.java.SeleniumDriver] [  821] - ------------------------------------------
[INFO ][2015-12-21 17:29:46,479][com.java.SeleniumDriver] [  822] - Test case being Executed: 1
[INFO ][2015-12-21 17:29:46,479][com.java.SeleniumDriver] [  833] - Test step:3
[INFO ][2015-12-21 17:29:46,479][com.java.SeleniumDriver] [  845] - Datavalue is----------2
[INFO ][2015-12-21 17:29:46,479][com.java.SeleniumDriver] [  869] - DataField : XPH//button[contains(text(),'Add Content')]
[INFO ][2015-12-21 17:29:46,480][com.java.SeleniumDriver] [  871] - DataValue : 2
[INFO ][2015-12-21 17:29:46,480][com.java.SeleniumDriver] [  877] - <In Set values of the page>
[INFO ][2015-12-21 17:29:46,480][com.java.SeleniumDriver] [  880] - {Data Fields & Data Values Exist}
[INFO ][2015-12-21 17:29:46,480][com.java.SeleniumDriver] [  882] - --------------------------setting values-----------------------------
[INFO ][2015-12-21 17:29:46,480][com.java.SeleniumDriver] [  885] - Action Type : WAITFORELEMENT
[INFO ][2015-12-21 17:29:46,523][com.java.SeleniumDriver] [  894] -  RESULT true
[INFO ][2015-12-21 17:29:46,523][com.java.SeleniumDriver] [ 1100] - ?   P A S S   ?
[DEBUG][2015-12-21 17:29:46,523][com.java.SeleniumDriver] [ 1212] - Case found
[DEBUG][2015-12-21 17:29:46,523][com.java.SeleniumDriver] [ 1217] - Incrementing ReportCounters[0]:1
[INFO ][2015-12-21 17:29:46,523][com.java.SeleniumDriver] [ 1236] - The results are-------------------[1, 1, Valid Login, Pass, , Mon Dec 21 17:29:40 IST 2015, 1, 2, Valid Login, Pass, , Mon Dec 21 17:29:46 IST 2015, 1, 3, Valid Login, Pass, , Mon Dec 21 17:29:46 IST 2015]
[INFO ][2015-12-21 17:29:46,524][com.java.SeleniumDriver] [ 1240] - End time is-------36 sec
[INFO ][2015-12-21 17:29:46,524][com.java.SeleniumDriver] [ 1241] - The results are-------------------[1, 1, Valid Login, Pass, , Mon Dec 21 17:29:40 IST 2015, 1, 2, Valid Login, Pass, , Mon Dec 21 17:29:46 IST 2015, 1, 3, Valid Login, Pass, , Mon Dec 21 17:29:46 IST 2015]
[DEBUG][2015-12-21 17:29:46,524][com.java.ImportnExport.ExportTestResultsExcel] [  222] - testResultPath = D:\BankersDashboard/TestReports/Test Results_BankersDashBoard_122115_172912_IE10_Bank of North Carolina.xls
[DEBUG][2015-12-21 17:29:46,524][com.java.ImportnExport.ExportTestResultsExcel] [  223] - browser is------------IE10
[DEBUG][2015-12-21 17:29:46,578][com.java.ImportnExport.ExportTestResultsExcel] [  270] - result.size() = 18
[DEBUG][2015-12-21 17:29:46,578][com.java.ImportnExport.ExportTestResultsExcel] [  274] - No of rows in sheet=1
[DEBUG][2015-12-21 17:29:46,578][com.java.ImportnExport.ExportTestResultsExcel] [  301] - ..in export..1
[DEBUG][2015-12-21 17:29:46,578][com.java.ImportnExport.ExportTestResultsExcel] [  301] - ..in export..Valid Login
[DEBUG][2015-12-21 17:29:46,578][com.java.ImportnExport.ExportTestResultsExcel] [  301] - ..in export..Pass
[DEBUG][2015-12-21 17:29:46,578][com.java.ImportnExport.ExportTestResultsExcel] [  301] - ..in export..
[DEBUG][2015-12-21 17:29:46,578][com.java.ImportnExport.ExportTestResultsExcel] [  301] - ..in export..Mon Dec 21 17:29:40 IST 2015
[INFO ][2015-12-21 17:29:46,580][com.java.SeleniumDriver] [ 1299] - out loop:0 size:2 TestCases:[1, 26] testcases:[1, 26]
[INFO ][2015-12-21 17:29:46,580][com.java.ImportnExport.ImportTestDataDetailsExcel] [   49] - test data details path===== D:\BankersDashboard\TestInputs\TestData.xls
[INFO ][2015-12-21 17:30:05,080][com.java.SeleniumDriver] [  821] - ------------------------------------------
[INFO ][2015-12-21 17:30:05,080][com.java.SeleniumDriver] [  822] - Test case being Executed: 26
[INFO ][2015-12-21 17:30:05,080][com.java.SeleniumDriver] [  833] - Test step:1
[INFO ][2015-12-21 17:30:05,080][com.java.SeleniumDriver] [  845] - Datavalue is----------Logout
[INFO ][2015-12-21 17:30:05,080][com.java.SeleniumDriver] [  869] - DataField : BTN
[INFO ][2015-12-21 17:30:05,080][com.java.SeleniumDriver] [  871] - DataValue : Logout
[INFO ][2015-12-21 17:30:05,080][com.java.SeleniumDriver] [  877] - <In Set values of the page>
[INFO ][2015-12-21 17:30:05,080][com.java.SeleniumDriver] [  880] - {Data Fields & Data Values Exist}
[INFO ][2015-12-21 17:30:05,080][com.java.SeleniumDriver] [  882] - --------------------------setting values-----------------------------
[INFO ][2015-12-21 17:30:05,080][com.java.SeleniumDriver] [  885] - Action Type : Verify
[INFO ][2015-12-21 17:30:05,080][com.java.TestType] [ 6921] - field= BTN value= Logout
[INFO ][2015-12-21 17:30:05,080][com.java.TestType] [ 5577] - value = Logout
[INFO ][2015-12-21 17:30:05,161][com.java.SeleniumDriver] [  894] -  RESULT true
[INFO ][2015-12-21 17:30:05,161][com.java.SeleniumDriver] [ 1100] - ?   P A S S   ?
[INFO ][2015-12-21 17:30:05,161][com.java.SeleniumDriver] [ 1142] - step change to 3
[INFO ][2015-12-21 17:30:05,161][com.java.SeleniumDriver] [  821] - ------------------------------------------
[INFO ][2015-12-21 17:30:05,161][com.java.SeleniumDriver] [  822] - Test case being Executed: 26
[INFO ][2015-12-21 17:30:05,161][com.java.SeleniumDriver] [  833] - Test step:3
[INFO ][2015-12-21 17:30:05,161][com.java.SeleniumDriver] [  845] - Datavalue is----------Concept#2:1-2
[INFO ][2015-12-21 17:30:05,161][com.java.SeleniumDriver] [  869] - DataField : test
[INFO ][2015-12-21 17:30:05,161][com.java.SeleniumDriver] [  871] - DataValue : Concept#2:1-2
[INFO ][2015-12-21 17:30:05,161][com.java.SeleniumDriver] [  877] - <In Set values of the page>
[INFO ][2015-12-21 17:30:05,161][com.java.SeleniumDriver] [  880] - {Data Fields & Data Values Exist}
[INFO ][2015-12-21 17:30:05,161][com.java.SeleniumDriver] [  882] - --------------------------setting values-----------------------------
[INFO ][2015-12-21 17:30:05,161][com.java.SeleniumDriver] [  885] - Action Type : ExecuteTestCase
[INFO ][2015-12-21 17:30:05,161][com.java.TestType] [  437] - The Concept sheet name is ---------- Concept
[INFO ][2015-12-21 17:30:05,161][com.java.TestType] [  440] - The Concept ID  is ---------- 2
[DEBUG][2015-12-21 17:30:05,161][com.java.TestType] [  444] - Steps being executted in the Concept are: 1:2
[INFO ][2015-12-21 17:30:05,161][com.java.TestType] [  451] - Test data details path ---------- D:\BankersDashboard\TestInputs\TestData.xls
[INFO ][2015-12-21 17:30:05,191][com.java.TestType] [  482] -  str(1) = 2
[INFO ][2015-12-21 17:30:05,191][com.java.TestType] [  485] - Test case Id is---2
[INFO ][2015-12-21 17:30:05,191][com.java.TestType] [  487] - 2
[INFO ][2015-12-21 17:30:05,191][com.java.TestType] [  482] -  str(2) = 1
[INFO ][2015-12-21 17:30:05,191][com.java.TestType] [  534] - row values are--------{1=com.java.Objects.TestDataDetails@1dea872}
[INFO ][2015-12-21 17:30:05,191][com.java.TestType] [  482] -  str(1) = 2
[INFO ][2015-12-21 17:30:05,191][com.java.TestType] [  485] - Test case Id is---2
[INFO ][2015-12-21 17:30:05,191][com.java.TestType] [  487] - 2
[INFO ][2015-12-21 17:30:05,191][com.java.TestType] [  482] -  str(2) = 2
[INFO ][2015-12-21 17:30:05,191][com.java.TestType] [  534] - row values are--------{1=com.java.Objects.TestDataDetails@1dea872, 2=com.java.Objects.TestDataDetails@13f0d4d}
[INFO ][2015-12-21 17:30:05,191][com.java.TestType] [  482] -  str(1) = 2
[INFO ][2015-12-21 17:30:05,191][com.java.TestType] [  485] - Test case Id is---2
[INFO ][2015-12-21 17:30:05,191][com.java.TestType] [  487] - 2
[INFO ][2015-12-21 17:30:05,191][com.java.TestType] [  482] -  str(2) = 3
[INFO ][2015-12-21 17:30:05,191][com.java.TestType] [  534] - row values are--------{1=com.java.Objects.TestDataDetails@1dea872, 2=com.java.Objects.TestDataDetails@13f0d4d, 3=com.java.Objects.TestDataDetails@9e364f}
[INFO ][2015-12-21 17:30:05,191][com.java.TestType] [10235] - Looping 1TCID = 2
[DEBUG][2015-12-21 17:30:05,191][com.java.TestType] [10276] - Concept ID:2 :: Step being Executed: 2::1
[INFO ][2015-12-21 17:30:05,191][com.java.TestType] [10314] - dataFields : BNK//select[@id='bank']
[DEBUG][2015-12-21 17:30:05,191][com.java.TestType] [10320] - <In Set values of the page>
[DEBUG][2015-12-21 17:30:05,191][com.java.TestType] [10325] - {Data Fields & Data Values Exist}
[INFO ][2015-12-21 17:30:05,191][com.java.TestType] [10331] - --------------------------setting values-----------------------------
[INFO ][2015-12-21 17:30:05,191][com.java.TestType] [10334] - Action Type : Select
[INFO ][2015-12-21 17:30:05,191][com.java.TestType] [ 5577] - value = PFC
[INFO ][2015-12-21 17:30:05,381][com.java.TestType] [10353] -  RESULT true
[INFO ][2015-12-21 17:30:05,381][com.java.TestType] [10470] - ?   P A S S   ?
[DEBUG][2015-12-21 17:30:05,381][com.java.TestType] [10276] - Concept ID:2 :: Step being Executed: 2::2
[INFO ][2015-12-21 17:30:05,381][com.java.TestType] [10314] - dataFields : LNKLogout
[DEBUG][2015-12-21 17:30:05,381][com.java.TestType] [10320] - <In Set values of the page>
[DEBUG][2015-12-21 17:30:05,381][com.java.TestType] [10325] - {Data Fields & Data Values Exist}
[INFO ][2015-12-21 17:30:05,381][com.java.TestType] [10331] - --------------------------setting values-----------------------------
[INFO ][2015-12-21 17:30:05,381][com.java.TestType] [10334] - Action Type : WaitTime
[DEBUG][2015-12-21 17:30:05,381][com.java.TestType] [ 5397] - sleepTime: 5000
[INFO ][2015-12-21 17:30:10,386][com.java.TestType] [10353] -  RESULT true
[INFO ][2015-12-21 17:30:10,386][com.java.TestType] [10470] - ?   P A S S   ?
[INFO ][2015-12-21 17:30:10,386][com.java.TestType] [10541] - Looping End......
[INFO ][2015-12-21 17:30:10,386][com.java.SeleniumDriver] [  894] -  RESULT true
[INFO ][2015-12-21 17:30:10,386][com.java.SeleniumDriver] [ 1100] - ?   P A S S   ?
[INFO ][2015-12-21 17:30:10,386][com.java.SeleniumDriver] [  821] - ------------------------------------------
[INFO ][2015-12-21 17:30:10,386][com.java.SeleniumDriver] [  822] - Test case being Executed: 26
[INFO ][2015-12-21 17:30:10,386][com.java.SeleniumDriver] [  833] - Test step:4
[INFO ][2015-12-21 17:30:10,386][com.java.SeleniumDriver] [  845] - Datavalue is----------null
[DEBUG][2015-12-21 17:30:10,386][com.java.SeleniumDriver] [  863] - Exception: null
[INFO ][2015-12-21 17:30:10,386][com.java.SeleniumDriver] [  869] - DataField : //span[@class='icon-cog2']&&//a[@data-id="UserSettings"]
[INFO ][2015-12-21 17:30:10,386][com.java.SeleniumDriver] [  871] - DataValue : 
[INFO ][2015-12-21 17:30:10,386][com.java.SeleniumDriver] [  877] - <In Set values of the page>
[INFO ][2015-12-21 17:30:10,386][com.java.SeleniumDriver] [  880] - {Data Fields & Data Values Exist}
[INFO ][2015-12-21 17:30:10,386][com.java.SeleniumDriver] [  882] - --------------------------setting values-----------------------------
[INFO ][2015-12-21 17:30:10,386][com.java.SeleniumDriver] [  885] - Action Type : MOUSEOVER
[INFO ][2015-12-21 17:30:33,593][com.java.SeleniumDriver] [  894] -  RESULT true
[INFO ][2015-12-21 17:30:33,593][com.java.SeleniumDriver] [ 1100] - ?   P A S S   ?
[INFO ][2015-12-21 17:30:33,593][com.java.SeleniumDriver] [  821] - ------------------------------------------
[INFO ][2015-12-21 17:30:33,593][com.java.SeleniumDriver] [  822] - Test case being Executed: 26
[INFO ][2015-12-21 17:30:33,593][com.java.SeleniumDriver] [  833] - Test step:5
[INFO ][2015-12-21 17:30:33,593][com.java.SeleniumDriver] [  845] - Datavalue is----------2
[INFO ][2015-12-21 17:30:33,593][com.java.SeleniumDriver] [  869] - DataField : BTNframeDialogContent
[INFO ][2015-12-21 17:30:33,593][com.java.SeleniumDriver] [  871] - DataValue : 2
[INFO ][2015-12-21 17:30:33,593][com.java.SeleniumDriver] [  877] - <In Set values of the page>
[INFO ][2015-12-21 17:30:33,593][com.java.SeleniumDriver] [  880] - {Data Fields & Data Values Exist}
[INFO ][2015-12-21 17:30:33,593][com.java.SeleniumDriver] [  882] - --------------------------setting values-----------------------------
[INFO ][2015-12-21 17:30:33,593][com.java.SeleniumDriver] [  885] - Action Type : WAITFORELEMENT
[INFO ][2015-12-21 17:30:34,794][com.java.SeleniumDriver] [  894] -  RESULT true
[INFO ][2015-12-21 17:30:34,794][com.java.SeleniumDriver] [ 1100] - ?   P A S S   ?
[INFO ][2015-12-21 17:30:34,794][com.java.SeleniumDriver] [  821] - ------------------------------------------
[INFO ][2015-12-21 17:30:34,794][com.java.SeleniumDriver] [  822] - Test case being Executed: 26
[INFO ][2015-12-21 17:30:34,794][com.java.SeleniumDriver] [  833] - Test step:6
[INFO ][2015-12-21 17:30:34,794][com.java.SeleniumDriver] [  845] - Datavalue is----------User Settings
[INFO ][2015-12-21 17:30:34,794][com.java.SeleniumDriver] [  869] - DataField : XPH//span[@class="ui-dialog-title"]
[INFO ][2015-12-21 17:30:34,794][com.java.SeleniumDriver] [  871] - DataValue : User Settings
[INFO ][2015-12-21 17:30:34,794][com.java.SeleniumDriver] [  877] - <In Set values of the page>
[INFO ][2015-12-21 17:30:34,794][com.java.SeleniumDriver] [  880] - {Data Fields & Data Values Exist}
[INFO ][2015-12-21 17:30:34,794][com.java.SeleniumDriver] [  882] - --------------------------setting values-----------------------------
[INFO ][2015-12-21 17:30:34,794][com.java.SeleniumDriver] [  885] - Action Type : VERIFY
[INFO ][2015-12-21 17:30:34,794][com.java.TestType] [ 6921] - field= XPH//span[@class="ui-dialog-title"] value= User Settings
[INFO ][2015-12-21 17:30:34,794][com.java.TestType] [ 5577] - value = User Settings
[INFO ][2015-12-21 17:30:34,945][com.java.SeleniumDriver] [  894] -  RESULT true
[INFO ][2015-12-21 17:30:34,945][com.java.SeleniumDriver] [ 1100] - ?   P A S S   ?
[INFO ][2015-12-21 17:30:34,945][com.java.SeleniumDriver] [  821] - ------------------------------------------
[INFO ][2015-12-21 17:30:34,945][com.java.SeleniumDriver] [  822] - Test case being Executed: 26
[INFO ][2015-12-21 17:30:34,945][com.java.SeleniumDriver] [  833] - Test step:7
[INFO ][2015-12-21 17:30:34,945][com.java.SeleniumDriver] [  845] - Datavalue is----------null
[DEBUG][2015-12-21 17:30:34,945][com.java.SeleniumDriver] [  863] - Exception: null
[INFO ][2015-12-21 17:30:34,945][com.java.SeleniumDriver] [  869] - DataField : BTNframeDialogContent
[INFO ][2015-12-21 17:30:34,945][com.java.SeleniumDriver] [  871] - DataValue : 
[INFO ][2015-12-21 17:30:34,945][com.java.SeleniumDriver] [  877] - <In Set values of the page>
[INFO ][2015-12-21 17:30:34,945][com.java.SeleniumDriver] [  880] - {Data Fields & Data Values Exist}
[INFO ][2015-12-21 17:30:34,945][com.java.SeleniumDriver] [  882] - --------------------------setting values-----------------------------
[INFO ][2015-12-21 17:30:34,945][com.java.SeleniumDriver] [  885] - Action Type : SELECTFRAME
[INFO ][2015-12-21 17:30:36,186][com.java.SeleniumDriver] [  894] -  RESULT true
[INFO ][2015-12-21 17:30:36,186][com.java.SeleniumDriver] [ 1100] - ?   P A S S   ?
[INFO ][2015-12-21 17:30:36,186][com.java.SeleniumDriver] [  821] - ------------------------------------------
[INFO ][2015-12-21 17:30:36,186][com.java.SeleniumDriver] [  822] - Test case being Executed: 26
[INFO ][2015-12-21 17:30:36,186][com.java.SeleniumDriver] [  833] - Test step:8
[INFO ][2015-12-21 17:30:36,186][com.java.SeleniumDriver] [  845] - Datavalue is----------No
[INFO ][2015-12-21 17:30:36,186][com.java.SeleniumDriver] [  869] - DataField : SLBddlPDFToScreen
[INFO ][2015-12-21 17:30:36,186][com.java.SeleniumDriver] [  871] - DataValue : No
[INFO ][2015-12-21 17:30:36,186][com.java.SeleniumDriver] [  877] - <In Set values of the page>
[INFO ][2015-12-21 17:30:36,186][com.java.SeleniumDriver] [  880] - {Data Fields & Data Values Exist}
[INFO ][2015-12-21 17:30:36,186][com.java.SeleniumDriver] [  882] - --------------------------setting values-----------------------------
[INFO ][2015-12-21 17:30:36,186][com.java.SeleniumDriver] [  885] - Action Type : SELECT
[INFO ][2015-12-21 17:30:36,186][com.java.TestType] [ 5577] - value = No
[INFO ][2015-12-21 17:30:38,498][com.java.SeleniumDriver] [  894] -  RESULT true
[INFO ][2015-12-21 17:30:38,498][com.java.SeleniumDriver] [ 1100] - ?   P A S S   ?
[INFO ][2015-12-21 17:30:38,498][com.java.SeleniumDriver] [  821] - ------------------------------------------
[INFO ][2015-12-21 17:30:38,498][com.java.SeleniumDriver] [  822] - Test case being Executed: 26
[INFO ][2015-12-21 17:30:38,498][com.java.SeleniumDriver] [  833] - Test step:9
[INFO ][2015-12-21 17:30:38,498][com.java.SeleniumDriver] [  845] - Datavalue is----------null
[DEBUG][2015-12-21 17:30:38,498][com.java.SeleniumDriver] [  863] - Exception: null
[INFO ][2015-12-21 17:30:38,498][com.java.SeleniumDriver] [  869] - DataField : BTNparent
[INFO ][2015-12-21 17:30:38,498][com.java.SeleniumDriver] [  871] - DataValue : 
[INFO ][2015-12-21 17:30:38,498][com.java.SeleniumDriver] [  877] - <In Set values of the page>
[INFO ][2015-12-21 17:30:38,498][com.java.SeleniumDriver] [  880] - {Data Fields & Data Values Exist}
[INFO ][2015-12-21 17:30:38,498][com.java.SeleniumDriver] [  882] - --------------------------setting values-----------------------------
[INFO ][2015-12-21 17:30:38,498][com.java.SeleniumDriver] [  885] - Action Type : SELECTFRAME
[INFO ][2015-12-21 17:30:38,508][com.java.SeleniumDriver] [  894] -  RESULT true
[INFO ][2015-12-21 17:30:38,508][com.java.SeleniumDriver] [ 1100] - ?   P A S S   ?
[INFO ][2015-12-21 17:30:38,508][com.java.SeleniumDriver] [  821] - ------------------------------------------
[INFO ][2015-12-21 17:30:38,508][com.java.SeleniumDriver] [  822] - Test case being Executed: 26
[INFO ][2015-12-21 17:30:38,508][com.java.SeleniumDriver] [  833] - Test step:10
[INFO ][2015-12-21 17:30:38,508][com.java.SeleniumDriver] [  845] - Datavalue is----------null
[DEBUG][2015-12-21 17:30:38,508][com.java.SeleniumDriver] [  863] - Exception: null
[INFO ][2015-12-21 17:30:38,508][com.java.SeleniumDriver] [  869] - DataField : XPH//span[@class="ui-button-text" and contains(text(),'Finished')]
[INFO ][2015-12-21 17:30:38,508][com.java.SeleniumDriver] [  871] - DataValue : 
[INFO ][2015-12-21 17:30:38,508][com.java.SeleniumDriver] [  877] - <In Set values of the page>
[INFO ][2015-12-21 17:30:38,508][com.java.SeleniumDriver] [  880] - {Data Fields & Data Values Exist}
[INFO ][2015-12-21 17:30:38,508][com.java.SeleniumDriver] [  882] - --------------------------setting values-----------------------------
[INFO ][2015-12-21 17:30:38,508][com.java.SeleniumDriver] [  885] - Action Type : CLICK
[INFO ][2015-12-21 17:30:38,508][com.java.TestType] [ 5956] - Field ::XPH//span[@class="ui-button-text" and contains(text(),'Finished')]
[INFO ][2015-12-21 17:30:38,508][com.java.TestType] [ 5577] - value = 
[INFO ][2015-12-21 17:30:39,508][com.java.TestType] [ 6093] - BEFORE CLICK
[INFO ][2015-12-21 17:30:40,558][com.java.TestType] [ 6101] - Unable to click the object Finish Button
[INFO ][2015-12-21 17:30:40,558][com.java.SeleniumDriver] [  894] -  RESULT true
[INFO ][2015-12-21 17:30:40,558][com.java.SeleniumDriver] [ 1100] - ?   P A S S   ?
[INFO ][2015-12-21 17:30:40,558][com.java.SeleniumDriver] [  821] - ------------------------------------------
[INFO ][2015-12-21 17:30:40,558][com.java.SeleniumDriver] [  822] - Test case being Executed: 26
[INFO ][2015-12-21 17:30:40,558][com.java.SeleniumDriver] [  833] - Test step:11
[INFO ][2015-12-21 17:30:40,558][com.java.SeleniumDriver] [  845] - Datavalue is----------null
[DEBUG][2015-12-21 17:30:40,558][com.java.SeleniumDriver] [  863] - Exception: null
[INFO ][2015-12-21 17:30:40,558][com.java.SeleniumDriver] [  869] - DataField : BTNcloseAllTabs
[INFO ][2015-12-21 17:30:40,558][com.java.SeleniumDriver] [  871] - DataValue : 
[INFO ][2015-12-21 17:30:40,558][com.java.SeleniumDriver] [  877] - <In Set values of the page>
[INFO ][2015-12-21 17:30:40,558][com.java.SeleniumDriver] [  880] - {Data Fields & Data Values Exist}
[INFO ][2015-12-21 17:30:40,558][com.java.SeleniumDriver] [  882] - --------------------------setting values-----------------------------
[INFO ][2015-12-21 17:30:40,558][com.java.SeleniumDriver] [  885] - Action Type : CLICK
[INFO ][2015-12-21 17:30:40,558][com.java.TestType] [ 5956] - Field ::BTNcloseAllTabs
[INFO ][2015-12-21 17:30:40,558][com.java.TestType] [ 5577] - value = 
[INFO ][2015-12-21 17:30:41,559][com.java.TestType] [ 6072] - BEFORE CLICK
[INFO ][2015-12-21 17:30:43,132][com.java.TestType] [ 6079] - Unable to click the object Close all tabs
[INFO ][2015-12-21 17:30:43,132][com.java.SeleniumDriver] [  894] -  RESULT true
[INFO ][2015-12-21 17:30:43,132][com.java.SeleniumDriver] [ 1100] - ?   P A S S   ?
[INFO ][2015-12-21 17:30:43,132][com.java.SeleniumDriver] [  821] - ------------------------------------------
[INFO ][2015-12-21 17:30:43,132][com.java.SeleniumDriver] [  822] - Test case being Executed: 26
[INFO ][2015-12-21 17:30:43,132][com.java.SeleniumDriver] [  833] - Test step:12
[INFO ][2015-12-21 17:30:43,132][com.java.SeleniumDriver] [  845] - Datavalue is----------5
[INFO ][2015-12-21 17:30:43,132][com.java.SeleniumDriver] [  869] - DataField : XPH//span[@class="icon-coin"]
[INFO ][2015-12-21 17:30:43,132][com.java.SeleniumDriver] [  871] - DataValue : 5
[INFO ][2015-12-21 17:30:43,132][com.java.SeleniumDriver] [  877] - <In Set values of the page>
[INFO ][2015-12-21 17:30:43,132][com.java.SeleniumDriver] [  880] - {Data Fields & Data Values Exist}
[INFO ][2015-12-21 17:30:43,132][com.java.SeleniumDriver] [  882] - --------------------------setting values-----------------------------
[INFO ][2015-12-21 17:30:43,132][com.java.SeleniumDriver] [  885] - Action Type : WAITFORELEMENT
[INFO ][2015-12-21 17:30:43,162][com.java.SeleniumDriver] [  894] -  RESULT true
[INFO ][2015-12-21 17:30:43,162][com.java.SeleniumDriver] [ 1100] - ?   P A S S   ?
[INFO ][2015-12-21 17:30:43,162][com.java.SeleniumDriver] [  821] - ------------------------------------------
[INFO ][2015-12-21 17:30:43,162][com.java.SeleniumDriver] [  822] - Test case being Executed: 26
[INFO ][2015-12-21 17:30:43,162][com.java.SeleniumDriver] [  833] - Test step:13
[INFO ][2015-12-21 17:30:43,162][com.java.SeleniumDriver] [  845] - Datavalue is----------null
[DEBUG][2015-12-21 17:30:43,162][com.java.SeleniumDriver] [  863] - Exception: null
[INFO ][2015-12-21 17:30:43,162][com.java.SeleniumDriver] [  869] - DataField : //span[@class="icon-coin"]&&//a[text()='Balance Sheet']&&//a[@data-id="BSCompare"]
[INFO ][2015-12-21 17:30:43,162][com.java.SeleniumDriver] [  871] - DataValue : 
[INFO ][2015-12-21 17:30:43,162][com.java.SeleniumDriver] [  877] - <In Set values of the page>
[INFO ][2015-12-21 17:30:43,162][com.java.SeleniumDriver] [  880] - {Data Fields & Data Values Exist}
[INFO ][2015-12-21 17:30:43,162][com.java.SeleniumDriver] [  882] - --------------------------setting values-----------------------------
[INFO ][2015-12-21 17:30:43,162][com.java.SeleniumDriver] [  885] - Action Type : MOUSEOVER
[INFO ][2015-12-21 17:31:09,812][com.java.SeleniumDriver] [  894] -  RESULT true
[INFO ][2015-12-21 17:31:09,812][com.java.SeleniumDriver] [ 1100] - ?   P A S S   ?
[INFO ][2015-12-21 17:31:09,812][com.java.SeleniumDriver] [  821] - ------------------------------------------
[INFO ][2015-12-21 17:31:09,812][com.java.SeleniumDriver] [  822] - Test case being Executed: 26
[INFO ][2015-12-21 17:31:09,812][com.java.SeleniumDriver] [  833] - Test step:14
[INFO ][2015-12-21 17:31:09,812][com.java.SeleniumDriver] [  845] - Datavalue is----------4
[INFO ][2015-12-21 17:31:09,812][com.java.SeleniumDriver] [  869] - DataField : XPH//span[contains(text(),'Show Report')]
[INFO ][2015-12-21 17:31:09,812][com.java.SeleniumDriver] [  871] - DataValue : 4
[INFO ][2015-12-21 17:31:09,812][com.java.SeleniumDriver] [  877] - <In Set values of the page>
[INFO ][2015-12-21 17:31:09,812][com.java.SeleniumDriver] [  880] - {Data Fields & Data Values Exist}
[INFO ][2015-12-21 17:31:09,812][com.java.SeleniumDriver] [  882] - --------------------------setting values-----------------------------
[INFO ][2015-12-21 17:31:09,812][com.java.SeleniumDriver] [  885] - Action Type : WAITFORELEMENT
[INFO ][2015-12-21 17:31:09,853][com.java.SeleniumDriver] [  894] -  RESULT true
[INFO ][2015-12-21 17:31:09,853][com.java.SeleniumDriver] [ 1100] - ?   P A S S   ?
[INFO ][2015-12-21 17:31:09,853][com.java.SeleniumDriver] [  821] - ------------------------------------------
[INFO ][2015-12-21 17:31:09,853][com.java.SeleniumDriver] [  822] - Test case being Executed: 26
[INFO ][2015-12-21 17:31:09,853][com.java.SeleniumDriver] [  833] - Test step:15
[INFO ][2015-12-21 17:31:09,853][com.java.SeleniumDriver] [  845] - Datavalue is----------2
[INFO ][2015-12-21 17:31:09,853][com.java.SeleniumDriver] [  869] - DataField : BTNframeDialogContent
[INFO ][2015-12-21 17:31:09,853][com.java.SeleniumDriver] [  871] - DataValue : 2
[INFO ][2015-12-21 17:31:09,853][com.java.SeleniumDriver] [  877] - <In Set values of the page>
[INFO ][2015-12-21 17:31:09,853][com.java.SeleniumDriver] [  880] - {Data Fields & Data Values Exist}
[INFO ][2015-12-21 17:31:09,853][com.java.SeleniumDriver] [  882] - --------------------------setting values-----------------------------
[INFO ][2015-12-21 17:31:09,853][com.java.SeleniumDriver] [  885] - Action Type : WAITFORELEMENT
[INFO ][2015-12-21 17:31:11,043][com.java.SeleniumDriver] [  894] -  RESULT true
[INFO ][2015-12-21 17:31:11,043][com.java.SeleniumDriver] [ 1100] - ?   P A S S   ?
[INFO ][2015-12-21 17:31:11,043][com.java.SeleniumDriver] [  821] - ------------------------------------------
[INFO ][2015-12-21 17:31:11,043][com.java.SeleniumDriver] [  822] - Test case being Executed: 26
[INFO ][2015-12-21 17:31:11,043][com.java.SeleniumDriver] [  833] - Test step:16
[INFO ][2015-12-21 17:31:11,043][com.java.SeleniumDriver] [  845] - Datavalue is----------dt:BSCompare
[INFO ][2015-12-21 17:31:11,043][com.java.SeleniumDriver] [  869] - DataField : XPH//span[@class="ui-dialog-title"]
[INFO ][2015-12-21 17:31:11,043][com.java.SeleniumDriver] [  871] - DataValue : dt:BSCompare
[INFO ][2015-12-21 17:31:11,043][com.java.SeleniumDriver] [  877] - <In Set values of the page>
[INFO ][2015-12-21 17:31:11,043][com.java.SeleniumDriver] [  880] - {Data Fields & Data Values Exist}
[INFO ][2015-12-21 17:31:11,043][com.java.SeleniumDriver] [  882] - --------------------------setting values-----------------------------
[INFO ][2015-12-21 17:31:11,043][com.java.SeleniumDriver] [  885] - Action Type : VERIFY
[INFO ][2015-12-21 17:31:11,043][com.java.TestType] [ 6921] - field= XPH//span[@class="ui-dialog-title"] value= dt:BSCompare
[INFO ][2015-12-21 17:31:11,043][com.java.TestType] [ 5577] - value = Balance Sheet Compare
[INFO ][2015-12-21 17:31:11,194][com.java.SeleniumDriver] [  894] -  RESULT true
[INFO ][2015-12-21 17:31:11,194][com.java.SeleniumDriver] [ 1100] - ?   P A S S   ?
[INFO ][2015-12-21 17:31:11,194][com.java.SeleniumDriver] [  821] - ------------------------------------------
[INFO ][2015-12-21 17:31:11,194][com.java.SeleniumDriver] [  822] - Test case being Executed: 26
[INFO ][2015-12-21 17:31:11,194][com.java.SeleniumDriver] [  833] - Test step:17
[INFO ][2015-12-21 17:31:11,194][com.java.SeleniumDriver] [  845] - Datavalue is----------null
[DEBUG][2015-12-21 17:31:11,194][com.java.SeleniumDriver] [  863] - Exception: null
[INFO ][2015-12-21 17:31:11,194][com.java.SeleniumDriver] [  869] - DataField : BTNframeDialogContent
[INFO ][2015-12-21 17:31:11,194][com.java.SeleniumDriver] [  871] - DataValue : 
[INFO ][2015-12-21 17:31:11,194][com.java.SeleniumDriver] [  877] - <In Set values of the page>
[INFO ][2015-12-21 17:31:11,194][com.java.SeleniumDriver] [  880] - {Data Fields & Data Values Exist}
[INFO ][2015-12-21 17:31:11,194][com.java.SeleniumDriver] [  882] - --------------------------setting values-----------------------------
[INFO ][2015-12-21 17:31:11,194][com.java.SeleniumDriver] [  885] - Action Type : SELECTFRAME
[INFO ][2015-12-21 17:31:12,435][com.java.SeleniumDriver] [  894] -  RESULT true
[INFO ][2015-12-21 17:31:12,435][com.java.SeleniumDriver] [ 1100] - ?   P A S S   ?
[INFO ][2015-12-21 17:31:12,435][com.java.SeleniumDriver] [  821] - ------------------------------------------
[INFO ][2015-12-21 17:31:12,435][com.java.SeleniumDriver] [  822] - Test case being Executed: 26
[INFO ][2015-12-21 17:31:12,435][com.java.SeleniumDriver] [  833] - Test step:18
[INFO ][2015-12-21 17:31:12,435][com.java.SeleniumDriver] [  845] - Datavalue is----------4
[INFO ][2015-12-21 17:31:12,435][com.java.SeleniumDriver] [  869] - DataField : BTNcbExpandCenters
[INFO ][2015-12-21 17:31:12,435][com.java.SeleniumDriver] [  871] - DataValue : 4
[INFO ][2015-12-21 17:31:12,435][com.java.SeleniumDriver] [  877] - <In Set values of the page>
[INFO ][2015-12-21 17:31:12,435][com.java.SeleniumDriver] [  880] - {Data Fields & Data Values Exist}
[INFO ][2015-12-21 17:31:12,435][com.java.SeleniumDriver] [  882] - --------------------------setting values-----------------------------
[INFO ][2015-12-21 17:31:12,435][com.java.SeleniumDriver] [  885] - Action Type : WAITFORELEMENT
[INFO ][2015-12-21 17:31:13,475][com.java.SeleniumDriver] [  894] -  RESULT true
[INFO ][2015-12-21 17:31:13,475][com.java.SeleniumDriver] [ 1100] - ?   P A S S   ?
[INFO ][2015-12-21 17:31:13,475][com.java.SeleniumDriver] [  821] - ------------------------------------------
[INFO ][2015-12-21 17:31:13,475][com.java.SeleniumDriver] [  822] - Test case being Executed: 26
[INFO ][2015-12-21 17:31:13,475][com.java.SeleniumDriver] [  833] - Test step:19
[INFO ][2015-12-21 17:31:13,475][com.java.SeleniumDriver] [  845] - Datavalue is----------index:1
[INFO ][2015-12-21 17:31:13,475][com.java.SeleniumDriver] [  869] - DataField : COBddlView
[INFO ][2015-12-21 17:31:13,475][com.java.SeleniumDriver] [  871] - DataValue : index:1
[INFO ][2015-12-21 17:31:13,475][com.java.SeleniumDriver] [  877] - <In Set values of the page>
[INFO ][2015-12-21 17:31:13,475][com.java.SeleniumDriver] [  880] - {Data Fields & Data Values Exist}
[INFO ][2015-12-21 17:31:13,475][com.java.SeleniumDriver] [  882] - --------------------------setting values-----------------------------
[INFO ][2015-12-21 17:31:13,475][com.java.SeleniumDriver] [  885] - Action Type : SELECT
[INFO ][2015-12-21 17:31:13,475][com.java.TestType] [ 5577] - value = 1
[INFO ][2015-12-21 17:31:14,577][com.java.TestType] [ 5695] -  In COB ddlView : 1
[INFO ][2015-12-21 17:31:14,757][com.java.SeleniumDriver] [  894] -  RESULT true
[INFO ][2015-12-21 17:31:14,757][com.java.SeleniumDriver] [ 1100] - ?   P A S S   ?
[INFO ][2015-12-21 17:31:14,757][com.java.SeleniumDriver] [  821] - ------------------------------------------
[INFO ][2015-12-21 17:31:14,757][com.java.SeleniumDriver] [  822] - Test case being Executed: 26
[INFO ][2015-12-21 17:31:14,757][com.java.SeleniumDriver] [  833] - Test step:20
[INFO ][2015-12-21 17:31:14,757][com.java.SeleniumDriver] [  845] - Datavalue is----------index:0
[INFO ][2015-12-21 17:31:14,757][com.java.SeleniumDriver] [  869] - DataField : COBddlProfitCenter
[INFO ][2015-12-21 17:31:14,757][com.java.SeleniumDriver] [  871] - DataValue : index:0
[INFO ][2015-12-21 17:31:14,757][com.java.SeleniumDriver] [  877] - <In Set values of the page>
[INFO ][2015-12-21 17:31:14,757][com.java.SeleniumDriver] [  880] - {Data Fields & Data Values Exist}
[INFO ][2015-12-21 17:31:14,757][com.java.SeleniumDriver] [  882] - --------------------------setting values-----------------------------
[INFO ][2015-12-21 17:31:14,757][com.java.SeleniumDriver] [  885] - Action Type : SELECT
[INFO ][2015-12-21 17:31:14,757][com.java.TestType] [ 5577] - value = 0
[INFO ][2015-12-21 17:31:15,918][com.java.TestType] [ 5695] -  In COB ddlProfitCenter : 0
[INFO ][2015-12-21 17:31:15,998][com.java.SeleniumDriver] [  894] -  RESULT true
[INFO ][2015-12-21 17:31:15,998][com.java.SeleniumDriver] [ 1100] - ?   P A S S   ?
[INFO ][2015-12-21 17:31:15,998][com.java.SeleniumDriver] [  821] - ------------------------------------------
[INFO ][2015-12-21 17:31:15,998][com.java.SeleniumDriver] [  822] - Test case being Executed: 26
[INFO ][2015-12-21 17:31:15,998][com.java.SeleniumDriver] [  833] - Test step:21
[INFO ][2015-12-21 17:31:15,998][com.java.SeleniumDriver] [  845] - Datavalue is----------null
[DEBUG][2015-12-21 17:31:15,998][com.java.SeleniumDriver] [  863] - Exception: null
[INFO ][2015-12-21 17:31:15,998][com.java.SeleniumDriver] [  869] - DataField : HDNcbExpandCenters
[INFO ][2015-12-21 17:31:15,998][com.java.SeleniumDriver] [  871] - DataValue : 
[INFO ][2015-12-21 17:31:15,998][com.java.SeleniumDriver] [  877] - <In Set values of the page>
[INFO ][2015-12-21 17:31:15,998][com.java.SeleniumDriver] [  880] - {Data Fields & Data Values Exist}
[INFO ][2015-12-21 17:31:15,998][com.java.SeleniumDriver] [  882] - --------------------------setting values-----------------------------
[INFO ][2015-12-21 17:31:15,998][com.java.SeleniumDriver] [  885] - Action Type : CLICK
[INFO ][2015-12-21 17:31:15,998][com.java.TestType] [ 5956] - Field ::HDNcbExpandCenters
[INFO ][2015-12-21 17:31:15,998][com.java.TestType] [ 5577] - value = 
[INFO ][2015-12-21 17:31:18,079][com.java.SeleniumDriver] [  894] -  RESULT true
[INFO ][2015-12-21 17:31:18,079][com.java.SeleniumDriver] [ 1100] - ?   P A S S   ?
[INFO ][2015-12-21 17:31:18,079][com.java.SeleniumDriver] [  821] - ------------------------------------------
[INFO ][2015-12-21 17:31:18,079][com.java.SeleniumDriver] [  822] - Test case being Executed: 26
[INFO ][2015-12-21 17:31:18,079][com.java.SeleniumDriver] [  833] - Test step:22
[INFO ][2015-12-21 17:31:18,079][com.java.SeleniumDriver] [  845] - Datavalue is----------null
[DEBUG][2015-12-21 17:31:18,079][com.java.SeleniumDriver] [  863] - Exception: null
[INFO ][2015-12-21 17:31:18,079][com.java.SeleniumDriver] [  869] - DataField : BTNparent
[INFO ][2015-12-21 17:31:18,079][com.java.SeleniumDriver] [  871] - DataValue : 
[INFO ][2015-12-21 17:31:18,079][com.java.SeleniumDriver] [  877] - <In Set values of the page>
[INFO ][2015-12-21 17:31:18,079][com.java.SeleniumDriver] [  880] - {Data Fields & Data Values Exist}
[INFO ][2015-12-21 17:31:18,079][com.java.SeleniumDriver] [  882] - --------------------------setting values-----------------------------
[INFO ][2015-12-21 17:31:18,079][com.java.SeleniumDriver] [  885] - Action Type : SELECTFRAME
[INFO ][2015-12-21 17:31:18,089][com.java.SeleniumDriver] [  894] -  RESULT true
[INFO ][2015-12-21 17:31:18,089][com.java.SeleniumDriver] [ 1100] - ?   P A S S   ?
[INFO ][2015-12-21 17:31:18,089][com.java.SeleniumDriver] [  821] - ------------------------------------------
[INFO ][2015-12-21 17:31:18,089][com.java.SeleniumDriver] [  822] - Test case being Executed: 26
[INFO ][2015-12-21 17:31:18,089][com.java.SeleniumDriver] [  833] - Test step:23
[INFO ][2015-12-21 17:31:18,089][com.java.SeleniumDriver] [  845] - Datavalue is----------null
[DEBUG][2015-12-21 17:31:18,089][com.java.SeleniumDriver] [  863] - Exception: null
[INFO ][2015-12-21 17:31:18,089][com.java.SeleniumDriver] [  869] - DataField : XPH//span[contains(text(),'Show Report')]
[INFO ][2015-12-21 17:31:18,089][com.java.SeleniumDriver] [  871] - DataValue : 
[INFO ][2015-12-21 17:31:18,089][com.java.SeleniumDriver] [  877] - <In Set values of the page>
[INFO ][2015-12-21 17:31:18,089][com.java.SeleniumDriver] [  880] - {Data Fields & Data Values Exist}
[INFO ][2015-12-21 17:31:18,089][com.java.SeleniumDriver] [  882] - --------------------------setting values-----------------------------
[INFO ][2015-12-21 17:31:18,089][com.java.SeleniumDriver] [  885] - Action Type : CLICK
[INFO ][2015-12-21 17:31:18,089][com.java.TestType] [ 5956] - Field ::XPH//span[contains(text(),'Show Report')]
[INFO ][2015-12-21 17:31:18,089][com.java.TestType] [ 5577] - value = 
[INFO ][2015-12-21 17:31:19,089][com.java.TestType] [ 6093] - BEFORE CLICK
[INFO ][2015-12-21 17:31:20,529][com.java.TestType] [ 6101] - Unable to click the object Show Report button
[INFO ][2015-12-21 17:31:20,529][com.java.SeleniumDriver] [  894] -  RESULT true
[INFO ][2015-12-21 17:31:20,529][com.java.SeleniumDriver] [ 1100] - ?   P A S S   ?
[INFO ][2015-12-21 17:31:20,529][com.java.SeleniumDriver] [  821] - ------------------------------------------
[INFO ][2015-12-21 17:31:20,529][com.java.SeleniumDriver] [  822] - Test case being Executed: 26
[INFO ][2015-12-21 17:31:20,529][com.java.SeleniumDriver] [  833] - Test step:24
[INFO ][2015-12-21 17:31:20,529][com.java.SeleniumDriver] [  845] - Datavalue is----------3
[INFO ][2015-12-21 17:31:20,529][com.java.SeleniumDriver] [  869] - DataField : XPH//img[@id='loading']
[INFO ][2015-12-21 17:31:20,529][com.java.SeleniumDriver] [  871] - DataValue : 3
[INFO ][2015-12-21 17:31:20,529][com.java.SeleniumDriver] [  877] - <In Set values of the page>
[INFO ][2015-12-21 17:31:20,529][com.java.SeleniumDriver] [  880] - {Data Fields & Data Values Exist}
[INFO ][2015-12-21 17:31:20,529][com.java.SeleniumDriver] [  882] - --------------------------setting values-----------------------------
[INFO ][2015-12-21 17:31:20,529][com.java.SeleniumDriver] [  885] - Action Type : WaitForElement
[INFO ][2015-12-21 17:31:20,620][com.java.SeleniumDriver] [  894] -  RESULT true
[INFO ][2015-12-21 17:31:20,620][com.java.SeleniumDriver] [ 1100] - ?   P A S S   ?
[INFO ][2015-12-21 17:31:20,620][com.java.SeleniumDriver] [  821] - ------------------------------------------
[INFO ][2015-12-21 17:31:20,620][com.java.SeleniumDriver] [  822] - Test case being Executed: 26
[INFO ][2015-12-21 17:31:20,620][com.java.SeleniumDriver] [  833] - Test step:25
[INFO ][2015-12-21 17:31:20,620][com.java.SeleniumDriver] [  845] - Datavalue is----------90
[INFO ][2015-12-21 17:31:20,620][com.java.SeleniumDriver] [  869] - DataField : XPH//img[@id='loading']
[INFO ][2015-12-21 17:31:20,620][com.java.SeleniumDriver] [  871] - DataValue : 90
[INFO ][2015-12-21 17:31:20,620][com.java.SeleniumDriver] [  877] - <In Set values of the page>
[INFO ][2015-12-21 17:31:20,620][com.java.SeleniumDriver] [  880] - {Data Fields & Data Values Exist}
[INFO ][2015-12-21 17:31:20,620][com.java.SeleniumDriver] [  882] - --------------------------setting values-----------------------------
[INFO ][2015-12-21 17:31:20,620][com.java.SeleniumDriver] [  885] - Action Type : waitForElementNotPresent
[INFO ][2015-12-21 17:31:21,807][com.java.SeleniumDriver] [  894] -  RESULT true
[INFO ][2015-12-21 17:31:21,807][com.java.SeleniumDriver] [ 1100] - ?   P A S S   ?
[INFO ][2015-12-21 17:31:21,807][com.java.SeleniumDriver] [  821] - ------------------------------------------
[INFO ][2015-12-21 17:31:21,807][com.java.SeleniumDriver] [  822] - Test case being Executed: 26
[INFO ][2015-12-21 17:31:21,807][com.java.SeleniumDriver] [  833] - Test step:26
[INFO ][2015-12-21 17:31:21,807][com.java.SeleniumDriver] [  845] - Datavalue is----------dt:BSCompare
[INFO ][2015-12-21 17:31:21,807][com.java.SeleniumDriver] [  869] - DataField : XPH//td[@class="ReportTitle"]
[INFO ][2015-12-21 17:31:21,807][com.java.SeleniumDriver] [  871] - DataValue : dt:BSCompare
[INFO ][2015-12-21 17:31:21,807][com.java.SeleniumDriver] [  877] - <In Set values of the page>
[INFO ][2015-12-21 17:31:21,807][com.java.SeleniumDriver] [  880] - {Data Fields & Data Values Exist}
[INFO ][2015-12-21 17:31:21,807][com.java.SeleniumDriver] [  882] - --------------------------setting values-----------------------------
[INFO ][2015-12-21 17:31:21,807][com.java.SeleniumDriver] [  885] - Action Type : VERIFY
[INFO ][2015-12-21 17:31:21,807][com.java.TestType] [ 6921] - field= XPH//td[@class="ReportTitle"] value= dt:BSCompare
[INFO ][2015-12-21 17:31:21,807][com.java.TestType] [ 5577] - value = Balance Sheet Compare
[INFO ][2015-12-21 17:31:21,978][com.java.SeleniumDriver] [  894] -  RESULT true
[INFO ][2015-12-21 17:31:21,978][com.java.SeleniumDriver] [ 1100] - ?   P A S S   ?
[INFO ][2015-12-21 17:31:21,978][com.java.SeleniumDriver] [  821] - ------------------------------------------
[INFO ][2015-12-21 17:31:21,978][com.java.SeleniumDriver] [  822] - Test case being Executed: 26
[INFO ][2015-12-21 17:31:21,978][com.java.SeleniumDriver] [  833] - Test step:27
[INFO ][2015-12-21 17:31:21,978][com.java.SeleniumDriver] [  845] - Datavalue is----------null
[DEBUG][2015-12-21 17:31:21,978][com.java.SeleniumDriver] [  863] - Exception: null
[INFO ][2015-12-21 17:31:21,978][com.java.SeleniumDriver] [  869] - DataField : HDN//div[@class="menu"]//span[@class="icon-file-pdf"]
[INFO ][2015-12-21 17:31:21,978][com.java.SeleniumDriver] [  871] - DataValue : 
[INFO ][2015-12-21 17:31:21,978][com.java.SeleniumDriver] [  877] - <In Set values of the page>
[INFO ][2015-12-21 17:31:21,978][com.java.SeleniumDriver] [  880] - {Data Fields & Data Values Exist}
[INFO ][2015-12-21 17:31:21,978][com.java.SeleniumDriver] [  882] - --------------------------setting values-----------------------------
[INFO ][2015-12-21 17:31:21,978][com.java.SeleniumDriver] [  885] - Action Type : CLICK
[INFO ][2015-12-21 17:31:21,978][com.java.TestType] [ 5956] - Field ::HDN//div[@class="menu"]//span[@class="icon-file-pdf"]
[INFO ][2015-12-21 17:31:21,978][com.java.TestType] [ 5577] - value = 
[INFO ][2015-12-21 17:31:23,449][com.java.SeleniumDriver] [  894] -  RESULT true
[INFO ][2015-12-21 17:31:23,449][com.java.SeleniumDriver] [ 1100] - ?   P A S S   ?
[INFO ][2015-12-21 17:31:23,449][com.java.SeleniumDriver] [  821] - ------------------------------------------
[INFO ][2015-12-21 17:31:23,449][com.java.SeleniumDriver] [  822] - Test case being Executed: 26
[INFO ][2015-12-21 17:31:23,449][com.java.SeleniumDriver] [  833] - Test step:28
[INFO ][2015-12-21 17:31:23,449][com.java.SeleniumDriver] [  845] - Datavalue is----------3
[INFO ][2015-12-21 17:31:23,449][com.java.SeleniumDriver] [  869] - DataField : XPH//img[@id='loading']
[INFO ][2015-12-21 17:31:23,449][com.java.SeleniumDriver] [  871] - DataValue : 3
[INFO ][2015-12-21 17:31:23,449][com.java.SeleniumDriver] [  877] - <In Set values of the page>
[INFO ][2015-12-21 17:31:23,449][com.java.SeleniumDriver] [  880] - {Data Fields & Data Values Exist}
[INFO ][2015-12-21 17:31:23,449][com.java.SeleniumDriver] [  882] - --------------------------setting values-----------------------------
[INFO ][2015-12-21 17:31:23,449][com.java.SeleniumDriver] [  885] - Action Type : WaitForElement
[INFO ][2015-12-21 17:31:23,499][com.java.SeleniumDriver] [  894] -  RESULT true
[INFO ][2015-12-21 17:31:23,499][com.java.SeleniumDriver] [ 1100] - ?   P A S S   ?
[INFO ][2015-12-21 17:31:23,499][com.java.SeleniumDriver] [  821] - ------------------------------------------
[INFO ][2015-12-21 17:31:23,499][com.java.SeleniumDriver] [  822] - Test case being Executed: 26
[INFO ][2015-12-21 17:31:23,499][com.java.SeleniumDriver] [  833] - Test step:29
[INFO ][2015-12-21 17:31:23,499][com.java.SeleniumDriver] [  845] - Datavalue is----------90
[INFO ][2015-12-21 17:31:23,499][com.java.SeleniumDriver] [  869] - DataField : XPH//img[@id='loading']
[INFO ][2015-12-21 17:31:23,499][com.java.SeleniumDriver] [  871] - DataValue : 90
[INFO ][2015-12-21 17:31:23,499][com.java.SeleniumDriver] [  877] - <In Set values of the page>
[INFO ][2015-12-21 17:31:23,499][com.java.SeleniumDriver] [  880] - {Data Fields & Data Values Exist}
[INFO ][2015-12-21 17:31:23,499][com.java.SeleniumDriver] [  882] - --------------------------setting values-----------------------------
[INFO ][2015-12-21 17:31:23,499][com.java.SeleniumDriver] [  885] - Action Type : waitForElementNotPresent
[INFO ][2015-12-21 17:31:27,920][com.java.SeleniumDriver] [  894] -  RESULT true
[INFO ][2015-12-21 17:31:27,920][com.java.SeleniumDriver] [ 1100] - ?   P A S S   ?
[INFO ][2015-12-21 17:31:27,920][com.java.SeleniumDriver] [  821] - ------------------------------------------
[INFO ][2015-12-21 17:31:27,920][com.java.SeleniumDriver] [  822] - Test case being Executed: 26
[INFO ][2015-12-21 17:31:27,920][com.java.SeleniumDriver] [  833] - Test step:30
[INFO ][2015-12-21 17:31:27,920][com.java.SeleniumDriver] [  845] - Datavalue is----------dt:BSCompare
[INFO ][2015-12-21 17:31:27,920][com.java.SeleniumDriver] [  869] - DataField : XPH//td[@class="ReportTitle"]
[INFO ][2015-12-21 17:31:27,920][com.java.SeleniumDriver] [  871] - DataValue : dt:BSCompare
[INFO ][2015-12-21 17:31:27,920][com.java.SeleniumDriver] [  877] - <In Set values of the page>
[INFO ][2015-12-21 17:31:27,920][com.java.SeleniumDriver] [  880] - {Data Fields & Data Values Exist}
[INFO ][2015-12-21 17:31:27,920][com.java.SeleniumDriver] [  882] - --------------------------setting values-----------------------------
[INFO ][2015-12-21 17:31:27,920][com.java.SeleniumDriver] [  885] - Action Type : VERIFY
[INFO ][2015-12-21 17:31:27,920][com.java.TestType] [ 6921] - field= XPH//td[@class="ReportTitle"] value= dt:BSCompare
[INFO ][2015-12-21 17:31:27,920][com.java.TestType] [ 5577] - value = Balance Sheet Compare
[INFO ][2015-12-21 17:31:28,061][com.java.SeleniumDriver] [  894] -  RESULT true
[INFO ][2015-12-21 17:31:28,061][com.java.SeleniumDriver] [ 1100] - ?   P A S S   ?
[INFO ][2015-12-21 17:31:28,061][com.java.SeleniumDriver] [  821] - ------------------------------------------
[INFO ][2015-12-21 17:31:28,061][com.java.SeleniumDriver] [  822] - Test case being Executed: 26
[INFO ][2015-12-21 17:31:28,061][com.java.SeleniumDriver] [  833] - Test step:31
[INFO ][2015-12-21 17:31:28,061][com.java.SeleniumDriver] [  845] - Datavalue is----------null
[DEBUG][2015-12-21 17:31:28,061][com.java.SeleniumDriver] [  863] - Exception: null
[INFO ][2015-12-21 17:31:28,061][com.java.SeleniumDriver] [  869] - DataField : //span[@class='icon-cog2']&&//a[@data-id="UserSettings"]
[INFO ][2015-12-21 17:31:28,061][com.java.SeleniumDriver] [  871] - DataValue : 
[INFO ][2015-12-21 17:31:28,061][com.java.SeleniumDriver] [  877] - <In Set values of the page>
[INFO ][2015-12-21 17:31:28,061][com.java.SeleniumDriver] [  880] - {Data Fields & Data Values Exist}
[INFO ][2015-12-21 17:31:28,061][com.java.SeleniumDriver] [  882] - --------------------------setting values-----------------------------
[INFO ][2015-12-21 17:31:28,061][com.java.SeleniumDriver] [  885] - Action Type : MOUSEOVER
[INFO ][2015-12-21 17:31:52,243][com.java.SeleniumDriver] [  894] -  RESULT true
[INFO ][2015-12-21 17:31:52,243][com.java.SeleniumDriver] [ 1100] - ?   P A S S   ?
[INFO ][2015-12-21 17:31:52,243][com.java.SeleniumDriver] [  821] - ------------------------------------------
[INFO ][2015-12-21 17:31:52,243][com.java.SeleniumDriver] [  822] - Test case being Executed: 26
[INFO ][2015-12-21 17:31:52,243][com.java.SeleniumDriver] [  833] - Test step:32
[INFO ][2015-12-21 17:31:52,243][com.java.SeleniumDriver] [  845] - Datavalue is----------2
[INFO ][2015-12-21 17:31:52,243][com.java.SeleniumDriver] [  869] - DataField : BTNframeDialogContent
[INFO ][2015-12-21 17:31:52,243][com.java.SeleniumDriver] [  871] - DataValue : 2
[INFO ][2015-12-21 17:31:52,243][com.java.SeleniumDriver] [  877] - <In Set values of the page>
[INFO ][2015-12-21 17:31:52,243][com.java.SeleniumDriver] [  880] - {Data Fields & Data Values Exist}
[INFO ][2015-12-21 17:31:52,243][com.java.SeleniumDriver] [  882] - --------------------------setting values-----------------------------
[INFO ][2015-12-21 17:31:52,243][com.java.SeleniumDriver] [  885] - Action Type : WAITFORELEMENT
[INFO ][2015-12-21 17:31:53,436][com.java.SeleniumDriver] [  894] -  RESULT true
[INFO ][2015-12-21 17:31:53,436][com.java.SeleniumDriver] [ 1100] - ?   P A S S   ?
[INFO ][2015-12-21 17:31:53,436][com.java.SeleniumDriver] [  821] - ------------------------------------------
[INFO ][2015-12-21 17:31:53,436][com.java.SeleniumDriver] [  822] - Test case being Executed: 26
[INFO ][2015-12-21 17:31:53,436][com.java.SeleniumDriver] [  833] - Test step:33
[INFO ][2015-12-21 17:31:53,436][com.java.SeleniumDriver] [  845] - Datavalue is----------User Settings
[INFO ][2015-12-21 17:31:53,436][com.java.SeleniumDriver] [  869] - DataField : XPH//span[@class="ui-dialog-title"]
[INFO ][2015-12-21 17:31:53,436][com.java.SeleniumDriver] [  871] - DataValue : User Settings
[INFO ][2015-12-21 17:31:53,436][com.java.SeleniumDriver] [  877] - <In Set values of the page>
[INFO ][2015-12-21 17:31:53,436][com.java.SeleniumDriver] [  880] - {Data Fields & Data Values Exist}
[INFO ][2015-12-21 17:31:53,436][com.java.SeleniumDriver] [  882] - --------------------------setting values-----------------------------
[INFO ][2015-12-21 17:31:53,436][com.java.SeleniumDriver] [  885] - Action Type : VERIFY
[INFO ][2015-12-21 17:31:53,436][com.java.TestType] [ 6921] - field= XPH//span[@class="ui-dialog-title"] value= User Settings
[INFO ][2015-12-21 17:31:53,436][com.java.TestType] [ 5577] - value = User Settings
[INFO ][2015-12-21 17:31:53,577][com.java.SeleniumDriver] [  894] -  RESULT true
[INFO ][2015-12-21 17:31:53,577][com.java.SeleniumDriver] [ 1100] - ?   P A S S   ?
[INFO ][2015-12-21 17:31:53,577][com.java.SeleniumDriver] [  821] - ------------------------------------------
[INFO ][2015-12-21 17:31:53,577][com.java.SeleniumDriver] [  822] - Test case being Executed: 26
[INFO ][2015-12-21 17:31:53,577][com.java.SeleniumDriver] [  833] - Test step:34
[INFO ][2015-12-21 17:31:53,577][com.java.SeleniumDriver] [  845] - Datavalue is----------null
[DEBUG][2015-12-21 17:31:53,577][com.java.SeleniumDriver] [  863] - Exception: null
[INFO ][2015-12-21 17:31:53,577][com.java.SeleniumDriver] [  869] - DataField : BTNframeDialogContent
[INFO ][2015-12-21 17:31:53,577][com.java.SeleniumDriver] [  871] - DataValue : 
[INFO ][2015-12-21 17:31:53,577][com.java.SeleniumDriver] [  877] - <In Set values of the page>
[INFO ][2015-12-21 17:31:53,577][com.java.SeleniumDriver] [  880] - {Data Fields & Data Values Exist}
[INFO ][2015-12-21 17:31:53,577][com.java.SeleniumDriver] [  882] - --------------------------setting values-----------------------------
[INFO ][2015-12-21 17:31:53,577][com.java.SeleniumDriver] [  885] - Action Type : SELECTFRAME
[INFO ][2015-12-21 17:31:54,813][com.java.SeleniumDriver] [  894] -  RESULT true
[INFO ][2015-12-21 17:31:54,813][com.java.SeleniumDriver] [ 1100] - ?   P A S S   ?
[INFO ][2015-12-21 17:31:54,813][com.java.SeleniumDriver] [  821] - ------------------------------------------
[INFO ][2015-12-21 17:31:54,813][com.java.SeleniumDriver] [  822] - Test case being Executed: 26
[INFO ][2015-12-21 17:31:54,813][com.java.SeleniumDriver] [  833] - Test step:35
[INFO ][2015-12-21 17:31:54,813][com.java.SeleniumDriver] [  845] - Datavalue is----------Yes
[INFO ][2015-12-21 17:31:54,813][com.java.SeleniumDriver] [  869] - DataField : SLBddlPDFToScreen
[INFO ][2015-12-21 17:31:54,813][com.java.SeleniumDriver] [  871] - DataValue : Yes
[INFO ][2015-12-21 17:31:54,813][com.java.SeleniumDriver] [  877] - <In Set values of the page>
[INFO ][2015-12-21 17:31:54,813][com.java.SeleniumDriver] [  880] - {Data Fields & Data Values Exist}
[INFO ][2015-12-21 17:31:54,813][com.java.SeleniumDriver] [  882] - --------------------------setting values-----------------------------
[INFO ][2015-12-21 17:31:54,813][com.java.SeleniumDriver] [  885] - Action Type : SELECT
[INFO ][2015-12-21 17:31:54,813][com.java.TestType] [ 5577] - value = Yes
[INFO ][2015-12-21 17:31:57,084][com.java.SeleniumDriver] [  894] -  RESULT true
[INFO ][2015-12-21 17:31:57,084][com.java.SeleniumDriver] [ 1100] - ?   P A S S   ?
[INFO ][2015-12-21 17:31:57,084][com.java.SeleniumDriver] [  821] - ------------------------------------------
[INFO ][2015-12-21 17:31:57,084][com.java.SeleniumDriver] [  822] - Test case being Executed: 26
[INFO ][2015-12-21 17:31:57,084][com.java.SeleniumDriver] [  833] - Test step:36
[INFO ][2015-12-21 17:31:57,084][com.java.SeleniumDriver] [  845] - Datavalue is----------null
[DEBUG][2015-12-21 17:31:57,084][com.java.SeleniumDriver] [  863] - Exception: null
[INFO ][2015-12-21 17:31:57,084][com.java.SeleniumDriver] [  869] - DataField : BTNparent
[INFO ][2015-12-21 17:31:57,084][com.java.SeleniumDriver] [  871] - DataValue : 
[INFO ][2015-12-21 17:31:57,084][com.java.SeleniumDriver] [  877] - <In Set values of the page>
[INFO ][2015-12-21 17:31:57,084][com.java.SeleniumDriver] [  880] - {Data Fields & Data Values Exist}
[INFO ][2015-12-21 17:31:57,084][com.java.SeleniumDriver] [  882] - --------------------------setting values-----------------------------
[INFO ][2015-12-21 17:31:57,084][com.java.SeleniumDriver] [  885] - Action Type : SELECTFRAME
[INFO ][2015-12-21 17:31:57,094][com.java.SeleniumDriver] [  894] -  RESULT true
[INFO ][2015-12-21 17:31:57,094][com.java.SeleniumDriver] [ 1100] - ?   P A S S   ?
[INFO ][2015-12-21 17:31:57,094][com.java.SeleniumDriver] [  821] - ------------------------------------------
[INFO ][2015-12-21 17:31:57,094][com.java.SeleniumDriver] [  822] - Test case being Executed: 26
[INFO ][2015-12-21 17:31:57,094][com.java.SeleniumDriver] [  833] - Test step:37
[INFO ][2015-12-21 17:31:57,094][com.java.SeleniumDriver] [  845] - Datavalue is----------null
[DEBUG][2015-12-21 17:31:57,094][com.java.SeleniumDriver] [  863] - Exception: null
[INFO ][2015-12-21 17:31:57,094][com.java.SeleniumDriver] [  869] - DataField : XPH//span[@class="ui-button-text" and contains(text(),'Finished')]
[INFO ][2015-12-21 17:31:57,094][com.java.SeleniumDriver] [  871] - DataValue : 
[INFO ][2015-12-21 17:31:57,094][com.java.SeleniumDriver] [  877] - <In Set values of the page>
[INFO ][2015-12-21 17:31:57,094][com.java.SeleniumDriver] [  880] - {Data Fields & Data Values Exist}
[INFO ][2015-12-21 17:31:57,094][com.java.SeleniumDriver] [  882] - --------------------------setting values-----------------------------
[INFO ][2015-12-21 17:31:57,094][com.java.SeleniumDriver] [  885] - Action Type : CLICK
[INFO ][2015-12-21 17:31:57,094][com.java.TestType] [ 5956] - Field ::XPH//span[@class="ui-button-text" and contains(text(),'Finished')]
[INFO ][2015-12-21 17:31:57,094][com.java.TestType] [ 5577] - value = 
[INFO ][2015-12-21 17:31:58,094][com.java.TestType] [ 6093] - BEFORE CLICK
[INFO ][2015-12-21 17:31:59,004][com.java.TestType] [ 6101] - Unable to click the object Finish Button
[INFO ][2015-12-21 17:31:59,004][com.java.SeleniumDriver] [  894] -  RESULT true
[INFO ][2015-12-21 17:31:59,004][com.java.SeleniumDriver] [ 1100] - ?   P A S S   ?
[INFO ][2015-12-21 17:31:59,004][com.java.SeleniumDriver] [  821] - ------------------------------------------
[INFO ][2015-12-21 17:31:59,004][com.java.SeleniumDriver] [  822] - Test case being Executed: 26
[INFO ][2015-12-21 17:31:59,004][com.java.SeleniumDriver] [  833] - Test step:38
[INFO ][2015-12-21 17:31:59,004][com.java.SeleniumDriver] [  845] - Datavalue is----------5
[INFO ][2015-12-21 17:31:59,004][com.java.SeleniumDriver] [  869] - DataField : XPH//span[@class="icon-coin"]
[INFO ][2015-12-21 17:31:59,004][com.java.SeleniumDriver] [  871] - DataValue : 5
[INFO ][2015-12-21 17:31:59,004][com.java.SeleniumDriver] [  877] - <In Set values of the page>
[INFO ][2015-12-21 17:31:59,004][com.java.SeleniumDriver] [  880] - {Data Fields & Data Values Exist}
[INFO ][2015-12-21 17:31:59,004][com.java.SeleniumDriver] [  882] - --------------------------setting values-----------------------------
[INFO ][2015-12-21 17:31:59,004][com.java.SeleniumDriver] [  885] - Action Type : WAITFORELEMENT
[INFO ][2015-12-21 17:31:59,035][com.java.SeleniumDriver] [  894] -  RESULT true
[INFO ][2015-12-21 17:31:59,035][com.java.SeleniumDriver] [ 1100] - ?   P A S S   ?
[INFO ][2015-12-21 17:31:59,035][com.java.SeleniumDriver] [  821] - ------------------------------------------
[INFO ][2015-12-21 17:31:59,035][com.java.SeleniumDriver] [  822] - Test case being Executed: 26
[INFO ][2015-12-21 17:31:59,035][com.java.SeleniumDriver] [  833] - Test step:39
[INFO ][2015-12-21 17:31:59,035][com.java.SeleniumDriver] [  845] - Datavalue is----------null
[DEBUG][2015-12-21 17:31:59,035][com.java.SeleniumDriver] [  863] - Exception: null
[INFO ][2015-12-21 17:31:59,035][com.java.SeleniumDriver] [  869] - DataField : HDN//div[@class="menu"]//span[@class="icon-file-pdf"]
[INFO ][2015-12-21 17:31:59,035][com.java.SeleniumDriver] [  871] - DataValue : 
[INFO ][2015-12-21 17:31:59,035][com.java.SeleniumDriver] [  877] - <In Set values of the page>
[INFO ][2015-12-21 17:31:59,035][com.java.SeleniumDriver] [  880] - {Data Fields & Data Values Exist}
[INFO ][2015-12-21 17:31:59,035][com.java.SeleniumDriver] [  882] - --------------------------setting values-----------------------------
[INFO ][2015-12-21 17:31:59,035][com.java.SeleniumDriver] [  885] - Action Type : CLICK
[INFO ][2015-12-21 17:31:59,035][com.java.TestType] [ 5956] - Field ::HDN//div[@class="menu"]//span[@class="icon-file-pdf"]
[INFO ][2015-12-21 17:31:59,035][com.java.TestType] [ 5577] - value = 
[INFO ][2015-12-21 17:32:04,019][com.java.SeleniumDriver] [  894] -  RESULT true
[INFO ][2015-12-21 17:32:04,019][com.java.SeleniumDriver] [ 1100] - ?   P A S S   ?
[INFO ][2015-12-21 17:32:04,019][com.java.SeleniumDriver] [  821] - ------------------------------------------
[INFO ][2015-12-21 17:32:04,019][com.java.SeleniumDriver] [  822] - Test case being Executed: 26
[INFO ][2015-12-21 17:32:04,019][com.java.SeleniumDriver] [  833] - Test step:40
[INFO ][2015-12-21 17:32:04,019][com.java.SeleniumDriver] [  845] - Datavalue is----------3
[INFO ][2015-12-21 17:32:04,019][com.java.SeleniumDriver] [  869] - DataField : XPH//img[@id='loading']
[INFO ][2015-12-21 17:32:04,019][com.java.SeleniumDriver] [  871] - DataValue : 3
[INFO ][2015-12-21 17:32:04,019][com.java.SeleniumDriver] [  877] - <In Set values of the page>
[INFO ][2015-12-21 17:32:04,019][com.java.SeleniumDriver] [  880] - {Data Fields & Data Values Exist}
[INFO ][2015-12-21 17:32:04,019][com.java.SeleniumDriver] [  882] - --------------------------setting values-----------------------------
[INFO ][2015-12-21 17:32:04,019][com.java.SeleniumDriver] [  885] - Action Type : WaitForElement
[INFO ][2015-12-21 17:32:04,070][com.java.SeleniumDriver] [  894] -  RESULT true
[INFO ][2015-12-21 17:32:04,070][com.java.SeleniumDriver] [ 1100] - ?   P A S S   ?
[INFO ][2015-12-21 17:32:04,070][com.java.SeleniumDriver] [  821] - ------------------------------------------
[INFO ][2015-12-21 17:32:04,070][com.java.SeleniumDriver] [  822] - Test case being Executed: 26
[INFO ][2015-12-21 17:32:04,070][com.java.SeleniumDriver] [  833] - Test step:41
[INFO ][2015-12-21 17:32:04,070][com.java.SeleniumDriver] [  845] - Datavalue is----------90
[INFO ][2015-12-21 17:32:04,070][com.java.SeleniumDriver] [  869] - DataField : XPH//img[@id='loading']
[INFO ][2015-12-21 17:32:04,070][com.java.SeleniumDriver] [  871] - DataValue : 90
[INFO ][2015-12-21 17:32:04,070][com.java.SeleniumDriver] [  877] - <In Set values of the page>
[INFO ][2015-12-21 17:32:04,070][com.java.SeleniumDriver] [  880] - {Data Fields & Data Values Exist}
[INFO ][2015-12-21 17:32:04,070][com.java.SeleniumDriver] [  882] - --------------------------setting values-----------------------------
[INFO ][2015-12-21 17:32:04,070][com.java.SeleniumDriver] [  885] - Action Type : waitForElementNotPresent
[INFO ][2015-12-21 17:32:06,333][com.java.SeleniumDriver] [  894] -  RESULT true
[INFO ][2015-12-21 17:32:06,333][com.java.SeleniumDriver] [ 1100] - ?   P A S S   ?
[INFO ][2015-12-21 17:32:06,333][com.java.SeleniumDriver] [  821] - ------------------------------------------
[INFO ][2015-12-21 17:32:06,333][com.java.SeleniumDriver] [  822] - Test case being Executed: 26
[INFO ][2015-12-21 17:32:06,333][com.java.SeleniumDriver] [  833] - Test step:42
[INFO ][2015-12-21 17:32:06,333][com.java.SeleniumDriver] [  845] - Datavalue is----------15
[INFO ][2015-12-21 17:32:06,333][com.java.SeleniumDriver] [  869] - DataField : test
[INFO ][2015-12-21 17:32:06,333][com.java.SeleniumDriver] [  871] - DataValue : 15
[INFO ][2015-12-21 17:32:06,333][com.java.SeleniumDriver] [  877] - <In Set values of the page>
[INFO ][2015-12-21 17:32:06,333][com.java.SeleniumDriver] [  880] - {Data Fields & Data Values Exist}
[INFO ][2015-12-21 17:32:06,333][com.java.SeleniumDriver] [  882] - --------------------------setting values-----------------------------
[INFO ][2015-12-21 17:32:06,333][com.java.SeleniumDriver] [  885] - Action Type : WaitTime
[DEBUG][2015-12-21 17:32:06,333][com.java.TestType] [ 5397] - sleepTime: 15000
[INFO ][2015-12-21 17:32:21,338][com.java.SeleniumDriver] [  894] -  RESULT true
[INFO ][2015-12-21 17:32:21,338][com.java.SeleniumDriver] [ 1100] - ?   P A S S   ?
[INFO ][2015-12-21 17:32:21,338][com.java.SeleniumDriver] [  821] - ------------------------------------------
[INFO ][2015-12-21 17:32:21,338][com.java.SeleniumDriver] [  822] - Test case being Executed: 26
[INFO ][2015-12-21 17:32:21,338][com.java.SeleniumDriver] [  833] - Test step:43
[INFO ][2015-12-21 17:32:21,338][com.java.SeleniumDriver] [  845] - Datavalue is----------BD PDF - BDFile
[INFO ][2015-12-21 17:32:21,338][com.java.SeleniumDriver] [  869] - DataField : DYN
[INFO ][2015-12-21 17:32:21,338][com.java.SeleniumDriver] [  871] - DataValue : BD PDF - BDFile
[INFO ][2015-12-21 17:32:21,338][com.java.SeleniumDriver] [  877] - <In Set values of the page>
[INFO ][2015-12-21 17:32:21,338][com.java.SeleniumDriver] [  880] - {Data Fields & Data Values Exist}
[INFO ][2015-12-21 17:32:21,338][com.java.SeleniumDriver] [  882] - --------------------------setting values-----------------------------
[INFO ][2015-12-21 17:32:21,338][com.java.SeleniumDriver] [  885] - Action Type : SelectWindow
[INFO ][2015-12-21 17:35:24,617][com.java.SeleniumDriver] [  894] -  RESULT true
[INFO ][2015-12-21 17:35:24,617][com.java.SeleniumDriver] [ 1100] - ?   P A S S   ?
[INFO ][2015-12-21 17:35:24,617][com.java.SeleniumDriver] [  821] - ------------------------------------------
[INFO ][2015-12-21 17:35:24,617][com.java.SeleniumDriver] [  822] - Test case being Executed: 26
[INFO ][2015-12-21 17:35:24,617][com.java.SeleniumDriver] [  833] - Test step:44
[INFO ][2015-12-21 17:35:24,617][com.java.SeleniumDriver] [  845] - Datavalue is----------10
[INFO ][2015-12-21 17:35:24,617][com.java.SeleniumDriver] [  869] - DataField : test
[INFO ][2015-12-21 17:35:24,617][com.java.SeleniumDriver] [  871] - DataValue : 10
[INFO ][2015-12-21 17:35:24,617][com.java.SeleniumDriver] [  877] - <In Set values of the page>
[INFO ][2015-12-21 17:35:24,617][com.java.SeleniumDriver] [  880] - {Data Fields & Data Values Exist}
[INFO ][2015-12-21 17:35:24,617][com.java.SeleniumDriver] [  882] - --------------------------setting values-----------------------------
[INFO ][2015-12-21 17:35:24,617][com.java.SeleniumDriver] [  885] - Action Type : WaitTime
[DEBUG][2015-12-21 17:35:24,617][com.java.TestType] [ 5397] - sleepTime: 10000
[INFO ][2015-12-21 17:35:34,624][com.java.SeleniumDriver] [  894] -  RESULT true
[INFO ][2015-12-21 17:35:34,624][com.java.SeleniumDriver] [ 1100] - ?   P A S S   ?
[INFO ][2015-12-21 17:35:34,624][com.java.SeleniumDriver] [  821] - ------------------------------------------
[INFO ][2015-12-21 17:35:34,624][com.java.SeleniumDriver] [  822] - Test case being Executed: 26
[INFO ][2015-12-21 17:35:34,624][com.java.SeleniumDriver] [  833] - Test step:45
[INFO ][2015-12-21 17:35:34,624][com.java.SeleniumDriver] [  845] - Datavalue is----------Newwindow
[INFO ][2015-12-21 17:35:34,624][com.java.SeleniumDriver] [  869] - DataField : TTL
[INFO ][2015-12-21 17:35:34,624][com.java.SeleniumDriver] [  871] - DataValue : Newwindow
[INFO ][2015-12-21 17:35:34,624][com.java.SeleniumDriver] [  877] - <In Set values of the page>
[INFO ][2015-12-21 17:35:34,624][com.java.SeleniumDriver] [  880] - {Data Fields & Data Values Exist}
[INFO ][2015-12-21 17:35:34,624][com.java.SeleniumDriver] [  882] - --------------------------setting values-----------------------------
[INFO ][2015-12-21 17:35:34,624][com.java.SeleniumDriver] [  885] - Action Type : STOREVALUE
[INFO ][2015-12-21 17:35:34,624][com.java.TestType] [ 8101] - field= TTL
[DEBUG][2015-12-21 17:35:34,625][com.java.TestType] [ 8313] - Key:: Newwindow  Value:: 
[INFO ][2015-12-21 17:35:34,625][com.java.SeleniumDriver] [  894] -  RESULT true
[INFO ][2015-12-21 17:35:34,625][com.java.SeleniumDriver] [ 1100] - ?   P A S S   ?
[INFO ][2015-12-21 17:35:34,625][com.java.SeleniumDriver] [  821] - ------------------------------------------
[INFO ][2015-12-21 17:35:34,625][com.java.SeleniumDriver] [  822] - Test case being Executed: 26
[INFO ][2015-12-21 17:35:34,625][com.java.SeleniumDriver] [  833] - Test step:46
[INFO ][2015-12-21 17:35:34,625][com.java.SeleniumDriver] [  845] - Datavalue is----------dt:BSCompare
[INFO ][2015-12-21 17:35:34,625][com.java.SeleniumDriver] [  869] - DataField : MSG
[INFO ][2015-12-21 17:35:34,625][com.java.SeleniumDriver] [  871] - DataValue : dt:BSCompare
[INFO ][2015-12-21 17:35:34,625][com.java.SeleniumDriver] [  877] - <In Set values of the page>
[INFO ][2015-12-21 17:35:34,625][com.java.SeleniumDriver] [  880] - {Data Fields & Data Values Exist}
[INFO ][2015-12-21 17:35:34,625][com.java.SeleniumDriver] [  882] - --------------------------setting values-----------------------------
[INFO ][2015-12-21 17:35:34,625][com.java.SeleniumDriver] [  885] - Action Type : VERIFY
[INFO ][2015-12-21 17:35:34,625][com.java.TestType] [ 6921] - field= MSG value= dt:BSCompare
[INFO ][2015-12-21 17:35:34,625][com.java.TestType] [ 5577] - value = Balance Sheet Compare
[DEBUG][2015-12-21 17:35:34,625][com.java.TestType] [ 7742] - value :: Balance Sheet Compare
[ERROR][2015-12-21 17:35:34,645][com.java.TestType] [ 7747] - Assertion Error: 
[INFO ][2015-12-21 17:35:34,645][com.java.SeleniumDriver] [  894] -  RESULT false
[INFO ][2015-12-21 17:35:34,645][com.java.SeleniumDriver] [  941] - ?   F A I L   ?
[INFO ][2015-12-21 17:35:34,645][com.java.SeleniumDriver] [  949] - Browser Type : IE10
[INFO ][2015-12-21 17:35:34,645][com.java.SeleniumDriver] [  950] - Adding Failed case26
[INFO ][2015-12-21 17:35:34,695][com.java.SeleniumDriver] [ 1064] - failedCases = 26
[ERROR][2015-12-21 17:35:34,695][com.java.SeleniumDriver] [ 1561] - Platform Errors : Our apologies...::We have encountered an issue with your request.::Our apologies?:We encountered an issue with your request.
[INFO ][2015-12-21 17:35:34,695][com.java.SeleniumDriver] [ 1565] - Length =3
[ERROR][2015-12-21 17:35:34,695][com.java.SeleniumDriver] [ 1568] - Error 0 = Our apologies...
[ERROR][2015-12-21 17:35:34,705][com.java.SeleniumDriver] [ 1568] - Error 1 = We have encountered an issue with your request.
[ERROR][2015-12-21 17:35:34,715][com.java.SeleniumDriver] [ 1568] - Error 2 = Our apologies?:We encountered an issue with your request.
[INFO ][2015-12-21 17:35:34,725][com.java.SeleniumDriver] [ 1579] - strError:
[DEBUG][2015-12-21 17:35:34,735][com.java.SeleniumDriver] [ 1212] - Case found
[DEBUG][2015-12-21 17:35:34,735][com.java.SeleniumDriver] [ 1217] - Incrementing ReportCounters[0]:2
[INFO ][2015-12-21 17:35:34,735][com.java.SeleniumDriver] [ 1236] - The results are-------------------[26, 46, Settings : User Settings : Output PDF to screen, Fail, 
Test case failed at Step No. :: 46   Error Message ::  . Screen Shot : D:\BankersDashboard\TestReports\122115\26_122115_173534_IE10.png, Mon Dec 21 17:35:34 IST 2015]
[INFO ][2015-12-21 17:35:34,735][com.java.SeleniumDriver] [ 1240] - End time is-------6 min 24 sec
[INFO ][2015-12-21 17:35:34,735][com.java.SeleniumDriver] [ 1241] - The results are-------------------[26, 46, Settings : User Settings : Output PDF to screen, Fail, 
Test case failed at Step No. :: 46   Error Message ::  . Screen Shot : D:\BankersDashboard\TestReports\122115\26_122115_173534_IE10.png, Mon Dec 21 17:35:34 IST 2015]
[DEBUG][2015-12-21 17:35:34,735][com.java.ImportnExport.ExportTestResultsExcel] [  222] - testResultPath = D:\BankersDashboard/TestReports/Test Results_BankersDashBoard_122115_172912_IE10_Bank of North Carolina.xls
[DEBUG][2015-12-21 17:35:34,735][com.java.ImportnExport.ExportTestResultsExcel] [  223] - browser is------------IE10
[DEBUG][2015-12-21 17:35:34,735][com.java.ImportnExport.ExportTestResultsExcel] [  270] - result.size() = 6
[DEBUG][2015-12-21 17:35:34,735][com.java.ImportnExport.ExportTestResultsExcel] [  274] - No of rows in sheet=2
[DEBUG][2015-12-21 17:35:34,735][com.java.ImportnExport.ExportTestResultsExcel] [  301] - ..in export..26
[DEBUG][2015-12-21 17:35:34,735][com.java.ImportnExport.ExportTestResultsExcel] [  301] - ..in export..Settings : User Settings : Output PDF to screen
[DEBUG][2015-12-21 17:35:34,735][com.java.ImportnExport.ExportTestResultsExcel] [  301] - ..in export..Fail
[DEBUG][2015-12-21 17:35:34,735][com.java.ImportnExport.ExportTestResultsExcel] [  301] - ..in export..
Test case failed at Step No. :: 46   Error Message ::  . Screen Shot : D:\BankersDashboard\TestReports\122115\26_122115_173534_IE10.png
[DEBUG][2015-12-21 17:35:34,735][com.java.ImportnExport.ExportTestResultsExcel] [  301] - ..in export..Mon Dec 21 17:35:34 IST 2015
[INFO ][2015-12-21 17:35:34,735][com.java.SeleniumDriver] [ 1299] - out loop:1 size:2 TestCases:[1, 26] testcases:[1, 26]
[INFO ][2015-12-21 17:35:36,735][com.java.SeleniumDriver] [ 1342] - Total Number of Cases:2
[INFO ][2015-12-21 17:35:36,735][com.java.TemplateGenerator] [  302] - Executed:2
[INFO ][2015-12-21 17:35:36,735][com.java.TemplateGenerator] [  303] - Passed:1
[INFO ][2015-12-21 17:35:36,735][com.java.TemplateGenerator] [  304] - Failed:1
[INFO ][2015-12-21 17:35:36,735][com.java.TemplateGenerator] [  305] - Skipeed:0
[INFO ][2015-12-21 17:35:36,735][com.java.TemplateGenerator] [  306] - Application URL:https://clients-xuat.bankersdashboard.com
[INFO ][2015-12-21 17:35:36,735][com.java.TemplateGenerator] [  307] - Start Time:122115_172912
[INFO ][2015-12-21 17:35:36,735][com.java.TemplateGenerator] [  308] -  Creating HTML Report 
[ERROR][2015-12-21 17:35:36,735][com.java.TemplateGenerator] [  409] - Unparseable date: "Mon Dec 21 05:29:12 IST 2015"
[INFO ][2015-12-21 17:35:36,735][com.java.TemplateGenerator] [  654] -  Exporting case :: 1
[INFO ][2015-12-21 17:35:36,735][com.java.TemplateGenerator] [  654] -  Exporting case :: 26
[INFO ][2015-12-21 17:35:36,736][com.java.SeleniumDriver] [ 1391] - End Time:122115_173536
[INFO ][2015-12-21 17:35:36,736][com.java.SeleniumDriver] [ 1394] - Data in Test Execution Details:{1=PASS, 26=FAILTest case failed at Step No. :: 46   Error Message ::  }
[INFO ][2015-12-21 17:35:36,736][com.java.SeleniumDriver] [ 1395] - Data in Failed Execution Deatils:{}
[INFO ][2015-12-21 17:35:36,736][com.java.SeleniumDriver] [ 1397] - ReportCounter:Total:2 :: PASS: 1 ::FAIL: 1
[INFO ][2015-12-21 17:35:36,736][com.java.SeleniumDriver] [ 1398] - FailedReportCounter:Total:0 :: PASS: 0 ::FAIL: 0
[INFO ][2015-12-21 17:35:36,756][com.java.EmailTestReport] [   63] - Sending report mail details:
[INFO ][2015-12-21 17:35:36,756][com.java.EmailTestReport] [   80] - Excel Report Path:D:\BankersDashboard/TestReports/Test Results_BankersDashBoard_122115_172912_IE10_Bank of North Carolina.xls
[INFO ][2015-12-21 17:35:36,756][com.java.EmailTestReport] [   81] - HTML Report Path:D:\BankersDashboard//TestReports//Test Results_BankersDashBoard_122115_172912_IE10_Bank of North Carolina.html
[INFO ][2015-12-21 17:35:36,756][com.java.EmailTestReport] [   82] - smtpHostName:mail01.valuelabs.com
[INFO ][2015-12-21 17:35:36,756][com.java.EmailTestReport] [   83] - Recipient:venkateswararao.gubbala@valuelabs.com;
[INFO ][2015-12-21 17:35:36,756][com.java.EmailTestReport] [   84] - From:venkateswararao.gubbala@valuelabs.com;
[INFO ][2015-12-21 17:35:36,756][com.java.EmailTestReport] [   85] - Subject:Deluxe Corp Bankers Dashboard Automation Test Report - Bank of North Carolina - IE10
[INFO ][2015-12-21 17:35:36,796][com.java.EmailTestReport] [  143] -  Added venkateswararao.gubbala@valuelabs.com
[INFO ][2015-12-21 17:35:40,106][com.java.SeleniumDriver] [  720] - quitting the browser 
[INFO ][2015-12-21 17:35:41,486][com.java.SeleniumDriver] [  264] - Execution Completed Stopping the thread
