[INFO ][2015-11-25 12:01:23,661][com.java.SeleniumDriver] [  213] - Execute Failed Casesfalse
[INFO ][2015-11-25 12:01:23,661][com.java.SeleniumDriver] [  214] - Browser: IE10
[INFO ][2015-11-25 12:01:23,661][com.java.SeleniumDriver] [  215] - [1, 2, 3, 4, 5, 6, 10, 11, 12, 13, 14, 15, 16, 17, 18, 19, 20, 100, 101, 102, 103, 104, 200, 201, 202, 203, 204, 205, 206, 300, 301, 302, 303]
[INFO ][2015-11-25 12:01:23,661][com.java.SeleniumDriver] [  216] - Total TestCases:33
[INFO ][2015-11-25 12:01:23,661][com.java.SeleniumDriver] [  217] -  Reading Properties from Property File 
[DEBUG][2015-11-25 12:01:23,661][com.java.SeleniumDriver] [  238] - url : https://clients-xuat.bankersdashboard.com
[INFO ][2015-11-25 12:01:23,661][com.java.ImportnExport.ExportTestResultsExcel] [  116] - Time Stamp Wed Nov 25 12:01:23 IST 2015
[INFO ][2015-11-25 12:01:23,661][com.java.ImportnExport.ExportTestResultsExcel] [  175] - OUT FILE : D:\BankersDashboard/TestReports/Test Results_BankersDashBoard_112515_120123_IE10_Bank of North Carolina.xls
[INFO ][2015-11-25 12:01:23,692][com.java.ImportnExport.ExportTestResultsExcel] [  180] - Test Result file is created
[DEBUG][2015-11-25 12:01:23,792][com.java.SeleniumDriver] [  425] - Hub ip address is-------172.17.68.34
[INFO ][2015-11-25 12:01:23,792][com.java.SeleniumDriver] [  451] - Grid URL:http://172.17.68.34:4444/wd/hub
[INFO ][2015-11-25 12:01:23,792][com.java.SeleniumDriver] [  452] - Capability:Capabilities [{platform=ANY, ensureCleanSession=true, ignoreProtectedModeSettings=true, acceptSslCerts=true, ignoreZoomSetting=true, browserName=internet explorer, browserstack.ie.noFlash=true, version=null}]
[ERROR][2015-11-25 12:01:25,072][com.java.SeleniumDriver] [  496] - Unable invoke browser in grid:Could not start a new session. Possible causes are invalid address of the remote server or browser start-up failure.
Build info: version: '2.48.2', revision: '41bccdd', time: '2015-10-09 19:59:12'
System info: host: 'FVTIII438F1D', ip: '172.17.68.34', os.name: 'Windows 7', os.arch: 'x86', os.version: '6.1', java.version: '1.7.0_55'
Driver info: driver.version: SeleniumDriver
[INFO ][2015-11-25 12:01:25,072][com.java.SeleniumDriver] [  498] - Executing on local machine
[INFO ][2015-11-25 12:01:34,759][com.java.SeleniumDriver] [  248] - IE10is opened
[INFO ][2015-11-25 12:01:35,441][com.java.SeleniumDriver] [  753] - Test cases to be executed are: [1, 2, 3, 4, 5, 6, 10, 11, 12, 13, 14, 15, 16, 17, 18, 19, 20, 100, 101, 102, 103, 104, 200, 201, 202, 203, 204, 205, 206, 300, 301, 302, 303]
[INFO ][2015-11-25 12:01:35,452][com.java.ImportnExport.ImportTestDataDetailsExcel] [   49] - test data details path===== D:\BankersDashboard\TestInputs\TestData.xls
[DEBUG][2015-11-25 12:01:35,502][com.java.ImportnExport.ImportTestDataDetailsExcel] [  188] - Unable to read the data from the TestData: null
[INFO ][2015-11-25 12:01:35,502][com.java.SeleniumDriver] [  796] - ------------------------------------------
[INFO ][2015-11-25 12:01:35,502][com.java.SeleniumDriver] [  797] - Test case being Executed: 1
[INFO ][2015-11-25 12:01:35,502][com.java.SeleniumDriver] [  808] - Test step:1
[INFO ][2015-11-25 12:01:35,502][com.java.SeleniumDriver] [  820] - Datavalue is----------Concept#1:1-14
[INFO ][2015-11-25 12:01:35,502][com.java.SeleniumDriver] [  844] - DataField : test
[INFO ][2015-11-25 12:01:35,502][com.java.SeleniumDriver] [  846] - DataValue : Concept#1:1-14
[INFO ][2015-11-25 12:01:35,502][com.java.SeleniumDriver] [  852] - <In Set values of the page>
[INFO ][2015-11-25 12:01:35,502][com.java.SeleniumDriver] [  855] - {Data Fields & Data Values Exist}
[INFO ][2015-11-25 12:01:35,502][com.java.SeleniumDriver] [  857] - --------------------------setting values-----------------------------
[INFO ][2015-11-25 12:01:35,502][com.java.SeleniumDriver] [  860] - Action Type : ExecuteTestCase
[INFO ][2015-11-25 12:01:35,522][com.java.TestType] [  431] - The Concept sheet name is ---------- Concept
[INFO ][2015-11-25 12:01:35,522][com.java.TestType] [  434] - The Concept ID  is ---------- 1
[DEBUG][2015-11-25 12:01:35,522][com.java.TestType] [  438] - Steps being executted in the Concept are: 1:14
[INFO ][2015-11-25 12:01:35,522][com.java.TestType] [  445] - Test data details path ---------- D:\BankersDashboard\TestInputs\TestData.xls
[INFO ][2015-11-25 12:01:35,562][com.java.TestType] [  476] -  str(1) = 1
[INFO ][2015-11-25 12:01:35,562][com.java.TestType] [  479] - Test case Id is---1
[INFO ][2015-11-25 12:01:35,562][com.java.TestType] [  481] - 1
[INFO ][2015-11-25 12:01:35,562][com.java.TestType] [  476] -  str(2) = 1
[INFO ][2015-11-25 12:01:35,562][com.java.TestType] [  528] - row values are--------{1=com.java.Objects.TestDataDetails@15a22ad}
[INFO ][2015-11-25 12:01:35,562][com.java.TestType] [  476] -  str(1) = 1
[INFO ][2015-11-25 12:01:35,562][com.java.TestType] [  479] - Test case Id is---1
[INFO ][2015-11-25 12:01:35,562][com.java.TestType] [  481] - 1
[INFO ][2015-11-25 12:01:35,562][com.java.TestType] [  476] -  str(2) = 2
[INFO ][2015-11-25 12:01:35,562][com.java.TestType] [  528] - row values are--------{1=com.java.Objects.TestDataDetails@15a22ad, 2=com.java.Objects.TestDataDetails@111c509}
[INFO ][2015-11-25 12:01:35,562][com.java.TestType] [  476] -  str(1) = 1
[INFO ][2015-11-25 12:01:35,562][com.java.TestType] [  479] - Test case Id is---1
[INFO ][2015-11-25 12:01:35,562][com.java.TestType] [  481] - 1
[INFO ][2015-11-25 12:01:35,562][com.java.TestType] [  476] -  str(2) = 3
[INFO ][2015-11-25 12:01:35,562][com.java.TestType] [  528] - row values are--------{1=com.java.Objects.TestDataDetails@15a22ad, 2=com.java.Objects.TestDataDetails@111c509, 3=com.java.Objects.TestDataDetails@192ca4c}
[INFO ][2015-11-25 12:01:35,562][com.java.TestType] [  476] -  str(1) = 1
[INFO ][2015-11-25 12:01:35,562][com.java.TestType] [  479] - Test case Id is---1
[INFO ][2015-11-25 12:01:35,562][com.java.TestType] [  481] - 1
[INFO ][2015-11-25 12:01:35,562][com.java.TestType] [  476] -  str(2) = 4
[INFO ][2015-11-25 12:01:35,562][com.java.TestType] [  528] - row values are--------{1=com.java.Objects.TestDataDetails@15a22ad, 2=com.java.Objects.TestDataDetails@111c509, 3=com.java.Objects.TestDataDetails@192ca4c, 4=com.java.Objects.TestDataDetails@e5d97f}
[INFO ][2015-11-25 12:01:35,562][com.java.TestType] [  476] -  str(1) = 1
[INFO ][2015-11-25 12:01:35,562][com.java.TestType] [  479] - Test case Id is---1
[INFO ][2015-11-25 12:01:35,562][com.java.TestType] [  481] - 1
[INFO ][2015-11-25 12:01:35,562][com.java.TestType] [  476] -  str(2) = 5
[INFO ][2015-11-25 12:01:35,572][com.java.TestType] [  528] - row values are--------{1=com.java.Objects.TestDataDetails@15a22ad, 2=com.java.Objects.TestDataDetails@111c509, 3=com.java.Objects.TestDataDetails@192ca4c, 4=com.java.Objects.TestDataDetails@e5d97f, 5=com.java.Objects.TestDataDetails@a174bc}
[INFO ][2015-11-25 12:01:35,572][com.java.TestType] [  476] -  str(1) = 1
[INFO ][2015-11-25 12:01:35,572][com.java.TestType] [  479] - Test case Id is---1
[INFO ][2015-11-25 12:01:35,572][com.java.TestType] [  481] - 1
[INFO ][2015-11-25 12:01:35,572][com.java.TestType] [  476] -  str(2) = 6
[INFO ][2015-11-25 12:01:35,572][com.java.TestType] [  528] - row values are--------{1=com.java.Objects.TestDataDetails@15a22ad, 2=com.java.Objects.TestDataDetails@111c509, 3=com.java.Objects.TestDataDetails@192ca4c, 4=com.java.Objects.TestDataDetails@e5d97f, 5=com.java.Objects.TestDataDetails@a174bc, 6=com.java.Objects.TestDataDetails@1b90043}
[INFO ][2015-11-25 12:01:35,572][com.java.TestType] [  476] -  str(1) = 1
[INFO ][2015-11-25 12:01:35,572][com.java.TestType] [  479] - Test case Id is---1
[INFO ][2015-11-25 12:01:35,572][com.java.TestType] [  481] - 1
[INFO ][2015-11-25 12:01:35,572][com.java.TestType] [  476] -  str(2) = 7
[INFO ][2015-11-25 12:01:35,572][com.java.TestType] [  528] - row values are--------{1=com.java.Objects.TestDataDetails@15a22ad, 2=com.java.Objects.TestDataDetails@111c509, 3=com.java.Objects.TestDataDetails@192ca4c, 4=com.java.Objects.TestDataDetails@e5d97f, 5=com.java.Objects.TestDataDetails@a174bc, 6=com.java.Objects.TestDataDetails@1b90043, 7=com.java.Objects.TestDataDetails@136640f}
[INFO ][2015-11-25 12:01:35,572][com.java.TestType] [  476] -  str(1) = 1
[INFO ][2015-11-25 12:01:35,572][com.java.TestType] [  479] - Test case Id is---1
[INFO ][2015-11-25 12:01:35,572][com.java.TestType] [  481] - 1
[INFO ][2015-11-25 12:01:35,572][com.java.TestType] [  476] -  str(2) = 8
[INFO ][2015-11-25 12:01:35,572][com.java.TestType] [  528] - row values are--------{1=com.java.Objects.TestDataDetails@15a22ad, 2=com.java.Objects.TestDataDetails@111c509, 3=com.java.Objects.TestDataDetails@192ca4c, 4=com.java.Objects.TestDataDetails@e5d97f, 5=com.java.Objects.TestDataDetails@a174bc, 6=com.java.Objects.TestDataDetails@1b90043, 7=com.java.Objects.TestDataDetails@136640f, 8=com.java.Objects.TestDataDetails@c47109}
[INFO ][2015-11-25 12:01:35,572][com.java.TestType] [  476] -  str(1) = 1
[INFO ][2015-11-25 12:01:35,572][com.java.TestType] [  479] - Test case Id is---1
[INFO ][2015-11-25 12:01:35,572][com.java.TestType] [  481] - 1
[INFO ][2015-11-25 12:01:35,572][com.java.TestType] [  476] -  str(2) = 9
[INFO ][2015-11-25 12:01:35,572][com.java.TestType] [  528] - row values are--------{1=com.java.Objects.TestDataDetails@15a22ad, 2=com.java.Objects.TestDataDetails@111c509, 3=com.java.Objects.TestDataDetails@192ca4c, 4=com.java.Objects.TestDataDetails@e5d97f, 5=com.java.Objects.TestDataDetails@a174bc, 6=com.java.Objects.TestDataDetails@1b90043, 7=com.java.Objects.TestDataDetails@136640f, 8=com.java.Objects.TestDataDetails@c47109, 9=com.java.Objects.TestDataDetails@b004f2}
[INFO ][2015-11-25 12:01:35,572][com.java.TestType] [  476] -  str(1) = 1
[INFO ][2015-11-25 12:01:35,572][com.java.TestType] [  479] - Test case Id is---1
[INFO ][2015-11-25 12:01:35,572][com.java.TestType] [  481] - 1
[INFO ][2015-11-25 12:01:35,572][com.java.TestType] [  476] -  str(2) = 10
[INFO ][2015-11-25 12:01:35,572][com.java.TestType] [  528] - row values are--------{1=com.java.Objects.TestDataDetails@15a22ad, 2=com.java.Objects.TestDataDetails@111c509, 3=com.java.Objects.TestDataDetails@192ca4c, 4=com.java.Objects.TestDataDetails@e5d97f, 5=com.java.Objects.TestDataDetails@a174bc, 6=com.java.Objects.TestDataDetails@1b90043, 7=com.java.Objects.TestDataDetails@136640f, 8=com.java.Objects.TestDataDetails@c47109, 9=com.java.Objects.TestDataDetails@b004f2, 10=com.java.Objects.TestDataDetails@14ce93e}
[INFO ][2015-11-25 12:01:35,572][com.java.TestType] [  476] -  str(1) = 1
[INFO ][2015-11-25 12:01:35,572][com.java.TestType] [  479] - Test case Id is---1
[INFO ][2015-11-25 12:01:35,572][com.java.TestType] [  481] - 1
[INFO ][2015-11-25 12:01:35,572][com.java.TestType] [  476] -  str(2) = 11
[INFO ][2015-11-25 12:01:35,572][com.java.TestType] [  528] - row values are--------{1=com.java.Objects.TestDataDetails@15a22ad, 2=com.java.Objects.TestDataDetails@111c509, 3=com.java.Objects.TestDataDetails@192ca4c, 4=com.java.Objects.TestDataDetails@e5d97f, 5=com.java.Objects.TestDataDetails@a174bc, 6=com.java.Objects.TestDataDetails@1b90043, 7=com.java.Objects.TestDataDetails@136640f, 8=com.java.Objects.TestDataDetails@c47109, 9=com.java.Objects.TestDataDetails@b004f2, 10=com.java.Objects.TestDataDetails@14ce93e, 11=com.java.Objects.TestDataDetails@1558d83}
[INFO ][2015-11-25 12:01:35,572][com.java.TestType] [  476] -  str(1) = 1
[INFO ][2015-11-25 12:01:35,572][com.java.TestType] [  479] - Test case Id is---1
[INFO ][2015-11-25 12:01:35,572][com.java.TestType] [  481] - 1
[INFO ][2015-11-25 12:01:35,572][com.java.TestType] [  476] -  str(2) = 12
[INFO ][2015-11-25 12:01:35,582][com.java.TestType] [  528] - row values are--------{1=com.java.Objects.TestDataDetails@15a22ad, 2=com.java.Objects.TestDataDetails@111c509, 3=com.java.Objects.TestDataDetails@192ca4c, 4=com.java.Objects.TestDataDetails@e5d97f, 5=com.java.Objects.TestDataDetails@a174bc, 6=com.java.Objects.TestDataDetails@1b90043, 7=com.java.Objects.TestDataDetails@136640f, 8=com.java.Objects.TestDataDetails@c47109, 9=com.java.Objects.TestDataDetails@b004f2, 10=com.java.Objects.TestDataDetails@14ce93e, 11=com.java.Objects.TestDataDetails@1558d83, 12=com.java.Objects.TestDataDetails@191fefb}
[INFO ][2015-11-25 12:01:35,582][com.java.TestType] [  476] -  str(1) = 1
[INFO ][2015-11-25 12:01:35,582][com.java.TestType] [  479] - Test case Id is---1
[INFO ][2015-11-25 12:01:35,582][com.java.TestType] [  481] - 1
[INFO ][2015-11-25 12:01:35,582][com.java.TestType] [  476] -  str(2) = 13
[INFO ][2015-11-25 12:01:35,582][com.java.TestType] [  528] - row values are--------{1=com.java.Objects.TestDataDetails@15a22ad, 2=com.java.Objects.TestDataDetails@111c509, 3=com.java.Objects.TestDataDetails@192ca4c, 4=com.java.Objects.TestDataDetails@e5d97f, 5=com.java.Objects.TestDataDetails@a174bc, 6=com.java.Objects.TestDataDetails@1b90043, 7=com.java.Objects.TestDataDetails@136640f, 8=com.java.Objects.TestDataDetails@c47109, 9=com.java.Objects.TestDataDetails@b004f2, 10=com.java.Objects.TestDataDetails@14ce93e, 11=com.java.Objects.TestDataDetails@1558d83, 12=com.java.Objects.TestDataDetails@191fefb, 13=com.java.Objects.TestDataDetails@180db6a}
[INFO ][2015-11-25 12:01:35,582][com.java.TestType] [  476] -  str(1) = 1
[INFO ][2015-11-25 12:01:35,582][com.java.TestType] [  479] - Test case Id is---1
[INFO ][2015-11-25 12:01:35,582][com.java.TestType] [  481] - 1
[INFO ][2015-11-25 12:01:35,582][com.java.TestType] [  476] -  str(2) = 14
[INFO ][2015-11-25 12:01:35,582][com.java.TestType] [  528] - row values are--------{1=com.java.Objects.TestDataDetails@15a22ad, 2=com.java.Objects.TestDataDetails@111c509, 3=com.java.Objects.TestDataDetails@192ca4c, 4=com.java.Objects.TestDataDetails@e5d97f, 5=com.java.Objects.TestDataDetails@a174bc, 6=com.java.Objects.TestDataDetails@1b90043, 7=com.java.Objects.TestDataDetails@136640f, 8=com.java.Objects.TestDataDetails@c47109, 9=com.java.Objects.TestDataDetails@b004f2, 10=com.java.Objects.TestDataDetails@14ce93e, 11=com.java.Objects.TestDataDetails@1558d83, 12=com.java.Objects.TestDataDetails@191fefb, 13=com.java.Objects.TestDataDetails@180db6a, 14=com.java.Objects.TestDataDetails@c40ed6}
[INFO ][2015-11-25 12:01:35,582][com.java.TestType] [ 9161] - Looping 1TCID = 1
[DEBUG][2015-11-25 12:01:35,582][com.java.TestType] [ 9202] - Concept ID:1 :: Step being Executed: 1::1
[INFO ][2015-11-25 12:01:35,582][com.java.TestType] [ 9240] - dataFields : TXTusername
[DEBUG][2015-11-25 12:01:35,582][com.java.TestType] [ 9246] - <In Set values of the page>
[DEBUG][2015-11-25 12:01:35,582][com.java.TestType] [ 9251] - {Data Fields & Data Values Exist}
[INFO ][2015-11-25 12:01:35,582][com.java.TestType] [ 9257] - --------------------------setting values-----------------------------
[INFO ][2015-11-25 12:01:35,582][com.java.TestType] [ 9260] - Action Type : CLEARANDENTER
[INFO ][2015-11-25 12:01:35,582][com.java.TestType] [ 4740] - value = valuelabs.ie10.33527
[INFO ][2015-11-25 12:01:40,594][com.java.TestType] [ 9279] -  RESULT true
[INFO ][2015-11-25 12:01:40,594][com.java.TestType] [ 9396] - ?   P A S S   ?
[DEBUG][2015-11-25 12:01:40,594][com.java.TestType] [ 9202] - Concept ID:1 :: Step being Executed: 1::2
[INFO ][2015-11-25 12:01:40,594][com.java.TestType] [ 9240] - dataFields : TXTpassword
[DEBUG][2015-11-25 12:01:40,594][com.java.TestType] [ 9246] - <In Set values of the page>
[DEBUG][2015-11-25 12:01:40,594][com.java.TestType] [ 9251] - {Data Fields & Data Values Exist}
[INFO ][2015-11-25 12:01:40,594][com.java.TestType] [ 9257] - --------------------------setting values-----------------------------
[INFO ][2015-11-25 12:01:40,594][com.java.TestType] [ 9260] - Action Type : CLEARANDENTER
[INFO ][2015-11-25 12:01:40,594][com.java.TestType] [ 4740] - value = Password1*
[INFO ][2015-11-25 12:01:45,498][com.java.TestType] [ 9279] -  RESULT true
[INFO ][2015-11-25 12:01:45,498][com.java.TestType] [ 9396] - ?   P A S S   ?
[DEBUG][2015-11-25 12:01:45,498][com.java.TestType] [ 9202] - Concept ID:1 :: Step being Executed: 1::3
[ERROR][2015-11-25 12:01:45,498][com.java.TestType] [ 9235] - Exception: null
[INFO ][2015-11-25 12:01:45,498][com.java.TestType] [ 9240] - dataFields : XPH//button[@type='submit']
[DEBUG][2015-11-25 12:01:45,498][com.java.TestType] [ 9246] - <In Set values of the page>
[DEBUG][2015-11-25 12:01:45,498][com.java.TestType] [ 9251] - {Data Fields & Data Values Exist}
[INFO ][2015-11-25 12:01:45,498][com.java.TestType] [ 9257] - --------------------------setting values-----------------------------
[INFO ][2015-11-25 12:01:45,498][com.java.TestType] [ 9260] - Action Type : Click
[INFO ][2015-11-25 12:01:45,498][com.java.TestType] [ 5068] - Field ::XPH//button[@type='submit']
[INFO ][2015-11-25 12:01:46,498][com.java.TestType] [ 5155] - BEFORE CLICK
[INFO ][2015-11-25 12:01:47,320][com.java.TestType] [ 5163] - Unable to click the object Login
[INFO ][2015-11-25 12:01:47,320][com.java.TestType] [ 9279] -  RESULT true
[INFO ][2015-11-25 12:01:47,320][com.java.TestType] [ 9396] - ?   P A S S   ?
[DEBUG][2015-11-25 12:01:47,320][com.java.TestType] [ 9202] - Concept ID:1 :: Step being Executed: 1::4
[INFO ][2015-11-25 12:01:47,320][com.java.TestType] [ 9240] - dataFields : LNKLogout
[DEBUG][2015-11-25 12:01:47,320][com.java.TestType] [ 9246] - <In Set values of the page>
[DEBUG][2015-11-25 12:01:47,320][com.java.TestType] [ 9251] - {Data Fields & Data Values Exist}
[INFO ][2015-11-25 12:01:47,320][com.java.TestType] [ 9257] - --------------------------setting values-----------------------------
[INFO ][2015-11-25 12:01:47,320][com.java.TestType] [ 9260] - Action Type : WaitForElement
[INFO ][2015-11-25 12:01:52,433][com.java.TestType] [ 9279] -  RESULT true
[INFO ][2015-11-25 12:01:52,433][com.java.TestType] [ 9396] - ?   P A S S   ?
[DEBUG][2015-11-25 12:01:52,433][com.java.TestType] [ 9202] - Concept ID:1 :: Step being Executed: 1::13
[INFO ][2015-11-25 12:01:52,433][com.java.TestType] [ 9240] - dataFields : LNK
[DEBUG][2015-11-25 12:01:52,433][com.java.TestType] [ 9246] - <In Set values of the page>
[DEBUG][2015-11-25 12:01:52,433][com.java.TestType] [ 9251] - {Data Fields & Data Values Exist}
[INFO ][2015-11-25 12:01:52,433][com.java.TestType] [ 9257] - --------------------------setting values-----------------------------
[INFO ][2015-11-25 12:01:52,433][com.java.TestType] [ 9260] - Action Type : Verify
[INFO ][2015-11-25 12:01:52,433][com.java.TestType] [ 5923] - field= LNK value= Logout
[INFO ][2015-11-25 12:01:52,433][com.java.TestType] [ 4740] - value = Logout
[INFO ][2015-11-25 12:01:52,464][com.java.TestType] [ 9279] -  RESULT true
[INFO ][2015-11-25 12:01:52,464][com.java.TestType] [ 9396] - ?   P A S S   ?
[DEBUG][2015-11-25 12:01:52,464][com.java.TestType] [ 9202] - Concept ID:1 :: Step being Executed: 1::14
[INFO ][2015-11-25 12:01:52,464][com.java.TestType] [ 9240] - dataFields : BTN
[DEBUG][2015-11-25 12:01:52,464][com.java.TestType] [ 9246] - <In Set values of the page>
[DEBUG][2015-11-25 12:01:52,464][com.java.TestType] [ 9251] - {Data Fields & Data Values Exist}
[INFO ][2015-11-25 12:01:52,464][com.java.TestType] [ 9257] - --------------------------setting values-----------------------------
[INFO ][2015-11-25 12:01:52,464][com.java.TestType] [ 9260] - Action Type : Verify
[INFO ][2015-11-25 12:01:52,464][com.java.TestType] [ 5923] - field= BTN value= //img[contains(@src,'bdlogo.jpg')]
[INFO ][2015-11-25 12:01:52,464][com.java.TestType] [ 4740] - value = //img[contains(@src,'bdlogo.jpg')]
[INFO ][2015-11-25 12:01:52,494][com.java.TestType] [ 9279] -  RESULT true
[INFO ][2015-11-25 12:01:52,494][com.java.TestType] [ 9396] - ?   P A S S   ?
[INFO ][2015-11-25 12:01:52,494][com.java.TestType] [ 9467] - Looping End......
[INFO ][2015-11-25 12:01:52,494][com.java.SeleniumDriver] [  869] -  RESULT true
[INFO ][2015-11-25 12:01:52,494][com.java.SeleniumDriver] [ 1074] - ?   P A S S   ?
[INFO ][2015-11-25 12:01:52,494][com.java.SeleniumDriver] [  796] - ------------------------------------------
[INFO ][2015-11-25 12:01:52,494][com.java.SeleniumDriver] [  797] - Test case being Executed: 1
[INFO ][2015-11-25 12:01:52,494][com.java.SeleniumDriver] [  808] - Test step:2
[INFO ][2015-11-25 12:01:52,494][com.java.SeleniumDriver] [  820] - Datavalue is----------Concept#2:1-2
[INFO ][2015-11-25 12:01:52,494][com.java.SeleniumDriver] [  844] - DataField : test
[INFO ][2015-11-25 12:01:52,494][com.java.SeleniumDriver] [  846] - DataValue : Concept#2:1-2
[INFO ][2015-11-25 12:01:52,494][com.java.SeleniumDriver] [  852] - <In Set values of the page>
[INFO ][2015-11-25 12:01:52,494][com.java.SeleniumDriver] [  855] - {Data Fields & Data Values Exist}
[INFO ][2015-11-25 12:01:52,494][com.java.SeleniumDriver] [  857] - --------------------------setting values-----------------------------
[INFO ][2015-11-25 12:01:52,494][com.java.SeleniumDriver] [  860] - Action Type : ExecuteTestCase
[INFO ][2015-11-25 12:01:52,494][com.java.TestType] [  431] - The Concept sheet name is ---------- Concept
[INFO ][2015-11-25 12:01:52,494][com.java.TestType] [  434] - The Concept ID  is ---------- 2
[DEBUG][2015-11-25 12:01:52,494][com.java.TestType] [  438] - Steps being executted in the Concept are: 1:2
[INFO ][2015-11-25 12:01:52,494][com.java.TestType] [  445] - Test data details path ---------- D:\BankersDashboard\TestInputs\TestData.xls
[INFO ][2015-11-25 12:01:52,524][com.java.TestType] [  476] -  str(1) = 2
[INFO ][2015-11-25 12:01:52,524][com.java.TestType] [  479] - Test case Id is---2
[INFO ][2015-11-25 12:01:52,524][com.java.TestType] [  481] - 2
[INFO ][2015-11-25 12:01:52,524][com.java.TestType] [  476] -  str(2) = 1
[INFO ][2015-11-25 12:01:52,524][com.java.TestType] [  528] - row values are--------{1=com.java.Objects.TestDataDetails@1002c19}
[INFO ][2015-11-25 12:01:52,524][com.java.TestType] [  476] -  str(1) = 2
[INFO ][2015-11-25 12:01:52,524][com.java.TestType] [  479] - Test case Id is---2
[INFO ][2015-11-25 12:01:52,524][com.java.TestType] [  481] - 2
[INFO ][2015-11-25 12:01:52,524][com.java.TestType] [  476] -  str(2) = 2
[INFO ][2015-11-25 12:01:52,534][com.java.TestType] [  528] - row values are--------{1=com.java.Objects.TestDataDetails@1002c19, 2=com.java.Objects.TestDataDetails@7dd4e5}
[INFO ][2015-11-25 12:01:52,534][com.java.TestType] [  476] -  str(1) = 2
[INFO ][2015-11-25 12:01:52,534][com.java.TestType] [  479] - Test case Id is---2
[INFO ][2015-11-25 12:01:52,534][com.java.TestType] [  481] - 2
[INFO ][2015-11-25 12:01:52,534][com.java.TestType] [  476] -  str(2) = 3
[INFO ][2015-11-25 12:01:52,534][com.java.TestType] [  528] - row values are--------{1=com.java.Objects.TestDataDetails@1002c19, 2=com.java.Objects.TestDataDetails@7dd4e5, 3=com.java.Objects.TestDataDetails@58fad}
[INFO ][2015-11-25 12:01:52,534][com.java.TestType] [ 9161] - Looping 1TCID = 2
[DEBUG][2015-11-25 12:01:52,534][com.java.TestType] [ 9202] - Concept ID:2 :: Step being Executed: 2::1
[INFO ][2015-11-25 12:01:52,534][com.java.TestType] [ 9240] - dataFields : BNK//select[@id='bank']
[DEBUG][2015-11-25 12:01:52,534][com.java.TestType] [ 9246] - <In Set values of the page>
[DEBUG][2015-11-25 12:01:52,534][com.java.TestType] [ 9251] - {Data Fields & Data Values Exist}
[INFO ][2015-11-25 12:01:52,534][com.java.TestType] [ 9257] - --------------------------setting values-----------------------------
[INFO ][2015-11-25 12:01:52,534][com.java.TestType] [ 9260] - Action Type : Select
[INFO ][2015-11-25 12:01:52,534][com.java.TestType] [ 4740] - value = PFC
[INFO ][2015-11-25 12:01:52,754][com.java.TestType] [ 9279] -  RESULT true
[INFO ][2015-11-25 12:01:52,754][com.java.TestType] [ 9396] - ?   P A S S   ?
[DEBUG][2015-11-25 12:01:52,754][com.java.TestType] [ 9202] - Concept ID:2 :: Step being Executed: 2::2
[INFO ][2015-11-25 12:01:52,754][com.java.TestType] [ 9240] - dataFields : LNKLogout
[DEBUG][2015-11-25 12:01:52,754][com.java.TestType] [ 9246] - <In Set values of the page>
[DEBUG][2015-11-25 12:01:52,754][com.java.TestType] [ 9251] - {Data Fields & Data Values Exist}
[INFO ][2015-11-25 12:01:52,754][com.java.TestType] [ 9257] - --------------------------setting values-----------------------------
[INFO ][2015-11-25 12:01:52,754][com.java.TestType] [ 9260] - Action Type : WaitTime
[DEBUG][2015-11-25 12:01:52,754][com.java.TestType] [ 4560] - sleepTime: 5000
[INFO ][2015-11-25 12:01:57,762][com.java.TestType] [ 9279] -  RESULT true
[INFO ][2015-11-25 12:01:57,762][com.java.TestType] [ 9396] - ?   P A S S   ?
[INFO ][2015-11-25 12:01:57,762][com.java.TestType] [ 9467] - Looping End......
[INFO ][2015-11-25 12:01:57,762][com.java.SeleniumDriver] [  869] -  RESULT true
[INFO ][2015-11-25 12:01:57,762][com.java.SeleniumDriver] [ 1074] - ?   P A S S   ?
[INFO ][2015-11-25 12:01:57,762][com.java.SeleniumDriver] [  796] - ------------------------------------------
[INFO ][2015-11-25 12:01:57,762][com.java.SeleniumDriver] [  797] - Test case being Executed: 1
[INFO ][2015-11-25 12:01:57,762][com.java.SeleniumDriver] [  808] - Test step:3
[INFO ][2015-11-25 12:01:57,762][com.java.SeleniumDriver] [  820] - Datavalue is----------2
[INFO ][2015-11-25 12:01:57,762][com.java.SeleniumDriver] [  844] - DataField : XPH//button[contains(text(),'Add Content')]
[INFO ][2015-11-25 12:01:57,762][com.java.SeleniumDriver] [  846] - DataValue : 2
[INFO ][2015-11-25 12:01:57,762][com.java.SeleniumDriver] [  852] - <In Set values of the page>
[INFO ][2015-11-25 12:01:57,762][com.java.SeleniumDriver] [  855] - {Data Fields & Data Values Exist}
[INFO ][2015-11-25 12:01:57,762][com.java.SeleniumDriver] [  857] - --------------------------setting values-----------------------------
[INFO ][2015-11-25 12:01:57,762][com.java.SeleniumDriver] [  860] - Action Type : WAITFORELEMENT
[INFO ][2015-11-25 12:01:57,843][com.java.SeleniumDriver] [  869] -  RESULT true
[INFO ][2015-11-25 12:01:57,843][com.java.SeleniumDriver] [ 1074] - ?   P A S S   ?
[DEBUG][2015-11-25 12:01:57,843][com.java.SeleniumDriver] [ 1176] - Case found
[DEBUG][2015-11-25 12:01:57,843][com.java.SeleniumDriver] [ 1181] - Incrementing ReportCounters[0]:1
[INFO ][2015-11-25 12:01:57,843][com.java.SeleniumDriver] [ 1200] - The results are-------------------[1, 1, Valid Login, Pass, , Wed Nov 25 12:01:52 IST 2015, 1, 2, Valid Login, Pass, , Wed Nov 25 12:01:57 IST 2015, 1, 3, Valid Login, Pass, , Wed Nov 25 12:01:57 IST 2015]
[INFO ][2015-11-25 12:01:57,843][com.java.SeleniumDriver] [ 1204] - End time is-------36 sec
[INFO ][2015-11-25 12:01:57,843][com.java.SeleniumDriver] [ 1205] - The results are-------------------[1, 1, Valid Login, Pass, , Wed Nov 25 12:01:52 IST 2015, 1, 2, Valid Login, Pass, , Wed Nov 25 12:01:57 IST 2015, 1, 3, Valid Login, Pass, , Wed Nov 25 12:01:57 IST 2015]
[DEBUG][2015-11-25 12:01:57,843][com.java.ImportnExport.ExportTestResultsExcel] [  222] - testResultPath = D:\BankersDashboard/TestReports/Test Results_BankersDashBoard_112515_120123_IE10_Bank of North Carolina.xls
[DEBUG][2015-11-25 12:01:57,843][com.java.ImportnExport.ExportTestResultsExcel] [  223] - browser is------------IE10
[DEBUG][2015-11-25 12:01:57,883][com.java.ImportnExport.ExportTestResultsExcel] [  270] - result.size() = 18
[DEBUG][2015-11-25 12:01:57,883][com.java.ImportnExport.ExportTestResultsExcel] [  274] - No of rows in sheet=1
[DEBUG][2015-11-25 12:01:57,883][com.java.ImportnExport.ExportTestResultsExcel] [  301] - ..in export..1
[DEBUG][2015-11-25 12:01:57,883][com.java.ImportnExport.ExportTestResultsExcel] [  301] - ..in export..Valid Login
[DEBUG][2015-11-25 12:01:57,883][com.java.ImportnExport.ExportTestResultsExcel] [  301] - ..in export..Pass
[DEBUG][2015-11-25 12:01:57,883][com.java.ImportnExport.ExportTestResultsExcel] [  301] - ..in export..
[DEBUG][2015-11-25 12:01:57,883][com.java.ImportnExport.ExportTestResultsExcel] [  301] - ..in export..Wed Nov 25 12:01:52 IST 2015
[INFO ][2015-11-25 12:01:57,883][com.java.SeleniumDriver] [ 1263] - out loop:0 size:33 TestCases:[1, 2, 3, 4, 5, 6, 10, 11, 12, 13, 14, 15, 16, 17, 18, 19, 20, 100, 101, 102, 103, 104, 200, 201, 202, 203, 204, 205, 206, 300, 301, 302, 303] testcases:[1, 2, 3, 4, 5, 6, 10, 11, 12, 13, 14, 15, 16, 17, 18, 19, 20, 100, 101, 102, 103, 104, 200, 201, 202, 203, 204, 205, 206, 300, 301, 302, 303]
[INFO ][2015-11-25 12:01:57,883][com.java.ImportnExport.ImportTestDataDetailsExcel] [   49] - test data details path===== D:\BankersDashboard\TestInputs\TestData.xls
[INFO ][2015-11-25 12:02:22,702][com.java.SeleniumDriver] [  796] - ------------------------------------------
[INFO ][2015-11-25 12:02:22,702][com.java.SeleniumDriver] [  797] - Test case being Executed: 2
[INFO ][2015-11-25 12:02:22,702][com.java.SeleniumDriver] [  808] - Test step:1
[INFO ][2015-11-25 12:02:22,702][com.java.SeleniumDriver] [  820] - Datavalue is----------Logout
[INFO ][2015-11-25 12:02:22,702][com.java.SeleniumDriver] [  844] - DataField : BTN
[INFO ][2015-11-25 12:02:22,702][com.java.SeleniumDriver] [  846] - DataValue : Logout
[INFO ][2015-11-25 12:02:22,702][com.java.SeleniumDriver] [  852] - <In Set values of the page>
[INFO ][2015-11-25 12:02:22,702][com.java.SeleniumDriver] [  855] - {Data Fields & Data Values Exist}
[INFO ][2015-11-25 12:02:22,702][com.java.SeleniumDriver] [  857] - --------------------------setting values-----------------------------
[INFO ][2015-11-25 12:02:22,702][com.java.SeleniumDriver] [  860] - Action Type : Verify
[INFO ][2015-11-25 12:02:22,702][com.java.TestType] [ 5923] - field= BTN value= Logout
[INFO ][2015-11-25 12:02:22,702][com.java.TestType] [ 4740] - value = Logout
[INFO ][2015-11-25 12:02:22,734][com.java.SeleniumDriver] [  869] -  RESULT true
[INFO ][2015-11-25 12:02:22,734][com.java.SeleniumDriver] [ 1074] - ?   P A S S   ?
[INFO ][2015-11-25 12:02:22,734][com.java.SeleniumDriver] [ 1116] - step change to 3
[INFO ][2015-11-25 12:02:22,734][com.java.SeleniumDriver] [  796] - ------------------------------------------
[INFO ][2015-11-25 12:02:22,734][com.java.SeleniumDriver] [  797] - Test case being Executed: 2
[INFO ][2015-11-25 12:02:22,734][com.java.SeleniumDriver] [  808] - Test step:3
[INFO ][2015-11-25 12:02:22,734][com.java.SeleniumDriver] [  820] - Datavalue is----------Concept#2:1-2
[INFO ][2015-11-25 12:02:22,734][com.java.SeleniumDriver] [  844] - DataField : test
[INFO ][2015-11-25 12:02:22,734][com.java.SeleniumDriver] [  846] - DataValue : Concept#2:1-2
[INFO ][2015-11-25 12:02:22,734][com.java.SeleniumDriver] [  852] - <In Set values of the page>
[INFO ][2015-11-25 12:02:22,734][com.java.SeleniumDriver] [  855] - {Data Fields & Data Values Exist}
[INFO ][2015-11-25 12:02:22,734][com.java.SeleniumDriver] [  857] - --------------------------setting values-----------------------------
[INFO ][2015-11-25 12:02:22,734][com.java.SeleniumDriver] [  860] - Action Type : ExecuteTestCase
[INFO ][2015-11-25 12:02:22,734][com.java.TestType] [  431] - The Concept sheet name is ---------- Concept
[INFO ][2015-11-25 12:02:22,734][com.java.TestType] [  434] - The Concept ID  is ---------- 2
[DEBUG][2015-11-25 12:02:22,734][com.java.TestType] [  438] - Steps being executted in the Concept are: 1:2
[INFO ][2015-11-25 12:02:22,734][com.java.TestType] [  445] - Test data details path ---------- D:\BankersDashboard\TestInputs\TestData.xls
[INFO ][2015-11-25 12:02:22,764][com.java.TestType] [  476] -  str(1) = 2
[INFO ][2015-11-25 12:02:22,764][com.java.TestType] [  479] - Test case Id is---2
[INFO ][2015-11-25 12:02:22,764][com.java.TestType] [  481] - 2
[INFO ][2015-11-25 12:02:22,764][com.java.TestType] [  476] -  str(2) = 1
[INFO ][2015-11-25 12:02:22,764][com.java.TestType] [  528] - row values are--------{1=com.java.Objects.TestDataDetails@170cec2}
[INFO ][2015-11-25 12:02:22,764][com.java.TestType] [  476] -  str(1) = 2
[INFO ][2015-11-25 12:02:22,764][com.java.TestType] [  479] - Test case Id is---2
[INFO ][2015-11-25 12:02:22,764][com.java.TestType] [  481] - 2
[INFO ][2015-11-25 12:02:22,764][com.java.TestType] [  476] -  str(2) = 2
[INFO ][2015-11-25 12:02:22,764][com.java.TestType] [  528] - row values are--------{1=com.java.Objects.TestDataDetails@170cec2, 2=com.java.Objects.TestDataDetails@1c60511}
[INFO ][2015-11-25 12:02:22,764][com.java.TestType] [  476] -  str(1) = 2
[INFO ][2015-11-25 12:02:22,764][com.java.TestType] [  479] - Test case Id is---2
[INFO ][2015-11-25 12:02:22,764][com.java.TestType] [  481] - 2
[INFO ][2015-11-25 12:02:22,764][com.java.TestType] [  476] -  str(2) = 3
[INFO ][2015-11-25 12:02:22,764][com.java.TestType] [  528] - row values are--------{1=com.java.Objects.TestDataDetails@170cec2, 2=com.java.Objects.TestDataDetails@1c60511, 3=com.java.Objects.TestDataDetails@100187d}
[INFO ][2015-11-25 12:02:22,764][com.java.TestType] [ 9161] - Looping 1TCID = 2
[DEBUG][2015-11-25 12:02:22,764][com.java.TestType] [ 9202] - Concept ID:2 :: Step being Executed: 2::1
[INFO ][2015-11-25 12:02:22,764][com.java.TestType] [ 9240] - dataFields : BNK//select[@id='bank']
[DEBUG][2015-11-25 12:02:22,764][com.java.TestType] [ 9246] - <In Set values of the page>
[DEBUG][2015-11-25 12:02:22,764][com.java.TestType] [ 9251] - {Data Fields & Data Values Exist}
[INFO ][2015-11-25 12:02:22,764][com.java.TestType] [ 9257] - --------------------------setting values-----------------------------
[INFO ][2015-11-25 12:02:22,764][com.java.TestType] [ 9260] - Action Type : Select
[INFO ][2015-11-25 12:02:22,764][com.java.TestType] [ 4740] - value = PFC
[INFO ][2015-11-25 12:02:22,964][com.java.TestType] [ 9279] -  RESULT true
[INFO ][2015-11-25 12:02:22,964][com.java.TestType] [ 9396] - ?   P A S S   ?
[DEBUG][2015-11-25 12:02:22,964][com.java.TestType] [ 9202] - Concept ID:2 :: Step being Executed: 2::2
[INFO ][2015-11-25 12:02:22,964][com.java.TestType] [ 9240] - dataFields : LNKLogout
[DEBUG][2015-11-25 12:02:22,964][com.java.TestType] [ 9246] - <In Set values of the page>
[DEBUG][2015-11-25 12:02:22,964][com.java.TestType] [ 9251] - {Data Fields & Data Values Exist}
[INFO ][2015-11-25 12:02:22,964][com.java.TestType] [ 9257] - --------------------------setting values-----------------------------
[INFO ][2015-11-25 12:02:22,964][com.java.TestType] [ 9260] - Action Type : WaitTime
[DEBUG][2015-11-25 12:02:22,964][com.java.TestType] [ 4560] - sleepTime: 5000
[INFO ][2015-11-25 12:02:27,964][com.java.TestType] [ 9279] -  RESULT true
[INFO ][2015-11-25 12:02:27,964][com.java.TestType] [ 9396] - ?   P A S S   ?
[INFO ][2015-11-25 12:02:27,964][com.java.TestType] [ 9467] - Looping End......
[INFO ][2015-11-25 12:02:27,964][com.java.SeleniumDriver] [  869] -  RESULT true
[INFO ][2015-11-25 12:02:27,964][com.java.SeleniumDriver] [ 1074] - ?   P A S S   ?
[INFO ][2015-11-25 12:02:27,964][com.java.SeleniumDriver] [  796] - ------------------------------------------
[INFO ][2015-11-25 12:02:27,964][com.java.SeleniumDriver] [  797] - Test case being Executed: 2
[INFO ][2015-11-25 12:02:27,964][com.java.SeleniumDriver] [  808] - Test step:4
[INFO ][2015-11-25 12:02:27,964][com.java.SeleniumDriver] [  820] - Datavalue is----------2
[INFO ][2015-11-25 12:02:27,964][com.java.SeleniumDriver] [  844] - DataField : BTNG/L
[INFO ][2015-11-25 12:02:27,964][com.java.SeleniumDriver] [  846] - DataValue : 2
[INFO ][2015-11-25 12:02:27,964][com.java.SeleniumDriver] [  852] - <In Set values of the page>
[INFO ][2015-11-25 12:02:27,964][com.java.SeleniumDriver] [  855] - {Data Fields & Data Values Exist}
[INFO ][2015-11-25 12:02:27,964][com.java.SeleniumDriver] [  857] - --------------------------setting values-----------------------------
[INFO ][2015-11-25 12:02:27,964][com.java.SeleniumDriver] [  860] - Action Type : WAITFORELEMENT
[INFO ][2015-11-25 12:02:28,005][com.java.SeleniumDriver] [  869] -  RESULT true
[INFO ][2015-11-25 12:02:28,005][com.java.SeleniumDriver] [ 1074] - ?   P A S S   ?
[INFO ][2015-11-25 12:02:28,005][com.java.SeleniumDriver] [  796] - ------------------------------------------
[INFO ][2015-11-25 12:02:28,005][com.java.SeleniumDriver] [  797] - Test case being Executed: 2
[INFO ][2015-11-25 12:02:28,005][com.java.SeleniumDriver] [  808] - Test step:5
[INFO ][2015-11-25 12:02:28,005][com.java.SeleniumDriver] [  820] - Datavalue is----------null
[DEBUG][2015-11-25 12:02:28,005][com.java.SeleniumDriver] [  838] - Exception: null
[INFO ][2015-11-25 12:02:28,005][com.java.SeleniumDriver] [  844] - DataField : //span[@class="icon-coin"]&&//a[text()='Summaries']&&//a[@data-id="ExecutiveSummary"]
[INFO ][2015-11-25 12:02:28,005][com.java.SeleniumDriver] [  846] - DataValue : 
[INFO ][2015-11-25 12:02:28,005][com.java.SeleniumDriver] [  852] - <In Set values of the page>
[INFO ][2015-11-25 12:02:28,005][com.java.SeleniumDriver] [  855] - {Data Fields & Data Values Exist}
[INFO ][2015-11-25 12:02:28,005][com.java.SeleniumDriver] [  857] - --------------------------setting values-----------------------------
[INFO ][2015-11-25 12:02:28,005][com.java.SeleniumDriver] [  860] - Action Type : MOUSEOVER
[INFO ][2015-11-25 12:02:55,158][com.java.SeleniumDriver] [  869] -  RESULT true
[INFO ][2015-11-25 12:02:55,158][com.java.SeleniumDriver] [ 1074] - ?   P A S S   ?
[INFO ][2015-11-25 12:02:55,158][com.java.SeleniumDriver] [  796] - ------------------------------------------
[INFO ][2015-11-25 12:02:55,158][com.java.SeleniumDriver] [  797] - Test case being Executed: 2
[INFO ][2015-11-25 12:02:55,158][com.java.SeleniumDriver] [  808] - Test step:6
[INFO ][2015-11-25 12:02:55,158][com.java.SeleniumDriver] [  820] - Datavalue is----------3
[INFO ][2015-11-25 12:02:55,158][com.java.SeleniumDriver] [  844] - DataField : XPH//span[contains(text(),'Show Report')]
[INFO ][2015-11-25 12:02:55,158][com.java.SeleniumDriver] [  846] - DataValue : 3
[INFO ][2015-11-25 12:02:55,158][com.java.SeleniumDriver] [  852] - <In Set values of the page>
[INFO ][2015-11-25 12:02:55,158][com.java.SeleniumDriver] [  855] - {Data Fields & Data Values Exist}
[INFO ][2015-11-25 12:02:55,158][com.java.SeleniumDriver] [  857] - --------------------------setting values-----------------------------
[INFO ][2015-11-25 12:02:55,158][com.java.SeleniumDriver] [  860] - Action Type : WAITFORELEMENT
[INFO ][2015-11-25 12:02:55,189][com.java.SeleniumDriver] [  869] -  RESULT true
[INFO ][2015-11-25 12:02:55,189][com.java.SeleniumDriver] [ 1074] - ?   P A S S   ?
[INFO ][2015-11-25 12:02:55,189][com.java.SeleniumDriver] [  796] - ------------------------------------------
[INFO ][2015-11-25 12:02:55,189][com.java.SeleniumDriver] [  797] - Test case being Executed: 2
[INFO ][2015-11-25 12:02:55,189][com.java.SeleniumDriver] [  808] - Test step:7
[INFO ][2015-11-25 12:02:55,189][com.java.SeleniumDriver] [  820] - Datavalue is----------3
[INFO ][2015-11-25 12:02:55,189][com.java.SeleniumDriver] [  844] - DataField : BTNframeDialogContent
[INFO ][2015-11-25 12:02:55,189][com.java.SeleniumDriver] [  846] - DataValue : 3
[INFO ][2015-11-25 12:02:55,189][com.java.SeleniumDriver] [  852] - <In Set values of the page>
[INFO ][2015-11-25 12:02:55,189][com.java.SeleniumDriver] [  855] - {Data Fields & Data Values Exist}
[INFO ][2015-11-25 12:02:55,189][com.java.SeleniumDriver] [  857] - --------------------------setting values-----------------------------
[INFO ][2015-11-25 12:02:55,189][com.java.SeleniumDriver] [  860] - Action Type : WAITFORELEMENT
[INFO ][2015-11-25 12:02:56,359][com.java.SeleniumDriver] [  869] -  RESULT true
[INFO ][2015-11-25 12:02:56,359][com.java.SeleniumDriver] [ 1074] - ?   P A S S   ?
[INFO ][2015-11-25 12:02:56,359][com.java.SeleniumDriver] [  796] - ------------------------------------------
[INFO ][2015-11-25 12:02:56,359][com.java.SeleniumDriver] [  797] - Test case being Executed: 2
[INFO ][2015-11-25 12:02:56,359][com.java.SeleniumDriver] [  808] - Test step:8
[INFO ][2015-11-25 12:02:56,359][com.java.SeleniumDriver] [  820] - Datavalue is----------null
[DEBUG][2015-11-25 12:02:56,359][com.java.SeleniumDriver] [  838] - Exception: null
[INFO ][2015-11-25 12:02:56,359][com.java.SeleniumDriver] [  844] - DataField : BTNframeDialogContent
[INFO ][2015-11-25 12:02:56,359][com.java.SeleniumDriver] [  846] - DataValue : 
[INFO ][2015-11-25 12:02:56,359][com.java.SeleniumDriver] [  852] - <In Set values of the page>
[INFO ][2015-11-25 12:02:56,359][com.java.SeleniumDriver] [  855] - {Data Fields & Data Values Exist}
[INFO ][2015-11-25 12:02:56,359][com.java.SeleniumDriver] [  857] - --------------------------setting values-----------------------------
[INFO ][2015-11-25 12:02:56,359][com.java.SeleniumDriver] [  860] - Action Type : SELECTFRAME
[INFO ][2015-11-25 12:02:57,561][com.java.SeleniumDriver] [  869] -  RESULT true
[INFO ][2015-11-25 12:02:57,561][com.java.SeleniumDriver] [ 1074] - ?   P A S S   ?
[INFO ][2015-11-25 12:02:57,561][com.java.SeleniumDriver] [  796] - ------------------------------------------
[INFO ][2015-11-25 12:02:57,561][com.java.SeleniumDriver] [  797] - Test case being Executed: 2
[INFO ][2015-11-25 12:02:57,561][com.java.SeleniumDriver] [  808] - Test step:9
[INFO ][2015-11-25 12:02:57,561][com.java.SeleniumDriver] [  820] - Datavalue is----------index:0
[INFO ][2015-11-25 12:02:57,561][com.java.SeleniumDriver] [  844] - DataField : COBddlDataSource1
[INFO ][2015-11-25 12:02:57,561][com.java.SeleniumDriver] [  846] - DataValue : index:0
[INFO ][2015-11-25 12:02:57,561][com.java.SeleniumDriver] [  852] - <In Set values of the page>
[INFO ][2015-11-25 12:02:57,561][com.java.SeleniumDriver] [  855] - {Data Fields & Data Values Exist}
[INFO ][2015-11-25 12:02:57,561][com.java.SeleniumDriver] [  857] - --------------------------setting values-----------------------------
[INFO ][2015-11-25 12:02:57,561][com.java.SeleniumDriver] [  860] - Action Type : SELECT
[INFO ][2015-11-25 12:02:57,561][com.java.TestType] [ 4740] - value = 0
[INFO ][2015-11-25 12:02:58,672][com.java.TestType] [ 4858] -  In COB ddlDataSource1 : 0
[INFO ][2015-11-25 12:02:58,742][com.java.SeleniumDriver] [  869] -  RESULT true
[INFO ][2015-11-25 12:02:58,742][com.java.SeleniumDriver] [ 1074] - ?   P A S S   ?
[INFO ][2015-11-25 12:02:58,742][com.java.SeleniumDriver] [  796] - ------------------------------------------
[INFO ][2015-11-25 12:02:58,742][com.java.SeleniumDriver] [  797] - Test case being Executed: 2
[INFO ][2015-11-25 12:02:58,742][com.java.SeleniumDriver] [  808] - Test step:10
[INFO ][2015-11-25 12:02:58,742][com.java.SeleniumDriver] [  820] - Datavalue is----------dt:ForecastPrjName2
[INFO ][2015-11-25 12:02:58,742][com.java.SeleniumDriver] [  844] - DataField : BTN
[INFO ][2015-11-25 12:02:58,742][com.java.SeleniumDriver] [  846] - DataValue : dt:ForecastPrjName2
[INFO ][2015-11-25 12:02:58,742][com.java.SeleniumDriver] [  852] - <In Set values of the page>
[INFO ][2015-11-25 12:02:58,742][com.java.SeleniumDriver] [  855] - {Data Fields & Data Values Exist}
[INFO ][2015-11-25 12:02:58,742][com.java.SeleniumDriver] [  857] - --------------------------setting values-----------------------------
[INFO ][2015-11-25 12:02:58,742][com.java.SeleniumDriver] [  860] - Action Type : VERIFY
[INFO ][2015-11-25 12:02:58,742][com.java.TestType] [ 5923] - field= BTN value= dt:ForecastPrjName2
[INFO ][2015-11-25 12:02:58,742][com.java.TestType] [ 4740] - value = //select[@id='ddlDataSource2']//option[contains(text(),'Forecast_VLTest')]
[INFO ][2015-11-25 12:02:58,792][com.java.SeleniumDriver] [  869] -  RESULT true
[INFO ][2015-11-25 12:02:58,792][com.java.SeleniumDriver] [ 1074] - ?   P A S S   ?
[INFO ][2015-11-25 12:02:58,792][com.java.SeleniumDriver] [ 1111] - Continue next step...
[INFO ][2015-11-25 12:02:58,792][com.java.SeleniumDriver] [  796] - ------------------------------------------
[INFO ][2015-11-25 12:02:58,792][com.java.SeleniumDriver] [  797] - Test case being Executed: 2
[INFO ][2015-11-25 12:02:58,792][com.java.SeleniumDriver] [  808] - Test step:11
[INFO ][2015-11-25 12:02:58,792][com.java.SeleniumDriver] [  820] - Datavalue is----------null
[DEBUG][2015-11-25 12:02:58,792][com.java.SeleniumDriver] [  838] - Exception: null
[INFO ][2015-11-25 12:02:58,792][com.java.SeleniumDriver] [  844] - DataField : XPH//select[@id='ddlDataSource2']//option[contains(text(),'Forecast_VLTest')]
[INFO ][2015-11-25 12:02:58,792][com.java.SeleniumDriver] [  846] - DataValue : 
[INFO ][2015-11-25 12:02:58,792][com.java.SeleniumDriver] [  852] - <In Set values of the page>
[INFO ][2015-11-25 12:02:58,792][com.java.SeleniumDriver] [  855] - {Data Fields & Data Values Exist}
[INFO ][2015-11-25 12:02:58,792][com.java.SeleniumDriver] [  857] - --------------------------setting values-----------------------------
[INFO ][2015-11-25 12:02:58,792][com.java.SeleniumDriver] [  860] - Action Type : CLICK
[INFO ][2015-11-25 12:02:58,792][com.java.TestType] [ 5068] - Field ::XPH//select[@id='ddlDataSource2']//option[contains(text(),'Forecast_VLTest')]
[INFO ][2015-11-25 12:02:59,792][com.java.TestType] [ 5155] - BEFORE CLICK
[INFO ][2015-11-25 12:03:00,502][com.java.TestType] [ 5163] - Unable to click the object Data Source-Column2 dropdown
[INFO ][2015-11-25 12:03:00,502][com.java.SeleniumDriver] [  869] -  RESULT true
[INFO ][2015-11-25 12:03:00,502][com.java.SeleniumDriver] [ 1074] - ?   P A S S   ?
[INFO ][2015-11-25 12:03:00,502][com.java.SeleniumDriver] [  796] - ------------------------------------------
[INFO ][2015-11-25 12:03:00,502][com.java.SeleniumDriver] [  797] - Test case being Executed: 2
[INFO ][2015-11-25 12:03:00,502][com.java.SeleniumDriver] [  808] - Test step:12
[INFO ][2015-11-25 12:03:00,502][com.java.SeleniumDriver] [  820] - Datavalue is----------index:0
[INFO ][2015-11-25 12:03:00,502][com.java.SeleniumDriver] [  844] - DataField : COBddlPeriod1
[INFO ][2015-11-25 12:03:00,502][com.java.SeleniumDriver] [  846] - DataValue : index:0
[INFO ][2015-11-25 12:03:00,502][com.java.SeleniumDriver] [  852] - <In Set values of the page>
[INFO ][2015-11-25 12:03:00,502][com.java.SeleniumDriver] [  855] - {Data Fields & Data Values Exist}
[INFO ][2015-11-25 12:03:00,502][com.java.SeleniumDriver] [  857] - --------------------------setting values-----------------------------
[INFO ][2015-11-25 12:03:00,502][com.java.SeleniumDriver] [  860] - Action Type : SELECT
[INFO ][2015-11-25 12:03:00,502][com.java.TestType] [ 4740] - value = 0
[INFO ][2015-11-25 12:03:01,594][com.java.TestType] [ 4858] -  In COB ddlPeriod1 : 0
[INFO ][2015-11-25 12:03:01,664][com.java.SeleniumDriver] [  869] -  RESULT true
[INFO ][2015-11-25 12:03:01,664][com.java.SeleniumDriver] [ 1074] - ?   P A S S   ?
[INFO ][2015-11-25 12:03:01,664][com.java.SeleniumDriver] [  796] - ------------------------------------------
[INFO ][2015-11-25 12:03:01,664][com.java.SeleniumDriver] [  797] - Test case being Executed: 2
[INFO ][2015-11-25 12:03:01,664][com.java.SeleniumDriver] [  808] - Test step:13
[INFO ][2015-11-25 12:03:01,664][com.java.SeleniumDriver] [  820] - Datavalue is----------SelectedPeriod
[INFO ][2015-11-25 12:03:01,664][com.java.SeleniumDriver] [  844] - DataField : SLBddlPeriod1
[INFO ][2015-11-25 12:03:01,664][com.java.SeleniumDriver] [  846] - DataValue : SelectedPeriod
[INFO ][2015-11-25 12:03:01,664][com.java.SeleniumDriver] [  852] - <In Set values of the page>
[INFO ][2015-11-25 12:03:01,664][com.java.SeleniumDriver] [  855] - {Data Fields & Data Values Exist}
[INFO ][2015-11-25 12:03:01,664][com.java.SeleniumDriver] [  857] - --------------------------setting values-----------------------------
[INFO ][2015-11-25 12:03:01,664][com.java.SeleniumDriver] [  860] - Action Type : STOREVALUE
[INFO ][2015-11-25 12:03:01,664][com.java.TestType] [ 7049] - field= SLBddlPeriod1
[INFO ][2015-11-25 12:03:02,855][com.java.SeleniumDriver] [  869] -  RESULT true
[INFO ][2015-11-25 12:03:02,855][com.java.SeleniumDriver] [ 1074] - ?   P A S S   ?
[INFO ][2015-11-25 12:03:02,855][com.java.SeleniumDriver] [  796] - ------------------------------------------
[INFO ][2015-11-25 12:03:02,855][com.java.SeleniumDriver] [  797] - Test case being Executed: 2
[INFO ][2015-11-25 12:03:02,855][com.java.SeleniumDriver] [  808] - Test step:14
[INFO ][2015-11-25 12:03:02,855][com.java.SeleniumDriver] [  820] - Datavalue is----------index:0
[INFO ][2015-11-25 12:03:02,855][com.java.SeleniumDriver] [  844] - DataField : COBddlDate1
[INFO ][2015-11-25 12:03:02,855][com.java.SeleniumDriver] [  846] - DataValue : index:0
[INFO ][2015-11-25 12:03:02,855][com.java.SeleniumDriver] [  852] - <In Set values of the page>
[INFO ][2015-11-25 12:03:02,855][com.java.SeleniumDriver] [  855] - {Data Fields & Data Values Exist}
[INFO ][2015-11-25 12:03:02,855][com.java.SeleniumDriver] [  857] - --------------------------setting values-----------------------------
[INFO ][2015-11-25 12:03:02,855][com.java.SeleniumDriver] [  860] - Action Type : SELECT
[INFO ][2015-11-25 12:03:02,855][com.java.TestType] [ 4740] - value = 0
[INFO ][2015-11-25 12:03:03,946][com.java.TestType] [ 4858] -  In COB ddlDate1 : 0
[INFO ][2015-11-25 12:03:04,166][com.java.SeleniumDriver] [  869] -  RESULT true
[INFO ][2015-11-25 12:03:04,166][com.java.SeleniumDriver] [ 1074] - ?   P A S S   ?
[INFO ][2015-11-25 12:03:04,166][com.java.SeleniumDriver] [  796] - ------------------------------------------
[INFO ][2015-11-25 12:03:04,166][com.java.SeleniumDriver] [  797] - Test case being Executed: 2
[INFO ][2015-11-25 12:03:04,166][com.java.SeleniumDriver] [  808] - Test step:15
[INFO ][2015-11-25 12:03:04,166][com.java.SeleniumDriver] [  820] - Datavalue is----------SelectedDate
[INFO ][2015-11-25 12:03:04,166][com.java.SeleniumDriver] [  844] - DataField : SLBddlDate1
[INFO ][2015-11-25 12:03:04,166][com.java.SeleniumDriver] [  846] - DataValue : SelectedDate
[INFO ][2015-11-25 12:03:04,166][com.java.SeleniumDriver] [  852] - <In Set values of the page>
[INFO ][2015-11-25 12:03:04,166][com.java.SeleniumDriver] [  855] - {Data Fields & Data Values Exist}
[INFO ][2015-11-25 12:03:04,166][com.java.SeleniumDriver] [  857] - --------------------------setting values-----------------------------
[INFO ][2015-11-25 12:03:04,166][com.java.SeleniumDriver] [  860] - Action Type : STOREVALUE
[INFO ][2015-11-25 12:03:04,166][com.java.TestType] [ 7049] - field= SLBddlDate1
[INFO ][2015-11-25 12:03:05,406][com.java.SeleniumDriver] [  869] -  RESULT true
[INFO ][2015-11-25 12:03:05,406][com.java.SeleniumDriver] [ 1074] - ?   P A S S   ?
[INFO ][2015-11-25 12:03:05,406][com.java.SeleniumDriver] [  796] - ------------------------------------------
[INFO ][2015-11-25 12:03:05,406][com.java.SeleniumDriver] [  797] - Test case being Executed: 2
[INFO ][2015-11-25 12:03:05,406][com.java.SeleniumDriver] [  808] - Test step:16
[INFO ][2015-11-25 12:03:05,406][com.java.SeleniumDriver] [  820] - Datavalue is----------null
[DEBUG][2015-11-25 12:03:05,406][com.java.SeleniumDriver] [  838] - Exception: null
[INFO ][2015-11-25 12:03:05,406][com.java.SeleniumDriver] [  844] - DataField : BTNparent
[INFO ][2015-11-25 12:03:05,406][com.java.SeleniumDriver] [  846] - DataValue : 
[INFO ][2015-11-25 12:03:05,406][com.java.SeleniumDriver] [  852] - <In Set values of the page>
[INFO ][2015-11-25 12:03:05,406][com.java.SeleniumDriver] [  855] - {Data Fields & Data Values Exist}
[INFO ][2015-11-25 12:03:05,406][com.java.SeleniumDriver] [  857] - --------------------------setting values-----------------------------
[INFO ][2015-11-25 12:03:05,406][com.java.SeleniumDriver] [  860] - Action Type : SELECTFRAME
[INFO ][2015-11-25 12:03:05,416][com.java.SeleniumDriver] [  869] -  RESULT true
[INFO ][2015-11-25 12:03:05,416][com.java.SeleniumDriver] [ 1074] - ?   P A S S   ?
[INFO ][2015-11-25 12:03:05,416][com.java.SeleniumDriver] [  796] - ------------------------------------------
[INFO ][2015-11-25 12:03:05,416][com.java.SeleniumDriver] [  797] - Test case being Executed: 2
[INFO ][2015-11-25 12:03:05,416][com.java.SeleniumDriver] [  808] - Test step:17
[INFO ][2015-11-25 12:03:05,416][com.java.SeleniumDriver] [  820] - Datavalue is----------null
[DEBUG][2015-11-25 12:03:05,416][com.java.SeleniumDriver] [  838] - Exception: null
[INFO ][2015-11-25 12:03:05,416][com.java.SeleniumDriver] [  844] - DataField : XPH//span[contains(text(),'Show Report')]
[INFO ][2015-11-25 12:03:05,416][com.java.SeleniumDriver] [  846] - DataValue : 
[INFO ][2015-11-25 12:03:05,416][com.java.SeleniumDriver] [  852] - <In Set values of the page>
[INFO ][2015-11-25 12:03:05,416][com.java.SeleniumDriver] [  855] - {Data Fields & Data Values Exist}
[INFO ][2015-11-25 12:03:05,416][com.java.SeleniumDriver] [  857] - --------------------------setting values-----------------------------
[INFO ][2015-11-25 12:03:05,416][com.java.SeleniumDriver] [  860] - Action Type : CLICK
[INFO ][2015-11-25 12:03:05,416][com.java.TestType] [ 5068] - Field ::XPH//span[contains(text(),'Show Report')]
[INFO ][2015-11-25 12:03:06,416][com.java.TestType] [ 5155] - BEFORE CLICK
[ERROR][2015-11-25 12:05:00,589][com.java.TestType] [ 5329] - Exception in click:: Timed out waiting for action to finish
[INFO ][2015-11-25 12:05:00,589][com.java.TestType] [ 5333] - Element :://span[contains(text(),'Show Report')]:: not found
[INFO ][2015-11-25 12:05:00,589][com.java.SeleniumDriver] [  869] -  RESULT false
[INFO ][2015-11-25 12:05:00,589][com.java.SeleniumDriver] [  916] - ?   F A I L   ?
[INFO ][2015-11-25 12:05:00,589][com.java.SeleniumDriver] [  924] - Browser Type : IE10
[INFO ][2015-11-25 12:05:00,589][com.java.SeleniumDriver] [  925] - Adding Failed case2
[INFO ][2015-11-25 12:05:00,953][com.java.SeleniumDriver] [ 1038] - failedCases = 2
[ERROR][2015-11-25 12:05:00,953][com.java.SeleniumDriver] [ 1525] - Platform Errors : Our apologies...::We have encountered an issue with your request.::Our apologies?:We encountered an issue with your request.
[INFO ][2015-11-25 12:05:00,953][com.java.SeleniumDriver] [ 1529] - Length =3
[ERROR][2015-11-25 12:05:00,953][com.java.SeleniumDriver] [ 1532] - Error 0 = Our apologies...
[ERROR][2015-11-25 12:05:01,023][com.java.SeleniumDriver] [ 1532] - Error 1 = We have encountered an issue with your request.
[ERROR][2015-11-25 12:05:01,073][com.java.SeleniumDriver] [ 1532] - Error 2 = Our apologies?:We encountered an issue with your request.
[DEBUG][2015-11-25 12:05:01,133][com.java.SeleniumDriver] [ 1176] - Case found
[DEBUG][2015-11-25 12:05:01,133][com.java.SeleniumDriver] [ 1181] - Incrementing ReportCounters[0]:2
[INFO ][2015-11-25 12:05:01,133][com.java.SeleniumDriver] [ 1200] - The results are-------------------[2, 17, GL: Summary: Executive Summary: Use New & Existing Forecasting Project, Fail, 
Test case failed at Step No. :: 17   Error Message ::  Element :://span[contains(text(),'Show Report')]:: not found. Screen Shot : D:\BankersDashboard\TestReports\112515\2_112515_120500_IE10.png, Wed Nov 25 12:05:01 IST 2015]
[INFO ][2015-11-25 12:05:01,133][com.java.SeleniumDriver] [ 1204] - End time is-------3 min 39 sec
[INFO ][2015-11-25 12:05:01,133][com.java.SeleniumDriver] [ 1205] - The results are-------------------[2, 17, GL: Summary: Executive Summary: Use New & Existing Forecasting Project, Fail, 
Test case failed at Step No. :: 17   Error Message ::  Element :://span[contains(text(),'Show Report')]:: not found. Screen Shot : D:\BankersDashboard\TestReports\112515\2_112515_120500_IE10.png, Wed Nov 25 12:05:01 IST 2015]
[DEBUG][2015-11-25 12:05:01,133][com.java.ImportnExport.ExportTestResultsExcel] [  222] - testResultPath = D:\BankersDashboard/TestReports/Test Results_BankersDashBoard_112515_120123_IE10_Bank of North Carolina.xls
[DEBUG][2015-11-25 12:05:01,133][com.java.ImportnExport.ExportTestResultsExcel] [  223] - browser is------------IE10
[DEBUG][2015-11-25 12:05:01,133][com.java.ImportnExport.ExportTestResultsExcel] [  270] - result.size() = 6
[DEBUG][2015-11-25 12:05:01,133][com.java.ImportnExport.ExportTestResultsExcel] [  274] - No of rows in sheet=2
[DEBUG][2015-11-25 12:05:01,133][com.java.ImportnExport.ExportTestResultsExcel] [  301] - ..in export..2
[DEBUG][2015-11-25 12:05:01,133][com.java.ImportnExport.ExportTestResultsExcel] [  301] - ..in export..GL: Summary: Executive Summary: Use New & Existing Forecasting Project
[DEBUG][2015-11-25 12:05:01,133][com.java.ImportnExport.ExportTestResultsExcel] [  301] - ..in export..Fail
[DEBUG][2015-11-25 12:05:01,133][com.java.ImportnExport.ExportTestResultsExcel] [  301] - ..in export..
Test case failed at Step No. :: 17   Error Message ::  Element :://span[contains(text(),'Show Report')]:: not found. Screen Shot : D:\BankersDashboard\TestReports\112515\2_112515_120500_IE10.png
[DEBUG][2015-11-25 12:05:01,133][com.java.ImportnExport.ExportTestResultsExcel] [  301] - ..in export..Wed Nov 25 12:05:01 IST 2015
[INFO ][2015-11-25 12:05:01,133][com.java.SeleniumDriver] [ 1263] - out loop:1 size:33 TestCases:[1, 2, 3, 4, 5, 6, 10, 11, 12, 13, 14, 15, 16, 17, 18, 19, 20, 100, 101, 102, 103, 104, 200, 201, 202, 203, 204, 205, 206, 300, 301, 302, 303] testcases:[1, 2, 3, 4, 5, 6, 10, 11, 12, 13, 14, 15, 16, 17, 18, 19, 20, 100, 101, 102, 103, 104, 200, 201, 202, 203, 204, 205, 206, 300, 301, 302, 303]
[INFO ][2015-11-25 12:05:01,133][com.java.ImportnExport.ImportTestDataDetailsExcel] [   49] - test data details path===== D:\BankersDashboard\TestInputs\TestData.xls
