[INFO ][2016-01-14 16:17:50,617][com.java.SeleniumDriver] [  213] - Execute Failed Casesfalse
[INFO ][2016-01-14 16:17:50,617][com.java.SeleniumDriver] [  214] - Browser: IE10
[INFO ][2016-01-14 16:17:50,617][com.java.SeleniumDriver] [  215] - [1, 3, 4]
[INFO ][2016-01-14 16:17:50,617][com.java.SeleniumDriver] [  216] - Total TestCases:3
[INFO ][2016-01-14 16:17:50,617][com.java.SeleniumDriver] [  217] -  Reading Properties from Property File 
[DEBUG][2016-01-14 16:17:50,618][com.java.SeleniumDriver] [  238] - url : https://clients-xuat.bankersdashboard.com
[INFO ][2016-01-14 16:17:50,619][com.java.ImportnExport.ExportTestResultsExcel] [  116] - Time Stamp Thu Jan 14 04:17:50 IST 2016
[INFO ][2016-01-14 16:17:50,619][com.java.ImportnExport.ExportTestResultsExcel] [  175] - OUT FILE : D:\BankersDashboard/TestReports/Test Results_BankersDashBoard_011416_161750_IE10_Any Bank USA.xls
[INFO ][2016-01-14 16:17:50,650][com.java.ImportnExport.ExportTestResultsExcel] [  180] - Test Result file is created
[DEBUG][2016-01-14 16:17:50,762][com.java.SeleniumDriver] [  426] - Hub ip address is-------172.17.68.34
[INFO ][2016-01-14 16:17:50,763][com.java.SeleniumDriver] [  452] - Grid URL:http://172.17.68.34:4444/wd/hub
[INFO ][2016-01-14 16:17:50,763][com.java.SeleniumDriver] [  453] - Capability:Capabilities [{platform=ANY, ensureCleanSession=true, ignoreProtectedModeSettings=true, acceptSslCerts=true, ignoreZoomSetting=true, browserName=internet explorer, browserstack.ie.noFlash=true, version=null}]
[ERROR][2016-01-14 16:17:52,088][com.java.SeleniumDriver] [  498] - Unable invoke browser in grid:Could not start a new session. Possible causes are invalid address of the remote server or browser start-up failure.
Build info: version: '2.48.2', revision: '41bccdd', time: '2015-10-09 19:59:12'
System info: host: 'FVTIII438F1D', ip: '172.17.68.34', os.name: 'Windows 7', os.arch: 'x86', os.version: '6.1', java.version: '1.7.0_55'
Driver info: driver.version: SeleniumDriver
[INFO ][2016-01-14 16:17:52,089][com.java.SeleniumDriver] [  500] - Executing on local machine
[INFO ][2016-01-14 16:18:02,647][com.java.SeleniumDriver] [  248] - IE10is opened
[INFO ][2016-01-14 16:18:03,490][com.java.SeleniumDriver] [  756] - Test cases to be executed are: [1, 3, 4]
[INFO ][2016-01-14 16:18:03,512][com.java.ImportnExport.ImportTestDataDetailsExcel] [   49] - test data details path===== D:\BankersDashboard\TestInputs\TestData.xls
[INFO ][2016-01-14 16:18:03,613][com.java.SeleniumDriver] [  856] - ------------------------------------------
[INFO ][2016-01-14 16:18:03,613][com.java.SeleniumDriver] [  857] - Test case being Executed: 1
[INFO ][2016-01-14 16:18:03,613][com.java.SeleniumDriver] [  869] - Test step:1
[INFO ][2016-01-14 16:18:03,614][com.java.SeleniumDriver] [  881] - Datavalue is----------Concept#1:1-16
[INFO ][2016-01-14 16:18:03,614][com.java.SeleniumDriver] [  905] - DataField : test
[INFO ][2016-01-14 16:18:03,614][com.java.SeleniumDriver] [  907] - DataValue : Concept#1:1-16
[INFO ][2016-01-14 16:18:03,614][com.java.SeleniumDriver] [  913] - <In Set values of the page>
[INFO ][2016-01-14 16:18:03,614][com.java.SeleniumDriver] [  916] - {Data Fields & Data Values Exist}
[INFO ][2016-01-14 16:18:03,614][com.java.SeleniumDriver] [  918] - --------------------------setting values-----------------------------
[INFO ][2016-01-14 16:18:03,614][com.java.SeleniumDriver] [  921] - Action Type : ExecuteTestCase
[INFO ][2016-01-14 16:18:03,634][com.java.TestType] [  437] - The Concept sheet name is ---------- Concept
[INFO ][2016-01-14 16:18:03,634][com.java.TestType] [  440] - The Concept ID  is ---------- 1
[DEBUG][2016-01-14 16:18:03,634][com.java.TestType] [  444] - Steps being executted in the Concept are: 1:16
[INFO ][2016-01-14 16:18:03,634][com.java.TestType] [  451] - Test data details path ---------- D:\BankersDashboard\TestInputs\TestData.xls
[INFO ][2016-01-14 16:18:03,672][com.java.TestType] [  482] -  str(1) = 1
[INFO ][2016-01-14 16:18:03,672][com.java.TestType] [  485] - Test case Id is---1
[INFO ][2016-01-14 16:18:03,672][com.java.TestType] [  487] - 1
[INFO ][2016-01-14 16:18:03,673][com.java.TestType] [  482] -  str(2) = 1
[INFO ][2016-01-14 16:18:03,677][com.java.TestType] [  482] -  str(1) = 1
[INFO ][2016-01-14 16:18:03,677][com.java.TestType] [  485] - Test case Id is---1
[INFO ][2016-01-14 16:18:03,677][com.java.TestType] [  487] - 1
[INFO ][2016-01-14 16:18:03,677][com.java.TestType] [  482] -  str(2) = 2
[INFO ][2016-01-14 16:18:03,678][com.java.TestType] [  482] -  str(1) = 1
[INFO ][2016-01-14 16:18:03,678][com.java.TestType] [  485] - Test case Id is---1
[INFO ][2016-01-14 16:18:03,678][com.java.TestType] [  487] - 1
[INFO ][2016-01-14 16:18:03,678][com.java.TestType] [  482] -  str(2) = 3
[INFO ][2016-01-14 16:18:03,680][com.java.TestType] [  482] -  str(1) = 1
[INFO ][2016-01-14 16:18:03,680][com.java.TestType] [  485] - Test case Id is---1
[INFO ][2016-01-14 16:18:03,680][com.java.TestType] [  487] - 1
[INFO ][2016-01-14 16:18:03,680][com.java.TestType] [  482] -  str(2) = 4
[INFO ][2016-01-14 16:18:03,681][com.java.TestType] [  482] -  str(1) = 1
[INFO ][2016-01-14 16:18:03,681][com.java.TestType] [  485] - Test case Id is---1
[INFO ][2016-01-14 16:18:03,682][com.java.TestType] [  487] - 1
[INFO ][2016-01-14 16:18:03,682][com.java.TestType] [  482] -  str(2) = 5
[INFO ][2016-01-14 16:18:03,683][com.java.TestType] [  482] -  str(1) = 1
[INFO ][2016-01-14 16:18:03,683][com.java.TestType] [  485] - Test case Id is---1
[INFO ][2016-01-14 16:18:03,683][com.java.TestType] [  487] - 1
[INFO ][2016-01-14 16:18:03,684][com.java.TestType] [  482] -  str(2) = 6
[INFO ][2016-01-14 16:18:03,685][com.java.TestType] [  482] -  str(1) = 1
[INFO ][2016-01-14 16:18:03,685][com.java.TestType] [  485] - Test case Id is---1
[INFO ][2016-01-14 16:18:03,685][com.java.TestType] [  487] - 1
[INFO ][2016-01-14 16:18:03,685][com.java.TestType] [  482] -  str(2) = 7
[INFO ][2016-01-14 16:18:03,687][com.java.TestType] [  482] -  str(1) = 1
[INFO ][2016-01-14 16:18:03,687][com.java.TestType] [  485] - Test case Id is---1
[INFO ][2016-01-14 16:18:03,687][com.java.TestType] [  487] - 1
[INFO ][2016-01-14 16:18:03,687][com.java.TestType] [  482] -  str(2) = 8
[INFO ][2016-01-14 16:18:03,688][com.java.TestType] [  482] -  str(1) = 1
[INFO ][2016-01-14 16:18:03,688][com.java.TestType] [  485] - Test case Id is---1
[INFO ][2016-01-14 16:18:03,688][com.java.TestType] [  487] - 1
[INFO ][2016-01-14 16:18:03,688][com.java.TestType] [  482] -  str(2) = 9
[INFO ][2016-01-14 16:18:03,689][com.java.TestType] [  482] -  str(1) = 1
[INFO ][2016-01-14 16:18:03,689][com.java.TestType] [  485] - Test case Id is---1
[INFO ][2016-01-14 16:18:03,689][com.java.TestType] [  487] - 1
[INFO ][2016-01-14 16:18:03,689][com.java.TestType] [  482] -  str(2) = 10
[INFO ][2016-01-14 16:18:03,690][com.java.TestType] [  482] -  str(1) = 1
[INFO ][2016-01-14 16:18:03,690][com.java.TestType] [  485] - Test case Id is---1
[INFO ][2016-01-14 16:18:03,690][com.java.TestType] [  487] - 1
[INFO ][2016-01-14 16:18:03,690][com.java.TestType] [  482] -  str(2) = 11
[INFO ][2016-01-14 16:18:03,691][com.java.TestType] [  482] -  str(1) = 1
[INFO ][2016-01-14 16:18:03,692][com.java.TestType] [  485] - Test case Id is---1
[INFO ][2016-01-14 16:18:03,692][com.java.TestType] [  487] - 1
[INFO ][2016-01-14 16:18:03,692][com.java.TestType] [  482] -  str(2) = 12
[INFO ][2016-01-14 16:18:03,693][com.java.TestType] [  482] -  str(1) = 1
[INFO ][2016-01-14 16:18:03,693][com.java.TestType] [  485] - Test case Id is---1
[INFO ][2016-01-14 16:18:03,693][com.java.TestType] [  487] - 1
[INFO ][2016-01-14 16:18:03,693][com.java.TestType] [  482] -  str(2) = 13
[INFO ][2016-01-14 16:18:03,694][com.java.TestType] [  482] -  str(1) = 1
[INFO ][2016-01-14 16:18:03,694][com.java.TestType] [  485] - Test case Id is---1
[INFO ][2016-01-14 16:18:03,694][com.java.TestType] [  487] - 1
[INFO ][2016-01-14 16:18:03,694][com.java.TestType] [  482] -  str(2) = 14
[INFO ][2016-01-14 16:18:03,695][com.java.TestType] [  482] -  str(1) = 1
[INFO ][2016-01-14 16:18:03,697][com.java.TestType] [  485] - Test case Id is---1
[INFO ][2016-01-14 16:18:03,697][com.java.TestType] [  487] - 1
[INFO ][2016-01-14 16:18:03,697][com.java.TestType] [  482] -  str(2) = 15
[INFO ][2016-01-14 16:18:03,698][com.java.TestType] [  482] -  str(1) = 1
[INFO ][2016-01-14 16:18:03,698][com.java.TestType] [  485] - Test case Id is---1
[INFO ][2016-01-14 16:18:03,698][com.java.TestType] [  487] - 1
[INFO ][2016-01-14 16:18:03,698][com.java.TestType] [  482] -  str(2) = 16
[INFO ][2016-01-14 16:18:03,698][com.java.TestType] [11314] - Looping 1TCID = 1
[DEBUG][2016-01-14 16:18:03,699][com.java.TestType] [11355] - Concept ID:1 :: Step being Executed: 1::1
[INFO ][2016-01-14 16:18:03,699][com.java.TestType] [11393] - dataFields : TXTusername
[DEBUG][2016-01-14 16:18:03,699][com.java.TestType] [11399] - <In Set values of the page>
[DEBUG][2016-01-14 16:18:03,699][com.java.TestType] [11404] - {Data Fields & Data Values Exist}
[INFO ][2016-01-14 16:18:03,699][com.java.TestType] [11410] - --------------------------setting values-----------------------------
[INFO ][2016-01-14 16:18:03,699][com.java.TestType] [11413] - Action Type : CLEARANDENTER
[INFO ][2016-01-14 16:18:06,018][com.java.TestType] [ 6140] - value = naresh.nayini.00000
[INFO ][2016-01-14 16:18:08,452][com.java.TestType] [11432] -  RESULT true
[INFO ][2016-01-14 16:18:08,452][com.java.TestType] [11549] - ?   P A S S   ?
[DEBUG][2016-01-14 16:18:08,452][com.java.TestType] [11355] - Concept ID:1 :: Step being Executed: 1::2
[INFO ][2016-01-14 16:18:08,453][com.java.TestType] [11393] - dataFields : TXTpassword
[DEBUG][2016-01-14 16:18:08,453][com.java.TestType] [11399] - <In Set values of the page>
[DEBUG][2016-01-14 16:18:08,453][com.java.TestType] [11404] - {Data Fields & Data Values Exist}
[INFO ][2016-01-14 16:18:08,453][com.java.TestType] [11410] - --------------------------setting values-----------------------------
[INFO ][2016-01-14 16:18:08,453][com.java.TestType] [11413] - Action Type : CLEARANDENTER
[INFO ][2016-01-14 16:18:10,752][com.java.TestType] [ 6140] - value = Password1*
[INFO ][2016-01-14 16:18:13,302][com.java.TestType] [11432] -  RESULT true
[INFO ][2016-01-14 16:18:13,303][com.java.TestType] [11549] - ?   P A S S   ?
[DEBUG][2016-01-14 16:18:13,303][com.java.TestType] [11355] - Concept ID:1 :: Step being Executed: 1::3
[ERROR][2016-01-14 16:18:13,303][com.java.TestType] [11388] - Exception: null
[INFO ][2016-01-14 16:18:13,303][com.java.TestType] [11393] - dataFields : XPH//button[@type='submit']
[DEBUG][2016-01-14 16:18:13,303][com.java.TestType] [11399] - <In Set values of the page>
[DEBUG][2016-01-14 16:18:13,303][com.java.TestType] [11404] - {Data Fields & Data Values Exist}
[INFO ][2016-01-14 16:18:13,303][com.java.TestType] [11410] - --------------------------setting values-----------------------------
[INFO ][2016-01-14 16:18:13,303][com.java.TestType] [11413] - Action Type : Click
[INFO ][2016-01-14 16:18:13,303][com.java.TestType] [ 6519] - Field ::XPH//button[@type='submit']
[INFO ][2016-01-14 16:18:13,304][com.java.TestType] [ 6140] - value = 
[INFO ][2016-01-14 16:18:14,304][com.java.TestType] [ 6656] - BEFORE CLICK
[INFO ][2016-01-14 16:18:17,802][com.java.TestType] [ 6664] - Unable to click the object Login
[INFO ][2016-01-14 16:18:17,802][com.java.TestType] [11432] -  RESULT true
[INFO ][2016-01-14 16:18:17,802][com.java.TestType] [11549] - ?   P A S S   ?
[DEBUG][2016-01-14 16:18:17,802][com.java.TestType] [11355] - Concept ID:1 :: Step being Executed: 1::4
[INFO ][2016-01-14 16:18:17,802][com.java.TestType] [11393] - dataFields : LNKLogout
[DEBUG][2016-01-14 16:18:17,802][com.java.TestType] [11399] - <In Set values of the page>
[DEBUG][2016-01-14 16:18:17,802][com.java.TestType] [11404] - {Data Fields & Data Values Exist}
[INFO ][2016-01-14 16:18:17,802][com.java.TestType] [11410] - --------------------------setting values-----------------------------
[INFO ][2016-01-14 16:18:17,802][com.java.TestType] [11413] - Action Type : WaitForElement
[INFO ][2016-01-14 16:18:17,839][com.java.TestType] [11432] -  RESULT true
[INFO ][2016-01-14 16:18:17,839][com.java.TestType] [11549] - ?   P A S S   ?
[DEBUG][2016-01-14 16:18:17,839][com.java.TestType] [11355] - Concept ID:1 :: Step being Executed: 1::15
[INFO ][2016-01-14 16:18:17,839][com.java.TestType] [11393] - dataFields : LNK
[DEBUG][2016-01-14 16:18:17,839][com.java.TestType] [11399] - <In Set values of the page>
[DEBUG][2016-01-14 16:18:17,839][com.java.TestType] [11404] - {Data Fields & Data Values Exist}
[INFO ][2016-01-14 16:18:17,839][com.java.TestType] [11410] - --------------------------setting values-----------------------------
[INFO ][2016-01-14 16:18:17,839][com.java.TestType] [11413] - Action Type : Verify
[INFO ][2016-01-14 16:18:17,840][com.java.TestType] [ 7647] - field= LNK value= Logout
[INFO ][2016-01-14 16:18:17,841][com.java.TestType] [ 6140] - value = Logout
[INFO ][2016-01-14 16:18:18,108][com.java.TestType] [11432] -  RESULT true
[INFO ][2016-01-14 16:18:18,108][com.java.TestType] [11549] - ?   P A S S   ?
[DEBUG][2016-01-14 16:18:18,108][com.java.TestType] [11355] - Concept ID:1 :: Step being Executed: 1::16
[INFO ][2016-01-14 16:18:18,108][com.java.TestType] [11393] - dataFields : BTN
[DEBUG][2016-01-14 16:18:18,108][com.java.TestType] [11399] - <In Set values of the page>
[DEBUG][2016-01-14 16:18:18,109][com.java.TestType] [11404] - {Data Fields & Data Values Exist}
[INFO ][2016-01-14 16:18:18,109][com.java.TestType] [11410] - --------------------------setting values-----------------------------
[INFO ][2016-01-14 16:18:18,109][com.java.TestType] [11413] - Action Type : Verify
[INFO ][2016-01-14 16:18:18,109][com.java.TestType] [ 7647] - field= BTN value= //img[contains(@src,'bdlogo.jpg')]
[INFO ][2016-01-14 16:18:18,109][com.java.TestType] [ 6140] - value = //img[contains(@src,'bdlogo.jpg')]
[INFO ][2016-01-14 16:18:18,279][com.java.TestType] [11432] -  RESULT true
[INFO ][2016-01-14 16:18:18,279][com.java.TestType] [11549] - ?   P A S S   ?
[INFO ][2016-01-14 16:18:18,280][com.java.TestType] [11620] - Looping End......
[INFO ][2016-01-14 16:18:18,283][com.java.SeleniumDriver] [  930] -  RESULT true
[INFO ][2016-01-14 16:18:18,284][com.java.SeleniumDriver] [ 1136] - ?   P A S S   ?
[INFO ][2016-01-14 16:18:18,284][com.java.SeleniumDriver] [  856] - ------------------------------------------
[INFO ][2016-01-14 16:18:18,284][com.java.SeleniumDriver] [  857] - Test case being Executed: 1
[INFO ][2016-01-14 16:18:18,284][com.java.SeleniumDriver] [  869] - Test step:2
[INFO ][2016-01-14 16:18:18,284][com.java.SeleniumDriver] [  881] - Datavalue is----------Concept#2:1-2
[INFO ][2016-01-14 16:18:18,284][com.java.SeleniumDriver] [  905] - DataField : test
[INFO ][2016-01-14 16:18:18,284][com.java.SeleniumDriver] [  907] - DataValue : Concept#2:1-2
[INFO ][2016-01-14 16:18:18,284][com.java.SeleniumDriver] [  913] - <In Set values of the page>
[INFO ][2016-01-14 16:18:18,284][com.java.SeleniumDriver] [  916] - {Data Fields & Data Values Exist}
[INFO ][2016-01-14 16:18:18,284][com.java.SeleniumDriver] [  918] - --------------------------setting values-----------------------------
[INFO ][2016-01-14 16:18:18,284][com.java.SeleniumDriver] [  921] - Action Type : ExecuteTestCase
[INFO ][2016-01-14 16:18:18,285][com.java.TestType] [  437] - The Concept sheet name is ---------- Concept
[INFO ][2016-01-14 16:18:18,285][com.java.TestType] [  440] - The Concept ID  is ---------- 2
[DEBUG][2016-01-14 16:18:18,285][com.java.TestType] [  444] - Steps being executted in the Concept are: 1:2
[INFO ][2016-01-14 16:18:18,285][com.java.TestType] [  451] - Test data details path ---------- D:\BankersDashboard\TestInputs\TestData.xls
[INFO ][2016-01-14 16:18:18,319][com.java.TestType] [  482] -  str(1) = 2
[INFO ][2016-01-14 16:18:18,319][com.java.TestType] [  485] - Test case Id is---2
[INFO ][2016-01-14 16:18:18,319][com.java.TestType] [  487] - 2
[INFO ][2016-01-14 16:18:18,319][com.java.TestType] [  482] -  str(2) = 1
[INFO ][2016-01-14 16:18:18,321][com.java.TestType] [  482] -  str(1) = 2
[INFO ][2016-01-14 16:18:18,321][com.java.TestType] [  485] - Test case Id is---2
[INFO ][2016-01-14 16:18:18,321][com.java.TestType] [  487] - 2
[INFO ][2016-01-14 16:18:18,321][com.java.TestType] [  482] -  str(2) = 2
[INFO ][2016-01-14 16:18:18,322][com.java.TestType] [  482] -  str(1) = 2
[INFO ][2016-01-14 16:18:18,322][com.java.TestType] [  485] - Test case Id is---2
[INFO ][2016-01-14 16:18:18,322][com.java.TestType] [  487] - 2
[INFO ][2016-01-14 16:18:18,322][com.java.TestType] [  482] -  str(2) = 3
[INFO ][2016-01-14 16:18:18,323][com.java.TestType] [11314] - Looping 1TCID = 2
[DEBUG][2016-01-14 16:18:18,323][com.java.TestType] [11355] - Concept ID:2 :: Step being Executed: 2::1
[INFO ][2016-01-14 16:18:18,323][com.java.TestType] [11393] - dataFields : BNK//select[@id='bank']
[DEBUG][2016-01-14 16:18:18,323][com.java.TestType] [11399] - <In Set values of the page>
[DEBUG][2016-01-14 16:18:18,323][com.java.TestType] [11404] - {Data Fields & Data Values Exist}
[INFO ][2016-01-14 16:18:18,323][com.java.TestType] [11410] - --------------------------setting values-----------------------------
[INFO ][2016-01-14 16:18:18,323][com.java.TestType] [11413] - Action Type : Select
[INFO ][2016-01-14 16:18:18,324][com.java.TestType] [ 6140] - value = PFC
[INFO ][2016-01-14 16:18:18,539][com.java.TestType] [11432] -  RESULT true
[INFO ][2016-01-14 16:18:18,539][com.java.TestType] [11549] - ?   P A S S   ?
[DEBUG][2016-01-14 16:18:18,540][com.java.TestType] [11355] - Concept ID:2 :: Step being Executed: 2::2
[INFO ][2016-01-14 16:18:18,540][com.java.TestType] [11393] - dataFields : LNKLogout
[DEBUG][2016-01-14 16:18:18,540][com.java.TestType] [11399] - <In Set values of the page>
[DEBUG][2016-01-14 16:18:18,540][com.java.TestType] [11404] - {Data Fields & Data Values Exist}
[INFO ][2016-01-14 16:18:18,541][com.java.TestType] [11410] - --------------------------setting values-----------------------------
[INFO ][2016-01-14 16:18:18,541][com.java.TestType] [11413] - Action Type : WaitTime
[DEBUG][2016-01-14 16:18:18,541][com.java.TestType] [ 5954] - sleepTime: 5000
[INFO ][2016-01-14 16:18:23,541][com.java.TestType] [11432] -  RESULT true
[INFO ][2016-01-14 16:18:23,541][com.java.TestType] [11549] - ?   P A S S   ?
[INFO ][2016-01-14 16:18:23,541][com.java.TestType] [11620] - Looping End......
[INFO ][2016-01-14 16:18:23,545][com.java.SeleniumDriver] [  930] -  RESULT true
[INFO ][2016-01-14 16:18:23,545][com.java.SeleniumDriver] [ 1136] - ?   P A S S   ?
[INFO ][2016-01-14 16:18:23,545][com.java.SeleniumDriver] [  856] - ------------------------------------------
[INFO ][2016-01-14 16:18:23,545][com.java.SeleniumDriver] [  857] - Test case being Executed: 1
[INFO ][2016-01-14 16:18:23,546][com.java.SeleniumDriver] [  869] - Test step:3
[INFO ][2016-01-14 16:18:23,546][com.java.SeleniumDriver] [  881] - Datavalue is----------2
[INFO ][2016-01-14 16:18:23,546][com.java.SeleniumDriver] [  905] - DataField : XPH//button[contains(text(),'Add Content')]
[INFO ][2016-01-14 16:18:23,546][com.java.SeleniumDriver] [  907] - DataValue : 2
[INFO ][2016-01-14 16:18:23,546][com.java.SeleniumDriver] [  913] - <In Set values of the page>
[INFO ][2016-01-14 16:18:23,546][com.java.SeleniumDriver] [  916] - {Data Fields & Data Values Exist}
[INFO ][2016-01-14 16:18:23,546][com.java.SeleniumDriver] [  918] - --------------------------setting values-----------------------------
[INFO ][2016-01-14 16:18:23,546][com.java.SeleniumDriver] [  921] - Action Type : WAITFORELEMENT
[INFO ][2016-01-14 16:18:23,583][com.java.SeleniumDriver] [  930] -  RESULT true
[INFO ][2016-01-14 16:18:23,583][com.java.SeleniumDriver] [ 1136] - ?   P A S S   ?
[DEBUG][2016-01-14 16:18:23,583][com.java.SeleniumDriver] [ 1248] - Case found
[DEBUG][2016-01-14 16:18:23,583][com.java.SeleniumDriver] [ 1253] - Incrementing ReportCounters[0]:1
[INFO ][2016-01-14 16:18:23,584][com.java.SeleniumDriver] [ 1272] - The results are-------------------[1, 1, Valid Login, Pass, , Thu Jan 14 16:18:18 IST 2016, 1, 2, Valid Login, Pass, , Thu Jan 14 16:18:23 IST 2016, 1, 3, Valid Login, Pass, , Thu Jan 14 16:18:23 IST 2016]
[INFO ][2016-01-14 16:18:23,584][com.java.SeleniumDriver] [ 1276] - End time is-------35 sec
[INFO ][2016-01-14 16:18:23,584][com.java.SeleniumDriver] [ 1277] - The results are-------------------[1, 1, Valid Login, Pass, , Thu Jan 14 16:18:18 IST 2016, 1, 2, Valid Login, Pass, , Thu Jan 14 16:18:23 IST 2016, 1, 3, Valid Login, Pass, , Thu Jan 14 16:18:23 IST 2016]
[DEBUG][2016-01-14 16:18:23,584][com.java.ImportnExport.ExportTestResultsExcel] [  222] - testResultPath = D:\BankersDashboard/TestReports/Test Results_BankersDashBoard_011416_161750_IE10_Any Bank USA.xls
[DEBUG][2016-01-14 16:18:23,584][com.java.ImportnExport.ExportTestResultsExcel] [  223] - browser is------------IE10
[DEBUG][2016-01-14 16:18:23,631][com.java.ImportnExport.ExportTestResultsExcel] [  270] - result.size() = 18
[DEBUG][2016-01-14 16:18:23,631][com.java.ImportnExport.ExportTestResultsExcel] [  274] - No of rows in sheet=1
[DEBUG][2016-01-14 16:18:23,632][com.java.ImportnExport.ExportTestResultsExcel] [  301] - ..in export..1
[DEBUG][2016-01-14 16:18:23,632][com.java.ImportnExport.ExportTestResultsExcel] [  301] - ..in export..Valid Login
[DEBUG][2016-01-14 16:18:23,632][com.java.ImportnExport.ExportTestResultsExcel] [  301] - ..in export..Pass
[DEBUG][2016-01-14 16:18:23,632][com.java.ImportnExport.ExportTestResultsExcel] [  301] - ..in export..
[DEBUG][2016-01-14 16:18:23,632][com.java.ImportnExport.ExportTestResultsExcel] [  301] - ..in export..Thu Jan 14 16:18:18 IST 2016
[INFO ][2016-01-14 16:18:23,634][com.java.SeleniumDriver] [ 1337] - out loop:0 size:3 TestCases:[1, 3, 4] testcases:[1, 3, 4]
[INFO ][2016-01-14 16:18:23,634][com.java.ImportnExport.ImportTestDataDetailsExcel] [   49] - test data details path===== D:\BankersDashboard\TestInputs\TestData.xls
[INFO ][2016-01-14 16:18:38,752][com.java.SeleniumDriver] [  856] - ------------------------------------------
[INFO ][2016-01-14 16:18:38,752][com.java.SeleniumDriver] [  857] - Test case being Executed: 3
[INFO ][2016-01-14 16:18:38,752][com.java.SeleniumDriver] [  869] - Test step:1
[INFO ][2016-01-14 16:18:38,752][com.java.SeleniumDriver] [  881] - Datavalue is----------Logout
[INFO ][2016-01-14 16:18:38,752][com.java.SeleniumDriver] [  905] - DataField : BTN
[INFO ][2016-01-14 16:18:38,752][com.java.SeleniumDriver] [  907] - DataValue : Logout
[INFO ][2016-01-14 16:18:38,752][com.java.SeleniumDriver] [  913] - <In Set values of the page>
[INFO ][2016-01-14 16:18:38,752][com.java.SeleniumDriver] [  916] - {Data Fields & Data Values Exist}
[INFO ][2016-01-14 16:18:38,752][com.java.SeleniumDriver] [  918] - --------------------------setting values-----------------------------
[INFO ][2016-01-14 16:18:38,752][com.java.SeleniumDriver] [  921] - Action Type : Verify
[INFO ][2016-01-14 16:18:38,752][com.java.TestType] [ 7647] - field= BTN value= Logout
[INFO ][2016-01-14 16:18:38,753][com.java.TestType] [ 6140] - value = Logout
[INFO ][2016-01-14 16:18:38,836][com.java.SeleniumDriver] [  930] -  RESULT true
[INFO ][2016-01-14 16:18:38,836][com.java.SeleniumDriver] [ 1136] - ?   P A S S   ?
[INFO ][2016-01-14 16:18:38,836][com.java.SeleniumDriver] [ 1178] - step change to 3
[INFO ][2016-01-14 16:18:38,837][com.java.SeleniumDriver] [  856] - ------------------------------------------
[INFO ][2016-01-14 16:18:38,837][com.java.SeleniumDriver] [  857] - Test case being Executed: 3
[INFO ][2016-01-14 16:18:38,837][com.java.SeleniumDriver] [  869] - Test step:3
[INFO ][2016-01-14 16:18:38,837][com.java.SeleniumDriver] [  881] - Datavalue is----------Concept#2:1-2
[INFO ][2016-01-14 16:18:38,837][com.java.SeleniumDriver] [  905] - DataField : test
[INFO ][2016-01-14 16:18:38,837][com.java.SeleniumDriver] [  907] - DataValue : Concept#2:1-2
[INFO ][2016-01-14 16:18:38,837][com.java.SeleniumDriver] [  913] - <In Set values of the page>
[INFO ][2016-01-14 16:18:38,839][com.java.SeleniumDriver] [  916] - {Data Fields & Data Values Exist}
[INFO ][2016-01-14 16:18:38,839][com.java.SeleniumDriver] [  918] - --------------------------setting values-----------------------------
[INFO ][2016-01-14 16:18:38,839][com.java.SeleniumDriver] [  921] - Action Type : ExecuteTestCase
[INFO ][2016-01-14 16:18:38,839][com.java.TestType] [  437] - The Concept sheet name is ---------- Concept
[INFO ][2016-01-14 16:18:38,839][com.java.TestType] [  440] - The Concept ID  is ---------- 2
[DEBUG][2016-01-14 16:18:38,839][com.java.TestType] [  444] - Steps being executted in the Concept are: 1:2
[INFO ][2016-01-14 16:18:38,839][com.java.TestType] [  451] - Test data details path ---------- D:\BankersDashboard\TestInputs\TestData.xls
[INFO ][2016-01-14 16:18:38,873][com.java.TestType] [  482] -  str(1) = 2
[INFO ][2016-01-14 16:18:38,873][com.java.TestType] [  485] - Test case Id is---2
[INFO ][2016-01-14 16:18:38,873][com.java.TestType] [  487] - 2
[INFO ][2016-01-14 16:18:38,873][com.java.TestType] [  482] -  str(2) = 1
[INFO ][2016-01-14 16:18:38,874][com.java.TestType] [  482] -  str(1) = 2
[INFO ][2016-01-14 16:18:38,874][com.java.TestType] [  485] - Test case Id is---2
[INFO ][2016-01-14 16:18:38,875][com.java.TestType] [  487] - 2
[INFO ][2016-01-14 16:18:38,875][com.java.TestType] [  482] -  str(2) = 2
[INFO ][2016-01-14 16:18:38,875][com.java.TestType] [  482] -  str(1) = 2
[INFO ][2016-01-14 16:18:38,876][com.java.TestType] [  485] - Test case Id is---2
[INFO ][2016-01-14 16:18:38,876][com.java.TestType] [  487] - 2
[INFO ][2016-01-14 16:18:38,876][com.java.TestType] [  482] -  str(2) = 3
[INFO ][2016-01-14 16:18:38,877][com.java.TestType] [11314] - Looping 1TCID = 2
[DEBUG][2016-01-14 16:18:38,877][com.java.TestType] [11355] - Concept ID:2 :: Step being Executed: 2::1
[INFO ][2016-01-14 16:18:38,877][com.java.TestType] [11393] - dataFields : BNK//select[@id='bank']
[DEBUG][2016-01-14 16:18:38,877][com.java.TestType] [11399] - <In Set values of the page>
[DEBUG][2016-01-14 16:18:38,877][com.java.TestType] [11404] - {Data Fields & Data Values Exist}
[INFO ][2016-01-14 16:18:38,877][com.java.TestType] [11410] - --------------------------setting values-----------------------------
[INFO ][2016-01-14 16:18:38,877][com.java.TestType] [11413] - Action Type : Select
[INFO ][2016-01-14 16:18:38,877][com.java.TestType] [ 6140] - value = PFC
[INFO ][2016-01-14 16:18:39,090][com.java.TestType] [11432] -  RESULT true
[INFO ][2016-01-14 16:18:39,090][com.java.TestType] [11549] - ?   P A S S   ?
[DEBUG][2016-01-14 16:18:39,090][com.java.TestType] [11355] - Concept ID:2 :: Step being Executed: 2::2
[INFO ][2016-01-14 16:18:39,090][com.java.TestType] [11393] - dataFields : LNKLogout
[DEBUG][2016-01-14 16:18:39,090][com.java.TestType] [11399] - <In Set values of the page>
[DEBUG][2016-01-14 16:18:39,090][com.java.TestType] [11404] - {Data Fields & Data Values Exist}
[INFO ][2016-01-14 16:18:39,090][com.java.TestType] [11410] - --------------------------setting values-----------------------------
[INFO ][2016-01-14 16:18:39,090][com.java.TestType] [11413] - Action Type : WaitTime
[DEBUG][2016-01-14 16:18:39,091][com.java.TestType] [ 5954] - sleepTime: 5000
[INFO ][2016-01-14 16:18:44,091][com.java.TestType] [11432] -  RESULT true
[INFO ][2016-01-14 16:18:44,091][com.java.TestType] [11549] - ?   P A S S   ?
[INFO ][2016-01-14 16:18:44,091][com.java.TestType] [11620] - Looping End......
[INFO ][2016-01-14 16:18:44,095][com.java.SeleniumDriver] [  930] -  RESULT true
[INFO ][2016-01-14 16:18:44,096][com.java.SeleniumDriver] [ 1136] - ?   P A S S   ?
[INFO ][2016-01-14 16:18:44,096][com.java.SeleniumDriver] [  856] - ------------------------------------------
[INFO ][2016-01-14 16:18:44,096][com.java.SeleniumDriver] [  857] - Test case being Executed: 3
[INFO ][2016-01-14 16:18:44,096][com.java.SeleniumDriver] [  869] - Test step:4
[INFO ][2016-01-14 16:18:44,096][com.java.SeleniumDriver] [  881] - Datavalue is----------null
[DEBUG][2016-01-14 16:18:44,096][com.java.SeleniumDriver] [  899] - Exception: null
[INFO ][2016-01-14 16:18:44,096][com.java.SeleniumDriver] [  905] - DataField : //span[@class='icon-user4']&&//a[text()='A/L Mapping']&&//a[@data-id="ResponsibilityCodes"]
[INFO ][2016-01-14 16:18:44,096][com.java.SeleniumDriver] [  907] - DataValue : 
[INFO ][2016-01-14 16:18:44,096][com.java.SeleniumDriver] [  913] - <In Set values of the page>
[INFO ][2016-01-14 16:18:44,096][com.java.SeleniumDriver] [  916] - {Data Fields & Data Values Exist}
[INFO ][2016-01-14 16:18:44,096][com.java.SeleniumDriver] [  918] - --------------------------setting values-----------------------------
[INFO ][2016-01-14 16:18:44,096][com.java.SeleniumDriver] [  921] - Action Type : MOUSEOVER
[INFO ][2016-01-14 16:19:11,529][com.java.SeleniumDriver] [  930] -  RESULT true
[INFO ][2016-01-14 16:19:11,529][com.java.SeleniumDriver] [ 1136] - ?   P A S S   ?
[INFO ][2016-01-14 16:19:11,529][com.java.SeleniumDriver] [  856] - ------------------------------------------
[INFO ][2016-01-14 16:19:11,529][com.java.SeleniumDriver] [  857] - Test case being Executed: 3
[INFO ][2016-01-14 16:19:11,529][com.java.SeleniumDriver] [  869] - Test step:5
[INFO ][2016-01-14 16:19:11,529][com.java.SeleniumDriver] [  881] - Datavalue is----------5
[INFO ][2016-01-14 16:19:11,529][com.java.SeleniumDriver] [  905] - DataField : XPH//div[@id='divDialogLoading']//img
[INFO ][2016-01-14 16:19:11,529][com.java.SeleniumDriver] [  907] - DataValue : 5
[INFO ][2016-01-14 16:19:11,529][com.java.SeleniumDriver] [  913] - <In Set values of the page>
[INFO ][2016-01-14 16:19:11,529][com.java.SeleniumDriver] [  916] - {Data Fields & Data Values Exist}
[INFO ][2016-01-14 16:19:11,529][com.java.SeleniumDriver] [  918] - --------------------------setting values-----------------------------
[INFO ][2016-01-14 16:19:11,530][com.java.SeleniumDriver] [  921] - Action Type : WAITFORELEMENT
[INFO ][2016-01-14 16:19:11,568][com.java.SeleniumDriver] [  930] -  RESULT true
[INFO ][2016-01-14 16:19:11,568][com.java.SeleniumDriver] [ 1136] - ?   P A S S   ?
[INFO ][2016-01-14 16:19:11,568][com.java.SeleniumDriver] [  856] - ------------------------------------------
[INFO ][2016-01-14 16:19:11,568][com.java.SeleniumDriver] [  857] - Test case being Executed: 3
[INFO ][2016-01-14 16:19:11,568][com.java.SeleniumDriver] [  869] - Test step:6
[INFO ][2016-01-14 16:19:11,569][com.java.SeleniumDriver] [  881] - Datavalue is----------90
[INFO ][2016-01-14 16:19:11,569][com.java.SeleniumDriver] [  905] - DataField : XPH//div[@id='divDialogLoading']//img
[INFO ][2016-01-14 16:19:11,569][com.java.SeleniumDriver] [  907] - DataValue : 90
[INFO ][2016-01-14 16:19:11,569][com.java.SeleniumDriver] [  913] - <In Set values of the page>
[INFO ][2016-01-14 16:19:11,569][com.java.SeleniumDriver] [  916] - {Data Fields & Data Values Exist}
[INFO ][2016-01-14 16:19:11,569][com.java.SeleniumDriver] [  918] - --------------------------setting values-----------------------------
[INFO ][2016-01-14 16:19:11,569][com.java.SeleniumDriver] [  921] - Action Type : WAITFORELEMENTNOTPRESENT
[INFO ][2016-01-14 16:19:11,676][com.java.SeleniumDriver] [  930] -  RESULT true
[INFO ][2016-01-14 16:19:11,676][com.java.SeleniumDriver] [ 1136] - ?   P A S S   ?
[INFO ][2016-01-14 16:19:11,676][com.java.SeleniumDriver] [  856] - ------------------------------------------
[INFO ][2016-01-14 16:19:11,676][com.java.SeleniumDriver] [  857] - Test case being Executed: 3
[INFO ][2016-01-14 16:19:11,677][com.java.SeleniumDriver] [  869] - Test step:7
[INFO ][2016-01-14 16:19:11,677][com.java.SeleniumDriver] [  881] - Datavalue is----------Responsibility Codes
[INFO ][2016-01-14 16:19:11,677][com.java.SeleniumDriver] [  905] - DataField : XPH//span[contains(text(),'Responsibility Codes')]
[INFO ][2016-01-14 16:19:11,677][com.java.SeleniumDriver] [  907] - DataValue : Responsibility Codes
[INFO ][2016-01-14 16:19:11,677][com.java.SeleniumDriver] [  913] - <In Set values of the page>
[INFO ][2016-01-14 16:19:11,677][com.java.SeleniumDriver] [  916] - {Data Fields & Data Values Exist}
[INFO ][2016-01-14 16:19:11,677][com.java.SeleniumDriver] [  918] - --------------------------setting values-----------------------------
[INFO ][2016-01-14 16:19:11,677][com.java.SeleniumDriver] [  921] - Action Type : VERIFY
[INFO ][2016-01-14 16:19:11,677][com.java.TestType] [ 7647] - field= XPH//span[contains(text(),'Responsibility Codes')] value= Responsibility Codes
[INFO ][2016-01-14 16:19:11,677][com.java.TestType] [ 6140] - value = Responsibility Codes
[INFO ][2016-01-14 16:19:11,792][com.java.SeleniumDriver] [  930] -  RESULT true
[INFO ][2016-01-14 16:19:11,792][com.java.SeleniumDriver] [ 1136] - ?   P A S S   ?
[INFO ][2016-01-14 16:19:11,792][com.java.SeleniumDriver] [  856] - ------------------------------------------
[INFO ][2016-01-14 16:19:11,792][com.java.SeleniumDriver] [  857] - Test case being Executed: 3
[INFO ][2016-01-14 16:19:11,792][com.java.SeleniumDriver] [  869] - Test step:8
[INFO ][2016-01-14 16:19:11,792][com.java.SeleniumDriver] [  881] - Datavalue is----------null
[DEBUG][2016-01-14 16:19:11,792][com.java.SeleniumDriver] [  899] - Exception: null
[INFO ][2016-01-14 16:19:11,794][com.java.SeleniumDriver] [  905] - DataField : BTNframeDialogContent
[INFO ][2016-01-14 16:19:11,794][com.java.SeleniumDriver] [  907] - DataValue : 
[INFO ][2016-01-14 16:19:11,794][com.java.SeleniumDriver] [  913] - <In Set values of the page>
[INFO ][2016-01-14 16:19:11,794][com.java.SeleniumDriver] [  916] - {Data Fields & Data Values Exist}
[INFO ][2016-01-14 16:19:11,794][com.java.SeleniumDriver] [  918] - --------------------------setting values-----------------------------
[INFO ][2016-01-14 16:19:11,794][com.java.SeleniumDriver] [  921] - Action Type : SELECTFRAME
[INFO ][2016-01-14 16:19:13,068][com.java.SeleniumDriver] [  930] -  RESULT true
[INFO ][2016-01-14 16:19:13,068][com.java.SeleniumDriver] [ 1136] - ?   P A S S   ?
[INFO ][2016-01-14 16:19:13,068][com.java.SeleniumDriver] [  856] - ------------------------------------------
[INFO ][2016-01-14 16:19:13,068][com.java.SeleniumDriver] [  857] - Test case being Executed: 3
[INFO ][2016-01-14 16:19:13,068][com.java.SeleniumDriver] [  869] - Test step:9
[INFO ][2016-01-14 16:19:13,068][com.java.SeleniumDriver] [  881] - Datavalue is----------officer
[INFO ][2016-01-14 16:19:13,068][com.java.SeleniumDriver] [  905] - DataField : XPH//*[@id='ddlOfficers']/option[1]
[INFO ][2016-01-14 16:19:13,068][com.java.SeleniumDriver] [  907] - DataValue : officer
[INFO ][2016-01-14 16:19:13,069][com.java.SeleniumDriver] [  913] - <In Set values of the page>
[INFO ][2016-01-14 16:19:13,069][com.java.SeleniumDriver] [  916] - {Data Fields & Data Values Exist}
[INFO ][2016-01-14 16:19:13,069][com.java.SeleniumDriver] [  918] - --------------------------setting values-----------------------------
[INFO ][2016-01-14 16:19:13,069][com.java.SeleniumDriver] [  921] - Action Type : STOREVALUE
[INFO ][2016-01-14 16:19:13,069][com.java.TestType] [ 9074] - field= XPH//*[@id='ddlOfficers']/option[1]
[DEBUG][2016-01-14 16:19:13,145][com.java.TestType] [ 9129] - Key:: officer   Value:: Allen R Reed
[INFO ][2016-01-14 16:19:13,145][com.java.SeleniumDriver] [  930] -  RESULT true
[INFO ][2016-01-14 16:19:13,145][com.java.SeleniumDriver] [ 1136] - ?   P A S S   ?
[INFO ][2016-01-14 16:19:13,145][com.java.SeleniumDriver] [  856] - ------------------------------------------
[INFO ][2016-01-14 16:19:13,145][com.java.SeleniumDriver] [  857] - Test case being Executed: 3
[INFO ][2016-01-14 16:19:13,145][com.java.SeleniumDriver] [  869] - Test step:10
[INFO ][2016-01-14 16:19:13,145][com.java.SeleniumDriver] [  881] - Datavalue is----------null
[DEBUG][2016-01-14 16:19:13,145][com.java.SeleniumDriver] [  899] - Exception: null
[INFO ][2016-01-14 16:19:13,145][com.java.SeleniumDriver] [  905] - DataField : BTNbtnModify
[INFO ][2016-01-14 16:19:13,145][com.java.SeleniumDriver] [  907] - DataValue : 
[INFO ][2016-01-14 16:19:13,145][com.java.SeleniumDriver] [  913] - <In Set values of the page>
[INFO ][2016-01-14 16:19:13,145][com.java.SeleniumDriver] [  916] - {Data Fields & Data Values Exist}
[INFO ][2016-01-14 16:19:13,145][com.java.SeleniumDriver] [  918] - --------------------------setting values-----------------------------
[INFO ][2016-01-14 16:19:13,146][com.java.SeleniumDriver] [  921] - Action Type : CLICK
[INFO ][2016-01-14 16:19:13,146][com.java.TestType] [ 6519] - Field ::BTNbtnModify
[INFO ][2016-01-14 16:19:13,146][com.java.TestType] [ 6140] - value = 
[INFO ][2016-01-14 16:19:14,146][com.java.TestType] [ 6635] - BEFORE CLICK
[INFO ][2016-01-14 16:19:15,819][com.java.TestType] [ 6642] - Unable to click the object Modify button
[INFO ][2016-01-14 16:19:15,819][com.java.SeleniumDriver] [  930] -  RESULT true
[INFO ][2016-01-14 16:19:15,819][com.java.SeleniumDriver] [ 1136] - ?   P A S S   ?
[INFO ][2016-01-14 16:19:15,819][com.java.SeleniumDriver] [  856] - ------------------------------------------
[INFO ][2016-01-14 16:19:15,819][com.java.SeleniumDriver] [  857] - Test case being Executed: 3
[INFO ][2016-01-14 16:19:15,819][com.java.SeleniumDriver] [  869] - Test step:11
[INFO ][2016-01-14 16:19:15,819][com.java.SeleniumDriver] [  881] - Datavalue is----------5
[INFO ][2016-01-14 16:19:15,820][com.java.SeleniumDriver] [  905] - DataField : null
[INFO ][2016-01-14 16:19:15,820][com.java.SeleniumDriver] [  907] - DataValue : 5
[INFO ][2016-01-14 16:19:15,820][com.java.SeleniumDriver] [  913] - <In Set values of the page>
[INFO ][2016-01-14 16:19:15,820][com.java.SeleniumDriver] [  916] - {Data Fields & Data Values Exist}
[INFO ][2016-01-14 16:19:15,820][com.java.SeleniumDriver] [  918] - --------------------------setting values-----------------------------
[INFO ][2016-01-14 16:19:15,820][com.java.SeleniumDriver] [  921] - Action Type : WAITTIME
[DEBUG][2016-01-14 16:19:15,820][com.java.TestType] [ 5954] - sleepTime: 5000
[INFO ][2016-01-14 16:19:20,820][com.java.SeleniumDriver] [  930] -  RESULT true
[INFO ][2016-01-14 16:19:20,820][com.java.SeleniumDriver] [ 1136] - ?   P A S S   ?
[INFO ][2016-01-14 16:19:20,820][com.java.SeleniumDriver] [  856] - ------------------------------------------
[INFO ][2016-01-14 16:19:20,820][com.java.SeleniumDriver] [  857] - Test case being Executed: 3
[INFO ][2016-01-14 16:19:20,820][com.java.SeleniumDriver] [  869] - Test step:12
[INFO ][2016-01-14 16:19:20,820][com.java.SeleniumDriver] [  881] - Datavalue is----------5
[INFO ][2016-01-14 16:19:20,820][com.java.SeleniumDriver] [  905] - DataField : null
[INFO ][2016-01-14 16:19:20,820][com.java.SeleniumDriver] [  907] - DataValue : 5
[INFO ][2016-01-14 16:19:20,820][com.java.SeleniumDriver] [  913] - <In Set values of the page>
[INFO ][2016-01-14 16:19:20,820][com.java.SeleniumDriver] [  916] - {Data Fields & Data Values Exist}
[INFO ][2016-01-14 16:19:20,820][com.java.SeleniumDriver] [  918] - --------------------------setting values-----------------------------
[INFO ][2016-01-14 16:19:20,820][com.java.SeleniumDriver] [  921] - Action Type : WAITTIME
[DEBUG][2016-01-14 16:19:20,821][com.java.TestType] [ 5954] - sleepTime: 5000
[INFO ][2016-01-14 16:19:25,821][com.java.SeleniumDriver] [  930] -  RESULT true
[INFO ][2016-01-14 16:19:25,821][com.java.SeleniumDriver] [ 1136] - ?   P A S S   ?
[INFO ][2016-01-14 16:19:25,822][com.java.SeleniumDriver] [  856] - ------------------------------------------
[INFO ][2016-01-14 16:19:25,822][com.java.SeleniumDriver] [  857] - Test case being Executed: 3
[INFO ][2016-01-14 16:19:25,822][com.java.SeleniumDriver] [  869] - Test step:13
[INFO ][2016-01-14 16:19:25,823][com.java.SeleniumDriver] [  881] - Datavalue is----------5
[INFO ][2016-01-14 16:19:25,823][com.java.SeleniumDriver] [  905] - DataField : TXTtxtOfficerName
[INFO ][2016-01-14 16:19:25,823][com.java.SeleniumDriver] [  907] - DataValue : 5
[INFO ][2016-01-14 16:19:25,823][com.java.SeleniumDriver] [  913] - <In Set values of the page>
[INFO ][2016-01-14 16:19:25,823][com.java.SeleniumDriver] [  916] - {Data Fields & Data Values Exist}
[INFO ][2016-01-14 16:19:25,823][com.java.SeleniumDriver] [  918] - --------------------------setting values-----------------------------
[INFO ][2016-01-14 16:19:25,823][com.java.SeleniumDriver] [  921] - Action Type : WAITFORELEMENT
[INFO ][2016-01-14 16:19:26,880][com.java.SeleniumDriver] [  930] -  RESULT true
[INFO ][2016-01-14 16:19:26,881][com.java.SeleniumDriver] [ 1136] - ?   P A S S   ?
[INFO ][2016-01-14 16:19:26,881][com.java.SeleniumDriver] [  856] - ------------------------------------------
[INFO ][2016-01-14 16:19:26,881][com.java.SeleniumDriver] [  857] - Test case being Executed: 3
[INFO ][2016-01-14 16:19:26,881][com.java.SeleniumDriver] [  869] - Test step:14
[INFO ][2016-01-14 16:19:26,881][com.java.SeleniumDriver] [  881] - Datavalue is----------123
[INFO ][2016-01-14 16:19:26,881][com.java.SeleniumDriver] [  905] - DataField : TXTtxtOfficerName
[INFO ][2016-01-14 16:19:26,881][com.java.SeleniumDriver] [  907] - DataValue : 123
[INFO ][2016-01-14 16:19:26,881][com.java.SeleniumDriver] [  913] - <In Set values of the page>
[INFO ][2016-01-14 16:19:26,881][com.java.SeleniumDriver] [  916] - {Data Fields & Data Values Exist}
[INFO ][2016-01-14 16:19:26,881][com.java.SeleniumDriver] [  918] - --------------------------setting values-----------------------------
[INFO ][2016-01-14 16:19:26,881][com.java.SeleniumDriver] [  921] - Action Type : ENTER
[INFO ][2016-01-14 16:19:26,881][com.java.TestType] [ 7039] - field = txtOfficerName
[INFO ][2016-01-14 16:19:26,881][com.java.TestType] [ 6140] - value = 123
[INFO ][2016-01-14 16:19:28,173][com.java.SeleniumDriver] [  930] -  RESULT true
[INFO ][2016-01-14 16:19:28,173][com.java.SeleniumDriver] [ 1136] - ?   P A S S   ?
[INFO ][2016-01-14 16:19:28,173][com.java.SeleniumDriver] [  856] - ------------------------------------------
[INFO ][2016-01-14 16:19:28,173][com.java.SeleniumDriver] [  857] - Test case being Executed: 3
[INFO ][2016-01-14 16:19:28,174][com.java.SeleniumDriver] [  869] - Test step:15
[INFO ][2016-01-14 16:19:28,174][com.java.SeleniumDriver] [  881] - Datavalue is----------2
[INFO ][2016-01-14 16:19:28,174][com.java.SeleniumDriver] [  905] - DataField : null
[INFO ][2016-01-14 16:19:28,174][com.java.SeleniumDriver] [  907] - DataValue : 2
[INFO ][2016-01-14 16:19:28,174][com.java.SeleniumDriver] [  913] - <In Set values of the page>
[INFO ][2016-01-14 16:19:28,174][com.java.SeleniumDriver] [  916] - {Data Fields & Data Values Exist}
[INFO ][2016-01-14 16:19:28,174][com.java.SeleniumDriver] [  918] - --------------------------setting values-----------------------------
[INFO ][2016-01-14 16:19:28,174][com.java.SeleniumDriver] [  921] - Action Type : WAITTIME
[DEBUG][2016-01-14 16:19:28,174][com.java.TestType] [ 5954] - sleepTime: 2000
[INFO ][2016-01-14 16:19:30,174][com.java.SeleniumDriver] [  930] -  RESULT true
[INFO ][2016-01-14 16:19:30,174][com.java.SeleniumDriver] [ 1136] - ?   P A S S   ?
[INFO ][2016-01-14 16:19:30,174][com.java.SeleniumDriver] [  856] - ------------------------------------------
[INFO ][2016-01-14 16:19:30,174][com.java.SeleniumDriver] [  857] - Test case being Executed: 3
[INFO ][2016-01-14 16:19:30,174][com.java.SeleniumDriver] [  869] - Test step:16
[INFO ][2016-01-14 16:19:30,174][com.java.SeleniumDriver] [  881] - Datavalue is----------updatedofficer
[INFO ][2016-01-14 16:19:30,174][com.java.SeleniumDriver] [  905] - DataField : TXTtxtOfficerName
[INFO ][2016-01-14 16:19:30,174][com.java.SeleniumDriver] [  907] - DataValue : updatedofficer
[INFO ][2016-01-14 16:19:30,174][com.java.SeleniumDriver] [  913] - <In Set values of the page>
[INFO ][2016-01-14 16:19:30,174][com.java.SeleniumDriver] [  916] - {Data Fields & Data Values Exist}
[INFO ][2016-01-14 16:19:30,174][com.java.SeleniumDriver] [  918] - --------------------------setting values-----------------------------
[INFO ][2016-01-14 16:19:30,174][com.java.SeleniumDriver] [  921] - Action Type : STOREVALUE
[INFO ][2016-01-14 16:19:30,175][com.java.TestType] [ 9074] - field= TXTtxtOfficerName
[DEBUG][2016-01-14 16:19:31,283][com.java.TestType] [ 9088] - Key:: updatedofficer  Value:: 123
[INFO ][2016-01-14 16:19:31,284][com.java.SeleniumDriver] [  930] -  RESULT true
[INFO ][2016-01-14 16:19:31,284][com.java.SeleniumDriver] [ 1136] - ?   P A S S   ?
[INFO ][2016-01-14 16:19:31,284][com.java.SeleniumDriver] [  856] - ------------------------------------------
[INFO ][2016-01-14 16:19:31,284][com.java.SeleniumDriver] [  857] - Test case being Executed: 3
[INFO ][2016-01-14 16:19:31,284][com.java.SeleniumDriver] [  869] - Test step:17
[INFO ][2016-01-14 16:19:31,284][com.java.SeleniumDriver] [  881] - Datavalue is----------null
[DEBUG][2016-01-14 16:19:31,285][com.java.SeleniumDriver] [  899] - Exception: null
[INFO ][2016-01-14 16:19:31,285][com.java.SeleniumDriver] [  905] - DataField : BTNparent
[INFO ][2016-01-14 16:19:31,285][com.java.SeleniumDriver] [  907] - DataValue : 
[INFO ][2016-01-14 16:19:31,285][com.java.SeleniumDriver] [  913] - <In Set values of the page>
[INFO ][2016-01-14 16:19:31,285][com.java.SeleniumDriver] [  916] - {Data Fields & Data Values Exist}
[INFO ][2016-01-14 16:19:31,285][com.java.SeleniumDriver] [  918] - --------------------------setting values-----------------------------
[INFO ][2016-01-14 16:19:31,285][com.java.SeleniumDriver] [  921] - Action Type : SELECTFRAME
[INFO ][2016-01-14 16:19:31,300][com.java.SeleniumDriver] [  930] -  RESULT true
[INFO ][2016-01-14 16:19:31,300][com.java.SeleniumDriver] [ 1136] - ?   P A S S   ?
[INFO ][2016-01-14 16:19:31,300][com.java.SeleniumDriver] [  856] - ------------------------------------------
[INFO ][2016-01-14 16:19:31,300][com.java.SeleniumDriver] [  857] - Test case being Executed: 3
[INFO ][2016-01-14 16:19:31,300][com.java.SeleniumDriver] [  869] - Test step:18
[INFO ][2016-01-14 16:19:31,300][com.java.SeleniumDriver] [  881] - Datavalue is----------null
[DEBUG][2016-01-14 16:19:31,301][com.java.SeleniumDriver] [  899] - Exception: null
[INFO ][2016-01-14 16:19:31,301][com.java.SeleniumDriver] [  905] - DataField : XPH//span[contains(text(),'Finished')]
[INFO ][2016-01-14 16:19:31,301][com.java.SeleniumDriver] [  907] - DataValue : 
[INFO ][2016-01-14 16:19:31,301][com.java.SeleniumDriver] [  913] - <In Set values of the page>
[INFO ][2016-01-14 16:19:31,301][com.java.SeleniumDriver] [  916] - {Data Fields & Data Values Exist}
[INFO ][2016-01-14 16:19:31,301][com.java.SeleniumDriver] [  918] - --------------------------setting values-----------------------------
[INFO ][2016-01-14 16:19:31,301][com.java.SeleniumDriver] [  921] - Action Type : CLICK
[INFO ][2016-01-14 16:19:31,301][com.java.TestType] [ 6519] - Field ::XPH//span[contains(text(),'Finished')]
[INFO ][2016-01-14 16:19:31,301][com.java.TestType] [ 6140] - value = 
[INFO ][2016-01-14 16:19:32,301][com.java.TestType] [ 6656] - BEFORE CLICK
[ERROR][2016-01-14 16:19:32,708][com.java.TestType] [ 6951] - Exception in click:: Element //span[contains(text(),'Finished')] not found
[INFO ][2016-01-14 16:19:32,708][com.java.TestType] [ 6955] - Element :://span[contains(text(),'Finished')]:: not found
[INFO ][2016-01-14 16:19:32,708][com.java.SeleniumDriver] [  930] -  RESULT false
[INFO ][2016-01-14 16:19:32,708][com.java.SeleniumDriver] [  977] - ?   F A I L   ?
[INFO ][2016-01-14 16:19:32,708][com.java.SeleniumDriver] [  985] - Browser Type : IE10
[INFO ][2016-01-14 16:19:32,708][com.java.SeleniumDriver] [  986] - Adding Failed case3
[INFO ][2016-01-14 16:19:32,962][com.java.SeleniumDriver] [ 1100] - failedCases = 3
[ERROR][2016-01-14 16:19:32,962][com.java.SeleniumDriver] [ 1599] - Platform Errors : Our apologies...::We have encountered an issue with your request.::Our apologies?:We encountered an issue with your request.
[INFO ][2016-01-14 16:19:32,962][com.java.SeleniumDriver] [ 1603] - Length =3
[ERROR][2016-01-14 16:19:32,962][com.java.SeleniumDriver] [ 1606] - Error 0 = Our apologies...
[ERROR][2016-01-14 16:19:33,026][com.java.SeleniumDriver] [ 1606] - Error 1 = We have encountered an issue with your request.
[ERROR][2016-01-14 16:19:33,079][com.java.SeleniumDriver] [ 1606] - Error 2 = Our apologies?:We encountered an issue with your request.
[INFO ][2016-01-14 16:19:33,131][com.java.SeleniumDriver] [ 1617] - strError:
[DEBUG][2016-01-14 16:19:33,147][com.java.SeleniumDriver] [ 1248] - Case found
[DEBUG][2016-01-14 16:19:33,147][com.java.SeleniumDriver] [ 1253] - Incrementing ReportCounters[0]:2
[INFO ][2016-01-14 16:19:33,147][com.java.SeleniumDriver] [ 1272] - The results are-------------------[3, 18, Admin: AL Mapping: Responsibility Codes: Modify, Fail, 
Test case failed at Step No. :: 18   Error Message ::  Element :://span[contains(text(),'Finished')]:: not found. Screen Shot : D:\BankersDashboard\TestReports\011416\3_011416_161932_IE10.png, Thu Jan 14 16:19:33 IST 2016]
[INFO ][2016-01-14 16:19:33,147][com.java.SeleniumDriver] [ 1276] - End time is-------1 min 44 sec
[INFO ][2016-01-14 16:19:33,147][com.java.SeleniumDriver] [ 1277] - The results are-------------------[3, 18, Admin: AL Mapping: Responsibility Codes: Modify, Fail, 
Test case failed at Step No. :: 18   Error Message ::  Element :://span[contains(text(),'Finished')]:: not found. Screen Shot : D:\BankersDashboard\TestReports\011416\3_011416_161932_IE10.png, Thu Jan 14 16:19:33 IST 2016]
[DEBUG][2016-01-14 16:19:33,147][com.java.ImportnExport.ExportTestResultsExcel] [  222] - testResultPath = D:\BankersDashboard/TestReports/Test Results_BankersDashBoard_011416_161750_IE10_Any Bank USA.xls
[DEBUG][2016-01-14 16:19:33,147][com.java.ImportnExport.ExportTestResultsExcel] [  223] - browser is------------IE10
[DEBUG][2016-01-14 16:19:33,150][com.java.ImportnExport.ExportTestResultsExcel] [  270] - result.size() = 6
[DEBUG][2016-01-14 16:19:33,150][com.java.ImportnExport.ExportTestResultsExcel] [  274] - No of rows in sheet=2
[DEBUG][2016-01-14 16:19:33,150][com.java.ImportnExport.ExportTestResultsExcel] [  301] - ..in export..3
[DEBUG][2016-01-14 16:19:33,151][com.java.ImportnExport.ExportTestResultsExcel] [  301] - ..in export..Admin: AL Mapping: Responsibility Codes: Modify
[DEBUG][2016-01-14 16:19:33,151][com.java.ImportnExport.ExportTestResultsExcel] [  301] - ..in export..Fail
[DEBUG][2016-01-14 16:19:33,151][com.java.ImportnExport.ExportTestResultsExcel] [  301] - ..in export..
Test case failed at Step No. :: 18   Error Message ::  Element :://span[contains(text(),'Finished')]:: not found. Screen Shot : D:\BankersDashboard\TestReports\011416\3_011416_161932_IE10.png
[DEBUG][2016-01-14 16:19:33,151][com.java.ImportnExport.ExportTestResultsExcel] [  301] - ..in export..Thu Jan 14 16:19:33 IST 2016
[INFO ][2016-01-14 16:19:33,152][com.java.SeleniumDriver] [ 1337] - out loop:1 size:3 TestCases:[1, 3, 4] testcases:[1, 3, 4]
[INFO ][2016-01-14 16:19:33,152][com.java.ImportnExport.ImportTestDataDetailsExcel] [   49] - test data details path===== D:\BankersDashboard\TestInputs\TestData.xls
[INFO ][2016-01-14 16:19:49,514][com.java.SeleniumDriver] [  856] - ------------------------------------------
[INFO ][2016-01-14 16:19:49,514][com.java.SeleniumDriver] [  857] - Test case being Executed: 4
[INFO ][2016-01-14 16:19:49,514][com.java.SeleniumDriver] [  869] - Test step:1
[INFO ][2016-01-14 16:19:49,514][com.java.SeleniumDriver] [  881] - Datavalue is----------Logout
[INFO ][2016-01-14 16:19:49,514][com.java.SeleniumDriver] [  905] - DataField : BTN
[INFO ][2016-01-14 16:19:49,514][com.java.SeleniumDriver] [  907] - DataValue : Logout
[INFO ][2016-01-14 16:19:49,514][com.java.SeleniumDriver] [  913] - <In Set values of the page>
[INFO ][2016-01-14 16:19:49,514][com.java.SeleniumDriver] [  916] - {Data Fields & Data Values Exist}
[INFO ][2016-01-14 16:19:49,514][com.java.SeleniumDriver] [  918] - --------------------------setting values-----------------------------
[INFO ][2016-01-14 16:19:49,514][com.java.SeleniumDriver] [  921] - Action Type : Verify
[INFO ][2016-01-14 16:19:49,514][com.java.TestType] [ 7647] - field= BTN value= Logout
[INFO ][2016-01-14 16:19:49,515][com.java.TestType] [ 6140] - value = Logout
[INFO ][2016-01-14 16:19:49,588][com.java.SeleniumDriver] [  930] -  RESULT true
[INFO ][2016-01-14 16:19:49,588][com.java.SeleniumDriver] [ 1136] - ?   P A S S   ?
[INFO ][2016-01-14 16:19:49,589][com.java.SeleniumDriver] [ 1178] - step change to 3
[INFO ][2016-01-14 16:19:49,589][com.java.SeleniumDriver] [  856] - ------------------------------------------
[INFO ][2016-01-14 16:19:49,589][com.java.SeleniumDriver] [  857] - Test case being Executed: 4
[INFO ][2016-01-14 16:19:49,589][com.java.SeleniumDriver] [  869] - Test step:3
[INFO ][2016-01-14 16:19:49,589][com.java.SeleniumDriver] [  881] - Datavalue is----------Concept#2:1-2
[INFO ][2016-01-14 16:19:49,589][com.java.SeleniumDriver] [  905] - DataField : test
[INFO ][2016-01-14 16:19:49,589][com.java.SeleniumDriver] [  907] - DataValue : Concept#2:1-2
[INFO ][2016-01-14 16:19:49,589][com.java.SeleniumDriver] [  913] - <In Set values of the page>
[INFO ][2016-01-14 16:19:49,589][com.java.SeleniumDriver] [  916] - {Data Fields & Data Values Exist}
[INFO ][2016-01-14 16:19:49,589][com.java.SeleniumDriver] [  918] - --------------------------setting values-----------------------------
[INFO ][2016-01-14 16:19:49,589][com.java.SeleniumDriver] [  921] - Action Type : ExecuteTestCase
[INFO ][2016-01-14 16:19:49,590][com.java.TestType] [  437] - The Concept sheet name is ---------- Concept
[INFO ][2016-01-14 16:19:49,590][com.java.TestType] [  440] - The Concept ID  is ---------- 2
[DEBUG][2016-01-14 16:19:49,590][com.java.TestType] [  444] - Steps being executted in the Concept are: 1:2
[INFO ][2016-01-14 16:19:49,590][com.java.TestType] [  451] - Test data details path ---------- D:\BankersDashboard\TestInputs\TestData.xls
[INFO ][2016-01-14 16:19:49,624][com.java.TestType] [  482] -  str(1) = 2
[INFO ][2016-01-14 16:19:49,624][com.java.TestType] [  485] - Test case Id is---2
[INFO ][2016-01-14 16:19:49,624][com.java.TestType] [  487] - 2
[INFO ][2016-01-14 16:19:49,624][com.java.TestType] [  482] -  str(2) = 1
[INFO ][2016-01-14 16:19:49,626][com.java.TestType] [  482] -  str(1) = 2
[INFO ][2016-01-14 16:19:49,626][com.java.TestType] [  485] - Test case Id is---2
[INFO ][2016-01-14 16:19:49,626][com.java.TestType] [  487] - 2
[INFO ][2016-01-14 16:19:49,626][com.java.TestType] [  482] -  str(2) = 2
[INFO ][2016-01-14 16:19:49,627][com.java.TestType] [  482] -  str(1) = 2
[INFO ][2016-01-14 16:19:49,627][com.java.TestType] [  485] - Test case Id is---2
[INFO ][2016-01-14 16:19:49,627][com.java.TestType] [  487] - 2
[INFO ][2016-01-14 16:19:49,627][com.java.TestType] [  482] -  str(2) = 3
[INFO ][2016-01-14 16:19:49,628][com.java.TestType] [11314] - Looping 1TCID = 2
[DEBUG][2016-01-14 16:19:49,628][com.java.TestType] [11355] - Concept ID:2 :: Step being Executed: 2::1
[INFO ][2016-01-14 16:19:49,628][com.java.TestType] [11393] - dataFields : BNK//select[@id='bank']
[DEBUG][2016-01-14 16:19:49,628][com.java.TestType] [11399] - <In Set values of the page>
[DEBUG][2016-01-14 16:19:49,628][com.java.TestType] [11404] - {Data Fields & Data Values Exist}
[INFO ][2016-01-14 16:19:49,628][com.java.TestType] [11410] - --------------------------setting values-----------------------------
[INFO ][2016-01-14 16:19:49,628][com.java.TestType] [11413] - Action Type : Select
[INFO ][2016-01-14 16:19:49,628][com.java.TestType] [ 6140] - value = PFC
[INFO ][2016-01-14 16:19:49,843][com.java.TestType] [11432] -  RESULT true
[INFO ][2016-01-14 16:19:49,843][com.java.TestType] [11549] - ?   P A S S   ?
[DEBUG][2016-01-14 16:19:49,843][com.java.TestType] [11355] - Concept ID:2 :: Step being Executed: 2::2
[INFO ][2016-01-14 16:19:49,843][com.java.TestType] [11393] - dataFields : LNKLogout
[DEBUG][2016-01-14 16:19:49,843][com.java.TestType] [11399] - <In Set values of the page>
[DEBUG][2016-01-14 16:19:49,843][com.java.TestType] [11404] - {Data Fields & Data Values Exist}
[INFO ][2016-01-14 16:19:49,844][com.java.TestType] [11410] - --------------------------setting values-----------------------------
[INFO ][2016-01-14 16:19:49,844][com.java.TestType] [11413] - Action Type : WaitTime
[DEBUG][2016-01-14 16:19:49,844][com.java.TestType] [ 5954] - sleepTime: 5000
[INFO ][2016-01-14 16:19:54,844][com.java.TestType] [11432] -  RESULT true
[INFO ][2016-01-14 16:19:54,844][com.java.TestType] [11549] - ?   P A S S   ?
[INFO ][2016-01-14 16:19:54,844][com.java.TestType] [11620] - Looping End......
[INFO ][2016-01-14 16:19:54,849][com.java.SeleniumDriver] [  930] -  RESULT true
[INFO ][2016-01-14 16:19:54,849][com.java.SeleniumDriver] [ 1136] - ?   P A S S   ?
[INFO ][2016-01-14 16:19:54,849][com.java.SeleniumDriver] [  856] - ------------------------------------------
[INFO ][2016-01-14 16:19:54,849][com.java.SeleniumDriver] [  857] - Test case being Executed: 4
[INFO ][2016-01-14 16:19:54,849][com.java.SeleniumDriver] [  869] - Test step:4
[INFO ][2016-01-14 16:19:54,849][com.java.SeleniumDriver] [  881] - Datavalue is----------null
[DEBUG][2016-01-14 16:19:54,850][com.java.SeleniumDriver] [  899] - Exception: null
[INFO ][2016-01-14 16:19:54,850][com.java.SeleniumDriver] [  905] - DataField : //span[@class='icon-user4']&&//a[text()='A/L Mapping']&&//a[@data-id="Branches"]
[INFO ][2016-01-14 16:19:54,850][com.java.SeleniumDriver] [  907] - DataValue : 
[INFO ][2016-01-14 16:19:54,850][com.java.SeleniumDriver] [  913] - <In Set values of the page>
[INFO ][2016-01-14 16:19:54,850][com.java.SeleniumDriver] [  916] - {Data Fields & Data Values Exist}
[INFO ][2016-01-14 16:19:54,850][com.java.SeleniumDriver] [  918] - --------------------------setting values-----------------------------
[INFO ][2016-01-14 16:19:54,850][com.java.SeleniumDriver] [  921] - Action Type : MOUSEOVER
[INFO ][2016-01-14 16:20:23,427][com.java.SeleniumDriver] [  930] -  RESULT true
[INFO ][2016-01-14 16:20:23,427][com.java.SeleniumDriver] [ 1136] - ?   P A S S   ?
[INFO ][2016-01-14 16:20:23,427][com.java.SeleniumDriver] [  856] - ------------------------------------------
[INFO ][2016-01-14 16:20:23,427][com.java.SeleniumDriver] [  857] - Test case being Executed: 4
[INFO ][2016-01-14 16:20:23,427][com.java.SeleniumDriver] [  869] - Test step:5
[INFO ][2016-01-14 16:20:23,427][com.java.SeleniumDriver] [  881] - Datavalue is----------5
[INFO ][2016-01-14 16:20:23,427][com.java.SeleniumDriver] [  905] - DataField : XPH//div[@id='divDialogLoading']//img
[INFO ][2016-01-14 16:20:23,427][com.java.SeleniumDriver] [  907] - DataValue : 5
[INFO ][2016-01-14 16:20:23,427][com.java.SeleniumDriver] [  913] - <In Set values of the page>
[INFO ][2016-01-14 16:20:23,427][com.java.SeleniumDriver] [  916] - {Data Fields & Data Values Exist}
[INFO ][2016-01-14 16:20:23,427][com.java.SeleniumDriver] [  918] - --------------------------setting values-----------------------------
[INFO ][2016-01-14 16:20:23,427][com.java.SeleniumDriver] [  921] - Action Type : WAITFORELEMENT
[INFO ][2016-01-14 16:20:23,465][com.java.SeleniumDriver] [  930] -  RESULT true
[INFO ][2016-01-14 16:20:23,465][com.java.SeleniumDriver] [ 1136] - ?   P A S S   ?
[INFO ][2016-01-14 16:20:23,465][com.java.SeleniumDriver] [  856] - ------------------------------------------
[INFO ][2016-01-14 16:20:23,465][com.java.SeleniumDriver] [  857] - Test case being Executed: 4
[INFO ][2016-01-14 16:20:23,466][com.java.SeleniumDriver] [  869] - Test step:6
[INFO ][2016-01-14 16:20:23,466][com.java.SeleniumDriver] [  881] - Datavalue is----------90
[INFO ][2016-01-14 16:20:23,466][com.java.SeleniumDriver] [  905] - DataField : XPH//div[@id='divDialogLoading']//img
[INFO ][2016-01-14 16:20:23,466][com.java.SeleniumDriver] [  907] - DataValue : 90
[INFO ][2016-01-14 16:20:23,466][com.java.SeleniumDriver] [  913] - <In Set values of the page>
[INFO ][2016-01-14 16:20:23,466][com.java.SeleniumDriver] [  916] - {Data Fields & Data Values Exist}
[INFO ][2016-01-14 16:20:23,466][com.java.SeleniumDriver] [  918] - --------------------------setting values-----------------------------
[INFO ][2016-01-14 16:20:23,466][com.java.SeleniumDriver] [  921] - Action Type : WAITFORELEMENTNOTPRESENT
[INFO ][2016-01-14 16:20:23,572][com.java.SeleniumDriver] [  930] -  RESULT true
[INFO ][2016-01-14 16:20:23,572][com.java.SeleniumDriver] [ 1136] - ?   P A S S   ?
[INFO ][2016-01-14 16:20:23,572][com.java.SeleniumDriver] [  856] - ------------------------------------------
[INFO ][2016-01-14 16:20:23,572][com.java.SeleniumDriver] [  857] - Test case being Executed: 4
[INFO ][2016-01-14 16:20:23,572][com.java.SeleniumDriver] [  869] - Test step:7
[INFO ][2016-01-14 16:20:23,572][com.java.SeleniumDriver] [  881] - Datavalue is----------Branches
[INFO ][2016-01-14 16:20:23,574][com.java.SeleniumDriver] [  905] - DataField : XPH//span[contains(text(),'Branches')]
[INFO ][2016-01-14 16:20:23,574][com.java.SeleniumDriver] [  907] - DataValue : Branches
[INFO ][2016-01-14 16:20:23,574][com.java.SeleniumDriver] [  913] - <In Set values of the page>
[INFO ][2016-01-14 16:20:23,574][com.java.SeleniumDriver] [  916] - {Data Fields & Data Values Exist}
[INFO ][2016-01-14 16:20:23,574][com.java.SeleniumDriver] [  918] - --------------------------setting values-----------------------------
[INFO ][2016-01-14 16:20:23,574][com.java.SeleniumDriver] [  921] - Action Type : VERIFY
[INFO ][2016-01-14 16:20:23,574][com.java.TestType] [ 7647] - field= XPH//span[contains(text(),'Branches')] value= Branches
[INFO ][2016-01-14 16:20:23,574][com.java.TestType] [ 6140] - value = Branches
[INFO ][2016-01-14 16:20:23,691][com.java.SeleniumDriver] [  930] -  RESULT true
[INFO ][2016-01-14 16:20:23,691][com.java.SeleniumDriver] [ 1136] - ?   P A S S   ?
[INFO ][2016-01-14 16:20:23,691][com.java.SeleniumDriver] [  856] - ------------------------------------------
[INFO ][2016-01-14 16:20:23,691][com.java.SeleniumDriver] [  857] - Test case being Executed: 4
[INFO ][2016-01-14 16:20:23,691][com.java.SeleniumDriver] [  869] - Test step:8
[INFO ][2016-01-14 16:20:23,692][com.java.SeleniumDriver] [  881] - Datavalue is----------null
[DEBUG][2016-01-14 16:20:23,692][com.java.SeleniumDriver] [  899] - Exception: null
[INFO ][2016-01-14 16:20:23,692][com.java.SeleniumDriver] [  905] - DataField : BTNframeDialogContent
[INFO ][2016-01-14 16:20:23,692][com.java.SeleniumDriver] [  907] - DataValue : 
[INFO ][2016-01-14 16:20:23,692][com.java.SeleniumDriver] [  913] - <In Set values of the page>
[INFO ][2016-01-14 16:20:23,692][com.java.SeleniumDriver] [  916] - {Data Fields & Data Values Exist}
[INFO ][2016-01-14 16:20:23,692][com.java.SeleniumDriver] [  918] - --------------------------setting values-----------------------------
[INFO ][2016-01-14 16:20:23,692][com.java.SeleniumDriver] [  921] - Action Type : SELECTFRAME
[INFO ][2016-01-14 16:20:24,986][com.java.SeleniumDriver] [  930] -  RESULT true
[INFO ][2016-01-14 16:20:24,986][com.java.SeleniumDriver] [ 1136] - ?   P A S S   ?
[INFO ][2016-01-14 16:20:24,986][com.java.SeleniumDriver] [  856] - ------------------------------------------
[INFO ][2016-01-14 16:20:24,986][com.java.SeleniumDriver] [  857] - Test case being Executed: 4
[INFO ][2016-01-14 16:20:24,986][com.java.SeleniumDriver] [  869] - Test step:9
[INFO ][2016-01-14 16:20:24,986][com.java.SeleniumDriver] [  881] - Datavalue is----------null
[DEBUG][2016-01-14 16:20:24,986][com.java.SeleniumDriver] [  899] - Exception: null
[INFO ][2016-01-14 16:20:24,987][com.java.SeleniumDriver] [  905] - DataField : XPH//*[@id='ddlBranches']/option[1]
[INFO ][2016-01-14 16:20:24,987][com.java.SeleniumDriver] [  907] - DataValue : 
[INFO ][2016-01-14 16:20:24,987][com.java.SeleniumDriver] [  913] - <In Set values of the page>
[INFO ][2016-01-14 16:20:24,987][com.java.SeleniumDriver] [  916] - {Data Fields & Data Values Exist}
[INFO ][2016-01-14 16:20:24,987][com.java.SeleniumDriver] [  918] - --------------------------setting values-----------------------------
[INFO ][2016-01-14 16:20:24,987][com.java.SeleniumDriver] [  921] - Action Type : CLICK
[INFO ][2016-01-14 16:20:24,987][com.java.TestType] [ 6519] - Field ::XPH//*[@id='ddlBranches']/option[1]
[INFO ][2016-01-14 16:20:24,987][com.java.TestType] [ 6140] - value = 
[INFO ][2016-01-14 16:20:25,987][com.java.TestType] [ 6656] - BEFORE CLICK
[INFO ][2016-01-14 16:20:26,718][com.java.TestType] [ 6664] - Unable to click the object Branches dropdown
[INFO ][2016-01-14 16:20:26,718][com.java.SeleniumDriver] [  930] -  RESULT true
[INFO ][2016-01-14 16:20:26,718][com.java.SeleniumDriver] [ 1136] - ?   P A S S   ?
[INFO ][2016-01-14 16:20:26,718][com.java.SeleniumDriver] [  856] - ------------------------------------------
[INFO ][2016-01-14 16:20:26,718][com.java.SeleniumDriver] [  857] - Test case being Executed: 4
[INFO ][2016-01-14 16:20:26,718][com.java.SeleniumDriver] [  869] - Test step:10
[INFO ][2016-01-14 16:20:26,718][com.java.SeleniumDriver] [  881] - Datavalue is----------branch
[INFO ][2016-01-14 16:20:26,718][com.java.SeleniumDriver] [  905] - DataField : XPH//*[@id='ddlBranches']/option[1]
[INFO ][2016-01-14 16:20:26,718][com.java.SeleniumDriver] [  907] - DataValue : branch
[INFO ][2016-01-14 16:20:26,718][com.java.SeleniumDriver] [  913] - <In Set values of the page>
[INFO ][2016-01-14 16:20:26,719][com.java.SeleniumDriver] [  916] - {Data Fields & Data Values Exist}
[INFO ][2016-01-14 16:20:26,719][com.java.SeleniumDriver] [  918] - --------------------------setting values-----------------------------
[INFO ][2016-01-14 16:20:26,719][com.java.SeleniumDriver] [  921] - Action Type : STOREVALUE
[INFO ][2016-01-14 16:20:26,719][com.java.TestType] [ 9074] - field= XPH//*[@id='ddlBranches']/option[1]
[DEBUG][2016-01-14 16:20:26,787][com.java.TestType] [ 9129] - Key:: branch   Value:: Calloway
[INFO ][2016-01-14 16:20:26,787][com.java.SeleniumDriver] [  930] -  RESULT true
[INFO ][2016-01-14 16:20:26,787][com.java.SeleniumDriver] [ 1136] - ?   P A S S   ?
[INFO ][2016-01-14 16:20:26,787][com.java.SeleniumDriver] [  856] - ------------------------------------------
[INFO ][2016-01-14 16:20:26,787][com.java.SeleniumDriver] [  857] - Test case being Executed: 4
[INFO ][2016-01-14 16:20:26,787][com.java.SeleniumDriver] [  869] - Test step:11
[INFO ][2016-01-14 16:20:26,787][com.java.SeleniumDriver] [  881] - Datavalue is----------null
[DEBUG][2016-01-14 16:20:26,788][com.java.SeleniumDriver] [  899] - Exception: null
[INFO ][2016-01-14 16:20:26,788][com.java.SeleniumDriver] [  905] - DataField : BTNbtnModify
[INFO ][2016-01-14 16:20:26,788][com.java.SeleniumDriver] [  907] - DataValue : 
[INFO ][2016-01-14 16:20:26,788][com.java.SeleniumDriver] [  913] - <In Set values of the page>
[INFO ][2016-01-14 16:20:26,788][com.java.SeleniumDriver] [  916] - {Data Fields & Data Values Exist}
[INFO ][2016-01-14 16:20:26,788][com.java.SeleniumDriver] [  918] - --------------------------setting values-----------------------------
[INFO ][2016-01-14 16:20:26,788][com.java.SeleniumDriver] [  921] - Action Type : CLICK
[INFO ][2016-01-14 16:20:26,788][com.java.TestType] [ 6519] - Field ::BTNbtnModify
[INFO ][2016-01-14 16:20:26,788][com.java.TestType] [ 6140] - value = 
[INFO ][2016-01-14 16:20:27,788][com.java.TestType] [ 6635] - BEFORE CLICK
[INFO ][2016-01-14 16:20:29,261][com.java.TestType] [ 6642] - Unable to click the object Modify button
[INFO ][2016-01-14 16:20:29,261][com.java.SeleniumDriver] [  930] -  RESULT true
[INFO ][2016-01-14 16:20:29,261][com.java.SeleniumDriver] [ 1136] - ?   P A S S   ?
[INFO ][2016-01-14 16:20:29,261][com.java.SeleniumDriver] [  856] - ------------------------------------------
[INFO ][2016-01-14 16:20:29,261][com.java.SeleniumDriver] [  857] - Test case being Executed: 4
[INFO ][2016-01-14 16:20:29,261][com.java.SeleniumDriver] [  869] - Test step:12
[INFO ][2016-01-14 16:20:29,261][com.java.SeleniumDriver] [  881] - Datavalue is----------5
[INFO ][2016-01-14 16:20:29,261][com.java.SeleniumDriver] [  905] - DataField : null
[INFO ][2016-01-14 16:20:29,261][com.java.SeleniumDriver] [  907] - DataValue : 5
[INFO ][2016-01-14 16:20:29,261][com.java.SeleniumDriver] [  913] - <In Set values of the page>
[INFO ][2016-01-14 16:20:29,262][com.java.SeleniumDriver] [  916] - {Data Fields & Data Values Exist}
[INFO ][2016-01-14 16:20:29,262][com.java.SeleniumDriver] [  918] - --------------------------setting values-----------------------------
[INFO ][2016-01-14 16:20:29,262][com.java.SeleniumDriver] [  921] - Action Type : WAITTIME
[DEBUG][2016-01-14 16:20:29,262][com.java.TestType] [ 5954] - sleepTime: 5000
[INFO ][2016-01-14 16:20:34,262][com.java.SeleniumDriver] [  930] -  RESULT true
[INFO ][2016-01-14 16:20:34,262][com.java.SeleniumDriver] [ 1136] - ?   P A S S   ?
[INFO ][2016-01-14 16:20:34,262][com.java.SeleniumDriver] [  856] - ------------------------------------------
[INFO ][2016-01-14 16:20:34,262][com.java.SeleniumDriver] [  857] - Test case being Executed: 4
[INFO ][2016-01-14 16:20:34,262][com.java.SeleniumDriver] [  869] - Test step:13
[INFO ][2016-01-14 16:20:34,262][com.java.SeleniumDriver] [  881] - Datavalue is----------5
[INFO ][2016-01-14 16:20:34,262][com.java.SeleniumDriver] [  905] - DataField : TXTtxtBranchName
[INFO ][2016-01-14 16:20:34,262][com.java.SeleniumDriver] [  907] - DataValue : 5
[INFO ][2016-01-14 16:20:34,262][com.java.SeleniumDriver] [  913] - <In Set values of the page>
[INFO ][2016-01-14 16:20:34,262][com.java.SeleniumDriver] [  916] - {Data Fields & Data Values Exist}
[INFO ][2016-01-14 16:20:34,262][com.java.SeleniumDriver] [  918] - --------------------------setting values-----------------------------
[INFO ][2016-01-14 16:20:34,262][com.java.SeleniumDriver] [  921] - Action Type : WAITFORELEMENT
[INFO ][2016-01-14 16:20:35,318][com.java.SeleniumDriver] [  930] -  RESULT true
[INFO ][2016-01-14 16:20:35,318][com.java.SeleniumDriver] [ 1136] - ?   P A S S   ?
[INFO ][2016-01-14 16:20:35,319][com.java.SeleniumDriver] [  856] - ------------------------------------------
[INFO ][2016-01-14 16:20:35,319][com.java.SeleniumDriver] [  857] - Test case being Executed: 4
[INFO ][2016-01-14 16:20:35,319][com.java.SeleniumDriver] [  869] - Test step:14
[INFO ][2016-01-14 16:20:35,319][com.java.SeleniumDriver] [  881] - Datavalue is----------123
[INFO ][2016-01-14 16:20:35,319][com.java.SeleniumDriver] [  905] - DataField : TXTtxtBranchName
[INFO ][2016-01-14 16:20:35,319][com.java.SeleniumDriver] [  907] - DataValue : 123
[INFO ][2016-01-14 16:20:35,319][com.java.SeleniumDriver] [  913] - <In Set values of the page>
[INFO ][2016-01-14 16:20:35,319][com.java.SeleniumDriver] [  916] - {Data Fields & Data Values Exist}
[INFO ][2016-01-14 16:20:35,319][com.java.SeleniumDriver] [  918] - --------------------------setting values-----------------------------
[INFO ][2016-01-14 16:20:35,319][com.java.SeleniumDriver] [  921] - Action Type : ENTER
[INFO ][2016-01-14 16:20:35,319][com.java.TestType] [ 7039] - field = txtBranchName
[INFO ][2016-01-14 16:20:35,319][com.java.TestType] [ 6140] - value = 123
[INFO ][2016-01-14 16:20:36,597][com.java.SeleniumDriver] [  930] -  RESULT true
[INFO ][2016-01-14 16:20:36,597][com.java.SeleniumDriver] [ 1136] - ?   P A S S   ?
[INFO ][2016-01-14 16:20:36,597][com.java.SeleniumDriver] [  856] - ------------------------------------------
[INFO ][2016-01-14 16:20:36,597][com.java.SeleniumDriver] [  857] - Test case being Executed: 4
[INFO ][2016-01-14 16:20:36,597][com.java.SeleniumDriver] [  869] - Test step:15
[INFO ][2016-01-14 16:20:36,597][com.java.SeleniumDriver] [  881] - Datavalue is----------2
[INFO ][2016-01-14 16:20:36,598][com.java.SeleniumDriver] [  905] - DataField : null
[INFO ][2016-01-14 16:20:36,598][com.java.SeleniumDriver] [  907] - DataValue : 2
[INFO ][2016-01-14 16:20:36,598][com.java.SeleniumDriver] [  913] - <In Set values of the page>
[INFO ][2016-01-14 16:20:36,598][com.java.SeleniumDriver] [  916] - {Data Fields & Data Values Exist}
[INFO ][2016-01-14 16:20:36,598][com.java.SeleniumDriver] [  918] - --------------------------setting values-----------------------------
[INFO ][2016-01-14 16:20:36,598][com.java.SeleniumDriver] [  921] - Action Type : WAITTIME
[DEBUG][2016-01-14 16:20:36,598][com.java.TestType] [ 5954] - sleepTime: 2000
[INFO ][2016-01-14 16:20:38,598][com.java.SeleniumDriver] [  930] -  RESULT true
[INFO ][2016-01-14 16:20:38,598][com.java.SeleniumDriver] [ 1136] - ?   P A S S   ?
[INFO ][2016-01-14 16:20:38,598][com.java.SeleniumDriver] [  856] - ------------------------------------------
[INFO ][2016-01-14 16:20:38,598][com.java.SeleniumDriver] [  857] - Test case being Executed: 4
[INFO ][2016-01-14 16:20:38,598][com.java.SeleniumDriver] [  869] - Test step:16
[INFO ][2016-01-14 16:20:38,598][com.java.SeleniumDriver] [  881] - Datavalue is----------updatedbranch
[INFO ][2016-01-14 16:20:38,598][com.java.SeleniumDriver] [  905] - DataField : TXTtxtBranchName
[INFO ][2016-01-14 16:20:38,598][com.java.SeleniumDriver] [  907] - DataValue : updatedbranch
[INFO ][2016-01-14 16:20:38,598][com.java.SeleniumDriver] [  913] - <In Set values of the page>
[INFO ][2016-01-14 16:20:38,598][com.java.SeleniumDriver] [  916] - {Data Fields & Data Values Exist}
[INFO ][2016-01-14 16:20:38,598][com.java.SeleniumDriver] [  918] - --------------------------setting values-----------------------------
[INFO ][2016-01-14 16:20:38,598][com.java.SeleniumDriver] [  921] - Action Type : STOREVALUE
[INFO ][2016-01-14 16:20:38,599][com.java.TestType] [ 9074] - field= TXTtxtBranchName
[DEBUG][2016-01-14 16:20:39,701][com.java.TestType] [ 9088] - Key:: updatedbranch  Value:: Calloway123
[INFO ][2016-01-14 16:20:39,701][com.java.SeleniumDriver] [  930] -  RESULT true
[INFO ][2016-01-14 16:20:39,702][com.java.SeleniumDriver] [ 1136] - ?   P A S S   ?
[INFO ][2016-01-14 16:20:39,702][com.java.SeleniumDriver] [  856] - ------------------------------------------
[INFO ][2016-01-14 16:20:39,702][com.java.SeleniumDriver] [  857] - Test case being Executed: 4
[INFO ][2016-01-14 16:20:39,702][com.java.SeleniumDriver] [  869] - Test step:17
[INFO ][2016-01-14 16:20:39,702][com.java.SeleniumDriver] [  881] - Datavalue is----------null
[DEBUG][2016-01-14 16:20:39,702][com.java.SeleniumDriver] [  899] - Exception: null
[INFO ][2016-01-14 16:20:39,702][com.java.SeleniumDriver] [  905] - DataField : BTNparent
[INFO ][2016-01-14 16:20:39,702][com.java.SeleniumDriver] [  907] - DataValue : 
[INFO ][2016-01-14 16:20:39,702][com.java.SeleniumDriver] [  913] - <In Set values of the page>
[INFO ][2016-01-14 16:20:39,702][com.java.SeleniumDriver] [  916] - {Data Fields & Data Values Exist}
[INFO ][2016-01-14 16:20:39,702][com.java.SeleniumDriver] [  918] - --------------------------setting values-----------------------------
[INFO ][2016-01-14 16:20:39,702][com.java.SeleniumDriver] [  921] - Action Type : SELECTFRAME
[INFO ][2016-01-14 16:20:39,717][com.java.SeleniumDriver] [  930] -  RESULT true
[INFO ][2016-01-14 16:20:39,717][com.java.SeleniumDriver] [ 1136] - ?   P A S S   ?
[INFO ][2016-01-14 16:20:39,717][com.java.SeleniumDriver] [  856] - ------------------------------------------
[INFO ][2016-01-14 16:20:39,717][com.java.SeleniumDriver] [  857] - Test case being Executed: 4
[INFO ][2016-01-14 16:20:39,718][com.java.SeleniumDriver] [  869] - Test step:18
[INFO ][2016-01-14 16:20:39,718][com.java.SeleniumDriver] [  881] - Datavalue is----------null
[DEBUG][2016-01-14 16:20:39,718][com.java.SeleniumDriver] [  899] - Exception: null
[INFO ][2016-01-14 16:20:39,718][com.java.SeleniumDriver] [  905] - DataField : XPH//span[contains(text(),'Finished')]
[INFO ][2016-01-14 16:20:39,718][com.java.SeleniumDriver] [  907] - DataValue : 
[INFO ][2016-01-14 16:20:39,718][com.java.SeleniumDriver] [  913] - <In Set values of the page>
[INFO ][2016-01-14 16:20:39,718][com.java.SeleniumDriver] [  916] - {Data Fields & Data Values Exist}
[INFO ][2016-01-14 16:20:39,718][com.java.SeleniumDriver] [  918] - --------------------------setting values-----------------------------
[INFO ][2016-01-14 16:20:39,718][com.java.SeleniumDriver] [  921] - Action Type : CLICK
[INFO ][2016-01-14 16:20:39,718][com.java.TestType] [ 6519] - Field ::XPH//span[contains(text(),'Finished')]
[INFO ][2016-01-14 16:20:39,718][com.java.TestType] [ 6140] - value = 
[INFO ][2016-01-14 16:20:40,718][com.java.TestType] [ 6656] - BEFORE CLICK
[INFO ][2016-01-14 16:20:41,580][com.java.TestType] [ 6664] - Unable to click the object Finished button
[INFO ][2016-01-14 16:20:41,581][com.java.SeleniumDriver] [  930] -  RESULT true
[INFO ][2016-01-14 16:20:41,581][com.java.SeleniumDriver] [ 1136] - ?   P A S S   ?
[INFO ][2016-01-14 16:20:41,581][com.java.SeleniumDriver] [  856] - ------------------------------------------
[INFO ][2016-01-14 16:20:41,581][com.java.SeleniumDriver] [  857] - Test case being Executed: 4
[INFO ][2016-01-14 16:20:41,581][com.java.SeleniumDriver] [  869] - Test step:19
[INFO ][2016-01-14 16:20:41,581][com.java.SeleniumDriver] [  881] - Datavalue is----------2
[INFO ][2016-01-14 16:20:41,581][com.java.SeleniumDriver] [  905] - DataField : null
[INFO ][2016-01-14 16:20:41,581][com.java.SeleniumDriver] [  907] - DataValue : 2
[INFO ][2016-01-14 16:20:41,581][com.java.SeleniumDriver] [  913] - <In Set values of the page>
[INFO ][2016-01-14 16:20:41,582][com.java.SeleniumDriver] [  916] - {Data Fields & Data Values Exist}
[INFO ][2016-01-14 16:20:41,582][com.java.SeleniumDriver] [  918] - --------------------------setting values-----------------------------
[INFO ][2016-01-14 16:20:41,582][com.java.SeleniumDriver] [  921] - Action Type : WAITTIME
[DEBUG][2016-01-14 16:20:41,582][com.java.TestType] [ 5954] - sleepTime: 2000
[INFO ][2016-01-14 16:20:43,582][com.java.SeleniumDriver] [  930] -  RESULT true
[INFO ][2016-01-14 16:20:43,582][com.java.SeleniumDriver] [ 1136] - ?   P A S S   ?
[INFO ][2016-01-14 16:20:43,582][com.java.SeleniumDriver] [  856] - ------------------------------------------
[INFO ][2016-01-14 16:20:43,582][com.java.SeleniumDriver] [  857] - Test case being Executed: 4
[INFO ][2016-01-14 16:20:43,582][com.java.SeleniumDriver] [  869] - Test step:20
[INFO ][2016-01-14 16:20:43,582][com.java.SeleniumDriver] [  881] - Datavalue is----------null
[DEBUG][2016-01-14 16:20:43,582][com.java.SeleniumDriver] [  899] - Exception: null
[INFO ][2016-01-14 16:20:43,582][com.java.SeleniumDriver] [  905] - DataField : BTNframeDialogContent
[INFO ][2016-01-14 16:20:43,582][com.java.SeleniumDriver] [  907] - DataValue : 
[INFO ][2016-01-14 16:20:43,582][com.java.SeleniumDriver] [  913] - <In Set values of the page>
[INFO ][2016-01-14 16:20:43,582][com.java.SeleniumDriver] [  916] - {Data Fields & Data Values Exist}
[INFO ][2016-01-14 16:20:43,582][com.java.SeleniumDriver] [  918] - --------------------------setting values-----------------------------
[INFO ][2016-01-14 16:20:43,583][com.java.SeleniumDriver] [  921] - Action Type : SELECTFRAME
[INFO ][2016-01-14 16:20:44,868][com.java.SeleniumDriver] [  930] -  RESULT true
[INFO ][2016-01-14 16:20:44,868][com.java.SeleniumDriver] [ 1136] - ?   P A S S   ?
[INFO ][2016-01-14 16:20:44,868][com.java.SeleniumDriver] [  856] - ------------------------------------------
[INFO ][2016-01-14 16:20:44,868][com.java.SeleniumDriver] [  857] - Test case being Executed: 4
[INFO ][2016-01-14 16:20:44,868][com.java.SeleniumDriver] [  869] - Test step:21
[INFO ][2016-01-14 16:20:44,868][com.java.SeleniumDriver] [  881] - Datavalue is----------10
[INFO ][2016-01-14 16:20:44,868][com.java.SeleniumDriver] [  905] - DataField : XPH//*[@id='ddlBranches']/option[1]
[INFO ][2016-01-14 16:20:44,869][com.java.SeleniumDriver] [  907] - DataValue : 10
[INFO ][2016-01-14 16:20:44,869][com.java.SeleniumDriver] [  913] - <In Set values of the page>
[INFO ][2016-01-14 16:20:44,869][com.java.SeleniumDriver] [  916] - {Data Fields & Data Values Exist}
[INFO ][2016-01-14 16:20:44,869][com.java.SeleniumDriver] [  918] - --------------------------setting values-----------------------------
[INFO ][2016-01-14 16:20:44,869][com.java.SeleniumDriver] [  921] - Action Type : WAITFORELEMENT
[INFO ][2016-01-14 16:20:44,894][com.java.SeleniumDriver] [  930] -  RESULT true
[INFO ][2016-01-14 16:20:44,894][com.java.SeleniumDriver] [ 1136] - ?   P A S S   ?
[INFO ][2016-01-14 16:20:44,894][com.java.SeleniumDriver] [  856] - ------------------------------------------
[INFO ][2016-01-14 16:20:44,894][com.java.SeleniumDriver] [  857] - Test case being Executed: 4
[INFO ][2016-01-14 16:20:44,894][com.java.SeleniumDriver] [  869] - Test step:22
[INFO ][2016-01-14 16:20:44,894][com.java.SeleniumDriver] [  881] - Datavalue is----------HMVupdatedbranch
[INFO ][2016-01-14 16:20:44,895][com.java.SeleniumDriver] [  905] - DataField : MSG
[INFO ][2016-01-14 16:20:44,895][com.java.SeleniumDriver] [  907] - DataValue : HMVupdatedbranch
[INFO ][2016-01-14 16:20:44,895][com.java.SeleniumDriver] [  913] - <In Set values of the page>
[INFO ][2016-01-14 16:20:44,895][com.java.SeleniumDriver] [  916] - {Data Fields & Data Values Exist}
[INFO ][2016-01-14 16:20:44,895][com.java.SeleniumDriver] [  918] - --------------------------setting values-----------------------------
[INFO ][2016-01-14 16:20:44,895][com.java.SeleniumDriver] [  921] - Action Type : VERIFY
[INFO ][2016-01-14 16:20:44,895][com.java.TestType] [ 7647] - field= MSG value= HMVupdatedbranch
[INFO ][2016-01-14 16:20:44,895][com.java.TestType] [ 6140] - value = Calloway123
[DEBUG][2016-01-14 16:20:44,895][com.java.TestType] [ 8477] - value :: Calloway123
[INFO ][2016-01-14 16:20:44,913][com.java.SeleniumDriver] [  930] -  RESULT true
[INFO ][2016-01-14 16:20:44,913][com.java.SeleniumDriver] [ 1136] - ?   P A S S   ?
[INFO ][2016-01-14 16:20:44,913][com.java.SeleniumDriver] [  856] - ------------------------------------------
[INFO ][2016-01-14 16:20:44,913][com.java.SeleniumDriver] [  857] - Test case being Executed: 4
[INFO ][2016-01-14 16:20:44,913][com.java.SeleniumDriver] [  869] - Test step:23
[INFO ][2016-01-14 16:20:44,913][com.java.SeleniumDriver] [  881] - Datavalue is----------HMVupdatedbranch
[INFO ][2016-01-14 16:20:44,913][com.java.SeleniumDriver] [  905] - DataField : SLBddlBranches
[INFO ][2016-01-14 16:20:44,913][com.java.SeleniumDriver] [  907] - DataValue : HMVupdatedbranch
[INFO ][2016-01-14 16:20:44,913][com.java.SeleniumDriver] [  913] - <In Set values of the page>
[INFO ][2016-01-14 16:20:44,913][com.java.SeleniumDriver] [  916] - {Data Fields & Data Values Exist}
[INFO ][2016-01-14 16:20:44,913][com.java.SeleniumDriver] [  918] - --------------------------setting values-----------------------------
[INFO ][2016-01-14 16:20:44,914][com.java.SeleniumDriver] [  921] - Action Type : SELECT
[INFO ][2016-01-14 16:20:44,914][com.java.TestType] [ 6140] - value = Calloway123
[INFO ][2016-01-14 16:20:47,247][com.java.SeleniumDriver] [  930] -  RESULT true
[INFO ][2016-01-14 16:20:47,247][com.java.SeleniumDriver] [ 1136] - ?   P A S S   ?
[INFO ][2016-01-14 16:20:47,247][com.java.SeleniumDriver] [  856] - ------------------------------------------
[INFO ][2016-01-14 16:20:47,247][com.java.SeleniumDriver] [  857] - Test case being Executed: 4
[INFO ][2016-01-14 16:20:47,247][com.java.SeleniumDriver] [  869] - Test step:24
[INFO ][2016-01-14 16:20:47,247][com.java.SeleniumDriver] [  881] - Datavalue is----------null
[DEBUG][2016-01-14 16:20:47,248][com.java.SeleniumDriver] [  899] - Exception: null
[INFO ][2016-01-14 16:20:47,248][com.java.SeleniumDriver] [  905] - DataField : BTNbtnModify
[INFO ][2016-01-14 16:20:47,248][com.java.SeleniumDriver] [  907] - DataValue : 
[INFO ][2016-01-14 16:20:47,248][com.java.SeleniumDriver] [  913] - <In Set values of the page>
[INFO ][2016-01-14 16:20:47,248][com.java.SeleniumDriver] [  916] - {Data Fields & Data Values Exist}
[INFO ][2016-01-14 16:20:47,248][com.java.SeleniumDriver] [  918] - --------------------------setting values-----------------------------
[INFO ][2016-01-14 16:20:47,248][com.java.SeleniumDriver] [  921] - Action Type : CLICK
[INFO ][2016-01-14 16:20:47,248][com.java.TestType] [ 6519] - Field ::BTNbtnModify
[INFO ][2016-01-14 16:20:47,249][com.java.TestType] [ 6140] - value = 
[INFO ][2016-01-14 16:20:48,249][com.java.TestType] [ 6635] - BEFORE CLICK
[INFO ][2016-01-14 16:20:49,711][com.java.TestType] [ 6642] - Unable to click the object Modify button
[INFO ][2016-01-14 16:20:49,711][com.java.SeleniumDriver] [  930] -  RESULT true
[INFO ][2016-01-14 16:20:49,711][com.java.SeleniumDriver] [ 1136] - ?   P A S S   ?
[INFO ][2016-01-14 16:20:49,711][com.java.SeleniumDriver] [  856] - ------------------------------------------
[INFO ][2016-01-14 16:20:49,711][com.java.SeleniumDriver] [  857] - Test case being Executed: 4
[INFO ][2016-01-14 16:20:49,711][com.java.SeleniumDriver] [  869] - Test step:25
[INFO ][2016-01-14 16:20:49,711][com.java.SeleniumDriver] [  881] - Datavalue is----------5
[INFO ][2016-01-14 16:20:49,711][com.java.SeleniumDriver] [  905] - DataField : null
[INFO ][2016-01-14 16:20:49,711][com.java.SeleniumDriver] [  907] - DataValue : 5
[INFO ][2016-01-14 16:20:49,711][com.java.SeleniumDriver] [  913] - <In Set values of the page>
[INFO ][2016-01-14 16:20:49,712][com.java.SeleniumDriver] [  916] - {Data Fields & Data Values Exist}
[INFO ][2016-01-14 16:20:49,712][com.java.SeleniumDriver] [  918] - --------------------------setting values-----------------------------
[INFO ][2016-01-14 16:20:49,712][com.java.SeleniumDriver] [  921] - Action Type : WAITTIME
[DEBUG][2016-01-14 16:20:49,712][com.java.TestType] [ 5954] - sleepTime: 5000
[INFO ][2016-01-14 16:20:54,712][com.java.SeleniumDriver] [  930] -  RESULT true
[INFO ][2016-01-14 16:20:54,712][com.java.SeleniumDriver] [ 1136] - ?   P A S S   ?
[INFO ][2016-01-14 16:20:54,712][com.java.SeleniumDriver] [  856] - ------------------------------------------
[INFO ][2016-01-14 16:20:54,712][com.java.SeleniumDriver] [  857] - Test case being Executed: 4
[INFO ][2016-01-14 16:20:54,712][com.java.SeleniumDriver] [  869] - Test step:26
[INFO ][2016-01-14 16:20:54,712][com.java.SeleniumDriver] [  881] - Datavalue is----------5
[INFO ][2016-01-14 16:20:54,712][com.java.SeleniumDriver] [  905] - DataField : TXTtxtBranchName
[INFO ][2016-01-14 16:20:54,712][com.java.SeleniumDriver] [  907] - DataValue : 5
[INFO ][2016-01-14 16:20:54,712][com.java.SeleniumDriver] [  913] - <In Set values of the page>
[INFO ][2016-01-14 16:20:54,712][com.java.SeleniumDriver] [  916] - {Data Fields & Data Values Exist}
[INFO ][2016-01-14 16:20:54,712][com.java.SeleniumDriver] [  918] - --------------------------setting values-----------------------------
[INFO ][2016-01-14 16:20:54,712][com.java.SeleniumDriver] [  921] - Action Type : WAITFORELEMENT
[INFO ][2016-01-14 16:20:55,767][com.java.SeleniumDriver] [  930] -  RESULT true
[INFO ][2016-01-14 16:20:55,767][com.java.SeleniumDriver] [ 1136] - ?   P A S S   ?
[INFO ][2016-01-14 16:20:55,767][com.java.SeleniumDriver] [  856] - ------------------------------------------
[INFO ][2016-01-14 16:20:55,767][com.java.SeleniumDriver] [  857] - Test case being Executed: 4
[INFO ][2016-01-14 16:20:55,768][com.java.SeleniumDriver] [  869] - Test step:27
[INFO ][2016-01-14 16:20:55,768][com.java.SeleniumDriver] [  881] - Datavalue is----------HMVbranch
[INFO ][2016-01-14 16:20:55,768][com.java.SeleniumDriver] [  905] - DataField : TXTtxtBranchName
[INFO ][2016-01-14 16:20:55,768][com.java.SeleniumDriver] [  907] - DataValue : HMVbranch
[INFO ][2016-01-14 16:20:55,768][com.java.SeleniumDriver] [  913] - <In Set values of the page>
[INFO ][2016-01-14 16:20:55,768][com.java.SeleniumDriver] [  916] - {Data Fields & Data Values Exist}
[INFO ][2016-01-14 16:20:55,768][com.java.SeleniumDriver] [  918] - --------------------------setting values-----------------------------
[INFO ][2016-01-14 16:20:55,768][com.java.SeleniumDriver] [  921] - Action Type : CLEARANDENTER
[INFO ][2016-01-14 16:20:56,890][com.java.TestType] [ 6140] - value = Calloway
[INFO ][2016-01-14 16:20:58,159][com.java.SeleniumDriver] [  930] -  RESULT true
[INFO ][2016-01-14 16:20:58,159][com.java.SeleniumDriver] [ 1136] - ?   P A S S   ?
[INFO ][2016-01-14 16:20:58,159][com.java.SeleniumDriver] [  856] - ------------------------------------------
[INFO ][2016-01-14 16:20:58,159][com.java.SeleniumDriver] [  857] - Test case being Executed: 4
[INFO ][2016-01-14 16:20:58,159][com.java.SeleniumDriver] [  869] - Test step:28
[INFO ][2016-01-14 16:20:58,159][com.java.SeleniumDriver] [  881] - Datavalue is----------2
[INFO ][2016-01-14 16:20:58,160][com.java.SeleniumDriver] [  905] - DataField : null
[INFO ][2016-01-14 16:20:58,160][com.java.SeleniumDriver] [  907] - DataValue : 2
[INFO ][2016-01-14 16:20:58,160][com.java.SeleniumDriver] [  913] - <In Set values of the page>
[INFO ][2016-01-14 16:20:58,160][com.java.SeleniumDriver] [  916] - {Data Fields & Data Values Exist}
[INFO ][2016-01-14 16:20:58,160][com.java.SeleniumDriver] [  918] - --------------------------setting values-----------------------------
[INFO ][2016-01-14 16:20:58,160][com.java.SeleniumDriver] [  921] - Action Type : WAITTIME
[DEBUG][2016-01-14 16:20:58,160][com.java.TestType] [ 5954] - sleepTime: 2000
[INFO ][2016-01-14 16:21:00,160][com.java.SeleniumDriver] [  930] -  RESULT true
[INFO ][2016-01-14 16:21:00,160][com.java.SeleniumDriver] [ 1136] - ?   P A S S   ?
[INFO ][2016-01-14 16:21:00,160][com.java.SeleniumDriver] [  856] - ------------------------------------------
[INFO ][2016-01-14 16:21:00,160][com.java.SeleniumDriver] [  857] - Test case being Executed: 4
[INFO ][2016-01-14 16:21:00,160][com.java.SeleniumDriver] [  869] - Test step:29
[INFO ][2016-01-14 16:21:00,160][com.java.SeleniumDriver] [  881] - Datavalue is----------null
[DEBUG][2016-01-14 16:21:00,160][com.java.SeleniumDriver] [  899] - Exception: null
[INFO ][2016-01-14 16:21:00,160][com.java.SeleniumDriver] [  905] - DataField : BTNparent
[INFO ][2016-01-14 16:21:00,160][com.java.SeleniumDriver] [  907] - DataValue : 
[INFO ][2016-01-14 16:21:00,160][com.java.SeleniumDriver] [  913] - <In Set values of the page>
[INFO ][2016-01-14 16:21:00,160][com.java.SeleniumDriver] [  916] - {Data Fields & Data Values Exist}
[INFO ][2016-01-14 16:21:00,162][com.java.SeleniumDriver] [  918] - --------------------------setting values-----------------------------
[INFO ][2016-01-14 16:21:00,162][com.java.SeleniumDriver] [  921] - Action Type : SELECTFRAME
[INFO ][2016-01-14 16:21:00,179][com.java.SeleniumDriver] [  930] -  RESULT true
[INFO ][2016-01-14 16:21:00,179][com.java.SeleniumDriver] [ 1136] - ?   P A S S   ?
[INFO ][2016-01-14 16:21:00,179][com.java.SeleniumDriver] [  856] - ------------------------------------------
[INFO ][2016-01-14 16:21:00,179][com.java.SeleniumDriver] [  857] - Test case being Executed: 4
[INFO ][2016-01-14 16:21:00,179][com.java.SeleniumDriver] [  869] - Test step:30
[INFO ][2016-01-14 16:21:00,179][com.java.SeleniumDriver] [  881] - Datavalue is----------null
[DEBUG][2016-01-14 16:21:00,179][com.java.SeleniumDriver] [  899] - Exception: null
[INFO ][2016-01-14 16:21:00,179][com.java.SeleniumDriver] [  905] - DataField : XPH//span[contains(text(),'Finished')]
[INFO ][2016-01-14 16:21:00,180][com.java.SeleniumDriver] [  907] - DataValue : 
[INFO ][2016-01-14 16:21:00,180][com.java.SeleniumDriver] [  913] - <In Set values of the page>
[INFO ][2016-01-14 16:21:00,180][com.java.SeleniumDriver] [  916] - {Data Fields & Data Values Exist}
[INFO ][2016-01-14 16:21:00,180][com.java.SeleniumDriver] [  918] - --------------------------setting values-----------------------------
[INFO ][2016-01-14 16:21:00,180][com.java.SeleniumDriver] [  921] - Action Type : CLICK
[INFO ][2016-01-14 16:21:00,180][com.java.TestType] [ 6519] - Field ::XPH//span[contains(text(),'Finished')]
[INFO ][2016-01-14 16:21:00,180][com.java.TestType] [ 6140] - value = 
[INFO ][2016-01-14 16:21:01,180][com.java.TestType] [ 6656] - BEFORE CLICK
[INFO ][2016-01-14 16:21:02,083][com.java.TestType] [ 6664] - Unable to click the object Finished button
[INFO ][2016-01-14 16:21:02,083][com.java.SeleniumDriver] [  930] -  RESULT true
[INFO ][2016-01-14 16:21:02,083][com.java.SeleniumDriver] [ 1136] - ?   P A S S   ?
[INFO ][2016-01-14 16:21:02,083][com.java.SeleniumDriver] [  856] - ------------------------------------------
[INFO ][2016-01-14 16:21:02,083][com.java.SeleniumDriver] [  857] - Test case being Executed: 4
[INFO ][2016-01-14 16:21:02,083][com.java.SeleniumDriver] [  869] - Test step:31
[INFO ][2016-01-14 16:21:02,083][com.java.SeleniumDriver] [  881] - Datavalue is----------5
[INFO ][2016-01-14 16:21:02,083][com.java.SeleniumDriver] [  905] - DataField : null
[INFO ][2016-01-14 16:21:02,083][com.java.SeleniumDriver] [  907] - DataValue : 5
[INFO ][2016-01-14 16:21:02,083][com.java.SeleniumDriver] [  913] - <In Set values of the page>
[INFO ][2016-01-14 16:21:02,083][com.java.SeleniumDriver] [  916] - {Data Fields & Data Values Exist}
[INFO ][2016-01-14 16:21:02,083][com.java.SeleniumDriver] [  918] - --------------------------setting values-----------------------------
[INFO ][2016-01-14 16:21:02,084][com.java.SeleniumDriver] [  921] - Action Type : WAITTIME
[DEBUG][2016-01-14 16:21:02,084][com.java.TestType] [ 5954] - sleepTime: 5000
[INFO ][2016-01-14 16:21:07,084][com.java.SeleniumDriver] [  930] -  RESULT true
[INFO ][2016-01-14 16:21:07,084][com.java.SeleniumDriver] [ 1136] - ?   P A S S   ?
[INFO ][2016-01-14 16:21:07,084][com.java.SeleniumDriver] [  856] - ------------------------------------------
[INFO ][2016-01-14 16:21:07,084][com.java.SeleniumDriver] [  857] - Test case being Executed: 4
[INFO ][2016-01-14 16:21:07,086][com.java.SeleniumDriver] [  869] - Test step:32
[INFO ][2016-01-14 16:21:07,086][com.java.SeleniumDriver] [  881] - Datavalue is----------null
[DEBUG][2016-01-14 16:21:07,086][com.java.SeleniumDriver] [  899] - Exception: null
[INFO ][2016-01-14 16:21:07,086][com.java.SeleniumDriver] [  905] - DataField : BTNframeDialogContent
[INFO ][2016-01-14 16:21:07,086][com.java.SeleniumDriver] [  907] - DataValue : 
[INFO ][2016-01-14 16:21:07,086][com.java.SeleniumDriver] [  913] - <In Set values of the page>
[INFO ][2016-01-14 16:21:07,086][com.java.SeleniumDriver] [  916] - {Data Fields & Data Values Exist}
[INFO ][2016-01-14 16:21:07,086][com.java.SeleniumDriver] [  918] - --------------------------setting values-----------------------------
[INFO ][2016-01-14 16:21:07,086][com.java.SeleniumDriver] [  921] - Action Type : SELECTFRAME
[INFO ][2016-01-14 16:21:08,378][com.java.SeleniumDriver] [  930] -  RESULT true
[INFO ][2016-01-14 16:21:08,378][com.java.SeleniumDriver] [ 1136] - ?   P A S S   ?
[INFO ][2016-01-14 16:21:08,378][com.java.SeleniumDriver] [  856] - ------------------------------------------
[INFO ][2016-01-14 16:21:08,378][com.java.SeleniumDriver] [  857] - Test case being Executed: 4
[INFO ][2016-01-14 16:21:08,378][com.java.SeleniumDriver] [  869] - Test step:33
[INFO ][2016-01-14 16:21:08,378][com.java.SeleniumDriver] [  881] - Datavalue is----------10
[INFO ][2016-01-14 16:21:08,378][com.java.SeleniumDriver] [  905] - DataField : XPH//*[@id='ddlBranches']/option[1]
[INFO ][2016-01-14 16:21:08,378][com.java.SeleniumDriver] [  907] - DataValue : 10
[INFO ][2016-01-14 16:21:08,379][com.java.SeleniumDriver] [  913] - <In Set values of the page>
[INFO ][2016-01-14 16:21:08,379][com.java.SeleniumDriver] [  916] - {Data Fields & Data Values Exist}
[INFO ][2016-01-14 16:21:08,379][com.java.SeleniumDriver] [  918] - --------------------------setting values-----------------------------
[INFO ][2016-01-14 16:21:08,379][com.java.SeleniumDriver] [  921] - Action Type : WAITFORELEMENT
[INFO ][2016-01-14 16:21:08,405][com.java.SeleniumDriver] [  930] -  RESULT true
[INFO ][2016-01-14 16:21:08,405][com.java.SeleniumDriver] [ 1136] - ?   P A S S   ?
[INFO ][2016-01-14 16:21:08,405][com.java.SeleniumDriver] [  856] - ------------------------------------------
[INFO ][2016-01-14 16:21:08,405][com.java.SeleniumDriver] [  857] - Test case being Executed: 4
[INFO ][2016-01-14 16:21:08,405][com.java.SeleniumDriver] [  869] - Test step:34
[INFO ][2016-01-14 16:21:08,405][com.java.SeleniumDriver] [  881] - Datavalue is----------HMVbranch
[INFO ][2016-01-14 16:21:08,405][com.java.SeleniumDriver] [  905] - DataField : MSG
[INFO ][2016-01-14 16:21:08,405][com.java.SeleniumDriver] [  907] - DataValue : HMVbranch
[INFO ][2016-01-14 16:21:08,405][com.java.SeleniumDriver] [  913] - <In Set values of the page>
[INFO ][2016-01-14 16:21:08,406][com.java.SeleniumDriver] [  916] - {Data Fields & Data Values Exist}
[INFO ][2016-01-14 16:21:08,406][com.java.SeleniumDriver] [  918] - --------------------------setting values-----------------------------
[INFO ][2016-01-14 16:21:08,406][com.java.SeleniumDriver] [  921] - Action Type : VERIFY
[INFO ][2016-01-14 16:21:08,406][com.java.TestType] [ 7647] - field= MSG value= HMVbranch
[INFO ][2016-01-14 16:21:08,406][com.java.TestType] [ 6140] - value = Calloway
[DEBUG][2016-01-14 16:21:08,406][com.java.TestType] [ 8477] - value :: Calloway
[INFO ][2016-01-14 16:21:08,432][com.java.SeleniumDriver] [  930] -  RESULT true
[INFO ][2016-01-14 16:21:08,432][com.java.SeleniumDriver] [ 1136] - ?   P A S S   ?
[INFO ][2016-01-14 16:21:08,432][com.java.SeleniumDriver] [  856] - ------------------------------------------
[INFO ][2016-01-14 16:21:08,432][com.java.SeleniumDriver] [  857] - Test case being Executed: 4
[INFO ][2016-01-14 16:21:08,432][com.java.SeleniumDriver] [  869] - Test step:35
[INFO ][2016-01-14 16:21:08,432][com.java.SeleniumDriver] [  881] - Datavalue is----------null
[DEBUG][2016-01-14 16:21:08,432][com.java.SeleniumDriver] [  899] - Exception: null
[INFO ][2016-01-14 16:21:08,432][com.java.SeleniumDriver] [  905] - DataField : BTNparent
[INFO ][2016-01-14 16:21:08,432][com.java.SeleniumDriver] [  907] - DataValue : 
[INFO ][2016-01-14 16:21:08,432][com.java.SeleniumDriver] [  913] - <In Set values of the page>
[INFO ][2016-01-14 16:21:08,432][com.java.SeleniumDriver] [  916] - {Data Fields & Data Values Exist}
[INFO ][2016-01-14 16:21:08,432][com.java.SeleniumDriver] [  918] - --------------------------setting values-----------------------------
[INFO ][2016-01-14 16:21:08,432][com.java.SeleniumDriver] [  921] - Action Type : SELECTFRAME
[INFO ][2016-01-14 16:21:08,447][com.java.SeleniumDriver] [  930] -  RESULT true
[INFO ][2016-01-14 16:21:08,447][com.java.SeleniumDriver] [ 1136] - ?   P A S S   ?
[INFO ][2016-01-14 16:21:08,447][com.java.SeleniumDriver] [  856] - ------------------------------------------
[INFO ][2016-01-14 16:21:08,447][com.java.SeleniumDriver] [  857] - Test case being Executed: 4
[INFO ][2016-01-14 16:21:08,447][com.java.SeleniumDriver] [  869] - Test step:36
[INFO ][2016-01-14 16:21:08,447][com.java.SeleniumDriver] [  881] - Datavalue is----------null
[DEBUG][2016-01-14 16:21:08,447][com.java.SeleniumDriver] [  899] - Exception: null
[INFO ][2016-01-14 16:21:08,447][com.java.SeleniumDriver] [  905] - DataField : XPH//span[contains(text(),'Finished')]
[INFO ][2016-01-14 16:21:08,447][com.java.SeleniumDriver] [  907] - DataValue : 
[INFO ][2016-01-14 16:21:08,447][com.java.SeleniumDriver] [  913] - <In Set values of the page>
[INFO ][2016-01-14 16:21:08,447][com.java.SeleniumDriver] [  916] - {Data Fields & Data Values Exist}
[INFO ][2016-01-14 16:21:08,447][com.java.SeleniumDriver] [  918] - --------------------------setting values-----------------------------
[INFO ][2016-01-14 16:21:08,448][com.java.SeleniumDriver] [  921] - Action Type : CLICK
[INFO ][2016-01-14 16:21:08,448][com.java.TestType] [ 6519] - Field ::XPH//span[contains(text(),'Finished')]
[INFO ][2016-01-14 16:21:08,448][com.java.TestType] [ 6140] - value = 
[INFO ][2016-01-14 16:21:09,448][com.java.TestType] [ 6656] - BEFORE CLICK
[INFO ][2016-01-14 16:21:10,606][com.java.TestType] [ 6664] - Unable to click the object Finished button
[INFO ][2016-01-14 16:21:10,606][com.java.SeleniumDriver] [  930] -  RESULT true
[INFO ][2016-01-14 16:21:10,606][com.java.SeleniumDriver] [ 1136] - ?   P A S S   ?
[INFO ][2016-01-14 16:21:10,606][com.java.SeleniumDriver] [  856] - ------------------------------------------
[INFO ][2016-01-14 16:21:10,606][com.java.SeleniumDriver] [  857] - Test case being Executed: 4
[INFO ][2016-01-14 16:21:10,606][com.java.SeleniumDriver] [  869] - Test step:37
[INFO ][2016-01-14 16:21:10,606][com.java.SeleniumDriver] [  881] - Datavalue is----------null
[DEBUG][2016-01-14 16:21:10,606][com.java.SeleniumDriver] [  899] - Exception: null
[INFO ][2016-01-14 16:21:10,607][com.java.SeleniumDriver] [  905] - DataField : BTNparent
[INFO ][2016-01-14 16:21:10,607][com.java.SeleniumDriver] [  907] - DataValue : 
[INFO ][2016-01-14 16:21:10,607][com.java.SeleniumDriver] [  913] - <In Set values of the page>
[INFO ][2016-01-14 16:21:10,607][com.java.SeleniumDriver] [  916] - {Data Fields & Data Values Exist}
[INFO ][2016-01-14 16:21:10,607][com.java.SeleniumDriver] [  918] - --------------------------setting values-----------------------------
[INFO ][2016-01-14 16:21:10,607][com.java.SeleniumDriver] [  921] - Action Type : SELECTFRAME
[INFO ][2016-01-14 16:21:10,624][com.java.SeleniumDriver] [  930] -  RESULT true
[INFO ][2016-01-14 16:21:10,624][com.java.SeleniumDriver] [ 1136] - ?   P A S S   ?
[INFO ][2016-01-14 16:21:10,624][com.java.SeleniumDriver] [  856] - ------------------------------------------
[INFO ][2016-01-14 16:21:10,624][com.java.SeleniumDriver] [  857] - Test case being Executed: 4
[INFO ][2016-01-14 16:21:10,624][com.java.SeleniumDriver] [  869] - Test step:38
[INFO ][2016-01-14 16:21:10,624][com.java.SeleniumDriver] [  881] - Datavalue is----------null
[DEBUG][2016-01-14 16:21:10,625][com.java.SeleniumDriver] [  899] - Exception: null
[INFO ][2016-01-14 16:21:10,625][com.java.SeleniumDriver] [  905] - DataField : XPH//span[contains(text(),'close')]
[INFO ][2016-01-14 16:21:10,625][com.java.SeleniumDriver] [  907] - DataValue : 
[INFO ][2016-01-14 16:21:10,625][com.java.SeleniumDriver] [  913] - <In Set values of the page>
[INFO ][2016-01-14 16:21:10,625][com.java.SeleniumDriver] [  916] - {Data Fields & Data Values Exist}
[INFO ][2016-01-14 16:21:10,625][com.java.SeleniumDriver] [  918] - --------------------------setting values-----------------------------
[INFO ][2016-01-14 16:21:10,625][com.java.SeleniumDriver] [  921] - Action Type : CLICK
[INFO ][2016-01-14 16:21:10,625][com.java.TestType] [ 6519] - Field ::XPH//span[contains(text(),'close')]
[INFO ][2016-01-14 16:21:10,625][com.java.TestType] [ 6140] - value = 
[INFO ][2016-01-14 16:21:11,625][com.java.TestType] [ 6656] - BEFORE CLICK
[ERROR][2016-01-14 16:21:12,084][com.java.TestType] [ 6951] - Exception in click:: Element //span[contains(text(),'close')] not found
[INFO ][2016-01-14 16:21:12,084][com.java.TestType] [ 6955] - Element :://span[contains(text(),'close')]:: not found
[INFO ][2016-01-14 16:21:12,084][com.java.SeleniumDriver] [  930] -  RESULT false
[INFO ][2016-01-14 16:21:12,085][com.java.SeleniumDriver] [  977] - ?   F A I L   ?
[INFO ][2016-01-14 16:21:12,085][com.java.SeleniumDriver] [  985] - Browser Type : IE10
[INFO ][2016-01-14 16:21:12,085][com.java.SeleniumDriver] [  986] - Adding Failed case4
[INFO ][2016-01-14 16:21:12,274][com.java.SeleniumDriver] [ 1100] - failedCases = 3-4
[ERROR][2016-01-14 16:21:12,274][com.java.SeleniumDriver] [ 1599] - Platform Errors : Our apologies...::We have encountered an issue with your request.::Our apologies?:We encountered an issue with your request.
[INFO ][2016-01-14 16:21:12,274][com.java.SeleniumDriver] [ 1603] - Length =3
[ERROR][2016-01-14 16:21:12,275][com.java.SeleniumDriver] [ 1606] - Error 0 = Our apologies...
[ERROR][2016-01-14 16:21:12,397][com.java.SeleniumDriver] [ 1606] - Error 1 = We have encountered an issue with your request.
[ERROR][2016-01-14 16:21:12,492][com.java.SeleniumDriver] [ 1606] - Error 2 = Our apologies?:We encountered an issue with your request.
[INFO ][2016-01-14 16:21:12,565][com.java.SeleniumDriver] [ 1617] - strError:
[DEBUG][2016-01-14 16:21:12,580][com.java.SeleniumDriver] [ 1248] - Case found
[DEBUG][2016-01-14 16:21:12,580][com.java.SeleniumDriver] [ 1253] - Incrementing ReportCounters[0]:3
[INFO ][2016-01-14 16:21:12,580][com.java.SeleniumDriver] [ 1272] - The results are-------------------[4, 38, Admin: AL Mapping: Branches: Modify, Fail, 
Test case failed at Step No. :: 38   Error Message ::  Element :://span[contains(text(),'close')]:: not found. Screen Shot : D:\BankersDashboard\TestReports\011416\4_011416_162112_IE10.png, Thu Jan 14 16:21:12 IST 2016]
[INFO ][2016-01-14 16:21:12,580][com.java.SeleniumDriver] [ 1276] - End time is-------3 min 24 sec
[INFO ][2016-01-14 16:21:12,580][com.java.SeleniumDriver] [ 1277] - The results are-------------------[4, 38, Admin: AL Mapping: Branches: Modify, Fail, 
Test case failed at Step No. :: 38   Error Message ::  Element :://span[contains(text(),'close')]:: not found. Screen Shot : D:\BankersDashboard\TestReports\011416\4_011416_162112_IE10.png, Thu Jan 14 16:21:12 IST 2016]
[DEBUG][2016-01-14 16:21:12,580][com.java.ImportnExport.ExportTestResultsExcel] [  222] - testResultPath = D:\BankersDashboard/TestReports/Test Results_BankersDashBoard_011416_161750_IE10_Any Bank USA.xls
[DEBUG][2016-01-14 16:21:12,580][com.java.ImportnExport.ExportTestResultsExcel] [  223] - browser is------------IE10
[DEBUG][2016-01-14 16:21:12,583][com.java.ImportnExport.ExportTestResultsExcel] [  270] - result.size() = 6
[DEBUG][2016-01-14 16:21:12,583][com.java.ImportnExport.ExportTestResultsExcel] [  274] - No of rows in sheet=3
[DEBUG][2016-01-14 16:21:12,583][com.java.ImportnExport.ExportTestResultsExcel] [  301] - ..in export..4
[DEBUG][2016-01-14 16:21:12,583][com.java.ImportnExport.ExportTestResultsExcel] [  301] - ..in export..Admin: AL Mapping: Branches: Modify
[DEBUG][2016-01-14 16:21:12,583][com.java.ImportnExport.ExportTestResultsExcel] [  301] - ..in export..Fail
[DEBUG][2016-01-14 16:21:12,583][com.java.ImportnExport.ExportTestResultsExcel] [  301] - ..in export..
Test case failed at Step No. :: 38   Error Message ::  Element :://span[contains(text(),'close')]:: not found. Screen Shot : D:\BankersDashboard\TestReports\011416\4_011416_162112_IE10.png
[DEBUG][2016-01-14 16:21:12,583][com.java.ImportnExport.ExportTestResultsExcel] [  301] - ..in export..Thu Jan 14 16:21:12 IST 2016
[INFO ][2016-01-14 16:21:12,585][com.java.SeleniumDriver] [ 1337] - out loop:2 size:3 TestCases:[1, 3, 4] testcases:[1, 3, 4]
[INFO ][2016-01-14 16:21:14,585][com.java.SeleniumDriver] [ 1380] - Total Number of Cases:3
[INFO ][2016-01-14 16:21:14,585][com.java.TemplateGenerator] [  302] - Executed:3
[INFO ][2016-01-14 16:21:14,585][com.java.TemplateGenerator] [  303] - Passed:1
[INFO ][2016-01-14 16:21:14,585][com.java.TemplateGenerator] [  304] - Failed:2
[INFO ][2016-01-14 16:21:14,585][com.java.TemplateGenerator] [  305] - Skipeed:0
[INFO ][2016-01-14 16:21:14,585][com.java.TemplateGenerator] [  306] - Application URL:https://clients-xuat.bankersdashboard.com
[INFO ][2016-01-14 16:21:14,585][com.java.TemplateGenerator] [  307] - Start Time:011416_161750
[INFO ][2016-01-14 16:21:14,585][com.java.TemplateGenerator] [  308] -  Creating HTML Report 
[ERROR][2016-01-14 16:21:14,586][com.java.TemplateGenerator] [  409] - Unparseable date: "Thu Jan 14 04:17:50 IST 2016"
[INFO ][2016-01-14 16:21:14,588][com.java.TemplateGenerator] [  654] -  Exporting case :: 1
[INFO ][2016-01-14 16:21:14,588][com.java.TemplateGenerator] [  654] -  Exporting case :: 3
[INFO ][2016-01-14 16:21:14,588][com.java.TemplateGenerator] [  654] -  Exporting case :: 4
[INFO ][2016-01-14 16:21:14,592][com.java.SeleniumDriver] [ 1429] - End Time:011416_162114
[INFO ][2016-01-14 16:21:14,593][com.java.SeleniumDriver] [ 1432] - Data in Test Execution Details:{1=PASS, 3=FAILTest case failed at Step No. :: 18   Error Message ::  Element :://span[contains(text(),'Finished')]:: not found, 4=FAILTest case failed at Step No. :: 38   Error Message ::  Element :://span[contains(text(),'close')]:: not found}
[INFO ][2016-01-14 16:21:14,593][com.java.SeleniumDriver] [ 1433] - Data in Failed Execution Deatils:{}
[INFO ][2016-01-14 16:21:14,593][com.java.SeleniumDriver] [ 1435] - ReportCounter:Total:3 :: PASS: 1 ::FAIL: 2
[INFO ][2016-01-14 16:21:14,593][com.java.SeleniumDriver] [ 1436] - FailedReportCounter:Total:0 :: PASS: 0 ::FAIL: 0
[INFO ][2016-01-14 16:21:14,601][com.java.EmailTestReport] [   63] - Sending report mail details:
[INFO ][2016-01-14 16:21:14,601][com.java.EmailTestReport] [   80] - Excel Report Path:D:\BankersDashboard/TestReports/Test Results_BankersDashBoard_011416_161750_IE10_Any Bank USA.xls
[INFO ][2016-01-14 16:21:14,601][com.java.EmailTestReport] [   81] - HTML Report Path:D:\BankersDashboard//TestReports//Test Results_BankersDashBoard_011416_161750_IE10_Any Bank USA.html
[INFO ][2016-01-14 16:21:14,601][com.java.EmailTestReport] [   82] - smtpHostName:mail01.valuelabs.com
[INFO ][2016-01-14 16:21:14,601][com.java.EmailTestReport] [   83] - Recipient:venkateswararao.gubbala@valuelabs.com;
[INFO ][2016-01-14 16:21:14,601][com.java.EmailTestReport] [   84] - From:venkateswararao.gubbala@valuelabs.com;
[INFO ][2016-01-14 16:21:14,601][com.java.EmailTestReport] [   85] - Subject:Deluxe Corp Bankers Dashboard Automation Test Report - Any Bank USA - IE10
[INFO ][2016-01-14 16:21:14,617][com.java.EmailTestReport] [  143] -  Added venkateswararao.gubbala@valuelabs.com
[INFO ][2016-01-14 16:21:18,648][com.java.SeleniumDriver] [  722] - quitting the browser 
[INFO ][2016-01-14 16:21:19,923][com.java.SeleniumDriver] [  264] - Execution Completed Stopping the thread
