[INFO ][2016-01-05 13:04:57,355][com.java.SeleniumDriver] [  213] - Execute Failed Casesfalse
[INFO ][2016-01-05 13:04:57,355][com.java.SeleniumDriver] [  214] - Browser: IE10
[INFO ][2016-01-05 13:04:57,355][com.java.SeleniumDriver] [  215] - [1, 2]
[INFO ][2016-01-05 13:04:57,355][com.java.SeleniumDriver] [  216] - Total TestCases:2
[INFO ][2016-01-05 13:04:57,355][com.java.SeleniumDriver] [  217] -  Reading Properties from Property File 
[DEBUG][2016-01-05 13:04:57,355][com.java.SeleniumDriver] [  238] - url : https://clients-xuat.bankersdashboard.com
[INFO ][2016-01-05 13:04:57,355][com.java.ImportnExport.ExportTestResultsExcel] [  116] - Time Stamp Tue Jan 05 01:04:57 IST 2016
[INFO ][2016-01-05 13:04:57,355][com.java.ImportnExport.ExportTestResultsExcel] [  175] - OUT FILE : D:\BankersDashboard/TestReports/Test Results_BankersDashBoard_010516_130457_IE10_United Bank.xls
[INFO ][2016-01-05 13:04:57,376][com.java.ImportnExport.ExportTestResultsExcel] [  180] - Test Result file is created
[DEBUG][2016-01-05 13:04:57,484][com.java.SeleniumDriver] [  426] - Hub ip address is-------172.17.68.34
[INFO ][2016-01-05 13:04:57,484][com.java.SeleniumDriver] [  452] - Grid URL:http://172.17.68.34:4444/wd/hub
[INFO ][2016-01-05 13:04:57,484][com.java.SeleniumDriver] [  453] - Capability:Capabilities [{platform=ANY, ensureCleanSession=true, ignoreProtectedModeSettings=true, acceptSslCerts=true, ignoreZoomSetting=true, browserName=internet explorer, browserstack.ie.noFlash=true, version=null}]
[ERROR][2016-01-05 13:04:58,824][com.java.SeleniumDriver] [  498] - Unable invoke browser in grid:Could not start a new session. Possible causes are invalid address of the remote server or browser start-up failure.
Build info: version: '2.48.2', revision: '41bccdd', time: '2015-10-09 19:59:12'
System info: host: 'FVTIII438F1D', ip: '172.17.68.34', os.name: 'Windows 7', os.arch: 'x86', os.version: '6.1', java.version: '1.7.0_55'
Driver info: driver.version: SeleniumDriver
[INFO ][2016-01-05 13:04:58,824][com.java.SeleniumDriver] [  500] - Executing on local machine
[INFO ][2016-01-05 13:05:09,534][com.java.SeleniumDriver] [  248] - IE10is opened
[INFO ][2016-01-05 13:05:10,179][com.java.SeleniumDriver] [  756] - Test cases to be executed are: [1, 2]
[INFO ][2016-01-05 13:05:10,216][com.java.ImportnExport.ImportTestDataDetailsExcel] [   49] - test data details path===== D:\BankersDashboard\TestInputs\TestData.xls
[INFO ][2016-01-05 13:05:10,306][com.java.SeleniumDriver] [  832] - ------------------------------------------
[INFO ][2016-01-05 13:05:10,306][com.java.SeleniumDriver] [  833] - Test case being Executed: 1
[INFO ][2016-01-05 13:05:10,306][com.java.SeleniumDriver] [  845] - Test step:1
[INFO ][2016-01-05 13:05:10,306][com.java.SeleniumDriver] [  857] - Datavalue is----------Concept#1:1-16
[INFO ][2016-01-05 13:05:10,306][com.java.SeleniumDriver] [  881] - DataField : test
[INFO ][2016-01-05 13:05:10,306][com.java.SeleniumDriver] [  883] - DataValue : Concept#1:1-16
[INFO ][2016-01-05 13:05:10,306][com.java.SeleniumDriver] [  889] - <In Set values of the page>
[INFO ][2016-01-05 13:05:10,306][com.java.SeleniumDriver] [  892] - {Data Fields & Data Values Exist}
[INFO ][2016-01-05 13:05:10,306][com.java.SeleniumDriver] [  894] - --------------------------setting values-----------------------------
[INFO ][2016-01-05 13:05:10,306][com.java.SeleniumDriver] [  897] - Action Type : ExecuteTestCase
[INFO ][2016-01-05 13:05:10,326][com.java.TestType] [  437] - The Concept sheet name is ---------- Concept
[INFO ][2016-01-05 13:05:10,326][com.java.TestType] [  440] - The Concept ID  is ---------- 1
[DEBUG][2016-01-05 13:05:10,326][com.java.TestType] [  444] - Steps being executted in the Concept are: 1:16
[INFO ][2016-01-05 13:05:10,326][com.java.TestType] [  451] - Test data details path ---------- D:\BankersDashboard\TestInputs\TestData.xls
[INFO ][2016-01-05 13:05:10,356][com.java.TestType] [  482] -  str(1) = 1
[INFO ][2016-01-05 13:05:10,356][com.java.TestType] [  485] - Test case Id is---1
[INFO ][2016-01-05 13:05:10,356][com.java.TestType] [  487] - 1
[INFO ][2016-01-05 13:05:10,356][com.java.TestType] [  482] -  str(2) = 1
[INFO ][2016-01-05 13:05:10,356][com.java.TestType] [  482] -  str(1) = 1
[INFO ][2016-01-05 13:05:10,356][com.java.TestType] [  485] - Test case Id is---1
[INFO ][2016-01-05 13:05:10,356][com.java.TestType] [  487] - 1
[INFO ][2016-01-05 13:05:10,356][com.java.TestType] [  482] -  str(2) = 2
[INFO ][2016-01-05 13:05:10,356][com.java.TestType] [  482] -  str(1) = 1
[INFO ][2016-01-05 13:05:10,356][com.java.TestType] [  485] - Test case Id is---1
[INFO ][2016-01-05 13:05:10,366][com.java.TestType] [  487] - 1
[INFO ][2016-01-05 13:05:10,366][com.java.TestType] [  482] -  str(2) = 3
[INFO ][2016-01-05 13:05:10,366][com.java.TestType] [  482] -  str(1) = 1
[INFO ][2016-01-05 13:05:10,366][com.java.TestType] [  485] - Test case Id is---1
[INFO ][2016-01-05 13:05:10,366][com.java.TestType] [  487] - 1
[INFO ][2016-01-05 13:05:10,366][com.java.TestType] [  482] -  str(2) = 4
[INFO ][2016-01-05 13:05:10,366][com.java.TestType] [  482] -  str(1) = 1
[INFO ][2016-01-05 13:05:10,366][com.java.TestType] [  485] - Test case Id is---1
[INFO ][2016-01-05 13:05:10,366][com.java.TestType] [  487] - 1
[INFO ][2016-01-05 13:05:10,366][com.java.TestType] [  482] -  str(2) = 5
[INFO ][2016-01-05 13:05:10,366][com.java.TestType] [  482] -  str(1) = 1
[INFO ][2016-01-05 13:05:10,366][com.java.TestType] [  485] - Test case Id is---1
[INFO ][2016-01-05 13:05:10,366][com.java.TestType] [  487] - 1
[INFO ][2016-01-05 13:05:10,366][com.java.TestType] [  482] -  str(2) = 6
[INFO ][2016-01-05 13:05:10,366][com.java.TestType] [  482] -  str(1) = 1
[INFO ][2016-01-05 13:05:10,366][com.java.TestType] [  485] - Test case Id is---1
[INFO ][2016-01-05 13:05:10,366][com.java.TestType] [  487] - 1
[INFO ][2016-01-05 13:05:10,366][com.java.TestType] [  482] -  str(2) = 7
[INFO ][2016-01-05 13:05:10,366][com.java.TestType] [  482] -  str(1) = 1
[INFO ][2016-01-05 13:05:10,366][com.java.TestType] [  485] - Test case Id is---1
[INFO ][2016-01-05 13:05:10,366][com.java.TestType] [  487] - 1
[INFO ][2016-01-05 13:05:10,366][com.java.TestType] [  482] -  str(2) = 8
[INFO ][2016-01-05 13:05:10,376][com.java.TestType] [  482] -  str(1) = 1
[INFO ][2016-01-05 13:05:10,376][com.java.TestType] [  485] - Test case Id is---1
[INFO ][2016-01-05 13:05:10,376][com.java.TestType] [  487] - 1
[INFO ][2016-01-05 13:05:10,376][com.java.TestType] [  482] -  str(2) = 9
[INFO ][2016-01-05 13:05:10,376][com.java.TestType] [  482] -  str(1) = 1
[INFO ][2016-01-05 13:05:10,376][com.java.TestType] [  485] - Test case Id is---1
[INFO ][2016-01-05 13:05:10,376][com.java.TestType] [  487] - 1
[INFO ][2016-01-05 13:05:10,376][com.java.TestType] [  482] -  str(2) = 10
[INFO ][2016-01-05 13:05:10,376][com.java.TestType] [  482] -  str(1) = 1
[INFO ][2016-01-05 13:05:10,376][com.java.TestType] [  485] - Test case Id is---1
[INFO ][2016-01-05 13:05:10,376][com.java.TestType] [  487] - 1
[INFO ][2016-01-05 13:05:10,376][com.java.TestType] [  482] -  str(2) = 11
[INFO ][2016-01-05 13:05:10,376][com.java.TestType] [  482] -  str(1) = 1
[INFO ][2016-01-05 13:05:10,376][com.java.TestType] [  485] - Test case Id is---1
[INFO ][2016-01-05 13:05:10,376][com.java.TestType] [  487] - 1
[INFO ][2016-01-05 13:05:10,376][com.java.TestType] [  482] -  str(2) = 12
[INFO ][2016-01-05 13:05:10,376][com.java.TestType] [  482] -  str(1) = 1
[INFO ][2016-01-05 13:05:10,376][com.java.TestType] [  485] - Test case Id is---1
[INFO ][2016-01-05 13:05:10,376][com.java.TestType] [  487] - 1
[INFO ][2016-01-05 13:05:10,376][com.java.TestType] [  482] -  str(2) = 13
[INFO ][2016-01-05 13:05:10,376][com.java.TestType] [  482] -  str(1) = 1
[INFO ][2016-01-05 13:05:10,376][com.java.TestType] [  485] - Test case Id is---1
[INFO ][2016-01-05 13:05:10,376][com.java.TestType] [  487] - 1
[INFO ][2016-01-05 13:05:10,376][com.java.TestType] [  482] -  str(2) = 14
[INFO ][2016-01-05 13:05:10,376][com.java.TestType] [  482] -  str(1) = 1
[INFO ][2016-01-05 13:05:10,376][com.java.TestType] [  485] - Test case Id is---1
[INFO ][2016-01-05 13:05:10,376][com.java.TestType] [  487] - 1
[INFO ][2016-01-05 13:05:10,376][com.java.TestType] [  482] -  str(2) = 15
[INFO ][2016-01-05 13:05:10,376][com.java.TestType] [  482] -  str(1) = 1
[INFO ][2016-01-05 13:05:10,376][com.java.TestType] [  485] - Test case Id is---1
[INFO ][2016-01-05 13:05:10,376][com.java.TestType] [  487] - 1
[INFO ][2016-01-05 13:05:10,376][com.java.TestType] [  482] -  str(2) = 16
[INFO ][2016-01-05 13:05:10,376][com.java.TestType] [10614] - Looping 1TCID = 1
[DEBUG][2016-01-05 13:05:10,376][com.java.TestType] [10655] - Concept ID:1 :: Step being Executed: 1::1
[INFO ][2016-01-05 13:05:10,376][com.java.TestType] [10693] - dataFields : TXTusername
[DEBUG][2016-01-05 13:05:10,376][com.java.TestType] [10699] - <In Set values of the page>
[DEBUG][2016-01-05 13:05:10,376][com.java.TestType] [10704] - {Data Fields & Data Values Exist}
[INFO ][2016-01-05 13:05:10,376][com.java.TestType] [10710] - --------------------------setting values-----------------------------
[INFO ][2016-01-05 13:05:10,386][com.java.TestType] [10713] - Action Type : CLEARANDENTER
[INFO ][2016-01-05 13:05:10,386][com.java.TestType] [ 5705] - value = valuelabs.ie10.00058
[INFO ][2016-01-05 13:05:15,083][com.java.TestType] [10732] -  RESULT true
[INFO ][2016-01-05 13:05:15,083][com.java.TestType] [10849] - ?   P A S S   ?
[DEBUG][2016-01-05 13:05:15,083][com.java.TestType] [10655] - Concept ID:1 :: Step being Executed: 1::2
[INFO ][2016-01-05 13:05:15,083][com.java.TestType] [10693] - dataFields : TXTpassword
[DEBUG][2016-01-05 13:05:15,083][com.java.TestType] [10699] - <In Set values of the page>
[DEBUG][2016-01-05 13:05:15,083][com.java.TestType] [10704] - {Data Fields & Data Values Exist}
[INFO ][2016-01-05 13:05:15,083][com.java.TestType] [10710] - --------------------------setting values-----------------------------
[INFO ][2016-01-05 13:05:15,083][com.java.TestType] [10713] - Action Type : CLEARANDENTER
[INFO ][2016-01-05 13:05:15,083][com.java.TestType] [ 5705] - value = Password1*
[INFO ][2016-01-05 13:05:19,910][com.java.TestType] [10732] -  RESULT true
[INFO ][2016-01-05 13:05:19,910][com.java.TestType] [10849] - ?   P A S S   ?
[DEBUG][2016-01-05 13:05:19,910][com.java.TestType] [10655] - Concept ID:1 :: Step being Executed: 1::3
[ERROR][2016-01-05 13:05:19,910][com.java.TestType] [10688] - Exception: null
[INFO ][2016-01-05 13:05:19,910][com.java.TestType] [10693] - dataFields : XPH//button[@type='submit']
[DEBUG][2016-01-05 13:05:19,910][com.java.TestType] [10699] - <In Set values of the page>
[DEBUG][2016-01-05 13:05:19,910][com.java.TestType] [10704] - {Data Fields & Data Values Exist}
[INFO ][2016-01-05 13:05:19,910][com.java.TestType] [10710] - --------------------------setting values-----------------------------
[INFO ][2016-01-05 13:05:19,910][com.java.TestType] [10713] - Action Type : Click
[INFO ][2016-01-05 13:05:19,910][com.java.TestType] [ 6084] - Field ::XPH//button[@type='submit']
[INFO ][2016-01-05 13:05:19,910][com.java.TestType] [ 5705] - value = 
[INFO ][2016-01-05 13:05:20,910][com.java.TestType] [ 6221] - BEFORE CLICK
[INFO ][2016-01-05 13:05:21,765][com.java.TestType] [ 6229] - Unable to click the object Login
[INFO ][2016-01-05 13:05:21,765][com.java.TestType] [10732] -  RESULT true
[INFO ][2016-01-05 13:05:21,765][com.java.TestType] [10849] - ?   P A S S   ?
[DEBUG][2016-01-05 13:05:21,765][com.java.TestType] [10655] - Concept ID:1 :: Step being Executed: 1::4
[INFO ][2016-01-05 13:05:21,765][com.java.TestType] [10693] - dataFields : LNKLogout
[DEBUG][2016-01-05 13:05:21,765][com.java.TestType] [10699] - <In Set values of the page>
[DEBUG][2016-01-05 13:05:21,765][com.java.TestType] [10704] - {Data Fields & Data Values Exist}
[INFO ][2016-01-05 13:05:21,765][com.java.TestType] [10710] - --------------------------setting values-----------------------------
[INFO ][2016-01-05 13:05:21,765][com.java.TestType] [10713] - Action Type : WaitForElement
[INFO ][2016-01-05 13:05:25,218][com.java.TestType] [10732] -  RESULT true
[INFO ][2016-01-05 13:05:25,218][com.java.TestType] [10849] - ?   P A S S   ?
[DEBUG][2016-01-05 13:05:25,218][com.java.TestType] [10655] - Concept ID:1 :: Step being Executed: 1::15
[INFO ][2016-01-05 13:05:25,218][com.java.TestType] [10693] - dataFields : LNK
[DEBUG][2016-01-05 13:05:25,218][com.java.TestType] [10699] - <In Set values of the page>
[DEBUG][2016-01-05 13:05:25,218][com.java.TestType] [10704] - {Data Fields & Data Values Exist}
[INFO ][2016-01-05 13:05:25,218][com.java.TestType] [10710] - --------------------------setting values-----------------------------
[INFO ][2016-01-05 13:05:25,218][com.java.TestType] [10713] - Action Type : Verify
[INFO ][2016-01-05 13:05:25,218][com.java.TestType] [ 7081] - field= LNK value= Logout
[INFO ][2016-01-05 13:05:25,218][com.java.TestType] [ 5705] - value = Logout
[INFO ][2016-01-05 13:05:25,249][com.java.TestType] [10732] -  RESULT true
[INFO ][2016-01-05 13:05:25,249][com.java.TestType] [10849] - ?   P A S S   ?
[DEBUG][2016-01-05 13:05:25,249][com.java.TestType] [10655] - Concept ID:1 :: Step being Executed: 1::16
[INFO ][2016-01-05 13:05:25,249][com.java.TestType] [10693] - dataFields : BTN
[DEBUG][2016-01-05 13:05:25,249][com.java.TestType] [10699] - <In Set values of the page>
[DEBUG][2016-01-05 13:05:25,249][com.java.TestType] [10704] - {Data Fields & Data Values Exist}
[INFO ][2016-01-05 13:05:25,249][com.java.TestType] [10710] - --------------------------setting values-----------------------------
[INFO ][2016-01-05 13:05:25,249][com.java.TestType] [10713] - Action Type : Verify
[INFO ][2016-01-05 13:05:25,249][com.java.TestType] [ 7081] - field= BTN value= //img[contains(@src,'bdlogo.jpg')]
[INFO ][2016-01-05 13:05:25,249][com.java.TestType] [ 5705] - value = //img[contains(@src,'bdlogo.jpg')]
[INFO ][2016-01-05 13:05:25,309][com.java.TestType] [10732] -  RESULT true
[INFO ][2016-01-05 13:05:25,309][com.java.TestType] [10849] - ?   P A S S   ?
[INFO ][2016-01-05 13:05:25,309][com.java.TestType] [10920] - Looping End......
[INFO ][2016-01-05 13:05:25,309][com.java.SeleniumDriver] [  906] -  RESULT true
[INFO ][2016-01-05 13:05:25,309][com.java.SeleniumDriver] [ 1112] - ?   P A S S   ?
[INFO ][2016-01-05 13:05:25,309][com.java.SeleniumDriver] [  832] - ------------------------------------------
[INFO ][2016-01-05 13:05:25,309][com.java.SeleniumDriver] [  833] - Test case being Executed: 1
[INFO ][2016-01-05 13:05:25,309][com.java.SeleniumDriver] [  845] - Test step:2
[INFO ][2016-01-05 13:05:25,309][com.java.SeleniumDriver] [  857] - Datavalue is----------Concept#2:1-2
[INFO ][2016-01-05 13:05:25,309][com.java.SeleniumDriver] [  881] - DataField : test
[INFO ][2016-01-05 13:05:25,309][com.java.SeleniumDriver] [  883] - DataValue : Concept#2:1-2
[INFO ][2016-01-05 13:05:25,309][com.java.SeleniumDriver] [  889] - <In Set values of the page>
[INFO ][2016-01-05 13:05:25,309][com.java.SeleniumDriver] [  892] - {Data Fields & Data Values Exist}
[INFO ][2016-01-05 13:05:25,309][com.java.SeleniumDriver] [  894] - --------------------------setting values-----------------------------
[INFO ][2016-01-05 13:05:25,309][com.java.SeleniumDriver] [  897] - Action Type : ExecuteTestCase
[INFO ][2016-01-05 13:05:25,309][com.java.TestType] [  437] - The Concept sheet name is ---------- Concept
[INFO ][2016-01-05 13:05:25,309][com.java.TestType] [  440] - The Concept ID  is ---------- 2
[DEBUG][2016-01-05 13:05:25,309][com.java.TestType] [  444] - Steps being executted in the Concept are: 1:2
[INFO ][2016-01-05 13:05:25,309][com.java.TestType] [  451] - Test data details path ---------- D:\BankersDashboard\TestInputs\TestData.xls
[INFO ][2016-01-05 13:05:25,339][com.java.TestType] [  482] -  str(1) = 2
[INFO ][2016-01-05 13:05:25,339][com.java.TestType] [  485] - Test case Id is---2
[INFO ][2016-01-05 13:05:25,339][com.java.TestType] [  487] - 2
[INFO ][2016-01-05 13:05:25,339][com.java.TestType] [  482] -  str(2) = 1
[INFO ][2016-01-05 13:05:25,339][com.java.TestType] [  482] -  str(1) = 2
[INFO ][2016-01-05 13:05:25,339][com.java.TestType] [  485] - Test case Id is---2
[INFO ][2016-01-05 13:05:25,339][com.java.TestType] [  487] - 2
[INFO ][2016-01-05 13:05:25,339][com.java.TestType] [  482] -  str(2) = 2
[INFO ][2016-01-05 13:05:25,339][com.java.TestType] [  482] -  str(1) = 2
[INFO ][2016-01-05 13:05:25,339][com.java.TestType] [  485] - Test case Id is---2
[INFO ][2016-01-05 13:05:25,339][com.java.TestType] [  487] - 2
[INFO ][2016-01-05 13:05:25,339][com.java.TestType] [  482] -  str(2) = 3
[INFO ][2016-01-05 13:05:25,339][com.java.TestType] [10614] - Looping 1TCID = 2
[DEBUG][2016-01-05 13:05:25,339][com.java.TestType] [10655] - Concept ID:2 :: Step being Executed: 2::1
[INFO ][2016-01-05 13:05:25,339][com.java.TestType] [10693] - dataFields : BNK//select[@id='bank']
[DEBUG][2016-01-05 13:05:25,339][com.java.TestType] [10699] - <In Set values of the page>
[DEBUG][2016-01-05 13:05:25,339][com.java.TestType] [10704] - {Data Fields & Data Values Exist}
[INFO ][2016-01-05 13:05:25,339][com.java.TestType] [10710] - --------------------------setting values-----------------------------
[INFO ][2016-01-05 13:05:25,339][com.java.TestType] [10713] - Action Type : Select
[INFO ][2016-01-05 13:05:25,339][com.java.TestType] [ 5705] - value = PFC
[INFO ][2016-01-05 13:05:25,754][com.java.TestType] [10732] -  RESULT true
[INFO ][2016-01-05 13:05:25,754][com.java.TestType] [10849] - ?   P A S S   ?
[DEBUG][2016-01-05 13:05:25,754][com.java.TestType] [10655] - Concept ID:2 :: Step being Executed: 2::2
[INFO ][2016-01-05 13:05:25,754][com.java.TestType] [10693] - dataFields : LNKLogout
[DEBUG][2016-01-05 13:05:25,754][com.java.TestType] [10699] - <In Set values of the page>
[DEBUG][2016-01-05 13:05:25,754][com.java.TestType] [10704] - {Data Fields & Data Values Exist}
[INFO ][2016-01-05 13:05:25,754][com.java.TestType] [10710] - --------------------------setting values-----------------------------
[INFO ][2016-01-05 13:05:25,754][com.java.TestType] [10713] - Action Type : WaitTime
[DEBUG][2016-01-05 13:05:25,754][com.java.TestType] [ 5525] - sleepTime: 5000
[INFO ][2016-01-05 13:05:30,759][com.java.TestType] [10732] -  RESULT true
[INFO ][2016-01-05 13:05:30,759][com.java.TestType] [10849] - ?   P A S S   ?
[INFO ][2016-01-05 13:05:30,759][com.java.TestType] [10920] - Looping End......
[INFO ][2016-01-05 13:05:30,759][com.java.SeleniumDriver] [  906] -  RESULT true
[INFO ][2016-01-05 13:05:30,759][com.java.SeleniumDriver] [ 1112] - ?   P A S S   ?
[INFO ][2016-01-05 13:05:30,759][com.java.SeleniumDriver] [  832] - ------------------------------------------
[INFO ][2016-01-05 13:05:30,759][com.java.SeleniumDriver] [  833] - Test case being Executed: 1
[INFO ][2016-01-05 13:05:30,759][com.java.SeleniumDriver] [  845] - Test step:3
[INFO ][2016-01-05 13:05:30,759][com.java.SeleniumDriver] [  857] - Datavalue is----------2
[INFO ][2016-01-05 13:05:30,759][com.java.SeleniumDriver] [  881] - DataField : XPH//button[contains(text(),'Add Content')]
[INFO ][2016-01-05 13:05:30,759][com.java.SeleniumDriver] [  883] - DataValue : 2
[INFO ][2016-01-05 13:05:30,759][com.java.SeleniumDriver] [  889] - <In Set values of the page>
[INFO ][2016-01-05 13:05:30,759][com.java.SeleniumDriver] [  892] - {Data Fields & Data Values Exist}
[INFO ][2016-01-05 13:05:30,759][com.java.SeleniumDriver] [  894] - --------------------------setting values-----------------------------
[INFO ][2016-01-05 13:05:30,759][com.java.SeleniumDriver] [  897] - Action Type : WAITFORELEMENT
[INFO ][2016-01-05 13:05:30,800][com.java.SeleniumDriver] [  906] -  RESULT true
[INFO ][2016-01-05 13:05:30,800][com.java.SeleniumDriver] [ 1112] - ?   P A S S   ?
[DEBUG][2016-01-05 13:05:30,800][com.java.SeleniumDriver] [ 1224] - Case found
[DEBUG][2016-01-05 13:05:30,800][com.java.SeleniumDriver] [ 1229] - Incrementing ReportCounters[0]:1
[INFO ][2016-01-05 13:05:30,800][com.java.SeleniumDriver] [ 1248] - The results are-------------------[1, 1, Valid Login, Pass, , Tue Jan 05 13:05:25 IST 2016, 1, 2, Valid Login, Pass, , Tue Jan 05 13:05:30 IST 2016, 1, 3, Valid Login, Pass, , Tue Jan 05 13:05:30 IST 2016]
[INFO ][2016-01-05 13:05:30,800][com.java.SeleniumDriver] [ 1252] - End time is-------35 sec
[INFO ][2016-01-05 13:05:30,800][com.java.SeleniumDriver] [ 1253] - The results are-------------------[1, 1, Valid Login, Pass, , Tue Jan 05 13:05:25 IST 2016, 1, 2, Valid Login, Pass, , Tue Jan 05 13:05:30 IST 2016, 1, 3, Valid Login, Pass, , Tue Jan 05 13:05:30 IST 2016]
[DEBUG][2016-01-05 13:05:30,800][com.java.ImportnExport.ExportTestResultsExcel] [  222] - testResultPath = D:\BankersDashboard/TestReports/Test Results_BankersDashBoard_010516_130457_IE10_United Bank.xls
[DEBUG][2016-01-05 13:05:30,800][com.java.ImportnExport.ExportTestResultsExcel] [  223] - browser is------------IE10
[DEBUG][2016-01-05 13:05:30,840][com.java.ImportnExport.ExportTestResultsExcel] [  270] - result.size() = 18
[DEBUG][2016-01-05 13:05:30,840][com.java.ImportnExport.ExportTestResultsExcel] [  274] - No of rows in sheet=1
[DEBUG][2016-01-05 13:05:30,840][com.java.ImportnExport.ExportTestResultsExcel] [  301] - ..in export..1
[DEBUG][2016-01-05 13:05:30,840][com.java.ImportnExport.ExportTestResultsExcel] [  301] - ..in export..Valid Login
[DEBUG][2016-01-05 13:05:30,840][com.java.ImportnExport.ExportTestResultsExcel] [  301] - ..in export..Pass
[DEBUG][2016-01-05 13:05:30,840][com.java.ImportnExport.ExportTestResultsExcel] [  301] - ..in export..
[DEBUG][2016-01-05 13:05:30,840][com.java.ImportnExport.ExportTestResultsExcel] [  301] - ..in export..Tue Jan 05 13:05:25 IST 2016
[INFO ][2016-01-05 13:05:30,840][com.java.SeleniumDriver] [ 1313] - out loop:0 size:2 TestCases:[1, 2] testcases:[1, 2]
[INFO ][2016-01-05 13:05:30,840][com.java.ImportnExport.ImportTestDataDetailsExcel] [   49] - test data details path===== D:\BankersDashboard\TestInputs\TestData.xls
[INFO ][2016-01-05 13:06:01,332][com.java.SeleniumDriver] [  832] - ------------------------------------------
[INFO ][2016-01-05 13:06:01,332][com.java.SeleniumDriver] [  833] - Test case being Executed: 2
[INFO ][2016-01-05 13:06:01,332][com.java.SeleniumDriver] [  845] - Test step:1
[INFO ][2016-01-05 13:06:01,332][com.java.SeleniumDriver] [  857] - Datavalue is----------Logout
[INFO ][2016-01-05 13:06:01,332][com.java.SeleniumDriver] [  881] - DataField : BTN
[INFO ][2016-01-05 13:06:01,332][com.java.SeleniumDriver] [  883] - DataValue : Logout
[INFO ][2016-01-05 13:06:01,332][com.java.SeleniumDriver] [  889] - <In Set values of the page>
[INFO ][2016-01-05 13:06:01,332][com.java.SeleniumDriver] [  892] - {Data Fields & Data Values Exist}
[INFO ][2016-01-05 13:06:01,332][com.java.SeleniumDriver] [  894] - --------------------------setting values-----------------------------
[INFO ][2016-01-05 13:06:01,332][com.java.SeleniumDriver] [  897] - Action Type : Verify
[INFO ][2016-01-05 13:06:01,332][com.java.TestType] [ 7081] - field= BTN value= Logout
[INFO ][2016-01-05 13:06:01,332][com.java.TestType] [ 5705] - value = Logout
[INFO ][2016-01-05 13:06:01,423][com.java.SeleniumDriver] [  906] -  RESULT true
[INFO ][2016-01-05 13:06:01,423][com.java.SeleniumDriver] [ 1112] - ?   P A S S   ?
[INFO ][2016-01-05 13:06:01,423][com.java.SeleniumDriver] [ 1154] - step change to 3
[INFO ][2016-01-05 13:06:01,423][com.java.SeleniumDriver] [  832] - ------------------------------------------
[INFO ][2016-01-05 13:06:01,423][com.java.SeleniumDriver] [  833] - Test case being Executed: 2
[INFO ][2016-01-05 13:06:01,423][com.java.SeleniumDriver] [  845] - Test step:3
[INFO ][2016-01-05 13:06:01,423][com.java.SeleniumDriver] [  857] - Datavalue is----------Concept#2:1-2
[INFO ][2016-01-05 13:06:01,423][com.java.SeleniumDriver] [  881] - DataField : test
[INFO ][2016-01-05 13:06:01,423][com.java.SeleniumDriver] [  883] - DataValue : Concept#2:1-2
[INFO ][2016-01-05 13:06:01,423][com.java.SeleniumDriver] [  889] - <In Set values of the page>
[INFO ][2016-01-05 13:06:01,423][com.java.SeleniumDriver] [  892] - {Data Fields & Data Values Exist}
[INFO ][2016-01-05 13:06:01,423][com.java.SeleniumDriver] [  894] - --------------------------setting values-----------------------------
[INFO ][2016-01-05 13:06:01,423][com.java.SeleniumDriver] [  897] - Action Type : ExecuteTestCase
[INFO ][2016-01-05 13:06:01,423][com.java.TestType] [  437] - The Concept sheet name is ---------- Concept
[INFO ][2016-01-05 13:06:01,423][com.java.TestType] [  440] - The Concept ID  is ---------- 2
[DEBUG][2016-01-05 13:06:01,423][com.java.TestType] [  444] - Steps being executted in the Concept are: 1:2
[INFO ][2016-01-05 13:06:01,423][com.java.TestType] [  451] - Test data details path ---------- D:\BankersDashboard\TestInputs\TestData.xls
[INFO ][2016-01-05 13:06:01,453][com.java.TestType] [  482] -  str(1) = 2
[INFO ][2016-01-05 13:06:01,453][com.java.TestType] [  485] - Test case Id is---2
[INFO ][2016-01-05 13:06:01,453][com.java.TestType] [  487] - 2
[INFO ][2016-01-05 13:06:01,453][com.java.TestType] [  482] -  str(2) = 1
[INFO ][2016-01-05 13:06:01,453][com.java.TestType] [  482] -  str(1) = 2
[INFO ][2016-01-05 13:06:01,453][com.java.TestType] [  485] - Test case Id is---2
[INFO ][2016-01-05 13:06:01,453][com.java.TestType] [  487] - 2
[INFO ][2016-01-05 13:06:01,453][com.java.TestType] [  482] -  str(2) = 2
[INFO ][2016-01-05 13:06:01,453][com.java.TestType] [  482] -  str(1) = 2
[INFO ][2016-01-05 13:06:01,453][com.java.TestType] [  485] - Test case Id is---2
[INFO ][2016-01-05 13:06:01,453][com.java.TestType] [  487] - 2
[INFO ][2016-01-05 13:06:01,453][com.java.TestType] [  482] -  str(2) = 3
[INFO ][2016-01-05 13:06:01,453][com.java.TestType] [10614] - Looping 1TCID = 2
[DEBUG][2016-01-05 13:06:01,453][com.java.TestType] [10655] - Concept ID:2 :: Step being Executed: 2::1
[INFO ][2016-01-05 13:06:01,453][com.java.TestType] [10693] - dataFields : BNK//select[@id='bank']
[DEBUG][2016-01-05 13:06:01,453][com.java.TestType] [10699] - <In Set values of the page>
[DEBUG][2016-01-05 13:06:01,453][com.java.TestType] [10704] - {Data Fields & Data Values Exist}
[INFO ][2016-01-05 13:06:01,453][com.java.TestType] [10710] - --------------------------setting values-----------------------------
[INFO ][2016-01-05 13:06:01,453][com.java.TestType] [10713] - Action Type : Select
[INFO ][2016-01-05 13:06:01,453][com.java.TestType] [ 5705] - value = PFC
[INFO ][2016-01-05 13:06:01,643][com.java.TestType] [10732] -  RESULT true
[INFO ][2016-01-05 13:06:01,643][com.java.TestType] [10849] - ?   P A S S   ?
[DEBUG][2016-01-05 13:06:01,643][com.java.TestType] [10655] - Concept ID:2 :: Step being Executed: 2::2
[INFO ][2016-01-05 13:06:01,643][com.java.TestType] [10693] - dataFields : LNKLogout
[DEBUG][2016-01-05 13:06:01,643][com.java.TestType] [10699] - <In Set values of the page>
[DEBUG][2016-01-05 13:06:01,643][com.java.TestType] [10704] - {Data Fields & Data Values Exist}
[INFO ][2016-01-05 13:06:01,643][com.java.TestType] [10710] - --------------------------setting values-----------------------------
[INFO ][2016-01-05 13:06:01,643][com.java.TestType] [10713] - Action Type : WaitTime
[DEBUG][2016-01-05 13:06:01,643][com.java.TestType] [ 5525] - sleepTime: 5000
[INFO ][2016-01-05 13:06:06,643][com.java.TestType] [10732] -  RESULT true
[INFO ][2016-01-05 13:06:06,643][com.java.TestType] [10849] - ?   P A S S   ?
[INFO ][2016-01-05 13:06:06,643][com.java.TestType] [10920] - Looping End......
[INFO ][2016-01-05 13:06:06,643][com.java.SeleniumDriver] [  906] -  RESULT true
[INFO ][2016-01-05 13:06:06,643][com.java.SeleniumDriver] [ 1112] - ?   P A S S   ?
[INFO ][2016-01-05 13:06:06,643][com.java.SeleniumDriver] [  832] - ------------------------------------------
[INFO ][2016-01-05 13:06:06,643][com.java.SeleniumDriver] [  833] - Test case being Executed: 2
[INFO ][2016-01-05 13:06:06,643][com.java.SeleniumDriver] [  845] - Test step:4
[INFO ][2016-01-05 13:06:06,643][com.java.SeleniumDriver] [  857] - Datavalue is----------null
[DEBUG][2016-01-05 13:06:06,643][com.java.SeleniumDriver] [  875] - Exception: null
[INFO ][2016-01-05 13:06:06,643][com.java.SeleniumDriver] [  881] - DataField : //span[@class='icon-user4']&&//a[text()='Users']&&//a[@data-id="ModifyUsers"]
[INFO ][2016-01-05 13:06:06,643][com.java.SeleniumDriver] [  883] - DataValue : 
[INFO ][2016-01-05 13:06:06,643][com.java.SeleniumDriver] [  889] - <In Set values of the page>
[INFO ][2016-01-05 13:06:06,643][com.java.SeleniumDriver] [  892] - {Data Fields & Data Values Exist}
[INFO ][2016-01-05 13:06:06,643][com.java.SeleniumDriver] [  894] - --------------------------setting values-----------------------------
[INFO ][2016-01-05 13:06:06,643][com.java.SeleniumDriver] [  897] - Action Type : MouseOver
[INFO ][2016-01-05 13:06:33,469][com.java.SeleniumDriver] [  906] -  RESULT true
[INFO ][2016-01-05 13:06:33,469][com.java.SeleniumDriver] [ 1112] - ?   P A S S   ?
[INFO ][2016-01-05 13:06:33,469][com.java.SeleniumDriver] [  832] - ------------------------------------------
[INFO ][2016-01-05 13:06:33,469][com.java.SeleniumDriver] [  833] - Test case being Executed: 2
[INFO ][2016-01-05 13:06:33,469][com.java.SeleniumDriver] [  845] - Test step:5
[INFO ][2016-01-05 13:06:33,469][com.java.SeleniumDriver] [  857] - Datavalue is----------2
[INFO ][2016-01-05 13:06:33,469][com.java.SeleniumDriver] [  881] - DataField : BTNframeDialogContent
[INFO ][2016-01-05 13:06:33,469][com.java.SeleniumDriver] [  883] - DataValue : 2
[INFO ][2016-01-05 13:06:33,469][com.java.SeleniumDriver] [  889] - <In Set values of the page>
[INFO ][2016-01-05 13:06:33,469][com.java.SeleniumDriver] [  892] - {Data Fields & Data Values Exist}
[INFO ][2016-01-05 13:06:33,469][com.java.SeleniumDriver] [  894] - --------------------------setting values-----------------------------
[INFO ][2016-01-05 13:06:33,469][com.java.SeleniumDriver] [  897] - Action Type : WaitForElement
[INFO ][2016-01-05 13:06:34,670][com.java.SeleniumDriver] [  906] -  RESULT true
[INFO ][2016-01-05 13:06:34,670][com.java.SeleniumDriver] [ 1112] - ?   P A S S   ?
[INFO ][2016-01-05 13:06:34,670][com.java.SeleniumDriver] [  832] - ------------------------------------------
[INFO ][2016-01-05 13:06:34,670][com.java.SeleniumDriver] [  833] - Test case being Executed: 2
[INFO ][2016-01-05 13:06:34,670][com.java.SeleniumDriver] [  845] - Test step:6
[INFO ][2016-01-05 13:06:34,670][com.java.SeleniumDriver] [  857] - Datavalue is----------null
[DEBUG][2016-01-05 13:06:34,670][com.java.SeleniumDriver] [  875] - Exception: null
[INFO ][2016-01-05 13:06:34,670][com.java.SeleniumDriver] [  881] - DataField : BTNframeDialogContent
[INFO ][2016-01-05 13:06:34,670][com.java.SeleniumDriver] [  883] - DataValue : 
[INFO ][2016-01-05 13:06:34,670][com.java.SeleniumDriver] [  889] - <In Set values of the page>
[INFO ][2016-01-05 13:06:34,670][com.java.SeleniumDriver] [  892] - {Data Fields & Data Values Exist}
[INFO ][2016-01-05 13:06:34,670][com.java.SeleniumDriver] [  894] - --------------------------setting values-----------------------------
[INFO ][2016-01-05 13:06:34,670][com.java.SeleniumDriver] [  897] - Action Type : SelectFrame
[INFO ][2016-01-05 13:06:35,892][com.java.SeleniumDriver] [  906] -  RESULT true
[INFO ][2016-01-05 13:06:35,892][com.java.SeleniumDriver] [ 1112] - ?   P A S S   ?
[INFO ][2016-01-05 13:06:35,892][com.java.SeleniumDriver] [  832] - ------------------------------------------
[INFO ][2016-01-05 13:06:35,892][com.java.SeleniumDriver] [  833] - Test case being Executed: 2
[INFO ][2016-01-05 13:06:35,892][com.java.SeleniumDriver] [  845] - Test step:7
[INFO ][2016-01-05 13:06:35,892][com.java.SeleniumDriver] [  857] - Datavalue is----------2
[INFO ][2016-01-05 13:06:35,892][com.java.SeleniumDriver] [  881] - DataField : BTNbtnAddUser
[INFO ][2016-01-05 13:06:35,892][com.java.SeleniumDriver] [  883] - DataValue : 2
[INFO ][2016-01-05 13:06:35,892][com.java.SeleniumDriver] [  889] - <In Set values of the page>
[INFO ][2016-01-05 13:06:35,892][com.java.SeleniumDriver] [  892] - {Data Fields & Data Values Exist}
[INFO ][2016-01-05 13:06:35,892][com.java.SeleniumDriver] [  894] - --------------------------setting values-----------------------------
[INFO ][2016-01-05 13:06:35,892][com.java.SeleniumDriver] [  897] - Action Type : WaitForElement
[INFO ][2016-01-05 13:06:37,142][com.java.SeleniumDriver] [  906] -  RESULT true
[INFO ][2016-01-05 13:06:37,142][com.java.SeleniumDriver] [ 1112] - ?   P A S S   ?
[INFO ][2016-01-05 13:06:37,142][com.java.SeleniumDriver] [  832] - ------------------------------------------
[INFO ][2016-01-05 13:06:37,142][com.java.SeleniumDriver] [  833] - Test case being Executed: 2
[INFO ][2016-01-05 13:06:37,142][com.java.SeleniumDriver] [  845] - Test step:8
[INFO ][2016-01-05 13:06:37,142][com.java.SeleniumDriver] [  857] - Datavalue is----------null
[DEBUG][2016-01-05 13:06:37,142][com.java.SeleniumDriver] [  875] - Exception: null
[INFO ][2016-01-05 13:06:37,142][com.java.SeleniumDriver] [  881] - DataField : BTNbtnAddUser
[INFO ][2016-01-05 13:06:37,142][com.java.SeleniumDriver] [  883] - DataValue : 
[INFO ][2016-01-05 13:06:37,142][com.java.SeleniumDriver] [  889] - <In Set values of the page>
[INFO ][2016-01-05 13:06:37,142][com.java.SeleniumDriver] [  892] - {Data Fields & Data Values Exist}
[INFO ][2016-01-05 13:06:37,142][com.java.SeleniumDriver] [  894] - --------------------------setting values-----------------------------
[INFO ][2016-01-05 13:06:37,142][com.java.SeleniumDriver] [  897] - Action Type : Click
[INFO ][2016-01-05 13:06:37,142][com.java.TestType] [ 6084] - Field ::BTNbtnAddUser
[INFO ][2016-01-05 13:06:37,142][com.java.TestType] [ 5705] - value = 
[INFO ][2016-01-05 13:06:38,143][com.java.TestType] [ 6200] - BEFORE CLICK
[INFO ][2016-01-05 13:06:39,514][com.java.TestType] [ 6207] - Unable to click the object Add user button
[INFO ][2016-01-05 13:06:39,514][com.java.SeleniumDriver] [  906] -  RESULT true
[INFO ][2016-01-05 13:06:39,514][com.java.SeleniumDriver] [ 1112] - ?   P A S S   ?
[INFO ][2016-01-05 13:06:39,514][com.java.SeleniumDriver] [  832] - ------------------------------------------
[INFO ][2016-01-05 13:06:39,514][com.java.SeleniumDriver] [  833] - Test case being Executed: 2
[INFO ][2016-01-05 13:06:39,514][com.java.SeleniumDriver] [  845] - Test step:9
[INFO ][2016-01-05 13:06:39,514][com.java.SeleniumDriver] [  857] - Datavalue is----------2
[INFO ][2016-01-05 13:06:39,514][com.java.SeleniumDriver] [  881] - DataField : BTNtxtUserName
[INFO ][2016-01-05 13:06:39,514][com.java.SeleniumDriver] [  883] - DataValue : 2
[INFO ][2016-01-05 13:06:39,514][com.java.SeleniumDriver] [  889] - <In Set values of the page>
[INFO ][2016-01-05 13:06:39,514][com.java.SeleniumDriver] [  892] - {Data Fields & Data Values Exist}
[INFO ][2016-01-05 13:06:39,514][com.java.SeleniumDriver] [  894] - --------------------------setting values-----------------------------
[INFO ][2016-01-05 13:06:39,514][com.java.SeleniumDriver] [  897] - Action Type : WaitForElement
[INFO ][2016-01-05 13:06:43,094][com.java.SeleniumDriver] [  906] -  RESULT true
[INFO ][2016-01-05 13:06:43,094][com.java.SeleniumDriver] [ 1112] - ?   P A S S   ?
[INFO ][2016-01-05 13:06:43,094][com.java.SeleniumDriver] [  832] - ------------------------------------------
[INFO ][2016-01-05 13:06:43,094][com.java.SeleniumDriver] [  833] - Test case being Executed: 2
[INFO ][2016-01-05 13:06:43,094][com.java.SeleniumDriver] [  845] - Test step:10
[INFO ][2016-01-05 13:06:43,094][com.java.SeleniumDriver] [  857] - Datavalue is----------5
[INFO ][2016-01-05 13:06:43,094][com.java.SeleniumDriver] [  881] - DataField : TXTtxtUserName
[INFO ][2016-01-05 13:06:43,094][com.java.SeleniumDriver] [  883] - DataValue : 5
[INFO ][2016-01-05 13:06:43,094][com.java.SeleniumDriver] [  889] - <In Set values of the page>
[INFO ][2016-01-05 13:06:43,094][com.java.SeleniumDriver] [  892] - {Data Fields & Data Values Exist}
[INFO ][2016-01-05 13:06:43,094][com.java.SeleniumDriver] [  894] - --------------------------setting values-----------------------------
[INFO ][2016-01-05 13:06:43,094][com.java.SeleniumDriver] [  897] - Action Type : WaitForElement
[INFO ][2016-01-05 13:06:44,295][com.java.SeleniumDriver] [  906] -  RESULT true
[INFO ][2016-01-05 13:06:44,295][com.java.SeleniumDriver] [ 1112] - ?   P A S S   ?
[INFO ][2016-01-05 13:06:44,295][com.java.SeleniumDriver] [  832] - ------------------------------------------
[INFO ][2016-01-05 13:06:44,295][com.java.SeleniumDriver] [  833] - Test case being Executed: 2
[INFO ][2016-01-05 13:06:44,295][com.java.SeleniumDriver] [  845] - Test step:11
[INFO ][2016-01-05 13:06:44,295][com.java.SeleniumDriver] [  857] - Datavalue is----------RNDvltest.robot
[INFO ][2016-01-05 13:06:44,295][com.java.SeleniumDriver] [  881] - DataField : TXTtxtUserName
[INFO ][2016-01-05 13:06:44,295][com.java.SeleniumDriver] [  883] - DataValue : RNDvltest.robot
[INFO ][2016-01-05 13:06:44,295][com.java.SeleniumDriver] [  889] - <In Set values of the page>
[INFO ][2016-01-05 13:06:44,295][com.java.SeleniumDriver] [  892] - {Data Fields & Data Values Exist}
[INFO ][2016-01-05 13:06:44,295][com.java.SeleniumDriver] [  894] - --------------------------setting values-----------------------------
[INFO ][2016-01-05 13:06:44,295][com.java.SeleniumDriver] [  897] - Action Type : CLEARANDENTER
[INFO ][2016-01-05 13:06:44,295][com.java.TestType] [ 5705] - value = vltest.robot102579
[INFO ][2016-01-05 13:06:46,801][com.java.SeleniumDriver] [  906] -  RESULT true
[INFO ][2016-01-05 13:06:46,801][com.java.SeleniumDriver] [ 1112] - ?   P A S S   ?
[INFO ][2016-01-05 13:06:46,801][com.java.SeleniumDriver] [  832] - ------------------------------------------
[INFO ][2016-01-05 13:06:46,801][com.java.SeleniumDriver] [  833] - Test case being Executed: 2
[INFO ][2016-01-05 13:06:46,801][com.java.SeleniumDriver] [  845] - Test step:12
[INFO ][2016-01-05 13:06:46,801][com.java.SeleniumDriver] [  857] - Datavalue is----------5
[INFO ][2016-01-05 13:06:46,801][com.java.SeleniumDriver] [  881] - DataField : TXTtxtFirstName
[INFO ][2016-01-05 13:06:46,801][com.java.SeleniumDriver] [  883] - DataValue : 5
[INFO ][2016-01-05 13:06:46,801][com.java.SeleniumDriver] [  889] - <In Set values of the page>
[INFO ][2016-01-05 13:06:46,801][com.java.SeleniumDriver] [  892] - {Data Fields & Data Values Exist}
[INFO ][2016-01-05 13:06:46,801][com.java.SeleniumDriver] [  894] - --------------------------setting values-----------------------------
[INFO ][2016-01-05 13:06:46,801][com.java.SeleniumDriver] [  897] - Action Type : WaitForElement
[INFO ][2016-01-05 13:06:47,881][com.java.SeleniumDriver] [  906] -  RESULT true
[INFO ][2016-01-05 13:06:47,881][com.java.SeleniumDriver] [ 1112] - ?   P A S S   ?
[INFO ][2016-01-05 13:06:47,881][com.java.SeleniumDriver] [  832] - ------------------------------------------
[INFO ][2016-01-05 13:06:47,881][com.java.SeleniumDriver] [  833] - Test case being Executed: 2
[INFO ][2016-01-05 13:06:47,881][com.java.SeleniumDriver] [  845] - Test step:13
[INFO ][2016-01-05 13:06:47,881][com.java.SeleniumDriver] [  857] - Datavalue is----------GivenNewUserName
[INFO ][2016-01-05 13:06:47,881][com.java.SeleniumDriver] [  881] - DataField : TXTtxtUserName
[INFO ][2016-01-05 13:06:47,881][com.java.SeleniumDriver] [  883] - DataValue : GivenNewUserName
[INFO ][2016-01-05 13:06:47,881][com.java.SeleniumDriver] [  889] - <In Set values of the page>
[INFO ][2016-01-05 13:06:47,881][com.java.SeleniumDriver] [  892] - {Data Fields & Data Values Exist}
[INFO ][2016-01-05 13:06:47,881][com.java.SeleniumDriver] [  894] - --------------------------setting values-----------------------------
[INFO ][2016-01-05 13:06:47,881][com.java.SeleniumDriver] [  897] - Action Type : STOREVALUE
[INFO ][2016-01-05 13:06:47,881][com.java.TestType] [ 8399] - field= TXTtxtUserName
[DEBUG][2016-01-05 13:06:48,993][com.java.TestType] [ 8413] - Key:: GivenNewUserName  Value:: vltest.robot102579
[INFO ][2016-01-05 13:06:48,993][com.java.SeleniumDriver] [  906] -  RESULT true
[INFO ][2016-01-05 13:06:48,993][com.java.SeleniumDriver] [ 1112] - ?   P A S S   ?
[INFO ][2016-01-05 13:06:48,993][com.java.SeleniumDriver] [  832] - ------------------------------------------
[INFO ][2016-01-05 13:06:48,993][com.java.SeleniumDriver] [  833] - Test case being Executed: 2
[INFO ][2016-01-05 13:06:48,993][com.java.SeleniumDriver] [  845] - Test step:14
[INFO ][2016-01-05 13:06:48,993][com.java.SeleniumDriver] [  857] - Datavalue is----------VLTest
[INFO ][2016-01-05 13:06:48,993][com.java.SeleniumDriver] [  881] - DataField : TXTtxtFirstName
[INFO ][2016-01-05 13:06:48,993][com.java.SeleniumDriver] [  883] - DataValue : VLTest
[INFO ][2016-01-05 13:06:48,993][com.java.SeleniumDriver] [  889] - <In Set values of the page>
[INFO ][2016-01-05 13:06:48,993][com.java.SeleniumDriver] [  892] - {Data Fields & Data Values Exist}
[INFO ][2016-01-05 13:06:48,993][com.java.SeleniumDriver] [  894] - --------------------------setting values-----------------------------
[INFO ][2016-01-05 13:06:48,993][com.java.SeleniumDriver] [  897] - Action Type : Enter
[INFO ][2016-01-05 13:06:48,993][com.java.TestType] [ 6508] - field = txtFirstName
[INFO ][2016-01-05 13:06:48,993][com.java.TestType] [ 5705] - value = VLTest
[INFO ][2016-01-05 13:06:50,674][com.java.SeleniumDriver] [  906] -  RESULT true
[INFO ][2016-01-05 13:06:50,674][com.java.SeleniumDriver] [ 1112] - ?   P A S S   ?
[INFO ][2016-01-05 13:06:50,674][com.java.SeleniumDriver] [  832] - ------------------------------------------
[INFO ][2016-01-05 13:06:50,674][com.java.SeleniumDriver] [  833] - Test case being Executed: 2
[INFO ][2016-01-05 13:06:50,674][com.java.SeleniumDriver] [  845] - Test step:15
[INFO ][2016-01-05 13:06:50,674][com.java.SeleniumDriver] [  857] - Datavalue is----------5
[INFO ][2016-01-05 13:06:50,674][com.java.SeleniumDriver] [  881] - DataField : TXTtxtLastName
[INFO ][2016-01-05 13:06:50,674][com.java.SeleniumDriver] [  883] - DataValue : 5
[INFO ][2016-01-05 13:06:50,674][com.java.SeleniumDriver] [  889] - <In Set values of the page>
[INFO ][2016-01-05 13:06:50,674][com.java.SeleniumDriver] [  892] - {Data Fields & Data Values Exist}
[INFO ][2016-01-05 13:06:50,674][com.java.SeleniumDriver] [  894] - --------------------------setting values-----------------------------
[INFO ][2016-01-05 13:06:50,674][com.java.SeleniumDriver] [  897] - Action Type : WaitForElement
[INFO ][2016-01-05 13:06:51,764][com.java.SeleniumDriver] [  906] -  RESULT true
[INFO ][2016-01-05 13:06:51,764][com.java.SeleniumDriver] [ 1112] - ?   P A S S   ?
[INFO ][2016-01-05 13:06:51,764][com.java.SeleniumDriver] [  832] - ------------------------------------------
[INFO ][2016-01-05 13:06:51,764][com.java.SeleniumDriver] [  833] - Test case being Executed: 2
[INFO ][2016-01-05 13:06:51,764][com.java.SeleniumDriver] [  845] - Test step:16
[INFO ][2016-01-05 13:06:51,764][com.java.SeleniumDriver] [  857] - Datavalue is----------Robot
[INFO ][2016-01-05 13:06:51,764][com.java.SeleniumDriver] [  881] - DataField : TXTtxtLastName
[INFO ][2016-01-05 13:06:51,764][com.java.SeleniumDriver] [  883] - DataValue : Robot
[INFO ][2016-01-05 13:06:51,764][com.java.SeleniumDriver] [  889] - <In Set values of the page>
[INFO ][2016-01-05 13:06:51,764][com.java.SeleniumDriver] [  892] - {Data Fields & Data Values Exist}
[INFO ][2016-01-05 13:06:51,764][com.java.SeleniumDriver] [  894] - --------------------------setting values-----------------------------
[INFO ][2016-01-05 13:06:51,764][com.java.SeleniumDriver] [  897] - Action Type : Enter
[INFO ][2016-01-05 13:06:51,764][com.java.TestType] [ 6508] - field = txtLastName
[INFO ][2016-01-05 13:06:51,764][com.java.TestType] [ 5705] - value = Robot
[INFO ][2016-01-05 13:06:53,196][com.java.SeleniumDriver] [  906] -  RESULT true
[INFO ][2016-01-05 13:06:53,196][com.java.SeleniumDriver] [ 1112] - ?   P A S S   ?
[INFO ][2016-01-05 13:06:53,196][com.java.SeleniumDriver] [  832] - ------------------------------------------
[INFO ][2016-01-05 13:06:53,196][com.java.SeleniumDriver] [  833] - Test case being Executed: 2
[INFO ][2016-01-05 13:06:53,196][com.java.SeleniumDriver] [  845] - Test step:17
[INFO ][2016-01-05 13:06:53,196][com.java.SeleniumDriver] [  857] - Datavalue is----------5
[INFO ][2016-01-05 13:06:53,196][com.java.SeleniumDriver] [  881] - DataField : TXTtxtCompany
[INFO ][2016-01-05 13:06:53,196][com.java.SeleniumDriver] [  883] - DataValue : 5
[INFO ][2016-01-05 13:06:53,196][com.java.SeleniumDriver] [  889] - <In Set values of the page>
[INFO ][2016-01-05 13:06:53,196][com.java.SeleniumDriver] [  892] - {Data Fields & Data Values Exist}
[INFO ][2016-01-05 13:06:53,196][com.java.SeleniumDriver] [  894] - --------------------------setting values-----------------------------
[INFO ][2016-01-05 13:06:53,196][com.java.SeleniumDriver] [  897] - Action Type : WaitForElement
[INFO ][2016-01-05 13:06:54,266][com.java.SeleniumDriver] [  906] -  RESULT true
[INFO ][2016-01-05 13:06:54,266][com.java.SeleniumDriver] [ 1112] - ?   P A S S   ?
[INFO ][2016-01-05 13:06:54,266][com.java.SeleniumDriver] [  832] - ------------------------------------------
[INFO ][2016-01-05 13:06:54,266][com.java.SeleniumDriver] [  833] - Test case being Executed: 2
[INFO ][2016-01-05 13:06:54,266][com.java.SeleniumDriver] [  845] - Test step:18
[INFO ][2016-01-05 13:06:54,266][com.java.SeleniumDriver] [  857] - Datavalue is----------ValueLabs
[INFO ][2016-01-05 13:06:54,266][com.java.SeleniumDriver] [  881] - DataField : TXTtxtCompany
[INFO ][2016-01-05 13:06:54,266][com.java.SeleniumDriver] [  883] - DataValue : ValueLabs
[INFO ][2016-01-05 13:06:54,266][com.java.SeleniumDriver] [  889] - <In Set values of the page>
[INFO ][2016-01-05 13:06:54,266][com.java.SeleniumDriver] [  892] - {Data Fields & Data Values Exist}
[INFO ][2016-01-05 13:06:54,266][com.java.SeleniumDriver] [  894] - --------------------------setting values-----------------------------
[INFO ][2016-01-05 13:06:54,266][com.java.SeleniumDriver] [  897] - Action Type : Enter
[INFO ][2016-01-05 13:06:54,266][com.java.TestType] [ 6508] - field = txtCompany
[INFO ][2016-01-05 13:06:54,266][com.java.TestType] [ 5705] - value = ValueLabs
[INFO ][2016-01-05 13:06:56,088][com.java.SeleniumDriver] [  906] -  RESULT true
[INFO ][2016-01-05 13:06:56,088][com.java.SeleniumDriver] [ 1112] - ?   P A S S   ?
[INFO ][2016-01-05 13:06:56,088][com.java.SeleniumDriver] [  832] - ------------------------------------------
[INFO ][2016-01-05 13:06:56,088][com.java.SeleniumDriver] [  833] - Test case being Executed: 2
[INFO ][2016-01-05 13:06:56,088][com.java.SeleniumDriver] [  845] - Test step:19
[INFO ][2016-01-05 13:06:56,088][com.java.SeleniumDriver] [  857] - Datavalue is----------5
[INFO ][2016-01-05 13:06:56,088][com.java.SeleniumDriver] [  881] - DataField : TXTtxtLocation
[INFO ][2016-01-05 13:06:56,088][com.java.SeleniumDriver] [  883] - DataValue : 5
[INFO ][2016-01-05 13:06:56,088][com.java.SeleniumDriver] [  889] - <In Set values of the page>
[INFO ][2016-01-05 13:06:56,088][com.java.SeleniumDriver] [  892] - {Data Fields & Data Values Exist}
[INFO ][2016-01-05 13:06:56,088][com.java.SeleniumDriver] [  894] - --------------------------setting values-----------------------------
[INFO ][2016-01-05 13:06:56,088][com.java.SeleniumDriver] [  897] - Action Type : WaitForElement
[INFO ][2016-01-05 13:06:57,168][com.java.SeleniumDriver] [  906] -  RESULT true
[INFO ][2016-01-05 13:06:57,168][com.java.SeleniumDriver] [ 1112] - ?   P A S S   ?
[INFO ][2016-01-05 13:06:57,168][com.java.SeleniumDriver] [  832] - ------------------------------------------
[INFO ][2016-01-05 13:06:57,168][com.java.SeleniumDriver] [  833] - Test case being Executed: 2
[INFO ][2016-01-05 13:06:57,168][com.java.SeleniumDriver] [  845] - Test step:20
[INFO ][2016-01-05 13:06:57,168][com.java.SeleniumDriver] [  857] - Datavalue is----------India
[INFO ][2016-01-05 13:06:57,168][com.java.SeleniumDriver] [  881] - DataField : TXTtxtLocation
[INFO ][2016-01-05 13:06:57,168][com.java.SeleniumDriver] [  883] - DataValue : India
[INFO ][2016-01-05 13:06:57,168][com.java.SeleniumDriver] [  889] - <In Set values of the page>
[INFO ][2016-01-05 13:06:57,168][com.java.SeleniumDriver] [  892] - {Data Fields & Data Values Exist}
[INFO ][2016-01-05 13:06:57,168][com.java.SeleniumDriver] [  894] - --------------------------setting values-----------------------------
[INFO ][2016-01-05 13:06:57,168][com.java.SeleniumDriver] [  897] - Action Type : Enter
[INFO ][2016-01-05 13:06:57,168][com.java.TestType] [ 6508] - field = txtLocation
[INFO ][2016-01-05 13:06:57,168][com.java.TestType] [ 5705] - value = India
[INFO ][2016-01-05 13:06:58,590][com.java.SeleniumDriver] [  906] -  RESULT true
[INFO ][2016-01-05 13:06:58,590][com.java.SeleniumDriver] [ 1112] - ?   P A S S   ?
[INFO ][2016-01-05 13:06:58,590][com.java.SeleniumDriver] [  832] - ------------------------------------------
[INFO ][2016-01-05 13:06:58,590][com.java.SeleniumDriver] [  833] - Test case being Executed: 2
[INFO ][2016-01-05 13:06:58,590][com.java.SeleniumDriver] [  845] - Test step:21
[INFO ][2016-01-05 13:06:58,590][com.java.SeleniumDriver] [  857] - Datavalue is----------5
[INFO ][2016-01-05 13:06:58,590][com.java.SeleniumDriver] [  881] - DataField : TXTtxtEMail
[INFO ][2016-01-05 13:06:58,590][com.java.SeleniumDriver] [  883] - DataValue : 5
[INFO ][2016-01-05 13:06:58,590][com.java.SeleniumDriver] [  889] - <In Set values of the page>
[INFO ][2016-01-05 13:06:58,590][com.java.SeleniumDriver] [  892] - {Data Fields & Data Values Exist}
[INFO ][2016-01-05 13:06:58,590][com.java.SeleniumDriver] [  894] - --------------------------setting values-----------------------------
[INFO ][2016-01-05 13:06:58,590][com.java.SeleniumDriver] [  897] - Action Type : WaitForElement
[INFO ][2016-01-05 13:06:59,660][com.java.SeleniumDriver] [  906] -  RESULT true
[INFO ][2016-01-05 13:06:59,660][com.java.SeleniumDriver] [ 1112] - ?   P A S S   ?
[INFO ][2016-01-05 13:06:59,660][com.java.SeleniumDriver] [  832] - ------------------------------------------
[INFO ][2016-01-05 13:06:59,660][com.java.SeleniumDriver] [  833] - Test case being Executed: 2
[INFO ][2016-01-05 13:06:59,660][com.java.SeleniumDriver] [  845] - Test step:22
[INFO ][2016-01-05 13:06:59,660][com.java.SeleniumDriver] [  857] - Datavalue is----------vltest.robot@valuelabs.com
[INFO ][2016-01-05 13:06:59,660][com.java.SeleniumDriver] [  881] - DataField : TXTtxtEMail
[INFO ][2016-01-05 13:06:59,660][com.java.SeleniumDriver] [  883] - DataValue : vltest.robot@valuelabs.com
[INFO ][2016-01-05 13:06:59,660][com.java.SeleniumDriver] [  889] - <In Set values of the page>
[INFO ][2016-01-05 13:06:59,660][com.java.SeleniumDriver] [  892] - {Data Fields & Data Values Exist}
[INFO ][2016-01-05 13:06:59,660][com.java.SeleniumDriver] [  894] - --------------------------setting values-----------------------------
[INFO ][2016-01-05 13:06:59,660][com.java.SeleniumDriver] [  897] - Action Type : Enter
[INFO ][2016-01-05 13:06:59,660][com.java.TestType] [ 6508] - field = txtEMail
[INFO ][2016-01-05 13:06:59,660][com.java.TestType] [ 5705] - value = vltest.robot@valuelabs.com
[INFO ][2016-01-05 13:07:01,322][com.java.SeleniumDriver] [  906] -  RESULT true
[INFO ][2016-01-05 13:07:01,322][com.java.SeleniumDriver] [ 1112] - ?   P A S S   ?
[INFO ][2016-01-05 13:07:01,322][com.java.SeleniumDriver] [  832] - ------------------------------------------
[INFO ][2016-01-05 13:07:01,322][com.java.SeleniumDriver] [  833] - Test case being Executed: 2
[INFO ][2016-01-05 13:07:01,322][com.java.SeleniumDriver] [  845] - Test step:23
[INFO ][2016-01-05 13:07:01,322][com.java.SeleniumDriver] [  857] - Datavalue is----------5
[INFO ][2016-01-05 13:07:01,322][com.java.SeleniumDriver] [  881] - DataField : TXTtxtPhone
[INFO ][2016-01-05 13:07:01,322][com.java.SeleniumDriver] [  883] - DataValue : 5
[INFO ][2016-01-05 13:07:01,322][com.java.SeleniumDriver] [  889] - <In Set values of the page>
[INFO ][2016-01-05 13:07:01,322][com.java.SeleniumDriver] [  892] - {Data Fields & Data Values Exist}
[INFO ][2016-01-05 13:07:01,322][com.java.SeleniumDriver] [  894] - --------------------------setting values-----------------------------
[INFO ][2016-01-05 13:07:01,322][com.java.SeleniumDriver] [  897] - Action Type : WaitForElement
[INFO ][2016-01-05 13:07:02,382][com.java.SeleniumDriver] [  906] -  RESULT true
[INFO ][2016-01-05 13:07:02,382][com.java.SeleniumDriver] [ 1112] - ?   P A S S   ?
[INFO ][2016-01-05 13:07:02,382][com.java.SeleniumDriver] [  832] - ------------------------------------------
[INFO ][2016-01-05 13:07:02,382][com.java.SeleniumDriver] [  833] - Test case being Executed: 2
[INFO ][2016-01-05 13:07:02,382][com.java.SeleniumDriver] [  845] - Test step:24
[INFO ][2016-01-05 13:07:02,382][com.java.SeleniumDriver] [  857] - Datavalue is----------12345678901
[INFO ][2016-01-05 13:07:02,382][com.java.SeleniumDriver] [  881] - DataField : TXTtxtPhone
[INFO ][2016-01-05 13:07:02,382][com.java.SeleniumDriver] [  883] - DataValue : 12345678901
[INFO ][2016-01-05 13:07:02,382][com.java.SeleniumDriver] [  889] - <In Set values of the page>
[INFO ][2016-01-05 13:07:02,382][com.java.SeleniumDriver] [  892] - {Data Fields & Data Values Exist}
[INFO ][2016-01-05 13:07:02,382][com.java.SeleniumDriver] [  894] - --------------------------setting values-----------------------------
[INFO ][2016-01-05 13:07:02,382][com.java.SeleniumDriver] [  897] - Action Type : Enter
[INFO ][2016-01-05 13:07:02,382][com.java.TestType] [ 6508] - field = txtPhone
[INFO ][2016-01-05 13:07:02,382][com.java.TestType] [ 5705] - value = 12345678901
[INFO ][2016-01-05 13:07:03,774][com.java.SeleniumDriver] [  906] -  RESULT true
[INFO ][2016-01-05 13:07:03,774][com.java.SeleniumDriver] [ 1112] - ?   P A S S   ?
[INFO ][2016-01-05 13:07:03,774][com.java.SeleniumDriver] [  832] - ------------------------------------------
[INFO ][2016-01-05 13:07:03,774][com.java.SeleniumDriver] [  833] - Test case being Executed: 2
[INFO ][2016-01-05 13:07:03,774][com.java.SeleniumDriver] [  845] - Test step:25
[INFO ][2016-01-05 13:07:03,774][com.java.SeleniumDriver] [  857] - Datavalue is----------5
[INFO ][2016-01-05 13:07:03,774][com.java.SeleniumDriver] [  881] - DataField : TXTtxtPassword
[INFO ][2016-01-05 13:07:03,774][com.java.SeleniumDriver] [  883] - DataValue : 5
[INFO ][2016-01-05 13:07:03,774][com.java.SeleniumDriver] [  889] - <In Set values of the page>
[INFO ][2016-01-05 13:07:03,774][com.java.SeleniumDriver] [  892] - {Data Fields & Data Values Exist}
[INFO ][2016-01-05 13:07:03,774][com.java.SeleniumDriver] [  894] - --------------------------setting values-----------------------------
[INFO ][2016-01-05 13:07:03,774][com.java.SeleniumDriver] [  897] - Action Type : WaitForElement
[INFO ][2016-01-05 13:07:04,844][com.java.SeleniumDriver] [  906] -  RESULT true
[INFO ][2016-01-05 13:07:04,844][com.java.SeleniumDriver] [ 1112] - ?   P A S S   ?
[INFO ][2016-01-05 13:07:04,844][com.java.SeleniumDriver] [  832] - ------------------------------------------
[INFO ][2016-01-05 13:07:04,844][com.java.SeleniumDriver] [  833] - Test case being Executed: 2
[INFO ][2016-01-05 13:07:04,844][com.java.SeleniumDriver] [  845] - Test step:26
[INFO ][2016-01-05 13:07:04,844][com.java.SeleniumDriver] [  857] - Datavalue is----------dt:NewUserPswd
[INFO ][2016-01-05 13:07:04,844][com.java.SeleniumDriver] [  881] - DataField : TXTtxtPassword
[INFO ][2016-01-05 13:07:04,844][com.java.SeleniumDriver] [  883] - DataValue : dt:NewUserPswd
[INFO ][2016-01-05 13:07:04,844][com.java.SeleniumDriver] [  889] - <In Set values of the page>
[INFO ][2016-01-05 13:07:04,844][com.java.SeleniumDriver] [  892] - {Data Fields & Data Values Exist}
[INFO ][2016-01-05 13:07:04,844][com.java.SeleniumDriver] [  894] - --------------------------setting values-----------------------------
[INFO ][2016-01-05 13:07:04,844][com.java.SeleniumDriver] [  897] - Action Type : CLEARANDENTER
[INFO ][2016-01-05 13:07:04,844][com.java.TestType] [ 5705] - value = Password1*
[INFO ][2016-01-05 13:07:07,478][com.java.SeleniumDriver] [  906] -  RESULT true
[INFO ][2016-01-05 13:07:07,478][com.java.SeleniumDriver] [ 1112] - ?   P A S S   ?
[INFO ][2016-01-05 13:07:07,478][com.java.SeleniumDriver] [  832] - ------------------------------------------
[INFO ][2016-01-05 13:07:07,478][com.java.SeleniumDriver] [  833] - Test case being Executed: 2
[INFO ][2016-01-05 13:07:07,478][com.java.SeleniumDriver] [  845] - Test step:27
[INFO ][2016-01-05 13:07:07,478][com.java.SeleniumDriver] [  857] - Datavalue is----------5
[INFO ][2016-01-05 13:07:07,478][com.java.SeleniumDriver] [  881] - DataField : TXTtxtPasswordConfirm
[INFO ][2016-01-05 13:07:07,478][com.java.SeleniumDriver] [  883] - DataValue : 5
[INFO ][2016-01-05 13:07:07,478][com.java.SeleniumDriver] [  889] - <In Set values of the page>
[INFO ][2016-01-05 13:07:07,478][com.java.SeleniumDriver] [  892] - {Data Fields & Data Values Exist}
[INFO ][2016-01-05 13:07:07,478][com.java.SeleniumDriver] [  894] - --------------------------setting values-----------------------------
[INFO ][2016-01-05 13:07:07,478][com.java.SeleniumDriver] [  897] - Action Type : WaitForElement
[INFO ][2016-01-05 13:07:08,558][com.java.SeleniumDriver] [  906] -  RESULT true
[INFO ][2016-01-05 13:07:08,558][com.java.SeleniumDriver] [ 1112] - ?   P A S S   ?
[INFO ][2016-01-05 13:07:08,558][com.java.SeleniumDriver] [  832] - ------------------------------------------
[INFO ][2016-01-05 13:07:08,558][com.java.SeleniumDriver] [  833] - Test case being Executed: 2
[INFO ][2016-01-05 13:07:08,558][com.java.SeleniumDriver] [  845] - Test step:28
[INFO ][2016-01-05 13:07:08,558][com.java.SeleniumDriver] [  857] - Datavalue is----------dt:NewUserPswd
[INFO ][2016-01-05 13:07:08,558][com.java.SeleniumDriver] [  881] - DataField : TXTtxtPasswordConfirm
[INFO ][2016-01-05 13:07:08,558][com.java.SeleniumDriver] [  883] - DataValue : dt:NewUserPswd
[INFO ][2016-01-05 13:07:08,558][com.java.SeleniumDriver] [  889] - <In Set values of the page>
[INFO ][2016-01-05 13:07:08,558][com.java.SeleniumDriver] [  892] - {Data Fields & Data Values Exist}
[INFO ][2016-01-05 13:07:08,558][com.java.SeleniumDriver] [  894] - --------------------------setting values-----------------------------
[INFO ][2016-01-05 13:07:08,558][com.java.SeleniumDriver] [  897] - Action Type : CLEARANDENTER
[INFO ][2016-01-05 13:07:08,558][com.java.TestType] [ 5705] - value = Password1*
[INFO ][2016-01-05 13:07:11,183][com.java.SeleniumDriver] [  906] -  RESULT true
[INFO ][2016-01-05 13:07:11,183][com.java.SeleniumDriver] [ 1112] - ?   P A S S   ?
[INFO ][2016-01-05 13:07:11,183][com.java.SeleniumDriver] [  832] - ------------------------------------------
[INFO ][2016-01-05 13:07:11,183][com.java.SeleniumDriver] [  833] - Test case being Executed: 2
[INFO ][2016-01-05 13:07:11,183][com.java.SeleniumDriver] [  845] - Test step:29
[INFO ][2016-01-05 13:07:11,183][com.java.SeleniumDriver] [  857] - Datavalue is----------5
[INFO ][2016-01-05 13:07:11,183][com.java.SeleniumDriver] [  881] - DataField : test
[INFO ][2016-01-05 13:07:11,183][com.java.SeleniumDriver] [  883] - DataValue : 5
[INFO ][2016-01-05 13:07:11,183][com.java.SeleniumDriver] [  889] - <In Set values of the page>
[INFO ][2016-01-05 13:07:11,183][com.java.SeleniumDriver] [  892] - {Data Fields & Data Values Exist}
[INFO ][2016-01-05 13:07:11,183][com.java.SeleniumDriver] [  894] - --------------------------setting values-----------------------------
[INFO ][2016-01-05 13:07:11,183][com.java.SeleniumDriver] [  897] - Action Type : WaitTime
[DEBUG][2016-01-05 13:07:11,183][com.java.TestType] [ 5525] - sleepTime: 5000
[INFO ][2016-01-05 13:07:16,183][com.java.SeleniumDriver] [  906] -  RESULT true
[INFO ][2016-01-05 13:07:16,183][com.java.SeleniumDriver] [ 1112] - ?   P A S S   ?
[INFO ][2016-01-05 13:07:16,183][com.java.SeleniumDriver] [  832] - ------------------------------------------
[INFO ][2016-01-05 13:07:16,183][com.java.SeleniumDriver] [  833] - Test case being Executed: 2
[INFO ][2016-01-05 13:07:16,183][com.java.SeleniumDriver] [  845] - Test step:30
[INFO ][2016-01-05 13:07:16,183][com.java.SeleniumDriver] [  857] - Datavalue is----------null
[DEBUG][2016-01-05 13:07:16,183][com.java.SeleniumDriver] [  875] - Exception: null
[INFO ][2016-01-05 13:07:16,183][com.java.SeleniumDriver] [  881] - DataField : BTNparent
[INFO ][2016-01-05 13:07:16,183][com.java.SeleniumDriver] [  883] - DataValue : 
[INFO ][2016-01-05 13:07:16,183][com.java.SeleniumDriver] [  889] - <In Set values of the page>
[INFO ][2016-01-05 13:07:16,183][com.java.SeleniumDriver] [  892] - {Data Fields & Data Values Exist}
[INFO ][2016-01-05 13:07:16,183][com.java.SeleniumDriver] [  894] - --------------------------setting values-----------------------------
[INFO ][2016-01-05 13:07:16,183][com.java.SeleniumDriver] [  897] - Action Type : SelectFrame
[INFO ][2016-01-05 13:07:16,184][com.java.SeleniumDriver] [  906] -  RESULT true
[INFO ][2016-01-05 13:07:16,184][com.java.SeleniumDriver] [ 1112] - ?   P A S S   ?
[INFO ][2016-01-05 13:07:16,184][com.java.SeleniumDriver] [  832] - ------------------------------------------
[INFO ][2016-01-05 13:07:16,184][com.java.SeleniumDriver] [  833] - Test case being Executed: 2
[INFO ][2016-01-05 13:07:16,184][com.java.SeleniumDriver] [  845] - Test step:31
[INFO ][2016-01-05 13:07:16,184][com.java.SeleniumDriver] [  857] - Datavalue is----------null
[DEBUG][2016-01-05 13:07:16,184][com.java.SeleniumDriver] [  875] - Exception: null
[INFO ][2016-01-05 13:07:16,184][com.java.SeleniumDriver] [  881] - DataField : XPH//span[contains(text(), 'Finished')]
[INFO ][2016-01-05 13:07:16,184][com.java.SeleniumDriver] [  883] - DataValue : 
[INFO ][2016-01-05 13:07:16,184][com.java.SeleniumDriver] [  889] - <In Set values of the page>
[INFO ][2016-01-05 13:07:16,184][com.java.SeleniumDriver] [  892] - {Data Fields & Data Values Exist}
[INFO ][2016-01-05 13:07:16,184][com.java.SeleniumDriver] [  894] - --------------------------setting values-----------------------------
[INFO ][2016-01-05 13:07:16,184][com.java.SeleniumDriver] [  897] - Action Type : Click
[INFO ][2016-01-05 13:07:16,184][com.java.TestType] [ 6084] - Field ::XPH//span[contains(text(), 'Finished')]
[INFO ][2016-01-05 13:07:16,184][com.java.TestType] [ 5705] - value = 
[INFO ][2016-01-05 13:07:17,194][com.java.TestType] [ 6221] - BEFORE CLICK
[INFO ][2016-01-05 13:07:18,464][com.java.TestType] [ 6229] - Unable to click the object Finished button
[INFO ][2016-01-05 13:07:18,464][com.java.SeleniumDriver] [  906] -  RESULT true
[INFO ][2016-01-05 13:07:18,464][com.java.SeleniumDriver] [ 1112] - ?   P A S S   ?
[INFO ][2016-01-05 13:07:18,464][com.java.SeleniumDriver] [  832] - ------------------------------------------
[INFO ][2016-01-05 13:07:18,464][com.java.SeleniumDriver] [  833] - Test case being Executed: 2
[INFO ][2016-01-05 13:07:18,464][com.java.SeleniumDriver] [  845] - Test step:32
[INFO ][2016-01-05 13:07:18,464][com.java.SeleniumDriver] [  857] - Datavalue is----------5
[INFO ][2016-01-05 13:07:18,464][com.java.SeleniumDriver] [  881] - DataField : test
[INFO ][2016-01-05 13:07:18,464][com.java.SeleniumDriver] [  883] - DataValue : 5
[INFO ][2016-01-05 13:07:18,464][com.java.SeleniumDriver] [  889] - <In Set values of the page>
[INFO ][2016-01-05 13:07:18,464][com.java.SeleniumDriver] [  892] - {Data Fields & Data Values Exist}
[INFO ][2016-01-05 13:07:18,464][com.java.SeleniumDriver] [  894] - --------------------------setting values-----------------------------
[INFO ][2016-01-05 13:07:18,464][com.java.SeleniumDriver] [  897] - Action Type : WaitTime
[DEBUG][2016-01-05 13:07:18,464][com.java.TestType] [ 5525] - sleepTime: 5000
[INFO ][2016-01-05 13:07:23,465][com.java.SeleniumDriver] [  906] -  RESULT true
[INFO ][2016-01-05 13:07:23,465][com.java.SeleniumDriver] [ 1112] - ?   P A S S   ?
[INFO ][2016-01-05 13:07:23,465][com.java.SeleniumDriver] [  832] - ------------------------------------------
[INFO ][2016-01-05 13:07:23,465][com.java.SeleniumDriver] [  833] - Test case being Executed: 2
[INFO ][2016-01-05 13:07:23,465][com.java.SeleniumDriver] [  845] - Test step:33
[INFO ][2016-01-05 13:07:23,465][com.java.SeleniumDriver] [  857] - Datavalue is----------null
[DEBUG][2016-01-05 13:07:23,465][com.java.SeleniumDriver] [  875] - Exception: null
[INFO ][2016-01-05 13:07:23,465][com.java.SeleniumDriver] [  881] - DataField : BTNframeDialogContent
[INFO ][2016-01-05 13:07:23,465][com.java.SeleniumDriver] [  883] - DataValue : 
[INFO ][2016-01-05 13:07:23,465][com.java.SeleniumDriver] [  889] - <In Set values of the page>
[INFO ][2016-01-05 13:07:23,465][com.java.SeleniumDriver] [  892] - {Data Fields & Data Values Exist}
[INFO ][2016-01-05 13:07:23,465][com.java.SeleniumDriver] [  894] - --------------------------setting values-----------------------------
[INFO ][2016-01-05 13:07:23,465][com.java.SeleniumDriver] [  897] - Action Type : SelectFrame
[INFO ][2016-01-05 13:07:24,707][com.java.SeleniumDriver] [  906] -  RESULT true
[INFO ][2016-01-05 13:07:24,707][com.java.SeleniumDriver] [ 1112] - ?   P A S S   ?
[INFO ][2016-01-05 13:07:24,707][com.java.SeleniumDriver] [  832] - ------------------------------------------
[INFO ][2016-01-05 13:07:24,707][com.java.SeleniumDriver] [  833] - Test case being Executed: 2
[INFO ][2016-01-05 13:07:24,707][com.java.SeleniumDriver] [  845] - Test step:34
[INFO ][2016-01-05 13:07:24,707][com.java.SeleniumDriver] [  857] - Datavalue is----------null
[DEBUG][2016-01-05 13:07:24,707][com.java.SeleniumDriver] [  875] - Exception: null
[INFO ][2016-01-05 13:07:24,707][com.java.SeleniumDriver] [  881] - DataField : BTNchkGlobalPrivsUserAdmin
[INFO ][2016-01-05 13:07:24,707][com.java.SeleniumDriver] [  883] - DataValue : 
[INFO ][2016-01-05 13:07:24,707][com.java.SeleniumDriver] [  889] - <In Set values of the page>
[INFO ][2016-01-05 13:07:24,707][com.java.SeleniumDriver] [  892] - {Data Fields & Data Values Exist}
[INFO ][2016-01-05 13:07:24,707][com.java.SeleniumDriver] [  894] - --------------------------setting values-----------------------------
[INFO ][2016-01-05 13:07:24,707][com.java.SeleniumDriver] [  897] - Action Type : Click
[INFO ][2016-01-05 13:07:24,707][com.java.TestType] [ 6084] - Field ::BTNchkGlobalPrivsUserAdmin
[INFO ][2016-01-05 13:07:24,707][com.java.TestType] [ 5705] - value = 
[INFO ][2016-01-05 13:07:25,707][com.java.TestType] [ 6200] - BEFORE CLICK
[INFO ][2016-01-05 13:07:26,908][com.java.TestType] [ 6207] - Unable to click the object User Admin check box
[INFO ][2016-01-05 13:07:26,908][com.java.SeleniumDriver] [  906] -  RESULT true
[INFO ][2016-01-05 13:07:26,908][com.java.SeleniumDriver] [ 1112] - ?   P A S S   ?
[INFO ][2016-01-05 13:07:26,908][com.java.SeleniumDriver] [  832] - ------------------------------------------
[INFO ][2016-01-05 13:07:26,908][com.java.SeleniumDriver] [  833] - Test case being Executed: 2
[INFO ][2016-01-05 13:07:26,908][com.java.SeleniumDriver] [  845] - Test step:35
[INFO ][2016-01-05 13:07:26,908][com.java.SeleniumDriver] [  857] - Datavalue is----------index:1
[INFO ][2016-01-05 13:07:26,908][com.java.SeleniumDriver] [  881] - DataField : COBddlEntityAccess
[INFO ][2016-01-05 13:07:26,908][com.java.SeleniumDriver] [  883] - DataValue : index:1
[INFO ][2016-01-05 13:07:26,908][com.java.SeleniumDriver] [  889] - <In Set values of the page>
[INFO ][2016-01-05 13:07:26,908][com.java.SeleniumDriver] [  892] - {Data Fields & Data Values Exist}
[INFO ][2016-01-05 13:07:26,908][com.java.SeleniumDriver] [  894] - --------------------------setting values-----------------------------
[INFO ][2016-01-05 13:07:26,908][com.java.SeleniumDriver] [  897] - Action Type : select
[INFO ][2016-01-05 13:07:26,908][com.java.TestType] [ 5705] - value = 1
[INFO ][2016-01-05 13:07:28,049][com.java.TestType] [ 5823] -  In COB ddlEntityAccess : 1
[INFO ][2016-01-05 13:07:28,819][com.java.SeleniumDriver] [  906] -  RESULT true
[INFO ][2016-01-05 13:07:28,819][com.java.SeleniumDriver] [ 1112] - ?   P A S S   ?
[INFO ][2016-01-05 13:07:28,819][com.java.SeleniumDriver] [ 1154] - step change to 37
[INFO ][2016-01-05 13:07:28,819][com.java.SeleniumDriver] [  832] - ------------------------------------------
[INFO ][2016-01-05 13:07:28,819][com.java.SeleniumDriver] [  833] - Test case being Executed: 2
[INFO ][2016-01-05 13:07:28,819][com.java.SeleniumDriver] [  845] - Test step:37
[INFO ][2016-01-05 13:07:28,819][com.java.SeleniumDriver] [  857] - Datavalue is----------null
[DEBUG][2016-01-05 13:07:28,819][com.java.SeleniumDriver] [  875] - Exception: null
[INFO ][2016-01-05 13:07:28,819][com.java.SeleniumDriver] [  881] - DataField : BTNrdoEnableEntity_Enable
[INFO ][2016-01-05 13:07:28,819][com.java.SeleniumDriver] [  883] - DataValue : 
[INFO ][2016-01-05 13:07:28,819][com.java.SeleniumDriver] [  889] - <In Set values of the page>
[INFO ][2016-01-05 13:07:28,819][com.java.SeleniumDriver] [  892] - {Data Fields & Data Values Exist}
[INFO ][2016-01-05 13:07:28,819][com.java.SeleniumDriver] [  894] - --------------------------setting values-----------------------------
[INFO ][2016-01-05 13:07:28,819][com.java.SeleniumDriver] [  897] - Action Type : Click
[INFO ][2016-01-05 13:07:28,819][com.java.TestType] [ 6084] - Field ::BTNrdoEnableEntity_Enable
[INFO ][2016-01-05 13:07:28,819][com.java.TestType] [ 5705] - value = 
[INFO ][2016-01-05 13:07:29,819][com.java.TestType] [ 6200] - BEFORE CLICK
[INFO ][2016-01-05 13:07:31,000][com.java.TestType] [ 6207] - Unable to click the object Enable radio button
[INFO ][2016-01-05 13:07:31,000][com.java.SeleniumDriver] [  906] -  RESULT true
[INFO ][2016-01-05 13:07:31,000][com.java.SeleniumDriver] [ 1112] - ?   P A S S   ?
[INFO ][2016-01-05 13:07:31,000][com.java.SeleniumDriver] [  832] - ------------------------------------------
[INFO ][2016-01-05 13:07:31,000][com.java.SeleniumDriver] [  833] - Test case being Executed: 2
[INFO ][2016-01-05 13:07:31,000][com.java.SeleniumDriver] [  845] - Test step:38
[INFO ][2016-01-05 13:07:31,000][com.java.SeleniumDriver] [  857] - Datavalue is----------null
[DEBUG][2016-01-05 13:07:31,000][com.java.SeleniumDriver] [  875] - Exception: null
[INFO ][2016-01-05 13:07:31,000][com.java.SeleniumDriver] [  881] - DataField : BTNchkProfitCenterAll
[INFO ][2016-01-05 13:07:31,000][com.java.SeleniumDriver] [  883] - DataValue : 
[INFO ][2016-01-05 13:07:31,000][com.java.SeleniumDriver] [  889] - <In Set values of the page>
[INFO ][2016-01-05 13:07:31,000][com.java.SeleniumDriver] [  892] - {Data Fields & Data Values Exist}
[INFO ][2016-01-05 13:07:31,000][com.java.SeleniumDriver] [  894] - --------------------------setting values-----------------------------
[INFO ][2016-01-05 13:07:31,000][com.java.SeleniumDriver] [  897] - Action Type : Click
[INFO ][2016-01-05 13:07:31,000][com.java.TestType] [ 6084] - Field ::BTNchkProfitCenterAll
[INFO ][2016-01-05 13:07:31,000][com.java.TestType] [ 5705] - value = 
[INFO ][2016-01-05 13:07:32,000][com.java.TestType] [ 6200] - BEFORE CLICK
[INFO ][2016-01-05 13:07:33,181][com.java.TestType] [ 6207] - Unable to click the object All Check box
[INFO ][2016-01-05 13:07:33,181][com.java.SeleniumDriver] [  906] -  RESULT true
[INFO ][2016-01-05 13:07:33,181][com.java.SeleniumDriver] [ 1112] - ?   P A S S   ?
[INFO ][2016-01-05 13:07:33,181][com.java.SeleniumDriver] [  832] - ------------------------------------------
[INFO ][2016-01-05 13:07:33,181][com.java.SeleniumDriver] [  833] - Test case being Executed: 2
[INFO ][2016-01-05 13:07:33,181][com.java.SeleniumDriver] [  845] - Test step:39
[INFO ][2016-01-05 13:07:33,181][com.java.SeleniumDriver] [  857] - Datavalue is----------null
[DEBUG][2016-01-05 13:07:33,181][com.java.SeleniumDriver] [  875] - Exception: null
[INFO ][2016-01-05 13:07:33,181][com.java.SeleniumDriver] [  881] - DataField : BTNchkPrivsAccessGL
[INFO ][2016-01-05 13:07:33,181][com.java.SeleniumDriver] [  883] - DataValue : 
[INFO ][2016-01-05 13:07:33,181][com.java.SeleniumDriver] [  889] - <In Set values of the page>
[INFO ][2016-01-05 13:07:33,181][com.java.SeleniumDriver] [  892] - {Data Fields & Data Values Exist}
[INFO ][2016-01-05 13:07:33,181][com.java.SeleniumDriver] [  894] - --------------------------setting values-----------------------------
[INFO ][2016-01-05 13:07:33,181][com.java.SeleniumDriver] [  897] - Action Type : Click
[INFO ][2016-01-05 13:07:33,181][com.java.TestType] [ 6084] - Field ::BTNchkPrivsAccessGL
[INFO ][2016-01-05 13:07:33,181][com.java.TestType] [ 5705] - value = 
[INFO ][2016-01-05 13:07:34,181][com.java.TestType] [ 6200] - BEFORE CLICK
[INFO ][2016-01-05 13:07:35,352][com.java.TestType] [ 6207] - Unable to click the object GL check box
[INFO ][2016-01-05 13:07:35,352][com.java.SeleniumDriver] [  906] -  RESULT true
[INFO ][2016-01-05 13:07:35,352][com.java.SeleniumDriver] [ 1112] - ?   P A S S   ?
[INFO ][2016-01-05 13:07:35,352][com.java.SeleniumDriver] [  832] - ------------------------------------------
[INFO ][2016-01-05 13:07:35,352][com.java.SeleniumDriver] [  833] - Test case being Executed: 2
[INFO ][2016-01-05 13:07:35,352][com.java.SeleniumDriver] [  845] - Test step:40
[INFO ][2016-01-05 13:07:35,352][com.java.SeleniumDriver] [  857] - Datavalue is----------null
[DEBUG][2016-01-05 13:07:35,352][com.java.SeleniumDriver] [  875] - Exception: null
[INFO ][2016-01-05 13:07:35,352][com.java.SeleniumDriver] [  881] - DataField : BTNparent
[INFO ][2016-01-05 13:07:35,352][com.java.SeleniumDriver] [  883] - DataValue : 
[INFO ][2016-01-05 13:07:35,352][com.java.SeleniumDriver] [  889] - <In Set values of the page>
[INFO ][2016-01-05 13:07:35,352][com.java.SeleniumDriver] [  892] - {Data Fields & Data Values Exist}
[INFO ][2016-01-05 13:07:35,352][com.java.SeleniumDriver] [  894] - --------------------------setting values-----------------------------
[INFO ][2016-01-05 13:07:35,352][com.java.SeleniumDriver] [  897] - Action Type : SelectFrame
[INFO ][2016-01-05 13:07:35,362][com.java.SeleniumDriver] [  906] -  RESULT true
[INFO ][2016-01-05 13:07:35,362][com.java.SeleniumDriver] [ 1112] - ?   P A S S   ?
[INFO ][2016-01-05 13:07:35,362][com.java.SeleniumDriver] [  832] - ------------------------------------------
[INFO ][2016-01-05 13:07:35,362][com.java.SeleniumDriver] [  833] - Test case being Executed: 2
[INFO ][2016-01-05 13:07:35,362][com.java.SeleniumDriver] [  845] - Test step:41
[INFO ][2016-01-05 13:07:35,362][com.java.SeleniumDriver] [  857] - Datavalue is----------5
[INFO ][2016-01-05 13:07:35,362][com.java.SeleniumDriver] [  881] - DataField : test
[INFO ][2016-01-05 13:07:35,362][com.java.SeleniumDriver] [  883] - DataValue : 5
[INFO ][2016-01-05 13:07:35,362][com.java.SeleniumDriver] [  889] - <In Set values of the page>
[INFO ][2016-01-05 13:07:35,362][com.java.SeleniumDriver] [  892] - {Data Fields & Data Values Exist}
[INFO ][2016-01-05 13:07:35,362][com.java.SeleniumDriver] [  894] - --------------------------setting values-----------------------------
[INFO ][2016-01-05 13:07:35,362][com.java.SeleniumDriver] [  897] - Action Type : WaitTime
[DEBUG][2016-01-05 13:07:35,362][com.java.TestType] [ 5525] - sleepTime: 5000
[INFO ][2016-01-05 13:07:40,362][com.java.SeleniumDriver] [  906] -  RESULT true
[INFO ][2016-01-05 13:07:40,362][com.java.SeleniumDriver] [ 1112] - ?   P A S S   ?
[INFO ][2016-01-05 13:07:40,362][com.java.SeleniumDriver] [  832] - ------------------------------------------
[INFO ][2016-01-05 13:07:40,362][com.java.SeleniumDriver] [  833] - Test case being Executed: 2
[INFO ][2016-01-05 13:07:40,362][com.java.SeleniumDriver] [  845] - Test step:42
[INFO ][2016-01-05 13:07:40,362][com.java.SeleniumDriver] [  857] - Datavalue is----------null
[DEBUG][2016-01-05 13:07:40,362][com.java.SeleniumDriver] [  875] - Exception: null
[INFO ][2016-01-05 13:07:40,362][com.java.SeleniumDriver] [  881] - DataField : XPH//span[contains(text(), 'Finished')]
[INFO ][2016-01-05 13:07:40,362][com.java.SeleniumDriver] [  883] - DataValue : 
[INFO ][2016-01-05 13:07:40,362][com.java.SeleniumDriver] [  889] - <In Set values of the page>
[INFO ][2016-01-05 13:07:40,362][com.java.SeleniumDriver] [  892] - {Data Fields & Data Values Exist}
[INFO ][2016-01-05 13:07:40,362][com.java.SeleniumDriver] [  894] - --------------------------setting values-----------------------------
[INFO ][2016-01-05 13:07:40,362][com.java.SeleniumDriver] [  897] - Action Type : Click
[INFO ][2016-01-05 13:07:40,362][com.java.TestType] [ 6084] - Field ::XPH//span[contains(text(), 'Finished')]
[INFO ][2016-01-05 13:07:40,362][com.java.TestType] [ 5705] - value = 
[INFO ][2016-01-05 13:07:41,363][com.java.TestType] [ 6221] - BEFORE CLICK
[INFO ][2016-01-05 13:07:50,043][com.java.TestType] [ 6229] - Unable to click the object Finished button
[INFO ][2016-01-05 13:07:50,043][com.java.SeleniumDriver] [  906] -  RESULT true
[INFO ][2016-01-05 13:07:50,043][com.java.SeleniumDriver] [ 1112] - ?   P A S S   ?
[INFO ][2016-01-05 13:07:50,043][com.java.SeleniumDriver] [  832] - ------------------------------------------
[INFO ][2016-01-05 13:07:50,043][com.java.SeleniumDriver] [  833] - Test case being Executed: 2
[INFO ][2016-01-05 13:07:50,043][com.java.SeleniumDriver] [  845] - Test step:43
[INFO ][2016-01-05 13:07:50,043][com.java.SeleniumDriver] [  857] - Datavalue is----------5
[INFO ][2016-01-05 13:07:50,043][com.java.SeleniumDriver] [  881] - DataField : BTNframeDialogContent
[INFO ][2016-01-05 13:07:50,043][com.java.SeleniumDriver] [  883] - DataValue : 5
[INFO ][2016-01-05 13:07:50,043][com.java.SeleniumDriver] [  889] - <In Set values of the page>
[INFO ][2016-01-05 13:07:50,043][com.java.SeleniumDriver] [  892] - {Data Fields & Data Values Exist}
[INFO ][2016-01-05 13:07:50,043][com.java.SeleniumDriver] [  894] - --------------------------setting values-----------------------------
[INFO ][2016-01-05 13:07:50,043][com.java.SeleniumDriver] [  897] - Action Type : WaitForElement
[INFO ][2016-01-05 13:07:51,234][com.java.SeleniumDriver] [  906] -  RESULT true
[INFO ][2016-01-05 13:07:51,234][com.java.SeleniumDriver] [ 1112] - ?   P A S S   ?
[INFO ][2016-01-05 13:07:51,234][com.java.SeleniumDriver] [  832] - ------------------------------------------
[INFO ][2016-01-05 13:07:51,234][com.java.SeleniumDriver] [  833] - Test case being Executed: 2
[INFO ][2016-01-05 13:07:51,234][com.java.SeleniumDriver] [  845] - Test step:44
[INFO ][2016-01-05 13:07:51,234][com.java.SeleniumDriver] [  857] - Datavalue is----------null
[DEBUG][2016-01-05 13:07:51,234][com.java.SeleniumDriver] [  875] - Exception: null
[INFO ][2016-01-05 13:07:51,234][com.java.SeleniumDriver] [  881] - DataField : BTNframeDialogContent
[INFO ][2016-01-05 13:07:51,234][com.java.SeleniumDriver] [  883] - DataValue : 
[INFO ][2016-01-05 13:07:51,234][com.java.SeleniumDriver] [  889] - <In Set values of the page>
[INFO ][2016-01-05 13:07:51,234][com.java.SeleniumDriver] [  892] - {Data Fields & Data Values Exist}
[INFO ][2016-01-05 13:07:51,234][com.java.SeleniumDriver] [  894] - --------------------------setting values-----------------------------
[INFO ][2016-01-05 13:07:51,234][com.java.SeleniumDriver] [  897] - Action Type : SelectFrame
[INFO ][2016-01-05 13:07:52,456][com.java.SeleniumDriver] [  906] -  RESULT true
[INFO ][2016-01-05 13:07:52,456][com.java.SeleniumDriver] [ 1112] - ?   P A S S   ?
[INFO ][2016-01-05 13:07:52,456][com.java.SeleniumDriver] [  832] - ------------------------------------------
[INFO ][2016-01-05 13:07:52,456][com.java.SeleniumDriver] [  833] - Test case being Executed: 2
[INFO ][2016-01-05 13:07:52,456][com.java.SeleniumDriver] [  845] - Test step:45
[INFO ][2016-01-05 13:07:52,456][com.java.SeleniumDriver] [  857] - Datavalue is----------null
[DEBUG][2016-01-05 13:07:52,456][com.java.SeleniumDriver] [  875] - Exception: null
[INFO ][2016-01-05 13:07:52,456][com.java.SeleniumDriver] [  881] - DataField : XPH//table[@id="tblUserListing"]//td[contains(text(),'vltest.robot')]
[INFO ][2016-01-05 13:07:52,456][com.java.SeleniumDriver] [  883] - DataValue : 
[INFO ][2016-01-05 13:07:52,456][com.java.SeleniumDriver] [  889] - <In Set values of the page>
[INFO ][2016-01-05 13:07:52,456][com.java.SeleniumDriver] [  892] - {Data Fields & Data Values Exist}
[INFO ][2016-01-05 13:07:52,456][com.java.SeleniumDriver] [  894] - --------------------------setting values-----------------------------
[INFO ][2016-01-05 13:07:52,456][com.java.SeleniumDriver] [  897] - Action Type : WaitForElement
[INFO ][2016-01-05 13:07:52,486][com.java.SeleniumDriver] [  906] -  RESULT true
[INFO ][2016-01-05 13:07:52,486][com.java.SeleniumDriver] [ 1112] - ?   P A S S   ?
[INFO ][2016-01-05 13:07:52,486][com.java.SeleniumDriver] [  832] - ------------------------------------------
[INFO ][2016-01-05 13:07:52,486][com.java.SeleniumDriver] [  833] - Test case being Executed: 2
[INFO ][2016-01-05 13:07:52,486][com.java.SeleniumDriver] [  845] - Test step:46
[INFO ][2016-01-05 13:07:52,486][com.java.SeleniumDriver] [  857] - Datavalue is----------HMVGivenNewUserName
[INFO ][2016-01-05 13:07:52,486][com.java.SeleniumDriver] [  881] - DataField : USR
[INFO ][2016-01-05 13:07:52,486][com.java.SeleniumDriver] [  883] - DataValue : HMVGivenNewUserName
[INFO ][2016-01-05 13:07:52,486][com.java.SeleniumDriver] [  889] - <In Set values of the page>
[INFO ][2016-01-05 13:07:52,486][com.java.SeleniumDriver] [  892] - {Data Fields & Data Values Exist}
[INFO ][2016-01-05 13:07:52,486][com.java.SeleniumDriver] [  894] - --------------------------setting values-----------------------------
[INFO ][2016-01-05 13:07:52,486][com.java.SeleniumDriver] [  897] - Action Type : Verify
[INFO ][2016-01-05 13:07:52,486][com.java.TestType] [ 7081] - field= USR value= HMVGivenNewUserName
[INFO ][2016-01-05 13:07:52,486][com.java.TestType] [ 5705] - value = vltest.robot102579
[INFO ][2016-01-05 13:07:52,526][com.java.SeleniumDriver] [  906] -  RESULT true
[INFO ][2016-01-05 13:07:52,526][com.java.SeleniumDriver] [ 1112] - ?   P A S S   ?
[INFO ][2016-01-05 13:07:52,526][com.java.SeleniumDriver] [  832] - ------------------------------------------
[INFO ][2016-01-05 13:07:52,526][com.java.SeleniumDriver] [  833] - Test case being Executed: 2
[INFO ][2016-01-05 13:07:52,526][com.java.SeleniumDriver] [  845] - Test step:47
[INFO ][2016-01-05 13:07:52,526][com.java.SeleniumDriver] [  857] - Datavalue is----------GivenNewUserName::Login_username
[INFO ][2016-01-05 13:07:52,526][com.java.SeleniumDriver] [  881] - DataField : PVP//table[@id="tblUserListing"]//td[contains(text(),'mytext')]
[INFO ][2016-01-05 13:07:52,526][com.java.SeleniumDriver] [  883] - DataValue : GivenNewUserName::Login_username
[INFO ][2016-01-05 13:07:52,526][com.java.SeleniumDriver] [  889] - <In Set values of the page>
[INFO ][2016-01-05 13:07:52,526][com.java.SeleniumDriver] [  892] - {Data Fields & Data Values Exist}
[INFO ][2016-01-05 13:07:52,526][com.java.SeleniumDriver] [  894] - --------------------------setting values-----------------------------
[INFO ][2016-01-05 13:07:52,526][com.java.SeleniumDriver] [  897] - Action Type : STOREVALUE
[INFO ][2016-01-05 13:07:52,526][com.java.TestType] [ 8399] - field= PVP//table[@id="tblUserListing"]//td[contains(text(),'mytext')]
[DEBUG][2016-01-05 13:07:52,616][com.java.TestType] [ 8695] - Key:: GivenNewUserName::Login_username  Value:: vltest.robot102579.00058
[INFO ][2016-01-05 13:07:52,616][com.java.SeleniumDriver] [  906] -  RESULT true
[INFO ][2016-01-05 13:07:52,616][com.java.SeleniumDriver] [ 1112] - ?   P A S S   ?
[INFO ][2016-01-05 13:07:52,616][com.java.SeleniumDriver] [  832] - ------------------------------------------
[INFO ][2016-01-05 13:07:52,616][com.java.SeleniumDriver] [  833] - Test case being Executed: 2
[INFO ][2016-01-05 13:07:52,616][com.java.SeleniumDriver] [  845] - Test step:48
[INFO ][2016-01-05 13:07:52,616][com.java.SeleniumDriver] [  857] - Datavalue is----------null
[DEBUG][2016-01-05 13:07:52,616][com.java.SeleniumDriver] [  875] - Exception: null
[INFO ][2016-01-05 13:07:52,616][com.java.SeleniumDriver] [  881] - DataField : BTNparent
[INFO ][2016-01-05 13:07:52,616][com.java.SeleniumDriver] [  883] - DataValue : 
[INFO ][2016-01-05 13:07:52,616][com.java.SeleniumDriver] [  889] - <In Set values of the page>
[INFO ][2016-01-05 13:07:52,616][com.java.SeleniumDriver] [  892] - {Data Fields & Data Values Exist}
[INFO ][2016-01-05 13:07:52,616][com.java.SeleniumDriver] [  894] - --------------------------setting values-----------------------------
[INFO ][2016-01-05 13:07:52,616][com.java.SeleniumDriver] [  897] - Action Type : SelectFrame
[INFO ][2016-01-05 13:07:52,626][com.java.SeleniumDriver] [  906] -  RESULT true
[INFO ][2016-01-05 13:07:52,626][com.java.SeleniumDriver] [ 1112] - ?   P A S S   ?
[INFO ][2016-01-05 13:07:52,626][com.java.SeleniumDriver] [  832] - ------------------------------------------
[INFO ][2016-01-05 13:07:52,626][com.java.SeleniumDriver] [  833] - Test case being Executed: 2
[INFO ][2016-01-05 13:07:52,626][com.java.SeleniumDriver] [  845] - Test step:49
[INFO ][2016-01-05 13:07:52,626][com.java.SeleniumDriver] [  857] - Datavalue is----------null
[DEBUG][2016-01-05 13:07:52,626][com.java.SeleniumDriver] [  875] - Exception: null
[INFO ][2016-01-05 13:07:52,626][com.java.SeleniumDriver] [  881] - DataField : XPH//span[contains(text(), 'Finished')]
[INFO ][2016-01-05 13:07:52,626][com.java.SeleniumDriver] [  883] - DataValue : 
[INFO ][2016-01-05 13:07:52,626][com.java.SeleniumDriver] [  889] - <In Set values of the page>
[INFO ][2016-01-05 13:07:52,626][com.java.SeleniumDriver] [  892] - {Data Fields & Data Values Exist}
[INFO ][2016-01-05 13:07:52,626][com.java.SeleniumDriver] [  894] - --------------------------setting values-----------------------------
[INFO ][2016-01-05 13:07:52,626][com.java.SeleniumDriver] [  897] - Action Type : Click
[INFO ][2016-01-05 13:07:52,626][com.java.TestType] [ 6084] - Field ::XPH//span[contains(text(), 'Finished')]
[INFO ][2016-01-05 13:07:52,626][com.java.TestType] [ 5705] - value = 
[INFO ][2016-01-05 13:07:53,626][com.java.TestType] [ 6221] - BEFORE CLICK
[INFO ][2016-01-05 13:07:54,456][com.java.TestType] [ 6229] - Unable to click the object Finished button
[INFO ][2016-01-05 13:07:54,456][com.java.SeleniumDriver] [  906] -  RESULT true
[INFO ][2016-01-05 13:07:54,456][com.java.SeleniumDriver] [ 1112] - ?   P A S S   ?
[INFO ][2016-01-05 13:07:54,456][com.java.SeleniumDriver] [  832] - ------------------------------------------
[INFO ][2016-01-05 13:07:54,456][com.java.SeleniumDriver] [  833] - Test case being Executed: 2
[INFO ][2016-01-05 13:07:54,456][com.java.SeleniumDriver] [  845] - Test step:50
[INFO ][2016-01-05 13:07:54,456][com.java.SeleniumDriver] [  857] - Datavalue is----------3
[INFO ][2016-01-05 13:07:54,456][com.java.SeleniumDriver] [  881] - DataField : XPH//div[contains(text(), 'My Dashboard')]
[INFO ][2016-01-05 13:07:54,456][com.java.SeleniumDriver] [  883] - DataValue : 3
[INFO ][2016-01-05 13:07:54,456][com.java.SeleniumDriver] [  889] - <In Set values of the page>
[INFO ][2016-01-05 13:07:54,456][com.java.SeleniumDriver] [  892] - {Data Fields & Data Values Exist}
[INFO ][2016-01-05 13:07:54,456][com.java.SeleniumDriver] [  894] - --------------------------setting values-----------------------------
[INFO ][2016-01-05 13:07:54,456][com.java.SeleniumDriver] [  897] - Action Type : WAITFORELEMENT
[INFO ][2016-01-05 13:07:54,497][com.java.SeleniumDriver] [  906] -  RESULT true
[INFO ][2016-01-05 13:07:54,497][com.java.SeleniumDriver] [ 1112] - ?   P A S S   ?
[INFO ][2016-01-05 13:07:54,497][com.java.SeleniumDriver] [  832] - ------------------------------------------
[INFO ][2016-01-05 13:07:54,497][com.java.SeleniumDriver] [  833] - Test case being Executed: 2
[INFO ][2016-01-05 13:07:54,497][com.java.SeleniumDriver] [  845] - Test step:51
[INFO ][2016-01-05 13:07:54,497][com.java.SeleniumDriver] [  857] - Datavalue is----------Concept#3:1-2
[INFO ][2016-01-05 13:07:54,497][com.java.SeleniumDriver] [  881] - DataField : test
[INFO ][2016-01-05 13:07:54,497][com.java.SeleniumDriver] [  883] - DataValue : Concept#3:1-2
[INFO ][2016-01-05 13:07:54,497][com.java.SeleniumDriver] [  889] - <In Set values of the page>
[INFO ][2016-01-05 13:07:54,497][com.java.SeleniumDriver] [  892] - {Data Fields & Data Values Exist}
[INFO ][2016-01-05 13:07:54,497][com.java.SeleniumDriver] [  894] - --------------------------setting values-----------------------------
[INFO ][2016-01-05 13:07:54,497][com.java.SeleniumDriver] [  897] - Action Type : ExecuteTestCase
[INFO ][2016-01-05 13:07:54,497][com.java.TestType] [  437] - The Concept sheet name is ---------- Concept
[INFO ][2016-01-05 13:07:54,497][com.java.TestType] [  440] - The Concept ID  is ---------- 3
[DEBUG][2016-01-05 13:07:54,497][com.java.TestType] [  444] - Steps being executted in the Concept are: 1:2
[INFO ][2016-01-05 13:07:54,497][com.java.TestType] [  451] - Test data details path ---------- D:\BankersDashboard\TestInputs\TestData.xls
[INFO ][2016-01-05 13:07:54,517][com.java.TestType] [  482] -  str(1) = 3
[INFO ][2016-01-05 13:07:54,517][com.java.TestType] [  485] - Test case Id is---3
[INFO ][2016-01-05 13:07:54,517][com.java.TestType] [  487] - 3
[INFO ][2016-01-05 13:07:54,517][com.java.TestType] [  482] -  str(2) = 1
[INFO ][2016-01-05 13:07:54,527][com.java.TestType] [  482] -  str(1) = 3
[INFO ][2016-01-05 13:07:54,527][com.java.TestType] [  485] - Test case Id is---3
[INFO ][2016-01-05 13:07:54,527][com.java.TestType] [  487] - 3
[INFO ][2016-01-05 13:07:54,527][com.java.TestType] [  482] -  str(2) = 2
[INFO ][2016-01-05 13:07:54,527][com.java.TestType] [10614] - Looping 1TCID = 3
[DEBUG][2016-01-05 13:07:54,527][com.java.TestType] [10655] - Concept ID:3 :: Step being Executed: 3::1
[INFO ][2016-01-05 13:07:54,527][com.java.TestType] [10693] - dataFields : test
[DEBUG][2016-01-05 13:07:54,527][com.java.TestType] [10699] - <In Set values of the page>
[DEBUG][2016-01-05 13:07:54,527][com.java.TestType] [10704] - {Data Fields & Data Values Exist}
[INFO ][2016-01-05 13:07:54,527][com.java.TestType] [10710] - --------------------------setting values-----------------------------
[INFO ][2016-01-05 13:07:54,527][com.java.TestType] [10713] - Action Type : Logout
[INFO ][2016-01-05 13:07:56,727][com.java.TestType] [ 6084] - Field ::CNF
[INFO ][2016-01-05 13:07:56,727][com.java.TestType] [ 5705] - value = OK
[INFO ][2016-01-05 13:07:58,078][com.java.TestType] [ 6217] - Click the object confirmation
[INFO ][2016-01-05 13:07:58,078][com.java.TestType] [ 6218] - Unable to click the object confirmation
[DEBUG][2016-01-05 13:07:59,358][com.java.SeleniumDriver] [  426] - Hub ip address is-------172.17.68.34
[INFO ][2016-01-05 13:07:59,358][com.java.SeleniumDriver] [  452] - Grid URL:http://172.17.68.34:4444/wd/hub
[INFO ][2016-01-05 13:07:59,358][com.java.SeleniumDriver] [  453] - Capability:Capabilities [{platform=ANY, ensureCleanSession=true, ignoreProtectedModeSettings=true, acceptSslCerts=true, ignoreZoomSetting=true, browserName=internet explorer, browserstack.ie.noFlash=true, version=null}]
[ERROR][2016-01-05 13:08:00,369][com.java.SeleniumDriver] [  498] - Unable invoke browser in grid:Could not start a new session. Possible causes are invalid address of the remote server or browser start-up failure.
Build info: version: '2.48.2', revision: '41bccdd', time: '2015-10-09 19:59:12'
System info: host: 'FVTIII438F1D', ip: '172.17.68.34', os.name: 'Windows 7', os.arch: 'x86', os.version: '6.1', java.version: '1.7.0_55'
Driver info: driver.version: SeleniumDriver
[INFO ][2016-01-05 13:08:00,369][com.java.SeleniumDriver] [  500] - Executing on local machine
[INFO ][2016-01-05 13:08:10,934][com.java.TestType] [10732] -  RESULT true
[INFO ][2016-01-05 13:08:10,934][com.java.TestType] [10849] - ?   P A S S   ?
[DEBUG][2016-01-05 13:08:10,934][com.java.TestType] [10655] - Concept ID:3 :: Step being Executed: 3::2
[INFO ][2016-01-05 13:08:10,934][com.java.TestType] [10693] - dataFields : test
[DEBUG][2016-01-05 13:08:10,934][com.java.TestType] [10699] - <In Set values of the page>
[DEBUG][2016-01-05 13:08:10,934][com.java.TestType] [10704] - {Data Fields & Data Values Exist}
[INFO ][2016-01-05 13:08:10,934][com.java.TestType] [10710] - --------------------------setting values-----------------------------
[INFO ][2016-01-05 13:08:10,934][com.java.TestType] [10713] - Action Type : WaitTime
[DEBUG][2016-01-05 13:08:10,934][com.java.TestType] [ 5525] - sleepTime: 2000
[INFO ][2016-01-05 13:08:12,935][com.java.TestType] [10732] -  RESULT true
[INFO ][2016-01-05 13:08:12,935][com.java.TestType] [10849] - ?   P A S S   ?
[INFO ][2016-01-05 13:08:12,935][com.java.TestType] [10920] - Looping End......
[INFO ][2016-01-05 13:08:12,935][com.java.SeleniumDriver] [  906] -  RESULT true
[INFO ][2016-01-05 13:08:12,935][com.java.SeleniumDriver] [ 1112] - ?   P A S S   ?
[INFO ][2016-01-05 13:08:12,935][com.java.SeleniumDriver] [  832] - ------------------------------------------
[INFO ][2016-01-05 13:08:12,935][com.java.SeleniumDriver] [  833] - Test case being Executed: 2
[INFO ][2016-01-05 13:08:12,935][com.java.SeleniumDriver] [  845] - Test step:52
[INFO ][2016-01-05 13:08:12,935][com.java.SeleniumDriver] [  857] - Datavalue is----------dt:HTTPSURL
[INFO ][2016-01-05 13:08:12,935][com.java.SeleniumDriver] [  881] - DataField : test
[INFO ][2016-01-05 13:08:12,935][com.java.SeleniumDriver] [  883] - DataValue : dt:HTTPSURL
[INFO ][2016-01-05 13:08:12,935][com.java.SeleniumDriver] [  889] - <In Set values of the page>
[INFO ][2016-01-05 13:08:12,935][com.java.SeleniumDriver] [  892] - {Data Fields & Data Values Exist}
[INFO ][2016-01-05 13:08:12,935][com.java.SeleniumDriver] [  894] - --------------------------setting values-----------------------------
[INFO ][2016-01-05 13:08:12,935][com.java.SeleniumDriver] [  897] - Action Type : OpenURL
[INFO ][2016-01-05 13:08:12,935][com.java.TestType] [ 5705] - value = https://clients-xuat.bankersdashboard.com
[INFO ][2016-01-05 13:08:12,935][com.java.TestType] [  353] - Open URL : https://clients-xuat.bankersdashboard.com
[INFO ][2016-01-05 13:08:13,756][com.java.SeleniumDriver] [  906] -  RESULT true
[INFO ][2016-01-05 13:08:13,756][com.java.SeleniumDriver] [ 1112] - ?   P A S S   ?
[INFO ][2016-01-05 13:08:13,756][com.java.SeleniumDriver] [  832] - ------------------------------------------
[INFO ][2016-01-05 13:08:13,756][com.java.SeleniumDriver] [  833] - Test case being Executed: 2
[INFO ][2016-01-05 13:08:13,756][com.java.SeleniumDriver] [  845] - Test step:53
[INFO ][2016-01-05 13:08:13,756][com.java.SeleniumDriver] [  857] - Datavalue is----------HMVLogin_username
[INFO ][2016-01-05 13:08:13,756][com.java.SeleniumDriver] [  881] - DataField : TXTusername
[INFO ][2016-01-05 13:08:13,756][com.java.SeleniumDriver] [  883] - DataValue : HMVLogin_username
[INFO ][2016-01-05 13:08:13,756][com.java.SeleniumDriver] [  889] - <In Set values of the page>
[INFO ][2016-01-05 13:08:13,756][com.java.SeleniumDriver] [  892] - {Data Fields & Data Values Exist}
[INFO ][2016-01-05 13:08:13,756][com.java.SeleniumDriver] [  894] - --------------------------setting values-----------------------------
[INFO ][2016-01-05 13:08:13,756][com.java.SeleniumDriver] [  897] - Action Type : CLEARANDENTER
[INFO ][2016-01-05 13:08:13,756][com.java.TestType] [ 5705] - value = vltest.robot102579.00058
[INFO ][2016-01-05 13:08:18,470][com.java.SeleniumDriver] [  906] -  RESULT true
[INFO ][2016-01-05 13:08:18,470][com.java.SeleniumDriver] [ 1112] - ?   P A S S   ?
[INFO ][2016-01-05 13:08:18,470][com.java.SeleniumDriver] [  832] - ------------------------------------------
[INFO ][2016-01-05 13:08:18,470][com.java.SeleniumDriver] [  833] - Test case being Executed: 2
[INFO ][2016-01-05 13:08:18,470][com.java.SeleniumDriver] [  845] - Test step:54
[INFO ][2016-01-05 13:08:18,470][com.java.SeleniumDriver] [  857] - Datavalue is----------dt:NewUserPswd
[INFO ][2016-01-05 13:08:18,470][com.java.SeleniumDriver] [  881] - DataField : TXTpassword
[INFO ][2016-01-05 13:08:18,470][com.java.SeleniumDriver] [  883] - DataValue : dt:NewUserPswd
[INFO ][2016-01-05 13:08:18,470][com.java.SeleniumDriver] [  889] - <In Set values of the page>
[INFO ][2016-01-05 13:08:18,470][com.java.SeleniumDriver] [  892] - {Data Fields & Data Values Exist}
[INFO ][2016-01-05 13:08:18,470][com.java.SeleniumDriver] [  894] - --------------------------setting values-----------------------------
[INFO ][2016-01-05 13:08:18,470][com.java.SeleniumDriver] [  897] - Action Type : CLEARANDENTER
[INFO ][2016-01-05 13:08:18,470][com.java.TestType] [ 5705] - value = Password1*
[INFO ][2016-01-05 13:08:23,267][com.java.SeleniumDriver] [  906] -  RESULT true
[INFO ][2016-01-05 13:08:23,267][com.java.SeleniumDriver] [ 1112] - ?   P A S S   ?
[INFO ][2016-01-05 13:08:23,267][com.java.SeleniumDriver] [  832] - ------------------------------------------
[INFO ][2016-01-05 13:08:23,267][com.java.SeleniumDriver] [  833] - Test case being Executed: 2
[INFO ][2016-01-05 13:08:23,267][com.java.SeleniumDriver] [  845] - Test step:55
[INFO ][2016-01-05 13:08:23,267][com.java.SeleniumDriver] [  857] - Datavalue is----------null
[DEBUG][2016-01-05 13:08:23,267][com.java.SeleniumDriver] [  875] - Exception: null
[INFO ][2016-01-05 13:08:23,267][com.java.SeleniumDriver] [  881] - DataField : XPH//button[@type='submit']
[INFO ][2016-01-05 13:08:23,267][com.java.SeleniumDriver] [  883] - DataValue : 
[INFO ][2016-01-05 13:08:23,267][com.java.SeleniumDriver] [  889] - <In Set values of the page>
[INFO ][2016-01-05 13:08:23,267][com.java.SeleniumDriver] [  892] - {Data Fields & Data Values Exist}
[INFO ][2016-01-05 13:08:23,267][com.java.SeleniumDriver] [  894] - --------------------------setting values-----------------------------
[INFO ][2016-01-05 13:08:23,267][com.java.SeleniumDriver] [  897] - Action Type : Click
[INFO ][2016-01-05 13:08:23,267][com.java.TestType] [ 6084] - Field ::XPH//button[@type='submit']
[INFO ][2016-01-05 13:08:23,267][com.java.TestType] [ 5705] - value = 
[INFO ][2016-01-05 13:08:24,267][com.java.TestType] [ 6221] - BEFORE CLICK
[INFO ][2016-01-05 13:08:25,097][com.java.TestType] [ 6229] - Unable to click the object Login
[INFO ][2016-01-05 13:08:25,097][com.java.SeleniumDriver] [  906] -  RESULT true
[INFO ][2016-01-05 13:08:25,097][com.java.SeleniumDriver] [ 1112] - ?   P A S S   ?
[INFO ][2016-01-05 13:08:25,097][com.java.SeleniumDriver] [  832] - ------------------------------------------
[INFO ][2016-01-05 13:08:25,097][com.java.SeleniumDriver] [  833] - Test case being Executed: 2
[INFO ][2016-01-05 13:08:25,097][com.java.SeleniumDriver] [  845] - Test step:56
[INFO ][2016-01-05 13:08:25,097][com.java.SeleniumDriver] [  857] - Datavalue is----------Concept#1:4-16
[INFO ][2016-01-05 13:08:25,097][com.java.SeleniumDriver] [  881] - DataField : test
[INFO ][2016-01-05 13:08:25,097][com.java.SeleniumDriver] [  883] - DataValue : Concept#1:4-16
[INFO ][2016-01-05 13:08:25,097][com.java.SeleniumDriver] [  889] - <In Set values of the page>
[INFO ][2016-01-05 13:08:25,097][com.java.SeleniumDriver] [  892] - {Data Fields & Data Values Exist}
[INFO ][2016-01-05 13:08:25,097][com.java.SeleniumDriver] [  894] - --------------------------setting values-----------------------------
[INFO ][2016-01-05 13:08:25,097][com.java.SeleniumDriver] [  897] - Action Type : ExecuteTestCase
[INFO ][2016-01-05 13:08:25,097][com.java.TestType] [  437] - The Concept sheet name is ---------- Concept
[INFO ][2016-01-05 13:08:25,097][com.java.TestType] [  440] - The Concept ID  is ---------- 1
[DEBUG][2016-01-05 13:08:25,097][com.java.TestType] [  444] - Steps being executted in the Concept are: 4:16
[INFO ][2016-01-05 13:08:25,097][com.java.TestType] [  451] - Test data details path ---------- D:\BankersDashboard\TestInputs\TestData.xls
[INFO ][2016-01-05 13:08:25,117][com.java.TestType] [  482] -  str(1) = 1
[INFO ][2016-01-05 13:08:25,117][com.java.TestType] [  485] - Test case Id is---1
[INFO ][2016-01-05 13:08:25,117][com.java.TestType] [  487] - 1
[INFO ][2016-01-05 13:08:25,117][com.java.TestType] [  482] -  str(2) = 1
[INFO ][2016-01-05 13:08:25,127][com.java.TestType] [  482] -  str(1) = 1
[INFO ][2016-01-05 13:08:25,127][com.java.TestType] [  485] - Test case Id is---1
[INFO ][2016-01-05 13:08:25,127][com.java.TestType] [  487] - 1
[INFO ][2016-01-05 13:08:25,127][com.java.TestType] [  482] -  str(2) = 2
[INFO ][2016-01-05 13:08:25,127][com.java.TestType] [  482] -  str(1) = 1
[INFO ][2016-01-05 13:08:25,127][com.java.TestType] [  485] - Test case Id is---1
[INFO ][2016-01-05 13:08:25,127][com.java.TestType] [  487] - 1
[INFO ][2016-01-05 13:08:25,127][com.java.TestType] [  482] -  str(2) = 3
[INFO ][2016-01-05 13:08:25,127][com.java.TestType] [  482] -  str(1) = 1
[INFO ][2016-01-05 13:08:25,127][com.java.TestType] [  485] - Test case Id is---1
[INFO ][2016-01-05 13:08:25,127][com.java.TestType] [  487] - 1
[INFO ][2016-01-05 13:08:25,127][com.java.TestType] [  482] -  str(2) = 4
[INFO ][2016-01-05 13:08:25,127][com.java.TestType] [  482] -  str(1) = 1
[INFO ][2016-01-05 13:08:25,127][com.java.TestType] [  485] - Test case Id is---1
[INFO ][2016-01-05 13:08:25,127][com.java.TestType] [  487] - 1
[INFO ][2016-01-05 13:08:25,127][com.java.TestType] [  482] -  str(2) = 5
[INFO ][2016-01-05 13:08:25,127][com.java.TestType] [  482] -  str(1) = 1
[INFO ][2016-01-05 13:08:25,127][com.java.TestType] [  485] - Test case Id is---1
[INFO ][2016-01-05 13:08:25,127][com.java.TestType] [  487] - 1
[INFO ][2016-01-05 13:08:25,127][com.java.TestType] [  482] -  str(2) = 6
[INFO ][2016-01-05 13:08:25,127][com.java.TestType] [  482] -  str(1) = 1
[INFO ][2016-01-05 13:08:25,127][com.java.TestType] [  485] - Test case Id is---1
[INFO ][2016-01-05 13:08:25,127][com.java.TestType] [  487] - 1
[INFO ][2016-01-05 13:08:25,127][com.java.TestType] [  482] -  str(2) = 7
[INFO ][2016-01-05 13:08:25,127][com.java.TestType] [  482] -  str(1) = 1
[INFO ][2016-01-05 13:08:25,127][com.java.TestType] [  485] - Test case Id is---1
[INFO ][2016-01-05 13:08:25,127][com.java.TestType] [  487] - 1
[INFO ][2016-01-05 13:08:25,127][com.java.TestType] [  482] -  str(2) = 8
[INFO ][2016-01-05 13:08:25,127][com.java.TestType] [  482] -  str(1) = 1
[INFO ][2016-01-05 13:08:25,127][com.java.TestType] [  485] - Test case Id is---1
[INFO ][2016-01-05 13:08:25,127][com.java.TestType] [  487] - 1
[INFO ][2016-01-05 13:08:25,127][com.java.TestType] [  482] -  str(2) = 9
[INFO ][2016-01-05 13:08:25,127][com.java.TestType] [  482] -  str(1) = 1
[INFO ][2016-01-05 13:08:25,127][com.java.TestType] [  485] - Test case Id is---1
[INFO ][2016-01-05 13:08:25,127][com.java.TestType] [  487] - 1
[INFO ][2016-01-05 13:08:25,127][com.java.TestType] [  482] -  str(2) = 10
[INFO ][2016-01-05 13:08:25,127][com.java.TestType] [  482] -  str(1) = 1
[INFO ][2016-01-05 13:08:25,127][com.java.TestType] [  485] - Test case Id is---1
[INFO ][2016-01-05 13:08:25,127][com.java.TestType] [  487] - 1
[INFO ][2016-01-05 13:08:25,127][com.java.TestType] [  482] -  str(2) = 11
[INFO ][2016-01-05 13:08:25,127][com.java.TestType] [  482] -  str(1) = 1
[INFO ][2016-01-05 13:08:25,127][com.java.TestType] [  485] - Test case Id is---1
[INFO ][2016-01-05 13:08:25,127][com.java.TestType] [  487] - 1
[INFO ][2016-01-05 13:08:25,127][com.java.TestType] [  482] -  str(2) = 12
[INFO ][2016-01-05 13:08:25,127][com.java.TestType] [  482] -  str(1) = 1
[INFO ][2016-01-05 13:08:25,127][com.java.TestType] [  485] - Test case Id is---1
[INFO ][2016-01-05 13:08:25,127][com.java.TestType] [  487] - 1
[INFO ][2016-01-05 13:08:25,128][com.java.TestType] [  482] -  str(2) = 13
[INFO ][2016-01-05 13:08:25,128][com.java.TestType] [  482] -  str(1) = 1
[INFO ][2016-01-05 13:08:25,128][com.java.TestType] [  485] - Test case Id is---1
[INFO ][2016-01-05 13:08:25,128][com.java.TestType] [  487] - 1
[INFO ][2016-01-05 13:08:25,128][com.java.TestType] [  482] -  str(2) = 14
[INFO ][2016-01-05 13:08:25,128][com.java.TestType] [  482] -  str(1) = 1
[INFO ][2016-01-05 13:08:25,128][com.java.TestType] [  485] - Test case Id is---1
[INFO ][2016-01-05 13:08:25,128][com.java.TestType] [  487] - 1
[INFO ][2016-01-05 13:08:25,128][com.java.TestType] [  482] -  str(2) = 15
[INFO ][2016-01-05 13:08:25,128][com.java.TestType] [  482] -  str(1) = 1
[INFO ][2016-01-05 13:08:25,128][com.java.TestType] [  485] - Test case Id is---1
[INFO ][2016-01-05 13:08:25,128][com.java.TestType] [  487] - 1
[INFO ][2016-01-05 13:08:25,128][com.java.TestType] [  482] -  str(2) = 16
[INFO ][2016-01-05 13:08:25,128][com.java.TestType] [10614] - Looping 1TCID = 1
[DEBUG][2016-01-05 13:08:25,128][com.java.TestType] [10655] - Concept ID:1 :: Step being Executed: 1::4
[INFO ][2016-01-05 13:08:25,128][com.java.TestType] [10693] - dataFields : LNKLogout
[DEBUG][2016-01-05 13:08:25,128][com.java.TestType] [10699] - <In Set values of the page>
[DEBUG][2016-01-05 13:08:25,128][com.java.TestType] [10704] - {Data Fields & Data Values Exist}
[INFO ][2016-01-05 13:08:25,128][com.java.TestType] [10710] - --------------------------setting values-----------------------------
[INFO ][2016-01-05 13:08:25,128][com.java.TestType] [10713] - Action Type : WaitForElement
[DEBUG][2016-01-05 13:09:58,692][com.java.TestType] [ 6765] - link=Logout   :: Link not Found
[INFO ][2016-01-05 13:09:58,692][com.java.TestType] [10732] -  RESULT false
[INFO ][2016-01-05 13:09:58,692][com.java.TestType] [10770] - ?   F A I L   ?
[DEBUG][2016-01-05 13:09:58,692][com.java.TestType] [10773] - Browser Type : IE10
[DEBUG][2016-01-05 13:09:58,692][com.java.TestType] [10655] - Concept ID:1 :: Step being Executed: 1::5
[INFO ][2016-01-05 13:09:58,692][com.java.TestType] [10693] - dataFields : TTL
[DEBUG][2016-01-05 13:09:58,692][com.java.TestType] [10699] - <In Set values of the page>
[DEBUG][2016-01-05 13:09:58,692][com.java.TestType] [10704] - {Data Fields & Data Values Exist}
[INFO ][2016-01-05 13:09:58,692][com.java.TestType] [10710] - --------------------------setting values-----------------------------
[INFO ][2016-01-05 13:09:58,692][com.java.TestType] [10713] - Action Type : CLOSEWINDOW
[INFO ][2016-01-05 13:11:29,488][com.java.TestType] [10732] -  RESULT true
[INFO ][2016-01-05 13:11:29,488][com.java.TestType] [10849] - ?   P A S S   ?
[DEBUG][2016-01-05 13:11:29,488][com.java.TestType] [10655] - Concept ID:1 :: Step being Executed: 1::6
[INFO ][2016-01-05 13:11:29,488][com.java.TestType] [10693] - dataFields : LNKLogout
[DEBUG][2016-01-05 13:11:29,488][com.java.TestType] [10699] - <In Set values of the page>
[DEBUG][2016-01-05 13:11:29,488][com.java.TestType] [10704] - {Data Fields & Data Values Exist}
[INFO ][2016-01-05 13:11:29,488][com.java.TestType] [10710] - --------------------------setting values-----------------------------
[INFO ][2016-01-05 13:11:29,488][com.java.TestType] [10713] - Action Type : WaitTime
[DEBUG][2016-01-05 13:11:29,488][com.java.TestType] [ 5525] - sleepTime: 3000
[INFO ][2016-01-05 13:11:32,488][com.java.TestType] [10732] -  RESULT true
[INFO ][2016-01-05 13:11:32,488][com.java.TestType] [10849] - ?   P A S S   ?
[DEBUG][2016-01-05 13:11:32,488][com.java.TestType] [10655] - Concept ID:1 :: Step being Executed: 1::7
[INFO ][2016-01-05 13:11:32,488][com.java.TestType] [10693] - dataFields : TTL
[DEBUG][2016-01-05 13:11:32,488][com.java.TestType] [10699] - <In Set values of the page>
[DEBUG][2016-01-05 13:11:32,488][com.java.TestType] [10704] - {Data Fields & Data Values Exist}
[INFO ][2016-01-05 13:11:32,488][com.java.TestType] [10710] - --------------------------setting values-----------------------------
[INFO ][2016-01-05 13:11:32,488][com.java.TestType] [10713] - Action Type : SelectWindow
[INFO ][2016-01-05 13:11:44,920][com.java.TestType] [10732] -  RESULT true
[INFO ][2016-01-05 13:11:44,920][com.java.TestType] [10849] - ?   P A S S   ?
[DEBUG][2016-01-05 13:11:44,920][com.java.TestType] [10655] - Concept ID:1 :: Step being Executed: 1::8
[INFO ][2016-01-05 13:11:44,920][com.java.TestType] [10693] - dataFields : test
[DEBUG][2016-01-05 13:11:44,920][com.java.TestType] [10699] - <In Set values of the page>
[DEBUG][2016-01-05 13:11:44,920][com.java.TestType] [10704] - {Data Fields & Data Values Exist}
[INFO ][2016-01-05 13:11:44,920][com.java.TestType] [10710] - --------------------------setting values-----------------------------
[INFO ][2016-01-05 13:11:44,920][com.java.TestType] [10713] - Action Type : WaitTime
[DEBUG][2016-01-05 13:11:44,920][com.java.TestType] [ 5525] - sleepTime: 20000
[INFO ][2016-01-05 13:12:04,920][com.java.TestType] [10732] -  RESULT true
[INFO ][2016-01-05 13:12:04,920][com.java.TestType] [10849] - ?   P A S S   ?
[DEBUG][2016-01-05 13:12:04,920][com.java.TestType] [10655] - Concept ID:1 :: Step being Executed: 1::9
[ERROR][2016-01-05 13:12:04,920][com.java.TestType] [10688] - Exception: null
[INFO ][2016-01-05 13:12:04,920][com.java.TestType] [10693] - dataFields : //span[@class='icon-cog2']&&//a[@data-id="UserSettings"]
[DEBUG][2016-01-05 13:12:04,920][com.java.TestType] [10699] - <In Set values of the page>
[DEBUG][2016-01-05 13:12:04,920][com.java.TestType] [10704] - {Data Fields & Data Values Exist}
[INFO ][2016-01-05 13:12:04,920][com.java.TestType] [10710] - --------------------------setting values-----------------------------
[INFO ][2016-01-05 13:12:04,920][com.java.TestType] [10713] - Action Type : MouseOver
[INFO ][2016-01-05 13:12:27,860][com.java.TestType] [10732] -  RESULT true
[INFO ][2016-01-05 13:12:27,860][com.java.TestType] [10849] - ?   P A S S   ?
[DEBUG][2016-01-05 13:12:27,860][com.java.TestType] [10655] - Concept ID:1 :: Step being Executed: 1::10
[INFO ][2016-01-05 13:12:27,860][com.java.TestType] [10693] - dataFields : BTNframeDialogContent
[DEBUG][2016-01-05 13:12:27,860][com.java.TestType] [10699] - <In Set values of the page>
[DEBUG][2016-01-05 13:12:27,860][com.java.TestType] [10704] - {Data Fields & Data Values Exist}
[INFO ][2016-01-05 13:12:27,860][com.java.TestType] [10710] - --------------------------setting values-----------------------------
[INFO ][2016-01-05 13:12:27,860][com.java.TestType] [10713] - Action Type : WaitForElement
[INFO ][2016-01-05 13:12:29,031][com.java.TestType] [10732] -  RESULT true
[INFO ][2016-01-05 13:12:29,031][com.java.TestType] [10849] - ?   P A S S   ?
[DEBUG][2016-01-05 13:12:29,031][com.java.TestType] [10655] - Concept ID:1 :: Step being Executed: 1::11
[INFO ][2016-01-05 13:12:29,031][com.java.TestType] [10693] - dataFields : BTN
[DEBUG][2016-01-05 13:12:29,031][com.java.TestType] [10699] - <In Set values of the page>
[DEBUG][2016-01-05 13:12:29,031][com.java.TestType] [10704] - {Data Fields & Data Values Exist}
[INFO ][2016-01-05 13:12:29,031][com.java.TestType] [10710] - --------------------------setting values-----------------------------
[INFO ][2016-01-05 13:12:29,031][com.java.TestType] [10713] - Action Type : SELECTFRAMEBYNAME
[INFO ][2016-01-05 13:12:29,031][com.java.TestType] [ 5705] - value = frameDialogContent
[INFO ][2016-01-05 13:12:29,102][com.java.TestType] [10732] -  RESULT true
[INFO ][2016-01-05 13:12:29,102][com.java.TestType] [10849] - ?   P A S S   ?
[DEBUG][2016-01-05 13:12:29,102][com.java.TestType] [10655] - Concept ID:1 :: Step being Executed: 1::12
[INFO ][2016-01-05 13:12:29,102][com.java.TestType] [10693] - dataFields : SLBddlOpenBDInNewWindow
[DEBUG][2016-01-05 13:12:29,102][com.java.TestType] [10699] - <In Set values of the page>
[DEBUG][2016-01-05 13:12:29,102][com.java.TestType] [10704] - {Data Fields & Data Values Exist}
[INFO ][2016-01-05 13:12:29,102][com.java.TestType] [10710] - --------------------------setting values-----------------------------
[INFO ][2016-01-05 13:12:29,102][com.java.TestType] [10713] - Action Type : Select
[INFO ][2016-01-05 13:12:29,102][com.java.TestType] [ 5705] - value = No
[INFO ][2016-01-05 13:12:31,394][com.java.TestType] [10732] -  RESULT true
[INFO ][2016-01-05 13:12:31,394][com.java.TestType] [10849] - ?   P A S S   ?
[DEBUG][2016-01-05 13:12:31,394][com.java.TestType] [10655] - Concept ID:1 :: Step being Executed: 1::13
[ERROR][2016-01-05 13:12:31,394][com.java.TestType] [10688] - Exception: null
[INFO ][2016-01-05 13:12:31,394][com.java.TestType] [10693] - dataFields : BTNparent
[DEBUG][2016-01-05 13:12:31,394][com.java.TestType] [10699] - <In Set values of the page>
[DEBUG][2016-01-05 13:12:31,394][com.java.TestType] [10704] - {Data Fields & Data Values Exist}
[INFO ][2016-01-05 13:12:31,394][com.java.TestType] [10710] - --------------------------setting values-----------------------------
[INFO ][2016-01-05 13:12:31,394][com.java.TestType] [10713] - Action Type : SELECTFRAME
[INFO ][2016-01-05 13:12:31,404][com.java.TestType] [10732] -  RESULT true
[INFO ][2016-01-05 13:12:31,404][com.java.TestType] [10849] - ?   P A S S   ?
[DEBUG][2016-01-05 13:12:31,404][com.java.TestType] [10655] - Concept ID:1 :: Step being Executed: 1::14
[ERROR][2016-01-05 13:12:31,404][com.java.TestType] [10688] - Exception: null
[INFO ][2016-01-05 13:12:31,404][com.java.TestType] [10693] - dataFields : BTN//span[text()='Finished']
[DEBUG][2016-01-05 13:12:31,404][com.java.TestType] [10699] - <In Set values of the page>
[DEBUG][2016-01-05 13:12:31,404][com.java.TestType] [10704] - {Data Fields & Data Values Exist}
[INFO ][2016-01-05 13:12:31,404][com.java.TestType] [10710] - --------------------------setting values-----------------------------
[INFO ][2016-01-05 13:12:31,404][com.java.TestType] [10713] - Action Type : Click
[INFO ][2016-01-05 13:12:31,404][com.java.TestType] [ 6084] - Field ::BTN//span[text()='Finished']
[INFO ][2016-01-05 13:12:31,404][com.java.TestType] [ 5705] - value = 
[INFO ][2016-01-05 13:12:32,404][com.java.TestType] [ 6200] - BEFORE CLICK
[INFO ][2016-01-05 13:12:32,675][com.java.TestType] [ 6207] - Unable to click the object Finished button
[INFO ][2016-01-05 13:12:32,675][com.java.TestType] [10732] -  RESULT true
[INFO ][2016-01-05 13:12:32,675][com.java.TestType] [10849] - ?   P A S S   ?
[DEBUG][2016-01-05 13:12:32,675][com.java.TestType] [10655] - Concept ID:1 :: Step being Executed: 1::15
[INFO ][2016-01-05 13:12:32,675][com.java.TestType] [10693] - dataFields : LNK
[DEBUG][2016-01-05 13:12:32,675][com.java.TestType] [10699] - <In Set values of the page>
[DEBUG][2016-01-05 13:12:32,675][com.java.TestType] [10704] - {Data Fields & Data Values Exist}
[INFO ][2016-01-05 13:12:32,675][com.java.TestType] [10710] - --------------------------setting values-----------------------------
[INFO ][2016-01-05 13:12:32,675][com.java.TestType] [10713] - Action Type : Verify
[INFO ][2016-01-05 13:12:32,675][com.java.TestType] [ 7081] - field= LNK value= Logout
[INFO ][2016-01-05 13:12:32,675][com.java.TestType] [ 5705] - value = Logout
[INFO ][2016-01-05 13:12:32,715][com.java.TestType] [10732] -  RESULT true
[INFO ][2016-01-05 13:12:32,715][com.java.TestType] [10849] - ?   P A S S   ?
[DEBUG][2016-01-05 13:12:32,715][com.java.TestType] [10655] - Concept ID:1 :: Step being Executed: 1::16
[INFO ][2016-01-05 13:12:32,715][com.java.TestType] [10693] - dataFields : BTN
[DEBUG][2016-01-05 13:12:32,715][com.java.TestType] [10699] - <In Set values of the page>
[DEBUG][2016-01-05 13:12:32,715][com.java.TestType] [10704] - {Data Fields & Data Values Exist}
[INFO ][2016-01-05 13:12:32,715][com.java.TestType] [10710] - --------------------------setting values-----------------------------
[INFO ][2016-01-05 13:12:32,715][com.java.TestType] [10713] - Action Type : Verify
[INFO ][2016-01-05 13:12:32,715][com.java.TestType] [ 7081] - field= BTN value= //img[contains(@src,'bdlogo.jpg')]
[INFO ][2016-01-05 13:12:32,715][com.java.TestType] [ 5705] - value = //img[contains(@src,'bdlogo.jpg')]
[INFO ][2016-01-05 13:12:32,775][com.java.TestType] [10732] -  RESULT true
[INFO ][2016-01-05 13:12:32,775][com.java.TestType] [10849] - ?   P A S S   ?
[INFO ][2016-01-05 13:12:32,775][com.java.TestType] [10920] - Looping End......
[INFO ][2016-01-05 13:12:32,775][com.java.SeleniumDriver] [  906] -  RESULT true
[INFO ][2016-01-05 13:12:32,775][com.java.SeleniumDriver] [ 1112] - ?   P A S S   ?
[INFO ][2016-01-05 13:12:32,775][com.java.SeleniumDriver] [  832] - ------------------------------------------
[INFO ][2016-01-05 13:12:32,775][com.java.SeleniumDriver] [  833] - Test case being Executed: 2
[INFO ][2016-01-05 13:12:32,775][com.java.SeleniumDriver] [  845] - Test step:57
[INFO ][2016-01-05 13:12:32,775][com.java.SeleniumDriver] [  857] - Datavalue is----------10
[INFO ][2016-01-05 13:12:32,775][com.java.SeleniumDriver] [  881] - DataField : XPH//div[contains(text(), 'My Dashboard')]
[INFO ][2016-01-05 13:12:32,775][com.java.SeleniumDriver] [  883] - DataValue : 10
[INFO ][2016-01-05 13:12:32,775][com.java.SeleniumDriver] [  889] - <In Set values of the page>
[INFO ][2016-01-05 13:12:32,775][com.java.SeleniumDriver] [  892] - {Data Fields & Data Values Exist}
[INFO ][2016-01-05 13:12:32,775][com.java.SeleniumDriver] [  894] - --------------------------setting values-----------------------------
[INFO ][2016-01-05 13:12:32,775][com.java.SeleniumDriver] [  897] - Action Type : WAITFORELEMENT
[INFO ][2016-01-05 13:12:32,815][com.java.SeleniumDriver] [  906] -  RESULT true
[INFO ][2016-01-05 13:12:32,815][com.java.SeleniumDriver] [ 1112] - ?   P A S S   ?
[INFO ][2016-01-05 13:12:32,815][com.java.SeleniumDriver] [  832] - ------------------------------------------
[INFO ][2016-01-05 13:12:32,815][com.java.SeleniumDriver] [  833] - Test case being Executed: 2
[INFO ][2016-01-05 13:12:32,815][com.java.SeleniumDriver] [  845] - Test step:58
[INFO ][2016-01-05 13:12:32,815][com.java.SeleniumDriver] [  857] - Datavalue is----------My Dashboard
[INFO ][2016-01-05 13:12:32,815][com.java.SeleniumDriver] [  881] - DataField : XPH//div[contains(text(), 'My Dashboard')]
[INFO ][2016-01-05 13:12:32,815][com.java.SeleniumDriver] [  883] - DataValue : My Dashboard
[INFO ][2016-01-05 13:12:32,815][com.java.SeleniumDriver] [  889] - <In Set values of the page>
[INFO ][2016-01-05 13:12:32,815][com.java.SeleniumDriver] [  892] - {Data Fields & Data Values Exist}
[INFO ][2016-01-05 13:12:32,815][com.java.SeleniumDriver] [  894] - --------------------------setting values-----------------------------
[INFO ][2016-01-05 13:12:32,815][com.java.SeleniumDriver] [  897] - Action Type : VERIFY
[INFO ][2016-01-05 13:12:32,815][com.java.TestType] [ 7081] - field= XPH//div[contains(text(), 'My Dashboard')] value= My Dashboard
[INFO ][2016-01-05 13:12:32,815][com.java.TestType] [ 5705] - value = My Dashboard
[INFO ][2016-01-05 13:12:32,955][com.java.SeleniumDriver] [  906] -  RESULT true
[INFO ][2016-01-05 13:12:32,955][com.java.SeleniumDriver] [ 1112] - ?   P A S S   ?
[INFO ][2016-01-05 13:12:32,955][com.java.SeleniumDriver] [  832] - ------------------------------------------
[INFO ][2016-01-05 13:12:32,955][com.java.SeleniumDriver] [  833] - Test case being Executed: 2
[INFO ][2016-01-05 13:12:32,955][com.java.SeleniumDriver] [  845] - Test step:59
[INFO ][2016-01-05 13:12:32,955][com.java.SeleniumDriver] [  857] - Datavalue is----------Concept#3:1-2
[INFO ][2016-01-05 13:12:32,955][com.java.SeleniumDriver] [  881] - DataField : test
[INFO ][2016-01-05 13:12:32,955][com.java.SeleniumDriver] [  883] - DataValue : Concept#3:1-2
[INFO ][2016-01-05 13:12:32,955][com.java.SeleniumDriver] [  889] - <In Set values of the page>
[INFO ][2016-01-05 13:12:32,955][com.java.SeleniumDriver] [  892] - {Data Fields & Data Values Exist}
[INFO ][2016-01-05 13:12:32,955][com.java.SeleniumDriver] [  894] - --------------------------setting values-----------------------------
[INFO ][2016-01-05 13:12:32,955][com.java.SeleniumDriver] [  897] - Action Type : ExecuteTestCase
[INFO ][2016-01-05 13:12:32,955][com.java.TestType] [  437] - The Concept sheet name is ---------- Concept
[INFO ][2016-01-05 13:12:32,955][com.java.TestType] [  440] - The Concept ID  is ---------- 3
[DEBUG][2016-01-05 13:12:32,955][com.java.TestType] [  444] - Steps being executted in the Concept are: 1:2
[INFO ][2016-01-05 13:12:32,955][com.java.TestType] [  451] - Test data details path ---------- D:\BankersDashboard\TestInputs\TestData.xls
[INFO ][2016-01-05 13:12:32,985][com.java.TestType] [  482] -  str(1) = 3
[INFO ][2016-01-05 13:12:32,985][com.java.TestType] [  485] - Test case Id is---3
[INFO ][2016-01-05 13:12:32,985][com.java.TestType] [  487] - 3
[INFO ][2016-01-05 13:12:32,985][com.java.TestType] [  482] -  str(2) = 1
[INFO ][2016-01-05 13:12:32,985][com.java.TestType] [  482] -  str(1) = 3
[INFO ][2016-01-05 13:12:32,985][com.java.TestType] [  485] - Test case Id is---3
[INFO ][2016-01-05 13:12:32,985][com.java.TestType] [  487] - 3
[INFO ][2016-01-05 13:12:32,985][com.java.TestType] [  482] -  str(2) = 2
[INFO ][2016-01-05 13:12:32,985][com.java.TestType] [10614] - Looping 1TCID = 3
[DEBUG][2016-01-05 13:12:32,985][com.java.TestType] [10655] - Concept ID:3 :: Step being Executed: 3::1
[INFO ][2016-01-05 13:12:32,985][com.java.TestType] [10693] - dataFields : test
[DEBUG][2016-01-05 13:12:32,985][com.java.TestType] [10699] - <In Set values of the page>
[DEBUG][2016-01-05 13:12:32,985][com.java.TestType] [10704] - {Data Fields & Data Values Exist}
[INFO ][2016-01-05 13:12:32,985][com.java.TestType] [10710] - --------------------------setting values-----------------------------
[INFO ][2016-01-05 13:12:32,985][com.java.TestType] [10713] - Action Type : Logout
[INFO ][2016-01-05 13:12:35,747][com.java.TestType] [ 6084] - Field ::CNF
[INFO ][2016-01-05 13:12:35,747][com.java.TestType] [ 5705] - value = OK
[ERROR][2016-01-05 13:12:36,758][com.java.TestType] [ 6420] - Exception in click:: Unable to get browser (WARNING: The server did not provide any stacktrace information)
Command duration or timeout: 10 milliseconds
Build info: version: '2.48.2', revision: '41bccdd', time: '2015-10-09 19:59:12'
System info: host: 'FVTIII438F1D', ip: '172.17.68.34', os.name: 'Windows 7', os.arch: 'x86', os.version: '6.1', java.version: '1.7.0_55'
Session ID: 55fb63f4-2cce-44b8-8bd3-2a82b9deaf55
Driver info: org.openqa.selenium.ie.InternetExplorerDriver
Capabilities [{platform=WINDOWS, javascriptEnabled=true, elementScrollBehavior=0, ignoreZoomSetting=false, enablePersistentHover=true, ie.ensureCleanSession=false, browserName=internet explorer, enableElementCacheCleanup=true, unexpectedAlertBehaviour=dismiss, version=10, ie.usePerProcessProxy=false, ignoreProtectedModeSettings=true, cssSelectorsEnabled=true, requireWindowFocus=false, initialBrowserUrl=http://localhost:46492/, handlesAlerts=true, ie.forceCreateProcessApi=false, nativeEvents=true, browserAttachTimeout=0, ie.browserCommandLineSwitches=, takesScreenshot=true}]
[INFO ][2016-01-05 13:12:36,758][com.java.TestType] [ 6424] - Element :::: not found
[DEBUG][2016-01-05 13:12:37,878][com.java.SeleniumDriver] [  426] - Hub ip address is-------172.17.68.34
[INFO ][2016-01-05 13:12:37,878][com.java.SeleniumDriver] [  452] - Grid URL:http://172.17.68.34:4444/wd/hub
[INFO ][2016-01-05 13:12:37,878][com.java.SeleniumDriver] [  453] - Capability:Capabilities [{platform=ANY, ensureCleanSession=true, ignoreProtectedModeSettings=true, acceptSslCerts=true, ignoreZoomSetting=true, browserName=internet explorer, browserstack.ie.noFlash=true, version=null}]
[ERROR][2016-01-05 13:12:38,879][com.java.SeleniumDriver] [  498] - Unable invoke browser in grid:Could not start a new session. Possible causes are invalid address of the remote server or browser start-up failure.
Build info: version: '2.48.2', revision: '41bccdd', time: '2015-10-09 19:59:12'
System info: host: 'FVTIII438F1D', ip: '172.17.68.34', os.name: 'Windows 7', os.arch: 'x86', os.version: '6.1', java.version: '1.7.0_55'
Driver info: driver.version: SeleniumDriver
[INFO ][2016-01-05 13:12:38,879][com.java.SeleniumDriver] [  500] - Executing on local machine
[INFO ][2016-01-05 13:12:49,188][com.java.TestType] [10732] -  RESULT true
[INFO ][2016-01-05 13:12:49,188][com.java.TestType] [10849] - ?   P A S S   ?
[DEBUG][2016-01-05 13:12:49,188][com.java.TestType] [10655] - Concept ID:3 :: Step being Executed: 3::2
[INFO ][2016-01-05 13:12:49,188][com.java.TestType] [10693] - dataFields : test
[DEBUG][2016-01-05 13:12:49,188][com.java.TestType] [10699] - <In Set values of the page>
[DEBUG][2016-01-05 13:12:49,188][com.java.TestType] [10704] - {Data Fields & Data Values Exist}
[INFO ][2016-01-05 13:12:49,188][com.java.TestType] [10710] - --------------------------setting values-----------------------------
[INFO ][2016-01-05 13:12:49,188][com.java.TestType] [10713] - Action Type : WaitTime
[DEBUG][2016-01-05 13:12:49,188][com.java.TestType] [ 5525] - sleepTime: 2000
[INFO ][2016-01-05 13:12:51,189][com.java.TestType] [10732] -  RESULT true
[INFO ][2016-01-05 13:12:51,189][com.java.TestType] [10849] - ?   P A S S   ?
[INFO ][2016-01-05 13:12:51,189][com.java.TestType] [10920] - Looping End......
[INFO ][2016-01-05 13:12:51,189][com.java.SeleniumDriver] [  906] -  RESULT true
[INFO ][2016-01-05 13:12:51,189][com.java.SeleniumDriver] [ 1112] - ?   P A S S   ?
[INFO ][2016-01-05 13:12:51,189][com.java.SeleniumDriver] [  832] - ------------------------------------------
[INFO ][2016-01-05 13:12:51,189][com.java.SeleniumDriver] [  833] - Test case being Executed: 2
[INFO ][2016-01-05 13:12:51,189][com.java.SeleniumDriver] [  845] - Test step:60
[INFO ][2016-01-05 13:12:51,189][com.java.SeleniumDriver] [  857] - Datavalue is----------Concept#1:1-16
[INFO ][2016-01-05 13:12:51,189][com.java.SeleniumDriver] [  881] - DataField : test
[INFO ][2016-01-05 13:12:51,189][com.java.SeleniumDriver] [  883] - DataValue : Concept#1:1-16
[INFO ][2016-01-05 13:12:51,189][com.java.SeleniumDriver] [  889] - <In Set values of the page>
[INFO ][2016-01-05 13:12:51,189][com.java.SeleniumDriver] [  892] - {Data Fields & Data Values Exist}
[INFO ][2016-01-05 13:12:51,189][com.java.SeleniumDriver] [  894] - --------------------------setting values-----------------------------
[INFO ][2016-01-05 13:12:51,189][com.java.SeleniumDriver] [  897] - Action Type : ExecuteTestCase
[INFO ][2016-01-05 13:12:51,189][com.java.TestType] [  437] - The Concept sheet name is ---------- Concept
[INFO ][2016-01-05 13:12:51,189][com.java.TestType] [  440] - The Concept ID  is ---------- 1
[DEBUG][2016-01-05 13:12:51,189][com.java.TestType] [  444] - Steps being executted in the Concept are: 1:16
[INFO ][2016-01-05 13:12:51,189][com.java.TestType] [  451] - Test data details path ---------- D:\BankersDashboard\TestInputs\TestData.xls
[INFO ][2016-01-05 13:12:51,222][com.java.TestType] [  482] -  str(1) = 1
[INFO ][2016-01-05 13:12:51,222][com.java.TestType] [  485] - Test case Id is---1
[INFO ][2016-01-05 13:12:51,222][com.java.TestType] [  487] - 1
[INFO ][2016-01-05 13:12:51,222][com.java.TestType] [  482] -  str(2) = 1
[INFO ][2016-01-05 13:12:51,222][com.java.TestType] [  482] -  str(1) = 1
[INFO ][2016-01-05 13:12:51,222][com.java.TestType] [  485] - Test case Id is---1
[INFO ][2016-01-05 13:12:51,222][com.java.TestType] [  487] - 1
[INFO ][2016-01-05 13:12:51,222][com.java.TestType] [  482] -  str(2) = 2
[INFO ][2016-01-05 13:12:51,222][com.java.TestType] [  482] -  str(1) = 1
[INFO ][2016-01-05 13:12:51,222][com.java.TestType] [  485] - Test case Id is---1
[INFO ][2016-01-05 13:12:51,222][com.java.TestType] [  487] - 1
[INFO ][2016-01-05 13:12:51,222][com.java.TestType] [  482] -  str(2) = 3
[INFO ][2016-01-05 13:12:51,222][com.java.TestType] [  482] -  str(1) = 1
[INFO ][2016-01-05 13:12:51,222][com.java.TestType] [  485] - Test case Id is---1
[INFO ][2016-01-05 13:12:51,222][com.java.TestType] [  487] - 1
[INFO ][2016-01-05 13:12:51,222][com.java.TestType] [  482] -  str(2) = 4
[INFO ][2016-01-05 13:12:51,222][com.java.TestType] [  482] -  str(1) = 1
[INFO ][2016-01-05 13:12:51,222][com.java.TestType] [  485] - Test case Id is---1
[INFO ][2016-01-05 13:12:51,222][com.java.TestType] [  487] - 1
[INFO ][2016-01-05 13:12:51,222][com.java.TestType] [  482] -  str(2) = 5
[INFO ][2016-01-05 13:12:51,222][com.java.TestType] [  482] -  str(1) = 1
[INFO ][2016-01-05 13:12:51,222][com.java.TestType] [  485] - Test case Id is---1
[INFO ][2016-01-05 13:12:51,222][com.java.TestType] [  487] - 1
[INFO ][2016-01-05 13:12:51,222][com.java.TestType] [  482] -  str(2) = 6
[INFO ][2016-01-05 13:12:51,222][com.java.TestType] [  482] -  str(1) = 1
[INFO ][2016-01-05 13:12:51,222][com.java.TestType] [  485] - Test case Id is---1
[INFO ][2016-01-05 13:12:51,222][com.java.TestType] [  487] - 1
[INFO ][2016-01-05 13:12:51,222][com.java.TestType] [  482] -  str(2) = 7
[INFO ][2016-01-05 13:12:51,222][com.java.TestType] [  482] -  str(1) = 1
[INFO ][2016-01-05 13:12:51,222][com.java.TestType] [  485] - Test case Id is---1
[INFO ][2016-01-05 13:12:51,222][com.java.TestType] [  487] - 1
[INFO ][2016-01-05 13:12:51,222][com.java.TestType] [  482] -  str(2) = 8
[INFO ][2016-01-05 13:12:51,222][com.java.TestType] [  482] -  str(1) = 1
[INFO ][2016-01-05 13:12:51,222][com.java.TestType] [  485] - Test case Id is---1
[INFO ][2016-01-05 13:12:51,222][com.java.TestType] [  487] - 1
[INFO ][2016-01-05 13:12:51,222][com.java.TestType] [  482] -  str(2) = 9
[INFO ][2016-01-05 13:12:51,222][com.java.TestType] [  482] -  str(1) = 1
[INFO ][2016-01-05 13:12:51,222][com.java.TestType] [  485] - Test case Id is---1
[INFO ][2016-01-05 13:12:51,222][com.java.TestType] [  487] - 1
[INFO ][2016-01-05 13:12:51,222][com.java.TestType] [  482] -  str(2) = 10
[INFO ][2016-01-05 13:12:51,222][com.java.TestType] [  482] -  str(1) = 1
[INFO ][2016-01-05 13:12:51,222][com.java.TestType] [  485] - Test case Id is---1
[INFO ][2016-01-05 13:12:51,222][com.java.TestType] [  487] - 1
[INFO ][2016-01-05 13:12:51,222][com.java.TestType] [  482] -  str(2) = 11
[INFO ][2016-01-05 13:12:51,232][com.java.TestType] [  482] -  str(1) = 1
[INFO ][2016-01-05 13:12:51,232][com.java.TestType] [  485] - Test case Id is---1
[INFO ][2016-01-05 13:12:51,232][com.java.TestType] [  487] - 1
[INFO ][2016-01-05 13:12:51,232][com.java.TestType] [  482] -  str(2) = 12
[INFO ][2016-01-05 13:12:51,232][com.java.TestType] [  482] -  str(1) = 1
[INFO ][2016-01-05 13:12:51,232][com.java.TestType] [  485] - Test case Id is---1
[INFO ][2016-01-05 13:12:51,232][com.java.TestType] [  487] - 1
[INFO ][2016-01-05 13:12:51,232][com.java.TestType] [  482] -  str(2) = 13
[INFO ][2016-01-05 13:12:51,232][com.java.TestType] [  482] -  str(1) = 1
[INFO ][2016-01-05 13:12:51,232][com.java.TestType] [  485] - Test case Id is---1
[INFO ][2016-01-05 13:12:51,232][com.java.TestType] [  487] - 1
[INFO ][2016-01-05 13:12:51,232][com.java.TestType] [  482] -  str(2) = 14
[INFO ][2016-01-05 13:12:51,232][com.java.TestType] [  482] -  str(1) = 1
[INFO ][2016-01-05 13:12:51,232][com.java.TestType] [  485] - Test case Id is---1
[INFO ][2016-01-05 13:12:51,232][com.java.TestType] [  487] - 1
[INFO ][2016-01-05 13:12:51,232][com.java.TestType] [  482] -  str(2) = 15
[INFO ][2016-01-05 13:12:51,232][com.java.TestType] [  482] -  str(1) = 1
[INFO ][2016-01-05 13:12:51,232][com.java.TestType] [  485] - Test case Id is---1
[INFO ][2016-01-05 13:12:51,232][com.java.TestType] [  487] - 1
[INFO ][2016-01-05 13:12:51,232][com.java.TestType] [  482] -  str(2) = 16
[INFO ][2016-01-05 13:12:51,232][com.java.TestType] [10614] - Looping 1TCID = 1
[DEBUG][2016-01-05 13:12:51,232][com.java.TestType] [10655] - Concept ID:1 :: Step being Executed: 1::1
[INFO ][2016-01-05 13:12:51,232][com.java.TestType] [10693] - dataFields : TXTusername
[DEBUG][2016-01-05 13:12:51,232][com.java.TestType] [10699] - <In Set values of the page>
[DEBUG][2016-01-05 13:12:51,232][com.java.TestType] [10704] - {Data Fields & Data Values Exist}
[INFO ][2016-01-05 13:12:51,232][com.java.TestType] [10710] - --------------------------setting values-----------------------------
[INFO ][2016-01-05 13:12:51,232][com.java.TestType] [10713] - Action Type : CLEARANDENTER
[INFO ][2016-01-05 13:12:51,232][com.java.TestType] [ 5705] - value = valuelabs.ie10.00058
[INFO ][2016-01-05 13:12:55,924][com.java.TestType] [10732] -  RESULT true
[INFO ][2016-01-05 13:12:55,924][com.java.TestType] [10849] - ?   P A S S   ?
[DEBUG][2016-01-05 13:12:55,924][com.java.TestType] [10655] - Concept ID:1 :: Step being Executed: 1::2
[INFO ][2016-01-05 13:12:55,924][com.java.TestType] [10693] - dataFields : TXTpassword
[DEBUG][2016-01-05 13:12:55,924][com.java.TestType] [10699] - <In Set values of the page>
[DEBUG][2016-01-05 13:12:55,924][com.java.TestType] [10704] - {Data Fields & Data Values Exist}
[INFO ][2016-01-05 13:12:55,924][com.java.TestType] [10710] - --------------------------setting values-----------------------------
[INFO ][2016-01-05 13:12:55,924][com.java.TestType] [10713] - Action Type : CLEARANDENTER
[INFO ][2016-01-05 13:12:55,924][com.java.TestType] [ 5705] - value = Password1*
[INFO ][2016-01-05 13:13:00,731][com.java.TestType] [10732] -  RESULT true
[INFO ][2016-01-05 13:13:00,731][com.java.TestType] [10849] - ?   P A S S   ?
[DEBUG][2016-01-05 13:13:00,731][com.java.TestType] [10655] - Concept ID:1 :: Step being Executed: 1::3
[ERROR][2016-01-05 13:13:00,731][com.java.TestType] [10688] - Exception: null
[INFO ][2016-01-05 13:13:00,731][com.java.TestType] [10693] - dataFields : XPH//button[@type='submit']
[DEBUG][2016-01-05 13:13:00,731][com.java.TestType] [10699] - <In Set values of the page>
[DEBUG][2016-01-05 13:13:00,731][com.java.TestType] [10704] - {Data Fields & Data Values Exist}
[INFO ][2016-01-05 13:13:00,731][com.java.TestType] [10710] - --------------------------setting values-----------------------------
[INFO ][2016-01-05 13:13:00,731][com.java.TestType] [10713] - Action Type : Click
[INFO ][2016-01-05 13:13:00,731][com.java.TestType] [ 6084] - Field ::XPH//button[@type='submit']
[INFO ][2016-01-05 13:13:00,731][com.java.TestType] [ 5705] - value = 
[INFO ][2016-01-05 13:13:01,731][com.java.TestType] [ 6221] - BEFORE CLICK
[INFO ][2016-01-05 13:13:02,573][com.java.TestType] [ 6229] - Unable to click the object Login
[INFO ][2016-01-05 13:13:02,573][com.java.TestType] [10732] -  RESULT true
[INFO ][2016-01-05 13:13:02,573][com.java.TestType] [10849] - ?   P A S S   ?
[DEBUG][2016-01-05 13:13:02,573][com.java.TestType] [10655] - Concept ID:1 :: Step being Executed: 1::4
[INFO ][2016-01-05 13:13:02,573][com.java.TestType] [10693] - dataFields : LNKLogout
[DEBUG][2016-01-05 13:13:02,573][com.java.TestType] [10699] - <In Set values of the page>
[DEBUG][2016-01-05 13:13:02,573][com.java.TestType] [10704] - {Data Fields & Data Values Exist}
[INFO ][2016-01-05 13:13:02,573][com.java.TestType] [10710] - --------------------------setting values-----------------------------
[INFO ][2016-01-05 13:13:02,573][com.java.TestType] [10713] - Action Type : WaitForElement
[INFO ][2016-01-05 13:13:06,149][com.java.TestType] [10732] -  RESULT true
[INFO ][2016-01-05 13:13:06,149][com.java.TestType] [10849] - ?   P A S S   ?
[DEBUG][2016-01-05 13:13:06,149][com.java.TestType] [10655] - Concept ID:1 :: Step being Executed: 1::15
[INFO ][2016-01-05 13:13:06,149][com.java.TestType] [10693] - dataFields : LNK
[DEBUG][2016-01-05 13:13:06,149][com.java.TestType] [10699] - <In Set values of the page>
[DEBUG][2016-01-05 13:13:06,149][com.java.TestType] [10704] - {Data Fields & Data Values Exist}
[INFO ][2016-01-05 13:13:06,149][com.java.TestType] [10710] - --------------------------setting values-----------------------------
[INFO ][2016-01-05 13:13:06,149][com.java.TestType] [10713] - Action Type : Verify
[INFO ][2016-01-05 13:13:06,149][com.java.TestType] [ 7081] - field= LNK value= Logout
[INFO ][2016-01-05 13:13:06,149][com.java.TestType] [ 5705] - value = Logout
[INFO ][2016-01-05 13:13:06,180][com.java.TestType] [10732] -  RESULT true
[INFO ][2016-01-05 13:13:06,180][com.java.TestType] [10849] - ?   P A S S   ?
[DEBUG][2016-01-05 13:13:06,180][com.java.TestType] [10655] - Concept ID:1 :: Step being Executed: 1::16
[INFO ][2016-01-05 13:13:06,180][com.java.TestType] [10693] - dataFields : BTN
[DEBUG][2016-01-05 13:13:06,180][com.java.TestType] [10699] - <In Set values of the page>
[DEBUG][2016-01-05 13:13:06,180][com.java.TestType] [10704] - {Data Fields & Data Values Exist}
[INFO ][2016-01-05 13:13:06,180][com.java.TestType] [10710] - --------------------------setting values-----------------------------
[INFO ][2016-01-05 13:13:06,180][com.java.TestType] [10713] - Action Type : Verify
[INFO ][2016-01-05 13:13:06,180][com.java.TestType] [ 7081] - field= BTN value= //img[contains(@src,'bdlogo.jpg')]
[INFO ][2016-01-05 13:13:06,180][com.java.TestType] [ 5705] - value = //img[contains(@src,'bdlogo.jpg')]
[INFO ][2016-01-05 13:13:06,240][com.java.TestType] [10732] -  RESULT true
[INFO ][2016-01-05 13:13:06,240][com.java.TestType] [10849] - ?   P A S S   ?
[INFO ][2016-01-05 13:13:06,240][com.java.TestType] [10920] - Looping End......
[INFO ][2016-01-05 13:13:06,240][com.java.SeleniumDriver] [  906] -  RESULT true
[INFO ][2016-01-05 13:13:06,240][com.java.SeleniumDriver] [ 1112] - ?   P A S S   ?
[INFO ][2016-01-05 13:13:06,240][com.java.SeleniumDriver] [  832] - ------------------------------------------
[INFO ][2016-01-05 13:13:06,240][com.java.SeleniumDriver] [  833] - Test case being Executed: 2
[INFO ][2016-01-05 13:13:06,240][com.java.SeleniumDriver] [  845] - Test step:61
[INFO ][2016-01-05 13:13:06,240][com.java.SeleniumDriver] [  857] - Datavalue is----------90
[INFO ][2016-01-05 13:13:06,240][com.java.SeleniumDriver] [  881] - DataField : XPH//div[@id='divDialogLoading']//img 
[INFO ][2016-01-05 13:13:06,240][com.java.SeleniumDriver] [  883] - DataValue : 90
[INFO ][2016-01-05 13:13:06,240][com.java.SeleniumDriver] [  889] - <In Set values of the page>
[INFO ][2016-01-05 13:13:06,240][com.java.SeleniumDriver] [  892] - {Data Fields & Data Values Exist}
[INFO ][2016-01-05 13:13:06,240][com.java.SeleniumDriver] [  894] - --------------------------setting values-----------------------------
[INFO ][2016-01-05 13:13:06,240][com.java.SeleniumDriver] [  897] - Action Type : WAITFORELEMENTNOTPRESENT
[INFO ][2016-01-05 13:13:06,340][com.java.SeleniumDriver] [  906] -  RESULT true
[INFO ][2016-01-05 13:13:06,340][com.java.SeleniumDriver] [ 1112] - ?   P A S S   ?
[INFO ][2016-01-05 13:13:06,340][com.java.SeleniumDriver] [  832] - ------------------------------------------
[INFO ][2016-01-05 13:13:06,340][com.java.SeleniumDriver] [  833] - Test case being Executed: 2
[INFO ][2016-01-05 13:13:06,340][com.java.SeleniumDriver] [  845] - Test step:62
[INFO ][2016-01-05 13:13:06,340][com.java.SeleniumDriver] [  857] - Datavalue is----------2
[INFO ][2016-01-05 13:13:06,340][com.java.SeleniumDriver] [  881] - DataField : BTNframeDialogContent
[INFO ][2016-01-05 13:13:06,340][com.java.SeleniumDriver] [  883] - DataValue : 2
[INFO ][2016-01-05 13:13:06,340][com.java.SeleniumDriver] [  889] - <In Set values of the page>
[INFO ][2016-01-05 13:13:06,340][com.java.SeleniumDriver] [  892] - {Data Fields & Data Values Exist}
[INFO ][2016-01-05 13:13:06,340][com.java.SeleniumDriver] [  894] - --------------------------setting values-----------------------------
[INFO ][2016-01-05 13:13:06,340][com.java.SeleniumDriver] [  897] - Action Type : WaitForElement
[INFO ][2016-01-05 13:13:07,757][com.java.SeleniumDriver] [  906] -  RESULT true
[INFO ][2016-01-05 13:13:07,757][com.java.SeleniumDriver] [ 1112] - ?   P A S S   ?
[INFO ][2016-01-05 13:13:07,757][com.java.SeleniumDriver] [  832] - ------------------------------------------
[INFO ][2016-01-05 13:13:07,757][com.java.SeleniumDriver] [  833] - Test case being Executed: 2
[INFO ][2016-01-05 13:13:07,757][com.java.SeleniumDriver] [  845] - Test step:63
[INFO ][2016-01-05 13:13:07,757][com.java.SeleniumDriver] [  857] - Datavalue is----------null
[DEBUG][2016-01-05 13:13:07,757][com.java.SeleniumDriver] [  875] - Exception: null
[INFO ][2016-01-05 13:13:07,757][com.java.SeleniumDriver] [  881] - DataField : BTNframeDialogContent
[INFO ][2016-01-05 13:13:07,757][com.java.SeleniumDriver] [  883] - DataValue : 
[INFO ][2016-01-05 13:13:07,757][com.java.SeleniumDriver] [  889] - <In Set values of the page>
[INFO ][2016-01-05 13:13:07,757][com.java.SeleniumDriver] [  892] - {Data Fields & Data Values Exist}
[INFO ][2016-01-05 13:13:07,757][com.java.SeleniumDriver] [  894] - --------------------------setting values-----------------------------
[INFO ][2016-01-05 13:13:07,757][com.java.SeleniumDriver] [  897] - Action Type : SelectFrame
[INFO ][2016-01-05 13:13:09,227][com.java.SeleniumDriver] [  906] -  RESULT true
[INFO ][2016-01-05 13:13:09,227][com.java.SeleniumDriver] [ 1112] - ?   P A S S   ?
[INFO ][2016-01-05 13:13:09,227][com.java.SeleniumDriver] [  832] - ------------------------------------------
[INFO ][2016-01-05 13:13:09,227][com.java.SeleniumDriver] [  833] - Test case being Executed: 2
[INFO ][2016-01-05 13:13:09,227][com.java.SeleniumDriver] [  845] - Test step:64
[INFO ][2016-01-05 13:13:09,227][com.java.SeleniumDriver] [  857] - Datavalue is----------HMVGivenNewUserName
[INFO ][2016-01-05 13:13:09,227][com.java.SeleniumDriver] [  881] - DataField : MNC//div[@id="divUserListing"]//td[contains(text(),'mytext')]/preceding::td[1]
[INFO ][2016-01-05 13:13:09,227][com.java.SeleniumDriver] [  883] - DataValue : HMVGivenNewUserName
[INFO ][2016-01-05 13:13:09,227][com.java.SeleniumDriver] [  889] - <In Set values of the page>
[INFO ][2016-01-05 13:13:09,227][com.java.SeleniumDriver] [  892] - {Data Fields & Data Values Exist}
[INFO ][2016-01-05 13:13:09,227][com.java.SeleniumDriver] [  894] - --------------------------setting values-----------------------------
[INFO ][2016-01-05 13:13:09,227][com.java.SeleniumDriver] [  897] - Action Type : Click
[INFO ][2016-01-05 13:13:09,227][com.java.TestType] [ 6084] - Field ::MNC//div[@id="divUserListing"]//td[contains(text(),'mytext')]/preceding::td[1]
[INFO ][2016-01-05 13:13:09,227][com.java.TestType] [ 5705] - value = vltest.robot102579
[ERROR][2016-01-05 13:13:10,227][com.java.TestType] [ 6401] - Exception in MNC click: null
[INFO ][2016-01-05 13:13:10,227][com.java.SeleniumDriver] [  906] -  RESULT false
[INFO ][2016-01-05 13:13:10,227][com.java.SeleniumDriver] [  953] - ?   F A I L   ?
[INFO ][2016-01-05 13:13:10,227][com.java.SeleniumDriver] [  961] - Browser Type : IE10
[INFO ][2016-01-05 13:13:10,227][com.java.SeleniumDriver] [  962] - Adding Failed case2
[INFO ][2016-01-05 13:13:21,158][com.java.SeleniumDriver] [ 1076] - failedCases = 2
[ERROR][2016-01-05 13:13:21,158][com.java.SeleniumDriver] [ 1575] - Platform Errors : Our apologies...::We have encountered an issue with your request.::Our apologies?:We encountered an issue with your request.
[INFO ][2016-01-05 13:13:21,158][com.java.SeleniumDriver] [ 1579] - Length =3
[ERROR][2016-01-05 13:13:21,158][com.java.SeleniumDriver] [ 1582] - Error 0 = Our apologies...
[ERROR][2016-01-05 13:13:21,199][com.java.SeleniumDriver] [ 1582] - Error 1 = We have encountered an issue with your request.
[ERROR][2016-01-05 13:13:21,209][com.java.SeleniumDriver] [ 1582] - Error 2 = Our apologies?:We encountered an issue with your request.
[INFO ][2016-01-05 13:13:21,219][com.java.SeleniumDriver] [ 1593] - strError:
[DEBUG][2016-01-05 13:13:21,229][com.java.SeleniumDriver] [ 1224] - Case found
[DEBUG][2016-01-05 13:13:21,229][com.java.SeleniumDriver] [ 1229] - Incrementing ReportCounters[0]:2
[INFO ][2016-01-05 13:13:21,229][com.java.SeleniumDriver] [ 1248] - The results are-------------------[2, 64, Admin: Users: Manage Users: Reset User Password, Fail, 
Test case failed at Step No. :: 64   Error Message ::  Unable to click on the elemnt using MNC: null. Screen Shot : D:\BankersDashboard\TestReports\010516\2_010516_131310_IE10.png, Tue Jan 05 13:13:21 IST 2016]
[INFO ][2016-01-05 13:13:21,229][com.java.SeleniumDriver] [ 1252] - End time is-------8 min 26 sec
[INFO ][2016-01-05 13:13:21,229][com.java.SeleniumDriver] [ 1253] - The results are-------------------[2, 64, Admin: Users: Manage Users: Reset User Password, Fail, 
Test case failed at Step No. :: 64   Error Message ::  Unable to click on the elemnt using MNC: null. Screen Shot : D:\BankersDashboard\TestReports\010516\2_010516_131310_IE10.png, Tue Jan 05 13:13:21 IST 2016]
[DEBUG][2016-01-05 13:13:21,229][com.java.ImportnExport.ExportTestResultsExcel] [  222] - testResultPath = D:\BankersDashboard/TestReports/Test Results_BankersDashBoard_010516_130457_IE10_United Bank.xls
[DEBUG][2016-01-05 13:13:21,229][com.java.ImportnExport.ExportTestResultsExcel] [  223] - browser is------------IE10
[DEBUG][2016-01-05 13:13:21,229][com.java.ImportnExport.ExportTestResultsExcel] [  270] - result.size() = 6
[DEBUG][2016-01-05 13:13:21,229][com.java.ImportnExport.ExportTestResultsExcel] [  274] - No of rows in sheet=2
[DEBUG][2016-01-05 13:13:21,229][com.java.ImportnExport.ExportTestResultsExcel] [  301] - ..in export..2
[DEBUG][2016-01-05 13:13:21,229][com.java.ImportnExport.ExportTestResultsExcel] [  301] - ..in export..Admin: Users: Manage Users: Reset User Password
[DEBUG][2016-01-05 13:13:21,229][com.java.ImportnExport.ExportTestResultsExcel] [  301] - ..in export..Fail
[DEBUG][2016-01-05 13:13:21,229][com.java.ImportnExport.ExportTestResultsExcel] [  301] - ..in export..
Test case failed at Step No. :: 64   Error Message ::  Unable to click on the elemnt using MNC: null. Screen Shot : D:\BankersDashboard\TestReports\010516\2_010516_131310_IE10.png
[DEBUG][2016-01-05 13:13:21,229][com.java.ImportnExport.ExportTestResultsExcel] [  301] - ..in export..Tue Jan 05 13:13:21 IST 2016
[INFO ][2016-01-05 13:13:21,229][com.java.SeleniumDriver] [ 1313] - out loop:1 size:2 TestCases:[1, 2] testcases:[1, 2]
[INFO ][2016-01-05 13:13:23,229][com.java.SeleniumDriver] [ 1356] - Total Number of Cases:2
[INFO ][2016-01-05 13:13:23,229][com.java.TemplateGenerator] [  302] - Executed:2
[INFO ][2016-01-05 13:13:23,229][com.java.TemplateGenerator] [  303] - Passed:1
[INFO ][2016-01-05 13:13:23,229][com.java.TemplateGenerator] [  304] - Failed:1
[INFO ][2016-01-05 13:13:23,229][com.java.TemplateGenerator] [  305] - Skipeed:0
[INFO ][2016-01-05 13:13:23,229][com.java.TemplateGenerator] [  306] - Application URL:https://clients-xuat.bankersdashboard.com
[INFO ][2016-01-05 13:13:23,229][com.java.TemplateGenerator] [  307] - Start Time:010516_130457
[INFO ][2016-01-05 13:13:23,229][com.java.TemplateGenerator] [  308] -  Creating HTML Report 
[ERROR][2016-01-05 13:13:23,229][com.java.TemplateGenerator] [  409] - Unparseable date: "Tue Jan 05 01:04:57 IST 2016"
[INFO ][2016-01-05 13:13:23,229][com.java.TemplateGenerator] [  654] -  Exporting case :: 1
[INFO ][2016-01-05 13:13:23,229][com.java.TemplateGenerator] [  654] -  Exporting case :: 2
[INFO ][2016-01-05 13:13:23,229][com.java.SeleniumDriver] [ 1405] - End Time:010516_131323
[INFO ][2016-01-05 13:13:23,229][com.java.SeleniumDriver] [ 1408] - Data in Test Execution Details:{1=PASS, 2=FAILTest case failed at Step No. :: 64   Error Message ::  Unable to click on the elemnt using MNC: null}
[INFO ][2016-01-05 13:13:23,229][com.java.SeleniumDriver] [ 1409] - Data in Failed Execution Deatils:{}
[INFO ][2016-01-05 13:13:23,229][com.java.SeleniumDriver] [ 1411] - ReportCounter:Total:2 :: PASS: 1 ::FAIL: 1
[INFO ][2016-01-05 13:13:23,229][com.java.SeleniumDriver] [ 1412] - FailedReportCounter:Total:0 :: PASS: 0 ::FAIL: 0
[INFO ][2016-01-05 13:13:23,230][com.java.EmailTestReport] [   63] - Sending report mail details:
[INFO ][2016-01-05 13:13:23,230][com.java.EmailTestReport] [   80] - Excel Report Path:D:\BankersDashboard/TestReports/Test Results_BankersDashBoard_010516_130457_IE10_United Bank.xls
[INFO ][2016-01-05 13:13:23,230][com.java.EmailTestReport] [   81] - HTML Report Path:D:\BankersDashboard//TestReports//Test Results_BankersDashBoard_010516_130457_IE10_United Bank.html
[INFO ][2016-01-05 13:13:23,230][com.java.EmailTestReport] [   82] - smtpHostName:mail01.valuelabs.com
[INFO ][2016-01-05 13:13:23,230][com.java.EmailTestReport] [   83] - Recipient:venkateswararao.gubbala@valuelabs.com;
[INFO ][2016-01-05 13:13:23,230][com.java.EmailTestReport] [   84] - From:venkateswararao.gubbala@valuelabs.com;
[INFO ][2016-01-05 13:13:23,230][com.java.EmailTestReport] [   85] - Subject:Deluxe Corp Bankers Dashboard Automation Test Report - United Bank - IE10
[INFO ][2016-01-05 13:13:23,250][com.java.EmailTestReport] [  143] -  Added venkateswararao.gubbala@valuelabs.com
[INFO ][2016-01-05 13:13:26,370][com.java.SeleniumDriver] [  722] - quitting the browser 
[INFO ][2016-01-05 13:13:27,980][com.java.SeleniumDriver] [  264] - Execution Completed Stopping the thread
