[INFO ][2015-10-28 16:52:08,681][com.java.SeleniumDriver] [  213] - Execute Failed Casesfalse
[INFO ][2015-10-28 16:52:08,681][com.java.SeleniumDriver] [  214] - Browser: IE11
[INFO ][2015-10-28 16:52:08,681][com.java.SeleniumDriver] [  215] - [2, 13]
[INFO ][2015-10-28 16:52:08,682][com.java.SeleniumDriver] [  216] - Total TestCases:2
[INFO ][2015-10-28 16:52:08,682][com.java.SeleniumDriver] [  217] -  Reading Properties from Property File 
[DEBUG][2015-10-28 16:52:08,682][com.java.SeleniumDriver] [  238] - url : https://clients.xuat.bankersdashboard.com
[INFO ][2015-10-28 16:52:08,683][com.java.ImportnExport.ExportTestResultsExcel] [  116] - Time Stamp Wed Oct 28 04:52:08 IST 2015
[INFO ][2015-10-28 16:52:08,683][com.java.ImportnExport.ExportTestResultsExcel] [  175] - OUT FILE : D:\BankersDashboard/TestReports/Test Results_BankersDashBoard_102815_165208_IE11_Simmons First National Bank.xls
[INFO ][2015-10-28 16:52:08,710][com.java.ImportnExport.ExportTestResultsExcel] [  180] - Test Result file is created
[DEBUG][2015-10-28 16:52:08,811][com.java.SeleniumDriver] [  425] - Hub ip address is-------172.17.68.34
[INFO ][2015-10-28 16:52:08,812][com.java.SeleniumDriver] [  451] - Grid URL:http://172.17.68.34:4444/wd/hub
[INFO ][2015-10-28 16:52:08,812][com.java.SeleniumDriver] [  452] - Capability:Capabilities [{platform=ANY, ensureCleanSession=true, ignoreProtectedModeSettings=true, acceptSslCerts=true, ignoreZoomSetting=true, browserName=internet explorer, browserstack.ie.noFlash=true, version=Node1}]
[ERROR][2015-10-28 16:52:10,116][com.java.SeleniumDriver] [  496] - Unable invoke browser in grid:Could not start a new session. Possible causes are invalid address of the remote server or browser start-up failure.
Build info: version: '2.48.2', revision: '41bccdd', time: '2015-10-09 19:59:12'
System info: host: 'FVTIII438F1D', ip: '172.17.68.34', os.name: 'Windows 7', os.arch: 'x86', os.version: '6.1', java.version: '1.7.0_55'
Driver info: driver.version: SeleniumDriver
[INFO ][2015-10-28 16:52:10,116][com.java.SeleniumDriver] [  498] - Executing on local machine
[INFO ][2015-10-28 16:52:20,722][com.java.SeleniumDriver] [  248] - IE11is opened
[INFO ][2015-10-28 16:52:22,050][com.java.SeleniumDriver] [  752] - Test cases to be executed are: [2, 13]
[INFO ][2015-10-28 16:52:22,051][com.java.ImportnExport.ImportTestDataDetailsExcel] [   49] - test data details path===== D:\BankersDashboard\TestInputs\TestData.xls
[INFO ][2015-10-28 16:52:23,501][com.java.SeleniumDriver] [  790] - ------------------------------------------
[INFO ][2015-10-28 16:52:23,501][com.java.SeleniumDriver] [  791] - Test case being Executed: 2
[INFO ][2015-10-28 16:52:23,517][com.java.SeleniumDriver] [  802] - Test step:1
[INFO ][2015-10-28 16:52:23,517][com.java.SeleniumDriver] [  814] - Datavalue is----------Concept#1:1-14
[INFO ][2015-10-28 16:52:23,517][com.java.SeleniumDriver] [  838] - DataField : test
[INFO ][2015-10-28 16:52:23,517][com.java.SeleniumDriver] [  840] - DataValue : Concept#1:1-14
[INFO ][2015-10-28 16:52:23,517][com.java.SeleniumDriver] [  846] - <In Set values of the page>
[INFO ][2015-10-28 16:52:23,517][com.java.SeleniumDriver] [  849] - {Data Fields & Data Values Exist}
[INFO ][2015-10-28 16:52:23,517][com.java.SeleniumDriver] [  851] - --------------------------setting values-----------------------------
[INFO ][2015-10-28 16:52:23,518][com.java.SeleniumDriver] [  854] - Action Type : ExecuteTestCase
[INFO ][2015-10-28 16:52:23,535][com.java.TestType] [  353] - The Concept sheet name is ---------- Concept
[INFO ][2015-10-28 16:52:23,535][com.java.TestType] [  355] - The Concept ID  is ---------- 1
[DEBUG][2015-10-28 16:52:23,535][com.java.TestType] [  357] - Steps being executted in the Concept are: 1:14
[INFO ][2015-10-28 16:52:23,538][com.java.TestType] [  361] - Test data details path ---------- D:\BankersDashboard\TestInputs\TestData.xls
[INFO ][2015-10-28 16:52:23,568][com.java.TestType] [  385] -  str(1) = 1
[INFO ][2015-10-28 16:52:23,568][com.java.TestType] [  388] - Test case Id is---1
[INFO ][2015-10-28 16:52:23,569][com.java.TestType] [  390] - 1
[INFO ][2015-10-28 16:52:23,569][com.java.TestType] [  385] -  str(2) = 1
[INFO ][2015-10-28 16:52:23,571][com.java.TestType] [  435] - row values are--------{1=com.java.Objects.TestDataDetails@5df015}
[INFO ][2015-10-28 16:52:23,572][com.java.TestType] [  385] -  str(1) = 1
[INFO ][2015-10-28 16:52:23,572][com.java.TestType] [  388] - Test case Id is---1
[INFO ][2015-10-28 16:52:23,572][com.java.TestType] [  390] - 1
[INFO ][2015-10-28 16:52:23,572][com.java.TestType] [  385] -  str(2) = 2
[INFO ][2015-10-28 16:52:23,573][com.java.TestType] [  435] - row values are--------{1=com.java.Objects.TestDataDetails@5df015, 2=com.java.Objects.TestDataDetails@19db122}
[INFO ][2015-10-28 16:52:23,573][com.java.TestType] [  385] -  str(1) = 1
[INFO ][2015-10-28 16:52:23,573][com.java.TestType] [  388] - Test case Id is---1
[INFO ][2015-10-28 16:52:23,573][com.java.TestType] [  390] - 1
[INFO ][2015-10-28 16:52:23,574][com.java.TestType] [  385] -  str(2) = 3
[INFO ][2015-10-28 16:52:23,575][com.java.TestType] [  435] - row values are--------{1=com.java.Objects.TestDataDetails@5df015, 2=com.java.Objects.TestDataDetails@19db122, 3=com.java.Objects.TestDataDetails@e14fe7}
[INFO ][2015-10-28 16:52:23,575][com.java.TestType] [  385] -  str(1) = 1
[INFO ][2015-10-28 16:52:23,575][com.java.TestType] [  388] - Test case Id is---1
[INFO ][2015-10-28 16:52:23,575][com.java.TestType] [  390] - 1
[INFO ][2015-10-28 16:52:23,575][com.java.TestType] [  385] -  str(2) = 4
[INFO ][2015-10-28 16:52:23,577][com.java.TestType] [  435] - row values are--------{1=com.java.Objects.TestDataDetails@5df015, 2=com.java.Objects.TestDataDetails@19db122, 3=com.java.Objects.TestDataDetails@e14fe7, 4=com.java.Objects.TestDataDetails@1afe567}
[INFO ][2015-10-28 16:52:23,577][com.java.TestType] [  385] -  str(1) = 1
[INFO ][2015-10-28 16:52:23,578][com.java.TestType] [  388] - Test case Id is---1
[INFO ][2015-10-28 16:52:23,579][com.java.TestType] [  390] - 1
[INFO ][2015-10-28 16:52:23,579][com.java.TestType] [  385] -  str(2) = 5
[INFO ][2015-10-28 16:52:23,580][com.java.TestType] [  435] - row values are--------{1=com.java.Objects.TestDataDetails@5df015, 2=com.java.Objects.TestDataDetails@19db122, 3=com.java.Objects.TestDataDetails@e14fe7, 4=com.java.Objects.TestDataDetails@1afe567, 5=com.java.Objects.TestDataDetails@1f55efc}
[INFO ][2015-10-28 16:52:23,580][com.java.TestType] [  385] -  str(1) = 1
[INFO ][2015-10-28 16:52:23,580][com.java.TestType] [  388] - Test case Id is---1
[INFO ][2015-10-28 16:52:23,580][com.java.TestType] [  390] - 1
[INFO ][2015-10-28 16:52:23,580][com.java.TestType] [  385] -  str(2) = 6
[INFO ][2015-10-28 16:52:23,581][com.java.TestType] [  435] - row values are--------{1=com.java.Objects.TestDataDetails@5df015, 2=com.java.Objects.TestDataDetails@19db122, 3=com.java.Objects.TestDataDetails@e14fe7, 4=com.java.Objects.TestDataDetails@1afe567, 5=com.java.Objects.TestDataDetails@1f55efc, 6=com.java.Objects.TestDataDetails@2f4aea}
[INFO ][2015-10-28 16:52:23,581][com.java.TestType] [  385] -  str(1) = 1
[INFO ][2015-10-28 16:52:23,582][com.java.TestType] [  388] - Test case Id is---1
[INFO ][2015-10-28 16:52:23,582][com.java.TestType] [  390] - 1
[INFO ][2015-10-28 16:52:23,582][com.java.TestType] [  385] -  str(2) = 7
[INFO ][2015-10-28 16:52:23,583][com.java.TestType] [  435] - row values are--------{1=com.java.Objects.TestDataDetails@5df015, 2=com.java.Objects.TestDataDetails@19db122, 3=com.java.Objects.TestDataDetails@e14fe7, 4=com.java.Objects.TestDataDetails@1afe567, 5=com.java.Objects.TestDataDetails@1f55efc, 6=com.java.Objects.TestDataDetails@2f4aea, 7=com.java.Objects.TestDataDetails@1856ec1}
[INFO ][2015-10-28 16:52:23,583][com.java.TestType] [  385] -  str(1) = 1
[INFO ][2015-10-28 16:52:23,583][com.java.TestType] [  388] - Test case Id is---1
[INFO ][2015-10-28 16:52:23,583][com.java.TestType] [  390] - 1
[INFO ][2015-10-28 16:52:23,583][com.java.TestType] [  385] -  str(2) = 8
[INFO ][2015-10-28 16:52:23,584][com.java.TestType] [  435] - row values are--------{1=com.java.Objects.TestDataDetails@5df015, 2=com.java.Objects.TestDataDetails@19db122, 3=com.java.Objects.TestDataDetails@e14fe7, 4=com.java.Objects.TestDataDetails@1afe567, 5=com.java.Objects.TestDataDetails@1f55efc, 6=com.java.Objects.TestDataDetails@2f4aea, 7=com.java.Objects.TestDataDetails@1856ec1, 8=com.java.Objects.TestDataDetails@12a9389}
[INFO ][2015-10-28 16:52:23,584][com.java.TestType] [  385] -  str(1) = 1
[INFO ][2015-10-28 16:52:23,584][com.java.TestType] [  388] - Test case Id is---1
[INFO ][2015-10-28 16:52:23,584][com.java.TestType] [  390] - 1
[INFO ][2015-10-28 16:52:23,584][com.java.TestType] [  385] -  str(2) = 9
[INFO ][2015-10-28 16:52:23,585][com.java.TestType] [  435] - row values are--------{1=com.java.Objects.TestDataDetails@5df015, 2=com.java.Objects.TestDataDetails@19db122, 3=com.java.Objects.TestDataDetails@e14fe7, 4=com.java.Objects.TestDataDetails@1afe567, 5=com.java.Objects.TestDataDetails@1f55efc, 6=com.java.Objects.TestDataDetails@2f4aea, 7=com.java.Objects.TestDataDetails@1856ec1, 8=com.java.Objects.TestDataDetails@12a9389, 9=com.java.Objects.TestDataDetails@1b10cf0}
[INFO ][2015-10-28 16:52:23,585][com.java.TestType] [  385] -  str(1) = 1
[INFO ][2015-10-28 16:52:23,585][com.java.TestType] [  388] - Test case Id is---1
[INFO ][2015-10-28 16:52:23,585][com.java.TestType] [  390] - 1
[INFO ][2015-10-28 16:52:23,585][com.java.TestType] [  385] -  str(2) = 10
[INFO ][2015-10-28 16:52:23,586][com.java.TestType] [  435] - row values are--------{1=com.java.Objects.TestDataDetails@5df015, 2=com.java.Objects.TestDataDetails@19db122, 3=com.java.Objects.TestDataDetails@e14fe7, 4=com.java.Objects.TestDataDetails@1afe567, 5=com.java.Objects.TestDataDetails@1f55efc, 6=com.java.Objects.TestDataDetails@2f4aea, 7=com.java.Objects.TestDataDetails@1856ec1, 8=com.java.Objects.TestDataDetails@12a9389, 9=com.java.Objects.TestDataDetails@1b10cf0, 10=com.java.Objects.TestDataDetails@10a1f5a}
[INFO ][2015-10-28 16:52:23,586][com.java.TestType] [  385] -  str(1) = 1
[INFO ][2015-10-28 16:52:23,586][com.java.TestType] [  388] - Test case Id is---1
[INFO ][2015-10-28 16:52:23,586][com.java.TestType] [  390] - 1
[INFO ][2015-10-28 16:52:23,586][com.java.TestType] [  385] -  str(2) = 11
[INFO ][2015-10-28 16:52:23,587][com.java.TestType] [  435] - row values are--------{1=com.java.Objects.TestDataDetails@5df015, 2=com.java.Objects.TestDataDetails@19db122, 3=com.java.Objects.TestDataDetails@e14fe7, 4=com.java.Objects.TestDataDetails@1afe567, 5=com.java.Objects.TestDataDetails@1f55efc, 6=com.java.Objects.TestDataDetails@2f4aea, 7=com.java.Objects.TestDataDetails@1856ec1, 8=com.java.Objects.TestDataDetails@12a9389, 9=com.java.Objects.TestDataDetails@1b10cf0, 10=com.java.Objects.TestDataDetails@10a1f5a, 11=com.java.Objects.TestDataDetails@b1d518}
[INFO ][2015-10-28 16:52:23,589][com.java.TestType] [  385] -  str(1) = 1
[INFO ][2015-10-28 16:52:23,589][com.java.TestType] [  388] - Test case Id is---1
[INFO ][2015-10-28 16:52:23,589][com.java.TestType] [  390] - 1
[INFO ][2015-10-28 16:52:23,589][com.java.TestType] [  385] -  str(2) = 12
[INFO ][2015-10-28 16:52:23,590][com.java.TestType] [  435] - row values are--------{1=com.java.Objects.TestDataDetails@5df015, 2=com.java.Objects.TestDataDetails@19db122, 3=com.java.Objects.TestDataDetails@e14fe7, 4=com.java.Objects.TestDataDetails@1afe567, 5=com.java.Objects.TestDataDetails@1f55efc, 6=com.java.Objects.TestDataDetails@2f4aea, 7=com.java.Objects.TestDataDetails@1856ec1, 8=com.java.Objects.TestDataDetails@12a9389, 9=com.java.Objects.TestDataDetails@1b10cf0, 10=com.java.Objects.TestDataDetails@10a1f5a, 11=com.java.Objects.TestDataDetails@b1d518, 12=com.java.Objects.TestDataDetails@f26dd8}
[INFO ][2015-10-28 16:52:23,590][com.java.TestType] [  385] -  str(1) = 1
[INFO ][2015-10-28 16:52:23,590][com.java.TestType] [  388] - Test case Id is---1
[INFO ][2015-10-28 16:52:23,590][com.java.TestType] [  390] - 1
[INFO ][2015-10-28 16:52:23,590][com.java.TestType] [  385] -  str(2) = 13
[INFO ][2015-10-28 16:52:23,591][com.java.TestType] [  435] - row values are--------{1=com.java.Objects.TestDataDetails@5df015, 2=com.java.Objects.TestDataDetails@19db122, 3=com.java.Objects.TestDataDetails@e14fe7, 4=com.java.Objects.TestDataDetails@1afe567, 5=com.java.Objects.TestDataDetails@1f55efc, 6=com.java.Objects.TestDataDetails@2f4aea, 7=com.java.Objects.TestDataDetails@1856ec1, 8=com.java.Objects.TestDataDetails@12a9389, 9=com.java.Objects.TestDataDetails@1b10cf0, 10=com.java.Objects.TestDataDetails@10a1f5a, 11=com.java.Objects.TestDataDetails@b1d518, 12=com.java.Objects.TestDataDetails@f26dd8, 13=com.java.Objects.TestDataDetails@10970c1}
[INFO ][2015-10-28 16:52:23,591][com.java.TestType] [  385] -  str(1) = 1
[INFO ][2015-10-28 16:52:23,591][com.java.TestType] [  388] - Test case Id is---1
[INFO ][2015-10-28 16:52:23,591][com.java.TestType] [  390] - 1
[INFO ][2015-10-28 16:52:23,591][com.java.TestType] [  385] -  str(2) = 14
[INFO ][2015-10-28 16:52:23,592][com.java.TestType] [  435] - row values are--------{1=com.java.Objects.TestDataDetails@5df015, 2=com.java.Objects.TestDataDetails@19db122, 3=com.java.Objects.TestDataDetails@e14fe7, 4=com.java.Objects.TestDataDetails@1afe567, 5=com.java.Objects.TestDataDetails@1f55efc, 6=com.java.Objects.TestDataDetails@2f4aea, 7=com.java.Objects.TestDataDetails@1856ec1, 8=com.java.Objects.TestDataDetails@12a9389, 9=com.java.Objects.TestDataDetails@1b10cf0, 10=com.java.Objects.TestDataDetails@10a1f5a, 11=com.java.Objects.TestDataDetails@b1d518, 12=com.java.Objects.TestDataDetails@f26dd8, 13=com.java.Objects.TestDataDetails@10970c1, 14=com.java.Objects.TestDataDetails@67d31}
[INFO ][2015-10-28 16:52:23,592][com.java.TestType] [ 6330] - Looping 1TCID = 1
[DEBUG][2015-10-28 16:52:23,592][com.java.TestType] [ 6341] - Concept ID:1 :: Step being Executed: 1::1
[INFO ][2015-10-28 16:52:23,592][com.java.TestType] [ 6374] - dataFields : TXTusername
[DEBUG][2015-10-28 16:52:23,593][com.java.TestType] [ 6379] - <In Set values of the page>
[DEBUG][2015-10-28 16:52:23,593][com.java.TestType] [ 6383] - {Data Fields & Data Values Exist}
[INFO ][2015-10-28 16:52:23,593][com.java.TestType] [ 6387] - --------------------------setting values-----------------------------
[INFO ][2015-10-28 16:52:23,593][com.java.TestType] [ 6390] - Action Type : CLEARANDENTER
[INFO ][2015-10-28 16:52:23,593][com.java.TestType] [ 2981] - value = valuelabs.ie11.03890
[INFO ][2015-10-28 16:52:28,448][com.java.TestType] [ 6401] -  RESULT true
[INFO ][2015-10-28 16:52:28,448][com.java.TestType] [ 6505] - ?   P A S S   ?
[DEBUG][2015-10-28 16:52:28,449][com.java.TestType] [ 6341] - Concept ID:1 :: Step being Executed: 1::2
[INFO ][2015-10-28 16:52:28,449][com.java.TestType] [ 6374] - dataFields : TXTpassword
[DEBUG][2015-10-28 16:52:28,449][com.java.TestType] [ 6379] - <In Set values of the page>
[DEBUG][2015-10-28 16:52:28,449][com.java.TestType] [ 6383] - {Data Fields & Data Values Exist}
[INFO ][2015-10-28 16:52:28,449][com.java.TestType] [ 6387] - --------------------------setting values-----------------------------
[INFO ][2015-10-28 16:52:28,449][com.java.TestType] [ 6390] - Action Type : CLEARANDENTER
[INFO ][2015-10-28 16:52:28,449][com.java.TestType] [ 2981] - value = Password1*
[INFO ][2015-10-28 16:52:33,378][com.java.TestType] [ 6401] -  RESULT true
[INFO ][2015-10-28 16:52:33,378][com.java.TestType] [ 6505] - ?   P A S S   ?
[DEBUG][2015-10-28 16:52:33,378][com.java.TestType] [ 6341] - Concept ID:1 :: Step being Executed: 1::3
[ERROR][2015-10-28 16:52:33,378][com.java.TestType] [ 6369] - Exception: null
[INFO ][2015-10-28 16:52:33,378][com.java.TestType] [ 6374] - dataFields : XPH//button[@type='submit']
[DEBUG][2015-10-28 16:52:33,378][com.java.TestType] [ 6379] - <In Set values of the page>
[DEBUG][2015-10-28 16:52:33,378][com.java.TestType] [ 6383] - {Data Fields & Data Values Exist}
[INFO ][2015-10-28 16:52:33,379][com.java.TestType] [ 6387] - --------------------------setting values-----------------------------
[INFO ][2015-10-28 16:52:33,379][com.java.TestType] [ 6390] - Action Type : Click
[INFO ][2015-10-28 16:52:33,379][com.java.TestType] [ 3251] - Field ::XPH//button[@type='submit']
[INFO ][2015-10-28 16:52:34,379][com.java.TestType] [ 3302] - BEFORE CLICK
[INFO ][2015-10-28 16:52:35,248][com.java.TestType] [ 3308] - Unable to click the object Login
[INFO ][2015-10-28 16:52:35,248][com.java.TestType] [ 6401] -  RESULT true
[INFO ][2015-10-28 16:52:35,248][com.java.TestType] [ 6505] - ?   P A S S   ?
[DEBUG][2015-10-28 16:52:35,248][com.java.TestType] [ 6341] - Concept ID:1 :: Step being Executed: 1::4
[INFO ][2015-10-28 16:52:35,248][com.java.TestType] [ 6374] - dataFields : LNKLogout
[DEBUG][2015-10-28 16:52:35,248][com.java.TestType] [ 6379] - <In Set values of the page>
[DEBUG][2015-10-28 16:52:35,248][com.java.TestType] [ 6383] - {Data Fields & Data Values Exist}
[INFO ][2015-10-28 16:52:35,248][com.java.TestType] [ 6387] - --------------------------setting values-----------------------------
[INFO ][2015-10-28 16:52:35,248][com.java.TestType] [ 6390] - Action Type : WaitForElement
[INFO ][2015-10-28 16:52:48,420][com.java.TestType] [ 6401] -  RESULT true
[INFO ][2015-10-28 16:52:48,420][com.java.TestType] [ 6505] - ?   P A S S   ?
[DEBUG][2015-10-28 16:52:48,420][com.java.TestType] [ 6341] - Concept ID:1 :: Step being Executed: 1::13
[INFO ][2015-10-28 16:52:48,420][com.java.TestType] [ 6374] - dataFields : LGN
[DEBUG][2015-10-28 16:52:48,421][com.java.TestType] [ 6379] - <In Set values of the page>
[DEBUG][2015-10-28 16:52:48,421][com.java.TestType] [ 6383] - {Data Fields & Data Values Exist}
[INFO ][2015-10-28 16:52:48,421][com.java.TestType] [ 6387] - --------------------------setting values-----------------------------
[INFO ][2015-10-28 16:52:48,421][com.java.TestType] [ 6390] - Action Type : Verify
[INFO ][2015-10-28 16:52:48,421][com.java.TestType] [ 3890] - field= LGN value= Username
[INFO ][2015-10-28 16:52:48,422][com.java.TestType] [ 2981] - value = Username
[INFO ][2015-10-28 16:52:48,575][com.java.TestType] [ 6401] -  RESULT true
[INFO ][2015-10-28 16:52:48,575][com.java.TestType] [ 6505] - ?   P A S S   ?
[DEBUG][2015-10-28 16:52:48,575][com.java.TestType] [ 6341] - Concept ID:1 :: Step being Executed: 1::14
[INFO ][2015-10-28 16:52:48,575][com.java.TestType] [ 6374] - dataFields : LNK
[DEBUG][2015-10-28 16:52:48,575][com.java.TestType] [ 6379] - <In Set values of the page>
[DEBUG][2015-10-28 16:52:48,575][com.java.TestType] [ 6383] - {Data Fields & Data Values Exist}
[INFO ][2015-10-28 16:52:48,575][com.java.TestType] [ 6387] - --------------------------setting values-----------------------------
[INFO ][2015-10-28 16:52:48,575][com.java.TestType] [ 6390] - Action Type : Verify
[INFO ][2015-10-28 16:52:48,576][com.java.TestType] [ 3890] - field= LNK value= Logout
[INFO ][2015-10-28 16:52:48,576][com.java.TestType] [ 2981] - value = Logout
[INFO ][2015-10-28 16:52:48,611][com.java.TestType] [ 6401] -  RESULT true
[INFO ][2015-10-28 16:52:48,611][com.java.TestType] [ 6505] - ?   P A S S   ?
[INFO ][2015-10-28 16:52:48,611][com.java.TestType] [ 6558] - Looping End......
[INFO ][2015-10-28 16:52:48,615][com.java.SeleniumDriver] [  863] -  RESULT true
[INFO ][2015-10-28 16:52:48,615][com.java.SeleniumDriver] [ 1068] - ?   P A S S   ?
[INFO ][2015-10-28 16:52:48,615][com.java.SeleniumDriver] [  790] - ------------------------------------------
[INFO ][2015-10-28 16:52:48,615][com.java.SeleniumDriver] [  791] - Test case being Executed: 2
[INFO ][2015-10-28 16:52:48,615][com.java.SeleniumDriver] [  802] - Test step:2
[INFO ][2015-10-28 16:52:48,615][com.java.SeleniumDriver] [  814] - Datavalue is----------Concept#2:1-2
[INFO ][2015-10-28 16:52:48,615][com.java.SeleniumDriver] [  838] - DataField : test
[INFO ][2015-10-28 16:52:48,616][com.java.SeleniumDriver] [  840] - DataValue : Concept#2:1-2
[INFO ][2015-10-28 16:52:48,616][com.java.SeleniumDriver] [  846] - <In Set values of the page>
[INFO ][2015-10-28 16:52:48,616][com.java.SeleniumDriver] [  849] - {Data Fields & Data Values Exist}
[INFO ][2015-10-28 16:52:48,616][com.java.SeleniumDriver] [  851] - --------------------------setting values-----------------------------
[INFO ][2015-10-28 16:52:48,616][com.java.SeleniumDriver] [  854] - Action Type : ExecuteTestCase
[INFO ][2015-10-28 16:52:48,616][com.java.TestType] [  353] - The Concept sheet name is ---------- Concept
[INFO ][2015-10-28 16:52:48,616][com.java.TestType] [  355] - The Concept ID  is ---------- 2
[DEBUG][2015-10-28 16:52:48,616][com.java.TestType] [  357] - Steps being executted in the Concept are: 1:2
[INFO ][2015-10-28 16:52:48,617][com.java.TestType] [  361] - Test data details path ---------- D:\BankersDashboard\TestInputs\TestData.xls
[INFO ][2015-10-28 16:52:48,651][com.java.TestType] [  385] -  str(1) = 2
[INFO ][2015-10-28 16:52:48,651][com.java.TestType] [  388] - Test case Id is---2
[INFO ][2015-10-28 16:52:48,651][com.java.TestType] [  390] - 2
[INFO ][2015-10-28 16:52:48,651][com.java.TestType] [  385] -  str(2) = 1
[INFO ][2015-10-28 16:52:48,653][com.java.TestType] [  435] - row values are--------{1=com.java.Objects.TestDataDetails@6a2afc}
[INFO ][2015-10-28 16:52:48,653][com.java.TestType] [  385] -  str(1) = 2
[INFO ][2015-10-28 16:52:48,653][com.java.TestType] [  388] - Test case Id is---2
[INFO ][2015-10-28 16:52:48,653][com.java.TestType] [  390] - 2
[INFO ][2015-10-28 16:52:48,653][com.java.TestType] [  385] -  str(2) = 2
[INFO ][2015-10-28 16:52:48,654][com.java.TestType] [  435] - row values are--------{1=com.java.Objects.TestDataDetails@6a2afc, 2=com.java.Objects.TestDataDetails@1ec7e25}
[INFO ][2015-10-28 16:52:48,654][com.java.TestType] [ 6330] - Looping 1TCID = 2
[DEBUG][2015-10-28 16:52:48,654][com.java.TestType] [ 6341] - Concept ID:2 :: Step being Executed: 2::1
[INFO ][2015-10-28 16:52:48,654][com.java.TestType] [ 6374] - dataFields : BNK//select[@id='bank']
[DEBUG][2015-10-28 16:52:48,654][com.java.TestType] [ 6379] - <In Set values of the page>
[DEBUG][2015-10-28 16:52:48,654][com.java.TestType] [ 6383] - {Data Fields & Data Values Exist}
[INFO ][2015-10-28 16:52:48,654][com.java.TestType] [ 6387] - --------------------------setting values-----------------------------
[INFO ][2015-10-28 16:52:48,654][com.java.TestType] [ 6390] - Action Type : Select
[INFO ][2015-10-28 16:52:48,654][com.java.TestType] [ 2981] - value = PFC
[INFO ][2015-10-28 16:52:48,911][com.java.TestType] [ 6401] -  RESULT true
[INFO ][2015-10-28 16:52:48,911][com.java.TestType] [ 6505] - ?   P A S S   ?
[DEBUG][2015-10-28 16:52:48,911][com.java.TestType] [ 6341] - Concept ID:2 :: Step being Executed: 2::2
[INFO ][2015-10-28 16:52:48,911][com.java.TestType] [ 6374] - dataFields : LNKLogout
[DEBUG][2015-10-28 16:52:48,911][com.java.TestType] [ 6379] - <In Set values of the page>
[DEBUG][2015-10-28 16:52:48,911][com.java.TestType] [ 6383] - {Data Fields & Data Values Exist}
[INFO ][2015-10-28 16:52:48,911][com.java.TestType] [ 6387] - --------------------------setting values-----------------------------
[INFO ][2015-10-28 16:52:48,911][com.java.TestType] [ 6390] - Action Type : WaitForElement
[INFO ][2015-10-28 16:52:48,944][com.java.TestType] [ 6401] -  RESULT true
[INFO ][2015-10-28 16:52:48,944][com.java.TestType] [ 6505] - ?   P A S S   ?
[INFO ][2015-10-28 16:52:48,944][com.java.TestType] [ 6558] - Looping End......
[INFO ][2015-10-28 16:52:48,948][com.java.SeleniumDriver] [  863] -  RESULT true
[INFO ][2015-10-28 16:52:48,948][com.java.SeleniumDriver] [ 1068] - ?   P A S S   ?
[DEBUG][2015-10-28 16:52:48,948][com.java.SeleniumDriver] [ 1170] - Case found
[DEBUG][2015-10-28 16:52:48,949][com.java.SeleniumDriver] [ 1175] - Incrementing ReportCounters[0]:1
[INFO ][2015-10-28 16:52:48,949][com.java.SeleniumDriver] [ 1194] - The results are-------------------[2, 1, Valid Login, Pass, , Wed Oct 28 16:52:48 IST 2015, 2, 2, Valid Login, Pass, , Wed Oct 28 16:52:48 IST 2015]
[INFO ][2015-10-28 16:52:48,949][com.java.SeleniumDriver] [ 1198] - End time is-------42 sec
[INFO ][2015-10-28 16:52:48,949][com.java.SeleniumDriver] [ 1199] - The results are-------------------[2, 1, Valid Login, Pass, , Wed Oct 28 16:52:48 IST 2015, 2, 2, Valid Login, Pass, , Wed Oct 28 16:52:48 IST 2015]
[DEBUG][2015-10-28 16:52:48,949][com.java.ImportnExport.ExportTestResultsExcel] [  222] - testResultPath = D:\BankersDashboard/TestReports/Test Results_BankersDashBoard_102815_165208_IE11_Simmons First National Bank.xls
[DEBUG][2015-10-28 16:52:48,949][com.java.ImportnExport.ExportTestResultsExcel] [  223] - browser is------------IE11
[DEBUG][2015-10-28 16:52:48,990][com.java.ImportnExport.ExportTestResultsExcel] [  270] - result.size() = 12
[DEBUG][2015-10-28 16:52:48,990][com.java.ImportnExport.ExportTestResultsExcel] [  274] - No of rows in sheet=1
[DEBUG][2015-10-28 16:52:48,991][com.java.ImportnExport.ExportTestResultsExcel] [  301] - ..in export..2
[DEBUG][2015-10-28 16:52:48,991][com.java.ImportnExport.ExportTestResultsExcel] [  301] - ..in export..Valid Login
[DEBUG][2015-10-28 16:52:48,991][com.java.ImportnExport.ExportTestResultsExcel] [  301] - ..in export..Pass
[DEBUG][2015-10-28 16:52:48,991][com.java.ImportnExport.ExportTestResultsExcel] [  301] - ..in export..
[DEBUG][2015-10-28 16:52:48,991][com.java.ImportnExport.ExportTestResultsExcel] [  301] - ..in export..Wed Oct 28 16:52:48 IST 2015
[INFO ][2015-10-28 16:52:48,993][com.java.SeleniumDriver] [ 1257] - out loop:0 size:2 TestCases:[2, 13] testcases:[2, 13]
[INFO ][2015-10-28 16:52:48,993][com.java.ImportnExport.ImportTestDataDetailsExcel] [   49] - test data details path===== D:\BankersDashboard\TestInputs\TestData.xls
[INFO ][2015-10-28 16:53:33,944][com.java.SeleniumDriver] [  790] - ------------------------------------------
[INFO ][2015-10-28 16:53:33,944][com.java.SeleniumDriver] [  791] - Test case being Executed: 13
[INFO ][2015-10-28 16:53:33,944][com.java.SeleniumDriver] [  802] - Test step:1
[INFO ][2015-10-28 16:53:33,944][com.java.SeleniumDriver] [  814] - Datavalue is----------Logout
[INFO ][2015-10-28 16:53:33,944][com.java.SeleniumDriver] [  838] - DataField : BTN
[INFO ][2015-10-28 16:53:33,944][com.java.SeleniumDriver] [  840] - DataValue : Logout
[INFO ][2015-10-28 16:53:33,944][com.java.SeleniumDriver] [  846] - <In Set values of the page>
[INFO ][2015-10-28 16:53:33,944][com.java.SeleniumDriver] [  849] - {Data Fields & Data Values Exist}
[INFO ][2015-10-28 16:53:33,944][com.java.SeleniumDriver] [  851] - --------------------------setting values-----------------------------
[INFO ][2015-10-28 16:53:33,944][com.java.SeleniumDriver] [  854] - Action Type : VERIFY
[INFO ][2015-10-28 16:53:33,944][com.java.TestType] [ 3890] - field= BTN value= Logout
[INFO ][2015-10-28 16:53:33,944][com.java.TestType] [ 2981] - value = Logout
[INFO ][2015-10-28 16:53:33,995][com.java.SeleniumDriver] [  863] -  RESULT true
[INFO ][2015-10-28 16:53:33,995][com.java.SeleniumDriver] [ 1068] - ?   P A S S   ?
[INFO ][2015-10-28 16:53:33,995][com.java.SeleniumDriver] [ 1110] - step change to 3
[INFO ][2015-10-28 16:53:33,995][com.java.SeleniumDriver] [  790] - ------------------------------------------
[INFO ][2015-10-28 16:53:33,995][com.java.SeleniumDriver] [  791] - Test case being Executed: 13
[INFO ][2015-10-28 16:53:33,995][com.java.SeleniumDriver] [  802] - Test step:3
[INFO ][2015-10-28 16:53:33,995][com.java.SeleniumDriver] [  814] - Datavalue is----------2
[INFO ][2015-10-28 16:53:33,995][com.java.SeleniumDriver] [  838] - DataField : BTNG/L
[INFO ][2015-10-28 16:53:33,995][com.java.SeleniumDriver] [  840] - DataValue : 2
[INFO ][2015-10-28 16:53:33,995][com.java.SeleniumDriver] [  846] - <In Set values of the page>
[INFO ][2015-10-28 16:53:33,995][com.java.SeleniumDriver] [  849] - {Data Fields & Data Values Exist}
[INFO ][2015-10-28 16:53:33,995][com.java.SeleniumDriver] [  851] - --------------------------setting values-----------------------------
[INFO ][2015-10-28 16:53:33,995][com.java.SeleniumDriver] [  854] - Action Type : WAITFORELEMENT
[INFO ][2015-10-28 16:53:34,045][com.java.SeleniumDriver] [  863] -  RESULT true
[INFO ][2015-10-28 16:53:34,045][com.java.SeleniumDriver] [ 1068] - ?   P A S S   ?
[INFO ][2015-10-28 16:53:34,045][com.java.SeleniumDriver] [  790] - ------------------------------------------
[INFO ][2015-10-28 16:53:34,045][com.java.SeleniumDriver] [  791] - Test case being Executed: 13
[INFO ][2015-10-28 16:53:34,045][com.java.SeleniumDriver] [  802] - Test step:4
[INFO ][2015-10-28 16:53:34,045][com.java.SeleniumDriver] [  814] - Datavalue is----------null
[DEBUG][2015-10-28 16:53:34,045][com.java.SeleniumDriver] [  832] - Exception: null
[INFO ][2015-10-28 16:53:34,045][com.java.SeleniumDriver] [  838] - DataField : //span[@class='icon-stats']&&Forecasting
[INFO ][2015-10-28 16:53:34,045][com.java.SeleniumDriver] [  840] - DataValue : 
[INFO ][2015-10-28 16:53:34,045][com.java.SeleniumDriver] [  846] - <In Set values of the page>
[INFO ][2015-10-28 16:53:34,045][com.java.SeleniumDriver] [  849] - {Data Fields & Data Values Exist}
[INFO ][2015-10-28 16:53:34,045][com.java.SeleniumDriver] [  851] - --------------------------setting values-----------------------------
[INFO ][2015-10-28 16:53:34,045][com.java.SeleniumDriver] [  854] - Action Type : MOUSEOVER
[INFO ][2015-10-28 16:53:39,164][com.java.SeleniumDriver] [  863] -  RESULT true
[INFO ][2015-10-28 16:53:39,164][com.java.SeleniumDriver] [ 1068] - ?   P A S S   ?
[INFO ][2015-10-28 16:53:39,164][com.java.SeleniumDriver] [  790] - ------------------------------------------
[INFO ][2015-10-28 16:53:39,164][com.java.SeleniumDriver] [  791] - Test case being Executed: 13
[INFO ][2015-10-28 16:53:39,164][com.java.SeleniumDriver] [  802] - Test step:5
[INFO ][2015-10-28 16:53:39,164][com.java.SeleniumDriver] [  814] - Datavalue is----------10
[INFO ][2015-10-28 16:53:39,164][com.java.SeleniumDriver] [  838] - DataField : null
[INFO ][2015-10-28 16:53:39,164][com.java.SeleniumDriver] [  840] - DataValue : 10
[INFO ][2015-10-28 16:53:39,164][com.java.SeleniumDriver] [  846] - <In Set values of the page>
[INFO ][2015-10-28 16:53:39,164][com.java.SeleniumDriver] [  849] - {Data Fields & Data Values Exist}
[INFO ][2015-10-28 16:53:39,164][com.java.SeleniumDriver] [  851] - --------------------------setting values-----------------------------
[INFO ][2015-10-28 16:53:39,164][com.java.SeleniumDriver] [  854] - Action Type : WAITTIME
[DEBUG][2015-10-28 16:53:39,164][com.java.TestType] [ 2909] - sleepTime: 10000
[INFO ][2015-10-28 16:53:49,173][com.java.SeleniumDriver] [  863] -  RESULT true
[INFO ][2015-10-28 16:53:49,173][com.java.SeleniumDriver] [ 1068] - ?   P A S S   ?
[INFO ][2015-10-28 16:53:49,173][com.java.SeleniumDriver] [  790] - ------------------------------------------
[INFO ][2015-10-28 16:53:49,173][com.java.SeleniumDriver] [  791] - Test case being Executed: 13
[INFO ][2015-10-28 16:53:49,173][com.java.SeleniumDriver] [  802] - Test step:6
[INFO ][2015-10-28 16:53:49,173][com.java.SeleniumDriver] [  814] - Datavalue is----------Forecasting 
[INFO ][2015-10-28 16:53:49,173][com.java.SeleniumDriver] [  838] - DataField : TTL
[INFO ][2015-10-28 16:53:49,173][com.java.SeleniumDriver] [  840] - DataValue : Forecasting 
[INFO ][2015-10-28 16:53:49,173][com.java.SeleniumDriver] [  846] - <In Set values of the page>
[INFO ][2015-10-28 16:53:49,173][com.java.SeleniumDriver] [  849] - {Data Fields & Data Values Exist}
[INFO ][2015-10-28 16:53:49,173][com.java.SeleniumDriver] [  851] - --------------------------setting values-----------------------------
[INFO ][2015-10-28 16:53:49,173][com.java.SeleniumDriver] [  854] - Action Type : SELECTWINDOW
[INFO ][2015-10-28 16:54:28,558][com.java.SeleniumDriver] [  863] -  RESULT true
[INFO ][2015-10-28 16:54:28,558][com.java.SeleniumDriver] [ 1068] - ?   P A S S   ?
[INFO ][2015-10-28 16:54:28,558][com.java.SeleniumDriver] [  790] - ------------------------------------------
[INFO ][2015-10-28 16:54:28,558][com.java.SeleniumDriver] [  791] - Test case being Executed: 13
[INFO ][2015-10-28 16:54:28,558][com.java.SeleniumDriver] [  802] - Test step:7
[INFO ][2015-10-28 16:54:28,558][com.java.SeleniumDriver] [  814] - Datavalue is----------2
[INFO ][2015-10-28 16:54:28,558][com.java.SeleniumDriver] [  838] - DataField : XPH//span[contains(text(),'Forecasting')]
[INFO ][2015-10-28 16:54:28,558][com.java.SeleniumDriver] [  840] - DataValue : 2
[INFO ][2015-10-28 16:54:28,558][com.java.SeleniumDriver] [  846] - <In Set values of the page>
[INFO ][2015-10-28 16:54:28,558][com.java.SeleniumDriver] [  849] - {Data Fields & Data Values Exist}
[INFO ][2015-10-28 16:54:28,558][com.java.SeleniumDriver] [  851] - --------------------------setting values-----------------------------
[INFO ][2015-10-28 16:54:28,558][com.java.SeleniumDriver] [  854] - Action Type : WAITFORELEMENT
[INFO ][2015-10-28 16:54:28,609][com.java.SeleniumDriver] [  863] -  RESULT true
[INFO ][2015-10-28 16:54:28,609][com.java.SeleniumDriver] [ 1068] - ?   P A S S   ?
[INFO ][2015-10-28 16:54:28,609][com.java.SeleniumDriver] [  790] - ------------------------------------------
[INFO ][2015-10-28 16:54:28,609][com.java.SeleniumDriver] [  791] - Test case being Executed: 13
[INFO ][2015-10-28 16:54:28,609][com.java.SeleniumDriver] [  802] - Test step:8
[INFO ][2015-10-28 16:54:28,609][com.java.SeleniumDriver] [  814] - Datavalue is----------frameDialogContent
[INFO ][2015-10-28 16:54:28,609][com.java.SeleniumDriver] [  838] - DataField : BTN
[INFO ][2015-10-28 16:54:28,609][com.java.SeleniumDriver] [  840] - DataValue : frameDialogContent
[INFO ][2015-10-28 16:54:28,609][com.java.SeleniumDriver] [  846] - <In Set values of the page>
[INFO ][2015-10-28 16:54:28,609][com.java.SeleniumDriver] [  849] - {Data Fields & Data Values Exist}
[INFO ][2015-10-28 16:54:28,609][com.java.SeleniumDriver] [  851] - --------------------------setting values-----------------------------
[INFO ][2015-10-28 16:54:28,609][com.java.SeleniumDriver] [  854] - Action Type : SELECTFRAMEBYNAME
[INFO ][2015-10-28 16:54:28,609][com.java.TestType] [ 2981] - value = frameDialogContent
[INFO ][2015-10-28 16:54:28,679][com.java.SeleniumDriver] [  863] -  RESULT true
[INFO ][2015-10-28 16:54:28,679][com.java.SeleniumDriver] [ 1068] - ?   P A S S   ?
[INFO ][2015-10-28 16:54:28,679][com.java.SeleniumDriver] [  790] - ------------------------------------------
[INFO ][2015-10-28 16:54:28,679][com.java.SeleniumDriver] [  791] - Test case being Executed: 13
[INFO ][2015-10-28 16:54:28,679][com.java.SeleniumDriver] [  802] - Test step:9
[INFO ][2015-10-28 16:54:28,679][com.java.SeleniumDriver] [  814] - Datavalue is----------2
[INFO ][2015-10-28 16:54:28,679][com.java.SeleniumDriver] [  838] - DataField : BTNddlProjects
[INFO ][2015-10-28 16:54:28,679][com.java.SeleniumDriver] [  840] - DataValue : 2
[INFO ][2015-10-28 16:54:28,679][com.java.SeleniumDriver] [  846] - <In Set values of the page>
[INFO ][2015-10-28 16:54:28,679][com.java.SeleniumDriver] [  849] - {Data Fields & Data Values Exist}
[INFO ][2015-10-28 16:54:28,679][com.java.SeleniumDriver] [  851] - --------------------------setting values-----------------------------
[INFO ][2015-10-28 16:54:28,679][com.java.SeleniumDriver] [  854] - Action Type : WAITFORELEMENT
[INFO ][2015-10-28 16:54:29,719][com.java.SeleniumDriver] [  863] -  RESULT true
[INFO ][2015-10-28 16:54:29,719][com.java.SeleniumDriver] [ 1068] - ?   P A S S   ?
[INFO ][2015-10-28 16:54:29,719][com.java.SeleniumDriver] [  790] - ------------------------------------------
[INFO ][2015-10-28 16:54:29,719][com.java.SeleniumDriver] [  791] - Test case being Executed: 13
[INFO ][2015-10-28 16:54:29,719][com.java.SeleniumDriver] [  802] - Test step:10
[INFO ][2015-10-28 16:54:29,719][com.java.SeleniumDriver] [  814] - Datavalue is----------//select[@id='ddlProjects']/option[2]
[INFO ][2015-10-28 16:54:29,719][com.java.SeleniumDriver] [  838] - DataField : BTN
[INFO ][2015-10-28 16:54:29,719][com.java.SeleniumDriver] [  840] - DataValue : //select[@id='ddlProjects']/option[2]
[INFO ][2015-10-28 16:54:29,719][com.java.SeleniumDriver] [  846] - <In Set values of the page>
[INFO ][2015-10-28 16:54:29,719][com.java.SeleniumDriver] [  849] - {Data Fields & Data Values Exist}
[INFO ][2015-10-28 16:54:29,719][com.java.SeleniumDriver] [  851] - --------------------------setting values-----------------------------
[INFO ][2015-10-28 16:54:29,719][com.java.SeleniumDriver] [  854] - Action Type : VERIFY
[INFO ][2015-10-28 16:54:29,719][com.java.TestType] [ 3890] - field= BTN value= //select[@id='ddlProjects']/option[2]
[INFO ][2015-10-28 16:54:29,719][com.java.TestType] [ 2981] - value = //select[@id='ddlProjects']/option[2]
[INFO ][2015-10-28 16:54:29,740][com.java.SeleniumDriver] [  863] -  RESULT true
[INFO ][2015-10-28 16:54:29,740][com.java.SeleniumDriver] [ 1068] - ?   P A S S   ?
[INFO ][2015-10-28 16:54:29,740][com.java.SeleniumDriver] [ 1105] - Continue next step...
[INFO ][2015-10-28 16:54:29,740][com.java.SeleniumDriver] [  790] - ------------------------------------------
[INFO ][2015-10-28 16:54:29,740][com.java.SeleniumDriver] [  791] - Test case being Executed: 13
[INFO ][2015-10-28 16:54:29,740][com.java.SeleniumDriver] [  802] - Test step:11
[INFO ][2015-10-28 16:54:29,740][com.java.SeleniumDriver] [  814] - Datavalue is----------index:1
[INFO ][2015-10-28 16:54:29,740][com.java.SeleniumDriver] [  838] - DataField : COBddlProjects
[INFO ][2015-10-28 16:54:29,740][com.java.SeleniumDriver] [  840] - DataValue : index:1
[INFO ][2015-10-28 16:54:29,740][com.java.SeleniumDriver] [  846] - <In Set values of the page>
[INFO ][2015-10-28 16:54:29,740][com.java.SeleniumDriver] [  849] - {Data Fields & Data Values Exist}
[INFO ][2015-10-28 16:54:29,740][com.java.SeleniumDriver] [  851] - --------------------------setting values-----------------------------
[INFO ][2015-10-28 16:54:29,740][com.java.SeleniumDriver] [  854] - Action Type : SELECT
[INFO ][2015-10-28 16:54:29,740][com.java.TestType] [ 2981] - value = 1
[INFO ][2015-10-28 16:54:30,838][com.java.TestType] [ 3082] -  In COB ddlProjects : 1
[INFO ][2015-10-28 16:54:30,978][com.java.SeleniumDriver] [  863] -  RESULT true
[INFO ][2015-10-28 16:54:30,978][com.java.SeleniumDriver] [ 1068] - ?   P A S S   ?
[INFO ][2015-10-28 16:54:30,978][com.java.SeleniumDriver] [  790] - ------------------------------------------
[INFO ][2015-10-28 16:54:30,978][com.java.SeleniumDriver] [  791] - Test case being Executed: 13
[INFO ][2015-10-28 16:54:30,978][com.java.SeleniumDriver] [  802] - Test step:12
[INFO ][2015-10-28 16:54:30,978][com.java.SeleniumDriver] [  814] - Datavalue is----------null
[DEBUG][2015-10-28 16:54:30,978][com.java.SeleniumDriver] [  832] - Exception: null
[INFO ][2015-10-28 16:54:30,978][com.java.SeleniumDriver] [  838] - DataField : BTNbtnOpenProject
[INFO ][2015-10-28 16:54:30,978][com.java.SeleniumDriver] [  840] - DataValue : 
[INFO ][2015-10-28 16:54:30,978][com.java.SeleniumDriver] [  846] - <In Set values of the page>
[INFO ][2015-10-28 16:54:30,978][com.java.SeleniumDriver] [  849] - {Data Fields & Data Values Exist}
[INFO ][2015-10-28 16:54:30,978][com.java.SeleniumDriver] [  851] - --------------------------setting values-----------------------------
[INFO ][2015-10-28 16:54:30,978][com.java.SeleniumDriver] [  854] - Action Type : CLICK
[INFO ][2015-10-28 16:54:30,978][com.java.TestType] [ 3251] - Field ::BTNbtnOpenProject
[INFO ][2015-10-28 16:54:31,985][com.java.TestType] [ 3284] - BEFORE CLICK
[INFO ][2015-10-28 16:54:33,733][com.java.TestType] [ 3288] - Unable to click the object Open Project button
[INFO ][2015-10-28 16:54:33,733][com.java.SeleniumDriver] [  863] -  RESULT true
[INFO ][2015-10-28 16:54:33,733][com.java.SeleniumDriver] [ 1068] - ?   P A S S   ?
[INFO ][2015-10-28 16:54:33,733][com.java.SeleniumDriver] [  790] - ------------------------------------------
[INFO ][2015-10-28 16:54:33,733][com.java.SeleniumDriver] [  791] - Test case being Executed: 13
[INFO ][2015-10-28 16:54:33,733][com.java.SeleniumDriver] [  802] - Test step:13
[INFO ][2015-10-28 16:54:33,733][com.java.SeleniumDriver] [  814] - Datavalue is----------null
[DEBUG][2015-10-28 16:54:33,733][com.java.SeleniumDriver] [  832] - Exception: null
[INFO ][2015-10-28 16:54:33,733][com.java.SeleniumDriver] [  838] - DataField : BTNparent
[INFO ][2015-10-28 16:54:33,733][com.java.SeleniumDriver] [  840] - DataValue : 
[INFO ][2015-10-28 16:54:33,733][com.java.SeleniumDriver] [  846] - <In Set values of the page>
[INFO ][2015-10-28 16:54:33,733][com.java.SeleniumDriver] [  849] - {Data Fields & Data Values Exist}
[INFO ][2015-10-28 16:54:33,733][com.java.SeleniumDriver] [  851] - --------------------------setting values-----------------------------
[INFO ][2015-10-28 16:54:33,733][com.java.SeleniumDriver] [  854] - Action Type : SELECTFRAME
[INFO ][2015-10-28 16:54:33,743][com.java.SeleniumDriver] [  863] -  RESULT true
[INFO ][2015-10-28 16:54:33,743][com.java.SeleniumDriver] [ 1068] - ?   P A S S   ?
[INFO ][2015-10-28 16:54:33,743][com.java.SeleniumDriver] [  790] - ------------------------------------------
[INFO ][2015-10-28 16:54:33,743][com.java.SeleniumDriver] [  791] - Test case being Executed: 13
[INFO ][2015-10-28 16:54:33,743][com.java.SeleniumDriver] [  802] - Test step:14
[INFO ][2015-10-28 16:54:33,743][com.java.SeleniumDriver] [  814] - Datavalue is----------10
[INFO ][2015-10-28 16:54:33,743][com.java.SeleniumDriver] [  838] - DataField : null
[INFO ][2015-10-28 16:54:33,743][com.java.SeleniumDriver] [  840] - DataValue : 10
[INFO ][2015-10-28 16:54:33,743][com.java.SeleniumDriver] [  846] - <In Set values of the page>
[INFO ][2015-10-28 16:54:33,743][com.java.SeleniumDriver] [  849] - {Data Fields & Data Values Exist}
[INFO ][2015-10-28 16:54:33,743][com.java.SeleniumDriver] [  851] - --------------------------setting values-----------------------------
[INFO ][2015-10-28 16:54:33,743][com.java.SeleniumDriver] [  854] - Action Type : WAITTIME
[DEBUG][2015-10-28 16:54:33,743][com.java.TestType] [ 2909] - sleepTime: 10000
[INFO ][2015-10-28 16:54:43,745][com.java.SeleniumDriver] [  863] -  RESULT true
[INFO ][2015-10-28 16:54:43,745][com.java.SeleniumDriver] [ 1068] - ?   P A S S   ?
[INFO ][2015-10-28 16:54:43,745][com.java.SeleniumDriver] [  790] - ------------------------------------------
[INFO ][2015-10-28 16:54:43,745][com.java.SeleniumDriver] [  791] - Test case being Executed: 13
[INFO ][2015-10-28 16:54:43,745][com.java.SeleniumDriver] [  802] - Test step:15
[INFO ][2015-10-28 16:54:43,745][com.java.SeleniumDriver] [  814] - Datavalue is----------100
[INFO ][2015-10-28 16:54:43,745][com.java.SeleniumDriver] [  838] - DataField : BTNddlProfitCenters
[INFO ][2015-10-28 16:54:43,745][com.java.SeleniumDriver] [  840] - DataValue : 100
[INFO ][2015-10-28 16:54:43,745][com.java.SeleniumDriver] [  846] - <In Set values of the page>
[INFO ][2015-10-28 16:54:43,745][com.java.SeleniumDriver] [  849] - {Data Fields & Data Values Exist}
[INFO ][2015-10-28 16:54:43,745][com.java.SeleniumDriver] [  851] - --------------------------setting values-----------------------------
[INFO ][2015-10-28 16:54:43,745][com.java.SeleniumDriver] [  854] - Action Type : WAITFORELEMENT
[INFO ][2015-10-28 16:54:44,805][com.java.SeleniumDriver] [  863] -  RESULT true
[INFO ][2015-10-28 16:54:44,805][com.java.SeleniumDriver] [ 1068] - ?   P A S S   ?
[INFO ][2015-10-28 16:54:44,805][com.java.SeleniumDriver] [  790] - ------------------------------------------
[INFO ][2015-10-28 16:54:44,805][com.java.SeleniumDriver] [  791] - Test case being Executed: 13
[INFO ][2015-10-28 16:54:44,805][com.java.SeleniumDriver] [  802] - Test step:16
[INFO ][2015-10-28 16:54:44,805][com.java.SeleniumDriver] [  814] - Datavalue is----------index:1
[INFO ][2015-10-28 16:54:44,805][com.java.SeleniumDriver] [  838] - DataField : COBddlProfitCenters
[INFO ][2015-10-28 16:54:44,806][com.java.SeleniumDriver] [  840] - DataValue : index:1
[INFO ][2015-10-28 16:54:44,806][com.java.SeleniumDriver] [  846] - <In Set values of the page>
[INFO ][2015-10-28 16:54:44,806][com.java.SeleniumDriver] [  849] - {Data Fields & Data Values Exist}
[INFO ][2015-10-28 16:54:44,806][com.java.SeleniumDriver] [  851] - --------------------------setting values-----------------------------
[INFO ][2015-10-28 16:54:44,806][com.java.SeleniumDriver] [  854] - Action Type : SELECT
[INFO ][2015-10-28 16:54:44,806][com.java.TestType] [ 2981] - value = 1
[INFO ][2015-10-28 16:54:45,988][com.java.TestType] [ 3082] -  In COB ddlProfitCenters : 1
[ERROR][2015-10-28 16:54:46,258][com.java.TestType] [ 3151] - Unable to perform Action Select Cannot locate option with index: 1
For documentation on this error, please visit: http://seleniumhq.org/exceptions/no_such_element.html
Build info: version: '2.48.2', revision: '41bccdd', time: '2015-10-09 19:59:12'
System info: host: 'FVTIII438F1D', ip: '172.17.68.34', os.name: 'Windows 7', os.arch: 'x86', os.version: '6.1', java.version: '1.7.0_55'
Driver info: driver.version: SeleniumDriver
[INFO ][2015-10-28 16:54:46,258][com.java.SeleniumDriver] [  863] -  RESULT false
[INFO ][2015-10-28 16:54:46,258][com.java.SeleniumDriver] [  910] - ?   F A I L   ?
[INFO ][2015-10-28 16:54:46,258][com.java.SeleniumDriver] [  918] - Browser Type : IE11
[INFO ][2015-10-28 16:54:46,258][com.java.SeleniumDriver] [  919] - Adding Failed case13
[INFO ][2015-10-28 16:54:46,832][com.java.SeleniumDriver] [ 1032] - failedCases = 13
[ERROR][2015-10-28 16:54:46,832][com.java.SeleniumDriver] [ 1518] - Platform Errors : Our apologies...::We have encountered an issue with your request.::Our apologies?:We encountered an issue with your request.
[INFO ][2015-10-28 16:54:46,832][com.java.SeleniumDriver] [ 1522] - Length =3
[ERROR][2015-10-28 16:54:46,832][com.java.SeleniumDriver] [ 1525] - Error 0 = Our apologies...
[ERROR][2015-10-28 16:54:46,888][com.java.SeleniumDriver] [ 1525] - Error 1 = We have encountered an issue with your request.
[ERROR][2015-10-28 16:54:46,908][com.java.SeleniumDriver] [ 1525] - Error 2 = Our apologies?:We encountered an issue with your request.
[DEBUG][2015-10-28 16:54:46,959][com.java.SeleniumDriver] [ 1170] - Case found
[DEBUG][2015-10-28 16:54:46,959][com.java.SeleniumDriver] [ 1175] - Incrementing ReportCounters[0]:2
[INFO ][2015-10-28 16:54:46,959][com.java.SeleniumDriver] [ 1194] - The results are-------------------[13, 16, Projectioans: Forecasting, Fail, 
Test case failed at Step No. :: 16   Error Message ::  Option ::1:: not found in Combo box :: ddlProfitCenters. Screen Shot : D:\BankersDashboard\TestReports\102815\13_102815_165446_IE11.png, Wed Oct 28 16:54:46 IST 2015]
[INFO ][2015-10-28 16:54:46,959][com.java.SeleniumDriver] [ 1198] - End time is-------2 min 40 sec
[INFO ][2015-10-28 16:54:46,959][com.java.SeleniumDriver] [ 1199] - The results are-------------------[13, 16, Projectioans: Forecasting, Fail, 
Test case failed at Step No. :: 16   Error Message ::  Option ::1:: not found in Combo box :: ddlProfitCenters. Screen Shot : D:\BankersDashboard\TestReports\102815\13_102815_165446_IE11.png, Wed Oct 28 16:54:46 IST 2015]
[DEBUG][2015-10-28 16:54:46,959][com.java.ImportnExport.ExportTestResultsExcel] [  222] - testResultPath = D:\BankersDashboard/TestReports/Test Results_BankersDashBoard_102815_165208_IE11_Simmons First National Bank.xls
[DEBUG][2015-10-28 16:54:46,959][com.java.ImportnExport.ExportTestResultsExcel] [  223] - browser is------------IE11
[DEBUG][2015-10-28 16:54:46,959][com.java.ImportnExport.ExportTestResultsExcel] [  270] - result.size() = 6
[DEBUG][2015-10-28 16:54:46,959][com.java.ImportnExport.ExportTestResultsExcel] [  274] - No of rows in sheet=2
[DEBUG][2015-10-28 16:54:46,959][com.java.ImportnExport.ExportTestResultsExcel] [  301] - ..in export..13
[DEBUG][2015-10-28 16:54:46,959][com.java.ImportnExport.ExportTestResultsExcel] [  301] - ..in export..Projectioans: Forecasting
[DEBUG][2015-10-28 16:54:46,959][com.java.ImportnExport.ExportTestResultsExcel] [  301] - ..in export..Fail
[DEBUG][2015-10-28 16:54:46,959][com.java.ImportnExport.ExportTestResultsExcel] [  301] - ..in export..
Test case failed at Step No. :: 16   Error Message ::  Option ::1:: not found in Combo box :: ddlProfitCenters. Screen Shot : D:\BankersDashboard\TestReports\102815\13_102815_165446_IE11.png
[DEBUG][2015-10-28 16:54:46,959][com.java.ImportnExport.ExportTestResultsExcel] [  301] - ..in export..Wed Oct 28 16:54:46 IST 2015
[INFO ][2015-10-28 16:54:46,959][com.java.SeleniumDriver] [ 1257] - out loop:1 size:2 TestCases:[2, 13] testcases:[2, 13]
[INFO ][2015-10-28 16:54:48,961][com.java.SeleniumDriver] [ 1299] - Total Number of Cases:2
[INFO ][2015-10-28 16:54:48,961][com.java.TemplateGenerator] [  302] - Executed:2
[INFO ][2015-10-28 16:54:48,961][com.java.TemplateGenerator] [  303] - Passed:1
[INFO ][2015-10-28 16:54:48,961][com.java.TemplateGenerator] [  304] - Failed:1
[INFO ][2015-10-28 16:54:48,961][com.java.TemplateGenerator] [  305] - Skipeed:0
[INFO ][2015-10-28 16:54:48,961][com.java.TemplateGenerator] [  306] - Application URL:https://clients.xuat.bankersdashboard.com
[INFO ][2015-10-28 16:54:48,961][com.java.TemplateGenerator] [  307] - Start Time:102815_165208
[INFO ][2015-10-28 16:54:48,961][com.java.TemplateGenerator] [  308] -  Creating HTML Report 
[ERROR][2015-10-28 16:54:48,961][com.java.TemplateGenerator] [  409] - Unparseable date: "Wed Oct 28 04:52:08 IST 2015"
[INFO ][2015-10-28 16:54:48,961][com.java.TemplateGenerator] [  654] -  Exporting case :: 2
[INFO ][2015-10-28 16:54:48,961][com.java.TemplateGenerator] [  654] -  Exporting case :: 13
[INFO ][2015-10-28 16:54:48,961][com.java.SeleniumDriver] [ 1348] - End Time:102815_165448
[INFO ][2015-10-28 16:54:48,961][com.java.SeleniumDriver] [ 1351] - Data in Test Execution Details:{2=PASS, 13=FAILTest case failed at Step No. :: 16   Error Message ::  Option ::1:: not found in Combo box :: ddlProfitCenters}
[INFO ][2015-10-28 16:54:48,961][com.java.SeleniumDriver] [ 1352] - Data in Failed Execution Deatils:{}
[INFO ][2015-10-28 16:54:48,961][com.java.SeleniumDriver] [ 1354] - ReportCounter:Total:2 :: PASS: 1 ::FAIL: 1
[INFO ][2015-10-28 16:54:48,961][com.java.SeleniumDriver] [ 1355] - FailedReportCounter:Total:0 :: PASS: 0 ::FAIL: 0
[INFO ][2015-10-28 16:54:48,962][com.java.EmailTestReport] [   63] - Sending report mail details:
[INFO ][2015-10-28 16:54:48,962][com.java.EmailTestReport] [   80] - Excel Report Path:D:\BankersDashboard/TestReports/Test Results_BankersDashBoard_102815_165208_IE11_Simmons First National Bank.xls
[INFO ][2015-10-28 16:54:48,962][com.java.EmailTestReport] [   81] - HTML Report Path:D:\BankersDashboard//TestReports//Test Results_BankersDashBoard_102815_165208_IE11_Simmons First National Bank.html
[INFO ][2015-10-28 16:54:48,962][com.java.EmailTestReport] [   82] - smtpHostName:mail01.valuelabs.com
[INFO ][2015-10-28 16:54:48,962][com.java.EmailTestReport] [   83] - Recipient:venkateswararao.gubbala@valuelabs.com
[INFO ][2015-10-28 16:54:48,962][com.java.EmailTestReport] [   84] - From:venkateswararao.gubbala@valuelabs.com
[INFO ][2015-10-28 16:54:48,962][com.java.EmailTestReport] [   85] - Subject:DestinationRewards Automation Test Report - Simmons First National Bank - IE11
[INFO ][2015-10-28 16:54:48,982][com.java.EmailTestReport] [  143] -  Added venkateswararao.gubbala@valuelabs.com
[INFO ][2015-10-28 16:54:52,415][com.java.SeleniumDriver] [  719] - quitting the browser 
[INFO ][2015-10-28 16:54:54,412][com.java.SeleniumDriver] [  263] - Execution Completed Stopping the thread
