[INFO ][2015-11-03 14:52:11,723][com.java.SeleniumDriver] [  213] - Execute Failed Casesfalse
[INFO ][2015-11-03 14:52:11,724][com.java.SeleniumDriver] [  214] - Browser: IE11
[INFO ][2015-11-03 14:52:11,724][com.java.SeleniumDriver] [  215] - [1, 9]
[INFO ][2015-11-03 14:52:11,724][com.java.SeleniumDriver] [  216] - Total TestCases:2
[INFO ][2015-11-03 14:52:11,724][com.java.SeleniumDriver] [  217] -  Reading Properties from Property File 
[DEBUG][2015-11-03 14:52:11,725][com.java.SeleniumDriver] [  238] - url : https://clients-xuat.bankersdashboard.com
[INFO ][2015-11-03 14:52:11,726][com.java.ImportnExport.ExportTestResultsExcel] [  116] - Time Stamp Tue Nov 03 02:52:11 IST 2015
[INFO ][2015-11-03 14:52:11,726][com.java.ImportnExport.ExportTestResultsExcel] [  175] - OUT FILE : D:\BankersDashboard/TestReports/Test Results_BankersDashBoard_110315_145211_IE11_Any Bank USA.xls
[INFO ][2015-11-03 14:52:11,757][com.java.ImportnExport.ExportTestResultsExcel] [  180] - Test Result file is created
[DEBUG][2015-11-03 14:52:11,859][com.java.SeleniumDriver] [  425] - Hub ip address is-------172.17.68.34
[INFO ][2015-11-03 14:52:11,860][com.java.SeleniumDriver] [  451] - Grid URL:http://172.17.68.34:4444/wd/hub
[INFO ][2015-11-03 14:52:11,860][com.java.SeleniumDriver] [  452] - Capability:Capabilities [{platform=ANY, ensureCleanSession=true, ignoreProtectedModeSettings=true, acceptSslCerts=true, ignoreZoomSetting=true, browserName=internet explorer, browserstack.ie.noFlash=true, version=Node1}]
[ERROR][2015-11-03 14:52:13,157][com.java.SeleniumDriver] [  496] - Unable invoke browser in grid:Could not start a new session. Possible causes are invalid address of the remote server or browser start-up failure.
Build info: version: '2.48.2', revision: '41bccdd', time: '2015-10-09 19:59:12'
System info: host: 'FVTIII438F1D', ip: '172.17.68.34', os.name: 'Windows 7', os.arch: 'x86', os.version: '6.1', java.version: '1.7.0_55'
Driver info: driver.version: SeleniumDriver
[INFO ][2015-11-03 14:52:13,157][com.java.SeleniumDriver] [  498] - Executing on local machine
[INFO ][2015-11-03 14:52:22,217][com.java.SeleniumDriver] [  248] - IE11is opened
[INFO ][2015-11-03 14:52:23,093][com.java.SeleniumDriver] [  752] - Test cases to be executed are: [1, 9]
[INFO ][2015-11-03 14:52:23,093][com.java.ImportnExport.ImportTestDataDetailsExcel] [   49] - test data details path===== D:\BankersDashboard\TestInputs\TestData.xls
[INFO ][2015-11-03 14:52:33,919][com.java.SeleniumDriver] [  788] - ------------------------------------------
[INFO ][2015-11-03 14:52:33,919][com.java.SeleniumDriver] [  789] - Test case being Executed: 1
[INFO ][2015-11-03 14:52:33,935][com.java.SeleniumDriver] [  800] - Test step:1
[INFO ][2015-11-03 14:52:33,935][com.java.SeleniumDriver] [  812] - Datavalue is----------Concept#1:1-14
[INFO ][2015-11-03 14:52:33,935][com.java.SeleniumDriver] [  836] - DataField : test
[INFO ][2015-11-03 14:52:33,935][com.java.SeleniumDriver] [  838] - DataValue : Concept#1:1-14
[INFO ][2015-11-03 14:52:33,935][com.java.SeleniumDriver] [  844] - <In Set values of the page>
[INFO ][2015-11-03 14:52:33,936][com.java.SeleniumDriver] [  847] - {Data Fields & Data Values Exist}
[INFO ][2015-11-03 14:52:33,936][com.java.SeleniumDriver] [  849] - --------------------------setting values-----------------------------
[INFO ][2015-11-03 14:52:33,936][com.java.SeleniumDriver] [  852] - Action Type : ExecuteTestCase
[INFO ][2015-11-03 14:52:33,953][com.java.TestType] [  411] - The Concept sheet name is ---------- Concept
[INFO ][2015-11-03 14:52:33,953][com.java.TestType] [  414] - The Concept ID  is ---------- 1
[DEBUG][2015-11-03 14:52:33,953][com.java.TestType] [  418] - Steps being executted in the Concept are: 1:14
[INFO ][2015-11-03 14:52:33,953][com.java.TestType] [  425] - Test data details path ---------- D:\BankersDashboard\TestInputs\TestData.xls
[INFO ][2015-11-03 14:52:33,984][com.java.TestType] [  456] -  str(1) = 1
[INFO ][2015-11-03 14:52:33,984][com.java.TestType] [  459] - Test case Id is---1
[INFO ][2015-11-03 14:52:33,984][com.java.TestType] [  461] - 1
[INFO ][2015-11-03 14:52:33,984][com.java.TestType] [  456] -  str(2) = 1
[INFO ][2015-11-03 14:52:33,988][com.java.TestType] [  508] - row values are--------{1=com.java.Objects.TestDataDetails@1bf57bb}
[INFO ][2015-11-03 14:52:33,988][com.java.TestType] [  456] -  str(1) = 1
[INFO ][2015-11-03 14:52:33,988][com.java.TestType] [  459] - Test case Id is---1
[INFO ][2015-11-03 14:52:33,988][com.java.TestType] [  461] - 1
[INFO ][2015-11-03 14:52:33,989][com.java.TestType] [  456] -  str(2) = 2
[INFO ][2015-11-03 14:52:33,990][com.java.TestType] [  508] - row values are--------{1=com.java.Objects.TestDataDetails@1bf57bb, 2=com.java.Objects.TestDataDetails@f5bb3d}
[INFO ][2015-11-03 14:52:33,990][com.java.TestType] [  456] -  str(1) = 1
[INFO ][2015-11-03 14:52:33,990][com.java.TestType] [  459] - Test case Id is---1
[INFO ][2015-11-03 14:52:33,990][com.java.TestType] [  461] - 1
[INFO ][2015-11-03 14:52:33,990][com.java.TestType] [  456] -  str(2) = 3
[INFO ][2015-11-03 14:52:33,991][com.java.TestType] [  508] - row values are--------{1=com.java.Objects.TestDataDetails@1bf57bb, 2=com.java.Objects.TestDataDetails@f5bb3d, 3=com.java.Objects.TestDataDetails@945083}
[INFO ][2015-11-03 14:52:33,991][com.java.TestType] [  456] -  str(1) = 1
[INFO ][2015-11-03 14:52:33,992][com.java.TestType] [  459] - Test case Id is---1
[INFO ][2015-11-03 14:52:33,992][com.java.TestType] [  461] - 1
[INFO ][2015-11-03 14:52:33,992][com.java.TestType] [  456] -  str(2) = 4
[INFO ][2015-11-03 14:52:33,993][com.java.TestType] [  508] - row values are--------{1=com.java.Objects.TestDataDetails@1bf57bb, 2=com.java.Objects.TestDataDetails@f5bb3d, 3=com.java.Objects.TestDataDetails@945083, 4=com.java.Objects.TestDataDetails@112c003}
[INFO ][2015-11-03 14:52:33,993][com.java.TestType] [  456] -  str(1) = 1
[INFO ][2015-11-03 14:52:33,993][com.java.TestType] [  459] - Test case Id is---1
[INFO ][2015-11-03 14:52:33,993][com.java.TestType] [  461] - 1
[INFO ][2015-11-03 14:52:33,994][com.java.TestType] [  456] -  str(2) = 5
[INFO ][2015-11-03 14:52:33,995][com.java.TestType] [  508] - row values are--------{1=com.java.Objects.TestDataDetails@1bf57bb, 2=com.java.Objects.TestDataDetails@f5bb3d, 3=com.java.Objects.TestDataDetails@945083, 4=com.java.Objects.TestDataDetails@112c003, 5=com.java.Objects.TestDataDetails@1183515}
[INFO ][2015-11-03 14:52:33,995][com.java.TestType] [  456] -  str(1) = 1
[INFO ][2015-11-03 14:52:33,995][com.java.TestType] [  459] - Test case Id is---1
[INFO ][2015-11-03 14:52:33,995][com.java.TestType] [  461] - 1
[INFO ][2015-11-03 14:52:33,995][com.java.TestType] [  456] -  str(2) = 6
[INFO ][2015-11-03 14:52:33,998][com.java.TestType] [  508] - row values are--------{1=com.java.Objects.TestDataDetails@1bf57bb, 2=com.java.Objects.TestDataDetails@f5bb3d, 3=com.java.Objects.TestDataDetails@945083, 4=com.java.Objects.TestDataDetails@112c003, 5=com.java.Objects.TestDataDetails@1183515, 6=com.java.Objects.TestDataDetails@997b5c}
[INFO ][2015-11-03 14:52:33,998][com.java.TestType] [  456] -  str(1) = 1
[INFO ][2015-11-03 14:52:33,998][com.java.TestType] [  459] - Test case Id is---1
[INFO ][2015-11-03 14:52:33,998][com.java.TestType] [  461] - 1
[INFO ][2015-11-03 14:52:33,998][com.java.TestType] [  456] -  str(2) = 7
[INFO ][2015-11-03 14:52:33,999][com.java.TestType] [  508] - row values are--------{1=com.java.Objects.TestDataDetails@1bf57bb, 2=com.java.Objects.TestDataDetails@f5bb3d, 3=com.java.Objects.TestDataDetails@945083, 4=com.java.Objects.TestDataDetails@112c003, 5=com.java.Objects.TestDataDetails@1183515, 6=com.java.Objects.TestDataDetails@997b5c, 7=com.java.Objects.TestDataDetails@193c96b}
[INFO ][2015-11-03 14:52:33,999][com.java.TestType] [  456] -  str(1) = 1
[INFO ][2015-11-03 14:52:33,999][com.java.TestType] [  459] - Test case Id is---1
[INFO ][2015-11-03 14:52:33,999][com.java.TestType] [  461] - 1
[INFO ][2015-11-03 14:52:33,999][com.java.TestType] [  456] -  str(2) = 8
[INFO ][2015-11-03 14:52:34,000][com.java.TestType] [  508] - row values are--------{1=com.java.Objects.TestDataDetails@1bf57bb, 2=com.java.Objects.TestDataDetails@f5bb3d, 3=com.java.Objects.TestDataDetails@945083, 4=com.java.Objects.TestDataDetails@112c003, 5=com.java.Objects.TestDataDetails@1183515, 6=com.java.Objects.TestDataDetails@997b5c, 7=com.java.Objects.TestDataDetails@193c96b, 8=com.java.Objects.TestDataDetails@1ba3e33}
[INFO ][2015-11-03 14:52:34,000][com.java.TestType] [  456] -  str(1) = 1
[INFO ][2015-11-03 14:52:34,000][com.java.TestType] [  459] - Test case Id is---1
[INFO ][2015-11-03 14:52:34,000][com.java.TestType] [  461] - 1
[INFO ][2015-11-03 14:52:34,000][com.java.TestType] [  456] -  str(2) = 9
[INFO ][2015-11-03 14:52:34,001][com.java.TestType] [  508] - row values are--------{1=com.java.Objects.TestDataDetails@1bf57bb, 2=com.java.Objects.TestDataDetails@f5bb3d, 3=com.java.Objects.TestDataDetails@945083, 4=com.java.Objects.TestDataDetails@112c003, 5=com.java.Objects.TestDataDetails@1183515, 6=com.java.Objects.TestDataDetails@997b5c, 7=com.java.Objects.TestDataDetails@193c96b, 8=com.java.Objects.TestDataDetails@1ba3e33, 9=com.java.Objects.TestDataDetails@1ddbf6e}
[INFO ][2015-11-03 14:52:34,001][com.java.TestType] [  456] -  str(1) = 1
[INFO ][2015-11-03 14:52:34,001][com.java.TestType] [  459] - Test case Id is---1
[INFO ][2015-11-03 14:52:34,002][com.java.TestType] [  461] - 1
[INFO ][2015-11-03 14:52:34,003][com.java.TestType] [  456] -  str(2) = 10
[INFO ][2015-11-03 14:52:34,003][com.java.TestType] [  508] - row values are--------{1=com.java.Objects.TestDataDetails@1bf57bb, 2=com.java.Objects.TestDataDetails@f5bb3d, 3=com.java.Objects.TestDataDetails@945083, 4=com.java.Objects.TestDataDetails@112c003, 5=com.java.Objects.TestDataDetails@1183515, 6=com.java.Objects.TestDataDetails@997b5c, 7=com.java.Objects.TestDataDetails@193c96b, 8=com.java.Objects.TestDataDetails@1ba3e33, 9=com.java.Objects.TestDataDetails@1ddbf6e, 10=com.java.Objects.TestDataDetails@110b9b2}
[INFO ][2015-11-03 14:52:34,004][com.java.TestType] [  456] -  str(1) = 1
[INFO ][2015-11-03 14:52:34,004][com.java.TestType] [  459] - Test case Id is---1
[INFO ][2015-11-03 14:52:34,004][com.java.TestType] [  461] - 1
[INFO ][2015-11-03 14:52:34,004][com.java.TestType] [  456] -  str(2) = 11
[INFO ][2015-11-03 14:52:34,005][com.java.TestType] [  508] - row values are--------{1=com.java.Objects.TestDataDetails@1bf57bb, 2=com.java.Objects.TestDataDetails@f5bb3d, 3=com.java.Objects.TestDataDetails@945083, 4=com.java.Objects.TestDataDetails@112c003, 5=com.java.Objects.TestDataDetails@1183515, 6=com.java.Objects.TestDataDetails@997b5c, 7=com.java.Objects.TestDataDetails@193c96b, 8=com.java.Objects.TestDataDetails@1ba3e33, 9=com.java.Objects.TestDataDetails@1ddbf6e, 10=com.java.Objects.TestDataDetails@110b9b2, 11=com.java.Objects.TestDataDetails@1cae761}
[INFO ][2015-11-03 14:52:34,005][com.java.TestType] [  456] -  str(1) = 1
[INFO ][2015-11-03 14:52:34,005][com.java.TestType] [  459] - Test case Id is---1
[INFO ][2015-11-03 14:52:34,005][com.java.TestType] [  461] - 1
[INFO ][2015-11-03 14:52:34,005][com.java.TestType] [  456] -  str(2) = 12
[INFO ][2015-11-03 14:52:34,007][com.java.TestType] [  508] - row values are--------{1=com.java.Objects.TestDataDetails@1bf57bb, 2=com.java.Objects.TestDataDetails@f5bb3d, 3=com.java.Objects.TestDataDetails@945083, 4=com.java.Objects.TestDataDetails@112c003, 5=com.java.Objects.TestDataDetails@1183515, 6=com.java.Objects.TestDataDetails@997b5c, 7=com.java.Objects.TestDataDetails@193c96b, 8=com.java.Objects.TestDataDetails@1ba3e33, 9=com.java.Objects.TestDataDetails@1ddbf6e, 10=com.java.Objects.TestDataDetails@110b9b2, 11=com.java.Objects.TestDataDetails@1cae761, 12=com.java.Objects.TestDataDetails@10ff6e0}
[INFO ][2015-11-03 14:52:34,007][com.java.TestType] [  456] -  str(1) = 1
[INFO ][2015-11-03 14:52:34,007][com.java.TestType] [  459] - Test case Id is---1
[INFO ][2015-11-03 14:52:34,007][com.java.TestType] [  461] - 1
[INFO ][2015-11-03 14:52:34,007][com.java.TestType] [  456] -  str(2) = 13
[INFO ][2015-11-03 14:52:34,008][com.java.TestType] [  508] - row values are--------{1=com.java.Objects.TestDataDetails@1bf57bb, 2=com.java.Objects.TestDataDetails@f5bb3d, 3=com.java.Objects.TestDataDetails@945083, 4=com.java.Objects.TestDataDetails@112c003, 5=com.java.Objects.TestDataDetails@1183515, 6=com.java.Objects.TestDataDetails@997b5c, 7=com.java.Objects.TestDataDetails@193c96b, 8=com.java.Objects.TestDataDetails@1ba3e33, 9=com.java.Objects.TestDataDetails@1ddbf6e, 10=com.java.Objects.TestDataDetails@110b9b2, 11=com.java.Objects.TestDataDetails@1cae761, 12=com.java.Objects.TestDataDetails@10ff6e0, 13=com.java.Objects.TestDataDetails@1d4f42a}
[INFO ][2015-11-03 14:52:34,008][com.java.TestType] [  456] -  str(1) = 1
[INFO ][2015-11-03 14:52:34,008][com.java.TestType] [  459] - Test case Id is---1
[INFO ][2015-11-03 14:52:34,008][com.java.TestType] [  461] - 1
[INFO ][2015-11-03 14:52:34,008][com.java.TestType] [  456] -  str(2) = 14
[INFO ][2015-11-03 14:52:34,009][com.java.TestType] [  508] - row values are--------{1=com.java.Objects.TestDataDetails@1bf57bb, 2=com.java.Objects.TestDataDetails@f5bb3d, 3=com.java.Objects.TestDataDetails@945083, 4=com.java.Objects.TestDataDetails@112c003, 5=com.java.Objects.TestDataDetails@1183515, 6=com.java.Objects.TestDataDetails@997b5c, 7=com.java.Objects.TestDataDetails@193c96b, 8=com.java.Objects.TestDataDetails@1ba3e33, 9=com.java.Objects.TestDataDetails@1ddbf6e, 10=com.java.Objects.TestDataDetails@110b9b2, 11=com.java.Objects.TestDataDetails@1cae761, 12=com.java.Objects.TestDataDetails@10ff6e0, 13=com.java.Objects.TestDataDetails@1d4f42a, 14=com.java.Objects.TestDataDetails@14f8e8b}
[INFO ][2015-11-03 14:52:34,009][com.java.TestType] [ 7899] - Looping 1TCID = 1
[DEBUG][2015-11-03 14:52:34,009][com.java.TestType] [ 7940] - Concept ID:1 :: Step being Executed: 1::1
[INFO ][2015-11-03 14:52:34,009][com.java.TestType] [ 7978] - dataFields : TXTusername
[DEBUG][2015-11-03 14:52:34,009][com.java.TestType] [ 7984] - <In Set values of the page>
[DEBUG][2015-11-03 14:52:34,009][com.java.TestType] [ 7989] - {Data Fields & Data Values Exist}
[INFO ][2015-11-03 14:52:34,009][com.java.TestType] [ 7995] - --------------------------setting values-----------------------------
[INFO ][2015-11-03 14:52:34,009][com.java.TestType] [ 7998] - Action Type : CLEARANDENTER
[INFO ][2015-11-03 14:52:34,010][com.java.TestType] [ 3750] - value = naresh.nayini.00000
[INFO ][2015-11-03 14:52:38,817][com.java.TestType] [ 8017] -  RESULT true
[INFO ][2015-11-03 14:52:38,817][com.java.TestType] [ 8134] - ?   P A S S   ?
[DEBUG][2015-11-03 14:52:38,817][com.java.TestType] [ 7940] - Concept ID:1 :: Step being Executed: 1::2
[INFO ][2015-11-03 14:52:38,817][com.java.TestType] [ 7978] - dataFields : TXTpassword
[DEBUG][2015-11-03 14:52:38,817][com.java.TestType] [ 7984] - <In Set values of the page>
[DEBUG][2015-11-03 14:52:38,817][com.java.TestType] [ 7989] - {Data Fields & Data Values Exist}
[INFO ][2015-11-03 14:52:38,817][com.java.TestType] [ 7995] - --------------------------setting values-----------------------------
[INFO ][2015-11-03 14:52:38,818][com.java.TestType] [ 7998] - Action Type : CLEARANDENTER
[INFO ][2015-11-03 14:52:38,819][com.java.TestType] [ 3750] - value = Password1*
[INFO ][2015-11-03 14:52:43,727][com.java.TestType] [ 8017] -  RESULT true
[INFO ][2015-11-03 14:52:43,727][com.java.TestType] [ 8134] - ?   P A S S   ?
[DEBUG][2015-11-03 14:52:43,727][com.java.TestType] [ 7940] - Concept ID:1 :: Step being Executed: 1::3
[ERROR][2015-11-03 14:52:43,727][com.java.TestType] [ 7973] - Exception: null
[INFO ][2015-11-03 14:52:43,727][com.java.TestType] [ 7978] - dataFields : XPH//button[@type='submit']
[DEBUG][2015-11-03 14:52:43,727][com.java.TestType] [ 7984] - <In Set values of the page>
[DEBUG][2015-11-03 14:52:43,727][com.java.TestType] [ 7989] - {Data Fields & Data Values Exist}
[INFO ][2015-11-03 14:52:43,728][com.java.TestType] [ 7995] - --------------------------setting values-----------------------------
[INFO ][2015-11-03 14:52:43,728][com.java.TestType] [ 7998] - Action Type : Click
[INFO ][2015-11-03 14:52:43,728][com.java.TestType] [ 4063] - Field ::XPH//button[@type='submit']
[INFO ][2015-11-03 14:52:44,728][com.java.TestType] [ 4122] - BEFORE CLICK
[INFO ][2015-11-03 14:52:45,579][com.java.TestType] [ 4130] - Unable to click the object Login
[INFO ][2015-11-03 14:52:45,579][com.java.TestType] [ 8017] -  RESULT true
[INFO ][2015-11-03 14:52:45,579][com.java.TestType] [ 8134] - ?   P A S S   ?
[DEBUG][2015-11-03 14:52:45,579][com.java.TestType] [ 7940] - Concept ID:1 :: Step being Executed: 1::4
[INFO ][2015-11-03 14:52:45,579][com.java.TestType] [ 7978] - dataFields : LNKLogout
[DEBUG][2015-11-03 14:52:45,579][com.java.TestType] [ 7984] - <In Set values of the page>
[DEBUG][2015-11-03 14:52:45,579][com.java.TestType] [ 7989] - {Data Fields & Data Values Exist}
[INFO ][2015-11-03 14:52:45,579][com.java.TestType] [ 7995] - --------------------------setting values-----------------------------
[INFO ][2015-11-03 14:52:45,579][com.java.TestType] [ 7998] - Action Type : WaitForElement
[INFO ][2015-11-03 14:52:55,358][com.java.TestType] [ 8017] -  RESULT true
[INFO ][2015-11-03 14:52:55,358][com.java.TestType] [ 8134] - ?   P A S S   ?
[DEBUG][2015-11-03 14:52:55,359][com.java.TestType] [ 7940] - Concept ID:1 :: Step being Executed: 1::13
[INFO ][2015-11-03 14:52:55,359][com.java.TestType] [ 7978] - dataFields : LGN
[DEBUG][2015-11-03 14:52:55,359][com.java.TestType] [ 7984] - <In Set values of the page>
[DEBUG][2015-11-03 14:52:55,359][com.java.TestType] [ 7989] - {Data Fields & Data Values Exist}
[INFO ][2015-11-03 14:52:55,359][com.java.TestType] [ 7995] - --------------------------setting values-----------------------------
[INFO ][2015-11-03 14:52:55,359][com.java.TestType] [ 7998] - Action Type : Verify
[INFO ][2015-11-03 14:52:55,360][com.java.TestType] [ 4876] - field= LGN value= Username
[INFO ][2015-11-03 14:52:55,360][com.java.TestType] [ 3750] - value = Username
[INFO ][2015-11-03 14:52:55,509][com.java.TestType] [ 8017] -  RESULT true
[INFO ][2015-11-03 14:52:55,509][com.java.TestType] [ 8134] - ?   P A S S   ?
[DEBUG][2015-11-03 14:52:55,509][com.java.TestType] [ 7940] - Concept ID:1 :: Step being Executed: 1::14
[INFO ][2015-11-03 14:52:55,509][com.java.TestType] [ 7978] - dataFields : BTN
[DEBUG][2015-11-03 14:52:55,509][com.java.TestType] [ 7984] - <In Set values of the page>
[DEBUG][2015-11-03 14:52:55,509][com.java.TestType] [ 7989] - {Data Fields & Data Values Exist}
[INFO ][2015-11-03 14:52:55,509][com.java.TestType] [ 7995] - --------------------------setting values-----------------------------
[INFO ][2015-11-03 14:52:55,509][com.java.TestType] [ 7998] - Action Type : Verify
[INFO ][2015-11-03 14:52:55,509][com.java.TestType] [ 4876] - field= BTN value= //img[contains(@src,'bdlogo.jpg')]
[INFO ][2015-11-03 14:52:55,510][com.java.TestType] [ 3750] - value = //img[contains(@src,'bdlogo.jpg')]
[INFO ][2015-11-03 14:52:55,544][com.java.TestType] [ 8017] -  RESULT true
[INFO ][2015-11-03 14:52:55,544][com.java.TestType] [ 8134] - ?   P A S S   ?
[INFO ][2015-11-03 14:52:55,545][com.java.TestType] [ 8205] - Looping End......
[INFO ][2015-11-03 14:52:55,548][com.java.SeleniumDriver] [  861] -  RESULT true
[INFO ][2015-11-03 14:52:55,548][com.java.SeleniumDriver] [ 1066] - ?   P A S S   ?
[INFO ][2015-11-03 14:52:55,549][com.java.SeleniumDriver] [  788] - ------------------------------------------
[INFO ][2015-11-03 14:52:55,549][com.java.SeleniumDriver] [  789] - Test case being Executed: 1
[INFO ][2015-11-03 14:52:55,549][com.java.SeleniumDriver] [  800] - Test step:2
[INFO ][2015-11-03 14:52:55,549][com.java.SeleniumDriver] [  812] - Datavalue is----------Concept#2:1-2
[INFO ][2015-11-03 14:52:55,549][com.java.SeleniumDriver] [  836] - DataField : test
[INFO ][2015-11-03 14:52:55,549][com.java.SeleniumDriver] [  838] - DataValue : Concept#2:1-2
[INFO ][2015-11-03 14:52:55,549][com.java.SeleniumDriver] [  844] - <In Set values of the page>
[INFO ][2015-11-03 14:52:55,549][com.java.SeleniumDriver] [  847] - {Data Fields & Data Values Exist}
[INFO ][2015-11-03 14:52:55,549][com.java.SeleniumDriver] [  849] - --------------------------setting values-----------------------------
[INFO ][2015-11-03 14:52:55,549][com.java.SeleniumDriver] [  852] - Action Type : ExecuteTestCase
[INFO ][2015-11-03 14:52:55,549][com.java.TestType] [  411] - The Concept sheet name is ---------- Concept
[INFO ][2015-11-03 14:52:55,550][com.java.TestType] [  414] - The Concept ID  is ---------- 2
[DEBUG][2015-11-03 14:52:55,550][com.java.TestType] [  418] - Steps being executted in the Concept are: 1:2
[INFO ][2015-11-03 14:52:55,550][com.java.TestType] [  425] - Test data details path ---------- D:\BankersDashboard\TestInputs\TestData.xls
[INFO ][2015-11-03 14:52:55,582][com.java.TestType] [  456] -  str(1) = 2
[INFO ][2015-11-03 14:52:55,582][com.java.TestType] [  459] - Test case Id is---2
[INFO ][2015-11-03 14:52:55,582][com.java.TestType] [  461] - 2
[INFO ][2015-11-03 14:52:55,582][com.java.TestType] [  456] -  str(2) = 1
[INFO ][2015-11-03 14:52:55,584][com.java.TestType] [  508] - row values are--------{1=com.java.Objects.TestDataDetails@108d69f}
[INFO ][2015-11-03 14:52:55,584][com.java.TestType] [  456] -  str(1) = 2
[INFO ][2015-11-03 14:52:55,584][com.java.TestType] [  459] - Test case Id is---2
[INFO ][2015-11-03 14:52:55,584][com.java.TestType] [  461] - 2
[INFO ][2015-11-03 14:52:55,584][com.java.TestType] [  456] -  str(2) = 2
[INFO ][2015-11-03 14:52:55,585][com.java.TestType] [  508] - row values are--------{1=com.java.Objects.TestDataDetails@108d69f, 2=com.java.Objects.TestDataDetails@144d7f2}
[INFO ][2015-11-03 14:52:55,585][com.java.TestType] [  456] -  str(1) = 2
[INFO ][2015-11-03 14:52:55,585][com.java.TestType] [  459] - Test case Id is---2
[INFO ][2015-11-03 14:52:55,585][com.java.TestType] [  461] - 2
[INFO ][2015-11-03 14:52:55,585][com.java.TestType] [  456] -  str(2) = 3
[INFO ][2015-11-03 14:52:55,586][com.java.TestType] [  508] - row values are--------{1=com.java.Objects.TestDataDetails@108d69f, 2=com.java.Objects.TestDataDetails@144d7f2, 3=com.java.Objects.TestDataDetails@1e2e969}
[INFO ][2015-11-03 14:52:55,586][com.java.TestType] [ 7899] - Looping 1TCID = 2
[DEBUG][2015-11-03 14:52:55,586][com.java.TestType] [ 7940] - Concept ID:2 :: Step being Executed: 2::1
[INFO ][2015-11-03 14:52:55,586][com.java.TestType] [ 7978] - dataFields : BNK//select[@id='bank']
[DEBUG][2015-11-03 14:52:55,586][com.java.TestType] [ 7984] - <In Set values of the page>
[DEBUG][2015-11-03 14:52:55,586][com.java.TestType] [ 7989] - {Data Fields & Data Values Exist}
[INFO ][2015-11-03 14:52:55,586][com.java.TestType] [ 7995] - --------------------------setting values-----------------------------
[INFO ][2015-11-03 14:52:55,586][com.java.TestType] [ 7998] - Action Type : Select
[INFO ][2015-11-03 14:52:55,586][com.java.TestType] [ 3750] - value = PFC
[INFO ][2015-11-03 14:52:55,781][com.java.TestType] [ 8017] -  RESULT true
[INFO ][2015-11-03 14:52:55,782][com.java.TestType] [ 8134] - ?   P A S S   ?
[DEBUG][2015-11-03 14:52:55,782][com.java.TestType] [ 7940] - Concept ID:2 :: Step being Executed: 2::2
[INFO ][2015-11-03 14:52:55,782][com.java.TestType] [ 7978] - dataFields : LNKLogout
[DEBUG][2015-11-03 14:52:55,782][com.java.TestType] [ 7984] - <In Set values of the page>
[DEBUG][2015-11-03 14:52:55,782][com.java.TestType] [ 7989] - {Data Fields & Data Values Exist}
[INFO ][2015-11-03 14:52:55,782][com.java.TestType] [ 7995] - --------------------------setting values-----------------------------
[INFO ][2015-11-03 14:52:55,782][com.java.TestType] [ 7998] - Action Type : WaitTime
[DEBUG][2015-11-03 14:52:55,782][com.java.TestType] [ 3654] - sleepTime: 5000
[INFO ][2015-11-03 14:53:00,782][com.java.TestType] [ 8017] -  RESULT true
[INFO ][2015-11-03 14:53:00,782][com.java.TestType] [ 8134] - ?   P A S S   ?
[INFO ][2015-11-03 14:53:00,782][com.java.TestType] [ 8205] - Looping End......
[INFO ][2015-11-03 14:53:00,786][com.java.SeleniumDriver] [  861] -  RESULT true
[INFO ][2015-11-03 14:53:00,786][com.java.SeleniumDriver] [ 1066] - ?   P A S S   ?
[INFO ][2015-11-03 14:53:00,786][com.java.SeleniumDriver] [  788] - ------------------------------------------
[INFO ][2015-11-03 14:53:00,786][com.java.SeleniumDriver] [  789] - Test case being Executed: 1
[INFO ][2015-11-03 14:53:00,786][com.java.SeleniumDriver] [  800] - Test step:3
[INFO ][2015-11-03 14:53:00,786][com.java.SeleniumDriver] [  812] - Datavalue is----------2
[INFO ][2015-11-03 14:53:00,786][com.java.SeleniumDriver] [  836] - DataField : XPH//button[contains(text(),'Add Content')]
[INFO ][2015-11-03 14:53:00,786][com.java.SeleniumDriver] [  838] - DataValue : 2
[INFO ][2015-11-03 14:53:00,786][com.java.SeleniumDriver] [  844] - <In Set values of the page>
[INFO ][2015-11-03 14:53:00,786][com.java.SeleniumDriver] [  847] - {Data Fields & Data Values Exist}
[INFO ][2015-11-03 14:53:00,786][com.java.SeleniumDriver] [  849] - --------------------------setting values-----------------------------
[INFO ][2015-11-03 14:53:00,787][com.java.SeleniumDriver] [  852] - Action Type : WAITFORELEMENT
[INFO ][2015-11-03 14:53:00,820][com.java.SeleniumDriver] [  861] -  RESULT true
[INFO ][2015-11-03 14:53:00,820][com.java.SeleniumDriver] [ 1066] - ?   P A S S   ?
[DEBUG][2015-11-03 14:53:00,820][com.java.SeleniumDriver] [ 1168] - Case found
[DEBUG][2015-11-03 14:53:00,820][com.java.SeleniumDriver] [ 1173] - Incrementing ReportCounters[0]:1
[INFO ][2015-11-03 14:53:00,820][com.java.SeleniumDriver] [ 1192] - The results are-------------------[1, 1, Valid Login, Pass, , Tue Nov 03 14:52:55 IST 2015, 1, 2, Valid Login, Pass, , Tue Nov 03 14:53:00 IST 2015, 1, 3, Add Custom Calculation Indicator to Start Page, Pass, , Tue Nov 03 14:53:00 IST 2015]
[INFO ][2015-11-03 14:53:00,820][com.java.SeleniumDriver] [ 1196] - End time is-------51 sec
[INFO ][2015-11-03 14:53:00,820][com.java.SeleniumDriver] [ 1197] - The results are-------------------[1, 1, Valid Login, Pass, , Tue Nov 03 14:52:55 IST 2015, 1, 2, Valid Login, Pass, , Tue Nov 03 14:53:00 IST 2015, 1, 3, Add Custom Calculation Indicator to Start Page, Pass, , Tue Nov 03 14:53:00 IST 2015]
[DEBUG][2015-11-03 14:53:00,820][com.java.ImportnExport.ExportTestResultsExcel] [  222] - testResultPath = D:\BankersDashboard/TestReports/Test Results_BankersDashBoard_110315_145211_IE11_Any Bank USA.xls
[DEBUG][2015-11-03 14:53:00,821][com.java.ImportnExport.ExportTestResultsExcel] [  223] - browser is------------IE11
[DEBUG][2015-11-03 14:53:00,871][com.java.ImportnExport.ExportTestResultsExcel] [  270] - result.size() = 18
[DEBUG][2015-11-03 14:53:00,871][com.java.ImportnExport.ExportTestResultsExcel] [  274] - No of rows in sheet=1
[DEBUG][2015-11-03 14:53:00,871][com.java.ImportnExport.ExportTestResultsExcel] [  301] - ..in export..1
[DEBUG][2015-11-03 14:53:00,871][com.java.ImportnExport.ExportTestResultsExcel] [  301] - ..in export..Valid Login
[DEBUG][2015-11-03 14:53:00,871][com.java.ImportnExport.ExportTestResultsExcel] [  301] - ..in export..Pass
[DEBUG][2015-11-03 14:53:00,871][com.java.ImportnExport.ExportTestResultsExcel] [  301] - ..in export..
[DEBUG][2015-11-03 14:53:00,871][com.java.ImportnExport.ExportTestResultsExcel] [  301] - ..in export..Tue Nov 03 14:52:55 IST 2015
[INFO ][2015-11-03 14:53:00,873][com.java.SeleniumDriver] [ 1255] - out loop:0 size:2 TestCases:[1, 9] testcases:[1, 9]
[INFO ][2015-11-03 14:53:00,873][com.java.ImportnExport.ImportTestDataDetailsExcel] [   49] - test data details path===== D:\BankersDashboard\TestInputs\TestData.xls
[INFO ][2015-11-03 14:53:19,823][com.java.SeleniumDriver] [  788] - ------------------------------------------
[INFO ][2015-11-03 14:53:19,823][com.java.SeleniumDriver] [  789] - Test case being Executed: 9
[INFO ][2015-11-03 14:53:19,823][com.java.SeleniumDriver] [  800] - Test step:1
[INFO ][2015-11-03 14:53:19,823][com.java.SeleniumDriver] [  812] - Datavalue is----------Logout
[INFO ][2015-11-03 14:53:19,823][com.java.SeleniumDriver] [  836] - DataField : BTN
[INFO ][2015-11-03 14:53:19,823][com.java.SeleniumDriver] [  838] - DataValue : Logout
[INFO ][2015-11-03 14:53:19,823][com.java.SeleniumDriver] [  844] - <In Set values of the page>
[INFO ][2015-11-03 14:53:19,823][com.java.SeleniumDriver] [  847] - {Data Fields & Data Values Exist}
[INFO ][2015-11-03 14:53:19,823][com.java.SeleniumDriver] [  849] - --------------------------setting values-----------------------------
[INFO ][2015-11-03 14:53:19,823][com.java.SeleniumDriver] [  852] - Action Type : Verify
[INFO ][2015-11-03 14:53:19,823][com.java.TestType] [ 4876] - field= BTN value= Logout
[INFO ][2015-11-03 14:53:19,824][com.java.TestType] [ 3750] - value = Logout
[INFO ][2015-11-03 14:53:19,858][com.java.SeleniumDriver] [  861] -  RESULT true
[INFO ][2015-11-03 14:53:19,858][com.java.SeleniumDriver] [ 1066] - ?   P A S S   ?
[INFO ][2015-11-03 14:53:19,858][com.java.SeleniumDriver] [ 1108] - step change to 3
[INFO ][2015-11-03 14:53:19,858][com.java.SeleniumDriver] [  788] - ------------------------------------------
[INFO ][2015-11-03 14:53:19,858][com.java.SeleniumDriver] [  789] - Test case being Executed: 9
[INFO ][2015-11-03 14:53:19,858][com.java.SeleniumDriver] [  800] - Test step:3
[INFO ][2015-11-03 14:53:19,859][com.java.SeleniumDriver] [  812] - Datavalue is----------null
[DEBUG][2015-11-03 14:53:19,859][com.java.SeleniumDriver] [  830] - Exception: null
[INFO ][2015-11-03 14:53:19,859][com.java.SeleniumDriver] [  836] - DataField : //span[@class='icon-hammer']&&//a[text()='Custom Calculations']
[INFO ][2015-11-03 14:53:19,859][com.java.SeleniumDriver] [  838] - DataValue : 
[INFO ][2015-11-03 14:53:19,859][com.java.SeleniumDriver] [  844] - <In Set values of the page>
[INFO ][2015-11-03 14:53:19,859][com.java.SeleniumDriver] [  847] - {Data Fields & Data Values Exist}
[INFO ][2015-11-03 14:53:19,859][com.java.SeleniumDriver] [  849] - --------------------------setting values-----------------------------
[INFO ][2015-11-03 14:53:19,859][com.java.SeleniumDriver] [  852] - Action Type : MOUSEOVER
[INFO ][2015-11-03 14:53:29,222][com.java.SeleniumDriver] [  861] -  RESULT true
[INFO ][2015-11-03 14:53:29,222][com.java.SeleniumDriver] [ 1066] - ?   P A S S   ?
[INFO ][2015-11-03 14:53:29,222][com.java.SeleniumDriver] [  788] - ------------------------------------------
[INFO ][2015-11-03 14:53:29,222][com.java.SeleniumDriver] [  789] - Test case being Executed: 9
[INFO ][2015-11-03 14:53:29,223][com.java.SeleniumDriver] [  800] - Test step:4
[INFO ][2015-11-03 14:53:29,223][com.java.SeleniumDriver] [  812] - Datavalue is----------null
[DEBUG][2015-11-03 14:53:29,224][com.java.SeleniumDriver] [  830] - Exception: null
[INFO ][2015-11-03 14:53:29,224][com.java.SeleniumDriver] [  836] - DataField : BTN//iframe[@class='frameTabContent']
[INFO ][2015-11-03 14:53:29,224][com.java.SeleniumDriver] [  838] - DataValue : 
[INFO ][2015-11-03 14:53:29,224][com.java.SeleniumDriver] [  844] - <In Set values of the page>
[INFO ][2015-11-03 14:53:29,224][com.java.SeleniumDriver] [  847] - {Data Fields & Data Values Exist}
[INFO ][2015-11-03 14:53:29,224][com.java.SeleniumDriver] [  849] - --------------------------setting values-----------------------------
[INFO ][2015-11-03 14:53:29,224][com.java.SeleniumDriver] [  852] - Action Type : SELECTFRAME
[INFO ][2015-11-03 14:53:29,352][com.java.SeleniumDriver] [  861] -  RESULT true
[INFO ][2015-11-03 14:53:29,352][com.java.SeleniumDriver] [ 1066] - ?   P A S S   ?
[INFO ][2015-11-03 14:53:29,352][com.java.SeleniumDriver] [  788] - ------------------------------------------
[INFO ][2015-11-03 14:53:29,352][com.java.SeleniumDriver] [  789] - Test case being Executed: 9
[INFO ][2015-11-03 14:53:29,352][com.java.SeleniumDriver] [  800] - Test step:5
[INFO ][2015-11-03 14:53:29,352][com.java.SeleniumDriver] [  812] - Datavalue is----------5
[INFO ][2015-11-03 14:53:29,352][com.java.SeleniumDriver] [  836] - DataField : XPH//h1[contains(text(), 'Custom Calculations')]
[INFO ][2015-11-03 14:53:29,352][com.java.SeleniumDriver] [  838] - DataValue : 5
[INFO ][2015-11-03 14:53:29,352][com.java.SeleniumDriver] [  844] - <In Set values of the page>
[INFO ][2015-11-03 14:53:29,352][com.java.SeleniumDriver] [  847] - {Data Fields & Data Values Exist}
[INFO ][2015-11-03 14:53:29,353][com.java.SeleniumDriver] [  849] - --------------------------setting values-----------------------------
[INFO ][2015-11-03 14:53:29,353][com.java.SeleniumDriver] [  852] - Action Type : waitforelement
[INFO ][2015-11-03 14:53:29,405][com.java.SeleniumDriver] [  861] -  RESULT true
[INFO ][2015-11-03 14:53:29,405][com.java.SeleniumDriver] [ 1066] - ?   P A S S   ?
[INFO ][2015-11-03 14:53:29,405][com.java.SeleniumDriver] [  788] - ------------------------------------------
[INFO ][2015-11-03 14:53:29,405][com.java.SeleniumDriver] [  789] - Test case being Executed: 9
[INFO ][2015-11-03 14:53:29,405][com.java.SeleniumDriver] [  800] - Test step:6
[INFO ][2015-11-03 14:53:29,405][com.java.SeleniumDriver] [  812] - Datavalue is----------Custom Calculations
[INFO ][2015-11-03 14:53:29,405][com.java.SeleniumDriver] [  836] - DataField : XPH//h1[contains(text(), 'Custom Calculations')]
[INFO ][2015-11-03 14:53:29,406][com.java.SeleniumDriver] [  838] - DataValue : Custom Calculations
[INFO ][2015-11-03 14:53:29,406][com.java.SeleniumDriver] [  844] - <In Set values of the page>
[INFO ][2015-11-03 14:53:29,406][com.java.SeleniumDriver] [  847] - {Data Fields & Data Values Exist}
[INFO ][2015-11-03 14:53:29,406][com.java.SeleniumDriver] [  849] - --------------------------setting values-----------------------------
[INFO ][2015-11-03 14:53:29,406][com.java.SeleniumDriver] [  852] - Action Type : Verify
[INFO ][2015-11-03 14:53:29,406][com.java.TestType] [ 4876] - field= XPH//h1[contains(text(), 'Custom Calculations')] value= Custom Calculations
[INFO ][2015-11-03 14:53:29,406][com.java.TestType] [ 3750] - value = Custom Calculations
[INFO ][2015-11-03 14:53:29,494][com.java.SeleniumDriver] [  861] -  RESULT true
[INFO ][2015-11-03 14:53:29,494][com.java.SeleniumDriver] [ 1066] - ?   P A S S   ?
[INFO ][2015-11-03 14:53:29,494][com.java.SeleniumDriver] [  788] - ------------------------------------------
[INFO ][2015-11-03 14:53:29,494][com.java.SeleniumDriver] [  789] - Test case being Executed: 9
[INFO ][2015-11-03 14:53:29,494][com.java.SeleniumDriver] [  800] - Test step:7
[INFO ][2015-11-03 14:53:29,494][com.java.SeleniumDriver] [  812] - Datavalue is----------5
[INFO ][2015-11-03 14:53:29,494][com.java.SeleniumDriver] [  836] - DataField : XPH//a[contains(text(), 'Add Calculation')]
[INFO ][2015-11-03 14:53:29,494][com.java.SeleniumDriver] [  838] - DataValue : 5
[INFO ][2015-11-03 14:53:29,494][com.java.SeleniumDriver] [  844] - <In Set values of the page>
[INFO ][2015-11-03 14:53:29,494][com.java.SeleniumDriver] [  847] - {Data Fields & Data Values Exist}
[INFO ][2015-11-03 14:53:29,494][com.java.SeleniumDriver] [  849] - --------------------------setting values-----------------------------
[INFO ][2015-11-03 14:53:29,494][com.java.SeleniumDriver] [  852] - Action Type : waitforelement
[INFO ][2015-11-03 14:53:29,517][com.java.SeleniumDriver] [  861] -  RESULT true
[INFO ][2015-11-03 14:53:29,517][com.java.SeleniumDriver] [ 1066] - ?   P A S S   ?
[INFO ][2015-11-03 14:53:29,517][com.java.SeleniumDriver] [  788] - ------------------------------------------
[INFO ][2015-11-03 14:53:29,517][com.java.SeleniumDriver] [  789] - Test case being Executed: 9
[INFO ][2015-11-03 14:53:29,517][com.java.SeleniumDriver] [  800] - Test step:8
[INFO ][2015-11-03 14:53:29,517][com.java.SeleniumDriver] [  812] - Datavalue is----------null
[DEBUG][2015-11-03 14:53:29,517][com.java.SeleniumDriver] [  830] - Exception: null
[INFO ][2015-11-03 14:53:29,517][com.java.SeleniumDriver] [  836] - DataField : XPH//a[contains(text(), 'Add Calculation')]
[INFO ][2015-11-03 14:53:29,517][com.java.SeleniumDriver] [  838] - DataValue : 
[INFO ][2015-11-03 14:53:29,518][com.java.SeleniumDriver] [  844] - <In Set values of the page>
[INFO ][2015-11-03 14:53:29,518][com.java.SeleniumDriver] [  847] - {Data Fields & Data Values Exist}
[INFO ][2015-11-03 14:53:29,518][com.java.SeleniumDriver] [  849] - --------------------------setting values-----------------------------
[INFO ][2015-11-03 14:53:29,518][com.java.SeleniumDriver] [  852] - Action Type : click
[INFO ][2015-11-03 14:53:29,518][com.java.TestType] [ 4063] - Field ::XPH//a[contains(text(), 'Add Calculation')]
[INFO ][2015-11-03 14:53:30,518][com.java.TestType] [ 4122] - BEFORE CLICK
[INFO ][2015-11-03 14:53:31,983][com.java.TestType] [ 4130] - Unable to click the object click on add button
[INFO ][2015-11-03 14:53:31,983][com.java.SeleniumDriver] [  861] -  RESULT true
[INFO ][2015-11-03 14:53:31,983][com.java.SeleniumDriver] [ 1066] - ?   P A S S   ?
[INFO ][2015-11-03 14:53:31,983][com.java.SeleniumDriver] [  788] - ------------------------------------------
[INFO ][2015-11-03 14:53:31,983][com.java.SeleniumDriver] [  789] - Test case being Executed: 9
[INFO ][2015-11-03 14:53:31,983][com.java.SeleniumDriver] [  800] - Test step:9
[INFO ][2015-11-03 14:53:31,983][com.java.SeleniumDriver] [  812] - Datavalue is----------3
[INFO ][2015-11-03 14:53:31,983][com.java.SeleniumDriver] [  836] - DataField : XPH//label[contains(text(), 'Dashboard Groups:')]
[INFO ][2015-11-03 14:53:31,983][com.java.SeleniumDriver] [  838] - DataValue : 3
[INFO ][2015-11-03 14:53:31,983][com.java.SeleniumDriver] [  844] - <In Set values of the page>
[INFO ][2015-11-03 14:53:31,983][com.java.SeleniumDriver] [  847] - {Data Fields & Data Values Exist}
[INFO ][2015-11-03 14:53:31,983][com.java.SeleniumDriver] [  849] - --------------------------setting values-----------------------------
[INFO ][2015-11-03 14:53:31,983][com.java.SeleniumDriver] [  852] - Action Type : waitforelement
[INFO ][2015-11-03 14:53:32,007][com.java.SeleniumDriver] [  861] -  RESULT true
[INFO ][2015-11-03 14:53:32,007][com.java.SeleniumDriver] [ 1066] - ?   P A S S   ?
[INFO ][2015-11-03 14:53:32,007][com.java.SeleniumDriver] [  788] - ------------------------------------------
[INFO ][2015-11-03 14:53:32,007][com.java.SeleniumDriver] [  789] - Test case being Executed: 9
[INFO ][2015-11-03 14:53:32,007][com.java.SeleniumDriver] [  800] - Test step:10
[INFO ][2015-11-03 14:53:32,007][com.java.SeleniumDriver] [  812] - Datavalue is----------null
[DEBUG][2015-11-03 14:53:32,007][com.java.SeleniumDriver] [  830] - Exception: null
[INFO ][2015-11-03 14:53:32,008][com.java.SeleniumDriver] [  836] - DataField : XPH//button[contains(text(), 'Save')]
[INFO ][2015-11-03 14:53:32,008][com.java.SeleniumDriver] [  838] - DataValue : 
[INFO ][2015-11-03 14:53:32,008][com.java.SeleniumDriver] [  844] - <In Set values of the page>
[INFO ][2015-11-03 14:53:32,008][com.java.SeleniumDriver] [  847] - {Data Fields & Data Values Exist}
[INFO ][2015-11-03 14:53:32,008][com.java.SeleniumDriver] [  849] - --------------------------setting values-----------------------------
[INFO ][2015-11-03 14:53:32,008][com.java.SeleniumDriver] [  852] - Action Type : ISDISABLED
[INFO ][2015-11-03 14:53:32,008][com.java.TestType] [ 5735] - field= XPH//button[contains(text(), 'Save')]
[INFO ][2015-11-03 14:53:32,076][com.java.SeleniumDriver] [  861] -  RESULT true
[INFO ][2015-11-03 14:53:32,076][com.java.SeleniumDriver] [ 1066] - ?   P A S S   ?
[INFO ][2015-11-03 14:53:32,076][com.java.SeleniumDriver] [  788] - ------------------------------------------
[INFO ][2015-11-03 14:53:32,076][com.java.SeleniumDriver] [  789] - Test case being Executed: 9
[INFO ][2015-11-03 14:53:32,076][com.java.SeleniumDriver] [  800] - Test step:11
[INFO ][2015-11-03 14:53:32,076][com.java.SeleniumDriver] [  812] - Datavalue is----------3
[INFO ][2015-11-03 14:53:32,076][com.java.SeleniumDriver] [  836] - DataField : XPH//select[contains(@class,'mber-select form-control')]
[INFO ][2015-11-03 14:53:32,076][com.java.SeleniumDriver] [  838] - DataValue : 3
[INFO ][2015-11-03 14:53:32,076][com.java.SeleniumDriver] [  844] - <In Set values of the page>
[INFO ][2015-11-03 14:53:32,076][com.java.SeleniumDriver] [  847] - {Data Fields & Data Values Exist}
[INFO ][2015-11-03 14:53:32,077][com.java.SeleniumDriver] [  849] - --------------------------setting values-----------------------------
[INFO ][2015-11-03 14:53:32,077][com.java.SeleniumDriver] [  852] - Action Type : waitforelement
[INFO ][2015-11-03 14:53:32,099][com.java.SeleniumDriver] [  861] -  RESULT true
[INFO ][2015-11-03 14:53:32,100][com.java.SeleniumDriver] [ 1066] - ?   P A S S   ?
[INFO ][2015-11-03 14:53:32,100][com.java.SeleniumDriver] [  788] - ------------------------------------------
[INFO ][2015-11-03 14:53:32,100][com.java.SeleniumDriver] [  789] - Test case being Executed: 9
[INFO ][2015-11-03 14:53:32,100][com.java.SeleniumDriver] [  800] - Test step:12
[INFO ][2015-11-03 14:53:32,100][com.java.SeleniumDriver] [  812] - Datavalue is----------null
[DEBUG][2015-11-03 14:53:32,100][com.java.SeleniumDriver] [  830] - Exception: null
[INFO ][2015-11-03 14:53:32,100][com.java.SeleniumDriver] [  836] - DataField : XPH//select[contains(@class,'mber-select form-control')]
[INFO ][2015-11-03 14:53:32,100][com.java.SeleniumDriver] [  838] - DataValue : 
[INFO ][2015-11-03 14:53:32,100][com.java.SeleniumDriver] [  844] - <In Set values of the page>
[INFO ][2015-11-03 14:53:32,100][com.java.SeleniumDriver] [  847] - {Data Fields & Data Values Exist}
[INFO ][2015-11-03 14:53:32,100][com.java.SeleniumDriver] [  849] - --------------------------setting values-----------------------------
[INFO ][2015-11-03 14:53:32,100][com.java.SeleniumDriver] [  852] - Action Type : click
[INFO ][2015-11-03 14:53:32,100][com.java.TestType] [ 4063] - Field ::XPH//select[contains(@class,'mber-select form-control')]
[INFO ][2015-11-03 14:53:33,100][com.java.TestType] [ 4122] - BEFORE CLICK
[INFO ][2015-11-03 14:53:33,867][com.java.TestType] [ 4130] - Unable to click the object dollar value dropdown
[INFO ][2015-11-03 14:53:33,867][com.java.SeleniumDriver] [  861] -  RESULT true
[INFO ][2015-11-03 14:53:33,867][com.java.SeleniumDriver] [ 1066] - ?   P A S S   ?
[INFO ][2015-11-03 14:53:33,867][com.java.SeleniumDriver] [  788] - ------------------------------------------
[INFO ][2015-11-03 14:53:33,867][com.java.SeleniumDriver] [  789] - Test case being Executed: 9
[INFO ][2015-11-03 14:53:33,867][com.java.SeleniumDriver] [  800] - Test step:13
[INFO ][2015-11-03 14:53:33,867][com.java.SeleniumDriver] [  812] - Datavalue is----------3
[INFO ][2015-11-03 14:53:33,867][com.java.SeleniumDriver] [  836] - DataField : XPH//select/option[contains(text(), 'Dollar ($)')]
[INFO ][2015-11-03 14:53:33,867][com.java.SeleniumDriver] [  838] - DataValue : 3
[INFO ][2015-11-03 14:53:33,867][com.java.SeleniumDriver] [  844] - <In Set values of the page>
[INFO ][2015-11-03 14:53:33,867][com.java.SeleniumDriver] [  847] - {Data Fields & Data Values Exist}
[INFO ][2015-11-03 14:53:33,867][com.java.SeleniumDriver] [  849] - --------------------------setting values-----------------------------
[INFO ][2015-11-03 14:53:33,867][com.java.SeleniumDriver] [  852] - Action Type : waitforelement
[INFO ][2015-11-03 14:53:33,890][com.java.SeleniumDriver] [  861] -  RESULT true
[INFO ][2015-11-03 14:53:33,890][com.java.SeleniumDriver] [ 1066] - ?   P A S S   ?
[INFO ][2015-11-03 14:53:33,890][com.java.SeleniumDriver] [  788] - ------------------------------------------
[INFO ][2015-11-03 14:53:33,890][com.java.SeleniumDriver] [  789] - Test case being Executed: 9
[INFO ][2015-11-03 14:53:33,890][com.java.SeleniumDriver] [  800] - Test step:14
[INFO ][2015-11-03 14:53:33,890][com.java.SeleniumDriver] [  812] - Datavalue is----------null
[DEBUG][2015-11-03 14:53:33,890][com.java.SeleniumDriver] [  830] - Exception: null
[INFO ][2015-11-03 14:53:33,890][com.java.SeleniumDriver] [  836] - DataField : XPH//select/option[contains(text(), 'Dollar ($)')]
[INFO ][2015-11-03 14:53:33,890][com.java.SeleniumDriver] [  838] - DataValue : 
[INFO ][2015-11-03 14:53:33,891][com.java.SeleniumDriver] [  844] - <In Set values of the page>
[INFO ][2015-11-03 14:53:33,891][com.java.SeleniumDriver] [  847] - {Data Fields & Data Values Exist}
[INFO ][2015-11-03 14:53:33,891][com.java.SeleniumDriver] [  849] - --------------------------setting values-----------------------------
[INFO ][2015-11-03 14:53:33,891][com.java.SeleniumDriver] [  852] - Action Type : click
[INFO ][2015-11-03 14:53:33,891][com.java.TestType] [ 4063] - Field ::XPH//select/option[contains(text(), 'Dollar ($)')]
[INFO ][2015-11-03 14:53:34,891][com.java.TestType] [ 4122] - BEFORE CLICK
[INFO ][2015-11-03 14:53:35,592][com.java.TestType] [ 4130] - Unable to click the object dollar value dropdown
[INFO ][2015-11-03 14:53:35,592][com.java.SeleniumDriver] [  861] -  RESULT true
[INFO ][2015-11-03 14:53:35,592][com.java.SeleniumDriver] [ 1066] - ?   P A S S   ?
[INFO ][2015-11-03 14:53:35,592][com.java.SeleniumDriver] [  788] - ------------------------------------------
[INFO ][2015-11-03 14:53:35,592][com.java.SeleniumDriver] [  789] - Test case being Executed: 9
[INFO ][2015-11-03 14:53:35,592][com.java.SeleniumDriver] [  800] - Test step:15
[INFO ][2015-11-03 14:53:35,592][com.java.SeleniumDriver] [  812] - Datavalue is----------RNDVLTest
[INFO ][2015-11-03 14:53:35,592][com.java.SeleniumDriver] [  836] - DataField : RDN//input[contains(@placeholder, 'Name your Calcu')]
[INFO ][2015-11-03 14:53:35,592][com.java.SeleniumDriver] [  838] - DataValue : RNDVLTest
[INFO ][2015-11-03 14:53:35,592][com.java.SeleniumDriver] [  844] - <In Set values of the page>
[INFO ][2015-11-03 14:53:35,592][com.java.SeleniumDriver] [  847] - {Data Fields & Data Values Exist}
[INFO ][2015-11-03 14:53:35,592][com.java.SeleniumDriver] [  849] - --------------------------setting values-----------------------------
[INFO ][2015-11-03 14:53:35,593][com.java.SeleniumDriver] [  852] - Action Type : enter
[INFO ][2015-11-03 14:53:35,593][com.java.TestType] [ 4383] - field = //input[contains(@placeholder, 'Name your Calcu')]
[INFO ][2015-11-03 14:53:35,593][com.java.TestType] [ 3750] - value = VLTest41559
[INFO ][2015-11-03 14:53:36,082][com.java.SeleniumDriver] [  861] -  RESULT true
[INFO ][2015-11-03 14:53:36,082][com.java.SeleniumDriver] [ 1066] - ?   P A S S   ?
[INFO ][2015-11-03 14:53:36,082][com.java.SeleniumDriver] [  788] - ------------------------------------------
[INFO ][2015-11-03 14:53:36,082][com.java.SeleniumDriver] [  789] - Test case being Executed: 9
[INFO ][2015-11-03 14:53:36,082][com.java.SeleniumDriver] [  800] - Test step:16
[INFO ][2015-11-03 14:53:36,082][com.java.SeleniumDriver] [  812] - Datavalue is----------//div[@id='group-list']/ul/li[2]//a
[INFO ][2015-11-03 14:53:36,082][com.java.SeleniumDriver] [  836] - DataField : BTN
[INFO ][2015-11-03 14:53:36,082][com.java.SeleniumDriver] [  838] - DataValue : //div[@id='group-list']/ul/li[2]//a
[INFO ][2015-11-03 14:53:36,082][com.java.SeleniumDriver] [  844] - <In Set values of the page>
[INFO ][2015-11-03 14:53:36,082][com.java.SeleniumDriver] [  847] - {Data Fields & Data Values Exist}
[INFO ][2015-11-03 14:53:36,083][com.java.SeleniumDriver] [  849] - --------------------------setting values-----------------------------
[INFO ][2015-11-03 14:53:36,083][com.java.SeleniumDriver] [  852] - Action Type : verify
[INFO ][2015-11-03 14:53:36,083][com.java.TestType] [ 4876] - field= BTN value= //div[@id='group-list']/ul/li[2]//a
[INFO ][2015-11-03 14:53:36,083][com.java.TestType] [ 3750] - value = //div[@id='group-list']/ul/li[2]//a
[INFO ][2015-11-03 14:53:36,106][com.java.SeleniumDriver] [  861] -  RESULT true
[INFO ][2015-11-03 14:53:36,106][com.java.SeleniumDriver] [ 1066] - ?   P A S S   ?
[INFO ][2015-11-03 14:53:36,106][com.java.SeleniumDriver] [  788] - ------------------------------------------
[INFO ][2015-11-03 14:53:36,106][com.java.SeleniumDriver] [  789] - Test case being Executed: 9
[INFO ][2015-11-03 14:53:36,106][com.java.SeleniumDriver] [  800] - Test step:17
[INFO ][2015-11-03 14:53:36,106][com.java.SeleniumDriver] [  812] - Datavalue is----------null
[DEBUG][2015-11-03 14:53:36,106][com.java.SeleniumDriver] [  830] - Exception: null
[INFO ][2015-11-03 14:53:36,106][com.java.SeleniumDriver] [  836] - DataField : XPH//div[@id='group-list']/ul/li[2]//a
[INFO ][2015-11-03 14:53:36,106][com.java.SeleniumDriver] [  838] - DataValue : 
[INFO ][2015-11-03 14:53:36,106][com.java.SeleniumDriver] [  844] - <In Set values of the page>
[INFO ][2015-11-03 14:53:36,106][com.java.SeleniumDriver] [  847] - {Data Fields & Data Values Exist}
[INFO ][2015-11-03 14:53:36,107][com.java.SeleniumDriver] [  849] - --------------------------setting values-----------------------------
[INFO ][2015-11-03 14:53:36,107][com.java.SeleniumDriver] [  852] - Action Type : CLICK
[INFO ][2015-11-03 14:53:36,107][com.java.TestType] [ 4063] - Field ::XPH//div[@id='group-list']/ul/li[2]//a
[INFO ][2015-11-03 14:53:37,107][com.java.TestType] [ 4122] - BEFORE CLICK
[INFO ][2015-11-03 14:53:38,033][com.java.TestType] [ 4130] - Unable to click the object calculation name field
[INFO ][2015-11-03 14:53:38,033][com.java.SeleniumDriver] [  861] -  RESULT true
[INFO ][2015-11-03 14:53:38,033][com.java.SeleniumDriver] [ 1066] - ?   P A S S   ?
[INFO ][2015-11-03 14:53:38,033][com.java.SeleniumDriver] [  788] - ------------------------------------------
[INFO ][2015-11-03 14:53:38,033][com.java.SeleniumDriver] [  789] - Test case being Executed: 9
[INFO ][2015-11-03 14:53:38,033][com.java.SeleniumDriver] [  800] - Test step:18
[INFO ][2015-11-03 14:53:38,033][com.java.SeleniumDriver] [  812] - Datavalue is----------3
[INFO ][2015-11-03 14:53:38,033][com.java.SeleniumDriver] [  836] - DataField : XPH//a[contains(text(),'Non-Interest Bearing Deposits')]
[INFO ][2015-11-03 14:53:38,033][com.java.SeleniumDriver] [  838] - DataValue : 3
[INFO ][2015-11-03 14:53:38,033][com.java.SeleniumDriver] [  844] - <In Set values of the page>
[INFO ][2015-11-03 14:53:38,033][com.java.SeleniumDriver] [  847] - {Data Fields & Data Values Exist}
[INFO ][2015-11-03 14:53:38,033][com.java.SeleniumDriver] [  849] - --------------------------setting values-----------------------------
[INFO ][2015-11-03 14:53:38,033][com.java.SeleniumDriver] [  852] - Action Type : waitforelement
[INFO ][2015-11-03 14:53:38,066][com.java.SeleniumDriver] [  861] -  RESULT true
[INFO ][2015-11-03 14:53:38,066][com.java.SeleniumDriver] [ 1066] - ?   P A S S   ?
[INFO ][2015-11-03 14:53:38,066][com.java.SeleniumDriver] [  788] - ------------------------------------------
[INFO ][2015-11-03 14:53:38,066][com.java.SeleniumDriver] [  789] - Test case being Executed: 9
[INFO ][2015-11-03 14:53:38,066][com.java.SeleniumDriver] [  800] - Test step:19
[INFO ][2015-11-03 14:53:38,067][com.java.SeleniumDriver] [  812] - Datavalue is----------//div[contains(@class, 'expression ui-droppable')]/span
[INFO ][2015-11-03 14:53:38,068][com.java.SeleniumDriver] [  836] - DataField : //a[contains(text(),'Non-Interest Bearing Deposits')]
[INFO ][2015-11-03 14:53:38,068][com.java.SeleniumDriver] [  838] - DataValue : //div[contains(@class, 'expression ui-droppable')]/span
[INFO ][2015-11-03 14:53:38,068][com.java.SeleniumDriver] [  844] - <In Set values of the page>
[INFO ][2015-11-03 14:53:38,068][com.java.SeleniumDriver] [  847] - {Data Fields & Data Values Exist}
[INFO ][2015-11-03 14:53:38,068][com.java.SeleniumDriver] [  849] - --------------------------setting values-----------------------------
[INFO ][2015-11-03 14:53:38,068][com.java.SeleniumDriver] [  852] - Action Type : DRAGANDDROP
[INFO ][2015-11-03 14:53:38,738][com.java.SeleniumDriver] [  861] -  RESULT true
[INFO ][2015-11-03 14:53:38,738][com.java.SeleniumDriver] [ 1066] - ?   P A S S   ?
[INFO ][2015-11-03 14:53:38,738][com.java.SeleniumDriver] [  788] - ------------------------------------------
[INFO ][2015-11-03 14:53:38,738][com.java.SeleniumDriver] [  789] - Test case being Executed: 9
[INFO ][2015-11-03 14:53:38,738][com.java.SeleniumDriver] [  800] - Test step:20
[INFO ][2015-11-03 14:53:38,738][com.java.SeleniumDriver] [  812] - Datavalue is----------null
[DEBUG][2015-11-03 14:53:38,738][com.java.SeleniumDriver] [  830] - Exception: null
[INFO ][2015-11-03 14:53:38,738][com.java.SeleniumDriver] [  836] - DataField : XPH//button[text()='+']
[INFO ][2015-11-03 14:53:38,738][com.java.SeleniumDriver] [  838] - DataValue : 
[INFO ][2015-11-03 14:53:38,738][com.java.SeleniumDriver] [  844] - <In Set values of the page>
[INFO ][2015-11-03 14:53:38,738][com.java.SeleniumDriver] [  847] - {Data Fields & Data Values Exist}
[INFO ][2015-11-03 14:53:38,739][com.java.SeleniumDriver] [  849] - --------------------------setting values-----------------------------
[INFO ][2015-11-03 14:53:38,739][com.java.SeleniumDriver] [  852] - Action Type : click
[INFO ][2015-11-03 14:53:38,739][com.java.TestType] [ 4063] - Field ::XPH//button[text()='+']
[INFO ][2015-11-03 14:53:39,739][com.java.TestType] [ 4122] - BEFORE CLICK
[INFO ][2015-11-03 14:53:40,551][com.java.TestType] [ 4130] - Unable to click the object enter operator
[INFO ][2015-11-03 14:53:40,551][com.java.SeleniumDriver] [  861] -  RESULT true
[INFO ][2015-11-03 14:53:40,551][com.java.SeleniumDriver] [ 1066] - ?   P A S S   ?
[INFO ][2015-11-03 14:53:40,551][com.java.SeleniumDriver] [  788] - ------------------------------------------
[INFO ][2015-11-03 14:53:40,551][com.java.SeleniumDriver] [  789] - Test case being Executed: 9
[INFO ][2015-11-03 14:53:40,551][com.java.SeleniumDriver] [  800] - Test step:21
[INFO ][2015-11-03 14:53:40,551][com.java.SeleniumDriver] [  812] - Datavalue is----------//div[@class="ember-view alert alert-info expression ui-droppable"]
[INFO ][2015-11-03 14:53:40,551][com.java.SeleniumDriver] [  836] - DataField : //a[contains(text(),'Interest bearing demand deposits')]
[INFO ][2015-11-03 14:53:40,551][com.java.SeleniumDriver] [  838] - DataValue : //div[@class="ember-view alert alert-info expression ui-droppable"]
[INFO ][2015-11-03 14:53:40,551][com.java.SeleniumDriver] [  844] - <In Set values of the page>
[INFO ][2015-11-03 14:53:40,551][com.java.SeleniumDriver] [  847] - {Data Fields & Data Values Exist}
[INFO ][2015-11-03 14:53:40,551][com.java.SeleniumDriver] [  849] - --------------------------setting values-----------------------------
[INFO ][2015-11-03 14:53:40,551][com.java.SeleniumDriver] [  852] - Action Type : DRAGANDDROP
[INFO ][2015-11-03 14:53:41,136][com.java.SeleniumDriver] [  861] -  RESULT true
[INFO ][2015-11-03 14:53:41,136][com.java.SeleniumDriver] [ 1066] - ?   P A S S   ?
[INFO ][2015-11-03 14:53:41,136][com.java.SeleniumDriver] [  788] - ------------------------------------------
[INFO ][2015-11-03 14:53:41,136][com.java.SeleniumDriver] [  789] - Test case being Executed: 9
[INFO ][2015-11-03 14:53:41,136][com.java.SeleniumDriver] [  800] - Test step:22
[INFO ][2015-11-03 14:53:41,136][com.java.SeleniumDriver] [  812] - Datavalue is----------3
[INFO ][2015-11-03 14:53:41,136][com.java.SeleniumDriver] [  836] - DataField : XPH//button[contains(text(), 'Save')]
[INFO ][2015-11-03 14:53:41,137][com.java.SeleniumDriver] [  838] - DataValue : 3
[INFO ][2015-11-03 14:53:41,138][com.java.SeleniumDriver] [  844] - <In Set values of the page>
[INFO ][2015-11-03 14:53:41,138][com.java.SeleniumDriver] [  847] - {Data Fields & Data Values Exist}
[INFO ][2015-11-03 14:53:41,138][com.java.SeleniumDriver] [  849] - --------------------------setting values-----------------------------
[INFO ][2015-11-03 14:53:41,138][com.java.SeleniumDriver] [  852] - Action Type : waitforelement
[INFO ][2015-11-03 14:53:41,161][com.java.SeleniumDriver] [  861] -  RESULT true
[INFO ][2015-11-03 14:53:41,161][com.java.SeleniumDriver] [ 1066] - ?   P A S S   ?
[INFO ][2015-11-03 14:53:41,161][com.java.SeleniumDriver] [  788] - ------------------------------------------
[INFO ][2015-11-03 14:53:41,162][com.java.SeleniumDriver] [  789] - Test case being Executed: 9
[INFO ][2015-11-03 14:53:41,162][com.java.SeleniumDriver] [  800] - Test step:23
[INFO ][2015-11-03 14:53:41,162][com.java.SeleniumDriver] [  812] - Datavalue is----------null
[DEBUG][2015-11-03 14:53:41,163][com.java.SeleniumDriver] [  830] - Exception: null
[INFO ][2015-11-03 14:53:41,163][com.java.SeleniumDriver] [  836] - DataField : XPH//button[contains(text(), 'Save')]
[INFO ][2015-11-03 14:53:41,163][com.java.SeleniumDriver] [  838] - DataValue : 
[INFO ][2015-11-03 14:53:41,163][com.java.SeleniumDriver] [  844] - <In Set values of the page>
[INFO ][2015-11-03 14:53:41,163][com.java.SeleniumDriver] [  847] - {Data Fields & Data Values Exist}
[INFO ][2015-11-03 14:53:41,163][com.java.SeleniumDriver] [  849] - --------------------------setting values-----------------------------
[INFO ][2015-11-03 14:53:41,163][com.java.SeleniumDriver] [  852] - Action Type : ISENABLED
[INFO ][2015-11-03 14:53:41,163][com.java.TestType] [ 5771] - field= XPH//button[contains(text(), 'Save')]
[DEBUG][2015-11-03 14:53:41,231][com.java.TestType] [ 5787] - Element is Disabled:: //button[contains(text(), 'Save')]
[INFO ][2015-11-03 14:53:41,231][com.java.SeleniumDriver] [  861] -  RESULT false
[INFO ][2015-11-03 14:53:41,231][com.java.SeleniumDriver] [  908] - ?   F A I L   ?
[INFO ][2015-11-03 14:53:41,231][com.java.SeleniumDriver] [  916] - Browser Type : IE11
[INFO ][2015-11-03 14:53:41,231][com.java.SeleniumDriver] [  917] - Adding Failed case9
[INFO ][2015-11-03 14:53:42,592][com.java.SeleniumDriver] [ 1030] - failedCases = 9
[ERROR][2015-11-03 14:53:42,593][com.java.SeleniumDriver] [ 1516] - Platform Errors : Our apologies...::We have encountered an issue with your request.::Our apologies?:We encountered an issue with your request.
[INFO ][2015-11-03 14:53:42,593][com.java.SeleniumDriver] [ 1520] - Length =3
[ERROR][2015-11-03 14:53:42,593][com.java.SeleniumDriver] [ 1523] - Error 0 = Our apologies...
[ERROR][2015-11-03 14:53:42,618][com.java.SeleniumDriver] [ 1523] - Error 1 = We have encountered an issue with your request.
[ERROR][2015-11-03 14:53:42,632][com.java.SeleniumDriver] [ 1523] - Error 2 = Our apologies?:We encountered an issue with your request.
[DEBUG][2015-11-03 14:53:42,659][com.java.SeleniumDriver] [ 1168] - Case found
[DEBUG][2015-11-03 14:53:42,659][com.java.SeleniumDriver] [ 1173] - Incrementing ReportCounters[0]:2
[INFO ][2015-11-03 14:53:42,659][com.java.SeleniumDriver] [ 1192] - The results are-------------------[9, 23, Tools->Custom Calculations, Fail, 
Test case failed at Step No. :: 23   Error Message ::  Element is Disabled:: //button[contains(text(), 'Save')]. Screen Shot : D:\BankersDashboard\TestReports\110315\9_110315_145341_IE11.png, Tue Nov 03 14:53:42 IST 2015]
[INFO ][2015-11-03 14:53:42,659][com.java.SeleniumDriver] [ 1196] - End time is-------1 min 33 sec
[INFO ][2015-11-03 14:53:42,659][com.java.SeleniumDriver] [ 1197] - The results are-------------------[9, 23, Tools->Custom Calculations, Fail, 
Test case failed at Step No. :: 23   Error Message ::  Element is Disabled:: //button[contains(text(), 'Save')]. Screen Shot : D:\BankersDashboard\TestReports\110315\9_110315_145341_IE11.png, Tue Nov 03 14:53:42 IST 2015]
[DEBUG][2015-11-03 14:53:42,659][com.java.ImportnExport.ExportTestResultsExcel] [  222] - testResultPath = D:\BankersDashboard/TestReports/Test Results_BankersDashBoard_110315_145211_IE11_Any Bank USA.xls
[DEBUG][2015-11-03 14:53:42,659][com.java.ImportnExport.ExportTestResultsExcel] [  223] - browser is------------IE11
[DEBUG][2015-11-03 14:53:42,661][com.java.ImportnExport.ExportTestResultsExcel] [  270] - result.size() = 6
[DEBUG][2015-11-03 14:53:42,661][com.java.ImportnExport.ExportTestResultsExcel] [  274] - No of rows in sheet=2
[DEBUG][2015-11-03 14:53:42,662][com.java.ImportnExport.ExportTestResultsExcel] [  301] - ..in export..9
[DEBUG][2015-11-03 14:53:42,662][com.java.ImportnExport.ExportTestResultsExcel] [  301] - ..in export..Tools->Custom Calculations
[DEBUG][2015-11-03 14:53:42,662][com.java.ImportnExport.ExportTestResultsExcel] [  301] - ..in export..Fail
[DEBUG][2015-11-03 14:53:42,662][com.java.ImportnExport.ExportTestResultsExcel] [  301] - ..in export..
Test case failed at Step No. :: 23   Error Message ::  Element is Disabled:: //button[contains(text(), 'Save')]. Screen Shot : D:\BankersDashboard\TestReports\110315\9_110315_145341_IE11.png
[DEBUG][2015-11-03 14:53:42,662][com.java.ImportnExport.ExportTestResultsExcel] [  301] - ..in export..Tue Nov 03 14:53:42 IST 2015
[INFO ][2015-11-03 14:53:42,664][com.java.SeleniumDriver] [ 1255] - out loop:1 size:2 TestCases:[1, 9] testcases:[1, 9]
[INFO ][2015-11-03 14:53:44,664][com.java.SeleniumDriver] [ 1297] - Total Number of Cases:2
[INFO ][2015-11-03 14:53:44,664][com.java.TemplateGenerator] [  302] - Executed:2
[INFO ][2015-11-03 14:53:44,664][com.java.TemplateGenerator] [  303] - Passed:1
[INFO ][2015-11-03 14:53:44,664][com.java.TemplateGenerator] [  304] - Failed:1
[INFO ][2015-11-03 14:53:44,664][com.java.TemplateGenerator] [  305] - Skipeed:0
[INFO ][2015-11-03 14:53:44,664][com.java.TemplateGenerator] [  306] - Application URL:https://clients-xuat.bankersdashboard.com
[INFO ][2015-11-03 14:53:44,664][com.java.TemplateGenerator] [  307] - Start Time:110315_145211
[INFO ][2015-11-03 14:53:44,666][com.java.TemplateGenerator] [  308] -  Creating HTML Report 
[ERROR][2015-11-03 14:53:44,666][com.java.TemplateGenerator] [  409] - Unparseable date: "Tue Nov 03 02:52:11 IST 2015"
[INFO ][2015-11-03 14:53:44,666][com.java.TemplateGenerator] [  654] -  Exporting case :: 1
[INFO ][2015-11-03 14:53:44,667][com.java.TemplateGenerator] [  654] -  Exporting case :: 9
[INFO ][2015-11-03 14:53:44,671][com.java.SeleniumDriver] [ 1346] - End Time:110315_145344
[INFO ][2015-11-03 14:53:44,671][com.java.SeleniumDriver] [ 1349] - Data in Test Execution Details:{1=PASS, 9=FAILTest case failed at Step No. :: 23   Error Message ::  Element is Disabled:: //button[contains(text(), 'Save')]}
[INFO ][2015-11-03 14:53:44,671][com.java.SeleniumDriver] [ 1350] - Data in Failed Execution Deatils:{}
[INFO ][2015-11-03 14:53:44,671][com.java.SeleniumDriver] [ 1352] - ReportCounter:Total:2 :: PASS: 1 ::FAIL: 1
[INFO ][2015-11-03 14:53:44,671][com.java.SeleniumDriver] [ 1353] - FailedReportCounter:Total:0 :: PASS: 0 ::FAIL: 0
[INFO ][2015-11-03 14:53:44,678][com.java.EmailTestReport] [   63] - Sending report mail details:
[INFO ][2015-11-03 14:53:44,678][com.java.EmailTestReport] [   80] - Excel Report Path:D:\BankersDashboard/TestReports/Test Results_BankersDashBoard_110315_145211_IE11_Any Bank USA.xls
[INFO ][2015-11-03 14:53:44,678][com.java.EmailTestReport] [   81] - HTML Report Path:D:\BankersDashboard//TestReports//Test Results_BankersDashBoard_110315_145211_IE11_Any Bank USA.html
[INFO ][2015-11-03 14:53:44,678][com.java.EmailTestReport] [   82] - smtpHostName:mail01.valuelabs.com
[INFO ][2015-11-03 14:53:44,678][com.java.EmailTestReport] [   83] - Recipient:venkateswararao.gubbala@valuelabs.com
[INFO ][2015-11-03 14:53:44,678][com.java.EmailTestReport] [   84] - From:venkateswararao.gubbala@valuelabs.com
[INFO ][2015-11-03 14:53:44,678][com.java.EmailTestReport] [   85] - Subject:DestinationRewards Automation Test Report - Any Bank USA - IE11
[INFO ][2015-11-03 14:53:44,694][com.java.EmailTestReport] [  143] -  Added venkateswararao.gubbala@valuelabs.com
[INFO ][2015-11-03 14:53:48,084][com.java.SeleniumDriver] [  719] - quitting the browser 
[INFO ][2015-11-03 14:53:49,346][com.java.SeleniumDriver] [  263] - Execution Completed Stopping the thread
