[INFO ][2016-02-01 19:36:36,126][com.java.SeleniumDriver] [  213] - Execute Failed Casesfalse
[INFO ][2016-02-01 19:36:36,126][com.java.SeleniumDriver] [  214] - Browser: IE10
[INFO ][2016-02-01 19:36:36,126][com.java.SeleniumDriver] [  215] - [1, 5]
[INFO ][2016-02-01 19:36:36,127][com.java.SeleniumDriver] [  216] - Total TestCases:2
[INFO ][2016-02-01 19:36:36,127][com.java.SeleniumDriver] [  217] -  Reading Properties from Property File 
[DEBUG][2016-02-01 19:36:36,127][com.java.SeleniumDriver] [  238] - url : https://clients-xuat.bankersdashboard.com
[INFO ][2016-02-01 19:36:36,128][com.java.ImportnExport.ExportTestResultsExcel] [  116] - Time Stamp Mon Feb 01 07:36:36 IST 2016
[INFO ][2016-02-01 19:36:36,128][com.java.ImportnExport.ExportTestResultsExcel] [  175] - OUT FILE : D:\BankersDashboard/TestReports/Test Results_BankersDashBoard_020116_193636_IE10_United Bank.xls
[INFO ][2016-02-01 19:36:36,157][com.java.ImportnExport.ExportTestResultsExcel] [  180] - Test Result file is created
[DEBUG][2016-02-01 19:36:36,244][com.java.SeleniumDriver] [  426] - Hub ip address is-------172.17.68.34
[INFO ][2016-02-01 19:36:36,244][com.java.SeleniumDriver] [  452] - Grid URL:http://172.17.68.34:4444/wd/hub
[INFO ][2016-02-01 19:36:36,245][com.java.SeleniumDriver] [  453] - Capability:Capabilities [{platform=ANY, ensureCleanSession=true, ignoreProtectedModeSettings=true, acceptSslCerts=true, ignoreZoomSetting=true, browserName=internet explorer, browserstack.ie.noFlash=true, version=null}]
[ERROR][2016-02-01 19:36:37,563][com.java.SeleniumDriver] [  498] - Unable invoke browser in grid:Could not start a new session. Possible causes are invalid address of the remote server or browser start-up failure.
Build info: version: '2.48.2', revision: '41bccdd', time: '2015-10-09 19:59:12'
System info: host: 'FVTIII438F1D', ip: '172.17.68.34', os.name: 'Windows 7', os.arch: 'x86', os.version: '6.1', java.version: '1.7.0_55'
Driver info: driver.version: SeleniumDriver
[INFO ][2016-02-01 19:36:37,564][com.java.SeleniumDriver] [  500] - Executing on local machine
[INFO ][2016-02-01 19:36:48,204][com.java.SeleniumDriver] [  248] - IE10is opened
[INFO ][2016-02-01 19:36:48,846][com.java.SeleniumDriver] [  756] - Test cases to be executed are: [1, 5]
[INFO ][2016-02-01 19:36:48,870][com.java.ImportnExport.ImportTestDataDetailsExcel] [   49] - test data details path===== D:\BankersDashboard\TestInputs\TestData.xls
[INFO ][2016-02-01 19:36:48,941][com.java.SeleniumDriver] [  856] - ------------------------------------------
[INFO ][2016-02-01 19:36:48,941][com.java.SeleniumDriver] [  857] - Test case being Executed: 1
[INFO ][2016-02-01 19:36:48,941][com.java.SeleniumDriver] [  869] - Test step:1
[INFO ][2016-02-01 19:36:48,942][com.java.SeleniumDriver] [  881] - Datavalue is----------Concept#1:1-16
[INFO ][2016-02-01 19:36:48,942][com.java.SeleniumDriver] [  905] - DataField : test
[INFO ][2016-02-01 19:36:48,942][com.java.SeleniumDriver] [  907] - DataValue : Concept#1:1-16
[INFO ][2016-02-01 19:36:48,942][com.java.SeleniumDriver] [  913] - <In Set values of the page>
[INFO ][2016-02-01 19:36:48,942][com.java.SeleniumDriver] [  916] - {Data Fields & Data Values Exist}
[INFO ][2016-02-01 19:36:48,942][com.java.SeleniumDriver] [  918] - --------------------------setting values-----------------------------
[INFO ][2016-02-01 19:36:48,942][com.java.SeleniumDriver] [  921] - Action Type : ExecuteTestCase
[INFO ][2016-02-01 19:36:48,963][com.java.TestType] [  448] - The Concept sheet name is ---------- Concept
[INFO ][2016-02-01 19:36:48,963][com.java.TestType] [  451] - The Concept ID  is ---------- 1
[DEBUG][2016-02-01 19:36:48,963][com.java.TestType] [  455] - Steps being executted in the Concept are: 1:16
[INFO ][2016-02-01 19:36:48,963][com.java.TestType] [  462] - Test data details path ---------- D:\BankersDashboard\TestInputs\TestData.xls
[INFO ][2016-02-01 19:36:48,984][com.java.TestType] [  493] -  str(1) = 1
[INFO ][2016-02-01 19:36:48,984][com.java.TestType] [  496] - Test case Id is---1
[INFO ][2016-02-01 19:36:48,984][com.java.TestType] [  498] - 1
[INFO ][2016-02-01 19:36:48,985][com.java.TestType] [  493] -  str(2) = 1
[INFO ][2016-02-01 19:36:48,989][com.java.TestType] [  493] -  str(1) = 1
[INFO ][2016-02-01 19:36:48,989][com.java.TestType] [  496] - Test case Id is---1
[INFO ][2016-02-01 19:36:48,989][com.java.TestType] [  498] - 1
[INFO ][2016-02-01 19:36:48,989][com.java.TestType] [  493] -  str(2) = 2
[INFO ][2016-02-01 19:36:48,990][com.java.TestType] [  493] -  str(1) = 1
[INFO ][2016-02-01 19:36:48,990][com.java.TestType] [  496] - Test case Id is---1
[INFO ][2016-02-01 19:36:48,990][com.java.TestType] [  498] - 1
[INFO ][2016-02-01 19:36:48,991][com.java.TestType] [  493] -  str(2) = 3
[INFO ][2016-02-01 19:36:48,992][com.java.TestType] [  493] -  str(1) = 1
[INFO ][2016-02-01 19:36:48,992][com.java.TestType] [  496] - Test case Id is---1
[INFO ][2016-02-01 19:36:48,992][com.java.TestType] [  498] - 1
[INFO ][2016-02-01 19:36:48,992][com.java.TestType] [  493] -  str(2) = 4
[INFO ][2016-02-01 19:36:48,994][com.java.TestType] [  493] -  str(1) = 1
[INFO ][2016-02-01 19:36:48,994][com.java.TestType] [  496] - Test case Id is---1
[INFO ][2016-02-01 19:36:48,994][com.java.TestType] [  498] - 1
[INFO ][2016-02-01 19:36:48,994][com.java.TestType] [  493] -  str(2) = 5
[INFO ][2016-02-01 19:36:48,995][com.java.TestType] [  493] -  str(1) = 1
[INFO ][2016-02-01 19:36:48,995][com.java.TestType] [  496] - Test case Id is---1
[INFO ][2016-02-01 19:36:48,996][com.java.TestType] [  498] - 1
[INFO ][2016-02-01 19:36:48,996][com.java.TestType] [  493] -  str(2) = 6
[INFO ][2016-02-01 19:36:48,997][com.java.TestType] [  493] -  str(1) = 1
[INFO ][2016-02-01 19:36:48,997][com.java.TestType] [  496] - Test case Id is---1
[INFO ][2016-02-01 19:36:48,997][com.java.TestType] [  498] - 1
[INFO ][2016-02-01 19:36:48,997][com.java.TestType] [  493] -  str(2) = 7
[INFO ][2016-02-01 19:36:48,999][com.java.TestType] [  493] -  str(1) = 1
[INFO ][2016-02-01 19:36:49,000][com.java.TestType] [  496] - Test case Id is---1
[INFO ][2016-02-01 19:36:49,000][com.java.TestType] [  498] - 1
[INFO ][2016-02-01 19:36:49,000][com.java.TestType] [  493] -  str(2) = 8
[INFO ][2016-02-01 19:36:49,001][com.java.TestType] [  493] -  str(1) = 1
[INFO ][2016-02-01 19:36:49,001][com.java.TestType] [  496] - Test case Id is---1
[INFO ][2016-02-01 19:36:49,001][com.java.TestType] [  498] - 1
[INFO ][2016-02-01 19:36:49,001][com.java.TestType] [  493] -  str(2) = 9
[INFO ][2016-02-01 19:36:49,002][com.java.TestType] [  493] -  str(1) = 1
[INFO ][2016-02-01 19:36:49,002][com.java.TestType] [  496] - Test case Id is---1
[INFO ][2016-02-01 19:36:49,002][com.java.TestType] [  498] - 1
[INFO ][2016-02-01 19:36:49,002][com.java.TestType] [  493] -  str(2) = 10
[INFO ][2016-02-01 19:36:49,003][com.java.TestType] [  493] -  str(1) = 1
[INFO ][2016-02-01 19:36:49,003][com.java.TestType] [  496] - Test case Id is---1
[INFO ][2016-02-01 19:36:49,003][com.java.TestType] [  498] - 1
[INFO ][2016-02-01 19:36:49,003][com.java.TestType] [  493] -  str(2) = 11
[INFO ][2016-02-01 19:36:49,004][com.java.TestType] [  493] -  str(1) = 1
[INFO ][2016-02-01 19:36:49,004][com.java.TestType] [  496] - Test case Id is---1
[INFO ][2016-02-01 19:36:49,004][com.java.TestType] [  498] - 1
[INFO ][2016-02-01 19:36:49,004][com.java.TestType] [  493] -  str(2) = 12
[INFO ][2016-02-01 19:36:49,005][com.java.TestType] [  493] -  str(1) = 1
[INFO ][2016-02-01 19:36:49,005][com.java.TestType] [  496] - Test case Id is---1
[INFO ][2016-02-01 19:36:49,005][com.java.TestType] [  498] - 1
[INFO ][2016-02-01 19:36:49,006][com.java.TestType] [  493] -  str(2) = 13
[INFO ][2016-02-01 19:36:49,006][com.java.TestType] [  493] -  str(1) = 1
[INFO ][2016-02-01 19:36:49,007][com.java.TestType] [  496] - Test case Id is---1
[INFO ][2016-02-01 19:36:49,007][com.java.TestType] [  498] - 1
[INFO ][2016-02-01 19:36:49,007][com.java.TestType] [  493] -  str(2) = 14
[INFO ][2016-02-01 19:36:49,008][com.java.TestType] [  493] -  str(1) = 1
[INFO ][2016-02-01 19:36:49,008][com.java.TestType] [  496] - Test case Id is---1
[INFO ][2016-02-01 19:36:49,008][com.java.TestType] [  498] - 1
[INFO ][2016-02-01 19:36:49,009][com.java.TestType] [  493] -  str(2) = 15
[INFO ][2016-02-01 19:36:49,009][com.java.TestType] [  493] -  str(1) = 1
[INFO ][2016-02-01 19:36:49,009][com.java.TestType] [  496] - Test case Id is---1
[INFO ][2016-02-01 19:36:49,009][com.java.TestType] [  498] - 1
[INFO ][2016-02-01 19:36:49,009][com.java.TestType] [  493] -  str(2) = 16
[INFO ][2016-02-01 19:36:49,010][com.java.TestType] [11822] - Looping 1TCID = 1
[DEBUG][2016-02-01 19:36:49,010][com.java.TestType] [11863] - Concept ID:1 :: Step being Executed: 1::1
[INFO ][2016-02-01 19:36:49,010][com.java.TestType] [11901] - dataFields : TXTusername
[DEBUG][2016-02-01 19:36:49,011][com.java.TestType] [11907] - <In Set values of the page>
[DEBUG][2016-02-01 19:36:49,011][com.java.TestType] [11912] - {Data Fields & Data Values Exist}
[INFO ][2016-02-01 19:36:49,011][com.java.TestType] [11918] - --------------------------setting values-----------------------------
[INFO ][2016-02-01 19:36:49,011][com.java.TestType] [11921] - Action Type : CLEARANDENTER
[INFO ][2016-02-01 19:36:51,314][com.java.TestType] [ 6556] - value = valuelabs.ie10.00058
[INFO ][2016-02-01 19:36:53,726][com.java.TestType] [11940] -  RESULT true
[INFO ][2016-02-01 19:36:53,726][com.java.TestType] [12057] - ?   P A S S   ?
[DEBUG][2016-02-01 19:36:53,727][com.java.TestType] [11863] - Concept ID:1 :: Step being Executed: 1::2
[INFO ][2016-02-01 19:36:53,727][com.java.TestType] [11901] - dataFields : TXTpassword
[DEBUG][2016-02-01 19:36:53,727][com.java.TestType] [11907] - <In Set values of the page>
[DEBUG][2016-02-01 19:36:53,727][com.java.TestType] [11912] - {Data Fields & Data Values Exist}
[INFO ][2016-02-01 19:36:53,727][com.java.TestType] [11918] - --------------------------setting values-----------------------------
[INFO ][2016-02-01 19:36:53,727][com.java.TestType] [11921] - Action Type : CLEARANDENTER
[INFO ][2016-02-01 19:36:56,028][com.java.TestType] [ 6556] - value = Password1*
[INFO ][2016-02-01 19:36:58,559][com.java.TestType] [11940] -  RESULT true
[INFO ][2016-02-01 19:36:58,559][com.java.TestType] [12057] - ?   P A S S   ?
[DEBUG][2016-02-01 19:36:58,559][com.java.TestType] [11863] - Concept ID:1 :: Step being Executed: 1::3
[ERROR][2016-02-01 19:36:58,560][com.java.TestType] [11896] - Exception: null
[INFO ][2016-02-01 19:36:58,560][com.java.TestType] [11901] - dataFields : XPH//button[@type='submit']
[DEBUG][2016-02-01 19:36:58,561][com.java.TestType] [11907] - <In Set values of the page>
[DEBUG][2016-02-01 19:36:58,561][com.java.TestType] [11912] - {Data Fields & Data Values Exist}
[INFO ][2016-02-01 19:36:58,561][com.java.TestType] [11918] - --------------------------setting values-----------------------------
[INFO ][2016-02-01 19:36:58,561][com.java.TestType] [11921] - Action Type : Click
[INFO ][2016-02-01 19:36:58,561][com.java.TestType] [ 6935] - Field ::XPH//button[@type='submit']
[INFO ][2016-02-01 19:36:58,561][com.java.TestType] [ 6556] - value = 
[INFO ][2016-02-01 19:36:59,561][com.java.TestType] [ 7108] - BEFORE CLICK
[INFO ][2016-02-01 19:37:00,421][com.java.TestType] [ 7116] - Unable to click the object Login
[INFO ][2016-02-01 19:37:00,421][com.java.TestType] [11940] -  RESULT true
[INFO ][2016-02-01 19:37:00,421][com.java.TestType] [12057] - ?   P A S S   ?
[DEBUG][2016-02-01 19:37:00,421][com.java.TestType] [11863] - Concept ID:1 :: Step being Executed: 1::4
[INFO ][2016-02-01 19:37:00,421][com.java.TestType] [11901] - dataFields : LNKLogout
[DEBUG][2016-02-01 19:37:00,421][com.java.TestType] [11907] - <In Set values of the page>
[DEBUG][2016-02-01 19:37:00,421][com.java.TestType] [11912] - {Data Fields & Data Values Exist}
[INFO ][2016-02-01 19:37:00,421][com.java.TestType] [11918] - --------------------------setting values-----------------------------
[INFO ][2016-02-01 19:37:00,422][com.java.TestType] [11921] - Action Type : WaitForElement
[INFO ][2016-02-01 19:37:03,923][com.java.TestType] [11940] -  RESULT true
[INFO ][2016-02-01 19:37:03,924][com.java.TestType] [12057] - ?   P A S S   ?
[DEBUG][2016-02-01 19:37:03,925][com.java.TestType] [11863] - Concept ID:1 :: Step being Executed: 1::15
[INFO ][2016-02-01 19:37:03,925][com.java.TestType] [11901] - dataFields : LNK
[DEBUG][2016-02-01 19:37:03,925][com.java.TestType] [11907] - <In Set values of the page>
[DEBUG][2016-02-01 19:37:03,925][com.java.TestType] [11912] - {Data Fields & Data Values Exist}
[INFO ][2016-02-01 19:37:03,925][com.java.TestType] [11918] - --------------------------setting values-----------------------------
[INFO ][2016-02-01 19:37:03,925][com.java.TestType] [11921] - Action Type : Verify
[INFO ][2016-02-01 19:37:03,925][com.java.TestType] [ 8158] - field= LNK value= Logout
[INFO ][2016-02-01 19:37:03,926][com.java.TestType] [ 6556] - value = Logout
[INFO ][2016-02-01 19:37:03,964][com.java.TestType] [11940] -  RESULT true
[INFO ][2016-02-01 19:37:03,964][com.java.TestType] [12057] - ?   P A S S   ?
[DEBUG][2016-02-01 19:37:03,964][com.java.TestType] [11863] - Concept ID:1 :: Step being Executed: 1::16
[INFO ][2016-02-01 19:37:03,965][com.java.TestType] [11901] - dataFields : BTN
[DEBUG][2016-02-01 19:37:03,965][com.java.TestType] [11907] - <In Set values of the page>
[DEBUG][2016-02-01 19:37:03,965][com.java.TestType] [11912] - {Data Fields & Data Values Exist}
[INFO ][2016-02-01 19:37:03,965][com.java.TestType] [11918] - --------------------------setting values-----------------------------
[INFO ][2016-02-01 19:37:03,965][com.java.TestType] [11921] - Action Type : Verify
[INFO ][2016-02-01 19:37:03,965][com.java.TestType] [ 8158] - field= BTN value= //img[contains(@src,'bdlogo.jpg')]
[INFO ][2016-02-01 19:37:03,965][com.java.TestType] [ 6556] - value = //img[contains(@src,'bdlogo.jpg')]
[INFO ][2016-02-01 19:37:04,077][com.java.TestType] [11940] -  RESULT true
[INFO ][2016-02-01 19:37:04,077][com.java.TestType] [12057] - ?   P A S S   ?
[INFO ][2016-02-01 19:37:04,077][com.java.TestType] [12128] - Looping End......
[INFO ][2016-02-01 19:37:04,079][com.java.SeleniumDriver] [  930] -  RESULT true
[INFO ][2016-02-01 19:37:04,079][com.java.SeleniumDriver] [ 1136] - ?   P A S S   ?
[INFO ][2016-02-01 19:37:04,079][com.java.SeleniumDriver] [  856] - ------------------------------------------
[INFO ][2016-02-01 19:37:04,079][com.java.SeleniumDriver] [  857] - Test case being Executed: 1
[INFO ][2016-02-01 19:37:04,079][com.java.SeleniumDriver] [  869] - Test step:2
[INFO ][2016-02-01 19:37:04,079][com.java.SeleniumDriver] [  881] - Datavalue is----------Concept#2:1-2
[INFO ][2016-02-01 19:37:04,079][com.java.SeleniumDriver] [  905] - DataField : test
[INFO ][2016-02-01 19:37:04,079][com.java.SeleniumDriver] [  907] - DataValue : Concept#2:1-2
[INFO ][2016-02-01 19:37:04,079][com.java.SeleniumDriver] [  913] - <In Set values of the page>
[INFO ][2016-02-01 19:37:04,079][com.java.SeleniumDriver] [  916] - {Data Fields & Data Values Exist}
[INFO ][2016-02-01 19:37:04,079][com.java.SeleniumDriver] [  918] - --------------------------setting values-----------------------------
[INFO ][2016-02-01 19:37:04,081][com.java.SeleniumDriver] [  921] - Action Type : ExecuteTestCase
[INFO ][2016-02-01 19:37:04,082][com.java.TestType] [  448] - The Concept sheet name is ---------- Concept
[INFO ][2016-02-01 19:37:04,082][com.java.TestType] [  451] - The Concept ID  is ---------- 2
[DEBUG][2016-02-01 19:37:04,082][com.java.TestType] [  455] - Steps being executted in the Concept are: 1:2
[INFO ][2016-02-01 19:37:04,082][com.java.TestType] [  462] - Test data details path ---------- D:\BankersDashboard\TestInputs\TestData.xls
[INFO ][2016-02-01 19:37:04,098][com.java.TestType] [  493] -  str(1) = 2
[INFO ][2016-02-01 19:37:04,099][com.java.TestType] [  496] - Test case Id is---2
[INFO ][2016-02-01 19:37:04,099][com.java.TestType] [  498] - 2
[INFO ][2016-02-01 19:37:04,099][com.java.TestType] [  493] -  str(2) = 1
[INFO ][2016-02-01 19:37:04,100][com.java.TestType] [  493] -  str(1) = 2
[INFO ][2016-02-01 19:37:04,100][com.java.TestType] [  496] - Test case Id is---2
[INFO ][2016-02-01 19:37:04,101][com.java.TestType] [  498] - 2
[INFO ][2016-02-01 19:37:04,101][com.java.TestType] [  493] -  str(2) = 2
[INFO ][2016-02-01 19:37:04,101][com.java.TestType] [  493] -  str(1) = 2
[INFO ][2016-02-01 19:37:04,101][com.java.TestType] [  496] - Test case Id is---2
[INFO ][2016-02-01 19:37:04,101][com.java.TestType] [  498] - 2
[INFO ][2016-02-01 19:37:04,101][com.java.TestType] [  493] -  str(2) = 3
[INFO ][2016-02-01 19:37:04,102][com.java.TestType] [11822] - Looping 1TCID = 2
[DEBUG][2016-02-01 19:37:04,102][com.java.TestType] [11863] - Concept ID:2 :: Step being Executed: 2::1
[INFO ][2016-02-01 19:37:04,102][com.java.TestType] [11901] - dataFields : BNK//select[@id='bank']
[DEBUG][2016-02-01 19:37:04,102][com.java.TestType] [11907] - <In Set values of the page>
[DEBUG][2016-02-01 19:37:04,102][com.java.TestType] [11912] - {Data Fields & Data Values Exist}
[INFO ][2016-02-01 19:37:04,103][com.java.TestType] [11918] - --------------------------setting values-----------------------------
[INFO ][2016-02-01 19:37:04,103][com.java.TestType] [11921] - Action Type : Select
[INFO ][2016-02-01 19:37:04,103][com.java.TestType] [ 6556] - value = PFC
[INFO ][2016-02-01 19:37:04,543][com.java.TestType] [11940] -  RESULT true
[INFO ][2016-02-01 19:37:04,543][com.java.TestType] [12057] - ?   P A S S   ?
[DEBUG][2016-02-01 19:37:04,543][com.java.TestType] [11863] - Concept ID:2 :: Step being Executed: 2::2
[INFO ][2016-02-01 19:37:04,543][com.java.TestType] [11901] - dataFields : LNKLogout
[DEBUG][2016-02-01 19:37:04,543][com.java.TestType] [11907] - <In Set values of the page>
[DEBUG][2016-02-01 19:37:04,543][com.java.TestType] [11912] - {Data Fields & Data Values Exist}
[INFO ][2016-02-01 19:37:04,543][com.java.TestType] [11918] - --------------------------setting values-----------------------------
[INFO ][2016-02-01 19:37:04,543][com.java.TestType] [11921] - Action Type : WaitTime
[DEBUG][2016-02-01 19:37:04,544][com.java.TestType] [ 6370] - sleepTime: 5000
[INFO ][2016-02-01 19:37:09,544][com.java.TestType] [11940] -  RESULT true
[INFO ][2016-02-01 19:37:09,544][com.java.TestType] [12057] - ?   P A S S   ?
[INFO ][2016-02-01 19:37:09,544][com.java.TestType] [12128] - Looping End......
[INFO ][2016-02-01 19:37:09,545][com.java.SeleniumDriver] [  930] -  RESULT true
[INFO ][2016-02-01 19:37:09,545][com.java.SeleniumDriver] [ 1136] - ?   P A S S   ?
[INFO ][2016-02-01 19:37:09,545][com.java.SeleniumDriver] [  856] - ------------------------------------------
[INFO ][2016-02-01 19:37:09,546][com.java.SeleniumDriver] [  857] - Test case being Executed: 1
[INFO ][2016-02-01 19:37:09,546][com.java.SeleniumDriver] [  869] - Test step:3
[INFO ][2016-02-01 19:37:09,546][com.java.SeleniumDriver] [  881] - Datavalue is----------2
[INFO ][2016-02-01 19:37:09,546][com.java.SeleniumDriver] [  905] - DataField : XPH//button[contains(text(),'Add Content')]
[INFO ][2016-02-01 19:37:09,546][com.java.SeleniumDriver] [  907] - DataValue : 2
[INFO ][2016-02-01 19:37:09,546][com.java.SeleniumDriver] [  913] - <In Set values of the page>
[INFO ][2016-02-01 19:37:09,546][com.java.SeleniumDriver] [  916] - {Data Fields & Data Values Exist}
[INFO ][2016-02-01 19:37:09,546][com.java.SeleniumDriver] [  918] - --------------------------setting values-----------------------------
[INFO ][2016-02-01 19:37:09,546][com.java.SeleniumDriver] [  921] - Action Type : WAITFORELEMENT
[INFO ][2016-02-01 19:37:09,792][com.java.SeleniumDriver] [  930] -  RESULT true
[INFO ][2016-02-01 19:37:09,792][com.java.SeleniumDriver] [ 1136] - ?   P A S S   ?
[DEBUG][2016-02-01 19:37:09,792][com.java.SeleniumDriver] [ 1248] - Case found
[DEBUG][2016-02-01 19:37:09,792][com.java.SeleniumDriver] [ 1253] - Incrementing ReportCounters[0]:1
[INFO ][2016-02-01 19:37:09,792][com.java.SeleniumDriver] [ 1272] - The results are-------------------[1, 1, Valid Login, Pass, , Mon Feb 01 19:37:04 IST 2016, 1, 2, Valid Login, Pass, , Mon Feb 01 19:37:09 IST 2016, 1, 3, Valid Login, Pass, , Mon Feb 01 19:37:09 IST 2016]
[INFO ][2016-02-01 19:37:09,793][com.java.SeleniumDriver] [ 1276] - End time is-------35 sec
[INFO ][2016-02-01 19:37:09,794][com.java.SeleniumDriver] [ 1277] - The results are-------------------[1, 1, Valid Login, Pass, , Mon Feb 01 19:37:04 IST 2016, 1, 2, Valid Login, Pass, , Mon Feb 01 19:37:09 IST 2016, 1, 3, Valid Login, Pass, , Mon Feb 01 19:37:09 IST 2016]
[DEBUG][2016-02-01 19:37:09,794][com.java.ImportnExport.ExportTestResultsExcel] [  222] - testResultPath = D:\BankersDashboard/TestReports/Test Results_BankersDashBoard_020116_193636_IE10_United Bank.xls
[DEBUG][2016-02-01 19:37:09,794][com.java.ImportnExport.ExportTestResultsExcel] [  223] - browser is------------IE10
[DEBUG][2016-02-01 19:37:09,839][com.java.ImportnExport.ExportTestResultsExcel] [  270] - result.size() = 18
[DEBUG][2016-02-01 19:37:09,839][com.java.ImportnExport.ExportTestResultsExcel] [  274] - No of rows in sheet=1
[DEBUG][2016-02-01 19:37:09,839][com.java.ImportnExport.ExportTestResultsExcel] [  301] - ..in export..1
[DEBUG][2016-02-01 19:37:09,839][com.java.ImportnExport.ExportTestResultsExcel] [  301] - ..in export..Valid Login
[DEBUG][2016-02-01 19:37:09,840][com.java.ImportnExport.ExportTestResultsExcel] [  301] - ..in export..Pass
[DEBUG][2016-02-01 19:37:09,840][com.java.ImportnExport.ExportTestResultsExcel] [  301] - ..in export..
[DEBUG][2016-02-01 19:37:09,841][com.java.ImportnExport.ExportTestResultsExcel] [  301] - ..in export..Mon Feb 01 19:37:04 IST 2016
[INFO ][2016-02-01 19:37:09,843][com.java.SeleniumDriver] [ 1337] - out loop:0 size:2 TestCases:[1, 5] testcases:[1, 5]
[INFO ][2016-02-01 19:37:09,843][com.java.ImportnExport.ImportTestDataDetailsExcel] [   49] - test data details path===== D:\BankersDashboard\TestInputs\TestData.xls
[INFO ][2016-02-01 19:37:29,239][com.java.SeleniumDriver] [  856] - ------------------------------------------
[INFO ][2016-02-01 19:37:29,239][com.java.SeleniumDriver] [  857] - Test case being Executed: 5
[INFO ][2016-02-01 19:37:29,239][com.java.SeleniumDriver] [  869] - Test step:1
[INFO ][2016-02-01 19:37:29,239][com.java.SeleniumDriver] [  881] - Datavalue is----------Logout
[INFO ][2016-02-01 19:37:29,239][com.java.SeleniumDriver] [  905] - DataField : BTN
[INFO ][2016-02-01 19:37:29,239][com.java.SeleniumDriver] [  907] - DataValue : Logout
[INFO ][2016-02-01 19:37:29,239][com.java.SeleniumDriver] [  913] - <In Set values of the page>
[INFO ][2016-02-01 19:37:29,239][com.java.SeleniumDriver] [  916] - {Data Fields & Data Values Exist}
[INFO ][2016-02-01 19:37:29,239][com.java.SeleniumDriver] [  918] - --------------------------setting values-----------------------------
[INFO ][2016-02-01 19:37:29,239][com.java.SeleniumDriver] [  921] - Action Type : Verify
[INFO ][2016-02-01 19:37:29,239][com.java.TestType] [ 8158] - field= BTN value= Logout
[INFO ][2016-02-01 19:37:29,240][com.java.TestType] [ 6556] - value = Logout
[INFO ][2016-02-01 19:37:29,791][com.java.SeleniumDriver] [  930] -  RESULT true
[INFO ][2016-02-01 19:37:29,791][com.java.SeleniumDriver] [ 1136] - ?   P A S S   ?
[INFO ][2016-02-01 19:37:29,791][com.java.SeleniumDriver] [ 1178] - step change to 3
[INFO ][2016-02-01 19:37:29,791][com.java.SeleniumDriver] [  856] - ------------------------------------------
[INFO ][2016-02-01 19:37:29,791][com.java.SeleniumDriver] [  857] - Test case being Executed: 5
[INFO ][2016-02-01 19:37:29,791][com.java.SeleniumDriver] [  869] - Test step:3
[INFO ][2016-02-01 19:37:29,791][com.java.SeleniumDriver] [  881] - Datavalue is----------Concept#2:1-2
[INFO ][2016-02-01 19:37:29,792][com.java.SeleniumDriver] [  905] - DataField : test
[INFO ][2016-02-01 19:37:29,792][com.java.SeleniumDriver] [  907] - DataValue : Concept#2:1-2
[INFO ][2016-02-01 19:37:29,792][com.java.SeleniumDriver] [  913] - <In Set values of the page>
[INFO ][2016-02-01 19:37:29,792][com.java.SeleniumDriver] [  916] - {Data Fields & Data Values Exist}
[INFO ][2016-02-01 19:37:29,792][com.java.SeleniumDriver] [  918] - --------------------------setting values-----------------------------
[INFO ][2016-02-01 19:37:29,792][com.java.SeleniumDriver] [  921] - Action Type : ExecuteTestCase
[INFO ][2016-02-01 19:37:29,792][com.java.TestType] [  448] - The Concept sheet name is ---------- Concept
[INFO ][2016-02-01 19:37:29,792][com.java.TestType] [  451] - The Concept ID  is ---------- 2
[DEBUG][2016-02-01 19:37:29,792][com.java.TestType] [  455] - Steps being executted in the Concept are: 1:2
[INFO ][2016-02-01 19:37:29,792][com.java.TestType] [  462] - Test data details path ---------- D:\BankersDashboard\TestInputs\TestData.xls
[INFO ][2016-02-01 19:37:29,809][com.java.TestType] [  493] -  str(1) = 2
[INFO ][2016-02-01 19:37:29,809][com.java.TestType] [  496] - Test case Id is---2
[INFO ][2016-02-01 19:37:29,809][com.java.TestType] [  498] - 2
[INFO ][2016-02-01 19:37:29,809][com.java.TestType] [  493] -  str(2) = 1
[INFO ][2016-02-01 19:37:29,810][com.java.TestType] [  493] -  str(1) = 2
[INFO ][2016-02-01 19:37:29,810][com.java.TestType] [  496] - Test case Id is---2
[INFO ][2016-02-01 19:37:29,810][com.java.TestType] [  498] - 2
[INFO ][2016-02-01 19:37:29,810][com.java.TestType] [  493] -  str(2) = 2
[INFO ][2016-02-01 19:37:29,811][com.java.TestType] [  493] -  str(1) = 2
[INFO ][2016-02-01 19:37:29,811][com.java.TestType] [  496] - Test case Id is---2
[INFO ][2016-02-01 19:37:29,811][com.java.TestType] [  498] - 2
[INFO ][2016-02-01 19:37:29,811][com.java.TestType] [  493] -  str(2) = 3
[INFO ][2016-02-01 19:37:29,812][com.java.TestType] [11822] - Looping 1TCID = 2
[DEBUG][2016-02-01 19:37:29,813][com.java.TestType] [11863] - Concept ID:2 :: Step being Executed: 2::1
[INFO ][2016-02-01 19:37:29,813][com.java.TestType] [11901] - dataFields : BNK//select[@id='bank']
[DEBUG][2016-02-01 19:37:29,814][com.java.TestType] [11907] - <In Set values of the page>
[DEBUG][2016-02-01 19:37:29,814][com.java.TestType] [11912] - {Data Fields & Data Values Exist}
[INFO ][2016-02-01 19:37:29,814][com.java.TestType] [11918] - --------------------------setting values-----------------------------
[INFO ][2016-02-01 19:37:29,814][com.java.TestType] [11921] - Action Type : Select
[INFO ][2016-02-01 19:37:29,814][com.java.TestType] [ 6556] - value = PFC
[INFO ][2016-02-01 19:37:31,314][com.java.TestType] [11940] -  RESULT true
[INFO ][2016-02-01 19:37:31,314][com.java.TestType] [12057] - ?   P A S S   ?
[DEBUG][2016-02-01 19:37:31,314][com.java.TestType] [11863] - Concept ID:2 :: Step being Executed: 2::2
[INFO ][2016-02-01 19:37:31,314][com.java.TestType] [11901] - dataFields : LNKLogout
[DEBUG][2016-02-01 19:37:31,314][com.java.TestType] [11907] - <In Set values of the page>
[DEBUG][2016-02-01 19:37:31,315][com.java.TestType] [11912] - {Data Fields & Data Values Exist}
[INFO ][2016-02-01 19:37:31,315][com.java.TestType] [11918] - --------------------------setting values-----------------------------
[INFO ][2016-02-01 19:37:31,315][com.java.TestType] [11921] - Action Type : WaitTime
[DEBUG][2016-02-01 19:37:31,316][com.java.TestType] [ 6370] - sleepTime: 5000
[INFO ][2016-02-01 19:37:36,317][com.java.TestType] [11940] -  RESULT true
[INFO ][2016-02-01 19:37:36,317][com.java.TestType] [12057] - ?   P A S S   ?
[INFO ][2016-02-01 19:37:36,317][com.java.TestType] [12128] - Looping End......
[INFO ][2016-02-01 19:37:36,318][com.java.SeleniumDriver] [  930] -  RESULT true
[INFO ][2016-02-01 19:37:36,318][com.java.SeleniumDriver] [ 1136] - ?   P A S S   ?
[INFO ][2016-02-01 19:37:36,319][com.java.SeleniumDriver] [  856] - ------------------------------------------
[INFO ][2016-02-01 19:37:36,319][com.java.SeleniumDriver] [  857] - Test case being Executed: 5
[INFO ][2016-02-01 19:37:36,319][com.java.SeleniumDriver] [  869] - Test step:4
[INFO ][2016-02-01 19:37:36,319][com.java.SeleniumDriver] [  881] - Datavalue is----------//div[contains(text(),'My Margin')]
[INFO ][2016-02-01 19:37:36,319][com.java.SeleniumDriver] [  905] - DataField : BTN
[INFO ][2016-02-01 19:37:36,319][com.java.SeleniumDriver] [  907] - DataValue : //div[contains(text(),'My Margin')]
[INFO ][2016-02-01 19:37:36,319][com.java.SeleniumDriver] [  913] - <In Set values of the page>
[INFO ][2016-02-01 19:37:36,319][com.java.SeleniumDriver] [  916] - {Data Fields & Data Values Exist}
[INFO ][2016-02-01 19:37:36,319][com.java.SeleniumDriver] [  918] - --------------------------setting values-----------------------------
[INFO ][2016-02-01 19:37:36,319][com.java.SeleniumDriver] [  921] - Action Type : VERIFY
[INFO ][2016-02-01 19:37:36,319][com.java.TestType] [ 8158] - field= BTN value= //div[contains(text(),'My Margin')]
[INFO ][2016-02-01 19:37:36,319][com.java.TestType] [ 6556] - value = //div[contains(text(),'My Margin')]
[INFO ][2016-02-01 19:37:36,860][com.java.SeleniumDriver] [  930] -  RESULT true
[INFO ][2016-02-01 19:37:36,860][com.java.SeleniumDriver] [ 1136] - ?   P A S S   ?
[INFO ][2016-02-01 19:37:36,860][com.java.SeleniumDriver] [ 1178] - step change to 41
[INFO ][2016-02-01 19:37:36,860][com.java.SeleniumDriver] [  856] - ------------------------------------------
[INFO ][2016-02-01 19:37:36,860][com.java.SeleniumDriver] [  857] - Test case being Executed: 5
[INFO ][2016-02-01 19:37:36,860][com.java.SeleniumDriver] [  869] - Test step:41
[INFO ][2016-02-01 19:37:36,861][com.java.SeleniumDriver] [  881] - Datavalue is----------5
[INFO ][2016-02-01 19:37:36,861][com.java.SeleniumDriver] [  905] - DataField : XPH//div[contains(text(),'My Margin')]/..//div[@class='widgetBody']/div[2]/*[name()="svg"]/*[name()="g"][1]/*[name()="g"][3]/*[name()="g"][1]/*[name()="rect"][1]
[INFO ][2016-02-01 19:37:36,861][com.java.SeleniumDriver] [  907] - DataValue : 5
[INFO ][2016-02-01 19:37:36,861][com.java.SeleniumDriver] [  913] - <In Set values of the page>
[INFO ][2016-02-01 19:37:36,861][com.java.SeleniumDriver] [  916] - {Data Fields & Data Values Exist}
[INFO ][2016-02-01 19:37:36,861][com.java.SeleniumDriver] [  918] - --------------------------setting values-----------------------------
[INFO ][2016-02-01 19:37:36,861][com.java.SeleniumDriver] [  921] - Action Type : WaitForElement
[DEBUG][2016-02-01 19:39:26,286][com.java.TestType] [ 7818] - //div[contains(text(),'My Margin')]/..//div[@class='widgetBody']/div[2]/*[name()="svg"]/*[name()="g"][1]/*[name()="g"][3]/*[name()="g"][1]/*[name()="rect"][1]   :: Element not Found
[INFO ][2016-02-01 19:39:26,286][com.java.SeleniumDriver] [  930] -  RESULT false
[INFO ][2016-02-01 19:39:26,286][com.java.SeleniumDriver] [  977] - ?   F A I L   ?
[INFO ][2016-02-01 19:39:26,286][com.java.SeleniumDriver] [  985] - Browser Type : IE10
[INFO ][2016-02-01 19:39:26,286][com.java.SeleniumDriver] [  986] - Adding Failed case5
[DEBUG][2016-02-01 19:39:26,677][com.java.SeleniumDriver] [ 1054] -  tdd.getCondition() IF:Next:Next
[INFO ][2016-02-01 19:39:26,677][com.java.SeleniumDriver] [ 1058] - Continue next step...
[INFO ][2016-02-01 19:39:26,687][com.java.SeleniumDriver] [  856] - ------------------------------------------
[INFO ][2016-02-01 19:39:26,687][com.java.SeleniumDriver] [  857] - Test case being Executed: 5
[INFO ][2016-02-01 19:39:26,687][com.java.SeleniumDriver] [  869] - Test step:42
[INFO ][2016-02-01 19:39:26,687][com.java.SeleniumDriver] [  881] - Datavalue is----------null
[DEBUG][2016-02-01 19:39:26,687][com.java.SeleniumDriver] [  899] - Exception: null
[INFO ][2016-02-01 19:39:26,687][com.java.SeleniumDriver] [  905] - DataField : //div[contains(text(),'My Margin')]/..//div[@class='widgetBody']/div[2]/*[name()="svg"]/*[name()="g"][1]/*[name()="g"][3]/*[name()="g"][1]/*[name()="rect"][1]
[INFO ][2016-02-01 19:39:26,687][com.java.SeleniumDriver] [  907] - DataValue : 
[INFO ][2016-02-01 19:39:26,687][com.java.SeleniumDriver] [  913] - <In Set values of the page>
[INFO ][2016-02-01 19:39:26,687][com.java.SeleniumDriver] [  916] - {Data Fields & Data Values Exist}
[INFO ][2016-02-01 19:39:26,687][com.java.SeleniumDriver] [  918] - --------------------------setting values-----------------------------
[INFO ][2016-02-01 19:39:26,687][com.java.SeleniumDriver] [  921] - Action Type : ELEMENTMOUSEOVER
[DEBUG][2016-02-01 19:39:26,687][com.java.TestType] [  923] - Unable to perform action//div[contains(text(),'My Margin')]/..//div[@class='widgetBody']/div[2]/*[name()="svg"]/*[name()="g"][1]/*[name()="g"][3]/*[name()="g"][1]/*[name()="rect"][1]
[ERROR][2016-02-01 19:39:26,687][com.java.TestType] [  924] - Exception: No enum constant com.java.TestType.ActionTypes.ELEMENTMOUSEOVER
[INFO ][2016-02-01 19:39:26,687][com.java.SeleniumDriver] [  930] -  RESULT false
[INFO ][2016-02-01 19:39:26,687][com.java.SeleniumDriver] [  977] - ?   F A I L   ?
[INFO ][2016-02-01 19:39:26,687][com.java.SeleniumDriver] [  985] - Browser Type : IE10
[INFO ][2016-02-01 19:39:26,687][com.java.SeleniumDriver] [  986] - Adding Failed case5
[DEBUG][2016-02-01 19:39:27,097][com.java.SeleniumDriver] [ 1054] -  tdd.getCondition() IF:Next:Next
[INFO ][2016-02-01 19:39:27,097][com.java.SeleniumDriver] [ 1058] - Continue next step...
[INFO ][2016-02-01 19:39:27,097][com.java.SeleniumDriver] [  856] - ------------------------------------------
[INFO ][2016-02-01 19:39:27,097][com.java.SeleniumDriver] [  857] - Test case being Executed: 5
[INFO ][2016-02-01 19:39:27,097][com.java.SeleniumDriver] [  869] - Test step:43
[INFO ][2016-02-01 19:39:27,097][com.java.SeleniumDriver] [  881] - Datavalue is----------5
[INFO ][2016-02-01 19:39:27,097][com.java.SeleniumDriver] [  905] - DataField : XPH//table[@class="c3-tooltip"]//tr[@class="c3-tooltip-name-NIM"]//td[2]
[INFO ][2016-02-01 19:39:27,097][com.java.SeleniumDriver] [  907] - DataValue : 5
[INFO ][2016-02-01 19:39:27,097][com.java.SeleniumDriver] [  913] - <In Set values of the page>
[INFO ][2016-02-01 19:39:27,097][com.java.SeleniumDriver] [  916] - {Data Fields & Data Values Exist}
[INFO ][2016-02-01 19:39:27,097][com.java.SeleniumDriver] [  918] - --------------------------setting values-----------------------------
[INFO ][2016-02-01 19:39:27,097][com.java.SeleniumDriver] [  921] - Action Type : WaitForElement
[INFO ][2016-02-01 19:39:27,417][com.java.SeleniumDriver] [  930] -  RESULT true
[INFO ][2016-02-01 19:39:27,417][com.java.SeleniumDriver] [ 1136] - ?   P A S S   ?
[INFO ][2016-02-01 19:39:27,417][com.java.SeleniumDriver] [  856] - ------------------------------------------
[INFO ][2016-02-01 19:39:27,417][com.java.SeleniumDriver] [  857] - Test case being Executed: 5
[INFO ][2016-02-01 19:39:27,417][com.java.SeleniumDriver] [  869] - Test step:44
[INFO ][2016-02-01 19:39:27,417][com.java.SeleniumDriver] [  881] - Datavalue is----------NIM1
[INFO ][2016-02-01 19:39:27,417][com.java.SeleniumDriver] [  905] - DataField : XPH//table[@class="c3-tooltip"]//tr[@class="c3-tooltip-name-NIM"]//td[2]
[INFO ][2016-02-01 19:39:27,417][com.java.SeleniumDriver] [  907] - DataValue : NIM1
[INFO ][2016-02-01 19:39:27,417][com.java.SeleniumDriver] [  913] - <In Set values of the page>
[INFO ][2016-02-01 19:39:27,417][com.java.SeleniumDriver] [  916] - {Data Fields & Data Values Exist}
[INFO ][2016-02-01 19:39:27,417][com.java.SeleniumDriver] [  918] - --------------------------setting values-----------------------------
[INFO ][2016-02-01 19:39:27,417][com.java.SeleniumDriver] [  921] - Action Type : STOREVALUE
[INFO ][2016-02-01 19:39:27,417][com.java.TestType] [ 9587] - field= XPH//table[@class="c3-tooltip"]//tr[@class="c3-tooltip-name-NIM"]//td[2]
[DEBUG][2016-02-01 19:39:27,978][com.java.TestType] [ 9650] - Error occured while storing the value for:: NIM Value
[INFO ][2016-02-01 19:39:27,978][com.java.SeleniumDriver] [  930] -  RESULT false
[INFO ][2016-02-01 19:39:27,978][com.java.SeleniumDriver] [  977] - ?   F A I L   ?
[INFO ][2016-02-01 19:39:27,978][com.java.SeleniumDriver] [  985] - Browser Type : IE10
[INFO ][2016-02-01 19:39:27,978][com.java.SeleniumDriver] [  986] - Adding Failed case5
[INFO ][2016-02-01 19:39:28,378][com.java.SeleniumDriver] [ 1100] - failedCases = 5
[ERROR][2016-02-01 19:39:28,378][com.java.SeleniumDriver] [ 1599] - Platform Errors : Our apologies...::We have encountered an issue with your request.::Our apologies?:We encountered an issue with your request.
[INFO ][2016-02-01 19:39:28,378][com.java.SeleniumDriver] [ 1603] - Length =3
[ERROR][2016-02-01 19:39:28,378][com.java.SeleniumDriver] [ 1606] - Error 0 = Our apologies...
[ERROR][2016-02-01 19:39:28,568][com.java.SeleniumDriver] [ 1606] - Error 1 = We have encountered an issue with your request.
[ERROR][2016-02-01 19:39:28,719][com.java.SeleniumDriver] [ 1606] - Error 2 = Our apologies?:We encountered an issue with your request.
[INFO ][2016-02-01 19:39:28,879][com.java.SeleniumDriver] [ 1617] - strError:
[DEBUG][2016-02-01 19:39:28,889][com.java.SeleniumDriver] [ 1248] - Case found
[DEBUG][2016-02-01 19:39:28,889][com.java.SeleniumDriver] [ 1253] - Incrementing ReportCounters[0]:2
[INFO ][2016-02-01 19:39:28,889][com.java.SeleniumDriver] [ 1272] - The results are-------------------[5, 44, Right Hand Menu Bar: CD alerts , Fail, 
Test case failed at Step No. :: 44   Error Message ::  Error occured while storing the value for:: NIM Value. Screen Shot : D:\BankersDashboard\TestReports\020116\5_020116_193927_IE10.png, Mon Feb 01 19:39:28 IST 2016]
[INFO ][2016-02-01 19:39:28,889][com.java.SeleniumDriver] [ 1276] - End time is-------2 min 54 sec
[INFO ][2016-02-01 19:39:28,889][com.java.SeleniumDriver] [ 1277] - The results are-------------------[5, 44, Right Hand Menu Bar: CD alerts , Fail, 
Test case failed at Step No. :: 44   Error Message ::  Error occured while storing the value for:: NIM Value. Screen Shot : D:\BankersDashboard\TestReports\020116\5_020116_193927_IE10.png, Mon Feb 01 19:39:28 IST 2016]
[DEBUG][2016-02-01 19:39:28,889][com.java.ImportnExport.ExportTestResultsExcel] [  222] - testResultPath = D:\BankersDashboard/TestReports/Test Results_BankersDashBoard_020116_193636_IE10_United Bank.xls
[DEBUG][2016-02-01 19:39:28,889][com.java.ImportnExport.ExportTestResultsExcel] [  223] - browser is------------IE10
[DEBUG][2016-02-01 19:39:28,889][com.java.ImportnExport.ExportTestResultsExcel] [  270] - result.size() = 6
[DEBUG][2016-02-01 19:39:28,889][com.java.ImportnExport.ExportTestResultsExcel] [  274] - No of rows in sheet=2
[DEBUG][2016-02-01 19:39:28,889][com.java.ImportnExport.ExportTestResultsExcel] [  301] - ..in export..5
[DEBUG][2016-02-01 19:39:28,889][com.java.ImportnExport.ExportTestResultsExcel] [  301] - ..in export..Right Hand Menu Bar: CD alerts 
[DEBUG][2016-02-01 19:39:28,889][com.java.ImportnExport.ExportTestResultsExcel] [  301] - ..in export..Fail
[DEBUG][2016-02-01 19:39:28,889][com.java.ImportnExport.ExportTestResultsExcel] [  301] - ..in export..
Test case failed at Step No. :: 44   Error Message ::  Error occured while storing the value for:: NIM Value. Screen Shot : D:\BankersDashboard\TestReports\020116\5_020116_193927_IE10.png
[DEBUG][2016-02-01 19:39:28,889][com.java.ImportnExport.ExportTestResultsExcel] [  301] - ..in export..Mon Feb 01 19:39:28 IST 2016
[INFO ][2016-02-01 19:39:28,889][com.java.SeleniumDriver] [ 1337] - out loop:1 size:2 TestCases:[1, 5] testcases:[1, 5]
[INFO ][2016-02-01 19:39:30,889][com.java.SeleniumDriver] [ 1380] - Total Number of Cases:2
[INFO ][2016-02-01 19:39:30,889][com.java.TemplateGenerator] [  302] - Executed:2
[INFO ][2016-02-01 19:39:30,889][com.java.TemplateGenerator] [  303] - Passed:1
[INFO ][2016-02-01 19:39:30,889][com.java.TemplateGenerator] [  304] - Failed:1
[INFO ][2016-02-01 19:39:30,889][com.java.TemplateGenerator] [  305] - Skipeed:0
[INFO ][2016-02-01 19:39:30,889][com.java.TemplateGenerator] [  306] - Application URL:https://clients-xuat.bankersdashboard.com
[INFO ][2016-02-01 19:39:30,889][com.java.TemplateGenerator] [  307] - Start Time:020116_193636
[INFO ][2016-02-01 19:39:30,889][com.java.TemplateGenerator] [  308] -  Creating HTML Report 
[ERROR][2016-02-01 19:39:30,889][com.java.TemplateGenerator] [  409] - Unparseable date: "Mon Feb 01 07:36:36 IST 2016"
[INFO ][2016-02-01 19:39:30,889][com.java.TemplateGenerator] [  654] -  Exporting case :: 1
[INFO ][2016-02-01 19:39:30,889][com.java.TemplateGenerator] [  654] -  Exporting case :: 5
[INFO ][2016-02-01 19:39:30,890][com.java.SeleniumDriver] [ 1429] - End Time:020116_193930
[INFO ][2016-02-01 19:39:30,890][com.java.SeleniumDriver] [ 1432] - Data in Test Execution Details:{1=PASS, 5=FAILTest case failed at Step No. :: 44   Error Message ::  Error occured while storing the value for:: NIM Value}
[INFO ][2016-02-01 19:39:30,890][com.java.SeleniumDriver] [ 1433] - Data in Failed Execution Deatils:{}
[INFO ][2016-02-01 19:39:30,890][com.java.SeleniumDriver] [ 1435] - ReportCounter:Total:2 :: PASS: 1 ::FAIL: 1
[INFO ][2016-02-01 19:39:30,890][com.java.SeleniumDriver] [ 1436] - FailedReportCounter:Total:0 :: PASS: 0 ::FAIL: 0
[INFO ][2016-02-01 19:39:30,890][com.java.EmailTestReport] [   63] - Sending report mail details:
[INFO ][2016-02-01 19:39:30,890][com.java.EmailTestReport] [   80] - Excel Report Path:D:\BankersDashboard/TestReports/Test Results_BankersDashBoard_020116_193636_IE10_United Bank.xls
[INFO ][2016-02-01 19:39:30,890][com.java.EmailTestReport] [   81] - HTML Report Path:D:\BankersDashboard//TestReports//Test Results_BankersDashBoard_020116_193636_IE10_United Bank.html
[INFO ][2016-02-01 19:39:30,900][com.java.EmailTestReport] [   82] - smtpHostName:mail01.valuelabs.com
[INFO ][2016-02-01 19:39:30,900][com.java.EmailTestReport] [   83] - Recipient:venkateswararao.gubbala@valuelabs.com;
[INFO ][2016-02-01 19:39:30,900][com.java.EmailTestReport] [   84] - From:venkateswararao.gubbala@valuelabs.com;
[INFO ][2016-02-01 19:39:30,900][com.java.EmailTestReport] [   85] - Subject:Deluxe Corp Bankers Dashboard Automation Test Report - United Bank - IE10
[INFO ][2016-02-01 19:39:30,920][com.java.EmailTestReport] [  143] -  Added venkateswararao.gubbala@valuelabs.com
[INFO ][2016-02-01 19:39:35,371][com.java.SeleniumDriver] [  722] - quitting the browser 
[INFO ][2016-02-01 19:39:37,063][com.java.SeleniumDriver] [  264] - Execution Completed Stopping the thread
