[INFO ][2015-11-06 16:44:29,475][com.java.SeleniumDriver] [  213] - Execute Failed Casesfalse
[INFO ][2015-11-06 16:44:29,475][com.java.SeleniumDriver] [  214] - Browser: IE11
[INFO ][2015-11-06 16:44:29,475][com.java.SeleniumDriver] [  215] - [1, 2, 3, 4, 5, 6, 7]
[INFO ][2015-11-06 16:44:29,475][com.java.SeleniumDriver] [  216] - Total TestCases:7
[INFO ][2015-11-06 16:44:29,475][com.java.SeleniumDriver] [  217] -  Reading Properties from Property File 
[DEBUG][2015-11-06 16:44:29,476][com.java.SeleniumDriver] [  238] - url : https://clients-xuat.bankersdashboard.com
[INFO ][2015-11-06 16:44:29,477][com.java.ImportnExport.ExportTestResultsExcel] [  116] - Time Stamp Fri Nov 06 04:44:29 IST 2015
[INFO ][2015-11-06 16:44:29,477][com.java.ImportnExport.ExportTestResultsExcel] [  175] - OUT FILE : D:\BankersDashboard/TestReports/Test Results_BankersDashBoard_110615_164429_IE11_Bank of North Carolina.xls
[INFO ][2015-11-06 16:44:29,505][com.java.ImportnExport.ExportTestResultsExcel] [  180] - Test Result file is created
[DEBUG][2015-11-06 16:44:29,604][com.java.SeleniumDriver] [  425] - Hub ip address is-------172.17.68.34
[INFO ][2015-11-06 16:44:29,605][com.java.SeleniumDriver] [  451] - Grid URL:http://172.17.68.34:4444/wd/hub
[INFO ][2015-11-06 16:44:29,605][com.java.SeleniumDriver] [  452] - Capability:Capabilities [{platform=ANY, ensureCleanSession=true, ignoreProtectedModeSettings=true, acceptSslCerts=true, ignoreZoomSetting=true, browserName=internet explorer, browserstack.ie.noFlash=true, version=Node1}]
[ERROR][2015-11-06 16:44:30,900][com.java.SeleniumDriver] [  496] - Unable invoke browser in grid:Could not start a new session. Possible causes are invalid address of the remote server or browser start-up failure.
Build info: version: '2.48.2', revision: '41bccdd', time: '2015-10-09 19:59:12'
System info: host: 'FVTIII438F1D', ip: '172.17.68.34', os.name: 'Windows 7', os.arch: 'x86', os.version: '6.1', java.version: '1.7.0_55'
Driver info: driver.version: SeleniumDriver
[INFO ][2015-11-06 16:44:30,900][com.java.SeleniumDriver] [  498] - Executing on local machine
[INFO ][2015-11-06 16:44:40,195][com.java.SeleniumDriver] [  248] - IE11is opened
[INFO ][2015-11-06 16:44:41,023][com.java.SeleniumDriver] [  752] - Test cases to be executed are: [1, 2, 3, 4, 5, 6, 7]
[INFO ][2015-11-06 16:44:41,024][com.java.ImportnExport.ImportTestDataDetailsExcel] [   49] - test data details path===== D:\BankersDashboard\TestInputs\TestData.xls
[INFO ][2015-11-06 16:44:51,787][com.java.SeleniumDriver] [  788] - ------------------------------------------
[INFO ][2015-11-06 16:44:51,787][com.java.SeleniumDriver] [  789] - Test case being Executed: 1
[INFO ][2015-11-06 16:44:51,802][com.java.SeleniumDriver] [  800] - Test step:1
[INFO ][2015-11-06 16:44:51,804][com.java.SeleniumDriver] [  812] - Datavalue is----------Concept#1:1-14
[INFO ][2015-11-06 16:44:51,804][com.java.SeleniumDriver] [  836] - DataField : test
[INFO ][2015-11-06 16:44:51,804][com.java.SeleniumDriver] [  838] - DataValue : Concept#1:1-14
[INFO ][2015-11-06 16:44:51,805][com.java.SeleniumDriver] [  844] - <In Set values of the page>
[INFO ][2015-11-06 16:44:51,805][com.java.SeleniumDriver] [  847] - {Data Fields & Data Values Exist}
[INFO ][2015-11-06 16:44:51,805][com.java.SeleniumDriver] [  849] - --------------------------setting values-----------------------------
[INFO ][2015-11-06 16:44:51,805][com.java.SeleniumDriver] [  852] - Action Type : ExecuteTestCase
[INFO ][2015-11-06 16:44:51,822][com.java.TestType] [  417] - The Concept sheet name is ---------- Concept
[INFO ][2015-11-06 16:44:51,822][com.java.TestType] [  420] - The Concept ID  is ---------- 1
[DEBUG][2015-11-06 16:44:51,822][com.java.TestType] [  424] - Steps being executted in the Concept are: 1:14
[INFO ][2015-11-06 16:44:51,822][com.java.TestType] [  431] - Test data details path ---------- D:\BankersDashboard\TestInputs\TestData.xls
[INFO ][2015-11-06 16:44:51,852][com.java.TestType] [  462] -  str(1) = 1
[INFO ][2015-11-06 16:44:51,852][com.java.TestType] [  465] - Test case Id is---1
[INFO ][2015-11-06 16:44:51,853][com.java.TestType] [  467] - 1
[INFO ][2015-11-06 16:44:51,853][com.java.TestType] [  462] -  str(2) = 1
[INFO ][2015-11-06 16:44:51,855][com.java.TestType] [  514] - row values are--------{1=com.java.Objects.TestDataDetails@185c219}
[INFO ][2015-11-06 16:44:51,855][com.java.TestType] [  462] -  str(1) = 1
[INFO ][2015-11-06 16:44:51,855][com.java.TestType] [  465] - Test case Id is---1
[INFO ][2015-11-06 16:44:51,855][com.java.TestType] [  467] - 1
[INFO ][2015-11-06 16:44:51,856][com.java.TestType] [  462] -  str(2) = 2
[INFO ][2015-11-06 16:44:51,857][com.java.TestType] [  514] - row values are--------{1=com.java.Objects.TestDataDetails@185c219, 2=com.java.Objects.TestDataDetails@a53ba0}
[INFO ][2015-11-06 16:44:51,857][com.java.TestType] [  462] -  str(1) = 1
[INFO ][2015-11-06 16:44:51,857][com.java.TestType] [  465] - Test case Id is---1
[INFO ][2015-11-06 16:44:51,857][com.java.TestType] [  467] - 1
[INFO ][2015-11-06 16:44:51,857][com.java.TestType] [  462] -  str(2) = 3
[INFO ][2015-11-06 16:44:51,860][com.java.TestType] [  514] - row values are--------{1=com.java.Objects.TestDataDetails@185c219, 2=com.java.Objects.TestDataDetails@a53ba0, 3=com.java.Objects.TestDataDetails@19de6c}
[INFO ][2015-11-06 16:44:51,861][com.java.TestType] [  462] -  str(1) = 1
[INFO ][2015-11-06 16:44:51,861][com.java.TestType] [  465] - Test case Id is---1
[INFO ][2015-11-06 16:44:51,861][com.java.TestType] [  467] - 1
[INFO ][2015-11-06 16:44:51,861][com.java.TestType] [  462] -  str(2) = 4
[INFO ][2015-11-06 16:44:51,862][com.java.TestType] [  514] - row values are--------{1=com.java.Objects.TestDataDetails@185c219, 2=com.java.Objects.TestDataDetails@a53ba0, 3=com.java.Objects.TestDataDetails@19de6c, 4=com.java.Objects.TestDataDetails@9b81d5}
[INFO ][2015-11-06 16:44:51,862][com.java.TestType] [  462] -  str(1) = 1
[INFO ][2015-11-06 16:44:51,862][com.java.TestType] [  465] - Test case Id is---1
[INFO ][2015-11-06 16:44:51,863][com.java.TestType] [  467] - 1
[INFO ][2015-11-06 16:44:51,863][com.java.TestType] [  462] -  str(2) = 5
[INFO ][2015-11-06 16:44:51,864][com.java.TestType] [  514] - row values are--------{1=com.java.Objects.TestDataDetails@185c219, 2=com.java.Objects.TestDataDetails@a53ba0, 3=com.java.Objects.TestDataDetails@19de6c, 4=com.java.Objects.TestDataDetails@9b81d5, 5=com.java.Objects.TestDataDetails@c42e5a}
[INFO ][2015-11-06 16:44:51,864][com.java.TestType] [  462] -  str(1) = 1
[INFO ][2015-11-06 16:44:51,864][com.java.TestType] [  465] - Test case Id is---1
[INFO ][2015-11-06 16:44:51,864][com.java.TestType] [  467] - 1
[INFO ][2015-11-06 16:44:51,864][com.java.TestType] [  462] -  str(2) = 6
[INFO ][2015-11-06 16:44:51,865][com.java.TestType] [  514] - row values are--------{1=com.java.Objects.TestDataDetails@185c219, 2=com.java.Objects.TestDataDetails@a53ba0, 3=com.java.Objects.TestDataDetails@19de6c, 4=com.java.Objects.TestDataDetails@9b81d5, 5=com.java.Objects.TestDataDetails@c42e5a, 6=com.java.Objects.TestDataDetails@9a8e52}
[INFO ][2015-11-06 16:44:51,865][com.java.TestType] [  462] -  str(1) = 1
[INFO ][2015-11-06 16:44:51,865][com.java.TestType] [  465] - Test case Id is---1
[INFO ][2015-11-06 16:44:51,865][com.java.TestType] [  467] - 1
[INFO ][2015-11-06 16:44:51,866][com.java.TestType] [  462] -  str(2) = 7
[INFO ][2015-11-06 16:44:51,866][com.java.TestType] [  514] - row values are--------{1=com.java.Objects.TestDataDetails@185c219, 2=com.java.Objects.TestDataDetails@a53ba0, 3=com.java.Objects.TestDataDetails@19de6c, 4=com.java.Objects.TestDataDetails@9b81d5, 5=com.java.Objects.TestDataDetails@c42e5a, 6=com.java.Objects.TestDataDetails@9a8e52, 7=com.java.Objects.TestDataDetails@170ad95}
[INFO ][2015-11-06 16:44:51,866][com.java.TestType] [  462] -  str(1) = 1
[INFO ][2015-11-06 16:44:51,866][com.java.TestType] [  465] - Test case Id is---1
[INFO ][2015-11-06 16:44:51,867][com.java.TestType] [  467] - 1
[INFO ][2015-11-06 16:44:51,867][com.java.TestType] [  462] -  str(2) = 8
[INFO ][2015-11-06 16:44:51,867][com.java.TestType] [  514] - row values are--------{1=com.java.Objects.TestDataDetails@185c219, 2=com.java.Objects.TestDataDetails@a53ba0, 3=com.java.Objects.TestDataDetails@19de6c, 4=com.java.Objects.TestDataDetails@9b81d5, 5=com.java.Objects.TestDataDetails@c42e5a, 6=com.java.Objects.TestDataDetails@9a8e52, 7=com.java.Objects.TestDataDetails@170ad95, 8=com.java.Objects.TestDataDetails@5dc0a5}
[INFO ][2015-11-06 16:44:51,868][com.java.TestType] [  462] -  str(1) = 1
[INFO ][2015-11-06 16:44:51,868][com.java.TestType] [  465] - Test case Id is---1
[INFO ][2015-11-06 16:44:51,868][com.java.TestType] [  467] - 1
[INFO ][2015-11-06 16:44:51,868][com.java.TestType] [  462] -  str(2) = 9
[INFO ][2015-11-06 16:44:51,869][com.java.TestType] [  514] - row values are--------{1=com.java.Objects.TestDataDetails@185c219, 2=com.java.Objects.TestDataDetails@a53ba0, 3=com.java.Objects.TestDataDetails@19de6c, 4=com.java.Objects.TestDataDetails@9b81d5, 5=com.java.Objects.TestDataDetails@c42e5a, 6=com.java.Objects.TestDataDetails@9a8e52, 7=com.java.Objects.TestDataDetails@170ad95, 8=com.java.Objects.TestDataDetails@5dc0a5, 9=com.java.Objects.TestDataDetails@18778fd}
[INFO ][2015-11-06 16:44:51,870][com.java.TestType] [  462] -  str(1) = 1
[INFO ][2015-11-06 16:44:51,870][com.java.TestType] [  465] - Test case Id is---1
[INFO ][2015-11-06 16:44:51,870][com.java.TestType] [  467] - 1
[INFO ][2015-11-06 16:44:51,870][com.java.TestType] [  462] -  str(2) = 10
[INFO ][2015-11-06 16:44:51,872][com.java.TestType] [  514] - row values are--------{1=com.java.Objects.TestDataDetails@185c219, 2=com.java.Objects.TestDataDetails@a53ba0, 3=com.java.Objects.TestDataDetails@19de6c, 4=com.java.Objects.TestDataDetails@9b81d5, 5=com.java.Objects.TestDataDetails@c42e5a, 6=com.java.Objects.TestDataDetails@9a8e52, 7=com.java.Objects.TestDataDetails@170ad95, 8=com.java.Objects.TestDataDetails@5dc0a5, 9=com.java.Objects.TestDataDetails@18778fd, 10=com.java.Objects.TestDataDetails@182c145}
[INFO ][2015-11-06 16:44:51,872][com.java.TestType] [  462] -  str(1) = 1
[INFO ][2015-11-06 16:44:51,872][com.java.TestType] [  465] - Test case Id is---1
[INFO ][2015-11-06 16:44:51,872][com.java.TestType] [  467] - 1
[INFO ][2015-11-06 16:44:51,872][com.java.TestType] [  462] -  str(2) = 11
[INFO ][2015-11-06 16:44:51,873][com.java.TestType] [  514] - row values are--------{1=com.java.Objects.TestDataDetails@185c219, 2=com.java.Objects.TestDataDetails@a53ba0, 3=com.java.Objects.TestDataDetails@19de6c, 4=com.java.Objects.TestDataDetails@9b81d5, 5=com.java.Objects.TestDataDetails@c42e5a, 6=com.java.Objects.TestDataDetails@9a8e52, 7=com.java.Objects.TestDataDetails@170ad95, 8=com.java.Objects.TestDataDetails@5dc0a5, 9=com.java.Objects.TestDataDetails@18778fd, 10=com.java.Objects.TestDataDetails@182c145, 11=com.java.Objects.TestDataDetails@1137c6}
[INFO ][2015-11-06 16:44:51,873][com.java.TestType] [  462] -  str(1) = 1
[INFO ][2015-11-06 16:44:51,873][com.java.TestType] [  465] - Test case Id is---1
[INFO ][2015-11-06 16:44:51,873][com.java.TestType] [  467] - 1
[INFO ][2015-11-06 16:44:51,873][com.java.TestType] [  462] -  str(2) = 12
[INFO ][2015-11-06 16:44:51,874][com.java.TestType] [  514] - row values are--------{1=com.java.Objects.TestDataDetails@185c219, 2=com.java.Objects.TestDataDetails@a53ba0, 3=com.java.Objects.TestDataDetails@19de6c, 4=com.java.Objects.TestDataDetails@9b81d5, 5=com.java.Objects.TestDataDetails@c42e5a, 6=com.java.Objects.TestDataDetails@9a8e52, 7=com.java.Objects.TestDataDetails@170ad95, 8=com.java.Objects.TestDataDetails@5dc0a5, 9=com.java.Objects.TestDataDetails@18778fd, 10=com.java.Objects.TestDataDetails@182c145, 11=com.java.Objects.TestDataDetails@1137c6, 12=com.java.Objects.TestDataDetails@edb374}
[INFO ][2015-11-06 16:44:51,874][com.java.TestType] [  462] -  str(1) = 1
[INFO ][2015-11-06 16:44:51,874][com.java.TestType] [  465] - Test case Id is---1
[INFO ][2015-11-06 16:44:51,874][com.java.TestType] [  467] - 1
[INFO ][2015-11-06 16:44:51,874][com.java.TestType] [  462] -  str(2) = 13
[INFO ][2015-11-06 16:44:51,875][com.java.TestType] [  514] - row values are--------{1=com.java.Objects.TestDataDetails@185c219, 2=com.java.Objects.TestDataDetails@a53ba0, 3=com.java.Objects.TestDataDetails@19de6c, 4=com.java.Objects.TestDataDetails@9b81d5, 5=com.java.Objects.TestDataDetails@c42e5a, 6=com.java.Objects.TestDataDetails@9a8e52, 7=com.java.Objects.TestDataDetails@170ad95, 8=com.java.Objects.TestDataDetails@5dc0a5, 9=com.java.Objects.TestDataDetails@18778fd, 10=com.java.Objects.TestDataDetails@182c145, 11=com.java.Objects.TestDataDetails@1137c6, 12=com.java.Objects.TestDataDetails@edb374, 13=com.java.Objects.TestDataDetails@116cf35}
[INFO ][2015-11-06 16:44:51,875][com.java.TestType] [  462] -  str(1) = 1
[INFO ][2015-11-06 16:44:51,875][com.java.TestType] [  465] - Test case Id is---1
[INFO ][2015-11-06 16:44:51,875][com.java.TestType] [  467] - 1
[INFO ][2015-11-06 16:44:51,875][com.java.TestType] [  462] -  str(2) = 14
[INFO ][2015-11-06 16:44:51,876][com.java.TestType] [  514] - row values are--------{1=com.java.Objects.TestDataDetails@185c219, 2=com.java.Objects.TestDataDetails@a53ba0, 3=com.java.Objects.TestDataDetails@19de6c, 4=com.java.Objects.TestDataDetails@9b81d5, 5=com.java.Objects.TestDataDetails@c42e5a, 6=com.java.Objects.TestDataDetails@9a8e52, 7=com.java.Objects.TestDataDetails@170ad95, 8=com.java.Objects.TestDataDetails@5dc0a5, 9=com.java.Objects.TestDataDetails@18778fd, 10=com.java.Objects.TestDataDetails@182c145, 11=com.java.Objects.TestDataDetails@1137c6, 12=com.java.Objects.TestDataDetails@edb374, 13=com.java.Objects.TestDataDetails@116cf35, 14=com.java.Objects.TestDataDetails@1c00fa9}
[INFO ][2015-11-06 16:44:51,876][com.java.TestType] [ 8177] - Looping 1TCID = 1
[DEBUG][2015-11-06 16:44:51,876][com.java.TestType] [ 8218] - Concept ID:1 :: Step being Executed: 1::1
[INFO ][2015-11-06 16:44:51,876][com.java.TestType] [ 8256] - dataFields : TXTusername
[DEBUG][2015-11-06 16:44:51,876][com.java.TestType] [ 8262] - <In Set values of the page>
[DEBUG][2015-11-06 16:44:51,876][com.java.TestType] [ 8267] - {Data Fields & Data Values Exist}
[INFO ][2015-11-06 16:44:51,876][com.java.TestType] [ 8273] - --------------------------setting values-----------------------------
[INFO ][2015-11-06 16:44:51,876][com.java.TestType] [ 8276] - Action Type : CLEARANDENTER
[INFO ][2015-11-06 16:44:51,877][com.java.TestType] [ 4028] - value = valuelabs.ie11.33527
[INFO ][2015-11-06 16:44:56,735][com.java.TestType] [ 8295] -  RESULT true
[INFO ][2015-11-06 16:44:56,735][com.java.TestType] [ 8412] - ?   P A S S   ?
[DEBUG][2015-11-06 16:44:56,735][com.java.TestType] [ 8218] - Concept ID:1 :: Step being Executed: 1::2
[INFO ][2015-11-06 16:44:56,735][com.java.TestType] [ 8256] - dataFields : TXTpassword
[DEBUG][2015-11-06 16:44:56,735][com.java.TestType] [ 8262] - <In Set values of the page>
[DEBUG][2015-11-06 16:44:56,735][com.java.TestType] [ 8267] - {Data Fields & Data Values Exist}
[INFO ][2015-11-06 16:44:56,736][com.java.TestType] [ 8273] - --------------------------setting values-----------------------------
[INFO ][2015-11-06 16:44:56,736][com.java.TestType] [ 8276] - Action Type : CLEARANDENTER
[INFO ][2015-11-06 16:44:56,736][com.java.TestType] [ 4028] - value = Password1*
[INFO ][2015-11-06 16:45:01,672][com.java.TestType] [ 8295] -  RESULT true
[INFO ][2015-11-06 16:45:01,672][com.java.TestType] [ 8412] - ?   P A S S   ?
[DEBUG][2015-11-06 16:45:01,672][com.java.TestType] [ 8218] - Concept ID:1 :: Step being Executed: 1::3
[ERROR][2015-11-06 16:45:01,672][com.java.TestType] [ 8251] - Exception: null
[INFO ][2015-11-06 16:45:01,672][com.java.TestType] [ 8256] - dataFields : XPH//button[@type='submit']
[DEBUG][2015-11-06 16:45:01,672][com.java.TestType] [ 8262] - <In Set values of the page>
[DEBUG][2015-11-06 16:45:01,672][com.java.TestType] [ 8267] - {Data Fields & Data Values Exist}
[INFO ][2015-11-06 16:45:01,673][com.java.TestType] [ 8273] - --------------------------setting values-----------------------------
[INFO ][2015-11-06 16:45:01,673][com.java.TestType] [ 8276] - Action Type : Click
[INFO ][2015-11-06 16:45:01,673][com.java.TestType] [ 4341] - Field ::XPH//button[@type='submit']
[INFO ][2015-11-06 16:45:02,673][com.java.TestType] [ 4400] - BEFORE CLICK
[INFO ][2015-11-06 16:45:03,546][com.java.TestType] [ 4408] - Unable to click the object Login
[INFO ][2015-11-06 16:45:03,546][com.java.TestType] [ 8295] -  RESULT true
[INFO ][2015-11-06 16:45:03,546][com.java.TestType] [ 8412] - ?   P A S S   ?
[DEBUG][2015-11-06 16:45:03,546][com.java.TestType] [ 8218] - Concept ID:1 :: Step being Executed: 1::4
[INFO ][2015-11-06 16:45:03,546][com.java.TestType] [ 8256] - dataFields : LNKLogout
[DEBUG][2015-11-06 16:45:03,546][com.java.TestType] [ 8262] - <In Set values of the page>
[DEBUG][2015-11-06 16:45:03,546][com.java.TestType] [ 8267] - {Data Fields & Data Values Exist}
[INFO ][2015-11-06 16:45:03,546][com.java.TestType] [ 8273] - --------------------------setting values-----------------------------
[INFO ][2015-11-06 16:45:03,546][com.java.TestType] [ 8276] - Action Type : WaitForElement
[INFO ][2015-11-06 16:45:11,825][com.java.TestType] [ 8295] -  RESULT true
[INFO ][2015-11-06 16:45:11,825][com.java.TestType] [ 8412] - ?   P A S S   ?
[DEBUG][2015-11-06 16:45:11,825][com.java.TestType] [ 8218] - Concept ID:1 :: Step being Executed: 1::13
[INFO ][2015-11-06 16:45:11,825][com.java.TestType] [ 8256] - dataFields : LNK
[DEBUG][2015-11-06 16:45:11,825][com.java.TestType] [ 8262] - <In Set values of the page>
[DEBUG][2015-11-06 16:45:11,825][com.java.TestType] [ 8267] - {Data Fields & Data Values Exist}
[INFO ][2015-11-06 16:45:11,826][com.java.TestType] [ 8273] - --------------------------setting values-----------------------------
[INFO ][2015-11-06 16:45:11,826][com.java.TestType] [ 8276] - Action Type : Verify
[INFO ][2015-11-06 16:45:11,826][com.java.TestType] [ 5154] - field= LNK value= Logout
[INFO ][2015-11-06 16:45:11,829][com.java.TestType] [ 4028] - value = Logout
[INFO ][2015-11-06 16:45:11,864][com.java.TestType] [ 8295] -  RESULT true
[INFO ][2015-11-06 16:45:11,864][com.java.TestType] [ 8412] - ?   P A S S   ?
[DEBUG][2015-11-06 16:45:11,864][com.java.TestType] [ 8218] - Concept ID:1 :: Step being Executed: 1::14
[INFO ][2015-11-06 16:45:11,864][com.java.TestType] [ 8256] - dataFields : BTN
[DEBUG][2015-11-06 16:45:11,864][com.java.TestType] [ 8262] - <In Set values of the page>
[DEBUG][2015-11-06 16:45:11,864][com.java.TestType] [ 8267] - {Data Fields & Data Values Exist}
[INFO ][2015-11-06 16:45:11,864][com.java.TestType] [ 8273] - --------------------------setting values-----------------------------
[INFO ][2015-11-06 16:45:11,865][com.java.TestType] [ 8276] - Action Type : Verify
[INFO ][2015-11-06 16:45:11,865][com.java.TestType] [ 5154] - field= BTN value= //img[contains(@src,'bdlogo.jpg')]
[INFO ][2015-11-06 16:45:11,865][com.java.TestType] [ 4028] - value = //img[contains(@src,'bdlogo.jpg')]
[INFO ][2015-11-06 16:45:11,899][com.java.TestType] [ 8295] -  RESULT true
[INFO ][2015-11-06 16:45:11,899][com.java.TestType] [ 8412] - ?   P A S S   ?
[INFO ][2015-11-06 16:45:11,899][com.java.TestType] [ 8483] - Looping End......
[INFO ][2015-11-06 16:45:11,903][com.java.SeleniumDriver] [  861] -  RESULT true
[INFO ][2015-11-06 16:45:11,903][com.java.SeleniumDriver] [ 1066] - ?   P A S S   ?
[INFO ][2015-11-06 16:45:11,903][com.java.SeleniumDriver] [  788] - ------------------------------------------
[INFO ][2015-11-06 16:45:11,903][com.java.SeleniumDriver] [  789] - Test case being Executed: 1
[INFO ][2015-11-06 16:45:11,903][com.java.SeleniumDriver] [  800] - Test step:2
[INFO ][2015-11-06 16:45:11,903][com.java.SeleniumDriver] [  812] - Datavalue is----------Concept#2:1-2
[INFO ][2015-11-06 16:45:11,903][com.java.SeleniumDriver] [  836] - DataField : test
[INFO ][2015-11-06 16:45:11,903][com.java.SeleniumDriver] [  838] - DataValue : Concept#2:1-2
[INFO ][2015-11-06 16:45:11,903][com.java.SeleniumDriver] [  844] - <In Set values of the page>
[INFO ][2015-11-06 16:45:11,903][com.java.SeleniumDriver] [  847] - {Data Fields & Data Values Exist}
[INFO ][2015-11-06 16:45:11,903][com.java.SeleniumDriver] [  849] - --------------------------setting values-----------------------------
[INFO ][2015-11-06 16:45:11,904][com.java.SeleniumDriver] [  852] - Action Type : ExecuteTestCase
[INFO ][2015-11-06 16:45:11,904][com.java.TestType] [  417] - The Concept sheet name is ---------- Concept
[INFO ][2015-11-06 16:45:11,904][com.java.TestType] [  420] - The Concept ID  is ---------- 2
[DEBUG][2015-11-06 16:45:11,904][com.java.TestType] [  424] - Steps being executted in the Concept are: 1:2
[INFO ][2015-11-06 16:45:11,904][com.java.TestType] [  431] - Test data details path ---------- D:\BankersDashboard\TestInputs\TestData.xls
[INFO ][2015-11-06 16:45:11,937][com.java.TestType] [  462] -  str(1) = 2
[INFO ][2015-11-06 16:45:11,937][com.java.TestType] [  465] - Test case Id is---2
[INFO ][2015-11-06 16:45:11,937][com.java.TestType] [  467] - 2
[INFO ][2015-11-06 16:45:11,937][com.java.TestType] [  462] -  str(2) = 1
[INFO ][2015-11-06 16:45:11,939][com.java.TestType] [  514] - row values are--------{1=com.java.Objects.TestDataDetails@cee11e}
[INFO ][2015-11-06 16:45:11,939][com.java.TestType] [  462] -  str(1) = 2
[INFO ][2015-11-06 16:45:11,939][com.java.TestType] [  465] - Test case Id is---2
[INFO ][2015-11-06 16:45:11,939][com.java.TestType] [  467] - 2
[INFO ][2015-11-06 16:45:11,939][com.java.TestType] [  462] -  str(2) = 2
[INFO ][2015-11-06 16:45:11,940][com.java.TestType] [  514] - row values are--------{1=com.java.Objects.TestDataDetails@cee11e, 2=com.java.Objects.TestDataDetails@291bea}
[INFO ][2015-11-06 16:45:11,940][com.java.TestType] [  462] -  str(1) = 2
[INFO ][2015-11-06 16:45:11,940][com.java.TestType] [  465] - Test case Id is---2
[INFO ][2015-11-06 16:45:11,940][com.java.TestType] [  467] - 2
[INFO ][2015-11-06 16:45:11,940][com.java.TestType] [  462] -  str(2) = 3
[INFO ][2015-11-06 16:45:11,941][com.java.TestType] [  514] - row values are--------{1=com.java.Objects.TestDataDetails@cee11e, 2=com.java.Objects.TestDataDetails@291bea, 3=com.java.Objects.TestDataDetails@fed27b}
[INFO ][2015-11-06 16:45:11,941][com.java.TestType] [ 8177] - Looping 1TCID = 2
[DEBUG][2015-11-06 16:45:11,941][com.java.TestType] [ 8218] - Concept ID:2 :: Step being Executed: 2::1
[INFO ][2015-11-06 16:45:11,941][com.java.TestType] [ 8256] - dataFields : BNK//select[@id='bank']
[DEBUG][2015-11-06 16:45:11,941][com.java.TestType] [ 8262] - <In Set values of the page>
[DEBUG][2015-11-06 16:45:11,941][com.java.TestType] [ 8267] - {Data Fields & Data Values Exist}
[INFO ][2015-11-06 16:45:11,941][com.java.TestType] [ 8273] - --------------------------setting values-----------------------------
[INFO ][2015-11-06 16:45:11,941][com.java.TestType] [ 8276] - Action Type : Select
[INFO ][2015-11-06 16:45:11,942][com.java.TestType] [ 4028] - value = PFC
[INFO ][2015-11-06 16:45:12,147][com.java.TestType] [ 8295] -  RESULT true
[INFO ][2015-11-06 16:45:12,147][com.java.TestType] [ 8412] - ?   P A S S   ?
[DEBUG][2015-11-06 16:45:12,147][com.java.TestType] [ 8218] - Concept ID:2 :: Step being Executed: 2::2
[INFO ][2015-11-06 16:45:12,147][com.java.TestType] [ 8256] - dataFields : LNKLogout
[DEBUG][2015-11-06 16:45:12,147][com.java.TestType] [ 8262] - <In Set values of the page>
[DEBUG][2015-11-06 16:45:12,147][com.java.TestType] [ 8267] - {Data Fields & Data Values Exist}
[INFO ][2015-11-06 16:45:12,147][com.java.TestType] [ 8273] - --------------------------setting values-----------------------------
[INFO ][2015-11-06 16:45:12,147][com.java.TestType] [ 8276] - Action Type : WaitTime
[DEBUG][2015-11-06 16:45:12,147][com.java.TestType] [ 3861] - sleepTime: 5000
[INFO ][2015-11-06 16:45:17,147][com.java.TestType] [ 8295] -  RESULT true
[INFO ][2015-11-06 16:45:17,147][com.java.TestType] [ 8412] - ?   P A S S   ?
[INFO ][2015-11-06 16:45:17,147][com.java.TestType] [ 8483] - Looping End......
[INFO ][2015-11-06 16:45:17,151][com.java.SeleniumDriver] [  861] -  RESULT true
[INFO ][2015-11-06 16:45:17,151][com.java.SeleniumDriver] [ 1066] - ?   P A S S   ?
[INFO ][2015-11-06 16:45:17,151][com.java.SeleniumDriver] [  788] - ------------------------------------------
[INFO ][2015-11-06 16:45:17,151][com.java.SeleniumDriver] [  789] - Test case being Executed: 1
[INFO ][2015-11-06 16:45:17,151][com.java.SeleniumDriver] [  800] - Test step:3
[INFO ][2015-11-06 16:45:17,151][com.java.SeleniumDriver] [  812] - Datavalue is----------2
[INFO ][2015-11-06 16:45:17,151][com.java.SeleniumDriver] [  836] - DataField : XPH//button[contains(text(),'Add Content')]
[INFO ][2015-11-06 16:45:17,151][com.java.SeleniumDriver] [  838] - DataValue : 2
[INFO ][2015-11-06 16:45:17,151][com.java.SeleniumDriver] [  844] - <In Set values of the page>
[INFO ][2015-11-06 16:45:17,151][com.java.SeleniumDriver] [  847] - {Data Fields & Data Values Exist}
[INFO ][2015-11-06 16:45:17,151][com.java.SeleniumDriver] [  849] - --------------------------setting values-----------------------------
[INFO ][2015-11-06 16:45:17,151][com.java.SeleniumDriver] [  852] - Action Type : WAITFORELEMENT
[INFO ][2015-11-06 16:45:17,185][com.java.SeleniumDriver] [  861] -  RESULT true
[INFO ][2015-11-06 16:45:17,185][com.java.SeleniumDriver] [ 1066] - ?   P A S S   ?
[DEBUG][2015-11-06 16:45:17,185][com.java.SeleniumDriver] [ 1168] - Case found
[DEBUG][2015-11-06 16:45:17,185][com.java.SeleniumDriver] [ 1173] - Incrementing ReportCounters[0]:1
[INFO ][2015-11-06 16:45:17,185][com.java.SeleniumDriver] [ 1192] - The results are-------------------[1, 1, Valid Login, Pass, , Fri Nov 06 16:45:11 IST 2015, 1, 2, Valid Login, Pass, , Fri Nov 06 16:45:17 IST 2015, 1, 3, Valid Login, Pass, , Fri Nov 06 16:45:17 IST 2015]
[INFO ][2015-11-06 16:45:17,185][com.java.SeleniumDriver] [ 1196] - End time is-------49 sec
[INFO ][2015-11-06 16:45:17,185][com.java.SeleniumDriver] [ 1197] - The results are-------------------[1, 1, Valid Login, Pass, , Fri Nov 06 16:45:11 IST 2015, 1, 2, Valid Login, Pass, , Fri Nov 06 16:45:17 IST 2015, 1, 3, Valid Login, Pass, , Fri Nov 06 16:45:17 IST 2015]
[DEBUG][2015-11-06 16:45:17,185][com.java.ImportnExport.ExportTestResultsExcel] [  222] - testResultPath = D:\BankersDashboard/TestReports/Test Results_BankersDashBoard_110615_164429_IE11_Bank of North Carolina.xls
[DEBUG][2015-11-06 16:45:17,185][com.java.ImportnExport.ExportTestResultsExcel] [  223] - browser is------------IE11
[DEBUG][2015-11-06 16:45:17,229][com.java.ImportnExport.ExportTestResultsExcel] [  270] - result.size() = 18
[DEBUG][2015-11-06 16:45:17,229][com.java.ImportnExport.ExportTestResultsExcel] [  274] - No of rows in sheet=1
[DEBUG][2015-11-06 16:45:17,229][com.java.ImportnExport.ExportTestResultsExcel] [  301] - ..in export..1
[DEBUG][2015-11-06 16:45:17,229][com.java.ImportnExport.ExportTestResultsExcel] [  301] - ..in export..Valid Login
[DEBUG][2015-11-06 16:45:17,229][com.java.ImportnExport.ExportTestResultsExcel] [  301] - ..in export..Pass
[DEBUG][2015-11-06 16:45:17,229][com.java.ImportnExport.ExportTestResultsExcel] [  301] - ..in export..
[DEBUG][2015-11-06 16:45:17,229][com.java.ImportnExport.ExportTestResultsExcel] [  301] - ..in export..Fri Nov 06 16:45:11 IST 2015
[INFO ][2015-11-06 16:45:17,231][com.java.SeleniumDriver] [ 1255] - out loop:0 size:7 TestCases:[1, 2, 3, 4, 5, 6, 7] testcases:[1, 2, 3, 4, 5, 6, 7]
[INFO ][2015-11-06 16:45:17,231][com.java.ImportnExport.ImportTestDataDetailsExcel] [   49] - test data details path===== D:\BankersDashboard\TestInputs\TestData.xls
[INFO ][2015-11-06 16:46:05,838][com.java.SeleniumDriver] [  788] - ------------------------------------------
[INFO ][2015-11-06 16:46:05,838][com.java.SeleniumDriver] [  789] - Test case being Executed: 2
[INFO ][2015-11-06 16:46:05,838][com.java.SeleniumDriver] [  800] - Test step:1
[INFO ][2015-11-06 16:46:05,838][com.java.SeleniumDriver] [  812] - Datavalue is----------Logout
[INFO ][2015-11-06 16:46:05,838][com.java.SeleniumDriver] [  836] - DataField : BTN
[INFO ][2015-11-06 16:46:05,838][com.java.SeleniumDriver] [  838] - DataValue : Logout
[INFO ][2015-11-06 16:46:05,838][com.java.SeleniumDriver] [  844] - <In Set values of the page>
[INFO ][2015-11-06 16:46:05,838][com.java.SeleniumDriver] [  847] - {Data Fields & Data Values Exist}
[INFO ][2015-11-06 16:46:05,838][com.java.SeleniumDriver] [  849] - --------------------------setting values-----------------------------
[INFO ][2015-11-06 16:46:05,838][com.java.SeleniumDriver] [  852] - Action Type : Verify
[INFO ][2015-11-06 16:46:05,838][com.java.TestType] [ 5154] - field= BTN value= Logout
[INFO ][2015-11-06 16:46:05,838][com.java.TestType] [ 4028] - value = Logout
[INFO ][2015-11-06 16:46:05,875][com.java.SeleniumDriver] [  861] -  RESULT true
[INFO ][2015-11-06 16:46:05,876][com.java.SeleniumDriver] [ 1066] - ?   P A S S   ?
[INFO ][2015-11-06 16:46:05,876][com.java.SeleniumDriver] [ 1108] - step change to 3
[INFO ][2015-11-06 16:46:05,876][com.java.SeleniumDriver] [  788] - ------------------------------------------
[INFO ][2015-11-06 16:46:05,876][com.java.SeleniumDriver] [  789] - Test case being Executed: 2
[INFO ][2015-11-06 16:46:05,876][com.java.SeleniumDriver] [  800] - Test step:3
[INFO ][2015-11-06 16:46:05,876][com.java.SeleniumDriver] [  812] - Datavalue is----------Concept#2:1-2
[INFO ][2015-11-06 16:46:05,876][com.java.SeleniumDriver] [  836] - DataField : test
[INFO ][2015-11-06 16:46:05,876][com.java.SeleniumDriver] [  838] - DataValue : Concept#2:1-2
[INFO ][2015-11-06 16:46:05,876][com.java.SeleniumDriver] [  844] - <In Set values of the page>
[INFO ][2015-11-06 16:46:05,876][com.java.SeleniumDriver] [  847] - {Data Fields & Data Values Exist}
[INFO ][2015-11-06 16:46:05,876][com.java.SeleniumDriver] [  849] - --------------------------setting values-----------------------------
[INFO ][2015-11-06 16:46:05,876][com.java.SeleniumDriver] [  852] - Action Type : ExecuteTestCase
[INFO ][2015-11-06 16:46:05,877][com.java.TestType] [  417] - The Concept sheet name is ---------- Concept
[INFO ][2015-11-06 16:46:05,877][com.java.TestType] [  420] - The Concept ID  is ---------- 2
[DEBUG][2015-11-06 16:46:05,877][com.java.TestType] [  424] - Steps being executted in the Concept are: 1:2
[INFO ][2015-11-06 16:46:05,877][com.java.TestType] [  431] - Test data details path ---------- D:\BankersDashboard\TestInputs\TestData.xls
[INFO ][2015-11-06 16:46:05,906][com.java.TestType] [  462] -  str(1) = 2
[INFO ][2015-11-06 16:46:05,906][com.java.TestType] [  465] - Test case Id is---2
[INFO ][2015-11-06 16:46:05,906][com.java.TestType] [  467] - 2
[INFO ][2015-11-06 16:46:05,906][com.java.TestType] [  462] -  str(2) = 1
[INFO ][2015-11-06 16:46:05,908][com.java.TestType] [  514] - row values are--------{1=com.java.Objects.TestDataDetails@4752dd}
[INFO ][2015-11-06 16:46:05,908][com.java.TestType] [  462] -  str(1) = 2
[INFO ][2015-11-06 16:46:05,908][com.java.TestType] [  465] - Test case Id is---2
[INFO ][2015-11-06 16:46:05,908][com.java.TestType] [  467] - 2
[INFO ][2015-11-06 16:46:05,908][com.java.TestType] [  462] -  str(2) = 2
[INFO ][2015-11-06 16:46:05,908][com.java.TestType] [  514] - row values are--------{1=com.java.Objects.TestDataDetails@4752dd, 2=com.java.Objects.TestDataDetails@8bb0b0}
[INFO ][2015-11-06 16:46:05,909][com.java.TestType] [  462] -  str(1) = 2
[INFO ][2015-11-06 16:46:05,909][com.java.TestType] [  465] - Test case Id is---2
[INFO ][2015-11-06 16:46:05,909][com.java.TestType] [  467] - 2
[INFO ][2015-11-06 16:46:05,909][com.java.TestType] [  462] -  str(2) = 3
[INFO ][2015-11-06 16:46:05,909][com.java.TestType] [  514] - row values are--------{1=com.java.Objects.TestDataDetails@4752dd, 2=com.java.Objects.TestDataDetails@8bb0b0, 3=com.java.Objects.TestDataDetails@288894}
[INFO ][2015-11-06 16:46:05,909][com.java.TestType] [ 8177] - Looping 1TCID = 2
[DEBUG][2015-11-06 16:46:05,910][com.java.TestType] [ 8218] - Concept ID:2 :: Step being Executed: 2::1
[INFO ][2015-11-06 16:46:05,910][com.java.TestType] [ 8256] - dataFields : BNK//select[@id='bank']
[DEBUG][2015-11-06 16:46:05,910][com.java.TestType] [ 8262] - <In Set values of the page>
[DEBUG][2015-11-06 16:46:05,910][com.java.TestType] [ 8267] - {Data Fields & Data Values Exist}
[INFO ][2015-11-06 16:46:05,910][com.java.TestType] [ 8273] - --------------------------setting values-----------------------------
[INFO ][2015-11-06 16:46:05,911][com.java.TestType] [ 8276] - Action Type : Select
[INFO ][2015-11-06 16:46:05,911][com.java.TestType] [ 4028] - value = PFC
[INFO ][2015-11-06 16:46:06,108][com.java.TestType] [ 8295] -  RESULT true
[INFO ][2015-11-06 16:46:06,108][com.java.TestType] [ 8412] - ?   P A S S   ?
[DEBUG][2015-11-06 16:46:06,108][com.java.TestType] [ 8218] - Concept ID:2 :: Step being Executed: 2::2
[INFO ][2015-11-06 16:46:06,108][com.java.TestType] [ 8256] - dataFields : LNKLogout
[DEBUG][2015-11-06 16:46:06,108][com.java.TestType] [ 8262] - <In Set values of the page>
[DEBUG][2015-11-06 16:46:06,108][com.java.TestType] [ 8267] - {Data Fields & Data Values Exist}
[INFO ][2015-11-06 16:46:06,108][com.java.TestType] [ 8273] - --------------------------setting values-----------------------------
[INFO ][2015-11-06 16:46:06,108][com.java.TestType] [ 8276] - Action Type : WaitTime
[DEBUG][2015-11-06 16:46:06,108][com.java.TestType] [ 3861] - sleepTime: 5000
[INFO ][2015-11-06 16:46:11,108][com.java.TestType] [ 8295] -  RESULT true
[INFO ][2015-11-06 16:46:11,108][com.java.TestType] [ 8412] - ?   P A S S   ?
[INFO ][2015-11-06 16:46:11,108][com.java.TestType] [ 8483] - Looping End......
[INFO ][2015-11-06 16:46:11,111][com.java.SeleniumDriver] [  861] -  RESULT true
[INFO ][2015-11-06 16:46:11,112][com.java.SeleniumDriver] [ 1066] - ?   P A S S   ?
[INFO ][2015-11-06 16:46:11,112][com.java.SeleniumDriver] [  788] - ------------------------------------------
[INFO ][2015-11-06 16:46:11,112][com.java.SeleniumDriver] [  789] - Test case being Executed: 2
[INFO ][2015-11-06 16:46:11,113][com.java.SeleniumDriver] [  800] - Test step:4
[INFO ][2015-11-06 16:46:11,113][com.java.SeleniumDriver] [  812] - Datavalue is----------2
[INFO ][2015-11-06 16:46:11,113][com.java.SeleniumDriver] [  836] - DataField : XPH//span[@class='icon-compass']
[INFO ][2015-11-06 16:46:11,113][com.java.SeleniumDriver] [  838] - DataValue : 2
[INFO ][2015-11-06 16:46:11,113][com.java.SeleniumDriver] [  844] - <In Set values of the page>
[INFO ][2015-11-06 16:46:11,113][com.java.SeleniumDriver] [  847] - {Data Fields & Data Values Exist}
[INFO ][2015-11-06 16:46:11,114][com.java.SeleniumDriver] [  849] - --------------------------setting values-----------------------------
[INFO ][2015-11-06 16:46:11,114][com.java.SeleniumDriver] [  852] - Action Type : WaitForElement
[INFO ][2015-11-06 16:46:11,263][com.java.SeleniumDriver] [  861] -  RESULT true
[INFO ][2015-11-06 16:46:11,263][com.java.SeleniumDriver] [ 1066] - ?   P A S S   ?
[INFO ][2015-11-06 16:46:11,263][com.java.SeleniumDriver] [  788] - ------------------------------------------
[INFO ][2015-11-06 16:46:11,263][com.java.SeleniumDriver] [  789] - Test case being Executed: 2
[INFO ][2015-11-06 16:46:11,263][com.java.SeleniumDriver] [  800] - Test step:5
[INFO ][2015-11-06 16:46:11,264][com.java.SeleniumDriver] [  812] - Datavalue is----------//span[@class='icon-compass']
[INFO ][2015-11-06 16:46:11,264][com.java.SeleniumDriver] [  836] - DataField : BTN
[INFO ][2015-11-06 16:46:11,264][com.java.SeleniumDriver] [  838] - DataValue : //span[@class='icon-compass']
[INFO ][2015-11-06 16:46:11,264][com.java.SeleniumDriver] [  844] - <In Set values of the page>
[INFO ][2015-11-06 16:46:11,264][com.java.SeleniumDriver] [  847] - {Data Fields & Data Values Exist}
[INFO ][2015-11-06 16:46:11,264][com.java.SeleniumDriver] [  849] - --------------------------setting values-----------------------------
[INFO ][2015-11-06 16:46:11,264][com.java.SeleniumDriver] [  852] - Action Type : Verify
[INFO ][2015-11-06 16:46:11,264][com.java.TestType] [ 5154] - field= BTN value= //span[@class='icon-compass']
[INFO ][2015-11-06 16:46:11,264][com.java.TestType] [ 4028] - value = //span[@class='icon-compass']
[INFO ][2015-11-06 16:46:11,367][com.java.SeleniumDriver] [  861] -  RESULT true
[INFO ][2015-11-06 16:46:11,367][com.java.SeleniumDriver] [ 1066] - ?   P A S S   ?
[INFO ][2015-11-06 16:46:11,367][com.java.SeleniumDriver] [  788] - ------------------------------------------
[INFO ][2015-11-06 16:46:11,367][com.java.SeleniumDriver] [  789] - Test case being Executed: 2
[INFO ][2015-11-06 16:46:11,367][com.java.SeleniumDriver] [  800] - Test step:6
[INFO ][2015-11-06 16:46:11,367][com.java.SeleniumDriver] [  812] - Datavalue is----------//span[@class='icon-coin']
[INFO ][2015-11-06 16:46:11,367][com.java.SeleniumDriver] [  836] - DataField : BTN
[INFO ][2015-11-06 16:46:11,367][com.java.SeleniumDriver] [  838] - DataValue : //span[@class='icon-coin']
[INFO ][2015-11-06 16:46:11,368][com.java.SeleniumDriver] [  844] - <In Set values of the page>
[INFO ][2015-11-06 16:46:11,368][com.java.SeleniumDriver] [  847] - {Data Fields & Data Values Exist}
[INFO ][2015-11-06 16:46:11,368][com.java.SeleniumDriver] [  849] - --------------------------setting values-----------------------------
[INFO ][2015-11-06 16:46:11,368][com.java.SeleniumDriver] [  852] - Action Type : Verify
[INFO ][2015-11-06 16:46:11,368][com.java.TestType] [ 5154] - field= BTN value= //span[@class='icon-coin']
[INFO ][2015-11-06 16:46:11,369][com.java.TestType] [ 4028] - value = //span[@class='icon-coin']
[INFO ][2015-11-06 16:46:11,482][com.java.SeleniumDriver] [  861] -  RESULT true
[INFO ][2015-11-06 16:46:11,482][com.java.SeleniumDriver] [ 1066] - ?   P A S S   ?
[INFO ][2015-11-06 16:46:11,482][com.java.SeleniumDriver] [  788] - ------------------------------------------
[INFO ][2015-11-06 16:46:11,482][com.java.SeleniumDriver] [  789] - Test case being Executed: 2
[INFO ][2015-11-06 16:46:11,482][com.java.SeleniumDriver] [  800] - Test step:7
[INFO ][2015-11-06 16:46:11,482][com.java.SeleniumDriver] [  812] - Datavalue is----------//span[@class='icon-pie']
[INFO ][2015-11-06 16:46:11,482][com.java.SeleniumDriver] [  836] - DataField : BTN
[INFO ][2015-11-06 16:46:11,482][com.java.SeleniumDriver] [  838] - DataValue : //span[@class='icon-pie']
[INFO ][2015-11-06 16:46:11,482][com.java.SeleniumDriver] [  844] - <In Set values of the page>
[INFO ][2015-11-06 16:46:11,483][com.java.SeleniumDriver] [  847] - {Data Fields & Data Values Exist}
[INFO ][2015-11-06 16:46:11,483][com.java.SeleniumDriver] [  849] - --------------------------setting values-----------------------------
[INFO ][2015-11-06 16:46:11,483][com.java.SeleniumDriver] [  852] - Action Type : Verify
[INFO ][2015-11-06 16:46:11,483][com.java.TestType] [ 5154] - field= BTN value= //span[@class='icon-pie']
[INFO ][2015-11-06 16:46:11,483][com.java.TestType] [ 4028] - value = //span[@class='icon-pie']
[INFO ][2015-11-06 16:46:11,596][com.java.SeleniumDriver] [  861] -  RESULT true
[INFO ][2015-11-06 16:46:11,596][com.java.SeleniumDriver] [ 1066] - ?   P A S S   ?
[INFO ][2015-11-06 16:46:11,596][com.java.SeleniumDriver] [  788] - ------------------------------------------
[INFO ][2015-11-06 16:46:11,596][com.java.SeleniumDriver] [  789] - Test case being Executed: 2
[INFO ][2015-11-06 16:46:11,596][com.java.SeleniumDriver] [  800] - Test step:8
[INFO ][2015-11-06 16:46:11,596][com.java.SeleniumDriver] [  812] - Datavalue is----------//span[@class='icon-stack']
[INFO ][2015-11-06 16:46:11,598][com.java.SeleniumDriver] [  836] - DataField : BTN
[INFO ][2015-11-06 16:46:11,598][com.java.SeleniumDriver] [  838] - DataValue : //span[@class='icon-stack']
[INFO ][2015-11-06 16:46:11,598][com.java.SeleniumDriver] [  844] - <In Set values of the page>
[INFO ][2015-11-06 16:46:11,598][com.java.SeleniumDriver] [  847] - {Data Fields & Data Values Exist}
[INFO ][2015-11-06 16:46:11,598][com.java.SeleniumDriver] [  849] - --------------------------setting values-----------------------------
[INFO ][2015-11-06 16:46:11,598][com.java.SeleniumDriver] [  852] - Action Type : Verify
[INFO ][2015-11-06 16:46:11,598][com.java.TestType] [ 5154] - field= BTN value= //span[@class='icon-stack']
[INFO ][2015-11-06 16:46:11,598][com.java.TestType] [ 4028] - value = //span[@class='icon-stack']
[INFO ][2015-11-06 16:46:11,703][com.java.SeleniumDriver] [  861] -  RESULT true
[INFO ][2015-11-06 16:46:11,703][com.java.SeleniumDriver] [ 1066] - ?   P A S S   ?
[INFO ][2015-11-06 16:46:11,703][com.java.SeleniumDriver] [  788] - ------------------------------------------
[INFO ][2015-11-06 16:46:11,704][com.java.SeleniumDriver] [  789] - Test case being Executed: 2
[INFO ][2015-11-06 16:46:11,705][com.java.SeleniumDriver] [  800] - Test step:9
[INFO ][2015-11-06 16:46:11,705][com.java.SeleniumDriver] [  812] - Datavalue is----------//span[@class='icon-stats']
[INFO ][2015-11-06 16:46:11,705][com.java.SeleniumDriver] [  836] - DataField : BTN
[INFO ][2015-11-06 16:46:11,705][com.java.SeleniumDriver] [  838] - DataValue : //span[@class='icon-stats']
[INFO ][2015-11-06 16:46:11,705][com.java.SeleniumDriver] [  844] - <In Set values of the page>
[INFO ][2015-11-06 16:46:11,705][com.java.SeleniumDriver] [  847] - {Data Fields & Data Values Exist}
[INFO ][2015-11-06 16:46:11,705][com.java.SeleniumDriver] [  849] - --------------------------setting values-----------------------------
[INFO ][2015-11-06 16:46:11,705][com.java.SeleniumDriver] [  852] - Action Type : Verify
[INFO ][2015-11-06 16:46:11,705][com.java.TestType] [ 5154] - field= BTN value= //span[@class='icon-stats']
[INFO ][2015-11-06 16:46:11,705][com.java.TestType] [ 4028] - value = //span[@class='icon-stats']
[INFO ][2015-11-06 16:46:11,808][com.java.SeleniumDriver] [  861] -  RESULT true
[INFO ][2015-11-06 16:46:11,808][com.java.SeleniumDriver] [ 1066] - ?   P A S S   ?
[INFO ][2015-11-06 16:46:11,808][com.java.SeleniumDriver] [  788] - ------------------------------------------
[INFO ][2015-11-06 16:46:11,808][com.java.SeleniumDriver] [  789] - Test case being Executed: 2
[INFO ][2015-11-06 16:46:11,808][com.java.SeleniumDriver] [  800] - Test step:10
[INFO ][2015-11-06 16:46:11,808][com.java.SeleniumDriver] [  812] - Datavalue is----------//span[@class='icon-bars2']
[INFO ][2015-11-06 16:46:11,808][com.java.SeleniumDriver] [  836] - DataField : BTN
[INFO ][2015-11-06 16:46:11,808][com.java.SeleniumDriver] [  838] - DataValue : //span[@class='icon-bars2']
[INFO ][2015-11-06 16:46:11,808][com.java.SeleniumDriver] [  844] - <In Set values of the page>
[INFO ][2015-11-06 16:46:11,809][com.java.SeleniumDriver] [  847] - {Data Fields & Data Values Exist}
[INFO ][2015-11-06 16:46:11,809][com.java.SeleniumDriver] [  849] - --------------------------setting values-----------------------------
[INFO ][2015-11-06 16:46:11,809][com.java.SeleniumDriver] [  852] - Action Type : Verify
[INFO ][2015-11-06 16:46:11,809][com.java.TestType] [ 5154] - field= BTN value= //span[@class='icon-bars2']
[INFO ][2015-11-06 16:46:11,809][com.java.TestType] [ 4028] - value = //span[@class='icon-bars2']
[INFO ][2015-11-06 16:46:11,903][com.java.SeleniumDriver] [  861] -  RESULT true
[INFO ][2015-11-06 16:46:11,903][com.java.SeleniumDriver] [ 1066] - ?   P A S S   ?
[INFO ][2015-11-06 16:46:11,903][com.java.SeleniumDriver] [  788] - ------------------------------------------
[INFO ][2015-11-06 16:46:11,903][com.java.SeleniumDriver] [  789] - Test case being Executed: 2
[INFO ][2015-11-06 16:46:11,903][com.java.SeleniumDriver] [  800] - Test step:11
[INFO ][2015-11-06 16:46:11,903][com.java.SeleniumDriver] [  812] - Datavalue is----------//span[@class='icon-checkmark']
[INFO ][2015-11-06 16:46:11,903][com.java.SeleniumDriver] [  836] - DataField : BTN
[INFO ][2015-11-06 16:46:11,903][com.java.SeleniumDriver] [  838] - DataValue : //span[@class='icon-checkmark']
[INFO ][2015-11-06 16:46:11,903][com.java.SeleniumDriver] [  844] - <In Set values of the page>
[INFO ][2015-11-06 16:46:11,903][com.java.SeleniumDriver] [  847] - {Data Fields & Data Values Exist}
[INFO ][2015-11-06 16:46:11,905][com.java.SeleniumDriver] [  849] - --------------------------setting values-----------------------------
[INFO ][2015-11-06 16:46:11,905][com.java.SeleniumDriver] [  852] - Action Type : Verify
[INFO ][2015-11-06 16:46:11,905][com.java.TestType] [ 5154] - field= BTN value= //span[@class='icon-checkmark']
[INFO ][2015-11-06 16:46:11,905][com.java.TestType] [ 4028] - value = //span[@class='icon-checkmark']
[INFO ][2015-11-06 16:46:12,013][com.java.SeleniumDriver] [  861] -  RESULT true
[INFO ][2015-11-06 16:46:12,013][com.java.SeleniumDriver] [ 1066] - ?   P A S S   ?
[INFO ][2015-11-06 16:46:12,013][com.java.SeleniumDriver] [  788] - ------------------------------------------
[INFO ][2015-11-06 16:46:12,013][com.java.SeleniumDriver] [  789] - Test case being Executed: 2
[INFO ][2015-11-06 16:46:12,014][com.java.SeleniumDriver] [  800] - Test step:12
[INFO ][2015-11-06 16:46:12,014][com.java.SeleniumDriver] [  812] - Datavalue is----------//span[@class='icon-hammer']
[INFO ][2015-11-06 16:46:12,014][com.java.SeleniumDriver] [  836] - DataField : BTN
[INFO ][2015-11-06 16:46:12,014][com.java.SeleniumDriver] [  838] - DataValue : //span[@class='icon-hammer']
[INFO ][2015-11-06 16:46:12,014][com.java.SeleniumDriver] [  844] - <In Set values of the page>
[INFO ][2015-11-06 16:46:12,014][com.java.SeleniumDriver] [  847] - {Data Fields & Data Values Exist}
[INFO ][2015-11-06 16:46:12,014][com.java.SeleniumDriver] [  849] - --------------------------setting values-----------------------------
[INFO ][2015-11-06 16:46:12,014][com.java.SeleniumDriver] [  852] - Action Type : Verify
[INFO ][2015-11-06 16:46:12,014][com.java.TestType] [ 5154] - field= BTN value= //span[@class='icon-hammer']
[INFO ][2015-11-06 16:46:12,014][com.java.TestType] [ 4028] - value = //span[@class='icon-hammer']
[INFO ][2015-11-06 16:46:12,117][com.java.SeleniumDriver] [  861] -  RESULT true
[INFO ][2015-11-06 16:46:12,117][com.java.SeleniumDriver] [ 1066] - ?   P A S S   ?
[INFO ][2015-11-06 16:46:12,117][com.java.SeleniumDriver] [  788] - ------------------------------------------
[INFO ][2015-11-06 16:46:12,117][com.java.SeleniumDriver] [  789] - Test case being Executed: 2
[INFO ][2015-11-06 16:46:12,117][com.java.SeleniumDriver] [  800] - Test step:13
[INFO ][2015-11-06 16:46:12,118][com.java.SeleniumDriver] [  812] - Datavalue is----------//span[@class='icon-cog2']
[INFO ][2015-11-06 16:46:12,118][com.java.SeleniumDriver] [  836] - DataField : BTN
[INFO ][2015-11-06 16:46:12,118][com.java.SeleniumDriver] [  838] - DataValue : //span[@class='icon-cog2']
[INFO ][2015-11-06 16:46:12,118][com.java.SeleniumDriver] [  844] - <In Set values of the page>
[INFO ][2015-11-06 16:46:12,118][com.java.SeleniumDriver] [  847] - {Data Fields & Data Values Exist}
[INFO ][2015-11-06 16:46:12,118][com.java.SeleniumDriver] [  849] - --------------------------setting values-----------------------------
[INFO ][2015-11-06 16:46:12,118][com.java.SeleniumDriver] [  852] - Action Type : Verify
[INFO ][2015-11-06 16:46:12,119][com.java.TestType] [ 5154] - field= BTN value= //span[@class='icon-cog2']
[INFO ][2015-11-06 16:46:12,119][com.java.TestType] [ 4028] - value = //span[@class='icon-cog2']
[INFO ][2015-11-06 16:46:12,222][com.java.SeleniumDriver] [  861] -  RESULT true
[INFO ][2015-11-06 16:46:12,222][com.java.SeleniumDriver] [ 1066] - ?   P A S S   ?
[INFO ][2015-11-06 16:46:12,222][com.java.SeleniumDriver] [  788] - ------------------------------------------
[INFO ][2015-11-06 16:46:12,222][com.java.SeleniumDriver] [  789] - Test case being Executed: 2
[INFO ][2015-11-06 16:46:12,222][com.java.SeleniumDriver] [  800] - Test step:14
[INFO ][2015-11-06 16:46:12,222][com.java.SeleniumDriver] [  812] - Datavalue is----------//span[@class='icon-user4']
[INFO ][2015-11-06 16:46:12,222][com.java.SeleniumDriver] [  836] - DataField : BTN
[INFO ][2015-11-06 16:46:12,222][com.java.SeleniumDriver] [  838] - DataValue : //span[@class='icon-user4']
[INFO ][2015-11-06 16:46:12,222][com.java.SeleniumDriver] [  844] - <In Set values of the page>
[INFO ][2015-11-06 16:46:12,222][com.java.SeleniumDriver] [  847] - {Data Fields & Data Values Exist}
[INFO ][2015-11-06 16:46:12,222][com.java.SeleniumDriver] [  849] - --------------------------setting values-----------------------------
[INFO ][2015-11-06 16:46:12,223][com.java.SeleniumDriver] [  852] - Action Type : Verify
[INFO ][2015-11-06 16:46:12,223][com.java.TestType] [ 5154] - field= BTN value= //span[@class='icon-user4']
[INFO ][2015-11-06 16:46:12,223][com.java.TestType] [ 4028] - value = //span[@class='icon-user4']
[INFO ][2015-11-06 16:46:12,326][com.java.SeleniumDriver] [  861] -  RESULT true
[INFO ][2015-11-06 16:46:12,326][com.java.SeleniumDriver] [ 1066] - ?   P A S S   ?
[INFO ][2015-11-06 16:46:12,326][com.java.SeleniumDriver] [  788] - ------------------------------------------
[INFO ][2015-11-06 16:46:12,326][com.java.SeleniumDriver] [  789] - Test case being Executed: 2
[INFO ][2015-11-06 16:46:12,326][com.java.SeleniumDriver] [  800] - Test step:15
[INFO ][2015-11-06 16:46:12,326][com.java.SeleniumDriver] [  812] - Datavalue is----------//span[@class='icon-question']
[INFO ][2015-11-06 16:46:12,326][com.java.SeleniumDriver] [  836] - DataField : BTN
[INFO ][2015-11-06 16:46:12,326][com.java.SeleniumDriver] [  838] - DataValue : //span[@class='icon-question']
[INFO ][2015-11-06 16:46:12,326][com.java.SeleniumDriver] [  844] - <In Set values of the page>
[INFO ][2015-11-06 16:46:12,327][com.java.SeleniumDriver] [  847] - {Data Fields & Data Values Exist}
[INFO ][2015-11-06 16:46:12,327][com.java.SeleniumDriver] [  849] - --------------------------setting values-----------------------------
[INFO ][2015-11-06 16:46:12,327][com.java.SeleniumDriver] [  852] - Action Type : Verify
[INFO ][2015-11-06 16:46:12,327][com.java.TestType] [ 5154] - field= BTN value= //span[@class='icon-question']
[INFO ][2015-11-06 16:46:12,327][com.java.TestType] [ 4028] - value = //span[@class='icon-question']
[INFO ][2015-11-06 16:46:12,429][com.java.SeleniumDriver] [  861] -  RESULT true
[INFO ][2015-11-06 16:46:12,429][com.java.SeleniumDriver] [ 1066] - ?   P A S S   ?
[INFO ][2015-11-06 16:46:12,429][com.java.SeleniumDriver] [  788] - ------------------------------------------
[INFO ][2015-11-06 16:46:12,429][com.java.SeleniumDriver] [  789] - Test case being Executed: 2
[INFO ][2015-11-06 16:46:12,429][com.java.SeleniumDriver] [  800] - Test step:16
[INFO ][2015-11-06 16:46:12,429][com.java.SeleniumDriver] [  812] - Datavalue is----------CNS
[INFO ][2015-11-06 16:46:12,429][com.java.SeleniumDriver] [  836] - DataField : BNK//select[@id='bank']
[INFO ][2015-11-06 16:46:12,429][com.java.SeleniumDriver] [  838] - DataValue : CNS
[INFO ][2015-11-06 16:46:12,429][com.java.SeleniumDriver] [  844] - <In Set values of the page>
[INFO ][2015-11-06 16:46:12,430][com.java.SeleniumDriver] [  847] - {Data Fields & Data Values Exist}
[INFO ][2015-11-06 16:46:12,430][com.java.SeleniumDriver] [  849] - --------------------------setting values-----------------------------
[INFO ][2015-11-06 16:46:12,430][com.java.SeleniumDriver] [  852] - Action Type : Select
[INFO ][2015-11-06 16:46:12,430][com.java.TestType] [ 4028] - value = CNS
[INFO ][2015-11-06 16:46:13,443][com.java.SeleniumDriver] [  861] -  RESULT false
[INFO ][2015-11-06 16:46:13,443][com.java.SeleniumDriver] [  908] - ?   F A I L   ?
[INFO ][2015-11-06 16:46:13,443][com.java.SeleniumDriver] [  916] - Browser Type : IE11
[INFO ][2015-11-06 16:46:13,443][com.java.SeleniumDriver] [  917] - Adding Failed case2
[INFO ][2015-11-06 16:46:14,329][com.java.SeleniumDriver] [ 1030] - failedCases = 2
[ERROR][2015-11-06 16:46:14,329][com.java.SeleniumDriver] [ 1516] - Platform Errors : Our apologies...::We have encountered an issue with your request.::Our apologies?:We encountered an issue with your request.
[INFO ][2015-11-06 16:46:14,329][com.java.SeleniumDriver] [ 1520] - Length =3
[ERROR][2015-11-06 16:46:14,329][com.java.SeleniumDriver] [ 1523] - Error 0 = Our apologies...
[ERROR][2015-11-06 16:46:14,413][com.java.SeleniumDriver] [ 1523] - Error 1 = We have encountered an issue with your request.
[ERROR][2015-11-06 16:46:14,488][com.java.SeleniumDriver] [ 1523] - Error 2 = Our apologies?:We encountered an issue with your request.
[DEBUG][2015-11-06 16:46:14,575][com.java.SeleniumDriver] [ 1168] - Case found
[DEBUG][2015-11-06 16:46:14,575][com.java.SeleniumDriver] [ 1173] - Incrementing ReportCounters[0]:2
[INFO ][2015-11-06 16:46:14,575][com.java.SeleniumDriver] [ 1192] - The results are-------------------[2, 16, BD Login for Modules verification, Fail, 
Test case failed at Step No. :: 16   Error Message ::  Failed to select item: BNC BanCorp & Subsidiaries from //select[@id='bank']. Screen Shot : D:\BankersDashboard\TestReports\110615\2_110615_164613_IE11.png, Fri Nov 06 16:46:14 IST 2015]
[INFO ][2015-11-06 16:46:14,575][com.java.SeleniumDriver] [ 1196] - End time is-------1 min 47 sec
[INFO ][2015-11-06 16:46:14,575][com.java.SeleniumDriver] [ 1197] - The results are-------------------[2, 16, BD Login for Modules verification, Fail, 
Test case failed at Step No. :: 16   Error Message ::  Failed to select item: BNC BanCorp & Subsidiaries from //select[@id='bank']. Screen Shot : D:\BankersDashboard\TestReports\110615\2_110615_164613_IE11.png, Fri Nov 06 16:46:14 IST 2015]
[DEBUG][2015-11-06 16:46:14,575][com.java.ImportnExport.ExportTestResultsExcel] [  222] - testResultPath = D:\BankersDashboard/TestReports/Test Results_BankersDashBoard_110615_164429_IE11_Bank of North Carolina.xls
[DEBUG][2015-11-06 16:46:14,575][com.java.ImportnExport.ExportTestResultsExcel] [  223] - browser is------------IE11
[DEBUG][2015-11-06 16:46:14,577][com.java.ImportnExport.ExportTestResultsExcel] [  270] - result.size() = 6
[DEBUG][2015-11-06 16:46:14,577][com.java.ImportnExport.ExportTestResultsExcel] [  274] - No of rows in sheet=2
[DEBUG][2015-11-06 16:46:14,577][com.java.ImportnExport.ExportTestResultsExcel] [  301] - ..in export..2
[DEBUG][2015-11-06 16:46:14,578][com.java.ImportnExport.ExportTestResultsExcel] [  301] - ..in export..BD Login for Modules verification
[DEBUG][2015-11-06 16:46:14,578][com.java.ImportnExport.ExportTestResultsExcel] [  301] - ..in export..Fail
[DEBUG][2015-11-06 16:46:14,578][com.java.ImportnExport.ExportTestResultsExcel] [  301] - ..in export..
Test case failed at Step No. :: 16   Error Message ::  Failed to select item: BNC BanCorp & Subsidiaries from //select[@id='bank']. Screen Shot : D:\BankersDashboard\TestReports\110615\2_110615_164613_IE11.png
[DEBUG][2015-11-06 16:46:14,578][com.java.ImportnExport.ExportTestResultsExcel] [  301] - ..in export..Fri Nov 06 16:46:14 IST 2015
[INFO ][2015-11-06 16:46:14,579][com.java.SeleniumDriver] [ 1255] - out loop:1 size:7 TestCases:[1, 2, 3, 4, 5, 6, 7] testcases:[1, 2, 3, 4, 5, 6, 7]
[INFO ][2015-11-06 16:46:14,579][com.java.ImportnExport.ImportTestDataDetailsExcel] [   49] - test data details path===== D:\BankersDashboard\TestInputs\TestData.xls
[INFO ][2015-11-06 16:46:27,700][com.java.SeleniumDriver] [  788] - ------------------------------------------
[INFO ][2015-11-06 16:46:27,700][com.java.SeleniumDriver] [  789] - Test case being Executed: 3
[INFO ][2015-11-06 16:46:27,700][com.java.SeleniumDriver] [  800] - Test step:1
[INFO ][2015-11-06 16:46:27,700][com.java.SeleniumDriver] [  812] - Datavalue is----------null
[DEBUG][2015-11-06 16:46:27,700][com.java.SeleniumDriver] [  830] - Exception: null
[INFO ][2015-11-06 16:46:27,700][com.java.SeleniumDriver] [  836] - DataField : LNKG/L
[INFO ][2015-11-06 16:46:27,700][com.java.SeleniumDriver] [  838] - DataValue : 
[INFO ][2015-11-06 16:46:27,700][com.java.SeleniumDriver] [  844] - <In Set values of the page>
[INFO ][2015-11-06 16:46:27,700][com.java.SeleniumDriver] [  847] - {Data Fields & Data Values Exist}
[INFO ][2015-11-06 16:46:27,700][com.java.SeleniumDriver] [  849] - --------------------------setting values-----------------------------
[INFO ][2015-11-06 16:46:27,700][com.java.SeleniumDriver] [  852] - Action Type : WAITFORELEMENT
[INFO ][2015-11-06 16:46:27,745][com.java.SeleniumDriver] [  861] -  RESULT true
[INFO ][2015-11-06 16:46:27,745][com.java.SeleniumDriver] [ 1066] - ?   P A S S   ?
[INFO ][2015-11-06 16:46:27,745][com.java.SeleniumDriver] [  788] - ------------------------------------------
[INFO ][2015-11-06 16:46:27,745][com.java.SeleniumDriver] [  789] - Test case being Executed: 3
[INFO ][2015-11-06 16:46:27,745][com.java.SeleniumDriver] [  800] - Test step:2
[INFO ][2015-11-06 16:46:27,745][com.java.SeleniumDriver] [  812] - Datavalue is----------Concept#4:1-20
[INFO ][2015-11-06 16:46:27,745][com.java.SeleniumDriver] [  836] - DataField : test
[INFO ][2015-11-06 16:46:27,745][com.java.SeleniumDriver] [  838] - DataValue : Concept#4:1-20
[INFO ][2015-11-06 16:46:27,745][com.java.SeleniumDriver] [  844] - <In Set values of the page>
[INFO ][2015-11-06 16:46:27,745][com.java.SeleniumDriver] [  847] - {Data Fields & Data Values Exist}
[INFO ][2015-11-06 16:46:27,745][com.java.SeleniumDriver] [  849] - --------------------------setting values-----------------------------
[INFO ][2015-11-06 16:46:27,746][com.java.SeleniumDriver] [  852] - Action Type : ExecuteTestCase
[INFO ][2015-11-06 16:46:27,746][com.java.TestType] [  417] - The Concept sheet name is ---------- Concept
[INFO ][2015-11-06 16:46:27,746][com.java.TestType] [  420] - The Concept ID  is ---------- 4
[DEBUG][2015-11-06 16:46:27,746][com.java.TestType] [  424] - Steps being executted in the Concept are: 1:20
[INFO ][2015-11-06 16:46:27,746][com.java.TestType] [  431] - Test data details path ---------- D:\BankersDashboard\TestInputs\TestData.xls
[INFO ][2015-11-06 16:46:27,776][com.java.TestType] [  462] -  str(1) = 4
[INFO ][2015-11-06 16:46:27,776][com.java.TestType] [  465] - Test case Id is---4
[INFO ][2015-11-06 16:46:27,777][com.java.TestType] [  467] - 4
[INFO ][2015-11-06 16:46:27,777][com.java.TestType] [  462] -  str(2) = 1
[INFO ][2015-11-06 16:46:27,778][com.java.TestType] [  514] - row values are--------{1=com.java.Objects.TestDataDetails@11552dd}
[INFO ][2015-11-06 16:46:27,778][com.java.TestType] [  462] -  str(1) = 4
[INFO ][2015-11-06 16:46:27,778][com.java.TestType] [  465] - Test case Id is---4
[INFO ][2015-11-06 16:46:27,778][com.java.TestType] [  467] - 4
[INFO ][2015-11-06 16:46:27,778][com.java.TestType] [  462] -  str(2) = 2
[INFO ][2015-11-06 16:46:27,779][com.java.TestType] [  514] - row values are--------{1=com.java.Objects.TestDataDetails@11552dd, 2=com.java.Objects.TestDataDetails@4602d7}
[INFO ][2015-11-06 16:46:27,779][com.java.TestType] [  462] -  str(1) = 4
[INFO ][2015-11-06 16:46:27,779][com.java.TestType] [  465] - Test case Id is---4
[INFO ][2015-11-06 16:46:27,779][com.java.TestType] [  467] - 4
[INFO ][2015-11-06 16:46:27,779][com.java.TestType] [  462] -  str(2) = 3
[INFO ][2015-11-06 16:46:27,780][com.java.TestType] [  514] - row values are--------{1=com.java.Objects.TestDataDetails@11552dd, 2=com.java.Objects.TestDataDetails@4602d7, 3=com.java.Objects.TestDataDetails@13c4b81}
[INFO ][2015-11-06 16:46:27,780][com.java.TestType] [  462] -  str(1) = 4
[INFO ][2015-11-06 16:46:27,781][com.java.TestType] [  465] - Test case Id is---4
[INFO ][2015-11-06 16:46:27,781][com.java.TestType] [  467] - 4
[INFO ][2015-11-06 16:46:27,781][com.java.TestType] [  462] -  str(2) = 4
[INFO ][2015-11-06 16:46:27,781][com.java.TestType] [  514] - row values are--------{1=com.java.Objects.TestDataDetails@11552dd, 2=com.java.Objects.TestDataDetails@4602d7, 3=com.java.Objects.TestDataDetails@13c4b81, 4=com.java.Objects.TestDataDetails@177a9ff}
[INFO ][2015-11-06 16:46:27,781][com.java.TestType] [  462] -  str(1) = 4
[INFO ][2015-11-06 16:46:27,781][com.java.TestType] [  465] - Test case Id is---4
[INFO ][2015-11-06 16:46:27,781][com.java.TestType] [  467] - 4
[INFO ][2015-11-06 16:46:27,782][com.java.TestType] [  462] -  str(2) = 5
[INFO ][2015-11-06 16:46:27,782][com.java.TestType] [  514] - row values are--------{1=com.java.Objects.TestDataDetails@11552dd, 2=com.java.Objects.TestDataDetails@4602d7, 3=com.java.Objects.TestDataDetails@13c4b81, 4=com.java.Objects.TestDataDetails@177a9ff, 5=com.java.Objects.TestDataDetails@1dc88c7}
[INFO ][2015-11-06 16:46:27,782][com.java.TestType] [  462] -  str(1) = 4
[INFO ][2015-11-06 16:46:27,782][com.java.TestType] [  465] - Test case Id is---4
[INFO ][2015-11-06 16:46:27,782][com.java.TestType] [  467] - 4
[INFO ][2015-11-06 16:46:27,782][com.java.TestType] [  462] -  str(2) = 6
[INFO ][2015-11-06 16:46:27,783][com.java.TestType] [  514] - row values are--------{1=com.java.Objects.TestDataDetails@11552dd, 2=com.java.Objects.TestDataDetails@4602d7, 3=com.java.Objects.TestDataDetails@13c4b81, 4=com.java.Objects.TestDataDetails@177a9ff, 5=com.java.Objects.TestDataDetails@1dc88c7, 6=com.java.Objects.TestDataDetails@1f828c4}
[INFO ][2015-11-06 16:46:27,783][com.java.TestType] [  462] -  str(1) = 4
[INFO ][2015-11-06 16:46:27,783][com.java.TestType] [  465] - Test case Id is---4
[INFO ][2015-11-06 16:46:27,783][com.java.TestType] [  467] - 4
[INFO ][2015-11-06 16:46:27,783][com.java.TestType] [  462] -  str(2) = 7
[INFO ][2015-11-06 16:46:27,784][com.java.TestType] [  514] - row values are--------{1=com.java.Objects.TestDataDetails@11552dd, 2=com.java.Objects.TestDataDetails@4602d7, 3=com.java.Objects.TestDataDetails@13c4b81, 4=com.java.Objects.TestDataDetails@177a9ff, 5=com.java.Objects.TestDataDetails@1dc88c7, 6=com.java.Objects.TestDataDetails@1f828c4, 7=com.java.Objects.TestDataDetails@2ec051}
[INFO ][2015-11-06 16:46:27,784][com.java.TestType] [  462] -  str(1) = 4
[INFO ][2015-11-06 16:46:27,784][com.java.TestType] [  465] - Test case Id is---4
[INFO ][2015-11-06 16:46:27,784][com.java.TestType] [  467] - 4
[INFO ][2015-11-06 16:46:27,784][com.java.TestType] [  462] -  str(2) = 8
[INFO ][2015-11-06 16:46:27,785][com.java.TestType] [  514] - row values are--------{1=com.java.Objects.TestDataDetails@11552dd, 2=com.java.Objects.TestDataDetails@4602d7, 3=com.java.Objects.TestDataDetails@13c4b81, 4=com.java.Objects.TestDataDetails@177a9ff, 5=com.java.Objects.TestDataDetails@1dc88c7, 6=com.java.Objects.TestDataDetails@1f828c4, 7=com.java.Objects.TestDataDetails@2ec051, 8=com.java.Objects.TestDataDetails@7e7592}
[INFO ][2015-11-06 16:46:27,785][com.java.TestType] [  462] -  str(1) = 4
[INFO ][2015-11-06 16:46:27,785][com.java.TestType] [  465] - Test case Id is---4
[INFO ][2015-11-06 16:46:27,785][com.java.TestType] [  467] - 4
[INFO ][2015-11-06 16:46:27,785][com.java.TestType] [  462] -  str(2) = 9
[INFO ][2015-11-06 16:46:27,786][com.java.TestType] [  514] - row values are--------{1=com.java.Objects.TestDataDetails@11552dd, 2=com.java.Objects.TestDataDetails@4602d7, 3=com.java.Objects.TestDataDetails@13c4b81, 4=com.java.Objects.TestDataDetails@177a9ff, 5=com.java.Objects.TestDataDetails@1dc88c7, 6=com.java.Objects.TestDataDetails@1f828c4, 7=com.java.Objects.TestDataDetails@2ec051, 8=com.java.Objects.TestDataDetails@7e7592, 9=com.java.Objects.TestDataDetails@10379d4}
[INFO ][2015-11-06 16:46:27,786][com.java.TestType] [  462] -  str(1) = 4
[INFO ][2015-11-06 16:46:27,786][com.java.TestType] [  465] - Test case Id is---4
[INFO ][2015-11-06 16:46:27,786][com.java.TestType] [  467] - 4
[INFO ][2015-11-06 16:46:27,786][com.java.TestType] [  462] -  str(2) = 10
[INFO ][2015-11-06 16:46:27,787][com.java.TestType] [  514] - row values are--------{1=com.java.Objects.TestDataDetails@11552dd, 2=com.java.Objects.TestDataDetails@4602d7, 3=com.java.Objects.TestDataDetails@13c4b81, 4=com.java.Objects.TestDataDetails@177a9ff, 5=com.java.Objects.TestDataDetails@1dc88c7, 6=com.java.Objects.TestDataDetails@1f828c4, 7=com.java.Objects.TestDataDetails@2ec051, 8=com.java.Objects.TestDataDetails@7e7592, 9=com.java.Objects.TestDataDetails@10379d4, 10=com.java.Objects.TestDataDetails@1a0efa}
[INFO ][2015-11-06 16:46:27,787][com.java.TestType] [  462] -  str(1) = 4
[INFO ][2015-11-06 16:46:27,787][com.java.TestType] [  465] - Test case Id is---4
[INFO ][2015-11-06 16:46:27,787][com.java.TestType] [  467] - 4
[INFO ][2015-11-06 16:46:27,787][com.java.TestType] [  462] -  str(2) = 11
[INFO ][2015-11-06 16:46:27,788][com.java.TestType] [  514] - row values are--------{1=com.java.Objects.TestDataDetails@11552dd, 2=com.java.Objects.TestDataDetails@4602d7, 3=com.java.Objects.TestDataDetails@13c4b81, 4=com.java.Objects.TestDataDetails@177a9ff, 5=com.java.Objects.TestDataDetails@1dc88c7, 6=com.java.Objects.TestDataDetails@1f828c4, 7=com.java.Objects.TestDataDetails@2ec051, 8=com.java.Objects.TestDataDetails@7e7592, 9=com.java.Objects.TestDataDetails@10379d4, 10=com.java.Objects.TestDataDetails@1a0efa, 11=com.java.Objects.TestDataDetails@33f929}
[INFO ][2015-11-06 16:46:27,788][com.java.TestType] [  462] -  str(1) = 4
[INFO ][2015-11-06 16:46:27,788][com.java.TestType] [  465] - Test case Id is---4
[INFO ][2015-11-06 16:46:27,789][com.java.TestType] [  467] - 4
[INFO ][2015-11-06 16:46:27,789][com.java.TestType] [  462] -  str(2) = 12
[INFO ][2015-11-06 16:46:27,789][com.java.TestType] [  514] - row values are--------{1=com.java.Objects.TestDataDetails@11552dd, 2=com.java.Objects.TestDataDetails@4602d7, 3=com.java.Objects.TestDataDetails@13c4b81, 4=com.java.Objects.TestDataDetails@177a9ff, 5=com.java.Objects.TestDataDetails@1dc88c7, 6=com.java.Objects.TestDataDetails@1f828c4, 7=com.java.Objects.TestDataDetails@2ec051, 8=com.java.Objects.TestDataDetails@7e7592, 9=com.java.Objects.TestDataDetails@10379d4, 10=com.java.Objects.TestDataDetails@1a0efa, 11=com.java.Objects.TestDataDetails@33f929, 12=com.java.Objects.TestDataDetails@4a7f6e}
[INFO ][2015-11-06 16:46:27,789][com.java.TestType] [  462] -  str(1) = 4
[INFO ][2015-11-06 16:46:27,789][com.java.TestType] [  465] - Test case Id is---4
[INFO ][2015-11-06 16:46:27,789][com.java.TestType] [  467] - 4
[INFO ][2015-11-06 16:46:27,790][com.java.TestType] [  462] -  str(2) = 13
[INFO ][2015-11-06 16:46:27,790][com.java.TestType] [  514] - row values are--------{1=com.java.Objects.TestDataDetails@11552dd, 2=com.java.Objects.TestDataDetails@4602d7, 3=com.java.Objects.TestDataDetails@13c4b81, 4=com.java.Objects.TestDataDetails@177a9ff, 5=com.java.Objects.TestDataDetails@1dc88c7, 6=com.java.Objects.TestDataDetails@1f828c4, 7=com.java.Objects.TestDataDetails@2ec051, 8=com.java.Objects.TestDataDetails@7e7592, 9=com.java.Objects.TestDataDetails@10379d4, 10=com.java.Objects.TestDataDetails@1a0efa, 11=com.java.Objects.TestDataDetails@33f929, 12=com.java.Objects.TestDataDetails@4a7f6e, 13=com.java.Objects.TestDataDetails@1dae2b}
[INFO ][2015-11-06 16:46:27,790][com.java.TestType] [  462] -  str(1) = 4
[INFO ][2015-11-06 16:46:27,790][com.java.TestType] [  465] - Test case Id is---4
[INFO ][2015-11-06 16:46:27,790][com.java.TestType] [  467] - 4
[INFO ][2015-11-06 16:46:27,790][com.java.TestType] [  462] -  str(2) = 14
[INFO ][2015-11-06 16:46:27,791][com.java.TestType] [  514] - row values are--------{1=com.java.Objects.TestDataDetails@11552dd, 2=com.java.Objects.TestDataDetails@4602d7, 3=com.java.Objects.TestDataDetails@13c4b81, 4=com.java.Objects.TestDataDetails@177a9ff, 5=com.java.Objects.TestDataDetails@1dc88c7, 6=com.java.Objects.TestDataDetails@1f828c4, 7=com.java.Objects.TestDataDetails@2ec051, 8=com.java.Objects.TestDataDetails@7e7592, 9=com.java.Objects.TestDataDetails@10379d4, 10=com.java.Objects.TestDataDetails@1a0efa, 11=com.java.Objects.TestDataDetails@33f929, 12=com.java.Objects.TestDataDetails@4a7f6e, 13=com.java.Objects.TestDataDetails@1dae2b, 14=com.java.Objects.TestDataDetails@cf9c64}
[INFO ][2015-11-06 16:46:27,791][com.java.TestType] [  462] -  str(1) = 4
[INFO ][2015-11-06 16:46:27,791][com.java.TestType] [  465] - Test case Id is---4
[INFO ][2015-11-06 16:46:27,791][com.java.TestType] [  467] - 4
[INFO ][2015-11-06 16:46:27,791][com.java.TestType] [  462] -  str(2) = 15
[INFO ][2015-11-06 16:46:27,792][com.java.TestType] [  514] - row values are--------{1=com.java.Objects.TestDataDetails@11552dd, 2=com.java.Objects.TestDataDetails@4602d7, 3=com.java.Objects.TestDataDetails@13c4b81, 4=com.java.Objects.TestDataDetails@177a9ff, 5=com.java.Objects.TestDataDetails@1dc88c7, 6=com.java.Objects.TestDataDetails@1f828c4, 7=com.java.Objects.TestDataDetails@2ec051, 8=com.java.Objects.TestDataDetails@7e7592, 9=com.java.Objects.TestDataDetails@10379d4, 10=com.java.Objects.TestDataDetails@1a0efa, 11=com.java.Objects.TestDataDetails@33f929, 12=com.java.Objects.TestDataDetails@4a7f6e, 13=com.java.Objects.TestDataDetails@1dae2b, 14=com.java.Objects.TestDataDetails@cf9c64, 15=com.java.Objects.TestDataDetails@1e4cb74}
[INFO ][2015-11-06 16:46:27,792][com.java.TestType] [  462] -  str(1) = 4
[INFO ][2015-11-06 16:46:27,792][com.java.TestType] [  465] - Test case Id is---4
[INFO ][2015-11-06 16:46:27,792][com.java.TestType] [  467] - 4
[INFO ][2015-11-06 16:46:27,792][com.java.TestType] [  462] -  str(2) = 16
[INFO ][2015-11-06 16:46:27,793][com.java.TestType] [  514] - row values are--------{1=com.java.Objects.TestDataDetails@11552dd, 2=com.java.Objects.TestDataDetails@4602d7, 3=com.java.Objects.TestDataDetails@13c4b81, 4=com.java.Objects.TestDataDetails@177a9ff, 5=com.java.Objects.TestDataDetails@1dc88c7, 6=com.java.Objects.TestDataDetails@1f828c4, 7=com.java.Objects.TestDataDetails@2ec051, 8=com.java.Objects.TestDataDetails@7e7592, 9=com.java.Objects.TestDataDetails@10379d4, 10=com.java.Objects.TestDataDetails@1a0efa, 11=com.java.Objects.TestDataDetails@33f929, 12=com.java.Objects.TestDataDetails@4a7f6e, 13=com.java.Objects.TestDataDetails@1dae2b, 14=com.java.Objects.TestDataDetails@cf9c64, 15=com.java.Objects.TestDataDetails@1e4cb74, 16=com.java.Objects.TestDataDetails@723358}
[INFO ][2015-11-06 16:46:27,793][com.java.TestType] [  462] -  str(1) = 4
[INFO ][2015-11-06 16:46:27,793][com.java.TestType] [  465] - Test case Id is---4
[INFO ][2015-11-06 16:46:27,793][com.java.TestType] [  467] - 4
[INFO ][2015-11-06 16:46:27,793][com.java.TestType] [  462] -  str(2) = 17
[INFO ][2015-11-06 16:46:27,794][com.java.TestType] [  514] - row values are--------{1=com.java.Objects.TestDataDetails@11552dd, 2=com.java.Objects.TestDataDetails@4602d7, 3=com.java.Objects.TestDataDetails@13c4b81, 4=com.java.Objects.TestDataDetails@177a9ff, 5=com.java.Objects.TestDataDetails@1dc88c7, 6=com.java.Objects.TestDataDetails@1f828c4, 7=com.java.Objects.TestDataDetails@2ec051, 8=com.java.Objects.TestDataDetails@7e7592, 9=com.java.Objects.TestDataDetails@10379d4, 10=com.java.Objects.TestDataDetails@1a0efa, 11=com.java.Objects.TestDataDetails@33f929, 12=com.java.Objects.TestDataDetails@4a7f6e, 13=com.java.Objects.TestDataDetails@1dae2b, 14=com.java.Objects.TestDataDetails@cf9c64, 15=com.java.Objects.TestDataDetails@1e4cb74, 17=com.java.Objects.TestDataDetails@f05fc9, 16=com.java.Objects.TestDataDetails@723358}
[INFO ][2015-11-06 16:46:27,794][com.java.TestType] [  462] -  str(1) = 4
[INFO ][2015-11-06 16:46:27,794][com.java.TestType] [  465] - Test case Id is---4
[INFO ][2015-11-06 16:46:27,794][com.java.TestType] [  467] - 4
[INFO ][2015-11-06 16:46:27,794][com.java.TestType] [  462] -  str(2) = 18
[INFO ][2015-11-06 16:46:27,795][com.java.TestType] [  514] - row values are--------{1=com.java.Objects.TestDataDetails@11552dd, 2=com.java.Objects.TestDataDetails@4602d7, 3=com.java.Objects.TestDataDetails@13c4b81, 4=com.java.Objects.TestDataDetails@177a9ff, 5=com.java.Objects.TestDataDetails@1dc88c7, 6=com.java.Objects.TestDataDetails@1f828c4, 7=com.java.Objects.TestDataDetails@2ec051, 8=com.java.Objects.TestDataDetails@7e7592, 9=com.java.Objects.TestDataDetails@10379d4, 10=com.java.Objects.TestDataDetails@1a0efa, 11=com.java.Objects.TestDataDetails@33f929, 12=com.java.Objects.TestDataDetails@4a7f6e, 13=com.java.Objects.TestDataDetails@1dae2b, 14=com.java.Objects.TestDataDetails@cf9c64, 15=com.java.Objects.TestDataDetails@1e4cb74, 17=com.java.Objects.TestDataDetails@f05fc9, 16=com.java.Objects.TestDataDetails@723358, 18=com.java.Objects.TestDataDetails@198527}
[INFO ][2015-11-06 16:46:27,795][com.java.TestType] [  462] -  str(1) = 4
[INFO ][2015-11-06 16:46:27,795][com.java.TestType] [  465] - Test case Id is---4
[INFO ][2015-11-06 16:46:27,795][com.java.TestType] [  467] - 4
[INFO ][2015-11-06 16:46:27,795][com.java.TestType] [  462] -  str(2) = 19
[INFO ][2015-11-06 16:46:27,796][com.java.TestType] [  514] - row values are--------{1=com.java.Objects.TestDataDetails@11552dd, 2=com.java.Objects.TestDataDetails@4602d7, 3=com.java.Objects.TestDataDetails@13c4b81, 4=com.java.Objects.TestDataDetails@177a9ff, 5=com.java.Objects.TestDataDetails@1dc88c7, 6=com.java.Objects.TestDataDetails@1f828c4, 7=com.java.Objects.TestDataDetails@2ec051, 8=com.java.Objects.TestDataDetails@7e7592, 9=com.java.Objects.TestDataDetails@10379d4, 10=com.java.Objects.TestDataDetails@1a0efa, 11=com.java.Objects.TestDataDetails@33f929, 12=com.java.Objects.TestDataDetails@4a7f6e, 13=com.java.Objects.TestDataDetails@1dae2b, 14=com.java.Objects.TestDataDetails@cf9c64, 15=com.java.Objects.TestDataDetails@1e4cb74, 17=com.java.Objects.TestDataDetails@f05fc9, 16=com.java.Objects.TestDataDetails@723358, 19=com.java.Objects.TestDataDetails@1dc85da, 18=com.java.Objects.TestDataDetails@198527}
[INFO ][2015-11-06 16:46:27,797][com.java.TestType] [  462] -  str(1) = 4
[INFO ][2015-11-06 16:46:27,797][com.java.TestType] [  465] - Test case Id is---4
[INFO ][2015-11-06 16:46:27,797][com.java.TestType] [  467] - 4
[INFO ][2015-11-06 16:46:27,797][com.java.TestType] [  462] -  str(2) = 20
[INFO ][2015-11-06 16:46:27,797][com.java.TestType] [  514] - row values are--------{1=com.java.Objects.TestDataDetails@11552dd, 2=com.java.Objects.TestDataDetails@4602d7, 3=com.java.Objects.TestDataDetails@13c4b81, 4=com.java.Objects.TestDataDetails@177a9ff, 5=com.java.Objects.TestDataDetails@1dc88c7, 6=com.java.Objects.TestDataDetails@1f828c4, 7=com.java.Objects.TestDataDetails@2ec051, 8=com.java.Objects.TestDataDetails@7e7592, 9=com.java.Objects.TestDataDetails@10379d4, 10=com.java.Objects.TestDataDetails@1a0efa, 11=com.java.Objects.TestDataDetails@33f929, 12=com.java.Objects.TestDataDetails@4a7f6e, 13=com.java.Objects.TestDataDetails@1dae2b, 14=com.java.Objects.TestDataDetails@cf9c64, 15=com.java.Objects.TestDataDetails@1e4cb74, 17=com.java.Objects.TestDataDetails@f05fc9, 16=com.java.Objects.TestDataDetails@723358, 19=com.java.Objects.TestDataDetails@1dc85da, 18=com.java.Objects.TestDataDetails@198527, 20=com.java.Objects.TestDataDetails@1aa7aa4}
[INFO ][2015-11-06 16:46:27,797][com.java.TestType] [ 8177] - Looping 1TCID = 4
[DEBUG][2015-11-06 16:46:27,798][com.java.TestType] [ 8218] - Concept ID:4 :: Step being Executed: 4::1
[ERROR][2015-11-06 16:46:27,798][com.java.TestType] [ 8251] - Exception: null
[INFO ][2015-11-06 16:46:27,798][com.java.TestType] [ 8256] - dataFields : LNKG/L
[DEBUG][2015-11-06 16:46:27,798][com.java.TestType] [ 8262] - <In Set values of the page>
[DEBUG][2015-11-06 16:46:27,798][com.java.TestType] [ 8267] - {Data Fields & Data Values Exist}
[INFO ][2015-11-06 16:46:27,798][com.java.TestType] [ 8273] - --------------------------setting values-----------------------------
[INFO ][2015-11-06 16:46:27,798][com.java.TestType] [ 8276] - Action Type : WAITFORELEMENT
[INFO ][2015-11-06 16:46:27,842][com.java.TestType] [ 8295] -  RESULT true
[INFO ][2015-11-06 16:46:27,842][com.java.TestType] [ 8412] - ?   P A S S   ?
[DEBUG][2015-11-06 16:46:27,842][com.java.TestType] [ 8218] - Concept ID:4 :: Step being Executed: 4::2
[ERROR][2015-11-06 16:46:27,842][com.java.TestType] [ 8251] - Exception: null
[INFO ][2015-11-06 16:46:27,842][com.java.TestType] [ 8256] - dataFields : XPH//div[@class="menu"]//span[@class="icon-pencil2"]
[DEBUG][2015-11-06 16:46:27,842][com.java.TestType] [ 8262] - <In Set values of the page>
[DEBUG][2015-11-06 16:46:27,842][com.java.TestType] [ 8267] - {Data Fields & Data Values Exist}
[INFO ][2015-11-06 16:46:27,843][com.java.TestType] [ 8273] - --------------------------setting values-----------------------------
[INFO ][2015-11-06 16:46:27,843][com.java.TestType] [ 8276] - Action Type : CLICK
[INFO ][2015-11-06 16:46:27,843][com.java.TestType] [ 4341] - Field ::XPH//div[@class="menu"]//span[@class="icon-pencil2"]
[INFO ][2015-11-06 16:46:28,843][com.java.TestType] [ 4400] - BEFORE CLICK
[ERROR][2015-11-06 16:46:28,911][com.java.TestType] [ 4574] - Exception in click:: Modal dialog present: An unexpected error has occurred.  The error is...

Internal Server Error

Please contact us so that we can resolve this issue as soon as possible.
Build info: version: '2.48.2', revision: '41bccdd', time: '2015-10-09 19:59:12'
System info: host: 'FVTIII438F1D', ip: '172.17.68.34', os.name: 'Windows 7', os.arch: 'x86', os.version: '6.1', java.version: '1.7.0_55'
Session ID: f02064a4-e78c-449d-8323-b5e5ccba7a91
Driver info: org.openqa.selenium.ie.InternetExplorerDriver
Capabilities [{platform=WINDOWS, javascriptEnabled=true, elementScrollBehavior=0, ignoreZoomSetting=false, enablePersistentHover=true, ie.ensureCleanSession=false, browserName=internet explorer, enableElementCacheCleanup=true, unexpectedAlertBehaviour=dismiss, version=11, ie.usePerProcessProxy=false, ignoreProtectedModeSettings=true, cssSelectorsEnabled=true, requireWindowFocus=false, initialBrowserUrl=http://localhost:27822/, handlesAlerts=true, ie.forceCreateProcessApi=false, nativeEvents=true, browserAttachTimeout=0, ie.browserCommandLineSwitches=, takesScreenshot=true}]
[INFO ][2015-11-06 16:46:28,911][com.java.TestType] [ 4578] - Element :://div[@class="menu"]//span[@class="icon-pencil2"]:: not found
[INFO ][2015-11-06 16:46:28,911][com.java.TestType] [ 8295] -  RESULT false
[INFO ][2015-11-06 16:46:28,911][com.java.TestType] [ 8333] - ?   F A I L   ?
[DEBUG][2015-11-06 16:46:28,911][com.java.TestType] [ 8336] - Browser Type : IE11
[INFO ][2015-11-06 16:46:28,915][com.java.SeleniumDriver] [  861] -  RESULT false
[INFO ][2015-11-06 16:46:28,915][com.java.SeleniumDriver] [  908] - ?   F A I L   ?
[INFO ][2015-11-06 16:46:28,915][com.java.SeleniumDriver] [  916] - Browser Type : IE11
[INFO ][2015-11-06 16:46:28,915][com.java.SeleniumDriver] [  917] - Adding Failed case3
[INFO ][2015-11-06 16:46:29,589][com.java.SeleniumDriver] [ 1030] - failedCases = 2-3
[ERROR][2015-11-06 16:46:29,590][com.java.SeleniumDriver] [ 1516] - Platform Errors : Our apologies...::We have encountered an issue with your request.::Our apologies?:We encountered an issue with your request.
[INFO ][2015-11-06 16:46:29,590][com.java.SeleniumDriver] [ 1520] - Length =3
[ERROR][2015-11-06 16:46:29,590][com.java.SeleniumDriver] [ 1523] - Error 0 = Our apologies...
[ERROR][2015-11-06 16:46:29,662][com.java.SeleniumDriver] [ 1523] - Error 1 = We have encountered an issue with your request.
[ERROR][2015-11-06 16:46:29,695][com.java.SeleniumDriver] [ 1523] - Error 2 = Our apologies?:We encountered an issue with your request.
[DEBUG][2015-11-06 16:46:29,742][com.java.SeleniumDriver] [ 1168] - Case found
[DEBUG][2015-11-06 16:46:29,742][com.java.SeleniumDriver] [ 1173] - Incrementing ReportCounters[0]:3
[INFO ][2015-11-06 16:46:29,742][com.java.SeleniumDriver] [ 1192] - The results are-------------------[3, 2, Start Page: Add Content: Out of the Box Module, Fail, 
Test case failed at Step No. :: 2   Error Message ::  In CONCEPT: Test case failed at Step No. :: 2   Error Message ::  Element :://div[@class="menu"]//span[@class="icon-pencil2"]:: not found. Screen Shot : D:\BankersDashboard\TestReports\110615\3_110615_164628_IE11.png, Fri Nov 06 16:46:29 IST 2015]
[INFO ][2015-11-06 16:46:29,742][com.java.SeleniumDriver] [ 1196] - End time is-------2 min 2 sec
[INFO ][2015-11-06 16:46:29,742][com.java.SeleniumDriver] [ 1197] - The results are-------------------[3, 2, Start Page: Add Content: Out of the Box Module, Fail, 
Test case failed at Step No. :: 2   Error Message ::  In CONCEPT: Test case failed at Step No. :: 2   Error Message ::  Element :://div[@class="menu"]//span[@class="icon-pencil2"]:: not found. Screen Shot : D:\BankersDashboard\TestReports\110615\3_110615_164628_IE11.png, Fri Nov 06 16:46:29 IST 2015]
[DEBUG][2015-11-06 16:46:29,742][com.java.ImportnExport.ExportTestResultsExcel] [  222] - testResultPath = D:\BankersDashboard/TestReports/Test Results_BankersDashBoard_110615_164429_IE11_Bank of North Carolina.xls
[DEBUG][2015-11-06 16:46:29,742][com.java.ImportnExport.ExportTestResultsExcel] [  223] - browser is------------IE11
[DEBUG][2015-11-06 16:46:29,744][com.java.ImportnExport.ExportTestResultsExcel] [  270] - result.size() = 6
[DEBUG][2015-11-06 16:46:29,745][com.java.ImportnExport.ExportTestResultsExcel] [  274] - No of rows in sheet=3
[DEBUG][2015-11-06 16:46:29,745][com.java.ImportnExport.ExportTestResultsExcel] [  301] - ..in export..3
[DEBUG][2015-11-06 16:46:29,745][com.java.ImportnExport.ExportTestResultsExcel] [  301] - ..in export..Start Page: Add Content: Out of the Box Module
[DEBUG][2015-11-06 16:46:29,745][com.java.ImportnExport.ExportTestResultsExcel] [  301] - ..in export..Fail
[DEBUG][2015-11-06 16:46:29,746][com.java.ImportnExport.ExportTestResultsExcel] [  301] - ..in export..
Test case failed at Step No. :: 2   Error Message ::  In CONCEPT: Test case failed at Step No. :: 2   Error Message ::  Element :://div[@class="menu"]//span[@class="icon-pencil2"]:: not found. Screen Shot : D:\BankersDashboard\TestReports\110615\3_110615_164628_IE11.png
[DEBUG][2015-11-06 16:46:29,746][com.java.ImportnExport.ExportTestResultsExcel] [  301] - ..in export..Fri Nov 06 16:46:29 IST 2015
[INFO ][2015-11-06 16:46:29,747][com.java.SeleniumDriver] [ 1255] - out loop:2 size:7 TestCases:[1, 2, 3, 4, 5, 6, 7] testcases:[1, 2, 3, 4, 5, 6, 7]
[INFO ][2015-11-06 16:46:29,747][com.java.ImportnExport.ImportTestDataDetailsExcel] [   49] - test data details path===== D:\BankersDashboard\TestInputs\TestData.xls
[INFO ][2015-11-06 16:46:51,352][com.java.SeleniumDriver] [  788] - ------------------------------------------
[INFO ][2015-11-06 16:46:51,352][com.java.SeleniumDriver] [  789] - Test case being Executed: 4
[INFO ][2015-11-06 16:46:51,352][com.java.SeleniumDriver] [  800] - Test step:1
[INFO ][2015-11-06 16:46:51,352][com.java.SeleniumDriver] [  812] - Datavalue is----------null
[DEBUG][2015-11-06 16:46:51,352][com.java.SeleniumDriver] [  830] - Exception: null
[INFO ][2015-11-06 16:46:51,352][com.java.SeleniumDriver] [  836] - DataField : LNKG/L
[INFO ][2015-11-06 16:46:51,352][com.java.SeleniumDriver] [  838] - DataValue : 
[INFO ][2015-11-06 16:46:51,352][com.java.SeleniumDriver] [  844] - <In Set values of the page>
[INFO ][2015-11-06 16:46:51,352][com.java.SeleniumDriver] [  847] - {Data Fields & Data Values Exist}
[INFO ][2015-11-06 16:46:51,352][com.java.SeleniumDriver] [  849] - --------------------------setting values-----------------------------
[INFO ][2015-11-06 16:46:51,352][com.java.SeleniumDriver] [  852] - Action Type : WAITFORELEMENT
[INFO ][2015-11-06 16:46:51,406][com.java.SeleniumDriver] [  861] -  RESULT true
[INFO ][2015-11-06 16:46:51,406][com.java.SeleniumDriver] [ 1066] - ?   P A S S   ?
[INFO ][2015-11-06 16:46:51,406][com.java.SeleniumDriver] [  788] - ------------------------------------------
[INFO ][2015-11-06 16:46:51,406][com.java.SeleniumDriver] [  789] - Test case being Executed: 4
[INFO ][2015-11-06 16:46:51,406][com.java.SeleniumDriver] [  800] - Test step:2
[INFO ][2015-11-06 16:46:51,406][com.java.SeleniumDriver] [  812] - Datavalue is----------null
[DEBUG][2015-11-06 16:46:51,406][com.java.SeleniumDriver] [  830] - Exception: null
[INFO ][2015-11-06 16:46:51,406][com.java.SeleniumDriver] [  836] - DataField : XPH//div[@class="menu"]//span[@class="icon-pencil2"]
[INFO ][2015-11-06 16:46:51,406][com.java.SeleniumDriver] [  838] - DataValue : 
[INFO ][2015-11-06 16:46:51,407][com.java.SeleniumDriver] [  844] - <In Set values of the page>
[INFO ][2015-11-06 16:46:51,407][com.java.SeleniumDriver] [  847] - {Data Fields & Data Values Exist}
[INFO ][2015-11-06 16:46:51,407][com.java.SeleniumDriver] [  849] - --------------------------setting values-----------------------------
[INFO ][2015-11-06 16:46:51,407][com.java.SeleniumDriver] [  852] - Action Type : CLICK
[INFO ][2015-11-06 16:46:51,407][com.java.TestType] [ 4341] - Field ::XPH//div[@class="menu"]//span[@class="icon-pencil2"]
[INFO ][2015-11-06 16:46:52,407][com.java.TestType] [ 4400] - BEFORE CLICK
[INFO ][2015-11-06 16:46:53,895][com.java.TestType] [ 4408] - Unable to click the object Edit Content
[INFO ][2015-11-06 16:46:53,895][com.java.SeleniumDriver] [  861] -  RESULT true
[INFO ][2015-11-06 16:46:53,895][com.java.SeleniumDriver] [ 1066] - ?   P A S S   ?
[INFO ][2015-11-06 16:46:53,895][com.java.SeleniumDriver] [  788] - ------------------------------------------
[INFO ][2015-11-06 16:46:53,895][com.java.SeleniumDriver] [  789] - Test case being Executed: 4
[INFO ][2015-11-06 16:46:53,895][com.java.SeleniumDriver] [  800] - Test step:3
[INFO ][2015-11-06 16:46:53,895][com.java.SeleniumDriver] [  812] - Datavalue is----------null
[DEBUG][2015-11-06 16:46:53,895][com.java.SeleniumDriver] [  830] - Exception: null
[INFO ][2015-11-06 16:46:53,895][com.java.SeleniumDriver] [  836] - DataField : XPH//div[contains(text(),'Fed Funds Futures Curve')]/following-sibling::div//span[@class="icon-remove"]
[INFO ][2015-11-06 16:46:53,895][com.java.SeleniumDriver] [  838] - DataValue : 
[INFO ][2015-11-06 16:46:53,895][com.java.SeleniumDriver] [  844] - <In Set values of the page>
[INFO ][2015-11-06 16:46:53,895][com.java.SeleniumDriver] [  847] - {Data Fields & Data Values Exist}
[INFO ][2015-11-06 16:46:53,896][com.java.SeleniumDriver] [  849] - --------------------------setting values-----------------------------
[INFO ][2015-11-06 16:46:53,896][com.java.SeleniumDriver] [  852] - Action Type : WAITFORELEMENT
[INFO ][2015-11-06 16:46:53,960][com.java.SeleniumDriver] [  861] -  RESULT true
[INFO ][2015-11-06 16:46:53,960][com.java.SeleniumDriver] [ 1066] - ?   P A S S   ?
[INFO ][2015-11-06 16:46:53,960][com.java.SeleniumDriver] [  788] - ------------------------------------------
[INFO ][2015-11-06 16:46:53,960][com.java.SeleniumDriver] [  789] - Test case being Executed: 4
[INFO ][2015-11-06 16:46:53,960][com.java.SeleniumDriver] [  800] - Test step:4
[INFO ][2015-11-06 16:46:53,960][com.java.SeleniumDriver] [  812] - Datavalue is----------null
[DEBUG][2015-11-06 16:46:53,960][com.java.SeleniumDriver] [  830] - Exception: null
[INFO ][2015-11-06 16:46:53,960][com.java.SeleniumDriver] [  836] - DataField : HDN//div[contains(text(),'Fed Funds Futures Curve')]/following-sibling::div//span[@class="icon-remove"]
[INFO ][2015-11-06 16:46:53,961][com.java.SeleniumDriver] [  838] - DataValue : 
[INFO ][2015-11-06 16:46:53,961][com.java.SeleniumDriver] [  844] - <In Set values of the page>
[INFO ][2015-11-06 16:46:53,961][com.java.SeleniumDriver] [  847] - {Data Fields & Data Values Exist}
[INFO ][2015-11-06 16:46:53,961][com.java.SeleniumDriver] [  849] - --------------------------setting values-----------------------------
[INFO ][2015-11-06 16:46:53,961][com.java.SeleniumDriver] [  852] - Action Type : CLICK
[INFO ][2015-11-06 16:46:53,961][com.java.TestType] [ 4341] - Field ::HDN//div[contains(text(),'Fed Funds Futures Curve')]/following-sibling::div//span[@class="icon-remove"]
[INFO ][2015-11-06 16:46:55,302][com.java.SeleniumDriver] [  861] -  RESULT true
[INFO ][2015-11-06 16:46:55,302][com.java.SeleniumDriver] [ 1066] - ?   P A S S   ?
[INFO ][2015-11-06 16:46:55,302][com.java.SeleniumDriver] [  788] - ------------------------------------------
[INFO ][2015-11-06 16:46:55,302][com.java.SeleniumDriver] [  789] - Test case being Executed: 4
[INFO ][2015-11-06 16:46:55,302][com.java.SeleniumDriver] [  800] - Test step:5
[INFO ][2015-11-06 16:46:55,302][com.java.SeleniumDriver] [  812] - Datavalue is----------null
[DEBUG][2015-11-06 16:46:55,302][com.java.SeleniumDriver] [  830] - Exception: null
[INFO ][2015-11-06 16:46:55,302][com.java.SeleniumDriver] [  836] - DataField : XPH//span[contains(text(),'No')]
[INFO ][2015-11-06 16:46:55,302][com.java.SeleniumDriver] [  838] - DataValue : 
[INFO ][2015-11-06 16:46:55,302][com.java.SeleniumDriver] [  844] - <In Set values of the page>
[INFO ][2015-11-06 16:46:55,302][com.java.SeleniumDriver] [  847] - {Data Fields & Data Values Exist}
[INFO ][2015-11-06 16:46:55,303][com.java.SeleniumDriver] [  849] - --------------------------setting values-----------------------------
[INFO ][2015-11-06 16:46:55,303][com.java.SeleniumDriver] [  852] - Action Type : WAITFORELEMENT
[INFO ][2015-11-06 16:46:55,366][com.java.SeleniumDriver] [  861] -  RESULT true
[INFO ][2015-11-06 16:46:55,366][com.java.SeleniumDriver] [ 1066] - ?   P A S S   ?
[INFO ][2015-11-06 16:46:55,366][com.java.SeleniumDriver] [  788] - ------------------------------------------
[INFO ][2015-11-06 16:46:55,366][com.java.SeleniumDriver] [  789] - Test case being Executed: 4
[INFO ][2015-11-06 16:46:55,366][com.java.SeleniumDriver] [  800] - Test step:6
[INFO ][2015-11-06 16:46:55,366][com.java.SeleniumDriver] [  812] - Datavalue is----------null
[DEBUG][2015-11-06 16:46:55,366][com.java.SeleniumDriver] [  830] - Exception: null
[INFO ][2015-11-06 16:46:55,366][com.java.SeleniumDriver] [  836] - DataField : XPH//span[contains(text(),'No')]
[INFO ][2015-11-06 16:46:55,366][com.java.SeleniumDriver] [  838] - DataValue : 
[INFO ][2015-11-06 16:46:55,367][com.java.SeleniumDriver] [  844] - <In Set values of the page>
[INFO ][2015-11-06 16:46:55,367][com.java.SeleniumDriver] [  847] - {Data Fields & Data Values Exist}
[INFO ][2015-11-06 16:46:55,367][com.java.SeleniumDriver] [  849] - --------------------------setting values-----------------------------
[INFO ][2015-11-06 16:46:55,367][com.java.SeleniumDriver] [  852] - Action Type : CLICK
[INFO ][2015-11-06 16:46:55,367][com.java.TestType] [ 4341] - Field ::XPH//span[contains(text(),'No')]
[INFO ][2015-11-06 16:46:56,367][com.java.TestType] [ 4400] - BEFORE CLICK
[INFO ][2015-11-06 16:46:57,565][com.java.TestType] [ 4408] - Unable to click the object No
[INFO ][2015-11-06 16:46:57,565][com.java.SeleniumDriver] [  861] -  RESULT true
[INFO ][2015-11-06 16:46:57,565][com.java.SeleniumDriver] [ 1066] - ?   P A S S   ?
[INFO ][2015-11-06 16:46:57,565][com.java.SeleniumDriver] [  788] - ------------------------------------------
[INFO ][2015-11-06 16:46:57,565][com.java.SeleniumDriver] [  789] - Test case being Executed: 4
[INFO ][2015-11-06 16:46:57,565][com.java.SeleniumDriver] [  800] - Test step:7
[INFO ][2015-11-06 16:46:57,565][com.java.SeleniumDriver] [  812] - Datavalue is----------null
[DEBUG][2015-11-06 16:46:57,565][com.java.SeleniumDriver] [  830] - Exception: null
[INFO ][2015-11-06 16:46:57,565][com.java.SeleniumDriver] [  836] - DataField : XPH//div[contains(text(),'My Favorite Report')]/following-sibling::div//span[@class="icon-remove"]
[INFO ][2015-11-06 16:46:57,565][com.java.SeleniumDriver] [  838] - DataValue : 
[INFO ][2015-11-06 16:46:57,565][com.java.SeleniumDriver] [  844] - <In Set values of the page>
[INFO ][2015-11-06 16:46:57,565][com.java.SeleniumDriver] [  847] - {Data Fields & Data Values Exist}
[INFO ][2015-11-06 16:46:57,566][com.java.SeleniumDriver] [  849] - --------------------------setting values-----------------------------
[INFO ][2015-11-06 16:46:57,566][com.java.SeleniumDriver] [  852] - Action Type : WAITFORELEMENT
[INFO ][2015-11-06 16:46:57,652][com.java.SeleniumDriver] [  861] -  RESULT true
[INFO ][2015-11-06 16:46:57,652][com.java.SeleniumDriver] [ 1066] - ?   P A S S   ?
[INFO ][2015-11-06 16:46:57,652][com.java.SeleniumDriver] [  788] - ------------------------------------------
[INFO ][2015-11-06 16:46:57,652][com.java.SeleniumDriver] [  789] - Test case being Executed: 4
[INFO ][2015-11-06 16:46:57,652][com.java.SeleniumDriver] [  800] - Test step:8
[INFO ][2015-11-06 16:46:57,652][com.java.SeleniumDriver] [  812] - Datavalue is----------null
[DEBUG][2015-11-06 16:46:57,652][com.java.SeleniumDriver] [  830] - Exception: null
[INFO ][2015-11-06 16:46:57,652][com.java.SeleniumDriver] [  836] - DataField : HDN//div[contains(text(),'My Favorite Report')]/following-sibling::div//span[@class="icon-remove"]
[INFO ][2015-11-06 16:46:57,652][com.java.SeleniumDriver] [  838] - DataValue : 
[INFO ][2015-11-06 16:46:57,652][com.java.SeleniumDriver] [  844] - <In Set values of the page>
[INFO ][2015-11-06 16:46:57,652][com.java.SeleniumDriver] [  847] - {Data Fields & Data Values Exist}
[INFO ][2015-11-06 16:46:57,653][com.java.SeleniumDriver] [  849] - --------------------------setting values-----------------------------
[INFO ][2015-11-06 16:46:57,653][com.java.SeleniumDriver] [  852] - Action Type : CLICK
[INFO ][2015-11-06 16:46:57,653][com.java.TestType] [ 4341] - Field ::HDN//div[contains(text(),'My Favorite Report')]/following-sibling::div//span[@class="icon-remove"]
[INFO ][2015-11-06 16:46:58,944][com.java.SeleniumDriver] [  861] -  RESULT true
[INFO ][2015-11-06 16:46:58,944][com.java.SeleniumDriver] [ 1066] - ?   P A S S   ?
[INFO ][2015-11-06 16:46:58,944][com.java.SeleniumDriver] [  788] - ------------------------------------------
[INFO ][2015-11-06 16:46:58,944][com.java.SeleniumDriver] [  789] - Test case being Executed: 4
[INFO ][2015-11-06 16:46:58,944][com.java.SeleniumDriver] [  800] - Test step:9
[INFO ][2015-11-06 16:46:58,944][com.java.SeleniumDriver] [  812] - Datavalue is----------null
[DEBUG][2015-11-06 16:46:58,944][com.java.SeleniumDriver] [  830] - Exception: null
[INFO ][2015-11-06 16:46:58,944][com.java.SeleniumDriver] [  836] - DataField : XPH//span[contains(text(),'No')]
[INFO ][2015-11-06 16:46:58,944][com.java.SeleniumDriver] [  838] - DataValue : 
[INFO ][2015-11-06 16:46:58,944][com.java.SeleniumDriver] [  844] - <In Set values of the page>
[INFO ][2015-11-06 16:46:58,944][com.java.SeleniumDriver] [  847] - {Data Fields & Data Values Exist}
[INFO ][2015-11-06 16:46:58,944][com.java.SeleniumDriver] [  849] - --------------------------setting values-----------------------------
[INFO ][2015-11-06 16:46:58,944][com.java.SeleniumDriver] [  852] - Action Type : WAITFORELEMENT
[INFO ][2015-11-06 16:46:58,987][com.java.SeleniumDriver] [  861] -  RESULT true
[INFO ][2015-11-06 16:46:58,987][com.java.SeleniumDriver] [ 1066] - ?   P A S S   ?
[INFO ][2015-11-06 16:46:58,987][com.java.SeleniumDriver] [  788] - ------------------------------------------
[INFO ][2015-11-06 16:46:58,987][com.java.SeleniumDriver] [  789] - Test case being Executed: 4
[INFO ][2015-11-06 16:46:58,987][com.java.SeleniumDriver] [  800] - Test step:10
[INFO ][2015-11-06 16:46:58,987][com.java.SeleniumDriver] [  812] - Datavalue is----------null
[DEBUG][2015-11-06 16:46:58,987][com.java.SeleniumDriver] [  830] - Exception: null
[INFO ][2015-11-06 16:46:58,987][com.java.SeleniumDriver] [  836] - DataField : XPH//span[contains(text(),'No')]
[INFO ][2015-11-06 16:46:58,988][com.java.SeleniumDriver] [  838] - DataValue : 
[INFO ][2015-11-06 16:46:58,988][com.java.SeleniumDriver] [  844] - <In Set values of the page>
[INFO ][2015-11-06 16:46:58,988][com.java.SeleniumDriver] [  847] - {Data Fields & Data Values Exist}
[INFO ][2015-11-06 16:46:58,988][com.java.SeleniumDriver] [  849] - --------------------------setting values-----------------------------
[INFO ][2015-11-06 16:46:58,988][com.java.SeleniumDriver] [  852] - Action Type : CLICK
[INFO ][2015-11-06 16:46:58,988][com.java.TestType] [ 4341] - Field ::XPH//span[contains(text(),'No')]
[INFO ][2015-11-06 16:46:59,988][com.java.TestType] [ 4400] - BEFORE CLICK
[INFO ][2015-11-06 16:47:00,939][com.java.TestType] [ 4408] - Unable to click the object No
[INFO ][2015-11-06 16:47:00,939][com.java.SeleniumDriver] [  861] -  RESULT true
[INFO ][2015-11-06 16:47:00,939][com.java.SeleniumDriver] [ 1066] - ?   P A S S   ?
[INFO ][2015-11-06 16:47:00,939][com.java.SeleniumDriver] [  788] - ------------------------------------------
[INFO ][2015-11-06 16:47:00,939][com.java.SeleniumDriver] [  789] - Test case being Executed: 4
[INFO ][2015-11-06 16:47:00,939][com.java.SeleniumDriver] [  800] - Test step:11
[INFO ][2015-11-06 16:47:00,939][com.java.SeleniumDriver] [  812] - Datavalue is----------null
[DEBUG][2015-11-06 16:47:00,939][com.java.SeleniumDriver] [  830] - Exception: null
[INFO ][2015-11-06 16:47:00,939][com.java.SeleniumDriver] [  836] - DataField : XPH//div[contains(text(),'My Margin')]/following-sibling::div//span[@class="icon-remove"]
[INFO ][2015-11-06 16:47:00,939][com.java.SeleniumDriver] [  838] - DataValue : 
[INFO ][2015-11-06 16:47:00,939][com.java.SeleniumDriver] [  844] - <In Set values of the page>
[INFO ][2015-11-06 16:47:00,939][com.java.SeleniumDriver] [  847] - {Data Fields & Data Values Exist}
[INFO ][2015-11-06 16:47:00,939][com.java.SeleniumDriver] [  849] - --------------------------setting values-----------------------------
[INFO ][2015-11-06 16:47:00,940][com.java.SeleniumDriver] [  852] - Action Type : WAITFORELEMENT
[INFO ][2015-11-06 16:47:01,013][com.java.SeleniumDriver] [  861] -  RESULT true
[INFO ][2015-11-06 16:47:01,013][com.java.SeleniumDriver] [ 1066] - ?   P A S S   ?
[INFO ][2015-11-06 16:47:01,013][com.java.SeleniumDriver] [  788] - ------------------------------------------
[INFO ][2015-11-06 16:47:01,013][com.java.SeleniumDriver] [  789] - Test case being Executed: 4
[INFO ][2015-11-06 16:47:01,013][com.java.SeleniumDriver] [  800] - Test step:12
[INFO ][2015-11-06 16:47:01,013][com.java.SeleniumDriver] [  812] - Datavalue is----------null
[DEBUG][2015-11-06 16:47:01,013][com.java.SeleniumDriver] [  830] - Exception: null
[INFO ][2015-11-06 16:47:01,013][com.java.SeleniumDriver] [  836] - DataField : HDN//div[contains(text(),'My Margin')]/following-sibling::div//span[@class="icon-remove"]
[INFO ][2015-11-06 16:47:01,013][com.java.SeleniumDriver] [  838] - DataValue : 
[INFO ][2015-11-06 16:47:01,014][com.java.SeleniumDriver] [  844] - <In Set values of the page>
[INFO ][2015-11-06 16:47:01,014][com.java.SeleniumDriver] [  847] - {Data Fields & Data Values Exist}
[INFO ][2015-11-06 16:47:01,014][com.java.SeleniumDriver] [  849] - --------------------------setting values-----------------------------
[INFO ][2015-11-06 16:47:01,014][com.java.SeleniumDriver] [  852] - Action Type : CLICK
[INFO ][2015-11-06 16:47:01,014][com.java.TestType] [ 4341] - Field ::HDN//div[contains(text(),'My Margin')]/following-sibling::div//span[@class="icon-remove"]
[INFO ][2015-11-06 16:47:02,282][com.java.SeleniumDriver] [  861] -  RESULT true
[INFO ][2015-11-06 16:47:02,282][com.java.SeleniumDriver] [ 1066] - ?   P A S S   ?
[INFO ][2015-11-06 16:47:02,282][com.java.SeleniumDriver] [  788] - ------------------------------------------
[INFO ][2015-11-06 16:47:02,282][com.java.SeleniumDriver] [  789] - Test case being Executed: 4
[INFO ][2015-11-06 16:47:02,282][com.java.SeleniumDriver] [  800] - Test step:13
[INFO ][2015-11-06 16:47:02,282][com.java.SeleniumDriver] [  812] - Datavalue is----------null
[DEBUG][2015-11-06 16:47:02,282][com.java.SeleniumDriver] [  830] - Exception: null
[INFO ][2015-11-06 16:47:02,282][com.java.SeleniumDriver] [  836] - DataField : XPH//span[contains(text(),'No')]
[INFO ][2015-11-06 16:47:02,282][com.java.SeleniumDriver] [  838] - DataValue : 
[INFO ][2015-11-06 16:47:02,282][com.java.SeleniumDriver] [  844] - <In Set values of the page>
[INFO ][2015-11-06 16:47:02,282][com.java.SeleniumDriver] [  847] - {Data Fields & Data Values Exist}
[INFO ][2015-11-06 16:47:02,282][com.java.SeleniumDriver] [  849] - --------------------------setting values-----------------------------
[INFO ][2015-11-06 16:47:02,282][com.java.SeleniumDriver] [  852] - Action Type : WAITFORELEMENT
[INFO ][2015-11-06 16:47:02,325][com.java.SeleniumDriver] [  861] -  RESULT true
[INFO ][2015-11-06 16:47:02,325][com.java.SeleniumDriver] [ 1066] - ?   P A S S   ?
[INFO ][2015-11-06 16:47:02,325][com.java.SeleniumDriver] [  788] - ------------------------------------------
[INFO ][2015-11-06 16:47:02,325][com.java.SeleniumDriver] [  789] - Test case being Executed: 4
[INFO ][2015-11-06 16:47:02,325][com.java.SeleniumDriver] [  800] - Test step:14
[INFO ][2015-11-06 16:47:02,325][com.java.SeleniumDriver] [  812] - Datavalue is----------null
[DEBUG][2015-11-06 16:47:02,325][com.java.SeleniumDriver] [  830] - Exception: null
[INFO ][2015-11-06 16:47:02,325][com.java.SeleniumDriver] [  836] - DataField : XPH//span[contains(text(),'No')]
[INFO ][2015-11-06 16:47:02,325][com.java.SeleniumDriver] [  838] - DataValue : 
[INFO ][2015-11-06 16:47:02,325][com.java.SeleniumDriver] [  844] - <In Set values of the page>
[INFO ][2015-11-06 16:47:02,325][com.java.SeleniumDriver] [  847] - {Data Fields & Data Values Exist}
[INFO ][2015-11-06 16:47:02,325][com.java.SeleniumDriver] [  849] - --------------------------setting values-----------------------------
[INFO ][2015-11-06 16:47:02,326][com.java.SeleniumDriver] [  852] - Action Type : CLICK
[INFO ][2015-11-06 16:47:02,326][com.java.TestType] [ 4341] - Field ::XPH//span[contains(text(),'No')]
[INFO ][2015-11-06 16:47:03,326][com.java.TestType] [ 4400] - BEFORE CLICK
[INFO ][2015-11-06 16:47:04,255][com.java.TestType] [ 4408] - Unable to click the object No
[INFO ][2015-11-06 16:47:04,255][com.java.SeleniumDriver] [  861] -  RESULT true
[INFO ][2015-11-06 16:47:04,255][com.java.SeleniumDriver] [ 1066] - ?   P A S S   ?
[INFO ][2015-11-06 16:47:04,255][com.java.SeleniumDriver] [  788] - ------------------------------------------
[INFO ][2015-11-06 16:47:04,255][com.java.SeleniumDriver] [  789] - Test case being Executed: 4
[INFO ][2015-11-06 16:47:04,255][com.java.SeleniumDriver] [  800] - Test step:15
[INFO ][2015-11-06 16:47:04,255][com.java.SeleniumDriver] [  812] - Datavalue is----------null
[DEBUG][2015-11-06 16:47:04,255][com.java.SeleniumDriver] [  830] - Exception: null
[INFO ][2015-11-06 16:47:04,255][com.java.SeleniumDriver] [  836] - DataField : XPH//div[contains(text(),'New/Renewed Loans vs CD')]/following-sibling::div//span[@class="icon-remove"]
[INFO ][2015-11-06 16:47:04,255][com.java.SeleniumDriver] [  838] - DataValue : 
[INFO ][2015-11-06 16:47:04,255][com.java.SeleniumDriver] [  844] - <In Set values of the page>
[INFO ][2015-11-06 16:47:04,255][com.java.SeleniumDriver] [  847] - {Data Fields & Data Values Exist}
[INFO ][2015-11-06 16:47:04,255][com.java.SeleniumDriver] [  849] - --------------------------setting values-----------------------------
[INFO ][2015-11-06 16:47:04,256][com.java.SeleniumDriver] [  852] - Action Type : WAITFORELEMENT
[INFO ][2015-11-06 16:47:04,330][com.java.SeleniumDriver] [  861] -  RESULT true
[INFO ][2015-11-06 16:47:04,330][com.java.SeleniumDriver] [ 1066] - ?   P A S S   ?
[INFO ][2015-11-06 16:47:04,330][com.java.SeleniumDriver] [  788] - ------------------------------------------
[INFO ][2015-11-06 16:47:04,330][com.java.SeleniumDriver] [  789] - Test case being Executed: 4
[INFO ][2015-11-06 16:47:04,330][com.java.SeleniumDriver] [  800] - Test step:16
[INFO ][2015-11-06 16:47:04,330][com.java.SeleniumDriver] [  812] - Datavalue is----------null
[DEBUG][2015-11-06 16:47:04,331][com.java.SeleniumDriver] [  830] - Exception: null
[INFO ][2015-11-06 16:47:04,331][com.java.SeleniumDriver] [  836] - DataField : HDN//div[contains(text(),'New/Renewed Loans vs CD')]/following-sibling::div//span[@class="icon-remove"]
[INFO ][2015-11-06 16:47:04,331][com.java.SeleniumDriver] [  838] - DataValue : 
[INFO ][2015-11-06 16:47:04,331][com.java.SeleniumDriver] [  844] - <In Set values of the page>
[INFO ][2015-11-06 16:47:04,331][com.java.SeleniumDriver] [  847] - {Data Fields & Data Values Exist}
[INFO ][2015-11-06 16:47:04,331][com.java.SeleniumDriver] [  849] - --------------------------setting values-----------------------------
[INFO ][2015-11-06 16:47:04,331][com.java.SeleniumDriver] [  852] - Action Type : CLICK
[INFO ][2015-11-06 16:47:04,331][com.java.TestType] [ 4341] - Field ::HDN//div[contains(text(),'New/Renewed Loans vs CD')]/following-sibling::div//span[@class="icon-remove"]
[INFO ][2015-11-06 16:47:05,601][com.java.SeleniumDriver] [  861] -  RESULT true
[INFO ][2015-11-06 16:47:05,601][com.java.SeleniumDriver] [ 1066] - ?   P A S S   ?
[INFO ][2015-11-06 16:47:05,601][com.java.SeleniumDriver] [  788] - ------------------------------------------
[INFO ][2015-11-06 16:47:05,601][com.java.SeleniumDriver] [  789] - Test case being Executed: 4
[INFO ][2015-11-06 16:47:05,601][com.java.SeleniumDriver] [  800] - Test step:17
[INFO ][2015-11-06 16:47:05,601][com.java.SeleniumDriver] [  812] - Datavalue is----------null
[DEBUG][2015-11-06 16:47:05,601][com.java.SeleniumDriver] [  830] - Exception: null
[INFO ][2015-11-06 16:47:05,601][com.java.SeleniumDriver] [  836] - DataField : XPH//span[contains(text(),'No')]
[INFO ][2015-11-06 16:47:05,601][com.java.SeleniumDriver] [  838] - DataValue : 
[INFO ][2015-11-06 16:47:05,601][com.java.SeleniumDriver] [  844] - <In Set values of the page>
[INFO ][2015-11-06 16:47:05,601][com.java.SeleniumDriver] [  847] - {Data Fields & Data Values Exist}
[INFO ][2015-11-06 16:47:05,601][com.java.SeleniumDriver] [  849] - --------------------------setting values-----------------------------
[INFO ][2015-11-06 16:47:05,601][com.java.SeleniumDriver] [  852] - Action Type : WAITFORELEMENT
[INFO ][2015-11-06 16:47:05,645][com.java.SeleniumDriver] [  861] -  RESULT true
[INFO ][2015-11-06 16:47:05,645][com.java.SeleniumDriver] [ 1066] - ?   P A S S   ?
[INFO ][2015-11-06 16:47:05,645][com.java.SeleniumDriver] [  788] - ------------------------------------------
[INFO ][2015-11-06 16:47:05,645][com.java.SeleniumDriver] [  789] - Test case being Executed: 4
[INFO ][2015-11-06 16:47:05,645][com.java.SeleniumDriver] [  800] - Test step:18
[INFO ][2015-11-06 16:47:05,645][com.java.SeleniumDriver] [  812] - Datavalue is----------null
[DEBUG][2015-11-06 16:47:05,645][com.java.SeleniumDriver] [  830] - Exception: null
[INFO ][2015-11-06 16:47:05,645][com.java.SeleniumDriver] [  836] - DataField : XPH//span[contains(text(),'No')]
[INFO ][2015-11-06 16:47:05,645][com.java.SeleniumDriver] [  838] - DataValue : 
[INFO ][2015-11-06 16:47:05,646][com.java.SeleniumDriver] [  844] - <In Set values of the page>
[INFO ][2015-11-06 16:47:05,646][com.java.SeleniumDriver] [  847] - {Data Fields & Data Values Exist}
[INFO ][2015-11-06 16:47:05,646][com.java.SeleniumDriver] [  849] - --------------------------setting values-----------------------------
[INFO ][2015-11-06 16:47:05,646][com.java.SeleniumDriver] [  852] - Action Type : CLICK
[INFO ][2015-11-06 16:47:05,646][com.java.TestType] [ 4341] - Field ::XPH//span[contains(text(),'No')]
[INFO ][2015-11-06 16:47:06,646][com.java.TestType] [ 4400] - BEFORE CLICK
[INFO ][2015-11-06 16:47:07,609][com.java.TestType] [ 4408] - Unable to click the object No
[INFO ][2015-11-06 16:47:07,609][com.java.SeleniumDriver] [  861] -  RESULT true
[INFO ][2015-11-06 16:47:07,609][com.java.SeleniumDriver] [ 1066] - ?   P A S S   ?
[INFO ][2015-11-06 16:47:07,609][com.java.SeleniumDriver] [  788] - ------------------------------------------
[INFO ][2015-11-06 16:47:07,609][com.java.SeleniumDriver] [  789] - Test case being Executed: 4
[INFO ][2015-11-06 16:47:07,609][com.java.SeleniumDriver] [  800] - Test step:19
[INFO ][2015-11-06 16:47:07,609][com.java.SeleniumDriver] [  812] - Datavalue is----------null
[DEBUG][2015-11-06 16:47:07,609][com.java.SeleniumDriver] [  830] - Exception: null
[INFO ][2015-11-06 16:47:07,609][com.java.SeleniumDriver] [  836] - DataField : XPH//div[contains(text(),'Fed Funds Futures Curve')]/following-sibling::div//span[@class="icon-remove"]
[INFO ][2015-11-06 16:47:07,609][com.java.SeleniumDriver] [  838] - DataValue : 
[INFO ][2015-11-06 16:47:07,609][com.java.SeleniumDriver] [  844] - <In Set values of the page>
[INFO ][2015-11-06 16:47:07,609][com.java.SeleniumDriver] [  847] - {Data Fields & Data Values Exist}
[INFO ][2015-11-06 16:47:07,609][com.java.SeleniumDriver] [  849] - --------------------------setting values-----------------------------
[INFO ][2015-11-06 16:47:07,610][com.java.SeleniumDriver] [  852] - Action Type : WAITFORELEMENT
[INFO ][2015-11-06 16:47:07,704][com.java.SeleniumDriver] [  861] -  RESULT true
[INFO ][2015-11-06 16:47:07,704][com.java.SeleniumDriver] [ 1066] - ?   P A S S   ?
[INFO ][2015-11-06 16:47:07,704][com.java.SeleniumDriver] [  788] - ------------------------------------------
[INFO ][2015-11-06 16:47:07,704][com.java.SeleniumDriver] [  789] - Test case being Executed: 4
[INFO ][2015-11-06 16:47:07,704][com.java.SeleniumDriver] [  800] - Test step:20
[INFO ][2015-11-06 16:47:07,704][com.java.SeleniumDriver] [  812] - Datavalue is----------null
[DEBUG][2015-11-06 16:47:07,704][com.java.SeleniumDriver] [  830] - Exception: null
[INFO ][2015-11-06 16:47:07,704][com.java.SeleniumDriver] [  836] - DataField : HDN//div[contains(text(),'Fed Funds Futures Curve')]/following-sibling::div//span[@class="icon-remove"]
[INFO ][2015-11-06 16:47:07,704][com.java.SeleniumDriver] [  838] - DataValue : 
[INFO ][2015-11-06 16:47:07,704][com.java.SeleniumDriver] [  844] - <In Set values of the page>
[INFO ][2015-11-06 16:47:07,705][com.java.SeleniumDriver] [  847] - {Data Fields & Data Values Exist}
[INFO ][2015-11-06 16:47:07,705][com.java.SeleniumDriver] [  849] - --------------------------setting values-----------------------------
[INFO ][2015-11-06 16:47:07,705][com.java.SeleniumDriver] [  852] - Action Type : CLICK
[INFO ][2015-11-06 16:47:07,705][com.java.TestType] [ 4341] - Field ::HDN//div[contains(text(),'Fed Funds Futures Curve')]/following-sibling::div//span[@class="icon-remove"]
[INFO ][2015-11-06 16:47:08,987][com.java.SeleniumDriver] [  861] -  RESULT true
[INFO ][2015-11-06 16:47:08,987][com.java.SeleniumDriver] [ 1066] - ?   P A S S   ?
[INFO ][2015-11-06 16:47:08,987][com.java.SeleniumDriver] [  788] - ------------------------------------------
[INFO ][2015-11-06 16:47:08,987][com.java.SeleniumDriver] [  789] - Test case being Executed: 4
[INFO ][2015-11-06 16:47:08,987][com.java.SeleniumDriver] [  800] - Test step:21
[INFO ][2015-11-06 16:47:08,987][com.java.SeleniumDriver] [  812] - Datavalue is----------null
[DEBUG][2015-11-06 16:47:08,987][com.java.SeleniumDriver] [  830] - Exception: null
[INFO ][2015-11-06 16:47:08,987][com.java.SeleniumDriver] [  836] - DataField : XPH//span[contains(text(),'Yes')]
[INFO ][2015-11-06 16:47:08,987][com.java.SeleniumDriver] [  838] - DataValue : 
[INFO ][2015-11-06 16:47:08,987][com.java.SeleniumDriver] [  844] - <In Set values of the page>
[INFO ][2015-11-06 16:47:08,987][com.java.SeleniumDriver] [  847] - {Data Fields & Data Values Exist}
[INFO ][2015-11-06 16:47:08,987][com.java.SeleniumDriver] [  849] - --------------------------setting values-----------------------------
[INFO ][2015-11-06 16:47:08,988][com.java.SeleniumDriver] [  852] - Action Type : WAITFORELEMENT
[INFO ][2015-11-06 16:47:09,030][com.java.SeleniumDriver] [  861] -  RESULT true
[INFO ][2015-11-06 16:47:09,030][com.java.SeleniumDriver] [ 1066] - ?   P A S S   ?
[INFO ][2015-11-06 16:47:09,030][com.java.SeleniumDriver] [  788] - ------------------------------------------
[INFO ][2015-11-06 16:47:09,030][com.java.SeleniumDriver] [  789] - Test case being Executed: 4
[INFO ][2015-11-06 16:47:09,030][com.java.SeleniumDriver] [  800] - Test step:22
[INFO ][2015-11-06 16:47:09,030][com.java.SeleniumDriver] [  812] - Datavalue is----------null
[DEBUG][2015-11-06 16:47:09,030][com.java.SeleniumDriver] [  830] - Exception: null
[INFO ][2015-11-06 16:47:09,030][com.java.SeleniumDriver] [  836] - DataField : XPH//span[contains(text(),'Yes')]
[INFO ][2015-11-06 16:47:09,031][com.java.SeleniumDriver] [  838] - DataValue : 
[INFO ][2015-11-06 16:47:09,031][com.java.SeleniumDriver] [  844] - <In Set values of the page>
[INFO ][2015-11-06 16:47:09,031][com.java.SeleniumDriver] [  847] - {Data Fields & Data Values Exist}
[INFO ][2015-11-06 16:47:09,031][com.java.SeleniumDriver] [  849] - --------------------------setting values-----------------------------
[INFO ][2015-11-06 16:47:09,031][com.java.SeleniumDriver] [  852] - Action Type : CLICK
[INFO ][2015-11-06 16:47:09,031][com.java.TestType] [ 4341] - Field ::XPH//span[contains(text(),'Yes')]
[INFO ][2015-11-06 16:47:10,031][com.java.TestType] [ 4400] - BEFORE CLICK
[INFO ][2015-11-06 16:47:10,975][com.java.TestType] [ 4408] - Unable to click the object Yes
[INFO ][2015-11-06 16:47:10,975][com.java.SeleniumDriver] [  861] -  RESULT true
[INFO ][2015-11-06 16:47:10,975][com.java.SeleniumDriver] [ 1066] - ?   P A S S   ?
[INFO ][2015-11-06 16:47:10,975][com.java.SeleniumDriver] [  788] - ------------------------------------------
[INFO ][2015-11-06 16:47:10,975][com.java.SeleniumDriver] [  789] - Test case being Executed: 4
[INFO ][2015-11-06 16:47:10,975][com.java.SeleniumDriver] [  800] - Test step:23
[INFO ][2015-11-06 16:47:10,975][com.java.SeleniumDriver] [  812] - Datavalue is----------null
[DEBUG][2015-11-06 16:47:10,975][com.java.SeleniumDriver] [  830] - Exception: null
[INFO ][2015-11-06 16:47:10,975][com.java.SeleniumDriver] [  836] - DataField : XPH//div[@class="menu"]//span[@class="icon-pencil2"]
[INFO ][2015-11-06 16:47:10,975][com.java.SeleniumDriver] [  838] - DataValue : 
[INFO ][2015-11-06 16:47:10,975][com.java.SeleniumDriver] [  844] - <In Set values of the page>
[INFO ][2015-11-06 16:47:10,975][com.java.SeleniumDriver] [  847] - {Data Fields & Data Values Exist}
[INFO ][2015-11-06 16:47:10,975][com.java.SeleniumDriver] [  849] - --------------------------setting values-----------------------------
[INFO ][2015-11-06 16:47:10,976][com.java.SeleniumDriver] [  852] - Action Type : WAITFORELEMENT
[INFO ][2015-11-06 16:47:11,059][com.java.SeleniumDriver] [  861] -  RESULT true
[INFO ][2015-11-06 16:47:11,059][com.java.SeleniumDriver] [ 1066] - ?   P A S S   ?
[DEBUG][2015-11-06 16:47:11,059][com.java.SeleniumDriver] [ 1168] - Case found
[DEBUG][2015-11-06 16:47:11,059][com.java.SeleniumDriver] [ 1173] - Incrementing ReportCounters[0]:4
[INFO ][2015-11-06 16:47:11,059][com.java.SeleniumDriver] [ 1192] - The results are-------------------[4, 1, Start Page: Edit Content, Pass, , Fri Nov 06 16:46:51 IST 2015, 4, 2, Start Page: Edit Content, Pass, , Fri Nov 06 16:46:53 IST 2015, 4, 3, Start Page: Edit Content, Pass, , Fri Nov 06 16:46:53 IST 2015, 4, 4, Start Page: Edit Content, Pass, , Fri Nov 06 16:46:55 IST 2015, 4, 5, Start Page: Edit Content, Pass, , Fri Nov 06 16:46:55 IST 2015, 4, 6, Start Page: Edit Content, Pass, , Fri Nov 06 16:46:57 IST 2015, 4, 7, Start Page: Edit Content, Pass, , Fri Nov 06 16:46:57 IST 2015, 4, 8, Start Page: Edit Content, Pass, , Fri Nov 06 16:46:58 IST 2015, 4, 9, Start Page: Edit Content, Pass, , Fri Nov 06 16:46:58 IST 2015, 4, 10, Start Page: Edit Content, Pass, , Fri Nov 06 16:47:00 IST 2015, 4, 11, Start Page: Edit Content, Pass, , Fri Nov 06 16:47:01 IST 2015, 4, 12, Start Page: Edit Content, Pass, , Fri Nov 06 16:47:02 IST 2015, 4, 13, Start Page: Edit Content, Pass, , Fri Nov 06 16:47:02 IST 2015, 4, 14, Start Page: Edit Content, Pass, , Fri Nov 06 16:47:04 IST 2015, 4, 15, Start Page: Edit Content, Pass, , Fri Nov 06 16:47:04 IST 2015, 4, 16, Start Page: Edit Content, Pass, , Fri Nov 06 16:47:05 IST 2015, 4, 17, Start Page: Edit Content, Pass, , Fri Nov 06 16:47:05 IST 2015, 4, 18, Start Page: Edit Content, Pass, , Fri Nov 06 16:47:07 IST 2015, 4, 19, Start Page: Edit Content, Pass, , Fri Nov 06 16:47:07 IST 2015, 4, 20, Start Page: Edit Content, Pass, , Fri Nov 06 16:47:08 IST 2015, 4, 21, Start Page: Edit Content, Pass, , Fri Nov 06 16:47:09 IST 2015, 4, 22, Start Page: Edit Content, Pass, , Fri Nov 06 16:47:10 IST 2015, 4, 23, Start Page: Edit Content, Pass, , Fri Nov 06 16:47:11 IST 2015]
[INFO ][2015-11-06 16:47:11,059][com.java.SeleniumDriver] [ 1196] - End time is-------2 min 43 sec
[INFO ][2015-11-06 16:47:11,059][com.java.SeleniumDriver] [ 1197] - The results are-------------------[4, 1, Start Page: Edit Content, Pass, , Fri Nov 06 16:46:51 IST 2015, 4, 2, Start Page: Edit Content, Pass, , Fri Nov 06 16:46:53 IST 2015, 4, 3, Start Page: Edit Content, Pass, , Fri Nov 06 16:46:53 IST 2015, 4, 4, Start Page: Edit Content, Pass, , Fri Nov 06 16:46:55 IST 2015, 4, 5, Start Page: Edit Content, Pass, , Fri Nov 06 16:46:55 IST 2015, 4, 6, Start Page: Edit Content, Pass, , Fri Nov 06 16:46:57 IST 2015, 4, 7, Start Page: Edit Content, Pass, , Fri Nov 06 16:46:57 IST 2015, 4, 8, Start Page: Edit Content, Pass, , Fri Nov 06 16:46:58 IST 2015, 4, 9, Start Page: Edit Content, Pass, , Fri Nov 06 16:46:58 IST 2015, 4, 10, Start Page: Edit Content, Pass, , Fri Nov 06 16:47:00 IST 2015, 4, 11, Start Page: Edit Content, Pass, , Fri Nov 06 16:47:01 IST 2015, 4, 12, Start Page: Edit Content, Pass, , Fri Nov 06 16:47:02 IST 2015, 4, 13, Start Page: Edit Content, Pass, , Fri Nov 06 16:47:02 IST 2015, 4, 14, Start Page: Edit Content, Pass, , Fri Nov 06 16:47:04 IST 2015, 4, 15, Start Page: Edit Content, Pass, , Fri Nov 06 16:47:04 IST 2015, 4, 16, Start Page: Edit Content, Pass, , Fri Nov 06 16:47:05 IST 2015, 4, 17, Start Page: Edit Content, Pass, , Fri Nov 06 16:47:05 IST 2015, 4, 18, Start Page: Edit Content, Pass, , Fri Nov 06 16:47:07 IST 2015, 4, 19, Start Page: Edit Content, Pass, , Fri Nov 06 16:47:07 IST 2015, 4, 20, Start Page: Edit Content, Pass, , Fri Nov 06 16:47:08 IST 2015, 4, 21, Start Page: Edit Content, Pass, , Fri Nov 06 16:47:09 IST 2015, 4, 22, Start Page: Edit Content, Pass, , Fri Nov 06 16:47:10 IST 2015, 4, 23, Start Page: Edit Content, Pass, , Fri Nov 06 16:47:11 IST 2015]
[DEBUG][2015-11-06 16:47:11,059][com.java.ImportnExport.ExportTestResultsExcel] [  222] - testResultPath = D:\BankersDashboard/TestReports/Test Results_BankersDashBoard_110615_164429_IE11_Bank of North Carolina.xls
[DEBUG][2015-11-06 16:47:11,059][com.java.ImportnExport.ExportTestResultsExcel] [  223] - browser is------------IE11
[DEBUG][2015-11-06 16:47:11,062][com.java.ImportnExport.ExportTestResultsExcel] [  270] - result.size() = 138
[DEBUG][2015-11-06 16:47:11,062][com.java.ImportnExport.ExportTestResultsExcel] [  274] - No of rows in sheet=4
[DEBUG][2015-11-06 16:47:11,062][com.java.ImportnExport.ExportTestResultsExcel] [  301] - ..in export..4
[DEBUG][2015-11-06 16:47:11,062][com.java.ImportnExport.ExportTestResultsExcel] [  301] - ..in export..Start Page: Edit Content
[DEBUG][2015-11-06 16:47:11,062][com.java.ImportnExport.ExportTestResultsExcel] [  301] - ..in export..Pass
[DEBUG][2015-11-06 16:47:11,062][com.java.ImportnExport.ExportTestResultsExcel] [  301] - ..in export..
[DEBUG][2015-11-06 16:47:11,062][com.java.ImportnExport.ExportTestResultsExcel] [  301] - ..in export..Fri Nov 06 16:46:51 IST 2015
[INFO ][2015-11-06 16:47:11,063][com.java.SeleniumDriver] [ 1255] - out loop:3 size:7 TestCases:[1, 2, 3, 4, 5, 6, 7] testcases:[1, 2, 3, 4, 5, 6, 7]
[INFO ][2015-11-06 16:47:11,063][com.java.ImportnExport.ImportTestDataDetailsExcel] [   49] - test data details path===== D:\BankersDashboard\TestInputs\TestData.xls
[INFO ][2015-11-06 16:47:32,245][com.java.SeleniumDriver] [  788] - ------------------------------------------
[INFO ][2015-11-06 16:47:32,245][com.java.SeleniumDriver] [  789] - Test case being Executed: 5
[INFO ][2015-11-06 16:47:32,245][com.java.SeleniumDriver] [  800] - Test step:1
[INFO ][2015-11-06 16:47:32,245][com.java.SeleniumDriver] [  812] - Datavalue is----------null
[DEBUG][2015-11-06 16:47:32,245][com.java.SeleniumDriver] [  830] - Exception: null
[INFO ][2015-11-06 16:47:32,245][com.java.SeleniumDriver] [  836] - DataField : LNKG/L
[INFO ][2015-11-06 16:47:32,245][com.java.SeleniumDriver] [  838] - DataValue : 
[INFO ][2015-11-06 16:47:32,245][com.java.SeleniumDriver] [  844] - <In Set values of the page>
[INFO ][2015-11-06 16:47:32,245][com.java.SeleniumDriver] [  847] - {Data Fields & Data Values Exist}
[INFO ][2015-11-06 16:47:32,245][com.java.SeleniumDriver] [  849] - --------------------------setting values-----------------------------
[INFO ][2015-11-06 16:47:32,245][com.java.SeleniumDriver] [  852] - Action Type : WAITFORELEMENT
[INFO ][2015-11-06 16:47:32,309][com.java.SeleniumDriver] [  861] -  RESULT true
[INFO ][2015-11-06 16:47:32,309][com.java.SeleniumDriver] [ 1066] - ?   P A S S   ?
[INFO ][2015-11-06 16:47:32,309][com.java.SeleniumDriver] [  788] - ------------------------------------------
[INFO ][2015-11-06 16:47:32,310][com.java.SeleniumDriver] [  789] - Test case being Executed: 5
[INFO ][2015-11-06 16:47:32,310][com.java.SeleniumDriver] [  800] - Test step:2
[INFO ][2015-11-06 16:47:32,310][com.java.SeleniumDriver] [  812] - Datavalue is----------null
[DEBUG][2015-11-06 16:47:32,310][com.java.SeleniumDriver] [  830] - Exception: null
[INFO ][2015-11-06 16:47:32,310][com.java.SeleniumDriver] [  836] - DataField : XPH//div[@class="menu"]//span[@class="icon-plus"]
[INFO ][2015-11-06 16:47:32,310][com.java.SeleniumDriver] [  838] - DataValue : 
[INFO ][2015-11-06 16:47:32,310][com.java.SeleniumDriver] [  844] - <In Set values of the page>
[INFO ][2015-11-06 16:47:32,310][com.java.SeleniumDriver] [  847] - {Data Fields & Data Values Exist}
[INFO ][2015-11-06 16:47:32,310][com.java.SeleniumDriver] [  849] - --------------------------setting values-----------------------------
[INFO ][2015-11-06 16:47:32,310][com.java.SeleniumDriver] [  852] - Action Type : CLICK
[INFO ][2015-11-06 16:47:32,310][com.java.TestType] [ 4341] - Field ::XPH//div[@class="menu"]//span[@class="icon-plus"]
[INFO ][2015-11-06 16:47:33,310][com.java.TestType] [ 4400] - BEFORE CLICK
[INFO ][2015-11-06 16:47:34,143][com.java.TestType] [ 4408] - Unable to click the object Add Content
[INFO ][2015-11-06 16:47:34,143][com.java.SeleniumDriver] [  861] -  RESULT true
[INFO ][2015-11-06 16:47:34,143][com.java.SeleniumDriver] [ 1066] - ?   P A S S   ?
[INFO ][2015-11-06 16:47:34,143][com.java.SeleniumDriver] [  788] - ------------------------------------------
[INFO ][2015-11-06 16:47:34,143][com.java.SeleniumDriver] [  789] - Test case being Executed: 5
[INFO ][2015-11-06 16:47:34,143][com.java.SeleniumDriver] [  800] - Test step:3
[INFO ][2015-11-06 16:47:34,143][com.java.SeleniumDriver] [  812] - Datavalue is----------null
[DEBUG][2015-11-06 16:47:34,143][com.java.SeleniumDriver] [  830] - Exception: null
[INFO ][2015-11-06 16:47:34,143][com.java.SeleniumDriver] [  836] - DataField : BTNframeDialogContent
[INFO ][2015-11-06 16:47:34,143][com.java.SeleniumDriver] [  838] - DataValue : 
[INFO ][2015-11-06 16:47:34,143][com.java.SeleniumDriver] [  844] - <In Set values of the page>
[INFO ][2015-11-06 16:47:34,144][com.java.SeleniumDriver] [  847] - {Data Fields & Data Values Exist}
[INFO ][2015-11-06 16:47:34,144][com.java.SeleniumDriver] [  849] - --------------------------setting values-----------------------------
[INFO ][2015-11-06 16:47:34,144][com.java.SeleniumDriver] [  852] - Action Type : SELECTFRAME
[INFO ][2015-11-06 16:47:35,419][com.java.SeleniumDriver] [  861] -  RESULT true
[INFO ][2015-11-06 16:47:35,419][com.java.SeleniumDriver] [ 1066] - ?   P A S S   ?
[INFO ][2015-11-06 16:47:35,419][com.java.SeleniumDriver] [  788] - ------------------------------------------
[INFO ][2015-11-06 16:47:35,419][com.java.SeleniumDriver] [  789] - Test case being Executed: 5
[INFO ][2015-11-06 16:47:35,419][com.java.SeleniumDriver] [  800] - Test step:4
[INFO ][2015-11-06 16:47:35,419][com.java.SeleniumDriver] [  812] - Datavalue is----------null
[DEBUG][2015-11-06 16:47:35,419][com.java.SeleniumDriver] [  830] - Exception: null
[INFO ][2015-11-06 16:47:35,419][com.java.SeleniumDriver] [  836] - DataField : BTNnextButton
[INFO ][2015-11-06 16:47:35,421][com.java.SeleniumDriver] [  838] - DataValue : 
[INFO ][2015-11-06 16:47:35,421][com.java.SeleniumDriver] [  844] - <In Set values of the page>
[INFO ][2015-11-06 16:47:35,421][com.java.SeleniumDriver] [  847] - {Data Fields & Data Values Exist}
[INFO ][2015-11-06 16:47:35,421][com.java.SeleniumDriver] [  849] - --------------------------setting values-----------------------------
[INFO ][2015-11-06 16:47:35,421][com.java.SeleniumDriver] [  852] - Action Type : WAITFORELEMENT
