[INFO ][2016-01-06 16:01:56,426][com.java.SeleniumDriver] [  213] - Execute Failed Casesfalse
[INFO ][2016-01-06 16:01:56,426][com.java.SeleniumDriver] [  214] - Browser: IE10
[INFO ][2016-01-06 16:01:56,427][com.java.SeleniumDriver] [  215] - [1, 6]
[INFO ][2016-01-06 16:01:56,427][com.java.SeleniumDriver] [  216] - Total TestCases:2
[INFO ][2016-01-06 16:01:56,427][com.java.SeleniumDriver] [  217] -  Reading Properties from Property File 
[DEBUG][2016-01-06 16:01:56,427][com.java.SeleniumDriver] [  238] - url : https://clients-xuat.bankersdashboard.com
[INFO ][2016-01-06 16:01:56,428][com.java.ImportnExport.ExportTestResultsExcel] [  116] - Time Stamp Wed Jan 06 04:01:56 IST 2016
[INFO ][2016-01-06 16:01:56,428][com.java.ImportnExport.ExportTestResultsExcel] [  175] - OUT FILE : D:\BankersDashboard/TestReports/Test Results_BankersDashBoard_010616_160156_IE10_United Bank.xls
[INFO ][2016-01-06 16:01:56,459][com.java.ImportnExport.ExportTestResultsExcel] [  180] - Test Result file is created
[DEBUG][2016-01-06 16:01:56,572][com.java.SeleniumDriver] [  426] - Hub ip address is-------172.17.68.34
[INFO ][2016-01-06 16:01:56,573][com.java.SeleniumDriver] [  452] - Grid URL:http://172.17.68.34:4444/wd/hub
[INFO ][2016-01-06 16:01:56,573][com.java.SeleniumDriver] [  453] - Capability:Capabilities [{platform=ANY, ensureCleanSession=true, ignoreProtectedModeSettings=true, acceptSslCerts=true, ignoreZoomSetting=true, browserName=internet explorer, browserstack.ie.noFlash=true, version=null}]
[ERROR][2016-01-06 16:01:57,904][com.java.SeleniumDriver] [  498] - Unable invoke browser in grid:Could not start a new session. Possible causes are invalid address of the remote server or browser start-up failure.
Build info: version: '2.48.2', revision: '41bccdd', time: '2015-10-09 19:59:12'
System info: host: 'FVTIII438F1D', ip: '172.17.68.34', os.name: 'Windows 7', os.arch: 'x86', os.version: '6.1', java.version: '1.7.0_55'
Driver info: driver.version: SeleniumDriver
[INFO ][2016-01-06 16:01:57,904][com.java.SeleniumDriver] [  500] - Executing on local machine
[INFO ][2016-01-06 16:02:08,169][com.java.SeleniumDriver] [  248] - IE10is opened
[INFO ][2016-01-06 16:02:08,815][com.java.SeleniumDriver] [  756] - Test cases to be executed are: [1, 6]
[INFO ][2016-01-06 16:02:08,837][com.java.ImportnExport.ImportTestDataDetailsExcel] [   49] - test data details path===== D:\BankersDashboard\TestInputs\TestData.xls
[INFO ][2016-01-06 16:02:08,929][com.java.SeleniumDriver] [  832] - ------------------------------------------
[INFO ][2016-01-06 16:02:08,929][com.java.SeleniumDriver] [  833] - Test case being Executed: 1
[INFO ][2016-01-06 16:02:08,929][com.java.SeleniumDriver] [  845] - Test step:1
[INFO ][2016-01-06 16:02:08,929][com.java.SeleniumDriver] [  857] - Datavalue is----------Concept#1:1-16
[INFO ][2016-01-06 16:02:08,930][com.java.SeleniumDriver] [  881] - DataField : test
[INFO ][2016-01-06 16:02:08,930][com.java.SeleniumDriver] [  883] - DataValue : Concept#1:1-16
[INFO ][2016-01-06 16:02:08,930][com.java.SeleniumDriver] [  889] - <In Set values of the page>
[INFO ][2016-01-06 16:02:08,930][com.java.SeleniumDriver] [  892] - {Data Fields & Data Values Exist}
[INFO ][2016-01-06 16:02:08,930][com.java.SeleniumDriver] [  894] - --------------------------setting values-----------------------------
[INFO ][2016-01-06 16:02:08,930][com.java.SeleniumDriver] [  897] - Action Type : ExecuteTestCase
[INFO ][2016-01-06 16:02:08,950][com.java.TestType] [  437] - The Concept sheet name is ---------- Concept
[INFO ][2016-01-06 16:02:08,950][com.java.TestType] [  440] - The Concept ID  is ---------- 1
[DEBUG][2016-01-06 16:02:08,950][com.java.TestType] [  444] - Steps being executted in the Concept are: 1:16
[INFO ][2016-01-06 16:02:08,950][com.java.TestType] [  451] - Test data details path ---------- D:\BankersDashboard\TestInputs\TestData.xls
[INFO ][2016-01-06 16:02:08,982][com.java.TestType] [  482] -  str(1) = 1
[INFO ][2016-01-06 16:02:08,982][com.java.TestType] [  485] - Test case Id is---1
[INFO ][2016-01-06 16:02:08,982][com.java.TestType] [  487] - 1
[INFO ][2016-01-06 16:02:08,982][com.java.TestType] [  482] -  str(2) = 1
[INFO ][2016-01-06 16:02:08,985][com.java.TestType] [  482] -  str(1) = 1
[INFO ][2016-01-06 16:02:08,985][com.java.TestType] [  485] - Test case Id is---1
[INFO ][2016-01-06 16:02:08,985][com.java.TestType] [  487] - 1
[INFO ][2016-01-06 16:02:08,985][com.java.TestType] [  482] -  str(2) = 2
[INFO ][2016-01-06 16:02:08,986][com.java.TestType] [  482] -  str(1) = 1
[INFO ][2016-01-06 16:02:08,986][com.java.TestType] [  485] - Test case Id is---1
[INFO ][2016-01-06 16:02:08,986][com.java.TestType] [  487] - 1
[INFO ][2016-01-06 16:02:08,987][com.java.TestType] [  482] -  str(2) = 3
[INFO ][2016-01-06 16:02:08,988][com.java.TestType] [  482] -  str(1) = 1
[INFO ][2016-01-06 16:02:08,988][com.java.TestType] [  485] - Test case Id is---1
[INFO ][2016-01-06 16:02:08,988][com.java.TestType] [  487] - 1
[INFO ][2016-01-06 16:02:08,988][com.java.TestType] [  482] -  str(2) = 4
[INFO ][2016-01-06 16:02:08,991][com.java.TestType] [  482] -  str(1) = 1
[INFO ][2016-01-06 16:02:08,991][com.java.TestType] [  485] - Test case Id is---1
[INFO ][2016-01-06 16:02:08,991][com.java.TestType] [  487] - 1
[INFO ][2016-01-06 16:02:08,991][com.java.TestType] [  482] -  str(2) = 5
[INFO ][2016-01-06 16:02:08,992][com.java.TestType] [  482] -  str(1) = 1
[INFO ][2016-01-06 16:02:08,993][com.java.TestType] [  485] - Test case Id is---1
[INFO ][2016-01-06 16:02:08,993][com.java.TestType] [  487] - 1
[INFO ][2016-01-06 16:02:08,993][com.java.TestType] [  482] -  str(2) = 6
[INFO ][2016-01-06 16:02:08,994][com.java.TestType] [  482] -  str(1) = 1
[INFO ][2016-01-06 16:02:08,995][com.java.TestType] [  485] - Test case Id is---1
[INFO ][2016-01-06 16:02:08,995][com.java.TestType] [  487] - 1
[INFO ][2016-01-06 16:02:08,995][com.java.TestType] [  482] -  str(2) = 7
[INFO ][2016-01-06 16:02:08,996][com.java.TestType] [  482] -  str(1) = 1
[INFO ][2016-01-06 16:02:08,996][com.java.TestType] [  485] - Test case Id is---1
[INFO ][2016-01-06 16:02:08,996][com.java.TestType] [  487] - 1
[INFO ][2016-01-06 16:02:08,996][com.java.TestType] [  482] -  str(2) = 8
[INFO ][2016-01-06 16:02:08,997][com.java.TestType] [  482] -  str(1) = 1
[INFO ][2016-01-06 16:02:08,997][com.java.TestType] [  485] - Test case Id is---1
[INFO ][2016-01-06 16:02:08,997][com.java.TestType] [  487] - 1
[INFO ][2016-01-06 16:02:08,997][com.java.TestType] [  482] -  str(2) = 9
[INFO ][2016-01-06 16:02:08,998][com.java.TestType] [  482] -  str(1) = 1
[INFO ][2016-01-06 16:02:08,998][com.java.TestType] [  485] - Test case Id is---1
[INFO ][2016-01-06 16:02:08,998][com.java.TestType] [  487] - 1
[INFO ][2016-01-06 16:02:08,998][com.java.TestType] [  482] -  str(2) = 10
[INFO ][2016-01-06 16:02:08,999][com.java.TestType] [  482] -  str(1) = 1
[INFO ][2016-01-06 16:02:08,999][com.java.TestType] [  485] - Test case Id is---1
[INFO ][2016-01-06 16:02:08,999][com.java.TestType] [  487] - 1
[INFO ][2016-01-06 16:02:08,999][com.java.TestType] [  482] -  str(2) = 11
[INFO ][2016-01-06 16:02:09,001][com.java.TestType] [  482] -  str(1) = 1
[INFO ][2016-01-06 16:02:09,001][com.java.TestType] [  485] - Test case Id is---1
[INFO ][2016-01-06 16:02:09,001][com.java.TestType] [  487] - 1
[INFO ][2016-01-06 16:02:09,001][com.java.TestType] [  482] -  str(2) = 12
[INFO ][2016-01-06 16:02:09,002][com.java.TestType] [  482] -  str(1) = 1
[INFO ][2016-01-06 16:02:09,002][com.java.TestType] [  485] - Test case Id is---1
[INFO ][2016-01-06 16:02:09,002][com.java.TestType] [  487] - 1
[INFO ][2016-01-06 16:02:09,002][com.java.TestType] [  482] -  str(2) = 13
[INFO ][2016-01-06 16:02:09,003][com.java.TestType] [  482] -  str(1) = 1
[INFO ][2016-01-06 16:02:09,003][com.java.TestType] [  485] - Test case Id is---1
[INFO ][2016-01-06 16:02:09,003][com.java.TestType] [  487] - 1
[INFO ][2016-01-06 16:02:09,004][com.java.TestType] [  482] -  str(2) = 14
[INFO ][2016-01-06 16:02:09,004][com.java.TestType] [  482] -  str(1) = 1
[INFO ][2016-01-06 16:02:09,004][com.java.TestType] [  485] - Test case Id is---1
[INFO ][2016-01-06 16:02:09,005][com.java.TestType] [  487] - 1
[INFO ][2016-01-06 16:02:09,005][com.java.TestType] [  482] -  str(2) = 15
[INFO ][2016-01-06 16:02:09,005][com.java.TestType] [  482] -  str(1) = 1
[INFO ][2016-01-06 16:02:09,005][com.java.TestType] [  485] - Test case Id is---1
[INFO ][2016-01-06 16:02:09,005][com.java.TestType] [  487] - 1
[INFO ][2016-01-06 16:02:09,006][com.java.TestType] [  482] -  str(2) = 16
[INFO ][2016-01-06 16:02:09,006][com.java.TestType] [10756] - Looping 1TCID = 1
[DEBUG][2016-01-06 16:02:09,006][com.java.TestType] [10797] - Concept ID:1 :: Step being Executed: 1::1
[INFO ][2016-01-06 16:02:09,007][com.java.TestType] [10835] - dataFields : TXTusername
[DEBUG][2016-01-06 16:02:09,007][com.java.TestType] [10841] - <In Set values of the page>
[DEBUG][2016-01-06 16:02:09,007][com.java.TestType] [10846] - {Data Fields & Data Values Exist}
[INFO ][2016-01-06 16:02:09,007][com.java.TestType] [10852] - --------------------------setting values-----------------------------
[INFO ][2016-01-06 16:02:09,007][com.java.TestType] [10855] - Action Type : CLEARANDENTER
[INFO ][2016-01-06 16:02:09,007][com.java.TestType] [ 5829] - value = valuelabs.ie10.00058
[INFO ][2016-01-06 16:02:13,784][com.java.TestType] [10874] -  RESULT true
[INFO ][2016-01-06 16:02:13,784][com.java.TestType] [10991] - ?   P A S S   ?
[DEBUG][2016-01-06 16:02:13,784][com.java.TestType] [10797] - Concept ID:1 :: Step being Executed: 1::2
[INFO ][2016-01-06 16:02:13,784][com.java.TestType] [10835] - dataFields : TXTpassword
[DEBUG][2016-01-06 16:02:13,784][com.java.TestType] [10841] - <In Set values of the page>
[DEBUG][2016-01-06 16:02:13,784][com.java.TestType] [10846] - {Data Fields & Data Values Exist}
[INFO ][2016-01-06 16:02:13,784][com.java.TestType] [10852] - --------------------------setting values-----------------------------
[INFO ][2016-01-06 16:02:13,784][com.java.TestType] [10855] - Action Type : CLEARANDENTER
[INFO ][2016-01-06 16:02:13,785][com.java.TestType] [ 5829] - value = Password1*
[INFO ][2016-01-06 16:02:18,653][com.java.TestType] [10874] -  RESULT true
[INFO ][2016-01-06 16:02:18,653][com.java.TestType] [10991] - ?   P A S S   ?
[DEBUG][2016-01-06 16:02:18,653][com.java.TestType] [10797] - Concept ID:1 :: Step being Executed: 1::3
[ERROR][2016-01-06 16:02:18,653][com.java.TestType] [10830] - Exception: null
[INFO ][2016-01-06 16:02:18,653][com.java.TestType] [10835] - dataFields : XPH//button[@type='submit']
[DEBUG][2016-01-06 16:02:18,654][com.java.TestType] [10841] - <In Set values of the page>
[DEBUG][2016-01-06 16:02:18,654][com.java.TestType] [10846] - {Data Fields & Data Values Exist}
[INFO ][2016-01-06 16:02:18,654][com.java.TestType] [10852] - --------------------------setting values-----------------------------
[INFO ][2016-01-06 16:02:18,654][com.java.TestType] [10855] - Action Type : Click
[INFO ][2016-01-06 16:02:18,654][com.java.TestType] [ 6208] - Field ::XPH//button[@type='submit']
[INFO ][2016-01-06 16:02:18,654][com.java.TestType] [ 5829] - value = 
[INFO ][2016-01-06 16:02:19,654][com.java.TestType] [ 6345] - BEFORE CLICK
[INFO ][2016-01-06 16:02:20,531][com.java.TestType] [ 6353] - Unable to click the object Login
[INFO ][2016-01-06 16:02:20,531][com.java.TestType] [10874] -  RESULT true
[INFO ][2016-01-06 16:02:20,531][com.java.TestType] [10991] - ?   P A S S   ?
[DEBUG][2016-01-06 16:02:20,531][com.java.TestType] [10797] - Concept ID:1 :: Step being Executed: 1::4
[INFO ][2016-01-06 16:02:20,531][com.java.TestType] [10835] - dataFields : LNKLogout
[DEBUG][2016-01-06 16:02:20,531][com.java.TestType] [10841] - <In Set values of the page>
[DEBUG][2016-01-06 16:02:20,531][com.java.TestType] [10846] - {Data Fields & Data Values Exist}
[INFO ][2016-01-06 16:02:20,531][com.java.TestType] [10852] - --------------------------setting values-----------------------------
[INFO ][2016-01-06 16:02:20,531][com.java.TestType] [10855] - Action Type : WaitForElement
[INFO ][2016-01-06 16:02:24,053][com.java.TestType] [10874] -  RESULT true
[INFO ][2016-01-06 16:02:24,053][com.java.TestType] [10991] - ?   P A S S   ?
[DEBUG][2016-01-06 16:02:24,053][com.java.TestType] [10797] - Concept ID:1 :: Step being Executed: 1::15
[INFO ][2016-01-06 16:02:24,053][com.java.TestType] [10835] - dataFields : LNK
[DEBUG][2016-01-06 16:02:24,054][com.java.TestType] [10841] - <In Set values of the page>
[DEBUG][2016-01-06 16:02:24,054][com.java.TestType] [10846] - {Data Fields & Data Values Exist}
[INFO ][2016-01-06 16:02:24,054][com.java.TestType] [10852] - --------------------------setting values-----------------------------
[INFO ][2016-01-06 16:02:24,054][com.java.TestType] [10855] - Action Type : Verify
[INFO ][2016-01-06 16:02:24,054][com.java.TestType] [ 7203] - field= LNK value= Logout
[INFO ][2016-01-06 16:02:24,056][com.java.TestType] [ 5829] - value = Logout
[INFO ][2016-01-06 16:02:24,093][com.java.TestType] [10874] -  RESULT true
[INFO ][2016-01-06 16:02:24,093][com.java.TestType] [10991] - ?   P A S S   ?
[DEBUG][2016-01-06 16:02:24,093][com.java.TestType] [10797] - Concept ID:1 :: Step being Executed: 1::16
[INFO ][2016-01-06 16:02:24,093][com.java.TestType] [10835] - dataFields : BTN
[DEBUG][2016-01-06 16:02:24,093][com.java.TestType] [10841] - <In Set values of the page>
[DEBUG][2016-01-06 16:02:24,094][com.java.TestType] [10846] - {Data Fields & Data Values Exist}
[INFO ][2016-01-06 16:02:24,094][com.java.TestType] [10852] - --------------------------setting values-----------------------------
[INFO ][2016-01-06 16:02:24,094][com.java.TestType] [10855] - Action Type : Verify
[INFO ][2016-01-06 16:02:24,094][com.java.TestType] [ 7203] - field= BTN value= //img[contains(@src,'bdlogo.jpg')]
[INFO ][2016-01-06 16:02:24,094][com.java.TestType] [ 5829] - value = //img[contains(@src,'bdlogo.jpg')]
[INFO ][2016-01-06 16:02:24,168][com.java.TestType] [10874] -  RESULT true
[INFO ][2016-01-06 16:02:24,168][com.java.TestType] [10991] - ?   P A S S   ?
[INFO ][2016-01-06 16:02:24,168][com.java.TestType] [11062] - Looping End......
[INFO ][2016-01-06 16:02:24,172][com.java.SeleniumDriver] [  906] -  RESULT true
[INFO ][2016-01-06 16:02:24,172][com.java.SeleniumDriver] [ 1112] - ?   P A S S   ?
[INFO ][2016-01-06 16:02:24,172][com.java.SeleniumDriver] [  832] - ------------------------------------------
[INFO ][2016-01-06 16:02:24,172][com.java.SeleniumDriver] [  833] - Test case being Executed: 1
[INFO ][2016-01-06 16:02:24,172][com.java.SeleniumDriver] [  845] - Test step:2
[INFO ][2016-01-06 16:02:24,172][com.java.SeleniumDriver] [  857] - Datavalue is----------Concept#2:1-2
[INFO ][2016-01-06 16:02:24,172][com.java.SeleniumDriver] [  881] - DataField : test
[INFO ][2016-01-06 16:02:24,172][com.java.SeleniumDriver] [  883] - DataValue : Concept#2:1-2
[INFO ][2016-01-06 16:02:24,172][com.java.SeleniumDriver] [  889] - <In Set values of the page>
[INFO ][2016-01-06 16:02:24,172][com.java.SeleniumDriver] [  892] - {Data Fields & Data Values Exist}
[INFO ][2016-01-06 16:02:24,172][com.java.SeleniumDriver] [  894] - --------------------------setting values-----------------------------
[INFO ][2016-01-06 16:02:24,172][com.java.SeleniumDriver] [  897] - Action Type : ExecuteTestCase
[INFO ][2016-01-06 16:02:24,173][com.java.TestType] [  437] - The Concept sheet name is ---------- Concept
[INFO ][2016-01-06 16:02:24,173][com.java.TestType] [  440] - The Concept ID  is ---------- 2
[DEBUG][2016-01-06 16:02:24,173][com.java.TestType] [  444] - Steps being executted in the Concept are: 1:2
[INFO ][2016-01-06 16:02:24,173][com.java.TestType] [  451] - Test data details path ---------- D:\BankersDashboard\TestInputs\TestData.xls
[INFO ][2016-01-06 16:02:24,200][com.java.TestType] [  482] -  str(1) = 2
[INFO ][2016-01-06 16:02:24,201][com.java.TestType] [  485] - Test case Id is---2
[INFO ][2016-01-06 16:02:24,201][com.java.TestType] [  487] - 2
[INFO ][2016-01-06 16:02:24,201][com.java.TestType] [  482] -  str(2) = 1
[INFO ][2016-01-06 16:02:24,203][com.java.TestType] [  482] -  str(1) = 2
[INFO ][2016-01-06 16:02:24,203][com.java.TestType] [  485] - Test case Id is---2
[INFO ][2016-01-06 16:02:24,203][com.java.TestType] [  487] - 2
[INFO ][2016-01-06 16:02:24,203][com.java.TestType] [  482] -  str(2) = 2
[INFO ][2016-01-06 16:02:24,204][com.java.TestType] [  482] -  str(1) = 2
[INFO ][2016-01-06 16:02:24,204][com.java.TestType] [  485] - Test case Id is---2
[INFO ][2016-01-06 16:02:24,204][com.java.TestType] [  487] - 2
[INFO ][2016-01-06 16:02:24,204][com.java.TestType] [  482] -  str(2) = 3
[INFO ][2016-01-06 16:02:24,204][com.java.TestType] [10756] - Looping 1TCID = 2
[DEBUG][2016-01-06 16:02:24,205][com.java.TestType] [10797] - Concept ID:2 :: Step being Executed: 2::1
[INFO ][2016-01-06 16:02:24,205][com.java.TestType] [10835] - dataFields : BNK//select[@id='bank']
[DEBUG][2016-01-06 16:02:24,205][com.java.TestType] [10841] - <In Set values of the page>
[DEBUG][2016-01-06 16:02:24,205][com.java.TestType] [10846] - {Data Fields & Data Values Exist}
[INFO ][2016-01-06 16:02:24,205][com.java.TestType] [10852] - --------------------------setting values-----------------------------
[INFO ][2016-01-06 16:02:24,205][com.java.TestType] [10855] - Action Type : Select
[INFO ][2016-01-06 16:02:24,205][com.java.TestType] [ 5829] - value = PFC
[INFO ][2016-01-06 16:02:24,633][com.java.TestType] [10874] -  RESULT true
[INFO ][2016-01-06 16:02:24,633][com.java.TestType] [10991] - ?   P A S S   ?
[DEBUG][2016-01-06 16:02:24,633][com.java.TestType] [10797] - Concept ID:2 :: Step being Executed: 2::2
[INFO ][2016-01-06 16:02:24,633][com.java.TestType] [10835] - dataFields : LNKLogout
[DEBUG][2016-01-06 16:02:24,633][com.java.TestType] [10841] - <In Set values of the page>
[DEBUG][2016-01-06 16:02:24,633][com.java.TestType] [10846] - {Data Fields & Data Values Exist}
[INFO ][2016-01-06 16:02:24,633][com.java.TestType] [10852] - --------------------------setting values-----------------------------
[INFO ][2016-01-06 16:02:24,633][com.java.TestType] [10855] - Action Type : WaitTime
[DEBUG][2016-01-06 16:02:24,634][com.java.TestType] [ 5649] - sleepTime: 5000
[INFO ][2016-01-06 16:02:29,635][com.java.TestType] [10874] -  RESULT true
[INFO ][2016-01-06 16:02:29,635][com.java.TestType] [10991] - ?   P A S S   ?
[INFO ][2016-01-06 16:02:29,635][com.java.TestType] [11062] - Looping End......
[INFO ][2016-01-06 16:02:29,638][com.java.SeleniumDriver] [  906] -  RESULT true
[INFO ][2016-01-06 16:02:29,639][com.java.SeleniumDriver] [ 1112] - ?   P A S S   ?
[INFO ][2016-01-06 16:02:29,639][com.java.SeleniumDriver] [  832] - ------------------------------------------
[INFO ][2016-01-06 16:02:29,639][com.java.SeleniumDriver] [  833] - Test case being Executed: 1
[INFO ][2016-01-06 16:02:29,639][com.java.SeleniumDriver] [  845] - Test step:3
[INFO ][2016-01-06 16:02:29,639][com.java.SeleniumDriver] [  857] - Datavalue is----------2
[INFO ][2016-01-06 16:02:29,639][com.java.SeleniumDriver] [  881] - DataField : XPH//button[contains(text(),'Add Content')]
[INFO ][2016-01-06 16:02:29,639][com.java.SeleniumDriver] [  883] - DataValue : 2
[INFO ][2016-01-06 16:02:29,639][com.java.SeleniumDriver] [  889] - <In Set values of the page>
[INFO ][2016-01-06 16:02:29,639][com.java.SeleniumDriver] [  892] - {Data Fields & Data Values Exist}
[INFO ][2016-01-06 16:02:29,639][com.java.SeleniumDriver] [  894] - --------------------------setting values-----------------------------
[INFO ][2016-01-06 16:02:29,639][com.java.SeleniumDriver] [  897] - Action Type : WAITFORELEMENT
[INFO ][2016-01-06 16:02:29,679][com.java.SeleniumDriver] [  906] -  RESULT true
[INFO ][2016-01-06 16:02:29,679][com.java.SeleniumDriver] [ 1112] - ?   P A S S   ?
[DEBUG][2016-01-06 16:02:29,679][com.java.SeleniumDriver] [ 1224] - Case found
[DEBUG][2016-01-06 16:02:29,680][com.java.SeleniumDriver] [ 1229] - Incrementing ReportCounters[0]:1
[INFO ][2016-01-06 16:02:29,680][com.java.SeleniumDriver] [ 1248] - The results are-------------------[1, 1, Valid Login, Pass, , Wed Jan 06 16:02:24 IST 2016, 1, 2, Valid Login, Pass, , Wed Jan 06 16:02:29 IST 2016, 1, 3, Valid Login, Pass, , Wed Jan 06 16:02:29 IST 2016]
[INFO ][2016-01-06 16:02:29,680][com.java.SeleniumDriver] [ 1252] - End time is-------35 sec
[INFO ][2016-01-06 16:02:29,680][com.java.SeleniumDriver] [ 1253] - The results are-------------------[1, 1, Valid Login, Pass, , Wed Jan 06 16:02:24 IST 2016, 1, 2, Valid Login, Pass, , Wed Jan 06 16:02:29 IST 2016, 1, 3, Valid Login, Pass, , Wed Jan 06 16:02:29 IST 2016]
[DEBUG][2016-01-06 16:02:29,680][com.java.ImportnExport.ExportTestResultsExcel] [  222] - testResultPath = D:\BankersDashboard/TestReports/Test Results_BankersDashBoard_010616_160156_IE10_United Bank.xls
[DEBUG][2016-01-06 16:02:29,680][com.java.ImportnExport.ExportTestResultsExcel] [  223] - browser is------------IE10
[DEBUG][2016-01-06 16:02:29,725][com.java.ImportnExport.ExportTestResultsExcel] [  270] - result.size() = 18
[DEBUG][2016-01-06 16:02:29,725][com.java.ImportnExport.ExportTestResultsExcel] [  274] - No of rows in sheet=1
[DEBUG][2016-01-06 16:02:29,725][com.java.ImportnExport.ExportTestResultsExcel] [  301] - ..in export..1
[DEBUG][2016-01-06 16:02:29,725][com.java.ImportnExport.ExportTestResultsExcel] [  301] - ..in export..Valid Login
[DEBUG][2016-01-06 16:02:29,726][com.java.ImportnExport.ExportTestResultsExcel] [  301] - ..in export..Pass
[DEBUG][2016-01-06 16:02:29,726][com.java.ImportnExport.ExportTestResultsExcel] [  301] - ..in export..
[DEBUG][2016-01-06 16:02:29,726][com.java.ImportnExport.ExportTestResultsExcel] [  301] - ..in export..Wed Jan 06 16:02:24 IST 2016
[INFO ][2016-01-06 16:02:29,727][com.java.SeleniumDriver] [ 1313] - out loop:0 size:2 TestCases:[1, 6] testcases:[1, 6]
[INFO ][2016-01-06 16:02:29,727][com.java.ImportnExport.ImportTestDataDetailsExcel] [   49] - test data details path===== D:\BankersDashboard\TestInputs\TestData.xls
[INFO ][2016-01-06 16:03:00,184][com.java.SeleniumDriver] [  832] - ------------------------------------------
[INFO ][2016-01-06 16:03:00,184][com.java.SeleniumDriver] [  833] - Test case being Executed: 6
[INFO ][2016-01-06 16:03:00,184][com.java.SeleniumDriver] [  845] - Test step:1
[INFO ][2016-01-06 16:03:00,184][com.java.SeleniumDriver] [  857] - Datavalue is----------5
[INFO ][2016-01-06 16:03:00,184][com.java.SeleniumDriver] [  881] - DataField : LNKLogout
[INFO ][2016-01-06 16:03:00,184][com.java.SeleniumDriver] [  883] - DataValue : 5
[INFO ][2016-01-06 16:03:00,184][com.java.SeleniumDriver] [  889] - <In Set values of the page>
[INFO ][2016-01-06 16:03:00,184][com.java.SeleniumDriver] [  892] - {Data Fields & Data Values Exist}
[INFO ][2016-01-06 16:03:00,184][com.java.SeleniumDriver] [  894] - --------------------------setting values-----------------------------
[INFO ][2016-01-06 16:03:00,184][com.java.SeleniumDriver] [  897] - Action Type : WaitForElement
[INFO ][2016-01-06 16:03:00,220][com.java.SeleniumDriver] [  906] -  RESULT true
[INFO ][2016-01-06 16:03:00,220][com.java.SeleniumDriver] [ 1112] - ?   P A S S   ?
[INFO ][2016-01-06 16:03:00,220][com.java.SeleniumDriver] [ 1154] - step change to 3
[INFO ][2016-01-06 16:03:00,220][com.java.SeleniumDriver] [  832] - ------------------------------------------
[INFO ][2016-01-06 16:03:00,220][com.java.SeleniumDriver] [  833] - Test case being Executed: 6
[INFO ][2016-01-06 16:03:00,223][com.java.SeleniumDriver] [  845] - Test step:3
[INFO ][2016-01-06 16:03:00,223][com.java.SeleniumDriver] [  857] - Datavalue is----------Concept#2:1-2
[INFO ][2016-01-06 16:03:00,223][com.java.SeleniumDriver] [  881] - DataField : test
[INFO ][2016-01-06 16:03:00,223][com.java.SeleniumDriver] [  883] - DataValue : Concept#2:1-2
[INFO ][2016-01-06 16:03:00,223][com.java.SeleniumDriver] [  889] - <In Set values of the page>
[INFO ][2016-01-06 16:03:00,223][com.java.SeleniumDriver] [  892] - {Data Fields & Data Values Exist}
[INFO ][2016-01-06 16:03:00,223][com.java.SeleniumDriver] [  894] - --------------------------setting values-----------------------------
[INFO ][2016-01-06 16:03:00,223][com.java.SeleniumDriver] [  897] - Action Type : ExecuteTestCase
[INFO ][2016-01-06 16:03:00,223][com.java.TestType] [  437] - The Concept sheet name is ---------- Concept
[INFO ][2016-01-06 16:03:00,223][com.java.TestType] [  440] - The Concept ID  is ---------- 2
[DEBUG][2016-01-06 16:03:00,223][com.java.TestType] [  444] - Steps being executted in the Concept are: 1:2
[INFO ][2016-01-06 16:03:00,223][com.java.TestType] [  451] - Test data details path ---------- D:\BankersDashboard\TestInputs\TestData.xls
[INFO ][2016-01-06 16:03:00,251][com.java.TestType] [  482] -  str(1) = 2
[INFO ][2016-01-06 16:03:00,252][com.java.TestType] [  485] - Test case Id is---2
[INFO ][2016-01-06 16:03:00,252][com.java.TestType] [  487] - 2
[INFO ][2016-01-06 16:03:00,252][com.java.TestType] [  482] -  str(2) = 1
[INFO ][2016-01-06 16:03:00,253][com.java.TestType] [  482] -  str(1) = 2
[INFO ][2016-01-06 16:03:00,253][com.java.TestType] [  485] - Test case Id is---2
[INFO ][2016-01-06 16:03:00,253][com.java.TestType] [  487] - 2
[INFO ][2016-01-06 16:03:00,253][com.java.TestType] [  482] -  str(2) = 2
[INFO ][2016-01-06 16:03:00,254][com.java.TestType] [  482] -  str(1) = 2
[INFO ][2016-01-06 16:03:00,254][com.java.TestType] [  485] - Test case Id is---2
[INFO ][2016-01-06 16:03:00,254][com.java.TestType] [  487] - 2
[INFO ][2016-01-06 16:03:00,254][com.java.TestType] [  482] -  str(2) = 3
[INFO ][2016-01-06 16:03:00,255][com.java.TestType] [10756] - Looping 1TCID = 2
[DEBUG][2016-01-06 16:03:00,255][com.java.TestType] [10797] - Concept ID:2 :: Step being Executed: 2::1
[INFO ][2016-01-06 16:03:00,255][com.java.TestType] [10835] - dataFields : BNK//select[@id='bank']
[DEBUG][2016-01-06 16:03:00,255][com.java.TestType] [10841] - <In Set values of the page>
[DEBUG][2016-01-06 16:03:00,255][com.java.TestType] [10846] - {Data Fields & Data Values Exist}
[INFO ][2016-01-06 16:03:00,255][com.java.TestType] [10852] - --------------------------setting values-----------------------------
[INFO ][2016-01-06 16:03:00,255][com.java.TestType] [10855] - Action Type : Select
[INFO ][2016-01-06 16:03:00,256][com.java.TestType] [ 5829] - value = PFC
[INFO ][2016-01-06 16:03:00,465][com.java.TestType] [10874] -  RESULT true
[INFO ][2016-01-06 16:03:00,465][com.java.TestType] [10991] - ?   P A S S   ?
[DEBUG][2016-01-06 16:03:00,465][com.java.TestType] [10797] - Concept ID:2 :: Step being Executed: 2::2
[INFO ][2016-01-06 16:03:00,465][com.java.TestType] [10835] - dataFields : LNKLogout
[DEBUG][2016-01-06 16:03:00,465][com.java.TestType] [10841] - <In Set values of the page>
[DEBUG][2016-01-06 16:03:00,465][com.java.TestType] [10846] - {Data Fields & Data Values Exist}
[INFO ][2016-01-06 16:03:00,465][com.java.TestType] [10852] - --------------------------setting values-----------------------------
[INFO ][2016-01-06 16:03:00,465][com.java.TestType] [10855] - Action Type : WaitTime
[DEBUG][2016-01-06 16:03:00,465][com.java.TestType] [ 5649] - sleepTime: 5000
[INFO ][2016-01-06 16:03:05,467][com.java.TestType] [10874] -  RESULT true
[INFO ][2016-01-06 16:03:05,467][com.java.TestType] [10991] - ?   P A S S   ?
[INFO ][2016-01-06 16:03:05,467][com.java.TestType] [11062] - Looping End......
[INFO ][2016-01-06 16:03:05,472][com.java.SeleniumDriver] [  906] -  RESULT true
[INFO ][2016-01-06 16:03:05,472][com.java.SeleniumDriver] [ 1112] - ?   P A S S   ?
[INFO ][2016-01-06 16:03:05,472][com.java.SeleniumDriver] [  832] - ------------------------------------------
[INFO ][2016-01-06 16:03:05,472][com.java.SeleniumDriver] [  833] - Test case being Executed: 6
[INFO ][2016-01-06 16:03:05,472][com.java.SeleniumDriver] [  845] - Test step:4
[INFO ][2016-01-06 16:03:05,472][com.java.SeleniumDriver] [  857] - Datavalue is----------null
[DEBUG][2016-01-06 16:03:05,472][com.java.SeleniumDriver] [  875] - Exception: null
[INFO ][2016-01-06 16:03:05,472][com.java.SeleniumDriver] [  881] - DataField : //span[@class='icon-user4']&&//ul[@id='Admin']/li[2]/a&&//ul[@id="GLMapping"]//a[@data-id="ProfitCenters"]
[INFO ][2016-01-06 16:03:05,473][com.java.SeleniumDriver] [  883] - DataValue : 
[INFO ][2016-01-06 16:03:05,473][com.java.SeleniumDriver] [  889] - <In Set values of the page>
[INFO ][2016-01-06 16:03:05,473][com.java.SeleniumDriver] [  892] - {Data Fields & Data Values Exist}
[INFO ][2016-01-06 16:03:05,473][com.java.SeleniumDriver] [  894] - --------------------------setting values-----------------------------
[INFO ][2016-01-06 16:03:05,473][com.java.SeleniumDriver] [  897] - Action Type : mouseover
[INFO ][2016-01-06 16:03:32,353][com.java.SeleniumDriver] [  906] -  RESULT true
[INFO ][2016-01-06 16:03:32,353][com.java.SeleniumDriver] [ 1112] - ?   P A S S   ?
[INFO ][2016-01-06 16:03:32,353][com.java.SeleniumDriver] [  832] - ------------------------------------------
[INFO ][2016-01-06 16:03:32,353][com.java.SeleniumDriver] [  833] - Test case being Executed: 6
[INFO ][2016-01-06 16:03:32,353][com.java.SeleniumDriver] [  845] - Test step:5
[INFO ][2016-01-06 16:03:32,353][com.java.SeleniumDriver] [  857] - Datavalue is----------5
[INFO ][2016-01-06 16:03:32,353][com.java.SeleniumDriver] [  881] - DataField : XPH//iframe[@class='frameTabContent']
[INFO ][2016-01-06 16:03:32,353][com.java.SeleniumDriver] [  883] - DataValue : 5
[INFO ][2016-01-06 16:03:32,353][com.java.SeleniumDriver] [  889] - <In Set values of the page>
[INFO ][2016-01-06 16:03:32,353][com.java.SeleniumDriver] [  892] - {Data Fields & Data Values Exist}
[INFO ][2016-01-06 16:03:32,353][com.java.SeleniumDriver] [  894] - --------------------------setting values-----------------------------
[INFO ][2016-01-06 16:03:32,353][com.java.SeleniumDriver] [  897] - Action Type : waitforelement
[INFO ][2016-01-06 16:03:32,389][com.java.SeleniumDriver] [  906] -  RESULT true
[INFO ][2016-01-06 16:03:32,389][com.java.SeleniumDriver] [ 1112] - ?   P A S S   ?
[INFO ][2016-01-06 16:03:32,389][com.java.SeleniumDriver] [  832] - ------------------------------------------
[INFO ][2016-01-06 16:03:32,389][com.java.SeleniumDriver] [  833] - Test case being Executed: 6
[INFO ][2016-01-06 16:03:32,389][com.java.SeleniumDriver] [  845] - Test step:6
[INFO ][2016-01-06 16:03:32,389][com.java.SeleniumDriver] [  857] - Datavalue is----------null
[DEBUG][2016-01-06 16:03:32,389][com.java.SeleniumDriver] [  875] - Exception: null
[INFO ][2016-01-06 16:03:32,391][com.java.SeleniumDriver] [  881] - DataField : BTN//iframe[@class='frameTabContent']
[INFO ][2016-01-06 16:03:32,391][com.java.SeleniumDriver] [  883] - DataValue : 
[INFO ][2016-01-06 16:03:32,391][com.java.SeleniumDriver] [  889] - <In Set values of the page>
[INFO ][2016-01-06 16:03:32,391][com.java.SeleniumDriver] [  892] - {Data Fields & Data Values Exist}
[INFO ][2016-01-06 16:03:32,391][com.java.SeleniumDriver] [  894] - --------------------------setting values-----------------------------
[INFO ][2016-01-06 16:03:32,391][com.java.SeleniumDriver] [  897] - Action Type : SELECTFRAME
[INFO ][2016-01-06 16:03:32,509][com.java.SeleniumDriver] [  906] -  RESULT true
[INFO ][2016-01-06 16:03:32,509][com.java.SeleniumDriver] [ 1112] - ?   P A S S   ?
[INFO ][2016-01-06 16:03:32,509][com.java.SeleniumDriver] [  832] - ------------------------------------------
[INFO ][2016-01-06 16:03:32,509][com.java.SeleniumDriver] [  833] - Test case being Executed: 6
[INFO ][2016-01-06 16:03:32,509][com.java.SeleniumDriver] [  845] - Test step:7
[INFO ][2016-01-06 16:03:32,509][com.java.SeleniumDriver] [  857] - Datavalue is----------Manage Profit Centers and Regions 
[INFO ][2016-01-06 16:03:32,509][com.java.SeleniumDriver] [  881] - DataField : MSG
[INFO ][2016-01-06 16:03:32,509][com.java.SeleniumDriver] [  883] - DataValue : Manage Profit Centers and Regions 
[INFO ][2016-01-06 16:03:32,509][com.java.SeleniumDriver] [  889] - <In Set values of the page>
[INFO ][2016-01-06 16:03:32,509][com.java.SeleniumDriver] [  892] - {Data Fields & Data Values Exist}
[INFO ][2016-01-06 16:03:32,509][com.java.SeleniumDriver] [  894] - --------------------------setting values-----------------------------
[INFO ][2016-01-06 16:03:32,509][com.java.SeleniumDriver] [  897] - Action Type : VERIFY
[INFO ][2016-01-06 16:03:32,509][com.java.TestType] [ 7203] - field= MSG value= Manage Profit Centers and Regions 
[INFO ][2016-01-06 16:03:32,509][com.java.TestType] [ 5829] - value = Manage Profit Centers and Regions 
[DEBUG][2016-01-06 16:03:32,509][com.java.TestType] [ 8024] - value :: Manage Profit Centers and Regions 
[INFO ][2016-01-06 16:03:32,536][com.java.SeleniumDriver] [  906] -  RESULT true
[INFO ][2016-01-06 16:03:32,536][com.java.SeleniumDriver] [ 1112] - ?   P A S S   ?
[INFO ][2016-01-06 16:03:32,539][com.java.SeleniumDriver] [  832] - ------------------------------------------
[INFO ][2016-01-06 16:03:32,539][com.java.SeleniumDriver] [  833] - Test case being Executed: 6
[INFO ][2016-01-06 16:03:32,539][com.java.SeleniumDriver] [  845] - Test step:8
[INFO ][2016-01-06 16:03:32,539][com.java.SeleniumDriver] [  857] - Datavalue is----------null
[DEBUG][2016-01-06 16:03:32,539][com.java.SeleniumDriver] [  875] - Exception: null
[INFO ][2016-01-06 16:03:32,539][com.java.SeleniumDriver] [  881] - DataField : LNKRegions
[INFO ][2016-01-06 16:03:32,539][com.java.SeleniumDriver] [  883] - DataValue : 
[INFO ][2016-01-06 16:03:32,539][com.java.SeleniumDriver] [  889] - <In Set values of the page>
[INFO ][2016-01-06 16:03:32,539][com.java.SeleniumDriver] [  892] - {Data Fields & Data Values Exist}
[INFO ][2016-01-06 16:03:32,539][com.java.SeleniumDriver] [  894] - --------------------------setting values-----------------------------
[INFO ][2016-01-06 16:03:32,539][com.java.SeleniumDriver] [  897] - Action Type : click
[INFO ][2016-01-06 16:03:32,539][com.java.TestType] [ 6208] - Field ::LNKRegions
[INFO ][2016-01-06 16:03:32,539][com.java.TestType] [ 5829] - value = 
[INFO ][2016-01-06 16:03:33,539][com.java.TestType] [ 6308] - BEFORE CLICK on Regions
[INFO ][2016-01-06 16:03:34,450][com.java.SeleniumDriver] [  906] -  RESULT true
[INFO ][2016-01-06 16:03:34,450][com.java.SeleniumDriver] [ 1112] - ?   P A S S   ?
[INFO ][2016-01-06 16:03:34,450][com.java.SeleniumDriver] [  832] - ------------------------------------------
[INFO ][2016-01-06 16:03:34,450][com.java.SeleniumDriver] [  833] - Test case being Executed: 6
[INFO ][2016-01-06 16:03:34,450][com.java.SeleniumDriver] [  845] - Test step:9
[INFO ][2016-01-06 16:03:34,450][com.java.SeleniumDriver] [  857] - Datavalue is----------null
[DEBUG][2016-01-06 16:03:34,450][com.java.SeleniumDriver] [  875] - Exception: null
[INFO ][2016-01-06 16:03:34,450][com.java.SeleniumDriver] [  881] - DataField : HDN//span[@class='glyphicon glyphicon-plus']
[INFO ][2016-01-06 16:03:34,450][com.java.SeleniumDriver] [  883] - DataValue : 
[INFO ][2016-01-06 16:03:34,450][com.java.SeleniumDriver] [  889] - <In Set values of the page>
[INFO ][2016-01-06 16:03:34,450][com.java.SeleniumDriver] [  892] - {Data Fields & Data Values Exist}
[INFO ][2016-01-06 16:03:34,450][com.java.SeleniumDriver] [  894] - --------------------------setting values-----------------------------
[INFO ][2016-01-06 16:03:34,450][com.java.SeleniumDriver] [  897] - Action Type : click
[INFO ][2016-01-06 16:03:34,452][com.java.TestType] [ 6208] - Field ::HDN//span[@class='glyphicon glyphicon-plus']
[INFO ][2016-01-06 16:03:34,452][com.java.TestType] [ 5829] - value = 
[INFO ][2016-01-06 16:03:35,889][com.java.SeleniumDriver] [  906] -  RESULT true
[INFO ][2016-01-06 16:03:35,889][com.java.SeleniumDriver] [ 1112] - ?   P A S S   ?
[INFO ][2016-01-06 16:03:35,889][com.java.SeleniumDriver] [  832] - ------------------------------------------
[INFO ][2016-01-06 16:03:35,889][com.java.SeleniumDriver] [  833] - Test case being Executed: 6
[INFO ][2016-01-06 16:03:35,889][com.java.SeleniumDriver] [  845] - Test step:10
[INFO ][2016-01-06 16:03:35,889][com.java.SeleniumDriver] [  857] - Datavalue is----------5
[INFO ][2016-01-06 16:03:35,889][com.java.SeleniumDriver] [  881] - DataField : XPH//div[contains(text(),'Region Name')]/input
[INFO ][2016-01-06 16:03:35,889][com.java.SeleniumDriver] [  883] - DataValue : 5
[INFO ][2016-01-06 16:03:35,889][com.java.SeleniumDriver] [  889] - <In Set values of the page>
[INFO ][2016-01-06 16:03:35,889][com.java.SeleniumDriver] [  892] - {Data Fields & Data Values Exist}
[INFO ][2016-01-06 16:03:35,889][com.java.SeleniumDriver] [  894] - --------------------------setting values-----------------------------
[INFO ][2016-01-06 16:03:35,889][com.java.SeleniumDriver] [  897] - Action Type : waitforelement
[INFO ][2016-01-06 16:03:35,924][com.java.SeleniumDriver] [  906] -  RESULT true
[INFO ][2016-01-06 16:03:35,924][com.java.SeleniumDriver] [ 1112] - ?   P A S S   ?
[INFO ][2016-01-06 16:03:35,924][com.java.SeleniumDriver] [  832] - ------------------------------------------
[INFO ][2016-01-06 16:03:35,924][com.java.SeleniumDriver] [  833] - Test case being Executed: 6
[INFO ][2016-01-06 16:03:35,924][com.java.SeleniumDriver] [  845] - Test step:11
[INFO ][2016-01-06 16:03:35,924][com.java.SeleniumDriver] [  857] - Datavalue is----------5
[INFO ][2016-01-06 16:03:35,924][com.java.SeleniumDriver] [  881] - DataField : XPH//div[contains(text(),'Available Centers')]/select/script[1]
[INFO ][2016-01-06 16:03:35,924][com.java.SeleniumDriver] [  883] - DataValue : 5
[INFO ][2016-01-06 16:03:35,924][com.java.SeleniumDriver] [  889] - <In Set values of the page>
[INFO ][2016-01-06 16:03:35,924][com.java.SeleniumDriver] [  892] - {Data Fields & Data Values Exist}
[INFO ][2016-01-06 16:03:35,924][com.java.SeleniumDriver] [  894] - --------------------------setting values-----------------------------
[INFO ][2016-01-06 16:03:35,924][com.java.SeleniumDriver] [  897] - Action Type : waitforelement
[INFO ][2016-01-06 16:03:35,949][com.java.SeleniumDriver] [  906] -  RESULT true
[INFO ][2016-01-06 16:03:35,949][com.java.SeleniumDriver] [ 1112] - ?   P A S S   ?
[INFO ][2016-01-06 16:03:35,949][com.java.SeleniumDriver] [  832] - ------------------------------------------
[INFO ][2016-01-06 16:03:35,949][com.java.SeleniumDriver] [  833] - Test case being Executed: 6
[INFO ][2016-01-06 16:03:35,949][com.java.SeleniumDriver] [  845] - Test step:12
[INFO ][2016-01-06 16:03:35,949][com.java.SeleniumDriver] [  857] - Datavalue is----------RNDVLTest
[INFO ][2016-01-06 16:03:35,949][com.java.SeleniumDriver] [  881] - DataField : TXT//div[contains(text(),'Region Name')]/input
[INFO ][2016-01-06 16:03:35,949][com.java.SeleniumDriver] [  883] - DataValue : RNDVLTest
[INFO ][2016-01-06 16:03:35,949][com.java.SeleniumDriver] [  889] - <In Set values of the page>
[INFO ][2016-01-06 16:03:35,949][com.java.SeleniumDriver] [  892] - {Data Fields & Data Values Exist}
[INFO ][2016-01-06 16:03:35,949][com.java.SeleniumDriver] [  894] - --------------------------setting values-----------------------------
[INFO ][2016-01-06 16:03:35,949][com.java.SeleniumDriver] [  897] - Action Type : clearandenter
[INFO ][2016-01-06 16:03:35,952][com.java.TestType] [ 5829] - value = VLTest107038
[INFO ][2016-01-06 16:03:36,544][com.java.SeleniumDriver] [  906] -  RESULT true
[INFO ][2016-01-06 16:03:36,544][com.java.SeleniumDriver] [ 1112] - ?   P A S S   ?
[INFO ][2016-01-06 16:03:36,544][com.java.SeleniumDriver] [  832] - ------------------------------------------
[INFO ][2016-01-06 16:03:36,544][com.java.SeleniumDriver] [  833] - Test case being Executed: 6
[INFO ][2016-01-06 16:03:36,544][com.java.SeleniumDriver] [  845] - Test step:13
[INFO ][2016-01-06 16:03:36,544][com.java.SeleniumDriver] [  857] - Datavalue is----------2
[INFO ][2016-01-06 16:03:36,544][com.java.SeleniumDriver] [  881] - DataField : test
[INFO ][2016-01-06 16:03:36,544][com.java.SeleniumDriver] [  883] - DataValue : 2
[INFO ][2016-01-06 16:03:36,544][com.java.SeleniumDriver] [  889] - <In Set values of the page>
[INFO ][2016-01-06 16:03:36,544][com.java.SeleniumDriver] [  892] - {Data Fields & Data Values Exist}
[INFO ][2016-01-06 16:03:36,547][com.java.SeleniumDriver] [  894] - --------------------------setting values-----------------------------
[INFO ][2016-01-06 16:03:36,547][com.java.SeleniumDriver] [  897] - Action Type : WaitTime
[DEBUG][2016-01-06 16:03:36,547][com.java.TestType] [ 5649] - sleepTime: 2000
[INFO ][2016-01-06 16:03:38,548][com.java.SeleniumDriver] [  906] -  RESULT true
[INFO ][2016-01-06 16:03:38,548][com.java.SeleniumDriver] [ 1112] - ?   P A S S   ?
[INFO ][2016-01-06 16:03:38,548][com.java.SeleniumDriver] [  832] - ------------------------------------------
[INFO ][2016-01-06 16:03:38,548][com.java.SeleniumDriver] [  833] - Test case being Executed: 6
[INFO ][2016-01-06 16:03:38,548][com.java.SeleniumDriver] [  845] - Test step:14
[INFO ][2016-01-06 16:03:38,548][com.java.SeleniumDriver] [  857] - Datavalue is----------enteredtext
[INFO ][2016-01-06 16:03:38,548][com.java.SeleniumDriver] [  881] - DataField : TXT//div[contains(text(),'Region Name')]/input
[INFO ][2016-01-06 16:03:38,548][com.java.SeleniumDriver] [  883] - DataValue : enteredtext
[INFO ][2016-01-06 16:03:38,548][com.java.SeleniumDriver] [  889] - <In Set values of the page>
[INFO ][2016-01-06 16:03:38,548][com.java.SeleniumDriver] [  892] - {Data Fields & Data Values Exist}
[INFO ][2016-01-06 16:03:38,548][com.java.SeleniumDriver] [  894] - --------------------------setting values-----------------------------
[INFO ][2016-01-06 16:03:38,548][com.java.SeleniumDriver] [  897] - Action Type : storevalue
[INFO ][2016-01-06 16:03:38,550][com.java.TestType] [ 8546] - field= TXT//div[contains(text(),'Region Name')]/input
[DEBUG][2016-01-06 16:03:38,625][com.java.TestType] [ 8560] - Key:: enteredtext  Value:: VLTest107038
[INFO ][2016-01-06 16:03:38,625][com.java.SeleniumDriver] [  906] -  RESULT true
[INFO ][2016-01-06 16:03:38,625][com.java.SeleniumDriver] [ 1112] - ?   P A S S   ?
[INFO ][2016-01-06 16:03:38,625][com.java.SeleniumDriver] [  832] - ------------------------------------------
[INFO ][2016-01-06 16:03:38,625][com.java.SeleniumDriver] [  833] - Test case being Executed: 6
[INFO ][2016-01-06 16:03:38,625][com.java.SeleniumDriver] [  845] - Test step:15
[INFO ][2016-01-06 16:03:38,625][com.java.SeleniumDriver] [  857] - Datavalue is----------null
[DEBUG][2016-01-06 16:03:38,625][com.java.SeleniumDriver] [  875] - Exception: null
[INFO ][2016-01-06 16:03:38,625][com.java.SeleniumDriver] [  881] - DataField : XPH//div[contains(text(),'Available Centers')]/select/option[1]
[INFO ][2016-01-06 16:03:38,625][com.java.SeleniumDriver] [  883] - DataValue : 
[INFO ][2016-01-06 16:03:38,625][com.java.SeleniumDriver] [  889] - <In Set values of the page>
[INFO ][2016-01-06 16:03:38,625][com.java.SeleniumDriver] [  892] - {Data Fields & Data Values Exist}
[INFO ][2016-01-06 16:03:38,625][com.java.SeleniumDriver] [  894] - --------------------------setting values-----------------------------
[INFO ][2016-01-06 16:03:38,625][com.java.SeleniumDriver] [  897] - Action Type : click
[INFO ][2016-01-06 16:03:38,628][com.java.TestType] [ 6208] - Field ::XPH//div[contains(text(),'Available Centers')]/select/option[1]
[INFO ][2016-01-06 16:03:38,628][com.java.TestType] [ 5829] - value = 
[INFO ][2016-01-06 16:03:39,628][com.java.TestType] [ 6345] - BEFORE CLICK
[INFO ][2016-01-06 16:03:40,350][com.java.TestType] [ 6353] - Unable to click the object Select a profitcenter
[INFO ][2016-01-06 16:03:40,350][com.java.SeleniumDriver] [  906] -  RESULT true
[INFO ][2016-01-06 16:03:40,350][com.java.SeleniumDriver] [ 1112] - ?   P A S S   ?
[INFO ][2016-01-06 16:03:40,350][com.java.SeleniumDriver] [  832] - ------------------------------------------
[INFO ][2016-01-06 16:03:40,350][com.java.SeleniumDriver] [  833] - Test case being Executed: 6
[INFO ][2016-01-06 16:03:40,350][com.java.SeleniumDriver] [  845] - Test step:16
[INFO ][2016-01-06 16:03:40,350][com.java.SeleniumDriver] [  857] - Datavalue is----------null
[DEBUG][2016-01-06 16:03:40,350][com.java.SeleniumDriver] [  875] - Exception: null
[INFO ][2016-01-06 16:03:40,350][com.java.SeleniumDriver] [  881] - DataField : HDN//span[@class='glyphicon glyphicon-chevron-left']
[INFO ][2016-01-06 16:03:40,350][com.java.SeleniumDriver] [  883] - DataValue : 
[INFO ][2016-01-06 16:03:40,353][com.java.SeleniumDriver] [  889] - <In Set values of the page>
[INFO ][2016-01-06 16:03:40,353][com.java.SeleniumDriver] [  892] - {Data Fields & Data Values Exist}
[INFO ][2016-01-06 16:03:40,353][com.java.SeleniumDriver] [  894] - --------------------------setting values-----------------------------
[INFO ][2016-01-06 16:03:40,353][com.java.SeleniumDriver] [  897] - Action Type : click
[INFO ][2016-01-06 16:03:40,353][com.java.TestType] [ 6208] - Field ::HDN//span[@class='glyphicon glyphicon-chevron-left']
[INFO ][2016-01-06 16:03:40,353][com.java.TestType] [ 5829] - value = 
[INFO ][2016-01-06 16:03:41,503][com.java.SeleniumDriver] [  906] -  RESULT true
[INFO ][2016-01-06 16:03:41,503][com.java.SeleniumDriver] [ 1112] - ?   P A S S   ?
[INFO ][2016-01-06 16:03:41,503][com.java.SeleniumDriver] [  832] - ------------------------------------------
[INFO ][2016-01-06 16:03:41,503][com.java.SeleniumDriver] [  833] - Test case being Executed: 6
[INFO ][2016-01-06 16:03:41,503][com.java.SeleniumDriver] [  845] - Test step:17
[INFO ][2016-01-06 16:03:41,503][com.java.SeleniumDriver] [  857] - Datavalue is----------null
[DEBUG][2016-01-06 16:03:41,503][com.java.SeleniumDriver] [  875] - Exception: null
[INFO ][2016-01-06 16:03:41,503][com.java.SeleniumDriver] [  881] - DataField : XPH//div[contains(text(),'Available Centers')]/select/option[2]
[INFO ][2016-01-06 16:03:41,503][com.java.SeleniumDriver] [  883] - DataValue : 
[INFO ][2016-01-06 16:03:41,503][com.java.SeleniumDriver] [  889] - <In Set values of the page>
[INFO ][2016-01-06 16:03:41,503][com.java.SeleniumDriver] [  892] - {Data Fields & Data Values Exist}
[INFO ][2016-01-06 16:03:41,503][com.java.SeleniumDriver] [  894] - --------------------------setting values-----------------------------
[INFO ][2016-01-06 16:03:41,503][com.java.SeleniumDriver] [  897] - Action Type : click
[INFO ][2016-01-06 16:03:41,506][com.java.TestType] [ 6208] - Field ::XPH//div[contains(text(),'Available Centers')]/select/option[2]
[INFO ][2016-01-06 16:03:41,506][com.java.TestType] [ 5829] - value = 
[INFO ][2016-01-06 16:03:42,506][com.java.TestType] [ 6345] - BEFORE CLICK
[INFO ][2016-01-06 16:03:43,201][com.java.TestType] [ 6353] - Unable to click the object Select a profitcenter
[INFO ][2016-01-06 16:03:43,201][com.java.SeleniumDriver] [  906] -  RESULT true
[INFO ][2016-01-06 16:03:43,201][com.java.SeleniumDriver] [ 1112] - ?   P A S S   ?
[INFO ][2016-01-06 16:03:43,201][com.java.SeleniumDriver] [  832] - ------------------------------------------
[INFO ][2016-01-06 16:03:43,201][com.java.SeleniumDriver] [  833] - Test case being Executed: 6
[INFO ][2016-01-06 16:03:43,201][com.java.SeleniumDriver] [  845] - Test step:18
[INFO ][2016-01-06 16:03:43,201][com.java.SeleniumDriver] [  857] - Datavalue is----------null
[DEBUG][2016-01-06 16:03:43,201][com.java.SeleniumDriver] [  875] - Exception: null
[INFO ][2016-01-06 16:03:43,201][com.java.SeleniumDriver] [  881] - DataField : HDN//span[@class='glyphicon glyphicon-chevron-left']
[INFO ][2016-01-06 16:03:43,201][com.java.SeleniumDriver] [  883] - DataValue : 
[INFO ][2016-01-06 16:03:43,201][com.java.SeleniumDriver] [  889] - <In Set values of the page>
[INFO ][2016-01-06 16:03:43,201][com.java.SeleniumDriver] [  892] - {Data Fields & Data Values Exist}
[INFO ][2016-01-06 16:03:43,201][com.java.SeleniumDriver] [  894] - --------------------------setting values-----------------------------
[INFO ][2016-01-06 16:03:43,201][com.java.SeleniumDriver] [  897] - Action Type : click
[INFO ][2016-01-06 16:03:43,201][com.java.TestType] [ 6208] - Field ::HDN//span[@class='glyphicon glyphicon-chevron-left']
[INFO ][2016-01-06 16:03:43,201][com.java.TestType] [ 5829] - value = 
[INFO ][2016-01-06 16:03:44,348][com.java.SeleniumDriver] [  906] -  RESULT true
[INFO ][2016-01-06 16:03:44,348][com.java.SeleniumDriver] [ 1112] - ?   P A S S   ?
[INFO ][2016-01-06 16:03:44,348][com.java.SeleniumDriver] [  832] - ------------------------------------------
[INFO ][2016-01-06 16:03:44,348][com.java.SeleniumDriver] [  833] - Test case being Executed: 6
[INFO ][2016-01-06 16:03:44,348][com.java.SeleniumDriver] [  845] - Test step:19
[INFO ][2016-01-06 16:03:44,348][com.java.SeleniumDriver] [  857] - Datavalue is----------null
[DEBUG][2016-01-06 16:03:44,348][com.java.SeleniumDriver] [  875] - Exception: null
[INFO ][2016-01-06 16:03:44,348][com.java.SeleniumDriver] [  881] - DataField : XPH//button[contains(text(),'Save')]
[INFO ][2016-01-06 16:03:44,348][com.java.SeleniumDriver] [  883] - DataValue : 
[INFO ][2016-01-06 16:03:44,348][com.java.SeleniumDriver] [  889] - <In Set values of the page>
[INFO ][2016-01-06 16:03:44,348][com.java.SeleniumDriver] [  892] - {Data Fields & Data Values Exist}
[INFO ][2016-01-06 16:03:44,348][com.java.SeleniumDriver] [  894] - --------------------------setting values-----------------------------
[INFO ][2016-01-06 16:03:44,348][com.java.SeleniumDriver] [  897] - Action Type : clickwithalert
[INFO ][2016-01-06 16:03:46,678][com.java.SeleniumDriver] [  906] -  RESULT true
[INFO ][2016-01-06 16:03:46,678][com.java.SeleniumDriver] [ 1112] - ?   P A S S   ?
[INFO ][2016-01-06 16:03:46,678][com.java.SeleniumDriver] [  832] - ------------------------------------------
[INFO ][2016-01-06 16:03:46,678][com.java.SeleniumDriver] [  833] - Test case being Executed: 6
[INFO ][2016-01-06 16:03:46,678][com.java.SeleniumDriver] [  845] - Test step:20
[INFO ][2016-01-06 16:03:46,678][com.java.SeleniumDriver] [  857] - Datavalue is----------10
[INFO ][2016-01-06 16:03:46,678][com.java.SeleniumDriver] [  881] - DataField : XPH//select[@class="form-control input-sm"]
[INFO ][2016-01-06 16:03:46,678][com.java.SeleniumDriver] [  883] - DataValue : 10
[INFO ][2016-01-06 16:03:46,678][com.java.SeleniumDriver] [  889] - <In Set values of the page>
[INFO ][2016-01-06 16:03:46,678][com.java.SeleniumDriver] [  892] - {Data Fields & Data Values Exist}
[INFO ][2016-01-06 16:03:46,678][com.java.SeleniumDriver] [  894] - --------------------------setting values-----------------------------
[INFO ][2016-01-06 16:03:46,678][com.java.SeleniumDriver] [  897] - Action Type : waitforelement
[INFO ][2016-01-06 16:03:46,704][com.java.SeleniumDriver] [  906] -  RESULT true
[INFO ][2016-01-06 16:03:46,704][com.java.SeleniumDriver] [ 1112] - ?   P A S S   ?
[INFO ][2016-01-06 16:03:46,704][com.java.SeleniumDriver] [  832] - ------------------------------------------
[INFO ][2016-01-06 16:03:46,704][com.java.SeleniumDriver] [  833] - Test case being Executed: 6
[INFO ][2016-01-06 16:03:46,704][com.java.SeleniumDriver] [  845] - Test step:21
[INFO ][2016-01-06 16:03:46,704][com.java.SeleniumDriver] [  857] - Datavalue is----------All
[INFO ][2016-01-06 16:03:46,704][com.java.SeleniumDriver] [  881] - DataField : SLB//select[@class="form-control input-sm"]
[INFO ][2016-01-06 16:03:46,704][com.java.SeleniumDriver] [  883] - DataValue : All
[INFO ][2016-01-06 16:03:46,704][com.java.SeleniumDriver] [  889] - <In Set values of the page>
[INFO ][2016-01-06 16:03:46,704][com.java.SeleniumDriver] [  892] - {Data Fields & Data Values Exist}
[INFO ][2016-01-06 16:03:46,704][com.java.SeleniumDriver] [  894] - --------------------------setting values-----------------------------
[INFO ][2016-01-06 16:03:46,704][com.java.SeleniumDriver] [  897] - Action Type : SELECT
[INFO ][2016-01-06 16:03:46,707][com.java.TestType] [ 5829] - value = All
[INFO ][2016-01-06 16:03:46,984][com.java.SeleniumDriver] [  906] -  RESULT true
[INFO ][2016-01-06 16:03:46,984][com.java.SeleniumDriver] [ 1112] - ?   P A S S   ?
[INFO ][2016-01-06 16:03:46,984][com.java.SeleniumDriver] [  832] - ------------------------------------------
[INFO ][2016-01-06 16:03:46,984][com.java.SeleniumDriver] [  833] - Test case being Executed: 6
[INFO ][2016-01-06 16:03:46,987][com.java.SeleniumDriver] [  845] - Test step:22
[INFO ][2016-01-06 16:03:46,987][com.java.SeleniumDriver] [  857] - Datavalue is----------HMVenteredtext
[INFO ][2016-01-06 16:03:46,987][com.java.SeleniumDriver] [  881] - DataField : MSG
[INFO ][2016-01-06 16:03:46,987][com.java.SeleniumDriver] [  883] - DataValue : HMVenteredtext
[INFO ][2016-01-06 16:03:46,987][com.java.SeleniumDriver] [  889] - <In Set values of the page>
[INFO ][2016-01-06 16:03:46,987][com.java.SeleniumDriver] [  892] - {Data Fields & Data Values Exist}
[INFO ][2016-01-06 16:03:46,987][com.java.SeleniumDriver] [  894] - --------------------------setting values-----------------------------
[INFO ][2016-01-06 16:03:46,987][com.java.SeleniumDriver] [  897] - Action Type : VERIFY
[INFO ][2016-01-06 16:03:46,987][com.java.TestType] [ 7203] - field= MSG value= HMVenteredtext
[INFO ][2016-01-06 16:03:46,987][com.java.TestType] [ 5829] - value = VLTest107038
[DEBUG][2016-01-06 16:03:46,987][com.java.TestType] [ 8024] - value :: VLTest107038
[INFO ][2016-01-06 16:03:47,014][com.java.SeleniumDriver] [  906] -  RESULT true
[INFO ][2016-01-06 16:03:47,014][com.java.SeleniumDriver] [ 1112] - ?   P A S S   ?
[INFO ][2016-01-06 16:03:47,014][com.java.SeleniumDriver] [  832] - ------------------------------------------
[INFO ][2016-01-06 16:03:47,014][com.java.SeleniumDriver] [  833] - Test case being Executed: 6
[INFO ][2016-01-06 16:03:47,014][com.java.SeleniumDriver] [  845] - Test step:23
[INFO ][2016-01-06 16:03:47,014][com.java.SeleniumDriver] [  857] - Datavalue is----------null
[DEBUG][2016-01-06 16:03:47,014][com.java.SeleniumDriver] [  875] - Exception: null
[INFO ][2016-01-06 16:03:47,014][com.java.SeleniumDriver] [  881] - DataField : BTNparent
[INFO ][2016-01-06 16:03:47,014][com.java.SeleniumDriver] [  883] - DataValue : 
[INFO ][2016-01-06 16:03:47,014][com.java.SeleniumDriver] [  889] - <In Set values of the page>
[INFO ][2016-01-06 16:03:47,014][com.java.SeleniumDriver] [  892] - {Data Fields & Data Values Exist}
[INFO ][2016-01-06 16:03:47,014][com.java.SeleniumDriver] [  894] - --------------------------setting values-----------------------------
[INFO ][2016-01-06 16:03:47,014][com.java.SeleniumDriver] [  897] - Action Type : SELECTFRAME
[INFO ][2016-01-06 16:03:47,029][com.java.SeleniumDriver] [  906] -  RESULT true
[INFO ][2016-01-06 16:03:47,029][com.java.SeleniumDriver] [ 1112] - ?   P A S S   ?
[INFO ][2016-01-06 16:03:47,029][com.java.SeleniumDriver] [  832] - ------------------------------------------
[INFO ][2016-01-06 16:03:47,029][com.java.SeleniumDriver] [  833] - Test case being Executed: 6
[INFO ][2016-01-06 16:03:47,029][com.java.SeleniumDriver] [  845] - Test step:24
[INFO ][2016-01-06 16:03:47,029][com.java.SeleniumDriver] [  857] - Datavalue is----------null
[DEBUG][2016-01-06 16:03:47,029][com.java.SeleniumDriver] [  875] - Exception: null
[INFO ][2016-01-06 16:03:47,029][com.java.SeleniumDriver] [  881] - DataField : BTNcloseAllTabs
[INFO ][2016-01-06 16:03:47,029][com.java.SeleniumDriver] [  883] - DataValue : 
[INFO ][2016-01-06 16:03:47,029][com.java.SeleniumDriver] [  889] - <In Set values of the page>
[INFO ][2016-01-06 16:03:47,029][com.java.SeleniumDriver] [  892] - {Data Fields & Data Values Exist}
[INFO ][2016-01-06 16:03:47,029][com.java.SeleniumDriver] [  894] - --------------------------setting values-----------------------------
[INFO ][2016-01-06 16:03:47,029][com.java.SeleniumDriver] [  897] - Action Type : CLICK
[INFO ][2016-01-06 16:03:47,029][com.java.TestType] [ 6208] - Field ::BTNcloseAllTabs
[INFO ][2016-01-06 16:03:47,032][com.java.TestType] [ 5829] - value = 
[INFO ][2016-01-06 16:03:48,032][com.java.TestType] [ 6324] - BEFORE CLICK
[INFO ][2016-01-06 16:03:49,703][com.java.TestType] [ 6331] - Unable to click the object Close all tabs button
[INFO ][2016-01-06 16:03:49,703][com.java.SeleniumDriver] [  906] -  RESULT true
[INFO ][2016-01-06 16:03:49,703][com.java.SeleniumDriver] [ 1112] - ?   P A S S   ?
[INFO ][2016-01-06 16:03:49,703][com.java.SeleniumDriver] [  832] - ------------------------------------------
[INFO ][2016-01-06 16:03:49,703][com.java.SeleniumDriver] [  833] - Test case being Executed: 6
[INFO ][2016-01-06 16:03:49,703][com.java.SeleniumDriver] [  845] - Test step:25
[INFO ][2016-01-06 16:03:49,703][com.java.SeleniumDriver] [  857] - Datavalue is----------10
[INFO ][2016-01-06 16:03:49,703][com.java.SeleniumDriver] [  881] - DataField : XPH//div[contains(text(), 'My Dashboard')]
[INFO ][2016-01-06 16:03:49,703][com.java.SeleniumDriver] [  883] - DataValue : 10
[INFO ][2016-01-06 16:03:49,705][com.java.SeleniumDriver] [  889] - <In Set values of the page>
[INFO ][2016-01-06 16:03:49,705][com.java.SeleniumDriver] [  892] - {Data Fields & Data Values Exist}
[INFO ][2016-01-06 16:03:49,705][com.java.SeleniumDriver] [  894] - --------------------------setting values-----------------------------
[INFO ][2016-01-06 16:03:49,705][com.java.SeleniumDriver] [  897] - Action Type : WAITFORELEMENT
[INFO ][2016-01-06 16:03:49,818][com.java.SeleniumDriver] [  906] -  RESULT true
[INFO ][2016-01-06 16:03:49,818][com.java.SeleniumDriver] [ 1112] - ?   P A S S   ?
[INFO ][2016-01-06 16:03:49,818][com.java.SeleniumDriver] [  832] - ------------------------------------------
[INFO ][2016-01-06 16:03:49,818][com.java.SeleniumDriver] [  833] - Test case being Executed: 6
[INFO ][2016-01-06 16:03:49,818][com.java.SeleniumDriver] [  845] - Test step:26
[INFO ][2016-01-06 16:03:49,818][com.java.SeleniumDriver] [  857] - Datavalue is----------null
[DEBUG][2016-01-06 16:03:49,820][com.java.SeleniumDriver] [  875] - Exception: null
[INFO ][2016-01-06 16:03:49,820][com.java.SeleniumDriver] [  881] - DataField : //span[@class="icon-coin"]&&//a[text()='Balance Sheet']&&//a[@data-id="BSCompare"]
[INFO ][2016-01-06 16:03:49,820][com.java.SeleniumDriver] [  883] - DataValue : 
[INFO ][2016-01-06 16:03:49,820][com.java.SeleniumDriver] [  889] - <In Set values of the page>
[INFO ][2016-01-06 16:03:49,820][com.java.SeleniumDriver] [  892] - {Data Fields & Data Values Exist}
[INFO ][2016-01-06 16:03:49,820][com.java.SeleniumDriver] [  894] - --------------------------setting values-----------------------------
[INFO ][2016-01-06 16:03:49,820][com.java.SeleniumDriver] [  897] - Action Type : mouseover
[INFO ][2016-01-06 16:04:16,735][com.java.SeleniumDriver] [  906] -  RESULT true
[INFO ][2016-01-06 16:04:16,735][com.java.SeleniumDriver] [ 1112] - ?   P A S S   ?
[INFO ][2016-01-06 16:04:16,735][com.java.SeleniumDriver] [  832] - ------------------------------------------
[INFO ][2016-01-06 16:04:16,735][com.java.SeleniumDriver] [  833] - Test case being Executed: 6
[INFO ][2016-01-06 16:04:16,735][com.java.SeleniumDriver] [  845] - Test step:27
[INFO ][2016-01-06 16:04:16,735][com.java.SeleniumDriver] [  857] - Datavalue is----------5
[INFO ][2016-01-06 16:04:16,735][com.java.SeleniumDriver] [  881] - DataField : BTNframeDialogContent
[INFO ][2016-01-06 16:04:16,735][com.java.SeleniumDriver] [  883] - DataValue : 5
[INFO ][2016-01-06 16:04:16,735][com.java.SeleniumDriver] [  889] - <In Set values of the page>
[INFO ][2016-01-06 16:04:16,735][com.java.SeleniumDriver] [  892] - {Data Fields & Data Values Exist}
[INFO ][2016-01-06 16:04:16,735][com.java.SeleniumDriver] [  894] - --------------------------setting values-----------------------------
[INFO ][2016-01-06 16:04:16,735][com.java.SeleniumDriver] [  897] - Action Type : waitforelement
[INFO ][2016-01-06 16:04:17,946][com.java.SeleniumDriver] [  906] -  RESULT true
[INFO ][2016-01-06 16:04:17,946][com.java.SeleniumDriver] [ 1112] - ?   P A S S   ?
[INFO ][2016-01-06 16:04:17,946][com.java.SeleniumDriver] [  832] - ------------------------------------------
[INFO ][2016-01-06 16:04:17,946][com.java.SeleniumDriver] [  833] - Test case being Executed: 6
[INFO ][2016-01-06 16:04:17,946][com.java.SeleniumDriver] [  845] - Test step:28
[INFO ][2016-01-06 16:04:17,946][com.java.SeleniumDriver] [  857] - Datavalue is----------null
[DEBUG][2016-01-06 16:04:17,946][com.java.SeleniumDriver] [  875] - Exception: null
[INFO ][2016-01-06 16:04:17,946][com.java.SeleniumDriver] [  881] - DataField : BTNframeDialogContent
[INFO ][2016-01-06 16:04:17,948][com.java.SeleniumDriver] [  883] - DataValue : 
[INFO ][2016-01-06 16:04:17,948][com.java.SeleniumDriver] [  889] - <In Set values of the page>
[INFO ][2016-01-06 16:04:17,948][com.java.SeleniumDriver] [  892] - {Data Fields & Data Values Exist}
[INFO ][2016-01-06 16:04:17,948][com.java.SeleniumDriver] [  894] - --------------------------setting values-----------------------------
[INFO ][2016-01-06 16:04:17,948][com.java.SeleniumDriver] [  897] - Action Type : SELECTFRAME
[INFO ][2016-01-06 16:04:19,203][com.java.SeleniumDriver] [  906] -  RESULT true
[INFO ][2016-01-06 16:04:19,203][com.java.SeleniumDriver] [ 1112] - ?   P A S S   ?
[INFO ][2016-01-06 16:04:19,203][com.java.SeleniumDriver] [  832] - ------------------------------------------
[INFO ][2016-01-06 16:04:19,203][com.java.SeleniumDriver] [  833] - Test case being Executed: 6
[INFO ][2016-01-06 16:04:19,203][com.java.SeleniumDriver] [  845] - Test step:29
[INFO ][2016-01-06 16:04:19,203][com.java.SeleniumDriver] [  857] - Datavalue is----------HMVenteredtext
[INFO ][2016-01-06 16:04:19,203][com.java.SeleniumDriver] [  881] - DataField : SLBddlProfitCenter
[INFO ][2016-01-06 16:04:19,203][com.java.SeleniumDriver] [  883] - DataValue : HMVenteredtext
[INFO ][2016-01-06 16:04:19,203][com.java.SeleniumDriver] [  889] - <In Set values of the page>
[INFO ][2016-01-06 16:04:19,203][com.java.SeleniumDriver] [  892] - {Data Fields & Data Values Exist}
[INFO ][2016-01-06 16:04:19,203][com.java.SeleniumDriver] [  894] - --------------------------setting values-----------------------------
[INFO ][2016-01-06 16:04:19,203][com.java.SeleniumDriver] [  897] - Action Type : SELECT
[INFO ][2016-01-06 16:04:19,203][com.java.TestType] [ 5829] - value = VLTest107038
[INFO ][2016-01-06 16:04:21,542][com.java.SeleniumDriver] [  906] -  RESULT true
[INFO ][2016-01-06 16:04:21,542][com.java.SeleniumDriver] [ 1112] - ?   P A S S   ?
[INFO ][2016-01-06 16:04:21,542][com.java.SeleniumDriver] [  832] - ------------------------------------------
[INFO ][2016-01-06 16:04:21,542][com.java.SeleniumDriver] [  833] - Test case being Executed: 6
[INFO ][2016-01-06 16:04:21,542][com.java.SeleniumDriver] [  845] - Test step:30
[INFO ][2016-01-06 16:04:21,542][com.java.SeleniumDriver] [  857] - Datavalue is----------null
[DEBUG][2016-01-06 16:04:21,542][com.java.SeleniumDriver] [  875] - Exception: null
[INFO ][2016-01-06 16:04:21,542][com.java.SeleniumDriver] [  881] - DataField : BTNparent
[INFO ][2016-01-06 16:04:21,542][com.java.SeleniumDriver] [  883] - DataValue : 
[INFO ][2016-01-06 16:04:21,542][com.java.SeleniumDriver] [  889] - <In Set values of the page>
[INFO ][2016-01-06 16:04:21,542][com.java.SeleniumDriver] [  892] - {Data Fields & Data Values Exist}
[INFO ][2016-01-06 16:04:21,542][com.java.SeleniumDriver] [  894] - --------------------------setting values-----------------------------
[INFO ][2016-01-06 16:04:21,542][com.java.SeleniumDriver] [  897] - Action Type : SELECTFRAME
[INFO ][2016-01-06 16:04:21,567][com.java.SeleniumDriver] [  906] -  RESULT true
[INFO ][2016-01-06 16:04:21,567][com.java.SeleniumDriver] [ 1112] - ?   P A S S   ?
[INFO ][2016-01-06 16:04:21,567][com.java.SeleniumDriver] [  832] - ------------------------------------------
[INFO ][2016-01-06 16:04:21,567][com.java.SeleniumDriver] [  833] - Test case being Executed: 6
[INFO ][2016-01-06 16:04:21,567][com.java.SeleniumDriver] [  845] - Test step:31
[INFO ][2016-01-06 16:04:21,567][com.java.SeleniumDriver] [  857] - Datavalue is----------null
[DEBUG][2016-01-06 16:04:21,567][com.java.SeleniumDriver] [  875] - Exception: null
[INFO ][2016-01-06 16:04:21,567][com.java.SeleniumDriver] [  881] - DataField : XPH//span[contains(text(),'Show Report')]
[INFO ][2016-01-06 16:04:21,567][com.java.SeleniumDriver] [  883] - DataValue : 
[INFO ][2016-01-06 16:04:21,567][com.java.SeleniumDriver] [  889] - <In Set values of the page>
[INFO ][2016-01-06 16:04:21,567][com.java.SeleniumDriver] [  892] - {Data Fields & Data Values Exist}
[INFO ][2016-01-06 16:04:21,567][com.java.SeleniumDriver] [  894] - --------------------------setting values-----------------------------
[INFO ][2016-01-06 16:04:21,567][com.java.SeleniumDriver] [  897] - Action Type : click
[INFO ][2016-01-06 16:04:21,567][com.java.TestType] [ 6208] - Field ::XPH//span[contains(text(),'Show Report')]
[INFO ][2016-01-06 16:04:21,567][com.java.TestType] [ 5829] - value = 
[INFO ][2016-01-06 16:04:22,570][com.java.TestType] [ 6345] - BEFORE CLICK
[INFO ][2016-01-06 16:04:23,567][com.java.TestType] [ 6353] - Unable to click the object Show Report button
[INFO ][2016-01-06 16:04:23,567][com.java.SeleniumDriver] [  906] -  RESULT true
[INFO ][2016-01-06 16:04:23,567][com.java.SeleniumDriver] [ 1112] - ?   P A S S   ?
[INFO ][2016-01-06 16:04:23,567][com.java.SeleniumDriver] [  832] - ------------------------------------------
[INFO ][2016-01-06 16:04:23,567][com.java.SeleniumDriver] [  833] - Test case being Executed: 6
[INFO ][2016-01-06 16:04:23,567][com.java.SeleniumDriver] [  845] - Test step:32
[INFO ][2016-01-06 16:04:23,567][com.java.SeleniumDriver] [  857] - Datavalue is----------3
[INFO ][2016-01-06 16:04:23,567][com.java.SeleniumDriver] [  881] - DataField : XPH//img[@id='loading']
[INFO ][2016-01-06 16:04:23,567][com.java.SeleniumDriver] [  883] - DataValue : 3
[INFO ][2016-01-06 16:04:23,567][com.java.SeleniumDriver] [  889] - <In Set values of the page>
[INFO ][2016-01-06 16:04:23,567][com.java.SeleniumDriver] [  892] - {Data Fields & Data Values Exist}
[INFO ][2016-01-06 16:04:23,567][com.java.SeleniumDriver] [  894] - --------------------------setting values-----------------------------
[INFO ][2016-01-06 16:04:23,567][com.java.SeleniumDriver] [  897] - Action Type : WaitForElement
[INFO ][2016-01-06 16:04:23,605][com.java.SeleniumDriver] [  906] -  RESULT true
[INFO ][2016-01-06 16:04:23,605][com.java.SeleniumDriver] [ 1112] - ?   P A S S   ?
[INFO ][2016-01-06 16:04:23,605][com.java.SeleniumDriver] [  832] - ------------------------------------------
[INFO ][2016-01-06 16:04:23,605][com.java.SeleniumDriver] [  833] - Test case being Executed: 6
[INFO ][2016-01-06 16:04:23,605][com.java.SeleniumDriver] [  845] - Test step:33
[INFO ][2016-01-06 16:04:23,605][com.java.SeleniumDriver] [  857] - Datavalue is----------120
[INFO ][2016-01-06 16:04:23,605][com.java.SeleniumDriver] [  881] - DataField : XPH//img[@id='loading']
[INFO ][2016-01-06 16:04:23,605][com.java.SeleniumDriver] [  883] - DataValue : 120
[INFO ][2016-01-06 16:04:23,605][com.java.SeleniumDriver] [  889] - <In Set values of the page>
[INFO ][2016-01-06 16:04:23,605][com.java.SeleniumDriver] [  892] - {Data Fields & Data Values Exist}
[INFO ][2016-01-06 16:04:23,605][com.java.SeleniumDriver] [  894] - --------------------------setting values-----------------------------
[INFO ][2016-01-06 16:04:23,605][com.java.SeleniumDriver] [  897] - Action Type : waitForElementNotPresent
[INFO ][2016-01-06 16:04:24,882][com.java.SeleniumDriver] [  906] -  RESULT true
[INFO ][2016-01-06 16:04:24,882][com.java.SeleniumDriver] [ 1112] - ?   P A S S   ?
[INFO ][2016-01-06 16:04:24,882][com.java.SeleniumDriver] [  832] - ------------------------------------------
[INFO ][2016-01-06 16:04:24,882][com.java.SeleniumDriver] [  833] - Test case being Executed: 6
[INFO ][2016-01-06 16:04:24,882][com.java.SeleniumDriver] [  845] - Test step:34
[INFO ][2016-01-06 16:04:24,882][com.java.SeleniumDriver] [  857] - Datavalue is----------HMVenteredtext
[INFO ][2016-01-06 16:04:24,882][com.java.SeleniumDriver] [  881] - DataField : MSG
[INFO ][2016-01-06 16:04:24,882][com.java.SeleniumDriver] [  883] - DataValue : HMVenteredtext
[INFO ][2016-01-06 16:04:24,882][com.java.SeleniumDriver] [  889] - <In Set values of the page>
[INFO ][2016-01-06 16:04:24,882][com.java.SeleniumDriver] [  892] - {Data Fields & Data Values Exist}
[INFO ][2016-01-06 16:04:24,882][com.java.SeleniumDriver] [  894] - --------------------------setting values-----------------------------
[INFO ][2016-01-06 16:04:24,882][com.java.SeleniumDriver] [  897] - Action Type : VERIFY
[INFO ][2016-01-06 16:04:24,882][com.java.TestType] [ 7203] - field= MSG value= HMVenteredtext
[INFO ][2016-01-06 16:04:24,882][com.java.TestType] [ 5829] - value = VLTest107038
[DEBUG][2016-01-06 16:04:24,882][com.java.TestType] [ 8024] - value :: VLTest107038
[INFO ][2016-01-06 16:04:24,963][com.java.SeleniumDriver] [  906] -  RESULT true
[INFO ][2016-01-06 16:04:24,963][com.java.SeleniumDriver] [ 1112] - ?   P A S S   ?
[INFO ][2016-01-06 16:04:24,963][com.java.SeleniumDriver] [  832] - ------------------------------------------
[INFO ][2016-01-06 16:04:24,963][com.java.SeleniumDriver] [  833] - Test case being Executed: 6
[INFO ][2016-01-06 16:04:24,963][com.java.SeleniumDriver] [  845] - Test step:35
[INFO ][2016-01-06 16:04:24,963][com.java.SeleniumDriver] [  857] - Datavalue is----------null
[DEBUG][2016-01-06 16:04:24,963][com.java.SeleniumDriver] [  875] - Exception: null
[INFO ][2016-01-06 16:04:24,963][com.java.SeleniumDriver] [  881] - DataField : BTNcloseAllTabs
[INFO ][2016-01-06 16:04:24,963][com.java.SeleniumDriver] [  883] - DataValue : 
[INFO ][2016-01-06 16:04:24,963][com.java.SeleniumDriver] [  889] - <In Set values of the page>
[INFO ][2016-01-06 16:04:24,963][com.java.SeleniumDriver] [  892] - {Data Fields & Data Values Exist}
[INFO ][2016-01-06 16:04:24,963][com.java.SeleniumDriver] [  894] - --------------------------setting values-----------------------------
[INFO ][2016-01-06 16:04:24,963][com.java.SeleniumDriver] [  897] - Action Type : CLICK
[INFO ][2016-01-06 16:04:24,963][com.java.TestType] [ 6208] - Field ::BTNcloseAllTabs
[INFO ][2016-01-06 16:04:24,963][com.java.TestType] [ 5829] - value = 
[INFO ][2016-01-06 16:04:25,963][com.java.TestType] [ 6324] - BEFORE CLICK
[INFO ][2016-01-06 16:04:27,492][com.java.TestType] [ 6331] - Unable to click the object Close all tabs button
[INFO ][2016-01-06 16:04:27,492][com.java.SeleniumDriver] [  906] -  RESULT true
[INFO ][2016-01-06 16:04:27,492][com.java.SeleniumDriver] [ 1112] - ?   P A S S   ?
[INFO ][2016-01-06 16:04:27,492][com.java.SeleniumDriver] [  832] - ------------------------------------------
[INFO ][2016-01-06 16:04:27,492][com.java.SeleniumDriver] [  833] - Test case being Executed: 6
[INFO ][2016-01-06 16:04:27,492][com.java.SeleniumDriver] [  845] - Test step:36
[INFO ][2016-01-06 16:04:27,492][com.java.SeleniumDriver] [  857] - Datavalue is----------10
[INFO ][2016-01-06 16:04:27,492][com.java.SeleniumDriver] [  881] - DataField : XPH//div[contains(text(), 'My Dashboard')]
[INFO ][2016-01-06 16:04:27,492][com.java.SeleniumDriver] [  883] - DataValue : 10
[INFO ][2016-01-06 16:04:27,492][com.java.SeleniumDriver] [  889] - <In Set values of the page>
[INFO ][2016-01-06 16:04:27,492][com.java.SeleniumDriver] [  892] - {Data Fields & Data Values Exist}
[INFO ][2016-01-06 16:04:27,492][com.java.SeleniumDriver] [  894] - --------------------------setting values-----------------------------
[INFO ][2016-01-06 16:04:27,492][com.java.SeleniumDriver] [  897] - Action Type : WAITFORELEMENT
[INFO ][2016-01-06 16:04:27,567][com.java.SeleniumDriver] [  906] -  RESULT true
[INFO ][2016-01-06 16:04:27,567][com.java.SeleniumDriver] [ 1112] - ?   P A S S   ?
[INFO ][2016-01-06 16:04:27,567][com.java.SeleniumDriver] [  832] - ------------------------------------------
[INFO ][2016-01-06 16:04:27,567][com.java.SeleniumDriver] [  833] - Test case being Executed: 6
[INFO ][2016-01-06 16:04:27,567][com.java.SeleniumDriver] [  845] - Test step:37
[INFO ][2016-01-06 16:04:27,567][com.java.SeleniumDriver] [  857] - Datavalue is----------null
[DEBUG][2016-01-06 16:04:27,567][com.java.SeleniumDriver] [  875] - Exception: null
[INFO ][2016-01-06 16:04:27,567][com.java.SeleniumDriver] [  881] - DataField : //span[@class='icon-user4']&&//ul[@id='Admin']/li[2]/a&&//ul[@id="GLMapping"]//a[@data-id="ProfitCenters"]
[INFO ][2016-01-06 16:04:27,567][com.java.SeleniumDriver] [  883] - DataValue : 
[INFO ][2016-01-06 16:04:27,567][com.java.SeleniumDriver] [  889] - <In Set values of the page>
[INFO ][2016-01-06 16:04:27,567][com.java.SeleniumDriver] [  892] - {Data Fields & Data Values Exist}
[INFO ][2016-01-06 16:04:27,567][com.java.SeleniumDriver] [  894] - --------------------------setting values-----------------------------
[INFO ][2016-01-06 16:04:27,569][com.java.SeleniumDriver] [  897] - Action Type : mouseover
[INFO ][2016-01-06 16:04:54,393][com.java.SeleniumDriver] [  906] -  RESULT true
[INFO ][2016-01-06 16:04:54,393][com.java.SeleniumDriver] [ 1112] - ?   P A S S   ?
[INFO ][2016-01-06 16:04:54,393][com.java.SeleniumDriver] [  832] - ------------------------------------------
[INFO ][2016-01-06 16:04:54,393][com.java.SeleniumDriver] [  833] - Test case being Executed: 6
[INFO ][2016-01-06 16:04:54,393][com.java.SeleniumDriver] [  845] - Test step:38
[INFO ][2016-01-06 16:04:54,393][com.java.SeleniumDriver] [  857] - Datavalue is----------5
[INFO ][2016-01-06 16:04:54,393][com.java.SeleniumDriver] [  881] - DataField : XPH//iframe[@class='frameTabContent']
[INFO ][2016-01-06 16:04:54,393][com.java.SeleniumDriver] [  883] - DataValue : 5
[INFO ][2016-01-06 16:04:54,393][com.java.SeleniumDriver] [  889] - <In Set values of the page>
[INFO ][2016-01-06 16:04:54,393][com.java.SeleniumDriver] [  892] - {Data Fields & Data Values Exist}
[INFO ][2016-01-06 16:04:54,393][com.java.SeleniumDriver] [  894] - --------------------------setting values-----------------------------
[INFO ][2016-01-06 16:04:54,393][com.java.SeleniumDriver] [  897] - Action Type : waitforelement
[INFO ][2016-01-06 16:04:54,429][com.java.SeleniumDriver] [  906] -  RESULT true
[INFO ][2016-01-06 16:04:54,429][com.java.SeleniumDriver] [ 1112] - ?   P A S S   ?
[INFO ][2016-01-06 16:04:54,429][com.java.SeleniumDriver] [  832] - ------------------------------------------
[INFO ][2016-01-06 16:04:54,429][com.java.SeleniumDriver] [  833] - Test case being Executed: 6
[INFO ][2016-01-06 16:04:54,429][com.java.SeleniumDriver] [  845] - Test step:39
[INFO ][2016-01-06 16:04:54,429][com.java.SeleniumDriver] [  857] - Datavalue is----------null
[DEBUG][2016-01-06 16:04:54,429][com.java.SeleniumDriver] [  875] - Exception: null
[INFO ][2016-01-06 16:04:54,429][com.java.SeleniumDriver] [  881] - DataField : BTN//iframe[@class='frameTabContent']
[INFO ][2016-01-06 16:04:54,429][com.java.SeleniumDriver] [  883] - DataValue : 
[INFO ][2016-01-06 16:04:54,432][com.java.SeleniumDriver] [  889] - <In Set values of the page>
[INFO ][2016-01-06 16:04:54,432][com.java.SeleniumDriver] [  892] - {Data Fields & Data Values Exist}
[INFO ][2016-01-06 16:04:54,432][com.java.SeleniumDriver] [  894] - --------------------------setting values-----------------------------
[INFO ][2016-01-06 16:04:54,432][com.java.SeleniumDriver] [  897] - Action Type : SELECTFRAME
[INFO ][2016-01-06 16:04:54,537][com.java.SeleniumDriver] [  906] -  RESULT true
[INFO ][2016-01-06 16:04:54,537][com.java.SeleniumDriver] [ 1112] - ?   P A S S   ?
[INFO ][2016-01-06 16:04:54,537][com.java.SeleniumDriver] [  832] - ------------------------------------------
[INFO ][2016-01-06 16:04:54,537][com.java.SeleniumDriver] [  833] - Test case being Executed: 6
[INFO ][2016-01-06 16:04:54,537][com.java.SeleniumDriver] [  845] - Test step:40
[INFO ][2016-01-06 16:04:54,537][com.java.SeleniumDriver] [  857] - Datavalue is----------Manage Profit Centers and Regions 
[INFO ][2016-01-06 16:04:54,537][com.java.SeleniumDriver] [  881] - DataField : MSG
[INFO ][2016-01-06 16:04:54,537][com.java.SeleniumDriver] [  883] - DataValue : Manage Profit Centers and Regions 
[INFO ][2016-01-06 16:04:54,537][com.java.SeleniumDriver] [  889] - <In Set values of the page>
[INFO ][2016-01-06 16:04:54,537][com.java.SeleniumDriver] [  892] - {Data Fields & Data Values Exist}
[INFO ][2016-01-06 16:04:54,537][com.java.SeleniumDriver] [  894] - --------------------------setting values-----------------------------
[INFO ][2016-01-06 16:04:54,537][com.java.SeleniumDriver] [  897] - Action Type : VERIFY
[INFO ][2016-01-06 16:04:54,537][com.java.TestType] [ 7203] - field= MSG value= Manage Profit Centers and Regions 
[INFO ][2016-01-06 16:04:54,537][com.java.TestType] [ 5829] - value = Manage Profit Centers and Regions 
[DEBUG][2016-01-06 16:04:54,537][com.java.TestType] [ 8024] - value :: Manage Profit Centers and Regions 
[INFO ][2016-01-06 16:04:54,584][com.java.SeleniumDriver] [  906] -  RESULT true
[INFO ][2016-01-06 16:04:54,584][com.java.SeleniumDriver] [ 1112] - ?   P A S S   ?
[INFO ][2016-01-06 16:04:54,584][com.java.SeleniumDriver] [  832] - ------------------------------------------
[INFO ][2016-01-06 16:04:54,584][com.java.SeleniumDriver] [  833] - Test case being Executed: 6
[INFO ][2016-01-06 16:04:54,584][com.java.SeleniumDriver] [  845] - Test step:41
[INFO ][2016-01-06 16:04:54,584][com.java.SeleniumDriver] [  857] - Datavalue is----------null
[DEBUG][2016-01-06 16:04:54,584][com.java.SeleniumDriver] [  875] - Exception: null
[INFO ][2016-01-06 16:04:54,584][com.java.SeleniumDriver] [  881] - DataField : LNKRegions
[INFO ][2016-01-06 16:04:54,584][com.java.SeleniumDriver] [  883] - DataValue : 
[INFO ][2016-01-06 16:04:54,584][com.java.SeleniumDriver] [  889] - <In Set values of the page>
[INFO ][2016-01-06 16:04:54,584][com.java.SeleniumDriver] [  892] - {Data Fields & Data Values Exist}
[INFO ][2016-01-06 16:04:54,584][com.java.SeleniumDriver] [  894] - --------------------------setting values-----------------------------
[INFO ][2016-01-06 16:04:54,584][com.java.SeleniumDriver] [  897] - Action Type : click
[INFO ][2016-01-06 16:04:54,584][com.java.TestType] [ 6208] - Field ::LNKRegions
[INFO ][2016-01-06 16:04:54,584][com.java.TestType] [ 5829] - value = 
[INFO ][2016-01-06 16:04:55,584][com.java.TestType] [ 6308] - BEFORE CLICK on Regions
[INFO ][2016-01-06 16:04:56,510][com.java.SeleniumDriver] [  906] -  RESULT true
[INFO ][2016-01-06 16:04:56,510][com.java.SeleniumDriver] [ 1112] - ?   P A S S   ?
[INFO ][2016-01-06 16:04:56,510][com.java.SeleniumDriver] [  832] - ------------------------------------------
[INFO ][2016-01-06 16:04:56,510][com.java.SeleniumDriver] [  833] - Test case being Executed: 6
[INFO ][2016-01-06 16:04:56,510][com.java.SeleniumDriver] [  845] - Test step:42
[INFO ][2016-01-06 16:04:56,510][com.java.SeleniumDriver] [  857] - Datavalue is----------enteredtext
[INFO ][2016-01-06 16:04:56,510][com.java.SeleniumDriver] [  881] - DataField : MOC//div[@class="container"]//td[contains(text(),'mytext')]//following-sibling::td//span[@class='glyphicon glyphicon-remove']
[INFO ][2016-01-06 16:04:56,510][com.java.SeleniumDriver] [  883] - DataValue : enteredtext
[INFO ][2016-01-06 16:04:56,510][com.java.SeleniumDriver] [  889] - <In Set values of the page>
[INFO ][2016-01-06 16:04:56,510][com.java.SeleniumDriver] [  892] - {Data Fields & Data Values Exist}
[INFO ][2016-01-06 16:04:56,510][com.java.SeleniumDriver] [  894] - --------------------------setting values-----------------------------
[INFO ][2016-01-06 16:04:56,510][com.java.SeleniumDriver] [  897] - Action Type : clickwithalert
[INFO ][2016-01-06 16:04:58,796][com.java.SeleniumDriver] [  906] -  RESULT true
[INFO ][2016-01-06 16:04:58,796][com.java.SeleniumDriver] [ 1112] - ?   P A S S   ?
[INFO ][2016-01-06 16:04:58,796][com.java.SeleniumDriver] [  832] - ------------------------------------------
[INFO ][2016-01-06 16:04:58,796][com.java.SeleniumDriver] [  833] - Test case being Executed: 6
[INFO ][2016-01-06 16:04:58,796][com.java.SeleniumDriver] [  845] - Test step:43
[INFO ][2016-01-06 16:04:58,796][com.java.SeleniumDriver] [  857] - Datavalue is----------10
[INFO ][2016-01-06 16:04:58,796][com.java.SeleniumDriver] [  881] - DataField : test
[INFO ][2016-01-06 16:04:58,796][com.java.SeleniumDriver] [  883] - DataValue : 10
[INFO ][2016-01-06 16:04:58,799][com.java.SeleniumDriver] [  889] - <In Set values of the page>
[INFO ][2016-01-06 16:04:58,799][com.java.SeleniumDriver] [  892] - {Data Fields & Data Values Exist}
[INFO ][2016-01-06 16:04:58,799][com.java.SeleniumDriver] [  894] - --------------------------setting values-----------------------------
[INFO ][2016-01-06 16:04:58,799][com.java.SeleniumDriver] [  897] - Action Type : WaitTime
[DEBUG][2016-01-06 16:04:58,799][com.java.TestType] [ 5649] - sleepTime: 10000
[INFO ][2016-01-06 16:05:08,799][com.java.SeleniumDriver] [  906] -  RESULT true
[INFO ][2016-01-06 16:05:08,799][com.java.SeleniumDriver] [ 1112] - ?   P A S S   ?
[INFO ][2016-01-06 16:05:08,799][com.java.SeleniumDriver] [  832] - ------------------------------------------
[INFO ][2016-01-06 16:05:08,799][com.java.SeleniumDriver] [  833] - Test case being Executed: 6
[INFO ][2016-01-06 16:05:08,799][com.java.SeleniumDriver] [  845] - Test step:44
[INFO ][2016-01-06 16:05:08,799][com.java.SeleniumDriver] [  857] - Datavalue is----------10
[INFO ][2016-01-06 16:05:08,799][com.java.SeleniumDriver] [  881] - DataField : XPH//select[@class="form-control input-sm"]
[INFO ][2016-01-06 16:05:08,799][com.java.SeleniumDriver] [  883] - DataValue : 10
[INFO ][2016-01-06 16:05:08,799][com.java.SeleniumDriver] [  889] - <In Set values of the page>
[INFO ][2016-01-06 16:05:08,799][com.java.SeleniumDriver] [  892] - {Data Fields & Data Values Exist}
[INFO ][2016-01-06 16:05:08,799][com.java.SeleniumDriver] [  894] - --------------------------setting values-----------------------------
[INFO ][2016-01-06 16:05:08,799][com.java.SeleniumDriver] [  897] - Action Type : waitforelement
[INFO ][2016-01-06 16:05:08,827][com.java.SeleniumDriver] [  906] -  RESULT true
[INFO ][2016-01-06 16:05:08,827][com.java.SeleniumDriver] [ 1112] - ?   P A S S   ?
[INFO ][2016-01-06 16:05:08,827][com.java.SeleniumDriver] [  832] - ------------------------------------------
[INFO ][2016-01-06 16:05:08,827][com.java.SeleniumDriver] [  833] - Test case being Executed: 6
[INFO ][2016-01-06 16:05:08,827][com.java.SeleniumDriver] [  845] - Test step:45
[INFO ][2016-01-06 16:05:08,827][com.java.SeleniumDriver] [  857] - Datavalue is----------HMVenteredtext
[INFO ][2016-01-06 16:05:08,827][com.java.SeleniumDriver] [  881] - DataField : MSG
[INFO ][2016-01-06 16:05:08,827][com.java.SeleniumDriver] [  883] - DataValue : HMVenteredtext
[INFO ][2016-01-06 16:05:08,827][com.java.SeleniumDriver] [  889] - <In Set values of the page>
[INFO ][2016-01-06 16:05:08,827][com.java.SeleniumDriver] [  892] - {Data Fields & Data Values Exist}
[INFO ][2016-01-06 16:05:08,827][com.java.SeleniumDriver] [  894] - --------------------------setting values-----------------------------
[INFO ][2016-01-06 16:05:08,827][com.java.SeleniumDriver] [  897] - Action Type : VERIFYNOTPRESENT
[INFO ][2016-01-06 16:05:08,830][com.java.TestType] [ 8867] - field= MSG value= HMVenteredtext
[DEBUG][2016-01-06 16:05:08,855][com.java.TestType] [ 8884] - Text :: +VLTest107038   :: found which is NOT expected.
[INFO ][2016-01-06 16:05:08,855][com.java.SeleniumDriver] [  906] -  RESULT false
[INFO ][2016-01-06 16:05:08,855][com.java.SeleniumDriver] [  953] - ?   F A I L   ?
[INFO ][2016-01-06 16:05:08,855][com.java.SeleniumDriver] [  961] - Browser Type : IE10
[INFO ][2016-01-06 16:05:08,855][com.java.SeleniumDriver] [  962] - Adding Failed case6
[INFO ][2016-01-06 16:05:09,692][com.java.SeleniumDriver] [ 1076] - failedCases = 6
[ERROR][2016-01-06 16:05:09,692][com.java.SeleniumDriver] [ 1575] - Platform Errors : Our apologies...::We have encountered an issue with your request.::Our apologies?:We encountered an issue with your request.
[INFO ][2016-01-06 16:05:09,692][com.java.SeleniumDriver] [ 1579] - Length =3
[ERROR][2016-01-06 16:05:09,692][com.java.SeleniumDriver] [ 1582] - Error 0 = Our apologies...
[ERROR][2016-01-06 16:05:09,760][com.java.SeleniumDriver] [ 1582] - Error 1 = We have encountered an issue with your request.
[ERROR][2016-01-06 16:05:09,775][com.java.SeleniumDriver] [ 1582] - Error 2 = Our apologies?:We encountered an issue with your request.
[INFO ][2016-01-06 16:05:09,790][com.java.SeleniumDriver] [ 1593] - strError:
[DEBUG][2016-01-06 16:05:09,805][com.java.SeleniumDriver] [ 1224] - Case found
[DEBUG][2016-01-06 16:05:09,805][com.java.SeleniumDriver] [ 1229] - Incrementing ReportCounters[0]:2
[INFO ][2016-01-06 16:05:09,805][com.java.SeleniumDriver] [ 1248] - The results are-------------------[6, 45, Admin: GL Mapping: Profit Centers: GL Regions Newly added Regions show up in report lists, Fail, 
Test case failed at Step No. :: 45   Error Message ::  Text :: +VLTest107038   :: found which is NOT expected.. Screen Shot : D:\BankersDashboard\TestReports\010616\6_010616_160508_IE10.png, Wed Jan 06 16:05:09 IST 2016]
[INFO ][2016-01-06 16:05:09,805][com.java.SeleniumDriver] [ 1252] - End time is-------3 min 15 sec
[INFO ][2016-01-06 16:05:09,805][com.java.SeleniumDriver] [ 1253] - The results are-------------------[6, 45, Admin: GL Mapping: Profit Centers: GL Regions Newly added Regions show up in report lists, Fail, 
Test case failed at Step No. :: 45   Error Message ::  Text :: +VLTest107038   :: found which is NOT expected.. Screen Shot : D:\BankersDashboard\TestReports\010616\6_010616_160508_IE10.png, Wed Jan 06 16:05:09 IST 2016]
[DEBUG][2016-01-06 16:05:09,805][com.java.ImportnExport.ExportTestResultsExcel] [  222] - testResultPath = D:\BankersDashboard/TestReports/Test Results_BankersDashBoard_010616_160156_IE10_United Bank.xls
[DEBUG][2016-01-06 16:05:09,805][com.java.ImportnExport.ExportTestResultsExcel] [  223] - browser is------------IE10
[DEBUG][2016-01-06 16:05:09,807][com.java.ImportnExport.ExportTestResultsExcel] [  270] - result.size() = 6
[DEBUG][2016-01-06 16:05:09,807][com.java.ImportnExport.ExportTestResultsExcel] [  274] - No of rows in sheet=2
[DEBUG][2016-01-06 16:05:09,807][com.java.ImportnExport.ExportTestResultsExcel] [  301] - ..in export..6
[DEBUG][2016-01-06 16:05:09,807][com.java.ImportnExport.ExportTestResultsExcel] [  301] - ..in export..Admin: GL Mapping: Profit Centers: GL Regions Newly added Regions show up in report lists
[DEBUG][2016-01-06 16:05:09,807][com.java.ImportnExport.ExportTestResultsExcel] [  301] - ..in export..Fail
[DEBUG][2016-01-06 16:05:09,807][com.java.ImportnExport.ExportTestResultsExcel] [  301] - ..in export..
Test case failed at Step No. :: 45   Error Message ::  Text :: +VLTest107038   :: found which is NOT expected.. Screen Shot : D:\BankersDashboard\TestReports\010616\6_010616_160508_IE10.png
[DEBUG][2016-01-06 16:05:09,807][com.java.ImportnExport.ExportTestResultsExcel] [  301] - ..in export..Wed Jan 06 16:05:09 IST 2016
[INFO ][2016-01-06 16:05:09,810][com.java.SeleniumDriver] [ 1313] - out loop:1 size:2 TestCases:[1, 6] testcases:[1, 6]
[INFO ][2016-01-06 16:05:11,811][com.java.SeleniumDriver] [ 1356] - Total Number of Cases:2
[INFO ][2016-01-06 16:05:11,811][com.java.TemplateGenerator] [  302] - Executed:2
[INFO ][2016-01-06 16:05:11,811][com.java.TemplateGenerator] [  303] - Passed:1
[INFO ][2016-01-06 16:05:11,811][com.java.TemplateGenerator] [  304] - Failed:1
[INFO ][2016-01-06 16:05:11,811][com.java.TemplateGenerator] [  305] - Skipeed:0
[INFO ][2016-01-06 16:05:11,811][com.java.TemplateGenerator] [  306] - Application URL:https://clients-xuat.bankersdashboard.com
[INFO ][2016-01-06 16:05:11,811][com.java.TemplateGenerator] [  307] - Start Time:010616_160156
[INFO ][2016-01-06 16:05:11,811][com.java.TemplateGenerator] [  308] -  Creating HTML Report 
[ERROR][2016-01-06 16:05:11,811][com.java.TemplateGenerator] [  409] - Unparseable date: "Wed Jan 06 04:01:56 IST 2016"
[INFO ][2016-01-06 16:05:11,813][com.java.TemplateGenerator] [  654] -  Exporting case :: 1
[INFO ][2016-01-06 16:05:11,813][com.java.TemplateGenerator] [  654] -  Exporting case :: 6
[INFO ][2016-01-06 16:05:11,819][com.java.SeleniumDriver] [ 1405] - End Time:010616_160511
[INFO ][2016-01-06 16:05:11,819][com.java.SeleniumDriver] [ 1408] - Data in Test Execution Details:{1=PASS, 6=FAILTest case failed at Step No. :: 45   Error Message ::  Text :: +VLTest107038   :: found which is NOT expected.}
[INFO ][2016-01-06 16:05:11,819][com.java.SeleniumDriver] [ 1409] - Data in Failed Execution Deatils:{}
[INFO ][2016-01-06 16:05:11,819][com.java.SeleniumDriver] [ 1411] - ReportCounter:Total:2 :: PASS: 1 ::FAIL: 1
[INFO ][2016-01-06 16:05:11,819][com.java.SeleniumDriver] [ 1412] - FailedReportCounter:Total:0 :: PASS: 0 ::FAIL: 0
[INFO ][2016-01-06 16:05:11,827][com.java.EmailTestReport] [   63] - Sending report mail details:
[INFO ][2016-01-06 16:05:11,827][com.java.EmailTestReport] [   80] - Excel Report Path:D:\BankersDashboard/TestReports/Test Results_BankersDashBoard_010616_160156_IE10_United Bank.xls
[INFO ][2016-01-06 16:05:11,827][com.java.EmailTestReport] [   81] - HTML Report Path:D:\BankersDashboard//TestReports//Test Results_BankersDashBoard_010616_160156_IE10_United Bank.html
[INFO ][2016-01-06 16:05:11,827][com.java.EmailTestReport] [   82] - smtpHostName:mail01.valuelabs.com
[INFO ][2016-01-06 16:05:11,827][com.java.EmailTestReport] [   83] - Recipient:venkateswararao.gubbala@valuelabs.com;
[INFO ][2016-01-06 16:05:11,827][com.java.EmailTestReport] [   84] - From:venkateswararao.gubbala@valuelabs.com;
[INFO ][2016-01-06 16:05:11,827][com.java.EmailTestReport] [   85] - Subject:Deluxe Corp Bankers Dashboard Automation Test Report - United Bank - IE10
[INFO ][2016-01-06 16:05:11,842][com.java.EmailTestReport] [  143] -  Added venkateswararao.gubbala@valuelabs.com
[INFO ][2016-01-06 16:05:14,959][com.java.SeleniumDriver] [  722] - quitting the browser 
[INFO ][2016-01-06 16:05:16,714][com.java.SeleniumDriver] [  264] - Execution Completed Stopping the thread
