[INFO ][2015-11-18 17:31:14,968][com.java.SeleniumDriver] [  213] - Execute Failed Casesfalse
[INFO ][2015-11-18 17:31:14,968][com.java.SeleniumDriver] [  214] - Browser: IE10
[INFO ][2015-11-18 17:31:14,968][com.java.SeleniumDriver] [  215] - [1, 6]
[INFO ][2015-11-18 17:31:14,968][com.java.SeleniumDriver] [  216] - Total TestCases:2
[INFO ][2015-11-18 17:31:14,968][com.java.SeleniumDriver] [  217] -  Reading Properties from Property File 
[DEBUG][2015-11-18 17:31:14,969][com.java.SeleniumDriver] [  238] - url : https://clients-xuat.bankersdashboard.com
[INFO ][2015-11-18 17:31:14,970][com.java.ImportnExport.ExportTestResultsExcel] [  116] - Time Stamp Wed Nov 18 05:31:14 IST 2015
[INFO ][2015-11-18 17:31:14,970][com.java.ImportnExport.ExportTestResultsExcel] [  175] - OUT FILE : D:\BankersDashboard/TestReports/Test Results_BankersDashBoard_111815_173114_IE10_Simmons First National Bank.xls
[INFO ][2015-11-18 17:31:14,998][com.java.ImportnExport.ExportTestResultsExcel] [  180] - Test Result file is created
[DEBUG][2015-11-18 17:31:15,099][com.java.SeleniumDriver] [  425] - Hub ip address is-------172.17.68.34
[INFO ][2015-11-18 17:31:15,100][com.java.SeleniumDriver] [  451] - Grid URL:http://172.17.68.34:4444/wd/hub
[INFO ][2015-11-18 17:31:15,100][com.java.SeleniumDriver] [  452] - Capability:Capabilities [{platform=ANY, ensureCleanSession=true, ignoreProtectedModeSettings=true, acceptSslCerts=true, ignoreZoomSetting=true, browserName=internet explorer, browserstack.ie.noFlash=true, version=null}]
[ERROR][2015-11-18 17:31:16,400][com.java.SeleniumDriver] [  496] - Unable invoke browser in grid:Could not start a new session. Possible causes are invalid address of the remote server or browser start-up failure.
Build info: version: '2.48.2', revision: '41bccdd', time: '2015-10-09 19:59:12'
System info: host: 'FVTIII438F1D', ip: '172.17.68.34', os.name: 'Windows 7', os.arch: 'x86', os.version: '6.1', java.version: '1.7.0_55'
Driver info: driver.version: SeleniumDriver
[INFO ][2015-11-18 17:31:16,400][com.java.SeleniumDriver] [  498] - Executing on local machine
[INFO ][2015-11-18 17:31:25,682][com.java.SeleniumDriver] [  248] - IE10is opened
[INFO ][2015-11-18 17:31:26,313][com.java.SeleniumDriver] [  753] - Test cases to be executed are: [1, 6]
[INFO ][2015-11-18 17:31:26,330][com.java.ImportnExport.ImportTestDataDetailsExcel] [   49] - test data details path===== D:\BankersDashboard\TestInputs\TestData.xls
[INFO ][2015-11-18 17:31:26,378][com.java.SeleniumDriver] [  796] - ------------------------------------------
[INFO ][2015-11-18 17:31:26,378][com.java.SeleniumDriver] [  797] - Test case being Executed: 1
[INFO ][2015-11-18 17:31:26,378][com.java.SeleniumDriver] [  808] - Test step:1
[INFO ][2015-11-18 17:31:26,378][com.java.SeleniumDriver] [  820] - Datavalue is----------Concept#1:1-14
[INFO ][2015-11-18 17:31:26,378][com.java.SeleniumDriver] [  844] - DataField : test
[INFO ][2015-11-18 17:31:26,378][com.java.SeleniumDriver] [  846] - DataValue : Concept#1:1-14
[INFO ][2015-11-18 17:31:26,379][com.java.SeleniumDriver] [  852] - <In Set values of the page>
[INFO ][2015-11-18 17:31:26,379][com.java.SeleniumDriver] [  855] - {Data Fields & Data Values Exist}
[INFO ][2015-11-18 17:31:26,379][com.java.SeleniumDriver] [  857] - --------------------------setting values-----------------------------
[INFO ][2015-11-18 17:31:26,379][com.java.SeleniumDriver] [  860] - Action Type : ExecuteTestCase
[INFO ][2015-11-18 17:31:26,396][com.java.TestType] [  423] - The Concept sheet name is ---------- Concept
[INFO ][2015-11-18 17:31:26,396][com.java.TestType] [  426] - The Concept ID  is ---------- 1
[DEBUG][2015-11-18 17:31:26,396][com.java.TestType] [  430] - Steps being executted in the Concept are: 1:14
[INFO ][2015-11-18 17:31:26,396][com.java.TestType] [  437] - Test data details path ---------- D:\BankersDashboard\TestInputs\TestData.xls
[INFO ][2015-11-18 17:31:26,433][com.java.TestType] [  468] -  str(1) = 1
[INFO ][2015-11-18 17:31:26,433][com.java.TestType] [  471] - Test case Id is---1
[INFO ][2015-11-18 17:31:26,433][com.java.TestType] [  473] - 1
[INFO ][2015-11-18 17:31:26,433][com.java.TestType] [  468] -  str(2) = 1
[INFO ][2015-11-18 17:31:26,436][com.java.TestType] [  520] - row values are--------{1=com.java.Objects.TestDataDetails@5bbff2}
[INFO ][2015-11-18 17:31:26,436][com.java.TestType] [  468] -  str(1) = 1
[INFO ][2015-11-18 17:31:26,436][com.java.TestType] [  471] - Test case Id is---1
[INFO ][2015-11-18 17:31:26,436][com.java.TestType] [  473] - 1
[INFO ][2015-11-18 17:31:26,436][com.java.TestType] [  468] -  str(2) = 2
[INFO ][2015-11-18 17:31:26,437][com.java.TestType] [  520] - row values are--------{1=com.java.Objects.TestDataDetails@5bbff2, 2=com.java.Objects.TestDataDetails@48563c}
[INFO ][2015-11-18 17:31:26,437][com.java.TestType] [  468] -  str(1) = 1
[INFO ][2015-11-18 17:31:26,438][com.java.TestType] [  471] - Test case Id is---1
[INFO ][2015-11-18 17:31:26,438][com.java.TestType] [  473] - 1
[INFO ][2015-11-18 17:31:26,439][com.java.TestType] [  468] -  str(2) = 3
[INFO ][2015-11-18 17:31:26,440][com.java.TestType] [  520] - row values are--------{1=com.java.Objects.TestDataDetails@5bbff2, 2=com.java.Objects.TestDataDetails@48563c, 3=com.java.Objects.TestDataDetails@11bb20d}
[INFO ][2015-11-18 17:31:26,440][com.java.TestType] [  468] -  str(1) = 1
[INFO ][2015-11-18 17:31:26,440][com.java.TestType] [  471] - Test case Id is---1
[INFO ][2015-11-18 17:31:26,440][com.java.TestType] [  473] - 1
[INFO ][2015-11-18 17:31:26,441][com.java.TestType] [  468] -  str(2) = 4
[INFO ][2015-11-18 17:31:26,442][com.java.TestType] [  520] - row values are--------{1=com.java.Objects.TestDataDetails@5bbff2, 2=com.java.Objects.TestDataDetails@48563c, 3=com.java.Objects.TestDataDetails@11bb20d, 4=com.java.Objects.TestDataDetails@f180d9}
[INFO ][2015-11-18 17:31:26,442][com.java.TestType] [  468] -  str(1) = 1
[INFO ][2015-11-18 17:31:26,442][com.java.TestType] [  471] - Test case Id is---1
[INFO ][2015-11-18 17:31:26,442][com.java.TestType] [  473] - 1
[INFO ][2015-11-18 17:31:26,442][com.java.TestType] [  468] -  str(2) = 5
[INFO ][2015-11-18 17:31:26,445][com.java.TestType] [  520] - row values are--------{1=com.java.Objects.TestDataDetails@5bbff2, 2=com.java.Objects.TestDataDetails@48563c, 3=com.java.Objects.TestDataDetails@11bb20d, 4=com.java.Objects.TestDataDetails@f180d9, 5=com.java.Objects.TestDataDetails@15d2461}
[INFO ][2015-11-18 17:31:26,445][com.java.TestType] [  468] -  str(1) = 1
[INFO ][2015-11-18 17:31:26,445][com.java.TestType] [  471] - Test case Id is---1
[INFO ][2015-11-18 17:31:26,445][com.java.TestType] [  473] - 1
[INFO ][2015-11-18 17:31:26,446][com.java.TestType] [  468] -  str(2) = 6
[INFO ][2015-11-18 17:31:26,446][com.java.TestType] [  520] - row values are--------{1=com.java.Objects.TestDataDetails@5bbff2, 2=com.java.Objects.TestDataDetails@48563c, 3=com.java.Objects.TestDataDetails@11bb20d, 4=com.java.Objects.TestDataDetails@f180d9, 5=com.java.Objects.TestDataDetails@15d2461, 6=com.java.Objects.TestDataDetails@27ca20}
[INFO ][2015-11-18 17:31:26,446][com.java.TestType] [  468] -  str(1) = 1
[INFO ][2015-11-18 17:31:26,447][com.java.TestType] [  471] - Test case Id is---1
[INFO ][2015-11-18 17:31:26,447][com.java.TestType] [  473] - 1
[INFO ][2015-11-18 17:31:26,447][com.java.TestType] [  468] -  str(2) = 7
[INFO ][2015-11-18 17:31:26,448][com.java.TestType] [  520] - row values are--------{1=com.java.Objects.TestDataDetails@5bbff2, 2=com.java.Objects.TestDataDetails@48563c, 3=com.java.Objects.TestDataDetails@11bb20d, 4=com.java.Objects.TestDataDetails@f180d9, 5=com.java.Objects.TestDataDetails@15d2461, 6=com.java.Objects.TestDataDetails@27ca20, 7=com.java.Objects.TestDataDetails@16fb175}
[INFO ][2015-11-18 17:31:26,448][com.java.TestType] [  468] -  str(1) = 1
[INFO ][2015-11-18 17:31:26,448][com.java.TestType] [  471] - Test case Id is---1
[INFO ][2015-11-18 17:31:26,448][com.java.TestType] [  473] - 1
[INFO ][2015-11-18 17:31:26,448][com.java.TestType] [  468] -  str(2) = 8
[INFO ][2015-11-18 17:31:26,449][com.java.TestType] [  520] - row values are--------{1=com.java.Objects.TestDataDetails@5bbff2, 2=com.java.Objects.TestDataDetails@48563c, 3=com.java.Objects.TestDataDetails@11bb20d, 4=com.java.Objects.TestDataDetails@f180d9, 5=com.java.Objects.TestDataDetails@15d2461, 6=com.java.Objects.TestDataDetails@27ca20, 7=com.java.Objects.TestDataDetails@16fb175, 8=com.java.Objects.TestDataDetails@1d3477d}
[INFO ][2015-11-18 17:31:26,449][com.java.TestType] [  468] -  str(1) = 1
[INFO ][2015-11-18 17:31:26,449][com.java.TestType] [  471] - Test case Id is---1
[INFO ][2015-11-18 17:31:26,449][com.java.TestType] [  473] - 1
[INFO ][2015-11-18 17:31:26,449][com.java.TestType] [  468] -  str(2) = 9
[INFO ][2015-11-18 17:31:26,450][com.java.TestType] [  520] - row values are--------{1=com.java.Objects.TestDataDetails@5bbff2, 2=com.java.Objects.TestDataDetails@48563c, 3=com.java.Objects.TestDataDetails@11bb20d, 4=com.java.Objects.TestDataDetails@f180d9, 5=com.java.Objects.TestDataDetails@15d2461, 6=com.java.Objects.TestDataDetails@27ca20, 7=com.java.Objects.TestDataDetails@16fb175, 8=com.java.Objects.TestDataDetails@1d3477d, 9=com.java.Objects.TestDataDetails@b9dbd2}
[INFO ][2015-11-18 17:31:26,450][com.java.TestType] [  468] -  str(1) = 1
[INFO ][2015-11-18 17:31:26,450][com.java.TestType] [  471] - Test case Id is---1
[INFO ][2015-11-18 17:31:26,450][com.java.TestType] [  473] - 1
[INFO ][2015-11-18 17:31:26,451][com.java.TestType] [  468] -  str(2) = 10
[INFO ][2015-11-18 17:31:26,451][com.java.TestType] [  520] - row values are--------{1=com.java.Objects.TestDataDetails@5bbff2, 2=com.java.Objects.TestDataDetails@48563c, 3=com.java.Objects.TestDataDetails@11bb20d, 4=com.java.Objects.TestDataDetails@f180d9, 5=com.java.Objects.TestDataDetails@15d2461, 6=com.java.Objects.TestDataDetails@27ca20, 7=com.java.Objects.TestDataDetails@16fb175, 8=com.java.Objects.TestDataDetails@1d3477d, 9=com.java.Objects.TestDataDetails@b9dbd2, 10=com.java.Objects.TestDataDetails@4ddd18}
[INFO ][2015-11-18 17:31:26,452][com.java.TestType] [  468] -  str(1) = 1
[INFO ][2015-11-18 17:31:26,452][com.java.TestType] [  471] - Test case Id is---1
[INFO ][2015-11-18 17:31:26,452][com.java.TestType] [  473] - 1
[INFO ][2015-11-18 17:31:26,452][com.java.TestType] [  468] -  str(2) = 11
[INFO ][2015-11-18 17:31:26,455][com.java.TestType] [  520] - row values are--------{1=com.java.Objects.TestDataDetails@5bbff2, 2=com.java.Objects.TestDataDetails@48563c, 3=com.java.Objects.TestDataDetails@11bb20d, 4=com.java.Objects.TestDataDetails@f180d9, 5=com.java.Objects.TestDataDetails@15d2461, 6=com.java.Objects.TestDataDetails@27ca20, 7=com.java.Objects.TestDataDetails@16fb175, 8=com.java.Objects.TestDataDetails@1d3477d, 9=com.java.Objects.TestDataDetails@b9dbd2, 10=com.java.Objects.TestDataDetails@4ddd18, 11=com.java.Objects.TestDataDetails@1ff3700}
[INFO ][2015-11-18 17:31:26,455][com.java.TestType] [  468] -  str(1) = 1
[INFO ][2015-11-18 17:31:26,455][com.java.TestType] [  471] - Test case Id is---1
[INFO ][2015-11-18 17:31:26,455][com.java.TestType] [  473] - 1
[INFO ][2015-11-18 17:31:26,456][com.java.TestType] [  468] -  str(2) = 12
[INFO ][2015-11-18 17:31:26,456][com.java.TestType] [  520] - row values are--------{1=com.java.Objects.TestDataDetails@5bbff2, 2=com.java.Objects.TestDataDetails@48563c, 3=com.java.Objects.TestDataDetails@11bb20d, 4=com.java.Objects.TestDataDetails@f180d9, 5=com.java.Objects.TestDataDetails@15d2461, 6=com.java.Objects.TestDataDetails@27ca20, 7=com.java.Objects.TestDataDetails@16fb175, 8=com.java.Objects.TestDataDetails@1d3477d, 9=com.java.Objects.TestDataDetails@b9dbd2, 10=com.java.Objects.TestDataDetails@4ddd18, 11=com.java.Objects.TestDataDetails@1ff3700, 12=com.java.Objects.TestDataDetails@a204f3}
[INFO ][2015-11-18 17:31:26,456][com.java.TestType] [  468] -  str(1) = 1
[INFO ][2015-11-18 17:31:26,456][com.java.TestType] [  471] - Test case Id is---1
[INFO ][2015-11-18 17:31:26,457][com.java.TestType] [  473] - 1
[INFO ][2015-11-18 17:31:26,457][com.java.TestType] [  468] -  str(2) = 13
[INFO ][2015-11-18 17:31:26,457][com.java.TestType] [  520] - row values are--------{1=com.java.Objects.TestDataDetails@5bbff2, 2=com.java.Objects.TestDataDetails@48563c, 3=com.java.Objects.TestDataDetails@11bb20d, 4=com.java.Objects.TestDataDetails@f180d9, 5=com.java.Objects.TestDataDetails@15d2461, 6=com.java.Objects.TestDataDetails@27ca20, 7=com.java.Objects.TestDataDetails@16fb175, 8=com.java.Objects.TestDataDetails@1d3477d, 9=com.java.Objects.TestDataDetails@b9dbd2, 10=com.java.Objects.TestDataDetails@4ddd18, 11=com.java.Objects.TestDataDetails@1ff3700, 12=com.java.Objects.TestDataDetails@a204f3, 13=com.java.Objects.TestDataDetails@30e7b}
[INFO ][2015-11-18 17:31:26,457][com.java.TestType] [  468] -  str(1) = 1
[INFO ][2015-11-18 17:31:26,458][com.java.TestType] [  471] - Test case Id is---1
[INFO ][2015-11-18 17:31:26,458][com.java.TestType] [  473] - 1
[INFO ][2015-11-18 17:31:26,458][com.java.TestType] [  468] -  str(2) = 14
[INFO ][2015-11-18 17:31:26,458][com.java.TestType] [  520] - row values are--------{1=com.java.Objects.TestDataDetails@5bbff2, 2=com.java.Objects.TestDataDetails@48563c, 3=com.java.Objects.TestDataDetails@11bb20d, 4=com.java.Objects.TestDataDetails@f180d9, 5=com.java.Objects.TestDataDetails@15d2461, 6=com.java.Objects.TestDataDetails@27ca20, 7=com.java.Objects.TestDataDetails@16fb175, 8=com.java.Objects.TestDataDetails@1d3477d, 9=com.java.Objects.TestDataDetails@b9dbd2, 10=com.java.Objects.TestDataDetails@4ddd18, 11=com.java.Objects.TestDataDetails@1ff3700, 12=com.java.Objects.TestDataDetails@a204f3, 13=com.java.Objects.TestDataDetails@30e7b, 14=com.java.Objects.TestDataDetails@1ff3900}
[INFO ][2015-11-18 17:31:26,459][com.java.TestType] [ 8799] - Looping 1TCID = 1
[DEBUG][2015-11-18 17:31:26,459][com.java.TestType] [ 8840] - Concept ID:1 :: Step being Executed: 1::1
[INFO ][2015-11-18 17:31:26,459][com.java.TestType] [ 8878] - dataFields : TXTusername
[DEBUG][2015-11-18 17:31:26,459][com.java.TestType] [ 8884] - <In Set values of the page>
[DEBUG][2015-11-18 17:31:26,459][com.java.TestType] [ 8889] - {Data Fields & Data Values Exist}
[INFO ][2015-11-18 17:31:26,459][com.java.TestType] [ 8895] - --------------------------setting values-----------------------------
[INFO ][2015-11-18 17:31:26,459][com.java.TestType] [ 8898] - Action Type : CLEARANDENTER
[INFO ][2015-11-18 17:31:26,459][com.java.TestType] [ 4454] - value = valuelabs.ie10.03890
[INFO ][2015-11-18 17:31:31,106][com.java.TestType] [ 8917] -  RESULT true
[INFO ][2015-11-18 17:31:31,106][com.java.TestType] [ 9034] - ?   P A S S   ?
[DEBUG][2015-11-18 17:31:31,106][com.java.TestType] [ 8840] - Concept ID:1 :: Step being Executed: 1::2
[INFO ][2015-11-18 17:31:31,107][com.java.TestType] [ 8878] - dataFields : TXTpassword
[DEBUG][2015-11-18 17:31:31,107][com.java.TestType] [ 8884] - <In Set values of the page>
[DEBUG][2015-11-18 17:31:31,107][com.java.TestType] [ 8889] - {Data Fields & Data Values Exist}
[INFO ][2015-11-18 17:31:31,107][com.java.TestType] [ 8895] - --------------------------setting values-----------------------------
[INFO ][2015-11-18 17:31:31,107][com.java.TestType] [ 8898] - Action Type : CLEARANDENTER
[INFO ][2015-11-18 17:31:31,107][com.java.TestType] [ 4454] - value = Password1*
[INFO ][2015-11-18 17:31:35,867][com.java.TestType] [ 8917] -  RESULT true
[INFO ][2015-11-18 17:31:35,867][com.java.TestType] [ 9034] - ?   P A S S   ?
[DEBUG][2015-11-18 17:31:35,867][com.java.TestType] [ 8840] - Concept ID:1 :: Step being Executed: 1::3
[ERROR][2015-11-18 17:31:35,867][com.java.TestType] [ 8873] - Exception: null
[INFO ][2015-11-18 17:31:35,867][com.java.TestType] [ 8878] - dataFields : XPH//button[@type='submit']
[DEBUG][2015-11-18 17:31:35,867][com.java.TestType] [ 8884] - <In Set values of the page>
[DEBUG][2015-11-18 17:31:35,868][com.java.TestType] [ 8889] - {Data Fields & Data Values Exist}
[INFO ][2015-11-18 17:31:35,868][com.java.TestType] [ 8895] - --------------------------setting values-----------------------------
[INFO ][2015-11-18 17:31:35,868][com.java.TestType] [ 8898] - Action Type : Click
[INFO ][2015-11-18 17:31:35,868][com.java.TestType] [ 4767] - Field ::XPH//button[@type='submit']
[INFO ][2015-11-18 17:31:36,868][com.java.TestType] [ 4826] - BEFORE CLICK
[INFO ][2015-11-18 17:31:37,676][com.java.TestType] [ 4834] - Unable to click the object Login
[INFO ][2015-11-18 17:31:37,676][com.java.TestType] [ 8917] -  RESULT true
[INFO ][2015-11-18 17:31:37,676][com.java.TestType] [ 9034] - ?   P A S S   ?
[DEBUG][2015-11-18 17:31:37,676][com.java.TestType] [ 8840] - Concept ID:1 :: Step being Executed: 1::4
[INFO ][2015-11-18 17:31:37,676][com.java.TestType] [ 8878] - dataFields : LNKLogout
[DEBUG][2015-11-18 17:31:37,676][com.java.TestType] [ 8884] - <In Set values of the page>
[DEBUG][2015-11-18 17:31:37,676][com.java.TestType] [ 8889] - {Data Fields & Data Values Exist}
[INFO ][2015-11-18 17:31:37,676][com.java.TestType] [ 8895] - --------------------------setting values-----------------------------
[INFO ][2015-11-18 17:31:37,676][com.java.TestType] [ 8898] - Action Type : WaitForElement
[INFO ][2015-11-18 17:31:54,746][com.java.TestType] [ 8917] -  RESULT true
[INFO ][2015-11-18 17:31:54,746][com.java.TestType] [ 9034] - ?   P A S S   ?
[DEBUG][2015-11-18 17:31:54,746][com.java.TestType] [ 8840] - Concept ID:1 :: Step being Executed: 1::13
[INFO ][2015-11-18 17:31:54,746][com.java.TestType] [ 8878] - dataFields : LNK
[DEBUG][2015-11-18 17:31:54,746][com.java.TestType] [ 8884] - <In Set values of the page>
[DEBUG][2015-11-18 17:31:54,747][com.java.TestType] [ 8889] - {Data Fields & Data Values Exist}
[INFO ][2015-11-18 17:31:54,747][com.java.TestType] [ 8895] - --------------------------setting values-----------------------------
[INFO ][2015-11-18 17:31:54,747][com.java.TestType] [ 8898] - Action Type : Verify
[INFO ][2015-11-18 17:31:54,747][com.java.TestType] [ 5561] - field= LNK value= Logout
[INFO ][2015-11-18 17:31:54,748][com.java.TestType] [ 4454] - value = Logout
[INFO ][2015-11-18 17:31:54,782][com.java.TestType] [ 8917] -  RESULT true
[INFO ][2015-11-18 17:31:54,782][com.java.TestType] [ 9034] - ?   P A S S   ?
[DEBUG][2015-11-18 17:31:54,782][com.java.TestType] [ 8840] - Concept ID:1 :: Step being Executed: 1::14
[INFO ][2015-11-18 17:31:54,783][com.java.TestType] [ 8878] - dataFields : BTN
[DEBUG][2015-11-18 17:31:54,783][com.java.TestType] [ 8884] - <In Set values of the page>
[DEBUG][2015-11-18 17:31:54,783][com.java.TestType] [ 8889] - {Data Fields & Data Values Exist}
[INFO ][2015-11-18 17:31:54,783][com.java.TestType] [ 8895] - --------------------------setting values-----------------------------
[INFO ][2015-11-18 17:31:54,783][com.java.TestType] [ 8898] - Action Type : Verify
[INFO ][2015-11-18 17:31:54,783][com.java.TestType] [ 5561] - field= BTN value= //img[contains(@src,'bdlogo.jpg')]
[INFO ][2015-11-18 17:31:54,785][com.java.TestType] [ 4454] - value = //img[contains(@src,'bdlogo.jpg')]
[INFO ][2015-11-18 17:31:54,818][com.java.TestType] [ 8917] -  RESULT true
[INFO ][2015-11-18 17:31:54,818][com.java.TestType] [ 9034] - ?   P A S S   ?
[INFO ][2015-11-18 17:31:54,818][com.java.TestType] [ 9105] - Looping End......
[INFO ][2015-11-18 17:31:54,822][com.java.SeleniumDriver] [  869] -  RESULT true
[INFO ][2015-11-18 17:31:54,822][com.java.SeleniumDriver] [ 1074] - ?   P A S S   ?
[INFO ][2015-11-18 17:31:54,823][com.java.SeleniumDriver] [  796] - ------------------------------------------
[INFO ][2015-11-18 17:31:54,823][com.java.SeleniumDriver] [  797] - Test case being Executed: 1
[INFO ][2015-11-18 17:31:54,823][com.java.SeleniumDriver] [  808] - Test step:2
[INFO ][2015-11-18 17:31:54,823][com.java.SeleniumDriver] [  820] - Datavalue is----------Concept#2:1-2
[INFO ][2015-11-18 17:31:54,823][com.java.SeleniumDriver] [  844] - DataField : test
[INFO ][2015-11-18 17:31:54,823][com.java.SeleniumDriver] [  846] - DataValue : Concept#2:1-2
[INFO ][2015-11-18 17:31:54,823][com.java.SeleniumDriver] [  852] - <In Set values of the page>
[INFO ][2015-11-18 17:31:54,823][com.java.SeleniumDriver] [  855] - {Data Fields & Data Values Exist}
[INFO ][2015-11-18 17:31:54,823][com.java.SeleniumDriver] [  857] - --------------------------setting values-----------------------------
[INFO ][2015-11-18 17:31:54,823][com.java.SeleniumDriver] [  860] - Action Type : ExecuteTestCase
[INFO ][2015-11-18 17:31:54,823][com.java.TestType] [  423] - The Concept sheet name is ---------- Concept
[INFO ][2015-11-18 17:31:54,824][com.java.TestType] [  426] - The Concept ID  is ---------- 2
[DEBUG][2015-11-18 17:31:54,824][com.java.TestType] [  430] - Steps being executted in the Concept are: 1:2
[INFO ][2015-11-18 17:31:54,824][com.java.TestType] [  437] - Test data details path ---------- D:\BankersDashboard\TestInputs\TestData.xls
[INFO ][2015-11-18 17:31:54,855][com.java.TestType] [  468] -  str(1) = 2
[INFO ][2015-11-18 17:31:54,855][com.java.TestType] [  471] - Test case Id is---2
[INFO ][2015-11-18 17:31:54,856][com.java.TestType] [  473] - 2
[INFO ][2015-11-18 17:31:54,856][com.java.TestType] [  468] -  str(2) = 1
[INFO ][2015-11-18 17:31:54,857][com.java.TestType] [  520] - row values are--------{1=com.java.Objects.TestDataDetails@ad1a1}
[INFO ][2015-11-18 17:31:54,858][com.java.TestType] [  468] -  str(1) = 2
[INFO ][2015-11-18 17:31:54,858][com.java.TestType] [  471] - Test case Id is---2
[INFO ][2015-11-18 17:31:54,858][com.java.TestType] [  473] - 2
[INFO ][2015-11-18 17:31:54,858][com.java.TestType] [  468] -  str(2) = 2
[INFO ][2015-11-18 17:31:54,858][com.java.TestType] [  520] - row values are--------{1=com.java.Objects.TestDataDetails@ad1a1, 2=com.java.Objects.TestDataDetails@1d36b89}
[INFO ][2015-11-18 17:31:54,859][com.java.TestType] [  468] -  str(1) = 2
[INFO ][2015-11-18 17:31:54,859][com.java.TestType] [  471] - Test case Id is---2
[INFO ][2015-11-18 17:31:54,859][com.java.TestType] [  473] - 2
[INFO ][2015-11-18 17:31:54,859][com.java.TestType] [  468] -  str(2) = 3
[INFO ][2015-11-18 17:31:54,859][com.java.TestType] [  520] - row values are--------{1=com.java.Objects.TestDataDetails@ad1a1, 2=com.java.Objects.TestDataDetails@1d36b89, 3=com.java.Objects.TestDataDetails@13ea9d0}
[INFO ][2015-11-18 17:31:54,859][com.java.TestType] [ 8799] - Looping 1TCID = 2
[DEBUG][2015-11-18 17:31:54,860][com.java.TestType] [ 8840] - Concept ID:2 :: Step being Executed: 2::1
[INFO ][2015-11-18 17:31:54,860][com.java.TestType] [ 8878] - dataFields : BNK//select[@id='bank']
[DEBUG][2015-11-18 17:31:54,860][com.java.TestType] [ 8884] - <In Set values of the page>
[DEBUG][2015-11-18 17:31:54,860][com.java.TestType] [ 8889] - {Data Fields & Data Values Exist}
[INFO ][2015-11-18 17:31:54,860][com.java.TestType] [ 8895] - --------------------------setting values-----------------------------
[INFO ][2015-11-18 17:31:54,860][com.java.TestType] [ 8898] - Action Type : Select
[INFO ][2015-11-18 17:31:54,860][com.java.TestType] [ 4454] - value = PFC
[INFO ][2015-11-18 17:31:55,061][com.java.TestType] [ 8917] -  RESULT true
[INFO ][2015-11-18 17:31:55,061][com.java.TestType] [ 9034] - ?   P A S S   ?
[DEBUG][2015-11-18 17:31:55,061][com.java.TestType] [ 8840] - Concept ID:2 :: Step being Executed: 2::2
[INFO ][2015-11-18 17:31:55,061][com.java.TestType] [ 8878] - dataFields : LNKLogout
[DEBUG][2015-11-18 17:31:55,061][com.java.TestType] [ 8884] - <In Set values of the page>
[DEBUG][2015-11-18 17:31:55,061][com.java.TestType] [ 8889] - {Data Fields & Data Values Exist}
[INFO ][2015-11-18 17:31:55,061][com.java.TestType] [ 8895] - --------------------------setting values-----------------------------
[INFO ][2015-11-18 17:31:55,062][com.java.TestType] [ 8898] - Action Type : WaitTime
[DEBUG][2015-11-18 17:31:55,062][com.java.TestType] [ 4289] - sleepTime: 5000
[INFO ][2015-11-18 17:32:00,062][com.java.TestType] [ 8917] -  RESULT true
[INFO ][2015-11-18 17:32:00,062][com.java.TestType] [ 9034] - ?   P A S S   ?
[INFO ][2015-11-18 17:32:00,062][com.java.TestType] [ 9105] - Looping End......
[INFO ][2015-11-18 17:32:00,066][com.java.SeleniumDriver] [  869] -  RESULT true
[INFO ][2015-11-18 17:32:00,066][com.java.SeleniumDriver] [ 1074] - ?   P A S S   ?
[INFO ][2015-11-18 17:32:00,066][com.java.SeleniumDriver] [  796] - ------------------------------------------
[INFO ][2015-11-18 17:32:00,066][com.java.SeleniumDriver] [  797] - Test case being Executed: 1
[INFO ][2015-11-18 17:32:00,066][com.java.SeleniumDriver] [  808] - Test step:3
[INFO ][2015-11-18 17:32:00,066][com.java.SeleniumDriver] [  820] - Datavalue is----------2
[INFO ][2015-11-18 17:32:00,067][com.java.SeleniumDriver] [  844] - DataField : XPH//button[contains(text(),'Add Content')]
[INFO ][2015-11-18 17:32:00,067][com.java.SeleniumDriver] [  846] - DataValue : 2
[INFO ][2015-11-18 17:32:00,068][com.java.SeleniumDriver] [  852] - <In Set values of the page>
[INFO ][2015-11-18 17:32:00,068][com.java.SeleniumDriver] [  855] - {Data Fields & Data Values Exist}
[INFO ][2015-11-18 17:32:00,068][com.java.SeleniumDriver] [  857] - --------------------------setting values-----------------------------
[INFO ][2015-11-18 17:32:00,068][com.java.SeleniumDriver] [  860] - Action Type : WAITFORELEMENT
[INFO ][2015-11-18 17:32:00,101][com.java.SeleniumDriver] [  869] -  RESULT true
[INFO ][2015-11-18 17:32:00,101][com.java.SeleniumDriver] [ 1074] - ?   P A S S   ?
[DEBUG][2015-11-18 17:32:00,101][com.java.SeleniumDriver] [ 1176] - Case found
[DEBUG][2015-11-18 17:32:00,101][com.java.SeleniumDriver] [ 1181] - Incrementing ReportCounters[0]:1
[INFO ][2015-11-18 17:32:00,101][com.java.SeleniumDriver] [ 1200] - The results are-------------------[1, 1, Valid Login, Pass, , Wed Nov 18 17:31:54 IST 2015, 1, 2, Valid Login, Pass, , Wed Nov 18 17:32:00 IST 2015, 1, 3, Valid Login, Pass, , Wed Nov 18 17:32:00 IST 2015]
[INFO ][2015-11-18 17:32:00,102][com.java.SeleniumDriver] [ 1204] - End time is-------47 sec
[INFO ][2015-11-18 17:32:00,102][com.java.SeleniumDriver] [ 1205] - The results are-------------------[1, 1, Valid Login, Pass, , Wed Nov 18 17:31:54 IST 2015, 1, 2, Valid Login, Pass, , Wed Nov 18 17:32:00 IST 2015, 1, 3, Valid Login, Pass, , Wed Nov 18 17:32:00 IST 2015]
[DEBUG][2015-11-18 17:32:00,102][com.java.ImportnExport.ExportTestResultsExcel] [  222] - testResultPath = D:\BankersDashboard/TestReports/Test Results_BankersDashBoard_111815_173114_IE10_Simmons First National Bank.xls
[DEBUG][2015-11-18 17:32:00,102][com.java.ImportnExport.ExportTestResultsExcel] [  223] - browser is------------IE10
[DEBUG][2015-11-18 17:32:00,148][com.java.ImportnExport.ExportTestResultsExcel] [  270] - result.size() = 18
[DEBUG][2015-11-18 17:32:00,148][com.java.ImportnExport.ExportTestResultsExcel] [  274] - No of rows in sheet=1
[DEBUG][2015-11-18 17:32:00,148][com.java.ImportnExport.ExportTestResultsExcel] [  301] - ..in export..1
[DEBUG][2015-11-18 17:32:00,148][com.java.ImportnExport.ExportTestResultsExcel] [  301] - ..in export..Valid Login
[DEBUG][2015-11-18 17:32:00,148][com.java.ImportnExport.ExportTestResultsExcel] [  301] - ..in export..Pass
[DEBUG][2015-11-18 17:32:00,148][com.java.ImportnExport.ExportTestResultsExcel] [  301] - ..in export..
[DEBUG][2015-11-18 17:32:00,149][com.java.ImportnExport.ExportTestResultsExcel] [  301] - ..in export..Wed Nov 18 17:31:54 IST 2015
[INFO ][2015-11-18 17:32:00,150][com.java.SeleniumDriver] [ 1263] - out loop:0 size:2 TestCases:[1, 6] testcases:[1, 6]
[INFO ][2015-11-18 17:32:00,150][com.java.ImportnExport.ImportTestDataDetailsExcel] [   49] - test data details path===== D:\BankersDashboard\TestInputs\TestData.xls
[INFO ][2015-11-18 17:33:45,532][com.java.SeleniumDriver] [  796] - ------------------------------------------
[INFO ][2015-11-18 17:33:45,532][com.java.SeleniumDriver] [  797] - Test case being Executed: 6
[INFO ][2015-11-18 17:33:45,532][com.java.SeleniumDriver] [  808] - Test step:1
[INFO ][2015-11-18 17:33:45,532][com.java.SeleniumDriver] [  820] - Datavalue is----------Logout
[INFO ][2015-11-18 17:33:45,532][com.java.SeleniumDriver] [  844] - DataField : BTN
[INFO ][2015-11-18 17:33:45,532][com.java.SeleniumDriver] [  846] - DataValue : Logout
[INFO ][2015-11-18 17:33:45,532][com.java.SeleniumDriver] [  852] - <In Set values of the page>
[INFO ][2015-11-18 17:33:45,532][com.java.SeleniumDriver] [  855] - {Data Fields & Data Values Exist}
[INFO ][2015-11-18 17:33:45,532][com.java.SeleniumDriver] [  857] - --------------------------setting values-----------------------------
[INFO ][2015-11-18 17:33:45,532][com.java.SeleniumDriver] [  860] - Action Type : Verify
[INFO ][2015-11-18 17:33:45,532][com.java.TestType] [ 5561] - field= BTN value= Logout
[INFO ][2015-11-18 17:33:45,533][com.java.TestType] [ 4454] - value = Logout
[INFO ][2015-11-18 17:33:45,566][com.java.SeleniumDriver] [  869] -  RESULT true
[INFO ][2015-11-18 17:33:45,566][com.java.SeleniumDriver] [ 1074] - ?   P A S S   ?
[INFO ][2015-11-18 17:33:45,566][com.java.SeleniumDriver] [ 1116] - step change to 3
[INFO ][2015-11-18 17:33:45,566][com.java.SeleniumDriver] [  796] - ------------------------------------------
[INFO ][2015-11-18 17:33:45,566][com.java.SeleniumDriver] [  797] - Test case being Executed: 6
[INFO ][2015-11-18 17:33:45,566][com.java.SeleniumDriver] [  808] - Test step:3
[INFO ][2015-11-18 17:33:45,566][com.java.SeleniumDriver] [  820] - Datavalue is----------Concept#2:1-2
[INFO ][2015-11-18 17:33:45,566][com.java.SeleniumDriver] [  844] - DataField : test
[INFO ][2015-11-18 17:33:45,567][com.java.SeleniumDriver] [  846] - DataValue : Concept#2:1-2
[INFO ][2015-11-18 17:33:45,567][com.java.SeleniumDriver] [  852] - <In Set values of the page>
[INFO ][2015-11-18 17:33:45,567][com.java.SeleniumDriver] [  855] - {Data Fields & Data Values Exist}
[INFO ][2015-11-18 17:33:45,567][com.java.SeleniumDriver] [  857] - --------------------------setting values-----------------------------
[INFO ][2015-11-18 17:33:45,567][com.java.SeleniumDriver] [  860] - Action Type : ExecuteTestCase
[INFO ][2015-11-18 17:33:45,567][com.java.TestType] [  423] - The Concept sheet name is ---------- Concept
[INFO ][2015-11-18 17:33:45,567][com.java.TestType] [  426] - The Concept ID  is ---------- 2
[DEBUG][2015-11-18 17:33:45,567][com.java.TestType] [  430] - Steps being executted in the Concept are: 1:2
[INFO ][2015-11-18 17:33:45,567][com.java.TestType] [  437] - Test data details path ---------- D:\BankersDashboard\TestInputs\TestData.xls
[INFO ][2015-11-18 17:33:45,598][com.java.TestType] [  468] -  str(1) = 2
[INFO ][2015-11-18 17:33:45,598][com.java.TestType] [  471] - Test case Id is---2
[INFO ][2015-11-18 17:33:45,598][com.java.TestType] [  473] - 2
[INFO ][2015-11-18 17:33:45,598][com.java.TestType] [  468] -  str(2) = 1
[INFO ][2015-11-18 17:33:45,600][com.java.TestType] [  520] - row values are--------{1=com.java.Objects.TestDataDetails@8296a4}
[INFO ][2015-11-18 17:33:45,600][com.java.TestType] [  468] -  str(1) = 2
[INFO ][2015-11-18 17:33:45,600][com.java.TestType] [  471] - Test case Id is---2
[INFO ][2015-11-18 17:33:45,600][com.java.TestType] [  473] - 2
[INFO ][2015-11-18 17:33:45,600][com.java.TestType] [  468] -  str(2) = 2
[INFO ][2015-11-18 17:33:45,601][com.java.TestType] [  520] - row values are--------{1=com.java.Objects.TestDataDetails@8296a4, 2=com.java.Objects.TestDataDetails@15262e7}
[INFO ][2015-11-18 17:33:45,601][com.java.TestType] [  468] -  str(1) = 2
[INFO ][2015-11-18 17:33:45,601][com.java.TestType] [  471] - Test case Id is---2
[INFO ][2015-11-18 17:33:45,601][com.java.TestType] [  473] - 2
[INFO ][2015-11-18 17:33:45,602][com.java.TestType] [  468] -  str(2) = 3
[INFO ][2015-11-18 17:33:45,602][com.java.TestType] [  520] - row values are--------{1=com.java.Objects.TestDataDetails@8296a4, 2=com.java.Objects.TestDataDetails@15262e7, 3=com.java.Objects.TestDataDetails@18ec8a3}
[INFO ][2015-11-18 17:33:45,602][com.java.TestType] [ 8799] - Looping 1TCID = 2
[DEBUG][2015-11-18 17:33:45,602][com.java.TestType] [ 8840] - Concept ID:2 :: Step being Executed: 2::1
[INFO ][2015-11-18 17:33:45,602][com.java.TestType] [ 8878] - dataFields : BNK//select[@id='bank']
[DEBUG][2015-11-18 17:33:45,603][com.java.TestType] [ 8884] - <In Set values of the page>
[DEBUG][2015-11-18 17:33:45,603][com.java.TestType] [ 8889] - {Data Fields & Data Values Exist}
[INFO ][2015-11-18 17:33:45,603][com.java.TestType] [ 8895] - --------------------------setting values-----------------------------
[INFO ][2015-11-18 17:33:45,603][com.java.TestType] [ 8898] - Action Type : Select
[INFO ][2015-11-18 17:33:45,603][com.java.TestType] [ 4454] - value = PFC
[INFO ][2015-11-18 17:33:45,798][com.java.TestType] [ 8917] -  RESULT true
[INFO ][2015-11-18 17:33:45,798][com.java.TestType] [ 9034] - ?   P A S S   ?
[DEBUG][2015-11-18 17:33:45,798][com.java.TestType] [ 8840] - Concept ID:2 :: Step being Executed: 2::2
[INFO ][2015-11-18 17:33:45,798][com.java.TestType] [ 8878] - dataFields : LNKLogout
[DEBUG][2015-11-18 17:33:45,798][com.java.TestType] [ 8884] - <In Set values of the page>
[DEBUG][2015-11-18 17:33:45,798][com.java.TestType] [ 8889] - {Data Fields & Data Values Exist}
[INFO ][2015-11-18 17:33:45,798][com.java.TestType] [ 8895] - --------------------------setting values-----------------------------
[INFO ][2015-11-18 17:33:45,798][com.java.TestType] [ 8898] - Action Type : WaitTime
[DEBUG][2015-11-18 17:33:45,799][com.java.TestType] [ 4289] - sleepTime: 5000
[INFO ][2015-11-18 17:33:50,799][com.java.TestType] [ 8917] -  RESULT true
[INFO ][2015-11-18 17:33:50,799][com.java.TestType] [ 9034] - ?   P A S S   ?
[INFO ][2015-11-18 17:33:50,799][com.java.TestType] [ 9105] - Looping End......
[INFO ][2015-11-18 17:33:50,803][com.java.SeleniumDriver] [  869] -  RESULT true
[INFO ][2015-11-18 17:33:50,803][com.java.SeleniumDriver] [ 1074] - ?   P A S S   ?
[INFO ][2015-11-18 17:33:50,803][com.java.SeleniumDriver] [  796] - ------------------------------------------
[INFO ][2015-11-18 17:33:50,803][com.java.SeleniumDriver] [  797] - Test case being Executed: 6
[INFO ][2015-11-18 17:33:50,803][com.java.SeleniumDriver] [  808] - Test step:4
[INFO ][2015-11-18 17:33:50,803][com.java.SeleniumDriver] [  820] - Datavalue is----------null
[DEBUG][2015-11-18 17:33:50,803][com.java.SeleniumDriver] [  838] - Exception: null
[INFO ][2015-11-18 17:33:50,803][com.java.SeleniumDriver] [  844] - DataField : //span[@class='icon-hammer']&&//a[text()='Custom Calculations']
[INFO ][2015-11-18 17:33:50,805][com.java.SeleniumDriver] [  846] - DataValue : 
[INFO ][2015-11-18 17:33:50,805][com.java.SeleniumDriver] [  852] - <In Set values of the page>
[INFO ][2015-11-18 17:33:50,805][com.java.SeleniumDriver] [  855] - {Data Fields & Data Values Exist}
[INFO ][2015-11-18 17:33:50,805][com.java.SeleniumDriver] [  857] - --------------------------setting values-----------------------------
[INFO ][2015-11-18 17:33:50,805][com.java.SeleniumDriver] [  860] - Action Type : MOUSEOVER
[INFO ][2015-11-18 17:34:19,421][com.java.SeleniumDriver] [  869] -  RESULT true
[INFO ][2015-11-18 17:34:19,421][com.java.SeleniumDriver] [ 1074] - ?   P A S S   ?
[INFO ][2015-11-18 17:34:19,421][com.java.SeleniumDriver] [  796] - ------------------------------------------
[INFO ][2015-11-18 17:34:19,421][com.java.SeleniumDriver] [  797] - Test case being Executed: 6
[INFO ][2015-11-18 17:34:19,421][com.java.SeleniumDriver] [  808] - Test step:5
[INFO ][2015-11-18 17:34:19,421][com.java.SeleniumDriver] [  820] - Datavalue is----------null
[DEBUG][2015-11-18 17:34:19,421][com.java.SeleniumDriver] [  838] - Exception: null
[INFO ][2015-11-18 17:34:19,421][com.java.SeleniumDriver] [  844] - DataField : BTN//iframe[@class='frameTabContent']
[INFO ][2015-11-18 17:34:19,421][com.java.SeleniumDriver] [  846] - DataValue : 
[INFO ][2015-11-18 17:34:19,421][com.java.SeleniumDriver] [  852] - <In Set values of the page>
[INFO ][2015-11-18 17:34:19,421][com.java.SeleniumDriver] [  855] - {Data Fields & Data Values Exist}
[INFO ][2015-11-18 17:34:19,421][com.java.SeleniumDriver] [  857] - --------------------------setting values-----------------------------
[INFO ][2015-11-18 17:34:19,421][com.java.SeleniumDriver] [  860] - Action Type : SELECTFRAME
[INFO ][2015-11-18 17:34:19,684][com.java.SeleniumDriver] [  869] -  RESULT true
[INFO ][2015-11-18 17:34:19,684][com.java.SeleniumDriver] [ 1074] - ?   P A S S   ?
[INFO ][2015-11-18 17:34:19,684][com.java.SeleniumDriver] [  796] - ------------------------------------------
[INFO ][2015-11-18 17:34:19,684][com.java.SeleniumDriver] [  797] - Test case being Executed: 6
[INFO ][2015-11-18 17:34:19,685][com.java.SeleniumDriver] [  808] - Test step:6
[INFO ][2015-11-18 17:34:19,685][com.java.SeleniumDriver] [  820] - Datavalue is----------5
[INFO ][2015-11-18 17:34:19,685][com.java.SeleniumDriver] [  844] - DataField : XPH//h1[contains(text(), 'Custom Calculations')]
[INFO ][2015-11-18 17:34:19,685][com.java.SeleniumDriver] [  846] - DataValue : 5
[INFO ][2015-11-18 17:34:19,685][com.java.SeleniumDriver] [  852] - <In Set values of the page>
[INFO ][2015-11-18 17:34:19,685][com.java.SeleniumDriver] [  855] - {Data Fields & Data Values Exist}
[INFO ][2015-11-18 17:34:19,685][com.java.SeleniumDriver] [  857] - --------------------------setting values-----------------------------
[INFO ][2015-11-18 17:34:19,685][com.java.SeleniumDriver] [  860] - Action Type : waitforelement
[INFO ][2015-11-18 17:34:19,748][com.java.SeleniumDriver] [  869] -  RESULT true
[INFO ][2015-11-18 17:34:19,748][com.java.SeleniumDriver] [ 1074] - ?   P A S S   ?
[INFO ][2015-11-18 17:34:19,748][com.java.SeleniumDriver] [  796] - ------------------------------------------
[INFO ][2015-11-18 17:34:19,748][com.java.SeleniumDriver] [  797] - Test case being Executed: 6
[INFO ][2015-11-18 17:34:19,748][com.java.SeleniumDriver] [  808] - Test step:7
[INFO ][2015-11-18 17:34:19,748][com.java.SeleniumDriver] [  820] - Datavalue is----------Custom Calculations
[INFO ][2015-11-18 17:34:19,748][com.java.SeleniumDriver] [  844] - DataField : XPH//h1[contains(text(), 'Custom Calculations')]
[INFO ][2015-11-18 17:34:19,748][com.java.SeleniumDriver] [  846] - DataValue : Custom Calculations
[INFO ][2015-11-18 17:34:19,748][com.java.SeleniumDriver] [  852] - <In Set values of the page>
[INFO ][2015-11-18 17:34:19,749][com.java.SeleniumDriver] [  855] - {Data Fields & Data Values Exist}
[INFO ][2015-11-18 17:34:19,749][com.java.SeleniumDriver] [  857] - --------------------------setting values-----------------------------
[INFO ][2015-11-18 17:34:19,749][com.java.SeleniumDriver] [  860] - Action Type : Verify
[INFO ][2015-11-18 17:34:19,750][com.java.TestType] [ 5561] - field= XPH//h1[contains(text(), 'Custom Calculations')] value= Custom Calculations
[INFO ][2015-11-18 17:34:19,750][com.java.TestType] [ 4454] - value = Custom Calculations
[INFO ][2015-11-18 17:34:20,031][com.java.SeleniumDriver] [  869] -  RESULT true
[INFO ][2015-11-18 17:34:20,031][com.java.SeleniumDriver] [ 1074] - ?   P A S S   ?
[INFO ][2015-11-18 17:34:20,031][com.java.SeleniumDriver] [  796] - ------------------------------------------
[INFO ][2015-11-18 17:34:20,031][com.java.SeleniumDriver] [  797] - Test case being Executed: 6
[INFO ][2015-11-18 17:34:20,031][com.java.SeleniumDriver] [  808] - Test step:8
[INFO ][2015-11-18 17:34:20,031][com.java.SeleniumDriver] [  820] - Datavalue is----------5
[INFO ][2015-11-18 17:34:20,031][com.java.SeleniumDriver] [  844] - DataField : XPH//a[contains(text(), 'Add Calculation')]
[INFO ][2015-11-18 17:34:20,031][com.java.SeleniumDriver] [  846] - DataValue : 5
[INFO ][2015-11-18 17:34:20,032][com.java.SeleniumDriver] [  852] - <In Set values of the page>
[INFO ][2015-11-18 17:34:20,032][com.java.SeleniumDriver] [  855] - {Data Fields & Data Values Exist}
[INFO ][2015-11-18 17:34:20,032][com.java.SeleniumDriver] [  857] - --------------------------setting values-----------------------------
[INFO ][2015-11-18 17:34:20,032][com.java.SeleniumDriver] [  860] - Action Type : waitforelement
[INFO ][2015-11-18 17:34:20,135][com.java.SeleniumDriver] [  869] -  RESULT true
[INFO ][2015-11-18 17:34:20,135][com.java.SeleniumDriver] [ 1074] - ?   P A S S   ?
[INFO ][2015-11-18 17:34:20,135][com.java.SeleniumDriver] [  796] - ------------------------------------------
[INFO ][2015-11-18 17:34:20,135][com.java.SeleniumDriver] [  797] - Test case being Executed: 6
[INFO ][2015-11-18 17:34:20,135][com.java.SeleniumDriver] [  808] - Test step:9
[INFO ][2015-11-18 17:34:20,135][com.java.SeleniumDriver] [  820] - Datavalue is----------null
[DEBUG][2015-11-18 17:34:20,135][com.java.SeleniumDriver] [  838] - Exception: null
[INFO ][2015-11-18 17:34:20,136][com.java.SeleniumDriver] [  844] - DataField : XPH//a[contains(text(), 'Add Calculation')]
[INFO ][2015-11-18 17:34:20,136][com.java.SeleniumDriver] [  846] - DataValue : 
[INFO ][2015-11-18 17:34:20,136][com.java.SeleniumDriver] [  852] - <In Set values of the page>
[INFO ][2015-11-18 17:34:20,136][com.java.SeleniumDriver] [  855] - {Data Fields & Data Values Exist}
[INFO ][2015-11-18 17:34:20,136][com.java.SeleniumDriver] [  857] - --------------------------setting values-----------------------------
[INFO ][2015-11-18 17:34:20,136][com.java.SeleniumDriver] [  860] - Action Type : click
[INFO ][2015-11-18 17:34:20,136][com.java.TestType] [ 4767] - Field ::XPH//a[contains(text(), 'Add Calculation')]
[INFO ][2015-11-18 17:34:21,136][com.java.TestType] [ 4826] - BEFORE CLICK
[INFO ][2015-11-18 17:34:22,589][com.java.TestType] [ 4834] - Unable to click the object click on add button
[INFO ][2015-11-18 17:34:22,589][com.java.SeleniumDriver] [  869] -  RESULT true
[INFO ][2015-11-18 17:34:22,589][com.java.SeleniumDriver] [ 1074] - ?   P A S S   ?
[INFO ][2015-11-18 17:34:22,589][com.java.SeleniumDriver] [  796] - ------------------------------------------
[INFO ][2015-11-18 17:34:22,589][com.java.SeleniumDriver] [  797] - Test case being Executed: 6
[INFO ][2015-11-18 17:34:22,589][com.java.SeleniumDriver] [  808] - Test step:10
[INFO ][2015-11-18 17:34:22,589][com.java.SeleniumDriver] [  820] - Datavalue is----------3
[INFO ][2015-11-18 17:34:22,589][com.java.SeleniumDriver] [  844] - DataField : XPH//label[contains(text(), 'Dashboard Groups:')]
[INFO ][2015-11-18 17:34:22,589][com.java.SeleniumDriver] [  846] - DataValue : 3
[INFO ][2015-11-18 17:34:22,589][com.java.SeleniumDriver] [  852] - <In Set values of the page>
[INFO ][2015-11-18 17:34:22,589][com.java.SeleniumDriver] [  855] - {Data Fields & Data Values Exist}
[INFO ][2015-11-18 17:34:22,589][com.java.SeleniumDriver] [  857] - --------------------------setting values-----------------------------
[INFO ][2015-11-18 17:34:22,590][com.java.SeleniumDriver] [  860] - Action Type : waitforelement
[INFO ][2015-11-18 17:34:22,613][com.java.SeleniumDriver] [  869] -  RESULT true
[INFO ][2015-11-18 17:34:22,613][com.java.SeleniumDriver] [ 1074] - ?   P A S S   ?
[INFO ][2015-11-18 17:34:22,613][com.java.SeleniumDriver] [  796] - ------------------------------------------
[INFO ][2015-11-18 17:34:22,613][com.java.SeleniumDriver] [  797] - Test case being Executed: 6
[INFO ][2015-11-18 17:34:22,613][com.java.SeleniumDriver] [  808] - Test step:11
[INFO ][2015-11-18 17:34:22,614][com.java.SeleniumDriver] [  820] - Datavalue is----------null
[DEBUG][2015-11-18 17:34:22,614][com.java.SeleniumDriver] [  838] - Exception: null
[INFO ][2015-11-18 17:34:22,614][com.java.SeleniumDriver] [  844] - DataField : XPH//button[contains(text(), 'Save')]
[INFO ][2015-11-18 17:34:22,614][com.java.SeleniumDriver] [  846] - DataValue : 
[INFO ][2015-11-18 17:34:22,614][com.java.SeleniumDriver] [  852] - <In Set values of the page>
[INFO ][2015-11-18 17:34:22,614][com.java.SeleniumDriver] [  855] - {Data Fields & Data Values Exist}
[INFO ][2015-11-18 17:34:22,614][com.java.SeleniumDriver] [  857] - --------------------------setting values-----------------------------
[INFO ][2015-11-18 17:34:22,614][com.java.SeleniumDriver] [  860] - Action Type : ISDISABLED
[INFO ][2015-11-18 17:34:22,614][com.java.TestType] [ 6612] - field= XPH//button[contains(text(), 'Save')]
[INFO ][2015-11-18 17:34:22,683][com.java.SeleniumDriver] [  869] -  RESULT true
[INFO ][2015-11-18 17:34:22,683][com.java.SeleniumDriver] [ 1074] - ?   P A S S   ?
[INFO ][2015-11-18 17:34:22,683][com.java.SeleniumDriver] [  796] - ------------------------------------------
[INFO ][2015-11-18 17:34:22,683][com.java.SeleniumDriver] [  797] - Test case being Executed: 6
[INFO ][2015-11-18 17:34:22,683][com.java.SeleniumDriver] [  808] - Test step:12
[INFO ][2015-11-18 17:34:22,683][com.java.SeleniumDriver] [  820] - Datavalue is----------3
[INFO ][2015-11-18 17:34:22,683][com.java.SeleniumDriver] [  844] - DataField : XPH//select[contains(@class,'mber-select form-control')]
[INFO ][2015-11-18 17:34:22,683][com.java.SeleniumDriver] [  846] - DataValue : 3
[INFO ][2015-11-18 17:34:22,683][com.java.SeleniumDriver] [  852] - <In Set values of the page>
[INFO ][2015-11-18 17:34:22,683][com.java.SeleniumDriver] [  855] - {Data Fields & Data Values Exist}
[INFO ][2015-11-18 17:34:22,684][com.java.SeleniumDriver] [  857] - --------------------------setting values-----------------------------
[INFO ][2015-11-18 17:34:22,684][com.java.SeleniumDriver] [  860] - Action Type : waitforelement
[INFO ][2015-11-18 17:34:22,707][com.java.SeleniumDriver] [  869] -  RESULT true
[INFO ][2015-11-18 17:34:22,707][com.java.SeleniumDriver] [ 1074] - ?   P A S S   ?
[INFO ][2015-11-18 17:34:22,707][com.java.SeleniumDriver] [  796] - ------------------------------------------
[INFO ][2015-11-18 17:34:22,707][com.java.SeleniumDriver] [  797] - Test case being Executed: 6
[INFO ][2015-11-18 17:34:22,707][com.java.SeleniumDriver] [  808] - Test step:13
[INFO ][2015-11-18 17:34:22,707][com.java.SeleniumDriver] [  820] - Datavalue is----------null
[DEBUG][2015-11-18 17:34:22,707][com.java.SeleniumDriver] [  838] - Exception: null
[INFO ][2015-11-18 17:34:22,707][com.java.SeleniumDriver] [  844] - DataField : XPH//select[contains(@class,'mber-select form-control')]
[INFO ][2015-11-18 17:34:22,708][com.java.SeleniumDriver] [  846] - DataValue : 
[INFO ][2015-11-18 17:34:22,708][com.java.SeleniumDriver] [  852] - <In Set values of the page>
[INFO ][2015-11-18 17:34:22,708][com.java.SeleniumDriver] [  855] - {Data Fields & Data Values Exist}
[INFO ][2015-11-18 17:34:22,708][com.java.SeleniumDriver] [  857] - --------------------------setting values-----------------------------
[INFO ][2015-11-18 17:34:22,708][com.java.SeleniumDriver] [  860] - Action Type : click
[INFO ][2015-11-18 17:34:22,708][com.java.TestType] [ 4767] - Field ::XPH//select[contains(@class,'mber-select form-control')]
[INFO ][2015-11-18 17:34:23,708][com.java.TestType] [ 4826] - BEFORE CLICK
[INFO ][2015-11-18 17:34:24,467][com.java.TestType] [ 4834] - Unable to click the object dollar value dropdown
[INFO ][2015-11-18 17:34:24,467][com.java.SeleniumDriver] [  869] -  RESULT true
[INFO ][2015-11-18 17:34:24,467][com.java.SeleniumDriver] [ 1074] - ?   P A S S   ?
[INFO ][2015-11-18 17:34:24,467][com.java.SeleniumDriver] [  796] - ------------------------------------------
[INFO ][2015-11-18 17:34:24,467][com.java.SeleniumDriver] [  797] - Test case being Executed: 6
[INFO ][2015-11-18 17:34:24,467][com.java.SeleniumDriver] [  808] - Test step:14
[INFO ][2015-11-18 17:34:24,467][com.java.SeleniumDriver] [  820] - Datavalue is----------3
[INFO ][2015-11-18 17:34:24,467][com.java.SeleniumDriver] [  844] - DataField : XPH//select/option[contains(text(), 'Dollar ($)')]
[INFO ][2015-11-18 17:34:24,467][com.java.SeleniumDriver] [  846] - DataValue : 3
[INFO ][2015-11-18 17:34:24,467][com.java.SeleniumDriver] [  852] - <In Set values of the page>
[INFO ][2015-11-18 17:34:24,467][com.java.SeleniumDriver] [  855] - {Data Fields & Data Values Exist}
[INFO ][2015-11-18 17:34:24,467][com.java.SeleniumDriver] [  857] - --------------------------setting values-----------------------------
[INFO ][2015-11-18 17:34:24,468][com.java.SeleniumDriver] [  860] - Action Type : waitforelement
[INFO ][2015-11-18 17:34:24,491][com.java.SeleniumDriver] [  869] -  RESULT true
[INFO ][2015-11-18 17:34:24,491][com.java.SeleniumDriver] [ 1074] - ?   P A S S   ?
[INFO ][2015-11-18 17:34:24,491][com.java.SeleniumDriver] [  796] - ------------------------------------------
[INFO ][2015-11-18 17:34:24,491][com.java.SeleniumDriver] [  797] - Test case being Executed: 6
[INFO ][2015-11-18 17:34:24,491][com.java.SeleniumDriver] [  808] - Test step:15
[INFO ][2015-11-18 17:34:24,491][com.java.SeleniumDriver] [  820] - Datavalue is----------null
[DEBUG][2015-11-18 17:34:24,491][com.java.SeleniumDriver] [  838] - Exception: null
[INFO ][2015-11-18 17:34:24,491][com.java.SeleniumDriver] [  844] - DataField : XPH//select/option[contains(text(), 'Dollar ($)')]
[INFO ][2015-11-18 17:34:24,491][com.java.SeleniumDriver] [  846] - DataValue : 
[INFO ][2015-11-18 17:34:24,491][com.java.SeleniumDriver] [  852] - <In Set values of the page>
[INFO ][2015-11-18 17:34:24,492][com.java.SeleniumDriver] [  855] - {Data Fields & Data Values Exist}
[INFO ][2015-11-18 17:34:24,492][com.java.SeleniumDriver] [  857] - --------------------------setting values-----------------------------
[INFO ][2015-11-18 17:34:24,492][com.java.SeleniumDriver] [  860] - Action Type : click
[INFO ][2015-11-18 17:34:24,492][com.java.TestType] [ 4767] - Field ::XPH//select/option[contains(text(), 'Dollar ($)')]
[INFO ][2015-11-18 17:34:25,492][com.java.TestType] [ 4826] - BEFORE CLICK
[INFO ][2015-11-18 17:34:26,218][com.java.TestType] [ 4834] - Unable to click the object dollar value dropdown
[INFO ][2015-11-18 17:34:26,218][com.java.SeleniumDriver] [  869] -  RESULT true
[INFO ][2015-11-18 17:34:26,218][com.java.SeleniumDriver] [ 1074] - ?   P A S S   ?
[INFO ][2015-11-18 17:34:26,218][com.java.SeleniumDriver] [  796] - ------------------------------------------
[INFO ][2015-11-18 17:34:26,218][com.java.SeleniumDriver] [  797] - Test case being Executed: 6
[INFO ][2015-11-18 17:34:26,218][com.java.SeleniumDriver] [  808] - Test step:16
[INFO ][2015-11-18 17:34:26,218][com.java.SeleniumDriver] [  820] - Datavalue is----------RNDA_VLTest
[INFO ][2015-11-18 17:34:26,218][com.java.SeleniumDriver] [  844] - DataField : TXT//input[contains(@placeholder, 'Name your Calcu')]
[INFO ][2015-11-18 17:34:26,218][com.java.SeleniumDriver] [  846] - DataValue : RNDA_VLTest
[INFO ][2015-11-18 17:34:26,218][com.java.SeleniumDriver] [  852] - <In Set values of the page>
[INFO ][2015-11-18 17:34:26,218][com.java.SeleniumDriver] [  855] - {Data Fields & Data Values Exist}
[INFO ][2015-11-18 17:34:26,218][com.java.SeleniumDriver] [  857] - --------------------------setting values-----------------------------
[INFO ][2015-11-18 17:34:26,220][com.java.SeleniumDriver] [  860] - Action Type : enter
[INFO ][2015-11-18 17:34:26,220][com.java.TestType] [ 5087] - field = //input[contains(@placeholder, 'Name your Calcu')]
[INFO ][2015-11-18 17:34:26,220][com.java.TestType] [ 4454] - value = A_VLTest107635
[INFO ][2015-11-18 17:34:27,151][com.java.SeleniumDriver] [  869] -  RESULT true
[INFO ][2015-11-18 17:34:27,151][com.java.SeleniumDriver] [ 1074] - ?   P A S S   ?
[INFO ][2015-11-18 17:34:27,151][com.java.SeleniumDriver] [  796] - ------------------------------------------
[INFO ][2015-11-18 17:34:27,151][com.java.SeleniumDriver] [  797] - Test case being Executed: 6
[INFO ][2015-11-18 17:34:27,151][com.java.SeleniumDriver] [  808] - Test step:17
[INFO ][2015-11-18 17:34:27,151][com.java.SeleniumDriver] [  820] - Datavalue is----------Calusing_Keys
[INFO ][2015-11-18 17:34:27,151][com.java.SeleniumDriver] [  844] - DataField : TXT//input[contains(@placeholder, 'Name your Calcu')]
[INFO ][2015-11-18 17:34:27,151][com.java.SeleniumDriver] [  846] - DataValue : Calusing_Keys
[INFO ][2015-11-18 17:34:27,151][com.java.SeleniumDriver] [  852] - <In Set values of the page>
[INFO ][2015-11-18 17:34:27,151][com.java.SeleniumDriver] [  855] - {Data Fields & Data Values Exist}
[INFO ][2015-11-18 17:34:27,151][com.java.SeleniumDriver] [  857] - --------------------------setting values-----------------------------
[INFO ][2015-11-18 17:34:27,152][com.java.SeleniumDriver] [  860] - Action Type : STOREVALUE
[INFO ][2015-11-18 17:34:27,152][com.java.TestType] [ 6687] - field= TXT//input[contains(@placeholder, 'Name your Calcu')]
[DEBUG][2015-11-18 17:34:27,221][com.java.TestType] [ 6701] - Key:: Calusing_Keys  Value:: A_VLTest107635
[INFO ][2015-11-18 17:34:27,221][com.java.SeleniumDriver] [  869] -  RESULT true
[INFO ][2015-11-18 17:34:27,221][com.java.SeleniumDriver] [ 1074] - ?   P A S S   ?
[INFO ][2015-11-18 17:34:27,221][com.java.SeleniumDriver] [  796] - ------------------------------------------
[INFO ][2015-11-18 17:34:27,221][com.java.SeleniumDriver] [  797] - Test case being Executed: 6
[INFO ][2015-11-18 17:34:27,221][com.java.SeleniumDriver] [  808] - Test step:18
[INFO ][2015-11-18 17:34:27,221][com.java.SeleniumDriver] [  820] - Datavalue is----------//div[@id='group-list']/ul/li//a
[INFO ][2015-11-18 17:34:27,221][com.java.SeleniumDriver] [  844] - DataField : BTN
[INFO ][2015-11-18 17:34:27,221][com.java.SeleniumDriver] [  846] - DataValue : //div[@id='group-list']/ul/li//a
[INFO ][2015-11-18 17:34:27,221][com.java.SeleniumDriver] [  852] - <In Set values of the page>
[INFO ][2015-11-18 17:34:27,221][com.java.SeleniumDriver] [  855] - {Data Fields & Data Values Exist}
[INFO ][2015-11-18 17:34:27,222][com.java.SeleniumDriver] [  857] - --------------------------setting values-----------------------------
[INFO ][2015-11-18 17:34:27,222][com.java.SeleniumDriver] [  860] - Action Type : verify
[INFO ][2015-11-18 17:34:27,222][com.java.TestType] [ 5561] - field= BTN value= //div[@id='group-list']/ul/li//a
[INFO ][2015-11-18 17:34:27,222][com.java.TestType] [ 4454] - value = //div[@id='group-list']/ul/li//a
[INFO ][2015-11-18 17:34:27,245][com.java.SeleniumDriver] [  869] -  RESULT true
[INFO ][2015-11-18 17:34:27,245][com.java.SeleniumDriver] [ 1074] - ?   P A S S   ?
[INFO ][2015-11-18 17:34:27,245][com.java.SeleniumDriver] [  796] - ------------------------------------------
[INFO ][2015-11-18 17:34:27,245][com.java.SeleniumDriver] [  797] - Test case being Executed: 6
[INFO ][2015-11-18 17:34:27,245][com.java.SeleniumDriver] [  808] - Test step:19
[INFO ][2015-11-18 17:34:27,245][com.java.SeleniumDriver] [  820] - Datavalue is----------5
[INFO ][2015-11-18 17:34:27,245][com.java.SeleniumDriver] [  844] - DataField : TXT//div[contains(@class, 'input-group btn-')]/input[contains(@class ,'ember-text-field form-')]
[INFO ][2015-11-18 17:34:27,245][com.java.SeleniumDriver] [  846] - DataValue : 5
[INFO ][2015-11-18 17:34:27,245][com.java.SeleniumDriver] [  852] - <In Set values of the page>
[INFO ][2015-11-18 17:34:27,246][com.java.SeleniumDriver] [  855] - {Data Fields & Data Values Exist}
[INFO ][2015-11-18 17:34:27,246][com.java.SeleniumDriver] [  857] - --------------------------setting values-----------------------------
[INFO ][2015-11-18 17:34:27,246][com.java.SeleniumDriver] [  860] - Action Type : enter
[INFO ][2015-11-18 17:34:27,246][com.java.TestType] [ 5087] - field = //div[contains(@class, 'input-group btn-')]/input[contains(@class ,'ember-text-field form-')]
[INFO ][2015-11-18 17:34:27,246][com.java.TestType] [ 4454] - value = 5
[INFO ][2015-11-18 17:34:27,597][com.java.SeleniumDriver] [  869] -  RESULT true
[INFO ][2015-11-18 17:34:27,597][com.java.SeleniumDriver] [ 1074] - ?   P A S S   ?
[INFO ][2015-11-18 17:34:27,598][com.java.SeleniumDriver] [  796] - ------------------------------------------
[INFO ][2015-11-18 17:34:27,598][com.java.SeleniumDriver] [  797] - Test case being Executed: 6
[INFO ][2015-11-18 17:34:27,598][com.java.SeleniumDriver] [  808] - Test step:20
[INFO ][2015-11-18 17:34:27,598][com.java.SeleniumDriver] [  820] - Datavalue is----------5
[INFO ][2015-11-18 17:34:27,598][com.java.SeleniumDriver] [  844] - DataField : XPH//button[text()='Constant']
[INFO ][2015-11-18 17:34:27,598][com.java.SeleniumDriver] [  846] - DataValue : 5
[INFO ][2015-11-18 17:34:27,598][com.java.SeleniumDriver] [  852] - <In Set values of the page>
[INFO ][2015-11-18 17:34:27,598][com.java.SeleniumDriver] [  855] - {Data Fields & Data Values Exist}
[INFO ][2015-11-18 17:34:27,598][com.java.SeleniumDriver] [  857] - --------------------------setting values-----------------------------
[INFO ][2015-11-18 17:34:27,598][com.java.SeleniumDriver] [  860] - Action Type : waitforelement
[INFO ][2015-11-18 17:34:27,621][com.java.SeleniumDriver] [  869] -  RESULT true
[INFO ][2015-11-18 17:34:27,621][com.java.SeleniumDriver] [ 1074] - ?   P A S S   ?
[INFO ][2015-11-18 17:34:27,621][com.java.SeleniumDriver] [  796] - ------------------------------------------
[INFO ][2015-11-18 17:34:27,621][com.java.SeleniumDriver] [  797] - Test case being Executed: 6
[INFO ][2015-11-18 17:34:27,621][com.java.SeleniumDriver] [  808] - Test step:21
[INFO ][2015-11-18 17:34:27,621][com.java.SeleniumDriver] [  820] - Datavalue is----------null
[DEBUG][2015-11-18 17:34:27,621][com.java.SeleniumDriver] [  838] - Exception: null
[INFO ][2015-11-18 17:34:27,623][com.java.SeleniumDriver] [  844] - DataField : XPH//button[text()='Constant']
[INFO ][2015-11-18 17:34:27,623][com.java.SeleniumDriver] [  846] - DataValue : 
[INFO ][2015-11-18 17:34:27,623][com.java.SeleniumDriver] [  852] - <In Set values of the page>
[INFO ][2015-11-18 17:34:27,623][com.java.SeleniumDriver] [  855] - {Data Fields & Data Values Exist}
[INFO ][2015-11-18 17:34:27,623][com.java.SeleniumDriver] [  857] - --------------------------setting values-----------------------------
[INFO ][2015-11-18 17:34:27,623][com.java.SeleniumDriver] [  860] - Action Type : click
[INFO ][2015-11-18 17:34:27,623][com.java.TestType] [ 4767] - Field ::XPH//button[text()='Constant']
[INFO ][2015-11-18 17:34:28,623][com.java.TestType] [ 4826] - BEFORE CLICK
[INFO ][2015-11-18 17:34:29,437][com.java.TestType] [ 4834] - Unable to click the object click on constant
[INFO ][2015-11-18 17:34:29,437][com.java.SeleniumDriver] [  869] -  RESULT true
[INFO ][2015-11-18 17:34:29,437][com.java.SeleniumDriver] [ 1074] - ?   P A S S   ?
[INFO ][2015-11-18 17:34:29,437][com.java.SeleniumDriver] [  796] - ------------------------------------------
[INFO ][2015-11-18 17:34:29,437][com.java.SeleniumDriver] [  797] - Test case being Executed: 6
[INFO ][2015-11-18 17:34:29,437][com.java.SeleniumDriver] [  808] - Test step:22
[INFO ][2015-11-18 17:34:29,437][com.java.SeleniumDriver] [  820] - Datavalue is----------3
[INFO ][2015-11-18 17:34:29,437][com.java.SeleniumDriver] [  844] - DataField : XPH//button[text()='Constant']
[INFO ][2015-11-18 17:34:29,437][com.java.SeleniumDriver] [  846] - DataValue : 3
[INFO ][2015-11-18 17:34:29,437][com.java.SeleniumDriver] [  852] - <In Set values of the page>
[INFO ][2015-11-18 17:34:29,437][com.java.SeleniumDriver] [  855] - {Data Fields & Data Values Exist}
[INFO ][2015-11-18 17:34:29,437][com.java.SeleniumDriver] [  857] - --------------------------setting values-----------------------------
[INFO ][2015-11-18 17:34:29,438][com.java.SeleniumDriver] [  860] - Action Type : waitforelement
[INFO ][2015-11-18 17:34:29,451][com.java.SeleniumDriver] [  869] -  RESULT true
[INFO ][2015-11-18 17:34:29,451][com.java.SeleniumDriver] [ 1074] - ?   P A S S   ?
[INFO ][2015-11-18 17:34:29,451][com.java.SeleniumDriver] [  796] - ------------------------------------------
[INFO ][2015-11-18 17:34:29,451][com.java.SeleniumDriver] [  797] - Test case being Executed: 6
[INFO ][2015-11-18 17:34:29,451][com.java.SeleniumDriver] [  808] - Test step:23
[INFO ][2015-11-18 17:34:29,451][com.java.SeleniumDriver] [  820] - Datavalue is----------null
[DEBUG][2015-11-18 17:34:29,451][com.java.SeleniumDriver] [  838] - Exception: null
[INFO ][2015-11-18 17:34:29,451][com.java.SeleniumDriver] [  844] - DataField : XPH//button[text()='+']
[INFO ][2015-11-18 17:34:29,451][com.java.SeleniumDriver] [  846] - DataValue : 
[INFO ][2015-11-18 17:34:29,452][com.java.SeleniumDriver] [  852] - <In Set values of the page>
[INFO ][2015-11-18 17:34:29,452][com.java.SeleniumDriver] [  855] - {Data Fields & Data Values Exist}
[INFO ][2015-11-18 17:34:29,452][com.java.SeleniumDriver] [  857] - --------------------------setting values-----------------------------
[INFO ][2015-11-18 17:34:29,452][com.java.SeleniumDriver] [  860] - Action Type : click
[INFO ][2015-11-18 17:34:29,452][com.java.TestType] [ 4767] - Field ::XPH//button[text()='+']
[INFO ][2015-11-18 17:34:30,452][com.java.TestType] [ 4826] - BEFORE CLICK
[INFO ][2015-11-18 17:34:31,235][com.java.TestType] [ 4834] - Unable to click the object enter operator
[INFO ][2015-11-18 17:34:31,235][com.java.SeleniumDriver] [  869] -  RESULT true
[INFO ][2015-11-18 17:34:31,235][com.java.SeleniumDriver] [ 1074] - ?   P A S S   ?
[INFO ][2015-11-18 17:34:31,235][com.java.SeleniumDriver] [  796] - ------------------------------------------
[INFO ][2015-11-18 17:34:31,235][com.java.SeleniumDriver] [  797] - Test case being Executed: 6
[INFO ][2015-11-18 17:34:31,235][com.java.SeleniumDriver] [  808] - Test step:24
[INFO ][2015-11-18 17:34:31,235][com.java.SeleniumDriver] [  820] - Datavalue is----------5
[INFO ][2015-11-18 17:34:31,235][com.java.SeleniumDriver] [  844] - DataField : TXT//div[contains(@class, 'input-group btn-')]/input[contains(@class ,'ember-text-field form-')]
[INFO ][2015-11-18 17:34:31,235][com.java.SeleniumDriver] [  846] - DataValue : 5
[INFO ][2015-11-18 17:34:31,235][com.java.SeleniumDriver] [  852] - <In Set values of the page>
[INFO ][2015-11-18 17:34:31,235][com.java.SeleniumDriver] [  855] - {Data Fields & Data Values Exist}
[INFO ][2015-11-18 17:34:31,235][com.java.SeleniumDriver] [  857] - --------------------------setting values-----------------------------
[INFO ][2015-11-18 17:34:31,235][com.java.SeleniumDriver] [  860] - Action Type : enter
[INFO ][2015-11-18 17:34:31,236][com.java.TestType] [ 5087] - field = //div[contains(@class, 'input-group btn-')]/input[contains(@class ,'ember-text-field form-')]
[INFO ][2015-11-18 17:34:31,236][com.java.TestType] [ 4454] - value = 5
[INFO ][2015-11-18 17:34:31,574][com.java.SeleniumDriver] [  869] -  RESULT true
[INFO ][2015-11-18 17:34:31,574][com.java.SeleniumDriver] [ 1074] - ?   P A S S   ?
[INFO ][2015-11-18 17:34:31,574][com.java.SeleniumDriver] [  796] - ------------------------------------------
[INFO ][2015-11-18 17:34:31,574][com.java.SeleniumDriver] [  797] - Test case being Executed: 6
[INFO ][2015-11-18 17:34:31,574][com.java.SeleniumDriver] [  808] - Test step:25
[INFO ][2015-11-18 17:34:31,575][com.java.SeleniumDriver] [  820] - Datavalue is----------3
[INFO ][2015-11-18 17:34:31,575][com.java.SeleniumDriver] [  844] - DataField : XPH//button[text()='Constant']
[INFO ][2015-11-18 17:34:31,575][com.java.SeleniumDriver] [  846] - DataValue : 3
[INFO ][2015-11-18 17:34:31,575][com.java.SeleniumDriver] [  852] - <In Set values of the page>
[INFO ][2015-11-18 17:34:31,575][com.java.SeleniumDriver] [  855] - {Data Fields & Data Values Exist}
[INFO ][2015-11-18 17:34:31,575][com.java.SeleniumDriver] [  857] - --------------------------setting values-----------------------------
[INFO ][2015-11-18 17:34:31,575][com.java.SeleniumDriver] [  860] - Action Type : waitforelement
[INFO ][2015-11-18 17:34:31,598][com.java.SeleniumDriver] [  869] -  RESULT true
[INFO ][2015-11-18 17:34:31,598][com.java.SeleniumDriver] [ 1074] - ?   P A S S   ?
[INFO ][2015-11-18 17:34:31,598][com.java.SeleniumDriver] [  796] - ------------------------------------------
[INFO ][2015-11-18 17:34:31,598][com.java.SeleniumDriver] [  797] - Test case being Executed: 6
[INFO ][2015-11-18 17:34:31,598][com.java.SeleniumDriver] [  808] - Test step:26
[INFO ][2015-11-18 17:34:31,598][com.java.SeleniumDriver] [  820] - Datavalue is----------null
[DEBUG][2015-11-18 17:34:31,598][com.java.SeleniumDriver] [  838] - Exception: null
[INFO ][2015-11-18 17:34:31,598][com.java.SeleniumDriver] [  844] - DataField : XPH//button[text()='Constant']
[INFO ][2015-11-18 17:34:31,598][com.java.SeleniumDriver] [  846] - DataValue : 
[INFO ][2015-11-18 17:34:31,598][com.java.SeleniumDriver] [  852] - <In Set values of the page>
[INFO ][2015-11-18 17:34:31,599][com.java.SeleniumDriver] [  855] - {Data Fields & Data Values Exist}
[INFO ][2015-11-18 17:34:31,599][com.java.SeleniumDriver] [  857] - --------------------------setting values-----------------------------
[INFO ][2015-11-18 17:34:31,599][com.java.SeleniumDriver] [  860] - Action Type : click
[INFO ][2015-11-18 17:34:31,599][com.java.TestType] [ 4767] - Field ::XPH//button[text()='Constant']
[INFO ][2015-11-18 17:34:32,599][com.java.TestType] [ 4826] - BEFORE CLICK
[INFO ][2015-11-18 17:34:33,467][com.java.TestType] [ 4834] - Unable to click the object click constant
[INFO ][2015-11-18 17:34:33,467][com.java.SeleniumDriver] [  869] -  RESULT true
[INFO ][2015-11-18 17:34:33,467][com.java.SeleniumDriver] [ 1074] - ?   P A S S   ?
[INFO ][2015-11-18 17:34:33,467][com.java.SeleniumDriver] [  796] - ------------------------------------------
[INFO ][2015-11-18 17:34:33,467][com.java.SeleniumDriver] [  797] - Test case being Executed: 6
[INFO ][2015-11-18 17:34:33,467][com.java.SeleniumDriver] [  808] - Test step:27
[INFO ][2015-11-18 17:34:33,467][com.java.SeleniumDriver] [  820] - Datavalue is----------3
[INFO ][2015-11-18 17:34:33,467][com.java.SeleniumDriver] [  844] - DataField : XPH//button[text()='-']
[INFO ][2015-11-18 17:34:33,467][com.java.SeleniumDriver] [  846] - DataValue : 3
[INFO ][2015-11-18 17:34:33,467][com.java.SeleniumDriver] [  852] - <In Set values of the page>
[INFO ][2015-11-18 17:34:33,467][com.java.SeleniumDriver] [  855] - {Data Fields & Data Values Exist}
[INFO ][2015-11-18 17:34:33,467][com.java.SeleniumDriver] [  857] - --------------------------setting values-----------------------------
[INFO ][2015-11-18 17:34:33,467][com.java.SeleniumDriver] [  860] - Action Type : waitforelement
[INFO ][2015-11-18 17:34:33,521][com.java.SeleniumDriver] [  869] -  RESULT true
[INFO ][2015-11-18 17:34:33,521][com.java.SeleniumDriver] [ 1074] - ?   P A S S   ?
[INFO ][2015-11-18 17:34:33,521][com.java.SeleniumDriver] [  796] - ------------------------------------------
[INFO ][2015-11-18 17:34:33,521][com.java.SeleniumDriver] [  797] - Test case being Executed: 6
[INFO ][2015-11-18 17:34:33,521][com.java.SeleniumDriver] [  808] - Test step:28
[INFO ][2015-11-18 17:34:33,521][com.java.SeleniumDriver] [  820] - Datavalue is----------null
[DEBUG][2015-11-18 17:34:33,521][com.java.SeleniumDriver] [  838] - Exception: null
[INFO ][2015-11-18 17:34:33,522][com.java.SeleniumDriver] [  844] - DataField : XPH//button[text()='-']
[INFO ][2015-11-18 17:34:33,522][com.java.SeleniumDriver] [  846] - DataValue : 
[INFO ][2015-11-18 17:34:33,522][com.java.SeleniumDriver] [  852] - <In Set values of the page>
[INFO ][2015-11-18 17:34:33,522][com.java.SeleniumDriver] [  855] - {Data Fields & Data Values Exist}
[INFO ][2015-11-18 17:34:33,522][com.java.SeleniumDriver] [  857] - --------------------------setting values-----------------------------
[INFO ][2015-11-18 17:34:33,522][com.java.SeleniumDriver] [  860] - Action Type : click
[INFO ][2015-11-18 17:34:33,522][com.java.TestType] [ 4767] - Field ::XPH//button[text()='-']
[INFO ][2015-11-18 17:34:34,522][com.java.TestType] [ 4826] - BEFORE CLICK
[ERROR][2015-11-18 17:34:34,536][com.java.TestType] [ 5000] - Exception in click:: Unable to get browser (WARNING: The server did not provide any stacktrace information)
Command duration or timeout: 13 milliseconds
Build info: version: '2.48.2', revision: '41bccdd', time: '2015-10-09 19:59:12'
System info: host: 'FVTIII438F1D', ip: '172.17.68.34', os.name: 'Windows 7', os.arch: 'x86', os.version: '6.1', java.version: '1.7.0_55'
Session ID: fe3e8a79-90e7-4e50-ad27-9a0bc48374ea
Driver info: org.openqa.selenium.ie.InternetExplorerDriver
Capabilities [{platform=WINDOWS, javascriptEnabled=true, elementScrollBehavior=0, ignoreZoomSetting=false, enablePersistentHover=true, ie.ensureCleanSession=false, browserName=internet explorer, enableElementCacheCleanup=true, unexpectedAlertBehaviour=dismiss, version=10, ie.usePerProcessProxy=false, ignoreProtectedModeSettings=true, cssSelectorsEnabled=true, requireWindowFocus=false, initialBrowserUrl=http://localhost:48660/, handlesAlerts=true, ie.forceCreateProcessApi=false, nativeEvents=true, browserAttachTimeout=0, ie.browserCommandLineSwitches=, takesScreenshot=true}]
[INFO ][2015-11-18 17:34:34,536][com.java.TestType] [ 5004] - Element :://button[text()='-']:: not found
[INFO ][2015-11-18 17:34:34,537][com.java.SeleniumDriver] [  869] -  RESULT false
[INFO ][2015-11-18 17:34:34,537][com.java.SeleniumDriver] [  916] - ?   F A I L   ?
[INFO ][2015-11-18 17:34:34,537][com.java.SeleniumDriver] [  924] - Browser Type : IE10
[INFO ][2015-11-18 17:34:34,537][com.java.SeleniumDriver] [  925] - Adding Failed case6
[WARN ][2015-11-18 17:34:34,554][com.java.SeleniumDriver] [  984] - Source 'D:\BankersDashboard\TestReports\111815' exists but is a directory
[INFO ][2015-11-18 17:34:34,554][com.java.SeleniumDriver] [ 1038] - failedCases = 6
[ERROR][2015-11-18 17:34:34,554][com.java.SeleniumDriver] [ 1525] - Platform Errors : Our apologies...::We have encountered an issue with your request.::Our apologies?:We encountered an issue with your request.
[INFO ][2015-11-18 17:34:34,554][com.java.SeleniumDriver] [ 1529] - Length =3
[ERROR][2015-11-18 17:34:34,554][com.java.SeleniumDriver] [ 1532] - Error 0 = Our apologies...
[DEBUG][2015-11-18 17:34:34,567][com.java.SeleniumDriver] [ 1545] - Unable to get the Platform Error list from Hash Map.
[ERROR][2015-11-18 17:34:34,567][com.java.SeleniumDriver] [  270] - Browser crashed. Opening new browser with same capabilities
[ERROR][2015-11-18 17:34:34,568][com.java.SeleniumDriver] [  271] - Error:
java.lang.NullPointerException
	at com.java.SeleniumDriver.testInitiation(SeleniumDriver.java:1132)
	at com.java.SeleniumDriver.setup(SeleniumDriver.java:255)
	at com.java.ExecuteThread.run(CreateClient.java:688)
	at java.lang.Thread.run(Thread.java:745)
[DEBUG][2015-11-18 17:34:35,778][com.java.SeleniumDriver] [  425] - Hub ip address is-------172.17.68.34
[INFO ][2015-11-18 17:34:35,778][com.java.SeleniumDriver] [  451] - Grid URL:http://172.17.68.34:4444/wd/hub
[INFO ][2015-11-18 17:34:35,779][com.java.SeleniumDriver] [  452] - Capability:Capabilities [{platform=ANY, ensureCleanSession=true, ignoreProtectedModeSettings=true, acceptSslCerts=true, ignoreZoomSetting=true, browserName=internet explorer, browserstack.ie.noFlash=true, version=null}]
