[INFO ][2015-11-18 12:00:31,093][com.java.SeleniumDriver] [  213] - Execute Failed Casesfalse
[INFO ][2015-11-18 12:00:31,098][com.java.SeleniumDriver] [  214] - Browser: IE10
[INFO ][2015-11-18 12:00:31,098][com.java.SeleniumDriver] [  215] - [1, 6]
[INFO ][2015-11-18 12:00:31,098][com.java.SeleniumDriver] [  216] - Total TestCases:2
[INFO ][2015-11-18 12:00:31,098][com.java.SeleniumDriver] [  217] -  Reading Properties from Property File 
[DEBUG][2015-11-18 12:00:31,098][com.java.SeleniumDriver] [  238] - url : https://clients-xuat.bankersdashboard.com
[INFO ][2015-11-18 12:00:31,101][com.java.ImportnExport.ExportTestResultsExcel] [  116] - Time Stamp Wed Nov 18 12:00:31 IST 2015
[INFO ][2015-11-18 12:00:31,101][com.java.ImportnExport.ExportTestResultsExcel] [  175] - OUT FILE : D:\BankersDashboard/TestReports/Test Results_BankersDashBoard_111815_120031_IE10_United Bank.xls
[INFO ][2015-11-18 12:00:31,127][com.java.ImportnExport.ExportTestResultsExcel] [  180] - Test Result file is created
[DEBUG][2015-11-18 12:00:31,229][com.java.SeleniumDriver] [  425] - Hub ip address is-------172.17.68.34
[INFO ][2015-11-18 12:00:31,229][com.java.SeleniumDriver] [  451] - Grid URL:http://172.17.68.34:4444/wd/hub
[INFO ][2015-11-18 12:00:31,229][com.java.SeleniumDriver] [  452] - Capability:Capabilities [{platform=ANY, ensureCleanSession=true, ignoreProtectedModeSettings=true, acceptSslCerts=true, ignoreZoomSetting=true, browserName=internet explorer, browserstack.ie.noFlash=true, version=null}]
[ERROR][2015-11-18 12:00:32,524][com.java.SeleniumDriver] [  496] - Unable invoke browser in grid:Could not start a new session. Possible causes are invalid address of the remote server or browser start-up failure.
Build info: version: '2.48.2', revision: '41bccdd', time: '2015-10-09 19:59:12'
System info: host: 'FVTIII438F1D', ip: '172.17.68.34', os.name: 'Windows 7', os.arch: 'x86', os.version: '6.1', java.version: '1.7.0_55'
Driver info: driver.version: SeleniumDriver
[INFO ][2015-11-18 12:00:32,524][com.java.SeleniumDriver] [  498] - Executing on local machine
[INFO ][2015-11-18 12:00:42,026][com.java.SeleniumDriver] [  248] - IE10is opened
[INFO ][2015-11-18 12:00:42,651][com.java.SeleniumDriver] [  753] - Test cases to be executed are: [1, 6]
[INFO ][2015-11-18 12:00:42,670][com.java.ImportnExport.ImportTestDataDetailsExcel] [   49] - test data details path===== D:\BankersDashboard\TestInputs\TestData.xls
[INFO ][2015-11-18 12:00:42,715][com.java.SeleniumDriver] [  796] - ------------------------------------------
[INFO ][2015-11-18 12:00:42,715][com.java.SeleniumDriver] [  797] - Test case being Executed: 1
[INFO ][2015-11-18 12:00:42,717][com.java.SeleniumDriver] [  808] - Test step:1
[INFO ][2015-11-18 12:00:42,717][com.java.SeleniumDriver] [  820] - Datavalue is----------Concept#1:1-14
[INFO ][2015-11-18 12:00:42,717][com.java.SeleniumDriver] [  844] - DataField : test
[INFO ][2015-11-18 12:00:42,717][com.java.SeleniumDriver] [  846] - DataValue : Concept#1:1-14
[INFO ][2015-11-18 12:00:42,717][com.java.SeleniumDriver] [  852] - <In Set values of the page>
[INFO ][2015-11-18 12:00:42,717][com.java.SeleniumDriver] [  855] - {Data Fields & Data Values Exist}
[INFO ][2015-11-18 12:00:42,717][com.java.SeleniumDriver] [  857] - --------------------------setting values-----------------------------
[INFO ][2015-11-18 12:00:42,717][com.java.SeleniumDriver] [  860] - Action Type : ExecuteTestCase
[INFO ][2015-11-18 12:00:42,735][com.java.TestType] [  423] - The Concept sheet name is ---------- Concept
[INFO ][2015-11-18 12:00:42,735][com.java.TestType] [  426] - The Concept ID  is ---------- 1
[DEBUG][2015-11-18 12:00:42,735][com.java.TestType] [  430] - Steps being executted in the Concept are: 1:14
[INFO ][2015-11-18 12:00:42,735][com.java.TestType] [  437] - Test data details path ---------- D:\BankersDashboard\TestInputs\TestData.xls
[INFO ][2015-11-18 12:00:42,770][com.java.TestType] [  468] -  str(1) = 1
[INFO ][2015-11-18 12:00:42,770][com.java.TestType] [  471] - Test case Id is---1
[INFO ][2015-11-18 12:00:42,770][com.java.TestType] [  473] - 1
[INFO ][2015-11-18 12:00:42,770][com.java.TestType] [  468] -  str(2) = 1
[INFO ][2015-11-18 12:00:42,775][com.java.TestType] [  520] - row values are--------{1=com.java.Objects.TestDataDetails@1ff9980}
[INFO ][2015-11-18 12:00:42,775][com.java.TestType] [  468] -  str(1) = 1
[INFO ][2015-11-18 12:00:42,775][com.java.TestType] [  471] - Test case Id is---1
[INFO ][2015-11-18 12:00:42,775][com.java.TestType] [  473] - 1
[INFO ][2015-11-18 12:00:42,775][com.java.TestType] [  468] -  str(2) = 2
[INFO ][2015-11-18 12:00:42,777][com.java.TestType] [  520] - row values are--------{1=com.java.Objects.TestDataDetails@1ff9980, 2=com.java.Objects.TestDataDetails@470c64}
[INFO ][2015-11-18 12:00:42,777][com.java.TestType] [  468] -  str(1) = 1
[INFO ][2015-11-18 12:00:42,777][com.java.TestType] [  471] - Test case Id is---1
[INFO ][2015-11-18 12:00:42,777][com.java.TestType] [  473] - 1
[INFO ][2015-11-18 12:00:42,777][com.java.TestType] [  468] -  str(2) = 3
[INFO ][2015-11-18 12:00:42,777][com.java.TestType] [  520] - row values are--------{1=com.java.Objects.TestDataDetails@1ff9980, 2=com.java.Objects.TestDataDetails@470c64, 3=com.java.Objects.TestDataDetails@1eba425}
[INFO ][2015-11-18 12:00:42,777][com.java.TestType] [  468] -  str(1) = 1
[INFO ][2015-11-18 12:00:42,777][com.java.TestType] [  471] - Test case Id is---1
[INFO ][2015-11-18 12:00:42,777][com.java.TestType] [  473] - 1
[INFO ][2015-11-18 12:00:42,777][com.java.TestType] [  468] -  str(2) = 4
[INFO ][2015-11-18 12:00:42,780][com.java.TestType] [  520] - row values are--------{1=com.java.Objects.TestDataDetails@1ff9980, 2=com.java.Objects.TestDataDetails@470c64, 3=com.java.Objects.TestDataDetails@1eba425, 4=com.java.Objects.TestDataDetails@1fa92be}
[INFO ][2015-11-18 12:00:42,780][com.java.TestType] [  468] -  str(1) = 1
[INFO ][2015-11-18 12:00:42,780][com.java.TestType] [  471] - Test case Id is---1
[INFO ][2015-11-18 12:00:42,780][com.java.TestType] [  473] - 1
[INFO ][2015-11-18 12:00:42,780][com.java.TestType] [  468] -  str(2) = 5
[INFO ][2015-11-18 12:00:42,782][com.java.TestType] [  520] - row values are--------{1=com.java.Objects.TestDataDetails@1ff9980, 2=com.java.Objects.TestDataDetails@470c64, 3=com.java.Objects.TestDataDetails@1eba425, 4=com.java.Objects.TestDataDetails@1fa92be, 5=com.java.Objects.TestDataDetails@1b9e6d7}
[INFO ][2015-11-18 12:00:42,782][com.java.TestType] [  468] -  str(1) = 1
[INFO ][2015-11-18 12:00:42,782][com.java.TestType] [  471] - Test case Id is---1
[INFO ][2015-11-18 12:00:42,782][com.java.TestType] [  473] - 1
[INFO ][2015-11-18 12:00:42,782][com.java.TestType] [  468] -  str(2) = 6
[INFO ][2015-11-18 12:00:42,782][com.java.TestType] [  520] - row values are--------{1=com.java.Objects.TestDataDetails@1ff9980, 2=com.java.Objects.TestDataDetails@470c64, 3=com.java.Objects.TestDataDetails@1eba425, 4=com.java.Objects.TestDataDetails@1fa92be, 5=com.java.Objects.TestDataDetails@1b9e6d7, 6=com.java.Objects.TestDataDetails@13fba84}
[INFO ][2015-11-18 12:00:42,782][com.java.TestType] [  468] -  str(1) = 1
[INFO ][2015-11-18 12:00:42,782][com.java.TestType] [  471] - Test case Id is---1
[INFO ][2015-11-18 12:00:42,782][com.java.TestType] [  473] - 1
[INFO ][2015-11-18 12:00:42,785][com.java.TestType] [  468] -  str(2) = 7
[INFO ][2015-11-18 12:00:42,785][com.java.TestType] [  520] - row values are--------{1=com.java.Objects.TestDataDetails@1ff9980, 2=com.java.Objects.TestDataDetails@470c64, 3=com.java.Objects.TestDataDetails@1eba425, 4=com.java.Objects.TestDataDetails@1fa92be, 5=com.java.Objects.TestDataDetails@1b9e6d7, 6=com.java.Objects.TestDataDetails@13fba84, 7=com.java.Objects.TestDataDetails@1ff8e70}
[INFO ][2015-11-18 12:00:42,785][com.java.TestType] [  468] -  str(1) = 1
[INFO ][2015-11-18 12:00:42,785][com.java.TestType] [  471] - Test case Id is---1
[INFO ][2015-11-18 12:00:42,785][com.java.TestType] [  473] - 1
[INFO ][2015-11-18 12:00:42,785][com.java.TestType] [  468] -  str(2) = 8
[INFO ][2015-11-18 12:00:42,785][com.java.TestType] [  520] - row values are--------{1=com.java.Objects.TestDataDetails@1ff9980, 2=com.java.Objects.TestDataDetails@470c64, 3=com.java.Objects.TestDataDetails@1eba425, 4=com.java.Objects.TestDataDetails@1fa92be, 5=com.java.Objects.TestDataDetails@1b9e6d7, 6=com.java.Objects.TestDataDetails@13fba84, 7=com.java.Objects.TestDataDetails@1ff8e70, 8=com.java.Objects.TestDataDetails@1b40e7e}
[INFO ][2015-11-18 12:00:42,785][com.java.TestType] [  468] -  str(1) = 1
[INFO ][2015-11-18 12:00:42,785][com.java.TestType] [  471] - Test case Id is---1
[INFO ][2015-11-18 12:00:42,785][com.java.TestType] [  473] - 1
[INFO ][2015-11-18 12:00:42,785][com.java.TestType] [  468] -  str(2) = 9
[INFO ][2015-11-18 12:00:42,787][com.java.TestType] [  520] - row values are--------{1=com.java.Objects.TestDataDetails@1ff9980, 2=com.java.Objects.TestDataDetails@470c64, 3=com.java.Objects.TestDataDetails@1eba425, 4=com.java.Objects.TestDataDetails@1fa92be, 5=com.java.Objects.TestDataDetails@1b9e6d7, 6=com.java.Objects.TestDataDetails@13fba84, 7=com.java.Objects.TestDataDetails@1ff8e70, 8=com.java.Objects.TestDataDetails@1b40e7e, 9=com.java.Objects.TestDataDetails@77d66}
[INFO ][2015-11-18 12:00:42,787][com.java.TestType] [  468] -  str(1) = 1
[INFO ][2015-11-18 12:00:42,787][com.java.TestType] [  471] - Test case Id is---1
[INFO ][2015-11-18 12:00:42,787][com.java.TestType] [  473] - 1
[INFO ][2015-11-18 12:00:42,787][com.java.TestType] [  468] -  str(2) = 10
[INFO ][2015-11-18 12:00:42,787][com.java.TestType] [  520] - row values are--------{1=com.java.Objects.TestDataDetails@1ff9980, 2=com.java.Objects.TestDataDetails@470c64, 3=com.java.Objects.TestDataDetails@1eba425, 4=com.java.Objects.TestDataDetails@1fa92be, 5=com.java.Objects.TestDataDetails@1b9e6d7, 6=com.java.Objects.TestDataDetails@13fba84, 7=com.java.Objects.TestDataDetails@1ff8e70, 8=com.java.Objects.TestDataDetails@1b40e7e, 9=com.java.Objects.TestDataDetails@77d66, 10=com.java.Objects.TestDataDetails@19a12cb}
[INFO ][2015-11-18 12:00:42,790][com.java.TestType] [  468] -  str(1) = 1
[INFO ][2015-11-18 12:00:42,790][com.java.TestType] [  471] - Test case Id is---1
[INFO ][2015-11-18 12:00:42,790][com.java.TestType] [  473] - 1
[INFO ][2015-11-18 12:00:42,790][com.java.TestType] [  468] -  str(2) = 11
[INFO ][2015-11-18 12:00:42,790][com.java.TestType] [  520] - row values are--------{1=com.java.Objects.TestDataDetails@1ff9980, 2=com.java.Objects.TestDataDetails@470c64, 3=com.java.Objects.TestDataDetails@1eba425, 4=com.java.Objects.TestDataDetails@1fa92be, 5=com.java.Objects.TestDataDetails@1b9e6d7, 6=com.java.Objects.TestDataDetails@13fba84, 7=com.java.Objects.TestDataDetails@1ff8e70, 8=com.java.Objects.TestDataDetails@1b40e7e, 9=com.java.Objects.TestDataDetails@77d66, 10=com.java.Objects.TestDataDetails@19a12cb, 11=com.java.Objects.TestDataDetails@e18cef}
[INFO ][2015-11-18 12:00:42,790][com.java.TestType] [  468] -  str(1) = 1
[INFO ][2015-11-18 12:00:42,790][com.java.TestType] [  471] - Test case Id is---1
[INFO ][2015-11-18 12:00:42,790][com.java.TestType] [  473] - 1
[INFO ][2015-11-18 12:00:42,790][com.java.TestType] [  468] -  str(2) = 12
[INFO ][2015-11-18 12:00:42,790][com.java.TestType] [  520] - row values are--------{1=com.java.Objects.TestDataDetails@1ff9980, 2=com.java.Objects.TestDataDetails@470c64, 3=com.java.Objects.TestDataDetails@1eba425, 4=com.java.Objects.TestDataDetails@1fa92be, 5=com.java.Objects.TestDataDetails@1b9e6d7, 6=com.java.Objects.TestDataDetails@13fba84, 7=com.java.Objects.TestDataDetails@1ff8e70, 8=com.java.Objects.TestDataDetails@1b40e7e, 9=com.java.Objects.TestDataDetails@77d66, 10=com.java.Objects.TestDataDetails@19a12cb, 11=com.java.Objects.TestDataDetails@e18cef, 12=com.java.Objects.TestDataDetails@1f967c8}
[INFO ][2015-11-18 12:00:42,792][com.java.TestType] [  468] -  str(1) = 1
[INFO ][2015-11-18 12:00:42,792][com.java.TestType] [  471] - Test case Id is---1
[INFO ][2015-11-18 12:00:42,792][com.java.TestType] [  473] - 1
[INFO ][2015-11-18 12:00:42,792][com.java.TestType] [  468] -  str(2) = 13
[INFO ][2015-11-18 12:00:42,792][com.java.TestType] [  520] - row values are--------{1=com.java.Objects.TestDataDetails@1ff9980, 2=com.java.Objects.TestDataDetails@470c64, 3=com.java.Objects.TestDataDetails@1eba425, 4=com.java.Objects.TestDataDetails@1fa92be, 5=com.java.Objects.TestDataDetails@1b9e6d7, 6=com.java.Objects.TestDataDetails@13fba84, 7=com.java.Objects.TestDataDetails@1ff8e70, 8=com.java.Objects.TestDataDetails@1b40e7e, 9=com.java.Objects.TestDataDetails@77d66, 10=com.java.Objects.TestDataDetails@19a12cb, 11=com.java.Objects.TestDataDetails@e18cef, 12=com.java.Objects.TestDataDetails@1f967c8, 13=com.java.Objects.TestDataDetails@f3ed4d}
[INFO ][2015-11-18 12:00:42,792][com.java.TestType] [  468] -  str(1) = 1
[INFO ][2015-11-18 12:00:42,795][com.java.TestType] [  471] - Test case Id is---1
[INFO ][2015-11-18 12:00:42,795][com.java.TestType] [  473] - 1
[INFO ][2015-11-18 12:00:42,795][com.java.TestType] [  468] -  str(2) = 14
[INFO ][2015-11-18 12:00:42,795][com.java.TestType] [  520] - row values are--------{1=com.java.Objects.TestDataDetails@1ff9980, 2=com.java.Objects.TestDataDetails@470c64, 3=com.java.Objects.TestDataDetails@1eba425, 4=com.java.Objects.TestDataDetails@1fa92be, 5=com.java.Objects.TestDataDetails@1b9e6d7, 6=com.java.Objects.TestDataDetails@13fba84, 7=com.java.Objects.TestDataDetails@1ff8e70, 8=com.java.Objects.TestDataDetails@1b40e7e, 9=com.java.Objects.TestDataDetails@77d66, 10=com.java.Objects.TestDataDetails@19a12cb, 11=com.java.Objects.TestDataDetails@e18cef, 12=com.java.Objects.TestDataDetails@1f967c8, 13=com.java.Objects.TestDataDetails@f3ed4d, 14=com.java.Objects.TestDataDetails@c9defc}
[INFO ][2015-11-18 12:00:42,795][com.java.TestType] [ 8799] - Looping 1TCID = 1
[DEBUG][2015-11-18 12:00:42,795][com.java.TestType] [ 8840] - Concept ID:1 :: Step being Executed: 1::1
[INFO ][2015-11-18 12:00:42,795][com.java.TestType] [ 8878] - dataFields : TXTusername
[DEBUG][2015-11-18 12:00:42,795][com.java.TestType] [ 8884] - <In Set values of the page>
[DEBUG][2015-11-18 12:00:42,795][com.java.TestType] [ 8889] - {Data Fields & Data Values Exist}
[INFO ][2015-11-18 12:00:42,795][com.java.TestType] [ 8895] - --------------------------setting values-----------------------------
[INFO ][2015-11-18 12:00:42,795][com.java.TestType] [ 8898] - Action Type : CLEARANDENTER
[INFO ][2015-11-18 12:00:42,795][com.java.TestType] [ 4454] - value = valuelabs.ie10.00058
[INFO ][2015-11-18 12:00:47,454][com.java.TestType] [ 8917] -  RESULT true
[INFO ][2015-11-18 12:00:47,454][com.java.TestType] [ 9034] - ?   P A S S   ?
[DEBUG][2015-11-18 12:00:47,457][com.java.TestType] [ 8840] - Concept ID:1 :: Step being Executed: 1::2
[INFO ][2015-11-18 12:00:47,457][com.java.TestType] [ 8878] - dataFields : TXTpassword
[DEBUG][2015-11-18 12:00:47,457][com.java.TestType] [ 8884] - <In Set values of the page>
[DEBUG][2015-11-18 12:00:47,457][com.java.TestType] [ 8889] - {Data Fields & Data Values Exist}
[INFO ][2015-11-18 12:00:47,457][com.java.TestType] [ 8895] - --------------------------setting values-----------------------------
[INFO ][2015-11-18 12:00:47,457][com.java.TestType] [ 8898] - Action Type : CLEARANDENTER
[INFO ][2015-11-18 12:00:47,457][com.java.TestType] [ 4454] - value = Password1*
[INFO ][2015-11-18 12:00:52,209][com.java.TestType] [ 8917] -  RESULT true
[INFO ][2015-11-18 12:00:52,209][com.java.TestType] [ 9034] - ?   P A S S   ?
[DEBUG][2015-11-18 12:00:52,209][com.java.TestType] [ 8840] - Concept ID:1 :: Step being Executed: 1::3
[ERROR][2015-11-18 12:00:52,209][com.java.TestType] [ 8873] - Exception: null
[INFO ][2015-11-18 12:00:52,209][com.java.TestType] [ 8878] - dataFields : XPH//button[@type='submit']
[DEBUG][2015-11-18 12:00:52,209][com.java.TestType] [ 8884] - <In Set values of the page>
[DEBUG][2015-11-18 12:00:52,209][com.java.TestType] [ 8889] - {Data Fields & Data Values Exist}
[INFO ][2015-11-18 12:00:52,209][com.java.TestType] [ 8895] - --------------------------setting values-----------------------------
[INFO ][2015-11-18 12:00:52,209][com.java.TestType] [ 8898] - Action Type : Click
[INFO ][2015-11-18 12:00:52,209][com.java.TestType] [ 4767] - Field ::XPH//button[@type='submit']
[INFO ][2015-11-18 12:00:53,209][com.java.TestType] [ 4826] - BEFORE CLICK
[INFO ][2015-11-18 12:00:54,016][com.java.TestType] [ 4834] - Unable to click the object Login
[INFO ][2015-11-18 12:00:54,016][com.java.TestType] [ 8917] -  RESULT true
[INFO ][2015-11-18 12:00:54,016][com.java.TestType] [ 9034] - ?   P A S S   ?
[DEBUG][2015-11-18 12:00:54,016][com.java.TestType] [ 8840] - Concept ID:1 :: Step being Executed: 1::4
[INFO ][2015-11-18 12:00:54,016][com.java.TestType] [ 8878] - dataFields : LNKLogout
[DEBUG][2015-11-18 12:00:54,016][com.java.TestType] [ 8884] - <In Set values of the page>
[DEBUG][2015-11-18 12:00:54,016][com.java.TestType] [ 8889] - {Data Fields & Data Values Exist}
[INFO ][2015-11-18 12:00:54,016][com.java.TestType] [ 8895] - --------------------------setting values-----------------------------
[INFO ][2015-11-18 12:00:54,016][com.java.TestType] [ 8898] - Action Type : WaitForElement
[DEBUG][2015-11-18 12:01:13,107][com.java.TestType] [ 5344] - link=Logout   :: Link not Found
[INFO ][2015-11-18 12:01:13,107][com.java.TestType] [ 8917] -  RESULT false
[INFO ][2015-11-18 12:01:13,107][com.java.TestType] [ 8955] - ?   F A I L   ?
[DEBUG][2015-11-18 12:01:13,107][com.java.TestType] [ 8958] - Browser Type : IE10
[DEBUG][2015-11-18 12:01:13,108][com.java.TestType] [ 8840] - Concept ID:1 :: Step being Executed: 1::5
[INFO ][2015-11-18 12:01:13,108][com.java.TestType] [ 8878] - dataFields : TTL
[DEBUG][2015-11-18 12:01:13,108][com.java.TestType] [ 8884] - <In Set values of the page>
[DEBUG][2015-11-18 12:01:13,108][com.java.TestType] [ 8889] - {Data Fields & Data Values Exist}
[INFO ][2015-11-18 12:01:13,108][com.java.TestType] [ 8895] - --------------------------setting values-----------------------------
[INFO ][2015-11-18 12:01:13,108][com.java.TestType] [ 8898] - Action Type : SelectWindow
[INFO ][2015-11-18 12:01:25,408][com.java.TestType] [ 8917] -  RESULT true
[INFO ][2015-11-18 12:01:25,408][com.java.TestType] [ 9034] - ?   P A S S   ?
[DEBUG][2015-11-18 12:01:25,408][com.java.TestType] [ 8840] - Concept ID:1 :: Step being Executed: 1::6
[INFO ][2015-11-18 12:01:25,408][com.java.TestType] [ 8878] - dataFields : test
[DEBUG][2015-11-18 12:01:25,411][com.java.TestType] [ 8884] - <In Set values of the page>
[DEBUG][2015-11-18 12:01:25,411][com.java.TestType] [ 8889] - {Data Fields & Data Values Exist}
[INFO ][2015-11-18 12:01:25,411][com.java.TestType] [ 8895] - --------------------------setting values-----------------------------
[INFO ][2015-11-18 12:01:25,411][com.java.TestType] [ 8898] - Action Type : WaitTime
[DEBUG][2015-11-18 12:01:25,411][com.java.TestType] [ 4289] - sleepTime: 20000
[INFO ][2015-11-18 12:01:45,412][com.java.TestType] [ 8917] -  RESULT true
[INFO ][2015-11-18 12:01:45,412][com.java.TestType] [ 9034] - ?   P A S S   ?
[DEBUG][2015-11-18 12:01:45,412][com.java.TestType] [ 8840] - Concept ID:1 :: Step being Executed: 1::7
[ERROR][2015-11-18 12:01:45,412][com.java.TestType] [ 8873] - Exception: null
[INFO ][2015-11-18 12:01:45,412][com.java.TestType] [ 8878] - dataFields : //span[@class='icon-cog2']&&User Settings
[DEBUG][2015-11-18 12:01:45,412][com.java.TestType] [ 8884] - <In Set values of the page>
[DEBUG][2015-11-18 12:01:45,412][com.java.TestType] [ 8889] - {Data Fields & Data Values Exist}
[INFO ][2015-11-18 12:01:45,412][com.java.TestType] [ 8895] - --------------------------setting values-----------------------------
[INFO ][2015-11-18 12:01:45,412][com.java.TestType] [ 8898] - Action Type : MouseOver
[ERROR][2015-11-18 12:01:56,414][com.java.TestType] [ 1520] - exception value : Unable to find element with link text == User Settings (WARNING: The server did not provide any stacktrace information)
Command duration or timeout: 391 milliseconds
For documentation on this error, please visit: http://seleniumhq.org/exceptions/no_such_element.html
Build info: version: '2.48.2', revision: '41bccdd', time: '2015-10-09 19:59:12'
System info: host: 'FVTIII438F1D', ip: '172.17.68.34', os.name: 'Windows 7', os.arch: 'x86', os.version: '6.1', java.version: '1.7.0_55'
*** Element info: {Using=link text, value=User Settings}
Session ID: b5fc2ed7-e9b9-4bf1-a811-85c950ff231e
Driver info: org.openqa.selenium.ie.InternetExplorerDriver
Capabilities [{platform=WINDOWS, javascriptEnabled=true, elementScrollBehavior=0, ignoreZoomSetting=false, enablePersistentHover=true, ie.ensureCleanSession=false, browserName=internet explorer, enableElementCacheCleanup=true, unexpectedAlertBehaviour=dismiss, version=10, ie.usePerProcessProxy=false, ignoreProtectedModeSettings=true, cssSelectorsEnabled=true, requireWindowFocus=false, initialBrowserUrl=http://localhost:45108/, handlesAlerts=true, ie.forceCreateProcessApi=false, nativeEvents=true, browserAttachTimeout=0, ie.browserCommandLineSwitches=, takesScreenshot=true}]
[INFO ][2015-11-18 12:01:56,414][com.java.TestType] [ 8917] -  RESULT false
[INFO ][2015-11-18 12:01:56,414][com.java.TestType] [ 8955] - ?   F A I L   ?
[DEBUG][2015-11-18 12:01:56,414][com.java.TestType] [ 8958] - Browser Type : IE10
[INFO ][2015-11-18 12:01:56,417][com.java.SeleniumDriver] [  869] -  RESULT false
[INFO ][2015-11-18 12:01:56,417][com.java.SeleniumDriver] [  916] - ?   F A I L   ?
[INFO ][2015-11-18 12:01:56,417][com.java.SeleniumDriver] [  924] - Browser Type : IE10
[INFO ][2015-11-18 12:01:56,417][com.java.SeleniumDriver] [  925] - Adding Failed case1
[INFO ][2015-11-18 12:01:56,660][com.java.SeleniumDriver] [ 1038] - failedCases = 1
[ERROR][2015-11-18 12:01:56,660][com.java.SeleniumDriver] [ 1525] - Platform Errors : Our apologies...::We have encountered an issue with your request.::Our apologies?:We encountered an issue with your request.
[INFO ][2015-11-18 12:01:56,660][com.java.SeleniumDriver] [ 1529] - Length =3
[ERROR][2015-11-18 12:01:56,660][com.java.SeleniumDriver] [ 1532] - Error 0 = Our apologies...
[ERROR][2015-11-18 12:01:56,765][com.java.SeleniumDriver] [ 1532] - Error 1 = We have encountered an issue with your request.
[ERROR][2015-11-18 12:01:56,870][com.java.SeleniumDriver] [ 1532] - Error 2 = Our apologies?:We encountered an issue with your request.
[DEBUG][2015-11-18 12:01:56,945][com.java.SeleniumDriver] [ 1176] - Case found
[DEBUG][2015-11-18 12:01:56,945][com.java.SeleniumDriver] [ 1181] - Incrementing ReportCounters[0]:1
[INFO ][2015-11-18 12:01:56,945][com.java.SeleniumDriver] [ 1200] - The results are-------------------[1, 1, Valid Login, Fail, 
Test case failed at Step No. :: 1   Error Message ::  In CONCEPT: Test case failed at Step No. :: 7   Error Message ::  Element: User Settings is not found. Screen Shot : D:\BankersDashboard\TestReports\111815\1_111815_120156_IE10.png, Wed Nov 18 12:01:56 IST 2015]
[INFO ][2015-11-18 12:01:56,945][com.java.SeleniumDriver] [ 1204] - End time is-------1 min 28 sec
[INFO ][2015-11-18 12:01:56,945][com.java.SeleniumDriver] [ 1205] - The results are-------------------[1, 1, Valid Login, Fail, 
Test case failed at Step No. :: 1   Error Message ::  In CONCEPT: Test case failed at Step No. :: 7   Error Message ::  Element: User Settings is not found. Screen Shot : D:\BankersDashboard\TestReports\111815\1_111815_120156_IE10.png, Wed Nov 18 12:01:56 IST 2015]
[DEBUG][2015-11-18 12:01:56,945][com.java.ImportnExport.ExportTestResultsExcel] [  222] - testResultPath = D:\BankersDashboard/TestReports/Test Results_BankersDashBoard_111815_120031_IE10_United Bank.xls
[DEBUG][2015-11-18 12:01:56,945][com.java.ImportnExport.ExportTestResultsExcel] [  223] - browser is------------IE10
[DEBUG][2015-11-18 12:01:56,990][com.java.ImportnExport.ExportTestResultsExcel] [  270] - result.size() = 6
[DEBUG][2015-11-18 12:01:56,990][com.java.ImportnExport.ExportTestResultsExcel] [  274] - No of rows in sheet=1
[DEBUG][2015-11-18 12:01:56,990][com.java.ImportnExport.ExportTestResultsExcel] [  301] - ..in export..1
[DEBUG][2015-11-18 12:01:56,990][com.java.ImportnExport.ExportTestResultsExcel] [  301] - ..in export..Valid Login
[DEBUG][2015-11-18 12:01:56,990][com.java.ImportnExport.ExportTestResultsExcel] [  301] - ..in export..Fail
[DEBUG][2015-11-18 12:01:56,990][com.java.ImportnExport.ExportTestResultsExcel] [  301] - ..in export..
Test case failed at Step No. :: 1   Error Message ::  In CONCEPT: Test case failed at Step No. :: 7   Error Message ::  Element: User Settings is not found. Screen Shot : D:\BankersDashboard\TestReports\111815\1_111815_120156_IE10.png
[DEBUG][2015-11-18 12:01:56,990][com.java.ImportnExport.ExportTestResultsExcel] [  301] - ..in export..Wed Nov 18 12:01:56 IST 2015
[INFO ][2015-11-18 12:01:56,993][com.java.SeleniumDriver] [ 1263] - out loop:0 size:2 TestCases:[1, 6] testcases:[1, 6]
[INFO ][2015-11-18 12:01:56,993][com.java.ImportnExport.ImportTestDataDetailsExcel] [   49] - test data details path===== D:\BankersDashboard\TestInputs\TestData.xls
