[INFO ][2015-11-06 12:22:14,646][com.java.SeleniumDriver] [  213] - Execute Failed Casesfalse
[INFO ][2015-11-06 12:22:14,650][com.java.SeleniumDriver] [  214] - Browser: IE11
[INFO ][2015-11-06 12:22:14,651][com.java.SeleniumDriver] [  215] - [1, 3]
[INFO ][2015-11-06 12:22:14,651][com.java.SeleniumDriver] [  216] - Total TestCases:2
[INFO ][2015-11-06 12:22:14,651][com.java.SeleniumDriver] [  217] -  Reading Properties from Property File 
[DEBUG][2015-11-06 12:22:14,651][com.java.SeleniumDriver] [  238] - url : https://clients-xuat.bankersdashboard.com
[INFO ][2015-11-06 12:22:14,652][com.java.ImportnExport.ExportTestResultsExcel] [  116] - Time Stamp Fri Nov 06 12:22:14 IST 2015
[INFO ][2015-11-06 12:22:14,652][com.java.ImportnExport.ExportTestResultsExcel] [  175] - OUT FILE : D:\BankersDashboard/TestReports/Test Results_BankersDashBoard_110615_122214_IE11_Any Bank USA.xls
[INFO ][2015-11-06 12:22:14,682][com.java.ImportnExport.ExportTestResultsExcel] [  180] - Test Result file is created
[DEBUG][2015-11-06 12:22:14,783][com.java.SeleniumDriver] [  425] - Hub ip address is-------172.17.68.34
[INFO ][2015-11-06 12:22:14,784][com.java.SeleniumDriver] [  451] - Grid URL:http://172.17.68.34:4444/wd/hub
[INFO ][2015-11-06 12:22:14,784][com.java.SeleniumDriver] [  452] - Capability:Capabilities [{platform=ANY, ensureCleanSession=true, ignoreProtectedModeSettings=true, acceptSslCerts=true, ignoreZoomSetting=true, browserName=internet explorer, browserstack.ie.noFlash=true, version=Node1}]
[ERROR][2015-11-06 12:22:16,090][com.java.SeleniumDriver] [  496] - Unable invoke browser in grid:Could not start a new session. Possible causes are invalid address of the remote server or browser start-up failure.
Build info: version: '2.48.2', revision: '41bccdd', time: '2015-10-09 19:59:12'
System info: host: 'FVTIII438F1D', ip: '172.17.68.34', os.name: 'Windows 7', os.arch: 'x86', os.version: '6.1', java.version: '1.7.0_55'
Driver info: driver.version: SeleniumDriver
[INFO ][2015-11-06 12:22:16,090][com.java.SeleniumDriver] [  498] - Executing on local machine
[INFO ][2015-11-06 12:22:25,381][com.java.SeleniumDriver] [  248] - IE11is opened
[INFO ][2015-11-06 12:22:26,038][com.java.SeleniumDriver] [  752] - Test cases to be executed are: [1, 3]
[INFO ][2015-11-06 12:22:26,038][com.java.ImportnExport.ImportTestDataDetailsExcel] [   49] - test data details path===== D:\BankersDashboard\TestInputs\TestData.xls
[INFO ][2015-11-06 12:22:37,089][com.java.SeleniumDriver] [  788] - ------------------------------------------
[INFO ][2015-11-06 12:22:37,089][com.java.SeleniumDriver] [  789] - Test case being Executed: 1
[INFO ][2015-11-06 12:22:37,105][com.java.SeleniumDriver] [  800] - Test step:1
[INFO ][2015-11-06 12:22:37,105][com.java.SeleniumDriver] [  812] - Datavalue is----------Concept#1:1-14
[INFO ][2015-11-06 12:22:37,105][com.java.SeleniumDriver] [  836] - DataField : test
[INFO ][2015-11-06 12:22:37,105][com.java.SeleniumDriver] [  838] - DataValue : Concept#1:1-14
[INFO ][2015-11-06 12:22:37,105][com.java.SeleniumDriver] [  844] - <In Set values of the page>
[INFO ][2015-11-06 12:22:37,105][com.java.SeleniumDriver] [  847] - {Data Fields & Data Values Exist}
[INFO ][2015-11-06 12:22:37,106][com.java.SeleniumDriver] [  849] - --------------------------setting values-----------------------------
[INFO ][2015-11-06 12:22:37,106][com.java.SeleniumDriver] [  852] - Action Type : ExecuteTestCase
[INFO ][2015-11-06 12:22:37,124][com.java.TestType] [  414] - The Concept sheet name is ---------- Concept
[INFO ][2015-11-06 12:22:37,125][com.java.TestType] [  417] - The Concept ID  is ---------- 1
[DEBUG][2015-11-06 12:22:37,125][com.java.TestType] [  421] - Steps being executted in the Concept are: 1:14
[INFO ][2015-11-06 12:22:37,125][com.java.TestType] [  428] - Test data details path ---------- D:\BankersDashboard\TestInputs\TestData.xls
[INFO ][2015-11-06 12:22:37,155][com.java.TestType] [  459] -  str(1) = 1
[INFO ][2015-11-06 12:22:37,155][com.java.TestType] [  462] - Test case Id is---1
[INFO ][2015-11-06 12:22:37,155][com.java.TestType] [  464] - 1
[INFO ][2015-11-06 12:22:37,155][com.java.TestType] [  459] -  str(2) = 1
[INFO ][2015-11-06 12:22:37,158][com.java.TestType] [  511] - row values are--------{1=com.java.Objects.TestDataDetails@1654df1}
[INFO ][2015-11-06 12:22:37,158][com.java.TestType] [  459] -  str(1) = 1
[INFO ][2015-11-06 12:22:37,158][com.java.TestType] [  462] - Test case Id is---1
[INFO ][2015-11-06 12:22:37,158][com.java.TestType] [  464] - 1
[INFO ][2015-11-06 12:22:37,158][com.java.TestType] [  459] -  str(2) = 2
[INFO ][2015-11-06 12:22:37,159][com.java.TestType] [  511] - row values are--------{1=com.java.Objects.TestDataDetails@1654df1, 2=com.java.Objects.TestDataDetails@1ebe346}
[INFO ][2015-11-06 12:22:37,159][com.java.TestType] [  459] -  str(1) = 1
[INFO ][2015-11-06 12:22:37,159][com.java.TestType] [  462] - Test case Id is---1
[INFO ][2015-11-06 12:22:37,160][com.java.TestType] [  464] - 1
[INFO ][2015-11-06 12:22:37,160][com.java.TestType] [  459] -  str(2) = 3
[INFO ][2015-11-06 12:22:37,163][com.java.TestType] [  511] - row values are--------{1=com.java.Objects.TestDataDetails@1654df1, 2=com.java.Objects.TestDataDetails@1ebe346, 3=com.java.Objects.TestDataDetails@16f77b6}
[INFO ][2015-11-06 12:22:37,163][com.java.TestType] [  459] -  str(1) = 1
[INFO ][2015-11-06 12:22:37,163][com.java.TestType] [  462] - Test case Id is---1
[INFO ][2015-11-06 12:22:37,163][com.java.TestType] [  464] - 1
[INFO ][2015-11-06 12:22:37,163][com.java.TestType] [  459] -  str(2) = 4
[INFO ][2015-11-06 12:22:37,164][com.java.TestType] [  511] - row values are--------{1=com.java.Objects.TestDataDetails@1654df1, 2=com.java.Objects.TestDataDetails@1ebe346, 3=com.java.Objects.TestDataDetails@16f77b6, 4=com.java.Objects.TestDataDetails@3f09f4}
[INFO ][2015-11-06 12:22:37,164][com.java.TestType] [  459] -  str(1) = 1
[INFO ][2015-11-06 12:22:37,164][com.java.TestType] [  462] - Test case Id is---1
[INFO ][2015-11-06 12:22:37,164][com.java.TestType] [  464] - 1
[INFO ][2015-11-06 12:22:37,165][com.java.TestType] [  459] -  str(2) = 5
[INFO ][2015-11-06 12:22:37,166][com.java.TestType] [  511] - row values are--------{1=com.java.Objects.TestDataDetails@1654df1, 2=com.java.Objects.TestDataDetails@1ebe346, 3=com.java.Objects.TestDataDetails@16f77b6, 4=com.java.Objects.TestDataDetails@3f09f4, 5=com.java.Objects.TestDataDetails@d6e0e0}
[INFO ][2015-11-06 12:22:37,166][com.java.TestType] [  459] -  str(1) = 1
[INFO ][2015-11-06 12:22:37,166][com.java.TestType] [  462] - Test case Id is---1
[INFO ][2015-11-06 12:22:37,166][com.java.TestType] [  464] - 1
[INFO ][2015-11-06 12:22:37,166][com.java.TestType] [  459] -  str(2) = 6
[INFO ][2015-11-06 12:22:37,167][com.java.TestType] [  511] - row values are--------{1=com.java.Objects.TestDataDetails@1654df1, 2=com.java.Objects.TestDataDetails@1ebe346, 3=com.java.Objects.TestDataDetails@16f77b6, 4=com.java.Objects.TestDataDetails@3f09f4, 5=com.java.Objects.TestDataDetails@d6e0e0, 6=com.java.Objects.TestDataDetails@9156c3}
[INFO ][2015-11-06 12:22:37,167][com.java.TestType] [  459] -  str(1) = 1
[INFO ][2015-11-06 12:22:37,167][com.java.TestType] [  462] - Test case Id is---1
[INFO ][2015-11-06 12:22:37,167][com.java.TestType] [  464] - 1
[INFO ][2015-11-06 12:22:37,167][com.java.TestType] [  459] -  str(2) = 7
[INFO ][2015-11-06 12:22:37,168][com.java.TestType] [  511] - row values are--------{1=com.java.Objects.TestDataDetails@1654df1, 2=com.java.Objects.TestDataDetails@1ebe346, 3=com.java.Objects.TestDataDetails@16f77b6, 4=com.java.Objects.TestDataDetails@3f09f4, 5=com.java.Objects.TestDataDetails@d6e0e0, 6=com.java.Objects.TestDataDetails@9156c3, 7=com.java.Objects.TestDataDetails@62a8d2}
[INFO ][2015-11-06 12:22:37,168][com.java.TestType] [  459] -  str(1) = 1
[INFO ][2015-11-06 12:22:37,168][com.java.TestType] [  462] - Test case Id is---1
[INFO ][2015-11-06 12:22:37,168][com.java.TestType] [  464] - 1
[INFO ][2015-11-06 12:22:37,169][com.java.TestType] [  459] -  str(2) = 8
[INFO ][2015-11-06 12:22:37,170][com.java.TestType] [  511] - row values are--------{1=com.java.Objects.TestDataDetails@1654df1, 2=com.java.Objects.TestDataDetails@1ebe346, 3=com.java.Objects.TestDataDetails@16f77b6, 4=com.java.Objects.TestDataDetails@3f09f4, 5=com.java.Objects.TestDataDetails@d6e0e0, 6=com.java.Objects.TestDataDetails@9156c3, 7=com.java.Objects.TestDataDetails@62a8d2, 8=com.java.Objects.TestDataDetails@6d5af1}
[INFO ][2015-11-06 12:22:37,172][com.java.TestType] [  459] -  str(1) = 1
[INFO ][2015-11-06 12:22:37,172][com.java.TestType] [  462] - Test case Id is---1
[INFO ][2015-11-06 12:22:37,172][com.java.TestType] [  464] - 1
[INFO ][2015-11-06 12:22:37,172][com.java.TestType] [  459] -  str(2) = 9
[INFO ][2015-11-06 12:22:37,173][com.java.TestType] [  511] - row values are--------{1=com.java.Objects.TestDataDetails@1654df1, 2=com.java.Objects.TestDataDetails@1ebe346, 3=com.java.Objects.TestDataDetails@16f77b6, 4=com.java.Objects.TestDataDetails@3f09f4, 5=com.java.Objects.TestDataDetails@d6e0e0, 6=com.java.Objects.TestDataDetails@9156c3, 7=com.java.Objects.TestDataDetails@62a8d2, 8=com.java.Objects.TestDataDetails@6d5af1, 9=com.java.Objects.TestDataDetails@8b6c02}
[INFO ][2015-11-06 12:22:37,173][com.java.TestType] [  459] -  str(1) = 1
[INFO ][2015-11-06 12:22:37,173][com.java.TestType] [  462] - Test case Id is---1
[INFO ][2015-11-06 12:22:37,173][com.java.TestType] [  464] - 1
[INFO ][2015-11-06 12:22:37,174][com.java.TestType] [  459] -  str(2) = 10
[INFO ][2015-11-06 12:22:37,174][com.java.TestType] [  511] - row values are--------{1=com.java.Objects.TestDataDetails@1654df1, 2=com.java.Objects.TestDataDetails@1ebe346, 3=com.java.Objects.TestDataDetails@16f77b6, 4=com.java.Objects.TestDataDetails@3f09f4, 5=com.java.Objects.TestDataDetails@d6e0e0, 6=com.java.Objects.TestDataDetails@9156c3, 7=com.java.Objects.TestDataDetails@62a8d2, 8=com.java.Objects.TestDataDetails@6d5af1, 9=com.java.Objects.TestDataDetails@8b6c02, 10=com.java.Objects.TestDataDetails@f28a30}
[INFO ][2015-11-06 12:22:37,174][com.java.TestType] [  459] -  str(1) = 1
[INFO ][2015-11-06 12:22:37,175][com.java.TestType] [  462] - Test case Id is---1
[INFO ][2015-11-06 12:22:37,175][com.java.TestType] [  464] - 1
[INFO ][2015-11-06 12:22:37,175][com.java.TestType] [  459] -  str(2) = 11
[INFO ][2015-11-06 12:22:37,175][com.java.TestType] [  511] - row values are--------{1=com.java.Objects.TestDataDetails@1654df1, 2=com.java.Objects.TestDataDetails@1ebe346, 3=com.java.Objects.TestDataDetails@16f77b6, 4=com.java.Objects.TestDataDetails@3f09f4, 5=com.java.Objects.TestDataDetails@d6e0e0, 6=com.java.Objects.TestDataDetails@9156c3, 7=com.java.Objects.TestDataDetails@62a8d2, 8=com.java.Objects.TestDataDetails@6d5af1, 9=com.java.Objects.TestDataDetails@8b6c02, 10=com.java.Objects.TestDataDetails@f28a30, 11=com.java.Objects.TestDataDetails@18eb0a5}
[INFO ][2015-11-06 12:22:37,176][com.java.TestType] [  459] -  str(1) = 1
[INFO ][2015-11-06 12:22:37,176][com.java.TestType] [  462] - Test case Id is---1
[INFO ][2015-11-06 12:22:37,176][com.java.TestType] [  464] - 1
[INFO ][2015-11-06 12:22:37,176][com.java.TestType] [  459] -  str(2) = 12
[INFO ][2015-11-06 12:22:37,176][com.java.TestType] [  511] - row values are--------{1=com.java.Objects.TestDataDetails@1654df1, 2=com.java.Objects.TestDataDetails@1ebe346, 3=com.java.Objects.TestDataDetails@16f77b6, 4=com.java.Objects.TestDataDetails@3f09f4, 5=com.java.Objects.TestDataDetails@d6e0e0, 6=com.java.Objects.TestDataDetails@9156c3, 7=com.java.Objects.TestDataDetails@62a8d2, 8=com.java.Objects.TestDataDetails@6d5af1, 9=com.java.Objects.TestDataDetails@8b6c02, 10=com.java.Objects.TestDataDetails@f28a30, 11=com.java.Objects.TestDataDetails@18eb0a5, 12=com.java.Objects.TestDataDetails@1eeb332}
[INFO ][2015-11-06 12:22:37,177][com.java.TestType] [  459] -  str(1) = 1
[INFO ][2015-11-06 12:22:37,177][com.java.TestType] [  462] - Test case Id is---1
[INFO ][2015-11-06 12:22:37,177][com.java.TestType] [  464] - 1
[INFO ][2015-11-06 12:22:37,177][com.java.TestType] [  459] -  str(2) = 13
[INFO ][2015-11-06 12:22:37,177][com.java.TestType] [  511] - row values are--------{1=com.java.Objects.TestDataDetails@1654df1, 2=com.java.Objects.TestDataDetails@1ebe346, 3=com.java.Objects.TestDataDetails@16f77b6, 4=com.java.Objects.TestDataDetails@3f09f4, 5=com.java.Objects.TestDataDetails@d6e0e0, 6=com.java.Objects.TestDataDetails@9156c3, 7=com.java.Objects.TestDataDetails@62a8d2, 8=com.java.Objects.TestDataDetails@6d5af1, 9=com.java.Objects.TestDataDetails@8b6c02, 10=com.java.Objects.TestDataDetails@f28a30, 11=com.java.Objects.TestDataDetails@18eb0a5, 12=com.java.Objects.TestDataDetails@1eeb332, 13=com.java.Objects.TestDataDetails@8ed249}
[INFO ][2015-11-06 12:22:37,178][com.java.TestType] [  459] -  str(1) = 1
[INFO ][2015-11-06 12:22:37,178][com.java.TestType] [  462] - Test case Id is---1
[INFO ][2015-11-06 12:22:37,178][com.java.TestType] [  464] - 1
[INFO ][2015-11-06 12:22:37,178][com.java.TestType] [  459] -  str(2) = 14
[INFO ][2015-11-06 12:22:37,179][com.java.TestType] [  511] - row values are--------{1=com.java.Objects.TestDataDetails@1654df1, 2=com.java.Objects.TestDataDetails@1ebe346, 3=com.java.Objects.TestDataDetails@16f77b6, 4=com.java.Objects.TestDataDetails@3f09f4, 5=com.java.Objects.TestDataDetails@d6e0e0, 6=com.java.Objects.TestDataDetails@9156c3, 7=com.java.Objects.TestDataDetails@62a8d2, 8=com.java.Objects.TestDataDetails@6d5af1, 9=com.java.Objects.TestDataDetails@8b6c02, 10=com.java.Objects.TestDataDetails@f28a30, 11=com.java.Objects.TestDataDetails@18eb0a5, 12=com.java.Objects.TestDataDetails@1eeb332, 13=com.java.Objects.TestDataDetails@8ed249, 14=com.java.Objects.TestDataDetails@2d1d1e}
[INFO ][2015-11-06 12:22:37,179][com.java.TestType] [ 7995] - Looping 1TCID = 1
[DEBUG][2015-11-06 12:22:37,179][com.java.TestType] [ 8036] - Concept ID:1 :: Step being Executed: 1::1
[INFO ][2015-11-06 12:22:37,179][com.java.TestType] [ 8074] - dataFields : TXTusername
[DEBUG][2015-11-06 12:22:37,179][com.java.TestType] [ 8080] - <In Set values of the page>
[DEBUG][2015-11-06 12:22:37,179][com.java.TestType] [ 8085] - {Data Fields & Data Values Exist}
[INFO ][2015-11-06 12:22:37,179][com.java.TestType] [ 8091] - --------------------------setting values-----------------------------
[INFO ][2015-11-06 12:22:37,179][com.java.TestType] [ 8094] - Action Type : CLEARANDENTER
[INFO ][2015-11-06 12:22:37,179][com.java.TestType] [ 3846] - value = naresh.nayini.00000
[INFO ][2015-11-06 12:22:42,050][com.java.TestType] [ 8113] -  RESULT true
[INFO ][2015-11-06 12:22:42,050][com.java.TestType] [ 8230] - ?   P A S S   ?
[DEBUG][2015-11-06 12:22:42,050][com.java.TestType] [ 8036] - Concept ID:1 :: Step being Executed: 1::2
[INFO ][2015-11-06 12:22:42,050][com.java.TestType] [ 8074] - dataFields : TXTpassword
[DEBUG][2015-11-06 12:22:42,050][com.java.TestType] [ 8080] - <In Set values of the page>
[DEBUG][2015-11-06 12:22:42,050][com.java.TestType] [ 8085] - {Data Fields & Data Values Exist}
[INFO ][2015-11-06 12:22:42,051][com.java.TestType] [ 8091] - --------------------------setting values-----------------------------
[INFO ][2015-11-06 12:22:42,051][com.java.TestType] [ 8094] - Action Type : CLEARANDENTER
[INFO ][2015-11-06 12:22:42,051][com.java.TestType] [ 3846] - value = Password1*
[INFO ][2015-11-06 12:22:46,984][com.java.TestType] [ 8113] -  RESULT true
[INFO ][2015-11-06 12:22:46,984][com.java.TestType] [ 8230] - ?   P A S S   ?
[DEBUG][2015-11-06 12:22:46,984][com.java.TestType] [ 8036] - Concept ID:1 :: Step being Executed: 1::3
[ERROR][2015-11-06 12:22:46,984][com.java.TestType] [ 8069] - Exception: null
[INFO ][2015-11-06 12:22:46,984][com.java.TestType] [ 8074] - dataFields : XPH//button[@type='submit']
[DEBUG][2015-11-06 12:22:46,985][com.java.TestType] [ 8080] - <In Set values of the page>
[DEBUG][2015-11-06 12:22:46,985][com.java.TestType] [ 8085] - {Data Fields & Data Values Exist}
[INFO ][2015-11-06 12:22:46,985][com.java.TestType] [ 8091] - --------------------------setting values-----------------------------
[INFO ][2015-11-06 12:22:46,985][com.java.TestType] [ 8094] - Action Type : Click
[INFO ][2015-11-06 12:22:46,985][com.java.TestType] [ 4159] - Field ::XPH//button[@type='submit']
[INFO ][2015-11-06 12:22:47,986][com.java.TestType] [ 4218] - BEFORE CLICK
[INFO ][2015-11-06 12:22:48,866][com.java.TestType] [ 4226] - Unable to click the object Login
[INFO ][2015-11-06 12:22:48,866][com.java.TestType] [ 8113] -  RESULT true
[INFO ][2015-11-06 12:22:48,866][com.java.TestType] [ 8230] - ?   P A S S   ?
[DEBUG][2015-11-06 12:22:48,866][com.java.TestType] [ 8036] - Concept ID:1 :: Step being Executed: 1::4
[INFO ][2015-11-06 12:22:48,866][com.java.TestType] [ 8074] - dataFields : LNKLogout
[DEBUG][2015-11-06 12:22:48,866][com.java.TestType] [ 8080] - <In Set values of the page>
[DEBUG][2015-11-06 12:22:48,866][com.java.TestType] [ 8085] - {Data Fields & Data Values Exist}
[INFO ][2015-11-06 12:22:48,866][com.java.TestType] [ 8091] - --------------------------setting values-----------------------------
[INFO ][2015-11-06 12:22:48,866][com.java.TestType] [ 8094] - Action Type : WaitForElement
[INFO ][2015-11-06 12:22:53,300][com.java.TestType] [ 8113] -  RESULT true
[INFO ][2015-11-06 12:22:53,300][com.java.TestType] [ 8230] - ?   P A S S   ?
[DEBUG][2015-11-06 12:22:53,300][com.java.TestType] [ 8036] - Concept ID:1 :: Step being Executed: 1::13
[INFO ][2015-11-06 12:22:53,300][com.java.TestType] [ 8074] - dataFields : LNK
[DEBUG][2015-11-06 12:22:53,300][com.java.TestType] [ 8080] - <In Set values of the page>
[DEBUG][2015-11-06 12:22:53,300][com.java.TestType] [ 8085] - {Data Fields & Data Values Exist}
[INFO ][2015-11-06 12:22:53,301][com.java.TestType] [ 8091] - --------------------------setting values-----------------------------
[INFO ][2015-11-06 12:22:53,301][com.java.TestType] [ 8094] - Action Type : Verify
[INFO ][2015-11-06 12:22:53,302][com.java.TestType] [ 4972] - field= LNK value= Logout
[INFO ][2015-11-06 12:22:53,304][com.java.TestType] [ 3846] - value = Logout
[INFO ][2015-11-06 12:22:53,339][com.java.TestType] [ 8113] -  RESULT true
[INFO ][2015-11-06 12:22:53,340][com.java.TestType] [ 8230] - ?   P A S S   ?
[DEBUG][2015-11-06 12:22:53,340][com.java.TestType] [ 8036] - Concept ID:1 :: Step being Executed: 1::14
[INFO ][2015-11-06 12:22:53,340][com.java.TestType] [ 8074] - dataFields : BTN
[DEBUG][2015-11-06 12:22:53,340][com.java.TestType] [ 8080] - <In Set values of the page>
[DEBUG][2015-11-06 12:22:53,340][com.java.TestType] [ 8085] - {Data Fields & Data Values Exist}
[INFO ][2015-11-06 12:22:53,340][com.java.TestType] [ 8091] - --------------------------setting values-----------------------------
[INFO ][2015-11-06 12:22:53,341][com.java.TestType] [ 8094] - Action Type : Verify
[INFO ][2015-11-06 12:22:53,341][com.java.TestType] [ 4972] - field= BTN value= //img[contains(@src,'bdlogo.jpg')]
[INFO ][2015-11-06 12:22:53,341][com.java.TestType] [ 3846] - value = //img[contains(@src,'bdlogo.jpg')]
[INFO ][2015-11-06 12:22:53,374][com.java.TestType] [ 8113] -  RESULT true
[INFO ][2015-11-06 12:22:53,374][com.java.TestType] [ 8230] - ?   P A S S   ?
[INFO ][2015-11-06 12:22:53,374][com.java.TestType] [ 8301] - Looping End......
[INFO ][2015-11-06 12:22:53,379][com.java.SeleniumDriver] [  861] -  RESULT true
[INFO ][2015-11-06 12:22:53,379][com.java.SeleniumDriver] [ 1066] - ?   P A S S   ?
[INFO ][2015-11-06 12:22:53,379][com.java.SeleniumDriver] [  788] - ------------------------------------------
[INFO ][2015-11-06 12:22:53,379][com.java.SeleniumDriver] [  789] - Test case being Executed: 1
[INFO ][2015-11-06 12:22:53,379][com.java.SeleniumDriver] [  800] - Test step:2
[INFO ][2015-11-06 12:22:53,379][com.java.SeleniumDriver] [  812] - Datavalue is----------Concept#2:1-2
[INFO ][2015-11-06 12:22:53,379][com.java.SeleniumDriver] [  836] - DataField : test
[INFO ][2015-11-06 12:22:53,379][com.java.SeleniumDriver] [  838] - DataValue : Concept#2:1-2
[INFO ][2015-11-06 12:22:53,379][com.java.SeleniumDriver] [  844] - <In Set values of the page>
[INFO ][2015-11-06 12:22:53,379][com.java.SeleniumDriver] [  847] - {Data Fields & Data Values Exist}
[INFO ][2015-11-06 12:22:53,380][com.java.SeleniumDriver] [  849] - --------------------------setting values-----------------------------
[INFO ][2015-11-06 12:22:53,380][com.java.SeleniumDriver] [  852] - Action Type : ExecuteTestCase
[INFO ][2015-11-06 12:22:53,380][com.java.TestType] [  414] - The Concept sheet name is ---------- Concept
[INFO ][2015-11-06 12:22:53,380][com.java.TestType] [  417] - The Concept ID  is ---------- 2
[DEBUG][2015-11-06 12:22:53,380][com.java.TestType] [  421] - Steps being executted in the Concept are: 1:2
[INFO ][2015-11-06 12:22:53,380][com.java.TestType] [  428] - Test data details path ---------- D:\BankersDashboard\TestInputs\TestData.xls
[INFO ][2015-11-06 12:22:53,413][com.java.TestType] [  459] -  str(1) = 2
[INFO ][2015-11-06 12:22:53,413][com.java.TestType] [  462] - Test case Id is---2
[INFO ][2015-11-06 12:22:53,413][com.java.TestType] [  464] - 2
[INFO ][2015-11-06 12:22:53,414][com.java.TestType] [  459] -  str(2) = 1
[INFO ][2015-11-06 12:22:53,416][com.java.TestType] [  511] - row values are--------{1=com.java.Objects.TestDataDetails@591130}
[INFO ][2015-11-06 12:22:53,416][com.java.TestType] [  459] -  str(1) = 2
[INFO ][2015-11-06 12:22:53,416][com.java.TestType] [  462] - Test case Id is---2
[INFO ][2015-11-06 12:22:53,416][com.java.TestType] [  464] - 2
[INFO ][2015-11-06 12:22:53,416][com.java.TestType] [  459] -  str(2) = 2
[INFO ][2015-11-06 12:22:53,417][com.java.TestType] [  511] - row values are--------{1=com.java.Objects.TestDataDetails@591130, 2=com.java.Objects.TestDataDetails@1df56d6}
[INFO ][2015-11-06 12:22:53,417][com.java.TestType] [  459] -  str(1) = 2
[INFO ][2015-11-06 12:22:53,417][com.java.TestType] [  462] - Test case Id is---2
[INFO ][2015-11-06 12:22:53,417][com.java.TestType] [  464] - 2
[INFO ][2015-11-06 12:22:53,417][com.java.TestType] [  459] -  str(2) = 3
[INFO ][2015-11-06 12:22:53,418][com.java.TestType] [  511] - row values are--------{1=com.java.Objects.TestDataDetails@591130, 2=com.java.Objects.TestDataDetails@1df56d6, 3=com.java.Objects.TestDataDetails@150475b}
[INFO ][2015-11-06 12:22:53,418][com.java.TestType] [ 7995] - Looping 1TCID = 2
[DEBUG][2015-11-06 12:22:53,418][com.java.TestType] [ 8036] - Concept ID:2 :: Step being Executed: 2::1
[INFO ][2015-11-06 12:22:53,418][com.java.TestType] [ 8074] - dataFields : BNK//select[@id='bank']
[DEBUG][2015-11-06 12:22:53,418][com.java.TestType] [ 8080] - <In Set values of the page>
[DEBUG][2015-11-06 12:22:53,418][com.java.TestType] [ 8085] - {Data Fields & Data Values Exist}
[INFO ][2015-11-06 12:22:53,418][com.java.TestType] [ 8091] - --------------------------setting values-----------------------------
[INFO ][2015-11-06 12:22:53,418][com.java.TestType] [ 8094] - Action Type : Select
[INFO ][2015-11-06 12:22:53,419][com.java.TestType] [ 3846] - value = PFC
[INFO ][2015-11-06 12:22:54,102][com.java.TestType] [ 8113] -  RESULT true
[INFO ][2015-11-06 12:22:54,102][com.java.TestType] [ 8230] - ?   P A S S   ?
[DEBUG][2015-11-06 12:22:54,102][com.java.TestType] [ 8036] - Concept ID:2 :: Step being Executed: 2::2
[INFO ][2015-11-06 12:22:54,102][com.java.TestType] [ 8074] - dataFields : LNKLogout
[DEBUG][2015-11-06 12:22:54,102][com.java.TestType] [ 8080] - <In Set values of the page>
[DEBUG][2015-11-06 12:22:54,102][com.java.TestType] [ 8085] - {Data Fields & Data Values Exist}
[INFO ][2015-11-06 12:22:54,102][com.java.TestType] [ 8091] - --------------------------setting values-----------------------------
[INFO ][2015-11-06 12:22:54,102][com.java.TestType] [ 8094] - Action Type : WaitTime
[DEBUG][2015-11-06 12:22:54,102][com.java.TestType] [ 3745] - sleepTime: 5000
[INFO ][2015-11-06 12:22:59,104][com.java.TestType] [ 8113] -  RESULT true
[INFO ][2015-11-06 12:22:59,104][com.java.TestType] [ 8230] - ?   P A S S   ?
[INFO ][2015-11-06 12:22:59,104][com.java.TestType] [ 8301] - Looping End......
[INFO ][2015-11-06 12:22:59,108][com.java.SeleniumDriver] [  861] -  RESULT true
[INFO ][2015-11-06 12:22:59,108][com.java.SeleniumDriver] [ 1066] - ?   P A S S   ?
[INFO ][2015-11-06 12:22:59,108][com.java.SeleniumDriver] [  788] - ------------------------------------------
[INFO ][2015-11-06 12:22:59,108][com.java.SeleniumDriver] [  789] - Test case being Executed: 1
[INFO ][2015-11-06 12:22:59,108][com.java.SeleniumDriver] [  800] - Test step:3
[INFO ][2015-11-06 12:22:59,108][com.java.SeleniumDriver] [  812] - Datavalue is----------2
[INFO ][2015-11-06 12:22:59,108][com.java.SeleniumDriver] [  836] - DataField : XPH//button[contains(text(),'Add Content')]
[INFO ][2015-11-06 12:22:59,108][com.java.SeleniumDriver] [  838] - DataValue : 2
[INFO ][2015-11-06 12:22:59,108][com.java.SeleniumDriver] [  844] - <In Set values of the page>
[INFO ][2015-11-06 12:22:59,108][com.java.SeleniumDriver] [  847] - {Data Fields & Data Values Exist}
[INFO ][2015-11-06 12:22:59,108][com.java.SeleniumDriver] [  849] - --------------------------setting values-----------------------------
[INFO ][2015-11-06 12:22:59,108][com.java.SeleniumDriver] [  852] - Action Type : WAITFORELEMENT
[INFO ][2015-11-06 12:22:59,292][com.java.SeleniumDriver] [  861] -  RESULT true
[INFO ][2015-11-06 12:22:59,292][com.java.SeleniumDriver] [ 1066] - ?   P A S S   ?
[DEBUG][2015-11-06 12:22:59,292][com.java.SeleniumDriver] [ 1168] - Case found
[DEBUG][2015-11-06 12:22:59,292][com.java.SeleniumDriver] [ 1173] - Incrementing ReportCounters[0]:1
[INFO ][2015-11-06 12:22:59,292][com.java.SeleniumDriver] [ 1192] - The results are-------------------[1, 1, Valid Login, Pass, , Fri Nov 06 12:22:53 IST 2015, 1, 2, Valid Login, Pass, , Fri Nov 06 12:22:59 IST 2015, 1, 3, Valid Login, Pass, , Fri Nov 06 12:22:59 IST 2015]
[INFO ][2015-11-06 12:22:59,292][com.java.SeleniumDriver] [ 1196] - End time is-------46 sec
[INFO ][2015-11-06 12:22:59,292][com.java.SeleniumDriver] [ 1197] - The results are-------------------[1, 1, Valid Login, Pass, , Fri Nov 06 12:22:53 IST 2015, 1, 2, Valid Login, Pass, , Fri Nov 06 12:22:59 IST 2015, 1, 3, Valid Login, Pass, , Fri Nov 06 12:22:59 IST 2015]
[DEBUG][2015-11-06 12:22:59,293][com.java.ImportnExport.ExportTestResultsExcel] [  222] - testResultPath = D:\BankersDashboard/TestReports/Test Results_BankersDashBoard_110615_122214_IE11_Any Bank USA.xls
[DEBUG][2015-11-06 12:22:59,293][com.java.ImportnExport.ExportTestResultsExcel] [  223] - browser is------------IE11
[DEBUG][2015-11-06 12:22:59,335][com.java.ImportnExport.ExportTestResultsExcel] [  270] - result.size() = 18
[DEBUG][2015-11-06 12:22:59,335][com.java.ImportnExport.ExportTestResultsExcel] [  274] - No of rows in sheet=1
[DEBUG][2015-11-06 12:22:59,335][com.java.ImportnExport.ExportTestResultsExcel] [  301] - ..in export..1
[DEBUG][2015-11-06 12:22:59,336][com.java.ImportnExport.ExportTestResultsExcel] [  301] - ..in export..Valid Login
[DEBUG][2015-11-06 12:22:59,336][com.java.ImportnExport.ExportTestResultsExcel] [  301] - ..in export..Pass
[DEBUG][2015-11-06 12:22:59,336][com.java.ImportnExport.ExportTestResultsExcel] [  301] - ..in export..
[DEBUG][2015-11-06 12:22:59,336][com.java.ImportnExport.ExportTestResultsExcel] [  301] - ..in export..Fri Nov 06 12:22:53 IST 2015
[INFO ][2015-11-06 12:22:59,337][com.java.SeleniumDriver] [ 1255] - out loop:0 size:2 TestCases:[1, 3] testcases:[1, 3]
[INFO ][2015-11-06 12:22:59,338][com.java.ImportnExport.ImportTestDataDetailsExcel] [   49] - test data details path===== D:\BankersDashboard\TestInputs\TestData.xls
[INFO ][2015-11-06 12:23:19,058][com.java.SeleniumDriver] [  788] - ------------------------------------------
[INFO ][2015-11-06 12:23:19,058][com.java.SeleniumDriver] [  789] - Test case being Executed: 3
[INFO ][2015-11-06 12:23:19,058][com.java.SeleniumDriver] [  800] - Test step:1
[INFO ][2015-11-06 12:23:19,058][com.java.SeleniumDriver] [  812] - Datavalue is----------null
[DEBUG][2015-11-06 12:23:19,058][com.java.SeleniumDriver] [  830] - Exception: null
[INFO ][2015-11-06 12:23:19,058][com.java.SeleniumDriver] [  836] - DataField : LNKG/L
[INFO ][2015-11-06 12:23:19,058][com.java.SeleniumDriver] [  838] - DataValue : 
[INFO ][2015-11-06 12:23:19,058][com.java.SeleniumDriver] [  844] - <In Set values of the page>
[INFO ][2015-11-06 12:23:19,058][com.java.SeleniumDriver] [  847] - {Data Fields & Data Values Exist}
[INFO ][2015-11-06 12:23:19,058][com.java.SeleniumDriver] [  849] - --------------------------setting values-----------------------------
[INFO ][2015-11-06 12:23:19,059][com.java.SeleniumDriver] [  852] - Action Type : WAITFORELEMENT
[INFO ][2015-11-06 12:23:19,114][com.java.SeleniumDriver] [  861] -  RESULT true
[INFO ][2015-11-06 12:23:19,114][com.java.SeleniumDriver] [ 1066] - ?   P A S S   ?
[INFO ][2015-11-06 12:23:19,114][com.java.SeleniumDriver] [  788] - ------------------------------------------
[INFO ][2015-11-06 12:23:19,114][com.java.SeleniumDriver] [  789] - Test case being Executed: 3
[INFO ][2015-11-06 12:23:19,114][com.java.SeleniumDriver] [  800] - Test step:2
[INFO ][2015-11-06 12:23:19,114][com.java.SeleniumDriver] [  812] - Datavalue is----------null
[DEBUG][2015-11-06 12:23:19,114][com.java.SeleniumDriver] [  830] - Exception: null
[INFO ][2015-11-06 12:23:19,114][com.java.SeleniumDriver] [  836] - DataField : XPH//div[@class="menu"]//span[@class="icon-pencil2"]
[INFO ][2015-11-06 12:23:19,115][com.java.SeleniumDriver] [  838] - DataValue : 
[INFO ][2015-11-06 12:23:19,115][com.java.SeleniumDriver] [  844] - <In Set values of the page>
[INFO ][2015-11-06 12:23:19,115][com.java.SeleniumDriver] [  847] - {Data Fields & Data Values Exist}
[INFO ][2015-11-06 12:23:19,115][com.java.SeleniumDriver] [  849] - --------------------------setting values-----------------------------
[INFO ][2015-11-06 12:23:19,115][com.java.SeleniumDriver] [  852] - Action Type : CLICK
[INFO ][2015-11-06 12:23:19,115][com.java.TestType] [ 4159] - Field ::XPH//div[@class="menu"]//span[@class="icon-pencil2"]
[INFO ][2015-11-06 12:23:20,115][com.java.TestType] [ 4218] - BEFORE CLICK
[INFO ][2015-11-06 12:23:21,148][com.java.TestType] [ 4226] - Unable to click the object Edit Content
[INFO ][2015-11-06 12:23:21,149][com.java.SeleniumDriver] [  861] -  RESULT true
[INFO ][2015-11-06 12:23:21,149][com.java.SeleniumDriver] [ 1066] - ?   P A S S   ?
[INFO ][2015-11-06 12:23:21,149][com.java.SeleniumDriver] [  788] - ------------------------------------------
[INFO ][2015-11-06 12:23:21,149][com.java.SeleniumDriver] [  789] - Test case being Executed: 3
[INFO ][2015-11-06 12:23:21,149][com.java.SeleniumDriver] [  800] - Test step:3
[INFO ][2015-11-06 12:23:21,149][com.java.SeleniumDriver] [  812] - Datavalue is----------null
[DEBUG][2015-11-06 12:23:21,149][com.java.SeleniumDriver] [  830] - Exception: null
[INFO ][2015-11-06 12:23:21,149][com.java.SeleniumDriver] [  836] - DataField : XPH//div[contains(text(),'Fed Funds Futures Curve')]/following-sibling::div//span[@class="icon-remove"]
[INFO ][2015-11-06 12:23:21,149][com.java.SeleniumDriver] [  838] - DataValue : 
[INFO ][2015-11-06 12:23:21,149][com.java.SeleniumDriver] [  844] - <In Set values of the page>
[INFO ][2015-11-06 12:23:21,149][com.java.SeleniumDriver] [  847] - {Data Fields & Data Values Exist}
[INFO ][2015-11-06 12:23:21,149][com.java.SeleniumDriver] [  849] - --------------------------setting values-----------------------------
[INFO ][2015-11-06 12:23:21,150][com.java.SeleniumDriver] [  852] - Action Type : WAITFORELEMENT
[INFO ][2015-11-06 12:23:21,206][com.java.SeleniumDriver] [  861] -  RESULT true
[INFO ][2015-11-06 12:23:21,206][com.java.SeleniumDriver] [ 1066] - ?   P A S S   ?
[INFO ][2015-11-06 12:23:21,206][com.java.SeleniumDriver] [  788] - ------------------------------------------
[INFO ][2015-11-06 12:23:21,206][com.java.SeleniumDriver] [  789] - Test case being Executed: 3
[INFO ][2015-11-06 12:23:21,206][com.java.SeleniumDriver] [  800] - Test step:4
[INFO ][2015-11-06 12:23:21,206][com.java.SeleniumDriver] [  812] - Datavalue is----------null
[DEBUG][2015-11-06 12:23:21,206][com.java.SeleniumDriver] [  830] - Exception: null
[INFO ][2015-11-06 12:23:21,207][com.java.SeleniumDriver] [  836] - DataField : //div[contains(text(),'Fed Funds Futures Curve')]/following-sibling::div//span[@class="icon-remove"]
[INFO ][2015-11-06 12:23:21,207][com.java.SeleniumDriver] [  838] - DataValue : 
[INFO ][2015-11-06 12:23:21,207][com.java.SeleniumDriver] [  844] - <In Set values of the page>
[INFO ][2015-11-06 12:23:21,207][com.java.SeleniumDriver] [  847] - {Data Fields & Data Values Exist}
[INFO ][2015-11-06 12:23:21,207][com.java.SeleniumDriver] [  849] - --------------------------setting values-----------------------------
[INFO ][2015-11-06 12:23:21,207][com.java.SeleniumDriver] [  852] - Action Type : MouseOver
[INFO ][2015-11-06 12:23:21,500][com.java.SeleniumDriver] [  861] -  RESULT false
[INFO ][2015-11-06 12:23:21,500][com.java.SeleniumDriver] [  908] - ?   F A I L   ?
[INFO ][2015-11-06 12:23:21,500][com.java.SeleniumDriver] [  916] - Browser Type : IE11
[INFO ][2015-11-06 12:23:21,500][com.java.SeleniumDriver] [  917] - Adding Failed case3
[INFO ][2015-11-06 12:23:22,243][com.java.SeleniumDriver] [ 1030] - failedCases = 3
[ERROR][2015-11-06 12:23:22,243][com.java.SeleniumDriver] [ 1516] - Platform Errors : Our apologies...::We have encountered an issue with your request.::Our apologies?:We encountered an issue with your request.
[INFO ][2015-11-06 12:23:22,244][com.java.SeleniumDriver] [ 1520] - Length =3
[ERROR][2015-11-06 12:23:22,244][com.java.SeleniumDriver] [ 1523] - Error 0 = Our apologies...
[ERROR][2015-11-06 12:23:22,350][com.java.SeleniumDriver] [ 1523] - Error 1 = We have encountered an issue with your request.
[ERROR][2015-11-06 12:23:22,394][com.java.SeleniumDriver] [ 1523] - Error 2 = Our apologies?:We encountered an issue with your request.
[DEBUG][2015-11-06 12:23:22,450][com.java.SeleniumDriver] [ 1168] - Case found
[DEBUG][2015-11-06 12:23:22,450][com.java.SeleniumDriver] [ 1173] - Incrementing ReportCounters[0]:2
[INFO ][2015-11-06 12:23:22,450][com.java.SeleniumDriver] [ 1192] - The results are-------------------[3, 4, Edit content, Fail, 
Test case failed at Step No. :: 4. Screen Shot : D:\BankersDashboard\TestReports\110615\3_110615_122321_IE11.png, Fri Nov 06 12:23:22 IST 2015]
[INFO ][2015-11-06 12:23:22,450][com.java.SeleniumDriver] [ 1196] - End time is-------1 min 10 sec
[INFO ][2015-11-06 12:23:22,451][com.java.SeleniumDriver] [ 1197] - The results are-------------------[3, 4, Edit content, Fail, 
Test case failed at Step No. :: 4. Screen Shot : D:\BankersDashboard\TestReports\110615\3_110615_122321_IE11.png, Fri Nov 06 12:23:22 IST 2015]
[DEBUG][2015-11-06 12:23:22,451][com.java.ImportnExport.ExportTestResultsExcel] [  222] - testResultPath = D:\BankersDashboard/TestReports/Test Results_BankersDashBoard_110615_122214_IE11_Any Bank USA.xls
[DEBUG][2015-11-06 12:23:22,451][com.java.ImportnExport.ExportTestResultsExcel] [  223] - browser is------------IE11
[DEBUG][2015-11-06 12:23:22,453][com.java.ImportnExport.ExportTestResultsExcel] [  270] - result.size() = 6
[DEBUG][2015-11-06 12:23:22,454][com.java.ImportnExport.ExportTestResultsExcel] [  274] - No of rows in sheet=2
[DEBUG][2015-11-06 12:23:22,454][com.java.ImportnExport.ExportTestResultsExcel] [  301] - ..in export..3
[DEBUG][2015-11-06 12:23:22,454][com.java.ImportnExport.ExportTestResultsExcel] [  301] - ..in export..Edit content
[DEBUG][2015-11-06 12:23:22,454][com.java.ImportnExport.ExportTestResultsExcel] [  301] - ..in export..Fail
[DEBUG][2015-11-06 12:23:22,454][com.java.ImportnExport.ExportTestResultsExcel] [  301] - ..in export..
Test case failed at Step No. :: 4. Screen Shot : D:\BankersDashboard\TestReports\110615\3_110615_122321_IE11.png
[DEBUG][2015-11-06 12:23:22,454][com.java.ImportnExport.ExportTestResultsExcel] [  301] - ..in export..Fri Nov 06 12:23:22 IST 2015
[INFO ][2015-11-06 12:23:22,455][com.java.SeleniumDriver] [ 1255] - out loop:1 size:2 TestCases:[1, 3] testcases:[1, 3]
[INFO ][2015-11-06 12:23:24,455][com.java.SeleniumDriver] [ 1297] - Total Number of Cases:2
[INFO ][2015-11-06 12:23:24,455][com.java.TemplateGenerator] [  302] - Executed:2
[INFO ][2015-11-06 12:23:24,455][com.java.TemplateGenerator] [  303] - Passed:1
[INFO ][2015-11-06 12:23:24,455][com.java.TemplateGenerator] [  304] - Failed:1
[INFO ][2015-11-06 12:23:24,455][com.java.TemplateGenerator] [  305] - Skipeed:0
[INFO ][2015-11-06 12:23:24,455][com.java.TemplateGenerator] [  306] - Application URL:https://clients-xuat.bankersdashboard.com
[INFO ][2015-11-06 12:23:24,455][com.java.TemplateGenerator] [  307] - Start Time:110615_122214
[INFO ][2015-11-06 12:23:24,455][com.java.TemplateGenerator] [  308] -  Creating HTML Report 
[ERROR][2015-11-06 12:23:24,458][com.java.TemplateGenerator] [  409] - Unparseable date: "Fri Nov 06 12:22:14 IST 2015"
[INFO ][2015-11-06 12:23:24,458][com.java.TemplateGenerator] [  654] -  Exporting case :: 1
[INFO ][2015-11-06 12:23:24,458][com.java.TemplateGenerator] [  654] -  Exporting case :: 3
[INFO ][2015-11-06 12:23:24,466][com.java.SeleniumDriver] [ 1346] - End Time:110615_122324
[INFO ][2015-11-06 12:23:24,466][com.java.SeleniumDriver] [ 1349] - Data in Test Execution Details:{1=PASS, 3=FAILTest case failed at Step No. :: 4}
[INFO ][2015-11-06 12:23:24,466][com.java.SeleniumDriver] [ 1350] - Data in Failed Execution Deatils:{}
[INFO ][2015-11-06 12:23:24,466][com.java.SeleniumDriver] [ 1352] - ReportCounter:Total:2 :: PASS: 1 ::FAIL: 1
[INFO ][2015-11-06 12:23:24,466][com.java.SeleniumDriver] [ 1353] - FailedReportCounter:Total:0 :: PASS: 0 ::FAIL: 0
[INFO ][2015-11-06 12:23:24,473][com.java.EmailTestReport] [   63] - Sending report mail details:
[INFO ][2015-11-06 12:23:24,473][com.java.EmailTestReport] [   80] - Excel Report Path:D:\BankersDashboard/TestReports/Test Results_BankersDashBoard_110615_122214_IE11_Any Bank USA.xls
[INFO ][2015-11-06 12:23:24,474][com.java.EmailTestReport] [   81] - HTML Report Path:D:\BankersDashboard//TestReports//Test Results_BankersDashBoard_110615_122214_IE11_Any Bank USA.html
[INFO ][2015-11-06 12:23:24,474][com.java.EmailTestReport] [   82] - smtpHostName:mail01.valuelabs.com
[INFO ][2015-11-06 12:23:24,474][com.java.EmailTestReport] [   83] - Recipient:venkateswararao.gubbala@valuelabs.com
[INFO ][2015-11-06 12:23:24,474][com.java.EmailTestReport] [   84] - From:venkateswararao.gubbala@valuelabs.com
[INFO ][2015-11-06 12:23:24,474][com.java.EmailTestReport] [   85] - Subject:Deluxe Corp Bankers Dashboard Automation Test Report - Any Bank USA - IE11
[INFO ][2015-11-06 12:23:24,489][com.java.EmailTestReport] [  143] -  Added venkateswararao.gubbala@valuelabs.com
[INFO ][2015-11-06 12:23:27,877][com.java.SeleniumDriver] [  719] - quitting the browser 
[INFO ][2015-11-06 12:23:29,069][com.java.SeleniumDriver] [  263] - Execution Completed Stopping the thread
