[INFO ][2015-10-28 17:15:07,191][com.java.SeleniumDriver] [  213] - Execute Failed Casesfalse
[INFO ][2015-10-28 17:15:07,191][com.java.SeleniumDriver] [  214] - Browser: IE11
[INFO ][2015-10-28 17:15:07,191][com.java.SeleniumDriver] [  215] - [2]
[INFO ][2015-10-28 17:15:07,191][com.java.SeleniumDriver] [  216] - Total TestCases:1
[INFO ][2015-10-28 17:15:07,191][com.java.SeleniumDriver] [  217] -  Reading Properties from Property File 
[DEBUG][2015-10-28 17:15:07,191][com.java.SeleniumDriver] [  238] - url : https://clients.xuat.bankersdashboard.com
[INFO ][2015-10-28 17:15:07,191][com.java.ImportnExport.ExportTestResultsExcel] [  116] - Time Stamp Wed Oct 28 05:15:07 IST 2015
[INFO ][2015-10-28 17:15:07,191][com.java.ImportnExport.ExportTestResultsExcel] [  175] - OUT FILE : D:\BankersDashboard/TestReports/Test Results_BankersDashBoard_102815_171507_IE11_Bank of North Carolina.xls
[INFO ][2015-10-28 17:15:07,203][com.java.ImportnExport.ExportTestResultsExcel] [  180] - Test Result file is created
[DEBUG][2015-10-28 17:15:07,313][com.java.SeleniumDriver] [  425] - Hub ip address is-------172.17.68.34
[INFO ][2015-10-28 17:15:07,313][com.java.SeleniumDriver] [  451] - Grid URL:http://172.17.68.34:4444/wd/hub
[INFO ][2015-10-28 17:15:07,313][com.java.SeleniumDriver] [  452] - Capability:Capabilities [{platform=ANY, ensureCleanSession=true, ignoreProtectedModeSettings=true, acceptSslCerts=true, ignoreZoomSetting=true, browserName=internet explorer, browserstack.ie.noFlash=true, version=Node1}]
[ERROR][2015-10-28 17:15:08,608][com.java.SeleniumDriver] [  496] - Unable invoke browser in grid:Could not start a new session. Possible causes are invalid address of the remote server or browser start-up failure.
Build info: version: '2.48.2', revision: '41bccdd', time: '2015-10-09 19:59:12'
System info: host: 'FVTIII438F1D', ip: '172.17.68.34', os.name: 'Windows 7', os.arch: 'x86', os.version: '6.1', java.version: '1.7.0_55'
Driver info: driver.version: SeleniumDriver
[INFO ][2015-10-28 17:15:08,608][com.java.SeleniumDriver] [  498] - Executing on local machine
[INFO ][2015-10-28 17:15:18,681][com.java.SeleniumDriver] [  248] - IE11is opened
[INFO ][2015-10-28 17:15:19,808][com.java.SeleniumDriver] [  752] - Test cases to be executed are: [2]
[INFO ][2015-10-28 17:15:19,808][com.java.ImportnExport.ImportTestDataDetailsExcel] [   49] - test data details path===== D:\BankersDashboard\TestInputs\TestData.xls
[INFO ][2015-10-28 17:15:21,259][com.java.SeleniumDriver] [  790] - ------------------------------------------
[INFO ][2015-10-28 17:15:21,259][com.java.SeleniumDriver] [  791] - Test case being Executed: 2
[INFO ][2015-10-28 17:15:21,260][com.java.SeleniumDriver] [  802] - Test step:1
[INFO ][2015-10-28 17:15:21,260][com.java.SeleniumDriver] [  814] - Datavalue is----------Concept#1:1-14
[INFO ][2015-10-28 17:15:21,260][com.java.SeleniumDriver] [  838] - DataField : test
[INFO ][2015-10-28 17:15:21,260][com.java.SeleniumDriver] [  840] - DataValue : Concept#1:1-14
[INFO ][2015-10-28 17:15:21,260][com.java.SeleniumDriver] [  846] - <In Set values of the page>
[INFO ][2015-10-28 17:15:21,260][com.java.SeleniumDriver] [  849] - {Data Fields & Data Values Exist}
[INFO ][2015-10-28 17:15:21,260][com.java.SeleniumDriver] [  851] - --------------------------setting values-----------------------------
[INFO ][2015-10-28 17:15:21,260][com.java.SeleniumDriver] [  854] - Action Type : ExecuteTestCase
[INFO ][2015-10-28 17:15:21,290][com.java.TestType] [  353] - The Concept sheet name is ---------- Concept
[INFO ][2015-10-28 17:15:21,290][com.java.TestType] [  355] - The Concept ID  is ---------- 1
[DEBUG][2015-10-28 17:15:21,290][com.java.TestType] [  357] - Steps being executted in the Concept are: 1:14
[INFO ][2015-10-28 17:15:21,290][com.java.TestType] [  361] - Test data details path ---------- D:\BankersDashboard\TestInputs\TestData.xls
[INFO ][2015-10-28 17:15:21,320][com.java.TestType] [  385] -  str(1) = 1
[INFO ][2015-10-28 17:15:21,320][com.java.TestType] [  388] - Test case Id is---1
[INFO ][2015-10-28 17:15:21,320][com.java.TestType] [  390] - 1
[INFO ][2015-10-28 17:15:21,320][com.java.TestType] [  385] -  str(2) = 1
[INFO ][2015-10-28 17:15:21,330][com.java.TestType] [  435] - row values are--------{1=com.java.Objects.TestDataDetails@d49bf1}
[INFO ][2015-10-28 17:15:21,330][com.java.TestType] [  385] -  str(1) = 1
[INFO ][2015-10-28 17:15:21,330][com.java.TestType] [  388] - Test case Id is---1
[INFO ][2015-10-28 17:15:21,330][com.java.TestType] [  390] - 1
[INFO ][2015-10-28 17:15:21,330][com.java.TestType] [  385] -  str(2) = 2
[INFO ][2015-10-28 17:15:21,330][com.java.TestType] [  435] - row values are--------{1=com.java.Objects.TestDataDetails@d49bf1, 2=com.java.Objects.TestDataDetails@15a404a}
[INFO ][2015-10-28 17:15:21,330][com.java.TestType] [  385] -  str(1) = 1
[INFO ][2015-10-28 17:15:21,330][com.java.TestType] [  388] - Test case Id is---1
[INFO ][2015-10-28 17:15:21,330][com.java.TestType] [  390] - 1
[INFO ][2015-10-28 17:15:21,330][com.java.TestType] [  385] -  str(2) = 3
[INFO ][2015-10-28 17:15:21,330][com.java.TestType] [  435] - row values are--------{1=com.java.Objects.TestDataDetails@d49bf1, 2=com.java.Objects.TestDataDetails@15a404a, 3=com.java.Objects.TestDataDetails@8a5770}
[INFO ][2015-10-28 17:15:21,330][com.java.TestType] [  385] -  str(1) = 1
[INFO ][2015-10-28 17:15:21,330][com.java.TestType] [  388] - Test case Id is---1
[INFO ][2015-10-28 17:15:21,330][com.java.TestType] [  390] - 1
[INFO ][2015-10-28 17:15:21,330][com.java.TestType] [  385] -  str(2) = 4
[INFO ][2015-10-28 17:15:21,330][com.java.TestType] [  435] - row values are--------{1=com.java.Objects.TestDataDetails@d49bf1, 2=com.java.Objects.TestDataDetails@15a404a, 3=com.java.Objects.TestDataDetails@8a5770, 4=com.java.Objects.TestDataDetails@10bd519}
[INFO ][2015-10-28 17:15:21,330][com.java.TestType] [  385] -  str(1) = 1
[INFO ][2015-10-28 17:15:21,330][com.java.TestType] [  388] - Test case Id is---1
[INFO ][2015-10-28 17:15:21,330][com.java.TestType] [  390] - 1
[INFO ][2015-10-28 17:15:21,330][com.java.TestType] [  385] -  str(2) = 5
[INFO ][2015-10-28 17:15:21,330][com.java.TestType] [  435] - row values are--------{1=com.java.Objects.TestDataDetails@d49bf1, 2=com.java.Objects.TestDataDetails@15a404a, 3=com.java.Objects.TestDataDetails@8a5770, 4=com.java.Objects.TestDataDetails@10bd519, 5=com.java.Objects.TestDataDetails@b004f2}
[INFO ][2015-10-28 17:15:21,330][com.java.TestType] [  385] -  str(1) = 1
[INFO ][2015-10-28 17:15:21,330][com.java.TestType] [  388] - Test case Id is---1
[INFO ][2015-10-28 17:15:21,330][com.java.TestType] [  390] - 1
[INFO ][2015-10-28 17:15:21,330][com.java.TestType] [  385] -  str(2) = 6
[INFO ][2015-10-28 17:15:21,330][com.java.TestType] [  435] - row values are--------{1=com.java.Objects.TestDataDetails@d49bf1, 2=com.java.Objects.TestDataDetails@15a404a, 3=com.java.Objects.TestDataDetails@8a5770, 4=com.java.Objects.TestDataDetails@10bd519, 5=com.java.Objects.TestDataDetails@b004f2, 6=com.java.Objects.TestDataDetails@14ce93e}
[INFO ][2015-10-28 17:15:21,330][com.java.TestType] [  385] -  str(1) = 1
[INFO ][2015-10-28 17:15:21,330][com.java.TestType] [  388] - Test case Id is---1
[INFO ][2015-10-28 17:15:21,340][com.java.TestType] [  390] - 1
[INFO ][2015-10-28 17:15:21,340][com.java.TestType] [  385] -  str(2) = 7
[INFO ][2015-10-28 17:15:21,340][com.java.TestType] [  435] - row values are--------{1=com.java.Objects.TestDataDetails@d49bf1, 2=com.java.Objects.TestDataDetails@15a404a, 3=com.java.Objects.TestDataDetails@8a5770, 4=com.java.Objects.TestDataDetails@10bd519, 5=com.java.Objects.TestDataDetails@b004f2, 6=com.java.Objects.TestDataDetails@14ce93e, 7=com.java.Objects.TestDataDetails@1558d83}
[INFO ][2015-10-28 17:15:21,340][com.java.TestType] [  385] -  str(1) = 1
[INFO ][2015-10-28 17:15:21,340][com.java.TestType] [  388] - Test case Id is---1
[INFO ][2015-10-28 17:15:21,340][com.java.TestType] [  390] - 1
[INFO ][2015-10-28 17:15:21,340][com.java.TestType] [  385] -  str(2) = 8
[INFO ][2015-10-28 17:15:21,340][com.java.TestType] [  435] - row values are--------{1=com.java.Objects.TestDataDetails@d49bf1, 2=com.java.Objects.TestDataDetails@15a404a, 3=com.java.Objects.TestDataDetails@8a5770, 4=com.java.Objects.TestDataDetails@10bd519, 5=com.java.Objects.TestDataDetails@b004f2, 6=com.java.Objects.TestDataDetails@14ce93e, 7=com.java.Objects.TestDataDetails@1558d83, 8=com.java.Objects.TestDataDetails@13ae506}
[INFO ][2015-10-28 17:15:21,340][com.java.TestType] [  385] -  str(1) = 1
[INFO ][2015-10-28 17:15:21,340][com.java.TestType] [  388] - Test case Id is---1
[INFO ][2015-10-28 17:15:21,340][com.java.TestType] [  390] - 1
[INFO ][2015-10-28 17:15:21,340][com.java.TestType] [  385] -  str(2) = 9
[INFO ][2015-10-28 17:15:21,340][com.java.TestType] [  435] - row values are--------{1=com.java.Objects.TestDataDetails@d49bf1, 2=com.java.Objects.TestDataDetails@15a404a, 3=com.java.Objects.TestDataDetails@8a5770, 4=com.java.Objects.TestDataDetails@10bd519, 5=com.java.Objects.TestDataDetails@b004f2, 6=com.java.Objects.TestDataDetails@14ce93e, 7=com.java.Objects.TestDataDetails@1558d83, 8=com.java.Objects.TestDataDetails@13ae506, 9=com.java.Objects.TestDataDetails@e4cdc3}
[INFO ][2015-10-28 17:15:21,340][com.java.TestType] [  385] -  str(1) = 1
[INFO ][2015-10-28 17:15:21,340][com.java.TestType] [  388] - Test case Id is---1
[INFO ][2015-10-28 17:15:21,340][com.java.TestType] [  390] - 1
[INFO ][2015-10-28 17:15:21,340][com.java.TestType] [  385] -  str(2) = 10
[INFO ][2015-10-28 17:15:21,340][com.java.TestType] [  435] - row values are--------{1=com.java.Objects.TestDataDetails@d49bf1, 2=com.java.Objects.TestDataDetails@15a404a, 3=com.java.Objects.TestDataDetails@8a5770, 4=com.java.Objects.TestDataDetails@10bd519, 5=com.java.Objects.TestDataDetails@b004f2, 6=com.java.Objects.TestDataDetails@14ce93e, 7=com.java.Objects.TestDataDetails@1558d83, 8=com.java.Objects.TestDataDetails@13ae506, 9=com.java.Objects.TestDataDetails@e4cdc3, 10=com.java.Objects.TestDataDetails@17002be}
[INFO ][2015-10-28 17:15:21,340][com.java.TestType] [  385] -  str(1) = 1
[INFO ][2015-10-28 17:15:21,340][com.java.TestType] [  388] - Test case Id is---1
[INFO ][2015-10-28 17:15:21,340][com.java.TestType] [  390] - 1
[INFO ][2015-10-28 17:15:21,340][com.java.TestType] [  385] -  str(2) = 11
[INFO ][2015-10-28 17:15:21,340][com.java.TestType] [  435] - row values are--------{1=com.java.Objects.TestDataDetails@d49bf1, 2=com.java.Objects.TestDataDetails@15a404a, 3=com.java.Objects.TestDataDetails@8a5770, 4=com.java.Objects.TestDataDetails@10bd519, 5=com.java.Objects.TestDataDetails@b004f2, 6=com.java.Objects.TestDataDetails@14ce93e, 7=com.java.Objects.TestDataDetails@1558d83, 8=com.java.Objects.TestDataDetails@13ae506, 9=com.java.Objects.TestDataDetails@e4cdc3, 10=com.java.Objects.TestDataDetails@17002be, 11=com.java.Objects.TestDataDetails@13d2941}
[INFO ][2015-10-28 17:15:21,340][com.java.TestType] [  385] -  str(1) = 1
[INFO ][2015-10-28 17:15:21,340][com.java.TestType] [  388] - Test case Id is---1
[INFO ][2015-10-28 17:15:21,340][com.java.TestType] [  390] - 1
[INFO ][2015-10-28 17:15:21,340][com.java.TestType] [  385] -  str(2) = 12
[INFO ][2015-10-28 17:15:21,340][com.java.TestType] [  435] - row values are--------{1=com.java.Objects.TestDataDetails@d49bf1, 2=com.java.Objects.TestDataDetails@15a404a, 3=com.java.Objects.TestDataDetails@8a5770, 4=com.java.Objects.TestDataDetails@10bd519, 5=com.java.Objects.TestDataDetails@b004f2, 6=com.java.Objects.TestDataDetails@14ce93e, 7=com.java.Objects.TestDataDetails@1558d83, 8=com.java.Objects.TestDataDetails@13ae506, 9=com.java.Objects.TestDataDetails@e4cdc3, 10=com.java.Objects.TestDataDetails@17002be, 11=com.java.Objects.TestDataDetails@13d2941, 12=com.java.Objects.TestDataDetails@1a36381}
[INFO ][2015-10-28 17:15:21,340][com.java.TestType] [  385] -  str(1) = 1
[INFO ][2015-10-28 17:15:21,340][com.java.TestType] [  388] - Test case Id is---1
[INFO ][2015-10-28 17:15:21,340][com.java.TestType] [  390] - 1
[INFO ][2015-10-28 17:15:21,340][com.java.TestType] [  385] -  str(2) = 13
[INFO ][2015-10-28 17:15:21,340][com.java.TestType] [  435] - row values are--------{1=com.java.Objects.TestDataDetails@d49bf1, 2=com.java.Objects.TestDataDetails@15a404a, 3=com.java.Objects.TestDataDetails@8a5770, 4=com.java.Objects.TestDataDetails@10bd519, 5=com.java.Objects.TestDataDetails@b004f2, 6=com.java.Objects.TestDataDetails@14ce93e, 7=com.java.Objects.TestDataDetails@1558d83, 8=com.java.Objects.TestDataDetails@13ae506, 9=com.java.Objects.TestDataDetails@e4cdc3, 10=com.java.Objects.TestDataDetails@17002be, 11=com.java.Objects.TestDataDetails@13d2941, 12=com.java.Objects.TestDataDetails@1a36381, 13=com.java.Objects.TestDataDetails@1d94f05}
[INFO ][2015-10-28 17:15:21,340][com.java.TestType] [  385] -  str(1) = 1
[INFO ][2015-10-28 17:15:21,340][com.java.TestType] [  388] - Test case Id is---1
[INFO ][2015-10-28 17:15:21,340][com.java.TestType] [  390] - 1
[INFO ][2015-10-28 17:15:21,340][com.java.TestType] [  385] -  str(2) = 14
[INFO ][2015-10-28 17:15:21,350][com.java.TestType] [  435] - row values are--------{1=com.java.Objects.TestDataDetails@d49bf1, 2=com.java.Objects.TestDataDetails@15a404a, 3=com.java.Objects.TestDataDetails@8a5770, 4=com.java.Objects.TestDataDetails@10bd519, 5=com.java.Objects.TestDataDetails@b004f2, 6=com.java.Objects.TestDataDetails@14ce93e, 7=com.java.Objects.TestDataDetails@1558d83, 8=com.java.Objects.TestDataDetails@13ae506, 9=com.java.Objects.TestDataDetails@e4cdc3, 10=com.java.Objects.TestDataDetails@17002be, 11=com.java.Objects.TestDataDetails@13d2941, 12=com.java.Objects.TestDataDetails@1a36381, 13=com.java.Objects.TestDataDetails@1d94f05, 14=com.java.Objects.TestDataDetails@10ae00b}
[INFO ][2015-10-28 17:15:21,350][com.java.TestType] [ 6330] - Looping 1TCID = 1
[DEBUG][2015-10-28 17:15:21,350][com.java.TestType] [ 6341] - Concept ID:1 :: Step being Executed: 1::1
[INFO ][2015-10-28 17:15:21,350][com.java.TestType] [ 6374] - dataFields : TXTusername
[DEBUG][2015-10-28 17:15:21,350][com.java.TestType] [ 6379] - <In Set values of the page>
[DEBUG][2015-10-28 17:15:21,350][com.java.TestType] [ 6383] - {Data Fields & Data Values Exist}
[INFO ][2015-10-28 17:15:21,350][com.java.TestType] [ 6387] - --------------------------setting values-----------------------------
[INFO ][2015-10-28 17:15:21,350][com.java.TestType] [ 6390] - Action Type : CLEARANDENTER
[INFO ][2015-10-28 17:15:21,350][com.java.TestType] [ 2981] - value = valuelabs.ie11.33527
[INFO ][2015-10-28 17:15:26,171][com.java.TestType] [ 6401] -  RESULT true
[INFO ][2015-10-28 17:15:26,171][com.java.TestType] [ 6505] - ?   P A S S   ?
[DEBUG][2015-10-28 17:15:26,171][com.java.TestType] [ 6341] - Concept ID:1 :: Step being Executed: 1::2
[INFO ][2015-10-28 17:15:26,171][com.java.TestType] [ 6374] - dataFields : TXTpassword
[DEBUG][2015-10-28 17:15:26,171][com.java.TestType] [ 6379] - <In Set values of the page>
[DEBUG][2015-10-28 17:15:26,171][com.java.TestType] [ 6383] - {Data Fields & Data Values Exist}
[INFO ][2015-10-28 17:15:26,171][com.java.TestType] [ 6387] - --------------------------setting values-----------------------------
[INFO ][2015-10-28 17:15:26,171][com.java.TestType] [ 6390] - Action Type : CLEARANDENTER
[INFO ][2015-10-28 17:15:26,171][com.java.TestType] [ 2981] - value = Password1*
[INFO ][2015-10-28 17:15:31,044][com.java.TestType] [ 6401] -  RESULT true
[INFO ][2015-10-28 17:15:31,045][com.java.TestType] [ 6505] - ?   P A S S   ?
[DEBUG][2015-10-28 17:15:31,045][com.java.TestType] [ 6341] - Concept ID:1 :: Step being Executed: 1::3
[ERROR][2015-10-28 17:15:31,045][com.java.TestType] [ 6369] - Exception: null
[INFO ][2015-10-28 17:15:31,045][com.java.TestType] [ 6374] - dataFields : XPH//button[@type='submit']
[DEBUG][2015-10-28 17:15:31,045][com.java.TestType] [ 6379] - <In Set values of the page>
[DEBUG][2015-10-28 17:15:31,045][com.java.TestType] [ 6383] - {Data Fields & Data Values Exist}
[INFO ][2015-10-28 17:15:31,045][com.java.TestType] [ 6387] - --------------------------setting values-----------------------------
[INFO ][2015-10-28 17:15:31,045][com.java.TestType] [ 6390] - Action Type : Click
[INFO ][2015-10-28 17:15:31,046][com.java.TestType] [ 3251] - Field ::XPH//button[@type='submit']
[INFO ][2015-10-28 17:15:32,072][com.java.TestType] [ 3302] - BEFORE CLICK
[INFO ][2015-10-28 17:15:32,930][com.java.TestType] [ 3308] - Unable to click the object Login
[INFO ][2015-10-28 17:15:32,930][com.java.TestType] [ 6401] -  RESULT true
[INFO ][2015-10-28 17:15:32,930][com.java.TestType] [ 6505] - ?   P A S S   ?
[DEBUG][2015-10-28 17:15:32,930][com.java.TestType] [ 6341] - Concept ID:1 :: Step being Executed: 1::4
[INFO ][2015-10-28 17:15:32,930][com.java.TestType] [ 6374] - dataFields : LNKLogout
[DEBUG][2015-10-28 17:15:32,930][com.java.TestType] [ 6379] - <In Set values of the page>
[DEBUG][2015-10-28 17:15:32,930][com.java.TestType] [ 6383] - {Data Fields & Data Values Exist}
[INFO ][2015-10-28 17:15:32,930][com.java.TestType] [ 6387] - --------------------------setting values-----------------------------
[INFO ][2015-10-28 17:15:32,930][com.java.TestType] [ 6390] - Action Type : WaitForElement
[INFO ][2015-10-28 17:15:39,961][com.java.TestType] [ 6401] -  RESULT true
[INFO ][2015-10-28 17:15:39,961][com.java.TestType] [ 6505] - ?   P A S S   ?
[DEBUG][2015-10-28 17:15:39,961][com.java.TestType] [ 6341] - Concept ID:1 :: Step being Executed: 1::13
[INFO ][2015-10-28 17:15:39,961][com.java.TestType] [ 6374] - dataFields : LGN
[DEBUG][2015-10-28 17:15:39,961][com.java.TestType] [ 6379] - <In Set values of the page>
[DEBUG][2015-10-28 17:15:39,961][com.java.TestType] [ 6383] - {Data Fields & Data Values Exist}
[INFO ][2015-10-28 17:15:39,961][com.java.TestType] [ 6387] - --------------------------setting values-----------------------------
[INFO ][2015-10-28 17:15:39,961][com.java.TestType] [ 6390] - Action Type : Verify
[INFO ][2015-10-28 17:15:39,961][com.java.TestType] [ 3890] - field= LGN value= Username
[INFO ][2015-10-28 17:15:39,961][com.java.TestType] [ 2981] - value = Username
[INFO ][2015-10-28 17:15:40,112][com.java.TestType] [ 6401] -  RESULT true
[INFO ][2015-10-28 17:15:40,112][com.java.TestType] [ 6505] - ?   P A S S   ?
[DEBUG][2015-10-28 17:15:40,112][com.java.TestType] [ 6341] - Concept ID:1 :: Step being Executed: 1::14
[INFO ][2015-10-28 17:15:40,112][com.java.TestType] [ 6374] - dataFields : LNK
[DEBUG][2015-10-28 17:15:40,112][com.java.TestType] [ 6379] - <In Set values of the page>
[DEBUG][2015-10-28 17:15:40,112][com.java.TestType] [ 6383] - {Data Fields & Data Values Exist}
[INFO ][2015-10-28 17:15:40,112][com.java.TestType] [ 6387] - --------------------------setting values-----------------------------
[INFO ][2015-10-28 17:15:40,112][com.java.TestType] [ 6390] - Action Type : Verify
[INFO ][2015-10-28 17:15:40,112][com.java.TestType] [ 3890] - field= LNK value= Logout
[INFO ][2015-10-28 17:15:40,112][com.java.TestType] [ 2981] - value = Logout
[INFO ][2015-10-28 17:15:40,142][com.java.TestType] [ 6401] -  RESULT true
[INFO ][2015-10-28 17:15:40,142][com.java.TestType] [ 6505] - ?   P A S S   ?
[INFO ][2015-10-28 17:15:40,142][com.java.TestType] [ 6558] - Looping End......
[INFO ][2015-10-28 17:15:40,142][com.java.SeleniumDriver] [  863] -  RESULT true
[INFO ][2015-10-28 17:15:40,142][com.java.SeleniumDriver] [ 1068] - ?   P A S S   ?
[INFO ][2015-10-28 17:15:40,142][com.java.SeleniumDriver] [  790] - ------------------------------------------
[INFO ][2015-10-28 17:15:40,142][com.java.SeleniumDriver] [  791] - Test case being Executed: 2
[INFO ][2015-10-28 17:15:40,142][com.java.SeleniumDriver] [  802] - Test step:2
[INFO ][2015-10-28 17:15:40,142][com.java.SeleniumDriver] [  814] - Datavalue is----------Concept#2:1-2
[INFO ][2015-10-28 17:15:40,142][com.java.SeleniumDriver] [  838] - DataField : test
[INFO ][2015-10-28 17:15:40,142][com.java.SeleniumDriver] [  840] - DataValue : Concept#2:1-2
[INFO ][2015-10-28 17:15:40,142][com.java.SeleniumDriver] [  846] - <In Set values of the page>
[INFO ][2015-10-28 17:15:40,142][com.java.SeleniumDriver] [  849] - {Data Fields & Data Values Exist}
[INFO ][2015-10-28 17:15:40,142][com.java.SeleniumDriver] [  851] - --------------------------setting values-----------------------------
[INFO ][2015-10-28 17:15:40,142][com.java.SeleniumDriver] [  854] - Action Type : ExecuteTestCase
[INFO ][2015-10-28 17:15:40,142][com.java.TestType] [  353] - The Concept sheet name is ---------- Concept
[INFO ][2015-10-28 17:15:40,142][com.java.TestType] [  355] - The Concept ID  is ---------- 2
[DEBUG][2015-10-28 17:15:40,142][com.java.TestType] [  357] - Steps being executted in the Concept are: 1:2
[INFO ][2015-10-28 17:15:40,142][com.java.TestType] [  361] - Test data details path ---------- D:\BankersDashboard\TestInputs\TestData.xls
[INFO ][2015-10-28 17:15:40,182][com.java.TestType] [  385] -  str(1) = 2
[INFO ][2015-10-28 17:15:40,182][com.java.TestType] [  388] - Test case Id is---2
[INFO ][2015-10-28 17:15:40,182][com.java.TestType] [  390] - 2
[INFO ][2015-10-28 17:15:40,182][com.java.TestType] [  385] -  str(2) = 1
[INFO ][2015-10-28 17:15:40,182][com.java.TestType] [  435] - row values are--------{1=com.java.Objects.TestDataDetails@f38fd1}
[INFO ][2015-10-28 17:15:40,182][com.java.TestType] [  385] -  str(1) = 2
[INFO ][2015-10-28 17:15:40,182][com.java.TestType] [  388] - Test case Id is---2
[INFO ][2015-10-28 17:15:40,182][com.java.TestType] [  390] - 2
[INFO ][2015-10-28 17:15:40,182][com.java.TestType] [  385] -  str(2) = 2
[INFO ][2015-10-28 17:15:40,182][com.java.TestType] [  435] - row values are--------{1=com.java.Objects.TestDataDetails@f38fd1, 2=com.java.Objects.TestDataDetails@16efbc1}
[INFO ][2015-10-28 17:15:40,182][com.java.TestType] [ 6330] - Looping 1TCID = 2
[DEBUG][2015-10-28 17:15:40,182][com.java.TestType] [ 6341] - Concept ID:2 :: Step being Executed: 2::1
[INFO ][2015-10-28 17:15:40,182][com.java.TestType] [ 6374] - dataFields : BNK//select[@id='bank']
[DEBUG][2015-10-28 17:15:40,182][com.java.TestType] [ 6379] - <In Set values of the page>
[DEBUG][2015-10-28 17:15:40,182][com.java.TestType] [ 6383] - {Data Fields & Data Values Exist}
[INFO ][2015-10-28 17:15:40,182][com.java.TestType] [ 6387] - --------------------------setting values-----------------------------
[INFO ][2015-10-28 17:15:40,182][com.java.TestType] [ 6390] - Action Type : Select
[INFO ][2015-10-28 17:15:40,182][com.java.TestType] [ 2981] - value = PFC
[INFO ][2015-10-28 17:15:40,422][com.java.TestType] [ 6401] -  RESULT true
[INFO ][2015-10-28 17:15:40,422][com.java.TestType] [ 6505] - ?   P A S S   ?
[DEBUG][2015-10-28 17:15:40,422][com.java.TestType] [ 6341] - Concept ID:2 :: Step being Executed: 2::2
[INFO ][2015-10-28 17:15:40,422][com.java.TestType] [ 6374] - dataFields : LNKLogout
[DEBUG][2015-10-28 17:15:40,422][com.java.TestType] [ 6379] - <In Set values of the page>
[DEBUG][2015-10-28 17:15:40,422][com.java.TestType] [ 6383] - {Data Fields & Data Values Exist}
[INFO ][2015-10-28 17:15:40,422][com.java.TestType] [ 6387] - --------------------------setting values-----------------------------
[INFO ][2015-10-28 17:15:40,422][com.java.TestType] [ 6390] - Action Type : WaitForElement
[INFO ][2015-10-28 17:15:40,452][com.java.TestType] [ 6401] -  RESULT true
[INFO ][2015-10-28 17:15:40,452][com.java.TestType] [ 6505] - ?   P A S S   ?
[INFO ][2015-10-28 17:15:40,452][com.java.TestType] [ 6558] - Looping End......
[INFO ][2015-10-28 17:15:40,452][com.java.SeleniumDriver] [  863] -  RESULT true
[INFO ][2015-10-28 17:15:40,452][com.java.SeleniumDriver] [ 1068] - ?   P A S S   ?
[DEBUG][2015-10-28 17:15:40,452][com.java.SeleniumDriver] [ 1170] - Case found
[DEBUG][2015-10-28 17:15:40,452][com.java.SeleniumDriver] [ 1175] - Incrementing ReportCounters[0]:1
[INFO ][2015-10-28 17:15:40,452][com.java.SeleniumDriver] [ 1194] - The results are-------------------[2, 1, Valid Login, Pass, , Wed Oct 28 17:15:40 IST 2015, 2, 2, Valid Login, Pass, , Wed Oct 28 17:15:40 IST 2015]
[INFO ][2015-10-28 17:15:40,452][com.java.SeleniumDriver] [ 1198] - End time is-------35 sec
[INFO ][2015-10-28 17:15:40,452][com.java.SeleniumDriver] [ 1199] - The results are-------------------[2, 1, Valid Login, Pass, , Wed Oct 28 17:15:40 IST 2015, 2, 2, Valid Login, Pass, , Wed Oct 28 17:15:40 IST 2015]
[DEBUG][2015-10-28 17:15:40,452][com.java.ImportnExport.ExportTestResultsExcel] [  222] - testResultPath = D:\BankersDashboard/TestReports/Test Results_BankersDashBoard_102815_171507_IE11_Bank of North Carolina.xls
[DEBUG][2015-10-28 17:15:40,452][com.java.ImportnExport.ExportTestResultsExcel] [  223] - browser is------------IE11
[DEBUG][2015-10-28 17:15:40,492][com.java.ImportnExport.ExportTestResultsExcel] [  270] - result.size() = 12
[DEBUG][2015-10-28 17:15:40,492][com.java.ImportnExport.ExportTestResultsExcel] [  274] - No of rows in sheet=1
[DEBUG][2015-10-28 17:15:40,492][com.java.ImportnExport.ExportTestResultsExcel] [  301] - ..in export..2
[DEBUG][2015-10-28 17:15:40,492][com.java.ImportnExport.ExportTestResultsExcel] [  301] - ..in export..Valid Login
[DEBUG][2015-10-28 17:15:40,492][com.java.ImportnExport.ExportTestResultsExcel] [  301] - ..in export..Pass
[DEBUG][2015-10-28 17:15:40,492][com.java.ImportnExport.ExportTestResultsExcel] [  301] - ..in export..
[DEBUG][2015-10-28 17:15:40,492][com.java.ImportnExport.ExportTestResultsExcel] [  301] - ..in export..Wed Oct 28 17:15:40 IST 2015
[INFO ][2015-10-28 17:15:40,492][com.java.SeleniumDriver] [ 1257] - out loop:0 size:1 TestCases:[2] testcases:[2]
[INFO ][2015-10-28 17:15:42,474][com.java.SeleniumDriver] [ 1299] - Total Number of Cases:1
[INFO ][2015-10-28 17:15:42,474][com.java.TemplateGenerator] [  302] - Executed:1
[INFO ][2015-10-28 17:15:42,474][com.java.TemplateGenerator] [  303] - Passed:1
[INFO ][2015-10-28 17:15:42,474][com.java.TemplateGenerator] [  304] - Failed:0
[INFO ][2015-10-28 17:15:42,474][com.java.TemplateGenerator] [  305] - Skipeed:0
[INFO ][2015-10-28 17:15:42,474][com.java.TemplateGenerator] [  306] - Application URL:https://clients.xuat.bankersdashboard.com
[INFO ][2015-10-28 17:15:42,474][com.java.TemplateGenerator] [  307] - Start Time:102815_171507
[INFO ][2015-10-28 17:15:42,474][com.java.TemplateGenerator] [  308] -  Creating HTML Report 
[ERROR][2015-10-28 17:15:42,475][com.java.TemplateGenerator] [  409] - Unparseable date: "Wed Oct 28 05:15:07 IST 2015"
[INFO ][2015-10-28 17:15:42,475][com.java.TemplateGenerator] [  654] -  Exporting case :: 2
[INFO ][2015-10-28 17:15:42,479][com.java.SeleniumDriver] [ 1348] - End Time:102815_171542
[INFO ][2015-10-28 17:15:42,479][com.java.SeleniumDriver] [ 1351] - Data in Test Execution Details:{2=PASS}
[INFO ][2015-10-28 17:15:42,479][com.java.SeleniumDriver] [ 1352] - Data in Failed Execution Deatils:{}
[INFO ][2015-10-28 17:15:42,479][com.java.SeleniumDriver] [ 1354] - ReportCounter:Total:1 :: PASS: 1 ::FAIL: 0
[INFO ][2015-10-28 17:15:42,479][com.java.SeleniumDriver] [ 1355] - FailedReportCounter:Total:0 :: PASS: 0 ::FAIL: 0
[INFO ][2015-10-28 17:15:42,487][com.java.EmailTestReport] [   63] - Sending report mail details:
[INFO ][2015-10-28 17:15:42,487][com.java.EmailTestReport] [   80] - Excel Report Path:D:\BankersDashboard/TestReports/Test Results_BankersDashBoard_102815_171507_IE11_Bank of North Carolina.xls
[INFO ][2015-10-28 17:15:42,487][com.java.EmailTestReport] [   81] - HTML Report Path:D:\BankersDashboard//TestReports//Test Results_BankersDashBoard_102815_171507_IE11_Bank of North Carolina.html
[INFO ][2015-10-28 17:15:42,487][com.java.EmailTestReport] [   82] - smtpHostName:mail01.valuelabs.com
[INFO ][2015-10-28 17:15:42,487][com.java.EmailTestReport] [   83] - Recipient:venkateswararao.gubbala@valuelabs.com
[INFO ][2015-10-28 17:15:42,487][com.java.EmailTestReport] [   84] - From:venkateswararao.gubbala@valuelabs.com
[INFO ][2015-10-28 17:15:42,487][com.java.EmailTestReport] [   85] - Subject:DestinationRewards Automation Test Report - Bank of North Carolina - IE11
[INFO ][2015-10-28 17:15:42,503][com.java.EmailTestReport] [  143] -  Added venkateswararao.gubbala@valuelabs.com
[INFO ][2015-10-28 17:15:45,632][com.java.SeleniumDriver] [  719] - quitting the browser 
[INFO ][2015-10-28 17:15:46,868][com.java.SeleniumDriver] [  263] - Execution Completed Stopping the thread
