[INFO ][2016-01-18 12:46:54,552][com.java.SeleniumDriver] [  213] - Execute Failed Casesfalse
[INFO ][2016-01-18 12:46:54,552][com.java.SeleniumDriver] [  214] - Browser: IE10
[INFO ][2016-01-18 12:46:54,552][com.java.SeleniumDriver] [  215] - [1, 29]
[INFO ][2016-01-18 12:46:54,552][com.java.SeleniumDriver] [  216] - Total TestCases:2
[INFO ][2016-01-18 12:46:54,552][com.java.SeleniumDriver] [  217] -  Reading Properties from Property File 
[DEBUG][2016-01-18 12:46:54,552][com.java.SeleniumDriver] [  238] - url : https://clients-xuat.bankersdashboard.com
[INFO ][2016-01-18 12:46:54,552][com.java.ImportnExport.ExportTestResultsExcel] [  116] - Time Stamp Mon Jan 18 12:46:54 IST 2016
[INFO ][2016-01-18 12:46:54,552][com.java.ImportnExport.ExportTestResultsExcel] [  175] - OUT FILE : D:\BankersDashboard/TestReports/Test Results_BankersDashBoard_011816_124654_IE10_Any Bank USA.xls
[INFO ][2016-01-18 12:46:54,573][com.java.ImportnExport.ExportTestResultsExcel] [  180] - Test Result file is created
[DEBUG][2016-01-18 12:46:54,683][com.java.SeleniumDriver] [  426] - Hub ip address is-------172.17.68.34
[INFO ][2016-01-18 12:46:54,683][com.java.SeleniumDriver] [  452] - Grid URL:http://172.17.68.34:4444/wd/hub
[INFO ][2016-01-18 12:46:54,683][com.java.SeleniumDriver] [  453] - Capability:Capabilities [{platform=ANY, ensureCleanSession=true, ignoreProtectedModeSettings=true, acceptSslCerts=true, ignoreZoomSetting=true, browserName=internet explorer, browserstack.ie.noFlash=true, version=null}]
[ERROR][2016-01-18 12:46:55,983][com.java.SeleniumDriver] [  498] - Unable invoke browser in grid:Could not start a new session. Possible causes are invalid address of the remote server or browser start-up failure.
Build info: version: '2.48.2', revision: '41bccdd', time: '2015-10-09 19:59:12'
System info: host: 'FVTIII438F1D', ip: '172.17.68.34', os.name: 'Windows 7', os.arch: 'x86', os.version: '6.1', java.version: '1.7.0_55'
Driver info: driver.version: SeleniumDriver
[INFO ][2016-01-18 12:46:55,983][com.java.SeleniumDriver] [  500] - Executing on local machine
[INFO ][2016-01-18 12:47:06,716][com.java.SeleniumDriver] [  248] - IE10is opened
[INFO ][2016-01-18 12:47:07,563][com.java.SeleniumDriver] [  756] - Test cases to be executed are: [1, 29]
[INFO ][2016-01-18 12:47:07,584][com.java.ImportnExport.ImportTestDataDetailsExcel] [   49] - test data details path===== D:\BankersDashboard\TestInputs\TestData.xls
[INFO ][2016-01-18 12:47:07,684][com.java.SeleniumDriver] [  856] - ------------------------------------------
[INFO ][2016-01-18 12:47:07,684][com.java.SeleniumDriver] [  857] - Test case being Executed: 1
[INFO ][2016-01-18 12:47:07,684][com.java.SeleniumDriver] [  869] - Test step:1
[INFO ][2016-01-18 12:47:07,684][com.java.SeleniumDriver] [  881] - Datavalue is----------Concept#1:1-16
[INFO ][2016-01-18 12:47:07,684][com.java.SeleniumDriver] [  905] - DataField : test
[INFO ][2016-01-18 12:47:07,684][com.java.SeleniumDriver] [  907] - DataValue : Concept#1:1-16
[INFO ][2016-01-18 12:47:07,684][com.java.SeleniumDriver] [  913] - <In Set values of the page>
[INFO ][2016-01-18 12:47:07,684][com.java.SeleniumDriver] [  916] - {Data Fields & Data Values Exist}
[INFO ][2016-01-18 12:47:07,684][com.java.SeleniumDriver] [  918] - --------------------------setting values-----------------------------
[INFO ][2016-01-18 12:47:07,684][com.java.SeleniumDriver] [  921] - Action Type : ExecuteTestCase
[INFO ][2016-01-18 12:47:07,704][com.java.TestType] [  437] - The Concept sheet name is ---------- Concept
[INFO ][2016-01-18 12:47:07,704][com.java.TestType] [  440] - The Concept ID  is ---------- 1
[DEBUG][2016-01-18 12:47:07,704][com.java.TestType] [  444] - Steps being executted in the Concept are: 1:16
[INFO ][2016-01-18 12:47:07,704][com.java.TestType] [  451] - Test data details path ---------- D:\BankersDashboard\TestInputs\TestData.xls
[INFO ][2016-01-18 12:47:07,734][com.java.TestType] [  482] -  str(1) = 1
[INFO ][2016-01-18 12:47:07,734][com.java.TestType] [  485] - Test case Id is---1
[INFO ][2016-01-18 12:47:07,734][com.java.TestType] [  487] - 1
[INFO ][2016-01-18 12:47:07,734][com.java.TestType] [  482] -  str(2) = 1
[INFO ][2016-01-18 12:47:07,744][com.java.TestType] [  482] -  str(1) = 1
[INFO ][2016-01-18 12:47:07,744][com.java.TestType] [  485] - Test case Id is---1
[INFO ][2016-01-18 12:47:07,744][com.java.TestType] [  487] - 1
[INFO ][2016-01-18 12:47:07,744][com.java.TestType] [  482] -  str(2) = 2
[INFO ][2016-01-18 12:47:07,744][com.java.TestType] [  482] -  str(1) = 1
[INFO ][2016-01-18 12:47:07,744][com.java.TestType] [  485] - Test case Id is---1
[INFO ][2016-01-18 12:47:07,744][com.java.TestType] [  487] - 1
[INFO ][2016-01-18 12:47:07,744][com.java.TestType] [  482] -  str(2) = 3
[INFO ][2016-01-18 12:47:07,744][com.java.TestType] [  482] -  str(1) = 1
[INFO ][2016-01-18 12:47:07,744][com.java.TestType] [  485] - Test case Id is---1
[INFO ][2016-01-18 12:47:07,744][com.java.TestType] [  487] - 1
[INFO ][2016-01-18 12:47:07,744][com.java.TestType] [  482] -  str(2) = 4
[INFO ][2016-01-18 12:47:07,744][com.java.TestType] [  482] -  str(1) = 1
[INFO ][2016-01-18 12:47:07,744][com.java.TestType] [  485] - Test case Id is---1
[INFO ][2016-01-18 12:47:07,744][com.java.TestType] [  487] - 1
[INFO ][2016-01-18 12:47:07,744][com.java.TestType] [  482] -  str(2) = 5
[INFO ][2016-01-18 12:47:07,744][com.java.TestType] [  482] -  str(1) = 1
[INFO ][2016-01-18 12:47:07,744][com.java.TestType] [  485] - Test case Id is---1
[INFO ][2016-01-18 12:47:07,744][com.java.TestType] [  487] - 1
[INFO ][2016-01-18 12:47:07,754][com.java.TestType] [  482] -  str(2) = 6
[INFO ][2016-01-18 12:47:07,754][com.java.TestType] [  482] -  str(1) = 1
[INFO ][2016-01-18 12:47:07,754][com.java.TestType] [  485] - Test case Id is---1
[INFO ][2016-01-18 12:47:07,754][com.java.TestType] [  487] - 1
[INFO ][2016-01-18 12:47:07,754][com.java.TestType] [  482] -  str(2) = 7
[INFO ][2016-01-18 12:47:07,754][com.java.TestType] [  482] -  str(1) = 1
[INFO ][2016-01-18 12:47:07,754][com.java.TestType] [  485] - Test case Id is---1
[INFO ][2016-01-18 12:47:07,754][com.java.TestType] [  487] - 1
[INFO ][2016-01-18 12:47:07,754][com.java.TestType] [  482] -  str(2) = 8
[INFO ][2016-01-18 12:47:07,754][com.java.TestType] [  482] -  str(1) = 1
[INFO ][2016-01-18 12:47:07,754][com.java.TestType] [  485] - Test case Id is---1
[INFO ][2016-01-18 12:47:07,754][com.java.TestType] [  487] - 1
[INFO ][2016-01-18 12:47:07,754][com.java.TestType] [  482] -  str(2) = 9
[INFO ][2016-01-18 12:47:07,754][com.java.TestType] [  482] -  str(1) = 1
[INFO ][2016-01-18 12:47:07,754][com.java.TestType] [  485] - Test case Id is---1
[INFO ][2016-01-18 12:47:07,754][com.java.TestType] [  487] - 1
[INFO ][2016-01-18 12:47:07,754][com.java.TestType] [  482] -  str(2) = 10
[INFO ][2016-01-18 12:47:07,754][com.java.TestType] [  482] -  str(1) = 1
[INFO ][2016-01-18 12:47:07,754][com.java.TestType] [  485] - Test case Id is---1
[INFO ][2016-01-18 12:47:07,754][com.java.TestType] [  487] - 1
[INFO ][2016-01-18 12:47:07,754][com.java.TestType] [  482] -  str(2) = 11
[INFO ][2016-01-18 12:47:07,754][com.java.TestType] [  482] -  str(1) = 1
[INFO ][2016-01-18 12:47:07,754][com.java.TestType] [  485] - Test case Id is---1
[INFO ][2016-01-18 12:47:07,754][com.java.TestType] [  487] - 1
[INFO ][2016-01-18 12:47:07,754][com.java.TestType] [  482] -  str(2) = 12
[INFO ][2016-01-18 12:47:07,754][com.java.TestType] [  482] -  str(1) = 1
[INFO ][2016-01-18 12:47:07,754][com.java.TestType] [  485] - Test case Id is---1
[INFO ][2016-01-18 12:47:07,754][com.java.TestType] [  487] - 1
[INFO ][2016-01-18 12:47:07,754][com.java.TestType] [  482] -  str(2) = 13
[INFO ][2016-01-18 12:47:07,764][com.java.TestType] [  482] -  str(1) = 1
[INFO ][2016-01-18 12:47:07,764][com.java.TestType] [  485] - Test case Id is---1
[INFO ][2016-01-18 12:47:07,764][com.java.TestType] [  487] - 1
[INFO ][2016-01-18 12:47:07,764][com.java.TestType] [  482] -  str(2) = 14
[INFO ][2016-01-18 12:47:07,764][com.java.TestType] [  482] -  str(1) = 1
[INFO ][2016-01-18 12:47:07,764][com.java.TestType] [  485] - Test case Id is---1
[INFO ][2016-01-18 12:47:07,764][com.java.TestType] [  487] - 1
[INFO ][2016-01-18 12:47:07,764][com.java.TestType] [  482] -  str(2) = 15
[INFO ][2016-01-18 12:47:07,764][com.java.TestType] [  482] -  str(1) = 1
[INFO ][2016-01-18 12:47:07,764][com.java.TestType] [  485] - Test case Id is---1
[INFO ][2016-01-18 12:47:07,764][com.java.TestType] [  487] - 1
[INFO ][2016-01-18 12:47:07,764][com.java.TestType] [  482] -  str(2) = 16
[INFO ][2016-01-18 12:47:07,764][com.java.TestType] [11314] - Looping 1TCID = 1
[DEBUG][2016-01-18 12:47:07,764][com.java.TestType] [11355] - Concept ID:1 :: Step being Executed: 1::1
[INFO ][2016-01-18 12:47:07,764][com.java.TestType] [11393] - dataFields : TXTusername
[DEBUG][2016-01-18 12:47:07,764][com.java.TestType] [11399] - <In Set values of the page>
[DEBUG][2016-01-18 12:47:07,764][com.java.TestType] [11404] - {Data Fields & Data Values Exist}
[INFO ][2016-01-18 12:47:07,764][com.java.TestType] [11410] - --------------------------setting values-----------------------------
[INFO ][2016-01-18 12:47:07,764][com.java.TestType] [11413] - Action Type : CLEARANDENTER
[INFO ][2016-01-18 12:47:10,055][com.java.TestType] [ 6140] - value = naresh.nayini.00000
[INFO ][2016-01-18 12:47:12,471][com.java.TestType] [11432] -  RESULT true
[INFO ][2016-01-18 12:47:12,471][com.java.TestType] [11549] - ?   P A S S   ?
[DEBUG][2016-01-18 12:47:12,471][com.java.TestType] [11355] - Concept ID:1 :: Step being Executed: 1::2
[INFO ][2016-01-18 12:47:12,471][com.java.TestType] [11393] - dataFields : TXTpassword
[DEBUG][2016-01-18 12:47:12,471][com.java.TestType] [11399] - <In Set values of the page>
[DEBUG][2016-01-18 12:47:12,471][com.java.TestType] [11404] - {Data Fields & Data Values Exist}
[INFO ][2016-01-18 12:47:12,471][com.java.TestType] [11410] - --------------------------setting values-----------------------------
[INFO ][2016-01-18 12:47:12,471][com.java.TestType] [11413] - Action Type : CLEARANDENTER
[INFO ][2016-01-18 12:47:14,728][com.java.TestType] [ 6140] - value = Password1*
[INFO ][2016-01-18 12:47:17,282][com.java.TestType] [11432] -  RESULT true
[INFO ][2016-01-18 12:47:17,282][com.java.TestType] [11549] - ?   P A S S   ?
[DEBUG][2016-01-18 12:47:17,282][com.java.TestType] [11355] - Concept ID:1 :: Step being Executed: 1::3
[ERROR][2016-01-18 12:47:17,282][com.java.TestType] [11388] - Exception: null
[INFO ][2016-01-18 12:47:17,282][com.java.TestType] [11393] - dataFields : XPH//button[@type='submit']
[DEBUG][2016-01-18 12:47:17,282][com.java.TestType] [11399] - <In Set values of the page>
[DEBUG][2016-01-18 12:47:17,282][com.java.TestType] [11404] - {Data Fields & Data Values Exist}
[INFO ][2016-01-18 12:47:17,282][com.java.TestType] [11410] - --------------------------setting values-----------------------------
[INFO ][2016-01-18 12:47:17,282][com.java.TestType] [11413] - Action Type : Click
[INFO ][2016-01-18 12:47:17,282][com.java.TestType] [ 6519] - Field ::XPH//button[@type='submit']
[INFO ][2016-01-18 12:47:17,282][com.java.TestType] [ 6140] - value = 
[INFO ][2016-01-18 12:47:18,282][com.java.TestType] [ 6656] - BEFORE CLICK
[INFO ][2016-01-18 12:47:19,124][com.java.TestType] [ 6664] - Unable to click the object Login
[INFO ][2016-01-18 12:47:19,124][com.java.TestType] [11432] -  RESULT true
[INFO ][2016-01-18 12:47:19,124][com.java.TestType] [11549] - ?   P A S S   ?
[DEBUG][2016-01-18 12:47:19,124][com.java.TestType] [11355] - Concept ID:1 :: Step being Executed: 1::4
[INFO ][2016-01-18 12:47:19,124][com.java.TestType] [11393] - dataFields : LNKLogout
[DEBUG][2016-01-18 12:47:19,124][com.java.TestType] [11399] - <In Set values of the page>
[DEBUG][2016-01-18 12:47:19,124][com.java.TestType] [11404] - {Data Fields & Data Values Exist}
[INFO ][2016-01-18 12:47:19,124][com.java.TestType] [11410] - --------------------------setting values-----------------------------
[INFO ][2016-01-18 12:47:19,124][com.java.TestType] [11413] - Action Type : WaitForElement
[INFO ][2016-01-18 12:47:22,505][com.java.TestType] [11432] -  RESULT true
[INFO ][2016-01-18 12:47:22,505][com.java.TestType] [11549] - ?   P A S S   ?
[DEBUG][2016-01-18 12:47:22,505][com.java.TestType] [11355] - Concept ID:1 :: Step being Executed: 1::15
[INFO ][2016-01-18 12:47:22,505][com.java.TestType] [11393] - dataFields : LNK
[DEBUG][2016-01-18 12:47:22,505][com.java.TestType] [11399] - <In Set values of the page>
[DEBUG][2016-01-18 12:47:22,505][com.java.TestType] [11404] - {Data Fields & Data Values Exist}
[INFO ][2016-01-18 12:47:22,505][com.java.TestType] [11410] - --------------------------setting values-----------------------------
[INFO ][2016-01-18 12:47:22,505][com.java.TestType] [11413] - Action Type : Verify
[INFO ][2016-01-18 12:47:22,505][com.java.TestType] [ 7647] - field= LNK value= Logout
[INFO ][2016-01-18 12:47:22,505][com.java.TestType] [ 6140] - value = Logout
[INFO ][2016-01-18 12:47:22,546][com.java.TestType] [11432] -  RESULT true
[INFO ][2016-01-18 12:47:22,546][com.java.TestType] [11549] - ?   P A S S   ?
[DEBUG][2016-01-18 12:47:22,546][com.java.TestType] [11355] - Concept ID:1 :: Step being Executed: 1::16
[INFO ][2016-01-18 12:47:22,546][com.java.TestType] [11393] - dataFields : BTN
[DEBUG][2016-01-18 12:47:22,546][com.java.TestType] [11399] - <In Set values of the page>
[DEBUG][2016-01-18 12:47:22,546][com.java.TestType] [11404] - {Data Fields & Data Values Exist}
[INFO ][2016-01-18 12:47:22,546][com.java.TestType] [11410] - --------------------------setting values-----------------------------
[INFO ][2016-01-18 12:47:22,546][com.java.TestType] [11413] - Action Type : Verify
[INFO ][2016-01-18 12:47:22,546][com.java.TestType] [ 7647] - field= BTN value= //img[contains(@src,'bdlogo.jpg')]
[INFO ][2016-01-18 12:47:22,546][com.java.TestType] [ 6140] - value = //img[contains(@src,'bdlogo.jpg')]
[INFO ][2016-01-18 12:47:22,771][com.java.TestType] [11432] -  RESULT true
[INFO ][2016-01-18 12:47:22,771][com.java.TestType] [11549] - ?   P A S S   ?
[INFO ][2016-01-18 12:47:22,771][com.java.TestType] [11620] - Looping End......
[INFO ][2016-01-18 12:47:22,776][com.java.SeleniumDriver] [  930] -  RESULT true
[INFO ][2016-01-18 12:47:22,776][com.java.SeleniumDriver] [ 1136] - ?   P A S S   ?
[INFO ][2016-01-18 12:47:22,776][com.java.SeleniumDriver] [  856] - ------------------------------------------
[INFO ][2016-01-18 12:47:22,776][com.java.SeleniumDriver] [  857] - Test case being Executed: 1
[INFO ][2016-01-18 12:47:22,776][com.java.SeleniumDriver] [  869] - Test step:2
[INFO ][2016-01-18 12:47:22,776][com.java.SeleniumDriver] [  881] - Datavalue is----------Concept#2:1-2
[INFO ][2016-01-18 12:47:22,776][com.java.SeleniumDriver] [  905] - DataField : test
[INFO ][2016-01-18 12:47:22,776][com.java.SeleniumDriver] [  907] - DataValue : Concept#2:1-2
[INFO ][2016-01-18 12:47:22,776][com.java.SeleniumDriver] [  913] - <In Set values of the page>
[INFO ][2016-01-18 12:47:22,776][com.java.SeleniumDriver] [  916] - {Data Fields & Data Values Exist}
[INFO ][2016-01-18 12:47:22,776][com.java.SeleniumDriver] [  918] - --------------------------setting values-----------------------------
[INFO ][2016-01-18 12:47:22,776][com.java.SeleniumDriver] [  921] - Action Type : ExecuteTestCase
[INFO ][2016-01-18 12:47:22,776][com.java.TestType] [  437] - The Concept sheet name is ---------- Concept
[INFO ][2016-01-18 12:47:22,778][com.java.TestType] [  440] - The Concept ID  is ---------- 2
[DEBUG][2016-01-18 12:47:22,778][com.java.TestType] [  444] - Steps being executted in the Concept are: 1:2
[INFO ][2016-01-18 12:47:22,778][com.java.TestType] [  451] - Test data details path ---------- D:\BankersDashboard\TestInputs\TestData.xls
[INFO ][2016-01-18 12:47:22,813][com.java.TestType] [  482] -  str(1) = 2
[INFO ][2016-01-18 12:47:22,813][com.java.TestType] [  485] - Test case Id is---2
[INFO ][2016-01-18 12:47:22,813][com.java.TestType] [  487] - 2
[INFO ][2016-01-18 12:47:22,813][com.java.TestType] [  482] -  str(2) = 1
[INFO ][2016-01-18 12:47:22,813][com.java.TestType] [  482] -  str(1) = 2
[INFO ][2016-01-18 12:47:22,813][com.java.TestType] [  485] - Test case Id is---2
[INFO ][2016-01-18 12:47:22,813][com.java.TestType] [  487] - 2
[INFO ][2016-01-18 12:47:22,816][com.java.TestType] [  482] -  str(2) = 2
[INFO ][2016-01-18 12:47:22,816][com.java.TestType] [  482] -  str(1) = 2
[INFO ][2016-01-18 12:47:22,816][com.java.TestType] [  485] - Test case Id is---2
[INFO ][2016-01-18 12:47:22,816][com.java.TestType] [  487] - 2
[INFO ][2016-01-18 12:47:22,816][com.java.TestType] [  482] -  str(2) = 3
[INFO ][2016-01-18 12:47:22,816][com.java.TestType] [11314] - Looping 1TCID = 2
[DEBUG][2016-01-18 12:47:22,816][com.java.TestType] [11355] - Concept ID:2 :: Step being Executed: 2::1
[INFO ][2016-01-18 12:47:22,816][com.java.TestType] [11393] - dataFields : BNK//select[@id='bank']
[DEBUG][2016-01-18 12:47:22,816][com.java.TestType] [11399] - <In Set values of the page>
[DEBUG][2016-01-18 12:47:22,816][com.java.TestType] [11404] - {Data Fields & Data Values Exist}
[INFO ][2016-01-18 12:47:22,816][com.java.TestType] [11410] - --------------------------setting values-----------------------------
[INFO ][2016-01-18 12:47:22,816][com.java.TestType] [11413] - Action Type : Select
[INFO ][2016-01-18 12:47:22,816][com.java.TestType] [ 6140] - value = PFC
[INFO ][2016-01-18 12:47:23,038][com.java.TestType] [11432] -  RESULT true
[INFO ][2016-01-18 12:47:23,038][com.java.TestType] [11549] - ?   P A S S   ?
[DEBUG][2016-01-18 12:47:23,038][com.java.TestType] [11355] - Concept ID:2 :: Step being Executed: 2::2
[INFO ][2016-01-18 12:47:23,038][com.java.TestType] [11393] - dataFields : LNKLogout
[DEBUG][2016-01-18 12:47:23,038][com.java.TestType] [11399] - <In Set values of the page>
[DEBUG][2016-01-18 12:47:23,038][com.java.TestType] [11404] - {Data Fields & Data Values Exist}
[INFO ][2016-01-18 12:47:23,038][com.java.TestType] [11410] - --------------------------setting values-----------------------------
[INFO ][2016-01-18 12:47:23,038][com.java.TestType] [11413] - Action Type : WaitTime
[DEBUG][2016-01-18 12:47:23,038][com.java.TestType] [ 5954] - sleepTime: 5000
[INFO ][2016-01-18 12:47:28,043][com.java.TestType] [11432] -  RESULT true
[INFO ][2016-01-18 12:47:28,043][com.java.TestType] [11549] - ?   P A S S   ?
[INFO ][2016-01-18 12:47:28,043][com.java.TestType] [11620] - Looping End......
[INFO ][2016-01-18 12:47:28,043][com.java.SeleniumDriver] [  930] -  RESULT true
[INFO ][2016-01-18 12:47:28,043][com.java.SeleniumDriver] [ 1136] - ?   P A S S   ?
[INFO ][2016-01-18 12:47:28,043][com.java.SeleniumDriver] [  856] - ------------------------------------------
[INFO ][2016-01-18 12:47:28,043][com.java.SeleniumDriver] [  857] - Test case being Executed: 1
[INFO ][2016-01-18 12:47:28,043][com.java.SeleniumDriver] [  869] - Test step:3
[INFO ][2016-01-18 12:47:28,043][com.java.SeleniumDriver] [  881] - Datavalue is----------2
[INFO ][2016-01-18 12:47:28,043][com.java.SeleniumDriver] [  905] - DataField : XPH//button[contains(text(),'Add Content')]
[INFO ][2016-01-18 12:47:28,043][com.java.SeleniumDriver] [  907] - DataValue : 2
[INFO ][2016-01-18 12:47:28,043][com.java.SeleniumDriver] [  913] - <In Set values of the page>
[INFO ][2016-01-18 12:47:28,043][com.java.SeleniumDriver] [  916] - {Data Fields & Data Values Exist}
[INFO ][2016-01-18 12:47:28,043][com.java.SeleniumDriver] [  918] - --------------------------setting values-----------------------------
[INFO ][2016-01-18 12:47:28,043][com.java.SeleniumDriver] [  921] - Action Type : WAITFORELEMENT
[INFO ][2016-01-18 12:47:28,084][com.java.SeleniumDriver] [  930] -  RESULT true
[INFO ][2016-01-18 12:47:28,084][com.java.SeleniumDriver] [ 1136] - ?   P A S S   ?
[DEBUG][2016-01-18 12:47:28,084][com.java.SeleniumDriver] [ 1248] - Case found
[DEBUG][2016-01-18 12:47:28,084][com.java.SeleniumDriver] [ 1253] - Incrementing ReportCounters[0]:1
[INFO ][2016-01-18 12:47:28,084][com.java.SeleniumDriver] [ 1272] - The results are-------------------[1, 1, Valid Login, Pass, , Mon Jan 18 12:47:22 IST 2016, 1, 2, Valid Login, Pass, , Mon Jan 18 12:47:28 IST 2016, 1, 3, Valid Login, Pass, , Mon Jan 18 12:47:28 IST 2016]
[INFO ][2016-01-18 12:47:28,084][com.java.SeleniumDriver] [ 1276] - End time is-------35 sec
[INFO ][2016-01-18 12:47:28,084][com.java.SeleniumDriver] [ 1277] - The results are-------------------[1, 1, Valid Login, Pass, , Mon Jan 18 12:47:22 IST 2016, 1, 2, Valid Login, Pass, , Mon Jan 18 12:47:28 IST 2016, 1, 3, Valid Login, Pass, , Mon Jan 18 12:47:28 IST 2016]
[DEBUG][2016-01-18 12:47:28,084][com.java.ImportnExport.ExportTestResultsExcel] [  222] - testResultPath = D:\BankersDashboard/TestReports/Test Results_BankersDashBoard_011816_124654_IE10_Any Bank USA.xls
[DEBUG][2016-01-18 12:47:28,084][com.java.ImportnExport.ExportTestResultsExcel] [  223] - browser is------------IE10
[DEBUG][2016-01-18 12:47:28,124][com.java.ImportnExport.ExportTestResultsExcel] [  270] - result.size() = 18
[DEBUG][2016-01-18 12:47:28,124][com.java.ImportnExport.ExportTestResultsExcel] [  274] - No of rows in sheet=1
[DEBUG][2016-01-18 12:47:28,124][com.java.ImportnExport.ExportTestResultsExcel] [  301] - ..in export..1
[DEBUG][2016-01-18 12:47:28,124][com.java.ImportnExport.ExportTestResultsExcel] [  301] - ..in export..Valid Login
[DEBUG][2016-01-18 12:47:28,124][com.java.ImportnExport.ExportTestResultsExcel] [  301] - ..in export..Pass
[DEBUG][2016-01-18 12:47:28,124][com.java.ImportnExport.ExportTestResultsExcel] [  301] - ..in export..
[DEBUG][2016-01-18 12:47:28,124][com.java.ImportnExport.ExportTestResultsExcel] [  301] - ..in export..Mon Jan 18 12:47:22 IST 2016
[INFO ][2016-01-18 12:47:28,124][com.java.SeleniumDriver] [ 1337] - out loop:0 size:2 TestCases:[1, 29] testcases:[1, 29]
[INFO ][2016-01-18 12:47:28,124][com.java.ImportnExport.ImportTestDataDetailsExcel] [   49] - test data details path===== D:\BankersDashboard\TestInputs\TestData.xls
[INFO ][2016-01-18 12:47:43,593][com.java.SeleniumDriver] [  856] - ------------------------------------------
[INFO ][2016-01-18 12:47:43,593][com.java.SeleniumDriver] [  857] - Test case being Executed: 29
[INFO ][2016-01-18 12:47:43,593][com.java.SeleniumDriver] [  869] - Test step:1
[INFO ][2016-01-18 12:47:43,593][com.java.SeleniumDriver] [  881] - Datavalue is----------Logout
[INFO ][2016-01-18 12:47:43,593][com.java.SeleniumDriver] [  905] - DataField : BTN
[INFO ][2016-01-18 12:47:43,593][com.java.SeleniumDriver] [  907] - DataValue : Logout
[INFO ][2016-01-18 12:47:43,593][com.java.SeleniumDriver] [  913] - <In Set values of the page>
[INFO ][2016-01-18 12:47:43,593][com.java.SeleniumDriver] [  916] - {Data Fields & Data Values Exist}
[INFO ][2016-01-18 12:47:43,593][com.java.SeleniumDriver] [  918] - --------------------------setting values-----------------------------
[INFO ][2016-01-18 12:47:43,593][com.java.SeleniumDriver] [  921] - Action Type : Verify
[INFO ][2016-01-18 12:47:43,593][com.java.TestType] [ 7647] - field= BTN value= Logout
[INFO ][2016-01-18 12:47:43,594][com.java.TestType] [ 6140] - value = Logout
[INFO ][2016-01-18 12:47:43,694][com.java.SeleniumDriver] [  930] -  RESULT true
[INFO ][2016-01-18 12:47:43,694][com.java.SeleniumDriver] [ 1136] - ?   P A S S   ?
[INFO ][2016-01-18 12:47:43,694][com.java.SeleniumDriver] [ 1178] - step change to 3
[INFO ][2016-01-18 12:47:43,694][com.java.SeleniumDriver] [  856] - ------------------------------------------
[INFO ][2016-01-18 12:47:43,694][com.java.SeleniumDriver] [  857] - Test case being Executed: 29
[INFO ][2016-01-18 12:47:43,694][com.java.SeleniumDriver] [  869] - Test step:3
[INFO ][2016-01-18 12:47:43,694][com.java.SeleniumDriver] [  881] - Datavalue is----------Concept#2:1-2
[INFO ][2016-01-18 12:47:43,694][com.java.SeleniumDriver] [  905] - DataField : test
[INFO ][2016-01-18 12:47:43,694][com.java.SeleniumDriver] [  907] - DataValue : Concept#2:1-2
[INFO ][2016-01-18 12:47:43,694][com.java.SeleniumDriver] [  913] - <In Set values of the page>
[INFO ][2016-01-18 12:47:43,694][com.java.SeleniumDriver] [  916] - {Data Fields & Data Values Exist}
[INFO ][2016-01-18 12:47:43,694][com.java.SeleniumDriver] [  918] - --------------------------setting values-----------------------------
[INFO ][2016-01-18 12:47:43,694][com.java.SeleniumDriver] [  921] - Action Type : ExecuteTestCase
[INFO ][2016-01-18 12:47:43,694][com.java.TestType] [  437] - The Concept sheet name is ---------- Concept
[INFO ][2016-01-18 12:47:43,694][com.java.TestType] [  440] - The Concept ID  is ---------- 2
[DEBUG][2016-01-18 12:47:43,694][com.java.TestType] [  444] - Steps being executted in the Concept are: 1:2
[INFO ][2016-01-18 12:47:43,694][com.java.TestType] [  451] - Test data details path ---------- D:\BankersDashboard\TestInputs\TestData.xls
[INFO ][2016-01-18 12:47:43,724][com.java.TestType] [  482] -  str(1) = 2
[INFO ][2016-01-18 12:47:43,724][com.java.TestType] [  485] - Test case Id is---2
[INFO ][2016-01-18 12:47:43,724][com.java.TestType] [  487] - 2
[INFO ][2016-01-18 12:47:43,724][com.java.TestType] [  482] -  str(2) = 1
[INFO ][2016-01-18 12:47:43,724][com.java.TestType] [  482] -  str(1) = 2
[INFO ][2016-01-18 12:47:43,724][com.java.TestType] [  485] - Test case Id is---2
[INFO ][2016-01-18 12:47:43,724][com.java.TestType] [  487] - 2
[INFO ][2016-01-18 12:47:43,724][com.java.TestType] [  482] -  str(2) = 2
[INFO ][2016-01-18 12:47:43,724][com.java.TestType] [  482] -  str(1) = 2
[INFO ][2016-01-18 12:47:43,724][com.java.TestType] [  485] - Test case Id is---2
[INFO ][2016-01-18 12:47:43,724][com.java.TestType] [  487] - 2
[INFO ][2016-01-18 12:47:43,724][com.java.TestType] [  482] -  str(2) = 3
[INFO ][2016-01-18 12:47:43,724][com.java.TestType] [11314] - Looping 1TCID = 2
[DEBUG][2016-01-18 12:47:43,724][com.java.TestType] [11355] - Concept ID:2 :: Step being Executed: 2::1
[INFO ][2016-01-18 12:47:43,724][com.java.TestType] [11393] - dataFields : BNK//select[@id='bank']
[DEBUG][2016-01-18 12:47:43,724][com.java.TestType] [11399] - <In Set values of the page>
[DEBUG][2016-01-18 12:47:43,724][com.java.TestType] [11404] - {Data Fields & Data Values Exist}
[INFO ][2016-01-18 12:47:43,724][com.java.TestType] [11410] - --------------------------setting values-----------------------------
[INFO ][2016-01-18 12:47:43,724][com.java.TestType] [11413] - Action Type : Select
[INFO ][2016-01-18 12:47:43,724][com.java.TestType] [ 6140] - value = PFC
[INFO ][2016-01-18 12:47:43,915][com.java.TestType] [11432] -  RESULT true
[INFO ][2016-01-18 12:47:43,915][com.java.TestType] [11549] - ?   P A S S   ?
[DEBUG][2016-01-18 12:47:43,915][com.java.TestType] [11355] - Concept ID:2 :: Step being Executed: 2::2
[INFO ][2016-01-18 12:47:43,915][com.java.TestType] [11393] - dataFields : LNKLogout
[DEBUG][2016-01-18 12:47:43,915][com.java.TestType] [11399] - <In Set values of the page>
[DEBUG][2016-01-18 12:47:43,915][com.java.TestType] [11404] - {Data Fields & Data Values Exist}
[INFO ][2016-01-18 12:47:43,915][com.java.TestType] [11410] - --------------------------setting values-----------------------------
[INFO ][2016-01-18 12:47:43,915][com.java.TestType] [11413] - Action Type : WaitTime
[DEBUG][2016-01-18 12:47:43,915][com.java.TestType] [ 5954] - sleepTime: 5000
[INFO ][2016-01-18 12:47:48,897][com.java.TestType] [11432] -  RESULT true
[INFO ][2016-01-18 12:47:48,897][com.java.TestType] [11549] - ?   P A S S   ?
[INFO ][2016-01-18 12:47:48,897][com.java.TestType] [11620] - Looping End......
[INFO ][2016-01-18 12:47:48,901][com.java.SeleniumDriver] [  930] -  RESULT true
[INFO ][2016-01-18 12:47:48,901][com.java.SeleniumDriver] [ 1136] - ?   P A S S   ?
[INFO ][2016-01-18 12:47:48,901][com.java.SeleniumDriver] [  856] - ------------------------------------------
[INFO ][2016-01-18 12:47:48,901][com.java.SeleniumDriver] [  857] - Test case being Executed: 29
[INFO ][2016-01-18 12:47:48,901][com.java.SeleniumDriver] [  869] - Test step:4
[INFO ][2016-01-18 12:47:48,901][com.java.SeleniumDriver] [  881] - Datavalue is----------2
[INFO ][2016-01-18 12:47:48,902][com.java.SeleniumDriver] [  905] - DataField : XPH//button[contains(text(),'Add Content')]
[INFO ][2016-01-18 12:47:48,902][com.java.SeleniumDriver] [  907] - DataValue : 2
[INFO ][2016-01-18 12:47:48,902][com.java.SeleniumDriver] [  913] - <In Set values of the page>
[INFO ][2016-01-18 12:47:48,902][com.java.SeleniumDriver] [  916] - {Data Fields & Data Values Exist}
[INFO ][2016-01-18 12:47:48,902][com.java.SeleniumDriver] [  918] - --------------------------setting values-----------------------------
[INFO ][2016-01-18 12:47:48,902][com.java.SeleniumDriver] [  921] - Action Type : WAITFORELEMENT
[INFO ][2016-01-18 12:47:48,938][com.java.SeleniumDriver] [  930] -  RESULT true
[INFO ][2016-01-18 12:47:48,938][com.java.SeleniumDriver] [ 1136] - ?   P A S S   ?
[INFO ][2016-01-18 12:47:48,938][com.java.SeleniumDriver] [  856] - ------------------------------------------
[INFO ][2016-01-18 12:47:48,939][com.java.SeleniumDriver] [  857] - Test case being Executed: 29
[INFO ][2016-01-18 12:47:48,939][com.java.SeleniumDriver] [  869] - Test step:5
[INFO ][2016-01-18 12:47:48,939][com.java.SeleniumDriver] [  881] - Datavalue is----------null
[DEBUG][2016-01-18 12:47:48,939][com.java.SeleniumDriver] [  899] - Exception: null
[INFO ][2016-01-18 12:47:48,939][com.java.SeleniumDriver] [  905] - DataField : //span[@class='icon-user4']&&//ul[@id='Admin']/li[2]/a&&//ul[@id='GLMapping']/li[3]/a
[INFO ][2016-01-18 12:47:48,941][com.java.SeleniumDriver] [  907] - DataValue : 
[INFO ][2016-01-18 12:47:48,941][com.java.SeleniumDriver] [  913] - <In Set values of the page>
[INFO ][2016-01-18 12:47:48,941][com.java.SeleniumDriver] [  916] - {Data Fields & Data Values Exist}
[INFO ][2016-01-18 12:47:48,941][com.java.SeleniumDriver] [  918] - --------------------------setting values-----------------------------
[INFO ][2016-01-18 12:47:48,941][com.java.SeleniumDriver] [  921] - Action Type : mouseover
[INFO ][2016-01-18 12:48:15,733][com.java.SeleniumDriver] [  930] -  RESULT true
[INFO ][2016-01-18 12:48:15,733][com.java.SeleniumDriver] [ 1136] - ?   P A S S   ?
[INFO ][2016-01-18 12:48:15,733][com.java.SeleniumDriver] [  856] - ------------------------------------------
[INFO ][2016-01-18 12:48:15,733][com.java.SeleniumDriver] [  857] - Test case being Executed: 29
[INFO ][2016-01-18 12:48:15,733][com.java.SeleniumDriver] [  869] - Test step:6
[INFO ][2016-01-18 12:48:15,733][com.java.SeleniumDriver] [  881] - Datavalue is----------Loan Concentration
[INFO ][2016-01-18 12:48:15,733][com.java.SeleniumDriver] [  905] - DataField : XPH//span[@class='ui-dialog-title']
[INFO ][2016-01-18 12:48:15,733][com.java.SeleniumDriver] [  907] - DataValue : Loan Concentration
[INFO ][2016-01-18 12:48:15,733][com.java.SeleniumDriver] [  913] - <In Set values of the page>
[INFO ][2016-01-18 12:48:15,733][com.java.SeleniumDriver] [  916] - {Data Fields & Data Values Exist}
[INFO ][2016-01-18 12:48:15,733][com.java.SeleniumDriver] [  918] - --------------------------setting values-----------------------------
[INFO ][2016-01-18 12:48:15,733][com.java.SeleniumDriver] [  921] - Action Type : verify
[INFO ][2016-01-18 12:48:15,734][com.java.TestType] [ 7647] - field= XPH//span[@class='ui-dialog-title'] value= Loan Concentration
[INFO ][2016-01-18 12:48:15,734][com.java.TestType] [ 6140] - value = Loan Concentration
[INFO ][2016-01-18 12:48:15,860][com.java.SeleniumDriver] [  930] -  RESULT true
[INFO ][2016-01-18 12:48:15,860][com.java.SeleniumDriver] [ 1136] - ?   P A S S   ?
[INFO ][2016-01-18 12:48:15,860][com.java.SeleniumDriver] [  856] - ------------------------------------------
[INFO ][2016-01-18 12:48:15,860][com.java.SeleniumDriver] [  857] - Test case being Executed: 29
[INFO ][2016-01-18 12:48:15,860][com.java.SeleniumDriver] [  869] - Test step:7
[INFO ][2016-01-18 12:48:15,860][com.java.SeleniumDriver] [  881] - Datavalue is----------null
[DEBUG][2016-01-18 12:48:15,860][com.java.SeleniumDriver] [  899] - Exception: null
[INFO ][2016-01-18 12:48:15,860][com.java.SeleniumDriver] [  905] - DataField : BTNframeDialogContent
[INFO ][2016-01-18 12:48:15,860][com.java.SeleniumDriver] [  907] - DataValue : 
[INFO ][2016-01-18 12:48:15,860][com.java.SeleniumDriver] [  913] - <In Set values of the page>
[INFO ][2016-01-18 12:48:15,861][com.java.SeleniumDriver] [  916] - {Data Fields & Data Values Exist}
[INFO ][2016-01-18 12:48:15,861][com.java.SeleniumDriver] [  918] - --------------------------setting values-----------------------------
[INFO ][2016-01-18 12:48:15,861][com.java.SeleniumDriver] [  921] - Action Type : selectframe
[INFO ][2016-01-18 12:48:17,129][com.java.SeleniumDriver] [  930] -  RESULT true
[INFO ][2016-01-18 12:48:17,129][com.java.SeleniumDriver] [ 1136] - ?   P A S S   ?
[INFO ][2016-01-18 12:48:17,130][com.java.SeleniumDriver] [  856] - ------------------------------------------
[INFO ][2016-01-18 12:48:17,130][com.java.SeleniumDriver] [  857] - Test case being Executed: 29
[INFO ][2016-01-18 12:48:17,130][com.java.SeleniumDriver] [  869] - Test step:8
[INFO ][2016-01-18 12:48:17,130][com.java.SeleniumDriver] [  881] - Datavalue is----------null
[DEBUG][2016-01-18 12:48:17,130][com.java.SeleniumDriver] [  899] - Exception: null
[INFO ][2016-01-18 12:48:17,130][com.java.SeleniumDriver] [  905] - DataField : BTNbtnAddCategory
[INFO ][2016-01-18 12:48:17,130][com.java.SeleniumDriver] [  907] - DataValue : 
[INFO ][2016-01-18 12:48:17,130][com.java.SeleniumDriver] [  913] - <In Set values of the page>
[INFO ][2016-01-18 12:48:17,130][com.java.SeleniumDriver] [  916] - {Data Fields & Data Values Exist}
[INFO ][2016-01-18 12:48:17,130][com.java.SeleniumDriver] [  918] - --------------------------setting values-----------------------------
[INFO ][2016-01-18 12:48:17,130][com.java.SeleniumDriver] [  921] - Action Type : click
[INFO ][2016-01-18 12:48:17,130][com.java.TestType] [ 6519] - Field ::BTNbtnAddCategory
[INFO ][2016-01-18 12:48:17,130][com.java.TestType] [ 6140] - value = 
[INFO ][2016-01-18 12:48:18,130][com.java.TestType] [ 6635] - BEFORE CLICK
[INFO ][2016-01-18 12:48:19,314][com.java.TestType] [ 6642] - Unable to click the object click on Add new category button
[INFO ][2016-01-18 12:48:19,314][com.java.SeleniumDriver] [  930] -  RESULT true
[INFO ][2016-01-18 12:48:19,314][com.java.SeleniumDriver] [ 1136] - ?   P A S S   ?
[INFO ][2016-01-18 12:48:19,314][com.java.SeleniumDriver] [  856] - ------------------------------------------
[INFO ][2016-01-18 12:48:19,314][com.java.SeleniumDriver] [  857] - Test case being Executed: 29
[INFO ][2016-01-18 12:48:19,314][com.java.SeleniumDriver] [  869] - Test step:9
[INFO ][2016-01-18 12:48:19,314][com.java.SeleniumDriver] [  881] - Datavalue is----------10
[INFO ][2016-01-18 12:48:19,315][com.java.SeleniumDriver] [  905] - DataField : DSPddlGroup
[INFO ][2016-01-18 12:48:19,315][com.java.SeleniumDriver] [  907] - DataValue : 10
[INFO ][2016-01-18 12:48:19,315][com.java.SeleniumDriver] [  913] - <In Set values of the page>
[INFO ][2016-01-18 12:48:19,315][com.java.SeleniumDriver] [  916] - {Data Fields & Data Values Exist}
[INFO ][2016-01-18 12:48:19,315][com.java.SeleniumDriver] [  918] - --------------------------setting values-----------------------------
[INFO ][2016-01-18 12:48:19,315][com.java.SeleniumDriver] [  921] - Action Type : waitforelement
[INFO ][2016-01-18 12:48:20,441][com.java.SeleniumDriver] [  930] -  RESULT true
[INFO ][2016-01-18 12:48:20,441][com.java.SeleniumDriver] [ 1136] - ?   P A S S   ?
[INFO ][2016-01-18 12:48:20,441][com.java.SeleniumDriver] [  856] - ------------------------------------------
[INFO ][2016-01-18 12:48:20,441][com.java.SeleniumDriver] [  857] - Test case being Executed: 29
[INFO ][2016-01-18 12:48:20,441][com.java.SeleniumDriver] [  869] - Test step:10
[INFO ][2016-01-18 12:48:20,441][com.java.SeleniumDriver] [  881] - Datavalue is----------Primary Group
[INFO ][2016-01-18 12:48:20,441][com.java.SeleniumDriver] [  905] - DataField : MSG
[INFO ][2016-01-18 12:48:20,441][com.java.SeleniumDriver] [  907] - DataValue : Primary Group
[INFO ][2016-01-18 12:48:20,441][com.java.SeleniumDriver] [  913] - <In Set values of the page>
[INFO ][2016-01-18 12:48:20,441][com.java.SeleniumDriver] [  916] - {Data Fields & Data Values Exist}
[INFO ][2016-01-18 12:48:20,442][com.java.SeleniumDriver] [  918] - --------------------------setting values-----------------------------
[INFO ][2016-01-18 12:48:20,442][com.java.SeleniumDriver] [  921] - Action Type : verify
[INFO ][2016-01-18 12:48:20,442][com.java.TestType] [ 7647] - field= MSG value= Primary Group
[INFO ][2016-01-18 12:48:20,442][com.java.TestType] [ 6140] - value = Primary Group
[DEBUG][2016-01-18 12:48:20,442][com.java.TestType] [ 8477] - value :: Primary Group
[INFO ][2016-01-18 12:48:20,471][com.java.SeleniumDriver] [  930] -  RESULT true
[INFO ][2016-01-18 12:48:20,471][com.java.SeleniumDriver] [ 1136] - ?   P A S S   ?
[INFO ][2016-01-18 12:48:20,471][com.java.SeleniumDriver] [  856] - ------------------------------------------
[INFO ][2016-01-18 12:48:20,471][com.java.SeleniumDriver] [  857] - Test case being Executed: 29
[INFO ][2016-01-18 12:48:20,471][com.java.SeleniumDriver] [  869] - Test step:11
[INFO ][2016-01-18 12:48:20,471][com.java.SeleniumDriver] [  881] - Datavalue is----------Category
[INFO ][2016-01-18 12:48:20,471][com.java.SeleniumDriver] [  905] - DataField : MSG
[INFO ][2016-01-18 12:48:20,471][com.java.SeleniumDriver] [  907] - DataValue : Category
[INFO ][2016-01-18 12:48:20,472][com.java.SeleniumDriver] [  913] - <In Set values of the page>
[INFO ][2016-01-18 12:48:20,472][com.java.SeleniumDriver] [  916] - {Data Fields & Data Values Exist}
[INFO ][2016-01-18 12:48:20,472][com.java.SeleniumDriver] [  918] - --------------------------setting values-----------------------------
[INFO ][2016-01-18 12:48:20,472][com.java.SeleniumDriver] [  921] - Action Type : verify
[INFO ][2016-01-18 12:48:20,472][com.java.TestType] [ 7647] - field= MSG value= Category
[INFO ][2016-01-18 12:48:20,472][com.java.TestType] [ 6140] - value = Category
[DEBUG][2016-01-18 12:48:20,472][com.java.TestType] [ 8477] - value :: Category
[INFO ][2016-01-18 12:48:20,488][com.java.SeleniumDriver] [  930] -  RESULT true
[INFO ][2016-01-18 12:48:20,488][com.java.SeleniumDriver] [ 1136] - ?   P A S S   ?
[INFO ][2016-01-18 12:48:20,488][com.java.SeleniumDriver] [  856] - ------------------------------------------
[INFO ][2016-01-18 12:48:20,488][com.java.SeleniumDriver] [  857] - Test case being Executed: 29
[INFO ][2016-01-18 12:48:20,488][com.java.SeleniumDriver] [  869] - Test step:12
[INFO ][2016-01-18 12:48:20,489][com.java.SeleniumDriver] [  881] - Datavalue is----------Approved Capital %
[INFO ][2016-01-18 12:48:20,489][com.java.SeleniumDriver] [  905] - DataField : MSG
[INFO ][2016-01-18 12:48:20,489][com.java.SeleniumDriver] [  907] - DataValue : Approved Capital %
[INFO ][2016-01-18 12:48:20,489][com.java.SeleniumDriver] [  913] - <In Set values of the page>
[INFO ][2016-01-18 12:48:20,489][com.java.SeleniumDriver] [  916] - {Data Fields & Data Values Exist}
[INFO ][2016-01-18 12:48:20,489][com.java.SeleniumDriver] [  918] - --------------------------setting values-----------------------------
[INFO ][2016-01-18 12:48:20,489][com.java.SeleniumDriver] [  921] - Action Type : verify
[INFO ][2016-01-18 12:48:20,489][com.java.TestType] [ 7647] - field= MSG value= Approved Capital %
[INFO ][2016-01-18 12:48:20,489][com.java.TestType] [ 6140] - value = Approved Capital %
[DEBUG][2016-01-18 12:48:20,489][com.java.TestType] [ 8477] - value :: Approved Capital %
[INFO ][2016-01-18 12:48:20,506][com.java.SeleniumDriver] [  930] -  RESULT true
[INFO ][2016-01-18 12:48:20,506][com.java.SeleniumDriver] [ 1136] - ?   P A S S   ?
[INFO ][2016-01-18 12:48:20,506][com.java.SeleniumDriver] [  856] - ------------------------------------------
[INFO ][2016-01-18 12:48:20,506][com.java.SeleniumDriver] [  857] - Test case being Executed: 29
[INFO ][2016-01-18 12:48:20,506][com.java.SeleniumDriver] [  869] - Test step:13
[INFO ][2016-01-18 12:48:20,506][com.java.SeleniumDriver] [  881] - Datavalue is----------Approved Loan %
[INFO ][2016-01-18 12:48:20,507][com.java.SeleniumDriver] [  905] - DataField : MSG
[INFO ][2016-01-18 12:48:20,507][com.java.SeleniumDriver] [  907] - DataValue : Approved Loan %
[INFO ][2016-01-18 12:48:20,507][com.java.SeleniumDriver] [  913] - <In Set values of the page>
[INFO ][2016-01-18 12:48:20,507][com.java.SeleniumDriver] [  916] - {Data Fields & Data Values Exist}
[INFO ][2016-01-18 12:48:20,507][com.java.SeleniumDriver] [  918] - --------------------------setting values-----------------------------
[INFO ][2016-01-18 12:48:20,507][com.java.SeleniumDriver] [  921] - Action Type : verify
[INFO ][2016-01-18 12:48:20,507][com.java.TestType] [ 7647] - field= MSG value= Approved Loan %
[INFO ][2016-01-18 12:48:20,507][com.java.TestType] [ 6140] - value = Approved Loan %
[DEBUG][2016-01-18 12:48:20,507][com.java.TestType] [ 8477] - value :: Approved Loan %
[INFO ][2016-01-18 12:48:20,525][com.java.SeleniumDriver] [  930] -  RESULT true
[INFO ][2016-01-18 12:48:20,525][com.java.SeleniumDriver] [ 1136] - ?   P A S S   ?
[INFO ][2016-01-18 12:48:20,525][com.java.SeleniumDriver] [  856] - ------------------------------------------
[INFO ][2016-01-18 12:48:20,525][com.java.SeleniumDriver] [  857] - Test case being Executed: 29
[INFO ][2016-01-18 12:48:20,525][com.java.SeleniumDriver] [  869] - Test step:14
[INFO ][2016-01-18 12:48:20,525][com.java.SeleniumDriver] [  881] - Datavalue is----------2
[INFO ][2016-01-18 12:48:20,525][com.java.SeleniumDriver] [  905] - DataField : null
[INFO ][2016-01-18 12:48:20,525][com.java.SeleniumDriver] [  907] - DataValue : 2
[INFO ][2016-01-18 12:48:20,525][com.java.SeleniumDriver] [  913] - <In Set values of the page>
[INFO ][2016-01-18 12:48:20,525][com.java.SeleniumDriver] [  916] - {Data Fields & Data Values Exist}
[INFO ][2016-01-18 12:48:20,525][com.java.SeleniumDriver] [  918] - --------------------------setting values-----------------------------
[INFO ][2016-01-18 12:48:20,525][com.java.SeleniumDriver] [  921] - Action Type : waittime
[DEBUG][2016-01-18 12:48:20,526][com.java.TestType] [ 5954] - sleepTime: 2000
[INFO ][2016-01-18 12:48:22,526][com.java.SeleniumDriver] [  930] -  RESULT true
[INFO ][2016-01-18 12:48:22,526][com.java.SeleniumDriver] [ 1136] - ?   P A S S   ?
[INFO ][2016-01-18 12:48:22,526][com.java.SeleniumDriver] [  856] - ------------------------------------------
[INFO ][2016-01-18 12:48:22,526][com.java.SeleniumDriver] [  857] - Test case being Executed: 29
[INFO ][2016-01-18 12:48:22,526][com.java.SeleniumDriver] [  869] - Test step:15
[INFO ][2016-01-18 12:48:22,526][com.java.SeleniumDriver] [  881] - Datavalue is----------null
[DEBUG][2016-01-18 12:48:22,526][com.java.SeleniumDriver] [  899] - Exception: null
[INFO ][2016-01-18 12:48:22,526][com.java.SeleniumDriver] [  905] - DataField : BTNddlGroup
[INFO ][2016-01-18 12:48:22,526][com.java.SeleniumDriver] [  907] - DataValue : 
[INFO ][2016-01-18 12:48:22,527][com.java.SeleniumDriver] [  913] - <In Set values of the page>
[INFO ][2016-01-18 12:48:22,527][com.java.SeleniumDriver] [  916] - {Data Fields & Data Values Exist}
[INFO ][2016-01-18 12:48:22,527][com.java.SeleniumDriver] [  918] - --------------------------setting values-----------------------------
[INFO ][2016-01-18 12:48:22,527][com.java.SeleniumDriver] [  921] - Action Type : click
[INFO ][2016-01-18 12:48:22,527][com.java.TestType] [ 6519] - Field ::BTNddlGroup
[INFO ][2016-01-18 12:48:22,527][com.java.TestType] [ 6140] - value = 
[INFO ][2016-01-18 12:48:23,527][com.java.TestType] [ 6635] - BEFORE CLICK
[INFO ][2016-01-18 12:48:24,711][com.java.TestType] [ 6642] - Unable to click the object Click on Primary Group
[INFO ][2016-01-18 12:48:24,711][com.java.SeleniumDriver] [  930] -  RESULT true
[INFO ][2016-01-18 12:48:24,711][com.java.SeleniumDriver] [ 1136] - ?   P A S S   ?
[INFO ][2016-01-18 12:48:24,711][com.java.SeleniumDriver] [  856] - ------------------------------------------
[INFO ][2016-01-18 12:48:24,711][com.java.SeleniumDriver] [  857] - Test case being Executed: 29
[INFO ][2016-01-18 12:48:24,711][com.java.SeleniumDriver] [  869] - Test step:16
[INFO ][2016-01-18 12:48:24,711][com.java.SeleniumDriver] [  881] - Datavalue is----------index:1
[INFO ][2016-01-18 12:48:24,711][com.java.SeleniumDriver] [  905] - DataField : COBddlGroup
[INFO ][2016-01-18 12:48:24,711][com.java.SeleniumDriver] [  907] - DataValue : index:1
[INFO ][2016-01-18 12:48:24,711][com.java.SeleniumDriver] [  913] - <In Set values of the page>
[INFO ][2016-01-18 12:48:24,711][com.java.SeleniumDriver] [  916] - {Data Fields & Data Values Exist}
[INFO ][2016-01-18 12:48:24,712][com.java.SeleniumDriver] [  918] - --------------------------setting values-----------------------------
[INFO ][2016-01-18 12:48:24,712][com.java.SeleniumDriver] [  921] - Action Type : select
[INFO ][2016-01-18 12:48:24,712][com.java.TestType] [ 6140] - value = 1
[INFO ][2016-01-18 12:48:25,819][com.java.TestType] [ 6258] -  In COB ddlGroup : 1
[INFO ][2016-01-18 12:48:25,980][com.java.SeleniumDriver] [  930] -  RESULT true
[INFO ][2016-01-18 12:48:25,980][com.java.SeleniumDriver] [ 1136] - ?   P A S S   ?
[INFO ][2016-01-18 12:48:25,980][com.java.SeleniumDriver] [  856] - ------------------------------------------
[INFO ][2016-01-18 12:48:25,980][com.java.SeleniumDriver] [  857] - Test case being Executed: 29
[INFO ][2016-01-18 12:48:25,980][com.java.SeleniumDriver] [  869] - Test step:17
[INFO ][2016-01-18 12:48:25,980][com.java.SeleniumDriver] [  881] - Datavalue is----------valuethetime
[INFO ][2016-01-18 12:48:25,980][com.java.SeleniumDriver] [  905] - DataField : TXTtxtCategoryName
[INFO ][2016-01-18 12:48:25,981][com.java.SeleniumDriver] [  907] - DataValue : valuethetime
[INFO ][2016-01-18 12:48:25,981][com.java.SeleniumDriver] [  913] - <In Set values of the page>
[INFO ][2016-01-18 12:48:25,981][com.java.SeleniumDriver] [  916] - {Data Fields & Data Values Exist}
[INFO ][2016-01-18 12:48:25,981][com.java.SeleniumDriver] [  918] - --------------------------setting values-----------------------------
[INFO ][2016-01-18 12:48:25,981][com.java.SeleniumDriver] [  921] - Action Type : clearandenter
[INFO ][2016-01-18 12:48:27,126][com.java.TestType] [ 6140] - value = valuethetime
[INFO ][2016-01-18 12:48:28,317][com.java.SeleniumDriver] [  930] -  RESULT true
[INFO ][2016-01-18 12:48:28,317][com.java.SeleniumDriver] [ 1136] - ?   P A S S   ?
[INFO ][2016-01-18 12:48:28,317][com.java.SeleniumDriver] [  856] - ------------------------------------------
[INFO ][2016-01-18 12:48:28,317][com.java.SeleniumDriver] [  857] - Test case being Executed: 29
[INFO ][2016-01-18 12:48:28,317][com.java.SeleniumDriver] [  869] - Test step:18
[INFO ][2016-01-18 12:48:28,317][com.java.SeleniumDriver] [  881] - Datavalue is----------1
[INFO ][2016-01-18 12:48:28,317][com.java.SeleniumDriver] [  905] - DataField : null
[INFO ][2016-01-18 12:48:28,318][com.java.SeleniumDriver] [  907] - DataValue : 1
[INFO ][2016-01-18 12:48:28,318][com.java.SeleniumDriver] [  913] - <In Set values of the page>
[INFO ][2016-01-18 12:48:28,318][com.java.SeleniumDriver] [  916] - {Data Fields & Data Values Exist}
[INFO ][2016-01-18 12:48:28,318][com.java.SeleniumDriver] [  918] - --------------------------setting values-----------------------------
[INFO ][2016-01-18 12:48:28,318][com.java.SeleniumDriver] [  921] - Action Type : waittime
[DEBUG][2016-01-18 12:48:28,318][com.java.TestType] [ 5954] - sleepTime: 1000
[INFO ][2016-01-18 12:48:29,345][com.java.SeleniumDriver] [  930] -  RESULT true
[INFO ][2016-01-18 12:48:29,345][com.java.SeleniumDriver] [ 1136] - ?   P A S S   ?
[INFO ][2016-01-18 12:48:29,345][com.java.SeleniumDriver] [  856] - ------------------------------------------
[INFO ][2016-01-18 12:48:29,345][com.java.SeleniumDriver] [  857] - Test case being Executed: 29
[INFO ][2016-01-18 12:48:29,345][com.java.SeleniumDriver] [  869] - Test step:19
[INFO ][2016-01-18 12:48:29,345][com.java.SeleniumDriver] [  881] - Datavalue is----------Description
[INFO ][2016-01-18 12:48:29,345][com.java.SeleniumDriver] [  905] - DataField : TXTtxtCategoryName
[INFO ][2016-01-18 12:48:29,345][com.java.SeleniumDriver] [  907] - DataValue : Description
[INFO ][2016-01-18 12:48:29,345][com.java.SeleniumDriver] [  913] - <In Set values of the page>
[INFO ][2016-01-18 12:48:29,345][com.java.SeleniumDriver] [  916] - {Data Fields & Data Values Exist}
[INFO ][2016-01-18 12:48:29,345][com.java.SeleniumDriver] [  918] - --------------------------setting values-----------------------------
[INFO ][2016-01-18 12:48:29,345][com.java.SeleniumDriver] [  921] - Action Type : storevalue
[INFO ][2016-01-18 12:48:29,345][com.java.TestType] [ 9074] - field= TXTtxtCategoryName
[DEBUG][2016-01-18 12:48:30,407][com.java.TestType] [ 9088] - Key:: Description  Value:: valuethetime
[INFO ][2016-01-18 12:48:30,407][com.java.SeleniumDriver] [  930] -  RESULT true
[INFO ][2016-01-18 12:48:30,408][com.java.SeleniumDriver] [ 1136] - ?   P A S S   ?
[INFO ][2016-01-18 12:48:30,408][com.java.SeleniumDriver] [  856] - ------------------------------------------
[INFO ][2016-01-18 12:48:30,408][com.java.SeleniumDriver] [  857] - Test case being Executed: 29
[INFO ][2016-01-18 12:48:30,408][com.java.SeleniumDriver] [  869] - Test step:20
[INFO ][2016-01-18 12:48:30,408][com.java.SeleniumDriver] [  881] - Datavalue is----------50
[INFO ][2016-01-18 12:48:30,408][com.java.SeleniumDriver] [  905] - DataField : TXTtxtAppsPerc
[INFO ][2016-01-18 12:48:30,408][com.java.SeleniumDriver] [  907] - DataValue : 50
[INFO ][2016-01-18 12:48:30,408][com.java.SeleniumDriver] [  913] - <In Set values of the page>
[INFO ][2016-01-18 12:48:30,408][com.java.SeleniumDriver] [  916] - {Data Fields & Data Values Exist}
[INFO ][2016-01-18 12:48:30,408][com.java.SeleniumDriver] [  918] - --------------------------setting values-----------------------------
[INFO ][2016-01-18 12:48:30,408][com.java.SeleniumDriver] [  921] - Action Type : clearandenter
[INFO ][2016-01-18 12:48:31,572][com.java.TestType] [ 6140] - value = 50
[INFO ][2016-01-18 12:48:32,748][com.java.SeleniumDriver] [  930] -  RESULT true
[INFO ][2016-01-18 12:48:32,748][com.java.SeleniumDriver] [ 1136] - ?   P A S S   ?
[INFO ][2016-01-18 12:48:32,748][com.java.SeleniumDriver] [  856] - ------------------------------------------
[INFO ][2016-01-18 12:48:32,748][com.java.SeleniumDriver] [  857] - Test case being Executed: 29
[INFO ][2016-01-18 12:48:32,748][com.java.SeleniumDriver] [  869] - Test step:21
[INFO ][2016-01-18 12:48:32,748][com.java.SeleniumDriver] [  881] - Datavalue is----------50
[INFO ][2016-01-18 12:48:32,748][com.java.SeleniumDriver] [  905] - DataField : TXTtxtLoansPerc
[INFO ][2016-01-18 12:48:32,748][com.java.SeleniumDriver] [  907] - DataValue : 50
[INFO ][2016-01-18 12:48:32,748][com.java.SeleniumDriver] [  913] - <In Set values of the page>
[INFO ][2016-01-18 12:48:32,748][com.java.SeleniumDriver] [  916] - {Data Fields & Data Values Exist}
[INFO ][2016-01-18 12:48:32,748][com.java.SeleniumDriver] [  918] - --------------------------setting values-----------------------------
[INFO ][2016-01-18 12:48:32,748][com.java.SeleniumDriver] [  921] - Action Type : clearandenter
[INFO ][2016-01-18 12:48:33,862][com.java.TestType] [ 6140] - value = 50
[INFO ][2016-01-18 12:48:35,018][com.java.SeleniumDriver] [  930] -  RESULT true
[INFO ][2016-01-18 12:48:35,018][com.java.SeleniumDriver] [ 1136] - ?   P A S S   ?
[INFO ][2016-01-18 12:48:35,018][com.java.SeleniumDriver] [  856] - ------------------------------------------
[INFO ][2016-01-18 12:48:35,018][com.java.SeleniumDriver] [  857] - Test case being Executed: 29
[INFO ][2016-01-18 12:48:35,020][com.java.SeleniumDriver] [  869] - Test step:22
[INFO ][2016-01-18 12:48:35,020][com.java.SeleniumDriver] [  881] - Datavalue is----------null
[DEBUG][2016-01-18 12:48:35,020][com.java.SeleniumDriver] [  899] - Exception: null
[INFO ][2016-01-18 12:48:35,020][com.java.SeleniumDriver] [  905] - DataField : BTNparent
[INFO ][2016-01-18 12:48:35,020][com.java.SeleniumDriver] [  907] - DataValue : 
[INFO ][2016-01-18 12:48:35,020][com.java.SeleniumDriver] [  913] - <In Set values of the page>
[INFO ][2016-01-18 12:48:35,020][com.java.SeleniumDriver] [  916] - {Data Fields & Data Values Exist}
[INFO ][2016-01-18 12:48:35,020][com.java.SeleniumDriver] [  918] - --------------------------setting values-----------------------------
[INFO ][2016-01-18 12:48:35,021][com.java.SeleniumDriver] [  921] - Action Type : selectframe
[INFO ][2016-01-18 12:48:35,036][com.java.SeleniumDriver] [  930] -  RESULT true
[INFO ][2016-01-18 12:48:35,036][com.java.SeleniumDriver] [ 1136] - ?   P A S S   ?
[INFO ][2016-01-18 12:48:35,036][com.java.SeleniumDriver] [  856] - ------------------------------------------
[INFO ][2016-01-18 12:48:35,036][com.java.SeleniumDriver] [  857] - Test case being Executed: 29
[INFO ][2016-01-18 12:48:35,036][com.java.SeleniumDriver] [  869] - Test step:23
[INFO ][2016-01-18 12:48:35,036][com.java.SeleniumDriver] [  881] - Datavalue is----------null
[DEBUG][2016-01-18 12:48:35,036][com.java.SeleniumDriver] [  899] - Exception: null
[INFO ][2016-01-18 12:48:35,036][com.java.SeleniumDriver] [  905] - DataField : XPH//span[contains(text(),'Finished')]
[INFO ][2016-01-18 12:48:35,037][com.java.SeleniumDriver] [  907] - DataValue : 
[INFO ][2016-01-18 12:48:35,037][com.java.SeleniumDriver] [  913] - <In Set values of the page>
[INFO ][2016-01-18 12:48:35,037][com.java.SeleniumDriver] [  916] - {Data Fields & Data Values Exist}
[INFO ][2016-01-18 12:48:35,037][com.java.SeleniumDriver] [  918] - --------------------------setting values-----------------------------
[INFO ][2016-01-18 12:48:35,037][com.java.SeleniumDriver] [  921] - Action Type : click
[INFO ][2016-01-18 12:48:35,037][com.java.TestType] [ 6519] - Field ::XPH//span[contains(text(),'Finished')]
[INFO ][2016-01-18 12:48:35,037][com.java.TestType] [ 6140] - value = 
[INFO ][2016-01-18 12:48:36,037][com.java.TestType] [ 6656] - BEFORE CLICK
[INFO ][2016-01-18 12:48:37,808][com.java.TestType] [ 6664] - Unable to click the object click on finished button
[INFO ][2016-01-18 12:48:37,808][com.java.SeleniumDriver] [  930] -  RESULT true
[INFO ][2016-01-18 12:48:37,808][com.java.SeleniumDriver] [ 1136] - ?   P A S S   ?
[INFO ][2016-01-18 12:48:37,808][com.java.SeleniumDriver] [  856] - ------------------------------------------
[INFO ][2016-01-18 12:48:37,808][com.java.SeleniumDriver] [  857] - Test case being Executed: 29
[INFO ][2016-01-18 12:48:37,808][com.java.SeleniumDriver] [  869] - Test step:24
[INFO ][2016-01-18 12:48:37,808][com.java.SeleniumDriver] [  881] - Datavalue is----------null
[DEBUG][2016-01-18 12:48:37,808][com.java.SeleniumDriver] [  899] - Exception: null
[INFO ][2016-01-18 12:48:37,808][com.java.SeleniumDriver] [  905] - DataField : BTNframeDialogContent
[INFO ][2016-01-18 12:48:37,808][com.java.SeleniumDriver] [  907] - DataValue : 
[INFO ][2016-01-18 12:48:37,809][com.java.SeleniumDriver] [  913] - <In Set values of the page>
[INFO ][2016-01-18 12:48:37,809][com.java.SeleniumDriver] [  916] - {Data Fields & Data Values Exist}
[INFO ][2016-01-18 12:48:37,809][com.java.SeleniumDriver] [  918] - --------------------------setting values-----------------------------
[INFO ][2016-01-18 12:48:37,809][com.java.SeleniumDriver] [  921] - Action Type : selectframe
[INFO ][2016-01-18 12:48:39,076][com.java.SeleniumDriver] [  930] -  RESULT true
[INFO ][2016-01-18 12:48:39,076][com.java.SeleniumDriver] [ 1136] - ?   P A S S   ?
[INFO ][2016-01-18 12:48:39,076][com.java.SeleniumDriver] [  856] - ------------------------------------------
[INFO ][2016-01-18 12:48:39,077][com.java.SeleniumDriver] [  857] - Test case being Executed: 29
[INFO ][2016-01-18 12:48:39,077][com.java.SeleniumDriver] [  869] - Test step:25
[INFO ][2016-01-18 12:48:39,077][com.java.SeleniumDriver] [  881] - Datavalue is----------10
[INFO ][2016-01-18 12:48:39,077][com.java.SeleniumDriver] [  905] - DataField : XPH//td[contains(text(),'valuethetime')]/following::span[2]
[INFO ][2016-01-18 12:48:39,077][com.java.SeleniumDriver] [  907] - DataValue : 10
[INFO ][2016-01-18 12:48:39,077][com.java.SeleniumDriver] [  913] - <In Set values of the page>
[INFO ][2016-01-18 12:48:39,077][com.java.SeleniumDriver] [  916] - {Data Fields & Data Values Exist}
[INFO ][2016-01-18 12:48:39,077][com.java.SeleniumDriver] [  918] - --------------------------setting values-----------------------------
[INFO ][2016-01-18 12:48:39,077][com.java.SeleniumDriver] [  921] - Action Type : waitforelement
[INFO ][2016-01-18 12:48:39,112][com.java.SeleniumDriver] [  930] -  RESULT true
[INFO ][2016-01-18 12:48:39,112][com.java.SeleniumDriver] [ 1136] - ?   P A S S   ?
[INFO ][2016-01-18 12:48:39,112][com.java.SeleniumDriver] [  856] - ------------------------------------------
[INFO ][2016-01-18 12:48:39,113][com.java.SeleniumDriver] [  857] - Test case being Executed: 29
[INFO ][2016-01-18 12:48:39,113][com.java.SeleniumDriver] [  869] - Test step:26
[INFO ][2016-01-18 12:48:39,113][com.java.SeleniumDriver] [  881] - Datavalue is----------null
[DEBUG][2016-01-18 12:48:39,113][com.java.SeleniumDriver] [  899] - Exception: null
[INFO ][2016-01-18 12:48:39,113][com.java.SeleniumDriver] [  905] - DataField : XPH//td[contains(text(),'valuethetime')]/following::span[2]
[INFO ][2016-01-18 12:48:39,113][com.java.SeleniumDriver] [  907] - DataValue : 
[INFO ][2016-01-18 12:48:39,113][com.java.SeleniumDriver] [  913] - <In Set values of the page>
[INFO ][2016-01-18 12:48:39,113][com.java.SeleniumDriver] [  916] - {Data Fields & Data Values Exist}
[INFO ][2016-01-18 12:48:39,113][com.java.SeleniumDriver] [  918] - --------------------------setting values-----------------------------
[INFO ][2016-01-18 12:48:39,113][com.java.SeleniumDriver] [  921] - Action Type : click
[INFO ][2016-01-18 12:48:39,113][com.java.TestType] [ 6519] - Field ::XPH//td[contains(text(),'valuethetime')]/following::span[2]
[INFO ][2016-01-18 12:48:39,113][com.java.TestType] [ 6140] - value = 
[INFO ][2016-01-18 12:48:40,113][com.java.TestType] [ 6656] - BEFORE CLICK
[INFO ][2016-01-18 12:48:40,858][com.java.TestType] [ 6664] - Unable to click the object click on edit button
[INFO ][2016-01-18 12:48:40,858][com.java.SeleniumDriver] [  930] -  RESULT true
[INFO ][2016-01-18 12:48:40,858][com.java.SeleniumDriver] [ 1136] - ?   P A S S   ?
[INFO ][2016-01-18 12:48:40,858][com.java.SeleniumDriver] [  856] - ------------------------------------------
[INFO ][2016-01-18 12:48:40,858][com.java.SeleniumDriver] [  857] - Test case being Executed: 29
[INFO ][2016-01-18 12:48:40,858][com.java.SeleniumDriver] [  869] - Test step:27
[INFO ][2016-01-18 12:48:40,858][com.java.SeleniumDriver] [  881] - Datavalue is----------10
[INFO ][2016-01-18 12:48:40,858][com.java.SeleniumDriver] [  905] - DataField : BTNulAcct_From
[INFO ][2016-01-18 12:48:40,858][com.java.SeleniumDriver] [  907] - DataValue : 10
[INFO ][2016-01-18 12:48:40,858][com.java.SeleniumDriver] [  913] - <In Set values of the page>
[INFO ][2016-01-18 12:48:40,858][com.java.SeleniumDriver] [  916] - {Data Fields & Data Values Exist}
[INFO ][2016-01-18 12:48:40,858][com.java.SeleniumDriver] [  918] - --------------------------setting values-----------------------------
[INFO ][2016-01-18 12:48:40,858][com.java.SeleniumDriver] [  921] - Action Type : waitforelement
[INFO ][2016-01-18 12:48:41,922][com.java.SeleniumDriver] [  930] -  RESULT true
[INFO ][2016-01-18 12:48:41,922][com.java.SeleniumDriver] [ 1136] - ?   P A S S   ?
[INFO ][2016-01-18 12:48:41,924][com.java.SeleniumDriver] [  856] - ------------------------------------------
[INFO ][2016-01-18 12:48:41,924][com.java.SeleniumDriver] [  857] - Test case being Executed: 29
[INFO ][2016-01-18 12:48:41,924][com.java.SeleniumDriver] [  869] - Test step:28
[INFO ][2016-01-18 12:48:41,924][com.java.SeleniumDriver] [  881] - Datavalue is----------//ul[@id='ulAcct_To']
[INFO ][2016-01-18 12:48:41,924][com.java.SeleniumDriver] [  905] - DataField : //ul[@id='ulAcct_From']/li[2]
[INFO ][2016-01-18 12:48:41,924][com.java.SeleniumDriver] [  907] - DataValue : //ul[@id='ulAcct_To']
[INFO ][2016-01-18 12:48:41,924][com.java.SeleniumDriver] [  913] - <In Set values of the page>
[INFO ][2016-01-18 12:48:41,924][com.java.SeleniumDriver] [  916] - {Data Fields & Data Values Exist}
[INFO ][2016-01-18 12:48:41,924][com.java.SeleniumDriver] [  918] - --------------------------setting values-----------------------------
[INFO ][2016-01-18 12:48:41,924][com.java.SeleniumDriver] [  921] - Action Type : draganddrop
[DEBUG][2016-01-18 12:49:02,429][com.java.TestType] [  902] - Unable to perform action//ul[@id='ulAcct_From']/li[2]
[ERROR][2016-01-18 12:49:02,429][com.java.TestType] [  903] - Exception: null
[INFO ][2016-01-18 12:49:02,429][com.java.SeleniumDriver] [  930] -  RESULT false
[INFO ][2016-01-18 12:49:02,429][com.java.SeleniumDriver] [  977] - ?   F A I L   ?
[INFO ][2016-01-18 12:49:02,429][com.java.SeleniumDriver] [  985] - Browser Type : IE10
[INFO ][2016-01-18 12:49:02,429][com.java.SeleniumDriver] [  986] - Adding Failed case29
[DEBUG][2016-01-18 12:49:03,376][com.java.SeleniumDriver] [ 1054] -  tdd.getCondition() IF:29:Next
[INFO ][2016-01-18 12:49:03,376][com.java.SeleniumDriver] [ 1058] - Continue next step...
[INFO ][2016-01-18 12:49:03,376][com.java.SeleniumDriver] [  856] - ------------------------------------------
[INFO ][2016-01-18 12:49:03,376][com.java.SeleniumDriver] [  857] - Test case being Executed: 29
[INFO ][2016-01-18 12:49:03,376][com.java.SeleniumDriver] [  869] - Test step:29
[INFO ][2016-01-18 12:49:03,377][com.java.SeleniumDriver] [  881] - Datavalue is----------//ul[@id='ulAcct_From']
[INFO ][2016-01-18 12:49:03,377][com.java.SeleniumDriver] [  905] - DataField : //ul[@id='ulAcct_To']/li[1]
[INFO ][2016-01-18 12:49:03,377][com.java.SeleniumDriver] [  907] - DataValue : //ul[@id='ulAcct_From']
[INFO ][2016-01-18 12:49:03,377][com.java.SeleniumDriver] [  913] - <In Set values of the page>
[INFO ][2016-01-18 12:49:03,377][com.java.SeleniumDriver] [  916] - {Data Fields & Data Values Exist}
[INFO ][2016-01-18 12:49:03,377][com.java.SeleniumDriver] [  918] - --------------------------setting values-----------------------------
[INFO ][2016-01-18 12:49:03,377][com.java.SeleniumDriver] [  921] - Action Type : draganddrop
[DEBUG][2016-01-18 12:49:05,608][com.java.TestType] [  902] - Unable to perform action//ul[@id='ulAcct_To']/li[1]
[ERROR][2016-01-18 12:49:05,608][com.java.TestType] [  903] - Exception: null
[INFO ][2016-01-18 12:49:05,608][com.java.SeleniumDriver] [  930] -  RESULT false
[INFO ][2016-01-18 12:49:05,608][com.java.SeleniumDriver] [  977] - ?   F A I L   ?
[INFO ][2016-01-18 12:49:05,608][com.java.SeleniumDriver] [  985] - Browser Type : IE10
[INFO ][2016-01-18 12:49:05,608][com.java.SeleniumDriver] [  986] - Adding Failed case29
[WARN ][2016-01-18 12:49:05,624][com.java.SeleniumDriver] [ 1046] - Source 'D:\BankersDashboard\TestReports\011816' exists but is a directory
[INFO ][2016-01-18 12:49:05,624][com.java.SeleniumDriver] [ 1100] - failedCases = 29
[ERROR][2016-01-18 12:49:05,625][com.java.SeleniumDriver] [ 1599] - Platform Errors : Our apologies...::We have encountered an issue with your request.::Our apologies?:We encountered an issue with your request.
[INFO ][2016-01-18 12:49:05,625][com.java.SeleniumDriver] [ 1603] - Length =3
[ERROR][2016-01-18 12:49:05,625][com.java.SeleniumDriver] [ 1606] - Error 0 = Our apologies...
[ERROR][2016-01-18 12:49:05,641][com.java.SeleniumDriver] [ 1620] - Unable to get browser (WARNING: The server did not provide any stacktrace information)
Command duration or timeout: 15 milliseconds
Build info: version: '2.48.2', revision: '41bccdd', time: '2015-10-09 19:59:12'
System info: host: 'FVTIII438F1D', ip: '172.17.68.34', os.name: 'Windows 7', os.arch: 'x86', os.version: '6.1', java.version: '1.7.0_55'
Session ID: 1f1b2ed8-a620-43ee-98a9-5b0fc4ab9968
Driver info: org.openqa.selenium.ie.InternetExplorerDriver
Capabilities [{platform=WINDOWS, javascriptEnabled=true, elementScrollBehavior=0, ignoreZoomSetting=false, enablePersistentHover=true, ie.ensureCleanSession=false, browserName=internet explorer, enableElementCacheCleanup=true, unexpectedAlertBehaviour=dismiss, version=10, ie.usePerProcessProxy=false, ignoreProtectedModeSettings=true, cssSelectorsEnabled=true, requireWindowFocus=false, initialBrowserUrl=http://localhost:18358/, handlesAlerts=true, ie.forceCreateProcessApi=false, nativeEvents=true, browserAttachTimeout=0, ie.browserCommandLineSwitches=, takesScreenshot=true}]
[INFO ][2016-01-18 12:49:05,642][com.java.SeleniumDriver] [ 1622] - FindPlatformErrors exception: Unable to get browser (WARNING: The server did not provide any stacktrace information)
Command duration or timeout: 15 milliseconds
Build info: version: '2.48.2', revision: '41bccdd', time: '2015-10-09 19:59:12'
System info: host: 'FVTIII438F1D', ip: '172.17.68.34', os.name: 'Windows 7', os.arch: 'x86', os.version: '6.1', java.version: '1.7.0_55'
Session ID: 1f1b2ed8-a620-43ee-98a9-5b0fc4ab9968
Driver info: org.openqa.selenium.ie.InternetExplorerDriver
Capabilities [{platform=WINDOWS, javascriptEnabled=true, elementScrollBehavior=0, ignoreZoomSetting=false, enablePersistentHover=true, ie.ensureCleanSession=false, browserName=internet explorer, enableElementCacheCleanup=true, unexpectedAlertBehaviour=dismiss, version=10, ie.usePerProcessProxy=false, ignoreProtectedModeSettings=true, cssSelectorsEnabled=true, requireWindowFocus=false, initialBrowserUrl=http://localhost:18358/, handlesAlerts=true, ie.forceCreateProcessApi=false, nativeEvents=true, browserAttachTimeout=0, ie.browserCommandLineSwitches=, takesScreenshot=true}]
[DEBUG][2016-01-18 12:49:05,642][com.java.SeleniumDriver] [ 1624] - Unable to get the Platform Error list from Hash Map.
[ERROR][2016-01-18 12:49:05,657][com.java.SeleniumDriver] [ 1218] - Unable to get browser (WARNING: The server did not provide any stacktrace information)
Command duration or timeout: 15 milliseconds
Build info: version: '2.48.2', revision: '41bccdd', time: '2015-10-09 19:59:12'
System info: host: 'FVTIII438F1D', ip: '172.17.68.34', os.name: 'Windows 7', os.arch: 'x86', os.version: '6.1', java.version: '1.7.0_55'
Session ID: 1f1b2ed8-a620-43ee-98a9-5b0fc4ab9968
Driver info: org.openqa.selenium.ie.InternetExplorerDriver
Capabilities [{platform=WINDOWS, javascriptEnabled=true, elementScrollBehavior=0, ignoreZoomSetting=false, enablePersistentHover=true, ie.ensureCleanSession=false, browserName=internet explorer, enableElementCacheCleanup=true, unexpectedAlertBehaviour=dismiss, version=10, ie.usePerProcessProxy=false, ignoreProtectedModeSettings=true, cssSelectorsEnabled=true, requireWindowFocus=false, initialBrowserUrl=http://localhost:18358/, handlesAlerts=true, ie.forceCreateProcessApi=false, nativeEvents=true, browserAttachTimeout=0, ie.browserCommandLineSwitches=, takesScreenshot=true}]
[INFO ][2016-01-18 12:49:05,658][com.java.SeleniumDriver] [  856] - ------------------------------------------
[INFO ][2016-01-18 12:49:05,658][com.java.SeleniumDriver] [  857] - Test case being Executed: 29
[INFO ][2016-01-18 12:49:05,658][com.java.SeleniumDriver] [  869] - Test step:30
[INFO ][2016-01-18 12:49:05,658][com.java.SeleniumDriver] [  881] - Datavalue is----------//ul[@id='ulAcct_From']
[INFO ][2016-01-18 12:49:05,658][com.java.SeleniumDriver] [  905] - DataField : //ul[@id='ulAcct_To']/li[2]
[INFO ][2016-01-18 12:49:05,658][com.java.SeleniumDriver] [  907] - DataValue : //ul[@id='ulAcct_From']
[INFO ][2016-01-18 12:49:05,659][com.java.SeleniumDriver] [  913] - <In Set values of the page>
[INFO ][2016-01-18 12:49:05,659][com.java.SeleniumDriver] [  916] - {Data Fields & Data Values Exist}
[INFO ][2016-01-18 12:49:05,659][com.java.SeleniumDriver] [  918] - --------------------------setting values-----------------------------
[INFO ][2016-01-18 12:49:05,659][com.java.SeleniumDriver] [  921] - Action Type : draganddrop
[DEBUG][2016-01-18 12:49:05,676][com.java.TestType] [  902] - Unable to perform action//ul[@id='ulAcct_To']/li[2]
[ERROR][2016-01-18 12:49:05,676][com.java.TestType] [  903] - Exception: null
[INFO ][2016-01-18 12:49:05,676][com.java.SeleniumDriver] [  930] -  RESULT false
[INFO ][2016-01-18 12:49:05,676][com.java.SeleniumDriver] [  977] - ?   F A I L   ?
[INFO ][2016-01-18 12:49:05,676][com.java.SeleniumDriver] [  985] - Browser Type : IE10
[INFO ][2016-01-18 12:49:05,676][com.java.SeleniumDriver] [  986] - Adding Failed case29
[WARN ][2016-01-18 12:49:05,693][com.java.SeleniumDriver] [ 1046] - Source 'D:\BankersDashboard\TestReports\011816' exists but is a directory
[INFO ][2016-01-18 12:49:05,693][com.java.SeleniumDriver] [ 1100] - failedCases = 29,29
[ERROR][2016-01-18 12:49:05,693][com.java.SeleniumDriver] [ 1599] - Platform Errors : Our apologies...::We have encountered an issue with your request.::Our apologies?:We encountered an issue with your request.
[INFO ][2016-01-18 12:49:05,693][com.java.SeleniumDriver] [ 1603] - Length =3
[ERROR][2016-01-18 12:49:05,693][com.java.SeleniumDriver] [ 1606] - Error 0 = Our apologies...
[ERROR][2016-01-18 12:49:05,708][com.java.SeleniumDriver] [ 1620] - Unable to get browser (WARNING: The server did not provide any stacktrace information)
Command duration or timeout: 15 milliseconds
Build info: version: '2.48.2', revision: '41bccdd', time: '2015-10-09 19:59:12'
System info: host: 'FVTIII438F1D', ip: '172.17.68.34', os.name: 'Windows 7', os.arch: 'x86', os.version: '6.1', java.version: '1.7.0_55'
Session ID: 1f1b2ed8-a620-43ee-98a9-5b0fc4ab9968
Driver info: org.openqa.selenium.ie.InternetExplorerDriver
Capabilities [{platform=WINDOWS, javascriptEnabled=true, elementScrollBehavior=0, ignoreZoomSetting=false, enablePersistentHover=true, ie.ensureCleanSession=false, browserName=internet explorer, enableElementCacheCleanup=true, unexpectedAlertBehaviour=dismiss, version=10, ie.usePerProcessProxy=false, ignoreProtectedModeSettings=true, cssSelectorsEnabled=true, requireWindowFocus=false, initialBrowserUrl=http://localhost:18358/, handlesAlerts=true, ie.forceCreateProcessApi=false, nativeEvents=true, browserAttachTimeout=0, ie.browserCommandLineSwitches=, takesScreenshot=true}]
[INFO ][2016-01-18 12:49:05,709][com.java.SeleniumDriver] [ 1622] - FindPlatformErrors exception: Unable to get browser (WARNING: The server did not provide any stacktrace information)
Command duration or timeout: 15 milliseconds
Build info: version: '2.48.2', revision: '41bccdd', time: '2015-10-09 19:59:12'
System info: host: 'FVTIII438F1D', ip: '172.17.68.34', os.name: 'Windows 7', os.arch: 'x86', os.version: '6.1', java.version: '1.7.0_55'
Session ID: 1f1b2ed8-a620-43ee-98a9-5b0fc4ab9968
Driver info: org.openqa.selenium.ie.InternetExplorerDriver
Capabilities [{platform=WINDOWS, javascriptEnabled=true, elementScrollBehavior=0, ignoreZoomSetting=false, enablePersistentHover=true, ie.ensureCleanSession=false, browserName=internet explorer, enableElementCacheCleanup=true, unexpectedAlertBehaviour=dismiss, version=10, ie.usePerProcessProxy=false, ignoreProtectedModeSettings=true, cssSelectorsEnabled=true, requireWindowFocus=false, initialBrowserUrl=http://localhost:18358/, handlesAlerts=true, ie.forceCreateProcessApi=false, nativeEvents=true, browserAttachTimeout=0, ie.browserCommandLineSwitches=, takesScreenshot=true}]
[DEBUG][2016-01-18 12:49:05,709][com.java.SeleniumDriver] [ 1624] - Unable to get the Platform Error list from Hash Map.
[ERROR][2016-01-18 12:49:05,724][com.java.SeleniumDriver] [ 1218] - Unable to get browser (WARNING: The server did not provide any stacktrace information)
Command duration or timeout: 15 milliseconds
Build info: version: '2.48.2', revision: '41bccdd', time: '2015-10-09 19:59:12'
System info: host: 'FVTIII438F1D', ip: '172.17.68.34', os.name: 'Windows 7', os.arch: 'x86', os.version: '6.1', java.version: '1.7.0_55'
Session ID: 1f1b2ed8-a620-43ee-98a9-5b0fc4ab9968
Driver info: org.openqa.selenium.ie.InternetExplorerDriver
Capabilities [{platform=WINDOWS, javascriptEnabled=true, elementScrollBehavior=0, ignoreZoomSetting=false, enablePersistentHover=true, ie.ensureCleanSession=false, browserName=internet explorer, enableElementCacheCleanup=true, unexpectedAlertBehaviour=dismiss, version=10, ie.usePerProcessProxy=false, ignoreProtectedModeSettings=true, cssSelectorsEnabled=true, requireWindowFocus=false, initialBrowserUrl=http://localhost:18358/, handlesAlerts=true, ie.forceCreateProcessApi=false, nativeEvents=true, browserAttachTimeout=0, ie.browserCommandLineSwitches=, takesScreenshot=true}]
[INFO ][2016-01-18 12:49:05,725][com.java.SeleniumDriver] [  856] - ------------------------------------------
[INFO ][2016-01-18 12:49:05,725][com.java.SeleniumDriver] [  857] - Test case being Executed: 29
[INFO ][2016-01-18 12:49:05,725][com.java.SeleniumDriver] [  869] - Test step:31
[INFO ][2016-01-18 12:49:05,725][com.java.SeleniumDriver] [  881] - Datavalue is----------//ul[@id='ulAcct_To']
[INFO ][2016-01-18 12:49:05,725][com.java.SeleniumDriver] [  905] - DataField : //ul[@id='ulAcct_From']/li[2]
[INFO ][2016-01-18 12:49:05,725][com.java.SeleniumDriver] [  907] - DataValue : //ul[@id='ulAcct_To']
[INFO ][2016-01-18 12:49:05,726][com.java.SeleniumDriver] [  913] - <In Set values of the page>
[INFO ][2016-01-18 12:49:05,726][com.java.SeleniumDriver] [  916] - {Data Fields & Data Values Exist}
[INFO ][2016-01-18 12:49:05,726][com.java.SeleniumDriver] [  918] - --------------------------setting values-----------------------------
[INFO ][2016-01-18 12:49:05,726][com.java.SeleniumDriver] [  921] - Action Type : draganddrop
[DEBUG][2016-01-18 12:49:05,743][com.java.TestType] [  902] - Unable to perform action//ul[@id='ulAcct_From']/li[2]
[ERROR][2016-01-18 12:49:05,744][com.java.TestType] [  903] - Exception: null
[INFO ][2016-01-18 12:49:05,744][com.java.SeleniumDriver] [  930] -  RESULT false
[INFO ][2016-01-18 12:49:05,744][com.java.SeleniumDriver] [  977] - ?   F A I L   ?
[INFO ][2016-01-18 12:49:05,744][com.java.SeleniumDriver] [  985] - Browser Type : IE10
[INFO ][2016-01-18 12:49:05,744][com.java.SeleniumDriver] [  986] - Adding Failed case29
[WARN ][2016-01-18 12:49:05,759][com.java.SeleniumDriver] [ 1046] - Source 'D:\BankersDashboard\TestReports\011816' exists but is a directory
[INFO ][2016-01-18 12:49:05,759][com.java.SeleniumDriver] [ 1100] - failedCases = 29,29,29
[ERROR][2016-01-18 12:49:05,759][com.java.SeleniumDriver] [ 1599] - Platform Errors : Our apologies...::We have encountered an issue with your request.::Our apologies?:We encountered an issue with your request.
[INFO ][2016-01-18 12:49:05,759][com.java.SeleniumDriver] [ 1603] - Length =3
[ERROR][2016-01-18 12:49:05,759][com.java.SeleniumDriver] [ 1606] - Error 0 = Our apologies...
[ERROR][2016-01-18 12:49:05,774][com.java.SeleniumDriver] [ 1620] - Unable to get browser (WARNING: The server did not provide any stacktrace information)
Command duration or timeout: 15 milliseconds
Build info: version: '2.48.2', revision: '41bccdd', time: '2015-10-09 19:59:12'
System info: host: 'FVTIII438F1D', ip: '172.17.68.34', os.name: 'Windows 7', os.arch: 'x86', os.version: '6.1', java.version: '1.7.0_55'
Session ID: 1f1b2ed8-a620-43ee-98a9-5b0fc4ab9968
Driver info: org.openqa.selenium.ie.InternetExplorerDriver
Capabilities [{platform=WINDOWS, javascriptEnabled=true, elementScrollBehavior=0, ignoreZoomSetting=false, enablePersistentHover=true, ie.ensureCleanSession=false, browserName=internet explorer, enableElementCacheCleanup=true, unexpectedAlertBehaviour=dismiss, version=10, ie.usePerProcessProxy=false, ignoreProtectedModeSettings=true, cssSelectorsEnabled=true, requireWindowFocus=false, initialBrowserUrl=http://localhost:18358/, handlesAlerts=true, ie.forceCreateProcessApi=false, nativeEvents=true, browserAttachTimeout=0, ie.browserCommandLineSwitches=, takesScreenshot=true}]
[INFO ][2016-01-18 12:49:05,775][com.java.SeleniumDriver] [ 1622] - FindPlatformErrors exception: Unable to get browser (WARNING: The server did not provide any stacktrace information)
Command duration or timeout: 15 milliseconds
Build info: version: '2.48.2', revision: '41bccdd', time: '2015-10-09 19:59:12'
System info: host: 'FVTIII438F1D', ip: '172.17.68.34', os.name: 'Windows 7', os.arch: 'x86', os.version: '6.1', java.version: '1.7.0_55'
Session ID: 1f1b2ed8-a620-43ee-98a9-5b0fc4ab9968
Driver info: org.openqa.selenium.ie.InternetExplorerDriver
Capabilities [{platform=WINDOWS, javascriptEnabled=true, elementScrollBehavior=0, ignoreZoomSetting=false, enablePersistentHover=true, ie.ensureCleanSession=false, browserName=internet explorer, enableElementCacheCleanup=true, unexpectedAlertBehaviour=dismiss, version=10, ie.usePerProcessProxy=false, ignoreProtectedModeSettings=true, cssSelectorsEnabled=true, requireWindowFocus=false, initialBrowserUrl=http://localhost:18358/, handlesAlerts=true, ie.forceCreateProcessApi=false, nativeEvents=true, browserAttachTimeout=0, ie.browserCommandLineSwitches=, takesScreenshot=true}]
[DEBUG][2016-01-18 12:49:05,775][com.java.SeleniumDriver] [ 1624] - Unable to get the Platform Error list from Hash Map.
[ERROR][2016-01-18 12:49:05,790][com.java.SeleniumDriver] [ 1218] - Unable to get browser (WARNING: The server did not provide any stacktrace information)
Command duration or timeout: 14 milliseconds
Build info: version: '2.48.2', revision: '41bccdd', time: '2015-10-09 19:59:12'
System info: host: 'FVTIII438F1D', ip: '172.17.68.34', os.name: 'Windows 7', os.arch: 'x86', os.version: '6.1', java.version: '1.7.0_55'
Session ID: 1f1b2ed8-a620-43ee-98a9-5b0fc4ab9968
Driver info: org.openqa.selenium.ie.InternetExplorerDriver
Capabilities [{platform=WINDOWS, javascriptEnabled=true, elementScrollBehavior=0, ignoreZoomSetting=false, enablePersistentHover=true, ie.ensureCleanSession=false, browserName=internet explorer, enableElementCacheCleanup=true, unexpectedAlertBehaviour=dismiss, version=10, ie.usePerProcessProxy=false, ignoreProtectedModeSettings=true, cssSelectorsEnabled=true, requireWindowFocus=false, initialBrowserUrl=http://localhost:18358/, handlesAlerts=true, ie.forceCreateProcessApi=false, nativeEvents=true, browserAttachTimeout=0, ie.browserCommandLineSwitches=, takesScreenshot=true}]
[INFO ][2016-01-18 12:49:05,791][com.java.SeleniumDriver] [  856] - ------------------------------------------
[INFO ][2016-01-18 12:49:05,791][com.java.SeleniumDriver] [  857] - Test case being Executed: 29
[INFO ][2016-01-18 12:49:05,791][com.java.SeleniumDriver] [  869] - Test step:32
[INFO ][2016-01-18 12:49:05,791][com.java.SeleniumDriver] [  881] - Datavalue is----------//ul[@id='ulAcct_To']
[INFO ][2016-01-18 12:49:05,791][com.java.SeleniumDriver] [  905] - DataField : //ul[@id='ulAcct_From']/li[1]
[INFO ][2016-01-18 12:49:05,791][com.java.SeleniumDriver] [  907] - DataValue : //ul[@id='ulAcct_To']
[INFO ][2016-01-18 12:49:05,792][com.java.SeleniumDriver] [  913] - <In Set values of the page>
[INFO ][2016-01-18 12:49:05,792][com.java.SeleniumDriver] [  916] - {Data Fields & Data Values Exist}
[INFO ][2016-01-18 12:49:05,793][com.java.SeleniumDriver] [  918] - --------------------------setting values-----------------------------
[INFO ][2016-01-18 12:49:05,793][com.java.SeleniumDriver] [  921] - Action Type : draganddrop
[DEBUG][2016-01-18 12:49:05,809][com.java.TestType] [  902] - Unable to perform action//ul[@id='ulAcct_From']/li[1]
[ERROR][2016-01-18 12:49:05,809][com.java.TestType] [  903] - Exception: null
[INFO ][2016-01-18 12:49:05,809][com.java.SeleniumDriver] [  930] -  RESULT false
[INFO ][2016-01-18 12:49:05,810][com.java.SeleniumDriver] [  977] - ?   F A I L   ?
[INFO ][2016-01-18 12:49:05,810][com.java.SeleniumDriver] [  985] - Browser Type : IE10
[INFO ][2016-01-18 12:49:05,810][com.java.SeleniumDriver] [  986] - Adding Failed case29
[WARN ][2016-01-18 12:49:05,824][com.java.SeleniumDriver] [ 1046] - Source 'D:\BankersDashboard\TestReports\011816' exists but is a directory
[INFO ][2016-01-18 12:49:05,824][com.java.SeleniumDriver] [ 1100] - failedCases = 29,29,29,29
[ERROR][2016-01-18 12:49:05,824][com.java.SeleniumDriver] [ 1599] - Platform Errors : Our apologies...::We have encountered an issue with your request.::Our apologies?:We encountered an issue with your request.
[INFO ][2016-01-18 12:49:05,824][com.java.SeleniumDriver] [ 1603] - Length =3
[ERROR][2016-01-18 12:49:05,824][com.java.SeleniumDriver] [ 1606] - Error 0 = Our apologies...
[ERROR][2016-01-18 12:49:05,839][com.java.SeleniumDriver] [ 1620] - Unable to get browser (WARNING: The server did not provide any stacktrace information)
Command duration or timeout: 15 milliseconds
Build info: version: '2.48.2', revision: '41bccdd', time: '2015-10-09 19:59:12'
System info: host: 'FVTIII438F1D', ip: '172.17.68.34', os.name: 'Windows 7', os.arch: 'x86', os.version: '6.1', java.version: '1.7.0_55'
Session ID: 1f1b2ed8-a620-43ee-98a9-5b0fc4ab9968
Driver info: org.openqa.selenium.ie.InternetExplorerDriver
Capabilities [{platform=WINDOWS, javascriptEnabled=true, elementScrollBehavior=0, ignoreZoomSetting=false, enablePersistentHover=true, ie.ensureCleanSession=false, browserName=internet explorer, enableElementCacheCleanup=true, unexpectedAlertBehaviour=dismiss, version=10, ie.usePerProcessProxy=false, ignoreProtectedModeSettings=true, cssSelectorsEnabled=true, requireWindowFocus=false, initialBrowserUrl=http://localhost:18358/, handlesAlerts=true, ie.forceCreateProcessApi=false, nativeEvents=true, browserAttachTimeout=0, ie.browserCommandLineSwitches=, takesScreenshot=true}]
[INFO ][2016-01-18 12:49:05,840][com.java.SeleniumDriver] [ 1622] - FindPlatformErrors exception: Unable to get browser (WARNING: The server did not provide any stacktrace information)
Command duration or timeout: 15 milliseconds
Build info: version: '2.48.2', revision: '41bccdd', time: '2015-10-09 19:59:12'
System info: host: 'FVTIII438F1D', ip: '172.17.68.34', os.name: 'Windows 7', os.arch: 'x86', os.version: '6.1', java.version: '1.7.0_55'
Session ID: 1f1b2ed8-a620-43ee-98a9-5b0fc4ab9968
Driver info: org.openqa.selenium.ie.InternetExplorerDriver
Capabilities [{platform=WINDOWS, javascriptEnabled=true, elementScrollBehavior=0, ignoreZoomSetting=false, enablePersistentHover=true, ie.ensureCleanSession=false, browserName=internet explorer, enableElementCacheCleanup=true, unexpectedAlertBehaviour=dismiss, version=10, ie.usePerProcessProxy=false, ignoreProtectedModeSettings=true, cssSelectorsEnabled=true, requireWindowFocus=false, initialBrowserUrl=http://localhost:18358/, handlesAlerts=true, ie.forceCreateProcessApi=false, nativeEvents=true, browserAttachTimeout=0, ie.browserCommandLineSwitches=, takesScreenshot=true}]
[DEBUG][2016-01-18 12:49:05,840][com.java.SeleniumDriver] [ 1624] - Unable to get the Platform Error list from Hash Map.
[ERROR][2016-01-18 12:49:05,856][com.java.SeleniumDriver] [ 1218] - Unable to get browser (WARNING: The server did not provide any stacktrace information)
Command duration or timeout: 15 milliseconds
Build info: version: '2.48.2', revision: '41bccdd', time: '2015-10-09 19:59:12'
System info: host: 'FVTIII438F1D', ip: '172.17.68.34', os.name: 'Windows 7', os.arch: 'x86', os.version: '6.1', java.version: '1.7.0_55'
Session ID: 1f1b2ed8-a620-43ee-98a9-5b0fc4ab9968
Driver info: org.openqa.selenium.ie.InternetExplorerDriver
Capabilities [{platform=WINDOWS, javascriptEnabled=true, elementScrollBehavior=0, ignoreZoomSetting=false, enablePersistentHover=true, ie.ensureCleanSession=false, browserName=internet explorer, enableElementCacheCleanup=true, unexpectedAlertBehaviour=dismiss, version=10, ie.usePerProcessProxy=false, ignoreProtectedModeSettings=true, cssSelectorsEnabled=true, requireWindowFocus=false, initialBrowserUrl=http://localhost:18358/, handlesAlerts=true, ie.forceCreateProcessApi=false, nativeEvents=true, browserAttachTimeout=0, ie.browserCommandLineSwitches=, takesScreenshot=true}]
[INFO ][2016-01-18 12:49:05,858][com.java.SeleniumDriver] [  856] - ------------------------------------------
[INFO ][2016-01-18 12:49:05,858][com.java.SeleniumDriver] [  857] - Test case being Executed: 29
[INFO ][2016-01-18 12:49:05,858][com.java.SeleniumDriver] [  869] - Test step:33
[INFO ][2016-01-18 12:49:05,858][com.java.SeleniumDriver] [  881] - Datavalue is----------null
[DEBUG][2016-01-18 12:49:05,858][com.java.SeleniumDriver] [  899] - Exception: null
[INFO ][2016-01-18 12:49:05,858][com.java.SeleniumDriver] [  905] - DataField : BTNparent
[INFO ][2016-01-18 12:49:05,858][com.java.SeleniumDriver] [  907] - DataValue : 
[INFO ][2016-01-18 12:49:05,858][com.java.SeleniumDriver] [  913] - <In Set values of the page>
[INFO ][2016-01-18 12:49:05,858][com.java.SeleniumDriver] [  916] - {Data Fields & Data Values Exist}
[INFO ][2016-01-18 12:49:05,858][com.java.SeleniumDriver] [  918] - --------------------------setting values-----------------------------
[INFO ][2016-01-18 12:49:05,858][com.java.SeleniumDriver] [  921] - Action Type : selectframe
[ERROR][2016-01-18 12:49:05,873][com.java.TestType] [ 6441] - Exception: Unable to get browser (WARNING: The server did not provide any stacktrace information)
Command duration or timeout: 15 milliseconds
Build info: version: '2.48.2', revision: '41bccdd', time: '2015-10-09 19:59:12'
System info: host: 'FVTIII438F1D', ip: '172.17.68.34', os.name: 'Windows 7', os.arch: 'x86', os.version: '6.1', java.version: '1.7.0_55'
Session ID: 1f1b2ed8-a620-43ee-98a9-5b0fc4ab9968
Driver info: org.openqa.selenium.ie.InternetExplorerDriver
Capabilities [{platform=WINDOWS, javascriptEnabled=true, elementScrollBehavior=0, ignoreZoomSetting=false, enablePersistentHover=true, ie.ensureCleanSession=false, browserName=internet explorer, enableElementCacheCleanup=true, unexpectedAlertBehaviour=dismiss, version=10, ie.usePerProcessProxy=false, ignoreProtectedModeSettings=true, cssSelectorsEnabled=true, requireWindowFocus=false, initialBrowserUrl=http://localhost:18358/, handlesAlerts=true, ie.forceCreateProcessApi=false, nativeEvents=true, browserAttachTimeout=0, ie.browserCommandLineSwitches=, takesScreenshot=true}]
[INFO ][2016-01-18 12:49:05,874][com.java.SeleniumDriver] [  930] -  RESULT false
[INFO ][2016-01-18 12:49:05,874][com.java.SeleniumDriver] [  977] - ?   F A I L   ?
[INFO ][2016-01-18 12:49:05,874][com.java.SeleniumDriver] [  985] - Browser Type : IE10
[INFO ][2016-01-18 12:49:05,874][com.java.SeleniumDriver] [  986] - Adding Failed case29
[WARN ][2016-01-18 12:49:05,888][com.java.SeleniumDriver] [ 1046] - Source 'D:\BankersDashboard\TestReports\011816' exists but is a directory
[INFO ][2016-01-18 12:49:05,888][com.java.SeleniumDriver] [ 1100] - failedCases = 29,29,29,29,29
[ERROR][2016-01-18 12:49:05,888][com.java.SeleniumDriver] [ 1599] - Platform Errors : Our apologies...::We have encountered an issue with your request.::Our apologies?:We encountered an issue with your request.
[INFO ][2016-01-18 12:49:05,888][com.java.SeleniumDriver] [ 1603] - Length =3
[ERROR][2016-01-18 12:49:05,888][com.java.SeleniumDriver] [ 1606] - Error 0 = Our apologies...
[ERROR][2016-01-18 12:49:05,903][com.java.SeleniumDriver] [ 1620] - Unable to get browser (WARNING: The server did not provide any stacktrace information)
Command duration or timeout: 15 milliseconds
Build info: version: '2.48.2', revision: '41bccdd', time: '2015-10-09 19:59:12'
System info: host: 'FVTIII438F1D', ip: '172.17.68.34', os.name: 'Windows 7', os.arch: 'x86', os.version: '6.1', java.version: '1.7.0_55'
Session ID: 1f1b2ed8-a620-43ee-98a9-5b0fc4ab9968
Driver info: org.openqa.selenium.ie.InternetExplorerDriver
Capabilities [{platform=WINDOWS, javascriptEnabled=true, elementScrollBehavior=0, ignoreZoomSetting=false, enablePersistentHover=true, ie.ensureCleanSession=false, browserName=internet explorer, enableElementCacheCleanup=true, unexpectedAlertBehaviour=dismiss, version=10, ie.usePerProcessProxy=false, ignoreProtectedModeSettings=true, cssSelectorsEnabled=true, requireWindowFocus=false, initialBrowserUrl=http://localhost:18358/, handlesAlerts=true, ie.forceCreateProcessApi=false, nativeEvents=true, browserAttachTimeout=0, ie.browserCommandLineSwitches=, takesScreenshot=true}]
[INFO ][2016-01-18 12:49:05,904][com.java.SeleniumDriver] [ 1622] - FindPlatformErrors exception: Unable to get browser (WARNING: The server did not provide any stacktrace information)
Command duration or timeout: 15 milliseconds
Build info: version: '2.48.2', revision: '41bccdd', time: '2015-10-09 19:59:12'
System info: host: 'FVTIII438F1D', ip: '172.17.68.34', os.name: 'Windows 7', os.arch: 'x86', os.version: '6.1', java.version: '1.7.0_55'
Session ID: 1f1b2ed8-a620-43ee-98a9-5b0fc4ab9968
Driver info: org.openqa.selenium.ie.InternetExplorerDriver
Capabilities [{platform=WINDOWS, javascriptEnabled=true, elementScrollBehavior=0, ignoreZoomSetting=false, enablePersistentHover=true, ie.ensureCleanSession=false, browserName=internet explorer, enableElementCacheCleanup=true, unexpectedAlertBehaviour=dismiss, version=10, ie.usePerProcessProxy=false, ignoreProtectedModeSettings=true, cssSelectorsEnabled=true, requireWindowFocus=false, initialBrowserUrl=http://localhost:18358/, handlesAlerts=true, ie.forceCreateProcessApi=false, nativeEvents=true, browserAttachTimeout=0, ie.browserCommandLineSwitches=, takesScreenshot=true}]
[DEBUG][2016-01-18 12:49:05,904][com.java.SeleniumDriver] [ 1624] - Unable to get the Platform Error list from Hash Map.
[ERROR][2016-01-18 12:49:05,921][com.java.SeleniumDriver] [ 1218] - Unable to get browser (WARNING: The server did not provide any stacktrace information)
Command duration or timeout: 15 milliseconds
Build info: version: '2.48.2', revision: '41bccdd', time: '2015-10-09 19:59:12'
System info: host: 'FVTIII438F1D', ip: '172.17.68.34', os.name: 'Windows 7', os.arch: 'x86', os.version: '6.1', java.version: '1.7.0_55'
Session ID: 1f1b2ed8-a620-43ee-98a9-5b0fc4ab9968
Driver info: org.openqa.selenium.ie.InternetExplorerDriver
Capabilities [{platform=WINDOWS, javascriptEnabled=true, elementScrollBehavior=0, ignoreZoomSetting=false, enablePersistentHover=true, ie.ensureCleanSession=false, browserName=internet explorer, enableElementCacheCleanup=true, unexpectedAlertBehaviour=dismiss, version=10, ie.usePerProcessProxy=false, ignoreProtectedModeSettings=true, cssSelectorsEnabled=true, requireWindowFocus=false, initialBrowserUrl=http://localhost:18358/, handlesAlerts=true, ie.forceCreateProcessApi=false, nativeEvents=true, browserAttachTimeout=0, ie.browserCommandLineSwitches=, takesScreenshot=true}]
[INFO ][2016-01-18 12:49:05,922][com.java.SeleniumDriver] [  856] - ------------------------------------------
[INFO ][2016-01-18 12:49:05,922][com.java.SeleniumDriver] [  857] - Test case being Executed: 29
[INFO ][2016-01-18 12:49:05,922][com.java.SeleniumDriver] [  869] - Test step:34
[INFO ][2016-01-18 12:49:05,922][com.java.SeleniumDriver] [  881] - Datavalue is----------null
[DEBUG][2016-01-18 12:49:05,922][com.java.SeleniumDriver] [  899] - Exception: null
[INFO ][2016-01-18 12:49:05,922][com.java.SeleniumDriver] [  905] - DataField : XPH//span[contains(text(),'Finished')]
[INFO ][2016-01-18 12:49:05,922][com.java.SeleniumDriver] [  907] - DataValue : 
[INFO ][2016-01-18 12:49:05,922][com.java.SeleniumDriver] [  913] - <In Set values of the page>
[INFO ][2016-01-18 12:49:05,922][com.java.SeleniumDriver] [  916] - {Data Fields & Data Values Exist}
[INFO ][2016-01-18 12:49:05,922][com.java.SeleniumDriver] [  918] - --------------------------setting values-----------------------------
[INFO ][2016-01-18 12:49:05,922][com.java.SeleniumDriver] [  921] - Action Type : click
[INFO ][2016-01-18 12:49:05,922][com.java.TestType] [ 6519] - Field ::XPH//span[contains(text(),'Finished')]
[INFO ][2016-01-18 12:49:05,922][com.java.TestType] [ 6140] - value = 
