[INFO ][2016-01-27 15:51:25,404][com.java.SeleniumDriver] [  213] - Execute Failed Casesfalse
[INFO ][2016-01-27 15:51:25,404][com.java.SeleniumDriver] [  214] - Browser: IE10
[INFO ][2016-01-27 15:51:25,404][com.java.SeleniumDriver] [  215] - [1, 5, 8]
[INFO ][2016-01-27 15:51:25,404][com.java.SeleniumDriver] [  216] - Total TestCases:3
[INFO ][2016-01-27 15:51:25,404][com.java.SeleniumDriver] [  217] -  Reading Properties from Property File 
[DEBUG][2016-01-27 15:51:25,404][com.java.SeleniumDriver] [  238] - url : https://clients-xuat.bankersdashboard.com
[INFO ][2016-01-27 15:51:25,404][com.java.ImportnExport.ExportTestResultsExcel] [  116] - Time Stamp Wed Jan 27 03:51:25 IST 2016
[INFO ][2016-01-27 15:51:25,404][com.java.ImportnExport.ExportTestResultsExcel] [  175] - OUT FILE : D:\BankersDashboard/TestReports/Test Results_BankersDashBoard_012716_155125_IE10_Bank of North Carolina.xls
[INFO ][2016-01-27 15:51:25,435][com.java.ImportnExport.ExportTestResultsExcel] [  180] - Test Result file is created
[DEBUG][2016-01-27 15:51:25,515][com.java.SeleniumDriver] [  426] - Hub ip address is-------172.17.68.34
[INFO ][2016-01-27 15:51:25,525][com.java.SeleniumDriver] [  452] - Grid URL:http://172.17.68.34:4444/wd/hub
[INFO ][2016-01-27 15:51:25,525][com.java.SeleniumDriver] [  453] - Capability:Capabilities [{platform=ANY, ensureCleanSession=true, ignoreProtectedModeSettings=true, acceptSslCerts=true, ignoreZoomSetting=true, browserName=internet explorer, browserstack.ie.noFlash=true, version=null}]
[ERROR][2016-01-27 15:51:26,835][com.java.SeleniumDriver] [  498] - Unable invoke browser in grid:Could not start a new session. Possible causes are invalid address of the remote server or browser start-up failure.
Build info: version: '2.48.2', revision: '41bccdd', time: '2015-10-09 19:59:12'
System info: host: 'FVTIII438F1D', ip: '172.17.68.34', os.name: 'Windows 7', os.arch: 'x86', os.version: '6.1', java.version: '1.7.0_55'
Driver info: driver.version: SeleniumDriver
[INFO ][2016-01-27 15:51:26,835][com.java.SeleniumDriver] [  500] - Executing on local machine
[INFO ][2016-01-27 15:51:37,959][com.java.SeleniumDriver] [  248] - IE10is opened
[INFO ][2016-01-27 15:51:38,779][com.java.SeleniumDriver] [  756] - Test cases to be executed are: [1, 5, 8]
[INFO ][2016-01-27 15:51:38,800][com.java.ImportnExport.ImportTestDataDetailsExcel] [   49] - test data details path===== D:\BankersDashboard\TestInputs\TestData.xls
[INFO ][2016-01-27 15:51:38,880][com.java.SeleniumDriver] [  856] - ------------------------------------------
[INFO ][2016-01-27 15:51:38,880][com.java.SeleniumDriver] [  857] - Test case being Executed: 1
[INFO ][2016-01-27 15:51:38,880][com.java.SeleniumDriver] [  869] - Test step:1
[INFO ][2016-01-27 15:51:38,880][com.java.SeleniumDriver] [  881] - Datavalue is----------Concept#1:1-14
[INFO ][2016-01-27 15:51:38,880][com.java.SeleniumDriver] [  905] - DataField : test
[INFO ][2016-01-27 15:51:38,880][com.java.SeleniumDriver] [  907] - DataValue : Concept#1:1-14
[INFO ][2016-01-27 15:51:38,880][com.java.SeleniumDriver] [  913] - <In Set values of the page>
[INFO ][2016-01-27 15:51:38,880][com.java.SeleniumDriver] [  916] - {Data Fields & Data Values Exist}
[INFO ][2016-01-27 15:51:38,880][com.java.SeleniumDriver] [  918] - --------------------------setting values-----------------------------
[INFO ][2016-01-27 15:51:38,880][com.java.SeleniumDriver] [  921] - Action Type : ExecuteTestCase
[INFO ][2016-01-27 15:51:38,900][com.java.TestType] [  442] - The Concept sheet name is ---------- Concept
[INFO ][2016-01-27 15:51:38,900][com.java.TestType] [  445] - The Concept ID  is ---------- 1
[DEBUG][2016-01-27 15:51:38,900][com.java.TestType] [  449] - Steps being executted in the Concept are: 1:14
[INFO ][2016-01-27 15:51:38,900][com.java.TestType] [  456] - Test data details path ---------- D:\BankersDashboard\TestInputs\TestData.xls
[INFO ][2016-01-27 15:51:38,910][com.java.TestType] [  487] -  str(1) = 1
[INFO ][2016-01-27 15:51:38,910][com.java.TestType] [  490] - Test case Id is---1
[INFO ][2016-01-27 15:51:38,910][com.java.TestType] [  492] - 1
[INFO ][2016-01-27 15:51:38,910][com.java.TestType] [  487] -  str(2) = 1
[INFO ][2016-01-27 15:51:38,910][com.java.TestType] [  487] -  str(1) = 1
[INFO ][2016-01-27 15:51:38,910][com.java.TestType] [  490] - Test case Id is---1
[INFO ][2016-01-27 15:51:38,910][com.java.TestType] [  492] - 1
[INFO ][2016-01-27 15:51:38,910][com.java.TestType] [  487] -  str(2) = 2
[INFO ][2016-01-27 15:51:38,910][com.java.TestType] [  487] -  str(1) = 1
[INFO ][2016-01-27 15:51:38,910][com.java.TestType] [  490] - Test case Id is---1
[INFO ][2016-01-27 15:51:38,910][com.java.TestType] [  492] - 1
[INFO ][2016-01-27 15:51:38,910][com.java.TestType] [  487] -  str(2) = 3
[INFO ][2016-01-27 15:51:38,910][com.java.TestType] [  487] -  str(1) = 1
[INFO ][2016-01-27 15:51:38,910][com.java.TestType] [  490] - Test case Id is---1
[INFO ][2016-01-27 15:51:38,910][com.java.TestType] [  492] - 1
[INFO ][2016-01-27 15:51:38,910][com.java.TestType] [  487] -  str(2) = 4
[INFO ][2016-01-27 15:51:38,910][com.java.TestType] [  487] -  str(1) = 1
[INFO ][2016-01-27 15:51:38,910][com.java.TestType] [  490] - Test case Id is---1
[INFO ][2016-01-27 15:51:38,910][com.java.TestType] [  492] - 1
[INFO ][2016-01-27 15:51:38,910][com.java.TestType] [  487] -  str(2) = 5
[INFO ][2016-01-27 15:51:38,910][com.java.TestType] [  487] -  str(1) = 1
[INFO ][2016-01-27 15:51:38,910][com.java.TestType] [  490] - Test case Id is---1
[INFO ][2016-01-27 15:51:38,910][com.java.TestType] [  492] - 1
[INFO ][2016-01-27 15:51:38,910][com.java.TestType] [  487] -  str(2) = 6
[INFO ][2016-01-27 15:51:38,910][com.java.TestType] [  487] -  str(1) = 1
[INFO ][2016-01-27 15:51:38,910][com.java.TestType] [  490] - Test case Id is---1
[INFO ][2016-01-27 15:51:38,910][com.java.TestType] [  492] - 1
[INFO ][2016-01-27 15:51:38,910][com.java.TestType] [  487] -  str(2) = 7
[INFO ][2016-01-27 15:51:38,920][com.java.TestType] [  487] -  str(1) = 1
[INFO ][2016-01-27 15:51:38,920][com.java.TestType] [  490] - Test case Id is---1
[INFO ][2016-01-27 15:51:38,920][com.java.TestType] [  492] - 1
[INFO ][2016-01-27 15:51:38,920][com.java.TestType] [  487] -  str(2) = 8
[INFO ][2016-01-27 15:51:38,920][com.java.TestType] [  487] -  str(1) = 1
[INFO ][2016-01-27 15:51:38,920][com.java.TestType] [  490] - Test case Id is---1
[INFO ][2016-01-27 15:51:38,920][com.java.TestType] [  492] - 1
[INFO ][2016-01-27 15:51:38,920][com.java.TestType] [  487] -  str(2) = 9
[INFO ][2016-01-27 15:51:38,920][com.java.TestType] [  487] -  str(1) = 1
[INFO ][2016-01-27 15:51:38,920][com.java.TestType] [  490] - Test case Id is---1
[INFO ][2016-01-27 15:51:38,920][com.java.TestType] [  492] - 1
[INFO ][2016-01-27 15:51:38,920][com.java.TestType] [  487] -  str(2) = 10
[INFO ][2016-01-27 15:51:38,920][com.java.TestType] [  487] -  str(1) = 1
[INFO ][2016-01-27 15:51:38,920][com.java.TestType] [  490] - Test case Id is---1
[INFO ][2016-01-27 15:51:38,920][com.java.TestType] [  492] - 1
[INFO ][2016-01-27 15:51:38,920][com.java.TestType] [  487] -  str(2) = 11
[INFO ][2016-01-27 15:51:38,920][com.java.TestType] [  487] -  str(1) = 1
[INFO ][2016-01-27 15:51:38,920][com.java.TestType] [  490] - Test case Id is---1
[INFO ][2016-01-27 15:51:38,920][com.java.TestType] [  492] - 1
[INFO ][2016-01-27 15:51:38,920][com.java.TestType] [  487] -  str(2) = 12
[INFO ][2016-01-27 15:51:38,920][com.java.TestType] [  487] -  str(1) = 1
[INFO ][2016-01-27 15:51:38,920][com.java.TestType] [  490] - Test case Id is---1
[INFO ][2016-01-27 15:51:38,920][com.java.TestType] [  492] - 1
[INFO ][2016-01-27 15:51:38,920][com.java.TestType] [  487] -  str(2) = 13
[INFO ][2016-01-27 15:51:38,920][com.java.TestType] [  487] -  str(1) = 1
[INFO ][2016-01-27 15:51:38,920][com.java.TestType] [  490] - Test case Id is---1
[INFO ][2016-01-27 15:51:38,920][com.java.TestType] [  492] - 1
[INFO ][2016-01-27 15:51:38,920][com.java.TestType] [  487] -  str(2) = 14
[INFO ][2016-01-27 15:51:38,920][com.java.TestType] [  487] -  str(1) = 1
[INFO ][2016-01-27 15:51:38,920][com.java.TestType] [  490] - Test case Id is---1
[INFO ][2016-01-27 15:51:38,920][com.java.TestType] [  492] - 1
[INFO ][2016-01-27 15:51:38,920][com.java.TestType] [  487] -  str(2) = 15
[INFO ][2016-01-27 15:51:38,920][com.java.TestType] [  487] -  str(1) = 1
[INFO ][2016-01-27 15:51:38,920][com.java.TestType] [  490] - Test case Id is---1
[INFO ][2016-01-27 15:51:38,920][com.java.TestType] [  492] - 1
[INFO ][2016-01-27 15:51:38,920][com.java.TestType] [  487] -  str(2) = 16
[INFO ][2016-01-27 15:51:38,920][com.java.TestType] [11673] - Looping 1TCID = 1
[DEBUG][2016-01-27 15:51:38,920][com.java.TestType] [11714] - Concept ID:1 :: Step being Executed: 1::1
[INFO ][2016-01-27 15:51:38,920][com.java.TestType] [11752] - dataFields : TXTusername
[DEBUG][2016-01-27 15:51:38,920][com.java.TestType] [11758] - <In Set values of the page>
[DEBUG][2016-01-27 15:51:38,920][com.java.TestType] [11763] - {Data Fields & Data Values Exist}
[INFO ][2016-01-27 15:51:38,920][com.java.TestType] [11769] - --------------------------setting values-----------------------------
[INFO ][2016-01-27 15:51:38,920][com.java.TestType] [11772] - Action Type : CLEARANDENTER
[INFO ][2016-01-27 15:51:41,191][com.java.TestType] [ 6418] - value = valuelabs.ie10.33527
[INFO ][2016-01-27 15:51:43,637][com.java.TestType] [11791] -  RESULT true
[INFO ][2016-01-27 15:51:43,637][com.java.TestType] [11908] - ?   P A S S   ?
[DEBUG][2016-01-27 15:51:43,637][com.java.TestType] [11714] - Concept ID:1 :: Step being Executed: 1::2
[INFO ][2016-01-27 15:51:43,637][com.java.TestType] [11752] - dataFields : TXTpassword
[DEBUG][2016-01-27 15:51:43,637][com.java.TestType] [11758] - <In Set values of the page>
[DEBUG][2016-01-27 15:51:43,637][com.java.TestType] [11763] - {Data Fields & Data Values Exist}
[INFO ][2016-01-27 15:51:43,637][com.java.TestType] [11769] - --------------------------setting values-----------------------------
[INFO ][2016-01-27 15:51:43,637][com.java.TestType] [11772] - Action Type : CLEARANDENTER
[INFO ][2016-01-27 15:51:45,878][com.java.TestType] [ 6418] - value = Password1*
[INFO ][2016-01-27 15:51:48,434][com.java.TestType] [11791] -  RESULT true
[INFO ][2016-01-27 15:51:48,434][com.java.TestType] [11908] - ?   P A S S   ?
[DEBUG][2016-01-27 15:51:48,434][com.java.TestType] [11714] - Concept ID:1 :: Step being Executed: 1::3
[ERROR][2016-01-27 15:51:48,434][com.java.TestType] [11747] - Exception: null
[INFO ][2016-01-27 15:51:48,434][com.java.TestType] [11752] - dataFields : XPH//button[@type='submit']
[DEBUG][2016-01-27 15:51:48,434][com.java.TestType] [11758] - <In Set values of the page>
[DEBUG][2016-01-27 15:51:48,434][com.java.TestType] [11763] - {Data Fields & Data Values Exist}
[INFO ][2016-01-27 15:51:48,434][com.java.TestType] [11769] - --------------------------setting values-----------------------------
[INFO ][2016-01-27 15:51:48,434][com.java.TestType] [11772] - Action Type : Click
[INFO ][2016-01-27 15:51:48,434][com.java.TestType] [ 6797] - Field ::XPH//button[@type='submit']
[INFO ][2016-01-27 15:51:48,434][com.java.TestType] [ 6418] - value = 
[INFO ][2016-01-27 15:51:49,434][com.java.TestType] [ 6970] - BEFORE CLICK
[INFO ][2016-01-27 15:51:50,276][com.java.TestType] [ 6978] - Unable to click the object Login
[INFO ][2016-01-27 15:51:50,276][com.java.TestType] [11791] -  RESULT true
[INFO ][2016-01-27 15:51:50,276][com.java.TestType] [11908] - ?   P A S S   ?
[DEBUG][2016-01-27 15:51:50,276][com.java.TestType] [11714] - Concept ID:1 :: Step being Executed: 1::4
[INFO ][2016-01-27 15:51:50,276][com.java.TestType] [11752] - dataFields : LNKLogout
[DEBUG][2016-01-27 15:51:50,276][com.java.TestType] [11758] - <In Set values of the page>
[DEBUG][2016-01-27 15:51:50,276][com.java.TestType] [11763] - {Data Fields & Data Values Exist}
[INFO ][2016-01-27 15:51:50,276][com.java.TestType] [11769] - --------------------------setting values-----------------------------
[INFO ][2016-01-27 15:51:50,276][com.java.TestType] [11772] - Action Type : WaitForElement
[INFO ][2016-01-27 15:51:53,882][com.java.TestType] [11791] -  RESULT true
[INFO ][2016-01-27 15:51:53,882][com.java.TestType] [11908] - ?   P A S S   ?
[INFO ][2016-01-27 15:51:53,882][com.java.TestType] [11979] - Looping End......
[INFO ][2016-01-27 15:51:53,885][com.java.SeleniumDriver] [  930] -  RESULT true
[INFO ][2016-01-27 15:51:53,885][com.java.SeleniumDriver] [ 1136] - ?   P A S S   ?
[INFO ][2016-01-27 15:51:53,885][com.java.SeleniumDriver] [  856] - ------------------------------------------
[INFO ][2016-01-27 15:51:53,885][com.java.SeleniumDriver] [  857] - Test case being Executed: 1
[INFO ][2016-01-27 15:51:53,885][com.java.SeleniumDriver] [  869] - Test step:2
[INFO ][2016-01-27 15:51:53,885][com.java.SeleniumDriver] [  881] - Datavalue is----------Concept#2:1-2
[INFO ][2016-01-27 15:51:53,885][com.java.SeleniumDriver] [  905] - DataField : test
[INFO ][2016-01-27 15:51:53,885][com.java.SeleniumDriver] [  907] - DataValue : Concept#2:1-2
[INFO ][2016-01-27 15:51:53,885][com.java.SeleniumDriver] [  913] - <In Set values of the page>
[INFO ][2016-01-27 15:51:53,885][com.java.SeleniumDriver] [  916] - {Data Fields & Data Values Exist}
[INFO ][2016-01-27 15:51:53,885][com.java.SeleniumDriver] [  918] - --------------------------setting values-----------------------------
[INFO ][2016-01-27 15:51:53,885][com.java.SeleniumDriver] [  921] - Action Type : ExecuteTestCase
[INFO ][2016-01-27 15:51:53,885][com.java.TestType] [  442] - The Concept sheet name is ---------- Concept
[INFO ][2016-01-27 15:51:53,885][com.java.TestType] [  445] - The Concept ID  is ---------- 2
[DEBUG][2016-01-27 15:51:53,885][com.java.TestType] [  449] - Steps being executted in the Concept are: 1:2
[INFO ][2016-01-27 15:51:53,885][com.java.TestType] [  456] - Test data details path ---------- D:\BankersDashboard\TestInputs\TestData.xls
[INFO ][2016-01-27 15:51:53,893][com.java.TestType] [  487] -  str(1) = 2
[INFO ][2016-01-27 15:51:53,893][com.java.TestType] [  490] - Test case Id is---2
[INFO ][2016-01-27 15:51:53,893][com.java.TestType] [  492] - 2
[INFO ][2016-01-27 15:51:53,893][com.java.TestType] [  487] -  str(2) = 1
[INFO ][2016-01-27 15:51:53,893][com.java.TestType] [  487] -  str(1) = 2
[INFO ][2016-01-27 15:51:53,893][com.java.TestType] [  490] - Test case Id is---2
[INFO ][2016-01-27 15:51:53,893][com.java.TestType] [  492] - 2
[INFO ][2016-01-27 15:51:53,893][com.java.TestType] [  487] -  str(2) = 2
[INFO ][2016-01-27 15:51:53,893][com.java.TestType] [  487] -  str(1) = 2
[INFO ][2016-01-27 15:51:53,893][com.java.TestType] [  490] - Test case Id is---2
[INFO ][2016-01-27 15:51:53,893][com.java.TestType] [  492] - 2
[INFO ][2016-01-27 15:51:53,893][com.java.TestType] [  487] -  str(2) = 3
[INFO ][2016-01-27 15:51:53,893][com.java.TestType] [11673] - Looping 1TCID = 2
[DEBUG][2016-01-27 15:51:53,893][com.java.TestType] [11714] - Concept ID:2 :: Step being Executed: 2::1
[INFO ][2016-01-27 15:51:53,893][com.java.TestType] [11752] - dataFields : BNK//select[@id='bank']
[DEBUG][2016-01-27 15:51:53,893][com.java.TestType] [11758] - <In Set values of the page>
[DEBUG][2016-01-27 15:51:53,896][com.java.TestType] [11763] - {Data Fields & Data Values Exist}
[INFO ][2016-01-27 15:51:53,896][com.java.TestType] [11769] - --------------------------setting values-----------------------------
[INFO ][2016-01-27 15:51:53,896][com.java.TestType] [11772] - Action Type : Select
[INFO ][2016-01-27 15:51:53,896][com.java.TestType] [ 6418] - value = PFC
[INFO ][2016-01-27 15:51:54,386][com.java.TestType] [11791] -  RESULT true
[INFO ][2016-01-27 15:51:54,386][com.java.TestType] [11908] - ?   P A S S   ?
[DEBUG][2016-01-27 15:51:54,386][com.java.TestType] [11714] - Concept ID:2 :: Step being Executed: 2::2
[INFO ][2016-01-27 15:51:54,386][com.java.TestType] [11752] - dataFields : LNKLogout
[DEBUG][2016-01-27 15:51:54,386][com.java.TestType] [11758] - <In Set values of the page>
[DEBUG][2016-01-27 15:51:54,386][com.java.TestType] [11763] - {Data Fields & Data Values Exist}
[INFO ][2016-01-27 15:51:54,386][com.java.TestType] [11769] - --------------------------setting values-----------------------------
[INFO ][2016-01-27 15:51:54,386][com.java.TestType] [11772] - Action Type : WaitTime
[DEBUG][2016-01-27 15:51:54,386][com.java.TestType] [ 6232] - sleepTime: 5000
[INFO ][2016-01-27 15:51:59,406][com.java.TestType] [11791] -  RESULT true
[INFO ][2016-01-27 15:51:59,406][com.java.TestType] [11908] - ?   P A S S   ?
[INFO ][2016-01-27 15:51:59,406][com.java.TestType] [11979] - Looping End......
[INFO ][2016-01-27 15:51:59,406][com.java.SeleniumDriver] [  930] -  RESULT true
[INFO ][2016-01-27 15:51:59,406][com.java.SeleniumDriver] [ 1136] - ?   P A S S   ?
[INFO ][2016-01-27 15:51:59,406][com.java.SeleniumDriver] [  856] - ------------------------------------------
[INFO ][2016-01-27 15:51:59,406][com.java.SeleniumDriver] [  857] - Test case being Executed: 1
[INFO ][2016-01-27 15:51:59,406][com.java.SeleniumDriver] [  869] - Test step:3
[INFO ][2016-01-27 15:51:59,406][com.java.SeleniumDriver] [  881] - Datavalue is----------2
[INFO ][2016-01-27 15:51:59,406][com.java.SeleniumDriver] [  905] - DataField : XPH//button[contains(text(),'Add Content')]
[INFO ][2016-01-27 15:51:59,406][com.java.SeleniumDriver] [  907] - DataValue : 2
[INFO ][2016-01-27 15:51:59,406][com.java.SeleniumDriver] [  913] - <In Set values of the page>
[INFO ][2016-01-27 15:51:59,406][com.java.SeleniumDriver] [  916] - {Data Fields & Data Values Exist}
[INFO ][2016-01-27 15:51:59,406][com.java.SeleniumDriver] [  918] - --------------------------setting values-----------------------------
[INFO ][2016-01-27 15:51:59,406][com.java.SeleniumDriver] [  921] - Action Type : WAITFORELEMENT
[INFO ][2016-01-27 15:51:59,457][com.java.SeleniumDriver] [  930] -  RESULT true
[INFO ][2016-01-27 15:51:59,457][com.java.SeleniumDriver] [ 1136] - ?   P A S S   ?
[DEBUG][2016-01-27 15:51:59,457][com.java.SeleniumDriver] [ 1248] - Case found
[DEBUG][2016-01-27 15:51:59,457][com.java.SeleniumDriver] [ 1253] - Incrementing ReportCounters[0]:1
[INFO ][2016-01-27 15:51:59,457][com.java.SeleniumDriver] [ 1272] - The results are-------------------[1, 1, Valid Login, Pass, , Wed Jan 27 15:51:53 IST 2016, 1, 2, Valid Login, Pass, , Wed Jan 27 15:51:59 IST 2016, 1, 3, Valid Login, Pass, , Wed Jan 27 15:51:59 IST 2016]
[INFO ][2016-01-27 15:51:59,457][com.java.SeleniumDriver] [ 1276] - End time is-------36 sec
[INFO ][2016-01-27 15:51:59,457][com.java.SeleniumDriver] [ 1277] - The results are-------------------[1, 1, Valid Login, Pass, , Wed Jan 27 15:51:53 IST 2016, 1, 2, Valid Login, Pass, , Wed Jan 27 15:51:59 IST 2016, 1, 3, Valid Login, Pass, , Wed Jan 27 15:51:59 IST 2016]
[DEBUG][2016-01-27 15:51:59,457][com.java.ImportnExport.ExportTestResultsExcel] [  222] - testResultPath = D:\BankersDashboard/TestReports/Test Results_BankersDashBoard_012716_155125_IE10_Bank of North Carolina.xls
[DEBUG][2016-01-27 15:51:59,457][com.java.ImportnExport.ExportTestResultsExcel] [  223] - browser is------------IE10
[DEBUG][2016-01-27 15:51:59,497][com.java.ImportnExport.ExportTestResultsExcel] [  270] - result.size() = 18
[DEBUG][2016-01-27 15:51:59,497][com.java.ImportnExport.ExportTestResultsExcel] [  274] - No of rows in sheet=1
[DEBUG][2016-01-27 15:51:59,497][com.java.ImportnExport.ExportTestResultsExcel] [  301] - ..in export..1
[DEBUG][2016-01-27 15:51:59,497][com.java.ImportnExport.ExportTestResultsExcel] [  301] - ..in export..Valid Login
[DEBUG][2016-01-27 15:51:59,497][com.java.ImportnExport.ExportTestResultsExcel] [  301] - ..in export..Pass
[DEBUG][2016-01-27 15:51:59,497][com.java.ImportnExport.ExportTestResultsExcel] [  301] - ..in export..
[DEBUG][2016-01-27 15:51:59,497][com.java.ImportnExport.ExportTestResultsExcel] [  301] - ..in export..Wed Jan 27 15:51:53 IST 2016
[INFO ][2016-01-27 15:51:59,497][com.java.SeleniumDriver] [ 1337] - out loop:0 size:3 TestCases:[1, 5, 8] testcases:[1, 5, 8]
[INFO ][2016-01-27 15:51:59,497][com.java.ImportnExport.ImportTestDataDetailsExcel] [   49] - test data details path===== D:\BankersDashboard\TestInputs\TestData.xls
[INFO ][2016-01-27 15:52:16,583][com.java.SeleniumDriver] [  856] - ------------------------------------------
[INFO ][2016-01-27 15:52:16,583][com.java.SeleniumDriver] [  857] - Test case being Executed: 5
[INFO ][2016-01-27 15:52:16,583][com.java.SeleniumDriver] [  869] - Test step:1
[INFO ][2016-01-27 15:52:16,583][com.java.SeleniumDriver] [  881] - Datavalue is----------Logout
[INFO ][2016-01-27 15:52:16,583][com.java.SeleniumDriver] [  905] - DataField : BTN
[INFO ][2016-01-27 15:52:16,583][com.java.SeleniumDriver] [  907] - DataValue : Logout
[INFO ][2016-01-27 15:52:16,583][com.java.SeleniumDriver] [  913] - <In Set values of the page>
[INFO ][2016-01-27 15:52:16,583][com.java.SeleniumDriver] [  916] - {Data Fields & Data Values Exist}
[INFO ][2016-01-27 15:52:16,583][com.java.SeleniumDriver] [  918] - --------------------------setting values-----------------------------
[INFO ][2016-01-27 15:52:16,583][com.java.SeleniumDriver] [  921] - Action Type : Verify
[INFO ][2016-01-27 15:52:16,583][com.java.TestType] [ 8008] - field= BTN value= Logout
[INFO ][2016-01-27 15:52:16,583][com.java.TestType] [ 6418] - value = Logout
[INFO ][2016-01-27 15:52:16,684][com.java.SeleniumDriver] [  930] -  RESULT true
[INFO ][2016-01-27 15:52:16,684][com.java.SeleniumDriver] [ 1136] - ?   P A S S   ?
[INFO ][2016-01-27 15:52:16,684][com.java.SeleniumDriver] [ 1178] - step change to 3
[INFO ][2016-01-27 15:52:16,684][com.java.SeleniumDriver] [  856] - ------------------------------------------
[INFO ][2016-01-27 15:52:16,684][com.java.SeleniumDriver] [  857] - Test case being Executed: 5
[INFO ][2016-01-27 15:52:16,684][com.java.SeleniumDriver] [  869] - Test step:3
[INFO ][2016-01-27 15:52:16,684][com.java.SeleniumDriver] [  881] - Datavalue is----------Concept#2:1-2
[INFO ][2016-01-27 15:52:16,684][com.java.SeleniumDriver] [  905] - DataField : test
[INFO ][2016-01-27 15:52:16,684][com.java.SeleniumDriver] [  907] - DataValue : Concept#2:1-2
[INFO ][2016-01-27 15:52:16,684][com.java.SeleniumDriver] [  913] - <In Set values of the page>
[INFO ][2016-01-27 15:52:16,684][com.java.SeleniumDriver] [  916] - {Data Fields & Data Values Exist}
[INFO ][2016-01-27 15:52:16,684][com.java.SeleniumDriver] [  918] - --------------------------setting values-----------------------------
[INFO ][2016-01-27 15:52:16,684][com.java.SeleniumDriver] [  921] - Action Type : ExecuteTestCase
[INFO ][2016-01-27 15:52:16,684][com.java.TestType] [  442] - The Concept sheet name is ---------- Concept
[INFO ][2016-01-27 15:52:16,684][com.java.TestType] [  445] - The Concept ID  is ---------- 2
[DEBUG][2016-01-27 15:52:16,684][com.java.TestType] [  449] - Steps being executted in the Concept are: 1:2
[INFO ][2016-01-27 15:52:16,684][com.java.TestType] [  456] - Test data details path ---------- D:\BankersDashboard\TestInputs\TestData.xls
[INFO ][2016-01-27 15:52:16,684][com.java.TestType] [  487] -  str(1) = 2
[INFO ][2016-01-27 15:52:16,684][com.java.TestType] [  490] - Test case Id is---2
[INFO ][2016-01-27 15:52:16,684][com.java.TestType] [  492] - 2
[INFO ][2016-01-27 15:52:16,684][com.java.TestType] [  487] -  str(2) = 1
[INFO ][2016-01-27 15:52:16,694][com.java.TestType] [  487] -  str(1) = 2
[INFO ][2016-01-27 15:52:16,694][com.java.TestType] [  490] - Test case Id is---2
[INFO ][2016-01-27 15:52:16,694][com.java.TestType] [  492] - 2
[INFO ][2016-01-27 15:52:16,694][com.java.TestType] [  487] -  str(2) = 2
[INFO ][2016-01-27 15:52:16,694][com.java.TestType] [  487] -  str(1) = 2
[INFO ][2016-01-27 15:52:16,694][com.java.TestType] [  490] - Test case Id is---2
[INFO ][2016-01-27 15:52:16,694][com.java.TestType] [  492] - 2
[INFO ][2016-01-27 15:52:16,694][com.java.TestType] [  487] -  str(2) = 3
[INFO ][2016-01-27 15:52:16,694][com.java.TestType] [11673] - Looping 1TCID = 2
[DEBUG][2016-01-27 15:52:16,694][com.java.TestType] [11714] - Concept ID:2 :: Step being Executed: 2::1
[INFO ][2016-01-27 15:52:16,694][com.java.TestType] [11752] - dataFields : BNK//select[@id='bank']
[DEBUG][2016-01-27 15:52:16,694][com.java.TestType] [11758] - <In Set values of the page>
[DEBUG][2016-01-27 15:52:16,694][com.java.TestType] [11763] - {Data Fields & Data Values Exist}
[INFO ][2016-01-27 15:52:16,694][com.java.TestType] [11769] - --------------------------setting values-----------------------------
[INFO ][2016-01-27 15:52:16,694][com.java.TestType] [11772] - Action Type : Select
[INFO ][2016-01-27 15:52:16,694][com.java.TestType] [ 6418] - value = PFC
[INFO ][2016-01-27 15:52:16,934][com.java.TestType] [11791] -  RESULT true
[INFO ][2016-01-27 15:52:16,934][com.java.TestType] [11908] - ?   P A S S   ?
[DEBUG][2016-01-27 15:52:16,934][com.java.TestType] [11714] - Concept ID:2 :: Step being Executed: 2::2
[INFO ][2016-01-27 15:52:16,934][com.java.TestType] [11752] - dataFields : LNKLogout
[DEBUG][2016-01-27 15:52:16,934][com.java.TestType] [11758] - <In Set values of the page>
[DEBUG][2016-01-27 15:52:16,934][com.java.TestType] [11763] - {Data Fields & Data Values Exist}
[INFO ][2016-01-27 15:52:16,934][com.java.TestType] [11769] - --------------------------setting values-----------------------------
[INFO ][2016-01-27 15:52:16,934][com.java.TestType] [11772] - Action Type : WaitTime
[DEBUG][2016-01-27 15:52:16,934][com.java.TestType] [ 6232] - sleepTime: 5000
[INFO ][2016-01-27 15:52:21,934][com.java.TestType] [11791] -  RESULT true
[INFO ][2016-01-27 15:52:21,934][com.java.TestType] [11908] - ?   P A S S   ?
[INFO ][2016-01-27 15:52:21,934][com.java.TestType] [11979] - Looping End......
[INFO ][2016-01-27 15:52:21,934][com.java.SeleniumDriver] [  930] -  RESULT true
[INFO ][2016-01-27 15:52:21,934][com.java.SeleniumDriver] [ 1136] - ?   P A S S   ?
[INFO ][2016-01-27 15:52:21,934][com.java.SeleniumDriver] [  856] - ------------------------------------------
[INFO ][2016-01-27 15:52:21,934][com.java.SeleniumDriver] [  857] - Test case being Executed: 5
[INFO ][2016-01-27 15:52:21,934][com.java.SeleniumDriver] [  869] - Test step:4
[INFO ][2016-01-27 15:52:21,934][com.java.SeleniumDriver] [  881] - Datavalue is----------null
[DEBUG][2016-01-27 15:52:21,934][com.java.SeleniumDriver] [  899] - Exception: null
[INFO ][2016-01-27 15:52:21,934][com.java.SeleniumDriver] [  905] - DataField : //span[@class='icon-bars2']&&//a[@data-id='ManageExisting']
[INFO ][2016-01-27 15:52:21,934][com.java.SeleniumDriver] [  907] - DataValue : 
[INFO ][2016-01-27 15:52:21,934][com.java.SeleniumDriver] [  913] - <In Set values of the page>
[INFO ][2016-01-27 15:52:21,934][com.java.SeleniumDriver] [  916] - {Data Fields & Data Values Exist}
[INFO ][2016-01-27 15:52:21,934][com.java.SeleniumDriver] [  918] - --------------------------setting values-----------------------------
[INFO ][2016-01-27 15:52:21,934][com.java.SeleniumDriver] [  921] - Action Type : MOUSEOVER
[INFO ][2016-01-27 15:52:46,765][com.java.SeleniumDriver] [  930] -  RESULT true
[INFO ][2016-01-27 15:52:46,765][com.java.SeleniumDriver] [ 1136] - ?   P A S S   ?
[INFO ][2016-01-27 15:52:46,765][com.java.SeleniumDriver] [  856] - ------------------------------------------
[INFO ][2016-01-27 15:52:46,765][com.java.SeleniumDriver] [  857] - Test case being Executed: 5
[INFO ][2016-01-27 15:52:46,765][com.java.SeleniumDriver] [  869] - Test step:5
[INFO ][2016-01-27 15:52:46,765][com.java.SeleniumDriver] [  881] - Datavalue is----------3
[INFO ][2016-01-27 15:52:46,765][com.java.SeleniumDriver] [  905] - DataField : BTNframeDialogContent
[INFO ][2016-01-27 15:52:46,765][com.java.SeleniumDriver] [  907] - DataValue : 3
[INFO ][2016-01-27 15:52:46,765][com.java.SeleniumDriver] [  913] - <In Set values of the page>
[INFO ][2016-01-27 15:52:46,765][com.java.SeleniumDriver] [  916] - {Data Fields & Data Values Exist}
[INFO ][2016-01-27 15:52:46,765][com.java.SeleniumDriver] [  918] - --------------------------setting values-----------------------------
[INFO ][2016-01-27 15:52:46,765][com.java.SeleniumDriver] [  921] - Action Type : WaitForElement
[INFO ][2016-01-27 15:52:47,956][com.java.SeleniumDriver] [  930] -  RESULT true
[INFO ][2016-01-27 15:52:47,956][com.java.SeleniumDriver] [ 1136] - ?   P A S S   ?
[INFO ][2016-01-27 15:52:47,956][com.java.SeleniumDriver] [  856] - ------------------------------------------
[INFO ][2016-01-27 15:52:47,956][com.java.SeleniumDriver] [  857] - Test case being Executed: 5
[INFO ][2016-01-27 15:52:47,956][com.java.SeleniumDriver] [  869] - Test step:6
[INFO ][2016-01-27 15:52:47,956][com.java.SeleniumDriver] [  881] - Datavalue is----------null
[DEBUG][2016-01-27 15:52:47,956][com.java.SeleniumDriver] [  899] - Exception: null
[INFO ][2016-01-27 15:52:47,956][com.java.SeleniumDriver] [  905] - DataField : BTNframeDialogContent
[INFO ][2016-01-27 15:52:47,956][com.java.SeleniumDriver] [  907] - DataValue : 
[INFO ][2016-01-27 15:52:47,956][com.java.SeleniumDriver] [  913] - <In Set values of the page>
[INFO ][2016-01-27 15:52:47,956][com.java.SeleniumDriver] [  916] - {Data Fields & Data Values Exist}
[INFO ][2016-01-27 15:52:47,956][com.java.SeleniumDriver] [  918] - --------------------------setting values-----------------------------
[INFO ][2016-01-27 15:52:47,956][com.java.SeleniumDriver] [  921] - Action Type : SELECTFRAME
[INFO ][2016-01-27 15:52:49,178][com.java.SeleniumDriver] [  930] -  RESULT true
[INFO ][2016-01-27 15:52:49,178][com.java.SeleniumDriver] [ 1136] - ?   P A S S   ?
[INFO ][2016-01-27 15:52:49,178][com.java.SeleniumDriver] [  856] - ------------------------------------------
[INFO ][2016-01-27 15:52:49,178][com.java.SeleniumDriver] [  857] - Test case being Executed: 5
[INFO ][2016-01-27 15:52:49,178][com.java.SeleniumDriver] [  869] - Test step:7
[INFO ][2016-01-27 15:52:49,178][com.java.SeleniumDriver] [  881] - Datavalue is----------HMVTotemPoleNameNew
[INFO ][2016-01-27 15:52:49,178][com.java.SeleniumDriver] [  905] - DataField : SLBddlTotemPoles
[INFO ][2016-01-27 15:52:49,178][com.java.SeleniumDriver] [  907] - DataValue : HMVTotemPoleNameNew
[INFO ][2016-01-27 15:52:49,178][com.java.SeleniumDriver] [  913] - <In Set values of the page>
[INFO ][2016-01-27 15:52:49,178][com.java.SeleniumDriver] [  916] - {Data Fields & Data Values Exist}
[INFO ][2016-01-27 15:52:49,178][com.java.SeleniumDriver] [  918] - --------------------------setting values-----------------------------
[INFO ][2016-01-27 15:52:49,178][com.java.SeleniumDriver] [  921] - Action Type : Select
[INFO ][2016-01-27 15:52:49,178][com.java.TestType] [ 6418] - value = null
[INFO ][2016-01-27 15:52:51,380][com.java.SeleniumDriver] [  930] -  RESULT false
[INFO ][2016-01-27 15:52:51,380][com.java.SeleniumDriver] [  977] - ?   F A I L   ?
[INFO ][2016-01-27 15:52:51,380][com.java.SeleniumDriver] [  985] - Browser Type : IE10
[INFO ][2016-01-27 15:52:51,380][com.java.SeleniumDriver] [  986] - Adding Failed case5
[DEBUG][2016-01-27 15:52:52,150][com.java.SeleniumDriver] [ 1054] -  tdd.getCondition() IF:9:Next
[INFO ][2016-01-27 15:52:52,150][com.java.SeleniumDriver] [ 1058] - Continue next step...
[INFO ][2016-01-27 15:52:52,150][com.java.SeleniumDriver] [  856] - ------------------------------------------
[INFO ][2016-01-27 15:52:52,150][com.java.SeleniumDriver] [  857] - Test case being Executed: 5
[INFO ][2016-01-27 15:52:52,150][com.java.SeleniumDriver] [  869] - Test step:8
[INFO ][2016-01-27 15:52:52,150][com.java.SeleniumDriver] [  881] - Datavalue is----------index:1
[INFO ][2016-01-27 15:52:52,150][com.java.SeleniumDriver] [  905] - DataField : COBddlTotemPoles
[INFO ][2016-01-27 15:52:52,150][com.java.SeleniumDriver] [  907] - DataValue : index:1
[INFO ][2016-01-27 15:52:52,150][com.java.SeleniumDriver] [  913] - <In Set values of the page>
[INFO ][2016-01-27 15:52:52,150][com.java.SeleniumDriver] [  916] - {Data Fields & Data Values Exist}
[INFO ][2016-01-27 15:52:52,150][com.java.SeleniumDriver] [  918] - --------------------------setting values-----------------------------
[INFO ][2016-01-27 15:52:52,150][com.java.SeleniumDriver] [  921] - Action Type : Select
[INFO ][2016-01-27 15:52:52,150][com.java.TestType] [ 6418] - value = 1
[INFO ][2016-01-27 15:52:53,242][com.java.TestType] [ 6536] -  In COB ddlTotemPoles : 1
[INFO ][2016-01-27 15:52:53,382][com.java.SeleniumDriver] [  930] -  RESULT true
[INFO ][2016-01-27 15:52:53,382][com.java.SeleniumDriver] [ 1136] - ?   P A S S   ?
[INFO ][2016-01-27 15:52:53,382][com.java.SeleniumDriver] [  856] - ------------------------------------------
[INFO ][2016-01-27 15:52:53,382][com.java.SeleniumDriver] [  857] - Test case being Executed: 5
[INFO ][2016-01-27 15:52:53,382][com.java.SeleniumDriver] [  869] - Test step:9
[INFO ][2016-01-27 15:52:53,382][com.java.SeleniumDriver] [  881] - Datavalue is----------null
[DEBUG][2016-01-27 15:52:53,382][com.java.SeleniumDriver] [  899] - Exception: null
[INFO ][2016-01-27 15:52:53,382][com.java.SeleniumDriver] [  905] - DataField : BTNparent
[INFO ][2016-01-27 15:52:53,382][com.java.SeleniumDriver] [  907] - DataValue : 
[INFO ][2016-01-27 15:52:53,382][com.java.SeleniumDriver] [  913] - <In Set values of the page>
[INFO ][2016-01-27 15:52:53,382][com.java.SeleniumDriver] [  916] - {Data Fields & Data Values Exist}
[INFO ][2016-01-27 15:52:53,382][com.java.SeleniumDriver] [  918] - --------------------------setting values-----------------------------
[INFO ][2016-01-27 15:52:53,382][com.java.SeleniumDriver] [  921] - Action Type : SELECTFRAME
[INFO ][2016-01-27 15:52:53,392][com.java.SeleniumDriver] [  930] -  RESULT true
[INFO ][2016-01-27 15:52:53,392][com.java.SeleniumDriver] [ 1136] - ?   P A S S   ?
[INFO ][2016-01-27 15:52:53,392][com.java.SeleniumDriver] [  856] - ------------------------------------------
[INFO ][2016-01-27 15:52:53,392][com.java.SeleniumDriver] [  857] - Test case being Executed: 5
[INFO ][2016-01-27 15:52:53,392][com.java.SeleniumDriver] [  869] - Test step:10
[INFO ][2016-01-27 15:52:53,392][com.java.SeleniumDriver] [  881] - Datavalue is----------null
[DEBUG][2016-01-27 15:52:53,392][com.java.SeleniumDriver] [  899] - Exception: null
[INFO ][2016-01-27 15:52:53,392][com.java.SeleniumDriver] [  905] - DataField : HDN//span[text()='Select']
[INFO ][2016-01-27 15:52:53,392][com.java.SeleniumDriver] [  907] - DataValue : 
[INFO ][2016-01-27 15:52:53,392][com.java.SeleniumDriver] [  913] - <In Set values of the page>
[INFO ][2016-01-27 15:52:53,392][com.java.SeleniumDriver] [  916] - {Data Fields & Data Values Exist}
[INFO ][2016-01-27 15:52:53,392][com.java.SeleniumDriver] [  918] - --------------------------setting values-----------------------------
[INFO ][2016-01-27 15:52:53,392][com.java.SeleniumDriver] [  921] - Action Type : Click
[INFO ][2016-01-27 15:52:53,392][com.java.TestType] [ 6797] - Field ::HDN//span[text()='Select']
[INFO ][2016-01-27 15:52:53,392][com.java.TestType] [ 6418] - value = 
[INFO ][2016-01-27 15:52:54,563][com.java.SeleniumDriver] [  930] -  RESULT true
[INFO ][2016-01-27 15:52:54,563][com.java.SeleniumDriver] [ 1136] - ?   P A S S   ?
[INFO ][2016-01-27 15:52:54,563][com.java.SeleniumDriver] [  856] - ------------------------------------------
[INFO ][2016-01-27 15:52:54,563][com.java.SeleniumDriver] [  857] - Test case being Executed: 5
[INFO ][2016-01-27 15:52:54,563][com.java.SeleniumDriver] [  869] - Test step:11
[INFO ][2016-01-27 15:52:54,563][com.java.SeleniumDriver] [  881] - Datavalue is----------2
[INFO ][2016-01-27 15:52:54,563][com.java.SeleniumDriver] [  905] - DataField : BTNcopyButton
[INFO ][2016-01-27 15:52:54,563][com.java.SeleniumDriver] [  907] - DataValue : 2
[INFO ][2016-01-27 15:52:54,563][com.java.SeleniumDriver] [  913] - <In Set values of the page>
[INFO ][2016-01-27 15:52:54,563][com.java.SeleniumDriver] [  916] - {Data Fields & Data Values Exist}
[INFO ][2016-01-27 15:52:54,563][com.java.SeleniumDriver] [  918] - --------------------------setting values-----------------------------
[INFO ][2016-01-27 15:52:54,563][com.java.SeleniumDriver] [  921] - Action Type : WaitForElement
[INFO ][2016-01-27 15:52:55,973][com.java.SeleniumDriver] [  930] -  RESULT true
[INFO ][2016-01-27 15:52:55,973][com.java.SeleniumDriver] [ 1136] - ?   P A S S   ?
[INFO ][2016-01-27 15:52:55,973][com.java.SeleniumDriver] [  856] - ------------------------------------------
[INFO ][2016-01-27 15:52:55,973][com.java.SeleniumDriver] [  857] - Test case being Executed: 5
[INFO ][2016-01-27 15:52:55,973][com.java.SeleniumDriver] [  869] - Test step:12
[INFO ][2016-01-27 15:52:55,973][com.java.SeleniumDriver] [  881] - Datavalue is----------Cancel
[INFO ][2016-01-27 15:52:55,973][com.java.SeleniumDriver] [  905] - DataField : MTC//input[@id="copyButton"]
[INFO ][2016-01-27 15:52:55,973][com.java.SeleniumDriver] [  907] - DataValue : Cancel
[INFO ][2016-01-27 15:52:55,973][com.java.SeleniumDriver] [  913] - <In Set values of the page>
[INFO ][2016-01-27 15:52:55,973][com.java.SeleniumDriver] [  916] - {Data Fields & Data Values Exist}
[INFO ][2016-01-27 15:52:55,973][com.java.SeleniumDriver] [  918] - --------------------------setting values-----------------------------
[INFO ][2016-01-27 15:52:55,973][com.java.SeleniumDriver] [  921] - Action Type : ClickWithalert
[INFO ][2016-01-27 15:53:05,881][com.java.SeleniumDriver] [  930] -  RESULT true
[INFO ][2016-01-27 15:53:05,881][com.java.SeleniumDriver] [ 1136] - ?   P A S S   ?
[INFO ][2016-01-27 15:53:05,881][com.java.SeleniumDriver] [  856] - ------------------------------------------
[INFO ][2016-01-27 15:53:05,881][com.java.SeleniumDriver] [  857] - Test case being Executed: 5
[INFO ][2016-01-27 15:53:05,881][com.java.SeleniumDriver] [  869] - Test step:13
[INFO ][2016-01-27 15:53:05,881][com.java.SeleniumDriver] [  881] - Datavalue is----------3
[INFO ][2016-01-27 15:53:05,881][com.java.SeleniumDriver] [  905] - DataField : test
[INFO ][2016-01-27 15:53:05,881][com.java.SeleniumDriver] [  907] - DataValue : 3
[INFO ][2016-01-27 15:53:05,881][com.java.SeleniumDriver] [  913] - <In Set values of the page>
[INFO ][2016-01-27 15:53:05,881][com.java.SeleniumDriver] [  916] - {Data Fields & Data Values Exist}
[INFO ][2016-01-27 15:53:05,881][com.java.SeleniumDriver] [  918] - --------------------------setting values-----------------------------
[INFO ][2016-01-27 15:53:05,881][com.java.SeleniumDriver] [  921] - Action Type : WaitTime
[DEBUG][2016-01-27 15:53:05,881][com.java.TestType] [ 6232] - sleepTime: 3000
[INFO ][2016-01-27 15:53:08,882][com.java.SeleniumDriver] [  930] -  RESULT true
[INFO ][2016-01-27 15:53:08,882][com.java.SeleniumDriver] [ 1136] - ?   P A S S   ?
[INFO ][2016-01-27 15:53:08,882][com.java.SeleniumDriver] [  856] - ------------------------------------------
[INFO ][2016-01-27 15:53:08,882][com.java.SeleniumDriver] [  857] - Test case being Executed: 5
[INFO ][2016-01-27 15:53:08,882][com.java.SeleniumDriver] [  869] - Test step:14
[INFO ][2016-01-27 15:53:08,882][com.java.SeleniumDriver] [  881] - Datavalue is----------copy
[INFO ][2016-01-27 15:53:08,882][com.java.SeleniumDriver] [  905] - DataField : TXT//table[@class='dlg_moduleCellTitle']//td[text()='Branch TotemPole Title']/span
[INFO ][2016-01-27 15:53:08,882][com.java.SeleniumDriver] [  907] - DataValue : copy
[INFO ][2016-01-27 15:53:08,882][com.java.SeleniumDriver] [  913] - <In Set values of the page>
[INFO ][2016-01-27 15:53:08,882][com.java.SeleniumDriver] [  916] - {Data Fields & Data Values Exist}
[INFO ][2016-01-27 15:53:08,882][com.java.SeleniumDriver] [  918] - --------------------------setting values-----------------------------
[INFO ][2016-01-27 15:53:08,882][com.java.SeleniumDriver] [  921] - Action Type : VerifyNotPresent
[INFO ][2016-01-27 15:53:08,882][com.java.TestType] [ 9757] - field= TXT//table[@class='dlg_moduleCellTitle']//td[text()='Branch TotemPole Title']/span value= copy
[DEBUG][2016-01-27 15:53:09,123][com.java.TestType] [ 9854] - values not matched
[INFO ][2016-01-27 15:53:09,123][com.java.SeleniumDriver] [  930] -  RESULT true
[INFO ][2016-01-27 15:53:09,123][com.java.SeleniumDriver] [ 1136] - ?   P A S S   ?
[INFO ][2016-01-27 15:53:09,123][com.java.SeleniumDriver] [  856] - ------------------------------------------
[INFO ][2016-01-27 15:53:09,123][com.java.SeleniumDriver] [  857] - Test case being Executed: 5
[INFO ][2016-01-27 15:53:09,123][com.java.SeleniumDriver] [  869] - Test step:15
[INFO ][2016-01-27 15:53:09,123][com.java.SeleniumDriver] [  881] - Datavalue is----------3
[INFO ][2016-01-27 15:53:09,123][com.java.SeleniumDriver] [  905] - DataField : test
[INFO ][2016-01-27 15:53:09,123][com.java.SeleniumDriver] [  907] - DataValue : 3
[INFO ][2016-01-27 15:53:09,123][com.java.SeleniumDriver] [  913] - <In Set values of the page>
[INFO ][2016-01-27 15:53:09,123][com.java.SeleniumDriver] [  916] - {Data Fields & Data Values Exist}
[INFO ][2016-01-27 15:53:09,123][com.java.SeleniumDriver] [  918] - --------------------------setting values-----------------------------
[INFO ][2016-01-27 15:53:09,123][com.java.SeleniumDriver] [  921] - Action Type : WaitTime
[DEBUG][2016-01-27 15:53:09,123][com.java.TestType] [ 6232] - sleepTime: 3000
[INFO ][2016-01-27 15:53:12,123][com.java.SeleniumDriver] [  930] -  RESULT true
[INFO ][2016-01-27 15:53:12,123][com.java.SeleniumDriver] [ 1136] - ?   P A S S   ?
[INFO ][2016-01-27 15:53:12,123][com.java.SeleniumDriver] [  856] - ------------------------------------------
[INFO ][2016-01-27 15:53:12,123][com.java.SeleniumDriver] [  857] - Test case being Executed: 5
[INFO ][2016-01-27 15:53:12,123][com.java.SeleniumDriver] [  869] - Test step:16
[INFO ][2016-01-27 15:53:12,123][com.java.SeleniumDriver] [  881] - Datavalue is----------Ok
[INFO ][2016-01-27 15:53:12,123][com.java.SeleniumDriver] [  905] - DataField : MTC//input[@id="copyButton"]
[INFO ][2016-01-27 15:53:12,123][com.java.SeleniumDriver] [  907] - DataValue : Ok
[INFO ][2016-01-27 15:53:12,123][com.java.SeleniumDriver] [  913] - <In Set values of the page>
[INFO ][2016-01-27 15:53:12,123][com.java.SeleniumDriver] [  916] - {Data Fields & Data Values Exist}
[INFO ][2016-01-27 15:53:12,123][com.java.SeleniumDriver] [  918] - --------------------------setting values-----------------------------
[INFO ][2016-01-27 15:53:12,123][com.java.SeleniumDriver] [  921] - Action Type : ClickWithalert
[INFO ][2016-01-27 15:53:21,884][com.java.SeleniumDriver] [  930] -  RESULT true
[INFO ][2016-01-27 15:53:21,884][com.java.SeleniumDriver] [ 1136] - ?   P A S S   ?
[INFO ][2016-01-27 15:53:21,884][com.java.SeleniumDriver] [  856] - ------------------------------------------
[INFO ][2016-01-27 15:53:21,884][com.java.SeleniumDriver] [  857] - Test case being Executed: 5
[INFO ][2016-01-27 15:53:21,884][com.java.SeleniumDriver] [  869] - Test step:17
[INFO ][2016-01-27 15:53:21,884][com.java.SeleniumDriver] [  881] - Datavalue is----------5
[INFO ][2016-01-27 15:53:21,884][com.java.SeleniumDriver] [  905] - DataField : test
[INFO ][2016-01-27 15:53:21,884][com.java.SeleniumDriver] [  907] - DataValue : 5
[INFO ][2016-01-27 15:53:21,884][com.java.SeleniumDriver] [  913] - <In Set values of the page>
[INFO ][2016-01-27 15:53:21,884][com.java.SeleniumDriver] [  916] - {Data Fields & Data Values Exist}
[INFO ][2016-01-27 15:53:21,884][com.java.SeleniumDriver] [  918] - --------------------------setting values-----------------------------
[INFO ][2016-01-27 15:53:21,884][com.java.SeleniumDriver] [  921] - Action Type : WaitTime
[DEBUG][2016-01-27 15:53:21,884][com.java.TestType] [ 6232] - sleepTime: 5000
[INFO ][2016-01-27 15:53:26,885][com.java.SeleniumDriver] [  930] -  RESULT true
[INFO ][2016-01-27 15:53:26,885][com.java.SeleniumDriver] [ 1136] - ?   P A S S   ?
[INFO ][2016-01-27 15:53:26,885][com.java.SeleniumDriver] [  856] - ------------------------------------------
[INFO ][2016-01-27 15:53:26,885][com.java.SeleniumDriver] [  857] - Test case being Executed: 5
[INFO ][2016-01-27 15:53:26,885][com.java.SeleniumDriver] [  869] - Test step:18
[INFO ][2016-01-27 15:53:26,885][com.java.SeleniumDriver] [  881] - Datavalue is----------copy
[INFO ][2016-01-27 15:53:26,885][com.java.SeleniumDriver] [  905] - DataField : XPH//table[@class='dlg_moduleCellTitle']//td[text()='Branch TotemPole Title']/span
[INFO ][2016-01-27 15:53:26,885][com.java.SeleniumDriver] [  907] - DataValue : copy
[INFO ][2016-01-27 15:53:26,885][com.java.SeleniumDriver] [  913] - <In Set values of the page>
[INFO ][2016-01-27 15:53:26,885][com.java.SeleniumDriver] [  916] - {Data Fields & Data Values Exist}
[INFO ][2016-01-27 15:53:26,885][com.java.SeleniumDriver] [  918] - --------------------------setting values-----------------------------
[INFO ][2016-01-27 15:53:26,885][com.java.SeleniumDriver] [  921] - Action Type : Verify
[INFO ][2016-01-27 15:53:26,885][com.java.TestType] [ 8008] - field= XPH//table[@class='dlg_moduleCellTitle']//td[text()='Branch TotemPole Title']/span value= copy
[INFO ][2016-01-27 15:53:26,885][com.java.TestType] [ 6418] - value = copy
[INFO ][2016-01-27 15:53:27,226][com.java.SeleniumDriver] [  930] -  RESULT true
[INFO ][2016-01-27 15:53:27,226][com.java.SeleniumDriver] [ 1136] - ?   P A S S   ?
[INFO ][2016-01-27 15:53:27,226][com.java.SeleniumDriver] [  856] - ------------------------------------------
[INFO ][2016-01-27 15:53:27,226][com.java.SeleniumDriver] [  857] - Test case being Executed: 5
[INFO ][2016-01-27 15:53:27,226][com.java.SeleniumDriver] [  869] - Test step:19
[INFO ][2016-01-27 15:53:27,226][com.java.SeleniumDriver] [  881] - Datavalue is----------TotempoleCopyName
[INFO ][2016-01-27 15:53:27,226][com.java.SeleniumDriver] [  905] - DataField : XPH//table[@class='dlg_moduleCellTitle']//td[text()='Branch TotemPole Title']/span
[INFO ][2016-01-27 15:53:27,226][com.java.SeleniumDriver] [  907] - DataValue : TotempoleCopyName
[INFO ][2016-01-27 15:53:27,226][com.java.SeleniumDriver] [  913] - <In Set values of the page>
[INFO ][2016-01-27 15:53:27,226][com.java.SeleniumDriver] [  916] - {Data Fields & Data Values Exist}
[INFO ][2016-01-27 15:53:27,226][com.java.SeleniumDriver] [  918] - --------------------------setting values-----------------------------
[INFO ][2016-01-27 15:53:27,226][com.java.SeleniumDriver] [  921] - Action Type : StoreValue
[INFO ][2016-01-27 15:53:27,226][com.java.TestType] [ 9433] - field= XPH//table[@class='dlg_moduleCellTitle']//td[text()='Branch TotemPole Title']/span
[DEBUG][2016-01-27 15:53:27,496][com.java.TestType] [ 9488] - Key:: TotempoleCopyName   Value:: Sample Totem Pole copy
[INFO ][2016-01-27 15:53:27,496][com.java.SeleniumDriver] [  930] -  RESULT true
[INFO ][2016-01-27 15:53:27,496][com.java.SeleniumDriver] [ 1136] - ?   P A S S   ?
[INFO ][2016-01-27 15:53:27,496][com.java.SeleniumDriver] [  856] - ------------------------------------------
[INFO ][2016-01-27 15:53:27,496][com.java.SeleniumDriver] [  857] - Test case being Executed: 5
[INFO ][2016-01-27 15:53:27,496][com.java.SeleniumDriver] [  869] - Test step:20
[INFO ][2016-01-27 15:53:27,496][com.java.SeleniumDriver] [  881] - Datavalue is----------null
[DEBUG][2016-01-27 15:53:27,496][com.java.SeleniumDriver] [  899] - Exception: null
[INFO ][2016-01-27 15:53:27,496][com.java.SeleniumDriver] [  905] - DataField : BTNcloseAllTabs
[INFO ][2016-01-27 15:53:27,496][com.java.SeleniumDriver] [  907] - DataValue : 
[INFO ][2016-01-27 15:53:27,496][com.java.SeleniumDriver] [  913] - <In Set values of the page>
[INFO ][2016-01-27 15:53:27,496][com.java.SeleniumDriver] [  916] - {Data Fields & Data Values Exist}
[INFO ][2016-01-27 15:53:27,496][com.java.SeleniumDriver] [  918] - --------------------------setting values-----------------------------
[INFO ][2016-01-27 15:53:27,496][com.java.SeleniumDriver] [  921] - Action Type : CLICK
[INFO ][2016-01-27 15:53:27,496][com.java.TestType] [ 6797] - Field ::BTNcloseAllTabs
[INFO ][2016-01-27 15:53:27,496][com.java.TestType] [ 6418] - value = 
[INFO ][2016-01-27 15:53:28,496][com.java.TestType] [ 6949] - BEFORE CLICK
[INFO ][2016-01-27 15:53:30,504][com.java.TestType] [ 6956] - Unable to click the object Close all tabs button
[INFO ][2016-01-27 15:53:30,504][com.java.SeleniumDriver] [  930] -  RESULT true
[INFO ][2016-01-27 15:53:30,504][com.java.SeleniumDriver] [ 1136] - ?   P A S S   ?
[INFO ][2016-01-27 15:53:30,504][com.java.SeleniumDriver] [  856] - ------------------------------------------
[INFO ][2016-01-27 15:53:30,504][com.java.SeleniumDriver] [  857] - Test case being Executed: 5
[INFO ][2016-01-27 15:53:30,504][com.java.SeleniumDriver] [  869] - Test step:21
[INFO ][2016-01-27 15:53:30,504][com.java.SeleniumDriver] [  881] - Datavalue is----------3
[INFO ][2016-01-27 15:53:30,504][com.java.SeleniumDriver] [  905] - DataField : XPH//div[contains(text(), 'My Dashboard')]
[INFO ][2016-01-27 15:53:30,504][com.java.SeleniumDriver] [  907] - DataValue : 3
[INFO ][2016-01-27 15:53:30,504][com.java.SeleniumDriver] [  913] - <In Set values of the page>
[INFO ][2016-01-27 15:53:30,504][com.java.SeleniumDriver] [  916] - {Data Fields & Data Values Exist}
[INFO ][2016-01-27 15:53:30,504][com.java.SeleniumDriver] [  918] - --------------------------setting values-----------------------------
[INFO ][2016-01-27 15:53:30,504][com.java.SeleniumDriver] [  921] - Action Type : WAITFORELEMENT
[INFO ][2016-01-27 15:53:30,894][com.java.SeleniumDriver] [  930] -  RESULT true
[INFO ][2016-01-27 15:53:30,894][com.java.SeleniumDriver] [ 1136] - ?   P A S S   ?
[INFO ][2016-01-27 15:53:30,894][com.java.SeleniumDriver] [  856] - ------------------------------------------
[INFO ][2016-01-27 15:53:30,894][com.java.SeleniumDriver] [  857] - Test case being Executed: 5
[INFO ][2016-01-27 15:53:30,894][com.java.SeleniumDriver] [  869] - Test step:22
[INFO ][2016-01-27 15:53:30,894][com.java.SeleniumDriver] [  881] - Datavalue is----------//div[contains(text(), 'My Dashboard')]
[INFO ][2016-01-27 15:53:30,894][com.java.SeleniumDriver] [  905] - DataField : BTN
[INFO ][2016-01-27 15:53:30,894][com.java.SeleniumDriver] [  907] - DataValue : //div[contains(text(), 'My Dashboard')]
[INFO ][2016-01-27 15:53:30,894][com.java.SeleniumDriver] [  913] - <In Set values of the page>
[INFO ][2016-01-27 15:53:30,894][com.java.SeleniumDriver] [  916] - {Data Fields & Data Values Exist}
[INFO ][2016-01-27 15:53:30,894][com.java.SeleniumDriver] [  918] - --------------------------setting values-----------------------------
[INFO ][2016-01-27 15:53:30,894][com.java.SeleniumDriver] [  921] - Action Type : VERIFY
[INFO ][2016-01-27 15:53:30,894][com.java.TestType] [ 8008] - field= BTN value= //div[contains(text(), 'My Dashboard')]
[INFO ][2016-01-27 15:53:30,894][com.java.TestType] [ 6418] - value = //div[contains(text(), 'My Dashboard')]
[INFO ][2016-01-27 15:53:31,365][com.java.SeleniumDriver] [  930] -  RESULT true
[INFO ][2016-01-27 15:53:31,365][com.java.SeleniumDriver] [ 1136] - ?   P A S S   ?
[INFO ][2016-01-27 15:53:31,365][com.java.SeleniumDriver] [  856] - ------------------------------------------
[INFO ][2016-01-27 15:53:31,365][com.java.SeleniumDriver] [  857] - Test case being Executed: 5
[INFO ][2016-01-27 15:53:31,365][com.java.SeleniumDriver] [  869] - Test step:23
[INFO ][2016-01-27 15:53:31,365][com.java.SeleniumDriver] [  881] - Datavalue is----------null
[DEBUG][2016-01-27 15:53:31,365][com.java.SeleniumDriver] [  899] - Exception: null
[INFO ][2016-01-27 15:53:31,365][com.java.SeleniumDriver] [  905] - DataField : //span[@class='icon-bars2']&&//a[@data-id='ManageExisting']
[INFO ][2016-01-27 15:53:31,365][com.java.SeleniumDriver] [  907] - DataValue : 
[INFO ][2016-01-27 15:53:31,365][com.java.SeleniumDriver] [  913] - <In Set values of the page>
[INFO ][2016-01-27 15:53:31,365][com.java.SeleniumDriver] [  916] - {Data Fields & Data Values Exist}
[INFO ][2016-01-27 15:53:31,365][com.java.SeleniumDriver] [  918] - --------------------------setting values-----------------------------
[INFO ][2016-01-27 15:53:31,365][com.java.SeleniumDriver] [  921] - Action Type : MOUSEOVER
[INFO ][2016-01-27 15:53:56,814][com.java.SeleniumDriver] [  930] -  RESULT true
[INFO ][2016-01-27 15:53:56,814][com.java.SeleniumDriver] [ 1136] - ?   P A S S   ?
[INFO ][2016-01-27 15:53:56,814][com.java.SeleniumDriver] [  856] - ------------------------------------------
[INFO ][2016-01-27 15:53:56,814][com.java.SeleniumDriver] [  857] - Test case being Executed: 5
[INFO ][2016-01-27 15:53:56,814][com.java.SeleniumDriver] [  869] - Test step:24
[INFO ][2016-01-27 15:53:56,814][com.java.SeleniumDriver] [  881] - Datavalue is----------3
[INFO ][2016-01-27 15:53:56,814][com.java.SeleniumDriver] [  905] - DataField : BTNframeDialogContent
[INFO ][2016-01-27 15:53:56,814][com.java.SeleniumDriver] [  907] - DataValue : 3
[INFO ][2016-01-27 15:53:56,814][com.java.SeleniumDriver] [  913] - <In Set values of the page>
[INFO ][2016-01-27 15:53:56,814][com.java.SeleniumDriver] [  916] - {Data Fields & Data Values Exist}
[INFO ][2016-01-27 15:53:56,814][com.java.SeleniumDriver] [  918] - --------------------------setting values-----------------------------
[INFO ][2016-01-27 15:53:56,814][com.java.SeleniumDriver] [  921] - Action Type : WaitForElement
[INFO ][2016-01-27 15:53:58,005][com.java.SeleniumDriver] [  930] -  RESULT true
[INFO ][2016-01-27 15:53:58,005][com.java.SeleniumDriver] [ 1136] - ?   P A S S   ?
[INFO ][2016-01-27 15:53:58,005][com.java.SeleniumDriver] [  856] - ------------------------------------------
[INFO ][2016-01-27 15:53:58,005][com.java.SeleniumDriver] [  857] - Test case being Executed: 5
[INFO ][2016-01-27 15:53:58,005][com.java.SeleniumDriver] [  869] - Test step:25
[INFO ][2016-01-27 15:53:58,005][com.java.SeleniumDriver] [  881] - Datavalue is----------null
[DEBUG][2016-01-27 15:53:58,005][com.java.SeleniumDriver] [  899] - Exception: null
[INFO ][2016-01-27 15:53:58,005][com.java.SeleniumDriver] [  905] - DataField : BTNframeDialogContent
[INFO ][2016-01-27 15:53:58,005][com.java.SeleniumDriver] [  907] - DataValue : 
[INFO ][2016-01-27 15:53:58,005][com.java.SeleniumDriver] [  913] - <In Set values of the page>
[INFO ][2016-01-27 15:53:58,005][com.java.SeleniumDriver] [  916] - {Data Fields & Data Values Exist}
[INFO ][2016-01-27 15:53:58,005][com.java.SeleniumDriver] [  918] - --------------------------setting values-----------------------------
[INFO ][2016-01-27 15:53:58,005][com.java.SeleniumDriver] [  921] - Action Type : SELECTFRAME
[INFO ][2016-01-27 15:53:59,238][com.java.SeleniumDriver] [  930] -  RESULT true
[INFO ][2016-01-27 15:53:59,238][com.java.SeleniumDriver] [ 1136] - ?   P A S S   ?
[INFO ][2016-01-27 15:53:59,238][com.java.SeleniumDriver] [  856] - ------------------------------------------
[INFO ][2016-01-27 15:53:59,238][com.java.SeleniumDriver] [  857] - Test case being Executed: 5
[INFO ][2016-01-27 15:53:59,238][com.java.SeleniumDriver] [  869] - Test step:26
[INFO ][2016-01-27 15:53:59,238][com.java.SeleniumDriver] [  881] - Datavalue is----------HMVTotempoleCopyName
[INFO ][2016-01-27 15:53:59,238][com.java.SeleniumDriver] [  905] - DataField : SLBddlTotemPoles
[INFO ][2016-01-27 15:53:59,238][com.java.SeleniumDriver] [  907] - DataValue : HMVTotempoleCopyName
[INFO ][2016-01-27 15:53:59,238][com.java.SeleniumDriver] [  913] - <In Set values of the page>
[INFO ][2016-01-27 15:53:59,238][com.java.SeleniumDriver] [  916] - {Data Fields & Data Values Exist}
[INFO ][2016-01-27 15:53:59,238][com.java.SeleniumDriver] [  918] - --------------------------setting values-----------------------------
[INFO ][2016-01-27 15:53:59,238][com.java.SeleniumDriver] [  921] - Action Type : Select
[INFO ][2016-01-27 15:53:59,238][com.java.TestType] [ 6418] - value = Sample Totem Pole copy
[INFO ][2016-01-27 15:54:01,540][com.java.SeleniumDriver] [  930] -  RESULT true
[INFO ][2016-01-27 15:54:01,540][com.java.SeleniumDriver] [ 1136] - ?   P A S S   ?
[INFO ][2016-01-27 15:54:01,540][com.java.SeleniumDriver] [  856] - ------------------------------------------
[INFO ][2016-01-27 15:54:01,540][com.java.SeleniumDriver] [  857] - Test case being Executed: 5
[INFO ][2016-01-27 15:54:01,540][com.java.SeleniumDriver] [  869] - Test step:27
[INFO ][2016-01-27 15:54:01,540][com.java.SeleniumDriver] [  881] - Datavalue is----------null
[DEBUG][2016-01-27 15:54:01,540][com.java.SeleniumDriver] [  899] - Exception: null
[INFO ][2016-01-27 15:54:01,540][com.java.SeleniumDriver] [  905] - DataField : BTNparent
[INFO ][2016-01-27 15:54:01,540][com.java.SeleniumDriver] [  907] - DataValue : 
[INFO ][2016-01-27 15:54:01,540][com.java.SeleniumDriver] [  913] - <In Set values of the page>
[INFO ][2016-01-27 15:54:01,540][com.java.SeleniumDriver] [  916] - {Data Fields & Data Values Exist}
[INFO ][2016-01-27 15:54:01,540][com.java.SeleniumDriver] [  918] - --------------------------setting values-----------------------------
[INFO ][2016-01-27 15:54:01,540][com.java.SeleniumDriver] [  921] - Action Type : SELECTFRAME
[INFO ][2016-01-27 15:54:01,550][com.java.SeleniumDriver] [  930] -  RESULT true
[INFO ][2016-01-27 15:54:01,550][com.java.SeleniumDriver] [ 1136] - ?   P A S S   ?
[INFO ][2016-01-27 15:54:01,550][com.java.SeleniumDriver] [  856] - ------------------------------------------
[INFO ][2016-01-27 15:54:01,550][com.java.SeleniumDriver] [  857] - Test case being Executed: 5
[INFO ][2016-01-27 15:54:01,550][com.java.SeleniumDriver] [  869] - Test step:28
[INFO ][2016-01-27 15:54:01,550][com.java.SeleniumDriver] [  881] - Datavalue is----------null
[DEBUG][2016-01-27 15:54:01,550][com.java.SeleniumDriver] [  899] - Exception: null
[INFO ][2016-01-27 15:54:01,550][com.java.SeleniumDriver] [  905] - DataField : HDN//span[text()='Select']
[INFO ][2016-01-27 15:54:01,550][com.java.SeleniumDriver] [  907] - DataValue : 
[INFO ][2016-01-27 15:54:01,550][com.java.SeleniumDriver] [  913] - <In Set values of the page>
[INFO ][2016-01-27 15:54:01,550][com.java.SeleniumDriver] [  916] - {Data Fields & Data Values Exist}
[INFO ][2016-01-27 15:54:01,550][com.java.SeleniumDriver] [  918] - --------------------------setting values-----------------------------
[INFO ][2016-01-27 15:54:01,550][com.java.SeleniumDriver] [  921] - Action Type : Click
[INFO ][2016-01-27 15:54:01,550][com.java.TestType] [ 6797] - Field ::HDN//span[text()='Select']
[INFO ][2016-01-27 15:54:01,550][com.java.TestType] [ 6418] - value = 
[INFO ][2016-01-27 15:54:02,711][com.java.SeleniumDriver] [  930] -  RESULT true
[INFO ][2016-01-27 15:54:02,711][com.java.SeleniumDriver] [ 1136] - ?   P A S S   ?
[INFO ][2016-01-27 15:54:02,711][com.java.SeleniumDriver] [  856] - ------------------------------------------
[INFO ][2016-01-27 15:54:02,711][com.java.SeleniumDriver] [  857] - Test case being Executed: 5
[INFO ][2016-01-27 15:54:02,711][com.java.SeleniumDriver] [  869] - Test step:29
[INFO ][2016-01-27 15:54:02,711][com.java.SeleniumDriver] [  881] - Datavalue is----------2
[INFO ][2016-01-27 15:54:02,711][com.java.SeleniumDriver] [  905] - DataField : BTNcopyButton
[INFO ][2016-01-27 15:54:02,711][com.java.SeleniumDriver] [  907] - DataValue : 2
[INFO ][2016-01-27 15:54:02,711][com.java.SeleniumDriver] [  913] - <In Set values of the page>
[INFO ][2016-01-27 15:54:02,711][com.java.SeleniumDriver] [  916] - {Data Fields & Data Values Exist}
[INFO ][2016-01-27 15:54:02,711][com.java.SeleniumDriver] [  918] - --------------------------setting values-----------------------------
[INFO ][2016-01-27 15:54:02,711][com.java.SeleniumDriver] [  921] - Action Type : WaitForElement
[INFO ][2016-01-27 15:54:04,138][com.java.SeleniumDriver] [  930] -  RESULT true
[INFO ][2016-01-27 15:54:04,138][com.java.SeleniumDriver] [ 1136] - ?   P A S S   ?
[INFO ][2016-01-27 15:54:04,138][com.java.SeleniumDriver] [  856] - ------------------------------------------
[INFO ][2016-01-27 15:54:04,138][com.java.SeleniumDriver] [  857] - Test case being Executed: 5
[INFO ][2016-01-27 15:54:04,138][com.java.SeleniumDriver] [  869] - Test step:30
[INFO ][2016-01-27 15:54:04,138][com.java.SeleniumDriver] [  881] - Datavalue is----------3
[INFO ][2016-01-27 15:54:04,138][com.java.SeleniumDriver] [  905] - DataField : test
[INFO ][2016-01-27 15:54:04,138][com.java.SeleniumDriver] [  907] - DataValue : 3
[INFO ][2016-01-27 15:54:04,138][com.java.SeleniumDriver] [  913] - <In Set values of the page>
[INFO ][2016-01-27 15:54:04,138][com.java.SeleniumDriver] [  916] - {Data Fields & Data Values Exist}
[INFO ][2016-01-27 15:54:04,138][com.java.SeleniumDriver] [  918] - --------------------------setting values-----------------------------
[INFO ][2016-01-27 15:54:04,138][com.java.SeleniumDriver] [  921] - Action Type : WaitTime
[DEBUG][2016-01-27 15:54:04,138][com.java.TestType] [ 6232] - sleepTime: 3000
[INFO ][2016-01-27 15:54:07,139][com.java.SeleniumDriver] [  930] -  RESULT true
[INFO ][2016-01-27 15:54:07,139][com.java.SeleniumDriver] [ 1136] - ?   P A S S   ?
[INFO ][2016-01-27 15:54:07,139][com.java.SeleniumDriver] [  856] - ------------------------------------------
[INFO ][2016-01-27 15:54:07,139][com.java.SeleniumDriver] [  857] - Test case being Executed: 5
[INFO ][2016-01-27 15:54:07,139][com.java.SeleniumDriver] [  869] - Test step:31
[INFO ][2016-01-27 15:54:07,139][com.java.SeleniumDriver] [  881] - Datavalue is----------copy
[INFO ][2016-01-27 15:54:07,139][com.java.SeleniumDriver] [  905] - DataField : XPH//div[@id='newusercontent']/div[last()]//table[@class='dlg_moduleCellTitle']//td[text()='Branch TotemPole Title']/span
[INFO ][2016-01-27 15:54:07,139][com.java.SeleniumDriver] [  907] - DataValue : copy
[INFO ][2016-01-27 15:54:07,139][com.java.SeleniumDriver] [  913] - <In Set values of the page>
[INFO ][2016-01-27 15:54:07,139][com.java.SeleniumDriver] [  916] - {Data Fields & Data Values Exist}
[INFO ][2016-01-27 15:54:07,139][com.java.SeleniumDriver] [  918] - --------------------------setting values-----------------------------
[INFO ][2016-01-27 15:54:07,139][com.java.SeleniumDriver] [  921] - Action Type : Verify
[INFO ][2016-01-27 15:54:07,139][com.java.TestType] [ 8008] - field= XPH//div[@id='newusercontent']/div[last()]//table[@class='dlg_moduleCellTitle']//td[text()='Branch TotemPole Title']/span value= copy
[INFO ][2016-01-27 15:54:07,139][com.java.TestType] [ 6418] - value = copy
[INFO ][2016-01-27 15:54:07,710][com.java.SeleniumDriver] [  930] -  RESULT true
[INFO ][2016-01-27 15:54:07,710][com.java.SeleniumDriver] [ 1136] - ?   P A S S   ?
[INFO ][2016-01-27 15:54:07,710][com.java.SeleniumDriver] [  856] - ------------------------------------------
[INFO ][2016-01-27 15:54:07,710][com.java.SeleniumDriver] [  857] - Test case being Executed: 5
[INFO ][2016-01-27 15:54:07,710][com.java.SeleniumDriver] [  869] - Test step:32
[INFO ][2016-01-27 15:54:07,710][com.java.SeleniumDriver] [  881] - Datavalue is----------30%
[INFO ][2016-01-27 15:54:07,710][com.java.SeleniumDriver] [  905] - DataField : XPH//div[@id='newusercontent']/div[last()]//td[text()='Balance Sheet']/following-sibling::td[1]
[INFO ][2016-01-27 15:54:07,710][com.java.SeleniumDriver] [  907] - DataValue : 30%
[INFO ][2016-01-27 15:54:07,710][com.java.SeleniumDriver] [  913] - <In Set values of the page>
[INFO ][2016-01-27 15:54:07,710][com.java.SeleniumDriver] [  916] - {Data Fields & Data Values Exist}
[INFO ][2016-01-27 15:54:07,710][com.java.SeleniumDriver] [  918] - --------------------------setting values-----------------------------
[INFO ][2016-01-27 15:54:07,710][com.java.SeleniumDriver] [  921] - Action Type : Verify
[INFO ][2016-01-27 15:54:07,710][com.java.TestType] [ 8008] - field= XPH//div[@id='newusercontent']/div[last()]//td[text()='Balance Sheet']/following-sibling::td[1] value= 30%
[INFO ][2016-01-27 15:54:07,710][com.java.TestType] [ 6418] - value = 30%
[INFO ][2016-01-27 15:54:08,340][com.java.SeleniumDriver] [  930] -  RESULT true
[INFO ][2016-01-27 15:54:08,340][com.java.SeleniumDriver] [ 1136] - ?   P A S S   ?
[INFO ][2016-01-27 15:54:08,340][com.java.SeleniumDriver] [  856] - ------------------------------------------
[INFO ][2016-01-27 15:54:08,340][com.java.SeleniumDriver] [  857] - Test case being Executed: 5
[INFO ][2016-01-27 15:54:08,340][com.java.SeleniumDriver] [  869] - Test step:33
[INFO ][2016-01-27 15:54:08,340][com.java.SeleniumDriver] [  881] - Datavalue is----------40%
[INFO ][2016-01-27 15:54:08,340][com.java.SeleniumDriver] [  905] - DataField : XPH//div[@id='newusercontent']/div[last()]//td[text()='Income Statement']/following-sibling::td[1]
[INFO ][2016-01-27 15:54:08,340][com.java.SeleniumDriver] [  907] - DataValue : 40%
[INFO ][2016-01-27 15:54:08,340][com.java.SeleniumDriver] [  913] - <In Set values of the page>
[INFO ][2016-01-27 15:54:08,340][com.java.SeleniumDriver] [  916] - {Data Fields & Data Values Exist}
[INFO ][2016-01-27 15:54:08,340][com.java.SeleniumDriver] [  918] - --------------------------setting values-----------------------------
[INFO ][2016-01-27 15:54:08,340][com.java.SeleniumDriver] [  921] - Action Type : Verify
[INFO ][2016-01-27 15:54:08,340][com.java.TestType] [ 8008] - field= XPH//div[@id='newusercontent']/div[last()]//td[text()='Income Statement']/following-sibling::td[1] value= 40%
[INFO ][2016-01-27 15:54:08,340][com.java.TestType] [ 6418] - value = 40%
[INFO ][2016-01-27 15:54:08,881][com.java.SeleniumDriver] [  930] -  RESULT false
[INFO ][2016-01-27 15:54:08,881][com.java.SeleniumDriver] [  977] - ?   F A I L   ?
[INFO ][2016-01-27 15:54:08,881][com.java.SeleniumDriver] [  985] - Browser Type : IE10
[INFO ][2016-01-27 15:54:08,881][com.java.SeleniumDriver] [  986] - Adding Failed case5
[INFO ][2016-01-27 15:54:09,761][com.java.SeleniumDriver] [ 1100] - failedCases = 5
[ERROR][2016-01-27 15:54:09,761][com.java.SeleniumDriver] [ 1599] - Platform Errors : Our apologies...::We have encountered an issue with your request.::Our apologies?:We encountered an issue with your request.
[INFO ][2016-01-27 15:54:09,761][com.java.SeleniumDriver] [ 1603] - Length =3
[ERROR][2016-01-27 15:54:09,761][com.java.SeleniumDriver] [ 1606] - Error 0 = Our apologies...
[ERROR][2016-01-27 15:54:09,894][com.java.SeleniumDriver] [ 1606] - Error 1 = We have encountered an issue with your request.
[ERROR][2016-01-27 15:54:10,064][com.java.SeleniumDriver] [ 1606] - Error 2 = Our apologies?:We encountered an issue with your request.
[INFO ][2016-01-27 15:54:10,204][com.java.SeleniumDriver] [ 1617] - strError:
[DEBUG][2016-01-27 15:54:10,234][com.java.SeleniumDriver] [ 1248] - Case found
[DEBUG][2016-01-27 15:54:10,234][com.java.SeleniumDriver] [ 1253] - Incrementing ReportCounters[0]:2
[INFO ][2016-01-27 15:54:10,234][com.java.SeleniumDriver] [ 1272] - The results are-------------------[5, 33, Totem Poles : Manage Existing Totem Poles : Copy Totem Pole, Fail, 
Test case failed at Step No. :: 33. Screen Shot : D:\BankersDashboard\TestReports\012716\5_012716_155408_IE10.png, Wed Jan 27 15:54:10 IST 2016]
[INFO ][2016-01-27 15:54:10,234][com.java.SeleniumDriver] [ 1276] - End time is-------2 min 47 sec
[INFO ][2016-01-27 15:54:10,234][com.java.SeleniumDriver] [ 1277] - The results are-------------------[5, 33, Totem Poles : Manage Existing Totem Poles : Copy Totem Pole, Fail, 
Test case failed at Step No. :: 33. Screen Shot : D:\BankersDashboard\TestReports\012716\5_012716_155408_IE10.png, Wed Jan 27 15:54:10 IST 2016]
[DEBUG][2016-01-27 15:54:10,234][com.java.ImportnExport.ExportTestResultsExcel] [  222] - testResultPath = D:\BankersDashboard/TestReports/Test Results_BankersDashBoard_012716_155125_IE10_Bank of North Carolina.xls
[DEBUG][2016-01-27 15:54:10,234][com.java.ImportnExport.ExportTestResultsExcel] [  223] - browser is------------IE10
[DEBUG][2016-01-27 15:54:10,234][com.java.ImportnExport.ExportTestResultsExcel] [  270] - result.size() = 6
[DEBUG][2016-01-27 15:54:10,234][com.java.ImportnExport.ExportTestResultsExcel] [  274] - No of rows in sheet=2
[DEBUG][2016-01-27 15:54:10,234][com.java.ImportnExport.ExportTestResultsExcel] [  301] - ..in export..5
[DEBUG][2016-01-27 15:54:10,234][com.java.ImportnExport.ExportTestResultsExcel] [  301] - ..in export..Totem Poles : Manage Existing Totem Poles : Copy Totem Pole
[DEBUG][2016-01-27 15:54:10,234][com.java.ImportnExport.ExportTestResultsExcel] [  301] - ..in export..Fail
[DEBUG][2016-01-27 15:54:10,234][com.java.ImportnExport.ExportTestResultsExcel] [  301] - ..in export..
Test case failed at Step No. :: 33. Screen Shot : D:\BankersDashboard\TestReports\012716\5_012716_155408_IE10.png
[DEBUG][2016-01-27 15:54:10,234][com.java.ImportnExport.ExportTestResultsExcel] [  301] - ..in export..Wed Jan 27 15:54:10 IST 2016
[INFO ][2016-01-27 15:54:10,234][com.java.SeleniumDriver] [ 1337] - out loop:1 size:3 TestCases:[1, 5, 8] testcases:[1, 5, 8]
[INFO ][2016-01-27 15:54:10,234][com.java.ImportnExport.ImportTestDataDetailsExcel] [   49] - test data details path===== D:\BankersDashboard\TestInputs\TestData.xls
[INFO ][2016-01-27 15:54:32,977][com.java.SeleniumDriver] [  856] - ------------------------------------------
[INFO ][2016-01-27 15:54:32,977][com.java.SeleniumDriver] [  857] - Test case being Executed: 8
[INFO ][2016-01-27 15:54:32,977][com.java.SeleniumDriver] [  869] - Test step:1
[INFO ][2016-01-27 15:54:32,977][com.java.SeleniumDriver] [  881] - Datavalue is----------Logout
[INFO ][2016-01-27 15:54:32,977][com.java.SeleniumDriver] [  905] - DataField : BTN
[INFO ][2016-01-27 15:54:32,977][com.java.SeleniumDriver] [  907] - DataValue : Logout
[INFO ][2016-01-27 15:54:32,977][com.java.SeleniumDriver] [  913] - <In Set values of the page>
[INFO ][2016-01-27 15:54:32,977][com.java.SeleniumDriver] [  916] - {Data Fields & Data Values Exist}
[INFO ][2016-01-27 15:54:32,977][com.java.SeleniumDriver] [  918] - --------------------------setting values-----------------------------
[INFO ][2016-01-27 15:54:32,977][com.java.SeleniumDriver] [  921] - Action Type : Verify
[INFO ][2016-01-27 15:54:32,977][com.java.TestType] [ 8008] - field= BTN value= Logout
[INFO ][2016-01-27 15:54:32,977][com.java.TestType] [ 6418] - value = Logout
[INFO ][2016-01-27 15:54:33,428][com.java.SeleniumDriver] [  930] -  RESULT true
[INFO ][2016-01-27 15:54:33,428][com.java.SeleniumDriver] [ 1136] - ?   P A S S   ?
[INFO ][2016-01-27 15:54:33,428][com.java.SeleniumDriver] [ 1178] - step change to 3
[INFO ][2016-01-27 15:54:33,428][com.java.SeleniumDriver] [  856] - ------------------------------------------
[INFO ][2016-01-27 15:54:33,428][com.java.SeleniumDriver] [  857] - Test case being Executed: 8
[INFO ][2016-01-27 15:54:33,428][com.java.SeleniumDriver] [  869] - Test step:3
[INFO ][2016-01-27 15:54:33,428][com.java.SeleniumDriver] [  881] - Datavalue is----------Concept#2:1-2
[INFO ][2016-01-27 15:54:33,428][com.java.SeleniumDriver] [  905] - DataField : test
[INFO ][2016-01-27 15:54:33,428][com.java.SeleniumDriver] [  907] - DataValue : Concept#2:1-2
[INFO ][2016-01-27 15:54:33,428][com.java.SeleniumDriver] [  913] - <In Set values of the page>
[INFO ][2016-01-27 15:54:33,428][com.java.SeleniumDriver] [  916] - {Data Fields & Data Values Exist}
[INFO ][2016-01-27 15:54:33,428][com.java.SeleniumDriver] [  918] - --------------------------setting values-----------------------------
[INFO ][2016-01-27 15:54:33,428][com.java.SeleniumDriver] [  921] - Action Type : ExecuteTestCase
[INFO ][2016-01-27 15:54:33,428][com.java.TestType] [  442] - The Concept sheet name is ---------- Concept
[INFO ][2016-01-27 15:54:33,428][com.java.TestType] [  445] - The Concept ID  is ---------- 2
[DEBUG][2016-01-27 15:54:33,428][com.java.TestType] [  449] - Steps being executted in the Concept are: 1:2
[INFO ][2016-01-27 15:54:33,428][com.java.TestType] [  456] - Test data details path ---------- D:\BankersDashboard\TestInputs\TestData.xls
[INFO ][2016-01-27 15:54:33,428][com.java.TestType] [  487] -  str(1) = 2
[INFO ][2016-01-27 15:54:33,428][com.java.TestType] [  490] - Test case Id is---2
[INFO ][2016-01-27 15:54:33,428][com.java.TestType] [  492] - 2
[INFO ][2016-01-27 15:54:33,428][com.java.TestType] [  487] -  str(2) = 1
[INFO ][2016-01-27 15:54:33,428][com.java.TestType] [  487] -  str(1) = 2
[INFO ][2016-01-27 15:54:33,428][com.java.TestType] [  490] - Test case Id is---2
[INFO ][2016-01-27 15:54:33,428][com.java.TestType] [  492] - 2
[INFO ][2016-01-27 15:54:33,428][com.java.TestType] [  487] -  str(2) = 2
[INFO ][2016-01-27 15:54:33,428][com.java.TestType] [  487] -  str(1) = 2
[INFO ][2016-01-27 15:54:33,428][com.java.TestType] [  490] - Test case Id is---2
[INFO ][2016-01-27 15:54:33,428][com.java.TestType] [  492] - 2
[INFO ][2016-01-27 15:54:33,428][com.java.TestType] [  487] -  str(2) = 3
[INFO ][2016-01-27 15:54:33,428][com.java.TestType] [11673] - Looping 1TCID = 2
[DEBUG][2016-01-27 15:54:33,428][com.java.TestType] [11714] - Concept ID:2 :: Step being Executed: 2::1
[INFO ][2016-01-27 15:54:33,428][com.java.TestType] [11752] - dataFields : BNK//select[@id='bank']
[DEBUG][2016-01-27 15:54:33,428][com.java.TestType] [11758] - <In Set values of the page>
[DEBUG][2016-01-27 15:54:33,428][com.java.TestType] [11763] - {Data Fields & Data Values Exist}
[INFO ][2016-01-27 15:54:33,428][com.java.TestType] [11769] - --------------------------setting values-----------------------------
[INFO ][2016-01-27 15:54:33,428][com.java.TestType] [11772] - Action Type : Select
[INFO ][2016-01-27 15:54:33,438][com.java.TestType] [ 6418] - value = PFC
[INFO ][2016-01-27 15:54:34,659][com.java.TestType] [11791] -  RESULT true
[INFO ][2016-01-27 15:54:34,659][com.java.TestType] [11908] - ?   P A S S   ?
[DEBUG][2016-01-27 15:54:34,659][com.java.TestType] [11714] - Concept ID:2 :: Step being Executed: 2::2
[INFO ][2016-01-27 15:54:34,659][com.java.TestType] [11752] - dataFields : LNKLogout
[DEBUG][2016-01-27 15:54:34,659][com.java.TestType] [11758] - <In Set values of the page>
[DEBUG][2016-01-27 15:54:34,659][com.java.TestType] [11763] - {Data Fields & Data Values Exist}
[INFO ][2016-01-27 15:54:34,659][com.java.TestType] [11769] - --------------------------setting values-----------------------------
[INFO ][2016-01-27 15:54:34,659][com.java.TestType] [11772] - Action Type : WaitTime
[DEBUG][2016-01-27 15:54:34,659][com.java.TestType] [ 6232] - sleepTime: 5000
[INFO ][2016-01-27 15:54:39,659][com.java.TestType] [11791] -  RESULT true
[INFO ][2016-01-27 15:54:39,659][com.java.TestType] [11908] - ?   P A S S   ?
[INFO ][2016-01-27 15:54:39,659][com.java.TestType] [11979] - Looping End......
[INFO ][2016-01-27 15:54:39,659][com.java.SeleniumDriver] [  930] -  RESULT true
[INFO ][2016-01-27 15:54:39,659][com.java.SeleniumDriver] [ 1136] - ?   P A S S   ?
[INFO ][2016-01-27 15:54:39,659][com.java.SeleniumDriver] [  856] - ------------------------------------------
[INFO ][2016-01-27 15:54:39,659][com.java.SeleniumDriver] [  857] - Test case being Executed: 8
[INFO ][2016-01-27 15:54:39,659][com.java.SeleniumDriver] [  869] - Test step:4
[INFO ][2016-01-27 15:54:39,659][com.java.SeleniumDriver] [  881] - Datavalue is----------null
[DEBUG][2016-01-27 15:54:39,659][com.java.SeleniumDriver] [  899] - Exception: null
[INFO ][2016-01-27 15:54:39,659][com.java.SeleniumDriver] [  905] - DataField : //span[@class="icon-checkmark"]&&//a[@data-id="LoanPricingModel"]
[INFO ][2016-01-27 15:54:39,659][com.java.SeleniumDriver] [  907] - DataValue : 
[INFO ][2016-01-27 15:54:39,659][com.java.SeleniumDriver] [  913] - <In Set values of the page>
[INFO ][2016-01-27 15:54:39,659][com.java.SeleniumDriver] [  916] - {Data Fields & Data Values Exist}
[INFO ][2016-01-27 15:54:39,659][com.java.SeleniumDriver] [  918] - --------------------------setting values-----------------------------
[INFO ][2016-01-27 15:54:39,659][com.java.SeleniumDriver] [  921] - Action Type : MOUSEOVER
[INFO ][2016-01-27 15:55:02,686][com.java.SeleniumDriver] [  930] -  RESULT true
[INFO ][2016-01-27 15:55:02,686][com.java.SeleniumDriver] [ 1136] - ?   P A S S   ?
[INFO ][2016-01-27 15:55:02,686][com.java.SeleniumDriver] [  856] - ------------------------------------------
[INFO ][2016-01-27 15:55:02,686][com.java.SeleniumDriver] [  857] - Test case being Executed: 8
[INFO ][2016-01-27 15:55:02,686][com.java.SeleniumDriver] [  869] - Test step:5
[INFO ][2016-01-27 15:55:02,686][com.java.SeleniumDriver] [  881] - Datavalue is----------2
[INFO ][2016-01-27 15:55:02,686][com.java.SeleniumDriver] [  905] - DataField : XPH//li[@class="inactiveTab"]//a[@title="Loan Pricing"]
[INFO ][2016-01-27 15:55:02,686][com.java.SeleniumDriver] [  907] - DataValue : 2
[INFO ][2016-01-27 15:55:02,686][com.java.SeleniumDriver] [  913] - <In Set values of the page>
[INFO ][2016-01-27 15:55:02,686][com.java.SeleniumDriver] [  916] - {Data Fields & Data Values Exist}
[INFO ][2016-01-27 15:55:02,686][com.java.SeleniumDriver] [  918] - --------------------------setting values-----------------------------
[INFO ][2016-01-27 15:55:02,686][com.java.SeleniumDriver] [  921] - Action Type : waitforelement
[INFO ][2016-01-27 15:55:02,717][com.java.SeleniumDriver] [  930] -  RESULT true
[INFO ][2016-01-27 15:55:02,717][com.java.SeleniumDriver] [ 1136] - ?   P A S S   ?
[INFO ][2016-01-27 15:55:02,717][com.java.SeleniumDriver] [ 1173] - Continue next step...
[INFO ][2016-01-27 15:55:02,717][com.java.SeleniumDriver] [  856] - ------------------------------------------
[INFO ][2016-01-27 15:55:02,717][com.java.SeleniumDriver] [  857] - Test case being Executed: 8
[INFO ][2016-01-27 15:55:02,717][com.java.SeleniumDriver] [  869] - Test step:6
[INFO ][2016-01-27 15:55:02,717][com.java.SeleniumDriver] [  881] - Datavalue is----------null
[DEBUG][2016-01-27 15:55:02,717][com.java.SeleniumDriver] [  899] - Exception: null
[INFO ][2016-01-27 15:55:02,717][com.java.SeleniumDriver] [  905] - DataField : XPH//li[@class="inactiveTab"]//a[@title="Loan Pricing"]
[INFO ][2016-01-27 15:55:02,717][com.java.SeleniumDriver] [  907] - DataValue : 
[INFO ][2016-01-27 15:55:02,717][com.java.SeleniumDriver] [  913] - <In Set values of the page>
[INFO ][2016-01-27 15:55:02,717][com.java.SeleniumDriver] [  916] - {Data Fields & Data Values Exist}
[INFO ][2016-01-27 15:55:02,717][com.java.SeleniumDriver] [  918] - --------------------------setting values-----------------------------
[INFO ][2016-01-27 15:55:02,717][com.java.SeleniumDriver] [  921] - Action Type : click
[INFO ][2016-01-27 15:55:02,717][com.java.TestType] [ 6797] - Field ::XPH//li[@class="inactiveTab"]//a[@title="Loan Pricing"]
[INFO ][2016-01-27 15:55:02,717][com.java.TestType] [ 6418] - value = 
[INFO ][2016-01-27 15:55:03,717][com.java.TestType] [ 6970] - BEFORE CLICK
[INFO ][2016-01-27 15:55:04,559][com.java.TestType] [ 6978] - Unable to click the object click on add button
[INFO ][2016-01-27 15:55:04,559][com.java.SeleniumDriver] [  930] -  RESULT true
[INFO ][2016-01-27 15:55:04,559][com.java.SeleniumDriver] [ 1136] - ?   P A S S   ?
[INFO ][2016-01-27 15:55:04,559][com.java.SeleniumDriver] [  856] - ------------------------------------------
[INFO ][2016-01-27 15:55:04,559][com.java.SeleniumDriver] [  857] - Test case being Executed: 8
[INFO ][2016-01-27 15:55:04,559][com.java.SeleniumDriver] [  869] - Test step:7
[INFO ][2016-01-27 15:55:04,559][com.java.SeleniumDriver] [  881] - Datavalue is----------5
[INFO ][2016-01-27 15:55:04,559][com.java.SeleniumDriver] [  905] - DataField : test
[INFO ][2016-01-27 15:55:04,559][com.java.SeleniumDriver] [  907] - DataValue : 5
[INFO ][2016-01-27 15:55:04,559][com.java.SeleniumDriver] [  913] - <In Set values of the page>
[INFO ][2016-01-27 15:55:04,559][com.java.SeleniumDriver] [  916] - {Data Fields & Data Values Exist}
[INFO ][2016-01-27 15:55:04,559][com.java.SeleniumDriver] [  918] - --------------------------setting values-----------------------------
[INFO ][2016-01-27 15:55:04,559][com.java.SeleniumDriver] [  921] - Action Type : WaitTime
[DEBUG][2016-01-27 15:55:04,559][com.java.TestType] [ 6232] - sleepTime: 5000
[INFO ][2016-01-27 15:55:09,560][com.java.SeleniumDriver] [  930] -  RESULT true
[INFO ][2016-01-27 15:55:09,560][com.java.SeleniumDriver] [ 1136] - ?   P A S S   ?
[INFO ][2016-01-27 15:55:09,560][com.java.SeleniumDriver] [  856] - ------------------------------------------
[INFO ][2016-01-27 15:55:09,560][com.java.SeleniumDriver] [  857] - Test case being Executed: 8
[INFO ][2016-01-27 15:55:09,560][com.java.SeleniumDriver] [  869] - Test step:8
[INFO ][2016-01-27 15:55:09,560][com.java.SeleniumDriver] [  881] - Datavalue is----------null
[DEBUG][2016-01-27 15:55:09,560][com.java.SeleniumDriver] [  899] - Exception: null
[INFO ][2016-01-27 15:55:09,560][com.java.SeleniumDriver] [  905] - DataField : XPH//li[@class="inactiveTab"]//a[@title="Loan Pricing"]//span[@class="closeimg icon-close icon-xs"]
[INFO ][2016-01-27 15:55:09,560][com.java.SeleniumDriver] [  907] - DataValue : 
[INFO ][2016-01-27 15:55:09,560][com.java.SeleniumDriver] [  913] - <In Set values of the page>
[INFO ][2016-01-27 15:55:09,560][com.java.SeleniumDriver] [  916] - {Data Fields & Data Values Exist}
[INFO ][2016-01-27 15:55:09,560][com.java.SeleniumDriver] [  918] - --------------------------setting values-----------------------------
[INFO ][2016-01-27 15:55:09,560][com.java.SeleniumDriver] [  921] - Action Type : click
[INFO ][2016-01-27 15:55:09,560][com.java.TestType] [ 6797] - Field ::XPH//li[@class="inactiveTab"]//a[@title="Loan Pricing"]//span[@class="closeimg icon-close icon-xs"]
[INFO ][2016-01-27 15:55:09,560][com.java.TestType] [ 6418] - value = 
[INFO ][2016-01-27 15:55:10,561][com.java.TestType] [ 6970] - BEFORE CLICK
[INFO ][2016-01-27 15:55:12,391][com.java.TestType] [ 6978] - Unable to click the object click on add button
[INFO ][2016-01-27 15:55:12,391][com.java.SeleniumDriver] [  930] -  RESULT true
[INFO ][2016-01-27 15:55:12,391][com.java.SeleniumDriver] [ 1136] - ?   P A S S   ?
[INFO ][2016-01-27 15:55:12,391][com.java.SeleniumDriver] [  856] - ------------------------------------------
[INFO ][2016-01-27 15:55:12,391][com.java.SeleniumDriver] [  857] - Test case being Executed: 8
[INFO ][2016-01-27 15:55:12,391][com.java.SeleniumDriver] [  869] - Test step:9
[INFO ][2016-01-27 15:55:12,391][com.java.SeleniumDriver] [  881] - Datavalue is----------null
[DEBUG][2016-01-27 15:55:12,391][com.java.SeleniumDriver] [  899] - Exception: null
[INFO ][2016-01-27 15:55:12,391][com.java.SeleniumDriver] [  905] - DataField : BTN//iframe[@id="frameLoanPricingModel"]
[INFO ][2016-01-27 15:55:12,391][com.java.SeleniumDriver] [  907] - DataValue : 
[INFO ][2016-01-27 15:55:12,391][com.java.SeleniumDriver] [  913] - <In Set values of the page>
[INFO ][2016-01-27 15:55:12,391][com.java.SeleniumDriver] [  916] - {Data Fields & Data Values Exist}
[INFO ][2016-01-27 15:55:12,391][com.java.SeleniumDriver] [  918] - --------------------------setting values-----------------------------
[INFO ][2016-01-27 15:55:12,391][com.java.SeleniumDriver] [  921] - Action Type : SELECTFRAME
[INFO ][2016-01-27 15:55:13,212][com.java.SeleniumDriver] [  930] -  RESULT true
[INFO ][2016-01-27 15:55:13,212][com.java.SeleniumDriver] [ 1136] - ?   P A S S   ?
[INFO ][2016-01-27 15:55:13,212][com.java.SeleniumDriver] [  856] - ------------------------------------------
[INFO ][2016-01-27 15:55:13,212][com.java.SeleniumDriver] [  857] - Test case being Executed: 8
[INFO ][2016-01-27 15:55:13,212][com.java.SeleniumDriver] [  869] - Test step:10
[INFO ][2016-01-27 15:55:13,212][com.java.SeleniumDriver] [  881] - Datavalue is----------Add Loan
[INFO ][2016-01-27 15:55:13,212][com.java.SeleniumDriver] [  905] - DataField : XPH//a[contains(text(),'Add Loan')]
[INFO ][2016-01-27 15:55:13,212][com.java.SeleniumDriver] [  907] - DataValue : Add Loan
[INFO ][2016-01-27 15:55:13,212][com.java.SeleniumDriver] [  913] - <In Set values of the page>
[INFO ][2016-01-27 15:55:13,212][com.java.SeleniumDriver] [  916] - {Data Fields & Data Values Exist}
[INFO ][2016-01-27 15:55:13,212][com.java.SeleniumDriver] [  918] - --------------------------setting values-----------------------------
[INFO ][2016-01-27 15:55:13,212][com.java.SeleniumDriver] [  921] - Action Type : VERIFY
[INFO ][2016-01-27 15:55:13,212][com.java.TestType] [ 8008] - field= XPH//a[contains(text(),'Add Loan')] value= Add Loan
[INFO ][2016-01-27 15:55:13,212][com.java.TestType] [ 6418] - value = Add Loan
[INFO ][2016-01-27 15:55:13,362][com.java.SeleniumDriver] [  930] -  RESULT true
[INFO ][2016-01-27 15:55:13,362][com.java.SeleniumDriver] [ 1136] - ?   P A S S   ?
[INFO ][2016-01-27 15:55:13,362][com.java.SeleniumDriver] [  856] - ------------------------------------------
[INFO ][2016-01-27 15:55:13,362][com.java.SeleniumDriver] [  857] - Test case being Executed: 8
[INFO ][2016-01-27 15:55:13,362][com.java.SeleniumDriver] [  869] - Test step:11
[INFO ][2016-01-27 15:55:13,362][com.java.SeleniumDriver] [  881] - Datavalue is----------5
[INFO ][2016-01-27 15:55:13,362][com.java.SeleniumDriver] [  905] - DataField : XPH//a[contains(text(),'Add Loan')]
[INFO ][2016-01-27 15:55:13,362][com.java.SeleniumDriver] [  907] - DataValue : 5
[INFO ][2016-01-27 15:55:13,362][com.java.SeleniumDriver] [  913] - <In Set values of the page>
[INFO ][2016-01-27 15:55:13,362][com.java.SeleniumDriver] [  916] - {Data Fields & Data Values Exist}
[INFO ][2016-01-27 15:55:13,362][com.java.SeleniumDriver] [  918] - --------------------------setting values-----------------------------
[INFO ][2016-01-27 15:55:13,362][com.java.SeleniumDriver] [  921] - Action Type : WaitForElement
[INFO ][2016-01-27 15:55:13,382][com.java.SeleniumDriver] [  930] -  RESULT true
[INFO ][2016-01-27 15:55:13,382][com.java.SeleniumDriver] [ 1136] - ?   P A S S   ?
[INFO ][2016-01-27 15:55:13,382][com.java.SeleniumDriver] [  856] - ------------------------------------------
[INFO ][2016-01-27 15:55:13,382][com.java.SeleniumDriver] [  857] - Test case being Executed: 8
[INFO ][2016-01-27 15:55:13,382][com.java.SeleniumDriver] [  869] - Test step:12
[INFO ][2016-01-27 15:55:13,382][com.java.SeleniumDriver] [  881] - Datavalue is----------null
[DEBUG][2016-01-27 15:55:13,382][com.java.SeleniumDriver] [  899] - Exception: null
[INFO ][2016-01-27 15:55:13,382][com.java.SeleniumDriver] [  905] - DataField : HDN//a[contains(text(),'Add Loan')]
[INFO ][2016-01-27 15:55:13,382][com.java.SeleniumDriver] [  907] - DataValue : 
[INFO ][2016-01-27 15:55:13,382][com.java.SeleniumDriver] [  913] - <In Set values of the page>
[INFO ][2016-01-27 15:55:13,382][com.java.SeleniumDriver] [  916] - {Data Fields & Data Values Exist}
[INFO ][2016-01-27 15:55:13,382][com.java.SeleniumDriver] [  918] - --------------------------setting values-----------------------------
[INFO ][2016-01-27 15:55:13,382][com.java.SeleniumDriver] [  921] - Action Type : CLICK
[INFO ][2016-01-27 15:55:13,382][com.java.TestType] [ 6797] - Field ::HDN//a[contains(text(),'Add Loan')]
[INFO ][2016-01-27 15:55:13,382][com.java.TestType] [ 6418] - value = 
[INFO ][2016-01-27 15:55:14,453][com.java.SeleniumDriver] [  930] -  RESULT true
[INFO ][2016-01-27 15:55:14,453][com.java.SeleniumDriver] [ 1136] - ?   P A S S   ?
[INFO ][2016-01-27 15:55:14,453][com.java.SeleniumDriver] [  856] - ------------------------------------------
[INFO ][2016-01-27 15:55:14,453][com.java.SeleniumDriver] [  857] - Test case being Executed: 8
[INFO ][2016-01-27 15:55:14,453][com.java.SeleniumDriver] [  869] - Test step:13
[INFO ][2016-01-27 15:55:14,453][com.java.SeleniumDriver] [  881] - Datavalue is----------5
[INFO ][2016-01-27 15:55:14,453][com.java.SeleniumDriver] [  905] - DataField : test
[INFO ][2016-01-27 15:55:14,453][com.java.SeleniumDriver] [  907] - DataValue : 5
[INFO ][2016-01-27 15:55:14,453][com.java.SeleniumDriver] [  913] - <In Set values of the page>
[INFO ][2016-01-27 15:55:14,453][com.java.SeleniumDriver] [  916] - {Data Fields & Data Values Exist}
[INFO ][2016-01-27 15:55:14,453][com.java.SeleniumDriver] [  918] - --------------------------setting values-----------------------------
[INFO ][2016-01-27 15:55:14,453][com.java.SeleniumDriver] [  921] - Action Type : WAITTIME
[DEBUG][2016-01-27 15:55:14,453][com.java.TestType] [ 6232] - sleepTime: 5000
[INFO ][2016-01-27 15:55:19,453][com.java.SeleniumDriver] [  930] -  RESULT true
[INFO ][2016-01-27 15:55:19,453][com.java.SeleniumDriver] [ 1136] - ?   P A S S   ?
[INFO ][2016-01-27 15:55:19,453][com.java.SeleniumDriver] [  856] - ------------------------------------------
[INFO ][2016-01-27 15:55:19,453][com.java.SeleniumDriver] [  857] - Test case being Executed: 8
[INFO ][2016-01-27 15:55:19,453][com.java.SeleniumDriver] [  869] - Test step:14
[INFO ][2016-01-27 15:55:19,453][com.java.SeleniumDriver] [  881] - Datavalue is----------RNDTesting
[INFO ][2016-01-27 15:55:19,453][com.java.SeleniumDriver] [  905] - DataField : TXTtxtLoanIdentifier
[INFO ][2016-01-27 15:55:19,453][com.java.SeleniumDriver] [  907] - DataValue : RNDTesting
[INFO ][2016-01-27 15:55:19,453][com.java.SeleniumDriver] [  913] - <In Set values of the page>
[INFO ][2016-01-27 15:55:19,453][com.java.SeleniumDriver] [  916] - {Data Fields & Data Values Exist}
[INFO ][2016-01-27 15:55:19,453][com.java.SeleniumDriver] [  918] - --------------------------setting values-----------------------------
[INFO ][2016-01-27 15:55:19,453][com.java.SeleniumDriver] [  921] - Action Type : CLEARANDENTER
[INFO ][2016-01-27 15:55:20,665][com.java.TestType] [ 6418] - value = Testing58263
[INFO ][2016-01-27 15:55:22,088][com.java.SeleniumDriver] [  930] -  RESULT true
[INFO ][2016-01-27 15:55:22,088][com.java.SeleniumDriver] [ 1136] - ?   P A S S   ?
[INFO ][2016-01-27 15:55:22,088][com.java.SeleniumDriver] [  856] - ------------------------------------------
[INFO ][2016-01-27 15:55:22,088][com.java.SeleniumDriver] [  857] - Test case being Executed: 8
[INFO ][2016-01-27 15:55:22,088][com.java.SeleniumDriver] [  869] - Test step:15
[INFO ][2016-01-27 15:55:22,088][com.java.SeleniumDriver] [  881] - Datavalue is----------LoanIdentifier
[INFO ][2016-01-27 15:55:22,088][com.java.SeleniumDriver] [  905] - DataField : TXTtxtLoanIdentifier
[INFO ][2016-01-27 15:55:22,088][com.java.SeleniumDriver] [  907] - DataValue : LoanIdentifier
[INFO ][2016-01-27 15:55:22,088][com.java.SeleniumDriver] [  913] - <In Set values of the page>
[INFO ][2016-01-27 15:55:22,088][com.java.SeleniumDriver] [  916] - {Data Fields & Data Values Exist}
[INFO ][2016-01-27 15:55:22,088][com.java.SeleniumDriver] [  918] - --------------------------setting values-----------------------------
[INFO ][2016-01-27 15:55:22,088][com.java.SeleniumDriver] [  921] - Action Type : STOREVALUE
[INFO ][2016-01-27 15:55:22,088][com.java.TestType] [ 9433] - field= TXTtxtLoanIdentifier
[DEBUG][2016-01-27 15:55:23,199][com.java.TestType] [ 9447] - Key:: LoanIdentifier  Value:: 
[INFO ][2016-01-27 15:55:23,199][com.java.SeleniumDriver] [  930] -  RESULT true
[INFO ][2016-01-27 15:55:23,199][com.java.SeleniumDriver] [ 1136] - ?   P A S S   ?
[INFO ][2016-01-27 15:55:23,199][com.java.SeleniumDriver] [  856] - ------------------------------------------
[INFO ][2016-01-27 15:55:23,199][com.java.SeleniumDriver] [  857] - Test case being Executed: 8
[INFO ][2016-01-27 15:55:23,199][com.java.SeleniumDriver] [  869] - Test step:16
[INFO ][2016-01-27 15:55:23,199][com.java.SeleniumDriver] [  881] - Datavalue is----------2
[INFO ][2016-01-27 15:55:23,199][com.java.SeleniumDriver] [  905] - DataField : test
[INFO ][2016-01-27 15:55:23,199][com.java.SeleniumDriver] [  907] - DataValue : 2
[INFO ][2016-01-27 15:55:23,199][com.java.SeleniumDriver] [  913] - <In Set values of the page>
[INFO ][2016-01-27 15:55:23,199][com.java.SeleniumDriver] [  916] - {Data Fields & Data Values Exist}
[INFO ][2016-01-27 15:55:23,199][com.java.SeleniumDriver] [  918] - --------------------------setting values-----------------------------
[INFO ][2016-01-27 15:55:23,199][com.java.SeleniumDriver] [  921] - Action Type : WAITTIME
[DEBUG][2016-01-27 15:55:23,199][com.java.TestType] [ 6232] - sleepTime: 2000
[INFO ][2016-01-27 15:55:25,199][com.java.SeleniumDriver] [  930] -  RESULT true
[INFO ][2016-01-27 15:55:25,199][com.java.SeleniumDriver] [ 1136] - ?   P A S S   ?
[INFO ][2016-01-27 15:55:25,199][com.java.SeleniumDriver] [  856] - ------------------------------------------
[INFO ][2016-01-27 15:55:25,199][com.java.SeleniumDriver] [  857] - Test case being Executed: 8
[INFO ][2016-01-27 15:55:25,199][com.java.SeleniumDriver] [  869] - Test step:17
[INFO ][2016-01-27 15:55:25,199][com.java.SeleniumDriver] [  881] - Datavalue is----------1000000
[INFO ][2016-01-27 15:55:25,199][com.java.SeleniumDriver] [  905] - DataField : TXTtxtLoanAmount
[INFO ][2016-01-27 15:55:25,199][com.java.SeleniumDriver] [  907] - DataValue : 1000000
[INFO ][2016-01-27 15:55:25,199][com.java.SeleniumDriver] [  913] - <In Set values of the page>
[INFO ][2016-01-27 15:55:25,199][com.java.SeleniumDriver] [  916] - {Data Fields & Data Values Exist}
[INFO ][2016-01-27 15:55:25,199][com.java.SeleniumDriver] [  918] - --------------------------setting values-----------------------------
[INFO ][2016-01-27 15:55:25,199][com.java.SeleniumDriver] [  921] - Action Type : CLEARANDENTER
[INFO ][2016-01-27 15:55:26,411][com.java.TestType] [ 6418] - value = 1000000
[INFO ][2016-01-27 15:55:27,732][com.java.SeleniumDriver] [  930] -  RESULT true
[INFO ][2016-01-27 15:55:27,732][com.java.SeleniumDriver] [ 1136] - ?   P A S S   ?
[INFO ][2016-01-27 15:55:27,732][com.java.SeleniumDriver] [  856] - ------------------------------------------
[INFO ][2016-01-27 15:55:27,732][com.java.SeleniumDriver] [  857] - Test case being Executed: 8
[INFO ][2016-01-27 15:55:27,732][com.java.SeleniumDriver] [  869] - Test step:18
[INFO ][2016-01-27 15:55:27,732][com.java.SeleniumDriver] [  881] - Datavalue is----------2
[INFO ][2016-01-27 15:55:27,732][com.java.SeleniumDriver] [  905] - DataField : test
[INFO ][2016-01-27 15:55:27,732][com.java.SeleniumDriver] [  907] - DataValue : 2
[INFO ][2016-01-27 15:55:27,732][com.java.SeleniumDriver] [  913] - <In Set values of the page>
[INFO ][2016-01-27 15:55:27,732][com.java.SeleniumDriver] [  916] - {Data Fields & Data Values Exist}
[INFO ][2016-01-27 15:55:27,732][com.java.SeleniumDriver] [  918] - --------------------------setting values-----------------------------
[INFO ][2016-01-27 15:55:27,732][com.java.SeleniumDriver] [  921] - Action Type : WAITTIME
[DEBUG][2016-01-27 15:55:27,732][com.java.TestType] [ 6232] - sleepTime: 2000
[INFO ][2016-01-27 15:55:29,732][com.java.SeleniumDriver] [  930] -  RESULT true
[INFO ][2016-01-27 15:55:29,732][com.java.SeleniumDriver] [ 1136] - ?   P A S S   ?
[INFO ][2016-01-27 15:55:29,732][com.java.SeleniumDriver] [  856] - ------------------------------------------
[INFO ][2016-01-27 15:55:29,732][com.java.SeleniumDriver] [  857] - Test case being Executed: 8
[INFO ][2016-01-27 15:55:29,732][com.java.SeleniumDriver] [  869] - Test step:19
[INFO ][2016-01-27 15:55:29,732][com.java.SeleniumDriver] [  881] - Datavalue is----------null
[DEBUG][2016-01-27 15:55:29,732][com.java.SeleniumDriver] [  899] - Exception: null
[INFO ][2016-01-27 15:55:29,732][com.java.SeleniumDriver] [  905] - DataField : BTNrdoAppTypeNew
[INFO ][2016-01-27 15:55:29,732][com.java.SeleniumDriver] [  907] - DataValue : 
[INFO ][2016-01-27 15:55:29,732][com.java.SeleniumDriver] [  913] - <In Set values of the page>
[INFO ][2016-01-27 15:55:29,732][com.java.SeleniumDriver] [  916] - {Data Fields & Data Values Exist}
[INFO ][2016-01-27 15:55:29,732][com.java.SeleniumDriver] [  918] - --------------------------setting values-----------------------------
[INFO ][2016-01-27 15:55:29,732][com.java.SeleniumDriver] [  921] - Action Type : CLICK
[INFO ][2016-01-27 15:55:29,732][com.java.TestType] [ 6797] - Field ::BTNrdoAppTypeNew
[INFO ][2016-01-27 15:55:29,732][com.java.TestType] [ 6418] - value = 
[INFO ][2016-01-27 15:55:30,733][com.java.TestType] [ 6949] - BEFORE CLICK
[INFO ][2016-01-27 15:55:32,074][com.java.TestType] [ 6956] - Unable to click the object New radio button
[INFO ][2016-01-27 15:55:32,074][com.java.SeleniumDriver] [  930] -  RESULT true
[INFO ][2016-01-27 15:55:32,074][com.java.SeleniumDriver] [ 1136] - ?   P A S S   ?
[INFO ][2016-01-27 15:55:32,074][com.java.SeleniumDriver] [  856] - ------------------------------------------
[INFO ][2016-01-27 15:55:32,074][com.java.SeleniumDriver] [  857] - Test case being Executed: 8
[INFO ][2016-01-27 15:55:32,074][com.java.SeleniumDriver] [  869] - Test step:20
[INFO ][2016-01-27 15:55:32,074][com.java.SeleniumDriver] [  881] - Datavalue is----------2
[INFO ][2016-01-27 15:55:32,074][com.java.SeleniumDriver] [  905] - DataField : test
[INFO ][2016-01-27 15:55:32,074][com.java.SeleniumDriver] [  907] - DataValue : 2
[INFO ][2016-01-27 15:55:32,074][com.java.SeleniumDriver] [  913] - <In Set values of the page>
[INFO ][2016-01-27 15:55:32,074][com.java.SeleniumDriver] [  916] - {Data Fields & Data Values Exist}
[INFO ][2016-01-27 15:55:32,074][com.java.SeleniumDriver] [  918] - --------------------------setting values-----------------------------
[INFO ][2016-01-27 15:55:32,074][com.java.SeleniumDriver] [  921] - Action Type : WAITTIME
[DEBUG][2016-01-27 15:55:32,074][com.java.TestType] [ 6232] - sleepTime: 2000
[INFO ][2016-01-27 15:55:34,077][com.java.SeleniumDriver] [  930] -  RESULT true
[INFO ][2016-01-27 15:55:34,077][com.java.SeleniumDriver] [ 1136] - ?   P A S S   ?
[INFO ][2016-01-27 15:55:34,077][com.java.SeleniumDriver] [  856] - ------------------------------------------
[INFO ][2016-01-27 15:55:34,077][com.java.SeleniumDriver] [  857] - Test case being Executed: 8
[INFO ][2016-01-27 15:55:34,077][com.java.SeleniumDriver] [  869] - Test step:21
[INFO ][2016-01-27 15:55:34,077][com.java.SeleniumDriver] [  881] - Datavalue is----------null
[DEBUG][2016-01-27 15:55:34,077][com.java.SeleniumDriver] [  899] - Exception: null
[INFO ][2016-01-27 15:55:34,077][com.java.SeleniumDriver] [  905] - DataField : BTNrdoRateTypeFixed
[INFO ][2016-01-27 15:55:34,077][com.java.SeleniumDriver] [  907] - DataValue : 
[INFO ][2016-01-27 15:55:34,077][com.java.SeleniumDriver] [  913] - <In Set values of the page>
[INFO ][2016-01-27 15:55:34,077][com.java.SeleniumDriver] [  916] - {Data Fields & Data Values Exist}
[INFO ][2016-01-27 15:55:34,077][com.java.SeleniumDriver] [  918] - --------------------------setting values-----------------------------
[INFO ][2016-01-27 15:55:34,077][com.java.SeleniumDriver] [  921] - Action Type : CLICK
[INFO ][2016-01-27 15:55:34,077][com.java.TestType] [ 6797] - Field ::BTNrdoRateTypeFixed
[INFO ][2016-01-27 15:55:34,077][com.java.TestType] [ 6418] - value = 
[INFO ][2016-01-27 15:55:35,079][com.java.TestType] [ 6949] - BEFORE CLICK
[INFO ][2016-01-27 15:55:36,300][com.java.TestType] [ 6956] - Unable to click the object Select the radio button Rate type Fixed
[INFO ][2016-01-27 15:55:36,300][com.java.SeleniumDriver] [  930] -  RESULT true
[INFO ][2016-01-27 15:55:36,300][com.java.SeleniumDriver] [ 1136] - ?   P A S S   ?
[INFO ][2016-01-27 15:55:36,300][com.java.SeleniumDriver] [  856] - ------------------------------------------
[INFO ][2016-01-27 15:55:36,300][com.java.SeleniumDriver] [  857] - Test case being Executed: 8
[INFO ][2016-01-27 15:55:36,300][com.java.SeleniumDriver] [  869] - Test step:22
[INFO ][2016-01-27 15:55:36,300][com.java.SeleniumDriver] [  881] - Datavalue is----------2
[INFO ][2016-01-27 15:55:36,300][com.java.SeleniumDriver] [  905] - DataField : test
[INFO ][2016-01-27 15:55:36,300][com.java.SeleniumDriver] [  907] - DataValue : 2
[INFO ][2016-01-27 15:55:36,300][com.java.SeleniumDriver] [  913] - <In Set values of the page>
[INFO ][2016-01-27 15:55:36,300][com.java.SeleniumDriver] [  916] - {Data Fields & Data Values Exist}
[INFO ][2016-01-27 15:55:36,300][com.java.SeleniumDriver] [  918] - --------------------------setting values-----------------------------
[INFO ][2016-01-27 15:55:36,300][com.java.SeleniumDriver] [  921] - Action Type : WAITTIME
[DEBUG][2016-01-27 15:55:36,300][com.java.TestType] [ 6232] - sleepTime: 2000
[INFO ][2016-01-27 15:55:38,300][com.java.SeleniumDriver] [  930] -  RESULT true
[INFO ][2016-01-27 15:55:38,300][com.java.SeleniumDriver] [ 1136] - ?   P A S S   ?
[INFO ][2016-01-27 15:55:38,300][com.java.SeleniumDriver] [  856] - ------------------------------------------
[INFO ][2016-01-27 15:55:38,300][com.java.SeleniumDriver] [  857] - Test case being Executed: 8
[INFO ][2016-01-27 15:55:38,300][com.java.SeleniumDriver] [  869] - Test step:23
[INFO ][2016-01-27 15:55:38,300][com.java.SeleniumDriver] [  881] - Datavalue is----------ProposedRate
[INFO ][2016-01-27 15:55:38,300][com.java.SeleniumDriver] [  905] - DataField : XPH//div[@id='lblNoteRate1']
[INFO ][2016-01-27 15:55:38,300][com.java.SeleniumDriver] [  907] - DataValue : ProposedRate
[INFO ][2016-01-27 15:55:38,300][com.java.SeleniumDriver] [  913] - <In Set values of the page>
[INFO ][2016-01-27 15:55:38,300][com.java.SeleniumDriver] [  916] - {Data Fields & Data Values Exist}
[INFO ][2016-01-27 15:55:38,300][com.java.SeleniumDriver] [  918] - --------------------------setting values-----------------------------
[INFO ][2016-01-27 15:55:38,300][com.java.SeleniumDriver] [  921] - Action Type : STOREVALUE
[INFO ][2016-01-27 15:55:38,300][com.java.TestType] [ 9433] - field= XPH//div[@id='lblNoteRate1']
[DEBUG][2016-01-27 15:55:38,371][com.java.TestType] [ 9488] - Key:: ProposedRate   Value:: 0.000%
[INFO ][2016-01-27 15:55:38,371][com.java.SeleniumDriver] [  930] -  RESULT true
[INFO ][2016-01-27 15:55:38,371][com.java.SeleniumDriver] [ 1136] - ?   P A S S   ?
[INFO ][2016-01-27 15:55:38,371][com.java.SeleniumDriver] [  856] - ------------------------------------------
[INFO ][2016-01-27 15:55:38,371][com.java.SeleniumDriver] [  857] - Test case being Executed: 8
[INFO ][2016-01-27 15:55:38,371][com.java.SeleniumDriver] [  869] - Test step:24
[INFO ][2016-01-27 15:55:38,371][com.java.SeleniumDriver] [  881] - Datavalue is----------3.25
[INFO ][2016-01-27 15:55:38,371][com.java.SeleniumDriver] [  905] - DataField : TXTtxtProposedRate
[INFO ][2016-01-27 15:55:38,371][com.java.SeleniumDriver] [  907] - DataValue : 3.25
[INFO ][2016-01-27 15:55:38,371][com.java.SeleniumDriver] [  913] - <In Set values of the page>
[INFO ][2016-01-27 15:55:38,371][com.java.SeleniumDriver] [  916] - {Data Fields & Data Values Exist}
[INFO ][2016-01-27 15:55:38,371][com.java.SeleniumDriver] [  918] - --------------------------setting values-----------------------------
[INFO ][2016-01-27 15:55:38,371][com.java.SeleniumDriver] [  921] - Action Type : CLEARANDENTER
[INFO ][2016-01-27 15:55:39,492][com.java.TestType] [ 6418] - value = 3.25
[INFO ][2016-01-27 15:55:40,673][com.java.SeleniumDriver] [  930] -  RESULT true
[INFO ][2016-01-27 15:55:40,673][com.java.SeleniumDriver] [ 1136] - ?   P A S S   ?
[INFO ][2016-01-27 15:55:40,673][com.java.SeleniumDriver] [  856] - ------------------------------------------
[INFO ][2016-01-27 15:55:40,673][com.java.SeleniumDriver] [  857] - Test case being Executed: 8
[INFO ][2016-01-27 15:55:40,673][com.java.SeleniumDriver] [  869] - Test step:25
[INFO ][2016-01-27 15:55:40,673][com.java.SeleniumDriver] [  881] - Datavalue is----------2
[INFO ][2016-01-27 15:55:40,673][com.java.SeleniumDriver] [  905] - DataField : test
[INFO ][2016-01-27 15:55:40,673][com.java.SeleniumDriver] [  907] - DataValue : 2
[INFO ][2016-01-27 15:55:40,673][com.java.SeleniumDriver] [  913] - <In Set values of the page>
[INFO ][2016-01-27 15:55:40,673][com.java.SeleniumDriver] [  916] - {Data Fields & Data Values Exist}
[INFO ][2016-01-27 15:55:40,673][com.java.SeleniumDriver] [  918] - --------------------------setting values-----------------------------
[INFO ][2016-01-27 15:55:40,673][com.java.SeleniumDriver] [  921] - Action Type : WAITTIME
[DEBUG][2016-01-27 15:55:40,673][com.java.TestType] [ 6232] - sleepTime: 2000
[INFO ][2016-01-27 15:55:42,673][com.java.SeleniumDriver] [  930] -  RESULT true
[INFO ][2016-01-27 15:55:42,673][com.java.SeleniumDriver] [ 1136] - ?   P A S S   ?
[INFO ][2016-01-27 15:55:42,673][com.java.SeleniumDriver] [  856] - ------------------------------------------
[INFO ][2016-01-27 15:55:42,673][com.java.SeleniumDriver] [  857] - Test case being Executed: 8
[INFO ][2016-01-27 15:55:42,673][com.java.SeleniumDriver] [  869] - Test step:26
[INFO ][2016-01-27 15:55:42,673][com.java.SeleniumDriver] [  881] - Datavalue is----------AdjustedFundingCost
[INFO ][2016-01-27 15:55:42,673][com.java.SeleniumDriver] [  905] - DataField : XPH//td[contains(text(),'Adjusted Funding Cost')]/following::td
[INFO ][2016-01-27 15:55:42,673][com.java.SeleniumDriver] [  907] - DataValue : AdjustedFundingCost
[INFO ][2016-01-27 15:55:42,673][com.java.SeleniumDriver] [  913] - <In Set values of the page>
[INFO ][2016-01-27 15:55:42,673][com.java.SeleniumDriver] [  916] - {Data Fields & Data Values Exist}
[INFO ][2016-01-27 15:55:42,673][com.java.SeleniumDriver] [  918] - --------------------------setting values-----------------------------
[INFO ][2016-01-27 15:55:42,673][com.java.SeleniumDriver] [  921] - Action Type : STOREVALUE
[INFO ][2016-01-27 15:55:42,673][com.java.TestType] [ 9433] - field= XPH//td[contains(text(),'Adjusted Funding Cost')]/following::td
[DEBUG][2016-01-27 15:55:42,754][com.java.TestType] [ 9488] - Key:: AdjustedFundingCost   Value:: 1.040%
[INFO ][2016-01-27 15:55:42,754][com.java.SeleniumDriver] [  930] -  RESULT true
[INFO ][2016-01-27 15:55:42,754][com.java.SeleniumDriver] [ 1136] - ?   P A S S   ?
[INFO ][2016-01-27 15:55:42,754][com.java.SeleniumDriver] [  856] - ------------------------------------------
[INFO ][2016-01-27 15:55:42,754][com.java.SeleniumDriver] [  857] - Test case being Executed: 8
[INFO ][2016-01-27 15:55:42,754][com.java.SeleniumDriver] [  869] - Test step:27
[INFO ][2016-01-27 15:55:42,754][com.java.SeleniumDriver] [  881] - Datavalue is----------30
[INFO ][2016-01-27 15:55:42,754][com.java.SeleniumDriver] [  905] - DataField : TXTtxtTerm
[INFO ][2016-01-27 15:55:42,754][com.java.SeleniumDriver] [  907] - DataValue : 30
[INFO ][2016-01-27 15:55:42,754][com.java.SeleniumDriver] [  913] - <In Set values of the page>
[INFO ][2016-01-27 15:55:42,754][com.java.SeleniumDriver] [  916] - {Data Fields & Data Values Exist}
[INFO ][2016-01-27 15:55:42,754][com.java.SeleniumDriver] [  918] - --------------------------setting values-----------------------------
[INFO ][2016-01-27 15:55:42,754][com.java.SeleniumDriver] [  921] - Action Type : CLEARANDENTER
[INFO ][2016-01-27 15:55:43,875][com.java.TestType] [ 6418] - value = 30
[INFO ][2016-01-27 15:55:45,036][com.java.SeleniumDriver] [  930] -  RESULT true
[INFO ][2016-01-27 15:55:45,036][com.java.SeleniumDriver] [ 1136] - ?   P A S S   ?
[INFO ][2016-01-27 15:55:45,036][com.java.SeleniumDriver] [  856] - ------------------------------------------
[INFO ][2016-01-27 15:55:45,036][com.java.SeleniumDriver] [  857] - Test case being Executed: 8
[INFO ][2016-01-27 15:55:45,036][com.java.SeleniumDriver] [  869] - Test step:28
[INFO ][2016-01-27 15:55:45,036][com.java.SeleniumDriver] [  881] - Datavalue is----------TAB
[INFO ][2016-01-27 15:55:45,036][com.java.SeleniumDriver] [  905] - DataField : TXTtxtTerm
[INFO ][2016-01-27 15:55:45,036][com.java.SeleniumDriver] [  907] - DataValue : TAB
[INFO ][2016-01-27 15:55:45,036][com.java.SeleniumDriver] [  913] - <In Set values of the page>
[INFO ][2016-01-27 15:55:45,036][com.java.SeleniumDriver] [  916] - {Data Fields & Data Values Exist}
[INFO ][2016-01-27 15:55:45,036][com.java.SeleniumDriver] [  918] - --------------------------setting values-----------------------------
[INFO ][2016-01-27 15:55:45,036][com.java.SeleniumDriver] [  921] - Action Type : KeyboardKeys
[INFO ][2016-01-27 15:55:46,187][com.java.SeleniumDriver] [  930] -  RESULT true
[INFO ][2016-01-27 15:55:46,187][com.java.SeleniumDriver] [ 1136] - ?   P A S S   ?
[INFO ][2016-01-27 15:55:46,187][com.java.SeleniumDriver] [  856] - ------------------------------------------
[INFO ][2016-01-27 15:55:46,187][com.java.SeleniumDriver] [  857] - Test case being Executed: 8
[INFO ][2016-01-27 15:55:46,187][com.java.SeleniumDriver] [  869] - Test step:29
[INFO ][2016-01-27 15:55:46,187][com.java.SeleniumDriver] [  881] - Datavalue is----------10
[INFO ][2016-01-27 15:55:46,187][com.java.SeleniumDriver] [  905] - DataField : test
[INFO ][2016-01-27 15:55:46,187][com.java.SeleniumDriver] [  907] - DataValue : 10
[INFO ][2016-01-27 15:55:46,187][com.java.SeleniumDriver] [  913] - <In Set values of the page>
[INFO ][2016-01-27 15:55:46,187][com.java.SeleniumDriver] [  916] - {Data Fields & Data Values Exist}
[INFO ][2016-01-27 15:55:46,187][com.java.SeleniumDriver] [  918] - --------------------------setting values-----------------------------
[INFO ][2016-01-27 15:55:46,187][com.java.SeleniumDriver] [  921] - Action Type : WAITTIME
[DEBUG][2016-01-27 15:55:46,187][com.java.TestType] [ 6232] - sleepTime: 10000
[INFO ][2016-01-27 15:55:56,186][com.java.SeleniumDriver] [  930] -  RESULT true
[INFO ][2016-01-27 15:55:56,186][com.java.SeleniumDriver] [ 1136] - ?   P A S S   ?
[INFO ][2016-01-27 15:55:56,186][com.java.SeleniumDriver] [  856] - ------------------------------------------
[INFO ][2016-01-27 15:55:56,186][com.java.SeleniumDriver] [  857] - Test case being Executed: 8
[INFO ][2016-01-27 15:55:56,186][com.java.SeleniumDriver] [  869] - Test step:30
[INFO ][2016-01-27 15:55:56,186][com.java.SeleniumDriver] [  881] - Datavalue is----------ProposedRate1
[INFO ][2016-01-27 15:55:56,186][com.java.SeleniumDriver] [  905] - DataField : XPH//div[@id='lblNoteRate1']
[INFO ][2016-01-27 15:55:56,186][com.java.SeleniumDriver] [  907] - DataValue : ProposedRate1
[INFO ][2016-01-27 15:55:56,186][com.java.SeleniumDriver] [  913] - <In Set values of the page>
[INFO ][2016-01-27 15:55:56,186][com.java.SeleniumDriver] [  916] - {Data Fields & Data Values Exist}
[INFO ][2016-01-27 15:55:56,186][com.java.SeleniumDriver] [  918] - --------------------------setting values-----------------------------
[INFO ][2016-01-27 15:55:56,186][com.java.SeleniumDriver] [  921] - Action Type : STOREVALUE
[INFO ][2016-01-27 15:55:56,186][com.java.TestType] [ 9433] - field= XPH//div[@id='lblNoteRate1']
[DEBUG][2016-01-27 15:55:56,258][com.java.TestType] [ 9488] - Key:: ProposedRate1   Value:: 3.250%
[INFO ][2016-01-27 15:55:56,258][com.java.SeleniumDriver] [  930] -  RESULT true
[INFO ][2016-01-27 15:55:56,258][com.java.SeleniumDriver] [ 1136] - ?   P A S S   ?
[INFO ][2016-01-27 15:55:56,258][com.java.SeleniumDriver] [  856] - ------------------------------------------
[INFO ][2016-01-27 15:55:56,258][com.java.SeleniumDriver] [  857] - Test case being Executed: 8
[INFO ][2016-01-27 15:55:56,258][com.java.SeleniumDriver] [  869] - Test step:31
[INFO ][2016-01-27 15:55:56,258][com.java.SeleniumDriver] [  881] - Datavalue is----------HMVProposedRate1
[INFO ][2016-01-27 15:55:56,258][com.java.SeleniumDriver] [  905] - DataField : XPH//div[@id='lblNoteRate1']
[INFO ][2016-01-27 15:55:56,258][com.java.SeleniumDriver] [  907] - DataValue : HMVProposedRate1
[INFO ][2016-01-27 15:55:56,258][com.java.SeleniumDriver] [  913] - <In Set values of the page>
[INFO ][2016-01-27 15:55:56,258][com.java.SeleniumDriver] [  916] - {Data Fields & Data Values Exist}
[INFO ][2016-01-27 15:55:56,258][com.java.SeleniumDriver] [  918] - --------------------------setting values-----------------------------
[INFO ][2016-01-27 15:55:56,258][com.java.SeleniumDriver] [  921] - Action Type : VERIFY
[INFO ][2016-01-27 15:55:56,258][com.java.TestType] [ 8008] - field= XPH//div[@id='lblNoteRate1'] value= HMVProposedRate1
[INFO ][2016-01-27 15:55:56,258][com.java.TestType] [ 6418] - value = 3.250%
[INFO ][2016-01-27 15:55:56,328][com.java.SeleniumDriver] [  930] -  RESULT true
[INFO ][2016-01-27 15:55:56,328][com.java.SeleniumDriver] [ 1136] - ?   P A S S   ?
[INFO ][2016-01-27 15:55:56,328][com.java.SeleniumDriver] [  856] - ------------------------------------------
[INFO ][2016-01-27 15:55:56,328][com.java.SeleniumDriver] [  857] - Test case being Executed: 8
[INFO ][2016-01-27 15:55:56,328][com.java.SeleniumDriver] [  869] - Test step:32
[INFO ][2016-01-27 15:55:56,328][com.java.SeleniumDriver] [  881] - Datavalue is----------15
[INFO ][2016-01-27 15:55:56,328][com.java.SeleniumDriver] [  905] - DataField : TXTtxtAverageLife
[INFO ][2016-01-27 15:55:56,328][com.java.SeleniumDriver] [  907] - DataValue : 15
[INFO ][2016-01-27 15:55:56,328][com.java.SeleniumDriver] [  913] - <In Set values of the page>
[INFO ][2016-01-27 15:55:56,328][com.java.SeleniumDriver] [  916] - {Data Fields & Data Values Exist}
[INFO ][2016-01-27 15:55:56,328][com.java.SeleniumDriver] [  918] - --------------------------setting values-----------------------------
[INFO ][2016-01-27 15:55:56,328][com.java.SeleniumDriver] [  921] - Action Type : CLEARANDENTER
[INFO ][2016-01-27 15:55:57,449][com.java.TestType] [ 6418] - value = 15
[INFO ][2016-01-27 15:55:58,620][com.java.SeleniumDriver] [  930] -  RESULT true
[INFO ][2016-01-27 15:55:58,620][com.java.SeleniumDriver] [ 1136] - ?   P A S S   ?
[INFO ][2016-01-27 15:55:58,620][com.java.SeleniumDriver] [  856] - ------------------------------------------
[INFO ][2016-01-27 15:55:58,620][com.java.SeleniumDriver] [  857] - Test case being Executed: 8
[INFO ][2016-01-27 15:55:58,620][com.java.SeleniumDriver] [  869] - Test step:33
[INFO ][2016-01-27 15:55:58,620][com.java.SeleniumDriver] [  881] - Datavalue is----------TAB
[INFO ][2016-01-27 15:55:58,620][com.java.SeleniumDriver] [  905] - DataField : TXTtxtAverageLife
[INFO ][2016-01-27 15:55:58,620][com.java.SeleniumDriver] [  907] - DataValue : TAB
[INFO ][2016-01-27 15:55:58,620][com.java.SeleniumDriver] [  913] - <In Set values of the page>
[INFO ][2016-01-27 15:55:58,620][com.java.SeleniumDriver] [  916] - {Data Fields & Data Values Exist}
[INFO ][2016-01-27 15:55:58,620][com.java.SeleniumDriver] [  918] - --------------------------setting values-----------------------------
[INFO ][2016-01-27 15:55:58,620][com.java.SeleniumDriver] [  921] - Action Type : KeyboardKeys
[INFO ][2016-01-27 15:55:59,771][com.java.SeleniumDriver] [  930] -  RESULT true
[INFO ][2016-01-27 15:55:59,771][com.java.SeleniumDriver] [ 1136] - ?   P A S S   ?
[INFO ][2016-01-27 15:55:59,771][com.java.SeleniumDriver] [  856] - ------------------------------------------
[INFO ][2016-01-27 15:55:59,771][com.java.SeleniumDriver] [  857] - Test case being Executed: 8
[INFO ][2016-01-27 15:55:59,771][com.java.SeleniumDriver] [  869] - Test step:34
[INFO ][2016-01-27 15:55:59,771][com.java.SeleniumDriver] [  881] - Datavalue is----------5
[INFO ][2016-01-27 15:55:59,771][com.java.SeleniumDriver] [  905] - DataField : test
[INFO ][2016-01-27 15:55:59,771][com.java.SeleniumDriver] [  907] - DataValue : 5
[INFO ][2016-01-27 15:55:59,771][com.java.SeleniumDriver] [  913] - <In Set values of the page>
[INFO ][2016-01-27 15:55:59,771][com.java.SeleniumDriver] [  916] - {Data Fields & Data Values Exist}
[INFO ][2016-01-27 15:55:59,771][com.java.SeleniumDriver] [  918] - --------------------------setting values-----------------------------
[INFO ][2016-01-27 15:55:59,771][com.java.SeleniumDriver] [  921] - Action Type : WAITTIME
[DEBUG][2016-01-27 15:55:59,771][com.java.TestType] [ 6232] - sleepTime: 5000
[INFO ][2016-01-27 15:56:04,771][com.java.SeleniumDriver] [  930] -  RESULT true
[INFO ][2016-01-27 15:56:04,771][com.java.SeleniumDriver] [ 1136] - ?   P A S S   ?
[INFO ][2016-01-27 15:56:04,771][com.java.SeleniumDriver] [  856] - ------------------------------------------
[INFO ][2016-01-27 15:56:04,771][com.java.SeleniumDriver] [  857] - Test case being Executed: 8
[INFO ][2016-01-27 15:56:04,771][com.java.SeleniumDriver] [  869] - Test step:35
[INFO ][2016-01-27 15:56:04,771][com.java.SeleniumDriver] [  881] - Datavalue is----------AdjustedFundingCost1
[INFO ][2016-01-27 15:56:04,771][com.java.SeleniumDriver] [  905] - DataField : XPH//td[contains(text(),'Adjusted Funding Cost')]/following::td
[INFO ][2016-01-27 15:56:04,771][com.java.SeleniumDriver] [  907] - DataValue : AdjustedFundingCost1
[INFO ][2016-01-27 15:56:04,771][com.java.SeleniumDriver] [  913] - <In Set values of the page>
[INFO ][2016-01-27 15:56:04,771][com.java.SeleniumDriver] [  916] - {Data Fields & Data Values Exist}
[INFO ][2016-01-27 15:56:04,771][com.java.SeleniumDriver] [  918] - --------------------------setting values-----------------------------
[INFO ][2016-01-27 15:56:04,771][com.java.SeleniumDriver] [  921] - Action Type : STOREVALUE
[INFO ][2016-01-27 15:56:04,771][com.java.TestType] [ 9433] - field= XPH//td[contains(text(),'Adjusted Funding Cost')]/following::td
[DEBUG][2016-01-27 15:56:04,852][com.java.TestType] [ 9488] - Key:: AdjustedFundingCost1   Value:: 1.376%
[INFO ][2016-01-27 15:56:04,852][com.java.SeleniumDriver] [  930] -  RESULT true
[INFO ][2016-01-27 15:56:04,852][com.java.SeleniumDriver] [ 1136] - ?   P A S S   ?
[INFO ][2016-01-27 15:56:04,852][com.java.SeleniumDriver] [  856] - ------------------------------------------
[INFO ][2016-01-27 15:56:04,852][com.java.SeleniumDriver] [  857] - Test case being Executed: 8
[INFO ][2016-01-27 15:56:04,852][com.java.SeleniumDriver] [  869] - Test step:36
[INFO ][2016-01-27 15:56:04,852][com.java.SeleniumDriver] [  881] - Datavalue is----------HMVAdjustedFundingCost1
[INFO ][2016-01-27 15:56:04,852][com.java.SeleniumDriver] [  905] - DataField : XPH//td[contains(text(),'Adjusted Funding Cost')]/following::td
[INFO ][2016-01-27 15:56:04,852][com.java.SeleniumDriver] [  907] - DataValue : HMVAdjustedFundingCost1
[INFO ][2016-01-27 15:56:04,852][com.java.SeleniumDriver] [  913] - <In Set values of the page>
[INFO ][2016-01-27 15:56:04,852][com.java.SeleniumDriver] [  916] - {Data Fields & Data Values Exist}
[INFO ][2016-01-27 15:56:04,852][com.java.SeleniumDriver] [  918] - --------------------------setting values-----------------------------
[INFO ][2016-01-27 15:56:04,852][com.java.SeleniumDriver] [  921] - Action Type : VERIFY
[INFO ][2016-01-27 15:56:04,852][com.java.TestType] [ 8008] - field= XPH//td[contains(text(),'Adjusted Funding Cost')]/following::td value= HMVAdjustedFundingCost1
[INFO ][2016-01-27 15:56:04,852][com.java.TestType] [ 6418] - value = 1.376%
[INFO ][2016-01-27 15:56:04,922][com.java.SeleniumDriver] [  930] -  RESULT true
[INFO ][2016-01-27 15:56:04,922][com.java.SeleniumDriver] [ 1136] - ?   P A S S   ?
[INFO ][2016-01-27 15:56:04,922][com.java.SeleniumDriver] [  856] - ------------------------------------------
[INFO ][2016-01-27 15:56:04,922][com.java.SeleniumDriver] [  857] - Test case being Executed: 8
[INFO ][2016-01-27 15:56:04,922][com.java.SeleniumDriver] [  869] - Test step:37
[INFO ][2016-01-27 15:56:04,922][com.java.SeleniumDriver] [  881] - Datavalue is----------HMVAdjustedFundingCost
[INFO ][2016-01-27 15:56:04,922][com.java.SeleniumDriver] [  905] - DataField : TXT//td[contains(text(),'Adjusted Funding Cost')]/following::td
[INFO ][2016-01-27 15:56:04,922][com.java.SeleniumDriver] [  907] - DataValue : HMVAdjustedFundingCost
[INFO ][2016-01-27 15:56:04,922][com.java.SeleniumDriver] [  913] - <In Set values of the page>
[INFO ][2016-01-27 15:56:04,922][com.java.SeleniumDriver] [  916] - {Data Fields & Data Values Exist}
[INFO ][2016-01-27 15:56:04,922][com.java.SeleniumDriver] [  918] - --------------------------setting values-----------------------------
[INFO ][2016-01-27 15:56:04,922][com.java.SeleniumDriver] [  921] - Action Type : VERIFYNOTPRESENT
[INFO ][2016-01-27 15:56:04,922][com.java.TestType] [ 9757] - field= TXT//td[contains(text(),'Adjusted Funding Cost')]/following::td value= HMVAdjustedFundingCost
[DEBUG][2016-01-27 15:56:04,992][com.java.TestType] [ 9854] - values not matched
[INFO ][2016-01-27 15:56:04,992][com.java.SeleniumDriver] [  930] -  RESULT true
[INFO ][2016-01-27 15:56:04,992][com.java.SeleniumDriver] [ 1136] - ?   P A S S   ?
[INFO ][2016-01-27 15:56:04,992][com.java.SeleniumDriver] [  856] - ------------------------------------------
[INFO ][2016-01-27 15:56:04,992][com.java.SeleniumDriver] [  857] - Test case being Executed: 8
[INFO ][2016-01-27 15:56:04,992][com.java.SeleniumDriver] [  869] - Test step:38
[INFO ][2016-01-27 15:56:04,992][com.java.SeleniumDriver] [  881] - Datavalue is----------LoanOrginationFee
[INFO ][2016-01-27 15:56:04,992][com.java.SeleniumDriver] [  905] - DataField : XPH//div[@id="lblOrigFee"]
[INFO ][2016-01-27 15:56:04,992][com.java.SeleniumDriver] [  907] - DataValue : LoanOrginationFee
[INFO ][2016-01-27 15:56:04,992][com.java.SeleniumDriver] [  913] - <In Set values of the page>
[INFO ][2016-01-27 15:56:04,992][com.java.SeleniumDriver] [  916] - {Data Fields & Data Values Exist}
[INFO ][2016-01-27 15:56:04,992][com.java.SeleniumDriver] [  918] - --------------------------setting values-----------------------------
[INFO ][2016-01-27 15:56:04,992][com.java.SeleniumDriver] [  921] - Action Type : STOREVALUE
[INFO ][2016-01-27 15:56:04,992][com.java.TestType] [ 9433] - field= XPH//div[@id="lblOrigFee"]
[DEBUG][2016-01-27 15:56:05,062][com.java.TestType] [ 9488] - Key:: LoanOrginationFee   Value:: $0
[INFO ][2016-01-27 15:56:05,062][com.java.SeleniumDriver] [  930] -  RESULT true
[INFO ][2016-01-27 15:56:05,062][com.java.SeleniumDriver] [ 1136] - ?   P A S S   ?
[INFO ][2016-01-27 15:56:05,062][com.java.SeleniumDriver] [  856] - ------------------------------------------
[INFO ][2016-01-27 15:56:05,062][com.java.SeleniumDriver] [  857] - Test case being Executed: 8
[INFO ][2016-01-27 15:56:05,062][com.java.SeleniumDriver] [  869] - Test step:39
[INFO ][2016-01-27 15:56:05,062][com.java.SeleniumDriver] [  881] - Datavalue is----------3000
[INFO ][2016-01-27 15:56:05,062][com.java.SeleniumDriver] [  905] - DataField : TXTtxtLoanFees
[INFO ][2016-01-27 15:56:05,062][com.java.SeleniumDriver] [  907] - DataValue : 3000
[INFO ][2016-01-27 15:56:05,062][com.java.SeleniumDriver] [  913] - <In Set values of the page>
[INFO ][2016-01-27 15:56:05,062][com.java.SeleniumDriver] [  916] - {Data Fields & Data Values Exist}
[INFO ][2016-01-27 15:56:05,062][com.java.SeleniumDriver] [  918] - --------------------------setting values-----------------------------
[INFO ][2016-01-27 15:56:05,062][com.java.SeleniumDriver] [  921] - Action Type : CLEARANDENTER
[INFO ][2016-01-27 15:56:06,193][com.java.TestType] [ 6418] - value = 3000
[INFO ][2016-01-27 15:56:07,374][com.java.SeleniumDriver] [  930] -  RESULT true
[INFO ][2016-01-27 15:56:07,374][com.java.SeleniumDriver] [ 1136] - ?   P A S S   ?
[INFO ][2016-01-27 15:56:07,374][com.java.SeleniumDriver] [  856] - ------------------------------------------
[INFO ][2016-01-27 15:56:07,374][com.java.SeleniumDriver] [  857] - Test case being Executed: 8
[INFO ][2016-01-27 15:56:07,374][com.java.SeleniumDriver] [  869] - Test step:40
[INFO ][2016-01-27 15:56:07,374][com.java.SeleniumDriver] [  881] - Datavalue is----------TAB
[INFO ][2016-01-27 15:56:07,374][com.java.SeleniumDriver] [  905] - DataField : TXTtxtLoanFees
[INFO ][2016-01-27 15:56:07,374][com.java.SeleniumDriver] [  907] - DataValue : TAB
[INFO ][2016-01-27 15:56:07,374][com.java.SeleniumDriver] [  913] - <In Set values of the page>
[INFO ][2016-01-27 15:56:07,374][com.java.SeleniumDriver] [  916] - {Data Fields & Data Values Exist}
[INFO ][2016-01-27 15:56:07,374][com.java.SeleniumDriver] [  918] - --------------------------setting values-----------------------------
[INFO ][2016-01-27 15:56:07,374][com.java.SeleniumDriver] [  921] - Action Type : KeyboardKeys
[INFO ][2016-01-27 15:56:08,515][com.java.SeleniumDriver] [  930] -  RESULT true
[INFO ][2016-01-27 15:56:08,515][com.java.SeleniumDriver] [ 1136] - ?   P A S S   ?
[INFO ][2016-01-27 15:56:08,515][com.java.SeleniumDriver] [  856] - ------------------------------------------
[INFO ][2016-01-27 15:56:08,515][com.java.SeleniumDriver] [  857] - Test case being Executed: 8
[INFO ][2016-01-27 15:56:08,515][com.java.SeleniumDriver] [  869] - Test step:41
[INFO ][2016-01-27 15:56:08,515][com.java.SeleniumDriver] [  881] - Datavalue is----------3
[INFO ][2016-01-27 15:56:08,515][com.java.SeleniumDriver] [  905] - DataField : test
[INFO ][2016-01-27 15:56:08,515][com.java.SeleniumDriver] [  907] - DataValue : 3
[INFO ][2016-01-27 15:56:08,515][com.java.SeleniumDriver] [  913] - <In Set values of the page>
[INFO ][2016-01-27 15:56:08,515][com.java.SeleniumDriver] [  916] - {Data Fields & Data Values Exist}
[INFO ][2016-01-27 15:56:08,515][com.java.SeleniumDriver] [  918] - --------------------------setting values-----------------------------
[INFO ][2016-01-27 15:56:08,515][com.java.SeleniumDriver] [  921] - Action Type : WAITTIME
[DEBUG][2016-01-27 15:56:08,515][com.java.TestType] [ 6232] - sleepTime: 3000
[INFO ][2016-01-27 15:56:11,515][com.java.SeleniumDriver] [  930] -  RESULT true
[INFO ][2016-01-27 15:56:11,515][com.java.SeleniumDriver] [ 1136] - ?   P A S S   ?
[INFO ][2016-01-27 15:56:11,515][com.java.SeleniumDriver] [  856] - ------------------------------------------
[INFO ][2016-01-27 15:56:11,515][com.java.SeleniumDriver] [  857] - Test case being Executed: 8
[INFO ][2016-01-27 15:56:11,515][com.java.SeleniumDriver] [  869] - Test step:42
[INFO ][2016-01-27 15:56:11,515][com.java.SeleniumDriver] [  881] - Datavalue is----------HMVLoanOrginationFee
[INFO ][2016-01-27 15:56:11,515][com.java.SeleniumDriver] [  905] - DataField : TXT//div[@id="lblOrigFee"]
[INFO ][2016-01-27 15:56:11,515][com.java.SeleniumDriver] [  907] - DataValue : HMVLoanOrginationFee
[INFO ][2016-01-27 15:56:11,515][com.java.SeleniumDriver] [  913] - <In Set values of the page>
[INFO ][2016-01-27 15:56:11,515][com.java.SeleniumDriver] [  916] - {Data Fields & Data Values Exist}
[INFO ][2016-01-27 15:56:11,515][com.java.SeleniumDriver] [  918] - --------------------------setting values-----------------------------
[INFO ][2016-01-27 15:56:11,515][com.java.SeleniumDriver] [  921] - Action Type : VERIFYNOTPRESENT
[INFO ][2016-01-27 15:56:11,515][com.java.TestType] [ 9757] - field= TXT//div[@id="lblOrigFee"] value= HMVLoanOrginationFee
[DEBUG][2016-01-27 15:56:11,586][com.java.TestType] [ 9854] - values not matched
[INFO ][2016-01-27 15:56:11,586][com.java.SeleniumDriver] [  930] -  RESULT true
[INFO ][2016-01-27 15:56:11,586][com.java.SeleniumDriver] [ 1136] - ?   P A S S   ?
[INFO ][2016-01-27 15:56:11,586][com.java.SeleniumDriver] [  856] - ------------------------------------------
[INFO ][2016-01-27 15:56:11,586][com.java.SeleniumDriver] [  857] - Test case being Executed: 8
[INFO ][2016-01-27 15:56:11,586][com.java.SeleniumDriver] [  869] - Test step:43
[INFO ][2016-01-27 15:56:11,586][com.java.SeleniumDriver] [  881] - Datavalue is----------RiskWeighting
[INFO ][2016-01-27 15:56:11,586][com.java.SeleniumDriver] [  905] - DataField : SLBddlRiskWeighting
[INFO ][2016-01-27 15:56:11,586][com.java.SeleniumDriver] [  907] - DataValue : RiskWeighting
[INFO ][2016-01-27 15:56:11,586][com.java.SeleniumDriver] [  913] - <In Set values of the page>
[INFO ][2016-01-27 15:56:11,586][com.java.SeleniumDriver] [  916] - {Data Fields & Data Values Exist}
[INFO ][2016-01-27 15:56:11,586][com.java.SeleniumDriver] [  918] - --------------------------setting values-----------------------------
[INFO ][2016-01-27 15:56:11,586][com.java.SeleniumDriver] [  921] - Action Type : STOREVALUE
[INFO ][2016-01-27 15:56:11,586][com.java.TestType] [ 9433] - field= SLBddlRiskWeighting
[INFO ][2016-01-27 15:56:12,757][com.java.SeleniumDriver] [  930] -  RESULT true
[INFO ][2016-01-27 15:56:12,757][com.java.SeleniumDriver] [ 1136] - ?   P A S S   ?
[INFO ][2016-01-27 15:56:12,757][com.java.SeleniumDriver] [  856] - ------------------------------------------
[INFO ][2016-01-27 15:56:12,757][com.java.SeleniumDriver] [  857] - Test case being Executed: 8
[INFO ][2016-01-27 15:56:12,757][com.java.SeleniumDriver] [  869] - Test step:44
[INFO ][2016-01-27 15:56:12,757][com.java.SeleniumDriver] [  881] - Datavalue is----------index:1
[INFO ][2016-01-27 15:56:12,757][com.java.SeleniumDriver] [  905] - DataField : COBddlLoanType
[INFO ][2016-01-27 15:56:12,757][com.java.SeleniumDriver] [  907] - DataValue : index:1
[INFO ][2016-01-27 15:56:12,757][com.java.SeleniumDriver] [  913] - <In Set values of the page>
[INFO ][2016-01-27 15:56:12,757][com.java.SeleniumDriver] [  916] - {Data Fields & Data Values Exist}
[INFO ][2016-01-27 15:56:12,757][com.java.SeleniumDriver] [  918] - --------------------------setting values-----------------------------
[INFO ][2016-01-27 15:56:12,757][com.java.SeleniumDriver] [  921] - Action Type : SELECT
[INFO ][2016-01-27 15:56:12,757][com.java.TestType] [ 6418] - value = 1
[INFO ][2016-01-27 15:56:13,858][com.java.TestType] [ 6536] -  In COB ddlLoanType : 1
[INFO ][2016-01-27 15:56:14,008][com.java.SeleniumDriver] [  930] -  RESULT true
[INFO ][2016-01-27 15:56:14,008][com.java.SeleniumDriver] [ 1136] - ?   P A S S   ?
[INFO ][2016-01-27 15:56:14,008][com.java.SeleniumDriver] [  856] - ------------------------------------------
[INFO ][2016-01-27 15:56:14,008][com.java.SeleniumDriver] [  857] - Test case being Executed: 8
[INFO ][2016-01-27 15:56:14,008][com.java.SeleniumDriver] [  869] - Test step:45
[INFO ][2016-01-27 15:56:14,008][com.java.SeleniumDriver] [  881] - Datavalue is----------2
[INFO ][2016-01-27 15:56:14,008][com.java.SeleniumDriver] [  905] - DataField : test
[INFO ][2016-01-27 15:56:14,008][com.java.SeleniumDriver] [  907] - DataValue : 2
[INFO ][2016-01-27 15:56:14,008][com.java.SeleniumDriver] [  913] - <In Set values of the page>
[INFO ][2016-01-27 15:56:14,008][com.java.SeleniumDriver] [  916] - {Data Fields & Data Values Exist}
[INFO ][2016-01-27 15:56:14,008][com.java.SeleniumDriver] [  918] - --------------------------setting values-----------------------------
[INFO ][2016-01-27 15:56:14,008][com.java.SeleniumDriver] [  921] - Action Type : WAITTIME
[DEBUG][2016-01-27 15:56:14,008][com.java.TestType] [ 6232] - sleepTime: 2000
[INFO ][2016-01-27 15:56:16,008][com.java.SeleniumDriver] [  930] -  RESULT true
[INFO ][2016-01-27 15:56:16,008][com.java.SeleniumDriver] [ 1136] - ?   P A S S   ?
[INFO ][2016-01-27 15:56:16,008][com.java.SeleniumDriver] [  856] - ------------------------------------------
[INFO ][2016-01-27 15:56:16,008][com.java.SeleniumDriver] [  857] - Test case being Executed: 8
[WARN ][2016-01-27 15:56:16,008][com.java.SeleniumDriver] [  861] - -----------------------Step Skipped:: 	TestCaseNo:  8	 StepNo: 46  	::	Action Type:  STOREVALUE 	::		ClientName In TestData:  "SKIP" 	::	ClientName in config:  "Bank of North Carolina"-----------------------------
[INFO ][2016-01-27 15:56:16,008][com.java.SeleniumDriver] [  856] - ------------------------------------------
[INFO ][2016-01-27 15:56:16,008][com.java.SeleniumDriver] [  857] - Test case being Executed: 8
[WARN ][2016-01-27 15:56:16,008][com.java.SeleniumDriver] [  861] - -----------------------Step Skipped:: 	TestCaseNo:  8	 StepNo: 47  	::	Action Type:  VERIFY 	::		ClientName In TestData:  "SKIP" 	::	ClientName in config:  "Bank of North Carolina"-----------------------------
[INFO ][2016-01-27 15:56:16,008][com.java.SeleniumDriver] [  856] - ------------------------------------------
[INFO ][2016-01-27 15:56:16,008][com.java.SeleniumDriver] [  857] - Test case being Executed: 8
[INFO ][2016-01-27 15:56:16,008][com.java.SeleniumDriver] [  869] - Test step:48
[INFO ][2016-01-27 15:56:16,008][com.java.SeleniumDriver] [  881] - Datavalue is----------HMVRiskWeighting
[INFO ][2016-01-27 15:56:16,008][com.java.SeleniumDriver] [  905] - DataField : XPHddlRiskWeighting
[INFO ][2016-01-27 15:56:16,008][com.java.SeleniumDriver] [  907] - DataValue : HMVRiskWeighting
[INFO ][2016-01-27 15:56:16,008][com.java.SeleniumDriver] [  913] - <In Set values of the page>
[INFO ][2016-01-27 15:56:16,008][com.java.SeleniumDriver] [  916] - {Data Fields & Data Values Exist}
[INFO ][2016-01-27 15:56:16,008][com.java.SeleniumDriver] [  918] - --------------------------setting values-----------------------------
[INFO ][2016-01-27 15:56:16,008][com.java.SeleniumDriver] [  921] - Action Type : VERIFYNOTPRESENT
[INFO ][2016-01-27 15:56:16,008][com.java.TestType] [ 9757] - field= XPHddlRiskWeighting value= HMVRiskWeighting
[DEBUG][2016-01-27 15:56:19,462][com.java.TestType] [ 9854] - values not matched
[INFO ][2016-01-27 15:56:19,462][com.java.SeleniumDriver] [  930] -  RESULT true
[INFO ][2016-01-27 15:56:19,462][com.java.SeleniumDriver] [ 1136] - ?   P A S S   ?
[INFO ][2016-01-27 15:56:19,462][com.java.SeleniumDriver] [  856] - ------------------------------------------
[INFO ][2016-01-27 15:56:19,462][com.java.SeleniumDriver] [  857] - Test case being Executed: 8
[INFO ][2016-01-27 15:56:19,462][com.java.SeleniumDriver] [  869] - Test step:49
[INFO ][2016-01-27 15:56:19,462][com.java.SeleniumDriver] [  881] - Datavalue is----------index:2
[INFO ][2016-01-27 15:56:19,462][com.java.SeleniumDriver] [  905] - DataField : COBddlRiskWeighting
[INFO ][2016-01-27 15:56:19,462][com.java.SeleniumDriver] [  907] - DataValue : index:2
[INFO ][2016-01-27 15:56:19,462][com.java.SeleniumDriver] [  913] - <In Set values of the page>
[INFO ][2016-01-27 15:56:19,462][com.java.SeleniumDriver] [  916] - {Data Fields & Data Values Exist}
[INFO ][2016-01-27 15:56:19,462][com.java.SeleniumDriver] [  918] - --------------------------setting values-----------------------------
[INFO ][2016-01-27 15:56:19,462][com.java.SeleniumDriver] [  921] - Action Type : SELECT
[INFO ][2016-01-27 15:56:19,462][com.java.TestType] [ 6418] - value = 2
[INFO ][2016-01-27 15:56:20,553][com.java.TestType] [ 6536] -  In COB ddlRiskWeighting : 2
[INFO ][2016-01-27 15:56:20,653][com.java.SeleniumDriver] [  930] -  RESULT true
[INFO ][2016-01-27 15:56:20,653][com.java.SeleniumDriver] [ 1136] - ?   P A S S   ?
[INFO ][2016-01-27 15:56:20,653][com.java.SeleniumDriver] [  856] - ------------------------------------------
[INFO ][2016-01-27 15:56:20,653][com.java.SeleniumDriver] [  857] - Test case being Executed: 8
[INFO ][2016-01-27 15:56:20,653][com.java.SeleniumDriver] [  869] - Test step:50
[INFO ][2016-01-27 15:56:20,653][com.java.SeleniumDriver] [  881] - Datavalue is----------2
[INFO ][2016-01-27 15:56:20,653][com.java.SeleniumDriver] [  905] - DataField : test
[INFO ][2016-01-27 15:56:20,653][com.java.SeleniumDriver] [  907] - DataValue : 2
[INFO ][2016-01-27 15:56:20,653][com.java.SeleniumDriver] [  913] - <In Set values of the page>
[INFO ][2016-01-27 15:56:20,653][com.java.SeleniumDriver] [  916] - {Data Fields & Data Values Exist}
[INFO ][2016-01-27 15:56:20,653][com.java.SeleniumDriver] [  918] - --------------------------setting values-----------------------------
[INFO ][2016-01-27 15:56:20,653][com.java.SeleniumDriver] [  921] - Action Type : WAITTIME
[DEBUG][2016-01-27 15:56:20,653][com.java.TestType] [ 6232] - sleepTime: 2000
[INFO ][2016-01-27 15:56:22,653][com.java.SeleniumDriver] [  930] -  RESULT true
[INFO ][2016-01-27 15:56:22,653][com.java.SeleniumDriver] [ 1136] - ?   P A S S   ?
[INFO ][2016-01-27 15:56:22,653][com.java.SeleniumDriver] [  856] - ------------------------------------------
[INFO ][2016-01-27 15:56:22,653][com.java.SeleniumDriver] [  857] - Test case being Executed: 8
[INFO ][2016-01-27 15:56:22,653][com.java.SeleniumDriver] [  869] - Test step:51
[INFO ][2016-01-27 15:56:22,653][com.java.SeleniumDriver] [  881] - Datavalue is----------RiskWeight
[INFO ][2016-01-27 15:56:22,653][com.java.SeleniumDriver] [  905] - DataField : SLBddlRiskWeighting
[INFO ][2016-01-27 15:56:22,653][com.java.SeleniumDriver] [  907] - DataValue : RiskWeight
[INFO ][2016-01-27 15:56:22,653][com.java.SeleniumDriver] [  913] - <In Set values of the page>
[INFO ][2016-01-27 15:56:22,653][com.java.SeleniumDriver] [  916] - {Data Fields & Data Values Exist}
[INFO ][2016-01-27 15:56:22,653][com.java.SeleniumDriver] [  918] - --------------------------setting values-----------------------------
[INFO ][2016-01-27 15:56:22,653][com.java.SeleniumDriver] [  921] - Action Type : STOREVALUE
[INFO ][2016-01-27 15:56:22,653][com.java.TestType] [ 9433] - field= SLBddlRiskWeighting
[INFO ][2016-01-27 15:56:23,855][com.java.SeleniumDriver] [  930] -  RESULT true
[INFO ][2016-01-27 15:56:23,855][com.java.SeleniumDriver] [ 1136] - ?   P A S S   ?
[INFO ][2016-01-27 15:56:23,855][com.java.SeleniumDriver] [  856] - ------------------------------------------
[INFO ][2016-01-27 15:56:23,855][com.java.SeleniumDriver] [  857] - Test case being Executed: 8
[INFO ][2016-01-27 15:56:23,855][com.java.SeleniumDriver] [  869] - Test step:52
[INFO ][2016-01-27 15:56:23,855][com.java.SeleniumDriver] [  881] - Datavalue is----------Saving
[INFO ][2016-01-27 15:56:23,855][com.java.SeleniumDriver] [  905] - DataField : TXTtxtAccount1
[INFO ][2016-01-27 15:56:23,855][com.java.SeleniumDriver] [  907] - DataValue : Saving
[INFO ][2016-01-27 15:56:23,855][com.java.SeleniumDriver] [  913] - <In Set values of the page>
[INFO ][2016-01-27 15:56:23,855][com.java.SeleniumDriver] [  916] - {Data Fields & Data Values Exist}
[INFO ][2016-01-27 15:56:23,855][com.java.SeleniumDriver] [  918] - --------------------------setting values-----------------------------
[INFO ][2016-01-27 15:56:23,855][com.java.SeleniumDriver] [  921] - Action Type : CLEARANDENTER
[INFO ][2016-01-27 15:56:24,977][com.java.TestType] [ 6418] - value = Saving
[INFO ][2016-01-27 15:56:26,288][com.java.SeleniumDriver] [  930] -  RESULT true
[INFO ][2016-01-27 15:56:26,288][com.java.SeleniumDriver] [ 1136] - ?   P A S S   ?
[INFO ][2016-01-27 15:56:26,288][com.java.SeleniumDriver] [  856] - ------------------------------------------
[INFO ][2016-01-27 15:56:26,288][com.java.SeleniumDriver] [  857] - Test case being Executed: 8
[INFO ][2016-01-27 15:56:26,288][com.java.SeleniumDriver] [  869] - Test step:53
[INFO ][2016-01-27 15:56:26,288][com.java.SeleniumDriver] [  881] - Datavalue is----------50000
[INFO ][2016-01-27 15:56:26,288][com.java.SeleniumDriver] [  905] - DataField : TXTtxtBalance1
[INFO ][2016-01-27 15:56:26,288][com.java.SeleniumDriver] [  907] - DataValue : 50000
[INFO ][2016-01-27 15:56:26,288][com.java.SeleniumDriver] [  913] - <In Set values of the page>
[INFO ][2016-01-27 15:56:26,288][com.java.SeleniumDriver] [  916] - {Data Fields & Data Values Exist}
[INFO ][2016-01-27 15:56:26,288][com.java.SeleniumDriver] [  918] - --------------------------setting values-----------------------------
[INFO ][2016-01-27 15:56:26,288][com.java.SeleniumDriver] [  921] - Action Type : CLEARANDENTER
[INFO ][2016-01-27 15:56:27,419][com.java.TestType] [ 6418] - value = 50000
[INFO ][2016-01-27 15:56:28,630][com.java.SeleniumDriver] [  930] -  RESULT true
[INFO ][2016-01-27 15:56:28,630][com.java.SeleniumDriver] [ 1136] - ?   P A S S   ?
[INFO ][2016-01-27 15:56:28,630][com.java.SeleniumDriver] [  856] - ------------------------------------------
[INFO ][2016-01-27 15:56:28,630][com.java.SeleniumDriver] [  857] - Test case being Executed: 8
[INFO ][2016-01-27 15:56:28,630][com.java.SeleniumDriver] [  869] - Test step:54
[INFO ][2016-01-27 15:56:28,630][com.java.SeleniumDriver] [  881] - Datavalue is----------0
[INFO ][2016-01-27 15:56:28,630][com.java.SeleniumDriver] [  905] - DataField : TXTtxtYield1
[INFO ][2016-01-27 15:56:28,630][com.java.SeleniumDriver] [  907] - DataValue : 0
[INFO ][2016-01-27 15:56:28,630][com.java.SeleniumDriver] [  913] - <In Set values of the page>
[INFO ][2016-01-27 15:56:28,630][com.java.SeleniumDriver] [  916] - {Data Fields & Data Values Exist}
[INFO ][2016-01-27 15:56:28,630][com.java.SeleniumDriver] [  918] - --------------------------setting values-----------------------------
[INFO ][2016-01-27 15:56:28,630][com.java.SeleniumDriver] [  921] - Action Type : CLEARANDENTER
[ERROR][2016-01-27 15:56:29,770][com.java.TestType] [ 7612] - Exception in clearAndEnter: null
[DEBUG][2016-01-27 15:56:29,770][com.java.TestType] [ 7616] - For ENTER action type the data field should be TXT
[INFO ][2016-01-27 15:56:29,770][com.java.SeleniumDriver] [  930] -  RESULT false
[INFO ][2016-01-27 15:56:29,770][com.java.SeleniumDriver] [  977] - ?   F A I L   ?
[INFO ][2016-01-27 15:56:29,770][com.java.SeleniumDriver] [  985] - Browser Type : IE10
[INFO ][2016-01-27 15:56:29,770][com.java.SeleniumDriver] [  986] - Adding Failed case8
[WARN ][2016-01-27 15:56:29,781][com.java.SeleniumDriver] [ 1046] - Source 'D:\BankersDashboard\TestReports\012716' exists but is a directory
[INFO ][2016-01-27 15:56:29,781][com.java.SeleniumDriver] [ 1100] - failedCases = 5,8
[ERROR][2016-01-27 15:56:29,781][com.java.SeleniumDriver] [ 1599] - Platform Errors : Our apologies...::We have encountered an issue with your request.::Our apologies?:We encountered an issue with your request.
[INFO ][2016-01-27 15:56:29,781][com.java.SeleniumDriver] [ 1603] - Length =3
[ERROR][2016-01-27 15:56:29,781][com.java.SeleniumDriver] [ 1606] - Error 0 = Our apologies...
[ERROR][2016-01-27 15:56:29,801][com.java.SeleniumDriver] [ 1620] - Unable to get browser (WARNING: The server did not provide any stacktrace information)
Command duration or timeout: 20 milliseconds
Build info: version: '2.48.2', revision: '41bccdd', time: '2015-10-09 19:59:12'
System info: host: 'FVTIII438F1D', ip: '172.17.68.34', os.name: 'Windows 7', os.arch: 'x86', os.version: '6.1', java.version: '1.7.0_55'
Session ID: f2d1d093-c8c0-4e5d-8f74-2dcc7b680e46
Driver info: org.openqa.selenium.ie.InternetExplorerDriver
Capabilities [{platform=WINDOWS, javascriptEnabled=true, elementScrollBehavior=0, ignoreZoomSetting=false, enablePersistentHover=true, ie.ensureCleanSession=false, browserName=internet explorer, enableElementCacheCleanup=true, unexpectedAlertBehaviour=dismiss, version=10, ie.usePerProcessProxy=false, ignoreProtectedModeSettings=true, cssSelectorsEnabled=true, requireWindowFocus=false, initialBrowserUrl=http://localhost:27104/, handlesAlerts=true, ie.forceCreateProcessApi=false, nativeEvents=true, browserAttachTimeout=0, ie.browserCommandLineSwitches=, takesScreenshot=true}]
[INFO ][2016-01-27 15:56:29,801][com.java.SeleniumDriver] [ 1622] - FindPlatformErrors exception: Unable to get browser (WARNING: The server did not provide any stacktrace information)
Command duration or timeout: 20 milliseconds
Build info: version: '2.48.2', revision: '41bccdd', time: '2015-10-09 19:59:12'
System info: host: 'FVTIII438F1D', ip: '172.17.68.34', os.name: 'Windows 7', os.arch: 'x86', os.version: '6.1', java.version: '1.7.0_55'
Session ID: f2d1d093-c8c0-4e5d-8f74-2dcc7b680e46
Driver info: org.openqa.selenium.ie.InternetExplorerDriver
Capabilities [{platform=WINDOWS, javascriptEnabled=true, elementScrollBehavior=0, ignoreZoomSetting=false, enablePersistentHover=true, ie.ensureCleanSession=false, browserName=internet explorer, enableElementCacheCleanup=true, unexpectedAlertBehaviour=dismiss, version=10, ie.usePerProcessProxy=false, ignoreProtectedModeSettings=true, cssSelectorsEnabled=true, requireWindowFocus=false, initialBrowserUrl=http://localhost:27104/, handlesAlerts=true, ie.forceCreateProcessApi=false, nativeEvents=true, browserAttachTimeout=0, ie.browserCommandLineSwitches=, takesScreenshot=true}]
[DEBUG][2016-01-27 15:56:29,801][com.java.SeleniumDriver] [ 1624] - Unable to get the Platform Error list from Hash Map.
[ERROR][2016-01-27 15:56:29,801][com.java.SeleniumDriver] [ 1218] - 
[INFO ][2016-01-27 15:56:29,801][com.java.SeleniumDriver] [  856] - ------------------------------------------
[INFO ][2016-01-27 15:56:29,801][com.java.SeleniumDriver] [  857] - Test case being Executed: 8
[INFO ][2016-01-27 15:56:29,801][com.java.SeleniumDriver] [  869] - Test step:55
[INFO ][2016-01-27 15:56:29,801][com.java.SeleniumDriver] [  881] - Datavalue is----------null
[DEBUG][2016-01-27 15:56:29,801][com.java.SeleniumDriver] [  899] - Exception: null
[INFO ][2016-01-27 15:56:29,801][com.java.SeleniumDriver] [  905] - DataField : HDNbtnSave
[INFO ][2016-01-27 15:56:29,801][com.java.SeleniumDriver] [  907] - DataValue : 
[INFO ][2016-01-27 15:56:29,801][com.java.SeleniumDriver] [  913] - <In Set values of the page>
[INFO ][2016-01-27 15:56:29,801][com.java.SeleniumDriver] [  916] - {Data Fields & Data Values Exist}
[INFO ][2016-01-27 15:56:29,801][com.java.SeleniumDriver] [  918] - --------------------------setting values-----------------------------
[INFO ][2016-01-27 15:56:29,801][com.java.SeleniumDriver] [  921] - Action Type : CLICK
[INFO ][2016-01-27 15:56:29,801][com.java.TestType] [ 6797] - Field ::HDNbtnSave
[INFO ][2016-01-27 15:56:29,801][com.java.TestType] [ 6418] - value = 
