[INFO ][2015-11-18 17:44:11,390][com.java.SeleniumDriver] [  213] - Execute Failed Casesfalse
[INFO ][2015-11-18 17:44:11,395][com.java.SeleniumDriver] [  214] - Browser: IE10
[INFO ][2015-11-18 17:44:11,395][com.java.SeleniumDriver] [  215] - [1, 6]
[INFO ][2015-11-18 17:44:11,395][com.java.SeleniumDriver] [  216] - Total TestCases:2
[INFO ][2015-11-18 17:44:11,395][com.java.SeleniumDriver] [  217] -  Reading Properties from Property File 
[DEBUG][2015-11-18 17:44:11,395][com.java.SeleniumDriver] [  238] - url : https://clients-xuat.bankersdashboard.com
[INFO ][2015-11-18 17:44:11,397][com.java.ImportnExport.ExportTestResultsExcel] [  116] - Time Stamp Wed Nov 18 05:44:11 IST 2015
[INFO ][2015-11-18 17:44:11,397][com.java.ImportnExport.ExportTestResultsExcel] [  175] - OUT FILE : D:\BankersDashboard/TestReports/Test Results_BankersDashBoard_111815_174411_IE10_Bank of North Carolina.xls
[INFO ][2015-11-18 17:44:11,425][com.java.ImportnExport.ExportTestResultsExcel] [  180] - Test Result file is created
[DEBUG][2015-11-18 17:44:11,526][com.java.SeleniumDriver] [  425] - Hub ip address is-------172.17.68.34
[INFO ][2015-11-18 17:44:11,527][com.java.SeleniumDriver] [  451] - Grid URL:http://172.17.68.34:4444/wd/hub
[INFO ][2015-11-18 17:44:11,527][com.java.SeleniumDriver] [  452] - Capability:Capabilities [{platform=ANY, ensureCleanSession=true, ignoreProtectedModeSettings=true, acceptSslCerts=true, ignoreZoomSetting=true, browserName=internet explorer, browserstack.ie.noFlash=true, version=null}]
[ERROR][2015-11-18 17:44:12,837][com.java.SeleniumDriver] [  496] - Unable invoke browser in grid:Could not start a new session. Possible causes are invalid address of the remote server or browser start-up failure.
Build info: version: '2.48.2', revision: '41bccdd', time: '2015-10-09 19:59:12'
System info: host: 'FVTIII438F1D', ip: '172.17.68.34', os.name: 'Windows 7', os.arch: 'x86', os.version: '6.1', java.version: '1.7.0_55'
Driver info: driver.version: SeleniumDriver
[INFO ][2015-11-18 17:44:12,837][com.java.SeleniumDriver] [  498] - Executing on local machine
[INFO ][2015-11-18 17:44:22,232][com.java.SeleniumDriver] [  248] - IE10is opened
[INFO ][2015-11-18 17:44:22,857][com.java.SeleniumDriver] [  753] - Test cases to be executed are: [1, 6]
[INFO ][2015-11-18 17:44:22,874][com.java.ImportnExport.ImportTestDataDetailsExcel] [   49] - test data details path===== D:\BankersDashboard\TestInputs\TestData.xls
[INFO ][2015-11-18 17:44:22,922][com.java.SeleniumDriver] [  796] - ------------------------------------------
[INFO ][2015-11-18 17:44:22,922][com.java.SeleniumDriver] [  797] - Test case being Executed: 1
[INFO ][2015-11-18 17:44:22,922][com.java.SeleniumDriver] [  808] - Test step:1
[INFO ][2015-11-18 17:44:22,922][com.java.SeleniumDriver] [  820] - Datavalue is----------Concept#1:1-14
[INFO ][2015-11-18 17:44:22,922][com.java.SeleniumDriver] [  844] - DataField : test
[INFO ][2015-11-18 17:44:22,922][com.java.SeleniumDriver] [  846] - DataValue : Concept#1:1-14
[INFO ][2015-11-18 17:44:22,923][com.java.SeleniumDriver] [  852] - <In Set values of the page>
[INFO ][2015-11-18 17:44:22,923][com.java.SeleniumDriver] [  855] - {Data Fields & Data Values Exist}
[INFO ][2015-11-18 17:44:22,923][com.java.SeleniumDriver] [  857] - --------------------------setting values-----------------------------
[INFO ][2015-11-18 17:44:22,923][com.java.SeleniumDriver] [  860] - Action Type : ExecuteTestCase
[INFO ][2015-11-18 17:44:22,940][com.java.TestType] [  423] - The Concept sheet name is ---------- Concept
[INFO ][2015-11-18 17:44:22,940][com.java.TestType] [  426] - The Concept ID  is ---------- 1
[DEBUG][2015-11-18 17:44:22,940][com.java.TestType] [  430] - Steps being executted in the Concept are: 1:14
[INFO ][2015-11-18 17:44:22,940][com.java.TestType] [  437] - Test data details path ---------- D:\BankersDashboard\TestInputs\TestData.xls
[INFO ][2015-11-18 17:44:22,977][com.java.TestType] [  468] -  str(1) = 1
[INFO ][2015-11-18 17:44:22,977][com.java.TestType] [  471] - Test case Id is---1
[INFO ][2015-11-18 17:44:22,977][com.java.TestType] [  473] - 1
[INFO ][2015-11-18 17:44:22,977][com.java.TestType] [  468] -  str(2) = 1
[INFO ][2015-11-18 17:44:22,980][com.java.TestType] [  520] - row values are--------{1=com.java.Objects.TestDataDetails@11bb20d}
[INFO ][2015-11-18 17:44:22,980][com.java.TestType] [  468] -  str(1) = 1
[INFO ][2015-11-18 17:44:22,980][com.java.TestType] [  471] - Test case Id is---1
[INFO ][2015-11-18 17:44:22,980][com.java.TestType] [  473] - 1
[INFO ][2015-11-18 17:44:22,980][com.java.TestType] [  468] -  str(2) = 2
[INFO ][2015-11-18 17:44:22,981][com.java.TestType] [  520] - row values are--------{1=com.java.Objects.TestDataDetails@11bb20d, 2=com.java.Objects.TestDataDetails@f180d9}
[INFO ][2015-11-18 17:44:22,981][com.java.TestType] [  468] -  str(1) = 1
[INFO ][2015-11-18 17:44:22,981][com.java.TestType] [  471] - Test case Id is---1
[INFO ][2015-11-18 17:44:22,982][com.java.TestType] [  473] - 1
[INFO ][2015-11-18 17:44:22,982][com.java.TestType] [  468] -  str(2) = 3
[INFO ][2015-11-18 17:44:22,983][com.java.TestType] [  520] - row values are--------{1=com.java.Objects.TestDataDetails@11bb20d, 2=com.java.Objects.TestDataDetails@f180d9, 3=com.java.Objects.TestDataDetails@1f6c1c1}
[INFO ][2015-11-18 17:44:22,983][com.java.TestType] [  468] -  str(1) = 1
[INFO ][2015-11-18 17:44:22,983][com.java.TestType] [  471] - Test case Id is---1
[INFO ][2015-11-18 17:44:22,983][com.java.TestType] [  473] - 1
[INFO ][2015-11-18 17:44:22,983][com.java.TestType] [  468] -  str(2) = 4
[INFO ][2015-11-18 17:44:22,984][com.java.TestType] [  520] - row values are--------{1=com.java.Objects.TestDataDetails@11bb20d, 2=com.java.Objects.TestDataDetails@f180d9, 3=com.java.Objects.TestDataDetails@1f6c1c1, 4=com.java.Objects.TestDataDetails@508d73}
[INFO ][2015-11-18 17:44:22,985][com.java.TestType] [  468] -  str(1) = 1
[INFO ][2015-11-18 17:44:22,985][com.java.TestType] [  471] - Test case Id is---1
[INFO ][2015-11-18 17:44:22,985][com.java.TestType] [  473] - 1
[INFO ][2015-11-18 17:44:22,985][com.java.TestType] [  468] -  str(2) = 5
[INFO ][2015-11-18 17:44:22,988][com.java.TestType] [  520] - row values are--------{1=com.java.Objects.TestDataDetails@11bb20d, 2=com.java.Objects.TestDataDetails@f180d9, 3=com.java.Objects.TestDataDetails@1f6c1c1, 4=com.java.Objects.TestDataDetails@508d73, 5=com.java.Objects.TestDataDetails@16fb175}
[INFO ][2015-11-18 17:44:22,988][com.java.TestType] [  468] -  str(1) = 1
[INFO ][2015-11-18 17:44:22,988][com.java.TestType] [  471] - Test case Id is---1
[INFO ][2015-11-18 17:44:22,988][com.java.TestType] [  473] - 1
[INFO ][2015-11-18 17:44:22,988][com.java.TestType] [  468] -  str(2) = 6
[INFO ][2015-11-18 17:44:22,989][com.java.TestType] [  520] - row values are--------{1=com.java.Objects.TestDataDetails@11bb20d, 2=com.java.Objects.TestDataDetails@f180d9, 3=com.java.Objects.TestDataDetails@1f6c1c1, 4=com.java.Objects.TestDataDetails@508d73, 5=com.java.Objects.TestDataDetails@16fb175, 6=com.java.Objects.TestDataDetails@1d3477d}
[INFO ][2015-11-18 17:44:22,989][com.java.TestType] [  468] -  str(1) = 1
[INFO ][2015-11-18 17:44:22,989][com.java.TestType] [  471] - Test case Id is---1
[INFO ][2015-11-18 17:44:22,989][com.java.TestType] [  473] - 1
[INFO ][2015-11-18 17:44:22,989][com.java.TestType] [  468] -  str(2) = 7
[INFO ][2015-11-18 17:44:22,990][com.java.TestType] [  520] - row values are--------{1=com.java.Objects.TestDataDetails@11bb20d, 2=com.java.Objects.TestDataDetails@f180d9, 3=com.java.Objects.TestDataDetails@1f6c1c1, 4=com.java.Objects.TestDataDetails@508d73, 5=com.java.Objects.TestDataDetails@16fb175, 6=com.java.Objects.TestDataDetails@1d3477d, 7=com.java.Objects.TestDataDetails@b9dbd2}
[INFO ][2015-11-18 17:44:22,990][com.java.TestType] [  468] -  str(1) = 1
[INFO ][2015-11-18 17:44:22,990][com.java.TestType] [  471] - Test case Id is---1
[INFO ][2015-11-18 17:44:22,991][com.java.TestType] [  473] - 1
[INFO ][2015-11-18 17:44:22,991][com.java.TestType] [  468] -  str(2) = 8
[INFO ][2015-11-18 17:44:22,991][com.java.TestType] [  520] - row values are--------{1=com.java.Objects.TestDataDetails@11bb20d, 2=com.java.Objects.TestDataDetails@f180d9, 3=com.java.Objects.TestDataDetails@1f6c1c1, 4=com.java.Objects.TestDataDetails@508d73, 5=com.java.Objects.TestDataDetails@16fb175, 6=com.java.Objects.TestDataDetails@1d3477d, 7=com.java.Objects.TestDataDetails@b9dbd2, 8=com.java.Objects.TestDataDetails@4ddd18}
[INFO ][2015-11-18 17:44:22,992][com.java.TestType] [  468] -  str(1) = 1
[INFO ][2015-11-18 17:44:22,992][com.java.TestType] [  471] - Test case Id is---1
[INFO ][2015-11-18 17:44:22,992][com.java.TestType] [  473] - 1
[INFO ][2015-11-18 17:44:22,992][com.java.TestType] [  468] -  str(2) = 9
[INFO ][2015-11-18 17:44:22,993][com.java.TestType] [  520] - row values are--------{1=com.java.Objects.TestDataDetails@11bb20d, 2=com.java.Objects.TestDataDetails@f180d9, 3=com.java.Objects.TestDataDetails@1f6c1c1, 4=com.java.Objects.TestDataDetails@508d73, 5=com.java.Objects.TestDataDetails@16fb175, 6=com.java.Objects.TestDataDetails@1d3477d, 7=com.java.Objects.TestDataDetails@b9dbd2, 8=com.java.Objects.TestDataDetails@4ddd18, 9=com.java.Objects.TestDataDetails@1ff3700}
[INFO ][2015-11-18 17:44:22,993][com.java.TestType] [  468] -  str(1) = 1
[INFO ][2015-11-18 17:44:22,993][com.java.TestType] [  471] - Test case Id is---1
[INFO ][2015-11-18 17:44:22,993][com.java.TestType] [  473] - 1
[INFO ][2015-11-18 17:44:22,993][com.java.TestType] [  468] -  str(2) = 10
[INFO ][2015-11-18 17:44:22,994][com.java.TestType] [  520] - row values are--------{1=com.java.Objects.TestDataDetails@11bb20d, 2=com.java.Objects.TestDataDetails@f180d9, 3=com.java.Objects.TestDataDetails@1f6c1c1, 4=com.java.Objects.TestDataDetails@508d73, 5=com.java.Objects.TestDataDetails@16fb175, 6=com.java.Objects.TestDataDetails@1d3477d, 7=com.java.Objects.TestDataDetails@b9dbd2, 8=com.java.Objects.TestDataDetails@4ddd18, 9=com.java.Objects.TestDataDetails@1ff3700, 10=com.java.Objects.TestDataDetails@8ad4f0}
[INFO ][2015-11-18 17:44:22,995][com.java.TestType] [  468] -  str(1) = 1
[INFO ][2015-11-18 17:44:22,995][com.java.TestType] [  471] - Test case Id is---1
[INFO ][2015-11-18 17:44:22,995][com.java.TestType] [  473] - 1
[INFO ][2015-11-18 17:44:22,995][com.java.TestType] [  468] -  str(2) = 11
[INFO ][2015-11-18 17:44:22,996][com.java.TestType] [  520] - row values are--------{1=com.java.Objects.TestDataDetails@11bb20d, 2=com.java.Objects.TestDataDetails@f180d9, 3=com.java.Objects.TestDataDetails@1f6c1c1, 4=com.java.Objects.TestDataDetails@508d73, 5=com.java.Objects.TestDataDetails@16fb175, 6=com.java.Objects.TestDataDetails@1d3477d, 7=com.java.Objects.TestDataDetails@b9dbd2, 8=com.java.Objects.TestDataDetails@4ddd18, 9=com.java.Objects.TestDataDetails@1ff3700, 10=com.java.Objects.TestDataDetails@8ad4f0, 11=com.java.Objects.TestDataDetails@5dbc82}
[INFO ][2015-11-18 17:44:22,996][com.java.TestType] [  468] -  str(1) = 1
[INFO ][2015-11-18 17:44:22,996][com.java.TestType] [  471] - Test case Id is---1
[INFO ][2015-11-18 17:44:22,997][com.java.TestType] [  473] - 1
[INFO ][2015-11-18 17:44:22,997][com.java.TestType] [  468] -  str(2) = 12
[INFO ][2015-11-18 17:44:22,999][com.java.TestType] [  520] - row values are--------{1=com.java.Objects.TestDataDetails@11bb20d, 2=com.java.Objects.TestDataDetails@f180d9, 3=com.java.Objects.TestDataDetails@1f6c1c1, 4=com.java.Objects.TestDataDetails@508d73, 5=com.java.Objects.TestDataDetails@16fb175, 6=com.java.Objects.TestDataDetails@1d3477d, 7=com.java.Objects.TestDataDetails@b9dbd2, 8=com.java.Objects.TestDataDetails@4ddd18, 9=com.java.Objects.TestDataDetails@1ff3700, 10=com.java.Objects.TestDataDetails@8ad4f0, 11=com.java.Objects.TestDataDetails@5dbc82, 12=com.java.Objects.TestDataDetails@1ff3900}
[INFO ][2015-11-18 17:44:22,999][com.java.TestType] [  468] -  str(1) = 1
[INFO ][2015-11-18 17:44:22,999][com.java.TestType] [  471] - Test case Id is---1
[INFO ][2015-11-18 17:44:22,999][com.java.TestType] [  473] - 1
[INFO ][2015-11-18 17:44:22,999][com.java.TestType] [  468] -  str(2) = 13
[INFO ][2015-11-18 17:44:23,000][com.java.TestType] [  520] - row values are--------{1=com.java.Objects.TestDataDetails@11bb20d, 2=com.java.Objects.TestDataDetails@f180d9, 3=com.java.Objects.TestDataDetails@1f6c1c1, 4=com.java.Objects.TestDataDetails@508d73, 5=com.java.Objects.TestDataDetails@16fb175, 6=com.java.Objects.TestDataDetails@1d3477d, 7=com.java.Objects.TestDataDetails@b9dbd2, 8=com.java.Objects.TestDataDetails@4ddd18, 9=com.java.Objects.TestDataDetails@1ff3700, 10=com.java.Objects.TestDataDetails@8ad4f0, 11=com.java.Objects.TestDataDetails@5dbc82, 12=com.java.Objects.TestDataDetails@1ff3900, 13=com.java.Objects.TestDataDetails@19fc0de}
[INFO ][2015-11-18 17:44:23,000][com.java.TestType] [  468] -  str(1) = 1
[INFO ][2015-11-18 17:44:23,000][com.java.TestType] [  471] - Test case Id is---1
[INFO ][2015-11-18 17:44:23,001][com.java.TestType] [  473] - 1
[INFO ][2015-11-18 17:44:23,001][com.java.TestType] [  468] -  str(2) = 14
[INFO ][2015-11-18 17:44:23,001][com.java.TestType] [  520] - row values are--------{1=com.java.Objects.TestDataDetails@11bb20d, 2=com.java.Objects.TestDataDetails@f180d9, 3=com.java.Objects.TestDataDetails@1f6c1c1, 4=com.java.Objects.TestDataDetails@508d73, 5=com.java.Objects.TestDataDetails@16fb175, 6=com.java.Objects.TestDataDetails@1d3477d, 7=com.java.Objects.TestDataDetails@b9dbd2, 8=com.java.Objects.TestDataDetails@4ddd18, 9=com.java.Objects.TestDataDetails@1ff3700, 10=com.java.Objects.TestDataDetails@8ad4f0, 11=com.java.Objects.TestDataDetails@5dbc82, 12=com.java.Objects.TestDataDetails@1ff3900, 13=com.java.Objects.TestDataDetails@19fc0de, 14=com.java.Objects.TestDataDetails@9ac1e4}
[INFO ][2015-11-18 17:44:23,001][com.java.TestType] [ 8799] - Looping 1TCID = 1
[DEBUG][2015-11-18 17:44:23,002][com.java.TestType] [ 8840] - Concept ID:1 :: Step being Executed: 1::1
[INFO ][2015-11-18 17:44:23,002][com.java.TestType] [ 8878] - dataFields : TXTusername
[DEBUG][2015-11-18 17:44:23,002][com.java.TestType] [ 8884] - <In Set values of the page>
[DEBUG][2015-11-18 17:44:23,002][com.java.TestType] [ 8889] - {Data Fields & Data Values Exist}
[INFO ][2015-11-18 17:44:23,002][com.java.TestType] [ 8895] - --------------------------setting values-----------------------------
[INFO ][2015-11-18 17:44:23,002][com.java.TestType] [ 8898] - Action Type : CLEARANDENTER
[INFO ][2015-11-18 17:44:23,002][com.java.TestType] [ 4454] - value = valuelabs.ie10.33527
[INFO ][2015-11-18 17:44:27,723][com.java.TestType] [ 8917] -  RESULT true
[INFO ][2015-11-18 17:44:27,723][com.java.TestType] [ 9034] - ?   P A S S   ?
[DEBUG][2015-11-18 17:44:27,723][com.java.TestType] [ 8840] - Concept ID:1 :: Step being Executed: 1::2
[INFO ][2015-11-18 17:44:27,723][com.java.TestType] [ 8878] - dataFields : TXTpassword
[DEBUG][2015-11-18 17:44:27,723][com.java.TestType] [ 8884] - <In Set values of the page>
[DEBUG][2015-11-18 17:44:27,724][com.java.TestType] [ 8889] - {Data Fields & Data Values Exist}
[INFO ][2015-11-18 17:44:27,724][com.java.TestType] [ 8895] - --------------------------setting values-----------------------------
[INFO ][2015-11-18 17:44:27,724][com.java.TestType] [ 8898] - Action Type : CLEARANDENTER
[INFO ][2015-11-18 17:44:27,724][com.java.TestType] [ 4454] - value = Password1*
[INFO ][2015-11-18 17:44:32,506][com.java.TestType] [ 8917] -  RESULT true
[INFO ][2015-11-18 17:44:32,506][com.java.TestType] [ 9034] - ?   P A S S   ?
[DEBUG][2015-11-18 17:44:32,506][com.java.TestType] [ 8840] - Concept ID:1 :: Step being Executed: 1::3
[ERROR][2015-11-18 17:44:32,506][com.java.TestType] [ 8873] - Exception: null
[INFO ][2015-11-18 17:44:32,506][com.java.TestType] [ 8878] - dataFields : XPH//button[@type='submit']
[DEBUG][2015-11-18 17:44:32,506][com.java.TestType] [ 8884] - <In Set values of the page>
[DEBUG][2015-11-18 17:44:32,506][com.java.TestType] [ 8889] - {Data Fields & Data Values Exist}
[INFO ][2015-11-18 17:44:32,507][com.java.TestType] [ 8895] - --------------------------setting values-----------------------------
[INFO ][2015-11-18 17:44:32,507][com.java.TestType] [ 8898] - Action Type : Click
[INFO ][2015-11-18 17:44:32,507][com.java.TestType] [ 4767] - Field ::XPH//button[@type='submit']
[INFO ][2015-11-18 17:44:33,507][com.java.TestType] [ 4826] - BEFORE CLICK
[INFO ][2015-11-18 17:44:45,239][com.java.TestType] [ 4834] - Unable to click the object Login
[INFO ][2015-11-18 17:44:45,239][com.java.TestType] [ 8917] -  RESULT true
[INFO ][2015-11-18 17:44:45,239][com.java.TestType] [ 9034] - ?   P A S S   ?
[DEBUG][2015-11-18 17:44:45,239][com.java.TestType] [ 8840] - Concept ID:1 :: Step being Executed: 1::4
[INFO ][2015-11-18 17:44:45,239][com.java.TestType] [ 8878] - dataFields : LNKLogout
[DEBUG][2015-11-18 17:44:45,239][com.java.TestType] [ 8884] - <In Set values of the page>
[DEBUG][2015-11-18 17:44:45,239][com.java.TestType] [ 8889] - {Data Fields & Data Values Exist}
[INFO ][2015-11-18 17:44:45,239][com.java.TestType] [ 8895] - --------------------------setting values-----------------------------
[INFO ][2015-11-18 17:44:45,239][com.java.TestType] [ 8898] - Action Type : WaitForElement
[INFO ][2015-11-18 17:44:45,274][com.java.TestType] [ 8917] -  RESULT true
[INFO ][2015-11-18 17:44:45,274][com.java.TestType] [ 9034] - ?   P A S S   ?
[DEBUG][2015-11-18 17:44:45,274][com.java.TestType] [ 8840] - Concept ID:1 :: Step being Executed: 1::13
[INFO ][2015-11-18 17:44:45,274][com.java.TestType] [ 8878] - dataFields : LNK
[DEBUG][2015-11-18 17:44:45,274][com.java.TestType] [ 8884] - <In Set values of the page>
[DEBUG][2015-11-18 17:44:45,274][com.java.TestType] [ 8889] - {Data Fields & Data Values Exist}
[INFO ][2015-11-18 17:44:45,275][com.java.TestType] [ 8895] - --------------------------setting values-----------------------------
[INFO ][2015-11-18 17:44:45,275][com.java.TestType] [ 8898] - Action Type : Verify
[INFO ][2015-11-18 17:44:45,275][com.java.TestType] [ 5561] - field= LNK value= Logout
[INFO ][2015-11-18 17:44:45,277][com.java.TestType] [ 4454] - value = Logout
[INFO ][2015-11-18 17:44:45,313][com.java.TestType] [ 8917] -  RESULT true
[INFO ][2015-11-18 17:44:45,313][com.java.TestType] [ 9034] - ?   P A S S   ?
[DEBUG][2015-11-18 17:44:45,313][com.java.TestType] [ 8840] - Concept ID:1 :: Step being Executed: 1::14
[INFO ][2015-11-18 17:44:45,313][com.java.TestType] [ 8878] - dataFields : BTN
[DEBUG][2015-11-18 17:44:45,313][com.java.TestType] [ 8884] - <In Set values of the page>
[DEBUG][2015-11-18 17:44:45,313][com.java.TestType] [ 8889] - {Data Fields & Data Values Exist}
[INFO ][2015-11-18 17:44:45,314][com.java.TestType] [ 8895] - --------------------------setting values-----------------------------
[INFO ][2015-11-18 17:44:45,314][com.java.TestType] [ 8898] - Action Type : Verify
[INFO ][2015-11-18 17:44:45,314][com.java.TestType] [ 5561] - field= BTN value= //img[contains(@src,'bdlogo.jpg')]
[INFO ][2015-11-18 17:44:45,314][com.java.TestType] [ 4454] - value = //img[contains(@src,'bdlogo.jpg')]
[INFO ][2015-11-18 17:44:45,347][com.java.TestType] [ 8917] -  RESULT true
[INFO ][2015-11-18 17:44:45,347][com.java.TestType] [ 9034] - ?   P A S S   ?
[INFO ][2015-11-18 17:44:45,347][com.java.TestType] [ 9105] - Looping End......
[INFO ][2015-11-18 17:44:45,352][com.java.SeleniumDriver] [  869] -  RESULT true
[INFO ][2015-11-18 17:44:45,352][com.java.SeleniumDriver] [ 1074] - ?   P A S S   ?
[INFO ][2015-11-18 17:44:45,352][com.java.SeleniumDriver] [  796] - ------------------------------------------
[INFO ][2015-11-18 17:44:45,352][com.java.SeleniumDriver] [  797] - Test case being Executed: 1
[INFO ][2015-11-18 17:44:45,352][com.java.SeleniumDriver] [  808] - Test step:2
[INFO ][2015-11-18 17:44:45,352][com.java.SeleniumDriver] [  820] - Datavalue is----------Concept#2:1-2
[INFO ][2015-11-18 17:44:45,352][com.java.SeleniumDriver] [  844] - DataField : test
[INFO ][2015-11-18 17:44:45,352][com.java.SeleniumDriver] [  846] - DataValue : Concept#2:1-2
[INFO ][2015-11-18 17:44:45,352][com.java.SeleniumDriver] [  852] - <In Set values of the page>
[INFO ][2015-11-18 17:44:45,352][com.java.SeleniumDriver] [  855] - {Data Fields & Data Values Exist}
[INFO ][2015-11-18 17:44:45,352][com.java.SeleniumDriver] [  857] - --------------------------setting values-----------------------------
[INFO ][2015-11-18 17:44:45,352][com.java.SeleniumDriver] [  860] - Action Type : ExecuteTestCase
[INFO ][2015-11-18 17:44:45,353][com.java.TestType] [  423] - The Concept sheet name is ---------- Concept
[INFO ][2015-11-18 17:44:45,353][com.java.TestType] [  426] - The Concept ID  is ---------- 2
[DEBUG][2015-11-18 17:44:45,353][com.java.TestType] [  430] - Steps being executted in the Concept are: 1:2
[INFO ][2015-11-18 17:44:45,353][com.java.TestType] [  437] - Test data details path ---------- D:\BankersDashboard\TestInputs\TestData.xls
[INFO ][2015-11-18 17:44:45,384][com.java.TestType] [  468] -  str(1) = 2
[INFO ][2015-11-18 17:44:45,385][com.java.TestType] [  471] - Test case Id is---2
[INFO ][2015-11-18 17:44:45,385][com.java.TestType] [  473] - 2
[INFO ][2015-11-18 17:44:45,386][com.java.TestType] [  468] -  str(2) = 1
[INFO ][2015-11-18 17:44:45,387][com.java.TestType] [  520] - row values are--------{1=com.java.Objects.TestDataDetails@1de56e2}
[INFO ][2015-11-18 17:44:45,387][com.java.TestType] [  468] -  str(1) = 2
[INFO ][2015-11-18 17:44:45,387][com.java.TestType] [  471] - Test case Id is---2
[INFO ][2015-11-18 17:44:45,388][com.java.TestType] [  473] - 2
[INFO ][2015-11-18 17:44:45,388][com.java.TestType] [  468] -  str(2) = 2
[INFO ][2015-11-18 17:44:45,388][com.java.TestType] [  520] - row values are--------{1=com.java.Objects.TestDataDetails@1de56e2, 2=com.java.Objects.TestDataDetails@1d899fe}
[INFO ][2015-11-18 17:44:45,388][com.java.TestType] [  468] -  str(1) = 2
[INFO ][2015-11-18 17:44:45,388][com.java.TestType] [  471] - Test case Id is---2
[INFO ][2015-11-18 17:44:45,388][com.java.TestType] [  473] - 2
[INFO ][2015-11-18 17:44:45,389][com.java.TestType] [  468] -  str(2) = 3
[INFO ][2015-11-18 17:44:45,389][com.java.TestType] [  520] - row values are--------{1=com.java.Objects.TestDataDetails@1de56e2, 2=com.java.Objects.TestDataDetails@1d899fe, 3=com.java.Objects.TestDataDetails@1e85538}
[INFO ][2015-11-18 17:44:45,389][com.java.TestType] [ 8799] - Looping 1TCID = 2
[DEBUG][2015-11-18 17:44:45,389][com.java.TestType] [ 8840] - Concept ID:2 :: Step being Executed: 2::1
[INFO ][2015-11-18 17:44:45,390][com.java.TestType] [ 8878] - dataFields : BNK//select[@id='bank']
[DEBUG][2015-11-18 17:44:45,390][com.java.TestType] [ 8884] - <In Set values of the page>
[DEBUG][2015-11-18 17:44:45,390][com.java.TestType] [ 8889] - {Data Fields & Data Values Exist}
[INFO ][2015-11-18 17:44:45,390][com.java.TestType] [ 8895] - --------------------------setting values-----------------------------
[INFO ][2015-11-18 17:44:45,390][com.java.TestType] [ 8898] - Action Type : Select
[INFO ][2015-11-18 17:44:45,390][com.java.TestType] [ 4454] - value = PFC
[INFO ][2015-11-18 17:44:45,591][com.java.TestType] [ 8917] -  RESULT true
[INFO ][2015-11-18 17:44:45,591][com.java.TestType] [ 9034] - ?   P A S S   ?
[DEBUG][2015-11-18 17:44:45,591][com.java.TestType] [ 8840] - Concept ID:2 :: Step being Executed: 2::2
[INFO ][2015-11-18 17:44:45,591][com.java.TestType] [ 8878] - dataFields : LNKLogout
[DEBUG][2015-11-18 17:44:45,591][com.java.TestType] [ 8884] - <In Set values of the page>
[DEBUG][2015-11-18 17:44:45,591][com.java.TestType] [ 8889] - {Data Fields & Data Values Exist}
[INFO ][2015-11-18 17:44:45,591][com.java.TestType] [ 8895] - --------------------------setting values-----------------------------
[INFO ][2015-11-18 17:44:45,591][com.java.TestType] [ 8898] - Action Type : WaitTime
[DEBUG][2015-11-18 17:44:45,592][com.java.TestType] [ 4289] - sleepTime: 5000
[INFO ][2015-11-18 17:44:50,592][com.java.TestType] [ 8917] -  RESULT true
[INFO ][2015-11-18 17:44:50,592][com.java.TestType] [ 9034] - ?   P A S S   ?
[INFO ][2015-11-18 17:44:50,592][com.java.TestType] [ 9105] - Looping End......
[INFO ][2015-11-18 17:44:50,596][com.java.SeleniumDriver] [  869] -  RESULT true
[INFO ][2015-11-18 17:44:50,596][com.java.SeleniumDriver] [ 1074] - ?   P A S S   ?
[INFO ][2015-11-18 17:44:50,596][com.java.SeleniumDriver] [  796] - ------------------------------------------
[INFO ][2015-11-18 17:44:50,597][com.java.SeleniumDriver] [  797] - Test case being Executed: 1
[INFO ][2015-11-18 17:44:50,597][com.java.SeleniumDriver] [  808] - Test step:3
[INFO ][2015-11-18 17:44:50,597][com.java.SeleniumDriver] [  820] - Datavalue is----------2
[INFO ][2015-11-18 17:44:50,597][com.java.SeleniumDriver] [  844] - DataField : XPH//button[contains(text(),'Add Content')]
[INFO ][2015-11-18 17:44:50,597][com.java.SeleniumDriver] [  846] - DataValue : 2
[INFO ][2015-11-18 17:44:50,597][com.java.SeleniumDriver] [  852] - <In Set values of the page>
[INFO ][2015-11-18 17:44:50,597][com.java.SeleniumDriver] [  855] - {Data Fields & Data Values Exist}
[INFO ][2015-11-18 17:44:50,597][com.java.SeleniumDriver] [  857] - --------------------------setting values-----------------------------
[INFO ][2015-11-18 17:44:50,597][com.java.SeleniumDriver] [  860] - Action Type : WAITFORELEMENT
[INFO ][2015-11-18 17:44:50,640][com.java.SeleniumDriver] [  869] -  RESULT true
[INFO ][2015-11-18 17:44:50,640][com.java.SeleniumDriver] [ 1074] - ?   P A S S   ?
[DEBUG][2015-11-18 17:44:50,640][com.java.SeleniumDriver] [ 1176] - Case found
[DEBUG][2015-11-18 17:44:50,640][com.java.SeleniumDriver] [ 1181] - Incrementing ReportCounters[0]:1
[INFO ][2015-11-18 17:44:50,640][com.java.SeleniumDriver] [ 1200] - The results are-------------------[1, 1, Valid Login, Pass, , Wed Nov 18 17:44:45 IST 2015, 1, 2, Valid Login, Pass, , Wed Nov 18 17:44:50 IST 2015, 1, 3, Valid Login, Pass, , Wed Nov 18 17:44:50 IST 2015]
[INFO ][2015-11-18 17:44:50,641][com.java.SeleniumDriver] [ 1204] - End time is-------41 sec
[INFO ][2015-11-18 17:44:50,641][com.java.SeleniumDriver] [ 1205] - The results are-------------------[1, 1, Valid Login, Pass, , Wed Nov 18 17:44:45 IST 2015, 1, 2, Valid Login, Pass, , Wed Nov 18 17:44:50 IST 2015, 1, 3, Valid Login, Pass, , Wed Nov 18 17:44:50 IST 2015]
[DEBUG][2015-11-18 17:44:50,641][com.java.ImportnExport.ExportTestResultsExcel] [  222] - testResultPath = D:\BankersDashboard/TestReports/Test Results_BankersDashBoard_111815_174411_IE10_Bank of North Carolina.xls
[DEBUG][2015-11-18 17:44:50,641][com.java.ImportnExport.ExportTestResultsExcel] [  223] - browser is------------IE10
[DEBUG][2015-11-18 17:44:50,686][com.java.ImportnExport.ExportTestResultsExcel] [  270] - result.size() = 18
[DEBUG][2015-11-18 17:44:50,687][com.java.ImportnExport.ExportTestResultsExcel] [  274] - No of rows in sheet=1
[DEBUG][2015-11-18 17:44:50,687][com.java.ImportnExport.ExportTestResultsExcel] [  301] - ..in export..1
[DEBUG][2015-11-18 17:44:50,687][com.java.ImportnExport.ExportTestResultsExcel] [  301] - ..in export..Valid Login
[DEBUG][2015-11-18 17:44:50,687][com.java.ImportnExport.ExportTestResultsExcel] [  301] - ..in export..Pass
[DEBUG][2015-11-18 17:44:50,687][com.java.ImportnExport.ExportTestResultsExcel] [  301] - ..in export..
[DEBUG][2015-11-18 17:44:50,687][com.java.ImportnExport.ExportTestResultsExcel] [  301] - ..in export..Wed Nov 18 17:44:45 IST 2015
[INFO ][2015-11-18 17:44:50,689][com.java.SeleniumDriver] [ 1263] - out loop:0 size:2 TestCases:[1, 6] testcases:[1, 6]
[INFO ][2015-11-18 17:44:50,689][com.java.ImportnExport.ImportTestDataDetailsExcel] [   49] - test data details path===== D:\BankersDashboard\TestInputs\TestData.xls
[INFO ][2015-11-18 17:45:34,530][com.java.SeleniumDriver] [  796] - ------------------------------------------
[INFO ][2015-11-18 17:45:34,530][com.java.SeleniumDriver] [  797] - Test case being Executed: 6
[INFO ][2015-11-18 17:45:34,530][com.java.SeleniumDriver] [  808] - Test step:1
[INFO ][2015-11-18 17:45:34,530][com.java.SeleniumDriver] [  820] - Datavalue is----------Logout
[INFO ][2015-11-18 17:45:34,530][com.java.SeleniumDriver] [  844] - DataField : BTN
[INFO ][2015-11-18 17:45:34,530][com.java.SeleniumDriver] [  846] - DataValue : Logout
[INFO ][2015-11-18 17:45:34,530][com.java.SeleniumDriver] [  852] - <In Set values of the page>
[INFO ][2015-11-18 17:45:34,530][com.java.SeleniumDriver] [  855] - {Data Fields & Data Values Exist}
[INFO ][2015-11-18 17:45:34,530][com.java.SeleniumDriver] [  857] - --------------------------setting values-----------------------------
[INFO ][2015-11-18 17:45:34,530][com.java.SeleniumDriver] [  860] - Action Type : Verify
[INFO ][2015-11-18 17:45:34,530][com.java.TestType] [ 5561] - field= BTN value= Logout
[INFO ][2015-11-18 17:45:34,531][com.java.TestType] [ 4454] - value = Logout
[INFO ][2015-11-18 17:45:34,564][com.java.SeleniumDriver] [  869] -  RESULT true
[INFO ][2015-11-18 17:45:34,564][com.java.SeleniumDriver] [ 1074] - ?   P A S S   ?
[INFO ][2015-11-18 17:45:34,564][com.java.SeleniumDriver] [ 1116] - step change to 3
[INFO ][2015-11-18 17:45:34,565][com.java.SeleniumDriver] [  796] - ------------------------------------------
[INFO ][2015-11-18 17:45:34,565][com.java.SeleniumDriver] [  797] - Test case being Executed: 6
[INFO ][2015-11-18 17:45:34,565][com.java.SeleniumDriver] [  808] - Test step:3
[INFO ][2015-11-18 17:45:34,565][com.java.SeleniumDriver] [  820] - Datavalue is----------Concept#2:1-2
[INFO ][2015-11-18 17:45:34,566][com.java.SeleniumDriver] [  844] - DataField : test
[INFO ][2015-11-18 17:45:34,567][com.java.SeleniumDriver] [  846] - DataValue : Concept#2:1-2
[INFO ][2015-11-18 17:45:34,567][com.java.SeleniumDriver] [  852] - <In Set values of the page>
[INFO ][2015-11-18 17:45:34,567][com.java.SeleniumDriver] [  855] - {Data Fields & Data Values Exist}
[INFO ][2015-11-18 17:45:34,567][com.java.SeleniumDriver] [  857] - --------------------------setting values-----------------------------
[INFO ][2015-11-18 17:45:34,567][com.java.SeleniumDriver] [  860] - Action Type : ExecuteTestCase
[INFO ][2015-11-18 17:45:34,567][com.java.TestType] [  423] - The Concept sheet name is ---------- Concept
[INFO ][2015-11-18 17:45:34,567][com.java.TestType] [  426] - The Concept ID  is ---------- 2
[DEBUG][2015-11-18 17:45:34,567][com.java.TestType] [  430] - Steps being executted in the Concept are: 1:2
[INFO ][2015-11-18 17:45:34,567][com.java.TestType] [  437] - Test data details path ---------- D:\BankersDashboard\TestInputs\TestData.xls
[INFO ][2015-11-18 17:45:34,598][com.java.TestType] [  468] -  str(1) = 2
[INFO ][2015-11-18 17:45:34,598][com.java.TestType] [  471] - Test case Id is---2
[INFO ][2015-11-18 17:45:34,598][com.java.TestType] [  473] - 2
[INFO ][2015-11-18 17:45:34,598][com.java.TestType] [  468] -  str(2) = 1
[INFO ][2015-11-18 17:45:34,600][com.java.TestType] [  520] - row values are--------{1=com.java.Objects.TestDataDetails@a711a8}
[INFO ][2015-11-18 17:45:34,600][com.java.TestType] [  468] -  str(1) = 2
[INFO ][2015-11-18 17:45:34,600][com.java.TestType] [  471] - Test case Id is---2
[INFO ][2015-11-18 17:45:34,600][com.java.TestType] [  473] - 2
[INFO ][2015-11-18 17:45:34,600][com.java.TestType] [  468] -  str(2) = 2
[INFO ][2015-11-18 17:45:34,601][com.java.TestType] [  520] - row values are--------{1=com.java.Objects.TestDataDetails@a711a8, 2=com.java.Objects.TestDataDetails@871449}
[INFO ][2015-11-18 17:45:34,601][com.java.TestType] [  468] -  str(1) = 2
[INFO ][2015-11-18 17:45:34,601][com.java.TestType] [  471] - Test case Id is---2
[INFO ][2015-11-18 17:45:34,601][com.java.TestType] [  473] - 2
[INFO ][2015-11-18 17:45:34,601][com.java.TestType] [  468] -  str(2) = 3
[INFO ][2015-11-18 17:45:34,601][com.java.TestType] [  520] - row values are--------{1=com.java.Objects.TestDataDetails@a711a8, 2=com.java.Objects.TestDataDetails@871449, 3=com.java.Objects.TestDataDetails@a50417}
[INFO ][2015-11-18 17:45:34,601][com.java.TestType] [ 8799] - Looping 1TCID = 2
[DEBUG][2015-11-18 17:45:34,602][com.java.TestType] [ 8840] - Concept ID:2 :: Step being Executed: 2::1
[INFO ][2015-11-18 17:45:34,602][com.java.TestType] [ 8878] - dataFields : BNK//select[@id='bank']
[DEBUG][2015-11-18 17:45:34,602][com.java.TestType] [ 8884] - <In Set values of the page>
[DEBUG][2015-11-18 17:45:34,602][com.java.TestType] [ 8889] - {Data Fields & Data Values Exist}
[INFO ][2015-11-18 17:45:34,602][com.java.TestType] [ 8895] - --------------------------setting values-----------------------------
[INFO ][2015-11-18 17:45:34,602][com.java.TestType] [ 8898] - Action Type : Select
[INFO ][2015-11-18 17:45:34,602][com.java.TestType] [ 4454] - value = PFC
[INFO ][2015-11-18 17:45:34,790][com.java.TestType] [ 8917] -  RESULT true
[INFO ][2015-11-18 17:45:34,790][com.java.TestType] [ 9034] - ?   P A S S   ?
[DEBUG][2015-11-18 17:45:34,790][com.java.TestType] [ 8840] - Concept ID:2 :: Step being Executed: 2::2
[INFO ][2015-11-18 17:45:34,790][com.java.TestType] [ 8878] - dataFields : LNKLogout
[DEBUG][2015-11-18 17:45:34,790][com.java.TestType] [ 8884] - <In Set values of the page>
[DEBUG][2015-11-18 17:45:34,790][com.java.TestType] [ 8889] - {Data Fields & Data Values Exist}
[INFO ][2015-11-18 17:45:34,790][com.java.TestType] [ 8895] - --------------------------setting values-----------------------------
[INFO ][2015-11-18 17:45:34,790][com.java.TestType] [ 8898] - Action Type : WaitTime
[DEBUG][2015-11-18 17:45:34,791][com.java.TestType] [ 4289] - sleepTime: 5000
[INFO ][2015-11-18 17:45:39,791][com.java.TestType] [ 8917] -  RESULT true
[INFO ][2015-11-18 17:45:39,791][com.java.TestType] [ 9034] - ?   P A S S   ?
[INFO ][2015-11-18 17:45:39,791][com.java.TestType] [ 9105] - Looping End......
[INFO ][2015-11-18 17:45:39,795][com.java.SeleniumDriver] [  869] -  RESULT true
[INFO ][2015-11-18 17:45:39,795][com.java.SeleniumDriver] [ 1074] - ?   P A S S   ?
[INFO ][2015-11-18 17:45:39,795][com.java.SeleniumDriver] [  796] - ------------------------------------------
[INFO ][2015-11-18 17:45:39,795][com.java.SeleniumDriver] [  797] - Test case being Executed: 6
[INFO ][2015-11-18 17:45:39,795][com.java.SeleniumDriver] [  808] - Test step:4
[INFO ][2015-11-18 17:45:39,795][com.java.SeleniumDriver] [  820] - Datavalue is----------null
[DEBUG][2015-11-18 17:45:39,795][com.java.SeleniumDriver] [  838] - Exception: null
[INFO ][2015-11-18 17:45:39,796][com.java.SeleniumDriver] [  844] - DataField : //span[@class='icon-hammer']&&//a[text()='Custom Calculations']
[INFO ][2015-11-18 17:45:39,796][com.java.SeleniumDriver] [  846] - DataValue : 
[INFO ][2015-11-18 17:45:39,796][com.java.SeleniumDriver] [  852] - <In Set values of the page>
[INFO ][2015-11-18 17:45:39,796][com.java.SeleniumDriver] [  855] - {Data Fields & Data Values Exist}
[INFO ][2015-11-18 17:45:39,796][com.java.SeleniumDriver] [  857] - --------------------------setting values-----------------------------
[INFO ][2015-11-18 17:45:39,796][com.java.SeleniumDriver] [  860] - Action Type : MOUSEOVER
[INFO ][2015-11-18 17:46:07,785][com.java.SeleniumDriver] [  869] -  RESULT true
[INFO ][2015-11-18 17:46:07,785][com.java.SeleniumDriver] [ 1074] - ?   P A S S   ?
[INFO ][2015-11-18 17:46:07,785][com.java.SeleniumDriver] [  796] - ------------------------------------------
[INFO ][2015-11-18 17:46:07,785][com.java.SeleniumDriver] [  797] - Test case being Executed: 6
[INFO ][2015-11-18 17:46:07,785][com.java.SeleniumDriver] [  808] - Test step:5
[INFO ][2015-11-18 17:46:07,785][com.java.SeleniumDriver] [  820] - Datavalue is----------5
[INFO ][2015-11-18 17:46:07,785][com.java.SeleniumDriver] [  844] - DataField : BTN//iframe[@class='frameTabContent']
[INFO ][2015-11-18 17:46:07,785][com.java.SeleniumDriver] [  846] - DataValue : 5
[INFO ][2015-11-18 17:46:07,785][com.java.SeleniumDriver] [  852] - <In Set values of the page>
[INFO ][2015-11-18 17:46:07,785][com.java.SeleniumDriver] [  855] - {Data Fields & Data Values Exist}
[INFO ][2015-11-18 17:46:07,785][com.java.SeleniumDriver] [  857] - --------------------------setting values-----------------------------
[INFO ][2015-11-18 17:46:07,785][com.java.SeleniumDriver] [  860] - Action Type : waitforelement
[INFO ][2015-11-18 17:46:07,819][com.java.SeleniumDriver] [  869] -  RESULT true
[INFO ][2015-11-18 17:46:07,820][com.java.SeleniumDriver] [ 1074] - ?   P A S S   ?
[INFO ][2015-11-18 17:46:07,820][com.java.SeleniumDriver] [  796] - ------------------------------------------
[INFO ][2015-11-18 17:46:07,820][com.java.SeleniumDriver] [  797] - Test case being Executed: 6
[INFO ][2015-11-18 17:46:07,820][com.java.SeleniumDriver] [  808] - Test step:6
[INFO ][2015-11-18 17:46:07,820][com.java.SeleniumDriver] [  820] - Datavalue is----------null
[DEBUG][2015-11-18 17:46:07,820][com.java.SeleniumDriver] [  838] - Exception: null
[INFO ][2015-11-18 17:46:07,820][com.java.SeleniumDriver] [  844] - DataField : BTN//iframe[@class='frameTabContent']
[INFO ][2015-11-18 17:46:07,820][com.java.SeleniumDriver] [  846] - DataValue : 
[INFO ][2015-11-18 17:46:07,820][com.java.SeleniumDriver] [  852] - <In Set values of the page>
[INFO ][2015-11-18 17:46:07,820][com.java.SeleniumDriver] [  855] - {Data Fields & Data Values Exist}
[INFO ][2015-11-18 17:46:07,820][com.java.SeleniumDriver] [  857] - --------------------------setting values-----------------------------
[INFO ][2015-11-18 17:46:07,820][com.java.SeleniumDriver] [  860] - Action Type : SELECTFRAME
[INFO ][2015-11-18 17:46:07,921][com.java.SeleniumDriver] [  869] -  RESULT true
[INFO ][2015-11-18 17:46:07,921][com.java.SeleniumDriver] [ 1074] - ?   P A S S   ?
[INFO ][2015-11-18 17:46:07,922][com.java.SeleniumDriver] [  796] - ------------------------------------------
[INFO ][2015-11-18 17:46:07,922][com.java.SeleniumDriver] [  797] - Test case being Executed: 6
[INFO ][2015-11-18 17:46:07,922][com.java.SeleniumDriver] [  808] - Test step:7
[INFO ][2015-11-18 17:46:07,922][com.java.SeleniumDriver] [  820] - Datavalue is----------5
[INFO ][2015-11-18 17:46:07,922][com.java.SeleniumDriver] [  844] - DataField : XPH//h1[contains(text(), 'Custom Calculations')]
[INFO ][2015-11-18 17:46:07,922][com.java.SeleniumDriver] [  846] - DataValue : 5
[INFO ][2015-11-18 17:46:07,922][com.java.SeleniumDriver] [  852] - <In Set values of the page>
[INFO ][2015-11-18 17:46:07,922][com.java.SeleniumDriver] [  855] - {Data Fields & Data Values Exist}
[INFO ][2015-11-18 17:46:07,922][com.java.SeleniumDriver] [  857] - --------------------------setting values-----------------------------
[INFO ][2015-11-18 17:46:07,922][com.java.SeleniumDriver] [  860] - Action Type : waitforelement
[INFO ][2015-11-18 17:46:07,946][com.java.SeleniumDriver] [  869] -  RESULT true
[INFO ][2015-11-18 17:46:07,946][com.java.SeleniumDriver] [ 1074] - ?   P A S S   ?
[INFO ][2015-11-18 17:46:07,946][com.java.SeleniumDriver] [  796] - ------------------------------------------
[INFO ][2015-11-18 17:46:07,946][com.java.SeleniumDriver] [  797] - Test case being Executed: 6
[INFO ][2015-11-18 17:46:07,946][com.java.SeleniumDriver] [  808] - Test step:8
[INFO ][2015-11-18 17:46:07,946][com.java.SeleniumDriver] [  820] - Datavalue is----------Custom Calculations
[INFO ][2015-11-18 17:46:07,946][com.java.SeleniumDriver] [  844] - DataField : XPH//h1[contains(text(), 'Custom Calculations')]
[INFO ][2015-11-18 17:46:07,946][com.java.SeleniumDriver] [  846] - DataValue : Custom Calculations
[INFO ][2015-11-18 17:46:07,946][com.java.SeleniumDriver] [  852] - <In Set values of the page>
[INFO ][2015-11-18 17:46:07,946][com.java.SeleniumDriver] [  855] - {Data Fields & Data Values Exist}
[INFO ][2015-11-18 17:46:07,947][com.java.SeleniumDriver] [  857] - --------------------------setting values-----------------------------
[INFO ][2015-11-18 17:46:07,947][com.java.SeleniumDriver] [  860] - Action Type : Verify
[INFO ][2015-11-18 17:46:07,947][com.java.TestType] [ 5561] - field= XPH//h1[contains(text(), 'Custom Calculations')] value= Custom Calculations
[INFO ][2015-11-18 17:46:07,947][com.java.TestType] [ 4454] - value = Custom Calculations
[ERROR][2015-11-18 17:46:08,053][com.java.TestType] [ 6001] - Element  not found :Custom Calculations
[INFO ][2015-11-18 17:46:08,053][com.java.SeleniumDriver] [  869] -  RESULT false
[INFO ][2015-11-18 17:46:08,053][com.java.SeleniumDriver] [  916] - ?   F A I L   ?
[INFO ][2015-11-18 17:46:08,053][com.java.SeleniumDriver] [  924] - Browser Type : IE10
[INFO ][2015-11-18 17:46:08,053][com.java.SeleniumDriver] [  925] - Adding Failed case6
[INFO ][2015-11-18 17:46:16,948][com.java.SeleniumDriver] [ 1038] - failedCases = 6
[ERROR][2015-11-18 17:46:16,948][com.java.SeleniumDriver] [ 1525] - Platform Errors : Our apologies...::We have encountered an issue with your request.::Our apologies?:We encountered an issue with your request.
[INFO ][2015-11-18 17:46:16,948][com.java.SeleniumDriver] [ 1529] - Length =3
[ERROR][2015-11-18 17:46:16,949][com.java.SeleniumDriver] [ 1532] - Error 0 = Our apologies...
[ERROR][2015-11-18 17:46:16,983][com.java.SeleniumDriver] [ 1532] - Error 1 = We have encountered an issue with your request.
[ERROR][2015-11-18 17:46:16,997][com.java.SeleniumDriver] [ 1532] - Error 2 = Our apologies?:We encountered an issue with your request.
[DEBUG][2015-11-18 17:46:17,024][com.java.SeleniumDriver] [ 1176] - Case found
[DEBUG][2015-11-18 17:46:17,024][com.java.SeleniumDriver] [ 1181] - Incrementing ReportCounters[0]:2
[INFO ][2015-11-18 17:46:17,024][com.java.SeleniumDriver] [ 1200] - The results are-------------------[6, 8, Add Custom Calculation, Fail, 
Test case failed at Step No. :: 8   Error Message ::  Element not found:Custom Calculations. Screen Shot : D:\BankersDashboard\TestReports\111815\6_111815_174608_IE10.png, Wed Nov 18 17:46:17 IST 2015]
[INFO ][2015-11-18 17:46:17,024][com.java.SeleniumDriver] [ 1204] - End time is-------2 min 7 sec
[INFO ][2015-11-18 17:46:17,024][com.java.SeleniumDriver] [ 1205] - The results are-------------------[6, 8, Add Custom Calculation, Fail, 
Test case failed at Step No. :: 8   Error Message ::  Element not found:Custom Calculations. Screen Shot : D:\BankersDashboard\TestReports\111815\6_111815_174608_IE10.png, Wed Nov 18 17:46:17 IST 2015]
[DEBUG][2015-11-18 17:46:17,024][com.java.ImportnExport.ExportTestResultsExcel] [  222] - testResultPath = D:\BankersDashboard/TestReports/Test Results_BankersDashBoard_111815_174411_IE10_Bank of North Carolina.xls
[DEBUG][2015-11-18 17:46:17,024][com.java.ImportnExport.ExportTestResultsExcel] [  223] - browser is------------IE10
[DEBUG][2015-11-18 17:46:17,027][com.java.ImportnExport.ExportTestResultsExcel] [  270] - result.size() = 6
[DEBUG][2015-11-18 17:46:17,027][com.java.ImportnExport.ExportTestResultsExcel] [  274] - No of rows in sheet=2
[DEBUG][2015-11-18 17:46:17,027][com.java.ImportnExport.ExportTestResultsExcel] [  301] - ..in export..6
[DEBUG][2015-11-18 17:46:17,027][com.java.ImportnExport.ExportTestResultsExcel] [  301] - ..in export..Add Custom Calculation
[DEBUG][2015-11-18 17:46:17,027][com.java.ImportnExport.ExportTestResultsExcel] [  301] - ..in export..Fail
[DEBUG][2015-11-18 17:46:17,027][com.java.ImportnExport.ExportTestResultsExcel] [  301] - ..in export..
Test case failed at Step No. :: 8   Error Message ::  Element not found:Custom Calculations. Screen Shot : D:\BankersDashboard\TestReports\111815\6_111815_174608_IE10.png
[DEBUG][2015-11-18 17:46:17,027][com.java.ImportnExport.ExportTestResultsExcel] [  301] - ..in export..Wed Nov 18 17:46:17 IST 2015
[INFO ][2015-11-18 17:46:17,028][com.java.SeleniumDriver] [ 1263] - out loop:1 size:2 TestCases:[1, 6] testcases:[1, 6]
[INFO ][2015-11-18 17:46:19,028][com.java.SeleniumDriver] [ 1306] - Total Number of Cases:2
[INFO ][2015-11-18 17:46:19,028][com.java.TemplateGenerator] [  302] - Executed:2
[INFO ][2015-11-18 17:46:19,028][com.java.TemplateGenerator] [  303] - Passed:1
[INFO ][2015-11-18 17:46:19,028][com.java.TemplateGenerator] [  304] - Failed:1
[INFO ][2015-11-18 17:46:19,028][com.java.TemplateGenerator] [  305] - Skipeed:0
[INFO ][2015-11-18 17:46:19,028][com.java.TemplateGenerator] [  306] - Application URL:https://clients-xuat.bankersdashboard.com
[INFO ][2015-11-18 17:46:19,028][com.java.TemplateGenerator] [  307] - Start Time:111815_174411
[INFO ][2015-11-18 17:46:19,028][com.java.TemplateGenerator] [  308] -  Creating HTML Report 
[ERROR][2015-11-18 17:46:19,029][com.java.TemplateGenerator] [  409] - Unparseable date: "Wed Nov 18 05:44:11 IST 2015"
[INFO ][2015-11-18 17:46:19,029][com.java.TemplateGenerator] [  654] -  Exporting case :: 1
[INFO ][2015-11-18 17:46:19,029][com.java.TemplateGenerator] [  654] -  Exporting case :: 6
[INFO ][2015-11-18 17:46:19,034][com.java.SeleniumDriver] [ 1355] - End Time:111815_174619
[INFO ][2015-11-18 17:46:19,034][com.java.SeleniumDriver] [ 1358] - Data in Test Execution Details:{1=PASS, 6=FAILTest case failed at Step No. :: 8   Error Message ::  Element not found:Custom Calculations}
[INFO ][2015-11-18 17:46:19,034][com.java.SeleniumDriver] [ 1359] - Data in Failed Execution Deatils:{}
[INFO ][2015-11-18 17:46:19,034][com.java.SeleniumDriver] [ 1361] - ReportCounter:Total:2 :: PASS: 1 ::FAIL: 1
[INFO ][2015-11-18 17:46:19,034][com.java.SeleniumDriver] [ 1362] - FailedReportCounter:Total:0 :: PASS: 0 ::FAIL: 0
[INFO ][2015-11-18 17:46:19,041][com.java.EmailTestReport] [   63] - Sending report mail details:
[INFO ][2015-11-18 17:46:19,041][com.java.EmailTestReport] [   80] - Excel Report Path:D:\BankersDashboard/TestReports/Test Results_BankersDashBoard_111815_174411_IE10_Bank of North Carolina.xls
[INFO ][2015-11-18 17:46:19,041][com.java.EmailTestReport] [   81] - HTML Report Path:D:\BankersDashboard//TestReports//Test Results_BankersDashBoard_111815_174411_IE10_Bank of North Carolina.html
[INFO ][2015-11-18 17:46:19,041][com.java.EmailTestReport] [   82] - smtpHostName:mail01.valuelabs.com
[INFO ][2015-11-18 17:46:19,042][com.java.EmailTestReport] [   83] - Recipient:venkateswararao.gubbala@valuelabs.com;
[INFO ][2015-11-18 17:46:19,042][com.java.EmailTestReport] [   84] - From:venkateswararao.gubbala@valuelabs.com;
[INFO ][2015-11-18 17:46:19,042][com.java.EmailTestReport] [   85] - Subject:Deluxe Corp Bankers Dashboard Automation Test Report - Bank of North Carolina - IE10
[INFO ][2015-11-18 17:46:19,057][com.java.EmailTestReport] [  143] -  Added venkateswararao.gubbala@valuelabs.com
[INFO ][2015-11-18 17:46:22,181][com.java.SeleniumDriver] [  719] - quitting the browser 
[INFO ][2015-11-18 17:46:23,883][com.java.SeleniumDriver] [  263] - Execution Completed Stopping the thread
