[INFO ][2016-01-29 14:59:49,376][com.java.SeleniumDriver] [  213] - Execute Failed Casesfalse
[INFO ][2016-01-29 14:59:49,376][com.java.SeleniumDriver] [  214] - Browser: IE10
[INFO ][2016-01-29 14:59:49,376][com.java.SeleniumDriver] [  215] - [1, 21, 22, 23, 24, 25]
[INFO ][2016-01-29 14:59:49,376][com.java.SeleniumDriver] [  216] - Total TestCases:6
[INFO ][2016-01-29 14:59:49,376][com.java.SeleniumDriver] [  217] -  Reading Properties from Property File 
[DEBUG][2016-01-29 14:59:49,376][com.java.SeleniumDriver] [  238] - url : https://clients-xuat.bankersdashboard.com
[INFO ][2016-01-29 14:59:49,376][com.java.ImportnExport.ExportTestResultsExcel] [  116] - Time Stamp Fri Jan 29 02:59:49 IST 2016
[INFO ][2016-01-29 14:59:49,376][com.java.ImportnExport.ExportTestResultsExcel] [  175] - OUT FILE : D:\BankersDashboard/TestReports/Test Results_BankersDashBoard_012916_145949_IE10_United Bank.xls
[INFO ][2016-01-29 14:59:49,407][com.java.ImportnExport.ExportTestResultsExcel] [  180] - Test Result file is created
[DEBUG][2016-01-29 14:59:49,507][com.java.SeleniumDriver] [  426] - Hub ip address is-------172.17.68.34
[INFO ][2016-01-29 14:59:49,507][com.java.SeleniumDriver] [  452] - Grid URL:http://172.17.68.34:4444/wd/hub
[INFO ][2016-01-29 14:59:49,507][com.java.SeleniumDriver] [  453] - Capability:Capabilities [{platform=ANY, ensureCleanSession=true, ignoreProtectedModeSettings=true, acceptSslCerts=true, ignoreZoomSetting=true, browserName=internet explorer, browserstack.ie.noFlash=true, version=null}]
[ERROR][2016-01-29 14:59:50,807][com.java.SeleniumDriver] [  498] - Unable invoke browser in grid:Could not start a new session. Possible causes are invalid address of the remote server or browser start-up failure.
Build info: version: '2.48.2', revision: '41bccdd', time: '2015-10-09 19:59:12'
System info: host: 'FVTIII438F1D', ip: '172.17.68.34', os.name: 'Windows 7', os.arch: 'x86', os.version: '6.1', java.version: '1.7.0_55'
Driver info: driver.version: SeleniumDriver
[INFO ][2016-01-29 14:59:50,807][com.java.SeleniumDriver] [  500] - Executing on local machine
[INFO ][2016-01-29 15:00:01,339][com.java.SeleniumDriver] [  248] - IE10is opened
[INFO ][2016-01-29 15:00:01,984][com.java.SeleniumDriver] [  756] - Test cases to be executed are: [1, 21, 22, 23, 24, 25]
[INFO ][2016-01-29 15:00:02,015][com.java.ImportnExport.ImportTestDataDetailsExcel] [   49] - test data details path===== D:\BankersDashboard\TestInputs\TestData.xls
[INFO ][2016-01-29 15:00:02,095][com.java.SeleniumDriver] [  856] - ------------------------------------------
[INFO ][2016-01-29 15:00:02,095][com.java.SeleniumDriver] [  857] - Test case being Executed: 1
[INFO ][2016-01-29 15:00:02,095][com.java.SeleniumDriver] [  869] - Test step:1
[INFO ][2016-01-29 15:00:02,095][com.java.SeleniumDriver] [  881] - Datavalue is----------Concept#1:1-16
[INFO ][2016-01-29 15:00:02,095][com.java.SeleniumDriver] [  905] - DataField : test
[INFO ][2016-01-29 15:00:02,095][com.java.SeleniumDriver] [  907] - DataValue : Concept#1:1-16
[INFO ][2016-01-29 15:00:02,095][com.java.SeleniumDriver] [  913] - <In Set values of the page>
[INFO ][2016-01-29 15:00:02,095][com.java.SeleniumDriver] [  916] - {Data Fields & Data Values Exist}
[INFO ][2016-01-29 15:00:02,095][com.java.SeleniumDriver] [  918] - --------------------------setting values-----------------------------
[INFO ][2016-01-29 15:00:02,095][com.java.SeleniumDriver] [  921] - Action Type : ExecuteTestCase
[INFO ][2016-01-29 15:00:02,115][com.java.TestType] [  445] - The Concept sheet name is ---------- Concept
[INFO ][2016-01-29 15:00:02,115][com.java.TestType] [  448] - The Concept ID  is ---------- 1
[DEBUG][2016-01-29 15:00:02,115][com.java.TestType] [  452] - Steps being executted in the Concept are: 1:16
[INFO ][2016-01-29 15:00:02,115][com.java.TestType] [  459] - Test data details path ---------- D:\BankersDashboard\TestInputs\TestData.xls
[INFO ][2016-01-29 15:00:02,145][com.java.TestType] [  490] -  str(1) = 1
[INFO ][2016-01-29 15:00:02,145][com.java.TestType] [  493] - Test case Id is---1
[INFO ][2016-01-29 15:00:02,155][com.java.TestType] [  495] - 1
[INFO ][2016-01-29 15:00:02,155][com.java.TestType] [  490] -  str(2) = 1
[INFO ][2016-01-29 15:00:02,155][com.java.TestType] [  490] -  str(1) = 1
[INFO ][2016-01-29 15:00:02,155][com.java.TestType] [  493] - Test case Id is---1
[INFO ][2016-01-29 15:00:02,155][com.java.TestType] [  495] - 1
[INFO ][2016-01-29 15:00:02,155][com.java.TestType] [  490] -  str(2) = 2
[INFO ][2016-01-29 15:00:02,155][com.java.TestType] [  490] -  str(1) = 1
[INFO ][2016-01-29 15:00:02,155][com.java.TestType] [  493] - Test case Id is---1
[INFO ][2016-01-29 15:00:02,155][com.java.TestType] [  495] - 1
[INFO ][2016-01-29 15:00:02,155][com.java.TestType] [  490] -  str(2) = 3
[INFO ][2016-01-29 15:00:02,155][com.java.TestType] [  490] -  str(1) = 1
[INFO ][2016-01-29 15:00:02,155][com.java.TestType] [  493] - Test case Id is---1
[INFO ][2016-01-29 15:00:02,155][com.java.TestType] [  495] - 1
[INFO ][2016-01-29 15:00:02,155][com.java.TestType] [  490] -  str(2) = 4
[INFO ][2016-01-29 15:00:02,155][com.java.TestType] [  490] -  str(1) = 1
[INFO ][2016-01-29 15:00:02,155][com.java.TestType] [  493] - Test case Id is---1
[INFO ][2016-01-29 15:00:02,155][com.java.TestType] [  495] - 1
[INFO ][2016-01-29 15:00:02,155][com.java.TestType] [  490] -  str(2) = 5
[INFO ][2016-01-29 15:00:02,155][com.java.TestType] [  490] -  str(1) = 1
[INFO ][2016-01-29 15:00:02,155][com.java.TestType] [  493] - Test case Id is---1
[INFO ][2016-01-29 15:00:02,165][com.java.TestType] [  495] - 1
[INFO ][2016-01-29 15:00:02,165][com.java.TestType] [  490] -  str(2) = 6
[INFO ][2016-01-29 15:00:02,165][com.java.TestType] [  490] -  str(1) = 1
[INFO ][2016-01-29 15:00:02,165][com.java.TestType] [  493] - Test case Id is---1
[INFO ][2016-01-29 15:00:02,165][com.java.TestType] [  495] - 1
[INFO ][2016-01-29 15:00:02,165][com.java.TestType] [  490] -  str(2) = 7
[INFO ][2016-01-29 15:00:02,165][com.java.TestType] [  490] -  str(1) = 1
[INFO ][2016-01-29 15:00:02,165][com.java.TestType] [  493] - Test case Id is---1
[INFO ][2016-01-29 15:00:02,165][com.java.TestType] [  495] - 1
[INFO ][2016-01-29 15:00:02,165][com.java.TestType] [  490] -  str(2) = 8
[INFO ][2016-01-29 15:00:02,165][com.java.TestType] [  490] -  str(1) = 1
[INFO ][2016-01-29 15:00:02,165][com.java.TestType] [  493] - Test case Id is---1
[INFO ][2016-01-29 15:00:02,165][com.java.TestType] [  495] - 1
[INFO ][2016-01-29 15:00:02,165][com.java.TestType] [  490] -  str(2) = 9
[INFO ][2016-01-29 15:00:02,165][com.java.TestType] [  490] -  str(1) = 1
[INFO ][2016-01-29 15:00:02,165][com.java.TestType] [  493] - Test case Id is---1
[INFO ][2016-01-29 15:00:02,165][com.java.TestType] [  495] - 1
[INFO ][2016-01-29 15:00:02,165][com.java.TestType] [  490] -  str(2) = 10
[INFO ][2016-01-29 15:00:02,165][com.java.TestType] [  490] -  str(1) = 1
[INFO ][2016-01-29 15:00:02,165][com.java.TestType] [  493] - Test case Id is---1
[INFO ][2016-01-29 15:00:02,165][com.java.TestType] [  495] - 1
[INFO ][2016-01-29 15:00:02,165][com.java.TestType] [  490] -  str(2) = 11
[INFO ][2016-01-29 15:00:02,165][com.java.TestType] [  490] -  str(1) = 1
[INFO ][2016-01-29 15:00:02,165][com.java.TestType] [  493] - Test case Id is---1
[INFO ][2016-01-29 15:00:02,165][com.java.TestType] [  495] - 1
[INFO ][2016-01-29 15:00:02,165][com.java.TestType] [  490] -  str(2) = 12
[INFO ][2016-01-29 15:00:02,165][com.java.TestType] [  490] -  str(1) = 1
[INFO ][2016-01-29 15:00:02,165][com.java.TestType] [  493] - Test case Id is---1
[INFO ][2016-01-29 15:00:02,165][com.java.TestType] [  495] - 1
[INFO ][2016-01-29 15:00:02,175][com.java.TestType] [  490] -  str(2) = 13
[INFO ][2016-01-29 15:00:02,175][com.java.TestType] [  490] -  str(1) = 1
[INFO ][2016-01-29 15:00:02,175][com.java.TestType] [  493] - Test case Id is---1
[INFO ][2016-01-29 15:00:02,175][com.java.TestType] [  495] - 1
[INFO ][2016-01-29 15:00:02,175][com.java.TestType] [  490] -  str(2) = 14
[INFO ][2016-01-29 15:00:02,175][com.java.TestType] [  490] -  str(1) = 1
[INFO ][2016-01-29 15:00:02,175][com.java.TestType] [  493] - Test case Id is---1
[INFO ][2016-01-29 15:00:02,175][com.java.TestType] [  495] - 1
[INFO ][2016-01-29 15:00:02,175][com.java.TestType] [  490] -  str(2) = 15
[INFO ][2016-01-29 15:00:02,175][com.java.TestType] [  490] -  str(1) = 1
[INFO ][2016-01-29 15:00:02,175][com.java.TestType] [  493] - Test case Id is---1
[INFO ][2016-01-29 15:00:02,175][com.java.TestType] [  495] - 1
[INFO ][2016-01-29 15:00:02,175][com.java.TestType] [  490] -  str(2) = 16
[INFO ][2016-01-29 15:00:02,175][com.java.TestType] [11737] - Looping 1TCID = 1
[DEBUG][2016-01-29 15:00:02,175][com.java.TestType] [11778] - Concept ID:1 :: Step being Executed: 1::1
[INFO ][2016-01-29 15:00:02,175][com.java.TestType] [11816] - dataFields : TXTusername
[DEBUG][2016-01-29 15:00:02,175][com.java.TestType] [11822] - <In Set values of the page>
[DEBUG][2016-01-29 15:00:02,175][com.java.TestType] [11827] - {Data Fields & Data Values Exist}
[INFO ][2016-01-29 15:00:02,175][com.java.TestType] [11833] - --------------------------setting values-----------------------------
[INFO ][2016-01-29 15:00:02,175][com.java.TestType] [11836] - Action Type : CLEARANDENTER
[INFO ][2016-01-29 15:00:04,436][com.java.TestType] [ 6477] - value = valuelabs.ie10.00058
[INFO ][2016-01-29 15:00:06,884][com.java.TestType] [11855] -  RESULT true
[INFO ][2016-01-29 15:00:06,884][com.java.TestType] [11972] - ?   P A S S   ?
[DEBUG][2016-01-29 15:00:06,884][com.java.TestType] [11778] - Concept ID:1 :: Step being Executed: 1::2
[INFO ][2016-01-29 15:00:06,884][com.java.TestType] [11816] - dataFields : TXTpassword
[DEBUG][2016-01-29 15:00:06,884][com.java.TestType] [11822] - <In Set values of the page>
[DEBUG][2016-01-29 15:00:06,884][com.java.TestType] [11827] - {Data Fields & Data Values Exist}
[INFO ][2016-01-29 15:00:06,884][com.java.TestType] [11833] - --------------------------setting values-----------------------------
[INFO ][2016-01-29 15:00:06,884][com.java.TestType] [11836] - Action Type : CLEARANDENTER
[INFO ][2016-01-29 15:00:09,130][com.java.TestType] [ 6477] - value = Password1*
[INFO ][2016-01-29 15:00:11,686][com.java.TestType] [11855] -  RESULT true
[INFO ][2016-01-29 15:00:11,686][com.java.TestType] [11972] - ?   P A S S   ?
[DEBUG][2016-01-29 15:00:11,686][com.java.TestType] [11778] - Concept ID:1 :: Step being Executed: 1::3
[ERROR][2016-01-29 15:00:11,686][com.java.TestType] [11811] - Exception: null
[INFO ][2016-01-29 15:00:11,686][com.java.TestType] [11816] - dataFields : XPH//button[@type='submit']
[DEBUG][2016-01-29 15:00:11,686][com.java.TestType] [11822] - <In Set values of the page>
[DEBUG][2016-01-29 15:00:11,686][com.java.TestType] [11827] - {Data Fields & Data Values Exist}
[INFO ][2016-01-29 15:00:11,686][com.java.TestType] [11833] - --------------------------setting values-----------------------------
[INFO ][2016-01-29 15:00:11,686][com.java.TestType] [11836] - Action Type : Click
[INFO ][2016-01-29 15:00:11,686][com.java.TestType] [ 6856] - Field ::XPH//button[@type='submit']
[INFO ][2016-01-29 15:00:11,686][com.java.TestType] [ 6477] - value = 
[INFO ][2016-01-29 15:00:12,686][com.java.TestType] [ 7029] - BEFORE CLICK
[INFO ][2016-01-29 15:00:13,509][com.java.TestType] [ 7037] - Unable to click the object Login
[INFO ][2016-01-29 15:00:13,509][com.java.TestType] [11855] -  RESULT true
[INFO ][2016-01-29 15:00:13,509][com.java.TestType] [11972] - ?   P A S S   ?
[DEBUG][2016-01-29 15:00:13,509][com.java.TestType] [11778] - Concept ID:1 :: Step being Executed: 1::4
[INFO ][2016-01-29 15:00:13,509][com.java.TestType] [11816] - dataFields : LNKLogout
[DEBUG][2016-01-29 15:00:13,509][com.java.TestType] [11822] - <In Set values of the page>
[DEBUG][2016-01-29 15:00:13,509][com.java.TestType] [11827] - {Data Fields & Data Values Exist}
[INFO ][2016-01-29 15:00:13,509][com.java.TestType] [11833] - --------------------------setting values-----------------------------
[INFO ][2016-01-29 15:00:13,509][com.java.TestType] [11836] - Action Type : WaitForElement
[INFO ][2016-01-29 15:00:16,955][com.java.TestType] [11855] -  RESULT true
[INFO ][2016-01-29 15:00:16,955][com.java.TestType] [11972] - ?   P A S S   ?
[DEBUG][2016-01-29 15:00:16,955][com.java.TestType] [11778] - Concept ID:1 :: Step being Executed: 1::15
[INFO ][2016-01-29 15:00:16,955][com.java.TestType] [11816] - dataFields : LNK
[DEBUG][2016-01-29 15:00:16,955][com.java.TestType] [11822] - <In Set values of the page>
[DEBUG][2016-01-29 15:00:16,955][com.java.TestType] [11827] - {Data Fields & Data Values Exist}
[INFO ][2016-01-29 15:00:16,955][com.java.TestType] [11833] - --------------------------setting values-----------------------------
[INFO ][2016-01-29 15:00:16,955][com.java.TestType] [11836] - Action Type : Verify
[INFO ][2016-01-29 15:00:16,955][com.java.TestType] [ 8077] - field= LNK value= Logout
[INFO ][2016-01-29 15:00:16,955][com.java.TestType] [ 6477] - value = Logout
[INFO ][2016-01-29 15:00:16,986][com.java.TestType] [11855] -  RESULT true
[INFO ][2016-01-29 15:00:16,986][com.java.TestType] [11972] - ?   P A S S   ?
[DEBUG][2016-01-29 15:00:16,986][com.java.TestType] [11778] - Concept ID:1 :: Step being Executed: 1::16
[INFO ][2016-01-29 15:00:16,986][com.java.TestType] [11816] - dataFields : BTN
[DEBUG][2016-01-29 15:00:16,986][com.java.TestType] [11822] - <In Set values of the page>
[DEBUG][2016-01-29 15:00:16,986][com.java.TestType] [11827] - {Data Fields & Data Values Exist}
[INFO ][2016-01-29 15:00:16,986][com.java.TestType] [11833] - --------------------------setting values-----------------------------
[INFO ][2016-01-29 15:00:16,986][com.java.TestType] [11836] - Action Type : Verify
[INFO ][2016-01-29 15:00:16,986][com.java.TestType] [ 8077] - field= BTN value= //img[contains(@src,'bdlogo.jpg')]
[INFO ][2016-01-29 15:00:16,986][com.java.TestType] [ 6477] - value = //img[contains(@src,'bdlogo.jpg')]
[INFO ][2016-01-29 15:00:17,261][com.java.TestType] [11855] -  RESULT true
[INFO ][2016-01-29 15:00:17,261][com.java.TestType] [11972] - ?   P A S S   ?
[INFO ][2016-01-29 15:00:17,261][com.java.TestType] [12043] - Looping End......
[INFO ][2016-01-29 15:00:17,261][com.java.SeleniumDriver] [  930] -  RESULT true
[INFO ][2016-01-29 15:00:17,261][com.java.SeleniumDriver] [ 1136] - ?   P A S S   ?
[INFO ][2016-01-29 15:00:17,261][com.java.SeleniumDriver] [  856] - ------------------------------------------
[INFO ][2016-01-29 15:00:17,261][com.java.SeleniumDriver] [  857] - Test case being Executed: 1
[INFO ][2016-01-29 15:00:17,261][com.java.SeleniumDriver] [  869] - Test step:2
[INFO ][2016-01-29 15:00:17,261][com.java.SeleniumDriver] [  881] - Datavalue is----------Concept#2:1-2
[INFO ][2016-01-29 15:00:17,261][com.java.SeleniumDriver] [  905] - DataField : test
[INFO ][2016-01-29 15:00:17,261][com.java.SeleniumDriver] [  907] - DataValue : Concept#2:1-2
[INFO ][2016-01-29 15:00:17,261][com.java.SeleniumDriver] [  913] - <In Set values of the page>
[INFO ][2016-01-29 15:00:17,261][com.java.SeleniumDriver] [  916] - {Data Fields & Data Values Exist}
[INFO ][2016-01-29 15:00:17,261][com.java.SeleniumDriver] [  918] - --------------------------setting values-----------------------------
[INFO ][2016-01-29 15:00:17,261][com.java.SeleniumDriver] [  921] - Action Type : ExecuteTestCase
[INFO ][2016-01-29 15:00:17,261][com.java.TestType] [  445] - The Concept sheet name is ---------- Concept
[INFO ][2016-01-29 15:00:17,261][com.java.TestType] [  448] - The Concept ID  is ---------- 2
[DEBUG][2016-01-29 15:00:17,261][com.java.TestType] [  452] - Steps being executted in the Concept are: 1:2
[INFO ][2016-01-29 15:00:17,261][com.java.TestType] [  459] - Test data details path ---------- D:\BankersDashboard\TestInputs\TestData.xls
[INFO ][2016-01-29 15:00:17,291][com.java.TestType] [  490] -  str(1) = 2
[INFO ][2016-01-29 15:00:17,291][com.java.TestType] [  493] - Test case Id is---2
[INFO ][2016-01-29 15:00:17,291][com.java.TestType] [  495] - 2
[INFO ][2016-01-29 15:00:17,291][com.java.TestType] [  490] -  str(2) = 1
[INFO ][2016-01-29 15:00:17,301][com.java.TestType] [  490] -  str(1) = 2
[INFO ][2016-01-29 15:00:17,301][com.java.TestType] [  493] - Test case Id is---2
[INFO ][2016-01-29 15:00:17,301][com.java.TestType] [  495] - 2
[INFO ][2016-01-29 15:00:17,301][com.java.TestType] [  490] -  str(2) = 2
[INFO ][2016-01-29 15:00:17,301][com.java.TestType] [  490] -  str(1) = 2
[INFO ][2016-01-29 15:00:17,301][com.java.TestType] [  493] - Test case Id is---2
[INFO ][2016-01-29 15:00:17,301][com.java.TestType] [  495] - 2
[INFO ][2016-01-29 15:00:17,301][com.java.TestType] [  490] -  str(2) = 3
[INFO ][2016-01-29 15:00:17,301][com.java.TestType] [11737] - Looping 1TCID = 2
[DEBUG][2016-01-29 15:00:17,301][com.java.TestType] [11778] - Concept ID:2 :: Step being Executed: 2::1
[INFO ][2016-01-29 15:00:17,301][com.java.TestType] [11816] - dataFields : BNK//select[@id='bank']
[DEBUG][2016-01-29 15:00:17,301][com.java.TestType] [11822] - <In Set values of the page>
[DEBUG][2016-01-29 15:00:17,301][com.java.TestType] [11827] - {Data Fields & Data Values Exist}
[INFO ][2016-01-29 15:00:17,301][com.java.TestType] [11833] - --------------------------setting values-----------------------------
[INFO ][2016-01-29 15:00:17,301][com.java.TestType] [11836] - Action Type : Select
[INFO ][2016-01-29 15:00:17,301][com.java.TestType] [ 6477] - value = PFC
[INFO ][2016-01-29 15:00:17,546][com.java.TestType] [11855] -  RESULT true
[INFO ][2016-01-29 15:00:17,546][com.java.TestType] [11972] - ?   P A S S   ?
[DEBUG][2016-01-29 15:00:17,546][com.java.TestType] [11778] - Concept ID:2 :: Step being Executed: 2::2
[INFO ][2016-01-29 15:00:17,546][com.java.TestType] [11816] - dataFields : LNKLogout
[DEBUG][2016-01-29 15:00:17,546][com.java.TestType] [11822] - <In Set values of the page>
[DEBUG][2016-01-29 15:00:17,546][com.java.TestType] [11827] - {Data Fields & Data Values Exist}
[INFO ][2016-01-29 15:00:17,546][com.java.TestType] [11833] - --------------------------setting values-----------------------------
[INFO ][2016-01-29 15:00:17,546][com.java.TestType] [11836] - Action Type : WaitTime
[DEBUG][2016-01-29 15:00:17,546][com.java.TestType] [ 6291] - sleepTime: 5000
[INFO ][2016-01-29 15:00:22,546][com.java.TestType] [11855] -  RESULT true
[INFO ][2016-01-29 15:00:22,546][com.java.TestType] [11972] - ?   P A S S   ?
[INFO ][2016-01-29 15:00:22,546][com.java.TestType] [12043] - Looping End......
[INFO ][2016-01-29 15:00:22,547][com.java.SeleniumDriver] [  930] -  RESULT true
[INFO ][2016-01-29 15:00:22,547][com.java.SeleniumDriver] [ 1136] - ?   P A S S   ?
[INFO ][2016-01-29 15:00:22,548][com.java.SeleniumDriver] [  856] - ------------------------------------------
[INFO ][2016-01-29 15:00:22,548][com.java.SeleniumDriver] [  857] - Test case being Executed: 1
[INFO ][2016-01-29 15:00:22,548][com.java.SeleniumDriver] [  869] - Test step:3
[INFO ][2016-01-29 15:00:22,548][com.java.SeleniumDriver] [  881] - Datavalue is----------2
[INFO ][2016-01-29 15:00:22,548][com.java.SeleniumDriver] [  905] - DataField : XPH//button[contains(text(),'Add Content')]
[INFO ][2016-01-29 15:00:22,548][com.java.SeleniumDriver] [  907] - DataValue : 2
[INFO ][2016-01-29 15:00:22,548][com.java.SeleniumDriver] [  913] - <In Set values of the page>
[INFO ][2016-01-29 15:00:22,548][com.java.SeleniumDriver] [  916] - {Data Fields & Data Values Exist}
[INFO ][2016-01-29 15:00:22,548][com.java.SeleniumDriver] [  918] - --------------------------setting values-----------------------------
[INFO ][2016-01-29 15:00:22,548][com.java.SeleniumDriver] [  921] - Action Type : WAITFORELEMENT
[INFO ][2016-01-29 15:00:22,586][com.java.SeleniumDriver] [  930] -  RESULT true
[INFO ][2016-01-29 15:00:22,586][com.java.SeleniumDriver] [ 1136] - ?   P A S S   ?
[DEBUG][2016-01-29 15:00:22,586][com.java.SeleniumDriver] [ 1248] - Case found
[DEBUG][2016-01-29 15:00:22,586][com.java.SeleniumDriver] [ 1253] - Incrementing ReportCounters[0]:1
[INFO ][2016-01-29 15:00:22,589][com.java.SeleniumDriver] [ 1272] - The results are-------------------[1, 1, Valid Login, Pass, , Fri Jan 29 15:00:17 IST 2016, 1, 2, Valid Login, Pass, , Fri Jan 29 15:00:22 IST 2016, 1, 3, Valid Login, Pass, , Fri Jan 29 15:00:22 IST 2016]
[INFO ][2016-01-29 15:00:22,589][com.java.SeleniumDriver] [ 1276] - End time is-------35 sec
[INFO ][2016-01-29 15:00:22,589][com.java.SeleniumDriver] [ 1277] - The results are-------------------[1, 1, Valid Login, Pass, , Fri Jan 29 15:00:17 IST 2016, 1, 2, Valid Login, Pass, , Fri Jan 29 15:00:22 IST 2016, 1, 3, Valid Login, Pass, , Fri Jan 29 15:00:22 IST 2016]
[DEBUG][2016-01-29 15:00:22,589][com.java.ImportnExport.ExportTestResultsExcel] [  222] - testResultPath = D:\BankersDashboard/TestReports/Test Results_BankersDashBoard_012916_145949_IE10_United Bank.xls
[DEBUG][2016-01-29 15:00:22,589][com.java.ImportnExport.ExportTestResultsExcel] [  223] - browser is------------IE10
[DEBUG][2016-01-29 15:00:22,631][com.java.ImportnExport.ExportTestResultsExcel] [  270] - result.size() = 18
[DEBUG][2016-01-29 15:00:22,631][com.java.ImportnExport.ExportTestResultsExcel] [  274] - No of rows in sheet=1
[DEBUG][2016-01-29 15:00:22,631][com.java.ImportnExport.ExportTestResultsExcel] [  301] - ..in export..1
[DEBUG][2016-01-29 15:00:22,631][com.java.ImportnExport.ExportTestResultsExcel] [  301] - ..in export..Valid Login
[DEBUG][2016-01-29 15:00:22,631][com.java.ImportnExport.ExportTestResultsExcel] [  301] - ..in export..Pass
[DEBUG][2016-01-29 15:00:22,631][com.java.ImportnExport.ExportTestResultsExcel] [  301] - ..in export..
[DEBUG][2016-01-29 15:00:22,631][com.java.ImportnExport.ExportTestResultsExcel] [  301] - ..in export..Fri Jan 29 15:00:17 IST 2016
[INFO ][2016-01-29 15:00:22,634][com.java.SeleniumDriver] [ 1337] - out loop:0 size:6 TestCases:[1, 21, 22, 23, 24, 25] testcases:[1, 21, 22, 23, 24, 25]
[INFO ][2016-01-29 15:00:22,634][com.java.ImportnExport.ImportTestDataDetailsExcel] [   49] - test data details path===== D:\BankersDashboard\TestInputs\TestData.xls
[INFO ][2016-01-29 15:00:42,071][com.java.SeleniumDriver] [  856] - ------------------------------------------
[INFO ][2016-01-29 15:00:42,071][com.java.SeleniumDriver] [  857] - Test case being Executed: 21
[INFO ][2016-01-29 15:00:42,071][com.java.SeleniumDriver] [  869] - Test step:1
[INFO ][2016-01-29 15:00:42,071][com.java.SeleniumDriver] [  881] - Datavalue is----------Logout
[INFO ][2016-01-29 15:00:42,071][com.java.SeleniumDriver] [  905] - DataField : BTN
[INFO ][2016-01-29 15:00:42,071][com.java.SeleniumDriver] [  907] - DataValue : Logout
[INFO ][2016-01-29 15:00:42,071][com.java.SeleniumDriver] [  913] - <In Set values of the page>
[INFO ][2016-01-29 15:00:42,071][com.java.SeleniumDriver] [  916] - {Data Fields & Data Values Exist}
[INFO ][2016-01-29 15:00:42,071][com.java.SeleniumDriver] [  918] - --------------------------setting values-----------------------------
[INFO ][2016-01-29 15:00:42,071][com.java.SeleniumDriver] [  921] - Action Type : Verify
[INFO ][2016-01-29 15:00:42,071][com.java.TestType] [ 8077] - field= BTN value= Logout
[INFO ][2016-01-29 15:00:42,071][com.java.TestType] [ 6477] - value = Logout
[INFO ][2016-01-29 15:00:42,132][com.java.SeleniumDriver] [  930] -  RESULT true
[INFO ][2016-01-29 15:00:42,132][com.java.SeleniumDriver] [ 1136] - ?   P A S S   ?
[INFO ][2016-01-29 15:00:42,132][com.java.SeleniumDriver] [ 1178] - step change to 3
[INFO ][2016-01-29 15:00:42,132][com.java.SeleniumDriver] [  856] - ------------------------------------------
[INFO ][2016-01-29 15:00:42,132][com.java.SeleniumDriver] [  857] - Test case being Executed: 21
[INFO ][2016-01-29 15:00:42,132][com.java.SeleniumDriver] [  869] - Test step:3
[INFO ][2016-01-29 15:00:42,132][com.java.SeleniumDriver] [  881] - Datavalue is----------Concept#2:1-2
[INFO ][2016-01-29 15:00:42,132][com.java.SeleniumDriver] [  905] - DataField : test
[INFO ][2016-01-29 15:00:42,132][com.java.SeleniumDriver] [  907] - DataValue : Concept#2:1-2
[INFO ][2016-01-29 15:00:42,132][com.java.SeleniumDriver] [  913] - <In Set values of the page>
[INFO ][2016-01-29 15:00:42,132][com.java.SeleniumDriver] [  916] - {Data Fields & Data Values Exist}
[INFO ][2016-01-29 15:00:42,132][com.java.SeleniumDriver] [  918] - --------------------------setting values-----------------------------
[INFO ][2016-01-29 15:00:42,132][com.java.SeleniumDriver] [  921] - Action Type : ExecuteTestCase
[INFO ][2016-01-29 15:00:42,132][com.java.TestType] [  445] - The Concept sheet name is ---------- Concept
[INFO ][2016-01-29 15:00:42,132][com.java.TestType] [  448] - The Concept ID  is ---------- 2
[DEBUG][2016-01-29 15:00:42,132][com.java.TestType] [  452] - Steps being executted in the Concept are: 1:2
[INFO ][2016-01-29 15:00:42,132][com.java.TestType] [  459] - Test data details path ---------- D:\BankersDashboard\TestInputs\TestData.xls
[INFO ][2016-01-29 15:00:42,162][com.java.TestType] [  490] -  str(1) = 2
[INFO ][2016-01-29 15:00:42,162][com.java.TestType] [  493] - Test case Id is---2
[INFO ][2016-01-29 15:00:42,162][com.java.TestType] [  495] - 2
[INFO ][2016-01-29 15:00:42,162][com.java.TestType] [  490] -  str(2) = 1
[INFO ][2016-01-29 15:00:42,162][com.java.TestType] [  490] -  str(1) = 2
[INFO ][2016-01-29 15:00:42,162][com.java.TestType] [  493] - Test case Id is---2
[INFO ][2016-01-29 15:00:42,162][com.java.TestType] [  495] - 2
[INFO ][2016-01-29 15:00:42,162][com.java.TestType] [  490] -  str(2) = 2
[INFO ][2016-01-29 15:00:42,162][com.java.TestType] [  490] -  str(1) = 2
[INFO ][2016-01-29 15:00:42,162][com.java.TestType] [  493] - Test case Id is---2
[INFO ][2016-01-29 15:00:42,162][com.java.TestType] [  495] - 2
[INFO ][2016-01-29 15:00:42,162][com.java.TestType] [  490] -  str(2) = 3
[INFO ][2016-01-29 15:00:42,162][com.java.TestType] [11737] - Looping 1TCID = 2
[DEBUG][2016-01-29 15:00:42,162][com.java.TestType] [11778] - Concept ID:2 :: Step being Executed: 2::1
[INFO ][2016-01-29 15:00:42,162][com.java.TestType] [11816] - dataFields : BNK//select[@id='bank']
[DEBUG][2016-01-29 15:00:42,162][com.java.TestType] [11822] - <In Set values of the page>
[DEBUG][2016-01-29 15:00:42,162][com.java.TestType] [11827] - {Data Fields & Data Values Exist}
[INFO ][2016-01-29 15:00:42,162][com.java.TestType] [11833] - --------------------------setting values-----------------------------
[INFO ][2016-01-29 15:00:42,162][com.java.TestType] [11836] - Action Type : Select
[INFO ][2016-01-29 15:00:42,162][com.java.TestType] [ 6477] - value = PFC
[INFO ][2016-01-29 15:00:42,382][com.java.TestType] [11855] -  RESULT true
[INFO ][2016-01-29 15:00:42,382][com.java.TestType] [11972] - ?   P A S S   ?
[DEBUG][2016-01-29 15:00:42,382][com.java.TestType] [11778] - Concept ID:2 :: Step being Executed: 2::2
[INFO ][2016-01-29 15:00:42,382][com.java.TestType] [11816] - dataFields : LNKLogout
[DEBUG][2016-01-29 15:00:42,382][com.java.TestType] [11822] - <In Set values of the page>
[DEBUG][2016-01-29 15:00:42,382][com.java.TestType] [11827] - {Data Fields & Data Values Exist}
[INFO ][2016-01-29 15:00:42,382][com.java.TestType] [11833] - --------------------------setting values-----------------------------
[INFO ][2016-01-29 15:00:42,382][com.java.TestType] [11836] - Action Type : WaitTime
[DEBUG][2016-01-29 15:00:42,382][com.java.TestType] [ 6291] - sleepTime: 5000
[INFO ][2016-01-29 15:00:47,384][com.java.TestType] [11855] -  RESULT true
[INFO ][2016-01-29 15:00:47,384][com.java.TestType] [11972] - ?   P A S S   ?
[INFO ][2016-01-29 15:00:47,384][com.java.TestType] [12043] - Looping End......
[INFO ][2016-01-29 15:00:47,384][com.java.SeleniumDriver] [  930] -  RESULT true
[INFO ][2016-01-29 15:00:47,384][com.java.SeleniumDriver] [ 1136] - ?   P A S S   ?
[INFO ][2016-01-29 15:00:47,384][com.java.SeleniumDriver] [  856] - ------------------------------------------
[INFO ][2016-01-29 15:00:47,384][com.java.SeleniumDriver] [  857] - Test case being Executed: 21
[INFO ][2016-01-29 15:00:47,384][com.java.SeleniumDriver] [  869] - Test step:4
[INFO ][2016-01-29 15:00:47,384][com.java.SeleniumDriver] [  881] - Datavalue is----------null
[DEBUG][2016-01-29 15:00:47,384][com.java.SeleniumDriver] [  899] - Exception: null
[INFO ][2016-01-29 15:00:47,384][com.java.SeleniumDriver] [  905] - DataField : //span[@class='icon-cog2']&&//a[@data-id="UserSettings"]
[INFO ][2016-01-29 15:00:47,384][com.java.SeleniumDriver] [  907] - DataValue : 
[INFO ][2016-01-29 15:00:47,384][com.java.SeleniumDriver] [  913] - <In Set values of the page>
[INFO ][2016-01-29 15:00:47,384][com.java.SeleniumDriver] [  916] - {Data Fields & Data Values Exist}
[INFO ][2016-01-29 15:00:47,384][com.java.SeleniumDriver] [  918] - --------------------------setting values-----------------------------
[INFO ][2016-01-29 15:00:47,384][com.java.SeleniumDriver] [  921] - Action Type : MOUSEOVER
[INFO ][2016-01-29 15:01:28,199][com.java.SeleniumDriver] [  930] -  RESULT true
[INFO ][2016-01-29 15:01:28,199][com.java.SeleniumDriver] [ 1136] - ?   P A S S   ?
[INFO ][2016-01-29 15:01:28,199][com.java.SeleniumDriver] [  856] - ------------------------------------------
[INFO ][2016-01-29 15:01:28,199][com.java.SeleniumDriver] [  857] - Test case being Executed: 21
[INFO ][2016-01-29 15:01:28,199][com.java.SeleniumDriver] [  869] - Test step:5
[INFO ][2016-01-29 15:01:28,199][com.java.SeleniumDriver] [  881] - Datavalue is----------2
[INFO ][2016-01-29 15:01:28,199][com.java.SeleniumDriver] [  905] - DataField : BTNframeDialogContent
[INFO ][2016-01-29 15:01:28,199][com.java.SeleniumDriver] [  907] - DataValue : 2
[INFO ][2016-01-29 15:01:28,199][com.java.SeleniumDriver] [  913] - <In Set values of the page>
[INFO ][2016-01-29 15:01:28,199][com.java.SeleniumDriver] [  916] - {Data Fields & Data Values Exist}
[INFO ][2016-01-29 15:01:28,199][com.java.SeleniumDriver] [  918] - --------------------------setting values-----------------------------
[INFO ][2016-01-29 15:01:28,199][com.java.SeleniumDriver] [  921] - Action Type : WAITFORELEMENT
[INFO ][2016-01-29 15:01:29,480][com.java.SeleniumDriver] [  930] -  RESULT true
[INFO ][2016-01-29 15:01:29,480][com.java.SeleniumDriver] [ 1136] - ?   P A S S   ?
[INFO ][2016-01-29 15:01:29,480][com.java.SeleniumDriver] [  856] - ------------------------------------------
[INFO ][2016-01-29 15:01:29,480][com.java.SeleniumDriver] [  857] - Test case being Executed: 21
[INFO ][2016-01-29 15:01:29,480][com.java.SeleniumDriver] [  869] - Test step:6
[INFO ][2016-01-29 15:01:29,480][com.java.SeleniumDriver] [  881] - Datavalue is----------2
[INFO ][2016-01-29 15:01:29,480][com.java.SeleniumDriver] [  905] - DataField : XPH//span[@class="ui-dialog-title"]
[INFO ][2016-01-29 15:01:29,480][com.java.SeleniumDriver] [  907] - DataValue : 2
[INFO ][2016-01-29 15:01:29,480][com.java.SeleniumDriver] [  913] - <In Set values of the page>
[INFO ][2016-01-29 15:01:29,480][com.java.SeleniumDriver] [  916] - {Data Fields & Data Values Exist}
[INFO ][2016-01-29 15:01:29,480][com.java.SeleniumDriver] [  918] - --------------------------setting values-----------------------------
[INFO ][2016-01-29 15:01:29,480][com.java.SeleniumDriver] [  921] - Action Type : WAITFORELEMENT
[INFO ][2016-01-29 15:01:29,511][com.java.SeleniumDriver] [  930] -  RESULT true
[INFO ][2016-01-29 15:01:29,511][com.java.SeleniumDriver] [ 1136] - ?   P A S S   ?
[INFO ][2016-01-29 15:01:29,511][com.java.SeleniumDriver] [  856] - ------------------------------------------
[INFO ][2016-01-29 15:01:29,511][com.java.SeleniumDriver] [  857] - Test case being Executed: 21
[INFO ][2016-01-29 15:01:29,511][com.java.SeleniumDriver] [  869] - Test step:7
[INFO ][2016-01-29 15:01:29,511][com.java.SeleniumDriver] [  881] - Datavalue is----------User Settings
[INFO ][2016-01-29 15:01:29,511][com.java.SeleniumDriver] [  905] - DataField : XPH//span[@class="ui-dialog-title"]
[INFO ][2016-01-29 15:01:29,511][com.java.SeleniumDriver] [  907] - DataValue : User Settings
[INFO ][2016-01-29 15:01:29,511][com.java.SeleniumDriver] [  913] - <In Set values of the page>
[INFO ][2016-01-29 15:01:29,511][com.java.SeleniumDriver] [  916] - {Data Fields & Data Values Exist}
[INFO ][2016-01-29 15:01:29,511][com.java.SeleniumDriver] [  918] - --------------------------setting values-----------------------------
[INFO ][2016-01-29 15:01:29,511][com.java.SeleniumDriver] [  921] - Action Type : VERIFY
[INFO ][2016-01-29 15:01:29,511][com.java.TestType] [ 8077] - field= XPH//span[@class="ui-dialog-title"] value= User Settings
[INFO ][2016-01-29 15:01:29,511][com.java.TestType] [ 6477] - value = User Settings
[INFO ][2016-01-29 15:01:29,621][com.java.SeleniumDriver] [  930] -  RESULT true
[INFO ][2016-01-29 15:01:29,621][com.java.SeleniumDriver] [ 1136] - ?   P A S S   ?
[INFO ][2016-01-29 15:01:29,621][com.java.SeleniumDriver] [  856] - ------------------------------------------
[INFO ][2016-01-29 15:01:29,621][com.java.SeleniumDriver] [  857] - Test case being Executed: 21
[INFO ][2016-01-29 15:01:29,621][com.java.SeleniumDriver] [  869] - Test step:8
[INFO ][2016-01-29 15:01:29,621][com.java.SeleniumDriver] [  881] - Datavalue is----------null
[DEBUG][2016-01-29 15:01:29,621][com.java.SeleniumDriver] [  899] - Exception: null
[INFO ][2016-01-29 15:01:29,621][com.java.SeleniumDriver] [  905] - DataField : BTNframeDialogContent
[INFO ][2016-01-29 15:01:29,621][com.java.SeleniumDriver] [  907] - DataValue : 
[INFO ][2016-01-29 15:01:29,621][com.java.SeleniumDriver] [  913] - <In Set values of the page>
[INFO ][2016-01-29 15:01:29,621][com.java.SeleniumDriver] [  916] - {Data Fields & Data Values Exist}
[INFO ][2016-01-29 15:01:29,621][com.java.SeleniumDriver] [  918] - --------------------------setting values-----------------------------
[INFO ][2016-01-29 15:01:29,621][com.java.SeleniumDriver] [  921] - Action Type : SELECTFRAME
[INFO ][2016-01-29 15:01:30,912][com.java.SeleniumDriver] [  930] -  RESULT true
[INFO ][2016-01-29 15:01:30,912][com.java.SeleniumDriver] [ 1136] - ?   P A S S   ?
[INFO ][2016-01-29 15:01:30,912][com.java.SeleniumDriver] [  856] - ------------------------------------------
[INFO ][2016-01-29 15:01:30,912][com.java.SeleniumDriver] [  857] - Test case being Executed: 21
[INFO ][2016-01-29 15:01:30,912][com.java.SeleniumDriver] [  869] - Test step:9
[INFO ][2016-01-29 15:01:30,912][com.java.SeleniumDriver] [  881] - Datavalue is----------index:0
[INFO ][2016-01-29 15:01:30,912][com.java.SeleniumDriver] [  905] - DataField : COBddlEncryptEmailPDF
[INFO ][2016-01-29 15:01:30,912][com.java.SeleniumDriver] [  907] - DataValue : index:0
[INFO ][2016-01-29 15:01:30,912][com.java.SeleniumDriver] [  913] - <In Set values of the page>
[INFO ][2016-01-29 15:01:30,912][com.java.SeleniumDriver] [  916] - {Data Fields & Data Values Exist}
[INFO ][2016-01-29 15:01:30,912][com.java.SeleniumDriver] [  918] - --------------------------setting values-----------------------------
[INFO ][2016-01-29 15:01:30,912][com.java.SeleniumDriver] [  921] - Action Type : SELECT
[INFO ][2016-01-29 15:01:30,912][com.java.TestType] [ 6477] - value = 0
[INFO ][2016-01-29 15:01:32,043][com.java.TestType] [ 6595] -  In COB ddlEncryptEmailPDF : 0
[INFO ][2016-01-29 15:01:32,183][com.java.SeleniumDriver] [  930] -  RESULT true
[INFO ][2016-01-29 15:01:32,183][com.java.SeleniumDriver] [ 1136] - ?   P A S S   ?
[INFO ][2016-01-29 15:01:32,183][com.java.SeleniumDriver] [  856] - ------------------------------------------
[INFO ][2016-01-29 15:01:32,183][com.java.SeleniumDriver] [  857] - Test case being Executed: 21
[INFO ][2016-01-29 15:01:32,183][com.java.SeleniumDriver] [  869] - Test step:10
[INFO ][2016-01-29 15:01:32,183][com.java.SeleniumDriver] [  881] - Datavalue is----------null
[DEBUG][2016-01-29 15:01:32,183][com.java.SeleniumDriver] [  899] - Exception: null
[INFO ][2016-01-29 15:01:32,183][com.java.SeleniumDriver] [  905] - DataField : BTNparent
[INFO ][2016-01-29 15:01:32,183][com.java.SeleniumDriver] [  907] - DataValue : 
[INFO ][2016-01-29 15:01:32,183][com.java.SeleniumDriver] [  913] - <In Set values of the page>
[INFO ][2016-01-29 15:01:32,183][com.java.SeleniumDriver] [  916] - {Data Fields & Data Values Exist}
[INFO ][2016-01-29 15:01:32,183][com.java.SeleniumDriver] [  918] - --------------------------setting values-----------------------------
[INFO ][2016-01-29 15:01:32,183][com.java.SeleniumDriver] [  921] - Action Type : SELECTFRAME
[INFO ][2016-01-29 15:01:32,203][com.java.SeleniumDriver] [  930] -  RESULT true
[INFO ][2016-01-29 15:01:32,203][com.java.SeleniumDriver] [ 1136] - ?   P A S S   ?
[INFO ][2016-01-29 15:01:32,203][com.java.SeleniumDriver] [  856] - ------------------------------------------
[INFO ][2016-01-29 15:01:32,203][com.java.SeleniumDriver] [  857] - Test case being Executed: 21
[INFO ][2016-01-29 15:01:32,203][com.java.SeleniumDriver] [  869] - Test step:11
[INFO ][2016-01-29 15:01:32,203][com.java.SeleniumDriver] [  881] - Datavalue is----------null
[DEBUG][2016-01-29 15:01:32,203][com.java.SeleniumDriver] [  899] - Exception: null
[INFO ][2016-01-29 15:01:32,203][com.java.SeleniumDriver] [  905] - DataField : XPH//span[@class="ui-button-text" and contains(text(),'Finished')]
[INFO ][2016-01-29 15:01:32,203][com.java.SeleniumDriver] [  907] - DataValue : 
[INFO ][2016-01-29 15:01:32,203][com.java.SeleniumDriver] [  913] - <In Set values of the page>
[INFO ][2016-01-29 15:01:32,203][com.java.SeleniumDriver] [  916] - {Data Fields & Data Values Exist}
[INFO ][2016-01-29 15:01:32,203][com.java.SeleniumDriver] [  918] - --------------------------setting values-----------------------------
[INFO ][2016-01-29 15:01:32,203][com.java.SeleniumDriver] [  921] - Action Type : CLICK
[INFO ][2016-01-29 15:01:32,203][com.java.TestType] [ 6856] - Field ::XPH//span[@class="ui-button-text" and contains(text(),'Finished')]
[INFO ][2016-01-29 15:01:32,203][com.java.TestType] [ 6477] - value = 
[INFO ][2016-01-29 15:01:33,203][com.java.TestType] [ 7029] - BEFORE CLICK
[INFO ][2016-01-29 15:01:34,135][com.java.TestType] [ 7037] - Unable to click the object Finish Button
[INFO ][2016-01-29 15:01:34,135][com.java.SeleniumDriver] [  930] -  RESULT true
[INFO ][2016-01-29 15:01:34,135][com.java.SeleniumDriver] [ 1136] - ?   P A S S   ?
[INFO ][2016-01-29 15:01:34,135][com.java.SeleniumDriver] [  856] - ------------------------------------------
[INFO ][2016-01-29 15:01:34,135][com.java.SeleniumDriver] [  857] - Test case being Executed: 21
[INFO ][2016-01-29 15:01:34,135][com.java.SeleniumDriver] [  869] - Test step:12
[INFO ][2016-01-29 15:01:34,135][com.java.SeleniumDriver] [  881] - Datavalue is----------null
[DEBUG][2016-01-29 15:01:34,135][com.java.SeleniumDriver] [  899] - Exception: null
[INFO ][2016-01-29 15:01:34,135][com.java.SeleniumDriver] [  905] - DataField : BTNcloseAllTabs
[INFO ][2016-01-29 15:01:34,135][com.java.SeleniumDriver] [  907] - DataValue : 
[INFO ][2016-01-29 15:01:34,135][com.java.SeleniumDriver] [  913] - <In Set values of the page>
[INFO ][2016-01-29 15:01:34,135][com.java.SeleniumDriver] [  916] - {Data Fields & Data Values Exist}
[INFO ][2016-01-29 15:01:34,135][com.java.SeleniumDriver] [  918] - --------------------------setting values-----------------------------
[INFO ][2016-01-29 15:01:34,135][com.java.SeleniumDriver] [  921] - Action Type : CLICK
[INFO ][2016-01-29 15:01:34,135][com.java.TestType] [ 6856] - Field ::BTNcloseAllTabs
[INFO ][2016-01-29 15:01:34,135][com.java.TestType] [ 6477] - value = 
[INFO ][2016-01-29 15:01:35,136][com.java.TestType] [ 7008] - BEFORE CLICK
[INFO ][2016-01-29 15:01:36,554][com.java.TestType] [ 7015] - Unable to click the object Close all tabs
[INFO ][2016-01-29 15:01:36,554][com.java.SeleniumDriver] [  930] -  RESULT true
[INFO ][2016-01-29 15:01:36,554][com.java.SeleniumDriver] [ 1136] - ?   P A S S   ?
[INFO ][2016-01-29 15:01:36,554][com.java.SeleniumDriver] [  856] - ------------------------------------------
[INFO ][2016-01-29 15:01:36,554][com.java.SeleniumDriver] [  857] - Test case being Executed: 21
[INFO ][2016-01-29 15:01:36,554][com.java.SeleniumDriver] [  869] - Test step:13
[INFO ][2016-01-29 15:01:36,554][com.java.SeleniumDriver] [  881] - Datavalue is----------5
[INFO ][2016-01-29 15:01:36,554][com.java.SeleniumDriver] [  905] - DataField : XPH//span[@class="icon-coin"]
[INFO ][2016-01-29 15:01:36,554][com.java.SeleniumDriver] [  907] - DataValue : 5
[INFO ][2016-01-29 15:01:36,554][com.java.SeleniumDriver] [  913] - <In Set values of the page>
[INFO ][2016-01-29 15:01:36,554][com.java.SeleniumDriver] [  916] - {Data Fields & Data Values Exist}
[INFO ][2016-01-29 15:01:36,554][com.java.SeleniumDriver] [  918] - --------------------------setting values-----------------------------
[INFO ][2016-01-29 15:01:36,554][com.java.SeleniumDriver] [  921] - Action Type : WAITFORELEMENT
[INFO ][2016-01-29 15:01:36,584][com.java.SeleniumDriver] [  930] -  RESULT true
[INFO ][2016-01-29 15:01:36,584][com.java.SeleniumDriver] [ 1136] - ?   P A S S   ?
[INFO ][2016-01-29 15:01:36,584][com.java.SeleniumDriver] [  856] - ------------------------------------------
[INFO ][2016-01-29 15:01:36,584][com.java.SeleniumDriver] [  857] - Test case being Executed: 21
[INFO ][2016-01-29 15:01:36,584][com.java.SeleniumDriver] [  869] - Test step:14
[INFO ][2016-01-29 15:01:36,584][com.java.SeleniumDriver] [  881] - Datavalue is----------null
[DEBUG][2016-01-29 15:01:36,584][com.java.SeleniumDriver] [  899] - Exception: null
[INFO ][2016-01-29 15:01:36,584][com.java.SeleniumDriver] [  905] - DataField : //span[@class='icon-stack']&&//a[@data-id='RunPackage']
[INFO ][2016-01-29 15:01:36,584][com.java.SeleniumDriver] [  907] - DataValue : 
[INFO ][2016-01-29 15:01:36,584][com.java.SeleniumDriver] [  913] - <In Set values of the page>
[INFO ][2016-01-29 15:01:36,584][com.java.SeleniumDriver] [  916] - {Data Fields & Data Values Exist}
[INFO ][2016-01-29 15:01:36,584][com.java.SeleniumDriver] [  918] - --------------------------setting values-----------------------------
[INFO ][2016-01-29 15:01:36,584][com.java.SeleniumDriver] [  921] - Action Type : MOUSEOVER
[INFO ][2016-01-29 15:02:17,551][com.java.SeleniumDriver] [  930] -  RESULT true
[INFO ][2016-01-29 15:02:17,551][com.java.SeleniumDriver] [ 1136] - ?   P A S S   ?
[INFO ][2016-01-29 15:02:17,551][com.java.SeleniumDriver] [  856] - ------------------------------------------
[INFO ][2016-01-29 15:02:17,551][com.java.SeleniumDriver] [  857] - Test case being Executed: 21
[INFO ][2016-01-29 15:02:17,551][com.java.SeleniumDriver] [  869] - Test step:15
[INFO ][2016-01-29 15:02:17,551][com.java.SeleniumDriver] [  881] - Datavalue is----------5
[INFO ][2016-01-29 15:02:17,551][com.java.SeleniumDriver] [  905] - DataField : BTNdivHelpText
[INFO ][2016-01-29 15:02:17,551][com.java.SeleniumDriver] [  907] - DataValue : 5
[INFO ][2016-01-29 15:02:17,551][com.java.SeleniumDriver] [  913] - <In Set values of the page>
[INFO ][2016-01-29 15:02:17,551][com.java.SeleniumDriver] [  916] - {Data Fields & Data Values Exist}
[INFO ][2016-01-29 15:02:17,551][com.java.SeleniumDriver] [  918] - --------------------------setting values-----------------------------
[INFO ][2016-01-29 15:02:17,551][com.java.SeleniumDriver] [  921] - Action Type : WAITFORELEMENT
[INFO ][2016-01-29 15:02:18,863][com.java.SeleniumDriver] [  930] -  RESULT true
[INFO ][2016-01-29 15:02:18,863][com.java.SeleniumDriver] [ 1136] - ?   P A S S   ?
[INFO ][2016-01-29 15:02:18,863][com.java.SeleniumDriver] [  856] - ------------------------------------------
[INFO ][2016-01-29 15:02:18,863][com.java.SeleniumDriver] [  857] - Test case being Executed: 21
[INFO ][2016-01-29 15:02:18,863][com.java.SeleniumDriver] [  869] - Test step:16
[INFO ][2016-01-29 15:02:18,863][com.java.SeleniumDriver] [  881] - Datavalue is----------Run Report Package
[INFO ][2016-01-29 15:02:18,863][com.java.SeleniumDriver] [  905] - DataField : XPH//span[contains(text(),'Run Report Package')]
[INFO ][2016-01-29 15:02:18,863][com.java.SeleniumDriver] [  907] - DataValue : Run Report Package
[INFO ][2016-01-29 15:02:18,863][com.java.SeleniumDriver] [  913] - <In Set values of the page>
[INFO ][2016-01-29 15:02:18,863][com.java.SeleniumDriver] [  916] - {Data Fields & Data Values Exist}
[INFO ][2016-01-29 15:02:18,863][com.java.SeleniumDriver] [  918] - --------------------------setting values-----------------------------
[INFO ][2016-01-29 15:02:18,863][com.java.SeleniumDriver] [  921] - Action Type : VERIFY
[INFO ][2016-01-29 15:02:18,863][com.java.TestType] [ 8077] - field= XPH//span[contains(text(),'Run Report Package')] value= Run Report Package
[INFO ][2016-01-29 15:02:18,863][com.java.TestType] [ 6477] - value = Run Report Package
[INFO ][2016-01-29 15:02:18,974][com.java.SeleniumDriver] [  930] -  RESULT true
[INFO ][2016-01-29 15:02:18,974][com.java.SeleniumDriver] [ 1136] - ?   P A S S   ?
[INFO ][2016-01-29 15:02:18,974][com.java.SeleniumDriver] [  856] - ------------------------------------------
[INFO ][2016-01-29 15:02:18,974][com.java.SeleniumDriver] [  857] - Test case being Executed: 21
[INFO ][2016-01-29 15:02:18,974][com.java.SeleniumDriver] [  869] - Test step:17
[INFO ][2016-01-29 15:02:18,974][com.java.SeleniumDriver] [  881] - Datavalue is----------null
[DEBUG][2016-01-29 15:02:18,974][com.java.SeleniumDriver] [  899] - Exception: null
[INFO ][2016-01-29 15:02:18,974][com.java.SeleniumDriver] [  905] - DataField : BTNframeDialogContent
[INFO ][2016-01-29 15:02:18,974][com.java.SeleniumDriver] [  907] - DataValue : 
[INFO ][2016-01-29 15:02:18,974][com.java.SeleniumDriver] [  913] - <In Set values of the page>
[INFO ][2016-01-29 15:02:18,974][com.java.SeleniumDriver] [  916] - {Data Fields & Data Values Exist}
[INFO ][2016-01-29 15:02:18,974][com.java.SeleniumDriver] [  918] - --------------------------setting values-----------------------------
[INFO ][2016-01-29 15:02:18,974][com.java.SeleniumDriver] [  921] - Action Type : SELECTFRAME
[INFO ][2016-01-29 15:02:20,315][com.java.SeleniumDriver] [  930] -  RESULT true
[INFO ][2016-01-29 15:02:20,315][com.java.SeleniumDriver] [ 1136] - ?   P A S S   ?
[INFO ][2016-01-29 15:02:20,315][com.java.SeleniumDriver] [  856] - ------------------------------------------
[INFO ][2016-01-29 15:02:20,315][com.java.SeleniumDriver] [  857] - Test case being Executed: 21
[INFO ][2016-01-29 15:02:20,315][com.java.SeleniumDriver] [  869] - Test step:18
[INFO ][2016-01-29 15:02:20,315][com.java.SeleniumDriver] [  881] - Datavalue is----------5
[INFO ][2016-01-29 15:02:20,315][com.java.SeleniumDriver] [  905] - DataField : BTNddlPackage
[INFO ][2016-01-29 15:02:20,315][com.java.SeleniumDriver] [  907] - DataValue : 5
[INFO ][2016-01-29 15:02:20,315][com.java.SeleniumDriver] [  913] - <In Set values of the page>
[INFO ][2016-01-29 15:02:20,315][com.java.SeleniumDriver] [  916] - {Data Fields & Data Values Exist}
[INFO ][2016-01-29 15:02:20,315][com.java.SeleniumDriver] [  918] - --------------------------setting values-----------------------------
[INFO ][2016-01-29 15:02:20,315][com.java.SeleniumDriver] [  921] - Action Type : WAITFORELEMENT
[INFO ][2016-01-29 15:02:21,405][com.java.SeleniumDriver] [  930] -  RESULT true
[INFO ][2016-01-29 15:02:21,405][com.java.SeleniumDriver] [ 1136] - ?   P A S S   ?
[INFO ][2016-01-29 15:02:21,405][com.java.SeleniumDriver] [  856] - ------------------------------------------
[INFO ][2016-01-29 15:02:21,405][com.java.SeleniumDriver] [  857] - Test case being Executed: 21
[INFO ][2016-01-29 15:02:21,405][com.java.SeleniumDriver] [  869] - Test step:19
[INFO ][2016-01-29 15:02:21,405][com.java.SeleniumDriver] [  881] - Datavalue is----------index:1
[INFO ][2016-01-29 15:02:21,405][com.java.SeleniumDriver] [  905] - DataField : COBddlPackage
[INFO ][2016-01-29 15:02:21,405][com.java.SeleniumDriver] [  907] - DataValue : index:1
[INFO ][2016-01-29 15:02:21,405][com.java.SeleniumDriver] [  913] - <In Set values of the page>
[INFO ][2016-01-29 15:02:21,405][com.java.SeleniumDriver] [  916] - {Data Fields & Data Values Exist}
[INFO ][2016-01-29 15:02:21,405][com.java.SeleniumDriver] [  918] - --------------------------setting values-----------------------------
[INFO ][2016-01-29 15:02:21,405][com.java.SeleniumDriver] [  921] - Action Type : SELECT
[INFO ][2016-01-29 15:02:21,405][com.java.TestType] [ 6477] - value = 1
[INFO ][2016-01-29 15:02:22,548][com.java.TestType] [ 6595] -  In COB ddlPackage : 1
[INFO ][2016-01-29 15:02:22,698][com.java.SeleniumDriver] [  930] -  RESULT true
[INFO ][2016-01-29 15:02:22,698][com.java.SeleniumDriver] [ 1136] - ?   P A S S   ?
[INFO ][2016-01-29 15:02:22,698][com.java.SeleniumDriver] [  856] - ------------------------------------------
[INFO ][2016-01-29 15:02:22,698][com.java.SeleniumDriver] [  857] - Test case being Executed: 21
[INFO ][2016-01-29 15:02:22,698][com.java.SeleniumDriver] [  869] - Test step:20
[INFO ][2016-01-29 15:02:22,698][com.java.SeleniumDriver] [  881] - Datavalue is----------null
[DEBUG][2016-01-29 15:02:22,698][com.java.SeleniumDriver] [  899] - Exception: null
[INFO ][2016-01-29 15:02:22,698][com.java.SeleniumDriver] [  905] - DataField : XPH//div[@id='ChkBxLstProfitCenter']/input[1]
[INFO ][2016-01-29 15:02:22,698][com.java.SeleniumDriver] [  907] - DataValue : 
[INFO ][2016-01-29 15:02:22,698][com.java.SeleniumDriver] [  913] - <In Set values of the page>
[INFO ][2016-01-29 15:02:22,698][com.java.SeleniumDriver] [  916] - {Data Fields & Data Values Exist}
[INFO ][2016-01-29 15:02:22,698][com.java.SeleniumDriver] [  918] - --------------------------setting values-----------------------------
[INFO ][2016-01-29 15:02:22,698][com.java.SeleniumDriver] [  921] - Action Type : CLICK
[INFO ][2016-01-29 15:02:22,698][com.java.TestType] [ 6856] - Field ::XPH//div[@id='ChkBxLstProfitCenter']/input[1]
[INFO ][2016-01-29 15:02:22,698][com.java.TestType] [ 6477] - value = 
[INFO ][2016-01-29 15:02:23,698][com.java.TestType] [ 7029] - BEFORE CLICK
[INFO ][2016-01-29 15:02:24,498][com.java.TestType] [ 7037] - Unable to click the object Profit Centers>>Consolidated check box
[INFO ][2016-01-29 15:02:24,498][com.java.SeleniumDriver] [  930] -  RESULT true
[INFO ][2016-01-29 15:02:24,498][com.java.SeleniumDriver] [ 1136] - ?   P A S S   ?
[INFO ][2016-01-29 15:02:24,498][com.java.SeleniumDriver] [  856] - ------------------------------------------
[INFO ][2016-01-29 15:02:24,498][com.java.SeleniumDriver] [  857] - Test case being Executed: 21
[INFO ][2016-01-29 15:02:24,498][com.java.SeleniumDriver] [  869] - Test step:21
[INFO ][2016-01-29 15:02:24,498][com.java.SeleniumDriver] [  881] - Datavalue is----------index:2
[INFO ][2016-01-29 15:02:24,498][com.java.SeleniumDriver] [  905] - DataField : COBddlDate
[INFO ][2016-01-29 15:02:24,498][com.java.SeleniumDriver] [  907] - DataValue : index:2
[INFO ][2016-01-29 15:02:24,498][com.java.SeleniumDriver] [  913] - <In Set values of the page>
[INFO ][2016-01-29 15:02:24,498][com.java.SeleniumDriver] [  916] - {Data Fields & Data Values Exist}
[INFO ][2016-01-29 15:02:24,498][com.java.SeleniumDriver] [  918] - --------------------------setting values-----------------------------
[INFO ][2016-01-29 15:02:24,498][com.java.SeleniumDriver] [  921] - Action Type : SELECT
[INFO ][2016-01-29 15:02:24,498][com.java.TestType] [ 6477] - value = 2
[INFO ][2016-01-29 15:02:25,610][com.java.TestType] [ 6595] -  In COB ddlDate : 2
[INFO ][2016-01-29 15:02:25,990][com.java.SeleniumDriver] [  930] -  RESULT true
[INFO ][2016-01-29 15:02:25,990][com.java.SeleniumDriver] [ 1136] - ?   P A S S   ?
[INFO ][2016-01-29 15:02:25,990][com.java.SeleniumDriver] [  856] - ------------------------------------------
[INFO ][2016-01-29 15:02:25,990][com.java.SeleniumDriver] [  857] - Test case being Executed: 21
[INFO ][2016-01-29 15:02:25,990][com.java.SeleniumDriver] [  869] - Test step:22
[INFO ][2016-01-29 15:02:25,990][com.java.SeleniumDriver] [  881] - Datavalue is----------null
[DEBUG][2016-01-29 15:02:25,990][com.java.SeleniumDriver] [  899] - Exception: null
[INFO ][2016-01-29 15:02:25,990][com.java.SeleniumDriver] [  905] - DataField : BTNrdoPDF
[INFO ][2016-01-29 15:02:25,990][com.java.SeleniumDriver] [  907] - DataValue : 
[INFO ][2016-01-29 15:02:25,990][com.java.SeleniumDriver] [  913] - <In Set values of the page>
[INFO ][2016-01-29 15:02:25,990][com.java.SeleniumDriver] [  916] - {Data Fields & Data Values Exist}
[INFO ][2016-01-29 15:02:25,990][com.java.SeleniumDriver] [  918] - --------------------------setting values-----------------------------
[INFO ][2016-01-29 15:02:25,990][com.java.SeleniumDriver] [  921] - Action Type : CLICK
[INFO ][2016-01-29 15:02:25,990][com.java.TestType] [ 6856] - Field ::BTNrdoPDF
[INFO ][2016-01-29 15:02:25,990][com.java.TestType] [ 6477] - value = 
[INFO ][2016-01-29 15:02:26,992][com.java.TestType] [ 7008] - BEFORE CLICK
[INFO ][2016-01-29 15:02:28,173][com.java.TestType] [ 7015] - Unable to click the object E-Mail radio button
[INFO ][2016-01-29 15:02:28,173][com.java.SeleniumDriver] [  930] -  RESULT true
[INFO ][2016-01-29 15:02:28,173][com.java.SeleniumDriver] [ 1136] - ?   P A S S   ?
[INFO ][2016-01-29 15:02:28,173][com.java.SeleniumDriver] [  856] - ------------------------------------------
[INFO ][2016-01-29 15:02:28,173][com.java.SeleniumDriver] [  857] - Test case being Executed: 21
[INFO ][2016-01-29 15:02:28,173][com.java.SeleniumDriver] [  869] - Test step:23
[INFO ][2016-01-29 15:02:28,173][com.java.SeleniumDriver] [  881] - Datavalue is----------null
[DEBUG][2016-01-29 15:02:28,173][com.java.SeleniumDriver] [  899] - Exception: null
[INFO ][2016-01-29 15:02:28,173][com.java.SeleniumDriver] [  905] - DataField : BTNparent
[INFO ][2016-01-29 15:02:28,173][com.java.SeleniumDriver] [  907] - DataValue : 
[INFO ][2016-01-29 15:02:28,173][com.java.SeleniumDriver] [  913] - <In Set values of the page>
[INFO ][2016-01-29 15:02:28,173][com.java.SeleniumDriver] [  916] - {Data Fields & Data Values Exist}
[INFO ][2016-01-29 15:02:28,173][com.java.SeleniumDriver] [  918] - --------------------------setting values-----------------------------
[INFO ][2016-01-29 15:02:28,173][com.java.SeleniumDriver] [  921] - Action Type : SELECTFRAME
[INFO ][2016-01-29 15:02:28,183][com.java.SeleniumDriver] [  930] -  RESULT true
[INFO ][2016-01-29 15:02:28,183][com.java.SeleniumDriver] [ 1136] - ?   P A S S   ?
[INFO ][2016-01-29 15:02:28,183][com.java.SeleniumDriver] [  856] - ------------------------------------------
[INFO ][2016-01-29 15:02:28,183][com.java.SeleniumDriver] [  857] - Test case being Executed: 21
[INFO ][2016-01-29 15:02:28,183][com.java.SeleniumDriver] [  869] - Test step:24
[INFO ][2016-01-29 15:02:28,183][com.java.SeleniumDriver] [  881] - Datavalue is----------null
[DEBUG][2016-01-29 15:02:28,183][com.java.SeleniumDriver] [  899] - Exception: null
[INFO ][2016-01-29 15:02:28,183][com.java.SeleniumDriver] [  905] - DataField : XPH//span[contains(text(),'Run Package')]
[INFO ][2016-01-29 15:02:28,183][com.java.SeleniumDriver] [  907] - DataValue : 
[INFO ][2016-01-29 15:02:28,183][com.java.SeleniumDriver] [  913] - <In Set values of the page>
[INFO ][2016-01-29 15:02:28,183][com.java.SeleniumDriver] [  916] - {Data Fields & Data Values Exist}
[INFO ][2016-01-29 15:02:28,183][com.java.SeleniumDriver] [  918] - --------------------------setting values-----------------------------
[INFO ][2016-01-29 15:02:28,183][com.java.SeleniumDriver] [  921] - Action Type : CLICK
[INFO ][2016-01-29 15:02:28,183][com.java.TestType] [ 6856] - Field ::XPH//span[contains(text(),'Run Package')]
[INFO ][2016-01-29 15:02:28,183][com.java.TestType] [ 6477] - value = 
[INFO ][2016-01-29 15:02:29,183][com.java.TestType] [ 7029] - BEFORE CLICK
[INFO ][2016-01-29 15:02:30,813][com.java.TestType] [ 7037] - Unable to click the object Run Package Button
[INFO ][2016-01-29 15:02:30,813][com.java.SeleniumDriver] [  930] -  RESULT true
[INFO ][2016-01-29 15:02:30,813][com.java.SeleniumDriver] [ 1136] - ?   P A S S   ?
[INFO ][2016-01-29 15:02:30,813][com.java.SeleniumDriver] [  856] - ------------------------------------------
[INFO ][2016-01-29 15:02:30,813][com.java.SeleniumDriver] [  857] - Test case being Executed: 21
[INFO ][2016-01-29 15:02:30,813][com.java.SeleniumDriver] [  869] - Test step:25
[INFO ][2016-01-29 15:02:30,813][com.java.SeleniumDriver] [  881] - Datavalue is----------null
[DEBUG][2016-01-29 15:02:30,813][com.java.SeleniumDriver] [  899] - Exception: null
[INFO ][2016-01-29 15:02:30,813][com.java.SeleniumDriver] [  905] - DataField : BTNframeDialogContent
[INFO ][2016-01-29 15:02:30,813][com.java.SeleniumDriver] [  907] - DataValue : 
[INFO ][2016-01-29 15:02:30,813][com.java.SeleniumDriver] [  913] - <In Set values of the page>
[INFO ][2016-01-29 15:02:30,813][com.java.SeleniumDriver] [  916] - {Data Fields & Data Values Exist}
[INFO ][2016-01-29 15:02:30,813][com.java.SeleniumDriver] [  918] - --------------------------setting values-----------------------------
[INFO ][2016-01-29 15:02:30,813][com.java.SeleniumDriver] [  921] - Action Type : SELECTFRAME
[INFO ][2016-01-29 15:02:32,115][com.java.SeleniumDriver] [  930] -  RESULT true
[INFO ][2016-01-29 15:02:32,115][com.java.SeleniumDriver] [ 1136] - ?   P A S S   ?
[INFO ][2016-01-29 15:02:32,115][com.java.SeleniumDriver] [  856] - ------------------------------------------
[INFO ][2016-01-29 15:02:32,115][com.java.SeleniumDriver] [  857] - Test case being Executed: 21
[INFO ][2016-01-29 15:02:32,115][com.java.SeleniumDriver] [  869] - Test step:26
[INFO ][2016-01-29 15:02:32,115][com.java.SeleniumDriver] [  881] - Datavalue is----------Your report package is currently being processed and will be emailed to you shortly
[INFO ][2016-01-29 15:02:32,115][com.java.SeleniumDriver] [  905] - DataField : MSG
[INFO ][2016-01-29 15:02:32,115][com.java.SeleniumDriver] [  907] - DataValue : Your report package is currently being processed and will be emailed to you shortly
[INFO ][2016-01-29 15:02:32,115][com.java.SeleniumDriver] [  913] - <In Set values of the page>
[INFO ][2016-01-29 15:02:32,115][com.java.SeleniumDriver] [  916] - {Data Fields & Data Values Exist}
[INFO ][2016-01-29 15:02:32,115][com.java.SeleniumDriver] [  918] - --------------------------setting values-----------------------------
[INFO ][2016-01-29 15:02:32,115][com.java.SeleniumDriver] [  921] - Action Type : VERIFY
[INFO ][2016-01-29 15:02:32,115][com.java.TestType] [ 8077] - field= MSG value= Your report package is currently being processed and will be emailed to you shortly
[INFO ][2016-01-29 15:02:32,115][com.java.TestType] [ 6477] - value = Your report package is currently being processed and will be emailed to you shortly
[DEBUG][2016-01-29 15:02:32,115][com.java.TestType] [ 8905] - value :: Your report package is currently being processed and will be emailed to you shortly
[INFO ][2016-01-29 15:02:32,135][com.java.SeleniumDriver] [  930] -  RESULT true
[INFO ][2016-01-29 15:02:32,135][com.java.SeleniumDriver] [ 1136] - ?   P A S S   ?
[INFO ][2016-01-29 15:02:32,135][com.java.SeleniumDriver] [  856] - ------------------------------------------
[INFO ][2016-01-29 15:02:32,135][com.java.SeleniumDriver] [  857] - Test case being Executed: 21
[INFO ][2016-01-29 15:02:32,135][com.java.SeleniumDriver] [  869] - Test step:27
[INFO ][2016-01-29 15:02:32,135][com.java.SeleniumDriver] [  881] - Datavalue is----------You may now close this window and continue working
[INFO ][2016-01-29 15:02:32,135][com.java.SeleniumDriver] [  905] - DataField : MSG
[INFO ][2016-01-29 15:02:32,135][com.java.SeleniumDriver] [  907] - DataValue : You may now close this window and continue working
[INFO ][2016-01-29 15:02:32,135][com.java.SeleniumDriver] [  913] - <In Set values of the page>
[INFO ][2016-01-29 15:02:32,135][com.java.SeleniumDriver] [  916] - {Data Fields & Data Values Exist}
[INFO ][2016-01-29 15:02:32,135][com.java.SeleniumDriver] [  918] - --------------------------setting values-----------------------------
[INFO ][2016-01-29 15:02:32,135][com.java.SeleniumDriver] [  921] - Action Type : VERIFY
[INFO ][2016-01-29 15:02:32,135][com.java.TestType] [ 8077] - field= MSG value= You may now close this window and continue working
[INFO ][2016-01-29 15:02:32,135][com.java.TestType] [ 6477] - value = You may now close this window and continue working
[DEBUG][2016-01-29 15:02:32,135][com.java.TestType] [ 8905] - value :: You may now close this window and continue working
[INFO ][2016-01-29 15:02:32,155][com.java.SeleniumDriver] [  930] -  RESULT true
[INFO ][2016-01-29 15:02:32,155][com.java.SeleniumDriver] [ 1136] - ?   P A S S   ?
[INFO ][2016-01-29 15:02:32,155][com.java.SeleniumDriver] [  856] - ------------------------------------------
[INFO ][2016-01-29 15:02:32,155][com.java.SeleniumDriver] [  857] - Test case being Executed: 21
[INFO ][2016-01-29 15:02:32,155][com.java.SeleniumDriver] [  869] - Test step:28
[INFO ][2016-01-29 15:02:32,155][com.java.SeleniumDriver] [  881] - Datavalue is----------null
[DEBUG][2016-01-29 15:02:32,155][com.java.SeleniumDriver] [  899] - Exception: null
[INFO ][2016-01-29 15:02:32,155][com.java.SeleniumDriver] [  905] - DataField : BTNparent
[INFO ][2016-01-29 15:02:32,155][com.java.SeleniumDriver] [  907] - DataValue : 
[INFO ][2016-01-29 15:02:32,155][com.java.SeleniumDriver] [  913] - <In Set values of the page>
[INFO ][2016-01-29 15:02:32,155][com.java.SeleniumDriver] [  916] - {Data Fields & Data Values Exist}
[INFO ][2016-01-29 15:02:32,155][com.java.SeleniumDriver] [  918] - --------------------------setting values-----------------------------
[INFO ][2016-01-29 15:02:32,155][com.java.SeleniumDriver] [  921] - Action Type : SELECTFRAME
[INFO ][2016-01-29 15:02:32,175][com.java.SeleniumDriver] [  930] -  RESULT true
[INFO ][2016-01-29 15:02:32,175][com.java.SeleniumDriver] [ 1136] - ?   P A S S   ?
[INFO ][2016-01-29 15:02:32,175][com.java.SeleniumDriver] [  856] - ------------------------------------------
[INFO ][2016-01-29 15:02:32,175][com.java.SeleniumDriver] [  857] - Test case being Executed: 21
[INFO ][2016-01-29 15:02:32,175][com.java.SeleniumDriver] [  869] - Test step:29
[INFO ][2016-01-29 15:02:32,175][com.java.SeleniumDriver] [  881] - Datavalue is----------null
[DEBUG][2016-01-29 15:02:32,175][com.java.SeleniumDriver] [  899] - Exception: null
[INFO ][2016-01-29 15:02:32,175][com.java.SeleniumDriver] [  905] - DataField : XPH//button[@title='close']
[INFO ][2016-01-29 15:02:32,175][com.java.SeleniumDriver] [  907] - DataValue : 
[INFO ][2016-01-29 15:02:32,175][com.java.SeleniumDriver] [  913] - <In Set values of the page>
[INFO ][2016-01-29 15:02:32,175][com.java.SeleniumDriver] [  916] - {Data Fields & Data Values Exist}
[INFO ][2016-01-29 15:02:32,175][com.java.SeleniumDriver] [  918] - --------------------------setting values-----------------------------
[INFO ][2016-01-29 15:02:32,175][com.java.SeleniumDriver] [  921] - Action Type : CLICK
[INFO ][2016-01-29 15:02:32,175][com.java.TestType] [ 6856] - Field ::XPH//button[@title='close']
[INFO ][2016-01-29 15:02:32,175][com.java.TestType] [ 6477] - value = 
[INFO ][2016-01-29 15:02:33,178][com.java.TestType] [ 7029] - BEFORE CLICK
[INFO ][2016-01-29 15:02:34,148][com.java.TestType] [ 7037] - Unable to click the object Close button
[INFO ][2016-01-29 15:02:34,148][com.java.SeleniumDriver] [  930] -  RESULT true
[INFO ][2016-01-29 15:02:34,148][com.java.SeleniumDriver] [ 1136] - ?   P A S S   ?
[INFO ][2016-01-29 15:02:34,148][com.java.SeleniumDriver] [  856] - ------------------------------------------
[INFO ][2016-01-29 15:02:34,148][com.java.SeleniumDriver] [  857] - Test case being Executed: 21
[INFO ][2016-01-29 15:02:34,148][com.java.SeleniumDriver] [  869] - Test step:30
[INFO ][2016-01-29 15:02:34,148][com.java.SeleniumDriver] [  881] - Datavalue is----------null
[DEBUG][2016-01-29 15:02:34,148][com.java.SeleniumDriver] [  899] - Exception: null
[INFO ][2016-01-29 15:02:34,148][com.java.SeleniumDriver] [  905] - DataField : BTNcloseAllTabs
[INFO ][2016-01-29 15:02:34,148][com.java.SeleniumDriver] [  907] - DataValue : 
[INFO ][2016-01-29 15:02:34,148][com.java.SeleniumDriver] [  913] - <In Set values of the page>
[INFO ][2016-01-29 15:02:34,148][com.java.SeleniumDriver] [  916] - {Data Fields & Data Values Exist}
[INFO ][2016-01-29 15:02:34,148][com.java.SeleniumDriver] [  918] - --------------------------setting values-----------------------------
[INFO ][2016-01-29 15:02:34,148][com.java.SeleniumDriver] [  921] - Action Type : CLICK
[INFO ][2016-01-29 15:02:34,148][com.java.TestType] [ 6856] - Field ::BTNcloseAllTabs
[INFO ][2016-01-29 15:02:34,148][com.java.TestType] [ 6477] - value = 
[INFO ][2016-01-29 15:02:35,149][com.java.TestType] [ 7008] - BEFORE CLICK
[INFO ][2016-01-29 15:02:36,735][com.java.TestType] [ 7015] - Unable to click the object Close all tabs button
[INFO ][2016-01-29 15:02:36,735][com.java.SeleniumDriver] [  930] -  RESULT true
[INFO ][2016-01-29 15:02:36,735][com.java.SeleniumDriver] [ 1136] - ?   P A S S   ?
[INFO ][2016-01-29 15:02:36,735][com.java.SeleniumDriver] [  856] - ------------------------------------------
[INFO ][2016-01-29 15:02:36,735][com.java.SeleniumDriver] [  857] - Test case being Executed: 21
[INFO ][2016-01-29 15:02:36,735][com.java.SeleniumDriver] [  869] - Test step:31
[INFO ][2016-01-29 15:02:36,735][com.java.SeleniumDriver] [  881] - Datavalue is----------3
[INFO ][2016-01-29 15:02:36,735][com.java.SeleniumDriver] [  905] - DataField : XPH//div[@id="reportTabs"]//li[@class="activeTab"]//a[@title="Start Page"]
[INFO ][2016-01-29 15:02:36,735][com.java.SeleniumDriver] [  907] - DataValue : 3
[INFO ][2016-01-29 15:02:36,735][com.java.SeleniumDriver] [  913] - <In Set values of the page>
[INFO ][2016-01-29 15:02:36,735][com.java.SeleniumDriver] [  916] - {Data Fields & Data Values Exist}
[INFO ][2016-01-29 15:02:36,735][com.java.SeleniumDriver] [  918] - --------------------------setting values-----------------------------
[INFO ][2016-01-29 15:02:36,735][com.java.SeleniumDriver] [  921] - Action Type : WAITFORELEMENT
[INFO ][2016-01-29 15:02:36,765][com.java.SeleniumDriver] [  930] -  RESULT true
[INFO ][2016-01-29 15:02:36,765][com.java.SeleniumDriver] [ 1136] - ?   P A S S   ?
[INFO ][2016-01-29 15:02:36,765][com.java.SeleniumDriver] [  856] - ------------------------------------------
[INFO ][2016-01-29 15:02:36,765][com.java.SeleniumDriver] [  857] - Test case being Executed: 21
[INFO ][2016-01-29 15:02:36,765][com.java.SeleniumDriver] [  869] - Test step:32
[INFO ][2016-01-29 15:02:36,765][com.java.SeleniumDriver] [  881] - Datavalue is----------//div[@id="reportTabs"]//li[@class="activeTab"]//a[@title="Start Page"]
[INFO ][2016-01-29 15:02:36,765][com.java.SeleniumDriver] [  905] - DataField : BTN
[INFO ][2016-01-29 15:02:36,765][com.java.SeleniumDriver] [  907] - DataValue : //div[@id="reportTabs"]//li[@class="activeTab"]//a[@title="Start Page"]
[INFO ][2016-01-29 15:02:36,765][com.java.SeleniumDriver] [  913] - <In Set values of the page>
[INFO ][2016-01-29 15:02:36,765][com.java.SeleniumDriver] [  916] - {Data Fields & Data Values Exist}
[INFO ][2016-01-29 15:02:36,765][com.java.SeleniumDriver] [  918] - --------------------------setting values-----------------------------
[INFO ][2016-01-29 15:02:36,765][com.java.SeleniumDriver] [  921] - Action Type : VERIFY
[INFO ][2016-01-29 15:02:36,765][com.java.TestType] [ 8077] - field= BTN value= //div[@id="reportTabs"]//li[@class="activeTab"]//a[@title="Start Page"]
[INFO ][2016-01-29 15:02:36,765][com.java.TestType] [ 6477] - value = //div[@id="reportTabs"]//li[@class="activeTab"]//a[@title="Start Page"]
[INFO ][2016-01-29 15:02:36,825][com.java.SeleniumDriver] [  930] -  RESULT true
[INFO ][2016-01-29 15:02:36,825][com.java.SeleniumDriver] [ 1136] - ?   P A S S   ?
[INFO ][2016-01-29 15:02:36,825][com.java.SeleniumDriver] [  856] - ------------------------------------------
[INFO ][2016-01-29 15:02:36,825][com.java.SeleniumDriver] [  857] - Test case being Executed: 21
[INFO ][2016-01-29 15:02:36,825][com.java.SeleniumDriver] [  869] - Test step:33
[INFO ][2016-01-29 15:02:36,825][com.java.SeleniumDriver] [  881] - Datavalue is----------Concept#8:1-17
[INFO ][2016-01-29 15:02:36,825][com.java.SeleniumDriver] [  905] - DataField : test
[INFO ][2016-01-29 15:02:36,825][com.java.SeleniumDriver] [  907] - DataValue : Concept#8:1-17
[INFO ][2016-01-29 15:02:36,825][com.java.SeleniumDriver] [  913] - <In Set values of the page>
[INFO ][2016-01-29 15:02:36,825][com.java.SeleniumDriver] [  916] - {Data Fields & Data Values Exist}
[INFO ][2016-01-29 15:02:36,825][com.java.SeleniumDriver] [  918] - --------------------------setting values-----------------------------
[INFO ][2016-01-29 15:02:36,825][com.java.SeleniumDriver] [  921] - Action Type : ExecuteTestCase
[INFO ][2016-01-29 15:02:36,825][com.java.TestType] [  445] - The Concept sheet name is ---------- Concept
[INFO ][2016-01-29 15:02:36,825][com.java.TestType] [  448] - The Concept ID  is ---------- 8
[DEBUG][2016-01-29 15:02:36,825][com.java.TestType] [  452] - Steps being executted in the Concept are: 1:17
[INFO ][2016-01-29 15:02:36,825][com.java.TestType] [  459] - Test data details path ---------- D:\BankersDashboard\TestInputs\TestData.xls
[INFO ][2016-01-29 15:02:36,855][com.java.TestType] [  490] -  str(1) = 8
[INFO ][2016-01-29 15:02:36,855][com.java.TestType] [  493] - Test case Id is---8
[INFO ][2016-01-29 15:02:36,855][com.java.TestType] [  495] - 8
[INFO ][2016-01-29 15:02:36,855][com.java.TestType] [  490] -  str(2) = 1
[INFO ][2016-01-29 15:02:36,855][com.java.TestType] [  490] -  str(1) = 8
[INFO ][2016-01-29 15:02:36,855][com.java.TestType] [  493] - Test case Id is---8
[INFO ][2016-01-29 15:02:36,855][com.java.TestType] [  495] - 8
[INFO ][2016-01-29 15:02:36,855][com.java.TestType] [  490] -  str(2) = 2
[INFO ][2016-01-29 15:02:36,855][com.java.TestType] [  490] -  str(1) = 8
[INFO ][2016-01-29 15:02:36,855][com.java.TestType] [  493] - Test case Id is---8
[INFO ][2016-01-29 15:02:36,855][com.java.TestType] [  495] - 8
[INFO ][2016-01-29 15:02:36,855][com.java.TestType] [  490] -  str(2) = 3
[INFO ][2016-01-29 15:02:36,855][com.java.TestType] [  490] -  str(1) = 8
[INFO ][2016-01-29 15:02:36,855][com.java.TestType] [  493] - Test case Id is---8
[INFO ][2016-01-29 15:02:36,855][com.java.TestType] [  495] - 8
[INFO ][2016-01-29 15:02:36,855][com.java.TestType] [  490] -  str(2) = 4
[INFO ][2016-01-29 15:02:36,855][com.java.TestType] [  490] -  str(1) = 8
[INFO ][2016-01-29 15:02:36,855][com.java.TestType] [  493] - Test case Id is---8
[INFO ][2016-01-29 15:02:36,865][com.java.TestType] [  495] - 8
[INFO ][2016-01-29 15:02:36,865][com.java.TestType] [  490] -  str(2) = 5
[INFO ][2016-01-29 15:02:36,865][com.java.TestType] [  490] -  str(1) = 8
[INFO ][2016-01-29 15:02:36,865][com.java.TestType] [  493] - Test case Id is---8
[INFO ][2016-01-29 15:02:36,865][com.java.TestType] [  495] - 8
[INFO ][2016-01-29 15:02:36,865][com.java.TestType] [  490] -  str(2) = 6
[INFO ][2016-01-29 15:02:36,865][com.java.TestType] [  490] -  str(1) = 8
[INFO ][2016-01-29 15:02:36,865][com.java.TestType] [  493] - Test case Id is---8
[INFO ][2016-01-29 15:02:36,865][com.java.TestType] [  495] - 8
[INFO ][2016-01-29 15:02:36,865][com.java.TestType] [  490] -  str(2) = 7
[INFO ][2016-01-29 15:02:36,865][com.java.TestType] [  490] -  str(1) = 8
[INFO ][2016-01-29 15:02:36,865][com.java.TestType] [  493] - Test case Id is---8
[INFO ][2016-01-29 15:02:36,865][com.java.TestType] [  495] - 8
[INFO ][2016-01-29 15:02:36,865][com.java.TestType] [  490] -  str(2) = 8
[INFO ][2016-01-29 15:02:36,865][com.java.TestType] [  490] -  str(1) = 8
[INFO ][2016-01-29 15:02:36,865][com.java.TestType] [  493] - Test case Id is---8
[INFO ][2016-01-29 15:02:36,865][com.java.TestType] [  495] - 8
[INFO ][2016-01-29 15:02:36,865][com.java.TestType] [  490] -  str(2) = 9
[INFO ][2016-01-29 15:02:36,865][com.java.TestType] [  490] -  str(1) = 8
[INFO ][2016-01-29 15:02:36,865][com.java.TestType] [  493] - Test case Id is---8
[INFO ][2016-01-29 15:02:36,865][com.java.TestType] [  495] - 8
[INFO ][2016-01-29 15:02:36,865][com.java.TestType] [  490] -  str(2) = 10
[INFO ][2016-01-29 15:02:36,865][com.java.TestType] [  490] -  str(1) = 8
[INFO ][2016-01-29 15:02:36,865][com.java.TestType] [  493] - Test case Id is---8
[INFO ][2016-01-29 15:02:36,865][com.java.TestType] [  495] - 8
[INFO ][2016-01-29 15:02:36,865][com.java.TestType] [  490] -  str(2) = 11
[INFO ][2016-01-29 15:02:36,865][com.java.TestType] [  490] -  str(1) = 8
[INFO ][2016-01-29 15:02:36,865][com.java.TestType] [  493] - Test case Id is---8
[INFO ][2016-01-29 15:02:36,865][com.java.TestType] [  495] - 8
[INFO ][2016-01-29 15:02:36,865][com.java.TestType] [  490] -  str(2) = 12
[INFO ][2016-01-29 15:02:36,865][com.java.TestType] [  490] -  str(1) = 8
[INFO ][2016-01-29 15:02:36,865][com.java.TestType] [  493] - Test case Id is---8
[INFO ][2016-01-29 15:02:36,865][com.java.TestType] [  495] - 8
[INFO ][2016-01-29 15:02:36,865][com.java.TestType] [  490] -  str(2) = 13
[INFO ][2016-01-29 15:02:36,865][com.java.TestType] [  490] -  str(1) = 8
[INFO ][2016-01-29 15:02:36,865][com.java.TestType] [  493] - Test case Id is---8
[INFO ][2016-01-29 15:02:36,865][com.java.TestType] [  495] - 8
[INFO ][2016-01-29 15:02:36,865][com.java.TestType] [  490] -  str(2) = 14
[INFO ][2016-01-29 15:02:36,865][com.java.TestType] [  490] -  str(1) = 8
[INFO ][2016-01-29 15:02:36,865][com.java.TestType] [  493] - Test case Id is---8
[INFO ][2016-01-29 15:02:36,865][com.java.TestType] [  495] - 8
[INFO ][2016-01-29 15:02:36,865][com.java.TestType] [  490] -  str(2) = 15
[INFO ][2016-01-29 15:02:36,865][com.java.TestType] [  490] -  str(1) = 8
[INFO ][2016-01-29 15:02:36,865][com.java.TestType] [  493] - Test case Id is---8
[INFO ][2016-01-29 15:02:36,865][com.java.TestType] [  495] - 8
[INFO ][2016-01-29 15:02:36,865][com.java.TestType] [  490] -  str(2) = 16
[INFO ][2016-01-29 15:02:36,875][com.java.TestType] [  490] -  str(1) = 8
[INFO ][2016-01-29 15:02:36,875][com.java.TestType] [  493] - Test case Id is---8
[INFO ][2016-01-29 15:02:36,875][com.java.TestType] [  495] - 8
[INFO ][2016-01-29 15:02:36,875][com.java.TestType] [  490] -  str(2) = 17
[INFO ][2016-01-29 15:02:36,875][com.java.TestType] [  490] -  str(1) = 8
[INFO ][2016-01-29 15:02:36,875][com.java.TestType] [  493] - Test case Id is---8
[INFO ][2016-01-29 15:02:36,875][com.java.TestType] [  495] - 8
[INFO ][2016-01-29 15:02:36,875][com.java.TestType] [  490] -  str(2) = 18
[INFO ][2016-01-29 15:02:36,875][com.java.TestType] [11737] - Looping 1TCID = 8
[DEBUG][2016-01-29 15:02:36,875][com.java.TestType] [11778] - Concept ID:8 :: Step being Executed: 8::1
[ERROR][2016-01-29 15:02:36,875][com.java.TestType] [11811] - Exception: null
[INFO ][2016-01-29 15:02:36,875][com.java.TestType] [11816] - dataFields : BTNparent
[DEBUG][2016-01-29 15:02:36,875][com.java.TestType] [11822] - <In Set values of the page>
[DEBUG][2016-01-29 15:02:36,875][com.java.TestType] [11827] - {Data Fields & Data Values Exist}
[INFO ][2016-01-29 15:02:36,875][com.java.TestType] [11833] - --------------------------setting values-----------------------------
[INFO ][2016-01-29 15:02:36,875][com.java.TestType] [11836] - Action Type : SELECTFRAME
[INFO ][2016-01-29 15:02:36,885][com.java.TestType] [11855] -  RESULT true
[INFO ][2016-01-29 15:02:36,885][com.java.TestType] [11972] - ?   P A S S   ?
[DEBUG][2016-01-29 15:02:36,885][com.java.TestType] [11778] - Concept ID:8 :: Step being Executed: 8::2
[INFO ][2016-01-29 15:02:36,885][com.java.TestType] [11816] - dataFields : test
[DEBUG][2016-01-29 15:02:36,885][com.java.TestType] [11822] - <In Set values of the page>
[DEBUG][2016-01-29 15:02:36,885][com.java.TestType] [11827] - {Data Fields & Data Values Exist}
[INFO ][2016-01-29 15:02:36,885][com.java.TestType] [11833] - --------------------------setting values-----------------------------
[INFO ][2016-01-29 15:02:36,885][com.java.TestType] [11836] - Action Type : OPENURL
[INFO ][2016-01-29 15:02:36,885][com.java.TestType] [ 6477] - value = https://clients-xuat.bankersdashboard.com
[INFO ][2016-01-29 15:02:36,885][com.java.TestType] [  361] - Open URL : https://clients-xuat.bankersdashboard.com
[INFO ][2016-01-29 15:02:39,821][com.java.TestType] [11855] -  RESULT true
[INFO ][2016-01-29 15:02:39,821][com.java.TestType] [11972] - ?   P A S S   ?
[DEBUG][2016-01-29 15:02:39,821][com.java.TestType] [11778] - Concept ID:8 :: Step being Executed: 8::3
[ERROR][2016-01-29 15:02:39,821][com.java.TestType] [11811] - Exception: null
[INFO ][2016-01-29 15:02:39,821][com.java.TestType] [11816] - dataFields : //span[@class='icon-cog2']&&//ul[@id='Settings']/li/a&&//ul[@id='Customize']/li/a
[DEBUG][2016-01-29 15:02:39,821][com.java.TestType] [11822] - <In Set values of the page>
[DEBUG][2016-01-29 15:02:39,821][com.java.TestType] [11827] - {Data Fields & Data Values Exist}
[INFO ][2016-01-29 15:02:39,821][com.java.TestType] [11833] - --------------------------setting values-----------------------------
[INFO ][2016-01-29 15:02:39,821][com.java.TestType] [11836] - Action Type : MOUSEOVER
[INFO ][2016-01-29 15:03:24,777][com.java.TestType] [11855] -  RESULT true
[INFO ][2016-01-29 15:03:24,777][com.java.TestType] [11972] - ?   P A S S   ?
[DEBUG][2016-01-29 15:03:24,777][com.java.TestType] [11778] - Concept ID:8 :: Step being Executed: 8::4
[INFO ][2016-01-29 15:03:24,777][com.java.TestType] [11816] - dataFields : XPH//span[@class='ui-dialog-title']
[DEBUG][2016-01-29 15:03:24,777][com.java.TestType] [11822] - <In Set values of the page>
[DEBUG][2016-01-29 15:03:24,777][com.java.TestType] [11827] - {Data Fields & Data Values Exist}
[INFO ][2016-01-29 15:03:24,777][com.java.TestType] [11833] - --------------------------setting values-----------------------------
[INFO ][2016-01-29 15:03:24,777][com.java.TestType] [11836] - Action Type : Verify
[INFO ][2016-01-29 15:03:24,777][com.java.TestType] [ 8077] - field= XPH//span[@class='ui-dialog-title'] value= My Dashboard Indicators
[INFO ][2016-01-29 15:03:24,777][com.java.TestType] [ 6477] - value = My Dashboard Indicators
[INFO ][2016-01-29 15:03:24,918][com.java.TestType] [11855] -  RESULT true
[INFO ][2016-01-29 15:03:24,918][com.java.TestType] [11972] - ?   P A S S   ?
[DEBUG][2016-01-29 15:03:24,918][com.java.TestType] [11778] - Concept ID:8 :: Step being Executed: 8::5
[ERROR][2016-01-29 15:03:24,918][com.java.TestType] [11811] - Exception: null
[INFO ][2016-01-29 15:03:24,918][com.java.TestType] [11816] - dataFields : BTNframeDialogContent
[DEBUG][2016-01-29 15:03:24,918][com.java.TestType] [11822] - <In Set values of the page>
[DEBUG][2016-01-29 15:03:24,918][com.java.TestType] [11827] - {Data Fields & Data Values Exist}
[INFO ][2016-01-29 15:03:24,918][com.java.TestType] [11833] - --------------------------setting values-----------------------------
[INFO ][2016-01-29 15:03:24,918][com.java.TestType] [11836] - Action Type : selectframe
[INFO ][2016-01-29 15:03:26,209][com.java.TestType] [11855] -  RESULT true
[INFO ][2016-01-29 15:03:26,209][com.java.TestType] [11972] - ?   P A S S   ?
[DEBUG][2016-01-29 15:03:26,209][com.java.TestType] [11778] - Concept ID:8 :: Step being Executed: 8::6
[INFO ][2016-01-29 15:03:26,209][com.java.TestType] [11816] - dataFields : HDC//td[contains(text(),'mytext')]
[DEBUG][2016-01-29 15:03:26,209][com.java.TestType] [11822] - <In Set values of the page>
[DEBUG][2016-01-29 15:03:26,209][com.java.TestType] [11827] - {Data Fields & Data Values Exist}
[INFO ][2016-01-29 15:03:26,209][com.java.TestType] [11833] - --------------------------setting values-----------------------------
[INFO ][2016-01-29 15:03:26,209][com.java.TestType] [11836] - Action Type : CLICK
[INFO ][2016-01-29 15:03:26,209][com.java.TestType] [ 6856] - Field ::HDC//td[contains(text(),'mytext')]
[INFO ][2016-01-29 15:03:26,209][com.java.TestType] [ 6477] - value = #_keys
[ERROR][2016-01-29 15:03:27,249][com.java.TestType] [ 7237] - Exception in MNC click: null
[INFO ][2016-01-29 15:03:27,249][com.java.TestType] [11855] -  RESULT false
[INFO ][2016-01-29 15:03:27,249][com.java.TestType] [11893] - ?   F A I L   ?
[DEBUG][2016-01-29 15:03:27,249][com.java.TestType] [11896] - Browser Type : IE10
[DEBUG][2016-01-29 15:03:27,249][com.java.TestType] [11778] - Concept ID:8 :: Step being Executed: 8::8
[INFO ][2016-01-29 15:03:27,249][com.java.TestType] [11816] - dataFields : RCC//td[contains(text(),'mytext')]/following-sibling::td[7]//span[@class="glyphicon glyphicon-remove"]
[DEBUG][2016-01-29 15:03:27,249][com.java.TestType] [11822] - <In Set values of the page>
[DEBUG][2016-01-29 15:03:27,249][com.java.TestType] [11827] - {Data Fields & Data Values Exist}
[INFO ][2016-01-29 15:03:27,249][com.java.TestType] [11833] - --------------------------setting values-----------------------------
[INFO ][2016-01-29 15:03:27,250][com.java.TestType] [11836] - Action Type : CLICKWITHALERT
[ERROR][2016-01-29 15:03:27,250][com.java.TestType] [ 1880] - Exception in RCC click: null
[INFO ][2016-01-29 15:03:27,250][com.java.TestType] [11855] -  RESULT false
[INFO ][2016-01-29 15:03:27,250][com.java.TestType] [11893] - ?   F A I L   ?
[DEBUG][2016-01-29 15:03:27,250][com.java.TestType] [11896] - Browser Type : IE10
[INFO ][2016-01-29 15:03:27,250][com.java.TestType] [12043] - Looping End......
[INFO ][2016-01-29 15:03:27,250][com.java.SeleniumDriver] [  930] -  RESULT true
[INFO ][2016-01-29 15:03:27,250][com.java.SeleniumDriver] [ 1136] - ?   P A S S   ?
[INFO ][2016-01-29 15:03:27,250][com.java.SeleniumDriver] [  856] - ------------------------------------------
[INFO ][2016-01-29 15:03:27,250][com.java.SeleniumDriver] [  857] - Test case being Executed: 21
[INFO ][2016-01-29 15:03:27,250][com.java.SeleniumDriver] [  869] - Test step:34
[INFO ][2016-01-29 15:03:27,250][com.java.SeleniumDriver] [  881] - Datavalue is----------Concept#9:1-19
[INFO ][2016-01-29 15:03:27,250][com.java.SeleniumDriver] [  905] - DataField : test
[INFO ][2016-01-29 15:03:27,250][com.java.SeleniumDriver] [  907] - DataValue : Concept#9:1-19
[INFO ][2016-01-29 15:03:27,250][com.java.SeleniumDriver] [  913] - <In Set values of the page>
[INFO ][2016-01-29 15:03:27,250][com.java.SeleniumDriver] [  916] - {Data Fields & Data Values Exist}
[INFO ][2016-01-29 15:03:27,250][com.java.SeleniumDriver] [  918] - --------------------------setting values-----------------------------
[INFO ][2016-01-29 15:03:27,250][com.java.SeleniumDriver] [  921] - Action Type : ExecuteTestCase
[INFO ][2016-01-29 15:03:27,250][com.java.TestType] [  445] - The Concept sheet name is ---------- Concept
[INFO ][2016-01-29 15:03:27,250][com.java.TestType] [  448] - The Concept ID  is ---------- 9
[DEBUG][2016-01-29 15:03:27,250][com.java.TestType] [  452] - Steps being executted in the Concept are: 1:19
[INFO ][2016-01-29 15:03:27,250][com.java.TestType] [  459] - Test data details path ---------- D:\BankersDashboard\TestInputs\TestData.xls
[INFO ][2016-01-29 15:03:27,300][com.java.TestType] [  490] -  str(1) = 9
[INFO ][2016-01-29 15:03:27,300][com.java.TestType] [  493] - Test case Id is---9
[INFO ][2016-01-29 15:03:27,300][com.java.TestType] [  495] - 9
[INFO ][2016-01-29 15:03:27,300][com.java.TestType] [  490] -  str(2) = 1
[INFO ][2016-01-29 15:03:27,300][com.java.TestType] [  490] -  str(1) = 9
[INFO ][2016-01-29 15:03:27,300][com.java.TestType] [  493] - Test case Id is---9
[INFO ][2016-01-29 15:03:27,300][com.java.TestType] [  495] - 9
[INFO ][2016-01-29 15:03:27,300][com.java.TestType] [  490] -  str(2) = 2
[INFO ][2016-01-29 15:03:27,300][com.java.TestType] [  490] -  str(1) = 9
[INFO ][2016-01-29 15:03:27,300][com.java.TestType] [  493] - Test case Id is---9
[INFO ][2016-01-29 15:03:27,300][com.java.TestType] [  495] - 9
[INFO ][2016-01-29 15:03:27,300][com.java.TestType] [  490] -  str(2) = 3
[INFO ][2016-01-29 15:03:27,300][com.java.TestType] [  490] -  str(1) = 9
[INFO ][2016-01-29 15:03:27,300][com.java.TestType] [  493] - Test case Id is---9
[INFO ][2016-01-29 15:03:27,300][com.java.TestType] [  495] - 9
[INFO ][2016-01-29 15:03:27,300][com.java.TestType] [  490] -  str(2) = 4
[INFO ][2016-01-29 15:03:27,300][com.java.TestType] [  490] -  str(1) = 9
[INFO ][2016-01-29 15:03:27,300][com.java.TestType] [  493] - Test case Id is---9
[INFO ][2016-01-29 15:03:27,300][com.java.TestType] [  495] - 9
[INFO ][2016-01-29 15:03:27,300][com.java.TestType] [  490] -  str(2) = 5
[INFO ][2016-01-29 15:03:27,300][com.java.TestType] [  490] -  str(1) = 9
[INFO ][2016-01-29 15:03:27,300][com.java.TestType] [  493] - Test case Id is---9
[INFO ][2016-01-29 15:03:27,300][com.java.TestType] [  495] - 9
[INFO ][2016-01-29 15:03:27,300][com.java.TestType] [  490] -  str(2) = 6
[INFO ][2016-01-29 15:03:27,300][com.java.TestType] [  490] -  str(1) = 9
[INFO ][2016-01-29 15:03:27,300][com.java.TestType] [  493] - Test case Id is---9
[INFO ][2016-01-29 15:03:27,300][com.java.TestType] [  495] - 9
[INFO ][2016-01-29 15:03:27,300][com.java.TestType] [  490] -  str(2) = 7
[INFO ][2016-01-29 15:03:27,300][com.java.TestType] [  490] -  str(1) = 9
[INFO ][2016-01-29 15:03:27,300][com.java.TestType] [  493] - Test case Id is---9
[INFO ][2016-01-29 15:03:27,300][com.java.TestType] [  495] - 9
[INFO ][2016-01-29 15:03:27,300][com.java.TestType] [  490] -  str(2) = 8
[INFO ][2016-01-29 15:03:27,300][com.java.TestType] [  490] -  str(1) = 9
[INFO ][2016-01-29 15:03:27,310][com.java.TestType] [  493] - Test case Id is---9
[INFO ][2016-01-29 15:03:27,310][com.java.TestType] [  495] - 9
[INFO ][2016-01-29 15:03:27,310][com.java.TestType] [  490] -  str(2) = 9
[INFO ][2016-01-29 15:03:27,310][com.java.TestType] [  490] -  str(1) = 9
[INFO ][2016-01-29 15:03:27,310][com.java.TestType] [  493] - Test case Id is---9
[INFO ][2016-01-29 15:03:27,310][com.java.TestType] [  495] - 9
[INFO ][2016-01-29 15:03:27,310][com.java.TestType] [  490] -  str(2) = 10
[INFO ][2016-01-29 15:03:27,310][com.java.TestType] [  490] -  str(1) = 9
[INFO ][2016-01-29 15:03:27,310][com.java.TestType] [  493] - Test case Id is---9
[INFO ][2016-01-29 15:03:27,310][com.java.TestType] [  495] - 9
[INFO ][2016-01-29 15:03:27,310][com.java.TestType] [  490] -  str(2) = 11
[INFO ][2016-01-29 15:03:27,310][com.java.TestType] [  490] -  str(1) = 9
[INFO ][2016-01-29 15:03:27,310][com.java.TestType] [  493] - Test case Id is---9
[INFO ][2016-01-29 15:03:27,310][com.java.TestType] [  495] - 9
[INFO ][2016-01-29 15:03:27,310][com.java.TestType] [  490] -  str(2) = 12
[INFO ][2016-01-29 15:03:27,310][com.java.TestType] [  490] -  str(1) = 9
[INFO ][2016-01-29 15:03:27,310][com.java.TestType] [  493] - Test case Id is---9
[INFO ][2016-01-29 15:03:27,310][com.java.TestType] [  495] - 9
[INFO ][2016-01-29 15:03:27,310][com.java.TestType] [  490] -  str(2) = 13
[INFO ][2016-01-29 15:03:27,310][com.java.TestType] [  490] -  str(1) = 9
[INFO ][2016-01-29 15:03:27,310][com.java.TestType] [  493] - Test case Id is---9
[INFO ][2016-01-29 15:03:27,310][com.java.TestType] [  495] - 9
[INFO ][2016-01-29 15:03:27,310][com.java.TestType] [  490] -  str(2) = 14
[INFO ][2016-01-29 15:03:27,310][com.java.TestType] [  490] -  str(1) = 9
[INFO ][2016-01-29 15:03:27,310][com.java.TestType] [  493] - Test case Id is---9
[INFO ][2016-01-29 15:03:27,310][com.java.TestType] [  495] - 9
[INFO ][2016-01-29 15:03:27,310][com.java.TestType] [  490] -  str(2) = 15
[INFO ][2016-01-29 15:03:27,310][com.java.TestType] [  490] -  str(1) = 9
[INFO ][2016-01-29 15:03:27,310][com.java.TestType] [  493] - Test case Id is---9
[INFO ][2016-01-29 15:03:27,310][com.java.TestType] [  495] - 9
[INFO ][2016-01-29 15:03:27,310][com.java.TestType] [  490] -  str(2) = 16
[INFO ][2016-01-29 15:03:27,310][com.java.TestType] [  490] -  str(1) = 9
[INFO ][2016-01-29 15:03:27,310][com.java.TestType] [  493] - Test case Id is---9
[INFO ][2016-01-29 15:03:27,310][com.java.TestType] [  495] - 9
[INFO ][2016-01-29 15:03:27,310][com.java.TestType] [  490] -  str(2) = 17
[INFO ][2016-01-29 15:03:27,310][com.java.TestType] [  490] -  str(1) = 9
[INFO ][2016-01-29 15:03:27,310][com.java.TestType] [  493] - Test case Id is---9
[INFO ][2016-01-29 15:03:27,310][com.java.TestType] [  495] - 9
[INFO ][2016-01-29 15:03:27,310][com.java.TestType] [  490] -  str(2) = 18
[INFO ][2016-01-29 15:03:27,310][com.java.TestType] [  490] -  str(1) = 9
[INFO ][2016-01-29 15:03:27,310][com.java.TestType] [  493] - Test case Id is---9
[INFO ][2016-01-29 15:03:27,310][com.java.TestType] [  495] - 9
[INFO ][2016-01-29 15:03:27,310][com.java.TestType] [  490] -  str(2) = 19
[INFO ][2016-01-29 15:03:27,310][com.java.TestType] [11737] - Looping 1TCID = 9
[DEBUG][2016-01-29 15:03:27,310][com.java.TestType] [11778] - Concept ID:9 :: Step being Executed: 9::1
[ERROR][2016-01-29 15:03:27,310][com.java.TestType] [11811] - Exception: null
[INFO ][2016-01-29 15:03:27,320][com.java.TestType] [11816] - dataFields : BTNparent
[DEBUG][2016-01-29 15:03:27,320][com.java.TestType] [11822] - <In Set values of the page>
[DEBUG][2016-01-29 15:03:27,320][com.java.TestType] [11827] - {Data Fields & Data Values Exist}
[INFO ][2016-01-29 15:03:27,320][com.java.TestType] [11833] - --------------------------setting values-----------------------------
[INFO ][2016-01-29 15:03:27,320][com.java.TestType] [11836] - Action Type : SELECTFRAME
[INFO ][2016-01-29 15:03:27,330][com.java.TestType] [11855] -  RESULT true
[INFO ][2016-01-29 15:03:27,330][com.java.TestType] [11972] - ?   P A S S   ?
[DEBUG][2016-01-29 15:03:27,330][com.java.TestType] [11778] - Concept ID:9 :: Step being Executed: 9::2
[INFO ][2016-01-29 15:03:27,330][com.java.TestType] [11816] - dataFields : test
[DEBUG][2016-01-29 15:03:27,330][com.java.TestType] [11822] - <In Set values of the page>
[DEBUG][2016-01-29 15:03:27,330][com.java.TestType] [11827] - {Data Fields & Data Values Exist}
[INFO ][2016-01-29 15:03:27,330][com.java.TestType] [11833] - --------------------------setting values-----------------------------
[INFO ][2016-01-29 15:03:27,330][com.java.TestType] [11836] - Action Type : OPENURL
[INFO ][2016-01-29 15:03:27,330][com.java.TestType] [ 6477] - value = https://clients-xuat.bankersdashboard.com
[INFO ][2016-01-29 15:03:27,330][com.java.TestType] [  361] - Open URL : https://clients-xuat.bankersdashboard.com
[INFO ][2016-01-29 15:03:29,854][com.java.TestType] [11855] -  RESULT true
[INFO ][2016-01-29 15:03:29,854][com.java.TestType] [11972] - ?   P A S S   ?
[DEBUG][2016-01-29 15:03:29,854][com.java.TestType] [11778] - Concept ID:9 :: Step being Executed: 9::3
[ERROR][2016-01-29 15:03:29,854][com.java.TestType] [11811] - Exception: null
[INFO ][2016-01-29 15:03:29,854][com.java.TestType] [11816] - dataFields : //span[@class='icon-hammer']&&//a[text()='Custom Calculations']
[DEBUG][2016-01-29 15:03:29,854][com.java.TestType] [11822] - <In Set values of the page>
[DEBUG][2016-01-29 15:03:29,854][com.java.TestType] [11827] - {Data Fields & Data Values Exist}
[INFO ][2016-01-29 15:03:29,854][com.java.TestType] [11833] - --------------------------setting values-----------------------------
[INFO ][2016-01-29 15:03:29,854][com.java.TestType] [11836] - Action Type : MOUSEOVER
[INFO ][2016-01-29 15:03:54,513][com.java.TestType] [11855] -  RESULT true
[INFO ][2016-01-29 15:03:54,513][com.java.TestType] [11972] - ?   P A S S   ?
[DEBUG][2016-01-29 15:03:54,513][com.java.TestType] [11778] - Concept ID:9 :: Step being Executed: 9::4
[INFO ][2016-01-29 15:03:54,513][com.java.TestType] [11816] - dataFields : BTN//iframe[@class='frameTabContent']
[DEBUG][2016-01-29 15:03:54,513][com.java.TestType] [11822] - <In Set values of the page>
[DEBUG][2016-01-29 15:03:54,513][com.java.TestType] [11827] - {Data Fields & Data Values Exist}
[INFO ][2016-01-29 15:03:54,513][com.java.TestType] [11833] - --------------------------setting values-----------------------------
[INFO ][2016-01-29 15:03:54,513][com.java.TestType] [11836] - Action Type : waitforelement
[INFO ][2016-01-29 15:03:54,543][com.java.TestType] [11855] -  RESULT true
[INFO ][2016-01-29 15:03:54,543][com.java.TestType] [11972] - ?   P A S S   ?
[DEBUG][2016-01-29 15:03:54,543][com.java.TestType] [11778] - Concept ID:9 :: Step being Executed: 9::5
[ERROR][2016-01-29 15:03:54,543][com.java.TestType] [11811] - Exception: null
[INFO ][2016-01-29 15:03:54,543][com.java.TestType] [11816] - dataFields : BTN//iframe[@class='frameTabContent']
[DEBUG][2016-01-29 15:03:54,543][com.java.TestType] [11822] - <In Set values of the page>
[DEBUG][2016-01-29 15:03:54,543][com.java.TestType] [11827] - {Data Fields & Data Values Exist}
[INFO ][2016-01-29 15:03:54,543][com.java.TestType] [11833] - --------------------------setting values-----------------------------
[INFO ][2016-01-29 15:03:54,543][com.java.TestType] [11836] - Action Type : SELECTFRAME
[INFO ][2016-01-29 15:03:54,623][com.java.TestType] [11855] -  RESULT true
[INFO ][2016-01-29 15:03:54,623][com.java.TestType] [11972] - ?   P A S S   ?
[DEBUG][2016-01-29 15:03:54,623][com.java.TestType] [11778] - Concept ID:9 :: Step being Executed: 9::6
[INFO ][2016-01-29 15:03:54,623][com.java.TestType] [11816] - dataFields : null
[DEBUG][2016-01-29 15:03:54,623][com.java.TestType] [11822] - <In Set values of the page>
[INFO ][2016-01-29 15:03:54,623][com.java.TestType] [11972] - ?   P A S S   ?
[DEBUG][2016-01-29 15:03:54,623][com.java.TestType] [11778] - Concept ID:9 :: Step being Executed: 9::7
[INFO ][2016-01-29 15:03:54,623][com.java.TestType] [11816] - dataFields : EDT//div[@class='dataTables_filter']/label/input
[DEBUG][2016-01-29 15:03:54,623][com.java.TestType] [11822] - <In Set values of the page>
[DEBUG][2016-01-29 15:03:54,623][com.java.TestType] [11827] - {Data Fields & Data Values Exist}
[INFO ][2016-01-29 15:03:54,623][com.java.TestType] [11833] - --------------------------setting values-----------------------------
[INFO ][2016-01-29 15:03:54,623][com.java.TestType] [11836] - Action Type : CLEARANDENTER
[INFO ][2016-01-29 15:03:54,723][com.java.TestType] [ 6477] - value = null
[INFO ][2016-01-29 15:03:54,843][com.java.TestType] [11855] -  RESULT true
[INFO ][2016-01-29 15:03:54,843][com.java.TestType] [11972] - ?   P A S S   ?
[DEBUG][2016-01-29 15:03:54,843][com.java.TestType] [11778] - Concept ID:9 :: Step being Executed: 9::8
[INFO ][2016-01-29 15:03:54,843][com.java.TestType] [11816] - dataFields : null
[DEBUG][2016-01-29 15:03:54,843][com.java.TestType] [11822] - <In Set values of the page>
[INFO ][2016-01-29 15:03:54,843][com.java.TestType] [11972] - ?   P A S S   ?
[DEBUG][2016-01-29 15:03:54,843][com.java.TestType] [11778] - Concept ID:9 :: Step being Executed: 9::9
[INFO ][2016-01-29 15:03:54,843][com.java.TestType] [11816] - dataFields : HDC//td[contains(text(),'mytext')]
[DEBUG][2016-01-29 15:03:54,843][com.java.TestType] [11822] - <In Set values of the page>
[DEBUG][2016-01-29 15:03:54,843][com.java.TestType] [11827] - {Data Fields & Data Values Exist}
[INFO ][2016-01-29 15:03:54,843][com.java.TestType] [11833] - --------------------------setting values-----------------------------
[INFO ][2016-01-29 15:03:54,843][com.java.TestType] [11836] - Action Type : CLICK
[INFO ][2016-01-29 15:03:54,843][com.java.TestType] [ 6856] - Field ::HDC//td[contains(text(),'mytext')]
[INFO ][2016-01-29 15:03:54,843][com.java.TestType] [ 6477] - value = #_keys
[ERROR][2016-01-29 15:03:55,883][com.java.TestType] [ 7237] - Exception in MNC click: null
[INFO ][2016-01-29 15:03:55,883][com.java.TestType] [11855] -  RESULT false
[INFO ][2016-01-29 15:03:55,883][com.java.TestType] [11893] - ?   F A I L   ?
[DEBUG][2016-01-29 15:03:55,883][com.java.TestType] [11896] - Browser Type : IE10
[INFO ][2016-01-29 15:03:55,893][com.java.SeleniumDriver] [  930] -  RESULT false
[INFO ][2016-01-29 15:03:55,893][com.java.SeleniumDriver] [  977] - ?   F A I L   ?
[INFO ][2016-01-29 15:03:55,893][com.java.SeleniumDriver] [  985] - Browser Type : IE10
[INFO ][2016-01-29 15:03:55,893][com.java.SeleniumDriver] [  986] - Adding Failed case21
[INFO ][2016-01-29 15:04:10,269][com.java.SeleniumDriver] [ 1100] - failedCases = 21
[ERROR][2016-01-29 15:04:10,269][com.java.SeleniumDriver] [ 1599] - Platform Errors : Our apologies...::We have encountered an issue with your request.::Our apologies?:We encountered an issue with your request.
[INFO ][2016-01-29 15:04:10,269][com.java.SeleniumDriver] [ 1603] - Length =3
[ERROR][2016-01-29 15:04:10,269][com.java.SeleniumDriver] [ 1606] - Error 0 = Our apologies...
[ERROR][2016-01-29 15:04:10,280][com.java.SeleniumDriver] [ 1606] - Error 1 = We have encountered an issue with your request.
[ERROR][2016-01-29 15:04:10,310][com.java.SeleniumDriver] [ 1606] - Error 2 = Our apologies?:We encountered an issue with your request.
[INFO ][2016-01-29 15:04:10,330][com.java.SeleniumDriver] [ 1617] - strError:
[DEBUG][2016-01-29 15:04:10,340][com.java.SeleniumDriver] [ 1248] - Case found
[DEBUG][2016-01-29 15:04:10,340][com.java.SeleniumDriver] [ 1253] - Incrementing ReportCounters[0]:2
[INFO ][2016-01-29 15:04:10,340][com.java.SeleniumDriver] [ 1272] - The results are-------------------[21, 34, Settings : User Settings : Encrypt Email PDF, Fail, 
Test case failed at Step No. :: 34   Error Message ::  In CONCEPT: Test case failed at Step No. :: 9   Error Message ::  Unable to click on the elemnt using MNC: null. Screen Shot : D:\BankersDashboard\TestReports\012916\21_012916_150355_IE10.png, Fri Jan 29 15:04:10 IST 2016]
[INFO ][2016-01-29 15:04:10,340][com.java.SeleniumDriver] [ 1276] - End time is-------4 min 23 sec
[INFO ][2016-01-29 15:04:10,340][com.java.SeleniumDriver] [ 1277] - The results are-------------------[21, 34, Settings : User Settings : Encrypt Email PDF, Fail, 
Test case failed at Step No. :: 34   Error Message ::  In CONCEPT: Test case failed at Step No. :: 9   Error Message ::  Unable to click on the elemnt using MNC: null. Screen Shot : D:\BankersDashboard\TestReports\012916\21_012916_150355_IE10.png, Fri Jan 29 15:04:10 IST 2016]
[DEBUG][2016-01-29 15:04:10,340][com.java.ImportnExport.ExportTestResultsExcel] [  222] - testResultPath = D:\BankersDashboard/TestReports/Test Results_BankersDashBoard_012916_145949_IE10_United Bank.xls
[DEBUG][2016-01-29 15:04:10,340][com.java.ImportnExport.ExportTestResultsExcel] [  223] - browser is------------IE10
[DEBUG][2016-01-29 15:04:10,340][com.java.ImportnExport.ExportTestResultsExcel] [  270] - result.size() = 6
[DEBUG][2016-01-29 15:04:10,340][com.java.ImportnExport.ExportTestResultsExcel] [  274] - No of rows in sheet=2
[DEBUG][2016-01-29 15:04:10,340][com.java.ImportnExport.ExportTestResultsExcel] [  301] - ..in export..21
[DEBUG][2016-01-29 15:04:10,340][com.java.ImportnExport.ExportTestResultsExcel] [  301] - ..in export..Settings : User Settings : Encrypt Email PDF
[DEBUG][2016-01-29 15:04:10,340][com.java.ImportnExport.ExportTestResultsExcel] [  301] - ..in export..Fail
[DEBUG][2016-01-29 15:04:10,340][com.java.ImportnExport.ExportTestResultsExcel] [  301] - ..in export..
Test case failed at Step No. :: 34   Error Message ::  In CONCEPT: Test case failed at Step No. :: 9   Error Message ::  Unable to click on the elemnt using MNC: null. Screen Shot : D:\BankersDashboard\TestReports\012916\21_012916_150355_IE10.png
[DEBUG][2016-01-29 15:04:10,340][com.java.ImportnExport.ExportTestResultsExcel] [  301] - ..in export..Fri Jan 29 15:04:10 IST 2016
[INFO ][2016-01-29 15:04:10,340][com.java.SeleniumDriver] [ 1337] - out loop:1 size:6 TestCases:[1, 21, 22, 23, 24, 25] testcases:[1, 21, 22, 23, 24, 25]
[INFO ][2016-01-29 15:04:10,340][com.java.ImportnExport.ImportTestDataDetailsExcel] [   49] - test data details path===== D:\BankersDashboard\TestInputs\TestData.xls
