[INFO ][2015-12-09 17:37:54,309][com.java.SeleniumDriver] [  213] - Execute Failed Casesfalse
[INFO ][2015-12-09 17:37:54,309][com.java.SeleniumDriver] [  214] - Browser: IE10
[INFO ][2015-12-09 17:37:54,309][com.java.SeleniumDriver] [  215] - [1, 2]
[INFO ][2015-12-09 17:37:54,309][com.java.SeleniumDriver] [  216] - Total TestCases:2
[INFO ][2015-12-09 17:37:54,309][com.java.SeleniumDriver] [  217] -  Reading Properties from Property File 
[DEBUG][2015-12-09 17:37:54,310][com.java.SeleniumDriver] [  238] - url : https://clients-xuat.bankersdashboard.com
[INFO ][2015-12-09 17:37:54,311][com.java.ImportnExport.ExportTestResultsExcel] [  116] - Time Stamp Wed Dec 09 05:37:54 IST 2015
[INFO ][2015-12-09 17:37:54,311][com.java.ImportnExport.ExportTestResultsExcel] [  175] - OUT FILE : D:\BankersDashboard/TestReports/Test Results_BankersDashBoard_120915_173754_IE10_CB&S Bank.xls
[INFO ][2015-12-09 17:37:54,339][com.java.ImportnExport.ExportTestResultsExcel] [  180] - Test Result file is created
[DEBUG][2015-12-09 17:37:54,433][com.java.SeleniumDriver] [  426] - Hub ip address is-------172.17.68.34
[INFO ][2015-12-09 17:37:54,434][com.java.SeleniumDriver] [  452] - Grid URL:http://172.17.68.34:4444/wd/hub
[INFO ][2015-12-09 17:37:54,434][com.java.SeleniumDriver] [  453] - Capability:Capabilities [{platform=ANY, ensureCleanSession=true, ignoreProtectedModeSettings=true, acceptSslCerts=true, ignoreZoomSetting=true, browserName=internet explorer, browserstack.ie.noFlash=true, version=null}]
[ERROR][2015-12-09 17:37:55,747][com.java.SeleniumDriver] [  497] - Unable invoke browser in grid:Could not start a new session. Possible causes are invalid address of the remote server or browser start-up failure.
Build info: version: '2.48.2', revision: '41bccdd', time: '2015-10-09 19:59:12'
System info: host: 'FVTIII438F1D', ip: '172.17.68.34', os.name: 'Windows 7', os.arch: 'x86', os.version: '6.1', java.version: '1.7.0_55'
Driver info: driver.version: SeleniumDriver
[INFO ][2015-12-09 17:37:55,747][com.java.SeleniumDriver] [  499] - Executing on local machine
[INFO ][2015-12-09 17:38:05,461][com.java.SeleniumDriver] [  248] - IE10is opened
[INFO ][2015-12-09 17:38:06,349][com.java.SeleniumDriver] [  754] - Test cases to be executed are: [1, 2]
[INFO ][2015-12-09 17:38:06,370][com.java.ImportnExport.ImportTestDataDetailsExcel] [   49] - test data details path===== D:\BankersDashboard\TestInputs\TestData.xls
[INFO ][2015-12-09 17:38:08,390][com.java.SeleniumDriver] [  821] - ------------------------------------------
[INFO ][2015-12-09 17:38:08,390][com.java.SeleniumDriver] [  822] - Test case being Executed: 1
[INFO ][2015-12-09 17:38:08,390][com.java.SeleniumDriver] [  833] - Test step:1
[INFO ][2015-12-09 17:38:08,391][com.java.SeleniumDriver] [  845] - Datavalue is----------Concept#1:1-14
[INFO ][2015-12-09 17:38:08,391][com.java.SeleniumDriver] [  869] - DataField : test
[INFO ][2015-12-09 17:38:08,391][com.java.SeleniumDriver] [  871] - DataValue : Concept#1:1-14
[INFO ][2015-12-09 17:38:08,391][com.java.SeleniumDriver] [  877] - <In Set values of the page>
[INFO ][2015-12-09 17:38:08,391][com.java.SeleniumDriver] [  880] - {Data Fields & Data Values Exist}
[INFO ][2015-12-09 17:38:08,391][com.java.SeleniumDriver] [  882] - --------------------------setting values-----------------------------
[INFO ][2015-12-09 17:38:08,391][com.java.SeleniumDriver] [  885] - Action Type : ExecuteTestCase
[INFO ][2015-12-09 17:38:08,410][com.java.TestType] [  436] - The Concept sheet name is ---------- Concept
[INFO ][2015-12-09 17:38:08,410][com.java.TestType] [  439] - The Concept ID  is ---------- 1
[DEBUG][2015-12-09 17:38:08,410][com.java.TestType] [  443] - Steps being executted in the Concept are: 1:14
[INFO ][2015-12-09 17:38:08,410][com.java.TestType] [  450] - Test data details path ---------- D:\BankersDashboard\TestInputs\TestData.xls
[INFO ][2015-12-09 17:38:08,996][com.java.TestType] [  481] -  str(1) = 1
[INFO ][2015-12-09 17:38:08,996][com.java.TestType] [  484] - Test case Id is---1
[INFO ][2015-12-09 17:38:08,997][com.java.TestType] [  486] - 1
[INFO ][2015-12-09 17:38:08,997][com.java.TestType] [  481] -  str(2) = 1
[INFO ][2015-12-09 17:38:08,999][com.java.TestType] [  533] - row values are--------{1=com.java.Objects.TestDataDetails@17fb05a}
[INFO ][2015-12-09 17:38:08,999][com.java.TestType] [  481] -  str(1) = 1
[INFO ][2015-12-09 17:38:08,999][com.java.TestType] [  484] - Test case Id is---1
[INFO ][2015-12-09 17:38:08,999][com.java.TestType] [  486] - 1
[INFO ][2015-12-09 17:38:09,000][com.java.TestType] [  481] -  str(2) = 2
[INFO ][2015-12-09 17:38:09,001][com.java.TestType] [  533] - row values are--------{1=com.java.Objects.TestDataDetails@17fb05a, 2=com.java.Objects.TestDataDetails@1118892}
[INFO ][2015-12-09 17:38:09,001][com.java.TestType] [  481] -  str(1) = 1
[INFO ][2015-12-09 17:38:09,001][com.java.TestType] [  484] - Test case Id is---1
[INFO ][2015-12-09 17:38:09,001][com.java.TestType] [  486] - 1
[INFO ][2015-12-09 17:38:09,001][com.java.TestType] [  481] -  str(2) = 3
[INFO ][2015-12-09 17:38:09,003][com.java.TestType] [  533] - row values are--------{1=com.java.Objects.TestDataDetails@17fb05a, 2=com.java.Objects.TestDataDetails@1118892, 3=com.java.Objects.TestDataDetails@13a3c8e}
[INFO ][2015-12-09 17:38:09,003][com.java.TestType] [  481] -  str(1) = 1
[INFO ][2015-12-09 17:38:09,003][com.java.TestType] [  484] - Test case Id is---1
[INFO ][2015-12-09 17:38:09,003][com.java.TestType] [  486] - 1
[INFO ][2015-12-09 17:38:09,003][com.java.TestType] [  481] -  str(2) = 4
[INFO ][2015-12-09 17:38:09,004][com.java.TestType] [  533] - row values are--------{1=com.java.Objects.TestDataDetails@17fb05a, 2=com.java.Objects.TestDataDetails@1118892, 3=com.java.Objects.TestDataDetails@13a3c8e, 4=com.java.Objects.TestDataDetails@4ed19b}
[INFO ][2015-12-09 17:38:09,004][com.java.TestType] [  481] -  str(1) = 1
[INFO ][2015-12-09 17:38:09,005][com.java.TestType] [  484] - Test case Id is---1
[INFO ][2015-12-09 17:38:09,005][com.java.TestType] [  486] - 1
[INFO ][2015-12-09 17:38:09,005][com.java.TestType] [  481] -  str(2) = 5
[INFO ][2015-12-09 17:38:09,007][com.java.TestType] [  533] - row values are--------{1=com.java.Objects.TestDataDetails@17fb05a, 2=com.java.Objects.TestDataDetails@1118892, 3=com.java.Objects.TestDataDetails@13a3c8e, 4=com.java.Objects.TestDataDetails@4ed19b, 5=com.java.Objects.TestDataDetails@e5a606}
[INFO ][2015-12-09 17:38:09,008][com.java.TestType] [  481] -  str(1) = 1
[INFO ][2015-12-09 17:38:09,008][com.java.TestType] [  484] - Test case Id is---1
[INFO ][2015-12-09 17:38:09,008][com.java.TestType] [  486] - 1
[INFO ][2015-12-09 17:38:09,008][com.java.TestType] [  481] -  str(2) = 6
[INFO ][2015-12-09 17:38:09,009][com.java.TestType] [  533] - row values are--------{1=com.java.Objects.TestDataDetails@17fb05a, 2=com.java.Objects.TestDataDetails@1118892, 3=com.java.Objects.TestDataDetails@13a3c8e, 4=com.java.Objects.TestDataDetails@4ed19b, 5=com.java.Objects.TestDataDetails@e5a606, 6=com.java.Objects.TestDataDetails@716b8f}
[INFO ][2015-12-09 17:38:09,009][com.java.TestType] [  481] -  str(1) = 1
[INFO ][2015-12-09 17:38:09,009][com.java.TestType] [  484] - Test case Id is---1
[INFO ][2015-12-09 17:38:09,009][com.java.TestType] [  486] - 1
[INFO ][2015-12-09 17:38:09,009][com.java.TestType] [  481] -  str(2) = 7
[INFO ][2015-12-09 17:38:09,010][com.java.TestType] [  533] - row values are--------{1=com.java.Objects.TestDataDetails@17fb05a, 2=com.java.Objects.TestDataDetails@1118892, 3=com.java.Objects.TestDataDetails@13a3c8e, 4=com.java.Objects.TestDataDetails@4ed19b, 5=com.java.Objects.TestDataDetails@e5a606, 6=com.java.Objects.TestDataDetails@716b8f, 7=com.java.Objects.TestDataDetails@1a6a352}
[INFO ][2015-12-09 17:38:09,010][com.java.TestType] [  481] -  str(1) = 1
[INFO ][2015-12-09 17:38:09,010][com.java.TestType] [  484] - Test case Id is---1
[INFO ][2015-12-09 17:38:09,010][com.java.TestType] [  486] - 1
[INFO ][2015-12-09 17:38:09,011][com.java.TestType] [  481] -  str(2) = 8
[INFO ][2015-12-09 17:38:09,011][com.java.TestType] [  533] - row values are--------{1=com.java.Objects.TestDataDetails@17fb05a, 2=com.java.Objects.TestDataDetails@1118892, 3=com.java.Objects.TestDataDetails@13a3c8e, 4=com.java.Objects.TestDataDetails@4ed19b, 5=com.java.Objects.TestDataDetails@e5a606, 6=com.java.Objects.TestDataDetails@716b8f, 7=com.java.Objects.TestDataDetails@1a6a352, 8=com.java.Objects.TestDataDetails@5d2406}
[INFO ][2015-12-09 17:38:09,011][com.java.TestType] [  481] -  str(1) = 1
[INFO ][2015-12-09 17:38:09,012][com.java.TestType] [  484] - Test case Id is---1
[INFO ][2015-12-09 17:38:09,012][com.java.TestType] [  486] - 1
[INFO ][2015-12-09 17:38:09,012][com.java.TestType] [  481] -  str(2) = 9
[INFO ][2015-12-09 17:38:09,012][com.java.TestType] [  533] - row values are--------{1=com.java.Objects.TestDataDetails@17fb05a, 2=com.java.Objects.TestDataDetails@1118892, 3=com.java.Objects.TestDataDetails@13a3c8e, 4=com.java.Objects.TestDataDetails@4ed19b, 5=com.java.Objects.TestDataDetails@e5a606, 6=com.java.Objects.TestDataDetails@716b8f, 7=com.java.Objects.TestDataDetails@1a6a352, 8=com.java.Objects.TestDataDetails@5d2406, 9=com.java.Objects.TestDataDetails@9c5304}
[INFO ][2015-12-09 17:38:09,013][com.java.TestType] [  481] -  str(1) = 1
[INFO ][2015-12-09 17:38:09,013][com.java.TestType] [  484] - Test case Id is---1
[INFO ][2015-12-09 17:38:09,013][com.java.TestType] [  486] - 1
[INFO ][2015-12-09 17:38:09,013][com.java.TestType] [  481] -  str(2) = 10
[INFO ][2015-12-09 17:38:09,014][com.java.TestType] [  533] - row values are--------{1=com.java.Objects.TestDataDetails@17fb05a, 2=com.java.Objects.TestDataDetails@1118892, 3=com.java.Objects.TestDataDetails@13a3c8e, 4=com.java.Objects.TestDataDetails@4ed19b, 5=com.java.Objects.TestDataDetails@e5a606, 6=com.java.Objects.TestDataDetails@716b8f, 7=com.java.Objects.TestDataDetails@1a6a352, 8=com.java.Objects.TestDataDetails@5d2406, 9=com.java.Objects.TestDataDetails@9c5304, 10=com.java.Objects.TestDataDetails@6f4689}
[INFO ][2015-12-09 17:38:09,014][com.java.TestType] [  481] -  str(1) = 1
[INFO ][2015-12-09 17:38:09,014][com.java.TestType] [  484] - Test case Id is---1
[INFO ][2015-12-09 17:38:09,014][com.java.TestType] [  486] - 1
[INFO ][2015-12-09 17:38:09,014][com.java.TestType] [  481] -  str(2) = 11
[INFO ][2015-12-09 17:38:09,015][com.java.TestType] [  533] - row values are--------{1=com.java.Objects.TestDataDetails@17fb05a, 2=com.java.Objects.TestDataDetails@1118892, 3=com.java.Objects.TestDataDetails@13a3c8e, 4=com.java.Objects.TestDataDetails@4ed19b, 5=com.java.Objects.TestDataDetails@e5a606, 6=com.java.Objects.TestDataDetails@716b8f, 7=com.java.Objects.TestDataDetails@1a6a352, 8=com.java.Objects.TestDataDetails@5d2406, 9=com.java.Objects.TestDataDetails@9c5304, 10=com.java.Objects.TestDataDetails@6f4689, 11=com.java.Objects.TestDataDetails@a02b5e}
[INFO ][2015-12-09 17:38:09,015][com.java.TestType] [  481] -  str(1) = 1
[INFO ][2015-12-09 17:38:09,015][com.java.TestType] [  484] - Test case Id is---1
[INFO ][2015-12-09 17:38:09,017][com.java.TestType] [  486] - 1
[INFO ][2015-12-09 17:38:09,017][com.java.TestType] [  481] -  str(2) = 12
[INFO ][2015-12-09 17:38:09,017][com.java.TestType] [  533] - row values are--------{1=com.java.Objects.TestDataDetails@17fb05a, 2=com.java.Objects.TestDataDetails@1118892, 3=com.java.Objects.TestDataDetails@13a3c8e, 4=com.java.Objects.TestDataDetails@4ed19b, 5=com.java.Objects.TestDataDetails@e5a606, 6=com.java.Objects.TestDataDetails@716b8f, 7=com.java.Objects.TestDataDetails@1a6a352, 8=com.java.Objects.TestDataDetails@5d2406, 9=com.java.Objects.TestDataDetails@9c5304, 10=com.java.Objects.TestDataDetails@6f4689, 11=com.java.Objects.TestDataDetails@a02b5e, 12=com.java.Objects.TestDataDetails@1854dc0}
[INFO ][2015-12-09 17:38:09,017][com.java.TestType] [  481] -  str(1) = 1
[INFO ][2015-12-09 17:38:09,017][com.java.TestType] [  484] - Test case Id is---1
[INFO ][2015-12-09 17:38:09,018][com.java.TestType] [  486] - 1
[INFO ][2015-12-09 17:38:09,018][com.java.TestType] [  481] -  str(2) = 13
[INFO ][2015-12-09 17:38:09,018][com.java.TestType] [  533] - row values are--------{1=com.java.Objects.TestDataDetails@17fb05a, 2=com.java.Objects.TestDataDetails@1118892, 3=com.java.Objects.TestDataDetails@13a3c8e, 4=com.java.Objects.TestDataDetails@4ed19b, 5=com.java.Objects.TestDataDetails@e5a606, 6=com.java.Objects.TestDataDetails@716b8f, 7=com.java.Objects.TestDataDetails@1a6a352, 8=com.java.Objects.TestDataDetails@5d2406, 9=com.java.Objects.TestDataDetails@9c5304, 10=com.java.Objects.TestDataDetails@6f4689, 11=com.java.Objects.TestDataDetails@a02b5e, 12=com.java.Objects.TestDataDetails@1854dc0, 13=com.java.Objects.TestDataDetails@b3c498}
[INFO ][2015-12-09 17:38:09,018][com.java.TestType] [  481] -  str(1) = 1
[INFO ][2015-12-09 17:38:09,018][com.java.TestType] [  484] - Test case Id is---1
[INFO ][2015-12-09 17:38:09,019][com.java.TestType] [  486] - 1
[INFO ][2015-12-09 17:38:09,019][com.java.TestType] [  481] -  str(2) = 14
[INFO ][2015-12-09 17:38:09,019][com.java.TestType] [  533] - row values are--------{1=com.java.Objects.TestDataDetails@17fb05a, 2=com.java.Objects.TestDataDetails@1118892, 3=com.java.Objects.TestDataDetails@13a3c8e, 4=com.java.Objects.TestDataDetails@4ed19b, 5=com.java.Objects.TestDataDetails@e5a606, 6=com.java.Objects.TestDataDetails@716b8f, 7=com.java.Objects.TestDataDetails@1a6a352, 8=com.java.Objects.TestDataDetails@5d2406, 9=com.java.Objects.TestDataDetails@9c5304, 10=com.java.Objects.TestDataDetails@6f4689, 11=com.java.Objects.TestDataDetails@a02b5e, 12=com.java.Objects.TestDataDetails@1854dc0, 13=com.java.Objects.TestDataDetails@b3c498, 14=com.java.Objects.TestDataDetails@d3ac67}
[INFO ][2015-12-09 17:38:09,019][com.java.TestType] [ 9985] - Looping 1TCID = 1
[DEBUG][2015-12-09 17:38:09,019][com.java.TestType] [10026] - Concept ID:1 :: Step being Executed: 1::1
[INFO ][2015-12-09 17:38:09,020][com.java.TestType] [10064] - dataFields : TXTusername
[DEBUG][2015-12-09 17:38:09,020][com.java.TestType] [10070] - <In Set values of the page>
[DEBUG][2015-12-09 17:38:09,020][com.java.TestType] [10075] - {Data Fields & Data Values Exist}
[INFO ][2015-12-09 17:38:09,020][com.java.TestType] [10081] - --------------------------setting values-----------------------------
[INFO ][2015-12-09 17:38:09,020][com.java.TestType] [10084] - Action Type : CLEARANDENTER
[INFO ][2015-12-09 17:38:09,020][com.java.TestType] [ 5449] - value = valuelabs.ie10.15310
[INFO ][2015-12-09 17:38:13,837][com.java.TestType] [10103] -  RESULT true
[INFO ][2015-12-09 17:38:13,837][com.java.TestType] [10220] - ?   P A S S   ?
[DEBUG][2015-12-09 17:38:13,837][com.java.TestType] [10026] - Concept ID:1 :: Step being Executed: 1::2
[INFO ][2015-12-09 17:38:13,837][com.java.TestType] [10064] - dataFields : TXTpassword
[DEBUG][2015-12-09 17:38:13,837][com.java.TestType] [10070] - <In Set values of the page>
[DEBUG][2015-12-09 17:38:13,837][com.java.TestType] [10075] - {Data Fields & Data Values Exist}
[INFO ][2015-12-09 17:38:13,838][com.java.TestType] [10081] - --------------------------setting values-----------------------------
[INFO ][2015-12-09 17:38:13,838][com.java.TestType] [10084] - Action Type : CLEARANDENTER
[INFO ][2015-12-09 17:38:13,838][com.java.TestType] [ 5449] - value = Password1*
[INFO ][2015-12-09 17:38:18,739][com.java.TestType] [10103] -  RESULT true
[INFO ][2015-12-09 17:38:18,739][com.java.TestType] [10220] - ?   P A S S   ?
[DEBUG][2015-12-09 17:38:18,739][com.java.TestType] [10026] - Concept ID:1 :: Step being Executed: 1::3
[ERROR][2015-12-09 17:38:18,740][com.java.TestType] [10059] - Exception: null
[INFO ][2015-12-09 17:38:18,740][com.java.TestType] [10064] - dataFields : XPH//button[@type='submit']
[DEBUG][2015-12-09 17:38:18,740][com.java.TestType] [10070] - <In Set values of the page>
[DEBUG][2015-12-09 17:38:18,740][com.java.TestType] [10075] - {Data Fields & Data Values Exist}
[INFO ][2015-12-09 17:38:18,740][com.java.TestType] [10081] - --------------------------setting values-----------------------------
[INFO ][2015-12-09 17:38:18,740][com.java.TestType] [10084] - Action Type : Click
[INFO ][2015-12-09 17:38:18,740][com.java.TestType] [ 5777] - Field ::XPH//button[@type='submit']
[INFO ][2015-12-09 17:38:19,742][com.java.TestType] [ 5871] - BEFORE CLICK
[INFO ][2015-12-09 17:38:20,613][com.java.TestType] [ 5879] - Unable to click the object Login
[INFO ][2015-12-09 17:38:20,613][com.java.TestType] [10103] -  RESULT true
[INFO ][2015-12-09 17:38:20,613][com.java.TestType] [10220] - ?   P A S S   ?
[DEBUG][2015-12-09 17:38:20,613][com.java.TestType] [10026] - Concept ID:1 :: Step being Executed: 1::4
[INFO ][2015-12-09 17:38:20,613][com.java.TestType] [10064] - dataFields : LNKLogout
[DEBUG][2015-12-09 17:38:20,613][com.java.TestType] [10070] - <In Set values of the page>
[DEBUG][2015-12-09 17:38:20,613][com.java.TestType] [10075] - {Data Fields & Data Values Exist}
[INFO ][2015-12-09 17:38:20,613][com.java.TestType] [10081] - --------------------------setting values-----------------------------
[INFO ][2015-12-09 17:38:20,613][com.java.TestType] [10084] - Action Type : WaitForElement
[INFO ][2015-12-09 17:38:24,041][com.java.TestType] [10103] -  RESULT true
[INFO ][2015-12-09 17:38:24,041][com.java.TestType] [10220] - ?   P A S S   ?
[DEBUG][2015-12-09 17:38:24,041][com.java.TestType] [10026] - Concept ID:1 :: Step being Executed: 1::13
[INFO ][2015-12-09 17:38:24,041][com.java.TestType] [10064] - dataFields : LNK
[DEBUG][2015-12-09 17:38:24,041][com.java.TestType] [10070] - <In Set values of the page>
[DEBUG][2015-12-09 17:38:24,041][com.java.TestType] [10075] - {Data Fields & Data Values Exist}
[INFO ][2015-12-09 17:38:24,041][com.java.TestType] [10081] - --------------------------setting values-----------------------------
[INFO ][2015-12-09 17:38:24,042][com.java.TestType] [10084] - Action Type : Verify
[INFO ][2015-12-09 17:38:24,042][com.java.TestType] [ 6677] - field= LNK value= Logout
[INFO ][2015-12-09 17:38:24,044][com.java.TestType] [ 5449] - value = Logout
[INFO ][2015-12-09 17:38:24,080][com.java.TestType] [10103] -  RESULT true
[INFO ][2015-12-09 17:38:24,080][com.java.TestType] [10220] - ?   P A S S   ?
[DEBUG][2015-12-09 17:38:24,080][com.java.TestType] [10026] - Concept ID:1 :: Step being Executed: 1::14
[INFO ][2015-12-09 17:38:24,080][com.java.TestType] [10064] - dataFields : BTN
[DEBUG][2015-12-09 17:38:24,080][com.java.TestType] [10070] - <In Set values of the page>
[DEBUG][2015-12-09 17:38:24,080][com.java.TestType] [10075] - {Data Fields & Data Values Exist}
[INFO ][2015-12-09 17:38:24,081][com.java.TestType] [10081] - --------------------------setting values-----------------------------
[INFO ][2015-12-09 17:38:24,081][com.java.TestType] [10084] - Action Type : Verify
[INFO ][2015-12-09 17:38:24,081][com.java.TestType] [ 6677] - field= BTN value= //img[contains(@src,'bdlogo.jpg')]
[INFO ][2015-12-09 17:38:24,081][com.java.TestType] [ 5449] - value = //img[contains(@src,'bdlogo.jpg')]
[INFO ][2015-12-09 17:38:24,147][com.java.TestType] [10103] -  RESULT true
[INFO ][2015-12-09 17:38:24,147][com.java.TestType] [10220] - ?   P A S S   ?
[INFO ][2015-12-09 17:38:24,147][com.java.TestType] [10291] - Looping End......
[INFO ][2015-12-09 17:38:24,148][com.java.SeleniumDriver] [  894] -  RESULT true
[INFO ][2015-12-09 17:38:24,148][com.java.SeleniumDriver] [ 1100] - ?   P A S S   ?
[INFO ][2015-12-09 17:38:24,148][com.java.SeleniumDriver] [  821] - ------------------------------------------
[INFO ][2015-12-09 17:38:24,148][com.java.SeleniumDriver] [  822] - Test case being Executed: 1
[INFO ][2015-12-09 17:38:24,148][com.java.SeleniumDriver] [  833] - Test step:2
[INFO ][2015-12-09 17:38:24,149][com.java.SeleniumDriver] [  845] - Datavalue is----------Concept#2:1-2
[INFO ][2015-12-09 17:38:24,149][com.java.SeleniumDriver] [  869] - DataField : test
[INFO ][2015-12-09 17:38:24,149][com.java.SeleniumDriver] [  871] - DataValue : Concept#2:1-2
[INFO ][2015-12-09 17:38:24,149][com.java.SeleniumDriver] [  877] - <In Set values of the page>
[INFO ][2015-12-09 17:38:24,149][com.java.SeleniumDriver] [  880] - {Data Fields & Data Values Exist}
[INFO ][2015-12-09 17:38:24,149][com.java.SeleniumDriver] [  882] - --------------------------setting values-----------------------------
[INFO ][2015-12-09 17:38:24,149][com.java.SeleniumDriver] [  885] - Action Type : ExecuteTestCase
[INFO ][2015-12-09 17:38:24,149][com.java.TestType] [  436] - The Concept sheet name is ---------- Concept
[INFO ][2015-12-09 17:38:24,149][com.java.TestType] [  439] - The Concept ID  is ---------- 2
[DEBUG][2015-12-09 17:38:24,150][com.java.TestType] [  443] - Steps being executted in the Concept are: 1:2
[INFO ][2015-12-09 17:38:24,150][com.java.TestType] [  450] - Test data details path ---------- D:\BankersDashboard\TestInputs\TestData.xls
[INFO ][2015-12-09 17:38:24,790][com.java.TestType] [  481] -  str(1) = 2
[INFO ][2015-12-09 17:38:24,790][com.java.TestType] [  484] - Test case Id is---2
[INFO ][2015-12-09 17:38:24,790][com.java.TestType] [  486] - 2
[INFO ][2015-12-09 17:38:24,790][com.java.TestType] [  481] -  str(2) = 1
[INFO ][2015-12-09 17:38:24,792][com.java.TestType] [  533] - row values are--------{1=com.java.Objects.TestDataDetails@16f2b35}
[INFO ][2015-12-09 17:38:24,792][com.java.TestType] [  481] -  str(1) = 2
[INFO ][2015-12-09 17:38:24,792][com.java.TestType] [  484] - Test case Id is---2
[INFO ][2015-12-09 17:38:24,792][com.java.TestType] [  486] - 2
[INFO ][2015-12-09 17:38:24,792][com.java.TestType] [  481] -  str(2) = 2
[INFO ][2015-12-09 17:38:24,793][com.java.TestType] [  533] - row values are--------{1=com.java.Objects.TestDataDetails@16f2b35, 2=com.java.Objects.TestDataDetails@1c85130}
[INFO ][2015-12-09 17:38:24,793][com.java.TestType] [  481] -  str(1) = 2
[INFO ][2015-12-09 17:38:24,793][com.java.TestType] [  484] - Test case Id is---2
[INFO ][2015-12-09 17:38:24,793][com.java.TestType] [  486] - 2
[INFO ][2015-12-09 17:38:24,793][com.java.TestType] [  481] -  str(2) = 3
[INFO ][2015-12-09 17:38:24,794][com.java.TestType] [  533] - row values are--------{1=com.java.Objects.TestDataDetails@16f2b35, 2=com.java.Objects.TestDataDetails@1c85130, 3=com.java.Objects.TestDataDetails@147b78e}
[INFO ][2015-12-09 17:38:24,794][com.java.TestType] [ 9985] - Looping 1TCID = 2
[DEBUG][2015-12-09 17:38:24,794][com.java.TestType] [10026] - Concept ID:2 :: Step being Executed: 2::1
[INFO ][2015-12-09 17:38:24,794][com.java.TestType] [10064] - dataFields : BNK//select[@id='bank']
[DEBUG][2015-12-09 17:38:24,794][com.java.TestType] [10070] - <In Set values of the page>
[DEBUG][2015-12-09 17:38:24,794][com.java.TestType] [10075] - {Data Fields & Data Values Exist}
[INFO ][2015-12-09 17:38:24,794][com.java.TestType] [10081] - --------------------------setting values-----------------------------
[INFO ][2015-12-09 17:38:24,794][com.java.TestType] [10084] - Action Type : Select
[INFO ][2015-12-09 17:38:24,795][com.java.TestType] [ 5449] - value = PFC
[INFO ][2015-12-09 17:38:25,024][com.java.TestType] [10103] -  RESULT true
[INFO ][2015-12-09 17:38:25,024][com.java.TestType] [10220] - ?   P A S S   ?
[DEBUG][2015-12-09 17:38:25,024][com.java.TestType] [10026] - Concept ID:2 :: Step being Executed: 2::2
[INFO ][2015-12-09 17:38:25,024][com.java.TestType] [10064] - dataFields : LNKLogout
[DEBUG][2015-12-09 17:38:25,024][com.java.TestType] [10070] - <In Set values of the page>
[DEBUG][2015-12-09 17:38:25,024][com.java.TestType] [10075] - {Data Fields & Data Values Exist}
[INFO ][2015-12-09 17:38:25,024][com.java.TestType] [10081] - --------------------------setting values-----------------------------
[INFO ][2015-12-09 17:38:25,024][com.java.TestType] [10084] - Action Type : WaitTime
[DEBUG][2015-12-09 17:38:25,025][com.java.TestType] [ 5269] - sleepTime: 5000
[INFO ][2015-12-09 17:38:30,025][com.java.TestType] [10103] -  RESULT true
[INFO ][2015-12-09 17:38:30,025][com.java.TestType] [10220] - ?   P A S S   ?
[INFO ][2015-12-09 17:38:30,025][com.java.TestType] [10291] - Looping End......
[INFO ][2015-12-09 17:38:30,026][com.java.SeleniumDriver] [  894] -  RESULT true
[INFO ][2015-12-09 17:38:30,026][com.java.SeleniumDriver] [ 1100] - ?   P A S S   ?
[INFO ][2015-12-09 17:38:30,026][com.java.SeleniumDriver] [  821] - ------------------------------------------
[INFO ][2015-12-09 17:38:30,027][com.java.SeleniumDriver] [  822] - Test case being Executed: 1
[INFO ][2015-12-09 17:38:30,027][com.java.SeleniumDriver] [  833] - Test step:3
[INFO ][2015-12-09 17:38:30,028][com.java.SeleniumDriver] [  845] - Datavalue is----------2
[INFO ][2015-12-09 17:38:30,028][com.java.SeleniumDriver] [  869] - DataField : XPH//button[contains(text(),'Add Content')]
[INFO ][2015-12-09 17:38:30,028][com.java.SeleniumDriver] [  871] - DataValue : 2
[INFO ][2015-12-09 17:38:30,028][com.java.SeleniumDriver] [  877] - <In Set values of the page>
[INFO ][2015-12-09 17:38:30,029][com.java.SeleniumDriver] [  880] - {Data Fields & Data Values Exist}
[INFO ][2015-12-09 17:38:30,029][com.java.SeleniumDriver] [  882] - --------------------------setting values-----------------------------
[INFO ][2015-12-09 17:38:30,029][com.java.SeleniumDriver] [  885] - Action Type : WAITFORELEMENT
[INFO ][2015-12-09 17:38:30,064][com.java.SeleniumDriver] [  894] -  RESULT true
[INFO ][2015-12-09 17:38:30,064][com.java.SeleniumDriver] [ 1100] - ?   P A S S   ?
[DEBUG][2015-12-09 17:38:30,064][com.java.SeleniumDriver] [ 1212] - Case found
[DEBUG][2015-12-09 17:38:30,064][com.java.SeleniumDriver] [ 1217] - Incrementing ReportCounters[0]:1
[INFO ][2015-12-09 17:38:30,064][com.java.SeleniumDriver] [ 1236] - The results are-------------------[1, 1, Valid Login, Pass, , Wed Dec 09 17:38:24 IST 2015, 1, 2, Valid Login, Pass, , Wed Dec 09 17:38:30 IST 2015, 1, 3, Valid Login, Pass, , Wed Dec 09 17:38:30 IST 2015]
[INFO ][2015-12-09 17:38:30,064][com.java.SeleniumDriver] [ 1240] - End time is-------37 sec
[INFO ][2015-12-09 17:38:30,065][com.java.SeleniumDriver] [ 1241] - The results are-------------------[1, 1, Valid Login, Pass, , Wed Dec 09 17:38:24 IST 2015, 1, 2, Valid Login, Pass, , Wed Dec 09 17:38:30 IST 2015, 1, 3, Valid Login, Pass, , Wed Dec 09 17:38:30 IST 2015]
[DEBUG][2015-12-09 17:38:30,065][com.java.ImportnExport.ExportTestResultsExcel] [  222] - testResultPath = D:\BankersDashboard/TestReports/Test Results_BankersDashBoard_120915_173754_IE10_CB&S Bank.xls
[DEBUG][2015-12-09 17:38:30,065][com.java.ImportnExport.ExportTestResultsExcel] [  223] - browser is------------IE10
[DEBUG][2015-12-09 17:38:30,111][com.java.ImportnExport.ExportTestResultsExcel] [  270] - result.size() = 18
[DEBUG][2015-12-09 17:38:30,111][com.java.ImportnExport.ExportTestResultsExcel] [  274] - No of rows in sheet=1
[DEBUG][2015-12-09 17:38:30,111][com.java.ImportnExport.ExportTestResultsExcel] [  301] - ..in export..1
[DEBUG][2015-12-09 17:38:30,111][com.java.ImportnExport.ExportTestResultsExcel] [  301] - ..in export..Valid Login
[DEBUG][2015-12-09 17:38:30,111][com.java.ImportnExport.ExportTestResultsExcel] [  301] - ..in export..Pass
[DEBUG][2015-12-09 17:38:30,111][com.java.ImportnExport.ExportTestResultsExcel] [  301] - ..in export..
[DEBUG][2015-12-09 17:38:30,111][com.java.ImportnExport.ExportTestResultsExcel] [  301] - ..in export..Wed Dec 09 17:38:24 IST 2015
[INFO ][2015-12-09 17:38:30,113][com.java.SeleniumDriver] [ 1299] - out loop:0 size:2 TestCases:[1, 2] testcases:[1, 2]
[INFO ][2015-12-09 17:38:30,113][com.java.ImportnExport.ImportTestDataDetailsExcel] [   49] - test data details path===== D:\BankersDashboard\TestInputs\TestData.xls
[INFO ][2015-12-09 17:38:50,078][com.java.SeleniumDriver] [  821] - ------------------------------------------
[INFO ][2015-12-09 17:38:50,078][com.java.SeleniumDriver] [  822] - Test case being Executed: 2
[INFO ][2015-12-09 17:38:50,078][com.java.SeleniumDriver] [  833] - Test step:1
[INFO ][2015-12-09 17:38:50,078][com.java.SeleniumDriver] [  845] - Datavalue is----------Logout
[INFO ][2015-12-09 17:38:50,078][com.java.SeleniumDriver] [  869] - DataField : BTN
[INFO ][2015-12-09 17:38:50,078][com.java.SeleniumDriver] [  871] - DataValue : Logout
[INFO ][2015-12-09 17:38:50,078][com.java.SeleniumDriver] [  877] - <In Set values of the page>
[INFO ][2015-12-09 17:38:50,078][com.java.SeleniumDriver] [  880] - {Data Fields & Data Values Exist}
[INFO ][2015-12-09 17:38:50,078][com.java.SeleniumDriver] [  882] - --------------------------setting values-----------------------------
[INFO ][2015-12-09 17:38:50,078][com.java.SeleniumDriver] [  885] - Action Type : Verify
[INFO ][2015-12-09 17:38:50,078][com.java.TestType] [ 6677] - field= BTN value= Logout
[INFO ][2015-12-09 17:38:50,078][com.java.TestType] [ 5449] - value = Logout
[INFO ][2015-12-09 17:38:50,147][com.java.SeleniumDriver] [  894] -  RESULT true
[INFO ][2015-12-09 17:38:50,147][com.java.SeleniumDriver] [ 1100] - ?   P A S S   ?
[INFO ][2015-12-09 17:38:50,147][com.java.SeleniumDriver] [ 1142] - step change to 3
[INFO ][2015-12-09 17:38:50,149][com.java.SeleniumDriver] [  821] - ------------------------------------------
[INFO ][2015-12-09 17:38:50,149][com.java.SeleniumDriver] [  822] - Test case being Executed: 2
[INFO ][2015-12-09 17:38:50,149][com.java.SeleniumDriver] [  833] - Test step:3
[INFO ][2015-12-09 17:38:50,149][com.java.SeleniumDriver] [  845] - Datavalue is----------Concept#2:1-2
[INFO ][2015-12-09 17:38:50,149][com.java.SeleniumDriver] [  869] - DataField : test
[INFO ][2015-12-09 17:38:50,149][com.java.SeleniumDriver] [  871] - DataValue : Concept#2:1-2
[INFO ][2015-12-09 17:38:50,149][com.java.SeleniumDriver] [  877] - <In Set values of the page>
[INFO ][2015-12-09 17:38:50,149][com.java.SeleniumDriver] [  880] - {Data Fields & Data Values Exist}
[INFO ][2015-12-09 17:38:50,149][com.java.SeleniumDriver] [  882] - --------------------------setting values-----------------------------
[INFO ][2015-12-09 17:38:50,150][com.java.SeleniumDriver] [  885] - Action Type : ExecuteTestCase
[INFO ][2015-12-09 17:38:50,150][com.java.TestType] [  436] - The Concept sheet name is ---------- Concept
[INFO ][2015-12-09 17:38:50,150][com.java.TestType] [  439] - The Concept ID  is ---------- 2
[DEBUG][2015-12-09 17:38:50,150][com.java.TestType] [  443] - Steps being executted in the Concept are: 1:2
[INFO ][2015-12-09 17:38:50,150][com.java.TestType] [  450] - Test data details path ---------- D:\BankersDashboard\TestInputs\TestData.xls
[INFO ][2015-12-09 17:38:50,749][com.java.TestType] [  481] -  str(1) = 2
[INFO ][2015-12-09 17:38:50,749][com.java.TestType] [  484] - Test case Id is---2
[INFO ][2015-12-09 17:38:50,749][com.java.TestType] [  486] - 2
[INFO ][2015-12-09 17:38:50,749][com.java.TestType] [  481] -  str(2) = 1
[INFO ][2015-12-09 17:38:50,750][com.java.TestType] [  533] - row values are--------{1=com.java.Objects.TestDataDetails@b78c9d}
[INFO ][2015-12-09 17:38:50,750][com.java.TestType] [  481] -  str(1) = 2
[INFO ][2015-12-09 17:38:50,750][com.java.TestType] [  484] - Test case Id is---2
[INFO ][2015-12-09 17:38:50,750][com.java.TestType] [  486] - 2
[INFO ][2015-12-09 17:38:50,750][com.java.TestType] [  481] -  str(2) = 2
[INFO ][2015-12-09 17:38:50,751][com.java.TestType] [  533] - row values are--------{1=com.java.Objects.TestDataDetails@b78c9d, 2=com.java.Objects.TestDataDetails@7e05fb}
[INFO ][2015-12-09 17:38:50,751][com.java.TestType] [  481] -  str(1) = 2
[INFO ][2015-12-09 17:38:50,751][com.java.TestType] [  484] - Test case Id is---2
[INFO ][2015-12-09 17:38:50,751][com.java.TestType] [  486] - 2
[INFO ][2015-12-09 17:38:50,751][com.java.TestType] [  481] -  str(2) = 3
[INFO ][2015-12-09 17:38:50,752][com.java.TestType] [  533] - row values are--------{1=com.java.Objects.TestDataDetails@b78c9d, 2=com.java.Objects.TestDataDetails@7e05fb, 3=com.java.Objects.TestDataDetails@1df787e}
[INFO ][2015-12-09 17:38:50,752][com.java.TestType] [ 9985] - Looping 1TCID = 2
[DEBUG][2015-12-09 17:38:50,752][com.java.TestType] [10026] - Concept ID:2 :: Step being Executed: 2::1
[INFO ][2015-12-09 17:38:50,752][com.java.TestType] [10064] - dataFields : BNK//select[@id='bank']
[DEBUG][2015-12-09 17:38:50,752][com.java.TestType] [10070] - <In Set values of the page>
[DEBUG][2015-12-09 17:38:50,752][com.java.TestType] [10075] - {Data Fields & Data Values Exist}
[INFO ][2015-12-09 17:38:50,752][com.java.TestType] [10081] - --------------------------setting values-----------------------------
[INFO ][2015-12-09 17:38:50,753][com.java.TestType] [10084] - Action Type : Select
[INFO ][2015-12-09 17:38:50,753][com.java.TestType] [ 5449] - value = PFC
[INFO ][2015-12-09 17:38:50,910][com.java.TestType] [10103] -  RESULT true
[INFO ][2015-12-09 17:38:50,910][com.java.TestType] [10220] - ?   P A S S   ?
[DEBUG][2015-12-09 17:38:50,910][com.java.TestType] [10026] - Concept ID:2 :: Step being Executed: 2::2
[INFO ][2015-12-09 17:38:50,910][com.java.TestType] [10064] - dataFields : LNKLogout
[DEBUG][2015-12-09 17:38:50,910][com.java.TestType] [10070] - <In Set values of the page>
[DEBUG][2015-12-09 17:38:50,910][com.java.TestType] [10075] - {Data Fields & Data Values Exist}
[INFO ][2015-12-09 17:38:50,910][com.java.TestType] [10081] - --------------------------setting values-----------------------------
[INFO ][2015-12-09 17:38:50,910][com.java.TestType] [10084] - Action Type : WaitTime
[DEBUG][2015-12-09 17:38:50,910][com.java.TestType] [ 5269] - sleepTime: 5000
[INFO ][2015-12-09 17:38:55,911][com.java.TestType] [10103] -  RESULT true
[INFO ][2015-12-09 17:38:55,912][com.java.TestType] [10220] - ?   P A S S   ?
[INFO ][2015-12-09 17:38:55,912][com.java.TestType] [10291] - Looping End......
[INFO ][2015-12-09 17:38:55,913][com.java.SeleniumDriver] [  894] -  RESULT true
[INFO ][2015-12-09 17:38:55,913][com.java.SeleniumDriver] [ 1100] - ?   P A S S   ?
[INFO ][2015-12-09 17:38:55,913][com.java.SeleniumDriver] [  821] - ------------------------------------------
[INFO ][2015-12-09 17:38:55,913][com.java.SeleniumDriver] [  822] - Test case being Executed: 2
[INFO ][2015-12-09 17:38:55,913][com.java.SeleniumDriver] [  833] - Test step:4
[INFO ][2015-12-09 17:38:55,913][com.java.SeleniumDriver] [  845] - Datavalue is----------null
[DEBUG][2015-12-09 17:38:55,913][com.java.SeleniumDriver] [  863] - Exception: null
[INFO ][2015-12-09 17:38:55,914][com.java.SeleniumDriver] [  869] - DataField : //span[@class='icon-stack']&&//a[@data-id="SetupPackage"]
[INFO ][2015-12-09 17:38:55,914][com.java.SeleniumDriver] [  871] - DataValue : 
[INFO ][2015-12-09 17:38:55,914][com.java.SeleniumDriver] [  877] - <In Set values of the page>
[INFO ][2015-12-09 17:38:55,914][com.java.SeleniumDriver] [  880] - {Data Fields & Data Values Exist}
[INFO ][2015-12-09 17:38:55,914][com.java.SeleniumDriver] [  882] - --------------------------setting values-----------------------------
[INFO ][2015-12-09 17:38:55,914][com.java.SeleniumDriver] [  885] - Action Type : MOUSEOVER
[INFO ][2015-12-09 17:39:18,940][com.java.SeleniumDriver] [  894] -  RESULT true
[INFO ][2015-12-09 17:39:18,940][com.java.SeleniumDriver] [ 1100] - ?   P A S S   ?
[INFO ][2015-12-09 17:39:18,940][com.java.SeleniumDriver] [  821] - ------------------------------------------
[INFO ][2015-12-09 17:39:18,940][com.java.SeleniumDriver] [  822] - Test case being Executed: 2
[INFO ][2015-12-09 17:39:18,940][com.java.SeleniumDriver] [  833] - Test step:5
[INFO ][2015-12-09 17:39:18,940][com.java.SeleniumDriver] [  845] - Datavalue is----------5
[INFO ][2015-12-09 17:39:18,940][com.java.SeleniumDriver] [  869] - DataField : XPH//div[@id='divDialogLoading']//img 
[INFO ][2015-12-09 17:39:18,940][com.java.SeleniumDriver] [  871] - DataValue : 5
[INFO ][2015-12-09 17:39:18,940][com.java.SeleniumDriver] [  877] - <In Set values of the page>
[INFO ][2015-12-09 17:39:18,940][com.java.SeleniumDriver] [  880] - {Data Fields & Data Values Exist}
[INFO ][2015-12-09 17:39:18,940][com.java.SeleniumDriver] [  882] - --------------------------setting values-----------------------------
[INFO ][2015-12-09 17:39:18,940][com.java.SeleniumDriver] [  885] - Action Type : WAITFORELEMENT
[INFO ][2015-12-09 17:39:18,973][com.java.SeleniumDriver] [  894] -  RESULT true
[INFO ][2015-12-09 17:39:18,973][com.java.SeleniumDriver] [ 1100] - ?   P A S S   ?
[INFO ][2015-12-09 17:39:18,973][com.java.SeleniumDriver] [  821] - ------------------------------------------
[INFO ][2015-12-09 17:39:18,973][com.java.SeleniumDriver] [  822] - Test case being Executed: 2
[INFO ][2015-12-09 17:39:18,973][com.java.SeleniumDriver] [  833] - Test step:6
[INFO ][2015-12-09 17:39:18,973][com.java.SeleniumDriver] [  845] - Datavalue is----------90
[INFO ][2015-12-09 17:39:18,973][com.java.SeleniumDriver] [  869] - DataField : XPH//div[@id='divDialogLoading']//img 
[INFO ][2015-12-09 17:39:18,973][com.java.SeleniumDriver] [  871] - DataValue : 90
[INFO ][2015-12-09 17:39:18,973][com.java.SeleniumDriver] [  877] - <In Set values of the page>
[INFO ][2015-12-09 17:39:18,973][com.java.SeleniumDriver] [  880] - {Data Fields & Data Values Exist}
[INFO ][2015-12-09 17:39:18,974][com.java.SeleniumDriver] [  882] - --------------------------setting values-----------------------------
[INFO ][2015-12-09 17:39:18,974][com.java.SeleniumDriver] [  885] - Action Type : WAITFORELEMENTNOTPRESENT
[INFO ][2015-12-09 17:39:19,071][com.java.SeleniumDriver] [  894] -  RESULT true
[INFO ][2015-12-09 17:39:19,071][com.java.SeleniumDriver] [ 1100] - ?   P A S S   ?
[INFO ][2015-12-09 17:39:19,071][com.java.SeleniumDriver] [  821] - ------------------------------------------
[INFO ][2015-12-09 17:39:19,071][com.java.SeleniumDriver] [  822] - Test case being Executed: 2
[INFO ][2015-12-09 17:39:19,071][com.java.SeleniumDriver] [  833] - Test step:7
[INFO ][2015-12-09 17:39:19,071][com.java.SeleniumDriver] [  845] - Datavalue is----------Set Up Report Packages
[INFO ][2015-12-09 17:39:19,071][com.java.SeleniumDriver] [  869] - DataField : XPH//span[contains(text(),'Set Up Report Packages')]
[INFO ][2015-12-09 17:39:19,071][com.java.SeleniumDriver] [  871] - DataValue : Set Up Report Packages
[INFO ][2015-12-09 17:39:19,071][com.java.SeleniumDriver] [  877] - <In Set values of the page>
[INFO ][2015-12-09 17:39:19,072][com.java.SeleniumDriver] [  880] - {Data Fields & Data Values Exist}
[INFO ][2015-12-09 17:39:19,072][com.java.SeleniumDriver] [  882] - --------------------------setting values-----------------------------
[INFO ][2015-12-09 17:39:19,072][com.java.SeleniumDriver] [  885] - Action Type : VERIFY
[INFO ][2015-12-09 17:39:19,072][com.java.TestType] [ 6677] - field= XPH//span[contains(text(),'Set Up Report Packages')] value= Set Up Report Packages
[INFO ][2015-12-09 17:39:19,072][com.java.TestType] [ 5449] - value = Set Up Report Packages
[INFO ][2015-12-09 17:39:19,213][com.java.SeleniumDriver] [  894] -  RESULT true
[INFO ][2015-12-09 17:39:19,213][com.java.SeleniumDriver] [ 1100] - ?   P A S S   ?
[INFO ][2015-12-09 17:39:19,213][com.java.SeleniumDriver] [  821] - ------------------------------------------
[INFO ][2015-12-09 17:39:19,213][com.java.SeleniumDriver] [  822] - Test case being Executed: 2
[INFO ][2015-12-09 17:39:19,213][com.java.SeleniumDriver] [  833] - Test step:8
[INFO ][2015-12-09 17:39:19,213][com.java.SeleniumDriver] [  845] - Datavalue is----------null
[DEBUG][2015-12-09 17:39:19,213][com.java.SeleniumDriver] [  863] - Exception: null
[INFO ][2015-12-09 17:39:19,213][com.java.SeleniumDriver] [  869] - DataField : BTNframeDialogContent
[INFO ][2015-12-09 17:39:19,213][com.java.SeleniumDriver] [  871] - DataValue : 
[INFO ][2015-12-09 17:39:19,213][com.java.SeleniumDriver] [  877] - <In Set values of the page>
[INFO ][2015-12-09 17:39:19,213][com.java.SeleniumDriver] [  880] - {Data Fields & Data Values Exist}
[INFO ][2015-12-09 17:39:19,213][com.java.SeleniumDriver] [  882] - --------------------------setting values-----------------------------
[INFO ][2015-12-09 17:39:19,213][com.java.SeleniumDriver] [  885] - Action Type : SELECTFRAME
[INFO ][2015-12-09 17:39:20,463][com.java.SeleniumDriver] [  894] -  RESULT true
[INFO ][2015-12-09 17:39:20,463][com.java.SeleniumDriver] [ 1100] - ?   P A S S   ?
[INFO ][2015-12-09 17:39:20,463][com.java.SeleniumDriver] [  821] - ------------------------------------------
[INFO ][2015-12-09 17:39:20,463][com.java.SeleniumDriver] [  822] - Test case being Executed: 2
[INFO ][2015-12-09 17:39:20,463][com.java.SeleniumDriver] [  833] - Test step:9
[INFO ][2015-12-09 17:39:20,463][com.java.SeleniumDriver] [  845] - Datavalue is----------null
[DEBUG][2015-12-09 17:39:20,464][com.java.SeleniumDriver] [  863] - Exception: null
[INFO ][2015-12-09 17:39:20,464][com.java.SeleniumDriver] [  869] - DataField : XPH//span[@class='glyphicon glyphicon-plus']
[INFO ][2015-12-09 17:39:20,464][com.java.SeleniumDriver] [  871] - DataValue : 
[INFO ][2015-12-09 17:39:20,464][com.java.SeleniumDriver] [  877] - <In Set values of the page>
[INFO ][2015-12-09 17:39:20,465][com.java.SeleniumDriver] [  880] - {Data Fields & Data Values Exist}
[INFO ][2015-12-09 17:39:20,465][com.java.SeleniumDriver] [  882] - --------------------------setting values-----------------------------
[INFO ][2015-12-09 17:39:20,465][com.java.SeleniumDriver] [  885] - Action Type : CLICK
[INFO ][2015-12-09 17:39:20,466][com.java.TestType] [ 5777] - Field ::XPH//span[@class='glyphicon glyphicon-plus']
[INFO ][2015-12-09 17:39:21,466][com.java.TestType] [ 5871] - BEFORE CLICK
[INFO ][2015-12-09 17:39:22,271][com.java.TestType] [ 5879] - Unable to click the object +' Button
[INFO ][2015-12-09 17:39:22,271][com.java.SeleniumDriver] [  894] -  RESULT true
[INFO ][2015-12-09 17:39:22,271][com.java.SeleniumDriver] [ 1100] - ?   P A S S   ?
[INFO ][2015-12-09 17:39:22,271][com.java.SeleniumDriver] [  821] - ------------------------------------------
[INFO ][2015-12-09 17:39:22,271][com.java.SeleniumDriver] [  822] - Test case being Executed: 2
[INFO ][2015-12-09 17:39:22,271][com.java.SeleniumDriver] [  833] - Test step:10
[INFO ][2015-12-09 17:39:22,271][com.java.SeleniumDriver] [  845] - Datavalue is----------3
[INFO ][2015-12-09 17:39:22,271][com.java.SeleniumDriver] [  869] - DataField : XPH//span[@class='dlg_Label']
[INFO ][2015-12-09 17:39:22,271][com.java.SeleniumDriver] [  871] - DataValue : 3
[INFO ][2015-12-09 17:39:22,271][com.java.SeleniumDriver] [  877] - <In Set values of the page>
[INFO ][2015-12-09 17:39:22,271][com.java.SeleniumDriver] [  880] - {Data Fields & Data Values Exist}
[INFO ][2015-12-09 17:39:22,271][com.java.SeleniumDriver] [  882] - --------------------------setting values-----------------------------
[INFO ][2015-12-09 17:39:22,271][com.java.SeleniumDriver] [  885] - Action Type : WAITFORELEMENT
[INFO ][2015-12-09 17:39:22,294][com.java.SeleniumDriver] [  894] -  RESULT true
[INFO ][2015-12-09 17:39:22,294][com.java.SeleniumDriver] [ 1100] - ?   P A S S   ?
[INFO ][2015-12-09 17:39:22,294][com.java.SeleniumDriver] [  821] - ------------------------------------------
[INFO ][2015-12-09 17:39:22,294][com.java.SeleniumDriver] [  822] - Test case being Executed: 2
[INFO ][2015-12-09 17:39:22,294][com.java.SeleniumDriver] [  833] - Test step:11
[INFO ][2015-12-09 17:39:22,294][com.java.SeleniumDriver] [  845] - Datavalue is----------Package Name
[INFO ][2015-12-09 17:39:22,294][com.java.SeleniumDriver] [  869] - DataField : XPH//span[@class='dlg_Label']
[INFO ][2015-12-09 17:39:22,295][com.java.SeleniumDriver] [  871] - DataValue : Package Name
[INFO ][2015-12-09 17:39:22,295][com.java.SeleniumDriver] [  877] - <In Set values of the page>
[INFO ][2015-12-09 17:39:22,295][com.java.SeleniumDriver] [  880] - {Data Fields & Data Values Exist}
[INFO ][2015-12-09 17:39:22,295][com.java.SeleniumDriver] [  882] - --------------------------setting values-----------------------------
[INFO ][2015-12-09 17:39:22,295][com.java.SeleniumDriver] [  885] - Action Type : VERIFY
[INFO ][2015-12-09 17:39:22,295][com.java.TestType] [ 6677] - field= XPH//span[@class='dlg_Label'] value= Package Name
[INFO ][2015-12-09 17:39:22,295][com.java.TestType] [ 5449] - value = Package Name
[ERROR][2015-12-09 17:39:22,426][com.java.TestType] [ 7165] - Element  not found :Package Name
[INFO ][2015-12-09 17:39:22,426][com.java.SeleniumDriver] [  894] -  RESULT false
[INFO ][2015-12-09 17:39:22,426][com.java.SeleniumDriver] [  941] - ?   F A I L   ?
[INFO ][2015-12-09 17:39:22,426][com.java.SeleniumDriver] [  949] - Browser Type : IE10
[INFO ][2015-12-09 17:39:22,426][com.java.SeleniumDriver] [  950] - Adding Failed case2
[INFO ][2015-12-09 17:39:22,776][com.java.SeleniumDriver] [ 1064] - failedCases = 2
[ERROR][2015-12-09 17:39:22,777][com.java.SeleniumDriver] [ 1561] - Platform Errors : Our apologies...::We have encountered an issue with your request.::Our apologies?:We encountered an issue with your request.
[INFO ][2015-12-09 17:39:22,777][com.java.SeleniumDriver] [ 1565] - Length =3
[ERROR][2015-12-09 17:39:22,777][com.java.SeleniumDriver] [ 1568] - Error 0 = Our apologies...
[ERROR][2015-12-09 17:39:22,882][com.java.SeleniumDriver] [ 1568] - Error 1 = We have encountered an issue with your request.
[ERROR][2015-12-09 17:39:22,898][com.java.SeleniumDriver] [ 1568] - Error 2 = Our apologies?:We encountered an issue with your request.
[INFO ][2015-12-09 17:39:22,912][com.java.SeleniumDriver] [ 1579] - strError:
[DEBUG][2015-12-09 17:39:22,923][com.java.SeleniumDriver] [ 1212] - Case found
[DEBUG][2015-12-09 17:39:22,924][com.java.SeleniumDriver] [ 1217] - Incrementing ReportCounters[0]:2
[INFO ][2015-12-09 17:39:22,924][com.java.SeleniumDriver] [ 1236] - The results are-------------------[2, 11, Report Packages: Add Regular Report Package, Fail, 
Test case failed at Step No. :: 11   Error Message ::  Element not found:Package Name. Screen Shot : D:\BankersDashboard\TestReports\120915\2_120915_173922_IE10.png, Wed Dec 09 17:39:22 IST 2015]
[INFO ][2015-12-09 17:39:22,924][com.java.SeleniumDriver] [ 1240] - End time is-------1 min 30 sec
[INFO ][2015-12-09 17:39:22,924][com.java.SeleniumDriver] [ 1241] - The results are-------------------[2, 11, Report Packages: Add Regular Report Package, Fail, 
Test case failed at Step No. :: 11   Error Message ::  Element not found:Package Name. Screen Shot : D:\BankersDashboard\TestReports\120915\2_120915_173922_IE10.png, Wed Dec 09 17:39:22 IST 2015]
[DEBUG][2015-12-09 17:39:22,924][com.java.ImportnExport.ExportTestResultsExcel] [  222] - testResultPath = D:\BankersDashboard/TestReports/Test Results_BankersDashBoard_120915_173754_IE10_CB&S Bank.xls
[DEBUG][2015-12-09 17:39:22,924][com.java.ImportnExport.ExportTestResultsExcel] [  223] - browser is------------IE10
[DEBUG][2015-12-09 17:39:22,926][com.java.ImportnExport.ExportTestResultsExcel] [  270] - result.size() = 6
[DEBUG][2015-12-09 17:39:22,926][com.java.ImportnExport.ExportTestResultsExcel] [  274] - No of rows in sheet=2
[DEBUG][2015-12-09 17:39:22,926][com.java.ImportnExport.ExportTestResultsExcel] [  301] - ..in export..2
[DEBUG][2015-12-09 17:39:22,926][com.java.ImportnExport.ExportTestResultsExcel] [  301] - ..in export..Report Packages: Add Regular Report Package
[DEBUG][2015-12-09 17:39:22,926][com.java.ImportnExport.ExportTestResultsExcel] [  301] - ..in export..Fail
[DEBUG][2015-12-09 17:39:22,927][com.java.ImportnExport.ExportTestResultsExcel] [  301] - ..in export..
Test case failed at Step No. :: 11   Error Message ::  Element not found:Package Name. Screen Shot : D:\BankersDashboard\TestReports\120915\2_120915_173922_IE10.png
[DEBUG][2015-12-09 17:39:22,927][com.java.ImportnExport.ExportTestResultsExcel] [  301] - ..in export..Wed Dec 09 17:39:22 IST 2015
[INFO ][2015-12-09 17:39:22,928][com.java.SeleniumDriver] [ 1299] - out loop:1 size:2 TestCases:[1, 2] testcases:[1, 2]
[INFO ][2015-12-09 17:39:24,928][com.java.SeleniumDriver] [ 1342] - Total Number of Cases:2
[INFO ][2015-12-09 17:39:24,928][com.java.TemplateGenerator] [  302] - Executed:2
[INFO ][2015-12-09 17:39:24,928][com.java.TemplateGenerator] [  303] - Passed:1
[INFO ][2015-12-09 17:39:24,928][com.java.TemplateGenerator] [  304] - Failed:1
[INFO ][2015-12-09 17:39:24,928][com.java.TemplateGenerator] [  305] - Skipeed:0
[INFO ][2015-12-09 17:39:24,928][com.java.TemplateGenerator] [  306] - Application URL:https://clients-xuat.bankersdashboard.com
[INFO ][2015-12-09 17:39:24,928][com.java.TemplateGenerator] [  307] - Start Time:120915_173754
[INFO ][2015-12-09 17:39:24,928][com.java.TemplateGenerator] [  308] -  Creating HTML Report 
[ERROR][2015-12-09 17:39:24,929][com.java.TemplateGenerator] [  409] - Unparseable date: "Wed Dec 09 05:37:54 IST 2015"
[INFO ][2015-12-09 17:39:24,929][com.java.TemplateGenerator] [  654] -  Exporting case :: 1
[INFO ][2015-12-09 17:39:24,929][com.java.TemplateGenerator] [  654] -  Exporting case :: 2
[INFO ][2015-12-09 17:39:24,935][com.java.SeleniumDriver] [ 1391] - End Time:120915_173924
[INFO ][2015-12-09 17:39:24,935][com.java.SeleniumDriver] [ 1394] - Data in Test Execution Details:{1=PASS, 2=FAILTest case failed at Step No. :: 11   Error Message ::  Element not found:Package Name}
[INFO ][2015-12-09 17:39:24,935][com.java.SeleniumDriver] [ 1395] - Data in Failed Execution Deatils:{}
[INFO ][2015-12-09 17:39:24,935][com.java.SeleniumDriver] [ 1397] - ReportCounter:Total:2 :: PASS: 1 ::FAIL: 1
[INFO ][2015-12-09 17:39:24,935][com.java.SeleniumDriver] [ 1398] - FailedReportCounter:Total:0 :: PASS: 0 ::FAIL: 0
[INFO ][2015-12-09 17:39:24,941][com.java.EmailTestReport] [   63] - Sending report mail details:
[INFO ][2015-12-09 17:39:24,941][com.java.EmailTestReport] [   80] - Excel Report Path:D:\BankersDashboard/TestReports/Test Results_BankersDashBoard_120915_173754_IE10_CB&S Bank.xls
[INFO ][2015-12-09 17:39:24,941][com.java.EmailTestReport] [   81] - HTML Report Path:D:\BankersDashboard//TestReports//Test Results_BankersDashBoard_120915_173754_IE10_CB&S Bank.html
[INFO ][2015-12-09 17:39:24,941][com.java.EmailTestReport] [   82] - smtpHostName:mail01.valuelabs.com
[INFO ][2015-12-09 17:39:24,941][com.java.EmailTestReport] [   83] - Recipient:venkateswararao.gubbala@valuelabs.com;
[INFO ][2015-12-09 17:39:24,941][com.java.EmailTestReport] [   84] - From:venkateswararao.gubbala@valuelabs.com;
[INFO ][2015-12-09 17:39:24,941][com.java.EmailTestReport] [   85] - Subject:Deluxe Corp Bankers Dashboard Automation Test Report - CB&S Bank - IE10
[INFO ][2015-12-09 17:39:24,957][com.java.EmailTestReport] [  143] -  Added venkateswararao.gubbala@valuelabs.com
[INFO ][2015-12-09 17:39:28,328][com.java.SeleniumDriver] [  720] - quitting the browser 
[INFO ][2015-12-09 17:39:30,037][com.java.SeleniumDriver] [  264] - Execution Completed Stopping the thread
