[INFO ][2016-01-21 14:57:47,711][com.java.SeleniumDriver] [  213] - Execute Failed Casesfalse
[INFO ][2016-01-21 14:57:47,712][com.java.SeleniumDriver] [  214] - Browser: IE10
[INFO ][2016-01-21 14:57:47,712][com.java.SeleniumDriver] [  215] - [1, 5]
[INFO ][2016-01-21 14:57:47,712][com.java.SeleniumDriver] [  216] - Total TestCases:2
[INFO ][2016-01-21 14:57:47,712][com.java.SeleniumDriver] [  217] -  Reading Properties from Property File 
[DEBUG][2016-01-21 14:57:47,712][com.java.SeleniumDriver] [  238] - url : https://clients-xuat.bankersdashboard.com
[INFO ][2016-01-21 14:57:47,713][com.java.ImportnExport.ExportTestResultsExcel] [  116] - Time Stamp Thu Jan 21 02:57:47 IST 2016
[INFO ][2016-01-21 14:57:47,714][com.java.ImportnExport.ExportTestResultsExcel] [  175] - OUT FILE : D:\BankersDashboard/TestReports/Test Results_BankersDashBoard_012116_145747_IE10_Any Bank USA.xls
[INFO ][2016-01-21 14:57:47,741][com.java.ImportnExport.ExportTestResultsExcel] [  180] - Test Result file is created
[DEBUG][2016-01-21 14:57:47,826][com.java.SeleniumDriver] [  426] - Hub ip address is-------172.17.68.34
[INFO ][2016-01-21 14:57:47,826][com.java.SeleniumDriver] [  452] - Grid URL:http://172.17.68.34:4444/wd/hub
[INFO ][2016-01-21 14:57:47,827][com.java.SeleniumDriver] [  453] - Capability:Capabilities [{platform=ANY, ensureCleanSession=true, ignoreProtectedModeSettings=true, acceptSslCerts=true, ignoreZoomSetting=true, browserName=internet explorer, browserstack.ie.noFlash=true, version=null}]
[ERROR][2016-01-21 14:57:49,155][com.java.SeleniumDriver] [  498] - Unable invoke browser in grid:Could not start a new session. Possible causes are invalid address of the remote server or browser start-up failure.
Build info: version: '2.48.2', revision: '41bccdd', time: '2015-10-09 19:59:12'
System info: host: 'FVTIII438F1D', ip: '172.17.68.34', os.name: 'Windows 7', os.arch: 'x86', os.version: '6.1', java.version: '1.7.0_55'
Driver info: driver.version: SeleniumDriver
[INFO ][2016-01-21 14:57:49,155][com.java.SeleniumDriver] [  500] - Executing on local machine
[INFO ][2016-01-21 14:57:59,701][com.java.SeleniumDriver] [  248] - IE10is opened
[INFO ][2016-01-21 14:58:00,542][com.java.SeleniumDriver] [  756] - Test cases to be executed are: [1, 5]
[INFO ][2016-01-21 14:58:00,564][com.java.ImportnExport.ImportTestDataDetailsExcel] [   49] - test data details path===== D:\BankersDashboard\TestInputs\TestData.xls
[INFO ][2016-01-21 14:58:00,639][com.java.SeleniumDriver] [  856] - ------------------------------------------
[INFO ][2016-01-21 14:58:00,639][com.java.SeleniumDriver] [  857] - Test case being Executed: 1
[INFO ][2016-01-21 14:58:00,639][com.java.SeleniumDriver] [  869] - Test step:1
[INFO ][2016-01-21 14:58:00,639][com.java.SeleniumDriver] [  881] - Datavalue is----------Concept#1:1-14
[INFO ][2016-01-21 14:58:00,640][com.java.SeleniumDriver] [  905] - DataField : test
[INFO ][2016-01-21 14:58:00,640][com.java.SeleniumDriver] [  907] - DataValue : Concept#1:1-14
[INFO ][2016-01-21 14:58:00,640][com.java.SeleniumDriver] [  913] - <In Set values of the page>
[INFO ][2016-01-21 14:58:00,640][com.java.SeleniumDriver] [  916] - {Data Fields & Data Values Exist}
[INFO ][2016-01-21 14:58:00,640][com.java.SeleniumDriver] [  918] - --------------------------setting values-----------------------------
[INFO ][2016-01-21 14:58:00,640][com.java.SeleniumDriver] [  921] - Action Type : ExecuteTestCase
[INFO ][2016-01-21 14:58:00,661][com.java.TestType] [  442] - The Concept sheet name is ---------- Concept
[INFO ][2016-01-21 14:58:00,661][com.java.TestType] [  445] - The Concept ID  is ---------- 1
[DEBUG][2016-01-21 14:58:00,661][com.java.TestType] [  449] - Steps being executted in the Concept are: 1:14
[INFO ][2016-01-21 14:58:00,661][com.java.TestType] [  456] - Test data details path ---------- D:\BankersDashboard\TestInputs\TestData.xls
[INFO ][2016-01-21 14:58:00,683][com.java.TestType] [  487] -  str(1) = 1
[INFO ][2016-01-21 14:58:00,684][com.java.TestType] [  490] - Test case Id is---1
[INFO ][2016-01-21 14:58:00,684][com.java.TestType] [  492] - 1
[INFO ][2016-01-21 14:58:00,684][com.java.TestType] [  487] -  str(2) = 1
[INFO ][2016-01-21 14:58:00,688][com.java.TestType] [  487] -  str(1) = 1
[INFO ][2016-01-21 14:58:00,688][com.java.TestType] [  490] - Test case Id is---1
[INFO ][2016-01-21 14:58:00,688][com.java.TestType] [  492] - 1
[INFO ][2016-01-21 14:58:00,688][com.java.TestType] [  487] -  str(2) = 2
[INFO ][2016-01-21 14:58:00,690][com.java.TestType] [  487] -  str(1) = 1
[INFO ][2016-01-21 14:58:00,690][com.java.TestType] [  490] - Test case Id is---1
[INFO ][2016-01-21 14:58:00,690][com.java.TestType] [  492] - 1
[INFO ][2016-01-21 14:58:00,690][com.java.TestType] [  487] -  str(2) = 3
[INFO ][2016-01-21 14:58:00,691][com.java.TestType] [  487] -  str(1) = 1
[INFO ][2016-01-21 14:58:00,691][com.java.TestType] [  490] - Test case Id is---1
[INFO ][2016-01-21 14:58:00,691][com.java.TestType] [  492] - 1
[INFO ][2016-01-21 14:58:00,691][com.java.TestType] [  487] -  str(2) = 4
[INFO ][2016-01-21 14:58:00,693][com.java.TestType] [  487] -  str(1) = 1
[INFO ][2016-01-21 14:58:00,693][com.java.TestType] [  490] - Test case Id is---1
[INFO ][2016-01-21 14:58:00,693][com.java.TestType] [  492] - 1
[INFO ][2016-01-21 14:58:00,693][com.java.TestType] [  487] -  str(2) = 5
[INFO ][2016-01-21 14:58:00,694][com.java.TestType] [  487] -  str(1) = 1
[INFO ][2016-01-21 14:58:00,694][com.java.TestType] [  490] - Test case Id is---1
[INFO ][2016-01-21 14:58:00,694][com.java.TestType] [  492] - 1
[INFO ][2016-01-21 14:58:00,694][com.java.TestType] [  487] -  str(2) = 6
[INFO ][2016-01-21 14:58:00,698][com.java.TestType] [  487] -  str(1) = 1
[INFO ][2016-01-21 14:58:00,698][com.java.TestType] [  490] - Test case Id is---1
[INFO ][2016-01-21 14:58:00,698][com.java.TestType] [  492] - 1
[INFO ][2016-01-21 14:58:00,698][com.java.TestType] [  487] -  str(2) = 7
[INFO ][2016-01-21 14:58:00,699][com.java.TestType] [  487] -  str(1) = 1
[INFO ][2016-01-21 14:58:00,699][com.java.TestType] [  490] - Test case Id is---1
[INFO ][2016-01-21 14:58:00,699][com.java.TestType] [  492] - 1
[INFO ][2016-01-21 14:58:00,699][com.java.TestType] [  487] -  str(2) = 8
[INFO ][2016-01-21 14:58:00,700][com.java.TestType] [  487] -  str(1) = 1
[INFO ][2016-01-21 14:58:00,700][com.java.TestType] [  490] - Test case Id is---1
[INFO ][2016-01-21 14:58:00,700][com.java.TestType] [  492] - 1
[INFO ][2016-01-21 14:58:00,700][com.java.TestType] [  487] -  str(2) = 9
[INFO ][2016-01-21 14:58:00,701][com.java.TestType] [  487] -  str(1) = 1
[INFO ][2016-01-21 14:58:00,701][com.java.TestType] [  490] - Test case Id is---1
[INFO ][2016-01-21 14:58:00,701][com.java.TestType] [  492] - 1
[INFO ][2016-01-21 14:58:00,701][com.java.TestType] [  487] -  str(2) = 10
[INFO ][2016-01-21 14:58:00,702][com.java.TestType] [  487] -  str(1) = 1
[INFO ][2016-01-21 14:58:00,702][com.java.TestType] [  490] - Test case Id is---1
[INFO ][2016-01-21 14:58:00,702][com.java.TestType] [  492] - 1
[INFO ][2016-01-21 14:58:00,702][com.java.TestType] [  487] -  str(2) = 11
[INFO ][2016-01-21 14:58:00,703][com.java.TestType] [  487] -  str(1) = 1
[INFO ][2016-01-21 14:58:00,703][com.java.TestType] [  490] - Test case Id is---1
[INFO ][2016-01-21 14:58:00,703][com.java.TestType] [  492] - 1
[INFO ][2016-01-21 14:58:00,704][com.java.TestType] [  487] -  str(2) = 12
[INFO ][2016-01-21 14:58:00,704][com.java.TestType] [  487] -  str(1) = 1
[INFO ][2016-01-21 14:58:00,704][com.java.TestType] [  490] - Test case Id is---1
[INFO ][2016-01-21 14:58:00,705][com.java.TestType] [  492] - 1
[INFO ][2016-01-21 14:58:00,705][com.java.TestType] [  487] -  str(2) = 13
[INFO ][2016-01-21 14:58:00,705][com.java.TestType] [  487] -  str(1) = 1
[INFO ][2016-01-21 14:58:00,706][com.java.TestType] [  490] - Test case Id is---1
[INFO ][2016-01-21 14:58:00,706][com.java.TestType] [  492] - 1
[INFO ][2016-01-21 14:58:00,707][com.java.TestType] [  487] -  str(2) = 14
[INFO ][2016-01-21 14:58:00,707][com.java.TestType] [11631] - Looping 1TCID = 1
[DEBUG][2016-01-21 14:58:00,707][com.java.TestType] [11672] - Concept ID:1 :: Step being Executed: 1::1
[INFO ][2016-01-21 14:58:00,708][com.java.TestType] [11710] - dataFields : TXTusername
[DEBUG][2016-01-21 14:58:00,708][com.java.TestType] [11716] - <In Set values of the page>
[DEBUG][2016-01-21 14:58:00,708][com.java.TestType] [11721] - {Data Fields & Data Values Exist}
[INFO ][2016-01-21 14:58:00,708][com.java.TestType] [11727] - --------------------------setting values-----------------------------
[INFO ][2016-01-21 14:58:00,708][com.java.TestType] [11730] - Action Type : CLEARANDENTER
[INFO ][2016-01-21 14:58:02,987][com.java.TestType] [ 6392] - value = naresh.nayini.00000
[INFO ][2016-01-21 14:58:05,366][com.java.TestType] [11749] -  RESULT true
[INFO ][2016-01-21 14:58:05,366][com.java.TestType] [11866] - ?   P A S S   ?
[DEBUG][2016-01-21 14:58:05,366][com.java.TestType] [11672] - Concept ID:1 :: Step being Executed: 1::2
[INFO ][2016-01-21 14:58:05,366][com.java.TestType] [11710] - dataFields : TXTpassword
[DEBUG][2016-01-21 14:58:05,366][com.java.TestType] [11716] - <In Set values of the page>
[DEBUG][2016-01-21 14:58:05,367][com.java.TestType] [11721] - {Data Fields & Data Values Exist}
[INFO ][2016-01-21 14:58:05,367][com.java.TestType] [11727] - --------------------------setting values-----------------------------
[INFO ][2016-01-21 14:58:05,367][com.java.TestType] [11730] - Action Type : CLEARANDENTER
[INFO ][2016-01-21 14:58:07,637][com.java.TestType] [ 6392] - value = Password1*
[INFO ][2016-01-21 14:58:10,152][com.java.TestType] [11749] -  RESULT true
[INFO ][2016-01-21 14:58:10,152][com.java.TestType] [11866] - ?   P A S S   ?
[DEBUG][2016-01-21 14:58:10,153][com.java.TestType] [11672] - Concept ID:1 :: Step being Executed: 1::3
[ERROR][2016-01-21 14:58:10,153][com.java.TestType] [11705] - Exception: null
[INFO ][2016-01-21 14:58:10,153][com.java.TestType] [11710] - dataFields : XPH//button[@type='submit']
[DEBUG][2016-01-21 14:58:10,153][com.java.TestType] [11716] - <In Set values of the page>
[DEBUG][2016-01-21 14:58:10,153][com.java.TestType] [11721] - {Data Fields & Data Values Exist}
[INFO ][2016-01-21 14:58:10,153][com.java.TestType] [11727] - --------------------------setting values-----------------------------
[INFO ][2016-01-21 14:58:10,153][com.java.TestType] [11730] - Action Type : Click
[INFO ][2016-01-21 14:58:10,153][com.java.TestType] [ 6771] - Field ::XPH//button[@type='submit']
[INFO ][2016-01-21 14:58:10,153][com.java.TestType] [ 6392] - value = 
[INFO ][2016-01-21 14:58:11,154][com.java.TestType] [ 6944] - BEFORE CLICK
[INFO ][2016-01-21 14:58:14,642][com.java.TestType] [ 6952] - Unable to click the object Login
[INFO ][2016-01-21 14:58:14,642][com.java.TestType] [11749] -  RESULT true
[INFO ][2016-01-21 14:58:14,642][com.java.TestType] [11866] - ?   P A S S   ?
[DEBUG][2016-01-21 14:58:14,642][com.java.TestType] [11672] - Concept ID:1 :: Step being Executed: 1::4
[INFO ][2016-01-21 14:58:14,642][com.java.TestType] [11710] - dataFields : LNKLogout
[DEBUG][2016-01-21 14:58:14,642][com.java.TestType] [11716] - <In Set values of the page>
[DEBUG][2016-01-21 14:58:14,642][com.java.TestType] [11721] - {Data Fields & Data Values Exist}
[INFO ][2016-01-21 14:58:14,642][com.java.TestType] [11727] - --------------------------setting values-----------------------------
[INFO ][2016-01-21 14:58:14,642][com.java.TestType] [11730] - Action Type : WaitForElement
[INFO ][2016-01-21 14:58:14,769][com.java.TestType] [11749] -  RESULT true
[INFO ][2016-01-21 14:58:14,769][com.java.TestType] [11866] - ?   P A S S   ?
[DEBUG][2016-01-21 14:58:14,769][com.java.TestType] [11672] - Concept ID:1 :: Step being Executed: 1::13
[INFO ][2016-01-21 14:58:14,769][com.java.TestType] [11710] - dataFields : LNK
[DEBUG][2016-01-21 14:58:14,769][com.java.TestType] [11716] - <In Set values of the page>
[DEBUG][2016-01-21 14:58:14,769][com.java.TestType] [11721] - {Data Fields & Data Values Exist}
[INFO ][2016-01-21 14:58:14,769][com.java.TestType] [11727] - --------------------------setting values-----------------------------
[INFO ][2016-01-21 14:58:14,770][com.java.TestType] [11730] - Action Type : Verify
[INFO ][2016-01-21 14:58:14,770][com.java.TestType] [ 7964] - field= LNK value= Logout
[INFO ][2016-01-21 14:58:14,771][com.java.TestType] [ 6392] - value = Logout
[INFO ][2016-01-21 14:58:14,808][com.java.TestType] [11749] -  RESULT true
[INFO ][2016-01-21 14:58:14,808][com.java.TestType] [11866] - ?   P A S S   ?
[DEBUG][2016-01-21 14:58:14,808][com.java.TestType] [11672] - Concept ID:1 :: Step being Executed: 1::14
[INFO ][2016-01-21 14:58:14,808][com.java.TestType] [11710] - dataFields : BTN
[DEBUG][2016-01-21 14:58:14,808][com.java.TestType] [11716] - <In Set values of the page>
[DEBUG][2016-01-21 14:58:14,808][com.java.TestType] [11721] - {Data Fields & Data Values Exist}
[INFO ][2016-01-21 14:58:14,809][com.java.TestType] [11727] - --------------------------setting values-----------------------------
[INFO ][2016-01-21 14:58:14,809][com.java.TestType] [11730] - Action Type : Verify
[INFO ][2016-01-21 14:58:14,809][com.java.TestType] [ 7964] - field= BTN value= //img[contains(@src,'bdlogo.jpg')]
[INFO ][2016-01-21 14:58:14,809][com.java.TestType] [ 6392] - value = //img[contains(@src,'bdlogo.jpg')]
[INFO ][2016-01-21 14:58:14,870][com.java.TestType] [11749] -  RESULT true
[INFO ][2016-01-21 14:58:14,870][com.java.TestType] [11866] - ?   P A S S   ?
[INFO ][2016-01-21 14:58:14,870][com.java.TestType] [11937] - Looping End......
[INFO ][2016-01-21 14:58:14,871][com.java.SeleniumDriver] [  930] -  RESULT true
[INFO ][2016-01-21 14:58:14,871][com.java.SeleniumDriver] [ 1136] - ?   P A S S   ?
[INFO ][2016-01-21 14:58:14,871][com.java.SeleniumDriver] [  856] - ------------------------------------------
[INFO ][2016-01-21 14:58:14,871][com.java.SeleniumDriver] [  857] - Test case being Executed: 1
[INFO ][2016-01-21 14:58:14,871][com.java.SeleniumDriver] [  869] - Test step:2
[INFO ][2016-01-21 14:58:14,872][com.java.SeleniumDriver] [  881] - Datavalue is----------Concept#2:1-2
[INFO ][2016-01-21 14:58:14,872][com.java.SeleniumDriver] [  905] - DataField : test
[INFO ][2016-01-21 14:58:14,872][com.java.SeleniumDriver] [  907] - DataValue : Concept#2:1-2
[INFO ][2016-01-21 14:58:14,872][com.java.SeleniumDriver] [  913] - <In Set values of the page>
[INFO ][2016-01-21 14:58:14,872][com.java.SeleniumDriver] [  916] - {Data Fields & Data Values Exist}
[INFO ][2016-01-21 14:58:14,872][com.java.SeleniumDriver] [  918] - --------------------------setting values-----------------------------
[INFO ][2016-01-21 14:58:14,872][com.java.SeleniumDriver] [  921] - Action Type : ExecuteTestCase
[INFO ][2016-01-21 14:58:14,873][com.java.TestType] [  442] - The Concept sheet name is ---------- Concept
[INFO ][2016-01-21 14:58:14,873][com.java.TestType] [  445] - The Concept ID  is ---------- 2
[DEBUG][2016-01-21 14:58:14,873][com.java.TestType] [  449] - Steps being executted in the Concept are: 1:2
[INFO ][2016-01-21 14:58:14,873][com.java.TestType] [  456] - Test data details path ---------- D:\BankersDashboard\TestInputs\TestData.xls
[INFO ][2016-01-21 14:58:14,890][com.java.TestType] [  487] -  str(1) = 2
[INFO ][2016-01-21 14:58:14,890][com.java.TestType] [  490] - Test case Id is---2
[INFO ][2016-01-21 14:58:14,890][com.java.TestType] [  492] - 2
[INFO ][2016-01-21 14:58:14,890][com.java.TestType] [  487] -  str(2) = 1
[INFO ][2016-01-21 14:58:14,893][com.java.TestType] [  487] -  str(1) = 2
[INFO ][2016-01-21 14:58:14,893][com.java.TestType] [  490] - Test case Id is---2
[INFO ][2016-01-21 14:58:14,893][com.java.TestType] [  492] - 2
[INFO ][2016-01-21 14:58:14,893][com.java.TestType] [  487] -  str(2) = 2
[INFO ][2016-01-21 14:58:14,894][com.java.TestType] [  487] -  str(1) = 2
[INFO ][2016-01-21 14:58:14,894][com.java.TestType] [  490] - Test case Id is---2
[INFO ][2016-01-21 14:58:14,894][com.java.TestType] [  492] - 2
[INFO ][2016-01-21 14:58:14,894][com.java.TestType] [  487] -  str(2) = 3
[INFO ][2016-01-21 14:58:14,895][com.java.TestType] [11631] - Looping 1TCID = 2
[DEBUG][2016-01-21 14:58:14,895][com.java.TestType] [11672] - Concept ID:2 :: Step being Executed: 2::1
[INFO ][2016-01-21 14:58:14,895][com.java.TestType] [11710] - dataFields : BNK//select[@id='bank']
[DEBUG][2016-01-21 14:58:14,895][com.java.TestType] [11716] - <In Set values of the page>
[DEBUG][2016-01-21 14:58:14,895][com.java.TestType] [11721] - {Data Fields & Data Values Exist}
[INFO ][2016-01-21 14:58:14,895][com.java.TestType] [11727] - --------------------------setting values-----------------------------
[INFO ][2016-01-21 14:58:14,895][com.java.TestType] [11730] - Action Type : Select
[INFO ][2016-01-21 14:58:14,895][com.java.TestType] [ 6392] - value = PFC
[INFO ][2016-01-21 14:58:15,115][com.java.TestType] [11749] -  RESULT true
[INFO ][2016-01-21 14:58:15,115][com.java.TestType] [11866] - ?   P A S S   ?
[DEBUG][2016-01-21 14:58:15,115][com.java.TestType] [11672] - Concept ID:2 :: Step being Executed: 2::2
[INFO ][2016-01-21 14:58:15,115][com.java.TestType] [11710] - dataFields : LNKLogout
[DEBUG][2016-01-21 14:58:15,115][com.java.TestType] [11716] - <In Set values of the page>
[DEBUG][2016-01-21 14:58:15,116][com.java.TestType] [11721] - {Data Fields & Data Values Exist}
[INFO ][2016-01-21 14:58:15,116][com.java.TestType] [11727] - --------------------------setting values-----------------------------
[INFO ][2016-01-21 14:58:15,116][com.java.TestType] [11730] - Action Type : WaitTime
[DEBUG][2016-01-21 14:58:15,116][com.java.TestType] [ 6206] - sleepTime: 5000
[INFO ][2016-01-21 14:58:20,117][com.java.TestType] [11749] -  RESULT true
[INFO ][2016-01-21 14:58:20,117][com.java.TestType] [11866] - ?   P A S S   ?
[INFO ][2016-01-21 14:58:20,117][com.java.TestType] [11937] - Looping End......
[INFO ][2016-01-21 14:58:20,118][com.java.SeleniumDriver] [  930] -  RESULT true
[INFO ][2016-01-21 14:58:20,118][com.java.SeleniumDriver] [ 1136] - ?   P A S S   ?
[INFO ][2016-01-21 14:58:20,119][com.java.SeleniumDriver] [  856] - ------------------------------------------
[INFO ][2016-01-21 14:58:20,119][com.java.SeleniumDriver] [  857] - Test case being Executed: 1
[INFO ][2016-01-21 14:58:20,119][com.java.SeleniumDriver] [  869] - Test step:3
[INFO ][2016-01-21 14:58:20,119][com.java.SeleniumDriver] [  881] - Datavalue is----------2
[INFO ][2016-01-21 14:58:20,119][com.java.SeleniumDriver] [  905] - DataField : XPH//button[contains(text(),'Add Content')]
[INFO ][2016-01-21 14:58:20,119][com.java.SeleniumDriver] [  907] - DataValue : 2
[INFO ][2016-01-21 14:58:20,119][com.java.SeleniumDriver] [  913] - <In Set values of the page>
[INFO ][2016-01-21 14:58:20,119][com.java.SeleniumDriver] [  916] - {Data Fields & Data Values Exist}
[INFO ][2016-01-21 14:58:20,119][com.java.SeleniumDriver] [  918] - --------------------------setting values-----------------------------
[INFO ][2016-01-21 14:58:20,119][com.java.SeleniumDriver] [  921] - Action Type : WAITFORELEMENT
[INFO ][2016-01-21 14:58:20,155][com.java.SeleniumDriver] [  930] -  RESULT true
[INFO ][2016-01-21 14:58:20,155][com.java.SeleniumDriver] [ 1136] - ?   P A S S   ?
[DEBUG][2016-01-21 14:58:20,155][com.java.SeleniumDriver] [ 1248] - Case found
[DEBUG][2016-01-21 14:58:20,155][com.java.SeleniumDriver] [ 1253] - Incrementing ReportCounters[0]:1
[INFO ][2016-01-21 14:58:20,156][com.java.SeleniumDriver] [ 1272] - The results are-------------------[1, 1, Valid Login, Pass, , Thu Jan 21 14:58:14 IST 2016, 1, 2, Valid Login, Pass, , Thu Jan 21 14:58:20 IST 2016, 1, 3, Valid Login, Pass, , Thu Jan 21 14:58:20 IST 2016]
[INFO ][2016-01-21 14:58:20,156][com.java.SeleniumDriver] [ 1276] - End time is-------34 sec
[INFO ][2016-01-21 14:58:20,156][com.java.SeleniumDriver] [ 1277] - The results are-------------------[1, 1, Valid Login, Pass, , Thu Jan 21 14:58:14 IST 2016, 1, 2, Valid Login, Pass, , Thu Jan 21 14:58:20 IST 2016, 1, 3, Valid Login, Pass, , Thu Jan 21 14:58:20 IST 2016]
[DEBUG][2016-01-21 14:58:20,156][com.java.ImportnExport.ExportTestResultsExcel] [  222] - testResultPath = D:\BankersDashboard/TestReports/Test Results_BankersDashBoard_012116_145747_IE10_Any Bank USA.xls
[DEBUG][2016-01-21 14:58:20,156][com.java.ImportnExport.ExportTestResultsExcel] [  223] - browser is------------IE10
[DEBUG][2016-01-21 14:58:20,203][com.java.ImportnExport.ExportTestResultsExcel] [  270] - result.size() = 18
[DEBUG][2016-01-21 14:58:20,203][com.java.ImportnExport.ExportTestResultsExcel] [  274] - No of rows in sheet=1
[DEBUG][2016-01-21 14:58:20,203][com.java.ImportnExport.ExportTestResultsExcel] [  301] - ..in export..1
[DEBUG][2016-01-21 14:58:20,203][com.java.ImportnExport.ExportTestResultsExcel] [  301] - ..in export..Valid Login
[DEBUG][2016-01-21 14:58:20,203][com.java.ImportnExport.ExportTestResultsExcel] [  301] - ..in export..Pass
[DEBUG][2016-01-21 14:58:20,203][com.java.ImportnExport.ExportTestResultsExcel] [  301] - ..in export..
[DEBUG][2016-01-21 14:58:20,203][com.java.ImportnExport.ExportTestResultsExcel] [  301] - ..in export..Thu Jan 21 14:58:14 IST 2016
[INFO ][2016-01-21 14:58:20,205][com.java.SeleniumDriver] [ 1337] - out loop:0 size:2 TestCases:[1, 5] testcases:[1, 5]
[INFO ][2016-01-21 14:58:20,205][com.java.ImportnExport.ImportTestDataDetailsExcel] [   49] - test data details path===== D:\BankersDashboard\TestInputs\TestData.xls
[INFO ][2016-01-21 14:58:35,477][com.java.SeleniumDriver] [  856] - ------------------------------------------
[INFO ][2016-01-21 14:58:35,477][com.java.SeleniumDriver] [  857] - Test case being Executed: 5
[INFO ][2016-01-21 14:58:35,477][com.java.SeleniumDriver] [  869] - Test step:1
[INFO ][2016-01-21 14:58:35,477][com.java.SeleniumDriver] [  881] - Datavalue is----------Logout
[INFO ][2016-01-21 14:58:35,477][com.java.SeleniumDriver] [  905] - DataField : BTN
[INFO ][2016-01-21 14:58:35,477][com.java.SeleniumDriver] [  907] - DataValue : Logout
[INFO ][2016-01-21 14:58:35,477][com.java.SeleniumDriver] [  913] - <In Set values of the page>
[INFO ][2016-01-21 14:58:35,479][com.java.SeleniumDriver] [  916] - {Data Fields & Data Values Exist}
[INFO ][2016-01-21 14:58:35,479][com.java.SeleniumDriver] [  918] - --------------------------setting values-----------------------------
[INFO ][2016-01-21 14:58:35,479][com.java.SeleniumDriver] [  921] - Action Type : Verify
[INFO ][2016-01-21 14:58:35,479][com.java.TestType] [ 7964] - field= BTN value= Logout
[INFO ][2016-01-21 14:58:35,479][com.java.TestType] [ 6392] - value = Logout
[INFO ][2016-01-21 14:58:35,550][com.java.SeleniumDriver] [  930] -  RESULT true
[INFO ][2016-01-21 14:58:35,550][com.java.SeleniumDriver] [ 1136] - ?   P A S S   ?
[INFO ][2016-01-21 14:58:35,550][com.java.SeleniumDriver] [ 1178] - step change to 3
[INFO ][2016-01-21 14:58:35,551][com.java.SeleniumDriver] [  856] - ------------------------------------------
[INFO ][2016-01-21 14:58:35,551][com.java.SeleniumDriver] [  857] - Test case being Executed: 5
[INFO ][2016-01-21 14:58:35,551][com.java.SeleniumDriver] [  869] - Test step:3
[INFO ][2016-01-21 14:58:35,551][com.java.SeleniumDriver] [  881] - Datavalue is----------Concept#2:1-2
[INFO ][2016-01-21 14:58:35,551][com.java.SeleniumDriver] [  905] - DataField : test
[INFO ][2016-01-21 14:58:35,551][com.java.SeleniumDriver] [  907] - DataValue : Concept#2:1-2
[INFO ][2016-01-21 14:58:35,551][com.java.SeleniumDriver] [  913] - <In Set values of the page>
[INFO ][2016-01-21 14:58:35,551][com.java.SeleniumDriver] [  916] - {Data Fields & Data Values Exist}
[INFO ][2016-01-21 14:58:35,551][com.java.SeleniumDriver] [  918] - --------------------------setting values-----------------------------
[INFO ][2016-01-21 14:58:35,553][com.java.SeleniumDriver] [  921] - Action Type : ExecuteTestCase
[INFO ][2016-01-21 14:58:35,553][com.java.TestType] [  442] - The Concept sheet name is ---------- Concept
[INFO ][2016-01-21 14:58:35,553][com.java.TestType] [  445] - The Concept ID  is ---------- 2
[DEBUG][2016-01-21 14:58:35,553][com.java.TestType] [  449] - Steps being executted in the Concept are: 1:2
[INFO ][2016-01-21 14:58:35,553][com.java.TestType] [  456] - Test data details path ---------- D:\BankersDashboard\TestInputs\TestData.xls
[INFO ][2016-01-21 14:58:35,570][com.java.TestType] [  487] -  str(1) = 2
[INFO ][2016-01-21 14:58:35,570][com.java.TestType] [  490] - Test case Id is---2
[INFO ][2016-01-21 14:58:35,570][com.java.TestType] [  492] - 2
[INFO ][2016-01-21 14:58:35,570][com.java.TestType] [  487] -  str(2) = 1
[INFO ][2016-01-21 14:58:35,571][com.java.TestType] [  487] -  str(1) = 2
[INFO ][2016-01-21 14:58:35,571][com.java.TestType] [  490] - Test case Id is---2
[INFO ][2016-01-21 14:58:35,571][com.java.TestType] [  492] - 2
[INFO ][2016-01-21 14:58:35,571][com.java.TestType] [  487] -  str(2) = 2
[INFO ][2016-01-21 14:58:35,572][com.java.TestType] [  487] -  str(1) = 2
[INFO ][2016-01-21 14:58:35,572][com.java.TestType] [  490] - Test case Id is---2
[INFO ][2016-01-21 14:58:35,572][com.java.TestType] [  492] - 2
[INFO ][2016-01-21 14:58:35,572][com.java.TestType] [  487] -  str(2) = 3
[INFO ][2016-01-21 14:58:35,573][com.java.TestType] [11631] - Looping 1TCID = 2
[DEBUG][2016-01-21 14:58:35,573][com.java.TestType] [11672] - Concept ID:2 :: Step being Executed: 2::1
[INFO ][2016-01-21 14:58:35,573][com.java.TestType] [11710] - dataFields : BNK//select[@id='bank']
[DEBUG][2016-01-21 14:58:35,573][com.java.TestType] [11716] - <In Set values of the page>
[DEBUG][2016-01-21 14:58:35,573][com.java.TestType] [11721] - {Data Fields & Data Values Exist}
[INFO ][2016-01-21 14:58:35,573][com.java.TestType] [11727] - --------------------------setting values-----------------------------
[INFO ][2016-01-21 14:58:35,574][com.java.TestType] [11730] - Action Type : Select
[INFO ][2016-01-21 14:58:35,574][com.java.TestType] [ 6392] - value = PFC
[INFO ][2016-01-21 14:58:35,762][com.java.TestType] [11749] -  RESULT true
[INFO ][2016-01-21 14:58:35,762][com.java.TestType] [11866] - ?   P A S S   ?
[DEBUG][2016-01-21 14:58:35,762][com.java.TestType] [11672] - Concept ID:2 :: Step being Executed: 2::2
[INFO ][2016-01-21 14:58:35,762][com.java.TestType] [11710] - dataFields : LNKLogout
[DEBUG][2016-01-21 14:58:35,762][com.java.TestType] [11716] - <In Set values of the page>
[DEBUG][2016-01-21 14:58:35,762][com.java.TestType] [11721] - {Data Fields & Data Values Exist}
[INFO ][2016-01-21 14:58:35,762][com.java.TestType] [11727] - --------------------------setting values-----------------------------
[INFO ][2016-01-21 14:58:35,763][com.java.TestType] [11730] - Action Type : WaitTime
[DEBUG][2016-01-21 14:58:35,763][com.java.TestType] [ 6206] - sleepTime: 5000
[INFO ][2016-01-21 14:58:40,764][com.java.TestType] [11749] -  RESULT true
[INFO ][2016-01-21 14:58:40,764][com.java.TestType] [11866] - ?   P A S S   ?
[INFO ][2016-01-21 14:58:40,764][com.java.TestType] [11937] - Looping End......
[INFO ][2016-01-21 14:58:40,765][com.java.SeleniumDriver] [  930] -  RESULT true
[INFO ][2016-01-21 14:58:40,765][com.java.SeleniumDriver] [ 1136] - ?   P A S S   ?
[INFO ][2016-01-21 14:58:40,765][com.java.SeleniumDriver] [  856] - ------------------------------------------
[INFO ][2016-01-21 14:58:40,765][com.java.SeleniumDriver] [  857] - Test case being Executed: 5
[INFO ][2016-01-21 14:58:40,766][com.java.SeleniumDriver] [  869] - Test step:4
[INFO ][2016-01-21 14:58:40,766][com.java.SeleniumDriver] [  881] - Datavalue is----------2
[INFO ][2016-01-21 14:58:40,766][com.java.SeleniumDriver] [  905] - DataField : BTNG/L
[INFO ][2016-01-21 14:58:40,766][com.java.SeleniumDriver] [  907] - DataValue : 2
[INFO ][2016-01-21 14:58:40,766][com.java.SeleniumDriver] [  913] - <In Set values of the page>
[INFO ][2016-01-21 14:58:40,766][com.java.SeleniumDriver] [  916] - {Data Fields & Data Values Exist}
[INFO ][2016-01-21 14:58:40,766][com.java.SeleniumDriver] [  918] - --------------------------setting values-----------------------------
[INFO ][2016-01-21 14:58:40,766][com.java.SeleniumDriver] [  921] - Action Type : WAITFORELEMENT
[INFO ][2016-01-21 14:58:40,811][com.java.SeleniumDriver] [  930] -  RESULT true
[INFO ][2016-01-21 14:58:40,811][com.java.SeleniumDriver] [ 1136] - ?   P A S S   ?
[INFO ][2016-01-21 14:58:40,811][com.java.SeleniumDriver] [  856] - ------------------------------------------
[INFO ][2016-01-21 14:58:40,811][com.java.SeleniumDriver] [  857] - Test case being Executed: 5
[INFO ][2016-01-21 14:58:40,812][com.java.SeleniumDriver] [  869] - Test step:5
[INFO ][2016-01-21 14:58:40,812][com.java.SeleniumDriver] [  881] - Datavalue is----------null
[DEBUG][2016-01-21 14:58:40,812][com.java.SeleniumDriver] [  899] - Exception: null
[INFO ][2016-01-21 14:58:40,812][com.java.SeleniumDriver] [  905] - DataField : //a[starts-with(normalize-space(.), 'Settings')]/span[2]&&//a[starts-with(normalize-space(.), 'Customize')]&&//li[@data-id='MyDashboard']/a[starts-with(text(), 'My Dashboard')]
[INFO ][2016-01-21 14:58:40,812][com.java.SeleniumDriver] [  907] - DataValue : 
[INFO ][2016-01-21 14:58:40,812][com.java.SeleniumDriver] [  913] - <In Set values of the page>
[INFO ][2016-01-21 14:58:40,812][com.java.SeleniumDriver] [  916] - {Data Fields & Data Values Exist}
[INFO ][2016-01-21 14:58:40,812][com.java.SeleniumDriver] [  918] - --------------------------setting values-----------------------------
[INFO ][2016-01-21 14:58:40,812][com.java.SeleniumDriver] [  921] - Action Type : MOUSEOVER
[INFO ][2016-01-21 14:59:07,591][com.java.SeleniumDriver] [  930] -  RESULT true
[INFO ][2016-01-21 14:59:07,591][com.java.SeleniumDriver] [ 1136] - ?   P A S S   ?
[INFO ][2016-01-21 14:59:07,591][com.java.SeleniumDriver] [  856] - ------------------------------------------
[INFO ][2016-01-21 14:59:07,591][com.java.SeleniumDriver] [  857] - Test case being Executed: 5
[INFO ][2016-01-21 14:59:07,591][com.java.SeleniumDriver] [  869] - Test step:6
[INFO ][2016-01-21 14:59:07,591][com.java.SeleniumDriver] [  881] - Datavalue is----------5
[INFO ][2016-01-21 14:59:07,591][com.java.SeleniumDriver] [  905] - DataField : BTN//iframe[@id='frameDialogContent']
[INFO ][2016-01-21 14:59:07,591][com.java.SeleniumDriver] [  907] - DataValue : 5
[INFO ][2016-01-21 14:59:07,591][com.java.SeleniumDriver] [  913] - <In Set values of the page>
[INFO ][2016-01-21 14:59:07,591][com.java.SeleniumDriver] [  916] - {Data Fields & Data Values Exist}
[INFO ][2016-01-21 14:59:07,591][com.java.SeleniumDriver] [  918] - --------------------------setting values-----------------------------
[INFO ][2016-01-21 14:59:07,591][com.java.SeleniumDriver] [  921] - Action Type : WAITFORELEMENT
[INFO ][2016-01-21 14:59:07,627][com.java.SeleniumDriver] [  930] -  RESULT true
[INFO ][2016-01-21 14:59:07,627][com.java.SeleniumDriver] [ 1136] - ?   P A S S   ?
[INFO ][2016-01-21 14:59:07,627][com.java.SeleniumDriver] [  856] - ------------------------------------------
[INFO ][2016-01-21 14:59:07,627][com.java.SeleniumDriver] [  857] - Test case being Executed: 5
[INFO ][2016-01-21 14:59:07,627][com.java.SeleniumDriver] [  869] - Test step:7
[INFO ][2016-01-21 14:59:07,628][com.java.SeleniumDriver] [  881] - Datavalue is----------null
[DEBUG][2016-01-21 14:59:07,628][com.java.SeleniumDriver] [  899] - Exception: null
[INFO ][2016-01-21 14:59:07,628][com.java.SeleniumDriver] [  905] - DataField : BTN//iframe[@id='frameDialogContent']
[INFO ][2016-01-21 14:59:07,628][com.java.SeleniumDriver] [  907] - DataValue : 
[INFO ][2016-01-21 14:59:07,628][com.java.SeleniumDriver] [  913] - <In Set values of the page>
[INFO ][2016-01-21 14:59:07,628][com.java.SeleniumDriver] [  916] - {Data Fields & Data Values Exist}
[INFO ][2016-01-21 14:59:07,628][com.java.SeleniumDriver] [  918] - --------------------------setting values-----------------------------
[INFO ][2016-01-21 14:59:07,628][com.java.SeleniumDriver] [  921] - Action Type : SELECTFRAME
[INFO ][2016-01-21 14:59:07,723][com.java.SeleniumDriver] [  930] -  RESULT true
[INFO ][2016-01-21 14:59:07,723][com.java.SeleniumDriver] [ 1136] - ?   P A S S   ?
[INFO ][2016-01-21 14:59:07,723][com.java.SeleniumDriver] [  856] - ------------------------------------------
[INFO ][2016-01-21 14:59:07,723][com.java.SeleniumDriver] [  857] - Test case being Executed: 5
[INFO ][2016-01-21 14:59:07,723][com.java.SeleniumDriver] [  869] - Test step:8
[INFO ][2016-01-21 14:59:07,723][com.java.SeleniumDriver] [  881] - Datavalue is----------#_keys
[INFO ][2016-01-21 14:59:07,724][com.java.SeleniumDriver] [  905] - DataField : XPH//td[starts-with(text(), '#_CAL')]
[INFO ][2016-01-21 14:59:07,724][com.java.SeleniumDriver] [  907] - DataValue : #_keys
[INFO ][2016-01-21 14:59:07,724][com.java.SeleniumDriver] [  913] - <In Set values of the page>
[INFO ][2016-01-21 14:59:07,724][com.java.SeleniumDriver] [  916] - {Data Fields & Data Values Exist}
[INFO ][2016-01-21 14:59:07,724][com.java.SeleniumDriver] [  918] - --------------------------setting values-----------------------------
[INFO ][2016-01-21 14:59:07,724][com.java.SeleniumDriver] [  921] - Action Type : STOREVALUE
[INFO ][2016-01-21 14:59:07,724][com.java.TestType] [ 9391] - field= XPH//td[starts-with(text(), '#_CAL')]
[DEBUG][2016-01-21 14:59:07,798][com.java.TestType] [ 9446] - Key:: #_keys   Value:: #_CAL89316
[INFO ][2016-01-21 14:59:07,798][com.java.SeleniumDriver] [  930] -  RESULT true
[INFO ][2016-01-21 14:59:07,798][com.java.SeleniumDriver] [ 1136] - ?   P A S S   ?
[INFO ][2016-01-21 14:59:07,798][com.java.SeleniumDriver] [  856] - ------------------------------------------
[INFO ][2016-01-21 14:59:07,798][com.java.SeleniumDriver] [  857] - Test case being Executed: 5
[INFO ][2016-01-21 14:59:07,798][com.java.SeleniumDriver] [  869] - Test step:9
[INFO ][2016-01-21 14:59:07,798][com.java.SeleniumDriver] [  881] - Datavalue is----------null
[DEBUG][2016-01-21 14:59:07,798][com.java.SeleniumDriver] [  899] - Exception: null
[INFO ][2016-01-21 14:59:07,799][com.java.SeleniumDriver] [  905] - DataField : BTNparent
[INFO ][2016-01-21 14:59:07,799][com.java.SeleniumDriver] [  907] - DataValue : 
[INFO ][2016-01-21 14:59:07,799][com.java.SeleniumDriver] [  913] - <In Set values of the page>
[INFO ][2016-01-21 14:59:07,799][com.java.SeleniumDriver] [  916] - {Data Fields & Data Values Exist}
[INFO ][2016-01-21 14:59:07,799][com.java.SeleniumDriver] [  918] - --------------------------setting values-----------------------------
[INFO ][2016-01-21 14:59:07,799][com.java.SeleniumDriver] [  921] - Action Type : SELECTFRAME
[INFO ][2016-01-21 14:59:07,814][com.java.SeleniumDriver] [  930] -  RESULT true
[INFO ][2016-01-21 14:59:07,815][com.java.SeleniumDriver] [ 1136] - ?   P A S S   ?
[INFO ][2016-01-21 14:59:07,815][com.java.SeleniumDriver] [  856] - ------------------------------------------
[INFO ][2016-01-21 14:59:07,815][com.java.SeleniumDriver] [  857] - Test case being Executed: 5
[INFO ][2016-01-21 14:59:07,815][com.java.SeleniumDriver] [  869] - Test step:10
[INFO ][2016-01-21 14:59:07,815][com.java.SeleniumDriver] [  881] - Datavalue is----------5
[INFO ][2016-01-21 14:59:07,815][com.java.SeleniumDriver] [  905] - DataField : XPH//span[contains(text(),'Finished')]
[INFO ][2016-01-21 14:59:07,815][com.java.SeleniumDriver] [  907] - DataValue : 5
[INFO ][2016-01-21 14:59:07,815][com.java.SeleniumDriver] [  913] - <In Set values of the page>
[INFO ][2016-01-21 14:59:07,815][com.java.SeleniumDriver] [  916] - {Data Fields & Data Values Exist}
[INFO ][2016-01-21 14:59:07,815][com.java.SeleniumDriver] [  918] - --------------------------setting values-----------------------------
[INFO ][2016-01-21 14:59:07,815][com.java.SeleniumDriver] [  921] - Action Type : WAITFORELEMENT
[INFO ][2016-01-21 14:59:07,850][com.java.SeleniumDriver] [  930] -  RESULT true
[INFO ][2016-01-21 14:59:07,850][com.java.SeleniumDriver] [ 1136] - ?   P A S S   ?
[INFO ][2016-01-21 14:59:07,850][com.java.SeleniumDriver] [  856] - ------------------------------------------
[INFO ][2016-01-21 14:59:07,850][com.java.SeleniumDriver] [  857] - Test case being Executed: 5
[INFO ][2016-01-21 14:59:07,851][com.java.SeleniumDriver] [  869] - Test step:11
[INFO ][2016-01-21 14:59:07,851][com.java.SeleniumDriver] [  881] - Datavalue is----------null
[DEBUG][2016-01-21 14:59:07,851][com.java.SeleniumDriver] [  899] - Exception: null
[INFO ][2016-01-21 14:59:07,851][com.java.SeleniumDriver] [  905] - DataField : HDN//span[contains(text(),'Finished')]
[INFO ][2016-01-21 14:59:07,851][com.java.SeleniumDriver] [  907] - DataValue : 
[INFO ][2016-01-21 14:59:07,851][com.java.SeleniumDriver] [  913] - <In Set values of the page>
[INFO ][2016-01-21 14:59:07,851][com.java.SeleniumDriver] [  916] - {Data Fields & Data Values Exist}
[INFO ][2016-01-21 14:59:07,851][com.java.SeleniumDriver] [  918] - --------------------------setting values-----------------------------
[INFO ][2016-01-21 14:59:07,851][com.java.SeleniumDriver] [  921] - Action Type : CLICK
[INFO ][2016-01-21 14:59:07,851][com.java.TestType] [ 6771] - Field ::HDN//span[contains(text(),'Finished')]
[INFO ][2016-01-21 14:59:07,851][com.java.TestType] [ 6392] - value = 
[INFO ][2016-01-21 14:59:08,996][com.java.SeleniumDriver] [  930] -  RESULT true
[INFO ][2016-01-21 14:59:08,996][com.java.SeleniumDriver] [ 1136] - ?   P A S S   ?
[INFO ][2016-01-21 14:59:08,998][com.java.SeleniumDriver] [  856] - ------------------------------------------
[INFO ][2016-01-21 14:59:08,998][com.java.SeleniumDriver] [  857] - Test case being Executed: 5
[INFO ][2016-01-21 14:59:08,998][com.java.SeleniumDriver] [  869] - Test step:12
[INFO ][2016-01-21 14:59:08,998][com.java.SeleniumDriver] [  881] - Datavalue is----------10
[INFO ][2016-01-21 14:59:08,998][com.java.SeleniumDriver] [  905] - DataField : DSP//div[@class='widgetBody']//tr[last()]
[INFO ][2016-01-21 14:59:08,998][com.java.SeleniumDriver] [  907] - DataValue : 10
[INFO ][2016-01-21 14:59:08,998][com.java.SeleniumDriver] [  913] - <In Set values of the page>
[INFO ][2016-01-21 14:59:08,998][com.java.SeleniumDriver] [  916] - {Data Fields & Data Values Exist}
[INFO ][2016-01-21 14:59:08,998][com.java.SeleniumDriver] [  918] - --------------------------setting values-----------------------------
[INFO ][2016-01-21 14:59:08,998][com.java.SeleniumDriver] [  921] - Action Type : WaitForElement
[INFO ][2016-01-21 14:59:09,126][com.java.SeleniumDriver] [  930] -  RESULT true
[INFO ][2016-01-21 14:59:09,126][com.java.SeleniumDriver] [ 1136] - ?   P A S S   ?
[INFO ][2016-01-21 14:59:09,126][com.java.SeleniumDriver] [  856] - ------------------------------------------
[INFO ][2016-01-21 14:59:09,126][com.java.SeleniumDriver] [  857] - Test case being Executed: 5
[INFO ][2016-01-21 14:59:09,126][com.java.SeleniumDriver] [  869] - Test step:13
[INFO ][2016-01-21 14:59:09,126][com.java.SeleniumDriver] [  881] - Datavalue is----------HMV#_keys
[INFO ][2016-01-21 14:59:09,126][com.java.SeleniumDriver] [  905] - DataField : MSG
[INFO ][2016-01-21 14:59:09,126][com.java.SeleniumDriver] [  907] - DataValue : HMV#_keys
[INFO ][2016-01-21 14:59:09,126][com.java.SeleniumDriver] [  913] - <In Set values of the page>
[INFO ][2016-01-21 14:59:09,126][com.java.SeleniumDriver] [  916] - {Data Fields & Data Values Exist}
[INFO ][2016-01-21 14:59:09,127][com.java.SeleniumDriver] [  918] - --------------------------setting values-----------------------------
[INFO ][2016-01-21 14:59:09,127][com.java.SeleniumDriver] [  921] - Action Type : verify
[INFO ][2016-01-21 14:59:09,127][com.java.TestType] [ 7964] - field= MSG value= HMV#_keys
[INFO ][2016-01-21 14:59:09,127][com.java.TestType] [ 6392] - value = #_CAL89316
[DEBUG][2016-01-21 14:59:09,127][com.java.TestType] [ 8794] - value :: #_CAL89316
[INFO ][2016-01-21 14:59:09,192][com.java.SeleniumDriver] [  930] -  RESULT true
[INFO ][2016-01-21 14:59:09,192][com.java.SeleniumDriver] [ 1136] - ?   P A S S   ?
[INFO ][2016-01-21 14:59:09,192][com.java.SeleniumDriver] [  856] - ------------------------------------------
[INFO ][2016-01-21 14:59:09,192][com.java.SeleniumDriver] [  857] - Test case being Executed: 5
[INFO ][2016-01-21 14:59:09,192][com.java.SeleniumDriver] [  869] - Test step:14
[INFO ][2016-01-21 14:59:09,192][com.java.SeleniumDriver] [  881] - Datavalue is----------5
[INFO ][2016-01-21 14:59:09,192][com.java.SeleniumDriver] [  905] - DataField : test
[INFO ][2016-01-21 14:59:09,192][com.java.SeleniumDriver] [  907] - DataValue : 5
[INFO ][2016-01-21 14:59:09,193][com.java.SeleniumDriver] [  913] - <In Set values of the page>
[INFO ][2016-01-21 14:59:09,193][com.java.SeleniumDriver] [  916] - {Data Fields & Data Values Exist}
[INFO ][2016-01-21 14:59:09,193][com.java.SeleniumDriver] [  918] - --------------------------setting values-----------------------------
[INFO ][2016-01-21 14:59:09,193][com.java.SeleniumDriver] [  921] - Action Type : WaitTime
[DEBUG][2016-01-21 14:59:09,193][com.java.TestType] [ 6206] - sleepTime: 5000
[INFO ][2016-01-21 14:59:14,193][com.java.SeleniumDriver] [  930] -  RESULT true
[INFO ][2016-01-21 14:59:14,193][com.java.SeleniumDriver] [ 1136] - ?   P A S S   ?
[INFO ][2016-01-21 14:59:14,193][com.java.SeleniumDriver] [  856] - ------------------------------------------
[INFO ][2016-01-21 14:59:14,193][com.java.SeleniumDriver] [  857] - Test case being Executed: 5
[INFO ][2016-01-21 14:59:14,193][com.java.SeleniumDriver] [  869] - Test step:15
[INFO ][2016-01-21 14:59:14,193][com.java.SeleniumDriver] [  881] - Datavalue is----------Concept#8:1-12
[INFO ][2016-01-21 14:59:14,193][com.java.SeleniumDriver] [  905] - DataField : test
[INFO ][2016-01-21 14:59:14,193][com.java.SeleniumDriver] [  907] - DataValue : Concept#8:1-12
[INFO ][2016-01-21 14:59:14,193][com.java.SeleniumDriver] [  913] - <In Set values of the page>
[INFO ][2016-01-21 14:59:14,193][com.java.SeleniumDriver] [  916] - {Data Fields & Data Values Exist}
[INFO ][2016-01-21 14:59:14,193][com.java.SeleniumDriver] [  918] - --------------------------setting values-----------------------------
[INFO ][2016-01-21 14:59:14,193][com.java.SeleniumDriver] [  921] - Action Type : ExecuteTestCase
[INFO ][2016-01-21 14:59:14,194][com.java.TestType] [  442] - The Concept sheet name is ---------- Concept
[INFO ][2016-01-21 14:59:14,194][com.java.TestType] [  445] - The Concept ID  is ---------- 8
[DEBUG][2016-01-21 14:59:14,194][com.java.TestType] [  449] - Steps being executted in the Concept are: 1:12
[INFO ][2016-01-21 14:59:14,194][com.java.TestType] [  456] - Test data details path ---------- D:\BankersDashboard\TestInputs\TestData.xls
[INFO ][2016-01-21 14:59:14,212][com.java.TestType] [  487] -  str(1) = 8
[INFO ][2016-01-21 14:59:14,212][com.java.TestType] [  490] - Test case Id is---8
[INFO ][2016-01-21 14:59:14,212][com.java.TestType] [  492] - 8
[INFO ][2016-01-21 14:59:14,212][com.java.TestType] [  487] -  str(2) = 1
[INFO ][2016-01-21 14:59:14,213][com.java.TestType] [  487] -  str(1) = 8
[INFO ][2016-01-21 14:59:14,213][com.java.TestType] [  490] - Test case Id is---8
[INFO ][2016-01-21 14:59:14,213][com.java.TestType] [  492] - 8
[INFO ][2016-01-21 14:59:14,213][com.java.TestType] [  487] -  str(2) = 2
[INFO ][2016-01-21 14:59:14,214][com.java.TestType] [  487] -  str(1) = 8
[INFO ][2016-01-21 14:59:14,214][com.java.TestType] [  490] - Test case Id is---8
[INFO ][2016-01-21 14:59:14,214][com.java.TestType] [  492] - 8
[INFO ][2016-01-21 14:59:14,214][com.java.TestType] [  487] -  str(2) = 3
[INFO ][2016-01-21 14:59:14,215][com.java.TestType] [  487] -  str(1) = 8
[INFO ][2016-01-21 14:59:14,215][com.java.TestType] [  490] - Test case Id is---8
[INFO ][2016-01-21 14:59:14,215][com.java.TestType] [  492] - 8
[INFO ][2016-01-21 14:59:14,215][com.java.TestType] [  487] -  str(2) = 4
[INFO ][2016-01-21 14:59:14,216][com.java.TestType] [  487] -  str(1) = 8
[INFO ][2016-01-21 14:59:14,216][com.java.TestType] [  490] - Test case Id is---8
[INFO ][2016-01-21 14:59:14,216][com.java.TestType] [  492] - 8
[INFO ][2016-01-21 14:59:14,216][com.java.TestType] [  487] -  str(2) = 5
[INFO ][2016-01-21 14:59:14,217][com.java.TestType] [  487] -  str(1) = 8
[INFO ][2016-01-21 14:59:14,217][com.java.TestType] [  490] - Test case Id is---8
[INFO ][2016-01-21 14:59:14,217][com.java.TestType] [  492] - 8
[INFO ][2016-01-21 14:59:14,217][com.java.TestType] [  487] -  str(2) = 6
[INFO ][2016-01-21 14:59:14,218][com.java.TestType] [  487] -  str(1) = 8
[INFO ][2016-01-21 14:59:14,218][com.java.TestType] [  490] - Test case Id is---8
[INFO ][2016-01-21 14:59:14,218][com.java.TestType] [  492] - 8
[INFO ][2016-01-21 14:59:14,218][com.java.TestType] [  487] -  str(2) = 7
[INFO ][2016-01-21 14:59:14,219][com.java.TestType] [  487] -  str(1) = 8
[INFO ][2016-01-21 14:59:14,219][com.java.TestType] [  490] - Test case Id is---8
[INFO ][2016-01-21 14:59:14,219][com.java.TestType] [  492] - 8
[INFO ][2016-01-21 14:59:14,219][com.java.TestType] [  487] -  str(2) = 8
[INFO ][2016-01-21 14:59:14,220][com.java.TestType] [  487] -  str(1) = 8
[INFO ][2016-01-21 14:59:14,220][com.java.TestType] [  490] - Test case Id is---8
[INFO ][2016-01-21 14:59:14,220][com.java.TestType] [  492] - 8
[INFO ][2016-01-21 14:59:14,220][com.java.TestType] [  487] -  str(2) = 9
[INFO ][2016-01-21 14:59:14,221][com.java.TestType] [  487] -  str(1) = 8
[INFO ][2016-01-21 14:59:14,221][com.java.TestType] [  490] - Test case Id is---8
[INFO ][2016-01-21 14:59:14,221][com.java.TestType] [  492] - 8
[INFO ][2016-01-21 14:59:14,221][com.java.TestType] [  487] -  str(2) = 10
[INFO ][2016-01-21 14:59:14,222][com.java.TestType] [  487] -  str(1) = 8
[INFO ][2016-01-21 14:59:14,222][com.java.TestType] [  490] - Test case Id is---8
[INFO ][2016-01-21 14:59:14,222][com.java.TestType] [  492] - 8
[INFO ][2016-01-21 14:59:14,222][com.java.TestType] [  487] -  str(2) = 11
[INFO ][2016-01-21 14:59:14,223][com.java.TestType] [  487] -  str(1) = 8
[INFO ][2016-01-21 14:59:14,223][com.java.TestType] [  490] - Test case Id is---8
[INFO ][2016-01-21 14:59:14,223][com.java.TestType] [  492] - 8
[INFO ][2016-01-21 14:59:14,223][com.java.TestType] [  487] -  str(2) = 12
[INFO ][2016-01-21 14:59:14,223][com.java.TestType] [11631] - Looping 1TCID = 8
[DEBUG][2016-01-21 14:59:14,223][com.java.TestType] [11672] - Concept ID:8 :: Step being Executed: 8::1
[ERROR][2016-01-21 14:59:14,224][com.java.TestType] [11705] - Exception: null
[INFO ][2016-01-21 14:59:14,224][com.java.TestType] [11710] - dataFields : BTNparent
[DEBUG][2016-01-21 14:59:14,224][com.java.TestType] [11716] - <In Set values of the page>
[DEBUG][2016-01-21 14:59:14,224][com.java.TestType] [11721] - {Data Fields & Data Values Exist}
[INFO ][2016-01-21 14:59:14,224][com.java.TestType] [11727] - --------------------------setting values-----------------------------
[INFO ][2016-01-21 14:59:14,224][com.java.TestType] [11730] - Action Type : SELECTFRAME
[INFO ][2016-01-21 14:59:14,239][com.java.TestType] [11749] -  RESULT true
[INFO ][2016-01-21 14:59:14,239][com.java.TestType] [11866] - ?   P A S S   ?
[DEBUG][2016-01-21 14:59:14,239][com.java.TestType] [11672] - Concept ID:8 :: Step being Executed: 8::2
[INFO ][2016-01-21 14:59:14,239][com.java.TestType] [11710] - dataFields : test
[DEBUG][2016-01-21 14:59:14,239][com.java.TestType] [11716] - <In Set values of the page>
[DEBUG][2016-01-21 14:59:14,239][com.java.TestType] [11721] - {Data Fields & Data Values Exist}
[INFO ][2016-01-21 14:59:14,240][com.java.TestType] [11727] - --------------------------setting values-----------------------------
[INFO ][2016-01-21 14:59:14,240][com.java.TestType] [11730] - Action Type : OPENURL
[INFO ][2016-01-21 14:59:14,241][com.java.TestType] [ 6392] - value = https://clients-xuat.bankersdashboard.com
[INFO ][2016-01-21 14:59:14,241][com.java.TestType] [  358] - Open URL : https://clients-xuat.bankersdashboard.com
[INFO ][2016-01-21 14:59:16,586][com.java.TestType] [11749] -  RESULT true
[INFO ][2016-01-21 14:59:16,586][com.java.TestType] [11866] - ?   P A S S   ?
[DEBUG][2016-01-21 14:59:16,587][com.java.TestType] [11672] - Concept ID:8 :: Step being Executed: 8::3
[ERROR][2016-01-21 14:59:16,587][com.java.TestType] [11705] - Exception: null
[INFO ][2016-01-21 14:59:16,587][com.java.TestType] [11710] - dataFields : //span[@class='icon-cog2']&&//ul[@id='Settings']/li/a&&//ul[@id='Customize']/li/a
[DEBUG][2016-01-21 14:59:16,587][com.java.TestType] [11716] - <In Set values of the page>
[DEBUG][2016-01-21 14:59:16,587][com.java.TestType] [11721] - {Data Fields & Data Values Exist}
[INFO ][2016-01-21 14:59:16,587][com.java.TestType] [11727] - --------------------------setting values-----------------------------
[INFO ][2016-01-21 14:59:16,587][com.java.TestType] [11730] - Action Type : MOUSEOVER
[INFO ][2016-01-21 14:59:43,430][com.java.TestType] [11749] -  RESULT true
[INFO ][2016-01-21 14:59:43,430][com.java.TestType] [11866] - ?   P A S S   ?
[DEBUG][2016-01-21 14:59:43,430][com.java.TestType] [11672] - Concept ID:8 :: Step being Executed: 8::4
[INFO ][2016-01-21 14:59:43,430][com.java.TestType] [11710] - dataFields : XPH//span[@class='ui-dialog-title']
[DEBUG][2016-01-21 14:59:43,430][com.java.TestType] [11716] - <In Set values of the page>
[DEBUG][2016-01-21 14:59:43,430][com.java.TestType] [11721] - {Data Fields & Data Values Exist}
[INFO ][2016-01-21 14:59:43,430][com.java.TestType] [11727] - --------------------------setting values-----------------------------
[INFO ][2016-01-21 14:59:43,430][com.java.TestType] [11730] - Action Type : Verify
[INFO ][2016-01-21 14:59:43,430][com.java.TestType] [ 7964] - field= XPH//span[@class='ui-dialog-title'] value= My Dashboard Indicators
[INFO ][2016-01-21 14:59:43,430][com.java.TestType] [ 6392] - value = My Dashboard Indicators
[INFO ][2016-01-21 14:59:43,546][com.java.TestType] [11749] -  RESULT true
[INFO ][2016-01-21 14:59:43,546][com.java.TestType] [11866] - ?   P A S S   ?
[DEBUG][2016-01-21 14:59:43,546][com.java.TestType] [11672] - Concept ID:8 :: Step being Executed: 8::5
[ERROR][2016-01-21 14:59:43,546][com.java.TestType] [11705] - Exception: null
[INFO ][2016-01-21 14:59:43,546][com.java.TestType] [11710] - dataFields : BTNframeDialogContent
[DEBUG][2016-01-21 14:59:43,546][com.java.TestType] [11716] - <In Set values of the page>
[DEBUG][2016-01-21 14:59:43,547][com.java.TestType] [11721] - {Data Fields & Data Values Exist}
[INFO ][2016-01-21 14:59:43,547][com.java.TestType] [11727] - --------------------------setting values-----------------------------
[INFO ][2016-01-21 14:59:43,547][com.java.TestType] [11730] - Action Type : selectframe
[INFO ][2016-01-21 14:59:44,789][com.java.TestType] [11749] -  RESULT true
[INFO ][2016-01-21 14:59:44,789][com.java.TestType] [11866] - ?   P A S S   ?
[DEBUG][2016-01-21 14:59:44,789][com.java.TestType] [11672] - Concept ID:8 :: Step being Executed: 8::6
[INFO ][2016-01-21 14:59:44,789][com.java.TestType] [11710] - dataFields : RCC//td[contains(text(),'mytext')]/following-sibling::td[7]//span[@class="glyphicon glyphicon-remove"]
[DEBUG][2016-01-21 14:59:44,789][com.java.TestType] [11716] - <In Set values of the page>
[DEBUG][2016-01-21 14:59:44,790][com.java.TestType] [11721] - {Data Fields & Data Values Exist}
[INFO ][2016-01-21 14:59:44,790][com.java.TestType] [11727] - --------------------------setting values-----------------------------
[INFO ][2016-01-21 14:59:44,790][com.java.TestType] [11730] - Action Type : CLICKWITHALERT
[INFO ][2016-01-21 14:59:55,931][com.java.TestType] [11749] -  RESULT true
[INFO ][2016-01-21 14:59:55,931][com.java.TestType] [11866] - ?   P A S S   ?
[DEBUG][2016-01-21 14:59:55,932][com.java.TestType] [11672] - Concept ID:8 :: Step being Executed: 8::8
[INFO ][2016-01-21 14:59:55,932][com.java.TestType] [11710] - dataFields : null
[DEBUG][2016-01-21 14:59:55,932][com.java.TestType] [11716] - <In Set values of the page>
[INFO ][2016-01-21 14:59:55,932][com.java.TestType] [11866] - ?   P A S S   ?
[DEBUG][2016-01-21 14:59:55,932][com.java.TestType] [11672] - Concept ID:8 :: Step being Executed: 8::9
[ERROR][2016-01-21 14:59:55,932][com.java.TestType] [11705] - Exception: null
[INFO ][2016-01-21 14:59:55,932][com.java.TestType] [11710] - dataFields : BTNparent
[DEBUG][2016-01-21 14:59:55,932][com.java.TestType] [11716] - <In Set values of the page>
[DEBUG][2016-01-21 14:59:55,932][com.java.TestType] [11721] - {Data Fields & Data Values Exist}
[INFO ][2016-01-21 14:59:55,932][com.java.TestType] [11727] - --------------------------setting values-----------------------------
[INFO ][2016-01-21 14:59:55,932][com.java.TestType] [11730] - Action Type : SELECTFRAME
[INFO ][2016-01-21 14:59:55,948][com.java.TestType] [11749] -  RESULT true
[INFO ][2016-01-21 14:59:55,948][com.java.TestType] [11866] - ?   P A S S   ?
[DEBUG][2016-01-21 14:59:55,948][com.java.TestType] [11672] - Concept ID:8 :: Step being Executed: 8::10
[ERROR][2016-01-21 14:59:55,948][com.java.TestType] [11705] - Exception: null
[INFO ][2016-01-21 14:59:55,948][com.java.TestType] [11710] - dataFields : HDN//span[contains(text(),'Finished')]
[DEBUG][2016-01-21 14:59:55,948][com.java.TestType] [11716] - <In Set values of the page>
[DEBUG][2016-01-21 14:59:55,949][com.java.TestType] [11721] - {Data Fields & Data Values Exist}
[INFO ][2016-01-21 14:59:55,949][com.java.TestType] [11727] - --------------------------setting values-----------------------------
[INFO ][2016-01-21 14:59:55,949][com.java.TestType] [11730] - Action Type : click
[INFO ][2016-01-21 14:59:55,949][com.java.TestType] [ 6771] - Field ::HDN//span[contains(text(),'Finished')]
[INFO ][2016-01-21 14:59:55,949][com.java.TestType] [ 6392] - value = 
[INFO ][2016-01-21 14:59:57,094][com.java.TestType] [11749] -  RESULT true
[INFO ][2016-01-21 14:59:57,094][com.java.TestType] [11866] - ?   P A S S   ?
[DEBUG][2016-01-21 14:59:57,094][com.java.TestType] [11672] - Concept ID:8 :: Step being Executed: 8::11
[INFO ][2016-01-21 14:59:57,094][com.java.TestType] [11710] - dataFields : XPH//div[contains(text(), 'My Dashboard')]
[DEBUG][2016-01-21 14:59:57,094][com.java.TestType] [11716] - <In Set values of the page>
[DEBUG][2016-01-21 14:59:57,094][com.java.TestType] [11721] - {Data Fields & Data Values Exist}
[INFO ][2016-01-21 14:59:57,095][com.java.TestType] [11727] - --------------------------setting values-----------------------------
[INFO ][2016-01-21 14:59:57,095][com.java.TestType] [11730] - Action Type : WAITFORELEMENT
[INFO ][2016-01-21 14:59:57,129][com.java.TestType] [11749] -  RESULT true
[INFO ][2016-01-21 14:59:57,129][com.java.TestType] [11866] - ?   P A S S   ?
[DEBUG][2016-01-21 14:59:57,129][com.java.TestType] [11672] - Concept ID:8 :: Step being Executed: 8::12
[INFO ][2016-01-21 14:59:57,130][com.java.TestType] [11710] - dataFields : BTN
[DEBUG][2016-01-21 14:59:57,130][com.java.TestType] [11716] - <In Set values of the page>
[DEBUG][2016-01-21 14:59:57,130][com.java.TestType] [11721] - {Data Fields & Data Values Exist}
[INFO ][2016-01-21 14:59:57,130][com.java.TestType] [11727] - --------------------------setting values-----------------------------
[INFO ][2016-01-21 14:59:57,130][com.java.TestType] [11730] - Action Type : Verify
[INFO ][2016-01-21 14:59:57,130][com.java.TestType] [ 7964] - field= BTN value= //div[contains(text(), 'My Dashboard')]
[INFO ][2016-01-21 14:59:57,130][com.java.TestType] [ 6392] - value = //div[contains(text(), 'My Dashboard')]
[INFO ][2016-01-21 14:59:57,201][com.java.TestType] [11749] -  RESULT true
[INFO ][2016-01-21 14:59:57,201][com.java.TestType] [11866] - ?   P A S S   ?
[INFO ][2016-01-21 14:59:57,201][com.java.TestType] [11937] - Looping End......
[INFO ][2016-01-21 14:59:57,203][com.java.SeleniumDriver] [  930] -  RESULT true
[INFO ][2016-01-21 14:59:57,203][com.java.SeleniumDriver] [ 1136] - ?   P A S S   ?
[INFO ][2016-01-21 14:59:57,203][com.java.SeleniumDriver] [  856] - ------------------------------------------
[INFO ][2016-01-21 14:59:57,203][com.java.SeleniumDriver] [  857] - Test case being Executed: 5
[INFO ][2016-01-21 14:59:57,203][com.java.SeleniumDriver] [  869] - Test step:16
[INFO ][2016-01-21 14:59:57,203][com.java.SeleniumDriver] [  881] - Datavalue is----------Concept#9:1-21
[INFO ][2016-01-21 14:59:57,203][com.java.SeleniumDriver] [  905] - DataField : test
[INFO ][2016-01-21 14:59:57,203][com.java.SeleniumDriver] [  907] - DataValue : Concept#9:1-21
[INFO ][2016-01-21 14:59:57,203][com.java.SeleniumDriver] [  913] - <In Set values of the page>
[INFO ][2016-01-21 14:59:57,203][com.java.SeleniumDriver] [  916] - {Data Fields & Data Values Exist}
[INFO ][2016-01-21 14:59:57,203][com.java.SeleniumDriver] [  918] - --------------------------setting values-----------------------------
[INFO ][2016-01-21 14:59:57,203][com.java.SeleniumDriver] [  921] - Action Type : ExecuteTestCase
[INFO ][2016-01-21 14:59:57,203][com.java.TestType] [  442] - The Concept sheet name is ---------- Concept
[INFO ][2016-01-21 14:59:57,203][com.java.TestType] [  445] - The Concept ID  is ---------- 9
[DEBUG][2016-01-21 14:59:57,204][com.java.TestType] [  449] - Steps being executted in the Concept are: 1:21
[INFO ][2016-01-21 14:59:57,204][com.java.TestType] [  456] - Test data details path ---------- D:\BankersDashboard\TestInputs\TestData.xls
[INFO ][2016-01-21 14:59:57,227][com.java.TestType] [  487] -  str(1) = 9
[INFO ][2016-01-21 14:59:57,227][com.java.TestType] [  490] - Test case Id is---9
[INFO ][2016-01-21 14:59:57,227][com.java.TestType] [  492] - 9
[INFO ][2016-01-21 14:59:57,227][com.java.TestType] [  487] -  str(2) = 1
[INFO ][2016-01-21 14:59:57,228][com.java.TestType] [  487] -  str(1) = 9
[INFO ][2016-01-21 14:59:57,229][com.java.TestType] [  490] - Test case Id is---9
[INFO ][2016-01-21 14:59:57,229][com.java.TestType] [  492] - 9
[INFO ][2016-01-21 14:59:57,229][com.java.TestType] [  487] -  str(2) = 2
[INFO ][2016-01-21 14:59:57,229][com.java.TestType] [  487] -  str(1) = 9
[INFO ][2016-01-21 14:59:57,229][com.java.TestType] [  490] - Test case Id is---9
[INFO ][2016-01-21 14:59:57,229][com.java.TestType] [  492] - 9
[INFO ][2016-01-21 14:59:57,229][com.java.TestType] [  487] -  str(2) = 3
[INFO ][2016-01-21 14:59:57,230][com.java.TestType] [  487] -  str(1) = 9
[INFO ][2016-01-21 14:59:57,230][com.java.TestType] [  490] - Test case Id is---9
[INFO ][2016-01-21 14:59:57,230][com.java.TestType] [  492] - 9
[INFO ][2016-01-21 14:59:57,230][com.java.TestType] [  487] -  str(2) = 4
[INFO ][2016-01-21 14:59:57,231][com.java.TestType] [  487] -  str(1) = 9
[INFO ][2016-01-21 14:59:57,231][com.java.TestType] [  490] - Test case Id is---9
[INFO ][2016-01-21 14:59:57,231][com.java.TestType] [  492] - 9
[INFO ][2016-01-21 14:59:57,231][com.java.TestType] [  487] -  str(2) = 5
[INFO ][2016-01-21 14:59:57,232][com.java.TestType] [  487] -  str(1) = 9
[INFO ][2016-01-21 14:59:57,232][com.java.TestType] [  490] - Test case Id is---9
[INFO ][2016-01-21 14:59:57,232][com.java.TestType] [  492] - 9
[INFO ][2016-01-21 14:59:57,233][com.java.TestType] [  487] -  str(2) = 6
[INFO ][2016-01-21 14:59:57,233][com.java.TestType] [  487] -  str(1) = 9
[INFO ][2016-01-21 14:59:57,233][com.java.TestType] [  490] - Test case Id is---9
[INFO ][2016-01-21 14:59:57,234][com.java.TestType] [  492] - 9
[INFO ][2016-01-21 14:59:57,234][com.java.TestType] [  487] -  str(2) = 7
[INFO ][2016-01-21 14:59:57,234][com.java.TestType] [  487] -  str(1) = 9
[INFO ][2016-01-21 14:59:57,234][com.java.TestType] [  490] - Test case Id is---9
[INFO ][2016-01-21 14:59:57,234][com.java.TestType] [  492] - 9
[INFO ][2016-01-21 14:59:57,234][com.java.TestType] [  487] -  str(2) = 8
[INFO ][2016-01-21 14:59:57,235][com.java.TestType] [  487] -  str(1) = 9
[INFO ][2016-01-21 14:59:57,235][com.java.TestType] [  490] - Test case Id is---9
[INFO ][2016-01-21 14:59:57,235][com.java.TestType] [  492] - 9
[INFO ][2016-01-21 14:59:57,235][com.java.TestType] [  487] -  str(2) = 9
[INFO ][2016-01-21 14:59:57,236][com.java.TestType] [  487] -  str(1) = 9
[INFO ][2016-01-21 14:59:57,236][com.java.TestType] [  490] - Test case Id is---9
[INFO ][2016-01-21 14:59:57,236][com.java.TestType] [  492] - 9
[INFO ][2016-01-21 14:59:57,236][com.java.TestType] [  487] -  str(2) = 10
[INFO ][2016-01-21 14:59:57,237][com.java.TestType] [  487] -  str(1) = 9
[INFO ][2016-01-21 14:59:57,237][com.java.TestType] [  490] - Test case Id is---9
[INFO ][2016-01-21 14:59:57,237][com.java.TestType] [  492] - 9
[INFO ][2016-01-21 14:59:57,237][com.java.TestType] [  487] -  str(2) = 11
[INFO ][2016-01-21 14:59:57,238][com.java.TestType] [  487] -  str(1) = 9
[INFO ][2016-01-21 14:59:57,238][com.java.TestType] [  490] - Test case Id is---9
[INFO ][2016-01-21 14:59:57,238][com.java.TestType] [  492] - 9
[INFO ][2016-01-21 14:59:57,238][com.java.TestType] [  487] -  str(2) = 12
[INFO ][2016-01-21 14:59:57,238][com.java.TestType] [  487] -  str(1) = 9
[INFO ][2016-01-21 14:59:57,239][com.java.TestType] [  490] - Test case Id is---9
[INFO ][2016-01-21 14:59:57,239][com.java.TestType] [  492] - 9
[INFO ][2016-01-21 14:59:57,239][com.java.TestType] [  487] -  str(2) = 13
[INFO ][2016-01-21 14:59:57,239][com.java.TestType] [  487] -  str(1) = 9
[INFO ][2016-01-21 14:59:57,239][com.java.TestType] [  490] - Test case Id is---9
[INFO ][2016-01-21 14:59:57,239][com.java.TestType] [  492] - 9
[INFO ][2016-01-21 14:59:57,239][com.java.TestType] [  487] -  str(2) = 14
[INFO ][2016-01-21 14:59:57,241][com.java.TestType] [  487] -  str(1) = 9
[INFO ][2016-01-21 14:59:57,241][com.java.TestType] [  490] - Test case Id is---9
[INFO ][2016-01-21 14:59:57,241][com.java.TestType] [  492] - 9
[INFO ][2016-01-21 14:59:57,241][com.java.TestType] [  487] -  str(2) = 15
[INFO ][2016-01-21 14:59:57,242][com.java.TestType] [  487] -  str(1) = 9
[INFO ][2016-01-21 14:59:57,242][com.java.TestType] [  490] - Test case Id is---9
[INFO ][2016-01-21 14:59:57,242][com.java.TestType] [  492] - 9
[INFO ][2016-01-21 14:59:57,242][com.java.TestType] [  487] -  str(2) = 16
[INFO ][2016-01-21 14:59:57,243][com.java.TestType] [  487] -  str(1) = 9
[INFO ][2016-01-21 14:59:57,243][com.java.TestType] [  490] - Test case Id is---9
[INFO ][2016-01-21 14:59:57,243][com.java.TestType] [  492] - 9
[INFO ][2016-01-21 14:59:57,243][com.java.TestType] [  487] -  str(2) = 17
[INFO ][2016-01-21 14:59:57,243][com.java.TestType] [  487] -  str(1) = 9
[INFO ][2016-01-21 14:59:57,243][com.java.TestType] [  490] - Test case Id is---9
[INFO ][2016-01-21 14:59:57,244][com.java.TestType] [  492] - 9
[INFO ][2016-01-21 14:59:57,244][com.java.TestType] [  487] -  str(2) = 18
[INFO ][2016-01-21 14:59:57,244][com.java.TestType] [  487] -  str(1) = 9
[INFO ][2016-01-21 14:59:57,244][com.java.TestType] [  490] - Test case Id is---9
[INFO ][2016-01-21 14:59:57,244][com.java.TestType] [  492] - 9
[INFO ][2016-01-21 14:59:57,244][com.java.TestType] [  487] -  str(2) = 19
[INFO ][2016-01-21 14:59:57,245][com.java.TestType] [  487] -  str(1) = 9
[INFO ][2016-01-21 14:59:57,245][com.java.TestType] [  490] - Test case Id is---9
[INFO ][2016-01-21 14:59:57,245][com.java.TestType] [  492] - 9
[INFO ][2016-01-21 14:59:57,245][com.java.TestType] [  487] -  str(2) = 20
[INFO ][2016-01-21 14:59:57,246][com.java.TestType] [  487] -  str(1) = 9
[INFO ][2016-01-21 14:59:57,246][com.java.TestType] [  490] - Test case Id is---9
[INFO ][2016-01-21 14:59:57,246][com.java.TestType] [  492] - 9
[INFO ][2016-01-21 14:59:57,246][com.java.TestType] [  487] -  str(2) = 21
[INFO ][2016-01-21 14:59:57,247][com.java.TestType] [11631] - Looping 1TCID = 9
[DEBUG][2016-01-21 14:59:57,247][com.java.TestType] [11672] - Concept ID:9 :: Step being Executed: 9::1
[ERROR][2016-01-21 14:59:57,247][com.java.TestType] [11705] - Exception: null
[INFO ][2016-01-21 14:59:57,247][com.java.TestType] [11710] - dataFields : BTNparent
[DEBUG][2016-01-21 14:59:57,247][com.java.TestType] [11716] - <In Set values of the page>
[DEBUG][2016-01-21 14:59:57,247][com.java.TestType] [11721] - {Data Fields & Data Values Exist}
[INFO ][2016-01-21 14:59:57,247][com.java.TestType] [11727] - --------------------------setting values-----------------------------
[INFO ][2016-01-21 14:59:57,247][com.java.TestType] [11730] - Action Type : SELECTFRAME
[INFO ][2016-01-21 14:59:57,263][com.java.TestType] [11749] -  RESULT true
[INFO ][2016-01-21 14:59:57,263][com.java.TestType] [11866] - ?   P A S S   ?
[DEBUG][2016-01-21 14:59:57,263][com.java.TestType] [11672] - Concept ID:9 :: Step being Executed: 9::2
[INFO ][2016-01-21 14:59:57,263][com.java.TestType] [11710] - dataFields : test
[DEBUG][2016-01-21 14:59:57,263][com.java.TestType] [11716] - <In Set values of the page>
[DEBUG][2016-01-21 14:59:57,263][com.java.TestType] [11721] - {Data Fields & Data Values Exist}
[INFO ][2016-01-21 14:59:57,263][com.java.TestType] [11727] - --------------------------setting values-----------------------------
[INFO ][2016-01-21 14:59:57,263][com.java.TestType] [11730] - Action Type : OPENURL
[INFO ][2016-01-21 14:59:57,264][com.java.TestType] [ 6392] - value = https://clients-xuat.bankersdashboard.com
[INFO ][2016-01-21 14:59:57,264][com.java.TestType] [  358] - Open URL : https://clients-xuat.bankersdashboard.com
[INFO ][2016-01-21 14:59:59,932][com.java.TestType] [11749] -  RESULT true
[INFO ][2016-01-21 14:59:59,932][com.java.TestType] [11866] - ?   P A S S   ?
[DEBUG][2016-01-21 14:59:59,932][com.java.TestType] [11672] - Concept ID:9 :: Step being Executed: 9::3
[ERROR][2016-01-21 14:59:59,932][com.java.TestType] [11705] - Exception: null
[INFO ][2016-01-21 14:59:59,932][com.java.TestType] [11710] - dataFields : //span[@class='icon-hammer']&&//a[text()='Custom Calculations']
[DEBUG][2016-01-21 14:59:59,932][com.java.TestType] [11716] - <In Set values of the page>
[DEBUG][2016-01-21 14:59:59,933][com.java.TestType] [11721] - {Data Fields & Data Values Exist}
[INFO ][2016-01-21 14:59:59,933][com.java.TestType] [11727] - --------------------------setting values-----------------------------
[INFO ][2016-01-21 14:59:59,933][com.java.TestType] [11730] - Action Type : MOUSEOVER
[INFO ][2016-01-21 15:00:23,019][com.java.TestType] [11749] -  RESULT true
[INFO ][2016-01-21 15:00:23,019][com.java.TestType] [11866] - ?   P A S S   ?
[DEBUG][2016-01-21 15:00:23,019][com.java.TestType] [11672] - Concept ID:9 :: Step being Executed: 9::4
[INFO ][2016-01-21 15:00:23,019][com.java.TestType] [11710] - dataFields : BTN//iframe[@class='frameTabContent']
[DEBUG][2016-01-21 15:00:23,019][com.java.TestType] [11716] - <In Set values of the page>
[DEBUG][2016-01-21 15:00:23,019][com.java.TestType] [11721] - {Data Fields & Data Values Exist}
[INFO ][2016-01-21 15:00:23,019][com.java.TestType] [11727] - --------------------------setting values-----------------------------
[INFO ][2016-01-21 15:00:23,019][com.java.TestType] [11730] - Action Type : waitforelement
[INFO ][2016-01-21 15:00:23,054][com.java.TestType] [11749] -  RESULT true
[INFO ][2016-01-21 15:00:23,054][com.java.TestType] [11866] - ?   P A S S   ?
[DEBUG][2016-01-21 15:00:23,054][com.java.TestType] [11672] - Concept ID:9 :: Step being Executed: 9::5
[INFO ][2016-01-21 15:00:23,055][com.java.TestType] [11710] - dataFields : XPH//li[@class="inactiveTab"]//a[@title="Custom Calcs"]
[DEBUG][2016-01-21 15:00:23,055][com.java.TestType] [11716] - <In Set values of the page>
[DEBUG][2016-01-21 15:00:23,055][com.java.TestType] [11721] - {Data Fields & Data Values Exist}
[INFO ][2016-01-21 15:00:23,055][com.java.TestType] [11727] - --------------------------setting values-----------------------------
[INFO ][2016-01-21 15:00:23,055][com.java.TestType] [11730] - Action Type : waitforelement
[INFO ][2016-01-21 15:00:23,091][com.java.TestType] [11749] -  RESULT true
[INFO ][2016-01-21 15:00:23,091][com.java.TestType] [11866] - ?   P A S S   ?
[DEBUG][2016-01-21 15:00:23,091][com.java.TestType] [11672] - Concept ID:9 :: Step being Executed: 9::6
[ERROR][2016-01-21 15:00:23,091][com.java.TestType] [11705] - Exception: null
[INFO ][2016-01-21 15:00:23,091][com.java.TestType] [11710] - dataFields : XPH//li[@class="inactiveTab"]//a[@title="Custom Calcs"]
[DEBUG][2016-01-21 15:00:23,091][com.java.TestType] [11716] - <In Set values of the page>
[DEBUG][2016-01-21 15:00:23,091][com.java.TestType] [11721] - {Data Fields & Data Values Exist}
[INFO ][2016-01-21 15:00:23,091][com.java.TestType] [11727] - --------------------------setting values-----------------------------
[INFO ][2016-01-21 15:00:23,092][com.java.TestType] [11730] - Action Type : click
[INFO ][2016-01-21 15:00:23,092][com.java.TestType] [ 6771] - Field ::XPH//li[@class="inactiveTab"]//a[@title="Custom Calcs"]
[INFO ][2016-01-21 15:00:23,092][com.java.TestType] [ 6392] - value = 
[INFO ][2016-01-21 15:00:24,092][com.java.TestType] [ 6944] - BEFORE CLICK
[INFO ][2016-01-21 15:00:25,017][com.java.TestType] [ 6952] - Unable to click the object click on add button
[INFO ][2016-01-21 15:00:25,017][com.java.TestType] [11749] -  RESULT true
[INFO ][2016-01-21 15:00:25,017][com.java.TestType] [11866] - ?   P A S S   ?
[DEBUG][2016-01-21 15:00:25,017][com.java.TestType] [11672] - Concept ID:9 :: Step being Executed: 9::7
[INFO ][2016-01-21 15:00:25,017][com.java.TestType] [11710] - dataFields : test
[DEBUG][2016-01-21 15:00:25,017][com.java.TestType] [11716] - <In Set values of the page>
[DEBUG][2016-01-21 15:00:25,017][com.java.TestType] [11721] - {Data Fields & Data Values Exist}
[INFO ][2016-01-21 15:00:25,017][com.java.TestType] [11727] - --------------------------setting values-----------------------------
[INFO ][2016-01-21 15:00:25,017][com.java.TestType] [11730] - Action Type : WaitTime
[DEBUG][2016-01-21 15:00:25,017][com.java.TestType] [ 6206] - sleepTime: 5000
[INFO ][2016-01-21 15:00:30,019][com.java.TestType] [11749] -  RESULT true
[INFO ][2016-01-21 15:00:30,019][com.java.TestType] [11866] - ?   P A S S   ?
[DEBUG][2016-01-21 15:00:30,019][com.java.TestType] [11672] - Concept ID:9 :: Step being Executed: 9::8
[ERROR][2016-01-21 15:00:30,019][com.java.TestType] [11705] - Exception: null
[INFO ][2016-01-21 15:00:30,019][com.java.TestType] [11710] - dataFields : XPH//li[@class="inactiveTab"]//a[@title="Custom Calcs"]//span[@class="closeimg icon-close icon-xs"]
[DEBUG][2016-01-21 15:00:30,019][com.java.TestType] [11716] - <In Set values of the page>
[DEBUG][2016-01-21 15:00:30,019][com.java.TestType] [11721] - {Data Fields & Data Values Exist}
[INFO ][2016-01-21 15:00:30,019][com.java.TestType] [11727] - --------------------------setting values-----------------------------
[INFO ][2016-01-21 15:00:30,019][com.java.TestType] [11730] - Action Type : click
[INFO ][2016-01-21 15:00:30,020][com.java.TestType] [ 6771] - Field ::XPH//li[@class="inactiveTab"]//a[@title="Custom Calcs"]//span[@class="closeimg icon-close icon-xs"]
[INFO ][2016-01-21 15:00:30,020][com.java.TestType] [ 6392] - value = 
[INFO ][2016-01-21 15:00:31,020][com.java.TestType] [ 6944] - BEFORE CLICK
[INFO ][2016-01-21 15:00:31,955][com.java.TestType] [ 6952] - Unable to click the object click on add button
[INFO ][2016-01-21 15:00:31,955][com.java.TestType] [11749] -  RESULT true
[INFO ][2016-01-21 15:00:31,955][com.java.TestType] [11866] - ?   P A S S   ?
[DEBUG][2016-01-21 15:00:31,955][com.java.TestType] [11672] - Concept ID:9 :: Step being Executed: 9::9
[INFO ][2016-01-21 15:00:31,955][com.java.TestType] [11710] - dataFields : BTN//iframe[@class='frameTabContent']
[DEBUG][2016-01-21 15:00:31,955][com.java.TestType] [11716] - <In Set values of the page>
[DEBUG][2016-01-21 15:00:31,955][com.java.TestType] [11721] - {Data Fields & Data Values Exist}
[INFO ][2016-01-21 15:00:31,955][com.java.TestType] [11727] - --------------------------setting values-----------------------------
[INFO ][2016-01-21 15:00:31,955][com.java.TestType] [11730] - Action Type : waitforelement
[INFO ][2016-01-21 15:00:31,991][com.java.TestType] [11749] -  RESULT true
[INFO ][2016-01-21 15:00:31,991][com.java.TestType] [11866] - ?   P A S S   ?
[DEBUG][2016-01-21 15:00:31,991][com.java.TestType] [11672] - Concept ID:9 :: Step being Executed: 9::10
[ERROR][2016-01-21 15:00:31,992][com.java.TestType] [11705] - Exception: null
[INFO ][2016-01-21 15:00:31,992][com.java.TestType] [11710] - dataFields : BTN//iframe[@class='frameTabContent']
[DEBUG][2016-01-21 15:00:31,992][com.java.TestType] [11716] - <In Set values of the page>
[DEBUG][2016-01-21 15:00:31,992][com.java.TestType] [11721] - {Data Fields & Data Values Exist}
[INFO ][2016-01-21 15:00:31,992][com.java.TestType] [11727] - --------------------------setting values-----------------------------
[INFO ][2016-01-21 15:00:31,992][com.java.TestType] [11730] - Action Type : SELECTFRAME
[INFO ][2016-01-21 15:00:32,076][com.java.TestType] [11749] -  RESULT true
[INFO ][2016-01-21 15:00:32,076][com.java.TestType] [11866] - ?   P A S S   ?
[DEBUG][2016-01-21 15:00:32,076][com.java.TestType] [11672] - Concept ID:9 :: Step being Executed: 9::11
[INFO ][2016-01-21 15:00:32,076][com.java.TestType] [11710] - dataFields : null
[DEBUG][2016-01-21 15:00:32,076][com.java.TestType] [11716] - <In Set values of the page>
[INFO ][2016-01-21 15:00:32,076][com.java.TestType] [11866] - ?   P A S S   ?
[DEBUG][2016-01-21 15:00:32,077][com.java.TestType] [11672] - Concept ID:9 :: Step being Executed: 9::12
[INFO ][2016-01-21 15:00:32,077][com.java.TestType] [11710] - dataFields : EDT//div[@class='dataTables_filter']/label/input
[DEBUG][2016-01-21 15:00:32,077][com.java.TestType] [11716] - <In Set values of the page>
[DEBUG][2016-01-21 15:00:32,077][com.java.TestType] [11721] - {Data Fields & Data Values Exist}
[INFO ][2016-01-21 15:00:32,077][com.java.TestType] [11727] - --------------------------setting values-----------------------------
[INFO ][2016-01-21 15:00:32,077][com.java.TestType] [11730] - Action Type : CLEARANDENTER
[INFO ][2016-01-21 15:00:32,183][com.java.TestType] [ 6392] - value = #_CAL48182
[INFO ][2016-01-21 15:00:32,876][com.java.TestType] [11749] -  RESULT true
[INFO ][2016-01-21 15:00:32,876][com.java.TestType] [11866] - ?   P A S S   ?
[DEBUG][2016-01-21 15:00:32,876][com.java.TestType] [11672] - Concept ID:9 :: Step being Executed: 9::13
[INFO ][2016-01-21 15:00:32,876][com.java.TestType] [11710] - dataFields : null
[DEBUG][2016-01-21 15:00:32,876][com.java.TestType] [11716] - <In Set values of the page>
[INFO ][2016-01-21 15:00:32,877][com.java.TestType] [11866] - ?   P A S S   ?
[DEBUG][2016-01-21 15:00:32,877][com.java.TestType] [11672] - Concept ID:9 :: Step being Executed: 9::14
[ERROR][2016-01-21 15:00:32,877][com.java.TestType] [11705] - Exception: null
[INFO ][2016-01-21 15:00:32,877][com.java.TestType] [11710] - dataFields : //td[contains(text(),'#_CAL48182')]
[DEBUG][2016-01-21 15:00:32,877][com.java.TestType] [11716] - <In Set values of the page>
[DEBUG][2016-01-21 15:00:32,877][com.java.TestType] [11721] - {Data Fields & Data Values Exist}
[INFO ][2016-01-21 15:00:32,877][com.java.TestType] [11727] - --------------------------setting values-----------------------------
[INFO ][2016-01-21 15:00:32,877][com.java.TestType] [11730] - Action Type : MOUSEOVER
[ERROR][2016-01-21 15:00:53,425][com.java.TestType] [ 3380] - exception value : null
[INFO ][2016-01-21 15:00:53,425][com.java.TestType] [11749] -  RESULT false
[INFO ][2016-01-21 15:00:53,425][com.java.TestType] [11787] - ?   F A I L   ?
[DEBUG][2016-01-21 15:00:53,425][com.java.TestType] [11790] - Browser Type : IE10
[INFO ][2016-01-21 15:00:53,426][com.java.SeleniumDriver] [  930] -  RESULT false
[INFO ][2016-01-21 15:00:53,426][com.java.SeleniumDriver] [  977] - ?   F A I L   ?
[INFO ][2016-01-21 15:00:53,426][com.java.SeleniumDriver] [  985] - Browser Type : IE10
[INFO ][2016-01-21 15:00:53,426][com.java.SeleniumDriver] [  986] - Adding Failed case5
[INFO ][2016-01-21 15:00:54,225][com.java.SeleniumDriver] [ 1100] - failedCases = 5
[ERROR][2016-01-21 15:00:54,225][com.java.SeleniumDriver] [ 1599] - Platform Errors : Our apologies...::We have encountered an issue with your request.::Our apologies?:We encountered an issue with your request.
[INFO ][2016-01-21 15:00:54,225][com.java.SeleniumDriver] [ 1603] - Length =3
[ERROR][2016-01-21 15:00:54,225][com.java.SeleniumDriver] [ 1606] - Error 0 = Our apologies...
[ERROR][2016-01-21 15:00:54,263][com.java.SeleniumDriver] [ 1606] - Error 1 = We have encountered an issue with your request.
[ERROR][2016-01-21 15:00:54,289][com.java.SeleniumDriver] [ 1606] - Error 2 = Our apologies?:We encountered an issue with your request.
[INFO ][2016-01-21 15:00:54,305][com.java.SeleniumDriver] [ 1617] - strError:
[DEBUG][2016-01-21 15:00:54,320][com.java.SeleniumDriver] [ 1248] - Case found
[DEBUG][2016-01-21 15:00:54,320][com.java.SeleniumDriver] [ 1253] - Incrementing ReportCounters[0]:2
[INFO ][2016-01-21 15:00:54,320][com.java.SeleniumDriver] [ 1272] - The results are-------------------[5, 16, Settings: Customize My Dashboards: Custom Calculations: Edit Custom Calculation Indicator, Fail, 
Test case failed at Step No. :: 16   Error Message ::  In CONCEPT: Test case failed at Step No. :: 14   Error Message ::  Element:  is not found. Screen Shot : D:\BankersDashboard\TestReports\012116\5_012116_150053_IE10.png, Thu Jan 21 15:00:54 IST 2016]
[INFO ][2016-01-21 15:00:54,320][com.java.SeleniumDriver] [ 1276] - End time is-------3 min 8 sec
[INFO ][2016-01-21 15:00:54,320][com.java.SeleniumDriver] [ 1277] - The results are-------------------[5, 16, Settings: Customize My Dashboards: Custom Calculations: Edit Custom Calculation Indicator, Fail, 
Test case failed at Step No. :: 16   Error Message ::  In CONCEPT: Test case failed at Step No. :: 14   Error Message ::  Element:  is not found. Screen Shot : D:\BankersDashboard\TestReports\012116\5_012116_150053_IE10.png, Thu Jan 21 15:00:54 IST 2016]
[DEBUG][2016-01-21 15:00:54,320][com.java.ImportnExport.ExportTestResultsExcel] [  222] - testResultPath = D:\BankersDashboard/TestReports/Test Results_BankersDashBoard_012116_145747_IE10_Any Bank USA.xls
[DEBUG][2016-01-21 15:00:54,320][com.java.ImportnExport.ExportTestResultsExcel] [  223] - browser is------------IE10
[DEBUG][2016-01-21 15:00:54,322][com.java.ImportnExport.ExportTestResultsExcel] [  270] - result.size() = 6
[DEBUG][2016-01-21 15:00:54,322][com.java.ImportnExport.ExportTestResultsExcel] [  274] - No of rows in sheet=2
[DEBUG][2016-01-21 15:00:54,322][com.java.ImportnExport.ExportTestResultsExcel] [  301] - ..in export..5
[DEBUG][2016-01-21 15:00:54,323][com.java.ImportnExport.ExportTestResultsExcel] [  301] - ..in export..Settings: Customize My Dashboards: Custom Calculations: Edit Custom Calculation Indicator
[DEBUG][2016-01-21 15:00:54,323][com.java.ImportnExport.ExportTestResultsExcel] [  301] - ..in export..Fail
[DEBUG][2016-01-21 15:00:54,323][com.java.ImportnExport.ExportTestResultsExcel] [  301] - ..in export..
Test case failed at Step No. :: 16   Error Message ::  In CONCEPT: Test case failed at Step No. :: 14   Error Message ::  Element:  is not found. Screen Shot : D:\BankersDashboard\TestReports\012116\5_012116_150053_IE10.png
[DEBUG][2016-01-21 15:00:54,324][com.java.ImportnExport.ExportTestResultsExcel] [  301] - ..in export..Thu Jan 21 15:00:54 IST 2016
[INFO ][2016-01-21 15:00:54,325][com.java.SeleniumDriver] [ 1337] - out loop:1 size:2 TestCases:[1, 5] testcases:[1, 5]
[INFO ][2016-01-21 15:00:56,325][com.java.SeleniumDriver] [ 1380] - Total Number of Cases:2
[INFO ][2016-01-21 15:00:56,325][com.java.TemplateGenerator] [  302] - Executed:2
[INFO ][2016-01-21 15:00:56,325][com.java.TemplateGenerator] [  303] - Passed:1
[INFO ][2016-01-21 15:00:56,325][com.java.TemplateGenerator] [  304] - Failed:1
[INFO ][2016-01-21 15:00:56,325][com.java.TemplateGenerator] [  305] - Skipeed:0
[INFO ][2016-01-21 15:00:56,325][com.java.TemplateGenerator] [  306] - Application URL:https://clients-xuat.bankersdashboard.com
[INFO ][2016-01-21 15:00:56,325][com.java.TemplateGenerator] [  307] - Start Time:012116_145747
[INFO ][2016-01-21 15:00:56,325][com.java.TemplateGenerator] [  308] -  Creating HTML Report 
[ERROR][2016-01-21 15:00:56,328][com.java.TemplateGenerator] [  409] - Unparseable date: "Thu Jan 21 02:57:47 IST 2016"
[INFO ][2016-01-21 15:00:56,328][com.java.TemplateGenerator] [  654] -  Exporting case :: 1
[INFO ][2016-01-21 15:00:56,328][com.java.TemplateGenerator] [  654] -  Exporting case :: 5
[INFO ][2016-01-21 15:00:56,333][com.java.SeleniumDriver] [ 1429] - End Time:012116_150056
[INFO ][2016-01-21 15:00:56,333][com.java.SeleniumDriver] [ 1432] - Data in Test Execution Details:{1=PASS, 5=FAILTest case failed at Step No. :: 16   Error Message ::  In CONCEPT: Test case failed at Step No. :: 14   Error Message ::  Element:  is not found}
[INFO ][2016-01-21 15:00:56,333][com.java.SeleniumDriver] [ 1433] - Data in Failed Execution Deatils:{}
[INFO ][2016-01-21 15:00:56,333][com.java.SeleniumDriver] [ 1435] - ReportCounter:Total:2 :: PASS: 1 ::FAIL: 1
[INFO ][2016-01-21 15:00:56,333][com.java.SeleniumDriver] [ 1436] - FailedReportCounter:Total:0 :: PASS: 0 ::FAIL: 0
[INFO ][2016-01-21 15:00:56,341][com.java.EmailTestReport] [   63] - Sending report mail details:
[INFO ][2016-01-21 15:00:56,341][com.java.EmailTestReport] [   80] - Excel Report Path:D:\BankersDashboard/TestReports/Test Results_BankersDashBoard_012116_145747_IE10_Any Bank USA.xls
[INFO ][2016-01-21 15:00:56,341][com.java.EmailTestReport] [   81] - HTML Report Path:D:\BankersDashboard//TestReports//Test Results_BankersDashBoard_012116_145747_IE10_Any Bank USA.html
[INFO ][2016-01-21 15:00:56,341][com.java.EmailTestReport] [   82] - smtpHostName:mail01.valuelabs.com
[INFO ][2016-01-21 15:00:56,341][com.java.EmailTestReport] [   83] - Recipient:venkateswararao.gubbala@valuelabs.com;
[INFO ][2016-01-21 15:00:56,341][com.java.EmailTestReport] [   84] - From:venkateswararao.gubbala@valuelabs.com;
[INFO ][2016-01-21 15:00:56,341][com.java.EmailTestReport] [   85] - Subject:Deluxe Corp Bankers Dashboard Automation Test Report - Any Bank USA - IE10
[INFO ][2016-01-21 15:00:56,358][com.java.EmailTestReport] [  143] -  Added venkateswararao.gubbala@valuelabs.com
[INFO ][2016-01-21 15:00:59,475][com.java.SeleniumDriver] [  722] - quitting the browser 
