[INFO ][2015-12-02 12:47:08,019][com.java.SeleniumDriver] [  213] - Execute Failed Casesfalse
[INFO ][2015-12-02 12:47:08,019][com.java.SeleniumDriver] [  214] - Browser: IE10
[INFO ][2015-12-02 12:47:08,019][com.java.SeleniumDriver] [  215] - [1, 9]
[INFO ][2015-12-02 12:47:08,019][com.java.SeleniumDriver] [  216] - Total TestCases:2
[INFO ][2015-12-02 12:47:08,019][com.java.SeleniumDriver] [  217] -  Reading Properties from Property File 
[DEBUG][2015-12-02 12:47:08,020][com.java.SeleniumDriver] [  238] - url : https://clients-xuat.bankersdashboard.com
[INFO ][2015-12-02 12:47:08,022][com.java.ImportnExport.ExportTestResultsExcel] [  116] - Time Stamp Wed Dec 02 12:47:08 IST 2015
[INFO ][2015-12-02 12:47:08,023][com.java.ImportnExport.ExportTestResultsExcel] [  175] - OUT FILE : D:\BankersDashboard/TestReports/Test Results_BankersDashBoard_120215_124708_IE10_Any Bank USA.xls
[INFO ][2015-12-02 12:47:08,052][com.java.ImportnExport.ExportTestResultsExcel] [  180] - Test Result file is created
[DEBUG][2015-12-02 12:47:08,163][com.java.SeleniumDriver] [  426] - Hub ip address is-------172.17.68.34
[INFO ][2015-12-02 12:47:08,164][com.java.SeleniumDriver] [  452] - Grid URL:http://172.17.68.34:4444/wd/hub
[INFO ][2015-12-02 12:47:08,164][com.java.SeleniumDriver] [  453] - Capability:Capabilities [{platform=ANY, ensureCleanSession=true, ignoreProtectedModeSettings=true, acceptSslCerts=true, ignoreZoomSetting=true, browserName=internet explorer, browserstack.ie.noFlash=true, version=null}]
[ERROR][2015-12-02 12:47:09,512][com.java.SeleniumDriver] [  497] - Unable invoke browser in grid:Could not start a new session. Possible causes are invalid address of the remote server or browser start-up failure.
Build info: version: '2.48.2', revision: '41bccdd', time: '2015-10-09 19:59:12'
System info: host: 'FVTIII438F1D', ip: '172.17.68.34', os.name: 'Windows 7', os.arch: 'x86', os.version: '6.1', java.version: '1.7.0_55'
Driver info: driver.version: SeleniumDriver
[INFO ][2015-12-02 12:47:09,513][com.java.SeleniumDriver] [  499] - Executing on local machine
[INFO ][2015-12-02 12:47:19,263][com.java.SeleniumDriver] [  248] - IE10is opened
[INFO ][2015-12-02 12:47:20,136][com.java.SeleniumDriver] [  754] - Test cases to be executed are: [1, 9]
[INFO ][2015-12-02 12:47:20,174][com.java.ImportnExport.ImportTestDataDetailsExcel] [   49] - test data details path===== D:\BankersDashboard\TestInputs\TestData.xls
[INFO ][2015-12-02 12:47:20,241][com.java.SeleniumDriver] [  801] - ------------------------------------------
[INFO ][2015-12-02 12:47:20,241][com.java.SeleniumDriver] [  802] - Test case being Executed: 1
[INFO ][2015-12-02 12:47:20,241][com.java.SeleniumDriver] [  813] - Test step:1
[INFO ][2015-12-02 12:47:20,241][com.java.SeleniumDriver] [  825] - Datavalue is----------Concept#1:1-14
[INFO ][2015-12-02 12:47:20,241][com.java.SeleniumDriver] [  849] - DataField : test
[INFO ][2015-12-02 12:47:20,241][com.java.SeleniumDriver] [  851] - DataValue : Concept#1:1-14
[INFO ][2015-12-02 12:47:20,242][com.java.SeleniumDriver] [  857] - <In Set values of the page>
[INFO ][2015-12-02 12:47:20,242][com.java.SeleniumDriver] [  860] - {Data Fields & Data Values Exist}
[INFO ][2015-12-02 12:47:20,242][com.java.SeleniumDriver] [  862] - --------------------------setting values-----------------------------
[INFO ][2015-12-02 12:47:20,242][com.java.SeleniumDriver] [  865] - Action Type : ExecuteTestCase
[INFO ][2015-12-02 12:47:20,275][com.java.TestType] [  433] - The Concept sheet name is ---------- Concept
[INFO ][2015-12-02 12:47:20,275][com.java.TestType] [  436] - The Concept ID  is ---------- 1
[DEBUG][2015-12-02 12:47:20,275][com.java.TestType] [  440] - Steps being executted in the Concept are: 1:14
[INFO ][2015-12-02 12:47:20,275][com.java.TestType] [  447] - Test data details path ---------- D:\BankersDashboard\TestInputs\TestData.xls
[INFO ][2015-12-02 12:47:20,312][com.java.TestType] [  478] -  str(1) = 1
[INFO ][2015-12-02 12:47:20,312][com.java.TestType] [  481] - Test case Id is---1
[INFO ][2015-12-02 12:47:20,312][com.java.TestType] [  483] - 1
[INFO ][2015-12-02 12:47:20,313][com.java.TestType] [  478] -  str(2) = 1
[INFO ][2015-12-02 12:47:20,315][com.java.TestType] [  530] - row values are--------{1=com.java.Objects.TestDataDetails@8de7cf}
[INFO ][2015-12-02 12:47:20,315][com.java.TestType] [  478] -  str(1) = 1
[INFO ][2015-12-02 12:47:20,315][com.java.TestType] [  481] - Test case Id is---1
[INFO ][2015-12-02 12:47:20,315][com.java.TestType] [  483] - 1
[INFO ][2015-12-02 12:47:20,315][com.java.TestType] [  478] -  str(2) = 2
[INFO ][2015-12-02 12:47:20,317][com.java.TestType] [  530] - row values are--------{1=com.java.Objects.TestDataDetails@8de7cf, 2=com.java.Objects.TestDataDetails@1e083ed}
[INFO ][2015-12-02 12:47:20,317][com.java.TestType] [  478] -  str(1) = 1
[INFO ][2015-12-02 12:47:20,317][com.java.TestType] [  481] - Test case Id is---1
[INFO ][2015-12-02 12:47:20,317][com.java.TestType] [  483] - 1
[INFO ][2015-12-02 12:47:20,317][com.java.TestType] [  478] -  str(2) = 3
[INFO ][2015-12-02 12:47:20,319][com.java.TestType] [  530] - row values are--------{1=com.java.Objects.TestDataDetails@8de7cf, 2=com.java.Objects.TestDataDetails@1e083ed, 3=com.java.Objects.TestDataDetails@179f4cf}
[INFO ][2015-12-02 12:47:20,319][com.java.TestType] [  478] -  str(1) = 1
[INFO ][2015-12-02 12:47:20,322][com.java.TestType] [  481] - Test case Id is---1
[INFO ][2015-12-02 12:47:20,322][com.java.TestType] [  483] - 1
[INFO ][2015-12-02 12:47:20,322][com.java.TestType] [  478] -  str(2) = 4
[INFO ][2015-12-02 12:47:20,324][com.java.TestType] [  530] - row values are--------{1=com.java.Objects.TestDataDetails@8de7cf, 2=com.java.Objects.TestDataDetails@1e083ed, 3=com.java.Objects.TestDataDetails@179f4cf, 4=com.java.Objects.TestDataDetails@8b74b0}
[INFO ][2015-12-02 12:47:20,324][com.java.TestType] [  478] -  str(1) = 1
[INFO ][2015-12-02 12:47:20,324][com.java.TestType] [  481] - Test case Id is---1
[INFO ][2015-12-02 12:47:20,324][com.java.TestType] [  483] - 1
[INFO ][2015-12-02 12:47:20,324][com.java.TestType] [  478] -  str(2) = 5
[INFO ][2015-12-02 12:47:20,325][com.java.TestType] [  530] - row values are--------{1=com.java.Objects.TestDataDetails@8de7cf, 2=com.java.Objects.TestDataDetails@1e083ed, 3=com.java.Objects.TestDataDetails@179f4cf, 4=com.java.Objects.TestDataDetails@8b74b0, 5=com.java.Objects.TestDataDetails@1b00667}
[INFO ][2015-12-02 12:47:20,326][com.java.TestType] [  478] -  str(1) = 1
[INFO ][2015-12-02 12:47:20,326][com.java.TestType] [  481] - Test case Id is---1
[INFO ][2015-12-02 12:47:20,326][com.java.TestType] [  483] - 1
[INFO ][2015-12-02 12:47:20,326][com.java.TestType] [  478] -  str(2) = 6
[INFO ][2015-12-02 12:47:20,327][com.java.TestType] [  530] - row values are--------{1=com.java.Objects.TestDataDetails@8de7cf, 2=com.java.Objects.TestDataDetails@1e083ed, 3=com.java.Objects.TestDataDetails@179f4cf, 4=com.java.Objects.TestDataDetails@8b74b0, 5=com.java.Objects.TestDataDetails@1b00667, 6=com.java.Objects.TestDataDetails@1e63c41}
[INFO ][2015-12-02 12:47:20,327][com.java.TestType] [  478] -  str(1) = 1
[INFO ][2015-12-02 12:47:20,327][com.java.TestType] [  481] - Test case Id is---1
[INFO ][2015-12-02 12:47:20,327][com.java.TestType] [  483] - 1
[INFO ][2015-12-02 12:47:20,327][com.java.TestType] [  478] -  str(2) = 7
[INFO ][2015-12-02 12:47:20,328][com.java.TestType] [  530] - row values are--------{1=com.java.Objects.TestDataDetails@8de7cf, 2=com.java.Objects.TestDataDetails@1e083ed, 3=com.java.Objects.TestDataDetails@179f4cf, 4=com.java.Objects.TestDataDetails@8b74b0, 5=com.java.Objects.TestDataDetails@1b00667, 6=com.java.Objects.TestDataDetails@1e63c41, 7=com.java.Objects.TestDataDetails@17ff62f}
[INFO ][2015-12-02 12:47:20,328][com.java.TestType] [  478] -  str(1) = 1
[INFO ][2015-12-02 12:47:20,328][com.java.TestType] [  481] - Test case Id is---1
[INFO ][2015-12-02 12:47:20,328][com.java.TestType] [  483] - 1
[INFO ][2015-12-02 12:47:20,328][com.java.TestType] [  478] -  str(2) = 8
[INFO ][2015-12-02 12:47:20,329][com.java.TestType] [  530] - row values are--------{1=com.java.Objects.TestDataDetails@8de7cf, 2=com.java.Objects.TestDataDetails@1e083ed, 3=com.java.Objects.TestDataDetails@179f4cf, 4=com.java.Objects.TestDataDetails@8b74b0, 5=com.java.Objects.TestDataDetails@1b00667, 6=com.java.Objects.TestDataDetails@1e63c41, 7=com.java.Objects.TestDataDetails@17ff62f, 8=com.java.Objects.TestDataDetails@6d3603}
[INFO ][2015-12-02 12:47:20,329][com.java.TestType] [  478] -  str(1) = 1
[INFO ][2015-12-02 12:47:20,329][com.java.TestType] [  481] - Test case Id is---1
[INFO ][2015-12-02 12:47:20,330][com.java.TestType] [  483] - 1
[INFO ][2015-12-02 12:47:20,330][com.java.TestType] [  478] -  str(2) = 9
[INFO ][2015-12-02 12:47:20,330][com.java.TestType] [  530] - row values are--------{1=com.java.Objects.TestDataDetails@8de7cf, 2=com.java.Objects.TestDataDetails@1e083ed, 3=com.java.Objects.TestDataDetails@179f4cf, 4=com.java.Objects.TestDataDetails@8b74b0, 5=com.java.Objects.TestDataDetails@1b00667, 6=com.java.Objects.TestDataDetails@1e63c41, 7=com.java.Objects.TestDataDetails@17ff62f, 8=com.java.Objects.TestDataDetails@6d3603, 9=com.java.Objects.TestDataDetails@1bda9b9}
[INFO ][2015-12-02 12:47:20,331][com.java.TestType] [  478] -  str(1) = 1
[INFO ][2015-12-02 12:47:20,331][com.java.TestType] [  481] - Test case Id is---1
[INFO ][2015-12-02 12:47:20,331][com.java.TestType] [  483] - 1
[INFO ][2015-12-02 12:47:20,331][com.java.TestType] [  478] -  str(2) = 10
[INFO ][2015-12-02 12:47:20,332][com.java.TestType] [  530] - row values are--------{1=com.java.Objects.TestDataDetails@8de7cf, 2=com.java.Objects.TestDataDetails@1e083ed, 3=com.java.Objects.TestDataDetails@179f4cf, 4=com.java.Objects.TestDataDetails@8b74b0, 5=com.java.Objects.TestDataDetails@1b00667, 6=com.java.Objects.TestDataDetails@1e63c41, 7=com.java.Objects.TestDataDetails@17ff62f, 8=com.java.Objects.TestDataDetails@6d3603, 9=com.java.Objects.TestDataDetails@1bda9b9, 10=com.java.Objects.TestDataDetails@1aeb73d}
[INFO ][2015-12-02 12:47:20,332][com.java.TestType] [  478] -  str(1) = 1
[INFO ][2015-12-02 12:47:20,332][com.java.TestType] [  481] - Test case Id is---1
[INFO ][2015-12-02 12:47:20,332][com.java.TestType] [  483] - 1
[INFO ][2015-12-02 12:47:20,332][com.java.TestType] [  478] -  str(2) = 11
[INFO ][2015-12-02 12:47:20,333][com.java.TestType] [  530] - row values are--------{1=com.java.Objects.TestDataDetails@8de7cf, 2=com.java.Objects.TestDataDetails@1e083ed, 3=com.java.Objects.TestDataDetails@179f4cf, 4=com.java.Objects.TestDataDetails@8b74b0, 5=com.java.Objects.TestDataDetails@1b00667, 6=com.java.Objects.TestDataDetails@1e63c41, 7=com.java.Objects.TestDataDetails@17ff62f, 8=com.java.Objects.TestDataDetails@6d3603, 9=com.java.Objects.TestDataDetails@1bda9b9, 10=com.java.Objects.TestDataDetails@1aeb73d, 11=com.java.Objects.TestDataDetails@15a8ce4}
[INFO ][2015-12-02 12:47:20,333][com.java.TestType] [  478] -  str(1) = 1
[INFO ][2015-12-02 12:47:20,333][com.java.TestType] [  481] - Test case Id is---1
[INFO ][2015-12-02 12:47:20,333][com.java.TestType] [  483] - 1
[INFO ][2015-12-02 12:47:20,333][com.java.TestType] [  478] -  str(2) = 12
[INFO ][2015-12-02 12:47:20,334][com.java.TestType] [  530] - row values are--------{1=com.java.Objects.TestDataDetails@8de7cf, 2=com.java.Objects.TestDataDetails@1e083ed, 3=com.java.Objects.TestDataDetails@179f4cf, 4=com.java.Objects.TestDataDetails@8b74b0, 5=com.java.Objects.TestDataDetails@1b00667, 6=com.java.Objects.TestDataDetails@1e63c41, 7=com.java.Objects.TestDataDetails@17ff62f, 8=com.java.Objects.TestDataDetails@6d3603, 9=com.java.Objects.TestDataDetails@1bda9b9, 10=com.java.Objects.TestDataDetails@1aeb73d, 11=com.java.Objects.TestDataDetails@15a8ce4, 12=com.java.Objects.TestDataDetails@3e0909}
[INFO ][2015-12-02 12:47:20,334][com.java.TestType] [  478] -  str(1) = 1
[INFO ][2015-12-02 12:47:20,334][com.java.TestType] [  481] - Test case Id is---1
[INFO ][2015-12-02 12:47:20,334][com.java.TestType] [  483] - 1
[INFO ][2015-12-02 12:47:20,334][com.java.TestType] [  478] -  str(2) = 13
[INFO ][2015-12-02 12:47:20,335][com.java.TestType] [  530] - row values are--------{1=com.java.Objects.TestDataDetails@8de7cf, 2=com.java.Objects.TestDataDetails@1e083ed, 3=com.java.Objects.TestDataDetails@179f4cf, 4=com.java.Objects.TestDataDetails@8b74b0, 5=com.java.Objects.TestDataDetails@1b00667, 6=com.java.Objects.TestDataDetails@1e63c41, 7=com.java.Objects.TestDataDetails@17ff62f, 8=com.java.Objects.TestDataDetails@6d3603, 9=com.java.Objects.TestDataDetails@1bda9b9, 10=com.java.Objects.TestDataDetails@1aeb73d, 11=com.java.Objects.TestDataDetails@15a8ce4, 12=com.java.Objects.TestDataDetails@3e0909, 13=com.java.Objects.TestDataDetails@1ed29ad}
[INFO ][2015-12-02 12:47:20,335][com.java.TestType] [  478] -  str(1) = 1
[INFO ][2015-12-02 12:47:20,335][com.java.TestType] [  481] - Test case Id is---1
[INFO ][2015-12-02 12:47:20,335][com.java.TestType] [  483] - 1
[INFO ][2015-12-02 12:47:20,335][com.java.TestType] [  478] -  str(2) = 14
[INFO ][2015-12-02 12:47:20,336][com.java.TestType] [  530] - row values are--------{1=com.java.Objects.TestDataDetails@8de7cf, 2=com.java.Objects.TestDataDetails@1e083ed, 3=com.java.Objects.TestDataDetails@179f4cf, 4=com.java.Objects.TestDataDetails@8b74b0, 5=com.java.Objects.TestDataDetails@1b00667, 6=com.java.Objects.TestDataDetails@1e63c41, 7=com.java.Objects.TestDataDetails@17ff62f, 8=com.java.Objects.TestDataDetails@6d3603, 9=com.java.Objects.TestDataDetails@1bda9b9, 10=com.java.Objects.TestDataDetails@1aeb73d, 11=com.java.Objects.TestDataDetails@15a8ce4, 12=com.java.Objects.TestDataDetails@3e0909, 13=com.java.Objects.TestDataDetails@1ed29ad, 14=com.java.Objects.TestDataDetails@182dc66}
[INFO ][2015-12-02 12:47:20,336][com.java.TestType] [ 9468] - Looping 1TCID = 1
[DEBUG][2015-12-02 12:47:20,336][com.java.TestType] [ 9509] - Concept ID:1 :: Step being Executed: 1::1
[INFO ][2015-12-02 12:47:20,336][com.java.TestType] [ 9547] - dataFields : TXTusername
[DEBUG][2015-12-02 12:47:20,337][com.java.TestType] [ 9553] - <In Set values of the page>
[DEBUG][2015-12-02 12:47:20,337][com.java.TestType] [ 9558] - {Data Fields & Data Values Exist}
[INFO ][2015-12-02 12:47:20,337][com.java.TestType] [ 9564] - --------------------------setting values-----------------------------
[INFO ][2015-12-02 12:47:20,337][com.java.TestType] [ 9567] - Action Type : CLEARANDENTER
[INFO ][2015-12-02 12:47:20,337][com.java.TestType] [ 4991] - value = naresh.nayini.00000
[INFO ][2015-12-02 12:47:25,389][com.java.TestType] [ 9586] -  RESULT true
[INFO ][2015-12-02 12:47:25,390][com.java.TestType] [ 9703] - ?   P A S S   ?
[DEBUG][2015-12-02 12:47:25,390][com.java.TestType] [ 9509] - Concept ID:1 :: Step being Executed: 1::2
[INFO ][2015-12-02 12:47:25,390][com.java.TestType] [ 9547] - dataFields : TXTpassword
[DEBUG][2015-12-02 12:47:25,390][com.java.TestType] [ 9553] - <In Set values of the page>
[DEBUG][2015-12-02 12:47:25,390][com.java.TestType] [ 9558] - {Data Fields & Data Values Exist}
[INFO ][2015-12-02 12:47:25,390][com.java.TestType] [ 9564] - --------------------------setting values-----------------------------
[INFO ][2015-12-02 12:47:25,390][com.java.TestType] [ 9567] - Action Type : CLEARANDENTER
[INFO ][2015-12-02 12:47:25,391][com.java.TestType] [ 4991] - value = Password1*
[INFO ][2015-12-02 12:47:30,277][com.java.TestType] [ 9586] -  RESULT true
[INFO ][2015-12-02 12:47:30,277][com.java.TestType] [ 9703] - ?   P A S S   ?
[DEBUG][2015-12-02 12:47:30,277][com.java.TestType] [ 9509] - Concept ID:1 :: Step being Executed: 1::3
[ERROR][2015-12-02 12:47:30,279][com.java.TestType] [ 9542] - Exception: null
[INFO ][2015-12-02 12:47:30,280][com.java.TestType] [ 9547] - dataFields : XPH//button[@type='submit']
[DEBUG][2015-12-02 12:47:30,280][com.java.TestType] [ 9553] - <In Set values of the page>
[DEBUG][2015-12-02 12:47:30,280][com.java.TestType] [ 9558] - {Data Fields & Data Values Exist}
[INFO ][2015-12-02 12:47:30,280][com.java.TestType] [ 9564] - --------------------------setting values-----------------------------
[INFO ][2015-12-02 12:47:30,280][com.java.TestType] [ 9567] - Action Type : Click
[INFO ][2015-12-02 12:47:30,280][com.java.TestType] [ 5319] - Field ::XPH//button[@type='submit']
[INFO ][2015-12-02 12:47:31,285][com.java.TestType] [ 5406] - BEFORE CLICK
[INFO ][2015-12-02 12:47:32,164][com.java.TestType] [ 5414] - Unable to click the object Login
[INFO ][2015-12-02 12:47:32,164][com.java.TestType] [ 9586] -  RESULT true
[INFO ][2015-12-02 12:47:32,164][com.java.TestType] [ 9703] - ?   P A S S   ?
[DEBUG][2015-12-02 12:47:32,164][com.java.TestType] [ 9509] - Concept ID:1 :: Step being Executed: 1::4
[INFO ][2015-12-02 12:47:32,164][com.java.TestType] [ 9547] - dataFields : LNKLogout
[DEBUG][2015-12-02 12:47:32,164][com.java.TestType] [ 9553] - <In Set values of the page>
[DEBUG][2015-12-02 12:47:32,164][com.java.TestType] [ 9558] - {Data Fields & Data Values Exist}
[INFO ][2015-12-02 12:47:32,164][com.java.TestType] [ 9564] - --------------------------setting values-----------------------------
[INFO ][2015-12-02 12:47:32,164][com.java.TestType] [ 9567] - Action Type : WaitForElement
[INFO ][2015-12-02 12:47:35,601][com.java.TestType] [ 9586] -  RESULT true
[INFO ][2015-12-02 12:47:35,601][com.java.TestType] [ 9703] - ?   P A S S   ?
[DEBUG][2015-12-02 12:47:35,601][com.java.TestType] [ 9509] - Concept ID:1 :: Step being Executed: 1::13
[INFO ][2015-12-02 12:47:35,601][com.java.TestType] [ 9547] - dataFields : LNK
[DEBUG][2015-12-02 12:47:35,601][com.java.TestType] [ 9553] - <In Set values of the page>
[DEBUG][2015-12-02 12:47:35,601][com.java.TestType] [ 9558] - {Data Fields & Data Values Exist}
[INFO ][2015-12-02 12:47:35,601][com.java.TestType] [ 9564] - --------------------------setting values-----------------------------
[INFO ][2015-12-02 12:47:35,601][com.java.TestType] [ 9567] - Action Type : Verify
[INFO ][2015-12-02 12:47:35,601][com.java.TestType] [ 6176] - field= LNK value= Logout
[INFO ][2015-12-02 12:47:35,605][com.java.TestType] [ 4991] - value = Logout
[INFO ][2015-12-02 12:47:35,641][com.java.TestType] [ 9586] -  RESULT true
[INFO ][2015-12-02 12:47:35,641][com.java.TestType] [ 9703] - ?   P A S S   ?
[DEBUG][2015-12-02 12:47:35,641][com.java.TestType] [ 9509] - Concept ID:1 :: Step being Executed: 1::14
[INFO ][2015-12-02 12:47:35,641][com.java.TestType] [ 9547] - dataFields : BTN
[DEBUG][2015-12-02 12:47:35,641][com.java.TestType] [ 9553] - <In Set values of the page>
[DEBUG][2015-12-02 12:47:35,641][com.java.TestType] [ 9558] - {Data Fields & Data Values Exist}
[INFO ][2015-12-02 12:47:35,641][com.java.TestType] [ 9564] - --------------------------setting values-----------------------------
[INFO ][2015-12-02 12:47:35,641][com.java.TestType] [ 9567] - Action Type : Verify
[INFO ][2015-12-02 12:47:35,641][com.java.TestType] [ 6176] - field= BTN value= //img[contains(@src,'bdlogo.jpg')]
[INFO ][2015-12-02 12:47:35,642][com.java.TestType] [ 4991] - value = //img[contains(@src,'bdlogo.jpg')]
[INFO ][2015-12-02 12:47:35,719][com.java.TestType] [ 9586] -  RESULT true
[INFO ][2015-12-02 12:47:35,719][com.java.TestType] [ 9703] - ?   P A S S   ?
[INFO ][2015-12-02 12:47:35,719][com.java.TestType] [ 9774] - Looping End......
[INFO ][2015-12-02 12:47:35,724][com.java.SeleniumDriver] [  874] -  RESULT true
[INFO ][2015-12-02 12:47:35,724][com.java.SeleniumDriver] [ 1080] - ?   P A S S   ?
[INFO ][2015-12-02 12:47:35,724][com.java.SeleniumDriver] [  801] - ------------------------------------------
[INFO ][2015-12-02 12:47:35,724][com.java.SeleniumDriver] [  802] - Test case being Executed: 1
[INFO ][2015-12-02 12:47:35,724][com.java.SeleniumDriver] [  813] - Test step:2
[INFO ][2015-12-02 12:47:35,724][com.java.SeleniumDriver] [  825] - Datavalue is----------Concept#2:1-2
[INFO ][2015-12-02 12:47:35,724][com.java.SeleniumDriver] [  849] - DataField : test
[INFO ][2015-12-02 12:47:35,724][com.java.SeleniumDriver] [  851] - DataValue : Concept#2:1-2
[INFO ][2015-12-02 12:47:35,724][com.java.SeleniumDriver] [  857] - <In Set values of the page>
[INFO ][2015-12-02 12:47:35,724][com.java.SeleniumDriver] [  860] - {Data Fields & Data Values Exist}
[INFO ][2015-12-02 12:47:35,724][com.java.SeleniumDriver] [  862] - --------------------------setting values-----------------------------
[INFO ][2015-12-02 12:47:35,724][com.java.SeleniumDriver] [  865] - Action Type : ExecuteTestCase
[INFO ][2015-12-02 12:47:35,725][com.java.TestType] [  433] - The Concept sheet name is ---------- Concept
[INFO ][2015-12-02 12:47:35,725][com.java.TestType] [  436] - The Concept ID  is ---------- 2
[DEBUG][2015-12-02 12:47:35,725][com.java.TestType] [  440] - Steps being executted in the Concept are: 1:2
[INFO ][2015-12-02 12:47:35,725][com.java.TestType] [  447] - Test data details path ---------- D:\BankersDashboard\TestInputs\TestData.xls
[INFO ][2015-12-02 12:47:35,756][com.java.TestType] [  478] -  str(1) = 2
[INFO ][2015-12-02 12:47:35,756][com.java.TestType] [  481] - Test case Id is---2
[INFO ][2015-12-02 12:47:35,756][com.java.TestType] [  483] - 2
[INFO ][2015-12-02 12:47:35,756][com.java.TestType] [  478] -  str(2) = 1
[INFO ][2015-12-02 12:47:35,758][com.java.TestType] [  530] - row values are--------{1=com.java.Objects.TestDataDetails@1b621a3}
[INFO ][2015-12-02 12:47:35,758][com.java.TestType] [  478] -  str(1) = 2
[INFO ][2015-12-02 12:47:35,758][com.java.TestType] [  481] - Test case Id is---2
[INFO ][2015-12-02 12:47:35,759][com.java.TestType] [  483] - 2
[INFO ][2015-12-02 12:47:35,759][com.java.TestType] [  478] -  str(2) = 2
[INFO ][2015-12-02 12:47:35,759][com.java.TestType] [  530] - row values are--------{1=com.java.Objects.TestDataDetails@1b621a3, 2=com.java.Objects.TestDataDetails@a54ce7}
[INFO ][2015-12-02 12:47:35,759][com.java.TestType] [  478] -  str(1) = 2
[INFO ][2015-12-02 12:47:35,759][com.java.TestType] [  481] - Test case Id is---2
[INFO ][2015-12-02 12:47:35,759][com.java.TestType] [  483] - 2
[INFO ][2015-12-02 12:47:35,760][com.java.TestType] [  478] -  str(2) = 3
[INFO ][2015-12-02 12:47:35,760][com.java.TestType] [  530] - row values are--------{1=com.java.Objects.TestDataDetails@1b621a3, 2=com.java.Objects.TestDataDetails@a54ce7, 3=com.java.Objects.TestDataDetails@c0976b}
[INFO ][2015-12-02 12:47:35,760][com.java.TestType] [ 9468] - Looping 1TCID = 2
[DEBUG][2015-12-02 12:47:35,760][com.java.TestType] [ 9509] - Concept ID:2 :: Step being Executed: 2::1
[INFO ][2015-12-02 12:47:35,760][com.java.TestType] [ 9547] - dataFields : BNK//select[@id='bank']
[DEBUG][2015-12-02 12:47:35,761][com.java.TestType] [ 9553] - <In Set values of the page>
[DEBUG][2015-12-02 12:47:35,761][com.java.TestType] [ 9558] - {Data Fields & Data Values Exist}
[INFO ][2015-12-02 12:47:35,761][com.java.TestType] [ 9564] - --------------------------setting values-----------------------------
[INFO ][2015-12-02 12:47:35,761][com.java.TestType] [ 9567] - Action Type : Select
[INFO ][2015-12-02 12:47:35,761][com.java.TestType] [ 4991] - value = PFC
[INFO ][2015-12-02 12:47:35,909][com.java.TestType] [ 9586] -  RESULT true
[INFO ][2015-12-02 12:47:35,909][com.java.TestType] [ 9703] - ?   P A S S   ?
[DEBUG][2015-12-02 12:47:35,910][com.java.TestType] [ 9509] - Concept ID:2 :: Step being Executed: 2::2
[INFO ][2015-12-02 12:47:35,910][com.java.TestType] [ 9547] - dataFields : LNKLogout
[DEBUG][2015-12-02 12:47:35,910][com.java.TestType] [ 9553] - <In Set values of the page>
[DEBUG][2015-12-02 12:47:35,910][com.java.TestType] [ 9558] - {Data Fields & Data Values Exist}
[INFO ][2015-12-02 12:47:35,910][com.java.TestType] [ 9564] - --------------------------setting values-----------------------------
[INFO ][2015-12-02 12:47:35,910][com.java.TestType] [ 9567] - Action Type : WaitTime
[DEBUG][2015-12-02 12:47:35,910][com.java.TestType] [ 4811] - sleepTime: 5000
[INFO ][2015-12-02 12:47:40,910][com.java.TestType] [ 9586] -  RESULT true
[INFO ][2015-12-02 12:47:40,910][com.java.TestType] [ 9703] - ?   P A S S   ?
[INFO ][2015-12-02 12:47:40,910][com.java.TestType] [ 9774] - Looping End......
[INFO ][2015-12-02 12:47:40,914][com.java.SeleniumDriver] [  874] -  RESULT true
[INFO ][2015-12-02 12:47:40,914][com.java.SeleniumDriver] [ 1080] - ?   P A S S   ?
[INFO ][2015-12-02 12:47:40,914][com.java.SeleniumDriver] [  801] - ------------------------------------------
[INFO ][2015-12-02 12:47:40,914][com.java.SeleniumDriver] [  802] - Test case being Executed: 1
[INFO ][2015-12-02 12:47:40,914][com.java.SeleniumDriver] [  813] - Test step:3
[INFO ][2015-12-02 12:47:40,914][com.java.SeleniumDriver] [  825] - Datavalue is----------2
[INFO ][2015-12-02 12:47:40,915][com.java.SeleniumDriver] [  849] - DataField : XPH//button[contains(text(),'Add Content')]
[INFO ][2015-12-02 12:47:40,915][com.java.SeleniumDriver] [  851] - DataValue : 2
[INFO ][2015-12-02 12:47:40,915][com.java.SeleniumDriver] [  857] - <In Set values of the page>
[INFO ][2015-12-02 12:47:40,915][com.java.SeleniumDriver] [  860] - {Data Fields & Data Values Exist}
[INFO ][2015-12-02 12:47:40,915][com.java.SeleniumDriver] [  862] - --------------------------setting values-----------------------------
[INFO ][2015-12-02 12:47:40,915][com.java.SeleniumDriver] [  865] - Action Type : WAITFORELEMENT
[INFO ][2015-12-02 12:47:40,955][com.java.SeleniumDriver] [  874] -  RESULT true
[INFO ][2015-12-02 12:47:40,955][com.java.SeleniumDriver] [ 1080] - ?   P A S S   ?
[DEBUG][2015-12-02 12:47:40,955][com.java.SeleniumDriver] [ 1192] - Case found
[DEBUG][2015-12-02 12:47:40,955][com.java.SeleniumDriver] [ 1197] - Incrementing ReportCounters[0]:1
[INFO ][2015-12-02 12:47:40,955][com.java.SeleniumDriver] [ 1216] - The results are-------------------[1, 1, Valid Login, Pass, , Wed Dec 02 12:47:35 IST 2015, 1, 2, Valid Login, Pass, , Wed Dec 02 12:47:40 IST 2015, 1, 3, Valid Login, Pass, , Wed Dec 02 12:47:40 IST 2015]
[INFO ][2015-12-02 12:47:40,955][com.java.SeleniumDriver] [ 1220] - End time is-------35 sec
[INFO ][2015-12-02 12:47:40,955][com.java.SeleniumDriver] [ 1221] - The results are-------------------[1, 1, Valid Login, Pass, , Wed Dec 02 12:47:35 IST 2015, 1, 2, Valid Login, Pass, , Wed Dec 02 12:47:40 IST 2015, 1, 3, Valid Login, Pass, , Wed Dec 02 12:47:40 IST 2015]
[DEBUG][2015-12-02 12:47:40,956][com.java.ImportnExport.ExportTestResultsExcel] [  222] - testResultPath = D:\BankersDashboard/TestReports/Test Results_BankersDashBoard_120215_124708_IE10_Any Bank USA.xls
[DEBUG][2015-12-02 12:47:40,956][com.java.ImportnExport.ExportTestResultsExcel] [  223] - browser is------------IE10
[DEBUG][2015-12-02 12:47:41,007][com.java.ImportnExport.ExportTestResultsExcel] [  270] - result.size() = 18
[DEBUG][2015-12-02 12:47:41,007][com.java.ImportnExport.ExportTestResultsExcel] [  274] - No of rows in sheet=1
[DEBUG][2015-12-02 12:47:41,007][com.java.ImportnExport.ExportTestResultsExcel] [  301] - ..in export..1
[DEBUG][2015-12-02 12:47:41,007][com.java.ImportnExport.ExportTestResultsExcel] [  301] - ..in export..Valid Login
[DEBUG][2015-12-02 12:47:41,007][com.java.ImportnExport.ExportTestResultsExcel] [  301] - ..in export..Pass
[DEBUG][2015-12-02 12:47:41,008][com.java.ImportnExport.ExportTestResultsExcel] [  301] - ..in export..
[DEBUG][2015-12-02 12:47:41,008][com.java.ImportnExport.ExportTestResultsExcel] [  301] - ..in export..Wed Dec 02 12:47:35 IST 2015
[INFO ][2015-12-02 12:47:41,009][com.java.SeleniumDriver] [ 1279] - out loop:0 size:2 TestCases:[1, 9] testcases:[1, 9]
[INFO ][2015-12-02 12:47:41,009][com.java.ImportnExport.ImportTestDataDetailsExcel] [   49] - test data details path===== D:\BankersDashboard\TestInputs\TestData.xls
[DEBUG][2015-12-02 12:48:05,283][com.java.TestType] [ 5900] - //td[text()='Consolidated']   :: Element not Found
[INFO ][2015-12-02 12:48:15,283][com.java.SeleniumDriver] [  801] - ------------------------------------------
[INFO ][2015-12-02 12:48:15,283][com.java.SeleniumDriver] [  802] - Test case being Executed: 9
[INFO ][2015-12-02 12:48:15,283][com.java.SeleniumDriver] [  813] - Test step:1
[INFO ][2015-12-02 12:48:15,283][com.java.SeleniumDriver] [  825] - Datavalue is----------Logout
[INFO ][2015-12-02 12:48:15,283][com.java.SeleniumDriver] [  849] - DataField : BTN
[INFO ][2015-12-02 12:48:15,283][com.java.SeleniumDriver] [  851] - DataValue : Logout
[INFO ][2015-12-02 12:48:15,283][com.java.SeleniumDriver] [  857] - <In Set values of the page>
[INFO ][2015-12-02 12:48:15,283][com.java.SeleniumDriver] [  860] - {Data Fields & Data Values Exist}
[INFO ][2015-12-02 12:48:15,283][com.java.SeleniumDriver] [  862] - --------------------------setting values-----------------------------
[INFO ][2015-12-02 12:48:15,283][com.java.SeleniumDriver] [  865] - Action Type : Verify
[INFO ][2015-12-02 12:48:15,283][com.java.TestType] [ 6176] - field= BTN value= Logout
[INFO ][2015-12-02 12:48:15,284][com.java.TestType] [ 4991] - value = Logout
[INFO ][2015-12-02 12:48:15,359][com.java.SeleniumDriver] [  874] -  RESULT true
[INFO ][2015-12-02 12:48:15,359][com.java.SeleniumDriver] [ 1080] - ?   P A S S   ?
[INFO ][2015-12-02 12:48:15,359][com.java.SeleniumDriver] [ 1122] - step change to 3
[INFO ][2015-12-02 12:48:15,359][com.java.SeleniumDriver] [  801] - ------------------------------------------
[INFO ][2015-12-02 12:48:15,359][com.java.SeleniumDriver] [  802] - Test case being Executed: 9
[INFO ][2015-12-02 12:48:15,359][com.java.SeleniumDriver] [  813] - Test step:3
[INFO ][2015-12-02 12:48:15,359][com.java.SeleniumDriver] [  825] - Datavalue is----------Concept#2:1-2
[INFO ][2015-12-02 12:48:15,359][com.java.SeleniumDriver] [  849] - DataField : test
[INFO ][2015-12-02 12:48:15,359][com.java.SeleniumDriver] [  851] - DataValue : Concept#2:1-2
[INFO ][2015-12-02 12:48:15,359][com.java.SeleniumDriver] [  857] - <In Set values of the page>
[INFO ][2015-12-02 12:48:15,359][com.java.SeleniumDriver] [  860] - {Data Fields & Data Values Exist}
[INFO ][2015-12-02 12:48:15,359][com.java.SeleniumDriver] [  862] - --------------------------setting values-----------------------------
[INFO ][2015-12-02 12:48:15,360][com.java.SeleniumDriver] [  865] - Action Type : ExecuteTestCase
[INFO ][2015-12-02 12:48:15,360][com.java.TestType] [  433] - The Concept sheet name is ---------- Concept
[INFO ][2015-12-02 12:48:15,360][com.java.TestType] [  436] - The Concept ID  is ---------- 2
[DEBUG][2015-12-02 12:48:15,360][com.java.TestType] [  440] - Steps being executted in the Concept are: 1:2
[INFO ][2015-12-02 12:48:15,360][com.java.TestType] [  447] - Test data details path ---------- D:\BankersDashboard\TestInputs\TestData.xls
[INFO ][2015-12-02 12:48:15,391][com.java.TestType] [  478] -  str(1) = 2
[INFO ][2015-12-02 12:48:15,391][com.java.TestType] [  481] - Test case Id is---2
[INFO ][2015-12-02 12:48:15,392][com.java.TestType] [  483] - 2
[INFO ][2015-12-02 12:48:15,392][com.java.TestType] [  478] -  str(2) = 1
[INFO ][2015-12-02 12:48:15,393][com.java.TestType] [  530] - row values are--------{1=com.java.Objects.TestDataDetails@1cd5c4}
[INFO ][2015-12-02 12:48:15,393][com.java.TestType] [  478] -  str(1) = 2
[INFO ][2015-12-02 12:48:15,393][com.java.TestType] [  481] - Test case Id is---2
[INFO ][2015-12-02 12:48:15,393][com.java.TestType] [  483] - 2
[INFO ][2015-12-02 12:48:15,393][com.java.TestType] [  478] -  str(2) = 2
[INFO ][2015-12-02 12:48:15,394][com.java.TestType] [  530] - row values are--------{1=com.java.Objects.TestDataDetails@1cd5c4, 2=com.java.Objects.TestDataDetails@1b0cb79}
[INFO ][2015-12-02 12:48:15,394][com.java.TestType] [  478] -  str(1) = 2
[INFO ][2015-12-02 12:48:15,394][com.java.TestType] [  481] - Test case Id is---2
[INFO ][2015-12-02 12:48:15,394][com.java.TestType] [  483] - 2
[INFO ][2015-12-02 12:48:15,394][com.java.TestType] [  478] -  str(2) = 3
[INFO ][2015-12-02 12:48:15,395][com.java.TestType] [  530] - row values are--------{1=com.java.Objects.TestDataDetails@1cd5c4, 2=com.java.Objects.TestDataDetails@1b0cb79, 3=com.java.Objects.TestDataDetails@19a7ae9}
[INFO ][2015-12-02 12:48:15,395][com.java.TestType] [ 9468] - Looping 1TCID = 2
[DEBUG][2015-12-02 12:48:15,395][com.java.TestType] [ 9509] - Concept ID:2 :: Step being Executed: 2::1
[INFO ][2015-12-02 12:48:15,395][com.java.TestType] [ 9547] - dataFields : BNK//select[@id='bank']
[DEBUG][2015-12-02 12:48:15,395][com.java.TestType] [ 9553] - <In Set values of the page>
[DEBUG][2015-12-02 12:48:15,395][com.java.TestType] [ 9558] - {Data Fields & Data Values Exist}
[INFO ][2015-12-02 12:48:15,395][com.java.TestType] [ 9564] - --------------------------setting values-----------------------------
[INFO ][2015-12-02 12:48:15,396][com.java.TestType] [ 9567] - Action Type : Select
[INFO ][2015-12-02 12:48:15,396][com.java.TestType] [ 4991] - value = PFC
[INFO ][2015-12-02 12:48:15,538][com.java.TestType] [ 9586] -  RESULT true
[INFO ][2015-12-02 12:48:15,538][com.java.TestType] [ 9703] - ?   P A S S   ?
[DEBUG][2015-12-02 12:48:15,538][com.java.TestType] [ 9509] - Concept ID:2 :: Step being Executed: 2::2
[INFO ][2015-12-02 12:48:15,538][com.java.TestType] [ 9547] - dataFields : LNKLogout
[DEBUG][2015-12-02 12:48:15,538][com.java.TestType] [ 9553] - <In Set values of the page>
[DEBUG][2015-12-02 12:48:15,538][com.java.TestType] [ 9558] - {Data Fields & Data Values Exist}
[INFO ][2015-12-02 12:48:15,538][com.java.TestType] [ 9564] - --------------------------setting values-----------------------------
[INFO ][2015-12-02 12:48:15,538][com.java.TestType] [ 9567] - Action Type : WaitTime
[DEBUG][2015-12-02 12:48:15,538][com.java.TestType] [ 4811] - sleepTime: 5000
[INFO ][2015-12-02 12:48:20,538][com.java.TestType] [ 9586] -  RESULT true
[INFO ][2015-12-02 12:48:20,538][com.java.TestType] [ 9703] - ?   P A S S   ?
[INFO ][2015-12-02 12:48:20,538][com.java.TestType] [ 9774] - Looping End......
[INFO ][2015-12-02 12:48:20,542][com.java.SeleniumDriver] [  874] -  RESULT true
[INFO ][2015-12-02 12:48:20,542][com.java.SeleniumDriver] [ 1080] - ?   P A S S   ?
[INFO ][2015-12-02 12:48:20,542][com.java.SeleniumDriver] [  801] - ------------------------------------------
[INFO ][2015-12-02 12:48:20,542][com.java.SeleniumDriver] [  802] - Test case being Executed: 9
[INFO ][2015-12-02 12:48:20,542][com.java.SeleniumDriver] [  813] - Test step:4
[INFO ][2015-12-02 12:48:20,542][com.java.SeleniumDriver] [  825] - Datavalue is----------null
[DEBUG][2015-12-02 12:48:20,544][com.java.SeleniumDriver] [  843] - Exception: null
[INFO ][2015-12-02 12:48:20,544][com.java.SeleniumDriver] [  849] - DataField : //span[@class='icon-stats']&&//a[@data-id="CreateNew"]
[INFO ][2015-12-02 12:48:20,544][com.java.SeleniumDriver] [  851] - DataValue : 
[INFO ][2015-12-02 12:48:20,545][com.java.SeleniumDriver] [  857] - <In Set values of the page>
[INFO ][2015-12-02 12:48:20,545][com.java.SeleniumDriver] [  860] - {Data Fields & Data Values Exist}
[INFO ][2015-12-02 12:48:20,545][com.java.SeleniumDriver] [  862] - --------------------------setting values-----------------------------
[INFO ][2015-12-02 12:48:20,545][com.java.SeleniumDriver] [  865] - Action Type : MOUSEOVER
[INFO ][2015-12-02 12:48:43,558][com.java.SeleniumDriver] [  874] -  RESULT true
[INFO ][2015-12-02 12:48:43,558][com.java.SeleniumDriver] [ 1080] - ?   P A S S   ?
[INFO ][2015-12-02 12:48:43,558][com.java.SeleniumDriver] [  801] - ------------------------------------------
[INFO ][2015-12-02 12:48:43,558][com.java.SeleniumDriver] [  802] - Test case being Executed: 9
[INFO ][2015-12-02 12:48:43,558][com.java.SeleniumDriver] [  813] - Test step:5
[INFO ][2015-12-02 12:48:43,558][com.java.SeleniumDriver] [  825] - Datavalue is----------2
[INFO ][2015-12-02 12:48:43,558][com.java.SeleniumDriver] [  849] - DataField : XPH//span[@class='ui-dialog-title']
[INFO ][2015-12-02 12:48:43,558][com.java.SeleniumDriver] [  851] - DataValue : 2
[INFO ][2015-12-02 12:48:43,558][com.java.SeleniumDriver] [  857] - <In Set values of the page>
[INFO ][2015-12-02 12:48:43,558][com.java.SeleniumDriver] [  860] - {Data Fields & Data Values Exist}
[INFO ][2015-12-02 12:48:43,558][com.java.SeleniumDriver] [  862] - --------------------------setting values-----------------------------
[INFO ][2015-12-02 12:48:43,558][com.java.SeleniumDriver] [  865] - Action Type : WAITFORELEMENT
[INFO ][2015-12-02 12:48:43,594][com.java.SeleniumDriver] [  874] -  RESULT true
[INFO ][2015-12-02 12:48:43,595][com.java.SeleniumDriver] [ 1080] - ?   P A S S   ?
[INFO ][2015-12-02 12:48:43,595][com.java.SeleniumDriver] [  801] - ------------------------------------------
[INFO ][2015-12-02 12:48:43,595][com.java.SeleniumDriver] [  802] - Test case being Executed: 9
[INFO ][2015-12-02 12:48:43,595][com.java.SeleniumDriver] [  813] - Test step:6
[INFO ][2015-12-02 12:48:43,595][com.java.SeleniumDriver] [  825] - Datavalue is----------Create New Projection
[INFO ][2015-12-02 12:48:43,595][com.java.SeleniumDriver] [  849] - DataField : XPH//span[@class='ui-dialog-title']
[INFO ][2015-12-02 12:48:43,595][com.java.SeleniumDriver] [  851] - DataValue : Create New Projection
[INFO ][2015-12-02 12:48:43,595][com.java.SeleniumDriver] [  857] - <In Set values of the page>
[INFO ][2015-12-02 12:48:43,595][com.java.SeleniumDriver] [  860] - {Data Fields & Data Values Exist}
[INFO ][2015-12-02 12:48:43,597][com.java.SeleniumDriver] [  862] - --------------------------setting values-----------------------------
[INFO ][2015-12-02 12:48:43,597][com.java.SeleniumDriver] [  865] - Action Type : VERIFY
[INFO ][2015-12-02 12:48:43,597][com.java.TestType] [ 6176] - field= XPH//span[@class='ui-dialog-title'] value= Create New Projection
[INFO ][2015-12-02 12:48:43,597][com.java.TestType] [ 4991] - value = Create New Projection
[INFO ][2015-12-02 12:48:43,723][com.java.SeleniumDriver] [  874] -  RESULT true
[INFO ][2015-12-02 12:48:43,724][com.java.SeleniumDriver] [ 1080] - ?   P A S S   ?
[INFO ][2015-12-02 12:48:43,724][com.java.SeleniumDriver] [  801] - ------------------------------------------
[INFO ][2015-12-02 12:48:43,724][com.java.SeleniumDriver] [  802] - Test case being Executed: 9
[INFO ][2015-12-02 12:48:43,724][com.java.SeleniumDriver] [  813] - Test step:7
[INFO ][2015-12-02 12:48:43,724][com.java.SeleniumDriver] [  825] - Datavalue is----------null
[DEBUG][2015-12-02 12:48:43,724][com.java.SeleniumDriver] [  843] - Exception: null
[INFO ][2015-12-02 12:48:43,724][com.java.SeleniumDriver] [  849] - DataField : BTNframeDialogContent
[INFO ][2015-12-02 12:48:43,724][com.java.SeleniumDriver] [  851] - DataValue : 
[INFO ][2015-12-02 12:48:43,724][com.java.SeleniumDriver] [  857] - <In Set values of the page>
[INFO ][2015-12-02 12:48:43,724][com.java.SeleniumDriver] [  860] - {Data Fields & Data Values Exist}
[INFO ][2015-12-02 12:48:43,724][com.java.SeleniumDriver] [  862] - --------------------------setting values-----------------------------
[INFO ][2015-12-02 12:48:43,724][com.java.SeleniumDriver] [  865] - Action Type : SELECTFRAME
[INFO ][2015-12-02 12:48:44,970][com.java.SeleniumDriver] [  874] -  RESULT true
[INFO ][2015-12-02 12:48:44,970][com.java.SeleniumDriver] [ 1080] - ?   P A S S   ?
[INFO ][2015-12-02 12:48:44,970][com.java.SeleniumDriver] [  801] - ------------------------------------------
[INFO ][2015-12-02 12:48:44,970][com.java.SeleniumDriver] [  802] - Test case being Executed: 9
[INFO ][2015-12-02 12:48:44,970][com.java.SeleniumDriver] [  813] - Test step:8
[INFO ][2015-12-02 12:48:44,970][com.java.SeleniumDriver] [  825] - Datavalue is----------null
[DEBUG][2015-12-02 12:48:44,970][com.java.SeleniumDriver] [  843] - Exception: null
[INFO ][2015-12-02 12:48:44,970][com.java.SeleniumDriver] [  849] - DataField : //span[@id='lblYear']
[INFO ][2015-12-02 12:48:44,970][com.java.SeleniumDriver] [  851] - DataValue : 
[INFO ][2015-12-02 12:48:44,970][com.java.SeleniumDriver] [  857] - <In Set values of the page>
[INFO ][2015-12-02 12:48:44,970][com.java.SeleniumDriver] [  860] - {Data Fields & Data Values Exist}
[INFO ][2015-12-02 12:48:44,971][com.java.SeleniumDriver] [  862] - --------------------------setting values-----------------------------
[INFO ][2015-12-02 12:48:44,971][com.java.SeleniumDriver] [  865] - Action Type : PRESENTYEAR
[INFO ][2015-12-02 12:48:45,071][com.java.SeleniumDriver] [  874] -  RESULT true
[INFO ][2015-12-02 12:48:45,072][com.java.SeleniumDriver] [ 1080] - ?   P A S S   ?
[INFO ][2015-12-02 12:48:45,072][com.java.SeleniumDriver] [  801] - ------------------------------------------
[INFO ][2015-12-02 12:48:45,072][com.java.SeleniumDriver] [  802] - Test case being Executed: 9
[INFO ][2015-12-02 12:48:45,072][com.java.SeleniumDriver] [  813] - Test step:9
[INFO ][2015-12-02 12:48:45,072][com.java.SeleniumDriver] [  825] - Datavalue is----------Currentyear
[INFO ][2015-12-02 12:48:45,072][com.java.SeleniumDriver] [  849] - DataField : XPH//span[@id='lblYear']
[INFO ][2015-12-02 12:48:45,072][com.java.SeleniumDriver] [  851] - DataValue : Currentyear
[INFO ][2015-12-02 12:48:45,072][com.java.SeleniumDriver] [  857] - <In Set values of the page>
[INFO ][2015-12-02 12:48:45,072][com.java.SeleniumDriver] [  860] - {Data Fields & Data Values Exist}
[INFO ][2015-12-02 12:48:45,072][com.java.SeleniumDriver] [  862] - --------------------------setting values-----------------------------
[INFO ][2015-12-02 12:48:45,072][com.java.SeleniumDriver] [  865] - Action Type : storevalue
[INFO ][2015-12-02 12:48:45,072][com.java.TestType] [ 7354] - field= XPH//span[@id='lblYear']
[DEBUG][2015-12-02 12:48:45,153][com.java.TestType] [ 7406] - Key:: Currentyear   Value:: 2015
[INFO ][2015-12-02 12:48:45,153][com.java.SeleniumDriver] [  874] -  RESULT true
[INFO ][2015-12-02 12:48:45,153][com.java.SeleniumDriver] [ 1080] - ?   P A S S   ?
[INFO ][2015-12-02 12:48:45,154][com.java.SeleniumDriver] [  801] - ------------------------------------------
[INFO ][2015-12-02 12:48:45,154][com.java.SeleniumDriver] [  802] - Test case being Executed: 9
[INFO ][2015-12-02 12:48:45,154][com.java.SeleniumDriver] [  813] - Test step:10
[INFO ][2015-12-02 12:48:45,154][com.java.SeleniumDriver] [  825] - Datavalue is----------4
[INFO ][2015-12-02 12:48:45,154][com.java.SeleniumDriver] [  849] - DataField : BTNtxtNumYears
[INFO ][2015-12-02 12:48:45,154][com.java.SeleniumDriver] [  851] - DataValue : 4
[INFO ][2015-12-02 12:48:45,154][com.java.SeleniumDriver] [  857] - <In Set values of the page>
[INFO ][2015-12-02 12:48:45,154][com.java.SeleniumDriver] [  860] - {Data Fields & Data Values Exist}
[INFO ][2015-12-02 12:48:45,154][com.java.SeleniumDriver] [  862] - --------------------------setting values-----------------------------
[INFO ][2015-12-02 12:48:45,154][com.java.SeleniumDriver] [  865] - Action Type : CLEARANDENTER
[INFO ][2015-12-02 12:48:45,154][com.java.TestType] [ 4991] - value = 4
[INFO ][2015-12-02 12:48:47,530][com.java.SeleniumDriver] [  874] -  RESULT true
[INFO ][2015-12-02 12:48:47,530][com.java.SeleniumDriver] [ 1080] - ?   P A S S   ?
[INFO ][2015-12-02 12:48:47,531][com.java.SeleniumDriver] [  801] - ------------------------------------------
[INFO ][2015-12-02 12:48:47,531][com.java.SeleniumDriver] [  802] - Test case being Executed: 9
[INFO ][2015-12-02 12:48:47,531][com.java.SeleniumDriver] [  813] - Test step:11
[INFO ][2015-12-02 12:48:47,531][com.java.SeleniumDriver] [  825] - Datavalue is----------Numberofyears
[INFO ][2015-12-02 12:48:47,531][com.java.SeleniumDriver] [  849] - DataField : TXTtxtNumYears
[INFO ][2015-12-02 12:48:47,531][com.java.SeleniumDriver] [  851] - DataValue : Numberofyears
[INFO ][2015-12-02 12:48:47,531][com.java.SeleniumDriver] [  857] - <In Set values of the page>
[INFO ][2015-12-02 12:48:47,531][com.java.SeleniumDriver] [  860] - {Data Fields & Data Values Exist}
[INFO ][2015-12-02 12:48:47,531][com.java.SeleniumDriver] [  862] - --------------------------setting values-----------------------------
[INFO ][2015-12-02 12:48:47,531][com.java.SeleniumDriver] [  865] - Action Type : storevalue
[INFO ][2015-12-02 12:48:47,531][com.java.TestType] [ 7354] - field= TXTtxtNumYears
[DEBUG][2015-12-02 12:48:48,651][com.java.TestType] [ 7368] - Key:: Numberofyears  Value:: 4
[INFO ][2015-12-02 12:48:48,652][com.java.SeleniumDriver] [  874] -  RESULT true
[INFO ][2015-12-02 12:48:48,652][com.java.SeleniumDriver] [ 1080] - ?   P A S S   ?
[INFO ][2015-12-02 12:48:48,652][com.java.SeleniumDriver] [  801] - ------------------------------------------
[INFO ][2015-12-02 12:48:48,652][com.java.SeleniumDriver] [  802] - Test case being Executed: 9
[INFO ][2015-12-02 12:48:48,652][com.java.SeleniumDriver] [  813] - Test step:12
[INFO ][2015-12-02 12:48:48,652][com.java.SeleniumDriver] [  825] - Datavalue is----------RNDVL_Projection
[INFO ][2015-12-02 12:48:48,652][com.java.SeleniumDriver] [  849] - DataField : BTNtxtDescription
[INFO ][2015-12-02 12:48:48,652][com.java.SeleniumDriver] [  851] - DataValue : RNDVL_Projection
[INFO ][2015-12-02 12:48:48,652][com.java.SeleniumDriver] [  857] - <In Set values of the page>
[INFO ][2015-12-02 12:48:48,653][com.java.SeleniumDriver] [  860] - {Data Fields & Data Values Exist}
[INFO ][2015-12-02 12:48:48,653][com.java.SeleniumDriver] [  862] - --------------------------setting values-----------------------------
[INFO ][2015-12-02 12:48:48,654][com.java.SeleniumDriver] [  865] - Action Type : CLEARANDENTER
[INFO ][2015-12-02 12:48:48,654][com.java.TestType] [ 4991] - value = VL_Projection40803
[INFO ][2015-12-02 12:48:53,439][com.java.SeleniumDriver] [  874] -  RESULT true
[INFO ][2015-12-02 12:48:53,439][com.java.SeleniumDriver] [ 1080] - ?   P A S S   ?
[INFO ][2015-12-02 12:48:53,439][com.java.SeleniumDriver] [  801] - ------------------------------------------
[INFO ][2015-12-02 12:48:53,439][com.java.SeleniumDriver] [  802] - Test case being Executed: 9
[INFO ][2015-12-02 12:48:53,439][com.java.SeleniumDriver] [  813] - Test step:13
[INFO ][2015-12-02 12:48:53,439][com.java.SeleniumDriver] [  825] - Datavalue is----------Textdescription
[INFO ][2015-12-02 12:48:53,439][com.java.SeleniumDriver] [  849] - DataField : TXTtxtDescription
[INFO ][2015-12-02 12:48:53,439][com.java.SeleniumDriver] [  851] - DataValue : Textdescription
[INFO ][2015-12-02 12:48:53,439][com.java.SeleniumDriver] [  857] - <In Set values of the page>
[INFO ][2015-12-02 12:48:53,440][com.java.SeleniumDriver] [  860] - {Data Fields & Data Values Exist}
[INFO ][2015-12-02 12:48:53,440][com.java.SeleniumDriver] [  862] - --------------------------setting values-----------------------------
[INFO ][2015-12-02 12:48:53,440][com.java.SeleniumDriver] [  865] - Action Type : storevalue
[INFO ][2015-12-02 12:48:53,440][com.java.TestType] [ 7354] - field= TXTtxtDescription
[DEBUG][2015-12-02 12:48:54,559][com.java.TestType] [ 7368] - Key:: Textdescription  Value:: VL_Projection40803
[INFO ][2015-12-02 12:48:54,559][com.java.SeleniumDriver] [  874] -  RESULT true
[INFO ][2015-12-02 12:48:54,560][com.java.SeleniumDriver] [ 1080] - ?   P A S S   ?
[INFO ][2015-12-02 12:48:54,560][com.java.SeleniumDriver] [  801] - ------------------------------------------
[INFO ][2015-12-02 12:48:54,560][com.java.SeleniumDriver] [  802] - Test case being Executed: 9
[INFO ][2015-12-02 12:48:54,560][com.java.SeleniumDriver] [  813] - Test step:14
[INFO ][2015-12-02 12:48:54,560][com.java.SeleniumDriver] [  825] - Datavalue is----------null
[DEBUG][2015-12-02 12:48:54,560][com.java.SeleniumDriver] [  843] - Exception: null
[INFO ][2015-12-02 12:48:54,560][com.java.SeleniumDriver] [  849] - DataField : BTNrdoMakePublicYes
[INFO ][2015-12-02 12:48:54,560][com.java.SeleniumDriver] [  851] - DataValue : 
[INFO ][2015-12-02 12:48:54,560][com.java.SeleniumDriver] [  857] - <In Set values of the page>
[INFO ][2015-12-02 12:48:54,560][com.java.SeleniumDriver] [  860] - {Data Fields & Data Values Exist}
[INFO ][2015-12-02 12:48:54,560][com.java.SeleniumDriver] [  862] - --------------------------setting values-----------------------------
[INFO ][2015-12-02 12:48:54,560][com.java.SeleniumDriver] [  865] - Action Type : Click
[INFO ][2015-12-02 12:48:54,560][com.java.TestType] [ 5319] - Field ::BTNrdoMakePublicYes
[INFO ][2015-12-02 12:48:55,560][com.java.TestType] [ 5385] - BEFORE CLICK
[INFO ][2015-12-02 12:48:56,755][com.java.TestType] [ 5392] - Unable to click the object Click on yes radio Button
[INFO ][2015-12-02 12:48:56,755][com.java.SeleniumDriver] [  874] -  RESULT true
[INFO ][2015-12-02 12:48:56,755][com.java.SeleniumDriver] [ 1080] - ?   P A S S   ?
[INFO ][2015-12-02 12:48:56,756][com.java.SeleniumDriver] [  801] - ------------------------------------------
[INFO ][2015-12-02 12:48:56,756][com.java.SeleniumDriver] [  802] - Test case being Executed: 9
[INFO ][2015-12-02 12:48:56,757][com.java.SeleniumDriver] [  813] - Test step:15
[INFO ][2015-12-02 12:48:56,757][com.java.SeleniumDriver] [  825] - Datavalue is----------null
[DEBUG][2015-12-02 12:48:56,759][com.java.SeleniumDriver] [  843] - Exception: null
[INFO ][2015-12-02 12:48:56,759][com.java.SeleniumDriver] [  849] - DataField : BTNParent
[INFO ][2015-12-02 12:48:56,759][com.java.SeleniumDriver] [  851] - DataValue : 
[INFO ][2015-12-02 12:48:56,759][com.java.SeleniumDriver] [  857] - <In Set values of the page>
[INFO ][2015-12-02 12:48:56,759][com.java.SeleniumDriver] [  860] - {Data Fields & Data Values Exist}
[INFO ][2015-12-02 12:48:56,759][com.java.SeleniumDriver] [  862] - --------------------------setting values-----------------------------
[INFO ][2015-12-02 12:48:56,759][com.java.SeleniumDriver] [  865] - Action Type : SELECTFRAME
[INFO ][2015-12-02 12:48:56,772][com.java.SeleniumDriver] [  874] -  RESULT true
[INFO ][2015-12-02 12:48:56,772][com.java.SeleniumDriver] [ 1080] - ?   P A S S   ?
[INFO ][2015-12-02 12:48:56,772][com.java.SeleniumDriver] [  801] - ------------------------------------------
[INFO ][2015-12-02 12:48:56,772][com.java.SeleniumDriver] [  802] - Test case being Executed: 9
[INFO ][2015-12-02 12:48:56,772][com.java.SeleniumDriver] [  813] - Test step:16
[INFO ][2015-12-02 12:48:56,772][com.java.SeleniumDriver] [  825] - Datavalue is----------null
[DEBUG][2015-12-02 12:48:56,772][com.java.SeleniumDriver] [  843] - Exception: null
[INFO ][2015-12-02 12:48:56,772][com.java.SeleniumDriver] [  849] - DataField : XPH//span[text()='Create']
[INFO ][2015-12-02 12:48:56,772][com.java.SeleniumDriver] [  851] - DataValue : 
[INFO ][2015-12-02 12:48:56,773][com.java.SeleniumDriver] [  857] - <In Set values of the page>
[INFO ][2015-12-02 12:48:56,773][com.java.SeleniumDriver] [  860] - {Data Fields & Data Values Exist}
[INFO ][2015-12-02 12:48:56,773][com.java.SeleniumDriver] [  862] - --------------------------setting values-----------------------------
[INFO ][2015-12-02 12:48:56,773][com.java.SeleniumDriver] [  865] - Action Type : Click
[INFO ][2015-12-02 12:48:56,773][com.java.TestType] [ 5319] - Field ::XPH//span[text()='Create']
[INFO ][2015-12-02 12:48:57,773][com.java.TestType] [ 5406] - BEFORE CLICK
[INFO ][2015-12-02 12:48:58,584][com.java.TestType] [ 5414] - Unable to click the object Create Button
[INFO ][2015-12-02 12:48:58,584][com.java.SeleniumDriver] [  874] -  RESULT true
[INFO ][2015-12-02 12:48:58,584][com.java.SeleniumDriver] [ 1080] - ?   P A S S   ?
[INFO ][2015-12-02 12:48:58,584][com.java.SeleniumDriver] [ 1122] - step change to 23
[INFO ][2015-12-02 12:48:58,584][com.java.SeleniumDriver] [  801] - ------------------------------------------
[INFO ][2015-12-02 12:48:58,584][com.java.SeleniumDriver] [  802] - Test case being Executed: 9
[INFO ][2015-12-02 12:48:58,584][com.java.SeleniumDriver] [  813] - Test step:23
[INFO ][2015-12-02 12:48:58,584][com.java.SeleniumDriver] [  825] - Datavalue is----------null
[DEBUG][2015-12-02 12:48:58,586][com.java.SeleniumDriver] [  843] - Exception: null
[INFO ][2015-12-02 12:48:58,586][com.java.SeleniumDriver] [  849] - DataField : BTNframeProjectionOpen
[INFO ][2015-12-02 12:48:58,586][com.java.SeleniumDriver] [  851] - DataValue : 
[INFO ][2015-12-02 12:48:58,586][com.java.SeleniumDriver] [  857] - <In Set values of the page>
[INFO ][2015-12-02 12:48:58,586][com.java.SeleniumDriver] [  860] - {Data Fields & Data Values Exist}
[INFO ][2015-12-02 12:48:58,586][com.java.SeleniumDriver] [  862] - --------------------------setting values-----------------------------
[INFO ][2015-12-02 12:48:58,586][com.java.SeleniumDriver] [  865] - Action Type : SELECTFRAME
[INFO ][2015-12-02 12:48:59,817][com.java.SeleniumDriver] [  874] -  RESULT true
[INFO ][2015-12-02 12:48:59,817][com.java.SeleniumDriver] [ 1080] - ?   P A S S   ?
[INFO ][2015-12-02 12:48:59,817][com.java.SeleniumDriver] [  801] - ------------------------------------------
[INFO ][2015-12-02 12:48:59,817][com.java.SeleniumDriver] [  802] - Test case being Executed: 9
[INFO ][2015-12-02 12:48:59,817][com.java.SeleniumDriver] [  813] - Test step:24
[INFO ][2015-12-02 12:48:59,817][com.java.SeleniumDriver] [  825] - Datavalue is----------2
[INFO ][2015-12-02 12:48:59,817][com.java.SeleniumDriver] [  849] - DataField : DSPDelete
[INFO ][2015-12-02 12:48:59,818][com.java.SeleniumDriver] [  851] - DataValue : 2
[INFO ][2015-12-02 12:48:59,818][com.java.SeleniumDriver] [  857] - <In Set values of the page>
[INFO ][2015-12-02 12:48:59,818][com.java.SeleniumDriver] [  860] - {Data Fields & Data Values Exist}
[INFO ][2015-12-02 12:48:59,818][com.java.SeleniumDriver] [  862] - --------------------------setting values-----------------------------
[INFO ][2015-12-02 12:48:59,818][com.java.SeleniumDriver] [  865] - Action Type : WAITFORELEMENT
[INFO ][2015-12-02 12:49:08,339][com.java.SeleniumDriver] [  874] -  RESULT true
[INFO ][2015-12-02 12:49:08,339][com.java.SeleniumDriver] [ 1080] - ?   P A S S   ?
[INFO ][2015-12-02 12:49:08,340][com.java.SeleniumDriver] [  801] - ------------------------------------------
[INFO ][2015-12-02 12:49:08,340][com.java.SeleniumDriver] [  802] - Test case being Executed: 9
[INFO ][2015-12-02 12:49:08,340][com.java.SeleniumDriver] [  813] - Test step:25
[INFO ][2015-12-02 12:49:08,340][com.java.SeleniumDriver] [  825] - Datavalue is----------2
[INFO ][2015-12-02 12:49:08,340][com.java.SeleniumDriver] [  849] - DataField : XPH//table[@class="dialogue"]//div[contains(text(),'Balance Sheet')]
[INFO ][2015-12-02 12:49:08,340][com.java.SeleniumDriver] [  851] - DataValue : 2
[INFO ][2015-12-02 12:49:08,340][com.java.SeleniumDriver] [  857] - <In Set values of the page>
[INFO ][2015-12-02 12:49:08,340][com.java.SeleniumDriver] [  860] - {Data Fields & Data Values Exist}
[INFO ][2015-12-02 12:49:08,340][com.java.SeleniumDriver] [  862] - --------------------------setting values-----------------------------
[INFO ][2015-12-02 12:49:08,340][com.java.SeleniumDriver] [  865] - Action Type : WAITFORELEMENT
[INFO ][2015-12-02 12:49:08,384][com.java.SeleniumDriver] [  874] -  RESULT true
[INFO ][2015-12-02 12:49:08,385][com.java.SeleniumDriver] [ 1080] - ?   P A S S   ?
[INFO ][2015-12-02 12:49:08,385][com.java.SeleniumDriver] [  801] - ------------------------------------------
[INFO ][2015-12-02 12:49:08,385][com.java.SeleniumDriver] [  802] - Test case being Executed: 9
[INFO ][2015-12-02 12:49:08,385][com.java.SeleniumDriver] [  813] - Test step:26
[INFO ][2015-12-02 12:49:08,385][com.java.SeleniumDriver] [  825] - Datavalue is----------null
[DEBUG][2015-12-02 12:49:08,385][com.java.SeleniumDriver] [  843] - Exception: null
[INFO ][2015-12-02 12:49:08,385][com.java.SeleniumDriver] [  849] - DataField : HDN//table[@class="dialogue"]//div[contains(text(),'Balance Sheet')]
[INFO ][2015-12-02 12:49:08,385][com.java.SeleniumDriver] [  851] - DataValue : 
[INFO ][2015-12-02 12:49:08,385][com.java.SeleniumDriver] [  857] - <In Set values of the page>
[INFO ][2015-12-02 12:49:08,385][com.java.SeleniumDriver] [  860] - {Data Fields & Data Values Exist}
[INFO ][2015-12-02 12:49:08,385][com.java.SeleniumDriver] [  862] - --------------------------setting values-----------------------------
[INFO ][2015-12-02 12:49:08,385][com.java.SeleniumDriver] [  865] - Action Type : CLICK
[INFO ][2015-12-02 12:49:08,385][com.java.TestType] [ 5319] - Field ::HDN//table[@class="dialogue"]//div[contains(text(),'Balance Sheet')]
[INFO ][2015-12-02 12:49:09,445][com.java.SeleniumDriver] [  874] -  RESULT true
[INFO ][2015-12-02 12:49:09,445][com.java.SeleniumDriver] [ 1080] - ?   P A S S   ?
[INFO ][2015-12-02 12:49:09,446][com.java.SeleniumDriver] [  801] - ------------------------------------------
[INFO ][2015-12-02 12:49:09,446][com.java.SeleniumDriver] [  802] - Test case being Executed: 9
[INFO ][2015-12-02 12:49:09,446][com.java.SeleniumDriver] [  813] - Test step:27
[INFO ][2015-12-02 12:49:09,446][com.java.SeleniumDriver] [  825] - Datavalue is----------6
[INFO ][2015-12-02 12:49:09,446][com.java.SeleniumDriver] [  849] - DataField : null
[INFO ][2015-12-02 12:49:09,446][com.java.SeleniumDriver] [  851] - DataValue : 6
[INFO ][2015-12-02 12:49:09,446][com.java.SeleniumDriver] [  857] - <In Set values of the page>
[INFO ][2015-12-02 12:49:09,446][com.java.SeleniumDriver] [  860] - {Data Fields & Data Values Exist}
[INFO ][2015-12-02 12:49:09,446][com.java.SeleniumDriver] [  862] - --------------------------setting values-----------------------------
[INFO ][2015-12-02 12:49:09,446][com.java.SeleniumDriver] [  865] - Action Type : Waittime
[DEBUG][2015-12-02 12:49:09,446][com.java.TestType] [ 4811] - sleepTime: 6000
[INFO ][2015-12-02 12:49:15,446][com.java.SeleniumDriver] [  874] -  RESULT true
[INFO ][2015-12-02 12:49:15,446][com.java.SeleniumDriver] [ 1080] - ?   P A S S   ?
[INFO ][2015-12-02 12:49:15,446][com.java.SeleniumDriver] [  801] - ------------------------------------------
[INFO ][2015-12-02 12:49:15,447][com.java.SeleniumDriver] [  802] - Test case being Executed: 9
[INFO ][2015-12-02 12:49:15,447][com.java.SeleniumDriver] [  813] - Test step:28
[INFO ][2015-12-02 12:49:15,447][com.java.SeleniumDriver] [  825] - Datavalue is----------HMVCurrentyear::HMVNumberofyears::null
[INFO ][2015-12-02 12:49:15,448][com.java.SeleniumDriver] [  849] - DataField : XPH//table[@id="table_1"]//td[@class="dlg_ColumnHeader"]
[INFO ][2015-12-02 12:49:15,448][com.java.SeleniumDriver] [  851] - DataValue : HMVCurrentyear::HMVNumberofyears::null
[INFO ][2015-12-02 12:49:15,448][com.java.SeleniumDriver] [  857] - <In Set values of the page>
[INFO ][2015-12-02 12:49:15,448][com.java.SeleniumDriver] [  860] - {Data Fields & Data Values Exist}
[INFO ][2015-12-02 12:49:15,448][com.java.SeleniumDriver] [  862] - --------------------------setting values-----------------------------
[INFO ][2015-12-02 12:49:15,448][com.java.SeleniumDriver] [  865] - Action Type : MANAGEPRJINCANDDEC
[INFO ][2015-12-02 12:49:15,448][com.java.TestType] [ 1067] - field = XPH//table[@id="table_1"]//td[@class="dlg_ColumnHeader"]
[INFO ][2015-12-02 12:49:15,448][com.java.TestType] [ 4991] - value = 4
[INFO ][2015-12-02 12:49:15,448][com.java.TestType] [ 4991] - value = 2015
[INFO ][2015-12-02 12:49:15,808][com.java.SeleniumDriver] [  874] -  RESULT true
[INFO ][2015-12-02 12:49:15,808][com.java.SeleniumDriver] [ 1080] - ?   P A S S   ?
[INFO ][2015-12-02 12:49:15,809][com.java.SeleniumDriver] [  801] - ------------------------------------------
[INFO ][2015-12-02 12:49:15,809][com.java.SeleniumDriver] [  802] - Test case being Executed: 9
[INFO ][2015-12-02 12:49:15,809][com.java.SeleniumDriver] [  813] - Test step:29
[INFO ][2015-12-02 12:49:15,809][com.java.SeleniumDriver] [  825] - Datavalue is----------null
[DEBUG][2015-12-02 12:49:15,809][com.java.SeleniumDriver] [  843] - Exception: null
[INFO ][2015-12-02 12:49:15,809][com.java.SeleniumDriver] [  849] - DataField : XPH//table[@id='table_1']
[INFO ][2015-12-02 12:49:15,809][com.java.SeleniumDriver] [  851] - DataValue : 
[INFO ][2015-12-02 12:49:15,809][com.java.SeleniumDriver] [  857] - <In Set values of the page>
[INFO ][2015-12-02 12:49:15,809][com.java.SeleniumDriver] [  860] - {Data Fields & Data Values Exist}
[INFO ][2015-12-02 12:49:15,809][com.java.SeleniumDriver] [  862] - --------------------------setting values-----------------------------
[INFO ][2015-12-02 12:49:15,809][com.java.SeleniumDriver] [  865] - Action Type : FILLTABLEINPROJECTIONS
[INFO ][2015-12-02 12:52:47,676][com.java.TestType] [ 4991] - value = $1
[INFO ][2015-12-02 12:54:42,353][com.java.SeleniumDriver] [  874] -  RESULT true
[INFO ][2015-12-02 12:54:42,353][com.java.SeleniumDriver] [ 1080] - ?   P A S S   ?
[INFO ][2015-12-02 12:54:42,354][com.java.SeleniumDriver] [  801] - ------------------------------------------
[INFO ][2015-12-02 12:54:42,354][com.java.SeleniumDriver] [  802] - Test case being Executed: 9
[INFO ][2015-12-02 12:54:42,354][com.java.SeleniumDriver] [  813] - Test step:30
[INFO ][2015-12-02 12:54:42,354][com.java.SeleniumDriver] [  825] - Datavalue is----------null
[DEBUG][2015-12-02 12:54:42,354][com.java.SeleniumDriver] [  843] - Exception: null
[INFO ][2015-12-02 12:54:42,354][com.java.SeleniumDriver] [  849] - DataField : HDN//table[@class="dialogue"]//div[contains(text(),'Income Statement')]
[INFO ][2015-12-02 12:54:42,354][com.java.SeleniumDriver] [  851] - DataValue : 
[INFO ][2015-12-02 12:54:42,354][com.java.SeleniumDriver] [  857] - <In Set values of the page>
[INFO ][2015-12-02 12:54:42,354][com.java.SeleniumDriver] [  860] - {Data Fields & Data Values Exist}
[INFO ][2015-12-02 12:54:42,354][com.java.SeleniumDriver] [  862] - --------------------------setting values-----------------------------
[INFO ][2015-12-02 12:54:42,354][com.java.SeleniumDriver] [  865] - Action Type : CLICK
[INFO ][2015-12-02 12:54:42,354][com.java.TestType] [ 5319] - Field ::HDN//table[@class="dialogue"]//div[contains(text(),'Income Statement')]
[INFO ][2015-12-02 12:54:43,416][com.java.SeleniumDriver] [  874] -  RESULT true
[INFO ][2015-12-02 12:54:43,416][com.java.SeleniumDriver] [ 1080] - ?   P A S S   ?
[INFO ][2015-12-02 12:54:43,417][com.java.SeleniumDriver] [  801] - ------------------------------------------
[INFO ][2015-12-02 12:54:43,417][com.java.SeleniumDriver] [  802] - Test case being Executed: 9
[INFO ][2015-12-02 12:54:43,417][com.java.SeleniumDriver] [  813] - Test step:31
[INFO ][2015-12-02 12:54:43,417][com.java.SeleniumDriver] [  825] - Datavalue is----------5
[INFO ][2015-12-02 12:54:43,417][com.java.SeleniumDriver] [  849] - DataField : null
[INFO ][2015-12-02 12:54:43,417][com.java.SeleniumDriver] [  851] - DataValue : 5
[INFO ][2015-12-02 12:54:43,417][com.java.SeleniumDriver] [  857] - <In Set values of the page>
[INFO ][2015-12-02 12:54:43,417][com.java.SeleniumDriver] [  860] - {Data Fields & Data Values Exist}
[INFO ][2015-12-02 12:54:43,417][com.java.SeleniumDriver] [  862] - --------------------------setting values-----------------------------
[INFO ][2015-12-02 12:54:43,417][com.java.SeleniumDriver] [  865] - Action Type : Waittime
[DEBUG][2015-12-02 12:54:43,417][com.java.TestType] [ 4811] - sleepTime: 5000
[INFO ][2015-12-02 12:54:48,417][com.java.SeleniumDriver] [  874] -  RESULT true
[INFO ][2015-12-02 12:54:48,417][com.java.SeleniumDriver] [ 1080] - ?   P A S S   ?
[INFO ][2015-12-02 12:54:48,417][com.java.SeleniumDriver] [  801] - ------------------------------------------
[INFO ][2015-12-02 12:54:48,417][com.java.SeleniumDriver] [  802] - Test case being Executed: 9
[INFO ][2015-12-02 12:54:48,417][com.java.SeleniumDriver] [  813] - Test step:32
[INFO ][2015-12-02 12:54:48,417][com.java.SeleniumDriver] [  825] - Datavalue is----------null
[DEBUG][2015-12-02 12:54:48,419][com.java.SeleniumDriver] [  843] - Exception: null
[INFO ][2015-12-02 12:54:48,419][com.java.SeleniumDriver] [  849] - DataField : XPH//table[@id='table_2']
[INFO ][2015-12-02 12:54:48,419][com.java.SeleniumDriver] [  851] - DataValue : 
[INFO ][2015-12-02 12:54:48,419][com.java.SeleniumDriver] [  857] - <In Set values of the page>
[INFO ][2015-12-02 12:54:48,419][com.java.SeleniumDriver] [  860] - {Data Fields & Data Values Exist}
[INFO ][2015-12-02 12:54:48,419][com.java.SeleniumDriver] [  862] - --------------------------setting values-----------------------------
[INFO ][2015-12-02 12:54:48,419][com.java.SeleniumDriver] [  865] - Action Type : FILLTABLEINPROJECTIONS
[DEBUG][2015-12-02 12:54:48,488][com.java.TestType] [  849] - Unable to perform actionXPH//table[@id='table_2']
[ERROR][2015-12-02 12:54:48,492][com.java.TestType] [  850] - Exception: Modal dialog present: You've must enter a dollar amount for this field.
Build info: version: '2.48.2', revision: '41bccdd', time: '2015-10-09 19:59:12'
System info: host: 'FVTIII438F1D', ip: '172.17.68.34', os.name: 'Windows 7', os.arch: 'x86', os.version: '6.1', java.version: '1.7.0_55'
*** Element info: {Using=xpath, value=//table[@id='table_2']//tr[2]//td//input[@class='dlg_TextBoxNumeric']}
Session ID: dcdfee6e-9864-4483-93da-9f13369ef25e
Driver info: org.openqa.selenium.ie.InternetExplorerDriver
Capabilities [{platform=WINDOWS, javascriptEnabled=true, elementScrollBehavior=0, ignoreZoomSetting=false, enablePersistentHover=true, ie.ensureCleanSession=false, browserName=internet explorer, enableElementCacheCleanup=true, unexpectedAlertBehaviour=dismiss, version=10, ie.usePerProcessProxy=false, ignoreProtectedModeSettings=true, cssSelectorsEnabled=true, requireWindowFocus=false, initialBrowserUrl=http://localhost:41782/, handlesAlerts=true, ie.forceCreateProcessApi=false, nativeEvents=true, browserAttachTimeout=0, ie.browserCommandLineSwitches=, takesScreenshot=true}]
[INFO ][2015-12-02 12:54:48,492][com.java.SeleniumDriver] [  874] -  RESULT false
[INFO ][2015-12-02 12:54:48,492][com.java.SeleniumDriver] [  921] - ?   F A I L   ?
[INFO ][2015-12-02 12:54:48,492][com.java.SeleniumDriver] [  929] - Browser Type : IE10
[INFO ][2015-12-02 12:54:48,492][com.java.SeleniumDriver] [  930] - Adding Failed case9
[INFO ][2015-12-02 12:54:48,661][com.java.SeleniumDriver] [ 1044] - failedCases = 9
[ERROR][2015-12-02 12:54:48,661][com.java.SeleniumDriver] [ 1541] - Platform Errors : Our apologies...::We have encountered an issue with your request.::Our apologies?:We encountered an issue with your request.
[INFO ][2015-12-02 12:54:48,661][com.java.SeleniumDriver] [ 1545] - Length =3
[ERROR][2015-12-02 12:54:48,661][com.java.SeleniumDriver] [ 1548] - Error 0 = Our apologies...
[ERROR][2015-12-02 12:54:48,720][com.java.SeleniumDriver] [ 1548] - Error 1 = We have encountered an issue with your request.
[ERROR][2015-12-02 12:54:48,741][com.java.SeleniumDriver] [ 1548] - Error 2 = Our apologies?:We encountered an issue with your request.
[INFO ][2015-12-02 12:54:48,759][com.java.SeleniumDriver] [ 1559] - strError:
[DEBUG][2015-12-02 12:54:48,771][com.java.SeleniumDriver] [ 1192] - Case found
[DEBUG][2015-12-02 12:54:48,772][com.java.SeleniumDriver] [ 1197] - Incrementing ReportCounters[0]:2
[INFO ][2015-12-02 12:54:48,772][com.java.SeleniumDriver] [ 1216] - The results are-------------------[9, 32, Projections > Create New Projections, Fail, 
Test case failed at Step No. :: 32   Error Message ::  Modal dialog present: You've must enter a dollar amount for this field.
Build info: version: '2.48.2', revision: '41bccdd', time: '2015-10-09 19:59:12'
System info: host: 'FVTIII438F1D', ip: '172.17.68.34', os.name: 'Windows 7', os.arch: 'x86', os.version: '6.1', java.version: '1.7.0_55'
*** Element info: {Using=xpath, value=//table[@id='table_2']//tr[2]//td//input[@class='dlg_TextBoxNumeric']}
Session ID: dcdfee6e-9864-4483-93da-9f13369ef25e
Driver info: org.openqa.selenium.ie.InternetExplorerDriver
Capabilities [{platform=WINDOWS, javascriptEnabled=true, elementScrollBehavior=0, ignoreZoomSetting=false, enablePersistentHover=true, ie.ensureCleanSession=false, browserName=internet explorer, enableElementCacheCleanup=true, unexpectedAlertBehaviour=dismiss, version=10, ie.usePerProcessProxy=false, ignoreProtectedModeSettings=true, cssSelectorsEnabled=true, requireWindowFocus=false, initialBrowserUrl=http://localhost:41782/, handlesAlerts=true, ie.forceCreateProcessApi=false, nativeEvents=true, browserAttachTimeout=0, ie.browserCommandLineSwitches=, takesScreenshot=true}]. Screen Shot : D:\BankersDashboard\TestReports\120215\9_120215_125448_IE10.png, Wed Dec 02 12:54:48 IST 2015]
[INFO ][2015-12-02 12:54:48,772][com.java.SeleniumDriver] [ 1220] - End time is-------7 min 42 sec
[INFO ][2015-12-02 12:54:48,772][com.java.SeleniumDriver] [ 1221] - The results are-------------------[9, 32, Projections > Create New Projections, Fail, 
Test case failed at Step No. :: 32   Error Message ::  Modal dialog present: You've must enter a dollar amount for this field.
Build info: version: '2.48.2', revision: '41bccdd', time: '2015-10-09 19:59:12'
System info: host: 'FVTIII438F1D', ip: '172.17.68.34', os.name: 'Windows 7', os.arch: 'x86', os.version: '6.1', java.version: '1.7.0_55'
*** Element info: {Using=xpath, value=//table[@id='table_2']//tr[2]//td//input[@class='dlg_TextBoxNumeric']}
Session ID: dcdfee6e-9864-4483-93da-9f13369ef25e
Driver info: org.openqa.selenium.ie.InternetExplorerDriver
Capabilities [{platform=WINDOWS, javascriptEnabled=true, elementScrollBehavior=0, ignoreZoomSetting=false, enablePersistentHover=true, ie.ensureCleanSession=false, browserName=internet explorer, enableElementCacheCleanup=true, unexpectedAlertBehaviour=dismiss, version=10, ie.usePerProcessProxy=false, ignoreProtectedModeSettings=true, cssSelectorsEnabled=true, requireWindowFocus=false, initialBrowserUrl=http://localhost:41782/, handlesAlerts=true, ie.forceCreateProcessApi=false, nativeEvents=true, browserAttachTimeout=0, ie.browserCommandLineSwitches=, takesScreenshot=true}]. Screen Shot : D:\BankersDashboard\TestReports\120215\9_120215_125448_IE10.png, Wed Dec 02 12:54:48 IST 2015]
[DEBUG][2015-12-02 12:54:48,772][com.java.ImportnExport.ExportTestResultsExcel] [  222] - testResultPath = D:\BankersDashboard/TestReports/Test Results_BankersDashBoard_120215_124708_IE10_Any Bank USA.xls
[DEBUG][2015-12-02 12:54:48,772][com.java.ImportnExport.ExportTestResultsExcel] [  223] - browser is------------IE10
[DEBUG][2015-12-02 12:54:48,774][com.java.ImportnExport.ExportTestResultsExcel] [  270] - result.size() = 6
[DEBUG][2015-12-02 12:54:48,774][com.java.ImportnExport.ExportTestResultsExcel] [  274] - No of rows in sheet=2
[DEBUG][2015-12-02 12:54:48,774][com.java.ImportnExport.ExportTestResultsExcel] [  301] - ..in export..9
[DEBUG][2015-12-02 12:54:48,774][com.java.ImportnExport.ExportTestResultsExcel] [  301] - ..in export..Projections > Create New Projections
[DEBUG][2015-12-02 12:54:48,775][com.java.ImportnExport.ExportTestResultsExcel] [  301] - ..in export..Fail
[DEBUG][2015-12-02 12:54:48,775][com.java.ImportnExport.ExportTestResultsExcel] [  301] - ..in export..
Test case failed at Step No. :: 32   Error Message ::  Modal dialog present: You've must enter a dollar amount for this field.
Build info: version: '2.48.2', revision: '41bccdd', time: '2015-10-09 19:59:12'
System info: host: 'FVTIII438F1D', ip: '172.17.68.34', os.name: 'Windows 7', os.arch: 'x86', os.version: '6.1', java.version: '1.7.0_55'
*** Element info: {Using=xpath, value=//table[@id='table_2']//tr[2]//td//input[@class='dlg_TextBoxNumeric']}
Session ID: dcdfee6e-9864-4483-93da-9f13369ef25e
Driver info: org.openqa.selenium.ie.InternetExplorerDriver
Capabilities [{platform=WINDOWS, javascriptEnabled=true, elementScrollBehavior=0, ignoreZoomSetting=false, enablePersistentHover=true, ie.ensureCleanSession=false, browserName=internet explorer, enableElementCacheCleanup=true, unexpectedAlertBehaviour=dismiss, version=10, ie.usePerProcessProxy=false, ignoreProtectedModeSettings=true, cssSelectorsEnabled=true, requireWindowFocus=false, initialBrowserUrl=http://localhost:41782/, handlesAlerts=true, ie.forceCreateProcessApi=false, nativeEvents=true, browserAttachTimeout=0, ie.browserCommandLineSwitches=, takesScreenshot=true}]. Screen Shot : D:\BankersDashboard\TestReports\120215\9_120215_125448_IE10.png
[DEBUG][2015-12-02 12:54:48,775][com.java.ImportnExport.ExportTestResultsExcel] [  301] - ..in export..Wed Dec 02 12:54:48 IST 2015
[INFO ][2015-12-02 12:54:48,777][com.java.SeleniumDriver] [ 1279] - out loop:1 size:2 TestCases:[1, 9] testcases:[1, 9]
[INFO ][2015-12-02 12:54:50,777][com.java.SeleniumDriver] [ 1322] - Total Number of Cases:2
[INFO ][2015-12-02 12:54:50,777][com.java.TemplateGenerator] [  302] - Executed:2
[INFO ][2015-12-02 12:54:50,777][com.java.TemplateGenerator] [  303] - Passed:1
[INFO ][2015-12-02 12:54:50,777][com.java.TemplateGenerator] [  304] - Failed:1
[INFO ][2015-12-02 12:54:50,777][com.java.TemplateGenerator] [  305] - Skipeed:0
[INFO ][2015-12-02 12:54:50,777][com.java.TemplateGenerator] [  306] - Application URL:https://clients-xuat.bankersdashboard.com
[INFO ][2015-12-02 12:54:50,777][com.java.TemplateGenerator] [  307] - Start Time:120215_124708
[INFO ][2015-12-02 12:54:50,777][com.java.TemplateGenerator] [  308] -  Creating HTML Report 
[ERROR][2015-12-02 12:54:50,780][com.java.TemplateGenerator] [  409] - Unparseable date: "Wed Dec 02 12:47:08 IST 2015"
[INFO ][2015-12-02 12:54:50,780][com.java.TemplateGenerator] [  654] -  Exporting case :: 1
[INFO ][2015-12-02 12:54:50,780][com.java.TemplateGenerator] [  654] -  Exporting case :: 9
[INFO ][2015-12-02 12:54:50,786][com.java.SeleniumDriver] [ 1371] - End Time:120215_125450
[INFO ][2015-12-02 12:54:50,786][com.java.SeleniumDriver] [ 1374] - Data in Test Execution Details:{1=PASS, 9=FAILTest case failed at Step No. :: 32   Error Message ::  Modal dialog present: You've must enter a dollar amount for this field.
Build info: version: '2.48.2', revision: '41bccdd', time: '2015-10-09 19:59:12'
System info: host: 'FVTIII438F1D', ip: '172.17.68.34', os.name: 'Windows 7', os.arch: 'x86', os.version: '6.1', java.version: '1.7.0_55'
*** Element info: {Using=xpath, value=//table[@id='table_2']//tr[2]//td//input[@class='dlg_TextBoxNumeric']}
Session ID: dcdfee6e-9864-4483-93da-9f13369ef25e
Driver info: org.openqa.selenium.ie.InternetExplorerDriver
Capabilities [{platform=WINDOWS, javascriptEnabled=true, elementScrollBehavior=0, ignoreZoomSetting=false, enablePersistentHover=true, ie.ensureCleanSession=false, browserName=internet explorer, enableElementCacheCleanup=true, unexpectedAlertBehaviour=dismiss, version=10, ie.usePerProcessProxy=false, ignoreProtectedModeSettings=true, cssSelectorsEnabled=true, requireWindowFocus=false, initialBrowserUrl=http://localhost:41782/, handlesAlerts=true, ie.forceCreateProcessApi=false, nativeEvents=true, browserAttachTimeout=0, ie.browserCommandLineSwitches=, takesScreenshot=true}]}
[INFO ][2015-12-02 12:54:50,786][com.java.SeleniumDriver] [ 1375] - Data in Failed Execution Deatils:{}
[INFO ][2015-12-02 12:54:50,786][com.java.SeleniumDriver] [ 1377] - ReportCounter:Total:2 :: PASS: 1 ::FAIL: 1
[INFO ][2015-12-02 12:54:50,786][com.java.SeleniumDriver] [ 1378] - FailedReportCounter:Total:0 :: PASS: 0 ::FAIL: 0
[INFO ][2015-12-02 12:54:50,793][com.java.EmailTestReport] [   63] - Sending report mail details:
[INFO ][2015-12-02 12:54:50,793][com.java.EmailTestReport] [   80] - Excel Report Path:D:\BankersDashboard/TestReports/Test Results_BankersDashBoard_120215_124708_IE10_Any Bank USA.xls
[INFO ][2015-12-02 12:54:50,793][com.java.EmailTestReport] [   81] - HTML Report Path:D:\BankersDashboard//TestReports//Test Results_BankersDashBoard_120215_124708_IE10_Any Bank USA.html
[INFO ][2015-12-02 12:54:50,794][com.java.EmailTestReport] [   82] - smtpHostName:mail01.valuelabs.com
[INFO ][2015-12-02 12:54:50,794][com.java.EmailTestReport] [   83] - Recipient:venkateswararao.gubbala@valuelabs.com;
[INFO ][2015-12-02 12:54:50,794][com.java.EmailTestReport] [   84] - From:venkateswararao.gubbala@valuelabs.com;
[INFO ][2015-12-02 12:54:50,794][com.java.EmailTestReport] [   85] - Subject:Deluxe Corp Bankers Dashboard Automation Test Report - Any Bank USA - IE10
[INFO ][2015-12-02 12:54:50,815][com.java.EmailTestReport] [  143] -  Added venkateswararao.gubbala@valuelabs.com
[INFO ][2015-12-02 12:54:55,538][com.java.SeleniumDriver] [  720] - quitting the browser 
