[INFO ][2015-11-04 19:40:49,841][com.java.SeleniumDriver] [  213] - Execute Failed Casesfalse
[INFO ][2015-11-04 19:40:49,841][com.java.SeleniumDriver] [  214] - Browser: IE11
[INFO ][2015-11-04 19:40:49,841][com.java.SeleniumDriver] [  215] - [1, 11]
[INFO ][2015-11-04 19:40:49,842][com.java.SeleniumDriver] [  216] - Total TestCases:2
[INFO ][2015-11-04 19:40:49,842][com.java.SeleniumDriver] [  217] -  Reading Properties from Property File 
[DEBUG][2015-11-04 19:40:49,842][com.java.SeleniumDriver] [  238] - url : https://clients-xuat.bankersdashboard.com
[INFO ][2015-11-04 19:40:49,844][com.java.ImportnExport.ExportTestResultsExcel] [  116] - Time Stamp Wed Nov 04 07:40:49 IST 2015
[INFO ][2015-11-04 19:40:49,845][com.java.ImportnExport.ExportTestResultsExcel] [  175] - OUT FILE : D:\BankersDashboard/TestReports/Test Results_BankersDashBoard_110415_194049_IE11_Simmons First National Bank.xls
[INFO ][2015-11-04 19:40:49,874][com.java.ImportnExport.ExportTestResultsExcel] [  180] - Test Result file is created
[DEBUG][2015-11-04 19:40:49,984][com.java.SeleniumDriver] [  425] - Hub ip address is-------172.17.68.34
[INFO ][2015-11-04 19:40:49,985][com.java.SeleniumDriver] [  451] - Grid URL:http://172.17.68.34:4444/wd/hub
[INFO ][2015-11-04 19:40:49,985][com.java.SeleniumDriver] [  452] - Capability:Capabilities [{platform=ANY, ensureCleanSession=true, ignoreProtectedModeSettings=true, acceptSslCerts=true, ignoreZoomSetting=true, browserName=internet explorer, browserstack.ie.noFlash=true, version=Node1}]
[ERROR][2015-11-04 19:40:51,342][com.java.SeleniumDriver] [  496] - Unable invoke browser in grid:Could not start a new session. Possible causes are invalid address of the remote server or browser start-up failure.
Build info: version: '2.48.2', revision: '41bccdd', time: '2015-10-09 19:59:12'
System info: host: 'FVTIII438F1D', ip: '172.17.68.34', os.name: 'Windows 7', os.arch: 'x86', os.version: '6.1', java.version: '1.7.0_55'
Driver info: driver.version: SeleniumDriver
[INFO ][2015-11-04 19:40:51,343][com.java.SeleniumDriver] [  498] - Executing on local machine
[INFO ][2015-11-04 19:41:00,677][com.java.SeleniumDriver] [  248] - IE11is opened
[INFO ][2015-11-04 19:41:01,356][com.java.SeleniumDriver] [  752] - Test cases to be executed are: [1, 11]
[INFO ][2015-11-04 19:41:01,356][com.java.ImportnExport.ImportTestDataDetailsExcel] [   49] - test data details path===== D:\BankersDashboard\TestInputs\TestData.xls
[INFO ][2015-11-04 19:41:12,375][com.java.SeleniumDriver] [  788] - ------------------------------------------
[INFO ][2015-11-04 19:41:12,375][com.java.SeleniumDriver] [  789] - Test case being Executed: 1
[INFO ][2015-11-04 19:41:12,411][com.java.SeleniumDriver] [  800] - Test step:1
[INFO ][2015-11-04 19:41:12,411][com.java.SeleniumDriver] [  812] - Datavalue is----------Concept#1:1-14
[INFO ][2015-11-04 19:41:12,411][com.java.SeleniumDriver] [  836] - DataField : test
[INFO ][2015-11-04 19:41:12,411][com.java.SeleniumDriver] [  838] - DataValue : Concept#1:1-14
[INFO ][2015-11-04 19:41:12,411][com.java.SeleniumDriver] [  844] - <In Set values of the page>
[INFO ][2015-11-04 19:41:12,411][com.java.SeleniumDriver] [  847] - {Data Fields & Data Values Exist}
[INFO ][2015-11-04 19:41:12,411][com.java.SeleniumDriver] [  849] - --------------------------setting values-----------------------------
[INFO ][2015-11-04 19:41:12,412][com.java.SeleniumDriver] [  852] - Action Type : ExecuteTestCase
[INFO ][2015-11-04 19:41:12,443][com.java.TestType] [  411] - The Concept sheet name is ---------- Concept
[INFO ][2015-11-04 19:41:12,443][com.java.TestType] [  414] - The Concept ID  is ---------- 1
[DEBUG][2015-11-04 19:41:12,443][com.java.TestType] [  418] - Steps being executted in the Concept are: 1:14
[INFO ][2015-11-04 19:41:12,443][com.java.TestType] [  425] - Test data details path ---------- D:\BankersDashboard\TestInputs\TestData.xls
[INFO ][2015-11-04 19:41:12,476][com.java.TestType] [  456] -  str(1) = 1
[INFO ][2015-11-04 19:41:12,476][com.java.TestType] [  459] - Test case Id is---1
[INFO ][2015-11-04 19:41:12,476][com.java.TestType] [  461] - 1
[INFO ][2015-11-04 19:41:12,476][com.java.TestType] [  456] -  str(2) = 1
[INFO ][2015-11-04 19:41:12,479][com.java.TestType] [  508] - row values are--------{1=com.java.Objects.TestDataDetails@57449e}
[INFO ][2015-11-04 19:41:12,479][com.java.TestType] [  456] -  str(1) = 1
[INFO ][2015-11-04 19:41:12,479][com.java.TestType] [  459] - Test case Id is---1
[INFO ][2015-11-04 19:41:12,479][com.java.TestType] [  461] - 1
[INFO ][2015-11-04 19:41:12,479][com.java.TestType] [  456] -  str(2) = 2
[INFO ][2015-11-04 19:41:12,480][com.java.TestType] [  508] - row values are--------{1=com.java.Objects.TestDataDetails@57449e, 2=com.java.Objects.TestDataDetails@1777070}
[INFO ][2015-11-04 19:41:12,480][com.java.TestType] [  456] -  str(1) = 1
[INFO ][2015-11-04 19:41:12,481][com.java.TestType] [  459] - Test case Id is---1
[INFO ][2015-11-04 19:41:12,481][com.java.TestType] [  461] - 1
[INFO ][2015-11-04 19:41:12,481][com.java.TestType] [  456] -  str(2) = 3
[INFO ][2015-11-04 19:41:12,482][com.java.TestType] [  508] - row values are--------{1=com.java.Objects.TestDataDetails@57449e, 2=com.java.Objects.TestDataDetails@1777070, 3=com.java.Objects.TestDataDetails@47d94f}
[INFO ][2015-11-04 19:41:12,482][com.java.TestType] [  456] -  str(1) = 1
[INFO ][2015-11-04 19:41:12,482][com.java.TestType] [  459] - Test case Id is---1
[INFO ][2015-11-04 19:41:12,486][com.java.TestType] [  461] - 1
[INFO ][2015-11-04 19:41:12,486][com.java.TestType] [  456] -  str(2) = 4
[INFO ][2015-11-04 19:41:12,487][com.java.TestType] [  508] - row values are--------{1=com.java.Objects.TestDataDetails@57449e, 2=com.java.Objects.TestDataDetails@1777070, 3=com.java.Objects.TestDataDetails@47d94f, 4=com.java.Objects.TestDataDetails@d898be}
[INFO ][2015-11-04 19:41:12,487][com.java.TestType] [  456] -  str(1) = 1
[INFO ][2015-11-04 19:41:12,487][com.java.TestType] [  459] - Test case Id is---1
[INFO ][2015-11-04 19:41:12,487][com.java.TestType] [  461] - 1
[INFO ][2015-11-04 19:41:12,488][com.java.TestType] [  456] -  str(2) = 5
[INFO ][2015-11-04 19:41:12,489][com.java.TestType] [  508] - row values are--------{1=com.java.Objects.TestDataDetails@57449e, 2=com.java.Objects.TestDataDetails@1777070, 3=com.java.Objects.TestDataDetails@47d94f, 4=com.java.Objects.TestDataDetails@d898be, 5=com.java.Objects.TestDataDetails@d7ad74}
[INFO ][2015-11-04 19:41:12,489][com.java.TestType] [  456] -  str(1) = 1
[INFO ][2015-11-04 19:41:12,489][com.java.TestType] [  459] - Test case Id is---1
[INFO ][2015-11-04 19:41:12,489][com.java.TestType] [  461] - 1
[INFO ][2015-11-04 19:41:12,489][com.java.TestType] [  456] -  str(2) = 6
[INFO ][2015-11-04 19:41:12,490][com.java.TestType] [  508] - row values are--------{1=com.java.Objects.TestDataDetails@57449e, 2=com.java.Objects.TestDataDetails@1777070, 3=com.java.Objects.TestDataDetails@47d94f, 4=com.java.Objects.TestDataDetails@d898be, 5=com.java.Objects.TestDataDetails@d7ad74, 6=com.java.Objects.TestDataDetails@1f01f1c}
[INFO ][2015-11-04 19:41:12,490][com.java.TestType] [  456] -  str(1) = 1
[INFO ][2015-11-04 19:41:12,490][com.java.TestType] [  459] - Test case Id is---1
[INFO ][2015-11-04 19:41:12,491][com.java.TestType] [  461] - 1
[INFO ][2015-11-04 19:41:12,491][com.java.TestType] [  456] -  str(2) = 7
[INFO ][2015-11-04 19:41:12,491][com.java.TestType] [  508] - row values are--------{1=com.java.Objects.TestDataDetails@57449e, 2=com.java.Objects.TestDataDetails@1777070, 3=com.java.Objects.TestDataDetails@47d94f, 4=com.java.Objects.TestDataDetails@d898be, 5=com.java.Objects.TestDataDetails@d7ad74, 6=com.java.Objects.TestDataDetails@1f01f1c, 7=com.java.Objects.TestDataDetails@18f46d2}
[INFO ][2015-11-04 19:41:12,492][com.java.TestType] [  456] -  str(1) = 1
[INFO ][2015-11-04 19:41:12,492][com.java.TestType] [  459] - Test case Id is---1
[INFO ][2015-11-04 19:41:12,492][com.java.TestType] [  461] - 1
[INFO ][2015-11-04 19:41:12,492][com.java.TestType] [  456] -  str(2) = 8
[INFO ][2015-11-04 19:41:12,493][com.java.TestType] [  508] - row values are--------{1=com.java.Objects.TestDataDetails@57449e, 2=com.java.Objects.TestDataDetails@1777070, 3=com.java.Objects.TestDataDetails@47d94f, 4=com.java.Objects.TestDataDetails@d898be, 5=com.java.Objects.TestDataDetails@d7ad74, 6=com.java.Objects.TestDataDetails@1f01f1c, 7=com.java.Objects.TestDataDetails@18f46d2, 8=com.java.Objects.TestDataDetails@381d76}
[INFO ][2015-11-04 19:41:12,493][com.java.TestType] [  456] -  str(1) = 1
[INFO ][2015-11-04 19:41:12,493][com.java.TestType] [  459] - Test case Id is---1
[INFO ][2015-11-04 19:41:12,493][com.java.TestType] [  461] - 1
[INFO ][2015-11-04 19:41:12,493][com.java.TestType] [  456] -  str(2) = 9
[INFO ][2015-11-04 19:41:12,494][com.java.TestType] [  508] - row values are--------{1=com.java.Objects.TestDataDetails@57449e, 2=com.java.Objects.TestDataDetails@1777070, 3=com.java.Objects.TestDataDetails@47d94f, 4=com.java.Objects.TestDataDetails@d898be, 5=com.java.Objects.TestDataDetails@d7ad74, 6=com.java.Objects.TestDataDetails@1f01f1c, 7=com.java.Objects.TestDataDetails@18f46d2, 8=com.java.Objects.TestDataDetails@381d76, 9=com.java.Objects.TestDataDetails@1118948}
[INFO ][2015-11-04 19:41:12,494][com.java.TestType] [  456] -  str(1) = 1
[INFO ][2015-11-04 19:41:12,494][com.java.TestType] [  459] - Test case Id is---1
[INFO ][2015-11-04 19:41:12,494][com.java.TestType] [  461] - 1
[INFO ][2015-11-04 19:41:12,494][com.java.TestType] [  456] -  str(2) = 10
[INFO ][2015-11-04 19:41:12,495][com.java.TestType] [  508] - row values are--------{1=com.java.Objects.TestDataDetails@57449e, 2=com.java.Objects.TestDataDetails@1777070, 3=com.java.Objects.TestDataDetails@47d94f, 4=com.java.Objects.TestDataDetails@d898be, 5=com.java.Objects.TestDataDetails@d7ad74, 6=com.java.Objects.TestDataDetails@1f01f1c, 7=com.java.Objects.TestDataDetails@18f46d2, 8=com.java.Objects.TestDataDetails@381d76, 9=com.java.Objects.TestDataDetails@1118948, 10=com.java.Objects.TestDataDetails@12a86d4}
[INFO ][2015-11-04 19:41:12,495][com.java.TestType] [  456] -  str(1) = 1
[INFO ][2015-11-04 19:41:12,495][com.java.TestType] [  459] - Test case Id is---1
[INFO ][2015-11-04 19:41:12,495][com.java.TestType] [  461] - 1
[INFO ][2015-11-04 19:41:12,495][com.java.TestType] [  456] -  str(2) = 11
[INFO ][2015-11-04 19:41:12,496][com.java.TestType] [  508] - row values are--------{1=com.java.Objects.TestDataDetails@57449e, 2=com.java.Objects.TestDataDetails@1777070, 3=com.java.Objects.TestDataDetails@47d94f, 4=com.java.Objects.TestDataDetails@d898be, 5=com.java.Objects.TestDataDetails@d7ad74, 6=com.java.Objects.TestDataDetails@1f01f1c, 7=com.java.Objects.TestDataDetails@18f46d2, 8=com.java.Objects.TestDataDetails@381d76, 9=com.java.Objects.TestDataDetails@1118948, 10=com.java.Objects.TestDataDetails@12a86d4, 11=com.java.Objects.TestDataDetails@1e74d01}
[INFO ][2015-11-04 19:41:12,496][com.java.TestType] [  456] -  str(1) = 1
[INFO ][2015-11-04 19:41:12,496][com.java.TestType] [  459] - Test case Id is---1
[INFO ][2015-11-04 19:41:12,496][com.java.TestType] [  461] - 1
[INFO ][2015-11-04 19:41:12,497][com.java.TestType] [  456] -  str(2) = 12
[INFO ][2015-11-04 19:41:12,497][com.java.TestType] [  508] - row values are--------{1=com.java.Objects.TestDataDetails@57449e, 2=com.java.Objects.TestDataDetails@1777070, 3=com.java.Objects.TestDataDetails@47d94f, 4=com.java.Objects.TestDataDetails@d898be, 5=com.java.Objects.TestDataDetails@d7ad74, 6=com.java.Objects.TestDataDetails@1f01f1c, 7=com.java.Objects.TestDataDetails@18f46d2, 8=com.java.Objects.TestDataDetails@381d76, 9=com.java.Objects.TestDataDetails@1118948, 10=com.java.Objects.TestDataDetails@12a86d4, 11=com.java.Objects.TestDataDetails@1e74d01, 12=com.java.Objects.TestDataDetails@17d477b}
[INFO ][2015-11-04 19:41:12,497][com.java.TestType] [  456] -  str(1) = 1
[INFO ][2015-11-04 19:41:12,498][com.java.TestType] [  459] - Test case Id is---1
[INFO ][2015-11-04 19:41:12,498][com.java.TestType] [  461] - 1
[INFO ][2015-11-04 19:41:12,498][com.java.TestType] [  456] -  str(2) = 13
[INFO ][2015-11-04 19:41:12,498][com.java.TestType] [  508] - row values are--------{1=com.java.Objects.TestDataDetails@57449e, 2=com.java.Objects.TestDataDetails@1777070, 3=com.java.Objects.TestDataDetails@47d94f, 4=com.java.Objects.TestDataDetails@d898be, 5=com.java.Objects.TestDataDetails@d7ad74, 6=com.java.Objects.TestDataDetails@1f01f1c, 7=com.java.Objects.TestDataDetails@18f46d2, 8=com.java.Objects.TestDataDetails@381d76, 9=com.java.Objects.TestDataDetails@1118948, 10=com.java.Objects.TestDataDetails@12a86d4, 11=com.java.Objects.TestDataDetails@1e74d01, 12=com.java.Objects.TestDataDetails@17d477b, 13=com.java.Objects.TestDataDetails@156db07}
[INFO ][2015-11-04 19:41:12,499][com.java.TestType] [  456] -  str(1) = 1
[INFO ][2015-11-04 19:41:12,499][com.java.TestType] [  459] - Test case Id is---1
[INFO ][2015-11-04 19:41:12,499][com.java.TestType] [  461] - 1
[INFO ][2015-11-04 19:41:12,499][com.java.TestType] [  456] -  str(2) = 14
[INFO ][2015-11-04 19:41:12,500][com.java.TestType] [  508] - row values are--------{1=com.java.Objects.TestDataDetails@57449e, 2=com.java.Objects.TestDataDetails@1777070, 3=com.java.Objects.TestDataDetails@47d94f, 4=com.java.Objects.TestDataDetails@d898be, 5=com.java.Objects.TestDataDetails@d7ad74, 6=com.java.Objects.TestDataDetails@1f01f1c, 7=com.java.Objects.TestDataDetails@18f46d2, 8=com.java.Objects.TestDataDetails@381d76, 9=com.java.Objects.TestDataDetails@1118948, 10=com.java.Objects.TestDataDetails@12a86d4, 11=com.java.Objects.TestDataDetails@1e74d01, 12=com.java.Objects.TestDataDetails@17d477b, 13=com.java.Objects.TestDataDetails@156db07, 14=com.java.Objects.TestDataDetails@b61346}
[INFO ][2015-11-04 19:41:12,500][com.java.TestType] [ 7899] - Looping 1TCID = 1
[DEBUG][2015-11-04 19:41:12,500][com.java.TestType] [ 7940] - Concept ID:1 :: Step being Executed: 1::1
[INFO ][2015-11-04 19:41:12,500][com.java.TestType] [ 7978] - dataFields : TXTusername
[DEBUG][2015-11-04 19:41:12,500][com.java.TestType] [ 7984] - <In Set values of the page>
[DEBUG][2015-11-04 19:41:12,500][com.java.TestType] [ 7989] - {Data Fields & Data Values Exist}
[INFO ][2015-11-04 19:41:12,500][com.java.TestType] [ 7995] - --------------------------setting values-----------------------------
[INFO ][2015-11-04 19:41:12,502][com.java.TestType] [ 7998] - Action Type : CLEARANDENTER
[INFO ][2015-11-04 19:41:12,502][com.java.TestType] [ 3750] - value = valuelabs.ie11.03890
[INFO ][2015-11-04 19:41:17,348][com.java.TestType] [ 8017] -  RESULT true
[INFO ][2015-11-04 19:41:17,348][com.java.TestType] [ 8134] - ?   P A S S   ?
[DEBUG][2015-11-04 19:41:17,349][com.java.TestType] [ 7940] - Concept ID:1 :: Step being Executed: 1::2
[INFO ][2015-11-04 19:41:17,349][com.java.TestType] [ 7978] - dataFields : TXTpassword
[DEBUG][2015-11-04 19:41:17,349][com.java.TestType] [ 7984] - <In Set values of the page>
[DEBUG][2015-11-04 19:41:17,349][com.java.TestType] [ 7989] - {Data Fields & Data Values Exist}
[INFO ][2015-11-04 19:41:17,349][com.java.TestType] [ 7995] - --------------------------setting values-----------------------------
[INFO ][2015-11-04 19:41:17,349][com.java.TestType] [ 7998] - Action Type : CLEARANDENTER
[INFO ][2015-11-04 19:41:17,349][com.java.TestType] [ 3750] - value = Password1*
[INFO ][2015-11-04 19:41:22,278][com.java.TestType] [ 8017] -  RESULT true
[INFO ][2015-11-04 19:41:22,278][com.java.TestType] [ 8134] - ?   P A S S   ?
[DEBUG][2015-11-04 19:41:22,278][com.java.TestType] [ 7940] - Concept ID:1 :: Step being Executed: 1::3
[ERROR][2015-11-04 19:41:22,279][com.java.TestType] [ 7973] - Exception: null
[INFO ][2015-11-04 19:41:22,279][com.java.TestType] [ 7978] - dataFields : XPH//button[@type='submit']
[DEBUG][2015-11-04 19:41:22,279][com.java.TestType] [ 7984] - <In Set values of the page>
[DEBUG][2015-11-04 19:41:22,279][com.java.TestType] [ 7989] - {Data Fields & Data Values Exist}
[INFO ][2015-11-04 19:41:22,279][com.java.TestType] [ 7995] - --------------------------setting values-----------------------------
[INFO ][2015-11-04 19:41:22,279][com.java.TestType] [ 7998] - Action Type : Click
[INFO ][2015-11-04 19:41:22,279][com.java.TestType] [ 4063] - Field ::XPH//button[@type='submit']
[INFO ][2015-11-04 19:41:23,283][com.java.TestType] [ 4122] - BEFORE CLICK
[INFO ][2015-11-04 19:41:24,158][com.java.TestType] [ 4130] - Unable to click the object Login
[INFO ][2015-11-04 19:41:24,158][com.java.TestType] [ 8017] -  RESULT true
[INFO ][2015-11-04 19:41:24,158][com.java.TestType] [ 8134] - ?   P A S S   ?
[DEBUG][2015-11-04 19:41:24,158][com.java.TestType] [ 7940] - Concept ID:1 :: Step being Executed: 1::4
[INFO ][2015-11-04 19:41:24,158][com.java.TestType] [ 7978] - dataFields : LNKLogout
[DEBUG][2015-11-04 19:41:24,158][com.java.TestType] [ 7984] - <In Set values of the page>
[DEBUG][2015-11-04 19:41:24,158][com.java.TestType] [ 7989] - {Data Fields & Data Values Exist}
[INFO ][2015-11-04 19:41:24,158][com.java.TestType] [ 7995] - --------------------------setting values-----------------------------
[INFO ][2015-11-04 19:41:24,158][com.java.TestType] [ 7998] - Action Type : WaitForElement
[INFO ][2015-11-04 19:41:29,181][com.java.TestType] [ 8017] -  RESULT true
[INFO ][2015-11-04 19:41:29,182][com.java.TestType] [ 8134] - ?   P A S S   ?
[DEBUG][2015-11-04 19:41:29,182][com.java.TestType] [ 7940] - Concept ID:1 :: Step being Executed: 1::13
[INFO ][2015-11-04 19:41:29,182][com.java.TestType] [ 7978] - dataFields : LNK
[DEBUG][2015-11-04 19:41:29,182][com.java.TestType] [ 7984] - <In Set values of the page>
[DEBUG][2015-11-04 19:41:29,182][com.java.TestType] [ 7989] - {Data Fields & Data Values Exist}
[INFO ][2015-11-04 19:41:29,182][com.java.TestType] [ 7995] - --------------------------setting values-----------------------------
[INFO ][2015-11-04 19:41:29,182][com.java.TestType] [ 7998] - Action Type : Verify
[INFO ][2015-11-04 19:41:29,182][com.java.TestType] [ 4876] - field= LNK value= Logout
[INFO ][2015-11-04 19:41:29,184][com.java.TestType] [ 3750] - value = Logout
[INFO ][2015-11-04 19:41:29,220][com.java.TestType] [ 8017] -  RESULT true
[INFO ][2015-11-04 19:41:29,220][com.java.TestType] [ 8134] - ?   P A S S   ?
[DEBUG][2015-11-04 19:41:29,220][com.java.TestType] [ 7940] - Concept ID:1 :: Step being Executed: 1::14
[INFO ][2015-11-04 19:41:29,220][com.java.TestType] [ 7978] - dataFields : BTN
[DEBUG][2015-11-04 19:41:29,220][com.java.TestType] [ 7984] - <In Set values of the page>
[DEBUG][2015-11-04 19:41:29,220][com.java.TestType] [ 7989] - {Data Fields & Data Values Exist}
[INFO ][2015-11-04 19:41:29,220][com.java.TestType] [ 7995] - --------------------------setting values-----------------------------
[INFO ][2015-11-04 19:41:29,220][com.java.TestType] [ 7998] - Action Type : Verify
[INFO ][2015-11-04 19:41:29,220][com.java.TestType] [ 4876] - field= BTN value= //img[contains(@src,'bdlogo.jpg')]
[INFO ][2015-11-04 19:41:29,220][com.java.TestType] [ 3750] - value = //img[contains(@src,'bdlogo.jpg')]
[INFO ][2015-11-04 19:41:29,253][com.java.TestType] [ 8017] -  RESULT true
[INFO ][2015-11-04 19:41:29,253][com.java.TestType] [ 8134] - ?   P A S S   ?
[INFO ][2015-11-04 19:41:29,253][com.java.TestType] [ 8205] - Looping End......
[INFO ][2015-11-04 19:41:29,257][com.java.SeleniumDriver] [  861] -  RESULT true
[INFO ][2015-11-04 19:41:29,257][com.java.SeleniumDriver] [ 1066] - ?   P A S S   ?
[INFO ][2015-11-04 19:41:29,257][com.java.SeleniumDriver] [  788] - ------------------------------------------
[INFO ][2015-11-04 19:41:29,257][com.java.SeleniumDriver] [  789] - Test case being Executed: 1
[INFO ][2015-11-04 19:41:29,257][com.java.SeleniumDriver] [  800] - Test step:2
[INFO ][2015-11-04 19:41:29,257][com.java.SeleniumDriver] [  812] - Datavalue is----------Concept#2:1-2
[INFO ][2015-11-04 19:41:29,258][com.java.SeleniumDriver] [  836] - DataField : test
[INFO ][2015-11-04 19:41:29,258][com.java.SeleniumDriver] [  838] - DataValue : Concept#2:1-2
[INFO ][2015-11-04 19:41:29,258][com.java.SeleniumDriver] [  844] - <In Set values of the page>
[INFO ][2015-11-04 19:41:29,258][com.java.SeleniumDriver] [  847] - {Data Fields & Data Values Exist}
[INFO ][2015-11-04 19:41:29,258][com.java.SeleniumDriver] [  849] - --------------------------setting values-----------------------------
[INFO ][2015-11-04 19:41:29,258][com.java.SeleniumDriver] [  852] - Action Type : ExecuteTestCase
[INFO ][2015-11-04 19:41:29,258][com.java.TestType] [  411] - The Concept sheet name is ---------- Concept
[INFO ][2015-11-04 19:41:29,258][com.java.TestType] [  414] - The Concept ID  is ---------- 2
[DEBUG][2015-11-04 19:41:29,259][com.java.TestType] [  418] - Steps being executted in the Concept are: 1:2
[INFO ][2015-11-04 19:41:29,259][com.java.TestType] [  425] - Test data details path ---------- D:\BankersDashboard\TestInputs\TestData.xls
[INFO ][2015-11-04 19:41:29,296][com.java.TestType] [  456] -  str(1) = 2
[INFO ][2015-11-04 19:41:29,297][com.java.TestType] [  459] - Test case Id is---2
[INFO ][2015-11-04 19:41:29,297][com.java.TestType] [  461] - 2
[INFO ][2015-11-04 19:41:29,297][com.java.TestType] [  456] -  str(2) = 1
[INFO ][2015-11-04 19:41:29,298][com.java.TestType] [  508] - row values are--------{1=com.java.Objects.TestDataDetails@f4eee4}
[INFO ][2015-11-04 19:41:29,299][com.java.TestType] [  456] -  str(1) = 2
[INFO ][2015-11-04 19:41:29,299][com.java.TestType] [  459] - Test case Id is---2
[INFO ][2015-11-04 19:41:29,299][com.java.TestType] [  461] - 2
[INFO ][2015-11-04 19:41:29,299][com.java.TestType] [  456] -  str(2) = 2
[INFO ][2015-11-04 19:41:29,299][com.java.TestType] [  508] - row values are--------{1=com.java.Objects.TestDataDetails@f4eee4, 2=com.java.Objects.TestDataDetails@dc6aee}
[INFO ][2015-11-04 19:41:29,299][com.java.TestType] [  456] -  str(1) = 2
[INFO ][2015-11-04 19:41:29,300][com.java.TestType] [  459] - Test case Id is---2
[INFO ][2015-11-04 19:41:29,300][com.java.TestType] [  461] - 2
[INFO ][2015-11-04 19:41:29,300][com.java.TestType] [  456] -  str(2) = 3
[INFO ][2015-11-04 19:41:29,300][com.java.TestType] [  508] - row values are--------{1=com.java.Objects.TestDataDetails@f4eee4, 2=com.java.Objects.TestDataDetails@dc6aee, 3=com.java.Objects.TestDataDetails@6caf67}
[INFO ][2015-11-04 19:41:29,300][com.java.TestType] [ 7899] - Looping 1TCID = 2
[DEBUG][2015-11-04 19:41:29,301][com.java.TestType] [ 7940] - Concept ID:2 :: Step being Executed: 2::1
[INFO ][2015-11-04 19:41:29,301][com.java.TestType] [ 7978] - dataFields : BNK//select[@id='bank']
[DEBUG][2015-11-04 19:41:29,301][com.java.TestType] [ 7984] - <In Set values of the page>
[DEBUG][2015-11-04 19:41:29,301][com.java.TestType] [ 7989] - {Data Fields & Data Values Exist}
[INFO ][2015-11-04 19:41:29,301][com.java.TestType] [ 7995] - --------------------------setting values-----------------------------
[INFO ][2015-11-04 19:41:29,301][com.java.TestType] [ 7998] - Action Type : Select
[INFO ][2015-11-04 19:41:29,301][com.java.TestType] [ 3750] - value = PFC
[INFO ][2015-11-04 19:41:29,513][com.java.TestType] [ 8017] -  RESULT true
[INFO ][2015-11-04 19:41:29,513][com.java.TestType] [ 8134] - ?   P A S S   ?
[DEBUG][2015-11-04 19:41:29,513][com.java.TestType] [ 7940] - Concept ID:2 :: Step being Executed: 2::2
[INFO ][2015-11-04 19:41:29,513][com.java.TestType] [ 7978] - dataFields : LNKLogout
[DEBUG][2015-11-04 19:41:29,513][com.java.TestType] [ 7984] - <In Set values of the page>
[DEBUG][2015-11-04 19:41:29,513][com.java.TestType] [ 7989] - {Data Fields & Data Values Exist}
[INFO ][2015-11-04 19:41:29,513][com.java.TestType] [ 7995] - --------------------------setting values-----------------------------
[INFO ][2015-11-04 19:41:29,513][com.java.TestType] [ 7998] - Action Type : WaitTime
[DEBUG][2015-11-04 19:41:29,514][com.java.TestType] [ 3654] - sleepTime: 5000
[INFO ][2015-11-04 19:41:34,514][com.java.TestType] [ 8017] -  RESULT true
[INFO ][2015-11-04 19:41:34,514][com.java.TestType] [ 8134] - ?   P A S S   ?
[INFO ][2015-11-04 19:41:34,514][com.java.TestType] [ 8205] - Looping End......
[INFO ][2015-11-04 19:41:34,518][com.java.SeleniumDriver] [  861] -  RESULT true
[INFO ][2015-11-04 19:41:34,518][com.java.SeleniumDriver] [ 1066] - ?   P A S S   ?
[INFO ][2015-11-04 19:41:34,518][com.java.SeleniumDriver] [  788] - ------------------------------------------
[INFO ][2015-11-04 19:41:34,518][com.java.SeleniumDriver] [  789] - Test case being Executed: 1
[INFO ][2015-11-04 19:41:34,518][com.java.SeleniumDriver] [  800] - Test step:3
[INFO ][2015-11-04 19:41:34,518][com.java.SeleniumDriver] [  812] - Datavalue is----------2
[INFO ][2015-11-04 19:41:34,518][com.java.SeleniumDriver] [  836] - DataField : XPH//button[contains(text(),'Add Content')]
[INFO ][2015-11-04 19:41:34,518][com.java.SeleniumDriver] [  838] - DataValue : 2
[INFO ][2015-11-04 19:41:34,518][com.java.SeleniumDriver] [  844] - <In Set values of the page>
[INFO ][2015-11-04 19:41:34,518][com.java.SeleniumDriver] [  847] - {Data Fields & Data Values Exist}
[INFO ][2015-11-04 19:41:34,518][com.java.SeleniumDriver] [  849] - --------------------------setting values-----------------------------
[INFO ][2015-11-04 19:41:34,518][com.java.SeleniumDriver] [  852] - Action Type : WAITFORELEMENT
[INFO ][2015-11-04 19:41:34,556][com.java.SeleniumDriver] [  861] -  RESULT true
[INFO ][2015-11-04 19:41:34,557][com.java.SeleniumDriver] [ 1066] - ?   P A S S   ?
[DEBUG][2015-11-04 19:41:34,557][com.java.SeleniumDriver] [ 1168] - Case found
[DEBUG][2015-11-04 19:41:34,557][com.java.SeleniumDriver] [ 1173] - Incrementing ReportCounters[0]:1
[INFO ][2015-11-04 19:41:34,557][com.java.SeleniumDriver] [ 1192] - The results are-------------------[1, 1, Valid Login, Pass, , Wed Nov 04 19:41:29 IST 2015, 1, 2, Valid Login, Pass, , Wed Nov 04 19:41:34 IST 2015, 1, 3, Valid Login, Pass, , Wed Nov 04 19:41:34 IST 2015]
[INFO ][2015-11-04 19:41:34,557][com.java.SeleniumDriver] [ 1196] - End time is-------46 sec
[INFO ][2015-11-04 19:41:34,557][com.java.SeleniumDriver] [ 1197] - The results are-------------------[1, 1, Valid Login, Pass, , Wed Nov 04 19:41:29 IST 2015, 1, 2, Valid Login, Pass, , Wed Nov 04 19:41:34 IST 2015, 1, 3, Valid Login, Pass, , Wed Nov 04 19:41:34 IST 2015]
[DEBUG][2015-11-04 19:41:34,557][com.java.ImportnExport.ExportTestResultsExcel] [  222] - testResultPath = D:\BankersDashboard/TestReports/Test Results_BankersDashBoard_110415_194049_IE11_Simmons First National Bank.xls
[DEBUG][2015-11-04 19:41:34,557][com.java.ImportnExport.ExportTestResultsExcel] [  223] - browser is------------IE11
[DEBUG][2015-11-04 19:41:34,608][com.java.ImportnExport.ExportTestResultsExcel] [  270] - result.size() = 18
[DEBUG][2015-11-04 19:41:34,608][com.java.ImportnExport.ExportTestResultsExcel] [  274] - No of rows in sheet=1
[DEBUG][2015-11-04 19:41:34,608][com.java.ImportnExport.ExportTestResultsExcel] [  301] - ..in export..1
[DEBUG][2015-11-04 19:41:34,608][com.java.ImportnExport.ExportTestResultsExcel] [  301] - ..in export..Valid Login
[DEBUG][2015-11-04 19:41:34,608][com.java.ImportnExport.ExportTestResultsExcel] [  301] - ..in export..Pass
[DEBUG][2015-11-04 19:41:34,608][com.java.ImportnExport.ExportTestResultsExcel] [  301] - ..in export..
[DEBUG][2015-11-04 19:41:34,608][com.java.ImportnExport.ExportTestResultsExcel] [  301] - ..in export..Wed Nov 04 19:41:29 IST 2015
[INFO ][2015-11-04 19:41:34,610][com.java.SeleniumDriver] [ 1255] - out loop:0 size:2 TestCases:[1, 11] testcases:[1, 11]
[INFO ][2015-11-04 19:41:34,610][com.java.ImportnExport.ImportTestDataDetailsExcel] [   49] - test data details path===== D:\BankersDashboard\TestInputs\TestData.xls
[INFO ][2015-11-04 19:42:18,366][com.java.SeleniumDriver] [  788] - ------------------------------------------
[INFO ][2015-11-04 19:42:18,366][com.java.SeleniumDriver] [  789] - Test case being Executed: 11
[INFO ][2015-11-04 19:42:18,366][com.java.SeleniumDriver] [  800] - Test step:1
[INFO ][2015-11-04 19:42:18,366][com.java.SeleniumDriver] [  812] - Datavalue is----------Logout
[INFO ][2015-11-04 19:42:18,366][com.java.SeleniumDriver] [  836] - DataField : BTN
[INFO ][2015-11-04 19:42:18,366][com.java.SeleniumDriver] [  838] - DataValue : Logout
[INFO ][2015-11-04 19:42:18,366][com.java.SeleniumDriver] [  844] - <In Set values of the page>
[INFO ][2015-11-04 19:42:18,366][com.java.SeleniumDriver] [  847] - {Data Fields & Data Values Exist}
[INFO ][2015-11-04 19:42:18,366][com.java.SeleniumDriver] [  849] - --------------------------setting values-----------------------------
[INFO ][2015-11-04 19:42:18,366][com.java.SeleniumDriver] [  852] - Action Type : Verify
[INFO ][2015-11-04 19:42:18,366][com.java.TestType] [ 4876] - field= BTN value= Logout
[INFO ][2015-11-04 19:42:18,366][com.java.TestType] [ 3750] - value = Logout
[INFO ][2015-11-04 19:42:18,403][com.java.SeleniumDriver] [  861] -  RESULT true
[INFO ][2015-11-04 19:42:18,403][com.java.SeleniumDriver] [ 1066] - ?   P A S S   ?
[INFO ][2015-11-04 19:42:18,403][com.java.SeleniumDriver] [ 1108] - step change to 3
[INFO ][2015-11-04 19:42:18,403][com.java.SeleniumDriver] [  788] - ------------------------------------------
[INFO ][2015-11-04 19:42:18,403][com.java.SeleniumDriver] [  789] - Test case being Executed: 11
[INFO ][2015-11-04 19:42:18,403][com.java.SeleniumDriver] [  800] - Test step:3
[INFO ][2015-11-04 19:42:18,403][com.java.SeleniumDriver] [  812] - Datavalue is----------Concept#2:1-2
[INFO ][2015-11-04 19:42:18,403][com.java.SeleniumDriver] [  836] - DataField : test
[INFO ][2015-11-04 19:42:18,403][com.java.SeleniumDriver] [  838] - DataValue : Concept#2:1-2
[INFO ][2015-11-04 19:42:18,403][com.java.SeleniumDriver] [  844] - <In Set values of the page>
[INFO ][2015-11-04 19:42:18,403][com.java.SeleniumDriver] [  847] - {Data Fields & Data Values Exist}
[INFO ][2015-11-04 19:42:18,403][com.java.SeleniumDriver] [  849] - --------------------------setting values-----------------------------
[INFO ][2015-11-04 19:42:18,403][com.java.SeleniumDriver] [  852] - Action Type : ExecuteTestCase
[INFO ][2015-11-04 19:42:18,404][com.java.TestType] [  411] - The Concept sheet name is ---------- Concept
[INFO ][2015-11-04 19:42:18,404][com.java.TestType] [  414] - The Concept ID  is ---------- 2
[DEBUG][2015-11-04 19:42:18,404][com.java.TestType] [  418] - Steps being executted in the Concept are: 1:2
[INFO ][2015-11-04 19:42:18,404][com.java.TestType] [  425] - Test data details path ---------- D:\BankersDashboard\TestInputs\TestData.xls
[INFO ][2015-11-04 19:42:18,434][com.java.TestType] [  456] -  str(1) = 2
[INFO ][2015-11-04 19:42:18,434][com.java.TestType] [  459] - Test case Id is---2
[INFO ][2015-11-04 19:42:18,434][com.java.TestType] [  461] - 2
[INFO ][2015-11-04 19:42:18,434][com.java.TestType] [  456] -  str(2) = 1
[INFO ][2015-11-04 19:42:18,436][com.java.TestType] [  508] - row values are--------{1=com.java.Objects.TestDataDetails@1c0279d}
[INFO ][2015-11-04 19:42:18,436][com.java.TestType] [  456] -  str(1) = 2
[INFO ][2015-11-04 19:42:18,436][com.java.TestType] [  459] - Test case Id is---2
[INFO ][2015-11-04 19:42:18,436][com.java.TestType] [  461] - 2
[INFO ][2015-11-04 19:42:18,436][com.java.TestType] [  456] -  str(2) = 2
[INFO ][2015-11-04 19:42:18,437][com.java.TestType] [  508] - row values are--------{1=com.java.Objects.TestDataDetails@1c0279d, 2=com.java.Objects.TestDataDetails@1b4e69}
[INFO ][2015-11-04 19:42:18,437][com.java.TestType] [  456] -  str(1) = 2
[INFO ][2015-11-04 19:42:18,437][com.java.TestType] [  459] - Test case Id is---2
[INFO ][2015-11-04 19:42:18,437][com.java.TestType] [  461] - 2
[INFO ][2015-11-04 19:42:18,437][com.java.TestType] [  456] -  str(2) = 3
[INFO ][2015-11-04 19:42:18,438][com.java.TestType] [  508] - row values are--------{1=com.java.Objects.TestDataDetails@1c0279d, 2=com.java.Objects.TestDataDetails@1b4e69, 3=com.java.Objects.TestDataDetails@3c6f3e}
[INFO ][2015-11-04 19:42:18,438][com.java.TestType] [ 7899] - Looping 1TCID = 2
[DEBUG][2015-11-04 19:42:18,438][com.java.TestType] [ 7940] - Concept ID:2 :: Step being Executed: 2::1
[INFO ][2015-11-04 19:42:18,438][com.java.TestType] [ 7978] - dataFields : BNK//select[@id='bank']
[DEBUG][2015-11-04 19:42:18,438][com.java.TestType] [ 7984] - <In Set values of the page>
[DEBUG][2015-11-04 19:42:18,438][com.java.TestType] [ 7989] - {Data Fields & Data Values Exist}
[INFO ][2015-11-04 19:42:18,438][com.java.TestType] [ 7995] - --------------------------setting values-----------------------------
[INFO ][2015-11-04 19:42:18,438][com.java.TestType] [ 7998] - Action Type : Select
[INFO ][2015-11-04 19:42:18,438][com.java.TestType] [ 3750] - value = PFC
[INFO ][2015-11-04 19:42:18,642][com.java.TestType] [ 8017] -  RESULT true
[INFO ][2015-11-04 19:42:18,642][com.java.TestType] [ 8134] - ?   P A S S   ?
[DEBUG][2015-11-04 19:42:18,643][com.java.TestType] [ 7940] - Concept ID:2 :: Step being Executed: 2::2
[INFO ][2015-11-04 19:42:18,643][com.java.TestType] [ 7978] - dataFields : LNKLogout
[DEBUG][2015-11-04 19:42:18,643][com.java.TestType] [ 7984] - <In Set values of the page>
[DEBUG][2015-11-04 19:42:18,643][com.java.TestType] [ 7989] - {Data Fields & Data Values Exist}
[INFO ][2015-11-04 19:42:18,643][com.java.TestType] [ 7995] - --------------------------setting values-----------------------------
[INFO ][2015-11-04 19:42:18,643][com.java.TestType] [ 7998] - Action Type : WaitTime
[DEBUG][2015-11-04 19:42:18,643][com.java.TestType] [ 3654] - sleepTime: 5000
[INFO ][2015-11-04 19:42:23,643][com.java.TestType] [ 8017] -  RESULT true
[INFO ][2015-11-04 19:42:23,643][com.java.TestType] [ 8134] - ?   P A S S   ?
[INFO ][2015-11-04 19:42:23,643][com.java.TestType] [ 8205] - Looping End......
[INFO ][2015-11-04 19:42:23,647][com.java.SeleniumDriver] [  861] -  RESULT true
[INFO ][2015-11-04 19:42:23,647][com.java.SeleniumDriver] [ 1066] - ?   P A S S   ?
[INFO ][2015-11-04 19:42:23,647][com.java.SeleniumDriver] [  788] - ------------------------------------------
[INFO ][2015-11-04 19:42:23,647][com.java.SeleniumDriver] [  789] - Test case being Executed: 11
[INFO ][2015-11-04 19:42:23,647][com.java.SeleniumDriver] [  800] - Test step:4
[INFO ][2015-11-04 19:42:23,647][com.java.SeleniumDriver] [  812] - Datavalue is----------null
[DEBUG][2015-11-04 19:42:23,649][com.java.SeleniumDriver] [  830] - Exception: null
[INFO ][2015-11-04 19:42:23,649][com.java.SeleniumDriver] [  836] - DataField : //span[@class='icon-user4']&&Users&&Manage Users
[INFO ][2015-11-04 19:42:23,649][com.java.SeleniumDriver] [  838] - DataValue : 
[INFO ][2015-11-04 19:42:23,649][com.java.SeleniumDriver] [  844] - <In Set values of the page>
[INFO ][2015-11-04 19:42:23,649][com.java.SeleniumDriver] [  847] - {Data Fields & Data Values Exist}
[INFO ][2015-11-04 19:42:23,649][com.java.SeleniumDriver] [  849] - --------------------------setting values-----------------------------
[INFO ][2015-11-04 19:42:23,649][com.java.SeleniumDriver] [  852] - Action Type : MouseOver
[INFO ][2015-11-04 19:42:59,163][com.java.SeleniumDriver] [  861] -  RESULT true
[INFO ][2015-11-04 19:42:59,163][com.java.SeleniumDriver] [ 1066] - ?   P A S S   ?
[INFO ][2015-11-04 19:42:59,163][com.java.SeleniumDriver] [  788] - ------------------------------------------
[INFO ][2015-11-04 19:42:59,163][com.java.SeleniumDriver] [  789] - Test case being Executed: 11
[INFO ][2015-11-04 19:42:59,163][com.java.SeleniumDriver] [  800] - Test step:5
[INFO ][2015-11-04 19:42:59,163][com.java.SeleniumDriver] [  812] - Datavalue is----------2
[INFO ][2015-11-04 19:42:59,163][com.java.SeleniumDriver] [  836] - DataField : BTNframeDialogContent
[INFO ][2015-11-04 19:42:59,163][com.java.SeleniumDriver] [  838] - DataValue : 2
[INFO ][2015-11-04 19:42:59,163][com.java.SeleniumDriver] [  844] - <In Set values of the page>
[INFO ][2015-11-04 19:42:59,163][com.java.SeleniumDriver] [  847] - {Data Fields & Data Values Exist}
[INFO ][2015-11-04 19:42:59,163][com.java.SeleniumDriver] [  849] - --------------------------setting values-----------------------------
[INFO ][2015-11-04 19:42:59,163][com.java.SeleniumDriver] [  852] - Action Type : WaitForElement
[INFO ][2015-11-04 19:43:00,382][com.java.SeleniumDriver] [  861] -  RESULT true
[INFO ][2015-11-04 19:43:00,382][com.java.SeleniumDriver] [ 1066] - ?   P A S S   ?
[INFO ][2015-11-04 19:43:00,382][com.java.SeleniumDriver] [  788] - ------------------------------------------
[INFO ][2015-11-04 19:43:00,382][com.java.SeleniumDriver] [  789] - Test case being Executed: 11
[INFO ][2015-11-04 19:43:00,382][com.java.SeleniumDriver] [  800] - Test step:6
[INFO ][2015-11-04 19:43:00,382][com.java.SeleniumDriver] [  812] - Datavalue is----------null
[DEBUG][2015-11-04 19:43:00,382][com.java.SeleniumDriver] [  830] - Exception: null
[INFO ][2015-11-04 19:43:00,382][com.java.SeleniumDriver] [  836] - DataField : BTNframeDialogContent
[INFO ][2015-11-04 19:43:00,383][com.java.SeleniumDriver] [  838] - DataValue : 
[INFO ][2015-11-04 19:43:00,383][com.java.SeleniumDriver] [  844] - <In Set values of the page>
[INFO ][2015-11-04 19:43:00,383][com.java.SeleniumDriver] [  847] - {Data Fields & Data Values Exist}
[INFO ][2015-11-04 19:43:00,383][com.java.SeleniumDriver] [  849] - --------------------------setting values-----------------------------
[INFO ][2015-11-04 19:43:00,383][com.java.SeleniumDriver] [  852] - Action Type : SelectFrame
[INFO ][2015-11-04 19:43:01,638][com.java.SeleniumDriver] [  861] -  RESULT true
[INFO ][2015-11-04 19:43:01,638][com.java.SeleniumDriver] [ 1066] - ?   P A S S   ?
[INFO ][2015-11-04 19:43:01,638][com.java.SeleniumDriver] [  788] - ------------------------------------------
[INFO ][2015-11-04 19:43:01,638][com.java.SeleniumDriver] [  789] - Test case being Executed: 11
[INFO ][2015-11-04 19:43:01,638][com.java.SeleniumDriver] [  800] - Test step:7
[INFO ][2015-11-04 19:43:01,638][com.java.SeleniumDriver] [  812] - Datavalue is----------2
[INFO ][2015-11-04 19:43:01,638][com.java.SeleniumDriver] [  836] - DataField : BTNbtnAddUser
[INFO ][2015-11-04 19:43:01,638][com.java.SeleniumDriver] [  838] - DataValue : 2
[INFO ][2015-11-04 19:43:01,638][com.java.SeleniumDriver] [  844] - <In Set values of the page>
[INFO ][2015-11-04 19:43:01,638][com.java.SeleniumDriver] [  847] - {Data Fields & Data Values Exist}
[INFO ][2015-11-04 19:43:01,639][com.java.SeleniumDriver] [  849] - --------------------------setting values-----------------------------
[INFO ][2015-11-04 19:43:01,639][com.java.SeleniumDriver] [  852] - Action Type : WaitForElement
[INFO ][2015-11-04 19:43:03,476][com.java.SeleniumDriver] [  861] -  RESULT true
[INFO ][2015-11-04 19:43:03,476][com.java.SeleniumDriver] [ 1066] - ?   P A S S   ?
[INFO ][2015-11-04 19:43:03,476][com.java.SeleniumDriver] [  788] - ------------------------------------------
[INFO ][2015-11-04 19:43:03,476][com.java.SeleniumDriver] [  789] - Test case being Executed: 11
[INFO ][2015-11-04 19:43:03,476][com.java.SeleniumDriver] [  800] - Test step:8
[INFO ][2015-11-04 19:43:03,476][com.java.SeleniumDriver] [  812] - Datavalue is----------null
[DEBUG][2015-11-04 19:43:03,476][com.java.SeleniumDriver] [  830] - Exception: null
[INFO ][2015-11-04 19:43:03,476][com.java.SeleniumDriver] [  836] - DataField : BTNbtnAddUser
[INFO ][2015-11-04 19:43:03,476][com.java.SeleniumDriver] [  838] - DataValue : 
[INFO ][2015-11-04 19:43:03,476][com.java.SeleniumDriver] [  844] - <In Set values of the page>
[INFO ][2015-11-04 19:43:03,476][com.java.SeleniumDriver] [  847] - {Data Fields & Data Values Exist}
[INFO ][2015-11-04 19:43:03,476][com.java.SeleniumDriver] [  849] - --------------------------setting values-----------------------------
[INFO ][2015-11-04 19:43:03,476][com.java.SeleniumDriver] [  852] - Action Type : Click
[INFO ][2015-11-04 19:43:03,477][com.java.TestType] [ 4063] - Field ::BTNbtnAddUser
[INFO ][2015-11-04 19:43:04,477][com.java.TestType] [ 4101] - BEFORE CLICK
[INFO ][2015-11-04 19:43:06,484][com.java.TestType] [ 4108] - Unable to click the object Add user button
[INFO ][2015-11-04 19:43:06,485][com.java.SeleniumDriver] [  861] -  RESULT true
[INFO ][2015-11-04 19:43:06,485][com.java.SeleniumDriver] [ 1066] - ?   P A S S   ?
[INFO ][2015-11-04 19:43:06,485][com.java.SeleniumDriver] [  788] - ------------------------------------------
[INFO ][2015-11-04 19:43:06,485][com.java.SeleniumDriver] [  789] - Test case being Executed: 11
[INFO ][2015-11-04 19:43:06,485][com.java.SeleniumDriver] [  800] - Test step:9
[INFO ][2015-11-04 19:43:06,485][com.java.SeleniumDriver] [  812] - Datavalue is----------2
[INFO ][2015-11-04 19:43:06,485][com.java.SeleniumDriver] [  836] - DataField : BTNtxtUserName
[INFO ][2015-11-04 19:43:06,485][com.java.SeleniumDriver] [  838] - DataValue : 2
[INFO ][2015-11-04 19:43:06,485][com.java.SeleniumDriver] [  844] - <In Set values of the page>
[INFO ][2015-11-04 19:43:06,485][com.java.SeleniumDriver] [  847] - {Data Fields & Data Values Exist}
[INFO ][2015-11-04 19:43:06,485][com.java.SeleniumDriver] [  849] - --------------------------setting values-----------------------------
[INFO ][2015-11-04 19:43:06,485][com.java.SeleniumDriver] [  852] - Action Type : WaitForElement
[INFO ][2015-11-04 19:43:14,733][com.java.SeleniumDriver] [  861] -  RESULT true
[INFO ][2015-11-04 19:43:14,733][com.java.SeleniumDriver] [ 1066] - ?   P A S S   ?
[INFO ][2015-11-04 19:43:14,733][com.java.SeleniumDriver] [  788] - ------------------------------------------
[INFO ][2015-11-04 19:43:14,733][com.java.SeleniumDriver] [  789] - Test case being Executed: 11
[INFO ][2015-11-04 19:43:14,733][com.java.SeleniumDriver] [  800] - Test step:10
[INFO ][2015-11-04 19:43:14,733][com.java.SeleniumDriver] [  812] - Datavalue is----------dt:NewUserName
[INFO ][2015-11-04 19:43:14,733][com.java.SeleniumDriver] [  836] - DataField : TXTtxtUserName
[INFO ][2015-11-04 19:43:14,733][com.java.SeleniumDriver] [  838] - DataValue : dt:NewUserName
[INFO ][2015-11-04 19:43:14,733][com.java.SeleniumDriver] [  844] - <In Set values of the page>
[INFO ][2015-11-04 19:43:14,733][com.java.SeleniumDriver] [  847] - {Data Fields & Data Values Exist}
[INFO ][2015-11-04 19:43:14,733][com.java.SeleniumDriver] [  849] - --------------------------setting values-----------------------------
[INFO ][2015-11-04 19:43:14,733][com.java.SeleniumDriver] [  852] - Action Type : Enter
[INFO ][2015-11-04 19:43:14,733][com.java.TestType] [ 4383] - field = txtUserName
[INFO ][2015-11-04 19:43:14,734][com.java.TestType] [ 3750] - value = vltest.robot
[INFO ][2015-11-04 19:43:17,499][com.java.SeleniumDriver] [  861] -  RESULT true
[INFO ][2015-11-04 19:43:17,499][com.java.SeleniumDriver] [ 1066] - ?   P A S S   ?
[INFO ][2015-11-04 19:43:17,499][com.java.SeleniumDriver] [  788] - ------------------------------------------
[INFO ][2015-11-04 19:43:17,500][com.java.SeleniumDriver] [  789] - Test case being Executed: 11
[INFO ][2015-11-04 19:43:17,500][com.java.SeleniumDriver] [  800] - Test step:11
[INFO ][2015-11-04 19:43:17,500][com.java.SeleniumDriver] [  812] - Datavalue is----------VLTest
[INFO ][2015-11-04 19:43:17,500][com.java.SeleniumDriver] [  836] - DataField : TXTtxtFirstName
[INFO ][2015-11-04 19:43:17,500][com.java.SeleniumDriver] [  838] - DataValue : VLTest
[INFO ][2015-11-04 19:43:17,500][com.java.SeleniumDriver] [  844] - <In Set values of the page>
[INFO ][2015-11-04 19:43:17,500][com.java.SeleniumDriver] [  847] - {Data Fields & Data Values Exist}
[INFO ][2015-11-04 19:43:17,500][com.java.SeleniumDriver] [  849] - --------------------------setting values-----------------------------
[INFO ][2015-11-04 19:43:17,500][com.java.SeleniumDriver] [  852] - Action Type : Enter
[INFO ][2015-11-04 19:43:17,500][com.java.TestType] [ 4383] - field = txtFirstName
[INFO ][2015-11-04 19:43:17,500][com.java.TestType] [ 3750] - value = VLTest
[INFO ][2015-11-04 19:43:20,543][com.java.SeleniumDriver] [  861] -  RESULT true
[INFO ][2015-11-04 19:43:20,543][com.java.SeleniumDriver] [ 1066] - ?   P A S S   ?
[INFO ][2015-11-04 19:43:20,544][com.java.SeleniumDriver] [  788] - ------------------------------------------
[INFO ][2015-11-04 19:43:20,544][com.java.SeleniumDriver] [  789] - Test case being Executed: 11
[INFO ][2015-11-04 19:43:20,544][com.java.SeleniumDriver] [  800] - Test step:12
[INFO ][2015-11-04 19:43:20,544][com.java.SeleniumDriver] [  812] - Datavalue is----------Robot
[INFO ][2015-11-04 19:43:20,544][com.java.SeleniumDriver] [  836] - DataField : TXTtxtLastName
[INFO ][2015-11-04 19:43:20,544][com.java.SeleniumDriver] [  838] - DataValue : Robot
[INFO ][2015-11-04 19:43:20,544][com.java.SeleniumDriver] [  844] - <In Set values of the page>
[INFO ][2015-11-04 19:43:20,544][com.java.SeleniumDriver] [  847] - {Data Fields & Data Values Exist}
[INFO ][2015-11-04 19:43:20,544][com.java.SeleniumDriver] [  849] - --------------------------setting values-----------------------------
[INFO ][2015-11-04 19:43:20,544][com.java.SeleniumDriver] [  852] - Action Type : Enter
[INFO ][2015-11-04 19:43:20,544][com.java.TestType] [ 4383] - field = txtLastName
[INFO ][2015-11-04 19:43:20,544][com.java.TestType] [ 3750] - value = Robot
[INFO ][2015-11-04 19:43:23,361][com.java.SeleniumDriver] [  861] -  RESULT true
[INFO ][2015-11-04 19:43:23,361][com.java.SeleniumDriver] [ 1066] - ?   P A S S   ?
[INFO ][2015-11-04 19:43:23,362][com.java.SeleniumDriver] [  788] - ------------------------------------------
[INFO ][2015-11-04 19:43:23,362][com.java.SeleniumDriver] [  789] - Test case being Executed: 11
[INFO ][2015-11-04 19:43:23,362][com.java.SeleniumDriver] [  800] - Test step:13
[INFO ][2015-11-04 19:43:23,362][com.java.SeleniumDriver] [  812] - Datavalue is----------ValueLabs
[INFO ][2015-11-04 19:43:23,362][com.java.SeleniumDriver] [  836] - DataField : TXTtxtCompany
[INFO ][2015-11-04 19:43:23,362][com.java.SeleniumDriver] [  838] - DataValue : ValueLabs
[INFO ][2015-11-04 19:43:23,362][com.java.SeleniumDriver] [  844] - <In Set values of the page>
[INFO ][2015-11-04 19:43:23,362][com.java.SeleniumDriver] [  847] - {Data Fields & Data Values Exist}
[INFO ][2015-11-04 19:43:23,362][com.java.SeleniumDriver] [  849] - --------------------------setting values-----------------------------
[INFO ][2015-11-04 19:43:23,362][com.java.SeleniumDriver] [  852] - Action Type : Enter
[INFO ][2015-11-04 19:43:23,362][com.java.TestType] [ 4383] - field = txtCompany
[INFO ][2015-11-04 19:43:23,362][com.java.TestType] [ 3750] - value = ValueLabs
[INFO ][2015-11-04 19:43:26,306][com.java.SeleniumDriver] [  861] -  RESULT true
[INFO ][2015-11-04 19:43:26,306][com.java.SeleniumDriver] [ 1066] - ?   P A S S   ?
[INFO ][2015-11-04 19:43:26,307][com.java.SeleniumDriver] [  788] - ------------------------------------------
[INFO ][2015-11-04 19:43:26,307][com.java.SeleniumDriver] [  789] - Test case being Executed: 11
[INFO ][2015-11-04 19:43:26,307][com.java.SeleniumDriver] [  800] - Test step:14
[INFO ][2015-11-04 19:43:26,307][com.java.SeleniumDriver] [  812] - Datavalue is----------India
[INFO ][2015-11-04 19:43:26,307][com.java.SeleniumDriver] [  836] - DataField : TXTtxtLocation
[INFO ][2015-11-04 19:43:26,307][com.java.SeleniumDriver] [  838] - DataValue : India
[INFO ][2015-11-04 19:43:26,307][com.java.SeleniumDriver] [  844] - <In Set values of the page>
[INFO ][2015-11-04 19:43:26,307][com.java.SeleniumDriver] [  847] - {Data Fields & Data Values Exist}
[INFO ][2015-11-04 19:43:26,307][com.java.SeleniumDriver] [  849] - --------------------------setting values-----------------------------
[INFO ][2015-11-04 19:43:26,307][com.java.SeleniumDriver] [  852] - Action Type : Enter
[INFO ][2015-11-04 19:43:26,307][com.java.TestType] [ 4383] - field = txtLocation
[INFO ][2015-11-04 19:43:26,307][com.java.TestType] [ 3750] - value = India
[INFO ][2015-11-04 19:43:29,124][com.java.SeleniumDriver] [  861] -  RESULT true
[INFO ][2015-11-04 19:43:29,125][com.java.SeleniumDriver] [ 1066] - ?   P A S S   ?
[INFO ][2015-11-04 19:43:29,125][com.java.SeleniumDriver] [  788] - ------------------------------------------
[INFO ][2015-11-04 19:43:29,125][com.java.SeleniumDriver] [  789] - Test case being Executed: 11
[INFO ][2015-11-04 19:43:29,125][com.java.SeleniumDriver] [  800] - Test step:15
[INFO ][2015-11-04 19:43:29,125][com.java.SeleniumDriver] [  812] - Datavalue is----------vltest.robot@valuelabs.com
[INFO ][2015-11-04 19:43:29,125][com.java.SeleniumDriver] [  836] - DataField : TXTtxtEMail
[INFO ][2015-11-04 19:43:29,125][com.java.SeleniumDriver] [  838] - DataValue : vltest.robot@valuelabs.com
[INFO ][2015-11-04 19:43:29,125][com.java.SeleniumDriver] [  844] - <In Set values of the page>
[INFO ][2015-11-04 19:43:29,125][com.java.SeleniumDriver] [  847] - {Data Fields & Data Values Exist}
[INFO ][2015-11-04 19:43:29,125][com.java.SeleniumDriver] [  849] - --------------------------setting values-----------------------------
[INFO ][2015-11-04 19:43:29,125][com.java.SeleniumDriver] [  852] - Action Type : Enter
[INFO ][2015-11-04 19:43:29,125][com.java.TestType] [ 4383] - field = txtEMail
[INFO ][2015-11-04 19:43:29,125][com.java.TestType] [ 3750] - value = vltest.robot@valuelabs.com
[INFO ][2015-11-04 19:43:32,061][com.java.SeleniumDriver] [  861] -  RESULT true
[INFO ][2015-11-04 19:43:32,061][com.java.SeleniumDriver] [ 1066] - ?   P A S S   ?
[INFO ][2015-11-04 19:43:32,062][com.java.SeleniumDriver] [  788] - ------------------------------------------
[INFO ][2015-11-04 19:43:32,062][com.java.SeleniumDriver] [  789] - Test case being Executed: 11
[INFO ][2015-11-04 19:43:32,062][com.java.SeleniumDriver] [  800] - Test step:16
[INFO ][2015-11-04 19:43:32,062][com.java.SeleniumDriver] [  812] - Datavalue is----------12345678901
[INFO ][2015-11-04 19:43:32,062][com.java.SeleniumDriver] [  836] - DataField : TXTtxtPhone
[INFO ][2015-11-04 19:43:32,062][com.java.SeleniumDriver] [  838] - DataValue : 12345678901
[INFO ][2015-11-04 19:43:32,062][com.java.SeleniumDriver] [  844] - <In Set values of the page>
[INFO ][2015-11-04 19:43:32,062][com.java.SeleniumDriver] [  847] - {Data Fields & Data Values Exist}
[INFO ][2015-11-04 19:43:32,062][com.java.SeleniumDriver] [  849] - --------------------------setting values-----------------------------
[INFO ][2015-11-04 19:43:32,062][com.java.SeleniumDriver] [  852] - Action Type : Enter
[INFO ][2015-11-04 19:43:32,062][com.java.TestType] [ 4383] - field = txtPhone
[INFO ][2015-11-04 19:43:32,062][com.java.TestType] [ 3750] - value = 12345678901
[INFO ][2015-11-04 19:43:34,820][com.java.SeleniumDriver] [  861] -  RESULT true
[INFO ][2015-11-04 19:43:34,820][com.java.SeleniumDriver] [ 1066] - ?   P A S S   ?
[INFO ][2015-11-04 19:43:34,821][com.java.SeleniumDriver] [  788] - ------------------------------------------
[INFO ][2015-11-04 19:43:34,821][com.java.SeleniumDriver] [  789] - Test case being Executed: 11
[INFO ][2015-11-04 19:43:34,821][com.java.SeleniumDriver] [  800] - Test step:17
[INFO ][2015-11-04 19:43:34,821][com.java.SeleniumDriver] [  812] - Datavalue is----------dt:NewUserPswd
[INFO ][2015-11-04 19:43:34,821][com.java.SeleniumDriver] [  836] - DataField : TXTtxtPassword
[INFO ][2015-11-04 19:43:34,821][com.java.SeleniumDriver] [  838] - DataValue : dt:NewUserPswd
[INFO ][2015-11-04 19:43:34,821][com.java.SeleniumDriver] [  844] - <In Set values of the page>
[INFO ][2015-11-04 19:43:34,821][com.java.SeleniumDriver] [  847] - {Data Fields & Data Values Exist}
[INFO ][2015-11-04 19:43:34,821][com.java.SeleniumDriver] [  849] - --------------------------setting values-----------------------------
[INFO ][2015-11-04 19:43:34,821][com.java.SeleniumDriver] [  852] - Action Type : Enter
[INFO ][2015-11-04 19:43:34,821][com.java.TestType] [ 4383] - field = txtPassword
[INFO ][2015-11-04 19:43:34,821][com.java.TestType] [ 3750] - value = Password1*
[INFO ][2015-11-04 19:43:37,767][com.java.SeleniumDriver] [  861] -  RESULT true
[INFO ][2015-11-04 19:43:37,768][com.java.SeleniumDriver] [ 1066] - ?   P A S S   ?
[INFO ][2015-11-04 19:43:37,768][com.java.SeleniumDriver] [  788] - ------------------------------------------
[INFO ][2015-11-04 19:43:37,768][com.java.SeleniumDriver] [  789] - Test case being Executed: 11
[INFO ][2015-11-04 19:43:37,768][com.java.SeleniumDriver] [  800] - Test step:18
[INFO ][2015-11-04 19:43:37,768][com.java.SeleniumDriver] [  812] - Datavalue is----------dt:NewUserPswd
[INFO ][2015-11-04 19:43:37,768][com.java.SeleniumDriver] [  836] - DataField : TXTtxtPasswordConfirm
[INFO ][2015-11-04 19:43:37,768][com.java.SeleniumDriver] [  838] - DataValue : dt:NewUserPswd
[INFO ][2015-11-04 19:43:37,768][com.java.SeleniumDriver] [  844] - <In Set values of the page>
[INFO ][2015-11-04 19:43:37,768][com.java.SeleniumDriver] [  847] - {Data Fields & Data Values Exist}
[INFO ][2015-11-04 19:43:37,768][com.java.SeleniumDriver] [  849] - --------------------------setting values-----------------------------
[INFO ][2015-11-04 19:43:37,768][com.java.SeleniumDriver] [  852] - Action Type : Enter
[INFO ][2015-11-04 19:43:37,768][com.java.TestType] [ 4383] - field = txtPasswordConfirm
[INFO ][2015-11-04 19:43:37,768][com.java.TestType] [ 3750] - value = Password1*
[INFO ][2015-11-04 19:43:40,721][com.java.SeleniumDriver] [  861] -  RESULT true
[INFO ][2015-11-04 19:43:40,721][com.java.SeleniumDriver] [ 1066] - ?   P A S S   ?
[INFO ][2015-11-04 19:43:40,722][com.java.SeleniumDriver] [  788] - ------------------------------------------
[INFO ][2015-11-04 19:43:40,722][com.java.SeleniumDriver] [  789] - Test case being Executed: 11
[INFO ][2015-11-04 19:43:40,722][com.java.SeleniumDriver] [  800] - Test step:19
[INFO ][2015-11-04 19:43:40,722][com.java.SeleniumDriver] [  812] - Datavalue is----------null
[DEBUG][2015-11-04 19:43:40,722][com.java.SeleniumDriver] [  830] - Exception: null
[INFO ][2015-11-04 19:43:40,722][com.java.SeleniumDriver] [  836] - DataField : BTNparent
[INFO ][2015-11-04 19:43:40,722][com.java.SeleniumDriver] [  838] - DataValue : 
[INFO ][2015-11-04 19:43:40,722][com.java.SeleniumDriver] [  844] - <In Set values of the page>
[INFO ][2015-11-04 19:43:40,722][com.java.SeleniumDriver] [  847] - {Data Fields & Data Values Exist}
[INFO ][2015-11-04 19:43:40,722][com.java.SeleniumDriver] [  849] - --------------------------setting values-----------------------------
[INFO ][2015-11-04 19:43:40,722][com.java.SeleniumDriver] [  852] - Action Type : SelectFrame
[INFO ][2015-11-04 19:43:40,737][com.java.SeleniumDriver] [  861] -  RESULT true
[INFO ][2015-11-04 19:43:40,737][com.java.SeleniumDriver] [ 1066] - ?   P A S S   ?
[INFO ][2015-11-04 19:43:40,737][com.java.SeleniumDriver] [  788] - ------------------------------------------
[INFO ][2015-11-04 19:43:40,737][com.java.SeleniumDriver] [  789] - Test case being Executed: 11
[INFO ][2015-11-04 19:43:40,737][com.java.SeleniumDriver] [  800] - Test step:20
[INFO ][2015-11-04 19:43:40,738][com.java.SeleniumDriver] [  812] - Datavalue is----------5
[INFO ][2015-11-04 19:43:40,738][com.java.SeleniumDriver] [  836] - DataField : test
[INFO ][2015-11-04 19:43:40,738][com.java.SeleniumDriver] [  838] - DataValue : 5
[INFO ][2015-11-04 19:43:40,738][com.java.SeleniumDriver] [  844] - <In Set values of the page>
[INFO ][2015-11-04 19:43:40,738][com.java.SeleniumDriver] [  847] - {Data Fields & Data Values Exist}
[INFO ][2015-11-04 19:43:40,738][com.java.SeleniumDriver] [  849] - --------------------------setting values-----------------------------
[INFO ][2015-11-04 19:43:40,738][com.java.SeleniumDriver] [  852] - Action Type : WaitTime
[DEBUG][2015-11-04 19:43:40,738][com.java.TestType] [ 3654] - sleepTime: 5000
[INFO ][2015-11-04 19:43:45,738][com.java.SeleniumDriver] [  861] -  RESULT true
[INFO ][2015-11-04 19:43:45,738][com.java.SeleniumDriver] [ 1066] - ?   P A S S   ?
[INFO ][2015-11-04 19:43:45,738][com.java.SeleniumDriver] [  788] - ------------------------------------------
[INFO ][2015-11-04 19:43:45,738][com.java.SeleniumDriver] [  789] - Test case being Executed: 11
[INFO ][2015-11-04 19:43:45,738][com.java.SeleniumDriver] [  800] - Test step:21
[INFO ][2015-11-04 19:43:45,738][com.java.SeleniumDriver] [  812] - Datavalue is----------null
[DEBUG][2015-11-04 19:43:45,740][com.java.SeleniumDriver] [  830] - Exception: null
[INFO ][2015-11-04 19:43:45,740][com.java.SeleniumDriver] [  836] - DataField : XPH//span[contains(text(), 'Finished')]
[INFO ][2015-11-04 19:43:45,740][com.java.SeleniumDriver] [  838] - DataValue : 
[INFO ][2015-11-04 19:43:45,740][com.java.SeleniumDriver] [  844] - <In Set values of the page>
[INFO ][2015-11-04 19:43:45,740][com.java.SeleniumDriver] [  847] - {Data Fields & Data Values Exist}
[INFO ][2015-11-04 19:43:45,740][com.java.SeleniumDriver] [  849] - --------------------------setting values-----------------------------
[INFO ][2015-11-04 19:43:45,740][com.java.SeleniumDriver] [  852] - Action Type : Click
[INFO ][2015-11-04 19:43:45,740][com.java.TestType] [ 4063] - Field ::XPH//span[contains(text(), 'Finished')]
[INFO ][2015-11-04 19:43:46,740][com.java.TestType] [ 4122] - BEFORE CLICK
[INFO ][2015-11-04 19:43:48,162][com.java.TestType] [ 4130] - Unable to click the object Finished button
[INFO ][2015-11-04 19:43:48,162][com.java.SeleniumDriver] [  861] -  RESULT true
[INFO ][2015-11-04 19:43:48,162][com.java.SeleniumDriver] [ 1066] - ?   P A S S   ?
[INFO ][2015-11-04 19:43:48,162][com.java.SeleniumDriver] [  788] - ------------------------------------------
[INFO ][2015-11-04 19:43:48,162][com.java.SeleniumDriver] [  789] - Test case being Executed: 11
[INFO ][2015-11-04 19:43:48,162][com.java.SeleniumDriver] [  800] - Test step:22
[INFO ][2015-11-04 19:43:48,162][com.java.SeleniumDriver] [  812] - Datavalue is----------null
[DEBUG][2015-11-04 19:43:48,164][com.java.SeleniumDriver] [  830] - Exception: null
[INFO ][2015-11-04 19:43:48,164][com.java.SeleniumDriver] [  836] - DataField : XPH//span[contains(text(), 'Finished')]
[INFO ][2015-11-04 19:43:48,164][com.java.SeleniumDriver] [  838] - DataValue : 
[INFO ][2015-11-04 19:43:48,164][com.java.SeleniumDriver] [  844] - <In Set values of the page>
[INFO ][2015-11-04 19:43:48,164][com.java.SeleniumDriver] [  847] - {Data Fields & Data Values Exist}
[INFO ][2015-11-04 19:43:48,164][com.java.SeleniumDriver] [  849] - --------------------------setting values-----------------------------
[INFO ][2015-11-04 19:43:48,164][com.java.SeleniumDriver] [  852] - Action Type : WaitForElement
[INFO ][2015-11-04 19:43:48,218][com.java.SeleniumDriver] [  861] -  RESULT true
[INFO ][2015-11-04 19:43:48,219][com.java.SeleniumDriver] [ 1066] - ?   P A S S   ?
[INFO ][2015-11-04 19:43:48,219][com.java.SeleniumDriver] [  788] - ------------------------------------------
[INFO ][2015-11-04 19:43:48,219][com.java.SeleniumDriver] [  789] - Test case being Executed: 11
[INFO ][2015-11-04 19:43:48,219][com.java.SeleniumDriver] [  800] - Test step:23
[INFO ][2015-11-04 19:43:48,219][com.java.SeleniumDriver] [  812] - Datavalue is----------null
[DEBUG][2015-11-04 19:43:48,219][com.java.SeleniumDriver] [  830] - Exception: null
[INFO ][2015-11-04 19:43:48,219][com.java.SeleniumDriver] [  836] - DataField : BTNframeDialogContent
[INFO ][2015-11-04 19:43:48,219][com.java.SeleniumDriver] [  838] - DataValue : 
[INFO ][2015-11-04 19:43:48,219][com.java.SeleniumDriver] [  844] - <In Set values of the page>
[INFO ][2015-11-04 19:43:48,219][com.java.SeleniumDriver] [  847] - {Data Fields & Data Values Exist}
[INFO ][2015-11-04 19:43:48,219][com.java.SeleniumDriver] [  849] - --------------------------setting values-----------------------------
[INFO ][2015-11-04 19:43:48,219][com.java.SeleniumDriver] [  852] - Action Type : SelectFrame
[INFO ][2015-11-04 19:43:49,516][com.java.SeleniumDriver] [  861] -  RESULT true
[INFO ][2015-11-04 19:43:49,516][com.java.SeleniumDriver] [ 1066] - ?   P A S S   ?
[INFO ][2015-11-04 19:43:49,516][com.java.SeleniumDriver] [  788] - ------------------------------------------
[INFO ][2015-11-04 19:43:49,516][com.java.SeleniumDriver] [  789] - Test case being Executed: 11
[INFO ][2015-11-04 19:43:49,516][com.java.SeleniumDriver] [  800] - Test step:24
[INFO ][2015-11-04 19:43:49,516][com.java.SeleniumDriver] [  812] - Datavalue is----------null
[DEBUG][2015-11-04 19:43:49,516][com.java.SeleniumDriver] [  830] - Exception: null
[INFO ][2015-11-04 19:43:49,516][com.java.SeleniumDriver] [  836] - DataField : BTNchkGlobalPrivsUserAdmin
[INFO ][2015-11-04 19:43:49,516][com.java.SeleniumDriver] [  838] - DataValue : 
[INFO ][2015-11-04 19:43:49,516][com.java.SeleniumDriver] [  844] - <In Set values of the page>
[INFO ][2015-11-04 19:43:49,516][com.java.SeleniumDriver] [  847] - {Data Fields & Data Values Exist}
[INFO ][2015-11-04 19:43:49,516][com.java.SeleniumDriver] [  849] - --------------------------setting values-----------------------------
[INFO ][2015-11-04 19:43:49,517][com.java.SeleniumDriver] [  852] - Action Type : Click
[INFO ][2015-11-04 19:43:49,517][com.java.TestType] [ 4063] - Field ::BTNchkGlobalPrivsUserAdmin
[INFO ][2015-11-04 19:43:50,517][com.java.TestType] [ 4101] - BEFORE CLICK
[INFO ][2015-11-04 19:43:51,868][com.java.TestType] [ 4108] - Unable to click the object User Admin check box
[INFO ][2015-11-04 19:43:51,868][com.java.SeleniumDriver] [  861] -  RESULT true
[INFO ][2015-11-04 19:43:51,869][com.java.SeleniumDriver] [ 1066] - ?   P A S S   ?
[INFO ][2015-11-04 19:43:51,869][com.java.SeleniumDriver] [  788] - ------------------------------------------
[INFO ][2015-11-04 19:43:51,869][com.java.SeleniumDriver] [  789] - Test case being Executed: 11
[INFO ][2015-11-04 19:43:51,869][com.java.SeleniumDriver] [  800] - Test step:25
[INFO ][2015-11-04 19:43:51,869][com.java.SeleniumDriver] [  812] - Datavalue is----------null
[DEBUG][2015-11-04 19:43:51,869][com.java.SeleniumDriver] [  830] - Exception: null
[INFO ][2015-11-04 19:43:51,869][com.java.SeleniumDriver] [  836] - DataField : BTNrdoEnableEntity_Enable
[INFO ][2015-11-04 19:43:51,869][com.java.SeleniumDriver] [  838] - DataValue : 
[INFO ][2015-11-04 19:43:51,869][com.java.SeleniumDriver] [  844] - <In Set values of the page>
[INFO ][2015-11-04 19:43:51,869][com.java.SeleniumDriver] [  847] - {Data Fields & Data Values Exist}
[INFO ][2015-11-04 19:43:51,869][com.java.SeleniumDriver] [  849] - --------------------------setting values-----------------------------
[INFO ][2015-11-04 19:43:51,869][com.java.SeleniumDriver] [  852] - Action Type : Click
[INFO ][2015-11-04 19:43:51,869][com.java.TestType] [ 4063] - Field ::BTNrdoEnableEntity_Enable
[INFO ][2015-11-04 19:43:52,869][com.java.TestType] [ 4101] - BEFORE CLICK
[INFO ][2015-11-04 19:43:54,217][com.java.TestType] [ 4108] - Unable to click the object Enable radio button
[INFO ][2015-11-04 19:43:54,217][com.java.SeleniumDriver] [  861] -  RESULT true
[INFO ][2015-11-04 19:43:54,218][com.java.SeleniumDriver] [ 1066] - ?   P A S S   ?
[INFO ][2015-11-04 19:43:54,218][com.java.SeleniumDriver] [  788] - ------------------------------------------
[INFO ][2015-11-04 19:43:54,218][com.java.SeleniumDriver] [  789] - Test case being Executed: 11
[INFO ][2015-11-04 19:43:54,218][com.java.SeleniumDriver] [  800] - Test step:26
[INFO ][2015-11-04 19:43:54,218][com.java.SeleniumDriver] [  812] - Datavalue is----------null
[DEBUG][2015-11-04 19:43:54,218][com.java.SeleniumDriver] [  830] - Exception: null
[INFO ][2015-11-04 19:43:54,218][com.java.SeleniumDriver] [  836] - DataField : BTNchkProfitCenterAll
[INFO ][2015-11-04 19:43:54,218][com.java.SeleniumDriver] [  838] - DataValue : 
[INFO ][2015-11-04 19:43:54,218][com.java.SeleniumDriver] [  844] - <In Set values of the page>
[INFO ][2015-11-04 19:43:54,218][com.java.SeleniumDriver] [  847] - {Data Fields & Data Values Exist}
[INFO ][2015-11-04 19:43:54,218][com.java.SeleniumDriver] [  849] - --------------------------setting values-----------------------------
[INFO ][2015-11-04 19:43:54,220][com.java.SeleniumDriver] [  852] - Action Type : Click
[INFO ][2015-11-04 19:43:54,220][com.java.TestType] [ 4063] - Field ::BTNchkProfitCenterAll
[INFO ][2015-11-04 19:43:55,220][com.java.TestType] [ 4101] - BEFORE CLICK
[INFO ][2015-11-04 19:43:56,556][com.java.TestType] [ 4108] - Unable to click the object All Check box
[INFO ][2015-11-04 19:43:56,556][com.java.SeleniumDriver] [  861] -  RESULT true
[INFO ][2015-11-04 19:43:56,557][com.java.SeleniumDriver] [ 1066] - ?   P A S S   ?
[INFO ][2015-11-04 19:43:56,557][com.java.SeleniumDriver] [  788] - ------------------------------------------
[INFO ][2015-11-04 19:43:56,557][com.java.SeleniumDriver] [  789] - Test case being Executed: 11
[INFO ][2015-11-04 19:43:56,557][com.java.SeleniumDriver] [  800] - Test step:27
[INFO ][2015-11-04 19:43:56,557][com.java.SeleniumDriver] [  812] - Datavalue is----------null
[DEBUG][2015-11-04 19:43:56,557][com.java.SeleniumDriver] [  830] - Exception: null
[INFO ][2015-11-04 19:43:56,557][com.java.SeleniumDriver] [  836] - DataField : BTNchkPrivsAccessGL
[INFO ][2015-11-04 19:43:56,557][com.java.SeleniumDriver] [  838] - DataValue : 
[INFO ][2015-11-04 19:43:56,557][com.java.SeleniumDriver] [  844] - <In Set values of the page>
[INFO ][2015-11-04 19:43:56,557][com.java.SeleniumDriver] [  847] - {Data Fields & Data Values Exist}
[INFO ][2015-11-04 19:43:56,557][com.java.SeleniumDriver] [  849] - --------------------------setting values-----------------------------
[INFO ][2015-11-04 19:43:56,557][com.java.SeleniumDriver] [  852] - Action Type : Click
[INFO ][2015-11-04 19:43:56,558][com.java.TestType] [ 4063] - Field ::BTNchkPrivsAccessGL
[INFO ][2015-11-04 19:43:57,559][com.java.TestType] [ 4101] - BEFORE CLICK
[INFO ][2015-11-04 19:43:58,896][com.java.TestType] [ 4108] - Unable to click the object GL check box
[INFO ][2015-11-04 19:43:58,896][com.java.SeleniumDriver] [  861] -  RESULT true
[INFO ][2015-11-04 19:43:58,896][com.java.SeleniumDriver] [ 1066] - ?   P A S S   ?
[INFO ][2015-11-04 19:43:58,897][com.java.SeleniumDriver] [  788] - ------------------------------------------
[INFO ][2015-11-04 19:43:58,897][com.java.SeleniumDriver] [  789] - Test case being Executed: 11
[INFO ][2015-11-04 19:43:58,897][com.java.SeleniumDriver] [  800] - Test step:28
[INFO ][2015-11-04 19:43:58,897][com.java.SeleniumDriver] [  812] - Datavalue is----------null
[DEBUG][2015-11-04 19:43:58,897][com.java.SeleniumDriver] [  830] - Exception: null
[INFO ][2015-11-04 19:43:58,897][com.java.SeleniumDriver] [  836] - DataField : BTNparent
[INFO ][2015-11-04 19:43:58,897][com.java.SeleniumDriver] [  838] - DataValue : 
[INFO ][2015-11-04 19:43:58,897][com.java.SeleniumDriver] [  844] - <In Set values of the page>
[INFO ][2015-11-04 19:43:58,897][com.java.SeleniumDriver] [  847] - {Data Fields & Data Values Exist}
[INFO ][2015-11-04 19:43:58,897][com.java.SeleniumDriver] [  849] - --------------------------setting values-----------------------------
[INFO ][2015-11-04 19:43:58,897][com.java.SeleniumDriver] [  852] - Action Type : SelectFrame
[INFO ][2015-11-04 19:43:58,910][com.java.SeleniumDriver] [  861] -  RESULT true
[INFO ][2015-11-04 19:43:58,910][com.java.SeleniumDriver] [ 1066] - ?   P A S S   ?
[INFO ][2015-11-04 19:43:58,910][com.java.SeleniumDriver] [  788] - ------------------------------------------
[INFO ][2015-11-04 19:43:58,910][com.java.SeleniumDriver] [  789] - Test case being Executed: 11
[INFO ][2015-11-04 19:43:58,910][com.java.SeleniumDriver] [  800] - Test step:29
[INFO ][2015-11-04 19:43:58,910][com.java.SeleniumDriver] [  812] - Datavalue is----------5
[INFO ][2015-11-04 19:43:58,910][com.java.SeleniumDriver] [  836] - DataField : test
[INFO ][2015-11-04 19:43:58,910][com.java.SeleniumDriver] [  838] - DataValue : 5
[INFO ][2015-11-04 19:43:58,910][com.java.SeleniumDriver] [  844] - <In Set values of the page>
[INFO ][2015-11-04 19:43:58,910][com.java.SeleniumDriver] [  847] - {Data Fields & Data Values Exist}
[INFO ][2015-11-04 19:43:58,910][com.java.SeleniumDriver] [  849] - --------------------------setting values-----------------------------
[INFO ][2015-11-04 19:43:58,910][com.java.SeleniumDriver] [  852] - Action Type : WaitTime
[DEBUG][2015-11-04 19:43:58,910][com.java.TestType] [ 3654] - sleepTime: 5000
[INFO ][2015-11-04 19:44:03,911][com.java.SeleniumDriver] [  861] -  RESULT true
[INFO ][2015-11-04 19:44:03,911][com.java.SeleniumDriver] [ 1066] - ?   P A S S   ?
[INFO ][2015-11-04 19:44:03,911][com.java.SeleniumDriver] [  788] - ------------------------------------------
[INFO ][2015-11-04 19:44:03,911][com.java.SeleniumDriver] [  789] - Test case being Executed: 11
[INFO ][2015-11-04 19:44:03,911][com.java.SeleniumDriver] [  800] - Test step:30
[INFO ][2015-11-04 19:44:03,911][com.java.SeleniumDriver] [  812] - Datavalue is----------null
[DEBUG][2015-11-04 19:44:03,913][com.java.SeleniumDriver] [  830] - Exception: null
[INFO ][2015-11-04 19:44:03,913][com.java.SeleniumDriver] [  836] - DataField : XPH//span[contains(text(), 'Finished')]
[INFO ][2015-11-04 19:44:03,913][com.java.SeleniumDriver] [  838] - DataValue : 
[INFO ][2015-11-04 19:44:03,913][com.java.SeleniumDriver] [  844] - <In Set values of the page>
[INFO ][2015-11-04 19:44:03,913][com.java.SeleniumDriver] [  847] - {Data Fields & Data Values Exist}
[INFO ][2015-11-04 19:44:03,913][com.java.SeleniumDriver] [  849] - --------------------------setting values-----------------------------
[INFO ][2015-11-04 19:44:03,913][com.java.SeleniumDriver] [  852] - Action Type : Click
[INFO ][2015-11-04 19:44:03,913][com.java.TestType] [ 4063] - Field ::XPH//span[contains(text(), 'Finished')]
[INFO ][2015-11-04 19:44:04,913][com.java.TestType] [ 4122] - BEFORE CLICK
[INFO ][2015-11-04 19:44:13,894][com.java.TestType] [ 4130] - Unable to click the object Finished button
[INFO ][2015-11-04 19:44:13,894][com.java.SeleniumDriver] [  861] -  RESULT true
[INFO ][2015-11-04 19:44:13,894][com.java.SeleniumDriver] [ 1066] - ?   P A S S   ?
[INFO ][2015-11-04 19:44:13,894][com.java.SeleniumDriver] [  788] - ------------------------------------------
[INFO ][2015-11-04 19:44:13,894][com.java.SeleniumDriver] [  789] - Test case being Executed: 11
[INFO ][2015-11-04 19:44:13,894][com.java.SeleniumDriver] [  800] - Test step:31
[INFO ][2015-11-04 19:44:13,894][com.java.SeleniumDriver] [  812] - Datavalue is----------5
[INFO ][2015-11-04 19:44:13,894][com.java.SeleniumDriver] [  836] - DataField : BTNframeDialogContent
[INFO ][2015-11-04 19:44:13,894][com.java.SeleniumDriver] [  838] - DataValue : 5
[INFO ][2015-11-04 19:44:13,894][com.java.SeleniumDriver] [  844] - <In Set values of the page>
[INFO ][2015-11-04 19:44:13,894][com.java.SeleniumDriver] [  847] - {Data Fields & Data Values Exist}
[INFO ][2015-11-04 19:44:13,894][com.java.SeleniumDriver] [  849] - --------------------------setting values-----------------------------
[INFO ][2015-11-04 19:44:13,895][com.java.SeleniumDriver] [  852] - Action Type : WaitForElement
[INFO ][2015-11-04 19:44:15,108][com.java.SeleniumDriver] [  861] -  RESULT true
[INFO ][2015-11-04 19:44:15,108][com.java.SeleniumDriver] [ 1066] - ?   P A S S   ?
[INFO ][2015-11-04 19:44:15,108][com.java.SeleniumDriver] [  788] - ------------------------------------------
[INFO ][2015-11-04 19:44:15,108][com.java.SeleniumDriver] [  789] - Test case being Executed: 11
[INFO ][2015-11-04 19:44:15,108][com.java.SeleniumDriver] [  800] - Test step:32
[INFO ][2015-11-04 19:44:15,108][com.java.SeleniumDriver] [  812] - Datavalue is----------null
[DEBUG][2015-11-04 19:44:15,108][com.java.SeleniumDriver] [  830] - Exception: null
[INFO ][2015-11-04 19:44:15,109][com.java.SeleniumDriver] [  836] - DataField : BTNframeDialogContent
[INFO ][2015-11-04 19:44:15,109][com.java.SeleniumDriver] [  838] - DataValue : 
[INFO ][2015-11-04 19:44:15,109][com.java.SeleniumDriver] [  844] - <In Set values of the page>
[INFO ][2015-11-04 19:44:15,109][com.java.SeleniumDriver] [  847] - {Data Fields & Data Values Exist}
[INFO ][2015-11-04 19:44:15,109][com.java.SeleniumDriver] [  849] - --------------------------setting values-----------------------------
[INFO ][2015-11-04 19:44:15,109][com.java.SeleniumDriver] [  852] - Action Type : SelectFrame
[INFO ][2015-11-04 19:44:16,376][com.java.SeleniumDriver] [  861] -  RESULT true
[INFO ][2015-11-04 19:44:16,376][com.java.SeleniumDriver] [ 1066] - ?   P A S S   ?
[INFO ][2015-11-04 19:44:16,376][com.java.SeleniumDriver] [  788] - ------------------------------------------
[INFO ][2015-11-04 19:44:16,376][com.java.SeleniumDriver] [  789] - Test case being Executed: 11
[INFO ][2015-11-04 19:44:16,376][com.java.SeleniumDriver] [  800] - Test step:33
[INFO ][2015-11-04 19:44:16,376][com.java.SeleniumDriver] [  812] - Datavalue is----------null
[DEBUG][2015-11-04 19:44:16,376][com.java.SeleniumDriver] [  830] - Exception: null
[INFO ][2015-11-04 19:44:16,376][com.java.SeleniumDriver] [  836] - DataField : XPH//table[@id="tblUserListing"]//td[contains(text(),'vltest.robot')]
[INFO ][2015-11-04 19:44:16,376][com.java.SeleniumDriver] [  838] - DataValue : 
[INFO ][2015-11-04 19:44:16,377][com.java.SeleniumDriver] [  844] - <In Set values of the page>
[INFO ][2015-11-04 19:44:16,377][com.java.SeleniumDriver] [  847] - {Data Fields & Data Values Exist}
[INFO ][2015-11-04 19:44:16,377][com.java.SeleniumDriver] [  849] - --------------------------setting values-----------------------------
[INFO ][2015-11-04 19:44:16,377][com.java.SeleniumDriver] [  852] - Action Type : WaitForElement
[INFO ][2015-11-04 19:44:16,443][com.java.SeleniumDriver] [  861] -  RESULT true
[INFO ][2015-11-04 19:44:16,443][com.java.SeleniumDriver] [ 1066] - ?   P A S S   ?
[INFO ][2015-11-04 19:44:16,444][com.java.SeleniumDriver] [  788] - ------------------------------------------
[INFO ][2015-11-04 19:44:16,444][com.java.SeleniumDriver] [  789] - Test case being Executed: 11
[INFO ][2015-11-04 19:44:16,444][com.java.SeleniumDriver] [  800] - Test step:34
[INFO ][2015-11-04 19:44:16,444][com.java.SeleniumDriver] [  812] - Datavalue is----------dt:NewUserName
[INFO ][2015-11-04 19:44:16,444][com.java.SeleniumDriver] [  836] - DataField : USR
[INFO ][2015-11-04 19:44:16,444][com.java.SeleniumDriver] [  838] - DataValue : dt:NewUserName
[INFO ][2015-11-04 19:44:16,444][com.java.SeleniumDriver] [  844] - <In Set values of the page>
[INFO ][2015-11-04 19:44:16,444][com.java.SeleniumDriver] [  847] - {Data Fields & Data Values Exist}
[INFO ][2015-11-04 19:44:16,444][com.java.SeleniumDriver] [  849] - --------------------------setting values-----------------------------
[INFO ][2015-11-04 19:44:16,444][com.java.SeleniumDriver] [  852] - Action Type : Verify
[INFO ][2015-11-04 19:44:16,444][com.java.TestType] [ 4876] - field= USR value= dt:NewUserName
[INFO ][2015-11-04 19:44:16,444][com.java.TestType] [ 3750] - value = vltest.robot
[INFO ][2015-11-04 19:44:16,511][com.java.SeleniumDriver] [  861] -  RESULT true
[INFO ][2015-11-04 19:44:16,512][com.java.SeleniumDriver] [ 1066] - ?   P A S S   ?
[INFO ][2015-11-04 19:44:16,512][com.java.SeleniumDriver] [  788] - ------------------------------------------
[INFO ][2015-11-04 19:44:16,512][com.java.SeleniumDriver] [  789] - Test case being Executed: 11
[INFO ][2015-11-04 19:44:16,512][com.java.SeleniumDriver] [  800] - Test step:35
[INFO ][2015-11-04 19:44:16,512][com.java.SeleniumDriver] [  812] - Datavalue is----------Login_username
[INFO ][2015-11-04 19:44:16,512][com.java.SeleniumDriver] [  836] - DataField : XPH//table[@id="tblUserListing"]//td[contains(text(),'vltest.robot')]
[INFO ][2015-11-04 19:44:16,512][com.java.SeleniumDriver] [  838] - DataValue : Login_username
[INFO ][2015-11-04 19:44:16,512][com.java.SeleniumDriver] [  844] - <In Set values of the page>
[INFO ][2015-11-04 19:44:16,512][com.java.SeleniumDriver] [  847] - {Data Fields & Data Values Exist}
[INFO ][2015-11-04 19:44:16,512][com.java.SeleniumDriver] [  849] - --------------------------setting values-----------------------------
[INFO ][2015-11-04 19:44:16,512][com.java.SeleniumDriver] [  852] - Action Type : STOREVALUE
[INFO ][2015-11-04 19:44:16,512][com.java.TestType] [ 5810] - field= XPH//table[@id="tblUserListing"]//td[contains(text(),'vltest.robot')]
[DEBUG][2015-11-04 19:44:16,624][com.java.TestType] [ 5862] - Key:: Login_username   Value:: vltest.robot.03890
[INFO ][2015-11-04 19:44:16,624][com.java.SeleniumDriver] [  861] -  RESULT true
[INFO ][2015-11-04 19:44:16,624][com.java.SeleniumDriver] [ 1066] - ?   P A S S   ?
[INFO ][2015-11-04 19:44:16,624][com.java.SeleniumDriver] [  788] - ------------------------------------------
[INFO ][2015-11-04 19:44:16,625][com.java.SeleniumDriver] [  789] - Test case being Executed: 11
[INFO ][2015-11-04 19:44:16,625][com.java.SeleniumDriver] [  800] - Test step:36
[INFO ][2015-11-04 19:44:16,625][com.java.SeleniumDriver] [  812] - Datavalue is----------null
[DEBUG][2015-11-04 19:44:16,625][com.java.SeleniumDriver] [  830] - Exception: null
[INFO ][2015-11-04 19:44:16,625][com.java.SeleniumDriver] [  836] - DataField : BTNparent
[INFO ][2015-11-04 19:44:16,625][com.java.SeleniumDriver] [  838] - DataValue : 
[INFO ][2015-11-04 19:44:16,625][com.java.SeleniumDriver] [  844] - <In Set values of the page>
[INFO ][2015-11-04 19:44:16,625][com.java.SeleniumDriver] [  847] - {Data Fields & Data Values Exist}
[INFO ][2015-11-04 19:44:16,625][com.java.SeleniumDriver] [  849] - --------------------------setting values-----------------------------
[INFO ][2015-11-04 19:44:16,625][com.java.SeleniumDriver] [  852] - Action Type : SelectFrame
[INFO ][2015-11-04 19:44:16,638][com.java.SeleniumDriver] [  861] -  RESULT true
[INFO ][2015-11-04 19:44:16,638][com.java.SeleniumDriver] [ 1066] - ?   P A S S   ?
[INFO ][2015-11-04 19:44:16,638][com.java.SeleniumDriver] [  788] - ------------------------------------------
[INFO ][2015-11-04 19:44:16,638][com.java.SeleniumDriver] [  789] - Test case being Executed: 11
[INFO ][2015-11-04 19:44:16,638][com.java.SeleniumDriver] [  800] - Test step:37
[INFO ][2015-11-04 19:44:16,638][com.java.SeleniumDriver] [  812] - Datavalue is----------null
[DEBUG][2015-11-04 19:44:16,638][com.java.SeleniumDriver] [  830] - Exception: null
[INFO ][2015-11-04 19:44:16,638][com.java.SeleniumDriver] [  836] - DataField : XPH//span[contains(text(), 'Finished')]
[INFO ][2015-11-04 19:44:16,638][com.java.SeleniumDriver] [  838] - DataValue : 
[INFO ][2015-11-04 19:44:16,638][com.java.SeleniumDriver] [  844] - <In Set values of the page>
[INFO ][2015-11-04 19:44:16,638][com.java.SeleniumDriver] [  847] - {Data Fields & Data Values Exist}
[INFO ][2015-11-04 19:44:16,638][com.java.SeleniumDriver] [  849] - --------------------------setting values-----------------------------
[INFO ][2015-11-04 19:44:16,638][com.java.SeleniumDriver] [  852] - Action Type : Click
[INFO ][2015-11-04 19:44:16,639][com.java.TestType] [ 4063] - Field ::XPH//span[contains(text(), 'Finished')]
[INFO ][2015-11-04 19:44:17,640][com.java.TestType] [ 4122] - BEFORE CLICK
[INFO ][2015-11-04 19:44:18,769][com.java.TestType] [ 4130] - Unable to click the object Finished button
[INFO ][2015-11-04 19:44:18,769][com.java.SeleniumDriver] [  861] -  RESULT true
[INFO ][2015-11-04 19:44:18,769][com.java.SeleniumDriver] [ 1066] - ?   P A S S   ?
[INFO ][2015-11-04 19:44:18,769][com.java.SeleniumDriver] [  788] - ------------------------------------------
[INFO ][2015-11-04 19:44:18,769][com.java.SeleniumDriver] [  789] - Test case being Executed: 11
[INFO ][2015-11-04 19:44:18,769][com.java.SeleniumDriver] [  800] - Test step:38
[INFO ][2015-11-04 19:44:18,769][com.java.SeleniumDriver] [  812] - Datavalue is----------Concept#3:1-2
[INFO ][2015-11-04 19:44:18,769][com.java.SeleniumDriver] [  836] - DataField : test
[INFO ][2015-11-04 19:44:18,769][com.java.SeleniumDriver] [  838] - DataValue : Concept#3:1-2
[INFO ][2015-11-04 19:44:18,769][com.java.SeleniumDriver] [  844] - <In Set values of the page>
[INFO ][2015-11-04 19:44:18,769][com.java.SeleniumDriver] [  847] - {Data Fields & Data Values Exist}
[INFO ][2015-11-04 19:44:18,769][com.java.SeleniumDriver] [  849] - --------------------------setting values-----------------------------
[INFO ][2015-11-04 19:44:18,770][com.java.SeleniumDriver] [  852] - Action Type : ExecuteTestCase
[INFO ][2015-11-04 19:44:18,770][com.java.TestType] [  411] - The Concept sheet name is ---------- Concept
[INFO ][2015-11-04 19:44:18,770][com.java.TestType] [  414] - The Concept ID  is ---------- 3
[DEBUG][2015-11-04 19:44:18,770][com.java.TestType] [  418] - Steps being executted in the Concept are: 1:2
[INFO ][2015-11-04 19:44:18,770][com.java.TestType] [  425] - Test data details path ---------- D:\BankersDashboard\TestInputs\TestData.xls
[INFO ][2015-11-04 19:44:18,802][com.java.TestType] [  456] -  str(1) = 3
[INFO ][2015-11-04 19:44:18,802][com.java.TestType] [  459] - Test case Id is---3
[INFO ][2015-11-04 19:44:18,802][com.java.TestType] [  461] - 3
[INFO ][2015-11-04 19:44:18,802][com.java.TestType] [  456] -  str(2) = 1
[INFO ][2015-11-04 19:44:18,803][com.java.TestType] [  508] - row values are--------{1=com.java.Objects.TestDataDetails@102293a}
[INFO ][2015-11-04 19:44:18,803][com.java.TestType] [  456] -  str(1) = 3
[INFO ][2015-11-04 19:44:18,803][com.java.TestType] [  459] - Test case Id is---3
[INFO ][2015-11-04 19:44:18,804][com.java.TestType] [  461] - 3
[INFO ][2015-11-04 19:44:18,804][com.java.TestType] [  456] -  str(2) = 2
[INFO ][2015-11-04 19:44:18,804][com.java.TestType] [  508] - row values are--------{1=com.java.Objects.TestDataDetails@102293a, 2=com.java.Objects.TestDataDetails@1925ff1}
[INFO ][2015-11-04 19:44:18,804][com.java.TestType] [ 7899] - Looping 1TCID = 3
[DEBUG][2015-11-04 19:44:18,804][com.java.TestType] [ 7940] - Concept ID:3 :: Step being Executed: 3::1
[INFO ][2015-11-04 19:44:18,805][com.java.TestType] [ 7978] - dataFields : test
[DEBUG][2015-11-04 19:44:18,805][com.java.TestType] [ 7984] - <In Set values of the page>
[DEBUG][2015-11-04 19:44:18,805][com.java.TestType] [ 7989] - {Data Fields & Data Values Exist}
[INFO ][2015-11-04 19:44:18,805][com.java.TestType] [ 7995] - --------------------------setting values-----------------------------
[INFO ][2015-11-04 19:44:18,805][com.java.TestType] [ 7998] - Action Type : Logout
[INFO ][2015-11-04 19:44:45,459][com.java.TestType] [ 4063] - Field ::CNF
[ERROR][2015-11-04 19:44:46,576][com.java.TestType] [ 4296] - Exception in click:: No alert is active (WARNING: The server did not provide any stacktrace information)
Command duration or timeout: 112 milliseconds
Build info: version: '2.48.2', revision: '41bccdd', time: '2015-10-09 19:59:12'
System info: host: 'FVTIII438F1D', ip: '172.17.68.34', os.name: 'Windows 7', os.arch: 'x86', os.version: '6.1', java.version: '1.7.0_55'
Session ID: 096ab84f-84a9-41d2-9f3d-16d39181f5a2
Driver info: org.openqa.selenium.ie.InternetExplorerDriver
Capabilities [{platform=WINDOWS, javascriptEnabled=true, elementScrollBehavior=0, ignoreZoomSetting=false, enablePersistentHover=true, ie.ensureCleanSession=false, browserName=internet explorer, enableElementCacheCleanup=true, unexpectedAlertBehaviour=dismiss, version=11, ie.usePerProcessProxy=false, ignoreProtectedModeSettings=true, cssSelectorsEnabled=true, requireWindowFocus=false, initialBrowserUrl=http://localhost:40689/, handlesAlerts=true, ie.forceCreateProcessApi=false, nativeEvents=true, browserAttachTimeout=0, ie.browserCommandLineSwitches=, takesScreenshot=true}]
[INFO ][2015-11-04 19:44:46,577][com.java.TestType] [ 4300] - Element :::: not found
[INFO ][2015-11-04 19:48:27,218][com.java.TestType] [ 8017] -  RESULT false
[INFO ][2015-11-04 19:48:27,219][com.java.TestType] [ 8055] - ?   F A I L   ?
[DEBUG][2015-11-04 19:48:27,219][com.java.TestType] [ 8058] - Browser Type : IE11
[INFO ][2015-11-04 19:48:27,224][com.java.SeleniumDriver] [  861] -  RESULT false
[INFO ][2015-11-04 19:48:27,224][com.java.SeleniumDriver] [  908] - ?   F A I L   ?
[INFO ][2015-11-04 19:48:27,224][com.java.SeleniumDriver] [  916] - Browser Type : IE11
[INFO ][2015-11-04 19:48:27,224][com.java.SeleniumDriver] [  917] - Adding Failed case11
[WARN ][2015-11-04 19:48:27,248][com.java.SeleniumDriver] [  976] - Source 'D:\BankersDashboard\TestReports\110415' exists but is a directory
[INFO ][2015-11-04 19:48:27,248][com.java.SeleniumDriver] [ 1030] - failedCases = 11
[ERROR][2015-11-04 19:48:27,248][com.java.SeleniumDriver] [ 1516] - Platform Errors : Our apologies...::We have encountered an issue with your request.::Our apologies?:We encountered an issue with your request.
[INFO ][2015-11-04 19:48:27,248][com.java.SeleniumDriver] [ 1520] - Length =3
[ERROR][2015-11-04 19:48:27,249][com.java.SeleniumDriver] [ 1523] - Error 0 = Our apologies...
[DEBUG][2015-11-04 19:48:27,261][com.java.SeleniumDriver] [ 1536] - Unable to get the Platform Error list from Hash Map.
[ERROR][2015-11-04 19:48:27,261][com.java.SeleniumDriver] [  270] - Browser crashed. Opening new browser with same capabilities
[ERROR][2015-11-04 19:48:27,262][com.java.SeleniumDriver] [  271] - Error:
java.lang.NullPointerException
	at com.java.SeleniumDriver.testInitiation(SeleniumDriver.java:1124)
	at com.java.SeleniumDriver.setup(SeleniumDriver.java:255)
	at com.java.ExecuteThread.run(CreateClient.java:688)
	at java.lang.Thread.run(Thread.java:745)
[DEBUG][2015-11-04 19:48:28,485][com.java.SeleniumDriver] [  425] - Hub ip address is-------172.17.68.34
[INFO ][2015-11-04 19:48:28,485][com.java.SeleniumDriver] [  451] - Grid URL:http://172.17.68.34:4444/wd/hub
[INFO ][2015-11-04 19:48:28,485][com.java.SeleniumDriver] [  452] - Capability:Capabilities [{platform=ANY, ensureCleanSession=true, ignoreProtectedModeSettings=true, acceptSslCerts=true, ignoreZoomSetting=true, browserName=internet explorer, browserstack.ie.noFlash=true, version=Node1}]
[ERROR][2015-11-04 19:48:29,493][com.java.SeleniumDriver] [  496] - Unable invoke browser in grid:Could not start a new session. Possible causes are invalid address of the remote server or browser start-up failure.
Build info: version: '2.48.2', revision: '41bccdd', time: '2015-10-09 19:59:12'
System info: host: 'FVTIII438F1D', ip: '172.17.68.34', os.name: 'Windows 7', os.arch: 'x86', os.version: '6.1', java.version: '1.7.0_55'
Driver info: driver.version: SeleniumDriver
[INFO ][2015-11-04 19:48:29,493][com.java.SeleniumDriver] [  498] - Executing on local machine
[INFO ][2015-11-04 19:48:38,643][com.java.SeleniumDriver] [  752] - Test cases to be executed are: [1, 11]
[INFO ][2015-11-04 19:48:40,644][com.java.SeleniumDriver] [ 1297] - Total Number of Cases:2
[INFO ][2015-11-04 19:48:40,644][com.java.TemplateGenerator] [  302] - Executed:1
[INFO ][2015-11-04 19:48:40,644][com.java.TemplateGenerator] [  303] - Passed:1
[INFO ][2015-11-04 19:48:40,644][com.java.TemplateGenerator] [  304] - Failed:0
[INFO ][2015-11-04 19:48:40,644][com.java.TemplateGenerator] [  305] - Skipeed:1
[INFO ][2015-11-04 19:48:40,644][com.java.TemplateGenerator] [  306] - Application URL:https://clients-xuat.bankersdashboard.com
[INFO ][2015-11-04 19:48:40,644][com.java.TemplateGenerator] [  307] - Start Time:110415_194049
[INFO ][2015-11-04 19:48:40,644][com.java.TemplateGenerator] [  308] -  Creating HTML Report 
[ERROR][2015-11-04 19:48:40,647][com.java.TemplateGenerator] [  409] - Unparseable date: "Wed Nov 04 07:40:49 IST 2015"
[INFO ][2015-11-04 19:48:40,647][com.java.TemplateGenerator] [  654] -  Exporting case :: 1
[INFO ][2015-11-04 19:48:40,647][com.java.TemplateGenerator] [  654] -  Exporting case :: 11
[ERROR][2015-11-04 19:48:40,647][com.java.TemplateGenerator] [  693] -   Exception while exporting Cases to HTML
[ERROR][2015-11-04 19:48:40,647][com.java.TemplateGenerator] [  694] - 
[INFO ][2015-11-04 19:48:40,653][com.java.SeleniumDriver] [ 1346] - End Time:110415_194840
[INFO ][2015-11-04 19:48:40,655][com.java.SeleniumDriver] [ 1349] - Data in Test Execution Details:{1=PASS, 11=FAILTest case failed at Step No. :: 38   Error Message ::  In CONCEPT: Test case failed at Step No. :: 1   Error Message ::  Failed to logout from applicaiton}
[INFO ][2015-11-04 19:48:40,655][com.java.SeleniumDriver] [ 1350] - Data in Failed Execution Deatils:{}
[INFO ][2015-11-04 19:48:40,655][com.java.SeleniumDriver] [ 1352] - ReportCounter:Total:1 :: PASS: 1 ::FAIL: 0
[INFO ][2015-11-04 19:48:40,655][com.java.SeleniumDriver] [ 1353] - FailedReportCounter:Total:0 :: PASS: 0 ::FAIL: 0
[INFO ][2015-11-04 19:48:40,663][com.java.EmailTestReport] [   63] - Sending report mail details:
[INFO ][2015-11-04 19:48:40,663][com.java.EmailTestReport] [   80] - Excel Report Path:D:\BankersDashboard/TestReports/Test Results_BankersDashBoard_110415_194049_IE11_Simmons First National Bank.xls
[INFO ][2015-11-04 19:48:40,663][com.java.EmailTestReport] [   81] - HTML Report Path:D:\BankersDashboard//TestReports//Test Results_BankersDashBoard_110415_194049_IE11_Simmons First National Bank.html
[INFO ][2015-11-04 19:48:40,663][com.java.EmailTestReport] [   82] - smtpHostName:mail01.valuelabs.com
[INFO ][2015-11-04 19:48:40,663][com.java.EmailTestReport] [   83] - Recipient:venkateswararao.gubbala@valuelabs.com
[INFO ][2015-11-04 19:48:40,664][com.java.EmailTestReport] [   84] - From:venkateswararao.gubbala@valuelabs.com
[INFO ][2015-11-04 19:48:40,664][com.java.EmailTestReport] [   85] - Subject:Deluxe Corp Bankers Dashboard Automation Test Report - Simmons First National Bank - IE11
[INFO ][2015-11-04 19:48:40,679][com.java.EmailTestReport] [  143] -  Added venkateswararao.gubbala@valuelabs.com
[INFO ][2015-11-04 19:48:44,100][com.java.SeleniumDriver] [  719] - quitting the browser 
[INFO ][2015-11-04 19:48:45,220][com.java.SeleniumDriver] [  286] - Execution Completed Stopping the thread, (Additional info Browser got crashed in the the total execution)
