[INFO ][2015-11-09 18:56:27,837][com.java.SeleniumDriver] [  213] - Execute Failed Casesfalse
[INFO ][2015-11-09 18:56:27,837][com.java.SeleniumDriver] [  214] - Browser: IE11
[INFO ][2015-11-09 18:56:27,837][com.java.SeleniumDriver] [  215] - [1, 3]
[INFO ][2015-11-09 18:56:27,837][com.java.SeleniumDriver] [  216] - Total TestCases:2
[INFO ][2015-11-09 18:56:27,837][com.java.SeleniumDriver] [  217] -  Reading Properties from Property File 
[DEBUG][2015-11-09 18:56:27,837][com.java.SeleniumDriver] [  238] - url : https://clients-xuat.bankersdashboard.com
[INFO ][2015-11-09 18:56:27,847][com.java.ImportnExport.ExportTestResultsExcel] [  116] - Time Stamp Mon Nov 09 06:56:27 IST 2015
[INFO ][2015-11-09 18:56:27,847][com.java.ImportnExport.ExportTestResultsExcel] [  175] - OUT FILE : D:\BankersDashboard/TestReports/Test Results_BankersDashBoard_110915_185627_IE11_Simmons First National Bank.xls
[INFO ][2015-11-09 18:56:27,868][com.java.ImportnExport.ExportTestResultsExcel] [  180] - Test Result file is created
[DEBUG][2015-11-09 18:56:27,968][com.java.SeleniumDriver] [  425] - Hub ip address is-------172.17.68.34
[INFO ][2015-11-09 18:56:27,968][com.java.SeleniumDriver] [  451] - Grid URL:http://172.17.68.34:4444/wd/hub
[INFO ][2015-11-09 18:56:27,968][com.java.SeleniumDriver] [  452] - Capability:Capabilities [{platform=ANY, ensureCleanSession=true, ignoreProtectedModeSettings=true, acceptSslCerts=true, ignoreZoomSetting=true, browserName=internet explorer, browserstack.ie.noFlash=true, version=Node1}]
[ERROR][2015-11-09 18:56:29,258][com.java.SeleniumDriver] [  496] - Unable invoke browser in grid:Could not start a new session. Possible causes are invalid address of the remote server or browser start-up failure.
Build info: version: '2.48.2', revision: '41bccdd', time: '2015-10-09 19:59:12'
System info: host: 'FVTIII438F1D', ip: '172.17.68.34', os.name: 'Windows 7', os.arch: 'x86', os.version: '6.1', java.version: '1.7.0_55'
Driver info: driver.version: SeleniumDriver
[INFO ][2015-11-09 18:56:29,258][com.java.SeleniumDriver] [  498] - Executing on local machine
[INFO ][2015-11-09 18:56:38,832][com.java.SeleniumDriver] [  248] - IE11is opened
[INFO ][2015-11-09 18:56:39,462][com.java.SeleniumDriver] [  752] - Test cases to be executed are: [1, 3]
[INFO ][2015-11-09 18:56:39,462][com.java.ImportnExport.ImportTestDataDetailsExcel] [   49] - test data details path===== D:\BankersDashboard\TestInputs\TestData.xls
[INFO ][2015-11-09 18:56:50,578][com.java.SeleniumDriver] [  788] - ------------------------------------------
[INFO ][2015-11-09 18:56:50,578][com.java.SeleniumDriver] [  789] - Test case being Executed: 1
[INFO ][2015-11-09 18:56:50,579][com.java.SeleniumDriver] [  800] - Test step:1
[INFO ][2015-11-09 18:56:50,579][com.java.SeleniumDriver] [  812] - Datavalue is----------Concept#1:1-14
[INFO ][2015-11-09 18:56:50,579][com.java.SeleniumDriver] [  836] - DataField : test
[INFO ][2015-11-09 18:56:50,579][com.java.SeleniumDriver] [  838] - DataValue : Concept#1:1-14
[INFO ][2015-11-09 18:56:50,579][com.java.SeleniumDriver] [  844] - <In Set values of the page>
[INFO ][2015-11-09 18:56:50,579][com.java.SeleniumDriver] [  847] - {Data Fields & Data Values Exist}
[INFO ][2015-11-09 18:56:50,579][com.java.SeleniumDriver] [  849] - --------------------------setting values-----------------------------
[INFO ][2015-11-09 18:56:50,579][com.java.SeleniumDriver] [  852] - Action Type : ExecuteTestCase
[INFO ][2015-11-09 18:56:50,609][com.java.TestType] [  422] - The Concept sheet name is ---------- Concept
[INFO ][2015-11-09 18:56:50,609][com.java.TestType] [  425] - The Concept ID  is ---------- 1
[DEBUG][2015-11-09 18:56:50,609][com.java.TestType] [  429] - Steps being executted in the Concept are: 1:14
[INFO ][2015-11-09 18:56:50,609][com.java.TestType] [  436] - Test data details path ---------- D:\BankersDashboard\TestInputs\TestData.xls
[INFO ][2015-11-09 18:56:50,639][com.java.TestType] [  467] -  str(1) = 1
[INFO ][2015-11-09 18:56:50,639][com.java.TestType] [  470] - Test case Id is---1
[INFO ][2015-11-09 18:56:50,639][com.java.TestType] [  472] - 1
[INFO ][2015-11-09 18:56:50,639][com.java.TestType] [  467] -  str(2) = 1
[INFO ][2015-11-09 18:56:50,649][com.java.TestType] [  519] - row values are--------{1=com.java.Objects.TestDataDetails@5a7006}
[INFO ][2015-11-09 18:56:50,649][com.java.TestType] [  467] -  str(1) = 1
[INFO ][2015-11-09 18:56:50,649][com.java.TestType] [  470] - Test case Id is---1
[INFO ][2015-11-09 18:56:50,649][com.java.TestType] [  472] - 1
[INFO ][2015-11-09 18:56:50,649][com.java.TestType] [  467] -  str(2) = 2
[INFO ][2015-11-09 18:56:50,649][com.java.TestType] [  519] - row values are--------{1=com.java.Objects.TestDataDetails@5a7006, 2=com.java.Objects.TestDataDetails@9676fc}
[INFO ][2015-11-09 18:56:50,649][com.java.TestType] [  467] -  str(1) = 1
[INFO ][2015-11-09 18:56:50,649][com.java.TestType] [  470] - Test case Id is---1
[INFO ][2015-11-09 18:56:50,649][com.java.TestType] [  472] - 1
[INFO ][2015-11-09 18:56:50,649][com.java.TestType] [  467] -  str(2) = 3
[INFO ][2015-11-09 18:56:50,649][com.java.TestType] [  519] - row values are--------{1=com.java.Objects.TestDataDetails@5a7006, 2=com.java.Objects.TestDataDetails@9676fc, 3=com.java.Objects.TestDataDetails@11c7571}
[INFO ][2015-11-09 18:56:50,649][com.java.TestType] [  467] -  str(1) = 1
[INFO ][2015-11-09 18:56:50,649][com.java.TestType] [  470] - Test case Id is---1
[INFO ][2015-11-09 18:56:50,649][com.java.TestType] [  472] - 1
[INFO ][2015-11-09 18:56:50,649][com.java.TestType] [  467] -  str(2) = 4
[INFO ][2015-11-09 18:56:50,649][com.java.TestType] [  519] - row values are--------{1=com.java.Objects.TestDataDetails@5a7006, 2=com.java.Objects.TestDataDetails@9676fc, 3=com.java.Objects.TestDataDetails@11c7571, 4=com.java.Objects.TestDataDetails@a68bf1}
[INFO ][2015-11-09 18:56:50,649][com.java.TestType] [  467] -  str(1) = 1
[INFO ][2015-11-09 18:56:50,649][com.java.TestType] [  470] - Test case Id is---1
[INFO ][2015-11-09 18:56:50,649][com.java.TestType] [  472] - 1
[INFO ][2015-11-09 18:56:50,649][com.java.TestType] [  467] -  str(2) = 5
[INFO ][2015-11-09 18:56:50,649][com.java.TestType] [  519] - row values are--------{1=com.java.Objects.TestDataDetails@5a7006, 2=com.java.Objects.TestDataDetails@9676fc, 3=com.java.Objects.TestDataDetails@11c7571, 4=com.java.Objects.TestDataDetails@a68bf1, 5=com.java.Objects.TestDataDetails@1137c6}
[INFO ][2015-11-09 18:56:50,649][com.java.TestType] [  467] -  str(1) = 1
[INFO ][2015-11-09 18:56:50,649][com.java.TestType] [  470] - Test case Id is---1
[INFO ][2015-11-09 18:56:50,649][com.java.TestType] [  472] - 1
[INFO ][2015-11-09 18:56:50,649][com.java.TestType] [  467] -  str(2) = 6
[INFO ][2015-11-09 18:56:50,659][com.java.TestType] [  519] - row values are--------{1=com.java.Objects.TestDataDetails@5a7006, 2=com.java.Objects.TestDataDetails@9676fc, 3=com.java.Objects.TestDataDetails@11c7571, 4=com.java.Objects.TestDataDetails@a68bf1, 5=com.java.Objects.TestDataDetails@1137c6, 6=com.java.Objects.TestDataDetails@edb374}
[INFO ][2015-11-09 18:56:50,659][com.java.TestType] [  467] -  str(1) = 1
[INFO ][2015-11-09 18:56:50,659][com.java.TestType] [  470] - Test case Id is---1
[INFO ][2015-11-09 18:56:50,659][com.java.TestType] [  472] - 1
[INFO ][2015-11-09 18:56:50,659][com.java.TestType] [  467] -  str(2) = 7
[INFO ][2015-11-09 18:56:50,659][com.java.TestType] [  519] - row values are--------{1=com.java.Objects.TestDataDetails@5a7006, 2=com.java.Objects.TestDataDetails@9676fc, 3=com.java.Objects.TestDataDetails@11c7571, 4=com.java.Objects.TestDataDetails@a68bf1, 5=com.java.Objects.TestDataDetails@1137c6, 6=com.java.Objects.TestDataDetails@edb374, 7=com.java.Objects.TestDataDetails@116cf35}
[INFO ][2015-11-09 18:56:50,659][com.java.TestType] [  467] -  str(1) = 1
[INFO ][2015-11-09 18:56:50,659][com.java.TestType] [  470] - Test case Id is---1
[INFO ][2015-11-09 18:56:50,659][com.java.TestType] [  472] - 1
[INFO ][2015-11-09 18:56:50,659][com.java.TestType] [  467] -  str(2) = 8
[INFO ][2015-11-09 18:56:50,659][com.java.TestType] [  519] - row values are--------{1=com.java.Objects.TestDataDetails@5a7006, 2=com.java.Objects.TestDataDetails@9676fc, 3=com.java.Objects.TestDataDetails@11c7571, 4=com.java.Objects.TestDataDetails@a68bf1, 5=com.java.Objects.TestDataDetails@1137c6, 6=com.java.Objects.TestDataDetails@edb374, 7=com.java.Objects.TestDataDetails@116cf35, 8=com.java.Objects.TestDataDetails@1c00fa9}
[INFO ][2015-11-09 18:56:50,659][com.java.TestType] [  467] -  str(1) = 1
[INFO ][2015-11-09 18:56:50,659][com.java.TestType] [  470] - Test case Id is---1
[INFO ][2015-11-09 18:56:50,659][com.java.TestType] [  472] - 1
[INFO ][2015-11-09 18:56:50,659][com.java.TestType] [  467] -  str(2) = 9
[INFO ][2015-11-09 18:56:50,659][com.java.TestType] [  519] - row values are--------{1=com.java.Objects.TestDataDetails@5a7006, 2=com.java.Objects.TestDataDetails@9676fc, 3=com.java.Objects.TestDataDetails@11c7571, 4=com.java.Objects.TestDataDetails@a68bf1, 5=com.java.Objects.TestDataDetails@1137c6, 6=com.java.Objects.TestDataDetails@edb374, 7=com.java.Objects.TestDataDetails@116cf35, 8=com.java.Objects.TestDataDetails@1c00fa9, 9=com.java.Objects.TestDataDetails@1600a0c}
[INFO ][2015-11-09 18:56:50,659][com.java.TestType] [  467] -  str(1) = 1
[INFO ][2015-11-09 18:56:50,659][com.java.TestType] [  470] - Test case Id is---1
[INFO ][2015-11-09 18:56:50,659][com.java.TestType] [  472] - 1
[INFO ][2015-11-09 18:56:50,659][com.java.TestType] [  467] -  str(2) = 10
[INFO ][2015-11-09 18:56:50,659][com.java.TestType] [  519] - row values are--------{1=com.java.Objects.TestDataDetails@5a7006, 2=com.java.Objects.TestDataDetails@9676fc, 3=com.java.Objects.TestDataDetails@11c7571, 4=com.java.Objects.TestDataDetails@a68bf1, 5=com.java.Objects.TestDataDetails@1137c6, 6=com.java.Objects.TestDataDetails@edb374, 7=com.java.Objects.TestDataDetails@116cf35, 8=com.java.Objects.TestDataDetails@1c00fa9, 9=com.java.Objects.TestDataDetails@1600a0c, 10=com.java.Objects.TestDataDetails@14e5cfa}
[INFO ][2015-11-09 18:56:50,659][com.java.TestType] [  467] -  str(1) = 1
[INFO ][2015-11-09 18:56:50,659][com.java.TestType] [  470] - Test case Id is---1
[INFO ][2015-11-09 18:56:50,659][com.java.TestType] [  472] - 1
[INFO ][2015-11-09 18:56:50,659][com.java.TestType] [  467] -  str(2) = 11
[INFO ][2015-11-09 18:56:50,659][com.java.TestType] [  519] - row values are--------{1=com.java.Objects.TestDataDetails@5a7006, 2=com.java.Objects.TestDataDetails@9676fc, 3=com.java.Objects.TestDataDetails@11c7571, 4=com.java.Objects.TestDataDetails@a68bf1, 5=com.java.Objects.TestDataDetails@1137c6, 6=com.java.Objects.TestDataDetails@edb374, 7=com.java.Objects.TestDataDetails@116cf35, 8=com.java.Objects.TestDataDetails@1c00fa9, 9=com.java.Objects.TestDataDetails@1600a0c, 10=com.java.Objects.TestDataDetails@14e5cfa, 11=com.java.Objects.TestDataDetails@ef3d21}
[INFO ][2015-11-09 18:56:50,659][com.java.TestType] [  467] -  str(1) = 1
[INFO ][2015-11-09 18:56:50,659][com.java.TestType] [  470] - Test case Id is---1
[INFO ][2015-11-09 18:56:50,659][com.java.TestType] [  472] - 1
[INFO ][2015-11-09 18:56:50,659][com.java.TestType] [  467] -  str(2) = 12
[INFO ][2015-11-09 18:56:50,669][com.java.TestType] [  519] - row values are--------{1=com.java.Objects.TestDataDetails@5a7006, 2=com.java.Objects.TestDataDetails@9676fc, 3=com.java.Objects.TestDataDetails@11c7571, 4=com.java.Objects.TestDataDetails@a68bf1, 5=com.java.Objects.TestDataDetails@1137c6, 6=com.java.Objects.TestDataDetails@edb374, 7=com.java.Objects.TestDataDetails@116cf35, 8=com.java.Objects.TestDataDetails@1c00fa9, 9=com.java.Objects.TestDataDetails@1600a0c, 10=com.java.Objects.TestDataDetails@14e5cfa, 11=com.java.Objects.TestDataDetails@ef3d21, 12=com.java.Objects.TestDataDetails@1195903}
[INFO ][2015-11-09 18:56:50,669][com.java.TestType] [  467] -  str(1) = 1
[INFO ][2015-11-09 18:56:50,669][com.java.TestType] [  470] - Test case Id is---1
[INFO ][2015-11-09 18:56:50,669][com.java.TestType] [  472] - 1
[INFO ][2015-11-09 18:56:50,669][com.java.TestType] [  467] -  str(2) = 13
[INFO ][2015-11-09 18:56:50,669][com.java.TestType] [  519] - row values are--------{1=com.java.Objects.TestDataDetails@5a7006, 2=com.java.Objects.TestDataDetails@9676fc, 3=com.java.Objects.TestDataDetails@11c7571, 4=com.java.Objects.TestDataDetails@a68bf1, 5=com.java.Objects.TestDataDetails@1137c6, 6=com.java.Objects.TestDataDetails@edb374, 7=com.java.Objects.TestDataDetails@116cf35, 8=com.java.Objects.TestDataDetails@1c00fa9, 9=com.java.Objects.TestDataDetails@1600a0c, 10=com.java.Objects.TestDataDetails@14e5cfa, 11=com.java.Objects.TestDataDetails@ef3d21, 12=com.java.Objects.TestDataDetails@1195903, 13=com.java.Objects.TestDataDetails@9cce04}
[INFO ][2015-11-09 18:56:50,669][com.java.TestType] [  467] -  str(1) = 1
[INFO ][2015-11-09 18:56:50,669][com.java.TestType] [  470] - Test case Id is---1
[INFO ][2015-11-09 18:56:50,669][com.java.TestType] [  472] - 1
[INFO ][2015-11-09 18:56:50,669][com.java.TestType] [  467] -  str(2) = 14
[INFO ][2015-11-09 18:56:50,669][com.java.TestType] [  519] - row values are--------{1=com.java.Objects.TestDataDetails@5a7006, 2=com.java.Objects.TestDataDetails@9676fc, 3=com.java.Objects.TestDataDetails@11c7571, 4=com.java.Objects.TestDataDetails@a68bf1, 5=com.java.Objects.TestDataDetails@1137c6, 6=com.java.Objects.TestDataDetails@edb374, 7=com.java.Objects.TestDataDetails@116cf35, 8=com.java.Objects.TestDataDetails@1c00fa9, 9=com.java.Objects.TestDataDetails@1600a0c, 10=com.java.Objects.TestDataDetails@14e5cfa, 11=com.java.Objects.TestDataDetails@ef3d21, 12=com.java.Objects.TestDataDetails@1195903, 13=com.java.Objects.TestDataDetails@9cce04, 14=com.java.Objects.TestDataDetails@6db04e}
[INFO ][2015-11-09 18:56:50,669][com.java.TestType] [ 8258] - Looping 1TCID = 1
[DEBUG][2015-11-09 18:56:50,669][com.java.TestType] [ 8299] - Concept ID:1 :: Step being Executed: 1::1
[INFO ][2015-11-09 18:56:50,669][com.java.TestType] [ 8337] - dataFields : TXTusername
[DEBUG][2015-11-09 18:56:50,669][com.java.TestType] [ 8343] - <In Set values of the page>
[DEBUG][2015-11-09 18:56:50,669][com.java.TestType] [ 8348] - {Data Fields & Data Values Exist}
[INFO ][2015-11-09 18:56:50,669][com.java.TestType] [ 8354] - --------------------------setting values-----------------------------
[INFO ][2015-11-09 18:56:50,669][com.java.TestType] [ 8357] - Action Type : CLEARANDENTER
[INFO ][2015-11-09 18:56:50,669][com.java.TestType] [ 4108] - value = valuelabs.ie11.03890
[INFO ][2015-11-09 18:56:55,565][com.java.TestType] [ 8376] -  RESULT true
[INFO ][2015-11-09 18:56:55,565][com.java.TestType] [ 8493] - ?   P A S S   ?
[DEBUG][2015-11-09 18:56:55,565][com.java.TestType] [ 8299] - Concept ID:1 :: Step being Executed: 1::2
[INFO ][2015-11-09 18:56:55,565][com.java.TestType] [ 8337] - dataFields : TXTpassword
[DEBUG][2015-11-09 18:56:55,565][com.java.TestType] [ 8343] - <In Set values of the page>
[DEBUG][2015-11-09 18:56:55,565][com.java.TestType] [ 8348] - {Data Fields & Data Values Exist}
[INFO ][2015-11-09 18:56:55,565][com.java.TestType] [ 8354] - --------------------------setting values-----------------------------
[INFO ][2015-11-09 18:56:55,565][com.java.TestType] [ 8357] - Action Type : CLEARANDENTER
[INFO ][2015-11-09 18:56:55,565][com.java.TestType] [ 4108] - value = Password1*
[INFO ][2015-11-09 18:57:00,527][com.java.TestType] [ 8376] -  RESULT true
[INFO ][2015-11-09 18:57:00,527][com.java.TestType] [ 8493] - ?   P A S S   ?
[DEBUG][2015-11-09 18:57:00,527][com.java.TestType] [ 8299] - Concept ID:1 :: Step being Executed: 1::3
[ERROR][2015-11-09 18:57:00,527][com.java.TestType] [ 8332] - Exception: null
[INFO ][2015-11-09 18:57:00,527][com.java.TestType] [ 8337] - dataFields : XPH//button[@type='submit']
[DEBUG][2015-11-09 18:57:00,527][com.java.TestType] [ 8343] - <In Set values of the page>
[DEBUG][2015-11-09 18:57:00,527][com.java.TestType] [ 8348] - {Data Fields & Data Values Exist}
[INFO ][2015-11-09 18:57:00,527][com.java.TestType] [ 8354] - --------------------------setting values-----------------------------
[INFO ][2015-11-09 18:57:00,527][com.java.TestType] [ 8357] - Action Type : Click
[INFO ][2015-11-09 18:57:00,527][com.java.TestType] [ 4421] - Field ::XPH//button[@type='submit']
[INFO ][2015-11-09 18:57:01,527][com.java.TestType] [ 4480] - BEFORE CLICK
[INFO ][2015-11-09 18:57:02,394][com.java.TestType] [ 4488] - Unable to click the object Login
[INFO ][2015-11-09 18:57:02,394][com.java.TestType] [ 8376] -  RESULT true
[INFO ][2015-11-09 18:57:02,394][com.java.TestType] [ 8493] - ?   P A S S   ?
[DEBUG][2015-11-09 18:57:02,394][com.java.TestType] [ 8299] - Concept ID:1 :: Step being Executed: 1::4
[INFO ][2015-11-09 18:57:02,394][com.java.TestType] [ 8337] - dataFields : LNKLogout
[DEBUG][2015-11-09 18:57:02,394][com.java.TestType] [ 8343] - <In Set values of the page>
[DEBUG][2015-11-09 18:57:02,394][com.java.TestType] [ 8348] - {Data Fields & Data Values Exist}
[INFO ][2015-11-09 18:57:02,394][com.java.TestType] [ 8354] - --------------------------setting values-----------------------------
[INFO ][2015-11-09 18:57:02,394][com.java.TestType] [ 8357] - Action Type : WaitForElement
[INFO ][2015-11-09 18:57:17,544][com.java.TestType] [ 8376] -  RESULT true
[INFO ][2015-11-09 18:57:17,544][com.java.TestType] [ 8493] - ?   P A S S   ?
[DEBUG][2015-11-09 18:57:17,544][com.java.TestType] [ 8299] - Concept ID:1 :: Step being Executed: 1::13
[INFO ][2015-11-09 18:57:17,544][com.java.TestType] [ 8337] - dataFields : LNK
[DEBUG][2015-11-09 18:57:17,544][com.java.TestType] [ 8343] - <In Set values of the page>
[DEBUG][2015-11-09 18:57:17,544][com.java.TestType] [ 8348] - {Data Fields & Data Values Exist}
[INFO ][2015-11-09 18:57:17,544][com.java.TestType] [ 8354] - --------------------------setting values-----------------------------
[INFO ][2015-11-09 18:57:17,544][com.java.TestType] [ 8357] - Action Type : Verify
[INFO ][2015-11-09 18:57:17,544][com.java.TestType] [ 5234] - field= LNK value= Logout
[INFO ][2015-11-09 18:57:17,544][com.java.TestType] [ 4108] - value = Logout
[INFO ][2015-11-09 18:57:17,575][com.java.TestType] [ 8376] -  RESULT true
[INFO ][2015-11-09 18:57:17,575][com.java.TestType] [ 8493] - ?   P A S S   ?
[DEBUG][2015-11-09 18:57:17,575][com.java.TestType] [ 8299] - Concept ID:1 :: Step being Executed: 1::14
[INFO ][2015-11-09 18:57:17,575][com.java.TestType] [ 8337] - dataFields : BTN
[DEBUG][2015-11-09 18:57:17,575][com.java.TestType] [ 8343] - <In Set values of the page>
[DEBUG][2015-11-09 18:57:17,575][com.java.TestType] [ 8348] - {Data Fields & Data Values Exist}
[INFO ][2015-11-09 18:57:17,575][com.java.TestType] [ 8354] - --------------------------setting values-----------------------------
[INFO ][2015-11-09 18:57:17,575][com.java.TestType] [ 8357] - Action Type : Verify
[INFO ][2015-11-09 18:57:17,575][com.java.TestType] [ 5234] - field= BTN value= //img[contains(@src,'bdlogo.jpg')]
[INFO ][2015-11-09 18:57:17,575][com.java.TestType] [ 4108] - value = //img[contains(@src,'bdlogo.jpg')]
[INFO ][2015-11-09 18:57:17,615][com.java.TestType] [ 8376] -  RESULT true
[INFO ][2015-11-09 18:57:17,615][com.java.TestType] [ 8493] - ?   P A S S   ?
[INFO ][2015-11-09 18:57:17,615][com.java.TestType] [ 8564] - Looping End......
[INFO ][2015-11-09 18:57:17,615][com.java.SeleniumDriver] [  861] -  RESULT true
[INFO ][2015-11-09 18:57:17,615][com.java.SeleniumDriver] [ 1066] - ?   P A S S   ?
[INFO ][2015-11-09 18:57:17,615][com.java.SeleniumDriver] [  788] - ------------------------------------------
[INFO ][2015-11-09 18:57:17,615][com.java.SeleniumDriver] [  789] - Test case being Executed: 1
[INFO ][2015-11-09 18:57:17,615][com.java.SeleniumDriver] [  800] - Test step:2
[INFO ][2015-11-09 18:57:17,615][com.java.SeleniumDriver] [  812] - Datavalue is----------Concept#2:1-2
[INFO ][2015-11-09 18:57:17,615][com.java.SeleniumDriver] [  836] - DataField : test
[INFO ][2015-11-09 18:57:17,615][com.java.SeleniumDriver] [  838] - DataValue : Concept#2:1-2
[INFO ][2015-11-09 18:57:17,615][com.java.SeleniumDriver] [  844] - <In Set values of the page>
[INFO ][2015-11-09 18:57:17,615][com.java.SeleniumDriver] [  847] - {Data Fields & Data Values Exist}
[INFO ][2015-11-09 18:57:17,615][com.java.SeleniumDriver] [  849] - --------------------------setting values-----------------------------
[INFO ][2015-11-09 18:57:17,615][com.java.SeleniumDriver] [  852] - Action Type : ExecuteTestCase
[INFO ][2015-11-09 18:57:17,615][com.java.TestType] [  422] - The Concept sheet name is ---------- Concept
[INFO ][2015-11-09 18:57:17,615][com.java.TestType] [  425] - The Concept ID  is ---------- 2
[DEBUG][2015-11-09 18:57:17,615][com.java.TestType] [  429] - Steps being executted in the Concept are: 1:2
[INFO ][2015-11-09 18:57:17,615][com.java.TestType] [  436] - Test data details path ---------- D:\BankersDashboard\TestInputs\TestData.xls
[INFO ][2015-11-09 18:57:17,645][com.java.TestType] [  467] -  str(1) = 2
[INFO ][2015-11-09 18:57:17,645][com.java.TestType] [  470] - Test case Id is---2
[INFO ][2015-11-09 18:57:17,645][com.java.TestType] [  472] - 2
[INFO ][2015-11-09 18:57:17,655][com.java.TestType] [  467] -  str(2) = 1
[INFO ][2015-11-09 18:57:17,655][com.java.TestType] [  519] - row values are--------{1=com.java.Objects.TestDataDetails@ad520d}
[INFO ][2015-11-09 18:57:17,655][com.java.TestType] [  467] -  str(1) = 2
[INFO ][2015-11-09 18:57:17,655][com.java.TestType] [  470] - Test case Id is---2
[INFO ][2015-11-09 18:57:17,655][com.java.TestType] [  472] - 2
[INFO ][2015-11-09 18:57:17,655][com.java.TestType] [  467] -  str(2) = 2
[INFO ][2015-11-09 18:57:17,655][com.java.TestType] [  519] - row values are--------{1=com.java.Objects.TestDataDetails@ad520d, 2=com.java.Objects.TestDataDetails@12cf180}
[INFO ][2015-11-09 18:57:17,655][com.java.TestType] [  467] -  str(1) = 2
[INFO ][2015-11-09 18:57:17,655][com.java.TestType] [  470] - Test case Id is---2
[INFO ][2015-11-09 18:57:17,655][com.java.TestType] [  472] - 2
[INFO ][2015-11-09 18:57:17,655][com.java.TestType] [  467] -  str(2) = 3
[INFO ][2015-11-09 18:57:17,655][com.java.TestType] [  519] - row values are--------{1=com.java.Objects.TestDataDetails@ad520d, 2=com.java.Objects.TestDataDetails@12cf180, 3=com.java.Objects.TestDataDetails@178802}
[INFO ][2015-11-09 18:57:17,655][com.java.TestType] [ 8258] - Looping 1TCID = 2
[DEBUG][2015-11-09 18:57:17,655][com.java.TestType] [ 8299] - Concept ID:2 :: Step being Executed: 2::1
[INFO ][2015-11-09 18:57:17,655][com.java.TestType] [ 8337] - dataFields : BNK//select[@id='bank']
[DEBUG][2015-11-09 18:57:17,655][com.java.TestType] [ 8343] - <In Set values of the page>
[DEBUG][2015-11-09 18:57:17,655][com.java.TestType] [ 8348] - {Data Fields & Data Values Exist}
[INFO ][2015-11-09 18:57:17,655][com.java.TestType] [ 8354] - --------------------------setting values-----------------------------
[INFO ][2015-11-09 18:57:17,655][com.java.TestType] [ 8357] - Action Type : Select
[INFO ][2015-11-09 18:57:17,655][com.java.TestType] [ 4108] - value = PFC
[INFO ][2015-11-09 18:57:17,855][com.java.TestType] [ 8376] -  RESULT true
[INFO ][2015-11-09 18:57:17,855][com.java.TestType] [ 8493] - ?   P A S S   ?
[DEBUG][2015-11-09 18:57:17,855][com.java.TestType] [ 8299] - Concept ID:2 :: Step being Executed: 2::2
[INFO ][2015-11-09 18:57:17,855][com.java.TestType] [ 8337] - dataFields : LNKLogout
[DEBUG][2015-11-09 18:57:17,855][com.java.TestType] [ 8343] - <In Set values of the page>
[DEBUG][2015-11-09 18:57:17,855][com.java.TestType] [ 8348] - {Data Fields & Data Values Exist}
[INFO ][2015-11-09 18:57:17,855][com.java.TestType] [ 8354] - --------------------------setting values-----------------------------
[INFO ][2015-11-09 18:57:17,855][com.java.TestType] [ 8357] - Action Type : WaitTime
[DEBUG][2015-11-09 18:57:17,855][com.java.TestType] [ 3943] - sleepTime: 5000
[INFO ][2015-11-09 18:57:22,855][com.java.TestType] [ 8376] -  RESULT true
[INFO ][2015-11-09 18:57:22,855][com.java.TestType] [ 8493] - ?   P A S S   ?
[INFO ][2015-11-09 18:57:22,855][com.java.TestType] [ 8564] - Looping End......
[INFO ][2015-11-09 18:57:22,855][com.java.SeleniumDriver] [  861] -  RESULT true
[INFO ][2015-11-09 18:57:22,855][com.java.SeleniumDriver] [ 1066] - ?   P A S S   ?
[INFO ][2015-11-09 18:57:22,855][com.java.SeleniumDriver] [  788] - ------------------------------------------
[INFO ][2015-11-09 18:57:22,855][com.java.SeleniumDriver] [  789] - Test case being Executed: 1
[INFO ][2015-11-09 18:57:22,855][com.java.SeleniumDriver] [  800] - Test step:3
[INFO ][2015-11-09 18:57:22,855][com.java.SeleniumDriver] [  812] - Datavalue is----------2
[INFO ][2015-11-09 18:57:22,855][com.java.SeleniumDriver] [  836] - DataField : XPH//button[contains(text(),'Add Content')]
[INFO ][2015-11-09 18:57:22,855][com.java.SeleniumDriver] [  838] - DataValue : 2
[INFO ][2015-11-09 18:57:22,855][com.java.SeleniumDriver] [  844] - <In Set values of the page>
[INFO ][2015-11-09 18:57:22,855][com.java.SeleniumDriver] [  847] - {Data Fields & Data Values Exist}
[INFO ][2015-11-09 18:57:22,855][com.java.SeleniumDriver] [  849] - --------------------------setting values-----------------------------
[INFO ][2015-11-09 18:57:22,855][com.java.SeleniumDriver] [  852] - Action Type : WAITFORELEMENT
[INFO ][2015-11-09 18:57:22,896][com.java.SeleniumDriver] [  861] -  RESULT true
[INFO ][2015-11-09 18:57:22,896][com.java.SeleniumDriver] [ 1066] - ?   P A S S   ?
[DEBUG][2015-11-09 18:57:22,896][com.java.SeleniumDriver] [ 1168] - Case found
[DEBUG][2015-11-09 18:57:22,896][com.java.SeleniumDriver] [ 1173] - Incrementing ReportCounters[0]:1
[INFO ][2015-11-09 18:57:22,896][com.java.SeleniumDriver] [ 1192] - The results are-------------------[1, 1, Valid Login, Pass, , Mon Nov 09 18:57:17 IST 2015, 1, 2, Valid Login, Pass, , Mon Nov 09 18:57:22 IST 2015, 1, 3, Valid Login, Pass, , Mon Nov 09 18:57:22 IST 2015]
[INFO ][2015-11-09 18:57:22,896][com.java.SeleniumDriver] [ 1196] - End time is-------57 sec
[INFO ][2015-11-09 18:57:22,896][com.java.SeleniumDriver] [ 1197] - The results are-------------------[1, 1, Valid Login, Pass, , Mon Nov 09 18:57:17 IST 2015, 1, 2, Valid Login, Pass, , Mon Nov 09 18:57:22 IST 2015, 1, 3, Valid Login, Pass, , Mon Nov 09 18:57:22 IST 2015]
[DEBUG][2015-11-09 18:57:22,896][com.java.ImportnExport.ExportTestResultsExcel] [  222] - testResultPath = D:\BankersDashboard/TestReports/Test Results_BankersDashBoard_110915_185627_IE11_Simmons First National Bank.xls
[DEBUG][2015-11-09 18:57:22,896][com.java.ImportnExport.ExportTestResultsExcel] [  223] - browser is------------IE11
[DEBUG][2015-11-09 18:57:22,936][com.java.ImportnExport.ExportTestResultsExcel] [  270] - result.size() = 18
[DEBUG][2015-11-09 18:57:22,936][com.java.ImportnExport.ExportTestResultsExcel] [  274] - No of rows in sheet=1
[DEBUG][2015-11-09 18:57:22,936][com.java.ImportnExport.ExportTestResultsExcel] [  301] - ..in export..1
[DEBUG][2015-11-09 18:57:22,936][com.java.ImportnExport.ExportTestResultsExcel] [  301] - ..in export..Valid Login
[DEBUG][2015-11-09 18:57:22,936][com.java.ImportnExport.ExportTestResultsExcel] [  301] - ..in export..Pass
[DEBUG][2015-11-09 18:57:22,936][com.java.ImportnExport.ExportTestResultsExcel] [  301] - ..in export..
[DEBUG][2015-11-09 18:57:22,936][com.java.ImportnExport.ExportTestResultsExcel] [  301] - ..in export..Mon Nov 09 18:57:17 IST 2015
[INFO ][2015-11-09 18:57:22,936][com.java.SeleniumDriver] [ 1255] - out loop:0 size:2 TestCases:[1, 3] testcases:[1, 3]
[INFO ][2015-11-09 18:57:22,936][com.java.ImportnExport.ImportTestDataDetailsExcel] [   49] - test data details path===== D:\BankersDashboard\TestInputs\TestData.xls
[INFO ][2015-11-09 18:58:00,364][com.java.SeleniumDriver] [  788] - ------------------------------------------
[INFO ][2015-11-09 18:58:00,364][com.java.SeleniumDriver] [  789] - Test case being Executed: 3
[INFO ][2015-11-09 18:58:00,364][com.java.SeleniumDriver] [  800] - Test step:1
[INFO ][2015-11-09 18:58:00,364][com.java.SeleniumDriver] [  812] - Datavalue is----------Logout
[INFO ][2015-11-09 18:58:00,364][com.java.SeleniumDriver] [  836] - DataField : BTN
[INFO ][2015-11-09 18:58:00,364][com.java.SeleniumDriver] [  838] - DataValue : Logout
[INFO ][2015-11-09 18:58:00,364][com.java.SeleniumDriver] [  844] - <In Set values of the page>
[INFO ][2015-11-09 18:58:00,364][com.java.SeleniumDriver] [  847] - {Data Fields & Data Values Exist}
[INFO ][2015-11-09 18:58:00,364][com.java.SeleniumDriver] [  849] - --------------------------setting values-----------------------------
[INFO ][2015-11-09 18:58:00,364][com.java.SeleniumDriver] [  852] - Action Type : Verify
[INFO ][2015-11-09 18:58:00,364][com.java.TestType] [ 5234] - field= BTN value= Logout
[INFO ][2015-11-09 18:58:00,364][com.java.TestType] [ 4108] - value = Logout
[INFO ][2015-11-09 18:58:00,405][com.java.SeleniumDriver] [  861] -  RESULT true
[INFO ][2015-11-09 18:58:00,405][com.java.SeleniumDriver] [ 1066] - ?   P A S S   ?
[INFO ][2015-11-09 18:58:00,405][com.java.SeleniumDriver] [ 1108] - step change to 3
[INFO ][2015-11-09 18:58:00,405][com.java.SeleniumDriver] [  788] - ------------------------------------------
[INFO ][2015-11-09 18:58:00,405][com.java.SeleniumDriver] [  789] - Test case being Executed: 3
[INFO ][2015-11-09 18:58:00,405][com.java.SeleniumDriver] [  800] - Test step:3
[INFO ][2015-11-09 18:58:00,405][com.java.SeleniumDriver] [  812] - Datavalue is----------Concept#2:1-2
[INFO ][2015-11-09 18:58:00,405][com.java.SeleniumDriver] [  836] - DataField : test
[INFO ][2015-11-09 18:58:00,405][com.java.SeleniumDriver] [  838] - DataValue : Concept#2:1-2
[INFO ][2015-11-09 18:58:00,405][com.java.SeleniumDriver] [  844] - <In Set values of the page>
[INFO ][2015-11-09 18:58:00,405][com.java.SeleniumDriver] [  847] - {Data Fields & Data Values Exist}
[INFO ][2015-11-09 18:58:00,405][com.java.SeleniumDriver] [  849] - --------------------------setting values-----------------------------
[INFO ][2015-11-09 18:58:00,405][com.java.SeleniumDriver] [  852] - Action Type : ExecuteTestCase
[INFO ][2015-11-09 18:58:00,405][com.java.TestType] [  422] - The Concept sheet name is ---------- Concept
[INFO ][2015-11-09 18:58:00,405][com.java.TestType] [  425] - The Concept ID  is ---------- 2
[DEBUG][2015-11-09 18:58:00,405][com.java.TestType] [  429] - Steps being executted in the Concept are: 1:2
[INFO ][2015-11-09 18:58:00,405][com.java.TestType] [  436] - Test data details path ---------- D:\BankersDashboard\TestInputs\TestData.xls
[INFO ][2015-11-09 18:58:00,435][com.java.TestType] [  467] -  str(1) = 2
[INFO ][2015-11-09 18:58:00,435][com.java.TestType] [  470] - Test case Id is---2
[INFO ][2015-11-09 18:58:00,435][com.java.TestType] [  472] - 2
[INFO ][2015-11-09 18:58:00,435][com.java.TestType] [  467] -  str(2) = 1
[INFO ][2015-11-09 18:58:00,435][com.java.TestType] [  519] - row values are--------{1=com.java.Objects.TestDataDetails@13725db}
[INFO ][2015-11-09 18:58:00,435][com.java.TestType] [  467] -  str(1) = 2
[INFO ][2015-11-09 18:58:00,435][com.java.TestType] [  470] - Test case Id is---2
[INFO ][2015-11-09 18:58:00,435][com.java.TestType] [  472] - 2
[INFO ][2015-11-09 18:58:00,435][com.java.TestType] [  467] -  str(2) = 2
[INFO ][2015-11-09 18:58:00,435][com.java.TestType] [  519] - row values are--------{1=com.java.Objects.TestDataDetails@13725db, 2=com.java.Objects.TestDataDetails@9a1f91}
[INFO ][2015-11-09 18:58:00,435][com.java.TestType] [  467] -  str(1) = 2
[INFO ][2015-11-09 18:58:00,435][com.java.TestType] [  470] - Test case Id is---2
[INFO ][2015-11-09 18:58:00,435][com.java.TestType] [  472] - 2
[INFO ][2015-11-09 18:58:00,435][com.java.TestType] [  467] -  str(2) = 3
[INFO ][2015-11-09 18:58:00,435][com.java.TestType] [  519] - row values are--------{1=com.java.Objects.TestDataDetails@13725db, 2=com.java.Objects.TestDataDetails@9a1f91, 3=com.java.Objects.TestDataDetails@1977433}
[INFO ][2015-11-09 18:58:00,435][com.java.TestType] [ 8258] - Looping 1TCID = 2
[DEBUG][2015-11-09 18:58:00,435][com.java.TestType] [ 8299] - Concept ID:2 :: Step being Executed: 2::1
[INFO ][2015-11-09 18:58:00,435][com.java.TestType] [ 8337] - dataFields : BNK//select[@id='bank']
[DEBUG][2015-11-09 18:58:00,435][com.java.TestType] [ 8343] - <In Set values of the page>
[DEBUG][2015-11-09 18:58:00,435][com.java.TestType] [ 8348] - {Data Fields & Data Values Exist}
[INFO ][2015-11-09 18:58:00,435][com.java.TestType] [ 8354] - --------------------------setting values-----------------------------
[INFO ][2015-11-09 18:58:00,435][com.java.TestType] [ 8357] - Action Type : Select
[INFO ][2015-11-09 18:58:00,435][com.java.TestType] [ 4108] - value = PFC
[INFO ][2015-11-09 18:58:00,635][com.java.TestType] [ 8376] -  RESULT true
[INFO ][2015-11-09 18:58:00,635][com.java.TestType] [ 8493] - ?   P A S S   ?
[DEBUG][2015-11-09 18:58:00,635][com.java.TestType] [ 8299] - Concept ID:2 :: Step being Executed: 2::2
[INFO ][2015-11-09 18:58:00,635][com.java.TestType] [ 8337] - dataFields : LNKLogout
[DEBUG][2015-11-09 18:58:00,635][com.java.TestType] [ 8343] - <In Set values of the page>
[DEBUG][2015-11-09 18:58:00,635][com.java.TestType] [ 8348] - {Data Fields & Data Values Exist}
[INFO ][2015-11-09 18:58:00,635][com.java.TestType] [ 8354] - --------------------------setting values-----------------------------
[INFO ][2015-11-09 18:58:00,635][com.java.TestType] [ 8357] - Action Type : WaitTime
[DEBUG][2015-11-09 18:58:00,635][com.java.TestType] [ 3943] - sleepTime: 5000
[INFO ][2015-11-09 18:58:05,640][com.java.TestType] [ 8376] -  RESULT true
[INFO ][2015-11-09 18:58:05,640][com.java.TestType] [ 8493] - ?   P A S S   ?
[INFO ][2015-11-09 18:58:05,640][com.java.TestType] [ 8564] - Looping End......
[INFO ][2015-11-09 18:58:05,640][com.java.SeleniumDriver] [  861] -  RESULT true
[INFO ][2015-11-09 18:58:05,640][com.java.SeleniumDriver] [ 1066] - ?   P A S S   ?
[INFO ][2015-11-09 18:58:05,640][com.java.SeleniumDriver] [  788] - ------------------------------------------
[INFO ][2015-11-09 18:58:05,640][com.java.SeleniumDriver] [  789] - Test case being Executed: 3
[INFO ][2015-11-09 18:58:05,640][com.java.SeleniumDriver] [  800] - Test step:4
[INFO ][2015-11-09 18:58:05,640][com.java.SeleniumDriver] [  812] - Datavalue is----------null
[DEBUG][2015-11-09 18:58:05,640][com.java.SeleniumDriver] [  830] - Exception: null
[INFO ][2015-11-09 18:58:05,640][com.java.SeleniumDriver] [  836] - DataField : LNKG/L
[INFO ][2015-11-09 18:58:05,640][com.java.SeleniumDriver] [  838] - DataValue : 
[INFO ][2015-11-09 18:58:05,640][com.java.SeleniumDriver] [  844] - <In Set values of the page>
[INFO ][2015-11-09 18:58:05,640][com.java.SeleniumDriver] [  847] - {Data Fields & Data Values Exist}
[INFO ][2015-11-09 18:58:05,640][com.java.SeleniumDriver] [  849] - --------------------------setting values-----------------------------
[INFO ][2015-11-09 18:58:05,640][com.java.SeleniumDriver] [  852] - Action Type : WAITFORELEMENT
[INFO ][2015-11-09 18:58:05,691][com.java.SeleniumDriver] [  861] -  RESULT true
[INFO ][2015-11-09 18:58:05,691][com.java.SeleniumDriver] [ 1066] - ?   P A S S   ?
[INFO ][2015-11-09 18:58:05,691][com.java.SeleniumDriver] [  788] - ------------------------------------------
[INFO ][2015-11-09 18:58:05,691][com.java.SeleniumDriver] [  789] - Test case being Executed: 3
[INFO ][2015-11-09 18:58:05,691][com.java.SeleniumDriver] [  800] - Test step:5
[INFO ][2015-11-09 18:58:05,691][com.java.SeleniumDriver] [  812] - Datavalue is----------Concept#4:1-20
[INFO ][2015-11-09 18:58:05,691][com.java.SeleniumDriver] [  836] - DataField : test
[INFO ][2015-11-09 18:58:05,691][com.java.SeleniumDriver] [  838] - DataValue : Concept#4:1-20
[INFO ][2015-11-09 18:58:05,691][com.java.SeleniumDriver] [  844] - <In Set values of the page>
[INFO ][2015-11-09 18:58:05,691][com.java.SeleniumDriver] [  847] - {Data Fields & Data Values Exist}
[INFO ][2015-11-09 18:58:05,691][com.java.SeleniumDriver] [  849] - --------------------------setting values-----------------------------
[INFO ][2015-11-09 18:58:05,691][com.java.SeleniumDriver] [  852] - Action Type : ExecuteTestCase
[INFO ][2015-11-09 18:58:05,691][com.java.TestType] [  422] - The Concept sheet name is ---------- Concept
[INFO ][2015-11-09 18:58:05,691][com.java.TestType] [  425] - The Concept ID  is ---------- 4
[DEBUG][2015-11-09 18:58:05,691][com.java.TestType] [  429] - Steps being executted in the Concept are: 1:20
[INFO ][2015-11-09 18:58:05,691][com.java.TestType] [  436] - Test data details path ---------- D:\BankersDashboard\TestInputs\TestData.xls
[INFO ][2015-11-09 18:58:05,721][com.java.TestType] [  467] -  str(1) = 4
[INFO ][2015-11-09 18:58:05,721][com.java.TestType] [  470] - Test case Id is---4
[INFO ][2015-11-09 18:58:05,721][com.java.TestType] [  472] - 4
[INFO ][2015-11-09 18:58:05,721][com.java.TestType] [  467] -  str(2) = 1
[INFO ][2015-11-09 18:58:05,721][com.java.TestType] [  519] - row values are--------{1=com.java.Objects.TestDataDetails@1c33fa0}
[INFO ][2015-11-09 18:58:05,721][com.java.TestType] [  467] -  str(1) = 4
[INFO ][2015-11-09 18:58:05,721][com.java.TestType] [  470] - Test case Id is---4
[INFO ][2015-11-09 18:58:05,721][com.java.TestType] [  472] - 4
[INFO ][2015-11-09 18:58:05,721][com.java.TestType] [  467] -  str(2) = 2
[INFO ][2015-11-09 18:58:05,721][com.java.TestType] [  519] - row values are--------{1=com.java.Objects.TestDataDetails@1c33fa0, 2=com.java.Objects.TestDataDetails@16fcbc0}
[INFO ][2015-11-09 18:58:05,721][com.java.TestType] [  467] -  str(1) = 4
[INFO ][2015-11-09 18:58:05,721][com.java.TestType] [  470] - Test case Id is---4
[INFO ][2015-11-09 18:58:05,721][com.java.TestType] [  472] - 4
[INFO ][2015-11-09 18:58:05,721][com.java.TestType] [  467] -  str(2) = 3
[INFO ][2015-11-09 18:58:05,731][com.java.TestType] [  519] - row values are--------{1=com.java.Objects.TestDataDetails@1c33fa0, 2=com.java.Objects.TestDataDetails@16fcbc0, 3=com.java.Objects.TestDataDetails@1fb3f37}
[INFO ][2015-11-09 18:58:05,731][com.java.TestType] [  467] -  str(1) = 4
[INFO ][2015-11-09 18:58:05,731][com.java.TestType] [  470] - Test case Id is---4
[INFO ][2015-11-09 18:58:05,731][com.java.TestType] [  472] - 4
[INFO ][2015-11-09 18:58:05,731][com.java.TestType] [  467] -  str(2) = 4
[INFO ][2015-11-09 18:58:05,731][com.java.TestType] [  519] - row values are--------{1=com.java.Objects.TestDataDetails@1c33fa0, 2=com.java.Objects.TestDataDetails@16fcbc0, 3=com.java.Objects.TestDataDetails@1fb3f37, 4=com.java.Objects.TestDataDetails@15b92b3}
[INFO ][2015-11-09 18:58:05,731][com.java.TestType] [  467] -  str(1) = 4
[INFO ][2015-11-09 18:58:05,731][com.java.TestType] [  470] - Test case Id is---4
[INFO ][2015-11-09 18:58:05,731][com.java.TestType] [  472] - 4
[INFO ][2015-11-09 18:58:05,731][com.java.TestType] [  467] -  str(2) = 5
[INFO ][2015-11-09 18:58:05,731][com.java.TestType] [  519] - row values are--------{1=com.java.Objects.TestDataDetails@1c33fa0, 2=com.java.Objects.TestDataDetails@16fcbc0, 3=com.java.Objects.TestDataDetails@1fb3f37, 4=com.java.Objects.TestDataDetails@15b92b3, 5=com.java.Objects.TestDataDetails@75ffe5}
[INFO ][2015-11-09 18:58:05,731][com.java.TestType] [  467] -  str(1) = 4
[INFO ][2015-11-09 18:58:05,731][com.java.TestType] [  470] - Test case Id is---4
[INFO ][2015-11-09 18:58:05,731][com.java.TestType] [  472] - 4
[INFO ][2015-11-09 18:58:05,731][com.java.TestType] [  467] -  str(2) = 6
[INFO ][2015-11-09 18:58:05,731][com.java.TestType] [  519] - row values are--------{1=com.java.Objects.TestDataDetails@1c33fa0, 2=com.java.Objects.TestDataDetails@16fcbc0, 3=com.java.Objects.TestDataDetails@1fb3f37, 4=com.java.Objects.TestDataDetails@15b92b3, 5=com.java.Objects.TestDataDetails@75ffe5, 6=com.java.Objects.TestDataDetails@181b9f7}
[INFO ][2015-11-09 18:58:05,731][com.java.TestType] [  467] -  str(1) = 4
[INFO ][2015-11-09 18:58:05,731][com.java.TestType] [  470] - Test case Id is---4
[INFO ][2015-11-09 18:58:05,731][com.java.TestType] [  472] - 4
[INFO ][2015-11-09 18:58:05,731][com.java.TestType] [  467] -  str(2) = 7
[INFO ][2015-11-09 18:58:05,731][com.java.TestType] [  519] - row values are--------{1=com.java.Objects.TestDataDetails@1c33fa0, 2=com.java.Objects.TestDataDetails@16fcbc0, 3=com.java.Objects.TestDataDetails@1fb3f37, 4=com.java.Objects.TestDataDetails@15b92b3, 5=com.java.Objects.TestDataDetails@75ffe5, 6=com.java.Objects.TestDataDetails@181b9f7, 7=com.java.Objects.TestDataDetails@1aa65fe}
[INFO ][2015-11-09 18:58:05,731][com.java.TestType] [  467] -  str(1) = 4
[INFO ][2015-11-09 18:58:05,731][com.java.TestType] [  470] - Test case Id is---4
[INFO ][2015-11-09 18:58:05,731][com.java.TestType] [  472] - 4
[INFO ][2015-11-09 18:58:05,731][com.java.TestType] [  467] -  str(2) = 8
[INFO ][2015-11-09 18:58:05,731][com.java.TestType] [  519] - row values are--------{1=com.java.Objects.TestDataDetails@1c33fa0, 2=com.java.Objects.TestDataDetails@16fcbc0, 3=com.java.Objects.TestDataDetails@1fb3f37, 4=com.java.Objects.TestDataDetails@15b92b3, 5=com.java.Objects.TestDataDetails@75ffe5, 6=com.java.Objects.TestDataDetails@181b9f7, 7=com.java.Objects.TestDataDetails@1aa65fe, 8=com.java.Objects.TestDataDetails@e64a7}
[INFO ][2015-11-09 18:58:05,731][com.java.TestType] [  467] -  str(1) = 4
[INFO ][2015-11-09 18:58:05,731][com.java.TestType] [  470] - Test case Id is---4
[INFO ][2015-11-09 18:58:05,731][com.java.TestType] [  472] - 4
[INFO ][2015-11-09 18:58:05,731][com.java.TestType] [  467] -  str(2) = 9
[INFO ][2015-11-09 18:58:05,731][com.java.TestType] [  519] - row values are--------{1=com.java.Objects.TestDataDetails@1c33fa0, 2=com.java.Objects.TestDataDetails@16fcbc0, 3=com.java.Objects.TestDataDetails@1fb3f37, 4=com.java.Objects.TestDataDetails@15b92b3, 5=com.java.Objects.TestDataDetails@75ffe5, 6=com.java.Objects.TestDataDetails@181b9f7, 7=com.java.Objects.TestDataDetails@1aa65fe, 8=com.java.Objects.TestDataDetails@e64a7, 9=com.java.Objects.TestDataDetails@1d4acb8}
[INFO ][2015-11-09 18:58:05,731][com.java.TestType] [  467] -  str(1) = 4
[INFO ][2015-11-09 18:58:05,731][com.java.TestType] [  470] - Test case Id is---4
[INFO ][2015-11-09 18:58:05,731][com.java.TestType] [  472] - 4
[INFO ][2015-11-09 18:58:05,731][com.java.TestType] [  467] -  str(2) = 10
[INFO ][2015-11-09 18:58:05,731][com.java.TestType] [  519] - row values are--------{1=com.java.Objects.TestDataDetails@1c33fa0, 2=com.java.Objects.TestDataDetails@16fcbc0, 3=com.java.Objects.TestDataDetails@1fb3f37, 4=com.java.Objects.TestDataDetails@15b92b3, 5=com.java.Objects.TestDataDetails@75ffe5, 6=com.java.Objects.TestDataDetails@181b9f7, 7=com.java.Objects.TestDataDetails@1aa65fe, 8=com.java.Objects.TestDataDetails@e64a7, 9=com.java.Objects.TestDataDetails@1d4acb8, 10=com.java.Objects.TestDataDetails@14290e2}
[INFO ][2015-11-09 18:58:05,731][com.java.TestType] [  467] -  str(1) = 4
[INFO ][2015-11-09 18:58:05,731][com.java.TestType] [  470] - Test case Id is---4
[INFO ][2015-11-09 18:58:05,731][com.java.TestType] [  472] - 4
[INFO ][2015-11-09 18:58:05,731][com.java.TestType] [  467] -  str(2) = 11
[INFO ][2015-11-09 18:58:05,731][com.java.TestType] [  519] - row values are--------{1=com.java.Objects.TestDataDetails@1c33fa0, 2=com.java.Objects.TestDataDetails@16fcbc0, 3=com.java.Objects.TestDataDetails@1fb3f37, 4=com.java.Objects.TestDataDetails@15b92b3, 5=com.java.Objects.TestDataDetails@75ffe5, 6=com.java.Objects.TestDataDetails@181b9f7, 7=com.java.Objects.TestDataDetails@1aa65fe, 8=com.java.Objects.TestDataDetails@e64a7, 9=com.java.Objects.TestDataDetails@1d4acb8, 10=com.java.Objects.TestDataDetails@14290e2, 11=com.java.Objects.TestDataDetails@149bbdf}
[INFO ][2015-11-09 18:58:05,731][com.java.TestType] [  467] -  str(1) = 4
[INFO ][2015-11-09 18:58:05,731][com.java.TestType] [  470] - Test case Id is---4
[INFO ][2015-11-09 18:58:05,731][com.java.TestType] [  472] - 4
[INFO ][2015-11-09 18:58:05,731][com.java.TestType] [  467] -  str(2) = 12
[INFO ][2015-11-09 18:58:05,731][com.java.TestType] [  519] - row values are--------{1=com.java.Objects.TestDataDetails@1c33fa0, 2=com.java.Objects.TestDataDetails@16fcbc0, 3=com.java.Objects.TestDataDetails@1fb3f37, 4=com.java.Objects.TestDataDetails@15b92b3, 5=com.java.Objects.TestDataDetails@75ffe5, 6=com.java.Objects.TestDataDetails@181b9f7, 7=com.java.Objects.TestDataDetails@1aa65fe, 8=com.java.Objects.TestDataDetails@e64a7, 9=com.java.Objects.TestDataDetails@1d4acb8, 10=com.java.Objects.TestDataDetails@14290e2, 11=com.java.Objects.TestDataDetails@149bbdf, 12=com.java.Objects.TestDataDetails@299ee7}
[INFO ][2015-11-09 18:58:05,731][com.java.TestType] [  467] -  str(1) = 4
[INFO ][2015-11-09 18:58:05,731][com.java.TestType] [  470] - Test case Id is---4
[INFO ][2015-11-09 18:58:05,731][com.java.TestType] [  472] - 4
[INFO ][2015-11-09 18:58:05,731][com.java.TestType] [  467] -  str(2) = 13
[INFO ][2015-11-09 18:58:05,731][com.java.TestType] [  519] - row values are--------{1=com.java.Objects.TestDataDetails@1c33fa0, 2=com.java.Objects.TestDataDetails@16fcbc0, 3=com.java.Objects.TestDataDetails@1fb3f37, 4=com.java.Objects.TestDataDetails@15b92b3, 5=com.java.Objects.TestDataDetails@75ffe5, 6=com.java.Objects.TestDataDetails@181b9f7, 7=com.java.Objects.TestDataDetails@1aa65fe, 8=com.java.Objects.TestDataDetails@e64a7, 9=com.java.Objects.TestDataDetails@1d4acb8, 10=com.java.Objects.TestDataDetails@14290e2, 11=com.java.Objects.TestDataDetails@149bbdf, 12=com.java.Objects.TestDataDetails@299ee7, 13=com.java.Objects.TestDataDetails@178808c}
[INFO ][2015-11-09 18:58:05,731][com.java.TestType] [  467] -  str(1) = 4
[INFO ][2015-11-09 18:58:05,731][com.java.TestType] [  470] - Test case Id is---4
[INFO ][2015-11-09 18:58:05,741][com.java.TestType] [  472] - 4
[INFO ][2015-11-09 18:58:05,741][com.java.TestType] [  467] -  str(2) = 14
[INFO ][2015-11-09 18:58:05,741][com.java.TestType] [  519] - row values are--------{1=com.java.Objects.TestDataDetails@1c33fa0, 2=com.java.Objects.TestDataDetails@16fcbc0, 3=com.java.Objects.TestDataDetails@1fb3f37, 4=com.java.Objects.TestDataDetails@15b92b3, 5=com.java.Objects.TestDataDetails@75ffe5, 6=com.java.Objects.TestDataDetails@181b9f7, 7=com.java.Objects.TestDataDetails@1aa65fe, 8=com.java.Objects.TestDataDetails@e64a7, 9=com.java.Objects.TestDataDetails@1d4acb8, 10=com.java.Objects.TestDataDetails@14290e2, 11=com.java.Objects.TestDataDetails@149bbdf, 12=com.java.Objects.TestDataDetails@299ee7, 13=com.java.Objects.TestDataDetails@178808c, 14=com.java.Objects.TestDataDetails@3b39be}
[INFO ][2015-11-09 18:58:05,741][com.java.TestType] [  467] -  str(1) = 4
[INFO ][2015-11-09 18:58:05,741][com.java.TestType] [  470] - Test case Id is---4
[INFO ][2015-11-09 18:58:05,741][com.java.TestType] [  472] - 4
[INFO ][2015-11-09 18:58:05,741][com.java.TestType] [  467] -  str(2) = 15
[INFO ][2015-11-09 18:58:05,741][com.java.TestType] [  519] - row values are--------{1=com.java.Objects.TestDataDetails@1c33fa0, 2=com.java.Objects.TestDataDetails@16fcbc0, 3=com.java.Objects.TestDataDetails@1fb3f37, 4=com.java.Objects.TestDataDetails@15b92b3, 5=com.java.Objects.TestDataDetails@75ffe5, 6=com.java.Objects.TestDataDetails@181b9f7, 7=com.java.Objects.TestDataDetails@1aa65fe, 8=com.java.Objects.TestDataDetails@e64a7, 9=com.java.Objects.TestDataDetails@1d4acb8, 10=com.java.Objects.TestDataDetails@14290e2, 11=com.java.Objects.TestDataDetails@149bbdf, 12=com.java.Objects.TestDataDetails@299ee7, 13=com.java.Objects.TestDataDetails@178808c, 14=com.java.Objects.TestDataDetails@3b39be, 15=com.java.Objects.TestDataDetails@1943b72}
[INFO ][2015-11-09 18:58:05,741][com.java.TestType] [  467] -  str(1) = 4
[INFO ][2015-11-09 18:58:05,741][com.java.TestType] [  470] - Test case Id is---4
[INFO ][2015-11-09 18:58:05,741][com.java.TestType] [  472] - 4
[INFO ][2015-11-09 18:58:05,741][com.java.TestType] [  467] -  str(2) = 16
[INFO ][2015-11-09 18:58:05,741][com.java.TestType] [  519] - row values are--------{1=com.java.Objects.TestDataDetails@1c33fa0, 2=com.java.Objects.TestDataDetails@16fcbc0, 3=com.java.Objects.TestDataDetails@1fb3f37, 4=com.java.Objects.TestDataDetails@15b92b3, 5=com.java.Objects.TestDataDetails@75ffe5, 6=com.java.Objects.TestDataDetails@181b9f7, 7=com.java.Objects.TestDataDetails@1aa65fe, 8=com.java.Objects.TestDataDetails@e64a7, 9=com.java.Objects.TestDataDetails@1d4acb8, 10=com.java.Objects.TestDataDetails@14290e2, 11=com.java.Objects.TestDataDetails@149bbdf, 12=com.java.Objects.TestDataDetails@299ee7, 13=com.java.Objects.TestDataDetails@178808c, 14=com.java.Objects.TestDataDetails@3b39be, 15=com.java.Objects.TestDataDetails@1943b72, 16=com.java.Objects.TestDataDetails@13a252a}
[INFO ][2015-11-09 18:58:05,741][com.java.TestType] [  467] -  str(1) = 4
[INFO ][2015-11-09 18:58:05,741][com.java.TestType] [  470] - Test case Id is---4
[INFO ][2015-11-09 18:58:05,741][com.java.TestType] [  472] - 4
[INFO ][2015-11-09 18:58:05,741][com.java.TestType] [  467] -  str(2) = 17
[INFO ][2015-11-09 18:58:05,741][com.java.TestType] [  519] - row values are--------{1=com.java.Objects.TestDataDetails@1c33fa0, 2=com.java.Objects.TestDataDetails@16fcbc0, 3=com.java.Objects.TestDataDetails@1fb3f37, 4=com.java.Objects.TestDataDetails@15b92b3, 5=com.java.Objects.TestDataDetails@75ffe5, 6=com.java.Objects.TestDataDetails@181b9f7, 7=com.java.Objects.TestDataDetails@1aa65fe, 8=com.java.Objects.TestDataDetails@e64a7, 9=com.java.Objects.TestDataDetails@1d4acb8, 10=com.java.Objects.TestDataDetails@14290e2, 11=com.java.Objects.TestDataDetails@149bbdf, 12=com.java.Objects.TestDataDetails@299ee7, 13=com.java.Objects.TestDataDetails@178808c, 14=com.java.Objects.TestDataDetails@3b39be, 15=com.java.Objects.TestDataDetails@1943b72, 17=com.java.Objects.TestDataDetails@35834c, 16=com.java.Objects.TestDataDetails@13a252a}
[INFO ][2015-11-09 18:58:05,741][com.java.TestType] [  467] -  str(1) = 4
[INFO ][2015-11-09 18:58:05,741][com.java.TestType] [  470] - Test case Id is---4
[INFO ][2015-11-09 18:58:05,741][com.java.TestType] [  472] - 4
[INFO ][2015-11-09 18:58:05,741][com.java.TestType] [  467] -  str(2) = 18
[INFO ][2015-11-09 18:58:05,741][com.java.TestType] [  519] - row values are--------{1=com.java.Objects.TestDataDetails@1c33fa0, 2=com.java.Objects.TestDataDetails@16fcbc0, 3=com.java.Objects.TestDataDetails@1fb3f37, 4=com.java.Objects.TestDataDetails@15b92b3, 5=com.java.Objects.TestDataDetails@75ffe5, 6=com.java.Objects.TestDataDetails@181b9f7, 7=com.java.Objects.TestDataDetails@1aa65fe, 8=com.java.Objects.TestDataDetails@e64a7, 9=com.java.Objects.TestDataDetails@1d4acb8, 10=com.java.Objects.TestDataDetails@14290e2, 11=com.java.Objects.TestDataDetails@149bbdf, 12=com.java.Objects.TestDataDetails@299ee7, 13=com.java.Objects.TestDataDetails@178808c, 14=com.java.Objects.TestDataDetails@3b39be, 15=com.java.Objects.TestDataDetails@1943b72, 17=com.java.Objects.TestDataDetails@35834c, 16=com.java.Objects.TestDataDetails@13a252a, 18=com.java.Objects.TestDataDetails@b24bfb}
[INFO ][2015-11-09 18:58:05,741][com.java.TestType] [  467] -  str(1) = 4
[INFO ][2015-11-09 18:58:05,741][com.java.TestType] [  470] - Test case Id is---4
[INFO ][2015-11-09 18:58:05,741][com.java.TestType] [  472] - 4
[INFO ][2015-11-09 18:58:05,741][com.java.TestType] [  467] -  str(2) = 19
[INFO ][2015-11-09 18:58:05,741][com.java.TestType] [  519] - row values are--------{1=com.java.Objects.TestDataDetails@1c33fa0, 2=com.java.Objects.TestDataDetails@16fcbc0, 3=com.java.Objects.TestDataDetails@1fb3f37, 4=com.java.Objects.TestDataDetails@15b92b3, 5=com.java.Objects.TestDataDetails@75ffe5, 6=com.java.Objects.TestDataDetails@181b9f7, 7=com.java.Objects.TestDataDetails@1aa65fe, 8=com.java.Objects.TestDataDetails@e64a7, 9=com.java.Objects.TestDataDetails@1d4acb8, 10=com.java.Objects.TestDataDetails@14290e2, 11=com.java.Objects.TestDataDetails@149bbdf, 12=com.java.Objects.TestDataDetails@299ee7, 13=com.java.Objects.TestDataDetails@178808c, 14=com.java.Objects.TestDataDetails@3b39be, 15=com.java.Objects.TestDataDetails@1943b72, 17=com.java.Objects.TestDataDetails@35834c, 16=com.java.Objects.TestDataDetails@13a252a, 19=com.java.Objects.TestDataDetails@1ed7f2f, 18=com.java.Objects.TestDataDetails@b24bfb}
[INFO ][2015-11-09 18:58:05,741][com.java.TestType] [  467] -  str(1) = 4
[INFO ][2015-11-09 18:58:05,741][com.java.TestType] [  470] - Test case Id is---4
[INFO ][2015-11-09 18:58:05,741][com.java.TestType] [  472] - 4
[INFO ][2015-11-09 18:58:05,741][com.java.TestType] [  467] -  str(2) = 20
[INFO ][2015-11-09 18:58:05,741][com.java.TestType] [  519] - row values are--------{1=com.java.Objects.TestDataDetails@1c33fa0, 2=com.java.Objects.TestDataDetails@16fcbc0, 3=com.java.Objects.TestDataDetails@1fb3f37, 4=com.java.Objects.TestDataDetails@15b92b3, 5=com.java.Objects.TestDataDetails@75ffe5, 6=com.java.Objects.TestDataDetails@181b9f7, 7=com.java.Objects.TestDataDetails@1aa65fe, 8=com.java.Objects.TestDataDetails@e64a7, 9=com.java.Objects.TestDataDetails@1d4acb8, 10=com.java.Objects.TestDataDetails@14290e2, 11=com.java.Objects.TestDataDetails@149bbdf, 12=com.java.Objects.TestDataDetails@299ee7, 13=com.java.Objects.TestDataDetails@178808c, 14=com.java.Objects.TestDataDetails@3b39be, 15=com.java.Objects.TestDataDetails@1943b72, 17=com.java.Objects.TestDataDetails@35834c, 16=com.java.Objects.TestDataDetails@13a252a, 19=com.java.Objects.TestDataDetails@1ed7f2f, 18=com.java.Objects.TestDataDetails@b24bfb, 20=com.java.Objects.TestDataDetails@e3b9b4}
[INFO ][2015-11-09 18:58:05,741][com.java.TestType] [ 8258] - Looping 1TCID = 4
[DEBUG][2015-11-09 18:58:05,741][com.java.TestType] [ 8299] - Concept ID:4 :: Step being Executed: 4::1
[ERROR][2015-11-09 18:58:05,741][com.java.TestType] [ 8332] - Exception: null
[INFO ][2015-11-09 18:58:05,741][com.java.TestType] [ 8337] - dataFields : LNKG/L
[DEBUG][2015-11-09 18:58:05,741][com.java.TestType] [ 8343] - <In Set values of the page>
[DEBUG][2015-11-09 18:58:05,741][com.java.TestType] [ 8348] - {Data Fields & Data Values Exist}
[INFO ][2015-11-09 18:58:05,741][com.java.TestType] [ 8354] - --------------------------setting values-----------------------------
[INFO ][2015-11-09 18:58:05,741][com.java.TestType] [ 8357] - Action Type : WAITFORELEMENT
[INFO ][2015-11-09 18:58:05,791][com.java.TestType] [ 8376] -  RESULT true
[INFO ][2015-11-09 18:58:05,791][com.java.TestType] [ 8493] - ?   P A S S   ?
[DEBUG][2015-11-09 18:58:05,791][com.java.TestType] [ 8299] - Concept ID:4 :: Step being Executed: 4::2
[ERROR][2015-11-09 18:58:05,791][com.java.TestType] [ 8332] - Exception: null
[INFO ][2015-11-09 18:58:05,791][com.java.TestType] [ 8337] - dataFields : HDN//div[@class="menu"]//span[@class="icon-pencil2"]
[DEBUG][2015-11-09 18:58:05,791][com.java.TestType] [ 8343] - <In Set values of the page>
[DEBUG][2015-11-09 18:58:05,791][com.java.TestType] [ 8348] - {Data Fields & Data Values Exist}
[INFO ][2015-11-09 18:58:05,791][com.java.TestType] [ 8354] - --------------------------setting values-----------------------------
[INFO ][2015-11-09 18:58:05,791][com.java.TestType] [ 8357] - Action Type : CLICK
[INFO ][2015-11-09 18:58:05,791][com.java.TestType] [ 4421] - Field ::HDN//div[@class="menu"]//span[@class="icon-pencil2"]
[INFO ][2015-11-09 18:58:06,954][com.java.TestType] [ 8376] -  RESULT true
[INFO ][2015-11-09 18:58:06,954][com.java.TestType] [ 8493] - ?   P A S S   ?
[DEBUG][2015-11-09 18:58:06,954][com.java.TestType] [ 8299] - Concept ID:4 :: Step being Executed: 4::3
[ERROR][2015-11-09 18:58:06,954][com.java.TestType] [ 8332] - Exception: null
[INFO ][2015-11-09 18:58:06,954][com.java.TestType] [ 8337] - dataFields : test
[DEBUG][2015-11-09 18:58:06,954][com.java.TestType] [ 8343] - <In Set values of the page>
[DEBUG][2015-11-09 18:58:06,954][com.java.TestType] [ 8348] - {Data Fields & Data Values Exist}
[INFO ][2015-11-09 18:58:06,954][com.java.TestType] [ 8354] - --------------------------setting values-----------------------------
[INFO ][2015-11-09 18:58:06,954][com.java.TestType] [ 8357] - Action Type : WaitTime
[DEBUG][2015-11-09 18:58:06,954][com.java.TestType] [ 3943] - sleepTime: 10000
[INFO ][2015-11-09 18:58:16,954][com.java.TestType] [ 8376] -  RESULT true
[INFO ][2015-11-09 18:58:16,954][com.java.TestType] [ 8493] - ?   P A S S   ?
[DEBUG][2015-11-09 18:58:16,954][com.java.TestType] [ 8299] - Concept ID:4 :: Step being Executed: 4::4
[INFO ][2015-11-09 18:58:16,954][com.java.TestType] [ 8337] - dataFields : BTN
[DEBUG][2015-11-09 18:58:16,954][com.java.TestType] [ 8343] - <In Set values of the page>
[DEBUG][2015-11-09 18:58:16,954][com.java.TestType] [ 8348] - {Data Fields & Data Values Exist}
[INFO ][2015-11-09 18:58:16,954][com.java.TestType] [ 8354] - --------------------------setting values-----------------------------
[INFO ][2015-11-09 18:58:16,954][com.java.TestType] [ 8357] - Action Type : VERIFY
[INFO ][2015-11-09 18:58:16,954][com.java.TestType] [ 5234] - field= BTN value= //div[contains(text(),'Fed Funds Futures Curve')]/following-sibling::div//span[@class="icon-remove"]
[INFO ][2015-11-09 18:58:16,954][com.java.TestType] [ 4108] - value = //div[contains(text(),'Fed Funds Futures Curve')]/following-sibling::div//span[@class="icon-remove"]
[ERROR][2015-11-09 18:58:37,727][com.java.TestType] [ 5703] - Assertion Error: 
[INFO ][2015-11-09 18:58:37,727][com.java.TestType] [ 8376] -  RESULT false
[INFO ][2015-11-09 18:58:37,727][com.java.TestType] [ 8414] - ?   F A I L   ?
[DEBUG][2015-11-09 18:58:37,727][com.java.TestType] [ 8417] - Browser Type : IE11
[DEBUG][2015-11-09 18:58:37,727][com.java.TestType] [ 8299] - Concept ID:4 :: Step being Executed: 4::8
[INFO ][2015-11-09 18:58:37,727][com.java.TestType] [ 8337] - dataFields : BTN
[DEBUG][2015-11-09 18:58:37,727][com.java.TestType] [ 8343] - <In Set values of the page>
[DEBUG][2015-11-09 18:58:37,727][com.java.TestType] [ 8348] - {Data Fields & Data Values Exist}
[INFO ][2015-11-09 18:58:37,727][com.java.TestType] [ 8354] - --------------------------setting values-----------------------------
[INFO ][2015-11-09 18:58:37,727][com.java.TestType] [ 8357] - Action Type : VERIFY
[INFO ][2015-11-09 18:58:37,727][com.java.TestType] [ 5234] - field= BTN value= //div[contains(text(),'My Favorite Report')]/following-sibling::div//span[@class="icon-remove"]
[INFO ][2015-11-09 18:58:37,727][com.java.TestType] [ 4108] - value = //div[contains(text(),'My Favorite Report')]/following-sibling::div//span[@class="icon-remove"]
[INFO ][2015-11-09 18:58:37,768][com.java.TestType] [ 8376] -  RESULT true
[INFO ][2015-11-09 18:58:37,768][com.java.TestType] [ 8493] - ?   P A S S   ?
[DEBUG][2015-11-09 18:58:37,768][com.java.TestType] [ 8299] - Concept ID:4 :: Step being Executed: 4::9
[ERROR][2015-11-09 18:58:37,768][com.java.TestType] [ 8332] - Exception: null
[INFO ][2015-11-09 18:58:37,768][com.java.TestType] [ 8337] - dataFields : HDN//div[contains(text(),'My Favorite Report')]/following-sibling::div//span[@class="icon-remove"]
[DEBUG][2015-11-09 18:58:37,768][com.java.TestType] [ 8343] - <In Set values of the page>
[DEBUG][2015-11-09 18:58:37,768][com.java.TestType] [ 8348] - {Data Fields & Data Values Exist}
[INFO ][2015-11-09 18:58:37,768][com.java.TestType] [ 8354] - --------------------------setting values-----------------------------
[INFO ][2015-11-09 18:58:37,768][com.java.TestType] [ 8357] - Action Type : CLICK
[INFO ][2015-11-09 18:58:37,768][com.java.TestType] [ 4421] - Field ::HDN//div[contains(text(),'My Favorite Report')]/following-sibling::div//span[@class="icon-remove"]
[INFO ][2015-11-09 18:58:39,019][com.java.TestType] [ 8376] -  RESULT true
[INFO ][2015-11-09 18:58:39,019][com.java.TestType] [ 8493] - ?   P A S S   ?
[DEBUG][2015-11-09 18:58:39,019][com.java.TestType] [ 8299] - Concept ID:4 :: Step being Executed: 4::10
[ERROR][2015-11-09 18:58:39,019][com.java.TestType] [ 8332] - Exception: null
[INFO ][2015-11-09 18:58:39,019][com.java.TestType] [ 8337] - dataFields : XPH//span[contains(text(),'Yes')]
[DEBUG][2015-11-09 18:58:39,019][com.java.TestType] [ 8343] - <In Set values of the page>
[DEBUG][2015-11-09 18:58:39,019][com.java.TestType] [ 8348] - {Data Fields & Data Values Exist}
[INFO ][2015-11-09 18:58:39,019][com.java.TestType] [ 8354] - --------------------------setting values-----------------------------
[INFO ][2015-11-09 18:58:39,019][com.java.TestType] [ 8357] - Action Type : CLICK
[INFO ][2015-11-09 18:58:39,019][com.java.TestType] [ 4421] - Field ::XPH//span[contains(text(),'Yes')]
[INFO ][2015-11-09 18:58:40,019][com.java.TestType] [ 4480] - BEFORE CLICK
[INFO ][2015-11-09 18:58:40,869][com.java.TestType] [ 4488] - Unable to click the object No
[INFO ][2015-11-09 18:58:40,869][com.java.TestType] [ 8376] -  RESULT true
[INFO ][2015-11-09 18:58:40,869][com.java.TestType] [ 8493] - ?   P A S S   ?
[DEBUG][2015-11-09 18:58:40,869][com.java.TestType] [ 8299] - Concept ID:4 :: Step being Executed: 4::11
[ERROR][2015-11-09 18:58:40,869][com.java.TestType] [ 8332] - Exception: null
[INFO ][2015-11-09 18:58:40,869][com.java.TestType] [ 8337] - dataFields : test
[DEBUG][2015-11-09 18:58:40,869][com.java.TestType] [ 8343] - <In Set values of the page>
[DEBUG][2015-11-09 18:58:40,869][com.java.TestType] [ 8348] - {Data Fields & Data Values Exist}
[INFO ][2015-11-09 18:58:40,869][com.java.TestType] [ 8354] - --------------------------setting values-----------------------------
[INFO ][2015-11-09 18:58:40,869][com.java.TestType] [ 8357] - Action Type : WaitTime
[DEBUG][2015-11-09 18:58:40,869][com.java.TestType] [ 3943] - sleepTime: 10000
[INFO ][2015-11-09 18:58:50,873][com.java.TestType] [ 8376] -  RESULT true
[INFO ][2015-11-09 18:58:50,873][com.java.TestType] [ 8493] - ?   P A S S   ?
[DEBUG][2015-11-09 18:58:50,873][com.java.TestType] [ 8299] - Concept ID:4 :: Step being Executed: 4::12
[INFO ][2015-11-09 18:58:50,873][com.java.TestType] [ 8337] - dataFields : BTN
[DEBUG][2015-11-09 18:58:50,873][com.java.TestType] [ 8343] - <In Set values of the page>
[DEBUG][2015-11-09 18:58:50,873][com.java.TestType] [ 8348] - {Data Fields & Data Values Exist}
[INFO ][2015-11-09 18:58:50,873][com.java.TestType] [ 8354] - --------------------------setting values-----------------------------
[INFO ][2015-11-09 18:58:50,873][com.java.TestType] [ 8357] - Action Type : VERIFY
[INFO ][2015-11-09 18:58:50,873][com.java.TestType] [ 5234] - field= BTN value= //div[contains(text(),'My Margin')]/following-sibling::div//span[@class="icon-remove"]
[INFO ][2015-11-09 18:58:50,873][com.java.TestType] [ 4108] - value = //div[contains(text(),'My Margin')]/following-sibling::div//span[@class="icon-remove"]
[INFO ][2015-11-09 18:58:50,914][com.java.TestType] [ 8376] -  RESULT true
[INFO ][2015-11-09 18:58:50,914][com.java.TestType] [ 8493] - ?   P A S S   ?
[DEBUG][2015-11-09 18:58:50,914][com.java.TestType] [ 8299] - Concept ID:4 :: Step being Executed: 4::13
[ERROR][2015-11-09 18:58:50,914][com.java.TestType] [ 8332] - Exception: null
[INFO ][2015-11-09 18:58:50,914][com.java.TestType] [ 8337] - dataFields : HDN//div[contains(text(),'My Margin')]/following-sibling::div//span[@class="icon-remove"]
[DEBUG][2015-11-09 18:58:50,914][com.java.TestType] [ 8343] - <In Set values of the page>
[DEBUG][2015-11-09 18:58:50,914][com.java.TestType] [ 8348] - {Data Fields & Data Values Exist}
[INFO ][2015-11-09 18:58:50,914][com.java.TestType] [ 8354] - --------------------------setting values-----------------------------
[INFO ][2015-11-09 18:58:50,914][com.java.TestType] [ 8357] - Action Type : CLICK
[INFO ][2015-11-09 18:58:50,914][com.java.TestType] [ 4421] - Field ::HDN//div[contains(text(),'My Margin')]/following-sibling::div//span[@class="icon-remove"]
[INFO ][2015-11-09 18:58:52,095][com.java.TestType] [ 8376] -  RESULT true
[INFO ][2015-11-09 18:58:52,095][com.java.TestType] [ 8493] - ?   P A S S   ?
[DEBUG][2015-11-09 18:58:52,095][com.java.TestType] [ 8299] - Concept ID:4 :: Step being Executed: 4::14
[ERROR][2015-11-09 18:58:52,095][com.java.TestType] [ 8332] - Exception: null
[INFO ][2015-11-09 18:58:52,095][com.java.TestType] [ 8337] - dataFields : XPH//span[contains(text(),'Yes')]
[DEBUG][2015-11-09 18:58:52,095][com.java.TestType] [ 8343] - <In Set values of the page>
[DEBUG][2015-11-09 18:58:52,095][com.java.TestType] [ 8348] - {Data Fields & Data Values Exist}
[INFO ][2015-11-09 18:58:52,095][com.java.TestType] [ 8354] - --------------------------setting values-----------------------------
[INFO ][2015-11-09 18:58:52,095][com.java.TestType] [ 8357] - Action Type : CLICK
[INFO ][2015-11-09 18:58:52,095][com.java.TestType] [ 4421] - Field ::XPH//span[contains(text(),'Yes')]
[INFO ][2015-11-09 18:58:53,095][com.java.TestType] [ 4480] - BEFORE CLICK
[INFO ][2015-11-09 18:58:53,984][com.java.TestType] [ 4488] - Unable to click the object No
[INFO ][2015-11-09 18:58:53,984][com.java.TestType] [ 8376] -  RESULT true
[INFO ][2015-11-09 18:58:53,984][com.java.TestType] [ 8493] - ?   P A S S   ?
[DEBUG][2015-11-09 18:58:53,984][com.java.TestType] [ 8299] - Concept ID:4 :: Step being Executed: 4::15
[ERROR][2015-11-09 18:58:53,984][com.java.TestType] [ 8332] - Exception: null
[INFO ][2015-11-09 18:58:53,984][com.java.TestType] [ 8337] - dataFields : test
[DEBUG][2015-11-09 18:58:53,984][com.java.TestType] [ 8343] - <In Set values of the page>
[DEBUG][2015-11-09 18:58:53,984][com.java.TestType] [ 8348] - {Data Fields & Data Values Exist}
[INFO ][2015-11-09 18:58:53,984][com.java.TestType] [ 8354] - --------------------------setting values-----------------------------
[INFO ][2015-11-09 18:58:53,984][com.java.TestType] [ 8357] - Action Type : WaitTime
[DEBUG][2015-11-09 18:58:53,984][com.java.TestType] [ 3943] - sleepTime: 10000
[INFO ][2015-11-09 18:59:03,985][com.java.TestType] [ 8376] -  RESULT true
[INFO ][2015-11-09 18:59:03,985][com.java.TestType] [ 8493] - ?   P A S S   ?
[DEBUG][2015-11-09 18:59:03,985][com.java.TestType] [ 8299] - Concept ID:4 :: Step being Executed: 4::16
[INFO ][2015-11-09 18:59:03,985][com.java.TestType] [ 8337] - dataFields : BTN
[DEBUG][2015-11-09 18:59:03,985][com.java.TestType] [ 8343] - <In Set values of the page>
[DEBUG][2015-11-09 18:59:03,985][com.java.TestType] [ 8348] - {Data Fields & Data Values Exist}
[INFO ][2015-11-09 18:59:03,985][com.java.TestType] [ 8354] - --------------------------setting values-----------------------------
[INFO ][2015-11-09 18:59:03,985][com.java.TestType] [ 8357] - Action Type : VERIFY
[INFO ][2015-11-09 18:59:03,985][com.java.TestType] [ 5234] - field= BTN value= //div[contains(text(),'New/Renewed Loans vs CD')]/following-sibling::div//span[@class="icon-remove"]
[INFO ][2015-11-09 18:59:03,985][com.java.TestType] [ 4108] - value = //div[contains(text(),'New/Renewed Loans vs CD')]/following-sibling::div//span[@class="icon-remove"]
[INFO ][2015-11-09 18:59:04,026][com.java.TestType] [ 8376] -  RESULT true
[INFO ][2015-11-09 18:59:04,026][com.java.TestType] [ 8493] - ?   P A S S   ?
[DEBUG][2015-11-09 18:59:04,026][com.java.TestType] [ 8299] - Concept ID:4 :: Step being Executed: 4::17
[ERROR][2015-11-09 18:59:04,026][com.java.TestType] [ 8332] - Exception: null
[INFO ][2015-11-09 18:59:04,026][com.java.TestType] [ 8337] - dataFields : HDN//div[contains(text(),'New/Renewed Loans vs CD')]/following-sibling::div//span[@class="icon-remove"]
[DEBUG][2015-11-09 18:59:04,026][com.java.TestType] [ 8343] - <In Set values of the page>
[DEBUG][2015-11-09 18:59:04,026][com.java.TestType] [ 8348] - {Data Fields & Data Values Exist}
[INFO ][2015-11-09 18:59:04,026][com.java.TestType] [ 8354] - --------------------------setting values-----------------------------
[INFO ][2015-11-09 18:59:04,026][com.java.TestType] [ 8357] - Action Type : CLICK
[INFO ][2015-11-09 18:59:04,026][com.java.TestType] [ 4421] - Field ::HDN//div[contains(text(),'New/Renewed Loans vs CD')]/following-sibling::div//span[@class="icon-remove"]
[INFO ][2015-11-09 18:59:05,167][com.java.TestType] [ 8376] -  RESULT true
[INFO ][2015-11-09 18:59:05,167][com.java.TestType] [ 8493] - ?   P A S S   ?
[DEBUG][2015-11-09 18:59:05,167][com.java.TestType] [ 8299] - Concept ID:4 :: Step being Executed: 4::18
[ERROR][2015-11-09 18:59:05,167][com.java.TestType] [ 8332] - Exception: null
[INFO ][2015-11-09 18:59:05,167][com.java.TestType] [ 8337] - dataFields : XPH//span[contains(text(),'Yes')]
[DEBUG][2015-11-09 18:59:05,167][com.java.TestType] [ 8343] - <In Set values of the page>
[DEBUG][2015-11-09 18:59:05,167][com.java.TestType] [ 8348] - {Data Fields & Data Values Exist}
[INFO ][2015-11-09 18:59:05,167][com.java.TestType] [ 8354] - --------------------------setting values-----------------------------
[INFO ][2015-11-09 18:59:05,167][com.java.TestType] [ 8357] - Action Type : CLICK
[INFO ][2015-11-09 18:59:05,167][com.java.TestType] [ 4421] - Field ::XPH//span[contains(text(),'Yes')]
[INFO ][2015-11-09 18:59:06,167][com.java.TestType] [ 4480] - BEFORE CLICK
[INFO ][2015-11-09 18:59:06,990][com.java.TestType] [ 4488] - Unable to click the object No
[INFO ][2015-11-09 18:59:06,990][com.java.TestType] [ 8376] -  RESULT true
[INFO ][2015-11-09 18:59:06,990][com.java.TestType] [ 8493] - ?   P A S S   ?
[DEBUG][2015-11-09 18:59:06,990][com.java.TestType] [ 8299] - Concept ID:4 :: Step being Executed: 4::19
[ERROR][2015-11-09 18:59:06,990][com.java.TestType] [ 8332] - Exception: null
[INFO ][2015-11-09 18:59:06,990][com.java.TestType] [ 8337] - dataFields : test
[DEBUG][2015-11-09 18:59:06,990][com.java.TestType] [ 8343] - <In Set values of the page>
[DEBUG][2015-11-09 18:59:06,990][com.java.TestType] [ 8348] - {Data Fields & Data Values Exist}
[INFO ][2015-11-09 18:59:06,990][com.java.TestType] [ 8354] - --------------------------setting values-----------------------------
[INFO ][2015-11-09 18:59:06,990][com.java.TestType] [ 8357] - Action Type : WaitTime
[DEBUG][2015-11-09 18:59:06,990][com.java.TestType] [ 3943] - sleepTime: 10000
[INFO ][2015-11-09 18:59:16,994][com.java.TestType] [ 8376] -  RESULT true
[INFO ][2015-11-09 18:59:16,994][com.java.TestType] [ 8493] - ?   P A S S   ?
[DEBUG][2015-11-09 18:59:16,994][com.java.TestType] [ 8299] - Concept ID:4 :: Step being Executed: 4::20
[ERROR][2015-11-09 18:59:16,994][com.java.TestType] [ 8332] - Exception: null
[INFO ][2015-11-09 18:59:16,994][com.java.TestType] [ 8337] - dataFields : HDN//div[@class="menu"]//span[@class="icon-pencil2"]
[DEBUG][2015-11-09 18:59:16,994][com.java.TestType] [ 8343] - <In Set values of the page>
[DEBUG][2015-11-09 18:59:16,994][com.java.TestType] [ 8348] - {Data Fields & Data Values Exist}
[INFO ][2015-11-09 18:59:16,994][com.java.TestType] [ 8354] - --------------------------setting values-----------------------------
[INFO ][2015-11-09 18:59:16,994][com.java.TestType] [ 8357] - Action Type : CLICK
[INFO ][2015-11-09 18:59:16,994][com.java.TestType] [ 4421] - Field ::HDN//div[@class="menu"]//span[@class="icon-pencil2"]
[INFO ][2015-11-09 18:59:18,096][com.java.TestType] [ 8376] -  RESULT true
[INFO ][2015-11-09 18:59:18,096][com.java.TestType] [ 8493] - ?   P A S S   ?
[INFO ][2015-11-09 18:59:18,096][com.java.TestType] [ 8564] - Looping End......
[INFO ][2015-11-09 18:59:18,096][com.java.SeleniumDriver] [  861] -  RESULT true
[INFO ][2015-11-09 18:59:18,096][com.java.SeleniumDriver] [ 1066] - ?   P A S S   ?
[INFO ][2015-11-09 18:59:18,096][com.java.SeleniumDriver] [  788] - ------------------------------------------
[INFO ][2015-11-09 18:59:18,096][com.java.SeleniumDriver] [  789] - Test case being Executed: 3
[INFO ][2015-11-09 18:59:18,096][com.java.SeleniumDriver] [  800] - Test step:6
[INFO ][2015-11-09 18:59:18,096][com.java.SeleniumDriver] [  812] - Datavalue is----------null
[DEBUG][2015-11-09 18:59:18,096][com.java.SeleniumDriver] [  830] - Exception: null
[INFO ][2015-11-09 18:59:18,096][com.java.SeleniumDriver] [  836] - DataField : XPH//div[@class="menu"]//span[@class="icon-plus"]
[INFO ][2015-11-09 18:59:18,096][com.java.SeleniumDriver] [  838] - DataValue : 
[INFO ][2015-11-09 18:59:18,096][com.java.SeleniumDriver] [  844] - <In Set values of the page>
[INFO ][2015-11-09 18:59:18,096][com.java.SeleniumDriver] [  847] - {Data Fields & Data Values Exist}
[INFO ][2015-11-09 18:59:18,096][com.java.SeleniumDriver] [  849] - --------------------------setting values-----------------------------
[INFO ][2015-11-09 18:59:18,096][com.java.SeleniumDriver] [  852] - Action Type : CLICK
[INFO ][2015-11-09 18:59:18,096][com.java.TestType] [ 4421] - Field ::XPH//div[@class="menu"]//span[@class="icon-plus"]
[INFO ][2015-11-09 18:59:19,096][com.java.TestType] [ 4480] - BEFORE CLICK
[INFO ][2015-11-09 18:59:20,376][com.java.TestType] [ 4488] - Unable to click the object Add Content
[INFO ][2015-11-09 18:59:20,376][com.java.SeleniumDriver] [  861] -  RESULT true
[INFO ][2015-11-09 18:59:20,376][com.java.SeleniumDriver] [ 1066] - ?   P A S S   ?
[INFO ][2015-11-09 18:59:20,376][com.java.SeleniumDriver] [  788] - ------------------------------------------
[INFO ][2015-11-09 18:59:20,376][com.java.SeleniumDriver] [  789] - Test case being Executed: 3
[INFO ][2015-11-09 18:59:20,376][com.java.SeleniumDriver] [  800] - Test step:7
[INFO ][2015-11-09 18:59:20,376][com.java.SeleniumDriver] [  812] - Datavalue is----------null
[DEBUG][2015-11-09 18:59:20,376][com.java.SeleniumDriver] [  830] - Exception: null
[INFO ][2015-11-09 18:59:20,376][com.java.SeleniumDriver] [  836] - DataField : XPH//span[contains(text(),'My Dashboard Modules')]
[INFO ][2015-11-09 18:59:20,376][com.java.SeleniumDriver] [  838] - DataValue : 
[INFO ][2015-11-09 18:59:20,376][com.java.SeleniumDriver] [  844] - <In Set values of the page>
[INFO ][2015-11-09 18:59:20,376][com.java.SeleniumDriver] [  847] - {Data Fields & Data Values Exist}
[INFO ][2015-11-09 18:59:20,376][com.java.SeleniumDriver] [  849] - --------------------------setting values-----------------------------
[INFO ][2015-11-09 18:59:20,376][com.java.SeleniumDriver] [  852] - Action Type : WAITFORELEMENT
[INFO ][2015-11-09 18:59:20,407][com.java.SeleniumDriver] [  861] -  RESULT true
[INFO ][2015-11-09 18:59:20,407][com.java.SeleniumDriver] [ 1066] - ?   P A S S   ?
[INFO ][2015-11-09 18:59:20,407][com.java.SeleniumDriver] [  788] - ------------------------------------------
[INFO ][2015-11-09 18:59:20,407][com.java.SeleniumDriver] [  789] - Test case being Executed: 3
[INFO ][2015-11-09 18:59:20,407][com.java.SeleniumDriver] [  800] - Test step:8
[INFO ][2015-11-09 18:59:20,407][com.java.SeleniumDriver] [  812] - Datavalue is----------null
[DEBUG][2015-11-09 18:59:20,407][com.java.SeleniumDriver] [  830] - Exception: null
[INFO ][2015-11-09 18:59:20,407][com.java.SeleniumDriver] [  836] - DataField : BTNframeDialogContent
[INFO ][2015-11-09 18:59:20,407][com.java.SeleniumDriver] [  838] - DataValue : 
[INFO ][2015-11-09 18:59:20,407][com.java.SeleniumDriver] [  844] - <In Set values of the page>
[INFO ][2015-11-09 18:59:20,407][com.java.SeleniumDriver] [  847] - {Data Fields & Data Values Exist}
[INFO ][2015-11-09 18:59:20,407][com.java.SeleniumDriver] [  849] - --------------------------setting values-----------------------------
[INFO ][2015-11-09 18:59:20,407][com.java.SeleniumDriver] [  852] - Action Type : SELECTFRAME
[INFO ][2015-11-09 18:59:21,678][com.java.SeleniumDriver] [  861] -  RESULT true
[INFO ][2015-11-09 18:59:21,678][com.java.SeleniumDriver] [ 1066] - ?   P A S S   ?
[INFO ][2015-11-09 18:59:21,678][com.java.SeleniumDriver] [  788] - ------------------------------------------
[INFO ][2015-11-09 18:59:21,678][com.java.SeleniumDriver] [  789] - Test case being Executed: 3
[INFO ][2015-11-09 18:59:21,678][com.java.SeleniumDriver] [  800] - Test step:9
[INFO ][2015-11-09 18:59:21,678][com.java.SeleniumDriver] [  812] - Datavalue is----------null
[DEBUG][2015-11-09 18:59:21,678][com.java.SeleniumDriver] [  830] - Exception: null
[INFO ][2015-11-09 18:59:21,678][com.java.SeleniumDriver] [  836] - DataField : XPH//label[contains(text(),'I want to add an')]/preceding-sibling::input
[INFO ][2015-11-09 18:59:21,678][com.java.SeleniumDriver] [  838] - DataValue : 
[INFO ][2015-11-09 18:59:21,678][com.java.SeleniumDriver] [  844] - <In Set values of the page>
[INFO ][2015-11-09 18:59:21,678][com.java.SeleniumDriver] [  847] - {Data Fields & Data Values Exist}
[INFO ][2015-11-09 18:59:21,678][com.java.SeleniumDriver] [  849] - --------------------------setting values-----------------------------
[INFO ][2015-11-09 18:59:21,678][com.java.SeleniumDriver] [  852] - Action Type : CLICK
[INFO ][2015-11-09 18:59:21,678][com.java.TestType] [ 4421] - Field ::XPH//label[contains(text(),'I want to add an')]/preceding-sibling::input
[INFO ][2015-11-09 18:59:22,678][com.java.TestType] [ 4480] - BEFORE CLICK
[INFO ][2015-11-09 18:59:23,448][com.java.TestType] [ 4488] - Unable to click the object Radio button
[INFO ][2015-11-09 18:59:23,448][com.java.SeleniumDriver] [  861] -  RESULT true
[INFO ][2015-11-09 18:59:23,448][com.java.SeleniumDriver] [ 1066] - ?   P A S S   ?
[INFO ][2015-11-09 18:59:23,448][com.java.SeleniumDriver] [  788] - ------------------------------------------
[INFO ][2015-11-09 18:59:23,448][com.java.SeleniumDriver] [  789] - Test case being Executed: 3
[INFO ][2015-11-09 18:59:23,448][com.java.SeleniumDriver] [  800] - Test step:10
[INFO ][2015-11-09 18:59:23,448][com.java.SeleniumDriver] [  812] - Datavalue is----------null
[DEBUG][2015-11-09 18:59:23,448][com.java.SeleniumDriver] [  830] - Exception: null
[INFO ][2015-11-09 18:59:23,448][com.java.SeleniumDriver] [  836] - DataField : BTNnextButton
[INFO ][2015-11-09 18:59:23,448][com.java.SeleniumDriver] [  838] - DataValue : 
[INFO ][2015-11-09 18:59:23,448][com.java.SeleniumDriver] [  844] - <In Set values of the page>
[INFO ][2015-11-09 18:59:23,448][com.java.SeleniumDriver] [  847] - {Data Fields & Data Values Exist}
[INFO ][2015-11-09 18:59:23,448][com.java.SeleniumDriver] [  849] - --------------------------setting values-----------------------------
[INFO ][2015-11-09 18:59:23,448][com.java.SeleniumDriver] [  852] - Action Type : CLICK
[INFO ][2015-11-09 18:59:23,448][com.java.TestType] [ 4421] - Field ::BTNnextButton
[INFO ][2015-11-09 18:59:24,449][com.java.TestType] [ 4459] - BEFORE CLICK
[INFO ][2015-11-09 18:59:25,930][com.java.TestType] [ 4466] - Unable to click the object Next
[INFO ][2015-11-09 18:59:25,930][com.java.SeleniumDriver] [  861] -  RESULT true
[INFO ][2015-11-09 18:59:25,930][com.java.SeleniumDriver] [ 1066] - ?   P A S S   ?
[INFO ][2015-11-09 18:59:25,930][com.java.SeleniumDriver] [  788] - ------------------------------------------
[INFO ][2015-11-09 18:59:25,930][com.java.SeleniumDriver] [  789] - Test case being Executed: 3
[INFO ][2015-11-09 18:59:25,930][com.java.SeleniumDriver] [  800] - Test step:11
[INFO ][2015-11-09 18:59:25,930][com.java.SeleniumDriver] [  812] - Datavalue is----------null
[DEBUG][2015-11-09 18:59:25,930][com.java.SeleniumDriver] [  830] - Exception: null
[INFO ][2015-11-09 18:59:25,930][com.java.SeleniumDriver] [  836] - DataField : XPH//label[contains(text(),"Fed Funds Futures Curve")]/parent::td/preceding-sibling::td/input
[INFO ][2015-11-09 18:59:25,930][com.java.SeleniumDriver] [  838] - DataValue : 
[INFO ][2015-11-09 18:59:25,930][com.java.SeleniumDriver] [  844] - <In Set values of the page>
[INFO ][2015-11-09 18:59:25,930][com.java.SeleniumDriver] [  847] - {Data Fields & Data Values Exist}
[INFO ][2015-11-09 18:59:25,930][com.java.SeleniumDriver] [  849] - --------------------------setting values-----------------------------
[INFO ][2015-11-09 18:59:25,930][com.java.SeleniumDriver] [  852] - Action Type : CLICK
[INFO ][2015-11-09 18:59:25,930][com.java.TestType] [ 4421] - Field ::XPH//label[contains(text(),"Fed Funds Futures Curve")]/parent::td/preceding-sibling::td/input
[INFO ][2015-11-09 18:59:26,930][com.java.TestType] [ 4480] - BEFORE CLICK
[INFO ][2015-11-09 18:59:27,650][com.java.TestType] [ 4488] - Unable to click the object Checkbox
[INFO ][2015-11-09 18:59:27,650][com.java.SeleniumDriver] [  861] -  RESULT true
[INFO ][2015-11-09 18:59:27,650][com.java.SeleniumDriver] [ 1066] - ?   P A S S   ?
[INFO ][2015-11-09 18:59:27,650][com.java.SeleniumDriver] [  788] - ------------------------------------------
[INFO ][2015-11-09 18:59:27,650][com.java.SeleniumDriver] [  789] - Test case being Executed: 3
[INFO ][2015-11-09 18:59:27,650][com.java.SeleniumDriver] [  800] - Test step:12
[INFO ][2015-11-09 18:59:27,650][com.java.SeleniumDriver] [  812] - Datavalue is----------null
[DEBUG][2015-11-09 18:59:27,650][com.java.SeleniumDriver] [  830] - Exception: null
[INFO ][2015-11-09 18:59:27,650][com.java.SeleniumDriver] [  836] - DataField : BTNsaveButton
[INFO ][2015-11-09 18:59:27,650][com.java.SeleniumDriver] [  838] - DataValue : 
[INFO ][2015-11-09 18:59:27,650][com.java.SeleniumDriver] [  844] - <In Set values of the page>
[INFO ][2015-11-09 18:59:27,650][com.java.SeleniumDriver] [  847] - {Data Fields & Data Values Exist}
[INFO ][2015-11-09 18:59:27,650][com.java.SeleniumDriver] [  849] - --------------------------setting values-----------------------------
[INFO ][2015-11-09 18:59:27,650][com.java.SeleniumDriver] [  852] - Action Type : CLICK
[INFO ][2015-11-09 18:59:27,650][com.java.TestType] [ 4421] - Field ::BTNsaveButton
[INFO ][2015-11-09 18:59:28,651][com.java.TestType] [ 4459] - BEFORE CLICK
[INFO ][2015-11-09 18:59:30,674][com.java.TestType] [ 4466] - Unable to click the object Save
[INFO ][2015-11-09 18:59:30,674][com.java.SeleniumDriver] [  861] -  RESULT true
[INFO ][2015-11-09 18:59:30,674][com.java.SeleniumDriver] [ 1066] - ?   P A S S   ?
[INFO ][2015-11-09 18:59:30,674][com.java.SeleniumDriver] [  788] - ------------------------------------------
[INFO ][2015-11-09 18:59:30,674][com.java.SeleniumDriver] [  789] - Test case being Executed: 3
[INFO ][2015-11-09 18:59:30,674][com.java.SeleniumDriver] [  800] - Test step:13
[INFO ][2015-11-09 18:59:30,674][com.java.SeleniumDriver] [  812] - Datavalue is----------null
[DEBUG][2015-11-09 18:59:30,674][com.java.SeleniumDriver] [  830] - Exception: null
[INFO ][2015-11-09 18:59:30,674][com.java.SeleniumDriver] [  836] - DataField : BTNparent
[INFO ][2015-11-09 18:59:30,674][com.java.SeleniumDriver] [  838] - DataValue : 
[INFO ][2015-11-09 18:59:30,674][com.java.SeleniumDriver] [  844] - <In Set values of the page>
[INFO ][2015-11-09 18:59:30,674][com.java.SeleniumDriver] [  847] - {Data Fields & Data Values Exist}
[INFO ][2015-11-09 18:59:30,674][com.java.SeleniumDriver] [  849] - --------------------------setting values-----------------------------
[INFO ][2015-11-09 18:59:30,674][com.java.SeleniumDriver] [  852] - Action Type : SELECTFRAME
[INFO ][2015-11-09 18:59:30,687][com.java.SeleniumDriver] [  861] -  RESULT true
[INFO ][2015-11-09 18:59:30,687][com.java.SeleniumDriver] [ 1066] - ?   P A S S   ?
[INFO ][2015-11-09 18:59:30,687][com.java.SeleniumDriver] [  788] - ------------------------------------------
[INFO ][2015-11-09 18:59:30,687][com.java.SeleniumDriver] [  789] - Test case being Executed: 3
[INFO ][2015-11-09 18:59:30,687][com.java.SeleniumDriver] [  800] - Test step:14
[INFO ][2015-11-09 18:59:30,687][com.java.SeleniumDriver] [  812] - Datavalue is----------null
[DEBUG][2015-11-09 18:59:30,687][com.java.SeleniumDriver] [  830] - Exception: null
[INFO ][2015-11-09 18:59:30,687][com.java.SeleniumDriver] [  836] - DataField : XPH//div[contains(text(),'Fed Funds Futures Curve')]
[INFO ][2015-11-09 18:59:30,687][com.java.SeleniumDriver] [  838] - DataValue : 
[INFO ][2015-11-09 18:59:30,687][com.java.SeleniumDriver] [  844] - <In Set values of the page>
[INFO ][2015-11-09 18:59:30,687][com.java.SeleniumDriver] [  847] - {Data Fields & Data Values Exist}
[INFO ][2015-11-09 18:59:30,687][com.java.SeleniumDriver] [  849] - --------------------------setting values-----------------------------
[INFO ][2015-11-09 18:59:30,687][com.java.SeleniumDriver] [  852] - Action Type : WAITFORELEMENT
[INFO ][2015-11-09 18:59:30,739][com.java.SeleniumDriver] [  861] -  RESULT true
[INFO ][2015-11-09 18:59:30,739][com.java.SeleniumDriver] [ 1066] - ?   P A S S   ?
[INFO ][2015-11-09 18:59:30,739][com.java.SeleniumDriver] [  788] - ------------------------------------------
[INFO ][2015-11-09 18:59:30,739][com.java.SeleniumDriver] [  789] - Test case being Executed: 3
[INFO ][2015-11-09 18:59:30,739][com.java.SeleniumDriver] [  800] - Test step:15
[INFO ][2015-11-09 18:59:30,739][com.java.SeleniumDriver] [  812] - Datavalue is----------Fed Funds Futures Curve
[INFO ][2015-11-09 18:59:30,739][com.java.SeleniumDriver] [  836] - DataField : XPH//div[contains(text(),'Fed Funds Futures Curve')]
[INFO ][2015-11-09 18:59:30,739][com.java.SeleniumDriver] [  838] - DataValue : Fed Funds Futures Curve
[INFO ][2015-11-09 18:59:30,739][com.java.SeleniumDriver] [  844] - <In Set values of the page>
[INFO ][2015-11-09 18:59:30,739][com.java.SeleniumDriver] [  847] - {Data Fields & Data Values Exist}
[INFO ][2015-11-09 18:59:30,739][com.java.SeleniumDriver] [  849] - --------------------------setting values-----------------------------
[INFO ][2015-11-09 18:59:30,739][com.java.SeleniumDriver] [  852] - Action Type : VERIFY
[INFO ][2015-11-09 18:59:30,739][com.java.TestType] [ 5234] - field= XPH//div[contains(text(),'Fed Funds Futures Curve')] value= Fed Funds Futures Curve
[INFO ][2015-11-09 18:59:30,739][com.java.TestType] [ 4108] - value = Fed Funds Futures Curve
[INFO ][2015-11-09 18:59:30,930][com.java.SeleniumDriver] [  861] -  RESULT true
[INFO ][2015-11-09 18:59:30,930][com.java.SeleniumDriver] [ 1066] - ?   P A S S   ?
[INFO ][2015-11-09 18:59:30,930][com.java.SeleniumDriver] [  788] - ------------------------------------------
[INFO ][2015-11-09 18:59:30,930][com.java.SeleniumDriver] [  789] - Test case being Executed: 3
[INFO ][2015-11-09 18:59:30,930][com.java.SeleniumDriver] [  800] - Test step:16
[INFO ][2015-11-09 18:59:30,930][com.java.SeleniumDriver] [  812] - Datavalue is----------null
[DEBUG][2015-11-09 18:59:30,930][com.java.SeleniumDriver] [  830] - Exception: null
[INFO ][2015-11-09 18:59:30,930][com.java.SeleniumDriver] [  836] - DataField : XPH//div[@class="menu"]//span[@class="icon-plus"]
[INFO ][2015-11-09 18:59:30,930][com.java.SeleniumDriver] [  838] - DataValue : 
[INFO ][2015-11-09 18:59:30,930][com.java.SeleniumDriver] [  844] - <In Set values of the page>
[INFO ][2015-11-09 18:59:30,930][com.java.SeleniumDriver] [  847] - {Data Fields & Data Values Exist}
[INFO ][2015-11-09 18:59:30,930][com.java.SeleniumDriver] [  849] - --------------------------setting values-----------------------------
[INFO ][2015-11-09 18:59:30,930][com.java.SeleniumDriver] [  852] - Action Type : CLICK
[INFO ][2015-11-09 18:59:30,933][com.java.TestType] [ 4421] - Field ::XPH//div[@class="menu"]//span[@class="icon-plus"]
[INFO ][2015-11-09 18:59:31,955][com.java.TestType] [ 4480] - BEFORE CLICK
[INFO ][2015-11-09 18:59:33,244][com.java.TestType] [ 4488] - Unable to click the object Add Content
[INFO ][2015-11-09 18:59:33,244][com.java.SeleniumDriver] [  861] -  RESULT true
[INFO ][2015-11-09 18:59:33,244][com.java.SeleniumDriver] [ 1066] - ?   P A S S   ?
[INFO ][2015-11-09 18:59:33,244][com.java.SeleniumDriver] [  788] - ------------------------------------------
[INFO ][2015-11-09 18:59:33,244][com.java.SeleniumDriver] [  789] - Test case being Executed: 3
[INFO ][2015-11-09 18:59:33,244][com.java.SeleniumDriver] [  800] - Test step:17
[INFO ][2015-11-09 18:59:33,244][com.java.SeleniumDriver] [  812] - Datavalue is----------null
[DEBUG][2015-11-09 18:59:33,244][com.java.SeleniumDriver] [  830] - Exception: null
[INFO ][2015-11-09 18:59:33,244][com.java.SeleniumDriver] [  836] - DataField : XPH//span[contains(text(),'My Dashboard Modules')]
[INFO ][2015-11-09 18:59:33,244][com.java.SeleniumDriver] [  838] - DataValue : 
[INFO ][2015-11-09 18:59:33,244][com.java.SeleniumDriver] [  844] - <In Set values of the page>
[INFO ][2015-11-09 18:59:33,244][com.java.SeleniumDriver] [  847] - {Data Fields & Data Values Exist}
[INFO ][2015-11-09 18:59:33,244][com.java.SeleniumDriver] [  849] - --------------------------setting values-----------------------------
[INFO ][2015-11-09 18:59:33,244][com.java.SeleniumDriver] [  852] - Action Type : WAITFORELEMENT
[INFO ][2015-11-09 18:59:33,275][com.java.SeleniumDriver] [  861] -  RESULT true
[INFO ][2015-11-09 18:59:33,275][com.java.SeleniumDriver] [ 1066] - ?   P A S S   ?
[INFO ][2015-11-09 18:59:33,275][com.java.SeleniumDriver] [  788] - ------------------------------------------
[INFO ][2015-11-09 18:59:33,275][com.java.SeleniumDriver] [  789] - Test case being Executed: 3
[INFO ][2015-11-09 18:59:33,275][com.java.SeleniumDriver] [  800] - Test step:18
[INFO ][2015-11-09 18:59:33,275][com.java.SeleniumDriver] [  812] - Datavalue is----------null
[DEBUG][2015-11-09 18:59:33,275][com.java.SeleniumDriver] [  830] - Exception: null
[INFO ][2015-11-09 18:59:33,275][com.java.SeleniumDriver] [  836] - DataField : BTNframeDialogContent
[INFO ][2015-11-09 18:59:33,275][com.java.SeleniumDriver] [  838] - DataValue : 
[INFO ][2015-11-09 18:59:33,275][com.java.SeleniumDriver] [  844] - <In Set values of the page>
[INFO ][2015-11-09 18:59:33,275][com.java.SeleniumDriver] [  847] - {Data Fields & Data Values Exist}
[INFO ][2015-11-09 18:59:33,275][com.java.SeleniumDriver] [  849] - --------------------------setting values-----------------------------
[INFO ][2015-11-09 18:59:33,275][com.java.SeleniumDriver] [  852] - Action Type : SELECTFRAME
[INFO ][2015-11-09 18:59:34,536][com.java.SeleniumDriver] [  861] -  RESULT true
[INFO ][2015-11-09 18:59:34,536][com.java.SeleniumDriver] [ 1066] - ?   P A S S   ?
[INFO ][2015-11-09 18:59:34,536][com.java.SeleniumDriver] [  788] - ------------------------------------------
[INFO ][2015-11-09 18:59:34,536][com.java.SeleniumDriver] [  789] - Test case being Executed: 3
[INFO ][2015-11-09 18:59:34,536][com.java.SeleniumDriver] [  800] - Test step:19
[INFO ][2015-11-09 18:59:34,536][com.java.SeleniumDriver] [  812] - Datavalue is----------null
[DEBUG][2015-11-09 18:59:34,536][com.java.SeleniumDriver] [  830] - Exception: null
[INFO ][2015-11-09 18:59:34,536][com.java.SeleniumDriver] [  836] - DataField : XPH//label[contains(text(),'I want to add an')]/preceding-sibling::input
[INFO ][2015-11-09 18:59:34,536][com.java.SeleniumDriver] [  838] - DataValue : 
[INFO ][2015-11-09 18:59:34,536][com.java.SeleniumDriver] [  844] - <In Set values of the page>
[INFO ][2015-11-09 18:59:34,536][com.java.SeleniumDriver] [  847] - {Data Fields & Data Values Exist}
[INFO ][2015-11-09 18:59:34,536][com.java.SeleniumDriver] [  849] - --------------------------setting values-----------------------------
[INFO ][2015-11-09 18:59:34,536][com.java.SeleniumDriver] [  852] - Action Type : CLICK
[INFO ][2015-11-09 18:59:34,536][com.java.TestType] [ 4421] - Field ::XPH//label[contains(text(),'I want to add an')]/preceding-sibling::input
[INFO ][2015-11-09 18:59:35,536][com.java.TestType] [ 4480] - BEFORE CLICK
[INFO ][2015-11-09 18:59:36,266][com.java.TestType] [ 4488] - Unable to click the object Radio button
[INFO ][2015-11-09 18:59:36,266][com.java.SeleniumDriver] [  861] -  RESULT true
[INFO ][2015-11-09 18:59:36,266][com.java.SeleniumDriver] [ 1066] - ?   P A S S   ?
[INFO ][2015-11-09 18:59:36,266][com.java.SeleniumDriver] [  788] - ------------------------------------------
[INFO ][2015-11-09 18:59:36,266][com.java.SeleniumDriver] [  789] - Test case being Executed: 3
[INFO ][2015-11-09 18:59:36,266][com.java.SeleniumDriver] [  800] - Test step:20
[INFO ][2015-11-09 18:59:36,266][com.java.SeleniumDriver] [  812] - Datavalue is----------null
[DEBUG][2015-11-09 18:59:36,266][com.java.SeleniumDriver] [  830] - Exception: null
[INFO ][2015-11-09 18:59:36,266][com.java.SeleniumDriver] [  836] - DataField : XPH//button[@id='nextButton']
[INFO ][2015-11-09 18:59:36,266][com.java.SeleniumDriver] [  838] - DataValue : 
[INFO ][2015-11-09 18:59:36,266][com.java.SeleniumDriver] [  844] - <In Set values of the page>
[INFO ][2015-11-09 18:59:36,266][com.java.SeleniumDriver] [  847] - {Data Fields & Data Values Exist}
[INFO ][2015-11-09 18:59:36,266][com.java.SeleniumDriver] [  849] - --------------------------setting values-----------------------------
[INFO ][2015-11-09 18:59:36,266][com.java.SeleniumDriver] [  852] - Action Type : CLICK
[INFO ][2015-11-09 18:59:36,266][com.java.TestType] [ 4421] - Field ::XPH//button[@id='nextButton']
[INFO ][2015-11-09 18:59:37,267][com.java.TestType] [ 4480] - BEFORE CLICK
[INFO ][2015-11-09 18:59:38,317][com.java.TestType] [ 4488] - Unable to click the object Next
[INFO ][2015-11-09 18:59:38,317][com.java.SeleniumDriver] [  861] -  RESULT true
[INFO ][2015-11-09 18:59:38,317][com.java.SeleniumDriver] [ 1066] - ?   P A S S   ?
[INFO ][2015-11-09 18:59:38,317][com.java.SeleniumDriver] [  788] - ------------------------------------------
[INFO ][2015-11-09 18:59:38,317][com.java.SeleniumDriver] [  789] - Test case being Executed: 3
[INFO ][2015-11-09 18:59:38,317][com.java.SeleniumDriver] [  800] - Test step:21
[INFO ][2015-11-09 18:59:38,317][com.java.SeleniumDriver] [  812] - Datavalue is----------null
[DEBUG][2015-11-09 18:59:38,317][com.java.SeleniumDriver] [  830] - Exception: null
[INFO ][2015-11-09 18:59:38,317][com.java.SeleniumDriver] [  836] - DataField : XPH//label[contains(text(),"My Favorite Reports")]/parent::td/preceding-sibling::td/input
[INFO ][2015-11-09 18:59:38,317][com.java.SeleniumDriver] [  838] - DataValue : 
[INFO ][2015-11-09 18:59:38,317][com.java.SeleniumDriver] [  844] - <In Set values of the page>
[INFO ][2015-11-09 18:59:38,317][com.java.SeleniumDriver] [  847] - {Data Fields & Data Values Exist}
[INFO ][2015-11-09 18:59:38,317][com.java.SeleniumDriver] [  849] - --------------------------setting values-----------------------------
[INFO ][2015-11-09 18:59:38,317][com.java.SeleniumDriver] [  852] - Action Type : CLICK
[INFO ][2015-11-09 18:59:38,317][com.java.TestType] [ 4421] - Field ::XPH//label[contains(text(),"My Favorite Reports")]/parent::td/preceding-sibling::td/input
[INFO ][2015-11-09 18:59:39,318][com.java.TestType] [ 4480] - BEFORE CLICK
[INFO ][2015-11-09 18:59:40,038][com.java.TestType] [ 4488] - Unable to click the object Checkbox
[INFO ][2015-11-09 18:59:40,038][com.java.SeleniumDriver] [  861] -  RESULT true
[INFO ][2015-11-09 18:59:40,038][com.java.SeleniumDriver] [ 1066] - ?   P A S S   ?
[INFO ][2015-11-09 18:59:40,038][com.java.SeleniumDriver] [  788] - ------------------------------------------
[INFO ][2015-11-09 18:59:40,038][com.java.SeleniumDriver] [  789] - Test case being Executed: 3
[INFO ][2015-11-09 18:59:40,038][com.java.SeleniumDriver] [  800] - Test step:22
[INFO ][2015-11-09 18:59:40,038][com.java.SeleniumDriver] [  812] - Datavalue is----------null
[DEBUG][2015-11-09 18:59:40,038][com.java.SeleniumDriver] [  830] - Exception: null
[INFO ][2015-11-09 18:59:40,038][com.java.SeleniumDriver] [  836] - DataField : BTNsaveButton
[INFO ][2015-11-09 18:59:40,038][com.java.SeleniumDriver] [  838] - DataValue : 
[INFO ][2015-11-09 18:59:40,038][com.java.SeleniumDriver] [  844] - <In Set values of the page>
[INFO ][2015-11-09 18:59:40,038][com.java.SeleniumDriver] [  847] - {Data Fields & Data Values Exist}
[INFO ][2015-11-09 18:59:40,038][com.java.SeleniumDriver] [  849] - --------------------------setting values-----------------------------
[INFO ][2015-11-09 18:59:40,038][com.java.SeleniumDriver] [  852] - Action Type : CLICK
[INFO ][2015-11-09 18:59:40,038][com.java.TestType] [ 4421] - Field ::BTNsaveButton
[INFO ][2015-11-09 18:59:41,039][com.java.TestType] [ 4459] - BEFORE CLICK
[INFO ][2015-11-09 18:59:43,035][com.java.TestType] [ 4466] - Unable to click the object Save
[INFO ][2015-11-09 18:59:43,035][com.java.SeleniumDriver] [  861] -  RESULT true
[INFO ][2015-11-09 18:59:43,035][com.java.SeleniumDriver] [ 1066] - ?   P A S S   ?
[INFO ][2015-11-09 18:59:43,035][com.java.SeleniumDriver] [  788] - ------------------------------------------
[INFO ][2015-11-09 18:59:43,035][com.java.SeleniumDriver] [  789] - Test case being Executed: 3
[INFO ][2015-11-09 18:59:43,035][com.java.SeleniumDriver] [  800] - Test step:23
[INFO ][2015-11-09 18:59:43,035][com.java.SeleniumDriver] [  812] - Datavalue is----------null
[DEBUG][2015-11-09 18:59:43,035][com.java.SeleniumDriver] [  830] - Exception: null
[INFO ][2015-11-09 18:59:43,035][com.java.SeleniumDriver] [  836] - DataField : BTNparent
[INFO ][2015-11-09 18:59:43,035][com.java.SeleniumDriver] [  838] - DataValue : 
[INFO ][2015-11-09 18:59:43,035][com.java.SeleniumDriver] [  844] - <In Set values of the page>
[INFO ][2015-11-09 18:59:43,035][com.java.SeleniumDriver] [  847] - {Data Fields & Data Values Exist}
[INFO ][2015-11-09 18:59:43,035][com.java.SeleniumDriver] [  849] - --------------------------setting values-----------------------------
[INFO ][2015-11-09 18:59:43,035][com.java.SeleniumDriver] [  852] - Action Type : SELECTFRAME
[INFO ][2015-11-09 18:59:43,045][com.java.SeleniumDriver] [  861] -  RESULT true
[INFO ][2015-11-09 18:59:43,045][com.java.SeleniumDriver] [ 1066] - ?   P A S S   ?
[INFO ][2015-11-09 18:59:43,045][com.java.SeleniumDriver] [  788] - ------------------------------------------
[INFO ][2015-11-09 18:59:43,045][com.java.SeleniumDriver] [  789] - Test case being Executed: 3
[INFO ][2015-11-09 18:59:43,045][com.java.SeleniumDriver] [  800] - Test step:24
[INFO ][2015-11-09 18:59:43,045][com.java.SeleniumDriver] [  812] - Datavalue is----------null
[DEBUG][2015-11-09 18:59:43,045][com.java.SeleniumDriver] [  830] - Exception: null
[INFO ][2015-11-09 18:59:43,045][com.java.SeleniumDriver] [  836] - DataField : XPH//div[contains(text(),'My Favorite Reports')]
[INFO ][2015-11-09 18:59:43,045][com.java.SeleniumDriver] [  838] - DataValue : 
[INFO ][2015-11-09 18:59:43,045][com.java.SeleniumDriver] [  844] - <In Set values of the page>
[INFO ][2015-11-09 18:59:43,045][com.java.SeleniumDriver] [  847] - {Data Fields & Data Values Exist}
[INFO ][2015-11-09 18:59:43,045][com.java.SeleniumDriver] [  849] - --------------------------setting values-----------------------------
[INFO ][2015-11-09 18:59:43,045][com.java.SeleniumDriver] [  852] - Action Type : WAITFORELEMENT
[INFO ][2015-11-09 18:59:43,085][com.java.SeleniumDriver] [  861] -  RESULT true
[INFO ][2015-11-09 18:59:43,085][com.java.SeleniumDriver] [ 1066] - ?   P A S S   ?
[INFO ][2015-11-09 18:59:43,085][com.java.SeleniumDriver] [  788] - ------------------------------------------
[INFO ][2015-11-09 18:59:43,085][com.java.SeleniumDriver] [  789] - Test case being Executed: 3
[INFO ][2015-11-09 18:59:43,085][com.java.SeleniumDriver] [  800] - Test step:25
[INFO ][2015-11-09 18:59:43,085][com.java.SeleniumDriver] [  812] - Datavalue is----------My Favorite Reports
[INFO ][2015-11-09 18:59:43,085][com.java.SeleniumDriver] [  836] - DataField : XPH//div[contains(text(),'My Favorite Reports')]
[INFO ][2015-11-09 18:59:43,085][com.java.SeleniumDriver] [  838] - DataValue : My Favorite Reports
[INFO ][2015-11-09 18:59:43,085][com.java.SeleniumDriver] [  844] - <In Set values of the page>
[INFO ][2015-11-09 18:59:43,085][com.java.SeleniumDriver] [  847] - {Data Fields & Data Values Exist}
[INFO ][2015-11-09 18:59:43,085][com.java.SeleniumDriver] [  849] - --------------------------setting values-----------------------------
[INFO ][2015-11-09 18:59:43,085][com.java.SeleniumDriver] [  852] - Action Type : VERIFY
[INFO ][2015-11-09 18:59:43,085][com.java.TestType] [ 5234] - field= XPH//div[contains(text(),'My Favorite Reports')] value= My Favorite Reports
[INFO ][2015-11-09 18:59:43,085][com.java.TestType] [ 4108] - value = My Favorite Reports
[INFO ][2015-11-09 18:59:43,216][com.java.SeleniumDriver] [  861] -  RESULT true
[INFO ][2015-11-09 18:59:43,216][com.java.SeleniumDriver] [ 1066] - ?   P A S S   ?
[INFO ][2015-11-09 18:59:43,216][com.java.SeleniumDriver] [  788] - ------------------------------------------
[INFO ][2015-11-09 18:59:43,216][com.java.SeleniumDriver] [  789] - Test case being Executed: 3
[INFO ][2015-11-09 18:59:43,216][com.java.SeleniumDriver] [  800] - Test step:26
[INFO ][2015-11-09 18:59:43,216][com.java.SeleniumDriver] [  812] - Datavalue is----------null
[DEBUG][2015-11-09 18:59:43,216][com.java.SeleniumDriver] [  830] - Exception: null
[INFO ][2015-11-09 18:59:43,216][com.java.SeleniumDriver] [  836] - DataField : XPH//div[@class="menu"]//span[@class="icon-plus"]
[INFO ][2015-11-09 18:59:43,216][com.java.SeleniumDriver] [  838] - DataValue : 
[INFO ][2015-11-09 18:59:43,216][com.java.SeleniumDriver] [  844] - <In Set values of the page>
[INFO ][2015-11-09 18:59:43,216][com.java.SeleniumDriver] [  847] - {Data Fields & Data Values Exist}
[INFO ][2015-11-09 18:59:43,216][com.java.SeleniumDriver] [  849] - --------------------------setting values-----------------------------
[INFO ][2015-11-09 18:59:43,216][com.java.SeleniumDriver] [  852] - Action Type : CLICK
[INFO ][2015-11-09 18:59:43,216][com.java.TestType] [ 4421] - Field ::XPH//div[@class="menu"]//span[@class="icon-plus"]
[INFO ][2015-11-09 18:59:44,216][com.java.TestType] [ 4480] - BEFORE CLICK
[INFO ][2015-11-09 18:59:45,501][com.java.TestType] [ 4488] - Unable to click the object Add Content
[INFO ][2015-11-09 18:59:45,501][com.java.SeleniumDriver] [  861] -  RESULT true
[INFO ][2015-11-09 18:59:45,501][com.java.SeleniumDriver] [ 1066] - ?   P A S S   ?
[INFO ][2015-11-09 18:59:45,501][com.java.SeleniumDriver] [  788] - ------------------------------------------
[INFO ][2015-11-09 18:59:45,501][com.java.SeleniumDriver] [  789] - Test case being Executed: 3
[INFO ][2015-11-09 18:59:45,501][com.java.SeleniumDriver] [  800] - Test step:27
[INFO ][2015-11-09 18:59:45,501][com.java.SeleniumDriver] [  812] - Datavalue is----------null
[DEBUG][2015-11-09 18:59:45,501][com.java.SeleniumDriver] [  830] - Exception: null
[INFO ][2015-11-09 18:59:45,501][com.java.SeleniumDriver] [  836] - DataField : XPH//span[contains(text(),'My Dashboard Modules')]
[INFO ][2015-11-09 18:59:45,501][com.java.SeleniumDriver] [  838] - DataValue : 
[INFO ][2015-11-09 18:59:45,501][com.java.SeleniumDriver] [  844] - <In Set values of the page>
[INFO ][2015-11-09 18:59:45,501][com.java.SeleniumDriver] [  847] - {Data Fields & Data Values Exist}
[INFO ][2015-11-09 18:59:45,501][com.java.SeleniumDriver] [  849] - --------------------------setting values-----------------------------
[INFO ][2015-11-09 18:59:45,501][com.java.SeleniumDriver] [  852] - Action Type : WAITFORELEMENT
[INFO ][2015-11-09 18:59:45,532][com.java.SeleniumDriver] [  861] -  RESULT true
[INFO ][2015-11-09 18:59:45,532][com.java.SeleniumDriver] [ 1066] - ?   P A S S   ?
[INFO ][2015-11-09 18:59:45,532][com.java.SeleniumDriver] [  788] - ------------------------------------------
[INFO ][2015-11-09 18:59:45,532][com.java.SeleniumDriver] [  789] - Test case being Executed: 3
[INFO ][2015-11-09 18:59:45,532][com.java.SeleniumDriver] [  800] - Test step:28
[INFO ][2015-11-09 18:59:45,532][com.java.SeleniumDriver] [  812] - Datavalue is----------null
[DEBUG][2015-11-09 18:59:45,532][com.java.SeleniumDriver] [  830] - Exception: null
[INFO ][2015-11-09 18:59:45,532][com.java.SeleniumDriver] [  836] - DataField : BTNframeDialogContent
[INFO ][2015-11-09 18:59:45,532][com.java.SeleniumDriver] [  838] - DataValue : 
[INFO ][2015-11-09 18:59:45,532][com.java.SeleniumDriver] [  844] - <In Set values of the page>
[INFO ][2015-11-09 18:59:45,532][com.java.SeleniumDriver] [  847] - {Data Fields & Data Values Exist}
[INFO ][2015-11-09 18:59:45,532][com.java.SeleniumDriver] [  849] - --------------------------setting values-----------------------------
[INFO ][2015-11-09 18:59:45,532][com.java.SeleniumDriver] [  852] - Action Type : SELECTFRAME
[INFO ][2015-11-09 18:59:46,783][com.java.SeleniumDriver] [  861] -  RESULT true
[INFO ][2015-11-09 18:59:46,783][com.java.SeleniumDriver] [ 1066] - ?   P A S S   ?
[INFO ][2015-11-09 18:59:46,783][com.java.SeleniumDriver] [  788] - ------------------------------------------
[INFO ][2015-11-09 18:59:46,783][com.java.SeleniumDriver] [  789] - Test case being Executed: 3
[INFO ][2015-11-09 18:59:46,783][com.java.SeleniumDriver] [  800] - Test step:29
[INFO ][2015-11-09 18:59:46,783][com.java.SeleniumDriver] [  812] - Datavalue is----------null
[DEBUG][2015-11-09 18:59:46,783][com.java.SeleniumDriver] [  830] - Exception: null
[INFO ][2015-11-09 18:59:46,783][com.java.SeleniumDriver] [  836] - DataField : XPH//label[contains(text(),'I want to add an')]/preceding-sibling::input
[INFO ][2015-11-09 18:59:46,783][com.java.SeleniumDriver] [  838] - DataValue : 
[INFO ][2015-11-09 18:59:46,783][com.java.SeleniumDriver] [  844] - <In Set values of the page>
[INFO ][2015-11-09 18:59:46,783][com.java.SeleniumDriver] [  847] - {Data Fields & Data Values Exist}
[INFO ][2015-11-09 18:59:46,783][com.java.SeleniumDriver] [  849] - --------------------------setting values-----------------------------
[INFO ][2015-11-09 18:59:46,783][com.java.SeleniumDriver] [  852] - Action Type : CLICK
[INFO ][2015-11-09 18:59:46,783][com.java.TestType] [ 4421] - Field ::XPH//label[contains(text(),'I want to add an')]/preceding-sibling::input
[INFO ][2015-11-09 18:59:47,783][com.java.TestType] [ 4480] - BEFORE CLICK
[INFO ][2015-11-09 18:59:48,533][com.java.TestType] [ 4488] - Unable to click the object Radio button
[INFO ][2015-11-09 18:59:48,533][com.java.SeleniumDriver] [  861] -  RESULT true
[INFO ][2015-11-09 18:59:48,533][com.java.SeleniumDriver] [ 1066] - ?   P A S S   ?
[INFO ][2015-11-09 18:59:48,533][com.java.SeleniumDriver] [  788] - ------------------------------------------
[INFO ][2015-11-09 18:59:48,533][com.java.SeleniumDriver] [  789] - Test case being Executed: 3
[INFO ][2015-11-09 18:59:48,533][com.java.SeleniumDriver] [  800] - Test step:30
[INFO ][2015-11-09 18:59:48,533][com.java.SeleniumDriver] [  812] - Datavalue is----------null
[DEBUG][2015-11-09 18:59:48,533][com.java.SeleniumDriver] [  830] - Exception: null
[INFO ][2015-11-09 18:59:48,533][com.java.SeleniumDriver] [  836] - DataField : BTNnextButton
[INFO ][2015-11-09 18:59:48,533][com.java.SeleniumDriver] [  838] - DataValue : 
[INFO ][2015-11-09 18:59:48,533][com.java.SeleniumDriver] [  844] - <In Set values of the page>
[INFO ][2015-11-09 18:59:48,533][com.java.SeleniumDriver] [  847] - {Data Fields & Data Values Exist}
[INFO ][2015-11-09 18:59:48,533][com.java.SeleniumDriver] [  849] - --------------------------setting values-----------------------------
[INFO ][2015-11-09 18:59:48,533][com.java.SeleniumDriver] [  852] - Action Type : CLICK
[INFO ][2015-11-09 18:59:48,533][com.java.TestType] [ 4421] - Field ::BTNnextButton
[INFO ][2015-11-09 18:59:49,534][com.java.TestType] [ 4459] - BEFORE CLICK
[INFO ][2015-11-09 18:59:50,997][com.java.TestType] [ 4466] - Unable to click the object Next
[INFO ][2015-11-09 18:59:50,997][com.java.SeleniumDriver] [  861] -  RESULT true
[INFO ][2015-11-09 18:59:50,997][com.java.SeleniumDriver] [ 1066] - ?   P A S S   ?
[INFO ][2015-11-09 18:59:50,997][com.java.SeleniumDriver] [  788] - ------------------------------------------
[INFO ][2015-11-09 18:59:50,997][com.java.SeleniumDriver] [  789] - Test case being Executed: 3
[INFO ][2015-11-09 18:59:50,997][com.java.SeleniumDriver] [  800] - Test step:31
[INFO ][2015-11-09 18:59:50,997][com.java.SeleniumDriver] [  812] - Datavalue is----------null
[DEBUG][2015-11-09 18:59:50,997][com.java.SeleniumDriver] [  830] - Exception: null
[INFO ][2015-11-09 18:59:50,997][com.java.SeleniumDriver] [  836] - DataField : XPH//label[contains(text(),"My Margin")]/parent::td/preceding-sibling::td/input
[INFO ][2015-11-09 18:59:50,997][com.java.SeleniumDriver] [  838] - DataValue : 
[INFO ][2015-11-09 18:59:50,997][com.java.SeleniumDriver] [  844] - <In Set values of the page>
[INFO ][2015-11-09 18:59:50,997][com.java.SeleniumDriver] [  847] - {Data Fields & Data Values Exist}
[INFO ][2015-11-09 18:59:50,997][com.java.SeleniumDriver] [  849] - --------------------------setting values-----------------------------
[INFO ][2015-11-09 18:59:50,997][com.java.SeleniumDriver] [  852] - Action Type : CLICK
[INFO ][2015-11-09 18:59:50,997][com.java.TestType] [ 4421] - Field ::XPH//label[contains(text(),"My Margin")]/parent::td/preceding-sibling::td/input
[INFO ][2015-11-09 18:59:51,997][com.java.TestType] [ 4480] - BEFORE CLICK
[INFO ][2015-11-09 18:59:52,727][com.java.TestType] [ 4488] - Unable to click the object Checkbox
[INFO ][2015-11-09 18:59:52,727][com.java.SeleniumDriver] [  861] -  RESULT true
[INFO ][2015-11-09 18:59:52,727][com.java.SeleniumDriver] [ 1066] - ?   P A S S   ?
[INFO ][2015-11-09 18:59:52,727][com.java.SeleniumDriver] [  788] - ------------------------------------------
[INFO ][2015-11-09 18:59:52,727][com.java.SeleniumDriver] [  789] - Test case being Executed: 3
[INFO ][2015-11-09 18:59:52,727][com.java.SeleniumDriver] [  800] - Test step:32
[INFO ][2015-11-09 18:59:52,727][com.java.SeleniumDriver] [  812] - Datavalue is----------null
[DEBUG][2015-11-09 18:59:52,727][com.java.SeleniumDriver] [  830] - Exception: null
[INFO ][2015-11-09 18:59:52,727][com.java.SeleniumDriver] [  836] - DataField : BTNsaveButton
[INFO ][2015-11-09 18:59:52,727][com.java.SeleniumDriver] [  838] - DataValue : 
[INFO ][2015-11-09 18:59:52,727][com.java.SeleniumDriver] [  844] - <In Set values of the page>
[INFO ][2015-11-09 18:59:52,727][com.java.SeleniumDriver] [  847] - {Data Fields & Data Values Exist}
[INFO ][2015-11-09 18:59:52,727][com.java.SeleniumDriver] [  849] - --------------------------setting values-----------------------------
[INFO ][2015-11-09 18:59:52,727][com.java.SeleniumDriver] [  852] - Action Type : CLICK
[INFO ][2015-11-09 18:59:52,727][com.java.TestType] [ 4421] - Field ::BTNsaveButton
[INFO ][2015-11-09 18:59:53,728][com.java.TestType] [ 4459] - BEFORE CLICK
[INFO ][2015-11-09 18:59:55,764][com.java.TestType] [ 4466] - Unable to click the object Save
[INFO ][2015-11-09 18:59:55,764][com.java.SeleniumDriver] [  861] -  RESULT true
[INFO ][2015-11-09 18:59:55,764][com.java.SeleniumDriver] [ 1066] - ?   P A S S   ?
[INFO ][2015-11-09 18:59:55,764][com.java.SeleniumDriver] [  788] - ------------------------------------------
[INFO ][2015-11-09 18:59:55,764][com.java.SeleniumDriver] [  789] - Test case being Executed: 3
[INFO ][2015-11-09 18:59:55,764][com.java.SeleniumDriver] [  800] - Test step:33
[INFO ][2015-11-09 18:59:55,764][com.java.SeleniumDriver] [  812] - Datavalue is----------null
[DEBUG][2015-11-09 18:59:55,764][com.java.SeleniumDriver] [  830] - Exception: null
[INFO ][2015-11-09 18:59:55,764][com.java.SeleniumDriver] [  836] - DataField : BTNparent
[INFO ][2015-11-09 18:59:55,764][com.java.SeleniumDriver] [  838] - DataValue : 
[INFO ][2015-11-09 18:59:55,764][com.java.SeleniumDriver] [  844] - <In Set values of the page>
[INFO ][2015-11-09 18:59:55,764][com.java.SeleniumDriver] [  847] - {Data Fields & Data Values Exist}
[INFO ][2015-11-09 18:59:55,764][com.java.SeleniumDriver] [  849] - --------------------------setting values-----------------------------
[INFO ][2015-11-09 18:59:55,764][com.java.SeleniumDriver] [  852] - Action Type : SELECTFRAME
[INFO ][2015-11-09 18:59:55,774][com.java.SeleniumDriver] [  861] -  RESULT true
[INFO ][2015-11-09 18:59:55,774][com.java.SeleniumDriver] [ 1066] - ?   P A S S   ?
[INFO ][2015-11-09 18:59:55,774][com.java.SeleniumDriver] [  788] - ------------------------------------------
[INFO ][2015-11-09 18:59:55,774][com.java.SeleniumDriver] [  789] - Test case being Executed: 3
[INFO ][2015-11-09 18:59:55,774][com.java.SeleniumDriver] [  800] - Test step:34
[INFO ][2015-11-09 18:59:55,774][com.java.SeleniumDriver] [  812] - Datavalue is----------null
[DEBUG][2015-11-09 18:59:55,774][com.java.SeleniumDriver] [  830] - Exception: null
[INFO ][2015-11-09 18:59:55,774][com.java.SeleniumDriver] [  836] - DataField : XPH//div[contains(text(),'My Margin')]
[INFO ][2015-11-09 18:59:55,774][com.java.SeleniumDriver] [  838] - DataValue : 
[INFO ][2015-11-09 18:59:55,774][com.java.SeleniumDriver] [  844] - <In Set values of the page>
[INFO ][2015-11-09 18:59:55,774][com.java.SeleniumDriver] [  847] - {Data Fields & Data Values Exist}
[INFO ][2015-11-09 18:59:55,774][com.java.SeleniumDriver] [  849] - --------------------------setting values-----------------------------
[INFO ][2015-11-09 18:59:55,774][com.java.SeleniumDriver] [  852] - Action Type : WAITFORELEMENT
[INFO ][2015-11-09 18:59:55,814][com.java.SeleniumDriver] [  861] -  RESULT true
[INFO ][2015-11-09 18:59:55,814][com.java.SeleniumDriver] [ 1066] - ?   P A S S   ?
[INFO ][2015-11-09 18:59:55,814][com.java.SeleniumDriver] [  788] - ------------------------------------------
[INFO ][2015-11-09 18:59:55,814][com.java.SeleniumDriver] [  789] - Test case being Executed: 3
[INFO ][2015-11-09 18:59:55,814][com.java.SeleniumDriver] [  800] - Test step:35
[INFO ][2015-11-09 18:59:55,814][com.java.SeleniumDriver] [  812] - Datavalue is----------My Margin
[INFO ][2015-11-09 18:59:55,814][com.java.SeleniumDriver] [  836] - DataField : XPH//div[contains(text(),'My Margin')]
[INFO ][2015-11-09 18:59:55,814][com.java.SeleniumDriver] [  838] - DataValue : My Margin
[INFO ][2015-11-09 18:59:55,814][com.java.SeleniumDriver] [  844] - <In Set values of the page>
[INFO ][2015-11-09 18:59:55,814][com.java.SeleniumDriver] [  847] - {Data Fields & Data Values Exist}
[INFO ][2015-11-09 18:59:55,814][com.java.SeleniumDriver] [  849] - --------------------------setting values-----------------------------
[INFO ][2015-11-09 18:59:55,814][com.java.SeleniumDriver] [  852] - Action Type : VERIFY
[INFO ][2015-11-09 18:59:55,814][com.java.TestType] [ 5234] - field= XPH//div[contains(text(),'My Margin')] value= My Margin
[INFO ][2015-11-09 18:59:55,814][com.java.TestType] [ 4108] - value = My Margin
[INFO ][2015-11-09 18:59:55,945][com.java.SeleniumDriver] [  861] -  RESULT true
[INFO ][2015-11-09 18:59:55,945][com.java.SeleniumDriver] [ 1066] - ?   P A S S   ?
[INFO ][2015-11-09 18:59:55,945][com.java.SeleniumDriver] [  788] - ------------------------------------------
[INFO ][2015-11-09 18:59:55,945][com.java.SeleniumDriver] [  789] - Test case being Executed: 3
[INFO ][2015-11-09 18:59:55,945][com.java.SeleniumDriver] [  800] - Test step:36
[INFO ][2015-11-09 18:59:55,945][com.java.SeleniumDriver] [  812] - Datavalue is----------null
[DEBUG][2015-11-09 18:59:55,945][com.java.SeleniumDriver] [  830] - Exception: null
[INFO ][2015-11-09 18:59:55,945][com.java.SeleniumDriver] [  836] - DataField : XPH//div[@class="menu"]//span[@class="icon-plus"]
[INFO ][2015-11-09 18:59:55,945][com.java.SeleniumDriver] [  838] - DataValue : 
[INFO ][2015-11-09 18:59:55,945][com.java.SeleniumDriver] [  844] - <In Set values of the page>
[INFO ][2015-11-09 18:59:55,945][com.java.SeleniumDriver] [  847] - {Data Fields & Data Values Exist}
[INFO ][2015-11-09 18:59:55,945][com.java.SeleniumDriver] [  849] - --------------------------setting values-----------------------------
[INFO ][2015-11-09 18:59:55,945][com.java.SeleniumDriver] [  852] - Action Type : CLICK
[INFO ][2015-11-09 18:59:55,945][com.java.TestType] [ 4421] - Field ::XPH//div[@class="menu"]//span[@class="icon-plus"]
[INFO ][2015-11-09 18:59:56,945][com.java.TestType] [ 4480] - BEFORE CLICK
[INFO ][2015-11-09 19:00:09,929][com.java.TestType] [ 4488] - Unable to click the object Add Content
[INFO ][2015-11-09 19:00:09,929][com.java.SeleniumDriver] [  861] -  RESULT true
[INFO ][2015-11-09 19:00:09,929][com.java.SeleniumDriver] [ 1066] - ?   P A S S   ?
[INFO ][2015-11-09 19:00:09,929][com.java.SeleniumDriver] [  788] - ------------------------------------------
[INFO ][2015-11-09 19:00:09,929][com.java.SeleniumDriver] [  789] - Test case being Executed: 3
[INFO ][2015-11-09 19:00:09,929][com.java.SeleniumDriver] [  800] - Test step:37
[INFO ][2015-11-09 19:00:09,929][com.java.SeleniumDriver] [  812] - Datavalue is----------null
[DEBUG][2015-11-09 19:00:09,929][com.java.SeleniumDriver] [  830] - Exception: null
[INFO ][2015-11-09 19:00:09,929][com.java.SeleniumDriver] [  836] - DataField : XPH//span[contains(text(),'My Dashboard Modules')]
[INFO ][2015-11-09 19:00:09,929][com.java.SeleniumDriver] [  838] - DataValue : 
[INFO ][2015-11-09 19:00:09,929][com.java.SeleniumDriver] [  844] - <In Set values of the page>
[INFO ][2015-11-09 19:00:09,929][com.java.SeleniumDriver] [  847] - {Data Fields & Data Values Exist}
[INFO ][2015-11-09 19:00:09,929][com.java.SeleniumDriver] [  849] - --------------------------setting values-----------------------------
[INFO ][2015-11-09 19:00:09,929][com.java.SeleniumDriver] [  852] - Action Type : WAITFORELEMENT
[INFO ][2015-11-09 19:00:09,960][com.java.SeleniumDriver] [  861] -  RESULT true
[INFO ][2015-11-09 19:00:09,960][com.java.SeleniumDriver] [ 1066] - ?   P A S S   ?
[INFO ][2015-11-09 19:00:09,960][com.java.SeleniumDriver] [  788] - ------------------------------------------
[INFO ][2015-11-09 19:00:09,960][com.java.SeleniumDriver] [  789] - Test case being Executed: 3
[INFO ][2015-11-09 19:00:09,960][com.java.SeleniumDriver] [  800] - Test step:38
[INFO ][2015-11-09 19:00:09,960][com.java.SeleniumDriver] [  812] - Datavalue is----------null
[DEBUG][2015-11-09 19:00:09,960][com.java.SeleniumDriver] [  830] - Exception: null
[INFO ][2015-11-09 19:00:09,960][com.java.SeleniumDriver] [  836] - DataField : BTNframeDialogContent
[INFO ][2015-11-09 19:00:09,960][com.java.SeleniumDriver] [  838] - DataValue : 
[INFO ][2015-11-09 19:00:09,960][com.java.SeleniumDriver] [  844] - <In Set values of the page>
[INFO ][2015-11-09 19:00:09,960][com.java.SeleniumDriver] [  847] - {Data Fields & Data Values Exist}
[INFO ][2015-11-09 19:00:09,960][com.java.SeleniumDriver] [  849] - --------------------------setting values-----------------------------
[INFO ][2015-11-09 19:00:09,960][com.java.SeleniumDriver] [  852] - Action Type : SELECTFRAME
[INFO ][2015-11-09 19:00:11,221][com.java.SeleniumDriver] [  861] -  RESULT true
[INFO ][2015-11-09 19:00:11,221][com.java.SeleniumDriver] [ 1066] - ?   P A S S   ?
[INFO ][2015-11-09 19:00:11,221][com.java.SeleniumDriver] [  788] - ------------------------------------------
[INFO ][2015-11-09 19:00:11,221][com.java.SeleniumDriver] [  789] - Test case being Executed: 3
[INFO ][2015-11-09 19:00:11,221][com.java.SeleniumDriver] [  800] - Test step:39
[INFO ][2015-11-09 19:00:11,221][com.java.SeleniumDriver] [  812] - Datavalue is----------null
[DEBUG][2015-11-09 19:00:11,221][com.java.SeleniumDriver] [  830] - Exception: null
[INFO ][2015-11-09 19:00:11,221][com.java.SeleniumDriver] [  836] - DataField : XPH//label[contains(text(),'I want to add an')]/preceding-sibling::input
[INFO ][2015-11-09 19:00:11,221][com.java.SeleniumDriver] [  838] - DataValue : 
[INFO ][2015-11-09 19:00:11,221][com.java.SeleniumDriver] [  844] - <In Set values of the page>
[INFO ][2015-11-09 19:00:11,221][com.java.SeleniumDriver] [  847] - {Data Fields & Data Values Exist}
[INFO ][2015-11-09 19:00:11,221][com.java.SeleniumDriver] [  849] - --------------------------setting values-----------------------------
[INFO ][2015-11-09 19:00:11,221][com.java.SeleniumDriver] [  852] - Action Type : CLICK
[INFO ][2015-11-09 19:00:11,221][com.java.TestType] [ 4421] - Field ::XPH//label[contains(text(),'I want to add an')]/preceding-sibling::input
[INFO ][2015-11-09 19:00:12,221][com.java.TestType] [ 4480] - BEFORE CLICK
[INFO ][2015-11-09 19:00:12,991][com.java.TestType] [ 4488] - Unable to click the object Radio button
[INFO ][2015-11-09 19:00:12,991][com.java.SeleniumDriver] [  861] -  RESULT true
[INFO ][2015-11-09 19:00:12,991][com.java.SeleniumDriver] [ 1066] - ?   P A S S   ?
[INFO ][2015-11-09 19:00:12,991][com.java.SeleniumDriver] [  788] - ------------------------------------------
[INFO ][2015-11-09 19:00:12,991][com.java.SeleniumDriver] [  789] - Test case being Executed: 3
[INFO ][2015-11-09 19:00:12,991][com.java.SeleniumDriver] [  800] - Test step:40
[INFO ][2015-11-09 19:00:12,991][com.java.SeleniumDriver] [  812] - Datavalue is----------null
[DEBUG][2015-11-09 19:00:12,991][com.java.SeleniumDriver] [  830] - Exception: null
[INFO ][2015-11-09 19:00:12,991][com.java.SeleniumDriver] [  836] - DataField : BTNnextButton
[INFO ][2015-11-09 19:00:12,991][com.java.SeleniumDriver] [  838] - DataValue : 
[INFO ][2015-11-09 19:00:12,991][com.java.SeleniumDriver] [  844] - <In Set values of the page>
[INFO ][2015-11-09 19:00:12,991][com.java.SeleniumDriver] [  847] - {Data Fields & Data Values Exist}
[INFO ][2015-11-09 19:00:12,991][com.java.SeleniumDriver] [  849] - --------------------------setting values-----------------------------
[INFO ][2015-11-09 19:00:12,991][com.java.SeleniumDriver] [  852] - Action Type : CLICK
[INFO ][2015-11-09 19:00:12,991][com.java.TestType] [ 4421] - Field ::BTNnextButton
[INFO ][2015-11-09 19:00:13,992][com.java.TestType] [ 4459] - BEFORE CLICK
[INFO ][2015-11-09 19:00:15,683][com.java.TestType] [ 4466] - Unable to click the object Next
[INFO ][2015-11-09 19:00:15,683][com.java.SeleniumDriver] [  861] -  RESULT true
[INFO ][2015-11-09 19:00:15,683][com.java.SeleniumDriver] [ 1066] - ?   P A S S   ?
[INFO ][2015-11-09 19:00:15,683][com.java.SeleniumDriver] [  788] - ------------------------------------------
[INFO ][2015-11-09 19:00:15,683][com.java.SeleniumDriver] [  789] - Test case being Executed: 3
[INFO ][2015-11-09 19:00:15,683][com.java.SeleniumDriver] [  800] - Test step:41
[INFO ][2015-11-09 19:00:15,683][com.java.SeleniumDriver] [  812] - Datavalue is----------null
[DEBUG][2015-11-09 19:00:15,683][com.java.SeleniumDriver] [  830] - Exception: null
[INFO ][2015-11-09 19:00:15,683][com.java.SeleniumDriver] [  836] - DataField : XPH//label[contains(text(),"New/Renewed Loans vs CD's")]/parent::td/preceding-sibling::td/input
[INFO ][2015-11-09 19:00:15,683][com.java.SeleniumDriver] [  838] - DataValue : 
[INFO ][2015-11-09 19:00:15,683][com.java.SeleniumDriver] [  844] - <In Set values of the page>
[INFO ][2015-11-09 19:00:15,683][com.java.SeleniumDriver] [  847] - {Data Fields & Data Values Exist}
[INFO ][2015-11-09 19:00:15,683][com.java.SeleniumDriver] [  849] - --------------------------setting values-----------------------------
[INFO ][2015-11-09 19:00:15,683][com.java.SeleniumDriver] [  852] - Action Type : CLICK
[INFO ][2015-11-09 19:00:15,683][com.java.TestType] [ 4421] - Field ::XPH//label[contains(text(),"New/Renewed Loans vs CD's")]/parent::td/preceding-sibling::td/input
[INFO ][2015-11-09 19:00:16,683][com.java.TestType] [ 4480] - BEFORE CLICK
[INFO ][2015-11-09 19:00:17,383][com.java.TestType] [ 4488] - Unable to click the object Checkbox
[INFO ][2015-11-09 19:00:17,383][com.java.SeleniumDriver] [  861] -  RESULT true
[INFO ][2015-11-09 19:00:17,383][com.java.SeleniumDriver] [ 1066] - ?   P A S S   ?
[INFO ][2015-11-09 19:00:17,383][com.java.SeleniumDriver] [  788] - ------------------------------------------
[INFO ][2015-11-09 19:00:17,383][com.java.SeleniumDriver] [  789] - Test case being Executed: 3
[INFO ][2015-11-09 19:00:17,383][com.java.SeleniumDriver] [  800] - Test step:42
[INFO ][2015-11-09 19:00:17,383][com.java.SeleniumDriver] [  812] - Datavalue is----------null
[DEBUG][2015-11-09 19:00:17,383][com.java.SeleniumDriver] [  830] - Exception: null
[INFO ][2015-11-09 19:00:17,383][com.java.SeleniumDriver] [  836] - DataField : BTNsaveButton
[INFO ][2015-11-09 19:00:17,383][com.java.SeleniumDriver] [  838] - DataValue : 
[INFO ][2015-11-09 19:00:17,383][com.java.SeleniumDriver] [  844] - <In Set values of the page>
[INFO ][2015-11-09 19:00:17,383][com.java.SeleniumDriver] [  847] - {Data Fields & Data Values Exist}
[INFO ][2015-11-09 19:00:17,383][com.java.SeleniumDriver] [  849] - --------------------------setting values-----------------------------
[INFO ][2015-11-09 19:00:17,383][com.java.SeleniumDriver] [  852] - Action Type : CLICK
[INFO ][2015-11-09 19:00:17,383][com.java.TestType] [ 4421] - Field ::BTNsaveButton
[INFO ][2015-11-09 19:00:18,384][com.java.TestType] [ 4459] - BEFORE CLICK
[INFO ][2015-11-09 19:00:20,370][com.java.TestType] [ 4466] - Unable to click the object Save
[INFO ][2015-11-09 19:00:20,370][com.java.SeleniumDriver] [  861] -  RESULT true
[INFO ][2015-11-09 19:00:20,370][com.java.SeleniumDriver] [ 1066] - ?   P A S S   ?
[INFO ][2015-11-09 19:00:20,370][com.java.SeleniumDriver] [  788] - ------------------------------------------
[INFO ][2015-11-09 19:00:20,370][com.java.SeleniumDriver] [  789] - Test case being Executed: 3
[INFO ][2015-11-09 19:00:20,370][com.java.SeleniumDriver] [  800] - Test step:43
[INFO ][2015-11-09 19:00:20,370][com.java.SeleniumDriver] [  812] - Datavalue is----------null
[DEBUG][2015-11-09 19:00:20,370][com.java.SeleniumDriver] [  830] - Exception: null
[INFO ][2015-11-09 19:00:20,370][com.java.SeleniumDriver] [  836] - DataField : BTNparent
[INFO ][2015-11-09 19:00:20,370][com.java.SeleniumDriver] [  838] - DataValue : 
[INFO ][2015-11-09 19:00:20,370][com.java.SeleniumDriver] [  844] - <In Set values of the page>
[INFO ][2015-11-09 19:00:20,370][com.java.SeleniumDriver] [  847] - {Data Fields & Data Values Exist}
[INFO ][2015-11-09 19:00:20,370][com.java.SeleniumDriver] [  849] - --------------------------setting values-----------------------------
[INFO ][2015-11-09 19:00:20,370][com.java.SeleniumDriver] [  852] - Action Type : SELECTFRAME
[INFO ][2015-11-09 19:00:20,380][com.java.SeleniumDriver] [  861] -  RESULT true
[INFO ][2015-11-09 19:00:20,380][com.java.SeleniumDriver] [ 1066] - ?   P A S S   ?
[INFO ][2015-11-09 19:00:20,380][com.java.SeleniumDriver] [  788] - ------------------------------------------
[INFO ][2015-11-09 19:00:20,380][com.java.SeleniumDriver] [  789] - Test case being Executed: 3
[INFO ][2015-11-09 19:00:20,380][com.java.SeleniumDriver] [  800] - Test step:44
[INFO ][2015-11-09 19:00:20,380][com.java.SeleniumDriver] [  812] - Datavalue is----------null
[DEBUG][2015-11-09 19:00:20,380][com.java.SeleniumDriver] [  830] - Exception: null
[INFO ][2015-11-09 19:00:20,380][com.java.SeleniumDriver] [  836] - DataField : XPH//div[contains(text(),'New/Renewed Loans vs CD')]
[INFO ][2015-11-09 19:00:20,380][com.java.SeleniumDriver] [  838] - DataValue : 
[INFO ][2015-11-09 19:00:20,380][com.java.SeleniumDriver] [  844] - <In Set values of the page>
[INFO ][2015-11-09 19:00:20,380][com.java.SeleniumDriver] [  847] - {Data Fields & Data Values Exist}
[INFO ][2015-11-09 19:00:20,380][com.java.SeleniumDriver] [  849] - --------------------------setting values-----------------------------
[INFO ][2015-11-09 19:00:20,380][com.java.SeleniumDriver] [  852] - Action Type : WAITFORELEMENT
[INFO ][2015-11-09 19:00:20,420][com.java.SeleniumDriver] [  861] -  RESULT true
[INFO ][2015-11-09 19:00:20,420][com.java.SeleniumDriver] [ 1066] - ?   P A S S   ?
[INFO ][2015-11-09 19:00:20,420][com.java.SeleniumDriver] [  788] - ------------------------------------------
[INFO ][2015-11-09 19:00:20,420][com.java.SeleniumDriver] [  789] - Test case being Executed: 3
[INFO ][2015-11-09 19:00:20,420][com.java.SeleniumDriver] [  800] - Test step:45
[INFO ][2015-11-09 19:00:20,420][com.java.SeleniumDriver] [  812] - Datavalue is----------New/Renewed Loans vs CD
[INFO ][2015-11-09 19:00:20,420][com.java.SeleniumDriver] [  836] - DataField : XPH//div[contains(text(),'New/Renewed Loans vs CD')]
[INFO ][2015-11-09 19:00:20,420][com.java.SeleniumDriver] [  838] - DataValue : New/Renewed Loans vs CD
[INFO ][2015-11-09 19:00:20,420][com.java.SeleniumDriver] [  844] - <In Set values of the page>
[INFO ][2015-11-09 19:00:20,420][com.java.SeleniumDriver] [  847] - {Data Fields & Data Values Exist}
[INFO ][2015-11-09 19:00:20,420][com.java.SeleniumDriver] [  849] - --------------------------setting values-----------------------------
[INFO ][2015-11-09 19:00:20,420][com.java.SeleniumDriver] [  852] - Action Type : VERIFY
[INFO ][2015-11-09 19:00:20,420][com.java.TestType] [ 5234] - field= XPH//div[contains(text(),'New/Renewed Loans vs CD')] value= New/Renewed Loans vs CD
[INFO ][2015-11-09 19:00:20,420][com.java.TestType] [ 4108] - value = New/Renewed Loans vs CD
[INFO ][2015-11-09 19:00:20,541][com.java.SeleniumDriver] [  861] -  RESULT true
[INFO ][2015-11-09 19:00:20,541][com.java.SeleniumDriver] [ 1066] - ?   P A S S   ?
[DEBUG][2015-11-09 19:00:20,541][com.java.SeleniumDriver] [ 1168] - Case found
[DEBUG][2015-11-09 19:00:20,541][com.java.SeleniumDriver] [ 1173] - Incrementing ReportCounters[0]:2
[INFO ][2015-11-09 19:00:20,541][com.java.SeleniumDriver] [ 1192] - The results are-------------------[3, 1, Report Package: Run Report Package to Email, Pass, , Mon Nov 09 18:58:00 IST 2015, 3, 3, Valid Login, Pass, , Mon Nov 09 18:58:05 IST 2015, 3, 4, Start Page: Add Content: Out of the Box Module, Pass, , Mon Nov 09 18:58:05 IST 2015, 3, 5, Start Page: Add Content: Out of the Box Module, Pass, , Mon Nov 09 18:59:18 IST 2015, 3, 6, Start Page: Add Content: Out of the Box Module, Pass, , Mon Nov 09 18:59:20 IST 2015, 3, 7, Start Page: Add Content: Out of the Box Module, Pass, , Mon Nov 09 18:59:20 IST 2015, 3, 8, Start Page: Add Content: Out of the Box Module, Pass, , Mon Nov 09 18:59:21 IST 2015, 3, 9, Start Page: Add Content: Out of the Box Module, Pass, , Mon Nov 09 18:59:23 IST 2015, 3, 10, Start Page: Add Content: Out of the Box Module, Pass, , Mon Nov 09 18:59:25 IST 2015, 3, 11, Start Page: Add Content: Out of the Box Module, Pass, , Mon Nov 09 18:59:27 IST 2015, 3, 12, Start Page: Add Content: Out of the Box Module, Pass, , Mon Nov 09 18:59:30 IST 2015, 3, 13, Start Page: Add Content: Out of the Box Module, Pass, , Mon Nov 09 18:59:30 IST 2015, 3, 14, Start Page: Add Content: Out of the Box Module, Pass, , Mon Nov 09 18:59:30 IST 2015, 3, 15, Start Page: Add Content: Out of the Box Module, Pass, , Mon Nov 09 18:59:30 IST 2015, 3, 16, Start Page: Add Content: Out of the Box Module, Pass, , Mon Nov 09 18:59:33 IST 2015, 3, 17, Start Page: Add Content: Out of the Box Module, Pass, , Mon Nov 09 18:59:33 IST 2015, 3, 18, Start Page: Add Content: Out of the Box Module, Pass, , Mon Nov 09 18:59:34 IST 2015, 3, 19, Start Page: Add Content: Out of the Box Module, Pass, , Mon Nov 09 18:59:36 IST 2015, 3, 20, Start Page: Add Content: Out of the Box Module, Pass, , Mon Nov 09 18:59:38 IST 2015, 3, 21, Start Page: Add Content: Out of the Box Module, Pass, , Mon Nov 09 18:59:40 IST 2015, 3, 22, Start Page: Add Content: Out of the Box Module, Pass, , Mon Nov 09 18:59:43 IST 2015, 3, 23, Start Page: Add Content: Out of the Box Module, Pass, , Mon Nov 09 18:59:43 IST 2015, 3, 24, Start Page: Add Content: Out of the Box Module, Pass, , Mon Nov 09 18:59:43 IST 2015, 3, 25, Start Page: Add Content: Out of the Box Module, Pass, , Mon Nov 09 18:59:43 IST 2015, 3, 26, Start Page: Add Content: Out of the Box Module, Pass, , Mon Nov 09 18:59:45 IST 2015, 3, 27, Start Page: Add Content: Out of the Box Module, Pass, , Mon Nov 09 18:59:45 IST 2015, 3, 28, Start Page: Add Content: Out of the Box Module, Pass, , Mon Nov 09 18:59:46 IST 2015, 3, 29, Start Page: Add Content: Out of the Box Module, Pass, , Mon Nov 09 18:59:48 IST 2015, 3, 30, Start Page: Add Content: Out of the Box Module, Pass, , Mon Nov 09 18:59:50 IST 2015, 3, 31, Start Page: Add Content: Out of the Box Module, Pass, , Mon Nov 09 18:59:52 IST 2015, 3, 32, Start Page: Add Content: Out of the Box Module, Pass, , Mon Nov 09 18:59:55 IST 2015, 3, 33, Start Page: Add Content: Out of the Box Module, Pass, , Mon Nov 09 18:59:55 IST 2015, 3, 34, Start Page: Add Content: Out of the Box Module, Pass, , Mon Nov 09 18:59:55 IST 2015, 3, 35, Start Page: Add Content: Out of the Box Module, Pass, , Mon Nov 09 18:59:55 IST 2015, 3, 36, Start Page: Add Content: Out of the Box Module, Pass, , Mon Nov 09 19:00:09 IST 2015, 3, 37, Start Page: Add Content: Out of the Box Module, Pass, , Mon Nov 09 19:00:09 IST 2015, 3, 38, Start Page: Add Content: Out of the Box Module, Pass, , Mon Nov 09 19:00:11 IST 2015, 3, 39, Start Page: Add Content: Out of the Box Module, Pass, , Mon Nov 09 19:00:12 IST 2015, 3, 40, Start Page: Add Content: Out of the Box Module, Pass, , Mon Nov 09 19:00:15 IST 2015, 3, 41, Start Page: Add Content: Out of the Box Module, Pass, , Mon Nov 09 19:00:17 IST 2015, 3, 42, Start Page: Add Content: Out of the Box Module, Pass, , Mon Nov 09 19:00:20 IST 2015, 3, 43, Start Page: Add Content: Out of the Box Module, Pass, , Mon Nov 09 19:00:20 IST 2015, 3, 44, Start Page: Add Content: Out of the Box Module, Pass, , Mon Nov 09 19:00:20 IST 2015, 3, 45, Start Page: Add Content: Out of the Box Module, Pass, , Mon Nov 09 19:00:20 IST 2015]
[INFO ][2015-11-09 19:00:20,541][com.java.SeleniumDriver] [ 1196] - End time is-------3 min 54 sec
[INFO ][2015-11-09 19:00:20,541][com.java.SeleniumDriver] [ 1197] - The results are-------------------[3, 1, Report Package: Run Report Package to Email, Pass, , Mon Nov 09 18:58:00 IST 2015, 3, 3, Valid Login, Pass, , Mon Nov 09 18:58:05 IST 2015, 3, 4, Start Page: Add Content: Out of the Box Module, Pass, , Mon Nov 09 18:58:05 IST 2015, 3, 5, Start Page: Add Content: Out of the Box Module, Pass, , Mon Nov 09 18:59:18 IST 2015, 3, 6, Start Page: Add Content: Out of the Box Module, Pass, , Mon Nov 09 18:59:20 IST 2015, 3, 7, Start Page: Add Content: Out of the Box Module, Pass, , Mon Nov 09 18:59:20 IST 2015, 3, 8, Start Page: Add Content: Out of the Box Module, Pass, , Mon Nov 09 18:59:21 IST 2015, 3, 9, Start Page: Add Content: Out of the Box Module, Pass, , Mon Nov 09 18:59:23 IST 2015, 3, 10, Start Page: Add Content: Out of the Box Module, Pass, , Mon Nov 09 18:59:25 IST 2015, 3, 11, Start Page: Add Content: Out of the Box Module, Pass, , Mon Nov 09 18:59:27 IST 2015, 3, 12, Start Page: Add Content: Out of the Box Module, Pass, , Mon Nov 09 18:59:30 IST 2015, 3, 13, Start Page: Add Content: Out of the Box Module, Pass, , Mon Nov 09 18:59:30 IST 2015, 3, 14, Start Page: Add Content: Out of the Box Module, Pass, , Mon Nov 09 18:59:30 IST 2015, 3, 15, Start Page: Add Content: Out of the Box Module, Pass, , Mon Nov 09 18:59:30 IST 2015, 3, 16, Start Page: Add Content: Out of the Box Module, Pass, , Mon Nov 09 18:59:33 IST 2015, 3, 17, Start Page: Add Content: Out of the Box Module, Pass, , Mon Nov 09 18:59:33 IST 2015, 3, 18, Start Page: Add Content: Out of the Box Module, Pass, , Mon Nov 09 18:59:34 IST 2015, 3, 19, Start Page: Add Content: Out of the Box Module, Pass, , Mon Nov 09 18:59:36 IST 2015, 3, 20, Start Page: Add Content: Out of the Box Module, Pass, , Mon Nov 09 18:59:38 IST 2015, 3, 21, Start Page: Add Content: Out of the Box Module, Pass, , Mon Nov 09 18:59:40 IST 2015, 3, 22, Start Page: Add Content: Out of the Box Module, Pass, , Mon Nov 09 18:59:43 IST 2015, 3, 23, Start Page: Add Content: Out of the Box Module, Pass, , Mon Nov 09 18:59:43 IST 2015, 3, 24, Start Page: Add Content: Out of the Box Module, Pass, , Mon Nov 09 18:59:43 IST 2015, 3, 25, Start Page: Add Content: Out of the Box Module, Pass, , Mon Nov 09 18:59:43 IST 2015, 3, 26, Start Page: Add Content: Out of the Box Module, Pass, , Mon Nov 09 18:59:45 IST 2015, 3, 27, Start Page: Add Content: Out of the Box Module, Pass, , Mon Nov 09 18:59:45 IST 2015, 3, 28, Start Page: Add Content: Out of the Box Module, Pass, , Mon Nov 09 18:59:46 IST 2015, 3, 29, Start Page: Add Content: Out of the Box Module, Pass, , Mon Nov 09 18:59:48 IST 2015, 3, 30, Start Page: Add Content: Out of the Box Module, Pass, , Mon Nov 09 18:59:50 IST 2015, 3, 31, Start Page: Add Content: Out of the Box Module, Pass, , Mon Nov 09 18:59:52 IST 2015, 3, 32, Start Page: Add Content: Out of the Box Module, Pass, , Mon Nov 09 18:59:55 IST 2015, 3, 33, Start Page: Add Content: Out of the Box Module, Pass, , Mon Nov 09 18:59:55 IST 2015, 3, 34, Start Page: Add Content: Out of the Box Module, Pass, , Mon Nov 09 18:59:55 IST 2015, 3, 35, Start Page: Add Content: Out of the Box Module, Pass, , Mon Nov 09 18:59:55 IST 2015, 3, 36, Start Page: Add Content: Out of the Box Module, Pass, , Mon Nov 09 19:00:09 IST 2015, 3, 37, Start Page: Add Content: Out of the Box Module, Pass, , Mon Nov 09 19:00:09 IST 2015, 3, 38, Start Page: Add Content: Out of the Box Module, Pass, , Mon Nov 09 19:00:11 IST 2015, 3, 39, Start Page: Add Content: Out of the Box Module, Pass, , Mon Nov 09 19:00:12 IST 2015, 3, 40, Start Page: Add Content: Out of the Box Module, Pass, , Mon Nov 09 19:00:15 IST 2015, 3, 41, Start Page: Add Content: Out of the Box Module, Pass, , Mon Nov 09 19:00:17 IST 2015, 3, 42, Start Page: Add Content: Out of the Box Module, Pass, , Mon Nov 09 19:00:20 IST 2015, 3, 43, Start Page: Add Content: Out of the Box Module, Pass, , Mon Nov 09 19:00:20 IST 2015, 3, 44, Start Page: Add Content: Out of the Box Module, Pass, , Mon Nov 09 19:00:20 IST 2015, 3, 45, Start Page: Add Content: Out of the Box Module, Pass, , Mon Nov 09 19:00:20 IST 2015]
[DEBUG][2015-11-09 19:00:20,541][com.java.ImportnExport.ExportTestResultsExcel] [  222] - testResultPath = D:\BankersDashboard/TestReports/Test Results_BankersDashBoard_110915_185627_IE11_Simmons First National Bank.xls
[DEBUG][2015-11-09 19:00:20,541][com.java.ImportnExport.ExportTestResultsExcel] [  223] - browser is------------IE11
[DEBUG][2015-11-09 19:00:20,541][com.java.ImportnExport.ExportTestResultsExcel] [  270] - result.size() = 264
[DEBUG][2015-11-09 19:00:20,541][com.java.ImportnExport.ExportTestResultsExcel] [  274] - No of rows in sheet=2
[DEBUG][2015-11-09 19:00:20,541][com.java.ImportnExport.ExportTestResultsExcel] [  301] - ..in export..3
[DEBUG][2015-11-09 19:00:20,541][com.java.ImportnExport.ExportTestResultsExcel] [  301] - ..in export..Report Package: Run Report Package to Email
[DEBUG][2015-11-09 19:00:20,541][com.java.ImportnExport.ExportTestResultsExcel] [  301] - ..in export..Pass
[DEBUG][2015-11-09 19:00:20,541][com.java.ImportnExport.ExportTestResultsExcel] [  301] - ..in export..
[DEBUG][2015-11-09 19:00:20,541][com.java.ImportnExport.ExportTestResultsExcel] [  301] - ..in export..Mon Nov 09 18:58:00 IST 2015
[INFO ][2015-11-09 19:00:20,541][com.java.SeleniumDriver] [ 1255] - out loop:1 size:2 TestCases:[1, 3] testcases:[1, 3]
[INFO ][2015-11-09 19:00:22,541][com.java.SeleniumDriver] [ 1297] - Total Number of Cases:2
[INFO ][2015-11-09 19:00:22,541][com.java.TemplateGenerator] [  302] - Executed:2
[INFO ][2015-11-09 19:00:22,541][com.java.TemplateGenerator] [  303] - Passed:2
[INFO ][2015-11-09 19:00:22,541][com.java.TemplateGenerator] [  304] - Failed:0
[INFO ][2015-11-09 19:00:22,541][com.java.TemplateGenerator] [  305] - Skipeed:0
[INFO ][2015-11-09 19:00:22,541][com.java.TemplateGenerator] [  306] - Application URL:https://clients-xuat.bankersdashboard.com
[INFO ][2015-11-09 19:00:22,541][com.java.TemplateGenerator] [  307] - Start Time:110915_185627
[INFO ][2015-11-09 19:00:22,541][com.java.TemplateGenerator] [  308] -  Creating HTML Report 
[ERROR][2015-11-09 19:00:22,541][com.java.TemplateGenerator] [  409] - Unparseable date: "Mon Nov 09 06:56:27 IST 2015"
[INFO ][2015-11-09 19:00:22,541][com.java.TemplateGenerator] [  654] -  Exporting case :: 1
[INFO ][2015-11-09 19:00:22,541][com.java.TemplateGenerator] [  654] -  Exporting case :: 3
[INFO ][2015-11-09 19:00:22,541][com.java.SeleniumDriver] [ 1346] - End Time:110915_190022
[INFO ][2015-11-09 19:00:22,541][com.java.SeleniumDriver] [ 1349] - Data in Test Execution Details:{1=PASS, 3=PASS}
[INFO ][2015-11-09 19:00:22,541][com.java.SeleniumDriver] [ 1350] - Data in Failed Execution Deatils:{}
[INFO ][2015-11-09 19:00:22,541][com.java.SeleniumDriver] [ 1352] - ReportCounter:Total:2 :: PASS: 2 ::FAIL: 0
[INFO ][2015-11-09 19:00:22,541][com.java.SeleniumDriver] [ 1353] - FailedReportCounter:Total:0 :: PASS: 0 ::FAIL: 0
[INFO ][2015-11-09 19:00:22,542][com.java.EmailTestReport] [   63] - Sending report mail details:
[INFO ][2015-11-09 19:00:22,542][com.java.EmailTestReport] [   80] - Excel Report Path:D:\BankersDashboard/TestReports/Test Results_BankersDashBoard_110915_185627_IE11_Simmons First National Bank.xls
[INFO ][2015-11-09 19:00:22,542][com.java.EmailTestReport] [   81] - HTML Report Path:D:\BankersDashboard//TestReports//Test Results_BankersDashBoard_110915_185627_IE11_Simmons First National Bank.html
[INFO ][2015-11-09 19:00:22,542][com.java.EmailTestReport] [   82] - smtpHostName:mail01.valuelabs.com
[INFO ][2015-11-09 19:00:22,542][com.java.EmailTestReport] [   83] - Recipient:venkateswararao.gubbala@valuelabs.com
[INFO ][2015-11-09 19:00:22,542][com.java.EmailTestReport] [   84] - From:venkateswararao.gubbala@valuelabs.com
[INFO ][2015-11-09 19:00:22,542][com.java.EmailTestReport] [   85] - Subject:Deluxe Corp Bankers Dashboard Automation Test Report - Simmons First National Bank - IE11
[INFO ][2015-11-09 19:00:22,562][com.java.EmailTestReport] [  143] -  Added venkateswararao.gubbala@valuelabs.com
[INFO ][2015-11-09 19:00:25,952][com.java.SeleniumDriver] [  719] - quitting the browser 
[INFO ][2015-11-09 19:00:27,202][com.java.SeleniumDriver] [  263] - Execution Completed Stopping the thread
