[INFO ][2016-02-03 15:48:58,061][com.java.SeleniumDriver] [  213] - Execute Failed Casesfalse
[INFO ][2016-02-03 15:48:58,061][com.java.SeleniumDriver] [  214] - Browser: IE10
[INFO ][2016-02-03 15:48:58,061][com.java.SeleniumDriver] [  215] - [1, 22]
[INFO ][2016-02-03 15:48:58,061][com.java.SeleniumDriver] [  216] - Total TestCases:2
[INFO ][2016-02-03 15:48:58,061][com.java.SeleniumDriver] [  217] -  Reading Properties from Property File 
[DEBUG][2016-02-03 15:48:58,062][com.java.SeleniumDriver] [  238] - url : https://clients-xuat.bankersdashboard.com
[INFO ][2016-02-03 15:48:58,063][com.java.ImportnExport.ExportTestResultsExcel] [  116] - Time Stamp Wed Feb 03 03:48:58 IST 2016
[INFO ][2016-02-03 15:48:58,063][com.java.ImportnExport.ExportTestResultsExcel] [  175] - OUT FILE : D:\BankersDashboard/TestReports/Test Results_BankersDashBoard_020316_154858_IE10_First Bank.xls
[INFO ][2016-02-03 15:48:58,093][com.java.ImportnExport.ExportTestResultsExcel] [  180] - Test Result file is created
[DEBUG][2016-02-03 15:48:58,186][com.java.SeleniumDriver] [  426] - Hub ip address is-------172.17.68.34
[INFO ][2016-02-03 15:48:58,187][com.java.SeleniumDriver] [  452] - Grid URL:http://172.17.68.34:4444/wd/hub
[INFO ][2016-02-03 15:48:58,187][com.java.SeleniumDriver] [  453] - Capability:Capabilities [{platform=ANY, ensureCleanSession=true, ignoreProtectedModeSettings=true, acceptSslCerts=true, ignoreZoomSetting=true, browserName=internet explorer, browserstack.ie.noFlash=true, version=null}]
[ERROR][2016-02-03 15:48:59,510][com.java.SeleniumDriver] [  498] - Unable invoke browser in grid:Could not start a new session. Possible causes are invalid address of the remote server or browser start-up failure.
Build info: version: '2.48.2', revision: '41bccdd', time: '2015-10-09 19:59:12'
System info: host: 'FVTIII438F1D', ip: '172.17.68.34', os.name: 'Windows 7', os.arch: 'x86', os.version: '6.1', java.version: '1.7.0_55'
Driver info: driver.version: SeleniumDriver
[INFO ][2016-02-03 15:48:59,510][com.java.SeleniumDriver] [  500] - Executing on local machine
[INFO ][2016-02-03 15:49:10,529][com.java.SeleniumDriver] [  248] - IE10is opened
[INFO ][2016-02-03 15:49:11,395][com.java.SeleniumDriver] [  756] - Test cases to be executed are: [1, 22]
[INFO ][2016-02-03 15:49:11,418][com.java.ImportnExport.ImportTestDataDetailsExcel] [   49] - test data details path===== D:\BankersDashboard\TestInputs\TestData.xls
[INFO ][2016-02-03 15:49:11,497][com.java.SeleniumDriver] [  856] - ------------------------------------------
[INFO ][2016-02-03 15:49:11,497][com.java.SeleniumDriver] [  857] - Test case being Executed: 1
[INFO ][2016-02-03 15:49:11,497][com.java.SeleniumDriver] [  869] - Test step:1
[INFO ][2016-02-03 15:49:11,497][com.java.SeleniumDriver] [  881] - Datavalue is----------Concept#1:1-16
[INFO ][2016-02-03 15:49:11,497][com.java.SeleniumDriver] [  905] - DataField : test
[INFO ][2016-02-03 15:49:11,498][com.java.SeleniumDriver] [  907] - DataValue : Concept#1:1-16
[INFO ][2016-02-03 15:49:11,498][com.java.SeleniumDriver] [  913] - <In Set values of the page>
[INFO ][2016-02-03 15:49:11,498][com.java.SeleniumDriver] [  916] - {Data Fields & Data Values Exist}
[INFO ][2016-02-03 15:49:11,498][com.java.SeleniumDriver] [  918] - --------------------------setting values-----------------------------
[INFO ][2016-02-03 15:49:11,498][com.java.SeleniumDriver] [  921] - Action Type : ExecuteTestCase
[INFO ][2016-02-03 15:49:11,517][com.java.TestType] [  448] - The Concept sheet name is ---------- Concept
[INFO ][2016-02-03 15:49:11,518][com.java.TestType] [  451] - The Concept ID  is ---------- 1
[DEBUG][2016-02-03 15:49:11,518][com.java.TestType] [  455] - Steps being executted in the Concept are: 1:16
[INFO ][2016-02-03 15:49:11,518][com.java.TestType] [  462] - Test data details path ---------- D:\BankersDashboard\TestInputs\TestData.xls
[INFO ][2016-02-03 15:49:11,539][com.java.TestType] [  493] -  str(1) = 1
[INFO ][2016-02-03 15:49:11,539][com.java.TestType] [  496] - Test case Id is---1
[INFO ][2016-02-03 15:49:11,539][com.java.TestType] [  498] - 1
[INFO ][2016-02-03 15:49:11,539][com.java.TestType] [  493] -  str(2) = 1
[INFO ][2016-02-03 15:49:11,543][com.java.TestType] [  493] -  str(1) = 1
[INFO ][2016-02-03 15:49:11,544][com.java.TestType] [  496] - Test case Id is---1
[INFO ][2016-02-03 15:49:11,544][com.java.TestType] [  498] - 1
[INFO ][2016-02-03 15:49:11,544][com.java.TestType] [  493] -  str(2) = 2
[INFO ][2016-02-03 15:49:11,545][com.java.TestType] [  493] -  str(1) = 1
[INFO ][2016-02-03 15:49:11,545][com.java.TestType] [  496] - Test case Id is---1
[INFO ][2016-02-03 15:49:11,546][com.java.TestType] [  498] - 1
[INFO ][2016-02-03 15:49:11,546][com.java.TestType] [  493] -  str(2) = 3
[INFO ][2016-02-03 15:49:11,547][com.java.TestType] [  493] -  str(1) = 1
[INFO ][2016-02-03 15:49:11,547][com.java.TestType] [  496] - Test case Id is---1
[INFO ][2016-02-03 15:49:11,547][com.java.TestType] [  498] - 1
[INFO ][2016-02-03 15:49:11,547][com.java.TestType] [  493] -  str(2) = 4
[INFO ][2016-02-03 15:49:11,549][com.java.TestType] [  493] -  str(1) = 1
[INFO ][2016-02-03 15:49:11,549][com.java.TestType] [  496] - Test case Id is---1
[INFO ][2016-02-03 15:49:11,549][com.java.TestType] [  498] - 1
[INFO ][2016-02-03 15:49:11,549][com.java.TestType] [  493] -  str(2) = 5
[INFO ][2016-02-03 15:49:11,550][com.java.TestType] [  493] -  str(1) = 1
[INFO ][2016-02-03 15:49:11,550][com.java.TestType] [  496] - Test case Id is---1
[INFO ][2016-02-03 15:49:11,550][com.java.TestType] [  498] - 1
[INFO ][2016-02-03 15:49:11,551][com.java.TestType] [  493] -  str(2) = 6
[INFO ][2016-02-03 15:49:11,551][com.java.TestType] [  493] -  str(1) = 1
[INFO ][2016-02-03 15:49:11,551][com.java.TestType] [  496] - Test case Id is---1
[INFO ][2016-02-03 15:49:11,552][com.java.TestType] [  498] - 1
[INFO ][2016-02-03 15:49:11,552][com.java.TestType] [  493] -  str(2) = 7
[INFO ][2016-02-03 15:49:11,554][com.java.TestType] [  493] -  str(1) = 1
[INFO ][2016-02-03 15:49:11,554][com.java.TestType] [  496] - Test case Id is---1
[INFO ][2016-02-03 15:49:11,554][com.java.TestType] [  498] - 1
[INFO ][2016-02-03 15:49:11,554][com.java.TestType] [  493] -  str(2) = 8
[INFO ][2016-02-03 15:49:11,555][com.java.TestType] [  493] -  str(1) = 1
[INFO ][2016-02-03 15:49:11,555][com.java.TestType] [  496] - Test case Id is---1
[INFO ][2016-02-03 15:49:11,555][com.java.TestType] [  498] - 1
[INFO ][2016-02-03 15:49:11,555][com.java.TestType] [  493] -  str(2) = 9
[INFO ][2016-02-03 15:49:11,556][com.java.TestType] [  493] -  str(1) = 1
[INFO ][2016-02-03 15:49:11,556][com.java.TestType] [  496] - Test case Id is---1
[INFO ][2016-02-03 15:49:11,556][com.java.TestType] [  498] - 1
[INFO ][2016-02-03 15:49:11,556][com.java.TestType] [  493] -  str(2) = 10
[INFO ][2016-02-03 15:49:11,557][com.java.TestType] [  493] -  str(1) = 1
[INFO ][2016-02-03 15:49:11,557][com.java.TestType] [  496] - Test case Id is---1
[INFO ][2016-02-03 15:49:11,557][com.java.TestType] [  498] - 1
[INFO ][2016-02-03 15:49:11,557][com.java.TestType] [  493] -  str(2) = 11
[INFO ][2016-02-03 15:49:11,558][com.java.TestType] [  493] -  str(1) = 1
[INFO ][2016-02-03 15:49:11,558][com.java.TestType] [  496] - Test case Id is---1
[INFO ][2016-02-03 15:49:11,558][com.java.TestType] [  498] - 1
[INFO ][2016-02-03 15:49:11,558][com.java.TestType] [  493] -  str(2) = 12
[INFO ][2016-02-03 15:49:11,559][com.java.TestType] [  493] -  str(1) = 1
[INFO ][2016-02-03 15:49:11,560][com.java.TestType] [  496] - Test case Id is---1
[INFO ][2016-02-03 15:49:11,560][com.java.TestType] [  498] - 1
[INFO ][2016-02-03 15:49:11,560][com.java.TestType] [  493] -  str(2) = 13
[INFO ][2016-02-03 15:49:11,561][com.java.TestType] [  493] -  str(1) = 1
[INFO ][2016-02-03 15:49:11,561][com.java.TestType] [  496] - Test case Id is---1
[INFO ][2016-02-03 15:49:11,561][com.java.TestType] [  498] - 1
[INFO ][2016-02-03 15:49:11,561][com.java.TestType] [  493] -  str(2) = 14
[INFO ][2016-02-03 15:49:11,563][com.java.TestType] [  493] -  str(1) = 1
[INFO ][2016-02-03 15:49:11,563][com.java.TestType] [  496] - Test case Id is---1
[INFO ][2016-02-03 15:49:11,563][com.java.TestType] [  498] - 1
[INFO ][2016-02-03 15:49:11,563][com.java.TestType] [  493] -  str(2) = 15
[INFO ][2016-02-03 15:49:11,564][com.java.TestType] [  493] -  str(1) = 1
[INFO ][2016-02-03 15:49:11,564][com.java.TestType] [  496] - Test case Id is---1
[INFO ][2016-02-03 15:49:11,564][com.java.TestType] [  498] - 1
[INFO ][2016-02-03 15:49:11,564][com.java.TestType] [  493] -  str(2) = 16
[INFO ][2016-02-03 15:49:11,565][com.java.TestType] [11881] - Looping 1TCID = 1
[DEBUG][2016-02-03 15:49:11,565][com.java.TestType] [11922] - Concept ID:1 :: Step being Executed: 1::1
[INFO ][2016-02-03 15:49:11,565][com.java.TestType] [11960] - dataFields : TXTusername
[DEBUG][2016-02-03 15:49:11,565][com.java.TestType] [11966] - <In Set values of the page>
[DEBUG][2016-02-03 15:49:11,565][com.java.TestType] [11971] - {Data Fields & Data Values Exist}
[INFO ][2016-02-03 15:49:11,565][com.java.TestType] [11977] - --------------------------setting values-----------------------------
[INFO ][2016-02-03 15:49:11,565][com.java.TestType] [11980] - Action Type : CLEARANDENTER
[INFO ][2016-02-03 15:49:13,859][com.java.TestType] [ 6575] - value = valuelabs.ie10.15019
[INFO ][2016-02-03 15:49:16,252][com.java.TestType] [11999] -  RESULT true
[INFO ][2016-02-03 15:49:16,252][com.java.TestType] [12116] - ?   P A S S   ?
[DEBUG][2016-02-03 15:49:16,253][com.java.TestType] [11922] - Concept ID:1 :: Step being Executed: 1::2
[INFO ][2016-02-03 15:49:16,253][com.java.TestType] [11960] - dataFields : TXTpassword
[DEBUG][2016-02-03 15:49:16,253][com.java.TestType] [11966] - <In Set values of the page>
[DEBUG][2016-02-03 15:49:16,253][com.java.TestType] [11971] - {Data Fields & Data Values Exist}
[INFO ][2016-02-03 15:49:16,253][com.java.TestType] [11977] - --------------------------setting values-----------------------------
[INFO ][2016-02-03 15:49:16,253][com.java.TestType] [11980] - Action Type : CLEARANDENTER
[INFO ][2016-02-03 15:49:18,524][com.java.TestType] [ 6575] - value = Password1*
[INFO ][2016-02-03 15:49:21,048][com.java.TestType] [11999] -  RESULT true
[INFO ][2016-02-03 15:49:21,048][com.java.TestType] [12116] - ?   P A S S   ?
[DEBUG][2016-02-03 15:49:21,048][com.java.TestType] [11922] - Concept ID:1 :: Step being Executed: 1::3
[ERROR][2016-02-03 15:49:21,048][com.java.TestType] [11955] - Exception: null
[INFO ][2016-02-03 15:49:21,048][com.java.TestType] [11960] - dataFields : XPH//button[@type='submit']
[DEBUG][2016-02-03 15:49:21,049][com.java.TestType] [11966] - <In Set values of the page>
[DEBUG][2016-02-03 15:49:21,049][com.java.TestType] [11971] - {Data Fields & Data Values Exist}
[INFO ][2016-02-03 15:49:21,049][com.java.TestType] [11977] - --------------------------setting values-----------------------------
[INFO ][2016-02-03 15:49:21,049][com.java.TestType] [11980] - Action Type : Click
[INFO ][2016-02-03 15:49:21,049][com.java.TestType] [ 6954] - Field ::XPH//button[@type='submit']
[INFO ][2016-02-03 15:49:21,049][com.java.TestType] [ 6575] - value = 
[INFO ][2016-02-03 15:49:22,049][com.java.TestType] [ 7127] - BEFORE CLICK
[INFO ][2016-02-03 15:49:22,902][com.java.TestType] [ 7135] - Unable to click the object Login
[INFO ][2016-02-03 15:49:22,902][com.java.TestType] [11999] -  RESULT true
[INFO ][2016-02-03 15:49:22,902][com.java.TestType] [12116] - ?   P A S S   ?
[DEBUG][2016-02-03 15:49:22,902][com.java.TestType] [11922] - Concept ID:1 :: Step being Executed: 1::4
[INFO ][2016-02-03 15:49:22,902][com.java.TestType] [11960] - dataFields : LNKLogout
[DEBUG][2016-02-03 15:49:22,902][com.java.TestType] [11966] - <In Set values of the page>
[DEBUG][2016-02-03 15:49:22,902][com.java.TestType] [11971] - {Data Fields & Data Values Exist}
[INFO ][2016-02-03 15:49:22,902][com.java.TestType] [11977] - --------------------------setting values-----------------------------
[INFO ][2016-02-03 15:49:22,902][com.java.TestType] [11980] - Action Type : WaitForElement
[INFO ][2016-02-03 15:49:26,250][com.java.TestType] [11999] -  RESULT true
[INFO ][2016-02-03 15:49:26,250][com.java.TestType] [12116] - ?   P A S S   ?
[DEBUG][2016-02-03 15:49:26,250][com.java.TestType] [11922] - Concept ID:1 :: Step being Executed: 1::15
[INFO ][2016-02-03 15:49:26,250][com.java.TestType] [11960] - dataFields : LNK
[DEBUG][2016-02-03 15:49:26,251][com.java.TestType] [11966] - <In Set values of the page>
[DEBUG][2016-02-03 15:49:26,251][com.java.TestType] [11971] - {Data Fields & Data Values Exist}
[INFO ][2016-02-03 15:49:26,251][com.java.TestType] [11977] - --------------------------setting values-----------------------------
[INFO ][2016-02-03 15:49:26,251][com.java.TestType] [11980] - Action Type : Verify
[INFO ][2016-02-03 15:49:26,251][com.java.TestType] [ 8186] - field= LNK value= Logout
[INFO ][2016-02-03 15:49:26,252][com.java.TestType] [ 6575] - value = Logout
[INFO ][2016-02-03 15:49:26,290][com.java.TestType] [11999] -  RESULT true
[INFO ][2016-02-03 15:49:26,290][com.java.TestType] [12116] - ?   P A S S   ?
[DEBUG][2016-02-03 15:49:26,290][com.java.TestType] [11922] - Concept ID:1 :: Step being Executed: 1::16
[INFO ][2016-02-03 15:49:26,291][com.java.TestType] [11960] - dataFields : BTN
[DEBUG][2016-02-03 15:49:26,291][com.java.TestType] [11966] - <In Set values of the page>
[DEBUG][2016-02-03 15:49:26,291][com.java.TestType] [11971] - {Data Fields & Data Values Exist}
[INFO ][2016-02-03 15:49:26,291][com.java.TestType] [11977] - --------------------------setting values-----------------------------
[INFO ][2016-02-03 15:49:26,291][com.java.TestType] [11980] - Action Type : Verify
[INFO ][2016-02-03 15:49:26,291][com.java.TestType] [ 8186] - field= BTN value= //img[contains(@src,'bdlogo.jpg')]
[INFO ][2016-02-03 15:49:26,291][com.java.TestType] [ 6575] - value = //img[contains(@src,'bdlogo.jpg')]
[INFO ][2016-02-03 15:49:26,363][com.java.TestType] [11999] -  RESULT true
[INFO ][2016-02-03 15:49:26,364][com.java.TestType] [12116] - ?   P A S S   ?
[INFO ][2016-02-03 15:49:26,364][com.java.TestType] [12187] - Looping End......
[INFO ][2016-02-03 15:49:26,365][com.java.SeleniumDriver] [  930] -  RESULT true
[INFO ][2016-02-03 15:49:26,365][com.java.SeleniumDriver] [ 1136] - ?   P A S S   ?
[INFO ][2016-02-03 15:49:26,365][com.java.SeleniumDriver] [  856] - ------------------------------------------
[INFO ][2016-02-03 15:49:26,365][com.java.SeleniumDriver] [  857] - Test case being Executed: 1
[INFO ][2016-02-03 15:49:26,365][com.java.SeleniumDriver] [  869] - Test step:2
[INFO ][2016-02-03 15:49:26,365][com.java.SeleniumDriver] [  881] - Datavalue is----------Concept#2:1-2
[INFO ][2016-02-03 15:49:26,365][com.java.SeleniumDriver] [  905] - DataField : test
[INFO ][2016-02-03 15:49:26,365][com.java.SeleniumDriver] [  907] - DataValue : Concept#2:1-2
[INFO ][2016-02-03 15:49:26,365][com.java.SeleniumDriver] [  913] - <In Set values of the page>
[INFO ][2016-02-03 15:49:26,366][com.java.SeleniumDriver] [  916] - {Data Fields & Data Values Exist}
[INFO ][2016-02-03 15:49:26,366][com.java.SeleniumDriver] [  918] - --------------------------setting values-----------------------------
[INFO ][2016-02-03 15:49:26,366][com.java.SeleniumDriver] [  921] - Action Type : ExecuteTestCase
[INFO ][2016-02-03 15:49:26,366][com.java.TestType] [  448] - The Concept sheet name is ---------- Concept
[INFO ][2016-02-03 15:49:26,366][com.java.TestType] [  451] - The Concept ID  is ---------- 2
[DEBUG][2016-02-03 15:49:26,366][com.java.TestType] [  455] - Steps being executted in the Concept are: 1:2
[INFO ][2016-02-03 15:49:26,367][com.java.TestType] [  462] - Test data details path ---------- D:\BankersDashboard\TestInputs\TestData.xls
[INFO ][2016-02-03 15:49:26,383][com.java.TestType] [  493] -  str(1) = 2
[INFO ][2016-02-03 15:49:26,383][com.java.TestType] [  496] - Test case Id is---2
[INFO ][2016-02-03 15:49:26,383][com.java.TestType] [  498] - 2
[INFO ][2016-02-03 15:49:26,384][com.java.TestType] [  493] -  str(2) = 1
[INFO ][2016-02-03 15:49:26,385][com.java.TestType] [  493] -  str(1) = 2
[INFO ][2016-02-03 15:49:26,385][com.java.TestType] [  496] - Test case Id is---2
[INFO ][2016-02-03 15:49:26,385][com.java.TestType] [  498] - 2
[INFO ][2016-02-03 15:49:26,386][com.java.TestType] [  493] -  str(2) = 2
[INFO ][2016-02-03 15:49:26,386][com.java.TestType] [  493] -  str(1) = 2
[INFO ][2016-02-03 15:49:26,386][com.java.TestType] [  496] - Test case Id is---2
[INFO ][2016-02-03 15:49:26,386][com.java.TestType] [  498] - 2
[INFO ][2016-02-03 15:49:26,386][com.java.TestType] [  493] -  str(2) = 3
[INFO ][2016-02-03 15:49:26,387][com.java.TestType] [11881] - Looping 1TCID = 2
[DEBUG][2016-02-03 15:49:26,387][com.java.TestType] [11922] - Concept ID:2 :: Step being Executed: 2::1
[INFO ][2016-02-03 15:49:26,387][com.java.TestType] [11960] - dataFields : BNK//select[@id='bank']
[DEBUG][2016-02-03 15:49:26,387][com.java.TestType] [11966] - <In Set values of the page>
[DEBUG][2016-02-03 15:49:26,387][com.java.TestType] [11971] - {Data Fields & Data Values Exist}
[INFO ][2016-02-03 15:49:26,388][com.java.TestType] [11977] - --------------------------setting values-----------------------------
[INFO ][2016-02-03 15:49:26,388][com.java.TestType] [11980] - Action Type : Select
[INFO ][2016-02-03 15:49:26,388][com.java.TestType] [ 6575] - value = PFC
[INFO ][2016-02-03 15:49:26,601][com.java.TestType] [11999] -  RESULT true
[INFO ][2016-02-03 15:49:26,601][com.java.TestType] [12116] - ?   P A S S   ?
[DEBUG][2016-02-03 15:49:26,601][com.java.TestType] [11922] - Concept ID:2 :: Step being Executed: 2::2
[INFO ][2016-02-03 15:49:26,602][com.java.TestType] [11960] - dataFields : LNKLogout
[DEBUG][2016-02-03 15:49:26,602][com.java.TestType] [11966] - <In Set values of the page>
[DEBUG][2016-02-03 15:49:26,602][com.java.TestType] [11971] - {Data Fields & Data Values Exist}
[INFO ][2016-02-03 15:49:26,602][com.java.TestType] [11977] - --------------------------setting values-----------------------------
[INFO ][2016-02-03 15:49:26,602][com.java.TestType] [11980] - Action Type : WaitTime
[DEBUG][2016-02-03 15:49:26,603][com.java.TestType] [ 6389] - sleepTime: 5000
[INFO ][2016-02-03 15:49:31,603][com.java.TestType] [11999] -  RESULT true
[INFO ][2016-02-03 15:49:31,603][com.java.TestType] [12116] - ?   P A S S   ?
[INFO ][2016-02-03 15:49:31,603][com.java.TestType] [12187] - Looping End......
[INFO ][2016-02-03 15:49:31,604][com.java.SeleniumDriver] [  930] -  RESULT true
[INFO ][2016-02-03 15:49:31,605][com.java.SeleniumDriver] [ 1136] - ?   P A S S   ?
[INFO ][2016-02-03 15:49:31,605][com.java.SeleniumDriver] [  856] - ------------------------------------------
[INFO ][2016-02-03 15:49:31,605][com.java.SeleniumDriver] [  857] - Test case being Executed: 1
[INFO ][2016-02-03 15:49:31,605][com.java.SeleniumDriver] [  869] - Test step:3
[INFO ][2016-02-03 15:49:31,605][com.java.SeleniumDriver] [  881] - Datavalue is----------2
[INFO ][2016-02-03 15:49:31,605][com.java.SeleniumDriver] [  905] - DataField : XPH//button[contains(text(),'Add Content')]
[INFO ][2016-02-03 15:49:31,607][com.java.SeleniumDriver] [  907] - DataValue : 2
[INFO ][2016-02-03 15:49:31,607][com.java.SeleniumDriver] [  913] - <In Set values of the page>
[INFO ][2016-02-03 15:49:31,607][com.java.SeleniumDriver] [  916] - {Data Fields & Data Values Exist}
[INFO ][2016-02-03 15:49:31,607][com.java.SeleniumDriver] [  918] - --------------------------setting values-----------------------------
[INFO ][2016-02-03 15:49:31,607][com.java.SeleniumDriver] [  921] - Action Type : WAITFORELEMENT
[INFO ][2016-02-03 15:49:31,683][com.java.SeleniumDriver] [  930] -  RESULT true
[INFO ][2016-02-03 15:49:31,683][com.java.SeleniumDriver] [ 1136] - ?   P A S S   ?
[DEBUG][2016-02-03 15:49:31,683][com.java.SeleniumDriver] [ 1248] - Case found
[DEBUG][2016-02-03 15:49:31,683][com.java.SeleniumDriver] [ 1253] - Incrementing ReportCounters[0]:1
[INFO ][2016-02-03 15:49:31,683][com.java.SeleniumDriver] [ 1272] - The results are-------------------[1, 1, Valid Login, Pass, , Wed Feb 03 15:49:26 IST 2016, 1, 2, Valid Login, Pass, , Wed Feb 03 15:49:31 IST 2016, 1, 3, Valid Login, Pass, , Wed Feb 03 15:49:31 IST 2016]
[INFO ][2016-02-03 15:49:31,684][com.java.SeleniumDriver] [ 1276] - End time is-------35 sec
[INFO ][2016-02-03 15:49:31,685][com.java.SeleniumDriver] [ 1277] - The results are-------------------[1, 1, Valid Login, Pass, , Wed Feb 03 15:49:26 IST 2016, 1, 2, Valid Login, Pass, , Wed Feb 03 15:49:31 IST 2016, 1, 3, Valid Login, Pass, , Wed Feb 03 15:49:31 IST 2016]
[DEBUG][2016-02-03 15:49:31,685][com.java.ImportnExport.ExportTestResultsExcel] [  222] - testResultPath = D:\BankersDashboard/TestReports/Test Results_BankersDashBoard_020316_154858_IE10_First Bank.xls
[DEBUG][2016-02-03 15:49:31,685][com.java.ImportnExport.ExportTestResultsExcel] [  223] - browser is------------IE10
[DEBUG][2016-02-03 15:49:31,732][com.java.ImportnExport.ExportTestResultsExcel] [  270] - result.size() = 18
[DEBUG][2016-02-03 15:49:31,732][com.java.ImportnExport.ExportTestResultsExcel] [  274] - No of rows in sheet=1
[DEBUG][2016-02-03 15:49:31,732][com.java.ImportnExport.ExportTestResultsExcel] [  301] - ..in export..1
[DEBUG][2016-02-03 15:49:31,732][com.java.ImportnExport.ExportTestResultsExcel] [  301] - ..in export..Valid Login
[DEBUG][2016-02-03 15:49:31,732][com.java.ImportnExport.ExportTestResultsExcel] [  301] - ..in export..Pass
[DEBUG][2016-02-03 15:49:31,732][com.java.ImportnExport.ExportTestResultsExcel] [  301] - ..in export..
[DEBUG][2016-02-03 15:49:31,732][com.java.ImportnExport.ExportTestResultsExcel] [  301] - ..in export..Wed Feb 03 15:49:26 IST 2016
[INFO ][2016-02-03 15:49:31,735][com.java.SeleniumDriver] [ 1337] - out loop:0 size:2 TestCases:[1, 22] testcases:[1, 22]
[INFO ][2016-02-03 15:49:31,735][com.java.ImportnExport.ImportTestDataDetailsExcel] [   49] - test data details path===== D:\BankersDashboard\TestInputs\TestData.xls
[INFO ][2016-02-03 15:49:57,416][com.java.SeleniumDriver] [  856] - ------------------------------------------
[INFO ][2016-02-03 15:49:57,416][com.java.SeleniumDriver] [  857] - Test case being Executed: 22
[INFO ][2016-02-03 15:49:57,416][com.java.SeleniumDriver] [  869] - Test step:1
[INFO ][2016-02-03 15:49:57,416][com.java.SeleniumDriver] [  881] - Datavalue is----------Logout
[INFO ][2016-02-03 15:49:57,416][com.java.SeleniumDriver] [  905] - DataField : BTN
[INFO ][2016-02-03 15:49:57,416][com.java.SeleniumDriver] [  907] - DataValue : Logout
[INFO ][2016-02-03 15:49:57,416][com.java.SeleniumDriver] [  913] - <In Set values of the page>
[INFO ][2016-02-03 15:49:57,416][com.java.SeleniumDriver] [  916] - {Data Fields & Data Values Exist}
[INFO ][2016-02-03 15:49:57,416][com.java.SeleniumDriver] [  918] - --------------------------setting values-----------------------------
[INFO ][2016-02-03 15:49:57,416][com.java.SeleniumDriver] [  921] - Action Type : Verify
[INFO ][2016-02-03 15:49:57,416][com.java.TestType] [ 8186] - field= BTN value= Logout
[INFO ][2016-02-03 15:49:57,416][com.java.TestType] [ 6575] - value = Logout
[INFO ][2016-02-03 15:49:57,678][com.java.SeleniumDriver] [  930] -  RESULT true
[INFO ][2016-02-03 15:49:57,678][com.java.SeleniumDriver] [ 1136] - ?   P A S S   ?
[INFO ][2016-02-03 15:49:57,678][com.java.SeleniumDriver] [ 1178] - step change to 3
[INFO ][2016-02-03 15:49:57,678][com.java.SeleniumDriver] [  856] - ------------------------------------------
[INFO ][2016-02-03 15:49:57,678][com.java.SeleniumDriver] [  857] - Test case being Executed: 22
[INFO ][2016-02-03 15:49:57,679][com.java.SeleniumDriver] [  869] - Test step:3
[INFO ][2016-02-03 15:49:57,679][com.java.SeleniumDriver] [  881] - Datavalue is----------Concept#2:1-2
[INFO ][2016-02-03 15:49:57,679][com.java.SeleniumDriver] [  905] - DataField : test
[INFO ][2016-02-03 15:49:57,679][com.java.SeleniumDriver] [  907] - DataValue : Concept#2:1-2
[INFO ][2016-02-03 15:49:57,679][com.java.SeleniumDriver] [  913] - <In Set values of the page>
[INFO ][2016-02-03 15:49:57,679][com.java.SeleniumDriver] [  916] - {Data Fields & Data Values Exist}
[INFO ][2016-02-03 15:49:57,679][com.java.SeleniumDriver] [  918] - --------------------------setting values-----------------------------
[INFO ][2016-02-03 15:49:57,679][com.java.SeleniumDriver] [  921] - Action Type : ExecuteTestCase
[INFO ][2016-02-03 15:49:57,679][com.java.TestType] [  448] - The Concept sheet name is ---------- Concept
[INFO ][2016-02-03 15:49:57,679][com.java.TestType] [  451] - The Concept ID  is ---------- 2
[DEBUG][2016-02-03 15:49:57,679][com.java.TestType] [  455] - Steps being executted in the Concept are: 1:2
[INFO ][2016-02-03 15:49:57,679][com.java.TestType] [  462] - Test data details path ---------- D:\BankersDashboard\TestInputs\TestData.xls
[INFO ][2016-02-03 15:49:57,696][com.java.TestType] [  493] -  str(1) = 2
[INFO ][2016-02-03 15:49:57,696][com.java.TestType] [  496] - Test case Id is---2
[INFO ][2016-02-03 15:49:57,696][com.java.TestType] [  498] - 2
[INFO ][2016-02-03 15:49:57,696][com.java.TestType] [  493] -  str(2) = 1
[INFO ][2016-02-03 15:49:57,698][com.java.TestType] [  493] -  str(1) = 2
[INFO ][2016-02-03 15:49:57,698][com.java.TestType] [  496] - Test case Id is---2
[INFO ][2016-02-03 15:49:57,698][com.java.TestType] [  498] - 2
[INFO ][2016-02-03 15:49:57,698][com.java.TestType] [  493] -  str(2) = 2
[INFO ][2016-02-03 15:49:57,698][com.java.TestType] [  493] -  str(1) = 2
[INFO ][2016-02-03 15:49:57,698][com.java.TestType] [  496] - Test case Id is---2
[INFO ][2016-02-03 15:49:57,698][com.java.TestType] [  498] - 2
[INFO ][2016-02-03 15:49:57,699][com.java.TestType] [  493] -  str(2) = 3
[INFO ][2016-02-03 15:49:57,699][com.java.TestType] [11881] - Looping 1TCID = 2
[DEBUG][2016-02-03 15:49:57,699][com.java.TestType] [11922] - Concept ID:2 :: Step being Executed: 2::1
[INFO ][2016-02-03 15:49:57,699][com.java.TestType] [11960] - dataFields : BNK//select[@id='bank']
[DEBUG][2016-02-03 15:49:57,699][com.java.TestType] [11966] - <In Set values of the page>
[DEBUG][2016-02-03 15:49:57,700][com.java.TestType] [11971] - {Data Fields & Data Values Exist}
[INFO ][2016-02-03 15:49:57,700][com.java.TestType] [11977] - --------------------------setting values-----------------------------
[INFO ][2016-02-03 15:49:57,700][com.java.TestType] [11980] - Action Type : Select
[INFO ][2016-02-03 15:49:57,700][com.java.TestType] [ 6575] - value = PFC
[INFO ][2016-02-03 15:49:58,360][com.java.TestType] [11999] -  RESULT true
[INFO ][2016-02-03 15:49:58,360][com.java.TestType] [12116] - ?   P A S S   ?
[DEBUG][2016-02-03 15:49:58,360][com.java.TestType] [11922] - Concept ID:2 :: Step being Executed: 2::2
[INFO ][2016-02-03 15:49:58,360][com.java.TestType] [11960] - dataFields : LNKLogout
[DEBUG][2016-02-03 15:49:58,360][com.java.TestType] [11966] - <In Set values of the page>
[DEBUG][2016-02-03 15:49:58,360][com.java.TestType] [11971] - {Data Fields & Data Values Exist}
[INFO ][2016-02-03 15:49:58,360][com.java.TestType] [11977] - --------------------------setting values-----------------------------
[INFO ][2016-02-03 15:49:58,360][com.java.TestType] [11980] - Action Type : WaitTime
[DEBUG][2016-02-03 15:49:58,361][com.java.TestType] [ 6389] - sleepTime: 5000
[INFO ][2016-02-03 15:50:03,361][com.java.TestType] [11999] -  RESULT true
[INFO ][2016-02-03 15:50:03,361][com.java.TestType] [12116] - ?   P A S S   ?
[INFO ][2016-02-03 15:50:03,361][com.java.TestType] [12187] - Looping End......
[INFO ][2016-02-03 15:50:03,362][com.java.SeleniumDriver] [  930] -  RESULT true
[INFO ][2016-02-03 15:50:03,362][com.java.SeleniumDriver] [ 1136] - ?   P A S S   ?
[INFO ][2016-02-03 15:50:03,363][com.java.SeleniumDriver] [  856] - ------------------------------------------
[INFO ][2016-02-03 15:50:03,363][com.java.SeleniumDriver] [  857] - Test case being Executed: 22
[INFO ][2016-02-03 15:50:03,363][com.java.SeleniumDriver] [  869] - Test step:4
[INFO ][2016-02-03 15:50:03,363][com.java.SeleniumDriver] [  881] - Datavalue is----------null
[DEBUG][2016-02-03 15:50:03,363][com.java.SeleniumDriver] [  899] - Exception: null
[INFO ][2016-02-03 15:50:03,363][com.java.SeleniumDriver] [  905] - DataField : //span[@class='icon-cog2']&&//a[@data-id="UserSettings"]
[INFO ][2016-02-03 15:50:03,363][com.java.SeleniumDriver] [  907] - DataValue : 
[INFO ][2016-02-03 15:50:03,363][com.java.SeleniumDriver] [  913] - <In Set values of the page>
[INFO ][2016-02-03 15:50:03,363][com.java.SeleniumDriver] [  916] - {Data Fields & Data Values Exist}
[INFO ][2016-02-03 15:50:03,363][com.java.SeleniumDriver] [  918] - --------------------------setting values-----------------------------
[INFO ][2016-02-03 15:50:03,363][com.java.SeleniumDriver] [  921] - Action Type : MOUSEOVER
[INFO ][2016-02-03 15:50:46,179][com.java.SeleniumDriver] [  930] -  RESULT true
[INFO ][2016-02-03 15:50:46,180][com.java.SeleniumDriver] [ 1136] - ?   P A S S   ?
[INFO ][2016-02-03 15:50:46,180][com.java.SeleniumDriver] [  856] - ------------------------------------------
[INFO ][2016-02-03 15:50:46,180][com.java.SeleniumDriver] [  857] - Test case being Executed: 22
[INFO ][2016-02-03 15:50:46,180][com.java.SeleniumDriver] [  869] - Test step:5
[INFO ][2016-02-03 15:50:46,180][com.java.SeleniumDriver] [  881] - Datavalue is----------2
[INFO ][2016-02-03 15:50:46,180][com.java.SeleniumDriver] [  905] - DataField : BTNframeDialogContent
[INFO ][2016-02-03 15:50:46,180][com.java.SeleniumDriver] [  907] - DataValue : 2
[INFO ][2016-02-03 15:50:46,180][com.java.SeleniumDriver] [  913] - <In Set values of the page>
[INFO ][2016-02-03 15:50:46,180][com.java.SeleniumDriver] [  916] - {Data Fields & Data Values Exist}
[INFO ][2016-02-03 15:50:46,180][com.java.SeleniumDriver] [  918] - --------------------------setting values-----------------------------
[INFO ][2016-02-03 15:50:46,180][com.java.SeleniumDriver] [  921] - Action Type : WAITFORELEMENT
[INFO ][2016-02-03 15:50:47,384][com.java.SeleniumDriver] [  930] -  RESULT true
[INFO ][2016-02-03 15:50:47,384][com.java.SeleniumDriver] [ 1136] - ?   P A S S   ?
[INFO ][2016-02-03 15:50:47,384][com.java.SeleniumDriver] [  856] - ------------------------------------------
[INFO ][2016-02-03 15:50:47,384][com.java.SeleniumDriver] [  857] - Test case being Executed: 22
[INFO ][2016-02-03 15:50:47,384][com.java.SeleniumDriver] [  869] - Test step:6
[INFO ][2016-02-03 15:50:47,385][com.java.SeleniumDriver] [  881] - Datavalue is----------User Settings
[INFO ][2016-02-03 15:50:47,385][com.java.SeleniumDriver] [  905] - DataField : XPH//span[@class="ui-dialog-title"]
[INFO ][2016-02-03 15:50:47,385][com.java.SeleniumDriver] [  907] - DataValue : User Settings
[INFO ][2016-02-03 15:50:47,385][com.java.SeleniumDriver] [  913] - <In Set values of the page>
[INFO ][2016-02-03 15:50:47,385][com.java.SeleniumDriver] [  916] - {Data Fields & Data Values Exist}
[INFO ][2016-02-03 15:50:47,385][com.java.SeleniumDriver] [  918] - --------------------------setting values-----------------------------
[INFO ][2016-02-03 15:50:47,385][com.java.SeleniumDriver] [  921] - Action Type : VERIFY
[INFO ][2016-02-03 15:50:47,385][com.java.TestType] [ 8186] - field= XPH//span[@class="ui-dialog-title"] value= User Settings
[INFO ][2016-02-03 15:50:47,385][com.java.TestType] [ 6575] - value = User Settings
[INFO ][2016-02-03 15:50:47,502][com.java.SeleniumDriver] [  930] -  RESULT true
[INFO ][2016-02-03 15:50:47,502][com.java.SeleniumDriver] [ 1136] - ?   P A S S   ?
[INFO ][2016-02-03 15:50:47,502][com.java.SeleniumDriver] [  856] - ------------------------------------------
[INFO ][2016-02-03 15:50:47,502][com.java.SeleniumDriver] [  857] - Test case being Executed: 22
[INFO ][2016-02-03 15:50:47,502][com.java.SeleniumDriver] [  869] - Test step:7
[INFO ][2016-02-03 15:50:47,502][com.java.SeleniumDriver] [  881] - Datavalue is----------null
[DEBUG][2016-02-03 15:50:47,502][com.java.SeleniumDriver] [  899] - Exception: null
[INFO ][2016-02-03 15:50:47,503][com.java.SeleniumDriver] [  905] - DataField : BTNframeDialogContent
[INFO ][2016-02-03 15:50:47,503][com.java.SeleniumDriver] [  907] - DataValue : 
[INFO ][2016-02-03 15:50:47,503][com.java.SeleniumDriver] [  913] - <In Set values of the page>
[INFO ][2016-02-03 15:50:47,503][com.java.SeleniumDriver] [  916] - {Data Fields & Data Values Exist}
[INFO ][2016-02-03 15:50:47,503][com.java.SeleniumDriver] [  918] - --------------------------setting values-----------------------------
[INFO ][2016-02-03 15:50:47,503][com.java.SeleniumDriver] [  921] - Action Type : SELECTFRAME
[INFO ][2016-02-03 15:50:48,757][com.java.SeleniumDriver] [  930] -  RESULT true
[INFO ][2016-02-03 15:50:48,757][com.java.SeleniumDriver] [ 1136] - ?   P A S S   ?
[INFO ][2016-02-03 15:50:48,757][com.java.SeleniumDriver] [  856] - ------------------------------------------
[INFO ][2016-02-03 15:50:48,757][com.java.SeleniumDriver] [  857] - Test case being Executed: 22
[INFO ][2016-02-03 15:50:48,757][com.java.SeleniumDriver] [  869] - Test step:8
[INFO ][2016-02-03 15:50:48,757][com.java.SeleniumDriver] [  881] - Datavalue is----------No
[INFO ][2016-02-03 15:50:48,759][com.java.SeleniumDriver] [  905] - DataField : SLBddlPDFToScreen
[INFO ][2016-02-03 15:50:48,759][com.java.SeleniumDriver] [  907] - DataValue : No
[INFO ][2016-02-03 15:50:48,759][com.java.SeleniumDriver] [  913] - <In Set values of the page>
[INFO ][2016-02-03 15:50:48,759][com.java.SeleniumDriver] [  916] - {Data Fields & Data Values Exist}
[INFO ][2016-02-03 15:50:48,759][com.java.SeleniumDriver] [  918] - --------------------------setting values-----------------------------
[INFO ][2016-02-03 15:50:48,759][com.java.SeleniumDriver] [  921] - Action Type : SELECT
[INFO ][2016-02-03 15:50:48,759][com.java.TestType] [ 6575] - value = No
[INFO ][2016-02-03 15:50:50,998][com.java.SeleniumDriver] [  930] -  RESULT true
[INFO ][2016-02-03 15:50:50,998][com.java.SeleniumDriver] [ 1136] - ?   P A S S   ?
[INFO ][2016-02-03 15:50:50,998][com.java.SeleniumDriver] [  856] - ------------------------------------------
[INFO ][2016-02-03 15:50:50,998][com.java.SeleniumDriver] [  857] - Test case being Executed: 22
[INFO ][2016-02-03 15:50:50,998][com.java.SeleniumDriver] [  869] - Test step:9
[INFO ][2016-02-03 15:50:50,998][com.java.SeleniumDriver] [  881] - Datavalue is----------null
[DEBUG][2016-02-03 15:50:50,998][com.java.SeleniumDriver] [  899] - Exception: null
[INFO ][2016-02-03 15:50:50,998][com.java.SeleniumDriver] [  905] - DataField : BTNparent
[INFO ][2016-02-03 15:50:50,999][com.java.SeleniumDriver] [  907] - DataValue : 
[INFO ][2016-02-03 15:50:50,999][com.java.SeleniumDriver] [  913] - <In Set values of the page>
[INFO ][2016-02-03 15:50:50,999][com.java.SeleniumDriver] [  916] - {Data Fields & Data Values Exist}
[INFO ][2016-02-03 15:50:50,999][com.java.SeleniumDriver] [  918] - --------------------------setting values-----------------------------
[INFO ][2016-02-03 15:50:50,999][com.java.SeleniumDriver] [  921] - Action Type : SELECTFRAME
[INFO ][2016-02-03 15:50:51,014][com.java.SeleniumDriver] [  930] -  RESULT true
[INFO ][2016-02-03 15:50:51,014][com.java.SeleniumDriver] [ 1136] - ?   P A S S   ?
[INFO ][2016-02-03 15:50:51,014][com.java.SeleniumDriver] [  856] - ------------------------------------------
[INFO ][2016-02-03 15:50:51,014][com.java.SeleniumDriver] [  857] - Test case being Executed: 22
[INFO ][2016-02-03 15:50:51,014][com.java.SeleniumDriver] [  869] - Test step:10
[INFO ][2016-02-03 15:50:51,014][com.java.SeleniumDriver] [  881] - Datavalue is----------null
[DEBUG][2016-02-03 15:50:51,015][com.java.SeleniumDriver] [  899] - Exception: null
[INFO ][2016-02-03 15:50:51,015][com.java.SeleniumDriver] [  905] - DataField : HDN//span[@class="ui-button-text" and contains(text(),'Finished')]
[INFO ][2016-02-03 15:50:51,015][com.java.SeleniumDriver] [  907] - DataValue : 
[INFO ][2016-02-03 15:50:51,015][com.java.SeleniumDriver] [  913] - <In Set values of the page>
[INFO ][2016-02-03 15:50:51,015][com.java.SeleniumDriver] [  916] - {Data Fields & Data Values Exist}
[INFO ][2016-02-03 15:50:51,015][com.java.SeleniumDriver] [  918] - --------------------------setting values-----------------------------
[INFO ][2016-02-03 15:50:51,015][com.java.SeleniumDriver] [  921] - Action Type : CLICK
[INFO ][2016-02-03 15:50:51,015][com.java.TestType] [ 6954] - Field ::HDN//span[@class="ui-button-text" and contains(text(),'Finished')]
[INFO ][2016-02-03 15:50:51,015][com.java.TestType] [ 6575] - value = 
[INFO ][2016-02-03 15:50:52,170][com.java.SeleniumDriver] [  930] -  RESULT true
[INFO ][2016-02-03 15:50:52,170][com.java.SeleniumDriver] [ 1136] - ?   P A S S   ?
[INFO ][2016-02-03 15:50:52,170][com.java.SeleniumDriver] [  856] - ------------------------------------------
[INFO ][2016-02-03 15:50:52,170][com.java.SeleniumDriver] [  857] - Test case being Executed: 22
[INFO ][2016-02-03 15:50:52,170][com.java.SeleniumDriver] [  869] - Test step:11
[INFO ][2016-02-03 15:50:52,170][com.java.SeleniumDriver] [  881] - Datavalue is----------null
[DEBUG][2016-02-03 15:50:52,170][com.java.SeleniumDriver] [  899] - Exception: null
[INFO ][2016-02-03 15:50:52,171][com.java.SeleniumDriver] [  905] - DataField : BTNcloseAllTabs
[INFO ][2016-02-03 15:50:52,171][com.java.SeleniumDriver] [  907] - DataValue : 
[INFO ][2016-02-03 15:50:52,171][com.java.SeleniumDriver] [  913] - <In Set values of the page>
[INFO ][2016-02-03 15:50:52,171][com.java.SeleniumDriver] [  916] - {Data Fields & Data Values Exist}
[INFO ][2016-02-03 15:50:52,171][com.java.SeleniumDriver] [  918] - --------------------------setting values-----------------------------
[INFO ][2016-02-03 15:50:52,171][com.java.SeleniumDriver] [  921] - Action Type : CLICK
[INFO ][2016-02-03 15:50:52,171][com.java.TestType] [ 6954] - Field ::BTNcloseAllTabs
[INFO ][2016-02-03 15:50:52,171][com.java.TestType] [ 6575] - value = 
[INFO ][2016-02-03 15:50:53,171][com.java.TestType] [ 7106] - BEFORE CLICK
[INFO ][2016-02-03 15:50:55,660][com.java.TestType] [ 7113] - Unable to click the object Close all tabs
[INFO ][2016-02-03 15:50:55,660][com.java.SeleniumDriver] [  930] -  RESULT true
[INFO ][2016-02-03 15:50:55,660][com.java.SeleniumDriver] [ 1136] - ?   P A S S   ?
[INFO ][2016-02-03 15:50:55,660][com.java.SeleniumDriver] [  856] - ------------------------------------------
[INFO ][2016-02-03 15:50:55,660][com.java.SeleniumDriver] [  857] - Test case being Executed: 22
[INFO ][2016-02-03 15:50:55,660][com.java.SeleniumDriver] [  869] - Test step:12
[INFO ][2016-02-03 15:50:55,660][com.java.SeleniumDriver] [  881] - Datavalue is----------5
[INFO ][2016-02-03 15:50:55,660][com.java.SeleniumDriver] [  905] - DataField : XPH//span[@class="icon-coin"]
[INFO ][2016-02-03 15:50:55,660][com.java.SeleniumDriver] [  907] - DataValue : 5
[INFO ][2016-02-03 15:50:55,660][com.java.SeleniumDriver] [  913] - <In Set values of the page>
[INFO ][2016-02-03 15:50:55,661][com.java.SeleniumDriver] [  916] - {Data Fields & Data Values Exist}
[INFO ][2016-02-03 15:50:55,661][com.java.SeleniumDriver] [  918] - --------------------------setting values-----------------------------
[INFO ][2016-02-03 15:50:55,661][com.java.SeleniumDriver] [  921] - Action Type : WAITFORELEMENT
[INFO ][2016-02-03 15:50:55,826][com.java.SeleniumDriver] [  930] -  RESULT true
[INFO ][2016-02-03 15:50:55,826][com.java.SeleniumDriver] [ 1136] - ?   P A S S   ?
[INFO ][2016-02-03 15:50:55,826][com.java.SeleniumDriver] [  856] - ------------------------------------------
[INFO ][2016-02-03 15:50:55,826][com.java.SeleniumDriver] [  857] - Test case being Executed: 22
[INFO ][2016-02-03 15:50:55,826][com.java.SeleniumDriver] [  869] - Test step:13
[INFO ][2016-02-03 15:50:55,826][com.java.SeleniumDriver] [  881] - Datavalue is----------null
[DEBUG][2016-02-03 15:50:55,827][com.java.SeleniumDriver] [  899] - Exception: null
[INFO ][2016-02-03 15:50:55,827][com.java.SeleniumDriver] [  905] - DataField : //span[@class='icon-user4']&&//a[text()='G/L Mapping']&&//a[@data-id="ProfitCenters"]
[INFO ][2016-02-03 15:50:55,827][com.java.SeleniumDriver] [  907] - DataValue : 
[INFO ][2016-02-03 15:50:55,827][com.java.SeleniumDriver] [  913] - <In Set values of the page>
[INFO ][2016-02-03 15:50:55,827][com.java.SeleniumDriver] [  916] - {Data Fields & Data Values Exist}
[INFO ][2016-02-03 15:50:55,827][com.java.SeleniumDriver] [  918] - --------------------------setting values-----------------------------
[INFO ][2016-02-03 15:50:55,827][com.java.SeleniumDriver] [  921] - Action Type : MOUSEOVER
[INFO ][2016-02-03 15:51:44,406][com.java.SeleniumDriver] [  930] -  RESULT true
[INFO ][2016-02-03 15:51:44,406][com.java.SeleniumDriver] [ 1136] - ?   P A S S   ?
[INFO ][2016-02-03 15:51:44,407][com.java.SeleniumDriver] [  856] - ------------------------------------------
[INFO ][2016-02-03 15:51:44,407][com.java.SeleniumDriver] [  857] - Test case being Executed: 22
[INFO ][2016-02-03 15:51:44,407][com.java.SeleniumDriver] [  869] - Test step:14
[INFO ][2016-02-03 15:51:44,407][com.java.SeleniumDriver] [  881] - Datavalue is----------5
[INFO ][2016-02-03 15:51:44,407][com.java.SeleniumDriver] [  905] - DataField : BTN//iframe[@class='frameTabContent']
[INFO ][2016-02-03 15:51:44,407][com.java.SeleniumDriver] [  907] - DataValue : 5
[INFO ][2016-02-03 15:51:44,407][com.java.SeleniumDriver] [  913] - <In Set values of the page>
[INFO ][2016-02-03 15:51:44,407][com.java.SeleniumDriver] [  916] - {Data Fields & Data Values Exist}
[INFO ][2016-02-03 15:51:44,407][com.java.SeleniumDriver] [  918] - --------------------------setting values-----------------------------
[INFO ][2016-02-03 15:51:44,407][com.java.SeleniumDriver] [  921] - Action Type : WAITFORELEMENT
[INFO ][2016-02-03 15:51:44,502][com.java.SeleniumDriver] [  930] -  RESULT true
[INFO ][2016-02-03 15:51:44,502][com.java.SeleniumDriver] [ 1136] - ?   P A S S   ?
[INFO ][2016-02-03 15:51:44,502][com.java.SeleniumDriver] [  856] - ------------------------------------------
[INFO ][2016-02-03 15:51:44,502][com.java.SeleniumDriver] [  857] - Test case being Executed: 22
[INFO ][2016-02-03 15:51:44,502][com.java.SeleniumDriver] [  869] - Test step:15
[INFO ][2016-02-03 15:51:44,503][com.java.SeleniumDriver] [  881] - Datavalue is----------null
[DEBUG][2016-02-03 15:51:44,503][com.java.SeleniumDriver] [  899] - Exception: null
[INFO ][2016-02-03 15:51:44,503][com.java.SeleniumDriver] [  905] - DataField : BTN//iframe[@class='frameTabContent']
[INFO ][2016-02-03 15:51:44,503][com.java.SeleniumDriver] [  907] - DataValue : 
[INFO ][2016-02-03 15:51:44,503][com.java.SeleniumDriver] [  913] - <In Set values of the page>
[INFO ][2016-02-03 15:51:44,503][com.java.SeleniumDriver] [  916] - {Data Fields & Data Values Exist}
[INFO ][2016-02-03 15:51:44,503][com.java.SeleniumDriver] [  918] - --------------------------setting values-----------------------------
[INFO ][2016-02-03 15:51:44,503][com.java.SeleniumDriver] [  921] - Action Type : SELECTFRAME
[INFO ][2016-02-03 15:51:45,292][com.java.SeleniumDriver] [  930] -  RESULT true
[INFO ][2016-02-03 15:51:45,292][com.java.SeleniumDriver] [ 1136] - ?   P A S S   ?
[INFO ][2016-02-03 15:51:45,292][com.java.SeleniumDriver] [  856] - ------------------------------------------
[INFO ][2016-02-03 15:51:45,292][com.java.SeleniumDriver] [  857] - Test case being Executed: 22
[INFO ][2016-02-03 15:51:45,292][com.java.SeleniumDriver] [  869] - Test step:16
[INFO ][2016-02-03 15:51:45,292][com.java.SeleniumDriver] [  881] - Datavalue is----------Manage Profit Centers and Regions 
[INFO ][2016-02-03 15:51:45,292][com.java.SeleniumDriver] [  905] - DataField : MSG
[INFO ][2016-02-03 15:51:45,292][com.java.SeleniumDriver] [  907] - DataValue : Manage Profit Centers and Regions 
[INFO ][2016-02-03 15:51:45,292][com.java.SeleniumDriver] [  913] - <In Set values of the page>
[INFO ][2016-02-03 15:51:45,292][com.java.SeleniumDriver] [  916] - {Data Fields & Data Values Exist}
[INFO ][2016-02-03 15:51:45,292][com.java.SeleniumDriver] [  918] - --------------------------setting values-----------------------------
[INFO ][2016-02-03 15:51:45,293][com.java.SeleniumDriver] [  921] - Action Type : VERIFY
[INFO ][2016-02-03 15:51:45,293][com.java.TestType] [ 8186] - field= MSG value= Manage Profit Centers and Regions 
[INFO ][2016-02-03 15:51:45,293][com.java.TestType] [ 6575] - value = Manage Profit Centers and Regions 
[DEBUG][2016-02-03 15:51:45,293][com.java.TestType] [ 9049] - value :: Manage Profit Centers and Regions 
[INFO ][2016-02-03 15:51:45,411][com.java.SeleniumDriver] [  930] -  RESULT true
[INFO ][2016-02-03 15:51:45,411][com.java.SeleniumDriver] [ 1136] - ?   P A S S   ?
[INFO ][2016-02-03 15:51:45,411][com.java.SeleniumDriver] [  856] - ------------------------------------------
[INFO ][2016-02-03 15:51:45,411][com.java.SeleniumDriver] [  857] - Test case being Executed: 22
[INFO ][2016-02-03 15:51:45,411][com.java.SeleniumDriver] [  869] - Test step:17
[INFO ][2016-02-03 15:51:45,411][com.java.SeleniumDriver] [  881] - Datavalue is----------Profit Centers
[INFO ][2016-02-03 15:51:45,411][com.java.SeleniumDriver] [  905] - DataField : XPH//a[@class="ember-view btn btn-default col-xs-6 active"]
[INFO ][2016-02-03 15:51:45,411][com.java.SeleniumDriver] [  907] - DataValue : Profit Centers
[INFO ][2016-02-03 15:51:45,411][com.java.SeleniumDriver] [  913] - <In Set values of the page>
[INFO ][2016-02-03 15:51:45,411][com.java.SeleniumDriver] [  916] - {Data Fields & Data Values Exist}
[INFO ][2016-02-03 15:51:45,411][com.java.SeleniumDriver] [  918] - --------------------------setting values-----------------------------
[INFO ][2016-02-03 15:51:45,411][com.java.SeleniumDriver] [  921] - Action Type : VERIFY
[INFO ][2016-02-03 15:51:45,411][com.java.TestType] [ 8186] - field= XPH//a[@class="ember-view btn btn-default col-xs-6 active"] value= Profit Centers
[INFO ][2016-02-03 15:51:45,412][com.java.TestType] [ 6575] - value = Profit Centers
[INFO ][2016-02-03 15:51:46,136][com.java.SeleniumDriver] [  930] -  RESULT true
[INFO ][2016-02-03 15:51:46,136][com.java.SeleniumDriver] [ 1136] - ?   P A S S   ?
[INFO ][2016-02-03 15:51:46,136][com.java.SeleniumDriver] [  856] - ------------------------------------------
[INFO ][2016-02-03 15:51:46,136][com.java.SeleniumDriver] [  857] - Test case being Executed: 22
[INFO ][2016-02-03 15:51:46,136][com.java.SeleniumDriver] [  869] - Test step:18
[INFO ][2016-02-03 15:51:46,136][com.java.SeleniumDriver] [  881] - Datavalue is----------Rows
[INFO ][2016-02-03 15:51:46,137][com.java.SeleniumDriver] [  905] - DataField : null
[INFO ][2016-02-03 15:51:46,137][com.java.SeleniumDriver] [  907] - DataValue : Rows
[INFO ][2016-02-03 15:51:46,137][com.java.SeleniumDriver] [  913] - <In Set values of the page>
[INFO ][2016-02-03 15:51:46,137][com.java.SeleniumDriver] [  916] - {Data Fields & Data Values Exist}
[INFO ][2016-02-03 15:51:46,137][com.java.SeleniumDriver] [  918] - --------------------------setting values-----------------------------
[INFO ][2016-02-03 15:51:46,137][com.java.SeleniumDriver] [  921] - Action Type : ASCENDINGORDERPROFITCENTERS
[INFO ][2016-02-03 15:51:59,548][com.java.SeleniumDriver] [  930] -  RESULT true
[INFO ][2016-02-03 15:51:59,548][com.java.SeleniumDriver] [ 1136] - ?   P A S S   ?
[INFO ][2016-02-03 15:51:59,548][com.java.SeleniumDriver] [  856] - ------------------------------------------
[INFO ][2016-02-03 15:51:59,548][com.java.SeleniumDriver] [  857] - Test case being Executed: 22
[INFO ][2016-02-03 15:51:59,548][com.java.SeleniumDriver] [  869] - Test step:19
[INFO ][2016-02-03 15:51:59,548][com.java.SeleniumDriver] [  881] - Datavalue is----------15
[INFO ][2016-02-03 15:51:59,548][com.java.SeleniumDriver] [  905] - DataField : test
[INFO ][2016-02-03 15:51:59,548][com.java.SeleniumDriver] [  907] - DataValue : 15
[INFO ][2016-02-03 15:51:59,548][com.java.SeleniumDriver] [  913] - <In Set values of the page>
[INFO ][2016-02-03 15:51:59,549][com.java.SeleniumDriver] [  916] - {Data Fields & Data Values Exist}
[INFO ][2016-02-03 15:51:59,549][com.java.SeleniumDriver] [  918] - --------------------------setting values-----------------------------
[INFO ][2016-02-03 15:51:59,549][com.java.SeleniumDriver] [  921] - Action Type : WaitTime
[DEBUG][2016-02-03 15:51:59,549][com.java.TestType] [ 6389] - sleepTime: 15000
[INFO ][2016-02-03 15:52:14,550][com.java.SeleniumDriver] [  930] -  RESULT true
[INFO ][2016-02-03 15:52:14,550][com.java.SeleniumDriver] [ 1136] - ?   P A S S   ?
[INFO ][2016-02-03 15:52:14,550][com.java.SeleniumDriver] [  856] - ------------------------------------------
[INFO ][2016-02-03 15:52:14,550][com.java.SeleniumDriver] [  857] - Test case being Executed: 22
[INFO ][2016-02-03 15:52:14,550][com.java.SeleniumDriver] [  869] - Test step:20
[INFO ][2016-02-03 15:52:14,550][com.java.SeleniumDriver] [  881] - Datavalue is----------null
[DEBUG][2016-02-03 15:52:14,550][com.java.SeleniumDriver] [  899] - Exception: null
[INFO ][2016-02-03 15:52:14,550][com.java.SeleniumDriver] [  905] - DataField : BTNparent
[INFO ][2016-02-03 15:52:14,550][com.java.SeleniumDriver] [  907] - DataValue : 
[INFO ][2016-02-03 15:52:14,550][com.java.SeleniumDriver] [  913] - <In Set values of the page>
[INFO ][2016-02-03 15:52:14,550][com.java.SeleniumDriver] [  916] - {Data Fields & Data Values Exist}
[INFO ][2016-02-03 15:52:14,550][com.java.SeleniumDriver] [  918] - --------------------------setting values-----------------------------
[INFO ][2016-02-03 15:52:14,551][com.java.SeleniumDriver] [  921] - Action Type : SELECTFRAME
[INFO ][2016-02-03 15:52:14,576][com.java.SeleniumDriver] [  930] -  RESULT true
[INFO ][2016-02-03 15:52:14,576][com.java.SeleniumDriver] [ 1136] - ?   P A S S   ?
[INFO ][2016-02-03 15:52:14,576][com.java.SeleniumDriver] [ 1173] - Continue next step...
[INFO ][2016-02-03 15:52:14,576][com.java.SeleniumDriver] [  856] - ------------------------------------------
[INFO ][2016-02-03 15:52:14,576][com.java.SeleniumDriver] [  857] - Test case being Executed: 22
[INFO ][2016-02-03 15:52:14,576][com.java.SeleniumDriver] [  869] - Test step:21
[INFO ][2016-02-03 15:52:14,576][com.java.SeleniumDriver] [  881] - Datavalue is----------null
[DEBUG][2016-02-03 15:52:14,576][com.java.SeleniumDriver] [  899] - Exception: null
[INFO ][2016-02-03 15:52:14,577][com.java.SeleniumDriver] [  905] - DataField : HDN//button[@class="menu-item saveToPDF metro-red"]
[INFO ][2016-02-03 15:52:14,577][com.java.SeleniumDriver] [  907] - DataValue : 
[INFO ][2016-02-03 15:52:14,577][com.java.SeleniumDriver] [  913] - <In Set values of the page>
[INFO ][2016-02-03 15:52:14,577][com.java.SeleniumDriver] [  916] - {Data Fields & Data Values Exist}
[INFO ][2016-02-03 15:52:14,577][com.java.SeleniumDriver] [  918] - --------------------------setting values-----------------------------
[INFO ][2016-02-03 15:52:14,577][com.java.SeleniumDriver] [  921] - Action Type : CLICK
[INFO ][2016-02-03 15:52:14,577][com.java.TestType] [ 6954] - Field ::HDN//button[@class="menu-item saveToPDF metro-red"]
[INFO ][2016-02-03 15:52:14,577][com.java.TestType] [ 6575] - value = 
[INFO ][2016-02-03 15:52:21,545][com.java.SeleniumDriver] [  930] -  RESULT true
[INFO ][2016-02-03 15:52:21,545][com.java.SeleniumDriver] [ 1136] - ?   P A S S   ?
[INFO ][2016-02-03 15:52:21,545][com.java.SeleniumDriver] [  856] - ------------------------------------------
[INFO ][2016-02-03 15:52:21,545][com.java.SeleniumDriver] [  857] - Test case being Executed: 22
[INFO ][2016-02-03 15:52:21,545][com.java.SeleniumDriver] [  869] - Test step:22
[INFO ][2016-02-03 15:52:21,545][com.java.SeleniumDriver] [  881] - Datavalue is----------3
[INFO ][2016-02-03 15:52:21,545][com.java.SeleniumDriver] [  905] - DataField : XPH//img[@id='loading']
[INFO ][2016-02-03 15:52:21,545][com.java.SeleniumDriver] [  907] - DataValue : 3
[INFO ][2016-02-03 15:52:21,545][com.java.SeleniumDriver] [  913] - <In Set values of the page>
[INFO ][2016-02-03 15:52:21,545][com.java.SeleniumDriver] [  916] - {Data Fields & Data Values Exist}
[INFO ][2016-02-03 15:52:21,545][com.java.SeleniumDriver] [  918] - --------------------------setting values-----------------------------
[INFO ][2016-02-03 15:52:21,545][com.java.SeleniumDriver] [  921] - Action Type : WaitForElement
[INFO ][2016-02-03 15:52:21,661][com.java.SeleniumDriver] [  930] -  RESULT true
[INFO ][2016-02-03 15:52:21,661][com.java.SeleniumDriver] [ 1136] - ?   P A S S   ?
[INFO ][2016-02-03 15:52:21,661][com.java.SeleniumDriver] [  856] - ------------------------------------------
[INFO ][2016-02-03 15:52:21,661][com.java.SeleniumDriver] [  857] - Test case being Executed: 22
[INFO ][2016-02-03 15:52:21,661][com.java.SeleniumDriver] [  869] - Test step:23
[INFO ][2016-02-03 15:52:21,661][com.java.SeleniumDriver] [  881] - Datavalue is----------90
[INFO ][2016-02-03 15:52:21,661][com.java.SeleniumDriver] [  905] - DataField : XPH//img[@id='loading']
[INFO ][2016-02-03 15:52:21,661][com.java.SeleniumDriver] [  907] - DataValue : 90
[INFO ][2016-02-03 15:52:21,661][com.java.SeleniumDriver] [  913] - <In Set values of the page>
[INFO ][2016-02-03 15:52:21,661][com.java.SeleniumDriver] [  916] - {Data Fields & Data Values Exist}
[INFO ][2016-02-03 15:52:21,661][com.java.SeleniumDriver] [  918] - --------------------------setting values-----------------------------
[INFO ][2016-02-03 15:52:21,662][com.java.SeleniumDriver] [  921] - Action Type : waitForElementNotPresent
[INFO ][2016-02-03 15:52:24,981][com.java.SeleniumDriver] [  930] -  RESULT true
[INFO ][2016-02-03 15:52:24,981][com.java.SeleniumDriver] [ 1136] - ?   P A S S   ?
[INFO ][2016-02-03 15:52:24,981][com.java.SeleniumDriver] [  856] - ------------------------------------------
[INFO ][2016-02-03 15:52:24,981][com.java.SeleniumDriver] [  857] - Test case being Executed: 22
[INFO ][2016-02-03 15:52:24,981][com.java.SeleniumDriver] [  869] - Test step:24
[INFO ][2016-02-03 15:52:24,981][com.java.SeleniumDriver] [  881] - Datavalue is----------10
[INFO ][2016-02-03 15:52:24,982][com.java.SeleniumDriver] [  905] - DataField : test
[INFO ][2016-02-03 15:52:24,982][com.java.SeleniumDriver] [  907] - DataValue : 10
[INFO ][2016-02-03 15:52:24,982][com.java.SeleniumDriver] [  913] - <In Set values of the page>
[INFO ][2016-02-03 15:52:24,982][com.java.SeleniumDriver] [  916] - {Data Fields & Data Values Exist}
[INFO ][2016-02-03 15:52:24,982][com.java.SeleniumDriver] [  918] - --------------------------setting values-----------------------------
[INFO ][2016-02-03 15:52:24,982][com.java.SeleniumDriver] [  921] - Action Type : WaitTime
[DEBUG][2016-02-03 15:52:24,983][com.java.TestType] [ 6389] - sleepTime: 10000
[INFO ][2016-02-03 15:52:34,984][com.java.SeleniumDriver] [  930] -  RESULT true
[INFO ][2016-02-03 15:52:34,984][com.java.SeleniumDriver] [ 1136] - ?   P A S S   ?
[INFO ][2016-02-03 15:52:34,984][com.java.SeleniumDriver] [  856] - ------------------------------------------
[INFO ][2016-02-03 15:52:34,984][com.java.SeleniumDriver] [  857] - Test case being Executed: 22
[WARN ][2016-02-03 15:52:34,984][com.java.SeleniumDriver] [  861] - -----------------------Step Skipped:: 	TestCaseNo:  22	 StepNo: 25  	::	Action Type:  SelectWindow 	::		ClientName In TestData:  "SKIP" 	::	ClientName in config:  "First Bank"-----------------------------
[INFO ][2016-02-03 15:52:34,984][com.java.SeleniumDriver] [  856] - ------------------------------------------
[INFO ][2016-02-03 15:52:34,984][com.java.SeleniumDriver] [  857] - Test case being Executed: 22
[INFO ][2016-02-03 15:52:34,984][com.java.SeleniumDriver] [  869] - Test step:26
[INFO ][2016-02-03 15:52:34,984][com.java.SeleniumDriver] [  881] - Datavalue is----------null
[DEBUG][2016-02-03 15:52:34,984][com.java.SeleniumDriver] [  899] - Exception: null
[INFO ][2016-02-03 15:52:34,984][com.java.SeleniumDriver] [  905] - DataField : BTNcloseAllTabs
[INFO ][2016-02-03 15:52:34,985][com.java.SeleniumDriver] [  907] - DataValue : 
[INFO ][2016-02-03 15:52:34,985][com.java.SeleniumDriver] [  913] - <In Set values of the page>
[INFO ][2016-02-03 15:52:34,985][com.java.SeleniumDriver] [  916] - {Data Fields & Data Values Exist}
[INFO ][2016-02-03 15:52:34,985][com.java.SeleniumDriver] [  918] - --------------------------setting values-----------------------------
[INFO ][2016-02-03 15:52:34,985][com.java.SeleniumDriver] [  921] - Action Type : CLICK
[INFO ][2016-02-03 15:52:34,985][com.java.TestType] [ 6954] - Field ::BTNcloseAllTabs
[INFO ][2016-02-03 15:52:34,985][com.java.TestType] [ 6575] - value = 
[INFO ][2016-02-03 15:52:35,985][com.java.TestType] [ 7106] - BEFORE CLICK
[INFO ][2016-02-03 15:52:39,244][com.java.TestType] [ 7113] - Unable to click the object Close all tabs button
[INFO ][2016-02-03 15:52:39,244][com.java.SeleniumDriver] [  930] -  RESULT true
[INFO ][2016-02-03 15:52:39,244][com.java.SeleniumDriver] [ 1136] - ?   P A S S   ?
[INFO ][2016-02-03 15:52:39,244][com.java.SeleniumDriver] [  856] - ------------------------------------------
[INFO ][2016-02-03 15:52:39,244][com.java.SeleniumDriver] [  857] - Test case being Executed: 22
[INFO ][2016-02-03 15:52:39,244][com.java.SeleniumDriver] [  869] - Test step:27
[INFO ][2016-02-03 15:52:39,244][com.java.SeleniumDriver] [  881] - Datavalue is----------3
[INFO ][2016-02-03 15:52:39,244][com.java.SeleniumDriver] [  905] - DataField : XPH//div[@id="reportTabs"]//li[@class="activeTab"]//a[@title="Start Page"]
[INFO ][2016-02-03 15:52:39,245][com.java.SeleniumDriver] [  907] - DataValue : 3
[INFO ][2016-02-03 15:52:39,245][com.java.SeleniumDriver] [  913] - <In Set values of the page>
[INFO ][2016-02-03 15:52:39,245][com.java.SeleniumDriver] [  916] - {Data Fields & Data Values Exist}
[INFO ][2016-02-03 15:52:39,245][com.java.SeleniumDriver] [  918] - --------------------------setting values-----------------------------
[INFO ][2016-02-03 15:52:39,245][com.java.SeleniumDriver] [  921] - Action Type : WAITFORELEMENT
[INFO ][2016-02-03 15:52:39,611][com.java.SeleniumDriver] [  930] -  RESULT true
[INFO ][2016-02-03 15:52:39,611][com.java.SeleniumDriver] [ 1136] - ?   P A S S   ?
[INFO ][2016-02-03 15:52:39,611][com.java.SeleniumDriver] [  856] - ------------------------------------------
[INFO ][2016-02-03 15:52:39,611][com.java.SeleniumDriver] [  857] - Test case being Executed: 22
[INFO ][2016-02-03 15:52:39,611][com.java.SeleniumDriver] [  869] - Test step:28
[INFO ][2016-02-03 15:52:39,611][com.java.SeleniumDriver] [  881] - Datavalue is----------//div[@id="reportTabs"]//li[@class="activeTab"]//a[@title="Start Page"]
[INFO ][2016-02-03 15:52:39,611][com.java.SeleniumDriver] [  905] - DataField : BTN
[INFO ][2016-02-03 15:52:39,612][com.java.SeleniumDriver] [  907] - DataValue : //div[@id="reportTabs"]//li[@class="activeTab"]//a[@title="Start Page"]
[INFO ][2016-02-03 15:52:39,612][com.java.SeleniumDriver] [  913] - <In Set values of the page>
[INFO ][2016-02-03 15:52:39,612][com.java.SeleniumDriver] [  916] - {Data Fields & Data Values Exist}
[INFO ][2016-02-03 15:52:39,612][com.java.SeleniumDriver] [  918] - --------------------------setting values-----------------------------
[INFO ][2016-02-03 15:52:39,612][com.java.SeleniumDriver] [  921] - Action Type : VERIFY
[INFO ][2016-02-03 15:52:39,612][com.java.TestType] [ 8186] - field= BTN value= //div[@id="reportTabs"]//li[@class="activeTab"]//a[@title="Start Page"]
[INFO ][2016-02-03 15:52:39,612][com.java.TestType] [ 6575] - value = //div[@id="reportTabs"]//li[@class="activeTab"]//a[@title="Start Page"]
[INFO ][2016-02-03 15:52:39,943][com.java.SeleniumDriver] [  930] -  RESULT true
[INFO ][2016-02-03 15:52:39,943][com.java.SeleniumDriver] [ 1136] - ?   P A S S   ?
[INFO ][2016-02-03 15:52:39,943][com.java.SeleniumDriver] [  856] - ------------------------------------------
[INFO ][2016-02-03 15:52:39,943][com.java.SeleniumDriver] [  857] - Test case being Executed: 22
[INFO ][2016-02-03 15:52:39,943][com.java.SeleniumDriver] [  869] - Test step:29
[INFO ][2016-02-03 15:52:39,943][com.java.SeleniumDriver] [  881] - Datavalue is----------null
[DEBUG][2016-02-03 15:52:39,943][com.java.SeleniumDriver] [  899] - Exception: null
[INFO ][2016-02-03 15:52:39,944][com.java.SeleniumDriver] [  905] - DataField : //span[@class='icon-cog2']&&//a[@data-id="UserSettings"]
[INFO ][2016-02-03 15:52:39,944][com.java.SeleniumDriver] [  907] - DataValue : 
[INFO ][2016-02-03 15:52:39,944][com.java.SeleniumDriver] [  913] - <In Set values of the page>
[INFO ][2016-02-03 15:52:39,944][com.java.SeleniumDriver] [  916] - {Data Fields & Data Values Exist}
[INFO ][2016-02-03 15:52:39,944][com.java.SeleniumDriver] [  918] - --------------------------setting values-----------------------------
[INFO ][2016-02-03 15:52:39,944][com.java.SeleniumDriver] [  921] - Action Type : MOUSEOVER
[INFO ][2016-02-03 15:53:21,461][com.java.SeleniumDriver] [  930] -  RESULT true
[INFO ][2016-02-03 15:53:21,461][com.java.SeleniumDriver] [ 1136] - ?   P A S S   ?
[INFO ][2016-02-03 15:53:21,461][com.java.SeleniumDriver] [  856] - ------------------------------------------
[INFO ][2016-02-03 15:53:21,461][com.java.SeleniumDriver] [  857] - Test case being Executed: 22
[INFO ][2016-02-03 15:53:21,462][com.java.SeleniumDriver] [  869] - Test step:30
[INFO ][2016-02-03 15:53:21,462][com.java.SeleniumDriver] [  881] - Datavalue is----------2
[INFO ][2016-02-03 15:53:21,462][com.java.SeleniumDriver] [  905] - DataField : BTNframeDialogContent
[INFO ][2016-02-03 15:53:21,462][com.java.SeleniumDriver] [  907] - DataValue : 2
[INFO ][2016-02-03 15:53:21,462][com.java.SeleniumDriver] [  913] - <In Set values of the page>
[INFO ][2016-02-03 15:53:21,462][com.java.SeleniumDriver] [  916] - {Data Fields & Data Values Exist}
[INFO ][2016-02-03 15:53:21,462][com.java.SeleniumDriver] [  918] - --------------------------setting values-----------------------------
[INFO ][2016-02-03 15:53:21,462][com.java.SeleniumDriver] [  921] - Action Type : WAITFORELEMENT
[INFO ][2016-02-03 15:53:22,711][com.java.SeleniumDriver] [  930] -  RESULT true
[INFO ][2016-02-03 15:53:22,711][com.java.SeleniumDriver] [ 1136] - ?   P A S S   ?
[INFO ][2016-02-03 15:53:22,711][com.java.SeleniumDriver] [  856] - ------------------------------------------
[INFO ][2016-02-03 15:53:22,711][com.java.SeleniumDriver] [  857] - Test case being Executed: 22
[INFO ][2016-02-03 15:53:22,711][com.java.SeleniumDriver] [  869] - Test step:31
[INFO ][2016-02-03 15:53:22,711][com.java.SeleniumDriver] [  881] - Datavalue is----------User Settings
[INFO ][2016-02-03 15:53:22,712][com.java.SeleniumDriver] [  905] - DataField : XPH//span[@class="ui-dialog-title"]
[INFO ][2016-02-03 15:53:22,712][com.java.SeleniumDriver] [  907] - DataValue : User Settings
[INFO ][2016-02-03 15:53:22,712][com.java.SeleniumDriver] [  913] - <In Set values of the page>
[INFO ][2016-02-03 15:53:22,712][com.java.SeleniumDriver] [  916] - {Data Fields & Data Values Exist}
[INFO ][2016-02-03 15:53:22,712][com.java.SeleniumDriver] [  918] - --------------------------setting values-----------------------------
[INFO ][2016-02-03 15:53:22,712][com.java.SeleniumDriver] [  921] - Action Type : VERIFY
[INFO ][2016-02-03 15:53:22,712][com.java.TestType] [ 8186] - field= XPH//span[@class="ui-dialog-title"] value= User Settings
[INFO ][2016-02-03 15:53:22,714][com.java.TestType] [ 6575] - value = User Settings
[INFO ][2016-02-03 15:53:22,827][com.java.SeleniumDriver] [  930] -  RESULT true
[INFO ][2016-02-03 15:53:22,827][com.java.SeleniumDriver] [ 1136] - ?   P A S S   ?
[INFO ][2016-02-03 15:53:22,827][com.java.SeleniumDriver] [  856] - ------------------------------------------
[INFO ][2016-02-03 15:53:22,827][com.java.SeleniumDriver] [  857] - Test case being Executed: 22
[INFO ][2016-02-03 15:53:22,827][com.java.SeleniumDriver] [  869] - Test step:32
[INFO ][2016-02-03 15:53:22,827][com.java.SeleniumDriver] [  881] - Datavalue is----------null
[DEBUG][2016-02-03 15:53:22,828][com.java.SeleniumDriver] [  899] - Exception: null
[INFO ][2016-02-03 15:53:22,828][com.java.SeleniumDriver] [  905] - DataField : BTNframeDialogContent
[INFO ][2016-02-03 15:53:22,828][com.java.SeleniumDriver] [  907] - DataValue : 
[INFO ][2016-02-03 15:53:22,828][com.java.SeleniumDriver] [  913] - <In Set values of the page>
[INFO ][2016-02-03 15:53:22,828][com.java.SeleniumDriver] [  916] - {Data Fields & Data Values Exist}
[INFO ][2016-02-03 15:53:22,828][com.java.SeleniumDriver] [  918] - --------------------------setting values-----------------------------
[INFO ][2016-02-03 15:53:22,828][com.java.SeleniumDriver] [  921] - Action Type : SELECTFRAME
[INFO ][2016-02-03 15:53:24,175][com.java.SeleniumDriver] [  930] -  RESULT true
[INFO ][2016-02-03 15:53:24,175][com.java.SeleniumDriver] [ 1136] - ?   P A S S   ?
[INFO ][2016-02-03 15:53:24,175][com.java.SeleniumDriver] [  856] - ------------------------------------------
[INFO ][2016-02-03 15:53:24,175][com.java.SeleniumDriver] [  857] - Test case being Executed: 22
[INFO ][2016-02-03 15:53:24,175][com.java.SeleniumDriver] [  869] - Test step:33
[INFO ][2016-02-03 15:53:24,175][com.java.SeleniumDriver] [  881] - Datavalue is----------Yes
[INFO ][2016-02-03 15:53:24,175][com.java.SeleniumDriver] [  905] - DataField : SLBddlPDFToScreen
[INFO ][2016-02-03 15:53:24,175][com.java.SeleniumDriver] [  907] - DataValue : Yes
[INFO ][2016-02-03 15:53:24,175][com.java.SeleniumDriver] [  913] - <In Set values of the page>
[INFO ][2016-02-03 15:53:24,175][com.java.SeleniumDriver] [  916] - {Data Fields & Data Values Exist}
[INFO ][2016-02-03 15:53:24,176][com.java.SeleniumDriver] [  918] - --------------------------setting values-----------------------------
[INFO ][2016-02-03 15:53:24,176][com.java.SeleniumDriver] [  921] - Action Type : SELECT
[INFO ][2016-02-03 15:53:24,176][com.java.TestType] [ 6575] - value = Yes
[INFO ][2016-02-03 15:53:26,559][com.java.SeleniumDriver] [  930] -  RESULT true
[INFO ][2016-02-03 15:53:26,559][com.java.SeleniumDriver] [ 1136] - ?   P A S S   ?
[INFO ][2016-02-03 15:53:26,559][com.java.SeleniumDriver] [  856] - ------------------------------------------
[INFO ][2016-02-03 15:53:26,559][com.java.SeleniumDriver] [  857] - Test case being Executed: 22
[INFO ][2016-02-03 15:53:26,559][com.java.SeleniumDriver] [  869] - Test step:34
[INFO ][2016-02-03 15:53:26,559][com.java.SeleniumDriver] [  881] - Datavalue is----------null
[DEBUG][2016-02-03 15:53:26,560][com.java.SeleniumDriver] [  899] - Exception: null
[INFO ][2016-02-03 15:53:26,560][com.java.SeleniumDriver] [  905] - DataField : BTNparent
[INFO ][2016-02-03 15:53:26,560][com.java.SeleniumDriver] [  907] - DataValue : 
[INFO ][2016-02-03 15:53:26,560][com.java.SeleniumDriver] [  913] - <In Set values of the page>
[INFO ][2016-02-03 15:53:26,560][com.java.SeleniumDriver] [  916] - {Data Fields & Data Values Exist}
[INFO ][2016-02-03 15:53:26,560][com.java.SeleniumDriver] [  918] - --------------------------setting values-----------------------------
[INFO ][2016-02-03 15:53:26,560][com.java.SeleniumDriver] [  921] - Action Type : SELECTFRAME
[INFO ][2016-02-03 15:53:26,576][com.java.SeleniumDriver] [  930] -  RESULT true
[INFO ][2016-02-03 15:53:26,576][com.java.SeleniumDriver] [ 1136] - ?   P A S S   ?
[INFO ][2016-02-03 15:53:26,576][com.java.SeleniumDriver] [  856] - ------------------------------------------
[INFO ][2016-02-03 15:53:26,576][com.java.SeleniumDriver] [  857] - Test case being Executed: 22
[INFO ][2016-02-03 15:53:26,576][com.java.SeleniumDriver] [  869] - Test step:35
[INFO ][2016-02-03 15:53:26,576][com.java.SeleniumDriver] [  881] - Datavalue is----------null
[DEBUG][2016-02-03 15:53:26,576][com.java.SeleniumDriver] [  899] - Exception: null
[INFO ][2016-02-03 15:53:26,576][com.java.SeleniumDriver] [  905] - DataField : HDN//span[@class="ui-button-text" and contains(text(),'Finished')]
[INFO ][2016-02-03 15:53:26,577][com.java.SeleniumDriver] [  907] - DataValue : 
[INFO ][2016-02-03 15:53:26,577][com.java.SeleniumDriver] [  913] - <In Set values of the page>
[INFO ][2016-02-03 15:53:26,577][com.java.SeleniumDriver] [  916] - {Data Fields & Data Values Exist}
[INFO ][2016-02-03 15:53:26,577][com.java.SeleniumDriver] [  918] - --------------------------setting values-----------------------------
[INFO ][2016-02-03 15:53:26,577][com.java.SeleniumDriver] [  921] - Action Type : CLICK
[INFO ][2016-02-03 15:53:26,577][com.java.TestType] [ 6954] - Field ::HDN//span[@class="ui-button-text" and contains(text(),'Finished')]
[INFO ][2016-02-03 15:53:26,577][com.java.TestType] [ 6575] - value = 
[INFO ][2016-02-03 15:53:27,761][com.java.SeleniumDriver] [  930] -  RESULT true
[INFO ][2016-02-03 15:53:27,761][com.java.SeleniumDriver] [ 1136] - ?   P A S S   ?
[INFO ][2016-02-03 15:53:27,762][com.java.SeleniumDriver] [  856] - ------------------------------------------
[INFO ][2016-02-03 15:53:27,762][com.java.SeleniumDriver] [  857] - Test case being Executed: 22
[INFO ][2016-02-03 15:53:27,762][com.java.SeleniumDriver] [  869] - Test step:36
[INFO ][2016-02-03 15:53:27,762][com.java.SeleniumDriver] [  881] - Datavalue is----------5
[INFO ][2016-02-03 15:53:27,762][com.java.SeleniumDriver] [  905] - DataField : XPH//span[@class="icon-coin"]
[INFO ][2016-02-03 15:53:27,762][com.java.SeleniumDriver] [  907] - DataValue : 5
[INFO ][2016-02-03 15:53:27,762][com.java.SeleniumDriver] [  913] - <In Set values of the page>
[INFO ][2016-02-03 15:53:27,762][com.java.SeleniumDriver] [  916] - {Data Fields & Data Values Exist}
[INFO ][2016-02-03 15:53:27,762][com.java.SeleniumDriver] [  918] - --------------------------setting values-----------------------------
[INFO ][2016-02-03 15:53:27,762][com.java.SeleniumDriver] [  921] - Action Type : WAITFORELEMENT
[INFO ][2016-02-03 15:53:27,797][com.java.SeleniumDriver] [  930] -  RESULT true
[INFO ][2016-02-03 15:53:27,797][com.java.SeleniumDriver] [ 1136] - ?   P A S S   ?
[INFO ][2016-02-03 15:53:27,797][com.java.SeleniumDriver] [  856] - ------------------------------------------
[INFO ][2016-02-03 15:53:27,797][com.java.SeleniumDriver] [  857] - Test case being Executed: 22
[INFO ][2016-02-03 15:53:27,797][com.java.SeleniumDriver] [  869] - Test step:37
[INFO ][2016-02-03 15:53:27,797][com.java.SeleniumDriver] [  881] - Datavalue is----------null
[DEBUG][2016-02-03 15:53:27,797][com.java.SeleniumDriver] [  899] - Exception: null
[INFO ][2016-02-03 15:53:27,797][com.java.SeleniumDriver] [  905] - DataField : HDN//div[@class="menu"]//span[@class="icon-file-pdf"]
[INFO ][2016-02-03 15:53:27,798][com.java.SeleniumDriver] [  907] - DataValue : 
[INFO ][2016-02-03 15:53:27,798][com.java.SeleniumDriver] [  913] - <In Set values of the page>
[INFO ][2016-02-03 15:53:27,798][com.java.SeleniumDriver] [  916] - {Data Fields & Data Values Exist}
[INFO ][2016-02-03 15:53:27,798][com.java.SeleniumDriver] [  918] - --------------------------setting values-----------------------------
[INFO ][2016-02-03 15:53:27,798][com.java.SeleniumDriver] [  921] - Action Type : CLICK
[INFO ][2016-02-03 15:53:27,798][com.java.TestType] [ 6954] - Field ::HDN//div[@class="menu"]//span[@class="icon-file-pdf"]
[INFO ][2016-02-03 15:53:27,798][com.java.TestType] [ 6575] - value = 
[INFO ][2016-02-03 15:53:35,303][com.java.SeleniumDriver] [  930] -  RESULT true
[INFO ][2016-02-03 15:53:35,303][com.java.SeleniumDriver] [ 1136] - ?   P A S S   ?
[INFO ][2016-02-03 15:53:35,303][com.java.SeleniumDriver] [  856] - ------------------------------------------
[INFO ][2016-02-03 15:53:35,303][com.java.SeleniumDriver] [  857] - Test case being Executed: 22
[INFO ][2016-02-03 15:53:35,303][com.java.SeleniumDriver] [  869] - Test step:38
[INFO ][2016-02-03 15:53:35,303][com.java.SeleniumDriver] [  881] - Datavalue is----------3
[INFO ][2016-02-03 15:53:35,303][com.java.SeleniumDriver] [  905] - DataField : XPH//img[@id='loading']
[INFO ][2016-02-03 15:53:35,303][com.java.SeleniumDriver] [  907] - DataValue : 3
[INFO ][2016-02-03 15:53:35,303][com.java.SeleniumDriver] [  913] - <In Set values of the page>
[INFO ][2016-02-03 15:53:35,303][com.java.SeleniumDriver] [  916] - {Data Fields & Data Values Exist}
[INFO ][2016-02-03 15:53:35,305][com.java.SeleniumDriver] [  918] - --------------------------setting values-----------------------------
[INFO ][2016-02-03 15:53:35,305][com.java.SeleniumDriver] [  921] - Action Type : WaitForElement
[INFO ][2016-02-03 15:53:35,371][com.java.SeleniumDriver] [  930] -  RESULT true
[INFO ][2016-02-03 15:53:35,371][com.java.SeleniumDriver] [ 1136] - ?   P A S S   ?
[INFO ][2016-02-03 15:53:35,371][com.java.SeleniumDriver] [  856] - ------------------------------------------
[INFO ][2016-02-03 15:53:35,371][com.java.SeleniumDriver] [  857] - Test case being Executed: 22
[INFO ][2016-02-03 15:53:35,371][com.java.SeleniumDriver] [  869] - Test step:39
[INFO ][2016-02-03 15:53:35,371][com.java.SeleniumDriver] [  881] - Datavalue is----------90
[INFO ][2016-02-03 15:53:35,371][com.java.SeleniumDriver] [  905] - DataField : XPH//img[@id='loading']
[INFO ][2016-02-03 15:53:35,371][com.java.SeleniumDriver] [  907] - DataValue : 90
[INFO ][2016-02-03 15:53:35,371][com.java.SeleniumDriver] [  913] - <In Set values of the page>
[INFO ][2016-02-03 15:53:35,372][com.java.SeleniumDriver] [  916] - {Data Fields & Data Values Exist}
[INFO ][2016-02-03 15:53:35,372][com.java.SeleniumDriver] [  918] - --------------------------setting values-----------------------------
[INFO ][2016-02-03 15:53:35,372][com.java.SeleniumDriver] [  921] - Action Type : waitForElementNotPresent
[INFO ][2016-02-03 15:53:38,682][com.java.SeleniumDriver] [  930] -  RESULT true
[INFO ][2016-02-03 15:53:38,682][com.java.SeleniumDriver] [ 1136] - ?   P A S S   ?
[INFO ][2016-02-03 15:53:38,682][com.java.SeleniumDriver] [  856] - ------------------------------------------
[INFO ][2016-02-03 15:53:38,682][com.java.SeleniumDriver] [  857] - Test case being Executed: 22
[INFO ][2016-02-03 15:53:38,682][com.java.SeleniumDriver] [  869] - Test step:40
[INFO ][2016-02-03 15:53:38,682][com.java.SeleniumDriver] [  881] - Datavalue is----------15
[INFO ][2016-02-03 15:53:38,682][com.java.SeleniumDriver] [  905] - DataField : test
[INFO ][2016-02-03 15:53:38,682][com.java.SeleniumDriver] [  907] - DataValue : 15
[INFO ][2016-02-03 15:53:38,683][com.java.SeleniumDriver] [  913] - <In Set values of the page>
[INFO ][2016-02-03 15:53:38,683][com.java.SeleniumDriver] [  916] - {Data Fields & Data Values Exist}
[INFO ][2016-02-03 15:53:38,683][com.java.SeleniumDriver] [  918] - --------------------------setting values-----------------------------
[INFO ][2016-02-03 15:53:38,683][com.java.SeleniumDriver] [  921] - Action Type : WaitTime
[DEBUG][2016-02-03 15:53:38,683][com.java.TestType] [ 6389] - sleepTime: 15000
[INFO ][2016-02-03 15:53:53,684][com.java.SeleniumDriver] [  930] -  RESULT true
[INFO ][2016-02-03 15:53:53,684][com.java.SeleniumDriver] [ 1136] - ?   P A S S   ?
[INFO ][2016-02-03 15:53:53,684][com.java.SeleniumDriver] [  856] - ------------------------------------------
[INFO ][2016-02-03 15:53:53,684][com.java.SeleniumDriver] [  857] - Test case being Executed: 22
[INFO ][2016-02-03 15:53:53,684][com.java.SeleniumDriver] [  869] - Test step:41
[INFO ][2016-02-03 15:53:53,684][com.java.SeleniumDriver] [  881] - Datavalue is----------Banker's Dashboard
[INFO ][2016-02-03 15:53:53,684][com.java.SeleniumDriver] [  905] - DataField : DYN
[INFO ][2016-02-03 15:53:53,684][com.java.SeleniumDriver] [  907] - DataValue : Banker's Dashboard
[INFO ][2016-02-03 15:53:53,684][com.java.SeleniumDriver] [  913] - <In Set values of the page>
[INFO ][2016-02-03 15:53:53,684][com.java.SeleniumDriver] [  916] - {Data Fields & Data Values Exist}
[INFO ][2016-02-03 15:53:53,684][com.java.SeleniumDriver] [  918] - --------------------------setting values-----------------------------
[INFO ][2016-02-03 15:53:53,684][com.java.SeleniumDriver] [  921] - Action Type : SelectWindow
[ERROR][2016-02-03 15:53:58,156][com.java.TestType] [ 8078] - Exception: No window found (WARNING: The server did not provide any stacktrace information)
Command duration or timeout: 1.06 seconds
Build info: version: '2.48.2', revision: '41bccdd', time: '2015-10-09 19:59:12'
System info: host: 'FVTIII438F1D', ip: '172.17.68.34', os.name: 'Windows 7', os.arch: 'x86', os.version: '6.1', java.version: '1.7.0_55'
Session ID: 9b054c7b-a48e-44a6-99ae-57f2a0821d44
Driver info: org.openqa.selenium.ie.InternetExplorerDriver
Capabilities [{platform=WINDOWS, javascriptEnabled=true, elementScrollBehavior=0, ignoreZoomSetting=false, enablePersistentHover=true, ie.ensureCleanSession=false, browserName=internet explorer, enableElementCacheCleanup=true, unexpectedAlertBehaviour=dismiss, version=10, ie.usePerProcessProxy=false, ignoreProtectedModeSettings=true, cssSelectorsEnabled=true, requireWindowFocus=false, initialBrowserUrl=http://localhost:1601/, handlesAlerts=true, ie.forceCreateProcessApi=false, nativeEvents=true, browserAttachTimeout=0, ie.browserCommandLineSwitches=, takesScreenshot=true}]
[DEBUG][2016-02-03 15:53:58,156][com.java.TestType] [ 8079] - Banker's Dashboard   ::Title not found
[DEBUG][2016-02-03 15:53:58,157][com.java.TestType] [ 8083] - Window with title   ::+Banker's Dashboard::not Found
[INFO ][2016-02-03 15:53:58,157][com.java.SeleniumDriver] [  930] -  RESULT false
[INFO ][2016-02-03 15:53:58,157][com.java.SeleniumDriver] [  977] - ?   F A I L   ?
[INFO ][2016-02-03 15:53:58,157][com.java.SeleniumDriver] [  985] - Browser Type : IE10
[INFO ][2016-02-03 15:53:58,157][com.java.SeleniumDriver] [  986] - Adding Failed case22
[WARN ][2016-02-03 15:53:58,176][com.java.SeleniumDriver] [ 1046] - Source 'D:\BankersDashboard\TestReports\020316' exists but is a directory
[INFO ][2016-02-03 15:53:58,176][com.java.SeleniumDriver] [ 1100] - failedCases = 22
[ERROR][2016-02-03 15:53:58,176][com.java.SeleniumDriver] [ 1599] - Platform Errors : Our apologies...::We have encountered an issue with your request.::Our apologies?:We encountered an issue with your request.
[INFO ][2016-02-03 15:53:58,176][com.java.SeleniumDriver] [ 1603] - Length =3
[ERROR][2016-02-03 15:53:58,177][com.java.SeleniumDriver] [ 1606] - Error 0 = Our apologies...
[ERROR][2016-02-03 15:53:58,193][com.java.SeleniumDriver] [ 1620] - Unable to get browser (WARNING: The server did not provide any stacktrace information)
Command duration or timeout: 15 milliseconds
Build info: version: '2.48.2', revision: '41bccdd', time: '2015-10-09 19:59:12'
System info: host: 'FVTIII438F1D', ip: '172.17.68.34', os.name: 'Windows 7', os.arch: 'x86', os.version: '6.1', java.version: '1.7.0_55'
Session ID: 9b054c7b-a48e-44a6-99ae-57f2a0821d44
Driver info: org.openqa.selenium.ie.InternetExplorerDriver
Capabilities [{platform=WINDOWS, javascriptEnabled=true, elementScrollBehavior=0, ignoreZoomSetting=false, enablePersistentHover=true, ie.ensureCleanSession=false, browserName=internet explorer, enableElementCacheCleanup=true, unexpectedAlertBehaviour=dismiss, version=10, ie.usePerProcessProxy=false, ignoreProtectedModeSettings=true, cssSelectorsEnabled=true, requireWindowFocus=false, initialBrowserUrl=http://localhost:1601/, handlesAlerts=true, ie.forceCreateProcessApi=false, nativeEvents=true, browserAttachTimeout=0, ie.browserCommandLineSwitches=, takesScreenshot=true}]
[INFO ][2016-02-03 15:53:58,195][com.java.SeleniumDriver] [ 1622] - FindPlatformErrors exception: Unable to get browser (WARNING: The server did not provide any stacktrace information)
Command duration or timeout: 15 milliseconds
Build info: version: '2.48.2', revision: '41bccdd', time: '2015-10-09 19:59:12'
System info: host: 'FVTIII438F1D', ip: '172.17.68.34', os.name: 'Windows 7', os.arch: 'x86', os.version: '6.1', java.version: '1.7.0_55'
Session ID: 9b054c7b-a48e-44a6-99ae-57f2a0821d44
Driver info: org.openqa.selenium.ie.InternetExplorerDriver
Capabilities [{platform=WINDOWS, javascriptEnabled=true, elementScrollBehavior=0, ignoreZoomSetting=false, enablePersistentHover=true, ie.ensureCleanSession=false, browserName=internet explorer, enableElementCacheCleanup=true, unexpectedAlertBehaviour=dismiss, version=10, ie.usePerProcessProxy=false, ignoreProtectedModeSettings=true, cssSelectorsEnabled=true, requireWindowFocus=false, initialBrowserUrl=http://localhost:1601/, handlesAlerts=true, ie.forceCreateProcessApi=false, nativeEvents=true, browserAttachTimeout=0, ie.browserCommandLineSwitches=, takesScreenshot=true}]
[DEBUG][2016-02-03 15:53:58,195][com.java.SeleniumDriver] [ 1624] - Unable to get the Platform Error list from Hash Map.
[ERROR][2016-02-03 15:53:58,195][com.java.SeleniumDriver] [ 1218] - 
[INFO ][2016-02-03 15:53:58,195][com.java.SeleniumDriver] [  856] - ------------------------------------------
[INFO ][2016-02-03 15:53:58,195][com.java.SeleniumDriver] [  857] - Test case being Executed: 22
[INFO ][2016-02-03 15:53:58,195][com.java.SeleniumDriver] [  869] - Test step:42
[INFO ][2016-02-03 15:53:58,195][com.java.SeleniumDriver] [  881] - Datavalue is----------null
[DEBUG][2016-02-03 15:53:58,195][com.java.SeleniumDriver] [  899] - Exception: null
[INFO ][2016-02-03 15:53:58,195][com.java.SeleniumDriver] [  905] - DataField : BTNcloseAllTabs
[INFO ][2016-02-03 15:53:58,195][com.java.SeleniumDriver] [  907] - DataValue : 
[INFO ][2016-02-03 15:53:58,195][com.java.SeleniumDriver] [  913] - <In Set values of the page>
[INFO ][2016-02-03 15:53:58,196][com.java.SeleniumDriver] [  916] - {Data Fields & Data Values Exist}
[INFO ][2016-02-03 15:53:58,196][com.java.SeleniumDriver] [  918] - --------------------------setting values-----------------------------
[INFO ][2016-02-03 15:53:58,196][com.java.SeleniumDriver] [  921] - Action Type : CLICK
[INFO ][2016-02-03 15:53:58,196][com.java.TestType] [ 6954] - Field ::BTNcloseAllTabs
[INFO ][2016-02-03 15:53:58,196][com.java.TestType] [ 6575] - value = 
[INFO ][2016-02-03 15:53:59,196][com.java.TestType] [ 7106] - BEFORE CLICK
[ERROR][2016-02-03 15:53:59,214][com.java.TestType] [ 7481] - Exception in click:: null
[INFO ][2016-02-03 15:53:59,214][com.java.TestType] [ 7485] - Element ::closeAllTabs:: not found
[INFO ][2016-02-03 15:53:59,215][com.java.SeleniumDriver] [  930] -  RESULT false
[INFO ][2016-02-03 15:53:59,215][com.java.SeleniumDriver] [  977] - ?   F A I L   ?
[INFO ][2016-02-03 15:53:59,216][com.java.SeleniumDriver] [  985] - Browser Type : IE10
[INFO ][2016-02-03 15:53:59,216][com.java.SeleniumDriver] [  986] - Adding Failed case22
[WARN ][2016-02-03 15:53:59,232][com.java.SeleniumDriver] [ 1046] - Source 'D:\BankersDashboard\TestReports\020316' exists but is a directory
[INFO ][2016-02-03 15:53:59,232][com.java.SeleniumDriver] [ 1100] - failedCases = 22,22
[ERROR][2016-02-03 15:53:59,232][com.java.SeleniumDriver] [ 1599] - Platform Errors : Our apologies...::We have encountered an issue with your request.::Our apologies?:We encountered an issue with your request.
[INFO ][2016-02-03 15:53:59,232][com.java.SeleniumDriver] [ 1603] - Length =3
[ERROR][2016-02-03 15:53:59,233][com.java.SeleniumDriver] [ 1606] - Error 0 = Our apologies...
[ERROR][2016-02-03 15:53:59,247][com.java.SeleniumDriver] [ 1620] - Unable to get browser (WARNING: The server did not provide any stacktrace information)
Command duration or timeout: 14 milliseconds
Build info: version: '2.48.2', revision: '41bccdd', time: '2015-10-09 19:59:12'
System info: host: 'FVTIII438F1D', ip: '172.17.68.34', os.name: 'Windows 7', os.arch: 'x86', os.version: '6.1', java.version: '1.7.0_55'
Session ID: 9b054c7b-a48e-44a6-99ae-57f2a0821d44
Driver info: org.openqa.selenium.ie.InternetExplorerDriver
Capabilities [{platform=WINDOWS, javascriptEnabled=true, elementScrollBehavior=0, ignoreZoomSetting=false, enablePersistentHover=true, ie.ensureCleanSession=false, browserName=internet explorer, enableElementCacheCleanup=true, unexpectedAlertBehaviour=dismiss, version=10, ie.usePerProcessProxy=false, ignoreProtectedModeSettings=true, cssSelectorsEnabled=true, requireWindowFocus=false, initialBrowserUrl=http://localhost:1601/, handlesAlerts=true, ie.forceCreateProcessApi=false, nativeEvents=true, browserAttachTimeout=0, ie.browserCommandLineSwitches=, takesScreenshot=true}]
[INFO ][2016-02-03 15:53:59,248][com.java.SeleniumDriver] [ 1622] - FindPlatformErrors exception: Unable to get browser (WARNING: The server did not provide any stacktrace information)
Command duration or timeout: 14 milliseconds
Build info: version: '2.48.2', revision: '41bccdd', time: '2015-10-09 19:59:12'
System info: host: 'FVTIII438F1D', ip: '172.17.68.34', os.name: 'Windows 7', os.arch: 'x86', os.version: '6.1', java.version: '1.7.0_55'
Session ID: 9b054c7b-a48e-44a6-99ae-57f2a0821d44
Driver info: org.openqa.selenium.ie.InternetExplorerDriver
Capabilities [{platform=WINDOWS, javascriptEnabled=true, elementScrollBehavior=0, ignoreZoomSetting=false, enablePersistentHover=true, ie.ensureCleanSession=false, browserName=internet explorer, enableElementCacheCleanup=true, unexpectedAlertBehaviour=dismiss, version=10, ie.usePerProcessProxy=false, ignoreProtectedModeSettings=true, cssSelectorsEnabled=true, requireWindowFocus=false, initialBrowserUrl=http://localhost:1601/, handlesAlerts=true, ie.forceCreateProcessApi=false, nativeEvents=true, browserAttachTimeout=0, ie.browserCommandLineSwitches=, takesScreenshot=true}]
[DEBUG][2016-02-03 15:53:59,248][com.java.SeleniumDriver] [ 1624] - Unable to get the Platform Error list from Hash Map.
[ERROR][2016-02-03 15:53:59,249][com.java.SeleniumDriver] [ 1218] - 
[INFO ][2016-02-03 15:53:59,249][com.java.SeleniumDriver] [  856] - ------------------------------------------
[INFO ][2016-02-03 15:53:59,249][com.java.SeleniumDriver] [  857] - Test case being Executed: 22
[INFO ][2016-02-03 15:53:59,249][com.java.SeleniumDriver] [  869] - Test step:43
[INFO ][2016-02-03 15:53:59,249][com.java.SeleniumDriver] [  881] - Datavalue is----------3
[INFO ][2016-02-03 15:53:59,249][com.java.SeleniumDriver] [  905] - DataField : XPH//div[@id="reportTabs"]//li[@class="activeTab"]//a[@title="Start Page"]
[INFO ][2016-02-03 15:53:59,249][com.java.SeleniumDriver] [  907] - DataValue : 3
[INFO ][2016-02-03 15:53:59,249][com.java.SeleniumDriver] [  913] - <In Set values of the page>
[INFO ][2016-02-03 15:53:59,249][com.java.SeleniumDriver] [  916] - {Data Fields & Data Values Exist}
[INFO ][2016-02-03 15:53:59,249][com.java.SeleniumDriver] [  918] - --------------------------setting values-----------------------------
[INFO ][2016-02-03 15:53:59,249][com.java.SeleniumDriver] [  921] - Action Type : WAITFORELEMENT
[DEBUG][2016-02-03 15:54:02,303][com.java.TestType] [ 7837] - //div[@id="reportTabs"]//li[@class="activeTab"]//a[@title="Start Page"]   :: Element not Found
[INFO ][2016-02-03 15:54:02,303][com.java.SeleniumDriver] [  930] -  RESULT false
[INFO ][2016-02-03 15:54:02,303][com.java.SeleniumDriver] [  977] - ?   F A I L   ?
[INFO ][2016-02-03 15:54:02,303][com.java.SeleniumDriver] [  985] - Browser Type : IE10
[INFO ][2016-02-03 15:54:02,303][com.java.SeleniumDriver] [  986] - Adding Failed case22
[WARN ][2016-02-03 15:54:02,321][com.java.SeleniumDriver] [ 1046] - Source 'D:\BankersDashboard\TestReports\020316' exists but is a directory
[INFO ][2016-02-03 15:54:02,321][com.java.SeleniumDriver] [ 1100] - failedCases = 22,22,22
[ERROR][2016-02-03 15:54:02,321][com.java.SeleniumDriver] [ 1599] - Platform Errors : Our apologies...::We have encountered an issue with your request.::Our apologies?:We encountered an issue with your request.
[INFO ][2016-02-03 15:54:02,321][com.java.SeleniumDriver] [ 1603] - Length =3
[ERROR][2016-02-03 15:54:02,321][com.java.SeleniumDriver] [ 1606] - Error 0 = Our apologies...
[ERROR][2016-02-03 15:54:02,336][com.java.SeleniumDriver] [ 1620] - Unable to get browser (WARNING: The server did not provide any stacktrace information)
Command duration or timeout: 15 milliseconds
Build info: version: '2.48.2', revision: '41bccdd', time: '2015-10-09 19:59:12'
System info: host: 'FVTIII438F1D', ip: '172.17.68.34', os.name: 'Windows 7', os.arch: 'x86', os.version: '6.1', java.version: '1.7.0_55'
Session ID: 9b054c7b-a48e-44a6-99ae-57f2a0821d44
Driver info: org.openqa.selenium.ie.InternetExplorerDriver
Capabilities [{platform=WINDOWS, javascriptEnabled=true, elementScrollBehavior=0, ignoreZoomSetting=false, enablePersistentHover=true, ie.ensureCleanSession=false, browserName=internet explorer, enableElementCacheCleanup=true, unexpectedAlertBehaviour=dismiss, version=10, ie.usePerProcessProxy=false, ignoreProtectedModeSettings=true, cssSelectorsEnabled=true, requireWindowFocus=false, initialBrowserUrl=http://localhost:1601/, handlesAlerts=true, ie.forceCreateProcessApi=false, nativeEvents=true, browserAttachTimeout=0, ie.browserCommandLineSwitches=, takesScreenshot=true}]
[INFO ][2016-02-03 15:54:02,337][com.java.SeleniumDriver] [ 1622] - FindPlatformErrors exception: Unable to get browser (WARNING: The server did not provide any stacktrace information)
Command duration or timeout: 15 milliseconds
Build info: version: '2.48.2', revision: '41bccdd', time: '2015-10-09 19:59:12'
System info: host: 'FVTIII438F1D', ip: '172.17.68.34', os.name: 'Windows 7', os.arch: 'x86', os.version: '6.1', java.version: '1.7.0_55'
Session ID: 9b054c7b-a48e-44a6-99ae-57f2a0821d44
Driver info: org.openqa.selenium.ie.InternetExplorerDriver
Capabilities [{platform=WINDOWS, javascriptEnabled=true, elementScrollBehavior=0, ignoreZoomSetting=false, enablePersistentHover=true, ie.ensureCleanSession=false, browserName=internet explorer, enableElementCacheCleanup=true, unexpectedAlertBehaviour=dismiss, version=10, ie.usePerProcessProxy=false, ignoreProtectedModeSettings=true, cssSelectorsEnabled=true, requireWindowFocus=false, initialBrowserUrl=http://localhost:1601/, handlesAlerts=true, ie.forceCreateProcessApi=false, nativeEvents=true, browserAttachTimeout=0, ie.browserCommandLineSwitches=, takesScreenshot=true}]
[DEBUG][2016-02-03 15:54:02,337][com.java.SeleniumDriver] [ 1624] - Unable to get the Platform Error list from Hash Map.
[ERROR][2016-02-03 15:54:02,338][com.java.SeleniumDriver] [ 1218] - 
[INFO ][2016-02-03 15:54:02,338][com.java.SeleniumDriver] [  856] - ------------------------------------------
[INFO ][2016-02-03 15:54:02,338][com.java.SeleniumDriver] [  857] - Test case being Executed: 22
[INFO ][2016-02-03 15:54:02,338][com.java.SeleniumDriver] [  869] - Test step:44
[INFO ][2016-02-03 15:54:02,338][com.java.SeleniumDriver] [  881] - Datavalue is----------//div[@id="reportTabs"]//li[@class="activeTab"]//a[@title="Start Page"]
[INFO ][2016-02-03 15:54:02,338][com.java.SeleniumDriver] [  905] - DataField : BTN
[INFO ][2016-02-03 15:54:02,338][com.java.SeleniumDriver] [  907] - DataValue : //div[@id="reportTabs"]//li[@class="activeTab"]//a[@title="Start Page"]
[INFO ][2016-02-03 15:54:02,338][com.java.SeleniumDriver] [  913] - <In Set values of the page>
[INFO ][2016-02-03 15:54:02,338][com.java.SeleniumDriver] [  916] - {Data Fields & Data Values Exist}
[INFO ][2016-02-03 15:54:02,338][com.java.SeleniumDriver] [  918] - --------------------------setting values-----------------------------
[INFO ][2016-02-03 15:54:02,338][com.java.SeleniumDriver] [  921] - Action Type : VERIFY
[INFO ][2016-02-03 15:54:02,338][com.java.TestType] [ 8186] - field= BTN value= //div[@id="reportTabs"]//li[@class="activeTab"]//a[@title="Start Page"]
[INFO ][2016-02-03 15:54:02,339][com.java.TestType] [ 6575] - value = //div[@id="reportTabs"]//li[@class="activeTab"]//a[@title="Start Page"]
[DEBUG][2016-02-03 15:54:04,374][com.java.TestType] [ 7837] - //div[@id="reportTabs"]//li[@class="activeTab"]//a[@title="Start Page"]   :: Element not Found
[ERROR][2016-02-03 15:54:04,392][com.java.TestType] [ 8941] - Assertion Error: 
[INFO ][2016-02-03 15:54:04,392][com.java.SeleniumDriver] [  930] -  RESULT false
[INFO ][2016-02-03 15:54:04,392][com.java.SeleniumDriver] [  977] - ?   F A I L   ?
[INFO ][2016-02-03 15:54:04,392][com.java.SeleniumDriver] [  985] - Browser Type : IE10
[INFO ][2016-02-03 15:54:04,392][com.java.SeleniumDriver] [  986] - Adding Failed case22
[WARN ][2016-02-03 15:54:04,408][com.java.SeleniumDriver] [ 1046] - Source 'D:\BankersDashboard\TestReports\020316' exists but is a directory
[INFO ][2016-02-03 15:54:04,408][com.java.SeleniumDriver] [ 1100] - failedCases = 22,22,22,22
[ERROR][2016-02-03 15:54:04,409][com.java.SeleniumDriver] [ 1599] - Platform Errors : Our apologies...::We have encountered an issue with your request.::Our apologies?:We encountered an issue with your request.
[INFO ][2016-02-03 15:54:04,409][com.java.SeleniumDriver] [ 1603] - Length =3
[ERROR][2016-02-03 15:54:04,409][com.java.SeleniumDriver] [ 1606] - Error 0 = Our apologies...
[ERROR][2016-02-03 15:54:04,424][com.java.SeleniumDriver] [ 1620] - Unable to get browser (WARNING: The server did not provide any stacktrace information)
Command duration or timeout: 15 milliseconds
Build info: version: '2.48.2', revision: '41bccdd', time: '2015-10-09 19:59:12'
System info: host: 'FVTIII438F1D', ip: '172.17.68.34', os.name: 'Windows 7', os.arch: 'x86', os.version: '6.1', java.version: '1.7.0_55'
Session ID: 9b054c7b-a48e-44a6-99ae-57f2a0821d44
Driver info: org.openqa.selenium.ie.InternetExplorerDriver
Capabilities [{platform=WINDOWS, javascriptEnabled=true, elementScrollBehavior=0, ignoreZoomSetting=false, enablePersistentHover=true, ie.ensureCleanSession=false, browserName=internet explorer, enableElementCacheCleanup=true, unexpectedAlertBehaviour=dismiss, version=10, ie.usePerProcessProxy=false, ignoreProtectedModeSettings=true, cssSelectorsEnabled=true, requireWindowFocus=false, initialBrowserUrl=http://localhost:1601/, handlesAlerts=true, ie.forceCreateProcessApi=false, nativeEvents=true, browserAttachTimeout=0, ie.browserCommandLineSwitches=, takesScreenshot=true}]
[INFO ][2016-02-03 15:54:04,425][com.java.SeleniumDriver] [ 1622] - FindPlatformErrors exception: Unable to get browser (WARNING: The server did not provide any stacktrace information)
Command duration or timeout: 15 milliseconds
Build info: version: '2.48.2', revision: '41bccdd', time: '2015-10-09 19:59:12'
System info: host: 'FVTIII438F1D', ip: '172.17.68.34', os.name: 'Windows 7', os.arch: 'x86', os.version: '6.1', java.version: '1.7.0_55'
Session ID: 9b054c7b-a48e-44a6-99ae-57f2a0821d44
Driver info: org.openqa.selenium.ie.InternetExplorerDriver
Capabilities [{platform=WINDOWS, javascriptEnabled=true, elementScrollBehavior=0, ignoreZoomSetting=false, enablePersistentHover=true, ie.ensureCleanSession=false, browserName=internet explorer, enableElementCacheCleanup=true, unexpectedAlertBehaviour=dismiss, version=10, ie.usePerProcessProxy=false, ignoreProtectedModeSettings=true, cssSelectorsEnabled=true, requireWindowFocus=false, initialBrowserUrl=http://localhost:1601/, handlesAlerts=true, ie.forceCreateProcessApi=false, nativeEvents=true, browserAttachTimeout=0, ie.browserCommandLineSwitches=, takesScreenshot=true}]
[DEBUG][2016-02-03 15:54:04,425][com.java.SeleniumDriver] [ 1624] - Unable to get the Platform Error list from Hash Map.
[ERROR][2016-02-03 15:54:04,426][com.java.SeleniumDriver] [ 1218] - 
[INFO ][2016-02-03 15:54:04,426][com.java.SeleniumDriver] [  856] - ------------------------------------------
[INFO ][2016-02-03 15:54:04,426][com.java.SeleniumDriver] [  857] - Test case being Executed: 22
[INFO ][2016-02-03 15:54:04,426][com.java.SeleniumDriver] [  869] - Test step:45
[INFO ][2016-02-03 15:54:04,426][com.java.SeleniumDriver] [  881] - Datavalue is----------null
[DEBUG][2016-02-03 15:54:04,426][com.java.SeleniumDriver] [  899] - Exception: null
[INFO ][2016-02-03 15:54:04,426][com.java.SeleniumDriver] [  905] - DataField : //span[@class='icon-user4']&&//a[text()='G/L Mapping']&&//a[@data-id="ProfitCenters"]
[INFO ][2016-02-03 15:54:04,426][com.java.SeleniumDriver] [  907] - DataValue : 
[INFO ][2016-02-03 15:54:04,426][com.java.SeleniumDriver] [  913] - <In Set values of the page>
[INFO ][2016-02-03 15:54:04,426][com.java.SeleniumDriver] [  916] - {Data Fields & Data Values Exist}
[INFO ][2016-02-03 15:54:04,426][com.java.SeleniumDriver] [  918] - --------------------------setting values-----------------------------
[INFO ][2016-02-03 15:54:04,426][com.java.SeleniumDriver] [  921] - Action Type : MOUSEOVER
[ERROR][2016-02-03 15:54:04,443][com.java.TestType] [ 3563] - exception value : Unable to get browser (WARNING: The server did not provide any stacktrace information)
Command duration or timeout: 16 milliseconds
Build info: version: '2.48.2', revision: '41bccdd', time: '2015-10-09 19:59:12'
System info: host: 'FVTIII438F1D', ip: '172.17.68.34', os.name: 'Windows 7', os.arch: 'x86', os.version: '6.1', java.version: '1.7.0_55'
Session ID: 9b054c7b-a48e-44a6-99ae-57f2a0821d44
Driver info: org.openqa.selenium.ie.InternetExplorerDriver
Capabilities [{platform=WINDOWS, javascriptEnabled=true, elementScrollBehavior=0, ignoreZoomSetting=false, enablePersistentHover=true, ie.ensureCleanSession=false, browserName=internet explorer, enableElementCacheCleanup=true, unexpectedAlertBehaviour=dismiss, version=10, ie.usePerProcessProxy=false, ignoreProtectedModeSettings=true, cssSelectorsEnabled=true, requireWindowFocus=false, initialBrowserUrl=http://localhost:1601/, handlesAlerts=true, ie.forceCreateProcessApi=false, nativeEvents=true, browserAttachTimeout=0, ie.browserCommandLineSwitches=, takesScreenshot=true}]
[INFO ][2016-02-03 15:54:04,443][com.java.SeleniumDriver] [  930] -  RESULT false
[INFO ][2016-02-03 15:54:04,443][com.java.SeleniumDriver] [  977] - ?   F A I L   ?
[INFO ][2016-02-03 15:54:04,443][com.java.SeleniumDriver] [  985] - Browser Type : IE10
[INFO ][2016-02-03 15:54:04,444][com.java.SeleniumDriver] [  986] - Adding Failed case22
[WARN ][2016-02-03 15:54:04,459][com.java.SeleniumDriver] [ 1046] - Source 'D:\BankersDashboard\TestReports\020316' exists but is a directory
[INFO ][2016-02-03 15:54:04,459][com.java.SeleniumDriver] [ 1100] - failedCases = 22,22,22,22,22
[ERROR][2016-02-03 15:54:04,459][com.java.SeleniumDriver] [ 1599] - Platform Errors : Our apologies...::We have encountered an issue with your request.::Our apologies?:We encountered an issue with your request.
[INFO ][2016-02-03 15:54:04,459][com.java.SeleniumDriver] [ 1603] - Length =3
[ERROR][2016-02-03 15:54:04,460][com.java.SeleniumDriver] [ 1606] - Error 0 = Our apologies...
[ERROR][2016-02-03 15:54:04,474][com.java.SeleniumDriver] [ 1620] - Unable to get browser (WARNING: The server did not provide any stacktrace information)
Command duration or timeout: 14 milliseconds
Build info: version: '2.48.2', revision: '41bccdd', time: '2015-10-09 19:59:12'
System info: host: 'FVTIII438F1D', ip: '172.17.68.34', os.name: 'Windows 7', os.arch: 'x86', os.version: '6.1', java.version: '1.7.0_55'
Session ID: 9b054c7b-a48e-44a6-99ae-57f2a0821d44
Driver info: org.openqa.selenium.ie.InternetExplorerDriver
Capabilities [{platform=WINDOWS, javascriptEnabled=true, elementScrollBehavior=0, ignoreZoomSetting=false, enablePersistentHover=true, ie.ensureCleanSession=false, browserName=internet explorer, enableElementCacheCleanup=true, unexpectedAlertBehaviour=dismiss, version=10, ie.usePerProcessProxy=false, ignoreProtectedModeSettings=true, cssSelectorsEnabled=true, requireWindowFocus=false, initialBrowserUrl=http://localhost:1601/, handlesAlerts=true, ie.forceCreateProcessApi=false, nativeEvents=true, browserAttachTimeout=0, ie.browserCommandLineSwitches=, takesScreenshot=true}]
[INFO ][2016-02-03 15:54:04,475][com.java.SeleniumDriver] [ 1622] - FindPlatformErrors exception: Unable to get browser (WARNING: The server did not provide any stacktrace information)
Command duration or timeout: 14 milliseconds
Build info: version: '2.48.2', revision: '41bccdd', time: '2015-10-09 19:59:12'
System info: host: 'FVTIII438F1D', ip: '172.17.68.34', os.name: 'Windows 7', os.arch: 'x86', os.version: '6.1', java.version: '1.7.0_55'
Session ID: 9b054c7b-a48e-44a6-99ae-57f2a0821d44
Driver info: org.openqa.selenium.ie.InternetExplorerDriver
Capabilities [{platform=WINDOWS, javascriptEnabled=true, elementScrollBehavior=0, ignoreZoomSetting=false, enablePersistentHover=true, ie.ensureCleanSession=false, browserName=internet explorer, enableElementCacheCleanup=true, unexpectedAlertBehaviour=dismiss, version=10, ie.usePerProcessProxy=false, ignoreProtectedModeSettings=true, cssSelectorsEnabled=true, requireWindowFocus=false, initialBrowserUrl=http://localhost:1601/, handlesAlerts=true, ie.forceCreateProcessApi=false, nativeEvents=true, browserAttachTimeout=0, ie.browserCommandLineSwitches=, takesScreenshot=true}]
[DEBUG][2016-02-03 15:54:04,475][com.java.SeleniumDriver] [ 1624] - Unable to get the Platform Error list from Hash Map.
[ERROR][2016-02-03 15:54:04,476][com.java.SeleniumDriver] [ 1218] - 
[INFO ][2016-02-03 15:54:04,476][com.java.SeleniumDriver] [  856] - ------------------------------------------
[INFO ][2016-02-03 15:54:04,476][com.java.SeleniumDriver] [  857] - Test case being Executed: 22
[INFO ][2016-02-03 15:54:04,476][com.java.SeleniumDriver] [  869] - Test step:46
[INFO ][2016-02-03 15:54:04,476][com.java.SeleniumDriver] [  881] - Datavalue is----------5
[INFO ][2016-02-03 15:54:04,476][com.java.SeleniumDriver] [  905] - DataField : BTN//iframe[@class='frameTabContent']
[INFO ][2016-02-03 15:54:04,476][com.java.SeleniumDriver] [  907] - DataValue : 5
[INFO ][2016-02-03 15:54:04,476][com.java.SeleniumDriver] [  913] - <In Set values of the page>
[INFO ][2016-02-03 15:54:04,476][com.java.SeleniumDriver] [  916] - {Data Fields & Data Values Exist}
[INFO ][2016-02-03 15:54:04,476][com.java.SeleniumDriver] [  918] - --------------------------setting values-----------------------------
[INFO ][2016-02-03 15:54:04,476][com.java.SeleniumDriver] [  921] - Action Type : WAITFORELEMENT
[DEBUG][2016-02-03 15:54:09,555][com.java.TestType] [ 7837] - //iframe[@class='frameTabContent']   :: Element not Found
[INFO ][2016-02-03 15:54:09,555][com.java.SeleniumDriver] [  930] -  RESULT false
[INFO ][2016-02-03 15:54:09,555][com.java.SeleniumDriver] [  977] - ?   F A I L   ?
[INFO ][2016-02-03 15:54:09,555][com.java.SeleniumDriver] [  985] - Browser Type : IE10
[INFO ][2016-02-03 15:54:09,555][com.java.SeleniumDriver] [  986] - Adding Failed case22
[WARN ][2016-02-03 15:54:09,571][com.java.SeleniumDriver] [ 1046] - Source 'D:\BankersDashboard\TestReports\020316' exists but is a directory
[INFO ][2016-02-03 15:54:09,571][com.java.SeleniumDriver] [ 1100] - failedCases = 22,22,22,22,22,22
[ERROR][2016-02-03 15:54:09,571][com.java.SeleniumDriver] [ 1599] - Platform Errors : Our apologies...::We have encountered an issue with your request.::Our apologies?:We encountered an issue with your request.
[INFO ][2016-02-03 15:54:09,572][com.java.SeleniumDriver] [ 1603] - Length =3
[ERROR][2016-02-03 15:54:09,572][com.java.SeleniumDriver] [ 1606] - Error 0 = Our apologies...
[ERROR][2016-02-03 15:54:09,587][com.java.SeleniumDriver] [ 1620] - Unable to get browser (WARNING: The server did not provide any stacktrace information)
Command duration or timeout: 15 milliseconds
Build info: version: '2.48.2', revision: '41bccdd', time: '2015-10-09 19:59:12'
System info: host: 'FVTIII438F1D', ip: '172.17.68.34', os.name: 'Windows 7', os.arch: 'x86', os.version: '6.1', java.version: '1.7.0_55'
Session ID: 9b054c7b-a48e-44a6-99ae-57f2a0821d44
Driver info: org.openqa.selenium.ie.InternetExplorerDriver
Capabilities [{platform=WINDOWS, javascriptEnabled=true, elementScrollBehavior=0, ignoreZoomSetting=false, enablePersistentHover=true, ie.ensureCleanSession=false, browserName=internet explorer, enableElementCacheCleanup=true, unexpectedAlertBehaviour=dismiss, version=10, ie.usePerProcessProxy=false, ignoreProtectedModeSettings=true, cssSelectorsEnabled=true, requireWindowFocus=false, initialBrowserUrl=http://localhost:1601/, handlesAlerts=true, ie.forceCreateProcessApi=false, nativeEvents=true, browserAttachTimeout=0, ie.browserCommandLineSwitches=, takesScreenshot=true}]
[INFO ][2016-02-03 15:54:09,588][com.java.SeleniumDriver] [ 1622] - FindPlatformErrors exception: Unable to get browser (WARNING: The server did not provide any stacktrace information)
Command duration or timeout: 15 milliseconds
Build info: version: '2.48.2', revision: '41bccdd', time: '2015-10-09 19:59:12'
System info: host: 'FVTIII438F1D', ip: '172.17.68.34', os.name: 'Windows 7', os.arch: 'x86', os.version: '6.1', java.version: '1.7.0_55'
Session ID: 9b054c7b-a48e-44a6-99ae-57f2a0821d44
Driver info: org.openqa.selenium.ie.InternetExplorerDriver
Capabilities [{platform=WINDOWS, javascriptEnabled=true, elementScrollBehavior=0, ignoreZoomSetting=false, enablePersistentHover=true, ie.ensureCleanSession=false, browserName=internet explorer, enableElementCacheCleanup=true, unexpectedAlertBehaviour=dismiss, version=10, ie.usePerProcessProxy=false, ignoreProtectedModeSettings=true, cssSelectorsEnabled=true, requireWindowFocus=false, initialBrowserUrl=http://localhost:1601/, handlesAlerts=true, ie.forceCreateProcessApi=false, nativeEvents=true, browserAttachTimeout=0, ie.browserCommandLineSwitches=, takesScreenshot=true}]
[DEBUG][2016-02-03 15:54:09,588][com.java.SeleniumDriver] [ 1624] - Unable to get the Platform Error list from Hash Map.
[ERROR][2016-02-03 15:54:09,589][com.java.SeleniumDriver] [ 1218] - 
[INFO ][2016-02-03 15:54:09,589][com.java.SeleniumDriver] [  856] - ------------------------------------------
[INFO ][2016-02-03 15:54:09,589][com.java.SeleniumDriver] [  857] - Test case being Executed: 22
[INFO ][2016-02-03 15:54:09,589][com.java.SeleniumDriver] [  869] - Test step:47
[INFO ][2016-02-03 15:54:09,589][com.java.SeleniumDriver] [  881] - Datavalue is----------null
[DEBUG][2016-02-03 15:54:09,589][com.java.SeleniumDriver] [  899] - Exception: null
[INFO ][2016-02-03 15:54:09,589][com.java.SeleniumDriver] [  905] - DataField : BTN//iframe[@class='frameTabContent']
[INFO ][2016-02-03 15:54:09,589][com.java.SeleniumDriver] [  907] - DataValue : 
[INFO ][2016-02-03 15:54:09,589][com.java.SeleniumDriver] [  913] - <In Set values of the page>
[INFO ][2016-02-03 15:54:09,589][com.java.SeleniumDriver] [  916] - {Data Fields & Data Values Exist}
[INFO ][2016-02-03 15:54:09,589][com.java.SeleniumDriver] [  918] - --------------------------setting values-----------------------------
[INFO ][2016-02-03 15:54:09,589][com.java.SeleniumDriver] [  921] - Action Type : SELECTFRAME
[ERROR][2016-02-03 15:54:09,607][com.java.TestType] [ 6876] - Exception: null
[INFO ][2016-02-03 15:54:09,607][com.java.SeleniumDriver] [  930] -  RESULT false
[INFO ][2016-02-03 15:54:09,607][com.java.SeleniumDriver] [  977] - ?   F A I L   ?
[INFO ][2016-02-03 15:54:09,607][com.java.SeleniumDriver] [  985] - Browser Type : IE10
[INFO ][2016-02-03 15:54:09,607][com.java.SeleniumDriver] [  986] - Adding Failed case22
[WARN ][2016-02-03 15:54:09,623][com.java.SeleniumDriver] [ 1046] - Source 'D:\BankersDashboard\TestReports\020316' exists but is a directory
[INFO ][2016-02-03 15:54:09,623][com.java.SeleniumDriver] [ 1100] - failedCases = 22,22,22,22,22,22,22
[ERROR][2016-02-03 15:54:09,623][com.java.SeleniumDriver] [ 1599] - Platform Errors : Our apologies...::We have encountered an issue with your request.::Our apologies?:We encountered an issue with your request.
[INFO ][2016-02-03 15:54:09,624][com.java.SeleniumDriver] [ 1603] - Length =3
[ERROR][2016-02-03 15:54:09,624][com.java.SeleniumDriver] [ 1606] - Error 0 = Our apologies...
[ERROR][2016-02-03 15:54:09,638][com.java.SeleniumDriver] [ 1620] - Unable to get browser (WARNING: The server did not provide any stacktrace information)
Command duration or timeout: 14 milliseconds
Build info: version: '2.48.2', revision: '41bccdd', time: '2015-10-09 19:59:12'
System info: host: 'FVTIII438F1D', ip: '172.17.68.34', os.name: 'Windows 7', os.arch: 'x86', os.version: '6.1', java.version: '1.7.0_55'
Session ID: 9b054c7b-a48e-44a6-99ae-57f2a0821d44
Driver info: org.openqa.selenium.ie.InternetExplorerDriver
Capabilities [{platform=WINDOWS, javascriptEnabled=true, elementScrollBehavior=0, ignoreZoomSetting=false, enablePersistentHover=true, ie.ensureCleanSession=false, browserName=internet explorer, enableElementCacheCleanup=true, unexpectedAlertBehaviour=dismiss, version=10, ie.usePerProcessProxy=false, ignoreProtectedModeSettings=true, cssSelectorsEnabled=true, requireWindowFocus=false, initialBrowserUrl=http://localhost:1601/, handlesAlerts=true, ie.forceCreateProcessApi=false, nativeEvents=true, browserAttachTimeout=0, ie.browserCommandLineSwitches=, takesScreenshot=true}]
[INFO ][2016-02-03 15:54:09,639][com.java.SeleniumDriver] [ 1622] - FindPlatformErrors exception: Unable to get browser (WARNING: The server did not provide any stacktrace information)
Command duration or timeout: 14 milliseconds
Build info: version: '2.48.2', revision: '41bccdd', time: '2015-10-09 19:59:12'
System info: host: 'FVTIII438F1D', ip: '172.17.68.34', os.name: 'Windows 7', os.arch: 'x86', os.version: '6.1', java.version: '1.7.0_55'
Session ID: 9b054c7b-a48e-44a6-99ae-57f2a0821d44
Driver info: org.openqa.selenium.ie.InternetExplorerDriver
Capabilities [{platform=WINDOWS, javascriptEnabled=true, elementScrollBehavior=0, ignoreZoomSetting=false, enablePersistentHover=true, ie.ensureCleanSession=false, browserName=internet explorer, enableElementCacheCleanup=true, unexpectedAlertBehaviour=dismiss, version=10, ie.usePerProcessProxy=false, ignoreProtectedModeSettings=true, cssSelectorsEnabled=true, requireWindowFocus=false, initialBrowserUrl=http://localhost:1601/, handlesAlerts=true, ie.forceCreateProcessApi=false, nativeEvents=true, browserAttachTimeout=0, ie.browserCommandLineSwitches=, takesScreenshot=true}]
[DEBUG][2016-02-03 15:54:09,640][com.java.SeleniumDriver] [ 1624] - Unable to get the Platform Error list from Hash Map.
[ERROR][2016-02-03 15:54:09,640][com.java.SeleniumDriver] [ 1218] - 
[INFO ][2016-02-03 15:54:09,640][com.java.SeleniumDriver] [  856] - ------------------------------------------
[INFO ][2016-02-03 15:54:09,640][com.java.SeleniumDriver] [  857] - Test case being Executed: 22
[INFO ][2016-02-03 15:54:09,640][com.java.SeleniumDriver] [  869] - Test step:48
[INFO ][2016-02-03 15:54:09,640][com.java.SeleniumDriver] [  881] - Datavalue is----------Manage Profit Centers and Regions 
[INFO ][2016-02-03 15:54:09,640][com.java.SeleniumDriver] [  905] - DataField : MSG
[INFO ][2016-02-03 15:54:09,640][com.java.SeleniumDriver] [  907] - DataValue : Manage Profit Centers and Regions 
[INFO ][2016-02-03 15:54:09,640][com.java.SeleniumDriver] [  913] - <In Set values of the page>
[INFO ][2016-02-03 15:54:09,640][com.java.SeleniumDriver] [  916] - {Data Fields & Data Values Exist}
[INFO ][2016-02-03 15:54:09,640][com.java.SeleniumDriver] [  918] - --------------------------setting values-----------------------------
[INFO ][2016-02-03 15:54:09,640][com.java.SeleniumDriver] [  921] - Action Type : VERIFY
[INFO ][2016-02-03 15:54:09,640][com.java.TestType] [ 8186] - field= MSG value= Manage Profit Centers and Regions 
[INFO ][2016-02-03 15:54:09,641][com.java.TestType] [ 6575] - value = Manage Profit Centers and Regions 
[DEBUG][2016-02-03 15:54:09,641][com.java.TestType] [ 9049] - value :: Manage Profit Centers and Regions 
[ERROR][2016-02-03 15:54:09,656][com.java.TestType] [ 9059] - Text :: +Manage Profit Centers and Regions    :: not found
[INFO ][2016-02-03 15:54:09,656][com.java.SeleniumDriver] [  930] -  RESULT false
[INFO ][2016-02-03 15:54:09,656][com.java.SeleniumDriver] [  977] - ?   F A I L   ?
[INFO ][2016-02-03 15:54:09,656][com.java.SeleniumDriver] [  985] - Browser Type : IE10
[INFO ][2016-02-03 15:54:09,657][com.java.SeleniumDriver] [  986] - Adding Failed case22
[WARN ][2016-02-03 15:54:09,673][com.java.SeleniumDriver] [ 1046] - Source 'D:\BankersDashboard\TestReports\020316' exists but is a directory
[INFO ][2016-02-03 15:54:09,673][com.java.SeleniumDriver] [ 1100] - failedCases = 22,22,22,22,22,22,22,22
[ERROR][2016-02-03 15:54:09,673][com.java.SeleniumDriver] [ 1599] - Platform Errors : Our apologies...::We have encountered an issue with your request.::Our apologies?:We encountered an issue with your request.
[INFO ][2016-02-03 15:54:09,673][com.java.SeleniumDriver] [ 1603] - Length =3
[ERROR][2016-02-03 15:54:09,673][com.java.SeleniumDriver] [ 1606] - Error 0 = Our apologies...
[ERROR][2016-02-03 15:54:09,689][com.java.SeleniumDriver] [ 1620] - Unable to get browser (WARNING: The server did not provide any stacktrace information)
Command duration or timeout: 15 milliseconds
Build info: version: '2.48.2', revision: '41bccdd', time: '2015-10-09 19:59:12'
System info: host: 'FVTIII438F1D', ip: '172.17.68.34', os.name: 'Windows 7', os.arch: 'x86', os.version: '6.1', java.version: '1.7.0_55'
Session ID: 9b054c7b-a48e-44a6-99ae-57f2a0821d44
Driver info: org.openqa.selenium.ie.InternetExplorerDriver
Capabilities [{platform=WINDOWS, javascriptEnabled=true, elementScrollBehavior=0, ignoreZoomSetting=false, enablePersistentHover=true, ie.ensureCleanSession=false, browserName=internet explorer, enableElementCacheCleanup=true, unexpectedAlertBehaviour=dismiss, version=10, ie.usePerProcessProxy=false, ignoreProtectedModeSettings=true, cssSelectorsEnabled=true, requireWindowFocus=false, initialBrowserUrl=http://localhost:1601/, handlesAlerts=true, ie.forceCreateProcessApi=false, nativeEvents=true, browserAttachTimeout=0, ie.browserCommandLineSwitches=, takesScreenshot=true}]
[INFO ][2016-02-03 15:54:09,689][com.java.SeleniumDriver] [ 1622] - FindPlatformErrors exception: Unable to get browser (WARNING: The server did not provide any stacktrace information)
Command duration or timeout: 15 milliseconds
Build info: version: '2.48.2', revision: '41bccdd', time: '2015-10-09 19:59:12'
System info: host: 'FVTIII438F1D', ip: '172.17.68.34', os.name: 'Windows 7', os.arch: 'x86', os.version: '6.1', java.version: '1.7.0_55'
Session ID: 9b054c7b-a48e-44a6-99ae-57f2a0821d44
Driver info: org.openqa.selenium.ie.InternetExplorerDriver
Capabilities [{platform=WINDOWS, javascriptEnabled=true, elementScrollBehavior=0, ignoreZoomSetting=false, enablePersistentHover=true, ie.ensureCleanSession=false, browserName=internet explorer, enableElementCacheCleanup=true, unexpectedAlertBehaviour=dismiss, version=10, ie.usePerProcessProxy=false, ignoreProtectedModeSettings=true, cssSelectorsEnabled=true, requireWindowFocus=false, initialBrowserUrl=http://localhost:1601/, handlesAlerts=true, ie.forceCreateProcessApi=false, nativeEvents=true, browserAttachTimeout=0, ie.browserCommandLineSwitches=, takesScreenshot=true}]
[DEBUG][2016-02-03 15:54:09,690][com.java.SeleniumDriver] [ 1624] - Unable to get the Platform Error list from Hash Map.
[ERROR][2016-02-03 15:54:09,690][com.java.SeleniumDriver] [ 1218] - 
[INFO ][2016-02-03 15:54:09,690][com.java.SeleniumDriver] [  856] - ------------------------------------------
[INFO ][2016-02-03 15:54:09,690][com.java.SeleniumDriver] [  857] - Test case being Executed: 22
[INFO ][2016-02-03 15:54:09,690][com.java.SeleniumDriver] [  869] - Test step:49
[INFO ][2016-02-03 15:54:09,690][com.java.SeleniumDriver] [  881] - Datavalue is----------5
[INFO ][2016-02-03 15:54:09,690][com.java.SeleniumDriver] [  905] - DataField : XPH//a[contains(text(),'Regions')]
[INFO ][2016-02-03 15:54:09,690][com.java.SeleniumDriver] [  907] - DataValue : 5
[INFO ][2016-02-03 15:54:09,690][com.java.SeleniumDriver] [  913] - <In Set values of the page>
[INFO ][2016-02-03 15:54:09,690][com.java.SeleniumDriver] [  916] - {Data Fields & Data Values Exist}
[INFO ][2016-02-03 15:54:09,690][com.java.SeleniumDriver] [  918] - --------------------------setting values-----------------------------
[INFO ][2016-02-03 15:54:09,690][com.java.SeleniumDriver] [  921] - Action Type : WAITFORELEMENT
