[INFO ][2016-01-27 16:40:50,068][com.java.SeleniumDriver] [  213] - Execute Failed Casesfalse
[INFO ][2016-01-27 16:40:50,068][com.java.SeleniumDriver] [  214] - Browser: IE10
[INFO ][2016-01-27 16:40:50,068][com.java.SeleniumDriver] [  215] - [1, 8]
[INFO ][2016-01-27 16:40:50,068][com.java.SeleniumDriver] [  216] - Total TestCases:2
[INFO ][2016-01-27 16:40:50,068][com.java.SeleniumDriver] [  217] -  Reading Properties from Property File 
[DEBUG][2016-01-27 16:40:50,068][com.java.SeleniumDriver] [  238] - url : https://clients-xuat.bankersdashboard.com
[INFO ][2016-01-27 16:40:50,068][com.java.ImportnExport.ExportTestResultsExcel] [  116] - Time Stamp Wed Jan 27 04:40:50 IST 2016
[INFO ][2016-01-27 16:40:50,068][com.java.ImportnExport.ExportTestResultsExcel] [  175] - OUT FILE : D:\BankersDashboard/TestReports/Test Results_BankersDashBoard_012716_164050_IE10_Any Bank USA.xls
[INFO ][2016-01-27 16:40:50,099][com.java.ImportnExport.ExportTestResultsExcel] [  180] - Test Result file is created
[DEBUG][2016-01-27 16:40:50,179][com.java.SeleniumDriver] [  426] - Hub ip address is-------172.17.68.34
[INFO ][2016-01-27 16:40:50,179][com.java.SeleniumDriver] [  452] - Grid URL:http://172.17.68.34:4444/wd/hub
[INFO ][2016-01-27 16:40:50,179][com.java.SeleniumDriver] [  453] - Capability:Capabilities [{platform=ANY, ensureCleanSession=true, ignoreProtectedModeSettings=true, acceptSslCerts=true, ignoreZoomSetting=true, browserName=internet explorer, browserstack.ie.noFlash=true, version=null}]
[ERROR][2016-01-27 16:40:51,489][com.java.SeleniumDriver] [  498] - Unable invoke browser in grid:Could not start a new session. Possible causes are invalid address of the remote server or browser start-up failure.
Build info: version: '2.48.2', revision: '41bccdd', time: '2015-10-09 19:59:12'
System info: host: 'FVTIII438F1D', ip: '172.17.68.34', os.name: 'Windows 7', os.arch: 'x86', os.version: '6.1', java.version: '1.7.0_55'
Driver info: driver.version: SeleniumDriver
[INFO ][2016-01-27 16:40:51,489][com.java.SeleniumDriver] [  500] - Executing on local machine
[INFO ][2016-01-27 16:41:02,104][com.java.SeleniumDriver] [  248] - IE10is opened
[INFO ][2016-01-27 16:41:02,929][com.java.SeleniumDriver] [  756] - Test cases to be executed are: [1, 8]
[INFO ][2016-01-27 16:41:02,950][com.java.ImportnExport.ImportTestDataDetailsExcel] [   49] - test data details path===== D:\BankersDashboard\TestInputs\TestData.xls
[INFO ][2016-01-27 16:41:03,010][com.java.SeleniumDriver] [  856] - ------------------------------------------
[INFO ][2016-01-27 16:41:03,010][com.java.SeleniumDriver] [  857] - Test case being Executed: 1
[INFO ][2016-01-27 16:41:03,010][com.java.SeleniumDriver] [  869] - Test step:1
[INFO ][2016-01-27 16:41:03,010][com.java.SeleniumDriver] [  881] - Datavalue is----------Concept#1:1-14
[INFO ][2016-01-27 16:41:03,010][com.java.SeleniumDriver] [  905] - DataField : test
[INFO ][2016-01-27 16:41:03,010][com.java.SeleniumDriver] [  907] - DataValue : Concept#1:1-14
[INFO ][2016-01-27 16:41:03,010][com.java.SeleniumDriver] [  913] - <In Set values of the page>
[INFO ][2016-01-27 16:41:03,010][com.java.SeleniumDriver] [  916] - {Data Fields & Data Values Exist}
[INFO ][2016-01-27 16:41:03,010][com.java.SeleniumDriver] [  918] - --------------------------setting values-----------------------------
[INFO ][2016-01-27 16:41:03,010][com.java.SeleniumDriver] [  921] - Action Type : ExecuteTestCase
[INFO ][2016-01-27 16:41:03,030][com.java.TestType] [  442] - The Concept sheet name is ---------- Concept
[INFO ][2016-01-27 16:41:03,030][com.java.TestType] [  445] - The Concept ID  is ---------- 1
[DEBUG][2016-01-27 16:41:03,030][com.java.TestType] [  449] - Steps being executted in the Concept are: 1:14
[INFO ][2016-01-27 16:41:03,030][com.java.TestType] [  456] - Test data details path ---------- D:\BankersDashboard\TestInputs\TestData.xls
[INFO ][2016-01-27 16:41:03,030][com.java.TestType] [  487] -  str(1) = 1
[INFO ][2016-01-27 16:41:03,030][com.java.TestType] [  490] - Test case Id is---1
[INFO ][2016-01-27 16:41:03,040][com.java.TestType] [  492] - 1
[INFO ][2016-01-27 16:41:03,040][com.java.TestType] [  487] -  str(2) = 1
[INFO ][2016-01-27 16:41:03,040][com.java.TestType] [  487] -  str(1) = 1
[INFO ][2016-01-27 16:41:03,040][com.java.TestType] [  490] - Test case Id is---1
[INFO ][2016-01-27 16:41:03,040][com.java.TestType] [  492] - 1
[INFO ][2016-01-27 16:41:03,040][com.java.TestType] [  487] -  str(2) = 2
[INFO ][2016-01-27 16:41:03,040][com.java.TestType] [  487] -  str(1) = 1
[INFO ][2016-01-27 16:41:03,040][com.java.TestType] [  490] - Test case Id is---1
[INFO ][2016-01-27 16:41:03,040][com.java.TestType] [  492] - 1
[INFO ][2016-01-27 16:41:03,040][com.java.TestType] [  487] -  str(2) = 3
[INFO ][2016-01-27 16:41:03,040][com.java.TestType] [  487] -  str(1) = 1
[INFO ][2016-01-27 16:41:03,040][com.java.TestType] [  490] - Test case Id is---1
[INFO ][2016-01-27 16:41:03,040][com.java.TestType] [  492] - 1
[INFO ][2016-01-27 16:41:03,040][com.java.TestType] [  487] -  str(2) = 4
[INFO ][2016-01-27 16:41:03,040][com.java.TestType] [  487] -  str(1) = 1
[INFO ][2016-01-27 16:41:03,040][com.java.TestType] [  490] - Test case Id is---1
[INFO ][2016-01-27 16:41:03,040][com.java.TestType] [  492] - 1
[INFO ][2016-01-27 16:41:03,040][com.java.TestType] [  487] -  str(2) = 5
[INFO ][2016-01-27 16:41:03,040][com.java.TestType] [  487] -  str(1) = 1
[INFO ][2016-01-27 16:41:03,040][com.java.TestType] [  490] - Test case Id is---1
[INFO ][2016-01-27 16:41:03,040][com.java.TestType] [  492] - 1
[INFO ][2016-01-27 16:41:03,040][com.java.TestType] [  487] -  str(2) = 6
[INFO ][2016-01-27 16:41:03,040][com.java.TestType] [  487] -  str(1) = 1
[INFO ][2016-01-27 16:41:03,040][com.java.TestType] [  490] - Test case Id is---1
[INFO ][2016-01-27 16:41:03,040][com.java.TestType] [  492] - 1
[INFO ][2016-01-27 16:41:03,040][com.java.TestType] [  487] -  str(2) = 7
[INFO ][2016-01-27 16:41:03,040][com.java.TestType] [  487] -  str(1) = 1
[INFO ][2016-01-27 16:41:03,040][com.java.TestType] [  490] - Test case Id is---1
[INFO ][2016-01-27 16:41:03,040][com.java.TestType] [  492] - 1
[INFO ][2016-01-27 16:41:03,040][com.java.TestType] [  487] -  str(2) = 8
[INFO ][2016-01-27 16:41:03,040][com.java.TestType] [  487] -  str(1) = 1
[INFO ][2016-01-27 16:41:03,040][com.java.TestType] [  490] - Test case Id is---1
[INFO ][2016-01-27 16:41:03,040][com.java.TestType] [  492] - 1
[INFO ][2016-01-27 16:41:03,040][com.java.TestType] [  487] -  str(2) = 9
[INFO ][2016-01-27 16:41:03,040][com.java.TestType] [  487] -  str(1) = 1
[INFO ][2016-01-27 16:41:03,040][com.java.TestType] [  490] - Test case Id is---1
[INFO ][2016-01-27 16:41:03,040][com.java.TestType] [  492] - 1
[INFO ][2016-01-27 16:41:03,040][com.java.TestType] [  487] -  str(2) = 10
[INFO ][2016-01-27 16:41:03,040][com.java.TestType] [  487] -  str(1) = 1
[INFO ][2016-01-27 16:41:03,040][com.java.TestType] [  490] - Test case Id is---1
[INFO ][2016-01-27 16:41:03,040][com.java.TestType] [  492] - 1
[INFO ][2016-01-27 16:41:03,040][com.java.TestType] [  487] -  str(2) = 11
[INFO ][2016-01-27 16:41:03,040][com.java.TestType] [  487] -  str(1) = 1
[INFO ][2016-01-27 16:41:03,040][com.java.TestType] [  490] - Test case Id is---1
[INFO ][2016-01-27 16:41:03,040][com.java.TestType] [  492] - 1
[INFO ][2016-01-27 16:41:03,040][com.java.TestType] [  487] -  str(2) = 12
[INFO ][2016-01-27 16:41:03,040][com.java.TestType] [  487] -  str(1) = 1
[INFO ][2016-01-27 16:41:03,040][com.java.TestType] [  490] - Test case Id is---1
[INFO ][2016-01-27 16:41:03,040][com.java.TestType] [  492] - 1
[INFO ][2016-01-27 16:41:03,040][com.java.TestType] [  487] -  str(2) = 13
[INFO ][2016-01-27 16:41:03,040][com.java.TestType] [  487] -  str(1) = 1
[INFO ][2016-01-27 16:41:03,040][com.java.TestType] [  490] - Test case Id is---1
[INFO ][2016-01-27 16:41:03,040][com.java.TestType] [  492] - 1
[INFO ][2016-01-27 16:41:03,040][com.java.TestType] [  487] -  str(2) = 14
[INFO ][2016-01-27 16:41:03,040][com.java.TestType] [  487] -  str(1) = 1
[INFO ][2016-01-27 16:41:03,040][com.java.TestType] [  490] - Test case Id is---1
[INFO ][2016-01-27 16:41:03,040][com.java.TestType] [  492] - 1
[INFO ][2016-01-27 16:41:03,040][com.java.TestType] [  487] -  str(2) = 15
[INFO ][2016-01-27 16:41:03,040][com.java.TestType] [  487] -  str(1) = 1
[INFO ][2016-01-27 16:41:03,040][com.java.TestType] [  490] - Test case Id is---1
[INFO ][2016-01-27 16:41:03,040][com.java.TestType] [  492] - 1
[INFO ][2016-01-27 16:41:03,040][com.java.TestType] [  487] -  str(2) = 16
[INFO ][2016-01-27 16:41:03,050][com.java.TestType] [11685] - Looping 1TCID = 1
[DEBUG][2016-01-27 16:41:03,050][com.java.TestType] [11726] - Concept ID:1 :: Step being Executed: 1::1
[INFO ][2016-01-27 16:41:03,050][com.java.TestType] [11764] - dataFields : TXTusername
[DEBUG][2016-01-27 16:41:03,050][com.java.TestType] [11770] - <In Set values of the page>
[DEBUG][2016-01-27 16:41:03,050][com.java.TestType] [11775] - {Data Fields & Data Values Exist}
[INFO ][2016-01-27 16:41:03,050][com.java.TestType] [11781] - --------------------------setting values-----------------------------
[INFO ][2016-01-27 16:41:03,050][com.java.TestType] [11784] - Action Type : CLEARANDENTER
[INFO ][2016-01-27 16:41:05,331][com.java.TestType] [ 6430] - value = naresh.nayini.00000
[INFO ][2016-01-27 16:41:07,762][com.java.TestType] [11803] -  RESULT true
[INFO ][2016-01-27 16:41:07,762][com.java.TestType] [11920] - ?   P A S S   ?
[DEBUG][2016-01-27 16:41:07,762][com.java.TestType] [11726] - Concept ID:1 :: Step being Executed: 1::2
[INFO ][2016-01-27 16:41:07,762][com.java.TestType] [11764] - dataFields : TXTpassword
[DEBUG][2016-01-27 16:41:07,762][com.java.TestType] [11770] - <In Set values of the page>
[DEBUG][2016-01-27 16:41:07,762][com.java.TestType] [11775] - {Data Fields & Data Values Exist}
[INFO ][2016-01-27 16:41:07,762][com.java.TestType] [11781] - --------------------------setting values-----------------------------
[INFO ][2016-01-27 16:41:07,762][com.java.TestType] [11784] - Action Type : CLEARANDENTER
[INFO ][2016-01-27 16:41:10,003][com.java.TestType] [ 6430] - value = Password1*
[INFO ][2016-01-27 16:41:12,549][com.java.TestType] [11803] -  RESULT true
[INFO ][2016-01-27 16:41:12,549][com.java.TestType] [11920] - ?   P A S S   ?
[DEBUG][2016-01-27 16:41:12,549][com.java.TestType] [11726] - Concept ID:1 :: Step being Executed: 1::3
[ERROR][2016-01-27 16:41:12,549][com.java.TestType] [11759] - Exception: null
[INFO ][2016-01-27 16:41:12,549][com.java.TestType] [11764] - dataFields : XPH//button[@type='submit']
[DEBUG][2016-01-27 16:41:12,549][com.java.TestType] [11770] - <In Set values of the page>
[DEBUG][2016-01-27 16:41:12,549][com.java.TestType] [11775] - {Data Fields & Data Values Exist}
[INFO ][2016-01-27 16:41:12,549][com.java.TestType] [11781] - --------------------------setting values-----------------------------
[INFO ][2016-01-27 16:41:12,549][com.java.TestType] [11784] - Action Type : Click
[INFO ][2016-01-27 16:41:12,549][com.java.TestType] [ 6809] - Field ::XPH//button[@type='submit']
[INFO ][2016-01-27 16:41:12,549][com.java.TestType] [ 6430] - value = 
[INFO ][2016-01-27 16:41:13,550][com.java.TestType] [ 6982] - BEFORE CLICK
[INFO ][2016-01-27 16:41:14,392][com.java.TestType] [ 6990] - Unable to click the object Login
[INFO ][2016-01-27 16:41:14,392][com.java.TestType] [11803] -  RESULT true
[INFO ][2016-01-27 16:41:14,392][com.java.TestType] [11920] - ?   P A S S   ?
[DEBUG][2016-01-27 16:41:14,392][com.java.TestType] [11726] - Concept ID:1 :: Step being Executed: 1::4
[INFO ][2016-01-27 16:41:14,392][com.java.TestType] [11764] - dataFields : LNKLogout
[DEBUG][2016-01-27 16:41:14,392][com.java.TestType] [11770] - <In Set values of the page>
[DEBUG][2016-01-27 16:41:14,392][com.java.TestType] [11775] - {Data Fields & Data Values Exist}
[INFO ][2016-01-27 16:41:14,392][com.java.TestType] [11781] - --------------------------setting values-----------------------------
[INFO ][2016-01-27 16:41:14,392][com.java.TestType] [11784] - Action Type : WaitForElement
[INFO ][2016-01-27 16:41:18,133][com.java.TestType] [11803] -  RESULT true
[INFO ][2016-01-27 16:41:18,133][com.java.TestType] [11920] - ?   P A S S   ?
[INFO ][2016-01-27 16:41:18,133][com.java.TestType] [11991] - Looping End......
[INFO ][2016-01-27 16:41:18,133][com.java.SeleniumDriver] [  930] -  RESULT true
[INFO ][2016-01-27 16:41:18,133][com.java.SeleniumDriver] [ 1136] - ?   P A S S   ?
[INFO ][2016-01-27 16:41:18,133][com.java.SeleniumDriver] [  856] - ------------------------------------------
[INFO ][2016-01-27 16:41:18,133][com.java.SeleniumDriver] [  857] - Test case being Executed: 1
[INFO ][2016-01-27 16:41:18,133][com.java.SeleniumDriver] [  869] - Test step:2
[INFO ][2016-01-27 16:41:18,133][com.java.SeleniumDriver] [  881] - Datavalue is----------Concept#2:1-2
[INFO ][2016-01-27 16:41:18,133][com.java.SeleniumDriver] [  905] - DataField : test
[INFO ][2016-01-27 16:41:18,133][com.java.SeleniumDriver] [  907] - DataValue : Concept#2:1-2
[INFO ][2016-01-27 16:41:18,133][com.java.SeleniumDriver] [  913] - <In Set values of the page>
[INFO ][2016-01-27 16:41:18,133][com.java.SeleniumDriver] [  916] - {Data Fields & Data Values Exist}
[INFO ][2016-01-27 16:41:18,133][com.java.SeleniumDriver] [  918] - --------------------------setting values-----------------------------
[INFO ][2016-01-27 16:41:18,133][com.java.SeleniumDriver] [  921] - Action Type : ExecuteTestCase
[INFO ][2016-01-27 16:41:18,133][com.java.TestType] [  442] - The Concept sheet name is ---------- Concept
[INFO ][2016-01-27 16:41:18,133][com.java.TestType] [  445] - The Concept ID  is ---------- 2
[DEBUG][2016-01-27 16:41:18,133][com.java.TestType] [  449] - Steps being executted in the Concept are: 1:2
[INFO ][2016-01-27 16:41:18,133][com.java.TestType] [  456] - Test data details path ---------- D:\BankersDashboard\TestInputs\TestData.xls
[INFO ][2016-01-27 16:41:18,134][com.java.TestType] [  487] -  str(1) = 2
[INFO ][2016-01-27 16:41:18,134][com.java.TestType] [  490] - Test case Id is---2
[INFO ][2016-01-27 16:41:18,134][com.java.TestType] [  492] - 2
[INFO ][2016-01-27 16:41:18,134][com.java.TestType] [  487] -  str(2) = 1
[INFO ][2016-01-27 16:41:18,134][com.java.TestType] [  487] -  str(1) = 2
[INFO ][2016-01-27 16:41:18,134][com.java.TestType] [  490] - Test case Id is---2
[INFO ][2016-01-27 16:41:18,134][com.java.TestType] [  492] - 2
[INFO ][2016-01-27 16:41:18,134][com.java.TestType] [  487] -  str(2) = 2
[INFO ][2016-01-27 16:41:18,134][com.java.TestType] [  487] -  str(1) = 2
[INFO ][2016-01-27 16:41:18,134][com.java.TestType] [  490] - Test case Id is---2
[INFO ][2016-01-27 16:41:18,134][com.java.TestType] [  492] - 2
[INFO ][2016-01-27 16:41:18,134][com.java.TestType] [  487] -  str(2) = 3
[INFO ][2016-01-27 16:41:18,134][com.java.TestType] [11685] - Looping 1TCID = 2
[DEBUG][2016-01-27 16:41:18,134][com.java.TestType] [11726] - Concept ID:2 :: Step being Executed: 2::1
[INFO ][2016-01-27 16:41:18,134][com.java.TestType] [11764] - dataFields : BNK//select[@id='bank']
[DEBUG][2016-01-27 16:41:18,134][com.java.TestType] [11770] - <In Set values of the page>
[DEBUG][2016-01-27 16:41:18,134][com.java.TestType] [11775] - {Data Fields & Data Values Exist}
[INFO ][2016-01-27 16:41:18,134][com.java.TestType] [11781] - --------------------------setting values-----------------------------
[INFO ][2016-01-27 16:41:18,134][com.java.TestType] [11784] - Action Type : Select
[INFO ][2016-01-27 16:41:18,134][com.java.TestType] [ 6430] - value = PFC
[INFO ][2016-01-27 16:41:18,374][com.java.TestType] [11803] -  RESULT true
[INFO ][2016-01-27 16:41:18,374][com.java.TestType] [11920] - ?   P A S S   ?
[DEBUG][2016-01-27 16:41:18,374][com.java.TestType] [11726] - Concept ID:2 :: Step being Executed: 2::2
[INFO ][2016-01-27 16:41:18,374][com.java.TestType] [11764] - dataFields : LNKLogout
[DEBUG][2016-01-27 16:41:18,374][com.java.TestType] [11770] - <In Set values of the page>
[DEBUG][2016-01-27 16:41:18,374][com.java.TestType] [11775] - {Data Fields & Data Values Exist}
[INFO ][2016-01-27 16:41:18,374][com.java.TestType] [11781] - --------------------------setting values-----------------------------
[INFO ][2016-01-27 16:41:18,374][com.java.TestType] [11784] - Action Type : WaitTime
[DEBUG][2016-01-27 16:41:18,374][com.java.TestType] [ 6244] - sleepTime: 5000
[INFO ][2016-01-27 16:41:23,382][com.java.TestType] [11803] -  RESULT true
[INFO ][2016-01-27 16:41:23,382][com.java.TestType] [11920] - ?   P A S S   ?
[INFO ][2016-01-27 16:41:23,382][com.java.TestType] [11991] - Looping End......
[INFO ][2016-01-27 16:41:23,382][com.java.SeleniumDriver] [  930] -  RESULT true
[INFO ][2016-01-27 16:41:23,382][com.java.SeleniumDriver] [ 1136] - ?   P A S S   ?
[INFO ][2016-01-27 16:41:23,382][com.java.SeleniumDriver] [  856] - ------------------------------------------
[INFO ][2016-01-27 16:41:23,382][com.java.SeleniumDriver] [  857] - Test case being Executed: 1
[INFO ][2016-01-27 16:41:23,382][com.java.SeleniumDriver] [  869] - Test step:3
[INFO ][2016-01-27 16:41:23,382][com.java.SeleniumDriver] [  881] - Datavalue is----------2
[INFO ][2016-01-27 16:41:23,382][com.java.SeleniumDriver] [  905] - DataField : XPH//button[contains(text(),'Add Content')]
[INFO ][2016-01-27 16:41:23,382][com.java.SeleniumDriver] [  907] - DataValue : 2
[INFO ][2016-01-27 16:41:23,382][com.java.SeleniumDriver] [  913] - <In Set values of the page>
[INFO ][2016-01-27 16:41:23,382][com.java.SeleniumDriver] [  916] - {Data Fields & Data Values Exist}
[INFO ][2016-01-27 16:41:23,382][com.java.SeleniumDriver] [  918] - --------------------------setting values-----------------------------
[INFO ][2016-01-27 16:41:23,382][com.java.SeleniumDriver] [  921] - Action Type : WAITFORELEMENT
[INFO ][2016-01-27 16:41:23,423][com.java.SeleniumDriver] [  930] -  RESULT true
[INFO ][2016-01-27 16:41:23,423][com.java.SeleniumDriver] [ 1136] - ?   P A S S   ?
[DEBUG][2016-01-27 16:41:23,423][com.java.SeleniumDriver] [ 1248] - Case found
[DEBUG][2016-01-27 16:41:23,423][com.java.SeleniumDriver] [ 1253] - Incrementing ReportCounters[0]:1
[INFO ][2016-01-27 16:41:23,423][com.java.SeleniumDriver] [ 1272] - The results are-------------------[1, 1, Valid Login, Pass, , Wed Jan 27 16:41:18 IST 2016, 1, 2, Valid Login, Pass, , Wed Jan 27 16:41:23 IST 2016, 1, 3, Valid Login, Pass, , Wed Jan 27 16:41:23 IST 2016]
[INFO ][2016-01-27 16:41:23,423][com.java.SeleniumDriver] [ 1276] - End time is-------35 sec
[INFO ][2016-01-27 16:41:23,423][com.java.SeleniumDriver] [ 1277] - The results are-------------------[1, 1, Valid Login, Pass, , Wed Jan 27 16:41:18 IST 2016, 1, 2, Valid Login, Pass, , Wed Jan 27 16:41:23 IST 2016, 1, 3, Valid Login, Pass, , Wed Jan 27 16:41:23 IST 2016]
[DEBUG][2016-01-27 16:41:23,423][com.java.ImportnExport.ExportTestResultsExcel] [  222] - testResultPath = D:\BankersDashboard/TestReports/Test Results_BankersDashBoard_012716_164050_IE10_Any Bank USA.xls
[DEBUG][2016-01-27 16:41:23,423][com.java.ImportnExport.ExportTestResultsExcel] [  223] - browser is------------IE10
[DEBUG][2016-01-27 16:41:23,463][com.java.ImportnExport.ExportTestResultsExcel] [  270] - result.size() = 18
[DEBUG][2016-01-27 16:41:23,463][com.java.ImportnExport.ExportTestResultsExcel] [  274] - No of rows in sheet=1
[DEBUG][2016-01-27 16:41:23,463][com.java.ImportnExport.ExportTestResultsExcel] [  301] - ..in export..1
[DEBUG][2016-01-27 16:41:23,463][com.java.ImportnExport.ExportTestResultsExcel] [  301] - ..in export..Valid Login
[DEBUG][2016-01-27 16:41:23,463][com.java.ImportnExport.ExportTestResultsExcel] [  301] - ..in export..Pass
[DEBUG][2016-01-27 16:41:23,463][com.java.ImportnExport.ExportTestResultsExcel] [  301] - ..in export..
[DEBUG][2016-01-27 16:41:23,463][com.java.ImportnExport.ExportTestResultsExcel] [  301] - ..in export..Wed Jan 27 16:41:18 IST 2016
[INFO ][2016-01-27 16:41:23,463][com.java.SeleniumDriver] [ 1337] - out loop:0 size:2 TestCases:[1, 8] testcases:[1, 8]
[INFO ][2016-01-27 16:41:23,463][com.java.ImportnExport.ImportTestDataDetailsExcel] [   49] - test data details path===== D:\BankersDashboard\TestInputs\TestData.xls
[INFO ][2016-01-27 16:41:38,774][com.java.SeleniumDriver] [  856] - ------------------------------------------
[INFO ][2016-01-27 16:41:38,774][com.java.SeleniumDriver] [  857] - Test case being Executed: 8
[INFO ][2016-01-27 16:41:38,774][com.java.SeleniumDriver] [  869] - Test step:1
[INFO ][2016-01-27 16:41:38,774][com.java.SeleniumDriver] [  881] - Datavalue is----------Logout
[INFO ][2016-01-27 16:41:38,774][com.java.SeleniumDriver] [  905] - DataField : BTN
[INFO ][2016-01-27 16:41:38,774][com.java.SeleniumDriver] [  907] - DataValue : Logout
[INFO ][2016-01-27 16:41:38,774][com.java.SeleniumDriver] [  913] - <In Set values of the page>
[INFO ][2016-01-27 16:41:38,774][com.java.SeleniumDriver] [  916] - {Data Fields & Data Values Exist}
[INFO ][2016-01-27 16:41:38,774][com.java.SeleniumDriver] [  918] - --------------------------setting values-----------------------------
[INFO ][2016-01-27 16:41:38,774][com.java.SeleniumDriver] [  921] - Action Type : Verify
[INFO ][2016-01-27 16:41:38,774][com.java.TestType] [ 8020] - field= BTN value= Logout
[INFO ][2016-01-27 16:41:38,774][com.java.TestType] [ 6430] - value = Logout
[INFO ][2016-01-27 16:41:38,885][com.java.SeleniumDriver] [  930] -  RESULT true
[INFO ][2016-01-27 16:41:38,885][com.java.SeleniumDriver] [ 1136] - ?   P A S S   ?
[INFO ][2016-01-27 16:41:38,885][com.java.SeleniumDriver] [ 1178] - step change to 3
[INFO ][2016-01-27 16:41:38,885][com.java.SeleniumDriver] [  856] - ------------------------------------------
[INFO ][2016-01-27 16:41:38,885][com.java.SeleniumDriver] [  857] - Test case being Executed: 8
[INFO ][2016-01-27 16:41:38,885][com.java.SeleniumDriver] [  869] - Test step:3
[INFO ][2016-01-27 16:41:38,885][com.java.SeleniumDriver] [  881] - Datavalue is----------Concept#2:1-2
[INFO ][2016-01-27 16:41:38,885][com.java.SeleniumDriver] [  905] - DataField : test
[INFO ][2016-01-27 16:41:38,885][com.java.SeleniumDriver] [  907] - DataValue : Concept#2:1-2
[INFO ][2016-01-27 16:41:38,885][com.java.SeleniumDriver] [  913] - <In Set values of the page>
[INFO ][2016-01-27 16:41:38,885][com.java.SeleniumDriver] [  916] - {Data Fields & Data Values Exist}
[INFO ][2016-01-27 16:41:38,885][com.java.SeleniumDriver] [  918] - --------------------------setting values-----------------------------
[INFO ][2016-01-27 16:41:38,885][com.java.SeleniumDriver] [  921] - Action Type : ExecuteTestCase
[INFO ][2016-01-27 16:41:38,885][com.java.TestType] [  442] - The Concept sheet name is ---------- Concept
[INFO ][2016-01-27 16:41:38,885][com.java.TestType] [  445] - The Concept ID  is ---------- 2
[DEBUG][2016-01-27 16:41:38,885][com.java.TestType] [  449] - Steps being executted in the Concept are: 1:2
[INFO ][2016-01-27 16:41:38,885][com.java.TestType] [  456] - Test data details path ---------- D:\BankersDashboard\TestInputs\TestData.xls
[INFO ][2016-01-27 16:41:38,895][com.java.TestType] [  487] -  str(1) = 2
[INFO ][2016-01-27 16:41:38,895][com.java.TestType] [  490] - Test case Id is---2
[INFO ][2016-01-27 16:41:38,895][com.java.TestType] [  492] - 2
[INFO ][2016-01-27 16:41:38,895][com.java.TestType] [  487] -  str(2) = 1
[INFO ][2016-01-27 16:41:38,895][com.java.TestType] [  487] -  str(1) = 2
[INFO ][2016-01-27 16:41:38,895][com.java.TestType] [  490] - Test case Id is---2
[INFO ][2016-01-27 16:41:38,895][com.java.TestType] [  492] - 2
[INFO ][2016-01-27 16:41:38,895][com.java.TestType] [  487] -  str(2) = 2
[INFO ][2016-01-27 16:41:38,895][com.java.TestType] [  487] -  str(1) = 2
[INFO ][2016-01-27 16:41:38,895][com.java.TestType] [  490] - Test case Id is---2
[INFO ][2016-01-27 16:41:38,895][com.java.TestType] [  492] - 2
[INFO ][2016-01-27 16:41:38,895][com.java.TestType] [  487] -  str(2) = 3
[INFO ][2016-01-27 16:41:38,895][com.java.TestType] [11685] - Looping 1TCID = 2
[DEBUG][2016-01-27 16:41:38,895][com.java.TestType] [11726] - Concept ID:2 :: Step being Executed: 2::1
[INFO ][2016-01-27 16:41:38,895][com.java.TestType] [11764] - dataFields : BNK//select[@id='bank']
[DEBUG][2016-01-27 16:41:38,895][com.java.TestType] [11770] - <In Set values of the page>
[DEBUG][2016-01-27 16:41:38,895][com.java.TestType] [11775] - {Data Fields & Data Values Exist}
[INFO ][2016-01-27 16:41:38,895][com.java.TestType] [11781] - --------------------------setting values-----------------------------
[INFO ][2016-01-27 16:41:38,895][com.java.TestType] [11784] - Action Type : Select
[INFO ][2016-01-27 16:41:38,895][com.java.TestType] [ 6430] - value = PFC
[INFO ][2016-01-27 16:41:39,075][com.java.TestType] [11803] -  RESULT true
[INFO ][2016-01-27 16:41:39,075][com.java.TestType] [11920] - ?   P A S S   ?
[DEBUG][2016-01-27 16:41:39,075][com.java.TestType] [11726] - Concept ID:2 :: Step being Executed: 2::2
[INFO ][2016-01-27 16:41:39,075][com.java.TestType] [11764] - dataFields : LNKLogout
[DEBUG][2016-01-27 16:41:39,075][com.java.TestType] [11770] - <In Set values of the page>
[DEBUG][2016-01-27 16:41:39,075][com.java.TestType] [11775] - {Data Fields & Data Values Exist}
[INFO ][2016-01-27 16:41:39,075][com.java.TestType] [11781] - --------------------------setting values-----------------------------
[INFO ][2016-01-27 16:41:39,075][com.java.TestType] [11784] - Action Type : WaitTime
[DEBUG][2016-01-27 16:41:39,075][com.java.TestType] [ 6244] - sleepTime: 5000
[INFO ][2016-01-27 16:41:44,075][com.java.TestType] [11803] -  RESULT true
[INFO ][2016-01-27 16:41:44,075][com.java.TestType] [11920] - ?   P A S S   ?
[INFO ][2016-01-27 16:41:44,075][com.java.TestType] [11991] - Looping End......
[INFO ][2016-01-27 16:41:44,075][com.java.SeleniumDriver] [  930] -  RESULT true
[INFO ][2016-01-27 16:41:44,075][com.java.SeleniumDriver] [ 1136] - ?   P A S S   ?
[INFO ][2016-01-27 16:41:44,075][com.java.SeleniumDriver] [  856] - ------------------------------------------
[INFO ][2016-01-27 16:41:44,075][com.java.SeleniumDriver] [  857] - Test case being Executed: 8
[INFO ][2016-01-27 16:41:44,075][com.java.SeleniumDriver] [  869] - Test step:4
[INFO ][2016-01-27 16:41:44,075][com.java.SeleniumDriver] [  881] - Datavalue is----------null
[DEBUG][2016-01-27 16:41:44,075][com.java.SeleniumDriver] [  899] - Exception: null
[INFO ][2016-01-27 16:41:44,075][com.java.SeleniumDriver] [  905] - DataField : //span[@class="icon-checkmark"]&&//a[@data-id="LoanPricingModel"]
[INFO ][2016-01-27 16:41:44,075][com.java.SeleniumDriver] [  907] - DataValue : 
[INFO ][2016-01-27 16:41:44,075][com.java.SeleniumDriver] [  913] - <In Set values of the page>
[INFO ][2016-01-27 16:41:44,075][com.java.SeleniumDriver] [  916] - {Data Fields & Data Values Exist}
[INFO ][2016-01-27 16:41:44,075][com.java.SeleniumDriver] [  918] - --------------------------setting values-----------------------------
[INFO ][2016-01-27 16:41:44,075][com.java.SeleniumDriver] [  921] - Action Type : MOUSEOVER
[INFO ][2016-01-27 16:42:12,007][com.java.SeleniumDriver] [  930] -  RESULT true
[INFO ][2016-01-27 16:42:12,007][com.java.SeleniumDriver] [ 1136] - ?   P A S S   ?
[INFO ][2016-01-27 16:42:12,007][com.java.SeleniumDriver] [  856] - ------------------------------------------
[INFO ][2016-01-27 16:42:12,007][com.java.SeleniumDriver] [  857] - Test case being Executed: 8
[INFO ][2016-01-27 16:42:12,007][com.java.SeleniumDriver] [  869] - Test step:5
[INFO ][2016-01-27 16:42:12,007][com.java.SeleniumDriver] [  881] - Datavalue is----------null
[DEBUG][2016-01-27 16:42:12,007][com.java.SeleniumDriver] [  899] - Exception: null
[INFO ][2016-01-27 16:42:12,007][com.java.SeleniumDriver] [  905] - DataField : BTN//iframe[@id="frameLoanPricingModel"]
[INFO ][2016-01-27 16:42:12,007][com.java.SeleniumDriver] [  907] - DataValue : 
[INFO ][2016-01-27 16:42:12,007][com.java.SeleniumDriver] [  913] - <In Set values of the page>
[INFO ][2016-01-27 16:42:12,007][com.java.SeleniumDriver] [  916] - {Data Fields & Data Values Exist}
[INFO ][2016-01-27 16:42:12,007][com.java.SeleniumDriver] [  918] - --------------------------setting values-----------------------------
[INFO ][2016-01-27 16:42:12,007][com.java.SeleniumDriver] [  921] - Action Type : SELECTFRAME
