[INFO ][2016-02-01 19:15:23,887][com.java.SeleniumDriver] [  213] - Execute Failed Casesfalse
[INFO ][2016-02-01 19:15:23,887][com.java.SeleniumDriver] [  214] - Browser: IE10
[INFO ][2016-02-01 19:15:23,887][com.java.SeleniumDriver] [  215] - [1, 6]
[INFO ][2016-02-01 19:15:23,887][com.java.SeleniumDriver] [  216] - Total TestCases:2
[INFO ][2016-02-01 19:15:23,887][com.java.SeleniumDriver] [  217] -  Reading Properties from Property File 
[DEBUG][2016-02-01 19:15:23,887][com.java.SeleniumDriver] [  238] - url : https://clients-xuat.bankersdashboard.com
[INFO ][2016-02-01 19:15:23,889][com.java.ImportnExport.ExportTestResultsExcel] [  116] - Time Stamp Mon Feb 01 07:15:23 IST 2016
[INFO ][2016-02-01 19:15:23,889][com.java.ImportnExport.ExportTestResultsExcel] [  175] - OUT FILE : D:\BankersDashboard/TestReports/Test Results_BankersDashBoard_020116_191523_IE10_United Bank.xls
[INFO ][2016-02-01 19:15:23,918][com.java.ImportnExport.ExportTestResultsExcel] [  180] - Test Result file is created
[DEBUG][2016-02-01 19:15:24,026][com.java.SeleniumDriver] [  426] - Hub ip address is-------172.17.68.34
[INFO ][2016-02-01 19:15:24,027][com.java.SeleniumDriver] [  452] - Grid URL:http://172.17.68.34:4444/wd/hub
[INFO ][2016-02-01 19:15:24,027][com.java.SeleniumDriver] [  453] - Capability:Capabilities [{platform=ANY, ensureCleanSession=true, ignoreProtectedModeSettings=true, acceptSslCerts=true, ignoreZoomSetting=true, browserName=internet explorer, browserstack.ie.noFlash=true, version=null}]
[ERROR][2016-02-01 19:15:25,343][com.java.SeleniumDriver] [  498] - Unable invoke browser in grid:Could not start a new session. Possible causes are invalid address of the remote server or browser start-up failure.
Build info: version: '2.48.2', revision: '41bccdd', time: '2015-10-09 19:59:12'
System info: host: 'FVTIII438F1D', ip: '172.17.68.34', os.name: 'Windows 7', os.arch: 'x86', os.version: '6.1', java.version: '1.7.0_55'
Driver info: driver.version: SeleniumDriver
[INFO ][2016-02-01 19:15:25,343][com.java.SeleniumDriver] [  500] - Executing on local machine
[INFO ][2016-02-01 19:15:36,080][com.java.SeleniumDriver] [  248] - IE10is opened
[INFO ][2016-02-01 19:15:36,722][com.java.SeleniumDriver] [  756] - Test cases to be executed are: [1, 6]
[INFO ][2016-02-01 19:15:36,746][com.java.ImportnExport.ImportTestDataDetailsExcel] [   49] - test data details path===== D:\BankersDashboard\TestInputs\TestData.xls
[INFO ][2016-02-01 19:15:36,844][com.java.SeleniumDriver] [  856] - ------------------------------------------
[INFO ][2016-02-01 19:15:36,844][com.java.SeleniumDriver] [  857] - Test case being Executed: 1
[INFO ][2016-02-01 19:15:36,844][com.java.SeleniumDriver] [  869] - Test step:1
[INFO ][2016-02-01 19:15:36,844][com.java.SeleniumDriver] [  881] - Datavalue is----------Concept#1:1-16
[INFO ][2016-02-01 19:15:36,844][com.java.SeleniumDriver] [  905] - DataField : test
[INFO ][2016-02-01 19:15:36,845][com.java.SeleniumDriver] [  907] - DataValue : Concept#1:1-16
[INFO ][2016-02-01 19:15:36,845][com.java.SeleniumDriver] [  913] - <In Set values of the page>
[INFO ][2016-02-01 19:15:36,845][com.java.SeleniumDriver] [  916] - {Data Fields & Data Values Exist}
[INFO ][2016-02-01 19:15:36,845][com.java.SeleniumDriver] [  918] - --------------------------setting values-----------------------------
[INFO ][2016-02-01 19:15:36,845][com.java.SeleniumDriver] [  921] - Action Type : ExecuteTestCase
[INFO ][2016-02-01 19:15:36,863][com.java.TestType] [  448] - The Concept sheet name is ---------- Concept
[INFO ][2016-02-01 19:15:36,863][com.java.TestType] [  451] - The Concept ID  is ---------- 1
[DEBUG][2016-02-01 19:15:36,863][com.java.TestType] [  455] - Steps being executted in the Concept are: 1:16
[INFO ][2016-02-01 19:15:36,863][com.java.TestType] [  462] - Test data details path ---------- D:\BankersDashboard\TestInputs\TestData.xls
[INFO ][2016-02-01 19:15:36,901][com.java.TestType] [  493] -  str(1) = 1
[INFO ][2016-02-01 19:15:36,901][com.java.TestType] [  496] - Test case Id is---1
[INFO ][2016-02-01 19:15:36,902][com.java.TestType] [  498] - 1
[INFO ][2016-02-01 19:15:36,902][com.java.TestType] [  493] -  str(2) = 1
[INFO ][2016-02-01 19:15:36,906][com.java.TestType] [  493] -  str(1) = 1
[INFO ][2016-02-01 19:15:36,906][com.java.TestType] [  496] - Test case Id is---1
[INFO ][2016-02-01 19:15:36,906][com.java.TestType] [  498] - 1
[INFO ][2016-02-01 19:15:36,906][com.java.TestType] [  493] -  str(2) = 2
[INFO ][2016-02-01 19:15:36,908][com.java.TestType] [  493] -  str(1) = 1
[INFO ][2016-02-01 19:15:36,908][com.java.TestType] [  496] - Test case Id is---1
[INFO ][2016-02-01 19:15:36,908][com.java.TestType] [  498] - 1
[INFO ][2016-02-01 19:15:36,908][com.java.TestType] [  493] -  str(2) = 3
[INFO ][2016-02-01 19:15:36,909][com.java.TestType] [  493] -  str(1) = 1
[INFO ][2016-02-01 19:15:36,909][com.java.TestType] [  496] - Test case Id is---1
[INFO ][2016-02-01 19:15:36,910][com.java.TestType] [  498] - 1
[INFO ][2016-02-01 19:15:36,910][com.java.TestType] [  493] -  str(2) = 4
[INFO ][2016-02-01 19:15:36,911][com.java.TestType] [  493] -  str(1) = 1
[INFO ][2016-02-01 19:15:36,911][com.java.TestType] [  496] - Test case Id is---1
[INFO ][2016-02-01 19:15:36,911][com.java.TestType] [  498] - 1
[INFO ][2016-02-01 19:15:36,911][com.java.TestType] [  493] -  str(2) = 5
[INFO ][2016-02-01 19:15:36,912][com.java.TestType] [  493] -  str(1) = 1
[INFO ][2016-02-01 19:15:36,912][com.java.TestType] [  496] - Test case Id is---1
[INFO ][2016-02-01 19:15:36,912][com.java.TestType] [  498] - 1
[INFO ][2016-02-01 19:15:36,913][com.java.TestType] [  493] -  str(2) = 6
[INFO ][2016-02-01 19:15:36,915][com.java.TestType] [  493] -  str(1) = 1
[INFO ][2016-02-01 19:15:36,915][com.java.TestType] [  496] - Test case Id is---1
[INFO ][2016-02-01 19:15:36,916][com.java.TestType] [  498] - 1
[INFO ][2016-02-01 19:15:36,916][com.java.TestType] [  493] -  str(2) = 7
[INFO ][2016-02-01 19:15:36,916][com.java.TestType] [  493] -  str(1) = 1
[INFO ][2016-02-01 19:15:36,916][com.java.TestType] [  496] - Test case Id is---1
[INFO ][2016-02-01 19:15:36,917][com.java.TestType] [  498] - 1
[INFO ][2016-02-01 19:15:36,917][com.java.TestType] [  493] -  str(2) = 8
[INFO ][2016-02-01 19:15:36,917][com.java.TestType] [  493] -  str(1) = 1
[INFO ][2016-02-01 19:15:36,917][com.java.TestType] [  496] - Test case Id is---1
[INFO ][2016-02-01 19:15:36,918][com.java.TestType] [  498] - 1
[INFO ][2016-02-01 19:15:36,918][com.java.TestType] [  493] -  str(2) = 9
[INFO ][2016-02-01 19:15:36,918][com.java.TestType] [  493] -  str(1) = 1
[INFO ][2016-02-01 19:15:36,918][com.java.TestType] [  496] - Test case Id is---1
[INFO ][2016-02-01 19:15:36,918][com.java.TestType] [  498] - 1
[INFO ][2016-02-01 19:15:36,919][com.java.TestType] [  493] -  str(2) = 10
[INFO ][2016-02-01 19:15:36,919][com.java.TestType] [  493] -  str(1) = 1
[INFO ][2016-02-01 19:15:36,919][com.java.TestType] [  496] - Test case Id is---1
[INFO ][2016-02-01 19:15:36,919][com.java.TestType] [  498] - 1
[INFO ][2016-02-01 19:15:36,920][com.java.TestType] [  493] -  str(2) = 11
[INFO ][2016-02-01 19:15:36,920][com.java.TestType] [  493] -  str(1) = 1
[INFO ][2016-02-01 19:15:36,920][com.java.TestType] [  496] - Test case Id is---1
[INFO ][2016-02-01 19:15:36,920][com.java.TestType] [  498] - 1
[INFO ][2016-02-01 19:15:36,921][com.java.TestType] [  493] -  str(2) = 12
[INFO ][2016-02-01 19:15:36,921][com.java.TestType] [  493] -  str(1) = 1
[INFO ][2016-02-01 19:15:36,921][com.java.TestType] [  496] - Test case Id is---1
[INFO ][2016-02-01 19:15:36,921][com.java.TestType] [  498] - 1
[INFO ][2016-02-01 19:15:36,922][com.java.TestType] [  493] -  str(2) = 13
[INFO ][2016-02-01 19:15:36,922][com.java.TestType] [  493] -  str(1) = 1
[INFO ][2016-02-01 19:15:36,922][com.java.TestType] [  496] - Test case Id is---1
[INFO ][2016-02-01 19:15:36,922][com.java.TestType] [  498] - 1
[INFO ][2016-02-01 19:15:36,923][com.java.TestType] [  493] -  str(2) = 14
[INFO ][2016-02-01 19:15:36,924][com.java.TestType] [  493] -  str(1) = 1
[INFO ][2016-02-01 19:15:36,925][com.java.TestType] [  496] - Test case Id is---1
[INFO ][2016-02-01 19:15:36,925][com.java.TestType] [  498] - 1
[INFO ][2016-02-01 19:15:36,925][com.java.TestType] [  493] -  str(2) = 15
[INFO ][2016-02-01 19:15:36,926][com.java.TestType] [  493] -  str(1) = 1
[INFO ][2016-02-01 19:15:36,926][com.java.TestType] [  496] - Test case Id is---1
[INFO ][2016-02-01 19:15:36,926][com.java.TestType] [  498] - 1
[INFO ][2016-02-01 19:15:36,926][com.java.TestType] [  493] -  str(2) = 16
[INFO ][2016-02-01 19:15:36,927][com.java.TestType] [11822] - Looping 1TCID = 1
[DEBUG][2016-02-01 19:15:36,927][com.java.TestType] [11863] - Concept ID:1 :: Step being Executed: 1::1
[INFO ][2016-02-01 19:15:36,927][com.java.TestType] [11901] - dataFields : TXTusername
[DEBUG][2016-02-01 19:15:36,927][com.java.TestType] [11907] - <In Set values of the page>
[DEBUG][2016-02-01 19:15:36,927][com.java.TestType] [11912] - {Data Fields & Data Values Exist}
[INFO ][2016-02-01 19:15:36,928][com.java.TestType] [11918] - --------------------------setting values-----------------------------
[INFO ][2016-02-01 19:15:36,928][com.java.TestType] [11921] - Action Type : CLEARANDENTER
[INFO ][2016-02-01 19:15:39,328][com.java.TestType] [ 6556] - value = valuelabs.ie10.00058
[INFO ][2016-02-01 19:15:41,750][com.java.TestType] [11940] -  RESULT true
[INFO ][2016-02-01 19:15:41,750][com.java.TestType] [12057] - ?   P A S S   ?
[DEBUG][2016-02-01 19:15:41,752][com.java.TestType] [11863] - Concept ID:1 :: Step being Executed: 1::2
[INFO ][2016-02-01 19:15:41,752][com.java.TestType] [11901] - dataFields : TXTpassword
[DEBUG][2016-02-01 19:15:41,752][com.java.TestType] [11907] - <In Set values of the page>
[DEBUG][2016-02-01 19:15:41,752][com.java.TestType] [11912] - {Data Fields & Data Values Exist}
[INFO ][2016-02-01 19:15:41,752][com.java.TestType] [11918] - --------------------------setting values-----------------------------
[INFO ][2016-02-01 19:15:41,752][com.java.TestType] [11921] - Action Type : CLEARANDENTER
[INFO ][2016-02-01 19:15:44,041][com.java.TestType] [ 6556] - value = Password1*
[INFO ][2016-02-01 19:15:46,590][com.java.TestType] [11940] -  RESULT true
[INFO ][2016-02-01 19:15:46,590][com.java.TestType] [12057] - ?   P A S S   ?
[DEBUG][2016-02-01 19:15:46,590][com.java.TestType] [11863] - Concept ID:1 :: Step being Executed: 1::3
[ERROR][2016-02-01 19:15:46,590][com.java.TestType] [11896] - Exception: null
[INFO ][2016-02-01 19:15:46,591][com.java.TestType] [11901] - dataFields : XPH//button[@type='submit']
[DEBUG][2016-02-01 19:15:46,591][com.java.TestType] [11907] - <In Set values of the page>
[DEBUG][2016-02-01 19:15:46,591][com.java.TestType] [11912] - {Data Fields & Data Values Exist}
[INFO ][2016-02-01 19:15:46,591][com.java.TestType] [11918] - --------------------------setting values-----------------------------
[INFO ][2016-02-01 19:15:46,591][com.java.TestType] [11921] - Action Type : Click
[INFO ][2016-02-01 19:15:46,591][com.java.TestType] [ 6935] - Field ::XPH//button[@type='submit']
[INFO ][2016-02-01 19:15:46,591][com.java.TestType] [ 6556] - value = 
[INFO ][2016-02-01 19:15:47,591][com.java.TestType] [ 7108] - BEFORE CLICK
[INFO ][2016-02-01 19:15:51,087][com.java.TestType] [ 7116] - Unable to click the object Login
[INFO ][2016-02-01 19:15:51,087][com.java.TestType] [11940] -  RESULT true
[INFO ][2016-02-01 19:15:51,087][com.java.TestType] [12057] - ?   P A S S   ?
[DEBUG][2016-02-01 19:15:51,087][com.java.TestType] [11863] - Concept ID:1 :: Step being Executed: 1::4
[INFO ][2016-02-01 19:15:51,087][com.java.TestType] [11901] - dataFields : LNKLogout
[DEBUG][2016-02-01 19:15:51,087][com.java.TestType] [11907] - <In Set values of the page>
[DEBUG][2016-02-01 19:15:51,087][com.java.TestType] [11912] - {Data Fields & Data Values Exist}
[INFO ][2016-02-01 19:15:51,087][com.java.TestType] [11918] - --------------------------setting values-----------------------------
[INFO ][2016-02-01 19:15:51,087][com.java.TestType] [11921] - Action Type : WaitForElement
[INFO ][2016-02-01 19:15:51,233][com.java.TestType] [11940] -  RESULT true
[INFO ][2016-02-01 19:15:51,233][com.java.TestType] [12057] - ?   P A S S   ?
[DEBUG][2016-02-01 19:15:51,233][com.java.TestType] [11863] - Concept ID:1 :: Step being Executed: 1::15
[INFO ][2016-02-01 19:15:51,233][com.java.TestType] [11901] - dataFields : LNK
[DEBUG][2016-02-01 19:15:51,233][com.java.TestType] [11907] - <In Set values of the page>
[DEBUG][2016-02-01 19:15:51,234][com.java.TestType] [11912] - {Data Fields & Data Values Exist}
[INFO ][2016-02-01 19:15:51,234][com.java.TestType] [11918] - --------------------------setting values-----------------------------
[INFO ][2016-02-01 19:15:51,234][com.java.TestType] [11921] - Action Type : Verify
[INFO ][2016-02-01 19:15:51,234][com.java.TestType] [ 8158] - field= LNK value= Logout
[INFO ][2016-02-01 19:15:51,237][com.java.TestType] [ 6556] - value = Logout
[INFO ][2016-02-01 19:15:51,273][com.java.TestType] [11940] -  RESULT true
[INFO ][2016-02-01 19:15:51,273][com.java.TestType] [12057] - ?   P A S S   ?
[DEBUG][2016-02-01 19:15:51,273][com.java.TestType] [11863] - Concept ID:1 :: Step being Executed: 1::16
[INFO ][2016-02-01 19:15:51,273][com.java.TestType] [11901] - dataFields : BTN
[DEBUG][2016-02-01 19:15:51,274][com.java.TestType] [11907] - <In Set values of the page>
[DEBUG][2016-02-01 19:15:51,274][com.java.TestType] [11912] - {Data Fields & Data Values Exist}
[INFO ][2016-02-01 19:15:51,274][com.java.TestType] [11918] - --------------------------setting values-----------------------------
[INFO ][2016-02-01 19:15:51,275][com.java.TestType] [11921] - Action Type : Verify
[INFO ][2016-02-01 19:15:51,275][com.java.TestType] [ 8158] - field= BTN value= //img[contains(@src,'bdlogo.jpg')]
[INFO ][2016-02-01 19:15:51,275][com.java.TestType] [ 6556] - value = //img[contains(@src,'bdlogo.jpg')]
[INFO ][2016-02-01 19:15:51,345][com.java.TestType] [11940] -  RESULT true
[INFO ][2016-02-01 19:15:51,345][com.java.TestType] [12057] - ?   P A S S   ?
[INFO ][2016-02-01 19:15:51,345][com.java.TestType] [12128] - Looping End......
[INFO ][2016-02-01 19:15:51,349][com.java.SeleniumDriver] [  930] -  RESULT true
[INFO ][2016-02-01 19:15:51,350][com.java.SeleniumDriver] [ 1136] - ?   P A S S   ?
[INFO ][2016-02-01 19:15:51,350][com.java.SeleniumDriver] [  856] - ------------------------------------------
[INFO ][2016-02-01 19:15:51,350][com.java.SeleniumDriver] [  857] - Test case being Executed: 1
[INFO ][2016-02-01 19:15:51,350][com.java.SeleniumDriver] [  869] - Test step:2
[INFO ][2016-02-01 19:15:51,350][com.java.SeleniumDriver] [  881] - Datavalue is----------Concept#2:1-2
[INFO ][2016-02-01 19:15:51,350][com.java.SeleniumDriver] [  905] - DataField : test
[INFO ][2016-02-01 19:15:51,350][com.java.SeleniumDriver] [  907] - DataValue : Concept#2:1-2
[INFO ][2016-02-01 19:15:51,350][com.java.SeleniumDriver] [  913] - <In Set values of the page>
[INFO ][2016-02-01 19:15:51,350][com.java.SeleniumDriver] [  916] - {Data Fields & Data Values Exist}
[INFO ][2016-02-01 19:15:51,350][com.java.SeleniumDriver] [  918] - --------------------------setting values-----------------------------
[INFO ][2016-02-01 19:15:51,350][com.java.SeleniumDriver] [  921] - Action Type : ExecuteTestCase
[INFO ][2016-02-01 19:15:51,351][com.java.TestType] [  448] - The Concept sheet name is ---------- Concept
[INFO ][2016-02-01 19:15:51,351][com.java.TestType] [  451] - The Concept ID  is ---------- 2
[DEBUG][2016-02-01 19:15:51,351][com.java.TestType] [  455] - Steps being executted in the Concept are: 1:2
[INFO ][2016-02-01 19:15:51,351][com.java.TestType] [  462] - Test data details path ---------- D:\BankersDashboard\TestInputs\TestData.xls
[INFO ][2016-02-01 19:15:51,383][com.java.TestType] [  493] -  str(1) = 2
[INFO ][2016-02-01 19:15:51,383][com.java.TestType] [  496] - Test case Id is---2
[INFO ][2016-02-01 19:15:51,384][com.java.TestType] [  498] - 2
[INFO ][2016-02-01 19:15:51,384][com.java.TestType] [  493] -  str(2) = 1
[INFO ][2016-02-01 19:15:51,385][com.java.TestType] [  493] -  str(1) = 2
[INFO ][2016-02-01 19:15:51,386][com.java.TestType] [  496] - Test case Id is---2
[INFO ][2016-02-01 19:15:51,386][com.java.TestType] [  498] - 2
[INFO ][2016-02-01 19:15:51,386][com.java.TestType] [  493] -  str(2) = 2
[INFO ][2016-02-01 19:15:51,386][com.java.TestType] [  493] -  str(1) = 2
[INFO ][2016-02-01 19:15:51,387][com.java.TestType] [  496] - Test case Id is---2
[INFO ][2016-02-01 19:15:51,387][com.java.TestType] [  498] - 2
[INFO ][2016-02-01 19:15:51,387][com.java.TestType] [  493] -  str(2) = 3
[INFO ][2016-02-01 19:15:51,387][com.java.TestType] [11822] - Looping 1TCID = 2
[DEBUG][2016-02-01 19:15:51,387][com.java.TestType] [11863] - Concept ID:2 :: Step being Executed: 2::1
[INFO ][2016-02-01 19:15:51,388][com.java.TestType] [11901] - dataFields : BNK//select[@id='bank']
[DEBUG][2016-02-01 19:15:51,388][com.java.TestType] [11907] - <In Set values of the page>
[DEBUG][2016-02-01 19:15:51,388][com.java.TestType] [11912] - {Data Fields & Data Values Exist}
[INFO ][2016-02-01 19:15:51,388][com.java.TestType] [11918] - --------------------------setting values-----------------------------
[INFO ][2016-02-01 19:15:51,388][com.java.TestType] [11921] - Action Type : Select
[INFO ][2016-02-01 19:15:51,388][com.java.TestType] [ 6556] - value = PFC
[INFO ][2016-02-01 19:15:51,634][com.java.TestType] [11940] -  RESULT true
[INFO ][2016-02-01 19:15:51,634][com.java.TestType] [12057] - ?   P A S S   ?
[DEBUG][2016-02-01 19:15:51,634][com.java.TestType] [11863] - Concept ID:2 :: Step being Executed: 2::2
[INFO ][2016-02-01 19:15:51,634][com.java.TestType] [11901] - dataFields : LNKLogout
[DEBUG][2016-02-01 19:15:51,634][com.java.TestType] [11907] - <In Set values of the page>
[DEBUG][2016-02-01 19:15:51,634][com.java.TestType] [11912] - {Data Fields & Data Values Exist}
[INFO ][2016-02-01 19:15:51,634][com.java.TestType] [11918] - --------------------------setting values-----------------------------
[INFO ][2016-02-01 19:15:51,634][com.java.TestType] [11921] - Action Type : WaitTime
[DEBUG][2016-02-01 19:15:51,634][com.java.TestType] [ 6370] - sleepTime: 5000
[INFO ][2016-02-01 19:15:56,636][com.java.TestType] [11940] -  RESULT true
[INFO ][2016-02-01 19:15:56,636][com.java.TestType] [12057] - ?   P A S S   ?
[INFO ][2016-02-01 19:15:56,636][com.java.TestType] [12128] - Looping End......
[INFO ][2016-02-01 19:15:56,640][com.java.SeleniumDriver] [  930] -  RESULT true
[INFO ][2016-02-01 19:15:56,640][com.java.SeleniumDriver] [ 1136] - ?   P A S S   ?
[INFO ][2016-02-01 19:15:56,640][com.java.SeleniumDriver] [  856] - ------------------------------------------
[INFO ][2016-02-01 19:15:56,640][com.java.SeleniumDriver] [  857] - Test case being Executed: 1
[INFO ][2016-02-01 19:15:56,640][com.java.SeleniumDriver] [  869] - Test step:3
[INFO ][2016-02-01 19:15:56,640][com.java.SeleniumDriver] [  881] - Datavalue is----------2
[INFO ][2016-02-01 19:15:56,641][com.java.SeleniumDriver] [  905] - DataField : XPH//button[contains(text(),'Add Content')]
[INFO ][2016-02-01 19:15:56,641][com.java.SeleniumDriver] [  907] - DataValue : 2
[INFO ][2016-02-01 19:15:56,641][com.java.SeleniumDriver] [  913] - <In Set values of the page>
[INFO ][2016-02-01 19:15:56,641][com.java.SeleniumDriver] [  916] - {Data Fields & Data Values Exist}
[INFO ][2016-02-01 19:15:56,641][com.java.SeleniumDriver] [  918] - --------------------------setting values-----------------------------
[INFO ][2016-02-01 19:15:56,641][com.java.SeleniumDriver] [  921] - Action Type : WAITFORELEMENT
[INFO ][2016-02-01 19:15:56,677][com.java.SeleniumDriver] [  930] -  RESULT true
[INFO ][2016-02-01 19:15:56,677][com.java.SeleniumDriver] [ 1136] - ?   P A S S   ?
[DEBUG][2016-02-01 19:15:56,677][com.java.SeleniumDriver] [ 1248] - Case found
[DEBUG][2016-02-01 19:15:56,677][com.java.SeleniumDriver] [ 1253] - Incrementing ReportCounters[0]:1
[INFO ][2016-02-01 19:15:56,677][com.java.SeleniumDriver] [ 1272] - The results are-------------------[1, 1, Valid Login, Pass, , Mon Feb 01 19:15:51 IST 2016, 1, 2, Valid Login, Pass, , Mon Feb 01 19:15:56 IST 2016, 1, 3, Valid Login, Pass, , Mon Feb 01 19:15:56 IST 2016]
[INFO ][2016-02-01 19:15:56,678][com.java.SeleniumDriver] [ 1276] - End time is-------35 sec
[INFO ][2016-02-01 19:15:56,678][com.java.SeleniumDriver] [ 1277] - The results are-------------------[1, 1, Valid Login, Pass, , Mon Feb 01 19:15:51 IST 2016, 1, 2, Valid Login, Pass, , Mon Feb 01 19:15:56 IST 2016, 1, 3, Valid Login, Pass, , Mon Feb 01 19:15:56 IST 2016]
[DEBUG][2016-02-01 19:15:56,678][com.java.ImportnExport.ExportTestResultsExcel] [  222] - testResultPath = D:\BankersDashboard/TestReports/Test Results_BankersDashBoard_020116_191523_IE10_United Bank.xls
[DEBUG][2016-02-01 19:15:56,678][com.java.ImportnExport.ExportTestResultsExcel] [  223] - browser is------------IE10
[DEBUG][2016-02-01 19:15:56,727][com.java.ImportnExport.ExportTestResultsExcel] [  270] - result.size() = 18
[DEBUG][2016-02-01 19:15:56,727][com.java.ImportnExport.ExportTestResultsExcel] [  274] - No of rows in sheet=1
[DEBUG][2016-02-01 19:15:56,727][com.java.ImportnExport.ExportTestResultsExcel] [  301] - ..in export..1
[DEBUG][2016-02-01 19:15:56,727][com.java.ImportnExport.ExportTestResultsExcel] [  301] - ..in export..Valid Login
[DEBUG][2016-02-01 19:15:56,727][com.java.ImportnExport.ExportTestResultsExcel] [  301] - ..in export..Pass
[DEBUG][2016-02-01 19:15:56,727][com.java.ImportnExport.ExportTestResultsExcel] [  301] - ..in export..
[DEBUG][2016-02-01 19:15:56,727][com.java.ImportnExport.ExportTestResultsExcel] [  301] - ..in export..Mon Feb 01 19:15:51 IST 2016
[INFO ][2016-02-01 19:15:56,731][com.java.SeleniumDriver] [ 1337] - out loop:0 size:2 TestCases:[1, 6] testcases:[1, 6]
[INFO ][2016-02-01 19:15:56,731][com.java.ImportnExport.ImportTestDataDetailsExcel] [   49] - test data details path===== D:\BankersDashboard\TestInputs\TestData.xls
[INFO ][2016-02-01 19:16:14,050][com.java.SeleniumDriver] [  856] - ------------------------------------------
[INFO ][2016-02-01 19:16:14,050][com.java.SeleniumDriver] [  857] - Test case being Executed: 6
[INFO ][2016-02-01 19:16:14,050][com.java.SeleniumDriver] [  869] - Test step:1
[INFO ][2016-02-01 19:16:14,050][com.java.SeleniumDriver] [  881] - Datavalue is----------Logout
[INFO ][2016-02-01 19:16:14,050][com.java.SeleniumDriver] [  905] - DataField : BTN
[INFO ][2016-02-01 19:16:14,050][com.java.SeleniumDriver] [  907] - DataValue : Logout
[INFO ][2016-02-01 19:16:14,050][com.java.SeleniumDriver] [  913] - <In Set values of the page>
[INFO ][2016-02-01 19:16:14,050][com.java.SeleniumDriver] [  916] - {Data Fields & Data Values Exist}
[INFO ][2016-02-01 19:16:14,050][com.java.SeleniumDriver] [  918] - --------------------------setting values-----------------------------
[INFO ][2016-02-01 19:16:14,050][com.java.SeleniumDriver] [  921] - Action Type : Verify
[INFO ][2016-02-01 19:16:14,050][com.java.TestType] [ 8158] - field= BTN value= Logout
[INFO ][2016-02-01 19:16:14,050][com.java.TestType] [ 6556] - value = Logout
[INFO ][2016-02-01 19:16:14,122][com.java.SeleniumDriver] [  930] -  RESULT true
[INFO ][2016-02-01 19:16:14,122][com.java.SeleniumDriver] [ 1136] - ?   P A S S   ?
[INFO ][2016-02-01 19:16:14,122][com.java.SeleniumDriver] [ 1178] - step change to 3
[INFO ][2016-02-01 19:16:14,122][com.java.SeleniumDriver] [  856] - ------------------------------------------
[INFO ][2016-02-01 19:16:14,122][com.java.SeleniumDriver] [  857] - Test case being Executed: 6
[INFO ][2016-02-01 19:16:14,122][com.java.SeleniumDriver] [  869] - Test step:3
[INFO ][2016-02-01 19:16:14,122][com.java.SeleniumDriver] [  881] - Datavalue is----------Concept#2:1-2
[INFO ][2016-02-01 19:16:14,123][com.java.SeleniumDriver] [  905] - DataField : test
[INFO ][2016-02-01 19:16:14,123][com.java.SeleniumDriver] [  907] - DataValue : Concept#2:1-2
[INFO ][2016-02-01 19:16:14,123][com.java.SeleniumDriver] [  913] - <In Set values of the page>
[INFO ][2016-02-01 19:16:14,123][com.java.SeleniumDriver] [  916] - {Data Fields & Data Values Exist}
[INFO ][2016-02-01 19:16:14,123][com.java.SeleniumDriver] [  918] - --------------------------setting values-----------------------------
[INFO ][2016-02-01 19:16:14,123][com.java.SeleniumDriver] [  921] - Action Type : ExecuteTestCase
[INFO ][2016-02-01 19:16:14,123][com.java.TestType] [  448] - The Concept sheet name is ---------- Concept
[INFO ][2016-02-01 19:16:14,123][com.java.TestType] [  451] - The Concept ID  is ---------- 2
[DEBUG][2016-02-01 19:16:14,123][com.java.TestType] [  455] - Steps being executted in the Concept are: 1:2
[INFO ][2016-02-01 19:16:14,123][com.java.TestType] [  462] - Test data details path ---------- D:\BankersDashboard\TestInputs\TestData.xls
[INFO ][2016-02-01 19:16:14,155][com.java.TestType] [  493] -  str(1) = 2
[INFO ][2016-02-01 19:16:14,155][com.java.TestType] [  496] - Test case Id is---2
[INFO ][2016-02-01 19:16:14,156][com.java.TestType] [  498] - 2
[INFO ][2016-02-01 19:16:14,156][com.java.TestType] [  493] -  str(2) = 1
[INFO ][2016-02-01 19:16:14,158][com.java.TestType] [  493] -  str(1) = 2
[INFO ][2016-02-01 19:16:14,158][com.java.TestType] [  496] - Test case Id is---2
[INFO ][2016-02-01 19:16:14,158][com.java.TestType] [  498] - 2
[INFO ][2016-02-01 19:16:14,158][com.java.TestType] [  493] -  str(2) = 2
[INFO ][2016-02-01 19:16:14,158][com.java.TestType] [  493] -  str(1) = 2
[INFO ][2016-02-01 19:16:14,159][com.java.TestType] [  496] - Test case Id is---2
[INFO ][2016-02-01 19:16:14,159][com.java.TestType] [  498] - 2
[INFO ][2016-02-01 19:16:14,159][com.java.TestType] [  493] -  str(2) = 3
[INFO ][2016-02-01 19:16:14,159][com.java.TestType] [11822] - Looping 1TCID = 2
[DEBUG][2016-02-01 19:16:14,159][com.java.TestType] [11863] - Concept ID:2 :: Step being Executed: 2::1
[INFO ][2016-02-01 19:16:14,159][com.java.TestType] [11901] - dataFields : BNK//select[@id='bank']
[DEBUG][2016-02-01 19:16:14,160][com.java.TestType] [11907] - <In Set values of the page>
[DEBUG][2016-02-01 19:16:14,160][com.java.TestType] [11912] - {Data Fields & Data Values Exist}
[INFO ][2016-02-01 19:16:14,160][com.java.TestType] [11918] - --------------------------setting values-----------------------------
[INFO ][2016-02-01 19:16:14,160][com.java.TestType] [11921] - Action Type : Select
[INFO ][2016-02-01 19:16:14,160][com.java.TestType] [ 6556] - value = PFC
[INFO ][2016-02-01 19:16:14,397][com.java.TestType] [11940] -  RESULT true
[INFO ][2016-02-01 19:16:14,398][com.java.TestType] [12057] - ?   P A S S   ?
[DEBUG][2016-02-01 19:16:14,398][com.java.TestType] [11863] - Concept ID:2 :: Step being Executed: 2::2
[INFO ][2016-02-01 19:16:14,398][com.java.TestType] [11901] - dataFields : LNKLogout
[DEBUG][2016-02-01 19:16:14,398][com.java.TestType] [11907] - <In Set values of the page>
[DEBUG][2016-02-01 19:16:14,398][com.java.TestType] [11912] - {Data Fields & Data Values Exist}
[INFO ][2016-02-01 19:16:14,398][com.java.TestType] [11918] - --------------------------setting values-----------------------------
[INFO ][2016-02-01 19:16:14,398][com.java.TestType] [11921] - Action Type : WaitTime
[DEBUG][2016-02-01 19:16:14,398][com.java.TestType] [ 6370] - sleepTime: 5000
[INFO ][2016-02-01 19:16:19,400][com.java.TestType] [11940] -  RESULT true
[INFO ][2016-02-01 19:16:19,400][com.java.TestType] [12057] - ?   P A S S   ?
[INFO ][2016-02-01 19:16:19,400][com.java.TestType] [12128] - Looping End......
[INFO ][2016-02-01 19:16:19,404][com.java.SeleniumDriver] [  930] -  RESULT true
[INFO ][2016-02-01 19:16:19,404][com.java.SeleniumDriver] [ 1136] - ?   P A S S   ?
[INFO ][2016-02-01 19:16:19,404][com.java.SeleniumDriver] [  856] - ------------------------------------------
[INFO ][2016-02-01 19:16:19,404][com.java.SeleniumDriver] [  857] - Test case being Executed: 6
[INFO ][2016-02-01 19:16:19,405][com.java.SeleniumDriver] [  869] - Test step:4
[INFO ][2016-02-01 19:16:19,405][com.java.SeleniumDriver] [  881] - Datavalue is----------2
[INFO ][2016-02-01 19:16:19,405][com.java.SeleniumDriver] [  905] - DataField : BTNG/L
[INFO ][2016-02-01 19:16:19,405][com.java.SeleniumDriver] [  907] - DataValue : 2
[INFO ][2016-02-01 19:16:19,405][com.java.SeleniumDriver] [  913] - <In Set values of the page>
[INFO ][2016-02-01 19:16:19,406][com.java.SeleniumDriver] [  916] - {Data Fields & Data Values Exist}
[INFO ][2016-02-01 19:16:19,407][com.java.SeleniumDriver] [  918] - --------------------------setting values-----------------------------
[INFO ][2016-02-01 19:16:19,407][com.java.SeleniumDriver] [  921] - Action Type : WAITFORELEMENT
[INFO ][2016-02-01 19:16:19,453][com.java.SeleniumDriver] [  930] -  RESULT true
[INFO ][2016-02-01 19:16:19,453][com.java.SeleniumDriver] [ 1136] - ?   P A S S   ?
[INFO ][2016-02-01 19:16:19,453][com.java.SeleniumDriver] [  856] - ------------------------------------------
[INFO ][2016-02-01 19:16:19,453][com.java.SeleniumDriver] [  857] - Test case being Executed: 6
[INFO ][2016-02-01 19:16:19,453][com.java.SeleniumDriver] [  869] - Test step:5
[INFO ][2016-02-01 19:16:19,454][com.java.SeleniumDriver] [  881] - Datavalue is----------null
[DEBUG][2016-02-01 19:16:19,454][com.java.SeleniumDriver] [  899] - Exception: null
[INFO ][2016-02-01 19:16:19,454][com.java.SeleniumDriver] [  905] - DataField : //span[@class='icon-hammer']&&//a[text()='Custom Calculations']
[INFO ][2016-02-01 19:16:19,454][com.java.SeleniumDriver] [  907] - DataValue : 
[INFO ][2016-02-01 19:16:19,454][com.java.SeleniumDriver] [  913] - <In Set values of the page>
[INFO ][2016-02-01 19:16:19,454][com.java.SeleniumDriver] [  916] - {Data Fields & Data Values Exist}
[INFO ][2016-02-01 19:16:19,454][com.java.SeleniumDriver] [  918] - --------------------------setting values-----------------------------
[INFO ][2016-02-01 19:16:19,454][com.java.SeleniumDriver] [  921] - Action Type : MOUSEOVER
[INFO ][2016-02-01 19:16:44,452][com.java.SeleniumDriver] [  930] -  RESULT true
[INFO ][2016-02-01 19:16:44,452][com.java.SeleniumDriver] [ 1136] - ?   P A S S   ?
[INFO ][2016-02-01 19:16:44,452][com.java.SeleniumDriver] [  856] - ------------------------------------------
[INFO ][2016-02-01 19:16:44,452][com.java.SeleniumDriver] [  857] - Test case being Executed: 6
[INFO ][2016-02-01 19:16:44,452][com.java.SeleniumDriver] [  869] - Test step:6
[INFO ][2016-02-01 19:16:44,452][com.java.SeleniumDriver] [  881] - Datavalue is----------5
[INFO ][2016-02-01 19:16:44,452][com.java.SeleniumDriver] [  905] - DataField : BTN//iframe[@class='frameTabContent']
[INFO ][2016-02-01 19:16:44,452][com.java.SeleniumDriver] [  907] - DataValue : 5
[INFO ][2016-02-01 19:16:44,453][com.java.SeleniumDriver] [  913] - <In Set values of the page>
[INFO ][2016-02-01 19:16:44,453][com.java.SeleniumDriver] [  916] - {Data Fields & Data Values Exist}
[INFO ][2016-02-01 19:16:44,453][com.java.SeleniumDriver] [  918] - --------------------------setting values-----------------------------
[INFO ][2016-02-01 19:16:44,453][com.java.SeleniumDriver] [  921] - Action Type : waitforelement
[INFO ][2016-02-01 19:16:44,488][com.java.SeleniumDriver] [  930] -  RESULT true
[INFO ][2016-02-01 19:16:44,488][com.java.SeleniumDriver] [ 1136] - ?   P A S S   ?
[INFO ][2016-02-01 19:16:44,488][com.java.SeleniumDriver] [  856] - ------------------------------------------
[INFO ][2016-02-01 19:16:44,488][com.java.SeleniumDriver] [  857] - Test case being Executed: 6
[INFO ][2016-02-01 19:16:44,489][com.java.SeleniumDriver] [  869] - Test step:7
[INFO ][2016-02-01 19:16:44,489][com.java.SeleniumDriver] [  881] - Datavalue is----------null
[DEBUG][2016-02-01 19:16:44,489][com.java.SeleniumDriver] [  899] - Exception: null
[INFO ][2016-02-01 19:16:44,489][com.java.SeleniumDriver] [  905] - DataField : BTN//iframe[@class='frameTabContent']
[INFO ][2016-02-01 19:16:44,489][com.java.SeleniumDriver] [  907] - DataValue : 
[INFO ][2016-02-01 19:16:44,489][com.java.SeleniumDriver] [  913] - <In Set values of the page>
[INFO ][2016-02-01 19:16:44,489][com.java.SeleniumDriver] [  916] - {Data Fields & Data Values Exist}
[INFO ][2016-02-01 19:16:44,489][com.java.SeleniumDriver] [  918] - --------------------------setting values-----------------------------
[INFO ][2016-02-01 19:16:44,489][com.java.SeleniumDriver] [  921] - Action Type : selectframe
[INFO ][2016-02-01 19:16:44,584][com.java.SeleniumDriver] [  930] -  RESULT true
[INFO ][2016-02-01 19:16:44,584][com.java.SeleniumDriver] [ 1136] - ?   P A S S   ?
[INFO ][2016-02-01 19:16:44,584][com.java.SeleniumDriver] [  856] - ------------------------------------------
[INFO ][2016-02-01 19:16:44,584][com.java.SeleniumDriver] [  857] - Test case being Executed: 6
[INFO ][2016-02-01 19:16:44,584][com.java.SeleniumDriver] [  869] - Test step:8
[INFO ][2016-02-01 19:16:44,584][com.java.SeleniumDriver] [  881] - Datavalue is----------3
[INFO ][2016-02-01 19:16:44,584][com.java.SeleniumDriver] [  905] - DataField : XPH//span[@class='glyphicon glyphicon-plus']
[INFO ][2016-02-01 19:16:44,584][com.java.SeleniumDriver] [  907] - DataValue : 3
[INFO ][2016-02-01 19:16:44,585][com.java.SeleniumDriver] [  913] - <In Set values of the page>
[INFO ][2016-02-01 19:16:44,585][com.java.SeleniumDriver] [  916] - {Data Fields & Data Values Exist}
[INFO ][2016-02-01 19:16:44,585][com.java.SeleniumDriver] [  918] - --------------------------setting values-----------------------------
[INFO ][2016-02-01 19:16:44,585][com.java.SeleniumDriver] [  921] - Action Type : waitforelement
[INFO ][2016-02-01 19:16:44,609][com.java.SeleniumDriver] [  930] -  RESULT true
[INFO ][2016-02-01 19:16:44,609][com.java.SeleniumDriver] [ 1136] - ?   P A S S   ?
[INFO ][2016-02-01 19:16:44,609][com.java.SeleniumDriver] [  856] - ------------------------------------------
[INFO ][2016-02-01 19:16:44,609][com.java.SeleniumDriver] [  857] - Test case being Executed: 6
[INFO ][2016-02-01 19:16:44,609][com.java.SeleniumDriver] [  869] - Test step:9
[INFO ][2016-02-01 19:16:44,610][com.java.SeleniumDriver] [  881] - Datavalue is----------null
[DEBUG][2016-02-01 19:16:44,610][com.java.SeleniumDriver] [  899] - Exception: null
[INFO ][2016-02-01 19:16:44,610][com.java.SeleniumDriver] [  905] - DataField : HDN//span[@class='glyphicon glyphicon-plus']
[INFO ][2016-02-01 19:16:44,610][com.java.SeleniumDriver] [  907] - DataValue : 
[INFO ][2016-02-01 19:16:44,610][com.java.SeleniumDriver] [  913] - <In Set values of the page>
[INFO ][2016-02-01 19:16:44,610][com.java.SeleniumDriver] [  916] - {Data Fields & Data Values Exist}
[INFO ][2016-02-01 19:16:44,610][com.java.SeleniumDriver] [  918] - --------------------------setting values-----------------------------
[INFO ][2016-02-01 19:16:44,610][com.java.SeleniumDriver] [  921] - Action Type : click
[INFO ][2016-02-01 19:16:44,610][com.java.TestType] [ 6935] - Field ::HDN//span[@class='glyphicon glyphicon-plus']
[INFO ][2016-02-01 19:16:44,610][com.java.TestType] [ 6556] - value = 
[INFO ][2016-02-01 19:16:45,778][com.java.SeleniumDriver] [  930] -  RESULT true
[INFO ][2016-02-01 19:16:45,778][com.java.SeleniumDriver] [ 1136] - ?   P A S S   ?
[INFO ][2016-02-01 19:16:45,778][com.java.SeleniumDriver] [  856] - ------------------------------------------
[INFO ][2016-02-01 19:16:45,778][com.java.SeleniumDriver] [  857] - Test case being Executed: 6
[INFO ][2016-02-01 19:16:45,778][com.java.SeleniumDriver] [  869] - Test step:10
[INFO ][2016-02-01 19:16:45,778][com.java.SeleniumDriver] [  881] - Datavalue is----------3
[INFO ][2016-02-01 19:16:45,778][com.java.SeleniumDriver] [  905] - DataField : XPH//input[@placeholder='Name your Calculation']
[INFO ][2016-02-01 19:16:45,778][com.java.SeleniumDriver] [  907] - DataValue : 3
[INFO ][2016-02-01 19:16:45,778][com.java.SeleniumDriver] [  913] - <In Set values of the page>
[INFO ][2016-02-01 19:16:45,778][com.java.SeleniumDriver] [  916] - {Data Fields & Data Values Exist}
[INFO ][2016-02-01 19:16:45,778][com.java.SeleniumDriver] [  918] - --------------------------setting values-----------------------------
[INFO ][2016-02-01 19:16:45,778][com.java.SeleniumDriver] [  921] - Action Type : waitforelement
[INFO ][2016-02-01 19:16:45,823][com.java.SeleniumDriver] [  930] -  RESULT true
[INFO ][2016-02-01 19:16:45,823][com.java.SeleniumDriver] [ 1136] - ?   P A S S   ?
[INFO ][2016-02-01 19:16:45,823][com.java.SeleniumDriver] [  856] - ------------------------------------------
[INFO ][2016-02-01 19:16:45,823][com.java.SeleniumDriver] [  857] - Test case being Executed: 6
[INFO ][2016-02-01 19:16:45,823][com.java.SeleniumDriver] [  869] - Test step:11
[INFO ][2016-02-01 19:16:45,823][com.java.SeleniumDriver] [  881] - Datavalue is----------RND#_CALVLTest
[INFO ][2016-02-01 19:16:45,824][com.java.SeleniumDriver] [  905] - DataField : TXT//input[@placeholder='Name your Calculation']
[INFO ][2016-02-01 19:16:45,824][com.java.SeleniumDriver] [  907] - DataValue : RND#_CALVLTest
[INFO ][2016-02-01 19:16:45,824][com.java.SeleniumDriver] [  913] - <In Set values of the page>
[INFO ][2016-02-01 19:16:45,824][com.java.SeleniumDriver] [  916] - {Data Fields & Data Values Exist}
[INFO ][2016-02-01 19:16:45,824][com.java.SeleniumDriver] [  918] - --------------------------setting values-----------------------------
[INFO ][2016-02-01 19:16:45,824][com.java.SeleniumDriver] [  921] - Action Type : clearandenter
[INFO ][2016-02-01 19:16:45,938][com.java.TestType] [ 6556] - value = #_CALVLTest32532
[INFO ][2016-02-01 19:16:46,963][com.java.SeleniumDriver] [  930] -  RESULT true
[INFO ][2016-02-01 19:16:46,963][com.java.SeleniumDriver] [ 1136] - ?   P A S S   ?
[INFO ][2016-02-01 19:16:46,963][com.java.SeleniumDriver] [  856] - ------------------------------------------
[INFO ][2016-02-01 19:16:46,963][com.java.SeleniumDriver] [  857] - Test case being Executed: 6
[INFO ][2016-02-01 19:16:46,963][com.java.SeleniumDriver] [  869] - Test step:12
[INFO ][2016-02-01 19:16:46,963][com.java.SeleniumDriver] [  881] - Datavalue is----------calname
[INFO ][2016-02-01 19:16:46,963][com.java.SeleniumDriver] [  905] - DataField : TXT//input[@placeholder='Name your Calculation']
[INFO ][2016-02-01 19:16:46,963][com.java.SeleniumDriver] [  907] - DataValue : calname
[INFO ][2016-02-01 19:16:46,963][com.java.SeleniumDriver] [  913] - <In Set values of the page>
[INFO ][2016-02-01 19:16:46,964][com.java.SeleniumDriver] [  916] - {Data Fields & Data Values Exist}
[INFO ][2016-02-01 19:16:46,964][com.java.SeleniumDriver] [  918] - --------------------------setting values-----------------------------
[INFO ][2016-02-01 19:16:46,964][com.java.SeleniumDriver] [  921] - Action Type : storevalue
[INFO ][2016-02-01 19:16:46,964][com.java.TestType] [ 9587] - field= TXT//input[@placeholder='Name your Calculation']
[DEBUG][2016-02-01 19:16:47,029][com.java.TestType] [ 9601] - Key:: calname  Value:: #_CALVLTest32532
[INFO ][2016-02-01 19:16:47,029][com.java.SeleniumDriver] [  930] -  RESULT true
[INFO ][2016-02-01 19:16:47,029][com.java.SeleniumDriver] [ 1136] - ?   P A S S   ?
[INFO ][2016-02-01 19:16:47,029][com.java.SeleniumDriver] [  856] - ------------------------------------------
[INFO ][2016-02-01 19:16:47,029][com.java.SeleniumDriver] [  857] - Test case being Executed: 6
[INFO ][2016-02-01 19:16:47,029][com.java.SeleniumDriver] [  869] - Test step:13
[INFO ][2016-02-01 19:16:47,029][com.java.SeleniumDriver] [  881] - Datavalue is----------null
[DEBUG][2016-02-01 19:16:47,029][com.java.SeleniumDriver] [  899] - Exception: null
[INFO ][2016-02-01 19:16:47,029][com.java.SeleniumDriver] [  905] - DataField : LNKAssets
[INFO ][2016-02-01 19:16:47,029][com.java.SeleniumDriver] [  907] - DataValue : 
[INFO ][2016-02-01 19:16:47,029][com.java.SeleniumDriver] [  913] - <In Set values of the page>
[INFO ][2016-02-01 19:16:47,029][com.java.SeleniumDriver] [  916] - {Data Fields & Data Values Exist}
[INFO ][2016-02-01 19:16:47,029][com.java.SeleniumDriver] [  918] - --------------------------setting values-----------------------------
[INFO ][2016-02-01 19:16:47,030][com.java.SeleniumDriver] [  921] - Action Type : click
[INFO ][2016-02-01 19:16:47,030][com.java.TestType] [ 6935] - Field ::LNKAssets
[INFO ][2016-02-01 19:16:47,030][com.java.TestType] [ 6556] - value = 
[INFO ][2016-02-01 19:16:48,030][com.java.TestType] [ 7071] - BEFORE CLICK on Assets
[INFO ][2016-02-01 19:16:48,381][com.java.SeleniumDriver] [  930] -  RESULT true
[INFO ][2016-02-01 19:16:48,381][com.java.SeleniumDriver] [ 1136] - ?   P A S S   ?
[INFO ][2016-02-01 19:16:48,381][com.java.SeleniumDriver] [  856] - ------------------------------------------
[INFO ][2016-02-01 19:16:48,381][com.java.SeleniumDriver] [  857] - Test case being Executed: 6
[INFO ][2016-02-01 19:16:48,381][com.java.SeleniumDriver] [  869] - Test step:14
[INFO ][2016-02-01 19:16:48,381][com.java.SeleniumDriver] [  881] - Datavalue is----------//div[contains(@class, 'expression ui-droppable')]/span
[INFO ][2016-02-01 19:16:48,381][com.java.SeleniumDriver] [  905] - DataField : Cash and due from banks
[INFO ][2016-02-01 19:16:48,381][com.java.SeleniumDriver] [  907] - DataValue : //div[contains(@class, 'expression ui-droppable')]/span
[INFO ][2016-02-01 19:16:48,381][com.java.SeleniumDriver] [  913] - <In Set values of the page>
[INFO ][2016-02-01 19:16:48,381][com.java.SeleniumDriver] [  916] - {Data Fields & Data Values Exist}
[INFO ][2016-02-01 19:16:48,382][com.java.SeleniumDriver] [  918] - --------------------------setting values-----------------------------
[INFO ][2016-02-01 19:16:48,382][com.java.SeleniumDriver] [  921] - Action Type : draganddrop
[INFO ][2016-02-01 19:16:48,910][com.java.SeleniumDriver] [  930] -  RESULT true
[INFO ][2016-02-01 19:16:48,910][com.java.SeleniumDriver] [ 1136] - ?   P A S S   ?
[INFO ][2016-02-01 19:16:48,910][com.java.SeleniumDriver] [  856] - ------------------------------------------
[INFO ][2016-02-01 19:16:48,910][com.java.SeleniumDriver] [  857] - Test case being Executed: 6
[INFO ][2016-02-01 19:16:48,910][com.java.SeleniumDriver] [  869] - Test step:15
[INFO ][2016-02-01 19:16:48,910][com.java.SeleniumDriver] [  881] - Datavalue is----------null
[DEBUG][2016-02-01 19:16:48,910][com.java.SeleniumDriver] [  899] - Exception: null
[INFO ][2016-02-01 19:16:48,910][com.java.SeleniumDriver] [  905] - DataField : HDN//button[contains(text(),'+')]
[INFO ][2016-02-01 19:16:48,910][com.java.SeleniumDriver] [  907] - DataValue : 
[INFO ][2016-02-01 19:16:48,911][com.java.SeleniumDriver] [  913] - <In Set values of the page>
[INFO ][2016-02-01 19:16:48,911][com.java.SeleniumDriver] [  916] - {Data Fields & Data Values Exist}
[INFO ][2016-02-01 19:16:48,911][com.java.SeleniumDriver] [  918] - --------------------------setting values-----------------------------
[INFO ][2016-02-01 19:16:48,911][com.java.SeleniumDriver] [  921] - Action Type : click
[INFO ][2016-02-01 19:16:48,911][com.java.TestType] [ 6935] - Field ::HDN//button[contains(text(),'+')]
[INFO ][2016-02-01 19:16:48,911][com.java.TestType] [ 6556] - value = 
[INFO ][2016-02-01 19:16:49,977][com.java.SeleniumDriver] [  930] -  RESULT true
[INFO ][2016-02-01 19:16:49,977][com.java.SeleniumDriver] [ 1136] - ?   P A S S   ?
[INFO ][2016-02-01 19:16:49,977][com.java.SeleniumDriver] [  856] - ------------------------------------------
[INFO ][2016-02-01 19:16:49,977][com.java.SeleniumDriver] [  857] - Test case being Executed: 6
[INFO ][2016-02-01 19:16:49,977][com.java.SeleniumDriver] [  869] - Test step:16
[INFO ][2016-02-01 19:16:49,977][com.java.SeleniumDriver] [  881] - Datavalue is----------//div[contains(@class, 'expression ui-droppable')]/span
[INFO ][2016-02-01 19:16:49,977][com.java.SeleniumDriver] [  905] - DataField : Fed funds sold & repos
[INFO ][2016-02-01 19:16:49,978][com.java.SeleniumDriver] [  907] - DataValue : //div[contains(@class, 'expression ui-droppable')]/span
[INFO ][2016-02-01 19:16:49,978][com.java.SeleniumDriver] [  913] - <In Set values of the page>
[INFO ][2016-02-01 19:16:49,978][com.java.SeleniumDriver] [  916] - {Data Fields & Data Values Exist}
[INFO ][2016-02-01 19:16:49,978][com.java.SeleniumDriver] [  918] - --------------------------setting values-----------------------------
[INFO ][2016-02-01 19:16:49,978][com.java.SeleniumDriver] [  921] - Action Type : draganddrop
[INFO ][2016-02-01 19:16:50,532][com.java.SeleniumDriver] [  930] -  RESULT true
[INFO ][2016-02-01 19:16:50,532][com.java.SeleniumDriver] [ 1136] - ?   P A S S   ?
[INFO ][2016-02-01 19:16:50,532][com.java.SeleniumDriver] [  856] - ------------------------------------------
[INFO ][2016-02-01 19:16:50,532][com.java.SeleniumDriver] [  857] - Test case being Executed: 6
[INFO ][2016-02-01 19:16:50,532][com.java.SeleniumDriver] [  869] - Test step:17
[INFO ][2016-02-01 19:16:50,532][com.java.SeleniumDriver] [  881] - Datavalue is----------null
[DEBUG][2016-02-01 19:16:50,532][com.java.SeleniumDriver] [  899] - Exception: null
[INFO ][2016-02-01 19:16:50,532][com.java.SeleniumDriver] [  905] - DataField : HDN//button[contains(text(),'Save')]
[INFO ][2016-02-01 19:16:50,533][com.java.SeleniumDriver] [  907] - DataValue : 
[INFO ][2016-02-01 19:16:50,533][com.java.SeleniumDriver] [  913] - <In Set values of the page>
[INFO ][2016-02-01 19:16:50,533][com.java.SeleniumDriver] [  916] - {Data Fields & Data Values Exist}
[INFO ][2016-02-01 19:16:50,533][com.java.SeleniumDriver] [  918] - --------------------------setting values-----------------------------
[INFO ][2016-02-01 19:16:50,533][com.java.SeleniumDriver] [  921] - Action Type : click
[INFO ][2016-02-01 19:16:50,533][com.java.TestType] [ 6935] - Field ::HDN//button[contains(text(),'Save')]
[INFO ][2016-02-01 19:16:50,533][com.java.TestType] [ 6556] - value = 
[INFO ][2016-02-01 19:16:51,608][com.java.SeleniumDriver] [  930] -  RESULT true
[INFO ][2016-02-01 19:16:51,608][com.java.SeleniumDriver] [ 1136] - ?   P A S S   ?
[INFO ][2016-02-01 19:16:51,608][com.java.SeleniumDriver] [  856] - ------------------------------------------
[INFO ][2016-02-01 19:16:51,608][com.java.SeleniumDriver] [  857] - Test case being Executed: 6
[INFO ][2016-02-01 19:16:51,608][com.java.SeleniumDriver] [  869] - Test step:18
[INFO ][2016-02-01 19:16:51,608][com.java.SeleniumDriver] [  881] - Datavalue is----------3
[INFO ][2016-02-01 19:16:51,608][com.java.SeleniumDriver] [  905] - DataField : null
[INFO ][2016-02-01 19:16:51,609][com.java.SeleniumDriver] [  907] - DataValue : 3
[INFO ][2016-02-01 19:16:51,609][com.java.SeleniumDriver] [  913] - <In Set values of the page>
[INFO ][2016-02-01 19:16:51,609][com.java.SeleniumDriver] [  916] - {Data Fields & Data Values Exist}
[INFO ][2016-02-01 19:16:51,609][com.java.SeleniumDriver] [  918] - --------------------------setting values-----------------------------
[INFO ][2016-02-01 19:16:51,609][com.java.SeleniumDriver] [  921] - Action Type : waittime
[DEBUG][2016-02-01 19:16:51,609][com.java.TestType] [ 6370] - sleepTime: 3000
[INFO ][2016-02-01 19:16:54,610][com.java.SeleniumDriver] [  930] -  RESULT true
[INFO ][2016-02-01 19:16:54,610][com.java.SeleniumDriver] [ 1136] - ?   P A S S   ?
[INFO ][2016-02-01 19:16:54,610][com.java.SeleniumDriver] [  856] - ------------------------------------------
[INFO ][2016-02-01 19:16:54,610][com.java.SeleniumDriver] [  857] - Test case being Executed: 6
[INFO ][2016-02-01 19:16:54,610][com.java.SeleniumDriver] [  869] - Test step:19
[INFO ][2016-02-01 19:16:54,610][com.java.SeleniumDriver] [  881] - Datavalue is----------null
[DEBUG][2016-02-01 19:16:54,610][com.java.SeleniumDriver] [  899] - Exception: null
[INFO ][2016-02-01 19:16:54,610][com.java.SeleniumDriver] [  905] - DataField : BTNparent
[INFO ][2016-02-01 19:16:54,610][com.java.SeleniumDriver] [  907] - DataValue : 
[INFO ][2016-02-01 19:16:54,610][com.java.SeleniumDriver] [  913] - <In Set values of the page>
[INFO ][2016-02-01 19:16:54,610][com.java.SeleniumDriver] [  916] - {Data Fields & Data Values Exist}
[INFO ][2016-02-01 19:16:54,610][com.java.SeleniumDriver] [  918] - --------------------------setting values-----------------------------
[INFO ][2016-02-01 19:16:54,611][com.java.SeleniumDriver] [  921] - Action Type : selectframe
[INFO ][2016-02-01 19:16:54,627][com.java.SeleniumDriver] [  930] -  RESULT true
[INFO ][2016-02-01 19:16:54,627][com.java.SeleniumDriver] [ 1136] - ?   P A S S   ?
[INFO ][2016-02-01 19:16:54,627][com.java.SeleniumDriver] [  856] - ------------------------------------------
[INFO ][2016-02-01 19:16:54,627][com.java.SeleniumDriver] [  857] - Test case being Executed: 6
[INFO ][2016-02-01 19:16:54,627][com.java.SeleniumDriver] [  869] - Test step:20
[INFO ][2016-02-01 19:16:54,628][com.java.SeleniumDriver] [  881] - Datavalue is----------null
[DEBUG][2016-02-01 19:16:54,628][com.java.SeleniumDriver] [  899] - Exception: null
[INFO ][2016-02-01 19:16:54,628][com.java.SeleniumDriver] [  905] - DataField : BTNcloseAllTabs
[INFO ][2016-02-01 19:16:54,628][com.java.SeleniumDriver] [  907] - DataValue : 
[INFO ][2016-02-01 19:16:54,628][com.java.SeleniumDriver] [  913] - <In Set values of the page>
[INFO ][2016-02-01 19:16:54,628][com.java.SeleniumDriver] [  916] - {Data Fields & Data Values Exist}
[INFO ][2016-02-01 19:16:54,628][com.java.SeleniumDriver] [  918] - --------------------------setting values-----------------------------
[INFO ][2016-02-01 19:16:54,628][com.java.SeleniumDriver] [  921] - Action Type : click
[INFO ][2016-02-01 19:16:54,628][com.java.TestType] [ 6935] - Field ::BTNcloseAllTabs
[INFO ][2016-02-01 19:16:54,628][com.java.TestType] [ 6556] - value = 
[INFO ][2016-02-01 19:16:55,629][com.java.TestType] [ 7087] - BEFORE CLICK
[INFO ][2016-02-01 19:16:57,303][com.java.TestType] [ 7094] - Unable to click the object click on closealltabs button
[INFO ][2016-02-01 19:16:57,303][com.java.SeleniumDriver] [  930] -  RESULT true
[INFO ][2016-02-01 19:16:57,303][com.java.SeleniumDriver] [ 1136] - ?   P A S S   ?
[INFO ][2016-02-01 19:16:57,303][com.java.SeleniumDriver] [  856] - ------------------------------------------
[INFO ][2016-02-01 19:16:57,303][com.java.SeleniumDriver] [  857] - Test case being Executed: 6
[INFO ][2016-02-01 19:16:57,303][com.java.SeleniumDriver] [  869] - Test step:21
[INFO ][2016-02-01 19:16:57,303][com.java.SeleniumDriver] [  881] - Datavalue is----------null
[DEBUG][2016-02-01 19:16:57,303][com.java.SeleniumDriver] [  899] - Exception: null
[INFO ][2016-02-01 19:16:57,303][com.java.SeleniumDriver] [  905] - DataField : //a[starts-with(normalize-space(.), 'Settings')]/span[2]&&//a[starts-with(normalize-space(.), 'Customize')]&&//li[@data-id='MyDashboard']/a[starts-with(text(), 'My Dashboard')]
[INFO ][2016-02-01 19:16:57,303][com.java.SeleniumDriver] [  907] - DataValue : 
[INFO ][2016-02-01 19:16:57,304][com.java.SeleniumDriver] [  913] - <In Set values of the page>
[INFO ][2016-02-01 19:16:57,304][com.java.SeleniumDriver] [  916] - {Data Fields & Data Values Exist}
[INFO ][2016-02-01 19:16:57,304][com.java.SeleniumDriver] [  918] - --------------------------setting values-----------------------------
[INFO ][2016-02-01 19:16:57,304][com.java.SeleniumDriver] [  921] - Action Type : MOUSEOVER
[INFO ][2016-02-01 19:17:42,184][com.java.SeleniumDriver] [  930] -  RESULT true
[INFO ][2016-02-01 19:17:42,185][com.java.SeleniumDriver] [ 1136] - ?   P A S S   ?
[INFO ][2016-02-01 19:17:42,185][com.java.SeleniumDriver] [  856] - ------------------------------------------
[INFO ][2016-02-01 19:17:42,185][com.java.SeleniumDriver] [  857] - Test case being Executed: 6
[INFO ][2016-02-01 19:17:42,185][com.java.SeleniumDriver] [  869] - Test step:22
[INFO ][2016-02-01 19:17:42,185][com.java.SeleniumDriver] [  881] - Datavalue is----------My Dashboard Indicators
[INFO ][2016-02-01 19:17:42,185][com.java.SeleniumDriver] [  905] - DataField : XPH//span[@class='ui-dialog-title']
[INFO ][2016-02-01 19:17:42,185][com.java.SeleniumDriver] [  907] - DataValue : My Dashboard Indicators
[INFO ][2016-02-01 19:17:42,185][com.java.SeleniumDriver] [  913] - <In Set values of the page>
[INFO ][2016-02-01 19:17:42,185][com.java.SeleniumDriver] [  916] - {Data Fields & Data Values Exist}
[INFO ][2016-02-01 19:17:42,185][com.java.SeleniumDriver] [  918] - --------------------------setting values-----------------------------
[INFO ][2016-02-01 19:17:42,185][com.java.SeleniumDriver] [  921] - Action Type : Verify
[INFO ][2016-02-01 19:17:42,185][com.java.TestType] [ 8158] - field= XPH//span[@class='ui-dialog-title'] value= My Dashboard Indicators
[INFO ][2016-02-01 19:17:42,186][com.java.TestType] [ 6556] - value = My Dashboard Indicators
[INFO ][2016-02-01 19:17:42,350][com.java.SeleniumDriver] [  930] -  RESULT true
[INFO ][2016-02-01 19:17:42,350][com.java.SeleniumDriver] [ 1136] - ?   P A S S   ?
[INFO ][2016-02-01 19:17:42,350][com.java.SeleniumDriver] [  856] - ------------------------------------------
[INFO ][2016-02-01 19:17:42,350][com.java.SeleniumDriver] [  857] - Test case being Executed: 6
[INFO ][2016-02-01 19:17:42,351][com.java.SeleniumDriver] [  869] - Test step:23
[INFO ][2016-02-01 19:17:42,351][com.java.SeleniumDriver] [  881] - Datavalue is----------null
[DEBUG][2016-02-01 19:17:42,351][com.java.SeleniumDriver] [  899] - Exception: null
[INFO ][2016-02-01 19:17:42,351][com.java.SeleniumDriver] [  905] - DataField : BTNframeDialogContent
[INFO ][2016-02-01 19:17:42,351][com.java.SeleniumDriver] [  907] - DataValue : 
[INFO ][2016-02-01 19:17:42,351][com.java.SeleniumDriver] [  913] - <In Set values of the page>
[INFO ][2016-02-01 19:17:42,351][com.java.SeleniumDriver] [  916] - {Data Fields & Data Values Exist}
[INFO ][2016-02-01 19:17:42,351][com.java.SeleniumDriver] [  918] - --------------------------setting values-----------------------------
[INFO ][2016-02-01 19:17:42,351][com.java.SeleniumDriver] [  921] - Action Type : selectframe
[INFO ][2016-02-01 19:17:43,712][com.java.SeleniumDriver] [  930] -  RESULT true
[INFO ][2016-02-01 19:17:43,712][com.java.SeleniumDriver] [ 1136] - ?   P A S S   ?
[INFO ][2016-02-01 19:17:43,712][com.java.SeleniumDriver] [  856] - ------------------------------------------
[INFO ][2016-02-01 19:17:43,712][com.java.SeleniumDriver] [  857] - Test case being Executed: 6
[INFO ][2016-02-01 19:17:43,712][com.java.SeleniumDriver] [  869] - Test step:24
[INFO ][2016-02-01 19:17:43,712][com.java.SeleniumDriver] [  881] - Datavalue is----------null
[DEBUG][2016-02-01 19:17:43,712][com.java.SeleniumDriver] [  899] - Exception: null
[INFO ][2016-02-01 19:17:43,712][com.java.SeleniumDriver] [  905] - DataField : BTNbtnAddNew
[INFO ][2016-02-01 19:17:43,713][com.java.SeleniumDriver] [  907] - DataValue : 
[INFO ][2016-02-01 19:17:43,713][com.java.SeleniumDriver] [  913] - <In Set values of the page>
[INFO ][2016-02-01 19:17:43,713][com.java.SeleniumDriver] [  916] - {Data Fields & Data Values Exist}
[INFO ][2016-02-01 19:17:43,713][com.java.SeleniumDriver] [  918] - --------------------------setting values-----------------------------
[INFO ][2016-02-01 19:17:43,713][com.java.SeleniumDriver] [  921] - Action Type : click
[INFO ][2016-02-01 19:17:43,713][com.java.TestType] [ 6935] - Field ::BTNbtnAddNew
[INFO ][2016-02-01 19:17:43,713][com.java.TestType] [ 6556] - value = 
[INFO ][2016-02-01 19:17:44,713][com.java.TestType] [ 7087] - BEFORE CLICK
[INFO ][2016-02-01 19:17:47,606][com.java.TestType] [ 7094] - Unable to click the object Click on Addnewindicator button
[INFO ][2016-02-01 19:17:47,606][com.java.SeleniumDriver] [  930] -  RESULT true
[INFO ][2016-02-01 19:17:47,608][com.java.SeleniumDriver] [ 1136] - ?   P A S S   ?
[INFO ][2016-02-01 19:17:47,608][com.java.SeleniumDriver] [  856] - ------------------------------------------
[INFO ][2016-02-01 19:17:47,608][com.java.SeleniumDriver] [  857] - Test case being Executed: 6
[INFO ][2016-02-01 19:17:47,608][com.java.SeleniumDriver] [  869] - Test step:25
[INFO ][2016-02-01 19:17:47,608][com.java.SeleniumDriver] [  881] - Datavalue is----------5
[INFO ][2016-02-01 19:17:47,608][com.java.SeleniumDriver] [  905] - DataField : BTNIndicator
[INFO ][2016-02-01 19:17:47,608][com.java.SeleniumDriver] [  907] - DataValue : 5
[INFO ][2016-02-01 19:17:47,608][com.java.SeleniumDriver] [  913] - <In Set values of the page>
[INFO ][2016-02-01 19:17:47,608][com.java.SeleniumDriver] [  916] - {Data Fields & Data Values Exist}
[INFO ][2016-02-01 19:17:47,608][com.java.SeleniumDriver] [  918] - --------------------------setting values-----------------------------
[INFO ][2016-02-01 19:17:47,608][com.java.SeleniumDriver] [  921] - Action Type : waitforelement
[INFO ][2016-02-01 19:17:48,684][com.java.SeleniumDriver] [  930] -  RESULT true
[INFO ][2016-02-01 19:17:48,685][com.java.SeleniumDriver] [ 1136] - ?   P A S S   ?
[INFO ][2016-02-01 19:17:48,685][com.java.SeleniumDriver] [  856] - ------------------------------------------
[INFO ][2016-02-01 19:17:48,685][com.java.SeleniumDriver] [  857] - Test case being Executed: 6
[INFO ][2016-02-01 19:17:48,685][com.java.SeleniumDriver] [  869] - Test step:26
[INFO ][2016-02-01 19:17:48,685][com.java.SeleniumDriver] [  881] - Datavalue is----------null
[DEBUG][2016-02-01 19:17:48,685][com.java.SeleniumDriver] [  899] - Exception: null
[INFO ][2016-02-01 19:17:48,685][com.java.SeleniumDriver] [  905] - DataField : HDN//td[@class='dlg_Info']/label[3]/input
[INFO ][2016-02-01 19:17:48,685][com.java.SeleniumDriver] [  907] - DataValue : 
[INFO ][2016-02-01 19:17:48,685][com.java.SeleniumDriver] [  913] - <In Set values of the page>
[INFO ][2016-02-01 19:17:48,685][com.java.SeleniumDriver] [  916] - {Data Fields & Data Values Exist}
[INFO ][2016-02-01 19:17:48,685][com.java.SeleniumDriver] [  918] - --------------------------setting values-----------------------------
[INFO ][2016-02-01 19:17:48,685][com.java.SeleniumDriver] [  921] - Action Type : click
[INFO ][2016-02-01 19:17:48,685][com.java.TestType] [ 6935] - Field ::HDN//td[@class='dlg_Info']/label[3]/input
[INFO ][2016-02-01 19:17:48,685][com.java.TestType] [ 6556] - value = 
[INFO ][2016-02-01 19:17:50,761][com.java.SeleniumDriver] [  930] -  RESULT true
[INFO ][2016-02-01 19:17:50,761][com.java.SeleniumDriver] [ 1136] - ?   P A S S   ?
[INFO ][2016-02-01 19:17:50,761][com.java.SeleniumDriver] [  856] - ------------------------------------------
[INFO ][2016-02-01 19:17:50,761][com.java.SeleniumDriver] [  857] - Test case being Executed: 6
[INFO ][2016-02-01 19:17:50,761][com.java.SeleniumDriver] [  869] - Test step:27
[INFO ][2016-02-01 19:17:50,761][com.java.SeleniumDriver] [  881] - Datavalue is----------10
[INFO ][2016-02-01 19:17:50,762][com.java.SeleniumDriver] [  905] - DataField : null
[INFO ][2016-02-01 19:17:50,762][com.java.SeleniumDriver] [  907] - DataValue : 10
[INFO ][2016-02-01 19:17:50,762][com.java.SeleniumDriver] [  913] - <In Set values of the page>
[INFO ][2016-02-01 19:17:50,762][com.java.SeleniumDriver] [  916] - {Data Fields & Data Values Exist}
[INFO ][2016-02-01 19:17:50,762][com.java.SeleniumDriver] [  918] - --------------------------setting values-----------------------------
[INFO ][2016-02-01 19:17:50,762][com.java.SeleniumDriver] [  921] - Action Type : waittime
[DEBUG][2016-02-01 19:17:50,762][com.java.TestType] [ 6370] - sleepTime: 10000
[INFO ][2016-02-01 19:18:00,764][com.java.SeleniumDriver] [  930] -  RESULT true
[INFO ][2016-02-01 19:18:00,764][com.java.SeleniumDriver] [ 1136] - ?   P A S S   ?
[INFO ][2016-02-01 19:18:00,764][com.java.SeleniumDriver] [  856] - ------------------------------------------
[INFO ][2016-02-01 19:18:00,764][com.java.SeleniumDriver] [  857] - Test case being Executed: 6
[INFO ][2016-02-01 19:18:00,764][com.java.SeleniumDriver] [  869] - Test step:28
[INFO ][2016-02-01 19:18:00,764][com.java.SeleniumDriver] [  881] - Datavalue is----------HMVcalname
[INFO ][2016-02-01 19:18:00,764][com.java.SeleniumDriver] [  905] - DataField : FCV//a
[INFO ][2016-02-01 19:18:00,764][com.java.SeleniumDriver] [  907] - DataValue : HMVcalname
[INFO ][2016-02-01 19:18:00,764][com.java.SeleniumDriver] [  913] - <In Set values of the page>
[INFO ][2016-02-01 19:18:00,764][com.java.SeleniumDriver] [  916] - {Data Fields & Data Values Exist}
[INFO ][2016-02-01 19:18:00,764][com.java.SeleniumDriver] [  918] - --------------------------setting values-----------------------------
[INFO ][2016-02-01 19:18:00,764][com.java.SeleniumDriver] [  921] - Action Type : click
[INFO ][2016-02-01 19:18:00,764][com.java.TestType] [ 6935] - Field ::FCV//a
[INFO ][2016-02-01 19:18:00,765][com.java.TestType] [ 6556] - value = #_CALVLTest32532
[INFO ][2016-02-01 19:18:01,765][com.java.TestType] [ 6954] - BEFORE CLICK on //a[contains(text(),'#_CALVLTest32532')]
[DEBUG][2016-02-01 19:18:01,768][com.java.TestType] [ 7939] - For SELECT action type the data field should be TXT
[INFO ][2016-02-01 19:18:01,993][com.java.SeleniumDriver] [  930] -  RESULT true
[INFO ][2016-02-01 19:18:01,993][com.java.SeleniumDriver] [ 1136] - ?   P A S S   ?
[INFO ][2016-02-01 19:18:01,993][com.java.SeleniumDriver] [  856] - ------------------------------------------
[INFO ][2016-02-01 19:18:01,993][com.java.SeleniumDriver] [  857] - Test case being Executed: 6
[INFO ][2016-02-01 19:18:01,993][com.java.SeleniumDriver] [  869] - Test step:29
[INFO ][2016-02-01 19:18:01,993][com.java.SeleniumDriver] [  881] - Datavalue is----------5
[INFO ][2016-02-01 19:18:01,993][com.java.SeleniumDriver] [  905] - DataField : null
[INFO ][2016-02-01 19:18:01,993][com.java.SeleniumDriver] [  907] - DataValue : 5
[INFO ][2016-02-01 19:18:01,993][com.java.SeleniumDriver] [  913] - <In Set values of the page>
[INFO ][2016-02-01 19:18:01,993][com.java.SeleniumDriver] [  916] - {Data Fields & Data Values Exist}
[INFO ][2016-02-01 19:18:01,993][com.java.SeleniumDriver] [  918] - --------------------------setting values-----------------------------
[INFO ][2016-02-01 19:18:01,994][com.java.SeleniumDriver] [  921] - Action Type : waittime
[DEBUG][2016-02-01 19:18:01,994][com.java.TestType] [ 6370] - sleepTime: 5000
[INFO ][2016-02-01 19:18:06,995][com.java.SeleniumDriver] [  930] -  RESULT true
[INFO ][2016-02-01 19:18:06,995][com.java.SeleniumDriver] [ 1136] - ?   P A S S   ?
[INFO ][2016-02-01 19:18:06,995][com.java.SeleniumDriver] [  856] - ------------------------------------------
[INFO ][2016-02-01 19:18:06,995][com.java.SeleniumDriver] [  857] - Test case being Executed: 6
[INFO ][2016-02-01 19:18:06,995][com.java.SeleniumDriver] [  869] - Test step:30
[INFO ][2016-02-01 19:18:06,995][com.java.SeleniumDriver] [  881] - Datavalue is----------null
[DEBUG][2016-02-01 19:18:06,995][com.java.SeleniumDriver] [  899] - Exception: null
[INFO ][2016-02-01 19:18:06,995][com.java.SeleniumDriver] [  905] - DataField : BTNbtnNext
[INFO ][2016-02-01 19:18:06,995][com.java.SeleniumDriver] [  907] - DataValue : 
[INFO ][2016-02-01 19:18:06,995][com.java.SeleniumDriver] [  913] - <In Set values of the page>
[INFO ][2016-02-01 19:18:06,995][com.java.SeleniumDriver] [  916] - {Data Fields & Data Values Exist}
[INFO ][2016-02-01 19:18:06,995][com.java.SeleniumDriver] [  918] - --------------------------setting values-----------------------------
[INFO ][2016-02-01 19:18:06,996][com.java.SeleniumDriver] [  921] - Action Type : click
[INFO ][2016-02-01 19:18:06,996][com.java.TestType] [ 6935] - Field ::BTNbtnNext
[INFO ][2016-02-01 19:18:06,996][com.java.TestType] [ 6556] - value = 
[INFO ][2016-02-01 19:18:07,996][com.java.TestType] [ 7087] - BEFORE CLICK
[INFO ][2016-02-01 19:18:09,302][com.java.TestType] [ 7094] - Unable to click the object click on next button
[INFO ][2016-02-01 19:18:09,302][com.java.SeleniumDriver] [  930] -  RESULT true
[INFO ][2016-02-01 19:18:09,302][com.java.SeleniumDriver] [ 1136] - ?   P A S S   ?
[INFO ][2016-02-01 19:18:09,302][com.java.SeleniumDriver] [  856] - ------------------------------------------
[INFO ][2016-02-01 19:18:09,302][com.java.SeleniumDriver] [  857] - Test case being Executed: 6
[INFO ][2016-02-01 19:18:09,302][com.java.SeleniumDriver] [  869] - Test step:31
[INFO ][2016-02-01 19:18:09,302][com.java.SeleniumDriver] [  881] - Datavalue is----------5
[INFO ][2016-02-01 19:18:09,303][com.java.SeleniumDriver] [  905] - DataField : BTNGreenValue
[INFO ][2016-02-01 19:18:09,303][com.java.SeleniumDriver] [  907] - DataValue : 5
[INFO ][2016-02-01 19:18:09,303][com.java.SeleniumDriver] [  913] - <In Set values of the page>
[INFO ][2016-02-01 19:18:09,303][com.java.SeleniumDriver] [  916] - {Data Fields & Data Values Exist}
[INFO ][2016-02-01 19:18:09,303][com.java.SeleniumDriver] [  918] - --------------------------setting values-----------------------------
[INFO ][2016-02-01 19:18:09,303][com.java.SeleniumDriver] [  921] - Action Type : waitforelement
[INFO ][2016-02-01 19:18:10,383][com.java.SeleniumDriver] [  930] -  RESULT true
[INFO ][2016-02-01 19:18:10,383][com.java.SeleniumDriver] [ 1136] - ?   P A S S   ?
[INFO ][2016-02-01 19:18:10,383][com.java.SeleniumDriver] [  856] - ------------------------------------------
[INFO ][2016-02-01 19:18:10,383][com.java.SeleniumDriver] [  857] - Test case being Executed: 6
[INFO ][2016-02-01 19:18:10,383][com.java.SeleniumDriver] [  869] - Test step:32
[INFO ][2016-02-01 19:18:10,384][com.java.SeleniumDriver] [  881] - Datavalue is----------Less Than
[INFO ][2016-02-01 19:18:10,384][com.java.SeleniumDriver] [  905] - DataField : SLBRedCompare
[INFO ][2016-02-01 19:18:10,384][com.java.SeleniumDriver] [  907] - DataValue : Less Than
[INFO ][2016-02-01 19:18:10,384][com.java.SeleniumDriver] [  913] - <In Set values of the page>
[INFO ][2016-02-01 19:18:10,384][com.java.SeleniumDriver] [  916] - {Data Fields & Data Values Exist}
[INFO ][2016-02-01 19:18:10,384][com.java.SeleniumDriver] [  918] - --------------------------setting values-----------------------------
[INFO ][2016-02-01 19:18:10,384][com.java.SeleniumDriver] [  921] - Action Type : select
[INFO ][2016-02-01 19:18:10,384][com.java.TestType] [ 6556] - value = Less Than
[INFO ][2016-02-01 19:18:12,731][com.java.SeleniumDriver] [  930] -  RESULT true
[INFO ][2016-02-01 19:18:12,731][com.java.SeleniumDriver] [ 1136] - ?   P A S S   ?
[INFO ][2016-02-01 19:18:12,731][com.java.SeleniumDriver] [  856] - ------------------------------------------
[INFO ][2016-02-01 19:18:12,731][com.java.SeleniumDriver] [  857] - Test case being Executed: 6
[INFO ][2016-02-01 19:18:12,731][com.java.SeleniumDriver] [  869] - Test step:33
[INFO ][2016-02-01 19:18:12,731][com.java.SeleniumDriver] [  881] - Datavalue is----------100000000
[INFO ][2016-02-01 19:18:12,731][com.java.SeleniumDriver] [  905] - DataField : BTNRedValue
[INFO ][2016-02-01 19:18:12,732][com.java.SeleniumDriver] [  907] - DataValue : 100000000
[INFO ][2016-02-01 19:18:12,732][com.java.SeleniumDriver] [  913] - <In Set values of the page>
[INFO ][2016-02-01 19:18:12,732][com.java.SeleniumDriver] [  916] - {Data Fields & Data Values Exist}
[INFO ][2016-02-01 19:18:12,732][com.java.SeleniumDriver] [  918] - --------------------------setting values-----------------------------
[INFO ][2016-02-01 19:18:12,732][com.java.SeleniumDriver] [  921] - Action Type : clearandenter
[INFO ][2016-02-01 19:18:13,893][com.java.TestType] [ 6556] - value = 100000000
[INFO ][2016-02-01 19:18:15,085][com.java.SeleniumDriver] [  930] -  RESULT true
[INFO ][2016-02-01 19:18:15,085][com.java.SeleniumDriver] [ 1136] - ?   P A S S   ?
[INFO ][2016-02-01 19:18:15,085][com.java.SeleniumDriver] [  856] - ------------------------------------------
[INFO ][2016-02-01 19:18:15,085][com.java.SeleniumDriver] [  857] - Test case being Executed: 6
[INFO ][2016-02-01 19:18:15,085][com.java.SeleniumDriver] [  869] - Test step:34
[INFO ][2016-02-01 19:18:15,085][com.java.SeleniumDriver] [  881] - Datavalue is----------null
[DEBUG][2016-02-01 19:18:15,085][com.java.SeleniumDriver] [  899] - Exception: null
[INFO ][2016-02-01 19:18:15,085][com.java.SeleniumDriver] [  905] - DataField : BTNparent
[INFO ][2016-02-01 19:18:15,085][com.java.SeleniumDriver] [  907] - DataValue : 
[INFO ][2016-02-01 19:18:15,086][com.java.SeleniumDriver] [  913] - <In Set values of the page>
[INFO ][2016-02-01 19:18:15,086][com.java.SeleniumDriver] [  916] - {Data Fields & Data Values Exist}
[INFO ][2016-02-01 19:18:15,086][com.java.SeleniumDriver] [  918] - --------------------------setting values-----------------------------
[INFO ][2016-02-01 19:18:15,086][com.java.SeleniumDriver] [  921] - Action Type : selectframe
[INFO ][2016-02-01 19:18:15,101][com.java.SeleniumDriver] [  930] -  RESULT true
[INFO ][2016-02-01 19:18:15,101][com.java.SeleniumDriver] [ 1136] - ?   P A S S   ?
[INFO ][2016-02-01 19:18:15,101][com.java.SeleniumDriver] [  856] - ------------------------------------------
[INFO ][2016-02-01 19:18:15,101][com.java.SeleniumDriver] [  857] - Test case being Executed: 6
[INFO ][2016-02-01 19:18:15,101][com.java.SeleniumDriver] [  869] - Test step:35
[INFO ][2016-02-01 19:18:15,102][com.java.SeleniumDriver] [  881] - Datavalue is----------null
[DEBUG][2016-02-01 19:18:15,102][com.java.SeleniumDriver] [  899] - Exception: null
[INFO ][2016-02-01 19:18:15,102][com.java.SeleniumDriver] [  905] - DataField : HDN//span[contains(text(),'Finished')]
[INFO ][2016-02-01 19:18:15,102][com.java.SeleniumDriver] [  907] - DataValue : 
[INFO ][2016-02-01 19:18:15,102][com.java.SeleniumDriver] [  913] - <In Set values of the page>
[INFO ][2016-02-01 19:18:15,102][com.java.SeleniumDriver] [  916] - {Data Fields & Data Values Exist}
[INFO ][2016-02-01 19:18:15,102][com.java.SeleniumDriver] [  918] - --------------------------setting values-----------------------------
[INFO ][2016-02-01 19:18:15,104][com.java.SeleniumDriver] [  921] - Action Type : click
[INFO ][2016-02-01 19:18:15,104][com.java.TestType] [ 6935] - Field ::HDN//span[contains(text(),'Finished')]
[INFO ][2016-02-01 19:18:15,104][com.java.TestType] [ 6556] - value = 
[INFO ][2016-02-01 19:18:16,290][com.java.SeleniumDriver] [  930] -  RESULT true
[INFO ][2016-02-01 19:18:16,291][com.java.SeleniumDriver] [ 1136] - ?   P A S S   ?
[INFO ][2016-02-01 19:18:16,291][com.java.SeleniumDriver] [  856] - ------------------------------------------
[INFO ][2016-02-01 19:18:16,291][com.java.SeleniumDriver] [  857] - Test case being Executed: 6
[INFO ][2016-02-01 19:18:16,291][com.java.SeleniumDriver] [  869] - Test step:36
[INFO ][2016-02-01 19:18:16,291][com.java.SeleniumDriver] [  881] - Datavalue is----------3
[INFO ][2016-02-01 19:18:16,291][com.java.SeleniumDriver] [  905] - DataField : null
[INFO ][2016-02-01 19:18:16,291][com.java.SeleniumDriver] [  907] - DataValue : 3
[INFO ][2016-02-01 19:18:16,291][com.java.SeleniumDriver] [  913] - <In Set values of the page>
[INFO ][2016-02-01 19:18:16,291][com.java.SeleniumDriver] [  916] - {Data Fields & Data Values Exist}
[INFO ][2016-02-01 19:18:16,291][com.java.SeleniumDriver] [  918] - --------------------------setting values-----------------------------
[INFO ][2016-02-01 19:18:16,291][com.java.SeleniumDriver] [  921] - Action Type : waittime
[DEBUG][2016-02-01 19:18:16,291][com.java.TestType] [ 6370] - sleepTime: 3000
[INFO ][2016-02-01 19:18:19,291][com.java.SeleniumDriver] [  930] -  RESULT true
[INFO ][2016-02-01 19:18:19,291][com.java.SeleniumDriver] [ 1136] - ?   P A S S   ?
[INFO ][2016-02-01 19:18:19,291][com.java.SeleniumDriver] [  856] - ------------------------------------------
[INFO ][2016-02-01 19:18:19,291][com.java.SeleniumDriver] [  857] - Test case being Executed: 6
[INFO ][2016-02-01 19:18:19,291][com.java.SeleniumDriver] [  869] - Test step:37
[INFO ][2016-02-01 19:18:19,291][com.java.SeleniumDriver] [  881] - Datavalue is----------null
[DEBUG][2016-02-01 19:18:19,291][com.java.SeleniumDriver] [  899] - Exception: null
[INFO ][2016-02-01 19:18:19,291][com.java.SeleniumDriver] [  905] - DataField : HDN//span[contains(text(),'Finished')]
[INFO ][2016-02-01 19:18:19,291][com.java.SeleniumDriver] [  907] - DataValue : 
[INFO ][2016-02-01 19:18:19,291][com.java.SeleniumDriver] [  913] - <In Set values of the page>
[INFO ][2016-02-01 19:18:19,291][com.java.SeleniumDriver] [  916] - {Data Fields & Data Values Exist}
[INFO ][2016-02-01 19:18:19,291][com.java.SeleniumDriver] [  918] - --------------------------setting values-----------------------------
[INFO ][2016-02-01 19:18:19,292][com.java.SeleniumDriver] [  921] - Action Type : click
[INFO ][2016-02-01 19:18:19,292][com.java.TestType] [ 6935] - Field ::HDN//span[contains(text(),'Finished')]
[INFO ][2016-02-01 19:18:19,292][com.java.TestType] [ 6556] - value = 
[INFO ][2016-02-01 19:18:20,438][com.java.SeleniumDriver] [  930] -  RESULT true
[INFO ][2016-02-01 19:18:20,438][com.java.SeleniumDriver] [ 1136] - ?   P A S S   ?
[INFO ][2016-02-01 19:18:20,438][com.java.SeleniumDriver] [  856] - ------------------------------------------
[INFO ][2016-02-01 19:18:20,438][com.java.SeleniumDriver] [  857] - Test case being Executed: 6
[INFO ][2016-02-01 19:18:20,438][com.java.SeleniumDriver] [  869] - Test step:38
[INFO ][2016-02-01 19:18:20,438][com.java.SeleniumDriver] [  881] - Datavalue is----------10
[INFO ][2016-02-01 19:18:20,438][com.java.SeleniumDriver] [  905] - DataField : null
[INFO ][2016-02-01 19:18:20,438][com.java.SeleniumDriver] [  907] - DataValue : 10
[INFO ][2016-02-01 19:18:20,438][com.java.SeleniumDriver] [  913] - <In Set values of the page>
[INFO ][2016-02-01 19:18:20,438][com.java.SeleniumDriver] [  916] - {Data Fields & Data Values Exist}
[INFO ][2016-02-01 19:18:20,439][com.java.SeleniumDriver] [  918] - --------------------------setting values-----------------------------
[INFO ][2016-02-01 19:18:20,439][com.java.SeleniumDriver] [  921] - Action Type : waittime
[DEBUG][2016-02-01 19:18:20,439][com.java.TestType] [ 6370] - sleepTime: 10000
[INFO ][2016-02-01 19:18:30,440][com.java.SeleniumDriver] [  930] -  RESULT true
[INFO ][2016-02-01 19:18:30,440][com.java.SeleniumDriver] [ 1136] - ?   P A S S   ?
[INFO ][2016-02-01 19:18:30,440][com.java.SeleniumDriver] [  856] - ------------------------------------------
[INFO ][2016-02-01 19:18:30,440][com.java.SeleniumDriver] [  857] - Test case being Executed: 6
[INFO ][2016-02-01 19:18:30,440][com.java.SeleniumDriver] [  869] - Test step:39
[INFO ][2016-02-01 19:18:30,440][com.java.SeleniumDriver] [  881] - Datavalue is----------5
[INFO ][2016-02-01 19:18:30,440][com.java.SeleniumDriver] [  905] - DataField : DSP//div[@id='WidgetBodyPanel.0']//table//tr/td
[INFO ][2016-02-01 19:18:30,440][com.java.SeleniumDriver] [  907] - DataValue : 5
[INFO ][2016-02-01 19:18:30,440][com.java.SeleniumDriver] [  913] - <In Set values of the page>
[INFO ][2016-02-01 19:18:30,440][com.java.SeleniumDriver] [  916] - {Data Fields & Data Values Exist}
[INFO ][2016-02-01 19:18:30,440][com.java.SeleniumDriver] [  918] - --------------------------setting values-----------------------------
[INFO ][2016-02-01 19:18:30,440][com.java.SeleniumDriver] [  921] - Action Type : waitforelement
[INFO ][2016-02-01 19:18:30,621][com.java.SeleniumDriver] [  930] -  RESULT true
[INFO ][2016-02-01 19:18:30,621][com.java.SeleniumDriver] [ 1136] - ?   P A S S   ?
[INFO ][2016-02-01 19:18:30,621][com.java.SeleniumDriver] [  856] - ------------------------------------------
[INFO ][2016-02-01 19:18:30,621][com.java.SeleniumDriver] [  857] - Test case being Executed: 6
[INFO ][2016-02-01 19:18:30,621][com.java.SeleniumDriver] [  869] - Test step:40
[INFO ][2016-02-01 19:18:30,621][com.java.SeleniumDriver] [  881] - Datavalue is----------calname::red
[INFO ][2016-02-01 19:18:30,621][com.java.SeleniumDriver] [  905] - DataField : NIM//td[contains(text(),'mytext')]/following::td[2]
[INFO ][2016-02-01 19:18:30,623][com.java.SeleniumDriver] [  907] - DataValue : calname::red
[INFO ][2016-02-01 19:18:30,623][com.java.SeleniumDriver] [  913] - <In Set values of the page>
[INFO ][2016-02-01 19:18:30,623][com.java.SeleniumDriver] [  916] - {Data Fields & Data Values Exist}
[INFO ][2016-02-01 19:18:30,623][com.java.SeleniumDriver] [  918] - --------------------------setting values-----------------------------
[INFO ][2016-02-01 19:18:30,623][com.java.SeleniumDriver] [  921] - Action Type : verify
[INFO ][2016-02-01 19:18:30,623][com.java.TestType] [ 8158] - field= NIM//td[contains(text(),'mytext')]/following::td[2] value= calname::red
[INFO ][2016-02-01 19:18:30,623][com.java.TestType] [ 6556] - value = calname::red
[INFO ][2016-02-01 19:18:30,727][com.java.SeleniumDriver] [  930] -  RESULT true
[INFO ][2016-02-01 19:18:30,727][com.java.SeleniumDriver] [ 1136] - ?   P A S S   ?
[INFO ][2016-02-01 19:18:30,727][com.java.SeleniumDriver] [  856] - ------------------------------------------
[INFO ][2016-02-01 19:18:30,727][com.java.SeleniumDriver] [  857] - Test case being Executed: 6
[INFO ][2016-02-01 19:18:30,728][com.java.SeleniumDriver] [  869] - Test step:41
[INFO ][2016-02-01 19:18:30,728][com.java.SeleniumDriver] [  881] - Datavalue is----------null
[DEBUG][2016-02-01 19:18:30,728][com.java.SeleniumDriver] [  899] - Exception: null
[INFO ][2016-02-01 19:18:30,728][com.java.SeleniumDriver] [  905] - DataField : //a[starts-with(normalize-space(.), 'Settings')]/span[2]&&//a[starts-with(normalize-space(.), 'Customize')]&&//li[@data-id='MyDashboard']/a[starts-with(text(), 'My Dashboard')]
[INFO ][2016-02-01 19:18:30,728][com.java.SeleniumDriver] [  907] - DataValue : 
[INFO ][2016-02-01 19:18:30,728][com.java.SeleniumDriver] [  913] - <In Set values of the page>
[INFO ][2016-02-01 19:18:30,728][com.java.SeleniumDriver] [  916] - {Data Fields & Data Values Exist}
[INFO ][2016-02-01 19:18:30,728][com.java.SeleniumDriver] [  918] - --------------------------setting values-----------------------------
[INFO ][2016-02-01 19:18:30,728][com.java.SeleniumDriver] [  921] - Action Type : MOUSEOVER
[INFO ][2016-02-01 19:19:15,832][com.java.SeleniumDriver] [  930] -  RESULT true
[INFO ][2016-02-01 19:19:15,833][com.java.SeleniumDriver] [ 1136] - ?   P A S S   ?
[INFO ][2016-02-01 19:19:15,833][com.java.SeleniumDriver] [  856] - ------------------------------------------
[INFO ][2016-02-01 19:19:15,833][com.java.SeleniumDriver] [  857] - Test case being Executed: 6
[INFO ][2016-02-01 19:19:15,833][com.java.SeleniumDriver] [  869] - Test step:42
[INFO ][2016-02-01 19:19:15,833][com.java.SeleniumDriver] [  881] - Datavalue is----------My Dashboard Indicators
[INFO ][2016-02-01 19:19:15,833][com.java.SeleniumDriver] [  905] - DataField : XPH//span[@class='ui-dialog-title']
[INFO ][2016-02-01 19:19:15,833][com.java.SeleniumDriver] [  907] - DataValue : My Dashboard Indicators
[INFO ][2016-02-01 19:19:15,833][com.java.SeleniumDriver] [  913] - <In Set values of the page>
[INFO ][2016-02-01 19:19:15,833][com.java.SeleniumDriver] [  916] - {Data Fields & Data Values Exist}
[INFO ][2016-02-01 19:19:15,833][com.java.SeleniumDriver] [  918] - --------------------------setting values-----------------------------
[INFO ][2016-02-01 19:19:15,833][com.java.SeleniumDriver] [  921] - Action Type : Verify
[INFO ][2016-02-01 19:19:15,833][com.java.TestType] [ 8158] - field= XPH//span[@class='ui-dialog-title'] value= My Dashboard Indicators
[INFO ][2016-02-01 19:19:15,833][com.java.TestType] [ 6556] - value = My Dashboard Indicators
[INFO ][2016-02-01 19:19:15,999][com.java.SeleniumDriver] [  930] -  RESULT true
[INFO ][2016-02-01 19:19:15,999][com.java.SeleniumDriver] [ 1136] - ?   P A S S   ?
[INFO ][2016-02-01 19:19:15,999][com.java.SeleniumDriver] [  856] - ------------------------------------------
[INFO ][2016-02-01 19:19:15,999][com.java.SeleniumDriver] [  857] - Test case being Executed: 6
[INFO ][2016-02-01 19:19:15,999][com.java.SeleniumDriver] [  869] - Test step:43
[INFO ][2016-02-01 19:19:15,999][com.java.SeleniumDriver] [  881] - Datavalue is----------null
[DEBUG][2016-02-01 19:19:15,999][com.java.SeleniumDriver] [  899] - Exception: null
[INFO ][2016-02-01 19:19:15,999][com.java.SeleniumDriver] [  905] - DataField : BTNframeDialogContent
[INFO ][2016-02-01 19:19:16,000][com.java.SeleniumDriver] [  907] - DataValue : 
[INFO ][2016-02-01 19:19:16,000][com.java.SeleniumDriver] [  913] - <In Set values of the page>
[INFO ][2016-02-01 19:19:16,000][com.java.SeleniumDriver] [  916] - {Data Fields & Data Values Exist}
[INFO ][2016-02-01 19:19:16,000][com.java.SeleniumDriver] [  918] - --------------------------setting values-----------------------------
[INFO ][2016-02-01 19:19:16,000][com.java.SeleniumDriver] [  921] - Action Type : selectframe
[INFO ][2016-02-01 19:19:17,361][com.java.SeleniumDriver] [  930] -  RESULT true
[INFO ][2016-02-01 19:19:17,361][com.java.SeleniumDriver] [ 1136] - ?   P A S S   ?
[INFO ][2016-02-01 19:19:17,361][com.java.SeleniumDriver] [  856] - ------------------------------------------
[INFO ][2016-02-01 19:19:17,361][com.java.SeleniumDriver] [  857] - Test case being Executed: 6
[INFO ][2016-02-01 19:19:17,361][com.java.SeleniumDriver] [  869] - Test step:44
[INFO ][2016-02-01 19:19:17,361][com.java.SeleniumDriver] [  881] - Datavalue is----------calname
[INFO ][2016-02-01 19:19:17,361][com.java.SeleniumDriver] [  905] - DataField : HDC//td[contains(text(),'mytext')]/following-sibling::td[7]/span[2]
[INFO ][2016-02-01 19:19:17,361][com.java.SeleniumDriver] [  907] - DataValue : calname
[INFO ][2016-02-01 19:19:17,361][com.java.SeleniumDriver] [  913] - <In Set values of the page>
[INFO ][2016-02-01 19:19:17,361][com.java.SeleniumDriver] [  916] - {Data Fields & Data Values Exist}
[INFO ][2016-02-01 19:19:17,361][com.java.SeleniumDriver] [  918] - --------------------------setting values-----------------------------
[INFO ][2016-02-01 19:19:17,362][com.java.SeleniumDriver] [  921] - Action Type : click
[INFO ][2016-02-01 19:19:17,362][com.java.TestType] [ 6935] - Field ::HDC//td[contains(text(),'mytext')]/following-sibling::td[7]/span[2]
[INFO ][2016-02-01 19:19:17,362][com.java.TestType] [ 6556] - value = calname
[INFO ][2016-02-01 19:19:30,544][com.java.SeleniumDriver] [  930] -  RESULT true
[INFO ][2016-02-01 19:19:30,544][com.java.SeleniumDriver] [ 1136] - ?   P A S S   ?
[INFO ][2016-02-01 19:19:30,544][com.java.SeleniumDriver] [  856] - ------------------------------------------
[INFO ][2016-02-01 19:19:30,544][com.java.SeleniumDriver] [  857] - Test case being Executed: 6
[INFO ][2016-02-01 19:19:30,544][com.java.SeleniumDriver] [  869] - Test step:45
[INFO ][2016-02-01 19:19:30,544][com.java.SeleniumDriver] [  881] - Datavalue is----------null
[DEBUG][2016-02-01 19:19:30,544][com.java.SeleniumDriver] [  899] - Exception: null
[INFO ][2016-02-01 19:19:30,544][com.java.SeleniumDriver] [  905] - DataField : HDN//td[@class='dlg_Info']/label[3]/input
[INFO ][2016-02-01 19:19:30,544][com.java.SeleniumDriver] [  907] - DataValue : 
[INFO ][2016-02-01 19:19:30,544][com.java.SeleniumDriver] [  913] - <In Set values of the page>
[INFO ][2016-02-01 19:19:30,544][com.java.SeleniumDriver] [  916] - {Data Fields & Data Values Exist}
[INFO ][2016-02-01 19:19:30,544][com.java.SeleniumDriver] [  918] - --------------------------setting values-----------------------------
[INFO ][2016-02-01 19:19:30,545][com.java.SeleniumDriver] [  921] - Action Type : click
[INFO ][2016-02-01 19:19:30,545][com.java.TestType] [ 6935] - Field ::HDN//td[@class='dlg_Info']/label[3]/input
[INFO ][2016-02-01 19:19:30,545][com.java.TestType] [ 6556] - value = 
[INFO ][2016-02-01 19:19:31,629][com.java.SeleniumDriver] [  930] -  RESULT true
[INFO ][2016-02-01 19:19:31,629][com.java.SeleniumDriver] [ 1136] - ?   P A S S   ?
[INFO ][2016-02-01 19:19:31,629][com.java.SeleniumDriver] [  856] - ------------------------------------------
[INFO ][2016-02-01 19:19:31,629][com.java.SeleniumDriver] [  857] - Test case being Executed: 6
[INFO ][2016-02-01 19:19:31,629][com.java.SeleniumDriver] [  869] - Test step:46
[INFO ][2016-02-01 19:19:31,629][com.java.SeleniumDriver] [  881] - Datavalue is----------10
[INFO ][2016-02-01 19:19:31,629][com.java.SeleniumDriver] [  905] - DataField : null
[INFO ][2016-02-01 19:19:31,630][com.java.SeleniumDriver] [  907] - DataValue : 10
[INFO ][2016-02-01 19:19:31,630][com.java.SeleniumDriver] [  913] - <In Set values of the page>
[INFO ][2016-02-01 19:19:31,630][com.java.SeleniumDriver] [  916] - {Data Fields & Data Values Exist}
[INFO ][2016-02-01 19:19:31,630][com.java.SeleniumDriver] [  918] - --------------------------setting values-----------------------------
[INFO ][2016-02-01 19:19:31,630][com.java.SeleniumDriver] [  921] - Action Type : waittime
[DEBUG][2016-02-01 19:19:31,631][com.java.TestType] [ 6370] - sleepTime: 10000
[INFO ][2016-02-01 19:19:41,632][com.java.SeleniumDriver] [  930] -  RESULT true
[INFO ][2016-02-01 19:19:41,632][com.java.SeleniumDriver] [ 1136] - ?   P A S S   ?
[INFO ][2016-02-01 19:19:41,632][com.java.SeleniumDriver] [  856] - ------------------------------------------
[INFO ][2016-02-01 19:19:41,632][com.java.SeleniumDriver] [  857] - Test case being Executed: 6
[INFO ][2016-02-01 19:19:41,632][com.java.SeleniumDriver] [  869] - Test step:47
[INFO ][2016-02-01 19:19:41,632][com.java.SeleniumDriver] [  881] - Datavalue is----------HMVcalname
[INFO ][2016-02-01 19:19:41,632][com.java.SeleniumDriver] [  905] - DataField : FCV//a
[INFO ][2016-02-01 19:19:41,632][com.java.SeleniumDriver] [  907] - DataValue : HMVcalname
[INFO ][2016-02-01 19:19:41,632][com.java.SeleniumDriver] [  913] - <In Set values of the page>
[INFO ][2016-02-01 19:19:41,632][com.java.SeleniumDriver] [  916] - {Data Fields & Data Values Exist}
[INFO ][2016-02-01 19:19:41,632][com.java.SeleniumDriver] [  918] - --------------------------setting values-----------------------------
[INFO ][2016-02-01 19:19:41,632][com.java.SeleniumDriver] [  921] - Action Type : click
[INFO ][2016-02-01 19:19:41,633][com.java.TestType] [ 6935] - Field ::FCV//a
[INFO ][2016-02-01 19:19:41,633][com.java.TestType] [ 6556] - value = #_CALVLTest32532
[INFO ][2016-02-01 19:19:42,633][com.java.TestType] [ 6954] - BEFORE CLICK on //a[contains(text(),'#_CALVLTest32532')]
[DEBUG][2016-02-01 19:19:42,633][com.java.TestType] [ 7939] - For SELECT action type the data field should be TXT
[INFO ][2016-02-01 19:19:43,034][com.java.SeleniumDriver] [  930] -  RESULT true
[INFO ][2016-02-01 19:19:43,034][com.java.SeleniumDriver] [ 1136] - ?   P A S S   ?
[INFO ][2016-02-01 19:19:43,034][com.java.SeleniumDriver] [  856] - ------------------------------------------
[INFO ][2016-02-01 19:19:43,034][com.java.SeleniumDriver] [  857] - Test case being Executed: 6
[INFO ][2016-02-01 19:19:43,034][com.java.SeleniumDriver] [  869] - Test step:48
[INFO ][2016-02-01 19:19:43,034][com.java.SeleniumDriver] [  881] - Datavalue is----------10
[INFO ][2016-02-01 19:19:43,034][com.java.SeleniumDriver] [  905] - DataField : null
[INFO ][2016-02-01 19:19:43,034][com.java.SeleniumDriver] [  907] - DataValue : 10
[INFO ][2016-02-01 19:19:43,035][com.java.SeleniumDriver] [  913] - <In Set values of the page>
[INFO ][2016-02-01 19:19:43,035][com.java.SeleniumDriver] [  916] - {Data Fields & Data Values Exist}
[INFO ][2016-02-01 19:19:43,035][com.java.SeleniumDriver] [  918] - --------------------------setting values-----------------------------
[INFO ][2016-02-01 19:19:43,035][com.java.SeleniumDriver] [  921] - Action Type : waittime
[DEBUG][2016-02-01 19:19:43,035][com.java.TestType] [ 6370] - sleepTime: 10000
[INFO ][2016-02-01 19:19:53,036][com.java.SeleniumDriver] [  930] -  RESULT true
[INFO ][2016-02-01 19:19:53,036][com.java.SeleniumDriver] [ 1136] - ?   P A S S   ?
[INFO ][2016-02-01 19:19:53,036][com.java.SeleniumDriver] [  856] - ------------------------------------------
[INFO ][2016-02-01 19:19:53,036][com.java.SeleniumDriver] [  857] - Test case being Executed: 6
[INFO ][2016-02-01 19:19:53,036][com.java.SeleniumDriver] [  869] - Test step:49
[INFO ][2016-02-01 19:19:53,036][com.java.SeleniumDriver] [  881] - Datavalue is----------null
[DEBUG][2016-02-01 19:19:53,036][com.java.SeleniumDriver] [  899] - Exception: null
[INFO ][2016-02-01 19:19:53,036][com.java.SeleniumDriver] [  905] - DataField : BTNbtnNext
[INFO ][2016-02-01 19:19:53,036][com.java.SeleniumDriver] [  907] - DataValue : 
[INFO ][2016-02-01 19:19:53,036][com.java.SeleniumDriver] [  913] - <In Set values of the page>
[INFO ][2016-02-01 19:19:53,036][com.java.SeleniumDriver] [  916] - {Data Fields & Data Values Exist}
[INFO ][2016-02-01 19:19:53,038][com.java.SeleniumDriver] [  918] - --------------------------setting values-----------------------------
[INFO ][2016-02-01 19:19:53,038][com.java.SeleniumDriver] [  921] - Action Type : click
[INFO ][2016-02-01 19:19:53,038][com.java.TestType] [ 6935] - Field ::BTNbtnNext
[INFO ][2016-02-01 19:19:53,038][com.java.TestType] [ 6556] - value = 
[INFO ][2016-02-01 19:19:54,038][com.java.TestType] [ 7087] - BEFORE CLICK
[INFO ][2016-02-01 19:19:55,335][com.java.TestType] [ 7094] - Unable to click the object click on next button
[INFO ][2016-02-01 19:19:55,335][com.java.SeleniumDriver] [  930] -  RESULT true
[INFO ][2016-02-01 19:19:55,335][com.java.SeleniumDriver] [ 1136] - ?   P A S S   ?
[INFO ][2016-02-01 19:19:55,335][com.java.SeleniumDriver] [  856] - ------------------------------------------
[INFO ][2016-02-01 19:19:55,335][com.java.SeleniumDriver] [  857] - Test case being Executed: 6
[INFO ][2016-02-01 19:19:55,335][com.java.SeleniumDriver] [  869] - Test step:50
[INFO ][2016-02-01 19:19:55,335][com.java.SeleniumDriver] [  881] - Datavalue is----------5
[INFO ][2016-02-01 19:19:55,335][com.java.SeleniumDriver] [  905] - DataField : BTNGreenValue
[INFO ][2016-02-01 19:19:55,336][com.java.SeleniumDriver] [  907] - DataValue : 5
[INFO ][2016-02-01 19:19:55,336][com.java.SeleniumDriver] [  913] - <In Set values of the page>
[INFO ][2016-02-01 19:19:55,336][com.java.SeleniumDriver] [  916] - {Data Fields & Data Values Exist}
[INFO ][2016-02-01 19:19:55,336][com.java.SeleniumDriver] [  918] - --------------------------setting values-----------------------------
[INFO ][2016-02-01 19:19:55,336][com.java.SeleniumDriver] [  921] - Action Type : waitforelement
[INFO ][2016-02-01 19:19:56,399][com.java.SeleniumDriver] [  930] -  RESULT true
[INFO ][2016-02-01 19:19:56,399][com.java.SeleniumDriver] [ 1136] - ?   P A S S   ?
[INFO ][2016-02-01 19:19:56,399][com.java.SeleniumDriver] [  856] - ------------------------------------------
[INFO ][2016-02-01 19:19:56,399][com.java.SeleniumDriver] [  857] - Test case being Executed: 6
[INFO ][2016-02-01 19:19:56,399][com.java.SeleniumDriver] [  869] - Test step:51
[INFO ][2016-02-01 19:19:56,399][com.java.SeleniumDriver] [  881] - Datavalue is----------Less Than
[INFO ][2016-02-01 19:19:56,399][com.java.SeleniumDriver] [  905] - DataField : SLBYellowCompare
[INFO ][2016-02-01 19:19:56,400][com.java.SeleniumDriver] [  907] - DataValue : Less Than
[INFO ][2016-02-01 19:19:56,400][com.java.SeleniumDriver] [  913] - <In Set values of the page>
[INFO ][2016-02-01 19:19:56,400][com.java.SeleniumDriver] [  916] - {Data Fields & Data Values Exist}
[INFO ][2016-02-01 19:19:56,400][com.java.SeleniumDriver] [  918] - --------------------------setting values-----------------------------
[INFO ][2016-02-01 19:19:56,400][com.java.SeleniumDriver] [  921] - Action Type : select
[INFO ][2016-02-01 19:19:56,400][com.java.TestType] [ 6556] - value = Less Than
[INFO ][2016-02-01 19:19:58,743][com.java.SeleniumDriver] [  930] -  RESULT true
[INFO ][2016-02-01 19:19:58,743][com.java.SeleniumDriver] [ 1136] - ?   P A S S   ?
[INFO ][2016-02-01 19:19:58,743][com.java.SeleniumDriver] [  856] - ------------------------------------------
[INFO ][2016-02-01 19:19:58,743][com.java.SeleniumDriver] [  857] - Test case being Executed: 6
[INFO ][2016-02-01 19:19:58,743][com.java.SeleniumDriver] [  869] - Test step:52
[INFO ][2016-02-01 19:19:58,743][com.java.SeleniumDriver] [  881] - Datavalue is----------100000000
[INFO ][2016-02-01 19:19:58,743][com.java.SeleniumDriver] [  905] - DataField : TXTYellowValue
[INFO ][2016-02-01 19:19:58,743][com.java.SeleniumDriver] [  907] - DataValue : 100000000
[INFO ][2016-02-01 19:19:58,744][com.java.SeleniumDriver] [  913] - <In Set values of the page>
[INFO ][2016-02-01 19:19:58,744][com.java.SeleniumDriver] [  916] - {Data Fields & Data Values Exist}
[INFO ][2016-02-01 19:19:58,744][com.java.SeleniumDriver] [  918] - --------------------------setting values-----------------------------
[INFO ][2016-02-01 19:19:58,744][com.java.SeleniumDriver] [  921] - Action Type : clearandenter
[INFO ][2016-02-01 19:19:59,905][com.java.TestType] [ 6556] - value = 100000000
[INFO ][2016-02-01 19:20:01,097][com.java.SeleniumDriver] [  930] -  RESULT true
[INFO ][2016-02-01 19:20:01,097][com.java.SeleniumDriver] [ 1136] - ?   P A S S   ?
[INFO ][2016-02-01 19:20:01,097][com.java.SeleniumDriver] [  856] - ------------------------------------------
[INFO ][2016-02-01 19:20:01,097][com.java.SeleniumDriver] [  857] - Test case being Executed: 6
[INFO ][2016-02-01 19:20:01,097][com.java.SeleniumDriver] [  869] - Test step:53
[INFO ][2016-02-01 19:20:01,097][com.java.SeleniumDriver] [  881] - Datavalue is----------Ignore
[INFO ][2016-02-01 19:20:01,097][com.java.SeleniumDriver] [  905] - DataField : SLBRedCompare
[INFO ][2016-02-01 19:20:01,097][com.java.SeleniumDriver] [  907] - DataValue : Ignore
[INFO ][2016-02-01 19:20:01,097][com.java.SeleniumDriver] [  913] - <In Set values of the page>
[INFO ][2016-02-01 19:20:01,097][com.java.SeleniumDriver] [  916] - {Data Fields & Data Values Exist}
[INFO ][2016-02-01 19:20:01,097][com.java.SeleniumDriver] [  918] - --------------------------setting values-----------------------------
[INFO ][2016-02-01 19:20:01,098][com.java.SeleniumDriver] [  921] - Action Type : select
[INFO ][2016-02-01 19:20:01,098][com.java.TestType] [ 6556] - value = Ignore
[INFO ][2016-02-01 19:20:03,475][com.java.SeleniumDriver] [  930] -  RESULT true
[INFO ][2016-02-01 19:20:03,475][com.java.SeleniumDriver] [ 1136] - ?   P A S S   ?
[INFO ][2016-02-01 19:20:03,475][com.java.SeleniumDriver] [  856] - ------------------------------------------
[INFO ][2016-02-01 19:20:03,475][com.java.SeleniumDriver] [  857] - Test case being Executed: 6
[INFO ][2016-02-01 19:20:03,475][com.java.SeleniumDriver] [  869] - Test step:54
[INFO ][2016-02-01 19:20:03,475][com.java.SeleniumDriver] [  881] - Datavalue is----------null
[DEBUG][2016-02-01 19:20:03,475][com.java.SeleniumDriver] [  899] - Exception: null
[INFO ][2016-02-01 19:20:03,475][com.java.SeleniumDriver] [  905] - DataField : BTNRedValue
[INFO ][2016-02-01 19:20:03,475][com.java.SeleniumDriver] [  907] - DataValue : 
[INFO ][2016-02-01 19:20:03,476][com.java.SeleniumDriver] [  913] - <In Set values of the page>
[INFO ][2016-02-01 19:20:03,476][com.java.SeleniumDriver] [  916] - {Data Fields & Data Values Exist}
[INFO ][2016-02-01 19:20:03,476][com.java.SeleniumDriver] [  918] - --------------------------setting values-----------------------------
[INFO ][2016-02-01 19:20:03,476][com.java.SeleniumDriver] [  921] - Action Type : clearandenter
[INFO ][2016-02-01 19:20:04,639][com.java.TestType] [ 6556] - value = 
[INFO ][2016-02-01 19:20:05,772][com.java.SeleniumDriver] [  930] -  RESULT true
[INFO ][2016-02-01 19:20:05,772][com.java.SeleniumDriver] [ 1136] - ?   P A S S   ?
[INFO ][2016-02-01 19:20:05,772][com.java.SeleniumDriver] [  856] - ------------------------------------------
[INFO ][2016-02-01 19:20:05,772][com.java.SeleniumDriver] [  857] - Test case being Executed: 6
[INFO ][2016-02-01 19:20:05,772][com.java.SeleniumDriver] [  869] - Test step:55
[INFO ][2016-02-01 19:20:05,772][com.java.SeleniumDriver] [  881] - Datavalue is----------null
[DEBUG][2016-02-01 19:20:05,773][com.java.SeleniumDriver] [  899] - Exception: null
[INFO ][2016-02-01 19:20:05,773][com.java.SeleniumDriver] [  905] - DataField : BTNparent
[INFO ][2016-02-01 19:20:05,773][com.java.SeleniumDriver] [  907] - DataValue : 
[INFO ][2016-02-01 19:20:05,773][com.java.SeleniumDriver] [  913] - <In Set values of the page>
[INFO ][2016-02-01 19:20:05,773][com.java.SeleniumDriver] [  916] - {Data Fields & Data Values Exist}
[INFO ][2016-02-01 19:20:05,773][com.java.SeleniumDriver] [  918] - --------------------------setting values-----------------------------
[INFO ][2016-02-01 19:20:05,773][com.java.SeleniumDriver] [  921] - Action Type : selectframe
[INFO ][2016-02-01 19:20:05,788][com.java.SeleniumDriver] [  930] -  RESULT true
[INFO ][2016-02-01 19:20:05,789][com.java.SeleniumDriver] [ 1136] - ?   P A S S   ?
[INFO ][2016-02-01 19:20:05,789][com.java.SeleniumDriver] [  856] - ------------------------------------------
[INFO ][2016-02-01 19:20:05,789][com.java.SeleniumDriver] [  857] - Test case being Executed: 6
[INFO ][2016-02-01 19:20:05,789][com.java.SeleniumDriver] [  869] - Test step:56
[INFO ][2016-02-01 19:20:05,789][com.java.SeleniumDriver] [  881] - Datavalue is----------null
[DEBUG][2016-02-01 19:20:05,789][com.java.SeleniumDriver] [  899] - Exception: null
[INFO ][2016-02-01 19:20:05,789][com.java.SeleniumDriver] [  905] - DataField : HDN//span[contains(text(),'Finished')]
[INFO ][2016-02-01 19:20:05,789][com.java.SeleniumDriver] [  907] - DataValue : 
[INFO ][2016-02-01 19:20:05,789][com.java.SeleniumDriver] [  913] - <In Set values of the page>
[INFO ][2016-02-01 19:20:05,789][com.java.SeleniumDriver] [  916] - {Data Fields & Data Values Exist}
[INFO ][2016-02-01 19:20:05,789][com.java.SeleniumDriver] [  918] - --------------------------setting values-----------------------------
[INFO ][2016-02-01 19:20:05,789][com.java.SeleniumDriver] [  921] - Action Type : click
[INFO ][2016-02-01 19:20:05,789][com.java.TestType] [ 6935] - Field ::HDN//span[contains(text(),'Finished')]
[INFO ][2016-02-01 19:20:05,790][com.java.TestType] [ 6556] - value = 
[INFO ][2016-02-01 19:20:06,984][com.java.SeleniumDriver] [  930] -  RESULT true
[INFO ][2016-02-01 19:20:06,984][com.java.SeleniumDriver] [ 1136] - ?   P A S S   ?
[INFO ][2016-02-01 19:20:06,984][com.java.SeleniumDriver] [  856] - ------------------------------------------
[INFO ][2016-02-01 19:20:06,984][com.java.SeleniumDriver] [  857] - Test case being Executed: 6
[INFO ][2016-02-01 19:20:06,984][com.java.SeleniumDriver] [  869] - Test step:57
[INFO ][2016-02-01 19:20:06,984][com.java.SeleniumDriver] [  881] - Datavalue is----------3
[INFO ][2016-02-01 19:20:06,984][com.java.SeleniumDriver] [  905] - DataField : null
[INFO ][2016-02-01 19:20:06,985][com.java.SeleniumDriver] [  907] - DataValue : 3
[INFO ][2016-02-01 19:20:06,985][com.java.SeleniumDriver] [  913] - <In Set values of the page>
[INFO ][2016-02-01 19:20:06,985][com.java.SeleniumDriver] [  916] - {Data Fields & Data Values Exist}
[INFO ][2016-02-01 19:20:06,985][com.java.SeleniumDriver] [  918] - --------------------------setting values-----------------------------
[INFO ][2016-02-01 19:20:06,985][com.java.SeleniumDriver] [  921] - Action Type : waittime
[DEBUG][2016-02-01 19:20:06,985][com.java.TestType] [ 6370] - sleepTime: 3000
[INFO ][2016-02-01 19:20:09,985][com.java.SeleniumDriver] [  930] -  RESULT true
[INFO ][2016-02-01 19:20:09,985][com.java.SeleniumDriver] [ 1136] - ?   P A S S   ?
[INFO ][2016-02-01 19:20:09,985][com.java.SeleniumDriver] [  856] - ------------------------------------------
[INFO ][2016-02-01 19:20:09,985][com.java.SeleniumDriver] [  857] - Test case being Executed: 6
[INFO ][2016-02-01 19:20:09,985][com.java.SeleniumDriver] [  869] - Test step:58
[INFO ][2016-02-01 19:20:09,985][com.java.SeleniumDriver] [  881] - Datavalue is----------null
[DEBUG][2016-02-01 19:20:09,985][com.java.SeleniumDriver] [  899] - Exception: null
[INFO ][2016-02-01 19:20:09,985][com.java.SeleniumDriver] [  905] - DataField : HDN//span[contains(text(),'Finished')]
[INFO ][2016-02-01 19:20:09,985][com.java.SeleniumDriver] [  907] - DataValue : 
[INFO ][2016-02-01 19:20:09,985][com.java.SeleniumDriver] [  913] - <In Set values of the page>
[INFO ][2016-02-01 19:20:09,985][com.java.SeleniumDriver] [  916] - {Data Fields & Data Values Exist}
[INFO ][2016-02-01 19:20:09,985][com.java.SeleniumDriver] [  918] - --------------------------setting values-----------------------------
[INFO ][2016-02-01 19:20:09,986][com.java.SeleniumDriver] [  921] - Action Type : click
[INFO ][2016-02-01 19:20:09,986][com.java.TestType] [ 6935] - Field ::HDN//span[contains(text(),'Finished')]
[INFO ][2016-02-01 19:20:09,986][com.java.TestType] [ 6556] - value = 
[INFO ][2016-02-01 19:20:11,133][com.java.SeleniumDriver] [  930] -  RESULT true
[INFO ][2016-02-01 19:20:11,133][com.java.SeleniumDriver] [ 1136] - ?   P A S S   ?
[INFO ][2016-02-01 19:20:11,133][com.java.SeleniumDriver] [  856] - ------------------------------------------
[INFO ][2016-02-01 19:20:11,133][com.java.SeleniumDriver] [  857] - Test case being Executed: 6
[INFO ][2016-02-01 19:20:11,133][com.java.SeleniumDriver] [  869] - Test step:59
[INFO ][2016-02-01 19:20:11,133][com.java.SeleniumDriver] [  881] - Datavalue is----------10
[INFO ][2016-02-01 19:20:11,133][com.java.SeleniumDriver] [  905] - DataField : null
[INFO ][2016-02-01 19:20:11,134][com.java.SeleniumDriver] [  907] - DataValue : 10
[INFO ][2016-02-01 19:20:11,134][com.java.SeleniumDriver] [  913] - <In Set values of the page>
[INFO ][2016-02-01 19:20:11,134][com.java.SeleniumDriver] [  916] - {Data Fields & Data Values Exist}
[INFO ][2016-02-01 19:20:11,134][com.java.SeleniumDriver] [  918] - --------------------------setting values-----------------------------
[INFO ][2016-02-01 19:20:11,134][com.java.SeleniumDriver] [  921] - Action Type : waittime
[DEBUG][2016-02-01 19:20:11,134][com.java.TestType] [ 6370] - sleepTime: 10000
[INFO ][2016-02-01 19:20:21,135][com.java.SeleniumDriver] [  930] -  RESULT true
[INFO ][2016-02-01 19:20:21,135][com.java.SeleniumDriver] [ 1136] - ?   P A S S   ?
[INFO ][2016-02-01 19:20:21,135][com.java.SeleniumDriver] [  856] - ------------------------------------------
[INFO ][2016-02-01 19:20:21,135][com.java.SeleniumDriver] [  857] - Test case being Executed: 6
[INFO ][2016-02-01 19:20:21,135][com.java.SeleniumDriver] [  869] - Test step:60
[INFO ][2016-02-01 19:20:21,135][com.java.SeleniumDriver] [  881] - Datavalue is----------5
[INFO ][2016-02-01 19:20:21,135][com.java.SeleniumDriver] [  905] - DataField : DSP//div[@id='WidgetBodyPanel.0']//table//tr/td
[INFO ][2016-02-01 19:20:21,135][com.java.SeleniumDriver] [  907] - DataValue : 5
[INFO ][2016-02-01 19:20:21,135][com.java.SeleniumDriver] [  913] - <In Set values of the page>
[INFO ][2016-02-01 19:20:21,135][com.java.SeleniumDriver] [  916] - {Data Fields & Data Values Exist}
[INFO ][2016-02-01 19:20:21,135][com.java.SeleniumDriver] [  918] - --------------------------setting values-----------------------------
[INFO ][2016-02-01 19:20:21,135][com.java.SeleniumDriver] [  921] - Action Type : waitforelement
[INFO ][2016-02-01 19:20:21,276][com.java.SeleniumDriver] [  930] -  RESULT true
[INFO ][2016-02-01 19:20:21,276][com.java.SeleniumDriver] [ 1136] - ?   P A S S   ?
[INFO ][2016-02-01 19:20:21,276][com.java.SeleniumDriver] [  856] - ------------------------------------------
[INFO ][2016-02-01 19:20:21,276][com.java.SeleniumDriver] [  857] - Test case being Executed: 6
[INFO ][2016-02-01 19:20:21,276][com.java.SeleniumDriver] [  869] - Test step:61
[INFO ][2016-02-01 19:20:21,276][com.java.SeleniumDriver] [  881] - Datavalue is----------calname::yellow
[INFO ][2016-02-01 19:20:21,276][com.java.SeleniumDriver] [  905] - DataField : NIM//td[contains(text(),'mytext')]/following::td[2]
[INFO ][2016-02-01 19:20:21,276][com.java.SeleniumDriver] [  907] - DataValue : calname::yellow
[INFO ][2016-02-01 19:20:21,276][com.java.SeleniumDriver] [  913] - <In Set values of the page>
[INFO ][2016-02-01 19:20:21,277][com.java.SeleniumDriver] [  916] - {Data Fields & Data Values Exist}
[INFO ][2016-02-01 19:20:21,277][com.java.SeleniumDriver] [  918] - --------------------------setting values-----------------------------
[INFO ][2016-02-01 19:20:21,277][com.java.SeleniumDriver] [  921] - Action Type : verify
[INFO ][2016-02-01 19:20:21,277][com.java.TestType] [ 8158] - field= NIM//td[contains(text(),'mytext')]/following::td[2] value= calname::yellow
[INFO ][2016-02-01 19:20:21,277][com.java.TestType] [ 6556] - value = calname::yellow
[DEBUG][2016-02-01 19:20:42,107][com.java.TestType] [ 9356] - Exception: calname::yellow
[DEBUG][2016-02-01 19:20:42,107][com.java.TestType] [ 9359] - Element not replaced::calname::yellow
[INFO ][2016-02-01 19:20:42,107][com.java.SeleniumDriver] [  930] -  RESULT false
[INFO ][2016-02-01 19:20:42,107][com.java.SeleniumDriver] [  977] - ?   F A I L   ?
[INFO ][2016-02-01 19:20:42,108][com.java.SeleniumDriver] [  985] - Browser Type : IE10
[INFO ][2016-02-01 19:20:42,108][com.java.SeleniumDriver] [  986] - Adding Failed case6
[INFO ][2016-02-01 19:20:42,454][com.java.SeleniumDriver] [ 1100] - failedCases = 6
[ERROR][2016-02-01 19:20:42,454][com.java.SeleniumDriver] [ 1599] - Platform Errors : Our apologies...::We have encountered an issue with your request.::Our apologies?:We encountered an issue with your request.
[INFO ][2016-02-01 19:20:42,454][com.java.SeleniumDriver] [ 1603] - Length =3
[ERROR][2016-02-01 19:20:42,454][com.java.SeleniumDriver] [ 1606] - Error 0 = Our apologies...
[ERROR][2016-02-01 19:20:42,538][com.java.SeleniumDriver] [ 1606] - Error 1 = We have encountered an issue with your request.
[ERROR][2016-02-01 19:20:42,594][com.java.SeleniumDriver] [ 1606] - Error 2 = Our apologies?:We encountered an issue with your request.
[INFO ][2016-02-01 19:20:42,650][com.java.SeleniumDriver] [ 1617] - strError:
[DEBUG][2016-02-01 19:20:42,665][com.java.SeleniumDriver] [ 1248] - Case found
[DEBUG][2016-02-01 19:20:42,665][com.java.SeleniumDriver] [ 1253] - Incrementing ReportCounters[0]:2
[INFO ][2016-02-01 19:20:42,665][com.java.SeleniumDriver] [ 1272] - The results are-------------------[6, 61, Settings: Customzie My Dashboards: Custom Calculations: Red/Green Flashing Alerts, Fail, 
Test case failed at Step No. :: 61   Error Message ::  Element not replaced::calname::yellow. Screen Shot : D:\BankersDashboard\TestReports\020116\6_020116_192042_IE10.png, Mon Feb 01 19:20:42 IST 2016]
[INFO ][2016-02-01 19:20:42,665][com.java.SeleniumDriver] [ 1276] - End time is-------5 min 21 sec
[INFO ][2016-02-01 19:20:42,665][com.java.SeleniumDriver] [ 1277] - The results are-------------------[6, 61, Settings: Customzie My Dashboards: Custom Calculations: Red/Green Flashing Alerts, Fail, 
Test case failed at Step No. :: 61   Error Message ::  Element not replaced::calname::yellow. Screen Shot : D:\BankersDashboard\TestReports\020116\6_020116_192042_IE10.png, Mon Feb 01 19:20:42 IST 2016]
[DEBUG][2016-02-01 19:20:42,665][com.java.ImportnExport.ExportTestResultsExcel] [  222] - testResultPath = D:\BankersDashboard/TestReports/Test Results_BankersDashBoard_020116_191523_IE10_United Bank.xls
[DEBUG][2016-02-01 19:20:42,665][com.java.ImportnExport.ExportTestResultsExcel] [  223] - browser is------------IE10
[DEBUG][2016-02-01 19:20:42,667][com.java.ImportnExport.ExportTestResultsExcel] [  270] - result.size() = 6
[DEBUG][2016-02-01 19:20:42,667][com.java.ImportnExport.ExportTestResultsExcel] [  274] - No of rows in sheet=2
[DEBUG][2016-02-01 19:20:42,668][com.java.ImportnExport.ExportTestResultsExcel] [  301] - ..in export..6
[DEBUG][2016-02-01 19:20:42,668][com.java.ImportnExport.ExportTestResultsExcel] [  301] - ..in export..Settings: Customzie My Dashboards: Custom Calculations: Red/Green Flashing Alerts
[DEBUG][2016-02-01 19:20:42,668][com.java.ImportnExport.ExportTestResultsExcel] [  301] - ..in export..Fail
[DEBUG][2016-02-01 19:20:42,668][com.java.ImportnExport.ExportTestResultsExcel] [  301] - ..in export..
Test case failed at Step No. :: 61   Error Message ::  Element not replaced::calname::yellow. Screen Shot : D:\BankersDashboard\TestReports\020116\6_020116_192042_IE10.png
[DEBUG][2016-02-01 19:20:42,668][com.java.ImportnExport.ExportTestResultsExcel] [  301] - ..in export..Mon Feb 01 19:20:42 IST 2016
[INFO ][2016-02-01 19:20:42,669][com.java.SeleniumDriver] [ 1337] - out loop:1 size:2 TestCases:[1, 6] testcases:[1, 6]
[INFO ][2016-02-01 19:20:44,672][com.java.SeleniumDriver] [ 1380] - Total Number of Cases:2
[INFO ][2016-02-01 19:20:44,672][com.java.TemplateGenerator] [  302] - Executed:2
[INFO ][2016-02-01 19:20:44,672][com.java.TemplateGenerator] [  303] - Passed:1
[INFO ][2016-02-01 19:20:44,674][com.java.TemplateGenerator] [  304] - Failed:1
[INFO ][2016-02-01 19:20:44,674][com.java.TemplateGenerator] [  305] - Skipeed:0
[INFO ][2016-02-01 19:20:44,674][com.java.TemplateGenerator] [  306] - Application URL:https://clients-xuat.bankersdashboard.com
[INFO ][2016-02-01 19:20:44,674][com.java.TemplateGenerator] [  307] - Start Time:020116_191523
[INFO ][2016-02-01 19:20:44,674][com.java.TemplateGenerator] [  308] -  Creating HTML Report 
[ERROR][2016-02-01 19:20:44,674][com.java.TemplateGenerator] [  409] - Unparseable date: "Mon Feb 01 07:15:23 IST 2016"
[INFO ][2016-02-01 19:20:44,675][com.java.TemplateGenerator] [  654] -  Exporting case :: 1
[INFO ][2016-02-01 19:20:44,675][com.java.TemplateGenerator] [  654] -  Exporting case :: 6
[INFO ][2016-02-01 19:20:44,687][com.java.SeleniumDriver] [ 1429] - End Time:020116_192044
[INFO ][2016-02-01 19:20:44,687][com.java.SeleniumDriver] [ 1432] - Data in Test Execution Details:{1=PASS, 6=FAILTest case failed at Step No. :: 61   Error Message ::  Element not replaced::calname::yellow}
[INFO ][2016-02-01 19:20:44,687][com.java.SeleniumDriver] [ 1433] - Data in Failed Execution Deatils:{}
[INFO ][2016-02-01 19:20:44,687][com.java.SeleniumDriver] [ 1435] - ReportCounter:Total:2 :: PASS: 1 ::FAIL: 1
[INFO ][2016-02-01 19:20:44,687][com.java.SeleniumDriver] [ 1436] - FailedReportCounter:Total:0 :: PASS: 0 ::FAIL: 0
[INFO ][2016-02-01 19:20:44,693][com.java.EmailTestReport] [   63] - Sending report mail details:
[INFO ][2016-02-01 19:20:44,693][com.java.EmailTestReport] [   80] - Excel Report Path:D:\BankersDashboard/TestReports/Test Results_BankersDashBoard_020116_191523_IE10_United Bank.xls
[INFO ][2016-02-01 19:20:44,693][com.java.EmailTestReport] [   81] - HTML Report Path:D:\BankersDashboard//TestReports//Test Results_BankersDashBoard_020116_191523_IE10_United Bank.html
[INFO ][2016-02-01 19:20:44,694][com.java.EmailTestReport] [   82] - smtpHostName:mail01.valuelabs.com
[INFO ][2016-02-01 19:20:44,694][com.java.EmailTestReport] [   83] - Recipient:venkateswararao.gubbala@valuelabs.com;
[INFO ][2016-02-01 19:20:44,694][com.java.EmailTestReport] [   84] - From:venkateswararao.gubbala@valuelabs.com;
[INFO ][2016-02-01 19:20:44,694][com.java.EmailTestReport] [   85] - Subject:Deluxe Corp Bankers Dashboard Automation Test Report - United Bank - IE10
[INFO ][2016-02-01 19:20:44,711][com.java.EmailTestReport] [  143] -  Added venkateswararao.gubbala@valuelabs.com
[INFO ][2016-02-01 19:20:47,826][com.java.SeleniumDriver] [  722] - quitting the browser 
[INFO ][2016-02-01 19:20:49,531][com.java.SeleniumDriver] [  264] - Execution Completed Stopping the thread
