[INFO ][2015-11-16 16:19:46,093][com.java.SeleniumDriver] [  213] - Execute Failed Casesfalse
[INFO ][2015-11-16 16:19:46,097][com.java.SeleniumDriver] [  214] - Browser: IE11
[INFO ][2015-11-16 16:19:46,098][com.java.SeleniumDriver] [  215] - [1, 9]
[INFO ][2015-11-16 16:19:46,098][com.java.SeleniumDriver] [  216] - Total TestCases:2
[INFO ][2015-11-16 16:19:46,098][com.java.SeleniumDriver] [  217] -  Reading Properties from Property File 
[DEBUG][2015-11-16 16:19:46,098][com.java.SeleniumDriver] [  238] - url : https://clients-xuat.bankersdashboard.com
[INFO ][2015-11-16 16:19:46,099][com.java.ImportnExport.ExportTestResultsExcel] [  116] - Time Stamp Mon Nov 16 04:19:46 IST 2015
[INFO ][2015-11-16 16:19:46,100][com.java.ImportnExport.ExportTestResultsExcel] [  175] - OUT FILE : D:\BankersDashboard/TestReports/Test Results_BankersDashBoard_111615_161946_IE11_Any Bank USA.xls
[INFO ][2015-11-16 16:19:46,128][com.java.ImportnExport.ExportTestResultsExcel] [  180] - Test Result file is created
[DEBUG][2015-11-16 16:19:46,229][com.java.SeleniumDriver] [  425] - Hub ip address is-------172.17.68.34
[INFO ][2015-11-16 16:19:46,230][com.java.SeleniumDriver] [  451] - Grid URL:http://172.17.68.34:4444/wd/hub
[INFO ][2015-11-16 16:19:46,230][com.java.SeleniumDriver] [  452] - Capability:Capabilities [{platform=ANY, ensureCleanSession=true, ignoreProtectedModeSettings=true, acceptSslCerts=true, ignoreZoomSetting=true, browserName=internet explorer, browserstack.ie.noFlash=true, version=Node1}]
[ERROR][2015-11-16 16:19:47,550][com.java.SeleniumDriver] [  496] - Unable invoke browser in grid:Could not start a new session. Possible causes are invalid address of the remote server or browser start-up failure.
Build info: version: '2.48.2', revision: '41bccdd', time: '2015-10-09 19:59:12'
System info: host: 'FVTIII438F1D', ip: '172.17.68.34', os.name: 'Windows 7', os.arch: 'x86', os.version: '6.1', java.version: '1.7.0_55'
Driver info: driver.version: SeleniumDriver
[INFO ][2015-11-16 16:19:47,550][com.java.SeleniumDriver] [  498] - Executing on local machine
[INFO ][2015-11-16 16:19:56,259][com.java.SeleniumDriver] [  248] - IE11is opened
[INFO ][2015-11-16 16:19:57,087][com.java.SeleniumDriver] [  753] - Test cases to be executed are: [1, 9]
[INFO ][2015-11-16 16:19:57,105][com.java.ImportnExport.ImportTestDataDetailsExcel] [   49] - test data details path===== D:\BankersDashboard\TestInputs\TestData.xls
[INFO ][2015-11-16 16:19:57,149][com.java.SeleniumDriver] [  796] - ------------------------------------------
[INFO ][2015-11-16 16:19:57,149][com.java.SeleniumDriver] [  797] - Test case being Executed: 1
[INFO ][2015-11-16 16:19:57,150][com.java.SeleniumDriver] [  808] - Test step:1
[INFO ][2015-11-16 16:19:57,150][com.java.SeleniumDriver] [  820] - Datavalue is----------Concept#1:1-14
[INFO ][2015-11-16 16:19:57,150][com.java.SeleniumDriver] [  844] - DataField : test
[INFO ][2015-11-16 16:19:57,150][com.java.SeleniumDriver] [  846] - DataValue : Concept#1:1-14
[INFO ][2015-11-16 16:19:57,150][com.java.SeleniumDriver] [  852] - <In Set values of the page>
[INFO ][2015-11-16 16:19:57,150][com.java.SeleniumDriver] [  855] - {Data Fields & Data Values Exist}
[INFO ][2015-11-16 16:19:57,150][com.java.SeleniumDriver] [  857] - --------------------------setting values-----------------------------
[INFO ][2015-11-16 16:19:57,150][com.java.SeleniumDriver] [  860] - Action Type : ExecuteTestCase
[INFO ][2015-11-16 16:19:57,169][com.java.TestType] [  423] - The Concept sheet name is ---------- Concept
[INFO ][2015-11-16 16:19:57,170][com.java.TestType] [  426] - The Concept ID  is ---------- 1
[DEBUG][2015-11-16 16:19:57,170][com.java.TestType] [  430] - Steps being executted in the Concept are: 1:14
[INFO ][2015-11-16 16:19:57,170][com.java.TestType] [  437] - Test data details path ---------- D:\BankersDashboard\TestInputs\TestData.xls
[INFO ][2015-11-16 16:19:57,204][com.java.TestType] [  468] -  str(1) = 1
[INFO ][2015-11-16 16:19:57,204][com.java.TestType] [  471] - Test case Id is---1
[INFO ][2015-11-16 16:19:57,205][com.java.TestType] [  473] - 1
[INFO ][2015-11-16 16:19:57,205][com.java.TestType] [  468] -  str(2) = 1
[INFO ][2015-11-16 16:19:57,207][com.java.TestType] [  520] - row values are--------{1=com.java.Objects.TestDataDetails@edc0e0}
[INFO ][2015-11-16 16:19:57,207][com.java.TestType] [  468] -  str(1) = 1
[INFO ][2015-11-16 16:19:57,207][com.java.TestType] [  471] - Test case Id is---1
[INFO ][2015-11-16 16:19:57,208][com.java.TestType] [  473] - 1
[INFO ][2015-11-16 16:19:57,208][com.java.TestType] [  468] -  str(2) = 2
[INFO ][2015-11-16 16:19:57,211][com.java.TestType] [  520] - row values are--------{1=com.java.Objects.TestDataDetails@edc0e0, 2=com.java.Objects.TestDataDetails@1cbd2c5}
[INFO ][2015-11-16 16:19:57,211][com.java.TestType] [  468] -  str(1) = 1
[INFO ][2015-11-16 16:19:57,211][com.java.TestType] [  471] - Test case Id is---1
[INFO ][2015-11-16 16:19:57,211][com.java.TestType] [  473] - 1
[INFO ][2015-11-16 16:19:57,211][com.java.TestType] [  468] -  str(2) = 3
[INFO ][2015-11-16 16:19:57,212][com.java.TestType] [  520] - row values are--------{1=com.java.Objects.TestDataDetails@edc0e0, 2=com.java.Objects.TestDataDetails@1cbd2c5, 3=com.java.Objects.TestDataDetails@14e6c9b}
[INFO ][2015-11-16 16:19:57,212][com.java.TestType] [  468] -  str(1) = 1
[INFO ][2015-11-16 16:19:57,213][com.java.TestType] [  471] - Test case Id is---1
[INFO ][2015-11-16 16:19:57,213][com.java.TestType] [  473] - 1
[INFO ][2015-11-16 16:19:57,213][com.java.TestType] [  468] -  str(2) = 4
[INFO ][2015-11-16 16:19:57,214][com.java.TestType] [  520] - row values are--------{1=com.java.Objects.TestDataDetails@edc0e0, 2=com.java.Objects.TestDataDetails@1cbd2c5, 3=com.java.Objects.TestDataDetails@14e6c9b, 4=com.java.Objects.TestDataDetails@a22b9c}
[INFO ][2015-11-16 16:19:57,214][com.java.TestType] [  468] -  str(1) = 1
[INFO ][2015-11-16 16:19:57,214][com.java.TestType] [  471] - Test case Id is---1
[INFO ][2015-11-16 16:19:57,214][com.java.TestType] [  473] - 1
[INFO ][2015-11-16 16:19:57,215][com.java.TestType] [  468] -  str(2) = 5
[INFO ][2015-11-16 16:19:57,216][com.java.TestType] [  520] - row values are--------{1=com.java.Objects.TestDataDetails@edc0e0, 2=com.java.Objects.TestDataDetails@1cbd2c5, 3=com.java.Objects.TestDataDetails@14e6c9b, 4=com.java.Objects.TestDataDetails@a22b9c, 5=com.java.Objects.TestDataDetails@a61465}
[INFO ][2015-11-16 16:19:57,216][com.java.TestType] [  468] -  str(1) = 1
[INFO ][2015-11-16 16:19:57,216][com.java.TestType] [  471] - Test case Id is---1
[INFO ][2015-11-16 16:19:57,216][com.java.TestType] [  473] - 1
[INFO ][2015-11-16 16:19:57,216][com.java.TestType] [  468] -  str(2) = 6
[INFO ][2015-11-16 16:19:57,217][com.java.TestType] [  520] - row values are--------{1=com.java.Objects.TestDataDetails@edc0e0, 2=com.java.Objects.TestDataDetails@1cbd2c5, 3=com.java.Objects.TestDataDetails@14e6c9b, 4=com.java.Objects.TestDataDetails@a22b9c, 5=com.java.Objects.TestDataDetails@a61465, 6=com.java.Objects.TestDataDetails@16072}
[INFO ][2015-11-16 16:19:57,217][com.java.TestType] [  468] -  str(1) = 1
[INFO ][2015-11-16 16:19:57,217][com.java.TestType] [  471] - Test case Id is---1
[INFO ][2015-11-16 16:19:57,217][com.java.TestType] [  473] - 1
[INFO ][2015-11-16 16:19:57,217][com.java.TestType] [  468] -  str(2) = 7
[INFO ][2015-11-16 16:19:57,220][com.java.TestType] [  520] - row values are--------{1=com.java.Objects.TestDataDetails@edc0e0, 2=com.java.Objects.TestDataDetails@1cbd2c5, 3=com.java.Objects.TestDataDetails@14e6c9b, 4=com.java.Objects.TestDataDetails@a22b9c, 5=com.java.Objects.TestDataDetails@a61465, 6=com.java.Objects.TestDataDetails@16072, 7=com.java.Objects.TestDataDetails@1bcdc8}
[INFO ][2015-11-16 16:19:57,220][com.java.TestType] [  468] -  str(1) = 1
[INFO ][2015-11-16 16:19:57,220][com.java.TestType] [  471] - Test case Id is---1
[INFO ][2015-11-16 16:19:57,220][com.java.TestType] [  473] - 1
[INFO ][2015-11-16 16:19:57,220][com.java.TestType] [  468] -  str(2) = 8
[INFO ][2015-11-16 16:19:57,221][com.java.TestType] [  520] - row values are--------{1=com.java.Objects.TestDataDetails@edc0e0, 2=com.java.Objects.TestDataDetails@1cbd2c5, 3=com.java.Objects.TestDataDetails@14e6c9b, 4=com.java.Objects.TestDataDetails@a22b9c, 5=com.java.Objects.TestDataDetails@a61465, 6=com.java.Objects.TestDataDetails@16072, 7=com.java.Objects.TestDataDetails@1bcdc8, 8=com.java.Objects.TestDataDetails@8ecefb}
[INFO ][2015-11-16 16:19:57,221][com.java.TestType] [  468] -  str(1) = 1
[INFO ][2015-11-16 16:19:57,221][com.java.TestType] [  471] - Test case Id is---1
[INFO ][2015-11-16 16:19:57,221][com.java.TestType] [  473] - 1
[INFO ][2015-11-16 16:19:57,222][com.java.TestType] [  468] -  str(2) = 9
[INFO ][2015-11-16 16:19:57,222][com.java.TestType] [  520] - row values are--------{1=com.java.Objects.TestDataDetails@edc0e0, 2=com.java.Objects.TestDataDetails@1cbd2c5, 3=com.java.Objects.TestDataDetails@14e6c9b, 4=com.java.Objects.TestDataDetails@a22b9c, 5=com.java.Objects.TestDataDetails@a61465, 6=com.java.Objects.TestDataDetails@16072, 7=com.java.Objects.TestDataDetails@1bcdc8, 8=com.java.Objects.TestDataDetails@8ecefb, 9=com.java.Objects.TestDataDetails@1b6a48d}
[INFO ][2015-11-16 16:19:57,222][com.java.TestType] [  468] -  str(1) = 1
[INFO ][2015-11-16 16:19:57,223][com.java.TestType] [  471] - Test case Id is---1
[INFO ][2015-11-16 16:19:57,223][com.java.TestType] [  473] - 1
[INFO ][2015-11-16 16:19:57,223][com.java.TestType] [  468] -  str(2) = 10
[INFO ][2015-11-16 16:19:57,223][com.java.TestType] [  520] - row values are--------{1=com.java.Objects.TestDataDetails@edc0e0, 2=com.java.Objects.TestDataDetails@1cbd2c5, 3=com.java.Objects.TestDataDetails@14e6c9b, 4=com.java.Objects.TestDataDetails@a22b9c, 5=com.java.Objects.TestDataDetails@a61465, 6=com.java.Objects.TestDataDetails@16072, 7=com.java.Objects.TestDataDetails@1bcdc8, 8=com.java.Objects.TestDataDetails@8ecefb, 9=com.java.Objects.TestDataDetails@1b6a48d, 10=com.java.Objects.TestDataDetails@7eaba4}
[INFO ][2015-11-16 16:19:57,224][com.java.TestType] [  468] -  str(1) = 1
[INFO ][2015-11-16 16:19:57,224][com.java.TestType] [  471] - Test case Id is---1
[INFO ][2015-11-16 16:19:57,224][com.java.TestType] [  473] - 1
[INFO ][2015-11-16 16:19:57,224][com.java.TestType] [  468] -  str(2) = 11
[INFO ][2015-11-16 16:19:57,225][com.java.TestType] [  520] - row values are--------{1=com.java.Objects.TestDataDetails@edc0e0, 2=com.java.Objects.TestDataDetails@1cbd2c5, 3=com.java.Objects.TestDataDetails@14e6c9b, 4=com.java.Objects.TestDataDetails@a22b9c, 5=com.java.Objects.TestDataDetails@a61465, 6=com.java.Objects.TestDataDetails@16072, 7=com.java.Objects.TestDataDetails@1bcdc8, 8=com.java.Objects.TestDataDetails@8ecefb, 9=com.java.Objects.TestDataDetails@1b6a48d, 10=com.java.Objects.TestDataDetails@7eaba4, 11=com.java.Objects.TestDataDetails@1658567}
[INFO ][2015-11-16 16:19:57,225][com.java.TestType] [  468] -  str(1) = 1
[INFO ][2015-11-16 16:19:57,226][com.java.TestType] [  471] - Test case Id is---1
[INFO ][2015-11-16 16:19:57,226][com.java.TestType] [  473] - 1
[INFO ][2015-11-16 16:19:57,226][com.java.TestType] [  468] -  str(2) = 12
[INFO ][2015-11-16 16:19:57,226][com.java.TestType] [  520] - row values are--------{1=com.java.Objects.TestDataDetails@edc0e0, 2=com.java.Objects.TestDataDetails@1cbd2c5, 3=com.java.Objects.TestDataDetails@14e6c9b, 4=com.java.Objects.TestDataDetails@a22b9c, 5=com.java.Objects.TestDataDetails@a61465, 6=com.java.Objects.TestDataDetails@16072, 7=com.java.Objects.TestDataDetails@1bcdc8, 8=com.java.Objects.TestDataDetails@8ecefb, 9=com.java.Objects.TestDataDetails@1b6a48d, 10=com.java.Objects.TestDataDetails@7eaba4, 11=com.java.Objects.TestDataDetails@1658567, 12=com.java.Objects.TestDataDetails@1b81acf}
[INFO ][2015-11-16 16:19:57,226][com.java.TestType] [  468] -  str(1) = 1
[INFO ][2015-11-16 16:19:57,227][com.java.TestType] [  471] - Test case Id is---1
[INFO ][2015-11-16 16:19:57,227][com.java.TestType] [  473] - 1
[INFO ][2015-11-16 16:19:57,227][com.java.TestType] [  468] -  str(2) = 13
[INFO ][2015-11-16 16:19:57,227][com.java.TestType] [  520] - row values are--------{1=com.java.Objects.TestDataDetails@edc0e0, 2=com.java.Objects.TestDataDetails@1cbd2c5, 3=com.java.Objects.TestDataDetails@14e6c9b, 4=com.java.Objects.TestDataDetails@a22b9c, 5=com.java.Objects.TestDataDetails@a61465, 6=com.java.Objects.TestDataDetails@16072, 7=com.java.Objects.TestDataDetails@1bcdc8, 8=com.java.Objects.TestDataDetails@8ecefb, 9=com.java.Objects.TestDataDetails@1b6a48d, 10=com.java.Objects.TestDataDetails@7eaba4, 11=com.java.Objects.TestDataDetails@1658567, 12=com.java.Objects.TestDataDetails@1b81acf, 13=com.java.Objects.TestDataDetails@1b9e6d7}
[INFO ][2015-11-16 16:19:57,227][com.java.TestType] [  468] -  str(1) = 1
[INFO ][2015-11-16 16:19:57,228][com.java.TestType] [  471] - Test case Id is---1
[INFO ][2015-11-16 16:19:57,229][com.java.TestType] [  473] - 1
[INFO ][2015-11-16 16:19:57,229][com.java.TestType] [  468] -  str(2) = 14
[INFO ][2015-11-16 16:19:57,230][com.java.TestType] [  520] - row values are--------{1=com.java.Objects.TestDataDetails@edc0e0, 2=com.java.Objects.TestDataDetails@1cbd2c5, 3=com.java.Objects.TestDataDetails@14e6c9b, 4=com.java.Objects.TestDataDetails@a22b9c, 5=com.java.Objects.TestDataDetails@a61465, 6=com.java.Objects.TestDataDetails@16072, 7=com.java.Objects.TestDataDetails@1bcdc8, 8=com.java.Objects.TestDataDetails@8ecefb, 9=com.java.Objects.TestDataDetails@1b6a48d, 10=com.java.Objects.TestDataDetails@7eaba4, 11=com.java.Objects.TestDataDetails@1658567, 12=com.java.Objects.TestDataDetails@1b81acf, 13=com.java.Objects.TestDataDetails@1b9e6d7, 14=com.java.Objects.TestDataDetails@13fba84}
[INFO ][2015-11-16 16:19:57,230][com.java.TestType] [ 8751] - Looping 1TCID = 1
[DEBUG][2015-11-16 16:19:57,230][com.java.TestType] [ 8792] - Concept ID:1 :: Step being Executed: 1::1
[INFO ][2015-11-16 16:19:57,231][com.java.TestType] [ 8830] - dataFields : TXTusername
[DEBUG][2015-11-16 16:19:57,231][com.java.TestType] [ 8836] - <In Set values of the page>
[DEBUG][2015-11-16 16:19:57,231][com.java.TestType] [ 8841] - {Data Fields & Data Values Exist}
[INFO ][2015-11-16 16:19:57,231][com.java.TestType] [ 8847] - --------------------------setting values-----------------------------
[INFO ][2015-11-16 16:19:57,231][com.java.TestType] [ 8850] - Action Type : CLEARANDENTER
[INFO ][2015-11-16 16:19:57,231][com.java.TestType] [ 4449] - value = naresh.nayini.00000
[INFO ][2015-11-16 16:20:02,066][com.java.TestType] [ 8869] -  RESULT true
[INFO ][2015-11-16 16:20:02,067][com.java.TestType] [ 8986] - ?   P A S S   ?
[DEBUG][2015-11-16 16:20:02,068][com.java.TestType] [ 8792] - Concept ID:1 :: Step being Executed: 1::2
[INFO ][2015-11-16 16:20:02,068][com.java.TestType] [ 8830] - dataFields : TXTpassword
[DEBUG][2015-11-16 16:20:02,068][com.java.TestType] [ 8836] - <In Set values of the page>
[DEBUG][2015-11-16 16:20:02,068][com.java.TestType] [ 8841] - {Data Fields & Data Values Exist}
[INFO ][2015-11-16 16:20:02,068][com.java.TestType] [ 8847] - --------------------------setting values-----------------------------
[INFO ][2015-11-16 16:20:02,068][com.java.TestType] [ 8850] - Action Type : CLEARANDENTER
[INFO ][2015-11-16 16:20:02,068][com.java.TestType] [ 4449] - value = Password1*
[INFO ][2015-11-16 16:20:07,000][com.java.TestType] [ 8869] -  RESULT true
[INFO ][2015-11-16 16:20:07,000][com.java.TestType] [ 8986] - ?   P A S S   ?
[DEBUG][2015-11-16 16:20:07,000][com.java.TestType] [ 8792] - Concept ID:1 :: Step being Executed: 1::3
[ERROR][2015-11-16 16:20:07,000][com.java.TestType] [ 8825] - Exception: null
[INFO ][2015-11-16 16:20:07,000][com.java.TestType] [ 8830] - dataFields : XPH//button[@type='submit']
[DEBUG][2015-11-16 16:20:07,000][com.java.TestType] [ 8836] - <In Set values of the page>
[DEBUG][2015-11-16 16:20:07,000][com.java.TestType] [ 8841] - {Data Fields & Data Values Exist}
[INFO ][2015-11-16 16:20:07,000][com.java.TestType] [ 8847] - --------------------------setting values-----------------------------
[INFO ][2015-11-16 16:20:07,000][com.java.TestType] [ 8850] - Action Type : Click
[INFO ][2015-11-16 16:20:07,001][com.java.TestType] [ 4762] - Field ::XPH//button[@type='submit']
[INFO ][2015-11-16 16:20:08,003][com.java.TestType] [ 4821] - BEFORE CLICK
[INFO ][2015-11-16 16:20:15,722][com.java.TestType] [ 4829] - Unable to click the object Login
[INFO ][2015-11-16 16:20:15,722][com.java.TestType] [ 8869] -  RESULT true
[INFO ][2015-11-16 16:20:15,722][com.java.TestType] [ 8986] - ?   P A S S   ?
[DEBUG][2015-11-16 16:20:15,722][com.java.TestType] [ 8792] - Concept ID:1 :: Step being Executed: 1::4
[INFO ][2015-11-16 16:20:15,722][com.java.TestType] [ 8830] - dataFields : LNKLogout
[DEBUG][2015-11-16 16:20:15,722][com.java.TestType] [ 8836] - <In Set values of the page>
[DEBUG][2015-11-16 16:20:15,722][com.java.TestType] [ 8841] - {Data Fields & Data Values Exist}
[INFO ][2015-11-16 16:20:15,722][com.java.TestType] [ 8847] - --------------------------setting values-----------------------------
[INFO ][2015-11-16 16:20:15,722][com.java.TestType] [ 8850] - Action Type : WaitForElement
[INFO ][2015-11-16 16:20:15,758][com.java.TestType] [ 8869] -  RESULT true
[INFO ][2015-11-16 16:20:15,758][com.java.TestType] [ 8986] - ?   P A S S   ?
[DEBUG][2015-11-16 16:20:15,758][com.java.TestType] [ 8792] - Concept ID:1 :: Step being Executed: 1::13
[INFO ][2015-11-16 16:20:15,758][com.java.TestType] [ 8830] - dataFields : LNK
[DEBUG][2015-11-16 16:20:15,758][com.java.TestType] [ 8836] - <In Set values of the page>
[DEBUG][2015-11-16 16:20:15,758][com.java.TestType] [ 8841] - {Data Fields & Data Values Exist}
[INFO ][2015-11-16 16:20:15,759][com.java.TestType] [ 8847] - --------------------------setting values-----------------------------
[INFO ][2015-11-16 16:20:15,759][com.java.TestType] [ 8850] - Action Type : Verify
[INFO ][2015-11-16 16:20:15,759][com.java.TestType] [ 5556] - field= LNK value= Logout
[INFO ][2015-11-16 16:20:15,759][com.java.TestType] [ 4449] - value = Logout
[INFO ][2015-11-16 16:20:15,795][com.java.TestType] [ 8869] -  RESULT true
[INFO ][2015-11-16 16:20:15,795][com.java.TestType] [ 8986] - ?   P A S S   ?
[DEBUG][2015-11-16 16:20:15,795][com.java.TestType] [ 8792] - Concept ID:1 :: Step being Executed: 1::14
[INFO ][2015-11-16 16:20:15,795][com.java.TestType] [ 8830] - dataFields : BTN
[DEBUG][2015-11-16 16:20:15,795][com.java.TestType] [ 8836] - <In Set values of the page>
[DEBUG][2015-11-16 16:20:15,796][com.java.TestType] [ 8841] - {Data Fields & Data Values Exist}
[INFO ][2015-11-16 16:20:15,796][com.java.TestType] [ 8847] - --------------------------setting values-----------------------------
[INFO ][2015-11-16 16:20:15,796][com.java.TestType] [ 8850] - Action Type : Verify
[INFO ][2015-11-16 16:20:15,796][com.java.TestType] [ 5556] - field= BTN value= //img[contains(@src,'bdlogo.jpg')]
[INFO ][2015-11-16 16:20:15,796][com.java.TestType] [ 4449] - value = //img[contains(@src,'bdlogo.jpg')]
[INFO ][2015-11-16 16:20:15,832][com.java.TestType] [ 8869] -  RESULT true
[INFO ][2015-11-16 16:20:15,832][com.java.TestType] [ 8986] - ?   P A S S   ?
[INFO ][2015-11-16 16:20:15,832][com.java.TestType] [ 9057] - Looping End......
[INFO ][2015-11-16 16:20:15,836][com.java.SeleniumDriver] [  869] -  RESULT true
[INFO ][2015-11-16 16:20:15,836][com.java.SeleniumDriver] [ 1074] - ?   P A S S   ?
[INFO ][2015-11-16 16:20:15,836][com.java.SeleniumDriver] [  796] - ------------------------------------------
[INFO ][2015-11-16 16:20:15,836][com.java.SeleniumDriver] [  797] - Test case being Executed: 1
[INFO ][2015-11-16 16:20:15,836][com.java.SeleniumDriver] [  808] - Test step:2
[INFO ][2015-11-16 16:20:15,836][com.java.SeleniumDriver] [  820] - Datavalue is----------Concept#2:1-2
[INFO ][2015-11-16 16:20:15,836][com.java.SeleniumDriver] [  844] - DataField : test
[INFO ][2015-11-16 16:20:15,836][com.java.SeleniumDriver] [  846] - DataValue : Concept#2:1-2
[INFO ][2015-11-16 16:20:15,836][com.java.SeleniumDriver] [  852] - <In Set values of the page>
[INFO ][2015-11-16 16:20:15,836][com.java.SeleniumDriver] [  855] - {Data Fields & Data Values Exist}
[INFO ][2015-11-16 16:20:15,836][com.java.SeleniumDriver] [  857] - --------------------------setting values-----------------------------
[INFO ][2015-11-16 16:20:15,836][com.java.SeleniumDriver] [  860] - Action Type : ExecuteTestCase
[INFO ][2015-11-16 16:20:15,837][com.java.TestType] [  423] - The Concept sheet name is ---------- Concept
[INFO ][2015-11-16 16:20:15,837][com.java.TestType] [  426] - The Concept ID  is ---------- 2
[DEBUG][2015-11-16 16:20:15,837][com.java.TestType] [  430] - Steps being executted in the Concept are: 1:2
[INFO ][2015-11-16 16:20:15,837][com.java.TestType] [  437] - Test data details path ---------- D:\BankersDashboard\TestInputs\TestData.xls
[INFO ][2015-11-16 16:20:15,866][com.java.TestType] [  468] -  str(1) = 2
[INFO ][2015-11-16 16:20:15,867][com.java.TestType] [  471] - Test case Id is---2
[INFO ][2015-11-16 16:20:15,867][com.java.TestType] [  473] - 2
[INFO ][2015-11-16 16:20:15,867][com.java.TestType] [  468] -  str(2) = 1
[INFO ][2015-11-16 16:20:15,869][com.java.TestType] [  520] - row values are--------{1=com.java.Objects.TestDataDetails@1f203d7}
[INFO ][2015-11-16 16:20:15,869][com.java.TestType] [  468] -  str(1) = 2
[INFO ][2015-11-16 16:20:15,870][com.java.TestType] [  471] - Test case Id is---2
[INFO ][2015-11-16 16:20:15,870][com.java.TestType] [  473] - 2
[INFO ][2015-11-16 16:20:15,870][com.java.TestType] [  468] -  str(2) = 2
[INFO ][2015-11-16 16:20:15,870][com.java.TestType] [  520] - row values are--------{1=com.java.Objects.TestDataDetails@1f203d7, 2=com.java.Objects.TestDataDetails@3f3ce5}
[INFO ][2015-11-16 16:20:15,871][com.java.TestType] [  468] -  str(1) = 2
[INFO ][2015-11-16 16:20:15,871][com.java.TestType] [  471] - Test case Id is---2
[INFO ][2015-11-16 16:20:15,871][com.java.TestType] [  473] - 2
[INFO ][2015-11-16 16:20:15,871][com.java.TestType] [  468] -  str(2) = 3
[INFO ][2015-11-16 16:20:15,871][com.java.TestType] [  520] - row values are--------{1=com.java.Objects.TestDataDetails@1f203d7, 2=com.java.Objects.TestDataDetails@3f3ce5, 3=com.java.Objects.TestDataDetails@7248ad}
[INFO ][2015-11-16 16:20:15,871][com.java.TestType] [ 8751] - Looping 1TCID = 2
[DEBUG][2015-11-16 16:20:15,872][com.java.TestType] [ 8792] - Concept ID:2 :: Step being Executed: 2::1
[INFO ][2015-11-16 16:20:15,872][com.java.TestType] [ 8830] - dataFields : BNK//select[@id='bank']
[DEBUG][2015-11-16 16:20:15,872][com.java.TestType] [ 8836] - <In Set values of the page>
[DEBUG][2015-11-16 16:20:15,872][com.java.TestType] [ 8841] - {Data Fields & Data Values Exist}
[INFO ][2015-11-16 16:20:15,872][com.java.TestType] [ 8847] - --------------------------setting values-----------------------------
[INFO ][2015-11-16 16:20:15,872][com.java.TestType] [ 8850] - Action Type : Select
[INFO ][2015-11-16 16:20:15,872][com.java.TestType] [ 4449] - value = PFC
[INFO ][2015-11-16 16:20:16,073][com.java.TestType] [ 8869] -  RESULT true
[INFO ][2015-11-16 16:20:16,073][com.java.TestType] [ 8986] - ?   P A S S   ?
[DEBUG][2015-11-16 16:20:16,074][com.java.TestType] [ 8792] - Concept ID:2 :: Step being Executed: 2::2
[INFO ][2015-11-16 16:20:16,074][com.java.TestType] [ 8830] - dataFields : LNKLogout
[DEBUG][2015-11-16 16:20:16,074][com.java.TestType] [ 8836] - <In Set values of the page>
[DEBUG][2015-11-16 16:20:16,074][com.java.TestType] [ 8841] - {Data Fields & Data Values Exist}
[INFO ][2015-11-16 16:20:16,074][com.java.TestType] [ 8847] - --------------------------setting values-----------------------------
[INFO ][2015-11-16 16:20:16,074][com.java.TestType] [ 8850] - Action Type : WaitTime
[DEBUG][2015-11-16 16:20:16,074][com.java.TestType] [ 4284] - sleepTime: 5000
[INFO ][2015-11-16 16:20:21,075][com.java.TestType] [ 8869] -  RESULT true
[INFO ][2015-11-16 16:20:21,075][com.java.TestType] [ 8986] - ?   P A S S   ?
[INFO ][2015-11-16 16:20:21,075][com.java.TestType] [ 9057] - Looping End......
[INFO ][2015-11-16 16:20:21,078][com.java.SeleniumDriver] [  869] -  RESULT true
[INFO ][2015-11-16 16:20:21,079][com.java.SeleniumDriver] [ 1074] - ?   P A S S   ?
[INFO ][2015-11-16 16:20:21,079][com.java.SeleniumDriver] [  796] - ------------------------------------------
[INFO ][2015-11-16 16:20:21,079][com.java.SeleniumDriver] [  797] - Test case being Executed: 1
[INFO ][2015-11-16 16:20:21,079][com.java.SeleniumDriver] [  808] - Test step:3
[INFO ][2015-11-16 16:20:21,079][com.java.SeleniumDriver] [  820] - Datavalue is----------2
[INFO ][2015-11-16 16:20:21,079][com.java.SeleniumDriver] [  844] - DataField : XPH//button[contains(text(),'Add Content')]
[INFO ][2015-11-16 16:20:21,079][com.java.SeleniumDriver] [  846] - DataValue : 2
[INFO ][2015-11-16 16:20:21,079][com.java.SeleniumDriver] [  852] - <In Set values of the page>
[INFO ][2015-11-16 16:20:21,079][com.java.SeleniumDriver] [  855] - {Data Fields & Data Values Exist}
[INFO ][2015-11-16 16:20:21,079][com.java.SeleniumDriver] [  857] - --------------------------setting values-----------------------------
[INFO ][2015-11-16 16:20:21,079][com.java.SeleniumDriver] [  860] - Action Type : WAITFORELEMENT
[INFO ][2015-11-16 16:20:21,113][com.java.SeleniumDriver] [  869] -  RESULT true
[INFO ][2015-11-16 16:20:21,113][com.java.SeleniumDriver] [ 1074] - ?   P A S S   ?
[DEBUG][2015-11-16 16:20:21,113][com.java.SeleniumDriver] [ 1176] - Case found
[DEBUG][2015-11-16 16:20:21,113][com.java.SeleniumDriver] [ 1181] - Incrementing ReportCounters[0]:1
[INFO ][2015-11-16 16:20:21,113][com.java.SeleniumDriver] [ 1200] - The results are-------------------[1, 1, Valid Login, Pass, , Mon Nov 16 16:20:15 IST 2015, 1, 2, Valid Login, Pass, , Mon Nov 16 16:20:21 IST 2015, 1, 3, Valid Login, Pass, , Mon Nov 16 16:20:21 IST 2015]
[INFO ][2015-11-16 16:20:21,113][com.java.SeleniumDriver] [ 1204] - End time is-------37 sec
[INFO ][2015-11-16 16:20:21,113][com.java.SeleniumDriver] [ 1205] - The results are-------------------[1, 1, Valid Login, Pass, , Mon Nov 16 16:20:15 IST 2015, 1, 2, Valid Login, Pass, , Mon Nov 16 16:20:21 IST 2015, 1, 3, Valid Login, Pass, , Mon Nov 16 16:20:21 IST 2015]
[DEBUG][2015-11-16 16:20:21,113][com.java.ImportnExport.ExportTestResultsExcel] [  222] - testResultPath = D:\BankersDashboard/TestReports/Test Results_BankersDashBoard_111615_161946_IE11_Any Bank USA.xls
[DEBUG][2015-11-16 16:20:21,114][com.java.ImportnExport.ExportTestResultsExcel] [  223] - browser is------------IE11
[DEBUG][2015-11-16 16:20:21,171][com.java.ImportnExport.ExportTestResultsExcel] [  270] - result.size() = 18
[DEBUG][2015-11-16 16:20:21,171][com.java.ImportnExport.ExportTestResultsExcel] [  274] - No of rows in sheet=1
[DEBUG][2015-11-16 16:20:21,171][com.java.ImportnExport.ExportTestResultsExcel] [  301] - ..in export..1
[DEBUG][2015-11-16 16:20:21,171][com.java.ImportnExport.ExportTestResultsExcel] [  301] - ..in export..Valid Login
[DEBUG][2015-11-16 16:20:21,171][com.java.ImportnExport.ExportTestResultsExcel] [  301] - ..in export..Pass
[DEBUG][2015-11-16 16:20:21,171][com.java.ImportnExport.ExportTestResultsExcel] [  301] - ..in export..
[DEBUG][2015-11-16 16:20:21,171][com.java.ImportnExport.ExportTestResultsExcel] [  301] - ..in export..Mon Nov 16 16:20:15 IST 2015
[INFO ][2015-11-16 16:20:21,173][com.java.SeleniumDriver] [ 1263] - out loop:0 size:2 TestCases:[1, 9] testcases:[1, 9]
[INFO ][2015-11-16 16:20:21,173][com.java.ImportnExport.ImportTestDataDetailsExcel] [   49] - test data details path===== D:\BankersDashboard\TestInputs\TestData.xls
[INFO ][2015-11-16 16:20:39,486][com.java.SeleniumDriver] [  796] - ------------------------------------------
[INFO ][2015-11-16 16:20:39,486][com.java.SeleniumDriver] [  797] - Test case being Executed: 9
[INFO ][2015-11-16 16:20:39,486][com.java.SeleniumDriver] [  808] - Test step:1
[INFO ][2015-11-16 16:20:39,486][com.java.SeleniumDriver] [  820] - Datavalue is----------Logout
[INFO ][2015-11-16 16:20:39,486][com.java.SeleniumDriver] [  844] - DataField : BTN
[INFO ][2015-11-16 16:20:39,486][com.java.SeleniumDriver] [  846] - DataValue : Logout
[INFO ][2015-11-16 16:20:39,486][com.java.SeleniumDriver] [  852] - <In Set values of the page>
[INFO ][2015-11-16 16:20:39,486][com.java.SeleniumDriver] [  855] - {Data Fields & Data Values Exist}
[INFO ][2015-11-16 16:20:39,486][com.java.SeleniumDriver] [  857] - --------------------------setting values-----------------------------
[INFO ][2015-11-16 16:20:39,486][com.java.SeleniumDriver] [  860] - Action Type : Verify
[INFO ][2015-11-16 16:20:39,486][com.java.TestType] [ 5556] - field= BTN value= Logout
[INFO ][2015-11-16 16:20:39,486][com.java.TestType] [ 4449] - value = Logout
[INFO ][2015-11-16 16:20:39,530][com.java.SeleniumDriver] [  869] -  RESULT true
[INFO ][2015-11-16 16:20:39,530][com.java.SeleniumDriver] [ 1074] - ?   P A S S   ?
[INFO ][2015-11-16 16:20:39,530][com.java.SeleniumDriver] [ 1116] - step change to 3
[INFO ][2015-11-16 16:20:39,530][com.java.SeleniumDriver] [  796] - ------------------------------------------
[INFO ][2015-11-16 16:20:39,530][com.java.SeleniumDriver] [  797] - Test case being Executed: 9
[INFO ][2015-11-16 16:20:39,530][com.java.SeleniumDriver] [  808] - Test step:3
[INFO ][2015-11-16 16:20:39,531][com.java.SeleniumDriver] [  820] - Datavalue is----------Concept#2:1-2
[INFO ][2015-11-16 16:20:39,531][com.java.SeleniumDriver] [  844] - DataField : test
[INFO ][2015-11-16 16:20:39,531][com.java.SeleniumDriver] [  846] - DataValue : Concept#2:1-2
[INFO ][2015-11-16 16:20:39,531][com.java.SeleniumDriver] [  852] - <In Set values of the page>
[INFO ][2015-11-16 16:20:39,531][com.java.SeleniumDriver] [  855] - {Data Fields & Data Values Exist}
[INFO ][2015-11-16 16:20:39,531][com.java.SeleniumDriver] [  857] - --------------------------setting values-----------------------------
[INFO ][2015-11-16 16:20:39,531][com.java.SeleniumDriver] [  860] - Action Type : ExecuteTestCase
[INFO ][2015-11-16 16:20:39,531][com.java.TestType] [  423] - The Concept sheet name is ---------- Concept
[INFO ][2015-11-16 16:20:39,531][com.java.TestType] [  426] - The Concept ID  is ---------- 2
[DEBUG][2015-11-16 16:20:39,531][com.java.TestType] [  430] - Steps being executted in the Concept are: 1:2
[INFO ][2015-11-16 16:20:39,531][com.java.TestType] [  437] - Test data details path ---------- D:\BankersDashboard\TestInputs\TestData.xls
[INFO ][2015-11-16 16:20:39,560][com.java.TestType] [  468] -  str(1) = 2
[INFO ][2015-11-16 16:20:39,560][com.java.TestType] [  471] - Test case Id is---2
[INFO ][2015-11-16 16:20:39,560][com.java.TestType] [  473] - 2
[INFO ][2015-11-16 16:20:39,560][com.java.TestType] [  468] -  str(2) = 1
[INFO ][2015-11-16 16:20:39,561][com.java.TestType] [  520] - row values are--------{1=com.java.Objects.TestDataDetails@f7f738}
[INFO ][2015-11-16 16:20:39,561][com.java.TestType] [  468] -  str(1) = 2
[INFO ][2015-11-16 16:20:39,561][com.java.TestType] [  471] - Test case Id is---2
[INFO ][2015-11-16 16:20:39,561][com.java.TestType] [  473] - 2
[INFO ][2015-11-16 16:20:39,562][com.java.TestType] [  468] -  str(2) = 2
[INFO ][2015-11-16 16:20:39,562][com.java.TestType] [  520] - row values are--------{1=com.java.Objects.TestDataDetails@f7f738, 2=com.java.Objects.TestDataDetails@c6d5cd}
[INFO ][2015-11-16 16:20:39,562][com.java.TestType] [  468] -  str(1) = 2
[INFO ][2015-11-16 16:20:39,562][com.java.TestType] [  471] - Test case Id is---2
[INFO ][2015-11-16 16:20:39,562][com.java.TestType] [  473] - 2
[INFO ][2015-11-16 16:20:39,562][com.java.TestType] [  468] -  str(2) = 3
[INFO ][2015-11-16 16:20:39,564][com.java.TestType] [  520] - row values are--------{1=com.java.Objects.TestDataDetails@f7f738, 2=com.java.Objects.TestDataDetails@c6d5cd, 3=com.java.Objects.TestDataDetails@1ba744b}
[INFO ][2015-11-16 16:20:39,564][com.java.TestType] [ 8751] - Looping 1TCID = 2
[DEBUG][2015-11-16 16:20:39,564][com.java.TestType] [ 8792] - Concept ID:2 :: Step being Executed: 2::1
[INFO ][2015-11-16 16:20:39,564][com.java.TestType] [ 8830] - dataFields : BNK//select[@id='bank']
[DEBUG][2015-11-16 16:20:39,564][com.java.TestType] [ 8836] - <In Set values of the page>
[DEBUG][2015-11-16 16:20:39,564][com.java.TestType] [ 8841] - {Data Fields & Data Values Exist}
[INFO ][2015-11-16 16:20:39,564][com.java.TestType] [ 8847] - --------------------------setting values-----------------------------
[INFO ][2015-11-16 16:20:39,564][com.java.TestType] [ 8850] - Action Type : Select
[INFO ][2015-11-16 16:20:39,565][com.java.TestType] [ 4449] - value = PFC
[INFO ][2015-11-16 16:20:39,763][com.java.TestType] [ 8869] -  RESULT true
[INFO ][2015-11-16 16:20:39,763][com.java.TestType] [ 8986] - ?   P A S S   ?
[DEBUG][2015-11-16 16:20:39,763][com.java.TestType] [ 8792] - Concept ID:2 :: Step being Executed: 2::2
[INFO ][2015-11-16 16:20:39,763][com.java.TestType] [ 8830] - dataFields : LNKLogout
[DEBUG][2015-11-16 16:20:39,763][com.java.TestType] [ 8836] - <In Set values of the page>
[DEBUG][2015-11-16 16:20:39,763][com.java.TestType] [ 8841] - {Data Fields & Data Values Exist}
[INFO ][2015-11-16 16:20:39,763][com.java.TestType] [ 8847] - --------------------------setting values-----------------------------
[INFO ][2015-11-16 16:20:39,763][com.java.TestType] [ 8850] - Action Type : WaitTime
[DEBUG][2015-11-16 16:20:39,763][com.java.TestType] [ 4284] - sleepTime: 5000
[INFO ][2015-11-16 16:20:44,763][com.java.TestType] [ 8869] -  RESULT true
[INFO ][2015-11-16 16:20:44,763][com.java.TestType] [ 8986] - ?   P A S S   ?
[INFO ][2015-11-16 16:20:44,763][com.java.TestType] [ 9057] - Looping End......
[INFO ][2015-11-16 16:20:44,766][com.java.SeleniumDriver] [  869] -  RESULT true
[INFO ][2015-11-16 16:20:44,767][com.java.SeleniumDriver] [ 1074] - ?   P A S S   ?
[INFO ][2015-11-16 16:20:44,767][com.java.SeleniumDriver] [  796] - ------------------------------------------
[INFO ][2015-11-16 16:20:44,767][com.java.SeleniumDriver] [  797] - Test case being Executed: 9
[INFO ][2015-11-16 16:20:44,767][com.java.SeleniumDriver] [  808] - Test step:4
[INFO ][2015-11-16 16:20:44,767][com.java.SeleniumDriver] [  820] - Datavalue is----------3
[INFO ][2015-11-16 16:20:44,767][com.java.SeleniumDriver] [  844] - DataField : XPH//img[@id='loading']
[INFO ][2015-11-16 16:20:44,767][com.java.SeleniumDriver] [  846] - DataValue : 3
[INFO ][2015-11-16 16:20:44,767][com.java.SeleniumDriver] [  852] - <In Set values of the page>
[INFO ][2015-11-16 16:20:44,767][com.java.SeleniumDriver] [  855] - {Data Fields & Data Values Exist}
[INFO ][2015-11-16 16:20:44,767][com.java.SeleniumDriver] [  857] - --------------------------setting values-----------------------------
[INFO ][2015-11-16 16:20:44,767][com.java.SeleniumDriver] [  860] - Action Type : WaitForElement
[INFO ][2015-11-16 16:20:44,801][com.java.SeleniumDriver] [  869] -  RESULT true
[INFO ][2015-11-16 16:20:44,801][com.java.SeleniumDriver] [ 1074] - ?   P A S S   ?
[INFO ][2015-11-16 16:20:44,801][com.java.SeleniumDriver] [  796] - ------------------------------------------
[INFO ][2015-11-16 16:20:44,801][com.java.SeleniumDriver] [  797] - Test case being Executed: 9
[INFO ][2015-11-16 16:20:44,801][com.java.SeleniumDriver] [  808] - Test step:5
[INFO ][2015-11-16 16:20:44,803][com.java.SeleniumDriver] [  820] - Datavalue is----------90
[INFO ][2015-11-16 16:20:44,803][com.java.SeleniumDriver] [  844] - DataField : XPH//img[@id='loading']
[INFO ][2015-11-16 16:20:44,803][com.java.SeleniumDriver] [  846] - DataValue : 90
[INFO ][2015-11-16 16:20:44,803][com.java.SeleniumDriver] [  852] - <In Set values of the page>
[INFO ][2015-11-16 16:20:44,803][com.java.SeleniumDriver] [  855] - {Data Fields & Data Values Exist}
[INFO ][2015-11-16 16:20:44,803][com.java.SeleniumDriver] [  857] - --------------------------setting values-----------------------------
[INFO ][2015-11-16 16:20:44,803][com.java.SeleniumDriver] [  860] - Action Type : waitForElementNotPresent
[INFO ][2015-11-16 16:20:44,911][com.java.SeleniumDriver] [  869] -  RESULT true
[INFO ][2015-11-16 16:20:44,911][com.java.SeleniumDriver] [ 1074] - ?   P A S S   ?
[INFO ][2015-11-16 16:20:44,911][com.java.SeleniumDriver] [  796] - ------------------------------------------
[INFO ][2015-11-16 16:20:44,911][com.java.SeleniumDriver] [  797] - Test case being Executed: 9
[INFO ][2015-11-16 16:20:44,911][com.java.SeleniumDriver] [  808] - Test step:6
[INFO ][2015-11-16 16:20:44,911][com.java.SeleniumDriver] [  820] - Datavalue is----------My Dashboard 
[INFO ][2015-11-16 16:20:44,911][com.java.SeleniumDriver] [  844] - DataField : XPH//div[@id='newusercontent']/div/ul/li/div/div
[INFO ][2015-11-16 16:20:44,911][com.java.SeleniumDriver] [  846] - DataValue : My Dashboard 
[INFO ][2015-11-16 16:20:44,911][com.java.SeleniumDriver] [  852] - <In Set values of the page>
[INFO ][2015-11-16 16:20:44,911][com.java.SeleniumDriver] [  855] - {Data Fields & Data Values Exist}
[INFO ][2015-11-16 16:20:44,911][com.java.SeleniumDriver] [  857] - --------------------------setting values-----------------------------
[INFO ][2015-11-16 16:20:44,911][com.java.SeleniumDriver] [  860] - Action Type : Verify
[INFO ][2015-11-16 16:20:44,912][com.java.TestType] [ 5556] - field= XPH//div[@id='newusercontent']/div/ul/li/div/div value= My Dashboard 
[INFO ][2015-11-16 16:20:44,912][com.java.TestType] [ 4449] - value = My Dashboard 
[INFO ][2015-11-16 16:20:45,067][com.java.SeleniumDriver] [  869] -  RESULT true
[INFO ][2015-11-16 16:20:45,067][com.java.SeleniumDriver] [ 1074] - ?   P A S S   ?
[INFO ][2015-11-16 16:20:45,067][com.java.SeleniumDriver] [  796] - ------------------------------------------
[INFO ][2015-11-16 16:20:45,067][com.java.SeleniumDriver] [  797] - Test case being Executed: 9
[INFO ][2015-11-16 16:20:45,067][com.java.SeleniumDriver] [  808] - Test step:7
[INFO ][2015-11-16 16:20:45,067][com.java.SeleniumDriver] [  820] - Datavalue is----------null
[DEBUG][2015-11-16 16:20:45,067][com.java.SeleniumDriver] [  838] - Exception: null
[INFO ][2015-11-16 16:20:45,067][com.java.SeleniumDriver] [  844] - DataField : //span[@class='icon-coin']&&//ul[@id='GL']/li[4]/a&&//a[@data-id='MargAnalysis']
[INFO ][2015-11-16 16:20:45,067][com.java.SeleniumDriver] [  846] - DataValue : 
[INFO ][2015-11-16 16:20:45,067][com.java.SeleniumDriver] [  852] - <In Set values of the page>
[INFO ][2015-11-16 16:20:45,067][com.java.SeleniumDriver] [  855] - {Data Fields & Data Values Exist}
[INFO ][2015-11-16 16:20:45,067][com.java.SeleniumDriver] [  857] - --------------------------setting values-----------------------------
[INFO ][2015-11-16 16:20:45,067][com.java.SeleniumDriver] [  860] - Action Type : MOUSEOVER
[INFO ][2015-11-16 16:21:17,784][com.java.SeleniumDriver] [  869] -  RESULT true
[INFO ][2015-11-16 16:21:17,784][com.java.SeleniumDriver] [ 1074] - ?   P A S S   ?
[INFO ][2015-11-16 16:21:17,784][com.java.SeleniumDriver] [  796] - ------------------------------------------
[INFO ][2015-11-16 16:21:17,784][com.java.SeleniumDriver] [  797] - Test case being Executed: 9
[INFO ][2015-11-16 16:21:17,784][com.java.SeleniumDriver] [  808] - Test step:8
[INFO ][2015-11-16 16:21:17,784][com.java.SeleniumDriver] [  820] - Datavalue is----------Margin Analysis
[INFO ][2015-11-16 16:21:17,784][com.java.SeleniumDriver] [  844] - DataField : XPH//span[@class='ui-dialog-title']
[INFO ][2015-11-16 16:21:17,784][com.java.SeleniumDriver] [  846] - DataValue : Margin Analysis
[INFO ][2015-11-16 16:21:17,784][com.java.SeleniumDriver] [  852] - <In Set values of the page>
[INFO ][2015-11-16 16:21:17,784][com.java.SeleniumDriver] [  855] - {Data Fields & Data Values Exist}
[INFO ][2015-11-16 16:21:17,784][com.java.SeleniumDriver] [  857] - --------------------------setting values-----------------------------
[INFO ][2015-11-16 16:21:17,784][com.java.SeleniumDriver] [  860] - Action Type : Verify
[INFO ][2015-11-16 16:21:17,785][com.java.TestType] [ 5556] - field= XPH//span[@class='ui-dialog-title'] value= Margin Analysis
[INFO ][2015-11-16 16:21:17,785][com.java.TestType] [ 4449] - value = Margin Analysis
[INFO ][2015-11-16 16:21:17,937][com.java.SeleniumDriver] [  869] -  RESULT true
[INFO ][2015-11-16 16:21:17,937][com.java.SeleniumDriver] [ 1074] - ?   P A S S   ?
[INFO ][2015-11-16 16:21:17,937][com.java.SeleniumDriver] [  796] - ------------------------------------------
[INFO ][2015-11-16 16:21:17,937][com.java.SeleniumDriver] [  797] - Test case being Executed: 9
[INFO ][2015-11-16 16:21:17,937][com.java.SeleniumDriver] [  808] - Test step:9
[INFO ][2015-11-16 16:21:17,937][com.java.SeleniumDriver] [  820] - Datavalue is----------null
[DEBUG][2015-11-16 16:21:17,937][com.java.SeleniumDriver] [  838] - Exception: null
[INFO ][2015-11-16 16:21:17,937][com.java.SeleniumDriver] [  844] - DataField : BTNframeDialogContent
[INFO ][2015-11-16 16:21:17,937][com.java.SeleniumDriver] [  846] - DataValue : 
[INFO ][2015-11-16 16:21:17,937][com.java.SeleniumDriver] [  852] - <In Set values of the page>
[INFO ][2015-11-16 16:21:17,937][com.java.SeleniumDriver] [  855] - {Data Fields & Data Values Exist}
[INFO ][2015-11-16 16:21:17,937][com.java.SeleniumDriver] [  857] - --------------------------setting values-----------------------------
[INFO ][2015-11-16 16:21:17,937][com.java.SeleniumDriver] [  860] - Action Type : SELECTFRAME
[INFO ][2015-11-16 16:21:19,220][com.java.SeleniumDriver] [  869] -  RESULT true
[INFO ][2015-11-16 16:21:19,220][com.java.SeleniumDriver] [ 1074] - ?   P A S S   ?
[INFO ][2015-11-16 16:21:19,220][com.java.SeleniumDriver] [  796] - ------------------------------------------
[INFO ][2015-11-16 16:21:19,220][com.java.SeleniumDriver] [  797] - Test case being Executed: 9
[INFO ][2015-11-16 16:21:19,220][com.java.SeleniumDriver] [  808] - Test step:10
[INFO ][2015-11-16 16:21:19,220][com.java.SeleniumDriver] [  820] - Datavalue is----------FEW:Administration|East Region|North Region|South Region|West Region
[INFO ][2015-11-16 16:21:19,220][com.java.SeleniumDriver] [  844] - DataField : SLBddlProfitCenter
[INFO ][2015-11-16 16:21:19,220][com.java.SeleniumDriver] [  846] - DataValue : FEW:Administration|East Region|North Region|South Region|West Region
[INFO ][2015-11-16 16:21:19,220][com.java.SeleniumDriver] [  852] - <In Set values of the page>
[INFO ][2015-11-16 16:21:19,220][com.java.SeleniumDriver] [  855] - {Data Fields & Data Values Exist}
[INFO ][2015-11-16 16:21:19,220][com.java.SeleniumDriver] [  857] - --------------------------setting values-----------------------------
[INFO ][2015-11-16 16:21:19,221][com.java.SeleniumDriver] [  860] - Action Type : Verify
[INFO ][2015-11-16 16:21:19,221][com.java.TestType] [ 5556] - field= SLBddlProfitCenter value= FEW:Administration|East Region|North Region|South Region|West Region
[INFO ][2015-11-16 16:21:19,221][com.java.TestType] [ 4449] - value = FEW:Administration|East Region|North Region|South Region|West Region
[INFO ][2015-11-16 16:21:22,713][com.java.TestType] [ 6044] - A Size: 5 size: 32
[INFO ][2015-11-16 16:21:22,717][com.java.SeleniumDriver] [  869] -  RESULT true
[INFO ][2015-11-16 16:21:22,717][com.java.SeleniumDriver] [ 1074] - ?   P A S S   ?
[INFO ][2015-11-16 16:21:22,717][com.java.SeleniumDriver] [  796] - ------------------------------------------
[INFO ][2015-11-16 16:21:22,717][com.java.SeleniumDriver] [  797] - Test case being Executed: 9
[INFO ][2015-11-16 16:21:22,717][com.java.SeleniumDriver] [  808] - Test step:11
[INFO ][2015-11-16 16:21:22,717][com.java.SeleniumDriver] [  820] - Datavalue is----------Split Calendar
[INFO ][2015-11-16 16:21:22,717][com.java.SeleniumDriver] [  844] - DataField : COBddlRange
[INFO ][2015-11-16 16:21:22,717][com.java.SeleniumDriver] [  846] - DataValue : Split Calendar
[INFO ][2015-11-16 16:21:22,717][com.java.SeleniumDriver] [  852] - <In Set values of the page>
[INFO ][2015-11-16 16:21:22,717][com.java.SeleniumDriver] [  855] - {Data Fields & Data Values Exist}
[INFO ][2015-11-16 16:21:22,718][com.java.SeleniumDriver] [  857] - --------------------------setting values-----------------------------
[INFO ][2015-11-16 16:21:22,718][com.java.SeleniumDriver] [  860] - Action Type : SELECT
[INFO ][2015-11-16 16:21:22,718][com.java.TestType] [ 4449] - value = Split Calendar
[INFO ][2015-11-16 16:21:23,830][com.java.TestType] [ 4567] -  In COB ddlRange : Split Calendar
[DEBUG][2015-11-16 16:21:24,929][com.java.TestType] [ 4592] - Java Script : javascript:var s = document.getElementById('ddlRange');for (i = 0; i< s.options.length; i++){   if (s.options[i].text.trim().toUpperCase() == 'SPLIT CALENDAR'){      s.options[i].selected = true;      s.click();      break;   }}
[INFO ][2015-11-16 16:21:26,941][com.java.SeleniumDriver] [  869] -  RESULT true
[INFO ][2015-11-16 16:21:26,941][com.java.SeleniumDriver] [ 1074] - ?   P A S S   ?
[INFO ][2015-11-16 16:21:26,941][com.java.SeleniumDriver] [  796] - ------------------------------------------
[INFO ][2015-11-16 16:21:26,941][com.java.SeleniumDriver] [  797] - Test case being Executed: 9
[INFO ][2015-11-16 16:21:26,941][com.java.SeleniumDriver] [  808] - Test step:12
[INFO ][2015-11-16 16:21:26,941][com.java.SeleniumDriver] [  820] - Datavalue is----------Split Calendar
[INFO ][2015-11-16 16:21:26,941][com.java.SeleniumDriver] [  844] - DataField : COBddlRange
[INFO ][2015-11-16 16:21:26,941][com.java.SeleniumDriver] [  846] - DataValue : Split Calendar
[INFO ][2015-11-16 16:21:26,941][com.java.SeleniumDriver] [  852] - <In Set values of the page>
[INFO ][2015-11-16 16:21:26,941][com.java.SeleniumDriver] [  855] - {Data Fields & Data Values Exist}
[INFO ][2015-11-16 16:21:26,941][com.java.SeleniumDriver] [  857] - --------------------------setting values-----------------------------
[INFO ][2015-11-16 16:21:26,941][com.java.SeleniumDriver] [  860] - Action Type : Verify
[INFO ][2015-11-16 16:21:26,942][com.java.TestType] [ 5556] - field= COBddlRange value= Split Calendar
[INFO ][2015-11-16 16:21:26,942][com.java.TestType] [ 4449] - value = Split Calendar
[INFO ][2015-11-16 16:21:27,193][com.java.SeleniumDriver] [  869] -  RESULT true
[INFO ][2015-11-16 16:21:27,193][com.java.SeleniumDriver] [ 1074] - ?   P A S S   ?
[INFO ][2015-11-16 16:21:27,193][com.java.SeleniumDriver] [  796] - ------------------------------------------
[INFO ][2015-11-16 16:21:27,193][com.java.SeleniumDriver] [  797] - Test case being Executed: 9
[INFO ][2015-11-16 16:21:27,193][com.java.SeleniumDriver] [  808] - Test step:13
[INFO ][2015-11-16 16:21:27,193][com.java.SeleniumDriver] [  820] - Datavalue is----------2
[INFO ][2015-11-16 16:21:27,193][com.java.SeleniumDriver] [  844] - DataField : null
[INFO ][2015-11-16 16:21:27,193][com.java.SeleniumDriver] [  846] - DataValue : 2
[INFO ][2015-11-16 16:21:27,193][com.java.SeleniumDriver] [  852] - <In Set values of the page>
[INFO ][2015-11-16 16:21:27,193][com.java.SeleniumDriver] [  855] - {Data Fields & Data Values Exist}
[INFO ][2015-11-16 16:21:27,195][com.java.SeleniumDriver] [  857] - --------------------------setting values-----------------------------
[INFO ][2015-11-16 16:21:27,195][com.java.SeleniumDriver] [  860] - Action Type : waittime
[DEBUG][2015-11-16 16:21:27,195][com.java.TestType] [ 4284] - sleepTime: 2000
[INFO ][2015-11-16 16:21:29,195][com.java.SeleniumDriver] [  869] -  RESULT true
[INFO ][2015-11-16 16:21:29,195][com.java.SeleniumDriver] [ 1074] - ?   P A S S   ?
[INFO ][2015-11-16 16:21:29,195][com.java.SeleniumDriver] [  796] - ------------------------------------------
[INFO ][2015-11-16 16:21:29,195][com.java.SeleniumDriver] [  797] - Test case being Executed: 9
[INFO ][2015-11-16 16:21:29,195][com.java.SeleniumDriver] [  808] - Test step:14
[INFO ][2015-11-16 16:21:29,195][com.java.SeleniumDriver] [  820] - Datavalue is----------null
[DEBUG][2015-11-16 16:21:29,195][com.java.SeleniumDriver] [  838] - Exception: null
[INFO ][2015-11-16 16:21:29,195][com.java.SeleniumDriver] [  844] - DataField : BTNddlRange
[INFO ][2015-11-16 16:21:29,195][com.java.SeleniumDriver] [  846] - DataValue : 
[INFO ][2015-11-16 16:21:29,195][com.java.SeleniumDriver] [  852] - <In Set values of the page>
[INFO ][2015-11-16 16:21:29,195][com.java.SeleniumDriver] [  855] - {Data Fields & Data Values Exist}
[INFO ][2015-11-16 16:21:29,195][com.java.SeleniumDriver] [  857] - --------------------------setting values-----------------------------
[INFO ][2015-11-16 16:21:29,195][com.java.SeleniumDriver] [  860] - Action Type : CLICK
[INFO ][2015-11-16 16:21:29,196][com.java.TestType] [ 4762] - Field ::BTNddlRange
[INFO ][2015-11-16 16:21:30,196][com.java.TestType] [ 4800] - BEFORE CLICK
[INFO ][2015-11-16 16:21:31,414][com.java.TestType] [ 4807] - Unable to click the object TAB
[INFO ][2015-11-16 16:21:31,414][com.java.SeleniumDriver] [  869] -  RESULT true
[INFO ][2015-11-16 16:21:31,414][com.java.SeleniumDriver] [ 1074] - ?   P A S S   ?
[INFO ][2015-11-16 16:21:31,414][com.java.SeleniumDriver] [  796] - ------------------------------------------
[INFO ][2015-11-16 16:21:31,414][com.java.SeleniumDriver] [  797] - Test case being Executed: 9
[INFO ][2015-11-16 16:21:31,414][com.java.SeleniumDriver] [  808] - Test step:15
[INFO ][2015-11-16 16:21:31,414][com.java.SeleniumDriver] [  820] - Datavalue is----------TAB
[INFO ][2015-11-16 16:21:31,414][com.java.SeleniumDriver] [  844] - DataField : COBddlRange
[INFO ][2015-11-16 16:21:31,414][com.java.SeleniumDriver] [  846] - DataValue : TAB
[INFO ][2015-11-16 16:21:31,415][com.java.SeleniumDriver] [  852] - <In Set values of the page>
[INFO ][2015-11-16 16:21:31,415][com.java.SeleniumDriver] [  855] - {Data Fields & Data Values Exist}
[INFO ][2015-11-16 16:21:31,415][com.java.SeleniumDriver] [  857] - --------------------------setting values-----------------------------
[INFO ][2015-11-16 16:21:31,415][com.java.SeleniumDriver] [  860] - Action Type : KEYBOARDKEYS
[INFO ][2015-11-16 16:21:32,590][com.java.SeleniumDriver] [  869] -  RESULT true
[INFO ][2015-11-16 16:21:32,590][com.java.SeleniumDriver] [ 1074] - ?   P A S S   ?
[INFO ][2015-11-16 16:21:32,590][com.java.SeleniumDriver] [  796] - ------------------------------------------
[INFO ][2015-11-16 16:21:32,590][com.java.SeleniumDriver] [  797] - Test case being Executed: 9
[INFO ][2015-11-16 16:21:32,590][com.java.SeleniumDriver] [  808] - Test step:16
[INFO ][2015-11-16 16:21:32,590][com.java.SeleniumDriver] [  820] - Datavalue is----------null
[DEBUG][2015-11-16 16:21:32,590][com.java.SeleniumDriver] [  838] - Exception: null
[INFO ][2015-11-16 16:21:32,590][com.java.SeleniumDriver] [  844] - DataField : null
[INFO ][2015-11-16 16:21:32,590][com.java.SeleniumDriver] [  846] - DataValue : 
[INFO ][2015-11-16 16:21:32,590][com.java.SeleniumDriver] [  852] - <In Set values of the page>
[INFO ][2015-11-16 16:21:32,590][com.java.SeleniumDriver] [  855] - {Data Fields & Data Values Exist}
[INFO ][2015-11-16 16:21:32,590][com.java.SeleniumDriver] [  857] - --------------------------setting values-----------------------------
[INFO ][2015-11-16 16:21:32,590][com.java.SeleniumDriver] [  860] - Action Type : waittime
[DEBUG][2015-11-16 16:21:32,591][com.java.TestType] [ 4284] - sleepTime: 10000
[INFO ][2015-11-16 16:21:42,591][com.java.SeleniumDriver] [  869] -  RESULT true
[INFO ][2015-11-16 16:21:42,591][com.java.SeleniumDriver] [ 1074] - ?   P A S S   ?
[INFO ][2015-11-16 16:21:42,591][com.java.SeleniumDriver] [  796] - ------------------------------------------
[INFO ][2015-11-16 16:21:42,591][com.java.SeleniumDriver] [  797] - Test case being Executed: 9
[INFO ][2015-11-16 16:21:42,591][com.java.SeleniumDriver] [  808] - Test step:17
[INFO ][2015-11-16 16:21:42,591][com.java.SeleniumDriver] [  820] - Datavalue is----------TAB
[INFO ][2015-11-16 16:21:42,591][com.java.SeleniumDriver] [  844] - DataField : SLBddlProfitCenter
[INFO ][2015-11-16 16:21:42,591][com.java.SeleniumDriver] [  846] - DataValue : TAB
[INFO ][2015-11-16 16:21:42,591][com.java.SeleniumDriver] [  852] - <In Set values of the page>
[INFO ][2015-11-16 16:21:42,591][com.java.SeleniumDriver] [  855] - {Data Fields & Data Values Exist}
[INFO ][2015-11-16 16:21:42,591][com.java.SeleniumDriver] [  857] - --------------------------setting values-----------------------------
[INFO ][2015-11-16 16:21:42,593][com.java.SeleniumDriver] [  860] - Action Type : KEYBOARDKEYS
[INFO ][2015-11-16 16:21:43,761][com.java.SeleniumDriver] [  869] -  RESULT true
[INFO ][2015-11-16 16:21:43,761][com.java.SeleniumDriver] [ 1074] - ?   P A S S   ?
[INFO ][2015-11-16 16:21:43,761][com.java.SeleniumDriver] [  796] - ------------------------------------------
[INFO ][2015-11-16 16:21:43,761][com.java.SeleniumDriver] [  797] - Test case being Executed: 9
[INFO ][2015-11-16 16:21:43,761][com.java.SeleniumDriver] [  808] - Test step:18
[INFO ][2015-11-16 16:21:43,761][com.java.SeleniumDriver] [  820] - Datavalue is----------null
[DEBUG][2015-11-16 16:21:43,761][com.java.SeleniumDriver] [  838] - Exception: null
[INFO ][2015-11-16 16:21:43,761][com.java.SeleniumDriver] [  844] - DataField : null
[INFO ][2015-11-16 16:21:43,761][com.java.SeleniumDriver] [  846] - DataValue : 
[INFO ][2015-11-16 16:21:43,761][com.java.SeleniumDriver] [  852] - <In Set values of the page>
[INFO ][2015-11-16 16:21:43,761][com.java.SeleniumDriver] [  855] - {Data Fields & Data Values Exist}
[INFO ][2015-11-16 16:21:43,761][com.java.SeleniumDriver] [  857] - --------------------------setting values-----------------------------
[INFO ][2015-11-16 16:21:43,761][com.java.SeleniumDriver] [  860] - Action Type : waittime
[DEBUG][2015-11-16 16:21:43,762][com.java.TestType] [ 4284] - sleepTime: 10000
[INFO ][2015-11-16 16:21:53,762][com.java.SeleniumDriver] [  869] -  RESULT true
[INFO ][2015-11-16 16:21:53,762][com.java.SeleniumDriver] [ 1074] - ?   P A S S   ?
[INFO ][2015-11-16 16:21:53,762][com.java.SeleniumDriver] [  796] - ------------------------------------------
[INFO ][2015-11-16 16:21:53,762][com.java.SeleniumDriver] [  797] - Test case being Executed: 9
[INFO ][2015-11-16 16:21:53,762][com.java.SeleniumDriver] [  808] - Test step:19
[INFO ][2015-11-16 16:21:53,762][com.java.SeleniumDriver] [  820] - Datavalue is----------TAB
[INFO ][2015-11-16 16:21:53,762][com.java.SeleniumDriver] [  844] - DataField : COBddlDataSource1
[INFO ][2015-11-16 16:21:53,762][com.java.SeleniumDriver] [  846] - DataValue : TAB
[INFO ][2015-11-16 16:21:53,762][com.java.SeleniumDriver] [  852] - <In Set values of the page>
[INFO ][2015-11-16 16:21:53,762][com.java.SeleniumDriver] [  855] - {Data Fields & Data Values Exist}
[INFO ][2015-11-16 16:21:53,762][com.java.SeleniumDriver] [  857] - --------------------------setting values-----------------------------
[INFO ][2015-11-16 16:21:53,762][com.java.SeleniumDriver] [  860] - Action Type : KEYBOARDKEYS
[INFO ][2015-11-16 16:21:54,934][com.java.SeleniumDriver] [  869] -  RESULT true
[INFO ][2015-11-16 16:21:54,934][com.java.SeleniumDriver] [ 1074] - ?   P A S S   ?
[INFO ][2015-11-16 16:21:54,934][com.java.SeleniumDriver] [  796] - ------------------------------------------
[INFO ][2015-11-16 16:21:54,934][com.java.SeleniumDriver] [  797] - Test case being Executed: 9
[INFO ][2015-11-16 16:21:54,935][com.java.SeleniumDriver] [  808] - Test step:20
[INFO ][2015-11-16 16:21:54,935][com.java.SeleniumDriver] [  820] - Datavalue is----------null
[DEBUG][2015-11-16 16:21:54,935][com.java.SeleniumDriver] [  838] - Exception: null
[INFO ][2015-11-16 16:21:54,935][com.java.SeleniumDriver] [  844] - DataField : null
[INFO ][2015-11-16 16:21:54,935][com.java.SeleniumDriver] [  846] - DataValue : 
[INFO ][2015-11-16 16:21:54,935][com.java.SeleniumDriver] [  852] - <In Set values of the page>
[INFO ][2015-11-16 16:21:54,935][com.java.SeleniumDriver] [  855] - {Data Fields & Data Values Exist}
[INFO ][2015-11-16 16:21:54,935][com.java.SeleniumDriver] [  857] - --------------------------setting values-----------------------------
[INFO ][2015-11-16 16:21:54,935][com.java.SeleniumDriver] [  860] - Action Type : waittime
[DEBUG][2015-11-16 16:21:54,935][com.java.TestType] [ 4284] - sleepTime: 10000
[INFO ][2015-11-16 16:22:04,935][com.java.SeleniumDriver] [  869] -  RESULT true
[INFO ][2015-11-16 16:22:04,935][com.java.SeleniumDriver] [ 1074] - ?   P A S S   ?
[INFO ][2015-11-16 16:22:04,935][com.java.SeleniumDriver] [  796] - ------------------------------------------
[INFO ][2015-11-16 16:22:04,935][com.java.SeleniumDriver] [  797] - Test case being Executed: 9
[INFO ][2015-11-16 16:22:04,935][com.java.SeleniumDriver] [  808] - Test step:21
[INFO ][2015-11-16 16:22:04,935][com.java.SeleniumDriver] [  820] - Datavalue is----------Budget
[INFO ][2015-11-16 16:22:04,935][com.java.SeleniumDriver] [  844] - DataField : COBddlDataSource1
[INFO ][2015-11-16 16:22:04,935][com.java.SeleniumDriver] [  846] - DataValue : Budget
[INFO ][2015-11-16 16:22:04,935][com.java.SeleniumDriver] [  852] - <In Set values of the page>
[INFO ][2015-11-16 16:22:04,935][com.java.SeleniumDriver] [  855] - {Data Fields & Data Values Exist}
[INFO ][2015-11-16 16:22:04,935][com.java.SeleniumDriver] [  857] - --------------------------setting values-----------------------------
[INFO ][2015-11-16 16:22:04,935][com.java.SeleniumDriver] [  860] - Action Type : Verify
[INFO ][2015-11-16 16:22:04,936][com.java.TestType] [ 5556] - field= COBddlDataSource1 value= Budget
[INFO ][2015-11-16 16:22:04,936][com.java.TestType] [ 4449] - value = Budget
[ERROR][2015-11-16 16:22:05,272][com.java.TestType] [ 5994] - Assertion error: expected:<Budget> but was:<Actual>
[INFO ][2015-11-16 16:22:05,272][com.java.SeleniumDriver] [  869] -  RESULT false
[INFO ][2015-11-16 16:22:05,272][com.java.SeleniumDriver] [  916] - ?   F A I L   ?
[INFO ][2015-11-16 16:22:05,272][com.java.SeleniumDriver] [  924] - Browser Type : IE11
[INFO ][2015-11-16 16:22:05,273][com.java.SeleniumDriver] [  925] - Adding Failed case9
[INFO ][2015-11-16 16:22:05,536][com.java.SeleniumDriver] [ 1038] - failedCases = 9
[ERROR][2015-11-16 16:22:05,536][com.java.SeleniumDriver] [ 1525] - Platform Errors : Our apologies...::We have encountered an issue with your request.::Our apologies?:We encountered an issue with your request.
[INFO ][2015-11-16 16:22:05,536][com.java.SeleniumDriver] [ 1529] - Length =3
[ERROR][2015-11-16 16:22:05,537][com.java.SeleniumDriver] [ 1532] - Error 0 = Our apologies...
[ERROR][2015-11-16 16:22:05,632][com.java.SeleniumDriver] [ 1532] - Error 1 = We have encountered an issue with your request.
[ERROR][2015-11-16 16:22:05,646][com.java.SeleniumDriver] [ 1532] - Error 2 = Our apologies?:We encountered an issue with your request.
[DEBUG][2015-11-16 16:22:05,673][com.java.SeleniumDriver] [ 1176] - Case found
[DEBUG][2015-11-16 16:22:05,674][com.java.SeleniumDriver] [ 1181] - Incrementing ReportCounters[0]:2
[INFO ][2015-11-16 16:22:05,674][com.java.SeleniumDriver] [ 1200] - The results are-------------------[9, 21, GL > Margin Analysis > Margin Analysis : Profit Center, Fail, 
Test case failed at Step No. :: 21   Error Message ::  Assertion error: expected:<Budget> but was:<Actual>. Screen Shot : D:\BankersDashboard\TestReports\111615\9_111615_162205_IE11.png, Mon Nov 16 16:22:05 IST 2015]
[INFO ][2015-11-16 16:22:05,674][com.java.SeleniumDriver] [ 1204] - End time is-------2 min 21 sec
[INFO ][2015-11-16 16:22:05,674][com.java.SeleniumDriver] [ 1205] - The results are-------------------[9, 21, GL > Margin Analysis > Margin Analysis : Profit Center, Fail, 
Test case failed at Step No. :: 21   Error Message ::  Assertion error: expected:<Budget> but was:<Actual>. Screen Shot : D:\BankersDashboard\TestReports\111615\9_111615_162205_IE11.png, Mon Nov 16 16:22:05 IST 2015]
[DEBUG][2015-11-16 16:22:05,674][com.java.ImportnExport.ExportTestResultsExcel] [  222] - testResultPath = D:\BankersDashboard/TestReports/Test Results_BankersDashBoard_111615_161946_IE11_Any Bank USA.xls
[DEBUG][2015-11-16 16:22:05,674][com.java.ImportnExport.ExportTestResultsExcel] [  223] - browser is------------IE11
[DEBUG][2015-11-16 16:22:05,676][com.java.ImportnExport.ExportTestResultsExcel] [  270] - result.size() = 6
[DEBUG][2015-11-16 16:22:05,676][com.java.ImportnExport.ExportTestResultsExcel] [  274] - No of rows in sheet=2
[DEBUG][2015-11-16 16:22:05,676][com.java.ImportnExport.ExportTestResultsExcel] [  301] - ..in export..9
[DEBUG][2015-11-16 16:22:05,676][com.java.ImportnExport.ExportTestResultsExcel] [  301] - ..in export..GL > Margin Analysis > Margin Analysis : Profit Center
[DEBUG][2015-11-16 16:22:05,676][com.java.ImportnExport.ExportTestResultsExcel] [  301] - ..in export..Fail
[DEBUG][2015-11-16 16:22:05,676][com.java.ImportnExport.ExportTestResultsExcel] [  301] - ..in export..
Test case failed at Step No. :: 21   Error Message ::  Assertion error: expected:<Budget> but was:<Actual>. Screen Shot : D:\BankersDashboard\TestReports\111615\9_111615_162205_IE11.png
[DEBUG][2015-11-16 16:22:05,677][com.java.ImportnExport.ExportTestResultsExcel] [  301] - ..in export..Mon Nov 16 16:22:05 IST 2015
[INFO ][2015-11-16 16:22:05,678][com.java.SeleniumDriver] [ 1263] - out loop:1 size:2 TestCases:[1, 9] testcases:[1, 9]
[INFO ][2015-11-16 16:22:07,678][com.java.SeleniumDriver] [ 1306] - Total Number of Cases:2
[INFO ][2015-11-16 16:22:07,679][com.java.TemplateGenerator] [  302] - Executed:2
[INFO ][2015-11-16 16:22:07,679][com.java.TemplateGenerator] [  303] - Passed:1
[INFO ][2015-11-16 16:22:07,679][com.java.TemplateGenerator] [  304] - Failed:1
[INFO ][2015-11-16 16:22:07,679][com.java.TemplateGenerator] [  305] - Skipeed:0
[INFO ][2015-11-16 16:22:07,680][com.java.TemplateGenerator] [  306] - Application URL:https://clients-xuat.bankersdashboard.com
[INFO ][2015-11-16 16:22:07,680][com.java.TemplateGenerator] [  307] - Start Time:111615_161946
[INFO ][2015-11-16 16:22:07,680][com.java.TemplateGenerator] [  308] -  Creating HTML Report 
[ERROR][2015-11-16 16:22:07,680][com.java.TemplateGenerator] [  409] - Unparseable date: "Mon Nov 16 04:19:46 IST 2015"
[INFO ][2015-11-16 16:22:07,680][com.java.TemplateGenerator] [  654] -  Exporting case :: 1
[INFO ][2015-11-16 16:22:07,680][com.java.TemplateGenerator] [  654] -  Exporting case :: 9
[INFO ][2015-11-16 16:22:07,685][com.java.SeleniumDriver] [ 1355] - End Time:111615_162207
[INFO ][2015-11-16 16:22:07,685][com.java.SeleniumDriver] [ 1358] - Data in Test Execution Details:{1=PASS, 9=FAILTest case failed at Step No. :: 21   Error Message ::  Assertion error: expected:<Budget> but was:<Actual>}
[INFO ][2015-11-16 16:22:07,685][com.java.SeleniumDriver] [ 1359] - Data in Failed Execution Deatils:{}
[INFO ][2015-11-16 16:22:07,685][com.java.SeleniumDriver] [ 1361] - ReportCounter:Total:2 :: PASS: 1 ::FAIL: 1
[INFO ][2015-11-16 16:22:07,685][com.java.SeleniumDriver] [ 1362] - FailedReportCounter:Total:0 :: PASS: 0 ::FAIL: 0
[INFO ][2015-11-16 16:22:07,692][com.java.EmailTestReport] [   63] - Sending report mail details:
[INFO ][2015-11-16 16:22:07,692][com.java.EmailTestReport] [   80] - Excel Report Path:D:\BankersDashboard/TestReports/Test Results_BankersDashBoard_111615_161946_IE11_Any Bank USA.xls
[INFO ][2015-11-16 16:22:07,692][com.java.EmailTestReport] [   81] - HTML Report Path:D:\BankersDashboard//TestReports//Test Results_BankersDashBoard_111615_161946_IE11_Any Bank USA.html
[INFO ][2015-11-16 16:22:07,692][com.java.EmailTestReport] [   82] - smtpHostName:mail01.valuelabs.com
[INFO ][2015-11-16 16:22:07,692][com.java.EmailTestReport] [   83] - Recipient:venkateswararao.gubbala@valuelabs.com;
[INFO ][2015-11-16 16:22:07,692][com.java.EmailTestReport] [   84] - From:venkateswararao.gubbala@valuelabs.com;
[INFO ][2015-11-16 16:22:07,692][com.java.EmailTestReport] [   85] - Subject:Deluxe Corp Bankers Dashboard Automation Test Report - Any Bank USA - IE11
[INFO ][2015-11-16 16:22:07,708][com.java.EmailTestReport] [  143] -  Added venkateswararao.gubbala@valuelabs.com
[INFO ][2015-11-16 16:22:11,087][com.java.SeleniumDriver] [  719] - quitting the browser 
[INFO ][2015-11-16 16:22:12,332][com.java.SeleniumDriver] [  263] - Execution Completed Stopping the thread
