[INFO ][2016-01-27 20:05:41,683][com.java.SeleniumDriver] [  213] - Execute Failed Casesfalse
[INFO ][2016-01-27 20:05:41,683][com.java.SeleniumDriver] [  214] - Browser: IE10
[INFO ][2016-01-27 20:05:41,683][com.java.SeleniumDriver] [  215] - [1, 11]
[INFO ][2016-01-27 20:05:41,683][com.java.SeleniumDriver] [  216] - Total TestCases:2
[INFO ][2016-01-27 20:05:41,683][com.java.SeleniumDriver] [  217] -  Reading Properties from Property File 
[DEBUG][2016-01-27 20:05:41,683][com.java.SeleniumDriver] [  238] - url : https://clients-xuat.bankersdashboard.com
[INFO ][2016-01-27 20:05:41,683][com.java.ImportnExport.ExportTestResultsExcel] [  116] - Time Stamp Wed Jan 27 08:05:41 IST 2016
[INFO ][2016-01-27 20:05:41,683][com.java.ImportnExport.ExportTestResultsExcel] [  175] - OUT FILE : D:\BankersDashboard/TestReports/Test Results_BankersDashBoard_012716_200541_IE10_CB&S Bank.xls
[INFO ][2016-01-27 20:05:41,714][com.java.ImportnExport.ExportTestResultsExcel] [  180] - Test Result file is created
[DEBUG][2016-01-27 20:05:41,804][com.java.SeleniumDriver] [  426] - Hub ip address is-------172.17.68.34
[INFO ][2016-01-27 20:05:41,804][com.java.SeleniumDriver] [  452] - Grid URL:http://172.17.68.34:4444/wd/hub
[INFO ][2016-01-27 20:05:41,804][com.java.SeleniumDriver] [  453] - Capability:Capabilities [{platform=ANY, ensureCleanSession=true, ignoreProtectedModeSettings=true, acceptSslCerts=true, ignoreZoomSetting=true, browserName=internet explorer, browserstack.ie.noFlash=true, version=null}]
[ERROR][2016-01-27 20:05:43,114][com.java.SeleniumDriver] [  498] - Unable invoke browser in grid:Could not start a new session. Possible causes are invalid address of the remote server or browser start-up failure.
Build info: version: '2.48.2', revision: '41bccdd', time: '2015-10-09 19:59:12'
System info: host: 'FVTIII438F1D', ip: '172.17.68.34', os.name: 'Windows 7', os.arch: 'x86', os.version: '6.1', java.version: '1.7.0_55'
Driver info: driver.version: SeleniumDriver
[INFO ][2016-01-27 20:05:43,114][com.java.SeleniumDriver] [  500] - Executing on local machine
[INFO ][2016-01-27 20:05:53,359][com.java.SeleniumDriver] [  248] - IE10is opened
[INFO ][2016-01-27 20:05:53,991][com.java.SeleniumDriver] [  756] - Test cases to be executed are: [1, 11]
[INFO ][2016-01-27 20:05:54,022][com.java.ImportnExport.ImportTestDataDetailsExcel] [   49] - test data details path===== D:\BankersDashboard\TestInputs\TestData.xls
[INFO ][2016-01-27 20:05:54,082][com.java.SeleniumDriver] [  856] - ------------------------------------------
[INFO ][2016-01-27 20:05:54,082][com.java.SeleniumDriver] [  857] - Test case being Executed: 1
[INFO ][2016-01-27 20:05:54,082][com.java.SeleniumDriver] [  869] - Test step:1
[INFO ][2016-01-27 20:05:54,082][com.java.SeleniumDriver] [  881] - Datavalue is----------Concept#1:1-14
[INFO ][2016-01-27 20:05:54,082][com.java.SeleniumDriver] [  905] - DataField : test
[INFO ][2016-01-27 20:05:54,082][com.java.SeleniumDriver] [  907] - DataValue : Concept#1:1-14
[INFO ][2016-01-27 20:05:54,082][com.java.SeleniumDriver] [  913] - <In Set values of the page>
[INFO ][2016-01-27 20:05:54,082][com.java.SeleniumDriver] [  916] - {Data Fields & Data Values Exist}
[INFO ][2016-01-27 20:05:54,082][com.java.SeleniumDriver] [  918] - --------------------------setting values-----------------------------
[INFO ][2016-01-27 20:05:54,082][com.java.SeleniumDriver] [  921] - Action Type : ExecuteTestCase
[INFO ][2016-01-27 20:05:54,102][com.java.TestType] [  442] - The Concept sheet name is ---------- Concept
[INFO ][2016-01-27 20:05:54,102][com.java.TestType] [  445] - The Concept ID  is ---------- 1
[DEBUG][2016-01-27 20:05:54,102][com.java.TestType] [  449] - Steps being executted in the Concept are: 1:14
[INFO ][2016-01-27 20:05:54,102][com.java.TestType] [  456] - Test data details path ---------- D:\BankersDashboard\TestInputs\TestData.xls
[INFO ][2016-01-27 20:05:54,112][com.java.TestType] [  487] -  str(1) = 1
[INFO ][2016-01-27 20:05:54,112][com.java.TestType] [  490] - Test case Id is---1
[INFO ][2016-01-27 20:05:54,112][com.java.TestType] [  492] - 1
[INFO ][2016-01-27 20:05:54,112][com.java.TestType] [  487] -  str(2) = 1
[INFO ][2016-01-27 20:05:54,112][com.java.TestType] [  487] -  str(1) = 1
[INFO ][2016-01-27 20:05:54,112][com.java.TestType] [  490] - Test case Id is---1
[INFO ][2016-01-27 20:05:54,112][com.java.TestType] [  492] - 1
[INFO ][2016-01-27 20:05:54,112][com.java.TestType] [  487] -  str(2) = 2
[INFO ][2016-01-27 20:05:54,112][com.java.TestType] [  487] -  str(1) = 1
[INFO ][2016-01-27 20:05:54,112][com.java.TestType] [  490] - Test case Id is---1
[INFO ][2016-01-27 20:05:54,112][com.java.TestType] [  492] - 1
[INFO ][2016-01-27 20:05:54,112][com.java.TestType] [  487] -  str(2) = 3
[INFO ][2016-01-27 20:05:54,112][com.java.TestType] [  487] -  str(1) = 1
[INFO ][2016-01-27 20:05:54,112][com.java.TestType] [  490] - Test case Id is---1
[INFO ][2016-01-27 20:05:54,112][com.java.TestType] [  492] - 1
[INFO ][2016-01-27 20:05:54,112][com.java.TestType] [  487] -  str(2) = 4
[INFO ][2016-01-27 20:05:54,112][com.java.TestType] [  487] -  str(1) = 1
[INFO ][2016-01-27 20:05:54,112][com.java.TestType] [  490] - Test case Id is---1
[INFO ][2016-01-27 20:05:54,112][com.java.TestType] [  492] - 1
[INFO ][2016-01-27 20:05:54,112][com.java.TestType] [  487] -  str(2) = 5
[INFO ][2016-01-27 20:05:54,112][com.java.TestType] [  487] -  str(1) = 1
[INFO ][2016-01-27 20:05:54,112][com.java.TestType] [  490] - Test case Id is---1
[INFO ][2016-01-27 20:05:54,112][com.java.TestType] [  492] - 1
[INFO ][2016-01-27 20:05:54,112][com.java.TestType] [  487] -  str(2) = 6
[INFO ][2016-01-27 20:05:54,112][com.java.TestType] [  487] -  str(1) = 1
[INFO ][2016-01-27 20:05:54,112][com.java.TestType] [  490] - Test case Id is---1
[INFO ][2016-01-27 20:05:54,112][com.java.TestType] [  492] - 1
[INFO ][2016-01-27 20:05:54,112][com.java.TestType] [  487] -  str(2) = 7
[INFO ][2016-01-27 20:05:54,112][com.java.TestType] [  487] -  str(1) = 1
[INFO ][2016-01-27 20:05:54,112][com.java.TestType] [  490] - Test case Id is---1
[INFO ][2016-01-27 20:05:54,112][com.java.TestType] [  492] - 1
[INFO ][2016-01-27 20:05:54,112][com.java.TestType] [  487] -  str(2) = 8
[INFO ][2016-01-27 20:05:54,112][com.java.TestType] [  487] -  str(1) = 1
[INFO ][2016-01-27 20:05:54,112][com.java.TestType] [  490] - Test case Id is---1
[INFO ][2016-01-27 20:05:54,112][com.java.TestType] [  492] - 1
[INFO ][2016-01-27 20:05:54,112][com.java.TestType] [  487] -  str(2) = 9
[INFO ][2016-01-27 20:05:54,112][com.java.TestType] [  487] -  str(1) = 1
[INFO ][2016-01-27 20:05:54,112][com.java.TestType] [  490] - Test case Id is---1
[INFO ][2016-01-27 20:05:54,112][com.java.TestType] [  492] - 1
[INFO ][2016-01-27 20:05:54,112][com.java.TestType] [  487] -  str(2) = 10
[INFO ][2016-01-27 20:05:54,112][com.java.TestType] [  487] -  str(1) = 1
[INFO ][2016-01-27 20:05:54,112][com.java.TestType] [  490] - Test case Id is---1
[INFO ][2016-01-27 20:05:54,112][com.java.TestType] [  492] - 1
[INFO ][2016-01-27 20:05:54,112][com.java.TestType] [  487] -  str(2) = 11
[INFO ][2016-01-27 20:05:54,112][com.java.TestType] [  487] -  str(1) = 1
[INFO ][2016-01-27 20:05:54,112][com.java.TestType] [  490] - Test case Id is---1
[INFO ][2016-01-27 20:05:54,112][com.java.TestType] [  492] - 1
[INFO ][2016-01-27 20:05:54,112][com.java.TestType] [  487] -  str(2) = 12
[INFO ][2016-01-27 20:05:54,122][com.java.TestType] [  487] -  str(1) = 1
[INFO ][2016-01-27 20:05:54,122][com.java.TestType] [  490] - Test case Id is---1
[INFO ][2016-01-27 20:05:54,122][com.java.TestType] [  492] - 1
[INFO ][2016-01-27 20:05:54,122][com.java.TestType] [  487] -  str(2) = 13
[INFO ][2016-01-27 20:05:54,122][com.java.TestType] [  487] -  str(1) = 1
[INFO ][2016-01-27 20:05:54,122][com.java.TestType] [  490] - Test case Id is---1
[INFO ][2016-01-27 20:05:54,122][com.java.TestType] [  492] - 1
[INFO ][2016-01-27 20:05:54,122][com.java.TestType] [  487] -  str(2) = 14
[INFO ][2016-01-27 20:05:54,122][com.java.TestType] [  487] -  str(1) = 1
[INFO ][2016-01-27 20:05:54,122][com.java.TestType] [  490] - Test case Id is---1
[INFO ][2016-01-27 20:05:54,122][com.java.TestType] [  492] - 1
[INFO ][2016-01-27 20:05:54,122][com.java.TestType] [  487] -  str(2) = 15
[INFO ][2016-01-27 20:05:54,122][com.java.TestType] [  487] -  str(1) = 1
[INFO ][2016-01-27 20:05:54,122][com.java.TestType] [  490] - Test case Id is---1
[INFO ][2016-01-27 20:05:54,122][com.java.TestType] [  492] - 1
[INFO ][2016-01-27 20:05:54,122][com.java.TestType] [  487] -  str(2) = 16
[INFO ][2016-01-27 20:05:54,122][com.java.TestType] [11690] - Looping 1TCID = 1
[DEBUG][2016-01-27 20:05:54,122][com.java.TestType] [11731] - Concept ID:1 :: Step being Executed: 1::1
[INFO ][2016-01-27 20:05:54,122][com.java.TestType] [11769] - dataFields : TXTusername
[DEBUG][2016-01-27 20:05:54,122][com.java.TestType] [11775] - <In Set values of the page>
[DEBUG][2016-01-27 20:05:54,122][com.java.TestType] [11780] - {Data Fields & Data Values Exist}
[INFO ][2016-01-27 20:05:54,122][com.java.TestType] [11786] - --------------------------setting values-----------------------------
[INFO ][2016-01-27 20:05:54,122][com.java.TestType] [11789] - Action Type : CLEARANDENTER
[INFO ][2016-01-27 20:05:56,383][com.java.TestType] [ 6435] - value = valuelabs.ie10.15310
[INFO ][2016-01-27 20:05:58,797][com.java.TestType] [11808] -  RESULT true
[INFO ][2016-01-27 20:05:58,797][com.java.TestType] [11925] - ?   P A S S   ?
[DEBUG][2016-01-27 20:05:58,797][com.java.TestType] [11731] - Concept ID:1 :: Step being Executed: 1::2
[INFO ][2016-01-27 20:05:58,797][com.java.TestType] [11769] - dataFields : TXTpassword
[DEBUG][2016-01-27 20:05:58,797][com.java.TestType] [11775] - <In Set values of the page>
[DEBUG][2016-01-27 20:05:58,807][com.java.TestType] [11780] - {Data Fields & Data Values Exist}
[INFO ][2016-01-27 20:05:58,807][com.java.TestType] [11786] - --------------------------setting values-----------------------------
[INFO ][2016-01-27 20:05:58,807][com.java.TestType] [11789] - Action Type : CLEARANDENTER
[INFO ][2016-01-27 20:06:01,048][com.java.TestType] [ 6435] - value = Password1*
[INFO ][2016-01-27 20:06:03,594][com.java.TestType] [11808] -  RESULT true
[INFO ][2016-01-27 20:06:03,594][com.java.TestType] [11925] - ?   P A S S   ?
[DEBUG][2016-01-27 20:06:03,594][com.java.TestType] [11731] - Concept ID:1 :: Step being Executed: 1::3
[ERROR][2016-01-27 20:06:03,594][com.java.TestType] [11764] - Exception: null
[INFO ][2016-01-27 20:06:03,594][com.java.TestType] [11769] - dataFields : XPH//button[@type='submit']
[DEBUG][2016-01-27 20:06:03,594][com.java.TestType] [11775] - <In Set values of the page>
[DEBUG][2016-01-27 20:06:03,594][com.java.TestType] [11780] - {Data Fields & Data Values Exist}
[INFO ][2016-01-27 20:06:03,594][com.java.TestType] [11786] - --------------------------setting values-----------------------------
[INFO ][2016-01-27 20:06:03,594][com.java.TestType] [11789] - Action Type : Click
[INFO ][2016-01-27 20:06:03,594][com.java.TestType] [ 6814] - Field ::XPH//button[@type='submit']
[INFO ][2016-01-27 20:06:03,594][com.java.TestType] [ 6435] - value = 
[INFO ][2016-01-27 20:06:04,594][com.java.TestType] [ 6987] - BEFORE CLICK
[INFO ][2016-01-27 20:06:05,436][com.java.TestType] [ 6995] - Unable to click the object Login
[INFO ][2016-01-27 20:06:05,436][com.java.TestType] [11808] -  RESULT true
[INFO ][2016-01-27 20:06:05,436][com.java.TestType] [11925] - ?   P A S S   ?
[DEBUG][2016-01-27 20:06:05,436][com.java.TestType] [11731] - Concept ID:1 :: Step being Executed: 1::4
[INFO ][2016-01-27 20:06:05,436][com.java.TestType] [11769] - dataFields : LNKLogout
[DEBUG][2016-01-27 20:06:05,436][com.java.TestType] [11775] - <In Set values of the page>
[DEBUG][2016-01-27 20:06:05,436][com.java.TestType] [11780] - {Data Fields & Data Values Exist}
[INFO ][2016-01-27 20:06:05,436][com.java.TestType] [11786] - --------------------------setting values-----------------------------
[INFO ][2016-01-27 20:06:05,436][com.java.TestType] [11789] - Action Type : WaitForElement
[INFO ][2016-01-27 20:06:08,930][com.java.TestType] [11808] -  RESULT true
[INFO ][2016-01-27 20:06:08,930][com.java.TestType] [11925] - ?   P A S S   ?
[INFO ][2016-01-27 20:06:08,930][com.java.TestType] [11996] - Looping End......
[INFO ][2016-01-27 20:06:08,930][com.java.SeleniumDriver] [  930] -  RESULT true
[INFO ][2016-01-27 20:06:08,930][com.java.SeleniumDriver] [ 1136] - ?   P A S S   ?
[INFO ][2016-01-27 20:06:08,930][com.java.SeleniumDriver] [  856] - ------------------------------------------
[INFO ][2016-01-27 20:06:08,930][com.java.SeleniumDriver] [  857] - Test case being Executed: 1
[INFO ][2016-01-27 20:06:08,930][com.java.SeleniumDriver] [  869] - Test step:2
[INFO ][2016-01-27 20:06:08,930][com.java.SeleniumDriver] [  881] - Datavalue is----------Concept#2:1-2
[INFO ][2016-01-27 20:06:08,930][com.java.SeleniumDriver] [  905] - DataField : test
[INFO ][2016-01-27 20:06:08,930][com.java.SeleniumDriver] [  907] - DataValue : Concept#2:1-2
[INFO ][2016-01-27 20:06:08,930][com.java.SeleniumDriver] [  913] - <In Set values of the page>
[INFO ][2016-01-27 20:06:08,930][com.java.SeleniumDriver] [  916] - {Data Fields & Data Values Exist}
[INFO ][2016-01-27 20:06:08,930][com.java.SeleniumDriver] [  918] - --------------------------setting values-----------------------------
[INFO ][2016-01-27 20:06:08,930][com.java.SeleniumDriver] [  921] - Action Type : ExecuteTestCase
[INFO ][2016-01-27 20:06:08,930][com.java.TestType] [  442] - The Concept sheet name is ---------- Concept
[INFO ][2016-01-27 20:06:08,930][com.java.TestType] [  445] - The Concept ID  is ---------- 2
[DEBUG][2016-01-27 20:06:08,930][com.java.TestType] [  449] - Steps being executted in the Concept are: 1:2
[INFO ][2016-01-27 20:06:08,930][com.java.TestType] [  456] - Test data details path ---------- D:\BankersDashboard\TestInputs\TestData.xls
[INFO ][2016-01-27 20:06:08,930][com.java.TestType] [  487] -  str(1) = 2
[INFO ][2016-01-27 20:06:08,930][com.java.TestType] [  490] - Test case Id is---2
[INFO ][2016-01-27 20:06:08,930][com.java.TestType] [  492] - 2
[INFO ][2016-01-27 20:06:08,930][com.java.TestType] [  487] -  str(2) = 1
[INFO ][2016-01-27 20:06:08,930][com.java.TestType] [  487] -  str(1) = 2
[INFO ][2016-01-27 20:06:08,930][com.java.TestType] [  490] - Test case Id is---2
[INFO ][2016-01-27 20:06:08,930][com.java.TestType] [  492] - 2
[INFO ][2016-01-27 20:06:08,930][com.java.TestType] [  487] -  str(2) = 2
[INFO ][2016-01-27 20:06:08,931][com.java.TestType] [  487] -  str(1) = 2
[INFO ][2016-01-27 20:06:08,931][com.java.TestType] [  490] - Test case Id is---2
[INFO ][2016-01-27 20:06:08,931][com.java.TestType] [  492] - 2
[INFO ][2016-01-27 20:06:08,931][com.java.TestType] [  487] -  str(2) = 3
[INFO ][2016-01-27 20:06:08,931][com.java.TestType] [11690] - Looping 1TCID = 2
[DEBUG][2016-01-27 20:06:08,931][com.java.TestType] [11731] - Concept ID:2 :: Step being Executed: 2::1
[INFO ][2016-01-27 20:06:08,931][com.java.TestType] [11769] - dataFields : BNK//select[@id='bank']
[DEBUG][2016-01-27 20:06:08,931][com.java.TestType] [11775] - <In Set values of the page>
[DEBUG][2016-01-27 20:06:08,931][com.java.TestType] [11780] - {Data Fields & Data Values Exist}
[INFO ][2016-01-27 20:06:08,931][com.java.TestType] [11786] - --------------------------setting values-----------------------------
[INFO ][2016-01-27 20:06:08,931][com.java.TestType] [11789] - Action Type : Select
[INFO ][2016-01-27 20:06:08,931][com.java.TestType] [ 6435] - value = PFC
[INFO ][2016-01-27 20:06:09,121][com.java.TestType] [11808] -  RESULT true
[INFO ][2016-01-27 20:06:09,121][com.java.TestType] [11925] - ?   P A S S   ?
[DEBUG][2016-01-27 20:06:09,121][com.java.TestType] [11731] - Concept ID:2 :: Step being Executed: 2::2
[INFO ][2016-01-27 20:06:09,121][com.java.TestType] [11769] - dataFields : LNKLogout
[DEBUG][2016-01-27 20:06:09,121][com.java.TestType] [11775] - <In Set values of the page>
[DEBUG][2016-01-27 20:06:09,121][com.java.TestType] [11780] - {Data Fields & Data Values Exist}
[INFO ][2016-01-27 20:06:09,121][com.java.TestType] [11786] - --------------------------setting values-----------------------------
[INFO ][2016-01-27 20:06:09,121][com.java.TestType] [11789] - Action Type : WaitTime
[DEBUG][2016-01-27 20:06:09,121][com.java.TestType] [ 6249] - sleepTime: 5000
[INFO ][2016-01-27 20:06:14,126][com.java.TestType] [11808] -  RESULT true
[INFO ][2016-01-27 20:06:14,126][com.java.TestType] [11925] - ?   P A S S   ?
[INFO ][2016-01-27 20:06:14,126][com.java.TestType] [11996] - Looping End......
[INFO ][2016-01-27 20:06:14,126][com.java.SeleniumDriver] [  930] -  RESULT true
[INFO ][2016-01-27 20:06:14,126][com.java.SeleniumDriver] [ 1136] - ?   P A S S   ?
[INFO ][2016-01-27 20:06:14,126][com.java.SeleniumDriver] [  856] - ------------------------------------------
[INFO ][2016-01-27 20:06:14,126][com.java.SeleniumDriver] [  857] - Test case being Executed: 1
[INFO ][2016-01-27 20:06:14,126][com.java.SeleniumDriver] [  869] - Test step:3
[INFO ][2016-01-27 20:06:14,126][com.java.SeleniumDriver] [  881] - Datavalue is----------2
[INFO ][2016-01-27 20:06:14,126][com.java.SeleniumDriver] [  905] - DataField : XPH//button[contains(text(),'Add Content')]
[INFO ][2016-01-27 20:06:14,126][com.java.SeleniumDriver] [  907] - DataValue : 2
[INFO ][2016-01-27 20:06:14,126][com.java.SeleniumDriver] [  913] - <In Set values of the page>
[INFO ][2016-01-27 20:06:14,126][com.java.SeleniumDriver] [  916] - {Data Fields & Data Values Exist}
[INFO ][2016-01-27 20:06:14,126][com.java.SeleniumDriver] [  918] - --------------------------setting values-----------------------------
[INFO ][2016-01-27 20:06:14,126][com.java.SeleniumDriver] [  921] - Action Type : WAITFORELEMENT
[INFO ][2016-01-27 20:06:14,417][com.java.SeleniumDriver] [  930] -  RESULT true
[INFO ][2016-01-27 20:06:14,417][com.java.SeleniumDriver] [ 1136] - ?   P A S S   ?
[DEBUG][2016-01-27 20:06:14,417][com.java.SeleniumDriver] [ 1248] - Case found
[DEBUG][2016-01-27 20:06:14,417][com.java.SeleniumDriver] [ 1253] - Incrementing ReportCounters[0]:1
[INFO ][2016-01-27 20:06:14,417][com.java.SeleniumDriver] [ 1272] - The results are-------------------[1, 1, Valid Login, Pass, , Wed Jan 27 20:06:08 IST 2016, 1, 2, Valid Login, Pass, , Wed Jan 27 20:06:14 IST 2016, 1, 3, Valid Login, Pass, , Wed Jan 27 20:06:14 IST 2016]
[INFO ][2016-01-27 20:06:14,417][com.java.SeleniumDriver] [ 1276] - End time is-------34 sec
[INFO ][2016-01-27 20:06:14,417][com.java.SeleniumDriver] [ 1277] - The results are-------------------[1, 1, Valid Login, Pass, , Wed Jan 27 20:06:08 IST 2016, 1, 2, Valid Login, Pass, , Wed Jan 27 20:06:14 IST 2016, 1, 3, Valid Login, Pass, , Wed Jan 27 20:06:14 IST 2016]
[DEBUG][2016-01-27 20:06:14,417][com.java.ImportnExport.ExportTestResultsExcel] [  222] - testResultPath = D:\BankersDashboard/TestReports/Test Results_BankersDashBoard_012716_200541_IE10_CB&S Bank.xls
[DEBUG][2016-01-27 20:06:14,417][com.java.ImportnExport.ExportTestResultsExcel] [  223] - browser is------------IE10
[DEBUG][2016-01-27 20:06:14,457][com.java.ImportnExport.ExportTestResultsExcel] [  270] - result.size() = 18
[DEBUG][2016-01-27 20:06:14,457][com.java.ImportnExport.ExportTestResultsExcel] [  274] - No of rows in sheet=1
[DEBUG][2016-01-27 20:06:14,457][com.java.ImportnExport.ExportTestResultsExcel] [  301] - ..in export..1
[DEBUG][2016-01-27 20:06:14,457][com.java.ImportnExport.ExportTestResultsExcel] [  301] - ..in export..Valid Login
[DEBUG][2016-01-27 20:06:14,457][com.java.ImportnExport.ExportTestResultsExcel] [  301] - ..in export..Pass
[DEBUG][2016-01-27 20:06:14,457][com.java.ImportnExport.ExportTestResultsExcel] [  301] - ..in export..
[DEBUG][2016-01-27 20:06:14,457][com.java.ImportnExport.ExportTestResultsExcel] [  301] - ..in export..Wed Jan 27 20:06:08 IST 2016
[INFO ][2016-01-27 20:06:14,457][com.java.SeleniumDriver] [ 1337] - out loop:0 size:2 TestCases:[1, 11] testcases:[1, 11]
[INFO ][2016-01-27 20:06:14,457][com.java.ImportnExport.ImportTestDataDetailsExcel] [   49] - test data details path===== D:\BankersDashboard\TestInputs\TestData.xls
[INFO ][2016-01-27 20:06:33,333][com.java.SeleniumDriver] [  856] - ------------------------------------------
[INFO ][2016-01-27 20:06:33,333][com.java.SeleniumDriver] [  857] - Test case being Executed: 11
[INFO ][2016-01-27 20:06:33,333][com.java.SeleniumDriver] [  869] - Test step:1
[INFO ][2016-01-27 20:06:33,333][com.java.SeleniumDriver] [  881] - Datavalue is----------Logout
[INFO ][2016-01-27 20:06:33,333][com.java.SeleniumDriver] [  905] - DataField : BTN
[INFO ][2016-01-27 20:06:33,333][com.java.SeleniumDriver] [  907] - DataValue : Logout
[INFO ][2016-01-27 20:06:33,333][com.java.SeleniumDriver] [  913] - <In Set values of the page>
[INFO ][2016-01-27 20:06:33,333][com.java.SeleniumDriver] [  916] - {Data Fields & Data Values Exist}
[INFO ][2016-01-27 20:06:33,333][com.java.SeleniumDriver] [  918] - --------------------------setting values-----------------------------
[INFO ][2016-01-27 20:06:33,333][com.java.SeleniumDriver] [  921] - Action Type : Verify
[INFO ][2016-01-27 20:06:33,333][com.java.TestType] [ 8025] - field= BTN value= Logout
[INFO ][2016-01-27 20:06:33,333][com.java.TestType] [ 6435] - value = Logout
[INFO ][2016-01-27 20:06:33,944][com.java.SeleniumDriver] [  930] -  RESULT true
[INFO ][2016-01-27 20:06:33,944][com.java.SeleniumDriver] [ 1136] - ?   P A S S   ?
[INFO ][2016-01-27 20:06:33,944][com.java.SeleniumDriver] [ 1178] - step change to 3
[INFO ][2016-01-27 20:06:33,944][com.java.SeleniumDriver] [  856] - ------------------------------------------
[INFO ][2016-01-27 20:06:33,944][com.java.SeleniumDriver] [  857] - Test case being Executed: 11
[INFO ][2016-01-27 20:06:33,944][com.java.SeleniumDriver] [  869] - Test step:3
[INFO ][2016-01-27 20:06:33,944][com.java.SeleniumDriver] [  881] - Datavalue is----------Concept#2:1-2
[INFO ][2016-01-27 20:06:33,944][com.java.SeleniumDriver] [  905] - DataField : test
[INFO ][2016-01-27 20:06:33,944][com.java.SeleniumDriver] [  907] - DataValue : Concept#2:1-2
[INFO ][2016-01-27 20:06:33,944][com.java.SeleniumDriver] [  913] - <In Set values of the page>
[INFO ][2016-01-27 20:06:33,944][com.java.SeleniumDriver] [  916] - {Data Fields & Data Values Exist}
[INFO ][2016-01-27 20:06:33,944][com.java.SeleniumDriver] [  918] - --------------------------setting values-----------------------------
[INFO ][2016-01-27 20:06:33,944][com.java.SeleniumDriver] [  921] - Action Type : ExecuteTestCase
[INFO ][2016-01-27 20:06:33,944][com.java.TestType] [  442] - The Concept sheet name is ---------- Concept
[INFO ][2016-01-27 20:06:33,944][com.java.TestType] [  445] - The Concept ID  is ---------- 2
[DEBUG][2016-01-27 20:06:33,944][com.java.TestType] [  449] - Steps being executted in the Concept are: 1:2
[INFO ][2016-01-27 20:06:33,944][com.java.TestType] [  456] - Test data details path ---------- D:\BankersDashboard\TestInputs\TestData.xls
[INFO ][2016-01-27 20:06:33,944][com.java.TestType] [  487] -  str(1) = 2
[INFO ][2016-01-27 20:06:33,944][com.java.TestType] [  490] - Test case Id is---2
[INFO ][2016-01-27 20:06:33,944][com.java.TestType] [  492] - 2
[INFO ][2016-01-27 20:06:33,944][com.java.TestType] [  487] -  str(2) = 1
[INFO ][2016-01-27 20:06:33,944][com.java.TestType] [  487] -  str(1) = 2
[INFO ][2016-01-27 20:06:33,954][com.java.TestType] [  490] - Test case Id is---2
[INFO ][2016-01-27 20:06:33,954][com.java.TestType] [  492] - 2
[INFO ][2016-01-27 20:06:33,954][com.java.TestType] [  487] -  str(2) = 2
[INFO ][2016-01-27 20:06:33,954][com.java.TestType] [  487] -  str(1) = 2
[INFO ][2016-01-27 20:06:33,954][com.java.TestType] [  490] - Test case Id is---2
[INFO ][2016-01-27 20:06:33,954][com.java.TestType] [  492] - 2
[INFO ][2016-01-27 20:06:33,954][com.java.TestType] [  487] -  str(2) = 3
[INFO ][2016-01-27 20:06:33,954][com.java.TestType] [11690] - Looping 1TCID = 2
[DEBUG][2016-01-27 20:06:33,954][com.java.TestType] [11731] - Concept ID:2 :: Step being Executed: 2::1
[INFO ][2016-01-27 20:06:33,954][com.java.TestType] [11769] - dataFields : BNK//select[@id='bank']
[DEBUG][2016-01-27 20:06:33,954][com.java.TestType] [11775] - <In Set values of the page>
[DEBUG][2016-01-27 20:06:33,954][com.java.TestType] [11780] - {Data Fields & Data Values Exist}
[INFO ][2016-01-27 20:06:33,954][com.java.TestType] [11786] - --------------------------setting values-----------------------------
[INFO ][2016-01-27 20:06:33,954][com.java.TestType] [11789] - Action Type : Select
[INFO ][2016-01-27 20:06:33,954][com.java.TestType] [ 6435] - value = PFC
[INFO ][2016-01-27 20:06:35,815][com.java.TestType] [11808] -  RESULT true
[INFO ][2016-01-27 20:06:35,815][com.java.TestType] [11925] - ?   P A S S   ?
[DEBUG][2016-01-27 20:06:35,815][com.java.TestType] [11731] - Concept ID:2 :: Step being Executed: 2::2
[INFO ][2016-01-27 20:06:35,815][com.java.TestType] [11769] - dataFields : LNKLogout
[DEBUG][2016-01-27 20:06:35,815][com.java.TestType] [11775] - <In Set values of the page>
[DEBUG][2016-01-27 20:06:35,815][com.java.TestType] [11780] - {Data Fields & Data Values Exist}
[INFO ][2016-01-27 20:06:35,815][com.java.TestType] [11786] - --------------------------setting values-----------------------------
[INFO ][2016-01-27 20:06:35,815][com.java.TestType] [11789] - Action Type : WaitTime
[DEBUG][2016-01-27 20:06:35,815][com.java.TestType] [ 6249] - sleepTime: 5000
[INFO ][2016-01-27 20:06:40,815][com.java.TestType] [11808] -  RESULT true
[INFO ][2016-01-27 20:06:40,815][com.java.TestType] [11925] - ?   P A S S   ?
[INFO ][2016-01-27 20:06:40,815][com.java.TestType] [11996] - Looping End......
[INFO ][2016-01-27 20:06:40,815][com.java.SeleniumDriver] [  930] -  RESULT true
[INFO ][2016-01-27 20:06:40,815][com.java.SeleniumDriver] [ 1136] - ?   P A S S   ?
[INFO ][2016-01-27 20:06:40,815][com.java.SeleniumDriver] [  856] - ------------------------------------------
[INFO ][2016-01-27 20:06:40,815][com.java.SeleniumDriver] [  857] - Test case being Executed: 11
[INFO ][2016-01-27 20:06:40,815][com.java.SeleniumDriver] [  869] - Test step:4
[INFO ][2016-01-27 20:06:40,815][com.java.SeleniumDriver] [  881] - Datavalue is----------null
[DEBUG][2016-01-27 20:06:40,815][com.java.SeleniumDriver] [  899] - Exception: null
[INFO ][2016-01-27 20:06:40,815][com.java.SeleniumDriver] [  905] - DataField : //span[@class='icon-checkmark']&&//a[@data-id='LoanTypes']
[INFO ][2016-01-27 20:06:40,815][com.java.SeleniumDriver] [  907] - DataValue : 
[INFO ][2016-01-27 20:06:40,815][com.java.SeleniumDriver] [  913] - <In Set values of the page>
[INFO ][2016-01-27 20:06:40,815][com.java.SeleniumDriver] [  916] - {Data Fields & Data Values Exist}
[INFO ][2016-01-27 20:06:40,815][com.java.SeleniumDriver] [  918] - --------------------------setting values-----------------------------
[INFO ][2016-01-27 20:06:40,815][com.java.SeleniumDriver] [  921] - Action Type : mouseover
[INFO ][2016-01-27 20:07:28,025][com.java.SeleniumDriver] [  930] -  RESULT true
[INFO ][2016-01-27 20:07:28,025][com.java.SeleniumDriver] [ 1136] - ?   P A S S   ?
[INFO ][2016-01-27 20:07:28,025][com.java.SeleniumDriver] [  856] - ------------------------------------------
[INFO ][2016-01-27 20:07:28,025][com.java.SeleniumDriver] [  857] - Test case being Executed: 11
[INFO ][2016-01-27 20:07:28,025][com.java.SeleniumDriver] [  869] - Test step:5
[INFO ][2016-01-27 20:07:28,025][com.java.SeleniumDriver] [  881] - Datavalue is----------Loan Types
[INFO ][2016-01-27 20:07:28,025][com.java.SeleniumDriver] [  905] - DataField : XPH//span[@class='ui-dialog-title']
[INFO ][2016-01-27 20:07:28,025][com.java.SeleniumDriver] [  907] - DataValue : Loan Types
[INFO ][2016-01-27 20:07:28,025][com.java.SeleniumDriver] [  913] - <In Set values of the page>
[INFO ][2016-01-27 20:07:28,025][com.java.SeleniumDriver] [  916] - {Data Fields & Data Values Exist}
[INFO ][2016-01-27 20:07:28,025][com.java.SeleniumDriver] [  918] - --------------------------setting values-----------------------------
[INFO ][2016-01-27 20:07:28,025][com.java.SeleniumDriver] [  921] - Action Type : verify
[INFO ][2016-01-27 20:07:28,025][com.java.TestType] [ 8025] - field= XPH//span[@class='ui-dialog-title'] value= Loan Types
[INFO ][2016-01-27 20:07:28,025][com.java.TestType] [ 6435] - value = Loan Types
[INFO ][2016-01-27 20:07:28,175][com.java.SeleniumDriver] [  930] -  RESULT true
[INFO ][2016-01-27 20:07:28,175][com.java.SeleniumDriver] [ 1136] - ?   P A S S   ?
[INFO ][2016-01-27 20:07:28,175][com.java.SeleniumDriver] [  856] - ------------------------------------------
[INFO ][2016-01-27 20:07:28,175][com.java.SeleniumDriver] [  857] - Test case being Executed: 11
[INFO ][2016-01-27 20:07:28,175][com.java.SeleniumDriver] [  869] - Test step:6
[INFO ][2016-01-27 20:07:28,175][com.java.SeleniumDriver] [  881] - Datavalue is----------null
[DEBUG][2016-01-27 20:07:28,175][com.java.SeleniumDriver] [  899] - Exception: null
[INFO ][2016-01-27 20:07:28,175][com.java.SeleniumDriver] [  905] - DataField : BTNframeDialogContent
[INFO ][2016-01-27 20:07:28,175][com.java.SeleniumDriver] [  907] - DataValue : 
[INFO ][2016-01-27 20:07:28,175][com.java.SeleniumDriver] [  913] - <In Set values of the page>
[INFO ][2016-01-27 20:07:28,175][com.java.SeleniumDriver] [  916] - {Data Fields & Data Values Exist}
[INFO ][2016-01-27 20:07:28,175][com.java.SeleniumDriver] [  918] - --------------------------setting values-----------------------------
[INFO ][2016-01-27 20:07:28,175][com.java.SeleniumDriver] [  921] - Action Type : selectframe
[INFO ][2016-01-27 20:07:29,476][com.java.SeleniumDriver] [  930] -  RESULT true
[INFO ][2016-01-27 20:07:29,476][com.java.SeleniumDriver] [ 1136] - ?   P A S S   ?
[INFO ][2016-01-27 20:07:29,476][com.java.SeleniumDriver] [  856] - ------------------------------------------
[INFO ][2016-01-27 20:07:29,476][com.java.SeleniumDriver] [  857] - Test case being Executed: 11
[INFO ][2016-01-27 20:07:29,476][com.java.SeleniumDriver] [  869] - Test step:7
[INFO ][2016-01-27 20:07:29,476][com.java.SeleniumDriver] [  881] - Datavalue is----------null
[DEBUG][2016-01-27 20:07:29,476][com.java.SeleniumDriver] [  899] - Exception: null
[INFO ][2016-01-27 20:07:29,476][com.java.SeleniumDriver] [  905] - DataField : BTNbtnAddNew
[INFO ][2016-01-27 20:07:29,476][com.java.SeleniumDriver] [  907] - DataValue : 
[INFO ][2016-01-27 20:07:29,476][com.java.SeleniumDriver] [  913] - <In Set values of the page>
[INFO ][2016-01-27 20:07:29,476][com.java.SeleniumDriver] [  916] - {Data Fields & Data Values Exist}
[INFO ][2016-01-27 20:07:29,476][com.java.SeleniumDriver] [  918] - --------------------------setting values-----------------------------
[INFO ][2016-01-27 20:07:29,476][com.java.SeleniumDriver] [  921] - Action Type : click
[INFO ][2016-01-27 20:07:29,476][com.java.TestType] [ 6814] - Field ::BTNbtnAddNew
[INFO ][2016-01-27 20:07:29,476][com.java.TestType] [ 6435] - value = 
[INFO ][2016-01-27 20:07:30,476][com.java.TestType] [ 6966] - BEFORE CLICK
[INFO ][2016-01-27 20:07:31,737][com.java.TestType] [ 6973] - Unable to click the object click on add new loan type
[INFO ][2016-01-27 20:07:31,737][com.java.SeleniumDriver] [  930] -  RESULT true
[INFO ][2016-01-27 20:07:31,737][com.java.SeleniumDriver] [ 1136] - ?   P A S S   ?
[INFO ][2016-01-27 20:07:31,737][com.java.SeleniumDriver] [  856] - ------------------------------------------
[INFO ][2016-01-27 20:07:31,737][com.java.SeleniumDriver] [  857] - Test case being Executed: 11
[INFO ][2016-01-27 20:07:31,737][com.java.SeleniumDriver] [  869] - Test step:8
[INFO ][2016-01-27 20:07:31,737][com.java.SeleniumDriver] [  881] - Datavalue is----------2
[INFO ][2016-01-27 20:07:31,737][com.java.SeleniumDriver] [  905] - DataField : test
[INFO ][2016-01-27 20:07:31,737][com.java.SeleniumDriver] [  907] - DataValue : 2
[INFO ][2016-01-27 20:07:31,737][com.java.SeleniumDriver] [  913] - <In Set values of the page>
[INFO ][2016-01-27 20:07:31,737][com.java.SeleniumDriver] [  916] - {Data Fields & Data Values Exist}
[INFO ][2016-01-27 20:07:31,737][com.java.SeleniumDriver] [  918] - --------------------------setting values-----------------------------
[INFO ][2016-01-27 20:07:31,737][com.java.SeleniumDriver] [  921] - Action Type : waittime
[DEBUG][2016-01-27 20:07:31,737][com.java.TestType] [ 6249] - sleepTime: 2000
[INFO ][2016-01-27 20:07:33,737][com.java.SeleniumDriver] [  930] -  RESULT true
[INFO ][2016-01-27 20:07:33,737][com.java.SeleniumDriver] [ 1136] - ?   P A S S   ?
[INFO ][2016-01-27 20:07:33,737][com.java.SeleniumDriver] [  856] - ------------------------------------------
[INFO ][2016-01-27 20:07:33,737][com.java.SeleniumDriver] [  857] - Test case being Executed: 11
[INFO ][2016-01-27 20:07:33,737][com.java.SeleniumDriver] [  869] - Test step:9
[INFO ][2016-01-27 20:07:33,737][com.java.SeleniumDriver] [  881] - Datavalue is----------Description
[INFO ][2016-01-27 20:07:33,737][com.java.SeleniumDriver] [  905] - DataField : MSG
[INFO ][2016-01-27 20:07:33,737][com.java.SeleniumDriver] [  907] - DataValue : Description
[INFO ][2016-01-27 20:07:33,737][com.java.SeleniumDriver] [  913] - <In Set values of the page>
[INFO ][2016-01-27 20:07:33,737][com.java.SeleniumDriver] [  916] - {Data Fields & Data Values Exist}
[INFO ][2016-01-27 20:07:33,737][com.java.SeleniumDriver] [  918] - --------------------------setting values-----------------------------
[INFO ][2016-01-27 20:07:33,737][com.java.SeleniumDriver] [  921] - Action Type : verify
[INFO ][2016-01-27 20:07:33,737][com.java.TestType] [ 8025] - field= MSG value= Description
[INFO ][2016-01-27 20:07:33,737][com.java.TestType] [ 6435] - value = Description
[DEBUG][2016-01-27 20:07:33,737][com.java.TestType] [ 8853] - value :: Description
[INFO ][2016-01-27 20:07:33,757][com.java.SeleniumDriver] [  930] -  RESULT true
[INFO ][2016-01-27 20:07:33,757][com.java.SeleniumDriver] [ 1136] - ?   P A S S   ?
[INFO ][2016-01-27 20:07:33,757][com.java.SeleniumDriver] [  856] - ------------------------------------------
[INFO ][2016-01-27 20:07:33,757][com.java.SeleniumDriver] [  857] - Test case being Executed: 11
[INFO ][2016-01-27 20:07:33,757][com.java.SeleniumDriver] [  869] - Test step:10
[INFO ][2016-01-27 20:07:33,757][com.java.SeleniumDriver] [  881] - Datavalue is----------Risk Weight
[INFO ][2016-01-27 20:07:33,757][com.java.SeleniumDriver] [  905] - DataField : MSG
[INFO ][2016-01-27 20:07:33,757][com.java.SeleniumDriver] [  907] - DataValue : Risk Weight
[INFO ][2016-01-27 20:07:33,757][com.java.SeleniumDriver] [  913] - <In Set values of the page>
[INFO ][2016-01-27 20:07:33,757][com.java.SeleniumDriver] [  916] - {Data Fields & Data Values Exist}
[INFO ][2016-01-27 20:07:33,757][com.java.SeleniumDriver] [  918] - --------------------------setting values-----------------------------
[INFO ][2016-01-27 20:07:33,757][com.java.SeleniumDriver] [  921] - Action Type : verify
[INFO ][2016-01-27 20:07:33,757][com.java.TestType] [ 8025] - field= MSG value= Risk Weight
[INFO ][2016-01-27 20:07:33,757][com.java.TestType] [ 6435] - value = Risk Weight
[DEBUG][2016-01-27 20:07:33,757][com.java.TestType] [ 8853] - value :: Risk Weight
[INFO ][2016-01-27 20:07:33,777][com.java.SeleniumDriver] [  930] -  RESULT true
[INFO ][2016-01-27 20:07:33,777][com.java.SeleniumDriver] [ 1136] - ?   P A S S   ?
[INFO ][2016-01-27 20:07:33,777][com.java.SeleniumDriver] [  856] - ------------------------------------------
[INFO ][2016-01-27 20:07:33,777][com.java.SeleniumDriver] [  857] - Test case being Executed: 11
[INFO ][2016-01-27 20:07:33,777][com.java.SeleniumDriver] [  869] - Test step:11
[INFO ][2016-01-27 20:07:33,777][com.java.SeleniumDriver] [  881] - Datavalue is----------Origination Cost
[INFO ][2016-01-27 20:07:33,777][com.java.SeleniumDriver] [  905] - DataField : MSG
[INFO ][2016-01-27 20:07:33,777][com.java.SeleniumDriver] [  907] - DataValue : Origination Cost
[INFO ][2016-01-27 20:07:33,777][com.java.SeleniumDriver] [  913] - <In Set values of the page>
[INFO ][2016-01-27 20:07:33,777][com.java.SeleniumDriver] [  916] - {Data Fields & Data Values Exist}
[INFO ][2016-01-27 20:07:33,777][com.java.SeleniumDriver] [  918] - --------------------------setting values-----------------------------
[INFO ][2016-01-27 20:07:33,777][com.java.SeleniumDriver] [  921] - Action Type : verify
[INFO ][2016-01-27 20:07:33,777][com.java.TestType] [ 8025] - field= MSG value= Origination Cost
[INFO ][2016-01-27 20:07:33,777][com.java.TestType] [ 6435] - value = Origination Cost
[DEBUG][2016-01-27 20:07:33,777][com.java.TestType] [ 8853] - value :: Origination Cost
[INFO ][2016-01-27 20:07:33,788][com.java.SeleniumDriver] [  930] -  RESULT true
[INFO ][2016-01-27 20:07:33,788][com.java.SeleniumDriver] [ 1136] - ?   P A S S   ?
[INFO ][2016-01-27 20:07:33,788][com.java.SeleniumDriver] [  856] - ------------------------------------------
[INFO ][2016-01-27 20:07:33,788][com.java.SeleniumDriver] [  857] - Test case being Executed: 11
[INFO ][2016-01-27 20:07:33,788][com.java.SeleniumDriver] [  869] - Test step:12
[INFO ][2016-01-27 20:07:33,788][com.java.SeleniumDriver] [  881] - Datavalue is----------Annual Servicing Cost
[INFO ][2016-01-27 20:07:33,788][com.java.SeleniumDriver] [  905] - DataField : MSG
[INFO ][2016-01-27 20:07:33,788][com.java.SeleniumDriver] [  907] - DataValue : Annual Servicing Cost
[INFO ][2016-01-27 20:07:33,788][com.java.SeleniumDriver] [  913] - <In Set values of the page>
[INFO ][2016-01-27 20:07:33,788][com.java.SeleniumDriver] [  916] - {Data Fields & Data Values Exist}
[INFO ][2016-01-27 20:07:33,788][com.java.SeleniumDriver] [  918] - --------------------------setting values-----------------------------
[INFO ][2016-01-27 20:07:33,788][com.java.SeleniumDriver] [  921] - Action Type : verify
[INFO ][2016-01-27 20:07:33,788][com.java.TestType] [ 8025] - field= MSG value= Annual Servicing Cost
[INFO ][2016-01-27 20:07:33,788][com.java.TestType] [ 6435] - value = Annual Servicing Cost
[DEBUG][2016-01-27 20:07:33,788][com.java.TestType] [ 8853] - value :: Annual Servicing Cost
[INFO ][2016-01-27 20:07:33,818][com.java.SeleniumDriver] [  930] -  RESULT true
[INFO ][2016-01-27 20:07:33,818][com.java.SeleniumDriver] [ 1136] - ?   P A S S   ?
[INFO ][2016-01-27 20:07:33,818][com.java.SeleniumDriver] [  856] - ------------------------------------------
[INFO ][2016-01-27 20:07:33,818][com.java.SeleniumDriver] [  857] - Test case being Executed: 11
[INFO ][2016-01-27 20:07:33,818][com.java.SeleniumDriver] [  869] - Test step:13
[INFO ][2016-01-27 20:07:33,818][com.java.SeleniumDriver] [  881] - Datavalue is----------2
[INFO ][2016-01-27 20:07:33,818][com.java.SeleniumDriver] [  905] - DataField : TXTtxtDescription
[INFO ][2016-01-27 20:07:33,818][com.java.SeleniumDriver] [  907] - DataValue : 2
[INFO ][2016-01-27 20:07:33,818][com.java.SeleniumDriver] [  913] - <In Set values of the page>
[INFO ][2016-01-27 20:07:33,818][com.java.SeleniumDriver] [  916] - {Data Fields & Data Values Exist}
[INFO ][2016-01-27 20:07:33,818][com.java.SeleniumDriver] [  918] - --------------------------setting values-----------------------------
[INFO ][2016-01-27 20:07:33,818][com.java.SeleniumDriver] [  921] - Action Type : waitforelement
[INFO ][2016-01-27 20:07:34,858][com.java.SeleniumDriver] [  930] -  RESULT true
[INFO ][2016-01-27 20:07:34,858][com.java.SeleniumDriver] [ 1136] - ?   P A S S   ?
[INFO ][2016-01-27 20:07:34,858][com.java.SeleniumDriver] [  856] - ------------------------------------------
[INFO ][2016-01-27 20:07:34,858][com.java.SeleniumDriver] [  857] - Test case being Executed: 11
[INFO ][2016-01-27 20:07:34,858][com.java.SeleniumDriver] [  869] - Test step:14
[INFO ][2016-01-27 20:07:34,858][com.java.SeleniumDriver] [  881] - Datavalue is----------RNDVL_TEST
[INFO ][2016-01-27 20:07:34,858][com.java.SeleniumDriver] [  905] - DataField : TXTtxtDescription
[INFO ][2016-01-27 20:07:34,858][com.java.SeleniumDriver] [  907] - DataValue : RNDVL_TEST
[INFO ][2016-01-27 20:07:34,858][com.java.SeleniumDriver] [  913] - <In Set values of the page>
[INFO ][2016-01-27 20:07:34,858][com.java.SeleniumDriver] [  916] - {Data Fields & Data Values Exist}
[INFO ][2016-01-27 20:07:34,858][com.java.SeleniumDriver] [  918] - --------------------------setting values-----------------------------
[INFO ][2016-01-27 20:07:34,858][com.java.SeleniumDriver] [  921] - Action Type : clearandenter
[INFO ][2016-01-27 20:07:35,980][com.java.TestType] [ 6435] - value = VL_TEST40158
[INFO ][2016-01-27 20:07:38,071][com.java.SeleniumDriver] [  930] -  RESULT true
[INFO ][2016-01-27 20:07:38,071][com.java.SeleniumDriver] [ 1136] - ?   P A S S   ?
[INFO ][2016-01-27 20:07:38,071][com.java.SeleniumDriver] [  856] - ------------------------------------------
[INFO ][2016-01-27 20:07:38,071][com.java.SeleniumDriver] [  857] - Test case being Executed: 11
[INFO ][2016-01-27 20:07:38,071][com.java.SeleniumDriver] [  869] - Test step:15
[INFO ][2016-01-27 20:07:38,071][com.java.SeleniumDriver] [  881] - Datavalue is----------1
[INFO ][2016-01-27 20:07:38,071][com.java.SeleniumDriver] [  905] - DataField : test
[INFO ][2016-01-27 20:07:38,071][com.java.SeleniumDriver] [  907] - DataValue : 1
[INFO ][2016-01-27 20:07:38,071][com.java.SeleniumDriver] [  913] - <In Set values of the page>
[INFO ][2016-01-27 20:07:38,071][com.java.SeleniumDriver] [  916] - {Data Fields & Data Values Exist}
[INFO ][2016-01-27 20:07:38,071][com.java.SeleniumDriver] [  918] - --------------------------setting values-----------------------------
[INFO ][2016-01-27 20:07:38,071][com.java.SeleniumDriver] [  921] - Action Type : waittime
[DEBUG][2016-01-27 20:07:38,071][com.java.TestType] [ 6249] - sleepTime: 1000
[INFO ][2016-01-27 20:07:39,072][com.java.SeleniumDriver] [  930] -  RESULT true
[INFO ][2016-01-27 20:07:39,072][com.java.SeleniumDriver] [ 1136] - ?   P A S S   ?
[INFO ][2016-01-27 20:07:39,072][com.java.SeleniumDriver] [  856] - ------------------------------------------
[INFO ][2016-01-27 20:07:39,072][com.java.SeleniumDriver] [  857] - Test case being Executed: 11
[INFO ][2016-01-27 20:07:39,072][com.java.SeleniumDriver] [  869] - Test step:16
[INFO ][2016-01-27 20:07:39,072][com.java.SeleniumDriver] [  881] - Datavalue is----------ChangedDescription
[INFO ][2016-01-27 20:07:39,072][com.java.SeleniumDriver] [  905] - DataField : TXTtxtDescription
[INFO ][2016-01-27 20:07:39,072][com.java.SeleniumDriver] [  907] - DataValue : ChangedDescription
[INFO ][2016-01-27 20:07:39,072][com.java.SeleniumDriver] [  913] - <In Set values of the page>
[INFO ][2016-01-27 20:07:39,072][com.java.SeleniumDriver] [  916] - {Data Fields & Data Values Exist}
[INFO ][2016-01-27 20:07:39,072][com.java.SeleniumDriver] [  918] - --------------------------setting values-----------------------------
[INFO ][2016-01-27 20:07:39,072][com.java.SeleniumDriver] [  921] - Action Type : storevalue
[INFO ][2016-01-27 20:07:39,072][com.java.TestType] [ 9450] - field= TXTtxtDescription
[DEBUG][2016-01-27 20:07:40,164][com.java.TestType] [ 9464] - Key:: ChangedDescription  Value:: VL_TEST40158
[INFO ][2016-01-27 20:07:40,164][com.java.SeleniumDriver] [  930] -  RESULT true
[INFO ][2016-01-27 20:07:40,164][com.java.SeleniumDriver] [ 1136] - ?   P A S S   ?
[INFO ][2016-01-27 20:07:40,164][com.java.SeleniumDriver] [  856] - ------------------------------------------
[INFO ][2016-01-27 20:07:40,164][com.java.SeleniumDriver] [  857] - Test case being Executed: 11
[INFO ][2016-01-27 20:07:40,164][com.java.SeleniumDriver] [  869] - Test step:17
[INFO ][2016-01-27 20:07:40,164][com.java.SeleniumDriver] [  881] - Datavalue is----------index:1
[INFO ][2016-01-27 20:07:40,164][com.java.SeleniumDriver] [  905] - DataField : COBddlRiskWeight
[INFO ][2016-01-27 20:07:40,164][com.java.SeleniumDriver] [  907] - DataValue : index:1
[INFO ][2016-01-27 20:07:40,164][com.java.SeleniumDriver] [  913] - <In Set values of the page>
[INFO ][2016-01-27 20:07:40,164][com.java.SeleniumDriver] [  916] - {Data Fields & Data Values Exist}
[INFO ][2016-01-27 20:07:40,164][com.java.SeleniumDriver] [  918] - --------------------------setting values-----------------------------
[INFO ][2016-01-27 20:07:40,164][com.java.SeleniumDriver] [  921] - Action Type : select
[INFO ][2016-01-27 20:07:40,164][com.java.TestType] [ 6435] - value = 1
[INFO ][2016-01-27 20:07:41,265][com.java.TestType] [ 6553] -  In COB ddlRiskWeight : 1
[INFO ][2016-01-27 20:07:41,415][com.java.SeleniumDriver] [  930] -  RESULT true
[INFO ][2016-01-27 20:07:41,415][com.java.SeleniumDriver] [ 1136] - ?   P A S S   ?
[INFO ][2016-01-27 20:07:41,415][com.java.SeleniumDriver] [  856] - ------------------------------------------
[INFO ][2016-01-27 20:07:41,415][com.java.SeleniumDriver] [  857] - Test case being Executed: 11
[INFO ][2016-01-27 20:07:41,415][com.java.SeleniumDriver] [  869] - Test step:18
[INFO ][2016-01-27 20:07:41,415][com.java.SeleniumDriver] [  881] - Datavalue is----------ChangedRisk
[INFO ][2016-01-27 20:07:41,415][com.java.SeleniumDriver] [  905] - DataField : SLBddlRiskWeight
[INFO ][2016-01-27 20:07:41,415][com.java.SeleniumDriver] [  907] - DataValue : ChangedRisk
[INFO ][2016-01-27 20:07:41,415][com.java.SeleniumDriver] [  913] - <In Set values of the page>
[INFO ][2016-01-27 20:07:41,415][com.java.SeleniumDriver] [  916] - {Data Fields & Data Values Exist}
[INFO ][2016-01-27 20:07:41,415][com.java.SeleniumDriver] [  918] - --------------------------setting values-----------------------------
[INFO ][2016-01-27 20:07:41,415][com.java.SeleniumDriver] [  921] - Action Type : storevalue
[INFO ][2016-01-27 20:07:41,415][com.java.TestType] [ 9450] - field= SLBddlRiskWeight
[INFO ][2016-01-27 20:07:42,616][com.java.SeleniumDriver] [  930] -  RESULT true
[INFO ][2016-01-27 20:07:42,616][com.java.SeleniumDriver] [ 1136] - ?   P A S S   ?
[INFO ][2016-01-27 20:07:42,616][com.java.SeleniumDriver] [  856] - ------------------------------------------
[INFO ][2016-01-27 20:07:42,616][com.java.SeleniumDriver] [  857] - Test case being Executed: 11
[INFO ][2016-01-27 20:07:42,616][com.java.SeleniumDriver] [  869] - Test step:19
[INFO ][2016-01-27 20:07:42,616][com.java.SeleniumDriver] [  881] - Datavalue is----------185
[INFO ][2016-01-27 20:07:42,616][com.java.SeleniumDriver] [  905] - DataField : TXTtxtCost
[INFO ][2016-01-27 20:07:42,616][com.java.SeleniumDriver] [  907] - DataValue : 185
[INFO ][2016-01-27 20:07:42,616][com.java.SeleniumDriver] [  913] - <In Set values of the page>
[INFO ][2016-01-27 20:07:42,616][com.java.SeleniumDriver] [  916] - {Data Fields & Data Values Exist}
[INFO ][2016-01-27 20:07:42,616][com.java.SeleniumDriver] [  918] - --------------------------setting values-----------------------------
[INFO ][2016-01-27 20:07:42,616][com.java.SeleniumDriver] [  921] - Action Type : clearandenter
[INFO ][2016-01-27 20:07:43,748][com.java.TestType] [ 6435] - value = 185
[INFO ][2016-01-27 20:07:44,899][com.java.SeleniumDriver] [  930] -  RESULT true
[INFO ][2016-01-27 20:07:44,899][com.java.SeleniumDriver] [ 1136] - ?   P A S S   ?
[INFO ][2016-01-27 20:07:44,899][com.java.SeleniumDriver] [  856] - ------------------------------------------
[INFO ][2016-01-27 20:07:44,899][com.java.SeleniumDriver] [  857] - Test case being Executed: 11
[INFO ][2016-01-27 20:07:44,899][com.java.SeleniumDriver] [  869] - Test step:20
[INFO ][2016-01-27 20:07:44,899][com.java.SeleniumDriver] [  881] - Datavalue is----------1
[INFO ][2016-01-27 20:07:44,899][com.java.SeleniumDriver] [  905] - DataField : test
[INFO ][2016-01-27 20:07:44,899][com.java.SeleniumDriver] [  907] - DataValue : 1
[INFO ][2016-01-27 20:07:44,899][com.java.SeleniumDriver] [  913] - <In Set values of the page>
[INFO ][2016-01-27 20:07:44,899][com.java.SeleniumDriver] [  916] - {Data Fields & Data Values Exist}
[INFO ][2016-01-27 20:07:44,899][com.java.SeleniumDriver] [  918] - --------------------------setting values-----------------------------
[INFO ][2016-01-27 20:07:44,899][com.java.SeleniumDriver] [  921] - Action Type : waittime
[DEBUG][2016-01-27 20:07:44,899][com.java.TestType] [ 6249] - sleepTime: 1000
[INFO ][2016-01-27 20:07:45,899][com.java.SeleniumDriver] [  930] -  RESULT true
[INFO ][2016-01-27 20:07:45,899][com.java.SeleniumDriver] [ 1136] - ?   P A S S   ?
[INFO ][2016-01-27 20:07:45,899][com.java.SeleniumDriver] [  856] - ------------------------------------------
[INFO ][2016-01-27 20:07:45,899][com.java.SeleniumDriver] [  857] - Test case being Executed: 11
[INFO ][2016-01-27 20:07:45,899][com.java.SeleniumDriver] [  869] - Test step:21
[INFO ][2016-01-27 20:07:45,899][com.java.SeleniumDriver] [  881] - Datavalue is----------OrganizationCost
[INFO ][2016-01-27 20:07:45,899][com.java.SeleniumDriver] [  905] - DataField : TXTtxtCost
[INFO ][2016-01-27 20:07:45,899][com.java.SeleniumDriver] [  907] - DataValue : OrganizationCost
[INFO ][2016-01-27 20:07:45,899][com.java.SeleniumDriver] [  913] - <In Set values of the page>
[INFO ][2016-01-27 20:07:45,899][com.java.SeleniumDriver] [  916] - {Data Fields & Data Values Exist}
[INFO ][2016-01-27 20:07:45,899][com.java.SeleniumDriver] [  918] - --------------------------setting values-----------------------------
[INFO ][2016-01-27 20:07:45,899][com.java.SeleniumDriver] [  921] - Action Type : storevalue
[INFO ][2016-01-27 20:07:45,899][com.java.TestType] [ 9450] - field= TXTtxtCost
[DEBUG][2016-01-27 20:07:46,981][com.java.TestType] [ 9464] - Key:: OrganizationCost  Value:: 185
[INFO ][2016-01-27 20:07:46,981][com.java.SeleniumDriver] [  930] -  RESULT true
[INFO ][2016-01-27 20:07:46,981][com.java.SeleniumDriver] [ 1136] - ?   P A S S   ?
[INFO ][2016-01-27 20:07:46,981][com.java.SeleniumDriver] [  856] - ------------------------------------------
[INFO ][2016-01-27 20:07:46,981][com.java.SeleniumDriver] [  857] - Test case being Executed: 11
[INFO ][2016-01-27 20:07:46,981][com.java.SeleniumDriver] [  869] - Test step:22
[INFO ][2016-01-27 20:07:46,981][com.java.SeleniumDriver] [  881] - Datavalue is----------50
[INFO ][2016-01-27 20:07:46,981][com.java.SeleniumDriver] [  905] - DataField : TXTtxtServicingCost
[INFO ][2016-01-27 20:07:46,981][com.java.SeleniumDriver] [  907] - DataValue : 50
[INFO ][2016-01-27 20:07:46,981][com.java.SeleniumDriver] [  913] - <In Set values of the page>
[INFO ][2016-01-27 20:07:46,981][com.java.SeleniumDriver] [  916] - {Data Fields & Data Values Exist}
[INFO ][2016-01-27 20:07:46,981][com.java.SeleniumDriver] [  918] - --------------------------setting values-----------------------------
[INFO ][2016-01-27 20:07:46,981][com.java.SeleniumDriver] [  921] - Action Type : clearandenter
[INFO ][2016-01-27 20:07:48,112][com.java.TestType] [ 6435] - value = 50
[INFO ][2016-01-27 20:07:49,283][com.java.SeleniumDriver] [  930] -  RESULT true
[INFO ][2016-01-27 20:07:49,283][com.java.SeleniumDriver] [ 1136] - ?   P A S S   ?
[INFO ][2016-01-27 20:07:49,283][com.java.SeleniumDriver] [  856] - ------------------------------------------
[INFO ][2016-01-27 20:07:49,283][com.java.SeleniumDriver] [  857] - Test case being Executed: 11
[INFO ][2016-01-27 20:07:49,283][com.java.SeleniumDriver] [  869] - Test step:23
[INFO ][2016-01-27 20:07:49,283][com.java.SeleniumDriver] [  881] - Datavalue is----------1
[INFO ][2016-01-27 20:07:49,283][com.java.SeleniumDriver] [  905] - DataField : test
[INFO ][2016-01-27 20:07:49,283][com.java.SeleniumDriver] [  907] - DataValue : 1
[INFO ][2016-01-27 20:07:49,283][com.java.SeleniumDriver] [  913] - <In Set values of the page>
[INFO ][2016-01-27 20:07:49,283][com.java.SeleniumDriver] [  916] - {Data Fields & Data Values Exist}
[INFO ][2016-01-27 20:07:49,283][com.java.SeleniumDriver] [  918] - --------------------------setting values-----------------------------
[INFO ][2016-01-27 20:07:49,283][com.java.SeleniumDriver] [  921] - Action Type : waittime
[DEBUG][2016-01-27 20:07:49,283][com.java.TestType] [ 6249] - sleepTime: 1000
[INFO ][2016-01-27 20:07:50,283][com.java.SeleniumDriver] [  930] -  RESULT true
[INFO ][2016-01-27 20:07:50,283][com.java.SeleniumDriver] [ 1136] - ?   P A S S   ?
[INFO ][2016-01-27 20:07:50,283][com.java.SeleniumDriver] [  856] - ------------------------------------------
[INFO ][2016-01-27 20:07:50,283][com.java.SeleniumDriver] [  857] - Test case being Executed: 11
[INFO ][2016-01-27 20:07:50,283][com.java.SeleniumDriver] [  869] - Test step:24
[INFO ][2016-01-27 20:07:50,283][com.java.SeleniumDriver] [  881] - Datavalue is----------AnnualServicing
[INFO ][2016-01-27 20:07:50,283][com.java.SeleniumDriver] [  905] - DataField : TXTtxtServicingCost
[INFO ][2016-01-27 20:07:50,283][com.java.SeleniumDriver] [  907] - DataValue : AnnualServicing
[INFO ][2016-01-27 20:07:50,283][com.java.SeleniumDriver] [  913] - <In Set values of the page>
[INFO ][2016-01-27 20:07:50,283][com.java.SeleniumDriver] [  916] - {Data Fields & Data Values Exist}
[INFO ][2016-01-27 20:07:50,283][com.java.SeleniumDriver] [  918] - --------------------------setting values-----------------------------
[INFO ][2016-01-27 20:07:50,283][com.java.SeleniumDriver] [  921] - Action Type : storevalue
[INFO ][2016-01-27 20:07:50,283][com.java.TestType] [ 9450] - field= TXTtxtServicingCost
[DEBUG][2016-01-27 20:07:51,375][com.java.TestType] [ 9464] - Key:: AnnualServicing  Value:: 50
[INFO ][2016-01-27 20:07:51,375][com.java.SeleniumDriver] [  930] -  RESULT true
[INFO ][2016-01-27 20:07:51,375][com.java.SeleniumDriver] [ 1136] - ?   P A S S   ?
[INFO ][2016-01-27 20:07:51,375][com.java.SeleniumDriver] [  856] - ------------------------------------------
[INFO ][2016-01-27 20:07:51,375][com.java.SeleniumDriver] [  857] - Test case being Executed: 11
[INFO ][2016-01-27 20:07:51,375][com.java.SeleniumDriver] [  869] - Test step:25
[INFO ][2016-01-27 20:07:51,375][com.java.SeleniumDriver] [  881] - Datavalue is----------null
[DEBUG][2016-01-27 20:07:51,375][com.java.SeleniumDriver] [  899] - Exception: null
[INFO ][2016-01-27 20:07:51,375][com.java.SeleniumDriver] [  905] - DataField : BTNparent
[INFO ][2016-01-27 20:07:51,375][com.java.SeleniumDriver] [  907] - DataValue : 
[INFO ][2016-01-27 20:07:51,375][com.java.SeleniumDriver] [  913] - <In Set values of the page>
[INFO ][2016-01-27 20:07:51,375][com.java.SeleniumDriver] [  916] - {Data Fields & Data Values Exist}
[INFO ][2016-01-27 20:07:51,375][com.java.SeleniumDriver] [  918] - --------------------------setting values-----------------------------
[INFO ][2016-01-27 20:07:51,375][com.java.SeleniumDriver] [  921] - Action Type : selectframe
[INFO ][2016-01-27 20:07:51,385][com.java.SeleniumDriver] [  930] -  RESULT true
[INFO ][2016-01-27 20:07:51,385][com.java.SeleniumDriver] [ 1136] - ?   P A S S   ?
[INFO ][2016-01-27 20:07:51,385][com.java.SeleniumDriver] [  856] - ------------------------------------------
[INFO ][2016-01-27 20:07:51,385][com.java.SeleniumDriver] [  857] - Test case being Executed: 11
[INFO ][2016-01-27 20:07:51,385][com.java.SeleniumDriver] [  869] - Test step:26
[INFO ][2016-01-27 20:07:51,385][com.java.SeleniumDriver] [  881] - Datavalue is----------null
[DEBUG][2016-01-27 20:07:51,385][com.java.SeleniumDriver] [  899] - Exception: null
[INFO ][2016-01-27 20:07:51,385][com.java.SeleniumDriver] [  905] - DataField : HDN//span[contains(text(),'Update')]
[INFO ][2016-01-27 20:07:51,385][com.java.SeleniumDriver] [  907] - DataValue : 
[INFO ][2016-01-27 20:07:51,385][com.java.SeleniumDriver] [  913] - <In Set values of the page>
[INFO ][2016-01-27 20:07:51,385][com.java.SeleniumDriver] [  916] - {Data Fields & Data Values Exist}
[INFO ][2016-01-27 20:07:51,385][com.java.SeleniumDriver] [  918] - --------------------------setting values-----------------------------
[INFO ][2016-01-27 20:07:51,385][com.java.SeleniumDriver] [  921] - Action Type : click
[INFO ][2016-01-27 20:07:51,385][com.java.TestType] [ 6814] - Field ::HDN//span[contains(text(),'Update')]
[INFO ][2016-01-27 20:07:51,385][com.java.TestType] [ 6435] - value = 
[INFO ][2016-01-27 20:07:52,559][com.java.SeleniumDriver] [  930] -  RESULT true
[INFO ][2016-01-27 20:07:52,559][com.java.SeleniumDriver] [ 1136] - ?   P A S S   ?
[INFO ][2016-01-27 20:07:52,559][com.java.SeleniumDriver] [  856] - ------------------------------------------
[INFO ][2016-01-27 20:07:52,559][com.java.SeleniumDriver] [  857] - Test case being Executed: 11
[INFO ][2016-01-27 20:07:52,559][com.java.SeleniumDriver] [  869] - Test step:27
[INFO ][2016-01-27 20:07:52,559][com.java.SeleniumDriver] [  881] - Datavalue is----------5
[INFO ][2016-01-27 20:07:52,559][com.java.SeleniumDriver] [  905] - DataField : test
[INFO ][2016-01-27 20:07:52,559][com.java.SeleniumDriver] [  907] - DataValue : 5
[INFO ][2016-01-27 20:07:52,559][com.java.SeleniumDriver] [  913] - <In Set values of the page>
[INFO ][2016-01-27 20:07:52,559][com.java.SeleniumDriver] [  916] - {Data Fields & Data Values Exist}
[INFO ][2016-01-27 20:07:52,559][com.java.SeleniumDriver] [  918] - --------------------------setting values-----------------------------
[INFO ][2016-01-27 20:07:52,559][com.java.SeleniumDriver] [  921] - Action Type : waittime
[DEBUG][2016-01-27 20:07:52,559][com.java.TestType] [ 6249] - sleepTime: 5000
[INFO ][2016-01-27 20:07:57,559][com.java.SeleniumDriver] [  930] -  RESULT true
[INFO ][2016-01-27 20:07:57,559][com.java.SeleniumDriver] [ 1136] - ?   P A S S   ?
[INFO ][2016-01-27 20:07:57,559][com.java.SeleniumDriver] [  856] - ------------------------------------------
[INFO ][2016-01-27 20:07:57,559][com.java.SeleniumDriver] [  857] - Test case being Executed: 11
[INFO ][2016-01-27 20:07:57,559][com.java.SeleniumDriver] [  869] - Test step:28
[INFO ][2016-01-27 20:07:57,559][com.java.SeleniumDriver] [  881] - Datavalue is----------null
[DEBUG][2016-01-27 20:07:57,559][com.java.SeleniumDriver] [  899] - Exception: null
[INFO ][2016-01-27 20:07:57,559][com.java.SeleniumDriver] [  905] - DataField : BTNframeDialogContent
[INFO ][2016-01-27 20:07:57,559][com.java.SeleniumDriver] [  907] - DataValue : 
[INFO ][2016-01-27 20:07:57,559][com.java.SeleniumDriver] [  913] - <In Set values of the page>
[INFO ][2016-01-27 20:07:57,559][com.java.SeleniumDriver] [  916] - {Data Fields & Data Values Exist}
[INFO ][2016-01-27 20:07:57,559][com.java.SeleniumDriver] [  918] - --------------------------setting values-----------------------------
[INFO ][2016-01-27 20:07:57,559][com.java.SeleniumDriver] [  921] - Action Type : selectframe
[INFO ][2016-01-27 20:07:58,801][com.java.SeleniumDriver] [  930] -  RESULT true
[INFO ][2016-01-27 20:07:58,801][com.java.SeleniumDriver] [ 1136] - ?   P A S S   ?
[INFO ][2016-01-27 20:07:58,801][com.java.SeleniumDriver] [  856] - ------------------------------------------
[INFO ][2016-01-27 20:07:58,801][com.java.SeleniumDriver] [  857] - Test case being Executed: 11
[INFO ][2016-01-27 20:07:58,801][com.java.SeleniumDriver] [  869] - Test step:29
[INFO ][2016-01-27 20:07:58,801][com.java.SeleniumDriver] [  881] - Datavalue is----------ChangedDescription::CANCEL::Are you sure you want to delete this loan type?
[INFO ][2016-01-27 20:07:58,801][com.java.SeleniumDriver] [  905] - DataField : RCC//input[@value="mytext"]/parent::td/following-sibling::td/span[@class="glyphicon glyphicon-remove"]
[INFO ][2016-01-27 20:07:58,801][com.java.SeleniumDriver] [  907] - DataValue : ChangedDescription::CANCEL::Are you sure you want to delete this loan type?
[INFO ][2016-01-27 20:07:58,801][com.java.SeleniumDriver] [  913] - <In Set values of the page>
[INFO ][2016-01-27 20:07:58,801][com.java.SeleniumDriver] [  916] - {Data Fields & Data Values Exist}
[INFO ][2016-01-27 20:07:58,801][com.java.SeleniumDriver] [  918] - --------------------------setting values-----------------------------
[INFO ][2016-01-27 20:07:58,801][com.java.SeleniumDriver] [  921] - Action Type : CLICKWITHALERT
[INFO ][2016-01-27 20:08:09,973][com.java.SeleniumDriver] [  930] -  RESULT true
[INFO ][2016-01-27 20:08:09,973][com.java.SeleniumDriver] [ 1136] - ?   P A S S   ?
[INFO ][2016-01-27 20:08:09,973][com.java.SeleniumDriver] [  856] - ------------------------------------------
[INFO ][2016-01-27 20:08:09,973][com.java.SeleniumDriver] [  857] - Test case being Executed: 11
[INFO ][2016-01-27 20:08:09,973][com.java.SeleniumDriver] [  869] - Test step:30
[INFO ][2016-01-27 20:08:09,973][com.java.SeleniumDriver] [  881] - Datavalue is----------4
[INFO ][2016-01-27 20:08:09,973][com.java.SeleniumDriver] [  905] - DataField : test
[INFO ][2016-01-27 20:08:09,973][com.java.SeleniumDriver] [  907] - DataValue : 4
[INFO ][2016-01-27 20:08:09,973][com.java.SeleniumDriver] [  913] - <In Set values of the page>
[INFO ][2016-01-27 20:08:09,973][com.java.SeleniumDriver] [  916] - {Data Fields & Data Values Exist}
[INFO ][2016-01-27 20:08:09,973][com.java.SeleniumDriver] [  918] - --------------------------setting values-----------------------------
[INFO ][2016-01-27 20:08:09,973][com.java.SeleniumDriver] [  921] - Action Type : waittime
[DEBUG][2016-01-27 20:08:09,973][com.java.TestType] [ 6249] - sleepTime: 4000
[INFO ][2016-01-27 20:08:13,974][com.java.SeleniumDriver] [  930] -  RESULT true
[INFO ][2016-01-27 20:08:13,974][com.java.SeleniumDriver] [ 1136] - ?   P A S S   ?
[INFO ][2016-01-27 20:08:13,974][com.java.SeleniumDriver] [  856] - ------------------------------------------
[INFO ][2016-01-27 20:08:13,974][com.java.SeleniumDriver] [  857] - Test case being Executed: 11
[INFO ][2016-01-27 20:08:13,974][com.java.SeleniumDriver] [  869] - Test step:31
[INFO ][2016-01-27 20:08:13,974][com.java.SeleniumDriver] [  881] - Datavalue is----------ChangedDescription::OK::Are you sure you want to delete this loan type?
[INFO ][2016-01-27 20:08:13,974][com.java.SeleniumDriver] [  905] - DataField : RCC//input[@value="mytext"]/parent::td/following-sibling::td/span[@class="glyphicon glyphicon-remove"]
[INFO ][2016-01-27 20:08:13,974][com.java.SeleniumDriver] [  907] - DataValue : ChangedDescription::OK::Are you sure you want to delete this loan type?
[INFO ][2016-01-27 20:08:13,974][com.java.SeleniumDriver] [  913] - <In Set values of the page>
[INFO ][2016-01-27 20:08:13,974][com.java.SeleniumDriver] [  916] - {Data Fields & Data Values Exist}
[INFO ][2016-01-27 20:08:13,974][com.java.SeleniumDriver] [  918] - --------------------------setting values-----------------------------
[INFO ][2016-01-27 20:08:13,974][com.java.SeleniumDriver] [  921] - Action Type : CLICKWITHALERT
[INFO ][2016-01-27 20:08:25,717][com.java.SeleniumDriver] [  930] -  RESULT true
[INFO ][2016-01-27 20:08:25,717][com.java.SeleniumDriver] [ 1136] - ?   P A S S   ?
[INFO ][2016-01-27 20:08:25,717][com.java.SeleniumDriver] [  856] - ------------------------------------------
[INFO ][2016-01-27 20:08:25,717][com.java.SeleniumDriver] [  857] - Test case being Executed: 11
[INFO ][2016-01-27 20:08:25,717][com.java.SeleniumDriver] [  869] - Test step:32
[INFO ][2016-01-27 20:08:25,717][com.java.SeleniumDriver] [  881] - Datavalue is----------2
[INFO ][2016-01-27 20:08:25,717][com.java.SeleniumDriver] [  905] - DataField : test
[INFO ][2016-01-27 20:08:25,717][com.java.SeleniumDriver] [  907] - DataValue : 2
[INFO ][2016-01-27 20:08:25,717][com.java.SeleniumDriver] [  913] - <In Set values of the page>
[INFO ][2016-01-27 20:08:25,717][com.java.SeleniumDriver] [  916] - {Data Fields & Data Values Exist}
[INFO ][2016-01-27 20:08:25,717][com.java.SeleniumDriver] [  918] - --------------------------setting values-----------------------------
[INFO ][2016-01-27 20:08:25,717][com.java.SeleniumDriver] [  921] - Action Type : waittime
[DEBUG][2016-01-27 20:08:25,717][com.java.TestType] [ 6249] - sleepTime: 2000
[INFO ][2016-01-27 20:08:27,718][com.java.SeleniumDriver] [  930] -  RESULT true
[INFO ][2016-01-27 20:08:27,718][com.java.SeleniumDriver] [ 1136] - ?   P A S S   ?
[INFO ][2016-01-27 20:08:27,718][com.java.SeleniumDriver] [  856] - ------------------------------------------
[INFO ][2016-01-27 20:08:27,718][com.java.SeleniumDriver] [  857] - Test case being Executed: 11
[INFO ][2016-01-27 20:08:27,718][com.java.SeleniumDriver] [  869] - Test step:33
[INFO ][2016-01-27 20:08:27,718][com.java.SeleniumDriver] [  881] - Datavalue is----------HMVChangedDescription
[INFO ][2016-01-27 20:08:27,718][com.java.SeleniumDriver] [  905] - DataField : MSG
[INFO ][2016-01-27 20:08:27,718][com.java.SeleniumDriver] [  907] - DataValue : HMVChangedDescription
[INFO ][2016-01-27 20:08:27,718][com.java.SeleniumDriver] [  913] - <In Set values of the page>
[INFO ][2016-01-27 20:08:27,718][com.java.SeleniumDriver] [  916] - {Data Fields & Data Values Exist}
[INFO ][2016-01-27 20:08:27,718][com.java.SeleniumDriver] [  918] - --------------------------setting values-----------------------------
[INFO ][2016-01-27 20:08:27,718][com.java.SeleniumDriver] [  921] - Action Type : verifynotpresent
[INFO ][2016-01-27 20:08:27,718][com.java.TestType] [ 9774] - field= MSG value= HMVChangedDescription
[INFO ][2016-01-27 20:08:27,739][com.java.SeleniumDriver] [  930] -  RESULT true
[INFO ][2016-01-27 20:08:27,739][com.java.SeleniumDriver] [ 1136] - ?   P A S S   ?
[INFO ][2016-01-27 20:08:27,739][com.java.SeleniumDriver] [  856] - ------------------------------------------
[INFO ][2016-01-27 20:08:27,739][com.java.SeleniumDriver] [  857] - Test case being Executed: 11
[INFO ][2016-01-27 20:08:27,739][com.java.SeleniumDriver] [  869] - Test step:34
[INFO ][2016-01-27 20:08:27,739][com.java.SeleniumDriver] [  881] - Datavalue is----------null
[DEBUG][2016-01-27 20:08:27,739][com.java.SeleniumDriver] [  899] - Exception: null
[INFO ][2016-01-27 20:08:27,739][com.java.SeleniumDriver] [  905] - DataField : BTNparent
[INFO ][2016-01-27 20:08:27,739][com.java.SeleniumDriver] [  907] - DataValue : 
[INFO ][2016-01-27 20:08:27,739][com.java.SeleniumDriver] [  913] - <In Set values of the page>
[INFO ][2016-01-27 20:08:27,739][com.java.SeleniumDriver] [  916] - {Data Fields & Data Values Exist}
[INFO ][2016-01-27 20:08:27,739][com.java.SeleniumDriver] [  918] - --------------------------setting values-----------------------------
[INFO ][2016-01-27 20:08:27,739][com.java.SeleniumDriver] [  921] - Action Type : selectframe
[INFO ][2016-01-27 20:08:27,749][com.java.SeleniumDriver] [  930] -  RESULT true
[INFO ][2016-01-27 20:08:27,749][com.java.SeleniumDriver] [ 1136] - ?   P A S S   ?
[INFO ][2016-01-27 20:08:27,749][com.java.SeleniumDriver] [  856] - ------------------------------------------
[INFO ][2016-01-27 20:08:27,749][com.java.SeleniumDriver] [  857] - Test case being Executed: 11
[INFO ][2016-01-27 20:08:27,749][com.java.SeleniumDriver] [  869] - Test step:35
[INFO ][2016-01-27 20:08:27,749][com.java.SeleniumDriver] [  881] - Datavalue is----------null
[DEBUG][2016-01-27 20:08:27,749][com.java.SeleniumDriver] [  899] - Exception: null
[INFO ][2016-01-27 20:08:27,749][com.java.SeleniumDriver] [  905] - DataField : HDN//span[contains(text(),'Update')]
[INFO ][2016-01-27 20:08:27,749][com.java.SeleniumDriver] [  907] - DataValue : 
[INFO ][2016-01-27 20:08:27,749][com.java.SeleniumDriver] [  913] - <In Set values of the page>
[INFO ][2016-01-27 20:08:27,749][com.java.SeleniumDriver] [  916] - {Data Fields & Data Values Exist}
[INFO ][2016-01-27 20:08:27,749][com.java.SeleniumDriver] [  918] - --------------------------setting values-----------------------------
[INFO ][2016-01-27 20:08:27,749][com.java.SeleniumDriver] [  921] - Action Type : click
[INFO ][2016-01-27 20:08:27,749][com.java.TestType] [ 6814] - Field ::HDN//span[contains(text(),'Update')]
[INFO ][2016-01-27 20:08:27,749][com.java.TestType] [ 6435] - value = 
[INFO ][2016-01-27 20:08:29,080][com.java.SeleniumDriver] [  930] -  RESULT true
[INFO ][2016-01-27 20:08:29,080][com.java.SeleniumDriver] [ 1136] - ?   P A S S   ?
[INFO ][2016-01-27 20:08:29,080][com.java.SeleniumDriver] [  856] - ------------------------------------------
[INFO ][2016-01-27 20:08:29,080][com.java.SeleniumDriver] [  857] - Test case being Executed: 11
[INFO ][2016-01-27 20:08:29,080][com.java.SeleniumDriver] [  869] - Test step:36
[INFO ][2016-01-27 20:08:29,080][com.java.SeleniumDriver] [  881] - Datavalue is----------2
[INFO ][2016-01-27 20:08:29,080][com.java.SeleniumDriver] [  905] - DataField : test
[INFO ][2016-01-27 20:08:29,080][com.java.SeleniumDriver] [  907] - DataValue : 2
[INFO ][2016-01-27 20:08:29,080][com.java.SeleniumDriver] [  913] - <In Set values of the page>
[INFO ][2016-01-27 20:08:29,080][com.java.SeleniumDriver] [  916] - {Data Fields & Data Values Exist}
[INFO ][2016-01-27 20:08:29,080][com.java.SeleniumDriver] [  918] - --------------------------setting values-----------------------------
[INFO ][2016-01-27 20:08:29,080][com.java.SeleniumDriver] [  921] - Action Type : waittime
[DEBUG][2016-01-27 20:08:29,080][com.java.TestType] [ 6249] - sleepTime: 2000
[INFO ][2016-01-27 20:08:31,080][com.java.SeleniumDriver] [  930] -  RESULT true
[INFO ][2016-01-27 20:08:31,080][com.java.SeleniumDriver] [ 1136] - ?   P A S S   ?
[INFO ][2016-01-27 20:08:31,080][com.java.SeleniumDriver] [  856] - ------------------------------------------
[INFO ][2016-01-27 20:08:31,080][com.java.SeleniumDriver] [  857] - Test case being Executed: 11
[INFO ][2016-01-27 20:08:31,080][com.java.SeleniumDriver] [  869] - Test step:37
[INFO ][2016-01-27 20:08:31,080][com.java.SeleniumDriver] [  881] - Datavalue is----------//span[@class='ui-dialog-title']
[INFO ][2016-01-27 20:08:31,080][com.java.SeleniumDriver] [  905] - DataField : BTN
[INFO ][2016-01-27 20:08:31,080][com.java.SeleniumDriver] [  907] - DataValue : //span[@class='ui-dialog-title']
[INFO ][2016-01-27 20:08:31,080][com.java.SeleniumDriver] [  913] - <In Set values of the page>
[INFO ][2016-01-27 20:08:31,080][com.java.SeleniumDriver] [  916] - {Data Fields & Data Values Exist}
[INFO ][2016-01-27 20:08:31,080][com.java.SeleniumDriver] [  918] - --------------------------setting values-----------------------------
[INFO ][2016-01-27 20:08:31,080][com.java.SeleniumDriver] [  921] - Action Type : verifynotpresent
[INFO ][2016-01-27 20:08:31,080][com.java.TestType] [ 9774] - field= BTN value= //span[@class='ui-dialog-title']
[INFO ][2016-01-27 20:08:51,891][com.java.SeleniumDriver] [  930] -  RESULT true
[INFO ][2016-01-27 20:08:51,891][com.java.SeleniumDriver] [ 1136] - ?   P A S S   ?
[DEBUG][2016-01-27 20:08:51,891][com.java.SeleniumDriver] [ 1248] - Case found
[DEBUG][2016-01-27 20:08:51,891][com.java.SeleniumDriver] [ 1253] - Incrementing ReportCounters[0]:2
[INFO ][2016-01-27 20:08:51,891][com.java.SeleniumDriver] [ 1272] - The results are-------------------[11, 1, LOAN PRICING: Loan Types, Pass, , Wed Jan 27 20:06:33 IST 2016, 11, 3, LOAN PRICING: Loan Types, Pass, , Wed Jan 27 20:06:40 IST 2016, 11, 4, LOAN PRICING: Loan Types, Pass, , Wed Jan 27 20:07:28 IST 2016, 11, 5, LOAN PRICING: Loan Types, Pass, , Wed Jan 27 20:07:28 IST 2016, 11, 6, LOAN PRICING: Loan Types, Pass, , Wed Jan 27 20:07:29 IST 2016, 11, 7, LOAN PRICING: Loan Types, Pass, , Wed Jan 27 20:07:31 IST 2016, 11, 8, LOAN PRICING: Loan Types, Pass, , Wed Jan 27 20:07:33 IST 2016, 11, 9, LOAN PRICING: Loan Types, Pass, , Wed Jan 27 20:07:33 IST 2016, 11, 10, LOAN PRICING: Loan Types, Pass, , Wed Jan 27 20:07:33 IST 2016, 11, 11, LOAN PRICING: Loan Types, Pass, , Wed Jan 27 20:07:33 IST 2016, 11, 12, LOAN PRICING: Loan Types, Pass, , Wed Jan 27 20:07:33 IST 2016, 11, 13, LOAN PRICING: Loan Types, Pass, , Wed Jan 27 20:07:34 IST 2016, 11, 14, LOAN PRICING: Loan Types, Pass, , Wed Jan 27 20:07:38 IST 2016, 11, 15, LOAN PRICING: Loan Types, Pass, , Wed Jan 27 20:07:39 IST 2016, 11, 16, LOAN PRICING: Loan Types, Pass, , Wed Jan 27 20:07:40 IST 2016, 11, 17, LOAN PRICING: Loan Types, Pass, , Wed Jan 27 20:07:41 IST 2016, 11, 18, LOAN PRICING: Loan Types, Pass, , Wed Jan 27 20:07:42 IST 2016, 11, 19, LOAN PRICING: Loan Types, Pass, , Wed Jan 27 20:07:44 IST 2016, 11, 20, LOAN PRICING: Loan Types, Pass, , Wed Jan 27 20:07:45 IST 2016, 11, 21, LOAN PRICING: Loan Types, Pass, , Wed Jan 27 20:07:46 IST 2016, 11, 22, LOAN PRICING: Loan Types, Pass, , Wed Jan 27 20:07:49 IST 2016, 11, 23, LOAN PRICING: Loan Types, Pass, , Wed Jan 27 20:07:50 IST 2016, 11, 24, LOAN PRICING: Loan Types, Pass, , Wed Jan 27 20:07:51 IST 2016, 11, 25, LOAN PRICING: Loan Types, Pass, , Wed Jan 27 20:07:51 IST 2016, 11, 26, LOAN PRICING: Loan Types, Pass, , Wed Jan 27 20:07:52 IST 2016, 11, 27, LOAN PRICING: Loan Types, Pass, , Wed Jan 27 20:07:57 IST 2016, 11, 28, LOAN PRICING: Loan Types, Pass, , Wed Jan 27 20:07:58 IST 2016, 11, 29, LOAN PRICING: Loan Types, Pass, , Wed Jan 27 20:08:09 IST 2016, 11, 30, LOAN PRICING: Loan Types, Pass, , Wed Jan 27 20:08:13 IST 2016, 11, 31, LOAN PRICING: Loan Types, Pass, , Wed Jan 27 20:08:25 IST 2016, 11, 32, LOAN PRICING: Loan Types, Pass, , Wed Jan 27 20:08:27 IST 2016, 11, 33, LOAN PRICING: Loan Types, Pass, , Wed Jan 27 20:08:27 IST 2016, 11, 34, LOAN PRICING: Loan Types, Pass, , Wed Jan 27 20:08:27 IST 2016, 11, 35, LOAN PRICING: Loan Types, Pass, , Wed Jan 27 20:08:29 IST 2016, 11, 36, LOAN PRICING: Loan Types, Pass, , Wed Jan 27 20:08:31 IST 2016, 11, 37, LOAN PRICING: Loan Types, Pass, , Wed Jan 27 20:08:51 IST 2016]
[INFO ][2016-01-27 20:08:51,891][com.java.SeleniumDriver] [ 1276] - End time is-------3 min 12 sec
[INFO ][2016-01-27 20:08:51,891][com.java.SeleniumDriver] [ 1277] - The results are-------------------[11, 1, LOAN PRICING: Loan Types, Pass, , Wed Jan 27 20:06:33 IST 2016, 11, 3, LOAN PRICING: Loan Types, Pass, , Wed Jan 27 20:06:40 IST 2016, 11, 4, LOAN PRICING: Loan Types, Pass, , Wed Jan 27 20:07:28 IST 2016, 11, 5, LOAN PRICING: Loan Types, Pass, , Wed Jan 27 20:07:28 IST 2016, 11, 6, LOAN PRICING: Loan Types, Pass, , Wed Jan 27 20:07:29 IST 2016, 11, 7, LOAN PRICING: Loan Types, Pass, , Wed Jan 27 20:07:31 IST 2016, 11, 8, LOAN PRICING: Loan Types, Pass, , Wed Jan 27 20:07:33 IST 2016, 11, 9, LOAN PRICING: Loan Types, Pass, , Wed Jan 27 20:07:33 IST 2016, 11, 10, LOAN PRICING: Loan Types, Pass, , Wed Jan 27 20:07:33 IST 2016, 11, 11, LOAN PRICING: Loan Types, Pass, , Wed Jan 27 20:07:33 IST 2016, 11, 12, LOAN PRICING: Loan Types, Pass, , Wed Jan 27 20:07:33 IST 2016, 11, 13, LOAN PRICING: Loan Types, Pass, , Wed Jan 27 20:07:34 IST 2016, 11, 14, LOAN PRICING: Loan Types, Pass, , Wed Jan 27 20:07:38 IST 2016, 11, 15, LOAN PRICING: Loan Types, Pass, , Wed Jan 27 20:07:39 IST 2016, 11, 16, LOAN PRICING: Loan Types, Pass, , Wed Jan 27 20:07:40 IST 2016, 11, 17, LOAN PRICING: Loan Types, Pass, , Wed Jan 27 20:07:41 IST 2016, 11, 18, LOAN PRICING: Loan Types, Pass, , Wed Jan 27 20:07:42 IST 2016, 11, 19, LOAN PRICING: Loan Types, Pass, , Wed Jan 27 20:07:44 IST 2016, 11, 20, LOAN PRICING: Loan Types, Pass, , Wed Jan 27 20:07:45 IST 2016, 11, 21, LOAN PRICING: Loan Types, Pass, , Wed Jan 27 20:07:46 IST 2016, 11, 22, LOAN PRICING: Loan Types, Pass, , Wed Jan 27 20:07:49 IST 2016, 11, 23, LOAN PRICING: Loan Types, Pass, , Wed Jan 27 20:07:50 IST 2016, 11, 24, LOAN PRICING: Loan Types, Pass, , Wed Jan 27 20:07:51 IST 2016, 11, 25, LOAN PRICING: Loan Types, Pass, , Wed Jan 27 20:07:51 IST 2016, 11, 26, LOAN PRICING: Loan Types, Pass, , Wed Jan 27 20:07:52 IST 2016, 11, 27, LOAN PRICING: Loan Types, Pass, , Wed Jan 27 20:07:57 IST 2016, 11, 28, LOAN PRICING: Loan Types, Pass, , Wed Jan 27 20:07:58 IST 2016, 11, 29, LOAN PRICING: Loan Types, Pass, , Wed Jan 27 20:08:09 IST 2016, 11, 30, LOAN PRICING: Loan Types, Pass, , Wed Jan 27 20:08:13 IST 2016, 11, 31, LOAN PRICING: Loan Types, Pass, , Wed Jan 27 20:08:25 IST 2016, 11, 32, LOAN PRICING: Loan Types, Pass, , Wed Jan 27 20:08:27 IST 2016, 11, 33, LOAN PRICING: Loan Types, Pass, , Wed Jan 27 20:08:27 IST 2016, 11, 34, LOAN PRICING: Loan Types, Pass, , Wed Jan 27 20:08:27 IST 2016, 11, 35, LOAN PRICING: Loan Types, Pass, , Wed Jan 27 20:08:29 IST 2016, 11, 36, LOAN PRICING: Loan Types, Pass, , Wed Jan 27 20:08:31 IST 2016, 11, 37, LOAN PRICING: Loan Types, Pass, , Wed Jan 27 20:08:51 IST 2016]
[DEBUG][2016-01-27 20:08:51,891][com.java.ImportnExport.ExportTestResultsExcel] [  222] - testResultPath = D:\BankersDashboard/TestReports/Test Results_BankersDashBoard_012716_200541_IE10_CB&S Bank.xls
[DEBUG][2016-01-27 20:08:51,891][com.java.ImportnExport.ExportTestResultsExcel] [  223] - browser is------------IE10
[DEBUG][2016-01-27 20:08:51,891][com.java.ImportnExport.ExportTestResultsExcel] [  270] - result.size() = 216
[DEBUG][2016-01-27 20:08:51,891][com.java.ImportnExport.ExportTestResultsExcel] [  274] - No of rows in sheet=2
[DEBUG][2016-01-27 20:08:51,891][com.java.ImportnExport.ExportTestResultsExcel] [  301] - ..in export..11
[DEBUG][2016-01-27 20:08:51,891][com.java.ImportnExport.ExportTestResultsExcel] [  301] - ..in export..LOAN PRICING: Loan Types
[DEBUG][2016-01-27 20:08:51,891][com.java.ImportnExport.ExportTestResultsExcel] [  301] - ..in export..Pass
[DEBUG][2016-01-27 20:08:51,891][com.java.ImportnExport.ExportTestResultsExcel] [  301] - ..in export..
[DEBUG][2016-01-27 20:08:51,891][com.java.ImportnExport.ExportTestResultsExcel] [  301] - ..in export..Wed Jan 27 20:06:33 IST 2016
[INFO ][2016-01-27 20:08:51,891][com.java.SeleniumDriver] [ 1337] - out loop:1 size:2 TestCases:[1, 11] testcases:[1, 11]
[INFO ][2016-01-27 20:08:53,896][com.java.SeleniumDriver] [ 1380] - Total Number of Cases:2
[INFO ][2016-01-27 20:08:53,896][com.java.TemplateGenerator] [  302] - Executed:2
[INFO ][2016-01-27 20:08:53,896][com.java.TemplateGenerator] [  303] - Passed:2
[INFO ][2016-01-27 20:08:53,896][com.java.TemplateGenerator] [  304] - Failed:0
[INFO ][2016-01-27 20:08:53,896][com.java.TemplateGenerator] [  305] - Skipeed:0
[INFO ][2016-01-27 20:08:53,896][com.java.TemplateGenerator] [  306] - Application URL:https://clients-xuat.bankersdashboard.com
[INFO ][2016-01-27 20:08:53,896][com.java.TemplateGenerator] [  307] - Start Time:012716_200541
[INFO ][2016-01-27 20:08:53,896][com.java.TemplateGenerator] [  308] -  Creating HTML Report 
[ERROR][2016-01-27 20:08:53,896][com.java.TemplateGenerator] [  409] - Unparseable date: "Wed Jan 27 08:05:41 IST 2016"
[INFO ][2016-01-27 20:08:53,896][com.java.TemplateGenerator] [  654] -  Exporting case :: 1
[INFO ][2016-01-27 20:08:53,896][com.java.TemplateGenerator] [  654] -  Exporting case :: 11
[INFO ][2016-01-27 20:08:53,896][com.java.SeleniumDriver] [ 1429] - End Time:012716_200853
[INFO ][2016-01-27 20:08:53,896][com.java.SeleniumDriver] [ 1432] - Data in Test Execution Details:{1=PASS, 11=PASS}
[INFO ][2016-01-27 20:08:53,896][com.java.SeleniumDriver] [ 1433] - Data in Failed Execution Deatils:{}
[INFO ][2016-01-27 20:08:53,896][com.java.SeleniumDriver] [ 1435] - ReportCounter:Total:2 :: PASS: 2 ::FAIL: 0
[INFO ][2016-01-27 20:08:53,896][com.java.SeleniumDriver] [ 1436] - FailedReportCounter:Total:0 :: PASS: 0 ::FAIL: 0
[INFO ][2016-01-27 20:08:53,897][com.java.EmailTestReport] [   63] - Sending report mail details:
[INFO ][2016-01-27 20:08:53,897][com.java.EmailTestReport] [   80] - Excel Report Path:D:\BankersDashboard/TestReports/Test Results_BankersDashBoard_012716_200541_IE10_CB&S Bank.xls
[INFO ][2016-01-27 20:08:53,897][com.java.EmailTestReport] [   81] - HTML Report Path:D:\BankersDashboard//TestReports//Test Results_BankersDashBoard_012716_200541_IE10_CB&S Bank.html
[INFO ][2016-01-27 20:08:53,897][com.java.EmailTestReport] [   82] - smtpHostName:mail01.valuelabs.com
[INFO ][2016-01-27 20:08:53,897][com.java.EmailTestReport] [   83] - Recipient:venkateswararao.gubbala@valuelabs.com;
[INFO ][2016-01-27 20:08:53,897][com.java.EmailTestReport] [   84] - From:venkateswararao.gubbala@valuelabs.com;
[INFO ][2016-01-27 20:08:53,897][com.java.EmailTestReport] [   85] - Subject:Deluxe Corp Bankers Dashboard Automation Test Report - CB&S Bank - IE10
[INFO ][2016-01-27 20:08:53,927][com.java.EmailTestReport] [  143] -  Added venkateswararao.gubbala@valuelabs.com
[INFO ][2016-01-27 20:08:57,049][com.java.SeleniumDriver] [  722] - quitting the browser 
[INFO ][2016-01-27 20:08:58,336][com.java.SeleniumDriver] [  264] - Execution Completed Stopping the thread
