[INFO ][2015-11-02 18:27:26,617][com.java.SeleniumDriver] [  213] - Execute Failed Casesfalse
[INFO ][2015-11-02 18:27:26,621][com.java.SeleniumDriver] [  214] - Browser: IE11
[INFO ][2015-11-02 18:27:26,621][com.java.SeleniumDriver] [  215] - [1, 12]
[INFO ][2015-11-02 18:27:26,621][com.java.SeleniumDriver] [  216] - Total TestCases:2
[INFO ][2015-11-02 18:27:26,621][com.java.SeleniumDriver] [  217] -  Reading Properties from Property File 
[DEBUG][2015-11-02 18:27:26,622][com.java.SeleniumDriver] [  238] - url : https://clients-xuat.bankersdashboard.com
[INFO ][2015-11-02 18:27:26,623][com.java.ImportnExport.ExportTestResultsExcel] [  116] - Time Stamp Mon Nov 02 06:27:26 IST 2015
[INFO ][2015-11-02 18:27:26,623][com.java.ImportnExport.ExportTestResultsExcel] [  175] - OUT FILE : D:\BankersDashboard/TestReports/Test Results_BankersDashBoard_110215_182726_IE11_Any Bank USA.xls
[INFO ][2015-11-02 18:27:26,651][com.java.ImportnExport.ExportTestResultsExcel] [  180] - Test Result file is created
[DEBUG][2015-11-02 18:27:26,752][com.java.SeleniumDriver] [  425] - Hub ip address is-------172.17.68.34
[INFO ][2015-11-02 18:27:26,752][com.java.SeleniumDriver] [  451] - Grid URL:http://172.17.68.34:4444/wd/hub
[INFO ][2015-11-02 18:27:26,753][com.java.SeleniumDriver] [  452] - Capability:Capabilities [{platform=ANY, ensureCleanSession=true, ignoreProtectedModeSettings=true, acceptSslCerts=true, ignoreZoomSetting=true, browserName=internet explorer, browserstack.ie.noFlash=true, version=Node1}]
[ERROR][2015-11-02 18:27:28,049][com.java.SeleniumDriver] [  496] - Unable invoke browser in grid:Could not start a new session. Possible causes are invalid address of the remote server or browser start-up failure.
Build info: version: '2.48.2', revision: '41bccdd', time: '2015-10-09 19:59:12'
System info: host: 'FVTIII438F1D', ip: '172.17.68.34', os.name: 'Windows 7', os.arch: 'x86', os.version: '6.1', java.version: '1.7.0_55'
Driver info: driver.version: SeleniumDriver
[INFO ][2015-11-02 18:27:28,049][com.java.SeleniumDriver] [  498] - Executing on local machine
[INFO ][2015-11-02 18:27:37,072][com.java.SeleniumDriver] [  248] - IE11is opened
[INFO ][2015-11-02 18:27:37,698][com.java.SeleniumDriver] [  752] - Test cases to be executed are: [1, 12]
[INFO ][2015-11-02 18:27:37,698][com.java.ImportnExport.ImportTestDataDetailsExcel] [   49] - test data details path===== D:\BankersDashboard\TestInputs\TestData.xls
[INFO ][2015-11-02 18:27:48,475][com.java.SeleniumDriver] [  788] - ------------------------------------------
[INFO ][2015-11-02 18:27:48,475][com.java.SeleniumDriver] [  789] - Test case being Executed: 1
[INFO ][2015-11-02 18:27:48,491][com.java.SeleniumDriver] [  800] - Test step:1
[INFO ][2015-11-02 18:27:48,491][com.java.SeleniumDriver] [  812] - Datavalue is----------Concept#1:1-14
[INFO ][2015-11-02 18:27:48,491][com.java.SeleniumDriver] [  836] - DataField : test
[INFO ][2015-11-02 18:27:48,491][com.java.SeleniumDriver] [  838] - DataValue : Concept#1:1-14
[INFO ][2015-11-02 18:27:48,491][com.java.SeleniumDriver] [  844] - <In Set values of the page>
[INFO ][2015-11-02 18:27:48,491][com.java.SeleniumDriver] [  847] - {Data Fields & Data Values Exist}
[INFO ][2015-11-02 18:27:48,491][com.java.SeleniumDriver] [  849] - --------------------------setting values-----------------------------
[INFO ][2015-11-02 18:27:48,491][com.java.SeleniumDriver] [  852] - Action Type : ExecuteTestCase
[INFO ][2015-11-02 18:27:48,509][com.java.TestType] [  411] - The Concept sheet name is ---------- Concept
[INFO ][2015-11-02 18:27:48,509][com.java.TestType] [  414] - The Concept ID  is ---------- 1
[DEBUG][2015-11-02 18:27:48,509][com.java.TestType] [  418] - Steps being executted in the Concept are: 1:14
[INFO ][2015-11-02 18:27:48,509][com.java.TestType] [  425] - Test data details path ---------- D:\BankersDashboard\TestInputs\TestData.xls
[INFO ][2015-11-02 18:27:48,541][com.java.TestType] [  456] -  str(1) = 1
[INFO ][2015-11-02 18:27:48,541][com.java.TestType] [  459] - Test case Id is---1
[INFO ][2015-11-02 18:27:48,541][com.java.TestType] [  461] - 1
[INFO ][2015-11-02 18:27:48,541][com.java.TestType] [  456] -  str(2) = 1
[INFO ][2015-11-02 18:27:48,544][com.java.TestType] [  508] - row values are--------{1=com.java.Objects.TestDataDetails@b3b96f}
[INFO ][2015-11-02 18:27:48,544][com.java.TestType] [  456] -  str(1) = 1
[INFO ][2015-11-02 18:27:48,544][com.java.TestType] [  459] - Test case Id is---1
[INFO ][2015-11-02 18:27:48,544][com.java.TestType] [  461] - 1
[INFO ][2015-11-02 18:27:48,544][com.java.TestType] [  456] -  str(2) = 2
[INFO ][2015-11-02 18:27:48,546][com.java.TestType] [  508] - row values are--------{1=com.java.Objects.TestDataDetails@b3b96f, 2=com.java.Objects.TestDataDetails@1c9476e}
[INFO ][2015-11-02 18:27:48,546][com.java.TestType] [  456] -  str(1) = 1
[INFO ][2015-11-02 18:27:48,546][com.java.TestType] [  459] - Test case Id is---1
[INFO ][2015-11-02 18:27:48,546][com.java.TestType] [  461] - 1
[INFO ][2015-11-02 18:27:48,546][com.java.TestType] [  456] -  str(2) = 3
[INFO ][2015-11-02 18:27:48,547][com.java.TestType] [  508] - row values are--------{1=com.java.Objects.TestDataDetails@b3b96f, 2=com.java.Objects.TestDataDetails@1c9476e, 3=com.java.Objects.TestDataDetails@a2596a}
[INFO ][2015-11-02 18:27:48,548][com.java.TestType] [  456] -  str(1) = 1
[INFO ][2015-11-02 18:27:48,548][com.java.TestType] [  459] - Test case Id is---1
[INFO ][2015-11-02 18:27:48,548][com.java.TestType] [  461] - 1
[INFO ][2015-11-02 18:27:48,548][com.java.TestType] [  456] -  str(2) = 4
[INFO ][2015-11-02 18:27:48,549][com.java.TestType] [  508] - row values are--------{1=com.java.Objects.TestDataDetails@b3b96f, 2=com.java.Objects.TestDataDetails@1c9476e, 3=com.java.Objects.TestDataDetails@a2596a, 4=com.java.Objects.TestDataDetails@3a4f93}
[INFO ][2015-11-02 18:27:48,549][com.java.TestType] [  456] -  str(1) = 1
[INFO ][2015-11-02 18:27:48,549][com.java.TestType] [  459] - Test case Id is---1
[INFO ][2015-11-02 18:27:48,550][com.java.TestType] [  461] - 1
[INFO ][2015-11-02 18:27:48,550][com.java.TestType] [  456] -  str(2) = 5
[INFO ][2015-11-02 18:27:48,552][com.java.TestType] [  508] - row values are--------{1=com.java.Objects.TestDataDetails@b3b96f, 2=com.java.Objects.TestDataDetails@1c9476e, 3=com.java.Objects.TestDataDetails@a2596a, 4=com.java.Objects.TestDataDetails@3a4f93, 5=com.java.Objects.TestDataDetails@f86f0e}
[INFO ][2015-11-02 18:27:48,552][com.java.TestType] [  456] -  str(1) = 1
[INFO ][2015-11-02 18:27:48,553][com.java.TestType] [  459] - Test case Id is---1
[INFO ][2015-11-02 18:27:48,553][com.java.TestType] [  461] - 1
[INFO ][2015-11-02 18:27:48,553][com.java.TestType] [  456] -  str(2) = 6
[INFO ][2015-11-02 18:27:48,554][com.java.TestType] [  508] - row values are--------{1=com.java.Objects.TestDataDetails@b3b96f, 2=com.java.Objects.TestDataDetails@1c9476e, 3=com.java.Objects.TestDataDetails@a2596a, 4=com.java.Objects.TestDataDetails@3a4f93, 5=com.java.Objects.TestDataDetails@f86f0e, 6=com.java.Objects.TestDataDetails@68c1b6}
[INFO ][2015-11-02 18:27:48,554][com.java.TestType] [  456] -  str(1) = 1
[INFO ][2015-11-02 18:27:48,554][com.java.TestType] [  459] - Test case Id is---1
[INFO ][2015-11-02 18:27:48,554][com.java.TestType] [  461] - 1
[INFO ][2015-11-02 18:27:48,554][com.java.TestType] [  456] -  str(2) = 7
[INFO ][2015-11-02 18:27:48,555][com.java.TestType] [  508] - row values are--------{1=com.java.Objects.TestDataDetails@b3b96f, 2=com.java.Objects.TestDataDetails@1c9476e, 3=com.java.Objects.TestDataDetails@a2596a, 4=com.java.Objects.TestDataDetails@3a4f93, 5=com.java.Objects.TestDataDetails@f86f0e, 6=com.java.Objects.TestDataDetails@68c1b6, 7=com.java.Objects.TestDataDetails@dc1400}
[INFO ][2015-11-02 18:27:48,555][com.java.TestType] [  456] -  str(1) = 1
[INFO ][2015-11-02 18:27:48,555][com.java.TestType] [  459] - Test case Id is---1
[INFO ][2015-11-02 18:27:48,555][com.java.TestType] [  461] - 1
[INFO ][2015-11-02 18:27:48,555][com.java.TestType] [  456] -  str(2) = 8
[INFO ][2015-11-02 18:27:48,556][com.java.TestType] [  508] - row values are--------{1=com.java.Objects.TestDataDetails@b3b96f, 2=com.java.Objects.TestDataDetails@1c9476e, 3=com.java.Objects.TestDataDetails@a2596a, 4=com.java.Objects.TestDataDetails@3a4f93, 5=com.java.Objects.TestDataDetails@f86f0e, 6=com.java.Objects.TestDataDetails@68c1b6, 7=com.java.Objects.TestDataDetails@dc1400, 8=com.java.Objects.TestDataDetails@14cbd69}
[INFO ][2015-11-02 18:27:48,556][com.java.TestType] [  456] -  str(1) = 1
[INFO ][2015-11-02 18:27:48,556][com.java.TestType] [  459] - Test case Id is---1
[INFO ][2015-11-02 18:27:48,557][com.java.TestType] [  461] - 1
[INFO ][2015-11-02 18:27:48,557][com.java.TestType] [  456] -  str(2) = 9
[INFO ][2015-11-02 18:27:48,557][com.java.TestType] [  508] - row values are--------{1=com.java.Objects.TestDataDetails@b3b96f, 2=com.java.Objects.TestDataDetails@1c9476e, 3=com.java.Objects.TestDataDetails@a2596a, 4=com.java.Objects.TestDataDetails@3a4f93, 5=com.java.Objects.TestDataDetails@f86f0e, 6=com.java.Objects.TestDataDetails@68c1b6, 7=com.java.Objects.TestDataDetails@dc1400, 8=com.java.Objects.TestDataDetails@14cbd69, 9=com.java.Objects.TestDataDetails@1fe3f48}
[INFO ][2015-11-02 18:27:48,558][com.java.TestType] [  456] -  str(1) = 1
[INFO ][2015-11-02 18:27:48,558][com.java.TestType] [  459] - Test case Id is---1
[INFO ][2015-11-02 18:27:48,558][com.java.TestType] [  461] - 1
[INFO ][2015-11-02 18:27:48,558][com.java.TestType] [  456] -  str(2) = 10
[INFO ][2015-11-02 18:27:48,559][com.java.TestType] [  508] - row values are--------{1=com.java.Objects.TestDataDetails@b3b96f, 2=com.java.Objects.TestDataDetails@1c9476e, 3=com.java.Objects.TestDataDetails@a2596a, 4=com.java.Objects.TestDataDetails@3a4f93, 5=com.java.Objects.TestDataDetails@f86f0e, 6=com.java.Objects.TestDataDetails@68c1b6, 7=com.java.Objects.TestDataDetails@dc1400, 8=com.java.Objects.TestDataDetails@14cbd69, 9=com.java.Objects.TestDataDetails@1fe3f48, 10=com.java.Objects.TestDataDetails@68547b}
[INFO ][2015-11-02 18:27:48,559][com.java.TestType] [  456] -  str(1) = 1
[INFO ][2015-11-02 18:27:48,559][com.java.TestType] [  459] - Test case Id is---1
[INFO ][2015-11-02 18:27:48,559][com.java.TestType] [  461] - 1
[INFO ][2015-11-02 18:27:48,559][com.java.TestType] [  456] -  str(2) = 11
[INFO ][2015-11-02 18:27:48,561][com.java.TestType] [  508] - row values are--------{1=com.java.Objects.TestDataDetails@b3b96f, 2=com.java.Objects.TestDataDetails@1c9476e, 3=com.java.Objects.TestDataDetails@a2596a, 4=com.java.Objects.TestDataDetails@3a4f93, 5=com.java.Objects.TestDataDetails@f86f0e, 6=com.java.Objects.TestDataDetails@68c1b6, 7=com.java.Objects.TestDataDetails@dc1400, 8=com.java.Objects.TestDataDetails@14cbd69, 9=com.java.Objects.TestDataDetails@1fe3f48, 10=com.java.Objects.TestDataDetails@68547b, 11=com.java.Objects.TestDataDetails@22053a}
[INFO ][2015-11-02 18:27:48,562][com.java.TestType] [  456] -  str(1) = 1
[INFO ][2015-11-02 18:27:48,562][com.java.TestType] [  459] - Test case Id is---1
[INFO ][2015-11-02 18:27:48,562][com.java.TestType] [  461] - 1
[INFO ][2015-11-02 18:27:48,562][com.java.TestType] [  456] -  str(2) = 12
[INFO ][2015-11-02 18:27:48,563][com.java.TestType] [  508] - row values are--------{1=com.java.Objects.TestDataDetails@b3b96f, 2=com.java.Objects.TestDataDetails@1c9476e, 3=com.java.Objects.TestDataDetails@a2596a, 4=com.java.Objects.TestDataDetails@3a4f93, 5=com.java.Objects.TestDataDetails@f86f0e, 6=com.java.Objects.TestDataDetails@68c1b6, 7=com.java.Objects.TestDataDetails@dc1400, 8=com.java.Objects.TestDataDetails@14cbd69, 9=com.java.Objects.TestDataDetails@1fe3f48, 10=com.java.Objects.TestDataDetails@68547b, 11=com.java.Objects.TestDataDetails@22053a, 12=com.java.Objects.TestDataDetails@1e02bc8}
[INFO ][2015-11-02 18:27:48,563][com.java.TestType] [  456] -  str(1) = 1
[INFO ][2015-11-02 18:27:48,563][com.java.TestType] [  459] - Test case Id is---1
[INFO ][2015-11-02 18:27:48,563][com.java.TestType] [  461] - 1
[INFO ][2015-11-02 18:27:48,563][com.java.TestType] [  456] -  str(2) = 13
[INFO ][2015-11-02 18:27:48,564][com.java.TestType] [  508] - row values are--------{1=com.java.Objects.TestDataDetails@b3b96f, 2=com.java.Objects.TestDataDetails@1c9476e, 3=com.java.Objects.TestDataDetails@a2596a, 4=com.java.Objects.TestDataDetails@3a4f93, 5=com.java.Objects.TestDataDetails@f86f0e, 6=com.java.Objects.TestDataDetails@68c1b6, 7=com.java.Objects.TestDataDetails@dc1400, 8=com.java.Objects.TestDataDetails@14cbd69, 9=com.java.Objects.TestDataDetails@1fe3f48, 10=com.java.Objects.TestDataDetails@68547b, 11=com.java.Objects.TestDataDetails@22053a, 12=com.java.Objects.TestDataDetails@1e02bc8, 13=com.java.Objects.TestDataDetails@1961e2a}
[INFO ][2015-11-02 18:27:48,564][com.java.TestType] [  456] -  str(1) = 1
[INFO ][2015-11-02 18:27:48,564][com.java.TestType] [  459] - Test case Id is---1
[INFO ][2015-11-02 18:27:48,564][com.java.TestType] [  461] - 1
[INFO ][2015-11-02 18:27:48,564][com.java.TestType] [  456] -  str(2) = 14
[INFO ][2015-11-02 18:27:48,565][com.java.TestType] [  508] - row values are--------{1=com.java.Objects.TestDataDetails@b3b96f, 2=com.java.Objects.TestDataDetails@1c9476e, 3=com.java.Objects.TestDataDetails@a2596a, 4=com.java.Objects.TestDataDetails@3a4f93, 5=com.java.Objects.TestDataDetails@f86f0e, 6=com.java.Objects.TestDataDetails@68c1b6, 7=com.java.Objects.TestDataDetails@dc1400, 8=com.java.Objects.TestDataDetails@14cbd69, 9=com.java.Objects.TestDataDetails@1fe3f48, 10=com.java.Objects.TestDataDetails@68547b, 11=com.java.Objects.TestDataDetails@22053a, 12=com.java.Objects.TestDataDetails@1e02bc8, 13=com.java.Objects.TestDataDetails@1961e2a, 14=com.java.Objects.TestDataDetails@16f77b6}
[INFO ][2015-11-02 18:27:48,565][com.java.TestType] [ 7898] - Looping 1TCID = 1
[DEBUG][2015-11-02 18:27:48,565][com.java.TestType] [ 7939] - Concept ID:1 :: Step being Executed: 1::1
[INFO ][2015-11-02 18:27:48,565][com.java.TestType] [ 7977] - dataFields : TXTusername
[DEBUG][2015-11-02 18:27:48,565][com.java.TestType] [ 7983] - <In Set values of the page>
[DEBUG][2015-11-02 18:27:48,565][com.java.TestType] [ 7988] - {Data Fields & Data Values Exist}
[INFO ][2015-11-02 18:27:48,565][com.java.TestType] [ 7994] - --------------------------setting values-----------------------------
[INFO ][2015-11-02 18:27:48,565][com.java.TestType] [ 7997] - Action Type : CLEARANDENTER
[INFO ][2015-11-02 18:27:48,566][com.java.TestType] [ 3749] - value = naresh.nayini.00000
[INFO ][2015-11-02 18:27:53,401][com.java.TestType] [ 8016] -  RESULT true
[INFO ][2015-11-02 18:27:53,401][com.java.TestType] [ 8133] - ?   P A S S   ?
[DEBUG][2015-11-02 18:27:53,401][com.java.TestType] [ 7939] - Concept ID:1 :: Step being Executed: 1::2
[INFO ][2015-11-02 18:27:53,401][com.java.TestType] [ 7977] - dataFields : TXTpassword
[DEBUG][2015-11-02 18:27:53,401][com.java.TestType] [ 7983] - <In Set values of the page>
[DEBUG][2015-11-02 18:27:53,402][com.java.TestType] [ 7988] - {Data Fields & Data Values Exist}
[INFO ][2015-11-02 18:27:53,402][com.java.TestType] [ 7994] - --------------------------setting values-----------------------------
[INFO ][2015-11-02 18:27:53,402][com.java.TestType] [ 7997] - Action Type : CLEARANDENTER
[INFO ][2015-11-02 18:27:53,402][com.java.TestType] [ 3749] - value = Password1*
[INFO ][2015-11-02 18:27:58,335][com.java.TestType] [ 8016] -  RESULT true
[INFO ][2015-11-02 18:27:58,335][com.java.TestType] [ 8133] - ?   P A S S   ?
[DEBUG][2015-11-02 18:27:58,335][com.java.TestType] [ 7939] - Concept ID:1 :: Step being Executed: 1::3
[ERROR][2015-11-02 18:27:58,335][com.java.TestType] [ 7972] - Exception: null
[INFO ][2015-11-02 18:27:58,335][com.java.TestType] [ 7977] - dataFields : XPH//button[@type='submit']
[DEBUG][2015-11-02 18:27:58,335][com.java.TestType] [ 7983] - <In Set values of the page>
[DEBUG][2015-11-02 18:27:58,335][com.java.TestType] [ 7988] - {Data Fields & Data Values Exist}
[INFO ][2015-11-02 18:27:58,335][com.java.TestType] [ 7994] - --------------------------setting values-----------------------------
[INFO ][2015-11-02 18:27:58,335][com.java.TestType] [ 7997] - Action Type : Click
[INFO ][2015-11-02 18:27:58,336][com.java.TestType] [ 4062] - Field ::XPH//button[@type='submit']
[INFO ][2015-11-02 18:27:59,336][com.java.TestType] [ 4121] - BEFORE CLICK
[INFO ][2015-11-02 18:28:09,701][com.java.TestType] [ 4129] - Unable to click the object Login
[INFO ][2015-11-02 18:28:09,701][com.java.TestType] [ 8016] -  RESULT true
[INFO ][2015-11-02 18:28:09,701][com.java.TestType] [ 8133] - ?   P A S S   ?
[DEBUG][2015-11-02 18:28:09,701][com.java.TestType] [ 7939] - Concept ID:1 :: Step being Executed: 1::4
[INFO ][2015-11-02 18:28:09,701][com.java.TestType] [ 7977] - dataFields : LNKLogout
[DEBUG][2015-11-02 18:28:09,701][com.java.TestType] [ 7983] - <In Set values of the page>
[DEBUG][2015-11-02 18:28:09,701][com.java.TestType] [ 7988] - {Data Fields & Data Values Exist}
[INFO ][2015-11-02 18:28:09,701][com.java.TestType] [ 7994] - --------------------------setting values-----------------------------
[INFO ][2015-11-02 18:28:09,701][com.java.TestType] [ 7997] - Action Type : WaitForElement
[INFO ][2015-11-02 18:28:09,745][com.java.TestType] [ 8016] -  RESULT true
[INFO ][2015-11-02 18:28:09,745][com.java.TestType] [ 8133] - ?   P A S S   ?
[DEBUG][2015-11-02 18:28:09,745][com.java.TestType] [ 7939] - Concept ID:1 :: Step being Executed: 1::13
[INFO ][2015-11-02 18:28:09,745][com.java.TestType] [ 7977] - dataFields : LGN
[DEBUG][2015-11-02 18:28:09,745][com.java.TestType] [ 7983] - <In Set values of the page>
[DEBUG][2015-11-02 18:28:09,745][com.java.TestType] [ 7988] - {Data Fields & Data Values Exist}
[INFO ][2015-11-02 18:28:09,746][com.java.TestType] [ 7994] - --------------------------setting values-----------------------------
[INFO ][2015-11-02 18:28:09,746][com.java.TestType] [ 7997] - Action Type : Verify
[INFO ][2015-11-02 18:28:09,746][com.java.TestType] [ 4875] - field= LGN value= Username
[INFO ][2015-11-02 18:28:09,747][com.java.TestType] [ 3749] - value = Username
[INFO ][2015-11-02 18:28:09,900][com.java.TestType] [ 8016] -  RESULT true
[INFO ][2015-11-02 18:28:09,900][com.java.TestType] [ 8133] - ?   P A S S   ?
[DEBUG][2015-11-02 18:28:09,900][com.java.TestType] [ 7939] - Concept ID:1 :: Step being Executed: 1::14
[INFO ][2015-11-02 18:28:09,900][com.java.TestType] [ 7977] - dataFields : BTN
[DEBUG][2015-11-02 18:28:09,901][com.java.TestType] [ 7983] - <In Set values of the page>
[DEBUG][2015-11-02 18:28:09,901][com.java.TestType] [ 7988] - {Data Fields & Data Values Exist}
[INFO ][2015-11-02 18:28:09,901][com.java.TestType] [ 7994] - --------------------------setting values-----------------------------
[INFO ][2015-11-02 18:28:09,901][com.java.TestType] [ 7997] - Action Type : Verify
[INFO ][2015-11-02 18:28:09,901][com.java.TestType] [ 4875] - field= BTN value= //img[contains(@src,'bdlogo.jpg')]
[INFO ][2015-11-02 18:28:09,901][com.java.TestType] [ 3749] - value = //img[contains(@src,'bdlogo.jpg')]
[INFO ][2015-11-02 18:28:09,935][com.java.TestType] [ 8016] -  RESULT true
[INFO ][2015-11-02 18:28:09,935][com.java.TestType] [ 8133] - ?   P A S S   ?
[INFO ][2015-11-02 18:28:09,935][com.java.TestType] [ 8204] - Looping End......
[INFO ][2015-11-02 18:28:09,940][com.java.SeleniumDriver] [  861] -  RESULT true
[INFO ][2015-11-02 18:28:09,940][com.java.SeleniumDriver] [ 1066] - ?   P A S S   ?
[INFO ][2015-11-02 18:28:09,940][com.java.SeleniumDriver] [  788] - ------------------------------------------
[INFO ][2015-11-02 18:28:09,940][com.java.SeleniumDriver] [  789] - Test case being Executed: 1
[INFO ][2015-11-02 18:28:09,940][com.java.SeleniumDriver] [  800] - Test step:2
[INFO ][2015-11-02 18:28:09,940][com.java.SeleniumDriver] [  812] - Datavalue is----------Concept#2:1-2
[INFO ][2015-11-02 18:28:09,940][com.java.SeleniumDriver] [  836] - DataField : test
[INFO ][2015-11-02 18:28:09,940][com.java.SeleniumDriver] [  838] - DataValue : Concept#2:1-2
[INFO ][2015-11-02 18:28:09,940][com.java.SeleniumDriver] [  844] - <In Set values of the page>
[INFO ][2015-11-02 18:28:09,940][com.java.SeleniumDriver] [  847] - {Data Fields & Data Values Exist}
[INFO ][2015-11-02 18:28:09,940][com.java.SeleniumDriver] [  849] - --------------------------setting values-----------------------------
[INFO ][2015-11-02 18:28:09,940][com.java.SeleniumDriver] [  852] - Action Type : ExecuteTestCase
[INFO ][2015-11-02 18:28:09,941][com.java.TestType] [  411] - The Concept sheet name is ---------- Concept
[INFO ][2015-11-02 18:28:09,941][com.java.TestType] [  414] - The Concept ID  is ---------- 2
[DEBUG][2015-11-02 18:28:09,941][com.java.TestType] [  418] - Steps being executted in the Concept are: 1:2
[INFO ][2015-11-02 18:28:09,941][com.java.TestType] [  425] - Test data details path ---------- D:\BankersDashboard\TestInputs\TestData.xls
[INFO ][2015-11-02 18:28:09,973][com.java.TestType] [  456] -  str(1) = 2
[INFO ][2015-11-02 18:28:09,974][com.java.TestType] [  459] - Test case Id is---2
[INFO ][2015-11-02 18:28:09,974][com.java.TestType] [  461] - 2
[INFO ][2015-11-02 18:28:09,974][com.java.TestType] [  456] -  str(2) = 1
[INFO ][2015-11-02 18:28:09,976][com.java.TestType] [  508] - row values are--------{1=com.java.Objects.TestDataDetails@125ee04}
[INFO ][2015-11-02 18:28:09,976][com.java.TestType] [  456] -  str(1) = 2
[INFO ][2015-11-02 18:28:09,976][com.java.TestType] [  459] - Test case Id is---2
[INFO ][2015-11-02 18:28:09,976][com.java.TestType] [  461] - 2
[INFO ][2015-11-02 18:28:09,976][com.java.TestType] [  456] -  str(2) = 2
[INFO ][2015-11-02 18:28:09,977][com.java.TestType] [  508] - row values are--------{1=com.java.Objects.TestDataDetails@125ee04, 2=com.java.Objects.TestDataDetails@14a5b71}
[INFO ][2015-11-02 18:28:09,977][com.java.TestType] [  456] -  str(1) = 2
[INFO ][2015-11-02 18:28:09,977][com.java.TestType] [  459] - Test case Id is---2
[INFO ][2015-11-02 18:28:09,977][com.java.TestType] [  461] - 2
[INFO ][2015-11-02 18:28:09,977][com.java.TestType] [  456] -  str(2) = 3
[INFO ][2015-11-02 18:28:09,978][com.java.TestType] [  508] - row values are--------{1=com.java.Objects.TestDataDetails@125ee04, 2=com.java.Objects.TestDataDetails@14a5b71, 3=com.java.Objects.TestDataDetails@2548ff}
[INFO ][2015-11-02 18:28:09,978][com.java.TestType] [ 7898] - Looping 1TCID = 2
[DEBUG][2015-11-02 18:28:09,978][com.java.TestType] [ 7939] - Concept ID:2 :: Step being Executed: 2::1
[INFO ][2015-11-02 18:28:09,978][com.java.TestType] [ 7977] - dataFields : BNK//select[@id='bank']
[DEBUG][2015-11-02 18:28:09,978][com.java.TestType] [ 7983] - <In Set values of the page>
[DEBUG][2015-11-02 18:28:09,978][com.java.TestType] [ 7988] - {Data Fields & Data Values Exist}
[INFO ][2015-11-02 18:28:09,979][com.java.TestType] [ 7994] - --------------------------setting values-----------------------------
[INFO ][2015-11-02 18:28:09,979][com.java.TestType] [ 7997] - Action Type : Select
[INFO ][2015-11-02 18:28:09,979][com.java.TestType] [ 3749] - value = PFC
[INFO ][2015-11-02 18:28:10,177][com.java.TestType] [ 8016] -  RESULT true
[INFO ][2015-11-02 18:28:10,177][com.java.TestType] [ 8133] - ?   P A S S   ?
[DEBUG][2015-11-02 18:28:10,177][com.java.TestType] [ 7939] - Concept ID:2 :: Step being Executed: 2::2
[INFO ][2015-11-02 18:28:10,177][com.java.TestType] [ 7977] - dataFields : LNKLogout
[DEBUG][2015-11-02 18:28:10,177][com.java.TestType] [ 7983] - <In Set values of the page>
[DEBUG][2015-11-02 18:28:10,177][com.java.TestType] [ 7988] - {Data Fields & Data Values Exist}
[INFO ][2015-11-02 18:28:10,177][com.java.TestType] [ 7994] - --------------------------setting values-----------------------------
[INFO ][2015-11-02 18:28:10,177][com.java.TestType] [ 7997] - Action Type : WaitTime
[DEBUG][2015-11-02 18:28:10,177][com.java.TestType] [ 3653] - sleepTime: 5000
[INFO ][2015-11-02 18:28:15,178][com.java.TestType] [ 8016] -  RESULT true
[INFO ][2015-11-02 18:28:15,178][com.java.TestType] [ 8133] - ?   P A S S   ?
[INFO ][2015-11-02 18:28:15,178][com.java.TestType] [ 8204] - Looping End......
[INFO ][2015-11-02 18:28:15,182][com.java.SeleniumDriver] [  861] -  RESULT true
[INFO ][2015-11-02 18:28:15,182][com.java.SeleniumDriver] [ 1066] - ?   P A S S   ?
[INFO ][2015-11-02 18:28:15,182][com.java.SeleniumDriver] [  788] - ------------------------------------------
[INFO ][2015-11-02 18:28:15,182][com.java.SeleniumDriver] [  789] - Test case being Executed: 1
[INFO ][2015-11-02 18:28:15,182][com.java.SeleniumDriver] [  800] - Test step:3
[INFO ][2015-11-02 18:28:15,182][com.java.SeleniumDriver] [  812] - Datavalue is----------2
[INFO ][2015-11-02 18:28:15,183][com.java.SeleniumDriver] [  836] - DataField : XPH//button[contains(text(),'Add Content')]
[INFO ][2015-11-02 18:28:15,183][com.java.SeleniumDriver] [  838] - DataValue : 2
[INFO ][2015-11-02 18:28:15,183][com.java.SeleniumDriver] [  844] - <In Set values of the page>
[INFO ][2015-11-02 18:28:15,183][com.java.SeleniumDriver] [  847] - {Data Fields & Data Values Exist}
[INFO ][2015-11-02 18:28:15,183][com.java.SeleniumDriver] [  849] - --------------------------setting values-----------------------------
[INFO ][2015-11-02 18:28:15,183][com.java.SeleniumDriver] [  852] - Action Type : WAITFORELEMENT
[INFO ][2015-11-02 18:28:15,216][com.java.SeleniumDriver] [  861] -  RESULT true
[INFO ][2015-11-02 18:28:15,216][com.java.SeleniumDriver] [ 1066] - ?   P A S S   ?
[DEBUG][2015-11-02 18:28:15,216][com.java.SeleniumDriver] [ 1168] - Case found
[DEBUG][2015-11-02 18:28:15,216][com.java.SeleniumDriver] [ 1173] - Incrementing ReportCounters[0]:1
[INFO ][2015-11-02 18:28:15,216][com.java.SeleniumDriver] [ 1192] - The results are-------------------[1, 1, Valid Login, Pass, , Mon Nov 02 18:28:09 IST 2015, 1, 2, Valid Login, Pass, , Mon Nov 02 18:28:15 IST 2015, 1, 3, Add Custom Calculation Indicator to Start Page, Pass, , Mon Nov 02 18:28:15 IST 2015]
[INFO ][2015-11-02 18:28:15,217][com.java.SeleniumDriver] [ 1196] - End time is-------50 sec
[INFO ][2015-11-02 18:28:15,217][com.java.SeleniumDriver] [ 1197] - The results are-------------------[1, 1, Valid Login, Pass, , Mon Nov 02 18:28:09 IST 2015, 1, 2, Valid Login, Pass, , Mon Nov 02 18:28:15 IST 2015, 1, 3, Add Custom Calculation Indicator to Start Page, Pass, , Mon Nov 02 18:28:15 IST 2015]
[DEBUG][2015-11-02 18:28:15,217][com.java.ImportnExport.ExportTestResultsExcel] [  222] - testResultPath = D:\BankersDashboard/TestReports/Test Results_BankersDashBoard_110215_182726_IE11_Any Bank USA.xls
[DEBUG][2015-11-02 18:28:15,217][com.java.ImportnExport.ExportTestResultsExcel] [  223] - browser is------------IE11
[DEBUG][2015-11-02 18:28:15,260][com.java.ImportnExport.ExportTestResultsExcel] [  270] - result.size() = 18
[DEBUG][2015-11-02 18:28:15,260][com.java.ImportnExport.ExportTestResultsExcel] [  274] - No of rows in sheet=1
[DEBUG][2015-11-02 18:28:15,260][com.java.ImportnExport.ExportTestResultsExcel] [  301] - ..in export..1
[DEBUG][2015-11-02 18:28:15,260][com.java.ImportnExport.ExportTestResultsExcel] [  301] - ..in export..Valid Login
[DEBUG][2015-11-02 18:28:15,260][com.java.ImportnExport.ExportTestResultsExcel] [  301] - ..in export..Pass
[DEBUG][2015-11-02 18:28:15,260][com.java.ImportnExport.ExportTestResultsExcel] [  301] - ..in export..
[DEBUG][2015-11-02 18:28:15,260][com.java.ImportnExport.ExportTestResultsExcel] [  301] - ..in export..Mon Nov 02 18:28:09 IST 2015
[INFO ][2015-11-02 18:28:15,264][com.java.SeleniumDriver] [ 1255] - out loop:0 size:2 TestCases:[1, 12] testcases:[1, 12]
[INFO ][2015-11-02 18:28:15,264][com.java.ImportnExport.ImportTestDataDetailsExcel] [   49] - test data details path===== D:\BankersDashboard\TestInputs\TestData.xls
[INFO ][2015-11-02 18:28:36,352][com.java.SeleniumDriver] [  788] - ------------------------------------------
[INFO ][2015-11-02 18:28:36,352][com.java.SeleniumDriver] [  789] - Test case being Executed: 12
[INFO ][2015-11-02 18:28:36,353][com.java.SeleniumDriver] [  800] - Test step:1
[INFO ][2015-11-02 18:28:36,353][com.java.SeleniumDriver] [  812] - Datavalue is----------null
[DEBUG][2015-11-02 18:28:36,353][com.java.SeleniumDriver] [  830] - Exception: null
[INFO ][2015-11-02 18:28:36,354][com.java.SeleniumDriver] [  836] - DataField : LNKSettings
[INFO ][2015-11-02 18:28:36,354][com.java.SeleniumDriver] [  838] - DataValue : 
[INFO ][2015-11-02 18:28:36,354][com.java.SeleniumDriver] [  844] - <In Set values of the page>
[INFO ][2015-11-02 18:28:36,354][com.java.SeleniumDriver] [  847] - {Data Fields & Data Values Exist}
[INFO ][2015-11-02 18:28:36,354][com.java.SeleniumDriver] [  849] - --------------------------setting values-----------------------------
[INFO ][2015-11-02 18:28:36,354][com.java.SeleniumDriver] [  852] - Action Type : WAITFORELEMENT
[INFO ][2015-11-02 18:28:36,441][com.java.SeleniumDriver] [  861] -  RESULT true
[INFO ][2015-11-02 18:28:36,442][com.java.SeleniumDriver] [ 1066] - ?   P A S S   ?
[INFO ][2015-11-02 18:28:36,442][com.java.SeleniumDriver] [  788] - ------------------------------------------
[INFO ][2015-11-02 18:28:36,443][com.java.SeleniumDriver] [  789] - Test case being Executed: 12
[INFO ][2015-11-02 18:28:36,443][com.java.SeleniumDriver] [  800] - Test step:2
[INFO ][2015-11-02 18:28:36,443][com.java.SeleniumDriver] [  812] - Datavalue is----------null
[DEBUG][2015-11-02 18:28:36,443][com.java.SeleniumDriver] [  830] - Exception: null
[INFO ][2015-11-02 18:28:36,443][com.java.SeleniumDriver] [  836] - DataField : Settings&&Customize&&//ul[@id='Customize']/li[@data-id="MyDashboard"]
[INFO ][2015-11-02 18:28:36,443][com.java.SeleniumDriver] [  838] - DataValue : 
[INFO ][2015-11-02 18:28:36,443][com.java.SeleniumDriver] [  844] - <In Set values of the page>
[INFO ][2015-11-02 18:28:36,443][com.java.SeleniumDriver] [  847] - {Data Fields & Data Values Exist}
[INFO ][2015-11-02 18:28:36,443][com.java.SeleniumDriver] [  849] - --------------------------setting values-----------------------------
[INFO ][2015-11-02 18:28:36,443][com.java.SeleniumDriver] [  852] - Action Type : MOUSEOVER
[INFO ][2015-11-02 18:28:48,217][com.java.SeleniumDriver] [  861] -  RESULT true
[INFO ][2015-11-02 18:28:48,217][com.java.SeleniumDriver] [ 1066] - ?   P A S S   ?
[INFO ][2015-11-02 18:28:48,217][com.java.SeleniumDriver] [  788] - ------------------------------------------
[INFO ][2015-11-02 18:28:48,217][com.java.SeleniumDriver] [  789] - Test case being Executed: 12
[INFO ][2015-11-02 18:28:48,217][com.java.SeleniumDriver] [  800] - Test step:3
[INFO ][2015-11-02 18:28:48,217][com.java.SeleniumDriver] [  812] - Datavalue is----------5
[INFO ][2015-11-02 18:28:48,217][com.java.SeleniumDriver] [  836] - DataField : XPH//span[contains(text(),'Finished')]
[INFO ][2015-11-02 18:28:48,217][com.java.SeleniumDriver] [  838] - DataValue : 5
[INFO ][2015-11-02 18:28:48,217][com.java.SeleniumDriver] [  844] - <In Set values of the page>
[INFO ][2015-11-02 18:28:48,217][com.java.SeleniumDriver] [  847] - {Data Fields & Data Values Exist}
[INFO ][2015-11-02 18:28:48,217][com.java.SeleniumDriver] [  849] - --------------------------setting values-----------------------------
[INFO ][2015-11-02 18:28:48,217][com.java.SeleniumDriver] [  852] - Action Type : WAITFORELEMENT
[INFO ][2015-11-02 18:28:48,260][com.java.SeleniumDriver] [  861] -  RESULT true
[INFO ][2015-11-02 18:28:48,260][com.java.SeleniumDriver] [ 1066] - ?   P A S S   ?
[INFO ][2015-11-02 18:28:48,260][com.java.SeleniumDriver] [  788] - ------------------------------------------
[INFO ][2015-11-02 18:28:48,260][com.java.SeleniumDriver] [  789] - Test case being Executed: 12
[INFO ][2015-11-02 18:28:48,260][com.java.SeleniumDriver] [  800] - Test step:4
[INFO ][2015-11-02 18:28:48,260][com.java.SeleniumDriver] [  812] - Datavalue is----------My Dashboard Indicators
[INFO ][2015-11-02 18:28:48,261][com.java.SeleniumDriver] [  836] - DataField : XPH//span[contains(text(),'My Dashboard Indicators')]
[INFO ][2015-11-02 18:28:48,261][com.java.SeleniumDriver] [  838] - DataValue : My Dashboard Indicators
[INFO ][2015-11-02 18:28:48,261][com.java.SeleniumDriver] [  844] - <In Set values of the page>
[INFO ][2015-11-02 18:28:48,261][com.java.SeleniumDriver] [  847] - {Data Fields & Data Values Exist}
[INFO ][2015-11-02 18:28:48,262][com.java.SeleniumDriver] [  849] - --------------------------setting values-----------------------------
[INFO ][2015-11-02 18:28:48,262][com.java.SeleniumDriver] [  852] - Action Type : VERIFY
[INFO ][2015-11-02 18:28:48,262][com.java.TestType] [ 4875] - field= XPH//span[contains(text(),'My Dashboard Indicators')] value= My Dashboard Indicators
[INFO ][2015-11-02 18:28:48,262][com.java.TestType] [ 3749] - value = My Dashboard Indicators
[INFO ][2015-11-02 18:28:48,383][com.java.SeleniumDriver] [  861] -  RESULT true
[INFO ][2015-11-02 18:28:48,383][com.java.SeleniumDriver] [ 1066] - ?   P A S S   ?
[INFO ][2015-11-02 18:28:48,383][com.java.SeleniumDriver] [  788] - ------------------------------------------
[INFO ][2015-11-02 18:28:48,383][com.java.SeleniumDriver] [  789] - Test case being Executed: 12
[INFO ][2015-11-02 18:28:48,383][com.java.SeleniumDriver] [  800] - Test step:5
[INFO ][2015-11-02 18:28:48,383][com.java.SeleniumDriver] [  812] - Datavalue is----------frameDialogContent
[INFO ][2015-11-02 18:28:48,383][com.java.SeleniumDriver] [  836] - DataField : BTN
[INFO ][2015-11-02 18:28:48,383][com.java.SeleniumDriver] [  838] - DataValue : frameDialogContent
[INFO ][2015-11-02 18:28:48,383][com.java.SeleniumDriver] [  844] - <In Set values of the page>
[INFO ][2015-11-02 18:28:48,383][com.java.SeleniumDriver] [  847] - {Data Fields & Data Values Exist}
[INFO ][2015-11-02 18:28:48,383][com.java.SeleniumDriver] [  849] - --------------------------setting values-----------------------------
[INFO ][2015-11-02 18:28:48,383][com.java.SeleniumDriver] [  852] - Action Type : SELECTFRAMEBYNAME
[INFO ][2015-11-02 18:28:48,384][com.java.TestType] [ 3749] - value = frameDialogContent
[INFO ][2015-11-02 18:28:48,450][com.java.SeleniumDriver] [  861] -  RESULT true
[INFO ][2015-11-02 18:28:48,450][com.java.SeleniumDriver] [ 1066] - ?   P A S S   ?
[INFO ][2015-11-02 18:28:48,450][com.java.SeleniumDriver] [  788] - ------------------------------------------
[INFO ][2015-11-02 18:28:48,450][com.java.SeleniumDriver] [  789] - Test case being Executed: 12
[INFO ][2015-11-02 18:28:48,450][com.java.SeleniumDriver] [  800] - Test step:6
[INFO ][2015-11-02 18:28:48,450][com.java.SeleniumDriver] [  812] - Datavalue is----------null
[DEBUG][2015-11-02 18:28:48,450][com.java.SeleniumDriver] [  830] - Exception: null
[INFO ][2015-11-02 18:28:48,450][com.java.SeleniumDriver] [  836] - DataField : BTNbtnAddNew
[INFO ][2015-11-02 18:28:48,450][com.java.SeleniumDriver] [  838] - DataValue : 
[INFO ][2015-11-02 18:28:48,450][com.java.SeleniumDriver] [  844] - <In Set values of the page>
[INFO ][2015-11-02 18:28:48,450][com.java.SeleniumDriver] [  847] - {Data Fields & Data Values Exist}
[INFO ][2015-11-02 18:28:48,450][com.java.SeleniumDriver] [  849] - --------------------------setting values-----------------------------
[INFO ][2015-11-02 18:28:48,450][com.java.SeleniumDriver] [  852] - Action Type : CLICK
[INFO ][2015-11-02 18:28:48,451][com.java.TestType] [ 4062] - Field ::BTNbtnAddNew
[INFO ][2015-11-02 18:28:49,451][com.java.TestType] [ 4100] - BEFORE CLICK
[INFO ][2015-11-02 18:28:53,415][com.java.TestType] [ 4107] - Unable to click the object null
[INFO ][2015-11-02 18:28:53,416][com.java.SeleniumDriver] [  861] -  RESULT true
[INFO ][2015-11-02 18:28:53,416][com.java.SeleniumDriver] [ 1066] - ?   P A S S   ?
[INFO ][2015-11-02 18:28:53,416][com.java.SeleniumDriver] [  788] - ------------------------------------------
[INFO ][2015-11-02 18:28:53,416][com.java.SeleniumDriver] [  789] - Test case being Executed: 12
[INFO ][2015-11-02 18:28:53,416][com.java.SeleniumDriver] [  800] - Test step:7
[INFO ][2015-11-02 18:28:53,416][com.java.SeleniumDriver] [  812] - Datavalue is----------null
[DEBUG][2015-11-02 18:28:53,416][com.java.SeleniumDriver] [  830] - Exception: null
[INFO ][2015-11-02 18:28:53,416][com.java.SeleniumDriver] [  836] - DataField : XPH//input[@value="customCalcs"]
[INFO ][2015-11-02 18:28:53,416][com.java.SeleniumDriver] [  838] - DataValue : 
[INFO ][2015-11-02 18:28:53,416][com.java.SeleniumDriver] [  844] - <In Set values of the page>
[INFO ][2015-11-02 18:28:53,416][com.java.SeleniumDriver] [  847] - {Data Fields & Data Values Exist}
[INFO ][2015-11-02 18:28:53,416][com.java.SeleniumDriver] [  849] - --------------------------setting values-----------------------------
[INFO ][2015-11-02 18:28:53,417][com.java.SeleniumDriver] [  852] - Action Type : CLICK
[INFO ][2015-11-02 18:28:53,417][com.java.TestType] [ 4062] - Field ::XPH//input[@value="customCalcs"]
[INFO ][2015-11-02 18:28:54,417][com.java.TestType] [ 4121] - BEFORE CLICK
[INFO ][2015-11-02 18:28:56,254][com.java.TestType] [ 4129] - Unable to click the object Custom Calculations radio button
[INFO ][2015-11-02 18:28:56,254][com.java.SeleniumDriver] [  861] -  RESULT true
[INFO ][2015-11-02 18:28:56,254][com.java.SeleniumDriver] [ 1066] - ?   P A S S   ?
[INFO ][2015-11-02 18:28:56,254][com.java.SeleniumDriver] [  788] - ------------------------------------------
[INFO ][2015-11-02 18:28:56,254][com.java.SeleniumDriver] [  789] - Test case being Executed: 12
[INFO ][2015-11-02 18:28:56,254][com.java.SeleniumDriver] [  800] - Test step:8
[INFO ][2015-11-02 18:28:56,254][com.java.SeleniumDriver] [  812] - Datavalue is----------5
[INFO ][2015-11-02 18:28:56,254][com.java.SeleniumDriver] [  836] - DataField : BTNdynaCustomCalcTreeDiv
[INFO ][2015-11-02 18:28:56,254][com.java.SeleniumDriver] [  838] - DataValue : 5
[INFO ][2015-11-02 18:28:56,254][com.java.SeleniumDriver] [  844] - <In Set values of the page>
[INFO ][2015-11-02 18:28:56,254][com.java.SeleniumDriver] [  847] - {Data Fields & Data Values Exist}
[INFO ][2015-11-02 18:28:56,254][com.java.SeleniumDriver] [  849] - --------------------------setting values-----------------------------
[INFO ][2015-11-02 18:28:56,254][com.java.SeleniumDriver] [  852] - Action Type : WAITFORELEMENT
[INFO ][2015-11-02 18:28:57,359][com.java.SeleniumDriver] [  861] -  RESULT true
[INFO ][2015-11-02 18:28:57,359][com.java.SeleniumDriver] [ 1066] - ?   P A S S   ?
[INFO ][2015-11-02 18:28:57,359][com.java.SeleniumDriver] [  788] - ------------------------------------------
[INFO ][2015-11-02 18:28:57,359][com.java.SeleniumDriver] [  789] - Test case being Executed: 12
[INFO ][2015-11-02 18:28:57,359][com.java.SeleniumDriver] [  800] - Test step:9
[INFO ][2015-11-02 18:28:57,359][com.java.SeleniumDriver] [  812] - Datavalue is----------null
[DEBUG][2015-11-02 18:28:57,359][com.java.SeleniumDriver] [  830] - Exception: null
[INFO ][2015-11-02 18:28:57,360][com.java.SeleniumDriver] [  836] - DataField : XPH//div[@id='dynaCustomCalcTreeDiv']/ul/li[1]/span/a
[INFO ][2015-11-02 18:28:57,360][com.java.SeleniumDriver] [  838] - DataValue : 
[INFO ][2015-11-02 18:28:57,360][com.java.SeleniumDriver] [  844] - <In Set values of the page>
[INFO ][2015-11-02 18:28:57,360][com.java.SeleniumDriver] [  847] - {Data Fields & Data Values Exist}
[INFO ][2015-11-02 18:28:57,360][com.java.SeleniumDriver] [  849] - --------------------------setting values-----------------------------
[INFO ][2015-11-02 18:28:57,360][com.java.SeleniumDriver] [  852] - Action Type : CLICK
[INFO ][2015-11-02 18:28:57,360][com.java.TestType] [ 4062] - Field ::XPH//div[@id='dynaCustomCalcTreeDiv']/ul/li[1]/span/a
[INFO ][2015-11-02 18:28:58,360][com.java.TestType] [ 4121] - BEFORE CLICK
[INFO ][2015-11-02 18:28:59,102][com.java.TestType] [ 4129] - Unable to click the object Indicator Value
[INFO ][2015-11-02 18:28:59,102][com.java.SeleniumDriver] [  861] -  RESULT true
[INFO ][2015-11-02 18:28:59,102][com.java.SeleniumDriver] [ 1066] - ?   P A S S   ?
[INFO ][2015-11-02 18:28:59,102][com.java.SeleniumDriver] [  788] - ------------------------------------------
[INFO ][2015-11-02 18:28:59,102][com.java.SeleniumDriver] [  789] - Test case being Executed: 12
[INFO ][2015-11-02 18:28:59,102][com.java.SeleniumDriver] [  800] - Test step:10
[INFO ][2015-11-02 18:28:59,102][com.java.SeleniumDriver] [  812] - Datavalue is----------IndicatorName
[INFO ][2015-11-02 18:28:59,102][com.java.SeleniumDriver] [  836] - DataField : XPHIndicator
[INFO ][2015-11-02 18:28:59,102][com.java.SeleniumDriver] [  838] - DataValue : IndicatorName
[INFO ][2015-11-02 18:28:59,102][com.java.SeleniumDriver] [  844] - <In Set values of the page>
[INFO ][2015-11-02 18:28:59,102][com.java.SeleniumDriver] [  847] - {Data Fields & Data Values Exist}
[INFO ][2015-11-02 18:28:59,102][com.java.SeleniumDriver] [  849] - --------------------------setting values-----------------------------
[INFO ][2015-11-02 18:28:59,103][com.java.SeleniumDriver] [  852] - Action Type : STOREVALUE
[INFO ][2015-11-02 18:28:59,103][com.java.TestType] [ 5809] - field= XPHIndicator
[DEBUG][2015-11-02 18:29:00,309][com.java.TestType] [ 5861] - Key:: IndicatorName   Value:: 
[INFO ][2015-11-02 18:29:00,309][com.java.SeleniumDriver] [  861] -  RESULT true
[INFO ][2015-11-02 18:29:00,309][com.java.SeleniumDriver] [ 1066] - ?   P A S S   ?
[INFO ][2015-11-02 18:29:00,309][com.java.SeleniumDriver] [  788] - ------------------------------------------
[INFO ][2015-11-02 18:29:00,309][com.java.SeleniumDriver] [  789] - Test case being Executed: 12
[INFO ][2015-11-02 18:29:00,309][com.java.SeleniumDriver] [  800] - Test step:12
[INFO ][2015-11-02 18:29:00,309][com.java.SeleniumDriver] [  812] - Datavalue is----------null
[DEBUG][2015-11-02 18:29:00,309][com.java.SeleniumDriver] [  830] - Exception: null
[INFO ][2015-11-02 18:29:00,309][com.java.SeleniumDriver] [  836] - DataField : BTNbtnNext
[INFO ][2015-11-02 18:29:00,309][com.java.SeleniumDriver] [  838] - DataValue : 
[INFO ][2015-11-02 18:29:00,309][com.java.SeleniumDriver] [  844] - <In Set values of the page>
[INFO ][2015-11-02 18:29:00,309][com.java.SeleniumDriver] [  847] - {Data Fields & Data Values Exist}
[INFO ][2015-11-02 18:29:00,310][com.java.SeleniumDriver] [  849] - --------------------------setting values-----------------------------
[INFO ][2015-11-02 18:29:00,310][com.java.SeleniumDriver] [  852] - Action Type : CLICK
[INFO ][2015-11-02 18:29:00,310][com.java.TestType] [ 4062] - Field ::BTNbtnNext
[INFO ][2015-11-02 18:29:01,311][com.java.TestType] [ 4100] - BEFORE CLICK
[INFO ][2015-11-02 18:29:02,708][com.java.TestType] [ 4107] - Unable to click the object Next Button
[INFO ][2015-11-02 18:29:02,708][com.java.SeleniumDriver] [  861] -  RESULT true
[INFO ][2015-11-02 18:29:02,708][com.java.SeleniumDriver] [ 1066] - ?   P A S S   ?
[INFO ][2015-11-02 18:29:02,708][com.java.SeleniumDriver] [  788] - ------------------------------------------
[INFO ][2015-11-02 18:29:02,708][com.java.SeleniumDriver] [  789] - Test case being Executed: 12
[INFO ][2015-11-02 18:29:02,708][com.java.SeleniumDriver] [  800] - Test step:13
[INFO ][2015-11-02 18:29:02,708][com.java.SeleniumDriver] [  812] - Datavalue is----------5
[INFO ][2015-11-02 18:29:02,708][com.java.SeleniumDriver] [  836] - DataField : BTNGreenCompare
[INFO ][2015-11-02 18:29:02,708][com.java.SeleniumDriver] [  838] - DataValue : 5
[INFO ][2015-11-02 18:29:02,708][com.java.SeleniumDriver] [  844] - <In Set values of the page>
[INFO ][2015-11-02 18:29:02,708][com.java.SeleniumDriver] [  847] - {Data Fields & Data Values Exist}
[INFO ][2015-11-02 18:29:02,708][com.java.SeleniumDriver] [  849] - --------------------------setting values-----------------------------
[INFO ][2015-11-02 18:29:02,708][com.java.SeleniumDriver] [  852] - Action Type : WAITFORELEMENT
[INFO ][2015-11-02 18:29:03,782][com.java.SeleniumDriver] [  861] -  RESULT true
[INFO ][2015-11-02 18:29:03,783][com.java.SeleniumDriver] [ 1066] - ?   P A S S   ?
[INFO ][2015-11-02 18:29:03,783][com.java.SeleniumDriver] [  788] - ------------------------------------------
[INFO ][2015-11-02 18:29:03,783][com.java.SeleniumDriver] [  789] - Test case being Executed: 12
[INFO ][2015-11-02 18:29:03,783][com.java.SeleniumDriver] [  800] - Test step:14
[INFO ][2015-11-02 18:29:03,783][com.java.SeleniumDriver] [  812] - Datavalue is----------null
[DEBUG][2015-11-02 18:29:03,783][com.java.SeleniumDriver] [  830] - Exception: null
[INFO ][2015-11-02 18:29:03,783][com.java.SeleniumDriver] [  836] - DataField : BTNparent
[INFO ][2015-11-02 18:29:03,783][com.java.SeleniumDriver] [  838] - DataValue : 
[INFO ][2015-11-02 18:29:03,783][com.java.SeleniumDriver] [  844] - <In Set values of the page>
[INFO ][2015-11-02 18:29:03,783][com.java.SeleniumDriver] [  847] - {Data Fields & Data Values Exist}
[INFO ][2015-11-02 18:29:03,783][com.java.SeleniumDriver] [  849] - --------------------------setting values-----------------------------
[INFO ][2015-11-02 18:29:03,783][com.java.SeleniumDriver] [  852] - Action Type : SelectFrame
[INFO ][2015-11-02 18:29:03,796][com.java.SeleniumDriver] [  861] -  RESULT true
[INFO ][2015-11-02 18:29:03,796][com.java.SeleniumDriver] [ 1066] - ?   P A S S   ?
[INFO ][2015-11-02 18:29:03,796][com.java.SeleniumDriver] [  788] - ------------------------------------------
[INFO ][2015-11-02 18:29:03,796][com.java.SeleniumDriver] [  789] - Test case being Executed: 12
[INFO ][2015-11-02 18:29:03,796][com.java.SeleniumDriver] [  800] - Test step:15
[INFO ][2015-11-02 18:29:03,796][com.java.SeleniumDriver] [  812] - Datavalue is----------null
[DEBUG][2015-11-02 18:29:03,796][com.java.SeleniumDriver] [  830] - Exception: null
[INFO ][2015-11-02 18:29:03,796][com.java.SeleniumDriver] [  836] - DataField : XPH//span[contains(text(), 'Finished')]
[INFO ][2015-11-02 18:29:03,796][com.java.SeleniumDriver] [  838] - DataValue : 
[INFO ][2015-11-02 18:29:03,796][com.java.SeleniumDriver] [  844] - <In Set values of the page>
[INFO ][2015-11-02 18:29:03,796][com.java.SeleniumDriver] [  847] - {Data Fields & Data Values Exist}
[INFO ][2015-11-02 18:29:03,796][com.java.SeleniumDriver] [  849] - --------------------------setting values-----------------------------
[INFO ][2015-11-02 18:29:03,796][com.java.SeleniumDriver] [  852] - Action Type : CLICK
[INFO ][2015-11-02 18:29:03,797][com.java.TestType] [ 4062] - Field ::XPH//span[contains(text(), 'Finished')]
[INFO ][2015-11-02 18:29:04,797][com.java.TestType] [ 4121] - BEFORE CLICK
[INFO ][2015-11-02 18:29:06,056][com.java.TestType] [ 4129] - Unable to click the object null
[INFO ][2015-11-02 18:29:06,056][com.java.SeleniumDriver] [  861] -  RESULT true
[INFO ][2015-11-02 18:29:06,056][com.java.SeleniumDriver] [ 1066] - ?   P A S S   ?
[INFO ][2015-11-02 18:29:06,056][com.java.SeleniumDriver] [  788] - ------------------------------------------
[INFO ][2015-11-02 18:29:06,056][com.java.SeleniumDriver] [  789] - Test case being Executed: 12
[INFO ][2015-11-02 18:29:06,056][com.java.SeleniumDriver] [  800] - Test step:16
[INFO ][2015-11-02 18:29:06,056][com.java.SeleniumDriver] [  812] - Datavalue is----------5
[INFO ][2015-11-02 18:29:06,056][com.java.SeleniumDriver] [  836] - DataField : XPH//span[contains(text(), 'Finished')]
[INFO ][2015-11-02 18:29:06,056][com.java.SeleniumDriver] [  838] - DataValue : 5
[INFO ][2015-11-02 18:29:06,056][com.java.SeleniumDriver] [  844] - <In Set values of the page>
[INFO ][2015-11-02 18:29:06,056][com.java.SeleniumDriver] [  847] - {Data Fields & Data Values Exist}
[INFO ][2015-11-02 18:29:06,056][com.java.SeleniumDriver] [  849] - --------------------------setting values-----------------------------
[INFO ][2015-11-02 18:29:06,056][com.java.SeleniumDriver] [  852] - Action Type : WAITFORELEMENT
[INFO ][2015-11-02 18:29:06,250][com.java.SeleniumDriver] [  861] -  RESULT true
[INFO ][2015-11-02 18:29:06,250][com.java.SeleniumDriver] [ 1066] - ?   P A S S   ?
[INFO ][2015-11-02 18:29:06,250][com.java.SeleniumDriver] [  788] - ------------------------------------------
[INFO ][2015-11-02 18:29:06,250][com.java.SeleniumDriver] [  789] - Test case being Executed: 12
[INFO ][2015-11-02 18:29:06,250][com.java.SeleniumDriver] [  800] - Test step:17
[INFO ][2015-11-02 18:29:06,250][com.java.SeleniumDriver] [  812] - Datavalue is----------HMVIndicatorName
[INFO ][2015-11-02 18:29:06,250][com.java.SeleniumDriver] [  836] - DataField : MSG
[INFO ][2015-11-02 18:29:06,250][com.java.SeleniumDriver] [  838] - DataValue : HMVIndicatorName
[INFO ][2015-11-02 18:29:06,250][com.java.SeleniumDriver] [  844] - <In Set values of the page>
[INFO ][2015-11-02 18:29:06,250][com.java.SeleniumDriver] [  847] - {Data Fields & Data Values Exist}
[INFO ][2015-11-02 18:29:06,251][com.java.SeleniumDriver] [  849] - --------------------------setting values-----------------------------
[INFO ][2015-11-02 18:29:06,251][com.java.SeleniumDriver] [  852] - Action Type : VERIFY
[INFO ][2015-11-02 18:29:06,251][com.java.TestType] [ 4875] - field= MSG value= HMVIndicatorName
[INFO ][2015-11-02 18:29:06,251][com.java.TestType] [ 3749] - value = 
[DEBUG][2015-11-02 18:29:06,251][com.java.TestType] [ 5452] - value :: 
[INFO ][2015-11-02 18:29:06,333][com.java.SeleniumDriver] [  861] -  RESULT true
[INFO ][2015-11-02 18:29:06,333][com.java.SeleniumDriver] [ 1066] - ?   P A S S   ?
[INFO ][2015-11-02 18:29:06,333][com.java.SeleniumDriver] [  788] - ------------------------------------------
[INFO ][2015-11-02 18:29:06,333][com.java.SeleniumDriver] [  789] - Test case being Executed: 12
[INFO ][2015-11-02 18:29:06,333][com.java.SeleniumDriver] [  800] - Test step:18
[INFO ][2015-11-02 18:29:06,333][com.java.SeleniumDriver] [  812] - Datavalue is----------dashboardModule.0
[INFO ][2015-11-02 18:29:06,333][com.java.SeleniumDriver] [  836] - DataField : BTN
[INFO ][2015-11-02 18:29:06,333][com.java.SeleniumDriver] [  838] - DataValue : dashboardModule.0
[INFO ][2015-11-02 18:29:06,333][com.java.SeleniumDriver] [  844] - <In Set values of the page>
[INFO ][2015-11-02 18:29:06,333][com.java.SeleniumDriver] [  847] - {Data Fields & Data Values Exist}
[INFO ][2015-11-02 18:29:06,333][com.java.SeleniumDriver] [  849] - --------------------------setting values-----------------------------
[INFO ][2015-11-02 18:29:06,333][com.java.SeleniumDriver] [  852] - Action Type : VERIFY
[INFO ][2015-11-02 18:29:06,333][com.java.TestType] [ 4875] - field= BTN value= dashboardModule.0
[INFO ][2015-11-02 18:29:06,334][com.java.TestType] [ 3749] - value = dashboardModule.0
[INFO ][2015-11-02 18:29:07,537][com.java.SeleniumDriver] [  861] -  RESULT true
[INFO ][2015-11-02 18:29:07,537][com.java.SeleniumDriver] [ 1066] - ?   P A S S   ?
[INFO ][2015-11-02 18:29:07,537][com.java.SeleniumDriver] [  788] - ------------------------------------------
[INFO ][2015-11-02 18:29:07,537][com.java.SeleniumDriver] [  789] - Test case being Executed: 12
[INFO ][2015-11-02 18:29:07,537][com.java.SeleniumDriver] [  800] - Test step:19
[INFO ][2015-11-02 18:29:07,537][com.java.SeleniumDriver] [  812] - Datavalue is----------HMVIndicatorName
[INFO ][2015-11-02 18:29:07,537][com.java.SeleniumDriver] [  836] - DataField : MSG
[INFO ][2015-11-02 18:29:07,537][com.java.SeleniumDriver] [  838] - DataValue : HMVIndicatorName
[INFO ][2015-11-02 18:29:07,537][com.java.SeleniumDriver] [  844] - <In Set values of the page>
[INFO ][2015-11-02 18:29:07,538][com.java.SeleniumDriver] [  847] - {Data Fields & Data Values Exist}
[INFO ][2015-11-02 18:29:07,538][com.java.SeleniumDriver] [  849] - --------------------------setting values-----------------------------
[INFO ][2015-11-02 18:29:07,538][com.java.SeleniumDriver] [  852] - Action Type : VERIFY
[INFO ][2015-11-02 18:29:07,538][com.java.TestType] [ 4875] - field= MSG value= HMVIndicatorName
[INFO ][2015-11-02 18:29:07,538][com.java.TestType] [ 3749] - value = 
[DEBUG][2015-11-02 18:29:07,538][com.java.TestType] [ 5452] - value :: 
[INFO ][2015-11-02 18:29:07,590][com.java.SeleniumDriver] [  861] -  RESULT true
[INFO ][2015-11-02 18:29:07,590][com.java.SeleniumDriver] [ 1066] - ?   P A S S   ?
[INFO ][2015-11-02 18:29:07,590][com.java.SeleniumDriver] [  788] - ------------------------------------------
[INFO ][2015-11-02 18:29:07,590][com.java.SeleniumDriver] [  789] - Test case being Executed: 12
[INFO ][2015-11-02 18:29:07,590][com.java.SeleniumDriver] [  800] - Test step:20
[INFO ][2015-11-02 18:29:07,590][com.java.SeleniumDriver] [  812] - Datavalue is----------frameDialogContent
[INFO ][2015-11-02 18:29:07,590][com.java.SeleniumDriver] [  836] - DataField : BTN
[INFO ][2015-11-02 18:29:07,590][com.java.SeleniumDriver] [  838] - DataValue : frameDialogContent
[INFO ][2015-11-02 18:29:07,590][com.java.SeleniumDriver] [  844] - <In Set values of the page>
[INFO ][2015-11-02 18:29:07,590][com.java.SeleniumDriver] [  847] - {Data Fields & Data Values Exist}
[INFO ][2015-11-02 18:29:07,590][com.java.SeleniumDriver] [  849] - --------------------------setting values-----------------------------
[INFO ][2015-11-02 18:29:07,591][com.java.SeleniumDriver] [  852] - Action Type : SELECTFRAMEBYNAME
[INFO ][2015-11-02 18:29:07,591][com.java.TestType] [ 3749] - value = frameDialogContent
[INFO ][2015-11-02 18:29:07,666][com.java.SeleniumDriver] [  861] -  RESULT true
[INFO ][2015-11-02 18:29:07,666][com.java.SeleniumDriver] [ 1066] - ?   P A S S   ?
[INFO ][2015-11-02 18:29:07,666][com.java.SeleniumDriver] [  788] - ------------------------------------------
[INFO ][2015-11-02 18:29:07,666][com.java.SeleniumDriver] [  789] - Test case being Executed: 12
[INFO ][2015-11-02 18:29:07,666][com.java.SeleniumDriver] [  800] - Test step:21
[INFO ][2015-11-02 18:29:07,666][com.java.SeleniumDriver] [  812] - Datavalue is----------null
[DEBUG][2015-11-02 18:29:07,666][com.java.SeleniumDriver] [  830] - Exception: null
[INFO ][2015-11-02 18:29:07,666][com.java.SeleniumDriver] [  836] - DataField : XPH//table[@id='tblIndicators']/tbody/tr[last()]/td[last()]/span[1]
[INFO ][2015-11-02 18:29:07,666][com.java.SeleniumDriver] [  838] - DataValue : 
[INFO ][2015-11-02 18:29:07,666][com.java.SeleniumDriver] [  844] - <In Set values of the page>
[INFO ][2015-11-02 18:29:07,666][com.java.SeleniumDriver] [  847] - {Data Fields & Data Values Exist}
[INFO ][2015-11-02 18:29:07,666][com.java.SeleniumDriver] [  849] - --------------------------setting values-----------------------------
[INFO ][2015-11-02 18:29:07,666][com.java.SeleniumDriver] [  852] - Action Type : CLICK
[INFO ][2015-11-02 18:29:07,667][com.java.TestType] [ 4062] - Field ::XPH//table[@id='tblIndicators']/tbody/tr[last()]/td[last()]/span[1]
[INFO ][2015-11-02 18:29:08,667][com.java.TestType] [ 4121] - BEFORE CLICK
[INFO ][2015-11-02 18:29:09,968][com.java.TestType] [ 4129] - Unable to click the object null
[INFO ][2015-11-02 18:29:09,968][com.java.SeleniumDriver] [  861] -  RESULT true
[INFO ][2015-11-02 18:29:09,968][com.java.SeleniumDriver] [ 1066] - ?   P A S S   ?
[INFO ][2015-11-02 18:29:09,968][com.java.SeleniumDriver] [  788] - ------------------------------------------
[INFO ][2015-11-02 18:29:09,968][com.java.SeleniumDriver] [  789] - Test case being Executed: 12
[INFO ][2015-11-02 18:29:09,968][com.java.SeleniumDriver] [  800] - Test step:22
[INFO ][2015-11-02 18:29:09,968][com.java.SeleniumDriver] [  812] - Datavalue is----------null
[DEBUG][2015-11-02 18:29:09,968][com.java.SeleniumDriver] [  830] - Exception: null
[INFO ][2015-11-02 18:29:09,968][com.java.SeleniumDriver] [  836] - DataField : CNF
[INFO ][2015-11-02 18:29:09,968][com.java.SeleniumDriver] [  838] - DataValue : 
[INFO ][2015-11-02 18:29:09,968][com.java.SeleniumDriver] [  844] - <In Set values of the page>
[INFO ][2015-11-02 18:29:09,968][com.java.SeleniumDriver] [  847] - {Data Fields & Data Values Exist}
[INFO ][2015-11-02 18:29:09,969][com.java.SeleniumDriver] [  849] - --------------------------setting values-----------------------------
[INFO ][2015-11-02 18:29:09,969][com.java.SeleniumDriver] [  852] - Action Type : CLICK
[INFO ][2015-11-02 18:29:09,969][com.java.TestType] [ 4062] - Field ::CNF
[ERROR][2015-11-02 18:29:11,072][com.java.TestType] [ 4295] - Exception in click:: No alert is active (WARNING: The server did not provide any stacktrace information)
Command duration or timeout: 102 milliseconds
Build info: version: '2.48.2', revision: '41bccdd', time: '2015-10-09 19:59:12'
System info: host: 'FVTIII438F1D', ip: '172.17.68.34', os.name: 'Windows 7', os.arch: 'x86', os.version: '6.1', java.version: '1.7.0_55'
Session ID: 888280a0-0399-471e-83dd-b7da1d4c5a9a
Driver info: org.openqa.selenium.ie.InternetExplorerDriver
Capabilities [{platform=WINDOWS, javascriptEnabled=true, elementScrollBehavior=0, ignoreZoomSetting=false, enablePersistentHover=true, ie.ensureCleanSession=false, browserName=internet explorer, enableElementCacheCleanup=true, unexpectedAlertBehaviour=dismiss, version=11, ie.usePerProcessProxy=false, ignoreProtectedModeSettings=true, cssSelectorsEnabled=true, requireWindowFocus=false, initialBrowserUrl=http://localhost:34755/, handlesAlerts=true, ie.forceCreateProcessApi=false, nativeEvents=true, browserAttachTimeout=0, ie.browserCommandLineSwitches=, takesScreenshot=true}]
[INFO ][2015-11-02 18:29:11,072][com.java.TestType] [ 4299] - Element :::: not found
[INFO ][2015-11-02 18:29:11,072][com.java.SeleniumDriver] [  861] -  RESULT false
[INFO ][2015-11-02 18:29:11,072][com.java.SeleniumDriver] [  908] - ?   F A I L   ?
[INFO ][2015-11-02 18:29:11,072][com.java.SeleniumDriver] [  916] - Browser Type : IE11
[INFO ][2015-11-02 18:29:11,073][com.java.SeleniumDriver] [  917] - Adding Failed case12
[INFO ][2015-11-02 18:29:11,869][com.java.SeleniumDriver] [ 1030] - failedCases = 12
[ERROR][2015-11-02 18:29:11,869][com.java.SeleniumDriver] [ 1516] - Platform Errors : Our apologies...::We have encountered an issue with your request.::Our apologies?:We encountered an issue with your request.
[INFO ][2015-11-02 18:29:11,869][com.java.SeleniumDriver] [ 1520] - Length =3
[ERROR][2015-11-02 18:29:11,869][com.java.SeleniumDriver] [ 1523] - Error 0 = Our apologies...
[ERROR][2015-11-02 18:29:12,022][com.java.SeleniumDriver] [ 1523] - Error 1 = We have encountered an issue with your request.
[ERROR][2015-11-02 18:29:12,055][com.java.SeleniumDriver] [ 1523] - Error 2 = Our apologies?:We encountered an issue with your request.
[DEBUG][2015-11-02 18:29:12,080][com.java.SeleniumDriver] [ 1168] - Case found
[DEBUG][2015-11-02 18:29:12,081][com.java.SeleniumDriver] [ 1173] - Incrementing ReportCounters[0]:2
[INFO ][2015-11-02 18:29:12,081][com.java.SeleniumDriver] [ 1192] - The results are-------------------[12, 22, Add Custom Calculation Indicator to My Dashboard, Fail, 
Test case failed at Step No. :: 22   Error Message ::  Element :::: not found. Screen Shot : D:\BankersDashboard\TestReports\110215\12_110215_182911_IE11.png, Mon Nov 02 18:29:12 IST 2015]
[INFO ][2015-11-02 18:29:12,081][com.java.SeleniumDriver] [ 1196] - End time is-------1 min 47 sec
[INFO ][2015-11-02 18:29:12,081][com.java.SeleniumDriver] [ 1197] - The results are-------------------[12, 22, Add Custom Calculation Indicator to My Dashboard, Fail, 
Test case failed at Step No. :: 22   Error Message ::  Element :::: not found. Screen Shot : D:\BankersDashboard\TestReports\110215\12_110215_182911_IE11.png, Mon Nov 02 18:29:12 IST 2015]
[DEBUG][2015-11-02 18:29:12,081][com.java.ImportnExport.ExportTestResultsExcel] [  222] - testResultPath = D:\BankersDashboard/TestReports/Test Results_BankersDashBoard_110215_182726_IE11_Any Bank USA.xls
[DEBUG][2015-11-02 18:29:12,081][com.java.ImportnExport.ExportTestResultsExcel] [  223] - browser is------------IE11
[DEBUG][2015-11-02 18:29:12,083][com.java.ImportnExport.ExportTestResultsExcel] [  270] - result.size() = 6
[DEBUG][2015-11-02 18:29:12,083][com.java.ImportnExport.ExportTestResultsExcel] [  274] - No of rows in sheet=2
[DEBUG][2015-11-02 18:29:12,083][com.java.ImportnExport.ExportTestResultsExcel] [  301] - ..in export..12
[DEBUG][2015-11-02 18:29:12,083][com.java.ImportnExport.ExportTestResultsExcel] [  301] - ..in export..Add Custom Calculation Indicator to My Dashboard
[DEBUG][2015-11-02 18:29:12,084][com.java.ImportnExport.ExportTestResultsExcel] [  301] - ..in export..Fail
[DEBUG][2015-11-02 18:29:12,084][com.java.ImportnExport.ExportTestResultsExcel] [  301] - ..in export..
Test case failed at Step No. :: 22   Error Message ::  Element :::: not found. Screen Shot : D:\BankersDashboard\TestReports\110215\12_110215_182911_IE11.png
[DEBUG][2015-11-02 18:29:12,084][com.java.ImportnExport.ExportTestResultsExcel] [  301] - ..in export..Mon Nov 02 18:29:12 IST 2015
[INFO ][2015-11-02 18:29:12,085][com.java.SeleniumDriver] [ 1255] - out loop:1 size:2 TestCases:[1, 12] testcases:[1, 12]
[INFO ][2015-11-02 18:29:14,085][com.java.SeleniumDriver] [ 1297] - Total Number of Cases:2
[INFO ][2015-11-02 18:29:14,085][com.java.TemplateGenerator] [  302] - Executed:2
[INFO ][2015-11-02 18:29:14,085][com.java.TemplateGenerator] [  303] - Passed:1
[INFO ][2015-11-02 18:29:14,085][com.java.TemplateGenerator] [  304] - Failed:1
[INFO ][2015-11-02 18:29:14,085][com.java.TemplateGenerator] [  305] - Skipeed:0
[INFO ][2015-11-02 18:29:14,085][com.java.TemplateGenerator] [  306] - Application URL:https://clients-xuat.bankersdashboard.com
[INFO ][2015-11-02 18:29:14,085][com.java.TemplateGenerator] [  307] - Start Time:110215_182726
[INFO ][2015-11-02 18:29:14,085][com.java.TemplateGenerator] [  308] -  Creating HTML Report 
[ERROR][2015-11-02 18:29:14,086][com.java.TemplateGenerator] [  409] - Unparseable date: "Mon Nov 02 06:27:26 IST 2015"
[INFO ][2015-11-02 18:29:14,086][com.java.TemplateGenerator] [  654] -  Exporting case :: 1
[INFO ][2015-11-02 18:29:14,086][com.java.TemplateGenerator] [  654] -  Exporting case :: 12
[INFO ][2015-11-02 18:29:14,112][com.java.SeleniumDriver] [ 1346] - End Time:110215_182914
[INFO ][2015-11-02 18:29:14,112][com.java.SeleniumDriver] [ 1349] - Data in Test Execution Details:{1=PASS, 12=FAILTest case failed at Step No. :: 22   Error Message ::  Element :::: not found}
[INFO ][2015-11-02 18:29:14,112][com.java.SeleniumDriver] [ 1350] - Data in Failed Execution Deatils:{}
[INFO ][2015-11-02 18:29:14,112][com.java.SeleniumDriver] [ 1352] - ReportCounter:Total:2 :: PASS: 1 ::FAIL: 1
[INFO ][2015-11-02 18:29:14,112][com.java.SeleniumDriver] [ 1353] - FailedReportCounter:Total:0 :: PASS: 0 ::FAIL: 0
[INFO ][2015-11-02 18:29:14,119][com.java.EmailTestReport] [   63] - Sending report mail details:
[INFO ][2015-11-02 18:29:14,120][com.java.EmailTestReport] [   80] - Excel Report Path:D:\BankersDashboard/TestReports/Test Results_BankersDashBoard_110215_182726_IE11_Any Bank USA.xls
[INFO ][2015-11-02 18:29:14,120][com.java.EmailTestReport] [   81] - HTML Report Path:D:\BankersDashboard//TestReports//Test Results_BankersDashBoard_110215_182726_IE11_Any Bank USA.html
[INFO ][2015-11-02 18:29:14,120][com.java.EmailTestReport] [   82] - smtpHostName:mail01.valuelabs.com
[INFO ][2015-11-02 18:29:14,120][com.java.EmailTestReport] [   83] - Recipient:venkateswararao.gubbala@valuelabs.com
[INFO ][2015-11-02 18:29:14,120][com.java.EmailTestReport] [   84] - From:venkateswararao.gubbala@valuelabs.com
[INFO ][2015-11-02 18:29:14,120][com.java.EmailTestReport] [   85] - Subject:DestinationRewards Automation Test Report - Any Bank USA - IE11
[INFO ][2015-11-02 18:29:14,135][com.java.EmailTestReport] [  143] -  Added venkateswararao.gubbala@valuelabs.com
[INFO ][2015-11-02 18:29:17,666][com.java.SeleniumDriver] [  719] - quitting the browser 
[INFO ][2015-11-02 18:29:18,910][com.java.SeleniumDriver] [  263] - Execution Completed Stopping the thread
