[INFO ][2015-11-04 12:36:34,605][com.java.SeleniumDriver] [  213] - Execute Failed Casesfalse
[INFO ][2015-11-04 12:36:34,610][com.java.SeleniumDriver] [  214] - Browser: IE11
[INFO ][2015-11-04 12:36:34,610][com.java.SeleniumDriver] [  215] - [1, 2]
[INFO ][2015-11-04 12:36:34,610][com.java.SeleniumDriver] [  216] - Total TestCases:2
[INFO ][2015-11-04 12:36:34,610][com.java.SeleniumDriver] [  217] -  Reading Properties from Property File 
[DEBUG][2015-11-04 12:36:34,611][com.java.SeleniumDriver] [  238] - url : https://clients-xuat.bankersdashboard.com
[INFO ][2015-11-04 12:36:34,612][com.java.ImportnExport.ExportTestResultsExcel] [  116] - Time Stamp Wed Nov 04 12:36:34 IST 2015
[INFO ][2015-11-04 12:36:34,612][com.java.ImportnExport.ExportTestResultsExcel] [  175] - OUT FILE : D:\BankersDashboard/TestReports/Test Results_BankersDashBoard_110415_123634_IE11_Bank of North Carolina.xls
[INFO ][2015-11-04 12:36:34,642][com.java.ImportnExport.ExportTestResultsExcel] [  180] - Test Result file is created
[DEBUG][2015-11-04 12:36:34,744][com.java.SeleniumDriver] [  425] - Hub ip address is-------172.17.68.34
[INFO ][2015-11-04 12:36:34,745][com.java.SeleniumDriver] [  451] - Grid URL:http://172.17.68.34:4444/wd/hub
[INFO ][2015-11-04 12:36:34,745][com.java.SeleniumDriver] [  452] - Capability:Capabilities [{platform=ANY, ensureCleanSession=true, ignoreProtectedModeSettings=true, acceptSslCerts=true, ignoreZoomSetting=true, browserName=internet explorer, browserstack.ie.noFlash=true, version=Node1}]
[ERROR][2015-11-04 12:36:36,039][com.java.SeleniumDriver] [  496] - Unable invoke browser in grid:Could not start a new session. Possible causes are invalid address of the remote server or browser start-up failure.
Build info: version: '2.48.2', revision: '41bccdd', time: '2015-10-09 19:59:12'
System info: host: 'FVTIII438F1D', ip: '172.17.68.34', os.name: 'Windows 7', os.arch: 'x86', os.version: '6.1', java.version: '1.7.0_55'
Driver info: driver.version: SeleniumDriver
[INFO ][2015-11-04 12:36:36,040][com.java.SeleniumDriver] [  498] - Executing on local machine
[INFO ][2015-11-04 12:36:45,239][com.java.SeleniumDriver] [  248] - IE11is opened
[INFO ][2015-11-04 12:36:46,125][com.java.SeleniumDriver] [  752] - Test cases to be executed are: [1, 2]
[INFO ][2015-11-04 12:36:46,125][com.java.ImportnExport.ImportTestDataDetailsExcel] [   49] - test data details path===== D:\BankersDashboard\TestInputs\TestData.xls
[INFO ][2015-11-04 12:36:57,161][com.java.SeleniumDriver] [  788] - ------------------------------------------
[INFO ][2015-11-04 12:36:57,161][com.java.SeleniumDriver] [  789] - Test case being Executed: 1
[INFO ][2015-11-04 12:36:57,176][com.java.SeleniumDriver] [  800] - Test step:1
[INFO ][2015-11-04 12:36:57,177][com.java.SeleniumDriver] [  812] - Datavalue is----------Concept#1:1-14
[INFO ][2015-11-04 12:36:57,177][com.java.SeleniumDriver] [  836] - DataField : test
[INFO ][2015-11-04 12:36:57,177][com.java.SeleniumDriver] [  838] - DataValue : Concept#1:1-14
[INFO ][2015-11-04 12:36:57,177][com.java.SeleniumDriver] [  844] - <In Set values of the page>
[INFO ][2015-11-04 12:36:57,177][com.java.SeleniumDriver] [  847] - {Data Fields & Data Values Exist}
[INFO ][2015-11-04 12:36:57,177][com.java.SeleniumDriver] [  849] - --------------------------setting values-----------------------------
[INFO ][2015-11-04 12:36:57,177][com.java.SeleniumDriver] [  852] - Action Type : ExecuteTestCase
[INFO ][2015-11-04 12:36:57,194][com.java.TestType] [  411] - The Concept sheet name is ---------- Concept
[INFO ][2015-11-04 12:36:57,194][com.java.TestType] [  414] - The Concept ID  is ---------- 1
[DEBUG][2015-11-04 12:36:57,194][com.java.TestType] [  418] - Steps being executted in the Concept are: 1:14
[INFO ][2015-11-04 12:36:57,194][com.java.TestType] [  425] - Test data details path ---------- D:\BankersDashboard\TestInputs\TestData.xls
[INFO ][2015-11-04 12:36:57,226][com.java.TestType] [  456] -  str(1) = 1
[INFO ][2015-11-04 12:36:57,226][com.java.TestType] [  459] - Test case Id is---1
[INFO ][2015-11-04 12:36:57,226][com.java.TestType] [  461] - 1
[INFO ][2015-11-04 12:36:57,227][com.java.TestType] [  456] -  str(2) = 1
[INFO ][2015-11-04 12:36:57,231][com.java.TestType] [  508] - row values are--------{1=com.java.Objects.TestDataDetails@68780f}
[INFO ][2015-11-04 12:36:57,231][com.java.TestType] [  456] -  str(1) = 1
[INFO ][2015-11-04 12:36:57,231][com.java.TestType] [  459] - Test case Id is---1
[INFO ][2015-11-04 12:36:57,231][com.java.TestType] [  461] - 1
[INFO ][2015-11-04 12:36:57,231][com.java.TestType] [  456] -  str(2) = 2
[INFO ][2015-11-04 12:36:57,232][com.java.TestType] [  508] - row values are--------{1=com.java.Objects.TestDataDetails@68780f, 2=com.java.Objects.TestDataDetails@615597}
[INFO ][2015-11-04 12:36:57,232][com.java.TestType] [  456] -  str(1) = 1
[INFO ][2015-11-04 12:36:57,233][com.java.TestType] [  459] - Test case Id is---1
[INFO ][2015-11-04 12:36:57,233][com.java.TestType] [  461] - 1
[INFO ][2015-11-04 12:36:57,233][com.java.TestType] [  456] -  str(2) = 3
[INFO ][2015-11-04 12:36:57,234][com.java.TestType] [  508] - row values are--------{1=com.java.Objects.TestDataDetails@68780f, 2=com.java.Objects.TestDataDetails@615597, 3=com.java.Objects.TestDataDetails@1706821}
[INFO ][2015-11-04 12:36:57,234][com.java.TestType] [  456] -  str(1) = 1
[INFO ][2015-11-04 12:36:57,234][com.java.TestType] [  459] - Test case Id is---1
[INFO ][2015-11-04 12:36:57,234][com.java.TestType] [  461] - 1
[INFO ][2015-11-04 12:36:57,234][com.java.TestType] [  456] -  str(2) = 4
[INFO ][2015-11-04 12:36:57,236][com.java.TestType] [  508] - row values are--------{1=com.java.Objects.TestDataDetails@68780f, 2=com.java.Objects.TestDataDetails@615597, 3=com.java.Objects.TestDataDetails@1706821, 4=com.java.Objects.TestDataDetails@1095dcb}
[INFO ][2015-11-04 12:36:57,236][com.java.TestType] [  456] -  str(1) = 1
[INFO ][2015-11-04 12:36:57,236][com.java.TestType] [  459] - Test case Id is---1
[INFO ][2015-11-04 12:36:57,236][com.java.TestType] [  461] - 1
[INFO ][2015-11-04 12:36:57,236][com.java.TestType] [  456] -  str(2) = 5
[INFO ][2015-11-04 12:36:57,237][com.java.TestType] [  508] - row values are--------{1=com.java.Objects.TestDataDetails@68780f, 2=com.java.Objects.TestDataDetails@615597, 3=com.java.Objects.TestDataDetails@1706821, 4=com.java.Objects.TestDataDetails@1095dcb, 5=com.java.Objects.TestDataDetails@169a85c}
[INFO ][2015-11-04 12:36:57,237][com.java.TestType] [  456] -  str(1) = 1
[INFO ][2015-11-04 12:36:57,237][com.java.TestType] [  459] - Test case Id is---1
[INFO ][2015-11-04 12:36:57,237][com.java.TestType] [  461] - 1
[INFO ][2015-11-04 12:36:57,237][com.java.TestType] [  456] -  str(2) = 6
[INFO ][2015-11-04 12:36:57,238][com.java.TestType] [  508] - row values are--------{1=com.java.Objects.TestDataDetails@68780f, 2=com.java.Objects.TestDataDetails@615597, 3=com.java.Objects.TestDataDetails@1706821, 4=com.java.Objects.TestDataDetails@1095dcb, 5=com.java.Objects.TestDataDetails@169a85c, 6=com.java.Objects.TestDataDetails@1a25917}
[INFO ][2015-11-04 12:36:57,238][com.java.TestType] [  456] -  str(1) = 1
[INFO ][2015-11-04 12:36:57,238][com.java.TestType] [  459] - Test case Id is---1
[INFO ][2015-11-04 12:36:57,239][com.java.TestType] [  461] - 1
[INFO ][2015-11-04 12:36:57,239][com.java.TestType] [  456] -  str(2) = 7
[INFO ][2015-11-04 12:36:57,240][com.java.TestType] [  508] - row values are--------{1=com.java.Objects.TestDataDetails@68780f, 2=com.java.Objects.TestDataDetails@615597, 3=com.java.Objects.TestDataDetails@1706821, 4=com.java.Objects.TestDataDetails@1095dcb, 5=com.java.Objects.TestDataDetails@169a85c, 6=com.java.Objects.TestDataDetails@1a25917, 7=com.java.Objects.TestDataDetails@28842f}
[INFO ][2015-11-04 12:36:57,240][com.java.TestType] [  456] -  str(1) = 1
[INFO ][2015-11-04 12:36:57,240][com.java.TestType] [  459] - Test case Id is---1
[INFO ][2015-11-04 12:36:57,240][com.java.TestType] [  461] - 1
[INFO ][2015-11-04 12:36:57,241][com.java.TestType] [  456] -  str(2) = 8
[INFO ][2015-11-04 12:36:57,241][com.java.TestType] [  508] - row values are--------{1=com.java.Objects.TestDataDetails@68780f, 2=com.java.Objects.TestDataDetails@615597, 3=com.java.Objects.TestDataDetails@1706821, 4=com.java.Objects.TestDataDetails@1095dcb, 5=com.java.Objects.TestDataDetails@169a85c, 6=com.java.Objects.TestDataDetails@1a25917, 7=com.java.Objects.TestDataDetails@28842f, 8=com.java.Objects.TestDataDetails@8c6997}
[INFO ][2015-11-04 12:36:57,241][com.java.TestType] [  456] -  str(1) = 1
[INFO ][2015-11-04 12:36:57,242][com.java.TestType] [  459] - Test case Id is---1
[INFO ][2015-11-04 12:36:57,242][com.java.TestType] [  461] - 1
[INFO ][2015-11-04 12:36:57,242][com.java.TestType] [  456] -  str(2) = 9
[INFO ][2015-11-04 12:36:57,242][com.java.TestType] [  508] - row values are--------{1=com.java.Objects.TestDataDetails@68780f, 2=com.java.Objects.TestDataDetails@615597, 3=com.java.Objects.TestDataDetails@1706821, 4=com.java.Objects.TestDataDetails@1095dcb, 5=com.java.Objects.TestDataDetails@169a85c, 6=com.java.Objects.TestDataDetails@1a25917, 7=com.java.Objects.TestDataDetails@28842f, 8=com.java.Objects.TestDataDetails@8c6997, 9=com.java.Objects.TestDataDetails@118b6e2}
[INFO ][2015-11-04 12:36:57,243][com.java.TestType] [  456] -  str(1) = 1
[INFO ][2015-11-04 12:36:57,243][com.java.TestType] [  459] - Test case Id is---1
[INFO ][2015-11-04 12:36:57,243][com.java.TestType] [  461] - 1
[INFO ][2015-11-04 12:36:57,243][com.java.TestType] [  456] -  str(2) = 10
[INFO ][2015-11-04 12:36:57,244][com.java.TestType] [  508] - row values are--------{1=com.java.Objects.TestDataDetails@68780f, 2=com.java.Objects.TestDataDetails@615597, 3=com.java.Objects.TestDataDetails@1706821, 4=com.java.Objects.TestDataDetails@1095dcb, 5=com.java.Objects.TestDataDetails@169a85c, 6=com.java.Objects.TestDataDetails@1a25917, 7=com.java.Objects.TestDataDetails@28842f, 8=com.java.Objects.TestDataDetails@8c6997, 9=com.java.Objects.TestDataDetails@118b6e2, 10=com.java.Objects.TestDataDetails@d7cb51}
[INFO ][2015-11-04 12:36:57,244][com.java.TestType] [  456] -  str(1) = 1
[INFO ][2015-11-04 12:36:57,244][com.java.TestType] [  459] - Test case Id is---1
[INFO ][2015-11-04 12:36:57,244][com.java.TestType] [  461] - 1
[INFO ][2015-11-04 12:36:57,244][com.java.TestType] [  456] -  str(2) = 11
[INFO ][2015-11-04 12:36:57,245][com.java.TestType] [  508] - row values are--------{1=com.java.Objects.TestDataDetails@68780f, 2=com.java.Objects.TestDataDetails@615597, 3=com.java.Objects.TestDataDetails@1706821, 4=com.java.Objects.TestDataDetails@1095dcb, 5=com.java.Objects.TestDataDetails@169a85c, 6=com.java.Objects.TestDataDetails@1a25917, 7=com.java.Objects.TestDataDetails@28842f, 8=com.java.Objects.TestDataDetails@8c6997, 9=com.java.Objects.TestDataDetails@118b6e2, 10=com.java.Objects.TestDataDetails@d7cb51, 11=com.java.Objects.TestDataDetails@131da31}
[INFO ][2015-11-04 12:36:57,245][com.java.TestType] [  456] -  str(1) = 1
[INFO ][2015-11-04 12:36:57,245][com.java.TestType] [  459] - Test case Id is---1
[INFO ][2015-11-04 12:36:57,245][com.java.TestType] [  461] - 1
[INFO ][2015-11-04 12:36:57,245][com.java.TestType] [  456] -  str(2) = 12
[INFO ][2015-11-04 12:36:57,246][com.java.TestType] [  508] - row values are--------{1=com.java.Objects.TestDataDetails@68780f, 2=com.java.Objects.TestDataDetails@615597, 3=com.java.Objects.TestDataDetails@1706821, 4=com.java.Objects.TestDataDetails@1095dcb, 5=com.java.Objects.TestDataDetails@169a85c, 6=com.java.Objects.TestDataDetails@1a25917, 7=com.java.Objects.TestDataDetails@28842f, 8=com.java.Objects.TestDataDetails@8c6997, 9=com.java.Objects.TestDataDetails@118b6e2, 10=com.java.Objects.TestDataDetails@d7cb51, 11=com.java.Objects.TestDataDetails@131da31, 12=com.java.Objects.TestDataDetails@1fc0cb0}
[INFO ][2015-11-04 12:36:57,246][com.java.TestType] [  456] -  str(1) = 1
[INFO ][2015-11-04 12:36:57,246][com.java.TestType] [  459] - Test case Id is---1
[INFO ][2015-11-04 12:36:57,246][com.java.TestType] [  461] - 1
[INFO ][2015-11-04 12:36:57,246][com.java.TestType] [  456] -  str(2) = 13
[INFO ][2015-11-04 12:36:57,247][com.java.TestType] [  508] - row values are--------{1=com.java.Objects.TestDataDetails@68780f, 2=com.java.Objects.TestDataDetails@615597, 3=com.java.Objects.TestDataDetails@1706821, 4=com.java.Objects.TestDataDetails@1095dcb, 5=com.java.Objects.TestDataDetails@169a85c, 6=com.java.Objects.TestDataDetails@1a25917, 7=com.java.Objects.TestDataDetails@28842f, 8=com.java.Objects.TestDataDetails@8c6997, 9=com.java.Objects.TestDataDetails@118b6e2, 10=com.java.Objects.TestDataDetails@d7cb51, 11=com.java.Objects.TestDataDetails@131da31, 12=com.java.Objects.TestDataDetails@1fc0cb0, 13=com.java.Objects.TestDataDetails@1183515}
[INFO ][2015-11-04 12:36:57,247][com.java.TestType] [  456] -  str(1) = 1
[INFO ][2015-11-04 12:36:57,247][com.java.TestType] [  459] - Test case Id is---1
[INFO ][2015-11-04 12:36:57,247][com.java.TestType] [  461] - 1
[INFO ][2015-11-04 12:36:57,247][com.java.TestType] [  456] -  str(2) = 14
[INFO ][2015-11-04 12:36:57,249][com.java.TestType] [  508] - row values are--------{1=com.java.Objects.TestDataDetails@68780f, 2=com.java.Objects.TestDataDetails@615597, 3=com.java.Objects.TestDataDetails@1706821, 4=com.java.Objects.TestDataDetails@1095dcb, 5=com.java.Objects.TestDataDetails@169a85c, 6=com.java.Objects.TestDataDetails@1a25917, 7=com.java.Objects.TestDataDetails@28842f, 8=com.java.Objects.TestDataDetails@8c6997, 9=com.java.Objects.TestDataDetails@118b6e2, 10=com.java.Objects.TestDataDetails@d7cb51, 11=com.java.Objects.TestDataDetails@131da31, 12=com.java.Objects.TestDataDetails@1fc0cb0, 13=com.java.Objects.TestDataDetails@1183515, 14=com.java.Objects.TestDataDetails@997b5c}
[INFO ][2015-11-04 12:36:57,250][com.java.TestType] [ 7899] - Looping 1TCID = 1
[DEBUG][2015-11-04 12:36:57,250][com.java.TestType] [ 7940] - Concept ID:1 :: Step being Executed: 1::1
[INFO ][2015-11-04 12:36:57,250][com.java.TestType] [ 7978] - dataFields : TXTusername
[DEBUG][2015-11-04 12:36:57,250][com.java.TestType] [ 7984] - <In Set values of the page>
[DEBUG][2015-11-04 12:36:57,250][com.java.TestType] [ 7989] - {Data Fields & Data Values Exist}
[INFO ][2015-11-04 12:36:57,250][com.java.TestType] [ 7995] - --------------------------setting values-----------------------------
[INFO ][2015-11-04 12:36:57,250][com.java.TestType] [ 7998] - Action Type : CLEARANDENTER
[INFO ][2015-11-04 12:36:57,250][com.java.TestType] [ 3750] - value = valuelabs.ie11.33527
[INFO ][2015-11-04 12:37:02,114][com.java.TestType] [ 8017] -  RESULT true
[INFO ][2015-11-04 12:37:02,114][com.java.TestType] [ 8134] - ?   P A S S   ?
[DEBUG][2015-11-04 12:37:02,114][com.java.TestType] [ 7940] - Concept ID:1 :: Step being Executed: 1::2
[INFO ][2015-11-04 12:37:02,114][com.java.TestType] [ 7978] - dataFields : TXTpassword
[DEBUG][2015-11-04 12:37:02,114][com.java.TestType] [ 7984] - <In Set values of the page>
[DEBUG][2015-11-04 12:37:02,114][com.java.TestType] [ 7989] - {Data Fields & Data Values Exist}
[INFO ][2015-11-04 12:37:02,115][com.java.TestType] [ 7995] - --------------------------setting values-----------------------------
[INFO ][2015-11-04 12:37:02,115][com.java.TestType] [ 7998] - Action Type : CLEARANDENTER
[INFO ][2015-11-04 12:37:02,115][com.java.TestType] [ 3750] - value = Password1*
[INFO ][2015-11-04 12:37:07,031][com.java.TestType] [ 8017] -  RESULT true
[INFO ][2015-11-04 12:37:07,031][com.java.TestType] [ 8134] - ?   P A S S   ?
[DEBUG][2015-11-04 12:37:07,031][com.java.TestType] [ 7940] - Concept ID:1 :: Step being Executed: 1::3
[ERROR][2015-11-04 12:37:07,031][com.java.TestType] [ 7973] - Exception: null
[INFO ][2015-11-04 12:37:07,031][com.java.TestType] [ 7978] - dataFields : XPH//button[@type='submit']
[DEBUG][2015-11-04 12:37:07,032][com.java.TestType] [ 7984] - <In Set values of the page>
[DEBUG][2015-11-04 12:37:07,032][com.java.TestType] [ 7989] - {Data Fields & Data Values Exist}
[INFO ][2015-11-04 12:37:07,032][com.java.TestType] [ 7995] - --------------------------setting values-----------------------------
[INFO ][2015-11-04 12:37:07,032][com.java.TestType] [ 7998] - Action Type : Click
[INFO ][2015-11-04 12:37:07,032][com.java.TestType] [ 4063] - Field ::XPH//button[@type='submit']
[INFO ][2015-11-04 12:37:08,032][com.java.TestType] [ 4122] - BEFORE CLICK
[INFO ][2015-11-04 12:37:08,892][com.java.TestType] [ 4130] - Unable to click the object Login
[INFO ][2015-11-04 12:37:08,892][com.java.TestType] [ 8017] -  RESULT true
[INFO ][2015-11-04 12:37:08,892][com.java.TestType] [ 8134] - ?   P A S S   ?
[DEBUG][2015-11-04 12:37:08,892][com.java.TestType] [ 7940] - Concept ID:1 :: Step being Executed: 1::4
[INFO ][2015-11-04 12:37:08,892][com.java.TestType] [ 7978] - dataFields : LNKLogout
[DEBUG][2015-11-04 12:37:08,892][com.java.TestType] [ 7984] - <In Set values of the page>
[DEBUG][2015-11-04 12:37:08,892][com.java.TestType] [ 7989] - {Data Fields & Data Values Exist}
[INFO ][2015-11-04 12:37:08,892][com.java.TestType] [ 7995] - --------------------------setting values-----------------------------
[INFO ][2015-11-04 12:37:08,892][com.java.TestType] [ 7998] - Action Type : WaitForElement
[INFO ][2015-11-04 12:37:21,065][com.java.TestType] [ 8017] -  RESULT true
[INFO ][2015-11-04 12:37:21,065][com.java.TestType] [ 8134] - ?   P A S S   ?
[DEBUG][2015-11-04 12:37:21,065][com.java.TestType] [ 7940] - Concept ID:1 :: Step being Executed: 1::13
[INFO ][2015-11-04 12:37:21,065][com.java.TestType] [ 7978] - dataFields : LNK
[DEBUG][2015-11-04 12:37:21,065][com.java.TestType] [ 7984] - <In Set values of the page>
[DEBUG][2015-11-04 12:37:21,065][com.java.TestType] [ 7989] - {Data Fields & Data Values Exist}
[INFO ][2015-11-04 12:37:21,065][com.java.TestType] [ 7995] - --------------------------setting values-----------------------------
[INFO ][2015-11-04 12:37:21,066][com.java.TestType] [ 7998] - Action Type : Verify
[INFO ][2015-11-04 12:37:21,066][com.java.TestType] [ 4876] - field= LNK value= Logout
[INFO ][2015-11-04 12:37:21,066][com.java.TestType] [ 3750] - value = Logout
[INFO ][2015-11-04 12:37:21,103][com.java.TestType] [ 8017] -  RESULT true
[INFO ][2015-11-04 12:37:21,103][com.java.TestType] [ 8134] - ?   P A S S   ?
[DEBUG][2015-11-04 12:37:21,103][com.java.TestType] [ 7940] - Concept ID:1 :: Step being Executed: 1::14
[INFO ][2015-11-04 12:37:21,103][com.java.TestType] [ 7978] - dataFields : BTN
[DEBUG][2015-11-04 12:37:21,103][com.java.TestType] [ 7984] - <In Set values of the page>
[DEBUG][2015-11-04 12:37:21,103][com.java.TestType] [ 7989] - {Data Fields & Data Values Exist}
[INFO ][2015-11-04 12:37:21,103][com.java.TestType] [ 7995] - --------------------------setting values-----------------------------
[INFO ][2015-11-04 12:37:21,103][com.java.TestType] [ 7998] - Action Type : Verify
[INFO ][2015-11-04 12:37:21,103][com.java.TestType] [ 4876] - field= BTN value= //img[contains(@src,'bdlogo.jpg')]
[INFO ][2015-11-04 12:37:21,103][com.java.TestType] [ 3750] - value = //img[contains(@src,'bdlogo.jpg')]
[INFO ][2015-11-04 12:37:21,137][com.java.TestType] [ 8017] -  RESULT true
[INFO ][2015-11-04 12:37:21,137][com.java.TestType] [ 8134] - ?   P A S S   ?
[INFO ][2015-11-04 12:37:21,137][com.java.TestType] [ 8205] - Looping End......
[INFO ][2015-11-04 12:37:21,142][com.java.SeleniumDriver] [  861] -  RESULT true
[INFO ][2015-11-04 12:37:21,142][com.java.SeleniumDriver] [ 1066] - ?   P A S S   ?
[INFO ][2015-11-04 12:37:21,142][com.java.SeleniumDriver] [  788] - ------------------------------------------
[INFO ][2015-11-04 12:37:21,142][com.java.SeleniumDriver] [  789] - Test case being Executed: 1
[INFO ][2015-11-04 12:37:21,142][com.java.SeleniumDriver] [  800] - Test step:2
[INFO ][2015-11-04 12:37:21,142][com.java.SeleniumDriver] [  812] - Datavalue is----------Concept#2:1-2
[INFO ][2015-11-04 12:37:21,142][com.java.SeleniumDriver] [  836] - DataField : test
[INFO ][2015-11-04 12:37:21,142][com.java.SeleniumDriver] [  838] - DataValue : Concept#2:1-2
[INFO ][2015-11-04 12:37:21,143][com.java.SeleniumDriver] [  844] - <In Set values of the page>
[INFO ][2015-11-04 12:37:21,143][com.java.SeleniumDriver] [  847] - {Data Fields & Data Values Exist}
[INFO ][2015-11-04 12:37:21,143][com.java.SeleniumDriver] [  849] - --------------------------setting values-----------------------------
[INFO ][2015-11-04 12:37:21,143][com.java.SeleniumDriver] [  852] - Action Type : ExecuteTestCase
[INFO ][2015-11-04 12:37:21,143][com.java.TestType] [  411] - The Concept sheet name is ---------- Concept
[INFO ][2015-11-04 12:37:21,143][com.java.TestType] [  414] - The Concept ID  is ---------- 2
[DEBUG][2015-11-04 12:37:21,143][com.java.TestType] [  418] - Steps being executted in the Concept are: 1:2
[INFO ][2015-11-04 12:37:21,144][com.java.TestType] [  425] - Test data details path ---------- D:\BankersDashboard\TestInputs\TestData.xls
[INFO ][2015-11-04 12:37:21,173][com.java.TestType] [  456] -  str(1) = 2
[INFO ][2015-11-04 12:37:21,173][com.java.TestType] [  459] - Test case Id is---2
[INFO ][2015-11-04 12:37:21,173][com.java.TestType] [  461] - 2
[INFO ][2015-11-04 12:37:21,173][com.java.TestType] [  456] -  str(2) = 1
[INFO ][2015-11-04 12:37:21,175][com.java.TestType] [  508] - row values are--------{1=com.java.Objects.TestDataDetails@144d7f2}
[INFO ][2015-11-04 12:37:21,175][com.java.TestType] [  456] -  str(1) = 2
[INFO ][2015-11-04 12:37:21,175][com.java.TestType] [  459] - Test case Id is---2
[INFO ][2015-11-04 12:37:21,175][com.java.TestType] [  461] - 2
[INFO ][2015-11-04 12:37:21,175][com.java.TestType] [  456] -  str(2) = 2
[INFO ][2015-11-04 12:37:21,176][com.java.TestType] [  508] - row values are--------{1=com.java.Objects.TestDataDetails@144d7f2, 2=com.java.Objects.TestDataDetails@1e2e969}
[INFO ][2015-11-04 12:37:21,176][com.java.TestType] [  456] -  str(1) = 2
[INFO ][2015-11-04 12:37:21,176][com.java.TestType] [  459] - Test case Id is---2
[INFO ][2015-11-04 12:37:21,176][com.java.TestType] [  461] - 2
[INFO ][2015-11-04 12:37:21,176][com.java.TestType] [  456] -  str(2) = 3
[INFO ][2015-11-04 12:37:21,177][com.java.TestType] [  508] - row values are--------{1=com.java.Objects.TestDataDetails@144d7f2, 2=com.java.Objects.TestDataDetails@1e2e969, 3=com.java.Objects.TestDataDetails@16f8062}
[INFO ][2015-11-04 12:37:21,177][com.java.TestType] [ 7899] - Looping 1TCID = 2
[DEBUG][2015-11-04 12:37:21,177][com.java.TestType] [ 7940] - Concept ID:2 :: Step being Executed: 2::1
[INFO ][2015-11-04 12:37:21,177][com.java.TestType] [ 7978] - dataFields : BNK//select[@id='bank']
[DEBUG][2015-11-04 12:37:21,177][com.java.TestType] [ 7984] - <In Set values of the page>
[DEBUG][2015-11-04 12:37:21,178][com.java.TestType] [ 7989] - {Data Fields & Data Values Exist}
[INFO ][2015-11-04 12:37:21,178][com.java.TestType] [ 7995] - --------------------------setting values-----------------------------
[INFO ][2015-11-04 12:37:21,178][com.java.TestType] [ 7998] - Action Type : Select
[INFO ][2015-11-04 12:37:21,178][com.java.TestType] [ 3750] - value = PFC
[INFO ][2015-11-04 12:37:21,385][com.java.TestType] [ 8017] -  RESULT true
[INFO ][2015-11-04 12:37:21,385][com.java.TestType] [ 8134] - ?   P A S S   ?
[DEBUG][2015-11-04 12:37:21,385][com.java.TestType] [ 7940] - Concept ID:2 :: Step being Executed: 2::2
[INFO ][2015-11-04 12:37:21,385][com.java.TestType] [ 7978] - dataFields : LNKLogout
[DEBUG][2015-11-04 12:37:21,385][com.java.TestType] [ 7984] - <In Set values of the page>
[DEBUG][2015-11-04 12:37:21,385][com.java.TestType] [ 7989] - {Data Fields & Data Values Exist}
[INFO ][2015-11-04 12:37:21,385][com.java.TestType] [ 7995] - --------------------------setting values-----------------------------
[INFO ][2015-11-04 12:37:21,385][com.java.TestType] [ 7998] - Action Type : WaitTime
[DEBUG][2015-11-04 12:37:21,386][com.java.TestType] [ 3654] - sleepTime: 5000
[INFO ][2015-11-04 12:37:26,386][com.java.TestType] [ 8017] -  RESULT true
[INFO ][2015-11-04 12:37:26,386][com.java.TestType] [ 8134] - ?   P A S S   ?
[INFO ][2015-11-04 12:37:26,386][com.java.TestType] [ 8205] - Looping End......
[INFO ][2015-11-04 12:37:26,390][com.java.SeleniumDriver] [  861] -  RESULT true
[INFO ][2015-11-04 12:37:26,390][com.java.SeleniumDriver] [ 1066] - ?   P A S S   ?
[INFO ][2015-11-04 12:37:26,390][com.java.SeleniumDriver] [  788] - ------------------------------------------
[INFO ][2015-11-04 12:37:26,390][com.java.SeleniumDriver] [  789] - Test case being Executed: 1
[INFO ][2015-11-04 12:37:26,390][com.java.SeleniumDriver] [  800] - Test step:3
[INFO ][2015-11-04 12:37:26,391][com.java.SeleniumDriver] [  812] - Datavalue is----------2
[INFO ][2015-11-04 12:37:26,391][com.java.SeleniumDriver] [  836] - DataField : XPH//button[contains(text(),'Add Content')]
[INFO ][2015-11-04 12:37:26,391][com.java.SeleniumDriver] [  838] - DataValue : 2
[INFO ][2015-11-04 12:37:26,391][com.java.SeleniumDriver] [  844] - <In Set values of the page>
[INFO ][2015-11-04 12:37:26,391][com.java.SeleniumDriver] [  847] - {Data Fields & Data Values Exist}
[INFO ][2015-11-04 12:37:26,391][com.java.SeleniumDriver] [  849] - --------------------------setting values-----------------------------
[INFO ][2015-11-04 12:37:26,391][com.java.SeleniumDriver] [  852] - Action Type : WAITFORELEMENT
[INFO ][2015-11-04 12:37:26,424][com.java.SeleniumDriver] [  861] -  RESULT true
[INFO ][2015-11-04 12:37:26,424][com.java.SeleniumDriver] [ 1066] - ?   P A S S   ?
[DEBUG][2015-11-04 12:37:26,424][com.java.SeleniumDriver] [ 1168] - Case found
[DEBUG][2015-11-04 12:37:26,424][com.java.SeleniumDriver] [ 1173] - Incrementing ReportCounters[0]:1
[INFO ][2015-11-04 12:37:26,424][com.java.SeleniumDriver] [ 1192] - The results are-------------------[1, 1, Valid Login, Pass, , Wed Nov 04 12:37:21 IST 2015, 1, 2, Valid Login, Pass, , Wed Nov 04 12:37:26 IST 2015, 1, 3, Valid Login, Pass, , Wed Nov 04 12:37:26 IST 2015]
[INFO ][2015-11-04 12:37:26,424][com.java.SeleniumDriver] [ 1196] - End time is-------54 sec
[INFO ][2015-11-04 12:37:26,425][com.java.SeleniumDriver] [ 1197] - The results are-------------------[1, 1, Valid Login, Pass, , Wed Nov 04 12:37:21 IST 2015, 1, 2, Valid Login, Pass, , Wed Nov 04 12:37:26 IST 2015, 1, 3, Valid Login, Pass, , Wed Nov 04 12:37:26 IST 2015]
[DEBUG][2015-11-04 12:37:26,425][com.java.ImportnExport.ExportTestResultsExcel] [  222] - testResultPath = D:\BankersDashboard/TestReports/Test Results_BankersDashBoard_110415_123634_IE11_Bank of North Carolina.xls
[DEBUG][2015-11-04 12:37:26,425][com.java.ImportnExport.ExportTestResultsExcel] [  223] - browser is------------IE11
[DEBUG][2015-11-04 12:37:26,467][com.java.ImportnExport.ExportTestResultsExcel] [  270] - result.size() = 18
[DEBUG][2015-11-04 12:37:26,467][com.java.ImportnExport.ExportTestResultsExcel] [  274] - No of rows in sheet=1
[DEBUG][2015-11-04 12:37:26,467][com.java.ImportnExport.ExportTestResultsExcel] [  301] - ..in export..1
[DEBUG][2015-11-04 12:37:26,468][com.java.ImportnExport.ExportTestResultsExcel] [  301] - ..in export..Valid Login
[DEBUG][2015-11-04 12:37:26,468][com.java.ImportnExport.ExportTestResultsExcel] [  301] - ..in export..Pass
[DEBUG][2015-11-04 12:37:26,468][com.java.ImportnExport.ExportTestResultsExcel] [  301] - ..in export..
[DEBUG][2015-11-04 12:37:26,468][com.java.ImportnExport.ExportTestResultsExcel] [  301] - ..in export..Wed Nov 04 12:37:21 IST 2015
[INFO ][2015-11-04 12:37:26,469][com.java.SeleniumDriver] [ 1255] - out loop:0 size:2 TestCases:[1, 2] testcases:[1, 2]
[INFO ][2015-11-04 12:37:26,469][com.java.ImportnExport.ImportTestDataDetailsExcel] [   49] - test data details path===== D:\BankersDashboard\TestInputs\TestData.xls
[INFO ][2015-11-04 12:37:44,031][com.java.SeleniumDriver] [  788] - ------------------------------------------
[INFO ][2015-11-04 12:37:44,031][com.java.SeleniumDriver] [  789] - Test case being Executed: 2
[INFO ][2015-11-04 12:37:44,031][com.java.SeleniumDriver] [  800] - Test step:1
[INFO ][2015-11-04 12:37:44,031][com.java.SeleniumDriver] [  812] - Datavalue is----------Logout
[INFO ][2015-11-04 12:37:44,031][com.java.SeleniumDriver] [  836] - DataField : BTN
[INFO ][2015-11-04 12:37:44,031][com.java.SeleniumDriver] [  838] - DataValue : Logout
[INFO ][2015-11-04 12:37:44,031][com.java.SeleniumDriver] [  844] - <In Set values of the page>
[INFO ][2015-11-04 12:37:44,031][com.java.SeleniumDriver] [  847] - {Data Fields & Data Values Exist}
[INFO ][2015-11-04 12:37:44,031][com.java.SeleniumDriver] [  849] - --------------------------setting values-----------------------------
[INFO ][2015-11-04 12:37:44,031][com.java.SeleniumDriver] [  852] - Action Type : Verify
[INFO ][2015-11-04 12:37:44,031][com.java.TestType] [ 4876] - field= BTN value= Logout
[INFO ][2015-11-04 12:37:44,031][com.java.TestType] [ 3750] - value = Logout
[INFO ][2015-11-04 12:37:44,065][com.java.SeleniumDriver] [  861] -  RESULT true
[INFO ][2015-11-04 12:37:44,065][com.java.SeleniumDriver] [ 1066] - ?   P A S S   ?
[INFO ][2015-11-04 12:37:44,065][com.java.SeleniumDriver] [ 1108] - step change to 3
[INFO ][2015-11-04 12:37:44,065][com.java.SeleniumDriver] [  788] - ------------------------------------------
[INFO ][2015-11-04 12:37:44,066][com.java.SeleniumDriver] [  789] - Test case being Executed: 2
[INFO ][2015-11-04 12:37:44,066][com.java.SeleniumDriver] [  800] - Test step:3
[INFO ][2015-11-04 12:37:44,066][com.java.SeleniumDriver] [  812] - Datavalue is----------Concept#2:1-2
[INFO ][2015-11-04 12:37:44,066][com.java.SeleniumDriver] [  836] - DataField : test
[INFO ][2015-11-04 12:37:44,066][com.java.SeleniumDriver] [  838] - DataValue : Concept#2:1-2
[INFO ][2015-11-04 12:37:44,066][com.java.SeleniumDriver] [  844] - <In Set values of the page>
[INFO ][2015-11-04 12:37:44,066][com.java.SeleniumDriver] [  847] - {Data Fields & Data Values Exist}
[INFO ][2015-11-04 12:37:44,066][com.java.SeleniumDriver] [  849] - --------------------------setting values-----------------------------
[INFO ][2015-11-04 12:37:44,066][com.java.SeleniumDriver] [  852] - Action Type : ExecuteTestCase
[INFO ][2015-11-04 12:37:44,066][com.java.TestType] [  411] - The Concept sheet name is ---------- Concept
[INFO ][2015-11-04 12:37:44,066][com.java.TestType] [  414] - The Concept ID  is ---------- 2
[DEBUG][2015-11-04 12:37:44,066][com.java.TestType] [  418] - Steps being executted in the Concept are: 1:2
[INFO ][2015-11-04 12:37:44,066][com.java.TestType] [  425] - Test data details path ---------- D:\BankersDashboard\TestInputs\TestData.xls
[INFO ][2015-11-04 12:37:44,096][com.java.TestType] [  456] -  str(1) = 2
[INFO ][2015-11-04 12:37:44,096][com.java.TestType] [  459] - Test case Id is---2
[INFO ][2015-11-04 12:37:44,096][com.java.TestType] [  461] - 2
[INFO ][2015-11-04 12:37:44,096][com.java.TestType] [  456] -  str(2) = 1
[INFO ][2015-11-04 12:37:44,098][com.java.TestType] [  508] - row values are--------{1=com.java.Objects.TestDataDetails@1a865ba}
[INFO ][2015-11-04 12:37:44,098][com.java.TestType] [  456] -  str(1) = 2
[INFO ][2015-11-04 12:37:44,098][com.java.TestType] [  459] - Test case Id is---2
[INFO ][2015-11-04 12:37:44,098][com.java.TestType] [  461] - 2
[INFO ][2015-11-04 12:37:44,098][com.java.TestType] [  456] -  str(2) = 2
[INFO ][2015-11-04 12:37:44,098][com.java.TestType] [  508] - row values are--------{1=com.java.Objects.TestDataDetails@1a865ba, 2=com.java.Objects.TestDataDetails@14d49de}
[INFO ][2015-11-04 12:37:44,098][com.java.TestType] [  456] -  str(1) = 2
[INFO ][2015-11-04 12:37:44,099][com.java.TestType] [  459] - Test case Id is---2
[INFO ][2015-11-04 12:37:44,099][com.java.TestType] [  461] - 2
[INFO ][2015-11-04 12:37:44,099][com.java.TestType] [  456] -  str(2) = 3
[INFO ][2015-11-04 12:37:44,099][com.java.TestType] [  508] - row values are--------{1=com.java.Objects.TestDataDetails@1a865ba, 2=com.java.Objects.TestDataDetails@14d49de, 3=com.java.Objects.TestDataDetails@15756b8}
[INFO ][2015-11-04 12:37:44,099][com.java.TestType] [ 7899] - Looping 1TCID = 2
[DEBUG][2015-11-04 12:37:44,099][com.java.TestType] [ 7940] - Concept ID:2 :: Step being Executed: 2::1
[INFO ][2015-11-04 12:37:44,100][com.java.TestType] [ 7978] - dataFields : BNK//select[@id='bank']
[DEBUG][2015-11-04 12:37:44,100][com.java.TestType] [ 7984] - <In Set values of the page>
[DEBUG][2015-11-04 12:37:44,100][com.java.TestType] [ 7989] - {Data Fields & Data Values Exist}
[INFO ][2015-11-04 12:37:44,100][com.java.TestType] [ 7995] - --------------------------setting values-----------------------------
[INFO ][2015-11-04 12:37:44,101][com.java.TestType] [ 7998] - Action Type : Select
[INFO ][2015-11-04 12:37:44,101][com.java.TestType] [ 3750] - value = PFC
[INFO ][2015-11-04 12:37:44,310][com.java.TestType] [ 8017] -  RESULT true
[INFO ][2015-11-04 12:37:44,310][com.java.TestType] [ 8134] - ?   P A S S   ?
[DEBUG][2015-11-04 12:37:44,310][com.java.TestType] [ 7940] - Concept ID:2 :: Step being Executed: 2::2
[INFO ][2015-11-04 12:37:44,310][com.java.TestType] [ 7978] - dataFields : LNKLogout
[DEBUG][2015-11-04 12:37:44,310][com.java.TestType] [ 7984] - <In Set values of the page>
[DEBUG][2015-11-04 12:37:44,310][com.java.TestType] [ 7989] - {Data Fields & Data Values Exist}
[INFO ][2015-11-04 12:37:44,310][com.java.TestType] [ 7995] - --------------------------setting values-----------------------------
[INFO ][2015-11-04 12:37:44,310][com.java.TestType] [ 7998] - Action Type : WaitTime
[DEBUG][2015-11-04 12:37:44,311][com.java.TestType] [ 3654] - sleepTime: 5000
[INFO ][2015-11-04 12:37:49,311][com.java.TestType] [ 8017] -  RESULT true
[INFO ][2015-11-04 12:37:49,311][com.java.TestType] [ 8134] - ?   P A S S   ?
[INFO ][2015-11-04 12:37:49,311][com.java.TestType] [ 8205] - Looping End......
[INFO ][2015-11-04 12:37:49,315][com.java.SeleniumDriver] [  861] -  RESULT true
[INFO ][2015-11-04 12:37:49,315][com.java.SeleniumDriver] [ 1066] - ?   P A S S   ?
[INFO ][2015-11-04 12:37:49,315][com.java.SeleniumDriver] [  788] - ------------------------------------------
[INFO ][2015-11-04 12:37:49,315][com.java.SeleniumDriver] [  789] - Test case being Executed: 2
[INFO ][2015-11-04 12:37:49,315][com.java.SeleniumDriver] [  800] - Test step:4
[INFO ][2015-11-04 12:37:49,315][com.java.SeleniumDriver] [  812] - Datavalue is----------null
[DEBUG][2015-11-04 12:37:49,315][com.java.SeleniumDriver] [  830] - Exception: null
[INFO ][2015-11-04 12:37:49,315][com.java.SeleniumDriver] [  836] - DataField : //span[@class='icon-stack']&&//ul[@id='ReportPackages']/li[2]/a
[INFO ][2015-11-04 12:37:49,315][com.java.SeleniumDriver] [  838] - DataValue : 
[INFO ][2015-11-04 12:37:49,315][com.java.SeleniumDriver] [  844] - <In Set values of the page>
[INFO ][2015-11-04 12:37:49,315][com.java.SeleniumDriver] [  847] - {Data Fields & Data Values Exist}
[INFO ][2015-11-04 12:37:49,315][com.java.SeleniumDriver] [  849] - --------------------------setting values-----------------------------
[INFO ][2015-11-04 12:37:49,315][com.java.SeleniumDriver] [  852] - Action Type : MOUSEOVER
[INFO ][2015-11-04 12:37:58,924][com.java.SeleniumDriver] [  861] -  RESULT true
[INFO ][2015-11-04 12:37:58,924][com.java.SeleniumDriver] [ 1066] - ?   P A S S   ?
[INFO ][2015-11-04 12:37:58,924][com.java.SeleniumDriver] [  788] - ------------------------------------------
[INFO ][2015-11-04 12:37:58,924][com.java.SeleniumDriver] [  789] - Test case being Executed: 2
[INFO ][2015-11-04 12:37:58,924][com.java.SeleniumDriver] [  800] - Test step:5
[INFO ][2015-11-04 12:37:58,925][com.java.SeleniumDriver] [  812] - Datavalue is----------3
[INFO ][2015-11-04 12:37:58,925][com.java.SeleniumDriver] [  836] - DataField : BTNdivHelpText
[INFO ][2015-11-04 12:37:58,925][com.java.SeleniumDriver] [  838] - DataValue : 3
[INFO ][2015-11-04 12:37:58,925][com.java.SeleniumDriver] [  844] - <In Set values of the page>
[INFO ][2015-11-04 12:37:58,925][com.java.SeleniumDriver] [  847] - {Data Fields & Data Values Exist}
[INFO ][2015-11-04 12:37:58,925][com.java.SeleniumDriver] [  849] - --------------------------setting values-----------------------------
[INFO ][2015-11-04 12:37:58,925][com.java.SeleniumDriver] [  852] - Action Type : WAITFORELEMENT
[INFO ][2015-11-04 12:38:00,144][com.java.SeleniumDriver] [  861] -  RESULT true
[INFO ][2015-11-04 12:38:00,144][com.java.SeleniumDriver] [ 1066] - ?   P A S S   ?
[INFO ][2015-11-04 12:38:00,144][com.java.SeleniumDriver] [  788] - ------------------------------------------
[INFO ][2015-11-04 12:38:00,144][com.java.SeleniumDriver] [  789] - Test case being Executed: 2
[INFO ][2015-11-04 12:38:00,144][com.java.SeleniumDriver] [  800] - Test step:6
[INFO ][2015-11-04 12:38:00,144][com.java.SeleniumDriver] [  812] - Datavalue is----------null
[DEBUG][2015-11-04 12:38:00,144][com.java.SeleniumDriver] [  830] - Exception: null
[INFO ][2015-11-04 12:38:00,145][com.java.SeleniumDriver] [  836] - DataField : BTNframeDialogContent
[INFO ][2015-11-04 12:38:00,145][com.java.SeleniumDriver] [  838] - DataValue : 
[INFO ][2015-11-04 12:38:00,145][com.java.SeleniumDriver] [  844] - <In Set values of the page>
[INFO ][2015-11-04 12:38:00,145][com.java.SeleniumDriver] [  847] - {Data Fields & Data Values Exist}
[INFO ][2015-11-04 12:38:00,145][com.java.SeleniumDriver] [  849] - --------------------------setting values-----------------------------
[INFO ][2015-11-04 12:38:00,145][com.java.SeleniumDriver] [  852] - Action Type : SELECTFRAME
[INFO ][2015-11-04 12:38:01,403][com.java.SeleniumDriver] [  861] -  RESULT true
[INFO ][2015-11-04 12:38:01,403][com.java.SeleniumDriver] [ 1066] - ?   P A S S   ?
[INFO ][2015-11-04 12:38:01,403][com.java.SeleniumDriver] [  788] - ------------------------------------------
[INFO ][2015-11-04 12:38:01,403][com.java.SeleniumDriver] [  789] - Test case being Executed: 2
[INFO ][2015-11-04 12:38:01,403][com.java.SeleniumDriver] [  800] - Test step:7
[INFO ][2015-11-04 12:38:01,403][com.java.SeleniumDriver] [  812] - Datavalue is----------//div[@class='ui-widget-content']/div/button
[INFO ][2015-11-04 12:38:01,403][com.java.SeleniumDriver] [  836] - DataField : BTN
[INFO ][2015-11-04 12:38:01,403][com.java.SeleniumDriver] [  838] - DataValue : //div[@class='ui-widget-content']/div/button
[INFO ][2015-11-04 12:38:01,403][com.java.SeleniumDriver] [  844] - <In Set values of the page>
[INFO ][2015-11-04 12:38:01,403][com.java.SeleniumDriver] [  847] - {Data Fields & Data Values Exist}
[INFO ][2015-11-04 12:38:01,403][com.java.SeleniumDriver] [  849] - --------------------------setting values-----------------------------
[INFO ][2015-11-04 12:38:01,403][com.java.SeleniumDriver] [  852] - Action Type : VERIFY
[INFO ][2015-11-04 12:38:01,404][com.java.TestType] [ 4876] - field= BTN value= //div[@class='ui-widget-content']/div/button
[INFO ][2015-11-04 12:38:01,404][com.java.TestType] [ 3750] - value = //div[@class='ui-widget-content']/div/button
[INFO ][2015-11-04 12:38:01,446][com.java.SeleniumDriver] [  861] -  RESULT true
[INFO ][2015-11-04 12:38:01,446][com.java.SeleniumDriver] [ 1066] - ?   P A S S   ?
[INFO ][2015-11-04 12:38:01,446][com.java.SeleniumDriver] [  788] - ------------------------------------------
[INFO ][2015-11-04 12:38:01,446][com.java.SeleniumDriver] [  789] - Test case being Executed: 2
[INFO ][2015-11-04 12:38:01,446][com.java.SeleniumDriver] [  800] - Test step:8
[INFO ][2015-11-04 12:38:01,446][com.java.SeleniumDriver] [  812] - Datavalue is----------3
[INFO ][2015-11-04 12:38:01,446][com.java.SeleniumDriver] [  836] - DataField : XPH//span[@class='glyphicon glyphicon-plus']
[INFO ][2015-11-04 12:38:01,446][com.java.SeleniumDriver] [  838] - DataValue : 3
[INFO ][2015-11-04 12:38:01,446][com.java.SeleniumDriver] [  844] - <In Set values of the page>
[INFO ][2015-11-04 12:38:01,446][com.java.SeleniumDriver] [  847] - {Data Fields & Data Values Exist}
[INFO ][2015-11-04 12:38:01,447][com.java.SeleniumDriver] [  849] - --------------------------setting values-----------------------------
[INFO ][2015-11-04 12:38:01,448][com.java.SeleniumDriver] [  852] - Action Type : WAITFORELEMENT
[INFO ][2015-11-04 12:38:01,471][com.java.SeleniumDriver] [  861] -  RESULT true
[INFO ][2015-11-04 12:38:01,471][com.java.SeleniumDriver] [ 1066] - ?   P A S S   ?
[INFO ][2015-11-04 12:38:01,471][com.java.SeleniumDriver] [  788] - ------------------------------------------
[INFO ][2015-11-04 12:38:01,471][com.java.SeleniumDriver] [  789] - Test case being Executed: 2
[INFO ][2015-11-04 12:38:01,471][com.java.SeleniumDriver] [  800] - Test step:9
[INFO ][2015-11-04 12:38:01,471][com.java.SeleniumDriver] [  812] - Datavalue is----------null
[DEBUG][2015-11-04 12:38:01,471][com.java.SeleniumDriver] [  830] - Exception: null
[INFO ][2015-11-04 12:38:01,471][com.java.SeleniumDriver] [  836] - DataField : XPH//span[@class='glyphicon glyphicon-plus']
[INFO ][2015-11-04 12:38:01,471][com.java.SeleniumDriver] [  838] - DataValue : 
[INFO ][2015-11-04 12:38:01,472][com.java.SeleniumDriver] [  844] - <In Set values of the page>
[INFO ][2015-11-04 12:38:01,472][com.java.SeleniumDriver] [  847] - {Data Fields & Data Values Exist}
[INFO ][2015-11-04 12:38:01,472][com.java.SeleniumDriver] [  849] - --------------------------setting values-----------------------------
[INFO ][2015-11-04 12:38:01,472][com.java.SeleniumDriver] [  852] - Action Type : CLICK
[INFO ][2015-11-04 12:38:01,472][com.java.TestType] [ 4063] - Field ::XPH//span[@class='glyphicon glyphicon-plus']
[INFO ][2015-11-04 12:38:02,472][com.java.TestType] [ 4122] - BEFORE CLICK
[INFO ][2015-11-04 12:38:03,684][com.java.TestType] [ 4130] - Unable to click the object +' Button
[INFO ][2015-11-04 12:38:03,684][com.java.SeleniumDriver] [  861] -  RESULT true
[INFO ][2015-11-04 12:38:03,684][com.java.SeleniumDriver] [ 1066] - ?   P A S S   ?
[INFO ][2015-11-04 12:38:03,684][com.java.SeleniumDriver] [  788] - ------------------------------------------
[INFO ][2015-11-04 12:38:03,684][com.java.SeleniumDriver] [  789] - Test case being Executed: 2
[INFO ][2015-11-04 12:38:03,684][com.java.SeleniumDriver] [  800] - Test step:10
[INFO ][2015-11-04 12:38:03,684][com.java.SeleniumDriver] [  812] - Datavalue is----------3
[INFO ][2015-11-04 12:38:03,684][com.java.SeleniumDriver] [  836] - DataField : XPH//span[@class='dlg_Label']
[INFO ][2015-11-04 12:38:03,684][com.java.SeleniumDriver] [  838] - DataValue : 3
[INFO ][2015-11-04 12:38:03,684][com.java.SeleniumDriver] [  844] - <In Set values of the page>
[INFO ][2015-11-04 12:38:03,684][com.java.SeleniumDriver] [  847] - {Data Fields & Data Values Exist}
[INFO ][2015-11-04 12:38:03,684][com.java.SeleniumDriver] [  849] - --------------------------setting values-----------------------------
[INFO ][2015-11-04 12:38:03,684][com.java.SeleniumDriver] [  852] - Action Type : WAITFORELEMENT
[INFO ][2015-11-04 12:38:03,708][com.java.SeleniumDriver] [  861] -  RESULT true
[INFO ][2015-11-04 12:38:03,708][com.java.SeleniumDriver] [ 1066] - ?   P A S S   ?
[INFO ][2015-11-04 12:38:03,708][com.java.SeleniumDriver] [  788] - ------------------------------------------
[INFO ][2015-11-04 12:38:03,708][com.java.SeleniumDriver] [  789] - Test case being Executed: 2
[INFO ][2015-11-04 12:38:03,708][com.java.SeleniumDriver] [  800] - Test step:11
[INFO ][2015-11-04 12:38:03,708][com.java.SeleniumDriver] [  812] - Datavalue is----------Package Name
[INFO ][2015-11-04 12:38:03,708][com.java.SeleniumDriver] [  836] - DataField : XPH//span[@class='dlg_Label']
[INFO ][2015-11-04 12:38:03,708][com.java.SeleniumDriver] [  838] - DataValue : Package Name
[INFO ][2015-11-04 12:38:03,709][com.java.SeleniumDriver] [  844] - <In Set values of the page>
[INFO ][2015-11-04 12:38:03,709][com.java.SeleniumDriver] [  847] - {Data Fields & Data Values Exist}
[INFO ][2015-11-04 12:38:03,709][com.java.SeleniumDriver] [  849] - --------------------------setting values-----------------------------
[INFO ][2015-11-04 12:38:03,709][com.java.SeleniumDriver] [  852] - Action Type : VERIFY
[INFO ][2015-11-04 12:38:03,709][com.java.TestType] [ 4876] - field= XPH//span[@class='dlg_Label'] value= Package Name
[INFO ][2015-11-04 12:38:03,709][com.java.TestType] [ 3750] - value = Package Name
[INFO ][2015-11-04 12:38:03,797][com.java.SeleniumDriver] [  861] -  RESULT true
[INFO ][2015-11-04 12:38:03,797][com.java.SeleniumDriver] [ 1066] - ?   P A S S   ?
[INFO ][2015-11-04 12:38:03,797][com.java.SeleniumDriver] [  788] - ------------------------------------------
[INFO ][2015-11-04 12:38:03,797][com.java.SeleniumDriver] [  789] - Test case being Executed: 2
[INFO ][2015-11-04 12:38:03,797][com.java.SeleniumDriver] [  800] - Test step:12
[INFO ][2015-11-04 12:38:03,797][com.java.SeleniumDriver] [  812] - Datavalue is----------3
[INFO ][2015-11-04 12:38:03,797][com.java.SeleniumDriver] [  836] - DataField : XPH//div[contains(@id,'ember')]/div//input[contains(@class, 'ember-view ember-text-')]
[INFO ][2015-11-04 12:38:03,797][com.java.SeleniumDriver] [  838] - DataValue : 3
[INFO ][2015-11-04 12:38:03,797][com.java.SeleniumDriver] [  844] - <In Set values of the page>
[INFO ][2015-11-04 12:38:03,797][com.java.SeleniumDriver] [  847] - {Data Fields & Data Values Exist}
[INFO ][2015-11-04 12:38:03,797][com.java.SeleniumDriver] [  849] - --------------------------setting values-----------------------------
[INFO ][2015-11-04 12:38:03,798][com.java.SeleniumDriver] [  852] - Action Type : WAITFORELEMENT
[INFO ][2015-11-04 12:38:03,830][com.java.SeleniumDriver] [  861] -  RESULT true
[INFO ][2015-11-04 12:38:03,830][com.java.SeleniumDriver] [ 1066] - ?   P A S S   ?
[INFO ][2015-11-04 12:38:03,830][com.java.SeleniumDriver] [  788] - ------------------------------------------
[INFO ][2015-11-04 12:38:03,831][com.java.SeleniumDriver] [  789] - Test case being Executed: 2
[INFO ][2015-11-04 12:38:03,831][com.java.SeleniumDriver] [  800] - Test step:13
[INFO ][2015-11-04 12:38:03,831][com.java.SeleniumDriver] [  812] - Datavalue is----------null
[DEBUG][2015-11-04 12:38:03,831][com.java.SeleniumDriver] [  830] - Exception: null
[INFO ][2015-11-04 12:38:03,831][com.java.SeleniumDriver] [  836] - DataField : XPH//div[contains(@id,'ember')]/div//input[contains(@class, 'ember-view ember-text-')]
[INFO ][2015-11-04 12:38:03,831][com.java.SeleniumDriver] [  838] - DataValue : 
[INFO ][2015-11-04 12:38:03,831][com.java.SeleniumDriver] [  844] - <In Set values of the page>
[INFO ][2015-11-04 12:38:03,831][com.java.SeleniumDriver] [  847] - {Data Fields & Data Values Exist}
[INFO ][2015-11-04 12:38:03,831][com.java.SeleniumDriver] [  849] - --------------------------setting values-----------------------------
[INFO ][2015-11-04 12:38:03,831][com.java.SeleniumDriver] [  852] - Action Type : CLICK
[INFO ][2015-11-04 12:38:03,831][com.java.TestType] [ 4063] - Field ::XPH//div[contains(@id,'ember')]/div//input[contains(@class, 'ember-view ember-text-')]
[INFO ][2015-11-04 12:38:04,831][com.java.TestType] [ 4122] - BEFORE CLICK
[INFO ][2015-11-04 12:38:05,570][com.java.TestType] [ 4130] - Unable to click the object PackageName Textfield
[INFO ][2015-11-04 12:38:05,570][com.java.SeleniumDriver] [  861] -  RESULT true
[INFO ][2015-11-04 12:38:05,570][com.java.SeleniumDriver] [ 1066] - ?   P A S S   ?
[INFO ][2015-11-04 12:38:05,570][com.java.SeleniumDriver] [  788] - ------------------------------------------
[INFO ][2015-11-04 12:38:05,570][com.java.SeleniumDriver] [  789] - Test case being Executed: 2
[INFO ][2015-11-04 12:38:05,570][com.java.SeleniumDriver] [  800] - Test step:14
[INFO ][2015-11-04 12:38:05,570][com.java.SeleniumDriver] [  812] - Datavalue is----------RNDVL_Test#
[INFO ][2015-11-04 12:38:05,570][com.java.SeleniumDriver] [  836] - DataField : TXT//div[contains(@id,'ember')]/div//input[contains(@class, 'ember-view ember-text-')]
[INFO ][2015-11-04 12:38:05,570][com.java.SeleniumDriver] [  838] - DataValue : RNDVL_Test#
[INFO ][2015-11-04 12:38:05,570][com.java.SeleniumDriver] [  844] - <In Set values of the page>
[INFO ][2015-11-04 12:38:05,570][com.java.SeleniumDriver] [  847] - {Data Fields & Data Values Exist}
[INFO ][2015-11-04 12:38:05,572][com.java.SeleniumDriver] [  849] - --------------------------setting values-----------------------------
[INFO ][2015-11-04 12:38:05,572][com.java.SeleniumDriver] [  852] - Action Type : CLEARANDENTER
[INFO ][2015-11-04 12:38:05,572][com.java.TestType] [ 3750] - value = VL_Test#61744
[INFO ][2015-11-04 12:38:06,396][com.java.SeleniumDriver] [  861] -  RESULT true
[INFO ][2015-11-04 12:38:06,396][com.java.SeleniumDriver] [ 1066] - ?   P A S S   ?
[INFO ][2015-11-04 12:38:06,396][com.java.SeleniumDriver] [  788] - ------------------------------------------
[INFO ][2015-11-04 12:38:06,396][com.java.SeleniumDriver] [  789] - Test case being Executed: 2
[INFO ][2015-11-04 12:38:06,396][com.java.SeleniumDriver] [  800] - Test step:15
[INFO ][2015-11-04 12:38:06,396][com.java.SeleniumDriver] [  812] - Datavalue is----------null
[DEBUG][2015-11-04 12:38:06,396][com.java.SeleniumDriver] [  830] - Exception: null
[INFO ][2015-11-04 12:38:06,396][com.java.SeleniumDriver] [  836] - DataField : null
[INFO ][2015-11-04 12:38:06,396][com.java.SeleniumDriver] [  838] - DataValue : 
[INFO ][2015-11-04 12:38:06,396][com.java.SeleniumDriver] [  844] - <In Set values of the page>
[INFO ][2015-11-04 12:38:06,397][com.java.SeleniumDriver] [  847] - {Data Fields & Data Values Exist}
[INFO ][2015-11-04 12:38:06,397][com.java.SeleniumDriver] [  849] - --------------------------setting values-----------------------------
[INFO ][2015-11-04 12:38:06,397][com.java.SeleniumDriver] [  852] - Action Type : WAITTIME
[DEBUG][2015-11-04 12:38:06,397][com.java.TestType] [ 3654] - sleepTime: 10000
[INFO ][2015-11-04 12:38:16,398][com.java.SeleniumDriver] [  861] -  RESULT true
[INFO ][2015-11-04 12:38:16,398][com.java.SeleniumDriver] [ 1066] - ?   P A S S   ?
[INFO ][2015-11-04 12:38:16,398][com.java.SeleniumDriver] [  788] - ------------------------------------------
[INFO ][2015-11-04 12:38:16,398][com.java.SeleniumDriver] [  789] - Test case being Executed: 2
[INFO ][2015-11-04 12:38:16,398][com.java.SeleniumDriver] [  800] - Test step:16
[INFO ][2015-11-04 12:38:16,398][com.java.SeleniumDriver] [  812] - Datavalue is----------PackageName
[INFO ][2015-11-04 12:38:16,398][com.java.SeleniumDriver] [  836] - DataField : TXT//div[contains(@id,'ember')]/div//input[contains(@class, 'ember-view ember-text-')]
[INFO ][2015-11-04 12:38:16,398][com.java.SeleniumDriver] [  838] - DataValue : PackageName
[INFO ][2015-11-04 12:38:16,398][com.java.SeleniumDriver] [  844] - <In Set values of the page>
[INFO ][2015-11-04 12:38:16,398][com.java.SeleniumDriver] [  847] - {Data Fields & Data Values Exist}
[INFO ][2015-11-04 12:38:16,398][com.java.SeleniumDriver] [  849] - --------------------------setting values-----------------------------
[INFO ][2015-11-04 12:38:16,398][com.java.SeleniumDriver] [  852] - Action Type : STOREVALUE
[INFO ][2015-11-04 12:38:16,399][com.java.TestType] [ 5810] - field= TXT//div[contains(@id,'ember')]/div//input[contains(@class, 'ember-view ember-text-')]
[DEBUG][2015-11-04 12:38:16,469][com.java.TestType] [ 5824] - Key:: PackageName  Value:: VL_Test#61744
[INFO ][2015-11-04 12:38:16,469][com.java.SeleniumDriver] [  861] -  RESULT true
[INFO ][2015-11-04 12:38:16,469][com.java.SeleniumDriver] [ 1066] - ?   P A S S   ?
[INFO ][2015-11-04 12:38:16,469][com.java.SeleniumDriver] [  788] - ------------------------------------------
[INFO ][2015-11-04 12:38:16,470][com.java.SeleniumDriver] [  789] - Test case being Executed: 2
[INFO ][2015-11-04 12:38:16,470][com.java.SeleniumDriver] [  800] - Test step:17
[INFO ][2015-11-04 12:38:16,470][com.java.SeleniumDriver] [  812] - Datavalue is----------5
[INFO ][2015-11-04 12:38:16,470][com.java.SeleniumDriver] [  836] - DataField : XPH//span[contains(text(),'Save')]
[INFO ][2015-11-04 12:38:16,470][com.java.SeleniumDriver] [  838] - DataValue : 5
[INFO ][2015-11-04 12:38:16,470][com.java.SeleniumDriver] [  844] - <In Set values of the page>
[INFO ][2015-11-04 12:38:16,470][com.java.SeleniumDriver] [  847] - {Data Fields & Data Values Exist}
[INFO ][2015-11-04 12:38:16,470][com.java.SeleniumDriver] [  849] - --------------------------setting values-----------------------------
[INFO ][2015-11-04 12:38:16,470][com.java.SeleniumDriver] [  852] - Action Type : WAITFORELEMENT
[INFO ][2015-11-04 12:38:16,493][com.java.SeleniumDriver] [  861] -  RESULT true
[INFO ][2015-11-04 12:38:16,493][com.java.SeleniumDriver] [ 1066] - ?   P A S S   ?
[INFO ][2015-11-04 12:38:16,493][com.java.SeleniumDriver] [  788] - ------------------------------------------
[INFO ][2015-11-04 12:38:16,493][com.java.SeleniumDriver] [  789] - Test case being Executed: 2
[INFO ][2015-11-04 12:38:16,493][com.java.SeleniumDriver] [  800] - Test step:18
[INFO ][2015-11-04 12:38:16,493][com.java.SeleniumDriver] [  812] - Datavalue is----------null
[DEBUG][2015-11-04 12:38:16,493][com.java.SeleniumDriver] [  830] - Exception: null
[INFO ][2015-11-04 12:38:16,493][com.java.SeleniumDriver] [  836] - DataField : XPH//span[contains(text(),'Save')]
[INFO ][2015-11-04 12:38:16,494][com.java.SeleniumDriver] [  838] - DataValue : 
[INFO ][2015-11-04 12:38:16,494][com.java.SeleniumDriver] [  844] - <In Set values of the page>
[INFO ][2015-11-04 12:38:16,494][com.java.SeleniumDriver] [  847] - {Data Fields & Data Values Exist}
[INFO ][2015-11-04 12:38:16,494][com.java.SeleniumDriver] [  849] - --------------------------setting values-----------------------------
[INFO ][2015-11-04 12:38:16,494][com.java.SeleniumDriver] [  852] - Action Type : CLICK
[INFO ][2015-11-04 12:38:16,494][com.java.TestType] [ 4063] - Field ::XPH//span[contains(text(),'Save')]
[INFO ][2015-11-04 12:38:17,494][com.java.TestType] [ 4122] - BEFORE CLICK
[INFO ][2015-11-04 12:38:19,189][com.java.TestType] [ 4130] - Unable to click the object Save Button
[INFO ][2015-11-04 12:38:19,189][com.java.SeleniumDriver] [  861] -  RESULT true
[INFO ][2015-11-04 12:38:19,189][com.java.SeleniumDriver] [ 1066] - ?   P A S S   ?
[INFO ][2015-11-04 12:38:19,190][com.java.SeleniumDriver] [  788] - ------------------------------------------
[INFO ][2015-11-04 12:38:19,190][com.java.SeleniumDriver] [  789] - Test case being Executed: 2
[INFO ][2015-11-04 12:38:19,190][com.java.SeleniumDriver] [  800] - Test step:19
[INFO ][2015-11-04 12:38:19,190][com.java.SeleniumDriver] [  812] - Datavalue is----------3
[INFO ][2015-11-04 12:38:19,191][com.java.SeleniumDriver] [  836] - DataField : XPH//span[@class='dlg_Label']
[INFO ][2015-11-04 12:38:19,191][com.java.SeleniumDriver] [  838] - DataValue : 3
[INFO ][2015-11-04 12:38:19,191][com.java.SeleniumDriver] [  844] - <In Set values of the page>
[INFO ][2015-11-04 12:38:19,191][com.java.SeleniumDriver] [  847] - {Data Fields & Data Values Exist}
[INFO ][2015-11-04 12:38:19,191][com.java.SeleniumDriver] [  849] - --------------------------setting values-----------------------------
[INFO ][2015-11-04 12:38:19,191][com.java.SeleniumDriver] [  852] - Action Type : WAITFORELEMENT
[INFO ][2015-11-04 12:38:19,214][com.java.SeleniumDriver] [  861] -  RESULT true
[INFO ][2015-11-04 12:38:19,214][com.java.SeleniumDriver] [ 1066] - ?   P A S S   ?
[INFO ][2015-11-04 12:38:19,214][com.java.SeleniumDriver] [  788] - ------------------------------------------
[INFO ][2015-11-04 12:38:19,214][com.java.SeleniumDriver] [  789] - Test case being Executed: 2
[INFO ][2015-11-04 12:38:19,214][com.java.SeleniumDriver] [  800] - Test step:20
[INFO ][2015-11-04 12:38:19,214][com.java.SeleniumDriver] [  812] - Datavalue is----------Current Package
[INFO ][2015-11-04 12:38:19,214][com.java.SeleniumDriver] [  836] - DataField : XPH//span[@class='dlg_Label']
[INFO ][2015-11-04 12:38:19,215][com.java.SeleniumDriver] [  838] - DataValue : Current Package
[INFO ][2015-11-04 12:38:19,215][com.java.SeleniumDriver] [  844] - <In Set values of the page>
[INFO ][2015-11-04 12:38:19,215][com.java.SeleniumDriver] [  847] - {Data Fields & Data Values Exist}
[INFO ][2015-11-04 12:38:19,215][com.java.SeleniumDriver] [  849] - --------------------------setting values-----------------------------
[INFO ][2015-11-04 12:38:19,215][com.java.SeleniumDriver] [  852] - Action Type : VERIFY
[INFO ][2015-11-04 12:38:19,216][com.java.TestType] [ 4876] - field= XPH//span[@class='dlg_Label'] value= Current Package
[INFO ][2015-11-04 12:38:19,216][com.java.TestType] [ 3750] - value = Current Package
[INFO ][2015-11-04 12:38:19,303][com.java.SeleniumDriver] [  861] -  RESULT true
[INFO ][2015-11-04 12:38:19,303][com.java.SeleniumDriver] [ 1066] - ?   P A S S   ?
[INFO ][2015-11-04 12:38:19,303][com.java.SeleniumDriver] [  788] - ------------------------------------------
[INFO ][2015-11-04 12:38:19,303][com.java.SeleniumDriver] [  789] - Test case being Executed: 2
[INFO ][2015-11-04 12:38:19,303][com.java.SeleniumDriver] [  800] - Test step:21
[INFO ][2015-11-04 12:38:19,303][com.java.SeleniumDriver] [  812] - Datavalue is----------index:2
[INFO ][2015-11-04 12:38:19,303][com.java.SeleniumDriver] [  836] - DataField : COB//select[@action='goToNewReport']
[INFO ][2015-11-04 12:38:19,303][com.java.SeleniumDriver] [  838] - DataValue : index:2
[INFO ][2015-11-04 12:38:19,303][com.java.SeleniumDriver] [  844] - <In Set values of the page>
[INFO ][2015-11-04 12:38:19,303][com.java.SeleniumDriver] [  847] - {Data Fields & Data Values Exist}
[INFO ][2015-11-04 12:38:19,303][com.java.SeleniumDriver] [  849] - --------------------------setting values-----------------------------
[INFO ][2015-11-04 12:38:19,304][com.java.SeleniumDriver] [  852] - Action Type : SELECT
[INFO ][2015-11-04 12:38:19,304][com.java.TestType] [ 3750] - value = 2
[INFO ][2015-11-04 12:38:19,382][com.java.TestType] [ 3868] -  In COB //select[@action='goToNewReport'] : 2
[INFO ][2015-11-04 12:38:21,536][com.java.SeleniumDriver] [  861] -  RESULT true
[INFO ][2015-11-04 12:38:21,536][com.java.SeleniumDriver] [ 1066] - ?   P A S S   ?
[INFO ][2015-11-04 12:38:21,536][com.java.SeleniumDriver] [  788] - ------------------------------------------
[INFO ][2015-11-04 12:38:21,536][com.java.SeleniumDriver] [  789] - Test case being Executed: 2
[INFO ][2015-11-04 12:38:21,536][com.java.SeleniumDriver] [  800] - Test step:22
[INFO ][2015-11-04 12:38:21,536][com.java.SeleniumDriver] [  812] - Datavalue is----------5
[INFO ][2015-11-04 12:38:21,536][com.java.SeleniumDriver] [  836] - DataField : XPH//td/input[contains(@class, 'ember-view ember-')]
[INFO ][2015-11-04 12:38:21,536][com.java.SeleniumDriver] [  838] - DataValue : 5
[INFO ][2015-11-04 12:38:21,536][com.java.SeleniumDriver] [  844] - <In Set values of the page>
[INFO ][2015-11-04 12:38:21,537][com.java.SeleniumDriver] [  847] - {Data Fields & Data Values Exist}
[INFO ][2015-11-04 12:38:21,537][com.java.SeleniumDriver] [  849] - --------------------------setting values-----------------------------
[INFO ][2015-11-04 12:38:21,537][com.java.SeleniumDriver] [  852] - Action Type : WAITFORELEMENT
[INFO ][2015-11-04 12:38:22,039][com.java.SeleniumDriver] [  861] -  RESULT true
[INFO ][2015-11-04 12:38:22,039][com.java.SeleniumDriver] [ 1066] - ?   P A S S   ?
[INFO ][2015-11-04 12:38:22,039][com.java.SeleniumDriver] [  788] - ------------------------------------------
[INFO ][2015-11-04 12:38:22,039][com.java.SeleniumDriver] [  789] - Test case being Executed: 2
[INFO ][2015-11-04 12:38:22,039][com.java.SeleniumDriver] [  800] - Test step:23
[INFO ][2015-11-04 12:38:22,039][com.java.SeleniumDriver] [  812] - Datavalue is----------Executive Summary (12mos.)
[INFO ][2015-11-04 12:38:22,039][com.java.SeleniumDriver] [  836] - DataField : XPH//td/input[contains(@class, 'ember-view ember-')]
[INFO ][2015-11-04 12:38:22,039][com.java.SeleniumDriver] [  838] - DataValue : Executive Summary (12mos.)
[INFO ][2015-11-04 12:38:22,039][com.java.SeleniumDriver] [  844] - <In Set values of the page>
[INFO ][2015-11-04 12:38:22,039][com.java.SeleniumDriver] [  847] - {Data Fields & Data Values Exist}
[INFO ][2015-11-04 12:38:22,039][com.java.SeleniumDriver] [  849] - --------------------------setting values-----------------------------
[INFO ][2015-11-04 12:38:22,040][com.java.SeleniumDriver] [  852] - Action Type : VERIFY
[INFO ][2015-11-04 12:38:22,040][com.java.TestType] [ 4876] - field= XPH//td/input[contains(@class, 'ember-view ember-')] value= Executive Summary (12mos.)
[INFO ][2015-11-04 12:38:22,040][com.java.TestType] [ 3750] - value = Executive Summary (12mos.)
[INFO ][2015-11-04 12:38:22,148][com.java.SeleniumDriver] [  861] -  RESULT true
[INFO ][2015-11-04 12:38:22,148][com.java.SeleniumDriver] [ 1066] - ?   P A S S   ?
[INFO ][2015-11-04 12:38:22,148][com.java.SeleniumDriver] [  788] - ------------------------------------------
[INFO ][2015-11-04 12:38:22,148][com.java.SeleniumDriver] [  789] - Test case being Executed: 2
[INFO ][2015-11-04 12:38:22,148][com.java.SeleniumDriver] [  800] - Test step:24
[INFO ][2015-11-04 12:38:22,148][com.java.SeleniumDriver] [  812] - Datavalue is----------index:1
[INFO ][2015-11-04 12:38:22,148][com.java.SeleniumDriver] [  836] - DataField : COB//td[@colspan='2']/select
[INFO ][2015-11-04 12:38:22,148][com.java.SeleniumDriver] [  838] - DataValue : index:1
[INFO ][2015-11-04 12:38:22,148][com.java.SeleniumDriver] [  844] - <In Set values of the page>
[INFO ][2015-11-04 12:38:22,148][com.java.SeleniumDriver] [  847] - {Data Fields & Data Values Exist}
[INFO ][2015-11-04 12:38:22,148][com.java.SeleniumDriver] [  849] - --------------------------setting values-----------------------------
[INFO ][2015-11-04 12:38:22,148][com.java.SeleniumDriver] [  852] - Action Type : SELECT
[INFO ][2015-11-04 12:38:22,149][com.java.TestType] [ 3750] - value = 1
[INFO ][2015-11-04 12:38:22,227][com.java.TestType] [ 3868] -  In COB //td[@colspan='2']/select : 1
[INFO ][2015-11-04 12:38:22,922][com.java.SeleniumDriver] [  861] -  RESULT true
[INFO ][2015-11-04 12:38:22,922][com.java.SeleniumDriver] [ 1066] - ?   P A S S   ?
[INFO ][2015-11-04 12:38:22,922][com.java.SeleniumDriver] [  788] - ------------------------------------------
[INFO ][2015-11-04 12:38:22,922][com.java.SeleniumDriver] [  789] - Test case being Executed: 2
[INFO ][2015-11-04 12:38:22,922][com.java.SeleniumDriver] [  800] - Test step:25
[INFO ][2015-11-04 12:38:22,922][com.java.SeleniumDriver] [  812] - Datavalue is----------3
[INFO ][2015-11-04 12:38:22,922][com.java.SeleniumDriver] [  836] - DataField : XPH//span[contains(text(),'Save')]
[INFO ][2015-11-04 12:38:22,922][com.java.SeleniumDriver] [  838] - DataValue : 3
[INFO ][2015-11-04 12:38:22,922][com.java.SeleniumDriver] [  844] - <In Set values of the page>
[INFO ][2015-11-04 12:38:22,922][com.java.SeleniumDriver] [  847] - {Data Fields & Data Values Exist}
[INFO ][2015-11-04 12:38:22,922][com.java.SeleniumDriver] [  849] - --------------------------setting values-----------------------------
[INFO ][2015-11-04 12:38:22,922][com.java.SeleniumDriver] [  852] - Action Type : WAITFORELEMENT
[INFO ][2015-11-04 12:38:22,986][com.java.SeleniumDriver] [  861] -  RESULT true
[INFO ][2015-11-04 12:38:22,986][com.java.SeleniumDriver] [ 1066] - ?   P A S S   ?
[INFO ][2015-11-04 12:38:22,986][com.java.SeleniumDriver] [  788] - ------------------------------------------
[INFO ][2015-11-04 12:38:22,986][com.java.SeleniumDriver] [  789] - Test case being Executed: 2
[INFO ][2015-11-04 12:38:22,986][com.java.SeleniumDriver] [  800] - Test step:26
[INFO ][2015-11-04 12:38:22,986][com.java.SeleniumDriver] [  812] - Datavalue is----------null
[DEBUG][2015-11-04 12:38:22,986][com.java.SeleniumDriver] [  830] - Exception: null
[INFO ][2015-11-04 12:38:22,986][com.java.SeleniumDriver] [  836] - DataField : XPH//span[contains(text(),'Save')]
[INFO ][2015-11-04 12:38:22,986][com.java.SeleniumDriver] [  838] - DataValue : 
[INFO ][2015-11-04 12:38:22,987][com.java.SeleniumDriver] [  844] - <In Set values of the page>
[INFO ][2015-11-04 12:38:22,987][com.java.SeleniumDriver] [  847] - {Data Fields & Data Values Exist}
[INFO ][2015-11-04 12:38:22,987][com.java.SeleniumDriver] [  849] - --------------------------setting values-----------------------------
[INFO ][2015-11-04 12:38:22,987][com.java.SeleniumDriver] [  852] - Action Type : CLICK
[INFO ][2015-11-04 12:38:22,987][com.java.TestType] [ 4063] - Field ::XPH//span[contains(text(),'Save')]
[INFO ][2015-11-04 12:38:23,987][com.java.TestType] [ 4122] - BEFORE CLICK
[INFO ][2015-11-04 12:38:24,804][com.java.TestType] [ 4130] - Unable to click the object Save Button
[INFO ][2015-11-04 12:38:24,804][com.java.SeleniumDriver] [  861] -  RESULT true
[INFO ][2015-11-04 12:38:24,804][com.java.SeleniumDriver] [ 1066] - ?   P A S S   ?
[INFO ][2015-11-04 12:38:24,804][com.java.SeleniumDriver] [  788] - ------------------------------------------
[INFO ][2015-11-04 12:38:24,804][com.java.SeleniumDriver] [  789] - Test case being Executed: 2
[INFO ][2015-11-04 12:38:24,804][com.java.SeleniumDriver] [  800] - Test step:27
[INFO ][2015-11-04 12:38:24,804][com.java.SeleniumDriver] [  812] - Datavalue is----------3
[INFO ][2015-11-04 12:38:24,804][com.java.SeleniumDriver] [  836] - DataField : XPH//span[contains(text(), 'Finished')]
[INFO ][2015-11-04 12:38:24,804][com.java.SeleniumDriver] [  838] - DataValue : 3
[INFO ][2015-11-04 12:38:24,804][com.java.SeleniumDriver] [  844] - <In Set values of the page>
[INFO ][2015-11-04 12:38:24,804][com.java.SeleniumDriver] [  847] - {Data Fields & Data Values Exist}
[INFO ][2015-11-04 12:38:24,804][com.java.SeleniumDriver] [  849] - --------------------------setting values-----------------------------
[INFO ][2015-11-04 12:38:24,804][com.java.SeleniumDriver] [  852] - Action Type : WAITFORELEMENT
[INFO ][2015-11-04 12:38:25,847][com.java.SeleniumDriver] [  861] -  RESULT true
[INFO ][2015-11-04 12:38:25,847][com.java.SeleniumDriver] [ 1066] - ?   P A S S   ?
[INFO ][2015-11-04 12:38:25,847][com.java.SeleniumDriver] [  788] - ------------------------------------------
[INFO ][2015-11-04 12:38:25,847][com.java.SeleniumDriver] [  789] - Test case being Executed: 2
[INFO ][2015-11-04 12:38:25,847][com.java.SeleniumDriver] [  800] - Test step:28
[INFO ][2015-11-04 12:38:25,847][com.java.SeleniumDriver] [  812] - Datavalue is----------index:2
[INFO ][2015-11-04 12:38:25,847][com.java.SeleniumDriver] [  836] - DataField : COB//select[@action='goToNewReport']
[INFO ][2015-11-04 12:38:25,849][com.java.SeleniumDriver] [  838] - DataValue : index:2
[INFO ][2015-11-04 12:38:25,849][com.java.SeleniumDriver] [  844] - <In Set values of the page>
[INFO ][2015-11-04 12:38:25,849][com.java.SeleniumDriver] [  847] - {Data Fields & Data Values Exist}
[INFO ][2015-11-04 12:38:25,849][com.java.SeleniumDriver] [  849] - --------------------------setting values-----------------------------
[INFO ][2015-11-04 12:38:25,849][com.java.SeleniumDriver] [  852] - Action Type : SELECT
[INFO ][2015-11-04 12:38:25,849][com.java.TestType] [ 3750] - value = 2
[INFO ][2015-11-04 12:38:25,928][com.java.TestType] [ 3868] -  In COB //select[@action='goToNewReport'] : 2
[INFO ][2015-11-04 12:38:28,082][com.java.SeleniumDriver] [  861] -  RESULT true
[INFO ][2015-11-04 12:38:28,082][com.java.SeleniumDriver] [ 1066] - ?   P A S S   ?
[INFO ][2015-11-04 12:38:28,082][com.java.SeleniumDriver] [  788] - ------------------------------------------
[INFO ][2015-11-04 12:38:28,082][com.java.SeleniumDriver] [  789] - Test case being Executed: 2
[INFO ][2015-11-04 12:38:28,082][com.java.SeleniumDriver] [  800] - Test step:29
[INFO ][2015-11-04 12:38:28,082][com.java.SeleniumDriver] [  812] - Datavalue is----------5
[INFO ][2015-11-04 12:38:28,082][com.java.SeleniumDriver] [  836] - DataField : XPH//td/input[contains(@class, 'ember-view ember-')]
[INFO ][2015-11-04 12:38:28,082][com.java.SeleniumDriver] [  838] - DataValue : 5
[INFO ][2015-11-04 12:38:28,082][com.java.SeleniumDriver] [  844] - <In Set values of the page>
[INFO ][2015-11-04 12:38:28,083][com.java.SeleniumDriver] [  847] - {Data Fields & Data Values Exist}
[INFO ][2015-11-04 12:38:28,083][com.java.SeleniumDriver] [  849] - --------------------------setting values-----------------------------
[INFO ][2015-11-04 12:38:28,083][com.java.SeleniumDriver] [  852] - Action Type : WAITFORELEMENT
[INFO ][2015-11-04 12:38:28,545][com.java.SeleniumDriver] [  861] -  RESULT true
[INFO ][2015-11-04 12:38:28,545][com.java.SeleniumDriver] [ 1066] - ?   P A S S   ?
[INFO ][2015-11-04 12:38:28,545][com.java.SeleniumDriver] [  788] - ------------------------------------------
[INFO ][2015-11-04 12:38:28,545][com.java.SeleniumDriver] [  789] - Test case being Executed: 2
[INFO ][2015-11-04 12:38:28,545][com.java.SeleniumDriver] [  800] - Test step:30
[INFO ][2015-11-04 12:38:28,545][com.java.SeleniumDriver] [  812] - Datavalue is----------Executive Summary (12mos.)
[INFO ][2015-11-04 12:38:28,545][com.java.SeleniumDriver] [  836] - DataField : XPH//td/input[contains(@class, 'ember-view ember-')]
[INFO ][2015-11-04 12:38:28,545][com.java.SeleniumDriver] [  838] - DataValue : Executive Summary (12mos.)
[INFO ][2015-11-04 12:38:28,545][com.java.SeleniumDriver] [  844] - <In Set values of the page>
[INFO ][2015-11-04 12:38:28,545][com.java.SeleniumDriver] [  847] - {Data Fields & Data Values Exist}
[INFO ][2015-11-04 12:38:28,545][com.java.SeleniumDriver] [  849] - --------------------------setting values-----------------------------
[INFO ][2015-11-04 12:38:28,546][com.java.SeleniumDriver] [  852] - Action Type : VERIFY
[INFO ][2015-11-04 12:38:28,546][com.java.TestType] [ 4876] - field= XPH//td/input[contains(@class, 'ember-view ember-')] value= Executive Summary (12mos.)
[INFO ][2015-11-04 12:38:28,546][com.java.TestType] [ 3750] - value = Executive Summary (12mos.)
[INFO ][2015-11-04 12:38:28,644][com.java.SeleniumDriver] [  861] -  RESULT true
[INFO ][2015-11-04 12:38:28,644][com.java.SeleniumDriver] [ 1066] - ?   P A S S   ?
[INFO ][2015-11-04 12:38:28,644][com.java.SeleniumDriver] [  788] - ------------------------------------------
[INFO ][2015-11-04 12:38:28,644][com.java.SeleniumDriver] [  789] - Test case being Executed: 2
[INFO ][2015-11-04 12:38:28,644][com.java.SeleniumDriver] [  800] - Test step:31
[INFO ][2015-11-04 12:38:28,644][com.java.SeleniumDriver] [  812] - Datavalue is----------index:2
[INFO ][2015-11-04 12:38:28,644][com.java.SeleniumDriver] [  836] - DataField : COB//td[@colspan='2']/select
[INFO ][2015-11-04 12:38:28,644][com.java.SeleniumDriver] [  838] - DataValue : index:2
[INFO ][2015-11-04 12:38:28,644][com.java.SeleniumDriver] [  844] - <In Set values of the page>
[INFO ][2015-11-04 12:38:28,644][com.java.SeleniumDriver] [  847] - {Data Fields & Data Values Exist}
[INFO ][2015-11-04 12:38:28,644][com.java.SeleniumDriver] [  849] - --------------------------setting values-----------------------------
[INFO ][2015-11-04 12:38:28,644][com.java.SeleniumDriver] [  852] - Action Type : SELECT
[INFO ][2015-11-04 12:38:28,644][com.java.TestType] [ 3750] - value = 2
[INFO ][2015-11-04 12:38:28,734][com.java.TestType] [ 3868] -  In COB //td[@colspan='2']/select : 2
[INFO ][2015-11-04 12:38:29,395][com.java.SeleniumDriver] [  861] -  RESULT true
[INFO ][2015-11-04 12:38:29,395][com.java.SeleniumDriver] [ 1066] - ?   P A S S   ?
[INFO ][2015-11-04 12:38:29,395][com.java.SeleniumDriver] [  788] - ------------------------------------------
[INFO ][2015-11-04 12:38:29,395][com.java.SeleniumDriver] [  789] - Test case being Executed: 2
[INFO ][2015-11-04 12:38:29,395][com.java.SeleniumDriver] [  800] - Test step:32
[INFO ][2015-11-04 12:38:29,395][com.java.SeleniumDriver] [  812] - Datavalue is----------3
[INFO ][2015-11-04 12:38:29,395][com.java.SeleniumDriver] [  836] - DataField : XPH//span[contains(text(),'Save')]
[INFO ][2015-11-04 12:38:29,395][com.java.SeleniumDriver] [  838] - DataValue : 3
[INFO ][2015-11-04 12:38:29,395][com.java.SeleniumDriver] [  844] - <In Set values of the page>
[INFO ][2015-11-04 12:38:29,395][com.java.SeleniumDriver] [  847] - {Data Fields & Data Values Exist}
[INFO ][2015-11-04 12:38:29,395][com.java.SeleniumDriver] [  849] - --------------------------setting values-----------------------------
[INFO ][2015-11-04 12:38:29,395][com.java.SeleniumDriver] [  852] - Action Type : WAITFORELEMENT
[INFO ][2015-11-04 12:38:29,468][com.java.SeleniumDriver] [  861] -  RESULT true
[INFO ][2015-11-04 12:38:29,468][com.java.SeleniumDriver] [ 1066] - ?   P A S S   ?
[INFO ][2015-11-04 12:38:29,468][com.java.SeleniumDriver] [  788] - ------------------------------------------
[INFO ][2015-11-04 12:38:29,468][com.java.SeleniumDriver] [  789] - Test case being Executed: 2
[INFO ][2015-11-04 12:38:29,468][com.java.SeleniumDriver] [  800] - Test step:33
[INFO ][2015-11-04 12:38:29,468][com.java.SeleniumDriver] [  812] - Datavalue is----------null
[DEBUG][2015-11-04 12:38:29,468][com.java.SeleniumDriver] [  830] - Exception: null
[INFO ][2015-11-04 12:38:29,468][com.java.SeleniumDriver] [  836] - DataField : XPH//span[contains(text(),'Save')]
[INFO ][2015-11-04 12:38:29,468][com.java.SeleniumDriver] [  838] - DataValue : 
[INFO ][2015-11-04 12:38:29,470][com.java.SeleniumDriver] [  844] - <In Set values of the page>
[INFO ][2015-11-04 12:38:29,470][com.java.SeleniumDriver] [  847] - {Data Fields & Data Values Exist}
[INFO ][2015-11-04 12:38:29,470][com.java.SeleniumDriver] [  849] - --------------------------setting values-----------------------------
[INFO ][2015-11-04 12:38:29,470][com.java.SeleniumDriver] [  852] - Action Type : CLICK
[INFO ][2015-11-04 12:38:29,470][com.java.TestType] [ 4063] - Field ::XPH//span[contains(text(),'Save')]
[INFO ][2015-11-04 12:38:30,471][com.java.TestType] [ 4122] - BEFORE CLICK
[INFO ][2015-11-04 12:38:31,278][com.java.TestType] [ 4130] - Unable to click the object Save Button
[INFO ][2015-11-04 12:38:31,278][com.java.SeleniumDriver] [  861] -  RESULT true
[INFO ][2015-11-04 12:38:31,278][com.java.SeleniumDriver] [ 1066] - ?   P A S S   ?
[INFO ][2015-11-04 12:38:31,278][com.java.SeleniumDriver] [  788] - ------------------------------------------
[INFO ][2015-11-04 12:38:31,278][com.java.SeleniumDriver] [  789] - Test case being Executed: 2
[INFO ][2015-11-04 12:38:31,278][com.java.SeleniumDriver] [  800] - Test step:34
[INFO ][2015-11-04 12:38:31,278][com.java.SeleniumDriver] [  812] - Datavalue is----------3
[INFO ][2015-11-04 12:38:31,278][com.java.SeleniumDriver] [  836] - DataField : XPH//span[contains(text(), 'Finished')]
[INFO ][2015-11-04 12:38:31,278][com.java.SeleniumDriver] [  838] - DataValue : 3
[INFO ][2015-11-04 12:38:31,278][com.java.SeleniumDriver] [  844] - <In Set values of the page>
[INFO ][2015-11-04 12:38:31,278][com.java.SeleniumDriver] [  847] - {Data Fields & Data Values Exist}
[INFO ][2015-11-04 12:38:31,278][com.java.SeleniumDriver] [  849] - --------------------------setting values-----------------------------
[INFO ][2015-11-04 12:38:31,278][com.java.SeleniumDriver] [  852] - Action Type : WAITFORELEMENT
[INFO ][2015-11-04 12:38:32,311][com.java.SeleniumDriver] [  861] -  RESULT true
[INFO ][2015-11-04 12:38:32,311][com.java.SeleniumDriver] [ 1066] - ?   P A S S   ?
[INFO ][2015-11-04 12:38:32,311][com.java.SeleniumDriver] [  788] - ------------------------------------------
[INFO ][2015-11-04 12:38:32,312][com.java.SeleniumDriver] [  789] - Test case being Executed: 2
[INFO ][2015-11-04 12:38:32,312][com.java.SeleniumDriver] [  800] - Test step:35
[INFO ][2015-11-04 12:38:32,312][com.java.SeleniumDriver] [  812] - Datavalue is----------null
[DEBUG][2015-11-04 12:38:32,312][com.java.SeleniumDriver] [  830] - Exception: null
[INFO ][2015-11-04 12:38:32,312][com.java.SeleniumDriver] [  836] - DataField : XPH//select[@action='goToPackage']
[INFO ][2015-11-04 12:38:32,313][com.java.SeleniumDriver] [  838] - DataValue : 
[INFO ][2015-11-04 12:38:32,313][com.java.SeleniumDriver] [  844] - <In Set values of the page>
[INFO ][2015-11-04 12:38:32,313][com.java.SeleniumDriver] [  847] - {Data Fields & Data Values Exist}
[INFO ][2015-11-04 12:38:32,313][com.java.SeleniumDriver] [  849] - --------------------------setting values-----------------------------
[INFO ][2015-11-04 12:38:32,313][com.java.SeleniumDriver] [  852] - Action Type : CLICK
[INFO ][2015-11-04 12:38:32,313][com.java.TestType] [ 4063] - Field ::XPH//select[@action='goToPackage']
[INFO ][2015-11-04 12:38:33,313][com.java.TestType] [ 4122] - BEFORE CLICK
[INFO ][2015-11-04 12:38:34,092][com.java.TestType] [ 4130] - Unable to click the object Current Package Dropdown
[INFO ][2015-11-04 12:38:34,092][com.java.SeleniumDriver] [  861] -  RESULT true
[INFO ][2015-11-04 12:38:34,092][com.java.SeleniumDriver] [ 1066] - ?   P A S S   ?
[INFO ][2015-11-04 12:38:34,092][com.java.SeleniumDriver] [  788] - ------------------------------------------
[INFO ][2015-11-04 12:38:34,092][com.java.SeleniumDriver] [  789] - Test case being Executed: 2
[INFO ][2015-11-04 12:38:34,092][com.java.SeleniumDriver] [  800] - Test step:36
[INFO ][2015-11-04 12:38:34,092][com.java.SeleniumDriver] [  812] - Datavalue is----------3
[INFO ][2015-11-04 12:38:34,092][com.java.SeleniumDriver] [  836] - DataField : XPH//select[@action='goToPackage']/option
[INFO ][2015-11-04 12:38:34,092][com.java.SeleniumDriver] [  838] - DataValue : 3
[INFO ][2015-11-04 12:38:34,092][com.java.SeleniumDriver] [  844] - <In Set values of the page>
[INFO ][2015-11-04 12:38:34,092][com.java.SeleniumDriver] [  847] - {Data Fields & Data Values Exist}
[INFO ][2015-11-04 12:38:34,092][com.java.SeleniumDriver] [  849] - --------------------------setting values-----------------------------
[INFO ][2015-11-04 12:38:34,093][com.java.SeleniumDriver] [  852] - Action Type : WAITFORELEMENT
[INFO ][2015-11-04 12:38:34,116][com.java.SeleniumDriver] [  861] -  RESULT true
[INFO ][2015-11-04 12:38:34,116][com.java.SeleniumDriver] [ 1066] - ?   P A S S   ?
[INFO ][2015-11-04 12:38:34,117][com.java.SeleniumDriver] [  788] - ------------------------------------------
[INFO ][2015-11-04 12:38:34,117][com.java.SeleniumDriver] [  789] - Test case being Executed: 2
[INFO ][2015-11-04 12:38:34,117][com.java.SeleniumDriver] [  800] - Test step:37
[INFO ][2015-11-04 12:38:34,117][com.java.SeleniumDriver] [  812] - Datavalue is----------HMVPackageName
[INFO ][2015-11-04 12:38:34,117][com.java.SeleniumDriver] [  836] - DataField : SLB//select[@action='goToPackage']
[INFO ][2015-11-04 12:38:34,117][com.java.SeleniumDriver] [  838] - DataValue : HMVPackageName
[INFO ][2015-11-04 12:38:34,117][com.java.SeleniumDriver] [  844] - <In Set values of the page>
[INFO ][2015-11-04 12:38:34,117][com.java.SeleniumDriver] [  847] - {Data Fields & Data Values Exist}
[INFO ][2015-11-04 12:38:34,117][com.java.SeleniumDriver] [  849] - --------------------------setting values-----------------------------
[INFO ][2015-11-04 12:38:34,117][com.java.SeleniumDriver] [  852] - Action Type : Select
[INFO ][2015-11-04 12:38:34,117][com.java.TestType] [ 3750] - value = VL_Test#61744
[INFO ][2015-11-04 12:38:34,339][com.java.SeleniumDriver] [  861] -  RESULT true
[INFO ][2015-11-04 12:38:34,339][com.java.SeleniumDriver] [ 1066] - ?   P A S S   ?
[INFO ][2015-11-04 12:38:34,339][com.java.SeleniumDriver] [  788] - ------------------------------------------
[INFO ][2015-11-04 12:38:34,339][com.java.SeleniumDriver] [  789] - Test case being Executed: 2
[INFO ][2015-11-04 12:38:34,339][com.java.SeleniumDriver] [  800] - Test step:38
[INFO ][2015-11-04 12:38:34,339][com.java.SeleniumDriver] [  812] - Datavalue is----------3
[INFO ][2015-11-04 12:38:34,339][com.java.SeleniumDriver] [  836] - DataField : XPH//tbody[@class="ui-sortable"]/tr//a[last()-1]
[INFO ][2015-11-04 12:38:34,339][com.java.SeleniumDriver] [  838] - DataValue : 3
[INFO ][2015-11-04 12:38:34,339][com.java.SeleniumDriver] [  844] - <In Set values of the page>
[INFO ][2015-11-04 12:38:34,339][com.java.SeleniumDriver] [  847] - {Data Fields & Data Values Exist}
[INFO ][2015-11-04 12:38:34,339][com.java.SeleniumDriver] [  849] - --------------------------setting values-----------------------------
[INFO ][2015-11-04 12:38:34,339][com.java.SeleniumDriver] [  852] - Action Type : WAITFORELEMENT
[INFO ][2015-11-04 12:38:34,362][com.java.SeleniumDriver] [  861] -  RESULT true
[INFO ][2015-11-04 12:38:34,362][com.java.SeleniumDriver] [ 1066] - ?   P A S S   ?
[INFO ][2015-11-04 12:38:34,362][com.java.SeleniumDriver] [  788] - ------------------------------------------
[INFO ][2015-11-04 12:38:34,362][com.java.SeleniumDriver] [  789] - Test case being Executed: 2
[INFO ][2015-11-04 12:38:34,362][com.java.SeleniumDriver] [  800] - Test step:39
[INFO ][2015-11-04 12:38:34,362][com.java.SeleniumDriver] [  812] - Datavalue is----------null
[DEBUG][2015-11-04 12:38:34,362][com.java.SeleniumDriver] [  830] - Exception: null
[INFO ][2015-11-04 12:38:34,362][com.java.SeleniumDriver] [  836] - DataField : XPH//tbody[@class="ui-sortable"]/tr//a[last()-1]
[INFO ][2015-11-04 12:38:34,362][com.java.SeleniumDriver] [  838] - DataValue : 
[INFO ][2015-11-04 12:38:34,362][com.java.SeleniumDriver] [  844] - <In Set values of the page>
[INFO ][2015-11-04 12:38:34,362][com.java.SeleniumDriver] [  847] - {Data Fields & Data Values Exist}
[INFO ][2015-11-04 12:38:34,362][com.java.SeleniumDriver] [  849] - --------------------------setting values-----------------------------
[INFO ][2015-11-04 12:38:34,363][com.java.SeleniumDriver] [  852] - Action Type : CLICK
[INFO ][2015-11-04 12:38:34,363][com.java.TestType] [ 4063] - Field ::XPH//tbody[@class="ui-sortable"]/tr//a[last()-1]
[INFO ][2015-11-04 12:38:35,363][com.java.TestType] [ 4122] - BEFORE CLICK
[INFO ][2015-11-04 12:38:37,796][com.java.TestType] [ 4130] - Unable to click the object EditButton 
[INFO ][2015-11-04 12:38:37,796][com.java.SeleniumDriver] [  861] -  RESULT true
[INFO ][2015-11-04 12:38:37,796][com.java.SeleniumDriver] [ 1066] - ?   P A S S   ?
[INFO ][2015-11-04 12:38:37,796][com.java.SeleniumDriver] [  788] - ------------------------------------------
[INFO ][2015-11-04 12:38:37,796][com.java.SeleniumDriver] [  789] - Test case being Executed: 2
[INFO ][2015-11-04 12:38:37,796][com.java.SeleniumDriver] [  800] - Test step:40
[INFO ][2015-11-04 12:38:37,796][com.java.SeleniumDriver] [  812] - Datavalue is----------3
[INFO ][2015-11-04 12:38:37,796][com.java.SeleniumDriver] [  836] - DataField : XPH//input[@class='ember-view ember-text-field form-control']
[INFO ][2015-11-04 12:38:37,796][com.java.SeleniumDriver] [  838] - DataValue : 3
[INFO ][2015-11-04 12:38:37,796][com.java.SeleniumDriver] [  844] - <In Set values of the page>
[INFO ][2015-11-04 12:38:37,796][com.java.SeleniumDriver] [  847] - {Data Fields & Data Values Exist}
[INFO ][2015-11-04 12:38:37,796][com.java.SeleniumDriver] [  849] - --------------------------setting values-----------------------------
[INFO ][2015-11-04 12:38:37,797][com.java.SeleniumDriver] [  852] - Action Type : WAITFORELEMENT
[INFO ][2015-11-04 12:38:37,820][com.java.SeleniumDriver] [  861] -  RESULT true
[INFO ][2015-11-04 12:38:37,820][com.java.SeleniumDriver] [ 1066] - ?   P A S S   ?
[INFO ][2015-11-04 12:38:37,820][com.java.SeleniumDriver] [  788] - ------------------------------------------
[INFO ][2015-11-04 12:38:37,820][com.java.SeleniumDriver] [  789] - Test case being Executed: 2
[INFO ][2015-11-04 12:38:37,820][com.java.SeleniumDriver] [  800] - Test step:41
[INFO ][2015-11-04 12:38:37,820][com.java.SeleniumDriver] [  812] - Datavalue is----------null
[DEBUG][2015-11-04 12:38:37,820][com.java.SeleniumDriver] [  830] - Exception: null
[INFO ][2015-11-04 12:38:37,820][com.java.SeleniumDriver] [  836] - DataField : XPH//input[@class='ember-view ember-text-field form-control']
[INFO ][2015-11-04 12:38:37,821][com.java.SeleniumDriver] [  838] - DataValue : 
[INFO ][2015-11-04 12:38:37,821][com.java.SeleniumDriver] [  844] - <In Set values of the page>
[INFO ][2015-11-04 12:38:37,821][com.java.SeleniumDriver] [  847] - {Data Fields & Data Values Exist}
[INFO ][2015-11-04 12:38:37,821][com.java.SeleniumDriver] [  849] - --------------------------setting values-----------------------------
[INFO ][2015-11-04 12:38:37,821][com.java.SeleniumDriver] [  852] - Action Type : CLICK
[INFO ][2015-11-04 12:38:37,821][com.java.TestType] [ 4063] - Field ::XPH//input[@class='ember-view ember-text-field form-control']
[INFO ][2015-11-04 12:38:38,821][com.java.TestType] [ 4122] - BEFORE CLICK
[INFO ][2015-11-04 12:38:39,579][com.java.TestType] [ 4130] - Unable to click the object Report name to be edited
[INFO ][2015-11-04 12:38:39,579][com.java.SeleniumDriver] [  861] -  RESULT true
[INFO ][2015-11-04 12:38:39,579][com.java.SeleniumDriver] [ 1066] - ?   P A S S   ?
[INFO ][2015-11-04 12:38:39,579][com.java.SeleniumDriver] [  788] - ------------------------------------------
[INFO ][2015-11-04 12:38:39,579][com.java.SeleniumDriver] [  789] - Test case being Executed: 2
[INFO ][2015-11-04 12:38:39,579][com.java.SeleniumDriver] [  800] - Test step:42
[INFO ][2015-11-04 12:38:39,579][com.java.SeleniumDriver] [  812] - Datavalue is----------null
[DEBUG][2015-11-04 12:38:39,579][com.java.SeleniumDriver] [  830] - Exception: null
[INFO ][2015-11-04 12:38:39,579][com.java.SeleniumDriver] [  836] - DataField : TXT//input[@class='ember-view ember-text-field form-control']
[INFO ][2015-11-04 12:38:39,579][com.java.SeleniumDriver] [  838] - DataValue : 
[INFO ][2015-11-04 12:38:39,579][com.java.SeleniumDriver] [  844] - <In Set values of the page>
[INFO ][2015-11-04 12:38:39,579][com.java.SeleniumDriver] [  847] - {Data Fields & Data Values Exist}
[INFO ][2015-11-04 12:38:39,579][com.java.SeleniumDriver] [  849] - --------------------------setting values-----------------------------
[INFO ][2015-11-04 12:38:39,580][com.java.SeleniumDriver] [  852] - Action Type : ENTER
[INFO ][2015-11-04 12:38:39,580][com.java.TestType] [ 4383] - field = //input[@class='ember-view ember-text-field form-control']
[INFO ][2015-11-04 12:38:39,580][com.java.TestType] [ 3750] - value = 
[INFO ][2015-11-04 12:38:40,325][com.java.SeleniumDriver] [  861] -  RESULT true
[INFO ][2015-11-04 12:38:40,326][com.java.SeleniumDriver] [ 1066] - ?   P A S S   ?
[INFO ][2015-11-04 12:38:40,326][com.java.SeleniumDriver] [  788] - ------------------------------------------
[INFO ][2015-11-04 12:38:40,326][com.java.SeleniumDriver] [  789] - Test case being Executed: 2
[INFO ][2015-11-04 12:38:40,326][com.java.SeleniumDriver] [  800] - Test step:43
[INFO ][2015-11-04 12:38:40,326][com.java.SeleniumDriver] [  812] - Datavalue is----------null
[DEBUG][2015-11-04 12:38:40,326][com.java.SeleniumDriver] [  830] - Exception: null
[INFO ][2015-11-04 12:38:40,326][com.java.SeleniumDriver] [  836] - DataField : XPH//div[@class='ui-widget-content']/div/button[2]
[INFO ][2015-11-04 12:38:40,326][com.java.SeleniumDriver] [  838] - DataValue : 
[INFO ][2015-11-04 12:38:40,326][com.java.SeleniumDriver] [  844] - <In Set values of the page>
[INFO ][2015-11-04 12:38:40,326][com.java.SeleniumDriver] [  847] - {Data Fields & Data Values Exist}
[INFO ][2015-11-04 12:38:40,326][com.java.SeleniumDriver] [  849] - --------------------------setting values-----------------------------
[INFO ][2015-11-04 12:38:40,326][com.java.SeleniumDriver] [  852] - Action Type : CLICK
[INFO ][2015-11-04 12:38:40,326][com.java.TestType] [ 4063] - Field ::XPH//div[@class='ui-widget-content']/div/button[2]
[INFO ][2015-11-04 12:38:41,327][com.java.TestType] [ 4122] - BEFORE CLICK
[INFO ][2015-11-04 12:38:42,130][com.java.TestType] [ 4130] - Unable to click the object Save Button
[INFO ][2015-11-04 12:38:42,130][com.java.SeleniumDriver] [  861] -  RESULT true
[INFO ][2015-11-04 12:38:42,130][com.java.SeleniumDriver] [ 1066] - ?   P A S S   ?
[INFO ][2015-11-04 12:38:42,130][com.java.SeleniumDriver] [  788] - ------------------------------------------
[INFO ][2015-11-04 12:38:42,130][com.java.SeleniumDriver] [  789] - Test case being Executed: 2
[INFO ][2015-11-04 12:38:42,130][com.java.SeleniumDriver] [  800] - Test step:44
[INFO ][2015-11-04 12:38:42,130][com.java.SeleniumDriver] [  812] - Datavalue is----------//tbody[@class="ui-sortable"]/tr[2]
[INFO ][2015-11-04 12:38:42,130][com.java.SeleniumDriver] [  836] - DataField : //tbody[@class="ui-sortable"]/tr[1]
[INFO ][2015-11-04 12:38:42,130][com.java.SeleniumDriver] [  838] - DataValue : //tbody[@class="ui-sortable"]/tr[2]
[INFO ][2015-11-04 12:38:42,130][com.java.SeleniumDriver] [  844] - <In Set values of the page>
[INFO ][2015-11-04 12:38:42,130][com.java.SeleniumDriver] [  847] - {Data Fields & Data Values Exist}
[INFO ][2015-11-04 12:38:42,130][com.java.SeleniumDriver] [  849] - --------------------------setting values-----------------------------
[INFO ][2015-11-04 12:38:42,130][com.java.SeleniumDriver] [  852] - Action Type : DRAGANDDROP
[INFO ][2015-11-04 12:38:43,737][com.java.SeleniumDriver] [  861] -  RESULT true
[INFO ][2015-11-04 12:38:43,738][com.java.SeleniumDriver] [ 1066] - ?   P A S S   ?
[INFO ][2015-11-04 12:38:43,738][com.java.SeleniumDriver] [  788] - ------------------------------------------
[INFO ][2015-11-04 12:38:43,738][com.java.SeleniumDriver] [  789] - Test case being Executed: 2
[INFO ][2015-11-04 12:38:43,738][com.java.SeleniumDriver] [  800] - Test step:45
[INFO ][2015-11-04 12:38:43,738][com.java.SeleniumDriver] [  812] - Datavalue is----------null
[DEBUG][2015-11-04 12:38:43,738][com.java.SeleniumDriver] [  830] - Exception: null
[INFO ][2015-11-04 12:38:43,738][com.java.SeleniumDriver] [  836] - DataField : BTN//div[@class='container']/div/div[3]/a/span[contains(@class, 'lyphicon-remove')]
[INFO ][2015-11-04 12:38:43,738][com.java.SeleniumDriver] [  838] - DataValue : 
[INFO ][2015-11-04 12:38:43,738][com.java.SeleniumDriver] [  844] - <In Set values of the page>
[INFO ][2015-11-04 12:38:43,738][com.java.SeleniumDriver] [  847] - {Data Fields & Data Values Exist}
[INFO ][2015-11-04 12:38:43,738][com.java.SeleniumDriver] [  849] - --------------------------setting values-----------------------------
[INFO ][2015-11-04 12:38:43,738][com.java.SeleniumDriver] [  852] - Action Type : CLICK
[INFO ][2015-11-04 12:38:43,738][com.java.TestType] [ 4063] - Field ::BTN//div[@class='container']/div/div[3]/a/span[contains(@class, 'lyphicon-remove')]
[INFO ][2015-11-04 12:38:44,739][com.java.TestType] [ 4101] - BEFORE CLICK
[INFO ][2015-11-04 12:38:44,923][com.java.TestType] [ 4108] - Unable to click the object Delete Button
[INFO ][2015-11-04 12:38:44,924][com.java.SeleniumDriver] [  861] -  RESULT true
[INFO ][2015-11-04 12:38:44,924][com.java.SeleniumDriver] [ 1066] - ?   P A S S   ?
[INFO ][2015-11-04 12:38:44,924][com.java.SeleniumDriver] [  788] - ------------------------------------------
[INFO ][2015-11-04 12:38:44,924][com.java.SeleniumDriver] [  789] - Test case being Executed: 2
[INFO ][2015-11-04 12:38:44,924][com.java.SeleniumDriver] [  800] - Test step:46
[INFO ][2015-11-04 12:38:44,924][com.java.SeleniumDriver] [  812] - Datavalue is----------null
[DEBUG][2015-11-04 12:38:44,924][com.java.SeleniumDriver] [  830] - Exception: null
[INFO ][2015-11-04 12:38:44,924][com.java.SeleniumDriver] [  836] - DataField : null
[INFO ][2015-11-04 12:38:44,924][com.java.SeleniumDriver] [  838] - DataValue : 
[INFO ][2015-11-04 12:38:44,924][com.java.SeleniumDriver] [  844] - <In Set values of the page>
[INFO ][2015-11-04 12:38:44,924][com.java.SeleniumDriver] [  847] - {Data Fields & Data Values Exist}
[INFO ][2015-11-04 12:38:44,924][com.java.SeleniumDriver] [  849] - --------------------------setting values-----------------------------
[INFO ][2015-11-04 12:38:44,924][com.java.SeleniumDriver] [  852] - Action Type : WAITTIME
[DEBUG][2015-11-04 12:38:44,925][com.java.TestType] [ 3654] - sleepTime: 10000
[INFO ][2015-11-04 12:38:54,926][com.java.SeleniumDriver] [  861] -  RESULT true
[INFO ][2015-11-04 12:38:54,926][com.java.SeleniumDriver] [ 1066] - ?   P A S S   ?
[DEBUG][2015-11-04 12:38:54,926][com.java.SeleniumDriver] [ 1168] - Case found
[DEBUG][2015-11-04 12:38:54,926][com.java.SeleniumDriver] [ 1173] - Incrementing ReportCounters[0]:2
[INFO ][2015-11-04 12:38:54,926][com.java.SeleniumDriver] [ 1192] - The results are-------------------[2, 1, Report Package: Run Report Package to Email, Pass, , Wed Nov 04 12:37:44 IST 2015, 2, 3, Report Package: Run Report Package to Email, Pass, , Wed Nov 04 12:37:49 IST 2015, 2, 4, Report Package: Set Up, Pass, , Wed Nov 04 12:37:58 IST 2015, 2, 5, Report Package: Run Report Package to Email, Pass, , Wed Nov 04 12:38:00 IST 2015, 2, 6, Report Package: Set Up, Pass, , Wed Nov 04 12:38:01 IST 2015, 2, 7, Report Package: Run Report Package to Email, Pass, , Wed Nov 04 12:38:01 IST 2015, 2, 8, Report Package: Run Report Package to Email, Pass, , Wed Nov 04 12:38:01 IST 2015, 2, 9, Report Package: Set Up, Pass, , Wed Nov 04 12:38:03 IST 2015, 2, 10, Report Package: Run Report Package to Email, Pass, , Wed Nov 04 12:38:03 IST 2015, 2, 11, Report Package: Set Up, Pass, , Wed Nov 04 12:38:03 IST 2015, 2, 12, Report Package: Run Report Package to Email, Pass, , Wed Nov 04 12:38:03 IST 2015, 2, 13, Report Package: Set Up, Pass, , Wed Nov 04 12:38:05 IST 2015, 2, 14, Report Package: Run Report Package to Email, Pass, , Wed Nov 04 12:38:06 IST 2015, 2, 15, Report Package: Run Report Package to Email, Pass, , Wed Nov 04 12:38:16 IST 2015, 2, 16, Report Package: Run Report Package to Email, Pass, , Wed Nov 04 12:38:16 IST 2015, 2, 17, Report Package: Run Report Package to Email, Pass, , Wed Nov 04 12:38:16 IST 2015, 2, 18, Report Package: Set Up, Pass, , Wed Nov 04 12:38:19 IST 2015, 2, 19, Report Package: Run Report Package to Email, Pass, , Wed Nov 04 12:38:19 IST 2015, 2, 20, Report Package: Set Up, Pass, , Wed Nov 04 12:38:19 IST 2015, 2, 21, Report Package: Run Report Package to Email, Pass, , Wed Nov 04 12:38:21 IST 2015, 2, 22, Report Package: Set Up, Pass, , Wed Nov 04 12:38:22 IST 2015, 2, 23, Report Package: Run Report Package to Email, Pass, , Wed Nov 04 12:38:22 IST 2015, 2, 24, Report Package: Set Up, Pass, , Wed Nov 04 12:38:22 IST 2015, 2, 25, Report Package: Run Report Package to Email, Pass, , Wed Nov 04 12:38:22 IST 2015, 2, 26, Report Package: Set Up, Pass, , Wed Nov 04 12:38:24 IST 2015, 2, 27, Report Package: Run Report Package to Email, Pass, , Wed Nov 04 12:38:25 IST 2015, 2, 28, Report Package: Run Report Package to Email, Pass, , Wed Nov 04 12:38:28 IST 2015, 2, 29, Report Package: Set Up, Pass, , Wed Nov 04 12:38:28 IST 2015, 2, 30, Report Package: Run Report Package to Email, Pass, , Wed Nov 04 12:38:28 IST 2015, 2, 31, Report Package: Set Up, Pass, , Wed Nov 04 12:38:29 IST 2015, 2, 32, Report Package: Run Report Package to Email, Pass, , Wed Nov 04 12:38:29 IST 2015, 2, 33, Report Package: Set Up, Pass, , Wed Nov 04 12:38:31 IST 2015, 2, 34, Report Package: Run Report Package to Email, Pass, , Wed Nov 04 12:38:32 IST 2015, 2, 35, Report Package: Set Up, Pass, , Wed Nov 04 12:38:34 IST 2015, 2, 36, Report Package: Run Report Package to Email, Pass, , Wed Nov 04 12:38:34 IST 2015, 2, 37, Report Package: Set Up, Pass, , Wed Nov 04 12:38:34 IST 2015, 2, 38, Report Package: Set Up, Pass, , Wed Nov 04 12:38:34 IST 2015, 2, 39, Report Package: Set Up, Pass, , Wed Nov 04 12:38:37 IST 2015, 2, 40, Report Package: Run Report Package to Email, Pass, , Wed Nov 04 12:38:37 IST 2015, 2, 41, Report Package: Set Up, Pass, , Wed Nov 04 12:38:39 IST 2015, 2, 42, Report Package: Run Report Package to Email, Pass, , Wed Nov 04 12:38:40 IST 2015, 2, 43, Report Package: Set Up, Pass, , Wed Nov 04 12:38:42 IST 2015, 2, 44, Report Package: Run Report Package to Email, Pass, , Wed Nov 04 12:38:43 IST 2015, 2, 45, Report Package: Set Up, Pass, , Wed Nov 04 12:38:44 IST 2015, 2, 46, Report Package: Run Report Package to Email, Pass, , Wed Nov 04 12:38:54 IST 2015]
[INFO ][2015-11-04 12:38:54,926][com.java.SeleniumDriver] [ 1196] - End time is-------2 min 22 sec
[INFO ][2015-11-04 12:38:54,926][com.java.SeleniumDriver] [ 1197] - The results are-------------------[2, 1, Report Package: Run Report Package to Email, Pass, , Wed Nov 04 12:37:44 IST 2015, 2, 3, Report Package: Run Report Package to Email, Pass, , Wed Nov 04 12:37:49 IST 2015, 2, 4, Report Package: Set Up, Pass, , Wed Nov 04 12:37:58 IST 2015, 2, 5, Report Package: Run Report Package to Email, Pass, , Wed Nov 04 12:38:00 IST 2015, 2, 6, Report Package: Set Up, Pass, , Wed Nov 04 12:38:01 IST 2015, 2, 7, Report Package: Run Report Package to Email, Pass, , Wed Nov 04 12:38:01 IST 2015, 2, 8, Report Package: Run Report Package to Email, Pass, , Wed Nov 04 12:38:01 IST 2015, 2, 9, Report Package: Set Up, Pass, , Wed Nov 04 12:38:03 IST 2015, 2, 10, Report Package: Run Report Package to Email, Pass, , Wed Nov 04 12:38:03 IST 2015, 2, 11, Report Package: Set Up, Pass, , Wed Nov 04 12:38:03 IST 2015, 2, 12, Report Package: Run Report Package to Email, Pass, , Wed Nov 04 12:38:03 IST 2015, 2, 13, Report Package: Set Up, Pass, , Wed Nov 04 12:38:05 IST 2015, 2, 14, Report Package: Run Report Package to Email, Pass, , Wed Nov 04 12:38:06 IST 2015, 2, 15, Report Package: Run Report Package to Email, Pass, , Wed Nov 04 12:38:16 IST 2015, 2, 16, Report Package: Run Report Package to Email, Pass, , Wed Nov 04 12:38:16 IST 2015, 2, 17, Report Package: Run Report Package to Email, Pass, , Wed Nov 04 12:38:16 IST 2015, 2, 18, Report Package: Set Up, Pass, , Wed Nov 04 12:38:19 IST 2015, 2, 19, Report Package: Run Report Package to Email, Pass, , Wed Nov 04 12:38:19 IST 2015, 2, 20, Report Package: Set Up, Pass, , Wed Nov 04 12:38:19 IST 2015, 2, 21, Report Package: Run Report Package to Email, Pass, , Wed Nov 04 12:38:21 IST 2015, 2, 22, Report Package: Set Up, Pass, , Wed Nov 04 12:38:22 IST 2015, 2, 23, Report Package: Run Report Package to Email, Pass, , Wed Nov 04 12:38:22 IST 2015, 2, 24, Report Package: Set Up, Pass, , Wed Nov 04 12:38:22 IST 2015, 2, 25, Report Package: Run Report Package to Email, Pass, , Wed Nov 04 12:38:22 IST 2015, 2, 26, Report Package: Set Up, Pass, , Wed Nov 04 12:38:24 IST 2015, 2, 27, Report Package: Run Report Package to Email, Pass, , Wed Nov 04 12:38:25 IST 2015, 2, 28, Report Package: Run Report Package to Email, Pass, , Wed Nov 04 12:38:28 IST 2015, 2, 29, Report Package: Set Up, Pass, , Wed Nov 04 12:38:28 IST 2015, 2, 30, Report Package: Run Report Package to Email, Pass, , Wed Nov 04 12:38:28 IST 2015, 2, 31, Report Package: Set Up, Pass, , Wed Nov 04 12:38:29 IST 2015, 2, 32, Report Package: Run Report Package to Email, Pass, , Wed Nov 04 12:38:29 IST 2015, 2, 33, Report Package: Set Up, Pass, , Wed Nov 04 12:38:31 IST 2015, 2, 34, Report Package: Run Report Package to Email, Pass, , Wed Nov 04 12:38:32 IST 2015, 2, 35, Report Package: Set Up, Pass, , Wed Nov 04 12:38:34 IST 2015, 2, 36, Report Package: Run Report Package to Email, Pass, , Wed Nov 04 12:38:34 IST 2015, 2, 37, Report Package: Set Up, Pass, , Wed Nov 04 12:38:34 IST 2015, 2, 38, Report Package: Set Up, Pass, , Wed Nov 04 12:38:34 IST 2015, 2, 39, Report Package: Set Up, Pass, , Wed Nov 04 12:38:37 IST 2015, 2, 40, Report Package: Run Report Package to Email, Pass, , Wed Nov 04 12:38:37 IST 2015, 2, 41, Report Package: Set Up, Pass, , Wed Nov 04 12:38:39 IST 2015, 2, 42, Report Package: Run Report Package to Email, Pass, , Wed Nov 04 12:38:40 IST 2015, 2, 43, Report Package: Set Up, Pass, , Wed Nov 04 12:38:42 IST 2015, 2, 44, Report Package: Run Report Package to Email, Pass, , Wed Nov 04 12:38:43 IST 2015, 2, 45, Report Package: Set Up, Pass, , Wed Nov 04 12:38:44 IST 2015, 2, 46, Report Package: Run Report Package to Email, Pass, , Wed Nov 04 12:38:54 IST 2015]
[DEBUG][2015-11-04 12:38:54,926][com.java.ImportnExport.ExportTestResultsExcel] [  222] - testResultPath = D:\BankersDashboard/TestReports/Test Results_BankersDashBoard_110415_123634_IE11_Bank of North Carolina.xls
[DEBUG][2015-11-04 12:38:54,926][com.java.ImportnExport.ExportTestResultsExcel] [  223] - browser is------------IE11
[DEBUG][2015-11-04 12:38:54,929][com.java.ImportnExport.ExportTestResultsExcel] [  270] - result.size() = 270
[DEBUG][2015-11-04 12:38:54,929][com.java.ImportnExport.ExportTestResultsExcel] [  274] - No of rows in sheet=2
[DEBUG][2015-11-04 12:38:54,929][com.java.ImportnExport.ExportTestResultsExcel] [  301] - ..in export..2
[DEBUG][2015-11-04 12:38:54,929][com.java.ImportnExport.ExportTestResultsExcel] [  301] - ..in export..Report Package: Run Report Package to Email
[DEBUG][2015-11-04 12:38:54,929][com.java.ImportnExport.ExportTestResultsExcel] [  301] - ..in export..Pass
[DEBUG][2015-11-04 12:38:54,929][com.java.ImportnExport.ExportTestResultsExcel] [  301] - ..in export..
[DEBUG][2015-11-04 12:38:54,929][com.java.ImportnExport.ExportTestResultsExcel] [  301] - ..in export..Wed Nov 04 12:37:44 IST 2015
[INFO ][2015-11-04 12:38:54,930][com.java.SeleniumDriver] [ 1255] - out loop:1 size:2 TestCases:[1, 2] testcases:[1, 2]
[INFO ][2015-11-04 12:38:56,930][com.java.SeleniumDriver] [ 1297] - Total Number of Cases:2
[INFO ][2015-11-04 12:38:56,930][com.java.TemplateGenerator] [  302] - Executed:2
[INFO ][2015-11-04 12:38:56,930][com.java.TemplateGenerator] [  303] - Passed:2
[INFO ][2015-11-04 12:38:56,930][com.java.TemplateGenerator] [  304] - Failed:0
[INFO ][2015-11-04 12:38:56,930][com.java.TemplateGenerator] [  305] - Skipeed:0
[INFO ][2015-11-04 12:38:56,930][com.java.TemplateGenerator] [  306] - Application URL:https://clients-xuat.bankersdashboard.com
[INFO ][2015-11-04 12:38:56,930][com.java.TemplateGenerator] [  307] - Start Time:110415_123634
[INFO ][2015-11-04 12:38:56,930][com.java.TemplateGenerator] [  308] -  Creating HTML Report 
[ERROR][2015-11-04 12:38:56,931][com.java.TemplateGenerator] [  409] - Unparseable date: "Wed Nov 04 12:36:34 IST 2015"
[INFO ][2015-11-04 12:38:56,931][com.java.TemplateGenerator] [  654] -  Exporting case :: 1
[INFO ][2015-11-04 12:38:56,931][com.java.TemplateGenerator] [  654] -  Exporting case :: 2
[INFO ][2015-11-04 12:38:56,945][com.java.SeleniumDriver] [ 1346] - End Time:110415_123856
[INFO ][2015-11-04 12:38:56,945][com.java.SeleniumDriver] [ 1349] - Data in Test Execution Details:{1=PASS, 2=PASS}
[INFO ][2015-11-04 12:38:56,945][com.java.SeleniumDriver] [ 1350] - Data in Failed Execution Deatils:{}
[INFO ][2015-11-04 12:38:56,945][com.java.SeleniumDriver] [ 1352] - ReportCounter:Total:2 :: PASS: 2 ::FAIL: 0
[INFO ][2015-11-04 12:38:56,945][com.java.SeleniumDriver] [ 1353] - FailedReportCounter:Total:0 :: PASS: 0 ::FAIL: 0
[INFO ][2015-11-04 12:38:56,951][com.java.EmailTestReport] [   63] - Sending report mail details:
[INFO ][2015-11-04 12:38:56,951][com.java.EmailTestReport] [   80] - Excel Report Path:D:\BankersDashboard/TestReports/Test Results_BankersDashBoard_110415_123634_IE11_Bank of North Carolina.xls
[INFO ][2015-11-04 12:38:56,951][com.java.EmailTestReport] [   81] - HTML Report Path:D:\BankersDashboard//TestReports//Test Results_BankersDashBoard_110415_123634_IE11_Bank of North Carolina.html
[INFO ][2015-11-04 12:38:56,951][com.java.EmailTestReport] [   82] - smtpHostName:mail01.valuelabs.com
[INFO ][2015-11-04 12:38:56,951][com.java.EmailTestReport] [   83] - Recipient:venkateswararao.gubbala@valuelabs.com
[INFO ][2015-11-04 12:38:56,951][com.java.EmailTestReport] [   84] - From:venkateswararao.gubbala@valuelabs.com
[INFO ][2015-11-04 12:38:56,951][com.java.EmailTestReport] [   85] - Subject:Deluxe Corp Bankers Dashboard Automation Test Report - Bank of North Carolina - IE11
[INFO ][2015-11-04 12:38:56,967][com.java.EmailTestReport] [  143] -  Added venkateswararao.gubbala@valuelabs.com
[INFO ][2015-11-04 12:39:00,350][com.java.SeleniumDriver] [  719] - quitting the browser 
[INFO ][2015-11-04 12:39:01,699][com.java.SeleniumDriver] [  263] - Execution Completed Stopping the thread
