[INFO ][2015-11-19 16:17:40,610][com.java.SeleniumDriver] [  213] - Execute Failed Casesfalse
[INFO ][2015-11-19 16:17:40,610][com.java.SeleniumDriver] [  214] - Browser: IE10
[INFO ][2015-11-19 16:17:40,610][com.java.SeleniumDriver] [  215] - [22]
[INFO ][2015-11-19 16:17:40,610][com.java.SeleniumDriver] [  216] - Total TestCases:1
[INFO ][2015-11-19 16:17:40,610][com.java.SeleniumDriver] [  217] -  Reading Properties from Property File 
[DEBUG][2015-11-19 16:17:40,610][com.java.SeleniumDriver] [  238] - url : https://clients-xuat.bankersdashboard.com
[INFO ][2015-11-19 16:17:40,610][com.java.ImportnExport.ExportTestResultsExcel] [  116] - Time Stamp Thu Nov 19 04:17:40 IST 2015
[INFO ][2015-11-19 16:17:40,610][com.java.ImportnExport.ExportTestResultsExcel] [  175] - OUT FILE : D:\BankersDashboard/TestReports/Test Results_BankersDashBoard_111915_161740_IE10_Any Bank USA.xls
[INFO ][2015-11-19 16:17:40,641][com.java.ImportnExport.ExportTestResultsExcel] [  180] - Test Result file is created
[DEBUG][2015-11-19 16:17:40,741][com.java.SeleniumDriver] [  425] - Hub ip address is-------172.17.68.34
[INFO ][2015-11-19 16:17:40,741][com.java.SeleniumDriver] [  451] - Grid URL:http://172.17.68.34:4444/wd/hub
[INFO ][2015-11-19 16:17:40,741][com.java.SeleniumDriver] [  452] - Capability:Capabilities [{platform=ANY, ensureCleanSession=true, ignoreProtectedModeSettings=true, acceptSslCerts=true, ignoreZoomSetting=true, browserName=internet explorer, browserstack.ie.noFlash=true, version=null}]
[ERROR][2015-11-19 16:17:42,071][com.java.SeleniumDriver] [  496] - Unable invoke browser in grid:Could not start a new session. Possible causes are invalid address of the remote server or browser start-up failure.
Build info: version: '2.48.2', revision: '41bccdd', time: '2015-10-09 19:59:12'
System info: host: 'FVTIII438F1D', ip: '172.17.68.34', os.name: 'Windows 7', os.arch: 'x86', os.version: '6.1', java.version: '1.7.0_55'
Driver info: driver.version: SeleniumDriver
[INFO ][2015-11-19 16:17:42,071][com.java.SeleniumDriver] [  498] - Executing on local machine
[INFO ][2015-11-19 16:17:51,357][com.java.SeleniumDriver] [  248] - IE10is opened
[INFO ][2015-11-19 16:17:52,232][com.java.SeleniumDriver] [  753] - Test cases to be executed are: [22]
[INFO ][2015-11-19 16:17:52,263][com.java.ImportnExport.ImportTestDataDetailsExcel] [   49] - test data details path===== D:\BankersDashboard\TestInputs\TestData.xls
[INFO ][2015-11-19 16:17:52,323][com.java.SeleniumDriver] [  796] - ------------------------------------------
[INFO ][2015-11-19 16:17:52,323][com.java.SeleniumDriver] [  797] - Test case being Executed: 22
[INFO ][2015-11-19 16:17:52,323][com.java.SeleniumDriver] [  808] - Test step:1
[INFO ][2015-11-19 16:17:52,323][com.java.SeleniumDriver] [  820] - Datavalue is----------Logout
[INFO ][2015-11-19 16:17:52,323][com.java.SeleniumDriver] [  844] - DataField : BTN
[INFO ][2015-11-19 16:17:52,323][com.java.SeleniumDriver] [  846] - DataValue : Logout
[INFO ][2015-11-19 16:17:52,323][com.java.SeleniumDriver] [  852] - <In Set values of the page>
[INFO ][2015-11-19 16:17:52,323][com.java.SeleniumDriver] [  855] - {Data Fields & Data Values Exist}
[INFO ][2015-11-19 16:17:52,323][com.java.SeleniumDriver] [  857] - --------------------------setting values-----------------------------
[INFO ][2015-11-19 16:17:52,323][com.java.SeleniumDriver] [  860] - Action Type : Verify
[INFO ][2015-11-19 16:17:52,363][com.java.TestType] [ 5614] - field= BTN value= Logout
[INFO ][2015-11-19 16:17:52,363][com.java.TestType] [ 4507] - value = Logout
[ERROR][2015-11-19 16:18:09,393][com.java.TestType] [ 6275] - Assertion Error: 
[INFO ][2015-11-19 16:18:09,393][com.java.SeleniumDriver] [  869] -  RESULT false
[INFO ][2015-11-19 16:18:09,393][com.java.SeleniumDriver] [  916] - ?   F A I L   ?
[INFO ][2015-11-19 16:18:09,393][com.java.SeleniumDriver] [  924] - Browser Type : IE10
[INFO ][2015-11-19 16:18:09,393][com.java.SeleniumDriver] [  925] - Adding Failed case22
[DEBUG][2015-11-19 16:18:10,024][com.java.SeleniumDriver] [  992] -  tdd.getCondition() IF:3:Next
[INFO ][2015-11-19 16:18:10,024][com.java.SeleniumDriver] [  996] - Continue next step...
[INFO ][2015-11-19 16:18:10,024][com.java.SeleniumDriver] [  796] - ------------------------------------------
[INFO ][2015-11-19 16:18:10,024][com.java.SeleniumDriver] [  797] - Test case being Executed: 22
[INFO ][2015-11-19 16:18:10,024][com.java.SeleniumDriver] [  808] - Test step:2
[INFO ][2015-11-19 16:18:10,024][com.java.SeleniumDriver] [  820] - Datavalue is----------Concept#1:1-14
[INFO ][2015-11-19 16:18:10,024][com.java.SeleniumDriver] [  844] - DataField : test
[INFO ][2015-11-19 16:18:10,024][com.java.SeleniumDriver] [  846] - DataValue : Concept#1:1-14
[INFO ][2015-11-19 16:18:10,024][com.java.SeleniumDriver] [  852] - <In Set values of the page>
[INFO ][2015-11-19 16:18:10,024][com.java.SeleniumDriver] [  855] - {Data Fields & Data Values Exist}
[INFO ][2015-11-19 16:18:10,024][com.java.SeleniumDriver] [  857] - --------------------------setting values-----------------------------
[INFO ][2015-11-19 16:18:10,024][com.java.SeleniumDriver] [  860] - Action Type : ExecuteTestCase
[INFO ][2015-11-19 16:18:10,024][com.java.TestType] [  431] - The Concept sheet name is ---------- Concept
[INFO ][2015-11-19 16:18:10,024][com.java.TestType] [  434] - The Concept ID  is ---------- 1
[DEBUG][2015-11-19 16:18:10,024][com.java.TestType] [  438] - Steps being executted in the Concept are: 1:14
[INFO ][2015-11-19 16:18:10,024][com.java.TestType] [  445] - Test data details path ---------- D:\BankersDashboard\TestInputs\TestData.xls
[INFO ][2015-11-19 16:18:10,054][com.java.TestType] [  476] -  str(1) = 1
[INFO ][2015-11-19 16:18:10,054][com.java.TestType] [  479] - Test case Id is---1
[INFO ][2015-11-19 16:18:10,054][com.java.TestType] [  481] - 1
[INFO ][2015-11-19 16:18:10,054][com.java.TestType] [  476] -  str(2) = 1
[INFO ][2015-11-19 16:18:10,064][com.java.TestType] [  528] - row values are--------{1=com.java.Objects.TestDataDetails@1ed46c0}
[INFO ][2015-11-19 16:18:10,064][com.java.TestType] [  476] -  str(1) = 1
[INFO ][2015-11-19 16:18:10,064][com.java.TestType] [  479] - Test case Id is---1
[INFO ][2015-11-19 16:18:10,064][com.java.TestType] [  481] - 1
[INFO ][2015-11-19 16:18:10,064][com.java.TestType] [  476] -  str(2) = 2
[INFO ][2015-11-19 16:18:10,064][com.java.TestType] [  528] - row values are--------{1=com.java.Objects.TestDataDetails@1ed46c0, 2=com.java.Objects.TestDataDetails@ebda13}
[INFO ][2015-11-19 16:18:10,064][com.java.TestType] [  476] -  str(1) = 1
[INFO ][2015-11-19 16:18:10,064][com.java.TestType] [  479] - Test case Id is---1
[INFO ][2015-11-19 16:18:10,064][com.java.TestType] [  481] - 1
[INFO ][2015-11-19 16:18:10,064][com.java.TestType] [  476] -  str(2) = 3
[INFO ][2015-11-19 16:18:10,064][com.java.TestType] [  528] - row values are--------{1=com.java.Objects.TestDataDetails@1ed46c0, 2=com.java.Objects.TestDataDetails@ebda13, 3=com.java.Objects.TestDataDetails@c11e6d}
[INFO ][2015-11-19 16:18:10,064][com.java.TestType] [  476] -  str(1) = 1
[INFO ][2015-11-19 16:18:10,064][com.java.TestType] [  479] - Test case Id is---1
[INFO ][2015-11-19 16:18:10,064][com.java.TestType] [  481] - 1
[INFO ][2015-11-19 16:18:10,064][com.java.TestType] [  476] -  str(2) = 4
[INFO ][2015-11-19 16:18:10,064][com.java.TestType] [  528] - row values are--------{1=com.java.Objects.TestDataDetails@1ed46c0, 2=com.java.Objects.TestDataDetails@ebda13, 3=com.java.Objects.TestDataDetails@c11e6d, 4=com.java.Objects.TestDataDetails@e3a908}
[INFO ][2015-11-19 16:18:10,064][com.java.TestType] [  476] -  str(1) = 1
[INFO ][2015-11-19 16:18:10,064][com.java.TestType] [  479] - Test case Id is---1
[INFO ][2015-11-19 16:18:10,064][com.java.TestType] [  481] - 1
[INFO ][2015-11-19 16:18:10,064][com.java.TestType] [  476] -  str(2) = 5
[INFO ][2015-11-19 16:18:10,064][com.java.TestType] [  528] - row values are--------{1=com.java.Objects.TestDataDetails@1ed46c0, 2=com.java.Objects.TestDataDetails@ebda13, 3=com.java.Objects.TestDataDetails@c11e6d, 4=com.java.Objects.TestDataDetails@e3a908, 5=com.java.Objects.TestDataDetails@1736dd4}
[INFO ][2015-11-19 16:18:10,064][com.java.TestType] [  476] -  str(1) = 1
[INFO ][2015-11-19 16:18:10,064][com.java.TestType] [  479] - Test case Id is---1
[INFO ][2015-11-19 16:18:10,064][com.java.TestType] [  481] - 1
[INFO ][2015-11-19 16:18:10,064][com.java.TestType] [  476] -  str(2) = 6
[INFO ][2015-11-19 16:18:10,064][com.java.TestType] [  528] - row values are--------{1=com.java.Objects.TestDataDetails@1ed46c0, 2=com.java.Objects.TestDataDetails@ebda13, 3=com.java.Objects.TestDataDetails@c11e6d, 4=com.java.Objects.TestDataDetails@e3a908, 5=com.java.Objects.TestDataDetails@1736dd4, 6=com.java.Objects.TestDataDetails@140a941}
[INFO ][2015-11-19 16:18:10,064][com.java.TestType] [  476] -  str(1) = 1
[INFO ][2015-11-19 16:18:10,064][com.java.TestType] [  479] - Test case Id is---1
[INFO ][2015-11-19 16:18:10,064][com.java.TestType] [  481] - 1
[INFO ][2015-11-19 16:18:10,064][com.java.TestType] [  476] -  str(2) = 7
[INFO ][2015-11-19 16:18:10,064][com.java.TestType] [  528] - row values are--------{1=com.java.Objects.TestDataDetails@1ed46c0, 2=com.java.Objects.TestDataDetails@ebda13, 3=com.java.Objects.TestDataDetails@c11e6d, 4=com.java.Objects.TestDataDetails@e3a908, 5=com.java.Objects.TestDataDetails@1736dd4, 6=com.java.Objects.TestDataDetails@140a941, 7=com.java.Objects.TestDataDetails@1986eec}
[INFO ][2015-11-19 16:18:10,064][com.java.TestType] [  476] -  str(1) = 1
[INFO ][2015-11-19 16:18:10,064][com.java.TestType] [  479] - Test case Id is---1
[INFO ][2015-11-19 16:18:10,064][com.java.TestType] [  481] - 1
[INFO ][2015-11-19 16:18:10,064][com.java.TestType] [  476] -  str(2) = 8
[INFO ][2015-11-19 16:18:10,064][com.java.TestType] [  528] - row values are--------{1=com.java.Objects.TestDataDetails@1ed46c0, 2=com.java.Objects.TestDataDetails@ebda13, 3=com.java.Objects.TestDataDetails@c11e6d, 4=com.java.Objects.TestDataDetails@e3a908, 5=com.java.Objects.TestDataDetails@1736dd4, 6=com.java.Objects.TestDataDetails@140a941, 7=com.java.Objects.TestDataDetails@1986eec, 8=com.java.Objects.TestDataDetails@ae5788}
[INFO ][2015-11-19 16:18:10,064][com.java.TestType] [  476] -  str(1) = 1
[INFO ][2015-11-19 16:18:10,064][com.java.TestType] [  479] - Test case Id is---1
[INFO ][2015-11-19 16:18:10,064][com.java.TestType] [  481] - 1
[INFO ][2015-11-19 16:18:10,064][com.java.TestType] [  476] -  str(2) = 9
[INFO ][2015-11-19 16:18:10,074][com.java.TestType] [  528] - row values are--------{1=com.java.Objects.TestDataDetails@1ed46c0, 2=com.java.Objects.TestDataDetails@ebda13, 3=com.java.Objects.TestDataDetails@c11e6d, 4=com.java.Objects.TestDataDetails@e3a908, 5=com.java.Objects.TestDataDetails@1736dd4, 6=com.java.Objects.TestDataDetails@140a941, 7=com.java.Objects.TestDataDetails@1986eec, 8=com.java.Objects.TestDataDetails@ae5788, 9=com.java.Objects.TestDataDetails@1379549}
[INFO ][2015-11-19 16:18:10,074][com.java.TestType] [  476] -  str(1) = 1
[INFO ][2015-11-19 16:18:10,074][com.java.TestType] [  479] - Test case Id is---1
[INFO ][2015-11-19 16:18:10,074][com.java.TestType] [  481] - 1
[INFO ][2015-11-19 16:18:10,074][com.java.TestType] [  476] -  str(2) = 10
[INFO ][2015-11-19 16:18:10,074][com.java.TestType] [  528] - row values are--------{1=com.java.Objects.TestDataDetails@1ed46c0, 2=com.java.Objects.TestDataDetails@ebda13, 3=com.java.Objects.TestDataDetails@c11e6d, 4=com.java.Objects.TestDataDetails@e3a908, 5=com.java.Objects.TestDataDetails@1736dd4, 6=com.java.Objects.TestDataDetails@140a941, 7=com.java.Objects.TestDataDetails@1986eec, 8=com.java.Objects.TestDataDetails@ae5788, 9=com.java.Objects.TestDataDetails@1379549, 10=com.java.Objects.TestDataDetails@1cbbac9}
[INFO ][2015-11-19 16:18:10,074][com.java.TestType] [  476] -  str(1) = 1
[INFO ][2015-11-19 16:18:10,074][com.java.TestType] [  479] - Test case Id is---1
[INFO ][2015-11-19 16:18:10,074][com.java.TestType] [  481] - 1
[INFO ][2015-11-19 16:18:10,074][com.java.TestType] [  476] -  str(2) = 11
[INFO ][2015-11-19 16:18:10,074][com.java.TestType] [  528] - row values are--------{1=com.java.Objects.TestDataDetails@1ed46c0, 2=com.java.Objects.TestDataDetails@ebda13, 3=com.java.Objects.TestDataDetails@c11e6d, 4=com.java.Objects.TestDataDetails@e3a908, 5=com.java.Objects.TestDataDetails@1736dd4, 6=com.java.Objects.TestDataDetails@140a941, 7=com.java.Objects.TestDataDetails@1986eec, 8=com.java.Objects.TestDataDetails@ae5788, 9=com.java.Objects.TestDataDetails@1379549, 10=com.java.Objects.TestDataDetails@1cbbac9, 11=com.java.Objects.TestDataDetails@24ee1c}
[INFO ][2015-11-19 16:18:10,074][com.java.TestType] [  476] -  str(1) = 1
[INFO ][2015-11-19 16:18:10,074][com.java.TestType] [  479] - Test case Id is---1
[INFO ][2015-11-19 16:18:10,074][com.java.TestType] [  481] - 1
[INFO ][2015-11-19 16:18:10,074][com.java.TestType] [  476] -  str(2) = 12
[INFO ][2015-11-19 16:18:10,074][com.java.TestType] [  528] - row values are--------{1=com.java.Objects.TestDataDetails@1ed46c0, 2=com.java.Objects.TestDataDetails@ebda13, 3=com.java.Objects.TestDataDetails@c11e6d, 4=com.java.Objects.TestDataDetails@e3a908, 5=com.java.Objects.TestDataDetails@1736dd4, 6=com.java.Objects.TestDataDetails@140a941, 7=com.java.Objects.TestDataDetails@1986eec, 8=com.java.Objects.TestDataDetails@ae5788, 9=com.java.Objects.TestDataDetails@1379549, 10=com.java.Objects.TestDataDetails@1cbbac9, 11=com.java.Objects.TestDataDetails@24ee1c, 12=com.java.Objects.TestDataDetails@1574c12}
[INFO ][2015-11-19 16:18:10,074][com.java.TestType] [  476] -  str(1) = 1
[INFO ][2015-11-19 16:18:10,074][com.java.TestType] [  479] - Test case Id is---1
[INFO ][2015-11-19 16:18:10,074][com.java.TestType] [  481] - 1
[INFO ][2015-11-19 16:18:10,074][com.java.TestType] [  476] -  str(2) = 13
[INFO ][2015-11-19 16:18:10,074][com.java.TestType] [  528] - row values are--------{1=com.java.Objects.TestDataDetails@1ed46c0, 2=com.java.Objects.TestDataDetails@ebda13, 3=com.java.Objects.TestDataDetails@c11e6d, 4=com.java.Objects.TestDataDetails@e3a908, 5=com.java.Objects.TestDataDetails@1736dd4, 6=com.java.Objects.TestDataDetails@140a941, 7=com.java.Objects.TestDataDetails@1986eec, 8=com.java.Objects.TestDataDetails@ae5788, 9=com.java.Objects.TestDataDetails@1379549, 10=com.java.Objects.TestDataDetails@1cbbac9, 11=com.java.Objects.TestDataDetails@24ee1c, 12=com.java.Objects.TestDataDetails@1574c12, 13=com.java.Objects.TestDataDetails@148ac73}
[INFO ][2015-11-19 16:18:10,074][com.java.TestType] [  476] -  str(1) = 1
[INFO ][2015-11-19 16:18:10,074][com.java.TestType] [  479] - Test case Id is---1
[INFO ][2015-11-19 16:18:10,074][com.java.TestType] [  481] - 1
[INFO ][2015-11-19 16:18:10,074][com.java.TestType] [  476] -  str(2) = 14
[INFO ][2015-11-19 16:18:10,074][com.java.TestType] [  528] - row values are--------{1=com.java.Objects.TestDataDetails@1ed46c0, 2=com.java.Objects.TestDataDetails@ebda13, 3=com.java.Objects.TestDataDetails@c11e6d, 4=com.java.Objects.TestDataDetails@e3a908, 5=com.java.Objects.TestDataDetails@1736dd4, 6=com.java.Objects.TestDataDetails@140a941, 7=com.java.Objects.TestDataDetails@1986eec, 8=com.java.Objects.TestDataDetails@ae5788, 9=com.java.Objects.TestDataDetails@1379549, 10=com.java.Objects.TestDataDetails@1cbbac9, 11=com.java.Objects.TestDataDetails@24ee1c, 12=com.java.Objects.TestDataDetails@1574c12, 13=com.java.Objects.TestDataDetails@148ac73, 14=com.java.Objects.TestDataDetails@ad15ca}
[INFO ][2015-11-19 16:18:10,074][com.java.TestType] [ 8852] - Looping 1TCID = 1
[DEBUG][2015-11-19 16:18:10,074][com.java.TestType] [ 8893] - Concept ID:1 :: Step being Executed: 1::1
[INFO ][2015-11-19 16:18:10,074][com.java.TestType] [ 8931] - dataFields : TXTusername
[DEBUG][2015-11-19 16:18:10,074][com.java.TestType] [ 8937] - <In Set values of the page>
[DEBUG][2015-11-19 16:18:10,074][com.java.TestType] [ 8942] - {Data Fields & Data Values Exist}
[INFO ][2015-11-19 16:18:10,074][com.java.TestType] [ 8948] - --------------------------setting values-----------------------------
[INFO ][2015-11-19 16:18:10,074][com.java.TestType] [ 8951] - Action Type : CLEARANDENTER
[INFO ][2015-11-19 16:18:10,074][com.java.TestType] [ 4507] - value = naresh.nayini.00000
[INFO ][2015-11-19 16:18:14,834][com.java.TestType] [ 8970] -  RESULT true
[INFO ][2015-11-19 16:18:14,834][com.java.TestType] [ 9087] - ?   P A S S   ?
[DEBUG][2015-11-19 16:18:14,834][com.java.TestType] [ 8893] - Concept ID:1 :: Step being Executed: 1::2
[INFO ][2015-11-19 16:18:14,834][com.java.TestType] [ 8931] - dataFields : TXTpassword
[DEBUG][2015-11-19 16:18:14,834][com.java.TestType] [ 8937] - <In Set values of the page>
[DEBUG][2015-11-19 16:18:14,834][com.java.TestType] [ 8942] - {Data Fields & Data Values Exist}
[INFO ][2015-11-19 16:18:14,834][com.java.TestType] [ 8948] - --------------------------setting values-----------------------------
[INFO ][2015-11-19 16:18:14,834][com.java.TestType] [ 8951] - Action Type : CLEARANDENTER
[INFO ][2015-11-19 16:18:14,834][com.java.TestType] [ 4507] - value = Password1*
[INFO ][2015-11-19 16:18:19,751][com.java.TestType] [ 8970] -  RESULT true
[INFO ][2015-11-19 16:18:19,751][com.java.TestType] [ 9087] - ?   P A S S   ?
[DEBUG][2015-11-19 16:18:19,751][com.java.TestType] [ 8893] - Concept ID:1 :: Step being Executed: 1::3
[ERROR][2015-11-19 16:18:19,751][com.java.TestType] [ 8926] - Exception: null
[INFO ][2015-11-19 16:18:19,751][com.java.TestType] [ 8931] - dataFields : XPH//button[@type='submit']
[DEBUG][2015-11-19 16:18:19,751][com.java.TestType] [ 8937] - <In Set values of the page>
[DEBUG][2015-11-19 16:18:19,751][com.java.TestType] [ 8942] - {Data Fields & Data Values Exist}
[INFO ][2015-11-19 16:18:19,751][com.java.TestType] [ 8948] - --------------------------setting values-----------------------------
[INFO ][2015-11-19 16:18:19,751][com.java.TestType] [ 8951] - Action Type : Click
[INFO ][2015-11-19 16:18:19,751][com.java.TestType] [ 4820] - Field ::XPH//button[@type='submit']
[INFO ][2015-11-19 16:18:20,751][com.java.TestType] [ 4879] - BEFORE CLICK
[INFO ][2015-11-19 16:18:21,603][com.java.TestType] [ 4887] - Unable to click the object Login
[INFO ][2015-11-19 16:18:21,603][com.java.TestType] [ 8970] -  RESULT true
[INFO ][2015-11-19 16:18:21,603][com.java.TestType] [ 9087] - ?   P A S S   ?
[DEBUG][2015-11-19 16:18:21,603][com.java.TestType] [ 8893] - Concept ID:1 :: Step being Executed: 1::4
[INFO ][2015-11-19 16:18:21,603][com.java.TestType] [ 8931] - dataFields : LNKLogout
[DEBUG][2015-11-19 16:18:21,603][com.java.TestType] [ 8937] - <In Set values of the page>
[DEBUG][2015-11-19 16:18:21,603][com.java.TestType] [ 8942] - {Data Fields & Data Values Exist}
[INFO ][2015-11-19 16:18:21,603][com.java.TestType] [ 8948] - --------------------------setting values-----------------------------
[INFO ][2015-11-19 16:18:21,603][com.java.TestType] [ 8951] - Action Type : WaitForElement
[INFO ][2015-11-19 16:18:29,297][com.java.TestType] [ 8970] -  RESULT true
[INFO ][2015-11-19 16:18:29,297][com.java.TestType] [ 9087] - ?   P A S S   ?
[DEBUG][2015-11-19 16:18:29,297][com.java.TestType] [ 8893] - Concept ID:1 :: Step being Executed: 1::13
[INFO ][2015-11-19 16:18:29,297][com.java.TestType] [ 8931] - dataFields : LNK
[DEBUG][2015-11-19 16:18:29,297][com.java.TestType] [ 8937] - <In Set values of the page>
[DEBUG][2015-11-19 16:18:29,297][com.java.TestType] [ 8942] - {Data Fields & Data Values Exist}
[INFO ][2015-11-19 16:18:29,297][com.java.TestType] [ 8948] - --------------------------setting values-----------------------------
[INFO ][2015-11-19 16:18:29,297][com.java.TestType] [ 8951] - Action Type : Verify
[INFO ][2015-11-19 16:18:29,297][com.java.TestType] [ 5614] - field= LNK value= Logout
[INFO ][2015-11-19 16:18:29,297][com.java.TestType] [ 4507] - value = Logout
[INFO ][2015-11-19 16:18:29,328][com.java.TestType] [ 8970] -  RESULT true
[INFO ][2015-11-19 16:18:29,328][com.java.TestType] [ 9087] - ?   P A S S   ?
[DEBUG][2015-11-19 16:18:29,328][com.java.TestType] [ 8893] - Concept ID:1 :: Step being Executed: 1::14
[INFO ][2015-11-19 16:18:29,328][com.java.TestType] [ 8931] - dataFields : BTN
[DEBUG][2015-11-19 16:18:29,328][com.java.TestType] [ 8937] - <In Set values of the page>
[DEBUG][2015-11-19 16:18:29,328][com.java.TestType] [ 8942] - {Data Fields & Data Values Exist}
[INFO ][2015-11-19 16:18:29,328][com.java.TestType] [ 8948] - --------------------------setting values-----------------------------
[INFO ][2015-11-19 16:18:29,328][com.java.TestType] [ 8951] - Action Type : Verify
[INFO ][2015-11-19 16:18:29,328][com.java.TestType] [ 5614] - field= BTN value= //img[contains(@src,'bdlogo.jpg')]
[INFO ][2015-11-19 16:18:29,328][com.java.TestType] [ 4507] - value = //img[contains(@src,'bdlogo.jpg')]
[INFO ][2015-11-19 16:18:29,358][com.java.TestType] [ 8970] -  RESULT true
[INFO ][2015-11-19 16:18:29,358][com.java.TestType] [ 9087] - ?   P A S S   ?
[INFO ][2015-11-19 16:18:29,358][com.java.TestType] [ 9158] - Looping End......
[INFO ][2015-11-19 16:18:29,358][com.java.SeleniumDriver] [  869] -  RESULT true
[INFO ][2015-11-19 16:18:29,358][com.java.SeleniumDriver] [ 1074] - ?   P A S S   ?
[INFO ][2015-11-19 16:18:29,358][com.java.SeleniumDriver] [  796] - ------------------------------------------
[INFO ][2015-11-19 16:18:29,358][com.java.SeleniumDriver] [  797] - Test case being Executed: 22
[INFO ][2015-11-19 16:18:29,358][com.java.SeleniumDriver] [  808] - Test step:3
[INFO ][2015-11-19 16:18:29,358][com.java.SeleniumDriver] [  820] - Datavalue is----------10
[INFO ][2015-11-19 16:18:29,358][com.java.SeleniumDriver] [  844] - DataField : BTNG/L
[INFO ][2015-11-19 16:18:29,358][com.java.SeleniumDriver] [  846] - DataValue : 10
[INFO ][2015-11-19 16:18:29,358][com.java.SeleniumDriver] [  852] - <In Set values of the page>
[INFO ][2015-11-19 16:18:29,358][com.java.SeleniumDriver] [  855] - {Data Fields & Data Values Exist}
[INFO ][2015-11-19 16:18:29,358][com.java.SeleniumDriver] [  857] - --------------------------setting values-----------------------------
[INFO ][2015-11-19 16:18:29,358][com.java.SeleniumDriver] [  860] - Action Type : WAITFORELEMENT
[INFO ][2015-11-19 16:18:29,398][com.java.SeleniumDriver] [  869] -  RESULT true
[INFO ][2015-11-19 16:18:29,398][com.java.SeleniumDriver] [ 1074] - ?   P A S S   ?
[INFO ][2015-11-19 16:18:29,398][com.java.SeleniumDriver] [  796] - ------------------------------------------
[INFO ][2015-11-19 16:18:29,398][com.java.SeleniumDriver] [  797] - Test case being Executed: 22
[INFO ][2015-11-19 16:18:29,398][com.java.SeleniumDriver] [  808] - Test step:4
[INFO ][2015-11-19 16:18:29,398][com.java.SeleniumDriver] [  820] - Datavalue is----------null
[DEBUG][2015-11-19 16:18:29,398][com.java.SeleniumDriver] [  838] - Exception: null
[INFO ][2015-11-19 16:18:29,398][com.java.SeleniumDriver] [  844] - DataField : //span[@class="icon-coin"]&&//a[contains(text(),"Balance Sheet")]&&//a[@data-id="BHistorical"]
[INFO ][2015-11-19 16:18:29,398][com.java.SeleniumDriver] [  846] - DataValue : 
[INFO ][2015-11-19 16:18:29,398][com.java.SeleniumDriver] [  852] - <In Set values of the page>
[INFO ][2015-11-19 16:18:29,398][com.java.SeleniumDriver] [  855] - {Data Fields & Data Values Exist}
[INFO ][2015-11-19 16:18:29,398][com.java.SeleniumDriver] [  857] - --------------------------setting values-----------------------------
[INFO ][2015-11-19 16:18:29,398][com.java.SeleniumDriver] [  860] - Action Type : MOUSEOVER
[INFO ][2015-11-19 16:18:56,121][com.java.SeleniumDriver] [  869] -  RESULT true
[INFO ][2015-11-19 16:18:56,121][com.java.SeleniumDriver] [ 1074] - ?   P A S S   ?
[INFO ][2015-11-19 16:18:56,121][com.java.SeleniumDriver] [  796] - ------------------------------------------
[INFO ][2015-11-19 16:18:56,121][com.java.SeleniumDriver] [  797] - Test case being Executed: 22
[INFO ][2015-11-19 16:18:56,121][com.java.SeleniumDriver] [  808] - Test step:5
[INFO ][2015-11-19 16:18:56,121][com.java.SeleniumDriver] [  820] - Datavalue is----------frameDialogContent
[INFO ][2015-11-19 16:18:56,121][com.java.SeleniumDriver] [  844] - DataField : BTN
[INFO ][2015-11-19 16:18:56,121][com.java.SeleniumDriver] [  846] - DataValue : frameDialogContent
[INFO ][2015-11-19 16:18:56,121][com.java.SeleniumDriver] [  852] - <In Set values of the page>
[INFO ][2015-11-19 16:18:56,121][com.java.SeleniumDriver] [  855] - {Data Fields & Data Values Exist}
[INFO ][2015-11-19 16:18:56,121][com.java.SeleniumDriver] [  857] - --------------------------setting values-----------------------------
[INFO ][2015-11-19 16:18:56,121][com.java.SeleniumDriver] [  860] - Action Type : SELECTFRAMEBYNAME
[INFO ][2015-11-19 16:18:56,121][com.java.TestType] [ 4507] - value = frameDialogContent
[INFO ][2015-11-19 16:18:56,182][com.java.SeleniumDriver] [  869] -  RESULT true
[INFO ][2015-11-19 16:18:56,182][com.java.SeleniumDriver] [ 1074] - ?   P A S S   ?
[INFO ][2015-11-19 16:18:56,182][com.java.SeleniumDriver] [  796] - ------------------------------------------
[INFO ][2015-11-19 16:18:56,182][com.java.SeleniumDriver] [  797] - Test case being Executed: 22
[INFO ][2015-11-19 16:18:56,182][com.java.SeleniumDriver] [  808] - Test step:6
[INFO ][2015-11-19 16:18:56,182][com.java.SeleniumDriver] [  820] - Datavalue is----------10
[INFO ][2015-11-19 16:18:56,182][com.java.SeleniumDriver] [  844] - DataField : XPH//label[@id='lblRange']
[INFO ][2015-11-19 16:18:56,182][com.java.SeleniumDriver] [  846] - DataValue : 10
[INFO ][2015-11-19 16:18:56,182][com.java.SeleniumDriver] [  852] - <In Set values of the page>
[INFO ][2015-11-19 16:18:56,182][com.java.SeleniumDriver] [  855] - {Data Fields & Data Values Exist}
[INFO ][2015-11-19 16:18:56,182][com.java.SeleniumDriver] [  857] - --------------------------setting values-----------------------------
[INFO ][2015-11-19 16:18:56,182][com.java.SeleniumDriver] [  860] - Action Type : WAITFORELEMENT
[INFO ][2015-11-19 16:18:56,232][com.java.SeleniumDriver] [  869] -  RESULT true
[INFO ][2015-11-19 16:18:56,232][com.java.SeleniumDriver] [ 1074] - ?   P A S S   ?
[INFO ][2015-11-19 16:18:56,232][com.java.SeleniumDriver] [  796] - ------------------------------------------
[INFO ][2015-11-19 16:18:56,232][com.java.SeleniumDriver] [  797] - Test case being Executed: 22
[INFO ][2015-11-19 16:18:56,232][com.java.SeleniumDriver] [  808] - Test step:7
[INFO ][2015-11-19 16:18:56,232][com.java.SeleniumDriver] [  820] - Datavalue is----------null
[DEBUG][2015-11-19 16:18:56,232][com.java.SeleniumDriver] [  838] - Exception: null
[INFO ][2015-11-19 16:18:56,232][com.java.SeleniumDriver] [  844] - DataField : XPH//select[@id='ddlRange']
[INFO ][2015-11-19 16:18:56,232][com.java.SeleniumDriver] [  846] - DataValue : 
[INFO ][2015-11-19 16:18:56,232][com.java.SeleniumDriver] [  852] - <In Set values of the page>
[INFO ][2015-11-19 16:18:56,232][com.java.SeleniumDriver] [  855] - {Data Fields & Data Values Exist}
[INFO ][2015-11-19 16:18:56,232][com.java.SeleniumDriver] [  857] - --------------------------setting values-----------------------------
[INFO ][2015-11-19 16:18:56,232][com.java.SeleniumDriver] [  860] - Action Type : CLICK
[INFO ][2015-11-19 16:18:56,232][com.java.TestType] [ 4820] - Field ::XPH//select[@id='ddlRange']
[INFO ][2015-11-19 16:18:57,232][com.java.TestType] [ 4879] - BEFORE CLICK
[INFO ][2015-11-19 16:18:58,012][com.java.TestType] [ 4887] - Unable to click the object click on the dropdwon range
[INFO ][2015-11-19 16:18:58,012][com.java.SeleniumDriver] [  869] -  RESULT true
[INFO ][2015-11-19 16:18:58,012][com.java.SeleniumDriver] [ 1074] - ?   P A S S   ?
[INFO ][2015-11-19 16:18:58,012][com.java.SeleniumDriver] [  796] - ------------------------------------------
[INFO ][2015-11-19 16:18:58,012][com.java.SeleniumDriver] [  797] - Test case being Executed: 22
[INFO ][2015-11-19 16:18:58,012][com.java.SeleniumDriver] [  808] - Test step:8
[INFO ][2015-11-19 16:18:58,012][com.java.SeleniumDriver] [  820] - Datavalue is----------10
[INFO ][2015-11-19 16:18:58,012][com.java.SeleniumDriver] [  844] - DataField : XPH//select[@id='ddlRange']/option[text()='Calendar']
[INFO ][2015-11-19 16:18:58,012][com.java.SeleniumDriver] [  846] - DataValue : 10
[INFO ][2015-11-19 16:18:58,012][com.java.SeleniumDriver] [  852] - <In Set values of the page>
[INFO ][2015-11-19 16:18:58,012][com.java.SeleniumDriver] [  855] - {Data Fields & Data Values Exist}
[INFO ][2015-11-19 16:18:58,012][com.java.SeleniumDriver] [  857] - --------------------------setting values-----------------------------
[INFO ][2015-11-19 16:18:58,012][com.java.SeleniumDriver] [  860] - Action Type : WAITFORELEMENT
[INFO ][2015-11-19 16:18:58,043][com.java.SeleniumDriver] [  869] -  RESULT true
[INFO ][2015-11-19 16:18:58,043][com.java.SeleniumDriver] [ 1074] - ?   P A S S   ?
[INFO ][2015-11-19 16:18:58,043][com.java.SeleniumDriver] [  796] - ------------------------------------------
[INFO ][2015-11-19 16:18:58,043][com.java.SeleniumDriver] [  797] - Test case being Executed: 22
[INFO ][2015-11-19 16:18:58,043][com.java.SeleniumDriver] [  808] - Test step:9
[INFO ][2015-11-19 16:18:58,043][com.java.SeleniumDriver] [  820] - Datavalue is----------null
[DEBUG][2015-11-19 16:18:58,043][com.java.SeleniumDriver] [  838] - Exception: null
[INFO ][2015-11-19 16:18:58,043][com.java.SeleniumDriver] [  844] - DataField : XPH//select[@id='ddlRange']/option[text()='Calendar']
[INFO ][2015-11-19 16:18:58,043][com.java.SeleniumDriver] [  846] - DataValue : 
[INFO ][2015-11-19 16:18:58,043][com.java.SeleniumDriver] [  852] - <In Set values of the page>
[INFO ][2015-11-19 16:18:58,043][com.java.SeleniumDriver] [  855] - {Data Fields & Data Values Exist}
[INFO ][2015-11-19 16:18:58,043][com.java.SeleniumDriver] [  857] - --------------------------setting values-----------------------------
[INFO ][2015-11-19 16:18:58,043][com.java.SeleniumDriver] [  860] - Action Type : CLICK
[INFO ][2015-11-19 16:18:58,043][com.java.TestType] [ 4820] - Field ::XPH//select[@id='ddlRange']/option[text()='Calendar']
[INFO ][2015-11-19 16:18:59,043][com.java.TestType] [ 4879] - BEFORE CLICK
[INFO ][2015-11-19 16:18:59,743][com.java.TestType] [ 4887] - Unable to click the object select the calendar option
[INFO ][2015-11-19 16:18:59,743][com.java.SeleniumDriver] [  869] -  RESULT true
[INFO ][2015-11-19 16:18:59,743][com.java.SeleniumDriver] [ 1074] - ?   P A S S   ?
[INFO ][2015-11-19 16:18:59,743][com.java.SeleniumDriver] [  796] - ------------------------------------------
[INFO ][2015-11-19 16:18:59,743][com.java.SeleniumDriver] [  797] - Test case being Executed: 22
[INFO ][2015-11-19 16:18:59,743][com.java.SeleniumDriver] [  808] - Test step:10
[INFO ][2015-11-19 16:18:59,743][com.java.SeleniumDriver] [  820] - Datavalue is----------null
[DEBUG][2015-11-19 16:18:59,743][com.java.SeleniumDriver] [  838] - Exception: null
[INFO ][2015-11-19 16:18:59,743][com.java.SeleniumDriver] [  844] - DataField : BTNparent
[INFO ][2015-11-19 16:18:59,743][com.java.SeleniumDriver] [  846] - DataValue : 
[INFO ][2015-11-19 16:18:59,743][com.java.SeleniumDriver] [  852] - <In Set values of the page>
[INFO ][2015-11-19 16:18:59,743][com.java.SeleniumDriver] [  855] - {Data Fields & Data Values Exist}
[INFO ][2015-11-19 16:18:59,743][com.java.SeleniumDriver] [  857] - --------------------------setting values-----------------------------
[INFO ][2015-11-19 16:18:59,743][com.java.SeleniumDriver] [  860] - Action Type : SELECTFRAME
[INFO ][2015-11-19 16:18:59,744][com.java.SeleniumDriver] [  869] -  RESULT true
[INFO ][2015-11-19 16:18:59,744][com.java.SeleniumDriver] [ 1074] - ?   P A S S   ?
[INFO ][2015-11-19 16:18:59,744][com.java.SeleniumDriver] [  796] - ------------------------------------------
[INFO ][2015-11-19 16:18:59,744][com.java.SeleniumDriver] [  797] - Test case being Executed: 22
[INFO ][2015-11-19 16:18:59,744][com.java.SeleniumDriver] [  808] - Test step:11
[INFO ][2015-11-19 16:18:59,744][com.java.SeleniumDriver] [  820] - Datavalue is----------10
[INFO ][2015-11-19 16:18:59,744][com.java.SeleniumDriver] [  844] - DataField : XPH//b[text()='Consolidated']
[INFO ][2015-11-19 16:18:59,744][com.java.SeleniumDriver] [  846] - DataValue : 10
[INFO ][2015-11-19 16:18:59,744][com.java.SeleniumDriver] [  852] - <In Set values of the page>
[INFO ][2015-11-19 16:18:59,744][com.java.SeleniumDriver] [  855] - {Data Fields & Data Values Exist}
[INFO ][2015-11-19 16:18:59,744][com.java.SeleniumDriver] [  857] - --------------------------setting values-----------------------------
[INFO ][2015-11-19 16:18:59,744][com.java.SeleniumDriver] [  860] - Action Type : WAITFORELEMENT
[INFO ][2015-11-19 16:20:44,344][com.java.SeleniumDriver] [  869] -  RESULT true
[INFO ][2015-11-19 16:20:44,344][com.java.SeleniumDriver] [ 1074] - ?   P A S S   ?
[INFO ][2015-11-19 16:20:44,344][com.java.SeleniumDriver] [  796] - ------------------------------------------
[INFO ][2015-11-19 16:20:44,344][com.java.SeleniumDriver] [  797] - Test case being Executed: 22
[INFO ][2015-11-19 16:20:44,344][com.java.SeleniumDriver] [  808] - Test step:12
[INFO ][2015-11-19 16:20:44,344][com.java.SeleniumDriver] [  820] - Datavalue is----------date
[INFO ][2015-11-19 16:20:44,344][com.java.SeleniumDriver] [  844] - DataField : SLB//*[@id='ddlDate1']/option[1]
[INFO ][2015-11-19 16:20:44,344][com.java.SeleniumDriver] [  846] - DataValue : date
[INFO ][2015-11-19 16:20:44,344][com.java.SeleniumDriver] [  852] - <In Set values of the page>
[INFO ][2015-11-19 16:20:44,344][com.java.SeleniumDriver] [  855] - {Data Fields & Data Values Exist}
[INFO ][2015-11-19 16:20:44,344][com.java.SeleniumDriver] [  857] - --------------------------setting values-----------------------------
[INFO ][2015-11-19 16:20:44,344][com.java.SeleniumDriver] [  860] - Action Type : STOREVALUE
[INFO ][2015-11-19 16:20:44,344][com.java.TestType] [ 6740] - field= SLB//*[@id='ddlDate1']/option[1]
[DEBUG][2015-11-19 16:20:47,638][com.java.TestType] [ 6827] - Error occured while storing the value form:: //*[@id='ddlDate1']/option[1]
[INFO ][2015-11-19 16:20:47,638][com.java.SeleniumDriver] [  869] -  RESULT false
[INFO ][2015-11-19 16:20:47,638][com.java.SeleniumDriver] [  916] - ?   F A I L   ?
[INFO ][2015-11-19 16:20:47,638][com.java.SeleniumDriver] [  924] - Browser Type : IE10
[INFO ][2015-11-19 16:20:47,638][com.java.SeleniumDriver] [  925] - Adding Failed case22
[WARN ][2015-11-19 16:20:47,639][com.java.SeleniumDriver] [  984] - Source 'D:\BankersDashboard\TestReports\111915' exists but is a directory
[INFO ][2015-11-19 16:20:47,639][com.java.SeleniumDriver] [ 1038] - failedCases = 22
[ERROR][2015-11-19 16:20:47,639][com.java.SeleniumDriver] [ 1525] - Platform Errors : Our apologies...::We have encountered an issue with your request.::Our apologies?:We encountered an issue with your request.
[INFO ][2015-11-19 16:20:47,639][com.java.SeleniumDriver] [ 1529] - Length =3
[ERROR][2015-11-19 16:20:47,639][com.java.SeleniumDriver] [ 1532] - Error 0 = Our apologies...
[DEBUG][2015-11-19 16:20:47,639][com.java.SeleniumDriver] [ 1545] - Unable to get the Platform Error list from Hash Map.
[ERROR][2015-11-19 16:20:47,639][com.java.SeleniumDriver] [  270] - Browser crashed. Opening new browser with same capabilities
[ERROR][2015-11-19 16:20:47,659][com.java.SeleniumDriver] [  271] - Error:
org.openqa.selenium.NoSuchWindowException: Unable to get browser (WARNING: The server did not provide any stacktrace information)
Command duration or timeout: 0 milliseconds
Build info: version: '2.48.2', revision: '41bccdd', time: '2015-10-09 19:59:12'
System info: host: 'FVTIII438F1D', ip: '172.17.68.34', os.name: 'Windows 7', os.arch: 'x86', os.version: '6.1', java.version: '1.7.0_55'
Session ID: 468cac84-42c3-4ed5-8bb4-58ba92c4369c
Driver info: org.openqa.selenium.ie.InternetExplorerDriver
Capabilities [{platform=WINDOWS, javascriptEnabled=true, elementScrollBehavior=0, ignoreZoomSetting=false, enablePersistentHover=true, ie.ensureCleanSession=false, browserName=internet explorer, enableElementCacheCleanup=true, unexpectedAlertBehaviour=dismiss, version=10, ie.usePerProcessProxy=false, ignoreProtectedModeSettings=true, cssSelectorsEnabled=true, requireWindowFocus=false, initialBrowserUrl=http://localhost:46720/, handlesAlerts=true, ie.forceCreateProcessApi=false, nativeEvents=true, browserAttachTimeout=0, ie.browserCommandLineSwitches=, takesScreenshot=true}]
	at sun.reflect.NativeConstructorAccessorImpl.newInstance0(Native Method)
	at sun.reflect.NativeConstructorAccessorImpl.newInstance(NativeConstructorAccessorImpl.java:57)
	at sun.reflect.DelegatingConstructorAccessorImpl.newInstance(DelegatingConstructorAccessorImpl.java:45)
	at java.lang.reflect.Constructor.newInstance(Constructor.java:526)
	at org.openqa.selenium.remote.ErrorHandler.createThrowable(ErrorHandler.java:206)
	at org.openqa.selenium.remote.ErrorHandler.throwIfResponseFailed(ErrorHandler.java:158)
	at org.openqa.selenium.remote.RemoteWebDriver.execute(RemoteWebDriver.java:647)
	at org.openqa.selenium.remote.RemoteWebDriver.execute(RemoteWebDriver.java:670)
	at org.openqa.selenium.remote.RemoteWebDriver.getTitle(RemoteWebDriver.java:315)
	at com.java.SeleniumDriver.testInitiation(SeleniumDriver.java:1132)
	at com.java.SeleniumDriver.setup(SeleniumDriver.java:255)
	at com.java.ExecuteThread.run(CreateClient.java:688)
	at java.lang.Thread.run(Thread.java:745)
[DEBUG][2015-11-19 16:20:49,069][com.java.SeleniumDriver] [  425] - Hub ip address is-------172.17.68.34
[INFO ][2015-11-19 16:20:49,069][com.java.SeleniumDriver] [  451] - Grid URL:http://172.17.68.34:4444/wd/hub
[INFO ][2015-11-19 16:20:49,069][com.java.SeleniumDriver] [  452] - Capability:Capabilities [{platform=ANY, ensureCleanSession=true, ignoreProtectedModeSettings=true, acceptSslCerts=true, ignoreZoomSetting=true, browserName=internet explorer, browserstack.ie.noFlash=true, version=null}]
[ERROR][2015-11-19 16:20:50,077][com.java.SeleniumDriver] [  496] - Unable invoke browser in grid:Could not start a new session. Possible causes are invalid address of the remote server or browser start-up failure.
Build info: version: '2.48.2', revision: '41bccdd', time: '2015-10-09 19:59:12'
System info: host: 'FVTIII438F1D', ip: '172.17.68.34', os.name: 'Windows 7', os.arch: 'x86', os.version: '6.1', java.version: '1.7.0_55'
Driver info: driver.version: SeleniumDriver
[INFO ][2015-11-19 16:20:50,077][com.java.SeleniumDriver] [  498] - Executing on local machine
