[INFO ][2016-01-21 19:20:22,671][com.java.SeleniumDriver] [  213] - Execute Failed Casesfalse
[INFO ][2016-01-21 19:20:22,671][com.java.SeleniumDriver] [  214] - Browser: IE10
[INFO ][2016-01-21 19:20:22,671][com.java.SeleniumDriver] [  215] - [1, 4]
[INFO ][2016-01-21 19:20:22,672][com.java.SeleniumDriver] [  216] - Total TestCases:2
[INFO ][2016-01-21 19:20:22,672][com.java.SeleniumDriver] [  217] -  Reading Properties from Property File 
[DEBUG][2016-01-21 19:20:22,672][com.java.SeleniumDriver] [  238] - url : https://clients-xuat.bankersdashboard.com
[INFO ][2016-01-21 19:20:22,673][com.java.ImportnExport.ExportTestResultsExcel] [  116] - Time Stamp Thu Jan 21 07:20:22 IST 2016
[INFO ][2016-01-21 19:20:22,673][com.java.ImportnExport.ExportTestResultsExcel] [  175] - OUT FILE : D:\BankersDashboard/TestReports/Test Results_BankersDashBoard_012116_192022_IE10_United Bank.xls
[INFO ][2016-01-21 19:20:22,702][com.java.ImportnExport.ExportTestResultsExcel] [  180] - Test Result file is created
[DEBUG][2016-01-21 19:20:22,791][com.java.SeleniumDriver] [  426] - Hub ip address is-------172.17.68.34
[INFO ][2016-01-21 19:20:22,792][com.java.SeleniumDriver] [  452] - Grid URL:http://172.17.68.34:4444/wd/hub
[INFO ][2016-01-21 19:20:22,792][com.java.SeleniumDriver] [  453] - Capability:Capabilities [{platform=ANY, ensureCleanSession=true, ignoreProtectedModeSettings=true, acceptSslCerts=true, ignoreZoomSetting=true, browserName=internet explorer, browserstack.ie.noFlash=true, version=null}]
[ERROR][2016-01-21 19:20:24,114][com.java.SeleniumDriver] [  498] - Unable invoke browser in grid:Could not start a new session. Possible causes are invalid address of the remote server or browser start-up failure.
Build info: version: '2.48.2', revision: '41bccdd', time: '2015-10-09 19:59:12'
System info: host: 'FVTIII438F1D', ip: '172.17.68.34', os.name: 'Windows 7', os.arch: 'x86', os.version: '6.1', java.version: '1.7.0_55'
Driver info: driver.version: SeleniumDriver
[INFO ][2016-01-21 19:20:24,115][com.java.SeleniumDriver] [  500] - Executing on local machine
[INFO ][2016-01-21 19:20:34,617][com.java.SeleniumDriver] [  248] - IE10is opened
[INFO ][2016-01-21 19:20:35,480][com.java.SeleniumDriver] [  756] - Test cases to be executed are: [1, 4]
[INFO ][2016-01-21 19:20:35,503][com.java.ImportnExport.ImportTestDataDetailsExcel] [   49] - test data details path===== D:\BankersDashboard\TestInputs\TestData.xls
[INFO ][2016-01-21 19:20:35,577][com.java.SeleniumDriver] [  856] - ------------------------------------------
[INFO ][2016-01-21 19:20:35,577][com.java.SeleniumDriver] [  857] - Test case being Executed: 1
[INFO ][2016-01-21 19:20:35,577][com.java.SeleniumDriver] [  869] - Test step:1
[INFO ][2016-01-21 19:20:35,577][com.java.SeleniumDriver] [  881] - Datavalue is----------Concept#1:1-14
[INFO ][2016-01-21 19:20:35,578][com.java.SeleniumDriver] [  905] - DataField : test
[INFO ][2016-01-21 19:20:35,578][com.java.SeleniumDriver] [  907] - DataValue : Concept#1:1-14
[INFO ][2016-01-21 19:20:35,578][com.java.SeleniumDriver] [  913] - <In Set values of the page>
[INFO ][2016-01-21 19:20:35,578][com.java.SeleniumDriver] [  916] - {Data Fields & Data Values Exist}
[INFO ][2016-01-21 19:20:35,578][com.java.SeleniumDriver] [  918] - --------------------------setting values-----------------------------
[INFO ][2016-01-21 19:20:35,578][com.java.SeleniumDriver] [  921] - Action Type : ExecuteTestCase
[INFO ][2016-01-21 19:20:35,599][com.java.TestType] [  442] - The Concept sheet name is ---------- Concept
[INFO ][2016-01-21 19:20:35,599][com.java.TestType] [  445] - The Concept ID  is ---------- 1
[DEBUG][2016-01-21 19:20:35,599][com.java.TestType] [  449] - Steps being executted in the Concept are: 1:14
[INFO ][2016-01-21 19:20:35,599][com.java.TestType] [  456] - Test data details path ---------- D:\BankersDashboard\TestInputs\TestData.xls
[INFO ][2016-01-21 19:20:35,626][com.java.TestType] [  487] -  str(1) = 1
[INFO ][2016-01-21 19:20:35,626][com.java.TestType] [  490] - Test case Id is---1
[INFO ][2016-01-21 19:20:35,626][com.java.TestType] [  492] - 1
[INFO ][2016-01-21 19:20:35,627][com.java.TestType] [  487] -  str(2) = 1
[INFO ][2016-01-21 19:20:35,629][com.java.TestType] [  487] -  str(1) = 1
[INFO ][2016-01-21 19:20:35,629][com.java.TestType] [  490] - Test case Id is---1
[INFO ][2016-01-21 19:20:35,629][com.java.TestType] [  492] - 1
[INFO ][2016-01-21 19:20:35,629][com.java.TestType] [  487] -  str(2) = 2
[INFO ][2016-01-21 19:20:35,631][com.java.TestType] [  487] -  str(1) = 1
[INFO ][2016-01-21 19:20:35,631][com.java.TestType] [  490] - Test case Id is---1
[INFO ][2016-01-21 19:20:35,631][com.java.TestType] [  492] - 1
[INFO ][2016-01-21 19:20:35,631][com.java.TestType] [  487] -  str(2) = 3
[INFO ][2016-01-21 19:20:35,632][com.java.TestType] [  487] -  str(1) = 1
[INFO ][2016-01-21 19:20:35,632][com.java.TestType] [  490] - Test case Id is---1
[INFO ][2016-01-21 19:20:35,632][com.java.TestType] [  492] - 1
[INFO ][2016-01-21 19:20:35,632][com.java.TestType] [  487] -  str(2) = 4
[INFO ][2016-01-21 19:20:35,634][com.java.TestType] [  487] -  str(1) = 1
[INFO ][2016-01-21 19:20:35,634][com.java.TestType] [  490] - Test case Id is---1
[INFO ][2016-01-21 19:20:35,634][com.java.TestType] [  492] - 1
[INFO ][2016-01-21 19:20:35,634][com.java.TestType] [  487] -  str(2) = 5
[INFO ][2016-01-21 19:20:35,635][com.java.TestType] [  487] -  str(1) = 1
[INFO ][2016-01-21 19:20:35,635][com.java.TestType] [  490] - Test case Id is---1
[INFO ][2016-01-21 19:20:35,635][com.java.TestType] [  492] - 1
[INFO ][2016-01-21 19:20:35,635][com.java.TestType] [  487] -  str(2) = 6
[INFO ][2016-01-21 19:20:35,638][com.java.TestType] [  487] -  str(1) = 1
[INFO ][2016-01-21 19:20:35,638][com.java.TestType] [  490] - Test case Id is---1
[INFO ][2016-01-21 19:20:35,638][com.java.TestType] [  492] - 1
[INFO ][2016-01-21 19:20:35,638][com.java.TestType] [  487] -  str(2) = 7
[INFO ][2016-01-21 19:20:35,639][com.java.TestType] [  487] -  str(1) = 1
[INFO ][2016-01-21 19:20:35,639][com.java.TestType] [  490] - Test case Id is---1
[INFO ][2016-01-21 19:20:35,639][com.java.TestType] [  492] - 1
[INFO ][2016-01-21 19:20:35,639][com.java.TestType] [  487] -  str(2) = 8
[INFO ][2016-01-21 19:20:35,640][com.java.TestType] [  487] -  str(1) = 1
[INFO ][2016-01-21 19:20:35,640][com.java.TestType] [  490] - Test case Id is---1
[INFO ][2016-01-21 19:20:35,640][com.java.TestType] [  492] - 1
[INFO ][2016-01-21 19:20:35,640][com.java.TestType] [  487] -  str(2) = 9
[INFO ][2016-01-21 19:20:35,641][com.java.TestType] [  487] -  str(1) = 1
[INFO ][2016-01-21 19:20:35,641][com.java.TestType] [  490] - Test case Id is---1
[INFO ][2016-01-21 19:20:35,641][com.java.TestType] [  492] - 1
[INFO ][2016-01-21 19:20:35,641][com.java.TestType] [  487] -  str(2) = 10
[INFO ][2016-01-21 19:20:35,642][com.java.TestType] [  487] -  str(1) = 1
[INFO ][2016-01-21 19:20:35,642][com.java.TestType] [  490] - Test case Id is---1
[INFO ][2016-01-21 19:20:35,642][com.java.TestType] [  492] - 1
[INFO ][2016-01-21 19:20:35,643][com.java.TestType] [  487] -  str(2) = 11
[INFO ][2016-01-21 19:20:35,643][com.java.TestType] [  487] -  str(1) = 1
[INFO ][2016-01-21 19:20:35,643][com.java.TestType] [  490] - Test case Id is---1
[INFO ][2016-01-21 19:20:35,643][com.java.TestType] [  492] - 1
[INFO ][2016-01-21 19:20:35,644][com.java.TestType] [  487] -  str(2) = 12
[INFO ][2016-01-21 19:20:35,644][com.java.TestType] [  487] -  str(1) = 1
[INFO ][2016-01-21 19:20:35,644][com.java.TestType] [  490] - Test case Id is---1
[INFO ][2016-01-21 19:20:35,645][com.java.TestType] [  492] - 1
[INFO ][2016-01-21 19:20:35,645][com.java.TestType] [  487] -  str(2) = 13
[INFO ][2016-01-21 19:20:35,645][com.java.TestType] [  487] -  str(1) = 1
[INFO ][2016-01-21 19:20:35,646][com.java.TestType] [  490] - Test case Id is---1
[INFO ][2016-01-21 19:20:35,646][com.java.TestType] [  492] - 1
[INFO ][2016-01-21 19:20:35,646][com.java.TestType] [  487] -  str(2) = 14
[INFO ][2016-01-21 19:20:35,647][com.java.TestType] [11651] - Looping 1TCID = 1
[DEBUG][2016-01-21 19:20:35,647][com.java.TestType] [11692] - Concept ID:1 :: Step being Executed: 1::1
[INFO ][2016-01-21 19:20:35,648][com.java.TestType] [11730] - dataFields : TXTusername
[DEBUG][2016-01-21 19:20:35,648][com.java.TestType] [11736] - <In Set values of the page>
[DEBUG][2016-01-21 19:20:35,648][com.java.TestType] [11741] - {Data Fields & Data Values Exist}
[INFO ][2016-01-21 19:20:35,648][com.java.TestType] [11747] - --------------------------setting values-----------------------------
[INFO ][2016-01-21 19:20:35,648][com.java.TestType] [11750] - Action Type : CLEARANDENTER
[INFO ][2016-01-21 19:20:37,952][com.java.TestType] [ 6394] - value = valuelabs.ie10.00058
[INFO ][2016-01-21 19:20:40,347][com.java.TestType] [11769] -  RESULT true
[INFO ][2016-01-21 19:20:40,347][com.java.TestType] [11886] - ?   P A S S   ?
[DEBUG][2016-01-21 19:20:40,347][com.java.TestType] [11692] - Concept ID:1 :: Step being Executed: 1::2
[INFO ][2016-01-21 19:20:40,348][com.java.TestType] [11730] - dataFields : TXTpassword
[DEBUG][2016-01-21 19:20:40,348][com.java.TestType] [11736] - <In Set values of the page>
[DEBUG][2016-01-21 19:20:40,348][com.java.TestType] [11741] - {Data Fields & Data Values Exist}
[INFO ][2016-01-21 19:20:40,348][com.java.TestType] [11747] - --------------------------setting values-----------------------------
[INFO ][2016-01-21 19:20:40,348][com.java.TestType] [11750] - Action Type : CLEARANDENTER
[INFO ][2016-01-21 19:20:42,626][com.java.TestType] [ 6394] - value = Password1*
[INFO ][2016-01-21 19:20:45,151][com.java.TestType] [11769] -  RESULT true
[INFO ][2016-01-21 19:20:45,151][com.java.TestType] [11886] - ?   P A S S   ?
[DEBUG][2016-01-21 19:20:45,151][com.java.TestType] [11692] - Concept ID:1 :: Step being Executed: 1::3
[ERROR][2016-01-21 19:20:45,151][com.java.TestType] [11725] - Exception: null
[INFO ][2016-01-21 19:20:45,152][com.java.TestType] [11730] - dataFields : XPH//button[@type='submit']
[DEBUG][2016-01-21 19:20:45,152][com.java.TestType] [11736] - <In Set values of the page>
[DEBUG][2016-01-21 19:20:45,152][com.java.TestType] [11741] - {Data Fields & Data Values Exist}
[INFO ][2016-01-21 19:20:45,152][com.java.TestType] [11747] - --------------------------setting values-----------------------------
[INFO ][2016-01-21 19:20:45,152][com.java.TestType] [11750] - Action Type : Click
[INFO ][2016-01-21 19:20:45,152][com.java.TestType] [ 6773] - Field ::XPH//button[@type='submit']
[INFO ][2016-01-21 19:20:45,152][com.java.TestType] [ 6394] - value = 
[INFO ][2016-01-21 19:20:46,154][com.java.TestType] [ 6946] - BEFORE CLICK
[INFO ][2016-01-21 19:20:47,009][com.java.TestType] [ 6954] - Unable to click the object Login
[INFO ][2016-01-21 19:20:47,009][com.java.TestType] [11769] -  RESULT true
[INFO ][2016-01-21 19:20:47,009][com.java.TestType] [11886] - ?   P A S S   ?
[DEBUG][2016-01-21 19:20:47,009][com.java.TestType] [11692] - Concept ID:1 :: Step being Executed: 1::4
[INFO ][2016-01-21 19:20:47,009][com.java.TestType] [11730] - dataFields : LNKLogout
[DEBUG][2016-01-21 19:20:47,009][com.java.TestType] [11736] - <In Set values of the page>
[DEBUG][2016-01-21 19:20:47,009][com.java.TestType] [11741] - {Data Fields & Data Values Exist}
[INFO ][2016-01-21 19:20:47,009][com.java.TestType] [11747] - --------------------------setting values-----------------------------
[INFO ][2016-01-21 19:20:47,009][com.java.TestType] [11750] - Action Type : WaitForElement
[INFO ][2016-01-21 19:20:50,324][com.java.TestType] [11769] -  RESULT true
[INFO ][2016-01-21 19:20:50,324][com.java.TestType] [11886] - ?   P A S S   ?
[DEBUG][2016-01-21 19:20:50,325][com.java.TestType] [11692] - Concept ID:1 :: Step being Executed: 1::13
[INFO ][2016-01-21 19:20:50,325][com.java.TestType] [11730] - dataFields : LNK
[DEBUG][2016-01-21 19:20:50,325][com.java.TestType] [11736] - <In Set values of the page>
[DEBUG][2016-01-21 19:20:50,325][com.java.TestType] [11741] - {Data Fields & Data Values Exist}
[INFO ][2016-01-21 19:20:50,325][com.java.TestType] [11747] - --------------------------setting values-----------------------------
[INFO ][2016-01-21 19:20:50,325][com.java.TestType] [11750] - Action Type : Verify
[INFO ][2016-01-21 19:20:50,325][com.java.TestType] [ 7984] - field= LNK value= Logout
[INFO ][2016-01-21 19:20:50,328][com.java.TestType] [ 6394] - value = Logout
[INFO ][2016-01-21 19:20:50,365][com.java.TestType] [11769] -  RESULT true
[INFO ][2016-01-21 19:20:50,366][com.java.TestType] [11886] - ?   P A S S   ?
[DEBUG][2016-01-21 19:20:50,366][com.java.TestType] [11692] - Concept ID:1 :: Step being Executed: 1::14
[INFO ][2016-01-21 19:20:50,366][com.java.TestType] [11730] - dataFields : BTN
[DEBUG][2016-01-21 19:20:50,366][com.java.TestType] [11736] - <In Set values of the page>
[DEBUG][2016-01-21 19:20:50,366][com.java.TestType] [11741] - {Data Fields & Data Values Exist}
[INFO ][2016-01-21 19:20:50,366][com.java.TestType] [11747] - --------------------------setting values-----------------------------
[INFO ][2016-01-21 19:20:50,366][com.java.TestType] [11750] - Action Type : Verify
[INFO ][2016-01-21 19:20:50,367][com.java.TestType] [ 7984] - field= BTN value= //img[contains(@src,'bdlogo.jpg')]
[INFO ][2016-01-21 19:20:50,367][com.java.TestType] [ 6394] - value = //img[contains(@src,'bdlogo.jpg')]
[INFO ][2016-01-21 19:20:50,438][com.java.TestType] [11769] -  RESULT true
[INFO ][2016-01-21 19:20:50,438][com.java.TestType] [11886] - ?   P A S S   ?
[INFO ][2016-01-21 19:20:50,438][com.java.TestType] [11957] - Looping End......
[INFO ][2016-01-21 19:20:50,440][com.java.SeleniumDriver] [  930] -  RESULT true
[INFO ][2016-01-21 19:20:50,440][com.java.SeleniumDriver] [ 1136] - ?   P A S S   ?
[INFO ][2016-01-21 19:20:50,440][com.java.SeleniumDriver] [  856] - ------------------------------------------
[INFO ][2016-01-21 19:20:50,440][com.java.SeleniumDriver] [  857] - Test case being Executed: 1
[INFO ][2016-01-21 19:20:50,440][com.java.SeleniumDriver] [  869] - Test step:2
[INFO ][2016-01-21 19:20:50,440][com.java.SeleniumDriver] [  881] - Datavalue is----------Concept#2:1-2
[INFO ][2016-01-21 19:20:50,440][com.java.SeleniumDriver] [  905] - DataField : test
[INFO ][2016-01-21 19:20:50,440][com.java.SeleniumDriver] [  907] - DataValue : Concept#2:1-2
[INFO ][2016-01-21 19:20:50,440][com.java.SeleniumDriver] [  913] - <In Set values of the page>
[INFO ][2016-01-21 19:20:50,440][com.java.SeleniumDriver] [  916] - {Data Fields & Data Values Exist}
[INFO ][2016-01-21 19:20:50,440][com.java.SeleniumDriver] [  918] - --------------------------setting values-----------------------------
[INFO ][2016-01-21 19:20:50,440][com.java.SeleniumDriver] [  921] - Action Type : ExecuteTestCase
[INFO ][2016-01-21 19:20:50,441][com.java.TestType] [  442] - The Concept sheet name is ---------- Concept
[INFO ][2016-01-21 19:20:50,441][com.java.TestType] [  445] - The Concept ID  is ---------- 2
[DEBUG][2016-01-21 19:20:50,441][com.java.TestType] [  449] - Steps being executted in the Concept are: 1:2
[INFO ][2016-01-21 19:20:50,441][com.java.TestType] [  456] - Test data details path ---------- D:\BankersDashboard\TestInputs\TestData.xls
[INFO ][2016-01-21 19:20:50,458][com.java.TestType] [  487] -  str(1) = 2
[INFO ][2016-01-21 19:20:50,458][com.java.TestType] [  490] - Test case Id is---2
[INFO ][2016-01-21 19:20:50,458][com.java.TestType] [  492] - 2
[INFO ][2016-01-21 19:20:50,458][com.java.TestType] [  487] -  str(2) = 1
[INFO ][2016-01-21 19:20:50,460][com.java.TestType] [  487] -  str(1) = 2
[INFO ][2016-01-21 19:20:50,461][com.java.TestType] [  490] - Test case Id is---2
[INFO ][2016-01-21 19:20:50,461][com.java.TestType] [  492] - 2
[INFO ][2016-01-21 19:20:50,461][com.java.TestType] [  487] -  str(2) = 2
[INFO ][2016-01-21 19:20:50,461][com.java.TestType] [  487] -  str(1) = 2
[INFO ][2016-01-21 19:20:50,461][com.java.TestType] [  490] - Test case Id is---2
[INFO ][2016-01-21 19:20:50,462][com.java.TestType] [  492] - 2
[INFO ][2016-01-21 19:20:50,462][com.java.TestType] [  487] -  str(2) = 3
[INFO ][2016-01-21 19:20:50,462][com.java.TestType] [11651] - Looping 1TCID = 2
[DEBUG][2016-01-21 19:20:50,462][com.java.TestType] [11692] - Concept ID:2 :: Step being Executed: 2::1
[INFO ][2016-01-21 19:20:50,463][com.java.TestType] [11730] - dataFields : BNK//select[@id='bank']
[DEBUG][2016-01-21 19:20:50,463][com.java.TestType] [11736] - <In Set values of the page>
[DEBUG][2016-01-21 19:20:50,463][com.java.TestType] [11741] - {Data Fields & Data Values Exist}
[INFO ][2016-01-21 19:20:50,463][com.java.TestType] [11747] - --------------------------setting values-----------------------------
[INFO ][2016-01-21 19:20:50,463][com.java.TestType] [11750] - Action Type : Select
[INFO ][2016-01-21 19:20:50,463][com.java.TestType] [ 6394] - value = PFC
[INFO ][2016-01-21 19:20:50,706][com.java.TestType] [11769] -  RESULT true
[INFO ][2016-01-21 19:20:50,706][com.java.TestType] [11886] - ?   P A S S   ?
[DEBUG][2016-01-21 19:20:50,706][com.java.TestType] [11692] - Concept ID:2 :: Step being Executed: 2::2
[INFO ][2016-01-21 19:20:50,706][com.java.TestType] [11730] - dataFields : LNKLogout
[DEBUG][2016-01-21 19:20:50,706][com.java.TestType] [11736] - <In Set values of the page>
[DEBUG][2016-01-21 19:20:50,706][com.java.TestType] [11741] - {Data Fields & Data Values Exist}
[INFO ][2016-01-21 19:20:50,707][com.java.TestType] [11747] - --------------------------setting values-----------------------------
[INFO ][2016-01-21 19:20:50,707][com.java.TestType] [11750] - Action Type : WaitTime
[DEBUG][2016-01-21 19:20:50,707][com.java.TestType] [ 6208] - sleepTime: 5000
[INFO ][2016-01-21 19:20:55,708][com.java.TestType] [11769] -  RESULT true
[INFO ][2016-01-21 19:20:55,708][com.java.TestType] [11886] - ?   P A S S   ?
[INFO ][2016-01-21 19:20:55,708][com.java.TestType] [11957] - Looping End......
[INFO ][2016-01-21 19:20:55,709][com.java.SeleniumDriver] [  930] -  RESULT true
[INFO ][2016-01-21 19:20:55,710][com.java.SeleniumDriver] [ 1136] - ?   P A S S   ?
[INFO ][2016-01-21 19:20:55,710][com.java.SeleniumDriver] [  856] - ------------------------------------------
[INFO ][2016-01-21 19:20:55,710][com.java.SeleniumDriver] [  857] - Test case being Executed: 1
[INFO ][2016-01-21 19:20:55,710][com.java.SeleniumDriver] [  869] - Test step:3
[INFO ][2016-01-21 19:20:55,710][com.java.SeleniumDriver] [  881] - Datavalue is----------2
[INFO ][2016-01-21 19:20:55,710][com.java.SeleniumDriver] [  905] - DataField : XPH//button[contains(text(),'Add Content')]
[INFO ][2016-01-21 19:20:55,710][com.java.SeleniumDriver] [  907] - DataValue : 2
[INFO ][2016-01-21 19:20:55,710][com.java.SeleniumDriver] [  913] - <In Set values of the page>
[INFO ][2016-01-21 19:20:55,710][com.java.SeleniumDriver] [  916] - {Data Fields & Data Values Exist}
[INFO ][2016-01-21 19:20:55,710][com.java.SeleniumDriver] [  918] - --------------------------setting values-----------------------------
[INFO ][2016-01-21 19:20:55,710][com.java.SeleniumDriver] [  921] - Action Type : WAITFORELEMENT
[INFO ][2016-01-21 19:20:55,828][com.java.SeleniumDriver] [  930] -  RESULT true
[INFO ][2016-01-21 19:20:55,828][com.java.SeleniumDriver] [ 1136] - ?   P A S S   ?
[DEBUG][2016-01-21 19:20:55,828][com.java.SeleniumDriver] [ 1248] - Case found
[DEBUG][2016-01-21 19:20:55,828][com.java.SeleniumDriver] [ 1253] - Incrementing ReportCounters[0]:1
[INFO ][2016-01-21 19:20:55,828][com.java.SeleniumDriver] [ 1272] - The results are-------------------[1, 1, Valid Login, Pass, , Thu Jan 21 19:20:50 IST 2016, 1, 2, Valid Login, Pass, , Thu Jan 21 19:20:55 IST 2016, 1, 3, Valid Login, Pass, , Thu Jan 21 19:20:55 IST 2016]
[INFO ][2016-01-21 19:20:55,829][com.java.SeleniumDriver] [ 1276] - End time is-------35 sec
[INFO ][2016-01-21 19:20:55,829][com.java.SeleniumDriver] [ 1277] - The results are-------------------[1, 1, Valid Login, Pass, , Thu Jan 21 19:20:50 IST 2016, 1, 2, Valid Login, Pass, , Thu Jan 21 19:20:55 IST 2016, 1, 3, Valid Login, Pass, , Thu Jan 21 19:20:55 IST 2016]
[DEBUG][2016-01-21 19:20:55,829][com.java.ImportnExport.ExportTestResultsExcel] [  222] - testResultPath = D:\BankersDashboard/TestReports/Test Results_BankersDashBoard_012116_192022_IE10_United Bank.xls
[DEBUG][2016-01-21 19:20:55,829][com.java.ImportnExport.ExportTestResultsExcel] [  223] - browser is------------IE10
[DEBUG][2016-01-21 19:20:55,873][com.java.ImportnExport.ExportTestResultsExcel] [  270] - result.size() = 18
[DEBUG][2016-01-21 19:20:55,873][com.java.ImportnExport.ExportTestResultsExcel] [  274] - No of rows in sheet=1
[DEBUG][2016-01-21 19:20:55,873][com.java.ImportnExport.ExportTestResultsExcel] [  301] - ..in export..1
[DEBUG][2016-01-21 19:20:55,873][com.java.ImportnExport.ExportTestResultsExcel] [  301] - ..in export..Valid Login
[DEBUG][2016-01-21 19:20:55,873][com.java.ImportnExport.ExportTestResultsExcel] [  301] - ..in export..Pass
[DEBUG][2016-01-21 19:20:55,873][com.java.ImportnExport.ExportTestResultsExcel] [  301] - ..in export..
[DEBUG][2016-01-21 19:20:55,873][com.java.ImportnExport.ExportTestResultsExcel] [  301] - ..in export..Thu Jan 21 19:20:50 IST 2016
[INFO ][2016-01-21 19:20:55,875][com.java.SeleniumDriver] [ 1337] - out loop:0 size:2 TestCases:[1, 4] testcases:[1, 4]
[INFO ][2016-01-21 19:20:55,875][com.java.ImportnExport.ImportTestDataDetailsExcel] [   49] - test data details path===== D:\BankersDashboard\TestInputs\TestData.xls
[INFO ][2016-01-21 19:21:16,570][com.java.SeleniumDriver] [  856] - ------------------------------------------
[INFO ][2016-01-21 19:21:16,570][com.java.SeleniumDriver] [  857] - Test case being Executed: 4
[INFO ][2016-01-21 19:21:16,570][com.java.SeleniumDriver] [  869] - Test step:1
[INFO ][2016-01-21 19:21:16,570][com.java.SeleniumDriver] [  881] - Datavalue is----------Logout
[INFO ][2016-01-21 19:21:16,570][com.java.SeleniumDriver] [  905] - DataField : BTN
[INFO ][2016-01-21 19:21:16,570][com.java.SeleniumDriver] [  907] - DataValue : Logout
[INFO ][2016-01-21 19:21:16,570][com.java.SeleniumDriver] [  913] - <In Set values of the page>
[INFO ][2016-01-21 19:21:16,570][com.java.SeleniumDriver] [  916] - {Data Fields & Data Values Exist}
[INFO ][2016-01-21 19:21:16,570][com.java.SeleniumDriver] [  918] - --------------------------setting values-----------------------------
[INFO ][2016-01-21 19:21:16,570][com.java.SeleniumDriver] [  921] - Action Type : Verify
[INFO ][2016-01-21 19:21:16,570][com.java.TestType] [ 7984] - field= BTN value= Logout
[INFO ][2016-01-21 19:21:16,571][com.java.TestType] [ 6394] - value = Logout
[INFO ][2016-01-21 19:21:16,656][com.java.SeleniumDriver] [  930] -  RESULT true
[INFO ][2016-01-21 19:21:16,656][com.java.SeleniumDriver] [ 1136] - ?   P A S S   ?
[INFO ][2016-01-21 19:21:16,656][com.java.SeleniumDriver] [ 1178] - step change to 3
[INFO ][2016-01-21 19:21:16,656][com.java.SeleniumDriver] [  856] - ------------------------------------------
[INFO ][2016-01-21 19:21:16,657][com.java.SeleniumDriver] [  857] - Test case being Executed: 4
[INFO ][2016-01-21 19:21:16,657][com.java.SeleniumDriver] [  869] - Test step:3
[INFO ][2016-01-21 19:21:16,657][com.java.SeleniumDriver] [  881] - Datavalue is----------Concept#2:1-2
[INFO ][2016-01-21 19:21:16,657][com.java.SeleniumDriver] [  905] - DataField : test
[INFO ][2016-01-21 19:21:16,657][com.java.SeleniumDriver] [  907] - DataValue : Concept#2:1-2
[INFO ][2016-01-21 19:21:16,657][com.java.SeleniumDriver] [  913] - <In Set values of the page>
[INFO ][2016-01-21 19:21:16,657][com.java.SeleniumDriver] [  916] - {Data Fields & Data Values Exist}
[INFO ][2016-01-21 19:21:16,657][com.java.SeleniumDriver] [  918] - --------------------------setting values-----------------------------
[INFO ][2016-01-21 19:21:16,657][com.java.SeleniumDriver] [  921] - Action Type : ExecuteTestCase
[INFO ][2016-01-21 19:21:16,657][com.java.TestType] [  442] - The Concept sheet name is ---------- Concept
[INFO ][2016-01-21 19:21:16,657][com.java.TestType] [  445] - The Concept ID  is ---------- 2
[DEBUG][2016-01-21 19:21:16,657][com.java.TestType] [  449] - Steps being executted in the Concept are: 1:2
[INFO ][2016-01-21 19:21:16,657][com.java.TestType] [  456] - Test data details path ---------- D:\BankersDashboard\TestInputs\TestData.xls
[INFO ][2016-01-21 19:21:16,685][com.java.TestType] [  487] -  str(1) = 2
[INFO ][2016-01-21 19:21:16,685][com.java.TestType] [  490] - Test case Id is---2
[INFO ][2016-01-21 19:21:16,685][com.java.TestType] [  492] - 2
[INFO ][2016-01-21 19:21:16,685][com.java.TestType] [  487] -  str(2) = 1
[INFO ][2016-01-21 19:21:16,687][com.java.TestType] [  487] -  str(1) = 2
[INFO ][2016-01-21 19:21:16,687][com.java.TestType] [  490] - Test case Id is---2
[INFO ][2016-01-21 19:21:16,687][com.java.TestType] [  492] - 2
[INFO ][2016-01-21 19:21:16,687][com.java.TestType] [  487] -  str(2) = 2
[INFO ][2016-01-21 19:21:16,688][com.java.TestType] [  487] -  str(1) = 2
[INFO ][2016-01-21 19:21:16,688][com.java.TestType] [  490] - Test case Id is---2
[INFO ][2016-01-21 19:21:16,688][com.java.TestType] [  492] - 2
[INFO ][2016-01-21 19:21:16,688][com.java.TestType] [  487] -  str(2) = 3
[INFO ][2016-01-21 19:21:16,689][com.java.TestType] [11651] - Looping 1TCID = 2
[DEBUG][2016-01-21 19:21:16,689][com.java.TestType] [11692] - Concept ID:2 :: Step being Executed: 2::1
[INFO ][2016-01-21 19:21:16,689][com.java.TestType] [11730] - dataFields : BNK//select[@id='bank']
[DEBUG][2016-01-21 19:21:16,689][com.java.TestType] [11736] - <In Set values of the page>
[DEBUG][2016-01-21 19:21:16,689][com.java.TestType] [11741] - {Data Fields & Data Values Exist}
[INFO ][2016-01-21 19:21:16,689][com.java.TestType] [11747] - --------------------------setting values-----------------------------
[INFO ][2016-01-21 19:21:16,689][com.java.TestType] [11750] - Action Type : Select
[INFO ][2016-01-21 19:21:16,690][com.java.TestType] [ 6394] - value = PFC
[INFO ][2016-01-21 19:21:16,899][com.java.TestType] [11769] -  RESULT true
[INFO ][2016-01-21 19:21:16,899][com.java.TestType] [11886] - ?   P A S S   ?
[DEBUG][2016-01-21 19:21:16,899][com.java.TestType] [11692] - Concept ID:2 :: Step being Executed: 2::2
[INFO ][2016-01-21 19:21:16,899][com.java.TestType] [11730] - dataFields : LNKLogout
[DEBUG][2016-01-21 19:21:16,899][com.java.TestType] [11736] - <In Set values of the page>
[DEBUG][2016-01-21 19:21:16,899][com.java.TestType] [11741] - {Data Fields & Data Values Exist}
[INFO ][2016-01-21 19:21:16,899][com.java.TestType] [11747] - --------------------------setting values-----------------------------
[INFO ][2016-01-21 19:21:16,899][com.java.TestType] [11750] - Action Type : WaitTime
[DEBUG][2016-01-21 19:21:16,900][com.java.TestType] [ 6208] - sleepTime: 5000
[INFO ][2016-01-21 19:21:21,901][com.java.TestType] [11769] -  RESULT true
[INFO ][2016-01-21 19:21:21,901][com.java.TestType] [11886] - ?   P A S S   ?
[INFO ][2016-01-21 19:21:21,901][com.java.TestType] [11957] - Looping End......
[INFO ][2016-01-21 19:21:21,902][com.java.SeleniumDriver] [  930] -  RESULT true
[INFO ][2016-01-21 19:21:21,903][com.java.SeleniumDriver] [ 1136] - ?   P A S S   ?
[INFO ][2016-01-21 19:21:21,903][com.java.SeleniumDriver] [  856] - ------------------------------------------
[INFO ][2016-01-21 19:21:21,903][com.java.SeleniumDriver] [  857] - Test case being Executed: 4
[INFO ][2016-01-21 19:21:21,903][com.java.SeleniumDriver] [  869] - Test step:4
[INFO ][2016-01-21 19:21:21,903][com.java.SeleniumDriver] [  881] - Datavalue is----------2
[INFO ][2016-01-21 19:21:21,903][com.java.SeleniumDriver] [  905] - DataField : BTNG/L
[INFO ][2016-01-21 19:21:21,903][com.java.SeleniumDriver] [  907] - DataValue : 2
[INFO ][2016-01-21 19:21:21,903][com.java.SeleniumDriver] [  913] - <In Set values of the page>
[INFO ][2016-01-21 19:21:21,903][com.java.SeleniumDriver] [  916] - {Data Fields & Data Values Exist}
[INFO ][2016-01-21 19:21:21,903][com.java.SeleniumDriver] [  918] - --------------------------setting values-----------------------------
[INFO ][2016-01-21 19:21:21,903][com.java.SeleniumDriver] [  921] - Action Type : WAITFORELEMENT
[INFO ][2016-01-21 19:21:21,950][com.java.SeleniumDriver] [  930] -  RESULT true
[INFO ][2016-01-21 19:21:21,950][com.java.SeleniumDriver] [ 1136] - ?   P A S S   ?
[INFO ][2016-01-21 19:21:21,950][com.java.SeleniumDriver] [  856] - ------------------------------------------
[INFO ][2016-01-21 19:21:21,950][com.java.SeleniumDriver] [  857] - Test case being Executed: 4
[INFO ][2016-01-21 19:21:21,950][com.java.SeleniumDriver] [  869] - Test step:5
[INFO ][2016-01-21 19:21:21,950][com.java.SeleniumDriver] [  881] - Datavalue is----------null
[DEBUG][2016-01-21 19:21:21,951][com.java.SeleniumDriver] [  899] - Exception: null
[INFO ][2016-01-21 19:21:21,951][com.java.SeleniumDriver] [  905] - DataField : //a[starts-with(normalize-space(.), 'Settings')]/span[2]&&//a[starts-with(normalize-space(.), 'Customize')]&&//li[@data-id='MyDashboard']/a[starts-with(text(), 'My Dashboard')]
[INFO ][2016-01-21 19:21:21,951][com.java.SeleniumDriver] [  907] - DataValue : 
[INFO ][2016-01-21 19:21:21,951][com.java.SeleniumDriver] [  913] - <In Set values of the page>
[INFO ][2016-01-21 19:21:21,951][com.java.SeleniumDriver] [  916] - {Data Fields & Data Values Exist}
[INFO ][2016-01-21 19:21:21,951][com.java.SeleniumDriver] [  918] - --------------------------setting values-----------------------------
[INFO ][2016-01-21 19:21:21,951][com.java.SeleniumDriver] [  921] - Action Type : MOUSEOVER
[INFO ][2016-01-21 19:21:49,423][com.java.SeleniumDriver] [  930] -  RESULT true
[INFO ][2016-01-21 19:21:49,423][com.java.SeleniumDriver] [ 1136] - ?   P A S S   ?
[INFO ][2016-01-21 19:21:49,423][com.java.SeleniumDriver] [  856] - ------------------------------------------
[INFO ][2016-01-21 19:21:49,423][com.java.SeleniumDriver] [  857] - Test case being Executed: 4
[INFO ][2016-01-21 19:21:49,423][com.java.SeleniumDriver] [  869] - Test step:6
[INFO ][2016-01-21 19:21:49,423][com.java.SeleniumDriver] [  881] - Datavalue is----------5
[INFO ][2016-01-21 19:21:49,423][com.java.SeleniumDriver] [  905] - DataField : BTN//iframe[@id='frameDialogContent']
[INFO ][2016-01-21 19:21:49,423][com.java.SeleniumDriver] [  907] - DataValue : 5
[INFO ][2016-01-21 19:21:49,423][com.java.SeleniumDriver] [  913] - <In Set values of the page>
[INFO ][2016-01-21 19:21:49,423][com.java.SeleniumDriver] [  916] - {Data Fields & Data Values Exist}
[INFO ][2016-01-21 19:21:49,423][com.java.SeleniumDriver] [  918] - --------------------------setting values-----------------------------
[INFO ][2016-01-21 19:21:49,423][com.java.SeleniumDriver] [  921] - Action Type : WAITFORELEMENT
[INFO ][2016-01-21 19:21:49,459][com.java.SeleniumDriver] [  930] -  RESULT true
[INFO ][2016-01-21 19:21:49,459][com.java.SeleniumDriver] [ 1136] - ?   P A S S   ?
[INFO ][2016-01-21 19:21:49,460][com.java.SeleniumDriver] [  856] - ------------------------------------------
[INFO ][2016-01-21 19:21:49,460][com.java.SeleniumDriver] [  857] - Test case being Executed: 4
[INFO ][2016-01-21 19:21:49,460][com.java.SeleniumDriver] [  869] - Test step:7
[INFO ][2016-01-21 19:21:49,460][com.java.SeleniumDriver] [  881] - Datavalue is----------null
[DEBUG][2016-01-21 19:21:49,460][com.java.SeleniumDriver] [  899] - Exception: null
[INFO ][2016-01-21 19:21:49,460][com.java.SeleniumDriver] [  905] - DataField : BTN//iframe[@id='frameDialogContent']
[INFO ][2016-01-21 19:21:49,460][com.java.SeleniumDriver] [  907] - DataValue : 
[INFO ][2016-01-21 19:21:49,460][com.java.SeleniumDriver] [  913] - <In Set values of the page>
[INFO ][2016-01-21 19:21:49,460][com.java.SeleniumDriver] [  916] - {Data Fields & Data Values Exist}
[INFO ][2016-01-21 19:21:49,460][com.java.SeleniumDriver] [  918] - --------------------------setting values-----------------------------
[INFO ][2016-01-21 19:21:49,460][com.java.SeleniumDriver] [  921] - Action Type : SELECTFRAME
[INFO ][2016-01-21 19:21:49,558][com.java.SeleniumDriver] [  930] -  RESULT true
[INFO ][2016-01-21 19:21:49,558][com.java.SeleniumDriver] [ 1136] - ?   P A S S   ?
[INFO ][2016-01-21 19:21:49,558][com.java.SeleniumDriver] [  856] - ------------------------------------------
[INFO ][2016-01-21 19:21:49,558][com.java.SeleniumDriver] [  857] - Test case being Executed: 4
[INFO ][2016-01-21 19:21:49,558][com.java.SeleniumDriver] [  869] - Test step:8
[INFO ][2016-01-21 19:21:49,558][com.java.SeleniumDriver] [  881] - Datavalue is----------#_keys
[INFO ][2016-01-21 19:21:49,559][com.java.SeleniumDriver] [  905] - DataField : XPH//td[starts-with(text(), '#_CAL')]
[INFO ][2016-01-21 19:21:49,559][com.java.SeleniumDriver] [  907] - DataValue : #_keys
[INFO ][2016-01-21 19:21:49,559][com.java.SeleniumDriver] [  913] - <In Set values of the page>
[INFO ][2016-01-21 19:21:49,559][com.java.SeleniumDriver] [  916] - {Data Fields & Data Values Exist}
[INFO ][2016-01-21 19:21:49,559][com.java.SeleniumDriver] [  918] - --------------------------setting values-----------------------------
[INFO ][2016-01-21 19:21:49,559][com.java.SeleniumDriver] [  921] - Action Type : STOREVALUE
[INFO ][2016-01-21 19:21:49,560][com.java.TestType] [ 9411] - field= XPH//td[starts-with(text(), '#_CAL')]
[DEBUG][2016-01-21 19:21:49,626][com.java.TestType] [ 9466] - Key:: #_keys   Value:: #_CAL70082
[INFO ][2016-01-21 19:21:49,626][com.java.SeleniumDriver] [  930] -  RESULT true
[INFO ][2016-01-21 19:21:49,627][com.java.SeleniumDriver] [ 1136] - ?   P A S S   ?
[INFO ][2016-01-21 19:21:49,627][com.java.SeleniumDriver] [ 1173] - Continue next step...
[INFO ][2016-01-21 19:21:49,627][com.java.SeleniumDriver] [  856] - ------------------------------------------
[INFO ][2016-01-21 19:21:49,627][com.java.SeleniumDriver] [  857] - Test case being Executed: 4
[INFO ][2016-01-21 19:21:49,627][com.java.SeleniumDriver] [  869] - Test step:9
[INFO ][2016-01-21 19:21:49,627][com.java.SeleniumDriver] [  881] - Datavalue is----------#_keys
[INFO ][2016-01-21 19:21:49,627][com.java.SeleniumDriver] [  905] - DataField : MNC//td[contains(text(),'mytext')]/../td[@align='center']/span[2]
[INFO ][2016-01-21 19:21:49,627][com.java.SeleniumDriver] [  907] - DataValue : #_keys
[INFO ][2016-01-21 19:21:49,627][com.java.SeleniumDriver] [  913] - <In Set values of the page>
[INFO ][2016-01-21 19:21:49,627][com.java.SeleniumDriver] [  916] - {Data Fields & Data Values Exist}
[INFO ][2016-01-21 19:21:49,627][com.java.SeleniumDriver] [  918] - --------------------------setting values-----------------------------
[INFO ][2016-01-21 19:21:49,627][com.java.SeleniumDriver] [  921] - Action Type : Click
[INFO ][2016-01-21 19:21:49,627][com.java.TestType] [ 6773] - Field ::MNC//td[contains(text(),'mytext')]/../td[@align='center']/span[2]
[INFO ][2016-01-21 19:21:49,627][com.java.TestType] [ 6394] - value = #_keys
[INFO ][2016-01-21 19:21:52,185][com.java.SeleniumDriver] [  930] -  RESULT true
[INFO ][2016-01-21 19:21:52,185][com.java.SeleniumDriver] [ 1136] - ?   P A S S   ?
[INFO ][2016-01-21 19:21:52,185][com.java.SeleniumDriver] [ 1178] - step change to 15
[INFO ][2016-01-21 19:21:52,185][com.java.SeleniumDriver] [  856] - ------------------------------------------
[INFO ][2016-01-21 19:21:52,185][com.java.SeleniumDriver] [  857] - Test case being Executed: 4
[INFO ][2016-01-21 19:21:52,186][com.java.SeleniumDriver] [  869] - Test step:15
[INFO ][2016-01-21 19:21:52,186][com.java.SeleniumDriver] [  881] - Datavalue is----------#_keys
[INFO ][2016-01-21 19:21:52,186][com.java.SeleniumDriver] [  905] - DataField : HDC//td[contains(text(),'mytext')]/../td[@align='center']/span[2]
[INFO ][2016-01-21 19:21:52,186][com.java.SeleniumDriver] [  907] - DataValue : #_keys
[INFO ][2016-01-21 19:21:52,186][com.java.SeleniumDriver] [  913] - <In Set values of the page>
[INFO ][2016-01-21 19:21:52,186][com.java.SeleniumDriver] [  916] - {Data Fields & Data Values Exist}
[INFO ][2016-01-21 19:21:52,186][com.java.SeleniumDriver] [  918] - --------------------------setting values-----------------------------
[INFO ][2016-01-21 19:21:52,186][com.java.SeleniumDriver] [  921] - Action Type : Click
[INFO ][2016-01-21 19:21:52,186][com.java.TestType] [ 6773] - Field ::HDC//td[contains(text(),'mytext')]/../td[@align='center']/span[2]
[INFO ][2016-01-21 19:21:52,186][com.java.TestType] [ 6394] - value = #_keys
[INFO ][2016-01-21 19:21:54,673][com.java.SeleniumDriver] [  930] -  RESULT true
[INFO ][2016-01-21 19:21:54,673][com.java.SeleniumDriver] [ 1136] - ?   P A S S   ?
[INFO ][2016-01-21 19:21:54,673][com.java.SeleniumDriver] [  856] - ------------------------------------------
[INFO ][2016-01-21 19:21:54,673][com.java.SeleniumDriver] [  857] - Test case being Executed: 4
[INFO ][2016-01-21 19:21:54,673][com.java.SeleniumDriver] [  869] - Test step:16
[INFO ][2016-01-21 19:21:54,674][com.java.SeleniumDriver] [  881] - Datavalue is----------10
[INFO ][2016-01-21 19:21:54,674][com.java.SeleniumDriver] [  905] - DataField : test
[INFO ][2016-01-21 19:21:54,674][com.java.SeleniumDriver] [  907] - DataValue : 10
[INFO ][2016-01-21 19:21:54,674][com.java.SeleniumDriver] [  913] - <In Set values of the page>
[INFO ][2016-01-21 19:21:54,674][com.java.SeleniumDriver] [  916] - {Data Fields & Data Values Exist}
[INFO ][2016-01-21 19:21:54,674][com.java.SeleniumDriver] [  918] - --------------------------setting values-----------------------------
[INFO ][2016-01-21 19:21:54,674][com.java.SeleniumDriver] [  921] - Action Type : WaitTime
[DEBUG][2016-01-21 19:21:54,674][com.java.TestType] [ 6208] - sleepTime: 10000
[INFO ][2016-01-21 19:22:04,675][com.java.SeleniumDriver] [  930] -  RESULT true
[INFO ][2016-01-21 19:22:04,675][com.java.SeleniumDriver] [ 1136] - ?   P A S S   ?
[INFO ][2016-01-21 19:22:04,675][com.java.SeleniumDriver] [  856] - ------------------------------------------
[INFO ][2016-01-21 19:22:04,675][com.java.SeleniumDriver] [  857] - Test case being Executed: 4
[INFO ][2016-01-21 19:22:04,675][com.java.SeleniumDriver] [  869] - Test step:17
[INFO ][2016-01-21 19:22:04,675][com.java.SeleniumDriver] [  881] - Datavalue is----------Indicator Type
[INFO ][2016-01-21 19:22:04,675][com.java.SeleniumDriver] [  905] - DataField : MSG
[INFO ][2016-01-21 19:22:04,675][com.java.SeleniumDriver] [  907] - DataValue : Indicator Type
[INFO ][2016-01-21 19:22:04,675][com.java.SeleniumDriver] [  913] - <In Set values of the page>
[INFO ][2016-01-21 19:22:04,675][com.java.SeleniumDriver] [  916] - {Data Fields & Data Values Exist}
[INFO ][2016-01-21 19:22:04,675][com.java.SeleniumDriver] [  918] - --------------------------setting values-----------------------------
[INFO ][2016-01-21 19:22:04,675][com.java.SeleniumDriver] [  921] - Action Type : verify
[INFO ][2016-01-21 19:22:04,676][com.java.TestType] [ 7984] - field= MSG value= Indicator Type
[INFO ][2016-01-21 19:22:04,676][com.java.TestType] [ 6394] - value = Indicator Type
[DEBUG][2016-01-21 19:22:04,676][com.java.TestType] [ 8814] - value :: Indicator Type
[INFO ][2016-01-21 19:22:04,704][com.java.SeleniumDriver] [  930] -  RESULT true
[INFO ][2016-01-21 19:22:04,704][com.java.SeleniumDriver] [ 1136] - ?   P A S S   ?
[INFO ][2016-01-21 19:22:04,704][com.java.SeleniumDriver] [  856] - ------------------------------------------
[INFO ][2016-01-21 19:22:04,704][com.java.SeleniumDriver] [  857] - Test case being Executed: 4
[INFO ][2016-01-21 19:22:04,704][com.java.SeleniumDriver] [  869] - Test step:18
[INFO ][2016-01-21 19:22:04,704][com.java.SeleniumDriver] [  881] - Datavalue is----------Indicator Value
[INFO ][2016-01-21 19:22:04,704][com.java.SeleniumDriver] [  905] - DataField : MSG
[INFO ][2016-01-21 19:22:04,704][com.java.SeleniumDriver] [  907] - DataValue : Indicator Value
[INFO ][2016-01-21 19:22:04,704][com.java.SeleniumDriver] [  913] - <In Set values of the page>
[INFO ][2016-01-21 19:22:04,704][com.java.SeleniumDriver] [  916] - {Data Fields & Data Values Exist}
[INFO ][2016-01-21 19:22:04,704][com.java.SeleniumDriver] [  918] - --------------------------setting values-----------------------------
[INFO ][2016-01-21 19:22:04,705][com.java.SeleniumDriver] [  921] - Action Type : verify
[INFO ][2016-01-21 19:22:04,705][com.java.TestType] [ 7984] - field= MSG value= Indicator Value
[INFO ][2016-01-21 19:22:04,705][com.java.TestType] [ 6394] - value = Indicator Value
[DEBUG][2016-01-21 19:22:04,705][com.java.TestType] [ 8814] - value :: Indicator Value
[INFO ][2016-01-21 19:22:04,722][com.java.SeleniumDriver] [  930] -  RESULT true
[INFO ][2016-01-21 19:22:04,723][com.java.SeleniumDriver] [ 1136] - ?   P A S S   ?
[INFO ][2016-01-21 19:22:04,723][com.java.SeleniumDriver] [  856] - ------------------------------------------
[INFO ][2016-01-21 19:22:04,723][com.java.SeleniumDriver] [  857] - Test case being Executed: 4
[INFO ][2016-01-21 19:22:04,723][com.java.SeleniumDriver] [  869] - Test step:19
[INFO ][2016-01-21 19:22:04,723][com.java.SeleniumDriver] [  881] - Datavalue is----------Indicator Name
[INFO ][2016-01-21 19:22:04,723][com.java.SeleniumDriver] [  905] - DataField : MSG
[INFO ][2016-01-21 19:22:04,723][com.java.SeleniumDriver] [  907] - DataValue : Indicator Name
[INFO ][2016-01-21 19:22:04,723][com.java.SeleniumDriver] [  913] - <In Set values of the page>
[INFO ][2016-01-21 19:22:04,723][com.java.SeleniumDriver] [  916] - {Data Fields & Data Values Exist}
[INFO ][2016-01-21 19:22:04,723][com.java.SeleniumDriver] [  918] - --------------------------setting values-----------------------------
[INFO ][2016-01-21 19:22:04,723][com.java.SeleniumDriver] [  921] - Action Type : verify
[INFO ][2016-01-21 19:22:04,723][com.java.TestType] [ 7984] - field= MSG value= Indicator Name
[INFO ][2016-01-21 19:22:04,723][com.java.TestType] [ 6394] - value = Indicator Name
[DEBUG][2016-01-21 19:22:04,723][com.java.TestType] [ 8814] - value :: Indicator Name
[INFO ][2016-01-21 19:22:04,739][com.java.SeleniumDriver] [  930] -  RESULT true
[INFO ][2016-01-21 19:22:04,740][com.java.SeleniumDriver] [ 1136] - ?   P A S S   ?
[INFO ][2016-01-21 19:22:04,740][com.java.SeleniumDriver] [  856] - ------------------------------------------
[INFO ][2016-01-21 19:22:04,740][com.java.SeleniumDriver] [  857] - Test case being Executed: 4
[INFO ][2016-01-21 19:22:04,740][com.java.SeleniumDriver] [  869] - Test step:20
[INFO ][2016-01-21 19:22:04,740][com.java.SeleniumDriver] [  881] - Datavalue is----------5
[INFO ][2016-01-21 19:22:04,740][com.java.SeleniumDriver] [  905] - DataField : test
[INFO ][2016-01-21 19:22:04,740][com.java.SeleniumDriver] [  907] - DataValue : 5
[INFO ][2016-01-21 19:22:04,740][com.java.SeleniumDriver] [  913] - <In Set values of the page>
[INFO ][2016-01-21 19:22:04,740][com.java.SeleniumDriver] [  916] - {Data Fields & Data Values Exist}
[INFO ][2016-01-21 19:22:04,740][com.java.SeleniumDriver] [  918] - --------------------------setting values-----------------------------
[INFO ][2016-01-21 19:22:04,740][com.java.SeleniumDriver] [  921] - Action Type : WaitTime
[DEBUG][2016-01-21 19:22:04,740][com.java.TestType] [ 6208] - sleepTime: 5000
[INFO ][2016-01-21 19:22:09,740][com.java.SeleniumDriver] [  930] -  RESULT true
[INFO ][2016-01-21 19:22:09,740][com.java.SeleniumDriver] [ 1136] - ?   P A S S   ?
[INFO ][2016-01-21 19:22:09,740][com.java.SeleniumDriver] [  856] - ------------------------------------------
[INFO ][2016-01-21 19:22:09,740][com.java.SeleniumDriver] [  857] - Test case being Executed: 4
[INFO ][2016-01-21 19:22:09,740][com.java.SeleniumDriver] [  869] - Test step:21
[INFO ][2016-01-21 19:22:09,740][com.java.SeleniumDriver] [  881] - Datavalue is----------null
[DEBUG][2016-01-21 19:22:09,740][com.java.SeleniumDriver] [  899] - Exception: null
[INFO ][2016-01-21 19:22:09,740][com.java.SeleniumDriver] [  905] - DataField : HDN//input[@id='btnNext']
[INFO ][2016-01-21 19:22:09,740][com.java.SeleniumDriver] [  907] - DataValue : 
[INFO ][2016-01-21 19:22:09,740][com.java.SeleniumDriver] [  913] - <In Set values of the page>
[INFO ][2016-01-21 19:22:09,740][com.java.SeleniumDriver] [  916] - {Data Fields & Data Values Exist}
[INFO ][2016-01-21 19:22:09,741][com.java.SeleniumDriver] [  918] - --------------------------setting values-----------------------------
[INFO ][2016-01-21 19:22:09,741][com.java.SeleniumDriver] [  921] - Action Type : CLICK
[INFO ][2016-01-21 19:22:09,741][com.java.TestType] [ 6773] - Field ::HDN//input[@id='btnNext']
[INFO ][2016-01-21 19:22:09,741][com.java.TestType] [ 6394] - value = 
[INFO ][2016-01-21 19:22:10,836][com.java.SeleniumDriver] [  930] -  RESULT true
[INFO ][2016-01-21 19:22:10,836][com.java.SeleniumDriver] [ 1136] - ?   P A S S   ?
[INFO ][2016-01-21 19:22:10,836][com.java.SeleniumDriver] [  856] - ------------------------------------------
[INFO ][2016-01-21 19:22:10,836][com.java.SeleniumDriver] [  857] - Test case being Executed: 4
[INFO ][2016-01-21 19:22:10,836][com.java.SeleniumDriver] [  869] - Test step:22
[INFO ][2016-01-21 19:22:10,836][com.java.SeleniumDriver] [  881] - Datavalue is----------3
[INFO ][2016-01-21 19:22:10,836][com.java.SeleniumDriver] [  905] - DataField : TXTGreenCompare
[INFO ][2016-01-21 19:22:10,836][com.java.SeleniumDriver] [  907] - DataValue : 3
[INFO ][2016-01-21 19:22:10,836][com.java.SeleniumDriver] [  913] - <In Set values of the page>
[INFO ][2016-01-21 19:22:10,837][com.java.SeleniumDriver] [  916] - {Data Fields & Data Values Exist}
[INFO ][2016-01-21 19:22:10,837][com.java.SeleniumDriver] [  918] - --------------------------setting values-----------------------------
[INFO ][2016-01-21 19:22:10,837][com.java.SeleniumDriver] [  921] - Action Type : WaitForElement
[INFO ][2016-01-21 19:22:11,893][com.java.SeleniumDriver] [  930] -  RESULT true
[INFO ][2016-01-21 19:22:11,893][com.java.SeleniumDriver] [ 1136] - ?   P A S S   ?
[INFO ][2016-01-21 19:22:11,893][com.java.SeleniumDriver] [  856] - ------------------------------------------
[INFO ][2016-01-21 19:22:11,893][com.java.SeleniumDriver] [  857] - Test case being Executed: 4
[INFO ][2016-01-21 19:22:11,893][com.java.SeleniumDriver] [  869] - Test step:23
[INFO ][2016-01-21 19:22:11,893][com.java.SeleniumDriver] [  881] - Datavalue is----------index:1
[INFO ][2016-01-21 19:22:11,894][com.java.SeleniumDriver] [  905] - DataField : COBGreenCompare
[INFO ][2016-01-21 19:22:11,894][com.java.SeleniumDriver] [  907] - DataValue : index:1
[INFO ][2016-01-21 19:22:11,894][com.java.SeleniumDriver] [  913] - <In Set values of the page>
[INFO ][2016-01-21 19:22:11,894][com.java.SeleniumDriver] [  916] - {Data Fields & Data Values Exist}
[INFO ][2016-01-21 19:22:11,894][com.java.SeleniumDriver] [  918] - --------------------------setting values-----------------------------
[INFO ][2016-01-21 19:22:11,894][com.java.SeleniumDriver] [  921] - Action Type : Select
[INFO ][2016-01-21 19:22:11,894][com.java.TestType] [ 6394] - value = 1
[INFO ][2016-01-21 19:22:13,016][com.java.TestType] [ 6512] -  In COB GreenCompare : 1
[INFO ][2016-01-21 19:22:13,116][com.java.SeleniumDriver] [  930] -  RESULT true
[INFO ][2016-01-21 19:22:13,116][com.java.SeleniumDriver] [ 1136] - ?   P A S S   ?
[INFO ][2016-01-21 19:22:13,116][com.java.SeleniumDriver] [  856] - ------------------------------------------
[INFO ][2016-01-21 19:22:13,116][com.java.SeleniumDriver] [  857] - Test case being Executed: 4
[INFO ][2016-01-21 19:22:13,116][com.java.SeleniumDriver] [  869] - Test step:24
[INFO ][2016-01-21 19:22:13,116][com.java.SeleniumDriver] [  881] - Datavalue is----------100000000
[INFO ][2016-01-21 19:22:13,116][com.java.SeleniumDriver] [  905] - DataField : TXTGreenValue
[INFO ][2016-01-21 19:22:13,118][com.java.SeleniumDriver] [  907] - DataValue : 100000000
[INFO ][2016-01-21 19:22:13,118][com.java.SeleniumDriver] [  913] - <In Set values of the page>
[INFO ][2016-01-21 19:22:13,118][com.java.SeleniumDriver] [  916] - {Data Fields & Data Values Exist}
[INFO ][2016-01-21 19:22:13,118][com.java.SeleniumDriver] [  918] - --------------------------setting values-----------------------------
[INFO ][2016-01-21 19:22:13,118][com.java.SeleniumDriver] [  921] - Action Type : CLEARANDENTER
[INFO ][2016-01-21 19:22:14,256][com.java.TestType] [ 6394] - value = 100000000
[INFO ][2016-01-21 19:22:15,432][com.java.SeleniumDriver] [  930] -  RESULT true
[INFO ][2016-01-21 19:22:15,433][com.java.SeleniumDriver] [ 1136] - ?   P A S S   ?
[INFO ][2016-01-21 19:22:15,433][com.java.SeleniumDriver] [  856] - ------------------------------------------
[INFO ][2016-01-21 19:22:15,433][com.java.SeleniumDriver] [  857] - Test case being Executed: 4
[INFO ][2016-01-21 19:22:15,433][com.java.SeleniumDriver] [  869] - Test step:25
[INFO ][2016-01-21 19:22:15,433][com.java.SeleniumDriver] [  881] - Datavalue is----------null
[DEBUG][2016-01-21 19:22:15,433][com.java.SeleniumDriver] [  899] - Exception: null
[INFO ][2016-01-21 19:22:15,433][com.java.SeleniumDriver] [  905] - DataField : BTNparent
[INFO ][2016-01-21 19:22:15,433][com.java.SeleniumDriver] [  907] - DataValue : 
[INFO ][2016-01-21 19:22:15,433][com.java.SeleniumDriver] [  913] - <In Set values of the page>
[INFO ][2016-01-21 19:22:15,433][com.java.SeleniumDriver] [  916] - {Data Fields & Data Values Exist}
[INFO ][2016-01-21 19:22:15,433][com.java.SeleniumDriver] [  918] - --------------------------setting values-----------------------------
[INFO ][2016-01-21 19:22:15,433][com.java.SeleniumDriver] [  921] - Action Type : SELECTFRAME
[INFO ][2016-01-21 19:22:15,449][com.java.SeleniumDriver] [  930] -  RESULT true
[INFO ][2016-01-21 19:22:15,449][com.java.SeleniumDriver] [ 1136] - ?   P A S S   ?
[INFO ][2016-01-21 19:22:15,449][com.java.SeleniumDriver] [  856] - ------------------------------------------
[INFO ][2016-01-21 19:22:15,449][com.java.SeleniumDriver] [  857] - Test case being Executed: 4
[INFO ][2016-01-21 19:22:15,449][com.java.SeleniumDriver] [  869] - Test step:26
[INFO ][2016-01-21 19:22:15,449][com.java.SeleniumDriver] [  881] - Datavalue is----------5
[INFO ][2016-01-21 19:22:15,449][com.java.SeleniumDriver] [  905] - DataField : XPH//span[contains(text(),'Finished')]
[INFO ][2016-01-21 19:22:15,449][com.java.SeleniumDriver] [  907] - DataValue : 5
[INFO ][2016-01-21 19:22:15,450][com.java.SeleniumDriver] [  913] - <In Set values of the page>
[INFO ][2016-01-21 19:22:15,450][com.java.SeleniumDriver] [  916] - {Data Fields & Data Values Exist}
[INFO ][2016-01-21 19:22:15,450][com.java.SeleniumDriver] [  918] - --------------------------setting values-----------------------------
[INFO ][2016-01-21 19:22:15,450][com.java.SeleniumDriver] [  921] - Action Type : WAITFORELEMENT
[INFO ][2016-01-21 19:22:15,487][com.java.SeleniumDriver] [  930] -  RESULT true
[INFO ][2016-01-21 19:22:15,487][com.java.SeleniumDriver] [ 1136] - ?   P A S S   ?
[INFO ][2016-01-21 19:22:15,487][com.java.SeleniumDriver] [  856] - ------------------------------------------
[INFO ][2016-01-21 19:22:15,487][com.java.SeleniumDriver] [  857] - Test case being Executed: 4
[INFO ][2016-01-21 19:22:15,487][com.java.SeleniumDriver] [  869] - Test step:27
[INFO ][2016-01-21 19:22:15,487][com.java.SeleniumDriver] [  881] - Datavalue is----------null
[DEBUG][2016-01-21 19:22:15,487][com.java.SeleniumDriver] [  899] - Exception: null
[INFO ][2016-01-21 19:22:15,488][com.java.SeleniumDriver] [  905] - DataField : HDN//span[contains(text(),'Finished')]
[INFO ][2016-01-21 19:22:15,488][com.java.SeleniumDriver] [  907] - DataValue : 
[INFO ][2016-01-21 19:22:15,488][com.java.SeleniumDriver] [  913] - <In Set values of the page>
[INFO ][2016-01-21 19:22:15,488][com.java.SeleniumDriver] [  916] - {Data Fields & Data Values Exist}
[INFO ][2016-01-21 19:22:15,488][com.java.SeleniumDriver] [  918] - --------------------------setting values-----------------------------
[INFO ][2016-01-21 19:22:15,488][com.java.SeleniumDriver] [  921] - Action Type : CLICK
[INFO ][2016-01-21 19:22:15,488][com.java.TestType] [ 6773] - Field ::HDN//span[contains(text(),'Finished')]
[INFO ][2016-01-21 19:22:15,488][com.java.TestType] [ 6394] - value = 
[INFO ][2016-01-21 19:22:16,665][com.java.SeleniumDriver] [  930] -  RESULT true
[INFO ][2016-01-21 19:22:16,665][com.java.SeleniumDriver] [ 1136] - ?   P A S S   ?
[INFO ][2016-01-21 19:22:16,665][com.java.SeleniumDriver] [  856] - ------------------------------------------
[INFO ][2016-01-21 19:22:16,665][com.java.SeleniumDriver] [  857] - Test case being Executed: 4
[INFO ][2016-01-21 19:22:16,665][com.java.SeleniumDriver] [  869] - Test step:28
[INFO ][2016-01-21 19:22:16,665][com.java.SeleniumDriver] [  881] - Datavalue is----------5
[INFO ][2016-01-21 19:22:16,665][com.java.SeleniumDriver] [  905] - DataField : BTN//iframe[@id='frameDialogContent']
[INFO ][2016-01-21 19:22:16,666][com.java.SeleniumDriver] [  907] - DataValue : 5
[INFO ][2016-01-21 19:22:16,666][com.java.SeleniumDriver] [  913] - <In Set values of the page>
[INFO ][2016-01-21 19:22:16,666][com.java.SeleniumDriver] [  916] - {Data Fields & Data Values Exist}
[INFO ][2016-01-21 19:22:16,666][com.java.SeleniumDriver] [  918] - --------------------------setting values-----------------------------
[INFO ][2016-01-21 19:22:16,666][com.java.SeleniumDriver] [  921] - Action Type : WAITFORELEMENT
[INFO ][2016-01-21 19:22:16,771][com.java.SeleniumDriver] [  930] -  RESULT true
[INFO ][2016-01-21 19:22:16,771][com.java.SeleniumDriver] [ 1136] - ?   P A S S   ?
[INFO ][2016-01-21 19:22:16,771][com.java.SeleniumDriver] [  856] - ------------------------------------------
[INFO ][2016-01-21 19:22:16,771][com.java.SeleniumDriver] [  857] - Test case being Executed: 4
[INFO ][2016-01-21 19:22:16,771][com.java.SeleniumDriver] [  869] - Test step:29
[INFO ][2016-01-21 19:22:16,771][com.java.SeleniumDriver] [  881] - Datavalue is----------null
[DEBUG][2016-01-21 19:22:16,771][com.java.SeleniumDriver] [  899] - Exception: null
[INFO ][2016-01-21 19:22:16,772][com.java.SeleniumDriver] [  905] - DataField : BTN//iframe[@id='frameDialogContent']
[INFO ][2016-01-21 19:22:16,772][com.java.SeleniumDriver] [  907] - DataValue : 
[INFO ][2016-01-21 19:22:16,772][com.java.SeleniumDriver] [  913] - <In Set values of the page>
[INFO ][2016-01-21 19:22:16,772][com.java.SeleniumDriver] [  916] - {Data Fields & Data Values Exist}
[INFO ][2016-01-21 19:22:16,772][com.java.SeleniumDriver] [  918] - --------------------------setting values-----------------------------
[INFO ][2016-01-21 19:22:16,772][com.java.SeleniumDriver] [  921] - Action Type : SELECTFRAME
[INFO ][2016-01-21 19:22:17,088][com.java.SeleniumDriver] [  930] -  RESULT true
[INFO ][2016-01-21 19:22:17,088][com.java.SeleniumDriver] [ 1136] - ?   P A S S   ?
[INFO ][2016-01-21 19:22:17,088][com.java.SeleniumDriver] [  856] - ------------------------------------------
[INFO ][2016-01-21 19:22:17,088][com.java.SeleniumDriver] [  857] - Test case being Executed: 4
[INFO ][2016-01-21 19:22:17,088][com.java.SeleniumDriver] [  869] - Test step:30
[INFO ][2016-01-21 19:22:17,088][com.java.SeleniumDriver] [  881] - Datavalue is----------5
[INFO ][2016-01-21 19:22:17,088][com.java.SeleniumDriver] [  905] - DataField : test
[INFO ][2016-01-21 19:22:17,088][com.java.SeleniumDriver] [  907] - DataValue : 5
[INFO ][2016-01-21 19:22:17,088][com.java.SeleniumDriver] [  913] - <In Set values of the page>
[INFO ][2016-01-21 19:22:17,089][com.java.SeleniumDriver] [  916] - {Data Fields & Data Values Exist}
[INFO ][2016-01-21 19:22:17,089][com.java.SeleniumDriver] [  918] - --------------------------setting values-----------------------------
[INFO ][2016-01-21 19:22:17,089][com.java.SeleniumDriver] [  921] - Action Type : WaitTime
[DEBUG][2016-01-21 19:22:17,089][com.java.TestType] [ 6208] - sleepTime: 5000
[INFO ][2016-01-21 19:22:22,090][com.java.SeleniumDriver] [  930] -  RESULT true
[INFO ][2016-01-21 19:22:22,090][com.java.SeleniumDriver] [ 1136] - ?   P A S S   ?
[INFO ][2016-01-21 19:22:22,090][com.java.SeleniumDriver] [  856] - ------------------------------------------
[INFO ][2016-01-21 19:22:22,090][com.java.SeleniumDriver] [  857] - Test case being Executed: 4
[INFO ][2016-01-21 19:22:22,090][com.java.SeleniumDriver] [  869] - Test step:31
[INFO ][2016-01-21 19:22:22,090][com.java.SeleniumDriver] [  881] - Datavalue is----------#_keys::< 100,000,000
[INFO ][2016-01-21 19:22:22,090][com.java.SeleniumDriver] [  905] - DataField : PVP//td[contains(text(),'mytext')]//following-sibling::td[1]
[INFO ][2016-01-21 19:22:22,090][com.java.SeleniumDriver] [  907] - DataValue : #_keys::< 100,000,000
[INFO ][2016-01-21 19:22:22,090][com.java.SeleniumDriver] [  913] - <In Set values of the page>
[INFO ][2016-01-21 19:22:22,090][com.java.SeleniumDriver] [  916] - {Data Fields & Data Values Exist}
[INFO ][2016-01-21 19:22:22,090][com.java.SeleniumDriver] [  918] - --------------------------setting values-----------------------------
[INFO ][2016-01-21 19:22:22,090][com.java.SeleniumDriver] [  921] - Action Type : verify
[INFO ][2016-01-21 19:22:22,091][com.java.TestType] [ 7984] - field= PVP//td[contains(text(),'mytext')]//following-sibling::td[1] value= #_keys::< 100,000,000
[INFO ][2016-01-21 19:22:22,091][com.java.TestType] [ 6394] - value = #_keys::< 100,000,000
[INFO ][2016-01-21 19:22:22,201][com.java.SeleniumDriver] [  930] -  RESULT true
[INFO ][2016-01-21 19:22:22,201][com.java.SeleniumDriver] [ 1136] - ?   P A S S   ?
[INFO ][2016-01-21 19:22:22,201][com.java.SeleniumDriver] [  856] - ------------------------------------------
[INFO ][2016-01-21 19:22:22,201][com.java.SeleniumDriver] [  857] - Test case being Executed: 4
[INFO ][2016-01-21 19:22:22,201][com.java.SeleniumDriver] [  869] - Test step:32
[INFO ][2016-01-21 19:22:22,201][com.java.SeleniumDriver] [  881] - Datavalue is----------null
[DEBUG][2016-01-21 19:22:22,201][com.java.SeleniumDriver] [  899] - Exception: null
[INFO ][2016-01-21 19:22:22,202][com.java.SeleniumDriver] [  905] - DataField : BTNparent
[INFO ][2016-01-21 19:22:22,202][com.java.SeleniumDriver] [  907] - DataValue : 
[INFO ][2016-01-21 19:22:22,202][com.java.SeleniumDriver] [  913] - <In Set values of the page>
[INFO ][2016-01-21 19:22:22,202][com.java.SeleniumDriver] [  916] - {Data Fields & Data Values Exist}
[INFO ][2016-01-21 19:22:22,202][com.java.SeleniumDriver] [  918] - --------------------------setting values-----------------------------
[INFO ][2016-01-21 19:22:22,202][com.java.SeleniumDriver] [  921] - Action Type : SELECTFRAME
[INFO ][2016-01-21 19:22:22,217][com.java.SeleniumDriver] [  930] -  RESULT true
[INFO ][2016-01-21 19:22:22,218][com.java.SeleniumDriver] [ 1136] - ?   P A S S   ?
[INFO ][2016-01-21 19:22:22,219][com.java.SeleniumDriver] [  856] - ------------------------------------------
[INFO ][2016-01-21 19:22:22,219][com.java.SeleniumDriver] [  857] - Test case being Executed: 4
[INFO ][2016-01-21 19:22:22,219][com.java.SeleniumDriver] [  869] - Test step:33
[INFO ][2016-01-21 19:22:22,219][com.java.SeleniumDriver] [  881] - Datavalue is----------5
[INFO ][2016-01-21 19:22:22,219][com.java.SeleniumDriver] [  905] - DataField : XPH//span[contains(text(),'Finished')]
[INFO ][2016-01-21 19:22:22,219][com.java.SeleniumDriver] [  907] - DataValue : 5
[INFO ][2016-01-21 19:22:22,219][com.java.SeleniumDriver] [  913] - <In Set values of the page>
[INFO ][2016-01-21 19:22:22,219][com.java.SeleniumDriver] [  916] - {Data Fields & Data Values Exist}
[INFO ][2016-01-21 19:22:22,219][com.java.SeleniumDriver] [  918] - --------------------------setting values-----------------------------
[INFO ][2016-01-21 19:22:22,219][com.java.SeleniumDriver] [  921] - Action Type : WAITFORELEMENT
[INFO ][2016-01-21 19:22:22,254][com.java.SeleniumDriver] [  930] -  RESULT true
[INFO ][2016-01-21 19:22:22,254][com.java.SeleniumDriver] [ 1136] - ?   P A S S   ?
[INFO ][2016-01-21 19:22:22,254][com.java.SeleniumDriver] [  856] - ------------------------------------------
[INFO ][2016-01-21 19:22:22,254][com.java.SeleniumDriver] [  857] - Test case being Executed: 4
[INFO ][2016-01-21 19:22:22,254][com.java.SeleniumDriver] [  869] - Test step:34
[INFO ][2016-01-21 19:22:22,254][com.java.SeleniumDriver] [  881] - Datavalue is----------null
[DEBUG][2016-01-21 19:22:22,255][com.java.SeleniumDriver] [  899] - Exception: null
[INFO ][2016-01-21 19:22:22,255][com.java.SeleniumDriver] [  905] - DataField : HDN//span[contains(text(),'Finished')]
[INFO ][2016-01-21 19:22:22,255][com.java.SeleniumDriver] [  907] - DataValue : 
[INFO ][2016-01-21 19:22:22,255][com.java.SeleniumDriver] [  913] - <In Set values of the page>
[INFO ][2016-01-21 19:22:22,255][com.java.SeleniumDriver] [  916] - {Data Fields & Data Values Exist}
[INFO ][2016-01-21 19:22:22,255][com.java.SeleniumDriver] [  918] - --------------------------setting values-----------------------------
[INFO ][2016-01-21 19:22:22,256][com.java.SeleniumDriver] [  921] - Action Type : CLICK
[INFO ][2016-01-21 19:22:22,257][com.java.TestType] [ 6773] - Field ::HDN//span[contains(text(),'Finished')]
[INFO ][2016-01-21 19:22:22,257][com.java.TestType] [ 6394] - value = 
[INFO ][2016-01-21 19:22:23,392][com.java.SeleniumDriver] [  930] -  RESULT true
[INFO ][2016-01-21 19:22:23,392][com.java.SeleniumDriver] [ 1136] - ?   P A S S   ?
[INFO ][2016-01-21 19:22:23,392][com.java.SeleniumDriver] [  856] - ------------------------------------------
[INFO ][2016-01-21 19:22:23,392][com.java.SeleniumDriver] [  857] - Test case being Executed: 4
[INFO ][2016-01-21 19:22:23,392][com.java.SeleniumDriver] [  869] - Test step:35
[INFO ][2016-01-21 19:22:23,392][com.java.SeleniumDriver] [  881] - Datavalue is----------10
[INFO ][2016-01-21 19:22:23,392][com.java.SeleniumDriver] [  905] - DataField : DSP//div[@class='widgetBody']//tr[last()]
[INFO ][2016-01-21 19:22:23,392][com.java.SeleniumDriver] [  907] - DataValue : 10
[INFO ][2016-01-21 19:22:23,392][com.java.SeleniumDriver] [  913] - <In Set values of the page>
[INFO ][2016-01-21 19:22:23,392][com.java.SeleniumDriver] [  916] - {Data Fields & Data Values Exist}
[INFO ][2016-01-21 19:22:23,393][com.java.SeleniumDriver] [  918] - --------------------------setting values-----------------------------
[INFO ][2016-01-21 19:22:23,393][com.java.SeleniumDriver] [  921] - Action Type : WaitForElement
[INFO ][2016-01-21 19:22:23,530][com.java.SeleniumDriver] [  930] -  RESULT true
[INFO ][2016-01-21 19:22:23,530][com.java.SeleniumDriver] [ 1136] - ?   P A S S   ?
[INFO ][2016-01-21 19:22:23,530][com.java.SeleniumDriver] [  856] - ------------------------------------------
[INFO ][2016-01-21 19:22:23,530][com.java.SeleniumDriver] [  857] - Test case being Executed: 4
[INFO ][2016-01-21 19:22:23,530][com.java.SeleniumDriver] [  869] - Test step:36
[INFO ][2016-01-21 19:22:23,530][com.java.SeleniumDriver] [  881] - Datavalue is----------HMV#_keys
[INFO ][2016-01-21 19:22:23,530][com.java.SeleniumDriver] [  905] - DataField : MSG
[INFO ][2016-01-21 19:22:23,530][com.java.SeleniumDriver] [  907] - DataValue : HMV#_keys
[INFO ][2016-01-21 19:22:23,530][com.java.SeleniumDriver] [  913] - <In Set values of the page>
[INFO ][2016-01-21 19:22:23,530][com.java.SeleniumDriver] [  916] - {Data Fields & Data Values Exist}
[INFO ][2016-01-21 19:22:23,531][com.java.SeleniumDriver] [  918] - --------------------------setting values-----------------------------
[INFO ][2016-01-21 19:22:23,531][com.java.SeleniumDriver] [  921] - Action Type : verify
[INFO ][2016-01-21 19:22:23,531][com.java.TestType] [ 7984] - field= MSG value= HMV#_keys
[INFO ][2016-01-21 19:22:23,531][com.java.TestType] [ 6394] - value = #_CAL70082
[DEBUG][2016-01-21 19:22:23,531][com.java.TestType] [ 8814] - value :: #_CAL70082
[INFO ][2016-01-21 19:22:23,595][com.java.SeleniumDriver] [  930] -  RESULT true
[INFO ][2016-01-21 19:22:23,595][com.java.SeleniumDriver] [ 1136] - ?   P A S S   ?
[INFO ][2016-01-21 19:22:23,595][com.java.SeleniumDriver] [  856] - ------------------------------------------
[INFO ][2016-01-21 19:22:23,595][com.java.SeleniumDriver] [  857] - Test case being Executed: 4
[INFO ][2016-01-21 19:22:23,595][com.java.SeleniumDriver] [  869] - Test step:37
[INFO ][2016-01-21 19:22:23,595][com.java.SeleniumDriver] [  881] - Datavalue is----------5
[INFO ][2016-01-21 19:22:23,595][com.java.SeleniumDriver] [  905] - DataField : test
[INFO ][2016-01-21 19:22:23,595][com.java.SeleniumDriver] [  907] - DataValue : 5
[INFO ][2016-01-21 19:22:23,595][com.java.SeleniumDriver] [  913] - <In Set values of the page>
[INFO ][2016-01-21 19:22:23,595][com.java.SeleniumDriver] [  916] - {Data Fields & Data Values Exist}
[INFO ][2016-01-21 19:22:23,595][com.java.SeleniumDriver] [  918] - --------------------------setting values-----------------------------
[INFO ][2016-01-21 19:22:23,595][com.java.SeleniumDriver] [  921] - Action Type : WaitTime
[DEBUG][2016-01-21 19:22:23,596][com.java.TestType] [ 6208] - sleepTime: 5000
[INFO ][2016-01-21 19:22:28,596][com.java.SeleniumDriver] [  930] -  RESULT true
[INFO ][2016-01-21 19:22:28,596][com.java.SeleniumDriver] [ 1136] - ?   P A S S   ?
[INFO ][2016-01-21 19:22:28,596][com.java.SeleniumDriver] [  856] - ------------------------------------------
[INFO ][2016-01-21 19:22:28,596][com.java.SeleniumDriver] [  857] - Test case being Executed: 4
[INFO ][2016-01-21 19:22:28,596][com.java.SeleniumDriver] [  869] - Test step:38
[INFO ][2016-01-21 19:22:28,596][com.java.SeleniumDriver] [  881] - Datavalue is----------Concept#8:1-17
[INFO ][2016-01-21 19:22:28,596][com.java.SeleniumDriver] [  905] - DataField : test
[INFO ][2016-01-21 19:22:28,596][com.java.SeleniumDriver] [  907] - DataValue : Concept#8:1-17
[INFO ][2016-01-21 19:22:28,596][com.java.SeleniumDriver] [  913] - <In Set values of the page>
[INFO ][2016-01-21 19:22:28,596][com.java.SeleniumDriver] [  916] - {Data Fields & Data Values Exist}
[INFO ][2016-01-21 19:22:28,596][com.java.SeleniumDriver] [  918] - --------------------------setting values-----------------------------
[INFO ][2016-01-21 19:22:28,596][com.java.SeleniumDriver] [  921] - Action Type : ExecuteTestCase
[INFO ][2016-01-21 19:22:28,597][com.java.TestType] [  442] - The Concept sheet name is ---------- Concept
[INFO ][2016-01-21 19:22:28,597][com.java.TestType] [  445] - The Concept ID  is ---------- 8
[DEBUG][2016-01-21 19:22:28,597][com.java.TestType] [  449] - Steps being executted in the Concept are: 1:17
[INFO ][2016-01-21 19:22:28,597][com.java.TestType] [  456] - Test data details path ---------- D:\BankersDashboard\TestInputs\TestData.xls
[INFO ][2016-01-21 19:22:28,615][com.java.TestType] [  487] -  str(1) = 8
[INFO ][2016-01-21 19:22:28,616][com.java.TestType] [  490] - Test case Id is---8
[INFO ][2016-01-21 19:22:28,616][com.java.TestType] [  492] - 8
[INFO ][2016-01-21 19:22:28,616][com.java.TestType] [  487] -  str(2) = 1
[INFO ][2016-01-21 19:22:28,617][com.java.TestType] [  487] -  str(1) = 8
[INFO ][2016-01-21 19:22:28,617][com.java.TestType] [  490] - Test case Id is---8
[INFO ][2016-01-21 19:22:28,617][com.java.TestType] [  492] - 8
[INFO ][2016-01-21 19:22:28,617][com.java.TestType] [  487] -  str(2) = 2
[INFO ][2016-01-21 19:22:28,618][com.java.TestType] [  487] -  str(1) = 8
[INFO ][2016-01-21 19:22:28,618][com.java.TestType] [  490] - Test case Id is---8
[INFO ][2016-01-21 19:22:28,618][com.java.TestType] [  492] - 8
[INFO ][2016-01-21 19:22:28,618][com.java.TestType] [  487] -  str(2) = 3
[INFO ][2016-01-21 19:22:28,619][com.java.TestType] [  487] -  str(1) = 8
[INFO ][2016-01-21 19:22:28,619][com.java.TestType] [  490] - Test case Id is---8
[INFO ][2016-01-21 19:22:28,619][com.java.TestType] [  492] - 8
[INFO ][2016-01-21 19:22:28,619][com.java.TestType] [  487] -  str(2) = 4
[INFO ][2016-01-21 19:22:28,620][com.java.TestType] [  487] -  str(1) = 8
[INFO ][2016-01-21 19:22:28,620][com.java.TestType] [  490] - Test case Id is---8
[INFO ][2016-01-21 19:22:28,620][com.java.TestType] [  492] - 8
[INFO ][2016-01-21 19:22:28,620][com.java.TestType] [  487] -  str(2) = 5
[INFO ][2016-01-21 19:22:28,621][com.java.TestType] [  487] -  str(1) = 8
[INFO ][2016-01-21 19:22:28,621][com.java.TestType] [  490] - Test case Id is---8
[INFO ][2016-01-21 19:22:28,621][com.java.TestType] [  492] - 8
[INFO ][2016-01-21 19:22:28,621][com.java.TestType] [  487] -  str(2) = 6
[INFO ][2016-01-21 19:22:28,622][com.java.TestType] [  487] -  str(1) = 8
[INFO ][2016-01-21 19:22:28,622][com.java.TestType] [  490] - Test case Id is---8
[INFO ][2016-01-21 19:22:28,622][com.java.TestType] [  492] - 8
[INFO ][2016-01-21 19:22:28,622][com.java.TestType] [  487] -  str(2) = 7
[INFO ][2016-01-21 19:22:28,623][com.java.TestType] [  487] -  str(1) = 8
[INFO ][2016-01-21 19:22:28,623][com.java.TestType] [  490] - Test case Id is---8
[INFO ][2016-01-21 19:22:28,623][com.java.TestType] [  492] - 8
[INFO ][2016-01-21 19:22:28,623][com.java.TestType] [  487] -  str(2) = 8
[INFO ][2016-01-21 19:22:28,624][com.java.TestType] [  487] -  str(1) = 8
[INFO ][2016-01-21 19:22:28,624][com.java.TestType] [  490] - Test case Id is---8
[INFO ][2016-01-21 19:22:28,624][com.java.TestType] [  492] - 8
[INFO ][2016-01-21 19:22:28,624][com.java.TestType] [  487] -  str(2) = 9
[INFO ][2016-01-21 19:22:28,625][com.java.TestType] [  487] -  str(1) = 8
[INFO ][2016-01-21 19:22:28,625][com.java.TestType] [  490] - Test case Id is---8
[INFO ][2016-01-21 19:22:28,625][com.java.TestType] [  492] - 8
[INFO ][2016-01-21 19:22:28,625][com.java.TestType] [  487] -  str(2) = 10
[INFO ][2016-01-21 19:22:28,625][com.java.TestType] [  487] -  str(1) = 8
[INFO ][2016-01-21 19:22:28,625][com.java.TestType] [  490] - Test case Id is---8
[INFO ][2016-01-21 19:22:28,625][com.java.TestType] [  492] - 8
[INFO ][2016-01-21 19:22:28,626][com.java.TestType] [  487] -  str(2) = 11
[INFO ][2016-01-21 19:22:28,626][com.java.TestType] [  487] -  str(1) = 8
[INFO ][2016-01-21 19:22:28,626][com.java.TestType] [  490] - Test case Id is---8
[INFO ][2016-01-21 19:22:28,626][com.java.TestType] [  492] - 8
[INFO ][2016-01-21 19:22:28,626][com.java.TestType] [  487] -  str(2) = 12
[INFO ][2016-01-21 19:22:28,627][com.java.TestType] [  487] -  str(1) = 8
[INFO ][2016-01-21 19:22:28,627][com.java.TestType] [  490] - Test case Id is---8
[INFO ][2016-01-21 19:22:28,627][com.java.TestType] [  492] - 8
[INFO ][2016-01-21 19:22:28,627][com.java.TestType] [  487] -  str(2) = 13
[INFO ][2016-01-21 19:22:28,628][com.java.TestType] [  487] -  str(1) = 8
[INFO ][2016-01-21 19:22:28,628][com.java.TestType] [  490] - Test case Id is---8
[INFO ][2016-01-21 19:22:28,628][com.java.TestType] [  492] - 8
[INFO ][2016-01-21 19:22:28,628][com.java.TestType] [  487] -  str(2) = 14
[INFO ][2016-01-21 19:22:28,629][com.java.TestType] [  487] -  str(1) = 8
[INFO ][2016-01-21 19:22:28,629][com.java.TestType] [  490] - Test case Id is---8
[INFO ][2016-01-21 19:22:28,629][com.java.TestType] [  492] - 8
[INFO ][2016-01-21 19:22:28,630][com.java.TestType] [  487] -  str(2) = 15
[INFO ][2016-01-21 19:22:28,630][com.java.TestType] [  487] -  str(1) = 8
[INFO ][2016-01-21 19:22:28,630][com.java.TestType] [  490] - Test case Id is---8
[INFO ][2016-01-21 19:22:28,630][com.java.TestType] [  492] - 8
[INFO ][2016-01-21 19:22:28,630][com.java.TestType] [  487] -  str(2) = 16
[INFO ][2016-01-21 19:22:28,631][com.java.TestType] [  487] -  str(1) = 8
[INFO ][2016-01-21 19:22:28,631][com.java.TestType] [  490] - Test case Id is---8
[INFO ][2016-01-21 19:22:28,631][com.java.TestType] [  492] - 8
[INFO ][2016-01-21 19:22:28,631][com.java.TestType] [  487] -  str(2) = 17
[INFO ][2016-01-21 19:22:28,632][com.java.TestType] [11651] - Looping 1TCID = 8
[DEBUG][2016-01-21 19:22:28,632][com.java.TestType] [11692] - Concept ID:8 :: Step being Executed: 8::1
[ERROR][2016-01-21 19:22:28,632][com.java.TestType] [11725] - Exception: null
[INFO ][2016-01-21 19:22:28,632][com.java.TestType] [11730] - dataFields : BTNparent
[DEBUG][2016-01-21 19:22:28,632][com.java.TestType] [11736] - <In Set values of the page>
[DEBUG][2016-01-21 19:22:28,632][com.java.TestType] [11741] - {Data Fields & Data Values Exist}
[INFO ][2016-01-21 19:22:28,632][com.java.TestType] [11747] - --------------------------setting values-----------------------------
[INFO ][2016-01-21 19:22:28,632][com.java.TestType] [11750] - Action Type : SELECTFRAME
[INFO ][2016-01-21 19:22:28,648][com.java.TestType] [11769] -  RESULT true
[INFO ][2016-01-21 19:22:28,648][com.java.TestType] [11886] - ?   P A S S   ?
[DEBUG][2016-01-21 19:22:28,648][com.java.TestType] [11692] - Concept ID:8 :: Step being Executed: 8::2
[INFO ][2016-01-21 19:22:28,648][com.java.TestType] [11730] - dataFields : test
[DEBUG][2016-01-21 19:22:28,648][com.java.TestType] [11736] - <In Set values of the page>
[DEBUG][2016-01-21 19:22:28,648][com.java.TestType] [11741] - {Data Fields & Data Values Exist}
[INFO ][2016-01-21 19:22:28,649][com.java.TestType] [11747] - --------------------------setting values-----------------------------
[INFO ][2016-01-21 19:22:28,649][com.java.TestType] [11750] - Action Type : OPENURL
[INFO ][2016-01-21 19:22:28,649][com.java.TestType] [ 6394] - value = https://clients-xuat.bankersdashboard.com
[INFO ][2016-01-21 19:22:28,649][com.java.TestType] [  358] - Open URL : https://clients-xuat.bankersdashboard.com
[INFO ][2016-01-21 19:22:31,017][com.java.TestType] [11769] -  RESULT true
[INFO ][2016-01-21 19:22:31,017][com.java.TestType] [11886] - ?   P A S S   ?
[DEBUG][2016-01-21 19:22:31,017][com.java.TestType] [11692] - Concept ID:8 :: Step being Executed: 8::3
[ERROR][2016-01-21 19:22:31,017][com.java.TestType] [11725] - Exception: null
[INFO ][2016-01-21 19:22:31,017][com.java.TestType] [11730] - dataFields : //span[@class='icon-cog2']&&//ul[@id='Settings']/li/a&&//ul[@id='Customize']/li/a
[DEBUG][2016-01-21 19:22:31,017][com.java.TestType] [11736] - <In Set values of the page>
[DEBUG][2016-01-21 19:22:31,017][com.java.TestType] [11741] - {Data Fields & Data Values Exist}
[INFO ][2016-01-21 19:22:31,018][com.java.TestType] [11747] - --------------------------setting values-----------------------------
[INFO ][2016-01-21 19:22:31,018][com.java.TestType] [11750] - Action Type : MOUSEOVER
[INFO ][2016-01-21 19:22:59,585][com.java.TestType] [11769] -  RESULT true
[INFO ][2016-01-21 19:22:59,585][com.java.TestType] [11886] - ?   P A S S   ?
[DEBUG][2016-01-21 19:22:59,585][com.java.TestType] [11692] - Concept ID:8 :: Step being Executed: 8::4
[INFO ][2016-01-21 19:22:59,585][com.java.TestType] [11730] - dataFields : XPH//span[@class='ui-dialog-title']
[DEBUG][2016-01-21 19:22:59,585][com.java.TestType] [11736] - <In Set values of the page>
[DEBUG][2016-01-21 19:22:59,585][com.java.TestType] [11741] - {Data Fields & Data Values Exist}
[INFO ][2016-01-21 19:22:59,585][com.java.TestType] [11747] - --------------------------setting values-----------------------------
[INFO ][2016-01-21 19:22:59,585][com.java.TestType] [11750] - Action Type : Verify
[INFO ][2016-01-21 19:22:59,585][com.java.TestType] [ 7984] - field= XPH//span[@class='ui-dialog-title'] value= My Dashboard Indicators
[INFO ][2016-01-21 19:22:59,586][com.java.TestType] [ 6394] - value = My Dashboard Indicators
[INFO ][2016-01-21 19:22:59,701][com.java.TestType] [11769] -  RESULT true
[INFO ][2016-01-21 19:22:59,701][com.java.TestType] [11886] - ?   P A S S   ?
[DEBUG][2016-01-21 19:22:59,701][com.java.TestType] [11692] - Concept ID:8 :: Step being Executed: 8::5
[ERROR][2016-01-21 19:22:59,701][com.java.TestType] [11725] - Exception: null
[INFO ][2016-01-21 19:22:59,701][com.java.TestType] [11730] - dataFields : BTNframeDialogContent
[DEBUG][2016-01-21 19:22:59,702][com.java.TestType] [11736] - <In Set values of the page>
[DEBUG][2016-01-21 19:22:59,702][com.java.TestType] [11741] - {Data Fields & Data Values Exist}
[INFO ][2016-01-21 19:22:59,702][com.java.TestType] [11747] - --------------------------setting values-----------------------------
[INFO ][2016-01-21 19:22:59,702][com.java.TestType] [11750] - Action Type : selectframe
[INFO ][2016-01-21 19:23:00,966][com.java.TestType] [11769] -  RESULT true
[INFO ][2016-01-21 19:23:00,966][com.java.TestType] [11886] - ?   P A S S   ?
[DEBUG][2016-01-21 19:23:00,966][com.java.TestType] [11692] - Concept ID:8 :: Step being Executed: 8::6
[INFO ][2016-01-21 19:23:00,966][com.java.TestType] [11730] - dataFields : HDC//td[contains(text(),'mytext')]
[DEBUG][2016-01-21 19:23:00,966][com.java.TestType] [11736] - <In Set values of the page>
[DEBUG][2016-01-21 19:23:00,966][com.java.TestType] [11741] - {Data Fields & Data Values Exist}
[INFO ][2016-01-21 19:23:00,967][com.java.TestType] [11747] - --------------------------setting values-----------------------------
[INFO ][2016-01-21 19:23:00,967][com.java.TestType] [11750] - Action Type : CLICK
[INFO ][2016-01-21 19:23:00,967][com.java.TestType] [ 6773] - Field ::HDC//td[contains(text(),'mytext')]
[INFO ][2016-01-21 19:23:00,967][com.java.TestType] [ 6394] - value = #_keys
[INFO ][2016-01-21 19:23:02,295][com.java.TestType] [11769] -  RESULT true
[INFO ][2016-01-21 19:23:02,295][com.java.TestType] [11886] - ?   P A S S   ?
[DEBUG][2016-01-21 19:23:02,295][com.java.TestType] [11692] - Concept ID:8 :: Step being Executed: 8::7
[INFO ][2016-01-21 19:23:02,295][com.java.TestType] [11730] - dataFields : RCC//td[contains(text(),'mytext')]/following-sibling::td[7]//span[@class="glyphicon glyphicon-remove"]
[DEBUG][2016-01-21 19:23:02,295][com.java.TestType] [11736] - <In Set values of the page>
[DEBUG][2016-01-21 19:23:02,295][com.java.TestType] [11741] - {Data Fields & Data Values Exist}
[INFO ][2016-01-21 19:23:02,295][com.java.TestType] [11747] - --------------------------setting values-----------------------------
[INFO ][2016-01-21 19:23:02,296][com.java.TestType] [11750] - Action Type : CLICKWITHALERT
[INFO ][2016-01-21 19:23:13,412][com.java.TestType] [11769] -  RESULT true
[INFO ][2016-01-21 19:23:13,413][com.java.TestType] [11886] - ?   P A S S   ?
[DEBUG][2016-01-21 19:23:13,413][com.java.TestType] [11692] - Concept ID:8 :: Step being Executed: 8::9
[INFO ][2016-01-21 19:23:13,413][com.java.TestType] [11730] - dataFields : test
[DEBUG][2016-01-21 19:23:13,413][com.java.TestType] [11736] - <In Set values of the page>
[DEBUG][2016-01-21 19:23:13,413][com.java.TestType] [11741] - {Data Fields & Data Values Exist}
[INFO ][2016-01-21 19:23:13,413][com.java.TestType] [11747] - --------------------------setting values-----------------------------
[INFO ][2016-01-21 19:23:13,413][com.java.TestType] [11750] - Action Type : waittime
[DEBUG][2016-01-21 19:23:13,413][com.java.TestType] [ 6208] - sleepTime: 10000
[INFO ][2016-01-21 19:23:23,414][com.java.TestType] [11769] -  RESULT true
[INFO ][2016-01-21 19:23:23,414][com.java.TestType] [11886] - ?   P A S S   ?
[DEBUG][2016-01-21 19:23:23,414][com.java.TestType] [11692] - Concept ID:8 :: Step being Executed: 8::10
[ERROR][2016-01-21 19:23:23,414][com.java.TestType] [11725] - Exception: null
[INFO ][2016-01-21 19:23:23,414][com.java.TestType] [11730] - dataFields : BTNparent
[DEBUG][2016-01-21 19:23:23,414][com.java.TestType] [11736] - <In Set values of the page>
[DEBUG][2016-01-21 19:23:23,414][com.java.TestType] [11741] - {Data Fields & Data Values Exist}
[INFO ][2016-01-21 19:23:23,414][com.java.TestType] [11747] - --------------------------setting values-----------------------------
[INFO ][2016-01-21 19:23:23,414][com.java.TestType] [11750] - Action Type : SELECTFRAME
[INFO ][2016-01-21 19:23:23,430][com.java.TestType] [11769] -  RESULT true
[INFO ][2016-01-21 19:23:23,430][com.java.TestType] [11886] - ?   P A S S   ?
[DEBUG][2016-01-21 19:23:23,430][com.java.TestType] [11692] - Concept ID:8 :: Step being Executed: 8::11
[INFO ][2016-01-21 19:23:23,430][com.java.TestType] [11730] - dataFields : XPH//span[contains(text(),'Finished')]
[DEBUG][2016-01-21 19:23:23,430][com.java.TestType] [11736] - <In Set values of the page>
[DEBUG][2016-01-21 19:23:23,431][com.java.TestType] [11741] - {Data Fields & Data Values Exist}
[INFO ][2016-01-21 19:23:23,431][com.java.TestType] [11747] - --------------------------setting values-----------------------------
[INFO ][2016-01-21 19:23:23,431][com.java.TestType] [11750] - Action Type : WAITFORELEMENT
[INFO ][2016-01-21 19:23:23,466][com.java.TestType] [11769] -  RESULT true
[INFO ][2016-01-21 19:23:23,466][com.java.TestType] [11886] - ?   P A S S   ?
[DEBUG][2016-01-21 19:23:23,466][com.java.TestType] [11692] - Concept ID:8 :: Step being Executed: 8::12
[ERROR][2016-01-21 19:23:23,466][com.java.TestType] [11725] - Exception: null
[INFO ][2016-01-21 19:23:23,466][com.java.TestType] [11730] - dataFields : HDN//span[contains(text(),'Finished')]
[DEBUG][2016-01-21 19:23:23,467][com.java.TestType] [11736] - <In Set values of the page>
[DEBUG][2016-01-21 19:23:23,467][com.java.TestType] [11741] - {Data Fields & Data Values Exist}
[INFO ][2016-01-21 19:23:23,467][com.java.TestType] [11747] - --------------------------setting values-----------------------------
[INFO ][2016-01-21 19:23:23,467][com.java.TestType] [11750] - Action Type : click
[INFO ][2016-01-21 19:23:23,467][com.java.TestType] [ 6773] - Field ::HDN//span[contains(text(),'Finished')]
[INFO ][2016-01-21 19:23:23,467][com.java.TestType] [ 6394] - value = 
[INFO ][2016-01-21 19:23:24,624][com.java.TestType] [11769] -  RESULT true
[INFO ][2016-01-21 19:23:24,624][com.java.TestType] [11886] - ?   P A S S   ?
[DEBUG][2016-01-21 19:23:24,624][com.java.TestType] [11692] - Concept ID:8 :: Step being Executed: 8::13
[INFO ][2016-01-21 19:23:24,624][com.java.TestType] [11730] - dataFields : test
[DEBUG][2016-01-21 19:23:24,624][com.java.TestType] [11736] - <In Set values of the page>
[DEBUG][2016-01-21 19:23:24,624][com.java.TestType] [11741] - {Data Fields & Data Values Exist}
[INFO ][2016-01-21 19:23:24,624][com.java.TestType] [11747] - --------------------------setting values-----------------------------
[INFO ][2016-01-21 19:23:24,624][com.java.TestType] [11750] - Action Type : waittime
[DEBUG][2016-01-21 19:23:24,625][com.java.TestType] [ 6208] - sleepTime: 10000
[INFO ][2016-01-21 19:23:34,626][com.java.TestType] [11769] -  RESULT true
[INFO ][2016-01-21 19:23:34,626][com.java.TestType] [11886] - ?   P A S S   ?
[DEBUG][2016-01-21 19:23:34,626][com.java.TestType] [11692] - Concept ID:8 :: Step being Executed: 8::14
[ERROR][2016-01-21 19:23:34,626][com.java.TestType] [11725] - Exception: null
[INFO ][2016-01-21 19:23:34,626][com.java.TestType] [11730] - dataFields : BTNcloseAllTabs
[DEBUG][2016-01-21 19:23:34,626][com.java.TestType] [11736] - <In Set values of the page>
[DEBUG][2016-01-21 19:23:34,626][com.java.TestType] [11741] - {Data Fields & Data Values Exist}
[INFO ][2016-01-21 19:23:34,626][com.java.TestType] [11747] - --------------------------setting values-----------------------------
[INFO ][2016-01-21 19:23:34,626][com.java.TestType] [11750] - Action Type : CLICK
[INFO ][2016-01-21 19:23:34,627][com.java.TestType] [ 6773] - Field ::BTNcloseAllTabs
[INFO ][2016-01-21 19:23:34,627][com.java.TestType] [ 6394] - value = 
[INFO ][2016-01-21 19:23:35,627][com.java.TestType] [ 6925] - BEFORE CLICK
[INFO ][2016-01-21 19:23:37,043][com.java.TestType] [ 6932] - Unable to click the object Close all tabs button
[INFO ][2016-01-21 19:23:37,043][com.java.TestType] [11769] -  RESULT true
[INFO ][2016-01-21 19:23:37,043][com.java.TestType] [11886] - ?   P A S S   ?
[DEBUG][2016-01-21 19:23:37,043][com.java.TestType] [11692] - Concept ID:8 :: Step being Executed: 8::15
[INFO ][2016-01-21 19:23:37,043][com.java.TestType] [11730] - dataFields : XPH//div[contains(text(), 'My Dashboard')]
[DEBUG][2016-01-21 19:23:37,043][com.java.TestType] [11736] - <In Set values of the page>
[DEBUG][2016-01-21 19:23:37,043][com.java.TestType] [11741] - {Data Fields & Data Values Exist}
[INFO ][2016-01-21 19:23:37,043][com.java.TestType] [11747] - --------------------------setting values-----------------------------
[INFO ][2016-01-21 19:23:37,044][com.java.TestType] [11750] - Action Type : WAITFORELEMENT
[INFO ][2016-01-21 19:23:37,078][com.java.TestType] [11769] -  RESULT true
[INFO ][2016-01-21 19:23:37,078][com.java.TestType] [11886] - ?   P A S S   ?
[DEBUG][2016-01-21 19:23:37,078][com.java.TestType] [11692] - Concept ID:8 :: Step being Executed: 8::16
[INFO ][2016-01-21 19:23:37,078][com.java.TestType] [11730] - dataFields : BTN
[DEBUG][2016-01-21 19:23:37,079][com.java.TestType] [11736] - <In Set values of the page>
[DEBUG][2016-01-21 19:23:37,079][com.java.TestType] [11741] - {Data Fields & Data Values Exist}
[INFO ][2016-01-21 19:23:37,079][com.java.TestType] [11747] - --------------------------setting values-----------------------------
[INFO ][2016-01-21 19:23:37,079][com.java.TestType] [11750] - Action Type : Verify
[INFO ][2016-01-21 19:23:37,079][com.java.TestType] [ 7984] - field= BTN value= //div[contains(text(), 'My Dashboard')]
[INFO ][2016-01-21 19:23:37,079][com.java.TestType] [ 6394] - value = //div[contains(text(), 'My Dashboard')]
[INFO ][2016-01-21 19:23:37,150][com.java.TestType] [11769] -  RESULT true
[INFO ][2016-01-21 19:23:37,150][com.java.TestType] [11886] - ?   P A S S   ?
[DEBUG][2016-01-21 19:23:37,150][com.java.TestType] [11692] - Concept ID:8 :: Step being Executed: 8::17
[INFO ][2016-01-21 19:23:37,150][com.java.TestType] [11730] - dataFields : MSG
[DEBUG][2016-01-21 19:23:37,151][com.java.TestType] [11736] - <In Set values of the page>
[DEBUG][2016-01-21 19:23:37,151][com.java.TestType] [11741] - {Data Fields & Data Values Exist}
[INFO ][2016-01-21 19:23:37,151][com.java.TestType] [11747] - --------------------------setting values-----------------------------
[INFO ][2016-01-21 19:23:37,151][com.java.TestType] [11750] - Action Type : VERIFYNOTPRESENT
[INFO ][2016-01-21 19:23:37,151][com.java.TestType] [ 9735] - field= MSG value= HMV#_keys
[INFO ][2016-01-21 19:23:37,241][com.java.TestType] [11769] -  RESULT true
[INFO ][2016-01-21 19:23:37,241][com.java.TestType] [11886] - ?   P A S S   ?
[INFO ][2016-01-21 19:23:37,241][com.java.TestType] [11957] - Looping End......
[INFO ][2016-01-21 19:23:37,243][com.java.SeleniumDriver] [  930] -  RESULT true
[INFO ][2016-01-21 19:23:37,243][com.java.SeleniumDriver] [ 1136] - ?   P A S S   ?
[INFO ][2016-01-21 19:23:37,243][com.java.SeleniumDriver] [  856] - ------------------------------------------
[INFO ][2016-01-21 19:23:37,243][com.java.SeleniumDriver] [  857] - Test case being Executed: 4
[INFO ][2016-01-21 19:23:37,243][com.java.SeleniumDriver] [  869] - Test step:39
[INFO ][2016-01-21 19:23:37,243][com.java.SeleniumDriver] [  881] - Datavalue is----------Concept#9:1-24
[INFO ][2016-01-21 19:23:37,243][com.java.SeleniumDriver] [  905] - DataField : test
[INFO ][2016-01-21 19:23:37,243][com.java.SeleniumDriver] [  907] - DataValue : Concept#9:1-24
[INFO ][2016-01-21 19:23:37,243][com.java.SeleniumDriver] [  913] - <In Set values of the page>
[INFO ][2016-01-21 19:23:37,243][com.java.SeleniumDriver] [  916] - {Data Fields & Data Values Exist}
[INFO ][2016-01-21 19:23:37,243][com.java.SeleniumDriver] [  918] - --------------------------setting values-----------------------------
[INFO ][2016-01-21 19:23:37,243][com.java.SeleniumDriver] [  921] - Action Type : ExecuteTestCase
[INFO ][2016-01-21 19:23:37,243][com.java.TestType] [  442] - The Concept sheet name is ---------- Concept
[INFO ][2016-01-21 19:23:37,244][com.java.TestType] [  445] - The Concept ID  is ---------- 9
[DEBUG][2016-01-21 19:23:37,244][com.java.TestType] [  449] - Steps being executted in the Concept are: 1:24
[INFO ][2016-01-21 19:23:37,244][com.java.TestType] [  456] - Test data details path ---------- D:\BankersDashboard\TestInputs\TestData.xls
[INFO ][2016-01-21 19:23:37,270][com.java.TestType] [  487] -  str(1) = 9
[INFO ][2016-01-21 19:23:37,270][com.java.TestType] [  490] - Test case Id is---9
[INFO ][2016-01-21 19:23:37,270][com.java.TestType] [  492] - 9
[INFO ][2016-01-21 19:23:37,270][com.java.TestType] [  487] -  str(2) = 1
[INFO ][2016-01-21 19:23:37,272][com.java.TestType] [  487] -  str(1) = 9
[INFO ][2016-01-21 19:23:37,272][com.java.TestType] [  490] - Test case Id is---9
[INFO ][2016-01-21 19:23:37,272][com.java.TestType] [  492] - 9
[INFO ][2016-01-21 19:23:37,272][com.java.TestType] [  487] -  str(2) = 2
[INFO ][2016-01-21 19:23:37,272][com.java.TestType] [  487] -  str(1) = 9
[INFO ][2016-01-21 19:23:37,273][com.java.TestType] [  490] - Test case Id is---9
[INFO ][2016-01-21 19:23:37,273][com.java.TestType] [  492] - 9
[INFO ][2016-01-21 19:23:37,273][com.java.TestType] [  487] -  str(2) = 3
[INFO ][2016-01-21 19:23:37,273][com.java.TestType] [  487] -  str(1) = 9
[INFO ][2016-01-21 19:23:37,273][com.java.TestType] [  490] - Test case Id is---9
[INFO ][2016-01-21 19:23:37,273][com.java.TestType] [  492] - 9
[INFO ][2016-01-21 19:23:37,274][com.java.TestType] [  487] -  str(2) = 4
[INFO ][2016-01-21 19:23:37,274][com.java.TestType] [  487] -  str(1) = 9
[INFO ][2016-01-21 19:23:37,274][com.java.TestType] [  490] - Test case Id is---9
[INFO ][2016-01-21 19:23:37,274][com.java.TestType] [  492] - 9
[INFO ][2016-01-21 19:23:37,274][com.java.TestType] [  487] -  str(2) = 5
[INFO ][2016-01-21 19:23:37,276][com.java.TestType] [  487] -  str(1) = 9
[INFO ][2016-01-21 19:23:37,276][com.java.TestType] [  490] - Test case Id is---9
[INFO ][2016-01-21 19:23:37,276][com.java.TestType] [  492] - 9
[INFO ][2016-01-21 19:23:37,276][com.java.TestType] [  487] -  str(2) = 6
[INFO ][2016-01-21 19:23:37,276][com.java.TestType] [  487] -  str(1) = 9
[INFO ][2016-01-21 19:23:37,276][com.java.TestType] [  490] - Test case Id is---9
[INFO ][2016-01-21 19:23:37,276][com.java.TestType] [  492] - 9
[INFO ][2016-01-21 19:23:37,277][com.java.TestType] [  487] -  str(2) = 7
[INFO ][2016-01-21 19:23:37,277][com.java.TestType] [  487] -  str(1) = 9
[INFO ][2016-01-21 19:23:37,277][com.java.TestType] [  490] - Test case Id is---9
[INFO ][2016-01-21 19:23:37,277][com.java.TestType] [  492] - 9
[INFO ][2016-01-21 19:23:37,277][com.java.TestType] [  487] -  str(2) = 8
[INFO ][2016-01-21 19:23:37,278][com.java.TestType] [  487] -  str(1) = 9
[INFO ][2016-01-21 19:23:37,278][com.java.TestType] [  490] - Test case Id is---9
[INFO ][2016-01-21 19:23:37,278][com.java.TestType] [  492] - 9
[INFO ][2016-01-21 19:23:37,278][com.java.TestType] [  487] -  str(2) = 9
[INFO ][2016-01-21 19:23:37,279][com.java.TestType] [  487] -  str(1) = 9
[INFO ][2016-01-21 19:23:37,279][com.java.TestType] [  490] - Test case Id is---9
[INFO ][2016-01-21 19:23:37,279][com.java.TestType] [  492] - 9
[INFO ][2016-01-21 19:23:37,279][com.java.TestType] [  487] -  str(2) = 10
[INFO ][2016-01-21 19:23:37,280][com.java.TestType] [  487] -  str(1) = 9
[INFO ][2016-01-21 19:23:37,280][com.java.TestType] [  490] - Test case Id is---9
[INFO ][2016-01-21 19:23:37,280][com.java.TestType] [  492] - 9
[INFO ][2016-01-21 19:23:37,280][com.java.TestType] [  487] -  str(2) = 11
[INFO ][2016-01-21 19:23:37,280][com.java.TestType] [  487] -  str(1) = 9
[INFO ][2016-01-21 19:23:37,281][com.java.TestType] [  490] - Test case Id is---9
[INFO ][2016-01-21 19:23:37,281][com.java.TestType] [  492] - 9
[INFO ][2016-01-21 19:23:37,281][com.java.TestType] [  487] -  str(2) = 12
[INFO ][2016-01-21 19:23:37,281][com.java.TestType] [  487] -  str(1) = 9
[INFO ][2016-01-21 19:23:37,281][com.java.TestType] [  490] - Test case Id is---9
[INFO ][2016-01-21 19:23:37,281][com.java.TestType] [  492] - 9
[INFO ][2016-01-21 19:23:37,281][com.java.TestType] [  487] -  str(2) = 13
[INFO ][2016-01-21 19:23:37,282][com.java.TestType] [  487] -  str(1) = 9
[INFO ][2016-01-21 19:23:37,282][com.java.TestType] [  490] - Test case Id is---9
[INFO ][2016-01-21 19:23:37,282][com.java.TestType] [  492] - 9
[INFO ][2016-01-21 19:23:37,282][com.java.TestType] [  487] -  str(2) = 14
[INFO ][2016-01-21 19:23:37,284][com.java.TestType] [  487] -  str(1) = 9
[INFO ][2016-01-21 19:23:37,284][com.java.TestType] [  490] - Test case Id is---9
[INFO ][2016-01-21 19:23:37,284][com.java.TestType] [  492] - 9
[INFO ][2016-01-21 19:23:37,284][com.java.TestType] [  487] -  str(2) = 15
[INFO ][2016-01-21 19:23:37,285][com.java.TestType] [  487] -  str(1) = 9
[INFO ][2016-01-21 19:23:37,285][com.java.TestType] [  490] - Test case Id is---9
[INFO ][2016-01-21 19:23:37,285][com.java.TestType] [  492] - 9
[INFO ][2016-01-21 19:23:37,285][com.java.TestType] [  487] -  str(2) = 16
[INFO ][2016-01-21 19:23:37,285][com.java.TestType] [  487] -  str(1) = 9
[INFO ][2016-01-21 19:23:37,285][com.java.TestType] [  490] - Test case Id is---9
[INFO ][2016-01-21 19:23:37,286][com.java.TestType] [  492] - 9
[INFO ][2016-01-21 19:23:37,286][com.java.TestType] [  487] -  str(2) = 17
[INFO ][2016-01-21 19:23:37,286][com.java.TestType] [  487] -  str(1) = 9
[INFO ][2016-01-21 19:23:37,286][com.java.TestType] [  490] - Test case Id is---9
[INFO ][2016-01-21 19:23:37,286][com.java.TestType] [  492] - 9
[INFO ][2016-01-21 19:23:37,286][com.java.TestType] [  487] -  str(2) = 18
[INFO ][2016-01-21 19:23:37,287][com.java.TestType] [  487] -  str(1) = 9
[INFO ][2016-01-21 19:23:37,287][com.java.TestType] [  490] - Test case Id is---9
[INFO ][2016-01-21 19:23:37,287][com.java.TestType] [  492] - 9
[INFO ][2016-01-21 19:23:37,287][com.java.TestType] [  487] -  str(2) = 19
[INFO ][2016-01-21 19:23:37,288][com.java.TestType] [  487] -  str(1) = 9
[INFO ][2016-01-21 19:23:37,288][com.java.TestType] [  490] - Test case Id is---9
[INFO ][2016-01-21 19:23:37,288][com.java.TestType] [  492] - 9
[INFO ][2016-01-21 19:23:37,288][com.java.TestType] [  487] -  str(2) = 20
[INFO ][2016-01-21 19:23:37,289][com.java.TestType] [  487] -  str(1) = 9
[INFO ][2016-01-21 19:23:37,289][com.java.TestType] [  490] - Test case Id is---9
[INFO ][2016-01-21 19:23:37,289][com.java.TestType] [  492] - 9
[INFO ][2016-01-21 19:23:37,289][com.java.TestType] [  487] -  str(2) = 21
[INFO ][2016-01-21 19:23:37,290][com.java.TestType] [  487] -  str(1) = 9
[INFO ][2016-01-21 19:23:37,290][com.java.TestType] [  490] - Test case Id is---9
[INFO ][2016-01-21 19:23:37,290][com.java.TestType] [  492] - 9
[INFO ][2016-01-21 19:23:37,290][com.java.TestType] [  487] -  str(2) = 22
[INFO ][2016-01-21 19:23:37,290][com.java.TestType] [  487] -  str(1) = 9
[INFO ][2016-01-21 19:23:37,290][com.java.TestType] [  490] - Test case Id is---9
[INFO ][2016-01-21 19:23:37,290][com.java.TestType] [  492] - 9
[INFO ][2016-01-21 19:23:37,291][com.java.TestType] [  487] -  str(2) = 23
[INFO ][2016-01-21 19:23:37,292][com.java.TestType] [  487] -  str(1) = 9
[INFO ][2016-01-21 19:23:37,292][com.java.TestType] [  490] - Test case Id is---9
[INFO ][2016-01-21 19:23:37,292][com.java.TestType] [  492] - 9
[INFO ][2016-01-21 19:23:37,292][com.java.TestType] [  487] -  str(2) = 24
[INFO ][2016-01-21 19:23:37,293][com.java.TestType] [11651] - Looping 1TCID = 9
[DEBUG][2016-01-21 19:23:37,293][com.java.TestType] [11692] - Concept ID:9 :: Step being Executed: 9::1
[ERROR][2016-01-21 19:23:37,293][com.java.TestType] [11725] - Exception: null
[INFO ][2016-01-21 19:23:37,293][com.java.TestType] [11730] - dataFields : BTNparent
[DEBUG][2016-01-21 19:23:37,293][com.java.TestType] [11736] - <In Set values of the page>
[DEBUG][2016-01-21 19:23:37,293][com.java.TestType] [11741] - {Data Fields & Data Values Exist}
[INFO ][2016-01-21 19:23:37,293][com.java.TestType] [11747] - --------------------------setting values-----------------------------
[INFO ][2016-01-21 19:23:37,293][com.java.TestType] [11750] - Action Type : SELECTFRAME
[INFO ][2016-01-21 19:23:37,308][com.java.TestType] [11769] -  RESULT true
[INFO ][2016-01-21 19:23:37,308][com.java.TestType] [11886] - ?   P A S S   ?
[DEBUG][2016-01-21 19:23:37,308][com.java.TestType] [11692] - Concept ID:9 :: Step being Executed: 9::2
[INFO ][2016-01-21 19:23:37,308][com.java.TestType] [11730] - dataFields : test
[DEBUG][2016-01-21 19:23:37,308][com.java.TestType] [11736] - <In Set values of the page>
[DEBUG][2016-01-21 19:23:37,308][com.java.TestType] [11741] - {Data Fields & Data Values Exist}
[INFO ][2016-01-21 19:23:37,308][com.java.TestType] [11747] - --------------------------setting values-----------------------------
[INFO ][2016-01-21 19:23:37,308][com.java.TestType] [11750] - Action Type : OPENURL
[INFO ][2016-01-21 19:23:37,309][com.java.TestType] [ 6394] - value = https://clients-xuat.bankersdashboard.com
[INFO ][2016-01-21 19:23:37,309][com.java.TestType] [  358] - Open URL : https://clients-xuat.bankersdashboard.com
[INFO ][2016-01-21 19:23:39,698][com.java.TestType] [11769] -  RESULT true
[INFO ][2016-01-21 19:23:39,698][com.java.TestType] [11886] - ?   P A S S   ?
[DEBUG][2016-01-21 19:23:39,698][com.java.TestType] [11692] - Concept ID:9 :: Step being Executed: 9::3
[ERROR][2016-01-21 19:23:39,698][com.java.TestType] [11725] - Exception: null
[INFO ][2016-01-21 19:23:39,698][com.java.TestType] [11730] - dataFields : //span[@class='icon-hammer']&&//a[text()='Custom Calculations']
[DEBUG][2016-01-21 19:23:39,698][com.java.TestType] [11736] - <In Set values of the page>
[DEBUG][2016-01-21 19:23:39,698][com.java.TestType] [11741] - {Data Fields & Data Values Exist}
[INFO ][2016-01-21 19:23:39,698][com.java.TestType] [11747] - --------------------------setting values-----------------------------
[INFO ][2016-01-21 19:23:39,698][com.java.TestType] [11750] - Action Type : MOUSEOVER
[INFO ][2016-01-21 19:24:04,116][com.java.TestType] [11769] -  RESULT true
[INFO ][2016-01-21 19:24:04,116][com.java.TestType] [11886] - ?   P A S S   ?
[DEBUG][2016-01-21 19:24:04,117][com.java.TestType] [11692] - Concept ID:9 :: Step being Executed: 9::4
[INFO ][2016-01-21 19:24:04,117][com.java.TestType] [11730] - dataFields : BTN//iframe[@class='frameTabContent']
[DEBUG][2016-01-21 19:24:04,117][com.java.TestType] [11736] - <In Set values of the page>
[DEBUG][2016-01-21 19:24:04,117][com.java.TestType] [11741] - {Data Fields & Data Values Exist}
[INFO ][2016-01-21 19:24:04,117][com.java.TestType] [11747] - --------------------------setting values-----------------------------
[INFO ][2016-01-21 19:24:04,117][com.java.TestType] [11750] - Action Type : waitforelement
[INFO ][2016-01-21 19:24:04,173][com.java.TestType] [11769] -  RESULT true
[INFO ][2016-01-21 19:24:04,174][com.java.TestType] [11886] - ?   P A S S   ?
[DEBUG][2016-01-21 19:24:04,174][com.java.TestType] [11692] - Concept ID:9 :: Step being Executed: 9::5
[INFO ][2016-01-21 19:24:04,174][com.java.TestType] [11730] - dataFields : XPH//li[@class="inactiveTab"]//a[@title="Custom Calcs"]
[DEBUG][2016-01-21 19:24:04,174][com.java.TestType] [11736] - <In Set values of the page>
[DEBUG][2016-01-21 19:24:04,174][com.java.TestType] [11741] - {Data Fields & Data Values Exist}
[INFO ][2016-01-21 19:24:04,174][com.java.TestType] [11747] - --------------------------setting values-----------------------------
[INFO ][2016-01-21 19:24:04,174][com.java.TestType] [11750] - Action Type : waitforelement
[DEBUG][2016-01-21 19:24:47,271][com.java.TestType] [ 7644] - //li[@class="inactiveTab"]//a[@title="Custom Calcs"]   :: Element not Found
[INFO ][2016-01-21 19:24:47,271][com.java.TestType] [11769] -  RESULT false
[INFO ][2016-01-21 19:24:47,271][com.java.TestType] [11807] - ?   F A I L   ?
[DEBUG][2016-01-21 19:24:47,271][com.java.TestType] [11810] - Browser Type : IE10
[DEBUG][2016-01-21 19:24:47,272][com.java.TestType] [11692] - Concept ID:9 :: Step being Executed: 9::9
[INFO ][2016-01-21 19:24:47,272][com.java.TestType] [11730] - dataFields : BTN//iframe[@class='frameTabContent']
[DEBUG][2016-01-21 19:24:47,272][com.java.TestType] [11736] - <In Set values of the page>
[DEBUG][2016-01-21 19:24:47,272][com.java.TestType] [11741] - {Data Fields & Data Values Exist}
[INFO ][2016-01-21 19:24:47,272][com.java.TestType] [11747] - --------------------------setting values-----------------------------
[INFO ][2016-01-21 19:24:47,272][com.java.TestType] [11750] - Action Type : waitforelement
[INFO ][2016-01-21 19:24:47,317][com.java.TestType] [11769] -  RESULT true
[INFO ][2016-01-21 19:24:47,317][com.java.TestType] [11886] - ?   P A S S   ?
[DEBUG][2016-01-21 19:24:47,317][com.java.TestType] [11692] - Concept ID:9 :: Step being Executed: 9::10
[ERROR][2016-01-21 19:24:47,318][com.java.TestType] [11725] - Exception: null
[INFO ][2016-01-21 19:24:47,318][com.java.TestType] [11730] - dataFields : BTN//iframe[@class='frameTabContent']
[DEBUG][2016-01-21 19:24:47,318][com.java.TestType] [11736] - <In Set values of the page>
[DEBUG][2016-01-21 19:24:47,318][com.java.TestType] [11741] - {Data Fields & Data Values Exist}
[INFO ][2016-01-21 19:24:47,318][com.java.TestType] [11747] - --------------------------setting values-----------------------------
[INFO ][2016-01-21 19:24:47,318][com.java.TestType] [11750] - Action Type : SELECTFRAME
[INFO ][2016-01-21 19:24:47,464][com.java.TestType] [11769] -  RESULT true
[INFO ][2016-01-21 19:24:47,464][com.java.TestType] [11886] - ?   P A S S   ?
[DEBUG][2016-01-21 19:24:47,465][com.java.TestType] [11692] - Concept ID:9 :: Step being Executed: 9::11
[INFO ][2016-01-21 19:24:47,465][com.java.TestType] [11730] - dataFields : null
[DEBUG][2016-01-21 19:24:47,465][com.java.TestType] [11736] - <In Set values of the page>
[INFO ][2016-01-21 19:24:47,465][com.java.TestType] [11886] - ?   P A S S   ?
[DEBUG][2016-01-21 19:24:47,465][com.java.TestType] [11692] - Concept ID:9 :: Step being Executed: 9::12
[INFO ][2016-01-21 19:24:47,465][com.java.TestType] [11730] - dataFields : EDT//div[@class='dataTables_filter']/label/input
[DEBUG][2016-01-21 19:24:47,465][com.java.TestType] [11736] - <In Set values of the page>
[DEBUG][2016-01-21 19:24:47,465][com.java.TestType] [11741] - {Data Fields & Data Values Exist}
[INFO ][2016-01-21 19:24:47,465][com.java.TestType] [11747] - --------------------------setting values-----------------------------
[INFO ][2016-01-21 19:24:47,466][com.java.TestType] [11750] - Action Type : CLEARANDENTER
[INFO ][2016-01-21 19:24:47,581][com.java.TestType] [ 6394] - value = #_CAL70082
[INFO ][2016-01-21 19:24:48,277][com.java.TestType] [11769] -  RESULT true
[INFO ][2016-01-21 19:24:48,277][com.java.TestType] [11886] - ?   P A S S   ?
[DEBUG][2016-01-21 19:24:48,277][com.java.TestType] [11692] - Concept ID:9 :: Step being Executed: 9::13
[INFO ][2016-01-21 19:24:48,277][com.java.TestType] [11730] - dataFields : null
[DEBUG][2016-01-21 19:24:48,277][com.java.TestType] [11736] - <In Set values of the page>
[INFO ][2016-01-21 19:24:48,278][com.java.TestType] [11886] - ?   P A S S   ?
[DEBUG][2016-01-21 19:24:48,278][com.java.TestType] [11692] - Concept ID:9 :: Step being Executed: 9::14
[INFO ][2016-01-21 19:24:48,278][com.java.TestType] [11730] - dataFields : HDC//td[contains(text(),'mytext')]
[DEBUG][2016-01-21 19:24:48,278][com.java.TestType] [11736] - <In Set values of the page>
[DEBUG][2016-01-21 19:24:48,278][com.java.TestType] [11741] - {Data Fields & Data Values Exist}
[INFO ][2016-01-21 19:24:48,278][com.java.TestType] [11747] - --------------------------setting values-----------------------------
[INFO ][2016-01-21 19:24:48,278][com.java.TestType] [11750] - Action Type : CLICK
[INFO ][2016-01-21 19:24:48,278][com.java.TestType] [ 6773] - Field ::HDC//td[contains(text(),'mytext')]
[INFO ][2016-01-21 19:24:48,278][com.java.TestType] [ 6394] - value = #_keys
[INFO ][2016-01-21 19:24:49,603][com.java.TestType] [11769] -  RESULT true
[INFO ][2016-01-21 19:24:49,603][com.java.TestType] [11886] - ?   P A S S   ?
[DEBUG][2016-01-21 19:24:49,604][com.java.TestType] [11692] - Concept ID:9 :: Step being Executed: 9::15
[ERROR][2016-01-21 19:24:49,604][com.java.TestType] [11725] - Exception: null
[INFO ][2016-01-21 19:24:49,604][com.java.TestType] [11730] - dataFields : CCD//div[@class="actions"]//span[@class="glyphicon glyphicon-remove"]
[DEBUG][2016-01-21 19:24:49,604][com.java.TestType] [11736] - <In Set values of the page>
[DEBUG][2016-01-21 19:24:49,604][com.java.TestType] [11741] - {Data Fields & Data Values Exist}
[INFO ][2016-01-21 19:24:49,604][com.java.TestType] [11747] - --------------------------setting values-----------------------------
[INFO ][2016-01-21 19:24:49,604][com.java.TestType] [11750] - Action Type : CLICKWITHALERT
[INFO ][2016-01-21 19:25:12,884][com.java.TestType] [11769] -  RESULT true
[INFO ][2016-01-21 19:25:12,885][com.java.TestType] [11886] - ?   P A S S   ?
[DEBUG][2016-01-21 19:25:12,885][com.java.TestType] [11692] - Concept ID:9 :: Step being Executed: 9::16
[INFO ][2016-01-21 19:25:12,885][com.java.TestType] [11730] - dataFields : null
[DEBUG][2016-01-21 19:25:12,885][com.java.TestType] [11736] - <In Set values of the page>
[INFO ][2016-01-21 19:25:12,885][com.java.TestType] [11886] - ?   P A S S   ?
[DEBUG][2016-01-21 19:25:12,885][com.java.TestType] [11692] - Concept ID:9 :: Step being Executed: 9::17
[INFO ][2016-01-21 19:25:12,885][com.java.TestType] [11730] - dataFields : EDT//div[@class='dataTables_filter']/label/input
[DEBUG][2016-01-21 19:25:12,885][com.java.TestType] [11736] - <In Set values of the page>
[DEBUG][2016-01-21 19:25:12,885][com.java.TestType] [11741] - {Data Fields & Data Values Exist}
[INFO ][2016-01-21 19:25:12,885][com.java.TestType] [11747] - --------------------------setting values-----------------------------
[INFO ][2016-01-21 19:25:12,885][com.java.TestType] [11750] - Action Type : CLEARANDENTER
[INFO ][2016-01-21 19:25:12,992][com.java.TestType] [ 6394] - value = #_CAL70082
[INFO ][2016-01-21 19:25:13,727][com.java.TestType] [11769] -  RESULT true
[INFO ][2016-01-21 19:25:13,727][com.java.TestType] [11886] - ?   P A S S   ?
[DEBUG][2016-01-21 19:25:13,727][com.java.TestType] [11692] - Concept ID:9 :: Step being Executed: 9::18
[INFO ][2016-01-21 19:25:13,727][com.java.TestType] [11730] - dataFields : null
[DEBUG][2016-01-21 19:25:13,728][com.java.TestType] [11736] - <In Set values of the page>
[INFO ][2016-01-21 19:25:13,728][com.java.TestType] [11886] - ?   P A S S   ?
[DEBUG][2016-01-21 19:25:13,728][com.java.TestType] [11692] - Concept ID:9 :: Step being Executed: 9::19
[INFO ][2016-01-21 19:25:13,728][com.java.TestType] [11730] - dataFields : MSG
[DEBUG][2016-01-21 19:25:13,728][com.java.TestType] [11736] - <In Set values of the page>
[DEBUG][2016-01-21 19:25:13,728][com.java.TestType] [11741] - {Data Fields & Data Values Exist}
[INFO ][2016-01-21 19:25:13,728][com.java.TestType] [11747] - --------------------------setting values-----------------------------
[INFO ][2016-01-21 19:25:13,728][com.java.TestType] [11750] - Action Type : VERIFYNOTPRESENT
[INFO ][2016-01-21 19:25:13,728][com.java.TestType] [ 9735] - field= MSG value= HMV#_keys
[DEBUG][2016-01-21 19:25:13,755][com.java.TestType] [ 9752] - Text :: +#_CAL70082   :: found which is NOT expected.
[INFO ][2016-01-21 19:25:13,755][com.java.TestType] [11769] -  RESULT false
[INFO ][2016-01-21 19:25:13,755][com.java.TestType] [11807] - ?   F A I L   ?
[DEBUG][2016-01-21 19:25:13,755][com.java.TestType] [11810] - Browser Type : IE10
[INFO ][2016-01-21 19:25:13,757][com.java.SeleniumDriver] [  930] -  RESULT false
[INFO ][2016-01-21 19:25:13,757][com.java.SeleniumDriver] [  977] - ?   F A I L   ?
[INFO ][2016-01-21 19:25:13,757][com.java.SeleniumDriver] [  985] - Browser Type : IE10
[INFO ][2016-01-21 19:25:13,757][com.java.SeleniumDriver] [  986] - Adding Failed case4
[INFO ][2016-01-21 19:25:14,537][com.java.SeleniumDriver] [ 1100] - failedCases = 4
[ERROR][2016-01-21 19:25:14,538][com.java.SeleniumDriver] [ 1599] - Platform Errors : Our apologies...::We have encountered an issue with your request.::Our apologies?:We encountered an issue with your request.
[INFO ][2016-01-21 19:25:14,538][com.java.SeleniumDriver] [ 1603] - Length =3
[ERROR][2016-01-21 19:25:14,538][com.java.SeleniumDriver] [ 1606] - Error 0 = Our apologies...
[ERROR][2016-01-21 19:25:14,553][com.java.SeleniumDriver] [ 1606] - Error 1 = We have encountered an issue with your request.
[ERROR][2016-01-21 19:25:14,569][com.java.SeleniumDriver] [ 1606] - Error 2 = Our apologies?:We encountered an issue with your request.
[INFO ][2016-01-21 19:25:14,584][com.java.SeleniumDriver] [ 1617] - strError:
[DEBUG][2016-01-21 19:25:14,598][com.java.SeleniumDriver] [ 1248] - Case found
[DEBUG][2016-01-21 19:25:14,598][com.java.SeleniumDriver] [ 1253] - Incrementing ReportCounters[0]:2
[INFO ][2016-01-21 19:25:14,598][com.java.SeleniumDriver] [ 1272] - The results are-------------------[4, 39, Settings: Customize My Dashboards: Custom Calculations: Edit Custom Calculation Indicator, Fail, 
Test case failed at Step No. :: 39   Error Message ::  In CONCEPT: Test case failed at Step No. :: 19   Error Message ::  Text :: +#_CAL70082   :: found which is NOT expected.. Screen Shot : D:\BankersDashboard\TestReports\012116\4_012116_192513_IE10.png, Thu Jan 21 19:25:14 IST 2016]
[INFO ][2016-01-21 19:25:14,598][com.java.SeleniumDriver] [ 1276] - End time is-------4 min 54 sec
[INFO ][2016-01-21 19:25:14,598][com.java.SeleniumDriver] [ 1277] - The results are-------------------[4, 39, Settings: Customize My Dashboards: Custom Calculations: Edit Custom Calculation Indicator, Fail, 
Test case failed at Step No. :: 39   Error Message ::  In CONCEPT: Test case failed at Step No. :: 19   Error Message ::  Text :: +#_CAL70082   :: found which is NOT expected.. Screen Shot : D:\BankersDashboard\TestReports\012116\4_012116_192513_IE10.png, Thu Jan 21 19:25:14 IST 2016]
[DEBUG][2016-01-21 19:25:14,598][com.java.ImportnExport.ExportTestResultsExcel] [  222] - testResultPath = D:\BankersDashboard/TestReports/Test Results_BankersDashBoard_012116_192022_IE10_United Bank.xls
[DEBUG][2016-01-21 19:25:14,598][com.java.ImportnExport.ExportTestResultsExcel] [  223] - browser is------------IE10
[DEBUG][2016-01-21 19:25:14,600][com.java.ImportnExport.ExportTestResultsExcel] [  270] - result.size() = 6
[DEBUG][2016-01-21 19:25:14,600][com.java.ImportnExport.ExportTestResultsExcel] [  274] - No of rows in sheet=2
[DEBUG][2016-01-21 19:25:14,601][com.java.ImportnExport.ExportTestResultsExcel] [  301] - ..in export..4
[DEBUG][2016-01-21 19:25:14,601][com.java.ImportnExport.ExportTestResultsExcel] [  301] - ..in export..Settings: Customize My Dashboards: Custom Calculations: Edit Custom Calculation Indicator
[DEBUG][2016-01-21 19:25:14,601][com.java.ImportnExport.ExportTestResultsExcel] [  301] - ..in export..Fail
[DEBUG][2016-01-21 19:25:14,601][com.java.ImportnExport.ExportTestResultsExcel] [  301] - ..in export..
Test case failed at Step No. :: 39   Error Message ::  In CONCEPT: Test case failed at Step No. :: 19   Error Message ::  Text :: +#_CAL70082   :: found which is NOT expected.. Screen Shot : D:\BankersDashboard\TestReports\012116\4_012116_192513_IE10.png
[DEBUG][2016-01-21 19:25:14,601][com.java.ImportnExport.ExportTestResultsExcel] [  301] - ..in export..Thu Jan 21 19:25:14 IST 2016
[INFO ][2016-01-21 19:25:14,602][com.java.SeleniumDriver] [ 1337] - out loop:1 size:2 TestCases:[1, 4] testcases:[1, 4]
[INFO ][2016-01-21 19:25:16,602][com.java.SeleniumDriver] [ 1380] - Total Number of Cases:2
[INFO ][2016-01-21 19:25:16,602][com.java.TemplateGenerator] [  302] - Executed:2
[INFO ][2016-01-21 19:25:16,602][com.java.TemplateGenerator] [  303] - Passed:1
[INFO ][2016-01-21 19:25:16,602][com.java.TemplateGenerator] [  304] - Failed:1
[INFO ][2016-01-21 19:25:16,602][com.java.TemplateGenerator] [  305] - Skipeed:0
[INFO ][2016-01-21 19:25:16,602][com.java.TemplateGenerator] [  306] - Application URL:https://clients-xuat.bankersdashboard.com
[INFO ][2016-01-21 19:25:16,602][com.java.TemplateGenerator] [  307] - Start Time:012116_192022
[INFO ][2016-01-21 19:25:16,602][com.java.TemplateGenerator] [  308] -  Creating HTML Report 
[ERROR][2016-01-21 19:25:16,603][com.java.TemplateGenerator] [  409] - Unparseable date: "Thu Jan 21 07:20:22 IST 2016"
[INFO ][2016-01-21 19:25:16,603][com.java.TemplateGenerator] [  654] -  Exporting case :: 1
[INFO ][2016-01-21 19:25:16,603][com.java.TemplateGenerator] [  654] -  Exporting case :: 4
[INFO ][2016-01-21 19:25:16,610][com.java.SeleniumDriver] [ 1429] - End Time:012116_192516
[INFO ][2016-01-21 19:25:16,610][com.java.SeleniumDriver] [ 1432] - Data in Test Execution Details:{1=PASS, 4=FAILTest case failed at Step No. :: 39   Error Message ::  In CONCEPT: Test case failed at Step No. :: 19   Error Message ::  Text :: +#_CAL70082   :: found which is NOT expected.}
[INFO ][2016-01-21 19:25:16,610][com.java.SeleniumDriver] [ 1433] - Data in Failed Execution Deatils:{}
[INFO ][2016-01-21 19:25:16,610][com.java.SeleniumDriver] [ 1435] - ReportCounter:Total:2 :: PASS: 1 ::FAIL: 1
[INFO ][2016-01-21 19:25:16,610][com.java.SeleniumDriver] [ 1436] - FailedReportCounter:Total:0 :: PASS: 0 ::FAIL: 0
[INFO ][2016-01-21 19:25:16,617][com.java.EmailTestReport] [   63] - Sending report mail details:
[INFO ][2016-01-21 19:25:16,617][com.java.EmailTestReport] [   80] - Excel Report Path:D:\BankersDashboard/TestReports/Test Results_BankersDashBoard_012116_192022_IE10_United Bank.xls
[INFO ][2016-01-21 19:25:16,617][com.java.EmailTestReport] [   81] - HTML Report Path:D:\BankersDashboard//TestReports//Test Results_BankersDashBoard_012116_192022_IE10_United Bank.html
[INFO ][2016-01-21 19:25:16,617][com.java.EmailTestReport] [   82] - smtpHostName:mail01.valuelabs.com
[INFO ][2016-01-21 19:25:16,617][com.java.EmailTestReport] [   83] - Recipient:venkateswararao.gubbala@valuelabs.com;
[INFO ][2016-01-21 19:25:16,617][com.java.EmailTestReport] [   84] - From:venkateswararao.gubbala@valuelabs.com;
[INFO ][2016-01-21 19:25:16,617][com.java.EmailTestReport] [   85] - Subject:Deluxe Corp Bankers Dashboard Automation Test Report - United Bank - IE10
[INFO ][2016-01-21 19:25:16,635][com.java.EmailTestReport] [  143] -  Added venkateswararao.gubbala@valuelabs.com
[INFO ][2016-01-21 19:25:19,746][com.java.SeleniumDriver] [  722] - quitting the browser 
[INFO ][2016-01-21 19:25:21,525][com.java.SeleniumDriver] [  264] - Execution Completed Stopping the thread
