[INFO ][2015-12-15 21:39:43,948][com.java.SeleniumDriver] [  213] - Execute Failed Casesfalse
[INFO ][2015-12-15 21:39:43,948][com.java.SeleniumDriver] [  214] - Browser: IE10
[INFO ][2015-12-15 21:39:43,948][com.java.SeleniumDriver] [  215] - [1, 3]
[INFO ][2015-12-15 21:39:43,948][com.java.SeleniumDriver] [  216] - Total TestCases:2
[INFO ][2015-12-15 21:39:43,948][com.java.SeleniumDriver] [  217] -  Reading Properties from Property File 
[DEBUG][2015-12-15 21:39:43,948][com.java.SeleniumDriver] [  238] - url : https://clients-xuat.bankersdashboard.com
[INFO ][2015-12-15 21:39:43,948][com.java.ImportnExport.ExportTestResultsExcel] [  116] - Time Stamp Tue Dec 15 09:39:43 IST 2015
[INFO ][2015-12-15 21:39:43,948][com.java.ImportnExport.ExportTestResultsExcel] [  175] - OUT FILE : D:\BankersDashboard/TestReports/Test Results_BankersDashBoard_121515_213943_IE10_Any Bank USA.xls
[INFO ][2015-12-15 21:39:43,979][com.java.ImportnExport.ExportTestResultsExcel] [  180] - Test Result file is created
[DEBUG][2015-12-15 21:39:44,079][com.java.SeleniumDriver] [  426] - Hub ip address is-------172.17.68.34
[INFO ][2015-12-15 21:39:44,079][com.java.SeleniumDriver] [  452] - Grid URL:http://172.17.68.34:4444/wd/hub
[INFO ][2015-12-15 21:39:44,079][com.java.SeleniumDriver] [  453] - Capability:Capabilities [{platform=ANY, ensureCleanSession=true, ignoreProtectedModeSettings=true, acceptSslCerts=true, ignoreZoomSetting=true, browserName=internet explorer, browserstack.ie.noFlash=true, version=null}]
[ERROR][2015-12-15 21:39:45,379][com.java.SeleniumDriver] [  497] - Unable invoke browser in grid:Could not start a new session. Possible causes are invalid address of the remote server or browser start-up failure.
Build info: version: '2.48.2', revision: '41bccdd', time: '2015-10-09 19:59:12'
System info: host: 'FVTIII438F1D', ip: '172.17.68.34', os.name: 'Windows 7', os.arch: 'x86', os.version: '6.1', java.version: '1.7.0_55'
Driver info: driver.version: SeleniumDriver
[INFO ][2015-12-15 21:39:45,379][com.java.SeleniumDriver] [  499] - Executing on local machine
[INFO ][2015-12-15 21:39:55,952][com.java.SeleniumDriver] [  248] - IE10is opened
[INFO ][2015-12-15 21:39:56,779][com.java.SeleniumDriver] [  754] - Test cases to be executed are: [1, 3]
[INFO ][2015-12-15 21:39:56,790][com.java.ImportnExport.ImportTestDataDetailsExcel] [   49] - test data details path===== D:\BankersDashboard\TestInputs\TestData.xls
[INFO ][2015-12-15 21:39:56,870][com.java.SeleniumDriver] [  821] - ------------------------------------------
[INFO ][2015-12-15 21:39:56,870][com.java.SeleniumDriver] [  822] - Test case being Executed: 1
[INFO ][2015-12-15 21:39:56,870][com.java.SeleniumDriver] [  833] - Test step:1
[INFO ][2015-12-15 21:39:56,870][com.java.SeleniumDriver] [  845] - Datavalue is----------Concept#1:1-16
[INFO ][2015-12-15 21:39:56,870][com.java.SeleniumDriver] [  869] - DataField : test
[INFO ][2015-12-15 21:39:56,870][com.java.SeleniumDriver] [  871] - DataValue : Concept#1:1-16
[INFO ][2015-12-15 21:39:56,870][com.java.SeleniumDriver] [  877] - <In Set values of the page>
[INFO ][2015-12-15 21:39:56,870][com.java.SeleniumDriver] [  880] - {Data Fields & Data Values Exist}
[INFO ][2015-12-15 21:39:56,870][com.java.SeleniumDriver] [  882] - --------------------------setting values-----------------------------
[INFO ][2015-12-15 21:39:56,870][com.java.SeleniumDriver] [  885] - Action Type : ExecuteTestCase
[INFO ][2015-12-15 21:39:56,890][com.java.TestType] [  437] - The Concept sheet name is ---------- Concept
[INFO ][2015-12-15 21:39:56,890][com.java.TestType] [  440] - The Concept ID  is ---------- 1
[DEBUG][2015-12-15 21:39:56,890][com.java.TestType] [  444] - Steps being executted in the Concept are: 1:16
[INFO ][2015-12-15 21:39:56,890][com.java.TestType] [  451] - Test data details path ---------- D:\BankersDashboard\TestInputs\TestData.xls
[INFO ][2015-12-15 21:39:56,920][com.java.TestType] [  482] -  str(1) = 1
[INFO ][2015-12-15 21:39:56,920][com.java.TestType] [  485] - Test case Id is---1
[INFO ][2015-12-15 21:39:56,920][com.java.TestType] [  487] - 1
[INFO ][2015-12-15 21:39:56,920][com.java.TestType] [  482] -  str(2) = 1
[INFO ][2015-12-15 21:39:56,930][com.java.TestType] [  534] - row values are--------{1=com.java.Objects.TestDataDetails@1971b94}
[INFO ][2015-12-15 21:39:56,930][com.java.TestType] [  482] -  str(1) = 1
[INFO ][2015-12-15 21:39:56,930][com.java.TestType] [  485] - Test case Id is---1
[INFO ][2015-12-15 21:39:56,930][com.java.TestType] [  487] - 1
[INFO ][2015-12-15 21:39:56,930][com.java.TestType] [  482] -  str(2) = 2
[INFO ][2015-12-15 21:39:56,930][com.java.TestType] [  534] - row values are--------{1=com.java.Objects.TestDataDetails@1971b94, 2=com.java.Objects.TestDataDetails@1bf3708}
[INFO ][2015-12-15 21:39:56,930][com.java.TestType] [  482] -  str(1) = 1
[INFO ][2015-12-15 21:39:56,930][com.java.TestType] [  485] - Test case Id is---1
[INFO ][2015-12-15 21:39:56,930][com.java.TestType] [  487] - 1
[INFO ][2015-12-15 21:39:56,930][com.java.TestType] [  482] -  str(2) = 3
[INFO ][2015-12-15 21:39:56,930][com.java.TestType] [  534] - row values are--------{1=com.java.Objects.TestDataDetails@1971b94, 2=com.java.Objects.TestDataDetails@1bf3708, 3=com.java.Objects.TestDataDetails@1c7d517}
[INFO ][2015-12-15 21:39:56,930][com.java.TestType] [  482] -  str(1) = 1
[INFO ][2015-12-15 21:39:56,930][com.java.TestType] [  485] - Test case Id is---1
[INFO ][2015-12-15 21:39:56,930][com.java.TestType] [  487] - 1
[INFO ][2015-12-15 21:39:56,930][com.java.TestType] [  482] -  str(2) = 4
[INFO ][2015-12-15 21:39:56,930][com.java.TestType] [  534] - row values are--------{1=com.java.Objects.TestDataDetails@1971b94, 2=com.java.Objects.TestDataDetails@1bf3708, 3=com.java.Objects.TestDataDetails@1c7d517, 4=com.java.Objects.TestDataDetails@16215d4}
[INFO ][2015-12-15 21:39:56,930][com.java.TestType] [  482] -  str(1) = 1
[INFO ][2015-12-15 21:39:56,930][com.java.TestType] [  485] - Test case Id is---1
[INFO ][2015-12-15 21:39:56,930][com.java.TestType] [  487] - 1
[INFO ][2015-12-15 21:39:56,930][com.java.TestType] [  482] -  str(2) = 5
[INFO ][2015-12-15 21:39:56,930][com.java.TestType] [  534] - row values are--------{1=com.java.Objects.TestDataDetails@1971b94, 2=com.java.Objects.TestDataDetails@1bf3708, 3=com.java.Objects.TestDataDetails@1c7d517, 4=com.java.Objects.TestDataDetails@16215d4, 5=com.java.Objects.TestDataDetails@6cd712}
[INFO ][2015-12-15 21:39:56,930][com.java.TestType] [  482] -  str(1) = 1
[INFO ][2015-12-15 21:39:56,930][com.java.TestType] [  485] - Test case Id is---1
[INFO ][2015-12-15 21:39:56,930][com.java.TestType] [  487] - 1
[INFO ][2015-12-15 21:39:56,930][com.java.TestType] [  482] -  str(2) = 6
[INFO ][2015-12-15 21:39:56,940][com.java.TestType] [  534] - row values are--------{1=com.java.Objects.TestDataDetails@1971b94, 2=com.java.Objects.TestDataDetails@1bf3708, 3=com.java.Objects.TestDataDetails@1c7d517, 4=com.java.Objects.TestDataDetails@16215d4, 5=com.java.Objects.TestDataDetails@6cd712, 6=com.java.Objects.TestDataDetails@7a64dd}
[INFO ][2015-12-15 21:39:56,940][com.java.TestType] [  482] -  str(1) = 1
[INFO ][2015-12-15 21:39:56,940][com.java.TestType] [  485] - Test case Id is---1
[INFO ][2015-12-15 21:39:56,940][com.java.TestType] [  487] - 1
[INFO ][2015-12-15 21:39:56,940][com.java.TestType] [  482] -  str(2) = 7
[INFO ][2015-12-15 21:39:56,940][com.java.TestType] [  534] - row values are--------{1=com.java.Objects.TestDataDetails@1971b94, 2=com.java.Objects.TestDataDetails@1bf3708, 3=com.java.Objects.TestDataDetails@1c7d517, 4=com.java.Objects.TestDataDetails@16215d4, 5=com.java.Objects.TestDataDetails@6cd712, 6=com.java.Objects.TestDataDetails@7a64dd, 7=com.java.Objects.TestDataDetails@16fdd2d}
[INFO ][2015-12-15 21:39:56,940][com.java.TestType] [  482] -  str(1) = 1
[INFO ][2015-12-15 21:39:56,940][com.java.TestType] [  485] - Test case Id is---1
[INFO ][2015-12-15 21:39:56,940][com.java.TestType] [  487] - 1
[INFO ][2015-12-15 21:39:56,940][com.java.TestType] [  482] -  str(2) = 8
[INFO ][2015-12-15 21:39:56,940][com.java.TestType] [  534] - row values are--------{1=com.java.Objects.TestDataDetails@1971b94, 2=com.java.Objects.TestDataDetails@1bf3708, 3=com.java.Objects.TestDataDetails@1c7d517, 4=com.java.Objects.TestDataDetails@16215d4, 5=com.java.Objects.TestDataDetails@6cd712, 6=com.java.Objects.TestDataDetails@7a64dd, 7=com.java.Objects.TestDataDetails@16fdd2d, 8=com.java.Objects.TestDataDetails@10ca001}
[INFO ][2015-12-15 21:39:56,940][com.java.TestType] [  482] -  str(1) = 1
[INFO ][2015-12-15 21:39:56,940][com.java.TestType] [  485] - Test case Id is---1
[INFO ][2015-12-15 21:39:56,940][com.java.TestType] [  487] - 1
[INFO ][2015-12-15 21:39:56,940][com.java.TestType] [  482] -  str(2) = 9
[INFO ][2015-12-15 21:39:56,940][com.java.TestType] [  534] - row values are--------{1=com.java.Objects.TestDataDetails@1971b94, 2=com.java.Objects.TestDataDetails@1bf3708, 3=com.java.Objects.TestDataDetails@1c7d517, 4=com.java.Objects.TestDataDetails@16215d4, 5=com.java.Objects.TestDataDetails@6cd712, 6=com.java.Objects.TestDataDetails@7a64dd, 7=com.java.Objects.TestDataDetails@16fdd2d, 8=com.java.Objects.TestDataDetails@10ca001, 9=com.java.Objects.TestDataDetails@1df8783}
[INFO ][2015-12-15 21:39:56,940][com.java.TestType] [  482] -  str(1) = 1
[INFO ][2015-12-15 21:39:56,940][com.java.TestType] [  485] - Test case Id is---1
[INFO ][2015-12-15 21:39:56,940][com.java.TestType] [  487] - 1
[INFO ][2015-12-15 21:39:56,940][com.java.TestType] [  482] -  str(2) = 10
[INFO ][2015-12-15 21:39:56,940][com.java.TestType] [  534] - row values are--------{1=com.java.Objects.TestDataDetails@1971b94, 2=com.java.Objects.TestDataDetails@1bf3708, 3=com.java.Objects.TestDataDetails@1c7d517, 4=com.java.Objects.TestDataDetails@16215d4, 5=com.java.Objects.TestDataDetails@6cd712, 6=com.java.Objects.TestDataDetails@7a64dd, 7=com.java.Objects.TestDataDetails@16fdd2d, 8=com.java.Objects.TestDataDetails@10ca001, 9=com.java.Objects.TestDataDetails@1df8783, 10=com.java.Objects.TestDataDetails@86b19}
[INFO ][2015-12-15 21:39:56,940][com.java.TestType] [  482] -  str(1) = 1
[INFO ][2015-12-15 21:39:56,940][com.java.TestType] [  485] - Test case Id is---1
[INFO ][2015-12-15 21:39:56,940][com.java.TestType] [  487] - 1
[INFO ][2015-12-15 21:39:56,940][com.java.TestType] [  482] -  str(2) = 11
[INFO ][2015-12-15 21:39:56,940][com.java.TestType] [  534] - row values are--------{1=com.java.Objects.TestDataDetails@1971b94, 2=com.java.Objects.TestDataDetails@1bf3708, 3=com.java.Objects.TestDataDetails@1c7d517, 4=com.java.Objects.TestDataDetails@16215d4, 5=com.java.Objects.TestDataDetails@6cd712, 6=com.java.Objects.TestDataDetails@7a64dd, 7=com.java.Objects.TestDataDetails@16fdd2d, 8=com.java.Objects.TestDataDetails@10ca001, 9=com.java.Objects.TestDataDetails@1df8783, 10=com.java.Objects.TestDataDetails@86b19, 11=com.java.Objects.TestDataDetails@1947a96}
[INFO ][2015-12-15 21:39:56,940][com.java.TestType] [  482] -  str(1) = 1
[INFO ][2015-12-15 21:39:56,940][com.java.TestType] [  485] - Test case Id is---1
[INFO ][2015-12-15 21:39:56,940][com.java.TestType] [  487] - 1
[INFO ][2015-12-15 21:39:56,940][com.java.TestType] [  482] -  str(2) = 12
[INFO ][2015-12-15 21:39:56,940][com.java.TestType] [  534] - row values are--------{1=com.java.Objects.TestDataDetails@1971b94, 2=com.java.Objects.TestDataDetails@1bf3708, 3=com.java.Objects.TestDataDetails@1c7d517, 4=com.java.Objects.TestDataDetails@16215d4, 5=com.java.Objects.TestDataDetails@6cd712, 6=com.java.Objects.TestDataDetails@7a64dd, 7=com.java.Objects.TestDataDetails@16fdd2d, 8=com.java.Objects.TestDataDetails@10ca001, 9=com.java.Objects.TestDataDetails@1df8783, 10=com.java.Objects.TestDataDetails@86b19, 11=com.java.Objects.TestDataDetails@1947a96, 12=com.java.Objects.TestDataDetails@114aca8}
[INFO ][2015-12-15 21:39:56,950][com.java.TestType] [  482] -  str(1) = 1
[INFO ][2015-12-15 21:39:56,950][com.java.TestType] [  485] - Test case Id is---1
[INFO ][2015-12-15 21:39:56,950][com.java.TestType] [  487] - 1
[INFO ][2015-12-15 21:39:56,950][com.java.TestType] [  482] -  str(2) = 13
[INFO ][2015-12-15 21:39:56,950][com.java.TestType] [  534] - row values are--------{1=com.java.Objects.TestDataDetails@1971b94, 2=com.java.Objects.TestDataDetails@1bf3708, 3=com.java.Objects.TestDataDetails@1c7d517, 4=com.java.Objects.TestDataDetails@16215d4, 5=com.java.Objects.TestDataDetails@6cd712, 6=com.java.Objects.TestDataDetails@7a64dd, 7=com.java.Objects.TestDataDetails@16fdd2d, 8=com.java.Objects.TestDataDetails@10ca001, 9=com.java.Objects.TestDataDetails@1df8783, 10=com.java.Objects.TestDataDetails@86b19, 11=com.java.Objects.TestDataDetails@1947a96, 12=com.java.Objects.TestDataDetails@114aca8, 13=com.java.Objects.TestDataDetails@1163a1e}
[INFO ][2015-12-15 21:39:56,950][com.java.TestType] [  482] -  str(1) = 1
[INFO ][2015-12-15 21:39:56,950][com.java.TestType] [  485] - Test case Id is---1
[INFO ][2015-12-15 21:39:56,950][com.java.TestType] [  487] - 1
[INFO ][2015-12-15 21:39:56,950][com.java.TestType] [  482] -  str(2) = 14
[INFO ][2015-12-15 21:39:56,950][com.java.TestType] [  534] - row values are--------{1=com.java.Objects.TestDataDetails@1971b94, 2=com.java.Objects.TestDataDetails@1bf3708, 3=com.java.Objects.TestDataDetails@1c7d517, 4=com.java.Objects.TestDataDetails@16215d4, 5=com.java.Objects.TestDataDetails@6cd712, 6=com.java.Objects.TestDataDetails@7a64dd, 7=com.java.Objects.TestDataDetails@16fdd2d, 8=com.java.Objects.TestDataDetails@10ca001, 9=com.java.Objects.TestDataDetails@1df8783, 10=com.java.Objects.TestDataDetails@86b19, 11=com.java.Objects.TestDataDetails@1947a96, 12=com.java.Objects.TestDataDetails@114aca8, 13=com.java.Objects.TestDataDetails@1163a1e, 14=com.java.Objects.TestDataDetails@3f67dc}
[INFO ][2015-12-15 21:39:56,950][com.java.TestType] [  482] -  str(1) = 1
[INFO ][2015-12-15 21:39:56,950][com.java.TestType] [  485] - Test case Id is---1
[INFO ][2015-12-15 21:39:56,950][com.java.TestType] [  487] - 1
[INFO ][2015-12-15 21:39:56,950][com.java.TestType] [  482] -  str(2) = 15
[INFO ][2015-12-15 21:39:56,950][com.java.TestType] [  534] - row values are--------{1=com.java.Objects.TestDataDetails@1971b94, 2=com.java.Objects.TestDataDetails@1bf3708, 3=com.java.Objects.TestDataDetails@1c7d517, 4=com.java.Objects.TestDataDetails@16215d4, 5=com.java.Objects.TestDataDetails@6cd712, 6=com.java.Objects.TestDataDetails@7a64dd, 7=com.java.Objects.TestDataDetails@16fdd2d, 8=com.java.Objects.TestDataDetails@10ca001, 9=com.java.Objects.TestDataDetails@1df8783, 10=com.java.Objects.TestDataDetails@86b19, 11=com.java.Objects.TestDataDetails@1947a96, 12=com.java.Objects.TestDataDetails@114aca8, 13=com.java.Objects.TestDataDetails@1163a1e, 14=com.java.Objects.TestDataDetails@3f67dc, 15=com.java.Objects.TestDataDetails@160e715}
[INFO ][2015-12-15 21:39:56,950][com.java.TestType] [  482] -  str(1) = 1
[INFO ][2015-12-15 21:39:56,950][com.java.TestType] [  485] - Test case Id is---1
[INFO ][2015-12-15 21:39:56,950][com.java.TestType] [  487] - 1
[INFO ][2015-12-15 21:39:56,950][com.java.TestType] [  482] -  str(2) = 16
[INFO ][2015-12-15 21:39:56,950][com.java.TestType] [  534] - row values are--------{1=com.java.Objects.TestDataDetails@1971b94, 2=com.java.Objects.TestDataDetails@1bf3708, 3=com.java.Objects.TestDataDetails@1c7d517, 4=com.java.Objects.TestDataDetails@16215d4, 5=com.java.Objects.TestDataDetails@6cd712, 6=com.java.Objects.TestDataDetails@7a64dd, 7=com.java.Objects.TestDataDetails@16fdd2d, 8=com.java.Objects.TestDataDetails@10ca001, 9=com.java.Objects.TestDataDetails@1df8783, 10=com.java.Objects.TestDataDetails@86b19, 11=com.java.Objects.TestDataDetails@1947a96, 12=com.java.Objects.TestDataDetails@114aca8, 13=com.java.Objects.TestDataDetails@1163a1e, 14=com.java.Objects.TestDataDetails@3f67dc, 15=com.java.Objects.TestDataDetails@160e715, 16=com.java.Objects.TestDataDetails@147afda}
[INFO ][2015-12-15 21:39:56,950][com.java.TestType] [10126] - Looping 1TCID = 1
[DEBUG][2015-12-15 21:39:56,950][com.java.TestType] [10167] - Concept ID:1 :: Step being Executed: 1::1
[INFO ][2015-12-15 21:39:56,950][com.java.TestType] [10205] - dataFields : TXTusername
[DEBUG][2015-12-15 21:39:56,950][com.java.TestType] [10211] - <In Set values of the page>
[DEBUG][2015-12-15 21:39:56,950][com.java.TestType] [10216] - {Data Fields & Data Values Exist}
[INFO ][2015-12-15 21:39:56,950][com.java.TestType] [10222] - --------------------------setting values-----------------------------
[INFO ][2015-12-15 21:39:56,950][com.java.TestType] [10225] - Action Type : CLEARANDENTER
[INFO ][2015-12-15 21:39:56,950][com.java.TestType] [ 5513] - value = naresh.nayini.00000
[INFO ][2015-12-15 21:40:01,727][com.java.TestType] [10244] -  RESULT true
[INFO ][2015-12-15 21:40:01,727][com.java.TestType] [10361] - ?   P A S S   ?
[DEBUG][2015-12-15 21:40:01,727][com.java.TestType] [10167] - Concept ID:1 :: Step being Executed: 1::2
[INFO ][2015-12-15 21:40:01,727][com.java.TestType] [10205] - dataFields : TXTpassword
[DEBUG][2015-12-15 21:40:01,727][com.java.TestType] [10211] - <In Set values of the page>
[DEBUG][2015-12-15 21:40:01,727][com.java.TestType] [10216] - {Data Fields & Data Values Exist}
[INFO ][2015-12-15 21:40:01,727][com.java.TestType] [10222] - --------------------------setting values-----------------------------
[INFO ][2015-12-15 21:40:01,727][com.java.TestType] [10225] - Action Type : CLEARANDENTER
[INFO ][2015-12-15 21:40:01,727][com.java.TestType] [ 5513] - value = Password1*
[INFO ][2015-12-15 21:40:06,644][com.java.TestType] [10244] -  RESULT true
[INFO ][2015-12-15 21:40:06,644][com.java.TestType] [10361] - ?   P A S S   ?
[DEBUG][2015-12-15 21:40:06,644][com.java.TestType] [10167] - Concept ID:1 :: Step being Executed: 1::3
[ERROR][2015-12-15 21:40:06,644][com.java.TestType] [10200] - Exception: null
[INFO ][2015-12-15 21:40:06,644][com.java.TestType] [10205] - dataFields : XPH//button[@type='submit']
[DEBUG][2015-12-15 21:40:06,644][com.java.TestType] [10211] - <In Set values of the page>
[DEBUG][2015-12-15 21:40:06,644][com.java.TestType] [10216] - {Data Fields & Data Values Exist}
[INFO ][2015-12-15 21:40:06,644][com.java.TestType] [10222] - --------------------------setting values-----------------------------
[INFO ][2015-12-15 21:40:06,644][com.java.TestType] [10225] - Action Type : Click
[INFO ][2015-12-15 21:40:06,644][com.java.TestType] [ 5869] - Field ::XPH//button[@type='submit']
[INFO ][2015-12-15 21:40:06,644][com.java.TestType] [ 5513] - value = 
[INFO ][2015-12-15 21:40:07,644][com.java.TestType] [ 6006] - BEFORE CLICK
[INFO ][2015-12-15 21:40:08,479][com.java.TestType] [ 6014] - Unable to click the object Login
[INFO ][2015-12-15 21:40:08,479][com.java.TestType] [10244] -  RESULT true
[INFO ][2015-12-15 21:40:08,479][com.java.TestType] [10361] - ?   P A S S   ?
[DEBUG][2015-12-15 21:40:08,479][com.java.TestType] [10167] - Concept ID:1 :: Step being Executed: 1::4
[INFO ][2015-12-15 21:40:08,479][com.java.TestType] [10205] - dataFields : LNKLogout
[DEBUG][2015-12-15 21:40:08,479][com.java.TestType] [10211] - <In Set values of the page>
[DEBUG][2015-12-15 21:40:08,479][com.java.TestType] [10216] - {Data Fields & Data Values Exist}
[INFO ][2015-12-15 21:40:08,479][com.java.TestType] [10222] - --------------------------setting values-----------------------------
[INFO ][2015-12-15 21:40:08,479][com.java.TestType] [10225] - Action Type : WaitForElement
[INFO ][2015-12-15 21:40:11,918][com.java.TestType] [10244] -  RESULT true
[INFO ][2015-12-15 21:40:11,918][com.java.TestType] [10361] - ?   P A S S   ?
[DEBUG][2015-12-15 21:40:11,918][com.java.TestType] [10167] - Concept ID:1 :: Step being Executed: 1::15
[INFO ][2015-12-15 21:40:11,918][com.java.TestType] [10205] - dataFields : LNK
[DEBUG][2015-12-15 21:40:11,918][com.java.TestType] [10211] - <In Set values of the page>
[DEBUG][2015-12-15 21:40:11,918][com.java.TestType] [10216] - {Data Fields & Data Values Exist}
[INFO ][2015-12-15 21:40:11,918][com.java.TestType] [10222] - --------------------------setting values-----------------------------
[INFO ][2015-12-15 21:40:11,918][com.java.TestType] [10225] - Action Type : Verify
[INFO ][2015-12-15 21:40:11,918][com.java.TestType] [ 6812] - field= LNK value= Logout
[INFO ][2015-12-15 21:40:11,918][com.java.TestType] [ 5513] - value = Logout
[INFO ][2015-12-15 21:40:11,949][com.java.TestType] [10244] -  RESULT true
[INFO ][2015-12-15 21:40:11,949][com.java.TestType] [10361] - ?   P A S S   ?
[DEBUG][2015-12-15 21:40:11,949][com.java.TestType] [10167] - Concept ID:1 :: Step being Executed: 1::16
[INFO ][2015-12-15 21:40:11,949][com.java.TestType] [10205] - dataFields : BTN
[DEBUG][2015-12-15 21:40:11,949][com.java.TestType] [10211] - <In Set values of the page>
[DEBUG][2015-12-15 21:40:11,949][com.java.TestType] [10216] - {Data Fields & Data Values Exist}
[INFO ][2015-12-15 21:40:11,949][com.java.TestType] [10222] - --------------------------setting values-----------------------------
[INFO ][2015-12-15 21:40:11,949][com.java.TestType] [10225] - Action Type : Verify
[INFO ][2015-12-15 21:40:11,949][com.java.TestType] [ 6812] - field= BTN value= //img[contains(@src,'bdlogo.jpg')]
[INFO ][2015-12-15 21:40:11,949][com.java.TestType] [ 5513] - value = //img[contains(@src,'bdlogo.jpg')]
[INFO ][2015-12-15 21:40:12,019][com.java.TestType] [10244] -  RESULT true
[INFO ][2015-12-15 21:40:12,019][com.java.TestType] [10361] - ?   P A S S   ?
[INFO ][2015-12-15 21:40:12,019][com.java.TestType] [10432] - Looping End......
[INFO ][2015-12-15 21:40:12,019][com.java.SeleniumDriver] [  894] -  RESULT true
[INFO ][2015-12-15 21:40:12,019][com.java.SeleniumDriver] [ 1100] - ?   P A S S   ?
[INFO ][2015-12-15 21:40:12,019][com.java.SeleniumDriver] [  821] - ------------------------------------------
[INFO ][2015-12-15 21:40:12,019][com.java.SeleniumDriver] [  822] - Test case being Executed: 1
[INFO ][2015-12-15 21:40:12,019][com.java.SeleniumDriver] [  833] - Test step:2
[INFO ][2015-12-15 21:40:12,019][com.java.SeleniumDriver] [  845] - Datavalue is----------Concept#2:1-2
[INFO ][2015-12-15 21:40:12,019][com.java.SeleniumDriver] [  869] - DataField : test
[INFO ][2015-12-15 21:40:12,019][com.java.SeleniumDriver] [  871] - DataValue : Concept#2:1-2
[INFO ][2015-12-15 21:40:12,019][com.java.SeleniumDriver] [  877] - <In Set values of the page>
[INFO ][2015-12-15 21:40:12,019][com.java.SeleniumDriver] [  880] - {Data Fields & Data Values Exist}
[INFO ][2015-12-15 21:40:12,019][com.java.SeleniumDriver] [  882] - --------------------------setting values-----------------------------
[INFO ][2015-12-15 21:40:12,019][com.java.SeleniumDriver] [  885] - Action Type : ExecuteTestCase
[INFO ][2015-12-15 21:40:12,019][com.java.TestType] [  437] - The Concept sheet name is ---------- Concept
[INFO ][2015-12-15 21:40:12,019][com.java.TestType] [  440] - The Concept ID  is ---------- 2
[DEBUG][2015-12-15 21:40:12,019][com.java.TestType] [  444] - Steps being executted in the Concept are: 1:2
[INFO ][2015-12-15 21:40:12,019][com.java.TestType] [  451] - Test data details path ---------- D:\BankersDashboard\TestInputs\TestData.xls
[INFO ][2015-12-15 21:40:12,049][com.java.TestType] [  482] -  str(1) = 2
[INFO ][2015-12-15 21:40:12,049][com.java.TestType] [  485] - Test case Id is---2
[INFO ][2015-12-15 21:40:12,049][com.java.TestType] [  487] - 2
[INFO ][2015-12-15 21:40:12,049][com.java.TestType] [  482] -  str(2) = 1
[INFO ][2015-12-15 21:40:12,059][com.java.TestType] [  534] - row values are--------{1=com.java.Objects.TestDataDetails@14f95bf}
[INFO ][2015-12-15 21:40:12,059][com.java.TestType] [  482] -  str(1) = 2
[INFO ][2015-12-15 21:40:12,059][com.java.TestType] [  485] - Test case Id is---2
[INFO ][2015-12-15 21:40:12,059][com.java.TestType] [  487] - 2
[INFO ][2015-12-15 21:40:12,059][com.java.TestType] [  482] -  str(2) = 2
[INFO ][2015-12-15 21:40:12,059][com.java.TestType] [  534] - row values are--------{1=com.java.Objects.TestDataDetails@14f95bf, 2=com.java.Objects.TestDataDetails@176d4a4}
[INFO ][2015-12-15 21:40:12,059][com.java.TestType] [  482] -  str(1) = 2
[INFO ][2015-12-15 21:40:12,059][com.java.TestType] [  485] - Test case Id is---2
[INFO ][2015-12-15 21:40:12,059][com.java.TestType] [  487] - 2
[INFO ][2015-12-15 21:40:12,059][com.java.TestType] [  482] -  str(2) = 3
[INFO ][2015-12-15 21:40:12,059][com.java.TestType] [  534] - row values are--------{1=com.java.Objects.TestDataDetails@14f95bf, 2=com.java.Objects.TestDataDetails@176d4a4, 3=com.java.Objects.TestDataDetails@56da6e}
[INFO ][2015-12-15 21:40:12,059][com.java.TestType] [10126] - Looping 1TCID = 2
[DEBUG][2015-12-15 21:40:12,059][com.java.TestType] [10167] - Concept ID:2 :: Step being Executed: 2::1
[INFO ][2015-12-15 21:40:12,059][com.java.TestType] [10205] - dataFields : BNK//select[@id='bank']
[DEBUG][2015-12-15 21:40:12,059][com.java.TestType] [10211] - <In Set values of the page>
[DEBUG][2015-12-15 21:40:12,059][com.java.TestType] [10216] - {Data Fields & Data Values Exist}
[INFO ][2015-12-15 21:40:12,059][com.java.TestType] [10222] - --------------------------setting values-----------------------------
[INFO ][2015-12-15 21:40:12,059][com.java.TestType] [10225] - Action Type : Select
[INFO ][2015-12-15 21:40:12,059][com.java.TestType] [ 5513] - value = PFC
[INFO ][2015-12-15 21:40:12,239][com.java.TestType] [10244] -  RESULT true
[INFO ][2015-12-15 21:40:12,239][com.java.TestType] [10361] - ?   P A S S   ?
[DEBUG][2015-12-15 21:40:12,239][com.java.TestType] [10167] - Concept ID:2 :: Step being Executed: 2::2
[INFO ][2015-12-15 21:40:12,239][com.java.TestType] [10205] - dataFields : LNKLogout
[DEBUG][2015-12-15 21:40:12,239][com.java.TestType] [10211] - <In Set values of the page>
[DEBUG][2015-12-15 21:40:12,239][com.java.TestType] [10216] - {Data Fields & Data Values Exist}
[INFO ][2015-12-15 21:40:12,239][com.java.TestType] [10222] - --------------------------setting values-----------------------------
[INFO ][2015-12-15 21:40:12,239][com.java.TestType] [10225] - Action Type : WaitTime
[DEBUG][2015-12-15 21:40:12,239][com.java.TestType] [ 5333] - sleepTime: 5000
[INFO ][2015-12-15 21:40:17,241][com.java.TestType] [10244] -  RESULT true
[INFO ][2015-12-15 21:40:17,241][com.java.TestType] [10361] - ?   P A S S   ?
[INFO ][2015-12-15 21:40:17,241][com.java.TestType] [10432] - Looping End......
[INFO ][2015-12-15 21:40:17,241][com.java.SeleniumDriver] [  894] -  RESULT true
[INFO ][2015-12-15 21:40:17,241][com.java.SeleniumDriver] [ 1100] - ?   P A S S   ?
[INFO ][2015-12-15 21:40:17,241][com.java.SeleniumDriver] [  821] - ------------------------------------------
[INFO ][2015-12-15 21:40:17,241][com.java.SeleniumDriver] [  822] - Test case being Executed: 1
[INFO ][2015-12-15 21:40:17,241][com.java.SeleniumDriver] [  833] - Test step:3
[INFO ][2015-12-15 21:40:17,241][com.java.SeleniumDriver] [  845] - Datavalue is----------2
[INFO ][2015-12-15 21:40:17,241][com.java.SeleniumDriver] [  869] - DataField : XPH//button[contains(text(),'Add Content')]
[INFO ][2015-12-15 21:40:17,241][com.java.SeleniumDriver] [  871] - DataValue : 2
[INFO ][2015-12-15 21:40:17,241][com.java.SeleniumDriver] [  877] - <In Set values of the page>
[INFO ][2015-12-15 21:40:17,241][com.java.SeleniumDriver] [  880] - {Data Fields & Data Values Exist}
[INFO ][2015-12-15 21:40:17,241][com.java.SeleniumDriver] [  882] - --------------------------setting values-----------------------------
[INFO ][2015-12-15 21:40:17,241][com.java.SeleniumDriver] [  885] - Action Type : WAITFORELEMENT
[INFO ][2015-12-15 21:40:17,282][com.java.SeleniumDriver] [  894] -  RESULT true
[INFO ][2015-12-15 21:40:17,282][com.java.SeleniumDriver] [ 1100] - ?   P A S S   ?
[DEBUG][2015-12-15 21:40:17,282][com.java.SeleniumDriver] [ 1212] - Case found
[DEBUG][2015-12-15 21:40:17,282][com.java.SeleniumDriver] [ 1217] - Incrementing ReportCounters[0]:1
[INFO ][2015-12-15 21:40:17,282][com.java.SeleniumDriver] [ 1236] - The results are-------------------[1, 1, Valid Login, Pass, , Tue Dec 15 21:40:12 IST 2015, 1, 2, Valid Login, Pass, , Tue Dec 15 21:40:17 IST 2015, 1, 3, Valid Login, Pass, , Tue Dec 15 21:40:17 IST 2015]
[INFO ][2015-12-15 21:40:17,282][com.java.SeleniumDriver] [ 1240] - End time is-------35 sec
[INFO ][2015-12-15 21:40:17,282][com.java.SeleniumDriver] [ 1241] - The results are-------------------[1, 1, Valid Login, Pass, , Tue Dec 15 21:40:12 IST 2015, 1, 2, Valid Login, Pass, , Tue Dec 15 21:40:17 IST 2015, 1, 3, Valid Login, Pass, , Tue Dec 15 21:40:17 IST 2015]
[DEBUG][2015-12-15 21:40:17,282][com.java.ImportnExport.ExportTestResultsExcel] [  222] - testResultPath = D:\BankersDashboard/TestReports/Test Results_BankersDashBoard_121515_213943_IE10_Any Bank USA.xls
[DEBUG][2015-12-15 21:40:17,282][com.java.ImportnExport.ExportTestResultsExcel] [  223] - browser is------------IE10
[DEBUG][2015-12-15 21:40:17,322][com.java.ImportnExport.ExportTestResultsExcel] [  270] - result.size() = 18
[DEBUG][2015-12-15 21:40:17,322][com.java.ImportnExport.ExportTestResultsExcel] [  274] - No of rows in sheet=1
[DEBUG][2015-12-15 21:40:17,322][com.java.ImportnExport.ExportTestResultsExcel] [  301] - ..in export..1
[DEBUG][2015-12-15 21:40:17,322][com.java.ImportnExport.ExportTestResultsExcel] [  301] - ..in export..Valid Login
[DEBUG][2015-12-15 21:40:17,322][com.java.ImportnExport.ExportTestResultsExcel] [  301] - ..in export..Pass
[DEBUG][2015-12-15 21:40:17,322][com.java.ImportnExport.ExportTestResultsExcel] [  301] - ..in export..
[DEBUG][2015-12-15 21:40:17,322][com.java.ImportnExport.ExportTestResultsExcel] [  301] - ..in export..Tue Dec 15 21:40:12 IST 2015
[INFO ][2015-12-15 21:40:17,332][com.java.SeleniumDriver] [ 1299] - out loop:0 size:2 TestCases:[1, 3] testcases:[1, 3]
[INFO ][2015-12-15 21:40:17,332][com.java.ImportnExport.ImportTestDataDetailsExcel] [   49] - test data details path===== D:\BankersDashboard\TestInputs\TestData.xls
[INFO ][2015-12-15 21:40:33,056][com.java.SeleniumDriver] [  821] - ------------------------------------------
[INFO ][2015-12-15 21:40:33,056][com.java.SeleniumDriver] [  822] - Test case being Executed: 3
[INFO ][2015-12-15 21:40:33,056][com.java.SeleniumDriver] [  833] - Test step:1
[INFO ][2015-12-15 21:40:33,056][com.java.SeleniumDriver] [  845] - Datavalue is----------Logout
[INFO ][2015-12-15 21:40:33,056][com.java.SeleniumDriver] [  869] - DataField : BTN
[INFO ][2015-12-15 21:40:33,056][com.java.SeleniumDriver] [  871] - DataValue : Logout
[INFO ][2015-12-15 21:40:33,056][com.java.SeleniumDriver] [  877] - <In Set values of the page>
[INFO ][2015-12-15 21:40:33,056][com.java.SeleniumDriver] [  880] - {Data Fields & Data Values Exist}
[INFO ][2015-12-15 21:40:33,056][com.java.SeleniumDriver] [  882] - --------------------------setting values-----------------------------
[INFO ][2015-12-15 21:40:33,056][com.java.SeleniumDriver] [  885] - Action Type : Verify
[INFO ][2015-12-15 21:40:33,056][com.java.TestType] [ 6812] - field= BTN value= Logout
[INFO ][2015-12-15 21:40:33,056][com.java.TestType] [ 5513] - value = Logout
[INFO ][2015-12-15 21:40:33,137][com.java.SeleniumDriver] [  894] -  RESULT true
[INFO ][2015-12-15 21:40:33,137][com.java.SeleniumDriver] [ 1100] - ?   P A S S   ?
[INFO ][2015-12-15 21:40:33,137][com.java.SeleniumDriver] [ 1142] - step change to 3
[INFO ][2015-12-15 21:40:33,137][com.java.SeleniumDriver] [  821] - ------------------------------------------
[INFO ][2015-12-15 21:40:33,137][com.java.SeleniumDriver] [  822] - Test case being Executed: 3
[INFO ][2015-12-15 21:40:33,137][com.java.SeleniumDriver] [  833] - Test step:3
[INFO ][2015-12-15 21:40:33,137][com.java.SeleniumDriver] [  845] - Datavalue is----------Concept#2:1-2
[INFO ][2015-12-15 21:40:33,137][com.java.SeleniumDriver] [  869] - DataField : test
[INFO ][2015-12-15 21:40:33,137][com.java.SeleniumDriver] [  871] - DataValue : Concept#2:1-2
[INFO ][2015-12-15 21:40:33,137][com.java.SeleniumDriver] [  877] - <In Set values of the page>
[INFO ][2015-12-15 21:40:33,137][com.java.SeleniumDriver] [  880] - {Data Fields & Data Values Exist}
[INFO ][2015-12-15 21:40:33,137][com.java.SeleniumDriver] [  882] - --------------------------setting values-----------------------------
[INFO ][2015-12-15 21:40:33,137][com.java.SeleniumDriver] [  885] - Action Type : ExecuteTestCase
[INFO ][2015-12-15 21:40:33,137][com.java.TestType] [  437] - The Concept sheet name is ---------- Concept
[INFO ][2015-12-15 21:40:33,137][com.java.TestType] [  440] - The Concept ID  is ---------- 2
[DEBUG][2015-12-15 21:40:33,137][com.java.TestType] [  444] - Steps being executted in the Concept are: 1:2
[INFO ][2015-12-15 21:40:33,137][com.java.TestType] [  451] - Test data details path ---------- D:\BankersDashboard\TestInputs\TestData.xls
[INFO ][2015-12-15 21:40:33,167][com.java.TestType] [  482] -  str(1) = 2
[INFO ][2015-12-15 21:40:33,167][com.java.TestType] [  485] - Test case Id is---2
[INFO ][2015-12-15 21:40:33,167][com.java.TestType] [  487] - 2
[INFO ][2015-12-15 21:40:33,167][com.java.TestType] [  482] -  str(2) = 1
[INFO ][2015-12-15 21:40:33,167][com.java.TestType] [  534] - row values are--------{1=com.java.Objects.TestDataDetails@2ceb60}
[INFO ][2015-12-15 21:40:33,167][com.java.TestType] [  482] -  str(1) = 2
[INFO ][2015-12-15 21:40:33,167][com.java.TestType] [  485] - Test case Id is---2
[INFO ][2015-12-15 21:40:33,167][com.java.TestType] [  487] - 2
[INFO ][2015-12-15 21:40:33,167][com.java.TestType] [  482] -  str(2) = 2
[INFO ][2015-12-15 21:40:33,167][com.java.TestType] [  534] - row values are--------{1=com.java.Objects.TestDataDetails@2ceb60, 2=com.java.Objects.TestDataDetails@a613e3}
[INFO ][2015-12-15 21:40:33,167][com.java.TestType] [  482] -  str(1) = 2
[INFO ][2015-12-15 21:40:33,167][com.java.TestType] [  485] - Test case Id is---2
[INFO ][2015-12-15 21:40:33,167][com.java.TestType] [  487] - 2
[INFO ][2015-12-15 21:40:33,167][com.java.TestType] [  482] -  str(2) = 3
[INFO ][2015-12-15 21:40:33,167][com.java.TestType] [  534] - row values are--------{1=com.java.Objects.TestDataDetails@2ceb60, 2=com.java.Objects.TestDataDetails@a613e3, 3=com.java.Objects.TestDataDetails@1577460}
[INFO ][2015-12-15 21:40:33,167][com.java.TestType] [10126] - Looping 1TCID = 2
[DEBUG][2015-12-15 21:40:33,167][com.java.TestType] [10167] - Concept ID:2 :: Step being Executed: 2::1
[INFO ][2015-12-15 21:40:33,167][com.java.TestType] [10205] - dataFields : BNK//select[@id='bank']
[DEBUG][2015-12-15 21:40:33,167][com.java.TestType] [10211] - <In Set values of the page>
[DEBUG][2015-12-15 21:40:33,167][com.java.TestType] [10216] - {Data Fields & Data Values Exist}
[INFO ][2015-12-15 21:40:33,167][com.java.TestType] [10222] - --------------------------setting values-----------------------------
[INFO ][2015-12-15 21:40:33,167][com.java.TestType] [10225] - Action Type : Select
[INFO ][2015-12-15 21:40:33,167][com.java.TestType] [ 5513] - value = PFC
[INFO ][2015-12-15 21:40:33,357][com.java.TestType] [10244] -  RESULT true
[INFO ][2015-12-15 21:40:33,357][com.java.TestType] [10361] - ?   P A S S   ?
[DEBUG][2015-12-15 21:40:33,357][com.java.TestType] [10167] - Concept ID:2 :: Step being Executed: 2::2
[INFO ][2015-12-15 21:40:33,357][com.java.TestType] [10205] - dataFields : LNKLogout
[DEBUG][2015-12-15 21:40:33,357][com.java.TestType] [10211] - <In Set values of the page>
[DEBUG][2015-12-15 21:40:33,357][com.java.TestType] [10216] - {Data Fields & Data Values Exist}
[INFO ][2015-12-15 21:40:33,357][com.java.TestType] [10222] - --------------------------setting values-----------------------------
[INFO ][2015-12-15 21:40:33,357][com.java.TestType] [10225] - Action Type : WaitTime
[DEBUG][2015-12-15 21:40:33,357][com.java.TestType] [ 5333] - sleepTime: 5000
[INFO ][2015-12-15 21:40:38,358][com.java.TestType] [10244] -  RESULT true
[INFO ][2015-12-15 21:40:38,358][com.java.TestType] [10361] - ?   P A S S   ?
[INFO ][2015-12-15 21:40:38,358][com.java.TestType] [10432] - Looping End......
[INFO ][2015-12-15 21:40:38,358][com.java.SeleniumDriver] [  894] -  RESULT true
[INFO ][2015-12-15 21:40:38,358][com.java.SeleniumDriver] [ 1100] - ?   P A S S   ?
[INFO ][2015-12-15 21:40:38,358][com.java.SeleniumDriver] [  821] - ------------------------------------------
[INFO ][2015-12-15 21:40:38,358][com.java.SeleniumDriver] [  822] - Test case being Executed: 3
[INFO ][2015-12-15 21:40:38,358][com.java.SeleniumDriver] [  833] - Test step:4
[INFO ][2015-12-15 21:40:38,358][com.java.SeleniumDriver] [  845] - Datavalue is----------null
[DEBUG][2015-12-15 21:40:38,358][com.java.SeleniumDriver] [  863] - Exception: null
[INFO ][2015-12-15 21:40:38,358][com.java.SeleniumDriver] [  869] - DataField : //span[@class='icon-stack']&&//a[@data-id="SetupPackage"]
[INFO ][2015-12-15 21:40:38,358][com.java.SeleniumDriver] [  871] - DataValue : 
[INFO ][2015-12-15 21:40:38,358][com.java.SeleniumDriver] [  877] - <In Set values of the page>
[INFO ][2015-12-15 21:40:38,358][com.java.SeleniumDriver] [  880] - {Data Fields & Data Values Exist}
[INFO ][2015-12-15 21:40:38,358][com.java.SeleniumDriver] [  882] - --------------------------setting values-----------------------------
[INFO ][2015-12-15 21:40:38,358][com.java.SeleniumDriver] [  885] - Action Type : MOUSEOVER
[INFO ][2015-12-15 21:41:01,330][com.java.SeleniumDriver] [  894] -  RESULT true
[INFO ][2015-12-15 21:41:01,330][com.java.SeleniumDriver] [ 1100] - ?   P A S S   ?
[INFO ][2015-12-15 21:41:01,330][com.java.SeleniumDriver] [  821] - ------------------------------------------
[INFO ][2015-12-15 21:41:01,330][com.java.SeleniumDriver] [  822] - Test case being Executed: 3
[INFO ][2015-12-15 21:41:01,330][com.java.SeleniumDriver] [  833] - Test step:5
[INFO ][2015-12-15 21:41:01,330][com.java.SeleniumDriver] [  845] - Datavalue is----------5
[INFO ][2015-12-15 21:41:01,330][com.java.SeleniumDriver] [  869] - DataField : BTNdivHelpText
[INFO ][2015-12-15 21:41:01,330][com.java.SeleniumDriver] [  871] - DataValue : 5
[INFO ][2015-12-15 21:41:01,330][com.java.SeleniumDriver] [  877] - <In Set values of the page>
[INFO ][2015-12-15 21:41:01,330][com.java.SeleniumDriver] [  880] - {Data Fields & Data Values Exist}
[INFO ][2015-12-15 21:41:01,330][com.java.SeleniumDriver] [  882] - --------------------------setting values-----------------------------
[INFO ][2015-12-15 21:41:01,330][com.java.SeleniumDriver] [  885] - Action Type : WAITFORELEMENT
[INFO ][2015-12-15 21:41:02,511][com.java.SeleniumDriver] [  894] -  RESULT true
[INFO ][2015-12-15 21:41:02,511][com.java.SeleniumDriver] [ 1100] - ?   P A S S   ?
[INFO ][2015-12-15 21:41:02,511][com.java.SeleniumDriver] [  821] - ------------------------------------------
[INFO ][2015-12-15 21:41:02,511][com.java.SeleniumDriver] [  822] - Test case being Executed: 3
[INFO ][2015-12-15 21:41:02,511][com.java.SeleniumDriver] [  833] - Test step:6
[INFO ][2015-12-15 21:41:02,511][com.java.SeleniumDriver] [  845] - Datavalue is----------null
[DEBUG][2015-12-15 21:41:02,511][com.java.SeleniumDriver] [  863] - Exception: null
[INFO ][2015-12-15 21:41:02,511][com.java.SeleniumDriver] [  869] - DataField : BTNframeDialogContent
[INFO ][2015-12-15 21:41:02,511][com.java.SeleniumDriver] [  871] - DataValue : 
[INFO ][2015-12-15 21:41:02,511][com.java.SeleniumDriver] [  877] - <In Set values of the page>
[INFO ][2015-12-15 21:41:02,511][com.java.SeleniumDriver] [  880] - {Data Fields & Data Values Exist}
[INFO ][2015-12-15 21:41:02,511][com.java.SeleniumDriver] [  882] - --------------------------setting values-----------------------------
[INFO ][2015-12-15 21:41:02,511][com.java.SeleniumDriver] [  885] - Action Type : SELECTFRAME
[INFO ][2015-12-15 21:41:03,733][com.java.SeleniumDriver] [  894] -  RESULT true
[INFO ][2015-12-15 21:41:03,733][com.java.SeleniumDriver] [ 1100] - ?   P A S S   ?
[INFO ][2015-12-15 21:41:03,733][com.java.SeleniumDriver] [  821] - ------------------------------------------
[INFO ][2015-12-15 21:41:03,733][com.java.SeleniumDriver] [  822] - Test case being Executed: 3
[INFO ][2015-12-15 21:41:03,733][com.java.SeleniumDriver] [  833] - Test step:7
[INFO ][2015-12-15 21:41:03,733][com.java.SeleniumDriver] [  845] - Datavalue is----------//div[@class='ui-widget-content']/div/button
[INFO ][2015-12-15 21:41:03,733][com.java.SeleniumDriver] [  869] - DataField : BTN
[INFO ][2015-12-15 21:41:03,733][com.java.SeleniumDriver] [  871] - DataValue : //div[@class='ui-widget-content']/div/button
[INFO ][2015-12-15 21:41:03,733][com.java.SeleniumDriver] [  877] - <In Set values of the page>
[INFO ][2015-12-15 21:41:03,733][com.java.SeleniumDriver] [  880] - {Data Fields & Data Values Exist}
[INFO ][2015-12-15 21:41:03,733][com.java.SeleniumDriver] [  882] - --------------------------setting values-----------------------------
[INFO ][2015-12-15 21:41:03,733][com.java.SeleniumDriver] [  885] - Action Type : VERIFY
[INFO ][2015-12-15 21:41:03,733][com.java.TestType] [ 6812] - field= BTN value= //div[@class='ui-widget-content']/div/button
[INFO ][2015-12-15 21:41:03,733][com.java.TestType] [ 5513] - value = //div[@class='ui-widget-content']/div/button
[INFO ][2015-12-15 21:41:03,793][com.java.SeleniumDriver] [  894] -  RESULT true
[INFO ][2015-12-15 21:41:03,793][com.java.SeleniumDriver] [ 1100] - ?   P A S S   ?
[INFO ][2015-12-15 21:41:03,793][com.java.SeleniumDriver] [  821] - ------------------------------------------
[INFO ][2015-12-15 21:41:03,793][com.java.SeleniumDriver] [  822] - Test case being Executed: 3
[INFO ][2015-12-15 21:41:03,793][com.java.SeleniumDriver] [  833] - Test step:8
[INFO ][2015-12-15 21:41:03,793][com.java.SeleniumDriver] [  845] - Datavalue is----------3
[INFO ][2015-12-15 21:41:03,793][com.java.SeleniumDriver] [  869] - DataField : XPH//span[@class='glyphicon glyphicon-plus']
[INFO ][2015-12-15 21:41:03,793][com.java.SeleniumDriver] [  871] - DataValue : 3
[INFO ][2015-12-15 21:41:03,793][com.java.SeleniumDriver] [  877] - <In Set values of the page>
[INFO ][2015-12-15 21:41:03,793][com.java.SeleniumDriver] [  880] - {Data Fields & Data Values Exist}
[INFO ][2015-12-15 21:41:03,793][com.java.SeleniumDriver] [  882] - --------------------------setting values-----------------------------
[INFO ][2015-12-15 21:41:03,793][com.java.SeleniumDriver] [  885] - Action Type : WAITFORELEMENT
[INFO ][2015-12-15 21:41:03,813][com.java.SeleniumDriver] [  894] -  RESULT true
[INFO ][2015-12-15 21:41:03,813][com.java.SeleniumDriver] [ 1100] - ?   P A S S   ?
[INFO ][2015-12-15 21:41:03,813][com.java.SeleniumDriver] [  821] - ------------------------------------------
[INFO ][2015-12-15 21:41:03,813][com.java.SeleniumDriver] [  822] - Test case being Executed: 3
[INFO ][2015-12-15 21:41:03,813][com.java.SeleniumDriver] [  833] - Test step:9
[INFO ][2015-12-15 21:41:03,813][com.java.SeleniumDriver] [  845] - Datavalue is----------null
[DEBUG][2015-12-15 21:41:03,813][com.java.SeleniumDriver] [  863] - Exception: null
[INFO ][2015-12-15 21:41:03,813][com.java.SeleniumDriver] [  869] - DataField : XPH//span[@class='glyphicon glyphicon-plus']
[INFO ][2015-12-15 21:41:03,813][com.java.SeleniumDriver] [  871] - DataValue : 
[INFO ][2015-12-15 21:41:03,813][com.java.SeleniumDriver] [  877] - <In Set values of the page>
[INFO ][2015-12-15 21:41:03,813][com.java.SeleniumDriver] [  880] - {Data Fields & Data Values Exist}
[INFO ][2015-12-15 21:41:03,813][com.java.SeleniumDriver] [  882] - --------------------------setting values-----------------------------
[INFO ][2015-12-15 21:41:03,813][com.java.SeleniumDriver] [  885] - Action Type : CLICK
[INFO ][2015-12-15 21:41:03,813][com.java.TestType] [ 5869] - Field ::XPH//span[@class='glyphicon glyphicon-plus']
[INFO ][2015-12-15 21:41:03,813][com.java.TestType] [ 5513] - value = 
[INFO ][2015-12-15 21:41:04,813][com.java.TestType] [ 6006] - BEFORE CLICK
[INFO ][2015-12-15 21:41:05,983][com.java.TestType] [ 6014] - Unable to click the object +' Button
[INFO ][2015-12-15 21:41:05,983][com.java.SeleniumDriver] [  894] -  RESULT true
[INFO ][2015-12-15 21:41:05,983][com.java.SeleniumDriver] [ 1100] - ?   P A S S   ?
[INFO ][2015-12-15 21:41:05,983][com.java.SeleniumDriver] [  821] - ------------------------------------------
[INFO ][2015-12-15 21:41:05,983][com.java.SeleniumDriver] [  822] - Test case being Executed: 3
[INFO ][2015-12-15 21:41:05,983][com.java.SeleniumDriver] [  833] - Test step:10
[INFO ][2015-12-15 21:41:05,983][com.java.SeleniumDriver] [  845] - Datavalue is----------3
[INFO ][2015-12-15 21:41:05,983][com.java.SeleniumDriver] [  869] - DataField : XPH//span[@class='dlg_Label']
[INFO ][2015-12-15 21:41:05,983][com.java.SeleniumDriver] [  871] - DataValue : 3
[INFO ][2015-12-15 21:41:05,983][com.java.SeleniumDriver] [  877] - <In Set values of the page>
[INFO ][2015-12-15 21:41:05,983][com.java.SeleniumDriver] [  880] - {Data Fields & Data Values Exist}
[INFO ][2015-12-15 21:41:05,983][com.java.SeleniumDriver] [  882] - --------------------------setting values-----------------------------
[INFO ][2015-12-15 21:41:05,983][com.java.SeleniumDriver] [  885] - Action Type : WAITFORELEMENT
[INFO ][2015-12-15 21:41:06,024][com.java.SeleniumDriver] [  894] -  RESULT true
[INFO ][2015-12-15 21:41:06,024][com.java.SeleniumDriver] [ 1100] - ?   P A S S   ?
[INFO ][2015-12-15 21:41:06,024][com.java.SeleniumDriver] [  821] - ------------------------------------------
[INFO ][2015-12-15 21:41:06,024][com.java.SeleniumDriver] [  822] - Test case being Executed: 3
[INFO ][2015-12-15 21:41:06,024][com.java.SeleniumDriver] [  833] - Test step:11
[INFO ][2015-12-15 21:41:06,024][com.java.SeleniumDriver] [  845] - Datavalue is----------Package Name
[INFO ][2015-12-15 21:41:06,024][com.java.SeleniumDriver] [  869] - DataField : XPH//span[@class='dlg_Label']
[INFO ][2015-12-15 21:41:06,024][com.java.SeleniumDriver] [  871] - DataValue : Package Name
[INFO ][2015-12-15 21:41:06,024][com.java.SeleniumDriver] [  877] - <In Set values of the page>
[INFO ][2015-12-15 21:41:06,024][com.java.SeleniumDriver] [  880] - {Data Fields & Data Values Exist}
[INFO ][2015-12-15 21:41:06,024][com.java.SeleniumDriver] [  882] - --------------------------setting values-----------------------------
[INFO ][2015-12-15 21:41:06,024][com.java.SeleniumDriver] [  885] - Action Type : VERIFY
[INFO ][2015-12-15 21:41:06,024][com.java.TestType] [ 6812] - field= XPH//span[@class='dlg_Label'] value= Package Name
[INFO ][2015-12-15 21:41:06,024][com.java.TestType] [ 5513] - value = Package Name
[INFO ][2015-12-15 21:41:06,144][com.java.SeleniumDriver] [  894] -  RESULT true
[INFO ][2015-12-15 21:41:06,144][com.java.SeleniumDriver] [ 1100] - ?   P A S S   ?
[INFO ][2015-12-15 21:41:06,144][com.java.SeleniumDriver] [  821] - ------------------------------------------
[INFO ][2015-12-15 21:41:06,144][com.java.SeleniumDriver] [  822] - Test case being Executed: 3
[INFO ][2015-12-15 21:41:06,144][com.java.SeleniumDriver] [  833] - Test step:12
[INFO ][2015-12-15 21:41:06,144][com.java.SeleniumDriver] [  845] - Datavalue is----------3
[INFO ][2015-12-15 21:41:06,144][com.java.SeleniumDriver] [  869] - DataField : XPH//div[contains(@id,'ember')]/div//input[contains(@class, 'ember-view ember-text-')]
[INFO ][2015-12-15 21:41:06,144][com.java.SeleniumDriver] [  871] - DataValue : 3
[INFO ][2015-12-15 21:41:06,144][com.java.SeleniumDriver] [  877] - <In Set values of the page>
[INFO ][2015-12-15 21:41:06,144][com.java.SeleniumDriver] [  880] - {Data Fields & Data Values Exist}
[INFO ][2015-12-15 21:41:06,144][com.java.SeleniumDriver] [  882] - --------------------------setting values-----------------------------
[INFO ][2015-12-15 21:41:06,144][com.java.SeleniumDriver] [  885] - Action Type : WAITFORELEMENT
[INFO ][2015-12-15 21:41:06,174][com.java.SeleniumDriver] [  894] -  RESULT true
[INFO ][2015-12-15 21:41:06,174][com.java.SeleniumDriver] [ 1100] - ?   P A S S   ?
[INFO ][2015-12-15 21:41:06,174][com.java.SeleniumDriver] [  821] - ------------------------------------------
[INFO ][2015-12-15 21:41:06,174][com.java.SeleniumDriver] [  822] - Test case being Executed: 3
[INFO ][2015-12-15 21:41:06,174][com.java.SeleniumDriver] [  833] - Test step:13
[INFO ][2015-12-15 21:41:06,174][com.java.SeleniumDriver] [  845] - Datavalue is----------null
[DEBUG][2015-12-15 21:41:06,174][com.java.SeleniumDriver] [  863] - Exception: null
[INFO ][2015-12-15 21:41:06,174][com.java.SeleniumDriver] [  869] - DataField : XPH//div[contains(@id,'ember')]/div//input[contains(@class, 'ember-view ember-text-')]
[INFO ][2015-12-15 21:41:06,174][com.java.SeleniumDriver] [  871] - DataValue : 
[INFO ][2015-12-15 21:41:06,174][com.java.SeleniumDriver] [  877] - <In Set values of the page>
[INFO ][2015-12-15 21:41:06,174][com.java.SeleniumDriver] [  880] - {Data Fields & Data Values Exist}
[INFO ][2015-12-15 21:41:06,174][com.java.SeleniumDriver] [  882] - --------------------------setting values-----------------------------
[INFO ][2015-12-15 21:41:06,174][com.java.SeleniumDriver] [  885] - Action Type : CLICK
[INFO ][2015-12-15 21:41:06,174][com.java.TestType] [ 5869] - Field ::XPH//div[contains(@id,'ember')]/div//input[contains(@class, 'ember-view ember-text-')]
[INFO ][2015-12-15 21:41:06,174][com.java.TestType] [ 5513] - value = 
[INFO ][2015-12-15 21:41:07,174][com.java.TestType] [ 6006] - BEFORE CLICK
[INFO ][2015-12-15 21:41:07,874][com.java.TestType] [ 6014] - Unable to click the object PackageName Textfield
[INFO ][2015-12-15 21:41:07,874][com.java.SeleniumDriver] [  894] -  RESULT true
[INFO ][2015-12-15 21:41:07,874][com.java.SeleniumDriver] [ 1100] - ?   P A S S   ?
[INFO ][2015-12-15 21:41:07,874][com.java.SeleniumDriver] [  821] - ------------------------------------------
[INFO ][2015-12-15 21:41:07,874][com.java.SeleniumDriver] [  822] - Test case being Executed: 3
[INFO ][2015-12-15 21:41:07,874][com.java.SeleniumDriver] [  833] - Test step:14
[INFO ][2015-12-15 21:41:07,874][com.java.SeleniumDriver] [  845] - Datavalue is----------RNDVL_Test#
[INFO ][2015-12-15 21:41:07,874][com.java.SeleniumDriver] [  869] - DataField : TXT//div[contains(@id,'ember')]/div//input[contains(@class, 'ember-view ember-text-')]
[INFO ][2015-12-15 21:41:07,874][com.java.SeleniumDriver] [  871] - DataValue : RNDVL_Test#
[INFO ][2015-12-15 21:41:07,874][com.java.SeleniumDriver] [  877] - <In Set values of the page>
[INFO ][2015-12-15 21:41:07,874][com.java.SeleniumDriver] [  880] - {Data Fields & Data Values Exist}
[INFO ][2015-12-15 21:41:07,874][com.java.SeleniumDriver] [  882] - --------------------------setting values-----------------------------
[INFO ][2015-12-15 21:41:07,874][com.java.SeleniumDriver] [  885] - Action Type : CLEARANDENTER
[INFO ][2015-12-15 21:41:07,874][com.java.TestType] [ 5513] - value = VL_Test#78988
[INFO ][2015-12-15 21:41:08,815][com.java.SeleniumDriver] [  894] -  RESULT true
[INFO ][2015-12-15 21:41:08,815][com.java.SeleniumDriver] [ 1100] - ?   P A S S   ?
[INFO ][2015-12-15 21:41:08,815][com.java.SeleniumDriver] [  821] - ------------------------------------------
[INFO ][2015-12-15 21:41:08,815][com.java.SeleniumDriver] [  822] - Test case being Executed: 3
[INFO ][2015-12-15 21:41:08,815][com.java.SeleniumDriver] [  833] - Test step:15
[INFO ][2015-12-15 21:41:08,815][com.java.SeleniumDriver] [  845] - Datavalue is----------5
[INFO ][2015-12-15 21:41:08,815][com.java.SeleniumDriver] [  869] - DataField : null
[INFO ][2015-12-15 21:41:08,815][com.java.SeleniumDriver] [  871] - DataValue : 5
[INFO ][2015-12-15 21:41:08,815][com.java.SeleniumDriver] [  877] - <In Set values of the page>
[INFO ][2015-12-15 21:41:08,815][com.java.SeleniumDriver] [  880] - {Data Fields & Data Values Exist}
[INFO ][2015-12-15 21:41:08,815][com.java.SeleniumDriver] [  882] - --------------------------setting values-----------------------------
[INFO ][2015-12-15 21:41:08,815][com.java.SeleniumDriver] [  885] - Action Type : WAITTIME
[DEBUG][2015-12-15 21:41:08,815][com.java.TestType] [ 5333] - sleepTime: 5000
[INFO ][2015-12-15 21:41:13,815][com.java.SeleniumDriver] [  894] -  RESULT true
[INFO ][2015-12-15 21:41:13,815][com.java.SeleniumDriver] [ 1100] - ?   P A S S   ?
[INFO ][2015-12-15 21:41:13,815][com.java.SeleniumDriver] [  821] - ------------------------------------------
[INFO ][2015-12-15 21:41:13,815][com.java.SeleniumDriver] [  822] - Test case being Executed: 3
[INFO ][2015-12-15 21:41:13,815][com.java.SeleniumDriver] [  833] - Test step:16
[INFO ][2015-12-15 21:41:13,815][com.java.SeleniumDriver] [  845] - Datavalue is----------PackageName
[INFO ][2015-12-15 21:41:13,815][com.java.SeleniumDriver] [  869] - DataField : TXT//div[contains(@id,'ember')]/div//input[contains(@class, 'ember-view ember-text-')]
[INFO ][2015-12-15 21:41:13,815][com.java.SeleniumDriver] [  871] - DataValue : PackageName
[INFO ][2015-12-15 21:41:13,815][com.java.SeleniumDriver] [  877] - <In Set values of the page>
[INFO ][2015-12-15 21:41:13,815][com.java.SeleniumDriver] [  880] - {Data Fields & Data Values Exist}
[INFO ][2015-12-15 21:41:13,815][com.java.SeleniumDriver] [  882] - --------------------------setting values-----------------------------
[INFO ][2015-12-15 21:41:13,815][com.java.SeleniumDriver] [  885] - Action Type : STOREVALUE
[INFO ][2015-12-15 21:41:13,815][com.java.TestType] [ 7992] - field= TXT//div[contains(@id,'ember')]/div//input[contains(@class, 'ember-view ember-text-')]
[DEBUG][2015-12-15 21:41:13,886][com.java.TestType] [ 8006] - Key:: PackageName  Value:: VL_Test#78988
[INFO ][2015-12-15 21:41:13,886][com.java.SeleniumDriver] [  894] -  RESULT true
[INFO ][2015-12-15 21:41:13,886][com.java.SeleniumDriver] [ 1100] - ?   P A S S   ?
[INFO ][2015-12-15 21:41:13,886][com.java.SeleniumDriver] [  821] - ------------------------------------------
[INFO ][2015-12-15 21:41:13,886][com.java.SeleniumDriver] [  822] - Test case being Executed: 3
[INFO ][2015-12-15 21:41:13,886][com.java.SeleniumDriver] [  833] - Test step:17
[INFO ][2015-12-15 21:41:13,886][com.java.SeleniumDriver] [  845] - Datavalue is----------5
[INFO ][2015-12-15 21:41:13,886][com.java.SeleniumDriver] [  869] - DataField : XPH//span[contains(text(),'Save')]
[INFO ][2015-12-15 21:41:13,886][com.java.SeleniumDriver] [  871] - DataValue : 5
[INFO ][2015-12-15 21:41:13,886][com.java.SeleniumDriver] [  877] - <In Set values of the page>
[INFO ][2015-12-15 21:41:13,886][com.java.SeleniumDriver] [  880] - {Data Fields & Data Values Exist}
[INFO ][2015-12-15 21:41:13,886][com.java.SeleniumDriver] [  882] - --------------------------setting values-----------------------------
[INFO ][2015-12-15 21:41:13,886][com.java.SeleniumDriver] [  885] - Action Type : WAITFORELEMENT
[INFO ][2015-12-15 21:41:13,916][com.java.SeleniumDriver] [  894] -  RESULT true
[INFO ][2015-12-15 21:41:13,916][com.java.SeleniumDriver] [ 1100] - ?   P A S S   ?
[INFO ][2015-12-15 21:41:13,916][com.java.SeleniumDriver] [  821] - ------------------------------------------
[INFO ][2015-12-15 21:41:13,916][com.java.SeleniumDriver] [  822] - Test case being Executed: 3
[INFO ][2015-12-15 21:41:13,916][com.java.SeleniumDriver] [  833] - Test step:18
[INFO ][2015-12-15 21:41:13,916][com.java.SeleniumDriver] [  845] - Datavalue is----------null
[DEBUG][2015-12-15 21:41:13,916][com.java.SeleniumDriver] [  863] - Exception: null
[INFO ][2015-12-15 21:41:13,916][com.java.SeleniumDriver] [  869] - DataField : BTNselectionTest
[INFO ][2015-12-15 21:41:13,916][com.java.SeleniumDriver] [  871] - DataValue : 
[INFO ][2015-12-15 21:41:13,916][com.java.SeleniumDriver] [  877] - <In Set values of the page>
[INFO ][2015-12-15 21:41:13,916][com.java.SeleniumDriver] [  880] - {Data Fields & Data Values Exist}
[INFO ][2015-12-15 21:41:13,916][com.java.SeleniumDriver] [  882] - --------------------------setting values-----------------------------
[INFO ][2015-12-15 21:41:13,916][com.java.SeleniumDriver] [  885] - Action Type : CLICK
[INFO ][2015-12-15 21:41:13,916][com.java.TestType] [ 5869] - Field ::BTNselectionTest
[INFO ][2015-12-15 21:41:13,916][com.java.TestType] [ 5513] - value = 
[INFO ][2015-12-15 21:41:14,916][com.java.TestType] [ 5985] - BEFORE CLICK
[INFO ][2015-12-15 21:41:17,117][com.java.TestType] [ 5992] - Unable to click the object Yes radio button
[INFO ][2015-12-15 21:41:17,117][com.java.SeleniumDriver] [  894] -  RESULT true
[INFO ][2015-12-15 21:41:17,117][com.java.SeleniumDriver] [ 1100] - ?   P A S S   ?
[INFO ][2015-12-15 21:41:17,117][com.java.SeleniumDriver] [  821] - ------------------------------------------
[INFO ][2015-12-15 21:41:17,117][com.java.SeleniumDriver] [  822] - Test case being Executed: 3
[INFO ][2015-12-15 21:41:17,117][com.java.SeleniumDriver] [  833] - Test step:19
[INFO ][2015-12-15 21:41:17,117][com.java.SeleniumDriver] [  845] - Datavalue is----------5
[INFO ][2015-12-15 21:41:17,117][com.java.SeleniumDriver] [  869] - DataField : XPH//span[contains(text(),'Save')]
[INFO ][2015-12-15 21:41:17,117][com.java.SeleniumDriver] [  871] - DataValue : 5
[INFO ][2015-12-15 21:41:17,117][com.java.SeleniumDriver] [  877] - <In Set values of the page>
[INFO ][2015-12-15 21:41:17,117][com.java.SeleniumDriver] [  880] - {Data Fields & Data Values Exist}
[INFO ][2015-12-15 21:41:17,117][com.java.SeleniumDriver] [  882] - --------------------------setting values-----------------------------
[INFO ][2015-12-15 21:41:17,117][com.java.SeleniumDriver] [  885] - Action Type : WAITFORELEMENT
[INFO ][2015-12-15 21:41:17,137][com.java.SeleniumDriver] [  894] -  RESULT true
[INFO ][2015-12-15 21:41:17,137][com.java.SeleniumDriver] [ 1100] - ?   P A S S   ?
[INFO ][2015-12-15 21:41:17,137][com.java.SeleniumDriver] [  821] - ------------------------------------------
[INFO ][2015-12-15 21:41:17,137][com.java.SeleniumDriver] [  822] - Test case being Executed: 3
[INFO ][2015-12-15 21:41:17,137][com.java.SeleniumDriver] [  833] - Test step:20
[INFO ][2015-12-15 21:41:17,137][com.java.SeleniumDriver] [  845] - Datavalue is----------null
[DEBUG][2015-12-15 21:41:17,137][com.java.SeleniumDriver] [  863] - Exception: null
[INFO ][2015-12-15 21:41:17,137][com.java.SeleniumDriver] [  869] - DataField : XPH//span[contains(text(),'Save')]
[INFO ][2015-12-15 21:41:17,137][com.java.SeleniumDriver] [  871] - DataValue : 
[INFO ][2015-12-15 21:41:17,137][com.java.SeleniumDriver] [  877] - <In Set values of the page>
[INFO ][2015-12-15 21:41:17,137][com.java.SeleniumDriver] [  880] - {Data Fields & Data Values Exist}
[INFO ][2015-12-15 21:41:17,137][com.java.SeleniumDriver] [  882] - --------------------------setting values-----------------------------
[INFO ][2015-12-15 21:41:17,137][com.java.SeleniumDriver] [  885] - Action Type : CLICK
[INFO ][2015-12-15 21:41:17,137][com.java.TestType] [ 5869] - Field ::XPH//span[contains(text(),'Save')]
[INFO ][2015-12-15 21:41:17,137][com.java.TestType] [ 5513] - value = 
[INFO ][2015-12-15 21:41:18,137][com.java.TestType] [ 6006] - BEFORE CLICK
[INFO ][2015-12-15 21:41:18,887][com.java.TestType] [ 6014] - Unable to click the object Save Button
[INFO ][2015-12-15 21:41:18,887][com.java.SeleniumDriver] [  894] -  RESULT true
[INFO ][2015-12-15 21:41:18,887][com.java.SeleniumDriver] [ 1100] - ?   P A S S   ?
[INFO ][2015-12-15 21:41:18,887][com.java.SeleniumDriver] [  821] - ------------------------------------------
[INFO ][2015-12-15 21:41:18,887][com.java.SeleniumDriver] [  822] - Test case being Executed: 3
[INFO ][2015-12-15 21:41:18,887][com.java.SeleniumDriver] [  833] - Test step:21
[INFO ][2015-12-15 21:41:18,887][com.java.SeleniumDriver] [  845] - Datavalue is----------3
[INFO ][2015-12-15 21:41:18,887][com.java.SeleniumDriver] [  869] - DataField : XPH//span[@class='dlg_Label']
[INFO ][2015-12-15 21:41:18,887][com.java.SeleniumDriver] [  871] - DataValue : 3
[INFO ][2015-12-15 21:41:18,887][com.java.SeleniumDriver] [  877] - <In Set values of the page>
[INFO ][2015-12-15 21:41:18,887][com.java.SeleniumDriver] [  880] - {Data Fields & Data Values Exist}
[INFO ][2015-12-15 21:41:18,887][com.java.SeleniumDriver] [  882] - --------------------------setting values-----------------------------
[INFO ][2015-12-15 21:41:18,887][com.java.SeleniumDriver] [  885] - Action Type : WAITFORELEMENT
[INFO ][2015-12-15 21:41:18,908][com.java.SeleniumDriver] [  894] -  RESULT true
[INFO ][2015-12-15 21:41:18,908][com.java.SeleniumDriver] [ 1100] - ?   P A S S   ?
[INFO ][2015-12-15 21:41:18,908][com.java.SeleniumDriver] [  821] - ------------------------------------------
[INFO ][2015-12-15 21:41:18,908][com.java.SeleniumDriver] [  822] - Test case being Executed: 3
[INFO ][2015-12-15 21:41:18,908][com.java.SeleniumDriver] [  833] - Test step:22
[INFO ][2015-12-15 21:41:18,908][com.java.SeleniumDriver] [  845] - Datavalue is----------Current Package
[INFO ][2015-12-15 21:41:18,908][com.java.SeleniumDriver] [  869] - DataField : XPH//span[@class='dlg_Label']
[INFO ][2015-12-15 21:41:18,908][com.java.SeleniumDriver] [  871] - DataValue : Current Package
[INFO ][2015-12-15 21:41:18,908][com.java.SeleniumDriver] [  877] - <In Set values of the page>
[INFO ][2015-12-15 21:41:18,908][com.java.SeleniumDriver] [  880] - {Data Fields & Data Values Exist}
[INFO ][2015-12-15 21:41:18,908][com.java.SeleniumDriver] [  882] - --------------------------setting values-----------------------------
[INFO ][2015-12-15 21:41:18,908][com.java.SeleniumDriver] [  885] - Action Type : VERIFY
[INFO ][2015-12-15 21:41:18,908][com.java.TestType] [ 6812] - field= XPH//span[@class='dlg_Label'] value= Current Package
[INFO ][2015-12-15 21:41:18,908][com.java.TestType] [ 5513] - value = Current Package
[ERROR][2015-12-15 21:41:19,050][com.java.TestType] [ 7300] - Element  not found :Current Package
[INFO ][2015-12-15 21:41:19,050][com.java.SeleniumDriver] [  894] -  RESULT false
[INFO ][2015-12-15 21:41:19,050][com.java.SeleniumDriver] [  941] - ?   F A I L   ?
[INFO ][2015-12-15 21:41:19,050][com.java.SeleniumDriver] [  949] - Browser Type : IE10
[INFO ][2015-12-15 21:41:19,050][com.java.SeleniumDriver] [  950] - Adding Failed case3
[INFO ][2015-12-15 21:41:19,820][com.java.SeleniumDriver] [ 1064] - failedCases = 3
[ERROR][2015-12-15 21:41:19,820][com.java.SeleniumDriver] [ 1561] - Platform Errors : Our apologies...::We have encountered an issue with your request.::Our apologies?:We encountered an issue with your request.
[INFO ][2015-12-15 21:41:19,820][com.java.SeleniumDriver] [ 1565] - Length =3
[ERROR][2015-12-15 21:41:19,820][com.java.SeleniumDriver] [ 1568] - Error 0 = Our apologies...
[ERROR][2015-12-15 21:41:19,900][com.java.SeleniumDriver] [ 1568] - Error 1 = We have encountered an issue with your request.
[ERROR][2015-12-15 21:41:19,901][com.java.SeleniumDriver] [ 1568] - Error 2 = Our apologies?:We encountered an issue with your request.
[INFO ][2015-12-15 21:41:19,921][com.java.SeleniumDriver] [ 1579] - strError:
[DEBUG][2015-12-15 21:41:19,931][com.java.SeleniumDriver] [ 1212] - Case found
[DEBUG][2015-12-15 21:41:19,931][com.java.SeleniumDriver] [ 1217] - Incrementing ReportCounters[0]:2
[INFO ][2015-12-15 21:41:19,931][com.java.SeleniumDriver] [ 1236] - The results are-------------------[3, 22, Report Packages: Add Board Report Package, Fail, 
Test case failed at Step No. :: 22   Error Message ::  Element not found:Current Package. Screen Shot : D:\BankersDashboard\TestReports\121515\3_121515_214119_IE10.png, Tue Dec 15 21:41:19 IST 2015]
[INFO ][2015-12-15 21:41:19,931][com.java.SeleniumDriver] [ 1240] - End time is-------1 min 38 sec
[INFO ][2015-12-15 21:41:19,931][com.java.SeleniumDriver] [ 1241] - The results are-------------------[3, 22, Report Packages: Add Board Report Package, Fail, 
Test case failed at Step No. :: 22   Error Message ::  Element not found:Current Package. Screen Shot : D:\BankersDashboard\TestReports\121515\3_121515_214119_IE10.png, Tue Dec 15 21:41:19 IST 2015]
[DEBUG][2015-12-15 21:41:19,931][com.java.ImportnExport.ExportTestResultsExcel] [  222] - testResultPath = D:\BankersDashboard/TestReports/Test Results_BankersDashBoard_121515_213943_IE10_Any Bank USA.xls
[DEBUG][2015-12-15 21:41:19,931][com.java.ImportnExport.ExportTestResultsExcel] [  223] - browser is------------IE10
[DEBUG][2015-12-15 21:41:19,931][com.java.ImportnExport.ExportTestResultsExcel] [  270] - result.size() = 6
[DEBUG][2015-12-15 21:41:19,931][com.java.ImportnExport.ExportTestResultsExcel] [  274] - No of rows in sheet=2
[DEBUG][2015-12-15 21:41:19,931][com.java.ImportnExport.ExportTestResultsExcel] [  301] - ..in export..3
[DEBUG][2015-12-15 21:41:19,931][com.java.ImportnExport.ExportTestResultsExcel] [  301] - ..in export..Report Packages: Add Board Report Package
[DEBUG][2015-12-15 21:41:19,931][com.java.ImportnExport.ExportTestResultsExcel] [  301] - ..in export..Fail
[DEBUG][2015-12-15 21:41:19,931][com.java.ImportnExport.ExportTestResultsExcel] [  301] - ..in export..
Test case failed at Step No. :: 22   Error Message ::  Element not found:Current Package. Screen Shot : D:\BankersDashboard\TestReports\121515\3_121515_214119_IE10.png
[DEBUG][2015-12-15 21:41:19,931][com.java.ImportnExport.ExportTestResultsExcel] [  301] - ..in export..Tue Dec 15 21:41:19 IST 2015
[INFO ][2015-12-15 21:41:19,931][com.java.SeleniumDriver] [ 1299] - out loop:1 size:2 TestCases:[1, 3] testcases:[1, 3]
[INFO ][2015-12-15 21:41:21,934][com.java.SeleniumDriver] [ 1342] - Total Number of Cases:2
[INFO ][2015-12-15 21:41:21,934][com.java.TemplateGenerator] [  302] - Executed:2
[INFO ][2015-12-15 21:41:21,934][com.java.TemplateGenerator] [  303] - Passed:1
[INFO ][2015-12-15 21:41:21,934][com.java.TemplateGenerator] [  304] - Failed:1
[INFO ][2015-12-15 21:41:21,934][com.java.TemplateGenerator] [  305] - Skipeed:0
[INFO ][2015-12-15 21:41:21,934][com.java.TemplateGenerator] [  306] - Application URL:https://clients-xuat.bankersdashboard.com
[INFO ][2015-12-15 21:41:21,934][com.java.TemplateGenerator] [  307] - Start Time:121515_213943
[INFO ][2015-12-15 21:41:21,934][com.java.TemplateGenerator] [  308] -  Creating HTML Report 
[ERROR][2015-12-15 21:41:21,934][com.java.TemplateGenerator] [  409] - Unparseable date: "Tue Dec 15 09:39:43 IST 2015"
[INFO ][2015-12-15 21:41:21,934][com.java.TemplateGenerator] [  654] -  Exporting case :: 1
[INFO ][2015-12-15 21:41:21,934][com.java.TemplateGenerator] [  654] -  Exporting case :: 3
[INFO ][2015-12-15 21:41:21,934][com.java.SeleniumDriver] [ 1391] - End Time:121515_214121
[INFO ][2015-12-15 21:41:21,934][com.java.SeleniumDriver] [ 1394] - Data in Test Execution Details:{1=PASS, 3=FAILTest case failed at Step No. :: 22   Error Message ::  Element not found:Current Package}
[INFO ][2015-12-15 21:41:21,934][com.java.SeleniumDriver] [ 1395] - Data in Failed Execution Deatils:{}
[INFO ][2015-12-15 21:41:21,934][com.java.SeleniumDriver] [ 1397] - ReportCounter:Total:2 :: PASS: 1 ::FAIL: 1
[INFO ][2015-12-15 21:41:21,934][com.java.SeleniumDriver] [ 1398] - FailedReportCounter:Total:0 :: PASS: 0 ::FAIL: 0
[INFO ][2015-12-15 21:41:21,935][com.java.EmailTestReport] [   63] - Sending report mail details:
[INFO ][2015-12-15 21:41:21,935][com.java.EmailTestReport] [   80] - Excel Report Path:D:\BankersDashboard/TestReports/Test Results_BankersDashBoard_121515_213943_IE10_Any Bank USA.xls
[INFO ][2015-12-15 21:41:21,935][com.java.EmailTestReport] [   81] - HTML Report Path:D:\BankersDashboard//TestReports//Test Results_BankersDashBoard_121515_213943_IE10_Any Bank USA.html
[INFO ][2015-12-15 21:41:21,935][com.java.EmailTestReport] [   82] - smtpHostName:mail01.valuelabs.com
[INFO ][2015-12-15 21:41:21,935][com.java.EmailTestReport] [   83] - Recipient:venkateswararao.gubbala@valuelabs.com;
[INFO ][2015-12-15 21:41:21,935][com.java.EmailTestReport] [   84] - From:venkateswararao.gubbala@valuelabs.com;
[INFO ][2015-12-15 21:41:21,935][com.java.EmailTestReport] [   85] - Subject:Deluxe Corp Bankers Dashboard Automation Test Report - Any Bank USA - IE10
[INFO ][2015-12-15 21:41:21,955][com.java.EmailTestReport] [  143] -  Added venkateswararao.gubbala@valuelabs.com
[INFO ][2015-12-15 21:41:25,067][com.java.SeleniumDriver] [  720] - quitting the browser 
[INFO ][2015-12-15 21:41:26,759][com.java.SeleniumDriver] [  264] - Execution Completed Stopping the thread
