[INFO ][2015-12-16 16:24:50,928][com.java.SeleniumDriver] [  213] - Execute Failed Casesfalse
[INFO ][2015-12-16 16:24:50,928][com.java.SeleniumDriver] [  214] - Browser: IE10
[INFO ][2015-12-16 16:24:50,928][com.java.SeleniumDriver] [  215] - [1, 2]
[INFO ][2015-12-16 16:24:50,928][com.java.SeleniumDriver] [  216] - Total TestCases:2
[INFO ][2015-12-16 16:24:50,928][com.java.SeleniumDriver] [  217] -  Reading Properties from Property File 
[DEBUG][2015-12-16 16:24:50,929][com.java.SeleniumDriver] [  238] - url : https://clients-xuat.bankersdashboard.com
[INFO ][2015-12-16 16:24:50,930][com.java.ImportnExport.ExportTestResultsExcel] [  116] - Time Stamp Wed Dec 16 04:24:50 IST 2015
[INFO ][2015-12-16 16:24:50,930][com.java.ImportnExport.ExportTestResultsExcel] [  175] - OUT FILE : D:\BankersDashboard/TestReports/Test Results_BankersDashBoard_121615_162450_IE10_Any Bank USA.xls
[INFO ][2015-12-16 16:24:50,960][com.java.ImportnExport.ExportTestResultsExcel] [  180] - Test Result file is created
[DEBUG][2015-12-16 16:24:51,064][com.java.SeleniumDriver] [  426] - Hub ip address is-------172.17.68.34
[INFO ][2015-12-16 16:24:51,065][com.java.SeleniumDriver] [  452] - Grid URL:http://172.17.68.34:4444/wd/hub
[INFO ][2015-12-16 16:24:51,066][com.java.SeleniumDriver] [  453] - Capability:Capabilities [{platform=ANY, ensureCleanSession=true, ignoreProtectedModeSettings=true, acceptSslCerts=true, ignoreZoomSetting=true, browserName=internet explorer, browserstack.ie.noFlash=true, version=null}]
[ERROR][2015-12-16 16:24:52,377][com.java.SeleniumDriver] [  497] - Unable invoke browser in grid:Could not start a new session. Possible causes are invalid address of the remote server or browser start-up failure.
Build info: version: '2.48.2', revision: '41bccdd', time: '2015-10-09 19:59:12'
System info: host: 'FVTIII438F1D', ip: '172.17.68.34', os.name: 'Windows 7', os.arch: 'x86', os.version: '6.1', java.version: '1.7.0_55'
Driver info: driver.version: SeleniumDriver
[INFO ][2015-12-16 16:24:52,377][com.java.SeleniumDriver] [  499] - Executing on local machine
[INFO ][2015-12-16 16:25:02,596][com.java.SeleniumDriver] [  248] - IE10is opened
[INFO ][2015-12-16 16:25:03,472][com.java.SeleniumDriver] [  754] - Test cases to be executed are: [1, 2]
[INFO ][2015-12-16 16:25:03,492][com.java.ImportnExport.ImportTestDataDetailsExcel] [   49] - test data details path===== D:\BankersDashboard\TestInputs\TestData.xls
[INFO ][2015-12-16 16:25:03,564][com.java.SeleniumDriver] [  821] - ------------------------------------------
[INFO ][2015-12-16 16:25:03,565][com.java.SeleniumDriver] [  822] - Test case being Executed: 1
[INFO ][2015-12-16 16:25:03,565][com.java.SeleniumDriver] [  833] - Test step:1
[INFO ][2015-12-16 16:25:03,565][com.java.SeleniumDriver] [  845] - Datavalue is----------Concept#1:1-16
[INFO ][2015-12-16 16:25:03,565][com.java.SeleniumDriver] [  869] - DataField : test
[INFO ][2015-12-16 16:25:03,565][com.java.SeleniumDriver] [  871] - DataValue : Concept#1:1-16
[INFO ][2015-12-16 16:25:03,565][com.java.SeleniumDriver] [  877] - <In Set values of the page>
[INFO ][2015-12-16 16:25:03,565][com.java.SeleniumDriver] [  880] - {Data Fields & Data Values Exist}
[INFO ][2015-12-16 16:25:03,565][com.java.SeleniumDriver] [  882] - --------------------------setting values-----------------------------
[INFO ][2015-12-16 16:25:03,565][com.java.SeleniumDriver] [  885] - Action Type : ExecuteTestCase
[INFO ][2015-12-16 16:25:03,583][com.java.TestType] [  437] - The Concept sheet name is ---------- Concept
[INFO ][2015-12-16 16:25:03,583][com.java.TestType] [  440] - The Concept ID  is ---------- 1
[DEBUG][2015-12-16 16:25:03,583][com.java.TestType] [  444] - Steps being executted in the Concept are: 1:16
[INFO ][2015-12-16 16:25:03,583][com.java.TestType] [  451] - Test data details path ---------- D:\BankersDashboard\TestInputs\TestData.xls
[INFO ][2015-12-16 16:25:03,615][com.java.TestType] [  482] -  str(1) = 1
[INFO ][2015-12-16 16:25:03,615][com.java.TestType] [  485] - Test case Id is---1
[INFO ][2015-12-16 16:25:03,615][com.java.TestType] [  487] - 1
[INFO ][2015-12-16 16:25:03,616][com.java.TestType] [  482] -  str(2) = 1
[INFO ][2015-12-16 16:25:03,620][com.java.TestType] [  534] - row values are--------{1=com.java.Objects.TestDataDetails@36eb66}
[INFO ][2015-12-16 16:25:03,620][com.java.TestType] [  482] -  str(1) = 1
[INFO ][2015-12-16 16:25:03,620][com.java.TestType] [  485] - Test case Id is---1
[INFO ][2015-12-16 16:25:03,620][com.java.TestType] [  487] - 1
[INFO ][2015-12-16 16:25:03,620][com.java.TestType] [  482] -  str(2) = 2
[INFO ][2015-12-16 16:25:03,622][com.java.TestType] [  534] - row values are--------{1=com.java.Objects.TestDataDetails@36eb66, 2=com.java.Objects.TestDataDetails@bf7795}
[INFO ][2015-12-16 16:25:03,622][com.java.TestType] [  482] -  str(1) = 1
[INFO ][2015-12-16 16:25:03,622][com.java.TestType] [  485] - Test case Id is---1
[INFO ][2015-12-16 16:25:03,622][com.java.TestType] [  487] - 1
[INFO ][2015-12-16 16:25:03,622][com.java.TestType] [  482] -  str(2) = 3
[INFO ][2015-12-16 16:25:03,624][com.java.TestType] [  534] - row values are--------{1=com.java.Objects.TestDataDetails@36eb66, 2=com.java.Objects.TestDataDetails@bf7795, 3=com.java.Objects.TestDataDetails@e51f1d}
[INFO ][2015-12-16 16:25:03,624][com.java.TestType] [  482] -  str(1) = 1
[INFO ][2015-12-16 16:25:03,624][com.java.TestType] [  485] - Test case Id is---1
[INFO ][2015-12-16 16:25:03,624][com.java.TestType] [  487] - 1
[INFO ][2015-12-16 16:25:03,624][com.java.TestType] [  482] -  str(2) = 4
[INFO ][2015-12-16 16:25:03,625][com.java.TestType] [  534] - row values are--------{1=com.java.Objects.TestDataDetails@36eb66, 2=com.java.Objects.TestDataDetails@bf7795, 3=com.java.Objects.TestDataDetails@e51f1d, 4=com.java.Objects.TestDataDetails@357d6c}
[INFO ][2015-12-16 16:25:03,625][com.java.TestType] [  482] -  str(1) = 1
[INFO ][2015-12-16 16:25:03,626][com.java.TestType] [  485] - Test case Id is---1
[INFO ][2015-12-16 16:25:03,626][com.java.TestType] [  487] - 1
[INFO ][2015-12-16 16:25:03,626][com.java.TestType] [  482] -  str(2) = 5
[INFO ][2015-12-16 16:25:03,627][com.java.TestType] [  534] - row values are--------{1=com.java.Objects.TestDataDetails@36eb66, 2=com.java.Objects.TestDataDetails@bf7795, 3=com.java.Objects.TestDataDetails@e51f1d, 4=com.java.Objects.TestDataDetails@357d6c, 5=com.java.Objects.TestDataDetails@1d23f53}
[INFO ][2015-12-16 16:25:03,627][com.java.TestType] [  482] -  str(1) = 1
[INFO ][2015-12-16 16:25:03,629][com.java.TestType] [  485] - Test case Id is---1
[INFO ][2015-12-16 16:25:03,629][com.java.TestType] [  487] - 1
[INFO ][2015-12-16 16:25:03,629][com.java.TestType] [  482] -  str(2) = 6
[INFO ][2015-12-16 16:25:03,630][com.java.TestType] [  534] - row values are--------{1=com.java.Objects.TestDataDetails@36eb66, 2=com.java.Objects.TestDataDetails@bf7795, 3=com.java.Objects.TestDataDetails@e51f1d, 4=com.java.Objects.TestDataDetails@357d6c, 5=com.java.Objects.TestDataDetails@1d23f53, 6=com.java.Objects.TestDataDetails@115f6c1}
[INFO ][2015-12-16 16:25:03,630][com.java.TestType] [  482] -  str(1) = 1
[INFO ][2015-12-16 16:25:03,630][com.java.TestType] [  485] - Test case Id is---1
[INFO ][2015-12-16 16:25:03,630][com.java.TestType] [  487] - 1
[INFO ][2015-12-16 16:25:03,631][com.java.TestType] [  482] -  str(2) = 7
[INFO ][2015-12-16 16:25:03,631][com.java.TestType] [  534] - row values are--------{1=com.java.Objects.TestDataDetails@36eb66, 2=com.java.Objects.TestDataDetails@bf7795, 3=com.java.Objects.TestDataDetails@e51f1d, 4=com.java.Objects.TestDataDetails@357d6c, 5=com.java.Objects.TestDataDetails@1d23f53, 6=com.java.Objects.TestDataDetails@115f6c1, 7=com.java.Objects.TestDataDetails@3c86bc}
[INFO ][2015-12-16 16:25:03,631][com.java.TestType] [  482] -  str(1) = 1
[INFO ][2015-12-16 16:25:03,631][com.java.TestType] [  485] - Test case Id is---1
[INFO ][2015-12-16 16:25:03,632][com.java.TestType] [  487] - 1
[INFO ][2015-12-16 16:25:03,632][com.java.TestType] [  482] -  str(2) = 8
[INFO ][2015-12-16 16:25:03,633][com.java.TestType] [  534] - row values are--------{1=com.java.Objects.TestDataDetails@36eb66, 2=com.java.Objects.TestDataDetails@bf7795, 3=com.java.Objects.TestDataDetails@e51f1d, 4=com.java.Objects.TestDataDetails@357d6c, 5=com.java.Objects.TestDataDetails@1d23f53, 6=com.java.Objects.TestDataDetails@115f6c1, 7=com.java.Objects.TestDataDetails@3c86bc, 8=com.java.Objects.TestDataDetails@15e3fd1}
[INFO ][2015-12-16 16:25:03,633][com.java.TestType] [  482] -  str(1) = 1
[INFO ][2015-12-16 16:25:03,633][com.java.TestType] [  485] - Test case Id is---1
[INFO ][2015-12-16 16:25:03,633][com.java.TestType] [  487] - 1
[INFO ][2015-12-16 16:25:03,633][com.java.TestType] [  482] -  str(2) = 9
[INFO ][2015-12-16 16:25:03,634][com.java.TestType] [  534] - row values are--------{1=com.java.Objects.TestDataDetails@36eb66, 2=com.java.Objects.TestDataDetails@bf7795, 3=com.java.Objects.TestDataDetails@e51f1d, 4=com.java.Objects.TestDataDetails@357d6c, 5=com.java.Objects.TestDataDetails@1d23f53, 6=com.java.Objects.TestDataDetails@115f6c1, 7=com.java.Objects.TestDataDetails@3c86bc, 8=com.java.Objects.TestDataDetails@15e3fd1, 9=com.java.Objects.TestDataDetails@2e3cb1}
[INFO ][2015-12-16 16:25:03,634][com.java.TestType] [  482] -  str(1) = 1
[INFO ][2015-12-16 16:25:03,634][com.java.TestType] [  485] - Test case Id is---1
[INFO ][2015-12-16 16:25:03,634][com.java.TestType] [  487] - 1
[INFO ][2015-12-16 16:25:03,634][com.java.TestType] [  482] -  str(2) = 10
[INFO ][2015-12-16 16:25:03,635][com.java.TestType] [  534] - row values are--------{1=com.java.Objects.TestDataDetails@36eb66, 2=com.java.Objects.TestDataDetails@bf7795, 3=com.java.Objects.TestDataDetails@e51f1d, 4=com.java.Objects.TestDataDetails@357d6c, 5=com.java.Objects.TestDataDetails@1d23f53, 6=com.java.Objects.TestDataDetails@115f6c1, 7=com.java.Objects.TestDataDetails@3c86bc, 8=com.java.Objects.TestDataDetails@15e3fd1, 9=com.java.Objects.TestDataDetails@2e3cb1, 10=com.java.Objects.TestDataDetails@1d12855}
[INFO ][2015-12-16 16:25:03,635][com.java.TestType] [  482] -  str(1) = 1
[INFO ][2015-12-16 16:25:03,635][com.java.TestType] [  485] - Test case Id is---1
[INFO ][2015-12-16 16:25:03,636][com.java.TestType] [  487] - 1
[INFO ][2015-12-16 16:25:03,636][com.java.TestType] [  482] -  str(2) = 11
[INFO ][2015-12-16 16:25:03,636][com.java.TestType] [  534] - row values are--------{1=com.java.Objects.TestDataDetails@36eb66, 2=com.java.Objects.TestDataDetails@bf7795, 3=com.java.Objects.TestDataDetails@e51f1d, 4=com.java.Objects.TestDataDetails@357d6c, 5=com.java.Objects.TestDataDetails@1d23f53, 6=com.java.Objects.TestDataDetails@115f6c1, 7=com.java.Objects.TestDataDetails@3c86bc, 8=com.java.Objects.TestDataDetails@15e3fd1, 9=com.java.Objects.TestDataDetails@2e3cb1, 10=com.java.Objects.TestDataDetails@1d12855, 11=com.java.Objects.TestDataDetails@1741064}
[INFO ][2015-12-16 16:25:03,637][com.java.TestType] [  482] -  str(1) = 1
[INFO ][2015-12-16 16:25:03,637][com.java.TestType] [  485] - Test case Id is---1
[INFO ][2015-12-16 16:25:03,637][com.java.TestType] [  487] - 1
[INFO ][2015-12-16 16:25:03,637][com.java.TestType] [  482] -  str(2) = 12
[INFO ][2015-12-16 16:25:03,638][com.java.TestType] [  534] - row values are--------{1=com.java.Objects.TestDataDetails@36eb66, 2=com.java.Objects.TestDataDetails@bf7795, 3=com.java.Objects.TestDataDetails@e51f1d, 4=com.java.Objects.TestDataDetails@357d6c, 5=com.java.Objects.TestDataDetails@1d23f53, 6=com.java.Objects.TestDataDetails@115f6c1, 7=com.java.Objects.TestDataDetails@3c86bc, 8=com.java.Objects.TestDataDetails@15e3fd1, 9=com.java.Objects.TestDataDetails@2e3cb1, 10=com.java.Objects.TestDataDetails@1d12855, 11=com.java.Objects.TestDataDetails@1741064, 12=com.java.Objects.TestDataDetails@97ecfb}
[INFO ][2015-12-16 16:25:03,639][com.java.TestType] [  482] -  str(1) = 1
[INFO ][2015-12-16 16:25:03,639][com.java.TestType] [  485] - Test case Id is---1
[INFO ][2015-12-16 16:25:03,639][com.java.TestType] [  487] - 1
[INFO ][2015-12-16 16:25:03,639][com.java.TestType] [  482] -  str(2) = 13
[INFO ][2015-12-16 16:25:03,639][com.java.TestType] [  534] - row values are--------{1=com.java.Objects.TestDataDetails@36eb66, 2=com.java.Objects.TestDataDetails@bf7795, 3=com.java.Objects.TestDataDetails@e51f1d, 4=com.java.Objects.TestDataDetails@357d6c, 5=com.java.Objects.TestDataDetails@1d23f53, 6=com.java.Objects.TestDataDetails@115f6c1, 7=com.java.Objects.TestDataDetails@3c86bc, 8=com.java.Objects.TestDataDetails@15e3fd1, 9=com.java.Objects.TestDataDetails@2e3cb1, 10=com.java.Objects.TestDataDetails@1d12855, 11=com.java.Objects.TestDataDetails@1741064, 12=com.java.Objects.TestDataDetails@97ecfb, 13=com.java.Objects.TestDataDetails@36f7e6}
[INFO ][2015-12-16 16:25:03,640][com.java.TestType] [  482] -  str(1) = 1
[INFO ][2015-12-16 16:25:03,640][com.java.TestType] [  485] - Test case Id is---1
[INFO ][2015-12-16 16:25:03,640][com.java.TestType] [  487] - 1
[INFO ][2015-12-16 16:25:03,640][com.java.TestType] [  482] -  str(2) = 14
[INFO ][2015-12-16 16:25:03,640][com.java.TestType] [  534] - row values are--------{1=com.java.Objects.TestDataDetails@36eb66, 2=com.java.Objects.TestDataDetails@bf7795, 3=com.java.Objects.TestDataDetails@e51f1d, 4=com.java.Objects.TestDataDetails@357d6c, 5=com.java.Objects.TestDataDetails@1d23f53, 6=com.java.Objects.TestDataDetails@115f6c1, 7=com.java.Objects.TestDataDetails@3c86bc, 8=com.java.Objects.TestDataDetails@15e3fd1, 9=com.java.Objects.TestDataDetails@2e3cb1, 10=com.java.Objects.TestDataDetails@1d12855, 11=com.java.Objects.TestDataDetails@1741064, 12=com.java.Objects.TestDataDetails@97ecfb, 13=com.java.Objects.TestDataDetails@36f7e6, 14=com.java.Objects.TestDataDetails@9ec769}
[INFO ][2015-12-16 16:25:03,641][com.java.TestType] [  482] -  str(1) = 1
[INFO ][2015-12-16 16:25:03,641][com.java.TestType] [  485] - Test case Id is---1
[INFO ][2015-12-16 16:25:03,641][com.java.TestType] [  487] - 1
[INFO ][2015-12-16 16:25:03,641][com.java.TestType] [  482] -  str(2) = 15
[INFO ][2015-12-16 16:25:03,641][com.java.TestType] [  534] - row values are--------{1=com.java.Objects.TestDataDetails@36eb66, 2=com.java.Objects.TestDataDetails@bf7795, 3=com.java.Objects.TestDataDetails@e51f1d, 4=com.java.Objects.TestDataDetails@357d6c, 5=com.java.Objects.TestDataDetails@1d23f53, 6=com.java.Objects.TestDataDetails@115f6c1, 7=com.java.Objects.TestDataDetails@3c86bc, 8=com.java.Objects.TestDataDetails@15e3fd1, 9=com.java.Objects.TestDataDetails@2e3cb1, 10=com.java.Objects.TestDataDetails@1d12855, 11=com.java.Objects.TestDataDetails@1741064, 12=com.java.Objects.TestDataDetails@97ecfb, 13=com.java.Objects.TestDataDetails@36f7e6, 14=com.java.Objects.TestDataDetails@9ec769, 15=com.java.Objects.TestDataDetails@10900d2}
[INFO ][2015-12-16 16:25:03,642][com.java.TestType] [  482] -  str(1) = 1
[INFO ][2015-12-16 16:25:03,642][com.java.TestType] [  485] - Test case Id is---1
[INFO ][2015-12-16 16:25:03,642][com.java.TestType] [  487] - 1
[INFO ][2015-12-16 16:25:03,642][com.java.TestType] [  482] -  str(2) = 16
[INFO ][2015-12-16 16:25:03,643][com.java.TestType] [  534] - row values are--------{1=com.java.Objects.TestDataDetails@36eb66, 2=com.java.Objects.TestDataDetails@bf7795, 3=com.java.Objects.TestDataDetails@e51f1d, 4=com.java.Objects.TestDataDetails@357d6c, 5=com.java.Objects.TestDataDetails@1d23f53, 6=com.java.Objects.TestDataDetails@115f6c1, 7=com.java.Objects.TestDataDetails@3c86bc, 8=com.java.Objects.TestDataDetails@15e3fd1, 9=com.java.Objects.TestDataDetails@2e3cb1, 10=com.java.Objects.TestDataDetails@1d12855, 11=com.java.Objects.TestDataDetails@1741064, 12=com.java.Objects.TestDataDetails@97ecfb, 13=com.java.Objects.TestDataDetails@36f7e6, 14=com.java.Objects.TestDataDetails@9ec769, 15=com.java.Objects.TestDataDetails@10900d2, 16=com.java.Objects.TestDataDetails@1768719}
[INFO ][2015-12-16 16:25:03,643][com.java.TestType] [10179] - Looping 1TCID = 1
[DEBUG][2015-12-16 16:25:03,643][com.java.TestType] [10220] - Concept ID:1 :: Step being Executed: 1::1
[INFO ][2015-12-16 16:25:03,643][com.java.TestType] [10258] - dataFields : TXTusername
[DEBUG][2015-12-16 16:25:03,643][com.java.TestType] [10264] - <In Set values of the page>
[DEBUG][2015-12-16 16:25:03,643][com.java.TestType] [10269] - {Data Fields & Data Values Exist}
[INFO ][2015-12-16 16:25:03,643][com.java.TestType] [10275] - --------------------------setting values-----------------------------
[INFO ][2015-12-16 16:25:03,643][com.java.TestType] [10278] - Action Type : CLEARANDENTER
[INFO ][2015-12-16 16:25:03,643][com.java.TestType] [ 5556] - value = naresh.nayini.00000
[INFO ][2015-12-16 16:25:08,478][com.java.TestType] [10297] -  RESULT true
[INFO ][2015-12-16 16:25:08,478][com.java.TestType] [10414] - ?   P A S S   ?
[DEBUG][2015-12-16 16:25:08,478][com.java.TestType] [10220] - Concept ID:1 :: Step being Executed: 1::2
[INFO ][2015-12-16 16:25:08,478][com.java.TestType] [10258] - dataFields : TXTpassword
[DEBUG][2015-12-16 16:25:08,478][com.java.TestType] [10264] - <In Set values of the page>
[DEBUG][2015-12-16 16:25:08,478][com.java.TestType] [10269] - {Data Fields & Data Values Exist}
[INFO ][2015-12-16 16:25:08,478][com.java.TestType] [10275] - --------------------------setting values-----------------------------
[INFO ][2015-12-16 16:25:08,478][com.java.TestType] [10278] - Action Type : CLEARANDENTER
[INFO ][2015-12-16 16:25:08,479][com.java.TestType] [ 5556] - value = Password1*
[INFO ][2015-12-16 16:25:13,371][com.java.TestType] [10297] -  RESULT true
[INFO ][2015-12-16 16:25:13,371][com.java.TestType] [10414] - ?   P A S S   ?
[DEBUG][2015-12-16 16:25:13,371][com.java.TestType] [10220] - Concept ID:1 :: Step being Executed: 1::3
[ERROR][2015-12-16 16:25:13,371][com.java.TestType] [10253] - Exception: null
[INFO ][2015-12-16 16:25:13,371][com.java.TestType] [10258] - dataFields : XPH//button[@type='submit']
[DEBUG][2015-12-16 16:25:13,371][com.java.TestType] [10264] - <In Set values of the page>
[DEBUG][2015-12-16 16:25:13,371][com.java.TestType] [10269] - {Data Fields & Data Values Exist}
[INFO ][2015-12-16 16:25:13,371][com.java.TestType] [10275] - --------------------------setting values-----------------------------
[INFO ][2015-12-16 16:25:13,371][com.java.TestType] [10278] - Action Type : Click
[INFO ][2015-12-16 16:25:13,372][com.java.TestType] [ 5922] - Field ::XPH//button[@type='submit']
[INFO ][2015-12-16 16:25:13,372][com.java.TestType] [ 5556] - value = 
[INFO ][2015-12-16 16:25:14,372][com.java.TestType] [ 6059] - BEFORE CLICK
[INFO ][2015-12-16 16:25:15,211][com.java.TestType] [ 6067] - Unable to click the object Login
[INFO ][2015-12-16 16:25:15,211][com.java.TestType] [10297] -  RESULT true
[INFO ][2015-12-16 16:25:15,211][com.java.TestType] [10414] - ?   P A S S   ?
[DEBUG][2015-12-16 16:25:15,211][com.java.TestType] [10220] - Concept ID:1 :: Step being Executed: 1::4
[INFO ][2015-12-16 16:25:15,211][com.java.TestType] [10258] - dataFields : LNKLogout
[DEBUG][2015-12-16 16:25:15,211][com.java.TestType] [10264] - <In Set values of the page>
[DEBUG][2015-12-16 16:25:15,211][com.java.TestType] [10269] - {Data Fields & Data Values Exist}
[INFO ][2015-12-16 16:25:15,211][com.java.TestType] [10275] - --------------------------setting values-----------------------------
[INFO ][2015-12-16 16:25:15,211][com.java.TestType] [10278] - Action Type : WaitForElement
[INFO ][2015-12-16 16:25:18,608][com.java.TestType] [10297] -  RESULT true
[INFO ][2015-12-16 16:25:18,608][com.java.TestType] [10414] - ?   P A S S   ?
[DEBUG][2015-12-16 16:25:18,608][com.java.TestType] [10220] - Concept ID:1 :: Step being Executed: 1::15
[INFO ][2015-12-16 16:25:18,608][com.java.TestType] [10258] - dataFields : LNK
[DEBUG][2015-12-16 16:25:18,608][com.java.TestType] [10264] - <In Set values of the page>
[DEBUG][2015-12-16 16:25:18,608][com.java.TestType] [10269] - {Data Fields & Data Values Exist}
[INFO ][2015-12-16 16:25:18,609][com.java.TestType] [10275] - --------------------------setting values-----------------------------
[INFO ][2015-12-16 16:25:18,609][com.java.TestType] [10278] - Action Type : Verify
[INFO ][2015-12-16 16:25:18,609][com.java.TestType] [ 6865] - field= LNK value= Logout
[INFO ][2015-12-16 16:25:18,610][com.java.TestType] [ 5556] - value = Logout
[INFO ][2015-12-16 16:25:18,643][com.java.TestType] [10297] -  RESULT true
[INFO ][2015-12-16 16:25:18,643][com.java.TestType] [10414] - ?   P A S S   ?
[DEBUG][2015-12-16 16:25:18,643][com.java.TestType] [10220] - Concept ID:1 :: Step being Executed: 1::16
[INFO ][2015-12-16 16:25:18,643][com.java.TestType] [10258] - dataFields : BTN
[DEBUG][2015-12-16 16:25:18,643][com.java.TestType] [10264] - <In Set values of the page>
[DEBUG][2015-12-16 16:25:18,643][com.java.TestType] [10269] - {Data Fields & Data Values Exist}
[INFO ][2015-12-16 16:25:18,643][com.java.TestType] [10275] - --------------------------setting values-----------------------------
[INFO ][2015-12-16 16:25:18,644][com.java.TestType] [10278] - Action Type : Verify
[INFO ][2015-12-16 16:25:18,644][com.java.TestType] [ 6865] - field= BTN value= //img[contains(@src,'bdlogo.jpg')]
[INFO ][2015-12-16 16:25:18,644][com.java.TestType] [ 5556] - value = //img[contains(@src,'bdlogo.jpg')]
[INFO ][2015-12-16 16:25:18,719][com.java.TestType] [10297] -  RESULT true
[INFO ][2015-12-16 16:25:18,720][com.java.TestType] [10414] - ?   P A S S   ?
[INFO ][2015-12-16 16:25:18,720][com.java.TestType] [10485] - Looping End......
[INFO ][2015-12-16 16:25:18,723][com.java.SeleniumDriver] [  894] -  RESULT true
[INFO ][2015-12-16 16:25:18,724][com.java.SeleniumDriver] [ 1100] - ?   P A S S   ?
[INFO ][2015-12-16 16:25:18,724][com.java.SeleniumDriver] [  821] - ------------------------------------------
[INFO ][2015-12-16 16:25:18,724][com.java.SeleniumDriver] [  822] - Test case being Executed: 1
[INFO ][2015-12-16 16:25:18,724][com.java.SeleniumDriver] [  833] - Test step:2
[INFO ][2015-12-16 16:25:18,724][com.java.SeleniumDriver] [  845] - Datavalue is----------Concept#2:1-2
[INFO ][2015-12-16 16:25:18,724][com.java.SeleniumDriver] [  869] - DataField : test
[INFO ][2015-12-16 16:25:18,724][com.java.SeleniumDriver] [  871] - DataValue : Concept#2:1-2
[INFO ][2015-12-16 16:25:18,724][com.java.SeleniumDriver] [  877] - <In Set values of the page>
[INFO ][2015-12-16 16:25:18,724][com.java.SeleniumDriver] [  880] - {Data Fields & Data Values Exist}
[INFO ][2015-12-16 16:25:18,724][com.java.SeleniumDriver] [  882] - --------------------------setting values-----------------------------
[INFO ][2015-12-16 16:25:18,724][com.java.SeleniumDriver] [  885] - Action Type : ExecuteTestCase
[INFO ][2015-12-16 16:25:18,725][com.java.TestType] [  437] - The Concept sheet name is ---------- Concept
[INFO ][2015-12-16 16:25:18,725][com.java.TestType] [  440] - The Concept ID  is ---------- 2
[DEBUG][2015-12-16 16:25:18,725][com.java.TestType] [  444] - Steps being executted in the Concept are: 1:2
[INFO ][2015-12-16 16:25:18,725][com.java.TestType] [  451] - Test data details path ---------- D:\BankersDashboard\TestInputs\TestData.xls
[INFO ][2015-12-16 16:25:18,752][com.java.TestType] [  482] -  str(1) = 2
[INFO ][2015-12-16 16:25:18,753][com.java.TestType] [  485] - Test case Id is---2
[INFO ][2015-12-16 16:25:18,753][com.java.TestType] [  487] - 2
[INFO ][2015-12-16 16:25:18,753][com.java.TestType] [  482] -  str(2) = 1
[INFO ][2015-12-16 16:25:18,755][com.java.TestType] [  534] - row values are--------{1=com.java.Objects.TestDataDetails@145fed7}
[INFO ][2015-12-16 16:25:18,755][com.java.TestType] [  482] -  str(1) = 2
[INFO ][2015-12-16 16:25:18,755][com.java.TestType] [  485] - Test case Id is---2
[INFO ][2015-12-16 16:25:18,755][com.java.TestType] [  487] - 2
[INFO ][2015-12-16 16:25:18,755][com.java.TestType] [  482] -  str(2) = 2
[INFO ][2015-12-16 16:25:18,756][com.java.TestType] [  534] - row values are--------{1=com.java.Objects.TestDataDetails@145fed7, 2=com.java.Objects.TestDataDetails@1e5be85}
[INFO ][2015-12-16 16:25:18,756][com.java.TestType] [  482] -  str(1) = 2
[INFO ][2015-12-16 16:25:18,756][com.java.TestType] [  485] - Test case Id is---2
[INFO ][2015-12-16 16:25:18,756][com.java.TestType] [  487] - 2
[INFO ][2015-12-16 16:25:18,756][com.java.TestType] [  482] -  str(2) = 3
[INFO ][2015-12-16 16:25:18,757][com.java.TestType] [  534] - row values are--------{1=com.java.Objects.TestDataDetails@145fed7, 2=com.java.Objects.TestDataDetails@1e5be85, 3=com.java.Objects.TestDataDetails@f7476d}
[INFO ][2015-12-16 16:25:18,757][com.java.TestType] [10179] - Looping 1TCID = 2
[DEBUG][2015-12-16 16:25:18,757][com.java.TestType] [10220] - Concept ID:2 :: Step being Executed: 2::1
[INFO ][2015-12-16 16:25:18,757][com.java.TestType] [10258] - dataFields : BNK//select[@id='bank']
[DEBUG][2015-12-16 16:25:18,757][com.java.TestType] [10264] - <In Set values of the page>
[DEBUG][2015-12-16 16:25:18,758][com.java.TestType] [10269] - {Data Fields & Data Values Exist}
[INFO ][2015-12-16 16:25:18,758][com.java.TestType] [10275] - --------------------------setting values-----------------------------
[INFO ][2015-12-16 16:25:18,758][com.java.TestType] [10278] - Action Type : Select
[INFO ][2015-12-16 16:25:18,758][com.java.TestType] [ 5556] - value = PFC
[INFO ][2015-12-16 16:25:18,938][com.java.TestType] [10297] -  RESULT true
[INFO ][2015-12-16 16:25:18,938][com.java.TestType] [10414] - ?   P A S S   ?
[DEBUG][2015-12-16 16:25:18,939][com.java.TestType] [10220] - Concept ID:2 :: Step being Executed: 2::2
[INFO ][2015-12-16 16:25:18,939][com.java.TestType] [10258] - dataFields : LNKLogout
[DEBUG][2015-12-16 16:25:18,939][com.java.TestType] [10264] - <In Set values of the page>
[DEBUG][2015-12-16 16:25:18,939][com.java.TestType] [10269] - {Data Fields & Data Values Exist}
[INFO ][2015-12-16 16:25:18,939][com.java.TestType] [10275] - --------------------------setting values-----------------------------
[INFO ][2015-12-16 16:25:18,939][com.java.TestType] [10278] - Action Type : WaitTime
[DEBUG][2015-12-16 16:25:18,939][com.java.TestType] [ 5376] - sleepTime: 5000
[INFO ][2015-12-16 16:25:23,939][com.java.TestType] [10297] -  RESULT true
[INFO ][2015-12-16 16:25:23,939][com.java.TestType] [10414] - ?   P A S S   ?
[INFO ][2015-12-16 16:25:23,939][com.java.TestType] [10485] - Looping End......
[INFO ][2015-12-16 16:25:23,942][com.java.SeleniumDriver] [  894] -  RESULT true
[INFO ][2015-12-16 16:25:23,943][com.java.SeleniumDriver] [ 1100] - ?   P A S S   ?
[INFO ][2015-12-16 16:25:23,943][com.java.SeleniumDriver] [  821] - ------------------------------------------
[INFO ][2015-12-16 16:25:23,943][com.java.SeleniumDriver] [  822] - Test case being Executed: 1
[INFO ][2015-12-16 16:25:23,943][com.java.SeleniumDriver] [  833] - Test step:3
[INFO ][2015-12-16 16:25:23,943][com.java.SeleniumDriver] [  845] - Datavalue is----------2
[INFO ][2015-12-16 16:25:23,943][com.java.SeleniumDriver] [  869] - DataField : XPH//button[contains(text(),'Add Content')]
[INFO ][2015-12-16 16:25:23,943][com.java.SeleniumDriver] [  871] - DataValue : 2
[INFO ][2015-12-16 16:25:23,943][com.java.SeleniumDriver] [  877] - <In Set values of the page>
[INFO ][2015-12-16 16:25:23,943][com.java.SeleniumDriver] [  880] - {Data Fields & Data Values Exist}
[INFO ][2015-12-16 16:25:23,943][com.java.SeleniumDriver] [  882] - --------------------------setting values-----------------------------
[INFO ][2015-12-16 16:25:23,943][com.java.SeleniumDriver] [  885] - Action Type : WAITFORELEMENT
[INFO ][2015-12-16 16:25:23,977][com.java.SeleniumDriver] [  894] -  RESULT true
[INFO ][2015-12-16 16:25:23,977][com.java.SeleniumDriver] [ 1100] - ?   P A S S   ?
[DEBUG][2015-12-16 16:25:23,977][com.java.SeleniumDriver] [ 1212] - Case found
[DEBUG][2015-12-16 16:25:23,977][com.java.SeleniumDriver] [ 1217] - Incrementing ReportCounters[0]:1
[INFO ][2015-12-16 16:25:23,977][com.java.SeleniumDriver] [ 1236] - The results are-------------------[1, 1, Valid Login, Pass, , Wed Dec 16 16:25:18 IST 2015, 1, 2, Valid Login, Pass, , Wed Dec 16 16:25:23 IST 2015, 1, 3, Valid Login, Pass, , Wed Dec 16 16:25:23 IST 2015]
[INFO ][2015-12-16 16:25:23,977][com.java.SeleniumDriver] [ 1240] - End time is-------35 sec
[INFO ][2015-12-16 16:25:23,977][com.java.SeleniumDriver] [ 1241] - The results are-------------------[1, 1, Valid Login, Pass, , Wed Dec 16 16:25:18 IST 2015, 1, 2, Valid Login, Pass, , Wed Dec 16 16:25:23 IST 2015, 1, 3, Valid Login, Pass, , Wed Dec 16 16:25:23 IST 2015]
[DEBUG][2015-12-16 16:25:23,977][com.java.ImportnExport.ExportTestResultsExcel] [  222] - testResultPath = D:\BankersDashboard/TestReports/Test Results_BankersDashBoard_121615_162450_IE10_Any Bank USA.xls
[DEBUG][2015-12-16 16:25:23,977][com.java.ImportnExport.ExportTestResultsExcel] [  223] - browser is------------IE10
[DEBUG][2015-12-16 16:25:24,022][com.java.ImportnExport.ExportTestResultsExcel] [  270] - result.size() = 18
[DEBUG][2015-12-16 16:25:24,022][com.java.ImportnExport.ExportTestResultsExcel] [  274] - No of rows in sheet=1
[DEBUG][2015-12-16 16:25:24,022][com.java.ImportnExport.ExportTestResultsExcel] [  301] - ..in export..1
[DEBUG][2015-12-16 16:25:24,024][com.java.ImportnExport.ExportTestResultsExcel] [  301] - ..in export..Valid Login
[DEBUG][2015-12-16 16:25:24,024][com.java.ImportnExport.ExportTestResultsExcel] [  301] - ..in export..Pass
[DEBUG][2015-12-16 16:25:24,024][com.java.ImportnExport.ExportTestResultsExcel] [  301] - ..in export..
[DEBUG][2015-12-16 16:25:24,024][com.java.ImportnExport.ExportTestResultsExcel] [  301] - ..in export..Wed Dec 16 16:25:18 IST 2015
[INFO ][2015-12-16 16:25:24,026][com.java.SeleniumDriver] [ 1299] - out loop:0 size:2 TestCases:[1, 2] testcases:[1, 2]
[INFO ][2015-12-16 16:25:24,026][com.java.ImportnExport.ImportTestDataDetailsExcel] [   49] - test data details path===== D:\BankersDashboard\TestInputs\TestData.xls
[INFO ][2015-12-16 16:25:40,035][com.java.SeleniumDriver] [  821] - ------------------------------------------
[INFO ][2015-12-16 16:25:40,035][com.java.SeleniumDriver] [  822] - Test case being Executed: 2
[INFO ][2015-12-16 16:25:40,035][com.java.SeleniumDriver] [  833] - Test step:1
[INFO ][2015-12-16 16:25:40,035][com.java.SeleniumDriver] [  845] - Datavalue is----------Logout
[INFO ][2015-12-16 16:25:40,035][com.java.SeleniumDriver] [  869] - DataField : BTN
[INFO ][2015-12-16 16:25:40,035][com.java.SeleniumDriver] [  871] - DataValue : Logout
[INFO ][2015-12-16 16:25:40,035][com.java.SeleniumDriver] [  877] - <In Set values of the page>
[INFO ][2015-12-16 16:25:40,035][com.java.SeleniumDriver] [  880] - {Data Fields & Data Values Exist}
[INFO ][2015-12-16 16:25:40,035][com.java.SeleniumDriver] [  882] - --------------------------setting values-----------------------------
[INFO ][2015-12-16 16:25:40,035][com.java.SeleniumDriver] [  885] - Action Type : Verify
[INFO ][2015-12-16 16:25:40,036][com.java.TestType] [ 6865] - field= BTN value= Logout
[INFO ][2015-12-16 16:25:40,036][com.java.TestType] [ 5556] - value = Logout
[INFO ][2015-12-16 16:25:40,122][com.java.SeleniumDriver] [  894] -  RESULT true
[INFO ][2015-12-16 16:25:40,122][com.java.SeleniumDriver] [ 1100] - ?   P A S S   ?
[INFO ][2015-12-16 16:25:40,122][com.java.SeleniumDriver] [ 1142] - step change to 3
[INFO ][2015-12-16 16:25:40,122][com.java.SeleniumDriver] [  821] - ------------------------------------------
[INFO ][2015-12-16 16:25:40,122][com.java.SeleniumDriver] [  822] - Test case being Executed: 2
[INFO ][2015-12-16 16:25:40,122][com.java.SeleniumDriver] [  833] - Test step:3
[INFO ][2015-12-16 16:25:40,122][com.java.SeleniumDriver] [  845] - Datavalue is----------Concept#2:1-2
[INFO ][2015-12-16 16:25:40,122][com.java.SeleniumDriver] [  869] - DataField : test
[INFO ][2015-12-16 16:25:40,123][com.java.SeleniumDriver] [  871] - DataValue : Concept#2:1-2
[INFO ][2015-12-16 16:25:40,123][com.java.SeleniumDriver] [  877] - <In Set values of the page>
[INFO ][2015-12-16 16:25:40,123][com.java.SeleniumDriver] [  880] - {Data Fields & Data Values Exist}
[INFO ][2015-12-16 16:25:40,123][com.java.SeleniumDriver] [  882] - --------------------------setting values-----------------------------
[INFO ][2015-12-16 16:25:40,123][com.java.SeleniumDriver] [  885] - Action Type : ExecuteTestCase
[INFO ][2015-12-16 16:25:40,123][com.java.TestType] [  437] - The Concept sheet name is ---------- Concept
[INFO ][2015-12-16 16:25:40,123][com.java.TestType] [  440] - The Concept ID  is ---------- 2
[DEBUG][2015-12-16 16:25:40,123][com.java.TestType] [  444] - Steps being executted in the Concept are: 1:2
[INFO ][2015-12-16 16:25:40,123][com.java.TestType] [  451] - Test data details path ---------- D:\BankersDashboard\TestInputs\TestData.xls
[INFO ][2015-12-16 16:25:40,151][com.java.TestType] [  482] -  str(1) = 2
[INFO ][2015-12-16 16:25:40,151][com.java.TestType] [  485] - Test case Id is---2
[INFO ][2015-12-16 16:25:40,151][com.java.TestType] [  487] - 2
[INFO ][2015-12-16 16:25:40,151][com.java.TestType] [  482] -  str(2) = 1
[INFO ][2015-12-16 16:25:40,152][com.java.TestType] [  534] - row values are--------{1=com.java.Objects.TestDataDetails@255732}
[INFO ][2015-12-16 16:25:40,152][com.java.TestType] [  482] -  str(1) = 2
[INFO ][2015-12-16 16:25:40,152][com.java.TestType] [  485] - Test case Id is---2
[INFO ][2015-12-16 16:25:40,152][com.java.TestType] [  487] - 2
[INFO ][2015-12-16 16:25:40,153][com.java.TestType] [  482] -  str(2) = 2
[INFO ][2015-12-16 16:25:40,153][com.java.TestType] [  534] - row values are--------{1=com.java.Objects.TestDataDetails@255732, 2=com.java.Objects.TestDataDetails@184845d}
[INFO ][2015-12-16 16:25:40,153][com.java.TestType] [  482] -  str(1) = 2
[INFO ][2015-12-16 16:25:40,153][com.java.TestType] [  485] - Test case Id is---2
[INFO ][2015-12-16 16:25:40,153][com.java.TestType] [  487] - 2
[INFO ][2015-12-16 16:25:40,153][com.java.TestType] [  482] -  str(2) = 3
[INFO ][2015-12-16 16:25:40,154][com.java.TestType] [  534] - row values are--------{1=com.java.Objects.TestDataDetails@255732, 2=com.java.Objects.TestDataDetails@184845d, 3=com.java.Objects.TestDataDetails@7310db}
[INFO ][2015-12-16 16:25:40,154][com.java.TestType] [10179] - Looping 1TCID = 2
[DEBUG][2015-12-16 16:25:40,154][com.java.TestType] [10220] - Concept ID:2 :: Step being Executed: 2::1
[INFO ][2015-12-16 16:25:40,154][com.java.TestType] [10258] - dataFields : BNK//select[@id='bank']
[DEBUG][2015-12-16 16:25:40,154][com.java.TestType] [10264] - <In Set values of the page>
[DEBUG][2015-12-16 16:25:40,155][com.java.TestType] [10269] - {Data Fields & Data Values Exist}
[INFO ][2015-12-16 16:25:40,155][com.java.TestType] [10275] - --------------------------setting values-----------------------------
[INFO ][2015-12-16 16:25:40,155][com.java.TestType] [10278] - Action Type : Select
[INFO ][2015-12-16 16:25:40,155][com.java.TestType] [ 5556] - value = PFC
[INFO ][2015-12-16 16:25:40,351][com.java.TestType] [10297] -  RESULT true
[INFO ][2015-12-16 16:25:40,351][com.java.TestType] [10414] - ?   P A S S   ?
[DEBUG][2015-12-16 16:25:40,351][com.java.TestType] [10220] - Concept ID:2 :: Step being Executed: 2::2
[INFO ][2015-12-16 16:25:40,351][com.java.TestType] [10258] - dataFields : LNKLogout
[DEBUG][2015-12-16 16:25:40,351][com.java.TestType] [10264] - <In Set values of the page>
[DEBUG][2015-12-16 16:25:40,351][com.java.TestType] [10269] - {Data Fields & Data Values Exist}
[INFO ][2015-12-16 16:25:40,351][com.java.TestType] [10275] - --------------------------setting values-----------------------------
[INFO ][2015-12-16 16:25:40,351][com.java.TestType] [10278] - Action Type : WaitTime
[DEBUG][2015-12-16 16:25:40,351][com.java.TestType] [ 5376] - sleepTime: 5000
[INFO ][2015-12-16 16:25:45,351][com.java.TestType] [10297] -  RESULT true
[INFO ][2015-12-16 16:25:45,351][com.java.TestType] [10414] - ?   P A S S   ?
[INFO ][2015-12-16 16:25:45,351][com.java.TestType] [10485] - Looping End......
[INFO ][2015-12-16 16:25:45,354][com.java.SeleniumDriver] [  894] -  RESULT true
[INFO ][2015-12-16 16:25:45,354][com.java.SeleniumDriver] [ 1100] - ?   P A S S   ?
[INFO ][2015-12-16 16:25:45,354][com.java.SeleniumDriver] [  821] - ------------------------------------------
[INFO ][2015-12-16 16:25:45,355][com.java.SeleniumDriver] [  822] - Test case being Executed: 2
[INFO ][2015-12-16 16:25:45,355][com.java.SeleniumDriver] [  833] - Test step:4
[INFO ][2015-12-16 16:25:45,355][com.java.SeleniumDriver] [  845] - Datavalue is----------null
[DEBUG][2015-12-16 16:25:45,355][com.java.SeleniumDriver] [  863] - Exception: null
[INFO ][2015-12-16 16:25:45,355][com.java.SeleniumDriver] [  869] - DataField : //span[@class='icon-cog2']&&//a[@data-id="UserSettings"]
[INFO ][2015-12-16 16:25:45,355][com.java.SeleniumDriver] [  871] - DataValue : 
[INFO ][2015-12-16 16:25:45,355][com.java.SeleniumDriver] [  877] - <In Set values of the page>
[INFO ][2015-12-16 16:25:45,355][com.java.SeleniumDriver] [  880] - {Data Fields & Data Values Exist}
[INFO ][2015-12-16 16:25:45,355][com.java.SeleniumDriver] [  882] - --------------------------setting values-----------------------------
[INFO ][2015-12-16 16:25:45,355][com.java.SeleniumDriver] [  885] - Action Type : MOUSEOVER
[INFO ][2015-12-16 16:26:08,888][com.java.SeleniumDriver] [  894] -  RESULT true
[INFO ][2015-12-16 16:26:08,888][com.java.SeleniumDriver] [ 1100] - ?   P A S S   ?
[INFO ][2015-12-16 16:26:08,888][com.java.SeleniumDriver] [  821] - ------------------------------------------
[INFO ][2015-12-16 16:26:08,888][com.java.SeleniumDriver] [  822] - Test case being Executed: 2
[INFO ][2015-12-16 16:26:08,888][com.java.SeleniumDriver] [  833] - Test step:5
[INFO ][2015-12-16 16:26:08,888][com.java.SeleniumDriver] [  845] - Datavalue is----------2
[INFO ][2015-12-16 16:26:08,888][com.java.SeleniumDriver] [  869] - DataField : BTNframeDialogContent
[INFO ][2015-12-16 16:26:08,888][com.java.SeleniumDriver] [  871] - DataValue : 2
[INFO ][2015-12-16 16:26:08,888][com.java.SeleniumDriver] [  877] - <In Set values of the page>
[INFO ][2015-12-16 16:26:08,888][com.java.SeleniumDriver] [  880] - {Data Fields & Data Values Exist}
[INFO ][2015-12-16 16:26:08,888][com.java.SeleniumDriver] [  882] - --------------------------setting values-----------------------------
[INFO ][2015-12-16 16:26:08,888][com.java.SeleniumDriver] [  885] - Action Type : WAITFORELEMENT
[INFO ][2015-12-16 16:26:10,085][com.java.SeleniumDriver] [  894] -  RESULT true
[INFO ][2015-12-16 16:26:10,085][com.java.SeleniumDriver] [ 1100] - ?   P A S S   ?
[INFO ][2015-12-16 16:26:10,087][com.java.SeleniumDriver] [  821] - ------------------------------------------
[INFO ][2015-12-16 16:26:10,087][com.java.SeleniumDriver] [  822] - Test case being Executed: 2
[INFO ][2015-12-16 16:26:10,087][com.java.SeleniumDriver] [  833] - Test step:6
[INFO ][2015-12-16 16:26:10,087][com.java.SeleniumDriver] [  845] - Datavalue is----------User Settings
[INFO ][2015-12-16 16:26:10,087][com.java.SeleniumDriver] [  869] - DataField : XPH//span[@class="ui-dialog-title"]
[INFO ][2015-12-16 16:26:10,087][com.java.SeleniumDriver] [  871] - DataValue : User Settings
[INFO ][2015-12-16 16:26:10,087][com.java.SeleniumDriver] [  877] - <In Set values of the page>
[INFO ][2015-12-16 16:26:10,087][com.java.SeleniumDriver] [  880] - {Data Fields & Data Values Exist}
[INFO ][2015-12-16 16:26:10,087][com.java.SeleniumDriver] [  882] - --------------------------setting values-----------------------------
[INFO ][2015-12-16 16:26:10,087][com.java.SeleniumDriver] [  885] - Action Type : VERIFY
[INFO ][2015-12-16 16:26:10,087][com.java.TestType] [ 6865] - field= XPH//span[@class="ui-dialog-title"] value= User Settings
[INFO ][2015-12-16 16:26:10,087][com.java.TestType] [ 5556] - value = User Settings
[INFO ][2015-12-16 16:26:10,237][com.java.SeleniumDriver] [  894] -  RESULT true
[INFO ][2015-12-16 16:26:10,237][com.java.SeleniumDriver] [ 1100] - ?   P A S S   ?
[INFO ][2015-12-16 16:26:10,237][com.java.SeleniumDriver] [  821] - ------------------------------------------
[INFO ][2015-12-16 16:26:10,237][com.java.SeleniumDriver] [  822] - Test case being Executed: 2
[INFO ][2015-12-16 16:26:10,237][com.java.SeleniumDriver] [  833] - Test step:7
[INFO ][2015-12-16 16:26:10,237][com.java.SeleniumDriver] [  845] - Datavalue is----------null
[DEBUG][2015-12-16 16:26:10,237][com.java.SeleniumDriver] [  863] - Exception: null
[INFO ][2015-12-16 16:26:10,237][com.java.SeleniumDriver] [  869] - DataField : BTNframeDialogContent
[INFO ][2015-12-16 16:26:10,237][com.java.SeleniumDriver] [  871] - DataValue : 
[INFO ][2015-12-16 16:26:10,237][com.java.SeleniumDriver] [  877] - <In Set values of the page>
[INFO ][2015-12-16 16:26:10,237][com.java.SeleniumDriver] [  880] - {Data Fields & Data Values Exist}
[INFO ][2015-12-16 16:26:10,237][com.java.SeleniumDriver] [  882] - --------------------------setting values-----------------------------
[INFO ][2015-12-16 16:26:10,237][com.java.SeleniumDriver] [  885] - Action Type : SELECTFRAME
[INFO ][2015-12-16 16:26:11,473][com.java.SeleniumDriver] [  894] -  RESULT true
[INFO ][2015-12-16 16:26:11,473][com.java.SeleniumDriver] [ 1100] - ?   P A S S   ?
[INFO ][2015-12-16 16:26:11,473][com.java.SeleniumDriver] [  821] - ------------------------------------------
[INFO ][2015-12-16 16:26:11,473][com.java.SeleniumDriver] [  822] - Test case being Executed: 2
[INFO ][2015-12-16 16:26:11,473][com.java.SeleniumDriver] [  833] - Test step:8
[INFO ][2015-12-16 16:26:11,473][com.java.SeleniumDriver] [  845] - Datavalue is----------1,000
[INFO ][2015-12-16 16:26:11,473][com.java.SeleniumDriver] [  869] - DataField : SLBddlRoundingValue
[INFO ][2015-12-16 16:26:11,473][com.java.SeleniumDriver] [  871] - DataValue : 1,000
[INFO ][2015-12-16 16:26:11,473][com.java.SeleniumDriver] [  877] - <In Set values of the page>
[INFO ][2015-12-16 16:26:11,473][com.java.SeleniumDriver] [  880] - {Data Fields & Data Values Exist}
[INFO ][2015-12-16 16:26:11,473][com.java.SeleniumDriver] [  882] - --------------------------setting values-----------------------------
[INFO ][2015-12-16 16:26:11,473][com.java.SeleniumDriver] [  885] - Action Type : SELECT
[INFO ][2015-12-16 16:26:11,474][com.java.TestType] [ 5556] - value = 1,000
[INFO ][2015-12-16 16:26:13,890][com.java.SeleniumDriver] [  894] -  RESULT true
[INFO ][2015-12-16 16:26:13,890][com.java.SeleniumDriver] [ 1100] - ?   P A S S   ?
[INFO ][2015-12-16 16:26:13,890][com.java.SeleniumDriver] [  821] - ------------------------------------------
[INFO ][2015-12-16 16:26:13,890][com.java.SeleniumDriver] [  822] - Test case being Executed: 2
[INFO ][2015-12-16 16:26:13,890][com.java.SeleniumDriver] [  833] - Test step:9
[INFO ][2015-12-16 16:26:13,890][com.java.SeleniumDriver] [  845] - Datavalue is----------SelectedRNDvalue
[INFO ][2015-12-16 16:26:13,890][com.java.SeleniumDriver] [  869] - DataField : TXT//input[@class="ember-view ember-text-field form-control"]
[INFO ][2015-12-16 16:26:13,890][com.java.SeleniumDriver] [  871] - DataValue : SelectedRNDvalue
[INFO ][2015-12-16 16:26:13,890][com.java.SeleniumDriver] [  877] - <In Set values of the page>
[INFO ][2015-12-16 16:26:13,890][com.java.SeleniumDriver] [  880] - {Data Fields & Data Values Exist}
[INFO ][2015-12-16 16:26:13,890][com.java.SeleniumDriver] [  882] - --------------------------setting values-----------------------------
[INFO ][2015-12-16 16:26:13,890][com.java.SeleniumDriver] [  885] - Action Type : STOREVALUE
[INFO ][2015-12-16 16:26:13,891][com.java.TestType] [ 8045] - field= TXT//input[@class="ember-view ember-text-field form-control"]
[DEBUG][2015-12-16 16:26:34,479][com.java.TestType] [ 8067] - Error occured while storing the value form:: //input[@class="ember-view ember-text-field form-control"] null
[INFO ][2015-12-16 16:26:34,479][com.java.SeleniumDriver] [  894] -  RESULT false
[INFO ][2015-12-16 16:26:34,479][com.java.SeleniumDriver] [  941] - ?   F A I L   ?
[INFO ][2015-12-16 16:26:34,479][com.java.SeleniumDriver] [  949] - Browser Type : IE10
[INFO ][2015-12-16 16:26:34,479][com.java.SeleniumDriver] [  950] - Adding Failed case2
[INFO ][2015-12-16 16:26:35,356][com.java.SeleniumDriver] [ 1064] - failedCases = 2
[ERROR][2015-12-16 16:26:35,356][com.java.SeleniumDriver] [ 1561] - Platform Errors : Our apologies...::We have encountered an issue with your request.::Our apologies?:We encountered an issue with your request.
[INFO ][2015-12-16 16:26:35,356][com.java.SeleniumDriver] [ 1565] - Length =3
[ERROR][2015-12-16 16:26:35,357][com.java.SeleniumDriver] [ 1568] - Error 0 = Our apologies...
[ERROR][2015-12-16 16:26:35,389][com.java.SeleniumDriver] [ 1568] - Error 1 = We have encountered an issue with your request.
[ERROR][2015-12-16 16:26:35,402][com.java.SeleniumDriver] [ 1568] - Error 2 = Our apologies?:We encountered an issue with your request.
[INFO ][2015-12-16 16:26:35,415][com.java.SeleniumDriver] [ 1579] - strError:
[DEBUG][2015-12-16 16:26:35,428][com.java.SeleniumDriver] [ 1212] - Case found
[DEBUG][2015-12-16 16:26:35,428][com.java.SeleniumDriver] [ 1217] - Incrementing ReportCounters[0]:2
[INFO ][2015-12-16 16:26:35,428][com.java.SeleniumDriver] [ 1236] - The results are-------------------[2, 9, Rounding Value, Fail, 
Test case failed at Step No. :: 9   Error Message ::  Error occured while storing the value form:: //input[@class="ember-view ember-text-field form-control"]. Screen Shot : D:\BankersDashboard\TestReports\121615\2_121615_162634_IE10.png, Wed Dec 16 16:26:35 IST 2015]
[INFO ][2015-12-16 16:26:35,428][com.java.SeleniumDriver] [ 1240] - End time is-------1 min 46 sec
[INFO ][2015-12-16 16:26:35,428][com.java.SeleniumDriver] [ 1241] - The results are-------------------[2, 9, Rounding Value, Fail, 
Test case failed at Step No. :: 9   Error Message ::  Error occured while storing the value form:: //input[@class="ember-view ember-text-field form-control"]. Screen Shot : D:\BankersDashboard\TestReports\121615\2_121615_162634_IE10.png, Wed Dec 16 16:26:35 IST 2015]
[DEBUG][2015-12-16 16:26:35,428][com.java.ImportnExport.ExportTestResultsExcel] [  222] - testResultPath = D:\BankersDashboard/TestReports/Test Results_BankersDashBoard_121615_162450_IE10_Any Bank USA.xls
[DEBUG][2015-12-16 16:26:35,428][com.java.ImportnExport.ExportTestResultsExcel] [  223] - browser is------------IE10
[DEBUG][2015-12-16 16:26:35,430][com.java.ImportnExport.ExportTestResultsExcel] [  270] - result.size() = 6
[DEBUG][2015-12-16 16:26:35,430][com.java.ImportnExport.ExportTestResultsExcel] [  274] - No of rows in sheet=2
[DEBUG][2015-12-16 16:26:35,430][com.java.ImportnExport.ExportTestResultsExcel] [  301] - ..in export..2
[DEBUG][2015-12-16 16:26:35,431][com.java.ImportnExport.ExportTestResultsExcel] [  301] - ..in export..Rounding Value
[DEBUG][2015-12-16 16:26:35,431][com.java.ImportnExport.ExportTestResultsExcel] [  301] - ..in export..Fail
[DEBUG][2015-12-16 16:26:35,431][com.java.ImportnExport.ExportTestResultsExcel] [  301] - ..in export..
Test case failed at Step No. :: 9   Error Message ::  Error occured while storing the value form:: //input[@class="ember-view ember-text-field form-control"]. Screen Shot : D:\BankersDashboard\TestReports\121615\2_121615_162634_IE10.png
[DEBUG][2015-12-16 16:26:35,431][com.java.ImportnExport.ExportTestResultsExcel] [  301] - ..in export..Wed Dec 16 16:26:35 IST 2015
[INFO ][2015-12-16 16:26:35,432][com.java.SeleniumDriver] [ 1299] - out loop:1 size:2 TestCases:[1, 2] testcases:[1, 2]
[INFO ][2015-12-16 16:26:37,432][com.java.SeleniumDriver] [ 1342] - Total Number of Cases:2
[INFO ][2015-12-16 16:26:37,433][com.java.TemplateGenerator] [  302] - Executed:2
[INFO ][2015-12-16 16:26:37,433][com.java.TemplateGenerator] [  303] - Passed:1
[INFO ][2015-12-16 16:26:37,434][com.java.TemplateGenerator] [  304] - Failed:1
[INFO ][2015-12-16 16:26:37,434][com.java.TemplateGenerator] [  305] - Skipeed:0
[INFO ][2015-12-16 16:26:37,434][com.java.TemplateGenerator] [  306] - Application URL:https://clients-xuat.bankersdashboard.com
[INFO ][2015-12-16 16:26:37,434][com.java.TemplateGenerator] [  307] - Start Time:121615_162450
[INFO ][2015-12-16 16:26:37,434][com.java.TemplateGenerator] [  308] -  Creating HTML Report 
[ERROR][2015-12-16 16:26:37,434][com.java.TemplateGenerator] [  409] - Unparseable date: "Wed Dec 16 04:24:50 IST 2015"
[INFO ][2015-12-16 16:26:37,434][com.java.TemplateGenerator] [  654] -  Exporting case :: 1
[INFO ][2015-12-16 16:26:37,435][com.java.TemplateGenerator] [  654] -  Exporting case :: 2
[INFO ][2015-12-16 16:26:37,439][com.java.SeleniumDriver] [ 1391] - End Time:121615_162637
[INFO ][2015-12-16 16:26:37,439][com.java.SeleniumDriver] [ 1394] - Data in Test Execution Details:{1=PASS, 2=FAILTest case failed at Step No. :: 9   Error Message ::  Error occured while storing the value form:: //input[@class="ember-view ember-text-field form-control"]}
[INFO ][2015-12-16 16:26:37,439][com.java.SeleniumDriver] [ 1395] - Data in Failed Execution Deatils:{}
[INFO ][2015-12-16 16:26:37,439][com.java.SeleniumDriver] [ 1397] - ReportCounter:Total:2 :: PASS: 1 ::FAIL: 1
[INFO ][2015-12-16 16:26:37,439][com.java.SeleniumDriver] [ 1398] - FailedReportCounter:Total:0 :: PASS: 0 ::FAIL: 0
[INFO ][2015-12-16 16:26:37,446][com.java.EmailTestReport] [   63] - Sending report mail details:
[INFO ][2015-12-16 16:26:37,446][com.java.EmailTestReport] [   80] - Excel Report Path:D:\BankersDashboard/TestReports/Test Results_BankersDashBoard_121615_162450_IE10_Any Bank USA.xls
[INFO ][2015-12-16 16:26:37,447][com.java.EmailTestReport] [   81] - HTML Report Path:D:\BankersDashboard//TestReports//Test Results_BankersDashBoard_121615_162450_IE10_Any Bank USA.html
[INFO ][2015-12-16 16:26:37,447][com.java.EmailTestReport] [   82] - smtpHostName:mail01.valuelabs.com
[INFO ][2015-12-16 16:26:37,447][com.java.EmailTestReport] [   83] - Recipient:venkateswararao.gubbala@valuelabs.com;
[INFO ][2015-12-16 16:26:37,447][com.java.EmailTestReport] [   84] - From:venkateswararao.gubbala@valuelabs.com;
[INFO ][2015-12-16 16:26:37,447][com.java.EmailTestReport] [   85] - Subject:Deluxe Corp Bankers Dashboard Automation Test Report - Any Bank USA - IE10
[INFO ][2015-12-16 16:26:37,463][com.java.EmailTestReport] [  143] -  Added venkateswararao.gubbala@valuelabs.com
[INFO ][2015-12-16 16:26:40,859][com.java.SeleniumDriver] [  720] - quitting the browser 
[INFO ][2015-12-16 16:26:42,064][com.java.SeleniumDriver] [  264] - Execution Completed Stopping the thread
