[INFO ][2016-02-05 17:27:43,904][com.java.SeleniumDriver] [  213] - Execute Failed Casesfalse
[INFO ][2016-02-05 17:27:43,904][com.java.SeleniumDriver] [  214] - Browser: IE10
[INFO ][2016-02-05 17:27:43,904][com.java.SeleniumDriver] [  215] - [1, 2]
[INFO ][2016-02-05 17:27:43,904][com.java.SeleniumDriver] [  216] - Total TestCases:2
[INFO ][2016-02-05 17:27:43,904][com.java.SeleniumDriver] [  217] -  Reading Properties from Property File 
[DEBUG][2016-02-05 17:27:43,905][com.java.SeleniumDriver] [  238] - url : https://clients-xuat.bankersdashboard.com
[INFO ][2016-02-05 17:27:43,906][com.java.ImportnExport.ExportTestResultsExcel] [  116] - Time Stamp Fri Feb 05 05:27:43 IST 2016
[INFO ][2016-02-05 17:27:43,906][com.java.ImportnExport.ExportTestResultsExcel] [  175] - OUT FILE : D:\BankersDashboard/TestReports/Test Results_BankersDashBoard_020516_172743_IE10_Bank of North Carolina.xls
[INFO ][2016-02-05 17:27:43,936][com.java.ImportnExport.ExportTestResultsExcel] [  180] - Test Result file is created
[DEBUG][2016-02-05 17:27:44,025][com.java.SeleniumDriver] [  426] - Hub ip address is-------172.17.68.34
[INFO ][2016-02-05 17:27:44,026][com.java.SeleniumDriver] [  452] - Grid URL:http://172.17.68.34:4444/wd/hub
[INFO ][2016-02-05 17:27:44,026][com.java.SeleniumDriver] [  453] - Capability:Capabilities [{platform=ANY, ensureCleanSession=true, ignoreProtectedModeSettings=true, acceptSslCerts=true, ignoreZoomSetting=true, browserName=internet explorer, browserstack.ie.noFlash=true, version=null}]
[ERROR][2016-02-05 17:27:45,351][com.java.SeleniumDriver] [  498] - Unable invoke browser in grid:Could not start a new session. Possible causes are invalid address of the remote server or browser start-up failure.
Build info: version: '2.48.2', revision: '41bccdd', time: '2015-10-09 19:59:12'
System info: host: 'FVTIII438F1D', ip: '172.17.68.34', os.name: 'Windows 7', os.arch: 'x86', os.version: '6.1', java.version: '1.7.0_55'
Driver info: driver.version: SeleniumDriver
[INFO ][2016-02-05 17:27:45,352][com.java.SeleniumDriver] [  500] - Executing on local machine
[INFO ][2016-02-05 17:27:58,085][com.java.SeleniumDriver] [  248] - IE10is opened
[INFO ][2016-02-05 17:27:58,938][com.java.SeleniumDriver] [  756] - Test cases to be executed are: [1, 2]
[INFO ][2016-02-05 17:27:58,966][com.java.ImportnExport.ImportTestDataDetailsExcel] [   49] - test data details path===== D:\BankersDashboard\TestInputs\TestData.xls
[INFO ][2016-02-05 17:27:59,043][com.java.SeleniumDriver] [  856] - ------------------------------------------
[INFO ][2016-02-05 17:27:59,043][com.java.SeleniumDriver] [  857] - Test case being Executed: 1
[INFO ][2016-02-05 17:27:59,044][com.java.SeleniumDriver] [  869] - Test step:1
[INFO ][2016-02-05 17:27:59,044][com.java.SeleniumDriver] [  881] - Datavalue is----------Concept#1:1-16
[INFO ][2016-02-05 17:27:59,044][com.java.SeleniumDriver] [  905] - DataField : test
[INFO ][2016-02-05 17:27:59,044][com.java.SeleniumDriver] [  907] - DataValue : Concept#1:1-16
[INFO ][2016-02-05 17:27:59,044][com.java.SeleniumDriver] [  913] - <In Set values of the page>
[INFO ][2016-02-05 17:27:59,044][com.java.SeleniumDriver] [  916] - {Data Fields & Data Values Exist}
[INFO ][2016-02-05 17:27:59,044][com.java.SeleniumDriver] [  918] - --------------------------setting values-----------------------------
[INFO ][2016-02-05 17:27:59,044][com.java.SeleniumDriver] [  921] - Action Type : ExecuteTestCase
[INFO ][2016-02-05 17:27:59,065][com.java.TestType] [  448] - The Concept sheet name is ---------- Concept
[INFO ][2016-02-05 17:27:59,065][com.java.TestType] [  451] - The Concept ID  is ---------- 1
[DEBUG][2016-02-05 17:27:59,065][com.java.TestType] [  455] - Steps being executted in the Concept are: 1:16
[INFO ][2016-02-05 17:27:59,065][com.java.TestType] [  462] - Test data details path ---------- D:\BankersDashboard\TestInputs\TestData.xls
[INFO ][2016-02-05 17:27:59,086][com.java.TestType] [  493] -  str(1) = 1
[INFO ][2016-02-05 17:27:59,087][com.java.TestType] [  496] - Test case Id is---1
[INFO ][2016-02-05 17:27:59,087][com.java.TestType] [  498] - 1
[INFO ][2016-02-05 17:27:59,087][com.java.TestType] [  493] -  str(2) = 1
[INFO ][2016-02-05 17:27:59,091][com.java.TestType] [  493] -  str(1) = 1
[INFO ][2016-02-05 17:27:59,091][com.java.TestType] [  496] - Test case Id is---1
[INFO ][2016-02-05 17:27:59,091][com.java.TestType] [  498] - 1
[INFO ][2016-02-05 17:27:59,091][com.java.TestType] [  493] -  str(2) = 2
[INFO ][2016-02-05 17:27:59,092][com.java.TestType] [  493] -  str(1) = 1
[INFO ][2016-02-05 17:27:59,093][com.java.TestType] [  496] - Test case Id is---1
[INFO ][2016-02-05 17:27:59,093][com.java.TestType] [  498] - 1
[INFO ][2016-02-05 17:27:59,093][com.java.TestType] [  493] -  str(2) = 3
[INFO ][2016-02-05 17:27:59,094][com.java.TestType] [  493] -  str(1) = 1
[INFO ][2016-02-05 17:27:59,094][com.java.TestType] [  496] - Test case Id is---1
[INFO ][2016-02-05 17:27:59,094][com.java.TestType] [  498] - 1
[INFO ][2016-02-05 17:27:59,094][com.java.TestType] [  493] -  str(2) = 4
[INFO ][2016-02-05 17:27:59,096][com.java.TestType] [  493] -  str(1) = 1
[INFO ][2016-02-05 17:27:59,096][com.java.TestType] [  496] - Test case Id is---1
[INFO ][2016-02-05 17:27:59,096][com.java.TestType] [  498] - 1
[INFO ][2016-02-05 17:27:59,096][com.java.TestType] [  493] -  str(2) = 5
[INFO ][2016-02-05 17:27:59,097][com.java.TestType] [  493] -  str(1) = 1
[INFO ][2016-02-05 17:27:59,097][com.java.TestType] [  496] - Test case Id is---1
[INFO ][2016-02-05 17:27:59,097][com.java.TestType] [  498] - 1
[INFO ][2016-02-05 17:27:59,097][com.java.TestType] [  493] -  str(2) = 6
[INFO ][2016-02-05 17:27:59,099][com.java.TestType] [  493] -  str(1) = 1
[INFO ][2016-02-05 17:27:59,099][com.java.TestType] [  496] - Test case Id is---1
[INFO ][2016-02-05 17:27:59,099][com.java.TestType] [  498] - 1
[INFO ][2016-02-05 17:27:59,099][com.java.TestType] [  493] -  str(2) = 7
[INFO ][2016-02-05 17:27:59,100][com.java.TestType] [  493] -  str(1) = 1
[INFO ][2016-02-05 17:27:59,100][com.java.TestType] [  496] - Test case Id is---1
[INFO ][2016-02-05 17:27:59,102][com.java.TestType] [  498] - 1
[INFO ][2016-02-05 17:27:59,102][com.java.TestType] [  493] -  str(2) = 8
[INFO ][2016-02-05 17:27:59,103][com.java.TestType] [  493] -  str(1) = 1
[INFO ][2016-02-05 17:27:59,103][com.java.TestType] [  496] - Test case Id is---1
[INFO ][2016-02-05 17:27:59,103][com.java.TestType] [  498] - 1
[INFO ][2016-02-05 17:27:59,103][com.java.TestType] [  493] -  str(2) = 9
[INFO ][2016-02-05 17:27:59,104][com.java.TestType] [  493] -  str(1) = 1
[INFO ][2016-02-05 17:27:59,104][com.java.TestType] [  496] - Test case Id is---1
[INFO ][2016-02-05 17:27:59,104][com.java.TestType] [  498] - 1
[INFO ][2016-02-05 17:27:59,104][com.java.TestType] [  493] -  str(2) = 10
[INFO ][2016-02-05 17:27:59,105][com.java.TestType] [  493] -  str(1) = 1
[INFO ][2016-02-05 17:27:59,105][com.java.TestType] [  496] - Test case Id is---1
[INFO ][2016-02-05 17:27:59,105][com.java.TestType] [  498] - 1
[INFO ][2016-02-05 17:27:59,105][com.java.TestType] [  493] -  str(2) = 11
[INFO ][2016-02-05 17:27:59,106][com.java.TestType] [  493] -  str(1) = 1
[INFO ][2016-02-05 17:27:59,106][com.java.TestType] [  496] - Test case Id is---1
[INFO ][2016-02-05 17:27:59,106][com.java.TestType] [  498] - 1
[INFO ][2016-02-05 17:27:59,106][com.java.TestType] [  493] -  str(2) = 12
[INFO ][2016-02-05 17:27:59,107][com.java.TestType] [  493] -  str(1) = 1
[INFO ][2016-02-05 17:27:59,107][com.java.TestType] [  496] - Test case Id is---1
[INFO ][2016-02-05 17:27:59,107][com.java.TestType] [  498] - 1
[INFO ][2016-02-05 17:27:59,107][com.java.TestType] [  493] -  str(2) = 13
[INFO ][2016-02-05 17:27:59,108][com.java.TestType] [  493] -  str(1) = 1
[INFO ][2016-02-05 17:27:59,108][com.java.TestType] [  496] - Test case Id is---1
[INFO ][2016-02-05 17:27:59,108][com.java.TestType] [  498] - 1
[INFO ][2016-02-05 17:27:59,108][com.java.TestType] [  493] -  str(2) = 14
[INFO ][2016-02-05 17:27:59,109][com.java.TestType] [  493] -  str(1) = 1
[INFO ][2016-02-05 17:27:59,109][com.java.TestType] [  496] - Test case Id is---1
[INFO ][2016-02-05 17:27:59,109][com.java.TestType] [  498] - 1
[INFO ][2016-02-05 17:27:59,110][com.java.TestType] [  493] -  str(2) = 15
[INFO ][2016-02-05 17:27:59,113][com.java.TestType] [  493] -  str(1) = 1
[INFO ][2016-02-05 17:27:59,113][com.java.TestType] [  496] - Test case Id is---1
[INFO ][2016-02-05 17:27:59,113][com.java.TestType] [  498] - 1
[INFO ][2016-02-05 17:27:59,113][com.java.TestType] [  493] -  str(2) = 16
[INFO ][2016-02-05 17:27:59,114][com.java.TestType] [12089] - Looping 1TCID = 1
[DEBUG][2016-02-05 17:27:59,114][com.java.TestType] [12130] - Concept ID:1 :: Step being Executed: 1::1
[INFO ][2016-02-05 17:27:59,114][com.java.TestType] [12168] - dataFields : TXTusername
[DEBUG][2016-02-05 17:27:59,114][com.java.TestType] [12174] - <In Set values of the page>
[DEBUG][2016-02-05 17:27:59,114][com.java.TestType] [12179] - {Data Fields & Data Values Exist}
[INFO ][2016-02-05 17:27:59,114][com.java.TestType] [12185] - --------------------------setting values-----------------------------
[INFO ][2016-02-05 17:27:59,114][com.java.TestType] [12188] - Action Type : CLEARANDENTER
[INFO ][2016-02-05 17:28:01,416][com.java.TestType] [ 6727] - value = valuelabs.ie10.33527
[INFO ][2016-02-05 17:28:03,827][com.java.TestType] [12207] -  RESULT true
[INFO ][2016-02-05 17:28:03,827][com.java.TestType] [12324] - ?   P A S S   ?
[DEBUG][2016-02-05 17:28:03,828][com.java.TestType] [12130] - Concept ID:1 :: Step being Executed: 1::2
[INFO ][2016-02-05 17:28:03,828][com.java.TestType] [12168] - dataFields : TXTpassword
[DEBUG][2016-02-05 17:28:03,828][com.java.TestType] [12174] - <In Set values of the page>
[DEBUG][2016-02-05 17:28:03,828][com.java.TestType] [12179] - {Data Fields & Data Values Exist}
[INFO ][2016-02-05 17:28:03,828][com.java.TestType] [12185] - --------------------------setting values-----------------------------
[INFO ][2016-02-05 17:28:03,828][com.java.TestType] [12188] - Action Type : CLEARANDENTER
[INFO ][2016-02-05 17:28:06,109][com.java.TestType] [ 6727] - value = Password1*
[INFO ][2016-02-05 17:28:08,639][com.java.TestType] [12207] -  RESULT true
[INFO ][2016-02-05 17:28:08,640][com.java.TestType] [12324] - ?   P A S S   ?
[DEBUG][2016-02-05 17:28:08,640][com.java.TestType] [12130] - Concept ID:1 :: Step being Executed: 1::3
[ERROR][2016-02-05 17:28:08,640][com.java.TestType] [12163] - Exception: null
[INFO ][2016-02-05 17:28:08,640][com.java.TestType] [12168] - dataFields : XPH//button[@type='submit']
[DEBUG][2016-02-05 17:28:08,640][com.java.TestType] [12174] - <In Set values of the page>
[DEBUG][2016-02-05 17:28:08,640][com.java.TestType] [12179] - {Data Fields & Data Values Exist}
[INFO ][2016-02-05 17:28:08,640][com.java.TestType] [12185] - --------------------------setting values-----------------------------
[INFO ][2016-02-05 17:28:08,640][com.java.TestType] [12188] - Action Type : Click
[INFO ][2016-02-05 17:28:08,640][com.java.TestType] [ 7122] - Field ::XPH//button[@type='submit']
[INFO ][2016-02-05 17:28:08,641][com.java.TestType] [ 6727] - value = 
[INFO ][2016-02-05 17:28:09,641][com.java.TestType] [ 7299] - BEFORE CLICK
[INFO ][2016-02-05 17:28:10,496][com.java.TestType] [ 7307] - Unable to click the object Login
[INFO ][2016-02-05 17:28:10,496][com.java.TestType] [12207] -  RESULT true
[INFO ][2016-02-05 17:28:10,496][com.java.TestType] [12324] - ?   P A S S   ?
[DEBUG][2016-02-05 17:28:10,496][com.java.TestType] [12130] - Concept ID:1 :: Step being Executed: 1::4
[INFO ][2016-02-05 17:28:10,496][com.java.TestType] [12168] - dataFields : LNKLogout
[DEBUG][2016-02-05 17:28:10,496][com.java.TestType] [12174] - <In Set values of the page>
[DEBUG][2016-02-05 17:28:10,496][com.java.TestType] [12179] - {Data Fields & Data Values Exist}
[INFO ][2016-02-05 17:28:10,496][com.java.TestType] [12185] - --------------------------setting values-----------------------------
[INFO ][2016-02-05 17:28:10,496][com.java.TestType] [12188] - Action Type : WaitForElement
[INFO ][2016-02-05 17:28:14,082][com.java.TestType] [12207] -  RESULT true
[INFO ][2016-02-05 17:28:14,082][com.java.TestType] [12324] - ?   P A S S   ?
[DEBUG][2016-02-05 17:28:14,083][com.java.TestType] [12130] - Concept ID:1 :: Step being Executed: 1::15
[INFO ][2016-02-05 17:28:14,083][com.java.TestType] [12168] - dataFields : LNK
[DEBUG][2016-02-05 17:28:14,083][com.java.TestType] [12174] - <In Set values of the page>
[DEBUG][2016-02-05 17:28:14,083][com.java.TestType] [12179] - {Data Fields & Data Values Exist}
[INFO ][2016-02-05 17:28:14,083][com.java.TestType] [12185] - --------------------------setting values-----------------------------
[INFO ][2016-02-05 17:28:14,083][com.java.TestType] [12188] - Action Type : Verify
[INFO ][2016-02-05 17:28:14,083][com.java.TestType] [ 8355] - field= LNK value= Logout
[INFO ][2016-02-05 17:28:14,086][com.java.TestType] [ 6727] - value = Logout
[INFO ][2016-02-05 17:28:14,123][com.java.TestType] [12207] -  RESULT true
[INFO ][2016-02-05 17:28:14,123][com.java.TestType] [12324] - ?   P A S S   ?
[DEBUG][2016-02-05 17:28:14,123][com.java.TestType] [12130] - Concept ID:1 :: Step being Executed: 1::16
[INFO ][2016-02-05 17:28:14,124][com.java.TestType] [12168] - dataFields : BTN
[DEBUG][2016-02-05 17:28:14,124][com.java.TestType] [12174] - <In Set values of the page>
[DEBUG][2016-02-05 17:28:14,124][com.java.TestType] [12179] - {Data Fields & Data Values Exist}
[INFO ][2016-02-05 17:28:14,124][com.java.TestType] [12185] - --------------------------setting values-----------------------------
[INFO ][2016-02-05 17:28:14,124][com.java.TestType] [12188] - Action Type : Verify
[INFO ][2016-02-05 17:28:14,124][com.java.TestType] [ 8355] - field= BTN value= //img[contains(@src,'bdlogo.jpg')]
[INFO ][2016-02-05 17:28:14,124][com.java.TestType] [ 6727] - value = //img[contains(@src,'bdlogo.jpg')]
[INFO ][2016-02-05 17:28:14,195][com.java.TestType] [12207] -  RESULT true
[INFO ][2016-02-05 17:28:14,195][com.java.TestType] [12324] - ?   P A S S   ?
[INFO ][2016-02-05 17:28:14,195][com.java.TestType] [12395] - Looping End......
[INFO ][2016-02-05 17:28:14,197][com.java.SeleniumDriver] [  930] -  RESULT true
[INFO ][2016-02-05 17:28:14,197][com.java.SeleniumDriver] [ 1136] - ?   P A S S   ?
[INFO ][2016-02-05 17:28:14,197][com.java.SeleniumDriver] [  856] - ------------------------------------------
[INFO ][2016-02-05 17:28:14,197][com.java.SeleniumDriver] [  857] - Test case being Executed: 1
[INFO ][2016-02-05 17:28:14,197][com.java.SeleniumDriver] [  869] - Test step:2
[INFO ][2016-02-05 17:28:14,197][com.java.SeleniumDriver] [  881] - Datavalue is----------Concept#2:1-2
[INFO ][2016-02-05 17:28:14,197][com.java.SeleniumDriver] [  905] - DataField : test
[INFO ][2016-02-05 17:28:14,197][com.java.SeleniumDriver] [  907] - DataValue : Concept#2:1-2
[INFO ][2016-02-05 17:28:14,197][com.java.SeleniumDriver] [  913] - <In Set values of the page>
[INFO ][2016-02-05 17:28:14,197][com.java.SeleniumDriver] [  916] - {Data Fields & Data Values Exist}
[INFO ][2016-02-05 17:28:14,197][com.java.SeleniumDriver] [  918] - --------------------------setting values-----------------------------
[INFO ][2016-02-05 17:28:14,197][com.java.SeleniumDriver] [  921] - Action Type : ExecuteTestCase
[INFO ][2016-02-05 17:28:14,198][com.java.TestType] [  448] - The Concept sheet name is ---------- Concept
[INFO ][2016-02-05 17:28:14,198][com.java.TestType] [  451] - The Concept ID  is ---------- 2
[DEBUG][2016-02-05 17:28:14,198][com.java.TestType] [  455] - Steps being executted in the Concept are: 1:2
[INFO ][2016-02-05 17:28:14,198][com.java.TestType] [  462] - Test data details path ---------- D:\BankersDashboard\TestInputs\TestData.xls
[INFO ][2016-02-05 17:28:14,216][com.java.TestType] [  493] -  str(1) = 2
[INFO ][2016-02-05 17:28:14,217][com.java.TestType] [  496] - Test case Id is---2
[INFO ][2016-02-05 17:28:14,217][com.java.TestType] [  498] - 2
[INFO ][2016-02-05 17:28:14,217][com.java.TestType] [  493] -  str(2) = 1
[INFO ][2016-02-05 17:28:14,219][com.java.TestType] [  493] -  str(1) = 2
[INFO ][2016-02-05 17:28:14,219][com.java.TestType] [  496] - Test case Id is---2
[INFO ][2016-02-05 17:28:14,219][com.java.TestType] [  498] - 2
[INFO ][2016-02-05 17:28:14,219][com.java.TestType] [  493] -  str(2) = 2
[INFO ][2016-02-05 17:28:14,219][com.java.TestType] [  493] -  str(1) = 2
[INFO ][2016-02-05 17:28:14,220][com.java.TestType] [  496] - Test case Id is---2
[INFO ][2016-02-05 17:28:14,220][com.java.TestType] [  498] - 2
[INFO ][2016-02-05 17:28:14,220][com.java.TestType] [  493] -  str(2) = 3
[INFO ][2016-02-05 17:28:14,220][com.java.TestType] [12089] - Looping 1TCID = 2
[DEBUG][2016-02-05 17:28:14,220][com.java.TestType] [12130] - Concept ID:2 :: Step being Executed: 2::1
[INFO ][2016-02-05 17:28:14,221][com.java.TestType] [12168] - dataFields : BNK//select[@id='bank']
[DEBUG][2016-02-05 17:28:14,221][com.java.TestType] [12174] - <In Set values of the page>
[DEBUG][2016-02-05 17:28:14,221][com.java.TestType] [12179] - {Data Fields & Data Values Exist}
[INFO ][2016-02-05 17:28:14,221][com.java.TestType] [12185] - --------------------------setting values-----------------------------
[INFO ][2016-02-05 17:28:14,221][com.java.TestType] [12188] - Action Type : Select
[INFO ][2016-02-05 17:28:14,221][com.java.TestType] [ 6727] - value = PFC
[INFO ][2016-02-05 17:28:14,440][com.java.TestType] [12207] -  RESULT true
[INFO ][2016-02-05 17:28:14,440][com.java.TestType] [12324] - ?   P A S S   ?
[DEBUG][2016-02-05 17:28:14,440][com.java.TestType] [12130] - Concept ID:2 :: Step being Executed: 2::2
[INFO ][2016-02-05 17:28:14,440][com.java.TestType] [12168] - dataFields : LNKLogout
[DEBUG][2016-02-05 17:28:14,440][com.java.TestType] [12174] - <In Set values of the page>
[DEBUG][2016-02-05 17:28:14,441][com.java.TestType] [12179] - {Data Fields & Data Values Exist}
[INFO ][2016-02-05 17:28:14,441][com.java.TestType] [12185] - --------------------------setting values-----------------------------
[INFO ][2016-02-05 17:28:14,441][com.java.TestType] [12188] - Action Type : WaitTime
[DEBUG][2016-02-05 17:28:14,441][com.java.TestType] [ 6541] - sleepTime: 5000
[INFO ][2016-02-05 17:28:19,441][com.java.TestType] [12207] -  RESULT true
[INFO ][2016-02-05 17:28:19,441][com.java.TestType] [12324] - ?   P A S S   ?
[INFO ][2016-02-05 17:28:19,441][com.java.TestType] [12395] - Looping End......
[INFO ][2016-02-05 17:28:19,443][com.java.SeleniumDriver] [  930] -  RESULT true
[INFO ][2016-02-05 17:28:19,444][com.java.SeleniumDriver] [ 1136] - ?   P A S S   ?
[INFO ][2016-02-05 17:28:19,444][com.java.SeleniumDriver] [  856] - ------------------------------------------
[INFO ][2016-02-05 17:28:19,445][com.java.SeleniumDriver] [  857] - Test case being Executed: 1
[INFO ][2016-02-05 17:28:19,445][com.java.SeleniumDriver] [  869] - Test step:3
[INFO ][2016-02-05 17:28:19,445][com.java.SeleniumDriver] [  881] - Datavalue is----------2
[INFO ][2016-02-05 17:28:19,445][com.java.SeleniumDriver] [  905] - DataField : XPH//button[contains(text(),'Add Content')]
[INFO ][2016-02-05 17:28:19,445][com.java.SeleniumDriver] [  907] - DataValue : 2
[INFO ][2016-02-05 17:28:19,445][com.java.SeleniumDriver] [  913] - <In Set values of the page>
[INFO ][2016-02-05 17:28:19,445][com.java.SeleniumDriver] [  916] - {Data Fields & Data Values Exist}
[INFO ][2016-02-05 17:28:19,445][com.java.SeleniumDriver] [  918] - --------------------------setting values-----------------------------
[INFO ][2016-02-05 17:28:19,445][com.java.SeleniumDriver] [  921] - Action Type : WAITFORELEMENT
[INFO ][2016-02-05 17:28:19,484][com.java.SeleniumDriver] [  930] -  RESULT true
[INFO ][2016-02-05 17:28:19,484][com.java.SeleniumDriver] [ 1136] - ?   P A S S   ?
[DEBUG][2016-02-05 17:28:19,484][com.java.SeleniumDriver] [ 1248] - Case found
[DEBUG][2016-02-05 17:28:19,484][com.java.SeleniumDriver] [ 1253] - Incrementing ReportCounters[0]:1
[INFO ][2016-02-05 17:28:19,484][com.java.SeleniumDriver] [ 1272] - The results are-------------------[1, 1, Valid Login, Pass, , Fri Feb 05 17:28:14 IST 2016, 1, 2, Valid Login, Pass, , Fri Feb 05 17:28:19 IST 2016, 1, 3, Valid Login, Pass, , Fri Feb 05 17:28:19 IST 2016]
[INFO ][2016-02-05 17:28:19,484][com.java.SeleniumDriver] [ 1276] - End time is-------37 sec
[INFO ][2016-02-05 17:28:19,484][com.java.SeleniumDriver] [ 1277] - The results are-------------------[1, 1, Valid Login, Pass, , Fri Feb 05 17:28:14 IST 2016, 1, 2, Valid Login, Pass, , Fri Feb 05 17:28:19 IST 2016, 1, 3, Valid Login, Pass, , Fri Feb 05 17:28:19 IST 2016]
[DEBUG][2016-02-05 17:28:19,485][com.java.ImportnExport.ExportTestResultsExcel] [  222] - testResultPath = D:\BankersDashboard/TestReports/Test Results_BankersDashBoard_020516_172743_IE10_Bank of North Carolina.xls
[DEBUG][2016-02-05 17:28:19,485][com.java.ImportnExport.ExportTestResultsExcel] [  223] - browser is------------IE10
[DEBUG][2016-02-05 17:28:19,530][com.java.ImportnExport.ExportTestResultsExcel] [  270] - result.size() = 18
[DEBUG][2016-02-05 17:28:19,530][com.java.ImportnExport.ExportTestResultsExcel] [  274] - No of rows in sheet=1
[DEBUG][2016-02-05 17:28:19,530][com.java.ImportnExport.ExportTestResultsExcel] [  301] - ..in export..1
[DEBUG][2016-02-05 17:28:19,530][com.java.ImportnExport.ExportTestResultsExcel] [  301] - ..in export..Valid Login
[DEBUG][2016-02-05 17:28:19,530][com.java.ImportnExport.ExportTestResultsExcel] [  301] - ..in export..Pass
[DEBUG][2016-02-05 17:28:19,531][com.java.ImportnExport.ExportTestResultsExcel] [  301] - ..in export..
[DEBUG][2016-02-05 17:28:19,532][com.java.ImportnExport.ExportTestResultsExcel] [  301] - ..in export..Fri Feb 05 17:28:14 IST 2016
[INFO ][2016-02-05 17:28:19,533][com.java.SeleniumDriver] [ 1337] - out loop:0 size:2 TestCases:[1, 2] testcases:[1, 2]
[INFO ][2016-02-05 17:28:19,533][com.java.ImportnExport.ImportTestDataDetailsExcel] [   49] - test data details path===== D:\BankersDashboard\TestInputs\TestData.xls
[INFO ][2016-02-05 17:28:39,553][com.java.SeleniumDriver] [  856] - ------------------------------------------
[INFO ][2016-02-05 17:28:39,553][com.java.SeleniumDriver] [  857] - Test case being Executed: 2
[INFO ][2016-02-05 17:28:39,553][com.java.SeleniumDriver] [  869] - Test step:1
[INFO ][2016-02-05 17:28:39,553][com.java.SeleniumDriver] [  881] - Datavalue is----------Logout
[INFO ][2016-02-05 17:28:39,553][com.java.SeleniumDriver] [  905] - DataField : BTN
[INFO ][2016-02-05 17:28:39,553][com.java.SeleniumDriver] [  907] - DataValue : Logout
[INFO ][2016-02-05 17:28:39,553][com.java.SeleniumDriver] [  913] - <In Set values of the page>
[INFO ][2016-02-05 17:28:39,553][com.java.SeleniumDriver] [  916] - {Data Fields & Data Values Exist}
[INFO ][2016-02-05 17:28:39,553][com.java.SeleniumDriver] [  918] - --------------------------setting values-----------------------------
[INFO ][2016-02-05 17:28:39,553][com.java.SeleniumDriver] [  921] - Action Type : Verify
[INFO ][2016-02-05 17:28:39,553][com.java.TestType] [ 8355] - field= BTN value= Logout
[INFO ][2016-02-05 17:28:39,554][com.java.TestType] [ 6727] - value = Logout
[INFO ][2016-02-05 17:28:39,635][com.java.SeleniumDriver] [  930] -  RESULT true
[INFO ][2016-02-05 17:28:39,635][com.java.SeleniumDriver] [ 1136] - ?   P A S S   ?
[INFO ][2016-02-05 17:28:39,635][com.java.SeleniumDriver] [ 1178] - step change to 3
[INFO ][2016-02-05 17:28:39,635][com.java.SeleniumDriver] [  856] - ------------------------------------------
[INFO ][2016-02-05 17:28:39,636][com.java.SeleniumDriver] [  857] - Test case being Executed: 2
[INFO ][2016-02-05 17:28:39,636][com.java.SeleniumDriver] [  869] - Test step:3
[INFO ][2016-02-05 17:28:39,636][com.java.SeleniumDriver] [  881] - Datavalue is----------Concept#2:1-2
[INFO ][2016-02-05 17:28:39,636][com.java.SeleniumDriver] [  905] - DataField : test
[INFO ][2016-02-05 17:28:39,636][com.java.SeleniumDriver] [  907] - DataValue : Concept#2:1-2
[INFO ][2016-02-05 17:28:39,636][com.java.SeleniumDriver] [  913] - <In Set values of the page>
[INFO ][2016-02-05 17:28:39,636][com.java.SeleniumDriver] [  916] - {Data Fields & Data Values Exist}
[INFO ][2016-02-05 17:28:39,636][com.java.SeleniumDriver] [  918] - --------------------------setting values-----------------------------
[INFO ][2016-02-05 17:28:39,636][com.java.SeleniumDriver] [  921] - Action Type : ExecuteTestCase
[INFO ][2016-02-05 17:28:39,636][com.java.TestType] [  448] - The Concept sheet name is ---------- Concept
[INFO ][2016-02-05 17:28:39,636][com.java.TestType] [  451] - The Concept ID  is ---------- 2
[DEBUG][2016-02-05 17:28:39,636][com.java.TestType] [  455] - Steps being executted in the Concept are: 1:2
[INFO ][2016-02-05 17:28:39,636][com.java.TestType] [  462] - Test data details path ---------- D:\BankersDashboard\TestInputs\TestData.xls
[INFO ][2016-02-05 17:28:39,653][com.java.TestType] [  493] -  str(1) = 2
[INFO ][2016-02-05 17:28:39,654][com.java.TestType] [  496] - Test case Id is---2
[INFO ][2016-02-05 17:28:39,654][com.java.TestType] [  498] - 2
[INFO ][2016-02-05 17:28:39,654][com.java.TestType] [  493] -  str(2) = 1
[INFO ][2016-02-05 17:28:39,656][com.java.TestType] [  493] -  str(1) = 2
[INFO ][2016-02-05 17:28:39,656][com.java.TestType] [  496] - Test case Id is---2
[INFO ][2016-02-05 17:28:39,656][com.java.TestType] [  498] - 2
[INFO ][2016-02-05 17:28:39,656][com.java.TestType] [  493] -  str(2) = 2
[INFO ][2016-02-05 17:28:39,657][com.java.TestType] [  493] -  str(1) = 2
[INFO ][2016-02-05 17:28:39,657][com.java.TestType] [  496] - Test case Id is---2
[INFO ][2016-02-05 17:28:39,657][com.java.TestType] [  498] - 2
[INFO ][2016-02-05 17:28:39,657][com.java.TestType] [  493] -  str(2) = 3
[INFO ][2016-02-05 17:28:39,658][com.java.TestType] [12089] - Looping 1TCID = 2
[DEBUG][2016-02-05 17:28:39,658][com.java.TestType] [12130] - Concept ID:2 :: Step being Executed: 2::1
[INFO ][2016-02-05 17:28:39,658][com.java.TestType] [12168] - dataFields : BNK//select[@id='bank']
[DEBUG][2016-02-05 17:28:39,658][com.java.TestType] [12174] - <In Set values of the page>
[DEBUG][2016-02-05 17:28:39,658][com.java.TestType] [12179] - {Data Fields & Data Values Exist}
[INFO ][2016-02-05 17:28:39,658][com.java.TestType] [12185] - --------------------------setting values-----------------------------
[INFO ][2016-02-05 17:28:39,658][com.java.TestType] [12188] - Action Type : Select
[INFO ][2016-02-05 17:28:39,658][com.java.TestType] [ 6727] - value = PFC
[INFO ][2016-02-05 17:28:39,879][com.java.TestType] [12207] -  RESULT true
[INFO ][2016-02-05 17:28:39,879][com.java.TestType] [12324] - ?   P A S S   ?
[DEBUG][2016-02-05 17:28:39,879][com.java.TestType] [12130] - Concept ID:2 :: Step being Executed: 2::2
[INFO ][2016-02-05 17:28:39,879][com.java.TestType] [12168] - dataFields : LNKLogout
[DEBUG][2016-02-05 17:28:39,879][com.java.TestType] [12174] - <In Set values of the page>
[DEBUG][2016-02-05 17:28:39,880][com.java.TestType] [12179] - {Data Fields & Data Values Exist}
[INFO ][2016-02-05 17:28:39,880][com.java.TestType] [12185] - --------------------------setting values-----------------------------
[INFO ][2016-02-05 17:28:39,880][com.java.TestType] [12188] - Action Type : WaitTime
[DEBUG][2016-02-05 17:28:39,880][com.java.TestType] [ 6541] - sleepTime: 5000
[INFO ][2016-02-05 17:28:44,880][com.java.TestType] [12207] -  RESULT true
[INFO ][2016-02-05 17:28:44,880][com.java.TestType] [12324] - ?   P A S S   ?
[INFO ][2016-02-05 17:28:44,880][com.java.TestType] [12395] - Looping End......
[INFO ][2016-02-05 17:28:44,881][com.java.SeleniumDriver] [  930] -  RESULT true
[INFO ][2016-02-05 17:28:44,881][com.java.SeleniumDriver] [ 1136] - ?   P A S S   ?
[INFO ][2016-02-05 17:28:44,882][com.java.SeleniumDriver] [  856] - ------------------------------------------
[INFO ][2016-02-05 17:28:44,882][com.java.SeleniumDriver] [  857] - Test case being Executed: 2
[INFO ][2016-02-05 17:28:44,882][com.java.SeleniumDriver] [  869] - Test step:4
[INFO ][2016-02-05 17:28:44,882][com.java.SeleniumDriver] [  881] - Datavalue is----------2
[INFO ][2016-02-05 17:28:44,882][com.java.SeleniumDriver] [  905] - DataField : XPH//span[@class='icon-compass']
[INFO ][2016-02-05 17:28:44,882][com.java.SeleniumDriver] [  907] - DataValue : 2
[INFO ][2016-02-05 17:28:44,882][com.java.SeleniumDriver] [  913] - <In Set values of the page>
[INFO ][2016-02-05 17:28:44,882][com.java.SeleniumDriver] [  916] - {Data Fields & Data Values Exist}
[INFO ][2016-02-05 17:28:44,882][com.java.SeleniumDriver] [  918] - --------------------------setting values-----------------------------
[INFO ][2016-02-05 17:28:44,882][com.java.SeleniumDriver] [  921] - Action Type : WaitForElement
[INFO ][2016-02-05 17:28:44,919][com.java.SeleniumDriver] [  930] -  RESULT true
[INFO ][2016-02-05 17:28:44,919][com.java.SeleniumDriver] [ 1136] - ?   P A S S   ?
[INFO ][2016-02-05 17:28:44,919][com.java.SeleniumDriver] [  856] - ------------------------------------------
[INFO ][2016-02-05 17:28:44,919][com.java.SeleniumDriver] [  857] - Test case being Executed: 2
[INFO ][2016-02-05 17:28:44,919][com.java.SeleniumDriver] [  869] - Test step:5
[INFO ][2016-02-05 17:28:44,919][com.java.SeleniumDriver] [  881] - Datavalue is----------2
[INFO ][2016-02-05 17:28:44,920][com.java.SeleniumDriver] [  905] - DataField : XPH//button[contains(@class,'menu-item handle')]
[INFO ][2016-02-05 17:28:44,920][com.java.SeleniumDriver] [  907] - DataValue : 2
[INFO ][2016-02-05 17:28:44,920][com.java.SeleniumDriver] [  913] - <In Set values of the page>
[INFO ][2016-02-05 17:28:44,920][com.java.SeleniumDriver] [  916] - {Data Fields & Data Values Exist}
[INFO ][2016-02-05 17:28:44,920][com.java.SeleniumDriver] [  918] - --------------------------setting values-----------------------------
[INFO ][2016-02-05 17:28:44,920][com.java.SeleniumDriver] [  921] - Action Type : WaitForElement
[INFO ][2016-02-05 17:28:44,956][com.java.SeleniumDriver] [  930] -  RESULT true
[INFO ][2016-02-05 17:28:44,956][com.java.SeleniumDriver] [ 1136] - ?   P A S S   ?
[INFO ][2016-02-05 17:28:44,956][com.java.SeleniumDriver] [  856] - ------------------------------------------
[INFO ][2016-02-05 17:28:44,956][com.java.SeleniumDriver] [  857] - Test case being Executed: 2
[INFO ][2016-02-05 17:28:44,956][com.java.SeleniumDriver] [  869] - Test step:6
[INFO ][2016-02-05 17:28:44,956][com.java.SeleniumDriver] [  881] - Datavalue is----------null
[DEBUG][2016-02-05 17:28:44,956][com.java.SeleniumDriver] [  899] - Exception: null
[INFO ][2016-02-05 17:28:44,956][com.java.SeleniumDriver] [  905] - DataField : XPH//button[contains(@class,'menu-item handle')]
[INFO ][2016-02-05 17:28:44,957][com.java.SeleniumDriver] [  907] - DataValue : 
[INFO ][2016-02-05 17:28:44,957][com.java.SeleniumDriver] [  913] - <In Set values of the page>
[INFO ][2016-02-05 17:28:44,957][com.java.SeleniumDriver] [  916] - {Data Fields & Data Values Exist}
[INFO ][2016-02-05 17:28:44,957][com.java.SeleniumDriver] [  918] - --------------------------setting values-----------------------------
[INFO ][2016-02-05 17:28:44,957][com.java.SeleniumDriver] [  921] - Action Type : Click
[INFO ][2016-02-05 17:28:44,957][com.java.TestType] [ 7122] - Field ::XPH//button[contains(@class,'menu-item handle')]
[INFO ][2016-02-05 17:28:44,957][com.java.TestType] [ 6727] - value = 
[INFO ][2016-02-05 17:28:45,957][com.java.TestType] [ 7299] - BEFORE CLICK
[INFO ][2016-02-05 17:28:46,874][com.java.TestType] [ 7307] - Unable to click the object Collapse Menu
[INFO ][2016-02-05 17:28:46,874][com.java.SeleniumDriver] [  930] -  RESULT true
[INFO ][2016-02-05 17:28:46,875][com.java.SeleniumDriver] [ 1136] - ?   P A S S   ?
[INFO ][2016-02-05 17:28:46,875][com.java.SeleniumDriver] [  856] - ------------------------------------------
[INFO ][2016-02-05 17:28:46,875][com.java.SeleniumDriver] [  857] - Test case being Executed: 2
[INFO ][2016-02-05 17:28:46,875][com.java.SeleniumDriver] [  869] - Test step:7
[INFO ][2016-02-05 17:28:46,875][com.java.SeleniumDriver] [  881] - Datavalue is----------null
[DEBUG][2016-02-05 17:28:46,875][com.java.SeleniumDriver] [  899] - Exception: null
[INFO ][2016-02-05 17:28:46,875][com.java.SeleniumDriver] [  905] - DataField : XPH//button[@id='menu-toggle']
[INFO ][2016-02-05 17:28:46,875][com.java.SeleniumDriver] [  907] - DataValue : 
[INFO ][2016-02-05 17:28:46,875][com.java.SeleniumDriver] [  913] - <In Set values of the page>
[INFO ][2016-02-05 17:28:46,875][com.java.SeleniumDriver] [  916] - {Data Fields & Data Values Exist}
[INFO ][2016-02-05 17:28:46,875][com.java.SeleniumDriver] [  918] - --------------------------setting values-----------------------------
[INFO ][2016-02-05 17:28:46,875][com.java.SeleniumDriver] [  921] - Action Type : Click
[INFO ][2016-02-05 17:28:46,876][com.java.TestType] [ 7122] - Field ::XPH//button[@id='menu-toggle']
[INFO ][2016-02-05 17:28:46,876][com.java.TestType] [ 6727] - value = 
[INFO ][2016-02-05 17:28:47,876][com.java.TestType] [ 7299] - BEFORE CLICK
[INFO ][2016-02-05 17:28:48,915][com.java.TestType] [ 7307] - Unable to click the object Hide left menu 
[INFO ][2016-02-05 17:28:48,915][com.java.SeleniumDriver] [  930] -  RESULT true
[INFO ][2016-02-05 17:28:48,915][com.java.SeleniumDriver] [ 1136] - ?   P A S S   ?
[INFO ][2016-02-05 17:28:48,915][com.java.SeleniumDriver] [  856] - ------------------------------------------
[INFO ][2016-02-05 17:28:48,915][com.java.SeleniumDriver] [  857] - Test case being Executed: 2
[INFO ][2016-02-05 17:28:48,915][com.java.SeleniumDriver] [  869] - Test step:8
[INFO ][2016-02-05 17:28:48,915][com.java.SeleniumDriver] [  881] - Datavalue is----------null
[DEBUG][2016-02-05 17:28:48,915][com.java.SeleniumDriver] [  899] - Exception: null
[INFO ][2016-02-05 17:28:48,915][com.java.SeleniumDriver] [  905] - DataField : XPH//button[@id='menu-toggle']
[INFO ][2016-02-05 17:28:48,915][com.java.SeleniumDriver] [  907] - DataValue : 
[INFO ][2016-02-05 17:28:48,915][com.java.SeleniumDriver] [  913] - <In Set values of the page>
[INFO ][2016-02-05 17:28:48,916][com.java.SeleniumDriver] [  916] - {Data Fields & Data Values Exist}
[INFO ][2016-02-05 17:28:48,916][com.java.SeleniumDriver] [  918] - --------------------------setting values-----------------------------
[INFO ][2016-02-05 17:28:48,916][com.java.SeleniumDriver] [  921] - Action Type : Click
[INFO ][2016-02-05 17:28:48,916][com.java.TestType] [ 7122] - Field ::XPH//button[@id='menu-toggle']
[INFO ][2016-02-05 17:28:48,916][com.java.TestType] [ 6727] - value = 
[INFO ][2016-02-05 17:28:49,916][com.java.TestType] [ 7299] - BEFORE CLICK
[INFO ][2016-02-05 17:28:50,850][com.java.TestType] [ 7307] - Unable to click the object Hide left menu 
[INFO ][2016-02-05 17:28:50,850][com.java.SeleniumDriver] [  930] -  RESULT true
[INFO ][2016-02-05 17:28:50,850][com.java.SeleniumDriver] [ 1136] - ?   P A S S   ?
[INFO ][2016-02-05 17:28:50,850][com.java.SeleniumDriver] [  856] - ------------------------------------------
[INFO ][2016-02-05 17:28:50,850][com.java.SeleniumDriver] [  857] - Test case being Executed: 2
[INFO ][2016-02-05 17:28:50,850][com.java.SeleniumDriver] [  869] - Test step:9
[INFO ][2016-02-05 17:28:50,850][com.java.SeleniumDriver] [  881] - Datavalue is----------null
[DEBUG][2016-02-05 17:28:50,850][com.java.SeleniumDriver] [  899] - Exception: null
[INFO ][2016-02-05 17:28:50,850][com.java.SeleniumDriver] [  905] - DataField : XPH//button[@class='menu-item handle']
[INFO ][2016-02-05 17:28:50,850][com.java.SeleniumDriver] [  907] - DataValue : 
[INFO ][2016-02-05 17:28:50,850][com.java.SeleniumDriver] [  913] - <In Set values of the page>
[INFO ][2016-02-05 17:28:50,850][com.java.SeleniumDriver] [  916] - {Data Fields & Data Values Exist}
[INFO ][2016-02-05 17:28:50,851][com.java.SeleniumDriver] [  918] - --------------------------setting values-----------------------------
[INFO ][2016-02-05 17:28:50,851][com.java.SeleniumDriver] [  921] - Action Type : Click
[INFO ][2016-02-05 17:28:50,851][com.java.TestType] [ 7122] - Field ::XPH//button[@class='menu-item handle']
[INFO ][2016-02-05 17:28:50,851][com.java.TestType] [ 6727] - value = 
[INFO ][2016-02-05 17:28:51,851][com.java.TestType] [ 7299] - BEFORE CLICK
[INFO ][2016-02-05 17:28:52,791][com.java.TestType] [ 7307] - Unable to click the object Expand menu
[INFO ][2016-02-05 17:28:52,791][com.java.SeleniumDriver] [  930] -  RESULT true
[INFO ][2016-02-05 17:28:52,791][com.java.SeleniumDriver] [ 1136] - ?   P A S S   ?
[INFO ][2016-02-05 17:28:52,791][com.java.SeleniumDriver] [  856] - ------------------------------------------
[INFO ][2016-02-05 17:28:52,791][com.java.SeleniumDriver] [  857] - Test case being Executed: 2
[INFO ][2016-02-05 17:28:52,791][com.java.SeleniumDriver] [  869] - Test step:10
[INFO ][2016-02-05 17:28:52,791][com.java.SeleniumDriver] [  881] - Datavalue is----------2
[INFO ][2016-02-05 17:28:52,791][com.java.SeleniumDriver] [  905] - DataField : XPH//span[contains(@class,'glyphicon glyphicon-bell')]
[INFO ][2016-02-05 17:28:52,791][com.java.SeleniumDriver] [  907] - DataValue : 2
[INFO ][2016-02-05 17:28:52,791][com.java.SeleniumDriver] [  913] - <In Set values of the page>
[INFO ][2016-02-05 17:28:52,791][com.java.SeleniumDriver] [  916] - {Data Fields & Data Values Exist}
[INFO ][2016-02-05 17:28:52,792][com.java.SeleniumDriver] [  918] - --------------------------setting values-----------------------------
[INFO ][2016-02-05 17:28:52,792][com.java.SeleniumDriver] [  921] - Action Type : WaitForElement
[INFO ][2016-02-05 17:28:52,839][com.java.SeleniumDriver] [  930] -  RESULT true
[INFO ][2016-02-05 17:28:52,839][com.java.SeleniumDriver] [ 1136] - ?   P A S S   ?
[INFO ][2016-02-05 17:28:52,839][com.java.SeleniumDriver] [  856] - ------------------------------------------
[INFO ][2016-02-05 17:28:52,839][com.java.SeleniumDriver] [  857] - Test case being Executed: 2
[INFO ][2016-02-05 17:28:52,840][com.java.SeleniumDriver] [  869] - Test step:11
[INFO ][2016-02-05 17:28:52,840][com.java.SeleniumDriver] [  881] - Datavalue is----------null
[DEBUG][2016-02-05 17:28:52,840][com.java.SeleniumDriver] [  899] - Exception: null
[INFO ][2016-02-05 17:28:52,840][com.java.SeleniumDriver] [  905] - DataField : XPH//span[contains(@class,'glyphicon glyphicon-bell')]
[INFO ][2016-02-05 17:28:52,840][com.java.SeleniumDriver] [  907] - DataValue : 
[INFO ][2016-02-05 17:28:52,840][com.java.SeleniumDriver] [  913] - <In Set values of the page>
[INFO ][2016-02-05 17:28:52,840][com.java.SeleniumDriver] [  916] - {Data Fields & Data Values Exist}
[INFO ][2016-02-05 17:28:52,840][com.java.SeleniumDriver] [  918] - --------------------------setting values-----------------------------
[INFO ][2016-02-05 17:28:52,840][com.java.SeleniumDriver] [  921] - Action Type : Click
[INFO ][2016-02-05 17:28:52,840][com.java.TestType] [ 7122] - Field ::XPH//span[contains(@class,'glyphicon glyphicon-bell')]
[INFO ][2016-02-05 17:28:52,840][com.java.TestType] [ 6727] - value = 
[INFO ][2016-02-05 17:28:53,840][com.java.TestType] [ 7299] - BEFORE CLICK
[INFO ][2016-02-05 17:28:55,077][com.java.TestType] [ 7307] - Unable to click the object Bell Icon
[INFO ][2016-02-05 17:28:55,077][com.java.SeleniumDriver] [  930] -  RESULT true
[INFO ][2016-02-05 17:28:55,077][com.java.SeleniumDriver] [ 1136] - ?   P A S S   ?
[INFO ][2016-02-05 17:28:55,077][com.java.SeleniumDriver] [  856] - ------------------------------------------
[INFO ][2016-02-05 17:28:55,077][com.java.SeleniumDriver] [  857] - Test case being Executed: 2
[WARN ][2016-02-05 17:28:55,077][com.java.SeleniumDriver] [  861] - -----------------------Step Skipped:: 	TestCaseNo:  2	 StepNo: 12  	::	Action Type:  Click 	::		ClientName In TestData:  "SKIP" 	::	ClientName in config:  "Bank of North Carolina"-----------------------------
[INFO ][2016-02-05 17:28:55,077][com.java.SeleniumDriver] [  856] - ------------------------------------------
[INFO ][2016-02-05 17:28:55,077][com.java.SeleniumDriver] [  857] - Test case being Executed: 2
[INFO ][2016-02-05 17:28:55,077][com.java.SeleniumDriver] [  869] - Test step:13
[INFO ][2016-02-05 17:28:55,077][com.java.SeleniumDriver] [  881] - Datavalue is----------null
[DEBUG][2016-02-05 17:28:55,077][com.java.SeleniumDriver] [  899] - Exception: null
[INFO ][2016-02-05 17:28:55,078][com.java.SeleniumDriver] [  905] - DataField : XPH//div[@class='panel panel-default ng-scope'][1]//span[@class='glyphicon glyphicon-play down']
[INFO ][2016-02-05 17:28:55,078][com.java.SeleniumDriver] [  907] - DataValue : 
[INFO ][2016-02-05 17:28:55,078][com.java.SeleniumDriver] [  913] - <In Set values of the page>
[INFO ][2016-02-05 17:28:55,078][com.java.SeleniumDriver] [  916] - {Data Fields & Data Values Exist}
[INFO ][2016-02-05 17:28:55,078][com.java.SeleniumDriver] [  918] - --------------------------setting values-----------------------------
[INFO ][2016-02-05 17:28:55,078][com.java.SeleniumDriver] [  921] - Action Type : Click
[INFO ][2016-02-05 17:28:55,078][com.java.TestType] [ 7122] - Field ::XPH//div[@class='panel panel-default ng-scope'][1]//span[@class='glyphicon glyphicon-play down']
[INFO ][2016-02-05 17:28:55,078][com.java.TestType] [ 6727] - value = 
[INFO ][2016-02-05 17:28:56,078][com.java.TestType] [ 7299] - BEFORE CLICK
[INFO ][2016-02-05 17:28:56,993][com.java.TestType] [ 7307] - Unable to click the object Click BS triangle
[INFO ][2016-02-05 17:28:56,993][com.java.SeleniumDriver] [  930] -  RESULT true
[INFO ][2016-02-05 17:28:56,993][com.java.SeleniumDriver] [ 1136] - ?   P A S S   ?
[INFO ][2016-02-05 17:28:56,993][com.java.SeleniumDriver] [  856] - ------------------------------------------
[INFO ][2016-02-05 17:28:56,993][com.java.SeleniumDriver] [  857] - Test case being Executed: 2
[INFO ][2016-02-05 17:28:56,993][com.java.SeleniumDriver] [  869] - Test step:14
[INFO ][2016-02-05 17:28:56,993][com.java.SeleniumDriver] [  881] - Datavalue is----------null
[DEBUG][2016-02-05 17:28:56,993][com.java.SeleniumDriver] [  899] - Exception: null
[INFO ][2016-02-05 17:28:56,993][com.java.SeleniumDriver] [  905] - DataField : XPH//div[@class='panel panel-default ng-scope'][1]//span[@class='glyphicon glyphicon-play']
[INFO ][2016-02-05 17:28:56,993][com.java.SeleniumDriver] [  907] - DataValue : 
[INFO ][2016-02-05 17:28:56,993][com.java.SeleniumDriver] [  913] - <In Set values of the page>
[INFO ][2016-02-05 17:28:56,994][com.java.SeleniumDriver] [  916] - {Data Fields & Data Values Exist}
[INFO ][2016-02-05 17:28:56,994][com.java.SeleniumDriver] [  918] - --------------------------setting values-----------------------------
[INFO ][2016-02-05 17:28:56,994][com.java.SeleniumDriver] [  921] - Action Type : Click
[INFO ][2016-02-05 17:28:56,994][com.java.TestType] [ 7122] - Field ::XPH//div[@class='panel panel-default ng-scope'][1]//span[@class='glyphicon glyphicon-play']
[INFO ][2016-02-05 17:28:56,994][com.java.TestType] [ 6727] - value = 
[INFO ][2016-02-05 17:28:57,994][com.java.TestType] [ 7299] - BEFORE CLICK
[INFO ][2016-02-05 17:28:58,967][com.java.TestType] [ 7307] - Unable to click the object Click BS triangle
[INFO ][2016-02-05 17:28:58,967][com.java.SeleniumDriver] [  930] -  RESULT true
[INFO ][2016-02-05 17:28:58,967][com.java.SeleniumDriver] [ 1136] - ?   P A S S   ?
[INFO ][2016-02-05 17:28:58,967][com.java.SeleniumDriver] [  856] - ------------------------------------------
[INFO ][2016-02-05 17:28:58,967][com.java.SeleniumDriver] [  857] - Test case being Executed: 2
[INFO ][2016-02-05 17:28:58,967][com.java.SeleniumDriver] [  869] - Test step:15
[INFO ][2016-02-05 17:28:58,967][com.java.SeleniumDriver] [  881] - Datavalue is----------//div[@id='bsAlertsHeading']//span[@title='Show Report']
[INFO ][2016-02-05 17:28:58,967][com.java.SeleniumDriver] [  905] - DataField : BTN
[INFO ][2016-02-05 17:28:58,967][com.java.SeleniumDriver] [  907] - DataValue : //div[@id='bsAlertsHeading']//span[@title='Show Report']
[INFO ][2016-02-05 17:28:58,967][com.java.SeleniumDriver] [  913] - <In Set values of the page>
[INFO ][2016-02-05 17:28:58,967][com.java.SeleniumDriver] [  916] - {Data Fields & Data Values Exist}
[INFO ][2016-02-05 17:28:58,968][com.java.SeleniumDriver] [  918] - --------------------------setting values-----------------------------
[INFO ][2016-02-05 17:28:58,968][com.java.SeleniumDriver] [  921] - Action Type : VERIFY
[INFO ][2016-02-05 17:28:58,968][com.java.TestType] [ 8355] - field= BTN value= //div[@id='bsAlertsHeading']//span[@title='Show Report']
[INFO ][2016-02-05 17:28:58,968][com.java.TestType] [ 6727] - value = //div[@id='bsAlertsHeading']//span[@title='Show Report']
[INFO ][2016-02-05 17:28:59,052][com.java.SeleniumDriver] [  930] -  RESULT true
[INFO ][2016-02-05 17:28:59,052][com.java.SeleniumDriver] [ 1136] - ?   P A S S   ?
[INFO ][2016-02-05 17:28:59,052][com.java.SeleniumDriver] [ 1173] - Continue next step...
[INFO ][2016-02-05 17:28:59,052][com.java.SeleniumDriver] [  856] - ------------------------------------------
[INFO ][2016-02-05 17:28:59,052][com.java.SeleniumDriver] [  857] - Test case being Executed: 2
[INFO ][2016-02-05 17:28:59,052][com.java.SeleniumDriver] [  869] - Test step:16
[INFO ][2016-02-05 17:28:59,053][com.java.SeleniumDriver] [  881] - Datavalue is----------numberofupdatesbeforerefreshing
[INFO ][2016-02-05 17:28:59,053][com.java.SeleniumDriver] [  905] - DataField : XPH//span[@class='badge ng-binding ng-scope']
[INFO ][2016-02-05 17:28:59,053][com.java.SeleniumDriver] [  907] - DataValue : numberofupdatesbeforerefreshing
[INFO ][2016-02-05 17:28:59,053][com.java.SeleniumDriver] [  913] - <In Set values of the page>
[INFO ][2016-02-05 17:28:59,053][com.java.SeleniumDriver] [  916] - {Data Fields & Data Values Exist}
[INFO ][2016-02-05 17:28:59,053][com.java.SeleniumDriver] [  918] - --------------------------setting values-----------------------------
[INFO ][2016-02-05 17:28:59,053][com.java.SeleniumDriver] [  921] - Action Type : storevalue
[INFO ][2016-02-05 17:28:59,053][com.java.TestType] [ 9854] - field= XPH//span[@class='badge ng-binding ng-scope']
[DEBUG][2016-02-05 17:28:59,169][com.java.TestType] [ 9909] - Key:: numberofupdatesbeforerefreshing   Value:: 384
[INFO ][2016-02-05 17:28:59,169][com.java.SeleniumDriver] [  930] -  RESULT true
[INFO ][2016-02-05 17:28:59,169][com.java.SeleniumDriver] [ 1136] - ?   P A S S   ?
[INFO ][2016-02-05 17:28:59,169][com.java.SeleniumDriver] [  856] - ------------------------------------------
[INFO ][2016-02-05 17:28:59,170][com.java.SeleniumDriver] [  857] - Test case being Executed: 2
[INFO ][2016-02-05 17:28:59,170][com.java.SeleniumDriver] [  869] - Test step:17
[INFO ][2016-02-05 17:28:59,170][com.java.SeleniumDriver] [  881] - Datavalue is----------2
[INFO ][2016-02-05 17:28:59,170][com.java.SeleniumDriver] [  905] - DataField : XPH//span[contains(text(), "Today's Alerts")]
[INFO ][2016-02-05 17:28:59,170][com.java.SeleniumDriver] [  907] - DataValue : 2
[INFO ][2016-02-05 17:28:59,170][com.java.SeleniumDriver] [  913] - <In Set values of the page>
[INFO ][2016-02-05 17:28:59,170][com.java.SeleniumDriver] [  916] - {Data Fields & Data Values Exist}
[INFO ][2016-02-05 17:28:59,170][com.java.SeleniumDriver] [  918] - --------------------------setting values-----------------------------
[INFO ][2016-02-05 17:28:59,170][com.java.SeleniumDriver] [  921] - Action Type : WaitForElement
[INFO ][2016-02-05 17:28:59,216][com.java.SeleniumDriver] [  930] -  RESULT true
[INFO ][2016-02-05 17:28:59,216][com.java.SeleniumDriver] [ 1136] - ?   P A S S   ?
[INFO ][2016-02-05 17:28:59,217][com.java.SeleniumDriver] [  856] - ------------------------------------------
[INFO ][2016-02-05 17:28:59,217][com.java.SeleniumDriver] [  857] - Test case being Executed: 2
[INFO ][2016-02-05 17:28:59,217][com.java.SeleniumDriver] [  869] - Test step:18
[INFO ][2016-02-05 17:28:59,217][com.java.SeleniumDriver] [  881] - Datavalue is----------Today's Alerts
[INFO ][2016-02-05 17:28:59,217][com.java.SeleniumDriver] [  905] - DataField : XPH//span[contains(text(), "Today's Alerts")]
[INFO ][2016-02-05 17:28:59,217][com.java.SeleniumDriver] [  907] - DataValue : Today's Alerts
[INFO ][2016-02-05 17:28:59,217][com.java.SeleniumDriver] [  913] - <In Set values of the page>
[INFO ][2016-02-05 17:28:59,217][com.java.SeleniumDriver] [  916] - {Data Fields & Data Values Exist}
[INFO ][2016-02-05 17:28:59,217][com.java.SeleniumDriver] [  918] - --------------------------setting values-----------------------------
[INFO ][2016-02-05 17:28:59,217][com.java.SeleniumDriver] [  921] - Action Type : Verify
[INFO ][2016-02-05 17:28:59,217][com.java.TestType] [ 8355] - field= XPH//span[contains(text(), "Today's Alerts")] value= Today's Alerts
[INFO ][2016-02-05 17:28:59,217][com.java.TestType] [ 6727] - value = Today's Alerts
[INFO ][2016-02-05 17:28:59,368][com.java.SeleniumDriver] [  930] -  RESULT true
[INFO ][2016-02-05 17:28:59,368][com.java.SeleniumDriver] [ 1136] - ?   P A S S   ?
[INFO ][2016-02-05 17:28:59,368][com.java.SeleniumDriver] [  856] - ------------------------------------------
[INFO ][2016-02-05 17:28:59,368][com.java.SeleniumDriver] [  857] - Test case being Executed: 2
[INFO ][2016-02-05 17:28:59,368][com.java.SeleniumDriver] [  869] - Test step:19
[INFO ][2016-02-05 17:28:59,368][com.java.SeleniumDriver] [  881] - Datavalue is----------null
[DEBUG][2016-02-05 17:28:59,368][com.java.SeleniumDriver] [  899] - Exception: null
[INFO ][2016-02-05 17:28:59,369][com.java.SeleniumDriver] [  905] - DataField : //span[@class='icon-cog2']&&//ul[@id='Settings']/li/a&&//ul[@id='Customize']/li[3]/a
[INFO ][2016-02-05 17:28:59,369][com.java.SeleniumDriver] [  907] - DataValue : 
[INFO ][2016-02-05 17:28:59,369][com.java.SeleniumDriver] [  913] - <In Set values of the page>
[INFO ][2016-02-05 17:28:59,369][com.java.SeleniumDriver] [  916] - {Data Fields & Data Values Exist}
[INFO ][2016-02-05 17:28:59,369][com.java.SeleniumDriver] [  918] - --------------------------setting values-----------------------------
[INFO ][2016-02-05 17:28:59,369][com.java.SeleniumDriver] [  921] - Action Type : mouseover
[INFO ][2016-02-05 17:29:44,341][com.java.SeleniumDriver] [  930] -  RESULT true
[INFO ][2016-02-05 17:29:44,341][com.java.SeleniumDriver] [ 1136] - ?   P A S S   ?
[INFO ][2016-02-05 17:29:44,341][com.java.SeleniumDriver] [  856] - ------------------------------------------
[INFO ][2016-02-05 17:29:44,341][com.java.SeleniumDriver] [  857] - Test case being Executed: 2
[INFO ][2016-02-05 17:29:44,341][com.java.SeleniumDriver] [  869] - Test step:20
[INFO ][2016-02-05 17:29:44,342][com.java.SeleniumDriver] [  881] - Datavalue is----------10
[INFO ][2016-02-05 17:29:44,342][com.java.SeleniumDriver] [  905] - DataField : XPH//span[@class='ui-dialog-title']
[INFO ][2016-02-05 17:29:44,342][com.java.SeleniumDriver] [  907] - DataValue : 10
[INFO ][2016-02-05 17:29:44,342][com.java.SeleniumDriver] [  913] - <In Set values of the page>
[INFO ][2016-02-05 17:29:44,342][com.java.SeleniumDriver] [  916] - {Data Fields & Data Values Exist}
[INFO ][2016-02-05 17:29:44,342][com.java.SeleniumDriver] [  918] - --------------------------setting values-----------------------------
[INFO ][2016-02-05 17:29:44,342][com.java.SeleniumDriver] [  921] - Action Type : waitforelement
[INFO ][2016-02-05 17:29:44,420][com.java.SeleniumDriver] [  930] -  RESULT true
[INFO ][2016-02-05 17:29:44,420][com.java.SeleniumDriver] [ 1136] - ?   P A S S   ?
[INFO ][2016-02-05 17:29:44,420][com.java.SeleniumDriver] [  856] - ------------------------------------------
[INFO ][2016-02-05 17:29:44,420][com.java.SeleniumDriver] [  857] - Test case being Executed: 2
[INFO ][2016-02-05 17:29:44,420][com.java.SeleniumDriver] [  869] - Test step:21
[INFO ][2016-02-05 17:29:44,420][com.java.SeleniumDriver] [  881] - Datavalue is----------My Alerts
[INFO ][2016-02-05 17:29:44,421][com.java.SeleniumDriver] [  905] - DataField : XPH//span[@class='ui-dialog-title']
[INFO ][2016-02-05 17:29:44,421][com.java.SeleniumDriver] [  907] - DataValue : My Alerts
[INFO ][2016-02-05 17:29:44,421][com.java.SeleniumDriver] [  913] - <In Set values of the page>
[INFO ][2016-02-05 17:29:44,421][com.java.SeleniumDriver] [  916] - {Data Fields & Data Values Exist}
[INFO ][2016-02-05 17:29:44,421][com.java.SeleniumDriver] [  918] - --------------------------setting values-----------------------------
[INFO ][2016-02-05 17:29:44,421][com.java.SeleniumDriver] [  921] - Action Type : verify
[INFO ][2016-02-05 17:29:44,421][com.java.TestType] [ 8355] - field= XPH//span[@class='ui-dialog-title'] value= My Alerts
[INFO ][2016-02-05 17:29:44,421][com.java.TestType] [ 6727] - value = My Alerts
[INFO ][2016-02-05 17:29:44,548][com.java.SeleniumDriver] [  930] -  RESULT true
[INFO ][2016-02-05 17:29:44,548][com.java.SeleniumDriver] [ 1136] - ?   P A S S   ?
[INFO ][2016-02-05 17:29:44,548][com.java.SeleniumDriver] [  856] - ------------------------------------------
[INFO ][2016-02-05 17:29:44,548][com.java.SeleniumDriver] [  857] - Test case being Executed: 2
[INFO ][2016-02-05 17:29:44,548][com.java.SeleniumDriver] [  869] - Test step:22
[INFO ][2016-02-05 17:29:44,548][com.java.SeleniumDriver] [  881] - Datavalue is----------null
[DEBUG][2016-02-05 17:29:44,549][com.java.SeleniumDriver] [  899] - Exception: null
[INFO ][2016-02-05 17:29:44,549][com.java.SeleniumDriver] [  905] - DataField : BTNframeDialogContent
[INFO ][2016-02-05 17:29:44,549][com.java.SeleniumDriver] [  907] - DataValue : 
[INFO ][2016-02-05 17:29:44,549][com.java.SeleniumDriver] [  913] - <In Set values of the page>
[INFO ][2016-02-05 17:29:44,549][com.java.SeleniumDriver] [  916] - {Data Fields & Data Values Exist}
[INFO ][2016-02-05 17:29:44,549][com.java.SeleniumDriver] [  918] - --------------------------setting values-----------------------------
[INFO ][2016-02-05 17:29:44,549][com.java.SeleniumDriver] [  921] - Action Type : selectframe
[INFO ][2016-02-05 17:29:45,876][com.java.SeleniumDriver] [  930] -  RESULT true
[INFO ][2016-02-05 17:29:45,876][com.java.SeleniumDriver] [ 1136] - ?   P A S S   ?
[INFO ][2016-02-05 17:29:45,876][com.java.SeleniumDriver] [  856] - ------------------------------------------
[INFO ][2016-02-05 17:29:45,876][com.java.SeleniumDriver] [  857] - Test case being Executed: 2
[INFO ][2016-02-05 17:29:45,876][com.java.SeleniumDriver] [  869] - Test step:23
[INFO ][2016-02-05 17:29:45,876][com.java.SeleniumDriver] [  881] - Datavalue is----------null
[DEBUG][2016-02-05 17:29:45,876][com.java.SeleniumDriver] [  899] - Exception: null
[INFO ][2016-02-05 17:29:45,877][com.java.SeleniumDriver] [  905] - DataField : HDN//div[@id='BalSheet']/preceding::span[3]
[INFO ][2016-02-05 17:29:45,877][com.java.SeleniumDriver] [  907] - DataValue : 
[INFO ][2016-02-05 17:29:45,877][com.java.SeleniumDriver] [  913] - <In Set values of the page>
[INFO ][2016-02-05 17:29:45,877][com.java.SeleniumDriver] [  916] - {Data Fields & Data Values Exist}
[INFO ][2016-02-05 17:29:45,877][com.java.SeleniumDriver] [  918] - --------------------------setting values-----------------------------
[INFO ][2016-02-05 17:29:45,877][com.java.SeleniumDriver] [  921] - Action Type : click
[INFO ][2016-02-05 17:29:45,877][com.java.TestType] [ 7122] - Field ::HDN//div[@id='BalSheet']/preceding::span[3]
[INFO ][2016-02-05 17:29:45,877][com.java.TestType] [ 6727] - value = 
[INFO ][2016-02-05 17:29:46,944][com.java.SeleniumDriver] [  930] -  RESULT true
[INFO ][2016-02-05 17:29:46,944][com.java.SeleniumDriver] [ 1136] - ?   P A S S   ?
[INFO ][2016-02-05 17:29:46,944][com.java.SeleniumDriver] [  856] - ------------------------------------------
[INFO ][2016-02-05 17:29:46,944][com.java.SeleniumDriver] [  857] - Test case being Executed: 2
[INFO ][2016-02-05 17:29:46,944][com.java.SeleniumDriver] [  869] - Test step:24
[INFO ][2016-02-05 17:29:46,944][com.java.SeleniumDriver] [  881] - Datavalue is----------Alerts
[INFO ][2016-02-05 17:29:46,944][com.java.SeleniumDriver] [  905] - DataField : MSG
[INFO ][2016-02-05 17:29:46,945][com.java.SeleniumDriver] [  907] - DataValue : Alerts
[INFO ][2016-02-05 17:29:46,945][com.java.SeleniumDriver] [  913] - <In Set values of the page>
[INFO ][2016-02-05 17:29:46,945][com.java.SeleniumDriver] [  916] - {Data Fields & Data Values Exist}
[INFO ][2016-02-05 17:29:46,945][com.java.SeleniumDriver] [  918] - --------------------------setting values-----------------------------
[INFO ][2016-02-05 17:29:46,945][com.java.SeleniumDriver] [  921] - Action Type : verify
[INFO ][2016-02-05 17:29:46,945][com.java.TestType] [ 8355] - field= MSG value= Alerts
[INFO ][2016-02-05 17:29:46,945][com.java.TestType] [ 6727] - value = Alerts
[DEBUG][2016-02-05 17:29:46,945][com.java.TestType] [ 9218] - value :: Alerts
[INFO ][2016-02-05 17:29:46,987][com.java.SeleniumDriver] [  930] -  RESULT true
[INFO ][2016-02-05 17:29:46,987][com.java.SeleniumDriver] [ 1136] - ?   P A S S   ?
[INFO ][2016-02-05 17:29:46,988][com.java.SeleniumDriver] [  856] - ------------------------------------------
[INFO ][2016-02-05 17:29:46,988][com.java.SeleniumDriver] [  857] - Test case being Executed: 2
[INFO ][2016-02-05 17:29:46,988][com.java.SeleniumDriver] [  869] - Test step:25
[INFO ][2016-02-05 17:29:46,988][com.java.SeleniumDriver] [  881] - Datavalue is----------Description
[INFO ][2016-02-05 17:29:46,988][com.java.SeleniumDriver] [  905] - DataField : MSG
[INFO ][2016-02-05 17:29:46,988][com.java.SeleniumDriver] [  907] - DataValue : Description
[INFO ][2016-02-05 17:29:46,988][com.java.SeleniumDriver] [  913] - <In Set values of the page>
[INFO ][2016-02-05 17:29:46,988][com.java.SeleniumDriver] [  916] - {Data Fields & Data Values Exist}
[INFO ][2016-02-05 17:29:46,988][com.java.SeleniumDriver] [  918] - --------------------------setting values-----------------------------
[INFO ][2016-02-05 17:29:46,988][com.java.SeleniumDriver] [  921] - Action Type : verify
[INFO ][2016-02-05 17:29:46,988][com.java.TestType] [ 8355] - field= MSG value= Description
[INFO ][2016-02-05 17:29:46,988][com.java.TestType] [ 6727] - value = Description
[DEBUG][2016-02-05 17:29:46,988][com.java.TestType] [ 9218] - value :: Description
[INFO ][2016-02-05 17:29:47,009][com.java.SeleniumDriver] [  930] -  RESULT true
[INFO ][2016-02-05 17:29:47,009][com.java.SeleniumDriver] [ 1136] - ?   P A S S   ?
[INFO ][2016-02-05 17:29:47,009][com.java.SeleniumDriver] [  856] - ------------------------------------------
[INFO ][2016-02-05 17:29:47,009][com.java.SeleniumDriver] [  857] - Test case being Executed: 2
[INFO ][2016-02-05 17:29:47,009][com.java.SeleniumDriver] [  869] - Test step:26
[INFO ][2016-02-05 17:29:47,009][com.java.SeleniumDriver] [  881] - Datavalue is----------Alert %
[INFO ][2016-02-05 17:29:47,009][com.java.SeleniumDriver] [  905] - DataField : MSG
[INFO ][2016-02-05 17:29:47,009][com.java.SeleniumDriver] [  907] - DataValue : Alert %
[INFO ][2016-02-05 17:29:47,010][com.java.SeleniumDriver] [  913] - <In Set values of the page>
[INFO ][2016-02-05 17:29:47,010][com.java.SeleniumDriver] [  916] - {Data Fields & Data Values Exist}
[INFO ][2016-02-05 17:29:47,010][com.java.SeleniumDriver] [  918] - --------------------------setting values-----------------------------
[INFO ][2016-02-05 17:29:47,010][com.java.SeleniumDriver] [  921] - Action Type : verify
[INFO ][2016-02-05 17:29:47,010][com.java.TestType] [ 8355] - field= MSG value= Alert %
[INFO ][2016-02-05 17:29:47,010][com.java.TestType] [ 6727] - value = Alert %
[DEBUG][2016-02-05 17:29:47,010][com.java.TestType] [ 9218] - value :: Alert %
[INFO ][2016-02-05 17:29:47,031][com.java.SeleniumDriver] [  930] -  RESULT true
[INFO ][2016-02-05 17:29:47,031][com.java.SeleniumDriver] [ 1136] - ?   P A S S   ?
[INFO ][2016-02-05 17:29:47,031][com.java.SeleniumDriver] [  856] - ------------------------------------------
[INFO ][2016-02-05 17:29:47,031][com.java.SeleniumDriver] [  857] - Test case being Executed: 2
[INFO ][2016-02-05 17:29:47,031][com.java.SeleniumDriver] [  869] - Test step:27
[INFO ][2016-02-05 17:29:47,031][com.java.SeleniumDriver] [  881] - Datavalue is----------Alert $
[INFO ][2016-02-05 17:29:47,031][com.java.SeleniumDriver] [  905] - DataField : MSG
[INFO ][2016-02-05 17:29:47,031][com.java.SeleniumDriver] [  907] - DataValue : Alert $
[INFO ][2016-02-05 17:29:47,031][com.java.SeleniumDriver] [  913] - <In Set values of the page>
[INFO ][2016-02-05 17:29:47,031][com.java.SeleniumDriver] [  916] - {Data Fields & Data Values Exist}
[INFO ][2016-02-05 17:29:47,031][com.java.SeleniumDriver] [  918] - --------------------------setting values-----------------------------
[INFO ][2016-02-05 17:29:47,031][com.java.SeleniumDriver] [  921] - Action Type : verify
[INFO ][2016-02-05 17:29:47,031][com.java.TestType] [ 8355] - field= MSG value= Alert $
[INFO ][2016-02-05 17:29:47,031][com.java.TestType] [ 6727] - value = Alert $
[DEBUG][2016-02-05 17:29:47,032][com.java.TestType] [ 9218] - value :: Alert $
[INFO ][2016-02-05 17:29:47,112][com.java.SeleniumDriver] [  930] -  RESULT true
[INFO ][2016-02-05 17:29:47,112][com.java.SeleniumDriver] [ 1136] - ?   P A S S   ?
[INFO ][2016-02-05 17:29:47,112][com.java.SeleniumDriver] [  856] - ------------------------------------------
[INFO ][2016-02-05 17:29:47,112][com.java.SeleniumDriver] [  857] - Test case being Executed: 2
[INFO ][2016-02-05 17:29:47,112][com.java.SeleniumDriver] [  869] - Test step:28
[INFO ][2016-02-05 17:29:47,112][com.java.SeleniumDriver] [  881] - Datavalue is----------14.00
[INFO ][2016-02-05 17:29:47,113][com.java.SeleniumDriver] [  905] - DataField : TXT//table[@id='BalSheetTbl']/tbody/tr[1]/td[4]/input
[INFO ][2016-02-05 17:29:47,113][com.java.SeleniumDriver] [  907] - DataValue : 14.00
[INFO ][2016-02-05 17:29:47,113][com.java.SeleniumDriver] [  913] - <In Set values of the page>
[INFO ][2016-02-05 17:29:47,114][com.java.SeleniumDriver] [  916] - {Data Fields & Data Values Exist}
[INFO ][2016-02-05 17:29:47,114][com.java.SeleniumDriver] [  918] - --------------------------setting values-----------------------------
[INFO ][2016-02-05 17:29:47,114][com.java.SeleniumDriver] [  921] - Action Type : clearandenter
[INFO ][2016-02-05 17:29:47,234][com.java.TestType] [ 6727] - value = 14.00
[INFO ][2016-02-05 17:29:47,430][com.java.SeleniumDriver] [  930] -  RESULT true
[INFO ][2016-02-05 17:29:47,430][com.java.SeleniumDriver] [ 1136] - ?   P A S S   ?
[INFO ][2016-02-05 17:29:47,430][com.java.SeleniumDriver] [  856] - ------------------------------------------
[INFO ][2016-02-05 17:29:47,432][com.java.SeleniumDriver] [  857] - Test case being Executed: 2
[INFO ][2016-02-05 17:29:47,432][com.java.SeleniumDriver] [  869] - Test step:29
[INFO ][2016-02-05 17:29:47,432][com.java.SeleniumDriver] [  881] - Datavalue is----------10
[INFO ][2016-02-05 17:29:47,432][com.java.SeleniumDriver] [  905] - DataField : TXT//table[@id='BalSheetTbl']/tbody/tr[1]/td[4]/input
[INFO ][2016-02-05 17:29:47,432][com.java.SeleniumDriver] [  907] - DataValue : 10
[INFO ][2016-02-05 17:29:47,432][com.java.SeleniumDriver] [  913] - <In Set values of the page>
[INFO ][2016-02-05 17:29:47,432][com.java.SeleniumDriver] [  916] - {Data Fields & Data Values Exist}
[INFO ][2016-02-05 17:29:47,432][com.java.SeleniumDriver] [  918] - --------------------------setting values-----------------------------
[INFO ][2016-02-05 17:29:47,432][com.java.SeleniumDriver] [  921] - Action Type : waitforelement
[INFO ][2016-02-05 17:29:47,448][com.java.SeleniumDriver] [  930] -  RESULT true
[INFO ][2016-02-05 17:29:47,448][com.java.SeleniumDriver] [ 1136] - ?   P A S S   ?
[INFO ][2016-02-05 17:29:47,448][com.java.SeleniumDriver] [  856] - ------------------------------------------
[INFO ][2016-02-05 17:29:47,448][com.java.SeleniumDriver] [  857] - Test case being Executed: 2
[INFO ][2016-02-05 17:29:47,448][com.java.SeleniumDriver] [  869] - Test step:30
[INFO ][2016-02-05 17:29:47,448][com.java.SeleniumDriver] [  881] - Datavalue is----------changedalertpercentage1
[INFO ][2016-02-05 17:29:47,448][com.java.SeleniumDriver] [  905] - DataField : TXT//table[@id='BalSheetTbl']/tbody/tr[1]/td[4]/input
[INFO ][2016-02-05 17:29:47,448][com.java.SeleniumDriver] [  907] - DataValue : changedalertpercentage1
[INFO ][2016-02-05 17:29:47,448][com.java.SeleniumDriver] [  913] - <In Set values of the page>
[INFO ][2016-02-05 17:29:47,449][com.java.SeleniumDriver] [  916] - {Data Fields & Data Values Exist}
[INFO ][2016-02-05 17:29:47,449][com.java.SeleniumDriver] [  918] - --------------------------setting values-----------------------------
[INFO ][2016-02-05 17:29:47,449][com.java.SeleniumDriver] [  921] - Action Type : storevalue
[INFO ][2016-02-05 17:29:47,449][com.java.TestType] [ 9854] - field= TXT//table[@id='BalSheetTbl']/tbody/tr[1]/td[4]/input
[DEBUG][2016-02-05 17:29:47,511][com.java.TestType] [ 9868] - Key:: changedalertpercentage1  Value:: 14.00
[INFO ][2016-02-05 17:29:47,511][com.java.SeleniumDriver] [  930] -  RESULT true
[INFO ][2016-02-05 17:29:47,511][com.java.SeleniumDriver] [ 1136] - ?   P A S S   ?
[INFO ][2016-02-05 17:29:47,511][com.java.SeleniumDriver] [  856] - ------------------------------------------
[INFO ][2016-02-05 17:29:47,511][com.java.SeleniumDriver] [  857] - Test case being Executed: 2
[INFO ][2016-02-05 17:29:47,511][com.java.SeleniumDriver] [  869] - Test step:31
[INFO ][2016-02-05 17:29:47,511][com.java.SeleniumDriver] [  881] - Datavalue is----------80.00
[INFO ][2016-02-05 17:29:47,511][com.java.SeleniumDriver] [  905] - DataField : TXT//table[@id='BalSheetTbl']/tbody/tr[5]/td[4]/input
[INFO ][2016-02-05 17:29:47,511][com.java.SeleniumDriver] [  907] - DataValue : 80.00
[INFO ][2016-02-05 17:29:47,512][com.java.SeleniumDriver] [  913] - <In Set values of the page>
[INFO ][2016-02-05 17:29:47,512][com.java.SeleniumDriver] [  916] - {Data Fields & Data Values Exist}
[INFO ][2016-02-05 17:29:47,512][com.java.SeleniumDriver] [  918] - --------------------------setting values-----------------------------
[INFO ][2016-02-05 17:29:47,512][com.java.SeleniumDriver] [  921] - Action Type : clearandenter
[INFO ][2016-02-05 17:29:47,620][com.java.TestType] [ 6727] - value = 80.00
[INFO ][2016-02-05 17:29:47,795][com.java.SeleniumDriver] [  930] -  RESULT true
[INFO ][2016-02-05 17:29:47,795][com.java.SeleniumDriver] [ 1136] - ?   P A S S   ?
[INFO ][2016-02-05 17:29:47,795][com.java.SeleniumDriver] [  856] - ------------------------------------------
[INFO ][2016-02-05 17:29:47,795][com.java.SeleniumDriver] [  857] - Test case being Executed: 2
[INFO ][2016-02-05 17:29:47,795][com.java.SeleniumDriver] [  869] - Test step:32
[INFO ][2016-02-05 17:29:47,795][com.java.SeleniumDriver] [  881] - Datavalue is----------10
[INFO ][2016-02-05 17:29:47,795][com.java.SeleniumDriver] [  905] - DataField : TXT//table[@id='BalSheetTbl']/tbody/tr[5]/td[4]/input
[INFO ][2016-02-05 17:29:47,795][com.java.SeleniumDriver] [  907] - DataValue : 10
[INFO ][2016-02-05 17:29:47,795][com.java.SeleniumDriver] [  913] - <In Set values of the page>
[INFO ][2016-02-05 17:29:47,795][com.java.SeleniumDriver] [  916] - {Data Fields & Data Values Exist}
[INFO ][2016-02-05 17:29:47,796][com.java.SeleniumDriver] [  918] - --------------------------setting values-----------------------------
[INFO ][2016-02-05 17:29:47,796][com.java.SeleniumDriver] [  921] - Action Type : waitforelement
[INFO ][2016-02-05 17:29:47,821][com.java.SeleniumDriver] [  930] -  RESULT true
[INFO ][2016-02-05 17:29:47,821][com.java.SeleniumDriver] [ 1136] - ?   P A S S   ?
[INFO ][2016-02-05 17:29:47,821][com.java.SeleniumDriver] [  856] - ------------------------------------------
[INFO ][2016-02-05 17:29:47,821][com.java.SeleniumDriver] [  857] - Test case being Executed: 2
[INFO ][2016-02-05 17:29:47,822][com.java.SeleniumDriver] [  869] - Test step:33
[INFO ][2016-02-05 17:29:47,822][com.java.SeleniumDriver] [  881] - Datavalue is----------changedalertpercentage2
[INFO ][2016-02-05 17:29:47,822][com.java.SeleniumDriver] [  905] - DataField : TXT//table[@id='BalSheetTbl']/tbody/tr[5]/td[4]/input
[INFO ][2016-02-05 17:29:47,822][com.java.SeleniumDriver] [  907] - DataValue : changedalertpercentage2
[INFO ][2016-02-05 17:29:47,822][com.java.SeleniumDriver] [  913] - <In Set values of the page>
[INFO ][2016-02-05 17:29:47,822][com.java.SeleniumDriver] [  916] - {Data Fields & Data Values Exist}
[INFO ][2016-02-05 17:29:47,823][com.java.SeleniumDriver] [  918] - --------------------------setting values-----------------------------
[INFO ][2016-02-05 17:29:47,823][com.java.SeleniumDriver] [  921] - Action Type : storevalue
[INFO ][2016-02-05 17:29:47,824][com.java.TestType] [ 9854] - field= TXT//table[@id='BalSheetTbl']/tbody/tr[5]/td[4]/input
[DEBUG][2016-02-05 17:29:47,889][com.java.TestType] [ 9868] - Key:: changedalertpercentage2  Value:: 80.00
[INFO ][2016-02-05 17:29:47,889][com.java.SeleniumDriver] [  930] -  RESULT true
[INFO ][2016-02-05 17:29:47,889][com.java.SeleniumDriver] [ 1136] - ?   P A S S   ?
[INFO ][2016-02-05 17:29:47,889][com.java.SeleniumDriver] [  856] - ------------------------------------------
[INFO ][2016-02-05 17:29:47,889][com.java.SeleniumDriver] [  857] - Test case being Executed: 2
[INFO ][2016-02-05 17:29:47,889][com.java.SeleniumDriver] [  869] - Test step:34
[INFO ][2016-02-05 17:29:47,889][com.java.SeleniumDriver] [  881] - Datavalue is----------15.00
[INFO ][2016-02-05 17:29:47,889][com.java.SeleniumDriver] [  905] - DataField : TXT//table[@id='BalSheetTbl']/tbody/tr[7]/td[4]/input
[INFO ][2016-02-05 17:29:47,889][com.java.SeleniumDriver] [  907] - DataValue : 15.00
[INFO ][2016-02-05 17:29:47,889][com.java.SeleniumDriver] [  913] - <In Set values of the page>
[INFO ][2016-02-05 17:29:47,889][com.java.SeleniumDriver] [  916] - {Data Fields & Data Values Exist}
[INFO ][2016-02-05 17:29:47,889][com.java.SeleniumDriver] [  918] - --------------------------setting values-----------------------------
[INFO ][2016-02-05 17:29:47,889][com.java.SeleniumDriver] [  921] - Action Type : clearandenter
[INFO ][2016-02-05 17:29:47,996][com.java.TestType] [ 6727] - value = 15.00
[INFO ][2016-02-05 17:29:48,183][com.java.SeleniumDriver] [  930] -  RESULT true
[INFO ][2016-02-05 17:29:48,183][com.java.SeleniumDriver] [ 1136] - ?   P A S S   ?
[INFO ][2016-02-05 17:29:48,183][com.java.SeleniumDriver] [  856] - ------------------------------------------
[INFO ][2016-02-05 17:29:48,183][com.java.SeleniumDriver] [  857] - Test case being Executed: 2
[INFO ][2016-02-05 17:29:48,183][com.java.SeleniumDriver] [  869] - Test step:35
[INFO ][2016-02-05 17:29:48,183][com.java.SeleniumDriver] [  881] - Datavalue is----------10
[INFO ][2016-02-05 17:29:48,183][com.java.SeleniumDriver] [  905] - DataField : TXT//table[@id='BalSheetTbl']/tbody/tr[7]/td[4]/input
[INFO ][2016-02-05 17:29:48,184][com.java.SeleniumDriver] [  907] - DataValue : 10
[INFO ][2016-02-05 17:29:48,184][com.java.SeleniumDriver] [  913] - <In Set values of the page>
[INFO ][2016-02-05 17:29:48,184][com.java.SeleniumDriver] [  916] - {Data Fields & Data Values Exist}
[INFO ][2016-02-05 17:29:48,184][com.java.SeleniumDriver] [  918] - --------------------------setting values-----------------------------
[INFO ][2016-02-05 17:29:48,184][com.java.SeleniumDriver] [  921] - Action Type : waitforelement
[INFO ][2016-02-05 17:29:48,199][com.java.SeleniumDriver] [  930] -  RESULT true
[INFO ][2016-02-05 17:29:48,199][com.java.SeleniumDriver] [ 1136] - ?   P A S S   ?
[INFO ][2016-02-05 17:29:48,199][com.java.SeleniumDriver] [  856] - ------------------------------------------
[INFO ][2016-02-05 17:29:48,199][com.java.SeleniumDriver] [  857] - Test case being Executed: 2
[INFO ][2016-02-05 17:29:48,199][com.java.SeleniumDriver] [  869] - Test step:36
[INFO ][2016-02-05 17:29:48,199][com.java.SeleniumDriver] [  881] - Datavalue is----------changedalertpercentage3
[INFO ][2016-02-05 17:29:48,199][com.java.SeleniumDriver] [  905] - DataField : TXT//table[@id='BalSheetTbl']/tbody/tr[7]/td[4]/input
[INFO ][2016-02-05 17:29:48,199][com.java.SeleniumDriver] [  907] - DataValue : changedalertpercentage3
[INFO ][2016-02-05 17:29:48,200][com.java.SeleniumDriver] [  913] - <In Set values of the page>
[INFO ][2016-02-05 17:29:48,200][com.java.SeleniumDriver] [  916] - {Data Fields & Data Values Exist}
[INFO ][2016-02-05 17:29:48,200][com.java.SeleniumDriver] [  918] - --------------------------setting values-----------------------------
[INFO ][2016-02-05 17:29:48,200][com.java.SeleniumDriver] [  921] - Action Type : storevalue
[INFO ][2016-02-05 17:29:48,200][com.java.TestType] [ 9854] - field= TXT//table[@id='BalSheetTbl']/tbody/tr[7]/td[4]/input
[DEBUG][2016-02-05 17:29:48,255][com.java.TestType] [ 9868] - Key:: changedalertpercentage3  Value:: 15.00
[INFO ][2016-02-05 17:29:48,255][com.java.SeleniumDriver] [  930] -  RESULT true
[INFO ][2016-02-05 17:29:48,255][com.java.SeleniumDriver] [ 1136] - ?   P A S S   ?
[INFO ][2016-02-05 17:29:48,255][com.java.SeleniumDriver] [  856] - ------------------------------------------
[INFO ][2016-02-05 17:29:48,255][com.java.SeleniumDriver] [  857] - Test case being Executed: 2
[INFO ][2016-02-05 17:29:48,255][com.java.SeleniumDriver] [  869] - Test step:37
[INFO ][2016-02-05 17:29:48,255][com.java.SeleniumDriver] [  881] - Datavalue is----------null
[DEBUG][2016-02-05 17:29:48,255][com.java.SeleniumDriver] [  899] - Exception: null
[INFO ][2016-02-05 17:29:48,255][com.java.SeleniumDriver] [  905] - DataField : HDN//div[@id='BalSheet']/preceding::span[2]
[INFO ][2016-02-05 17:29:48,256][com.java.SeleniumDriver] [  907] - DataValue : 
[INFO ][2016-02-05 17:29:48,256][com.java.SeleniumDriver] [  913] - <In Set values of the page>
[INFO ][2016-02-05 17:29:48,256][com.java.SeleniumDriver] [  916] - {Data Fields & Data Values Exist}
[INFO ][2016-02-05 17:29:48,256][com.java.SeleniumDriver] [  918] - --------------------------setting values-----------------------------
[INFO ][2016-02-05 17:29:48,256][com.java.SeleniumDriver] [  921] - Action Type : click
[INFO ][2016-02-05 17:29:48,256][com.java.TestType] [ 7122] - Field ::HDN//div[@id='BalSheet']/preceding::span[2]
[INFO ][2016-02-05 17:29:48,256][com.java.TestType] [ 6727] - value = 
[INFO ][2016-02-05 17:29:49,373][com.java.SeleniumDriver] [  930] -  RESULT true
[INFO ][2016-02-05 17:29:49,374][com.java.SeleniumDriver] [ 1136] - ?   P A S S   ?
[INFO ][2016-02-05 17:29:49,374][com.java.SeleniumDriver] [  856] - ------------------------------------------
[INFO ][2016-02-05 17:29:49,374][com.java.SeleniumDriver] [  857] - Test case being Executed: 2
[INFO ][2016-02-05 17:29:49,374][com.java.SeleniumDriver] [  869] - Test step:38
[INFO ][2016-02-05 17:29:49,374][com.java.SeleniumDriver] [  881] - Datavalue is----------null
[DEBUG][2016-02-05 17:29:49,374][com.java.SeleniumDriver] [  899] - Exception: null
[INFO ][2016-02-05 17:29:49,374][com.java.SeleniumDriver] [  905] - DataField : HDN//div[@id='BalSheet']/preceding::span[3]
[INFO ][2016-02-05 17:29:49,374][com.java.SeleniumDriver] [  907] - DataValue : 
[INFO ][2016-02-05 17:29:49,374][com.java.SeleniumDriver] [  913] - <In Set values of the page>
[INFO ][2016-02-05 17:29:49,374][com.java.SeleniumDriver] [  916] - {Data Fields & Data Values Exist}
[INFO ][2016-02-05 17:29:49,374][com.java.SeleniumDriver] [  918] - --------------------------setting values-----------------------------
[INFO ][2016-02-05 17:29:49,374][com.java.SeleniumDriver] [  921] - Action Type : click
[INFO ][2016-02-05 17:29:49,374][com.java.TestType] [ 7122] - Field ::HDN//div[@id='BalSheet']/preceding::span[3]
[INFO ][2016-02-05 17:29:49,374][com.java.TestType] [ 6727] - value = 
[INFO ][2016-02-05 17:29:50,471][com.java.SeleniumDriver] [  930] -  RESULT true
[INFO ][2016-02-05 17:29:50,471][com.java.SeleniumDriver] [ 1136] - ?   P A S S   ?
[INFO ][2016-02-05 17:29:50,471][com.java.SeleniumDriver] [  856] - ------------------------------------------
[INFO ][2016-02-05 17:29:50,471][com.java.SeleniumDriver] [  857] - Test case being Executed: 2
[INFO ][2016-02-05 17:29:50,471][com.java.SeleniumDriver] [  869] - Test step:39
[INFO ][2016-02-05 17:29:50,471][com.java.SeleniumDriver] [  881] - Datavalue is----------15
[INFO ][2016-02-05 17:29:50,471][com.java.SeleniumDriver] [  905] - DataField : TXT//table[@id='BalSheetTbl']/tbody/tr[1]/td[4]/input
[INFO ][2016-02-05 17:29:50,471][com.java.SeleniumDriver] [  907] - DataValue : 15
[INFO ][2016-02-05 17:29:50,471][com.java.SeleniumDriver] [  913] - <In Set values of the page>
[INFO ][2016-02-05 17:29:50,472][com.java.SeleniumDriver] [  916] - {Data Fields & Data Values Exist}
[INFO ][2016-02-05 17:29:50,472][com.java.SeleniumDriver] [  918] - --------------------------setting values-----------------------------
[INFO ][2016-02-05 17:29:50,472][com.java.SeleniumDriver] [  921] - Action Type : waitforelement
[INFO ][2016-02-05 17:29:50,527][com.java.SeleniumDriver] [  930] -  RESULT true
[INFO ][2016-02-05 17:29:50,527][com.java.SeleniumDriver] [ 1136] - ?   P A S S   ?
[INFO ][2016-02-05 17:29:50,527][com.java.SeleniumDriver] [  856] - ------------------------------------------
[INFO ][2016-02-05 17:29:50,528][com.java.SeleniumDriver] [  857] - Test case being Executed: 2
[INFO ][2016-02-05 17:29:50,528][com.java.SeleniumDriver] [  869] - Test step:40
[INFO ][2016-02-05 17:29:50,528][com.java.SeleniumDriver] [  881] - Datavalue is----------HMVchangedalertpercentage1
[INFO ][2016-02-05 17:29:50,528][com.java.SeleniumDriver] [  905] - DataField : TXT//table[@id='BalSheetTbl']/tbody/tr[1]/td[4]/input
[INFO ][2016-02-05 17:29:50,528][com.java.SeleniumDriver] [  907] - DataValue : HMVchangedalertpercentage1
[INFO ][2016-02-05 17:29:50,528][com.java.SeleniumDriver] [  913] - <In Set values of the page>
[INFO ][2016-02-05 17:29:50,528][com.java.SeleniumDriver] [  916] - {Data Fields & Data Values Exist}
[INFO ][2016-02-05 17:29:50,528][com.java.SeleniumDriver] [  918] - --------------------------setting values-----------------------------
[INFO ][2016-02-05 17:29:50,528][com.java.SeleniumDriver] [  921] - Action Type : verify
[INFO ][2016-02-05 17:29:50,528][com.java.TestType] [ 8355] - field= TXT//table[@id='BalSheetTbl']/tbody/tr[1]/td[4]/input value= HMVchangedalertpercentage1
[INFO ][2016-02-05 17:29:50,529][com.java.TestType] [ 6727] - value = 14.00
[INFO ][2016-02-05 17:29:50,595][com.java.SeleniumDriver] [  930] -  RESULT true
[INFO ][2016-02-05 17:29:50,595][com.java.SeleniumDriver] [ 1136] - ?   P A S S   ?
[INFO ][2016-02-05 17:29:50,595][com.java.SeleniumDriver] [  856] - ------------------------------------------
[INFO ][2016-02-05 17:29:50,595][com.java.SeleniumDriver] [  857] - Test case being Executed: 2
[INFO ][2016-02-05 17:29:50,595][com.java.SeleniumDriver] [  869] - Test step:41
[INFO ][2016-02-05 17:29:50,595][com.java.SeleniumDriver] [  881] - Datavalue is----------HMVchangedalertpercentage2
[INFO ][2016-02-05 17:29:50,595][com.java.SeleniumDriver] [  905] - DataField : TXT//table[@id='BalSheetTbl']/tbody/tr[5]/td[4]/input
[INFO ][2016-02-05 17:29:50,597][com.java.SeleniumDriver] [  907] - DataValue : HMVchangedalertpercentage2
[INFO ][2016-02-05 17:29:50,597][com.java.SeleniumDriver] [  913] - <In Set values of the page>
[INFO ][2016-02-05 17:29:50,597][com.java.SeleniumDriver] [  916] - {Data Fields & Data Values Exist}
[INFO ][2016-02-05 17:29:50,597][com.java.SeleniumDriver] [  918] - --------------------------setting values-----------------------------
[INFO ][2016-02-05 17:29:50,597][com.java.SeleniumDriver] [  921] - Action Type : verify
[INFO ][2016-02-05 17:29:50,597][com.java.TestType] [ 8355] - field= TXT//table[@id='BalSheetTbl']/tbody/tr[5]/td[4]/input value= HMVchangedalertpercentage2
[INFO ][2016-02-05 17:29:50,597][com.java.TestType] [ 6727] - value = 80.00
[INFO ][2016-02-05 17:29:50,652][com.java.SeleniumDriver] [  930] -  RESULT true
[INFO ][2016-02-05 17:29:50,652][com.java.SeleniumDriver] [ 1136] - ?   P A S S   ?
[INFO ][2016-02-05 17:29:50,652][com.java.SeleniumDriver] [  856] - ------------------------------------------
[INFO ][2016-02-05 17:29:50,652][com.java.SeleniumDriver] [  857] - Test case being Executed: 2
[INFO ][2016-02-05 17:29:50,652][com.java.SeleniumDriver] [  869] - Test step:42
[INFO ][2016-02-05 17:29:50,652][com.java.SeleniumDriver] [  881] - Datavalue is----------HMVchangedalertpercentage3
[INFO ][2016-02-05 17:29:50,652][com.java.SeleniumDriver] [  905] - DataField : TXT//table[@id='BalSheetTbl']/tbody/tr[7]/td[4]/input
[INFO ][2016-02-05 17:29:50,652][com.java.SeleniumDriver] [  907] - DataValue : HMVchangedalertpercentage3
[INFO ][2016-02-05 17:29:50,652][com.java.SeleniumDriver] [  913] - <In Set values of the page>
[INFO ][2016-02-05 17:29:50,652][com.java.SeleniumDriver] [  916] - {Data Fields & Data Values Exist}
[INFO ][2016-02-05 17:29:50,653][com.java.SeleniumDriver] [  918] - --------------------------setting values-----------------------------
[INFO ][2016-02-05 17:29:50,653][com.java.SeleniumDriver] [  921] - Action Type : verify
[INFO ][2016-02-05 17:29:50,653][com.java.TestType] [ 8355] - field= TXT//table[@id='BalSheetTbl']/tbody/tr[7]/td[4]/input value= HMVchangedalertpercentage3
[INFO ][2016-02-05 17:29:50,653][com.java.TestType] [ 6727] - value = 15.00
[INFO ][2016-02-05 17:29:50,768][com.java.SeleniumDriver] [  930] -  RESULT true
[INFO ][2016-02-05 17:29:50,768][com.java.SeleniumDriver] [ 1136] - ?   P A S S   ?
[INFO ][2016-02-05 17:29:50,768][com.java.SeleniumDriver] [  856] - ------------------------------------------
[INFO ][2016-02-05 17:29:50,768][com.java.SeleniumDriver] [  857] - Test case being Executed: 2
[INFO ][2016-02-05 17:29:50,768][com.java.SeleniumDriver] [  869] - Test step:43
[INFO ][2016-02-05 17:29:50,768][com.java.SeleniumDriver] [  881] - Datavalue is----------null
[DEBUG][2016-02-05 17:29:50,768][com.java.SeleniumDriver] [  899] - Exception: null
[INFO ][2016-02-05 17:29:50,768][com.java.SeleniumDriver] [  905] - DataField : BTNparent
[INFO ][2016-02-05 17:29:50,769][com.java.SeleniumDriver] [  907] - DataValue : 
[INFO ][2016-02-05 17:29:50,769][com.java.SeleniumDriver] [  913] - <In Set values of the page>
[INFO ][2016-02-05 17:29:50,769][com.java.SeleniumDriver] [  916] - {Data Fields & Data Values Exist}
[INFO ][2016-02-05 17:29:50,769][com.java.SeleniumDriver] [  918] - --------------------------setting values-----------------------------
[INFO ][2016-02-05 17:29:50,769][com.java.SeleniumDriver] [  921] - Action Type : selectframe
[INFO ][2016-02-05 17:29:50,785][com.java.SeleniumDriver] [  930] -  RESULT true
[INFO ][2016-02-05 17:29:50,785][com.java.SeleniumDriver] [ 1136] - ?   P A S S   ?
[INFO ][2016-02-05 17:29:50,785][com.java.SeleniumDriver] [  856] - ------------------------------------------
[INFO ][2016-02-05 17:29:50,785][com.java.SeleniumDriver] [  857] - Test case being Executed: 2
[INFO ][2016-02-05 17:29:50,785][com.java.SeleniumDriver] [  869] - Test step:44
[INFO ][2016-02-05 17:29:50,786][com.java.SeleniumDriver] [  881] - Datavalue is----------10
[INFO ][2016-02-05 17:29:50,786][com.java.SeleniumDriver] [  905] - DataField : XPH//span[contains(text(),'Save')]
[INFO ][2016-02-05 17:29:50,786][com.java.SeleniumDriver] [  907] - DataValue : 10
[INFO ][2016-02-05 17:29:50,786][com.java.SeleniumDriver] [  913] - <In Set values of the page>
[INFO ][2016-02-05 17:29:50,786][com.java.SeleniumDriver] [  916] - {Data Fields & Data Values Exist}
[INFO ][2016-02-05 17:29:50,786][com.java.SeleniumDriver] [  918] - --------------------------setting values-----------------------------
[INFO ][2016-02-05 17:29:50,786][com.java.SeleniumDriver] [  921] - Action Type : waitforelement
[INFO ][2016-02-05 17:29:50,831][com.java.SeleniumDriver] [  930] -  RESULT true
[INFO ][2016-02-05 17:29:50,831][com.java.SeleniumDriver] [ 1136] - ?   P A S S   ?
[INFO ][2016-02-05 17:29:50,832][com.java.SeleniumDriver] [  856] - ------------------------------------------
[INFO ][2016-02-05 17:29:50,832][com.java.SeleniumDriver] [  857] - Test case being Executed: 2
[INFO ][2016-02-05 17:29:50,832][com.java.SeleniumDriver] [  869] - Test step:45
[INFO ][2016-02-05 17:29:50,832][com.java.SeleniumDriver] [  881] - Datavalue is----------null
[DEBUG][2016-02-05 17:29:50,832][com.java.SeleniumDriver] [  899] - Exception: null
[INFO ][2016-02-05 17:29:50,832][com.java.SeleniumDriver] [  905] - DataField : HDN//span[contains(text(),'Save')]
[INFO ][2016-02-05 17:29:50,832][com.java.SeleniumDriver] [  907] - DataValue : 
[INFO ][2016-02-05 17:29:50,832][com.java.SeleniumDriver] [  913] - <In Set values of the page>
[INFO ][2016-02-05 17:29:50,832][com.java.SeleniumDriver] [  916] - {Data Fields & Data Values Exist}
[INFO ][2016-02-05 17:29:50,832][com.java.SeleniumDriver] [  918] - --------------------------setting values-----------------------------
[INFO ][2016-02-05 17:29:50,832][com.java.SeleniumDriver] [  921] - Action Type : click
[INFO ][2016-02-05 17:29:50,832][com.java.TestType] [ 7122] - Field ::HDN//span[contains(text(),'Save')]
[INFO ][2016-02-05 17:29:50,832][com.java.TestType] [ 6727] - value = 
[INFO ][2016-02-05 17:29:52,119][com.java.SeleniumDriver] [  930] -  RESULT true
[INFO ][2016-02-05 17:29:52,119][com.java.SeleniumDriver] [ 1136] - ?   P A S S   ?
[INFO ][2016-02-05 17:29:52,119][com.java.SeleniumDriver] [  856] - ------------------------------------------
[INFO ][2016-02-05 17:29:52,119][com.java.SeleniumDriver] [  857] - Test case being Executed: 2
[INFO ][2016-02-05 17:29:52,119][com.java.SeleniumDriver] [  869] - Test step:46
[INFO ][2016-02-05 17:29:52,119][com.java.SeleniumDriver] [  881] - Datavalue is----------//span[@class='ui-dialog-title']
[INFO ][2016-02-05 17:29:52,119][com.java.SeleniumDriver] [  905] - DataField : BTN
[INFO ][2016-02-05 17:29:52,119][com.java.SeleniumDriver] [  907] - DataValue : //span[@class='ui-dialog-title']
[INFO ][2016-02-05 17:29:52,119][com.java.SeleniumDriver] [  913] - <In Set values of the page>
[INFO ][2016-02-05 17:29:52,120][com.java.SeleniumDriver] [  916] - {Data Fields & Data Values Exist}
[INFO ][2016-02-05 17:29:52,120][com.java.SeleniumDriver] [  918] - --------------------------setting values-----------------------------
[INFO ][2016-02-05 17:29:52,120][com.java.SeleniumDriver] [  921] - Action Type : verifynotpresent
[INFO ][2016-02-05 17:29:52,120][com.java.TestType] [10173] - field= BTN value= //span[@class='ui-dialog-title']
[INFO ][2016-02-05 17:30:12,960][com.java.SeleniumDriver] [  930] -  RESULT true
[INFO ][2016-02-05 17:30:12,961][com.java.SeleniumDriver] [ 1136] - ?   P A S S   ?
[INFO ][2016-02-05 17:30:12,961][com.java.SeleniumDriver] [  856] - ------------------------------------------
[INFO ][2016-02-05 17:30:12,961][com.java.SeleniumDriver] [  857] - Test case being Executed: 2
[INFO ][2016-02-05 17:30:12,961][com.java.SeleniumDriver] [  869] - Test step:47
[INFO ][2016-02-05 17:30:12,961][com.java.SeleniumDriver] [  881] - Datavalue is----------null
[DEBUG][2016-02-05 17:30:12,961][com.java.SeleniumDriver] [  899] - Exception: null
[INFO ][2016-02-05 17:30:12,961][com.java.SeleniumDriver] [  905] - DataField : HDN//span[@class='glyphicon glyphicon-bell']
[INFO ][2016-02-05 17:30:12,961][com.java.SeleniumDriver] [  907] - DataValue : 
[INFO ][2016-02-05 17:30:12,961][com.java.SeleniumDriver] [  913] - <In Set values of the page>
[INFO ][2016-02-05 17:30:12,961][com.java.SeleniumDriver] [  916] - {Data Fields & Data Values Exist}
[INFO ][2016-02-05 17:30:12,961][com.java.SeleniumDriver] [  918] - --------------------------setting values-----------------------------
[INFO ][2016-02-05 17:30:12,961][com.java.SeleniumDriver] [  921] - Action Type : click
[INFO ][2016-02-05 17:30:12,961][com.java.TestType] [ 7122] - Field ::HDN//span[@class='glyphicon glyphicon-bell']
[INFO ][2016-02-05 17:30:12,962][com.java.TestType] [ 6727] - value = 
[INFO ][2016-02-05 17:30:14,180][com.java.SeleniumDriver] [  930] -  RESULT true
[INFO ][2016-02-05 17:30:14,180][com.java.SeleniumDriver] [ 1136] - ?   P A S S   ?
[INFO ][2016-02-05 17:30:14,180][com.java.SeleniumDriver] [  856] - ------------------------------------------
[INFO ][2016-02-05 17:30:14,180][com.java.SeleniumDriver] [  857] - Test case being Executed: 2
[INFO ][2016-02-05 17:30:14,180][com.java.SeleniumDriver] [  869] - Test step:48
[INFO ][2016-02-05 17:30:14,180][com.java.SeleniumDriver] [  881] - Datavalue is----------3
[INFO ][2016-02-05 17:30:14,180][com.java.SeleniumDriver] [  905] - DataField : null
[INFO ][2016-02-05 17:30:14,180][com.java.SeleniumDriver] [  907] - DataValue : 3
[INFO ][2016-02-05 17:30:14,180][com.java.SeleniumDriver] [  913] - <In Set values of the page>
[INFO ][2016-02-05 17:30:14,180][com.java.SeleniumDriver] [  916] - {Data Fields & Data Values Exist}
[INFO ][2016-02-05 17:30:14,181][com.java.SeleniumDriver] [  918] - --------------------------setting values-----------------------------
[INFO ][2016-02-05 17:30:14,181][com.java.SeleniumDriver] [  921] - Action Type : waittime
[DEBUG][2016-02-05 17:30:14,181][com.java.TestType] [ 6541] - sleepTime: 3000
[INFO ][2016-02-05 17:30:17,181][com.java.SeleniumDriver] [  930] -  RESULT true
[INFO ][2016-02-05 17:30:17,181][com.java.SeleniumDriver] [ 1136] - ?   P A S S   ?
[INFO ][2016-02-05 17:30:17,181][com.java.SeleniumDriver] [  856] - ------------------------------------------
[INFO ][2016-02-05 17:30:17,181][com.java.SeleniumDriver] [  857] - Test case being Executed: 2
[INFO ][2016-02-05 17:30:17,181][com.java.SeleniumDriver] [  869] - Test step:49
[INFO ][2016-02-05 17:30:17,181][com.java.SeleniumDriver] [  881] - Datavalue is----------1
[INFO ][2016-02-05 17:30:17,181][com.java.SeleniumDriver] [  905] - DataField : DSP//div[@id='isAlertsHeading']/h4
[INFO ][2016-02-05 17:30:17,181][com.java.SeleniumDriver] [  907] - DataValue : 1
[INFO ][2016-02-05 17:30:17,181][com.java.SeleniumDriver] [  913] - <In Set values of the page>
[INFO ][2016-02-05 17:30:17,181][com.java.SeleniumDriver] [  916] - {Data Fields & Data Values Exist}
[INFO ][2016-02-05 17:30:17,181][com.java.SeleniumDriver] [  918] - --------------------------setting values-----------------------------
[INFO ][2016-02-05 17:30:17,181][com.java.SeleniumDriver] [  921] - Action Type : WAITFORELEMENT
[INFO ][2016-02-05 17:30:59,313][com.java.SeleniumDriver] [  930] -  RESULT false
[INFO ][2016-02-05 17:30:59,313][com.java.SeleniumDriver] [  977] - ?   F A I L   ?
[INFO ][2016-02-05 17:30:59,313][com.java.SeleniumDriver] [  985] - Browser Type : IE10
[INFO ][2016-02-05 17:30:59,313][com.java.SeleniumDriver] [  986] - Adding Failed case2
[DEBUG][2016-02-05 17:30:59,436][com.java.SeleniumDriver] [ 1054] -  tdd.getCondition() IF:52:Next
[INFO ][2016-02-05 17:30:59,436][com.java.SeleniumDriver] [ 1058] - Continue next step...
[INFO ][2016-02-05 17:30:59,436][com.java.SeleniumDriver] [  856] - ------------------------------------------
[INFO ][2016-02-05 17:30:59,436][com.java.SeleniumDriver] [  857] - Test case being Executed: 2
[INFO ][2016-02-05 17:30:59,436][com.java.SeleniumDriver] [  869] - Test step:50
[INFO ][2016-02-05 17:30:59,436][com.java.SeleniumDriver] [  881] - Datavalue is----------null
[DEBUG][2016-02-05 17:30:59,438][com.java.SeleniumDriver] [  899] - Exception: null
[INFO ][2016-02-05 17:30:59,438][com.java.SeleniumDriver] [  905] - DataField : XPH//span[@class="glyphicon glyphicon-bell"]
[INFO ][2016-02-05 17:30:59,438][com.java.SeleniumDriver] [  907] - DataValue : 
[INFO ][2016-02-05 17:30:59,438][com.java.SeleniumDriver] [  913] - <In Set values of the page>
[INFO ][2016-02-05 17:30:59,438][com.java.SeleniumDriver] [  916] - {Data Fields & Data Values Exist}
[INFO ][2016-02-05 17:30:59,438][com.java.SeleniumDriver] [  918] - --------------------------setting values-----------------------------
[INFO ][2016-02-05 17:30:59,438][com.java.SeleniumDriver] [  921] - Action Type : CLICK
[INFO ][2016-02-05 17:30:59,438][com.java.TestType] [ 7122] - Field ::XPH//span[@class="glyphicon glyphicon-bell"]
[INFO ][2016-02-05 17:30:59,438][com.java.TestType] [ 6727] - value = 
[INFO ][2016-02-05 17:31:00,439][com.java.TestType] [ 7299] - BEFORE CLICK
[ERROR][2016-02-05 17:31:00,713][com.java.TestType] [ 7653] - Exception in click:: Cannot click on element (WARNING: The server did not provide any stacktrace information)
Command duration or timeout: 75 milliseconds
Build info: version: '2.48.2', revision: '41bccdd', time: '2015-10-09 19:59:12'
System info: host: 'FVTIII438F1D', ip: '172.17.68.34', os.name: 'Windows 7', os.arch: 'x86', os.version: '6.1', java.version: '1.7.0_55'
Session ID: 9dcbb7bf-d84d-4502-afa3-8b720675d3e9
Driver info: org.openqa.selenium.ie.InternetExplorerDriver
Capabilities [{platform=WINDOWS, javascriptEnabled=true, elementScrollBehavior=0, ignoreZoomSetting=false, enablePersistentHover=true, ie.ensureCleanSession=false, browserName=internet explorer, enableElementCacheCleanup=true, unexpectedAlertBehaviour=dismiss, version=10, ie.usePerProcessProxy=false, ignoreProtectedModeSettings=true, cssSelectorsEnabled=true, requireWindowFocus=false, initialBrowserUrl=http://localhost:41318/, handlesAlerts=true, ie.forceCreateProcessApi=false, nativeEvents=true, browserAttachTimeout=0, ie.browserCommandLineSwitches=, takesScreenshot=true}]
[INFO ][2016-02-05 17:31:00,713][com.java.TestType] [ 7657] - Element :://span[@class="glyphicon glyphicon-bell"]:: not found
[INFO ][2016-02-05 17:31:00,713][com.java.SeleniumDriver] [  930] -  RESULT false
[INFO ][2016-02-05 17:31:00,713][com.java.SeleniumDriver] [  977] - ?   F A I L   ?
[INFO ][2016-02-05 17:31:00,713][com.java.SeleniumDriver] [  985] - Browser Type : IE10
[INFO ][2016-02-05 17:31:00,713][com.java.SeleniumDriver] [  986] - Adding Failed case2
[INFO ][2016-02-05 17:31:00,831][com.java.SeleniumDriver] [ 1100] - failedCases = 2
[ERROR][2016-02-05 17:31:00,831][com.java.SeleniumDriver] [ 1599] - Platform Errors : Our apologies...::We have encountered an issue with your request.::Our apologies?:We encountered an issue with your request.
[INFO ][2016-02-05 17:31:00,831][com.java.SeleniumDriver] [ 1603] - Length =3
[ERROR][2016-02-05 17:31:00,832][com.java.SeleniumDriver] [ 1606] - Error 0 = Our apologies...
[ERROR][2016-02-05 17:31:00,890][com.java.SeleniumDriver] [ 1606] - Error 1 = We have encountered an issue with your request.
[ERROR][2016-02-05 17:31:00,937][com.java.SeleniumDriver] [ 1606] - Error 2 = Our apologies?:We encountered an issue with your request.
[INFO ][2016-02-05 17:31:00,985][com.java.SeleniumDriver] [ 1617] - strError:
[DEBUG][2016-02-05 17:31:01,001][com.java.SeleniumDriver] [ 1248] - Case found
[DEBUG][2016-02-05 17:31:01,001][com.java.SeleniumDriver] [ 1253] - Incrementing ReportCounters[0]:2
[INFO ][2016-02-05 17:31:01,001][com.java.SeleniumDriver] [ 1272] - The results are-------------------[2, 50, BD Right Hand Menu Bar: BS Alerts - Remains even after changing bank entity, Fail, 
Test case failed at Step No. :: 50   Error Message ::  Element :://span[@class="glyphicon glyphicon-bell"]:: not found. Screen Shot : D:\BankersDashboard\TestReports\020516\2_020516_173100_IE10.png, Fri Feb 05 17:31:00 IST 2016]
[INFO ][2016-02-05 17:31:01,001][com.java.SeleniumDriver] [ 1276] - End time is-------3 min 19 sec
[INFO ][2016-02-05 17:31:01,001][com.java.SeleniumDriver] [ 1277] - The results are-------------------[2, 50, BD Right Hand Menu Bar: BS Alerts - Remains even after changing bank entity, Fail, 
Test case failed at Step No. :: 50   Error Message ::  Element :://span[@class="glyphicon glyphicon-bell"]:: not found. Screen Shot : D:\BankersDashboard\TestReports\020516\2_020516_173100_IE10.png, Fri Feb 05 17:31:00 IST 2016]
[DEBUG][2016-02-05 17:31:01,001][com.java.ImportnExport.ExportTestResultsExcel] [  222] - testResultPath = D:\BankersDashboard/TestReports/Test Results_BankersDashBoard_020516_172743_IE10_Bank of North Carolina.xls
[DEBUG][2016-02-05 17:31:01,001][com.java.ImportnExport.ExportTestResultsExcel] [  223] - browser is------------IE10
[DEBUG][2016-02-05 17:31:01,004][com.java.ImportnExport.ExportTestResultsExcel] [  270] - result.size() = 6
[DEBUG][2016-02-05 17:31:01,004][com.java.ImportnExport.ExportTestResultsExcel] [  274] - No of rows in sheet=2
[DEBUG][2016-02-05 17:31:01,004][com.java.ImportnExport.ExportTestResultsExcel] [  301] - ..in export..2
[DEBUG][2016-02-05 17:31:01,004][com.java.ImportnExport.ExportTestResultsExcel] [  301] - ..in export..BD Right Hand Menu Bar: BS Alerts - Remains even after changing bank entity
[DEBUG][2016-02-05 17:31:01,004][com.java.ImportnExport.ExportTestResultsExcel] [  301] - ..in export..Fail
[DEBUG][2016-02-05 17:31:01,004][com.java.ImportnExport.ExportTestResultsExcel] [  301] - ..in export..
Test case failed at Step No. :: 50   Error Message ::  Element :://span[@class="glyphicon glyphicon-bell"]:: not found. Screen Shot : D:\BankersDashboard\TestReports\020516\2_020516_173100_IE10.png
[DEBUG][2016-02-05 17:31:01,004][com.java.ImportnExport.ExportTestResultsExcel] [  301] - ..in export..Fri Feb 05 17:31:00 IST 2016
[INFO ][2016-02-05 17:31:01,005][com.java.SeleniumDriver] [ 1337] - out loop:1 size:2 TestCases:[1, 2] testcases:[1, 2]
[INFO ][2016-02-05 17:31:03,006][com.java.SeleniumDriver] [ 1380] - Total Number of Cases:2
[INFO ][2016-02-05 17:31:03,006][com.java.TemplateGenerator] [  302] - Executed:2
[INFO ][2016-02-05 17:31:03,006][com.java.TemplateGenerator] [  303] - Passed:1
[INFO ][2016-02-05 17:31:03,006][com.java.TemplateGenerator] [  304] - Failed:1
[INFO ][2016-02-05 17:31:03,006][com.java.TemplateGenerator] [  305] - Skipeed:0
[INFO ][2016-02-05 17:31:03,006][com.java.TemplateGenerator] [  306] - Application URL:https://clients-xuat.bankersdashboard.com
[INFO ][2016-02-05 17:31:03,006][com.java.TemplateGenerator] [  307] - Start Time:020516_172743
[INFO ][2016-02-05 17:31:03,006][com.java.TemplateGenerator] [  308] -  Creating HTML Report 
[ERROR][2016-02-05 17:31:03,007][com.java.TemplateGenerator] [  409] - Unparseable date: "Fri Feb 05 05:27:43 IST 2016"
[INFO ][2016-02-05 17:31:03,007][com.java.TemplateGenerator] [  654] -  Exporting case :: 1
[INFO ][2016-02-05 17:31:03,007][com.java.TemplateGenerator] [  654] -  Exporting case :: 2
[INFO ][2016-02-05 17:31:03,014][com.java.SeleniumDriver] [ 1429] - End Time:020516_173103
[INFO ][2016-02-05 17:31:03,014][com.java.SeleniumDriver] [ 1432] - Data in Test Execution Details:{1=PASS, 2=FAILTest case failed at Step No. :: 50   Error Message ::  Element :://span[@class="glyphicon glyphicon-bell"]:: not found}
[INFO ][2016-02-05 17:31:03,014][com.java.SeleniumDriver] [ 1433] - Data in Failed Execution Deatils:{}
[INFO ][2016-02-05 17:31:03,014][com.java.SeleniumDriver] [ 1435] - ReportCounter:Total:2 :: PASS: 1 ::FAIL: 1
[INFO ][2016-02-05 17:31:03,014][com.java.SeleniumDriver] [ 1436] - FailedReportCounter:Total:0 :: PASS: 0 ::FAIL: 0
[INFO ][2016-02-05 17:31:03,020][com.java.EmailTestReport] [   63] - Sending report mail details:
[INFO ][2016-02-05 17:31:03,020][com.java.EmailTestReport] [   80] - Excel Report Path:D:\BankersDashboard/TestReports/Test Results_BankersDashBoard_020516_172743_IE10_Bank of North Carolina.xls
[INFO ][2016-02-05 17:31:03,020][com.java.EmailTestReport] [   81] - HTML Report Path:D:\BankersDashboard//TestReports//Test Results_BankersDashBoard_020516_172743_IE10_Bank of North Carolina.html
[INFO ][2016-02-05 17:31:03,020][com.java.EmailTestReport] [   82] - smtpHostName:mail01.valuelabs.com
[INFO ][2016-02-05 17:31:03,021][com.java.EmailTestReport] [   83] - Recipient:venkateswararao.gubbala@valuelabs.com;
[INFO ][2016-02-05 17:31:03,021][com.java.EmailTestReport] [   84] - From:venkateswararao.gubbala@valuelabs.com;
[INFO ][2016-02-05 17:31:03,021][com.java.EmailTestReport] [   85] - Subject:Deluxe Corp Bankers Dashboard Automation Test Report - Bank of North Carolina - IE10
[INFO ][2016-02-05 17:31:03,038][com.java.EmailTestReport] [  143] -  Added venkateswararao.gubbala@valuelabs.com
[INFO ][2016-02-05 17:31:06,149][com.java.SeleniumDriver] [  722] - quitting the browser 
[INFO ][2016-02-05 17:31:07,916][com.java.SeleniumDriver] [  264] - Execution Completed Stopping the thread
