[INFO ][2016-01-28 18:52:11,940][com.java.SeleniumDriver] [  213] - Execute Failed Casesfalse
[INFO ][2016-01-28 18:52:11,940][com.java.SeleniumDriver] [  214] - Browser: IE10
[INFO ][2016-01-28 18:52:11,940][com.java.SeleniumDriver] [  215] - [1, 14, 15]
[INFO ][2016-01-28 18:52:11,940][com.java.SeleniumDriver] [  216] - Total TestCases:3
[INFO ][2016-01-28 18:52:11,940][com.java.SeleniumDriver] [  217] -  Reading Properties from Property File 
[DEBUG][2016-01-28 18:52:11,941][com.java.SeleniumDriver] [  238] - url : https://clients-xuat.bankersdashboard.com
[INFO ][2016-01-28 18:52:11,942][com.java.ImportnExport.ExportTestResultsExcel] [  116] - Time Stamp Thu Jan 28 06:52:11 IST 2016
[INFO ][2016-01-28 18:52:11,942][com.java.ImportnExport.ExportTestResultsExcel] [  175] - OUT FILE : D:\BankersDashboard/TestReports/Test Results_BankersDashBoard_012816_185211_IE10_Any Bank USA.xls
[INFO ][2016-01-28 18:52:11,973][com.java.ImportnExport.ExportTestResultsExcel] [  180] - Test Result file is created
[DEBUG][2016-01-28 18:52:12,067][com.java.SeleniumDriver] [  426] - Hub ip address is-------172.17.68.34
[INFO ][2016-01-28 18:52:12,068][com.java.SeleniumDriver] [  452] - Grid URL:http://172.17.68.34:4444/wd/hub
[INFO ][2016-01-28 18:52:12,068][com.java.SeleniumDriver] [  453] - Capability:Capabilities [{platform=ANY, ensureCleanSession=true, ignoreProtectedModeSettings=true, acceptSslCerts=true, ignoreZoomSetting=true, browserName=internet explorer, browserstack.ie.noFlash=true, version=null}]
[ERROR][2016-01-28 18:52:13,402][com.java.SeleniumDriver] [  498] - Unable invoke browser in grid:Could not start a new session. Possible causes are invalid address of the remote server or browser start-up failure.
Build info: version: '2.48.2', revision: '41bccdd', time: '2015-10-09 19:59:12'
System info: host: 'FVTIII438F1D', ip: '172.17.68.34', os.name: 'Windows 7', os.arch: 'x86', os.version: '6.1', java.version: '1.7.0_55'
Driver info: driver.version: SeleniumDriver
[INFO ][2016-01-28 18:52:13,402][com.java.SeleniumDriver] [  500] - Executing on local machine
[INFO ][2016-01-28 18:52:24,025][com.java.SeleniumDriver] [  248] - IE10is opened
[INFO ][2016-01-28 18:52:24,860][com.java.SeleniumDriver] [  756] - Test cases to be executed are: [1, 14, 15]
[INFO ][2016-01-28 18:52:24,883][com.java.ImportnExport.ImportTestDataDetailsExcel] [   49] - test data details path===== D:\BankersDashboard\TestInputs\TestData.xls
[INFO ][2016-01-28 18:52:24,967][com.java.SeleniumDriver] [  856] - ------------------------------------------
[INFO ][2016-01-28 18:52:24,967][com.java.SeleniumDriver] [  857] - Test case being Executed: 1
[INFO ][2016-01-28 18:52:24,967][com.java.SeleniumDriver] [  869] - Test step:1
[INFO ][2016-01-28 18:52:24,967][com.java.SeleniumDriver] [  881] - Datavalue is----------Concept#1:1-16
[INFO ][2016-01-28 18:52:24,968][com.java.SeleniumDriver] [  905] - DataField : test
[INFO ][2016-01-28 18:52:24,968][com.java.SeleniumDriver] [  907] - DataValue : Concept#1:1-16
[INFO ][2016-01-28 18:52:24,968][com.java.SeleniumDriver] [  913] - <In Set values of the page>
[INFO ][2016-01-28 18:52:24,968][com.java.SeleniumDriver] [  916] - {Data Fields & Data Values Exist}
[INFO ][2016-01-28 18:52:24,968][com.java.SeleniumDriver] [  918] - --------------------------setting values-----------------------------
[INFO ][2016-01-28 18:52:24,968][com.java.SeleniumDriver] [  921] - Action Type : ExecuteTestCase
[INFO ][2016-01-28 18:52:24,992][com.java.TestType] [  442] - The Concept sheet name is ---------- Concept
[INFO ][2016-01-28 18:52:24,992][com.java.TestType] [  445] - The Concept ID  is ---------- 1
[DEBUG][2016-01-28 18:52:24,992][com.java.TestType] [  449] - Steps being executted in the Concept are: 1:16
[INFO ][2016-01-28 18:52:24,994][com.java.TestType] [  456] - Test data details path ---------- D:\BankersDashboard\TestInputs\TestData.xls
[INFO ][2016-01-28 18:52:25,017][com.java.TestType] [  487] -  str(1) = 1
[INFO ][2016-01-28 18:52:25,017][com.java.TestType] [  490] - Test case Id is---1
[INFO ][2016-01-28 18:52:25,017][com.java.TestType] [  492] - 1
[INFO ][2016-01-28 18:52:25,018][com.java.TestType] [  487] -  str(2) = 1
[INFO ][2016-01-28 18:52:25,020][com.java.TestType] [  487] -  str(1) = 1
[INFO ][2016-01-28 18:52:25,022][com.java.TestType] [  490] - Test case Id is---1
[INFO ][2016-01-28 18:52:25,022][com.java.TestType] [  492] - 1
[INFO ][2016-01-28 18:52:25,022][com.java.TestType] [  487] -  str(2) = 2
[INFO ][2016-01-28 18:52:25,023][com.java.TestType] [  487] -  str(1) = 1
[INFO ][2016-01-28 18:52:25,023][com.java.TestType] [  490] - Test case Id is---1
[INFO ][2016-01-28 18:52:25,023][com.java.TestType] [  492] - 1
[INFO ][2016-01-28 18:52:25,023][com.java.TestType] [  487] -  str(2) = 3
[INFO ][2016-01-28 18:52:25,025][com.java.TestType] [  487] -  str(1) = 1
[INFO ][2016-01-28 18:52:25,025][com.java.TestType] [  490] - Test case Id is---1
[INFO ][2016-01-28 18:52:25,025][com.java.TestType] [  492] - 1
[INFO ][2016-01-28 18:52:25,025][com.java.TestType] [  487] -  str(2) = 4
[INFO ][2016-01-28 18:52:25,027][com.java.TestType] [  487] -  str(1) = 1
[INFO ][2016-01-28 18:52:25,027][com.java.TestType] [  490] - Test case Id is---1
[INFO ][2016-01-28 18:52:25,027][com.java.TestType] [  492] - 1
[INFO ][2016-01-28 18:52:25,027][com.java.TestType] [  487] -  str(2) = 5
[INFO ][2016-01-28 18:52:25,028][com.java.TestType] [  487] -  str(1) = 1
[INFO ][2016-01-28 18:52:25,028][com.java.TestType] [  490] - Test case Id is---1
[INFO ][2016-01-28 18:52:25,028][com.java.TestType] [  492] - 1
[INFO ][2016-01-28 18:52:25,028][com.java.TestType] [  487] -  str(2) = 6
[INFO ][2016-01-28 18:52:25,029][com.java.TestType] [  487] -  str(1) = 1
[INFO ][2016-01-28 18:52:25,029][com.java.TestType] [  490] - Test case Id is---1
[INFO ][2016-01-28 18:52:25,029][com.java.TestType] [  492] - 1
[INFO ][2016-01-28 18:52:25,029][com.java.TestType] [  487] -  str(2) = 7
[INFO ][2016-01-28 18:52:25,030][com.java.TestType] [  487] -  str(1) = 1
[INFO ][2016-01-28 18:52:25,030][com.java.TestType] [  490] - Test case Id is---1
[INFO ][2016-01-28 18:52:25,030][com.java.TestType] [  492] - 1
[INFO ][2016-01-28 18:52:25,030][com.java.TestType] [  487] -  str(2) = 8
[INFO ][2016-01-28 18:52:25,032][com.java.TestType] [  487] -  str(1) = 1
[INFO ][2016-01-28 18:52:25,032][com.java.TestType] [  490] - Test case Id is---1
[INFO ][2016-01-28 18:52:25,032][com.java.TestType] [  492] - 1
[INFO ][2016-01-28 18:52:25,032][com.java.TestType] [  487] -  str(2) = 9
[INFO ][2016-01-28 18:52:25,033][com.java.TestType] [  487] -  str(1) = 1
[INFO ][2016-01-28 18:52:25,033][com.java.TestType] [  490] - Test case Id is---1
[INFO ][2016-01-28 18:52:25,033][com.java.TestType] [  492] - 1
[INFO ][2016-01-28 18:52:25,033][com.java.TestType] [  487] -  str(2) = 10
[INFO ][2016-01-28 18:52:25,034][com.java.TestType] [  487] -  str(1) = 1
[INFO ][2016-01-28 18:52:25,034][com.java.TestType] [  490] - Test case Id is---1
[INFO ][2016-01-28 18:52:25,034][com.java.TestType] [  492] - 1
[INFO ][2016-01-28 18:52:25,034][com.java.TestType] [  487] -  str(2) = 11
[INFO ][2016-01-28 18:52:25,035][com.java.TestType] [  487] -  str(1) = 1
[INFO ][2016-01-28 18:52:25,035][com.java.TestType] [  490] - Test case Id is---1
[INFO ][2016-01-28 18:52:25,035][com.java.TestType] [  492] - 1
[INFO ][2016-01-28 18:52:25,035][com.java.TestType] [  487] -  str(2) = 12
[INFO ][2016-01-28 18:52:25,036][com.java.TestType] [  487] -  str(1) = 1
[INFO ][2016-01-28 18:52:25,036][com.java.TestType] [  490] - Test case Id is---1
[INFO ][2016-01-28 18:52:25,037][com.java.TestType] [  492] - 1
[INFO ][2016-01-28 18:52:25,037][com.java.TestType] [  487] -  str(2) = 13
[INFO ][2016-01-28 18:52:25,037][com.java.TestType] [  487] -  str(1) = 1
[INFO ][2016-01-28 18:52:25,038][com.java.TestType] [  490] - Test case Id is---1
[INFO ][2016-01-28 18:52:25,038][com.java.TestType] [  492] - 1
[INFO ][2016-01-28 18:52:25,038][com.java.TestType] [  487] -  str(2) = 14
[INFO ][2016-01-28 18:52:25,038][com.java.TestType] [  487] -  str(1) = 1
[INFO ][2016-01-28 18:52:25,038][com.java.TestType] [  490] - Test case Id is---1
[INFO ][2016-01-28 18:52:25,039][com.java.TestType] [  492] - 1
[INFO ][2016-01-28 18:52:25,039][com.java.TestType] [  487] -  str(2) = 15
[INFO ][2016-01-28 18:52:25,039][com.java.TestType] [  487] -  str(1) = 1
[INFO ][2016-01-28 18:52:25,039][com.java.TestType] [  490] - Test case Id is---1
[INFO ][2016-01-28 18:52:25,039][com.java.TestType] [  492] - 1
[INFO ][2016-01-28 18:52:25,040][com.java.TestType] [  487] -  str(2) = 16
[INFO ][2016-01-28 18:52:25,042][com.java.TestType] [11700] - Looping 1TCID = 1
[DEBUG][2016-01-28 18:52:25,042][com.java.TestType] [11741] - Concept ID:1 :: Step being Executed: 1::1
[INFO ][2016-01-28 18:52:25,042][com.java.TestType] [11779] - dataFields : TXTusername
[DEBUG][2016-01-28 18:52:25,042][com.java.TestType] [11785] - <In Set values of the page>
[DEBUG][2016-01-28 18:52:25,042][com.java.TestType] [11790] - {Data Fields & Data Values Exist}
[INFO ][2016-01-28 18:52:25,042][com.java.TestType] [11796] - --------------------------setting values-----------------------------
[INFO ][2016-01-28 18:52:25,043][com.java.TestType] [11799] - Action Type : CLEARANDENTER
[INFO ][2016-01-28 18:52:27,347][com.java.TestType] [ 6440] - value = naresh.nayini.00000
[INFO ][2016-01-28 18:52:29,753][com.java.TestType] [11818] -  RESULT true
[INFO ][2016-01-28 18:52:29,753][com.java.TestType] [11935] - ?   P A S S   ?
[DEBUG][2016-01-28 18:52:29,753][com.java.TestType] [11741] - Concept ID:1 :: Step being Executed: 1::2
[INFO ][2016-01-28 18:52:29,754][com.java.TestType] [11779] - dataFields : TXTpassword
[DEBUG][2016-01-28 18:52:29,754][com.java.TestType] [11785] - <In Set values of the page>
[DEBUG][2016-01-28 18:52:29,754][com.java.TestType] [11790] - {Data Fields & Data Values Exist}
[INFO ][2016-01-28 18:52:29,754][com.java.TestType] [11796] - --------------------------setting values-----------------------------
[INFO ][2016-01-28 18:52:29,754][com.java.TestType] [11799] - Action Type : CLEARANDENTER
[INFO ][2016-01-28 18:52:32,029][com.java.TestType] [ 6440] - value = Password1*
[INFO ][2016-01-28 18:52:34,570][com.java.TestType] [11818] -  RESULT true
[INFO ][2016-01-28 18:52:34,570][com.java.TestType] [11935] - ?   P A S S   ?
[DEBUG][2016-01-28 18:52:34,570][com.java.TestType] [11741] - Concept ID:1 :: Step being Executed: 1::3
[ERROR][2016-01-28 18:52:34,570][com.java.TestType] [11774] - Exception: null
[INFO ][2016-01-28 18:52:34,570][com.java.TestType] [11779] - dataFields : XPH//button[@type='submit']
[DEBUG][2016-01-28 18:52:34,570][com.java.TestType] [11785] - <In Set values of the page>
[DEBUG][2016-01-28 18:52:34,570][com.java.TestType] [11790] - {Data Fields & Data Values Exist}
[INFO ][2016-01-28 18:52:34,570][com.java.TestType] [11796] - --------------------------setting values-----------------------------
[INFO ][2016-01-28 18:52:34,570][com.java.TestType] [11799] - Action Type : Click
[INFO ][2016-01-28 18:52:34,571][com.java.TestType] [ 6819] - Field ::XPH//button[@type='submit']
[INFO ][2016-01-28 18:52:34,571][com.java.TestType] [ 6440] - value = 
[INFO ][2016-01-28 18:52:35,571][com.java.TestType] [ 6992] - BEFORE CLICK
[INFO ][2016-01-28 18:52:39,111][com.java.TestType] [ 7000] - Unable to click the object Login
[INFO ][2016-01-28 18:52:39,111][com.java.TestType] [11818] -  RESULT true
[INFO ][2016-01-28 18:52:39,111][com.java.TestType] [11935] - ?   P A S S   ?
[DEBUG][2016-01-28 18:52:39,111][com.java.TestType] [11741] - Concept ID:1 :: Step being Executed: 1::4
[INFO ][2016-01-28 18:52:39,111][com.java.TestType] [11779] - dataFields : LNKLogout
[DEBUG][2016-01-28 18:52:39,111][com.java.TestType] [11785] - <In Set values of the page>
[DEBUG][2016-01-28 18:52:39,111][com.java.TestType] [11790] - {Data Fields & Data Values Exist}
[INFO ][2016-01-28 18:52:39,111][com.java.TestType] [11796] - --------------------------setting values-----------------------------
[INFO ][2016-01-28 18:52:39,111][com.java.TestType] [11799] - Action Type : WaitForElement
[INFO ][2016-01-28 18:52:39,149][com.java.TestType] [11818] -  RESULT true
[INFO ][2016-01-28 18:52:39,149][com.java.TestType] [11935] - ?   P A S S   ?
[DEBUG][2016-01-28 18:52:39,149][com.java.TestType] [11741] - Concept ID:1 :: Step being Executed: 1::15
[INFO ][2016-01-28 18:52:39,150][com.java.TestType] [11779] - dataFields : LNK
[DEBUG][2016-01-28 18:52:39,150][com.java.TestType] [11785] - <In Set values of the page>
[DEBUG][2016-01-28 18:52:39,150][com.java.TestType] [11790] - {Data Fields & Data Values Exist}
[INFO ][2016-01-28 18:52:39,150][com.java.TestType] [11796] - --------------------------setting values-----------------------------
[INFO ][2016-01-28 18:52:39,150][com.java.TestType] [11799] - Action Type : Verify
[INFO ][2016-01-28 18:52:39,150][com.java.TestType] [ 8040] - field= LNK value= Logout
[INFO ][2016-01-28 18:52:39,151][com.java.TestType] [ 6440] - value = Logout
[INFO ][2016-01-28 18:52:39,287][com.java.TestType] [11818] -  RESULT true
[INFO ][2016-01-28 18:52:39,287][com.java.TestType] [11935] - ?   P A S S   ?
[DEBUG][2016-01-28 18:52:39,288][com.java.TestType] [11741] - Concept ID:1 :: Step being Executed: 1::16
[INFO ][2016-01-28 18:52:39,289][com.java.TestType] [11779] - dataFields : BTN
[DEBUG][2016-01-28 18:52:39,289][com.java.TestType] [11785] - <In Set values of the page>
[DEBUG][2016-01-28 18:52:39,289][com.java.TestType] [11790] - {Data Fields & Data Values Exist}
[INFO ][2016-01-28 18:52:39,289][com.java.TestType] [11796] - --------------------------setting values-----------------------------
[INFO ][2016-01-28 18:52:39,289][com.java.TestType] [11799] - Action Type : Verify
[INFO ][2016-01-28 18:52:39,289][com.java.TestType] [ 8040] - field= BTN value= //img[contains(@src,'bdlogo.jpg')]
[INFO ][2016-01-28 18:52:39,289][com.java.TestType] [ 6440] - value = //img[contains(@src,'bdlogo.jpg')]
[INFO ][2016-01-28 18:52:39,362][com.java.TestType] [11818] -  RESULT true
[INFO ][2016-01-28 18:52:39,362][com.java.TestType] [11935] - ?   P A S S   ?
[INFO ][2016-01-28 18:52:39,362][com.java.TestType] [12006] - Looping End......
[INFO ][2016-01-28 18:52:39,364][com.java.SeleniumDriver] [  930] -  RESULT true
[INFO ][2016-01-28 18:52:39,364][com.java.SeleniumDriver] [ 1136] - ?   P A S S   ?
[INFO ][2016-01-28 18:52:39,364][com.java.SeleniumDriver] [  856] - ------------------------------------------
[INFO ][2016-01-28 18:52:39,364][com.java.SeleniumDriver] [  857] - Test case being Executed: 1
[INFO ][2016-01-28 18:52:39,365][com.java.SeleniumDriver] [  869] - Test step:2
[INFO ][2016-01-28 18:52:39,365][com.java.SeleniumDriver] [  881] - Datavalue is----------Concept#2:1-2
[INFO ][2016-01-28 18:52:39,365][com.java.SeleniumDriver] [  905] - DataField : test
[INFO ][2016-01-28 18:52:39,365][com.java.SeleniumDriver] [  907] - DataValue : Concept#2:1-2
[INFO ][2016-01-28 18:52:39,365][com.java.SeleniumDriver] [  913] - <In Set values of the page>
[INFO ][2016-01-28 18:52:39,365][com.java.SeleniumDriver] [  916] - {Data Fields & Data Values Exist}
[INFO ][2016-01-28 18:52:39,365][com.java.SeleniumDriver] [  918] - --------------------------setting values-----------------------------
[INFO ][2016-01-28 18:52:39,365][com.java.SeleniumDriver] [  921] - Action Type : ExecuteTestCase
[INFO ][2016-01-28 18:52:39,365][com.java.TestType] [  442] - The Concept sheet name is ---------- Concept
[INFO ][2016-01-28 18:52:39,366][com.java.TestType] [  445] - The Concept ID  is ---------- 2
[DEBUG][2016-01-28 18:52:39,366][com.java.TestType] [  449] - Steps being executted in the Concept are: 1:2
[INFO ][2016-01-28 18:52:39,366][com.java.TestType] [  456] - Test data details path ---------- D:\BankersDashboard\TestInputs\TestData.xls
[INFO ][2016-01-28 18:52:39,384][com.java.TestType] [  487] -  str(1) = 2
[INFO ][2016-01-28 18:52:39,384][com.java.TestType] [  490] - Test case Id is---2
[INFO ][2016-01-28 18:52:39,384][com.java.TestType] [  492] - 2
[INFO ][2016-01-28 18:52:39,384][com.java.TestType] [  487] -  str(2) = 1
[INFO ][2016-01-28 18:52:39,386][com.java.TestType] [  487] -  str(1) = 2
[INFO ][2016-01-28 18:52:39,387][com.java.TestType] [  490] - Test case Id is---2
[INFO ][2016-01-28 18:52:39,387][com.java.TestType] [  492] - 2
[INFO ][2016-01-28 18:52:39,387][com.java.TestType] [  487] -  str(2) = 2
[INFO ][2016-01-28 18:52:39,387][com.java.TestType] [  487] -  str(1) = 2
[INFO ][2016-01-28 18:52:39,387][com.java.TestType] [  490] - Test case Id is---2
[INFO ][2016-01-28 18:52:39,388][com.java.TestType] [  492] - 2
[INFO ][2016-01-28 18:52:39,388][com.java.TestType] [  487] -  str(2) = 3
[INFO ][2016-01-28 18:52:39,388][com.java.TestType] [11700] - Looping 1TCID = 2
[DEBUG][2016-01-28 18:52:39,388][com.java.TestType] [11741] - Concept ID:2 :: Step being Executed: 2::1
[INFO ][2016-01-28 18:52:39,388][com.java.TestType] [11779] - dataFields : BNK//select[@id='bank']
[DEBUG][2016-01-28 18:52:39,389][com.java.TestType] [11785] - <In Set values of the page>
[DEBUG][2016-01-28 18:52:39,389][com.java.TestType] [11790] - {Data Fields & Data Values Exist}
[INFO ][2016-01-28 18:52:39,389][com.java.TestType] [11796] - --------------------------setting values-----------------------------
[INFO ][2016-01-28 18:52:39,389][com.java.TestType] [11799] - Action Type : Select
[INFO ][2016-01-28 18:52:39,389][com.java.TestType] [ 6440] - value = PFC
[INFO ][2016-01-28 18:52:39,601][com.java.TestType] [11818] -  RESULT true
[INFO ][2016-01-28 18:52:39,601][com.java.TestType] [11935] - ?   P A S S   ?
[DEBUG][2016-01-28 18:52:39,601][com.java.TestType] [11741] - Concept ID:2 :: Step being Executed: 2::2
[INFO ][2016-01-28 18:52:39,601][com.java.TestType] [11779] - dataFields : LNKLogout
[DEBUG][2016-01-28 18:52:39,601][com.java.TestType] [11785] - <In Set values of the page>
[DEBUG][2016-01-28 18:52:39,601][com.java.TestType] [11790] - {Data Fields & Data Values Exist}
[INFO ][2016-01-28 18:52:39,602][com.java.TestType] [11796] - --------------------------setting values-----------------------------
[INFO ][2016-01-28 18:52:39,602][com.java.TestType] [11799] - Action Type : WaitTime
[DEBUG][2016-01-28 18:52:39,602][com.java.TestType] [ 6254] - sleepTime: 10000
[INFO ][2016-01-28 18:52:49,602][com.java.TestType] [11818] -  RESULT true
[INFO ][2016-01-28 18:52:49,602][com.java.TestType] [11935] - ?   P A S S   ?
[INFO ][2016-01-28 18:52:49,602][com.java.TestType] [12006] - Looping End......
[INFO ][2016-01-28 18:52:49,603][com.java.SeleniumDriver] [  930] -  RESULT true
[INFO ][2016-01-28 18:52:49,604][com.java.SeleniumDriver] [ 1136] - ?   P A S S   ?
[INFO ][2016-01-28 18:52:49,604][com.java.SeleniumDriver] [  856] - ------------------------------------------
[INFO ][2016-01-28 18:52:49,604][com.java.SeleniumDriver] [  857] - Test case being Executed: 1
[INFO ][2016-01-28 18:52:49,604][com.java.SeleniumDriver] [  869] - Test step:3
[INFO ][2016-01-28 18:52:49,604][com.java.SeleniumDriver] [  881] - Datavalue is----------2
[INFO ][2016-01-28 18:52:49,604][com.java.SeleniumDriver] [  905] - DataField : XPH//button[contains(text(),'Add Content')]
[INFO ][2016-01-28 18:52:49,604][com.java.SeleniumDriver] [  907] - DataValue : 2
[INFO ][2016-01-28 18:52:49,604][com.java.SeleniumDriver] [  913] - <In Set values of the page>
[INFO ][2016-01-28 18:52:49,604][com.java.SeleniumDriver] [  916] - {Data Fields & Data Values Exist}
[INFO ][2016-01-28 18:52:49,604][com.java.SeleniumDriver] [  918] - --------------------------setting values-----------------------------
[INFO ][2016-01-28 18:52:49,604][com.java.SeleniumDriver] [  921] - Action Type : WAITFORELEMENT
[INFO ][2016-01-28 18:52:49,750][com.java.SeleniumDriver] [  930] -  RESULT true
[INFO ][2016-01-28 18:52:49,750][com.java.SeleniumDriver] [ 1136] - ?   P A S S   ?
[DEBUG][2016-01-28 18:52:49,751][com.java.SeleniumDriver] [ 1248] - Case found
[DEBUG][2016-01-28 18:52:49,751][com.java.SeleniumDriver] [ 1253] - Incrementing ReportCounters[0]:1
[INFO ][2016-01-28 18:52:49,751][com.java.SeleniumDriver] [ 1272] - The results are-------------------[1, 1, Valid Login, Pass, , Thu Jan 28 18:52:39 IST 2016, 1, 2, Valid Login, Pass, , Thu Jan 28 18:52:49 IST 2016, 1, 3, Valid Login, Pass, , Thu Jan 28 18:52:49 IST 2016]
[INFO ][2016-01-28 18:52:49,751][com.java.SeleniumDriver] [ 1276] - End time is-------40 sec
[INFO ][2016-01-28 18:52:49,751][com.java.SeleniumDriver] [ 1277] - The results are-------------------[1, 1, Valid Login, Pass, , Thu Jan 28 18:52:39 IST 2016, 1, 2, Valid Login, Pass, , Thu Jan 28 18:52:49 IST 2016, 1, 3, Valid Login, Pass, , Thu Jan 28 18:52:49 IST 2016]
[DEBUG][2016-01-28 18:52:49,751][com.java.ImportnExport.ExportTestResultsExcel] [  222] - testResultPath = D:\BankersDashboard/TestReports/Test Results_BankersDashBoard_012816_185211_IE10_Any Bank USA.xls
[DEBUG][2016-01-28 18:52:49,751][com.java.ImportnExport.ExportTestResultsExcel] [  223] - browser is------------IE10
[DEBUG][2016-01-28 18:52:49,798][com.java.ImportnExport.ExportTestResultsExcel] [  270] - result.size() = 18
[DEBUG][2016-01-28 18:52:49,798][com.java.ImportnExport.ExportTestResultsExcel] [  274] - No of rows in sheet=1
[DEBUG][2016-01-28 18:52:49,798][com.java.ImportnExport.ExportTestResultsExcel] [  301] - ..in export..1
[DEBUG][2016-01-28 18:52:49,799][com.java.ImportnExport.ExportTestResultsExcel] [  301] - ..in export..Valid Login
[DEBUG][2016-01-28 18:52:49,799][com.java.ImportnExport.ExportTestResultsExcel] [  301] - ..in export..Pass
[DEBUG][2016-01-28 18:52:49,799][com.java.ImportnExport.ExportTestResultsExcel] [  301] - ..in export..
[DEBUG][2016-01-28 18:52:49,799][com.java.ImportnExport.ExportTestResultsExcel] [  301] - ..in export..Thu Jan 28 18:52:39 IST 2016
[INFO ][2016-01-28 18:52:49,800][com.java.SeleniumDriver] [ 1337] - out loop:0 size:3 TestCases:[1, 14, 15] testcases:[1, 14, 15]
[INFO ][2016-01-28 18:52:49,801][com.java.ImportnExport.ImportTestDataDetailsExcel] [   49] - test data details path===== D:\BankersDashboard\TestInputs\TestData.xls
[INFO ][2016-01-28 18:53:05,955][com.java.SeleniumDriver] [  856] - ------------------------------------------
[INFO ][2016-01-28 18:53:05,955][com.java.SeleniumDriver] [  857] - Test case being Executed: 14
[INFO ][2016-01-28 18:53:05,955][com.java.SeleniumDriver] [  869] - Test step:1
[INFO ][2016-01-28 18:53:05,955][com.java.SeleniumDriver] [  881] - Datavalue is----------Logout
[INFO ][2016-01-28 18:53:05,955][com.java.SeleniumDriver] [  905] - DataField : BTN
[INFO ][2016-01-28 18:53:05,955][com.java.SeleniumDriver] [  907] - DataValue : Logout
[INFO ][2016-01-28 18:53:05,955][com.java.SeleniumDriver] [  913] - <In Set values of the page>
[INFO ][2016-01-28 18:53:05,955][com.java.SeleniumDriver] [  916] - {Data Fields & Data Values Exist}
[INFO ][2016-01-28 18:53:05,955][com.java.SeleniumDriver] [  918] - --------------------------setting values-----------------------------
[INFO ][2016-01-28 18:53:05,955][com.java.SeleniumDriver] [  921] - Action Type : Verify
[INFO ][2016-01-28 18:53:05,955][com.java.TestType] [ 8040] - field= BTN value= Logout
[INFO ][2016-01-28 18:53:05,955][com.java.TestType] [ 6440] - value = Logout
[INFO ][2016-01-28 18:53:06,229][com.java.SeleniumDriver] [  930] -  RESULT true
[INFO ][2016-01-28 18:53:06,229][com.java.SeleniumDriver] [ 1136] - ?   P A S S   ?
[INFO ][2016-01-28 18:53:06,229][com.java.SeleniumDriver] [ 1178] - step change to 3
[INFO ][2016-01-28 18:53:06,229][com.java.SeleniumDriver] [  856] - ------------------------------------------
[INFO ][2016-01-28 18:53:06,229][com.java.SeleniumDriver] [  857] - Test case being Executed: 14
[INFO ][2016-01-28 18:53:06,229][com.java.SeleniumDriver] [  869] - Test step:3
[INFO ][2016-01-28 18:53:06,229][com.java.SeleniumDriver] [  881] - Datavalue is----------Concept#2:1-2
[INFO ][2016-01-28 18:53:06,230][com.java.SeleniumDriver] [  905] - DataField : test
[INFO ][2016-01-28 18:53:06,230][com.java.SeleniumDriver] [  907] - DataValue : Concept#2:1-2
[INFO ][2016-01-28 18:53:06,230][com.java.SeleniumDriver] [  913] - <In Set values of the page>
[INFO ][2016-01-28 18:53:06,230][com.java.SeleniumDriver] [  916] - {Data Fields & Data Values Exist}
[INFO ][2016-01-28 18:53:06,230][com.java.SeleniumDriver] [  918] - --------------------------setting values-----------------------------
[INFO ][2016-01-28 18:53:06,230][com.java.SeleniumDriver] [  921] - Action Type : ExecuteTestCase
[INFO ][2016-01-28 18:53:06,230][com.java.TestType] [  442] - The Concept sheet name is ---------- Concept
[INFO ][2016-01-28 18:53:06,230][com.java.TestType] [  445] - The Concept ID  is ---------- 2
[DEBUG][2016-01-28 18:53:06,230][com.java.TestType] [  449] - Steps being executted in the Concept are: 1:2
[INFO ][2016-01-28 18:53:06,230][com.java.TestType] [  456] - Test data details path ---------- D:\BankersDashboard\TestInputs\TestData.xls
[INFO ][2016-01-28 18:53:06,248][com.java.TestType] [  487] -  str(1) = 2
[INFO ][2016-01-28 18:53:06,248][com.java.TestType] [  490] - Test case Id is---2
[INFO ][2016-01-28 18:53:06,248][com.java.TestType] [  492] - 2
[INFO ][2016-01-28 18:53:06,248][com.java.TestType] [  487] -  str(2) = 1
[INFO ][2016-01-28 18:53:06,250][com.java.TestType] [  487] -  str(1) = 2
[INFO ][2016-01-28 18:53:06,251][com.java.TestType] [  490] - Test case Id is---2
[INFO ][2016-01-28 18:53:06,251][com.java.TestType] [  492] - 2
[INFO ][2016-01-28 18:53:06,251][com.java.TestType] [  487] -  str(2) = 2
[INFO ][2016-01-28 18:53:06,251][com.java.TestType] [  487] -  str(1) = 2
[INFO ][2016-01-28 18:53:06,251][com.java.TestType] [  490] - Test case Id is---2
[INFO ][2016-01-28 18:53:06,252][com.java.TestType] [  492] - 2
[INFO ][2016-01-28 18:53:06,252][com.java.TestType] [  487] -  str(2) = 3
[INFO ][2016-01-28 18:53:06,252][com.java.TestType] [11700] - Looping 1TCID = 2
[DEBUG][2016-01-28 18:53:06,252][com.java.TestType] [11741] - Concept ID:2 :: Step being Executed: 2::1
[INFO ][2016-01-28 18:53:06,252][com.java.TestType] [11779] - dataFields : BNK//select[@id='bank']
[DEBUG][2016-01-28 18:53:06,253][com.java.TestType] [11785] - <In Set values of the page>
[DEBUG][2016-01-28 18:53:06,253][com.java.TestType] [11790] - {Data Fields & Data Values Exist}
[INFO ][2016-01-28 18:53:06,253][com.java.TestType] [11796] - --------------------------setting values-----------------------------
[INFO ][2016-01-28 18:53:06,253][com.java.TestType] [11799] - Action Type : Select
[INFO ][2016-01-28 18:53:06,253][com.java.TestType] [ 6440] - value = PFC
[INFO ][2016-01-28 18:53:06,980][com.java.TestType] [11818] -  RESULT true
[INFO ][2016-01-28 18:53:06,980][com.java.TestType] [11935] - ?   P A S S   ?
[DEBUG][2016-01-28 18:53:06,980][com.java.TestType] [11741] - Concept ID:2 :: Step being Executed: 2::2
[INFO ][2016-01-28 18:53:06,980][com.java.TestType] [11779] - dataFields : LNKLogout
[DEBUG][2016-01-28 18:53:06,980][com.java.TestType] [11785] - <In Set values of the page>
[DEBUG][2016-01-28 18:53:06,980][com.java.TestType] [11790] - {Data Fields & Data Values Exist}
[INFO ][2016-01-28 18:53:06,980][com.java.TestType] [11796] - --------------------------setting values-----------------------------
[INFO ][2016-01-28 18:53:06,981][com.java.TestType] [11799] - Action Type : WaitTime
[DEBUG][2016-01-28 18:53:06,981][com.java.TestType] [ 6254] - sleepTime: 10000
[INFO ][2016-01-28 18:53:16,981][com.java.TestType] [11818] -  RESULT true
[INFO ][2016-01-28 18:53:16,981][com.java.TestType] [11935] - ?   P A S S   ?
[INFO ][2016-01-28 18:53:16,981][com.java.TestType] [12006] - Looping End......
[INFO ][2016-01-28 18:53:16,983][com.java.SeleniumDriver] [  930] -  RESULT true
[INFO ][2016-01-28 18:53:16,983][com.java.SeleniumDriver] [ 1136] - ?   P A S S   ?
[INFO ][2016-01-28 18:53:16,983][com.java.SeleniumDriver] [  856] - ------------------------------------------
[INFO ][2016-01-28 18:53:16,983][com.java.SeleniumDriver] [  857] - Test case being Executed: 14
[INFO ][2016-01-28 18:53:16,983][com.java.SeleniumDriver] [  869] - Test step:4
[INFO ][2016-01-28 18:53:16,983][com.java.SeleniumDriver] [  881] - Datavalue is----------null
[DEBUG][2016-01-28 18:53:16,983][com.java.SeleniumDriver] [  899] - Exception: null
[INFO ][2016-01-28 18:53:16,984][com.java.SeleniumDriver] [  905] - DataField : //span[@class="icon-hammer"]&&//a[@data-id="DocVault"]
[INFO ][2016-01-28 18:53:16,984][com.java.SeleniumDriver] [  907] - DataValue : 
[INFO ][2016-01-28 18:53:16,984][com.java.SeleniumDriver] [  913] - <In Set values of the page>
[INFO ][2016-01-28 18:53:16,984][com.java.SeleniumDriver] [  916] - {Data Fields & Data Values Exist}
[INFO ][2016-01-28 18:53:16,984][com.java.SeleniumDriver] [  918] - --------------------------setting values-----------------------------
[INFO ][2016-01-28 18:53:16,984][com.java.SeleniumDriver] [  921] - Action Type : MOUSEOVER
[INFO ][2016-01-28 18:54:00,894][com.java.SeleniumDriver] [  930] -  RESULT true
[INFO ][2016-01-28 18:54:00,895][com.java.SeleniumDriver] [ 1136] - ?   P A S S   ?
[INFO ][2016-01-28 18:54:00,895][com.java.SeleniumDriver] [  856] - ------------------------------------------
[INFO ][2016-01-28 18:54:00,895][com.java.SeleniumDriver] [  857] - Test case being Executed: 14
[INFO ][2016-01-28 18:54:00,895][com.java.SeleniumDriver] [  869] - Test step:5
[INFO ][2016-01-28 18:54:00,895][com.java.SeleniumDriver] [  881] - Datavalue is----------Document Vault
[INFO ][2016-01-28 18:54:00,895][com.java.SeleniumDriver] [  905] - DataField : XPH//span[contains(text(),'Document Vault')]
[INFO ][2016-01-28 18:54:00,895][com.java.SeleniumDriver] [  907] - DataValue : Document Vault
[INFO ][2016-01-28 18:54:00,895][com.java.SeleniumDriver] [  913] - <In Set values of the page>
[INFO ][2016-01-28 18:54:00,895][com.java.SeleniumDriver] [  916] - {Data Fields & Data Values Exist}
[INFO ][2016-01-28 18:54:00,895][com.java.SeleniumDriver] [  918] - --------------------------setting values-----------------------------
[INFO ][2016-01-28 18:54:00,895][com.java.SeleniumDriver] [  921] - Action Type : VERIFY
[INFO ][2016-01-28 18:54:00,895][com.java.TestType] [ 8040] - field= XPH//span[contains(text(),'Document Vault')] value= Document Vault
[INFO ][2016-01-28 18:54:00,895][com.java.TestType] [ 6440] - value = Document Vault
[INFO ][2016-01-28 18:54:01,545][com.java.SeleniumDriver] [  930] -  RESULT true
[INFO ][2016-01-28 18:54:01,545][com.java.SeleniumDriver] [ 1136] - ?   P A S S   ?
[INFO ][2016-01-28 18:54:01,545][com.java.SeleniumDriver] [  856] - ------------------------------------------
[INFO ][2016-01-28 18:54:01,545][com.java.SeleniumDriver] [  857] - Test case being Executed: 14
[INFO ][2016-01-28 18:54:01,545][com.java.SeleniumDriver] [  869] - Test step:6
[INFO ][2016-01-28 18:54:01,545][com.java.SeleniumDriver] [  881] - Datavalue is----------null
[DEBUG][2016-01-28 18:54:01,545][com.java.SeleniumDriver] [  899] - Exception: null
[INFO ][2016-01-28 18:54:01,545][com.java.SeleniumDriver] [  905] - DataField : BTNparent
[INFO ][2016-01-28 18:54:01,546][com.java.SeleniumDriver] [  907] - DataValue : 
[INFO ][2016-01-28 18:54:01,546][com.java.SeleniumDriver] [  913] - <In Set values of the page>
[INFO ][2016-01-28 18:54:01,546][com.java.SeleniumDriver] [  916] - {Data Fields & Data Values Exist}
[INFO ][2016-01-28 18:54:01,546][com.java.SeleniumDriver] [  918] - --------------------------setting values-----------------------------
[INFO ][2016-01-28 18:54:01,546][com.java.SeleniumDriver] [  921] - Action Type : SELECTFRAME
[INFO ][2016-01-28 18:54:01,561][com.java.SeleniumDriver] [  930] -  RESULT true
[INFO ][2016-01-28 18:54:01,561][com.java.SeleniumDriver] [ 1136] - ?   P A S S   ?
[INFO ][2016-01-28 18:54:01,561][com.java.SeleniumDriver] [  856] - ------------------------------------------
[INFO ][2016-01-28 18:54:01,561][com.java.SeleniumDriver] [  857] - Test case being Executed: 14
[INFO ][2016-01-28 18:54:01,561][com.java.SeleniumDriver] [  869] - Test step:7
[INFO ][2016-01-28 18:54:01,561][com.java.SeleniumDriver] [  881] - Datavalue is----------null
[DEBUG][2016-01-28 18:54:01,561][com.java.SeleniumDriver] [  899] - Exception: null
[INFO ][2016-01-28 18:54:01,561][com.java.SeleniumDriver] [  905] - DataField : XPH//span[contains(text(),'close')]
[INFO ][2016-01-28 18:54:01,561][com.java.SeleniumDriver] [  907] - DataValue : 
[INFO ][2016-01-28 18:54:01,562][com.java.SeleniumDriver] [  913] - <In Set values of the page>
[INFO ][2016-01-28 18:54:01,562][com.java.SeleniumDriver] [  916] - {Data Fields & Data Values Exist}
[INFO ][2016-01-28 18:54:01,562][com.java.SeleniumDriver] [  918] - --------------------------setting values-----------------------------
[INFO ][2016-01-28 18:54:01,562][com.java.SeleniumDriver] [  921] - Action Type : CLICK
[INFO ][2016-01-28 18:54:01,563][com.java.TestType] [ 6819] - Field ::XPH//span[contains(text(),'close')]
[INFO ][2016-01-28 18:54:01,563][com.java.TestType] [ 6440] - value = 
[INFO ][2016-01-28 18:54:02,563][com.java.TestType] [ 6992] - BEFORE CLICK
[INFO ][2016-01-28 18:54:04,396][com.java.TestType] [ 7000] - Unable to click the object Close button
[INFO ][2016-01-28 18:54:04,396][com.java.SeleniumDriver] [  930] -  RESULT true
[INFO ][2016-01-28 18:54:04,396][com.java.SeleniumDriver] [ 1136] - ?   P A S S   ?
[INFO ][2016-01-28 18:54:04,396][com.java.SeleniumDriver] [  856] - ------------------------------------------
[INFO ][2016-01-28 18:54:04,396][com.java.SeleniumDriver] [  857] - Test case being Executed: 14
[INFO ][2016-01-28 18:54:04,396][com.java.SeleniumDriver] [  869] - Test step:8
[INFO ][2016-01-28 18:54:04,396][com.java.SeleniumDriver] [  881] - Datavalue is----------null
[DEBUG][2016-01-28 18:54:04,396][com.java.SeleniumDriver] [  899] - Exception: null
[INFO ][2016-01-28 18:54:04,396][com.java.SeleniumDriver] [  905] - DataField : BTNparent
[INFO ][2016-01-28 18:54:04,396][com.java.SeleniumDriver] [  907] - DataValue : 
[INFO ][2016-01-28 18:54:04,396][com.java.SeleniumDriver] [  913] - <In Set values of the page>
[INFO ][2016-01-28 18:54:04,397][com.java.SeleniumDriver] [  916] - {Data Fields & Data Values Exist}
[INFO ][2016-01-28 18:54:04,397][com.java.SeleniumDriver] [  918] - --------------------------setting values-----------------------------
[INFO ][2016-01-28 18:54:04,397][com.java.SeleniumDriver] [  921] - Action Type : SELECTFRAME
[INFO ][2016-01-28 18:54:04,403][com.java.SeleniumDriver] [  930] -  RESULT true
[INFO ][2016-01-28 18:54:04,403][com.java.SeleniumDriver] [ 1136] - ?   P A S S   ?
[INFO ][2016-01-28 18:54:04,403][com.java.SeleniumDriver] [  856] - ------------------------------------------
[INFO ][2016-01-28 18:54:04,403][com.java.SeleniumDriver] [  857] - Test case being Executed: 14
[INFO ][2016-01-28 18:54:04,404][com.java.SeleniumDriver] [  869] - Test step:9
[INFO ][2016-01-28 18:54:04,404][com.java.SeleniumDriver] [  881] - Datavalue is----------null
[DEBUG][2016-01-28 18:54:04,404][com.java.SeleniumDriver] [  899] - Exception: null
[INFO ][2016-01-28 18:54:04,404][com.java.SeleniumDriver] [  905] - DataField : BTNcloseAllTabs
[INFO ][2016-01-28 18:54:04,404][com.java.SeleniumDriver] [  907] - DataValue : 
[INFO ][2016-01-28 18:54:04,404][com.java.SeleniumDriver] [  913] - <In Set values of the page>
[INFO ][2016-01-28 18:54:04,404][com.java.SeleniumDriver] [  916] - {Data Fields & Data Values Exist}
[INFO ][2016-01-28 18:54:04,404][com.java.SeleniumDriver] [  918] - --------------------------setting values-----------------------------
[INFO ][2016-01-28 18:54:04,404][com.java.SeleniumDriver] [  921] - Action Type : CLICK
[INFO ][2016-01-28 18:54:04,404][com.java.TestType] [ 6819] - Field ::BTNcloseAllTabs
[INFO ][2016-01-28 18:54:04,404][com.java.TestType] [ 6440] - value = 
[INFO ][2016-01-28 18:54:05,404][com.java.TestType] [ 6971] - BEFORE CLICK
[INFO ][2016-01-28 18:54:07,585][com.java.TestType] [ 6978] - Unable to click the object Close all tabs button
[INFO ][2016-01-28 18:54:07,585][com.java.SeleniumDriver] [  930] -  RESULT true
[INFO ][2016-01-28 18:54:07,585][com.java.SeleniumDriver] [ 1136] - ?   P A S S   ?
[INFO ][2016-01-28 18:54:07,585][com.java.SeleniumDriver] [  856] - ------------------------------------------
[INFO ][2016-01-28 18:54:07,585][com.java.SeleniumDriver] [  857] - Test case being Executed: 14
[INFO ][2016-01-28 18:54:07,585][com.java.SeleniumDriver] [  869] - Test step:10
[INFO ][2016-01-28 18:54:07,585][com.java.SeleniumDriver] [  881] - Datavalue is----------3
[INFO ][2016-01-28 18:54:07,585][com.java.SeleniumDriver] [  905] - DataField : XPH//div[contains(text(), 'My Dashboard')]
[INFO ][2016-01-28 18:54:07,586][com.java.SeleniumDriver] [  907] - DataValue : 3
[INFO ][2016-01-28 18:54:07,586][com.java.SeleniumDriver] [  913] - <In Set values of the page>
[INFO ][2016-01-28 18:54:07,587][com.java.SeleniumDriver] [  916] - {Data Fields & Data Values Exist}
[INFO ][2016-01-28 18:54:07,587][com.java.SeleniumDriver] [  918] - --------------------------setting values-----------------------------
[INFO ][2016-01-28 18:54:07,587][com.java.SeleniumDriver] [  921] - Action Type : WAITFORELEMENT
[INFO ][2016-01-28 18:54:07,793][com.java.SeleniumDriver] [  930] -  RESULT true
[INFO ][2016-01-28 18:54:07,794][com.java.SeleniumDriver] [ 1136] - ?   P A S S   ?
[INFO ][2016-01-28 18:54:07,794][com.java.SeleniumDriver] [  856] - ------------------------------------------
[INFO ][2016-01-28 18:54:07,794][com.java.SeleniumDriver] [  857] - Test case being Executed: 14
[INFO ][2016-01-28 18:54:07,794][com.java.SeleniumDriver] [  869] - Test step:11
[INFO ][2016-01-28 18:54:07,794][com.java.SeleniumDriver] [  881] - Datavalue is----------//div[contains(text(), 'My Dashboard')]
[INFO ][2016-01-28 18:54:07,794][com.java.SeleniumDriver] [  905] - DataField : BTN
[INFO ][2016-01-28 18:54:07,794][com.java.SeleniumDriver] [  907] - DataValue : //div[contains(text(), 'My Dashboard')]
[INFO ][2016-01-28 18:54:07,794][com.java.SeleniumDriver] [  913] - <In Set values of the page>
[INFO ][2016-01-28 18:54:07,794][com.java.SeleniumDriver] [  916] - {Data Fields & Data Values Exist}
[INFO ][2016-01-28 18:54:07,794][com.java.SeleniumDriver] [  918] - --------------------------setting values-----------------------------
[INFO ][2016-01-28 18:54:07,794][com.java.SeleniumDriver] [  921] - Action Type : VERIFY
[INFO ][2016-01-28 18:54:07,794][com.java.TestType] [ 8040] - field= BTN value= //div[contains(text(), 'My Dashboard')]
[INFO ][2016-01-28 18:54:07,794][com.java.TestType] [ 6440] - value = //div[contains(text(), 'My Dashboard')]
[INFO ][2016-01-28 18:54:08,234][com.java.SeleniumDriver] [  930] -  RESULT true
[INFO ][2016-01-28 18:54:08,234][com.java.SeleniumDriver] [ 1136] - ?   P A S S   ?
[DEBUG][2016-01-28 18:54:08,234][com.java.SeleniumDriver] [ 1248] - Case found
[DEBUG][2016-01-28 18:54:08,234][com.java.SeleniumDriver] [ 1253] - Incrementing ReportCounters[0]:2
[INFO ][2016-01-28 18:54:08,234][com.java.SeleniumDriver] [ 1272] - The results are-------------------[14, 1, Tools: Access Document Vault, Pass, , Thu Jan 28 18:53:06 IST 2016, 14, 3, Tools: Access Document Vault, Pass, , Thu Jan 28 18:53:16 IST 2016, 14, 4, Tools: Access Document Vault, Pass, , Thu Jan 28 18:54:00 IST 2016, 14, 5, Tools: Access Document Vault, Pass, , Thu Jan 28 18:54:01 IST 2016, 14, 6, Tools: Access Document Vault, Pass, , Thu Jan 28 18:54:01 IST 2016, 14, 7, Tools: Access Document Vault, Pass, , Thu Jan 28 18:54:04 IST 2016, 14, 8, Tools: Access Document Vault, Pass, , Thu Jan 28 18:54:04 IST 2016, 14, 9, Tools: Access Document Vault, Pass, , Thu Jan 28 18:54:07 IST 2016, 14, 10, Tools: Access Document Vault, Pass, , Thu Jan 28 18:54:07 IST 2016, 14, 11, Tools: Access Document Vault, Pass, , Thu Jan 28 18:54:08 IST 2016]
[INFO ][2016-01-28 18:54:08,234][com.java.SeleniumDriver] [ 1276] - End time is-------1 min 58 sec
[INFO ][2016-01-28 18:54:08,234][com.java.SeleniumDriver] [ 1277] - The results are-------------------[14, 1, Tools: Access Document Vault, Pass, , Thu Jan 28 18:53:06 IST 2016, 14, 3, Tools: Access Document Vault, Pass, , Thu Jan 28 18:53:16 IST 2016, 14, 4, Tools: Access Document Vault, Pass, , Thu Jan 28 18:54:00 IST 2016, 14, 5, Tools: Access Document Vault, Pass, , Thu Jan 28 18:54:01 IST 2016, 14, 6, Tools: Access Document Vault, Pass, , Thu Jan 28 18:54:01 IST 2016, 14, 7, Tools: Access Document Vault, Pass, , Thu Jan 28 18:54:04 IST 2016, 14, 8, Tools: Access Document Vault, Pass, , Thu Jan 28 18:54:04 IST 2016, 14, 9, Tools: Access Document Vault, Pass, , Thu Jan 28 18:54:07 IST 2016, 14, 10, Tools: Access Document Vault, Pass, , Thu Jan 28 18:54:07 IST 2016, 14, 11, Tools: Access Document Vault, Pass, , Thu Jan 28 18:54:08 IST 2016]
[DEBUG][2016-01-28 18:54:08,234][com.java.ImportnExport.ExportTestResultsExcel] [  222] - testResultPath = D:\BankersDashboard/TestReports/Test Results_BankersDashBoard_012816_185211_IE10_Any Bank USA.xls
[DEBUG][2016-01-28 18:54:08,235][com.java.ImportnExport.ExportTestResultsExcel] [  223] - browser is------------IE10
[DEBUG][2016-01-28 18:54:08,239][com.java.ImportnExport.ExportTestResultsExcel] [  270] - result.size() = 60
[DEBUG][2016-01-28 18:54:08,239][com.java.ImportnExport.ExportTestResultsExcel] [  274] - No of rows in sheet=2
[DEBUG][2016-01-28 18:54:08,239][com.java.ImportnExport.ExportTestResultsExcel] [  301] - ..in export..14
[DEBUG][2016-01-28 18:54:08,239][com.java.ImportnExport.ExportTestResultsExcel] [  301] - ..in export..Tools: Access Document Vault
[DEBUG][2016-01-28 18:54:08,239][com.java.ImportnExport.ExportTestResultsExcel] [  301] - ..in export..Pass
[DEBUG][2016-01-28 18:54:08,239][com.java.ImportnExport.ExportTestResultsExcel] [  301] - ..in export..
[DEBUG][2016-01-28 18:54:08,239][com.java.ImportnExport.ExportTestResultsExcel] [  301] - ..in export..Thu Jan 28 18:53:06 IST 2016
[INFO ][2016-01-28 18:54:08,240][com.java.SeleniumDriver] [ 1337] - out loop:1 size:3 TestCases:[1, 14, 15] testcases:[1, 14, 15]
[INFO ][2016-01-28 18:54:08,240][com.java.ImportnExport.ImportTestDataDetailsExcel] [   49] - test data details path===== D:\BankersDashboard\TestInputs\TestData.xls
[INFO ][2016-01-28 18:54:24,879][com.java.SeleniumDriver] [  856] - ------------------------------------------
[INFO ][2016-01-28 18:54:24,879][com.java.SeleniumDriver] [  857] - Test case being Executed: 15
[INFO ][2016-01-28 18:54:24,879][com.java.SeleniumDriver] [  869] - Test step:1
[INFO ][2016-01-28 18:54:24,879][com.java.SeleniumDriver] [  881] - Datavalue is----------Logout
[INFO ][2016-01-28 18:54:24,879][com.java.SeleniumDriver] [  905] - DataField : BTN
[INFO ][2016-01-28 18:54:24,879][com.java.SeleniumDriver] [  907] - DataValue : Logout
[INFO ][2016-01-28 18:54:24,879][com.java.SeleniumDriver] [  913] - <In Set values of the page>
[INFO ][2016-01-28 18:54:24,879][com.java.SeleniumDriver] [  916] - {Data Fields & Data Values Exist}
[INFO ][2016-01-28 18:54:24,879][com.java.SeleniumDriver] [  918] - --------------------------setting values-----------------------------
[INFO ][2016-01-28 18:54:24,879][com.java.SeleniumDriver] [  921] - Action Type : Verify
[INFO ][2016-01-28 18:54:24,879][com.java.TestType] [ 8040] - field= BTN value= Logout
[INFO ][2016-01-28 18:54:24,879][com.java.TestType] [ 6440] - value = Logout
[INFO ][2016-01-28 18:54:25,273][com.java.SeleniumDriver] [  930] -  RESULT true
[INFO ][2016-01-28 18:54:25,273][com.java.SeleniumDriver] [ 1136] - ?   P A S S   ?
[INFO ][2016-01-28 18:54:25,273][com.java.SeleniumDriver] [ 1178] - step change to 3
[INFO ][2016-01-28 18:54:25,273][com.java.SeleniumDriver] [  856] - ------------------------------------------
[INFO ][2016-01-28 18:54:25,273][com.java.SeleniumDriver] [  857] - Test case being Executed: 15
[INFO ][2016-01-28 18:54:25,273][com.java.SeleniumDriver] [  869] - Test step:3
[INFO ][2016-01-28 18:54:25,274][com.java.SeleniumDriver] [  881] - Datavalue is----------Concept#2:1-2
[INFO ][2016-01-28 18:54:25,274][com.java.SeleniumDriver] [  905] - DataField : test
[INFO ][2016-01-28 18:54:25,274][com.java.SeleniumDriver] [  907] - DataValue : Concept#2:1-2
[INFO ][2016-01-28 18:54:25,274][com.java.SeleniumDriver] [  913] - <In Set values of the page>
[INFO ][2016-01-28 18:54:25,274][com.java.SeleniumDriver] [  916] - {Data Fields & Data Values Exist}
[INFO ][2016-01-28 18:54:25,274][com.java.SeleniumDriver] [  918] - --------------------------setting values-----------------------------
[INFO ][2016-01-28 18:54:25,274][com.java.SeleniumDriver] [  921] - Action Type : ExecuteTestCase
[INFO ][2016-01-28 18:54:25,274][com.java.TestType] [  442] - The Concept sheet name is ---------- Concept
[INFO ][2016-01-28 18:54:25,274][com.java.TestType] [  445] - The Concept ID  is ---------- 2
[DEBUG][2016-01-28 18:54:25,274][com.java.TestType] [  449] - Steps being executted in the Concept are: 1:2
[INFO ][2016-01-28 18:54:25,274][com.java.TestType] [  456] - Test data details path ---------- D:\BankersDashboard\TestInputs\TestData.xls
[INFO ][2016-01-28 18:54:25,293][com.java.TestType] [  487] -  str(1) = 2
[INFO ][2016-01-28 18:54:25,293][com.java.TestType] [  490] - Test case Id is---2
[INFO ][2016-01-28 18:54:25,293][com.java.TestType] [  492] - 2
[INFO ][2016-01-28 18:54:25,293][com.java.TestType] [  487] -  str(2) = 1
[INFO ][2016-01-28 18:54:25,294][com.java.TestType] [  487] -  str(1) = 2
[INFO ][2016-01-28 18:54:25,294][com.java.TestType] [  490] - Test case Id is---2
[INFO ][2016-01-28 18:54:25,295][com.java.TestType] [  492] - 2
[INFO ][2016-01-28 18:54:25,295][com.java.TestType] [  487] -  str(2) = 2
[INFO ][2016-01-28 18:54:25,295][com.java.TestType] [  487] -  str(1) = 2
[INFO ][2016-01-28 18:54:25,295][com.java.TestType] [  490] - Test case Id is---2
[INFO ][2016-01-28 18:54:25,295][com.java.TestType] [  492] - 2
[INFO ][2016-01-28 18:54:25,295][com.java.TestType] [  487] -  str(2) = 3
[INFO ][2016-01-28 18:54:25,296][com.java.TestType] [11700] - Looping 1TCID = 2
[DEBUG][2016-01-28 18:54:25,296][com.java.TestType] [11741] - Concept ID:2 :: Step being Executed: 2::1
[INFO ][2016-01-28 18:54:25,296][com.java.TestType] [11779] - dataFields : BNK//select[@id='bank']
[DEBUG][2016-01-28 18:54:25,296][com.java.TestType] [11785] - <In Set values of the page>
[DEBUG][2016-01-28 18:54:25,296][com.java.TestType] [11790] - {Data Fields & Data Values Exist}
[INFO ][2016-01-28 18:54:25,297][com.java.TestType] [11796] - --------------------------setting values-----------------------------
[INFO ][2016-01-28 18:54:25,297][com.java.TestType] [11799] - Action Type : Select
[INFO ][2016-01-28 18:54:25,297][com.java.TestType] [ 6440] - value = PFC
[INFO ][2016-01-28 18:54:26,473][com.java.TestType] [11818] -  RESULT true
[INFO ][2016-01-28 18:54:26,474][com.java.TestType] [11935] - ?   P A S S   ?
[DEBUG][2016-01-28 18:54:26,474][com.java.TestType] [11741] - Concept ID:2 :: Step being Executed: 2::2
[INFO ][2016-01-28 18:54:26,474][com.java.TestType] [11779] - dataFields : LNKLogout
[DEBUG][2016-01-28 18:54:26,474][com.java.TestType] [11785] - <In Set values of the page>
[DEBUG][2016-01-28 18:54:26,474][com.java.TestType] [11790] - {Data Fields & Data Values Exist}
[INFO ][2016-01-28 18:54:26,474][com.java.TestType] [11796] - --------------------------setting values-----------------------------
[INFO ][2016-01-28 18:54:26,474][com.java.TestType] [11799] - Action Type : WaitTime
[DEBUG][2016-01-28 18:54:26,474][com.java.TestType] [ 6254] - sleepTime: 10000
[INFO ][2016-01-28 18:54:36,474][com.java.TestType] [11818] -  RESULT true
[INFO ][2016-01-28 18:54:36,474][com.java.TestType] [11935] - ?   P A S S   ?
[INFO ][2016-01-28 18:54:36,474][com.java.TestType] [12006] - Looping End......
[INFO ][2016-01-28 18:54:36,475][com.java.SeleniumDriver] [  930] -  RESULT true
[INFO ][2016-01-28 18:54:36,476][com.java.SeleniumDriver] [ 1136] - ?   P A S S   ?
[INFO ][2016-01-28 18:54:36,476][com.java.SeleniumDriver] [  856] - ------------------------------------------
[INFO ][2016-01-28 18:54:36,476][com.java.SeleniumDriver] [  857] - Test case being Executed: 15
[INFO ][2016-01-28 18:54:36,476][com.java.SeleniumDriver] [  869] - Test step:4
[INFO ][2016-01-28 18:54:36,476][com.java.SeleniumDriver] [  881] - Datavalue is----------null
[DEBUG][2016-01-28 18:54:36,476][com.java.SeleniumDriver] [  899] - Exception: null
[INFO ][2016-01-28 18:54:36,476][com.java.SeleniumDriver] [  905] - DataField : //span[@class="icon-hammer"]&&//a[@data-id="FinancialCalculators"]
[INFO ][2016-01-28 18:54:36,476][com.java.SeleniumDriver] [  907] - DataValue : 
[INFO ][2016-01-28 18:54:36,476][com.java.SeleniumDriver] [  913] - <In Set values of the page>
[INFO ][2016-01-28 18:54:36,476][com.java.SeleniumDriver] [  916] - {Data Fields & Data Values Exist}
[INFO ][2016-01-28 18:54:36,476][com.java.SeleniumDriver] [  918] - --------------------------setting values-----------------------------
[INFO ][2016-01-28 18:54:36,476][com.java.SeleniumDriver] [  921] - Action Type : MOUSEOVER
[INFO ][2016-01-28 18:55:19,500][com.java.SeleniumDriver] [  930] -  RESULT true
[INFO ][2016-01-28 18:55:19,500][com.java.SeleniumDriver] [ 1136] - ?   P A S S   ?
[INFO ][2016-01-28 18:55:19,501][com.java.SeleniumDriver] [  856] - ------------------------------------------
[INFO ][2016-01-28 18:55:19,501][com.java.SeleniumDriver] [  857] - Test case being Executed: 15
[INFO ][2016-01-28 18:55:19,501][com.java.SeleniumDriver] [  869] - Test step:5
[INFO ][2016-01-28 18:55:19,501][com.java.SeleniumDriver] [  881] - Datavalue is----------5
[INFO ][2016-01-28 18:55:19,501][com.java.SeleniumDriver] [  905] - DataField : BTNframeDialogContent
[INFO ][2016-01-28 18:55:19,501][com.java.SeleniumDriver] [  907] - DataValue : 5
[INFO ][2016-01-28 18:55:19,501][com.java.SeleniumDriver] [  913] - <In Set values of the page>
[INFO ][2016-01-28 18:55:19,501][com.java.SeleniumDriver] [  916] - {Data Fields & Data Values Exist}
[INFO ][2016-01-28 18:55:19,501][com.java.SeleniumDriver] [  918] - --------------------------setting values-----------------------------
[INFO ][2016-01-28 18:55:19,501][com.java.SeleniumDriver] [  921] - Action Type : WAITFORELEMENT
[INFO ][2016-01-28 18:55:21,132][com.java.SeleniumDriver] [  930] -  RESULT true
[INFO ][2016-01-28 18:55:21,132][com.java.SeleniumDriver] [ 1136] - ?   P A S S   ?
[INFO ][2016-01-28 18:55:21,132][com.java.SeleniumDriver] [  856] - ------------------------------------------
[INFO ][2016-01-28 18:55:21,132][com.java.SeleniumDriver] [  857] - Test case being Executed: 15
[INFO ][2016-01-28 18:55:21,132][com.java.SeleniumDriver] [  869] - Test step:6
[INFO ][2016-01-28 18:55:21,132][com.java.SeleniumDriver] [  881] - Datavalue is----------null
[DEBUG][2016-01-28 18:55:21,133][com.java.SeleniumDriver] [  899] - Exception: null
[INFO ][2016-01-28 18:55:21,133][com.java.SeleniumDriver] [  905] - DataField : BTNframeDialogContent
[INFO ][2016-01-28 18:55:21,133][com.java.SeleniumDriver] [  907] - DataValue : 
[INFO ][2016-01-28 18:55:21,133][com.java.SeleniumDriver] [  913] - <In Set values of the page>
[INFO ][2016-01-28 18:55:21,133][com.java.SeleniumDriver] [  916] - {Data Fields & Data Values Exist}
[INFO ][2016-01-28 18:55:21,133][com.java.SeleniumDriver] [  918] - --------------------------setting values-----------------------------
[INFO ][2016-01-28 18:55:21,133][com.java.SeleniumDriver] [  921] - Action Type : SELECTFRAME
[INFO ][2016-01-28 18:55:23,110][com.java.SeleniumDriver] [  930] -  RESULT true
[INFO ][2016-01-28 18:55:23,110][com.java.SeleniumDriver] [ 1136] - ?   P A S S   ?
[INFO ][2016-01-28 18:55:23,111][com.java.SeleniumDriver] [  856] - ------------------------------------------
[INFO ][2016-01-28 18:55:23,111][com.java.SeleniumDriver] [  857] - Test case being Executed: 15
[INFO ][2016-01-28 18:55:23,111][com.java.SeleniumDriver] [  869] - Test step:7
[INFO ][2016-01-28 18:55:23,111][com.java.SeleniumDriver] [  881] - Datavalue is----------Rate to Yield
[INFO ][2016-01-28 18:55:23,111][com.java.SeleniumDriver] [  905] - DataField : XPH//td[@id="tab_0"]/div[contains(text(),'Rate to Yield')]
[INFO ][2016-01-28 18:55:23,111][com.java.SeleniumDriver] [  907] - DataValue : Rate to Yield
[INFO ][2016-01-28 18:55:23,111][com.java.SeleniumDriver] [  913] - <In Set values of the page>
[INFO ][2016-01-28 18:55:23,111][com.java.SeleniumDriver] [  916] - {Data Fields & Data Values Exist}
[INFO ][2016-01-28 18:55:23,111][com.java.SeleniumDriver] [  918] - --------------------------setting values-----------------------------
[INFO ][2016-01-28 18:55:23,111][com.java.SeleniumDriver] [  921] - Action Type : VERIFY
[INFO ][2016-01-28 18:55:23,111][com.java.TestType] [ 8040] - field= XPH//td[@id="tab_0"]/div[contains(text(),'Rate to Yield')] value= Rate to Yield
[INFO ][2016-01-28 18:55:23,111][com.java.TestType] [ 6440] - value = Rate to Yield
[INFO ][2016-01-28 18:55:23,236][com.java.SeleniumDriver] [  930] -  RESULT true
[INFO ][2016-01-28 18:55:23,236][com.java.SeleniumDriver] [ 1136] - ?   P A S S   ?
[INFO ][2016-01-28 18:55:23,236][com.java.SeleniumDriver] [  856] - ------------------------------------------
[INFO ][2016-01-28 18:55:23,236][com.java.SeleniumDriver] [  857] - Test case being Executed: 15
[INFO ][2016-01-28 18:55:23,236][com.java.SeleniumDriver] [  869] - Test step:8
[INFO ][2016-01-28 18:55:23,236][com.java.SeleniumDriver] [  881] - Datavalue is----------null
[DEBUG][2016-01-28 18:55:23,236][com.java.SeleniumDriver] [  899] - Exception: null
[INFO ][2016-01-28 18:55:23,237][com.java.SeleniumDriver] [  905] - DataField : XPH//td[@id="tab_0"]/div[contains(text(),'Rate to Yield')]
[INFO ][2016-01-28 18:55:23,237][com.java.SeleniumDriver] [  907] - DataValue : 
[INFO ][2016-01-28 18:55:23,237][com.java.SeleniumDriver] [  913] - <In Set values of the page>
[INFO ][2016-01-28 18:55:23,237][com.java.SeleniumDriver] [  916] - {Data Fields & Data Values Exist}
[INFO ][2016-01-28 18:55:23,237][com.java.SeleniumDriver] [  918] - --------------------------setting values-----------------------------
[INFO ][2016-01-28 18:55:23,237][com.java.SeleniumDriver] [  921] - Action Type : CLICK
[INFO ][2016-01-28 18:55:23,237][com.java.TestType] [ 6819] - Field ::XPH//td[@id="tab_0"]/div[contains(text(),'Rate to Yield')]
[INFO ][2016-01-28 18:55:23,237][com.java.TestType] [ 6440] - value = 
[INFO ][2016-01-28 18:55:24,237][com.java.TestType] [ 6992] - BEFORE CLICK
[INFO ][2016-01-28 18:55:25,162][com.java.TestType] [ 7000] - Unable to click the object Click on Yeild to rate
[INFO ][2016-01-28 18:55:25,162][com.java.SeleniumDriver] [  930] -  RESULT true
[INFO ][2016-01-28 18:55:25,162][com.java.SeleniumDriver] [ 1136] - ?   P A S S   ?
[INFO ][2016-01-28 18:55:25,162][com.java.SeleniumDriver] [  856] - ------------------------------------------
[INFO ][2016-01-28 18:55:25,162][com.java.SeleniumDriver] [  857] - Test case being Executed: 15
[INFO ][2016-01-28 18:55:25,162][com.java.SeleniumDriver] [  869] - Test step:9
[INFO ][2016-01-28 18:55:25,162][com.java.SeleniumDriver] [  881] - Datavalue is----------5
[INFO ][2016-01-28 18:55:25,162][com.java.SeleniumDriver] [  905] - DataField : test
[INFO ][2016-01-28 18:55:25,162][com.java.SeleniumDriver] [  907] - DataValue : 5
[INFO ][2016-01-28 18:55:25,162][com.java.SeleniumDriver] [  913] - <In Set values of the page>
[INFO ][2016-01-28 18:55:25,162][com.java.SeleniumDriver] [  916] - {Data Fields & Data Values Exist}
[INFO ][2016-01-28 18:55:25,162][com.java.SeleniumDriver] [  918] - --------------------------setting values-----------------------------
[INFO ][2016-01-28 18:55:25,162][com.java.SeleniumDriver] [  921] - Action Type : WAITTIME
[DEBUG][2016-01-28 18:55:25,163][com.java.TestType] [ 6254] - sleepTime: 5000
[INFO ][2016-01-28 18:55:30,163][com.java.SeleniumDriver] [  930] -  RESULT true
[INFO ][2016-01-28 18:55:30,163][com.java.SeleniumDriver] [ 1136] - ?   P A S S   ?
[INFO ][2016-01-28 18:55:30,163][com.java.SeleniumDriver] [  856] - ------------------------------------------
[INFO ][2016-01-28 18:55:30,163][com.java.SeleniumDriver] [  857] - Test case being Executed: 15
[INFO ][2016-01-28 18:55:30,163][com.java.SeleniumDriver] [  869] - Test step:10
[INFO ][2016-01-28 18:55:30,163][com.java.SeleniumDriver] [  881] - Datavalue is----------3.75
[INFO ][2016-01-28 18:55:30,163][com.java.SeleniumDriver] [  905] - DataField : TXT//input[@name="apr"]
[INFO ][2016-01-28 18:55:30,163][com.java.SeleniumDriver] [  907] - DataValue : 3.75
[INFO ][2016-01-28 18:55:30,163][com.java.SeleniumDriver] [  913] - <In Set values of the page>
[INFO ][2016-01-28 18:55:30,163][com.java.SeleniumDriver] [  916] - {Data Fields & Data Values Exist}
[INFO ][2016-01-28 18:55:30,163][com.java.SeleniumDriver] [  918] - --------------------------setting values-----------------------------
[INFO ][2016-01-28 18:55:30,163][com.java.SeleniumDriver] [  921] - Action Type : CLEARANDENTER
[INFO ][2016-01-28 18:55:30,287][com.java.TestType] [ 6440] - value = 3.75
[INFO ][2016-01-28 18:55:30,414][com.java.SeleniumDriver] [  930] -  RESULT true
[INFO ][2016-01-28 18:55:30,415][com.java.SeleniumDriver] [ 1136] - ?   P A S S   ?
[INFO ][2016-01-28 18:55:30,415][com.java.SeleniumDriver] [  856] - ------------------------------------------
[INFO ][2016-01-28 18:55:30,415][com.java.SeleniumDriver] [  857] - Test case being Executed: 15
[INFO ][2016-01-28 18:55:30,415][com.java.SeleniumDriver] [  869] - Test step:11
[INFO ][2016-01-28 18:55:30,415][com.java.SeleniumDriver] [  881] - Datavalue is----------null
[DEBUG][2016-01-28 18:55:30,415][com.java.SeleniumDriver] [  899] - Exception: null
[INFO ][2016-01-28 18:55:30,415][com.java.SeleniumDriver] [  905] - DataField : HDN//input[@value="Calculate"]
[INFO ][2016-01-28 18:55:30,415][com.java.SeleniumDriver] [  907] - DataValue : 
[INFO ][2016-01-28 18:55:30,415][com.java.SeleniumDriver] [  913] - <In Set values of the page>
[INFO ][2016-01-28 18:55:30,415][com.java.SeleniumDriver] [  916] - {Data Fields & Data Values Exist}
[INFO ][2016-01-28 18:55:30,415][com.java.SeleniumDriver] [  918] - --------------------------setting values-----------------------------
[INFO ][2016-01-28 18:55:30,415][com.java.SeleniumDriver] [  921] - Action Type : CLICK
[INFO ][2016-01-28 18:55:30,415][com.java.TestType] [ 6819] - Field ::HDN//input[@value="Calculate"]
[INFO ][2016-01-28 18:55:30,416][com.java.TestType] [ 6440] - value = 
[INFO ][2016-01-28 18:55:31,506][com.java.SeleniumDriver] [  930] -  RESULT true
[INFO ][2016-01-28 18:55:31,506][com.java.SeleniumDriver] [ 1136] - ?   P A S S   ?
[INFO ][2016-01-28 18:55:31,506][com.java.SeleniumDriver] [  856] - ------------------------------------------
[INFO ][2016-01-28 18:55:31,506][com.java.SeleniumDriver] [  857] - Test case being Executed: 15
[INFO ][2016-01-28 18:55:31,506][com.java.SeleniumDriver] [  869] - Test step:12
[INFO ][2016-01-28 18:55:31,506][com.java.SeleniumDriver] [  881] - Datavalue is----------2
[INFO ][2016-01-28 18:55:31,506][com.java.SeleniumDriver] [  905] - DataField : test
[INFO ][2016-01-28 18:55:31,506][com.java.SeleniumDriver] [  907] - DataValue : 2
[INFO ][2016-01-28 18:55:31,506][com.java.SeleniumDriver] [  913] - <In Set values of the page>
[INFO ][2016-01-28 18:55:31,507][com.java.SeleniumDriver] [  916] - {Data Fields & Data Values Exist}
[INFO ][2016-01-28 18:55:31,507][com.java.SeleniumDriver] [  918] - --------------------------setting values-----------------------------
[INFO ][2016-01-28 18:55:31,507][com.java.SeleniumDriver] [  921] - Action Type : WAITTIME
[DEBUG][2016-01-28 18:55:31,507][com.java.TestType] [ 6254] - sleepTime: 2000
[INFO ][2016-01-28 18:55:33,507][com.java.SeleniumDriver] [  930] -  RESULT true
[INFO ][2016-01-28 18:55:33,507][com.java.SeleniumDriver] [ 1136] - ?   P A S S   ?
[INFO ][2016-01-28 18:55:33,507][com.java.SeleniumDriver] [  856] - ------------------------------------------
[INFO ][2016-01-28 18:55:33,507][com.java.SeleniumDriver] [  857] - Test case being Executed: 15
[INFO ][2016-01-28 18:55:33,507][com.java.SeleniumDriver] [  869] - Test step:13
[INFO ][2016-01-28 18:55:33,507][com.java.SeleniumDriver] [  881] - Datavalue is----------Interest Rate = 3.750%
[INFO ][2016-01-28 18:55:33,507][com.java.SeleniumDriver] [  905] - DataField : XPH//*[@id='rty_intrate']/b/font[contains(text(),'Interest Rate = 3.750%')]
[INFO ][2016-01-28 18:55:33,507][com.java.SeleniumDriver] [  907] - DataValue : Interest Rate = 3.750%
[INFO ][2016-01-28 18:55:33,507][com.java.SeleniumDriver] [  913] - <In Set values of the page>
[INFO ][2016-01-28 18:55:33,507][com.java.SeleniumDriver] [  916] - {Data Fields & Data Values Exist}
[INFO ][2016-01-28 18:55:33,507][com.java.SeleniumDriver] [  918] - --------------------------setting values-----------------------------
[INFO ][2016-01-28 18:55:33,507][com.java.SeleniumDriver] [  921] - Action Type : VERIFY
[INFO ][2016-01-28 18:55:33,508][com.java.TestType] [ 8040] - field= XPH//*[@id='rty_intrate']/b/font[contains(text(),'Interest Rate = 3.750%')] value= Interest Rate = 3.750%
[INFO ][2016-01-28 18:55:33,508][com.java.TestType] [ 6440] - value = Interest Rate = 3.750%
[INFO ][2016-01-28 18:55:33,582][com.java.SeleniumDriver] [  930] -  RESULT true
[INFO ][2016-01-28 18:55:33,582][com.java.SeleniumDriver] [ 1136] - ?   P A S S   ?
[INFO ][2016-01-28 18:55:33,582][com.java.SeleniumDriver] [  856] - ------------------------------------------
[INFO ][2016-01-28 18:55:33,582][com.java.SeleniumDriver] [  857] - Test case being Executed: 15
[INFO ][2016-01-28 18:55:33,582][com.java.SeleniumDriver] [  869] - Test step:14
[INFO ][2016-01-28 18:55:33,582][com.java.SeleniumDriver] [  881] - Datavalue is----------3.821%
[INFO ][2016-01-28 18:55:33,583][com.java.SeleniumDriver] [  905] - DataField : MSG
[INFO ][2016-01-28 18:55:33,583][com.java.SeleniumDriver] [  907] - DataValue : 3.821%
[INFO ][2016-01-28 18:55:33,583][com.java.SeleniumDriver] [  913] - <In Set values of the page>
[INFO ][2016-01-28 18:55:33,583][com.java.SeleniumDriver] [  916] - {Data Fields & Data Values Exist}
[INFO ][2016-01-28 18:55:33,583][com.java.SeleniumDriver] [  918] - --------------------------setting values-----------------------------
[INFO ][2016-01-28 18:55:33,583][com.java.SeleniumDriver] [  921] - Action Type : VERIFY
[INFO ][2016-01-28 18:55:33,583][com.java.TestType] [ 8040] - field= MSG value= 3.821%
[INFO ][2016-01-28 18:55:33,583][com.java.TestType] [ 6440] - value = 3.821%
[DEBUG][2016-01-28 18:55:33,583][com.java.TestType] [ 8868] - value :: 3.821%
[INFO ][2016-01-28 18:55:33,602][com.java.SeleniumDriver] [  930] -  RESULT true
[INFO ][2016-01-28 18:55:33,602][com.java.SeleniumDriver] [ 1136] - ?   P A S S   ?
[INFO ][2016-01-28 18:55:33,603][com.java.SeleniumDriver] [  856] - ------------------------------------------
[INFO ][2016-01-28 18:55:33,603][com.java.SeleniumDriver] [  857] - Test case being Executed: 15
[INFO ][2016-01-28 18:55:33,603][com.java.SeleniumDriver] [  869] - Test step:15
[INFO ][2016-01-28 18:55:33,603][com.java.SeleniumDriver] [  881] - Datavalue is----------3.815%
[INFO ][2016-01-28 18:55:33,603][com.java.SeleniumDriver] [  905] - DataField : MSG
[INFO ][2016-01-28 18:55:33,603][com.java.SeleniumDriver] [  907] - DataValue : 3.815%
[INFO ][2016-01-28 18:55:33,603][com.java.SeleniumDriver] [  913] - <In Set values of the page>
[INFO ][2016-01-28 18:55:33,603][com.java.SeleniumDriver] [  916] - {Data Fields & Data Values Exist}
[INFO ][2016-01-28 18:55:33,603][com.java.SeleniumDriver] [  918] - --------------------------setting values-----------------------------
[INFO ][2016-01-28 18:55:33,603][com.java.SeleniumDriver] [  921] - Action Type : VERIFY
[INFO ][2016-01-28 18:55:33,603][com.java.TestType] [ 8040] - field= MSG value= 3.815%
[INFO ][2016-01-28 18:55:33,603][com.java.TestType] [ 6440] - value = 3.815%
[DEBUG][2016-01-28 18:55:33,603][com.java.TestType] [ 8868] - value :: 3.815%
[INFO ][2016-01-28 18:55:33,624][com.java.SeleniumDriver] [  930] -  RESULT true
[INFO ][2016-01-28 18:55:33,624][com.java.SeleniumDriver] [ 1136] - ?   P A S S   ?
[INFO ][2016-01-28 18:55:33,624][com.java.SeleniumDriver] [  856] - ------------------------------------------
[INFO ][2016-01-28 18:55:33,624][com.java.SeleniumDriver] [  857] - Test case being Executed: 15
[INFO ][2016-01-28 18:55:33,624][com.java.SeleniumDriver] [  869] - Test step:16
[INFO ][2016-01-28 18:55:33,624][com.java.SeleniumDriver] [  881] - Datavalue is----------3.803%
[INFO ][2016-01-28 18:55:33,624][com.java.SeleniumDriver] [  905] - DataField : MSG
[INFO ][2016-01-28 18:55:33,624][com.java.SeleniumDriver] [  907] - DataValue : 3.803%
[INFO ][2016-01-28 18:55:33,624][com.java.SeleniumDriver] [  913] - <In Set values of the page>
[INFO ][2016-01-28 18:55:33,624][com.java.SeleniumDriver] [  916] - {Data Fields & Data Values Exist}
[INFO ][2016-01-28 18:55:33,624][com.java.SeleniumDriver] [  918] - --------------------------setting values-----------------------------
[INFO ][2016-01-28 18:55:33,624][com.java.SeleniumDriver] [  921] - Action Type : VERIFY
[INFO ][2016-01-28 18:55:33,624][com.java.TestType] [ 8040] - field= MSG value= 3.803%
[INFO ][2016-01-28 18:55:33,625][com.java.TestType] [ 6440] - value = 3.803%
[DEBUG][2016-01-28 18:55:33,625][com.java.TestType] [ 8868] - value :: 3.803%
[INFO ][2016-01-28 18:55:33,641][com.java.SeleniumDriver] [  930] -  RESULT true
[INFO ][2016-01-28 18:55:33,641][com.java.SeleniumDriver] [ 1136] - ?   P A S S   ?
[INFO ][2016-01-28 18:55:33,641][com.java.SeleniumDriver] [  856] - ------------------------------------------
[INFO ][2016-01-28 18:55:33,641][com.java.SeleniumDriver] [  857] - Test case being Executed: 15
[INFO ][2016-01-28 18:55:33,641][com.java.SeleniumDriver] [  869] - Test step:17
[INFO ][2016-01-28 18:55:33,641][com.java.SeleniumDriver] [  881] - Datavalue is----------3.785%
[INFO ][2016-01-28 18:55:33,641][com.java.SeleniumDriver] [  905] - DataField : MSG
[INFO ][2016-01-28 18:55:33,641][com.java.SeleniumDriver] [  907] - DataValue : 3.785%
[INFO ][2016-01-28 18:55:33,641][com.java.SeleniumDriver] [  913] - <In Set values of the page>
[INFO ][2016-01-28 18:55:33,641][com.java.SeleniumDriver] [  916] - {Data Fields & Data Values Exist}
[INFO ][2016-01-28 18:55:33,641][com.java.SeleniumDriver] [  918] - --------------------------setting values-----------------------------
[INFO ][2016-01-28 18:55:33,641][com.java.SeleniumDriver] [  921] - Action Type : VERIFY
[INFO ][2016-01-28 18:55:33,641][com.java.TestType] [ 8040] - field= MSG value= 3.785%
[INFO ][2016-01-28 18:55:33,642][com.java.TestType] [ 6440] - value = 3.785%
[DEBUG][2016-01-28 18:55:33,642][com.java.TestType] [ 8868] - value :: 3.785%
[INFO ][2016-01-28 18:55:33,658][com.java.SeleniumDriver] [  930] -  RESULT true
[INFO ][2016-01-28 18:55:33,658][com.java.SeleniumDriver] [ 1136] - ?   P A S S   ?
[INFO ][2016-01-28 18:55:33,659][com.java.SeleniumDriver] [  856] - ------------------------------------------
[INFO ][2016-01-28 18:55:33,659][com.java.SeleniumDriver] [  857] - Test case being Executed: 15
[INFO ][2016-01-28 18:55:33,659][com.java.SeleniumDriver] [  869] - Test step:18
[INFO ][2016-01-28 18:55:33,659][com.java.SeleniumDriver] [  881] - Datavalue is----------3.750%
[INFO ][2016-01-28 18:55:33,659][com.java.SeleniumDriver] [  905] - DataField : MSG
[INFO ][2016-01-28 18:55:33,659][com.java.SeleniumDriver] [  907] - DataValue : 3.750%
[INFO ][2016-01-28 18:55:33,659][com.java.SeleniumDriver] [  913] - <In Set values of the page>
[INFO ][2016-01-28 18:55:33,659][com.java.SeleniumDriver] [  916] - {Data Fields & Data Values Exist}
[INFO ][2016-01-28 18:55:33,659][com.java.SeleniumDriver] [  918] - --------------------------setting values-----------------------------
[INFO ][2016-01-28 18:55:33,659][com.java.SeleniumDriver] [  921] - Action Type : VERIFY
[INFO ][2016-01-28 18:55:33,659][com.java.TestType] [ 8040] - field= MSG value= 3.750%
[INFO ][2016-01-28 18:55:33,659][com.java.TestType] [ 6440] - value = 3.750%
[DEBUG][2016-01-28 18:55:33,659][com.java.TestType] [ 8868] - value :: 3.750%
[INFO ][2016-01-28 18:55:33,679][com.java.SeleniumDriver] [  930] -  RESULT true
[INFO ][2016-01-28 18:55:33,679][com.java.SeleniumDriver] [ 1136] - ?   P A S S   ?
[INFO ][2016-01-28 18:55:33,679][com.java.SeleniumDriver] [  856] - ------------------------------------------
[INFO ][2016-01-28 18:55:33,679][com.java.SeleniumDriver] [  857] - Test case being Executed: 15
[INFO ][2016-01-28 18:55:33,679][com.java.SeleniumDriver] [  869] - Test step:19
[INFO ][2016-01-28 18:55:33,679][com.java.SeleniumDriver] [  881] - Datavalue is----------null
[DEBUG][2016-01-28 18:55:33,679][com.java.SeleniumDriver] [  899] - Exception: null
[INFO ][2016-01-28 18:55:33,679][com.java.SeleniumDriver] [  905] - DataField : BTNparent
[INFO ][2016-01-28 18:55:33,679][com.java.SeleniumDriver] [  907] - DataValue : 
[INFO ][2016-01-28 18:55:33,679][com.java.SeleniumDriver] [  913] - <In Set values of the page>
[INFO ][2016-01-28 18:55:33,679][com.java.SeleniumDriver] [  916] - {Data Fields & Data Values Exist}
[INFO ][2016-01-28 18:55:33,680][com.java.SeleniumDriver] [  918] - --------------------------setting values-----------------------------
[INFO ][2016-01-28 18:55:33,680][com.java.SeleniumDriver] [  921] - Action Type : SELECTFRAME
[INFO ][2016-01-28 18:55:33,696][com.java.SeleniumDriver] [  930] -  RESULT true
[INFO ][2016-01-28 18:55:33,696][com.java.SeleniumDriver] [ 1136] - ?   P A S S   ?
[INFO ][2016-01-28 18:55:33,696][com.java.SeleniumDriver] [  856] - ------------------------------------------
[INFO ][2016-01-28 18:55:33,696][com.java.SeleniumDriver] [  857] - Test case being Executed: 15
[INFO ][2016-01-28 18:55:33,696][com.java.SeleniumDriver] [  869] - Test step:20
[INFO ][2016-01-28 18:55:33,696][com.java.SeleniumDriver] [  881] - Datavalue is----------null
[DEBUG][2016-01-28 18:55:33,696][com.java.SeleniumDriver] [  899] - Exception: null
[INFO ][2016-01-28 18:55:33,696][com.java.SeleniumDriver] [  905] - DataField : XPH//span[contains(text(),'close')]
[INFO ][2016-01-28 18:55:33,696][com.java.SeleniumDriver] [  907] - DataValue : 
[INFO ][2016-01-28 18:55:33,696][com.java.SeleniumDriver] [  913] - <In Set values of the page>
[INFO ][2016-01-28 18:55:33,697][com.java.SeleniumDriver] [  916] - {Data Fields & Data Values Exist}
[INFO ][2016-01-28 18:55:33,697][com.java.SeleniumDriver] [  918] - --------------------------setting values-----------------------------
[INFO ][2016-01-28 18:55:33,697][com.java.SeleniumDriver] [  921] - Action Type : CLICK
[INFO ][2016-01-28 18:55:33,697][com.java.TestType] [ 6819] - Field ::XPH//span[contains(text(),'close')]
[INFO ][2016-01-28 18:55:33,697][com.java.TestType] [ 6440] - value = 
[INFO ][2016-01-28 18:55:34,697][com.java.TestType] [ 6992] - BEFORE CLICK
[INFO ][2016-01-28 18:55:36,089][com.java.TestType] [ 7000] - Unable to click the object Close button
[INFO ][2016-01-28 18:55:36,089][com.java.SeleniumDriver] [  930] -  RESULT true
[INFO ][2016-01-28 18:55:36,089][com.java.SeleniumDriver] [ 1136] - ?   P A S S   ?
[INFO ][2016-01-28 18:55:36,089][com.java.SeleniumDriver] [  856] - ------------------------------------------
[INFO ][2016-01-28 18:55:36,089][com.java.SeleniumDriver] [  857] - Test case being Executed: 15
[INFO ][2016-01-28 18:55:36,089][com.java.SeleniumDriver] [  869] - Test step:21
[INFO ][2016-01-28 18:55:36,089][com.java.SeleniumDriver] [  881] - Datavalue is----------null
[DEBUG][2016-01-28 18:55:36,089][com.java.SeleniumDriver] [  899] - Exception: null
[INFO ][2016-01-28 18:55:36,089][com.java.SeleniumDriver] [  905] - DataField : BTNparent
[INFO ][2016-01-28 18:55:36,089][com.java.SeleniumDriver] [  907] - DataValue : 
[INFO ][2016-01-28 18:55:36,089][com.java.SeleniumDriver] [  913] - <In Set values of the page>
[INFO ][2016-01-28 18:55:36,089][com.java.SeleniumDriver] [  916] - {Data Fields & Data Values Exist}
[INFO ][2016-01-28 18:55:36,090][com.java.SeleniumDriver] [  918] - --------------------------setting values-----------------------------
[INFO ][2016-01-28 18:55:36,090][com.java.SeleniumDriver] [  921] - Action Type : SELECTFRAME
[INFO ][2016-01-28 18:55:36,106][com.java.SeleniumDriver] [  930] -  RESULT true
[INFO ][2016-01-28 18:55:36,106][com.java.SeleniumDriver] [ 1136] - ?   P A S S   ?
[INFO ][2016-01-28 18:55:36,106][com.java.SeleniumDriver] [  856] - ------------------------------------------
[INFO ][2016-01-28 18:55:36,107][com.java.SeleniumDriver] [  857] - Test case being Executed: 15
[INFO ][2016-01-28 18:55:36,107][com.java.SeleniumDriver] [  869] - Test step:22
[INFO ][2016-01-28 18:55:36,107][com.java.SeleniumDriver] [  881] - Datavalue is----------null
[DEBUG][2016-01-28 18:55:36,107][com.java.SeleniumDriver] [  899] - Exception: null
[INFO ][2016-01-28 18:55:36,107][com.java.SeleniumDriver] [  905] - DataField : BTNcloseAllTabs
[INFO ][2016-01-28 18:55:36,107][com.java.SeleniumDriver] [  907] - DataValue : 
[INFO ][2016-01-28 18:55:36,107][com.java.SeleniumDriver] [  913] - <In Set values of the page>
[INFO ][2016-01-28 18:55:36,107][com.java.SeleniumDriver] [  916] - {Data Fields & Data Values Exist}
[INFO ][2016-01-28 18:55:36,107][com.java.SeleniumDriver] [  918] - --------------------------setting values-----------------------------
[INFO ][2016-01-28 18:55:36,107][com.java.SeleniumDriver] [  921] - Action Type : CLICK
[INFO ][2016-01-28 18:55:36,107][com.java.TestType] [ 6819] - Field ::BTNcloseAllTabs
[INFO ][2016-01-28 18:55:36,107][com.java.TestType] [ 6440] - value = 
[INFO ][2016-01-28 18:55:37,108][com.java.TestType] [ 6971] - BEFORE CLICK
[INFO ][2016-01-28 18:55:39,929][com.java.TestType] [ 6978] - Unable to click the object Close all tabs button
[INFO ][2016-01-28 18:55:39,929][com.java.SeleniumDriver] [  930] -  RESULT true
[INFO ][2016-01-28 18:55:39,929][com.java.SeleniumDriver] [ 1136] - ?   P A S S   ?
[INFO ][2016-01-28 18:55:39,929][com.java.SeleniumDriver] [  856] - ------------------------------------------
[INFO ][2016-01-28 18:55:39,929][com.java.SeleniumDriver] [  857] - Test case being Executed: 15
[INFO ][2016-01-28 18:55:39,929][com.java.SeleniumDriver] [  869] - Test step:23
[INFO ][2016-01-28 18:55:39,929][com.java.SeleniumDriver] [  881] - Datavalue is----------3
[INFO ][2016-01-28 18:55:39,929][com.java.SeleniumDriver] [  905] - DataField : XPH//div[contains(text(), 'My Dashboard')]
[INFO ][2016-01-28 18:55:39,929][com.java.SeleniumDriver] [  907] - DataValue : 3
[INFO ][2016-01-28 18:55:39,929][com.java.SeleniumDriver] [  913] - <In Set values of the page>
[INFO ][2016-01-28 18:55:39,929][com.java.SeleniumDriver] [  916] - {Data Fields & Data Values Exist}
[INFO ][2016-01-28 18:55:39,930][com.java.SeleniumDriver] [  918] - --------------------------setting values-----------------------------
[INFO ][2016-01-28 18:55:39,930][com.java.SeleniumDriver] [  921] - Action Type : WAITFORELEMENT
[INFO ][2016-01-28 18:55:40,128][com.java.SeleniumDriver] [  930] -  RESULT true
[INFO ][2016-01-28 18:55:40,128][com.java.SeleniumDriver] [ 1136] - ?   P A S S   ?
[INFO ][2016-01-28 18:55:40,128][com.java.SeleniumDriver] [  856] - ------------------------------------------
[INFO ][2016-01-28 18:55:40,128][com.java.SeleniumDriver] [  857] - Test case being Executed: 15
[INFO ][2016-01-28 18:55:40,128][com.java.SeleniumDriver] [  869] - Test step:24
[INFO ][2016-01-28 18:55:40,128][com.java.SeleniumDriver] [  881] - Datavalue is----------//div[contains(text(), 'My Dashboard')]
[INFO ][2016-01-28 18:55:40,128][com.java.SeleniumDriver] [  905] - DataField : BTN
[INFO ][2016-01-28 18:55:40,128][com.java.SeleniumDriver] [  907] - DataValue : //div[contains(text(), 'My Dashboard')]
[INFO ][2016-01-28 18:55:40,129][com.java.SeleniumDriver] [  913] - <In Set values of the page>
[INFO ][2016-01-28 18:55:40,129][com.java.SeleniumDriver] [  916] - {Data Fields & Data Values Exist}
[INFO ][2016-01-28 18:55:40,129][com.java.SeleniumDriver] [  918] - --------------------------setting values-----------------------------
[INFO ][2016-01-28 18:55:40,130][com.java.SeleniumDriver] [  921] - Action Type : VERIFY
[INFO ][2016-01-28 18:55:40,130][com.java.TestType] [ 8040] - field= BTN value= //div[contains(text(), 'My Dashboard')]
[INFO ][2016-01-28 18:55:40,130][com.java.TestType] [ 6440] - value = //div[contains(text(), 'My Dashboard')]
[INFO ][2016-01-28 18:55:40,519][com.java.SeleniumDriver] [  930] -  RESULT true
[INFO ][2016-01-28 18:55:40,519][com.java.SeleniumDriver] [ 1136] - ?   P A S S   ?
[DEBUG][2016-01-28 18:55:40,519][com.java.SeleniumDriver] [ 1248] - Case found
[DEBUG][2016-01-28 18:55:40,519][com.java.SeleniumDriver] [ 1253] - Incrementing ReportCounters[0]:3
[INFO ][2016-01-28 18:55:40,519][com.java.SeleniumDriver] [ 1272] - The results are-------------------[15, 1, Tools > Financial Calculators : Rate to Yield, Pass, , Thu Jan 28 18:54:25 IST 2016, 15, 3, Tools > Financial Calculators : Rate to Yield, Pass, , Thu Jan 28 18:54:36 IST 2016, 15, 4, Tools > Financial Calculators : Rate to Yield, Pass, , Thu Jan 28 18:55:19 IST 2016, 15, 5, Tools > Financial Calculators : Rate to Yield, Pass, , Thu Jan 28 18:55:21 IST 2016, 15, 6, Tools > Financial Calculators : Rate to Yield, Pass, , Thu Jan 28 18:55:23 IST 2016, 15, 7, Tools > Financial Calculators : Rate to Yield, Pass, , Thu Jan 28 18:55:23 IST 2016, 15, 8, Tools > Financial Calculators : Rate to Yield, Pass, , Thu Jan 28 18:55:25 IST 2016, 15, 9, Tools > Financial Calculators : Rate to Yield, Pass, , Thu Jan 28 18:55:30 IST 2016, 15, 10, Tools > Financial Calculators : Rate to Yield, Pass, , Thu Jan 28 18:55:30 IST 2016, 15, 11, Tools > Financial Calculators : Rate to Yield, Pass, , Thu Jan 28 18:55:31 IST 2016, 15, 12, Tools > Financial Calculators : Rate to Yield, Pass, , Thu Jan 28 18:55:33 IST 2016, 15, 13, Tools > Financial Calculators : Rate to Yield, Pass, , Thu Jan 28 18:55:33 IST 2016, 15, 14, Tools > Financial Calculators : Rate to Yield, Pass, , Thu Jan 28 18:55:33 IST 2016, 15, 15, Tools > Financial Calculators : Rate to Yield, Pass, , Thu Jan 28 18:55:33 IST 2016, 15, 16, Tools > Financial Calculators : Rate to Yield, Pass, , Thu Jan 28 18:55:33 IST 2016, 15, 17, Tools > Financial Calculators : Rate to Yield, Pass, , Thu Jan 28 18:55:33 IST 2016, 15, 18, Tools > Financial Calculators : Rate to Yield, Pass, , Thu Jan 28 18:55:33 IST 2016, 15, 19, Tools > Financial Calculators : Rate to Yield, Pass, , Thu Jan 28 18:55:33 IST 2016, 15, 20, Tools > Financial Calculators : Rate to Yield, Pass, , Thu Jan 28 18:55:36 IST 2016, 15, 21, Tools > Financial Calculators : Rate to Yield, Pass, , Thu Jan 28 18:55:36 IST 2016, 15, 22, Tools > Financial Calculators : Rate to Yield, Pass, , Thu Jan 28 18:55:39 IST 2016, 15, 23, Tools > Financial Calculators : Rate to Yield, Pass, , Thu Jan 28 18:55:40 IST 2016, 15, 24, Tools > Financial Calculators : Rate to Yield, Pass, , Thu Jan 28 18:55:40 IST 2016]
[INFO ][2016-01-28 18:55:40,519][com.java.SeleniumDriver] [ 1276] - End time is-------3 min 30 sec
[INFO ][2016-01-28 18:55:40,519][com.java.SeleniumDriver] [ 1277] - The results are-------------------[15, 1, Tools > Financial Calculators : Rate to Yield, Pass, , Thu Jan 28 18:54:25 IST 2016, 15, 3, Tools > Financial Calculators : Rate to Yield, Pass, , Thu Jan 28 18:54:36 IST 2016, 15, 4, Tools > Financial Calculators : Rate to Yield, Pass, , Thu Jan 28 18:55:19 IST 2016, 15, 5, Tools > Financial Calculators : Rate to Yield, Pass, , Thu Jan 28 18:55:21 IST 2016, 15, 6, Tools > Financial Calculators : Rate to Yield, Pass, , Thu Jan 28 18:55:23 IST 2016, 15, 7, Tools > Financial Calculators : Rate to Yield, Pass, , Thu Jan 28 18:55:23 IST 2016, 15, 8, Tools > Financial Calculators : Rate to Yield, Pass, , Thu Jan 28 18:55:25 IST 2016, 15, 9, Tools > Financial Calculators : Rate to Yield, Pass, , Thu Jan 28 18:55:30 IST 2016, 15, 10, Tools > Financial Calculators : Rate to Yield, Pass, , Thu Jan 28 18:55:30 IST 2016, 15, 11, Tools > Financial Calculators : Rate to Yield, Pass, , Thu Jan 28 18:55:31 IST 2016, 15, 12, Tools > Financial Calculators : Rate to Yield, Pass, , Thu Jan 28 18:55:33 IST 2016, 15, 13, Tools > Financial Calculators : Rate to Yield, Pass, , Thu Jan 28 18:55:33 IST 2016, 15, 14, Tools > Financial Calculators : Rate to Yield, Pass, , Thu Jan 28 18:55:33 IST 2016, 15, 15, Tools > Financial Calculators : Rate to Yield, Pass, , Thu Jan 28 18:55:33 IST 2016, 15, 16, Tools > Financial Calculators : Rate to Yield, Pass, , Thu Jan 28 18:55:33 IST 2016, 15, 17, Tools > Financial Calculators : Rate to Yield, Pass, , Thu Jan 28 18:55:33 IST 2016, 15, 18, Tools > Financial Calculators : Rate to Yield, Pass, , Thu Jan 28 18:55:33 IST 2016, 15, 19, Tools > Financial Calculators : Rate to Yield, Pass, , Thu Jan 28 18:55:33 IST 2016, 15, 20, Tools > Financial Calculators : Rate to Yield, Pass, , Thu Jan 28 18:55:36 IST 2016, 15, 21, Tools > Financial Calculators : Rate to Yield, Pass, , Thu Jan 28 18:55:36 IST 2016, 15, 22, Tools > Financial Calculators : Rate to Yield, Pass, , Thu Jan 28 18:55:39 IST 2016, 15, 23, Tools > Financial Calculators : Rate to Yield, Pass, , Thu Jan 28 18:55:40 IST 2016, 15, 24, Tools > Financial Calculators : Rate to Yield, Pass, , Thu Jan 28 18:55:40 IST 2016]
[DEBUG][2016-01-28 18:55:40,520][com.java.ImportnExport.ExportTestResultsExcel] [  222] - testResultPath = D:\BankersDashboard/TestReports/Test Results_BankersDashBoard_012816_185211_IE10_Any Bank USA.xls
[DEBUG][2016-01-28 18:55:40,520][com.java.ImportnExport.ExportTestResultsExcel] [  223] - browser is------------IE10
[DEBUG][2016-01-28 18:55:40,524][com.java.ImportnExport.ExportTestResultsExcel] [  270] - result.size() = 138
[DEBUG][2016-01-28 18:55:40,524][com.java.ImportnExport.ExportTestResultsExcel] [  274] - No of rows in sheet=3
[DEBUG][2016-01-28 18:55:40,524][com.java.ImportnExport.ExportTestResultsExcel] [  301] - ..in export..15
[DEBUG][2016-01-28 18:55:40,524][com.java.ImportnExport.ExportTestResultsExcel] [  301] - ..in export..Tools > Financial Calculators : Rate to Yield
[DEBUG][2016-01-28 18:55:40,524][com.java.ImportnExport.ExportTestResultsExcel] [  301] - ..in export..Pass
[DEBUG][2016-01-28 18:55:40,525][com.java.ImportnExport.ExportTestResultsExcel] [  301] - ..in export..
[DEBUG][2016-01-28 18:55:40,525][com.java.ImportnExport.ExportTestResultsExcel] [  301] - ..in export..Thu Jan 28 18:54:25 IST 2016
[INFO ][2016-01-28 18:55:40,526][com.java.SeleniumDriver] [ 1337] - out loop:2 size:3 TestCases:[1, 14, 15] testcases:[1, 14, 15]
[INFO ][2016-01-28 18:55:42,526][com.java.SeleniumDriver] [ 1380] - Total Number of Cases:3
[INFO ][2016-01-28 18:55:42,526][com.java.TemplateGenerator] [  302] - Executed:3
[INFO ][2016-01-28 18:55:42,526][com.java.TemplateGenerator] [  303] - Passed:3
[INFO ][2016-01-28 18:55:42,526][com.java.TemplateGenerator] [  304] - Failed:0
[INFO ][2016-01-28 18:55:42,526][com.java.TemplateGenerator] [  305] - Skipeed:0
[INFO ][2016-01-28 18:55:42,526][com.java.TemplateGenerator] [  306] - Application URL:https://clients-xuat.bankersdashboard.com
[INFO ][2016-01-28 18:55:42,526][com.java.TemplateGenerator] [  307] - Start Time:012816_185211
[INFO ][2016-01-28 18:55:42,526][com.java.TemplateGenerator] [  308] -  Creating HTML Report 
[ERROR][2016-01-28 18:55:42,527][com.java.TemplateGenerator] [  409] - Unparseable date: "Thu Jan 28 06:52:11 IST 2016"
[INFO ][2016-01-28 18:55:42,527][com.java.TemplateGenerator] [  654] -  Exporting case :: 1
[INFO ][2016-01-28 18:55:42,527][com.java.TemplateGenerator] [  654] -  Exporting case :: 14
[INFO ][2016-01-28 18:55:42,527][com.java.TemplateGenerator] [  654] -  Exporting case :: 15
[INFO ][2016-01-28 18:55:42,533][com.java.SeleniumDriver] [ 1429] - End Time:012816_185542
[INFO ][2016-01-28 18:55:42,533][com.java.SeleniumDriver] [ 1432] - Data in Test Execution Details:{1=PASS, 14=PASS, 15=PASS}
[INFO ][2016-01-28 18:55:42,533][com.java.SeleniumDriver] [ 1433] - Data in Failed Execution Deatils:{}
[INFO ][2016-01-28 18:55:42,533][com.java.SeleniumDriver] [ 1435] - ReportCounter:Total:3 :: PASS: 3 ::FAIL: 0
[INFO ][2016-01-28 18:55:42,534][com.java.SeleniumDriver] [ 1436] - FailedReportCounter:Total:0 :: PASS: 0 ::FAIL: 0
[INFO ][2016-01-28 18:55:42,541][com.java.EmailTestReport] [   63] - Sending report mail details:
[INFO ][2016-01-28 18:55:42,541][com.java.EmailTestReport] [   80] - Excel Report Path:D:\BankersDashboard/TestReports/Test Results_BankersDashBoard_012816_185211_IE10_Any Bank USA.xls
[INFO ][2016-01-28 18:55:42,541][com.java.EmailTestReport] [   81] - HTML Report Path:D:\BankersDashboard//TestReports//Test Results_BankersDashBoard_012816_185211_IE10_Any Bank USA.html
[INFO ][2016-01-28 18:55:42,541][com.java.EmailTestReport] [   82] - smtpHostName:mail01.valuelabs.com
[INFO ][2016-01-28 18:55:42,541][com.java.EmailTestReport] [   83] - Recipient:venkateswararao.gubbala@valuelabs.com;
[INFO ][2016-01-28 18:55:42,542][com.java.EmailTestReport] [   84] - From:venkateswararao.gubbala@valuelabs.com;
[INFO ][2016-01-28 18:55:42,542][com.java.EmailTestReport] [   85] - Subject:Deluxe Corp Bankers Dashboard Automation Test Report - Any Bank USA - IE10
[INFO ][2016-01-28 18:55:42,558][com.java.EmailTestReport] [  143] -  Added venkateswararao.gubbala@valuelabs.com
[INFO ][2016-01-28 18:55:45,686][com.java.SeleniumDriver] [  722] - quitting the browser 
[INFO ][2016-01-28 18:55:47,394][com.java.SeleniumDriver] [  264] - Execution Completed Stopping the thread
