[INFO ][2015-11-19 11:27:35,024][com.java.SeleniumDriver] [  213] - Execute Failed Casesfalse
[INFO ][2015-11-19 11:27:35,024][com.java.SeleniumDriver] [  214] - Browser: IE10
[INFO ][2015-11-19 11:27:35,024][com.java.SeleniumDriver] [  215] - [1, 6]
[INFO ][2015-11-19 11:27:35,024][com.java.SeleniumDriver] [  216] - Total TestCases:2
[INFO ][2015-11-19 11:27:35,024][com.java.SeleniumDriver] [  217] -  Reading Properties from Property File 
[DEBUG][2015-11-19 11:27:35,024][com.java.SeleniumDriver] [  238] - url : https://clients-xuat.bankersdashboard.com
[INFO ][2015-11-19 11:27:35,024][com.java.ImportnExport.ExportTestResultsExcel] [  116] - Time Stamp Thu Nov 19 11:27:35 IST 2015
[INFO ][2015-11-19 11:27:35,024][com.java.ImportnExport.ExportTestResultsExcel] [  175] - OUT FILE : D:\BankersDashboard/TestReports/Test Results_BankersDashBoard_111915_112735_IE10_Simmons First National Bank.xls
[INFO ][2015-11-19 11:27:35,056][com.java.ImportnExport.ExportTestResultsExcel] [  180] - Test Result file is created
[DEBUG][2015-11-19 11:27:35,146][com.java.SeleniumDriver] [  425] - Hub ip address is-------172.17.68.34
[INFO ][2015-11-19 11:27:35,146][com.java.SeleniumDriver] [  451] - Grid URL:http://172.17.68.34:4444/wd/hub
[INFO ][2015-11-19 11:27:35,146][com.java.SeleniumDriver] [  452] - Capability:Capabilities [{platform=ANY, ensureCleanSession=true, ignoreProtectedModeSettings=true, acceptSslCerts=true, ignoreZoomSetting=true, browserName=internet explorer, browserstack.ie.noFlash=true, version=null}]
[ERROR][2015-11-19 11:27:36,436][com.java.SeleniumDriver] [  496] - Unable invoke browser in grid:Could not start a new session. Possible causes are invalid address of the remote server or browser start-up failure.
Build info: version: '2.48.2', revision: '41bccdd', time: '2015-10-09 19:59:12'
System info: host: 'FVTIII438F1D', ip: '172.17.68.34', os.name: 'Windows 7', os.arch: 'x86', os.version: '6.1', java.version: '1.7.0_55'
Driver info: driver.version: SeleniumDriver
[INFO ][2015-11-19 11:27:36,436][com.java.SeleniumDriver] [  498] - Executing on local machine
[INFO ][2015-11-19 11:27:45,876][com.java.SeleniumDriver] [  248] - IE10is opened
[INFO ][2015-11-19 11:27:46,501][com.java.SeleniumDriver] [  753] - Test cases to be executed are: [1, 6]
[INFO ][2015-11-19 11:27:46,502][com.java.ImportnExport.ImportTestDataDetailsExcel] [   49] - test data details path===== D:\BankersDashboard\TestInputs\TestData.xls
[INFO ][2015-11-19 11:27:46,562][com.java.SeleniumDriver] [  796] - ------------------------------------------
[INFO ][2015-11-19 11:27:46,562][com.java.SeleniumDriver] [  797] - Test case being Executed: 1
[INFO ][2015-11-19 11:27:46,562][com.java.SeleniumDriver] [  808] - Test step:1
[INFO ][2015-11-19 11:27:46,562][com.java.SeleniumDriver] [  820] - Datavalue is----------Concept#1:1-14
[INFO ][2015-11-19 11:27:46,562][com.java.SeleniumDriver] [  844] - DataField : test
[INFO ][2015-11-19 11:27:46,562][com.java.SeleniumDriver] [  846] - DataValue : Concept#1:1-14
[INFO ][2015-11-19 11:27:46,562][com.java.SeleniumDriver] [  852] - <In Set values of the page>
[INFO ][2015-11-19 11:27:46,562][com.java.SeleniumDriver] [  855] - {Data Fields & Data Values Exist}
[INFO ][2015-11-19 11:27:46,562][com.java.SeleniumDriver] [  857] - --------------------------setting values-----------------------------
[INFO ][2015-11-19 11:27:46,562][com.java.SeleniumDriver] [  860] - Action Type : ExecuteTestCase
[INFO ][2015-11-19 11:27:46,582][com.java.TestType] [  426] - The Concept sheet name is ---------- Concept
[INFO ][2015-11-19 11:27:46,582][com.java.TestType] [  429] - The Concept ID  is ---------- 1
[DEBUG][2015-11-19 11:27:46,582][com.java.TestType] [  433] - Steps being executted in the Concept are: 1:14
[INFO ][2015-11-19 11:27:46,582][com.java.TestType] [  440] - Test data details path ---------- D:\BankersDashboard\TestInputs\TestData.xls
[INFO ][2015-11-19 11:27:46,612][com.java.TestType] [  471] -  str(1) = 1
[INFO ][2015-11-19 11:27:46,612][com.java.TestType] [  474] - Test case Id is---1
[INFO ][2015-11-19 11:27:46,612][com.java.TestType] [  476] - 1
[INFO ][2015-11-19 11:27:46,612][com.java.TestType] [  471] -  str(2) = 1
[INFO ][2015-11-19 11:27:46,612][com.java.TestType] [  523] - row values are--------{1=com.java.Objects.TestDataDetails@16072}
[INFO ][2015-11-19 11:27:46,612][com.java.TestType] [  471] -  str(1) = 1
[INFO ][2015-11-19 11:27:46,612][com.java.TestType] [  474] - Test case Id is---1
[INFO ][2015-11-19 11:27:46,612][com.java.TestType] [  476] - 1
[INFO ][2015-11-19 11:27:46,612][com.java.TestType] [  471] -  str(2) = 2
[INFO ][2015-11-19 11:27:46,622][com.java.TestType] [  523] - row values are--------{1=com.java.Objects.TestDataDetails@16072, 2=com.java.Objects.TestDataDetails@1bcdc8}
[INFO ][2015-11-19 11:27:46,622][com.java.TestType] [  471] -  str(1) = 1
[INFO ][2015-11-19 11:27:46,622][com.java.TestType] [  474] - Test case Id is---1
[INFO ][2015-11-19 11:27:46,622][com.java.TestType] [  476] - 1
[INFO ][2015-11-19 11:27:46,622][com.java.TestType] [  471] -  str(2) = 3
[INFO ][2015-11-19 11:27:46,622][com.java.TestType] [  523] - row values are--------{1=com.java.Objects.TestDataDetails@16072, 2=com.java.Objects.TestDataDetails@1bcdc8, 3=com.java.Objects.TestDataDetails@8ecefb}
[INFO ][2015-11-19 11:27:46,622][com.java.TestType] [  471] -  str(1) = 1
[INFO ][2015-11-19 11:27:46,622][com.java.TestType] [  474] - Test case Id is---1
[INFO ][2015-11-19 11:27:46,622][com.java.TestType] [  476] - 1
[INFO ][2015-11-19 11:27:46,622][com.java.TestType] [  471] -  str(2) = 4
[INFO ][2015-11-19 11:27:46,622][com.java.TestType] [  523] - row values are--------{1=com.java.Objects.TestDataDetails@16072, 2=com.java.Objects.TestDataDetails@1bcdc8, 3=com.java.Objects.TestDataDetails@8ecefb, 4=com.java.Objects.TestDataDetails@1b6a48d}
[INFO ][2015-11-19 11:27:46,622][com.java.TestType] [  471] -  str(1) = 1
[INFO ][2015-11-19 11:27:46,622][com.java.TestType] [  474] - Test case Id is---1
[INFO ][2015-11-19 11:27:46,622][com.java.TestType] [  476] - 1
[INFO ][2015-11-19 11:27:46,622][com.java.TestType] [  471] -  str(2) = 5
[INFO ][2015-11-19 11:27:46,622][com.java.TestType] [  523] - row values are--------{1=com.java.Objects.TestDataDetails@16072, 2=com.java.Objects.TestDataDetails@1bcdc8, 3=com.java.Objects.TestDataDetails@8ecefb, 4=com.java.Objects.TestDataDetails@1b6a48d, 5=com.java.Objects.TestDataDetails@36afba}
[INFO ][2015-11-19 11:27:46,622][com.java.TestType] [  471] -  str(1) = 1
[INFO ][2015-11-19 11:27:46,622][com.java.TestType] [  474] - Test case Id is---1
[INFO ][2015-11-19 11:27:46,622][com.java.TestType] [  476] - 1
[INFO ][2015-11-19 11:27:46,622][com.java.TestType] [  471] -  str(2) = 6
[INFO ][2015-11-19 11:27:46,622][com.java.TestType] [  523] - row values are--------{1=com.java.Objects.TestDataDetails@16072, 2=com.java.Objects.TestDataDetails@1bcdc8, 3=com.java.Objects.TestDataDetails@8ecefb, 4=com.java.Objects.TestDataDetails@1b6a48d, 5=com.java.Objects.TestDataDetails@36afba, 6=com.java.Objects.TestDataDetails@196653}
[INFO ][2015-11-19 11:27:46,622][com.java.TestType] [  471] -  str(1) = 1
[INFO ][2015-11-19 11:27:46,622][com.java.TestType] [  474] - Test case Id is---1
[INFO ][2015-11-19 11:27:46,622][com.java.TestType] [  476] - 1
[INFO ][2015-11-19 11:27:46,622][com.java.TestType] [  471] -  str(2) = 7
[INFO ][2015-11-19 11:27:46,622][com.java.TestType] [  523] - row values are--------{1=com.java.Objects.TestDataDetails@16072, 2=com.java.Objects.TestDataDetails@1bcdc8, 3=com.java.Objects.TestDataDetails@8ecefb, 4=com.java.Objects.TestDataDetails@1b6a48d, 5=com.java.Objects.TestDataDetails@36afba, 6=com.java.Objects.TestDataDetails@196653, 7=com.java.Objects.TestDataDetails@1e84970}
[INFO ][2015-11-19 11:27:46,622][com.java.TestType] [  471] -  str(1) = 1
[INFO ][2015-11-19 11:27:46,622][com.java.TestType] [  474] - Test case Id is---1
[INFO ][2015-11-19 11:27:46,622][com.java.TestType] [  476] - 1
[INFO ][2015-11-19 11:27:46,622][com.java.TestType] [  471] -  str(2) = 8
[INFO ][2015-11-19 11:27:46,632][com.java.TestType] [  523] - row values are--------{1=com.java.Objects.TestDataDetails@16072, 2=com.java.Objects.TestDataDetails@1bcdc8, 3=com.java.Objects.TestDataDetails@8ecefb, 4=com.java.Objects.TestDataDetails@1b6a48d, 5=com.java.Objects.TestDataDetails@36afba, 6=com.java.Objects.TestDataDetails@196653, 7=com.java.Objects.TestDataDetails@1e84970, 8=com.java.Objects.TestDataDetails@ccb1e}
[INFO ][2015-11-19 11:27:46,632][com.java.TestType] [  471] -  str(1) = 1
[INFO ][2015-11-19 11:27:46,632][com.java.TestType] [  474] - Test case Id is---1
[INFO ][2015-11-19 11:27:46,632][com.java.TestType] [  476] - 1
[INFO ][2015-11-19 11:27:46,632][com.java.TestType] [  471] -  str(2) = 9
[INFO ][2015-11-19 11:27:46,632][com.java.TestType] [  523] - row values are--------{1=com.java.Objects.TestDataDetails@16072, 2=com.java.Objects.TestDataDetails@1bcdc8, 3=com.java.Objects.TestDataDetails@8ecefb, 4=com.java.Objects.TestDataDetails@1b6a48d, 5=com.java.Objects.TestDataDetails@36afba, 6=com.java.Objects.TestDataDetails@196653, 7=com.java.Objects.TestDataDetails@1e84970, 8=com.java.Objects.TestDataDetails@ccb1e, 9=com.java.Objects.TestDataDetails@ee5193}
[INFO ][2015-11-19 11:27:46,632][com.java.TestType] [  471] -  str(1) = 1
[INFO ][2015-11-19 11:27:46,632][com.java.TestType] [  474] - Test case Id is---1
[INFO ][2015-11-19 11:27:46,632][com.java.TestType] [  476] - 1
[INFO ][2015-11-19 11:27:46,632][com.java.TestType] [  471] -  str(2) = 10
[INFO ][2015-11-19 11:27:46,632][com.java.TestType] [  523] - row values are--------{1=com.java.Objects.TestDataDetails@16072, 2=com.java.Objects.TestDataDetails@1bcdc8, 3=com.java.Objects.TestDataDetails@8ecefb, 4=com.java.Objects.TestDataDetails@1b6a48d, 5=com.java.Objects.TestDataDetails@36afba, 6=com.java.Objects.TestDataDetails@196653, 7=com.java.Objects.TestDataDetails@1e84970, 8=com.java.Objects.TestDataDetails@ccb1e, 9=com.java.Objects.TestDataDetails@ee5193, 10=com.java.Objects.TestDataDetails@e0696c}
[INFO ][2015-11-19 11:27:46,632][com.java.TestType] [  471] -  str(1) = 1
[INFO ][2015-11-19 11:27:46,632][com.java.TestType] [  474] - Test case Id is---1
[INFO ][2015-11-19 11:27:46,632][com.java.TestType] [  476] - 1
[INFO ][2015-11-19 11:27:46,632][com.java.TestType] [  471] -  str(2) = 11
[INFO ][2015-11-19 11:27:46,632][com.java.TestType] [  523] - row values are--------{1=com.java.Objects.TestDataDetails@16072, 2=com.java.Objects.TestDataDetails@1bcdc8, 3=com.java.Objects.TestDataDetails@8ecefb, 4=com.java.Objects.TestDataDetails@1b6a48d, 5=com.java.Objects.TestDataDetails@36afba, 6=com.java.Objects.TestDataDetails@196653, 7=com.java.Objects.TestDataDetails@1e84970, 8=com.java.Objects.TestDataDetails@ccb1e, 9=com.java.Objects.TestDataDetails@ee5193, 10=com.java.Objects.TestDataDetails@e0696c, 11=com.java.Objects.TestDataDetails@238067}
[INFO ][2015-11-19 11:27:46,632][com.java.TestType] [  471] -  str(1) = 1
[INFO ][2015-11-19 11:27:46,632][com.java.TestType] [  474] - Test case Id is---1
[INFO ][2015-11-19 11:27:46,632][com.java.TestType] [  476] - 1
[INFO ][2015-11-19 11:27:46,632][com.java.TestType] [  471] -  str(2) = 12
[INFO ][2015-11-19 11:27:46,632][com.java.TestType] [  523] - row values are--------{1=com.java.Objects.TestDataDetails@16072, 2=com.java.Objects.TestDataDetails@1bcdc8, 3=com.java.Objects.TestDataDetails@8ecefb, 4=com.java.Objects.TestDataDetails@1b6a48d, 5=com.java.Objects.TestDataDetails@36afba, 6=com.java.Objects.TestDataDetails@196653, 7=com.java.Objects.TestDataDetails@1e84970, 8=com.java.Objects.TestDataDetails@ccb1e, 9=com.java.Objects.TestDataDetails@ee5193, 10=com.java.Objects.TestDataDetails@e0696c, 11=com.java.Objects.TestDataDetails@238067, 12=com.java.Objects.TestDataDetails@1b9c2f0}
[INFO ][2015-11-19 11:27:46,632][com.java.TestType] [  471] -  str(1) = 1
[INFO ][2015-11-19 11:27:46,632][com.java.TestType] [  474] - Test case Id is---1
[INFO ][2015-11-19 11:27:46,632][com.java.TestType] [  476] - 1
[INFO ][2015-11-19 11:27:46,632][com.java.TestType] [  471] -  str(2) = 13
[INFO ][2015-11-19 11:27:46,632][com.java.TestType] [  523] - row values are--------{1=com.java.Objects.TestDataDetails@16072, 2=com.java.Objects.TestDataDetails@1bcdc8, 3=com.java.Objects.TestDataDetails@8ecefb, 4=com.java.Objects.TestDataDetails@1b6a48d, 5=com.java.Objects.TestDataDetails@36afba, 6=com.java.Objects.TestDataDetails@196653, 7=com.java.Objects.TestDataDetails@1e84970, 8=com.java.Objects.TestDataDetails@ccb1e, 9=com.java.Objects.TestDataDetails@ee5193, 10=com.java.Objects.TestDataDetails@e0696c, 11=com.java.Objects.TestDataDetails@238067, 12=com.java.Objects.TestDataDetails@1b9c2f0, 13=com.java.Objects.TestDataDetails@4809be}
[INFO ][2015-11-19 11:27:46,632][com.java.TestType] [  471] -  str(1) = 1
[INFO ][2015-11-19 11:27:46,632][com.java.TestType] [  474] - Test case Id is---1
[INFO ][2015-11-19 11:27:46,632][com.java.TestType] [  476] - 1
[INFO ][2015-11-19 11:27:46,632][com.java.TestType] [  471] -  str(2) = 14
[INFO ][2015-11-19 11:27:46,632][com.java.TestType] [  523] - row values are--------{1=com.java.Objects.TestDataDetails@16072, 2=com.java.Objects.TestDataDetails@1bcdc8, 3=com.java.Objects.TestDataDetails@8ecefb, 4=com.java.Objects.TestDataDetails@1b6a48d, 5=com.java.Objects.TestDataDetails@36afba, 6=com.java.Objects.TestDataDetails@196653, 7=com.java.Objects.TestDataDetails@1e84970, 8=com.java.Objects.TestDataDetails@ccb1e, 9=com.java.Objects.TestDataDetails@ee5193, 10=com.java.Objects.TestDataDetails@e0696c, 11=com.java.Objects.TestDataDetails@238067, 12=com.java.Objects.TestDataDetails@1b9c2f0, 13=com.java.Objects.TestDataDetails@4809be, 14=com.java.Objects.TestDataDetails@1ebc96b}
[INFO ][2015-11-19 11:27:46,632][com.java.TestType] [ 8806] - Looping 1TCID = 1
[DEBUG][2015-11-19 11:27:46,632][com.java.TestType] [ 8847] - Concept ID:1 :: Step being Executed: 1::1
[INFO ][2015-11-19 11:27:46,632][com.java.TestType] [ 8885] - dataFields : TXTusername
[DEBUG][2015-11-19 11:27:46,632][com.java.TestType] [ 8891] - <In Set values of the page>
[DEBUG][2015-11-19 11:27:46,642][com.java.TestType] [ 8896] - {Data Fields & Data Values Exist}
[INFO ][2015-11-19 11:27:46,642][com.java.TestType] [ 8902] - --------------------------setting values-----------------------------
[INFO ][2015-11-19 11:27:46,642][com.java.TestType] [ 8905] - Action Type : CLEARANDENTER
[INFO ][2015-11-19 11:27:46,642][com.java.TestType] [ 4461] - value = valuelabs.ie10.03890
[INFO ][2015-11-19 11:27:51,455][com.java.TestType] [ 8924] -  RESULT true
[INFO ][2015-11-19 11:27:51,455][com.java.TestType] [ 9041] - ?   P A S S   ?
[DEBUG][2015-11-19 11:27:51,455][com.java.TestType] [ 8847] - Concept ID:1 :: Step being Executed: 1::2
[INFO ][2015-11-19 11:27:51,455][com.java.TestType] [ 8885] - dataFields : TXTpassword
[DEBUG][2015-11-19 11:27:51,455][com.java.TestType] [ 8891] - <In Set values of the page>
[DEBUG][2015-11-19 11:27:51,455][com.java.TestType] [ 8896] - {Data Fields & Data Values Exist}
[INFO ][2015-11-19 11:27:51,455][com.java.TestType] [ 8902] - --------------------------setting values-----------------------------
[INFO ][2015-11-19 11:27:51,455][com.java.TestType] [ 8905] - Action Type : CLEARANDENTER
[INFO ][2015-11-19 11:27:51,455][com.java.TestType] [ 4461] - value = Password1*
[INFO ][2015-11-19 11:27:56,334][com.java.TestType] [ 8924] -  RESULT true
[INFO ][2015-11-19 11:27:56,334][com.java.TestType] [ 9041] - ?   P A S S   ?
[DEBUG][2015-11-19 11:27:56,334][com.java.TestType] [ 8847] - Concept ID:1 :: Step being Executed: 1::3
[ERROR][2015-11-19 11:27:56,334][com.java.TestType] [ 8880] - Exception: null
[INFO ][2015-11-19 11:27:56,334][com.java.TestType] [ 8885] - dataFields : XPH//button[@type='submit']
[DEBUG][2015-11-19 11:27:56,334][com.java.TestType] [ 8891] - <In Set values of the page>
[DEBUG][2015-11-19 11:27:56,334][com.java.TestType] [ 8896] - {Data Fields & Data Values Exist}
[INFO ][2015-11-19 11:27:56,334][com.java.TestType] [ 8902] - --------------------------setting values-----------------------------
[INFO ][2015-11-19 11:27:56,334][com.java.TestType] [ 8905] - Action Type : Click
[INFO ][2015-11-19 11:27:56,334][com.java.TestType] [ 4774] - Field ::XPH//button[@type='submit']
[INFO ][2015-11-19 11:27:57,334][com.java.TestType] [ 4833] - BEFORE CLICK
[INFO ][2015-11-19 11:27:58,174][com.java.TestType] [ 4841] - Unable to click the object Login
[INFO ][2015-11-19 11:27:58,174][com.java.TestType] [ 8924] -  RESULT true
[INFO ][2015-11-19 11:27:58,174][com.java.TestType] [ 9041] - ?   P A S S   ?
[DEBUG][2015-11-19 11:27:58,174][com.java.TestType] [ 8847] - Concept ID:1 :: Step being Executed: 1::4
[INFO ][2015-11-19 11:27:58,174][com.java.TestType] [ 8885] - dataFields : LNKLogout
[DEBUG][2015-11-19 11:27:58,174][com.java.TestType] [ 8891] - <In Set values of the page>
[DEBUG][2015-11-19 11:27:58,174][com.java.TestType] [ 8896] - {Data Fields & Data Values Exist}
[INFO ][2015-11-19 11:27:58,174][com.java.TestType] [ 8902] - --------------------------setting values-----------------------------
[INFO ][2015-11-19 11:27:58,174][com.java.TestType] [ 8905] - Action Type : WaitForElement
[INFO ][2015-11-19 11:28:03,073][com.java.TestType] [ 8924] -  RESULT true
[INFO ][2015-11-19 11:28:03,073][com.java.TestType] [ 9041] - ?   P A S S   ?
[DEBUG][2015-11-19 11:28:03,073][com.java.TestType] [ 8847] - Concept ID:1 :: Step being Executed: 1::13
[INFO ][2015-11-19 11:28:03,073][com.java.TestType] [ 8885] - dataFields : LNK
[DEBUG][2015-11-19 11:28:03,073][com.java.TestType] [ 8891] - <In Set values of the page>
[DEBUG][2015-11-19 11:28:03,073][com.java.TestType] [ 8896] - {Data Fields & Data Values Exist}
[INFO ][2015-11-19 11:28:03,073][com.java.TestType] [ 8902] - --------------------------setting values-----------------------------
[INFO ][2015-11-19 11:28:03,073][com.java.TestType] [ 8905] - Action Type : Verify
[INFO ][2015-11-19 11:28:03,073][com.java.TestType] [ 5568] - field= LNK value= Logout
[INFO ][2015-11-19 11:28:03,073][com.java.TestType] [ 4461] - value = Logout
[INFO ][2015-11-19 11:28:03,104][com.java.TestType] [ 8924] -  RESULT true
[INFO ][2015-11-19 11:28:03,104][com.java.TestType] [ 9041] - ?   P A S S   ?
[DEBUG][2015-11-19 11:28:03,104][com.java.TestType] [ 8847] - Concept ID:1 :: Step being Executed: 1::14
[INFO ][2015-11-19 11:28:03,104][com.java.TestType] [ 8885] - dataFields : BTN
[DEBUG][2015-11-19 11:28:03,104][com.java.TestType] [ 8891] - <In Set values of the page>
[DEBUG][2015-11-19 11:28:03,104][com.java.TestType] [ 8896] - {Data Fields & Data Values Exist}
[INFO ][2015-11-19 11:28:03,104][com.java.TestType] [ 8902] - --------------------------setting values-----------------------------
[INFO ][2015-11-19 11:28:03,104][com.java.TestType] [ 8905] - Action Type : Verify
[INFO ][2015-11-19 11:28:03,104][com.java.TestType] [ 5568] - field= BTN value= //img[contains(@src,'bdlogo.jpg')]
[INFO ][2015-11-19 11:28:03,104][com.java.TestType] [ 4461] - value = //img[contains(@src,'bdlogo.jpg')]
[INFO ][2015-11-19 11:28:03,134][com.java.TestType] [ 8924] -  RESULT true
[INFO ][2015-11-19 11:28:03,134][com.java.TestType] [ 9041] - ?   P A S S   ?
[INFO ][2015-11-19 11:28:03,134][com.java.TestType] [ 9112] - Looping End......
[INFO ][2015-11-19 11:28:03,134][com.java.SeleniumDriver] [  869] -  RESULT true
[INFO ][2015-11-19 11:28:03,134][com.java.SeleniumDriver] [ 1074] - ?   P A S S   ?
[INFO ][2015-11-19 11:28:03,134][com.java.SeleniumDriver] [  796] - ------------------------------------------
[INFO ][2015-11-19 11:28:03,134][com.java.SeleniumDriver] [  797] - Test case being Executed: 1
[INFO ][2015-11-19 11:28:03,134][com.java.SeleniumDriver] [  808] - Test step:2
[INFO ][2015-11-19 11:28:03,134][com.java.SeleniumDriver] [  820] - Datavalue is----------Concept#2:1-2
[INFO ][2015-11-19 11:28:03,134][com.java.SeleniumDriver] [  844] - DataField : test
[INFO ][2015-11-19 11:28:03,134][com.java.SeleniumDriver] [  846] - DataValue : Concept#2:1-2
[INFO ][2015-11-19 11:28:03,134][com.java.SeleniumDriver] [  852] - <In Set values of the page>
[INFO ][2015-11-19 11:28:03,134][com.java.SeleniumDriver] [  855] - {Data Fields & Data Values Exist}
[INFO ][2015-11-19 11:28:03,134][com.java.SeleniumDriver] [  857] - --------------------------setting values-----------------------------
[INFO ][2015-11-19 11:28:03,134][com.java.SeleniumDriver] [  860] - Action Type : ExecuteTestCase
[INFO ][2015-11-19 11:28:03,134][com.java.TestType] [  426] - The Concept sheet name is ---------- Concept
[INFO ][2015-11-19 11:28:03,134][com.java.TestType] [  429] - The Concept ID  is ---------- 2
[DEBUG][2015-11-19 11:28:03,134][com.java.TestType] [  433] - Steps being executted in the Concept are: 1:2
[INFO ][2015-11-19 11:28:03,134][com.java.TestType] [  440] - Test data details path ---------- D:\BankersDashboard\TestInputs\TestData.xls
[INFO ][2015-11-19 11:28:03,164][com.java.TestType] [  471] -  str(1) = 2
[INFO ][2015-11-19 11:28:03,164][com.java.TestType] [  474] - Test case Id is---2
[INFO ][2015-11-19 11:28:03,164][com.java.TestType] [  476] - 2
[INFO ][2015-11-19 11:28:03,164][com.java.TestType] [  471] -  str(2) = 1
[INFO ][2015-11-19 11:28:03,164][com.java.TestType] [  523] - row values are--------{1=com.java.Objects.TestDataDetails@b3551e}
[INFO ][2015-11-19 11:28:03,164][com.java.TestType] [  471] -  str(1) = 2
[INFO ][2015-11-19 11:28:03,164][com.java.TestType] [  474] - Test case Id is---2
[INFO ][2015-11-19 11:28:03,164][com.java.TestType] [  476] - 2
[INFO ][2015-11-19 11:28:03,164][com.java.TestType] [  471] -  str(2) = 2
[INFO ][2015-11-19 11:28:03,164][com.java.TestType] [  523] - row values are--------{1=com.java.Objects.TestDataDetails@b3551e, 2=com.java.Objects.TestDataDetails@183c649}
[INFO ][2015-11-19 11:28:03,164][com.java.TestType] [  471] -  str(1) = 2
[INFO ][2015-11-19 11:28:03,164][com.java.TestType] [  474] - Test case Id is---2
[INFO ][2015-11-19 11:28:03,164][com.java.TestType] [  476] - 2
[INFO ][2015-11-19 11:28:03,164][com.java.TestType] [  471] -  str(2) = 3
[INFO ][2015-11-19 11:28:03,174][com.java.TestType] [  523] - row values are--------{1=com.java.Objects.TestDataDetails@b3551e, 2=com.java.Objects.TestDataDetails@183c649, 3=com.java.Objects.TestDataDetails@481697}
[INFO ][2015-11-19 11:28:03,174][com.java.TestType] [ 8806] - Looping 1TCID = 2
[DEBUG][2015-11-19 11:28:03,174][com.java.TestType] [ 8847] - Concept ID:2 :: Step being Executed: 2::1
[INFO ][2015-11-19 11:28:03,174][com.java.TestType] [ 8885] - dataFields : BNK//select[@id='bank']
[DEBUG][2015-11-19 11:28:03,174][com.java.TestType] [ 8891] - <In Set values of the page>
[DEBUG][2015-11-19 11:28:03,174][com.java.TestType] [ 8896] - {Data Fields & Data Values Exist}
[INFO ][2015-11-19 11:28:03,174][com.java.TestType] [ 8902] - --------------------------setting values-----------------------------
[INFO ][2015-11-19 11:28:03,174][com.java.TestType] [ 8905] - Action Type : Select
[INFO ][2015-11-19 11:28:03,174][com.java.TestType] [ 4461] - value = PFC
[INFO ][2015-11-19 11:28:03,354][com.java.TestType] [ 8924] -  RESULT true
[INFO ][2015-11-19 11:28:03,354][com.java.TestType] [ 9041] - ?   P A S S   ?
[DEBUG][2015-11-19 11:28:03,354][com.java.TestType] [ 8847] - Concept ID:2 :: Step being Executed: 2::2
[INFO ][2015-11-19 11:28:03,354][com.java.TestType] [ 8885] - dataFields : LNKLogout
[DEBUG][2015-11-19 11:28:03,354][com.java.TestType] [ 8891] - <In Set values of the page>
[DEBUG][2015-11-19 11:28:03,354][com.java.TestType] [ 8896] - {Data Fields & Data Values Exist}
[INFO ][2015-11-19 11:28:03,354][com.java.TestType] [ 8902] - --------------------------setting values-----------------------------
[INFO ][2015-11-19 11:28:03,354][com.java.TestType] [ 8905] - Action Type : WaitTime
[DEBUG][2015-11-19 11:28:03,354][com.java.TestType] [ 4296] - sleepTime: 5000
[INFO ][2015-11-19 11:28:08,358][com.java.TestType] [ 8924] -  RESULT true
[INFO ][2015-11-19 11:28:08,358][com.java.TestType] [ 9041] - ?   P A S S   ?
[INFO ][2015-11-19 11:28:08,358][com.java.TestType] [ 9112] - Looping End......
[INFO ][2015-11-19 11:28:08,358][com.java.SeleniumDriver] [  869] -  RESULT true
[INFO ][2015-11-19 11:28:08,358][com.java.SeleniumDriver] [ 1074] - ?   P A S S   ?
[INFO ][2015-11-19 11:28:08,358][com.java.SeleniumDriver] [  796] - ------------------------------------------
[INFO ][2015-11-19 11:28:08,358][com.java.SeleniumDriver] [  797] - Test case being Executed: 1
[INFO ][2015-11-19 11:28:08,358][com.java.SeleniumDriver] [  808] - Test step:3
[INFO ][2015-11-19 11:28:08,358][com.java.SeleniumDriver] [  820] - Datavalue is----------2
[INFO ][2015-11-19 11:28:08,358][com.java.SeleniumDriver] [  844] - DataField : XPH//button[contains(text(),'Add Content')]
[INFO ][2015-11-19 11:28:08,358][com.java.SeleniumDriver] [  846] - DataValue : 2
[INFO ][2015-11-19 11:28:08,358][com.java.SeleniumDriver] [  852] - <In Set values of the page>
[INFO ][2015-11-19 11:28:08,358][com.java.SeleniumDriver] [  855] - {Data Fields & Data Values Exist}
[INFO ][2015-11-19 11:28:08,358][com.java.SeleniumDriver] [  857] - --------------------------setting values-----------------------------
[INFO ][2015-11-19 11:28:08,358][com.java.SeleniumDriver] [  860] - Action Type : WAITFORELEMENT
[INFO ][2015-11-19 11:28:08,399][com.java.SeleniumDriver] [  869] -  RESULT true
[INFO ][2015-11-19 11:28:08,399][com.java.SeleniumDriver] [ 1074] - ?   P A S S   ?
[DEBUG][2015-11-19 11:28:08,399][com.java.SeleniumDriver] [ 1176] - Case found
[DEBUG][2015-11-19 11:28:08,399][com.java.SeleniumDriver] [ 1181] - Incrementing ReportCounters[0]:1
[INFO ][2015-11-19 11:28:08,399][com.java.SeleniumDriver] [ 1200] - The results are-------------------[1, 1, Valid Login, Pass, , Thu Nov 19 11:28:03 IST 2015, 1, 2, Valid Login, Pass, , Thu Nov 19 11:28:08 IST 2015, 1, 3, Valid Login, Pass, , Thu Nov 19 11:28:08 IST 2015]
[INFO ][2015-11-19 11:28:08,399][com.java.SeleniumDriver] [ 1204] - End time is-------35 sec
[INFO ][2015-11-19 11:28:08,399][com.java.SeleniumDriver] [ 1205] - The results are-------------------[1, 1, Valid Login, Pass, , Thu Nov 19 11:28:03 IST 2015, 1, 2, Valid Login, Pass, , Thu Nov 19 11:28:08 IST 2015, 1, 3, Valid Login, Pass, , Thu Nov 19 11:28:08 IST 2015]
[DEBUG][2015-11-19 11:28:08,399][com.java.ImportnExport.ExportTestResultsExcel] [  222] - testResultPath = D:\BankersDashboard/TestReports/Test Results_BankersDashBoard_111915_112735_IE10_Simmons First National Bank.xls
[DEBUG][2015-11-19 11:28:08,399][com.java.ImportnExport.ExportTestResultsExcel] [  223] - browser is------------IE10
[DEBUG][2015-11-19 11:28:08,439][com.java.ImportnExport.ExportTestResultsExcel] [  270] - result.size() = 18
[DEBUG][2015-11-19 11:28:08,439][com.java.ImportnExport.ExportTestResultsExcel] [  274] - No of rows in sheet=1
[DEBUG][2015-11-19 11:28:08,439][com.java.ImportnExport.ExportTestResultsExcel] [  301] - ..in export..1
[DEBUG][2015-11-19 11:28:08,439][com.java.ImportnExport.ExportTestResultsExcel] [  301] - ..in export..Valid Login
[DEBUG][2015-11-19 11:28:08,439][com.java.ImportnExport.ExportTestResultsExcel] [  301] - ..in export..Pass
[DEBUG][2015-11-19 11:28:08,439][com.java.ImportnExport.ExportTestResultsExcel] [  301] - ..in export..
[DEBUG][2015-11-19 11:28:08,439][com.java.ImportnExport.ExportTestResultsExcel] [  301] - ..in export..Thu Nov 19 11:28:03 IST 2015
[INFO ][2015-11-19 11:28:08,439][com.java.SeleniumDriver] [ 1263] - out loop:0 size:2 TestCases:[1, 6] testcases:[1, 6]
[INFO ][2015-11-19 11:28:08,439][com.java.ImportnExport.ImportTestDataDetailsExcel] [   49] - test data details path===== D:\BankersDashboard\TestInputs\TestData.xls
[INFO ][2015-11-19 11:29:44,896][com.java.SeleniumDriver] [  796] - ------------------------------------------
[INFO ][2015-11-19 11:29:44,896][com.java.SeleniumDriver] [  797] - Test case being Executed: 6
[INFO ][2015-11-19 11:29:44,896][com.java.SeleniumDriver] [  808] - Test step:1
[INFO ][2015-11-19 11:29:44,896][com.java.SeleniumDriver] [  820] - Datavalue is----------Logout
[INFO ][2015-11-19 11:29:44,896][com.java.SeleniumDriver] [  844] - DataField : BTN
[INFO ][2015-11-19 11:29:44,896][com.java.SeleniumDriver] [  846] - DataValue : Logout
[INFO ][2015-11-19 11:29:44,896][com.java.SeleniumDriver] [  852] - <In Set values of the page>
[INFO ][2015-11-19 11:29:44,896][com.java.SeleniumDriver] [  855] - {Data Fields & Data Values Exist}
[INFO ][2015-11-19 11:29:44,896][com.java.SeleniumDriver] [  857] - --------------------------setting values-----------------------------
[INFO ][2015-11-19 11:29:44,896][com.java.SeleniumDriver] [  860] - Action Type : Verify
[INFO ][2015-11-19 11:29:44,896][com.java.TestType] [ 5568] - field= BTN value= Logout
[INFO ][2015-11-19 11:29:44,896][com.java.TestType] [ 4461] - value = Logout
[INFO ][2015-11-19 11:29:44,937][com.java.SeleniumDriver] [  869] -  RESULT true
[INFO ][2015-11-19 11:29:44,937][com.java.SeleniumDriver] [ 1074] - ?   P A S S   ?
[INFO ][2015-11-19 11:29:44,937][com.java.SeleniumDriver] [ 1116] - step change to 3
[INFO ][2015-11-19 11:29:44,937][com.java.SeleniumDriver] [  796] - ------------------------------------------
[INFO ][2015-11-19 11:29:44,937][com.java.SeleniumDriver] [  797] - Test case being Executed: 6
[INFO ][2015-11-19 11:29:44,937][com.java.SeleniumDriver] [  808] - Test step:3
[INFO ][2015-11-19 11:29:44,937][com.java.SeleniumDriver] [  820] - Datavalue is----------Concept#2:1-2
[INFO ][2015-11-19 11:29:44,937][com.java.SeleniumDriver] [  844] - DataField : test
[INFO ][2015-11-19 11:29:44,937][com.java.SeleniumDriver] [  846] - DataValue : Concept#2:1-2
[INFO ][2015-11-19 11:29:44,937][com.java.SeleniumDriver] [  852] - <In Set values of the page>
[INFO ][2015-11-19 11:29:44,937][com.java.SeleniumDriver] [  855] - {Data Fields & Data Values Exist}
[INFO ][2015-11-19 11:29:44,937][com.java.SeleniumDriver] [  857] - --------------------------setting values-----------------------------
[INFO ][2015-11-19 11:29:44,937][com.java.SeleniumDriver] [  860] - Action Type : ExecuteTestCase
[INFO ][2015-11-19 11:29:44,937][com.java.TestType] [  426] - The Concept sheet name is ---------- Concept
[INFO ][2015-11-19 11:29:44,937][com.java.TestType] [  429] - The Concept ID  is ---------- 2
[DEBUG][2015-11-19 11:29:44,937][com.java.TestType] [  433] - Steps being executted in the Concept are: 1:2
[INFO ][2015-11-19 11:29:44,937][com.java.TestType] [  440] - Test data details path ---------- D:\BankersDashboard\TestInputs\TestData.xls
[INFO ][2015-11-19 11:29:44,967][com.java.TestType] [  471] -  str(1) = 2
[INFO ][2015-11-19 11:29:44,967][com.java.TestType] [  474] - Test case Id is---2
[INFO ][2015-11-19 11:29:44,967][com.java.TestType] [  476] - 2
[INFO ][2015-11-19 11:29:44,967][com.java.TestType] [  471] -  str(2) = 1
[INFO ][2015-11-19 11:29:44,967][com.java.TestType] [  523] - row values are--------{1=com.java.Objects.TestDataDetails@14edc4a}
[INFO ][2015-11-19 11:29:44,967][com.java.TestType] [  471] -  str(1) = 2
[INFO ][2015-11-19 11:29:44,967][com.java.TestType] [  474] - Test case Id is---2
[INFO ][2015-11-19 11:29:44,967][com.java.TestType] [  476] - 2
[INFO ][2015-11-19 11:29:44,967][com.java.TestType] [  471] -  str(2) = 2
[INFO ][2015-11-19 11:29:44,967][com.java.TestType] [  523] - row values are--------{1=com.java.Objects.TestDataDetails@14edc4a, 2=com.java.Objects.TestDataDetails@159efca}
[INFO ][2015-11-19 11:29:44,967][com.java.TestType] [  471] -  str(1) = 2
[INFO ][2015-11-19 11:29:44,967][com.java.TestType] [  474] - Test case Id is---2
[INFO ][2015-11-19 11:29:44,967][com.java.TestType] [  476] - 2
[INFO ][2015-11-19 11:29:44,967][com.java.TestType] [  471] -  str(2) = 3
[INFO ][2015-11-19 11:29:44,967][com.java.TestType] [  523] - row values are--------{1=com.java.Objects.TestDataDetails@14edc4a, 2=com.java.Objects.TestDataDetails@159efca, 3=com.java.Objects.TestDataDetails@1e1985e}
[INFO ][2015-11-19 11:29:44,967][com.java.TestType] [ 8806] - Looping 1TCID = 2
[DEBUG][2015-11-19 11:29:44,967][com.java.TestType] [ 8847] - Concept ID:2 :: Step being Executed: 2::1
[INFO ][2015-11-19 11:29:44,967][com.java.TestType] [ 8885] - dataFields : BNK//select[@id='bank']
[DEBUG][2015-11-19 11:29:44,967][com.java.TestType] [ 8891] - <In Set values of the page>
[DEBUG][2015-11-19 11:29:44,967][com.java.TestType] [ 8896] - {Data Fields & Data Values Exist}
[INFO ][2015-11-19 11:29:44,967][com.java.TestType] [ 8902] - --------------------------setting values-----------------------------
[INFO ][2015-11-19 11:29:44,967][com.java.TestType] [ 8905] - Action Type : Select
[INFO ][2015-11-19 11:29:44,967][com.java.TestType] [ 4461] - value = PFC
[INFO ][2015-11-19 11:29:45,157][com.java.TestType] [ 8924] -  RESULT true
[INFO ][2015-11-19 11:29:45,157][com.java.TestType] [ 9041] - ?   P A S S   ?
[DEBUG][2015-11-19 11:29:45,157][com.java.TestType] [ 8847] - Concept ID:2 :: Step being Executed: 2::2
[INFO ][2015-11-19 11:29:45,157][com.java.TestType] [ 8885] - dataFields : LNKLogout
[DEBUG][2015-11-19 11:29:45,157][com.java.TestType] [ 8891] - <In Set values of the page>
[DEBUG][2015-11-19 11:29:45,157][com.java.TestType] [ 8896] - {Data Fields & Data Values Exist}
[INFO ][2015-11-19 11:29:45,157][com.java.TestType] [ 8902] - --------------------------setting values-----------------------------
[INFO ][2015-11-19 11:29:45,157][com.java.TestType] [ 8905] - Action Type : WaitTime
[DEBUG][2015-11-19 11:29:45,157][com.java.TestType] [ 4296] - sleepTime: 5000
[INFO ][2015-11-19 11:29:50,165][com.java.TestType] [ 8924] -  RESULT true
[INFO ][2015-11-19 11:29:50,165][com.java.TestType] [ 9041] - ?   P A S S   ?
[INFO ][2015-11-19 11:29:50,165][com.java.TestType] [ 9112] - Looping End......
[INFO ][2015-11-19 11:29:50,165][com.java.SeleniumDriver] [  869] -  RESULT true
[INFO ][2015-11-19 11:29:50,165][com.java.SeleniumDriver] [ 1074] - ?   P A S S   ?
[INFO ][2015-11-19 11:29:50,165][com.java.SeleniumDriver] [  796] - ------------------------------------------
[INFO ][2015-11-19 11:29:50,165][com.java.SeleniumDriver] [  797] - Test case being Executed: 6
[INFO ][2015-11-19 11:29:50,165][com.java.SeleniumDriver] [  808] - Test step:4
[INFO ][2015-11-19 11:29:50,165][com.java.SeleniumDriver] [  820] - Datavalue is----------null
[DEBUG][2015-11-19 11:29:50,165][com.java.SeleniumDriver] [  838] - Exception: null
[INFO ][2015-11-19 11:29:50,165][com.java.SeleniumDriver] [  844] - DataField : //span[@class='icon-hammer']&&//a[text()='Custom Calculations']
[INFO ][2015-11-19 11:29:50,165][com.java.SeleniumDriver] [  846] - DataValue : 
[INFO ][2015-11-19 11:29:50,165][com.java.SeleniumDriver] [  852] - <In Set values of the page>
[INFO ][2015-11-19 11:29:50,165][com.java.SeleniumDriver] [  855] - {Data Fields & Data Values Exist}
[INFO ][2015-11-19 11:29:50,165][com.java.SeleniumDriver] [  857] - --------------------------setting values-----------------------------
[INFO ][2015-11-19 11:29:50,165][com.java.SeleniumDriver] [  860] - Action Type : MOUSEOVER
[INFO ][2015-11-19 11:30:18,670][com.java.SeleniumDriver] [  869] -  RESULT true
[INFO ][2015-11-19 11:30:18,670][com.java.SeleniumDriver] [ 1074] - ?   P A S S   ?
[INFO ][2015-11-19 11:30:18,670][com.java.SeleniumDriver] [  796] - ------------------------------------------
[INFO ][2015-11-19 11:30:18,670][com.java.SeleniumDriver] [  797] - Test case being Executed: 6
[INFO ][2015-11-19 11:30:18,670][com.java.SeleniumDriver] [  808] - Test step:5
[INFO ][2015-11-19 11:30:18,670][com.java.SeleniumDriver] [  820] - Datavalue is----------5
[INFO ][2015-11-19 11:30:18,670][com.java.SeleniumDriver] [  844] - DataField : BTN//iframe[@class='frameTabContent']
[INFO ][2015-11-19 11:30:18,670][com.java.SeleniumDriver] [  846] - DataValue : 5
[INFO ][2015-11-19 11:30:18,670][com.java.SeleniumDriver] [  852] - <In Set values of the page>
[INFO ][2015-11-19 11:30:18,670][com.java.SeleniumDriver] [  855] - {Data Fields & Data Values Exist}
[INFO ][2015-11-19 11:30:18,670][com.java.SeleniumDriver] [  857] - --------------------------setting values-----------------------------
[INFO ][2015-11-19 11:30:18,670][com.java.SeleniumDriver] [  860] - Action Type : waitforelement
[INFO ][2015-11-19 11:30:18,801][com.java.SeleniumDriver] [  869] -  RESULT true
[INFO ][2015-11-19 11:30:18,801][com.java.SeleniumDriver] [ 1074] - ?   P A S S   ?
[INFO ][2015-11-19 11:30:18,801][com.java.SeleniumDriver] [  796] - ------------------------------------------
[INFO ][2015-11-19 11:30:18,801][com.java.SeleniumDriver] [  797] - Test case being Executed: 6
[INFO ][2015-11-19 11:30:18,801][com.java.SeleniumDriver] [  808] - Test step:6
[INFO ][2015-11-19 11:30:18,801][com.java.SeleniumDriver] [  820] - Datavalue is----------null
[DEBUG][2015-11-19 11:30:18,801][com.java.SeleniumDriver] [  838] - Exception: null
[INFO ][2015-11-19 11:30:18,801][com.java.SeleniumDriver] [  844] - DataField : BTN//iframe[@class='frameTabContent']
[INFO ][2015-11-19 11:30:18,801][com.java.SeleniumDriver] [  846] - DataValue : 
[INFO ][2015-11-19 11:30:18,801][com.java.SeleniumDriver] [  852] - <In Set values of the page>
[INFO ][2015-11-19 11:30:18,801][com.java.SeleniumDriver] [  855] - {Data Fields & Data Values Exist}
[INFO ][2015-11-19 11:30:18,801][com.java.SeleniumDriver] [  857] - --------------------------setting values-----------------------------
[INFO ][2015-11-19 11:30:18,801][com.java.SeleniumDriver] [  860] - Action Type : SELECTFRAME
[INFO ][2015-11-19 11:30:19,031][com.java.SeleniumDriver] [  869] -  RESULT true
[INFO ][2015-11-19 11:30:19,031][com.java.SeleniumDriver] [ 1074] - ?   P A S S   ?
[INFO ][2015-11-19 11:30:19,031][com.java.SeleniumDriver] [  796] - ------------------------------------------
[INFO ][2015-11-19 11:30:19,031][com.java.SeleniumDriver] [  797] - Test case being Executed: 6
[INFO ][2015-11-19 11:30:19,031][com.java.SeleniumDriver] [  808] - Test step:7
[INFO ][2015-11-19 11:30:19,031][com.java.SeleniumDriver] [  820] - Datavalue is----------5
[INFO ][2015-11-19 11:30:19,031][com.java.SeleniumDriver] [  844] - DataField : XPH//h1[contains(text(), 'Custom Calculations')]
[INFO ][2015-11-19 11:30:19,031][com.java.SeleniumDriver] [  846] - DataValue : 5
[INFO ][2015-11-19 11:30:19,031][com.java.SeleniumDriver] [  852] - <In Set values of the page>
[INFO ][2015-11-19 11:30:19,031][com.java.SeleniumDriver] [  855] - {Data Fields & Data Values Exist}
[INFO ][2015-11-19 11:30:19,031][com.java.SeleniumDriver] [  857] - --------------------------setting values-----------------------------
[INFO ][2015-11-19 11:30:19,031][com.java.SeleniumDriver] [  860] - Action Type : waitforelement
[INFO ][2015-11-19 11:30:19,131][com.java.SeleniumDriver] [  869] -  RESULT true
[INFO ][2015-11-19 11:30:19,131][com.java.SeleniumDriver] [ 1074] - ?   P A S S   ?
[INFO ][2015-11-19 11:30:19,131][com.java.SeleniumDriver] [  796] - ------------------------------------------
[INFO ][2015-11-19 11:30:19,131][com.java.SeleniumDriver] [  797] - Test case being Executed: 6
[INFO ][2015-11-19 11:30:19,131][com.java.SeleniumDriver] [  808] - Test step:8
[INFO ][2015-11-19 11:30:19,131][com.java.SeleniumDriver] [  820] - Datavalue is----------Custom Calculations
[INFO ][2015-11-19 11:30:19,131][com.java.SeleniumDriver] [  844] - DataField : MSG
[INFO ][2015-11-19 11:30:19,131][com.java.SeleniumDriver] [  846] - DataValue : Custom Calculations
[INFO ][2015-11-19 11:30:19,131][com.java.SeleniumDriver] [  852] - <In Set values of the page>
[INFO ][2015-11-19 11:30:19,131][com.java.SeleniumDriver] [  855] - {Data Fields & Data Values Exist}
[INFO ][2015-11-19 11:30:19,131][com.java.SeleniumDriver] [  857] - --------------------------setting values-----------------------------
[INFO ][2015-11-19 11:30:19,131][com.java.SeleniumDriver] [  860] - Action Type : Verify
[INFO ][2015-11-19 11:30:19,131][com.java.TestType] [ 5568] - field= MSG value= Custom Calculations
[INFO ][2015-11-19 11:30:19,131][com.java.TestType] [ 4461] - value = Custom Calculations
[DEBUG][2015-11-19 11:30:19,131][com.java.TestType] [ 6337] - value :: Custom Calculations
[INFO ][2015-11-19 11:30:19,181][com.java.SeleniumDriver] [  869] -  RESULT true
[INFO ][2015-11-19 11:30:19,181][com.java.SeleniumDriver] [ 1074] - ?   P A S S   ?
[INFO ][2015-11-19 11:30:19,181][com.java.SeleniumDriver] [  796] - ------------------------------------------
[INFO ][2015-11-19 11:30:19,181][com.java.SeleniumDriver] [  797] - Test case being Executed: 6
[INFO ][2015-11-19 11:30:19,181][com.java.SeleniumDriver] [  808] - Test step:9
[INFO ][2015-11-19 11:30:19,181][com.java.SeleniumDriver] [  820] - Datavalue is----------5
[INFO ][2015-11-19 11:30:19,181][com.java.SeleniumDriver] [  844] - DataField : XPH//a[contains(text(), 'Add Calculation')]
[INFO ][2015-11-19 11:30:19,181][com.java.SeleniumDriver] [  846] - DataValue : 5
[INFO ][2015-11-19 11:30:19,181][com.java.SeleniumDriver] [  852] - <In Set values of the page>
[INFO ][2015-11-19 11:30:19,181][com.java.SeleniumDriver] [  855] - {Data Fields & Data Values Exist}
[INFO ][2015-11-19 11:30:19,181][com.java.SeleniumDriver] [  857] - --------------------------setting values-----------------------------
[INFO ][2015-11-19 11:30:19,181][com.java.SeleniumDriver] [  860] - Action Type : waitforelement
[INFO ][2015-11-19 11:30:19,251][com.java.SeleniumDriver] [  869] -  RESULT true
[INFO ][2015-11-19 11:30:19,251][com.java.SeleniumDriver] [ 1074] - ?   P A S S   ?
[INFO ][2015-11-19 11:30:19,251][com.java.SeleniumDriver] [  796] - ------------------------------------------
[INFO ][2015-11-19 11:30:19,251][com.java.SeleniumDriver] [  797] - Test case being Executed: 6
[INFO ][2015-11-19 11:30:19,251][com.java.SeleniumDriver] [  808] - Test step:10
[INFO ][2015-11-19 11:30:19,251][com.java.SeleniumDriver] [  820] - Datavalue is----------null
[DEBUG][2015-11-19 11:30:19,251][com.java.SeleniumDriver] [  838] - Exception: null
[INFO ][2015-11-19 11:30:19,251][com.java.SeleniumDriver] [  844] - DataField : HDN//a[contains(text(), 'Add Calculation')]
[INFO ][2015-11-19 11:30:19,251][com.java.SeleniumDriver] [  846] - DataValue : 
[INFO ][2015-11-19 11:30:19,251][com.java.SeleniumDriver] [  852] - <In Set values of the page>
[INFO ][2015-11-19 11:30:19,251][com.java.SeleniumDriver] [  855] - {Data Fields & Data Values Exist}
[INFO ][2015-11-19 11:30:19,251][com.java.SeleniumDriver] [  857] - --------------------------setting values-----------------------------
[INFO ][2015-11-19 11:30:19,251][com.java.SeleniumDriver] [  860] - Action Type : click
[INFO ][2015-11-19 11:30:19,251][com.java.TestType] [ 4774] - Field ::HDN//a[contains(text(), 'Add Calculation')]
[INFO ][2015-11-19 11:30:20,832][com.java.SeleniumDriver] [  869] -  RESULT true
[INFO ][2015-11-19 11:30:20,832][com.java.SeleniumDriver] [ 1074] - ?   P A S S   ?
[INFO ][2015-11-19 11:30:20,832][com.java.SeleniumDriver] [  796] - ------------------------------------------
[INFO ][2015-11-19 11:30:20,832][com.java.SeleniumDriver] [  797] - Test case being Executed: 6
[INFO ][2015-11-19 11:30:20,832][com.java.SeleniumDriver] [  808] - Test step:11
[INFO ][2015-11-19 11:30:20,832][com.java.SeleniumDriver] [  820] - Datavalue is----------3
[INFO ][2015-11-19 11:30:20,832][com.java.SeleniumDriver] [  844] - DataField : XPH//label[contains(text(), 'Dashboard Groups:')]
[INFO ][2015-11-19 11:30:20,832][com.java.SeleniumDriver] [  846] - DataValue : 3
[INFO ][2015-11-19 11:30:20,832][com.java.SeleniumDriver] [  852] - <In Set values of the page>
[INFO ][2015-11-19 11:30:20,832][com.java.SeleniumDriver] [  855] - {Data Fields & Data Values Exist}
[INFO ][2015-11-19 11:30:20,832][com.java.SeleniumDriver] [  857] - --------------------------setting values-----------------------------
[INFO ][2015-11-19 11:30:20,832][com.java.SeleniumDriver] [  860] - Action Type : waitforelement
[INFO ][2015-11-19 11:30:20,965][com.java.SeleniumDriver] [  869] -  RESULT true
[INFO ][2015-11-19 11:30:20,965][com.java.SeleniumDriver] [ 1074] - ?   P A S S   ?
[INFO ][2015-11-19 11:30:20,965][com.java.SeleniumDriver] [  796] - ------------------------------------------
[INFO ][2015-11-19 11:30:20,965][com.java.SeleniumDriver] [  797] - Test case being Executed: 6
[INFO ][2015-11-19 11:30:20,965][com.java.SeleniumDriver] [  808] - Test step:12
[INFO ][2015-11-19 11:30:20,965][com.java.SeleniumDriver] [  820] - Datavalue is----------null
[DEBUG][2015-11-19 11:30:20,965][com.java.SeleniumDriver] [  838] - Exception: null
[INFO ][2015-11-19 11:30:20,965][com.java.SeleniumDriver] [  844] - DataField : XPH//button[contains(text(), 'Save')]
[INFO ][2015-11-19 11:30:20,965][com.java.SeleniumDriver] [  846] - DataValue : 
[INFO ][2015-11-19 11:30:20,965][com.java.SeleniumDriver] [  852] - <In Set values of the page>
[INFO ][2015-11-19 11:30:20,965][com.java.SeleniumDriver] [  855] - {Data Fields & Data Values Exist}
[INFO ][2015-11-19 11:30:20,965][com.java.SeleniumDriver] [  857] - --------------------------setting values-----------------------------
[INFO ][2015-11-19 11:30:20,965][com.java.SeleniumDriver] [  860] - Action Type : ISDISABLED
[INFO ][2015-11-19 11:30:20,965][com.java.TestType] [ 6619] - field= XPH//button[contains(text(), 'Save')]
[INFO ][2015-11-19 11:30:21,165][com.java.SeleniumDriver] [  869] -  RESULT true
[INFO ][2015-11-19 11:30:21,165][com.java.SeleniumDriver] [ 1074] - ?   P A S S   ?
[INFO ][2015-11-19 11:30:21,165][com.java.SeleniumDriver] [  796] - ------------------------------------------
[INFO ][2015-11-19 11:30:21,165][com.java.SeleniumDriver] [  797] - Test case being Executed: 6
[INFO ][2015-11-19 11:30:21,165][com.java.SeleniumDriver] [  808] - Test step:13
[INFO ][2015-11-19 11:30:21,165][com.java.SeleniumDriver] [  820] - Datavalue is----------3
[INFO ][2015-11-19 11:30:21,165][com.java.SeleniumDriver] [  844] - DataField : XPH//select[contains(@class,'mber-select form-control')]
[INFO ][2015-11-19 11:30:21,165][com.java.SeleniumDriver] [  846] - DataValue : 3
[INFO ][2015-11-19 11:30:21,165][com.java.SeleniumDriver] [  852] - <In Set values of the page>
[INFO ][2015-11-19 11:30:21,165][com.java.SeleniumDriver] [  855] - {Data Fields & Data Values Exist}
[INFO ][2015-11-19 11:30:21,165][com.java.SeleniumDriver] [  857] - --------------------------setting values-----------------------------
[INFO ][2015-11-19 11:30:21,165][com.java.SeleniumDriver] [  860] - Action Type : waitforelement
[INFO ][2015-11-19 11:30:21,275][com.java.SeleniumDriver] [  869] -  RESULT true
[INFO ][2015-11-19 11:30:21,275][com.java.SeleniumDriver] [ 1074] - ?   P A S S   ?
[INFO ][2015-11-19 11:30:21,275][com.java.SeleniumDriver] [  796] - ------------------------------------------
[INFO ][2015-11-19 11:30:21,275][com.java.SeleniumDriver] [  797] - Test case being Executed: 6
[INFO ][2015-11-19 11:30:21,275][com.java.SeleniumDriver] [  808] - Test step:14
[INFO ][2015-11-19 11:30:21,275][com.java.SeleniumDriver] [  820] - Datavalue is----------null
[DEBUG][2015-11-19 11:30:21,275][com.java.SeleniumDriver] [  838] - Exception: null
[INFO ][2015-11-19 11:30:21,275][com.java.SeleniumDriver] [  844] - DataField : XPH//select[contains(@class,'mber-select form-control')]
[INFO ][2015-11-19 11:30:21,275][com.java.SeleniumDriver] [  846] - DataValue : 
[INFO ][2015-11-19 11:30:21,275][com.java.SeleniumDriver] [  852] - <In Set values of the page>
[INFO ][2015-11-19 11:30:21,275][com.java.SeleniumDriver] [  855] - {Data Fields & Data Values Exist}
[INFO ][2015-11-19 11:30:21,275][com.java.SeleniumDriver] [  857] - --------------------------setting values-----------------------------
[INFO ][2015-11-19 11:30:21,275][com.java.SeleniumDriver] [  860] - Action Type : click
[INFO ][2015-11-19 11:30:21,275][com.java.TestType] [ 4774] - Field ::XPH//select[contains(@class,'mber-select form-control')]
[INFO ][2015-11-19 11:30:22,279][com.java.TestType] [ 4833] - BEFORE CLICK
[INFO ][2015-11-19 11:30:23,571][com.java.TestType] [ 4841] - Unable to click the object dollar value dropdown
[INFO ][2015-11-19 11:30:23,571][com.java.SeleniumDriver] [  869] -  RESULT true
[INFO ][2015-11-19 11:30:23,571][com.java.SeleniumDriver] [ 1074] - ?   P A S S   ?
[INFO ][2015-11-19 11:30:23,571][com.java.SeleniumDriver] [  796] - ------------------------------------------
[INFO ][2015-11-19 11:30:23,571][com.java.SeleniumDriver] [  797] - Test case being Executed: 6
[INFO ][2015-11-19 11:30:23,571][com.java.SeleniumDriver] [  808] - Test step:15
[INFO ][2015-11-19 11:30:23,571][com.java.SeleniumDriver] [  820] - Datavalue is----------3
[INFO ][2015-11-19 11:30:23,571][com.java.SeleniumDriver] [  844] - DataField : XPH//select/option[contains(text(), 'Dollar ($)')]
[INFO ][2015-11-19 11:30:23,571][com.java.SeleniumDriver] [  846] - DataValue : 3
[INFO ][2015-11-19 11:30:23,571][com.java.SeleniumDriver] [  852] - <In Set values of the page>
[INFO ][2015-11-19 11:30:23,571][com.java.SeleniumDriver] [  855] - {Data Fields & Data Values Exist}
[INFO ][2015-11-19 11:30:23,571][com.java.SeleniumDriver] [  857] - --------------------------setting values-----------------------------
[INFO ][2015-11-19 11:30:23,571][com.java.SeleniumDriver] [  860] - Action Type : waitforelement
[INFO ][2015-11-19 11:30:23,592][com.java.SeleniumDriver] [  869] -  RESULT true
[INFO ][2015-11-19 11:30:23,592][com.java.SeleniumDriver] [ 1074] - ?   P A S S   ?
[INFO ][2015-11-19 11:30:23,592][com.java.SeleniumDriver] [  796] - ------------------------------------------
[INFO ][2015-11-19 11:30:23,592][com.java.SeleniumDriver] [  797] - Test case being Executed: 6
[INFO ][2015-11-19 11:30:23,592][com.java.SeleniumDriver] [  808] - Test step:16
[INFO ][2015-11-19 11:30:23,592][com.java.SeleniumDriver] [  820] - Datavalue is----------null
[DEBUG][2015-11-19 11:30:23,592][com.java.SeleniumDriver] [  838] - Exception: null
[INFO ][2015-11-19 11:30:23,592][com.java.SeleniumDriver] [  844] - DataField : XPH//select/option[contains(text(), 'Dollar ($)')]
[INFO ][2015-11-19 11:30:23,592][com.java.SeleniumDriver] [  846] - DataValue : 
[INFO ][2015-11-19 11:30:23,592][com.java.SeleniumDriver] [  852] - <In Set values of the page>
[INFO ][2015-11-19 11:30:23,592][com.java.SeleniumDriver] [  855] - {Data Fields & Data Values Exist}
[INFO ][2015-11-19 11:30:23,592][com.java.SeleniumDriver] [  857] - --------------------------setting values-----------------------------
[INFO ][2015-11-19 11:30:23,592][com.java.SeleniumDriver] [  860] - Action Type : click
[INFO ][2015-11-19 11:30:23,592][com.java.TestType] [ 4774] - Field ::XPH//select/option[contains(text(), 'Dollar ($)')]
[INFO ][2015-11-19 11:30:24,592][com.java.TestType] [ 4833] - BEFORE CLICK
[INFO ][2015-11-19 11:30:25,342][com.java.TestType] [ 4841] - Unable to click the object dollar value dropdown
[INFO ][2015-11-19 11:30:25,342][com.java.SeleniumDriver] [  869] -  RESULT true
[INFO ][2015-11-19 11:30:25,342][com.java.SeleniumDriver] [ 1074] - ?   P A S S   ?
[INFO ][2015-11-19 11:30:25,342][com.java.SeleniumDriver] [  796] - ------------------------------------------
[INFO ][2015-11-19 11:30:25,342][com.java.SeleniumDriver] [  797] - Test case being Executed: 6
[INFO ][2015-11-19 11:30:25,342][com.java.SeleniumDriver] [  808] - Test step:17
[INFO ][2015-11-19 11:30:25,342][com.java.SeleniumDriver] [  820] - Datavalue is----------RNDA_VLTest
[INFO ][2015-11-19 11:30:25,342][com.java.SeleniumDriver] [  844] - DataField : TXT//input[contains(@placeholder, 'Name your Calcu')]
[INFO ][2015-11-19 11:30:25,342][com.java.SeleniumDriver] [  846] - DataValue : RNDA_VLTest
[INFO ][2015-11-19 11:30:25,342][com.java.SeleniumDriver] [  852] - <In Set values of the page>
[INFO ][2015-11-19 11:30:25,342][com.java.SeleniumDriver] [  855] - {Data Fields & Data Values Exist}
[INFO ][2015-11-19 11:30:25,342][com.java.SeleniumDriver] [  857] - --------------------------setting values-----------------------------
[INFO ][2015-11-19 11:30:25,342][com.java.SeleniumDriver] [  860] - Action Type : enter
[INFO ][2015-11-19 11:30:25,342][com.java.TestType] [ 5094] - field = //input[contains(@placeholder, 'Name your Calcu')]
[INFO ][2015-11-19 11:30:25,342][com.java.TestType] [ 4461] - value = A_VLTest24831
[INFO ][2015-11-19 11:30:26,443][com.java.SeleniumDriver] [  869] -  RESULT true
[INFO ][2015-11-19 11:30:26,443][com.java.SeleniumDriver] [ 1074] - ?   P A S S   ?
[INFO ][2015-11-19 11:30:26,443][com.java.SeleniumDriver] [  796] - ------------------------------------------
[INFO ][2015-11-19 11:30:26,443][com.java.SeleniumDriver] [  797] - Test case being Executed: 6
[INFO ][2015-11-19 11:30:26,443][com.java.SeleniumDriver] [  808] - Test step:18
[INFO ][2015-11-19 11:30:26,443][com.java.SeleniumDriver] [  820] - Datavalue is----------Calusing_Keys
[INFO ][2015-11-19 11:30:26,443][com.java.SeleniumDriver] [  844] - DataField : TXT//input[contains(@placeholder, 'Name your Calcu')]
[INFO ][2015-11-19 11:30:26,443][com.java.SeleniumDriver] [  846] - DataValue : Calusing_Keys
[INFO ][2015-11-19 11:30:26,443][com.java.SeleniumDriver] [  852] - <In Set values of the page>
[INFO ][2015-11-19 11:30:26,443][com.java.SeleniumDriver] [  855] - {Data Fields & Data Values Exist}
[INFO ][2015-11-19 11:30:26,443][com.java.SeleniumDriver] [  857] - --------------------------setting values-----------------------------
[INFO ][2015-11-19 11:30:26,443][com.java.SeleniumDriver] [  860] - Action Type : STOREVALUE
[INFO ][2015-11-19 11:30:26,443][com.java.TestType] [ 6694] - field= TXT//input[contains(@placeholder, 'Name your Calcu')]
[DEBUG][2015-11-19 11:30:26,514][com.java.TestType] [ 6708] - Key:: Calusing_Keys  Value:: A_VLTest24831
[INFO ][2015-11-19 11:30:26,514][com.java.SeleniumDriver] [  869] -  RESULT true
[INFO ][2015-11-19 11:30:26,514][com.java.SeleniumDriver] [ 1074] - ?   P A S S   ?
[INFO ][2015-11-19 11:30:26,514][com.java.SeleniumDriver] [  796] - ------------------------------------------
[INFO ][2015-11-19 11:30:26,514][com.java.SeleniumDriver] [  797] - Test case being Executed: 6
[INFO ][2015-11-19 11:30:26,514][com.java.SeleniumDriver] [  808] - Test step:19
[INFO ][2015-11-19 11:30:26,514][com.java.SeleniumDriver] [  820] - Datavalue is----------//div[@id='group-list']/ul/li//a
[INFO ][2015-11-19 11:30:26,514][com.java.SeleniumDriver] [  844] - DataField : BTN
[INFO ][2015-11-19 11:30:26,514][com.java.SeleniumDriver] [  846] - DataValue : //div[@id='group-list']/ul/li//a
[INFO ][2015-11-19 11:30:26,514][com.java.SeleniumDriver] [  852] - <In Set values of the page>
[INFO ][2015-11-19 11:30:26,514][com.java.SeleniumDriver] [  855] - {Data Fields & Data Values Exist}
[INFO ][2015-11-19 11:30:26,514][com.java.SeleniumDriver] [  857] - --------------------------setting values-----------------------------
[INFO ][2015-11-19 11:30:26,514][com.java.SeleniumDriver] [  860] - Action Type : verify
[INFO ][2015-11-19 11:30:26,514][com.java.TestType] [ 5568] - field= BTN value= //div[@id='group-list']/ul/li//a
[INFO ][2015-11-19 11:30:26,514][com.java.TestType] [ 4461] - value = //div[@id='group-list']/ul/li//a
[INFO ][2015-11-19 11:30:26,544][com.java.SeleniumDriver] [  869] -  RESULT true
[INFO ][2015-11-19 11:30:26,544][com.java.SeleniumDriver] [ 1074] - ?   P A S S   ?
[INFO ][2015-11-19 11:30:26,544][com.java.SeleniumDriver] [  796] - ------------------------------------------
[INFO ][2015-11-19 11:30:26,544][com.java.SeleniumDriver] [  797] - Test case being Executed: 6
[INFO ][2015-11-19 11:30:26,544][com.java.SeleniumDriver] [  808] - Test step:20
[INFO ][2015-11-19 11:30:26,544][com.java.SeleniumDriver] [  820] - Datavalue is----------5
[INFO ][2015-11-19 11:30:26,544][com.java.SeleniumDriver] [  844] - DataField : TXT//div[contains(@class, 'input-group btn-')]/input[contains(@class ,'ember-text-field form-')]
[INFO ][2015-11-19 11:30:26,544][com.java.SeleniumDriver] [  846] - DataValue : 5
[INFO ][2015-11-19 11:30:26,544][com.java.SeleniumDriver] [  852] - <In Set values of the page>
[INFO ][2015-11-19 11:30:26,544][com.java.SeleniumDriver] [  855] - {Data Fields & Data Values Exist}
[INFO ][2015-11-19 11:30:26,544][com.java.SeleniumDriver] [  857] - --------------------------setting values-----------------------------
[INFO ][2015-11-19 11:30:26,544][com.java.SeleniumDriver] [  860] - Action Type : enter
[INFO ][2015-11-19 11:30:26,544][com.java.TestType] [ 5094] - field = //div[contains(@class, 'input-group btn-')]/input[contains(@class ,'ember-text-field form-')]
[INFO ][2015-11-19 11:30:26,544][com.java.TestType] [ 4461] - value = 5
[INFO ][2015-11-19 11:30:26,944][com.java.SeleniumDriver] [  869] -  RESULT true
[INFO ][2015-11-19 11:30:26,944][com.java.SeleniumDriver] [ 1074] - ?   P A S S   ?
[INFO ][2015-11-19 11:30:26,944][com.java.SeleniumDriver] [  796] - ------------------------------------------
[INFO ][2015-11-19 11:30:26,944][com.java.SeleniumDriver] [  797] - Test case being Executed: 6
[INFO ][2015-11-19 11:30:26,944][com.java.SeleniumDriver] [  808] - Test step:21
[INFO ][2015-11-19 11:30:26,944][com.java.SeleniumDriver] [  820] - Datavalue is----------5
[INFO ][2015-11-19 11:30:26,944][com.java.SeleniumDriver] [  844] - DataField : XPH//button[text()='Constant']
[INFO ][2015-11-19 11:30:26,944][com.java.SeleniumDriver] [  846] - DataValue : 5
[INFO ][2015-11-19 11:30:26,944][com.java.SeleniumDriver] [  852] - <In Set values of the page>
[INFO ][2015-11-19 11:30:26,944][com.java.SeleniumDriver] [  855] - {Data Fields & Data Values Exist}
[INFO ][2015-11-19 11:30:26,944][com.java.SeleniumDriver] [  857] - --------------------------setting values-----------------------------
[INFO ][2015-11-19 11:30:26,944][com.java.SeleniumDriver] [  860] - Action Type : waitforelement
[INFO ][2015-11-19 11:30:26,974][com.java.SeleniumDriver] [  869] -  RESULT true
[INFO ][2015-11-19 11:30:26,974][com.java.SeleniumDriver] [ 1074] - ?   P A S S   ?
[INFO ][2015-11-19 11:30:26,974][com.java.SeleniumDriver] [  796] - ------------------------------------------
[INFO ][2015-11-19 11:30:26,974][com.java.SeleniumDriver] [  797] - Test case being Executed: 6
[INFO ][2015-11-19 11:30:26,974][com.java.SeleniumDriver] [  808] - Test step:22
[INFO ][2015-11-19 11:30:26,974][com.java.SeleniumDriver] [  820] - Datavalue is----------null
[DEBUG][2015-11-19 11:30:26,974][com.java.SeleniumDriver] [  838] - Exception: null
[INFO ][2015-11-19 11:30:26,974][com.java.SeleniumDriver] [  844] - DataField : XPH//button[text()='Constant']
[INFO ][2015-11-19 11:30:26,974][com.java.SeleniumDriver] [  846] - DataValue : 
[INFO ][2015-11-19 11:30:26,974][com.java.SeleniumDriver] [  852] - <In Set values of the page>
[INFO ][2015-11-19 11:30:26,974][com.java.SeleniumDriver] [  855] - {Data Fields & Data Values Exist}
[INFO ][2015-11-19 11:30:26,974][com.java.SeleniumDriver] [  857] - --------------------------setting values-----------------------------
[INFO ][2015-11-19 11:30:26,974][com.java.SeleniumDriver] [  860] - Action Type : click
[INFO ][2015-11-19 11:30:26,974][com.java.TestType] [ 4774] - Field ::XPH//button[text()='Constant']
[INFO ][2015-11-19 11:30:27,974][com.java.TestType] [ 4833] - BEFORE CLICK
[INFO ][2015-11-19 11:30:28,846][com.java.TestType] [ 4841] - Unable to click the object click on constant
[INFO ][2015-11-19 11:30:28,846][com.java.SeleniumDriver] [  869] -  RESULT true
[INFO ][2015-11-19 11:30:28,846][com.java.SeleniumDriver] [ 1074] - ?   P A S S   ?
[INFO ][2015-11-19 11:30:28,846][com.java.SeleniumDriver] [  796] - ------------------------------------------
[INFO ][2015-11-19 11:30:28,846][com.java.SeleniumDriver] [  797] - Test case being Executed: 6
[INFO ][2015-11-19 11:30:28,846][com.java.SeleniumDriver] [  808] - Test step:23
[INFO ][2015-11-19 11:30:28,846][com.java.SeleniumDriver] [  820] - Datavalue is----------3
[INFO ][2015-11-19 11:30:28,846][com.java.SeleniumDriver] [  844] - DataField : XPH//button[text()='Constant']
[INFO ][2015-11-19 11:30:28,846][com.java.SeleniumDriver] [  846] - DataValue : 3
[INFO ][2015-11-19 11:30:28,846][com.java.SeleniumDriver] [  852] - <In Set values of the page>
[INFO ][2015-11-19 11:30:28,846][com.java.SeleniumDriver] [  855] - {Data Fields & Data Values Exist}
[INFO ][2015-11-19 11:30:28,846][com.java.SeleniumDriver] [  857] - --------------------------setting values-----------------------------
[INFO ][2015-11-19 11:30:28,846][com.java.SeleniumDriver] [  860] - Action Type : waitforelement
[INFO ][2015-11-19 11:30:28,867][com.java.SeleniumDriver] [  869] -  RESULT true
[INFO ][2015-11-19 11:30:28,867][com.java.SeleniumDriver] [ 1074] - ?   P A S S   ?
[INFO ][2015-11-19 11:30:28,867][com.java.SeleniumDriver] [  796] - ------------------------------------------
[INFO ][2015-11-19 11:30:28,867][com.java.SeleniumDriver] [  797] - Test case being Executed: 6
[INFO ][2015-11-19 11:30:28,867][com.java.SeleniumDriver] [  808] - Test step:24
[INFO ][2015-11-19 11:30:28,867][com.java.SeleniumDriver] [  820] - Datavalue is----------null
[DEBUG][2015-11-19 11:30:28,867][com.java.SeleniumDriver] [  838] - Exception: null
[INFO ][2015-11-19 11:30:28,867][com.java.SeleniumDriver] [  844] - DataField : XPH//button[text()='+']
[INFO ][2015-11-19 11:30:28,867][com.java.SeleniumDriver] [  846] - DataValue : 
[INFO ][2015-11-19 11:30:28,867][com.java.SeleniumDriver] [  852] - <In Set values of the page>
[INFO ][2015-11-19 11:30:28,867][com.java.SeleniumDriver] [  855] - {Data Fields & Data Values Exist}
[INFO ][2015-11-19 11:30:28,867][com.java.SeleniumDriver] [  857] - --------------------------setting values-----------------------------
[INFO ][2015-11-19 11:30:28,867][com.java.SeleniumDriver] [  860] - Action Type : click
[INFO ][2015-11-19 11:30:28,867][com.java.TestType] [ 4774] - Field ::XPH//button[text()='+']
[INFO ][2015-11-19 11:30:29,867][com.java.TestType] [ 4833] - BEFORE CLICK
[INFO ][2015-11-19 11:30:30,667][com.java.TestType] [ 4841] - Unable to click the object enter operator
[INFO ][2015-11-19 11:30:30,667][com.java.SeleniumDriver] [  869] -  RESULT true
[INFO ][2015-11-19 11:30:30,667][com.java.SeleniumDriver] [ 1074] - ?   P A S S   ?
[INFO ][2015-11-19 11:30:30,667][com.java.SeleniumDriver] [  796] - ------------------------------------------
[INFO ][2015-11-19 11:30:30,667][com.java.SeleniumDriver] [  797] - Test case being Executed: 6
[INFO ][2015-11-19 11:30:30,667][com.java.SeleniumDriver] [  808] - Test step:25
[INFO ][2015-11-19 11:30:30,667][com.java.SeleniumDriver] [  820] - Datavalue is----------5
[INFO ][2015-11-19 11:30:30,667][com.java.SeleniumDriver] [  844] - DataField : TXT//div[contains(@class, 'input-group btn-')]/input[contains(@class ,'ember-text-field form-')]
[INFO ][2015-11-19 11:30:30,667][com.java.SeleniumDriver] [  846] - DataValue : 5
[INFO ][2015-11-19 11:30:30,667][com.java.SeleniumDriver] [  852] - <In Set values of the page>
[INFO ][2015-11-19 11:30:30,667][com.java.SeleniumDriver] [  855] - {Data Fields & Data Values Exist}
[INFO ][2015-11-19 11:30:30,667][com.java.SeleniumDriver] [  857] - --------------------------setting values-----------------------------
[INFO ][2015-11-19 11:30:30,667][com.java.SeleniumDriver] [  860] - Action Type : enter
[INFO ][2015-11-19 11:30:30,667][com.java.TestType] [ 5094] - field = //div[contains(@class, 'input-group btn-')]/input[contains(@class ,'ember-text-field form-')]
[INFO ][2015-11-19 11:30:30,667][com.java.TestType] [ 4461] - value = 5
[INFO ][2015-11-19 11:30:31,038][com.java.SeleniumDriver] [  869] -  RESULT true
[INFO ][2015-11-19 11:30:31,038][com.java.SeleniumDriver] [ 1074] - ?   P A S S   ?
[INFO ][2015-11-19 11:30:31,038][com.java.SeleniumDriver] [  796] - ------------------------------------------
[INFO ][2015-11-19 11:30:31,038][com.java.SeleniumDriver] [  797] - Test case being Executed: 6
[INFO ][2015-11-19 11:30:31,038][com.java.SeleniumDriver] [  808] - Test step:26
[INFO ][2015-11-19 11:30:31,038][com.java.SeleniumDriver] [  820] - Datavalue is----------3
[INFO ][2015-11-19 11:30:31,038][com.java.SeleniumDriver] [  844] - DataField : XPH//button[text()='Constant']
[INFO ][2015-11-19 11:30:31,038][com.java.SeleniumDriver] [  846] - DataValue : 3
[INFO ][2015-11-19 11:30:31,038][com.java.SeleniumDriver] [  852] - <In Set values of the page>
[INFO ][2015-11-19 11:30:31,038][com.java.SeleniumDriver] [  855] - {Data Fields & Data Values Exist}
[INFO ][2015-11-19 11:30:31,038][com.java.SeleniumDriver] [  857] - --------------------------setting values-----------------------------
[INFO ][2015-11-19 11:30:31,038][com.java.SeleniumDriver] [  860] - Action Type : waitforelement
[INFO ][2015-11-19 11:30:31,068][com.java.SeleniumDriver] [  869] -  RESULT true
[INFO ][2015-11-19 11:30:31,068][com.java.SeleniumDriver] [ 1074] - ?   P A S S   ?
[INFO ][2015-11-19 11:30:31,068][com.java.SeleniumDriver] [  796] - ------------------------------------------
[INFO ][2015-11-19 11:30:31,068][com.java.SeleniumDriver] [  797] - Test case being Executed: 6
[INFO ][2015-11-19 11:30:31,068][com.java.SeleniumDriver] [  808] - Test step:27
[INFO ][2015-11-19 11:30:31,068][com.java.SeleniumDriver] [  820] - Datavalue is----------null
[DEBUG][2015-11-19 11:30:31,068][com.java.SeleniumDriver] [  838] - Exception: null
[INFO ][2015-11-19 11:30:31,068][com.java.SeleniumDriver] [  844] - DataField : XPH//button[text()='Constant']
[INFO ][2015-11-19 11:30:31,068][com.java.SeleniumDriver] [  846] - DataValue : 
[INFO ][2015-11-19 11:30:31,068][com.java.SeleniumDriver] [  852] - <In Set values of the page>
[INFO ][2015-11-19 11:30:31,068][com.java.SeleniumDriver] [  855] - {Data Fields & Data Values Exist}
[INFO ][2015-11-19 11:30:31,068][com.java.SeleniumDriver] [  857] - --------------------------setting values-----------------------------
[INFO ][2015-11-19 11:30:31,068][com.java.SeleniumDriver] [  860] - Action Type : click
[INFO ][2015-11-19 11:30:31,068][com.java.TestType] [ 4774] - Field ::XPH//button[text()='Constant']
[INFO ][2015-11-19 11:30:32,068][com.java.TestType] [ 4833] - BEFORE CLICK
[INFO ][2015-11-19 11:30:32,828][com.java.TestType] [ 4841] - Unable to click the object click constant
[INFO ][2015-11-19 11:30:32,828][com.java.SeleniumDriver] [  869] -  RESULT true
[INFO ][2015-11-19 11:30:32,828][com.java.SeleniumDriver] [ 1074] - ?   P A S S   ?
[INFO ][2015-11-19 11:30:32,828][com.java.SeleniumDriver] [  796] - ------------------------------------------
[INFO ][2015-11-19 11:30:32,828][com.java.SeleniumDriver] [  797] - Test case being Executed: 6
[INFO ][2015-11-19 11:30:32,828][com.java.SeleniumDriver] [  808] - Test step:28
[INFO ][2015-11-19 11:30:32,828][com.java.SeleniumDriver] [  820] - Datavalue is----------3
[INFO ][2015-11-19 11:30:32,828][com.java.SeleniumDriver] [  844] - DataField : XPH//button[text()='-']
[INFO ][2015-11-19 11:30:32,828][com.java.SeleniumDriver] [  846] - DataValue : 3
[INFO ][2015-11-19 11:30:32,828][com.java.SeleniumDriver] [  852] - <In Set values of the page>
[INFO ][2015-11-19 11:30:32,828][com.java.SeleniumDriver] [  855] - {Data Fields & Data Values Exist}
[INFO ][2015-11-19 11:30:32,828][com.java.SeleniumDriver] [  857] - --------------------------setting values-----------------------------
[INFO ][2015-11-19 11:30:32,828][com.java.SeleniumDriver] [  860] - Action Type : waitforelement
[INFO ][2015-11-19 11:30:32,849][com.java.SeleniumDriver] [  869] -  RESULT true
[INFO ][2015-11-19 11:30:32,849][com.java.SeleniumDriver] [ 1074] - ?   P A S S   ?
[INFO ][2015-11-19 11:30:32,849][com.java.SeleniumDriver] [  796] - ------------------------------------------
[INFO ][2015-11-19 11:30:32,849][com.java.SeleniumDriver] [  797] - Test case being Executed: 6
[INFO ][2015-11-19 11:30:32,849][com.java.SeleniumDriver] [  808] - Test step:29
[INFO ][2015-11-19 11:30:32,849][com.java.SeleniumDriver] [  820] - Datavalue is----------null
[DEBUG][2015-11-19 11:30:32,849][com.java.SeleniumDriver] [  838] - Exception: null
[INFO ][2015-11-19 11:30:32,849][com.java.SeleniumDriver] [  844] - DataField : XPH//button[text()='-']
[INFO ][2015-11-19 11:30:32,849][com.java.SeleniumDriver] [  846] - DataValue : 
[INFO ][2015-11-19 11:30:32,849][com.java.SeleniumDriver] [  852] - <In Set values of the page>
[INFO ][2015-11-19 11:30:32,849][com.java.SeleniumDriver] [  855] - {Data Fields & Data Values Exist}
[INFO ][2015-11-19 11:30:32,849][com.java.SeleniumDriver] [  857] - --------------------------setting values-----------------------------
[INFO ][2015-11-19 11:30:32,849][com.java.SeleniumDriver] [  860] - Action Type : click
[INFO ][2015-11-19 11:30:32,849][com.java.TestType] [ 4774] - Field ::XPH//button[text()='-']
[INFO ][2015-11-19 11:30:33,851][com.java.TestType] [ 4833] - BEFORE CLICK
[INFO ][2015-11-19 11:30:34,671][com.java.TestType] [ 4841] - Unable to click the object enter operator
[INFO ][2015-11-19 11:30:34,671][com.java.SeleniumDriver] [  869] -  RESULT true
[INFO ][2015-11-19 11:30:34,671][com.java.SeleniumDriver] [ 1074] - ?   P A S S   ?
[INFO ][2015-11-19 11:30:34,671][com.java.SeleniumDriver] [  796] - ------------------------------------------
[INFO ][2015-11-19 11:30:34,671][com.java.SeleniumDriver] [  797] - Test case being Executed: 6
[INFO ][2015-11-19 11:30:34,671][com.java.SeleniumDriver] [  808] - Test step:30
[INFO ][2015-11-19 11:30:34,671][com.java.SeleniumDriver] [  820] - Datavalue is----------3
[INFO ][2015-11-19 11:30:34,671][com.java.SeleniumDriver] [  844] - DataField : XPH//div[contains(@class, 'input-group btn-')]/input[contains(@class ,'ember-text-field form-')]
[INFO ][2015-11-19 11:30:34,671][com.java.SeleniumDriver] [  846] - DataValue : 3
[INFO ][2015-11-19 11:30:34,671][com.java.SeleniumDriver] [  852] - <In Set values of the page>
[INFO ][2015-11-19 11:30:34,671][com.java.SeleniumDriver] [  855] - {Data Fields & Data Values Exist}
[INFO ][2015-11-19 11:30:34,671][com.java.SeleniumDriver] [  857] - --------------------------setting values-----------------------------
[INFO ][2015-11-19 11:30:34,671][com.java.SeleniumDriver] [  860] - Action Type : waitforelement
[INFO ][2015-11-19 11:30:34,692][com.java.SeleniumDriver] [  869] -  RESULT true
[INFO ][2015-11-19 11:30:34,692][com.java.SeleniumDriver] [ 1074] - ?   P A S S   ?
[INFO ][2015-11-19 11:30:34,692][com.java.SeleniumDriver] [  796] - ------------------------------------------
[INFO ][2015-11-19 11:30:34,692][com.java.SeleniumDriver] [  797] - Test case being Executed: 6
[INFO ][2015-11-19 11:30:34,692][com.java.SeleniumDriver] [  808] - Test step:31
[INFO ][2015-11-19 11:30:34,692][com.java.SeleniumDriver] [  820] - Datavalue is----------5
[INFO ][2015-11-19 11:30:34,692][com.java.SeleniumDriver] [  844] - DataField : TXT//div[contains(@class, 'input-group btn-')]/input[contains(@class ,'ember-text-field form-')]
[INFO ][2015-11-19 11:30:34,692][com.java.SeleniumDriver] [  846] - DataValue : 5
[INFO ][2015-11-19 11:30:34,692][com.java.SeleniumDriver] [  852] - <In Set values of the page>
[INFO ][2015-11-19 11:30:34,692][com.java.SeleniumDriver] [  855] - {Data Fields & Data Values Exist}
[INFO ][2015-11-19 11:30:34,692][com.java.SeleniumDriver] [  857] - --------------------------setting values-----------------------------
[INFO ][2015-11-19 11:30:34,692][com.java.SeleniumDriver] [  860] - Action Type : enter
[INFO ][2015-11-19 11:30:34,692][com.java.TestType] [ 5094] - field = //div[contains(@class, 'input-group btn-')]/input[contains(@class ,'ember-text-field form-')]
[INFO ][2015-11-19 11:30:34,692][com.java.TestType] [ 4461] - value = 5
[INFO ][2015-11-19 11:30:35,072][com.java.SeleniumDriver] [  869] -  RESULT true
[INFO ][2015-11-19 11:30:35,072][com.java.SeleniumDriver] [ 1074] - ?   P A S S   ?
[INFO ][2015-11-19 11:30:35,072][com.java.SeleniumDriver] [  796] - ------------------------------------------
[INFO ][2015-11-19 11:30:35,072][com.java.SeleniumDriver] [  797] - Test case being Executed: 6
[INFO ][2015-11-19 11:30:35,072][com.java.SeleniumDriver] [  808] - Test step:32
[INFO ][2015-11-19 11:30:35,072][com.java.SeleniumDriver] [  820] - Datavalue is----------3
[INFO ][2015-11-19 11:30:35,072][com.java.SeleniumDriver] [  844] - DataField : XPH//button[text()='Constant']
[INFO ][2015-11-19 11:30:35,072][com.java.SeleniumDriver] [  846] - DataValue : 3
[INFO ][2015-11-19 11:30:35,072][com.java.SeleniumDriver] [  852] - <In Set values of the page>
[INFO ][2015-11-19 11:30:35,072][com.java.SeleniumDriver] [  855] - {Data Fields & Data Values Exist}
[INFO ][2015-11-19 11:30:35,072][com.java.SeleniumDriver] [  857] - --------------------------setting values-----------------------------
[INFO ][2015-11-19 11:30:35,072][com.java.SeleniumDriver] [  860] - Action Type : waitforelement
[INFO ][2015-11-19 11:30:35,102][com.java.SeleniumDriver] [  869] -  RESULT true
[INFO ][2015-11-19 11:30:35,102][com.java.SeleniumDriver] [ 1074] - ?   P A S S   ?
[INFO ][2015-11-19 11:30:35,102][com.java.SeleniumDriver] [  796] - ------------------------------------------
[INFO ][2015-11-19 11:30:35,102][com.java.SeleniumDriver] [  797] - Test case being Executed: 6
[INFO ][2015-11-19 11:30:35,102][com.java.SeleniumDriver] [  808] - Test step:33
[INFO ][2015-11-19 11:30:35,102][com.java.SeleniumDriver] [  820] - Datavalue is----------null
[DEBUG][2015-11-19 11:30:35,102][com.java.SeleniumDriver] [  838] - Exception: null
[INFO ][2015-11-19 11:30:35,102][com.java.SeleniumDriver] [  844] - DataField : XPH//button[text()='Constant']
[INFO ][2015-11-19 11:30:35,102][com.java.SeleniumDriver] [  846] - DataValue : 
[INFO ][2015-11-19 11:30:35,102][com.java.SeleniumDriver] [  852] - <In Set values of the page>
[INFO ][2015-11-19 11:30:35,102][com.java.SeleniumDriver] [  855] - {Data Fields & Data Values Exist}
[INFO ][2015-11-19 11:30:35,102][com.java.SeleniumDriver] [  857] - --------------------------setting values-----------------------------
[INFO ][2015-11-19 11:30:35,102][com.java.SeleniumDriver] [  860] - Action Type : click
[INFO ][2015-11-19 11:30:35,102][com.java.TestType] [ 4774] - Field ::XPH//button[text()='Constant']
[INFO ][2015-11-19 11:30:36,102][com.java.TestType] [ 4833] - BEFORE CLICK
[INFO ][2015-11-19 11:30:36,882][com.java.TestType] [ 4841] - Unable to click the object click constant
[INFO ][2015-11-19 11:30:36,882][com.java.SeleniumDriver] [  869] -  RESULT true
[INFO ][2015-11-19 11:30:36,882][com.java.SeleniumDriver] [ 1074] - ?   P A S S   ?
[INFO ][2015-11-19 11:30:36,882][com.java.SeleniumDriver] [  796] - ------------------------------------------
[INFO ][2015-11-19 11:30:36,882][com.java.SeleniumDriver] [  797] - Test case being Executed: 6
[INFO ][2015-11-19 11:30:36,882][com.java.SeleniumDriver] [  808] - Test step:34
[INFO ][2015-11-19 11:30:36,882][com.java.SeleniumDriver] [  820] - Datavalue is----------3
[INFO ][2015-11-19 11:30:36,882][com.java.SeleniumDriver] [  844] - DataField : XPH//button[contains(text(), 'Save')]
[INFO ][2015-11-19 11:30:36,882][com.java.SeleniumDriver] [  846] - DataValue : 3
[INFO ][2015-11-19 11:30:36,882][com.java.SeleniumDriver] [  852] - <In Set values of the page>
[INFO ][2015-11-19 11:30:36,882][com.java.SeleniumDriver] [  855] - {Data Fields & Data Values Exist}
[INFO ][2015-11-19 11:30:36,882][com.java.SeleniumDriver] [  857] - --------------------------setting values-----------------------------
[INFO ][2015-11-19 11:30:36,882][com.java.SeleniumDriver] [  860] - Action Type : waitforelement
[INFO ][2015-11-19 11:30:36,903][com.java.SeleniumDriver] [  869] -  RESULT true
[INFO ][2015-11-19 11:30:36,903][com.java.SeleniumDriver] [ 1074] - ?   P A S S   ?
[INFO ][2015-11-19 11:30:36,903][com.java.SeleniumDriver] [  796] - ------------------------------------------
[INFO ][2015-11-19 11:30:36,903][com.java.SeleniumDriver] [  797] - Test case being Executed: 6
[INFO ][2015-11-19 11:30:36,903][com.java.SeleniumDriver] [  808] - Test step:35
[INFO ][2015-11-19 11:30:36,903][com.java.SeleniumDriver] [  820] - Datavalue is----------null
[DEBUG][2015-11-19 11:30:36,903][com.java.SeleniumDriver] [  838] - Exception: null
[INFO ][2015-11-19 11:30:36,903][com.java.SeleniumDriver] [  844] - DataField : XPH//button[contains(text(), 'Save')]
[INFO ][2015-11-19 11:30:36,903][com.java.SeleniumDriver] [  846] - DataValue : 
[INFO ][2015-11-19 11:30:36,903][com.java.SeleniumDriver] [  852] - <In Set values of the page>
[INFO ][2015-11-19 11:30:36,903][com.java.SeleniumDriver] [  855] - {Data Fields & Data Values Exist}
[INFO ][2015-11-19 11:30:36,903][com.java.SeleniumDriver] [  857] - --------------------------setting values-----------------------------
[INFO ][2015-11-19 11:30:36,903][com.java.SeleniumDriver] [  860] - Action Type : ISENABLED
[INFO ][2015-11-19 11:30:36,903][com.java.TestType] [ 6655] - field= XPH//button[contains(text(), 'Save')]
[INFO ][2015-11-19 11:30:36,963][com.java.SeleniumDriver] [  869] -  RESULT true
[INFO ][2015-11-19 11:30:36,963][com.java.SeleniumDriver] [ 1074] - ?   P A S S   ?
[INFO ][2015-11-19 11:30:36,963][com.java.SeleniumDriver] [  796] - ------------------------------------------
[INFO ][2015-11-19 11:30:36,963][com.java.SeleniumDriver] [  797] - Test case being Executed: 6
[INFO ][2015-11-19 11:30:36,963][com.java.SeleniumDriver] [  808] - Test step:36
[INFO ][2015-11-19 11:30:36,963][com.java.SeleniumDriver] [  820] - Datavalue is----------null
[DEBUG][2015-11-19 11:30:36,963][com.java.SeleniumDriver] [  838] - Exception: null
[INFO ][2015-11-19 11:30:36,963][com.java.SeleniumDriver] [  844] - DataField : XPH//button[contains(text(), 'Save')]
[INFO ][2015-11-19 11:30:36,963][com.java.SeleniumDriver] [  846] - DataValue : 
[INFO ][2015-11-19 11:30:36,963][com.java.SeleniumDriver] [  852] - <In Set values of the page>
[INFO ][2015-11-19 11:30:36,963][com.java.SeleniumDriver] [  855] - {Data Fields & Data Values Exist}
[INFO ][2015-11-19 11:30:36,963][com.java.SeleniumDriver] [  857] - --------------------------setting values-----------------------------
[INFO ][2015-11-19 11:30:36,963][com.java.SeleniumDriver] [  860] - Action Type : click
[INFO ][2015-11-19 11:30:36,963][com.java.TestType] [ 4774] - Field ::XPH//button[contains(text(), 'Save')]
[INFO ][2015-11-19 11:30:37,963][com.java.TestType] [ 4833] - BEFORE CLICK
[INFO ][2015-11-19 11:30:38,793][com.java.TestType] [ 4841] - Unable to click the object save button
[INFO ][2015-11-19 11:30:38,793][com.java.SeleniumDriver] [  869] -  RESULT true
[INFO ][2015-11-19 11:30:38,793][com.java.SeleniumDriver] [ 1074] - ?   P A S S   ?
[INFO ][2015-11-19 11:30:38,793][com.java.SeleniumDriver] [  796] - ------------------------------------------
[INFO ][2015-11-19 11:30:38,793][com.java.SeleniumDriver] [  797] - Test case being Executed: 6
[INFO ][2015-11-19 11:30:38,793][com.java.SeleniumDriver] [  808] - Test step:37
[INFO ][2015-11-19 11:30:38,793][com.java.SeleniumDriver] [  820] - Datavalue is----------3
[INFO ][2015-11-19 11:30:38,793][com.java.SeleniumDriver] [  844] - DataField : XPH//a[contains(text(), 'Add Calculation')]
[INFO ][2015-11-19 11:30:38,793][com.java.SeleniumDriver] [  846] - DataValue : 3
[INFO ][2015-11-19 11:30:38,793][com.java.SeleniumDriver] [  852] - <In Set values of the page>
[INFO ][2015-11-19 11:30:38,793][com.java.SeleniumDriver] [  855] - {Data Fields & Data Values Exist}
[INFO ][2015-11-19 11:30:38,793][com.java.SeleniumDriver] [  857] - --------------------------setting values-----------------------------
[INFO ][2015-11-19 11:30:38,793][com.java.SeleniumDriver] [  860] - Action Type : waitforelement
[INFO ][2015-11-19 11:30:38,919][com.java.SeleniumDriver] [  869] -  RESULT true
[INFO ][2015-11-19 11:30:38,919][com.java.SeleniumDriver] [ 1074] - ?   P A S S   ?
[INFO ][2015-11-19 11:30:38,919][com.java.SeleniumDriver] [  796] - ------------------------------------------
[INFO ][2015-11-19 11:30:38,919][com.java.SeleniumDriver] [  797] - Test case being Executed: 6
[INFO ][2015-11-19 11:30:38,919][com.java.SeleniumDriver] [  808] - Test step:38
[INFO ][2015-11-19 11:30:38,919][com.java.SeleniumDriver] [  820] - Datavalue is----------HMVCalusing_Keys
[INFO ][2015-11-19 11:30:38,919][com.java.SeleniumDriver] [  844] - DataField : MSG
[INFO ][2015-11-19 11:30:38,919][com.java.SeleniumDriver] [  846] - DataValue : HMVCalusing_Keys
[INFO ][2015-11-19 11:30:38,919][com.java.SeleniumDriver] [  852] - <In Set values of the page>
[INFO ][2015-11-19 11:30:38,919][com.java.SeleniumDriver] [  855] - {Data Fields & Data Values Exist}
[INFO ][2015-11-19 11:30:38,919][com.java.SeleniumDriver] [  857] - --------------------------setting values-----------------------------
[INFO ][2015-11-19 11:30:38,919][com.java.SeleniumDriver] [  860] - Action Type : verify
[INFO ][2015-11-19 11:30:38,919][com.java.TestType] [ 5568] - field= MSG value= HMVCalusing_Keys
[INFO ][2015-11-19 11:30:38,919][com.java.TestType] [ 4461] - value = A_VLTest24831
[DEBUG][2015-11-19 11:30:38,919][com.java.TestType] [ 6337] - value :: A_VLTest24831
[INFO ][2015-11-19 11:30:38,939][com.java.SeleniumDriver] [  869] -  RESULT true
[INFO ][2015-11-19 11:30:38,939][com.java.SeleniumDriver] [ 1074] - ?   P A S S   ?
[INFO ][2015-11-19 11:30:38,939][com.java.SeleniumDriver] [  796] - ------------------------------------------
[INFO ][2015-11-19 11:30:38,939][com.java.SeleniumDriver] [  797] - Test case being Executed: 6
[INFO ][2015-11-19 11:30:38,939][com.java.SeleniumDriver] [  808] - Test step:39
[INFO ][2015-11-19 11:30:38,939][com.java.SeleniumDriver] [  820] - Datavalue is----------null
[DEBUG][2015-11-19 11:30:38,939][com.java.SeleniumDriver] [  838] - Exception: null
[INFO ][2015-11-19 11:30:38,939][com.java.SeleniumDriver] [  844] - DataField : HDN//a[contains(text(), 'Add Calculation')]
[INFO ][2015-11-19 11:30:38,939][com.java.SeleniumDriver] [  846] - DataValue : 
[INFO ][2015-11-19 11:30:38,939][com.java.SeleniumDriver] [  852] - <In Set values of the page>
[INFO ][2015-11-19 11:30:38,939][com.java.SeleniumDriver] [  855] - {Data Fields & Data Values Exist}
[INFO ][2015-11-19 11:30:38,939][com.java.SeleniumDriver] [  857] - --------------------------setting values-----------------------------
[INFO ][2015-11-19 11:30:38,939][com.java.SeleniumDriver] [  860] - Action Type : click
[INFO ][2015-11-19 11:30:38,939][com.java.TestType] [ 4774] - Field ::HDN//a[contains(text(), 'Add Calculation')]
[INFO ][2015-11-19 11:30:40,050][com.java.SeleniumDriver] [  869] -  RESULT true
[INFO ][2015-11-19 11:30:40,050][com.java.SeleniumDriver] [ 1074] - ?   P A S S   ?
[INFO ][2015-11-19 11:30:40,050][com.java.SeleniumDriver] [  796] - ------------------------------------------
[INFO ][2015-11-19 11:30:40,050][com.java.SeleniumDriver] [  797] - Test case being Executed: 6
[INFO ][2015-11-19 11:30:40,050][com.java.SeleniumDriver] [  808] - Test step:40
[INFO ][2015-11-19 11:30:40,050][com.java.SeleniumDriver] [  820] - Datavalue is----------3
[INFO ][2015-11-19 11:30:40,050][com.java.SeleniumDriver] [  844] - DataField : XPH//label[contains(text(), 'Dashboard Groups:')]
[INFO ][2015-11-19 11:30:40,050][com.java.SeleniumDriver] [  846] - DataValue : 3
[INFO ][2015-11-19 11:30:40,050][com.java.SeleniumDriver] [  852] - <In Set values of the page>
[INFO ][2015-11-19 11:30:40,050][com.java.SeleniumDriver] [  855] - {Data Fields & Data Values Exist}
[INFO ][2015-11-19 11:30:40,050][com.java.SeleniumDriver] [  857] - --------------------------setting values-----------------------------
[INFO ][2015-11-19 11:30:40,050][com.java.SeleniumDriver] [  860] - Action Type : waitforelement
[INFO ][2015-11-19 11:30:40,080][com.java.SeleniumDriver] [  869] -  RESULT true
[INFO ][2015-11-19 11:30:40,080][com.java.SeleniumDriver] [ 1074] - ?   P A S S   ?
[INFO ][2015-11-19 11:30:40,080][com.java.SeleniumDriver] [  796] - ------------------------------------------
[INFO ][2015-11-19 11:30:40,080][com.java.SeleniumDriver] [  797] - Test case being Executed: 6
[INFO ][2015-11-19 11:30:40,080][com.java.SeleniumDriver] [  808] - Test step:41
[INFO ][2015-11-19 11:30:40,080][com.java.SeleniumDriver] [  820] - Datavalue is----------null
[DEBUG][2015-11-19 11:30:40,080][com.java.SeleniumDriver] [  838] - Exception: null
[INFO ][2015-11-19 11:30:40,080][com.java.SeleniumDriver] [  844] - DataField : XPH//button[contains(text(), 'Save')]
[INFO ][2015-11-19 11:30:40,080][com.java.SeleniumDriver] [  846] - DataValue : 
[INFO ][2015-11-19 11:30:40,080][com.java.SeleniumDriver] [  852] - <In Set values of the page>
[INFO ][2015-11-19 11:30:40,080][com.java.SeleniumDriver] [  855] - {Data Fields & Data Values Exist}
[INFO ][2015-11-19 11:30:40,080][com.java.SeleniumDriver] [  857] - --------------------------setting values-----------------------------
[INFO ][2015-11-19 11:30:40,080][com.java.SeleniumDriver] [  860] - Action Type : ISDISABLED
[INFO ][2015-11-19 11:30:40,080][com.java.TestType] [ 6619] - field= XPH//button[contains(text(), 'Save')]
[INFO ][2015-11-19 11:30:40,140][com.java.SeleniumDriver] [  869] -  RESULT true
[INFO ][2015-11-19 11:30:40,140][com.java.SeleniumDriver] [ 1074] - ?   P A S S   ?
[INFO ][2015-11-19 11:30:40,140][com.java.SeleniumDriver] [  796] - ------------------------------------------
[INFO ][2015-11-19 11:30:40,140][com.java.SeleniumDriver] [  797] - Test case being Executed: 6
[INFO ][2015-11-19 11:30:40,140][com.java.SeleniumDriver] [  808] - Test step:42
[INFO ][2015-11-19 11:30:40,140][com.java.SeleniumDriver] [  820] - Datavalue is----------3
[INFO ][2015-11-19 11:30:40,140][com.java.SeleniumDriver] [  844] - DataField : XPH//select[contains(@class,'mber-select form-control')]
[INFO ][2015-11-19 11:30:40,140][com.java.SeleniumDriver] [  846] - DataValue : 3
[INFO ][2015-11-19 11:30:40,140][com.java.SeleniumDriver] [  852] - <In Set values of the page>
[INFO ][2015-11-19 11:30:40,140][com.java.SeleniumDriver] [  855] - {Data Fields & Data Values Exist}
[INFO ][2015-11-19 11:30:40,140][com.java.SeleniumDriver] [  857] - --------------------------setting values-----------------------------
[INFO ][2015-11-19 11:30:40,140][com.java.SeleniumDriver] [  860] - Action Type : waitforelement
[INFO ][2015-11-19 11:30:40,170][com.java.SeleniumDriver] [  869] -  RESULT true
[INFO ][2015-11-19 11:30:40,170][com.java.SeleniumDriver] [ 1074] - ?   P A S S   ?
[INFO ][2015-11-19 11:30:40,170][com.java.SeleniumDriver] [  796] - ------------------------------------------
[INFO ][2015-11-19 11:30:40,170][com.java.SeleniumDriver] [  797] - Test case being Executed: 6
[INFO ][2015-11-19 11:30:40,170][com.java.SeleniumDriver] [  808] - Test step:43
[INFO ][2015-11-19 11:30:40,170][com.java.SeleniumDriver] [  820] - Datavalue is----------null
[DEBUG][2015-11-19 11:30:40,170][com.java.SeleniumDriver] [  838] - Exception: null
[INFO ][2015-11-19 11:30:40,170][com.java.SeleniumDriver] [  844] - DataField : XPH//select[contains(@class,'mber-select form-control')]
[INFO ][2015-11-19 11:30:40,170][com.java.SeleniumDriver] [  846] - DataValue : 
[INFO ][2015-11-19 11:30:40,170][com.java.SeleniumDriver] [  852] - <In Set values of the page>
[INFO ][2015-11-19 11:30:40,170][com.java.SeleniumDriver] [  855] - {Data Fields & Data Values Exist}
[INFO ][2015-11-19 11:30:40,170][com.java.SeleniumDriver] [  857] - --------------------------setting values-----------------------------
[INFO ][2015-11-19 11:30:40,170][com.java.SeleniumDriver] [  860] - Action Type : click
[INFO ][2015-11-19 11:30:40,170][com.java.TestType] [ 4774] - Field ::XPH//select[contains(@class,'mber-select form-control')]
[INFO ][2015-11-19 11:30:41,170][com.java.TestType] [ 4833] - BEFORE CLICK
[INFO ][2015-11-19 11:30:42,030][com.java.TestType] [ 4841] - Unable to click the object dollar value dropdown
[INFO ][2015-11-19 11:30:42,030][com.java.SeleniumDriver] [  869] -  RESULT true
[INFO ][2015-11-19 11:30:42,030][com.java.SeleniumDriver] [ 1074] - ?   P A S S   ?
[INFO ][2015-11-19 11:30:42,030][com.java.SeleniumDriver] [  796] - ------------------------------------------
[INFO ][2015-11-19 11:30:42,030][com.java.SeleniumDriver] [  797] - Test case being Executed: 6
[INFO ][2015-11-19 11:30:42,030][com.java.SeleniumDriver] [  808] - Test step:44
[INFO ][2015-11-19 11:30:42,030][com.java.SeleniumDriver] [  820] - Datavalue is----------3
[INFO ][2015-11-19 11:30:42,030][com.java.SeleniumDriver] [  844] - DataField : XPH//select/option[contains(text(), 'Dollar ($)')]
[INFO ][2015-11-19 11:30:42,030][com.java.SeleniumDriver] [  846] - DataValue : 3
[INFO ][2015-11-19 11:30:42,030][com.java.SeleniumDriver] [  852] - <In Set values of the page>
[INFO ][2015-11-19 11:30:42,030][com.java.SeleniumDriver] [  855] - {Data Fields & Data Values Exist}
[INFO ][2015-11-19 11:30:42,030][com.java.SeleniumDriver] [  857] - --------------------------setting values-----------------------------
[INFO ][2015-11-19 11:30:42,030][com.java.SeleniumDriver] [  860] - Action Type : waitforelement
[INFO ][2015-11-19 11:30:42,061][com.java.SeleniumDriver] [  869] -  RESULT true
[INFO ][2015-11-19 11:30:42,061][com.java.SeleniumDriver] [ 1074] - ?   P A S S   ?
[INFO ][2015-11-19 11:30:42,061][com.java.SeleniumDriver] [  796] - ------------------------------------------
[INFO ][2015-11-19 11:30:42,061][com.java.SeleniumDriver] [  797] - Test case being Executed: 6
[INFO ][2015-11-19 11:30:42,061][com.java.SeleniumDriver] [  808] - Test step:45
[INFO ][2015-11-19 11:30:42,061][com.java.SeleniumDriver] [  820] - Datavalue is----------null
[DEBUG][2015-11-19 11:30:42,061][com.java.SeleniumDriver] [  838] - Exception: null
[INFO ][2015-11-19 11:30:42,061][com.java.SeleniumDriver] [  844] - DataField : XPH//select/option[contains(text(), 'Dollar ($)')]
[INFO ][2015-11-19 11:30:42,061][com.java.SeleniumDriver] [  846] - DataValue : 
[INFO ][2015-11-19 11:30:42,061][com.java.SeleniumDriver] [  852] - <In Set values of the page>
[INFO ][2015-11-19 11:30:42,061][com.java.SeleniumDriver] [  855] - {Data Fields & Data Values Exist}
[INFO ][2015-11-19 11:30:42,061][com.java.SeleniumDriver] [  857] - --------------------------setting values-----------------------------
[INFO ][2015-11-19 11:30:42,061][com.java.SeleniumDriver] [  860] - Action Type : click
[INFO ][2015-11-19 11:30:42,061][com.java.TestType] [ 4774] - Field ::XPH//select/option[contains(text(), 'Dollar ($)')]
[INFO ][2015-11-19 11:30:43,061][com.java.TestType] [ 4833] - BEFORE CLICK
[INFO ][2015-11-19 11:30:43,801][com.java.TestType] [ 4841] - Unable to click the object dollar value dropdown
[INFO ][2015-11-19 11:30:43,801][com.java.SeleniumDriver] [  869] -  RESULT true
[INFO ][2015-11-19 11:30:43,801][com.java.SeleniumDriver] [ 1074] - ?   P A S S   ?
[INFO ][2015-11-19 11:30:43,801][com.java.SeleniumDriver] [  796] - ------------------------------------------
[INFO ][2015-11-19 11:30:43,801][com.java.SeleniumDriver] [  797] - Test case being Executed: 6
[INFO ][2015-11-19 11:30:43,801][com.java.SeleniumDriver] [  808] - Test step:46
[INFO ][2015-11-19 11:30:43,801][com.java.SeleniumDriver] [  820] - Datavalue is----------RNDA_VLTest
[INFO ][2015-11-19 11:30:43,801][com.java.SeleniumDriver] [  844] - DataField : TXT//input[contains(@placeholder, 'Name your Calcu')]
[INFO ][2015-11-19 11:30:43,801][com.java.SeleniumDriver] [  846] - DataValue : RNDA_VLTest
[INFO ][2015-11-19 11:30:43,801][com.java.SeleniumDriver] [  852] - <In Set values of the page>
[INFO ][2015-11-19 11:30:43,801][com.java.SeleniumDriver] [  855] - {Data Fields & Data Values Exist}
[INFO ][2015-11-19 11:30:43,801][com.java.SeleniumDriver] [  857] - --------------------------setting values-----------------------------
[INFO ][2015-11-19 11:30:43,801][com.java.SeleniumDriver] [  860] - Action Type : enter
[INFO ][2015-11-19 11:30:43,801][com.java.TestType] [ 5094] - field = //input[contains(@placeholder, 'Name your Calcu')]
[INFO ][2015-11-19 11:30:43,801][com.java.TestType] [ 4461] - value = A_VLTest81317
[INFO ][2015-11-19 11:30:44,912][com.java.SeleniumDriver] [  869] -  RESULT true
[INFO ][2015-11-19 11:30:44,912][com.java.SeleniumDriver] [ 1074] - ?   P A S S   ?
[INFO ][2015-11-19 11:30:44,912][com.java.SeleniumDriver] [  796] - ------------------------------------------
[INFO ][2015-11-19 11:30:44,912][com.java.SeleniumDriver] [  797] - Test case being Executed: 6
[INFO ][2015-11-19 11:30:44,912][com.java.SeleniumDriver] [  808] - Test step:47
[INFO ][2015-11-19 11:30:44,912][com.java.SeleniumDriver] [  820] - Datavalue is----------Cal_Using_Precustoms
[INFO ][2015-11-19 11:30:44,912][com.java.SeleniumDriver] [  844] - DataField : TXT//input[contains(@placeholder, 'Name your Calcu')]
[INFO ][2015-11-19 11:30:44,912][com.java.SeleniumDriver] [  846] - DataValue : Cal_Using_Precustoms
[INFO ][2015-11-19 11:30:44,912][com.java.SeleniumDriver] [  852] - <In Set values of the page>
[INFO ][2015-11-19 11:30:44,912][com.java.SeleniumDriver] [  855] - {Data Fields & Data Values Exist}
[INFO ][2015-11-19 11:30:44,912][com.java.SeleniumDriver] [  857] - --------------------------setting values-----------------------------
[INFO ][2015-11-19 11:30:44,912][com.java.SeleniumDriver] [  860] - Action Type : STOREVALUE
[INFO ][2015-11-19 11:30:44,912][com.java.TestType] [ 6694] - field= TXT//input[contains(@placeholder, 'Name your Calcu')]
[DEBUG][2015-11-19 11:30:44,983][com.java.TestType] [ 6708] - Key:: Cal_Using_Precustoms  Value:: A_VLTest81317
[INFO ][2015-11-19 11:30:44,983][com.java.SeleniumDriver] [  869] -  RESULT true
[INFO ][2015-11-19 11:30:44,983][com.java.SeleniumDriver] [ 1074] - ?   P A S S   ?
[INFO ][2015-11-19 11:30:44,983][com.java.SeleniumDriver] [  796] - ------------------------------------------
[INFO ][2015-11-19 11:30:44,983][com.java.SeleniumDriver] [  797] - Test case being Executed: 6
[INFO ][2015-11-19 11:30:44,983][com.java.SeleniumDriver] [  808] - Test step:48
[INFO ][2015-11-19 11:30:44,983][com.java.SeleniumDriver] [  820] - Datavalue is----------//div[@id='group-list']/ul/li[2]//a
[INFO ][2015-11-19 11:30:44,983][com.java.SeleniumDriver] [  844] - DataField : BTN
[INFO ][2015-11-19 11:30:44,983][com.java.SeleniumDriver] [  846] - DataValue : //div[@id='group-list']/ul/li[2]//a
[INFO ][2015-11-19 11:30:44,983][com.java.SeleniumDriver] [  852] - <In Set values of the page>
[INFO ][2015-11-19 11:30:44,983][com.java.SeleniumDriver] [  855] - {Data Fields & Data Values Exist}
[INFO ][2015-11-19 11:30:44,983][com.java.SeleniumDriver] [  857] - --------------------------setting values-----------------------------
[INFO ][2015-11-19 11:30:44,983][com.java.SeleniumDriver] [  860] - Action Type : verify
[INFO ][2015-11-19 11:30:44,983][com.java.TestType] [ 5568] - field= BTN value= //div[@id='group-list']/ul/li[2]//a
[INFO ][2015-11-19 11:30:44,983][com.java.TestType] [ 4461] - value = //div[@id='group-list']/ul/li[2]//a
[INFO ][2015-11-19 11:30:45,003][com.java.SeleniumDriver] [  869] -  RESULT true
[INFO ][2015-11-19 11:30:45,003][com.java.SeleniumDriver] [ 1074] - ?   P A S S   ?
[INFO ][2015-11-19 11:30:45,003][com.java.SeleniumDriver] [  796] - ------------------------------------------
[INFO ][2015-11-19 11:30:45,003][com.java.SeleniumDriver] [  797] - Test case being Executed: 6
[INFO ][2015-11-19 11:30:45,003][com.java.SeleniumDriver] [  808] - Test step:49
[INFO ][2015-11-19 11:30:45,003][com.java.SeleniumDriver] [  820] - Datavalue is----------null
[DEBUG][2015-11-19 11:30:45,003][com.java.SeleniumDriver] [  838] - Exception: null
[INFO ][2015-11-19 11:30:45,003][com.java.SeleniumDriver] [  844] - DataField : XPH//div[@id='group-list']/ul/li[2]//a
[INFO ][2015-11-19 11:30:45,003][com.java.SeleniumDriver] [  846] - DataValue : 
[INFO ][2015-11-19 11:30:45,003][com.java.SeleniumDriver] [  852] - <In Set values of the page>
[INFO ][2015-11-19 11:30:45,003][com.java.SeleniumDriver] [  855] - {Data Fields & Data Values Exist}
[INFO ][2015-11-19 11:30:45,003][com.java.SeleniumDriver] [  857] - --------------------------setting values-----------------------------
[INFO ][2015-11-19 11:30:45,003][com.java.SeleniumDriver] [  860] - Action Type : CLICK
[INFO ][2015-11-19 11:30:45,003][com.java.TestType] [ 4774] - Field ::XPH//div[@id='group-list']/ul/li[2]//a
[INFO ][2015-11-19 11:30:46,003][com.java.TestType] [ 4833] - BEFORE CLICK
[INFO ][2015-11-19 11:30:46,966][com.java.TestType] [ 4841] - Unable to click the object calculation name field
[INFO ][2015-11-19 11:30:46,966][com.java.SeleniumDriver] [  869] -  RESULT true
[INFO ][2015-11-19 11:30:46,966][com.java.SeleniumDriver] [ 1074] - ?   P A S S   ?
[INFO ][2015-11-19 11:30:46,966][com.java.SeleniumDriver] [  796] - ------------------------------------------
[INFO ][2015-11-19 11:30:46,966][com.java.SeleniumDriver] [  797] - Test case being Executed: 6
[INFO ][2015-11-19 11:30:46,966][com.java.SeleniumDriver] [  808] - Test step:50
[INFO ][2015-11-19 11:30:46,966][com.java.SeleniumDriver] [  820] - Datavalue is----------3
[INFO ][2015-11-19 11:30:46,966][com.java.SeleniumDriver] [  844] - DataField : XPH//a[contains(text(),'Non-Interest Bearing Deposits')]
[INFO ][2015-11-19 11:30:46,966][com.java.SeleniumDriver] [  846] - DataValue : 3
[INFO ][2015-11-19 11:30:46,966][com.java.SeleniumDriver] [  852] - <In Set values of the page>
[INFO ][2015-11-19 11:30:46,966][com.java.SeleniumDriver] [  855] - {Data Fields & Data Values Exist}
[INFO ][2015-11-19 11:30:46,966][com.java.SeleniumDriver] [  857] - --------------------------setting values-----------------------------
[INFO ][2015-11-19 11:30:46,966][com.java.SeleniumDriver] [  860] - Action Type : waitforelement
[INFO ][2015-11-19 11:30:47,007][com.java.SeleniumDriver] [  869] -  RESULT true
[INFO ][2015-11-19 11:30:47,007][com.java.SeleniumDriver] [ 1074] - ?   P A S S   ?
[INFO ][2015-11-19 11:30:47,007][com.java.SeleniumDriver] [  796] - ------------------------------------------
[INFO ][2015-11-19 11:30:47,007][com.java.SeleniumDriver] [  797] - Test case being Executed: 6
[INFO ][2015-11-19 11:30:47,007][com.java.SeleniumDriver] [  808] - Test step:51
[INFO ][2015-11-19 11:30:47,007][com.java.SeleniumDriver] [  820] - Datavalue is----------//div[contains(@class, 'expression ui-droppable')]/span
[INFO ][2015-11-19 11:30:47,007][com.java.SeleniumDriver] [  844] - DataField : //a[contains(text(),'Non-Interest Bearing Deposits')]
[INFO ][2015-11-19 11:30:47,007][com.java.SeleniumDriver] [  846] - DataValue : //div[contains(@class, 'expression ui-droppable')]/span
[INFO ][2015-11-19 11:30:47,007][com.java.SeleniumDriver] [  852] - <In Set values of the page>
[INFO ][2015-11-19 11:30:47,007][com.java.SeleniumDriver] [  855] - {Data Fields & Data Values Exist}
[INFO ][2015-11-19 11:30:47,007][com.java.SeleniumDriver] [  857] - --------------------------setting values-----------------------------
[INFO ][2015-11-19 11:30:47,007][com.java.SeleniumDriver] [  860] - Action Type : DRAGANDDROP
[INFO ][2015-11-19 11:30:47,927][com.java.SeleniumDriver] [  869] -  RESULT true
[INFO ][2015-11-19 11:30:47,927][com.java.SeleniumDriver] [ 1074] - ?   P A S S   ?
[INFO ][2015-11-19 11:30:47,927][com.java.SeleniumDriver] [  796] - ------------------------------------------
[INFO ][2015-11-19 11:30:47,927][com.java.SeleniumDriver] [  797] - Test case being Executed: 6
[INFO ][2015-11-19 11:30:47,927][com.java.SeleniumDriver] [  808] - Test step:52
[INFO ][2015-11-19 11:30:47,927][com.java.SeleniumDriver] [  820] - Datavalue is----------null
[DEBUG][2015-11-19 11:30:47,927][com.java.SeleniumDriver] [  838] - Exception: null
[INFO ][2015-11-19 11:30:47,927][com.java.SeleniumDriver] [  844] - DataField : XPH//button[text()='+']
[INFO ][2015-11-19 11:30:47,927][com.java.SeleniumDriver] [  846] - DataValue : 
[INFO ][2015-11-19 11:30:47,927][com.java.SeleniumDriver] [  852] - <In Set values of the page>
[INFO ][2015-11-19 11:30:47,927][com.java.SeleniumDriver] [  855] - {Data Fields & Data Values Exist}
[INFO ][2015-11-19 11:30:47,927][com.java.SeleniumDriver] [  857] - --------------------------setting values-----------------------------
[INFO ][2015-11-19 11:30:47,927][com.java.SeleniumDriver] [  860] - Action Type : click
[INFO ][2015-11-19 11:30:47,927][com.java.TestType] [ 4774] - Field ::XPH//button[text()='+']
[INFO ][2015-11-19 11:30:48,927][com.java.TestType] [ 4833] - BEFORE CLICK
[INFO ][2015-11-19 11:30:49,747][com.java.TestType] [ 4841] - Unable to click the object enter operator
[INFO ][2015-11-19 11:30:49,747][com.java.SeleniumDriver] [  869] -  RESULT true
[INFO ][2015-11-19 11:30:49,747][com.java.SeleniumDriver] [ 1074] - ?   P A S S   ?
[INFO ][2015-11-19 11:30:49,747][com.java.SeleniumDriver] [  796] - ------------------------------------------
[INFO ][2015-11-19 11:30:49,747][com.java.SeleniumDriver] [  797] - Test case being Executed: 6
[INFO ][2015-11-19 11:30:49,747][com.java.SeleniumDriver] [  808] - Test step:53
[INFO ][2015-11-19 11:30:49,747][com.java.SeleniumDriver] [  820] - Datavalue is----------//div[@class="ember-view alert alert-info expression ui-droppable"]
[INFO ][2015-11-19 11:30:49,747][com.java.SeleniumDriver] [  844] - DataField : //a[contains(text(),'Interest bearing demand deposits')]
[INFO ][2015-11-19 11:30:49,747][com.java.SeleniumDriver] [  846] - DataValue : //div[@class="ember-view alert alert-info expression ui-droppable"]
[INFO ][2015-11-19 11:30:49,747][com.java.SeleniumDriver] [  852] - <In Set values of the page>
[INFO ][2015-11-19 11:30:49,747][com.java.SeleniumDriver] [  855] - {Data Fields & Data Values Exist}
[INFO ][2015-11-19 11:30:49,747][com.java.SeleniumDriver] [  857] - --------------------------setting values-----------------------------
[INFO ][2015-11-19 11:30:49,747][com.java.SeleniumDriver] [  860] - Action Type : DRAGANDDROP
[INFO ][2015-11-19 11:30:50,420][com.java.SeleniumDriver] [  869] -  RESULT true
[INFO ][2015-11-19 11:30:50,420][com.java.SeleniumDriver] [ 1074] - ?   P A S S   ?
[INFO ][2015-11-19 11:30:50,420][com.java.SeleniumDriver] [  796] - ------------------------------------------
[INFO ][2015-11-19 11:30:50,420][com.java.SeleniumDriver] [  797] - Test case being Executed: 6
[INFO ][2015-11-19 11:30:50,420][com.java.SeleniumDriver] [  808] - Test step:54
[INFO ][2015-11-19 11:30:50,420][com.java.SeleniumDriver] [  820] - Datavalue is----------3
[INFO ][2015-11-19 11:30:50,420][com.java.SeleniumDriver] [  844] - DataField : XPH//button[contains(text(), 'Save')]
[INFO ][2015-11-19 11:30:50,420][com.java.SeleniumDriver] [  846] - DataValue : 3
[INFO ][2015-11-19 11:30:50,420][com.java.SeleniumDriver] [  852] - <In Set values of the page>
[INFO ][2015-11-19 11:30:50,420][com.java.SeleniumDriver] [  855] - {Data Fields & Data Values Exist}
[INFO ][2015-11-19 11:30:50,420][com.java.SeleniumDriver] [  857] - --------------------------setting values-----------------------------
[INFO ][2015-11-19 11:30:50,420][com.java.SeleniumDriver] [  860] - Action Type : waitforelement
[INFO ][2015-11-19 11:30:50,470][com.java.SeleniumDriver] [  869] -  RESULT true
[INFO ][2015-11-19 11:30:50,470][com.java.SeleniumDriver] [ 1074] - ?   P A S S   ?
[INFO ][2015-11-19 11:30:50,470][com.java.SeleniumDriver] [  796] - ------------------------------------------
[INFO ][2015-11-19 11:30:50,470][com.java.SeleniumDriver] [  797] - Test case being Executed: 6
[INFO ][2015-11-19 11:30:50,470][com.java.SeleniumDriver] [  808] - Test step:55
[INFO ][2015-11-19 11:30:50,470][com.java.SeleniumDriver] [  820] - Datavalue is----------null
[DEBUG][2015-11-19 11:30:50,470][com.java.SeleniumDriver] [  838] - Exception: null
[INFO ][2015-11-19 11:30:50,470][com.java.SeleniumDriver] [  844] - DataField : XPH//button[contains(text(), 'Save')]
[INFO ][2015-11-19 11:30:50,470][com.java.SeleniumDriver] [  846] - DataValue : 
[INFO ][2015-11-19 11:30:50,470][com.java.SeleniumDriver] [  852] - <In Set values of the page>
[INFO ][2015-11-19 11:30:50,470][com.java.SeleniumDriver] [  855] - {Data Fields & Data Values Exist}
[INFO ][2015-11-19 11:30:50,470][com.java.SeleniumDriver] [  857] - --------------------------setting values-----------------------------
[INFO ][2015-11-19 11:30:50,470][com.java.SeleniumDriver] [  860] - Action Type : ISENABLED
[INFO ][2015-11-19 11:30:50,470][com.java.TestType] [ 6655] - field= XPH//button[contains(text(), 'Save')]
[INFO ][2015-11-19 11:30:50,530][com.java.SeleniumDriver] [  869] -  RESULT true
[INFO ][2015-11-19 11:30:50,530][com.java.SeleniumDriver] [ 1074] - ?   P A S S   ?
[INFO ][2015-11-19 11:30:50,530][com.java.SeleniumDriver] [  796] - ------------------------------------------
[INFO ][2015-11-19 11:30:50,530][com.java.SeleniumDriver] [  797] - Test case being Executed: 6
[INFO ][2015-11-19 11:30:50,530][com.java.SeleniumDriver] [  808] - Test step:56
[INFO ][2015-11-19 11:30:50,530][com.java.SeleniumDriver] [  820] - Datavalue is----------null
[DEBUG][2015-11-19 11:30:50,530][com.java.SeleniumDriver] [  838] - Exception: null
[INFO ][2015-11-19 11:30:50,530][com.java.SeleniumDriver] [  844] - DataField : XPH//button[contains(text(), 'Save')]
[INFO ][2015-11-19 11:30:50,530][com.java.SeleniumDriver] [  846] - DataValue : 
[INFO ][2015-11-19 11:30:50,530][com.java.SeleniumDriver] [  852] - <In Set values of the page>
[INFO ][2015-11-19 11:30:50,530][com.java.SeleniumDriver] [  855] - {Data Fields & Data Values Exist}
[INFO ][2015-11-19 11:30:50,530][com.java.SeleniumDriver] [  857] - --------------------------setting values-----------------------------
[INFO ][2015-11-19 11:30:50,530][com.java.SeleniumDriver] [  860] - Action Type : click
[INFO ][2015-11-19 11:30:50,530][com.java.TestType] [ 4774] - Field ::XPH//button[contains(text(), 'Save')]
[INFO ][2015-11-19 11:30:51,531][com.java.TestType] [ 4833] - BEFORE CLICK
[INFO ][2015-11-19 11:30:52,326][com.java.TestType] [ 4841] - Unable to click the object save button
[INFO ][2015-11-19 11:30:52,326][com.java.SeleniumDriver] [  869] -  RESULT true
[INFO ][2015-11-19 11:30:52,326][com.java.SeleniumDriver] [ 1074] - ?   P A S S   ?
[INFO ][2015-11-19 11:30:52,326][com.java.SeleniumDriver] [  796] - ------------------------------------------
[INFO ][2015-11-19 11:30:52,326][com.java.SeleniumDriver] [  797] - Test case being Executed: 6
[INFO ][2015-11-19 11:30:52,326][com.java.SeleniumDriver] [  808] - Test step:57
[INFO ][2015-11-19 11:30:52,326][com.java.SeleniumDriver] [  820] - Datavalue is----------3
[INFO ][2015-11-19 11:30:52,326][com.java.SeleniumDriver] [  844] - DataField : XPH//a[contains(text(), 'Add Calculation')]
[INFO ][2015-11-19 11:30:52,326][com.java.SeleniumDriver] [  846] - DataValue : 3
[INFO ][2015-11-19 11:30:52,326][com.java.SeleniumDriver] [  852] - <In Set values of the page>
[INFO ][2015-11-19 11:30:52,326][com.java.SeleniumDriver] [  855] - {Data Fields & Data Values Exist}
[INFO ][2015-11-19 11:30:52,326][com.java.SeleniumDriver] [  857] - --------------------------setting values-----------------------------
[INFO ][2015-11-19 11:30:52,326][com.java.SeleniumDriver] [  860] - Action Type : waitforelement
[INFO ][2015-11-19 11:30:52,357][com.java.SeleniumDriver] [  869] -  RESULT true
[INFO ][2015-11-19 11:30:52,357][com.java.SeleniumDriver] [ 1074] - ?   P A S S   ?
[INFO ][2015-11-19 11:30:52,357][com.java.SeleniumDriver] [  796] - ------------------------------------------
[INFO ][2015-11-19 11:30:52,357][com.java.SeleniumDriver] [  797] - Test case being Executed: 6
[INFO ][2015-11-19 11:30:52,357][com.java.SeleniumDriver] [  808] - Test step:58
[INFO ][2015-11-19 11:30:52,357][com.java.SeleniumDriver] [  820] - Datavalue is----------HMVCal_Using_Precustoms
[INFO ][2015-11-19 11:30:52,357][com.java.SeleniumDriver] [  844] - DataField : MSG
[INFO ][2015-11-19 11:30:52,357][com.java.SeleniumDriver] [  846] - DataValue : HMVCal_Using_Precustoms
[INFO ][2015-11-19 11:30:52,357][com.java.SeleniumDriver] [  852] - <In Set values of the page>
[INFO ][2015-11-19 11:30:52,357][com.java.SeleniumDriver] [  855] - {Data Fields & Data Values Exist}
[INFO ][2015-11-19 11:30:52,357][com.java.SeleniumDriver] [  857] - --------------------------setting values-----------------------------
[INFO ][2015-11-19 11:30:52,357][com.java.SeleniumDriver] [  860] - Action Type : verify
[INFO ][2015-11-19 11:30:52,357][com.java.TestType] [ 5568] - field= MSG value= HMVCal_Using_Precustoms
[INFO ][2015-11-19 11:30:52,357][com.java.TestType] [ 4461] - value = A_VLTest81317
[DEBUG][2015-11-19 11:30:52,357][com.java.TestType] [ 6337] - value :: A_VLTest81317
[INFO ][2015-11-19 11:30:52,377][com.java.SeleniumDriver] [  869] -  RESULT true
[INFO ][2015-11-19 11:30:52,377][com.java.SeleniumDriver] [ 1074] - ?   P A S S   ?
[INFO ][2015-11-19 11:30:52,377][com.java.SeleniumDriver] [  796] - ------------------------------------------
[INFO ][2015-11-19 11:30:52,377][com.java.SeleniumDriver] [  797] - Test case being Executed: 6
[INFO ][2015-11-19 11:30:52,377][com.java.SeleniumDriver] [  808] - Test step:59
[INFO ][2015-11-19 11:30:52,377][com.java.SeleniumDriver] [  820] - Datavalue is----------null
[DEBUG][2015-11-19 11:30:52,377][com.java.SeleniumDriver] [  838] - Exception: null
[INFO ][2015-11-19 11:30:52,377][com.java.SeleniumDriver] [  844] - DataField : BTNparent
[INFO ][2015-11-19 11:30:52,377][com.java.SeleniumDriver] [  846] - DataValue : 
[INFO ][2015-11-19 11:30:52,377][com.java.SeleniumDriver] [  852] - <In Set values of the page>
[INFO ][2015-11-19 11:30:52,377][com.java.SeleniumDriver] [  855] - {Data Fields & Data Values Exist}
[INFO ][2015-11-19 11:30:52,377][com.java.SeleniumDriver] [  857] - --------------------------setting values-----------------------------
[INFO ][2015-11-19 11:30:52,377][com.java.SeleniumDriver] [  860] - Action Type : SELECTFRAME
[INFO ][2015-11-19 11:30:52,387][com.java.SeleniumDriver] [  869] -  RESULT true
[INFO ][2015-11-19 11:30:52,387][com.java.SeleniumDriver] [ 1074] - ?   P A S S   ?
[INFO ][2015-11-19 11:30:52,387][com.java.SeleniumDriver] [  796] - ------------------------------------------
[INFO ][2015-11-19 11:30:52,387][com.java.SeleniumDriver] [  797] - Test case being Executed: 6
[INFO ][2015-11-19 11:30:52,387][com.java.SeleniumDriver] [  808] - Test step:60
[INFO ][2015-11-19 11:30:52,387][com.java.SeleniumDriver] [  820] - Datavalue is----------CNS
[INFO ][2015-11-19 11:30:52,387][com.java.SeleniumDriver] [  844] - DataField : BNK//select[@id='bank']
[INFO ][2015-11-19 11:30:52,387][com.java.SeleniumDriver] [  846] - DataValue : CNS
[INFO ][2015-11-19 11:30:52,387][com.java.SeleniumDriver] [  852] - <In Set values of the page>
[INFO ][2015-11-19 11:30:52,387][com.java.SeleniumDriver] [  855] - {Data Fields & Data Values Exist}
[INFO ][2015-11-19 11:30:52,387][com.java.SeleniumDriver] [  857] - --------------------------setting values-----------------------------
[INFO ][2015-11-19 11:30:52,387][com.java.SeleniumDriver] [  860] - Action Type : SELECT
[INFO ][2015-11-19 11:30:52,387][com.java.TestType] [ 4461] - value = CNS
[INFO ][2015-11-19 11:30:52,772][com.java.SeleniumDriver] [  869] -  RESULT true
[INFO ][2015-11-19 11:30:52,772][com.java.SeleniumDriver] [ 1074] - ?   P A S S   ?
[INFO ][2015-11-19 11:30:52,772][com.java.SeleniumDriver] [  796] - ------------------------------------------
[INFO ][2015-11-19 11:30:52,772][com.java.SeleniumDriver] [  797] - Test case being Executed: 6
[INFO ][2015-11-19 11:30:52,772][com.java.SeleniumDriver] [  808] - Test step:61
[INFO ][2015-11-19 11:30:52,772][com.java.SeleniumDriver] [  820] - Datavalue is----------3
[INFO ][2015-11-19 11:30:52,772][com.java.SeleniumDriver] [  844] - DataField : XPH//div[contains(text(),'My Dashboard')]
[INFO ][2015-11-19 11:30:52,772][com.java.SeleniumDriver] [  846] - DataValue : 3
[INFO ][2015-11-19 11:30:52,772][com.java.SeleniumDriver] [  852] - <In Set values of the page>
[INFO ][2015-11-19 11:30:52,772][com.java.SeleniumDriver] [  855] - {Data Fields & Data Values Exist}
[INFO ][2015-11-19 11:30:52,772][com.java.SeleniumDriver] [  857] - --------------------------setting values-----------------------------
[INFO ][2015-11-19 11:30:52,772][com.java.SeleniumDriver] [  860] - Action Type : waitforelement
[INFO ][2015-11-19 11:30:52,845][com.java.SeleniumDriver] [  869] -  RESULT true
[INFO ][2015-11-19 11:30:52,845][com.java.SeleniumDriver] [ 1074] - ?   P A S S   ?
[INFO ][2015-11-19 11:30:52,845][com.java.SeleniumDriver] [  796] - ------------------------------------------
[INFO ][2015-11-19 11:30:52,845][com.java.SeleniumDriver] [  797] - Test case being Executed: 6
[INFO ][2015-11-19 11:30:52,845][com.java.SeleniumDriver] [  808] - Test step:62
[INFO ][2015-11-19 11:30:52,845][com.java.SeleniumDriver] [  820] - Datavalue is----------My Dashboard
[INFO ][2015-11-19 11:30:52,845][com.java.SeleniumDriver] [  844] - DataField : MSG
[INFO ][2015-11-19 11:30:52,845][com.java.SeleniumDriver] [  846] - DataValue : My Dashboard
[INFO ][2015-11-19 11:30:52,845][com.java.SeleniumDriver] [  852] - <In Set values of the page>
[INFO ][2015-11-19 11:30:52,845][com.java.SeleniumDriver] [  855] - {Data Fields & Data Values Exist}
[INFO ][2015-11-19 11:30:52,845][com.java.SeleniumDriver] [  857] - --------------------------setting values-----------------------------
[INFO ][2015-11-19 11:30:52,845][com.java.SeleniumDriver] [  860] - Action Type : Verify
[INFO ][2015-11-19 11:30:52,845][com.java.TestType] [ 5568] - field= MSG value= My Dashboard
[INFO ][2015-11-19 11:30:52,845][com.java.TestType] [ 4461] - value = My Dashboard
[DEBUG][2015-11-19 11:30:52,845][com.java.TestType] [ 6337] - value :: My Dashboard
[INFO ][2015-11-19 11:30:52,925][com.java.SeleniumDriver] [  869] -  RESULT true
[INFO ][2015-11-19 11:30:52,925][com.java.SeleniumDriver] [ 1074] - ?   P A S S   ?
[INFO ][2015-11-19 11:30:52,925][com.java.SeleniumDriver] [  796] - ------------------------------------------
[INFO ][2015-11-19 11:30:52,925][com.java.SeleniumDriver] [  797] - Test case being Executed: 6
[INFO ][2015-11-19 11:30:52,925][com.java.SeleniumDriver] [  808] - Test step:63
[INFO ][2015-11-19 11:30:52,925][com.java.SeleniumDriver] [  820] - Datavalue is----------null
[DEBUG][2015-11-19 11:30:52,925][com.java.SeleniumDriver] [  838] - Exception: null
[INFO ][2015-11-19 11:30:52,925][com.java.SeleniumDriver] [  844] - DataField : //span[@class='icon-hammer']&&//a[text()='Custom Calculations']
[INFO ][2015-11-19 11:30:52,925][com.java.SeleniumDriver] [  846] - DataValue : 
[INFO ][2015-11-19 11:30:52,925][com.java.SeleniumDriver] [  852] - <In Set values of the page>
[INFO ][2015-11-19 11:30:52,925][com.java.SeleniumDriver] [  855] - {Data Fields & Data Values Exist}
[INFO ][2015-11-19 11:30:52,925][com.java.SeleniumDriver] [  857] - --------------------------setting values-----------------------------
[INFO ][2015-11-19 11:30:52,925][com.java.SeleniumDriver] [  860] - Action Type : MOUSEOVER
[INFO ][2015-11-19 11:31:38,434][com.java.SeleniumDriver] [  869] -  RESULT true
[INFO ][2015-11-19 11:31:38,434][com.java.SeleniumDriver] [ 1074] - ?   P A S S   ?
[INFO ][2015-11-19 11:31:38,434][com.java.SeleniumDriver] [  796] - ------------------------------------------
[INFO ][2015-11-19 11:31:38,434][com.java.SeleniumDriver] [  797] - Test case being Executed: 6
[INFO ][2015-11-19 11:31:38,434][com.java.SeleniumDriver] [  808] - Test step:64
[INFO ][2015-11-19 11:31:38,434][com.java.SeleniumDriver] [  820] - Datavalue is----------null
[DEBUG][2015-11-19 11:31:38,434][com.java.SeleniumDriver] [  838] - Exception: null
[INFO ][2015-11-19 11:31:38,434][com.java.SeleniumDriver] [  844] - DataField : BTN//iframe[@class='frameTabContent']
[INFO ][2015-11-19 11:31:38,434][com.java.SeleniumDriver] [  846] - DataValue : 
[INFO ][2015-11-19 11:31:38,434][com.java.SeleniumDriver] [  852] - <In Set values of the page>
[INFO ][2015-11-19 11:31:38,434][com.java.SeleniumDriver] [  855] - {Data Fields & Data Values Exist}
[INFO ][2015-11-19 11:31:38,434][com.java.SeleniumDriver] [  857] - --------------------------setting values-----------------------------
[INFO ][2015-11-19 11:31:38,434][com.java.SeleniumDriver] [  860] - Action Type : SELECTFRAME
[INFO ][2015-11-19 11:31:38,595][com.java.SeleniumDriver] [  869] -  RESULT true
[INFO ][2015-11-19 11:31:38,595][com.java.SeleniumDriver] [ 1074] - ?   P A S S   ?
[INFO ][2015-11-19 11:31:38,595][com.java.SeleniumDriver] [  796] - ------------------------------------------
[INFO ][2015-11-19 11:31:38,595][com.java.SeleniumDriver] [  797] - Test case being Executed: 6
[INFO ][2015-11-19 11:31:38,595][com.java.SeleniumDriver] [  808] - Test step:65
[INFO ][2015-11-19 11:31:38,595][com.java.SeleniumDriver] [  820] - Datavalue is----------Custom Calculations
[INFO ][2015-11-19 11:31:38,595][com.java.SeleniumDriver] [  844] - DataField : MSG
[INFO ][2015-11-19 11:31:38,595][com.java.SeleniumDriver] [  846] - DataValue : Custom Calculations
[INFO ][2015-11-19 11:31:38,595][com.java.SeleniumDriver] [  852] - <In Set values of the page>
[INFO ][2015-11-19 11:31:38,595][com.java.SeleniumDriver] [  855] - {Data Fields & Data Values Exist}
[INFO ][2015-11-19 11:31:38,595][com.java.SeleniumDriver] [  857] - --------------------------setting values-----------------------------
[INFO ][2015-11-19 11:31:38,595][com.java.SeleniumDriver] [  860] - Action Type : Verify
[INFO ][2015-11-19 11:31:38,595][com.java.TestType] [ 5568] - field= MSG value= Custom Calculations
[INFO ][2015-11-19 11:31:38,595][com.java.TestType] [ 4461] - value = Custom Calculations
[DEBUG][2015-11-19 11:31:38,595][com.java.TestType] [ 6337] - value :: Custom Calculations
[INFO ][2015-11-19 11:31:38,615][com.java.SeleniumDriver] [  869] -  RESULT true
[INFO ][2015-11-19 11:31:38,615][com.java.SeleniumDriver] [ 1074] - ?   P A S S   ?
[INFO ][2015-11-19 11:31:38,615][com.java.SeleniumDriver] [  796] - ------------------------------------------
[INFO ][2015-11-19 11:31:38,615][com.java.SeleniumDriver] [  797] - Test case being Executed: 6
[INFO ][2015-11-19 11:31:38,615][com.java.SeleniumDriver] [  808] - Test step:66
[INFO ][2015-11-19 11:31:38,615][com.java.SeleniumDriver] [  820] - Datavalue is----------A_VLTest
[INFO ][2015-11-19 11:31:38,615][com.java.SeleniumDriver] [  844] - DataField : MSG
[INFO ][2015-11-19 11:31:38,615][com.java.SeleniumDriver] [  846] - DataValue : A_VLTest
[INFO ][2015-11-19 11:31:38,615][com.java.SeleniumDriver] [  852] - <In Set values of the page>
[INFO ][2015-11-19 11:31:38,615][com.java.SeleniumDriver] [  855] - {Data Fields & Data Values Exist}
[INFO ][2015-11-19 11:31:38,615][com.java.SeleniumDriver] [  857] - --------------------------setting values-----------------------------
[INFO ][2015-11-19 11:31:38,615][com.java.SeleniumDriver] [  860] - Action Type : VERIFYNOTPRESENT
[INFO ][2015-11-19 11:31:38,615][com.java.TestType] [ 6970] - field= MSG value= A_VLTest
[INFO ][2015-11-19 11:31:38,625][com.java.SeleniumDriver] [  869] -  RESULT true
[INFO ][2015-11-19 11:31:38,625][com.java.SeleniumDriver] [ 1074] - ?   P A S S   ?
[DEBUG][2015-11-19 11:31:38,625][com.java.SeleniumDriver] [ 1176] - Case found
[DEBUG][2015-11-19 11:31:38,625][com.java.SeleniumDriver] [ 1181] - Incrementing ReportCounters[0]:2
[INFO ][2015-11-19 11:31:38,625][com.java.SeleniumDriver] [ 1200] - The results are-------------------[6, 1, Add Custom Calculation, Pass, , Thu Nov 19 11:29:44 IST 2015, 6, 3, Add Custom Calculation, Pass, , Thu Nov 19 11:29:50 IST 2015, 6, 4, Add Custom Calculation, Pass, , Thu Nov 19 11:30:18 IST 2015, 6, 5, Add Custom Calculation, Pass, , Thu Nov 19 11:30:18 IST 2015, 6, 6, Add Custom Calculation, Pass, , Thu Nov 19 11:30:19 IST 2015, 6, 7, Add Custom Calculation, Pass, , Thu Nov 19 11:30:19 IST 2015, 6, 8, Add Custom Calculation, Pass, , Thu Nov 19 11:30:19 IST 2015, 6, 9, Add Custom Calculation, Pass, , Thu Nov 19 11:30:19 IST 2015, 6, 10, Add Custom Calculation, Pass, , Thu Nov 19 11:30:20 IST 2015, 6, 11, Add Custom Calculation, Pass, , Thu Nov 19 11:30:20 IST 2015, 6, 12, Add Custom Calculation, Pass, , Thu Nov 19 11:30:21 IST 2015, 6, 13, Add Custom Calculation, Pass, , Thu Nov 19 11:30:21 IST 2015, 6, 14, Add Custom Calculation, Pass, , Thu Nov 19 11:30:23 IST 2015, 6, 15, Add Custom Calculation, Pass, , Thu Nov 19 11:30:23 IST 2015, 6, 16, Add Custom Calculation, Pass, , Thu Nov 19 11:30:25 IST 2015, 6, 17, Add Custom Calculation, Pass, , Thu Nov 19 11:30:26 IST 2015, 6, 18, Add Custom Calculation, Pass, , Thu Nov 19 11:30:26 IST 2015, 6, 19, Add Custom Calculation, Pass, , Thu Nov 19 11:30:26 IST 2015, 6, 20, Add Custom Calculation, Pass, , Thu Nov 19 11:30:26 IST 2015, 6, 21, Add Custom Calculation, Pass, , Thu Nov 19 11:30:26 IST 2015, 6, 22, Add Custom Calculation, Pass, , Thu Nov 19 11:30:28 IST 2015, 6, 23, Add Custom Calculation, Pass, , Thu Nov 19 11:30:28 IST 2015, 6, 24, Add Custom Calculation, Pass, , Thu Nov 19 11:30:30 IST 2015, 6, 25, Add Custom Calculation, Pass, , Thu Nov 19 11:30:31 IST 2015, 6, 26, Add Custom Calculation, Pass, , Thu Nov 19 11:30:31 IST 2015, 6, 27, Add Custom Calculation, Pass, , Thu Nov 19 11:30:32 IST 2015, 6, 28, Add Custom Calculation, Pass, , Thu Nov 19 11:30:32 IST 2015, 6, 29, Add Custom Calculation, Pass, , Thu Nov 19 11:30:34 IST 2015, 6, 30, Add Custom Calculation, Pass, , Thu Nov 19 11:30:34 IST 2015, 6, 31, Add Custom Calculation, Pass, , Thu Nov 19 11:30:35 IST 2015, 6, 32, Add Custom Calculation, Pass, , Thu Nov 19 11:30:35 IST 2015, 6, 33, Add Custom Calculation, Pass, , Thu Nov 19 11:30:36 IST 2015, 6, 34, Add Custom Calculation, Pass, , Thu Nov 19 11:30:36 IST 2015, 6, 35, Add Custom Calculation, Pass, , Thu Nov 19 11:30:36 IST 2015, 6, 36, Add Custom Calculation, Pass, , Thu Nov 19 11:30:38 IST 2015, 6, 37, Add Custom Calculation, Pass, , Thu Nov 19 11:30:38 IST 2015, 6, 38, Add Custom Calculation, Pass, , Thu Nov 19 11:30:38 IST 2015, 6, 39, Add Custom Calculation, Pass, , Thu Nov 19 11:30:40 IST 2015, 6, 40, Add Custom Calculation, Pass, , Thu Nov 19 11:30:40 IST 2015, 6, 41, Add Custom Calculation, Pass, , Thu Nov 19 11:30:40 IST 2015, 6, 42, Add Custom Calculation, Pass, , Thu Nov 19 11:30:40 IST 2015, 6, 43, Add Custom Calculation, Pass, , Thu Nov 19 11:30:42 IST 2015, 6, 44, Add Custom Calculation, Pass, , Thu Nov 19 11:30:42 IST 2015, 6, 45, Add Custom Calculation, Pass, , Thu Nov 19 11:30:43 IST 2015, 6, 46, Add Custom Calculation, Pass, , Thu Nov 19 11:30:44 IST 2015, 6, 47, Add Custom Calculation, Pass, , Thu Nov 19 11:30:44 IST 2015, 6, 48, Add Custom Calculation, Pass, , Thu Nov 19 11:30:45 IST 2015, 6, 49, Add Custom Calculation, Pass, , Thu Nov 19 11:30:46 IST 2015, 6, 50, Add Custom Calculation, Pass, , Thu Nov 19 11:30:47 IST 2015, 6, 51, Add Custom Calculation, Pass, , Thu Nov 19 11:30:47 IST 2015, 6, 52, Add Custom Calculation, Pass, , Thu Nov 19 11:30:49 IST 2015, 6, 53, Add Custom Calculation, Pass, , Thu Nov 19 11:30:50 IST 2015, 6, 54, Add Custom Calculation, Pass, , Thu Nov 19 11:30:50 IST 2015, 6, 55, Add Custom Calculation, Pass, , Thu Nov 19 11:30:50 IST 2015, 6, 56, Add Custom Calculation, Pass, , Thu Nov 19 11:30:52 IST 2015, 6, 57, Add Custom Calculation, Pass, , Thu Nov 19 11:30:52 IST 2015, 6, 58, Add Custom Calculation, Pass, , Thu Nov 19 11:30:52 IST 2015, 6, 59, Add Custom Calculation, Pass, , Thu Nov 19 11:30:52 IST 2015, 6, 60, Add Custom Calculation, Pass, , Thu Nov 19 11:30:52 IST 2015, 6, 61, Add Custom Calculation, Pass, , Thu Nov 19 11:30:52 IST 2015, 6, 62, Add Custom Calculation, Pass, , Thu Nov 19 11:30:52 IST 2015, 6, 63, Add Custom Calculation, Pass, , Thu Nov 19 11:31:38 IST 2015, 6, 64, Add Custom Calculation, Pass, , Thu Nov 19 11:31:38 IST 2015, 6, 65, Add Custom Calculation, Pass, , Thu Nov 19 11:31:38 IST 2015, 6, 66, Add Custom Calculation, Pass, , Thu Nov 19 11:31:38 IST 2015]
[INFO ][2015-11-19 11:31:38,625][com.java.SeleniumDriver] [ 1204] - End time is-------4 min 5 sec
[INFO ][2015-11-19 11:31:38,625][com.java.SeleniumDriver] [ 1205] - The results are-------------------[6, 1, Add Custom Calculation, Pass, , Thu Nov 19 11:29:44 IST 2015, 6, 3, Add Custom Calculation, Pass, , Thu Nov 19 11:29:50 IST 2015, 6, 4, Add Custom Calculation, Pass, , Thu Nov 19 11:30:18 IST 2015, 6, 5, Add Custom Calculation, Pass, , Thu Nov 19 11:30:18 IST 2015, 6, 6, Add Custom Calculation, Pass, , Thu Nov 19 11:30:19 IST 2015, 6, 7, Add Custom Calculation, Pass, , Thu Nov 19 11:30:19 IST 2015, 6, 8, Add Custom Calculation, Pass, , Thu Nov 19 11:30:19 IST 2015, 6, 9, Add Custom Calculation, Pass, , Thu Nov 19 11:30:19 IST 2015, 6, 10, Add Custom Calculation, Pass, , Thu Nov 19 11:30:20 IST 2015, 6, 11, Add Custom Calculation, Pass, , Thu Nov 19 11:30:20 IST 2015, 6, 12, Add Custom Calculation, Pass, , Thu Nov 19 11:30:21 IST 2015, 6, 13, Add Custom Calculation, Pass, , Thu Nov 19 11:30:21 IST 2015, 6, 14, Add Custom Calculation, Pass, , Thu Nov 19 11:30:23 IST 2015, 6, 15, Add Custom Calculation, Pass, , Thu Nov 19 11:30:23 IST 2015, 6, 16, Add Custom Calculation, Pass, , Thu Nov 19 11:30:25 IST 2015, 6, 17, Add Custom Calculation, Pass, , Thu Nov 19 11:30:26 IST 2015, 6, 18, Add Custom Calculation, Pass, , Thu Nov 19 11:30:26 IST 2015, 6, 19, Add Custom Calculation, Pass, , Thu Nov 19 11:30:26 IST 2015, 6, 20, Add Custom Calculation, Pass, , Thu Nov 19 11:30:26 IST 2015, 6, 21, Add Custom Calculation, Pass, , Thu Nov 19 11:30:26 IST 2015, 6, 22, Add Custom Calculation, Pass, , Thu Nov 19 11:30:28 IST 2015, 6, 23, Add Custom Calculation, Pass, , Thu Nov 19 11:30:28 IST 2015, 6, 24, Add Custom Calculation, Pass, , Thu Nov 19 11:30:30 IST 2015, 6, 25, Add Custom Calculation, Pass, , Thu Nov 19 11:30:31 IST 2015, 6, 26, Add Custom Calculation, Pass, , Thu Nov 19 11:30:31 IST 2015, 6, 27, Add Custom Calculation, Pass, , Thu Nov 19 11:30:32 IST 2015, 6, 28, Add Custom Calculation, Pass, , Thu Nov 19 11:30:32 IST 2015, 6, 29, Add Custom Calculation, Pass, , Thu Nov 19 11:30:34 IST 2015, 6, 30, Add Custom Calculation, Pass, , Thu Nov 19 11:30:34 IST 2015, 6, 31, Add Custom Calculation, Pass, , Thu Nov 19 11:30:35 IST 2015, 6, 32, Add Custom Calculation, Pass, , Thu Nov 19 11:30:35 IST 2015, 6, 33, Add Custom Calculation, Pass, , Thu Nov 19 11:30:36 IST 2015, 6, 34, Add Custom Calculation, Pass, , Thu Nov 19 11:30:36 IST 2015, 6, 35, Add Custom Calculation, Pass, , Thu Nov 19 11:30:36 IST 2015, 6, 36, Add Custom Calculation, Pass, , Thu Nov 19 11:30:38 IST 2015, 6, 37, Add Custom Calculation, Pass, , Thu Nov 19 11:30:38 IST 2015, 6, 38, Add Custom Calculation, Pass, , Thu Nov 19 11:30:38 IST 2015, 6, 39, Add Custom Calculation, Pass, , Thu Nov 19 11:30:40 IST 2015, 6, 40, Add Custom Calculation, Pass, , Thu Nov 19 11:30:40 IST 2015, 6, 41, Add Custom Calculation, Pass, , Thu Nov 19 11:30:40 IST 2015, 6, 42, Add Custom Calculation, Pass, , Thu Nov 19 11:30:40 IST 2015, 6, 43, Add Custom Calculation, Pass, , Thu Nov 19 11:30:42 IST 2015, 6, 44, Add Custom Calculation, Pass, , Thu Nov 19 11:30:42 IST 2015, 6, 45, Add Custom Calculation, Pass, , Thu Nov 19 11:30:43 IST 2015, 6, 46, Add Custom Calculation, Pass, , Thu Nov 19 11:30:44 IST 2015, 6, 47, Add Custom Calculation, Pass, , Thu Nov 19 11:30:44 IST 2015, 6, 48, Add Custom Calculation, Pass, , Thu Nov 19 11:30:45 IST 2015, 6, 49, Add Custom Calculation, Pass, , Thu Nov 19 11:30:46 IST 2015, 6, 50, Add Custom Calculation, Pass, , Thu Nov 19 11:30:47 IST 2015, 6, 51, Add Custom Calculation, Pass, , Thu Nov 19 11:30:47 IST 2015, 6, 52, Add Custom Calculation, Pass, , Thu Nov 19 11:30:49 IST 2015, 6, 53, Add Custom Calculation, Pass, , Thu Nov 19 11:30:50 IST 2015, 6, 54, Add Custom Calculation, Pass, , Thu Nov 19 11:30:50 IST 2015, 6, 55, Add Custom Calculation, Pass, , Thu Nov 19 11:30:50 IST 2015, 6, 56, Add Custom Calculation, Pass, , Thu Nov 19 11:30:52 IST 2015, 6, 57, Add Custom Calculation, Pass, , Thu Nov 19 11:30:52 IST 2015, 6, 58, Add Custom Calculation, Pass, , Thu Nov 19 11:30:52 IST 2015, 6, 59, Add Custom Calculation, Pass, , Thu Nov 19 11:30:52 IST 2015, 6, 60, Add Custom Calculation, Pass, , Thu Nov 19 11:30:52 IST 2015, 6, 61, Add Custom Calculation, Pass, , Thu Nov 19 11:30:52 IST 2015, 6, 62, Add Custom Calculation, Pass, , Thu Nov 19 11:30:52 IST 2015, 6, 63, Add Custom Calculation, Pass, , Thu Nov 19 11:31:38 IST 2015, 6, 64, Add Custom Calculation, Pass, , Thu Nov 19 11:31:38 IST 2015, 6, 65, Add Custom Calculation, Pass, , Thu Nov 19 11:31:38 IST 2015, 6, 66, Add Custom Calculation, Pass, , Thu Nov 19 11:31:38 IST 2015]
[DEBUG][2015-11-19 11:31:38,625][com.java.ImportnExport.ExportTestResultsExcel] [  222] - testResultPath = D:\BankersDashboard/TestReports/Test Results_BankersDashBoard_111915_112735_IE10_Simmons First National Bank.xls
[DEBUG][2015-11-19 11:31:38,625][com.java.ImportnExport.ExportTestResultsExcel] [  223] - browser is------------IE10
[DEBUG][2015-11-19 11:31:38,625][com.java.ImportnExport.ExportTestResultsExcel] [  270] - result.size() = 390
[DEBUG][2015-11-19 11:31:38,625][com.java.ImportnExport.ExportTestResultsExcel] [  274] - No of rows in sheet=2
[DEBUG][2015-11-19 11:31:38,625][com.java.ImportnExport.ExportTestResultsExcel] [  301] - ..in export..6
[DEBUG][2015-11-19 11:31:38,625][com.java.ImportnExport.ExportTestResultsExcel] [  301] - ..in export..Add Custom Calculation
[DEBUG][2015-11-19 11:31:38,625][com.java.ImportnExport.ExportTestResultsExcel] [  301] - ..in export..Pass
[DEBUG][2015-11-19 11:31:38,625][com.java.ImportnExport.ExportTestResultsExcel] [  301] - ..in export..
[DEBUG][2015-11-19 11:31:38,625][com.java.ImportnExport.ExportTestResultsExcel] [  301] - ..in export..Thu Nov 19 11:29:44 IST 2015
[INFO ][2015-11-19 11:31:38,625][com.java.SeleniumDriver] [ 1263] - out loop:1 size:2 TestCases:[1, 6] testcases:[1, 6]
[INFO ][2015-11-19 11:31:40,625][com.java.SeleniumDriver] [ 1306] - Total Number of Cases:2
[INFO ][2015-11-19 11:31:40,625][com.java.TemplateGenerator] [  302] - Executed:2
[INFO ][2015-11-19 11:31:40,625][com.java.TemplateGenerator] [  303] - Passed:2
[INFO ][2015-11-19 11:31:40,625][com.java.TemplateGenerator] [  304] - Failed:0
[INFO ][2015-11-19 11:31:40,625][com.java.TemplateGenerator] [  305] - Skipeed:0
[INFO ][2015-11-19 11:31:40,625][com.java.TemplateGenerator] [  306] - Application URL:https://clients-xuat.bankersdashboard.com
[INFO ][2015-11-19 11:31:40,625][com.java.TemplateGenerator] [  307] - Start Time:111915_112735
[INFO ][2015-11-19 11:31:40,625][com.java.TemplateGenerator] [  308] -  Creating HTML Report 
[ERROR][2015-11-19 11:31:40,625][com.java.TemplateGenerator] [  409] - Unparseable date: "Thu Nov 19 11:27:35 IST 2015"
[INFO ][2015-11-19 11:31:40,625][com.java.TemplateGenerator] [  654] -  Exporting case :: 1
[INFO ][2015-11-19 11:31:40,625][com.java.TemplateGenerator] [  654] -  Exporting case :: 6
[INFO ][2015-11-19 11:31:40,625][com.java.SeleniumDriver] [ 1355] - End Time:111915_113140
[INFO ][2015-11-19 11:31:40,625][com.java.SeleniumDriver] [ 1358] - Data in Test Execution Details:{1=PASS, 6=PASS}
[INFO ][2015-11-19 11:31:40,625][com.java.SeleniumDriver] [ 1359] - Data in Failed Execution Deatils:{}
[INFO ][2015-11-19 11:31:40,625][com.java.SeleniumDriver] [ 1361] - ReportCounter:Total:2 :: PASS: 2 ::FAIL: 0
[INFO ][2015-11-19 11:31:40,625][com.java.SeleniumDriver] [ 1362] - FailedReportCounter:Total:0 :: PASS: 0 ::FAIL: 0
[INFO ][2015-11-19 11:31:40,626][com.java.EmailTestReport] [   63] - Sending report mail details:
[INFO ][2015-11-19 11:31:40,626][com.java.EmailTestReport] [   80] - Excel Report Path:D:\BankersDashboard/TestReports/Test Results_BankersDashBoard_111915_112735_IE10_Simmons First National Bank.xls
[INFO ][2015-11-19 11:31:40,626][com.java.EmailTestReport] [   81] - HTML Report Path:D:\BankersDashboard//TestReports//Test Results_BankersDashBoard_111915_112735_IE10_Simmons First National Bank.html
[INFO ][2015-11-19 11:31:40,626][com.java.EmailTestReport] [   82] - smtpHostName:mail01.valuelabs.com
[INFO ][2015-11-19 11:31:40,626][com.java.EmailTestReport] [   83] - Recipient:venkateswararao.gubbala@valuelabs.com;
[INFO ][2015-11-19 11:31:40,626][com.java.EmailTestReport] [   84] - From:venkateswararao.gubbala@valuelabs.com;
[INFO ][2015-11-19 11:31:40,626][com.java.EmailTestReport] [   85] - Subject:Deluxe Corp Bankers Dashboard Automation Test Report - Simmons First National Bank - IE10
[INFO ][2015-11-19 11:31:40,646][com.java.EmailTestReport] [  143] -  Added venkateswararao.gubbala@valuelabs.com
[INFO ][2015-11-19 11:31:43,766][com.java.SeleniumDriver] [  719] - quitting the browser 
[INFO ][2015-11-19 11:31:45,448][com.java.SeleniumDriver] [  263] - Execution Completed Stopping the thread
