[INFO ][2015-12-09 19:47:33,133][com.java.SeleniumDriver] [  213] - Execute Failed Casesfalse
[INFO ][2015-12-09 19:47:33,133][com.java.SeleniumDriver] [  214] - Browser: IE10
[INFO ][2015-12-09 19:47:33,133][com.java.SeleniumDriver] [  215] - [1, 3]
[INFO ][2015-12-09 19:47:33,133][com.java.SeleniumDriver] [  216] - Total TestCases:2
[INFO ][2015-12-09 19:47:33,134][com.java.SeleniumDriver] [  217] -  Reading Properties from Property File 
[DEBUG][2015-12-09 19:47:33,134][com.java.SeleniumDriver] [  238] - url : https://clients-xuat.bankersdashboard.com
[INFO ][2015-12-09 19:47:33,135][com.java.ImportnExport.ExportTestResultsExcel] [  116] - Time Stamp Wed Dec 09 07:47:33 IST 2015
[INFO ][2015-12-09 19:47:33,135][com.java.ImportnExport.ExportTestResultsExcel] [  175] - OUT FILE : D:\BankersDashboard/TestReports/Test Results_BankersDashBoard_120915_194733_IE10_CB&S Bank.xls
[INFO ][2015-12-09 19:47:33,164][com.java.ImportnExport.ExportTestResultsExcel] [  180] - Test Result file is created
[DEBUG][2015-12-09 19:47:33,268][com.java.SeleniumDriver] [  426] - Hub ip address is-------172.17.68.34
[INFO ][2015-12-09 19:47:33,269][com.java.SeleniumDriver] [  452] - Grid URL:http://172.17.68.34:4444/wd/hub
[INFO ][2015-12-09 19:47:33,269][com.java.SeleniumDriver] [  453] - Capability:Capabilities [{platform=ANY, ensureCleanSession=true, ignoreProtectedModeSettings=true, acceptSslCerts=true, ignoreZoomSetting=true, browserName=internet explorer, browserstack.ie.noFlash=true, version=null}]
[ERROR][2015-12-09 19:47:34,585][com.java.SeleniumDriver] [  497] - Unable invoke browser in grid:Could not start a new session. Possible causes are invalid address of the remote server or browser start-up failure.
Build info: version: '2.48.2', revision: '41bccdd', time: '2015-10-09 19:59:12'
System info: host: 'FVTIII438F1D', ip: '172.17.68.34', os.name: 'Windows 7', os.arch: 'x86', os.version: '6.1', java.version: '1.7.0_55'
Driver info: driver.version: SeleniumDriver
[INFO ][2015-12-09 19:47:34,585][com.java.SeleniumDriver] [  499] - Executing on local machine
[INFO ][2015-12-09 19:47:44,693][com.java.SeleniumDriver] [  248] - IE10is opened
[INFO ][2015-12-09 19:47:45,372][com.java.SeleniumDriver] [  754] - Test cases to be executed are: [1, 3]
[INFO ][2015-12-09 19:47:45,391][com.java.ImportnExport.ImportTestDataDetailsExcel] [   49] - test data details path===== D:\BankersDashboard\TestInputs\TestData.xls
[INFO ][2015-12-09 19:47:45,467][com.java.SeleniumDriver] [  821] - ------------------------------------------
[INFO ][2015-12-09 19:47:45,467][com.java.SeleniumDriver] [  822] - Test case being Executed: 1
[INFO ][2015-12-09 19:47:45,467][com.java.SeleniumDriver] [  833] - Test step:1
[INFO ][2015-12-09 19:47:45,467][com.java.SeleniumDriver] [  845] - Datavalue is----------Concept#1:1-14
[INFO ][2015-12-09 19:47:45,468][com.java.SeleniumDriver] [  869] - DataField : test
[INFO ][2015-12-09 19:47:45,468][com.java.SeleniumDriver] [  871] - DataValue : Concept#1:1-14
[INFO ][2015-12-09 19:47:45,468][com.java.SeleniumDriver] [  877] - <In Set values of the page>
[INFO ][2015-12-09 19:47:45,468][com.java.SeleniumDriver] [  880] - {Data Fields & Data Values Exist}
[INFO ][2015-12-09 19:47:45,468][com.java.SeleniumDriver] [  882] - --------------------------setting values-----------------------------
[INFO ][2015-12-09 19:47:45,468][com.java.SeleniumDriver] [  885] - Action Type : ExecuteTestCase
[INFO ][2015-12-09 19:47:45,485][com.java.TestType] [  436] - The Concept sheet name is ---------- Concept
[INFO ][2015-12-09 19:47:45,486][com.java.TestType] [  439] - The Concept ID  is ---------- 1
[DEBUG][2015-12-09 19:47:45,486][com.java.TestType] [  443] - Steps being executted in the Concept are: 1:14
[INFO ][2015-12-09 19:47:45,486][com.java.TestType] [  450] - Test data details path ---------- D:\BankersDashboard\TestInputs\TestData.xls
[INFO ][2015-12-09 19:47:45,522][com.java.TestType] [  481] -  str(1) = 1
[INFO ][2015-12-09 19:47:45,522][com.java.TestType] [  484] - Test case Id is---1
[INFO ][2015-12-09 19:47:45,522][com.java.TestType] [  486] - 1
[INFO ][2015-12-09 19:47:45,522][com.java.TestType] [  481] -  str(2) = 1
[INFO ][2015-12-09 19:47:45,524][com.java.TestType] [  533] - row values are--------{1=com.java.Objects.TestDataDetails@1cd72ca}
[INFO ][2015-12-09 19:47:45,525][com.java.TestType] [  481] -  str(1) = 1
[INFO ][2015-12-09 19:47:45,525][com.java.TestType] [  484] - Test case Id is---1
[INFO ][2015-12-09 19:47:45,525][com.java.TestType] [  486] - 1
[INFO ][2015-12-09 19:47:45,525][com.java.TestType] [  481] -  str(2) = 2
[INFO ][2015-12-09 19:47:45,526][com.java.TestType] [  533] - row values are--------{1=com.java.Objects.TestDataDetails@1cd72ca, 2=com.java.Objects.TestDataDetails@f97aff}
[INFO ][2015-12-09 19:47:45,526][com.java.TestType] [  481] -  str(1) = 1
[INFO ][2015-12-09 19:47:45,526][com.java.TestType] [  484] - Test case Id is---1
[INFO ][2015-12-09 19:47:45,526][com.java.TestType] [  486] - 1
[INFO ][2015-12-09 19:47:45,527][com.java.TestType] [  481] -  str(2) = 3
[INFO ][2015-12-09 19:47:45,528][com.java.TestType] [  533] - row values are--------{1=com.java.Objects.TestDataDetails@1cd72ca, 2=com.java.Objects.TestDataDetails@f97aff, 3=com.java.Objects.TestDataDetails@586f87}
[INFO ][2015-12-09 19:47:45,528][com.java.TestType] [  481] -  str(1) = 1
[INFO ][2015-12-09 19:47:45,528][com.java.TestType] [  484] - Test case Id is---1
[INFO ][2015-12-09 19:47:45,528][com.java.TestType] [  486] - 1
[INFO ][2015-12-09 19:47:45,528][com.java.TestType] [  481] -  str(2) = 4
[INFO ][2015-12-09 19:47:45,529][com.java.TestType] [  533] - row values are--------{1=com.java.Objects.TestDataDetails@1cd72ca, 2=com.java.Objects.TestDataDetails@f97aff, 3=com.java.Objects.TestDataDetails@586f87, 4=com.java.Objects.TestDataDetails@9dc6db}
[INFO ][2015-12-09 19:47:45,530][com.java.TestType] [  481] -  str(1) = 1
[INFO ][2015-12-09 19:47:45,530][com.java.TestType] [  484] - Test case Id is---1
[INFO ][2015-12-09 19:47:45,530][com.java.TestType] [  486] - 1
[INFO ][2015-12-09 19:47:45,530][com.java.TestType] [  481] -  str(2) = 5
[INFO ][2015-12-09 19:47:45,533][com.java.TestType] [  533] - row values are--------{1=com.java.Objects.TestDataDetails@1cd72ca, 2=com.java.Objects.TestDataDetails@f97aff, 3=com.java.Objects.TestDataDetails@586f87, 4=com.java.Objects.TestDataDetails@9dc6db, 5=com.java.Objects.TestDataDetails@a71b2e}
[INFO ][2015-12-09 19:47:45,533][com.java.TestType] [  481] -  str(1) = 1
[INFO ][2015-12-09 19:47:45,533][com.java.TestType] [  484] - Test case Id is---1
[INFO ][2015-12-09 19:47:45,533][com.java.TestType] [  486] - 1
[INFO ][2015-12-09 19:47:45,533][com.java.TestType] [  481] -  str(2) = 6
[INFO ][2015-12-09 19:47:45,535][com.java.TestType] [  533] - row values are--------{1=com.java.Objects.TestDataDetails@1cd72ca, 2=com.java.Objects.TestDataDetails@f97aff, 3=com.java.Objects.TestDataDetails@586f87, 4=com.java.Objects.TestDataDetails@9dc6db, 5=com.java.Objects.TestDataDetails@a71b2e, 6=com.java.Objects.TestDataDetails@20ac02}
[INFO ][2015-12-09 19:47:45,535][com.java.TestType] [  481] -  str(1) = 1
[INFO ][2015-12-09 19:47:45,535][com.java.TestType] [  484] - Test case Id is---1
[INFO ][2015-12-09 19:47:45,535][com.java.TestType] [  486] - 1
[INFO ][2015-12-09 19:47:45,535][com.java.TestType] [  481] -  str(2) = 7
[INFO ][2015-12-09 19:47:45,536][com.java.TestType] [  533] - row values are--------{1=com.java.Objects.TestDataDetails@1cd72ca, 2=com.java.Objects.TestDataDetails@f97aff, 3=com.java.Objects.TestDataDetails@586f87, 4=com.java.Objects.TestDataDetails@9dc6db, 5=com.java.Objects.TestDataDetails@a71b2e, 6=com.java.Objects.TestDataDetails@20ac02, 7=com.java.Objects.TestDataDetails@1887c71}
[INFO ][2015-12-09 19:47:45,536][com.java.TestType] [  481] -  str(1) = 1
[INFO ][2015-12-09 19:47:45,536][com.java.TestType] [  484] - Test case Id is---1
[INFO ][2015-12-09 19:47:45,536][com.java.TestType] [  486] - 1
[INFO ][2015-12-09 19:47:45,536][com.java.TestType] [  481] -  str(2) = 8
[INFO ][2015-12-09 19:47:45,537][com.java.TestType] [  533] - row values are--------{1=com.java.Objects.TestDataDetails@1cd72ca, 2=com.java.Objects.TestDataDetails@f97aff, 3=com.java.Objects.TestDataDetails@586f87, 4=com.java.Objects.TestDataDetails@9dc6db, 5=com.java.Objects.TestDataDetails@a71b2e, 6=com.java.Objects.TestDataDetails@20ac02, 7=com.java.Objects.TestDataDetails@1887c71, 8=com.java.Objects.TestDataDetails@119ab42}
[INFO ][2015-12-09 19:47:45,537][com.java.TestType] [  481] -  str(1) = 1
[INFO ][2015-12-09 19:47:45,537][com.java.TestType] [  484] - Test case Id is---1
[INFO ][2015-12-09 19:47:45,537][com.java.TestType] [  486] - 1
[INFO ][2015-12-09 19:47:45,537][com.java.TestType] [  481] -  str(2) = 9
[INFO ][2015-12-09 19:47:45,538][com.java.TestType] [  533] - row values are--------{1=com.java.Objects.TestDataDetails@1cd72ca, 2=com.java.Objects.TestDataDetails@f97aff, 3=com.java.Objects.TestDataDetails@586f87, 4=com.java.Objects.TestDataDetails@9dc6db, 5=com.java.Objects.TestDataDetails@a71b2e, 6=com.java.Objects.TestDataDetails@20ac02, 7=com.java.Objects.TestDataDetails@1887c71, 8=com.java.Objects.TestDataDetails@119ab42, 9=com.java.Objects.TestDataDetails@915056}
[INFO ][2015-12-09 19:47:45,538][com.java.TestType] [  481] -  str(1) = 1
[INFO ][2015-12-09 19:47:45,538][com.java.TestType] [  484] - Test case Id is---1
[INFO ][2015-12-09 19:47:45,538][com.java.TestType] [  486] - 1
[INFO ][2015-12-09 19:47:45,538][com.java.TestType] [  481] -  str(2) = 10
[INFO ][2015-12-09 19:47:45,539][com.java.TestType] [  533] - row values are--------{1=com.java.Objects.TestDataDetails@1cd72ca, 2=com.java.Objects.TestDataDetails@f97aff, 3=com.java.Objects.TestDataDetails@586f87, 4=com.java.Objects.TestDataDetails@9dc6db, 5=com.java.Objects.TestDataDetails@a71b2e, 6=com.java.Objects.TestDataDetails@20ac02, 7=com.java.Objects.TestDataDetails@1887c71, 8=com.java.Objects.TestDataDetails@119ab42, 9=com.java.Objects.TestDataDetails@915056, 10=com.java.Objects.TestDataDetails@185a2a8}
[INFO ][2015-12-09 19:47:45,540][com.java.TestType] [  481] -  str(1) = 1
[INFO ][2015-12-09 19:47:45,540][com.java.TestType] [  484] - Test case Id is---1
[INFO ][2015-12-09 19:47:45,540][com.java.TestType] [  486] - 1
[INFO ][2015-12-09 19:47:45,540][com.java.TestType] [  481] -  str(2) = 11
[INFO ][2015-12-09 19:47:45,541][com.java.TestType] [  533] - row values are--------{1=com.java.Objects.TestDataDetails@1cd72ca, 2=com.java.Objects.TestDataDetails@f97aff, 3=com.java.Objects.TestDataDetails@586f87, 4=com.java.Objects.TestDataDetails@9dc6db, 5=com.java.Objects.TestDataDetails@a71b2e, 6=com.java.Objects.TestDataDetails@20ac02, 7=com.java.Objects.TestDataDetails@1887c71, 8=com.java.Objects.TestDataDetails@119ab42, 9=com.java.Objects.TestDataDetails@915056, 10=com.java.Objects.TestDataDetails@185a2a8, 11=com.java.Objects.TestDataDetails@b04f0b}
[INFO ][2015-12-09 19:47:45,542][com.java.TestType] [  481] -  str(1) = 1
[INFO ][2015-12-09 19:47:45,543][com.java.TestType] [  484] - Test case Id is---1
[INFO ][2015-12-09 19:47:45,543][com.java.TestType] [  486] - 1
[INFO ][2015-12-09 19:47:45,543][com.java.TestType] [  481] -  str(2) = 12
[INFO ][2015-12-09 19:47:45,543][com.java.TestType] [  533] - row values are--------{1=com.java.Objects.TestDataDetails@1cd72ca, 2=com.java.Objects.TestDataDetails@f97aff, 3=com.java.Objects.TestDataDetails@586f87, 4=com.java.Objects.TestDataDetails@9dc6db, 5=com.java.Objects.TestDataDetails@a71b2e, 6=com.java.Objects.TestDataDetails@20ac02, 7=com.java.Objects.TestDataDetails@1887c71, 8=com.java.Objects.TestDataDetails@119ab42, 9=com.java.Objects.TestDataDetails@915056, 10=com.java.Objects.TestDataDetails@185a2a8, 11=com.java.Objects.TestDataDetails@b04f0b, 12=com.java.Objects.TestDataDetails@1c2c35}
[INFO ][2015-12-09 19:47:45,544][com.java.TestType] [  481] -  str(1) = 1
[INFO ][2015-12-09 19:47:45,544][com.java.TestType] [  484] - Test case Id is---1
[INFO ][2015-12-09 19:47:45,544][com.java.TestType] [  486] - 1
[INFO ][2015-12-09 19:47:45,544][com.java.TestType] [  481] -  str(2) = 13
[INFO ][2015-12-09 19:47:45,544][com.java.TestType] [  533] - row values are--------{1=com.java.Objects.TestDataDetails@1cd72ca, 2=com.java.Objects.TestDataDetails@f97aff, 3=com.java.Objects.TestDataDetails@586f87, 4=com.java.Objects.TestDataDetails@9dc6db, 5=com.java.Objects.TestDataDetails@a71b2e, 6=com.java.Objects.TestDataDetails@20ac02, 7=com.java.Objects.TestDataDetails@1887c71, 8=com.java.Objects.TestDataDetails@119ab42, 9=com.java.Objects.TestDataDetails@915056, 10=com.java.Objects.TestDataDetails@185a2a8, 11=com.java.Objects.TestDataDetails@b04f0b, 12=com.java.Objects.TestDataDetails@1c2c35, 13=com.java.Objects.TestDataDetails@16e68a0}
[INFO ][2015-12-09 19:47:45,545][com.java.TestType] [  481] -  str(1) = 1
[INFO ][2015-12-09 19:47:45,545][com.java.TestType] [  484] - Test case Id is---1
[INFO ][2015-12-09 19:47:45,545][com.java.TestType] [  486] - 1
[INFO ][2015-12-09 19:47:45,545][com.java.TestType] [  481] -  str(2) = 14
[INFO ][2015-12-09 19:47:45,545][com.java.TestType] [  533] - row values are--------{1=com.java.Objects.TestDataDetails@1cd72ca, 2=com.java.Objects.TestDataDetails@f97aff, 3=com.java.Objects.TestDataDetails@586f87, 4=com.java.Objects.TestDataDetails@9dc6db, 5=com.java.Objects.TestDataDetails@a71b2e, 6=com.java.Objects.TestDataDetails@20ac02, 7=com.java.Objects.TestDataDetails@1887c71, 8=com.java.Objects.TestDataDetails@119ab42, 9=com.java.Objects.TestDataDetails@915056, 10=com.java.Objects.TestDataDetails@185a2a8, 11=com.java.Objects.TestDataDetails@b04f0b, 12=com.java.Objects.TestDataDetails@1c2c35, 13=com.java.Objects.TestDataDetails@16e68a0, 14=com.java.Objects.TestDataDetails@60525c}
[INFO ][2015-12-09 19:47:45,546][com.java.TestType] [ 9985] - Looping 1TCID = 1
[DEBUG][2015-12-09 19:47:45,546][com.java.TestType] [10026] - Concept ID:1 :: Step being Executed: 1::1
[INFO ][2015-12-09 19:47:45,546][com.java.TestType] [10064] - dataFields : TXTusername
[DEBUG][2015-12-09 19:47:45,546][com.java.TestType] [10070] - <In Set values of the page>
[DEBUG][2015-12-09 19:47:45,546][com.java.TestType] [10075] - {Data Fields & Data Values Exist}
[INFO ][2015-12-09 19:47:45,546][com.java.TestType] [10081] - --------------------------setting values-----------------------------
[INFO ][2015-12-09 19:47:45,546][com.java.TestType] [10084] - Action Type : CLEARANDENTER
[INFO ][2015-12-09 19:47:45,546][com.java.TestType] [ 5449] - value = valuelabs.ie10.15310
[INFO ][2015-12-09 19:47:50,602][com.java.TestType] [10103] -  RESULT true
[INFO ][2015-12-09 19:47:50,602][com.java.TestType] [10220] - ?   P A S S   ?
[DEBUG][2015-12-09 19:47:50,603][com.java.TestType] [10026] - Concept ID:1 :: Step being Executed: 1::2
[INFO ][2015-12-09 19:47:50,603][com.java.TestType] [10064] - dataFields : TXTpassword
[DEBUG][2015-12-09 19:47:50,603][com.java.TestType] [10070] - <In Set values of the page>
[DEBUG][2015-12-09 19:47:50,604][com.java.TestType] [10075] - {Data Fields & Data Values Exist}
[INFO ][2015-12-09 19:47:50,605][com.java.TestType] [10081] - --------------------------setting values-----------------------------
[INFO ][2015-12-09 19:47:50,605][com.java.TestType] [10084] - Action Type : CLEARANDENTER
[INFO ][2015-12-09 19:47:50,605][com.java.TestType] [ 5449] - value = Password1*
[INFO ][2015-12-09 19:47:55,484][com.java.TestType] [10103] -  RESULT true
[INFO ][2015-12-09 19:47:55,484][com.java.TestType] [10220] - ?   P A S S   ?
[DEBUG][2015-12-09 19:47:55,484][com.java.TestType] [10026] - Concept ID:1 :: Step being Executed: 1::3
[ERROR][2015-12-09 19:47:55,484][com.java.TestType] [10059] - Exception: null
[INFO ][2015-12-09 19:47:55,485][com.java.TestType] [10064] - dataFields : XPH//button[@type='submit']
[DEBUG][2015-12-09 19:47:55,485][com.java.TestType] [10070] - <In Set values of the page>
[DEBUG][2015-12-09 19:47:55,485][com.java.TestType] [10075] - {Data Fields & Data Values Exist}
[INFO ][2015-12-09 19:47:55,485][com.java.TestType] [10081] - --------------------------setting values-----------------------------
[INFO ][2015-12-09 19:47:55,485][com.java.TestType] [10084] - Action Type : Click
[INFO ][2015-12-09 19:47:55,485][com.java.TestType] [ 5777] - Field ::XPH//button[@type='submit']
[INFO ][2015-12-09 19:47:56,486][com.java.TestType] [ 5871] - BEFORE CLICK
[INFO ][2015-12-09 19:47:57,340][com.java.TestType] [ 5879] - Unable to click the object Login
[INFO ][2015-12-09 19:47:57,340][com.java.TestType] [10103] -  RESULT true
[INFO ][2015-12-09 19:47:57,340][com.java.TestType] [10220] - ?   P A S S   ?
[DEBUG][2015-12-09 19:47:57,340][com.java.TestType] [10026] - Concept ID:1 :: Step being Executed: 1::4
[INFO ][2015-12-09 19:47:57,340][com.java.TestType] [10064] - dataFields : LNKLogout
[DEBUG][2015-12-09 19:47:57,340][com.java.TestType] [10070] - <In Set values of the page>
[DEBUG][2015-12-09 19:47:57,340][com.java.TestType] [10075] - {Data Fields & Data Values Exist}
[INFO ][2015-12-09 19:47:57,340][com.java.TestType] [10081] - --------------------------setting values-----------------------------
[INFO ][2015-12-09 19:47:57,340][com.java.TestType] [10084] - Action Type : WaitForElement
[INFO ][2015-12-09 19:48:00,843][com.java.TestType] [10103] -  RESULT true
[INFO ][2015-12-09 19:48:00,844][com.java.TestType] [10220] - ?   P A S S   ?
[DEBUG][2015-12-09 19:48:00,844][com.java.TestType] [10026] - Concept ID:1 :: Step being Executed: 1::13
[INFO ][2015-12-09 19:48:00,844][com.java.TestType] [10064] - dataFields : LNK
[DEBUG][2015-12-09 19:48:00,844][com.java.TestType] [10070] - <In Set values of the page>
[DEBUG][2015-12-09 19:48:00,844][com.java.TestType] [10075] - {Data Fields & Data Values Exist}
[INFO ][2015-12-09 19:48:00,844][com.java.TestType] [10081] - --------------------------setting values-----------------------------
[INFO ][2015-12-09 19:48:00,844][com.java.TestType] [10084] - Action Type : Verify
[INFO ][2015-12-09 19:48:00,844][com.java.TestType] [ 6677] - field= LNK value= Logout
[INFO ][2015-12-09 19:48:00,845][com.java.TestType] [ 5449] - value = Logout
[INFO ][2015-12-09 19:48:00,879][com.java.TestType] [10103] -  RESULT true
[INFO ][2015-12-09 19:48:00,879][com.java.TestType] [10220] - ?   P A S S   ?
[DEBUG][2015-12-09 19:48:00,879][com.java.TestType] [10026] - Concept ID:1 :: Step being Executed: 1::14
[INFO ][2015-12-09 19:48:00,879][com.java.TestType] [10064] - dataFields : BTN
[DEBUG][2015-12-09 19:48:00,879][com.java.TestType] [10070] - <In Set values of the page>
[DEBUG][2015-12-09 19:48:00,879][com.java.TestType] [10075] - {Data Fields & Data Values Exist}
[INFO ][2015-12-09 19:48:00,879][com.java.TestType] [10081] - --------------------------setting values-----------------------------
[INFO ][2015-12-09 19:48:00,880][com.java.TestType] [10084] - Action Type : Verify
[INFO ][2015-12-09 19:48:00,880][com.java.TestType] [ 6677] - field= BTN value= //img[contains(@src,'bdlogo.jpg')]
[INFO ][2015-12-09 19:48:00,880][com.java.TestType] [ 5449] - value = //img[contains(@src,'bdlogo.jpg')]
[INFO ][2015-12-09 19:48:00,964][com.java.TestType] [10103] -  RESULT true
[INFO ][2015-12-09 19:48:00,965][com.java.TestType] [10220] - ?   P A S S   ?
[INFO ][2015-12-09 19:48:00,965][com.java.TestType] [10291] - Looping End......
[INFO ][2015-12-09 19:48:00,969][com.java.SeleniumDriver] [  894] -  RESULT true
[INFO ][2015-12-09 19:48:00,969][com.java.SeleniumDriver] [ 1100] - ?   P A S S   ?
[INFO ][2015-12-09 19:48:00,969][com.java.SeleniumDriver] [  821] - ------------------------------------------
[INFO ][2015-12-09 19:48:00,969][com.java.SeleniumDriver] [  822] - Test case being Executed: 1
[INFO ][2015-12-09 19:48:00,969][com.java.SeleniumDriver] [  833] - Test step:2
[INFO ][2015-12-09 19:48:00,969][com.java.SeleniumDriver] [  845] - Datavalue is----------Concept#2:1-2
[INFO ][2015-12-09 19:48:00,969][com.java.SeleniumDriver] [  869] - DataField : test
[INFO ][2015-12-09 19:48:00,969][com.java.SeleniumDriver] [  871] - DataValue : Concept#2:1-2
[INFO ][2015-12-09 19:48:00,970][com.java.SeleniumDriver] [  877] - <In Set values of the page>
[INFO ][2015-12-09 19:48:00,970][com.java.SeleniumDriver] [  880] - {Data Fields & Data Values Exist}
[INFO ][2015-12-09 19:48:00,970][com.java.SeleniumDriver] [  882] - --------------------------setting values-----------------------------
[INFO ][2015-12-09 19:48:00,970][com.java.SeleniumDriver] [  885] - Action Type : ExecuteTestCase
[INFO ][2015-12-09 19:48:00,970][com.java.TestType] [  436] - The Concept sheet name is ---------- Concept
[INFO ][2015-12-09 19:48:00,970][com.java.TestType] [  439] - The Concept ID  is ---------- 2
[DEBUG][2015-12-09 19:48:00,970][com.java.TestType] [  443] - Steps being executted in the Concept are: 1:2
[INFO ][2015-12-09 19:48:00,971][com.java.TestType] [  450] - Test data details path ---------- D:\BankersDashboard\TestInputs\TestData.xls
[INFO ][2015-12-09 19:48:01,000][com.java.TestType] [  481] -  str(1) = 2
[INFO ][2015-12-09 19:48:01,001][com.java.TestType] [  484] - Test case Id is---2
[INFO ][2015-12-09 19:48:01,001][com.java.TestType] [  486] - 2
[INFO ][2015-12-09 19:48:01,001][com.java.TestType] [  481] -  str(2) = 1
[INFO ][2015-12-09 19:48:01,003][com.java.TestType] [  533] - row values are--------{1=com.java.Objects.TestDataDetails@1d144f2}
[INFO ][2015-12-09 19:48:01,003][com.java.TestType] [  481] -  str(1) = 2
[INFO ][2015-12-09 19:48:01,003][com.java.TestType] [  484] - Test case Id is---2
[INFO ][2015-12-09 19:48:01,003][com.java.TestType] [  486] - 2
[INFO ][2015-12-09 19:48:01,004][com.java.TestType] [  481] -  str(2) = 2
[INFO ][2015-12-09 19:48:01,004][com.java.TestType] [  533] - row values are--------{1=com.java.Objects.TestDataDetails@1d144f2, 2=com.java.Objects.TestDataDetails@1297549}
[INFO ][2015-12-09 19:48:01,004][com.java.TestType] [  481] -  str(1) = 2
[INFO ][2015-12-09 19:48:01,004][com.java.TestType] [  484] - Test case Id is---2
[INFO ][2015-12-09 19:48:01,004][com.java.TestType] [  486] - 2
[INFO ][2015-12-09 19:48:01,004][com.java.TestType] [  481] -  str(2) = 3
[INFO ][2015-12-09 19:48:01,005][com.java.TestType] [  533] - row values are--------{1=com.java.Objects.TestDataDetails@1d144f2, 2=com.java.Objects.TestDataDetails@1297549, 3=com.java.Objects.TestDataDetails@20478a}
[INFO ][2015-12-09 19:48:01,005][com.java.TestType] [ 9985] - Looping 1TCID = 2
[DEBUG][2015-12-09 19:48:01,005][com.java.TestType] [10026] - Concept ID:2 :: Step being Executed: 2::1
[INFO ][2015-12-09 19:48:01,005][com.java.TestType] [10064] - dataFields : BNK//select[@id='bank']
[DEBUG][2015-12-09 19:48:01,005][com.java.TestType] [10070] - <In Set values of the page>
[DEBUG][2015-12-09 19:48:01,006][com.java.TestType] [10075] - {Data Fields & Data Values Exist}
[INFO ][2015-12-09 19:48:01,006][com.java.TestType] [10081] - --------------------------setting values-----------------------------
[INFO ][2015-12-09 19:48:01,006][com.java.TestType] [10084] - Action Type : Select
[INFO ][2015-12-09 19:48:01,006][com.java.TestType] [ 5449] - value = PFC
[INFO ][2015-12-09 19:48:01,185][com.java.TestType] [10103] -  RESULT true
[INFO ][2015-12-09 19:48:01,185][com.java.TestType] [10220] - ?   P A S S   ?
[DEBUG][2015-12-09 19:48:01,185][com.java.TestType] [10026] - Concept ID:2 :: Step being Executed: 2::2
[INFO ][2015-12-09 19:48:01,185][com.java.TestType] [10064] - dataFields : LNKLogout
[DEBUG][2015-12-09 19:48:01,185][com.java.TestType] [10070] - <In Set values of the page>
[DEBUG][2015-12-09 19:48:01,185][com.java.TestType] [10075] - {Data Fields & Data Values Exist}
[INFO ][2015-12-09 19:48:01,185][com.java.TestType] [10081] - --------------------------setting values-----------------------------
[INFO ][2015-12-09 19:48:01,185][com.java.TestType] [10084] - Action Type : WaitTime
[DEBUG][2015-12-09 19:48:01,186][com.java.TestType] [ 5269] - sleepTime: 5000
[INFO ][2015-12-09 19:48:06,186][com.java.TestType] [10103] -  RESULT true
[INFO ][2015-12-09 19:48:06,186][com.java.TestType] [10220] - ?   P A S S   ?
[INFO ][2015-12-09 19:48:06,186][com.java.TestType] [10291] - Looping End......
[INFO ][2015-12-09 19:48:06,190][com.java.SeleniumDriver] [  894] -  RESULT true
[INFO ][2015-12-09 19:48:06,190][com.java.SeleniumDriver] [ 1100] - ?   P A S S   ?
[INFO ][2015-12-09 19:48:06,190][com.java.SeleniumDriver] [  821] - ------------------------------------------
[INFO ][2015-12-09 19:48:06,190][com.java.SeleniumDriver] [  822] - Test case being Executed: 1
[INFO ][2015-12-09 19:48:06,190][com.java.SeleniumDriver] [  833] - Test step:3
[INFO ][2015-12-09 19:48:06,190][com.java.SeleniumDriver] [  845] - Datavalue is----------2
[INFO ][2015-12-09 19:48:06,190][com.java.SeleniumDriver] [  869] - DataField : XPH//button[contains(text(),'Add Content')]
[INFO ][2015-12-09 19:48:06,190][com.java.SeleniumDriver] [  871] - DataValue : 2
[INFO ][2015-12-09 19:48:06,190][com.java.SeleniumDriver] [  877] - <In Set values of the page>
[INFO ][2015-12-09 19:48:06,190][com.java.SeleniumDriver] [  880] - {Data Fields & Data Values Exist}
[INFO ][2015-12-09 19:48:06,191][com.java.SeleniumDriver] [  882] - --------------------------setting values-----------------------------
[INFO ][2015-12-09 19:48:06,191][com.java.SeleniumDriver] [  885] - Action Type : WAITFORELEMENT
[INFO ][2015-12-09 19:48:06,225][com.java.SeleniumDriver] [  894] -  RESULT true
[INFO ][2015-12-09 19:48:06,225][com.java.SeleniumDriver] [ 1100] - ?   P A S S   ?
[DEBUG][2015-12-09 19:48:06,225][com.java.SeleniumDriver] [ 1212] - Case found
[DEBUG][2015-12-09 19:48:06,225][com.java.SeleniumDriver] [ 1217] - Incrementing ReportCounters[0]:1
[INFO ][2015-12-09 19:48:06,225][com.java.SeleniumDriver] [ 1236] - The results are-------------------[1, 1, Valid Login, Pass, , Wed Dec 09 19:48:00 IST 2015, 1, 2, Valid Login, Pass, , Wed Dec 09 19:48:06 IST 2015, 1, 3, Valid Login, Pass, , Wed Dec 09 19:48:06 IST 2015]
[INFO ][2015-12-09 19:48:06,225][com.java.SeleniumDriver] [ 1240] - End time is-------35 sec
[INFO ][2015-12-09 19:48:06,225][com.java.SeleniumDriver] [ 1241] - The results are-------------------[1, 1, Valid Login, Pass, , Wed Dec 09 19:48:00 IST 2015, 1, 2, Valid Login, Pass, , Wed Dec 09 19:48:06 IST 2015, 1, 3, Valid Login, Pass, , Wed Dec 09 19:48:06 IST 2015]
[DEBUG][2015-12-09 19:48:06,225][com.java.ImportnExport.ExportTestResultsExcel] [  222] - testResultPath = D:\BankersDashboard/TestReports/Test Results_BankersDashBoard_120915_194733_IE10_CB&S Bank.xls
[DEBUG][2015-12-09 19:48:06,225][com.java.ImportnExport.ExportTestResultsExcel] [  223] - browser is------------IE10
[DEBUG][2015-12-09 19:48:06,276][com.java.ImportnExport.ExportTestResultsExcel] [  270] - result.size() = 18
[DEBUG][2015-12-09 19:48:06,276][com.java.ImportnExport.ExportTestResultsExcel] [  274] - No of rows in sheet=1
[DEBUG][2015-12-09 19:48:06,276][com.java.ImportnExport.ExportTestResultsExcel] [  301] - ..in export..1
[DEBUG][2015-12-09 19:48:06,276][com.java.ImportnExport.ExportTestResultsExcel] [  301] - ..in export..Valid Login
[DEBUG][2015-12-09 19:48:06,276][com.java.ImportnExport.ExportTestResultsExcel] [  301] - ..in export..Pass
[DEBUG][2015-12-09 19:48:06,276][com.java.ImportnExport.ExportTestResultsExcel] [  301] - ..in export..
[DEBUG][2015-12-09 19:48:06,276][com.java.ImportnExport.ExportTestResultsExcel] [  301] - ..in export..Wed Dec 09 19:48:00 IST 2015
[INFO ][2015-12-09 19:48:06,278][com.java.SeleniumDriver] [ 1299] - out loop:0 size:2 TestCases:[1, 3] testcases:[1, 3]
[INFO ][2015-12-09 19:48:06,278][com.java.ImportnExport.ImportTestDataDetailsExcel] [   49] - test data details path===== D:\BankersDashboard\TestInputs\TestData.xls
[INFO ][2015-12-09 19:48:24,397][com.java.SeleniumDriver] [  821] - ------------------------------------------
[INFO ][2015-12-09 19:48:24,397][com.java.SeleniumDriver] [  822] - Test case being Executed: 3
[INFO ][2015-12-09 19:48:24,397][com.java.SeleniumDriver] [  833] - Test step:1
[INFO ][2015-12-09 19:48:24,397][com.java.SeleniumDriver] [  845] - Datavalue is----------Logout
[INFO ][2015-12-09 19:48:24,397][com.java.SeleniumDriver] [  869] - DataField : BTN
[INFO ][2015-12-09 19:48:24,398][com.java.SeleniumDriver] [  871] - DataValue : Logout
[INFO ][2015-12-09 19:48:24,398][com.java.SeleniumDriver] [  877] - <In Set values of the page>
[INFO ][2015-12-09 19:48:24,398][com.java.SeleniumDriver] [  880] - {Data Fields & Data Values Exist}
[INFO ][2015-12-09 19:48:24,398][com.java.SeleniumDriver] [  882] - --------------------------setting values-----------------------------
[INFO ][2015-12-09 19:48:24,398][com.java.SeleniumDriver] [  885] - Action Type : Verify
[INFO ][2015-12-09 19:48:24,398][com.java.TestType] [ 6677] - field= BTN value= Logout
[INFO ][2015-12-09 19:48:24,398][com.java.TestType] [ 5449] - value = Logout
[INFO ][2015-12-09 19:48:24,486][com.java.SeleniumDriver] [  894] -  RESULT true
[INFO ][2015-12-09 19:48:24,486][com.java.SeleniumDriver] [ 1100] - ?   P A S S   ?
[INFO ][2015-12-09 19:48:24,486][com.java.SeleniumDriver] [ 1142] - step change to 3
[INFO ][2015-12-09 19:48:24,486][com.java.SeleniumDriver] [  821] - ------------------------------------------
[INFO ][2015-12-09 19:48:24,486][com.java.SeleniumDriver] [  822] - Test case being Executed: 3
[INFO ][2015-12-09 19:48:24,486][com.java.SeleniumDriver] [  833] - Test step:3
[INFO ][2015-12-09 19:48:24,486][com.java.SeleniumDriver] [  845] - Datavalue is----------Concept#2:1-2
[INFO ][2015-12-09 19:48:24,486][com.java.SeleniumDriver] [  869] - DataField : test
[INFO ][2015-12-09 19:48:24,486][com.java.SeleniumDriver] [  871] - DataValue : Concept#2:1-2
[INFO ][2015-12-09 19:48:24,487][com.java.SeleniumDriver] [  877] - <In Set values of the page>
[INFO ][2015-12-09 19:48:24,487][com.java.SeleniumDriver] [  880] - {Data Fields & Data Values Exist}
[INFO ][2015-12-09 19:48:24,487][com.java.SeleniumDriver] [  882] - --------------------------setting values-----------------------------
[INFO ][2015-12-09 19:48:24,487][com.java.SeleniumDriver] [  885] - Action Type : ExecuteTestCase
[INFO ][2015-12-09 19:48:24,487][com.java.TestType] [  436] - The Concept sheet name is ---------- Concept
[INFO ][2015-12-09 19:48:24,487][com.java.TestType] [  439] - The Concept ID  is ---------- 2
[DEBUG][2015-12-09 19:48:24,487][com.java.TestType] [  443] - Steps being executted in the Concept are: 1:2
[INFO ][2015-12-09 19:48:24,487][com.java.TestType] [  450] - Test data details path ---------- D:\BankersDashboard\TestInputs\TestData.xls
[INFO ][2015-12-09 19:48:24,517][com.java.TestType] [  481] -  str(1) = 2
[INFO ][2015-12-09 19:48:24,518][com.java.TestType] [  484] - Test case Id is---2
[INFO ][2015-12-09 19:48:24,518][com.java.TestType] [  486] - 2
[INFO ][2015-12-09 19:48:24,518][com.java.TestType] [  481] -  str(2) = 1
[INFO ][2015-12-09 19:48:24,519][com.java.TestType] [  533] - row values are--------{1=com.java.Objects.TestDataDetails@1d64896}
[INFO ][2015-12-09 19:48:24,519][com.java.TestType] [  481] -  str(1) = 2
[INFO ][2015-12-09 19:48:24,519][com.java.TestType] [  484] - Test case Id is---2
[INFO ][2015-12-09 19:48:24,519][com.java.TestType] [  486] - 2
[INFO ][2015-12-09 19:48:24,519][com.java.TestType] [  481] -  str(2) = 2
[INFO ][2015-12-09 19:48:24,520][com.java.TestType] [  533] - row values are--------{1=com.java.Objects.TestDataDetails@1d64896, 2=com.java.Objects.TestDataDetails@1e58e9e}
[INFO ][2015-12-09 19:48:24,520][com.java.TestType] [  481] -  str(1) = 2
[INFO ][2015-12-09 19:48:24,520][com.java.TestType] [  484] - Test case Id is---2
[INFO ][2015-12-09 19:48:24,520][com.java.TestType] [  486] - 2
[INFO ][2015-12-09 19:48:24,521][com.java.TestType] [  481] -  str(2) = 3
[INFO ][2015-12-09 19:48:24,521][com.java.TestType] [  533] - row values are--------{1=com.java.Objects.TestDataDetails@1d64896, 2=com.java.Objects.TestDataDetails@1e58e9e, 3=com.java.Objects.TestDataDetails@18c1de5}
[INFO ][2015-12-09 19:48:24,522][com.java.TestType] [ 9985] - Looping 1TCID = 2
[DEBUG][2015-12-09 19:48:24,522][com.java.TestType] [10026] - Concept ID:2 :: Step being Executed: 2::1
[INFO ][2015-12-09 19:48:24,522][com.java.TestType] [10064] - dataFields : BNK//select[@id='bank']
[DEBUG][2015-12-09 19:48:24,522][com.java.TestType] [10070] - <In Set values of the page>
[DEBUG][2015-12-09 19:48:24,522][com.java.TestType] [10075] - {Data Fields & Data Values Exist}
[INFO ][2015-12-09 19:48:24,522][com.java.TestType] [10081] - --------------------------setting values-----------------------------
[INFO ][2015-12-09 19:48:24,522][com.java.TestType] [10084] - Action Type : Select
[INFO ][2015-12-09 19:48:24,522][com.java.TestType] [ 5449] - value = PFC
[INFO ][2015-12-09 19:48:24,708][com.java.TestType] [10103] -  RESULT true
[INFO ][2015-12-09 19:48:24,708][com.java.TestType] [10220] - ?   P A S S   ?
[DEBUG][2015-12-09 19:48:24,708][com.java.TestType] [10026] - Concept ID:2 :: Step being Executed: 2::2
[INFO ][2015-12-09 19:48:24,709][com.java.TestType] [10064] - dataFields : LNKLogout
[DEBUG][2015-12-09 19:48:24,709][com.java.TestType] [10070] - <In Set values of the page>
[DEBUG][2015-12-09 19:48:24,709][com.java.TestType] [10075] - {Data Fields & Data Values Exist}
[INFO ][2015-12-09 19:48:24,709][com.java.TestType] [10081] - --------------------------setting values-----------------------------
[INFO ][2015-12-09 19:48:24,709][com.java.TestType] [10084] - Action Type : WaitTime
[DEBUG][2015-12-09 19:48:24,709][com.java.TestType] [ 5269] - sleepTime: 5000
[INFO ][2015-12-09 19:48:29,709][com.java.TestType] [10103] -  RESULT true
[INFO ][2015-12-09 19:48:29,709][com.java.TestType] [10220] - ?   P A S S   ?
[INFO ][2015-12-09 19:48:29,709][com.java.TestType] [10291] - Looping End......
[INFO ][2015-12-09 19:48:29,712][com.java.SeleniumDriver] [  894] -  RESULT true
[INFO ][2015-12-09 19:48:29,713][com.java.SeleniumDriver] [ 1100] - ?   P A S S   ?
[INFO ][2015-12-09 19:48:29,713][com.java.SeleniumDriver] [  821] - ------------------------------------------
[INFO ][2015-12-09 19:48:29,713][com.java.SeleniumDriver] [  822] - Test case being Executed: 3
[INFO ][2015-12-09 19:48:29,713][com.java.SeleniumDriver] [  833] - Test step:4
[INFO ][2015-12-09 19:48:29,713][com.java.SeleniumDriver] [  845] - Datavalue is----------null
[DEBUG][2015-12-09 19:48:29,713][com.java.SeleniumDriver] [  863] - Exception: null
[INFO ][2015-12-09 19:48:29,713][com.java.SeleniumDriver] [  869] - DataField : //span[@class='icon-stack']&&//a[@data-id="SetupPackage"]
[INFO ][2015-12-09 19:48:29,713][com.java.SeleniumDriver] [  871] - DataValue : 
[INFO ][2015-12-09 19:48:29,713][com.java.SeleniumDriver] [  877] - <In Set values of the page>
[INFO ][2015-12-09 19:48:29,713][com.java.SeleniumDriver] [  880] - {Data Fields & Data Values Exist}
[INFO ][2015-12-09 19:48:29,713][com.java.SeleniumDriver] [  882] - --------------------------setting values-----------------------------
[INFO ][2015-12-09 19:48:29,713][com.java.SeleniumDriver] [  885] - Action Type : MOUSEOVER
[INFO ][2015-12-09 19:48:52,709][com.java.SeleniumDriver] [  894] -  RESULT true
[INFO ][2015-12-09 19:48:52,709][com.java.SeleniumDriver] [ 1100] - ?   P A S S   ?
[INFO ][2015-12-09 19:48:52,709][com.java.SeleniumDriver] [  821] - ------------------------------------------
[INFO ][2015-12-09 19:48:52,709][com.java.SeleniumDriver] [  822] - Test case being Executed: 3
[INFO ][2015-12-09 19:48:52,709][com.java.SeleniumDriver] [  833] - Test step:5
[INFO ][2015-12-09 19:48:52,709][com.java.SeleniumDriver] [  845] - Datavalue is----------5
[INFO ][2015-12-09 19:48:52,709][com.java.SeleniumDriver] [  869] - DataField : BTNdivHelpText
[INFO ][2015-12-09 19:48:52,709][com.java.SeleniumDriver] [  871] - DataValue : 5
[INFO ][2015-12-09 19:48:52,709][com.java.SeleniumDriver] [  877] - <In Set values of the page>
[INFO ][2015-12-09 19:48:52,709][com.java.SeleniumDriver] [  880] - {Data Fields & Data Values Exist}
[INFO ][2015-12-09 19:48:52,709][com.java.SeleniumDriver] [  882] - --------------------------setting values-----------------------------
[INFO ][2015-12-09 19:48:52,709][com.java.SeleniumDriver] [  885] - Action Type : WAITFORELEMENT
[INFO ][2015-12-09 19:48:53,922][com.java.SeleniumDriver] [  894] -  RESULT true
[INFO ][2015-12-09 19:48:53,922][com.java.SeleniumDriver] [ 1100] - ?   P A S S   ?
[INFO ][2015-12-09 19:48:53,922][com.java.SeleniumDriver] [  821] - ------------------------------------------
[INFO ][2015-12-09 19:48:53,922][com.java.SeleniumDriver] [  822] - Test case being Executed: 3
[INFO ][2015-12-09 19:48:53,922][com.java.SeleniumDriver] [  833] - Test step:6
[INFO ][2015-12-09 19:48:53,922][com.java.SeleniumDriver] [  845] - Datavalue is----------null
[DEBUG][2015-12-09 19:48:53,922][com.java.SeleniumDriver] [  863] - Exception: null
[INFO ][2015-12-09 19:48:53,922][com.java.SeleniumDriver] [  869] - DataField : BTNframeDialogContent
[INFO ][2015-12-09 19:48:53,923][com.java.SeleniumDriver] [  871] - DataValue : 
[INFO ][2015-12-09 19:48:53,923][com.java.SeleniumDriver] [  877] - <In Set values of the page>
[INFO ][2015-12-09 19:48:53,923][com.java.SeleniumDriver] [  880] - {Data Fields & Data Values Exist}
[INFO ][2015-12-09 19:48:53,923][com.java.SeleniumDriver] [  882] - --------------------------setting values-----------------------------
[INFO ][2015-12-09 19:48:53,923][com.java.SeleniumDriver] [  885] - Action Type : SELECTFRAME
[INFO ][2015-12-09 19:48:55,161][com.java.SeleniumDriver] [  894] -  RESULT true
[INFO ][2015-12-09 19:48:55,161][com.java.SeleniumDriver] [ 1100] - ?   P A S S   ?
[INFO ][2015-12-09 19:48:55,161][com.java.SeleniumDriver] [  821] - ------------------------------------------
[INFO ][2015-12-09 19:48:55,161][com.java.SeleniumDriver] [  822] - Test case being Executed: 3
[INFO ][2015-12-09 19:48:55,161][com.java.SeleniumDriver] [  833] - Test step:7
[INFO ][2015-12-09 19:48:55,161][com.java.SeleniumDriver] [  845] - Datavalue is----------//div[@class='ui-widget-content']/div/button
[INFO ][2015-12-09 19:48:55,161][com.java.SeleniumDriver] [  869] - DataField : BTN
[INFO ][2015-12-09 19:48:55,161][com.java.SeleniumDriver] [  871] - DataValue : //div[@class='ui-widget-content']/div/button
[INFO ][2015-12-09 19:48:55,161][com.java.SeleniumDriver] [  877] - <In Set values of the page>
[INFO ][2015-12-09 19:48:55,161][com.java.SeleniumDriver] [  880] - {Data Fields & Data Values Exist}
[INFO ][2015-12-09 19:48:55,161][com.java.SeleniumDriver] [  882] - --------------------------setting values-----------------------------
[INFO ][2015-12-09 19:48:55,161][com.java.SeleniumDriver] [  885] - Action Type : VERIFY
[INFO ][2015-12-09 19:48:55,162][com.java.TestType] [ 6677] - field= BTN value= //div[@class='ui-widget-content']/div/button
[INFO ][2015-12-09 19:48:55,162][com.java.TestType] [ 5449] - value = //div[@class='ui-widget-content']/div/button
[INFO ][2015-12-09 19:48:55,227][com.java.SeleniumDriver] [  894] -  RESULT true
[INFO ][2015-12-09 19:48:55,227][com.java.SeleniumDriver] [ 1100] - ?   P A S S   ?
[INFO ][2015-12-09 19:48:55,227][com.java.SeleniumDriver] [  821] - ------------------------------------------
[INFO ][2015-12-09 19:48:55,227][com.java.SeleniumDriver] [  822] - Test case being Executed: 3
[INFO ][2015-12-09 19:48:55,227][com.java.SeleniumDriver] [  833] - Test step:8
[INFO ][2015-12-09 19:48:55,227][com.java.SeleniumDriver] [  845] - Datavalue is----------3
[INFO ][2015-12-09 19:48:55,227][com.java.SeleniumDriver] [  869] - DataField : XPH//span[@class='glyphicon glyphicon-plus']
[INFO ][2015-12-09 19:48:55,227][com.java.SeleniumDriver] [  871] - DataValue : 3
[INFO ][2015-12-09 19:48:55,228][com.java.SeleniumDriver] [  877] - <In Set values of the page>
[INFO ][2015-12-09 19:48:55,228][com.java.SeleniumDriver] [  880] - {Data Fields & Data Values Exist}
[INFO ][2015-12-09 19:48:55,228][com.java.SeleniumDriver] [  882] - --------------------------setting values-----------------------------
[INFO ][2015-12-09 19:48:55,228][com.java.SeleniumDriver] [  885] - Action Type : WAITFORELEMENT
[INFO ][2015-12-09 19:48:55,251][com.java.SeleniumDriver] [  894] -  RESULT true
[INFO ][2015-12-09 19:48:55,251][com.java.SeleniumDriver] [ 1100] - ?   P A S S   ?
[INFO ][2015-12-09 19:48:55,251][com.java.SeleniumDriver] [  821] - ------------------------------------------
[INFO ][2015-12-09 19:48:55,251][com.java.SeleniumDriver] [  822] - Test case being Executed: 3
[INFO ][2015-12-09 19:48:55,251][com.java.SeleniumDriver] [  833] - Test step:9
[INFO ][2015-12-09 19:48:55,251][com.java.SeleniumDriver] [  845] - Datavalue is----------null
[DEBUG][2015-12-09 19:48:55,251][com.java.SeleniumDriver] [  863] - Exception: null
[INFO ][2015-12-09 19:48:55,251][com.java.SeleniumDriver] [  869] - DataField : XPH//span[@class='glyphicon glyphicon-plus']
[INFO ][2015-12-09 19:48:55,251][com.java.SeleniumDriver] [  871] - DataValue : 
[INFO ][2015-12-09 19:48:55,251][com.java.SeleniumDriver] [  877] - <In Set values of the page>
[INFO ][2015-12-09 19:48:55,252][com.java.SeleniumDriver] [  880] - {Data Fields & Data Values Exist}
[INFO ][2015-12-09 19:48:55,252][com.java.SeleniumDriver] [  882] - --------------------------setting values-----------------------------
[INFO ][2015-12-09 19:48:55,252][com.java.SeleniumDriver] [  885] - Action Type : CLICK
[INFO ][2015-12-09 19:48:55,252][com.java.TestType] [ 5777] - Field ::XPH//span[@class='glyphicon glyphicon-plus']
[INFO ][2015-12-09 19:48:56,252][com.java.TestType] [ 5871] - BEFORE CLICK
[INFO ][2015-12-09 19:48:57,404][com.java.TestType] [ 5879] - Unable to click the object +' Button
[INFO ][2015-12-09 19:48:57,404][com.java.SeleniumDriver] [  894] -  RESULT true
[INFO ][2015-12-09 19:48:57,404][com.java.SeleniumDriver] [ 1100] - ?   P A S S   ?
[INFO ][2015-12-09 19:48:57,404][com.java.SeleniumDriver] [  821] - ------------------------------------------
[INFO ][2015-12-09 19:48:57,404][com.java.SeleniumDriver] [  822] - Test case being Executed: 3
[INFO ][2015-12-09 19:48:57,404][com.java.SeleniumDriver] [  833] - Test step:10
[INFO ][2015-12-09 19:48:57,404][com.java.SeleniumDriver] [  845] - Datavalue is----------3
[INFO ][2015-12-09 19:48:57,404][com.java.SeleniumDriver] [  869] - DataField : XPH//span[@class='dlg_Label']
[INFO ][2015-12-09 19:48:57,404][com.java.SeleniumDriver] [  871] - DataValue : 3
[INFO ][2015-12-09 19:48:57,404][com.java.SeleniumDriver] [  877] - <In Set values of the page>
[INFO ][2015-12-09 19:48:57,404][com.java.SeleniumDriver] [  880] - {Data Fields & Data Values Exist}
[INFO ][2015-12-09 19:48:57,404][com.java.SeleniumDriver] [  882] - --------------------------setting values-----------------------------
[INFO ][2015-12-09 19:48:57,405][com.java.SeleniumDriver] [  885] - Action Type : WAITFORELEMENT
[INFO ][2015-12-09 19:48:57,428][com.java.SeleniumDriver] [  894] -  RESULT true
[INFO ][2015-12-09 19:48:57,428][com.java.SeleniumDriver] [ 1100] - ?   P A S S   ?
[INFO ][2015-12-09 19:48:57,428][com.java.SeleniumDriver] [  821] - ------------------------------------------
[INFO ][2015-12-09 19:48:57,428][com.java.SeleniumDriver] [  822] - Test case being Executed: 3
[INFO ][2015-12-09 19:48:57,428][com.java.SeleniumDriver] [  833] - Test step:11
[INFO ][2015-12-09 19:48:57,428][com.java.SeleniumDriver] [  845] - Datavalue is----------Package Name
[INFO ][2015-12-09 19:48:57,428][com.java.SeleniumDriver] [  869] - DataField : XPH//span[@class='dlg_Label']
[INFO ][2015-12-09 19:48:57,428][com.java.SeleniumDriver] [  871] - DataValue : Package Name
[INFO ][2015-12-09 19:48:57,428][com.java.SeleniumDriver] [  877] - <In Set values of the page>
[INFO ][2015-12-09 19:48:57,428][com.java.SeleniumDriver] [  880] - {Data Fields & Data Values Exist}
[INFO ][2015-12-09 19:48:57,428][com.java.SeleniumDriver] [  882] - --------------------------setting values-----------------------------
[INFO ][2015-12-09 19:48:57,428][com.java.SeleniumDriver] [  885] - Action Type : VERIFY
[INFO ][2015-12-09 19:48:57,428][com.java.TestType] [ 6677] - field= XPH//span[@class='dlg_Label'] value= Package Name
[INFO ][2015-12-09 19:48:57,429][com.java.TestType] [ 5449] - value = Package Name
[INFO ][2015-12-09 19:48:57,547][com.java.SeleniumDriver] [  894] -  RESULT true
[INFO ][2015-12-09 19:48:57,547][com.java.SeleniumDriver] [ 1100] - ?   P A S S   ?
[INFO ][2015-12-09 19:48:57,547][com.java.SeleniumDriver] [  821] - ------------------------------------------
[INFO ][2015-12-09 19:48:57,547][com.java.SeleniumDriver] [  822] - Test case being Executed: 3
[INFO ][2015-12-09 19:48:57,547][com.java.SeleniumDriver] [  833] - Test step:12
[INFO ][2015-12-09 19:48:57,547][com.java.SeleniumDriver] [  845] - Datavalue is----------3
[INFO ][2015-12-09 19:48:57,547][com.java.SeleniumDriver] [  869] - DataField : XPH//div[contains(@id,'ember')]/div//input[contains(@class, 'ember-view ember-text-')]
[INFO ][2015-12-09 19:48:57,547][com.java.SeleniumDriver] [  871] - DataValue : 3
[INFO ][2015-12-09 19:48:57,547][com.java.SeleniumDriver] [  877] - <In Set values of the page>
[INFO ][2015-12-09 19:48:57,547][com.java.SeleniumDriver] [  880] - {Data Fields & Data Values Exist}
[INFO ][2015-12-09 19:48:57,547][com.java.SeleniumDriver] [  882] - --------------------------setting values-----------------------------
[INFO ][2015-12-09 19:48:57,547][com.java.SeleniumDriver] [  885] - Action Type : WAITFORELEMENT
[INFO ][2015-12-09 19:48:57,580][com.java.SeleniumDriver] [  894] -  RESULT true
[INFO ][2015-12-09 19:48:57,580][com.java.SeleniumDriver] [ 1100] - ?   P A S S   ?
[INFO ][2015-12-09 19:48:57,580][com.java.SeleniumDriver] [  821] - ------------------------------------------
[INFO ][2015-12-09 19:48:57,580][com.java.SeleniumDriver] [  822] - Test case being Executed: 3
[INFO ][2015-12-09 19:48:57,580][com.java.SeleniumDriver] [  833] - Test step:13
[INFO ][2015-12-09 19:48:57,580][com.java.SeleniumDriver] [  845] - Datavalue is----------null
[DEBUG][2015-12-09 19:48:57,580][com.java.SeleniumDriver] [  863] - Exception: null
[INFO ][2015-12-09 19:48:57,580][com.java.SeleniumDriver] [  869] - DataField : XPH//div[contains(@id,'ember')]/div//input[contains(@class, 'ember-view ember-text-')]
[INFO ][2015-12-09 19:48:57,580][com.java.SeleniumDriver] [  871] - DataValue : 
[INFO ][2015-12-09 19:48:57,581][com.java.SeleniumDriver] [  877] - <In Set values of the page>
[INFO ][2015-12-09 19:48:57,581][com.java.SeleniumDriver] [  880] - {Data Fields & Data Values Exist}
[INFO ][2015-12-09 19:48:57,581][com.java.SeleniumDriver] [  882] - --------------------------setting values-----------------------------
[INFO ][2015-12-09 19:48:57,581][com.java.SeleniumDriver] [  885] - Action Type : CLICK
[INFO ][2015-12-09 19:48:57,581][com.java.TestType] [ 5777] - Field ::XPH//div[contains(@id,'ember')]/div//input[contains(@class, 'ember-view ember-text-')]
[INFO ][2015-12-09 19:48:58,581][com.java.TestType] [ 5871] - BEFORE CLICK
[INFO ][2015-12-09 19:48:59,315][com.java.TestType] [ 5879] - Unable to click the object PackageName Textfield
[INFO ][2015-12-09 19:48:59,315][com.java.SeleniumDriver] [  894] -  RESULT true
[INFO ][2015-12-09 19:48:59,315][com.java.SeleniumDriver] [ 1100] - ?   P A S S   ?
[INFO ][2015-12-09 19:48:59,315][com.java.SeleniumDriver] [  821] - ------------------------------------------
[INFO ][2015-12-09 19:48:59,315][com.java.SeleniumDriver] [  822] - Test case being Executed: 3
[INFO ][2015-12-09 19:48:59,315][com.java.SeleniumDriver] [  833] - Test step:14
[INFO ][2015-12-09 19:48:59,315][com.java.SeleniumDriver] [  845] - Datavalue is----------RNDVL_Test#
[INFO ][2015-12-09 19:48:59,315][com.java.SeleniumDriver] [  869] - DataField : TXT//div[contains(@id,'ember')]/div//input[contains(@class, 'ember-view ember-text-')]
[INFO ][2015-12-09 19:48:59,315][com.java.SeleniumDriver] [  871] - DataValue : RNDVL_Test#
[INFO ][2015-12-09 19:48:59,315][com.java.SeleniumDriver] [  877] - <In Set values of the page>
[INFO ][2015-12-09 19:48:59,315][com.java.SeleniumDriver] [  880] - {Data Fields & Data Values Exist}
[INFO ][2015-12-09 19:48:59,315][com.java.SeleniumDriver] [  882] - --------------------------setting values-----------------------------
[INFO ][2015-12-09 19:48:59,315][com.java.SeleniumDriver] [  885] - Action Type : CLEARANDENTER
[INFO ][2015-12-09 19:48:59,316][com.java.TestType] [ 5449] - value = VL_Test#31568
[INFO ][2015-12-09 19:49:00,129][com.java.SeleniumDriver] [  894] -  RESULT true
[INFO ][2015-12-09 19:49:00,129][com.java.SeleniumDriver] [ 1100] - ?   P A S S   ?
[INFO ][2015-12-09 19:49:00,129][com.java.SeleniumDriver] [  821] - ------------------------------------------
[INFO ][2015-12-09 19:49:00,129][com.java.SeleniumDriver] [  822] - Test case being Executed: 3
[INFO ][2015-12-09 19:49:00,129][com.java.SeleniumDriver] [  833] - Test step:15
[INFO ][2015-12-09 19:49:00,129][com.java.SeleniumDriver] [  845] - Datavalue is----------5
[INFO ][2015-12-09 19:49:00,129][com.java.SeleniumDriver] [  869] - DataField : null
[INFO ][2015-12-09 19:49:00,129][com.java.SeleniumDriver] [  871] - DataValue : 5
[INFO ][2015-12-09 19:49:00,129][com.java.SeleniumDriver] [  877] - <In Set values of the page>
[INFO ][2015-12-09 19:49:00,129][com.java.SeleniumDriver] [  880] - {Data Fields & Data Values Exist}
[INFO ][2015-12-09 19:49:00,129][com.java.SeleniumDriver] [  882] - --------------------------setting values-----------------------------
[INFO ][2015-12-09 19:49:00,129][com.java.SeleniumDriver] [  885] - Action Type : WAITTIME
[DEBUG][2015-12-09 19:49:00,130][com.java.TestType] [ 5269] - sleepTime: 5000
[INFO ][2015-12-09 19:49:05,130][com.java.SeleniumDriver] [  894] -  RESULT true
[INFO ][2015-12-09 19:49:05,130][com.java.SeleniumDriver] [ 1100] - ?   P A S S   ?
[INFO ][2015-12-09 19:49:05,130][com.java.SeleniumDriver] [  821] - ------------------------------------------
[INFO ][2015-12-09 19:49:05,130][com.java.SeleniumDriver] [  822] - Test case being Executed: 3
[INFO ][2015-12-09 19:49:05,130][com.java.SeleniumDriver] [  833] - Test step:16
[INFO ][2015-12-09 19:49:05,130][com.java.SeleniumDriver] [  845] - Datavalue is----------PackageName
[INFO ][2015-12-09 19:49:05,130][com.java.SeleniumDriver] [  869] - DataField : TXT//div[contains(@id,'ember')]/div//input[contains(@class, 'ember-view ember-text-')]
[INFO ][2015-12-09 19:49:05,130][com.java.SeleniumDriver] [  871] - DataValue : PackageName
[INFO ][2015-12-09 19:49:05,130][com.java.SeleniumDriver] [  877] - <In Set values of the page>
[INFO ][2015-12-09 19:49:05,130][com.java.SeleniumDriver] [  880] - {Data Fields & Data Values Exist}
[INFO ][2015-12-09 19:49:05,130][com.java.SeleniumDriver] [  882] - --------------------------setting values-----------------------------
[INFO ][2015-12-09 19:49:05,130][com.java.SeleniumDriver] [  885] - Action Type : STOREVALUE
[INFO ][2015-12-09 19:49:05,131][com.java.TestType] [ 7855] - field= TXT//div[contains(@id,'ember')]/div//input[contains(@class, 'ember-view ember-text-')]
[DEBUG][2015-12-09 19:49:05,199][com.java.TestType] [ 7869] - Key:: PackageName  Value:: VL_Test#31568
[INFO ][2015-12-09 19:49:05,199][com.java.SeleniumDriver] [  894] -  RESULT true
[INFO ][2015-12-09 19:49:05,199][com.java.SeleniumDriver] [ 1100] - ?   P A S S   ?
[INFO ][2015-12-09 19:49:05,199][com.java.SeleniumDriver] [  821] - ------------------------------------------
[INFO ][2015-12-09 19:49:05,199][com.java.SeleniumDriver] [  822] - Test case being Executed: 3
[INFO ][2015-12-09 19:49:05,199][com.java.SeleniumDriver] [  833] - Test step:17
[INFO ][2015-12-09 19:49:05,199][com.java.SeleniumDriver] [  845] - Datavalue is----------5
[INFO ][2015-12-09 19:49:05,199][com.java.SeleniumDriver] [  869] - DataField : XPH//span[contains(text(),'Save')]
[INFO ][2015-12-09 19:49:05,199][com.java.SeleniumDriver] [  871] - DataValue : 5
[INFO ][2015-12-09 19:49:05,199][com.java.SeleniumDriver] [  877] - <In Set values of the page>
[INFO ][2015-12-09 19:49:05,200][com.java.SeleniumDriver] [  880] - {Data Fields & Data Values Exist}
[INFO ][2015-12-09 19:49:05,200][com.java.SeleniumDriver] [  882] - --------------------------setting values-----------------------------
[INFO ][2015-12-09 19:49:05,200][com.java.SeleniumDriver] [  885] - Action Type : WAITFORELEMENT
[INFO ][2015-12-09 19:49:05,233][com.java.SeleniumDriver] [  894] -  RESULT true
[INFO ][2015-12-09 19:49:05,234][com.java.SeleniumDriver] [ 1100] - ?   P A S S   ?
[INFO ][2015-12-09 19:49:05,234][com.java.SeleniumDriver] [  821] - ------------------------------------------
[INFO ][2015-12-09 19:49:05,234][com.java.SeleniumDriver] [  822] - Test case being Executed: 3
[INFO ][2015-12-09 19:49:05,235][com.java.SeleniumDriver] [  833] - Test step:18
[INFO ][2015-12-09 19:49:05,235][com.java.SeleniumDriver] [  845] - Datavalue is----------null
[DEBUG][2015-12-09 19:49:05,235][com.java.SeleniumDriver] [  863] - Exception: null
[INFO ][2015-12-09 19:49:05,235][com.java.SeleniumDriver] [  869] - DataField : BTNselectionTest
[INFO ][2015-12-09 19:49:05,235][com.java.SeleniumDriver] [  871] - DataValue : 
[INFO ][2015-12-09 19:49:05,235][com.java.SeleniumDriver] [  877] - <In Set values of the page>
[INFO ][2015-12-09 19:49:05,235][com.java.SeleniumDriver] [  880] - {Data Fields & Data Values Exist}
[INFO ][2015-12-09 19:49:05,235][com.java.SeleniumDriver] [  882] - --------------------------setting values-----------------------------
[INFO ][2015-12-09 19:49:05,235][com.java.SeleniumDriver] [  885] - Action Type : CLICK
[INFO ][2015-12-09 19:49:05,235][com.java.TestType] [ 5777] - Field ::BTNselectionTest
[INFO ][2015-12-09 19:49:06,235][com.java.TestType] [ 5850] - BEFORE CLICK
[INFO ][2015-12-09 19:49:08,466][com.java.TestType] [ 5857] - Unable to click the object Yes radio button
[INFO ][2015-12-09 19:49:08,466][com.java.SeleniumDriver] [  894] -  RESULT true
[INFO ][2015-12-09 19:49:08,466][com.java.SeleniumDriver] [ 1100] - ?   P A S S   ?
[INFO ][2015-12-09 19:49:08,467][com.java.SeleniumDriver] [  821] - ------------------------------------------
[INFO ][2015-12-09 19:49:08,467][com.java.SeleniumDriver] [  822] - Test case being Executed: 3
[INFO ][2015-12-09 19:49:08,467][com.java.SeleniumDriver] [  833] - Test step:19
[INFO ][2015-12-09 19:49:08,467][com.java.SeleniumDriver] [  845] - Datavalue is----------5
[INFO ][2015-12-09 19:49:08,467][com.java.SeleniumDriver] [  869] - DataField : XPH//span[contains(text(),'Save')]
[INFO ][2015-12-09 19:49:08,467][com.java.SeleniumDriver] [  871] - DataValue : 5
[INFO ][2015-12-09 19:49:08,467][com.java.SeleniumDriver] [  877] - <In Set values of the page>
[INFO ][2015-12-09 19:49:08,467][com.java.SeleniumDriver] [  880] - {Data Fields & Data Values Exist}
[INFO ][2015-12-09 19:49:08,467][com.java.SeleniumDriver] [  882] - --------------------------setting values-----------------------------
[INFO ][2015-12-09 19:49:08,467][com.java.SeleniumDriver] [  885] - Action Type : WAITFORELEMENT
[INFO ][2015-12-09 19:49:08,490][com.java.SeleniumDriver] [  894] -  RESULT true
[INFO ][2015-12-09 19:49:08,490][com.java.SeleniumDriver] [ 1100] - ?   P A S S   ?
[INFO ][2015-12-09 19:49:08,490][com.java.SeleniumDriver] [  821] - ------------------------------------------
[INFO ][2015-12-09 19:49:08,490][com.java.SeleniumDriver] [  822] - Test case being Executed: 3
[INFO ][2015-12-09 19:49:08,490][com.java.SeleniumDriver] [  833] - Test step:20
[INFO ][2015-12-09 19:49:08,490][com.java.SeleniumDriver] [  845] - Datavalue is----------null
[DEBUG][2015-12-09 19:49:08,490][com.java.SeleniumDriver] [  863] - Exception: null
[INFO ][2015-12-09 19:49:08,490][com.java.SeleniumDriver] [  869] - DataField : XPH//span[contains(text(),'Save')]
[INFO ][2015-12-09 19:49:08,490][com.java.SeleniumDriver] [  871] - DataValue : 
[INFO ][2015-12-09 19:49:08,491][com.java.SeleniumDriver] [  877] - <In Set values of the page>
[INFO ][2015-12-09 19:49:08,491][com.java.SeleniumDriver] [  880] - {Data Fields & Data Values Exist}
[INFO ][2015-12-09 19:49:08,491][com.java.SeleniumDriver] [  882] - --------------------------setting values-----------------------------
[INFO ][2015-12-09 19:49:08,491][com.java.SeleniumDriver] [  885] - Action Type : CLICK
[INFO ][2015-12-09 19:49:08,491][com.java.TestType] [ 5777] - Field ::XPH//span[contains(text(),'Save')]
[INFO ][2015-12-09 19:49:09,491][com.java.TestType] [ 5871] - BEFORE CLICK
[INFO ][2015-12-09 19:49:11,200][com.java.TestType] [ 5879] - Unable to click the object Save Button
[INFO ][2015-12-09 19:49:11,200][com.java.SeleniumDriver] [  894] -  RESULT true
[INFO ][2015-12-09 19:49:11,200][com.java.SeleniumDriver] [ 1100] - ?   P A S S   ?
[INFO ][2015-12-09 19:49:11,200][com.java.SeleniumDriver] [  821] - ------------------------------------------
[INFO ][2015-12-09 19:49:11,200][com.java.SeleniumDriver] [  822] - Test case being Executed: 3
[INFO ][2015-12-09 19:49:11,200][com.java.SeleniumDriver] [  833] - Test step:21
[INFO ][2015-12-09 19:49:11,200][com.java.SeleniumDriver] [  845] - Datavalue is----------3
[INFO ][2015-12-09 19:49:11,200][com.java.SeleniumDriver] [  869] - DataField : XPH//span[@class='dlg_Label']
[INFO ][2015-12-09 19:49:11,200][com.java.SeleniumDriver] [  871] - DataValue : 3
[INFO ][2015-12-09 19:49:11,200][com.java.SeleniumDriver] [  877] - <In Set values of the page>
[INFO ][2015-12-09 19:49:11,200][com.java.SeleniumDriver] [  880] - {Data Fields & Data Values Exist}
[INFO ][2015-12-09 19:49:11,200][com.java.SeleniumDriver] [  882] - --------------------------setting values-----------------------------
[INFO ][2015-12-09 19:49:11,200][com.java.SeleniumDriver] [  885] - Action Type : WAITFORELEMENT
[INFO ][2015-12-09 19:49:11,225][com.java.SeleniumDriver] [  894] -  RESULT true
[INFO ][2015-12-09 19:49:11,225][com.java.SeleniumDriver] [ 1100] - ?   P A S S   ?
[INFO ][2015-12-09 19:49:11,225][com.java.SeleniumDriver] [  821] - ------------------------------------------
[INFO ][2015-12-09 19:49:11,225][com.java.SeleniumDriver] [  822] - Test case being Executed: 3
[INFO ][2015-12-09 19:49:11,225][com.java.SeleniumDriver] [  833] - Test step:22
[INFO ][2015-12-09 19:49:11,225][com.java.SeleniumDriver] [  845] - Datavalue is----------Current Package
[INFO ][2015-12-09 19:49:11,225][com.java.SeleniumDriver] [  869] - DataField : XPH//span[@class='dlg_Label']
[INFO ][2015-12-09 19:49:11,225][com.java.SeleniumDriver] [  871] - DataValue : Current Package
[INFO ][2015-12-09 19:49:11,225][com.java.SeleniumDriver] [  877] - <In Set values of the page>
[INFO ][2015-12-09 19:49:11,225][com.java.SeleniumDriver] [  880] - {Data Fields & Data Values Exist}
[INFO ][2015-12-09 19:49:11,225][com.java.SeleniumDriver] [  882] - --------------------------setting values-----------------------------
[INFO ][2015-12-09 19:49:11,225][com.java.SeleniumDriver] [  885] - Action Type : VERIFY
[INFO ][2015-12-09 19:49:11,225][com.java.TestType] [ 6677] - field= XPH//span[@class='dlg_Label'] value= Current Package
[INFO ][2015-12-09 19:49:11,225][com.java.TestType] [ 5449] - value = Current Package
[INFO ][2015-12-09 19:49:11,344][com.java.SeleniumDriver] [  894] -  RESULT true
[INFO ][2015-12-09 19:49:11,344][com.java.SeleniumDriver] [ 1100] - ?   P A S S   ?
[INFO ][2015-12-09 19:49:11,344][com.java.SeleniumDriver] [  821] - ------------------------------------------
[INFO ][2015-12-09 19:49:11,344][com.java.SeleniumDriver] [  822] - Test case being Executed: 3
[INFO ][2015-12-09 19:49:11,344][com.java.SeleniumDriver] [  833] - Test step:23
[INFO ][2015-12-09 19:49:11,344][com.java.SeleniumDriver] [  845] - Datavalue is----------index:2
[INFO ][2015-12-09 19:49:11,344][com.java.SeleniumDriver] [  869] - DataField : COB//select[@action='goToNewReport']
[INFO ][2015-12-09 19:49:11,344][com.java.SeleniumDriver] [  871] - DataValue : index:2
[INFO ][2015-12-09 19:49:11,344][com.java.SeleniumDriver] [  877] - <In Set values of the page>
[INFO ][2015-12-09 19:49:11,344][com.java.SeleniumDriver] [  880] - {Data Fields & Data Values Exist}
[INFO ][2015-12-09 19:49:11,344][com.java.SeleniumDriver] [  882] - --------------------------setting values-----------------------------
[INFO ][2015-12-09 19:49:11,345][com.java.SeleniumDriver] [  885] - Action Type : SELECT
[INFO ][2015-12-09 19:49:11,345][com.java.TestType] [ 5449] - value = 2
[INFO ][2015-12-09 19:49:11,424][com.java.TestType] [ 5567] -  In COB //select[@action='goToNewReport'] : 2
[INFO ][2015-12-09 19:49:13,580][com.java.SeleniumDriver] [  894] -  RESULT true
[INFO ][2015-12-09 19:49:13,580][com.java.SeleniumDriver] [ 1100] - ?   P A S S   ?
[INFO ][2015-12-09 19:49:13,580][com.java.SeleniumDriver] [  821] - ------------------------------------------
[INFO ][2015-12-09 19:49:13,580][com.java.SeleniumDriver] [  822] - Test case being Executed: 3
[INFO ][2015-12-09 19:49:13,580][com.java.SeleniumDriver] [  833] - Test step:24
[INFO ][2015-12-09 19:49:13,580][com.java.SeleniumDriver] [  845] - Datavalue is----------5
[INFO ][2015-12-09 19:49:13,580][com.java.SeleniumDriver] [  869] - DataField : XPH//td/input[contains(@class, 'ember-view ember-')]
[INFO ][2015-12-09 19:49:13,580][com.java.SeleniumDriver] [  871] - DataValue : 5
[INFO ][2015-12-09 19:49:13,580][com.java.SeleniumDriver] [  877] - <In Set values of the page>
[INFO ][2015-12-09 19:49:13,580][com.java.SeleniumDriver] [  880] - {Data Fields & Data Values Exist}
[INFO ][2015-12-09 19:49:13,580][com.java.SeleniumDriver] [  882] - --------------------------setting values-----------------------------
[INFO ][2015-12-09 19:49:13,580][com.java.SeleniumDriver] [  885] - Action Type : WAITFORELEMENT
[INFO ][2015-12-09 19:49:13,823][com.java.SeleniumDriver] [  894] -  RESULT true
[INFO ][2015-12-09 19:49:13,824][com.java.SeleniumDriver] [ 1100] - ?   P A S S   ?
[INFO ][2015-12-09 19:49:13,824][com.java.SeleniumDriver] [  821] - ------------------------------------------
[INFO ][2015-12-09 19:49:13,824][com.java.SeleniumDriver] [  822] - Test case being Executed: 3
[INFO ][2015-12-09 19:49:13,824][com.java.SeleniumDriver] [  833] - Test step:25
[INFO ][2015-12-09 19:49:13,824][com.java.SeleniumDriver] [  845] - Datavalue is----------Executive Summary (12mos.)
[INFO ][2015-12-09 19:49:13,824][com.java.SeleniumDriver] [  869] - DataField : XPH//td/input[contains(@class, 'ember-view ember-')]
[INFO ][2015-12-09 19:49:13,824][com.java.SeleniumDriver] [  871] - DataValue : Executive Summary (12mos.)
[INFO ][2015-12-09 19:49:13,824][com.java.SeleniumDriver] [  877] - <In Set values of the page>
[INFO ][2015-12-09 19:49:13,824][com.java.SeleniumDriver] [  880] - {Data Fields & Data Values Exist}
[INFO ][2015-12-09 19:49:13,824][com.java.SeleniumDriver] [  882] - --------------------------setting values-----------------------------
[INFO ][2015-12-09 19:49:13,824][com.java.SeleniumDriver] [  885] - Action Type : VERIFY
[INFO ][2015-12-09 19:49:13,824][com.java.TestType] [ 6677] - field= XPH//td/input[contains(@class, 'ember-view ember-')] value= Executive Summary (12mos.)
[INFO ][2015-12-09 19:49:13,824][com.java.TestType] [ 5449] - value = Executive Summary (12mos.)
[INFO ][2015-12-09 19:49:13,955][com.java.SeleniumDriver] [  894] -  RESULT true
[INFO ][2015-12-09 19:49:13,955][com.java.SeleniumDriver] [ 1100] - ?   P A S S   ?
[INFO ][2015-12-09 19:49:13,955][com.java.SeleniumDriver] [  821] - ------------------------------------------
[INFO ][2015-12-09 19:49:13,955][com.java.SeleniumDriver] [  822] - Test case being Executed: 3
[INFO ][2015-12-09 19:49:13,955][com.java.SeleniumDriver] [  833] - Test step:26
[INFO ][2015-12-09 19:49:13,955][com.java.SeleniumDriver] [  845] - Datavalue is----------index:1
[INFO ][2015-12-09 19:49:13,955][com.java.SeleniumDriver] [  869] - DataField : COB//td[@colspan='2']/select
[INFO ][2015-12-09 19:49:13,955][com.java.SeleniumDriver] [  871] - DataValue : index:1
[INFO ][2015-12-09 19:49:13,955][com.java.SeleniumDriver] [  877] - <In Set values of the page>
[INFO ][2015-12-09 19:49:13,955][com.java.SeleniumDriver] [  880] - {Data Fields & Data Values Exist}
[INFO ][2015-12-09 19:49:13,955][com.java.SeleniumDriver] [  882] - --------------------------setting values-----------------------------
[INFO ][2015-12-09 19:49:13,955][com.java.SeleniumDriver] [  885] - Action Type : SELECT
[INFO ][2015-12-09 19:49:13,955][com.java.TestType] [ 5449] - value = 1
[INFO ][2015-12-09 19:49:14,036][com.java.TestType] [ 5567] -  In COB //td[@colspan='2']/select : 1
[INFO ][2015-12-09 19:49:14,452][com.java.SeleniumDriver] [  894] -  RESULT true
[INFO ][2015-12-09 19:49:14,452][com.java.SeleniumDriver] [ 1100] - ?   P A S S   ?
[INFO ][2015-12-09 19:49:14,452][com.java.SeleniumDriver] [  821] - ------------------------------------------
[INFO ][2015-12-09 19:49:14,452][com.java.SeleniumDriver] [  822] - Test case being Executed: 3
[INFO ][2015-12-09 19:49:14,452][com.java.SeleniumDriver] [  833] - Test step:27
[INFO ][2015-12-09 19:49:14,452][com.java.SeleniumDriver] [  845] - Datavalue is----------3
[INFO ][2015-12-09 19:49:14,452][com.java.SeleniumDriver] [  869] - DataField : XPH//span[contains(text(),'Save')]
[INFO ][2015-12-09 19:49:14,452][com.java.SeleniumDriver] [  871] - DataValue : 3
[INFO ][2015-12-09 19:49:14,452][com.java.SeleniumDriver] [  877] - <In Set values of the page>
[INFO ][2015-12-09 19:49:14,452][com.java.SeleniumDriver] [  880] - {Data Fields & Data Values Exist}
[INFO ][2015-12-09 19:49:14,452][com.java.SeleniumDriver] [  882] - --------------------------setting values-----------------------------
[INFO ][2015-12-09 19:49:14,452][com.java.SeleniumDriver] [  885] - Action Type : WAITFORELEMENT
[INFO ][2015-12-09 19:49:14,626][com.java.SeleniumDriver] [  894] -  RESULT true
[INFO ][2015-12-09 19:49:14,626][com.java.SeleniumDriver] [ 1100] - ?   P A S S   ?
[INFO ][2015-12-09 19:49:14,626][com.java.SeleniumDriver] [  821] - ------------------------------------------
[INFO ][2015-12-09 19:49:14,626][com.java.SeleniumDriver] [  822] - Test case being Executed: 3
[INFO ][2015-12-09 19:49:14,626][com.java.SeleniumDriver] [  833] - Test step:28
[INFO ][2015-12-09 19:49:14,626][com.java.SeleniumDriver] [  845] - Datavalue is----------null
[DEBUG][2015-12-09 19:49:14,626][com.java.SeleniumDriver] [  863] - Exception: null
[INFO ][2015-12-09 19:49:14,626][com.java.SeleniumDriver] [  869] - DataField : XPH//span[contains(text(),'Save')]
[INFO ][2015-12-09 19:49:14,626][com.java.SeleniumDriver] [  871] - DataValue : 
[INFO ][2015-12-09 19:49:14,626][com.java.SeleniumDriver] [  877] - <In Set values of the page>
[INFO ][2015-12-09 19:49:14,626][com.java.SeleniumDriver] [  880] - {Data Fields & Data Values Exist}
[INFO ][2015-12-09 19:49:14,626][com.java.SeleniumDriver] [  882] - --------------------------setting values-----------------------------
[INFO ][2015-12-09 19:49:14,627][com.java.SeleniumDriver] [  885] - Action Type : CLICK
[INFO ][2015-12-09 19:49:14,627][com.java.TestType] [ 5777] - Field ::XPH//span[contains(text(),'Save')]
[INFO ][2015-12-09 19:49:15,627][com.java.TestType] [ 5871] - BEFORE CLICK
[INFO ][2015-12-09 19:49:16,555][com.java.TestType] [ 5879] - Unable to click the object Save Button
[INFO ][2015-12-09 19:49:16,555][com.java.SeleniumDriver] [  894] -  RESULT true
[INFO ][2015-12-09 19:49:16,555][com.java.SeleniumDriver] [ 1100] - ?   P A S S   ?
[INFO ][2015-12-09 19:49:16,555][com.java.SeleniumDriver] [  821] - ------------------------------------------
[INFO ][2015-12-09 19:49:16,555][com.java.SeleniumDriver] [  822] - Test case being Executed: 3
[INFO ][2015-12-09 19:49:16,555][com.java.SeleniumDriver] [  833] - Test step:29
[INFO ][2015-12-09 19:49:16,555][com.java.SeleniumDriver] [  845] - Datavalue is----------3
[INFO ][2015-12-09 19:49:16,555][com.java.SeleniumDriver] [  869] - DataField : XPH//span[contains(text(), 'Finished')]
[INFO ][2015-12-09 19:49:16,555][com.java.SeleniumDriver] [  871] - DataValue : 3
[INFO ][2015-12-09 19:49:16,555][com.java.SeleniumDriver] [  877] - <In Set values of the page>
[INFO ][2015-12-09 19:49:16,555][com.java.SeleniumDriver] [  880] - {Data Fields & Data Values Exist}
[INFO ][2015-12-09 19:49:16,555][com.java.SeleniumDriver] [  882] - --------------------------setting values-----------------------------
[INFO ][2015-12-09 19:49:16,555][com.java.SeleniumDriver] [  885] - Action Type : WAITFORELEMENT
[INFO ][2015-12-09 19:49:17,358][com.java.SeleniumDriver] [  894] -  RESULT true
[INFO ][2015-12-09 19:49:17,358][com.java.SeleniumDriver] [ 1100] - ?   P A S S   ?
[INFO ][2015-12-09 19:49:17,358][com.java.SeleniumDriver] [  821] - ------------------------------------------
[INFO ][2015-12-09 19:49:17,358][com.java.SeleniumDriver] [  822] - Test case being Executed: 3
[INFO ][2015-12-09 19:49:17,358][com.java.SeleniumDriver] [  833] - Test step:30
[INFO ][2015-12-09 19:49:17,358][com.java.SeleniumDriver] [  845] - Datavalue is----------index:2
[INFO ][2015-12-09 19:49:17,358][com.java.SeleniumDriver] [  869] - DataField : COB//select[@action='goToNewReport']
[INFO ][2015-12-09 19:49:17,359][com.java.SeleniumDriver] [  871] - DataValue : index:2
[INFO ][2015-12-09 19:49:17,359][com.java.SeleniumDriver] [  877] - <In Set values of the page>
[INFO ][2015-12-09 19:49:17,359][com.java.SeleniumDriver] [  880] - {Data Fields & Data Values Exist}
[INFO ][2015-12-09 19:49:17,359][com.java.SeleniumDriver] [  882] - --------------------------setting values-----------------------------
[INFO ][2015-12-09 19:49:17,359][com.java.SeleniumDriver] [  885] - Action Type : SELECT
[INFO ][2015-12-09 19:49:17,359][com.java.TestType] [ 5449] - value = 2
[INFO ][2015-12-09 19:49:17,459][com.java.TestType] [ 5567] -  In COB //select[@action='goToNewReport'] : 2
[INFO ][2015-12-09 19:49:19,616][com.java.SeleniumDriver] [  894] -  RESULT true
[INFO ][2015-12-09 19:49:19,616][com.java.SeleniumDriver] [ 1100] - ?   P A S S   ?
[INFO ][2015-12-09 19:49:19,616][com.java.SeleniumDriver] [  821] - ------------------------------------------
[INFO ][2015-12-09 19:49:19,616][com.java.SeleniumDriver] [  822] - Test case being Executed: 3
[INFO ][2015-12-09 19:49:19,616][com.java.SeleniumDriver] [  833] - Test step:31
[INFO ][2015-12-09 19:49:19,616][com.java.SeleniumDriver] [  845] - Datavalue is----------5
[INFO ][2015-12-09 19:49:19,616][com.java.SeleniumDriver] [  869] - DataField : XPH//td/input[contains(@class, 'ember-view ember-')]
[INFO ][2015-12-09 19:49:19,616][com.java.SeleniumDriver] [  871] - DataValue : 5
[INFO ][2015-12-09 19:49:19,616][com.java.SeleniumDriver] [  877] - <In Set values of the page>
[INFO ][2015-12-09 19:49:19,617][com.java.SeleniumDriver] [  880] - {Data Fields & Data Values Exist}
[INFO ][2015-12-09 19:49:19,617][com.java.SeleniumDriver] [  882] - --------------------------setting values-----------------------------
[INFO ][2015-12-09 19:49:19,617][com.java.SeleniumDriver] [  885] - Action Type : WAITFORELEMENT
[INFO ][2015-12-09 19:49:19,880][com.java.SeleniumDriver] [  894] -  RESULT true
[INFO ][2015-12-09 19:49:19,880][com.java.SeleniumDriver] [ 1100] - ?   P A S S   ?
[INFO ][2015-12-09 19:49:19,880][com.java.SeleniumDriver] [  821] - ------------------------------------------
[INFO ][2015-12-09 19:49:19,880][com.java.SeleniumDriver] [  822] - Test case being Executed: 3
[INFO ][2015-12-09 19:49:19,880][com.java.SeleniumDriver] [  833] - Test step:32
[INFO ][2015-12-09 19:49:19,880][com.java.SeleniumDriver] [  845] - Datavalue is----------Executive Summary (12mos.)
[INFO ][2015-12-09 19:49:19,880][com.java.SeleniumDriver] [  869] - DataField : XPH//td/input[contains(@class, 'ember-view ember-')]
[INFO ][2015-12-09 19:49:19,880][com.java.SeleniumDriver] [  871] - DataValue : Executive Summary (12mos.)
[INFO ][2015-12-09 19:49:19,880][com.java.SeleniumDriver] [  877] - <In Set values of the page>
[INFO ][2015-12-09 19:49:19,880][com.java.SeleniumDriver] [  880] - {Data Fields & Data Values Exist}
[INFO ][2015-12-09 19:49:19,880][com.java.SeleniumDriver] [  882] - --------------------------setting values-----------------------------
[INFO ][2015-12-09 19:49:19,880][com.java.SeleniumDriver] [  885] - Action Type : VERIFY
[INFO ][2015-12-09 19:49:19,881][com.java.TestType] [ 6677] - field= XPH//td/input[contains(@class, 'ember-view ember-')] value= Executive Summary (12mos.)
[INFO ][2015-12-09 19:49:19,881][com.java.TestType] [ 5449] - value = Executive Summary (12mos.)
[INFO ][2015-12-09 19:49:20,012][com.java.SeleniumDriver] [  894] -  RESULT true
[INFO ][2015-12-09 19:49:20,012][com.java.SeleniumDriver] [ 1100] - ?   P A S S   ?
[INFO ][2015-12-09 19:49:20,012][com.java.SeleniumDriver] [  821] - ------------------------------------------
[INFO ][2015-12-09 19:49:20,012][com.java.SeleniumDriver] [  822] - Test case being Executed: 3
[INFO ][2015-12-09 19:49:20,012][com.java.SeleniumDriver] [  833] - Test step:33
[INFO ][2015-12-09 19:49:20,012][com.java.SeleniumDriver] [  845] - Datavalue is----------index:2
[INFO ][2015-12-09 19:49:20,012][com.java.SeleniumDriver] [  869] - DataField : COB//td[@colspan='2']/select
[INFO ][2015-12-09 19:49:20,012][com.java.SeleniumDriver] [  871] - DataValue : index:2
[INFO ][2015-12-09 19:49:20,012][com.java.SeleniumDriver] [  877] - <In Set values of the page>
[INFO ][2015-12-09 19:49:20,012][com.java.SeleniumDriver] [  880] - {Data Fields & Data Values Exist}
[INFO ][2015-12-09 19:49:20,012][com.java.SeleniumDriver] [  882] - --------------------------setting values-----------------------------
[INFO ][2015-12-09 19:49:20,012][com.java.SeleniumDriver] [  885] - Action Type : SELECT
[INFO ][2015-12-09 19:49:20,013][com.java.TestType] [ 5449] - value = 2
[INFO ][2015-12-09 19:49:20,091][com.java.TestType] [ 5567] -  In COB //td[@colspan='2']/select : 2
[INFO ][2015-12-09 19:49:20,524][com.java.SeleniumDriver] [  894] -  RESULT true
[INFO ][2015-12-09 19:49:20,524][com.java.SeleniumDriver] [ 1100] - ?   P A S S   ?
[INFO ][2015-12-09 19:49:20,524][com.java.SeleniumDriver] [  821] - ------------------------------------------
[INFO ][2015-12-09 19:49:20,524][com.java.SeleniumDriver] [  822] - Test case being Executed: 3
[INFO ][2015-12-09 19:49:20,524][com.java.SeleniumDriver] [  833] - Test step:34
[INFO ][2015-12-09 19:49:20,524][com.java.SeleniumDriver] [  845] - Datavalue is----------3
[INFO ][2015-12-09 19:49:20,524][com.java.SeleniumDriver] [  869] - DataField : XPH//span[contains(text(),'Save')]
[INFO ][2015-12-09 19:49:20,524][com.java.SeleniumDriver] [  871] - DataValue : 3
[INFO ][2015-12-09 19:49:20,524][com.java.SeleniumDriver] [  877] - <In Set values of the page>
[INFO ][2015-12-09 19:49:20,524][com.java.SeleniumDriver] [  880] - {Data Fields & Data Values Exist}
[INFO ][2015-12-09 19:49:20,524][com.java.SeleniumDriver] [  882] - --------------------------setting values-----------------------------
[INFO ][2015-12-09 19:49:20,524][com.java.SeleniumDriver] [  885] - Action Type : WAITFORELEMENT
[INFO ][2015-12-09 19:49:20,677][com.java.SeleniumDriver] [  894] -  RESULT true
[INFO ][2015-12-09 19:49:20,677][com.java.SeleniumDriver] [ 1100] - ?   P A S S   ?
[INFO ][2015-12-09 19:49:20,677][com.java.SeleniumDriver] [  821] - ------------------------------------------
[INFO ][2015-12-09 19:49:20,677][com.java.SeleniumDriver] [  822] - Test case being Executed: 3
[INFO ][2015-12-09 19:49:20,677][com.java.SeleniumDriver] [  833] - Test step:35
[INFO ][2015-12-09 19:49:20,677][com.java.SeleniumDriver] [  845] - Datavalue is----------null
[DEBUG][2015-12-09 19:49:20,677][com.java.SeleniumDriver] [  863] - Exception: null
[INFO ][2015-12-09 19:49:20,677][com.java.SeleniumDriver] [  869] - DataField : XPH//span[contains(text(),'Save')]
[INFO ][2015-12-09 19:49:20,679][com.java.SeleniumDriver] [  871] - DataValue : 
[INFO ][2015-12-09 19:49:20,679][com.java.SeleniumDriver] [  877] - <In Set values of the page>
[INFO ][2015-12-09 19:49:20,679][com.java.SeleniumDriver] [  880] - {Data Fields & Data Values Exist}
[INFO ][2015-12-09 19:49:20,679][com.java.SeleniumDriver] [  882] - --------------------------setting values-----------------------------
[INFO ][2015-12-09 19:49:20,679][com.java.SeleniumDriver] [  885] - Action Type : CLICK
[INFO ][2015-12-09 19:49:20,679][com.java.TestType] [ 5777] - Field ::XPH//span[contains(text(),'Save')]
[INFO ][2015-12-09 19:49:21,679][com.java.TestType] [ 5871] - BEFORE CLICK
[INFO ][2015-12-09 19:49:22,631][com.java.TestType] [ 5879] - Unable to click the object Save Button
[INFO ][2015-12-09 19:49:22,631][com.java.SeleniumDriver] [  894] -  RESULT true
[INFO ][2015-12-09 19:49:22,631][com.java.SeleniumDriver] [ 1100] - ?   P A S S   ?
[INFO ][2015-12-09 19:49:22,631][com.java.SeleniumDriver] [  821] - ------------------------------------------
[INFO ][2015-12-09 19:49:22,631][com.java.SeleniumDriver] [  822] - Test case being Executed: 3
[INFO ][2015-12-09 19:49:22,631][com.java.SeleniumDriver] [  833] - Test step:36
[INFO ][2015-12-09 19:49:22,631][com.java.SeleniumDriver] [  845] - Datavalue is----------3
[INFO ][2015-12-09 19:49:22,631][com.java.SeleniumDriver] [  869] - DataField : XPH//span[contains(text(), 'Finished')]
[INFO ][2015-12-09 19:49:22,631][com.java.SeleniumDriver] [  871] - DataValue : 3
[INFO ][2015-12-09 19:49:22,631][com.java.SeleniumDriver] [  877] - <In Set values of the page>
[INFO ][2015-12-09 19:49:22,631][com.java.SeleniumDriver] [  880] - {Data Fields & Data Values Exist}
[INFO ][2015-12-09 19:49:22,631][com.java.SeleniumDriver] [  882] - --------------------------setting values-----------------------------
[INFO ][2015-12-09 19:49:22,631][com.java.SeleniumDriver] [  885] - Action Type : WAITFORELEMENT
[INFO ][2015-12-09 19:49:23,365][com.java.SeleniumDriver] [  894] -  RESULT true
[INFO ][2015-12-09 19:49:23,365][com.java.SeleniumDriver] [ 1100] - ?   P A S S   ?
[INFO ][2015-12-09 19:49:23,366][com.java.SeleniumDriver] [  821] - ------------------------------------------
[INFO ][2015-12-09 19:49:23,366][com.java.SeleniumDriver] [  822] - Test case being Executed: 3
[INFO ][2015-12-09 19:49:23,367][com.java.SeleniumDriver] [  833] - Test step:37
[INFO ][2015-12-09 19:49:23,367][com.java.SeleniumDriver] [  845] - Datavalue is----------null
[DEBUG][2015-12-09 19:49:23,367][com.java.SeleniumDriver] [  863] - Exception: null
[INFO ][2015-12-09 19:49:23,367][com.java.SeleniumDriver] [  869] - DataField : XPH//span[contains(text(), 'Finished')]
[INFO ][2015-12-09 19:49:23,367][com.java.SeleniumDriver] [  871] - DataValue : 
[INFO ][2015-12-09 19:49:23,367][com.java.SeleniumDriver] [  877] - <In Set values of the page>
[INFO ][2015-12-09 19:49:23,367][com.java.SeleniumDriver] [  880] - {Data Fields & Data Values Exist}
[INFO ][2015-12-09 19:49:23,367][com.java.SeleniumDriver] [  882] - --------------------------setting values-----------------------------
[INFO ][2015-12-09 19:49:23,367][com.java.SeleniumDriver] [  885] - Action Type : CLICK
[INFO ][2015-12-09 19:49:23,367][com.java.TestType] [ 5777] - Field ::XPH//span[contains(text(), 'Finished')]
[INFO ][2015-12-09 19:49:24,367][com.java.TestType] [ 5871] - BEFORE CLICK
[INFO ][2015-12-09 19:49:25,170][com.java.TestType] [ 5879] - Unable to click the object Finished button
[INFO ][2015-12-09 19:49:25,170][com.java.SeleniumDriver] [  894] -  RESULT true
[INFO ][2015-12-09 19:49:25,170][com.java.SeleniumDriver] [ 1100] - ?   P A S S   ?
[INFO ][2015-12-09 19:49:25,170][com.java.SeleniumDriver] [  821] - ------------------------------------------
[INFO ][2015-12-09 19:49:25,170][com.java.SeleniumDriver] [  822] - Test case being Executed: 3
[INFO ][2015-12-09 19:49:25,170][com.java.SeleniumDriver] [  833] - Test step:38
[INFO ][2015-12-09 19:49:25,170][com.java.SeleniumDriver] [  845] - Datavalue is----------20
[INFO ][2015-12-09 19:49:25,170][com.java.SeleniumDriver] [  869] - DataField : test
[INFO ][2015-12-09 19:49:25,170][com.java.SeleniumDriver] [  871] - DataValue : 20
[INFO ][2015-12-09 19:49:25,170][com.java.SeleniumDriver] [  877] - <In Set values of the page>
[INFO ][2015-12-09 19:49:25,170][com.java.SeleniumDriver] [  880] - {Data Fields & Data Values Exist}
[INFO ][2015-12-09 19:49:25,170][com.java.SeleniumDriver] [  882] - --------------------------setting values-----------------------------
[INFO ][2015-12-09 19:49:25,170][com.java.SeleniumDriver] [  885] - Action Type : WaitTime
[DEBUG][2015-12-09 19:49:25,171][com.java.TestType] [ 5269] - sleepTime: 20000
[INFO ][2015-12-09 19:49:45,170][com.java.SeleniumDriver] [  894] -  RESULT true
[INFO ][2015-12-09 19:49:45,170][com.java.SeleniumDriver] [ 1100] - ?   P A S S   ?
[INFO ][2015-12-09 19:49:45,170][com.java.SeleniumDriver] [  821] - ------------------------------------------
[INFO ][2015-12-09 19:49:45,170][com.java.SeleniumDriver] [  822] - Test case being Executed: 3
[INFO ][2015-12-09 19:49:45,170][com.java.SeleniumDriver] [  833] - Test step:39
[INFO ][2015-12-09 19:49:45,170][com.java.SeleniumDriver] [  845] - Datavalue is----------null
[DEBUG][2015-12-09 19:49:45,170][com.java.SeleniumDriver] [  863] - Exception: null
[INFO ][2015-12-09 19:49:45,170][com.java.SeleniumDriver] [  869] - DataField : BTNparent
[INFO ][2015-12-09 19:49:45,170][com.java.SeleniumDriver] [  871] - DataValue : 
[INFO ][2015-12-09 19:49:45,170][com.java.SeleniumDriver] [  877] - <In Set values of the page>
[INFO ][2015-12-09 19:49:45,170][com.java.SeleniumDriver] [  880] - {Data Fields & Data Values Exist}
[INFO ][2015-12-09 19:49:45,170][com.java.SeleniumDriver] [  882] - --------------------------setting values-----------------------------
[INFO ][2015-12-09 19:49:45,170][com.java.SeleniumDriver] [  885] - Action Type : SELECTFRAME
[INFO ][2015-12-09 19:49:45,184][com.java.SeleniumDriver] [  894] -  RESULT true
[INFO ][2015-12-09 19:49:45,184][com.java.SeleniumDriver] [ 1100] - ?   P A S S   ?
[INFO ][2015-12-09 19:49:45,184][com.java.SeleniumDriver] [  821] - ------------------------------------------
[INFO ][2015-12-09 19:49:45,184][com.java.SeleniumDriver] [  822] - Test case being Executed: 3
[INFO ][2015-12-09 19:49:45,184][com.java.SeleniumDriver] [  833] - Test step:40
[INFO ][2015-12-09 19:49:45,184][com.java.SeleniumDriver] [  845] - Datavalue is----------20
[INFO ][2015-12-09 19:49:45,184][com.java.SeleniumDriver] [  869] - DataField : test
[INFO ][2015-12-09 19:49:45,184][com.java.SeleniumDriver] [  871] - DataValue : 20
[INFO ][2015-12-09 19:49:45,184][com.java.SeleniumDriver] [  877] - <In Set values of the page>
[INFO ][2015-12-09 19:49:45,184][com.java.SeleniumDriver] [  880] - {Data Fields & Data Values Exist}
[INFO ][2015-12-09 19:49:45,184][com.java.SeleniumDriver] [  882] - --------------------------setting values-----------------------------
[INFO ][2015-12-09 19:49:45,184][com.java.SeleniumDriver] [  885] - Action Type : WaitTime
[DEBUG][2015-12-09 19:49:45,184][com.java.TestType] [ 5269] - sleepTime: 20000
[INFO ][2015-12-09 19:50:05,184][com.java.SeleniumDriver] [  894] -  RESULT true
[INFO ][2015-12-09 19:50:05,184][com.java.SeleniumDriver] [ 1100] - ?   P A S S   ?
[INFO ][2015-12-09 19:50:05,184][com.java.SeleniumDriver] [  821] - ------------------------------------------
[INFO ][2015-12-09 19:50:05,184][com.java.SeleniumDriver] [  822] - Test case being Executed: 3
[INFO ][2015-12-09 19:50:05,184][com.java.SeleniumDriver] [  833] - Test step:41
[INFO ][2015-12-09 19:50:05,184][com.java.SeleniumDriver] [  845] - Datavalue is----------Concept#4:1-18
[INFO ][2015-12-09 19:50:05,184][com.java.SeleniumDriver] [  869] - DataField : test
[INFO ][2015-12-09 19:50:05,184][com.java.SeleniumDriver] [  871] - DataValue : Concept#4:1-18
[INFO ][2015-12-09 19:50:05,184][com.java.SeleniumDriver] [  877] - <In Set values of the page>
[INFO ][2015-12-09 19:50:05,184][com.java.SeleniumDriver] [  880] - {Data Fields & Data Values Exist}
[INFO ][2015-12-09 19:50:05,184][com.java.SeleniumDriver] [  882] - --------------------------setting values-----------------------------
[INFO ][2015-12-09 19:50:05,184][com.java.SeleniumDriver] [  885] - Action Type : ExecuteTestCase
[INFO ][2015-12-09 19:50:05,185][com.java.TestType] [  436] - The Concept sheet name is ---------- Concept
[INFO ][2015-12-09 19:50:05,185][com.java.TestType] [  439] - The Concept ID  is ---------- 4
[DEBUG][2015-12-09 19:50:05,185][com.java.TestType] [  443] - Steps being executted in the Concept are: 1:18
[INFO ][2015-12-09 19:50:05,185][com.java.TestType] [  450] - Test data details path ---------- D:\BankersDashboard\TestInputs\TestData.xls
[INFO ][2015-12-09 19:50:05,224][com.java.TestType] [  481] -  str(1) = 4
[INFO ][2015-12-09 19:50:05,224][com.java.TestType] [  484] - Test case Id is---4
[INFO ][2015-12-09 19:50:05,224][com.java.TestType] [  486] - 4
[INFO ][2015-12-09 19:50:05,224][com.java.TestType] [  481] -  str(2) = 1
[INFO ][2015-12-09 19:50:05,225][com.java.TestType] [  533] - row values are--------{1=com.java.Objects.TestDataDetails@e8a936}
[INFO ][2015-12-09 19:50:05,225][com.java.TestType] [  481] -  str(1) = 4
[INFO ][2015-12-09 19:50:05,226][com.java.TestType] [  484] - Test case Id is---4
[INFO ][2015-12-09 19:50:05,226][com.java.TestType] [  486] - 4
[INFO ][2015-12-09 19:50:05,226][com.java.TestType] [  481] -  str(2) = 2
[INFO ][2015-12-09 19:50:05,226][com.java.TestType] [  533] - row values are--------{1=com.java.Objects.TestDataDetails@e8a936, 2=com.java.Objects.TestDataDetails@63acc}
[INFO ][2015-12-09 19:50:05,226][com.java.TestType] [  481] -  str(1) = 4
[INFO ][2015-12-09 19:50:05,226][com.java.TestType] [  484] - Test case Id is---4
[INFO ][2015-12-09 19:50:05,226][com.java.TestType] [  486] - 4
[INFO ][2015-12-09 19:50:05,227][com.java.TestType] [  481] -  str(2) = 3
[INFO ][2015-12-09 19:50:05,227][com.java.TestType] [  533] - row values are--------{1=com.java.Objects.TestDataDetails@e8a936, 2=com.java.Objects.TestDataDetails@63acc, 3=com.java.Objects.TestDataDetails@1a9fb56}
[INFO ][2015-12-09 19:50:05,227][com.java.TestType] [  481] -  str(1) = 4
[INFO ][2015-12-09 19:50:05,227][com.java.TestType] [  484] - Test case Id is---4
[INFO ][2015-12-09 19:50:05,227][com.java.TestType] [  486] - 4
[INFO ][2015-12-09 19:50:05,227][com.java.TestType] [  481] -  str(2) = 4
[INFO ][2015-12-09 19:50:05,229][com.java.TestType] [  533] - row values are--------{1=com.java.Objects.TestDataDetails@e8a936, 2=com.java.Objects.TestDataDetails@63acc, 3=com.java.Objects.TestDataDetails@1a9fb56, 4=com.java.Objects.TestDataDetails@a0c364}
[INFO ][2015-12-09 19:50:05,229][com.java.TestType] [  481] -  str(1) = 4
[INFO ][2015-12-09 19:50:05,229][com.java.TestType] [  484] - Test case Id is---4
[INFO ][2015-12-09 19:50:05,229][com.java.TestType] [  486] - 4
[INFO ][2015-12-09 19:50:05,229][com.java.TestType] [  481] -  str(2) = 5
[INFO ][2015-12-09 19:50:05,230][com.java.TestType] [  533] - row values are--------{1=com.java.Objects.TestDataDetails@e8a936, 2=com.java.Objects.TestDataDetails@63acc, 3=com.java.Objects.TestDataDetails@1a9fb56, 4=com.java.Objects.TestDataDetails@a0c364, 5=com.java.Objects.TestDataDetails@897819}
[INFO ][2015-12-09 19:50:05,230][com.java.TestType] [  481] -  str(1) = 4
[INFO ][2015-12-09 19:50:05,230][com.java.TestType] [  484] - Test case Id is---4
[INFO ][2015-12-09 19:50:05,230][com.java.TestType] [  486] - 4
[INFO ][2015-12-09 19:50:05,230][com.java.TestType] [  481] -  str(2) = 6
[INFO ][2015-12-09 19:50:05,231][com.java.TestType] [  533] - row values are--------{1=com.java.Objects.TestDataDetails@e8a936, 2=com.java.Objects.TestDataDetails@63acc, 3=com.java.Objects.TestDataDetails@1a9fb56, 4=com.java.Objects.TestDataDetails@a0c364, 5=com.java.Objects.TestDataDetails@897819, 6=com.java.Objects.TestDataDetails@1d476ab}
[INFO ][2015-12-09 19:50:05,231][com.java.TestType] [  481] -  str(1) = 4
[INFO ][2015-12-09 19:50:05,231][com.java.TestType] [  484] - Test case Id is---4
[INFO ][2015-12-09 19:50:05,231][com.java.TestType] [  486] - 4
[INFO ][2015-12-09 19:50:05,231][com.java.TestType] [  481] -  str(2) = 7
[INFO ][2015-12-09 19:50:05,232][com.java.TestType] [  533] - row values are--------{1=com.java.Objects.TestDataDetails@e8a936, 2=com.java.Objects.TestDataDetails@63acc, 3=com.java.Objects.TestDataDetails@1a9fb56, 4=com.java.Objects.TestDataDetails@a0c364, 5=com.java.Objects.TestDataDetails@897819, 6=com.java.Objects.TestDataDetails@1d476ab, 7=com.java.Objects.TestDataDetails@11541d8}
[INFO ][2015-12-09 19:50:05,232][com.java.TestType] [  481] -  str(1) = 4
[INFO ][2015-12-09 19:50:05,232][com.java.TestType] [  484] - Test case Id is---4
[INFO ][2015-12-09 19:50:05,232][com.java.TestType] [  486] - 4
[INFO ][2015-12-09 19:50:05,232][com.java.TestType] [  481] -  str(2) = 8
[INFO ][2015-12-09 19:50:05,232][com.java.TestType] [  533] - row values are--------{1=com.java.Objects.TestDataDetails@e8a936, 2=com.java.Objects.TestDataDetails@63acc, 3=com.java.Objects.TestDataDetails@1a9fb56, 4=com.java.Objects.TestDataDetails@a0c364, 5=com.java.Objects.TestDataDetails@897819, 6=com.java.Objects.TestDataDetails@1d476ab, 7=com.java.Objects.TestDataDetails@11541d8, 8=com.java.Objects.TestDataDetails@1fd8364}
[INFO ][2015-12-09 19:50:05,233][com.java.TestType] [  481] -  str(1) = 4
[INFO ][2015-12-09 19:50:05,233][com.java.TestType] [  484] - Test case Id is---4
[INFO ][2015-12-09 19:50:05,233][com.java.TestType] [  486] - 4
[INFO ][2015-12-09 19:50:05,233][com.java.TestType] [  481] -  str(2) = 9
[INFO ][2015-12-09 19:50:05,233][com.java.TestType] [  533] - row values are--------{1=com.java.Objects.TestDataDetails@e8a936, 2=com.java.Objects.TestDataDetails@63acc, 3=com.java.Objects.TestDataDetails@1a9fb56, 4=com.java.Objects.TestDataDetails@a0c364, 5=com.java.Objects.TestDataDetails@897819, 6=com.java.Objects.TestDataDetails@1d476ab, 7=com.java.Objects.TestDataDetails@11541d8, 8=com.java.Objects.TestDataDetails@1fd8364, 9=com.java.Objects.TestDataDetails@1eb9df0}
[INFO ][2015-12-09 19:50:05,234][com.java.TestType] [  481] -  str(1) = 4
[INFO ][2015-12-09 19:50:05,234][com.java.TestType] [  484] - Test case Id is---4
[INFO ][2015-12-09 19:50:05,234][com.java.TestType] [  486] - 4
[INFO ][2015-12-09 19:50:05,234][com.java.TestType] [  481] -  str(2) = 10
[INFO ][2015-12-09 19:50:05,234][com.java.TestType] [  533] - row values are--------{1=com.java.Objects.TestDataDetails@e8a936, 2=com.java.Objects.TestDataDetails@63acc, 3=com.java.Objects.TestDataDetails@1a9fb56, 4=com.java.Objects.TestDataDetails@a0c364, 5=com.java.Objects.TestDataDetails@897819, 6=com.java.Objects.TestDataDetails@1d476ab, 7=com.java.Objects.TestDataDetails@11541d8, 8=com.java.Objects.TestDataDetails@1fd8364, 9=com.java.Objects.TestDataDetails@1eb9df0, 10=com.java.Objects.TestDataDetails@1417a47}
[INFO ][2015-12-09 19:50:05,234][com.java.TestType] [  481] -  str(1) = 4
[INFO ][2015-12-09 19:50:05,235][com.java.TestType] [  484] - Test case Id is---4
[INFO ][2015-12-09 19:50:05,235][com.java.TestType] [  486] - 4
[INFO ][2015-12-09 19:50:05,235][com.java.TestType] [  481] -  str(2) = 11
[INFO ][2015-12-09 19:50:05,235][com.java.TestType] [  533] - row values are--------{1=com.java.Objects.TestDataDetails@e8a936, 2=com.java.Objects.TestDataDetails@63acc, 3=com.java.Objects.TestDataDetails@1a9fb56, 4=com.java.Objects.TestDataDetails@a0c364, 5=com.java.Objects.TestDataDetails@897819, 6=com.java.Objects.TestDataDetails@1d476ab, 7=com.java.Objects.TestDataDetails@11541d8, 8=com.java.Objects.TestDataDetails@1fd8364, 9=com.java.Objects.TestDataDetails@1eb9df0, 10=com.java.Objects.TestDataDetails@1417a47, 11=com.java.Objects.TestDataDetails@f8cf1b}
[INFO ][2015-12-09 19:50:05,235][com.java.TestType] [  481] -  str(1) = 4
[INFO ][2015-12-09 19:50:05,235][com.java.TestType] [  484] - Test case Id is---4
[INFO ][2015-12-09 19:50:05,235][com.java.TestType] [  486] - 4
[INFO ][2015-12-09 19:50:05,236][com.java.TestType] [  481] -  str(2) = 12
[INFO ][2015-12-09 19:50:05,237][com.java.TestType] [  533] - row values are--------{1=com.java.Objects.TestDataDetails@e8a936, 2=com.java.Objects.TestDataDetails@63acc, 3=com.java.Objects.TestDataDetails@1a9fb56, 4=com.java.Objects.TestDataDetails@a0c364, 5=com.java.Objects.TestDataDetails@897819, 6=com.java.Objects.TestDataDetails@1d476ab, 7=com.java.Objects.TestDataDetails@11541d8, 8=com.java.Objects.TestDataDetails@1fd8364, 9=com.java.Objects.TestDataDetails@1eb9df0, 10=com.java.Objects.TestDataDetails@1417a47, 11=com.java.Objects.TestDataDetails@f8cf1b, 12=com.java.Objects.TestDataDetails@1e3d101}
[INFO ][2015-12-09 19:50:05,237][com.java.TestType] [  481] -  str(1) = 4
[INFO ][2015-12-09 19:50:05,237][com.java.TestType] [  484] - Test case Id is---4
[INFO ][2015-12-09 19:50:05,237][com.java.TestType] [  486] - 4
[INFO ][2015-12-09 19:50:05,237][com.java.TestType] [  481] -  str(2) = 13
[INFO ][2015-12-09 19:50:05,238][com.java.TestType] [  533] - row values are--------{1=com.java.Objects.TestDataDetails@e8a936, 2=com.java.Objects.TestDataDetails@63acc, 3=com.java.Objects.TestDataDetails@1a9fb56, 4=com.java.Objects.TestDataDetails@a0c364, 5=com.java.Objects.TestDataDetails@897819, 6=com.java.Objects.TestDataDetails@1d476ab, 7=com.java.Objects.TestDataDetails@11541d8, 8=com.java.Objects.TestDataDetails@1fd8364, 9=com.java.Objects.TestDataDetails@1eb9df0, 10=com.java.Objects.TestDataDetails@1417a47, 11=com.java.Objects.TestDataDetails@f8cf1b, 12=com.java.Objects.TestDataDetails@1e3d101, 13=com.java.Objects.TestDataDetails@d62dd4}
[INFO ][2015-12-09 19:50:05,238][com.java.TestType] [  481] -  str(1) = 4
[INFO ][2015-12-09 19:50:05,238][com.java.TestType] [  484] - Test case Id is---4
[INFO ][2015-12-09 19:50:05,238][com.java.TestType] [  486] - 4
[INFO ][2015-12-09 19:50:05,238][com.java.TestType] [  481] -  str(2) = 14
[INFO ][2015-12-09 19:50:05,239][com.java.TestType] [  533] - row values are--------{1=com.java.Objects.TestDataDetails@e8a936, 2=com.java.Objects.TestDataDetails@63acc, 3=com.java.Objects.TestDataDetails@1a9fb56, 4=com.java.Objects.TestDataDetails@a0c364, 5=com.java.Objects.TestDataDetails@897819, 6=com.java.Objects.TestDataDetails@1d476ab, 7=com.java.Objects.TestDataDetails@11541d8, 8=com.java.Objects.TestDataDetails@1fd8364, 9=com.java.Objects.TestDataDetails@1eb9df0, 10=com.java.Objects.TestDataDetails@1417a47, 11=com.java.Objects.TestDataDetails@f8cf1b, 12=com.java.Objects.TestDataDetails@1e3d101, 13=com.java.Objects.TestDataDetails@d62dd4, 14=com.java.Objects.TestDataDetails@21dfa1}
[INFO ][2015-12-09 19:50:05,239][com.java.TestType] [  481] -  str(1) = 4
[INFO ][2015-12-09 19:50:05,239][com.java.TestType] [  484] - Test case Id is---4
[INFO ][2015-12-09 19:50:05,239][com.java.TestType] [  486] - 4
[INFO ][2015-12-09 19:50:05,239][com.java.TestType] [  481] -  str(2) = 15
[INFO ][2015-12-09 19:50:05,239][com.java.TestType] [  533] - row values are--------{1=com.java.Objects.TestDataDetails@e8a936, 2=com.java.Objects.TestDataDetails@63acc, 3=com.java.Objects.TestDataDetails@1a9fb56, 4=com.java.Objects.TestDataDetails@a0c364, 5=com.java.Objects.TestDataDetails@897819, 6=com.java.Objects.TestDataDetails@1d476ab, 7=com.java.Objects.TestDataDetails@11541d8, 8=com.java.Objects.TestDataDetails@1fd8364, 9=com.java.Objects.TestDataDetails@1eb9df0, 10=com.java.Objects.TestDataDetails@1417a47, 11=com.java.Objects.TestDataDetails@f8cf1b, 12=com.java.Objects.TestDataDetails@1e3d101, 13=com.java.Objects.TestDataDetails@d62dd4, 14=com.java.Objects.TestDataDetails@21dfa1, 15=com.java.Objects.TestDataDetails@135cc8e}
[INFO ][2015-12-09 19:50:05,240][com.java.TestType] [  481] -  str(1) = 4
[INFO ][2015-12-09 19:50:05,240][com.java.TestType] [  484] - Test case Id is---4
[INFO ][2015-12-09 19:50:05,240][com.java.TestType] [  486] - 4
[INFO ][2015-12-09 19:50:05,240][com.java.TestType] [  481] -  str(2) = 16
[INFO ][2015-12-09 19:50:05,240][com.java.TestType] [  533] - row values are--------{1=com.java.Objects.TestDataDetails@e8a936, 2=com.java.Objects.TestDataDetails@63acc, 3=com.java.Objects.TestDataDetails@1a9fb56, 4=com.java.Objects.TestDataDetails@a0c364, 5=com.java.Objects.TestDataDetails@897819, 6=com.java.Objects.TestDataDetails@1d476ab, 7=com.java.Objects.TestDataDetails@11541d8, 8=com.java.Objects.TestDataDetails@1fd8364, 9=com.java.Objects.TestDataDetails@1eb9df0, 10=com.java.Objects.TestDataDetails@1417a47, 11=com.java.Objects.TestDataDetails@f8cf1b, 12=com.java.Objects.TestDataDetails@1e3d101, 13=com.java.Objects.TestDataDetails@d62dd4, 14=com.java.Objects.TestDataDetails@21dfa1, 15=com.java.Objects.TestDataDetails@135cc8e, 16=com.java.Objects.TestDataDetails@a52b44}
[INFO ][2015-12-09 19:50:05,240][com.java.TestType] [  481] -  str(1) = 4
[INFO ][2015-12-09 19:50:05,241][com.java.TestType] [  484] - Test case Id is---4
[INFO ][2015-12-09 19:50:05,241][com.java.TestType] [  486] - 4
[INFO ][2015-12-09 19:50:05,241][com.java.TestType] [  481] -  str(2) = 17
[INFO ][2015-12-09 19:50:05,241][com.java.TestType] [  533] - row values are--------{1=com.java.Objects.TestDataDetails@e8a936, 2=com.java.Objects.TestDataDetails@63acc, 3=com.java.Objects.TestDataDetails@1a9fb56, 4=com.java.Objects.TestDataDetails@a0c364, 5=com.java.Objects.TestDataDetails@897819, 6=com.java.Objects.TestDataDetails@1d476ab, 7=com.java.Objects.TestDataDetails@11541d8, 8=com.java.Objects.TestDataDetails@1fd8364, 9=com.java.Objects.TestDataDetails@1eb9df0, 10=com.java.Objects.TestDataDetails@1417a47, 11=com.java.Objects.TestDataDetails@f8cf1b, 12=com.java.Objects.TestDataDetails@1e3d101, 13=com.java.Objects.TestDataDetails@d62dd4, 14=com.java.Objects.TestDataDetails@21dfa1, 15=com.java.Objects.TestDataDetails@135cc8e, 17=com.java.Objects.TestDataDetails@e295d8, 16=com.java.Objects.TestDataDetails@a52b44}
[INFO ][2015-12-09 19:50:05,241][com.java.TestType] [  481] -  str(1) = 4
[INFO ][2015-12-09 19:50:05,241][com.java.TestType] [  484] - Test case Id is---4
[INFO ][2015-12-09 19:50:05,241][com.java.TestType] [  486] - 4
[INFO ][2015-12-09 19:50:05,242][com.java.TestType] [  481] -  str(2) = 18
[INFO ][2015-12-09 19:50:05,242][com.java.TestType] [  533] - row values are--------{1=com.java.Objects.TestDataDetails@e8a936, 2=com.java.Objects.TestDataDetails@63acc, 3=com.java.Objects.TestDataDetails@1a9fb56, 4=com.java.Objects.TestDataDetails@a0c364, 5=com.java.Objects.TestDataDetails@897819, 6=com.java.Objects.TestDataDetails@1d476ab, 7=com.java.Objects.TestDataDetails@11541d8, 8=com.java.Objects.TestDataDetails@1fd8364, 9=com.java.Objects.TestDataDetails@1eb9df0, 10=com.java.Objects.TestDataDetails@1417a47, 11=com.java.Objects.TestDataDetails@f8cf1b, 12=com.java.Objects.TestDataDetails@1e3d101, 13=com.java.Objects.TestDataDetails@d62dd4, 14=com.java.Objects.TestDataDetails@21dfa1, 15=com.java.Objects.TestDataDetails@135cc8e, 17=com.java.Objects.TestDataDetails@e295d8, 16=com.java.Objects.TestDataDetails@a52b44, 18=com.java.Objects.TestDataDetails@1f681ad}
[INFO ][2015-12-09 19:50:05,242][com.java.TestType] [  481] -  str(1) = 4
[INFO ][2015-12-09 19:50:05,242][com.java.TestType] [  484] - Test case Id is---4
[INFO ][2015-12-09 19:50:05,242][com.java.TestType] [  486] - 4
[INFO ][2015-12-09 19:50:05,242][com.java.TestType] [  481] -  str(2) = 19
[INFO ][2015-12-09 19:50:05,243][com.java.TestType] [  533] - row values are--------{1=com.java.Objects.TestDataDetails@e8a936, 2=com.java.Objects.TestDataDetails@63acc, 3=com.java.Objects.TestDataDetails@1a9fb56, 4=com.java.Objects.TestDataDetails@a0c364, 5=com.java.Objects.TestDataDetails@897819, 6=com.java.Objects.TestDataDetails@1d476ab, 7=com.java.Objects.TestDataDetails@11541d8, 8=com.java.Objects.TestDataDetails@1fd8364, 9=com.java.Objects.TestDataDetails@1eb9df0, 10=com.java.Objects.TestDataDetails@1417a47, 11=com.java.Objects.TestDataDetails@f8cf1b, 12=com.java.Objects.TestDataDetails@1e3d101, 13=com.java.Objects.TestDataDetails@d62dd4, 14=com.java.Objects.TestDataDetails@21dfa1, 15=com.java.Objects.TestDataDetails@135cc8e, 17=com.java.Objects.TestDataDetails@e295d8, 16=com.java.Objects.TestDataDetails@a52b44, 19=com.java.Objects.TestDataDetails@92d5c0, 18=com.java.Objects.TestDataDetails@1f681ad}
[INFO ][2015-12-09 19:50:05,243][com.java.TestType] [  481] -  str(1) = 4
[INFO ][2015-12-09 19:50:05,243][com.java.TestType] [  484] - Test case Id is---4
[INFO ][2015-12-09 19:50:05,243][com.java.TestType] [  486] - 4
[INFO ][2015-12-09 19:50:05,243][com.java.TestType] [  481] -  str(2) = 20
[INFO ][2015-12-09 19:50:05,244][com.java.TestType] [  533] - row values are--------{1=com.java.Objects.TestDataDetails@e8a936, 2=com.java.Objects.TestDataDetails@63acc, 3=com.java.Objects.TestDataDetails@1a9fb56, 4=com.java.Objects.TestDataDetails@a0c364, 5=com.java.Objects.TestDataDetails@897819, 6=com.java.Objects.TestDataDetails@1d476ab, 7=com.java.Objects.TestDataDetails@11541d8, 8=com.java.Objects.TestDataDetails@1fd8364, 9=com.java.Objects.TestDataDetails@1eb9df0, 10=com.java.Objects.TestDataDetails@1417a47, 11=com.java.Objects.TestDataDetails@f8cf1b, 12=com.java.Objects.TestDataDetails@1e3d101, 13=com.java.Objects.TestDataDetails@d62dd4, 14=com.java.Objects.TestDataDetails@21dfa1, 15=com.java.Objects.TestDataDetails@135cc8e, 17=com.java.Objects.TestDataDetails@e295d8, 16=com.java.Objects.TestDataDetails@a52b44, 19=com.java.Objects.TestDataDetails@92d5c0, 18=com.java.Objects.TestDataDetails@1f681ad, 20=com.java.Objects.TestDataDetails@9251cc}
[INFO ][2015-12-09 19:50:05,244][com.java.TestType] [  481] -  str(1) = 4
[INFO ][2015-12-09 19:50:05,244][com.java.TestType] [  484] - Test case Id is---4
[INFO ][2015-12-09 19:50:05,244][com.java.TestType] [  486] - 4
[INFO ][2015-12-09 19:50:05,245][com.java.TestType] [  481] -  str(2) = 21
[INFO ][2015-12-09 19:50:05,246][com.java.TestType] [  533] - row values are--------{1=com.java.Objects.TestDataDetails@e8a936, 2=com.java.Objects.TestDataDetails@63acc, 3=com.java.Objects.TestDataDetails@1a9fb56, 4=com.java.Objects.TestDataDetails@a0c364, 5=com.java.Objects.TestDataDetails@897819, 6=com.java.Objects.TestDataDetails@1d476ab, 7=com.java.Objects.TestDataDetails@11541d8, 8=com.java.Objects.TestDataDetails@1fd8364, 9=com.java.Objects.TestDataDetails@1eb9df0, 10=com.java.Objects.TestDataDetails@1417a47, 11=com.java.Objects.TestDataDetails@f8cf1b, 12=com.java.Objects.TestDataDetails@1e3d101, 13=com.java.Objects.TestDataDetails@d62dd4, 14=com.java.Objects.TestDataDetails@21dfa1, 15=com.java.Objects.TestDataDetails@135cc8e, 17=com.java.Objects.TestDataDetails@e295d8, 16=com.java.Objects.TestDataDetails@a52b44, 19=com.java.Objects.TestDataDetails@92d5c0, 18=com.java.Objects.TestDataDetails@1f681ad, 21=com.java.Objects.TestDataDetails@a37c24, 20=com.java.Objects.TestDataDetails@9251cc}
[INFO ][2015-12-09 19:50:05,246][com.java.TestType] [  481] -  str(1) = 4
[INFO ][2015-12-09 19:50:05,246][com.java.TestType] [  484] - Test case Id is---4
[INFO ][2015-12-09 19:50:05,246][com.java.TestType] [  486] - 4
[INFO ][2015-12-09 19:50:05,246][com.java.TestType] [  481] -  str(2) = 22
[INFO ][2015-12-09 19:50:05,246][com.java.TestType] [  533] - row values are--------{1=com.java.Objects.TestDataDetails@e8a936, 2=com.java.Objects.TestDataDetails@63acc, 3=com.java.Objects.TestDataDetails@1a9fb56, 4=com.java.Objects.TestDataDetails@a0c364, 5=com.java.Objects.TestDataDetails@897819, 6=com.java.Objects.TestDataDetails@1d476ab, 7=com.java.Objects.TestDataDetails@11541d8, 8=com.java.Objects.TestDataDetails@1fd8364, 9=com.java.Objects.TestDataDetails@1eb9df0, 10=com.java.Objects.TestDataDetails@1417a47, 11=com.java.Objects.TestDataDetails@f8cf1b, 12=com.java.Objects.TestDataDetails@1e3d101, 13=com.java.Objects.TestDataDetails@d62dd4, 14=com.java.Objects.TestDataDetails@21dfa1, 15=com.java.Objects.TestDataDetails@135cc8e, 17=com.java.Objects.TestDataDetails@e295d8, 16=com.java.Objects.TestDataDetails@a52b44, 19=com.java.Objects.TestDataDetails@92d5c0, 18=com.java.Objects.TestDataDetails@1f681ad, 21=com.java.Objects.TestDataDetails@a37c24, 20=com.java.Objects.TestDataDetails@9251cc, 22=com.java.Objects.TestDataDetails@1cd479}
[INFO ][2015-12-09 19:50:05,247][com.java.TestType] [  481] -  str(1) = 4
[INFO ][2015-12-09 19:50:05,247][com.java.TestType] [  484] - Test case Id is---4
[INFO ][2015-12-09 19:50:05,247][com.java.TestType] [  486] - 4
[INFO ][2015-12-09 19:50:05,247][com.java.TestType] [  481] -  str(2) = 23
[INFO ][2015-12-09 19:50:05,247][com.java.TestType] [  533] - row values are--------{1=com.java.Objects.TestDataDetails@e8a936, 2=com.java.Objects.TestDataDetails@63acc, 3=com.java.Objects.TestDataDetails@1a9fb56, 4=com.java.Objects.TestDataDetails@a0c364, 5=com.java.Objects.TestDataDetails@897819, 6=com.java.Objects.TestDataDetails@1d476ab, 7=com.java.Objects.TestDataDetails@11541d8, 8=com.java.Objects.TestDataDetails@1fd8364, 9=com.java.Objects.TestDataDetails@1eb9df0, 10=com.java.Objects.TestDataDetails@1417a47, 11=com.java.Objects.TestDataDetails@f8cf1b, 12=com.java.Objects.TestDataDetails@1e3d101, 13=com.java.Objects.TestDataDetails@d62dd4, 14=com.java.Objects.TestDataDetails@21dfa1, 15=com.java.Objects.TestDataDetails@135cc8e, 17=com.java.Objects.TestDataDetails@e295d8, 16=com.java.Objects.TestDataDetails@a52b44, 19=com.java.Objects.TestDataDetails@92d5c0, 18=com.java.Objects.TestDataDetails@1f681ad, 21=com.java.Objects.TestDataDetails@a37c24, 20=com.java.Objects.TestDataDetails@9251cc, 23=com.java.Objects.TestDataDetails@a6cee5, 22=com.java.Objects.TestDataDetails@1cd479}
[INFO ][2015-12-09 19:50:05,247][com.java.TestType] [  481] -  str(1) = 4
[INFO ][2015-12-09 19:50:05,247][com.java.TestType] [  484] - Test case Id is---4
[INFO ][2015-12-09 19:50:05,248][com.java.TestType] [  486] - 4
[INFO ][2015-12-09 19:50:05,248][com.java.TestType] [  481] -  str(2) = 24
[INFO ][2015-12-09 19:50:05,248][com.java.TestType] [  533] - row values are--------{1=com.java.Objects.TestDataDetails@e8a936, 2=com.java.Objects.TestDataDetails@63acc, 3=com.java.Objects.TestDataDetails@1a9fb56, 4=com.java.Objects.TestDataDetails@a0c364, 5=com.java.Objects.TestDataDetails@897819, 6=com.java.Objects.TestDataDetails@1d476ab, 7=com.java.Objects.TestDataDetails@11541d8, 8=com.java.Objects.TestDataDetails@1fd8364, 9=com.java.Objects.TestDataDetails@1eb9df0, 10=com.java.Objects.TestDataDetails@1417a47, 11=com.java.Objects.TestDataDetails@f8cf1b, 12=com.java.Objects.TestDataDetails@1e3d101, 13=com.java.Objects.TestDataDetails@d62dd4, 14=com.java.Objects.TestDataDetails@21dfa1, 15=com.java.Objects.TestDataDetails@135cc8e, 17=com.java.Objects.TestDataDetails@e295d8, 16=com.java.Objects.TestDataDetails@a52b44, 19=com.java.Objects.TestDataDetails@92d5c0, 18=com.java.Objects.TestDataDetails@1f681ad, 21=com.java.Objects.TestDataDetails@a37c24, 20=com.java.Objects.TestDataDetails@9251cc, 23=com.java.Objects.TestDataDetails@a6cee5, 22=com.java.Objects.TestDataDetails@1cd479, 24=com.java.Objects.TestDataDetails@104e1ca}
[INFO ][2015-12-09 19:50:05,248][com.java.TestType] [  481] -  str(1) = 4
[INFO ][2015-12-09 19:50:05,248][com.java.TestType] [  484] - Test case Id is---4
[INFO ][2015-12-09 19:50:05,248][com.java.TestType] [  486] - 4
[INFO ][2015-12-09 19:50:05,249][com.java.TestType] [  481] -  str(2) = 25
[INFO ][2015-12-09 19:50:05,249][com.java.TestType] [  533] - row values are--------{1=com.java.Objects.TestDataDetails@e8a936, 2=com.java.Objects.TestDataDetails@63acc, 3=com.java.Objects.TestDataDetails@1a9fb56, 4=com.java.Objects.TestDataDetails@a0c364, 5=com.java.Objects.TestDataDetails@897819, 6=com.java.Objects.TestDataDetails@1d476ab, 7=com.java.Objects.TestDataDetails@11541d8, 8=com.java.Objects.TestDataDetails@1fd8364, 9=com.java.Objects.TestDataDetails@1eb9df0, 10=com.java.Objects.TestDataDetails@1417a47, 11=com.java.Objects.TestDataDetails@f8cf1b, 12=com.java.Objects.TestDataDetails@1e3d101, 13=com.java.Objects.TestDataDetails@d62dd4, 14=com.java.Objects.TestDataDetails@21dfa1, 15=com.java.Objects.TestDataDetails@135cc8e, 17=com.java.Objects.TestDataDetails@e295d8, 16=com.java.Objects.TestDataDetails@a52b44, 19=com.java.Objects.TestDataDetails@92d5c0, 18=com.java.Objects.TestDataDetails@1f681ad, 21=com.java.Objects.TestDataDetails@a37c24, 20=com.java.Objects.TestDataDetails@9251cc, 23=com.java.Objects.TestDataDetails@a6cee5, 22=com.java.Objects.TestDataDetails@1cd479, 25=com.java.Objects.TestDataDetails@1c211b3, 24=com.java.Objects.TestDataDetails@104e1ca}
[INFO ][2015-12-09 19:50:05,249][com.java.TestType] [  481] -  str(1) = 4
[INFO ][2015-12-09 19:50:05,249][com.java.TestType] [  484] - Test case Id is---4
[INFO ][2015-12-09 19:50:05,249][com.java.TestType] [  486] - 4
[INFO ][2015-12-09 19:50:05,249][com.java.TestType] [  481] -  str(2) = 26
[INFO ][2015-12-09 19:50:05,250][com.java.TestType] [  533] - row values are--------{1=com.java.Objects.TestDataDetails@e8a936, 2=com.java.Objects.TestDataDetails@63acc, 3=com.java.Objects.TestDataDetails@1a9fb56, 4=com.java.Objects.TestDataDetails@a0c364, 5=com.java.Objects.TestDataDetails@897819, 6=com.java.Objects.TestDataDetails@1d476ab, 7=com.java.Objects.TestDataDetails@11541d8, 8=com.java.Objects.TestDataDetails@1fd8364, 9=com.java.Objects.TestDataDetails@1eb9df0, 10=com.java.Objects.TestDataDetails@1417a47, 11=com.java.Objects.TestDataDetails@f8cf1b, 12=com.java.Objects.TestDataDetails@1e3d101, 13=com.java.Objects.TestDataDetails@d62dd4, 14=com.java.Objects.TestDataDetails@21dfa1, 15=com.java.Objects.TestDataDetails@135cc8e, 17=com.java.Objects.TestDataDetails@e295d8, 16=com.java.Objects.TestDataDetails@a52b44, 19=com.java.Objects.TestDataDetails@92d5c0, 18=com.java.Objects.TestDataDetails@1f681ad, 21=com.java.Objects.TestDataDetails@a37c24, 20=com.java.Objects.TestDataDetails@9251cc, 23=com.java.Objects.TestDataDetails@a6cee5, 22=com.java.Objects.TestDataDetails@1cd479, 25=com.java.Objects.TestDataDetails@1c211b3, 24=com.java.Objects.TestDataDetails@104e1ca, 26=com.java.Objects.TestDataDetails@1483b35}
[INFO ][2015-12-09 19:50:05,250][com.java.TestType] [  481] -  str(1) = 4
[INFO ][2015-12-09 19:50:05,250][com.java.TestType] [  484] - Test case Id is---4
[INFO ][2015-12-09 19:50:05,250][com.java.TestType] [  486] - 4
[INFO ][2015-12-09 19:50:05,250][com.java.TestType] [  481] -  str(2) = 27
[INFO ][2015-12-09 19:50:05,251][com.java.TestType] [  533] - row values are--------{1=com.java.Objects.TestDataDetails@e8a936, 2=com.java.Objects.TestDataDetails@63acc, 3=com.java.Objects.TestDataDetails@1a9fb56, 4=com.java.Objects.TestDataDetails@a0c364, 5=com.java.Objects.TestDataDetails@897819, 6=com.java.Objects.TestDataDetails@1d476ab, 7=com.java.Objects.TestDataDetails@11541d8, 8=com.java.Objects.TestDataDetails@1fd8364, 9=com.java.Objects.TestDataDetails@1eb9df0, 10=com.java.Objects.TestDataDetails@1417a47, 11=com.java.Objects.TestDataDetails@f8cf1b, 12=com.java.Objects.TestDataDetails@1e3d101, 13=com.java.Objects.TestDataDetails@d62dd4, 14=com.java.Objects.TestDataDetails@21dfa1, 15=com.java.Objects.TestDataDetails@135cc8e, 17=com.java.Objects.TestDataDetails@e295d8, 16=com.java.Objects.TestDataDetails@a52b44, 19=com.java.Objects.TestDataDetails@92d5c0, 18=com.java.Objects.TestDataDetails@1f681ad, 21=com.java.Objects.TestDataDetails@a37c24, 20=com.java.Objects.TestDataDetails@9251cc, 23=com.java.Objects.TestDataDetails@a6cee5, 22=com.java.Objects.TestDataDetails@1cd479, 25=com.java.Objects.TestDataDetails@1c211b3, 24=com.java.Objects.TestDataDetails@104e1ca, 27=com.java.Objects.TestDataDetails@71b88f, 26=com.java.Objects.TestDataDetails@1483b35}
[INFO ][2015-12-09 19:50:05,251][com.java.TestType] [  481] -  str(1) = 4
[INFO ][2015-12-09 19:50:05,251][com.java.TestType] [  484] - Test case Id is---4
[INFO ][2015-12-09 19:50:05,251][com.java.TestType] [  486] - 4
[INFO ][2015-12-09 19:50:05,251][com.java.TestType] [  481] -  str(2) = 28
[INFO ][2015-12-09 19:50:05,252][com.java.TestType] [  533] - row values are--------{1=com.java.Objects.TestDataDetails@e8a936, 2=com.java.Objects.TestDataDetails@63acc, 3=com.java.Objects.TestDataDetails@1a9fb56, 4=com.java.Objects.TestDataDetails@a0c364, 5=com.java.Objects.TestDataDetails@897819, 6=com.java.Objects.TestDataDetails@1d476ab, 7=com.java.Objects.TestDataDetails@11541d8, 8=com.java.Objects.TestDataDetails@1fd8364, 9=com.java.Objects.TestDataDetails@1eb9df0, 10=com.java.Objects.TestDataDetails@1417a47, 11=com.java.Objects.TestDataDetails@f8cf1b, 12=com.java.Objects.TestDataDetails@1e3d101, 13=com.java.Objects.TestDataDetails@d62dd4, 14=com.java.Objects.TestDataDetails@21dfa1, 15=com.java.Objects.TestDataDetails@135cc8e, 17=com.java.Objects.TestDataDetails@e295d8, 16=com.java.Objects.TestDataDetails@a52b44, 19=com.java.Objects.TestDataDetails@92d5c0, 18=com.java.Objects.TestDataDetails@1f681ad, 21=com.java.Objects.TestDataDetails@a37c24, 20=com.java.Objects.TestDataDetails@9251cc, 23=com.java.Objects.TestDataDetails@a6cee5, 22=com.java.Objects.TestDataDetails@1cd479, 25=com.java.Objects.TestDataDetails@1c211b3, 24=com.java.Objects.TestDataDetails@104e1ca, 27=com.java.Objects.TestDataDetails@71b88f, 26=com.java.Objects.TestDataDetails@1483b35, 28=com.java.Objects.TestDataDetails@1173763}
[INFO ][2015-12-09 19:50:05,252][com.java.TestType] [  481] -  str(1) = 4
[INFO ][2015-12-09 19:50:05,252][com.java.TestType] [  484] - Test case Id is---4
[INFO ][2015-12-09 19:50:05,252][com.java.TestType] [  486] - 4
[INFO ][2015-12-09 19:50:05,253][com.java.TestType] [  481] -  str(2) = 29
[INFO ][2015-12-09 19:50:05,253][com.java.TestType] [  533] - row values are--------{1=com.java.Objects.TestDataDetails@e8a936, 2=com.java.Objects.TestDataDetails@63acc, 3=com.java.Objects.TestDataDetails@1a9fb56, 4=com.java.Objects.TestDataDetails@a0c364, 5=com.java.Objects.TestDataDetails@897819, 6=com.java.Objects.TestDataDetails@1d476ab, 7=com.java.Objects.TestDataDetails@11541d8, 8=com.java.Objects.TestDataDetails@1fd8364, 9=com.java.Objects.TestDataDetails@1eb9df0, 10=com.java.Objects.TestDataDetails@1417a47, 11=com.java.Objects.TestDataDetails@f8cf1b, 12=com.java.Objects.TestDataDetails@1e3d101, 13=com.java.Objects.TestDataDetails@d62dd4, 14=com.java.Objects.TestDataDetails@21dfa1, 15=com.java.Objects.TestDataDetails@135cc8e, 17=com.java.Objects.TestDataDetails@e295d8, 16=com.java.Objects.TestDataDetails@a52b44, 19=com.java.Objects.TestDataDetails@92d5c0, 18=com.java.Objects.TestDataDetails@1f681ad, 21=com.java.Objects.TestDataDetails@a37c24, 20=com.java.Objects.TestDataDetails@9251cc, 23=com.java.Objects.TestDataDetails@a6cee5, 22=com.java.Objects.TestDataDetails@1cd479, 25=com.java.Objects.TestDataDetails@1c211b3, 24=com.java.Objects.TestDataDetails@104e1ca, 27=com.java.Objects.TestDataDetails@71b88f, 26=com.java.Objects.TestDataDetails@1483b35, 29=com.java.Objects.TestDataDetails@c7a1b, 28=com.java.Objects.TestDataDetails@1173763}
[INFO ][2015-12-09 19:50:05,254][com.java.TestType] [  481] -  str(1) = 4
[INFO ][2015-12-09 19:50:05,254][com.java.TestType] [  484] - Test case Id is---4
[INFO ][2015-12-09 19:50:05,254][com.java.TestType] [  486] - 4
[INFO ][2015-12-09 19:50:05,254][com.java.TestType] [  481] -  str(2) = 30
[INFO ][2015-12-09 19:50:05,254][com.java.TestType] [  533] - row values are--------{1=com.java.Objects.TestDataDetails@e8a936, 2=com.java.Objects.TestDataDetails@63acc, 3=com.java.Objects.TestDataDetails@1a9fb56, 4=com.java.Objects.TestDataDetails@a0c364, 5=com.java.Objects.TestDataDetails@897819, 6=com.java.Objects.TestDataDetails@1d476ab, 7=com.java.Objects.TestDataDetails@11541d8, 8=com.java.Objects.TestDataDetails@1fd8364, 9=com.java.Objects.TestDataDetails@1eb9df0, 10=com.java.Objects.TestDataDetails@1417a47, 11=com.java.Objects.TestDataDetails@f8cf1b, 12=com.java.Objects.TestDataDetails@1e3d101, 13=com.java.Objects.TestDataDetails@d62dd4, 14=com.java.Objects.TestDataDetails@21dfa1, 15=com.java.Objects.TestDataDetails@135cc8e, 17=com.java.Objects.TestDataDetails@e295d8, 16=com.java.Objects.TestDataDetails@a52b44, 19=com.java.Objects.TestDataDetails@92d5c0, 18=com.java.Objects.TestDataDetails@1f681ad, 21=com.java.Objects.TestDataDetails@a37c24, 20=com.java.Objects.TestDataDetails@9251cc, 23=com.java.Objects.TestDataDetails@a6cee5, 22=com.java.Objects.TestDataDetails@1cd479, 25=com.java.Objects.TestDataDetails@1c211b3, 24=com.java.Objects.TestDataDetails@104e1ca, 27=com.java.Objects.TestDataDetails@71b88f, 26=com.java.Objects.TestDataDetails@1483b35, 29=com.java.Objects.TestDataDetails@c7a1b, 28=com.java.Objects.TestDataDetails@1173763, 30=com.java.Objects.TestDataDetails@1c1e75a}
[INFO ][2015-12-09 19:50:05,255][com.java.TestType] [  481] -  str(1) = 4
[INFO ][2015-12-09 19:50:05,255][com.java.TestType] [  484] - Test case Id is---4
[INFO ][2015-12-09 19:50:05,255][com.java.TestType] [  486] - 4
[INFO ][2015-12-09 19:50:05,255][com.java.TestType] [  481] -  str(2) = 31
[INFO ][2015-12-09 19:50:05,255][com.java.TestType] [  533] - row values are--------{1=com.java.Objects.TestDataDetails@e8a936, 2=com.java.Objects.TestDataDetails@63acc, 3=com.java.Objects.TestDataDetails@1a9fb56, 4=com.java.Objects.TestDataDetails@a0c364, 5=com.java.Objects.TestDataDetails@897819, 6=com.java.Objects.TestDataDetails@1d476ab, 7=com.java.Objects.TestDataDetails@11541d8, 8=com.java.Objects.TestDataDetails@1fd8364, 9=com.java.Objects.TestDataDetails@1eb9df0, 10=com.java.Objects.TestDataDetails@1417a47, 11=com.java.Objects.TestDataDetails@f8cf1b, 12=com.java.Objects.TestDataDetails@1e3d101, 13=com.java.Objects.TestDataDetails@d62dd4, 14=com.java.Objects.TestDataDetails@21dfa1, 15=com.java.Objects.TestDataDetails@135cc8e, 17=com.java.Objects.TestDataDetails@e295d8, 16=com.java.Objects.TestDataDetails@a52b44, 19=com.java.Objects.TestDataDetails@92d5c0, 18=com.java.Objects.TestDataDetails@1f681ad, 21=com.java.Objects.TestDataDetails@a37c24, 20=com.java.Objects.TestDataDetails@9251cc, 23=com.java.Objects.TestDataDetails@a6cee5, 22=com.java.Objects.TestDataDetails@1cd479, 25=com.java.Objects.TestDataDetails@1c211b3, 24=com.java.Objects.TestDataDetails@104e1ca, 27=com.java.Objects.TestDataDetails@71b88f, 26=com.java.Objects.TestDataDetails@1483b35, 29=com.java.Objects.TestDataDetails@c7a1b, 28=com.java.Objects.TestDataDetails@1173763, 31=com.java.Objects.TestDataDetails@dfd28b, 30=com.java.Objects.TestDataDetails@1c1e75a}
[INFO ][2015-12-09 19:50:05,255][com.java.TestType] [  481] -  str(1) = 4
[INFO ][2015-12-09 19:50:05,255][com.java.TestType] [  484] - Test case Id is---4
[INFO ][2015-12-09 19:50:05,256][com.java.TestType] [  486] - 4
[INFO ][2015-12-09 19:50:05,256][com.java.TestType] [  481] -  str(2) = 32
[INFO ][2015-12-09 19:50:05,256][com.java.TestType] [  533] - row values are--------{1=com.java.Objects.TestDataDetails@e8a936, 2=com.java.Objects.TestDataDetails@63acc, 3=com.java.Objects.TestDataDetails@1a9fb56, 4=com.java.Objects.TestDataDetails@a0c364, 5=com.java.Objects.TestDataDetails@897819, 6=com.java.Objects.TestDataDetails@1d476ab, 7=com.java.Objects.TestDataDetails@11541d8, 8=com.java.Objects.TestDataDetails@1fd8364, 9=com.java.Objects.TestDataDetails@1eb9df0, 10=com.java.Objects.TestDataDetails@1417a47, 11=com.java.Objects.TestDataDetails@f8cf1b, 12=com.java.Objects.TestDataDetails@1e3d101, 13=com.java.Objects.TestDataDetails@d62dd4, 14=com.java.Objects.TestDataDetails@21dfa1, 15=com.java.Objects.TestDataDetails@135cc8e, 17=com.java.Objects.TestDataDetails@e295d8, 16=com.java.Objects.TestDataDetails@a52b44, 19=com.java.Objects.TestDataDetails@92d5c0, 18=com.java.Objects.TestDataDetails@1f681ad, 21=com.java.Objects.TestDataDetails@a37c24, 20=com.java.Objects.TestDataDetails@9251cc, 23=com.java.Objects.TestDataDetails@a6cee5, 22=com.java.Objects.TestDataDetails@1cd479, 25=com.java.Objects.TestDataDetails@1c211b3, 24=com.java.Objects.TestDataDetails@104e1ca, 27=com.java.Objects.TestDataDetails@71b88f, 26=com.java.Objects.TestDataDetails@1483b35, 29=com.java.Objects.TestDataDetails@c7a1b, 28=com.java.Objects.TestDataDetails@1173763, 31=com.java.Objects.TestDataDetails@dfd28b, 30=com.java.Objects.TestDataDetails@1c1e75a, 32=com.java.Objects.TestDataDetails@cf89d0}
[INFO ][2015-12-09 19:50:05,256][com.java.TestType] [  481] -  str(1) = 4
[INFO ][2015-12-09 19:50:05,256][com.java.TestType] [  484] - Test case Id is---4
[INFO ][2015-12-09 19:50:05,256][com.java.TestType] [  486] - 4
[INFO ][2015-12-09 19:50:05,257][com.java.TestType] [  481] -  str(2) = 33
[INFO ][2015-12-09 19:50:05,257][com.java.TestType] [  533] - row values are--------{1=com.java.Objects.TestDataDetails@e8a936, 2=com.java.Objects.TestDataDetails@63acc, 3=com.java.Objects.TestDataDetails@1a9fb56, 4=com.java.Objects.TestDataDetails@a0c364, 5=com.java.Objects.TestDataDetails@897819, 6=com.java.Objects.TestDataDetails@1d476ab, 7=com.java.Objects.TestDataDetails@11541d8, 8=com.java.Objects.TestDataDetails@1fd8364, 9=com.java.Objects.TestDataDetails@1eb9df0, 10=com.java.Objects.TestDataDetails@1417a47, 11=com.java.Objects.TestDataDetails@f8cf1b, 12=com.java.Objects.TestDataDetails@1e3d101, 13=com.java.Objects.TestDataDetails@d62dd4, 14=com.java.Objects.TestDataDetails@21dfa1, 15=com.java.Objects.TestDataDetails@135cc8e, 17=com.java.Objects.TestDataDetails@e295d8, 16=com.java.Objects.TestDataDetails@a52b44, 19=com.java.Objects.TestDataDetails@92d5c0, 18=com.java.Objects.TestDataDetails@1f681ad, 21=com.java.Objects.TestDataDetails@a37c24, 20=com.java.Objects.TestDataDetails@9251cc, 23=com.java.Objects.TestDataDetails@a6cee5, 22=com.java.Objects.TestDataDetails@1cd479, 25=com.java.Objects.TestDataDetails@1c211b3, 24=com.java.Objects.TestDataDetails@104e1ca, 27=com.java.Objects.TestDataDetails@71b88f, 26=com.java.Objects.TestDataDetails@1483b35, 29=com.java.Objects.TestDataDetails@c7a1b, 28=com.java.Objects.TestDataDetails@1173763, 31=com.java.Objects.TestDataDetails@dfd28b, 30=com.java.Objects.TestDataDetails@1c1e75a, 32=com.java.Objects.TestDataDetails@cf89d0, 33=com.java.Objects.TestDataDetails@809fea}
[INFO ][2015-12-09 19:50:05,257][com.java.TestType] [  481] -  str(1) = 4
[INFO ][2015-12-09 19:50:05,257][com.java.TestType] [  484] - Test case Id is---4
[INFO ][2015-12-09 19:50:05,257][com.java.TestType] [  486] - 4
[INFO ][2015-12-09 19:50:05,257][com.java.TestType] [  481] -  str(2) = 34
[INFO ][2015-12-09 19:50:05,258][com.java.TestType] [  533] - row values are--------{1=com.java.Objects.TestDataDetails@e8a936, 2=com.java.Objects.TestDataDetails@63acc, 3=com.java.Objects.TestDataDetails@1a9fb56, 4=com.java.Objects.TestDataDetails@a0c364, 5=com.java.Objects.TestDataDetails@897819, 6=com.java.Objects.TestDataDetails@1d476ab, 7=com.java.Objects.TestDataDetails@11541d8, 8=com.java.Objects.TestDataDetails@1fd8364, 9=com.java.Objects.TestDataDetails@1eb9df0, 10=com.java.Objects.TestDataDetails@1417a47, 11=com.java.Objects.TestDataDetails@f8cf1b, 12=com.java.Objects.TestDataDetails@1e3d101, 13=com.java.Objects.TestDataDetails@d62dd4, 14=com.java.Objects.TestDataDetails@21dfa1, 15=com.java.Objects.TestDataDetails@135cc8e, 17=com.java.Objects.TestDataDetails@e295d8, 16=com.java.Objects.TestDataDetails@a52b44, 19=com.java.Objects.TestDataDetails@92d5c0, 18=com.java.Objects.TestDataDetails@1f681ad, 21=com.java.Objects.TestDataDetails@a37c24, 20=com.java.Objects.TestDataDetails@9251cc, 23=com.java.Objects.TestDataDetails@a6cee5, 22=com.java.Objects.TestDataDetails@1cd479, 25=com.java.Objects.TestDataDetails@1c211b3, 24=com.java.Objects.TestDataDetails@104e1ca, 27=com.java.Objects.TestDataDetails@71b88f, 26=com.java.Objects.TestDataDetails@1483b35, 29=com.java.Objects.TestDataDetails@c7a1b, 28=com.java.Objects.TestDataDetails@1173763, 31=com.java.Objects.TestDataDetails@dfd28b, 30=com.java.Objects.TestDataDetails@1c1e75a, 34=com.java.Objects.TestDataDetails@f8e535, 32=com.java.Objects.TestDataDetails@cf89d0, 33=com.java.Objects.TestDataDetails@809fea}
[INFO ][2015-12-09 19:50:05,258][com.java.TestType] [  481] -  str(1) = 4
[INFO ][2015-12-09 19:50:05,258][com.java.TestType] [  484] - Test case Id is---4
[INFO ][2015-12-09 19:50:05,258][com.java.TestType] [  486] - 4
[INFO ][2015-12-09 19:50:05,258][com.java.TestType] [  481] -  str(2) = 35
[INFO ][2015-12-09 19:50:05,259][com.java.TestType] [  533] - row values are--------{1=com.java.Objects.TestDataDetails@e8a936, 2=com.java.Objects.TestDataDetails@63acc, 3=com.java.Objects.TestDataDetails@1a9fb56, 4=com.java.Objects.TestDataDetails@a0c364, 5=com.java.Objects.TestDataDetails@897819, 6=com.java.Objects.TestDataDetails@1d476ab, 7=com.java.Objects.TestDataDetails@11541d8, 8=com.java.Objects.TestDataDetails@1fd8364, 9=com.java.Objects.TestDataDetails@1eb9df0, 10=com.java.Objects.TestDataDetails@1417a47, 11=com.java.Objects.TestDataDetails@f8cf1b, 12=com.java.Objects.TestDataDetails@1e3d101, 13=com.java.Objects.TestDataDetails@d62dd4, 14=com.java.Objects.TestDataDetails@21dfa1, 15=com.java.Objects.TestDataDetails@135cc8e, 17=com.java.Objects.TestDataDetails@e295d8, 16=com.java.Objects.TestDataDetails@a52b44, 19=com.java.Objects.TestDataDetails@92d5c0, 18=com.java.Objects.TestDataDetails@1f681ad, 21=com.java.Objects.TestDataDetails@a37c24, 20=com.java.Objects.TestDataDetails@9251cc, 23=com.java.Objects.TestDataDetails@a6cee5, 22=com.java.Objects.TestDataDetails@1cd479, 25=com.java.Objects.TestDataDetails@1c211b3, 24=com.java.Objects.TestDataDetails@104e1ca, 27=com.java.Objects.TestDataDetails@71b88f, 26=com.java.Objects.TestDataDetails@1483b35, 29=com.java.Objects.TestDataDetails@c7a1b, 28=com.java.Objects.TestDataDetails@1173763, 31=com.java.Objects.TestDataDetails@dfd28b, 30=com.java.Objects.TestDataDetails@1c1e75a, 34=com.java.Objects.TestDataDetails@f8e535, 35=com.java.Objects.TestDataDetails@129297f, 32=com.java.Objects.TestDataDetails@cf89d0, 33=com.java.Objects.TestDataDetails@809fea}
[INFO ][2015-12-09 19:50:05,259][com.java.TestType] [  481] -  str(1) = 4
[INFO ][2015-12-09 19:50:05,259][com.java.TestType] [  484] - Test case Id is---4
[INFO ][2015-12-09 19:50:05,259][com.java.TestType] [  486] - 4
[INFO ][2015-12-09 19:50:05,259][com.java.TestType] [  481] -  str(2) = 36
[INFO ][2015-12-09 19:50:05,260][com.java.TestType] [  533] - row values are--------{1=com.java.Objects.TestDataDetails@e8a936, 2=com.java.Objects.TestDataDetails@63acc, 3=com.java.Objects.TestDataDetails@1a9fb56, 4=com.java.Objects.TestDataDetails@a0c364, 5=com.java.Objects.TestDataDetails@897819, 6=com.java.Objects.TestDataDetails@1d476ab, 7=com.java.Objects.TestDataDetails@11541d8, 8=com.java.Objects.TestDataDetails@1fd8364, 9=com.java.Objects.TestDataDetails@1eb9df0, 10=com.java.Objects.TestDataDetails@1417a47, 11=com.java.Objects.TestDataDetails@f8cf1b, 12=com.java.Objects.TestDataDetails@1e3d101, 13=com.java.Objects.TestDataDetails@d62dd4, 14=com.java.Objects.TestDataDetails@21dfa1, 15=com.java.Objects.TestDataDetails@135cc8e, 17=com.java.Objects.TestDataDetails@e295d8, 16=com.java.Objects.TestDataDetails@a52b44, 19=com.java.Objects.TestDataDetails@92d5c0, 18=com.java.Objects.TestDataDetails@1f681ad, 21=com.java.Objects.TestDataDetails@a37c24, 20=com.java.Objects.TestDataDetails@9251cc, 23=com.java.Objects.TestDataDetails@a6cee5, 22=com.java.Objects.TestDataDetails@1cd479, 25=com.java.Objects.TestDataDetails@1c211b3, 24=com.java.Objects.TestDataDetails@104e1ca, 27=com.java.Objects.TestDataDetails@71b88f, 26=com.java.Objects.TestDataDetails@1483b35, 29=com.java.Objects.TestDataDetails@c7a1b, 28=com.java.Objects.TestDataDetails@1173763, 31=com.java.Objects.TestDataDetails@dfd28b, 30=com.java.Objects.TestDataDetails@1c1e75a, 34=com.java.Objects.TestDataDetails@f8e535, 35=com.java.Objects.TestDataDetails@129297f, 32=com.java.Objects.TestDataDetails@cf89d0, 33=com.java.Objects.TestDataDetails@809fea, 36=com.java.Objects.TestDataDetails@6e740a}
[INFO ][2015-12-09 19:50:05,260][com.java.TestType] [  481] -  str(1) = 4
[INFO ][2015-12-09 19:50:05,261][com.java.TestType] [  484] - Test case Id is---4
[INFO ][2015-12-09 19:50:05,261][com.java.TestType] [  486] - 4
[INFO ][2015-12-09 19:50:05,261][com.java.TestType] [  481] -  str(2) = 37
[INFO ][2015-12-09 19:50:05,261][com.java.TestType] [  533] - row values are--------{1=com.java.Objects.TestDataDetails@e8a936, 2=com.java.Objects.TestDataDetails@63acc, 3=com.java.Objects.TestDataDetails@1a9fb56, 4=com.java.Objects.TestDataDetails@a0c364, 5=com.java.Objects.TestDataDetails@897819, 6=com.java.Objects.TestDataDetails@1d476ab, 7=com.java.Objects.TestDataDetails@11541d8, 8=com.java.Objects.TestDataDetails@1fd8364, 9=com.java.Objects.TestDataDetails@1eb9df0, 10=com.java.Objects.TestDataDetails@1417a47, 11=com.java.Objects.TestDataDetails@f8cf1b, 12=com.java.Objects.TestDataDetails@1e3d101, 13=com.java.Objects.TestDataDetails@d62dd4, 14=com.java.Objects.TestDataDetails@21dfa1, 15=com.java.Objects.TestDataDetails@135cc8e, 17=com.java.Objects.TestDataDetails@e295d8, 16=com.java.Objects.TestDataDetails@a52b44, 19=com.java.Objects.TestDataDetails@92d5c0, 18=com.java.Objects.TestDataDetails@1f681ad, 21=com.java.Objects.TestDataDetails@a37c24, 20=com.java.Objects.TestDataDetails@9251cc, 23=com.java.Objects.TestDataDetails@a6cee5, 22=com.java.Objects.TestDataDetails@1cd479, 25=com.java.Objects.TestDataDetails@1c211b3, 24=com.java.Objects.TestDataDetails@104e1ca, 27=com.java.Objects.TestDataDetails@71b88f, 26=com.java.Objects.TestDataDetails@1483b35, 29=com.java.Objects.TestDataDetails@c7a1b, 28=com.java.Objects.TestDataDetails@1173763, 31=com.java.Objects.TestDataDetails@dfd28b, 30=com.java.Objects.TestDataDetails@1c1e75a, 34=com.java.Objects.TestDataDetails@f8e535, 35=com.java.Objects.TestDataDetails@129297f, 32=com.java.Objects.TestDataDetails@cf89d0, 33=com.java.Objects.TestDataDetails@809fea, 36=com.java.Objects.TestDataDetails@6e740a, 37=com.java.Objects.TestDataDetails@50feef}
[INFO ][2015-12-09 19:50:05,261][com.java.TestType] [ 9985] - Looping 1TCID = 4
[DEBUG][2015-12-09 19:50:05,262][com.java.TestType] [10026] - Concept ID:4 :: Step being Executed: 4::1
[ERROR][2015-12-09 19:50:05,262][com.java.TestType] [10059] - Exception: null
[INFO ][2015-12-09 19:50:05,262][com.java.TestType] [10064] - dataFields : //span[@class='icon-stack']&&//a[@data-id='RunPackage']
[DEBUG][2015-12-09 19:50:05,262][com.java.TestType] [10070] - <In Set values of the page>
[DEBUG][2015-12-09 19:50:05,262][com.java.TestType] [10075] - {Data Fields & Data Values Exist}
[INFO ][2015-12-09 19:50:05,262][com.java.TestType] [10081] - --------------------------setting values-----------------------------
[INFO ][2015-12-09 19:50:05,262][com.java.TestType] [10084] - Action Type : MOUSEOVER
[INFO ][2015-12-09 19:50:28,988][com.java.TestType] [10103] -  RESULT true
[INFO ][2015-12-09 19:50:28,988][com.java.TestType] [10220] - ?   P A S S   ?
[DEBUG][2015-12-09 19:50:28,988][com.java.TestType] [10026] - Concept ID:4 :: Step being Executed: 4::2
[INFO ][2015-12-09 19:50:28,988][com.java.TestType] [10064] - dataFields : XPH//div[@id='divDialogLoading']//img 
[DEBUG][2015-12-09 19:50:28,988][com.java.TestType] [10070] - <In Set values of the page>
[DEBUG][2015-12-09 19:50:28,988][com.java.TestType] [10075] - {Data Fields & Data Values Exist}
[INFO ][2015-12-09 19:50:28,988][com.java.TestType] [10081] - --------------------------setting values-----------------------------
[INFO ][2015-12-09 19:50:28,988][com.java.TestType] [10084] - Action Type : WAITFORELEMENT
[INFO ][2015-12-09 19:50:29,031][com.java.TestType] [10103] -  RESULT true
[INFO ][2015-12-09 19:50:29,031][com.java.TestType] [10220] - ?   P A S S   ?
[DEBUG][2015-12-09 19:50:29,031][com.java.TestType] [10026] - Concept ID:4 :: Step being Executed: 4::3
[INFO ][2015-12-09 19:50:29,031][com.java.TestType] [10064] - dataFields : XPH//div[@id='divDialogLoading']//img 
[DEBUG][2015-12-09 19:50:29,031][com.java.TestType] [10070] - <In Set values of the page>
[DEBUG][2015-12-09 19:50:29,031][com.java.TestType] [10075] - {Data Fields & Data Values Exist}
[INFO ][2015-12-09 19:50:29,031][com.java.TestType] [10081] - --------------------------setting values-----------------------------
[INFO ][2015-12-09 19:50:29,031][com.java.TestType] [10084] - Action Type : WAITFORELEMENTNOTPRESENT
[INFO ][2015-12-09 19:50:29,171][com.java.TestType] [10103] -  RESULT true
[INFO ][2015-12-09 19:50:29,171][com.java.TestType] [10220] - ?   P A S S   ?
[DEBUG][2015-12-09 19:50:29,171][com.java.TestType] [10026] - Concept ID:4 :: Step being Executed: 4::4
[INFO ][2015-12-09 19:50:29,171][com.java.TestType] [10064] - dataFields : XPH//span[contains(text(),'Run Report Package')]
[DEBUG][2015-12-09 19:50:29,171][com.java.TestType] [10070] - <In Set values of the page>
[DEBUG][2015-12-09 19:50:29,171][com.java.TestType] [10075] - {Data Fields & Data Values Exist}
[INFO ][2015-12-09 19:50:29,171][com.java.TestType] [10081] - --------------------------setting values-----------------------------
[INFO ][2015-12-09 19:50:29,171][com.java.TestType] [10084] - Action Type : VERIFY
[INFO ][2015-12-09 19:50:29,171][com.java.TestType] [ 6677] - field= XPH//span[contains(text(),'Run Report Package')] value= Run Report Package
[INFO ][2015-12-09 19:50:29,171][com.java.TestType] [ 5449] - value = Run Report Package
[INFO ][2015-12-09 19:50:29,341][com.java.TestType] [10103] -  RESULT true
[INFO ][2015-12-09 19:50:29,342][com.java.TestType] [10220] - ?   P A S S   ?
[DEBUG][2015-12-09 19:50:29,342][com.java.TestType] [10026] - Concept ID:4 :: Step being Executed: 4::5
[ERROR][2015-12-09 19:50:29,342][com.java.TestType] [10059] - Exception: null
[INFO ][2015-12-09 19:50:29,342][com.java.TestType] [10064] - dataFields : BTNframeDialogContent
[DEBUG][2015-12-09 19:50:29,342][com.java.TestType] [10070] - <In Set values of the page>
[DEBUG][2015-12-09 19:50:29,342][com.java.TestType] [10075] - {Data Fields & Data Values Exist}
[INFO ][2015-12-09 19:50:29,342][com.java.TestType] [10081] - --------------------------setting values-----------------------------
[INFO ][2015-12-09 19:50:29,342][com.java.TestType] [10084] - Action Type : SELECTFRAME
[INFO ][2015-12-09 19:50:30,615][com.java.TestType] [10103] -  RESULT true
[INFO ][2015-12-09 19:50:30,615][com.java.TestType] [10220] - ?   P A S S   ?
[DEBUG][2015-12-09 19:50:30,615][com.java.TestType] [10026] - Concept ID:4 :: Step being Executed: 4::6
[INFO ][2015-12-09 19:50:30,615][com.java.TestType] [10064] - dataFields : BTNddlPackage
[DEBUG][2015-12-09 19:50:30,615][com.java.TestType] [10070] - <In Set values of the page>
[DEBUG][2015-12-09 19:50:30,615][com.java.TestType] [10075] - {Data Fields & Data Values Exist}
[INFO ][2015-12-09 19:50:30,615][com.java.TestType] [10081] - --------------------------setting values-----------------------------
[INFO ][2015-12-09 19:50:30,615][com.java.TestType] [10084] - Action Type : WAITFORELEMENT
[INFO ][2015-12-09 19:50:31,673][com.java.TestType] [10103] -  RESULT true
[INFO ][2015-12-09 19:50:31,673][com.java.TestType] [10220] - ?   P A S S   ?
[DEBUG][2015-12-09 19:50:31,673][com.java.TestType] [10026] - Concept ID:4 :: Step being Executed: 4::7
[INFO ][2015-12-09 19:50:31,673][com.java.TestType] [10064] - dataFields : SLBddlPackage
[DEBUG][2015-12-09 19:50:31,673][com.java.TestType] [10070] - <In Set values of the page>
[DEBUG][2015-12-09 19:50:31,673][com.java.TestType] [10075] - {Data Fields & Data Values Exist}
[INFO ][2015-12-09 19:50:31,673][com.java.TestType] [10081] - --------------------------setting values-----------------------------
[INFO ][2015-12-09 19:50:31,673][com.java.TestType] [10084] - Action Type : SELECT
[INFO ][2015-12-09 19:50:31,673][com.java.TestType] [ 5449] - value = VL_Test#31568
[INFO ][2015-12-09 19:50:34,211][com.java.TestType] [10103] -  RESULT false
[INFO ][2015-12-09 19:50:34,211][com.java.TestType] [10141] - ?   F A I L   ?
[DEBUG][2015-12-09 19:50:34,212][com.java.TestType] [10144] - Browser Type : IE10
[INFO ][2015-12-09 19:50:34,215][com.java.SeleniumDriver] [  894] -  RESULT false
[INFO ][2015-12-09 19:50:34,215][com.java.SeleniumDriver] [  941] - ?   F A I L   ?
[INFO ][2015-12-09 19:50:34,215][com.java.SeleniumDriver] [  949] - Browser Type : IE10
[INFO ][2015-12-09 19:50:34,215][com.java.SeleniumDriver] [  950] - Adding Failed case3
[INFO ][2015-12-09 19:50:34,600][com.java.SeleniumDriver] [ 1064] - failedCases = 3
[ERROR][2015-12-09 19:50:34,600][com.java.SeleniumDriver] [ 1561] - Platform Errors : Our apologies...::We have encountered an issue with your request.::Our apologies?:We encountered an issue with your request.
[INFO ][2015-12-09 19:50:34,600][com.java.SeleniumDriver] [ 1565] - Length =3
[ERROR][2015-12-09 19:50:34,600][com.java.SeleniumDriver] [ 1568] - Error 0 = Our apologies...
[ERROR][2015-12-09 19:50:34,615][com.java.SeleniumDriver] [ 1568] - Error 1 = We have encountered an issue with your request.
[ERROR][2015-12-09 19:50:34,630][com.java.SeleniumDriver] [ 1568] - Error 2 = Our apologies?:We encountered an issue with your request.
[INFO ][2015-12-09 19:50:34,645][com.java.SeleniumDriver] [ 1579] - strError:
[DEBUG][2015-12-09 19:50:34,656][com.java.SeleniumDriver] [ 1212] - Case found
[DEBUG][2015-12-09 19:50:34,657][com.java.SeleniumDriver] [ 1217] - Incrementing ReportCounters[0]:2
[INFO ][2015-12-09 19:50:34,657][com.java.SeleniumDriver] [ 1236] - The results are-------------------[3, 41, Report Packages: Add Board Report Package, Fail, 
Test case failed at Step No. :: 41   Error Message ::  In CONCEPT: Test case failed at Step No. :: 7   Error Message ::  Failed to select option: VL_Test#31568 from ddlPackage. Screen Shot : D:\BankersDashboard\TestReports\120915\3_120915_195034_IE10.png, Wed Dec 09 19:50:34 IST 2015]
[INFO ][2015-12-09 19:50:34,657][com.java.SeleniumDriver] [ 1240] - End time is-------3 min 3 sec
[INFO ][2015-12-09 19:50:34,657][com.java.SeleniumDriver] [ 1241] - The results are-------------------[3, 41, Report Packages: Add Board Report Package, Fail, 
Test case failed at Step No. :: 41   Error Message ::  In CONCEPT: Test case failed at Step No. :: 7   Error Message ::  Failed to select option: VL_Test#31568 from ddlPackage. Screen Shot : D:\BankersDashboard\TestReports\120915\3_120915_195034_IE10.png, Wed Dec 09 19:50:34 IST 2015]
[DEBUG][2015-12-09 19:50:34,657][com.java.ImportnExport.ExportTestResultsExcel] [  222] - testResultPath = D:\BankersDashboard/TestReports/Test Results_BankersDashBoard_120915_194733_IE10_CB&S Bank.xls
[DEBUG][2015-12-09 19:50:34,657][com.java.ImportnExport.ExportTestResultsExcel] [  223] - browser is------------IE10
[DEBUG][2015-12-09 19:50:34,659][com.java.ImportnExport.ExportTestResultsExcel] [  270] - result.size() = 6
[DEBUG][2015-12-09 19:50:34,659][com.java.ImportnExport.ExportTestResultsExcel] [  274] - No of rows in sheet=2
[DEBUG][2015-12-09 19:50:34,659][com.java.ImportnExport.ExportTestResultsExcel] [  301] - ..in export..3
[DEBUG][2015-12-09 19:50:34,659][com.java.ImportnExport.ExportTestResultsExcel] [  301] - ..in export..Report Packages: Add Board Report Package
[DEBUG][2015-12-09 19:50:34,659][com.java.ImportnExport.ExportTestResultsExcel] [  301] - ..in export..Fail
[DEBUG][2015-12-09 19:50:34,660][com.java.ImportnExport.ExportTestResultsExcel] [  301] - ..in export..
Test case failed at Step No. :: 41   Error Message ::  In CONCEPT: Test case failed at Step No. :: 7   Error Message ::  Failed to select option: VL_Test#31568 from ddlPackage. Screen Shot : D:\BankersDashboard\TestReports\120915\3_120915_195034_IE10.png
[DEBUG][2015-12-09 19:50:34,660][com.java.ImportnExport.ExportTestResultsExcel] [  301] - ..in export..Wed Dec 09 19:50:34 IST 2015
[INFO ][2015-12-09 19:50:34,661][com.java.SeleniumDriver] [ 1299] - out loop:1 size:2 TestCases:[1, 3] testcases:[1, 3]
[INFO ][2015-12-09 19:50:36,661][com.java.SeleniumDriver] [ 1342] - Total Number of Cases:2
[INFO ][2015-12-09 19:50:36,661][com.java.TemplateGenerator] [  302] - Executed:2
[INFO ][2015-12-09 19:50:36,661][com.java.TemplateGenerator] [  303] - Passed:1
[INFO ][2015-12-09 19:50:36,661][com.java.TemplateGenerator] [  304] - Failed:1
[INFO ][2015-12-09 19:50:36,661][com.java.TemplateGenerator] [  305] - Skipeed:0
[INFO ][2015-12-09 19:50:36,661][com.java.TemplateGenerator] [  306] - Application URL:https://clients-xuat.bankersdashboard.com
[INFO ][2015-12-09 19:50:36,661][com.java.TemplateGenerator] [  307] - Start Time:120915_194733
[INFO ][2015-12-09 19:50:36,661][com.java.TemplateGenerator] [  308] -  Creating HTML Report 
[ERROR][2015-12-09 19:50:36,662][com.java.TemplateGenerator] [  409] - Unparseable date: "Wed Dec 09 07:47:33 IST 2015"
[INFO ][2015-12-09 19:50:36,662][com.java.TemplateGenerator] [  654] -  Exporting case :: 1
[INFO ][2015-12-09 19:50:36,662][com.java.TemplateGenerator] [  654] -  Exporting case :: 3
[INFO ][2015-12-09 19:50:36,666][com.java.SeleniumDriver] [ 1391] - End Time:120915_195036
[INFO ][2015-12-09 19:50:36,666][com.java.SeleniumDriver] [ 1394] - Data in Test Execution Details:{1=PASS, 3=FAILTest case failed at Step No. :: 41   Error Message ::  In CONCEPT: Test case failed at Step No. :: 7   Error Message ::  Failed to select option: VL_Test#31568 from ddlPackage}
[INFO ][2015-12-09 19:50:36,667][com.java.SeleniumDriver] [ 1395] - Data in Failed Execution Deatils:{}
[INFO ][2015-12-09 19:50:36,667][com.java.SeleniumDriver] [ 1397] - ReportCounter:Total:2 :: PASS: 1 ::FAIL: 1
[INFO ][2015-12-09 19:50:36,667][com.java.SeleniumDriver] [ 1398] - FailedReportCounter:Total:0 :: PASS: 0 ::FAIL: 0
[INFO ][2015-12-09 19:50:36,674][com.java.EmailTestReport] [   63] - Sending report mail details:
[INFO ][2015-12-09 19:50:36,674][com.java.EmailTestReport] [   80] - Excel Report Path:D:\BankersDashboard/TestReports/Test Results_BankersDashBoard_120915_194733_IE10_CB&S Bank.xls
[INFO ][2015-12-09 19:50:36,674][com.java.EmailTestReport] [   81] - HTML Report Path:D:\BankersDashboard//TestReports//Test Results_BankersDashBoard_120915_194733_IE10_CB&S Bank.html
[INFO ][2015-12-09 19:50:36,674][com.java.EmailTestReport] [   82] - smtpHostName:mail01.valuelabs.com
[INFO ][2015-12-09 19:50:36,674][com.java.EmailTestReport] [   83] - Recipient:venkateswararao.gubbala@valuelabs.com;
[INFO ][2015-12-09 19:50:36,674][com.java.EmailTestReport] [   84] - From:venkateswararao.gubbala@valuelabs.com;
[INFO ][2015-12-09 19:50:36,674][com.java.EmailTestReport] [   85] - Subject:Deluxe Corp Bankers Dashboard Automation Test Report - CB&S Bank - IE10
[INFO ][2015-12-09 19:50:36,690][com.java.EmailTestReport] [  143] -  Added venkateswararao.gubbala@valuelabs.com
[INFO ][2015-12-09 19:50:40,073][com.java.SeleniumDriver] [  720] - quitting the browser 
[INFO ][2015-12-09 19:50:41,353][com.java.SeleniumDriver] [  264] - Execution Completed Stopping the thread
