[INFO ][2016-02-03 14:49:10,746][com.java.SeleniumDriver] [  213] - Execute Failed Casesfalse
[INFO ][2016-02-03 14:49:10,746][com.java.SeleniumDriver] [  214] - Browser: IE10
[INFO ][2016-02-03 14:49:10,751][com.java.SeleniumDriver] [  215] - [1, 10]
[INFO ][2016-02-03 14:49:10,751][com.java.SeleniumDriver] [  216] - Total TestCases:2
[INFO ][2016-02-03 14:49:10,751][com.java.SeleniumDriver] [  217] -  Reading Properties from Property File 
[DEBUG][2016-02-03 14:49:10,752][com.java.SeleniumDriver] [  238] - url : https://clients-xuat.bankersdashboard.com
[INFO ][2016-02-03 14:49:10,753][com.java.ImportnExport.ExportTestResultsExcel] [  116] - Time Stamp Wed Feb 03 02:49:10 IST 2016
[INFO ][2016-02-03 14:49:10,753][com.java.ImportnExport.ExportTestResultsExcel] [  175] - OUT FILE : D:\BankersDashboard/TestReports/Test Results_BankersDashBoard_020316_144910_IE10_First Bank.xls
[INFO ][2016-02-03 14:49:10,782][com.java.ImportnExport.ExportTestResultsExcel] [  180] - Test Result file is created
[DEBUG][2016-02-03 14:49:10,888][com.java.SeleniumDriver] [  426] - Hub ip address is-------172.17.68.34
[INFO ][2016-02-03 14:49:10,888][com.java.SeleniumDriver] [  452] - Grid URL:http://172.17.68.34:4444/wd/hub
[INFO ][2016-02-03 14:49:10,889][com.java.SeleniumDriver] [  453] - Capability:Capabilities [{platform=ANY, ensureCleanSession=true, ignoreProtectedModeSettings=true, acceptSslCerts=true, ignoreZoomSetting=true, browserName=internet explorer, browserstack.ie.noFlash=true, version=null}]
[ERROR][2016-02-03 14:49:12,205][com.java.SeleniumDriver] [  498] - Unable invoke browser in grid:Could not start a new session. Possible causes are invalid address of the remote server or browser start-up failure.
Build info: version: '2.48.2', revision: '41bccdd', time: '2015-10-09 19:59:12'
System info: host: 'FVTIII438F1D', ip: '172.17.68.34', os.name: 'Windows 7', os.arch: 'x86', os.version: '6.1', java.version: '1.7.0_55'
Driver info: driver.version: SeleniumDriver
[INFO ][2016-02-03 14:49:12,206][com.java.SeleniumDriver] [  500] - Executing on local machine
[INFO ][2016-02-03 14:49:25,951][com.java.SeleniumDriver] [  248] - IE10is opened
[INFO ][2016-02-03 14:49:26,794][com.java.SeleniumDriver] [  756] - Test cases to be executed are: [1, 10]
[INFO ][2016-02-03 14:49:26,820][com.java.ImportnExport.ImportTestDataDetailsExcel] [   49] - test data details path===== D:\BankersDashboard\TestInputs\TestData.xls
[INFO ][2016-02-03 14:49:26,920][com.java.SeleniumDriver] [  856] - ------------------------------------------
[INFO ][2016-02-03 14:49:26,920][com.java.SeleniumDriver] [  857] - Test case being Executed: 1
[INFO ][2016-02-03 14:49:26,920][com.java.SeleniumDriver] [  869] - Test step:1
[INFO ][2016-02-03 14:49:26,920][com.java.SeleniumDriver] [  881] - Datavalue is----------Concept#1:1-16
[INFO ][2016-02-03 14:49:26,921][com.java.SeleniumDriver] [  905] - DataField : test
[INFO ][2016-02-03 14:49:26,921][com.java.SeleniumDriver] [  907] - DataValue : Concept#1:1-16
[INFO ][2016-02-03 14:49:26,921][com.java.SeleniumDriver] [  913] - <In Set values of the page>
[INFO ][2016-02-03 14:49:26,921][com.java.SeleniumDriver] [  916] - {Data Fields & Data Values Exist}
[INFO ][2016-02-03 14:49:26,921][com.java.SeleniumDriver] [  918] - --------------------------setting values-----------------------------
[INFO ][2016-02-03 14:49:26,921][com.java.SeleniumDriver] [  921] - Action Type : ExecuteTestCase
[INFO ][2016-02-03 14:49:26,943][com.java.TestType] [  448] - The Concept sheet name is ---------- Concept
[INFO ][2016-02-03 14:49:26,943][com.java.TestType] [  451] - The Concept ID  is ---------- 1
[DEBUG][2016-02-03 14:49:26,943][com.java.TestType] [  455] - Steps being executted in the Concept are: 1:16
[INFO ][2016-02-03 14:49:26,944][com.java.TestType] [  462] - Test data details path ---------- D:\BankersDashboard\TestInputs\TestData.xls
[INFO ][2016-02-03 14:49:26,983][com.java.TestType] [  493] -  str(1) = 1
[INFO ][2016-02-03 14:49:26,983][com.java.TestType] [  496] - Test case Id is---1
[INFO ][2016-02-03 14:49:26,983][com.java.TestType] [  498] - 1
[INFO ][2016-02-03 14:49:26,984][com.java.TestType] [  493] -  str(2) = 1
[INFO ][2016-02-03 14:49:26,986][com.java.TestType] [  493] -  str(1) = 1
[INFO ][2016-02-03 14:49:26,987][com.java.TestType] [  496] - Test case Id is---1
[INFO ][2016-02-03 14:49:26,987][com.java.TestType] [  498] - 1
[INFO ][2016-02-03 14:49:26,987][com.java.TestType] [  493] -  str(2) = 2
[INFO ][2016-02-03 14:49:26,988][com.java.TestType] [  493] -  str(1) = 1
[INFO ][2016-02-03 14:49:26,988][com.java.TestType] [  496] - Test case Id is---1
[INFO ][2016-02-03 14:49:26,988][com.java.TestType] [  498] - 1
[INFO ][2016-02-03 14:49:26,988][com.java.TestType] [  493] -  str(2) = 3
[INFO ][2016-02-03 14:49:26,990][com.java.TestType] [  493] -  str(1) = 1
[INFO ][2016-02-03 14:49:26,990][com.java.TestType] [  496] - Test case Id is---1
[INFO ][2016-02-03 14:49:26,990][com.java.TestType] [  498] - 1
[INFO ][2016-02-03 14:49:26,990][com.java.TestType] [  493] -  str(2) = 4
[INFO ][2016-02-03 14:49:26,991][com.java.TestType] [  493] -  str(1) = 1
[INFO ][2016-02-03 14:49:26,992][com.java.TestType] [  496] - Test case Id is---1
[INFO ][2016-02-03 14:49:26,993][com.java.TestType] [  498] - 1
[INFO ][2016-02-03 14:49:26,994][com.java.TestType] [  493] -  str(2) = 5
[INFO ][2016-02-03 14:49:26,995][com.java.TestType] [  493] -  str(1) = 1
[INFO ][2016-02-03 14:49:26,995][com.java.TestType] [  496] - Test case Id is---1
[INFO ][2016-02-03 14:49:26,995][com.java.TestType] [  498] - 1
[INFO ][2016-02-03 14:49:26,995][com.java.TestType] [  493] -  str(2) = 6
[INFO ][2016-02-03 14:49:26,996][com.java.TestType] [  493] -  str(1) = 1
[INFO ][2016-02-03 14:49:26,996][com.java.TestType] [  496] - Test case Id is---1
[INFO ][2016-02-03 14:49:26,996][com.java.TestType] [  498] - 1
[INFO ][2016-02-03 14:49:26,996][com.java.TestType] [  493] -  str(2) = 7
[INFO ][2016-02-03 14:49:26,997][com.java.TestType] [  493] -  str(1) = 1
[INFO ][2016-02-03 14:49:26,998][com.java.TestType] [  496] - Test case Id is---1
[INFO ][2016-02-03 14:49:26,998][com.java.TestType] [  498] - 1
[INFO ][2016-02-03 14:49:26,998][com.java.TestType] [  493] -  str(2) = 8
[INFO ][2016-02-03 14:49:26,999][com.java.TestType] [  493] -  str(1) = 1
[INFO ][2016-02-03 14:49:26,999][com.java.TestType] [  496] - Test case Id is---1
[INFO ][2016-02-03 14:49:26,999][com.java.TestType] [  498] - 1
[INFO ][2016-02-03 14:49:26,999][com.java.TestType] [  493] -  str(2) = 9
[INFO ][2016-02-03 14:49:27,000][com.java.TestType] [  493] -  str(1) = 1
[INFO ][2016-02-03 14:49:27,000][com.java.TestType] [  496] - Test case Id is---1
[INFO ][2016-02-03 14:49:27,000][com.java.TestType] [  498] - 1
[INFO ][2016-02-03 14:49:27,000][com.java.TestType] [  493] -  str(2) = 10
[INFO ][2016-02-03 14:49:27,001][com.java.TestType] [  493] -  str(1) = 1
[INFO ][2016-02-03 14:49:27,001][com.java.TestType] [  496] - Test case Id is---1
[INFO ][2016-02-03 14:49:27,001][com.java.TestType] [  498] - 1
[INFO ][2016-02-03 14:49:27,001][com.java.TestType] [  493] -  str(2) = 11
[INFO ][2016-02-03 14:49:27,002][com.java.TestType] [  493] -  str(1) = 1
[INFO ][2016-02-03 14:49:27,002][com.java.TestType] [  496] - Test case Id is---1
[INFO ][2016-02-03 14:49:27,003][com.java.TestType] [  498] - 1
[INFO ][2016-02-03 14:49:27,003][com.java.TestType] [  493] -  str(2) = 12
[INFO ][2016-02-03 14:49:27,004][com.java.TestType] [  493] -  str(1) = 1
[INFO ][2016-02-03 14:49:27,004][com.java.TestType] [  496] - Test case Id is---1
[INFO ][2016-02-03 14:49:27,004][com.java.TestType] [  498] - 1
[INFO ][2016-02-03 14:49:27,004][com.java.TestType] [  493] -  str(2) = 13
[INFO ][2016-02-03 14:49:27,005][com.java.TestType] [  493] -  str(1) = 1
[INFO ][2016-02-03 14:49:27,005][com.java.TestType] [  496] - Test case Id is---1
[INFO ][2016-02-03 14:49:27,005][com.java.TestType] [  498] - 1
[INFO ][2016-02-03 14:49:27,005][com.java.TestType] [  493] -  str(2) = 14
[INFO ][2016-02-03 14:49:27,006][com.java.TestType] [  493] -  str(1) = 1
[INFO ][2016-02-03 14:49:27,006][com.java.TestType] [  496] - Test case Id is---1
[INFO ][2016-02-03 14:49:27,006][com.java.TestType] [  498] - 1
[INFO ][2016-02-03 14:49:27,006][com.java.TestType] [  493] -  str(2) = 15
[INFO ][2016-02-03 14:49:27,007][com.java.TestType] [  493] -  str(1) = 1
[INFO ][2016-02-03 14:49:27,007][com.java.TestType] [  496] - Test case Id is---1
[INFO ][2016-02-03 14:49:27,007][com.java.TestType] [  498] - 1
[INFO ][2016-02-03 14:49:27,007][com.java.TestType] [  493] -  str(2) = 16
[INFO ][2016-02-03 14:49:27,008][com.java.TestType] [11878] - Looping 1TCID = 1
[DEBUG][2016-02-03 14:49:27,008][com.java.TestType] [11919] - Concept ID:1 :: Step being Executed: 1::1
[INFO ][2016-02-03 14:49:27,008][com.java.TestType] [11957] - dataFields : TXTusername
[DEBUG][2016-02-03 14:49:27,008][com.java.TestType] [11963] - <In Set values of the page>
[DEBUG][2016-02-03 14:49:27,009][com.java.TestType] [11968] - {Data Fields & Data Values Exist}
[INFO ][2016-02-03 14:49:27,009][com.java.TestType] [11974] - --------------------------setting values-----------------------------
[INFO ][2016-02-03 14:49:27,009][com.java.TestType] [11977] - Action Type : CLEARANDENTER
[INFO ][2016-02-03 14:49:29,301][com.java.TestType] [ 6572] - value = valuelabs.ie10.15019
[INFO ][2016-02-03 14:49:31,694][com.java.TestType] [11996] -  RESULT true
[INFO ][2016-02-03 14:49:31,694][com.java.TestType] [12113] - ?   P A S S   ?
[DEBUG][2016-02-03 14:49:31,694][com.java.TestType] [11919] - Concept ID:1 :: Step being Executed: 1::2
[INFO ][2016-02-03 14:49:31,694][com.java.TestType] [11957] - dataFields : TXTpassword
[DEBUG][2016-02-03 14:49:31,695][com.java.TestType] [11963] - <In Set values of the page>
[DEBUG][2016-02-03 14:49:31,695][com.java.TestType] [11968] - {Data Fields & Data Values Exist}
[INFO ][2016-02-03 14:49:31,695][com.java.TestType] [11974] - --------------------------setting values-----------------------------
[INFO ][2016-02-03 14:49:31,695][com.java.TestType] [11977] - Action Type : CLEARANDENTER
[INFO ][2016-02-03 14:49:35,916][com.java.TestType] [ 6572] - value = Password1*
[INFO ][2016-02-03 14:49:38,429][com.java.TestType] [11996] -  RESULT true
[INFO ][2016-02-03 14:49:38,429][com.java.TestType] [12113] - ?   P A S S   ?
[DEBUG][2016-02-03 14:49:38,429][com.java.TestType] [11919] - Concept ID:1 :: Step being Executed: 1::3
[ERROR][2016-02-03 14:49:38,429][com.java.TestType] [11952] - Exception: null
[INFO ][2016-02-03 14:49:38,429][com.java.TestType] [11957] - dataFields : XPH//button[@type='submit']
[DEBUG][2016-02-03 14:49:38,429][com.java.TestType] [11963] - <In Set values of the page>
[DEBUG][2016-02-03 14:49:38,429][com.java.TestType] [11968] - {Data Fields & Data Values Exist}
[INFO ][2016-02-03 14:49:38,430][com.java.TestType] [11974] - --------------------------setting values-----------------------------
[INFO ][2016-02-03 14:49:38,430][com.java.TestType] [11977] - Action Type : Click
[INFO ][2016-02-03 14:49:38,430][com.java.TestType] [ 6951] - Field ::XPH//button[@type='submit']
[INFO ][2016-02-03 14:49:38,430][com.java.TestType] [ 6572] - value = 
[INFO ][2016-02-03 14:49:39,432][com.java.TestType] [ 7124] - BEFORE CLICK
[INFO ][2016-02-03 14:49:40,282][com.java.TestType] [ 7132] - Unable to click the object Login
[INFO ][2016-02-03 14:49:40,282][com.java.TestType] [11996] -  RESULT true
[INFO ][2016-02-03 14:49:40,282][com.java.TestType] [12113] - ?   P A S S   ?
[DEBUG][2016-02-03 14:49:40,282][com.java.TestType] [11919] - Concept ID:1 :: Step being Executed: 1::4
[INFO ][2016-02-03 14:49:40,282][com.java.TestType] [11957] - dataFields : LNKLogout
[DEBUG][2016-02-03 14:49:40,282][com.java.TestType] [11963] - <In Set values of the page>
[DEBUG][2016-02-03 14:49:40,282][com.java.TestType] [11968] - {Data Fields & Data Values Exist}
[INFO ][2016-02-03 14:49:40,282][com.java.TestType] [11974] - --------------------------setting values-----------------------------
[INFO ][2016-02-03 14:49:40,282][com.java.TestType] [11977] - Action Type : WaitForElement
[INFO ][2016-02-03 14:49:43,866][com.java.TestType] [11996] -  RESULT true
[INFO ][2016-02-03 14:49:43,866][com.java.TestType] [12113] - ?   P A S S   ?
[DEBUG][2016-02-03 14:49:43,867][com.java.TestType] [11919] - Concept ID:1 :: Step being Executed: 1::15
[INFO ][2016-02-03 14:49:43,867][com.java.TestType] [11957] - dataFields : LNK
[DEBUG][2016-02-03 14:49:43,867][com.java.TestType] [11963] - <In Set values of the page>
[DEBUG][2016-02-03 14:49:43,867][com.java.TestType] [11968] - {Data Fields & Data Values Exist}
[INFO ][2016-02-03 14:49:43,868][com.java.TestType] [11974] - --------------------------setting values-----------------------------
[INFO ][2016-02-03 14:49:43,868][com.java.TestType] [11977] - Action Type : Verify
[INFO ][2016-02-03 14:49:43,868][com.java.TestType] [ 8183] - field= LNK value= Logout
[INFO ][2016-02-03 14:49:43,871][com.java.TestType] [ 6572] - value = Logout
[INFO ][2016-02-03 14:49:44,107][com.java.TestType] [11996] -  RESULT true
[INFO ][2016-02-03 14:49:44,107][com.java.TestType] [12113] - ?   P A S S   ?
[DEBUG][2016-02-03 14:49:44,107][com.java.TestType] [11919] - Concept ID:1 :: Step being Executed: 1::16
[INFO ][2016-02-03 14:49:44,108][com.java.TestType] [11957] - dataFields : BTN
[DEBUG][2016-02-03 14:49:44,108][com.java.TestType] [11963] - <In Set values of the page>
[DEBUG][2016-02-03 14:49:44,108][com.java.TestType] [11968] - {Data Fields & Data Values Exist}
[INFO ][2016-02-03 14:49:44,108][com.java.TestType] [11974] - --------------------------setting values-----------------------------
[INFO ][2016-02-03 14:49:44,108][com.java.TestType] [11977] - Action Type : Verify
[INFO ][2016-02-03 14:49:44,108][com.java.TestType] [ 8183] - field= BTN value= //img[contains(@src,'bdlogo.jpg')]
[INFO ][2016-02-03 14:49:44,108][com.java.TestType] [ 6572] - value = //img[contains(@src,'bdlogo.jpg')]
[INFO ][2016-02-03 14:49:44,177][com.java.TestType] [11996] -  RESULT true
[INFO ][2016-02-03 14:49:44,177][com.java.TestType] [12113] - ?   P A S S   ?
[INFO ][2016-02-03 14:49:44,177][com.java.TestType] [12184] - Looping End......
[INFO ][2016-02-03 14:49:44,182][com.java.SeleniumDriver] [  930] -  RESULT true
[INFO ][2016-02-03 14:49:44,182][com.java.SeleniumDriver] [ 1136] - ?   P A S S   ?
[INFO ][2016-02-03 14:49:44,182][com.java.SeleniumDriver] [  856] - ------------------------------------------
[INFO ][2016-02-03 14:49:44,182][com.java.SeleniumDriver] [  857] - Test case being Executed: 1
[INFO ][2016-02-03 14:49:44,182][com.java.SeleniumDriver] [  869] - Test step:2
[INFO ][2016-02-03 14:49:44,182][com.java.SeleniumDriver] [  881] - Datavalue is----------Concept#2:1-2
[INFO ][2016-02-03 14:49:44,182][com.java.SeleniumDriver] [  905] - DataField : test
[INFO ][2016-02-03 14:49:44,183][com.java.SeleniumDriver] [  907] - DataValue : Concept#2:1-2
[INFO ][2016-02-03 14:49:44,183][com.java.SeleniumDriver] [  913] - <In Set values of the page>
[INFO ][2016-02-03 14:49:44,183][com.java.SeleniumDriver] [  916] - {Data Fields & Data Values Exist}
[INFO ][2016-02-03 14:49:44,183][com.java.SeleniumDriver] [  918] - --------------------------setting values-----------------------------
[INFO ][2016-02-03 14:49:44,183][com.java.SeleniumDriver] [  921] - Action Type : ExecuteTestCase
[INFO ][2016-02-03 14:49:44,183][com.java.TestType] [  448] - The Concept sheet name is ---------- Concept
[INFO ][2016-02-03 14:49:44,183][com.java.TestType] [  451] - The Concept ID  is ---------- 2
[DEBUG][2016-02-03 14:49:44,183][com.java.TestType] [  455] - Steps being executted in the Concept are: 1:2
[INFO ][2016-02-03 14:49:44,184][com.java.TestType] [  462] - Test data details path ---------- D:\BankersDashboard\TestInputs\TestData.xls
[INFO ][2016-02-03 14:49:44,216][com.java.TestType] [  493] -  str(1) = 2
[INFO ][2016-02-03 14:49:44,217][com.java.TestType] [  496] - Test case Id is---2
[INFO ][2016-02-03 14:49:44,217][com.java.TestType] [  498] - 2
[INFO ][2016-02-03 14:49:44,217][com.java.TestType] [  493] -  str(2) = 1
[INFO ][2016-02-03 14:49:44,219][com.java.TestType] [  493] -  str(1) = 2
[INFO ][2016-02-03 14:49:44,219][com.java.TestType] [  496] - Test case Id is---2
[INFO ][2016-02-03 14:49:44,219][com.java.TestType] [  498] - 2
[INFO ][2016-02-03 14:49:44,220][com.java.TestType] [  493] -  str(2) = 2
[INFO ][2016-02-03 14:49:44,220][com.java.TestType] [  493] -  str(1) = 2
[INFO ][2016-02-03 14:49:44,220][com.java.TestType] [  496] - Test case Id is---2
[INFO ][2016-02-03 14:49:44,220][com.java.TestType] [  498] - 2
[INFO ][2016-02-03 14:49:44,220][com.java.TestType] [  493] -  str(2) = 3
[INFO ][2016-02-03 14:49:44,221][com.java.TestType] [11878] - Looping 1TCID = 2
[DEBUG][2016-02-03 14:49:44,221][com.java.TestType] [11919] - Concept ID:2 :: Step being Executed: 2::1
[INFO ][2016-02-03 14:49:44,221][com.java.TestType] [11957] - dataFields : BNK//select[@id='bank']
[DEBUG][2016-02-03 14:49:44,221][com.java.TestType] [11963] - <In Set values of the page>
[DEBUG][2016-02-03 14:49:44,222][com.java.TestType] [11968] - {Data Fields & Data Values Exist}
[INFO ][2016-02-03 14:49:44,222][com.java.TestType] [11974] - --------------------------setting values-----------------------------
[INFO ][2016-02-03 14:49:44,222][com.java.TestType] [11977] - Action Type : Select
[INFO ][2016-02-03 14:49:44,222][com.java.TestType] [ 6572] - value = PFC
[INFO ][2016-02-03 14:49:44,735][com.java.TestType] [11996] -  RESULT true
[INFO ][2016-02-03 14:49:44,735][com.java.TestType] [12113] - ?   P A S S   ?
[DEBUG][2016-02-03 14:49:44,735][com.java.TestType] [11919] - Concept ID:2 :: Step being Executed: 2::2
[INFO ][2016-02-03 14:49:44,735][com.java.TestType] [11957] - dataFields : LNKLogout
[DEBUG][2016-02-03 14:49:44,735][com.java.TestType] [11963] - <In Set values of the page>
[DEBUG][2016-02-03 14:49:44,735][com.java.TestType] [11968] - {Data Fields & Data Values Exist}
[INFO ][2016-02-03 14:49:44,736][com.java.TestType] [11974] - --------------------------setting values-----------------------------
[INFO ][2016-02-03 14:49:44,736][com.java.TestType] [11977] - Action Type : WaitTime
[DEBUG][2016-02-03 14:49:44,736][com.java.TestType] [ 6386] - sleepTime: 5000
[INFO ][2016-02-03 14:49:49,736][com.java.TestType] [11996] -  RESULT true
[INFO ][2016-02-03 14:49:49,736][com.java.TestType] [12113] - ?   P A S S   ?
[INFO ][2016-02-03 14:49:49,736][com.java.TestType] [12184] - Looping End......
[INFO ][2016-02-03 14:49:49,740][com.java.SeleniumDriver] [  930] -  RESULT true
[INFO ][2016-02-03 14:49:49,740][com.java.SeleniumDriver] [ 1136] - ?   P A S S   ?
[INFO ][2016-02-03 14:49:49,741][com.java.SeleniumDriver] [  856] - ------------------------------------------
[INFO ][2016-02-03 14:49:49,741][com.java.SeleniumDriver] [  857] - Test case being Executed: 1
[INFO ][2016-02-03 14:49:49,741][com.java.SeleniumDriver] [  869] - Test step:3
[INFO ][2016-02-03 14:49:49,742][com.java.SeleniumDriver] [  881] - Datavalue is----------2
[INFO ][2016-02-03 14:49:49,743][com.java.SeleniumDriver] [  905] - DataField : XPH//button[contains(text(),'Add Content')]
[INFO ][2016-02-03 14:49:49,743][com.java.SeleniumDriver] [  907] - DataValue : 2
[INFO ][2016-02-03 14:49:49,743][com.java.SeleniumDriver] [  913] - <In Set values of the page>
[INFO ][2016-02-03 14:49:49,743][com.java.SeleniumDriver] [  916] - {Data Fields & Data Values Exist}
[INFO ][2016-02-03 14:49:49,743][com.java.SeleniumDriver] [  918] - --------------------------setting values-----------------------------
[INFO ][2016-02-03 14:49:49,743][com.java.SeleniumDriver] [  921] - Action Type : WAITFORELEMENT
[INFO ][2016-02-03 14:49:49,779][com.java.SeleniumDriver] [  930] -  RESULT true
[INFO ][2016-02-03 14:49:49,779][com.java.SeleniumDriver] [ 1136] - ?   P A S S   ?
[DEBUG][2016-02-03 14:49:49,779][com.java.SeleniumDriver] [ 1248] - Case found
[DEBUG][2016-02-03 14:49:49,779][com.java.SeleniumDriver] [ 1253] - Incrementing ReportCounters[0]:1
[INFO ][2016-02-03 14:49:49,781][com.java.SeleniumDriver] [ 1272] - The results are-------------------[1, 1, Valid Login, Pass, , Wed Feb 03 14:49:44 IST 2016, 1, 2, Valid Login, Pass, , Wed Feb 03 14:49:49 IST 2016, 1, 3, Valid Login, Pass, , Wed Feb 03 14:49:49 IST 2016]
[INFO ][2016-02-03 14:49:49,781][com.java.SeleniumDriver] [ 1276] - End time is-------41 sec
[INFO ][2016-02-03 14:49:49,781][com.java.SeleniumDriver] [ 1277] - The results are-------------------[1, 1, Valid Login, Pass, , Wed Feb 03 14:49:44 IST 2016, 1, 2, Valid Login, Pass, , Wed Feb 03 14:49:49 IST 2016, 1, 3, Valid Login, Pass, , Wed Feb 03 14:49:49 IST 2016]
[DEBUG][2016-02-03 14:49:49,781][com.java.ImportnExport.ExportTestResultsExcel] [  222] - testResultPath = D:\BankersDashboard/TestReports/Test Results_BankersDashBoard_020316_144910_IE10_First Bank.xls
[DEBUG][2016-02-03 14:49:49,782][com.java.ImportnExport.ExportTestResultsExcel] [  223] - browser is------------IE10
[DEBUG][2016-02-03 14:49:49,826][com.java.ImportnExport.ExportTestResultsExcel] [  270] - result.size() = 18
[DEBUG][2016-02-03 14:49:49,826][com.java.ImportnExport.ExportTestResultsExcel] [  274] - No of rows in sheet=1
[DEBUG][2016-02-03 14:49:49,827][com.java.ImportnExport.ExportTestResultsExcel] [  301] - ..in export..1
[DEBUG][2016-02-03 14:49:49,827][com.java.ImportnExport.ExportTestResultsExcel] [  301] - ..in export..Valid Login
[DEBUG][2016-02-03 14:49:49,827][com.java.ImportnExport.ExportTestResultsExcel] [  301] - ..in export..Pass
[DEBUG][2016-02-03 14:49:49,827][com.java.ImportnExport.ExportTestResultsExcel] [  301] - ..in export..
[DEBUG][2016-02-03 14:49:49,827][com.java.ImportnExport.ExportTestResultsExcel] [  301] - ..in export..Wed Feb 03 14:49:44 IST 2016
[INFO ][2016-02-03 14:49:49,830][com.java.SeleniumDriver] [ 1337] - out loop:0 size:2 TestCases:[1, 10] testcases:[1, 10]
[INFO ][2016-02-03 14:49:49,830][com.java.ImportnExport.ImportTestDataDetailsExcel] [   49] - test data details path===== D:\BankersDashboard\TestInputs\TestData.xls
[INFO ][2016-02-03 14:50:09,460][com.java.SeleniumDriver] [  856] - ------------------------------------------
[INFO ][2016-02-03 14:50:09,460][com.java.SeleniumDriver] [  857] - Test case being Executed: 10
[INFO ][2016-02-03 14:50:09,460][com.java.SeleniumDriver] [  869] - Test step:1
[INFO ][2016-02-03 14:50:09,460][com.java.SeleniumDriver] [  881] - Datavalue is----------Logout
[INFO ][2016-02-03 14:50:09,461][com.java.SeleniumDriver] [  905] - DataField : BTN
[INFO ][2016-02-03 14:50:09,461][com.java.SeleniumDriver] [  907] - DataValue : Logout
[INFO ][2016-02-03 14:50:09,461][com.java.SeleniumDriver] [  913] - <In Set values of the page>
[INFO ][2016-02-03 14:50:09,461][com.java.SeleniumDriver] [  916] - {Data Fields & Data Values Exist}
[INFO ][2016-02-03 14:50:09,461][com.java.SeleniumDriver] [  918] - --------------------------setting values-----------------------------
[INFO ][2016-02-03 14:50:09,461][com.java.SeleniumDriver] [  921] - Action Type : Verify
[INFO ][2016-02-03 14:50:09,461][com.java.TestType] [ 8183] - field= BTN value= Logout
[INFO ][2016-02-03 14:50:09,461][com.java.TestType] [ 6572] - value = Logout
[INFO ][2016-02-03 14:50:09,533][com.java.SeleniumDriver] [  930] -  RESULT true
[INFO ][2016-02-03 14:50:09,533][com.java.SeleniumDriver] [ 1136] - ?   P A S S   ?
[INFO ][2016-02-03 14:50:09,533][com.java.SeleniumDriver] [ 1178] - step change to 3
[INFO ][2016-02-03 14:50:09,533][com.java.SeleniumDriver] [  856] - ------------------------------------------
[INFO ][2016-02-03 14:50:09,533][com.java.SeleniumDriver] [  857] - Test case being Executed: 10
[INFO ][2016-02-03 14:50:09,534][com.java.SeleniumDriver] [  869] - Test step:3
[INFO ][2016-02-03 14:50:09,534][com.java.SeleniumDriver] [  881] - Datavalue is----------Concept#2:1-2
[INFO ][2016-02-03 14:50:09,534][com.java.SeleniumDriver] [  905] - DataField : test
[INFO ][2016-02-03 14:50:09,534][com.java.SeleniumDriver] [  907] - DataValue : Concept#2:1-2
[INFO ][2016-02-03 14:50:09,534][com.java.SeleniumDriver] [  913] - <In Set values of the page>
[INFO ][2016-02-03 14:50:09,534][com.java.SeleniumDriver] [  916] - {Data Fields & Data Values Exist}
[INFO ][2016-02-03 14:50:09,534][com.java.SeleniumDriver] [  918] - --------------------------setting values-----------------------------
[INFO ][2016-02-03 14:50:09,534][com.java.SeleniumDriver] [  921] - Action Type : ExecuteTestCase
[INFO ][2016-02-03 14:50:09,534][com.java.TestType] [  448] - The Concept sheet name is ---------- Concept
[INFO ][2016-02-03 14:50:09,534][com.java.TestType] [  451] - The Concept ID  is ---------- 2
[DEBUG][2016-02-03 14:50:09,534][com.java.TestType] [  455] - Steps being executted in the Concept are: 1:2
[INFO ][2016-02-03 14:50:09,534][com.java.TestType] [  462] - Test data details path ---------- D:\BankersDashboard\TestInputs\TestData.xls
[INFO ][2016-02-03 14:50:09,569][com.java.TestType] [  493] -  str(1) = 2
[INFO ][2016-02-03 14:50:09,569][com.java.TestType] [  496] - Test case Id is---2
[INFO ][2016-02-03 14:50:09,569][com.java.TestType] [  498] - 2
[INFO ][2016-02-03 14:50:09,569][com.java.TestType] [  493] -  str(2) = 1
[INFO ][2016-02-03 14:50:09,571][com.java.TestType] [  493] -  str(1) = 2
[INFO ][2016-02-03 14:50:09,571][com.java.TestType] [  496] - Test case Id is---2
[INFO ][2016-02-03 14:50:09,571][com.java.TestType] [  498] - 2
[INFO ][2016-02-03 14:50:09,571][com.java.TestType] [  493] -  str(2) = 2
[INFO ][2016-02-03 14:50:09,572][com.java.TestType] [  493] -  str(1) = 2
[INFO ][2016-02-03 14:50:09,572][com.java.TestType] [  496] - Test case Id is---2
[INFO ][2016-02-03 14:50:09,572][com.java.TestType] [  498] - 2
[INFO ][2016-02-03 14:50:09,572][com.java.TestType] [  493] -  str(2) = 3
[INFO ][2016-02-03 14:50:09,573][com.java.TestType] [11878] - Looping 1TCID = 2
[DEBUG][2016-02-03 14:50:09,573][com.java.TestType] [11919] - Concept ID:2 :: Step being Executed: 2::1
[INFO ][2016-02-03 14:50:09,573][com.java.TestType] [11957] - dataFields : BNK//select[@id='bank']
[DEBUG][2016-02-03 14:50:09,573][com.java.TestType] [11963] - <In Set values of the page>
[DEBUG][2016-02-03 14:50:09,573][com.java.TestType] [11968] - {Data Fields & Data Values Exist}
[INFO ][2016-02-03 14:50:09,573][com.java.TestType] [11974] - --------------------------setting values-----------------------------
[INFO ][2016-02-03 14:50:09,574][com.java.TestType] [11977] - Action Type : Select
[INFO ][2016-02-03 14:50:09,574][com.java.TestType] [ 6572] - value = PFC
[INFO ][2016-02-03 14:50:09,794][com.java.TestType] [11996] -  RESULT true
[INFO ][2016-02-03 14:50:09,794][com.java.TestType] [12113] - ?   P A S S   ?
[DEBUG][2016-02-03 14:50:09,794][com.java.TestType] [11919] - Concept ID:2 :: Step being Executed: 2::2
[INFO ][2016-02-03 14:50:09,794][com.java.TestType] [11957] - dataFields : LNKLogout
[DEBUG][2016-02-03 14:50:09,794][com.java.TestType] [11963] - <In Set values of the page>
[DEBUG][2016-02-03 14:50:09,794][com.java.TestType] [11968] - {Data Fields & Data Values Exist}
[INFO ][2016-02-03 14:50:09,794][com.java.TestType] [11974] - --------------------------setting values-----------------------------
[INFO ][2016-02-03 14:50:09,794][com.java.TestType] [11977] - Action Type : WaitTime
[DEBUG][2016-02-03 14:50:09,794][com.java.TestType] [ 6386] - sleepTime: 5000
[INFO ][2016-02-03 14:50:14,795][com.java.TestType] [11996] -  RESULT true
[INFO ][2016-02-03 14:50:14,795][com.java.TestType] [12113] - ?   P A S S   ?
[INFO ][2016-02-03 14:50:14,795][com.java.TestType] [12184] - Looping End......
[INFO ][2016-02-03 14:50:14,800][com.java.SeleniumDriver] [  930] -  RESULT true
[INFO ][2016-02-03 14:50:14,801][com.java.SeleniumDriver] [ 1136] - ?   P A S S   ?
[INFO ][2016-02-03 14:50:14,802][com.java.SeleniumDriver] [  856] - ------------------------------------------
[INFO ][2016-02-03 14:50:14,802][com.java.SeleniumDriver] [  857] - Test case being Executed: 10
[INFO ][2016-02-03 14:50:14,802][com.java.SeleniumDriver] [  869] - Test step:4
[INFO ][2016-02-03 14:50:14,802][com.java.SeleniumDriver] [  881] - Datavalue is----------null
[DEBUG][2016-02-03 14:50:14,802][com.java.SeleniumDriver] [  899] - Exception: null
[INFO ][2016-02-03 14:50:14,802][com.java.SeleniumDriver] [  905] - DataField : //span[@class='icon-stats']&&//a[@data-id="CreateNew"]
[INFO ][2016-02-03 14:50:14,802][com.java.SeleniumDriver] [  907] - DataValue : 
[INFO ][2016-02-03 14:50:14,802][com.java.SeleniumDriver] [  913] - <In Set values of the page>
[INFO ][2016-02-03 14:50:14,802][com.java.SeleniumDriver] [  916] - {Data Fields & Data Values Exist}
[INFO ][2016-02-03 14:50:14,802][com.java.SeleniumDriver] [  918] - --------------------------setting values-----------------------------
[INFO ][2016-02-03 14:50:14,802][com.java.SeleniumDriver] [  921] - Action Type : MOUSEOVER
[INFO ][2016-02-03 14:50:55,757][com.java.SeleniumDriver] [  930] -  RESULT true
[INFO ][2016-02-03 14:50:55,757][com.java.SeleniumDriver] [ 1136] - ?   P A S S   ?
[INFO ][2016-02-03 14:50:55,758][com.java.SeleniumDriver] [  856] - ------------------------------------------
[INFO ][2016-02-03 14:50:55,758][com.java.SeleniumDriver] [  857] - Test case being Executed: 10
[INFO ][2016-02-03 14:50:55,758][com.java.SeleniumDriver] [  869] - Test step:5
[INFO ][2016-02-03 14:50:55,758][com.java.SeleniumDriver] [  881] - Datavalue is----------2
[INFO ][2016-02-03 14:50:55,758][com.java.SeleniumDriver] [  905] - DataField : XPH//span[@class='ui-dialog-title']
[INFO ][2016-02-03 14:50:55,758][com.java.SeleniumDriver] [  907] - DataValue : 2
[INFO ][2016-02-03 14:50:55,759][com.java.SeleniumDriver] [  913] - <In Set values of the page>
[INFO ][2016-02-03 14:50:55,759][com.java.SeleniumDriver] [  916] - {Data Fields & Data Values Exist}
[INFO ][2016-02-03 14:50:55,759][com.java.SeleniumDriver] [  918] - --------------------------setting values-----------------------------
[INFO ][2016-02-03 14:50:55,759][com.java.SeleniumDriver] [  921] - Action Type : WAITFORELEMENT
[INFO ][2016-02-03 14:50:55,825][com.java.SeleniumDriver] [  930] -  RESULT true
[INFO ][2016-02-03 14:50:55,825][com.java.SeleniumDriver] [ 1136] - ?   P A S S   ?
[INFO ][2016-02-03 14:50:55,825][com.java.SeleniumDriver] [  856] - ------------------------------------------
[INFO ][2016-02-03 14:50:55,825][com.java.SeleniumDriver] [  857] - Test case being Executed: 10
[INFO ][2016-02-03 14:50:55,825][com.java.SeleniumDriver] [  869] - Test step:6
[INFO ][2016-02-03 14:50:55,825][com.java.SeleniumDriver] [  881] - Datavalue is----------Create New Projection
[INFO ][2016-02-03 14:50:55,825][com.java.SeleniumDriver] [  905] - DataField : XPH//span[@class='ui-dialog-title']
[INFO ][2016-02-03 14:50:55,826][com.java.SeleniumDriver] [  907] - DataValue : Create New Projection
[INFO ][2016-02-03 14:50:55,826][com.java.SeleniumDriver] [  913] - <In Set values of the page>
[INFO ][2016-02-03 14:50:55,826][com.java.SeleniumDriver] [  916] - {Data Fields & Data Values Exist}
[INFO ][2016-02-03 14:50:55,826][com.java.SeleniumDriver] [  918] - --------------------------setting values-----------------------------
[INFO ][2016-02-03 14:50:55,826][com.java.SeleniumDriver] [  921] - Action Type : VERIFY
[INFO ][2016-02-03 14:50:55,826][com.java.TestType] [ 8183] - field= XPH//span[@class='ui-dialog-title'] value= Create New Projection
[INFO ][2016-02-03 14:50:55,826][com.java.TestType] [ 6572] - value = Create New Projection
[INFO ][2016-02-03 14:50:55,940][com.java.SeleniumDriver] [  930] -  RESULT true
[INFO ][2016-02-03 14:50:55,940][com.java.SeleniumDriver] [ 1136] - ?   P A S S   ?
[INFO ][2016-02-03 14:50:55,941][com.java.SeleniumDriver] [  856] - ------------------------------------------
[INFO ][2016-02-03 14:50:55,942][com.java.SeleniumDriver] [  857] - Test case being Executed: 10
[INFO ][2016-02-03 14:50:55,942][com.java.SeleniumDriver] [  869] - Test step:7
[INFO ][2016-02-03 14:50:55,942][com.java.SeleniumDriver] [  881] - Datavalue is----------null
[DEBUG][2016-02-03 14:50:55,942][com.java.SeleniumDriver] [  899] - Exception: null
[INFO ][2016-02-03 14:50:55,942][com.java.SeleniumDriver] [  905] - DataField : BTNframeDialogContent
[INFO ][2016-02-03 14:50:55,942][com.java.SeleniumDriver] [  907] - DataValue : 
[INFO ][2016-02-03 14:50:55,942][com.java.SeleniumDriver] [  913] - <In Set values of the page>
[INFO ][2016-02-03 14:50:55,942][com.java.SeleniumDriver] [  916] - {Data Fields & Data Values Exist}
[INFO ][2016-02-03 14:50:55,942][com.java.SeleniumDriver] [  918] - --------------------------setting values-----------------------------
[INFO ][2016-02-03 14:50:55,942][com.java.SeleniumDriver] [  921] - Action Type : SELECTFRAME
[INFO ][2016-02-03 14:50:57,235][com.java.SeleniumDriver] [  930] -  RESULT true
[INFO ][2016-02-03 14:50:57,235][com.java.SeleniumDriver] [ 1136] - ?   P A S S   ?
[INFO ][2016-02-03 14:50:57,235][com.java.SeleniumDriver] [  856] - ------------------------------------------
[INFO ][2016-02-03 14:50:57,235][com.java.SeleniumDriver] [  857] - Test case being Executed: 10
[INFO ][2016-02-03 14:50:57,235][com.java.SeleniumDriver] [  869] - Test step:8
[INFO ][2016-02-03 14:50:57,235][com.java.SeleniumDriver] [  881] - Datavalue is----------null
[DEBUG][2016-02-03 14:50:57,235][com.java.SeleniumDriver] [  899] - Exception: null
[INFO ][2016-02-03 14:50:57,235][com.java.SeleniumDriver] [  905] - DataField : //span[@id='lblYear']
[INFO ][2016-02-03 14:50:57,235][com.java.SeleniumDriver] [  907] - DataValue : 
[INFO ][2016-02-03 14:50:57,235][com.java.SeleniumDriver] [  913] - <In Set values of the page>
[INFO ][2016-02-03 14:50:57,236][com.java.SeleniumDriver] [  916] - {Data Fields & Data Values Exist}
[INFO ][2016-02-03 14:50:57,236][com.java.SeleniumDriver] [  918] - --------------------------setting values-----------------------------
[INFO ][2016-02-03 14:50:57,236][com.java.SeleniumDriver] [  921] - Action Type : PRESENTYEAR
[INFO ][2016-02-03 14:50:57,298][com.java.SeleniumDriver] [  930] -  RESULT true
[INFO ][2016-02-03 14:50:57,298][com.java.SeleniumDriver] [ 1136] - ?   P A S S   ?
[INFO ][2016-02-03 14:50:57,298][com.java.SeleniumDriver] [  856] - ------------------------------------------
[INFO ][2016-02-03 14:50:57,298][com.java.SeleniumDriver] [  857] - Test case being Executed: 10
[INFO ][2016-02-03 14:50:57,298][com.java.SeleniumDriver] [  869] - Test step:9
[INFO ][2016-02-03 14:50:57,298][com.java.SeleniumDriver] [  881] - Datavalue is----------Currentyear
[INFO ][2016-02-03 14:50:57,298][com.java.SeleniumDriver] [  905] - DataField : XPH//span[@id='lblYear']
[INFO ][2016-02-03 14:50:57,298][com.java.SeleniumDriver] [  907] - DataValue : Currentyear
[INFO ][2016-02-03 14:50:57,299][com.java.SeleniumDriver] [  913] - <In Set values of the page>
[INFO ][2016-02-03 14:50:57,299][com.java.SeleniumDriver] [  916] - {Data Fields & Data Values Exist}
[INFO ][2016-02-03 14:50:57,299][com.java.SeleniumDriver] [  918] - --------------------------setting values-----------------------------
[INFO ][2016-02-03 14:50:57,299][com.java.SeleniumDriver] [  921] - Action Type : storevalue
[INFO ][2016-02-03 14:50:57,299][com.java.TestType] [ 9643] - field= XPH//span[@id='lblYear']
[DEBUG][2016-02-03 14:50:57,352][com.java.TestType] [ 9698] - Key:: Currentyear   Value:: 2016
[INFO ][2016-02-03 14:50:57,353][com.java.SeleniumDriver] [  930] -  RESULT true
[INFO ][2016-02-03 14:50:57,353][com.java.SeleniumDriver] [ 1136] - ?   P A S S   ?
[INFO ][2016-02-03 14:50:57,353][com.java.SeleniumDriver] [  856] - ------------------------------------------
[INFO ][2016-02-03 14:50:57,353][com.java.SeleniumDriver] [  857] - Test case being Executed: 10
[INFO ][2016-02-03 14:50:57,353][com.java.SeleniumDriver] [  869] - Test step:10
[INFO ][2016-02-03 14:50:57,353][com.java.SeleniumDriver] [  881] - Datavalue is----------4
[INFO ][2016-02-03 14:50:57,353][com.java.SeleniumDriver] [  905] - DataField : BTNtxtNumYears
[INFO ][2016-02-03 14:50:57,353][com.java.SeleniumDriver] [  907] - DataValue : 4
[INFO ][2016-02-03 14:50:57,353][com.java.SeleniumDriver] [  913] - <In Set values of the page>
[INFO ][2016-02-03 14:50:57,353][com.java.SeleniumDriver] [  916] - {Data Fields & Data Values Exist}
[INFO ][2016-02-03 14:50:57,353][com.java.SeleniumDriver] [  918] - --------------------------setting values-----------------------------
[INFO ][2016-02-03 14:50:57,353][com.java.SeleniumDriver] [  921] - Action Type : CLEARANDENTER
[INFO ][2016-02-03 14:50:58,510][com.java.TestType] [ 6572] - value = 4
[INFO ][2016-02-03 14:50:59,694][com.java.SeleniumDriver] [  930] -  RESULT true
[INFO ][2016-02-03 14:50:59,694][com.java.SeleniumDriver] [ 1136] - ?   P A S S   ?
[INFO ][2016-02-03 14:50:59,694][com.java.SeleniumDriver] [  856] - ------------------------------------------
[INFO ][2016-02-03 14:50:59,694][com.java.SeleniumDriver] [  857] - Test case being Executed: 10
[INFO ][2016-02-03 14:50:59,694][com.java.SeleniumDriver] [  869] - Test step:11
[INFO ][2016-02-03 14:50:59,694][com.java.SeleniumDriver] [  881] - Datavalue is----------Numberofyears
[INFO ][2016-02-03 14:50:59,694][com.java.SeleniumDriver] [  905] - DataField : TXTtxtNumYears
[INFO ][2016-02-03 14:50:59,694][com.java.SeleniumDriver] [  907] - DataValue : Numberofyears
[INFO ][2016-02-03 14:50:59,694][com.java.SeleniumDriver] [  913] - <In Set values of the page>
[INFO ][2016-02-03 14:50:59,696][com.java.SeleniumDriver] [  916] - {Data Fields & Data Values Exist}
[INFO ][2016-02-03 14:50:59,696][com.java.SeleniumDriver] [  918] - --------------------------setting values-----------------------------
[INFO ][2016-02-03 14:50:59,696][com.java.SeleniumDriver] [  921] - Action Type : storevalue
[INFO ][2016-02-03 14:50:59,696][com.java.TestType] [ 9643] - field= TXTtxtNumYears
[DEBUG][2016-02-03 14:51:00,798][com.java.TestType] [ 9657] - Key:: Numberofyears  Value:: 4
[INFO ][2016-02-03 14:51:00,798][com.java.SeleniumDriver] [  930] -  RESULT true
[INFO ][2016-02-03 14:51:00,798][com.java.SeleniumDriver] [ 1136] - ?   P A S S   ?
[INFO ][2016-02-03 14:51:00,798][com.java.SeleniumDriver] [  856] - ------------------------------------------
[INFO ][2016-02-03 14:51:00,798][com.java.SeleniumDriver] [  857] - Test case being Executed: 10
[INFO ][2016-02-03 14:51:00,798][com.java.SeleniumDriver] [  869] - Test step:12
[INFO ][2016-02-03 14:51:00,798][com.java.SeleniumDriver] [  881] - Datavalue is----------RNDVLProjection
[INFO ][2016-02-03 14:51:00,798][com.java.SeleniumDriver] [  905] - DataField : BTNtxtDescription
[INFO ][2016-02-03 14:51:00,799][com.java.SeleniumDriver] [  907] - DataValue : RNDVLProjection
[INFO ][2016-02-03 14:51:00,799][com.java.SeleniumDriver] [  913] - <In Set values of the page>
[INFO ][2016-02-03 14:51:00,799][com.java.SeleniumDriver] [  916] - {Data Fields & Data Values Exist}
[INFO ][2016-02-03 14:51:00,799][com.java.SeleniumDriver] [  918] - --------------------------setting values-----------------------------
[INFO ][2016-02-03 14:51:00,799][com.java.SeleniumDriver] [  921] - Action Type : CLEARANDENTER
[INFO ][2016-02-03 14:51:01,945][com.java.TestType] [ 6572] - value = VLProjection20415
[INFO ][2016-02-03 14:51:03,495][com.java.SeleniumDriver] [  930] -  RESULT true
[INFO ][2016-02-03 14:51:03,496][com.java.SeleniumDriver] [ 1136] - ?   P A S S   ?
[INFO ][2016-02-03 14:51:03,496][com.java.SeleniumDriver] [  856] - ------------------------------------------
[INFO ][2016-02-03 14:51:03,496][com.java.SeleniumDriver] [  857] - Test case being Executed: 10
[INFO ][2016-02-03 14:51:03,496][com.java.SeleniumDriver] [  869] - Test step:13
[INFO ][2016-02-03 14:51:03,496][com.java.SeleniumDriver] [  881] - Datavalue is----------Textdescription
[INFO ][2016-02-03 14:51:03,496][com.java.SeleniumDriver] [  905] - DataField : TXTtxtDescription
[INFO ][2016-02-03 14:51:03,496][com.java.SeleniumDriver] [  907] - DataValue : Textdescription
[INFO ][2016-02-03 14:51:03,496][com.java.SeleniumDriver] [  913] - <In Set values of the page>
[INFO ][2016-02-03 14:51:03,496][com.java.SeleniumDriver] [  916] - {Data Fields & Data Values Exist}
[INFO ][2016-02-03 14:51:03,496][com.java.SeleniumDriver] [  918] - --------------------------setting values-----------------------------
[INFO ][2016-02-03 14:51:03,496][com.java.SeleniumDriver] [  921] - Action Type : storevalue
[INFO ][2016-02-03 14:51:03,496][com.java.TestType] [ 9643] - field= TXTtxtDescription
[DEBUG][2016-02-03 14:51:04,616][com.java.TestType] [ 9657] - Key:: Textdescription  Value:: VLProjection20415
[INFO ][2016-02-03 14:51:04,616][com.java.SeleniumDriver] [  930] -  RESULT true
[INFO ][2016-02-03 14:51:04,616][com.java.SeleniumDriver] [ 1136] - ?   P A S S   ?
[INFO ][2016-02-03 14:51:04,616][com.java.SeleniumDriver] [  856] - ------------------------------------------
[INFO ][2016-02-03 14:51:04,616][com.java.SeleniumDriver] [  857] - Test case being Executed: 10
[INFO ][2016-02-03 14:51:04,616][com.java.SeleniumDriver] [  869] - Test step:14
[INFO ][2016-02-03 14:51:04,616][com.java.SeleniumDriver] [  881] - Datavalue is----------null
[DEBUG][2016-02-03 14:51:04,616][com.java.SeleniumDriver] [  899] - Exception: null
[INFO ][2016-02-03 14:51:04,616][com.java.SeleniumDriver] [  905] - DataField : BTNrdoMakePublicYes
[INFO ][2016-02-03 14:51:04,617][com.java.SeleniumDriver] [  907] - DataValue : 
[INFO ][2016-02-03 14:51:04,617][com.java.SeleniumDriver] [  913] - <In Set values of the page>
[INFO ][2016-02-03 14:51:04,617][com.java.SeleniumDriver] [  916] - {Data Fields & Data Values Exist}
[INFO ][2016-02-03 14:51:04,617][com.java.SeleniumDriver] [  918] - --------------------------setting values-----------------------------
[INFO ][2016-02-03 14:51:04,617][com.java.SeleniumDriver] [  921] - Action Type : Click
[INFO ][2016-02-03 14:51:04,617][com.java.TestType] [ 6951] - Field ::BTNrdoMakePublicYes
[INFO ][2016-02-03 14:51:04,617][com.java.TestType] [ 6572] - value = 
[INFO ][2016-02-03 14:51:05,617][com.java.TestType] [ 7103] - BEFORE CLICK
[INFO ][2016-02-03 14:51:06,833][com.java.TestType] [ 7110] - Unable to click the object Click on yes radio Button
[INFO ][2016-02-03 14:51:06,833][com.java.SeleniumDriver] [  930] -  RESULT true
[INFO ][2016-02-03 14:51:06,833][com.java.SeleniumDriver] [ 1136] - ?   P A S S   ?
[INFO ][2016-02-03 14:51:06,833][com.java.SeleniumDriver] [  856] - ------------------------------------------
[INFO ][2016-02-03 14:51:06,833][com.java.SeleniumDriver] [  857] - Test case being Executed: 10
[INFO ][2016-02-03 14:51:06,833][com.java.SeleniumDriver] [  869] - Test step:15
[INFO ][2016-02-03 14:51:06,833][com.java.SeleniumDriver] [  881] - Datavalue is----------null
[DEBUG][2016-02-03 14:51:06,833][com.java.SeleniumDriver] [  899] - Exception: null
[INFO ][2016-02-03 14:51:06,833][com.java.SeleniumDriver] [  905] - DataField : BTNParent
[INFO ][2016-02-03 14:51:06,833][com.java.SeleniumDriver] [  907] - DataValue : 
[INFO ][2016-02-03 14:51:06,834][com.java.SeleniumDriver] [  913] - <In Set values of the page>
[INFO ][2016-02-03 14:51:06,834][com.java.SeleniumDriver] [  916] - {Data Fields & Data Values Exist}
[INFO ][2016-02-03 14:51:06,834][com.java.SeleniumDriver] [  918] - --------------------------setting values-----------------------------
[INFO ][2016-02-03 14:51:06,834][com.java.SeleniumDriver] [  921] - Action Type : SELECTFRAME
[INFO ][2016-02-03 14:51:06,848][com.java.SeleniumDriver] [  930] -  RESULT true
[INFO ][2016-02-03 14:51:06,848][com.java.SeleniumDriver] [ 1136] - ?   P A S S   ?
[INFO ][2016-02-03 14:51:06,848][com.java.SeleniumDriver] [  856] - ------------------------------------------
[INFO ][2016-02-03 14:51:06,848][com.java.SeleniumDriver] [  857] - Test case being Executed: 10
[INFO ][2016-02-03 14:51:06,848][com.java.SeleniumDriver] [  869] - Test step:16
[INFO ][2016-02-03 14:51:06,848][com.java.SeleniumDriver] [  881] - Datavalue is----------null
[DEBUG][2016-02-03 14:51:06,848][com.java.SeleniumDriver] [  899] - Exception: null
[INFO ][2016-02-03 14:51:06,848][com.java.SeleniumDriver] [  905] - DataField : XPH//span[text()='Create']
[INFO ][2016-02-03 14:51:06,848][com.java.SeleniumDriver] [  907] - DataValue : 
[INFO ][2016-02-03 14:51:06,849][com.java.SeleniumDriver] [  913] - <In Set values of the page>
[INFO ][2016-02-03 14:51:06,849][com.java.SeleniumDriver] [  916] - {Data Fields & Data Values Exist}
[INFO ][2016-02-03 14:51:06,849][com.java.SeleniumDriver] [  918] - --------------------------setting values-----------------------------
[INFO ][2016-02-03 14:51:06,849][com.java.SeleniumDriver] [  921] - Action Type : Click
[INFO ][2016-02-03 14:51:06,849][com.java.TestType] [ 6951] - Field ::XPH//span[text()='Create']
[INFO ][2016-02-03 14:51:06,849][com.java.TestType] [ 6572] - value = 
[INFO ][2016-02-03 14:51:07,849][com.java.TestType] [ 7124] - BEFORE CLICK
[INFO ][2016-02-03 14:51:08,735][com.java.TestType] [ 7132] - Unable to click the object Create Button
[INFO ][2016-02-03 14:51:08,735][com.java.SeleniumDriver] [  930] -  RESULT true
[INFO ][2016-02-03 14:51:08,735][com.java.SeleniumDriver] [ 1136] - ?   P A S S   ?
[INFO ][2016-02-03 14:51:08,736][com.java.SeleniumDriver] [ 1178] - step change to 22
[INFO ][2016-02-03 14:51:08,737][com.java.SeleniumDriver] [  856] - ------------------------------------------
[INFO ][2016-02-03 14:51:08,737][com.java.SeleniumDriver] [  857] - Test case being Executed: 10
[INFO ][2016-02-03 14:51:08,737][com.java.SeleniumDriver] [  869] - Test step:22
[INFO ][2016-02-03 14:51:08,737][com.java.SeleniumDriver] [  881] - Datavalue is----------3
[INFO ][2016-02-03 14:51:08,737][com.java.SeleniumDriver] [  905] - DataField : null
[INFO ][2016-02-03 14:51:08,737][com.java.SeleniumDriver] [  907] - DataValue : 3
[INFO ][2016-02-03 14:51:08,737][com.java.SeleniumDriver] [  913] - <In Set values of the page>
[INFO ][2016-02-03 14:51:08,737][com.java.SeleniumDriver] [  916] - {Data Fields & Data Values Exist}
[INFO ][2016-02-03 14:51:08,737][com.java.SeleniumDriver] [  918] - --------------------------setting values-----------------------------
[INFO ][2016-02-03 14:51:08,737][com.java.SeleniumDriver] [  921] - Action Type : Waittime
[DEBUG][2016-02-03 14:51:08,737][com.java.TestType] [ 6386] - sleepTime: 3000
[INFO ][2016-02-03 14:51:11,737][com.java.SeleniumDriver] [  930] -  RESULT true
[INFO ][2016-02-03 14:51:11,737][com.java.SeleniumDriver] [ 1136] - ?   P A S S   ?
[INFO ][2016-02-03 14:51:11,737][com.java.SeleniumDriver] [  856] - ------------------------------------------
[INFO ][2016-02-03 14:51:11,737][com.java.SeleniumDriver] [  857] - Test case being Executed: 10
[INFO ][2016-02-03 14:51:11,737][com.java.SeleniumDriver] [  869] - Test step:23
[INFO ][2016-02-03 14:51:11,737][com.java.SeleniumDriver] [  881] - Datavalue is----------null
[DEBUG][2016-02-03 14:51:11,737][com.java.SeleniumDriver] [  899] - Exception: null
[INFO ][2016-02-03 14:51:11,737][com.java.SeleniumDriver] [  905] - DataField : BTN//div[@id="Panel-2-0"]//iframe[@id="frameProjectionOpen"]
[INFO ][2016-02-03 14:51:11,737][com.java.SeleniumDriver] [  907] - DataValue : 
[INFO ][2016-02-03 14:51:11,737][com.java.SeleniumDriver] [  913] - <In Set values of the page>
[INFO ][2016-02-03 14:51:11,737][com.java.SeleniumDriver] [  916] - {Data Fields & Data Values Exist}
[INFO ][2016-02-03 14:51:11,738][com.java.SeleniumDriver] [  918] - --------------------------setting values-----------------------------
[INFO ][2016-02-03 14:51:11,738][com.java.SeleniumDriver] [  921] - Action Type : SELECTFRAME
[INFO ][2016-02-03 14:51:13,980][com.java.SeleniumDriver] [  930] -  RESULT true
[INFO ][2016-02-03 14:51:13,981][com.java.SeleniumDriver] [ 1136] - ?   P A S S   ?
[INFO ][2016-02-03 14:51:13,981][com.java.SeleniumDriver] [  856] - ------------------------------------------
[INFO ][2016-02-03 14:51:13,981][com.java.SeleniumDriver] [  857] - Test case being Executed: 10
[INFO ][2016-02-03 14:51:13,981][com.java.SeleniumDriver] [  869] - Test step:24
[INFO ][2016-02-03 14:51:13,981][com.java.SeleniumDriver] [  881] - Datavalue is----------5
[INFO ][2016-02-03 14:51:13,981][com.java.SeleniumDriver] [  905] - DataField : DSPDelete
[INFO ][2016-02-03 14:51:13,981][com.java.SeleniumDriver] [  907] - DataValue : 5
[INFO ][2016-02-03 14:51:13,981][com.java.SeleniumDriver] [  913] - <In Set values of the page>
[INFO ][2016-02-03 14:51:13,981][com.java.SeleniumDriver] [  916] - {Data Fields & Data Values Exist}
[INFO ][2016-02-03 14:51:13,981][com.java.SeleniumDriver] [  918] - --------------------------setting values-----------------------------
[INFO ][2016-02-03 14:51:13,981][com.java.SeleniumDriver] [  921] - Action Type : WAITFORELEMENT
[INFO ][2016-02-03 14:51:24,371][com.java.SeleniumDriver] [  930] -  RESULT true
[INFO ][2016-02-03 14:51:24,371][com.java.SeleniumDriver] [ 1136] - ?   P A S S   ?
[INFO ][2016-02-03 14:51:24,371][com.java.SeleniumDriver] [  856] - ------------------------------------------
[INFO ][2016-02-03 14:51:24,371][com.java.SeleniumDriver] [  857] - Test case being Executed: 10
[INFO ][2016-02-03 14:51:24,371][com.java.SeleniumDriver] [  869] - Test step:25
[INFO ][2016-02-03 14:51:24,371][com.java.SeleniumDriver] [  881] - Datavalue is----------10
[INFO ][2016-02-03 14:51:24,371][com.java.SeleniumDriver] [  905] - DataField : XPH//table[@class="dialogue"]//following::div[contains(text(),'Balance Sheet')]
[INFO ][2016-02-03 14:51:24,371][com.java.SeleniumDriver] [  907] - DataValue : 10
[INFO ][2016-02-03 14:51:24,371][com.java.SeleniumDriver] [  913] - <In Set values of the page>
[INFO ][2016-02-03 14:51:24,371][com.java.SeleniumDriver] [  916] - {Data Fields & Data Values Exist}
[INFO ][2016-02-03 14:51:24,371][com.java.SeleniumDriver] [  918] - --------------------------setting values-----------------------------
[INFO ][2016-02-03 14:51:24,372][com.java.SeleniumDriver] [  921] - Action Type : WAITFORELEMENT
[INFO ][2016-02-03 14:51:24,746][com.java.SeleniumDriver] [  930] -  RESULT true
[INFO ][2016-02-03 14:51:24,746][com.java.SeleniumDriver] [ 1136] - ?   P A S S   ?
[INFO ][2016-02-03 14:51:24,746][com.java.SeleniumDriver] [  856] - ------------------------------------------
[INFO ][2016-02-03 14:51:24,746][com.java.SeleniumDriver] [  857] - Test case being Executed: 10
[INFO ][2016-02-03 14:51:24,747][com.java.SeleniumDriver] [  869] - Test step:26
[INFO ][2016-02-03 14:51:24,747][com.java.SeleniumDriver] [  881] - Datavalue is----------null
[DEBUG][2016-02-03 14:51:24,747][com.java.SeleniumDriver] [  899] - Exception: null
[INFO ][2016-02-03 14:51:24,747][com.java.SeleniumDriver] [  905] - DataField : HDN//table[@class="dialogue"]//following::div[contains(text(),'Balance Sheet')]
[INFO ][2016-02-03 14:51:24,747][com.java.SeleniumDriver] [  907] - DataValue : 
[INFO ][2016-02-03 14:51:24,747][com.java.SeleniumDriver] [  913] - <In Set values of the page>
[INFO ][2016-02-03 14:51:24,747][com.java.SeleniumDriver] [  916] - {Data Fields & Data Values Exist}
[INFO ][2016-02-03 14:51:24,747][com.java.SeleniumDriver] [  918] - --------------------------setting values-----------------------------
[INFO ][2016-02-03 14:51:24,747][com.java.SeleniumDriver] [  921] - Action Type : CLICK
[INFO ][2016-02-03 14:51:24,747][com.java.TestType] [ 6951] - Field ::HDN//table[@class="dialogue"]//following::div[contains(text(),'Balance Sheet')]
[INFO ][2016-02-03 14:51:24,747][com.java.TestType] [ 6572] - value = 
[INFO ][2016-02-03 14:51:26,537][com.java.SeleniumDriver] [  930] -  RESULT true
[INFO ][2016-02-03 14:51:26,537][com.java.SeleniumDriver] [ 1136] - ?   P A S S   ?
[INFO ][2016-02-03 14:51:26,537][com.java.SeleniumDriver] [  856] - ------------------------------------------
[INFO ][2016-02-03 14:51:26,537][com.java.SeleniumDriver] [  857] - Test case being Executed: 10
[INFO ][2016-02-03 14:51:26,537][com.java.SeleniumDriver] [  869] - Test step:27
[INFO ][2016-02-03 14:51:26,537][com.java.SeleniumDriver] [  881] - Datavalue is----------6
[INFO ][2016-02-03 14:51:26,537][com.java.SeleniumDriver] [  905] - DataField : null
[INFO ][2016-02-03 14:51:26,537][com.java.SeleniumDriver] [  907] - DataValue : 6
[INFO ][2016-02-03 14:51:26,537][com.java.SeleniumDriver] [  913] - <In Set values of the page>
[INFO ][2016-02-03 14:51:26,538][com.java.SeleniumDriver] [  916] - {Data Fields & Data Values Exist}
[INFO ][2016-02-03 14:51:26,538][com.java.SeleniumDriver] [  918] - --------------------------setting values-----------------------------
[INFO ][2016-02-03 14:51:26,538][com.java.SeleniumDriver] [  921] - Action Type : Waittime
[DEBUG][2016-02-03 14:51:26,538][com.java.TestType] [ 6386] - sleepTime: 6000
[INFO ][2016-02-03 14:51:32,539][com.java.SeleniumDriver] [  930] -  RESULT true
[INFO ][2016-02-03 14:51:32,539][com.java.SeleniumDriver] [ 1136] - ?   P A S S   ?
[INFO ][2016-02-03 14:51:32,539][com.java.SeleniumDriver] [  856] - ------------------------------------------
[INFO ][2016-02-03 14:51:32,539][com.java.SeleniumDriver] [  857] - Test case being Executed: 10
[INFO ][2016-02-03 14:51:32,539][com.java.SeleniumDriver] [  869] - Test step:28
[INFO ][2016-02-03 14:51:32,539][com.java.SeleniumDriver] [  881] - Datavalue is----------HMVCurrentyear::HMVNumberofyears::null
[INFO ][2016-02-03 14:51:32,539][com.java.SeleniumDriver] [  905] - DataField : XPH//table[@id="table_1"]//td[@class="dlg_ColumnHeader"]
[INFO ][2016-02-03 14:51:32,539][com.java.SeleniumDriver] [  907] - DataValue : HMVCurrentyear::HMVNumberofyears::null
[INFO ][2016-02-03 14:51:32,539][com.java.SeleniumDriver] [  913] - <In Set values of the page>
[INFO ][2016-02-03 14:51:32,539][com.java.SeleniumDriver] [  916] - {Data Fields & Data Values Exist}
[INFO ][2016-02-03 14:51:32,539][com.java.SeleniumDriver] [  918] - --------------------------setting values-----------------------------
[INFO ][2016-02-03 14:51:32,539][com.java.SeleniumDriver] [  921] - Action Type : MANAGEPRJINCANDDEC
[INFO ][2016-02-03 14:51:32,540][com.java.TestType] [ 2405] - field = XPH//table[@id="table_1"]//td[@class="dlg_ColumnHeader"]
[INFO ][2016-02-03 14:51:32,540][com.java.TestType] [ 6572] - value = 4
[INFO ][2016-02-03 14:51:32,540][com.java.TestType] [ 6572] - value = 2016
[INFO ][2016-02-03 14:51:32,854][com.java.SeleniumDriver] [  930] -  RESULT true
[INFO ][2016-02-03 14:51:32,854][com.java.SeleniumDriver] [ 1136] - ?   P A S S   ?
[INFO ][2016-02-03 14:51:32,854][com.java.SeleniumDriver] [  856] - ------------------------------------------
[INFO ][2016-02-03 14:51:32,854][com.java.SeleniumDriver] [  857] - Test case being Executed: 10
[INFO ][2016-02-03 14:51:32,854][com.java.SeleniumDriver] [  869] - Test step:29
[INFO ][2016-02-03 14:51:32,854][com.java.SeleniumDriver] [  881] - Datavalue is----------values
[INFO ][2016-02-03 14:51:32,854][com.java.SeleniumDriver] [  905] - DataField : XPH//table[@id='table_1']
[INFO ][2016-02-03 14:51:32,854][com.java.SeleniumDriver] [  907] - DataValue : values
[INFO ][2016-02-03 14:51:32,854][com.java.SeleniumDriver] [  913] - <In Set values of the page>
[INFO ][2016-02-03 14:51:32,854][com.java.SeleniumDriver] [  916] - {Data Fields & Data Values Exist}
[INFO ][2016-02-03 14:51:32,854][com.java.SeleniumDriver] [  918] - --------------------------setting values-----------------------------
[INFO ][2016-02-03 14:51:32,855][com.java.SeleniumDriver] [  921] - Action Type : FILLTABLEINPROJECTIONS
[INFO ][2016-02-03 14:53:27,956][com.java.SeleniumDriver] [  930] -  RESULT true
[INFO ][2016-02-03 14:53:27,956][com.java.SeleniumDriver] [ 1136] - ?   P A S S   ?
[INFO ][2016-02-03 14:53:27,956][com.java.SeleniumDriver] [  856] - ------------------------------------------
[INFO ][2016-02-03 14:53:27,956][com.java.SeleniumDriver] [  857] - Test case being Executed: 10
[INFO ][2016-02-03 14:53:27,956][com.java.SeleniumDriver] [  869] - Test step:30
[INFO ][2016-02-03 14:53:27,956][com.java.SeleniumDriver] [  881] - Datavalue is----------null
[DEBUG][2016-02-03 14:53:27,957][com.java.SeleniumDriver] [  899] - Exception: null
[INFO ][2016-02-03 14:53:27,958][com.java.SeleniumDriver] [  905] - DataField : HDN//table[@class="dialogue"]//div[contains(text(),'Income Statement')]
[INFO ][2016-02-03 14:53:27,958][com.java.SeleniumDriver] [  907] - DataValue : 
[INFO ][2016-02-03 14:53:27,958][com.java.SeleniumDriver] [  913] - <In Set values of the page>
[INFO ][2016-02-03 14:53:27,958][com.java.SeleniumDriver] [  916] - {Data Fields & Data Values Exist}
[INFO ][2016-02-03 14:53:27,958][com.java.SeleniumDriver] [  918] - --------------------------setting values-----------------------------
[INFO ][2016-02-03 14:53:27,959][com.java.SeleniumDriver] [  921] - Action Type : CLICK
[INFO ][2016-02-03 14:53:27,959][com.java.TestType] [ 6951] - Field ::HDN//table[@class="dialogue"]//div[contains(text(),'Income Statement')]
[INFO ][2016-02-03 14:53:27,959][com.java.TestType] [ 6572] - value = 
[INFO ][2016-02-03 14:53:29,065][com.java.SeleniumDriver] [  930] -  RESULT true
[INFO ][2016-02-03 14:53:29,065][com.java.SeleniumDriver] [ 1136] - ?   P A S S   ?
[INFO ][2016-02-03 14:53:29,065][com.java.SeleniumDriver] [  856] - ------------------------------------------
[INFO ][2016-02-03 14:53:29,065][com.java.SeleniumDriver] [  857] - Test case being Executed: 10
[INFO ][2016-02-03 14:53:29,065][com.java.SeleniumDriver] [  869] - Test step:31
[INFO ][2016-02-03 14:53:29,065][com.java.SeleniumDriver] [  881] - Datavalue is----------5
[INFO ][2016-02-03 14:53:29,065][com.java.SeleniumDriver] [  905] - DataField : null
[INFO ][2016-02-03 14:53:29,065][com.java.SeleniumDriver] [  907] - DataValue : 5
[INFO ][2016-02-03 14:53:29,065][com.java.SeleniumDriver] [  913] - <In Set values of the page>
[INFO ][2016-02-03 14:53:29,065][com.java.SeleniumDriver] [  916] - {Data Fields & Data Values Exist}
[INFO ][2016-02-03 14:53:29,065][com.java.SeleniumDriver] [  918] - --------------------------setting values-----------------------------
[INFO ][2016-02-03 14:53:29,065][com.java.SeleniumDriver] [  921] - Action Type : Waittime
[DEBUG][2016-02-03 14:53:29,065][com.java.TestType] [ 6386] - sleepTime: 5000
[INFO ][2016-02-03 14:53:34,066][com.java.SeleniumDriver] [  930] -  RESULT true
[INFO ][2016-02-03 14:53:34,066][com.java.SeleniumDriver] [ 1136] - ?   P A S S   ?
[INFO ][2016-02-03 14:53:34,066][com.java.SeleniumDriver] [  856] - ------------------------------------------
[INFO ][2016-02-03 14:53:34,066][com.java.SeleniumDriver] [  857] - Test case being Executed: 10
[INFO ][2016-02-03 14:53:34,066][com.java.SeleniumDriver] [  869] - Test step:32
[INFO ][2016-02-03 14:53:34,066][com.java.SeleniumDriver] [  881] - Datavalue is----------values
[INFO ][2016-02-03 14:53:34,066][com.java.SeleniumDriver] [  905] - DataField : XPH//table[@id='table_2']
[INFO ][2016-02-03 14:53:34,066][com.java.SeleniumDriver] [  907] - DataValue : values
[INFO ][2016-02-03 14:53:34,066][com.java.SeleniumDriver] [  913] - <In Set values of the page>
[INFO ][2016-02-03 14:53:34,066][com.java.SeleniumDriver] [  916] - {Data Fields & Data Values Exist}
[INFO ][2016-02-03 14:53:34,066][com.java.SeleniumDriver] [  918] - --------------------------setting values-----------------------------
[INFO ][2016-02-03 14:53:34,066][com.java.SeleniumDriver] [  921] - Action Type : FILLTABLEINPROJECTIONS
[DEBUG][2016-02-03 14:53:38,992][com.java.TestType] [  923] - Unable to perform actionXPH//table[@id='table_2']
[ERROR][2016-02-03 14:53:38,992][com.java.TestType] [  924] - Exception: For input string: "-0."
[INFO ][2016-02-03 14:53:38,992][com.java.SeleniumDriver] [  930] -  RESULT false
[INFO ][2016-02-03 14:53:38,992][com.java.SeleniumDriver] [  977] - ?   F A I L   ?
[INFO ][2016-02-03 14:53:38,992][com.java.SeleniumDriver] [  985] - Browser Type : IE10
[INFO ][2016-02-03 14:53:38,992][com.java.SeleniumDriver] [  986] - Adding Failed case10
[INFO ][2016-02-03 14:53:39,297][com.java.SeleniumDriver] [ 1100] - failedCases = 10
[ERROR][2016-02-03 14:53:39,297][com.java.SeleniumDriver] [ 1599] - Platform Errors : Our apologies...::We have encountered an issue with your request.::Our apologies?:We encountered an issue with your request.
[INFO ][2016-02-03 14:53:39,297][com.java.SeleniumDriver] [ 1603] - Length =3
[ERROR][2016-02-03 14:53:39,297][com.java.SeleniumDriver] [ 1606] - Error 0 = Our apologies...
[ERROR][2016-02-03 14:53:39,371][com.java.SeleniumDriver] [ 1606] - Error 1 = We have encountered an issue with your request.
[ERROR][2016-02-03 14:53:39,394][com.java.SeleniumDriver] [ 1606] - Error 2 = Our apologies?:We encountered an issue with your request.
[INFO ][2016-02-03 14:53:39,417][com.java.SeleniumDriver] [ 1617] - strError:
[DEBUG][2016-02-03 14:53:39,432][com.java.SeleniumDriver] [ 1248] - Case found
[DEBUG][2016-02-03 14:53:39,432][com.java.SeleniumDriver] [ 1253] - Incrementing ReportCounters[0]:2
[INFO ][2016-02-03 14:53:39,432][com.java.SeleniumDriver] [ 1272] - The results are-------------------[10, 32, Projections > Create New Projections, Fail, 
Test case failed at Step No. :: 32   Error Message ::  For input string: "-0.". Screen Shot : D:\BankersDashboard\TestReports\020316\10_020316_145338_IE10.png, Wed Feb 03 14:53:39 IST 2016]
[INFO ][2016-02-03 14:53:39,432][com.java.SeleniumDriver] [ 1276] - End time is-------4 min 30 sec
[INFO ][2016-02-03 14:53:39,432][com.java.SeleniumDriver] [ 1277] - The results are-------------------[10, 32, Projections > Create New Projections, Fail, 
Test case failed at Step No. :: 32   Error Message ::  For input string: "-0.". Screen Shot : D:\BankersDashboard\TestReports\020316\10_020316_145338_IE10.png, Wed Feb 03 14:53:39 IST 2016]
[DEBUG][2016-02-03 14:53:39,432][com.java.ImportnExport.ExportTestResultsExcel] [  222] - testResultPath = D:\BankersDashboard/TestReports/Test Results_BankersDashBoard_020316_144910_IE10_First Bank.xls
[DEBUG][2016-02-03 14:53:39,432][com.java.ImportnExport.ExportTestResultsExcel] [  223] - browser is------------IE10
[DEBUG][2016-02-03 14:53:39,435][com.java.ImportnExport.ExportTestResultsExcel] [  270] - result.size() = 6
[DEBUG][2016-02-03 14:53:39,435][com.java.ImportnExport.ExportTestResultsExcel] [  274] - No of rows in sheet=2
[DEBUG][2016-02-03 14:53:39,435][com.java.ImportnExport.ExportTestResultsExcel] [  301] - ..in export..10
[DEBUG][2016-02-03 14:53:39,435][com.java.ImportnExport.ExportTestResultsExcel] [  301] - ..in export..Projections > Create New Projections
[DEBUG][2016-02-03 14:53:39,435][com.java.ImportnExport.ExportTestResultsExcel] [  301] - ..in export..Fail
[DEBUG][2016-02-03 14:53:39,435][com.java.ImportnExport.ExportTestResultsExcel] [  301] - ..in export..
Test case failed at Step No. :: 32   Error Message ::  For input string: "-0.". Screen Shot : D:\BankersDashboard\TestReports\020316\10_020316_145338_IE10.png
[DEBUG][2016-02-03 14:53:39,436][com.java.ImportnExport.ExportTestResultsExcel] [  301] - ..in export..Wed Feb 03 14:53:39 IST 2016
[INFO ][2016-02-03 14:53:39,437][com.java.SeleniumDriver] [ 1337] - out loop:1 size:2 TestCases:[1, 10] testcases:[1, 10]
[INFO ][2016-02-03 14:53:41,437][com.java.SeleniumDriver] [ 1380] - Total Number of Cases:2
[INFO ][2016-02-03 14:53:41,437][com.java.TemplateGenerator] [  302] - Executed:2
[INFO ][2016-02-03 14:53:41,437][com.java.TemplateGenerator] [  303] - Passed:1
[INFO ][2016-02-03 14:53:41,437][com.java.TemplateGenerator] [  304] - Failed:1
[INFO ][2016-02-03 14:53:41,437][com.java.TemplateGenerator] [  305] - Skipeed:0
[INFO ][2016-02-03 14:53:41,439][com.java.TemplateGenerator] [  306] - Application URL:https://clients-xuat.bankersdashboard.com
[INFO ][2016-02-03 14:53:41,439][com.java.TemplateGenerator] [  307] - Start Time:020316_144910
[INFO ][2016-02-03 14:53:41,439][com.java.TemplateGenerator] [  308] -  Creating HTML Report 
[ERROR][2016-02-03 14:53:41,439][com.java.TemplateGenerator] [  409] - Unparseable date: "Wed Feb 03 02:49:10 IST 2016"
[INFO ][2016-02-03 14:53:41,440][com.java.TemplateGenerator] [  654] -  Exporting case :: 1
[INFO ][2016-02-03 14:53:41,440][com.java.TemplateGenerator] [  654] -  Exporting case :: 10
[INFO ][2016-02-03 14:53:41,445][com.java.SeleniumDriver] [ 1429] - End Time:020316_145341
[INFO ][2016-02-03 14:53:41,445][com.java.SeleniumDriver] [ 1432] - Data in Test Execution Details:{1=PASS, 10=FAILTest case failed at Step No. :: 32   Error Message ::  For input string: "-0."}
[INFO ][2016-02-03 14:53:41,445][com.java.SeleniumDriver] [ 1433] - Data in Failed Execution Deatils:{}
[INFO ][2016-02-03 14:53:41,445][com.java.SeleniumDriver] [ 1435] - ReportCounter:Total:2 :: PASS: 1 ::FAIL: 1
[INFO ][2016-02-03 14:53:41,445][com.java.SeleniumDriver] [ 1436] - FailedReportCounter:Total:0 :: PASS: 0 ::FAIL: 0
[INFO ][2016-02-03 14:53:41,453][com.java.EmailTestReport] [   63] - Sending report mail details:
[INFO ][2016-02-03 14:53:41,453][com.java.EmailTestReport] [   80] - Excel Report Path:D:\BankersDashboard/TestReports/Test Results_BankersDashBoard_020316_144910_IE10_First Bank.xls
[INFO ][2016-02-03 14:53:41,453][com.java.EmailTestReport] [   81] - HTML Report Path:D:\BankersDashboard//TestReports//Test Results_BankersDashBoard_020316_144910_IE10_First Bank.html
[INFO ][2016-02-03 14:53:41,453][com.java.EmailTestReport] [   82] - smtpHostName:mail01.valuelabs.com
[INFO ][2016-02-03 14:53:41,454][com.java.EmailTestReport] [   83] - Recipient:venkateswararao.gubbala@valuelabs.com;
[INFO ][2016-02-03 14:53:41,454][com.java.EmailTestReport] [   84] - From:venkateswararao.gubbala@valuelabs.com;
[INFO ][2016-02-03 14:53:41,454][com.java.EmailTestReport] [   85] - Subject:Deluxe Corp Bankers Dashboard Automation Test Report - First Bank - IE10
[INFO ][2016-02-03 14:53:41,470][com.java.EmailTestReport] [  143] -  Added venkateswararao.gubbala@valuelabs.com
[INFO ][2016-02-03 14:53:44,589][com.java.SeleniumDriver] [  722] - quitting the browser 
[INFO ][2016-02-03 14:53:46,348][com.java.SeleniumDriver] [  264] - Execution Completed Stopping the thread
