[INFO ][2015-11-19 11:07:21,158][com.java.SeleniumDriver] [  213] - Execute Failed Casesfalse
[INFO ][2015-11-19 11:07:21,158][com.java.SeleniumDriver] [  214] - Browser: IE10
[INFO ][2015-11-19 11:07:21,158][com.java.SeleniumDriver] [  215] - [1, 6]
[INFO ][2015-11-19 11:07:21,158][com.java.SeleniumDriver] [  216] - Total TestCases:2
[INFO ][2015-11-19 11:07:21,158][com.java.SeleniumDriver] [  217] -  Reading Properties from Property File 
[DEBUG][2015-11-19 11:07:21,158][com.java.SeleniumDriver] [  238] - url : https://clients-xuat.bankersdashboard.com
[INFO ][2015-11-19 11:07:21,158][com.java.ImportnExport.ExportTestResultsExcel] [  116] - Time Stamp Thu Nov 19 11:07:21 IST 2015
[INFO ][2015-11-19 11:07:21,158][com.java.ImportnExport.ExportTestResultsExcel] [  175] - OUT FILE : D:\BankersDashboard/TestReports/Test Results_BankersDashBoard_111915_110721_IE10_Simmons First National Bank.xls
[INFO ][2015-11-19 11:07:21,189][com.java.ImportnExport.ExportTestResultsExcel] [  180] - Test Result file is created
[DEBUG][2015-11-19 11:07:21,279][com.java.SeleniumDriver] [  425] - Hub ip address is-------172.17.68.34
[INFO ][2015-11-19 11:07:21,279][com.java.SeleniumDriver] [  451] - Grid URL:http://172.17.68.34:4444/wd/hub
[INFO ][2015-11-19 11:07:21,279][com.java.SeleniumDriver] [  452] - Capability:Capabilities [{platform=ANY, ensureCleanSession=true, ignoreProtectedModeSettings=true, acceptSslCerts=true, ignoreZoomSetting=true, browserName=internet explorer, browserstack.ie.noFlash=true, version=null}]
[ERROR][2015-11-19 11:07:22,579][com.java.SeleniumDriver] [  496] - Unable invoke browser in grid:Could not start a new session. Possible causes are invalid address of the remote server or browser start-up failure.
Build info: version: '2.48.2', revision: '41bccdd', time: '2015-10-09 19:59:12'
System info: host: 'FVTIII438F1D', ip: '172.17.68.34', os.name: 'Windows 7', os.arch: 'x86', os.version: '6.1', java.version: '1.7.0_55'
Driver info: driver.version: SeleniumDriver
[INFO ][2015-11-19 11:07:22,579][com.java.SeleniumDriver] [  498] - Executing on local machine
[INFO ][2015-11-19 11:07:32,004][com.java.SeleniumDriver] [  248] - IE10is opened
[INFO ][2015-11-19 11:07:32,632][com.java.SeleniumDriver] [  753] - Test cases to be executed are: [1, 6]
[INFO ][2015-11-19 11:07:32,633][com.java.ImportnExport.ImportTestDataDetailsExcel] [   49] - test data details path===== D:\BankersDashboard\TestInputs\TestData.xls
[INFO ][2015-11-19 11:07:32,693][com.java.SeleniumDriver] [  796] - ------------------------------------------
[INFO ][2015-11-19 11:07:32,693][com.java.SeleniumDriver] [  797] - Test case being Executed: 1
[INFO ][2015-11-19 11:07:32,693][com.java.SeleniumDriver] [  808] - Test step:1
[INFO ][2015-11-19 11:07:32,693][com.java.SeleniumDriver] [  820] - Datavalue is----------Concept#1:1-14
[INFO ][2015-11-19 11:07:32,693][com.java.SeleniumDriver] [  844] - DataField : test
[INFO ][2015-11-19 11:07:32,693][com.java.SeleniumDriver] [  846] - DataValue : Concept#1:1-14
[INFO ][2015-11-19 11:07:32,693][com.java.SeleniumDriver] [  852] - <In Set values of the page>
[INFO ][2015-11-19 11:07:32,693][com.java.SeleniumDriver] [  855] - {Data Fields & Data Values Exist}
[INFO ][2015-11-19 11:07:32,693][com.java.SeleniumDriver] [  857] - --------------------------setting values-----------------------------
[INFO ][2015-11-19 11:07:32,693][com.java.SeleniumDriver] [  860] - Action Type : ExecuteTestCase
[INFO ][2015-11-19 11:07:32,713][com.java.TestType] [  426] - The Concept sheet name is ---------- Concept
[INFO ][2015-11-19 11:07:32,713][com.java.TestType] [  429] - The Concept ID  is ---------- 1
[DEBUG][2015-11-19 11:07:32,713][com.java.TestType] [  433] - Steps being executted in the Concept are: 1:14
[INFO ][2015-11-19 11:07:32,713][com.java.TestType] [  440] - Test data details path ---------- D:\BankersDashboard\TestInputs\TestData.xls
[INFO ][2015-11-19 11:07:32,743][com.java.TestType] [  471] -  str(1) = 1
[INFO ][2015-11-19 11:07:32,743][com.java.TestType] [  474] - Test case Id is---1
[INFO ][2015-11-19 11:07:32,743][com.java.TestType] [  476] - 1
[INFO ][2015-11-19 11:07:32,743][com.java.TestType] [  471] -  str(2) = 1
[INFO ][2015-11-19 11:07:32,753][com.java.TestType] [  523] - row values are--------{1=com.java.Objects.TestDataDetails@1bcdc8}
[INFO ][2015-11-19 11:07:32,753][com.java.TestType] [  471] -  str(1) = 1
[INFO ][2015-11-19 11:07:32,753][com.java.TestType] [  474] - Test case Id is---1
[INFO ][2015-11-19 11:07:32,753][com.java.TestType] [  476] - 1
[INFO ][2015-11-19 11:07:32,753][com.java.TestType] [  471] -  str(2) = 2
[INFO ][2015-11-19 11:07:32,753][com.java.TestType] [  523] - row values are--------{1=com.java.Objects.TestDataDetails@1bcdc8, 2=com.java.Objects.TestDataDetails@8ecefb}
[INFO ][2015-11-19 11:07:32,753][com.java.TestType] [  471] -  str(1) = 1
[INFO ][2015-11-19 11:07:32,753][com.java.TestType] [  474] - Test case Id is---1
[INFO ][2015-11-19 11:07:32,753][com.java.TestType] [  476] - 1
[INFO ][2015-11-19 11:07:32,753][com.java.TestType] [  471] -  str(2) = 3
[INFO ][2015-11-19 11:07:32,753][com.java.TestType] [  523] - row values are--------{1=com.java.Objects.TestDataDetails@1bcdc8, 2=com.java.Objects.TestDataDetails@8ecefb, 3=com.java.Objects.TestDataDetails@1b6a48d}
[INFO ][2015-11-19 11:07:32,753][com.java.TestType] [  471] -  str(1) = 1
[INFO ][2015-11-19 11:07:32,753][com.java.TestType] [  474] - Test case Id is---1
[INFO ][2015-11-19 11:07:32,753][com.java.TestType] [  476] - 1
[INFO ][2015-11-19 11:07:32,753][com.java.TestType] [  471] -  str(2) = 4
[INFO ][2015-11-19 11:07:32,753][com.java.TestType] [  523] - row values are--------{1=com.java.Objects.TestDataDetails@1bcdc8, 2=com.java.Objects.TestDataDetails@8ecefb, 3=com.java.Objects.TestDataDetails@1b6a48d, 4=com.java.Objects.TestDataDetails@7eaba4}
[INFO ][2015-11-19 11:07:32,753][com.java.TestType] [  471] -  str(1) = 1
[INFO ][2015-11-19 11:07:32,753][com.java.TestType] [  474] - Test case Id is---1
[INFO ][2015-11-19 11:07:32,753][com.java.TestType] [  476] - 1
[INFO ][2015-11-19 11:07:32,753][com.java.TestType] [  471] -  str(2) = 5
[INFO ][2015-11-19 11:07:32,753][com.java.TestType] [  523] - row values are--------{1=com.java.Objects.TestDataDetails@1bcdc8, 2=com.java.Objects.TestDataDetails@8ecefb, 3=com.java.Objects.TestDataDetails@1b6a48d, 4=com.java.Objects.TestDataDetails@7eaba4, 5=com.java.Objects.TestDataDetails@196653}
[INFO ][2015-11-19 11:07:32,753][com.java.TestType] [  471] -  str(1) = 1
[INFO ][2015-11-19 11:07:32,753][com.java.TestType] [  474] - Test case Id is---1
[INFO ][2015-11-19 11:07:32,753][com.java.TestType] [  476] - 1
[INFO ][2015-11-19 11:07:32,753][com.java.TestType] [  471] -  str(2) = 6
[INFO ][2015-11-19 11:07:32,753][com.java.TestType] [  523] - row values are--------{1=com.java.Objects.TestDataDetails@1bcdc8, 2=com.java.Objects.TestDataDetails@8ecefb, 3=com.java.Objects.TestDataDetails@1b6a48d, 4=com.java.Objects.TestDataDetails@7eaba4, 5=com.java.Objects.TestDataDetails@196653, 6=com.java.Objects.TestDataDetails@12d8526}
[INFO ][2015-11-19 11:07:32,753][com.java.TestType] [  471] -  str(1) = 1
[INFO ][2015-11-19 11:07:32,753][com.java.TestType] [  474] - Test case Id is---1
[INFO ][2015-11-19 11:07:32,753][com.java.TestType] [  476] - 1
[INFO ][2015-11-19 11:07:32,763][com.java.TestType] [  471] -  str(2) = 7
[INFO ][2015-11-19 11:07:32,763][com.java.TestType] [  523] - row values are--------{1=com.java.Objects.TestDataDetails@1bcdc8, 2=com.java.Objects.TestDataDetails@8ecefb, 3=com.java.Objects.TestDataDetails@1b6a48d, 4=com.java.Objects.TestDataDetails@7eaba4, 5=com.java.Objects.TestDataDetails@196653, 6=com.java.Objects.TestDataDetails@12d8526, 7=com.java.Objects.TestDataDetails@ccb1e}
[INFO ][2015-11-19 11:07:32,763][com.java.TestType] [  471] -  str(1) = 1
[INFO ][2015-11-19 11:07:32,763][com.java.TestType] [  474] - Test case Id is---1
[INFO ][2015-11-19 11:07:32,763][com.java.TestType] [  476] - 1
[INFO ][2015-11-19 11:07:32,763][com.java.TestType] [  471] -  str(2) = 8
[INFO ][2015-11-19 11:07:32,763][com.java.TestType] [  523] - row values are--------{1=com.java.Objects.TestDataDetails@1bcdc8, 2=com.java.Objects.TestDataDetails@8ecefb, 3=com.java.Objects.TestDataDetails@1b6a48d, 4=com.java.Objects.TestDataDetails@7eaba4, 5=com.java.Objects.TestDataDetails@196653, 6=com.java.Objects.TestDataDetails@12d8526, 7=com.java.Objects.TestDataDetails@ccb1e, 8=com.java.Objects.TestDataDetails@ee5193}
[INFO ][2015-11-19 11:07:32,763][com.java.TestType] [  471] -  str(1) = 1
[INFO ][2015-11-19 11:07:32,763][com.java.TestType] [  474] - Test case Id is---1
[INFO ][2015-11-19 11:07:32,763][com.java.TestType] [  476] - 1
[INFO ][2015-11-19 11:07:32,763][com.java.TestType] [  471] -  str(2) = 9
[INFO ][2015-11-19 11:07:32,763][com.java.TestType] [  523] - row values are--------{1=com.java.Objects.TestDataDetails@1bcdc8, 2=com.java.Objects.TestDataDetails@8ecefb, 3=com.java.Objects.TestDataDetails@1b6a48d, 4=com.java.Objects.TestDataDetails@7eaba4, 5=com.java.Objects.TestDataDetails@196653, 6=com.java.Objects.TestDataDetails@12d8526, 7=com.java.Objects.TestDataDetails@ccb1e, 8=com.java.Objects.TestDataDetails@ee5193, 9=com.java.Objects.TestDataDetails@e0696c}
[INFO ][2015-11-19 11:07:32,763][com.java.TestType] [  471] -  str(1) = 1
[INFO ][2015-11-19 11:07:32,763][com.java.TestType] [  474] - Test case Id is---1
[INFO ][2015-11-19 11:07:32,763][com.java.TestType] [  476] - 1
[INFO ][2015-11-19 11:07:32,763][com.java.TestType] [  471] -  str(2) = 10
[INFO ][2015-11-19 11:07:32,763][com.java.TestType] [  523] - row values are--------{1=com.java.Objects.TestDataDetails@1bcdc8, 2=com.java.Objects.TestDataDetails@8ecefb, 3=com.java.Objects.TestDataDetails@1b6a48d, 4=com.java.Objects.TestDataDetails@7eaba4, 5=com.java.Objects.TestDataDetails@196653, 6=com.java.Objects.TestDataDetails@12d8526, 7=com.java.Objects.TestDataDetails@ccb1e, 8=com.java.Objects.TestDataDetails@ee5193, 9=com.java.Objects.TestDataDetails@e0696c, 10=com.java.Objects.TestDataDetails@238067}
[INFO ][2015-11-19 11:07:32,763][com.java.TestType] [  471] -  str(1) = 1
[INFO ][2015-11-19 11:07:32,763][com.java.TestType] [  474] - Test case Id is---1
[INFO ][2015-11-19 11:07:32,763][com.java.TestType] [  476] - 1
[INFO ][2015-11-19 11:07:32,763][com.java.TestType] [  471] -  str(2) = 11
[INFO ][2015-11-19 11:07:32,763][com.java.TestType] [  523] - row values are--------{1=com.java.Objects.TestDataDetails@1bcdc8, 2=com.java.Objects.TestDataDetails@8ecefb, 3=com.java.Objects.TestDataDetails@1b6a48d, 4=com.java.Objects.TestDataDetails@7eaba4, 5=com.java.Objects.TestDataDetails@196653, 6=com.java.Objects.TestDataDetails@12d8526, 7=com.java.Objects.TestDataDetails@ccb1e, 8=com.java.Objects.TestDataDetails@ee5193, 9=com.java.Objects.TestDataDetails@e0696c, 10=com.java.Objects.TestDataDetails@238067, 11=com.java.Objects.TestDataDetails@1b9c2f0}
[INFO ][2015-11-19 11:07:32,763][com.java.TestType] [  471] -  str(1) = 1
[INFO ][2015-11-19 11:07:32,763][com.java.TestType] [  474] - Test case Id is---1
[INFO ][2015-11-19 11:07:32,763][com.java.TestType] [  476] - 1
[INFO ][2015-11-19 11:07:32,763][com.java.TestType] [  471] -  str(2) = 12
[INFO ][2015-11-19 11:07:32,763][com.java.TestType] [  523] - row values are--------{1=com.java.Objects.TestDataDetails@1bcdc8, 2=com.java.Objects.TestDataDetails@8ecefb, 3=com.java.Objects.TestDataDetails@1b6a48d, 4=com.java.Objects.TestDataDetails@7eaba4, 5=com.java.Objects.TestDataDetails@196653, 6=com.java.Objects.TestDataDetails@12d8526, 7=com.java.Objects.TestDataDetails@ccb1e, 8=com.java.Objects.TestDataDetails@ee5193, 9=com.java.Objects.TestDataDetails@e0696c, 10=com.java.Objects.TestDataDetails@238067, 11=com.java.Objects.TestDataDetails@1b9c2f0, 12=com.java.Objects.TestDataDetails@4809be}
[INFO ][2015-11-19 11:07:32,763][com.java.TestType] [  471] -  str(1) = 1
[INFO ][2015-11-19 11:07:32,763][com.java.TestType] [  474] - Test case Id is---1
[INFO ][2015-11-19 11:07:32,763][com.java.TestType] [  476] - 1
[INFO ][2015-11-19 11:07:32,763][com.java.TestType] [  471] -  str(2) = 13
[INFO ][2015-11-19 11:07:32,773][com.java.TestType] [  523] - row values are--------{1=com.java.Objects.TestDataDetails@1bcdc8, 2=com.java.Objects.TestDataDetails@8ecefb, 3=com.java.Objects.TestDataDetails@1b6a48d, 4=com.java.Objects.TestDataDetails@7eaba4, 5=com.java.Objects.TestDataDetails@196653, 6=com.java.Objects.TestDataDetails@12d8526, 7=com.java.Objects.TestDataDetails@ccb1e, 8=com.java.Objects.TestDataDetails@ee5193, 9=com.java.Objects.TestDataDetails@e0696c, 10=com.java.Objects.TestDataDetails@238067, 11=com.java.Objects.TestDataDetails@1b9c2f0, 12=com.java.Objects.TestDataDetails@4809be, 13=com.java.Objects.TestDataDetails@f4bbde}
[INFO ][2015-11-19 11:07:32,773][com.java.TestType] [  471] -  str(1) = 1
[INFO ][2015-11-19 11:07:32,773][com.java.TestType] [  474] - Test case Id is---1
[INFO ][2015-11-19 11:07:32,773][com.java.TestType] [  476] - 1
[INFO ][2015-11-19 11:07:32,773][com.java.TestType] [  471] -  str(2) = 14
[INFO ][2015-11-19 11:07:32,773][com.java.TestType] [  523] - row values are--------{1=com.java.Objects.TestDataDetails@1bcdc8, 2=com.java.Objects.TestDataDetails@8ecefb, 3=com.java.Objects.TestDataDetails@1b6a48d, 4=com.java.Objects.TestDataDetails@7eaba4, 5=com.java.Objects.TestDataDetails@196653, 6=com.java.Objects.TestDataDetails@12d8526, 7=com.java.Objects.TestDataDetails@ccb1e, 8=com.java.Objects.TestDataDetails@ee5193, 9=com.java.Objects.TestDataDetails@e0696c, 10=com.java.Objects.TestDataDetails@238067, 11=com.java.Objects.TestDataDetails@1b9c2f0, 12=com.java.Objects.TestDataDetails@4809be, 13=com.java.Objects.TestDataDetails@f4bbde, 14=com.java.Objects.TestDataDetails@1cd14d1}
[INFO ][2015-11-19 11:07:32,773][com.java.TestType] [ 8806] - Looping 1TCID = 1
[DEBUG][2015-11-19 11:07:32,773][com.java.TestType] [ 8847] - Concept ID:1 :: Step being Executed: 1::1
[INFO ][2015-11-19 11:07:32,773][com.java.TestType] [ 8885] - dataFields : TXTusername
[DEBUG][2015-11-19 11:07:32,773][com.java.TestType] [ 8891] - <In Set values of the page>
[DEBUG][2015-11-19 11:07:32,773][com.java.TestType] [ 8896] - {Data Fields & Data Values Exist}
[INFO ][2015-11-19 11:07:32,773][com.java.TestType] [ 8902] - --------------------------setting values-----------------------------
[INFO ][2015-11-19 11:07:32,773][com.java.TestType] [ 8905] - Action Type : CLEARANDENTER
[INFO ][2015-11-19 11:07:32,773][com.java.TestType] [ 4461] - value = valuelabs.ie10.03890
[INFO ][2015-11-19 11:07:37,605][com.java.TestType] [ 8924] -  RESULT true
[INFO ][2015-11-19 11:07:37,605][com.java.TestType] [ 9041] - ?   P A S S   ?
[DEBUG][2015-11-19 11:07:37,605][com.java.TestType] [ 8847] - Concept ID:1 :: Step being Executed: 1::2
[INFO ][2015-11-19 11:07:37,605][com.java.TestType] [ 8885] - dataFields : TXTpassword
[DEBUG][2015-11-19 11:07:37,605][com.java.TestType] [ 8891] - <In Set values of the page>
[DEBUG][2015-11-19 11:07:37,605][com.java.TestType] [ 8896] - {Data Fields & Data Values Exist}
[INFO ][2015-11-19 11:07:37,605][com.java.TestType] [ 8902] - --------------------------setting values-----------------------------
[INFO ][2015-11-19 11:07:37,605][com.java.TestType] [ 8905] - Action Type : CLEARANDENTER
[INFO ][2015-11-19 11:07:37,605][com.java.TestType] [ 4461] - value = Password1*
[INFO ][2015-11-19 11:07:42,505][com.java.TestType] [ 8924] -  RESULT true
[INFO ][2015-11-19 11:07:42,505][com.java.TestType] [ 9041] - ?   P A S S   ?
[DEBUG][2015-11-19 11:07:42,505][com.java.TestType] [ 8847] - Concept ID:1 :: Step being Executed: 1::3
[ERROR][2015-11-19 11:07:42,505][com.java.TestType] [ 8880] - Exception: null
[INFO ][2015-11-19 11:07:42,505][com.java.TestType] [ 8885] - dataFields : XPH//button[@type='submit']
[DEBUG][2015-11-19 11:07:42,505][com.java.TestType] [ 8891] - <In Set values of the page>
[DEBUG][2015-11-19 11:07:42,505][com.java.TestType] [ 8896] - {Data Fields & Data Values Exist}
[INFO ][2015-11-19 11:07:42,505][com.java.TestType] [ 8902] - --------------------------setting values-----------------------------
[INFO ][2015-11-19 11:07:42,505][com.java.TestType] [ 8905] - Action Type : Click
[INFO ][2015-11-19 11:07:42,505][com.java.TestType] [ 4774] - Field ::XPH//button[@type='submit']
[INFO ][2015-11-19 11:07:43,505][com.java.TestType] [ 4833] - BEFORE CLICK
[INFO ][2015-11-19 11:07:44,360][com.java.TestType] [ 4841] - Unable to click the object Login
[INFO ][2015-11-19 11:07:44,360][com.java.TestType] [ 8924] -  RESULT true
[INFO ][2015-11-19 11:07:44,360][com.java.TestType] [ 9041] - ?   P A S S   ?
[DEBUG][2015-11-19 11:07:44,360][com.java.TestType] [ 8847] - Concept ID:1 :: Step being Executed: 1::4
[INFO ][2015-11-19 11:07:44,360][com.java.TestType] [ 8885] - dataFields : LNKLogout
[DEBUG][2015-11-19 11:07:44,360][com.java.TestType] [ 8891] - <In Set values of the page>
[DEBUG][2015-11-19 11:07:44,360][com.java.TestType] [ 8896] - {Data Fields & Data Values Exist}
[INFO ][2015-11-19 11:07:44,360][com.java.TestType] [ 8902] - --------------------------setting values-----------------------------
[INFO ][2015-11-19 11:07:44,360][com.java.TestType] [ 8905] - Action Type : WaitForElement
[INFO ][2015-11-19 11:07:58,861][com.java.TestType] [ 8924] -  RESULT true
[INFO ][2015-11-19 11:07:58,861][com.java.TestType] [ 9041] - ?   P A S S   ?
[DEBUG][2015-11-19 11:07:58,861][com.java.TestType] [ 8847] - Concept ID:1 :: Step being Executed: 1::13
[INFO ][2015-11-19 11:07:58,861][com.java.TestType] [ 8885] - dataFields : LNK
[DEBUG][2015-11-19 11:07:58,861][com.java.TestType] [ 8891] - <In Set values of the page>
[DEBUG][2015-11-19 11:07:58,861][com.java.TestType] [ 8896] - {Data Fields & Data Values Exist}
[INFO ][2015-11-19 11:07:58,861][com.java.TestType] [ 8902] - --------------------------setting values-----------------------------
[INFO ][2015-11-19 11:07:58,861][com.java.TestType] [ 8905] - Action Type : Verify
[INFO ][2015-11-19 11:07:58,861][com.java.TestType] [ 5568] - field= LNK value= Logout
[INFO ][2015-11-19 11:07:58,861][com.java.TestType] [ 4461] - value = Logout
[INFO ][2015-11-19 11:07:58,892][com.java.TestType] [ 8924] -  RESULT true
[INFO ][2015-11-19 11:07:58,892][com.java.TestType] [ 9041] - ?   P A S S   ?
[DEBUG][2015-11-19 11:07:58,892][com.java.TestType] [ 8847] - Concept ID:1 :: Step being Executed: 1::14
[INFO ][2015-11-19 11:07:58,892][com.java.TestType] [ 8885] - dataFields : BTN
[DEBUG][2015-11-19 11:07:58,892][com.java.TestType] [ 8891] - <In Set values of the page>
[DEBUG][2015-11-19 11:07:58,892][com.java.TestType] [ 8896] - {Data Fields & Data Values Exist}
[INFO ][2015-11-19 11:07:58,892][com.java.TestType] [ 8902] - --------------------------setting values-----------------------------
[INFO ][2015-11-19 11:07:58,892][com.java.TestType] [ 8905] - Action Type : Verify
[INFO ][2015-11-19 11:07:58,892][com.java.TestType] [ 5568] - field= BTN value= //img[contains(@src,'bdlogo.jpg')]
[INFO ][2015-11-19 11:07:58,892][com.java.TestType] [ 4461] - value = //img[contains(@src,'bdlogo.jpg')]
[INFO ][2015-11-19 11:07:58,922][com.java.TestType] [ 8924] -  RESULT true
[INFO ][2015-11-19 11:07:58,922][com.java.TestType] [ 9041] - ?   P A S S   ?
[INFO ][2015-11-19 11:07:58,922][com.java.TestType] [ 9112] - Looping End......
[INFO ][2015-11-19 11:07:58,922][com.java.SeleniumDriver] [  869] -  RESULT true
[INFO ][2015-11-19 11:07:58,922][com.java.SeleniumDriver] [ 1074] - ?   P A S S   ?
[INFO ][2015-11-19 11:07:58,922][com.java.SeleniumDriver] [  796] - ------------------------------------------
[INFO ][2015-11-19 11:07:58,922][com.java.SeleniumDriver] [  797] - Test case being Executed: 1
[INFO ][2015-11-19 11:07:58,922][com.java.SeleniumDriver] [  808] - Test step:2
[INFO ][2015-11-19 11:07:58,922][com.java.SeleniumDriver] [  820] - Datavalue is----------Concept#2:1-2
[INFO ][2015-11-19 11:07:58,922][com.java.SeleniumDriver] [  844] - DataField : test
[INFO ][2015-11-19 11:07:58,922][com.java.SeleniumDriver] [  846] - DataValue : Concept#2:1-2
[INFO ][2015-11-19 11:07:58,922][com.java.SeleniumDriver] [  852] - <In Set values of the page>
[INFO ][2015-11-19 11:07:58,922][com.java.SeleniumDriver] [  855] - {Data Fields & Data Values Exist}
[INFO ][2015-11-19 11:07:58,922][com.java.SeleniumDriver] [  857] - --------------------------setting values-----------------------------
[INFO ][2015-11-19 11:07:58,922][com.java.SeleniumDriver] [  860] - Action Type : ExecuteTestCase
[INFO ][2015-11-19 11:07:58,922][com.java.TestType] [  426] - The Concept sheet name is ---------- Concept
[INFO ][2015-11-19 11:07:58,922][com.java.TestType] [  429] - The Concept ID  is ---------- 2
[DEBUG][2015-11-19 11:07:58,922][com.java.TestType] [  433] - Steps being executted in the Concept are: 1:2
[INFO ][2015-11-19 11:07:58,922][com.java.TestType] [  440] - Test data details path ---------- D:\BankersDashboard\TestInputs\TestData.xls
[INFO ][2015-11-19 11:07:58,952][com.java.TestType] [  471] -  str(1) = 2
[INFO ][2015-11-19 11:07:58,952][com.java.TestType] [  474] - Test case Id is---2
[INFO ][2015-11-19 11:07:58,952][com.java.TestType] [  476] - 2
[INFO ][2015-11-19 11:07:58,952][com.java.TestType] [  471] -  str(2) = 1
[INFO ][2015-11-19 11:07:58,952][com.java.TestType] [  523] - row values are--------{1=com.java.Objects.TestDataDetails@5766b1}
[INFO ][2015-11-19 11:07:58,952][com.java.TestType] [  471] -  str(1) = 2
[INFO ][2015-11-19 11:07:58,952][com.java.TestType] [  474] - Test case Id is---2
[INFO ][2015-11-19 11:07:58,952][com.java.TestType] [  476] - 2
[INFO ][2015-11-19 11:07:58,952][com.java.TestType] [  471] -  str(2) = 2
[INFO ][2015-11-19 11:07:58,962][com.java.TestType] [  523] - row values are--------{1=com.java.Objects.TestDataDetails@5766b1, 2=com.java.Objects.TestDataDetails@1904ac}
[INFO ][2015-11-19 11:07:58,962][com.java.TestType] [  471] -  str(1) = 2
[INFO ][2015-11-19 11:07:58,962][com.java.TestType] [  474] - Test case Id is---2
[INFO ][2015-11-19 11:07:58,962][com.java.TestType] [  476] - 2
[INFO ][2015-11-19 11:07:58,962][com.java.TestType] [  471] -  str(2) = 3
[INFO ][2015-11-19 11:07:58,962][com.java.TestType] [  523] - row values are--------{1=com.java.Objects.TestDataDetails@5766b1, 2=com.java.Objects.TestDataDetails@1904ac, 3=com.java.Objects.TestDataDetails@c945ea}
[INFO ][2015-11-19 11:07:58,962][com.java.TestType] [ 8806] - Looping 1TCID = 2
[DEBUG][2015-11-19 11:07:58,962][com.java.TestType] [ 8847] - Concept ID:2 :: Step being Executed: 2::1
[INFO ][2015-11-19 11:07:58,962][com.java.TestType] [ 8885] - dataFields : BNK//select[@id='bank']
[DEBUG][2015-11-19 11:07:58,962][com.java.TestType] [ 8891] - <In Set values of the page>
[DEBUG][2015-11-19 11:07:58,962][com.java.TestType] [ 8896] - {Data Fields & Data Values Exist}
[INFO ][2015-11-19 11:07:58,962][com.java.TestType] [ 8902] - --------------------------setting values-----------------------------
[INFO ][2015-11-19 11:07:58,962][com.java.TestType] [ 8905] - Action Type : Select
[INFO ][2015-11-19 11:07:58,962][com.java.TestType] [ 4461] - value = PFC
[INFO ][2015-11-19 11:07:59,207][com.java.TestType] [ 8924] -  RESULT true
[INFO ][2015-11-19 11:07:59,207][com.java.TestType] [ 9041] - ?   P A S S   ?
[DEBUG][2015-11-19 11:07:59,207][com.java.TestType] [ 8847] - Concept ID:2 :: Step being Executed: 2::2
[INFO ][2015-11-19 11:07:59,207][com.java.TestType] [ 8885] - dataFields : LNKLogout
[DEBUG][2015-11-19 11:07:59,207][com.java.TestType] [ 8891] - <In Set values of the page>
[DEBUG][2015-11-19 11:07:59,207][com.java.TestType] [ 8896] - {Data Fields & Data Values Exist}
[INFO ][2015-11-19 11:07:59,207][com.java.TestType] [ 8902] - --------------------------setting values-----------------------------
[INFO ][2015-11-19 11:07:59,207][com.java.TestType] [ 8905] - Action Type : WaitTime
[DEBUG][2015-11-19 11:07:59,207][com.java.TestType] [ 4296] - sleepTime: 5000
[INFO ][2015-11-19 11:08:04,227][com.java.TestType] [ 8924] -  RESULT true
[INFO ][2015-11-19 11:08:04,227][com.java.TestType] [ 9041] - ?   P A S S   ?
[INFO ][2015-11-19 11:08:04,227][com.java.TestType] [ 9112] - Looping End......
[INFO ][2015-11-19 11:08:04,227][com.java.SeleniumDriver] [  869] -  RESULT true
[INFO ][2015-11-19 11:08:04,227][com.java.SeleniumDriver] [ 1074] - ?   P A S S   ?
[INFO ][2015-11-19 11:08:04,227][com.java.SeleniumDriver] [  796] - ------------------------------------------
[INFO ][2015-11-19 11:08:04,227][com.java.SeleniumDriver] [  797] - Test case being Executed: 1
[INFO ][2015-11-19 11:08:04,227][com.java.SeleniumDriver] [  808] - Test step:3
[INFO ][2015-11-19 11:08:04,227][com.java.SeleniumDriver] [  820] - Datavalue is----------2
[INFO ][2015-11-19 11:08:04,227][com.java.SeleniumDriver] [  844] - DataField : XPH//button[contains(text(),'Add Content')]
[INFO ][2015-11-19 11:08:04,227][com.java.SeleniumDriver] [  846] - DataValue : 2
[INFO ][2015-11-19 11:08:04,227][com.java.SeleniumDriver] [  852] - <In Set values of the page>
[INFO ][2015-11-19 11:08:04,227][com.java.SeleniumDriver] [  855] - {Data Fields & Data Values Exist}
[INFO ][2015-11-19 11:08:04,227][com.java.SeleniumDriver] [  857] - --------------------------setting values-----------------------------
[INFO ][2015-11-19 11:08:04,227][com.java.SeleniumDriver] [  860] - Action Type : WAITFORELEMENT
[INFO ][2015-11-19 11:08:04,268][com.java.SeleniumDriver] [  869] -  RESULT true
[INFO ][2015-11-19 11:08:04,268][com.java.SeleniumDriver] [ 1074] - ?   P A S S   ?
[DEBUG][2015-11-19 11:08:04,268][com.java.SeleniumDriver] [ 1176] - Case found
[DEBUG][2015-11-19 11:08:04,268][com.java.SeleniumDriver] [ 1181] - Incrementing ReportCounters[0]:1
[INFO ][2015-11-19 11:08:04,268][com.java.SeleniumDriver] [ 1200] - The results are-------------------[1, 1, Valid Login, Pass, , Thu Nov 19 11:07:58 IST 2015, 1, 2, Valid Login, Pass, , Thu Nov 19 11:08:04 IST 2015, 1, 3, Valid Login, Pass, , Thu Nov 19 11:08:04 IST 2015]
[INFO ][2015-11-19 11:08:04,268][com.java.SeleniumDriver] [ 1204] - End time is-------45 sec
[INFO ][2015-11-19 11:08:04,268][com.java.SeleniumDriver] [ 1205] - The results are-------------------[1, 1, Valid Login, Pass, , Thu Nov 19 11:07:58 IST 2015, 1, 2, Valid Login, Pass, , Thu Nov 19 11:08:04 IST 2015, 1, 3, Valid Login, Pass, , Thu Nov 19 11:08:04 IST 2015]
[DEBUG][2015-11-19 11:08:04,268][com.java.ImportnExport.ExportTestResultsExcel] [  222] - testResultPath = D:\BankersDashboard/TestReports/Test Results_BankersDashBoard_111915_110721_IE10_Simmons First National Bank.xls
[DEBUG][2015-11-19 11:08:04,268][com.java.ImportnExport.ExportTestResultsExcel] [  223] - browser is------------IE10
[DEBUG][2015-11-19 11:08:04,318][com.java.ImportnExport.ExportTestResultsExcel] [  270] - result.size() = 18
[DEBUG][2015-11-19 11:08:04,318][com.java.ImportnExport.ExportTestResultsExcel] [  274] - No of rows in sheet=1
[DEBUG][2015-11-19 11:08:04,318][com.java.ImportnExport.ExportTestResultsExcel] [  301] - ..in export..1
[DEBUG][2015-11-19 11:08:04,318][com.java.ImportnExport.ExportTestResultsExcel] [  301] - ..in export..Valid Login
[DEBUG][2015-11-19 11:08:04,318][com.java.ImportnExport.ExportTestResultsExcel] [  301] - ..in export..Pass
[DEBUG][2015-11-19 11:08:04,318][com.java.ImportnExport.ExportTestResultsExcel] [  301] - ..in export..
[DEBUG][2015-11-19 11:08:04,318][com.java.ImportnExport.ExportTestResultsExcel] [  301] - ..in export..Thu Nov 19 11:07:58 IST 2015
[INFO ][2015-11-19 11:08:04,318][com.java.SeleniumDriver] [ 1263] - out loop:0 size:2 TestCases:[1, 6] testcases:[1, 6]
[INFO ][2015-11-19 11:08:04,328][com.java.ImportnExport.ImportTestDataDetailsExcel] [   49] - test data details path===== D:\BankersDashboard\TestInputs\TestData.xls
[INFO ][2015-11-19 11:09:02,780][com.java.SeleniumDriver] [  796] - ------------------------------------------
[INFO ][2015-11-19 11:09:02,780][com.java.SeleniumDriver] [  797] - Test case being Executed: 6
[INFO ][2015-11-19 11:09:02,780][com.java.SeleniumDriver] [  808] - Test step:1
[INFO ][2015-11-19 11:09:02,780][com.java.SeleniumDriver] [  820] - Datavalue is----------Logout
[INFO ][2015-11-19 11:09:02,780][com.java.SeleniumDriver] [  844] - DataField : BTN
[INFO ][2015-11-19 11:09:02,780][com.java.SeleniumDriver] [  846] - DataValue : Logout
[INFO ][2015-11-19 11:09:02,780][com.java.SeleniumDriver] [  852] - <In Set values of the page>
[INFO ][2015-11-19 11:09:02,780][com.java.SeleniumDriver] [  855] - {Data Fields & Data Values Exist}
[INFO ][2015-11-19 11:09:02,780][com.java.SeleniumDriver] [  857] - --------------------------setting values-----------------------------
[INFO ][2015-11-19 11:09:02,780][com.java.SeleniumDriver] [  860] - Action Type : Verify
[INFO ][2015-11-19 11:09:02,780][com.java.TestType] [ 5568] - field= BTN value= Logout
[INFO ][2015-11-19 11:09:02,781][com.java.TestType] [ 4461] - value = Logout
[INFO ][2015-11-19 11:09:02,837][com.java.SeleniumDriver] [  869] -  RESULT true
[INFO ][2015-11-19 11:09:02,837][com.java.SeleniumDriver] [ 1074] - ?   P A S S   ?
[INFO ][2015-11-19 11:09:02,837][com.java.SeleniumDriver] [ 1116] - step change to 3
[INFO ][2015-11-19 11:09:02,837][com.java.SeleniumDriver] [  796] - ------------------------------------------
[INFO ][2015-11-19 11:09:02,837][com.java.SeleniumDriver] [  797] - Test case being Executed: 6
[INFO ][2015-11-19 11:09:02,837][com.java.SeleniumDriver] [  808] - Test step:3
[INFO ][2015-11-19 11:09:02,837][com.java.SeleniumDriver] [  820] - Datavalue is----------Concept#2:1-2
[INFO ][2015-11-19 11:09:02,837][com.java.SeleniumDriver] [  844] - DataField : test
[INFO ][2015-11-19 11:09:02,837][com.java.SeleniumDriver] [  846] - DataValue : Concept#2:1-2
[INFO ][2015-11-19 11:09:02,837][com.java.SeleniumDriver] [  852] - <In Set values of the page>
[INFO ][2015-11-19 11:09:02,837][com.java.SeleniumDriver] [  855] - {Data Fields & Data Values Exist}
[INFO ][2015-11-19 11:09:02,837][com.java.SeleniumDriver] [  857] - --------------------------setting values-----------------------------
[INFO ][2015-11-19 11:09:02,837][com.java.SeleniumDriver] [  860] - Action Type : ExecuteTestCase
[INFO ][2015-11-19 11:09:02,837][com.java.TestType] [  426] - The Concept sheet name is ---------- Concept
[INFO ][2015-11-19 11:09:02,837][com.java.TestType] [  429] - The Concept ID  is ---------- 2
[DEBUG][2015-11-19 11:09:02,837][com.java.TestType] [  433] - Steps being executted in the Concept are: 1:2
[INFO ][2015-11-19 11:09:02,837][com.java.TestType] [  440] - Test data details path ---------- D:\BankersDashboard\TestInputs\TestData.xls
[INFO ][2015-11-19 11:09:02,867][com.java.TestType] [  471] -  str(1) = 2
[INFO ][2015-11-19 11:09:02,867][com.java.TestType] [  474] - Test case Id is---2
[INFO ][2015-11-19 11:09:02,867][com.java.TestType] [  476] - 2
[INFO ][2015-11-19 11:09:02,867][com.java.TestType] [  471] -  str(2) = 1
[INFO ][2015-11-19 11:09:02,867][com.java.TestType] [  523] - row values are--------{1=com.java.Objects.TestDataDetails@a3db4b}
[INFO ][2015-11-19 11:09:02,867][com.java.TestType] [  471] -  str(1) = 2
[INFO ][2015-11-19 11:09:02,867][com.java.TestType] [  474] - Test case Id is---2
[INFO ][2015-11-19 11:09:02,867][com.java.TestType] [  476] - 2
[INFO ][2015-11-19 11:09:02,867][com.java.TestType] [  471] -  str(2) = 2
[INFO ][2015-11-19 11:09:02,867][com.java.TestType] [  523] - row values are--------{1=com.java.Objects.TestDataDetails@a3db4b, 2=com.java.Objects.TestDataDetails@15a2c79}
[INFO ][2015-11-19 11:09:02,867][com.java.TestType] [  471] -  str(1) = 2
[INFO ][2015-11-19 11:09:02,867][com.java.TestType] [  474] - Test case Id is---2
[INFO ][2015-11-19 11:09:02,867][com.java.TestType] [  476] - 2
[INFO ][2015-11-19 11:09:02,867][com.java.TestType] [  471] -  str(2) = 3
[INFO ][2015-11-19 11:09:02,867][com.java.TestType] [  523] - row values are--------{1=com.java.Objects.TestDataDetails@a3db4b, 2=com.java.Objects.TestDataDetails@15a2c79, 3=com.java.Objects.TestDataDetails@96cb5a}
[INFO ][2015-11-19 11:09:02,867][com.java.TestType] [ 8806] - Looping 1TCID = 2
[DEBUG][2015-11-19 11:09:02,867][com.java.TestType] [ 8847] - Concept ID:2 :: Step being Executed: 2::1
[INFO ][2015-11-19 11:09:02,867][com.java.TestType] [ 8885] - dataFields : BNK//select[@id='bank']
[DEBUG][2015-11-19 11:09:02,867][com.java.TestType] [ 8891] - <In Set values of the page>
[DEBUG][2015-11-19 11:09:02,867][com.java.TestType] [ 8896] - {Data Fields & Data Values Exist}
[INFO ][2015-11-19 11:09:02,867][com.java.TestType] [ 8902] - --------------------------setting values-----------------------------
[INFO ][2015-11-19 11:09:02,867][com.java.TestType] [ 8905] - Action Type : Select
[INFO ][2015-11-19 11:09:02,867][com.java.TestType] [ 4461] - value = PFC
[INFO ][2015-11-19 11:09:03,165][com.java.TestType] [ 8924] -  RESULT true
[INFO ][2015-11-19 11:09:03,165][com.java.TestType] [ 9041] - ?   P A S S   ?
[DEBUG][2015-11-19 11:09:03,165][com.java.TestType] [ 8847] - Concept ID:2 :: Step being Executed: 2::2
[INFO ][2015-11-19 11:09:03,165][com.java.TestType] [ 8885] - dataFields : LNKLogout
[DEBUG][2015-11-19 11:09:03,165][com.java.TestType] [ 8891] - <In Set values of the page>
[DEBUG][2015-11-19 11:09:03,165][com.java.TestType] [ 8896] - {Data Fields & Data Values Exist}
[INFO ][2015-11-19 11:09:03,165][com.java.TestType] [ 8902] - --------------------------setting values-----------------------------
[INFO ][2015-11-19 11:09:03,165][com.java.TestType] [ 8905] - Action Type : WaitTime
[DEBUG][2015-11-19 11:09:03,165][com.java.TestType] [ 4296] - sleepTime: 5000
[INFO ][2015-11-19 11:09:08,150][com.java.TestType] [ 8924] -  RESULT true
[INFO ][2015-11-19 11:09:08,150][com.java.TestType] [ 9041] - ?   P A S S   ?
[INFO ][2015-11-19 11:09:08,150][com.java.TestType] [ 9112] - Looping End......
[INFO ][2015-11-19 11:09:08,151][com.java.SeleniumDriver] [  869] -  RESULT true
[INFO ][2015-11-19 11:09:08,151][com.java.SeleniumDriver] [ 1074] - ?   P A S S   ?
[INFO ][2015-11-19 11:09:08,151][com.java.SeleniumDriver] [  796] - ------------------------------------------
[INFO ][2015-11-19 11:09:08,151][com.java.SeleniumDriver] [  797] - Test case being Executed: 6
[INFO ][2015-11-19 11:09:08,151][com.java.SeleniumDriver] [  808] - Test step:4
[INFO ][2015-11-19 11:09:08,151][com.java.SeleniumDriver] [  820] - Datavalue is----------null
[DEBUG][2015-11-19 11:09:08,153][com.java.SeleniumDriver] [  838] - Exception: null
[INFO ][2015-11-19 11:09:08,153][com.java.SeleniumDriver] [  844] - DataField : //span[@class='icon-hammer']&&//a[text()='Custom Calculations']
[INFO ][2015-11-19 11:09:08,153][com.java.SeleniumDriver] [  846] - DataValue : 
[INFO ][2015-11-19 11:09:08,153][com.java.SeleniumDriver] [  852] - <In Set values of the page>
[INFO ][2015-11-19 11:09:08,153][com.java.SeleniumDriver] [  855] - {Data Fields & Data Values Exist}
[INFO ][2015-11-19 11:09:08,153][com.java.SeleniumDriver] [  857] - --------------------------setting values-----------------------------
[INFO ][2015-11-19 11:09:08,153][com.java.SeleniumDriver] [  860] - Action Type : MOUSEOVER
[INFO ][2015-11-19 11:09:53,070][com.java.SeleniumDriver] [  869] -  RESULT true
[INFO ][2015-11-19 11:09:53,070][com.java.SeleniumDriver] [ 1074] - ?   P A S S   ?
[INFO ][2015-11-19 11:09:53,070][com.java.SeleniumDriver] [  796] - ------------------------------------------
[INFO ][2015-11-19 11:09:53,070][com.java.SeleniumDriver] [  797] - Test case being Executed: 6
[INFO ][2015-11-19 11:09:53,070][com.java.SeleniumDriver] [  808] - Test step:5
[INFO ][2015-11-19 11:09:53,070][com.java.SeleniumDriver] [  820] - Datavalue is----------5
[INFO ][2015-11-19 11:09:53,070][com.java.SeleniumDriver] [  844] - DataField : BTN//iframe[@class='frameTabContent']
[INFO ][2015-11-19 11:09:53,070][com.java.SeleniumDriver] [  846] - DataValue : 5
[INFO ][2015-11-19 11:09:53,070][com.java.SeleniumDriver] [  852] - <In Set values of the page>
[INFO ][2015-11-19 11:09:53,070][com.java.SeleniumDriver] [  855] - {Data Fields & Data Values Exist}
[INFO ][2015-11-19 11:09:53,070][com.java.SeleniumDriver] [  857] - --------------------------setting values-----------------------------
[INFO ][2015-11-19 11:09:53,070][com.java.SeleniumDriver] [  860] - Action Type : waitforelement
[INFO ][2015-11-19 11:09:53,101][com.java.SeleniumDriver] [  869] -  RESULT true
[INFO ][2015-11-19 11:09:53,101][com.java.SeleniumDriver] [ 1074] - ?   P A S S   ?
[INFO ][2015-11-19 11:09:53,101][com.java.SeleniumDriver] [  796] - ------------------------------------------
[INFO ][2015-11-19 11:09:53,101][com.java.SeleniumDriver] [  797] - Test case being Executed: 6
[INFO ][2015-11-19 11:09:53,101][com.java.SeleniumDriver] [  808] - Test step:6
[INFO ][2015-11-19 11:09:53,101][com.java.SeleniumDriver] [  820] - Datavalue is----------null
[DEBUG][2015-11-19 11:09:53,101][com.java.SeleniumDriver] [  838] - Exception: null
[INFO ][2015-11-19 11:09:53,101][com.java.SeleniumDriver] [  844] - DataField : BTN//iframe[@class='frameTabContent']
[INFO ][2015-11-19 11:09:53,101][com.java.SeleniumDriver] [  846] - DataValue : 
[INFO ][2015-11-19 11:09:53,101][com.java.SeleniumDriver] [  852] - <In Set values of the page>
[INFO ][2015-11-19 11:09:53,101][com.java.SeleniumDriver] [  855] - {Data Fields & Data Values Exist}
[INFO ][2015-11-19 11:09:53,101][com.java.SeleniumDriver] [  857] - --------------------------setting values-----------------------------
[INFO ][2015-11-19 11:09:53,101][com.java.SeleniumDriver] [  860] - Action Type : SELECTFRAME
[INFO ][2015-11-19 11:09:53,191][com.java.SeleniumDriver] [  869] -  RESULT true
[INFO ][2015-11-19 11:09:53,191][com.java.SeleniumDriver] [ 1074] - ?   P A S S   ?
[INFO ][2015-11-19 11:09:53,191][com.java.SeleniumDriver] [  796] - ------------------------------------------
[INFO ][2015-11-19 11:09:53,191][com.java.SeleniumDriver] [  797] - Test case being Executed: 6
[INFO ][2015-11-19 11:09:53,191][com.java.SeleniumDriver] [  808] - Test step:7
[INFO ][2015-11-19 11:09:53,191][com.java.SeleniumDriver] [  820] - Datavalue is----------5
[INFO ][2015-11-19 11:09:53,191][com.java.SeleniumDriver] [  844] - DataField : XPH//h1[contains(text(), 'Custom Calculations')]
[INFO ][2015-11-19 11:09:53,191][com.java.SeleniumDriver] [  846] - DataValue : 5
[INFO ][2015-11-19 11:09:53,191][com.java.SeleniumDriver] [  852] - <In Set values of the page>
[INFO ][2015-11-19 11:09:53,191][com.java.SeleniumDriver] [  855] - {Data Fields & Data Values Exist}
[INFO ][2015-11-19 11:09:53,191][com.java.SeleniumDriver] [  857] - --------------------------setting values-----------------------------
[INFO ][2015-11-19 11:09:53,191][com.java.SeleniumDriver] [  860] - Action Type : waitforelement
[INFO ][2015-11-19 11:10:20,724][com.java.SeleniumDriver] [  869] -  RESULT true
[INFO ][2015-11-19 11:10:20,724][com.java.SeleniumDriver] [ 1074] - ?   P A S S   ?
[INFO ][2015-11-19 11:10:20,724][com.java.SeleniumDriver] [  796] - ------------------------------------------
[INFO ][2015-11-19 11:10:20,724][com.java.SeleniumDriver] [  797] - Test case being Executed: 6
[INFO ][2015-11-19 11:10:20,724][com.java.SeleniumDriver] [  808] - Test step:8
[INFO ][2015-11-19 11:10:20,724][com.java.SeleniumDriver] [  820] - Datavalue is----------Custom Calculations
[INFO ][2015-11-19 11:10:20,724][com.java.SeleniumDriver] [  844] - DataField : MSG
[INFO ][2015-11-19 11:10:20,724][com.java.SeleniumDriver] [  846] - DataValue : Custom Calculations
[INFO ][2015-11-19 11:10:20,724][com.java.SeleniumDriver] [  852] - <In Set values of the page>
[INFO ][2015-11-19 11:10:20,724][com.java.SeleniumDriver] [  855] - {Data Fields & Data Values Exist}
[INFO ][2015-11-19 11:10:20,724][com.java.SeleniumDriver] [  857] - --------------------------setting values-----------------------------
[INFO ][2015-11-19 11:10:20,724][com.java.SeleniumDriver] [  860] - Action Type : Verify
[INFO ][2015-11-19 11:10:20,724][com.java.TestType] [ 5568] - field= MSG value= Custom Calculations
[INFO ][2015-11-19 11:10:20,724][com.java.TestType] [ 4461] - value = Custom Calculations
[DEBUG][2015-11-19 11:10:20,724][com.java.TestType] [ 6337] - value :: Custom Calculations
[INFO ][2015-11-19 11:10:20,810][com.java.SeleniumDriver] [  869] -  RESULT true
[INFO ][2015-11-19 11:10:20,810][com.java.SeleniumDriver] [ 1074] - ?   P A S S   ?
[INFO ][2015-11-19 11:10:20,810][com.java.SeleniumDriver] [  796] - ------------------------------------------
[INFO ][2015-11-19 11:10:20,810][com.java.SeleniumDriver] [  797] - Test case being Executed: 6
[INFO ][2015-11-19 11:10:20,810][com.java.SeleniumDriver] [  808] - Test step:9
[INFO ][2015-11-19 11:10:20,810][com.java.SeleniumDriver] [  820] - Datavalue is----------5
[INFO ][2015-11-19 11:10:20,810][com.java.SeleniumDriver] [  844] - DataField : XPH//a[contains(text(), 'Add Calculation')]
[INFO ][2015-11-19 11:10:20,810][com.java.SeleniumDriver] [  846] - DataValue : 5
[INFO ][2015-11-19 11:10:20,810][com.java.SeleniumDriver] [  852] - <In Set values of the page>
[INFO ][2015-11-19 11:10:20,810][com.java.SeleniumDriver] [  855] - {Data Fields & Data Values Exist}
[INFO ][2015-11-19 11:10:20,810][com.java.SeleniumDriver] [  857] - --------------------------setting values-----------------------------
[INFO ][2015-11-19 11:10:20,810][com.java.SeleniumDriver] [  860] - Action Type : waitforelement
[INFO ][2015-11-19 11:10:20,980][com.java.SeleniumDriver] [  869] -  RESULT true
[INFO ][2015-11-19 11:10:20,980][com.java.SeleniumDriver] [ 1074] - ?   P A S S   ?
[INFO ][2015-11-19 11:10:20,980][com.java.SeleniumDriver] [  796] - ------------------------------------------
[INFO ][2015-11-19 11:10:20,980][com.java.SeleniumDriver] [  797] - Test case being Executed: 6
[INFO ][2015-11-19 11:10:20,980][com.java.SeleniumDriver] [  808] - Test step:10
[INFO ][2015-11-19 11:10:20,980][com.java.SeleniumDriver] [  820] - Datavalue is----------null
[DEBUG][2015-11-19 11:10:20,980][com.java.SeleniumDriver] [  838] - Exception: null
[INFO ][2015-11-19 11:10:20,980][com.java.SeleniumDriver] [  844] - DataField : HDN//a[contains(text(), 'Add Calculation')]
[INFO ][2015-11-19 11:10:20,980][com.java.SeleniumDriver] [  846] - DataValue : 
[INFO ][2015-11-19 11:10:20,980][com.java.SeleniumDriver] [  852] - <In Set values of the page>
[INFO ][2015-11-19 11:10:20,980][com.java.SeleniumDriver] [  855] - {Data Fields & Data Values Exist}
[INFO ][2015-11-19 11:10:20,980][com.java.SeleniumDriver] [  857] - --------------------------setting values-----------------------------
[INFO ][2015-11-19 11:10:20,980][com.java.SeleniumDriver] [  860] - Action Type : click
[INFO ][2015-11-19 11:10:20,980][com.java.TestType] [ 4774] - Field ::HDN//a[contains(text(), 'Add Calculation')]
[INFO ][2015-11-19 11:10:22,561][com.java.SeleniumDriver] [  869] -  RESULT true
[INFO ][2015-11-19 11:10:22,561][com.java.SeleniumDriver] [ 1074] - ?   P A S S   ?
[INFO ][2015-11-19 11:10:22,561][com.java.SeleniumDriver] [  796] - ------------------------------------------
[INFO ][2015-11-19 11:10:22,561][com.java.SeleniumDriver] [  797] - Test case being Executed: 6
[INFO ][2015-11-19 11:10:22,561][com.java.SeleniumDriver] [  808] - Test step:11
[INFO ][2015-11-19 11:10:22,561][com.java.SeleniumDriver] [  820] - Datavalue is----------3
[INFO ][2015-11-19 11:10:22,561][com.java.SeleniumDriver] [  844] - DataField : XPH//label[contains(text(), 'Dashboard Groups:')]
[INFO ][2015-11-19 11:10:22,561][com.java.SeleniumDriver] [  846] - DataValue : 3
[INFO ][2015-11-19 11:10:22,561][com.java.SeleniumDriver] [  852] - <In Set values of the page>
[INFO ][2015-11-19 11:10:22,561][com.java.SeleniumDriver] [  855] - {Data Fields & Data Values Exist}
[INFO ][2015-11-19 11:10:22,561][com.java.SeleniumDriver] [  857] - --------------------------setting values-----------------------------
[INFO ][2015-11-19 11:10:22,561][com.java.SeleniumDriver] [  860] - Action Type : waitforelement
[INFO ][2015-11-19 11:10:22,641][com.java.SeleniumDriver] [  869] -  RESULT true
[INFO ][2015-11-19 11:10:22,641][com.java.SeleniumDriver] [ 1074] - ?   P A S S   ?
[INFO ][2015-11-19 11:10:22,641][com.java.SeleniumDriver] [  796] - ------------------------------------------
[INFO ][2015-11-19 11:10:22,641][com.java.SeleniumDriver] [  797] - Test case being Executed: 6
[INFO ][2015-11-19 11:10:22,641][com.java.SeleniumDriver] [  808] - Test step:12
[INFO ][2015-11-19 11:10:22,641][com.java.SeleniumDriver] [  820] - Datavalue is----------null
[DEBUG][2015-11-19 11:10:22,641][com.java.SeleniumDriver] [  838] - Exception: null
[INFO ][2015-11-19 11:10:22,641][com.java.SeleniumDriver] [  844] - DataField : XPH//button[contains(text(), 'Save')]
[INFO ][2015-11-19 11:10:22,641][com.java.SeleniumDriver] [  846] - DataValue : 
[INFO ][2015-11-19 11:10:22,641][com.java.SeleniumDriver] [  852] - <In Set values of the page>
[INFO ][2015-11-19 11:10:22,641][com.java.SeleniumDriver] [  855] - {Data Fields & Data Values Exist}
[INFO ][2015-11-19 11:10:22,641][com.java.SeleniumDriver] [  857] - --------------------------setting values-----------------------------
[INFO ][2015-11-19 11:10:22,641][com.java.SeleniumDriver] [  860] - Action Type : ISDISABLED
[INFO ][2015-11-19 11:10:22,641][com.java.TestType] [ 6619] - field= XPH//button[contains(text(), 'Save')]
[INFO ][2015-11-19 11:10:22,921][com.java.SeleniumDriver] [  869] -  RESULT true
[INFO ][2015-11-19 11:10:22,921][com.java.SeleniumDriver] [ 1074] - ?   P A S S   ?
[INFO ][2015-11-19 11:10:22,921][com.java.SeleniumDriver] [  796] - ------------------------------------------
[INFO ][2015-11-19 11:10:22,921][com.java.SeleniumDriver] [  797] - Test case being Executed: 6
[INFO ][2015-11-19 11:10:22,921][com.java.SeleniumDriver] [  808] - Test step:13
[INFO ][2015-11-19 11:10:22,921][com.java.SeleniumDriver] [  820] - Datavalue is----------3
[INFO ][2015-11-19 11:10:22,921][com.java.SeleniumDriver] [  844] - DataField : XPH//select[contains(@class,'mber-select form-control')]
[INFO ][2015-11-19 11:10:22,921][com.java.SeleniumDriver] [  846] - DataValue : 3
[INFO ][2015-11-19 11:10:22,921][com.java.SeleniumDriver] [  852] - <In Set values of the page>
[INFO ][2015-11-19 11:10:22,921][com.java.SeleniumDriver] [  855] - {Data Fields & Data Values Exist}
[INFO ][2015-11-19 11:10:22,921][com.java.SeleniumDriver] [  857] - --------------------------setting values-----------------------------
[INFO ][2015-11-19 11:10:22,921][com.java.SeleniumDriver] [  860] - Action Type : waitforelement
[INFO ][2015-11-19 11:10:23,021][com.java.SeleniumDriver] [  869] -  RESULT true
[INFO ][2015-11-19 11:10:23,021][com.java.SeleniumDriver] [ 1074] - ?   P A S S   ?
[INFO ][2015-11-19 11:10:23,021][com.java.SeleniumDriver] [  796] - ------------------------------------------
[INFO ][2015-11-19 11:10:23,021][com.java.SeleniumDriver] [  797] - Test case being Executed: 6
[INFO ][2015-11-19 11:10:23,021][com.java.SeleniumDriver] [  808] - Test step:14
[INFO ][2015-11-19 11:10:23,021][com.java.SeleniumDriver] [  820] - Datavalue is----------null
[DEBUG][2015-11-19 11:10:23,021][com.java.SeleniumDriver] [  838] - Exception: null
[INFO ][2015-11-19 11:10:23,021][com.java.SeleniumDriver] [  844] - DataField : XPH//select[contains(@class,'mber-select form-control')]
[INFO ][2015-11-19 11:10:23,021][com.java.SeleniumDriver] [  846] - DataValue : 
[INFO ][2015-11-19 11:10:23,021][com.java.SeleniumDriver] [  852] - <In Set values of the page>
[INFO ][2015-11-19 11:10:23,021][com.java.SeleniumDriver] [  855] - {Data Fields & Data Values Exist}
[INFO ][2015-11-19 11:10:23,021][com.java.SeleniumDriver] [  857] - --------------------------setting values-----------------------------
[INFO ][2015-11-19 11:10:23,021][com.java.SeleniumDriver] [  860] - Action Type : click
[INFO ][2015-11-19 11:10:23,021][com.java.TestType] [ 4774] - Field ::XPH//select[contains(@class,'mber-select form-control')]
[INFO ][2015-11-19 11:10:24,021][com.java.TestType] [ 4833] - BEFORE CLICK
[INFO ][2015-11-19 11:10:25,251][com.java.TestType] [ 4841] - Unable to click the object dollar value dropdown
[INFO ][2015-11-19 11:10:25,251][com.java.SeleniumDriver] [  869] -  RESULT true
[INFO ][2015-11-19 11:10:25,251][com.java.SeleniumDriver] [ 1074] - ?   P A S S   ?
[INFO ][2015-11-19 11:10:25,251][com.java.SeleniumDriver] [  796] - ------------------------------------------
[INFO ][2015-11-19 11:10:25,251][com.java.SeleniumDriver] [  797] - Test case being Executed: 6
[INFO ][2015-11-19 11:10:25,251][com.java.SeleniumDriver] [  808] - Test step:15
[INFO ][2015-11-19 11:10:25,251][com.java.SeleniumDriver] [  820] - Datavalue is----------3
[INFO ][2015-11-19 11:10:25,251][com.java.SeleniumDriver] [  844] - DataField : XPH//select/option[contains(text(), 'Dollar ($)')]
[INFO ][2015-11-19 11:10:25,251][com.java.SeleniumDriver] [  846] - DataValue : 3
[INFO ][2015-11-19 11:10:25,251][com.java.SeleniumDriver] [  852] - <In Set values of the page>
[INFO ][2015-11-19 11:10:25,251][com.java.SeleniumDriver] [  855] - {Data Fields & Data Values Exist}
[INFO ][2015-11-19 11:10:25,251][com.java.SeleniumDriver] [  857] - --------------------------setting values-----------------------------
[INFO ][2015-11-19 11:10:25,251][com.java.SeleniumDriver] [  860] - Action Type : waitforelement
[INFO ][2015-11-19 11:10:25,272][com.java.SeleniumDriver] [  869] -  RESULT true
[INFO ][2015-11-19 11:10:25,272][com.java.SeleniumDriver] [ 1074] - ?   P A S S   ?
[INFO ][2015-11-19 11:10:25,272][com.java.SeleniumDriver] [  796] - ------------------------------------------
[INFO ][2015-11-19 11:10:25,272][com.java.SeleniumDriver] [  797] - Test case being Executed: 6
[INFO ][2015-11-19 11:10:25,272][com.java.SeleniumDriver] [  808] - Test step:16
[INFO ][2015-11-19 11:10:25,272][com.java.SeleniumDriver] [  820] - Datavalue is----------null
[DEBUG][2015-11-19 11:10:25,272][com.java.SeleniumDriver] [  838] - Exception: null
[INFO ][2015-11-19 11:10:25,272][com.java.SeleniumDriver] [  844] - DataField : XPH//select/option[contains(text(), 'Dollar ($)')]
[INFO ][2015-11-19 11:10:25,272][com.java.SeleniumDriver] [  846] - DataValue : 
[INFO ][2015-11-19 11:10:25,272][com.java.SeleniumDriver] [  852] - <In Set values of the page>
[INFO ][2015-11-19 11:10:25,272][com.java.SeleniumDriver] [  855] - {Data Fields & Data Values Exist}
[INFO ][2015-11-19 11:10:25,272][com.java.SeleniumDriver] [  857] - --------------------------setting values-----------------------------
[INFO ][2015-11-19 11:10:25,272][com.java.SeleniumDriver] [  860] - Action Type : click
[INFO ][2015-11-19 11:10:25,272][com.java.TestType] [ 4774] - Field ::XPH//select/option[contains(text(), 'Dollar ($)')]
[INFO ][2015-11-19 11:10:26,272][com.java.TestType] [ 4833] - BEFORE CLICK
[INFO ][2015-11-19 11:10:26,992][com.java.TestType] [ 4841] - Unable to click the object dollar value dropdown
[INFO ][2015-11-19 11:10:26,992][com.java.SeleniumDriver] [  869] -  RESULT true
[INFO ][2015-11-19 11:10:26,992][com.java.SeleniumDriver] [ 1074] - ?   P A S S   ?
[INFO ][2015-11-19 11:10:26,992][com.java.SeleniumDriver] [  796] - ------------------------------------------
[INFO ][2015-11-19 11:10:26,992][com.java.SeleniumDriver] [  797] - Test case being Executed: 6
[INFO ][2015-11-19 11:10:26,992][com.java.SeleniumDriver] [  808] - Test step:17
[INFO ][2015-11-19 11:10:26,992][com.java.SeleniumDriver] [  820] - Datavalue is----------RNDA_VLTest
[INFO ][2015-11-19 11:10:26,992][com.java.SeleniumDriver] [  844] - DataField : TXT//input[contains(@placeholder, 'Name your Calcu')]
[INFO ][2015-11-19 11:10:26,992][com.java.SeleniumDriver] [  846] - DataValue : RNDA_VLTest
[INFO ][2015-11-19 11:10:26,992][com.java.SeleniumDriver] [  852] - <In Set values of the page>
[INFO ][2015-11-19 11:10:26,992][com.java.SeleniumDriver] [  855] - {Data Fields & Data Values Exist}
[INFO ][2015-11-19 11:10:26,992][com.java.SeleniumDriver] [  857] - --------------------------setting values-----------------------------
[INFO ][2015-11-19 11:10:26,992][com.java.SeleniumDriver] [  860] - Action Type : enter
[INFO ][2015-11-19 11:10:26,992][com.java.TestType] [ 5094] - field = //input[contains(@placeholder, 'Name your Calcu')]
[INFO ][2015-11-19 11:10:26,992][com.java.TestType] [ 4461] - value = A_VLTest58003
[INFO ][2015-11-19 11:10:28,094][com.java.SeleniumDriver] [  869] -  RESULT true
[INFO ][2015-11-19 11:10:28,094][com.java.SeleniumDriver] [ 1074] - ?   P A S S   ?
[INFO ][2015-11-19 11:10:28,094][com.java.SeleniumDriver] [  796] - ------------------------------------------
[INFO ][2015-11-19 11:10:28,094][com.java.SeleniumDriver] [  797] - Test case being Executed: 6
[INFO ][2015-11-19 11:10:28,094][com.java.SeleniumDriver] [  808] - Test step:18
[INFO ][2015-11-19 11:10:28,094][com.java.SeleniumDriver] [  820] - Datavalue is----------Calusing_Keys
[INFO ][2015-11-19 11:10:28,094][com.java.SeleniumDriver] [  844] - DataField : TXT//input[contains(@placeholder, 'Name your Calcu')]
[INFO ][2015-11-19 11:10:28,094][com.java.SeleniumDriver] [  846] - DataValue : Calusing_Keys
[INFO ][2015-11-19 11:10:28,094][com.java.SeleniumDriver] [  852] - <In Set values of the page>
[INFO ][2015-11-19 11:10:28,094][com.java.SeleniumDriver] [  855] - {Data Fields & Data Values Exist}
[INFO ][2015-11-19 11:10:28,094][com.java.SeleniumDriver] [  857] - --------------------------setting values-----------------------------
[INFO ][2015-11-19 11:10:28,094][com.java.SeleniumDriver] [  860] - Action Type : STOREVALUE
[INFO ][2015-11-19 11:10:28,094][com.java.TestType] [ 6694] - field= TXT//input[contains(@placeholder, 'Name your Calcu')]
[DEBUG][2015-11-19 11:10:28,175][com.java.TestType] [ 6708] - Key:: Calusing_Keys  Value:: A_VLTest58003
[INFO ][2015-11-19 11:10:28,175][com.java.SeleniumDriver] [  869] -  RESULT true
[INFO ][2015-11-19 11:10:28,175][com.java.SeleniumDriver] [ 1074] - ?   P A S S   ?
[INFO ][2015-11-19 11:10:28,175][com.java.SeleniumDriver] [  796] - ------------------------------------------
[INFO ][2015-11-19 11:10:28,175][com.java.SeleniumDriver] [  797] - Test case being Executed: 6
[INFO ][2015-11-19 11:10:28,175][com.java.SeleniumDriver] [  808] - Test step:19
[INFO ][2015-11-19 11:10:28,175][com.java.SeleniumDriver] [  820] - Datavalue is----------//div[@id='group-list']/ul/li//a
[INFO ][2015-11-19 11:10:28,175][com.java.SeleniumDriver] [  844] - DataField : BTN
[INFO ][2015-11-19 11:10:28,175][com.java.SeleniumDriver] [  846] - DataValue : //div[@id='group-list']/ul/li//a
[INFO ][2015-11-19 11:10:28,175][com.java.SeleniumDriver] [  852] - <In Set values of the page>
[INFO ][2015-11-19 11:10:28,175][com.java.SeleniumDriver] [  855] - {Data Fields & Data Values Exist}
[INFO ][2015-11-19 11:10:28,175][com.java.SeleniumDriver] [  857] - --------------------------setting values-----------------------------
[INFO ][2015-11-19 11:10:28,175][com.java.SeleniumDriver] [  860] - Action Type : verify
[INFO ][2015-11-19 11:10:28,175][com.java.TestType] [ 5568] - field= BTN value= //div[@id='group-list']/ul/li//a
[INFO ][2015-11-19 11:10:28,175][com.java.TestType] [ 4461] - value = //div[@id='group-list']/ul/li//a
[INFO ][2015-11-19 11:10:28,205][com.java.SeleniumDriver] [  869] -  RESULT true
[INFO ][2015-11-19 11:10:28,205][com.java.SeleniumDriver] [ 1074] - ?   P A S S   ?
[INFO ][2015-11-19 11:10:28,205][com.java.SeleniumDriver] [  796] - ------------------------------------------
[INFO ][2015-11-19 11:10:28,205][com.java.SeleniumDriver] [  797] - Test case being Executed: 6
[INFO ][2015-11-19 11:10:28,205][com.java.SeleniumDriver] [  808] - Test step:20
[INFO ][2015-11-19 11:10:28,205][com.java.SeleniumDriver] [  820] - Datavalue is----------5
[INFO ][2015-11-19 11:10:28,205][com.java.SeleniumDriver] [  844] - DataField : TXT//div[contains(@class, 'input-group btn-')]/input[contains(@class ,'ember-text-field form-')]
[INFO ][2015-11-19 11:10:28,205][com.java.SeleniumDriver] [  846] - DataValue : 5
[INFO ][2015-11-19 11:10:28,205][com.java.SeleniumDriver] [  852] - <In Set values of the page>
[INFO ][2015-11-19 11:10:28,205][com.java.SeleniumDriver] [  855] - {Data Fields & Data Values Exist}
[INFO ][2015-11-19 11:10:28,205][com.java.SeleniumDriver] [  857] - --------------------------setting values-----------------------------
[INFO ][2015-11-19 11:10:28,205][com.java.SeleniumDriver] [  860] - Action Type : enter
[INFO ][2015-11-19 11:10:28,205][com.java.TestType] [ 5094] - field = //div[contains(@class, 'input-group btn-')]/input[contains(@class ,'ember-text-field form-')]
[INFO ][2015-11-19 11:10:28,205][com.java.TestType] [ 4461] - value = 5
[INFO ][2015-11-19 11:10:28,615][com.java.SeleniumDriver] [  869] -  RESULT true
[INFO ][2015-11-19 11:10:28,615][com.java.SeleniumDriver] [ 1074] - ?   P A S S   ?
[INFO ][2015-11-19 11:10:28,615][com.java.SeleniumDriver] [  796] - ------------------------------------------
[INFO ][2015-11-19 11:10:28,615][com.java.SeleniumDriver] [  797] - Test case being Executed: 6
[INFO ][2015-11-19 11:10:28,615][com.java.SeleniumDriver] [  808] - Test step:21
[INFO ][2015-11-19 11:10:28,615][com.java.SeleniumDriver] [  820] - Datavalue is----------5
[INFO ][2015-11-19 11:10:28,615][com.java.SeleniumDriver] [  844] - DataField : XPH//button[text()='Constant']
[INFO ][2015-11-19 11:10:28,615][com.java.SeleniumDriver] [  846] - DataValue : 5
[INFO ][2015-11-19 11:10:28,615][com.java.SeleniumDriver] [  852] - <In Set values of the page>
[INFO ][2015-11-19 11:10:28,615][com.java.SeleniumDriver] [  855] - {Data Fields & Data Values Exist}
[INFO ][2015-11-19 11:10:28,615][com.java.SeleniumDriver] [  857] - --------------------------setting values-----------------------------
[INFO ][2015-11-19 11:10:28,615][com.java.SeleniumDriver] [  860] - Action Type : waitforelement
[INFO ][2015-11-19 11:10:28,645][com.java.SeleniumDriver] [  869] -  RESULT true
[INFO ][2015-11-19 11:10:28,645][com.java.SeleniumDriver] [ 1074] - ?   P A S S   ?
[INFO ][2015-11-19 11:10:28,645][com.java.SeleniumDriver] [  796] - ------------------------------------------
[INFO ][2015-11-19 11:10:28,645][com.java.SeleniumDriver] [  797] - Test case being Executed: 6
[INFO ][2015-11-19 11:10:28,645][com.java.SeleniumDriver] [  808] - Test step:22
[INFO ][2015-11-19 11:10:28,645][com.java.SeleniumDriver] [  820] - Datavalue is----------null
[DEBUG][2015-11-19 11:10:28,645][com.java.SeleniumDriver] [  838] - Exception: null
[INFO ][2015-11-19 11:10:28,645][com.java.SeleniumDriver] [  844] - DataField : XPH//button[text()='Constant']
[INFO ][2015-11-19 11:10:28,645][com.java.SeleniumDriver] [  846] - DataValue : 
[INFO ][2015-11-19 11:10:28,645][com.java.SeleniumDriver] [  852] - <In Set values of the page>
[INFO ][2015-11-19 11:10:28,645][com.java.SeleniumDriver] [  855] - {Data Fields & Data Values Exist}
[INFO ][2015-11-19 11:10:28,645][com.java.SeleniumDriver] [  857] - --------------------------setting values-----------------------------
[INFO ][2015-11-19 11:10:28,645][com.java.SeleniumDriver] [  860] - Action Type : click
[INFO ][2015-11-19 11:10:28,645][com.java.TestType] [ 4774] - Field ::XPH//button[text()='Constant']
[INFO ][2015-11-19 11:10:29,645][com.java.TestType] [ 4833] - BEFORE CLICK
[INFO ][2015-11-19 11:10:30,535][com.java.TestType] [ 4841] - Unable to click the object click on constant
[INFO ][2015-11-19 11:10:30,535][com.java.SeleniumDriver] [  869] -  RESULT true
[INFO ][2015-11-19 11:10:30,535][com.java.SeleniumDriver] [ 1074] - ?   P A S S   ?
[INFO ][2015-11-19 11:10:30,535][com.java.SeleniumDriver] [  796] - ------------------------------------------
[INFO ][2015-11-19 11:10:30,535][com.java.SeleniumDriver] [  797] - Test case being Executed: 6
[INFO ][2015-11-19 11:10:30,535][com.java.SeleniumDriver] [  808] - Test step:23
[INFO ][2015-11-19 11:10:30,535][com.java.SeleniumDriver] [  820] - Datavalue is----------3
[INFO ][2015-11-19 11:10:30,535][com.java.SeleniumDriver] [  844] - DataField : XPH//button[text()='Constant']
[INFO ][2015-11-19 11:10:30,535][com.java.SeleniumDriver] [  846] - DataValue : 3
[INFO ][2015-11-19 11:10:30,535][com.java.SeleniumDriver] [  852] - <In Set values of the page>
[INFO ][2015-11-19 11:10:30,535][com.java.SeleniumDriver] [  855] - {Data Fields & Data Values Exist}
[INFO ][2015-11-19 11:10:30,535][com.java.SeleniumDriver] [  857] - --------------------------setting values-----------------------------
[INFO ][2015-11-19 11:10:30,535][com.java.SeleniumDriver] [  860] - Action Type : waitforelement
[INFO ][2015-11-19 11:10:30,566][com.java.SeleniumDriver] [  869] -  RESULT true
[INFO ][2015-11-19 11:10:30,566][com.java.SeleniumDriver] [ 1074] - ?   P A S S   ?
[INFO ][2015-11-19 11:10:30,566][com.java.SeleniumDriver] [  796] - ------------------------------------------
[INFO ][2015-11-19 11:10:30,566][com.java.SeleniumDriver] [  797] - Test case being Executed: 6
[INFO ][2015-11-19 11:10:30,566][com.java.SeleniumDriver] [  808] - Test step:24
[INFO ][2015-11-19 11:10:30,566][com.java.SeleniumDriver] [  820] - Datavalue is----------null
[DEBUG][2015-11-19 11:10:30,566][com.java.SeleniumDriver] [  838] - Exception: null
[INFO ][2015-11-19 11:10:30,566][com.java.SeleniumDriver] [  844] - DataField : XPH//button[text()='+']
[INFO ][2015-11-19 11:10:30,566][com.java.SeleniumDriver] [  846] - DataValue : 
[INFO ][2015-11-19 11:10:30,566][com.java.SeleniumDriver] [  852] - <In Set values of the page>
[INFO ][2015-11-19 11:10:30,566][com.java.SeleniumDriver] [  855] - {Data Fields & Data Values Exist}
[INFO ][2015-11-19 11:10:30,566][com.java.SeleniumDriver] [  857] - --------------------------setting values-----------------------------
[INFO ][2015-11-19 11:10:30,566][com.java.SeleniumDriver] [  860] - Action Type : click
[INFO ][2015-11-19 11:10:30,566][com.java.TestType] [ 4774] - Field ::XPH//button[text()='+']
[INFO ][2015-11-19 11:10:31,566][com.java.TestType] [ 4833] - BEFORE CLICK
[INFO ][2015-11-19 11:10:32,366][com.java.TestType] [ 4841] - Unable to click the object enter operator
[INFO ][2015-11-19 11:10:32,366][com.java.SeleniumDriver] [  869] -  RESULT true
[INFO ][2015-11-19 11:10:32,366][com.java.SeleniumDriver] [ 1074] - ?   P A S S   ?
[INFO ][2015-11-19 11:10:32,366][com.java.SeleniumDriver] [  796] - ------------------------------------------
[INFO ][2015-11-19 11:10:32,366][com.java.SeleniumDriver] [  797] - Test case being Executed: 6
[INFO ][2015-11-19 11:10:32,366][com.java.SeleniumDriver] [  808] - Test step:25
[INFO ][2015-11-19 11:10:32,366][com.java.SeleniumDriver] [  820] - Datavalue is----------5
[INFO ][2015-11-19 11:10:32,366][com.java.SeleniumDriver] [  844] - DataField : TXT//div[contains(@class, 'input-group btn-')]/input[contains(@class ,'ember-text-field form-')]
[INFO ][2015-11-19 11:10:32,366][com.java.SeleniumDriver] [  846] - DataValue : 5
[INFO ][2015-11-19 11:10:32,366][com.java.SeleniumDriver] [  852] - <In Set values of the page>
[INFO ][2015-11-19 11:10:32,366][com.java.SeleniumDriver] [  855] - {Data Fields & Data Values Exist}
[INFO ][2015-11-19 11:10:32,366][com.java.SeleniumDriver] [  857] - --------------------------setting values-----------------------------
[INFO ][2015-11-19 11:10:32,366][com.java.SeleniumDriver] [  860] - Action Type : enter
[INFO ][2015-11-19 11:10:32,366][com.java.TestType] [ 5094] - field = //div[contains(@class, 'input-group btn-')]/input[contains(@class ,'ember-text-field form-')]
[INFO ][2015-11-19 11:10:32,366][com.java.TestType] [ 4461] - value = 5
[INFO ][2015-11-19 11:10:32,727][com.java.SeleniumDriver] [  869] -  RESULT true
[INFO ][2015-11-19 11:10:32,727][com.java.SeleniumDriver] [ 1074] - ?   P A S S   ?
[INFO ][2015-11-19 11:10:32,727][com.java.SeleniumDriver] [  796] - ------------------------------------------
[INFO ][2015-11-19 11:10:32,727][com.java.SeleniumDriver] [  797] - Test case being Executed: 6
[INFO ][2015-11-19 11:10:32,727][com.java.SeleniumDriver] [  808] - Test step:26
[INFO ][2015-11-19 11:10:32,727][com.java.SeleniumDriver] [  820] - Datavalue is----------3
[INFO ][2015-11-19 11:10:32,727][com.java.SeleniumDriver] [  844] - DataField : XPH//button[text()='Constant']
[INFO ][2015-11-19 11:10:32,727][com.java.SeleniumDriver] [  846] - DataValue : 3
[INFO ][2015-11-19 11:10:32,727][com.java.SeleniumDriver] [  852] - <In Set values of the page>
[INFO ][2015-11-19 11:10:32,727][com.java.SeleniumDriver] [  855] - {Data Fields & Data Values Exist}
[INFO ][2015-11-19 11:10:32,727][com.java.SeleniumDriver] [  857] - --------------------------setting values-----------------------------
[INFO ][2015-11-19 11:10:32,727][com.java.SeleniumDriver] [  860] - Action Type : waitforelement
[INFO ][2015-11-19 11:10:32,767][com.java.SeleniumDriver] [  869] -  RESULT true
[INFO ][2015-11-19 11:10:32,767][com.java.SeleniumDriver] [ 1074] - ?   P A S S   ?
[INFO ][2015-11-19 11:10:32,767][com.java.SeleniumDriver] [  796] - ------------------------------------------
[INFO ][2015-11-19 11:10:32,767][com.java.SeleniumDriver] [  797] - Test case being Executed: 6
[INFO ][2015-11-19 11:10:32,767][com.java.SeleniumDriver] [  808] - Test step:27
[INFO ][2015-11-19 11:10:32,767][com.java.SeleniumDriver] [  820] - Datavalue is----------null
[DEBUG][2015-11-19 11:10:32,767][com.java.SeleniumDriver] [  838] - Exception: null
[INFO ][2015-11-19 11:10:32,767][com.java.SeleniumDriver] [  844] - DataField : XPH//button[text()='Constant']
[INFO ][2015-11-19 11:10:32,767][com.java.SeleniumDriver] [  846] - DataValue : 
[INFO ][2015-11-19 11:10:32,767][com.java.SeleniumDriver] [  852] - <In Set values of the page>
[INFO ][2015-11-19 11:10:32,767][com.java.SeleniumDriver] [  855] - {Data Fields & Data Values Exist}
[INFO ][2015-11-19 11:10:32,767][com.java.SeleniumDriver] [  857] - --------------------------setting values-----------------------------
[INFO ][2015-11-19 11:10:32,767][com.java.SeleniumDriver] [  860] - Action Type : click
[INFO ][2015-11-19 11:10:32,767][com.java.TestType] [ 4774] - Field ::XPH//button[text()='Constant']
[INFO ][2015-11-19 11:10:33,767][com.java.TestType] [ 4833] - BEFORE CLICK
[INFO ][2015-11-19 11:10:34,557][com.java.TestType] [ 4841] - Unable to click the object click constant
[INFO ][2015-11-19 11:10:34,557][com.java.SeleniumDriver] [  869] -  RESULT true
[INFO ][2015-11-19 11:10:34,557][com.java.SeleniumDriver] [ 1074] - ?   P A S S   ?
[INFO ][2015-11-19 11:10:34,557][com.java.SeleniumDriver] [  796] - ------------------------------------------
[INFO ][2015-11-19 11:10:34,557][com.java.SeleniumDriver] [  797] - Test case being Executed: 6
[INFO ][2015-11-19 11:10:34,557][com.java.SeleniumDriver] [  808] - Test step:28
[INFO ][2015-11-19 11:10:34,557][com.java.SeleniumDriver] [  820] - Datavalue is----------3
[INFO ][2015-11-19 11:10:34,557][com.java.SeleniumDriver] [  844] - DataField : XPH//button[text()='-']
[INFO ][2015-11-19 11:10:34,557][com.java.SeleniumDriver] [  846] - DataValue : 3
[INFO ][2015-11-19 11:10:34,557][com.java.SeleniumDriver] [  852] - <In Set values of the page>
[INFO ][2015-11-19 11:10:34,557][com.java.SeleniumDriver] [  855] - {Data Fields & Data Values Exist}
[INFO ][2015-11-19 11:10:34,557][com.java.SeleniumDriver] [  857] - --------------------------setting values-----------------------------
[INFO ][2015-11-19 11:10:34,557][com.java.SeleniumDriver] [  860] - Action Type : waitforelement
[INFO ][2015-11-19 11:10:34,588][com.java.SeleniumDriver] [  869] -  RESULT true
[INFO ][2015-11-19 11:10:34,588][com.java.SeleniumDriver] [ 1074] - ?   P A S S   ?
[INFO ][2015-11-19 11:10:34,588][com.java.SeleniumDriver] [  796] - ------------------------------------------
[INFO ][2015-11-19 11:10:34,588][com.java.SeleniumDriver] [  797] - Test case being Executed: 6
[INFO ][2015-11-19 11:10:34,588][com.java.SeleniumDriver] [  808] - Test step:29
[INFO ][2015-11-19 11:10:34,588][com.java.SeleniumDriver] [  820] - Datavalue is----------null
[DEBUG][2015-11-19 11:10:34,588][com.java.SeleniumDriver] [  838] - Exception: null
[INFO ][2015-11-19 11:10:34,588][com.java.SeleniumDriver] [  844] - DataField : XPH//button[text()='-']
[INFO ][2015-11-19 11:10:34,588][com.java.SeleniumDriver] [  846] - DataValue : 
[INFO ][2015-11-19 11:10:34,588][com.java.SeleniumDriver] [  852] - <In Set values of the page>
[INFO ][2015-11-19 11:10:34,588][com.java.SeleniumDriver] [  855] - {Data Fields & Data Values Exist}
[INFO ][2015-11-19 11:10:34,588][com.java.SeleniumDriver] [  857] - --------------------------setting values-----------------------------
[INFO ][2015-11-19 11:10:34,588][com.java.SeleniumDriver] [  860] - Action Type : click
[INFO ][2015-11-19 11:10:34,588][com.java.TestType] [ 4774] - Field ::XPH//button[text()='-']
[INFO ][2015-11-19 11:10:35,593][com.java.TestType] [ 4833] - BEFORE CLICK
[INFO ][2015-11-19 11:10:36,373][com.java.TestType] [ 4841] - Unable to click the object enter operator
[INFO ][2015-11-19 11:10:36,373][com.java.SeleniumDriver] [  869] -  RESULT true
[INFO ][2015-11-19 11:10:36,373][com.java.SeleniumDriver] [ 1074] - ?   P A S S   ?
[INFO ][2015-11-19 11:10:36,373][com.java.SeleniumDriver] [  796] - ------------------------------------------
[INFO ][2015-11-19 11:10:36,373][com.java.SeleniumDriver] [  797] - Test case being Executed: 6
[INFO ][2015-11-19 11:10:36,373][com.java.SeleniumDriver] [  808] - Test step:30
[INFO ][2015-11-19 11:10:36,373][com.java.SeleniumDriver] [  820] - Datavalue is----------3
[INFO ][2015-11-19 11:10:36,373][com.java.SeleniumDriver] [  844] - DataField : XPH//div[contains(@class, 'input-group btn-')]/input[contains(@class ,'ember-text-field form-')]
[INFO ][2015-11-19 11:10:36,373][com.java.SeleniumDriver] [  846] - DataValue : 3
[INFO ][2015-11-19 11:10:36,373][com.java.SeleniumDriver] [  852] - <In Set values of the page>
[INFO ][2015-11-19 11:10:36,373][com.java.SeleniumDriver] [  855] - {Data Fields & Data Values Exist}
[INFO ][2015-11-19 11:10:36,373][com.java.SeleniumDriver] [  857] - --------------------------setting values-----------------------------
[INFO ][2015-11-19 11:10:36,373][com.java.SeleniumDriver] [  860] - Action Type : waitforelement
[INFO ][2015-11-19 11:10:36,394][com.java.SeleniumDriver] [  869] -  RESULT true
[INFO ][2015-11-19 11:10:36,394][com.java.SeleniumDriver] [ 1074] - ?   P A S S   ?
[INFO ][2015-11-19 11:10:36,394][com.java.SeleniumDriver] [  796] - ------------------------------------------
[INFO ][2015-11-19 11:10:36,394][com.java.SeleniumDriver] [  797] - Test case being Executed: 6
[INFO ][2015-11-19 11:10:36,394][com.java.SeleniumDriver] [  808] - Test step:31
[INFO ][2015-11-19 11:10:36,394][com.java.SeleniumDriver] [  820] - Datavalue is----------5
[INFO ][2015-11-19 11:10:36,394][com.java.SeleniumDriver] [  844] - DataField : TXT//div[contains(@class, 'input-group btn-')]/input[contains(@class ,'ember-text-field form-')]
[INFO ][2015-11-19 11:10:36,394][com.java.SeleniumDriver] [  846] - DataValue : 5
[INFO ][2015-11-19 11:10:36,394][com.java.SeleniumDriver] [  852] - <In Set values of the page>
[INFO ][2015-11-19 11:10:36,394][com.java.SeleniumDriver] [  855] - {Data Fields & Data Values Exist}
[INFO ][2015-11-19 11:10:36,394][com.java.SeleniumDriver] [  857] - --------------------------setting values-----------------------------
[INFO ][2015-11-19 11:10:36,394][com.java.SeleniumDriver] [  860] - Action Type : enter
[INFO ][2015-11-19 11:10:36,394][com.java.TestType] [ 5094] - field = //div[contains(@class, 'input-group btn-')]/input[contains(@class ,'ember-text-field form-')]
[INFO ][2015-11-19 11:10:36,394][com.java.TestType] [ 4461] - value = 5
[INFO ][2015-11-19 11:10:36,784][com.java.SeleniumDriver] [  869] -  RESULT true
[INFO ][2015-11-19 11:10:36,784][com.java.SeleniumDriver] [ 1074] - ?   P A S S   ?
[INFO ][2015-11-19 11:10:36,784][com.java.SeleniumDriver] [  796] - ------------------------------------------
[INFO ][2015-11-19 11:10:36,784][com.java.SeleniumDriver] [  797] - Test case being Executed: 6
[INFO ][2015-11-19 11:10:36,784][com.java.SeleniumDriver] [  808] - Test step:32
[INFO ][2015-11-19 11:10:36,784][com.java.SeleniumDriver] [  820] - Datavalue is----------3
[INFO ][2015-11-19 11:10:36,784][com.java.SeleniumDriver] [  844] - DataField : XPH//button[text()='Constant']
[INFO ][2015-11-19 11:10:36,784][com.java.SeleniumDriver] [  846] - DataValue : 3
[INFO ][2015-11-19 11:10:36,784][com.java.SeleniumDriver] [  852] - <In Set values of the page>
[INFO ][2015-11-19 11:10:36,784][com.java.SeleniumDriver] [  855] - {Data Fields & Data Values Exist}
[INFO ][2015-11-19 11:10:36,784][com.java.SeleniumDriver] [  857] - --------------------------setting values-----------------------------
[INFO ][2015-11-19 11:10:36,784][com.java.SeleniumDriver] [  860] - Action Type : waitforelement
[INFO ][2015-11-19 11:10:36,824][com.java.SeleniumDriver] [  869] -  RESULT true
[INFO ][2015-11-19 11:10:36,824][com.java.SeleniumDriver] [ 1074] - ?   P A S S   ?
[INFO ][2015-11-19 11:10:36,824][com.java.SeleniumDriver] [  796] - ------------------------------------------
[INFO ][2015-11-19 11:10:36,824][com.java.SeleniumDriver] [  797] - Test case being Executed: 6
[INFO ][2015-11-19 11:10:36,824][com.java.SeleniumDriver] [  808] - Test step:33
[INFO ][2015-11-19 11:10:36,824][com.java.SeleniumDriver] [  820] - Datavalue is----------null
[DEBUG][2015-11-19 11:10:36,824][com.java.SeleniumDriver] [  838] - Exception: null
[INFO ][2015-11-19 11:10:36,824][com.java.SeleniumDriver] [  844] - DataField : XPH//button[text()='Constant']
[INFO ][2015-11-19 11:10:36,824][com.java.SeleniumDriver] [  846] - DataValue : 
[INFO ][2015-11-19 11:10:36,824][com.java.SeleniumDriver] [  852] - <In Set values of the page>
[INFO ][2015-11-19 11:10:36,824][com.java.SeleniumDriver] [  855] - {Data Fields & Data Values Exist}
[INFO ][2015-11-19 11:10:36,824][com.java.SeleniumDriver] [  857] - --------------------------setting values-----------------------------
[INFO ][2015-11-19 11:10:36,824][com.java.SeleniumDriver] [  860] - Action Type : click
[INFO ][2015-11-19 11:10:36,824][com.java.TestType] [ 4774] - Field ::XPH//button[text()='Constant']
[INFO ][2015-11-19 11:10:37,824][com.java.TestType] [ 4833] - BEFORE CLICK
[INFO ][2015-11-19 11:10:38,614][com.java.TestType] [ 4841] - Unable to click the object click constant
[INFO ][2015-11-19 11:10:38,614][com.java.SeleniumDriver] [  869] -  RESULT true
[INFO ][2015-11-19 11:10:38,614][com.java.SeleniumDriver] [ 1074] - ?   P A S S   ?
[INFO ][2015-11-19 11:10:38,614][com.java.SeleniumDriver] [  796] - ------------------------------------------
[INFO ][2015-11-19 11:10:38,614][com.java.SeleniumDriver] [  797] - Test case being Executed: 6
[INFO ][2015-11-19 11:10:38,614][com.java.SeleniumDriver] [  808] - Test step:34
[INFO ][2015-11-19 11:10:38,614][com.java.SeleniumDriver] [  820] - Datavalue is----------3
[INFO ][2015-11-19 11:10:38,614][com.java.SeleniumDriver] [  844] - DataField : XPH//button[contains(text(), 'Save')]
[INFO ][2015-11-19 11:10:38,614][com.java.SeleniumDriver] [  846] - DataValue : 3
[INFO ][2015-11-19 11:10:38,614][com.java.SeleniumDriver] [  852] - <In Set values of the page>
[INFO ][2015-11-19 11:10:38,614][com.java.SeleniumDriver] [  855] - {Data Fields & Data Values Exist}
[INFO ][2015-11-19 11:10:38,614][com.java.SeleniumDriver] [  857] - --------------------------setting values-----------------------------
[INFO ][2015-11-19 11:10:38,614][com.java.SeleniumDriver] [  860] - Action Type : waitforelement
[INFO ][2015-11-19 11:10:38,635][com.java.SeleniumDriver] [  869] -  RESULT true
[INFO ][2015-11-19 11:10:38,635][com.java.SeleniumDriver] [ 1074] - ?   P A S S   ?
[INFO ][2015-11-19 11:10:38,635][com.java.SeleniumDriver] [  796] - ------------------------------------------
[INFO ][2015-11-19 11:10:38,635][com.java.SeleniumDriver] [  797] - Test case being Executed: 6
[INFO ][2015-11-19 11:10:38,635][com.java.SeleniumDriver] [  808] - Test step:35
[INFO ][2015-11-19 11:10:38,635][com.java.SeleniumDriver] [  820] - Datavalue is----------null
[DEBUG][2015-11-19 11:10:38,635][com.java.SeleniumDriver] [  838] - Exception: null
[INFO ][2015-11-19 11:10:38,635][com.java.SeleniumDriver] [  844] - DataField : XPH//button[contains(text(), 'Save')]
[INFO ][2015-11-19 11:10:38,635][com.java.SeleniumDriver] [  846] - DataValue : 
[INFO ][2015-11-19 11:10:38,635][com.java.SeleniumDriver] [  852] - <In Set values of the page>
[INFO ][2015-11-19 11:10:38,635][com.java.SeleniumDriver] [  855] - {Data Fields & Data Values Exist}
[INFO ][2015-11-19 11:10:38,635][com.java.SeleniumDriver] [  857] - --------------------------setting values-----------------------------
[INFO ][2015-11-19 11:10:38,635][com.java.SeleniumDriver] [  860] - Action Type : ISENABLED
[INFO ][2015-11-19 11:10:38,635][com.java.TestType] [ 6655] - field= XPH//button[contains(text(), 'Save')]
[INFO ][2015-11-19 11:10:38,695][com.java.SeleniumDriver] [  869] -  RESULT true
[INFO ][2015-11-19 11:10:38,695][com.java.SeleniumDriver] [ 1074] - ?   P A S S   ?
[INFO ][2015-11-19 11:10:38,695][com.java.SeleniumDriver] [  796] - ------------------------------------------
[INFO ][2015-11-19 11:10:38,695][com.java.SeleniumDriver] [  797] - Test case being Executed: 6
[INFO ][2015-11-19 11:10:38,695][com.java.SeleniumDriver] [  808] - Test step:36
[INFO ][2015-11-19 11:10:38,695][com.java.SeleniumDriver] [  820] - Datavalue is----------null
[DEBUG][2015-11-19 11:10:38,695][com.java.SeleniumDriver] [  838] - Exception: null
[INFO ][2015-11-19 11:10:38,695][com.java.SeleniumDriver] [  844] - DataField : XPH//button[contains(text(), 'Save')]
[INFO ][2015-11-19 11:10:38,695][com.java.SeleniumDriver] [  846] - DataValue : 
[INFO ][2015-11-19 11:10:38,695][com.java.SeleniumDriver] [  852] - <In Set values of the page>
[INFO ][2015-11-19 11:10:38,695][com.java.SeleniumDriver] [  855] - {Data Fields & Data Values Exist}
[INFO ][2015-11-19 11:10:38,695][com.java.SeleniumDriver] [  857] - --------------------------setting values-----------------------------
[INFO ][2015-11-19 11:10:38,695][com.java.SeleniumDriver] [  860] - Action Type : click
[INFO ][2015-11-19 11:10:38,695][com.java.TestType] [ 4774] - Field ::XPH//button[contains(text(), 'Save')]
[INFO ][2015-11-19 11:10:39,695][com.java.TestType] [ 4833] - BEFORE CLICK
[INFO ][2015-11-19 11:10:40,660][com.java.TestType] [ 4841] - Unable to click the object save button
[INFO ][2015-11-19 11:10:40,660][com.java.SeleniumDriver] [  869] -  RESULT true
[INFO ][2015-11-19 11:10:40,660][com.java.SeleniumDriver] [ 1074] - ?   P A S S   ?
[INFO ][2015-11-19 11:10:40,660][com.java.SeleniumDriver] [  796] - ------------------------------------------
[INFO ][2015-11-19 11:10:40,660][com.java.SeleniumDriver] [  797] - Test case being Executed: 6
[INFO ][2015-11-19 11:10:40,660][com.java.SeleniumDriver] [  808] - Test step:37
[INFO ][2015-11-19 11:10:40,660][com.java.SeleniumDriver] [  820] - Datavalue is----------3
[INFO ][2015-11-19 11:10:40,660][com.java.SeleniumDriver] [  844] - DataField : XPH//a[contains(text(), 'Add Calculation')]
[INFO ][2015-11-19 11:10:40,660][com.java.SeleniumDriver] [  846] - DataValue : 3
[INFO ][2015-11-19 11:10:40,660][com.java.SeleniumDriver] [  852] - <In Set values of the page>
[INFO ][2015-11-19 11:10:40,660][com.java.SeleniumDriver] [  855] - {Data Fields & Data Values Exist}
[INFO ][2015-11-19 11:10:40,660][com.java.SeleniumDriver] [  857] - --------------------------setting values-----------------------------
[INFO ][2015-11-19 11:10:40,660][com.java.SeleniumDriver] [  860] - Action Type : waitforelement
[INFO ][2015-11-19 11:10:40,691][com.java.SeleniumDriver] [  869] -  RESULT true
[INFO ][2015-11-19 11:10:40,691][com.java.SeleniumDriver] [ 1074] - ?   P A S S   ?
[INFO ][2015-11-19 11:10:40,691][com.java.SeleniumDriver] [  796] - ------------------------------------------
[INFO ][2015-11-19 11:10:40,691][com.java.SeleniumDriver] [  797] - Test case being Executed: 6
[INFO ][2015-11-19 11:10:40,691][com.java.SeleniumDriver] [  808] - Test step:38
[INFO ][2015-11-19 11:10:40,691][com.java.SeleniumDriver] [  820] - Datavalue is----------HMVCalusing_Keys
[INFO ][2015-11-19 11:10:40,691][com.java.SeleniumDriver] [  844] - DataField : MSG
[INFO ][2015-11-19 11:10:40,691][com.java.SeleniumDriver] [  846] - DataValue : HMVCalusing_Keys
[INFO ][2015-11-19 11:10:40,691][com.java.SeleniumDriver] [  852] - <In Set values of the page>
[INFO ][2015-11-19 11:10:40,691][com.java.SeleniumDriver] [  855] - {Data Fields & Data Values Exist}
[INFO ][2015-11-19 11:10:40,691][com.java.SeleniumDriver] [  857] - --------------------------setting values-----------------------------
[INFO ][2015-11-19 11:10:40,691][com.java.SeleniumDriver] [  860] - Action Type : verify
[INFO ][2015-11-19 11:10:40,691][com.java.TestType] [ 5568] - field= MSG value= HMVCalusing_Keys
[INFO ][2015-11-19 11:10:40,691][com.java.TestType] [ 4461] - value = A_VLTest58003
[DEBUG][2015-11-19 11:10:40,691][com.java.TestType] [ 6337] - value :: A_VLTest58003
[INFO ][2015-11-19 11:10:40,711][com.java.SeleniumDriver] [  869] -  RESULT true
[INFO ][2015-11-19 11:10:40,711][com.java.SeleniumDriver] [ 1074] - ?   P A S S   ?
[INFO ][2015-11-19 11:10:40,711][com.java.SeleniumDriver] [  796] - ------------------------------------------
[INFO ][2015-11-19 11:10:40,711][com.java.SeleniumDriver] [  797] - Test case being Executed: 6
[INFO ][2015-11-19 11:10:40,711][com.java.SeleniumDriver] [  808] - Test step:39
[INFO ][2015-11-19 11:10:40,711][com.java.SeleniumDriver] [  820] - Datavalue is----------null
[DEBUG][2015-11-19 11:10:40,711][com.java.SeleniumDriver] [  838] - Exception: null
[INFO ][2015-11-19 11:10:40,711][com.java.SeleniumDriver] [  844] - DataField : HDN//a[contains(text(), 'Add Calculation')]
[INFO ][2015-11-19 11:10:40,711][com.java.SeleniumDriver] [  846] - DataValue : 
[INFO ][2015-11-19 11:10:40,711][com.java.SeleniumDriver] [  852] - <In Set values of the page>
[INFO ][2015-11-19 11:10:40,711][com.java.SeleniumDriver] [  855] - {Data Fields & Data Values Exist}
[INFO ][2015-11-19 11:10:40,711][com.java.SeleniumDriver] [  857] - --------------------------setting values-----------------------------
[INFO ][2015-11-19 11:10:40,711][com.java.SeleniumDriver] [  860] - Action Type : click
[INFO ][2015-11-19 11:10:40,711][com.java.TestType] [ 4774] - Field ::HDN//a[contains(text(), 'Add Calculation')]
[INFO ][2015-11-19 11:10:41,822][com.java.SeleniumDriver] [  869] -  RESULT true
[INFO ][2015-11-19 11:10:41,822][com.java.SeleniumDriver] [ 1074] - ?   P A S S   ?
[INFO ][2015-11-19 11:10:41,822][com.java.SeleniumDriver] [  796] - ------------------------------------------
[INFO ][2015-11-19 11:10:41,822][com.java.SeleniumDriver] [  797] - Test case being Executed: 6
[INFO ][2015-11-19 11:10:41,822][com.java.SeleniumDriver] [  808] - Test step:40
[INFO ][2015-11-19 11:10:41,822][com.java.SeleniumDriver] [  820] - Datavalue is----------3
[INFO ][2015-11-19 11:10:41,822][com.java.SeleniumDriver] [  844] - DataField : XPH//label[contains(text(), 'Dashboard Groups:')]
[INFO ][2015-11-19 11:10:41,822][com.java.SeleniumDriver] [  846] - DataValue : 3
[INFO ][2015-11-19 11:10:41,822][com.java.SeleniumDriver] [  852] - <In Set values of the page>
[INFO ][2015-11-19 11:10:41,822][com.java.SeleniumDriver] [  855] - {Data Fields & Data Values Exist}
[INFO ][2015-11-19 11:10:41,822][com.java.SeleniumDriver] [  857] - --------------------------setting values-----------------------------
[INFO ][2015-11-19 11:10:41,822][com.java.SeleniumDriver] [  860] - Action Type : waitforelement
[INFO ][2015-11-19 11:10:41,852][com.java.SeleniumDriver] [  869] -  RESULT true
[INFO ][2015-11-19 11:10:41,852][com.java.SeleniumDriver] [ 1074] - ?   P A S S   ?
[INFO ][2015-11-19 11:10:41,852][com.java.SeleniumDriver] [  796] - ------------------------------------------
[INFO ][2015-11-19 11:10:41,852][com.java.SeleniumDriver] [  797] - Test case being Executed: 6
[INFO ][2015-11-19 11:10:41,852][com.java.SeleniumDriver] [  808] - Test step:41
[INFO ][2015-11-19 11:10:41,852][com.java.SeleniumDriver] [  820] - Datavalue is----------null
[DEBUG][2015-11-19 11:10:41,852][com.java.SeleniumDriver] [  838] - Exception: null
[INFO ][2015-11-19 11:10:41,852][com.java.SeleniumDriver] [  844] - DataField : XPH//button[contains(text(), 'Save')]
[INFO ][2015-11-19 11:10:41,852][com.java.SeleniumDriver] [  846] - DataValue : 
[INFO ][2015-11-19 11:10:41,852][com.java.SeleniumDriver] [  852] - <In Set values of the page>
[INFO ][2015-11-19 11:10:41,852][com.java.SeleniumDriver] [  855] - {Data Fields & Data Values Exist}
[INFO ][2015-11-19 11:10:41,852][com.java.SeleniumDriver] [  857] - --------------------------setting values-----------------------------
[INFO ][2015-11-19 11:10:41,852][com.java.SeleniumDriver] [  860] - Action Type : ISDISABLED
[INFO ][2015-11-19 11:10:41,852][com.java.TestType] [ 6619] - field= XPH//button[contains(text(), 'Save')]
[INFO ][2015-11-19 11:10:41,922][com.java.SeleniumDriver] [  869] -  RESULT true
[INFO ][2015-11-19 11:10:41,922][com.java.SeleniumDriver] [ 1074] - ?   P A S S   ?
[INFO ][2015-11-19 11:10:41,922][com.java.SeleniumDriver] [  796] - ------------------------------------------
[INFO ][2015-11-19 11:10:41,922][com.java.SeleniumDriver] [  797] - Test case being Executed: 6
[INFO ][2015-11-19 11:10:41,922][com.java.SeleniumDriver] [  808] - Test step:42
[INFO ][2015-11-19 11:10:41,922][com.java.SeleniumDriver] [  820] - Datavalue is----------3
[INFO ][2015-11-19 11:10:41,922][com.java.SeleniumDriver] [  844] - DataField : XPH//select[contains(@class,'mber-select form-control')]
[INFO ][2015-11-19 11:10:41,922][com.java.SeleniumDriver] [  846] - DataValue : 3
[INFO ][2015-11-19 11:10:41,922][com.java.SeleniumDriver] [  852] - <In Set values of the page>
[INFO ][2015-11-19 11:10:41,922][com.java.SeleniumDriver] [  855] - {Data Fields & Data Values Exist}
[INFO ][2015-11-19 11:10:41,922][com.java.SeleniumDriver] [  857] - --------------------------setting values-----------------------------
[INFO ][2015-11-19 11:10:41,922][com.java.SeleniumDriver] [  860] - Action Type : waitforelement
[INFO ][2015-11-19 11:10:41,952][com.java.SeleniumDriver] [  869] -  RESULT true
[INFO ][2015-11-19 11:10:41,952][com.java.SeleniumDriver] [ 1074] - ?   P A S S   ?
[INFO ][2015-11-19 11:10:41,952][com.java.SeleniumDriver] [  796] - ------------------------------------------
[INFO ][2015-11-19 11:10:41,952][com.java.SeleniumDriver] [  797] - Test case being Executed: 6
[INFO ][2015-11-19 11:10:41,952][com.java.SeleniumDriver] [  808] - Test step:43
[INFO ][2015-11-19 11:10:41,952][com.java.SeleniumDriver] [  820] - Datavalue is----------null
[DEBUG][2015-11-19 11:10:41,952][com.java.SeleniumDriver] [  838] - Exception: null
[INFO ][2015-11-19 11:10:41,952][com.java.SeleniumDriver] [  844] - DataField : XPH//select[contains(@class,'mber-select form-control')]
[INFO ][2015-11-19 11:10:41,952][com.java.SeleniumDriver] [  846] - DataValue : 
[INFO ][2015-11-19 11:10:41,952][com.java.SeleniumDriver] [  852] - <In Set values of the page>
[INFO ][2015-11-19 11:10:41,952][com.java.SeleniumDriver] [  855] - {Data Fields & Data Values Exist}
[INFO ][2015-11-19 11:10:41,952][com.java.SeleniumDriver] [  857] - --------------------------setting values-----------------------------
[INFO ][2015-11-19 11:10:41,952][com.java.SeleniumDriver] [  860] - Action Type : click
[INFO ][2015-11-19 11:10:41,952][com.java.TestType] [ 4774] - Field ::XPH//select[contains(@class,'mber-select form-control')]
[INFO ][2015-11-19 11:10:42,952][com.java.TestType] [ 4833] - BEFORE CLICK
[INFO ][2015-11-19 11:10:43,762][com.java.TestType] [ 4841] - Unable to click the object dollar value dropdown
[INFO ][2015-11-19 11:10:43,762][com.java.SeleniumDriver] [  869] -  RESULT true
[INFO ][2015-11-19 11:10:43,762][com.java.SeleniumDriver] [ 1074] - ?   P A S S   ?
[INFO ][2015-11-19 11:10:43,762][com.java.SeleniumDriver] [  796] - ------------------------------------------
[INFO ][2015-11-19 11:10:43,762][com.java.SeleniumDriver] [  797] - Test case being Executed: 6
[INFO ][2015-11-19 11:10:43,762][com.java.SeleniumDriver] [  808] - Test step:44
[INFO ][2015-11-19 11:10:43,762][com.java.SeleniumDriver] [  820] - Datavalue is----------3
[INFO ][2015-11-19 11:10:43,762][com.java.SeleniumDriver] [  844] - DataField : XPH//select/option[contains(text(), 'Dollar ($)')]
[INFO ][2015-11-19 11:10:43,762][com.java.SeleniumDriver] [  846] - DataValue : 3
[INFO ][2015-11-19 11:10:43,762][com.java.SeleniumDriver] [  852] - <In Set values of the page>
[INFO ][2015-11-19 11:10:43,762][com.java.SeleniumDriver] [  855] - {Data Fields & Data Values Exist}
[INFO ][2015-11-19 11:10:43,762][com.java.SeleniumDriver] [  857] - --------------------------setting values-----------------------------
[INFO ][2015-11-19 11:10:43,762][com.java.SeleniumDriver] [  860] - Action Type : waitforelement
[INFO ][2015-11-19 11:10:43,783][com.java.SeleniumDriver] [  869] -  RESULT true
[INFO ][2015-11-19 11:10:43,783][com.java.SeleniumDriver] [ 1074] - ?   P A S S   ?
[INFO ][2015-11-19 11:10:43,783][com.java.SeleniumDriver] [  796] - ------------------------------------------
[INFO ][2015-11-19 11:10:43,783][com.java.SeleniumDriver] [  797] - Test case being Executed: 6
[INFO ][2015-11-19 11:10:43,783][com.java.SeleniumDriver] [  808] - Test step:45
[INFO ][2015-11-19 11:10:43,783][com.java.SeleniumDriver] [  820] - Datavalue is----------null
[DEBUG][2015-11-19 11:10:43,783][com.java.SeleniumDriver] [  838] - Exception: null
[INFO ][2015-11-19 11:10:43,783][com.java.SeleniumDriver] [  844] - DataField : XPH//select/option[contains(text(), 'Dollar ($)')]
[INFO ][2015-11-19 11:10:43,783][com.java.SeleniumDriver] [  846] - DataValue : 
[INFO ][2015-11-19 11:10:43,783][com.java.SeleniumDriver] [  852] - <In Set values of the page>
[INFO ][2015-11-19 11:10:43,783][com.java.SeleniumDriver] [  855] - {Data Fields & Data Values Exist}
[INFO ][2015-11-19 11:10:43,783][com.java.SeleniumDriver] [  857] - --------------------------setting values-----------------------------
[INFO ][2015-11-19 11:10:43,783][com.java.SeleniumDriver] [  860] - Action Type : click
[INFO ][2015-11-19 11:10:43,783][com.java.TestType] [ 4774] - Field ::XPH//select/option[contains(text(), 'Dollar ($)')]
[INFO ][2015-11-19 11:10:44,783][com.java.TestType] [ 4833] - BEFORE CLICK
[INFO ][2015-11-19 11:10:45,513][com.java.TestType] [ 4841] - Unable to click the object dollar value dropdown
[INFO ][2015-11-19 11:10:45,513][com.java.SeleniumDriver] [  869] -  RESULT true
[INFO ][2015-11-19 11:10:45,513][com.java.SeleniumDriver] [ 1074] - ?   P A S S   ?
[INFO ][2015-11-19 11:10:45,513][com.java.SeleniumDriver] [  796] - ------------------------------------------
[INFO ][2015-11-19 11:10:45,513][com.java.SeleniumDriver] [  797] - Test case being Executed: 6
[INFO ][2015-11-19 11:10:45,513][com.java.SeleniumDriver] [  808] - Test step:46
[INFO ][2015-11-19 11:10:45,513][com.java.SeleniumDriver] [  820] - Datavalue is----------RNDA_VLTest
[INFO ][2015-11-19 11:10:45,513][com.java.SeleniumDriver] [  844] - DataField : TXT//input[contains(@placeholder, 'Name your Calcu')]
[INFO ][2015-11-19 11:10:45,513][com.java.SeleniumDriver] [  846] - DataValue : RNDA_VLTest
[INFO ][2015-11-19 11:10:45,513][com.java.SeleniumDriver] [  852] - <In Set values of the page>
[INFO ][2015-11-19 11:10:45,513][com.java.SeleniumDriver] [  855] - {Data Fields & Data Values Exist}
[INFO ][2015-11-19 11:10:45,513][com.java.SeleniumDriver] [  857] - --------------------------setting values-----------------------------
[INFO ][2015-11-19 11:10:45,513][com.java.SeleniumDriver] [  860] - Action Type : enter
[INFO ][2015-11-19 11:10:45,513][com.java.TestType] [ 5094] - field = //input[contains(@placeholder, 'Name your Calcu')]
[INFO ][2015-11-19 11:10:45,513][com.java.TestType] [ 4461] - value = A_VLTest67843
[INFO ][2015-11-19 11:10:46,634][com.java.SeleniumDriver] [  869] -  RESULT true
[INFO ][2015-11-19 11:10:46,634][com.java.SeleniumDriver] [ 1074] - ?   P A S S   ?
[INFO ][2015-11-19 11:10:46,634][com.java.SeleniumDriver] [  796] - ------------------------------------------
[INFO ][2015-11-19 11:10:46,634][com.java.SeleniumDriver] [  797] - Test case being Executed: 6
[INFO ][2015-11-19 11:10:46,634][com.java.SeleniumDriver] [  808] - Test step:47
[INFO ][2015-11-19 11:10:46,634][com.java.SeleniumDriver] [  820] - Datavalue is----------Cal_Using_Precustoms
[INFO ][2015-11-19 11:10:46,634][com.java.SeleniumDriver] [  844] - DataField : TXT//input[contains(@placeholder, 'Name your Calcu')]
[INFO ][2015-11-19 11:10:46,634][com.java.SeleniumDriver] [  846] - DataValue : Cal_Using_Precustoms
[INFO ][2015-11-19 11:10:46,634][com.java.SeleniumDriver] [  852] - <In Set values of the page>
[INFO ][2015-11-19 11:10:46,634][com.java.SeleniumDriver] [  855] - {Data Fields & Data Values Exist}
[INFO ][2015-11-19 11:10:46,634][com.java.SeleniumDriver] [  857] - --------------------------setting values-----------------------------
[INFO ][2015-11-19 11:10:46,634][com.java.SeleniumDriver] [  860] - Action Type : STOREVALUE
[INFO ][2015-11-19 11:10:46,634][com.java.TestType] [ 6694] - field= TXT//input[contains(@placeholder, 'Name your Calcu')]
[DEBUG][2015-11-19 11:10:46,706][com.java.TestType] [ 6708] - Key:: Cal_Using_Precustoms  Value:: A_VLTest67843
[INFO ][2015-11-19 11:10:46,706][com.java.SeleniumDriver] [  869] -  RESULT true
[INFO ][2015-11-19 11:10:46,706][com.java.SeleniumDriver] [ 1074] - ?   P A S S   ?
[INFO ][2015-11-19 11:10:46,706][com.java.SeleniumDriver] [  796] - ------------------------------------------
[INFO ][2015-11-19 11:10:46,706][com.java.SeleniumDriver] [  797] - Test case being Executed: 6
[INFO ][2015-11-19 11:10:46,706][com.java.SeleniumDriver] [  808] - Test step:48
[INFO ][2015-11-19 11:10:46,706][com.java.SeleniumDriver] [  820] - Datavalue is----------//div[@id='group-list']/ul/li[2]//a
[INFO ][2015-11-19 11:10:46,706][com.java.SeleniumDriver] [  844] - DataField : BTN
[INFO ][2015-11-19 11:10:46,706][com.java.SeleniumDriver] [  846] - DataValue : //div[@id='group-list']/ul/li[2]//a
[INFO ][2015-11-19 11:10:46,706][com.java.SeleniumDriver] [  852] - <In Set values of the page>
[INFO ][2015-11-19 11:10:46,706][com.java.SeleniumDriver] [  855] - {Data Fields & Data Values Exist}
[INFO ][2015-11-19 11:10:46,706][com.java.SeleniumDriver] [  857] - --------------------------setting values-----------------------------
[INFO ][2015-11-19 11:10:46,706][com.java.SeleniumDriver] [  860] - Action Type : verify
[INFO ][2015-11-19 11:10:46,706][com.java.TestType] [ 5568] - field= BTN value= //div[@id='group-list']/ul/li[2]//a
[INFO ][2015-11-19 11:10:46,706][com.java.TestType] [ 4461] - value = //div[@id='group-list']/ul/li[2]//a
[INFO ][2015-11-19 11:10:46,736][com.java.SeleniumDriver] [  869] -  RESULT true
[INFO ][2015-11-19 11:10:46,736][com.java.SeleniumDriver] [ 1074] - ?   P A S S   ?
[INFO ][2015-11-19 11:10:46,736][com.java.SeleniumDriver] [  796] - ------------------------------------------
[INFO ][2015-11-19 11:10:46,736][com.java.SeleniumDriver] [  797] - Test case being Executed: 6
[INFO ][2015-11-19 11:10:46,736][com.java.SeleniumDriver] [  808] - Test step:49
[INFO ][2015-11-19 11:10:46,736][com.java.SeleniumDriver] [  820] - Datavalue is----------null
[DEBUG][2015-11-19 11:10:46,736][com.java.SeleniumDriver] [  838] - Exception: null
[INFO ][2015-11-19 11:10:46,736][com.java.SeleniumDriver] [  844] - DataField : XPH//div[@id='group-list']/ul/li[2]//a
[INFO ][2015-11-19 11:10:46,736][com.java.SeleniumDriver] [  846] - DataValue : 
[INFO ][2015-11-19 11:10:46,736][com.java.SeleniumDriver] [  852] - <In Set values of the page>
[INFO ][2015-11-19 11:10:46,736][com.java.SeleniumDriver] [  855] - {Data Fields & Data Values Exist}
[INFO ][2015-11-19 11:10:46,736][com.java.SeleniumDriver] [  857] - --------------------------setting values-----------------------------
[INFO ][2015-11-19 11:10:46,736][com.java.SeleniumDriver] [  860] - Action Type : CLICK
[INFO ][2015-11-19 11:10:46,736][com.java.TestType] [ 4774] - Field ::XPH//div[@id='group-list']/ul/li[2]//a
[INFO ][2015-11-19 11:10:47,743][com.java.TestType] [ 4833] - BEFORE CLICK
[INFO ][2015-11-19 11:10:48,713][com.java.TestType] [ 4841] - Unable to click the object calculation name field
[INFO ][2015-11-19 11:10:48,713][com.java.SeleniumDriver] [  869] -  RESULT true
[INFO ][2015-11-19 11:10:48,713][com.java.SeleniumDriver] [ 1074] - ?   P A S S   ?
[INFO ][2015-11-19 11:10:48,713][com.java.SeleniumDriver] [  796] - ------------------------------------------
[INFO ][2015-11-19 11:10:48,713][com.java.SeleniumDriver] [  797] - Test case being Executed: 6
[INFO ][2015-11-19 11:10:48,713][com.java.SeleniumDriver] [  808] - Test step:50
[INFO ][2015-11-19 11:10:48,713][com.java.SeleniumDriver] [  820] - Datavalue is----------3
[INFO ][2015-11-19 11:10:48,713][com.java.SeleniumDriver] [  844] - DataField : XPH//a[contains(text(),'Non-Interest Bearing Deposits')]
[INFO ][2015-11-19 11:10:48,713][com.java.SeleniumDriver] [  846] - DataValue : 3
[INFO ][2015-11-19 11:10:48,713][com.java.SeleniumDriver] [  852] - <In Set values of the page>
[INFO ][2015-11-19 11:10:48,713][com.java.SeleniumDriver] [  855] - {Data Fields & Data Values Exist}
[INFO ][2015-11-19 11:10:48,713][com.java.SeleniumDriver] [  857] - --------------------------setting values-----------------------------
[INFO ][2015-11-19 11:10:48,713][com.java.SeleniumDriver] [  860] - Action Type : waitforelement
[INFO ][2015-11-19 11:10:48,754][com.java.SeleniumDriver] [  869] -  RESULT true
[INFO ][2015-11-19 11:10:48,754][com.java.SeleniumDriver] [ 1074] - ?   P A S S   ?
[INFO ][2015-11-19 11:10:48,754][com.java.SeleniumDriver] [  796] - ------------------------------------------
[INFO ][2015-11-19 11:10:48,754][com.java.SeleniumDriver] [  797] - Test case being Executed: 6
[INFO ][2015-11-19 11:10:48,754][com.java.SeleniumDriver] [  808] - Test step:51
[INFO ][2015-11-19 11:10:48,754][com.java.SeleniumDriver] [  820] - Datavalue is----------//div[contains(@class, 'expression ui-droppable')]/span
[INFO ][2015-11-19 11:10:48,754][com.java.SeleniumDriver] [  844] - DataField : //a[contains(text(),'Non-Interest Bearing Deposits')]
[INFO ][2015-11-19 11:10:48,754][com.java.SeleniumDriver] [  846] - DataValue : //div[contains(@class, 'expression ui-droppable')]/span
[INFO ][2015-11-19 11:10:48,754][com.java.SeleniumDriver] [  852] - <In Set values of the page>
[INFO ][2015-11-19 11:10:48,754][com.java.SeleniumDriver] [  855] - {Data Fields & Data Values Exist}
[INFO ][2015-11-19 11:10:48,754][com.java.SeleniumDriver] [  857] - --------------------------setting values-----------------------------
[INFO ][2015-11-19 11:10:48,754][com.java.SeleniumDriver] [  860] - Action Type : DRAGANDDROP
[INFO ][2015-11-19 11:10:49,664][com.java.SeleniumDriver] [  869] -  RESULT true
[INFO ][2015-11-19 11:10:49,664][com.java.SeleniumDriver] [ 1074] - ?   P A S S   ?
[INFO ][2015-11-19 11:10:49,664][com.java.SeleniumDriver] [  796] - ------------------------------------------
[INFO ][2015-11-19 11:10:49,664][com.java.SeleniumDriver] [  797] - Test case being Executed: 6
[INFO ][2015-11-19 11:10:49,664][com.java.SeleniumDriver] [  808] - Test step:52
[INFO ][2015-11-19 11:10:49,664][com.java.SeleniumDriver] [  820] - Datavalue is----------null
[DEBUG][2015-11-19 11:10:49,664][com.java.SeleniumDriver] [  838] - Exception: null
[INFO ][2015-11-19 11:10:49,664][com.java.SeleniumDriver] [  844] - DataField : XPH//button[text()='+']
[INFO ][2015-11-19 11:10:49,664][com.java.SeleniumDriver] [  846] - DataValue : 
[INFO ][2015-11-19 11:10:49,664][com.java.SeleniumDriver] [  852] - <In Set values of the page>
[INFO ][2015-11-19 11:10:49,664][com.java.SeleniumDriver] [  855] - {Data Fields & Data Values Exist}
[INFO ][2015-11-19 11:10:49,664][com.java.SeleniumDriver] [  857] - --------------------------setting values-----------------------------
[INFO ][2015-11-19 11:10:49,664][com.java.SeleniumDriver] [  860] - Action Type : click
[INFO ][2015-11-19 11:10:49,664][com.java.TestType] [ 4774] - Field ::XPH//button[text()='+']
[INFO ][2015-11-19 11:10:50,665][com.java.TestType] [ 4833] - BEFORE CLICK
[INFO ][2015-11-19 11:10:51,445][com.java.TestType] [ 4841] - Unable to click the object enter operator
[INFO ][2015-11-19 11:10:51,445][com.java.SeleniumDriver] [  869] -  RESULT true
[INFO ][2015-11-19 11:10:51,445][com.java.SeleniumDriver] [ 1074] - ?   P A S S   ?
[INFO ][2015-11-19 11:10:51,445][com.java.SeleniumDriver] [  796] - ------------------------------------------
[INFO ][2015-11-19 11:10:51,445][com.java.SeleniumDriver] [  797] - Test case being Executed: 6
[INFO ][2015-11-19 11:10:51,445][com.java.SeleniumDriver] [  808] - Test step:53
[INFO ][2015-11-19 11:10:51,445][com.java.SeleniumDriver] [  820] - Datavalue is----------//div[@class="ember-view alert alert-info expression ui-droppable"]
[INFO ][2015-11-19 11:10:51,445][com.java.SeleniumDriver] [  844] - DataField : //a[contains(text(),'Interest bearing demand deposits')]
[INFO ][2015-11-19 11:10:51,445][com.java.SeleniumDriver] [  846] - DataValue : //div[@class="ember-view alert alert-info expression ui-droppable"]
[INFO ][2015-11-19 11:10:51,445][com.java.SeleniumDriver] [  852] - <In Set values of the page>
[INFO ][2015-11-19 11:10:51,445][com.java.SeleniumDriver] [  855] - {Data Fields & Data Values Exist}
[INFO ][2015-11-19 11:10:51,445][com.java.SeleniumDriver] [  857] - --------------------------setting values-----------------------------
[INFO ][2015-11-19 11:10:51,445][com.java.SeleniumDriver] [  860] - Action Type : DRAGANDDROP
[INFO ][2015-11-19 11:10:52,220][com.java.SeleniumDriver] [  869] -  RESULT true
[INFO ][2015-11-19 11:10:52,220][com.java.SeleniumDriver] [ 1074] - ?   P A S S   ?
[INFO ][2015-11-19 11:10:52,220][com.java.SeleniumDriver] [  796] - ------------------------------------------
[INFO ][2015-11-19 11:10:52,220][com.java.SeleniumDriver] [  797] - Test case being Executed: 6
[INFO ][2015-11-19 11:10:52,220][com.java.SeleniumDriver] [  808] - Test step:54
[INFO ][2015-11-19 11:10:52,220][com.java.SeleniumDriver] [  820] - Datavalue is----------3
[INFO ][2015-11-19 11:10:52,220][com.java.SeleniumDriver] [  844] - DataField : XPH//button[contains(text(), 'Save')]
[INFO ][2015-11-19 11:10:52,220][com.java.SeleniumDriver] [  846] - DataValue : 3
[INFO ][2015-11-19 11:10:52,220][com.java.SeleniumDriver] [  852] - <In Set values of the page>
[INFO ][2015-11-19 11:10:52,220][com.java.SeleniumDriver] [  855] - {Data Fields & Data Values Exist}
[INFO ][2015-11-19 11:10:52,220][com.java.SeleniumDriver] [  857] - --------------------------setting values-----------------------------
[INFO ][2015-11-19 11:10:52,220][com.java.SeleniumDriver] [  860] - Action Type : waitforelement
[INFO ][2015-11-19 11:10:52,267][com.java.SeleniumDriver] [  869] -  RESULT true
[INFO ][2015-11-19 11:10:52,267][com.java.SeleniumDriver] [ 1074] - ?   P A S S   ?
[INFO ][2015-11-19 11:10:52,267][com.java.SeleniumDriver] [  796] - ------------------------------------------
[INFO ][2015-11-19 11:10:52,267][com.java.SeleniumDriver] [  797] - Test case being Executed: 6
[INFO ][2015-11-19 11:10:52,267][com.java.SeleniumDriver] [  808] - Test step:55
[INFO ][2015-11-19 11:10:52,267][com.java.SeleniumDriver] [  820] - Datavalue is----------null
[DEBUG][2015-11-19 11:10:52,267][com.java.SeleniumDriver] [  838] - Exception: null
[INFO ][2015-11-19 11:10:52,267][com.java.SeleniumDriver] [  844] - DataField : XPH//button[contains(text(), 'Save')]
[INFO ][2015-11-19 11:10:52,267][com.java.SeleniumDriver] [  846] - DataValue : 
[INFO ][2015-11-19 11:10:52,267][com.java.SeleniumDriver] [  852] - <In Set values of the page>
[INFO ][2015-11-19 11:10:52,267][com.java.SeleniumDriver] [  855] - {Data Fields & Data Values Exist}
[INFO ][2015-11-19 11:10:52,267][com.java.SeleniumDriver] [  857] - --------------------------setting values-----------------------------
[INFO ][2015-11-19 11:10:52,267][com.java.SeleniumDriver] [  860] - Action Type : ISENABLED
[INFO ][2015-11-19 11:10:52,267][com.java.TestType] [ 6655] - field= XPH//button[contains(text(), 'Save')]
[INFO ][2015-11-19 11:10:52,317][com.java.SeleniumDriver] [  869] -  RESULT true
[INFO ][2015-11-19 11:10:52,317][com.java.SeleniumDriver] [ 1074] - ?   P A S S   ?
[INFO ][2015-11-19 11:10:52,317][com.java.SeleniumDriver] [  796] - ------------------------------------------
[INFO ][2015-11-19 11:10:52,317][com.java.SeleniumDriver] [  797] - Test case being Executed: 6
[INFO ][2015-11-19 11:10:52,317][com.java.SeleniumDriver] [  808] - Test step:56
[INFO ][2015-11-19 11:10:52,317][com.java.SeleniumDriver] [  820] - Datavalue is----------null
[DEBUG][2015-11-19 11:10:52,317][com.java.SeleniumDriver] [  838] - Exception: null
[INFO ][2015-11-19 11:10:52,317][com.java.SeleniumDriver] [  844] - DataField : XPH//button[contains(text(), 'Save')]
[INFO ][2015-11-19 11:10:52,317][com.java.SeleniumDriver] [  846] - DataValue : 
[INFO ][2015-11-19 11:10:52,317][com.java.SeleniumDriver] [  852] - <In Set values of the page>
[INFO ][2015-11-19 11:10:52,317][com.java.SeleniumDriver] [  855] - {Data Fields & Data Values Exist}
[INFO ][2015-11-19 11:10:52,317][com.java.SeleniumDriver] [  857] - --------------------------setting values-----------------------------
[INFO ][2015-11-19 11:10:52,317][com.java.SeleniumDriver] [  860] - Action Type : click
[INFO ][2015-11-19 11:10:52,317][com.java.TestType] [ 4774] - Field ::XPH//button[contains(text(), 'Save')]
[INFO ][2015-11-19 11:10:53,317][com.java.TestType] [ 4833] - BEFORE CLICK
[INFO ][2015-11-19 11:10:54,202][com.java.TestType] [ 4841] - Unable to click the object save button
[INFO ][2015-11-19 11:10:54,202][com.java.SeleniumDriver] [  869] -  RESULT true
[INFO ][2015-11-19 11:10:54,202][com.java.SeleniumDriver] [ 1074] - ?   P A S S   ?
[INFO ][2015-11-19 11:10:54,202][com.java.SeleniumDriver] [  796] - ------------------------------------------
[INFO ][2015-11-19 11:10:54,202][com.java.SeleniumDriver] [  797] - Test case being Executed: 6
[INFO ][2015-11-19 11:10:54,202][com.java.SeleniumDriver] [  808] - Test step:57
[INFO ][2015-11-19 11:10:54,202][com.java.SeleniumDriver] [  820] - Datavalue is----------3
[INFO ][2015-11-19 11:10:54,202][com.java.SeleniumDriver] [  844] - DataField : XPH//a[contains(text(), 'Add Calculation')]
[INFO ][2015-11-19 11:10:54,202][com.java.SeleniumDriver] [  846] - DataValue : 3
[INFO ][2015-11-19 11:10:54,202][com.java.SeleniumDriver] [  852] - <In Set values of the page>
[INFO ][2015-11-19 11:10:54,202][com.java.SeleniumDriver] [  855] - {Data Fields & Data Values Exist}
[INFO ][2015-11-19 11:10:54,202][com.java.SeleniumDriver] [  857] - --------------------------setting values-----------------------------
[INFO ][2015-11-19 11:10:54,202][com.java.SeleniumDriver] [  860] - Action Type : waitforelement
[INFO ][2015-11-19 11:10:54,233][com.java.SeleniumDriver] [  869] -  RESULT true
[INFO ][2015-11-19 11:10:54,233][com.java.SeleniumDriver] [ 1074] - ?   P A S S   ?
[INFO ][2015-11-19 11:10:54,233][com.java.SeleniumDriver] [  796] - ------------------------------------------
[INFO ][2015-11-19 11:10:54,233][com.java.SeleniumDriver] [  797] - Test case being Executed: 6
[INFO ][2015-11-19 11:10:54,233][com.java.SeleniumDriver] [  808] - Test step:58
[INFO ][2015-11-19 11:10:54,233][com.java.SeleniumDriver] [  820] - Datavalue is----------HMVCal_Using_Precustoms
[INFO ][2015-11-19 11:10:54,233][com.java.SeleniumDriver] [  844] - DataField : MSG
[INFO ][2015-11-19 11:10:54,233][com.java.SeleniumDriver] [  846] - DataValue : HMVCal_Using_Precustoms
[INFO ][2015-11-19 11:10:54,233][com.java.SeleniumDriver] [  852] - <In Set values of the page>
[INFO ][2015-11-19 11:10:54,233][com.java.SeleniumDriver] [  855] - {Data Fields & Data Values Exist}
[INFO ][2015-11-19 11:10:54,233][com.java.SeleniumDriver] [  857] - --------------------------setting values-----------------------------
[INFO ][2015-11-19 11:10:54,233][com.java.SeleniumDriver] [  860] - Action Type : verify
[INFO ][2015-11-19 11:10:54,233][com.java.TestType] [ 5568] - field= MSG value= HMVCal_Using_Precustoms
[INFO ][2015-11-19 11:10:54,233][com.java.TestType] [ 4461] - value = A_VLTest67843
[DEBUG][2015-11-19 11:10:54,233][com.java.TestType] [ 6337] - value :: A_VLTest67843
[INFO ][2015-11-19 11:10:54,253][com.java.SeleniumDriver] [  869] -  RESULT true
[INFO ][2015-11-19 11:10:54,253][com.java.SeleniumDriver] [ 1074] - ?   P A S S   ?
[INFO ][2015-11-19 11:10:54,253][com.java.SeleniumDriver] [  796] - ------------------------------------------
[INFO ][2015-11-19 11:10:54,253][com.java.SeleniumDriver] [  797] - Test case being Executed: 6
[INFO ][2015-11-19 11:10:54,253][com.java.SeleniumDriver] [  808] - Test step:59
[INFO ][2015-11-19 11:10:54,253][com.java.SeleniumDriver] [  820] - Datavalue is----------null
[DEBUG][2015-11-19 11:10:54,253][com.java.SeleniumDriver] [  838] - Exception: null
[INFO ][2015-11-19 11:10:54,253][com.java.SeleniumDriver] [  844] - DataField : BTNparent
[INFO ][2015-11-19 11:10:54,253][com.java.SeleniumDriver] [  846] - DataValue : 
[INFO ][2015-11-19 11:10:54,253][com.java.SeleniumDriver] [  852] - <In Set values of the page>
[INFO ][2015-11-19 11:10:54,253][com.java.SeleniumDriver] [  855] - {Data Fields & Data Values Exist}
[INFO ][2015-11-19 11:10:54,253][com.java.SeleniumDriver] [  857] - --------------------------setting values-----------------------------
[INFO ][2015-11-19 11:10:54,253][com.java.SeleniumDriver] [  860] - Action Type : SELECTFRAME
[INFO ][2015-11-19 11:10:54,263][com.java.SeleniumDriver] [  869] -  RESULT true
[INFO ][2015-11-19 11:10:54,263][com.java.SeleniumDriver] [ 1074] - ?   P A S S   ?
[INFO ][2015-11-19 11:10:54,263][com.java.SeleniumDriver] [  796] - ------------------------------------------
[INFO ][2015-11-19 11:10:54,263][com.java.SeleniumDriver] [  797] - Test case being Executed: 6
[INFO ][2015-11-19 11:10:54,263][com.java.SeleniumDriver] [  808] - Test step:60
[INFO ][2015-11-19 11:10:54,263][com.java.SeleniumDriver] [  820] - Datavalue is----------CNS
[INFO ][2015-11-19 11:10:54,263][com.java.SeleniumDriver] [  844] - DataField : BNK//select[@id='bank']
[INFO ][2015-11-19 11:10:54,263][com.java.SeleniumDriver] [  846] - DataValue : CNS
[INFO ][2015-11-19 11:10:54,263][com.java.SeleniumDriver] [  852] - <In Set values of the page>
[INFO ][2015-11-19 11:10:54,263][com.java.SeleniumDriver] [  855] - {Data Fields & Data Values Exist}
[INFO ][2015-11-19 11:10:54,263][com.java.SeleniumDriver] [  857] - --------------------------setting values-----------------------------
[INFO ][2015-11-19 11:10:54,263][com.java.SeleniumDriver] [  860] - Action Type : SELECT
[INFO ][2015-11-19 11:10:54,263][com.java.TestType] [ 4461] - value = CNS
[INFO ][2015-11-19 11:10:54,668][com.java.SeleniumDriver] [  869] -  RESULT true
[INFO ][2015-11-19 11:10:54,668][com.java.SeleniumDriver] [ 1074] - ?   P A S S   ?
[INFO ][2015-11-19 11:10:54,668][com.java.SeleniumDriver] [  796] - ------------------------------------------
[INFO ][2015-11-19 11:10:54,668][com.java.SeleniumDriver] [  797] - Test case being Executed: 6
[INFO ][2015-11-19 11:10:54,668][com.java.SeleniumDriver] [  808] - Test step:61
[INFO ][2015-11-19 11:10:54,668][com.java.SeleniumDriver] [  820] - Datavalue is----------3
[INFO ][2015-11-19 11:10:54,668][com.java.SeleniumDriver] [  844] - DataField : XPH//div[contains(text(),'My Dashboard')]
[INFO ][2015-11-19 11:10:54,668][com.java.SeleniumDriver] [  846] - DataValue : 3
[INFO ][2015-11-19 11:10:54,668][com.java.SeleniumDriver] [  852] - <In Set values of the page>
[INFO ][2015-11-19 11:10:54,668][com.java.SeleniumDriver] [  855] - {Data Fields & Data Values Exist}
[INFO ][2015-11-19 11:10:54,668][com.java.SeleniumDriver] [  857] - --------------------------setting values-----------------------------
[INFO ][2015-11-19 11:10:54,668][com.java.SeleniumDriver] [  860] - Action Type : waitforelement
[INFO ][2015-11-19 11:10:54,753][com.java.SeleniumDriver] [  869] -  RESULT true
[INFO ][2015-11-19 11:10:54,753][com.java.SeleniumDriver] [ 1074] - ?   P A S S   ?
[INFO ][2015-11-19 11:10:54,753][com.java.SeleniumDriver] [  796] - ------------------------------------------
[INFO ][2015-11-19 11:10:54,753][com.java.SeleniumDriver] [  797] - Test case being Executed: 6
[INFO ][2015-11-19 11:10:54,753][com.java.SeleniumDriver] [  808] - Test step:62
[INFO ][2015-11-19 11:10:54,753][com.java.SeleniumDriver] [  820] - Datavalue is----------My Dashboard
[INFO ][2015-11-19 11:10:54,753][com.java.SeleniumDriver] [  844] - DataField : MSG
[INFO ][2015-11-19 11:10:54,753][com.java.SeleniumDriver] [  846] - DataValue : My Dashboard
[INFO ][2015-11-19 11:10:54,753][com.java.SeleniumDriver] [  852] - <In Set values of the page>
[INFO ][2015-11-19 11:10:54,753][com.java.SeleniumDriver] [  855] - {Data Fields & Data Values Exist}
[INFO ][2015-11-19 11:10:54,753][com.java.SeleniumDriver] [  857] - --------------------------setting values-----------------------------
[INFO ][2015-11-19 11:10:54,753][com.java.SeleniumDriver] [  860] - Action Type : Verify
[INFO ][2015-11-19 11:10:54,753][com.java.TestType] [ 5568] - field= MSG value= My Dashboard
[INFO ][2015-11-19 11:10:54,753][com.java.TestType] [ 4461] - value = My Dashboard
[DEBUG][2015-11-19 11:10:54,753][com.java.TestType] [ 6337] - value :: My Dashboard
[INFO ][2015-11-19 11:10:54,823][com.java.SeleniumDriver] [  869] -  RESULT true
[INFO ][2015-11-19 11:10:54,823][com.java.SeleniumDriver] [ 1074] - ?   P A S S   ?
[INFO ][2015-11-19 11:10:54,823][com.java.SeleniumDriver] [  796] - ------------------------------------------
[INFO ][2015-11-19 11:10:54,823][com.java.SeleniumDriver] [  797] - Test case being Executed: 6
[INFO ][2015-11-19 11:10:54,823][com.java.SeleniumDriver] [  808] - Test step:63
[INFO ][2015-11-19 11:10:54,823][com.java.SeleniumDriver] [  820] - Datavalue is----------null
[DEBUG][2015-11-19 11:10:54,823][com.java.SeleniumDriver] [  838] - Exception: null
[INFO ][2015-11-19 11:10:54,823][com.java.SeleniumDriver] [  844] - DataField : //span[@class='icon-hammer']&&//a[text()='Custom Calculations']
[INFO ][2015-11-19 11:10:54,823][com.java.SeleniumDriver] [  846] - DataValue : 
[INFO ][2015-11-19 11:10:54,823][com.java.SeleniumDriver] [  852] - <In Set values of the page>
[INFO ][2015-11-19 11:10:54,823][com.java.SeleniumDriver] [  855] - {Data Fields & Data Values Exist}
[INFO ][2015-11-19 11:10:54,823][com.java.SeleniumDriver] [  857] - --------------------------setting values-----------------------------
[INFO ][2015-11-19 11:10:54,823][com.java.SeleniumDriver] [  860] - Action Type : MOUSEOVER
[INFO ][2015-11-19 11:11:25,502][com.java.SeleniumDriver] [  869] -  RESULT true
[INFO ][2015-11-19 11:11:25,502][com.java.SeleniumDriver] [ 1074] - ?   P A S S   ?
[INFO ][2015-11-19 11:11:25,502][com.java.SeleniumDriver] [  796] - ------------------------------------------
[INFO ][2015-11-19 11:11:25,502][com.java.SeleniumDriver] [  797] - Test case being Executed: 6
[INFO ][2015-11-19 11:11:25,502][com.java.SeleniumDriver] [  808] - Test step:64
[INFO ][2015-11-19 11:11:25,502][com.java.SeleniumDriver] [  820] - Datavalue is----------null
[DEBUG][2015-11-19 11:11:25,502][com.java.SeleniumDriver] [  838] - Exception: null
[INFO ][2015-11-19 11:11:25,502][com.java.SeleniumDriver] [  844] - DataField : BTN//iframe[@class='frameTabContent']
[INFO ][2015-11-19 11:11:25,502][com.java.SeleniumDriver] [  846] - DataValue : 
[INFO ][2015-11-19 11:11:25,502][com.java.SeleniumDriver] [  852] - <In Set values of the page>
[INFO ][2015-11-19 11:11:25,502][com.java.SeleniumDriver] [  855] - {Data Fields & Data Values Exist}
[INFO ][2015-11-19 11:11:25,502][com.java.SeleniumDriver] [  857] - --------------------------setting values-----------------------------
[INFO ][2015-11-19 11:11:25,502][com.java.SeleniumDriver] [  860] - Action Type : SELECTFRAME
[INFO ][2015-11-19 11:11:25,583][com.java.SeleniumDriver] [  869] -  RESULT true
[INFO ][2015-11-19 11:11:25,583][com.java.SeleniumDriver] [ 1074] - ?   P A S S   ?
[INFO ][2015-11-19 11:11:25,583][com.java.SeleniumDriver] [  796] - ------------------------------------------
[INFO ][2015-11-19 11:11:25,583][com.java.SeleniumDriver] [  797] - Test case being Executed: 6
[INFO ][2015-11-19 11:11:25,583][com.java.SeleniumDriver] [  808] - Test step:65
[INFO ][2015-11-19 11:11:25,583][com.java.SeleniumDriver] [  820] - Datavalue is----------Custom Calculations
[INFO ][2015-11-19 11:11:25,583][com.java.SeleniumDriver] [  844] - DataField : MSG
[INFO ][2015-11-19 11:11:25,583][com.java.SeleniumDriver] [  846] - DataValue : Custom Calculations
[INFO ][2015-11-19 11:11:25,583][com.java.SeleniumDriver] [  852] - <In Set values of the page>
[INFO ][2015-11-19 11:11:25,583][com.java.SeleniumDriver] [  855] - {Data Fields & Data Values Exist}
[INFO ][2015-11-19 11:11:25,583][com.java.SeleniumDriver] [  857] - --------------------------setting values-----------------------------
[INFO ][2015-11-19 11:11:25,583][com.java.SeleniumDriver] [  860] - Action Type : Verify
[INFO ][2015-11-19 11:11:25,583][com.java.TestType] [ 5568] - field= MSG value= Custom Calculations
[INFO ][2015-11-19 11:11:25,583][com.java.TestType] [ 4461] - value = Custom Calculations
[DEBUG][2015-11-19 11:11:25,583][com.java.TestType] [ 6337] - value :: Custom Calculations
[ERROR][2015-11-19 11:11:25,593][com.java.TestType] [ 6342] - Assertion Error: 
[INFO ][2015-11-19 11:11:25,593][com.java.SeleniumDriver] [  869] -  RESULT false
[INFO ][2015-11-19 11:11:25,593][com.java.SeleniumDriver] [  916] - ?   F A I L   ?
[INFO ][2015-11-19 11:11:25,593][com.java.SeleniumDriver] [  924] - Browser Type : IE10
[INFO ][2015-11-19 11:11:25,593][com.java.SeleniumDriver] [  925] - Adding Failed case6
[INFO ][2015-11-19 11:11:26,333][com.java.SeleniumDriver] [ 1038] - failedCases = 6
[ERROR][2015-11-19 11:11:26,333][com.java.SeleniumDriver] [ 1525] - Platform Errors : Our apologies...::We have encountered an issue with your request.::Our apologies?:We encountered an issue with your request.
[INFO ][2015-11-19 11:11:26,333][com.java.SeleniumDriver] [ 1529] - Length =3
[ERROR][2015-11-19 11:11:26,333][com.java.SeleniumDriver] [ 1532] - Error 0 = Our apologies...
[ERROR][2015-11-19 11:11:26,353][com.java.SeleniumDriver] [ 1532] - Error 1 = We have encountered an issue with your request.
[ERROR][2015-11-19 11:11:26,363][com.java.SeleniumDriver] [ 1532] - Error 2 = Our apologies?:We encountered an issue with your request.
[DEBUG][2015-11-19 11:11:26,383][com.java.SeleniumDriver] [ 1176] - Case found
[DEBUG][2015-11-19 11:11:26,383][com.java.SeleniumDriver] [ 1181] - Incrementing ReportCounters[0]:2
[INFO ][2015-11-19 11:11:26,383][com.java.SeleniumDriver] [ 1200] - The results are-------------------[6, 65, Add Custom Calculation, Fail, 
Test case failed at Step No. :: 65   Error Message ::  . Screen Shot : D:\BankersDashboard\TestReports\111915\6_111915_111125_IE10.png, Thu Nov 19 11:11:26 IST 2015]
[INFO ][2015-11-19 11:11:26,383][com.java.SeleniumDriver] [ 1204] - End time is-------4 min 7 sec
[INFO ][2015-11-19 11:11:26,383][com.java.SeleniumDriver] [ 1205] - The results are-------------------[6, 65, Add Custom Calculation, Fail, 
Test case failed at Step No. :: 65   Error Message ::  . Screen Shot : D:\BankersDashboard\TestReports\111915\6_111915_111125_IE10.png, Thu Nov 19 11:11:26 IST 2015]
[DEBUG][2015-11-19 11:11:26,383][com.java.ImportnExport.ExportTestResultsExcel] [  222] - testResultPath = D:\BankersDashboard/TestReports/Test Results_BankersDashBoard_111915_110721_IE10_Simmons First National Bank.xls
[DEBUG][2015-11-19 11:11:26,383][com.java.ImportnExport.ExportTestResultsExcel] [  223] - browser is------------IE10
[DEBUG][2015-11-19 11:11:26,383][com.java.ImportnExport.ExportTestResultsExcel] [  270] - result.size() = 6
[DEBUG][2015-11-19 11:11:26,383][com.java.ImportnExport.ExportTestResultsExcel] [  274] - No of rows in sheet=2
[DEBUG][2015-11-19 11:11:26,383][com.java.ImportnExport.ExportTestResultsExcel] [  301] - ..in export..6
[DEBUG][2015-11-19 11:11:26,383][com.java.ImportnExport.ExportTestResultsExcel] [  301] - ..in export..Add Custom Calculation
[DEBUG][2015-11-19 11:11:26,383][com.java.ImportnExport.ExportTestResultsExcel] [  301] - ..in export..Fail
[DEBUG][2015-11-19 11:11:26,383][com.java.ImportnExport.ExportTestResultsExcel] [  301] - ..in export..
Test case failed at Step No. :: 65   Error Message ::  . Screen Shot : D:\BankersDashboard\TestReports\111915\6_111915_111125_IE10.png
[DEBUG][2015-11-19 11:11:26,383][com.java.ImportnExport.ExportTestResultsExcel] [  301] - ..in export..Thu Nov 19 11:11:26 IST 2015
[INFO ][2015-11-19 11:11:26,383][com.java.SeleniumDriver] [ 1263] - out loop:1 size:2 TestCases:[1, 6] testcases:[1, 6]
[INFO ][2015-11-19 11:11:28,383][com.java.SeleniumDriver] [ 1306] - Total Number of Cases:2
[INFO ][2015-11-19 11:11:28,383][com.java.TemplateGenerator] [  302] - Executed:2
[INFO ][2015-11-19 11:11:28,383][com.java.TemplateGenerator] [  303] - Passed:1
[INFO ][2015-11-19 11:11:28,383][com.java.TemplateGenerator] [  304] - Failed:1
[INFO ][2015-11-19 11:11:28,383][com.java.TemplateGenerator] [  305] - Skipeed:0
[INFO ][2015-11-19 11:11:28,383][com.java.TemplateGenerator] [  306] - Application URL:https://clients-xuat.bankersdashboard.com
[INFO ][2015-11-19 11:11:28,383][com.java.TemplateGenerator] [  307] - Start Time:111915_110721
[INFO ][2015-11-19 11:11:28,383][com.java.TemplateGenerator] [  308] -  Creating HTML Report 
[ERROR][2015-11-19 11:11:28,383][com.java.TemplateGenerator] [  409] - Unparseable date: "Thu Nov 19 11:07:21 IST 2015"
[INFO ][2015-11-19 11:11:28,383][com.java.TemplateGenerator] [  654] -  Exporting case :: 1
[INFO ][2015-11-19 11:11:28,383][com.java.TemplateGenerator] [  654] -  Exporting case :: 6
[INFO ][2015-11-19 11:11:28,383][com.java.SeleniumDriver] [ 1355] - End Time:111915_111128
[INFO ][2015-11-19 11:11:28,383][com.java.SeleniumDriver] [ 1358] - Data in Test Execution Details:{1=PASS, 6=FAILTest case failed at Step No. :: 65   Error Message ::  }
[INFO ][2015-11-19 11:11:28,383][com.java.SeleniumDriver] [ 1359] - Data in Failed Execution Deatils:{}
[INFO ][2015-11-19 11:11:28,383][com.java.SeleniumDriver] [ 1361] - ReportCounter:Total:2 :: PASS: 1 ::FAIL: 1
[INFO ][2015-11-19 11:11:28,383][com.java.SeleniumDriver] [ 1362] - FailedReportCounter:Total:0 :: PASS: 0 ::FAIL: 0
[INFO ][2015-11-19 11:11:28,384][com.java.EmailTestReport] [   63] - Sending report mail details:
[INFO ][2015-11-19 11:11:28,384][com.java.EmailTestReport] [   80] - Excel Report Path:D:\BankersDashboard/TestReports/Test Results_BankersDashBoard_111915_110721_IE10_Simmons First National Bank.xls
[INFO ][2015-11-19 11:11:28,384][com.java.EmailTestReport] [   81] - HTML Report Path:D:\BankersDashboard//TestReports//Test Results_BankersDashBoard_111915_110721_IE10_Simmons First National Bank.html
[INFO ][2015-11-19 11:11:28,384][com.java.EmailTestReport] [   82] - smtpHostName:mail01.valuelabs.com
[INFO ][2015-11-19 11:11:28,384][com.java.EmailTestReport] [   83] - Recipient:venkateswararao.gubbala@valuelabs.com;
[INFO ][2015-11-19 11:11:28,384][com.java.EmailTestReport] [   84] - From:venkateswararao.gubbala@valuelabs.com;
[INFO ][2015-11-19 11:11:28,384][com.java.EmailTestReport] [   85] - Subject:Deluxe Corp Bankers Dashboard Automation Test Report - Simmons First National Bank - IE10
[INFO ][2015-11-19 11:11:28,404][com.java.EmailTestReport] [  143] -  Added venkateswararao.gubbala@valuelabs.com
[INFO ][2015-11-19 11:11:31,550][com.java.SeleniumDriver] [  719] - quitting the browser 
[INFO ][2015-11-19 11:11:33,247][com.java.SeleniumDriver] [  263] - Execution Completed Stopping the thread
