[INFO ][2015-11-09 22:39:52,079][com.java.SeleniumDriver] [  213] - Execute Failed Casesfalse
[INFO ][2015-11-09 22:39:52,079][com.java.SeleniumDriver] [  214] - Browser: IE11
[INFO ][2015-11-09 22:39:52,079][com.java.SeleniumDriver] [  215] - [1, 12]
[INFO ][2015-11-09 22:39:52,079][com.java.SeleniumDriver] [  216] - Total TestCases:2
[INFO ][2015-11-09 22:39:52,079][com.java.SeleniumDriver] [  217] -  Reading Properties from Property File 
[DEBUG][2015-11-09 22:39:52,079][com.java.SeleniumDriver] [  238] - url : https://clients-xuat.bankersdashboard.com
[INFO ][2015-11-09 22:39:52,079][com.java.ImportnExport.ExportTestResultsExcel] [  116] - Time Stamp Mon Nov 09 10:39:52 IST 2015
[INFO ][2015-11-09 22:39:52,079][com.java.ImportnExport.ExportTestResultsExcel] [  175] - OUT FILE : D:\BankersDashboard/TestReports/Test Results_BankersDashBoard_110915_223952_IE11_United Bank.xls
[INFO ][2015-11-09 22:39:52,110][com.java.ImportnExport.ExportTestResultsExcel] [  180] - Test Result file is created
[DEBUG][2015-11-09 22:39:52,210][com.java.SeleniumDriver] [  425] - Hub ip address is-------172.17.68.34
[INFO ][2015-11-09 22:39:52,210][com.java.SeleniumDriver] [  451] - Grid URL:http://172.17.68.34:4444/wd/hub
[INFO ][2015-11-09 22:39:52,210][com.java.SeleniumDriver] [  452] - Capability:Capabilities [{platform=ANY, ensureCleanSession=true, ignoreProtectedModeSettings=true, acceptSslCerts=true, ignoreZoomSetting=true, browserName=internet explorer, browserstack.ie.noFlash=true, version=Node1}]
[ERROR][2015-11-09 22:39:53,510][com.java.SeleniumDriver] [  496] - Unable invoke browser in grid:Could not start a new session. Possible causes are invalid address of the remote server or browser start-up failure.
Build info: version: '2.48.2', revision: '41bccdd', time: '2015-10-09 19:59:12'
System info: host: 'FVTIII438F1D', ip: '172.17.68.34', os.name: 'Windows 7', os.arch: 'x86', os.version: '6.1', java.version: '1.7.0_55'
Driver info: driver.version: SeleniumDriver
[INFO ][2015-11-09 22:39:53,510][com.java.SeleniumDriver] [  498] - Executing on local machine
[INFO ][2015-11-09 22:40:03,657][com.java.SeleniumDriver] [  248] - IE11is opened
[INFO ][2015-11-09 22:40:04,962][com.java.SeleniumDriver] [  753] - Test cases to be executed are: [1, 12]
[INFO ][2015-11-09 22:40:04,963][com.java.ImportnExport.ImportTestDataDetailsExcel] [   49] - test data details path===== D:\BankersDashboard\TestInputs\TestData.xls
[INFO ][2015-11-09 22:40:05,023][com.java.SeleniumDriver] [  796] - ------------------------------------------
[INFO ][2015-11-09 22:40:05,023][com.java.SeleniumDriver] [  797] - Test case being Executed: 1
[INFO ][2015-11-09 22:40:05,023][com.java.SeleniumDriver] [  808] - Test step:1
[INFO ][2015-11-09 22:40:05,023][com.java.SeleniumDriver] [  820] - Datavalue is----------Concept#1:1-14
[INFO ][2015-11-09 22:40:05,023][com.java.SeleniumDriver] [  844] - DataField : test
[INFO ][2015-11-09 22:40:05,023][com.java.SeleniumDriver] [  846] - DataValue : Concept#1:1-14
[INFO ][2015-11-09 22:40:05,023][com.java.SeleniumDriver] [  852] - <In Set values of the page>
[INFO ][2015-11-09 22:40:05,023][com.java.SeleniumDriver] [  855] - {Data Fields & Data Values Exist}
[INFO ][2015-11-09 22:40:05,023][com.java.SeleniumDriver] [  857] - --------------------------setting values-----------------------------
[INFO ][2015-11-09 22:40:05,023][com.java.SeleniumDriver] [  860] - Action Type : ExecuteTestCase
[INFO ][2015-11-09 22:40:05,033][com.java.TestType] [  422] - The Concept sheet name is ---------- Concept
[INFO ][2015-11-09 22:40:05,033][com.java.TestType] [  425] - The Concept ID  is ---------- 1
[DEBUG][2015-11-09 22:40:05,033][com.java.TestType] [  429] - Steps being executted in the Concept are: 1:14
[INFO ][2015-11-09 22:40:05,033][com.java.TestType] [  436] - Test data details path ---------- D:\BankersDashboard\TestInputs\TestData.xls
[INFO ][2015-11-09 22:40:05,073][com.java.TestType] [  467] -  str(1) = 1
[INFO ][2015-11-09 22:40:05,073][com.java.TestType] [  470] - Test case Id is---1
[INFO ][2015-11-09 22:40:05,073][com.java.TestType] [  472] - 1
[INFO ][2015-11-09 22:40:05,073][com.java.TestType] [  467] -  str(2) = 1
[INFO ][2015-11-09 22:40:05,073][com.java.TestType] [  519] - row values are--------{1=com.java.Objects.TestDataDetails@2daa2c}
[INFO ][2015-11-09 22:40:05,073][com.java.TestType] [  467] -  str(1) = 1
[INFO ][2015-11-09 22:40:05,073][com.java.TestType] [  470] - Test case Id is---1
[INFO ][2015-11-09 22:40:05,073][com.java.TestType] [  472] - 1
[INFO ][2015-11-09 22:40:05,073][com.java.TestType] [  467] -  str(2) = 2
[INFO ][2015-11-09 22:40:05,073][com.java.TestType] [  519] - row values are--------{1=com.java.Objects.TestDataDetails@2daa2c, 2=com.java.Objects.TestDataDetails@1294564}
[INFO ][2015-11-09 22:40:05,083][com.java.TestType] [  467] -  str(1) = 1
[INFO ][2015-11-09 22:40:05,083][com.java.TestType] [  470] - Test case Id is---1
[INFO ][2015-11-09 22:40:05,083][com.java.TestType] [  472] - 1
[INFO ][2015-11-09 22:40:05,083][com.java.TestType] [  467] -  str(2) = 3
[INFO ][2015-11-09 22:40:05,083][com.java.TestType] [  519] - row values are--------{1=com.java.Objects.TestDataDetails@2daa2c, 2=com.java.Objects.TestDataDetails@1294564, 3=com.java.Objects.TestDataDetails@c31037}
[INFO ][2015-11-09 22:40:05,083][com.java.TestType] [  467] -  str(1) = 1
[INFO ][2015-11-09 22:40:05,083][com.java.TestType] [  470] - Test case Id is---1
[INFO ][2015-11-09 22:40:05,083][com.java.TestType] [  472] - 1
[INFO ][2015-11-09 22:40:05,083][com.java.TestType] [  467] -  str(2) = 4
[INFO ][2015-11-09 22:40:05,083][com.java.TestType] [  519] - row values are--------{1=com.java.Objects.TestDataDetails@2daa2c, 2=com.java.Objects.TestDataDetails@1294564, 3=com.java.Objects.TestDataDetails@c31037, 4=com.java.Objects.TestDataDetails@ad5b0c}
[INFO ][2015-11-09 22:40:05,083][com.java.TestType] [  467] -  str(1) = 1
[INFO ][2015-11-09 22:40:05,083][com.java.TestType] [  470] - Test case Id is---1
[INFO ][2015-11-09 22:40:05,083][com.java.TestType] [  472] - 1
[INFO ][2015-11-09 22:40:05,083][com.java.TestType] [  467] -  str(2) = 5
[INFO ][2015-11-09 22:40:05,083][com.java.TestType] [  519] - row values are--------{1=com.java.Objects.TestDataDetails@2daa2c, 2=com.java.Objects.TestDataDetails@1294564, 3=com.java.Objects.TestDataDetails@c31037, 4=com.java.Objects.TestDataDetails@ad5b0c, 5=com.java.Objects.TestDataDetails@19fc0de}
[INFO ][2015-11-09 22:40:05,083][com.java.TestType] [  467] -  str(1) = 1
[INFO ][2015-11-09 22:40:05,083][com.java.TestType] [  470] - Test case Id is---1
[INFO ][2015-11-09 22:40:05,083][com.java.TestType] [  472] - 1
[INFO ][2015-11-09 22:40:05,083][com.java.TestType] [  467] -  str(2) = 6
[INFO ][2015-11-09 22:40:05,083][com.java.TestType] [  519] - row values are--------{1=com.java.Objects.TestDataDetails@2daa2c, 2=com.java.Objects.TestDataDetails@1294564, 3=com.java.Objects.TestDataDetails@c31037, 4=com.java.Objects.TestDataDetails@ad5b0c, 5=com.java.Objects.TestDataDetails@19fc0de, 6=com.java.Objects.TestDataDetails@9ac1e4}
[INFO ][2015-11-09 22:40:05,083][com.java.TestType] [  467] -  str(1) = 1
[INFO ][2015-11-09 22:40:05,083][com.java.TestType] [  470] - Test case Id is---1
[INFO ][2015-11-09 22:40:05,083][com.java.TestType] [  472] - 1
[INFO ][2015-11-09 22:40:05,083][com.java.TestType] [  467] -  str(2) = 7
[INFO ][2015-11-09 22:40:05,083][com.java.TestType] [  519] - row values are--------{1=com.java.Objects.TestDataDetails@2daa2c, 2=com.java.Objects.TestDataDetails@1294564, 3=com.java.Objects.TestDataDetails@c31037, 4=com.java.Objects.TestDataDetails@ad5b0c, 5=com.java.Objects.TestDataDetails@19fc0de, 6=com.java.Objects.TestDataDetails@9ac1e4, 7=com.java.Objects.TestDataDetails@19f04af}
[INFO ][2015-11-09 22:40:05,083][com.java.TestType] [  467] -  str(1) = 1
[INFO ][2015-11-09 22:40:05,083][com.java.TestType] [  470] - Test case Id is---1
[INFO ][2015-11-09 22:40:05,083][com.java.TestType] [  472] - 1
[INFO ][2015-11-09 22:40:05,083][com.java.TestType] [  467] -  str(2) = 8
[INFO ][2015-11-09 22:40:05,093][com.java.TestType] [  519] - row values are--------{1=com.java.Objects.TestDataDetails@2daa2c, 2=com.java.Objects.TestDataDetails@1294564, 3=com.java.Objects.TestDataDetails@c31037, 4=com.java.Objects.TestDataDetails@ad5b0c, 5=com.java.Objects.TestDataDetails@19fc0de, 6=com.java.Objects.TestDataDetails@9ac1e4, 7=com.java.Objects.TestDataDetails@19f04af, 8=com.java.Objects.TestDataDetails@1f6015}
[INFO ][2015-11-09 22:40:05,093][com.java.TestType] [  467] -  str(1) = 1
[INFO ][2015-11-09 22:40:05,093][com.java.TestType] [  470] - Test case Id is---1
[INFO ][2015-11-09 22:40:05,093][com.java.TestType] [  472] - 1
[INFO ][2015-11-09 22:40:05,093][com.java.TestType] [  467] -  str(2) = 9
[INFO ][2015-11-09 22:40:05,093][com.java.TestType] [  519] - row values are--------{1=com.java.Objects.TestDataDetails@2daa2c, 2=com.java.Objects.TestDataDetails@1294564, 3=com.java.Objects.TestDataDetails@c31037, 4=com.java.Objects.TestDataDetails@ad5b0c, 5=com.java.Objects.TestDataDetails@19fc0de, 6=com.java.Objects.TestDataDetails@9ac1e4, 7=com.java.Objects.TestDataDetails@19f04af, 8=com.java.Objects.TestDataDetails@1f6015, 9=com.java.Objects.TestDataDetails@2a235c}
[INFO ][2015-11-09 22:40:05,093][com.java.TestType] [  467] -  str(1) = 1
[INFO ][2015-11-09 22:40:05,093][com.java.TestType] [  470] - Test case Id is---1
[INFO ][2015-11-09 22:40:05,093][com.java.TestType] [  472] - 1
[INFO ][2015-11-09 22:40:05,093][com.java.TestType] [  467] -  str(2) = 10
[INFO ][2015-11-09 22:40:05,093][com.java.TestType] [  519] - row values are--------{1=com.java.Objects.TestDataDetails@2daa2c, 2=com.java.Objects.TestDataDetails@1294564, 3=com.java.Objects.TestDataDetails@c31037, 4=com.java.Objects.TestDataDetails@ad5b0c, 5=com.java.Objects.TestDataDetails@19fc0de, 6=com.java.Objects.TestDataDetails@9ac1e4, 7=com.java.Objects.TestDataDetails@19f04af, 8=com.java.Objects.TestDataDetails@1f6015, 9=com.java.Objects.TestDataDetails@2a235c, 10=com.java.Objects.TestDataDetails@49f1cb}
[INFO ][2015-11-09 22:40:05,093][com.java.TestType] [  467] -  str(1) = 1
[INFO ][2015-11-09 22:40:05,093][com.java.TestType] [  470] - Test case Id is---1
[INFO ][2015-11-09 22:40:05,093][com.java.TestType] [  472] - 1
[INFO ][2015-11-09 22:40:05,093][com.java.TestType] [  467] -  str(2) = 11
[INFO ][2015-11-09 22:40:05,093][com.java.TestType] [  519] - row values are--------{1=com.java.Objects.TestDataDetails@2daa2c, 2=com.java.Objects.TestDataDetails@1294564, 3=com.java.Objects.TestDataDetails@c31037, 4=com.java.Objects.TestDataDetails@ad5b0c, 5=com.java.Objects.TestDataDetails@19fc0de, 6=com.java.Objects.TestDataDetails@9ac1e4, 7=com.java.Objects.TestDataDetails@19f04af, 8=com.java.Objects.TestDataDetails@1f6015, 9=com.java.Objects.TestDataDetails@2a235c, 10=com.java.Objects.TestDataDetails@49f1cb, 11=com.java.Objects.TestDataDetails@1b90043}
[INFO ][2015-11-09 22:40:05,093][com.java.TestType] [  467] -  str(1) = 1
[INFO ][2015-11-09 22:40:05,093][com.java.TestType] [  470] - Test case Id is---1
[INFO ][2015-11-09 22:40:05,093][com.java.TestType] [  472] - 1
[INFO ][2015-11-09 22:40:05,093][com.java.TestType] [  467] -  str(2) = 12
[INFO ][2015-11-09 22:40:05,093][com.java.TestType] [  519] - row values are--------{1=com.java.Objects.TestDataDetails@2daa2c, 2=com.java.Objects.TestDataDetails@1294564, 3=com.java.Objects.TestDataDetails@c31037, 4=com.java.Objects.TestDataDetails@ad5b0c, 5=com.java.Objects.TestDataDetails@19fc0de, 6=com.java.Objects.TestDataDetails@9ac1e4, 7=com.java.Objects.TestDataDetails@19f04af, 8=com.java.Objects.TestDataDetails@1f6015, 9=com.java.Objects.TestDataDetails@2a235c, 10=com.java.Objects.TestDataDetails@49f1cb, 11=com.java.Objects.TestDataDetails@1b90043, 12=com.java.Objects.TestDataDetails@136640f}
[INFO ][2015-11-09 22:40:05,093][com.java.TestType] [  467] -  str(1) = 1
[INFO ][2015-11-09 22:40:05,093][com.java.TestType] [  470] - Test case Id is---1
[INFO ][2015-11-09 22:40:05,093][com.java.TestType] [  472] - 1
[INFO ][2015-11-09 22:40:05,093][com.java.TestType] [  467] -  str(2) = 13
[INFO ][2015-11-09 22:40:05,093][com.java.TestType] [  519] - row values are--------{1=com.java.Objects.TestDataDetails@2daa2c, 2=com.java.Objects.TestDataDetails@1294564, 3=com.java.Objects.TestDataDetails@c31037, 4=com.java.Objects.TestDataDetails@ad5b0c, 5=com.java.Objects.TestDataDetails@19fc0de, 6=com.java.Objects.TestDataDetails@9ac1e4, 7=com.java.Objects.TestDataDetails@19f04af, 8=com.java.Objects.TestDataDetails@1f6015, 9=com.java.Objects.TestDataDetails@2a235c, 10=com.java.Objects.TestDataDetails@49f1cb, 11=com.java.Objects.TestDataDetails@1b90043, 12=com.java.Objects.TestDataDetails@136640f, 13=com.java.Objects.TestDataDetails@c47109}
[INFO ][2015-11-09 22:40:05,093][com.java.TestType] [  467] -  str(1) = 1
[INFO ][2015-11-09 22:40:05,093][com.java.TestType] [  470] - Test case Id is---1
[INFO ][2015-11-09 22:40:05,093][com.java.TestType] [  472] - 1
[INFO ][2015-11-09 22:40:05,093][com.java.TestType] [  467] -  str(2) = 14
[INFO ][2015-11-09 22:40:05,093][com.java.TestType] [  519] - row values are--------{1=com.java.Objects.TestDataDetails@2daa2c, 2=com.java.Objects.TestDataDetails@1294564, 3=com.java.Objects.TestDataDetails@c31037, 4=com.java.Objects.TestDataDetails@ad5b0c, 5=com.java.Objects.TestDataDetails@19fc0de, 6=com.java.Objects.TestDataDetails@9ac1e4, 7=com.java.Objects.TestDataDetails@19f04af, 8=com.java.Objects.TestDataDetails@1f6015, 9=com.java.Objects.TestDataDetails@2a235c, 10=com.java.Objects.TestDataDetails@49f1cb, 11=com.java.Objects.TestDataDetails@1b90043, 12=com.java.Objects.TestDataDetails@136640f, 13=com.java.Objects.TestDataDetails@c47109, 14=com.java.Objects.TestDataDetails@b004f2}
[INFO ][2015-11-09 22:40:05,093][com.java.TestType] [ 8289] - Looping 1TCID = 1
[DEBUG][2015-11-09 22:40:05,093][com.java.TestType] [ 8330] - Concept ID:1 :: Step being Executed: 1::1
[INFO ][2015-11-09 22:40:05,093][com.java.TestType] [ 8368] - dataFields : TXTusername
[DEBUG][2015-11-09 22:40:05,093][com.java.TestType] [ 8374] - <In Set values of the page>
[DEBUG][2015-11-09 22:40:05,093][com.java.TestType] [ 8379] - {Data Fields & Data Values Exist}
[INFO ][2015-11-09 22:40:05,103][com.java.TestType] [ 8385] - --------------------------setting values-----------------------------
[INFO ][2015-11-09 22:40:05,103][com.java.TestType] [ 8388] - Action Type : CLEARANDENTER
[INFO ][2015-11-09 22:40:05,103][com.java.TestType] [ 4139] - value = valuelabs.ie11.00058
[INFO ][2015-11-09 22:40:09,958][com.java.TestType] [ 8407] -  RESULT true
[INFO ][2015-11-09 22:40:09,958][com.java.TestType] [ 8524] - ?   P A S S   ?
[DEBUG][2015-11-09 22:40:09,958][com.java.TestType] [ 8330] - Concept ID:1 :: Step being Executed: 1::2
[INFO ][2015-11-09 22:40:09,958][com.java.TestType] [ 8368] - dataFields : TXTpassword
[DEBUG][2015-11-09 22:40:09,958][com.java.TestType] [ 8374] - <In Set values of the page>
[DEBUG][2015-11-09 22:40:09,958][com.java.TestType] [ 8379] - {Data Fields & Data Values Exist}
[INFO ][2015-11-09 22:40:09,958][com.java.TestType] [ 8385] - --------------------------setting values-----------------------------
[INFO ][2015-11-09 22:40:09,958][com.java.TestType] [ 8388] - Action Type : CLEARANDENTER
[INFO ][2015-11-09 22:40:09,958][com.java.TestType] [ 4139] - value = Password1*
[INFO ][2015-11-09 22:40:14,886][com.java.TestType] [ 8407] -  RESULT true
[INFO ][2015-11-09 22:40:14,886][com.java.TestType] [ 8524] - ?   P A S S   ?
[DEBUG][2015-11-09 22:40:14,886][com.java.TestType] [ 8330] - Concept ID:1 :: Step being Executed: 1::3
[ERROR][2015-11-09 22:40:14,886][com.java.TestType] [ 8363] - Exception: null
[INFO ][2015-11-09 22:40:14,886][com.java.TestType] [ 8368] - dataFields : XPH//button[@type='submit']
[DEBUG][2015-11-09 22:40:14,886][com.java.TestType] [ 8374] - <In Set values of the page>
[DEBUG][2015-11-09 22:40:14,886][com.java.TestType] [ 8379] - {Data Fields & Data Values Exist}
[INFO ][2015-11-09 22:40:14,886][com.java.TestType] [ 8385] - --------------------------setting values-----------------------------
[INFO ][2015-11-09 22:40:14,886][com.java.TestType] [ 8388] - Action Type : Click
[INFO ][2015-11-09 22:40:14,886][com.java.TestType] [ 4452] - Field ::XPH//button[@type='submit']
[INFO ][2015-11-09 22:40:15,886][com.java.TestType] [ 4511] - BEFORE CLICK
[INFO ][2015-11-09 22:40:16,753][com.java.TestType] [ 4519] - Unable to click the object Login
[INFO ][2015-11-09 22:40:16,753][com.java.TestType] [ 8407] -  RESULT true
[INFO ][2015-11-09 22:40:16,753][com.java.TestType] [ 8524] - ?   P A S S   ?
[DEBUG][2015-11-09 22:40:16,753][com.java.TestType] [ 8330] - Concept ID:1 :: Step being Executed: 1::4
[INFO ][2015-11-09 22:40:16,753][com.java.TestType] [ 8368] - dataFields : LNKLogout
[DEBUG][2015-11-09 22:40:16,753][com.java.TestType] [ 8374] - <In Set values of the page>
[DEBUG][2015-11-09 22:40:16,753][com.java.TestType] [ 8379] - {Data Fields & Data Values Exist}
[INFO ][2015-11-09 22:40:16,753][com.java.TestType] [ 8385] - --------------------------setting values-----------------------------
[INFO ][2015-11-09 22:40:16,753][com.java.TestType] [ 8388] - Action Type : WaitForElement
[INFO ][2015-11-09 22:40:28,329][com.java.TestType] [ 8407] -  RESULT true
[INFO ][2015-11-09 22:40:28,329][com.java.TestType] [ 8524] - ?   P A S S   ?
[DEBUG][2015-11-09 22:40:28,329][com.java.TestType] [ 8330] - Concept ID:1 :: Step being Executed: 1::13
[INFO ][2015-11-09 22:40:28,329][com.java.TestType] [ 8368] - dataFields : LNK
[DEBUG][2015-11-09 22:40:28,329][com.java.TestType] [ 8374] - <In Set values of the page>
[DEBUG][2015-11-09 22:40:28,329][com.java.TestType] [ 8379] - {Data Fields & Data Values Exist}
[INFO ][2015-11-09 22:40:28,329][com.java.TestType] [ 8385] - --------------------------setting values-----------------------------
[INFO ][2015-11-09 22:40:28,329][com.java.TestType] [ 8388] - Action Type : Verify
[INFO ][2015-11-09 22:40:28,329][com.java.TestType] [ 5265] - field= LNK value= Logout
[INFO ][2015-11-09 22:40:28,329][com.java.TestType] [ 4139] - value = Logout
[INFO ][2015-11-09 22:40:28,360][com.java.TestType] [ 8407] -  RESULT true
[INFO ][2015-11-09 22:40:28,360][com.java.TestType] [ 8524] - ?   P A S S   ?
[DEBUG][2015-11-09 22:40:28,360][com.java.TestType] [ 8330] - Concept ID:1 :: Step being Executed: 1::14
[INFO ][2015-11-09 22:40:28,360][com.java.TestType] [ 8368] - dataFields : BTN
[DEBUG][2015-11-09 22:40:28,360][com.java.TestType] [ 8374] - <In Set values of the page>
[DEBUG][2015-11-09 22:40:28,360][com.java.TestType] [ 8379] - {Data Fields & Data Values Exist}
[INFO ][2015-11-09 22:40:28,360][com.java.TestType] [ 8385] - --------------------------setting values-----------------------------
[INFO ][2015-11-09 22:40:28,360][com.java.TestType] [ 8388] - Action Type : Verify
[INFO ][2015-11-09 22:40:28,360][com.java.TestType] [ 5265] - field= BTN value= //img[contains(@src,'bdlogo.jpg')]
[INFO ][2015-11-09 22:40:28,360][com.java.TestType] [ 4139] - value = //img[contains(@src,'bdlogo.jpg')]
[INFO ][2015-11-09 22:40:28,390][com.java.TestType] [ 8407] -  RESULT true
[INFO ][2015-11-09 22:40:28,390][com.java.TestType] [ 8524] - ?   P A S S   ?
[INFO ][2015-11-09 22:40:28,390][com.java.TestType] [ 8595] - Looping End......
[INFO ][2015-11-09 22:40:28,390][com.java.SeleniumDriver] [  869] -  RESULT true
[INFO ][2015-11-09 22:40:28,390][com.java.SeleniumDriver] [ 1074] - ?   P A S S   ?
[INFO ][2015-11-09 22:40:28,390][com.java.SeleniumDriver] [  796] - ------------------------------------------
[INFO ][2015-11-09 22:40:28,390][com.java.SeleniumDriver] [  797] - Test case being Executed: 1
[INFO ][2015-11-09 22:40:28,390][com.java.SeleniumDriver] [  808] - Test step:2
[INFO ][2015-11-09 22:40:28,390][com.java.SeleniumDriver] [  820] - Datavalue is----------Concept#2:1-2
[INFO ][2015-11-09 22:40:28,390][com.java.SeleniumDriver] [  844] - DataField : test
[INFO ][2015-11-09 22:40:28,390][com.java.SeleniumDriver] [  846] - DataValue : Concept#2:1-2
[INFO ][2015-11-09 22:40:28,390][com.java.SeleniumDriver] [  852] - <In Set values of the page>
[INFO ][2015-11-09 22:40:28,390][com.java.SeleniumDriver] [  855] - {Data Fields & Data Values Exist}
[INFO ][2015-11-09 22:40:28,390][com.java.SeleniumDriver] [  857] - --------------------------setting values-----------------------------
[INFO ][2015-11-09 22:40:28,390][com.java.SeleniumDriver] [  860] - Action Type : ExecuteTestCase
[INFO ][2015-11-09 22:40:28,390][com.java.TestType] [  422] - The Concept sheet name is ---------- Concept
[INFO ][2015-11-09 22:40:28,390][com.java.TestType] [  425] - The Concept ID  is ---------- 2
[DEBUG][2015-11-09 22:40:28,390][com.java.TestType] [  429] - Steps being executted in the Concept are: 1:2
[INFO ][2015-11-09 22:40:28,390][com.java.TestType] [  436] - Test data details path ---------- D:\BankersDashboard\TestInputs\TestData.xls
[INFO ][2015-11-09 22:40:28,420][com.java.TestType] [  467] -  str(1) = 2
[INFO ][2015-11-09 22:40:28,420][com.java.TestType] [  470] - Test case Id is---2
[INFO ][2015-11-09 22:40:28,420][com.java.TestType] [  472] - 2
[INFO ][2015-11-09 22:40:28,420][com.java.TestType] [  467] -  str(2) = 1
[INFO ][2015-11-09 22:40:28,430][com.java.TestType] [  519] - row values are--------{1=com.java.Objects.TestDataDetails@1d32c54}
[INFO ][2015-11-09 22:40:28,430][com.java.TestType] [  467] -  str(1) = 2
[INFO ][2015-11-09 22:40:28,430][com.java.TestType] [  470] - Test case Id is---2
[INFO ][2015-11-09 22:40:28,430][com.java.TestType] [  472] - 2
[INFO ][2015-11-09 22:40:28,430][com.java.TestType] [  467] -  str(2) = 2
[INFO ][2015-11-09 22:40:28,430][com.java.TestType] [  519] - row values are--------{1=com.java.Objects.TestDataDetails@1d32c54, 2=com.java.Objects.TestDataDetails@4e2184}
[INFO ][2015-11-09 22:40:28,430][com.java.TestType] [  467] -  str(1) = 2
[INFO ][2015-11-09 22:40:28,430][com.java.TestType] [  470] - Test case Id is---2
[INFO ][2015-11-09 22:40:28,430][com.java.TestType] [  472] - 2
[INFO ][2015-11-09 22:40:28,430][com.java.TestType] [  467] -  str(2) = 3
[INFO ][2015-11-09 22:40:28,430][com.java.TestType] [  519] - row values are--------{1=com.java.Objects.TestDataDetails@1d32c54, 2=com.java.Objects.TestDataDetails@4e2184, 3=com.java.Objects.TestDataDetails@32f225}
[INFO ][2015-11-09 22:40:28,430][com.java.TestType] [ 8289] - Looping 1TCID = 2
[DEBUG][2015-11-09 22:40:28,430][com.java.TestType] [ 8330] - Concept ID:2 :: Step being Executed: 2::1
[INFO ][2015-11-09 22:40:28,430][com.java.TestType] [ 8368] - dataFields : BNK//select[@id='bank']
[DEBUG][2015-11-09 22:40:28,430][com.java.TestType] [ 8374] - <In Set values of the page>
[DEBUG][2015-11-09 22:40:28,430][com.java.TestType] [ 8379] - {Data Fields & Data Values Exist}
[INFO ][2015-11-09 22:40:28,430][com.java.TestType] [ 8385] - --------------------------setting values-----------------------------
[INFO ][2015-11-09 22:40:28,430][com.java.TestType] [ 8388] - Action Type : Select
[INFO ][2015-11-09 22:40:28,430][com.java.TestType] [ 4139] - value = PFC
[INFO ][2015-11-09 22:40:28,610][com.java.TestType] [ 8407] -  RESULT true
[INFO ][2015-11-09 22:40:28,610][com.java.TestType] [ 8524] - ?   P A S S   ?
[DEBUG][2015-11-09 22:40:28,610][com.java.TestType] [ 8330] - Concept ID:2 :: Step being Executed: 2::2
[INFO ][2015-11-09 22:40:28,610][com.java.TestType] [ 8368] - dataFields : LNKLogout
[DEBUG][2015-11-09 22:40:28,610][com.java.TestType] [ 8374] - <In Set values of the page>
[DEBUG][2015-11-09 22:40:28,610][com.java.TestType] [ 8379] - {Data Fields & Data Values Exist}
[INFO ][2015-11-09 22:40:28,610][com.java.TestType] [ 8385] - --------------------------setting values-----------------------------
[INFO ][2015-11-09 22:40:28,610][com.java.TestType] [ 8388] - Action Type : WaitTime
[DEBUG][2015-11-09 22:40:28,610][com.java.TestType] [ 3974] - sleepTime: 5000
[INFO ][2015-11-09 22:40:33,610][com.java.TestType] [ 8407] -  RESULT true
[INFO ][2015-11-09 22:40:33,610][com.java.TestType] [ 8524] - ?   P A S S   ?
[INFO ][2015-11-09 22:40:33,610][com.java.TestType] [ 8595] - Looping End......
[INFO ][2015-11-09 22:40:33,610][com.java.SeleniumDriver] [  869] -  RESULT true
[INFO ][2015-11-09 22:40:33,610][com.java.SeleniumDriver] [ 1074] - ?   P A S S   ?
[INFO ][2015-11-09 22:40:33,610][com.java.SeleniumDriver] [  796] - ------------------------------------------
[INFO ][2015-11-09 22:40:33,610][com.java.SeleniumDriver] [  797] - Test case being Executed: 1
[INFO ][2015-11-09 22:40:33,610][com.java.SeleniumDriver] [  808] - Test step:3
[INFO ][2015-11-09 22:40:33,610][com.java.SeleniumDriver] [  820] - Datavalue is----------2
[INFO ][2015-11-09 22:40:33,610][com.java.SeleniumDriver] [  844] - DataField : XPH//button[contains(text(),'Add Content')]
[INFO ][2015-11-09 22:40:33,610][com.java.SeleniumDriver] [  846] - DataValue : 2
[INFO ][2015-11-09 22:40:33,610][com.java.SeleniumDriver] [  852] - <In Set values of the page>
[INFO ][2015-11-09 22:40:33,610][com.java.SeleniumDriver] [  855] - {Data Fields & Data Values Exist}
[INFO ][2015-11-09 22:40:33,610][com.java.SeleniumDriver] [  857] - --------------------------setting values-----------------------------
[INFO ][2015-11-09 22:40:33,610][com.java.SeleniumDriver] [  860] - Action Type : WAITFORELEMENT
[INFO ][2015-11-09 22:40:33,651][com.java.SeleniumDriver] [  869] -  RESULT true
[INFO ][2015-11-09 22:40:33,651][com.java.SeleniumDriver] [ 1074] - ?   P A S S   ?
[DEBUG][2015-11-09 22:40:33,651][com.java.SeleniumDriver] [ 1176] - Case found
[DEBUG][2015-11-09 22:40:33,651][com.java.SeleniumDriver] [ 1181] - Incrementing ReportCounters[0]:1
[INFO ][2015-11-09 22:40:33,651][com.java.SeleniumDriver] [ 1200] - The results are-------------------[1, 1, Valid Login, Pass, , Mon Nov 09 22:40:28 IST 2015, 1, 2, Valid Login, Pass, , Mon Nov 09 22:40:33 IST 2015, 1, 3, Valid Login, Pass, , Mon Nov 09 22:40:33 IST 2015]
[INFO ][2015-11-09 22:40:33,651][com.java.SeleniumDriver] [ 1204] - End time is-------43 sec
[INFO ][2015-11-09 22:40:33,651][com.java.SeleniumDriver] [ 1205] - The results are-------------------[1, 1, Valid Login, Pass, , Mon Nov 09 22:40:28 IST 2015, 1, 2, Valid Login, Pass, , Mon Nov 09 22:40:33 IST 2015, 1, 3, Valid Login, Pass, , Mon Nov 09 22:40:33 IST 2015]
[DEBUG][2015-11-09 22:40:33,651][com.java.ImportnExport.ExportTestResultsExcel] [  222] - testResultPath = D:\BankersDashboard/TestReports/Test Results_BankersDashBoard_110915_223952_IE11_United Bank.xls
[DEBUG][2015-11-09 22:40:33,651][com.java.ImportnExport.ExportTestResultsExcel] [  223] - browser is------------IE11
[DEBUG][2015-11-09 22:40:33,691][com.java.ImportnExport.ExportTestResultsExcel] [  270] - result.size() = 18
[DEBUG][2015-11-09 22:40:33,691][com.java.ImportnExport.ExportTestResultsExcel] [  274] - No of rows in sheet=1
[DEBUG][2015-11-09 22:40:33,691][com.java.ImportnExport.ExportTestResultsExcel] [  301] - ..in export..1
[DEBUG][2015-11-09 22:40:33,691][com.java.ImportnExport.ExportTestResultsExcel] [  301] - ..in export..Valid Login
[DEBUG][2015-11-09 22:40:33,691][com.java.ImportnExport.ExportTestResultsExcel] [  301] - ..in export..Pass
[DEBUG][2015-11-09 22:40:33,691][com.java.ImportnExport.ExportTestResultsExcel] [  301] - ..in export..
[DEBUG][2015-11-09 22:40:33,691][com.java.ImportnExport.ExportTestResultsExcel] [  301] - ..in export..Mon Nov 09 22:40:28 IST 2015
[INFO ][2015-11-09 22:40:33,691][com.java.SeleniumDriver] [ 1263] - out loop:0 size:2 TestCases:[1, 12] testcases:[1, 12]
[INFO ][2015-11-09 22:40:33,691][com.java.ImportnExport.ImportTestDataDetailsExcel] [   49] - test data details path===== D:\BankersDashboard\TestInputs\TestData.xls
[INFO ][2015-11-09 22:41:16,424][com.java.SeleniumDriver] [  796] - ------------------------------------------
[INFO ][2015-11-09 22:41:16,424][com.java.SeleniumDriver] [  797] - Test case being Executed: 12
[INFO ][2015-11-09 22:41:16,424][com.java.SeleniumDriver] [  808] - Test step:1
[INFO ][2015-11-09 22:41:16,424][com.java.SeleniumDriver] [  820] - Datavalue is----------2
[INFO ][2015-11-09 22:41:16,424][com.java.SeleniumDriver] [  844] - DataField : BTNG/L
[INFO ][2015-11-09 22:41:16,424][com.java.SeleniumDriver] [  846] - DataValue : 2
[INFO ][2015-11-09 22:41:16,424][com.java.SeleniumDriver] [  852] - <In Set values of the page>
[INFO ][2015-11-09 22:41:16,424][com.java.SeleniumDriver] [  855] - {Data Fields & Data Values Exist}
[INFO ][2015-11-09 22:41:16,424][com.java.SeleniumDriver] [  857] - --------------------------setting values-----------------------------
[INFO ][2015-11-09 22:41:16,424][com.java.SeleniumDriver] [  860] - Action Type : WAITFORELEMENT
[INFO ][2015-11-09 22:41:16,475][com.java.SeleniumDriver] [  869] -  RESULT true
[INFO ][2015-11-09 22:41:16,475][com.java.SeleniumDriver] [ 1074] - ?   P A S S   ?
[INFO ][2015-11-09 22:41:16,475][com.java.SeleniumDriver] [  796] - ------------------------------------------
[INFO ][2015-11-09 22:41:16,475][com.java.SeleniumDriver] [  797] - Test case being Executed: 12
[INFO ][2015-11-09 22:41:16,475][com.java.SeleniumDriver] [  808] - Test step:2
[INFO ][2015-11-09 22:41:16,475][com.java.SeleniumDriver] [  820] - Datavalue is----------null
[DEBUG][2015-11-09 22:41:16,475][com.java.SeleniumDriver] [  838] - Exception: null
[INFO ][2015-11-09 22:41:16,475][com.java.SeleniumDriver] [  844] - DataField : //span[@class='icon-stats']&&//a[@data-id="Forecasting"]
[INFO ][2015-11-09 22:41:16,475][com.java.SeleniumDriver] [  846] - DataValue : 
[INFO ][2015-11-09 22:41:16,475][com.java.SeleniumDriver] [  852] - <In Set values of the page>
[INFO ][2015-11-09 22:41:16,475][com.java.SeleniumDriver] [  855] - {Data Fields & Data Values Exist}
[INFO ][2015-11-09 22:41:16,475][com.java.SeleniumDriver] [  857] - --------------------------setting values-----------------------------
[INFO ][2015-11-09 22:41:16,475][com.java.SeleniumDriver] [  860] - Action Type : MOUSEOVER
[INFO ][2015-11-09 22:41:44,956][com.java.SeleniumDriver] [  869] -  RESULT true
[INFO ][2015-11-09 22:41:44,956][com.java.SeleniumDriver] [ 1074] - ?   P A S S   ?
[INFO ][2015-11-09 22:41:44,956][com.java.SeleniumDriver] [  796] - ------------------------------------------
[INFO ][2015-11-09 22:41:44,956][com.java.SeleniumDriver] [  797] - Test case being Executed: 12
[INFO ][2015-11-09 22:41:44,956][com.java.SeleniumDriver] [  808] - Test step:3
[INFO ][2015-11-09 22:41:44,956][com.java.SeleniumDriver] [  820] - Datavalue is----------5
[INFO ][2015-11-09 22:41:44,956][com.java.SeleniumDriver] [  844] - DataField : null
[INFO ][2015-11-09 22:41:44,956][com.java.SeleniumDriver] [  846] - DataValue : 5
[INFO ][2015-11-09 22:41:44,956][com.java.SeleniumDriver] [  852] - <In Set values of the page>
[INFO ][2015-11-09 22:41:44,956][com.java.SeleniumDriver] [  855] - {Data Fields & Data Values Exist}
[INFO ][2015-11-09 22:41:44,956][com.java.SeleniumDriver] [  857] - --------------------------setting values-----------------------------
[INFO ][2015-11-09 22:41:44,956][com.java.SeleniumDriver] [  860] - Action Type : WAITTIME
[DEBUG][2015-11-09 22:41:44,956][com.java.TestType] [ 3974] - sleepTime: 5000
[INFO ][2015-11-09 22:41:49,957][com.java.SeleniumDriver] [  869] -  RESULT true
[INFO ][2015-11-09 22:41:49,957][com.java.SeleniumDriver] [ 1074] - ?   P A S S   ?
[INFO ][2015-11-09 22:41:49,957][com.java.SeleniumDriver] [  796] - ------------------------------------------
[INFO ][2015-11-09 22:41:49,957][com.java.SeleniumDriver] [  797] - Test case being Executed: 12
[INFO ][2015-11-09 22:41:49,957][com.java.SeleniumDriver] [  808] - Test step:4
[INFO ][2015-11-09 22:41:49,957][com.java.SeleniumDriver] [  820] - Datavalue is----------Forecasting 
[INFO ][2015-11-09 22:41:49,957][com.java.SeleniumDriver] [  844] - DataField : TTL
[INFO ][2015-11-09 22:41:49,957][com.java.SeleniumDriver] [  846] - DataValue : Forecasting 
[INFO ][2015-11-09 22:41:49,957][com.java.SeleniumDriver] [  852] - <In Set values of the page>
[INFO ][2015-11-09 22:41:49,957][com.java.SeleniumDriver] [  855] - {Data Fields & Data Values Exist}
[INFO ][2015-11-09 22:41:49,957][com.java.SeleniumDriver] [  857] - --------------------------setting values-----------------------------
[INFO ][2015-11-09 22:41:49,957][com.java.SeleniumDriver] [  860] - Action Type : SELECTWINDOW
[INFO ][2015-11-09 22:42:02,508][com.java.SeleniumDriver] [  869] -  RESULT true
[INFO ][2015-11-09 22:42:02,508][com.java.SeleniumDriver] [ 1074] - ?   P A S S   ?
[INFO ][2015-11-09 22:42:02,508][com.java.SeleniumDriver] [  796] - ------------------------------------------
[INFO ][2015-11-09 22:42:02,508][com.java.SeleniumDriver] [  797] - Test case being Executed: 12
[INFO ][2015-11-09 22:42:02,508][com.java.SeleniumDriver] [  808] - Test step:5
[INFO ][2015-11-09 22:42:02,508][com.java.SeleniumDriver] [  820] - Datavalue is----------null
[DEBUG][2015-11-09 22:42:02,508][com.java.SeleniumDriver] [  838] - Exception: null
[INFO ][2015-11-09 22:42:02,508][com.java.SeleniumDriver] [  844] - DataField : BTNframeDialogContent
[INFO ][2015-11-09 22:42:02,508][com.java.SeleniumDriver] [  846] - DataValue : 
[INFO ][2015-11-09 22:42:02,508][com.java.SeleniumDriver] [  852] - <In Set values of the page>
[INFO ][2015-11-09 22:42:02,508][com.java.SeleniumDriver] [  855] - {Data Fields & Data Values Exist}
[INFO ][2015-11-09 22:42:02,508][com.java.SeleniumDriver] [  857] - --------------------------setting values-----------------------------
[INFO ][2015-11-09 22:42:02,508][com.java.SeleniumDriver] [  860] - Action Type : WAITFORELEMENT
[INFO ][2015-11-09 22:42:03,599][com.java.SeleniumDriver] [  869] -  RESULT true
[INFO ][2015-11-09 22:42:03,599][com.java.SeleniumDriver] [ 1074] - ?   P A S S   ?
[INFO ][2015-11-09 22:42:03,599][com.java.SeleniumDriver] [  796] - ------------------------------------------
[INFO ][2015-11-09 22:42:03,599][com.java.SeleniumDriver] [  797] - Test case being Executed: 12
[INFO ][2015-11-09 22:42:03,599][com.java.SeleniumDriver] [  808] - Test step:6
[INFO ][2015-11-09 22:42:03,599][com.java.SeleniumDriver] [  820] - Datavalue is----------Forecasting 
[INFO ][2015-11-09 22:42:03,599][com.java.SeleniumDriver] [  844] - DataField : XPH//span[@class='ui-dialog-title']
[INFO ][2015-11-09 22:42:03,599][com.java.SeleniumDriver] [  846] - DataValue : Forecasting 
[INFO ][2015-11-09 22:42:03,599][com.java.SeleniumDriver] [  852] - <In Set values of the page>
[INFO ][2015-11-09 22:42:03,599][com.java.SeleniumDriver] [  855] - {Data Fields & Data Values Exist}
[INFO ][2015-11-09 22:42:03,599][com.java.SeleniumDriver] [  857] - --------------------------setting values-----------------------------
[INFO ][2015-11-09 22:42:03,599][com.java.SeleniumDriver] [  860] - Action Type : VERIFY
[INFO ][2015-11-09 22:42:03,599][com.java.TestType] [ 5265] - field= XPH//span[@class='ui-dialog-title'] value= Forecasting 
[INFO ][2015-11-09 22:42:03,599][com.java.TestType] [ 4139] - value = Forecasting 
[INFO ][2015-11-09 22:42:03,700][com.java.SeleniumDriver] [  869] -  RESULT true
[INFO ][2015-11-09 22:42:03,700][com.java.SeleniumDriver] [ 1074] - ?   P A S S   ?
[INFO ][2015-11-09 22:42:03,700][com.java.SeleniumDriver] [  796] - ------------------------------------------
[INFO ][2015-11-09 22:42:03,700][com.java.SeleniumDriver] [  797] - Test case being Executed: 12
[INFO ][2015-11-09 22:42:03,700][com.java.SeleniumDriver] [  808] - Test step:7
[INFO ][2015-11-09 22:42:03,700][com.java.SeleniumDriver] [  820] - Datavalue is----------null
[DEBUG][2015-11-09 22:42:03,700][com.java.SeleniumDriver] [  838] - Exception: null
[INFO ][2015-11-09 22:42:03,700][com.java.SeleniumDriver] [  844] - DataField : XPH//span[contains(text(),'Forecasting')]
[INFO ][2015-11-09 22:42:03,700][com.java.SeleniumDriver] [  846] - DataValue : 
[INFO ][2015-11-09 22:42:03,700][com.java.SeleniumDriver] [  852] - <In Set values of the page>
[INFO ][2015-11-09 22:42:03,700][com.java.SeleniumDriver] [  855] - {Data Fields & Data Values Exist}
[INFO ][2015-11-09 22:42:03,700][com.java.SeleniumDriver] [  857] - --------------------------setting values-----------------------------
[INFO ][2015-11-09 22:42:03,700][com.java.SeleniumDriver] [  860] - Action Type : WAITFORELEMENT
[INFO ][2015-11-09 22:42:03,730][com.java.SeleniumDriver] [  869] -  RESULT true
[INFO ][2015-11-09 22:42:03,730][com.java.SeleniumDriver] [ 1074] - ?   P A S S   ?
[INFO ][2015-11-09 22:42:03,730][com.java.SeleniumDriver] [  796] - ------------------------------------------
[INFO ][2015-11-09 22:42:03,730][com.java.SeleniumDriver] [  797] - Test case being Executed: 12
[INFO ][2015-11-09 22:42:03,730][com.java.SeleniumDriver] [  808] - Test step:8
[INFO ][2015-11-09 22:42:03,730][com.java.SeleniumDriver] [  820] - Datavalue is----------null
[DEBUG][2015-11-09 22:42:03,730][com.java.SeleniumDriver] [  838] - Exception: null
[INFO ][2015-11-09 22:42:03,730][com.java.SeleniumDriver] [  844] - DataField : BTNframeDialogContent
[INFO ][2015-11-09 22:42:03,730][com.java.SeleniumDriver] [  846] - DataValue : 
[INFO ][2015-11-09 22:42:03,730][com.java.SeleniumDriver] [  852] - <In Set values of the page>
[INFO ][2015-11-09 22:42:03,730][com.java.SeleniumDriver] [  855] - {Data Fields & Data Values Exist}
[INFO ][2015-11-09 22:42:03,730][com.java.SeleniumDriver] [  857] - --------------------------setting values-----------------------------
[INFO ][2015-11-09 22:42:03,730][com.java.SeleniumDriver] [  860] - Action Type : SELECTFRAME
[INFO ][2015-11-09 22:42:04,873][com.java.SeleniumDriver] [  869] -  RESULT true
[INFO ][2015-11-09 22:42:04,873][com.java.SeleniumDriver] [ 1074] - ?   P A S S   ?
[INFO ][2015-11-09 22:42:04,873][com.java.SeleniumDriver] [  796] - ------------------------------------------
[INFO ][2015-11-09 22:42:04,873][com.java.SeleniumDriver] [  797] - Test case being Executed: 12
[INFO ][2015-11-09 22:42:04,873][com.java.SeleniumDriver] [  808] - Test step:9
[INFO ][2015-11-09 22:42:04,873][com.java.SeleniumDriver] [  820] - Datavalue is----------2
[INFO ][2015-11-09 22:42:04,873][com.java.SeleniumDriver] [  844] - DataField : BTNddlProjects
[INFO ][2015-11-09 22:42:04,873][com.java.SeleniumDriver] [  846] - DataValue : 2
[INFO ][2015-11-09 22:42:04,873][com.java.SeleniumDriver] [  852] - <In Set values of the page>
[INFO ][2015-11-09 22:42:04,873][com.java.SeleniumDriver] [  855] - {Data Fields & Data Values Exist}
[INFO ][2015-11-09 22:42:04,873][com.java.SeleniumDriver] [  857] - --------------------------setting values-----------------------------
[INFO ][2015-11-09 22:42:04,873][com.java.SeleniumDriver] [  860] - Action Type : WAITFORELEMENT
[INFO ][2015-11-09 22:42:05,913][com.java.SeleniumDriver] [  869] -  RESULT true
[INFO ][2015-11-09 22:42:05,913][com.java.SeleniumDriver] [ 1074] - ?   P A S S   ?
[INFO ][2015-11-09 22:42:05,913][com.java.SeleniumDriver] [  796] - ------------------------------------------
[INFO ][2015-11-09 22:42:05,913][com.java.SeleniumDriver] [  797] - Test case being Executed: 12
[INFO ][2015-11-09 22:42:05,913][com.java.SeleniumDriver] [  808] - Test step:10
[INFO ][2015-11-09 22:42:05,913][com.java.SeleniumDriver] [  820] - Datavalue is----------index:1
[INFO ][2015-11-09 22:42:05,913][com.java.SeleniumDriver] [  844] - DataField : COBddlProjects
[INFO ][2015-11-09 22:42:05,913][com.java.SeleniumDriver] [  846] - DataValue : index:1
[INFO ][2015-11-09 22:42:05,913][com.java.SeleniumDriver] [  852] - <In Set values of the page>
[INFO ][2015-11-09 22:42:05,913][com.java.SeleniumDriver] [  855] - {Data Fields & Data Values Exist}
[INFO ][2015-11-09 22:42:05,913][com.java.SeleniumDriver] [  857] - --------------------------setting values-----------------------------
[INFO ][2015-11-09 22:42:05,913][com.java.SeleniumDriver] [  860] - Action Type : SELECT
[INFO ][2015-11-09 22:42:05,913][com.java.TestType] [ 4139] - value = 1
[INFO ][2015-11-09 22:42:06,995][com.java.TestType] [ 4257] -  In COB ddlProjects : 1
[INFO ][2015-11-09 22:42:07,125][com.java.SeleniumDriver] [  869] -  RESULT true
[INFO ][2015-11-09 22:42:07,125][com.java.SeleniumDriver] [ 1074] - ?   P A S S   ?
[INFO ][2015-11-09 22:42:07,125][com.java.SeleniumDriver] [  796] - ------------------------------------------
[INFO ][2015-11-09 22:42:07,125][com.java.SeleniumDriver] [  797] - Test case being Executed: 12
[INFO ][2015-11-09 22:42:07,125][com.java.SeleniumDriver] [  808] - Test step:11
[INFO ][2015-11-09 22:42:07,125][com.java.SeleniumDriver] [  820] - Datavalue is----------Project dropdown
[INFO ][2015-11-09 22:42:07,125][com.java.SeleniumDriver] [  844] - DataField : COBddlProjects
[INFO ][2015-11-09 22:42:07,125][com.java.SeleniumDriver] [  846] - DataValue : Project dropdown
[INFO ][2015-11-09 22:42:07,125][com.java.SeleniumDriver] [  852] - <In Set values of the page>
[INFO ][2015-11-09 22:42:07,125][com.java.SeleniumDriver] [  855] - {Data Fields & Data Values Exist}
[INFO ][2015-11-09 22:42:07,125][com.java.SeleniumDriver] [  857] - --------------------------setting values-----------------------------
[INFO ][2015-11-09 22:42:07,125][com.java.SeleniumDriver] [  860] - Action Type : storevalue
[INFO ][2015-11-09 22:42:07,125][com.java.TestType] [ 6199] - field= COBddlProjects
[DEBUG][2015-11-09 22:42:08,206][com.java.TestType] [ 6232] - Key:: Project dropdown  Value:: 13
[INFO ][2015-11-09 22:42:08,206][com.java.SeleniumDriver] [  869] -  RESULT true
[INFO ][2015-11-09 22:42:08,206][com.java.SeleniumDriver] [ 1074] - ?   P A S S   ?
[INFO ][2015-11-09 22:42:08,206][com.java.SeleniumDriver] [  796] - ------------------------------------------
[INFO ][2015-11-09 22:42:08,206][com.java.SeleniumDriver] [  797] - Test case being Executed: 12
[INFO ][2015-11-09 22:42:08,206][com.java.SeleniumDriver] [  808] - Test step:12
[INFO ][2015-11-09 22:42:08,206][com.java.SeleniumDriver] [  820] - Datavalue is----------null
[DEBUG][2015-11-09 22:42:08,206][com.java.SeleniumDriver] [  838] - Exception: null
[INFO ][2015-11-09 22:42:08,206][com.java.SeleniumDriver] [  844] - DataField : BTNbtnOpenProject
[INFO ][2015-11-09 22:42:08,206][com.java.SeleniumDriver] [  846] - DataValue : 
[INFO ][2015-11-09 22:42:08,206][com.java.SeleniumDriver] [  852] - <In Set values of the page>
[INFO ][2015-11-09 22:42:08,206][com.java.SeleniumDriver] [  855] - {Data Fields & Data Values Exist}
[INFO ][2015-11-09 22:42:08,206][com.java.SeleniumDriver] [  857] - --------------------------setting values-----------------------------
[INFO ][2015-11-09 22:42:08,206][com.java.SeleniumDriver] [  860] - Action Type : CLICK
[INFO ][2015-11-09 22:42:08,206][com.java.TestType] [ 4452] - Field ::BTNbtnOpenProject
[INFO ][2015-11-09 22:42:09,206][com.java.TestType] [ 4490] - BEFORE CLICK
[INFO ][2015-11-09 22:42:10,899][com.java.TestType] [ 4497] - Unable to click the object Open Project button
[INFO ][2015-11-09 22:42:10,899][com.java.SeleniumDriver] [  869] -  RESULT true
[INFO ][2015-11-09 22:42:10,899][com.java.SeleniumDriver] [ 1074] - ?   P A S S   ?
[INFO ][2015-11-09 22:42:10,899][com.java.SeleniumDriver] [  796] - ------------------------------------------
[INFO ][2015-11-09 22:42:10,899][com.java.SeleniumDriver] [  797] - Test case being Executed: 12
[INFO ][2015-11-09 22:42:10,899][com.java.SeleniumDriver] [  808] - Test step:13
[INFO ][2015-11-09 22:42:10,899][com.java.SeleniumDriver] [  820] - Datavalue is----------2
[INFO ][2015-11-09 22:42:10,899][com.java.SeleniumDriver] [  844] - DataField : null
[INFO ][2015-11-09 22:42:10,899][com.java.SeleniumDriver] [  846] - DataValue : 2
[INFO ][2015-11-09 22:42:10,899][com.java.SeleniumDriver] [  852] - <In Set values of the page>
[INFO ][2015-11-09 22:42:10,899][com.java.SeleniumDriver] [  855] - {Data Fields & Data Values Exist}
[INFO ][2015-11-09 22:42:10,900][com.java.SeleniumDriver] [  857] - --------------------------setting values-----------------------------
[INFO ][2015-11-09 22:42:10,900][com.java.SeleniumDriver] [  860] - Action Type : WAITTIME
[DEBUG][2015-11-09 22:42:10,900][com.java.TestType] [ 3974] - sleepTime: 2000
[INFO ][2015-11-09 22:42:12,900][com.java.SeleniumDriver] [  869] -  RESULT true
[INFO ][2015-11-09 22:42:12,900][com.java.SeleniumDriver] [ 1074] - ?   P A S S   ?
[INFO ][2015-11-09 22:42:12,900][com.java.SeleniumDriver] [  796] - ------------------------------------------
[INFO ][2015-11-09 22:42:12,900][com.java.SeleniumDriver] [  797] - Test case being Executed: 12
[INFO ][2015-11-09 22:42:12,900][com.java.SeleniumDriver] [  808] - Test step:14
[INFO ][2015-11-09 22:42:12,900][com.java.SeleniumDriver] [  820] - Datavalue is----------null
[DEBUG][2015-11-09 22:42:12,900][com.java.SeleniumDriver] [  838] - Exception: null
[INFO ][2015-11-09 22:42:12,901][com.java.SeleniumDriver] [  844] - DataField : BTNParent
[INFO ][2015-11-09 22:42:12,901][com.java.SeleniumDriver] [  846] - DataValue : 
[INFO ][2015-11-09 22:42:12,901][com.java.SeleniumDriver] [  852] - <In Set values of the page>
[INFO ][2015-11-09 22:42:12,901][com.java.SeleniumDriver] [  855] - {Data Fields & Data Values Exist}
[INFO ][2015-11-09 22:42:12,901][com.java.SeleniumDriver] [  857] - --------------------------setting values-----------------------------
[INFO ][2015-11-09 22:42:12,901][com.java.SeleniumDriver] [  860] - Action Type : SELECTFRAME
[INFO ][2015-11-09 22:42:12,915][com.java.SeleniumDriver] [  869] -  RESULT true
[INFO ][2015-11-09 22:42:12,915][com.java.SeleniumDriver] [ 1074] - ?   P A S S   ?
[INFO ][2015-11-09 22:42:12,915][com.java.SeleniumDriver] [  796] - ------------------------------------------
[INFO ][2015-11-09 22:42:12,915][com.java.SeleniumDriver] [  797] - Test case being Executed: 12
[INFO ][2015-11-09 22:42:12,915][com.java.SeleniumDriver] [  808] - Test step:15
[INFO ][2015-11-09 22:42:12,916][com.java.SeleniumDriver] [  820] - Datavalue is----------2
[INFO ][2015-11-09 22:42:12,916][com.java.SeleniumDriver] [  844] - DataField : BTNFile
[INFO ][2015-11-09 22:42:12,916][com.java.SeleniumDriver] [  846] - DataValue : 2
[INFO ][2015-11-09 22:42:12,916][com.java.SeleniumDriver] [  852] - <In Set values of the page>
[INFO ][2015-11-09 22:42:12,916][com.java.SeleniumDriver] [  855] - {Data Fields & Data Values Exist}
[INFO ][2015-11-09 22:42:12,916][com.java.SeleniumDriver] [  857] - --------------------------setting values-----------------------------
[INFO ][2015-11-09 22:42:12,916][com.java.SeleniumDriver] [  860] - Action Type : WAITFORELEMENT
[INFO ][2015-11-09 22:42:12,960][com.java.SeleniumDriver] [  869] -  RESULT true
[INFO ][2015-11-09 22:42:12,960][com.java.SeleniumDriver] [ 1074] - ?   P A S S   ?
[INFO ][2015-11-09 22:42:12,960][com.java.SeleniumDriver] [  796] - ------------------------------------------
[INFO ][2015-11-09 22:42:12,960][com.java.SeleniumDriver] [  797] - Test case being Executed: 12
[INFO ][2015-11-09 22:42:12,960][com.java.SeleniumDriver] [  808] - Test step:16
[INFO ][2015-11-09 22:42:12,960][com.java.SeleniumDriver] [  820] - Datavalue is----------null
[DEBUG][2015-11-09 22:42:12,961][com.java.SeleniumDriver] [  838] - Exception: null
[INFO ][2015-11-09 22:42:12,961][com.java.SeleniumDriver] [  844] - DataField : BTNFile
[INFO ][2015-11-09 22:42:12,961][com.java.SeleniumDriver] [  846] - DataValue : 
[INFO ][2015-11-09 22:42:12,961][com.java.SeleniumDriver] [  852] - <In Set values of the page>
[INFO ][2015-11-09 22:42:12,961][com.java.SeleniumDriver] [  855] - {Data Fields & Data Values Exist}
[INFO ][2015-11-09 22:42:12,961][com.java.SeleniumDriver] [  857] - --------------------------setting values-----------------------------
[INFO ][2015-11-09 22:42:12,961][com.java.SeleniumDriver] [  860] - Action Type : Click
[INFO ][2015-11-09 22:42:12,961][com.java.TestType] [ 4452] - Field ::BTNFile
[INFO ][2015-11-09 22:42:13,962][com.java.TestType] [ 4490] - BEFORE CLICK
[INFO ][2015-11-09 22:42:14,166][com.java.TestType] [ 4497] - Unable to click the object File Button
[INFO ][2015-11-09 22:42:14,166][com.java.SeleniumDriver] [  869] -  RESULT true
[INFO ][2015-11-09 22:42:14,166][com.java.SeleniumDriver] [ 1074] - ?   P A S S   ?
[INFO ][2015-11-09 22:42:14,166][com.java.SeleniumDriver] [  796] - ------------------------------------------
[INFO ][2015-11-09 22:42:14,166][com.java.SeleniumDriver] [  797] - Test case being Executed: 12
[INFO ][2015-11-09 22:42:14,166][com.java.SeleniumDriver] [  808] - Test step:17
[INFO ][2015-11-09 22:42:14,166][com.java.SeleniumDriver] [  820] - Datavalue is----------2
[INFO ][2015-11-09 22:42:14,166][com.java.SeleniumDriver] [  844] - DataField : BTN//a[@id='menuNewProject']
[INFO ][2015-11-09 22:42:14,166][com.java.SeleniumDriver] [  846] - DataValue : 2
[INFO ][2015-11-09 22:42:14,166][com.java.SeleniumDriver] [  852] - <In Set values of the page>
[INFO ][2015-11-09 22:42:14,166][com.java.SeleniumDriver] [  855] - {Data Fields & Data Values Exist}
[INFO ][2015-11-09 22:42:14,166][com.java.SeleniumDriver] [  857] - --------------------------setting values-----------------------------
[INFO ][2015-11-09 22:42:14,166][com.java.SeleniumDriver] [  860] - Action Type : WAITFORELEMENT
[INFO ][2015-11-09 22:42:14,236][com.java.SeleniumDriver] [  869] -  RESULT true
[INFO ][2015-11-09 22:42:14,236][com.java.SeleniumDriver] [ 1074] - ?   P A S S   ?
[INFO ][2015-11-09 22:42:14,236][com.java.SeleniumDriver] [  796] - ------------------------------------------
[INFO ][2015-11-09 22:42:14,236][com.java.SeleniumDriver] [  797] - Test case being Executed: 12
[INFO ][2015-11-09 22:42:14,236][com.java.SeleniumDriver] [  808] - Test step:18
[INFO ][2015-11-09 22:42:14,236][com.java.SeleniumDriver] [  820] - Datavalue is----------null
[DEBUG][2015-11-09 22:42:14,236][com.java.SeleniumDriver] [  838] - Exception: null
[INFO ][2015-11-09 22:42:14,236][com.java.SeleniumDriver] [  844] - DataField : HDN//a[@id='menuNewProject']
[INFO ][2015-11-09 22:42:14,236][com.java.SeleniumDriver] [  846] - DataValue : 
[INFO ][2015-11-09 22:42:14,236][com.java.SeleniumDriver] [  852] - <In Set values of the page>
[INFO ][2015-11-09 22:42:14,236][com.java.SeleniumDriver] [  855] - {Data Fields & Data Values Exist}
[INFO ][2015-11-09 22:42:14,236][com.java.SeleniumDriver] [  857] - --------------------------setting values-----------------------------
[INFO ][2015-11-09 22:42:14,236][com.java.SeleniumDriver] [  860] - Action Type : Click
[INFO ][2015-11-09 22:42:14,236][com.java.TestType] [ 4452] - Field ::HDN//a[@id='menuNewProject']
[INFO ][2015-11-09 22:42:15,344][com.java.SeleniumDriver] [  869] -  RESULT true
[INFO ][2015-11-09 22:42:15,344][com.java.SeleniumDriver] [ 1074] - ?   P A S S   ?
[INFO ][2015-11-09 22:42:15,344][com.java.SeleniumDriver] [  796] - ------------------------------------------
[INFO ][2015-11-09 22:42:15,344][com.java.SeleniumDriver] [  797] - Test case being Executed: 12
[INFO ][2015-11-09 22:42:15,344][com.java.SeleniumDriver] [  808] - Test step:19
[INFO ][2015-11-09 22:42:15,344][com.java.SeleniumDriver] [  820] - Datavalue is----------null
[DEBUG][2015-11-09 22:42:15,344][com.java.SeleniumDriver] [  838] - Exception: null
[INFO ][2015-11-09 22:42:15,344][com.java.SeleniumDriver] [  844] - DataField : BTNframeDialogContent
[INFO ][2015-11-09 22:42:15,344][com.java.SeleniumDriver] [  846] - DataValue : 
[INFO ][2015-11-09 22:42:15,344][com.java.SeleniumDriver] [  852] - <In Set values of the page>
[INFO ][2015-11-09 22:42:15,344][com.java.SeleniumDriver] [  855] - {Data Fields & Data Values Exist}
[INFO ][2015-11-09 22:42:15,344][com.java.SeleniumDriver] [  857] - --------------------------setting values-----------------------------
[INFO ][2015-11-09 22:42:15,344][com.java.SeleniumDriver] [  860] - Action Type : WAITFORELEMENT
[INFO ][2015-11-09 22:42:16,912][com.java.SeleniumDriver] [  869] -  RESULT true
[INFO ][2015-11-09 22:42:16,912][com.java.SeleniumDriver] [ 1074] - ?   P A S S   ?
[INFO ][2015-11-09 22:42:16,912][com.java.SeleniumDriver] [  796] - ------------------------------------------
[INFO ][2015-11-09 22:42:16,912][com.java.SeleniumDriver] [  797] - Test case being Executed: 12
[INFO ][2015-11-09 22:42:16,912][com.java.SeleniumDriver] [  808] - Test step:20
[INFO ][2015-11-09 22:42:16,912][com.java.SeleniumDriver] [  820] - Datavalue is----------null
[DEBUG][2015-11-09 22:42:16,912][com.java.SeleniumDriver] [  838] - Exception: null
[INFO ][2015-11-09 22:42:16,912][com.java.SeleniumDriver] [  844] - DataField : BTNframeDialogContent
[INFO ][2015-11-09 22:42:16,912][com.java.SeleniumDriver] [  846] - DataValue : 
[INFO ][2015-11-09 22:42:16,912][com.java.SeleniumDriver] [  852] - <In Set values of the page>
[INFO ][2015-11-09 22:42:16,912][com.java.SeleniumDriver] [  855] - {Data Fields & Data Values Exist}
[INFO ][2015-11-09 22:42:16,912][com.java.SeleniumDriver] [  857] - --------------------------setting values-----------------------------
[INFO ][2015-11-09 22:42:16,912][com.java.SeleniumDriver] [  860] - Action Type : SELECTFRAME
[INFO ][2015-11-09 22:42:18,055][com.java.SeleniumDriver] [  869] -  RESULT true
[INFO ][2015-11-09 22:42:18,055][com.java.SeleniumDriver] [ 1074] - ?   P A S S   ?
[INFO ][2015-11-09 22:42:18,055][com.java.SeleniumDriver] [  796] - ------------------------------------------
[INFO ][2015-11-09 22:42:18,055][com.java.SeleniumDriver] [  797] - Test case being Executed: 12
[INFO ][2015-11-09 22:42:18,055][com.java.SeleniumDriver] [  808] - Test step:21
[INFO ][2015-11-09 22:42:18,055][com.java.SeleniumDriver] [  820] - Datavalue is----------2
[INFO ][2015-11-09 22:42:18,055][com.java.SeleniumDriver] [  844] - DataField : TXTtxtName
[INFO ][2015-11-09 22:42:18,055][com.java.SeleniumDriver] [  846] - DataValue : 2
[INFO ][2015-11-09 22:42:18,055][com.java.SeleniumDriver] [  852] - <In Set values of the page>
[INFO ][2015-11-09 22:42:18,055][com.java.SeleniumDriver] [  855] - {Data Fields & Data Values Exist}
[INFO ][2015-11-09 22:42:18,055][com.java.SeleniumDriver] [  857] - --------------------------setting values-----------------------------
[INFO ][2015-11-09 22:42:18,055][com.java.SeleniumDriver] [  860] - Action Type : WAITFORELEMENT
[INFO ][2015-11-09 22:42:19,095][com.java.SeleniumDriver] [  869] -  RESULT true
[INFO ][2015-11-09 22:42:19,095][com.java.SeleniumDriver] [ 1074] - ?   P A S S   ?
[INFO ][2015-11-09 22:42:19,095][com.java.SeleniumDriver] [  796] - ------------------------------------------
[INFO ][2015-11-09 22:42:19,095][com.java.SeleniumDriver] [  797] - Test case being Executed: 12
[INFO ][2015-11-09 22:42:19,095][com.java.SeleniumDriver] [  808] - Test step:22
[INFO ][2015-11-09 22:42:19,095][com.java.SeleniumDriver] [  820] - Datavalue is----------Start
[INFO ][2015-11-09 22:42:19,095][com.java.SeleniumDriver] [  844] - DataField : XPH//td[@class='dlg_Label' and text()='Start']
[INFO ][2015-11-09 22:42:19,095][com.java.SeleniumDriver] [  846] - DataValue : Start
[INFO ][2015-11-09 22:42:19,095][com.java.SeleniumDriver] [  852] - <In Set values of the page>
[INFO ][2015-11-09 22:42:19,095][com.java.SeleniumDriver] [  855] - {Data Fields & Data Values Exist}
[INFO ][2015-11-09 22:42:19,095][com.java.SeleniumDriver] [  857] - --------------------------setting values-----------------------------
[INFO ][2015-11-09 22:42:19,095][com.java.SeleniumDriver] [  860] - Action Type : VERIFY
[INFO ][2015-11-09 22:42:19,095][com.java.TestType] [ 5265] - field= XPH//td[@class='dlg_Label' and text()='Start'] value= Start
[INFO ][2015-11-09 22:42:19,095][com.java.TestType] [ 4139] - value = Start
[INFO ][2015-11-09 22:42:19,166][com.java.SeleniumDriver] [  869] -  RESULT true
[INFO ][2015-11-09 22:42:19,166][com.java.SeleniumDriver] [ 1074] - ?   P A S S   ?
[INFO ][2015-11-09 22:42:19,166][com.java.SeleniumDriver] [  796] - ------------------------------------------
[INFO ][2015-11-09 22:42:19,166][com.java.SeleniumDriver] [  797] - Test case being Executed: 12
[INFO ][2015-11-09 22:42:19,166][com.java.SeleniumDriver] [  808] - Test step:23
[INFO ][2015-11-09 22:42:19,166][com.java.SeleniumDriver] [  820] - Datavalue is----------RNDForecastProject
[INFO ][2015-11-09 22:42:19,166][com.java.SeleniumDriver] [  844] - DataField : TXTtxtName
[INFO ][2015-11-09 22:42:19,166][com.java.SeleniumDriver] [  846] - DataValue : RNDForecastProject
[INFO ][2015-11-09 22:42:19,166][com.java.SeleniumDriver] [  852] - <In Set values of the page>
[INFO ][2015-11-09 22:42:19,166][com.java.SeleniumDriver] [  855] - {Data Fields & Data Values Exist}
[INFO ][2015-11-09 22:42:19,166][com.java.SeleniumDriver] [  857] - --------------------------setting values-----------------------------
[INFO ][2015-11-09 22:42:19,166][com.java.SeleniumDriver] [  860] - Action Type : CLEARANDENTER
[INFO ][2015-11-09 22:42:19,166][com.java.TestType] [ 4139] - value = ForecastProject59435
[INFO ][2015-11-09 22:42:21,828][com.java.SeleniumDriver] [  869] -  RESULT true
[INFO ][2015-11-09 22:42:21,828][com.java.SeleniumDriver] [ 1074] - ?   P A S S   ?
[INFO ][2015-11-09 22:42:21,828][com.java.SeleniumDriver] [  796] - ------------------------------------------
[INFO ][2015-11-09 22:42:21,828][com.java.SeleniumDriver] [  797] - Test case being Executed: 12
[INFO ][2015-11-09 22:42:21,828][com.java.SeleniumDriver] [  808] - Test step:24
[INFO ][2015-11-09 22:42:21,828][com.java.SeleniumDriver] [  820] - Datavalue is----------projectname
[INFO ][2015-11-09 22:42:21,828][com.java.SeleniumDriver] [  844] - DataField : TXTtxtName
[INFO ][2015-11-09 22:42:21,828][com.java.SeleniumDriver] [  846] - DataValue : projectname
[INFO ][2015-11-09 22:42:21,828][com.java.SeleniumDriver] [  852] - <In Set values of the page>
[INFO ][2015-11-09 22:42:21,828][com.java.SeleniumDriver] [  855] - {Data Fields & Data Values Exist}
[INFO ][2015-11-09 22:42:21,828][com.java.SeleniumDriver] [  857] - --------------------------setting values-----------------------------
[INFO ][2015-11-09 22:42:21,828][com.java.SeleniumDriver] [  860] - Action Type : storevalue
[INFO ][2015-11-09 22:42:21,828][com.java.TestType] [ 6199] - field= TXTtxtName
[DEBUG][2015-11-09 22:42:22,909][com.java.TestType] [ 6213] - Key:: projectname  Value:: ForecastProject59435
[INFO ][2015-11-09 22:42:22,909][com.java.SeleniumDriver] [  869] -  RESULT true
[INFO ][2015-11-09 22:42:22,909][com.java.SeleniumDriver] [ 1074] - ?   P A S S   ?
[INFO ][2015-11-09 22:42:22,909][com.java.SeleniumDriver] [  796] - ------------------------------------------
[INFO ][2015-11-09 22:42:22,909][com.java.SeleniumDriver] [  797] - Test case being Executed: 12
[INFO ][2015-11-09 22:42:22,909][com.java.SeleniumDriver] [  808] - Test step:25
[INFO ][2015-11-09 22:42:22,909][com.java.SeleniumDriver] [  820] - Datavalue is----------null
[DEBUG][2015-11-09 22:42:22,909][com.java.SeleniumDriver] [  838] - Exception: null
[INFO ][2015-11-09 22:42:22,909][com.java.SeleniumDriver] [  844] - DataField : BTNnextButton
[INFO ][2015-11-09 22:42:22,909][com.java.SeleniumDriver] [  846] - DataValue : 
[INFO ][2015-11-09 22:42:22,909][com.java.SeleniumDriver] [  852] - <In Set values of the page>
[INFO ][2015-11-09 22:42:22,909][com.java.SeleniumDriver] [  855] - {Data Fields & Data Values Exist}
[INFO ][2015-11-09 22:42:22,909][com.java.SeleniumDriver] [  857] - --------------------------setting values-----------------------------
[INFO ][2015-11-09 22:42:22,909][com.java.SeleniumDriver] [  860] - Action Type : Click
[INFO ][2015-11-09 22:42:22,909][com.java.TestType] [ 4452] - Field ::BTNnextButton
[INFO ][2015-11-09 22:42:23,910][com.java.TestType] [ 4490] - BEFORE CLICK
[INFO ][2015-11-09 22:42:25,301][com.java.TestType] [ 4497] - Unable to click the object Next Button
[INFO ][2015-11-09 22:42:25,301][com.java.SeleniumDriver] [  869] -  RESULT true
[INFO ][2015-11-09 22:42:25,301][com.java.SeleniumDriver] [ 1074] - ?   P A S S   ?
[INFO ][2015-11-09 22:42:25,301][com.java.SeleniumDriver] [  796] - ------------------------------------------
[INFO ][2015-11-09 22:42:25,301][com.java.SeleniumDriver] [  797] - Test case being Executed: 12
[INFO ][2015-11-09 22:42:25,301][com.java.SeleniumDriver] [  808] - Test step:26
[INFO ][2015-11-09 22:42:25,301][com.java.SeleniumDriver] [  820] - Datavalue is----------10
[INFO ][2015-11-09 22:42:25,301][com.java.SeleniumDriver] [  844] - DataField : null
[INFO ][2015-11-09 22:42:25,301][com.java.SeleniumDriver] [  846] - DataValue : 10
[INFO ][2015-11-09 22:42:25,301][com.java.SeleniumDriver] [  852] - <In Set values of the page>
[INFO ][2015-11-09 22:42:25,301][com.java.SeleniumDriver] [  855] - {Data Fields & Data Values Exist}
[INFO ][2015-11-09 22:42:25,301][com.java.SeleniumDriver] [  857] - --------------------------setting values-----------------------------
[INFO ][2015-11-09 22:42:25,301][com.java.SeleniumDriver] [  860] - Action Type : WAITTIME
[DEBUG][2015-11-09 22:42:25,301][com.java.TestType] [ 3974] - sleepTime: 10000
[INFO ][2015-11-09 22:42:35,301][com.java.SeleniumDriver] [  869] -  RESULT true
[INFO ][2015-11-09 22:42:35,301][com.java.SeleniumDriver] [ 1074] - ?   P A S S   ?
[INFO ][2015-11-09 22:42:35,301][com.java.SeleniumDriver] [  796] - ------------------------------------------
[INFO ][2015-11-09 22:42:35,301][com.java.SeleniumDriver] [  797] - Test case being Executed: 12
[INFO ][2015-11-09 22:42:35,301][com.java.SeleniumDriver] [  808] - Test step:27
[INFO ][2015-11-09 22:42:35,301][com.java.SeleniumDriver] [  820] - Datavalue is----------2
[INFO ][2015-11-09 22:42:35,301][com.java.SeleniumDriver] [  844] - DataField : XPH//td[@class='dlg_Label' and text()='General']
[INFO ][2015-11-09 22:42:35,301][com.java.SeleniumDriver] [  846] - DataValue : 2
[INFO ][2015-11-09 22:42:35,301][com.java.SeleniumDriver] [  852] - <In Set values of the page>
[INFO ][2015-11-09 22:42:35,301][com.java.SeleniumDriver] [  855] - {Data Fields & Data Values Exist}
[INFO ][2015-11-09 22:42:35,301][com.java.SeleniumDriver] [  857] - --------------------------setting values-----------------------------
[INFO ][2015-11-09 22:42:35,301][com.java.SeleniumDriver] [  860] - Action Type : WAITFORELEMENT
[INFO ][2015-11-09 22:42:35,322][com.java.SeleniumDriver] [  869] -  RESULT true
[INFO ][2015-11-09 22:42:35,322][com.java.SeleniumDriver] [ 1074] - ?   P A S S   ?
[INFO ][2015-11-09 22:42:35,322][com.java.SeleniumDriver] [  796] - ------------------------------------------
[INFO ][2015-11-09 22:42:35,322][com.java.SeleniumDriver] [  797] - Test case being Executed: 12
[INFO ][2015-11-09 22:42:35,322][com.java.SeleniumDriver] [  808] - Test step:28
[INFO ][2015-11-09 22:42:35,322][com.java.SeleniumDriver] [  820] - Datavalue is----------General
[INFO ][2015-11-09 22:42:35,322][com.java.SeleniumDriver] [  844] - DataField : XPH//td[@class='dlg_Label' and text()='General']
[INFO ][2015-11-09 22:42:35,322][com.java.SeleniumDriver] [  846] - DataValue : General
[INFO ][2015-11-09 22:42:35,322][com.java.SeleniumDriver] [  852] - <In Set values of the page>
[INFO ][2015-11-09 22:42:35,322][com.java.SeleniumDriver] [  855] - {Data Fields & Data Values Exist}
[INFO ][2015-11-09 22:42:35,322][com.java.SeleniumDriver] [  857] - --------------------------setting values-----------------------------
[INFO ][2015-11-09 22:42:35,322][com.java.SeleniumDriver] [  860] - Action Type : VERIFY
[INFO ][2015-11-09 22:42:35,322][com.java.TestType] [ 5265] - field= XPH//td[@class='dlg_Label' and text()='General'] value= General
[INFO ][2015-11-09 22:42:35,322][com.java.TestType] [ 4139] - value = General
[ERROR][2015-11-09 22:42:35,402][com.java.TestType] [ 5568] - Element  not found :General
[INFO ][2015-11-09 22:42:35,402][com.java.SeleniumDriver] [  869] -  RESULT false
[INFO ][2015-11-09 22:42:35,402][com.java.SeleniumDriver] [  916] - ?   F A I L   ?
[INFO ][2015-11-09 22:42:35,402][com.java.SeleniumDriver] [  924] - Browser Type : IE11
[INFO ][2015-11-09 22:42:35,402][com.java.SeleniumDriver] [  925] - Adding Failed case12
[INFO ][2015-11-09 22:42:35,482][com.java.SeleniumDriver] [ 1038] - failedCases = 12
[ERROR][2015-11-09 22:42:35,482][com.java.SeleniumDriver] [ 1525] - Platform Errors : Our apologies...::We have encountered an issue with your request.::Our apologies?:We encountered an issue with your request.
[INFO ][2015-11-09 22:42:35,482][com.java.SeleniumDriver] [ 1529] - Length =3
[ERROR][2015-11-09 22:42:35,482][com.java.SeleniumDriver] [ 1532] - Error 0 = Our apologies...
[ERROR][2015-11-09 22:42:35,502][com.java.SeleniumDriver] [ 1532] - Error 1 = We have encountered an issue with your request.
[ERROR][2015-11-09 22:42:35,522][com.java.SeleniumDriver] [ 1532] - Error 2 = Our apologies?:We encountered an issue with your request.
[DEBUG][2015-11-09 22:42:35,552][com.java.SeleniumDriver] [ 1176] - Case found
[DEBUG][2015-11-09 22:42:35,552][com.java.SeleniumDriver] [ 1181] - Incrementing ReportCounters[0]:2
[INFO ][2015-11-09 22:42:35,552][com.java.SeleniumDriver] [ 1200] - The results are-------------------[12, 28, Projectioans: Forecasting, Fail, 
Test case failed at Step No. :: 28   Error Message ::  Element not found:General. Screen Shot : D:\BankersDashboard\TestReports\110915\12_110915_224235_IE11.png, Mon Nov 09 22:42:35 IST 2015]
[INFO ][2015-11-09 22:42:35,552][com.java.SeleniumDriver] [ 1204] - End time is-------2 min 45 sec
[INFO ][2015-11-09 22:42:35,552][com.java.SeleniumDriver] [ 1205] - The results are-------------------[12, 28, Projectioans: Forecasting, Fail, 
Test case failed at Step No. :: 28   Error Message ::  Element not found:General. Screen Shot : D:\BankersDashboard\TestReports\110915\12_110915_224235_IE11.png, Mon Nov 09 22:42:35 IST 2015]
[DEBUG][2015-11-09 22:42:35,552][com.java.ImportnExport.ExportTestResultsExcel] [  222] - testResultPath = D:\BankersDashboard/TestReports/Test Results_BankersDashBoard_110915_223952_IE11_United Bank.xls
[DEBUG][2015-11-09 22:42:35,552][com.java.ImportnExport.ExportTestResultsExcel] [  223] - browser is------------IE11
[DEBUG][2015-11-09 22:42:35,552][com.java.ImportnExport.ExportTestResultsExcel] [  270] - result.size() = 6
[DEBUG][2015-11-09 22:42:35,552][com.java.ImportnExport.ExportTestResultsExcel] [  274] - No of rows in sheet=2
[DEBUG][2015-11-09 22:42:35,552][com.java.ImportnExport.ExportTestResultsExcel] [  301] - ..in export..12
[DEBUG][2015-11-09 22:42:35,552][com.java.ImportnExport.ExportTestResultsExcel] [  301] - ..in export..Projectioans: Forecasting
[DEBUG][2015-11-09 22:42:35,552][com.java.ImportnExport.ExportTestResultsExcel] [  301] - ..in export..Fail
[DEBUG][2015-11-09 22:42:35,552][com.java.ImportnExport.ExportTestResultsExcel] [  301] - ..in export..
Test case failed at Step No. :: 28   Error Message ::  Element not found:General. Screen Shot : D:\BankersDashboard\TestReports\110915\12_110915_224235_IE11.png
[DEBUG][2015-11-09 22:42:35,552][com.java.ImportnExport.ExportTestResultsExcel] [  301] - ..in export..Mon Nov 09 22:42:35 IST 2015
[INFO ][2015-11-09 22:42:35,552][com.java.SeleniumDriver] [ 1263] - out loop:1 size:2 TestCases:[1, 12] testcases:[1, 12]
[INFO ][2015-11-09 22:42:37,552][com.java.SeleniumDriver] [ 1306] - Total Number of Cases:2
[INFO ][2015-11-09 22:42:37,552][com.java.TemplateGenerator] [  302] - Executed:2
[INFO ][2015-11-09 22:42:37,552][com.java.TemplateGenerator] [  303] - Passed:1
[INFO ][2015-11-09 22:42:37,552][com.java.TemplateGenerator] [  304] - Failed:1
[INFO ][2015-11-09 22:42:37,552][com.java.TemplateGenerator] [  305] - Skipeed:0
[INFO ][2015-11-09 22:42:37,552][com.java.TemplateGenerator] [  306] - Application URL:https://clients-xuat.bankersdashboard.com
[INFO ][2015-11-09 22:42:37,552][com.java.TemplateGenerator] [  307] - Start Time:110915_223952
[INFO ][2015-11-09 22:42:37,552][com.java.TemplateGenerator] [  308] -  Creating HTML Report 
[ERROR][2015-11-09 22:42:37,552][com.java.TemplateGenerator] [  409] - Unparseable date: "Mon Nov 09 10:39:52 IST 2015"
[INFO ][2015-11-09 22:42:37,552][com.java.TemplateGenerator] [  654] -  Exporting case :: 1
[INFO ][2015-11-09 22:42:37,552][com.java.TemplateGenerator] [  654] -  Exporting case :: 12
[INFO ][2015-11-09 22:42:37,552][com.java.SeleniumDriver] [ 1355] - End Time:110915_224237
[INFO ][2015-11-09 22:42:37,552][com.java.SeleniumDriver] [ 1358] - Data in Test Execution Details:{1=PASS, 12=FAILTest case failed at Step No. :: 28   Error Message ::  Element not found:General}
[INFO ][2015-11-09 22:42:37,552][com.java.SeleniumDriver] [ 1359] - Data in Failed Execution Deatils:{}
[INFO ][2015-11-09 22:42:37,552][com.java.SeleniumDriver] [ 1361] - ReportCounter:Total:2 :: PASS: 1 ::FAIL: 1
[INFO ][2015-11-09 22:42:37,552][com.java.SeleniumDriver] [ 1362] - FailedReportCounter:Total:0 :: PASS: 0 ::FAIL: 0
[INFO ][2015-11-09 22:42:37,553][com.java.EmailTestReport] [   63] - Sending report mail details:
[INFO ][2015-11-09 22:42:37,553][com.java.EmailTestReport] [   80] - Excel Report Path:D:\BankersDashboard/TestReports/Test Results_BankersDashBoard_110915_223952_IE11_United Bank.xls
[INFO ][2015-11-09 22:42:37,553][com.java.EmailTestReport] [   81] - HTML Report Path:D:\BankersDashboard//TestReports//Test Results_BankersDashBoard_110915_223952_IE11_United Bank.html
[INFO ][2015-11-09 22:42:37,553][com.java.EmailTestReport] [   82] - smtpHostName:mail01.valuelabs.com
[INFO ][2015-11-09 22:42:37,553][com.java.EmailTestReport] [   83] - Recipient:venkateswararao.gubbala@valuelabs.com
[INFO ][2015-11-09 22:42:37,553][com.java.EmailTestReport] [   84] - From:venkateswararao.gubbala@valuelabs.com
[INFO ][2015-11-09 22:42:37,553][com.java.EmailTestReport] [   85] - Subject:Deluxe Corp Bankers Dashboard Automation Test Report - United Bank - IE11
[INFO ][2015-11-09 22:42:37,573][com.java.EmailTestReport] [  143] -  Added venkateswararao.gubbala@valuelabs.com
[INFO ][2015-11-09 22:42:40,983][com.java.SeleniumDriver] [  719] - quitting the browser 
[INFO ][2015-11-09 22:42:42,290][com.java.SeleniumDriver] [  263] - Execution Completed Stopping the thread
