[INFO ][2015-12-14 19:45:16,118][com.java.SeleniumDriver] [  213] - Execute Failed Casesfalse
[INFO ][2015-12-14 19:45:16,118][com.java.SeleniumDriver] [  214] - Browser: IE10
[INFO ][2015-12-14 19:45:16,118][com.java.SeleniumDriver] [  215] - [23]
[INFO ][2015-12-14 19:45:16,118][com.java.SeleniumDriver] [  216] - Total TestCases:1
[INFO ][2015-12-14 19:45:16,118][com.java.SeleniumDriver] [  217] -  Reading Properties from Property File 
[DEBUG][2015-12-14 19:45:16,118][com.java.SeleniumDriver] [  238] - url : https://clients-xuat.bankersdashboard.com
[INFO ][2015-12-14 19:45:16,118][com.java.ImportnExport.ExportTestResultsExcel] [  116] - Time Stamp Mon Dec 14 07:45:16 IST 2015
[INFO ][2015-12-14 19:45:16,118][com.java.ImportnExport.ExportTestResultsExcel] [  175] - OUT FILE : D:\BankersDashboard/TestReports/Test Results_BankersDashBoard_121415_194516_IE10_Any Bank USA.xls
[INFO ][2015-12-14 19:45:16,139][com.java.ImportnExport.ExportTestResultsExcel] [  180] - Test Result file is created
[DEBUG][2015-12-14 19:45:16,239][com.java.SeleniumDriver] [  426] - Hub ip address is-------172.17.68.34
[INFO ][2015-12-14 19:45:16,239][com.java.SeleniumDriver] [  452] - Grid URL:http://172.17.68.34:4444/wd/hub
[INFO ][2015-12-14 19:45:16,239][com.java.SeleniumDriver] [  453] - Capability:Capabilities [{platform=ANY, ensureCleanSession=true, ignoreProtectedModeSettings=true, acceptSslCerts=true, ignoreZoomSetting=true, browserName=internet explorer, browserstack.ie.noFlash=true, version=null}]
[ERROR][2015-12-14 19:45:17,549][com.java.SeleniumDriver] [  497] - Unable invoke browser in grid:Could not start a new session. Possible causes are invalid address of the remote server or browser start-up failure.
Build info: version: '2.48.2', revision: '41bccdd', time: '2015-10-09 19:59:12'
System info: host: 'FVTIII438F1D', ip: '172.17.68.34', os.name: 'Windows 7', os.arch: 'x86', os.version: '6.1', java.version: '1.7.0_55'
Driver info: driver.version: SeleniumDriver
[INFO ][2015-12-14 19:45:17,549][com.java.SeleniumDriver] [  499] - Executing on local machine
[INFO ][2015-12-14 19:45:27,007][com.java.SeleniumDriver] [  248] - IE10is opened
[INFO ][2015-12-14 19:45:27,887][com.java.SeleniumDriver] [  754] - Test cases to be executed are: [23]
[INFO ][2015-12-14 19:45:27,908][com.java.ImportnExport.ImportTestDataDetailsExcel] [   49] - test data details path===== D:\BankersDashboard\TestInputs\TestData.xls
[INFO ][2015-12-14 19:45:29,538][com.java.SeleniumDriver] [  821] - ------------------------------------------
[INFO ][2015-12-14 19:45:29,538][com.java.SeleniumDriver] [  822] - Test case being Executed: 23
[INFO ][2015-12-14 19:45:29,538][com.java.SeleniumDriver] [  833] - Test step:1
[INFO ][2015-12-14 19:45:29,538][com.java.SeleniumDriver] [  845] - Datavalue is----------dt:Logout
[INFO ][2015-12-14 19:45:29,538][com.java.SeleniumDriver] [  869] - DataField : BTN
[INFO ][2015-12-14 19:45:29,538][com.java.SeleniumDriver] [  871] - DataValue : dt:Logout
[INFO ][2015-12-14 19:45:29,538][com.java.SeleniumDriver] [  877] - <In Set values of the page>
[INFO ][2015-12-14 19:45:29,538][com.java.SeleniumDriver] [  880] - {Data Fields & Data Values Exist}
[INFO ][2015-12-14 19:45:29,538][com.java.SeleniumDriver] [  882] - --------------------------setting values-----------------------------
[INFO ][2015-12-14 19:45:29,538][com.java.SeleniumDriver] [  885] - Action Type : Verify
[INFO ][2015-12-14 19:45:29,559][com.java.TestType] [ 6801] - field= BTN value= dt:Logout
[INFO ][2015-12-14 19:45:29,559][com.java.TestType] [ 5495] - ERROR : Unable to find the value for the Parameter 'dt:Logout1' in the Hasp Map.
[INFO ][2015-12-14 19:45:29,559][com.java.TestType] [ 5502] - value = dt:Logout1
[DEBUG][2015-12-14 19:46:05,927][com.java.TestType] [ 6489] - dt:Logout1   :: Element not Found
[ERROR][2015-12-14 19:46:23,187][com.java.TestType] [ 7514] - Assertion Error: 
[INFO ][2015-12-14 19:46:23,187][com.java.SeleniumDriver] [  894] -  RESULT false
[INFO ][2015-12-14 19:46:23,187][com.java.SeleniumDriver] [  941] - ?   F A I L   ?
[INFO ][2015-12-14 19:46:23,188][com.java.SeleniumDriver] [  949] - Browser Type : IE10
[INFO ][2015-12-14 19:46:23,188][com.java.SeleniumDriver] [  950] - Adding Failed case23
[DEBUG][2015-12-14 19:46:23,830][com.java.SeleniumDriver] [ 1018] -  tdd.getCondition() IF:3:Next
[INFO ][2015-12-14 19:46:23,830][com.java.SeleniumDriver] [ 1022] - Continue next step...
[INFO ][2015-12-14 19:46:23,831][com.java.SeleniumDriver] [  821] - ------------------------------------------
[INFO ][2015-12-14 19:46:23,831][com.java.SeleniumDriver] [  822] - Test case being Executed: 23
[INFO ][2015-12-14 19:46:23,831][com.java.SeleniumDriver] [  833] - Test step:2
[INFO ][2015-12-14 19:46:23,831][com.java.SeleniumDriver] [  845] - Datavalue is----------Concept#1:1-14
[INFO ][2015-12-14 19:46:23,831][com.java.SeleniumDriver] [  869] - DataField : test
[INFO ][2015-12-14 19:46:23,831][com.java.SeleniumDriver] [  871] - DataValue : Concept#1:1-14
[INFO ][2015-12-14 19:46:23,831][com.java.SeleniumDriver] [  877] - <In Set values of the page>
[INFO ][2015-12-14 19:46:23,831][com.java.SeleniumDriver] [  880] - {Data Fields & Data Values Exist}
[INFO ][2015-12-14 19:46:23,832][com.java.SeleniumDriver] [  882] - --------------------------setting values-----------------------------
[INFO ][2015-12-14 19:46:23,832][com.java.SeleniumDriver] [  885] - Action Type : ExecuteTestCase
[INFO ][2015-12-14 19:46:23,832][com.java.TestType] [  437] - The Concept sheet name is ---------- Concept
[INFO ][2015-12-14 19:46:23,832][com.java.TestType] [  440] - The Concept ID  is ---------- 1
[DEBUG][2015-12-14 19:46:23,832][com.java.TestType] [  444] - Steps being executted in the Concept are: 1:14
[INFO ][2015-12-14 19:46:23,832][com.java.TestType] [  451] - Test data details path ---------- D:\BankersDashboard\TestInputs\TestData.xls
[INFO ][2015-12-14 19:46:24,419][com.java.TestType] [  482] -  str(1) = 1
[INFO ][2015-12-14 19:46:24,419][com.java.TestType] [  485] - Test case Id is---1
[INFO ][2015-12-14 19:46:24,420][com.java.TestType] [  487] - 1
[INFO ][2015-12-14 19:46:24,420][com.java.TestType] [  482] -  str(2) = 1
[INFO ][2015-12-14 19:46:24,423][com.java.TestType] [  534] - row values are--------{1=com.java.Objects.TestDataDetails@1295985}
[INFO ][2015-12-14 19:46:24,423][com.java.TestType] [  482] -  str(1) = 1
[INFO ][2015-12-14 19:46:24,423][com.java.TestType] [  485] - Test case Id is---1
[INFO ][2015-12-14 19:46:24,423][com.java.TestType] [  487] - 1
[INFO ][2015-12-14 19:46:24,423][com.java.TestType] [  482] -  str(2) = 2
[INFO ][2015-12-14 19:46:24,424][com.java.TestType] [  534] - row values are--------{1=com.java.Objects.TestDataDetails@1295985, 2=com.java.Objects.TestDataDetails@1ca3af1}
[INFO ][2015-12-14 19:46:24,424][com.java.TestType] [  482] -  str(1) = 1
[INFO ][2015-12-14 19:46:24,424][com.java.TestType] [  485] - Test case Id is---1
[INFO ][2015-12-14 19:46:24,424][com.java.TestType] [  487] - 1
[INFO ][2015-12-14 19:46:24,424][com.java.TestType] [  482] -  str(2) = 3
[INFO ][2015-12-14 19:46:24,425][com.java.TestType] [  534] - row values are--------{1=com.java.Objects.TestDataDetails@1295985, 2=com.java.Objects.TestDataDetails@1ca3af1, 3=com.java.Objects.TestDataDetails@16f48e4}
[INFO ][2015-12-14 19:46:24,425][com.java.TestType] [  482] -  str(1) = 1
[INFO ][2015-12-14 19:46:24,425][com.java.TestType] [  485] - Test case Id is---1
[INFO ][2015-12-14 19:46:24,425][com.java.TestType] [  487] - 1
[INFO ][2015-12-14 19:46:24,425][com.java.TestType] [  482] -  str(2) = 4
[INFO ][2015-12-14 19:46:24,426][com.java.TestType] [  534] - row values are--------{1=com.java.Objects.TestDataDetails@1295985, 2=com.java.Objects.TestDataDetails@1ca3af1, 3=com.java.Objects.TestDataDetails@16f48e4, 4=com.java.Objects.TestDataDetails@aef321}
[INFO ][2015-12-14 19:46:24,426][com.java.TestType] [  482] -  str(1) = 1
[INFO ][2015-12-14 19:46:24,426][com.java.TestType] [  485] - Test case Id is---1
[INFO ][2015-12-14 19:46:24,426][com.java.TestType] [  487] - 1
[INFO ][2015-12-14 19:46:24,426][com.java.TestType] [  482] -  str(2) = 5
[INFO ][2015-12-14 19:46:24,427][com.java.TestType] [  534] - row values are--------{1=com.java.Objects.TestDataDetails@1295985, 2=com.java.Objects.TestDataDetails@1ca3af1, 3=com.java.Objects.TestDataDetails@16f48e4, 4=com.java.Objects.TestDataDetails@aef321, 5=com.java.Objects.TestDataDetails@17587f0}
[INFO ][2015-12-14 19:46:24,427][com.java.TestType] [  482] -  str(1) = 1
[INFO ][2015-12-14 19:46:24,427][com.java.TestType] [  485] - Test case Id is---1
[INFO ][2015-12-14 19:46:24,428][com.java.TestType] [  487] - 1
[INFO ][2015-12-14 19:46:24,428][com.java.TestType] [  482] -  str(2) = 6
[INFO ][2015-12-14 19:46:24,428][com.java.TestType] [  534] - row values are--------{1=com.java.Objects.TestDataDetails@1295985, 2=com.java.Objects.TestDataDetails@1ca3af1, 3=com.java.Objects.TestDataDetails@16f48e4, 4=com.java.Objects.TestDataDetails@aef321, 5=com.java.Objects.TestDataDetails@17587f0, 6=com.java.Objects.TestDataDetails@d6af7e}
[INFO ][2015-12-14 19:46:24,429][com.java.TestType] [  482] -  str(1) = 1
[INFO ][2015-12-14 19:46:24,429][com.java.TestType] [  485] - Test case Id is---1
[INFO ][2015-12-14 19:46:24,429][com.java.TestType] [  487] - 1
[INFO ][2015-12-14 19:46:24,429][com.java.TestType] [  482] -  str(2) = 7
[INFO ][2015-12-14 19:46:24,430][com.java.TestType] [  534] - row values are--------{1=com.java.Objects.TestDataDetails@1295985, 2=com.java.Objects.TestDataDetails@1ca3af1, 3=com.java.Objects.TestDataDetails@16f48e4, 4=com.java.Objects.TestDataDetails@aef321, 5=com.java.Objects.TestDataDetails@17587f0, 6=com.java.Objects.TestDataDetails@d6af7e, 7=com.java.Objects.TestDataDetails@23a27}
[INFO ][2015-12-14 19:46:24,430][com.java.TestType] [  482] -  str(1) = 1
[INFO ][2015-12-14 19:46:24,430][com.java.TestType] [  485] - Test case Id is---1
[INFO ][2015-12-14 19:46:24,430][com.java.TestType] [  487] - 1
[INFO ][2015-12-14 19:46:24,430][com.java.TestType] [  482] -  str(2) = 8
[INFO ][2015-12-14 19:46:24,431][com.java.TestType] [  534] - row values are--------{1=com.java.Objects.TestDataDetails@1295985, 2=com.java.Objects.TestDataDetails@1ca3af1, 3=com.java.Objects.TestDataDetails@16f48e4, 4=com.java.Objects.TestDataDetails@aef321, 5=com.java.Objects.TestDataDetails@17587f0, 6=com.java.Objects.TestDataDetails@d6af7e, 7=com.java.Objects.TestDataDetails@23a27, 8=com.java.Objects.TestDataDetails@ab61}
[INFO ][2015-12-14 19:46:24,431][com.java.TestType] [  482] -  str(1) = 1
[INFO ][2015-12-14 19:46:24,431][com.java.TestType] [  485] - Test case Id is---1
[INFO ][2015-12-14 19:46:24,431][com.java.TestType] [  487] - 1
[INFO ][2015-12-14 19:46:24,432][com.java.TestType] [  482] -  str(2) = 9
[INFO ][2015-12-14 19:46:24,432][com.java.TestType] [  534] - row values are--------{1=com.java.Objects.TestDataDetails@1295985, 2=com.java.Objects.TestDataDetails@1ca3af1, 3=com.java.Objects.TestDataDetails@16f48e4, 4=com.java.Objects.TestDataDetails@aef321, 5=com.java.Objects.TestDataDetails@17587f0, 6=com.java.Objects.TestDataDetails@d6af7e, 7=com.java.Objects.TestDataDetails@23a27, 8=com.java.Objects.TestDataDetails@ab61, 9=com.java.Objects.TestDataDetails@5362ab}
[INFO ][2015-12-14 19:46:24,432][com.java.TestType] [  482] -  str(1) = 1
[INFO ][2015-12-14 19:46:24,432][com.java.TestType] [  485] - Test case Id is---1
[INFO ][2015-12-14 19:46:24,432][com.java.TestType] [  487] - 1
[INFO ][2015-12-14 19:46:24,433][com.java.TestType] [  482] -  str(2) = 10
[INFO ][2015-12-14 19:46:24,433][com.java.TestType] [  534] - row values are--------{1=com.java.Objects.TestDataDetails@1295985, 2=com.java.Objects.TestDataDetails@1ca3af1, 3=com.java.Objects.TestDataDetails@16f48e4, 4=com.java.Objects.TestDataDetails@aef321, 5=com.java.Objects.TestDataDetails@17587f0, 6=com.java.Objects.TestDataDetails@d6af7e, 7=com.java.Objects.TestDataDetails@23a27, 8=com.java.Objects.TestDataDetails@ab61, 9=com.java.Objects.TestDataDetails@5362ab, 10=com.java.Objects.TestDataDetails@d2479d}
[INFO ][2015-12-14 19:46:24,433][com.java.TestType] [  482] -  str(1) = 1
[INFO ][2015-12-14 19:46:24,433][com.java.TestType] [  485] - Test case Id is---1
[INFO ][2015-12-14 19:46:24,433][com.java.TestType] [  487] - 1
[INFO ][2015-12-14 19:46:24,434][com.java.TestType] [  482] -  str(2) = 11
[INFO ][2015-12-14 19:46:24,434][com.java.TestType] [  534] - row values are--------{1=com.java.Objects.TestDataDetails@1295985, 2=com.java.Objects.TestDataDetails@1ca3af1, 3=com.java.Objects.TestDataDetails@16f48e4, 4=com.java.Objects.TestDataDetails@aef321, 5=com.java.Objects.TestDataDetails@17587f0, 6=com.java.Objects.TestDataDetails@d6af7e, 7=com.java.Objects.TestDataDetails@23a27, 8=com.java.Objects.TestDataDetails@ab61, 9=com.java.Objects.TestDataDetails@5362ab, 10=com.java.Objects.TestDataDetails@d2479d, 11=com.java.Objects.TestDataDetails@353cf}
[INFO ][2015-12-14 19:46:24,434][com.java.TestType] [  482] -  str(1) = 1
[INFO ][2015-12-14 19:46:24,434][com.java.TestType] [  485] - Test case Id is---1
[INFO ][2015-12-14 19:46:24,434][com.java.TestType] [  487] - 1
[INFO ][2015-12-14 19:46:24,435][com.java.TestType] [  482] -  str(2) = 12
[INFO ][2015-12-14 19:46:24,435][com.java.TestType] [  534] - row values are--------{1=com.java.Objects.TestDataDetails@1295985, 2=com.java.Objects.TestDataDetails@1ca3af1, 3=com.java.Objects.TestDataDetails@16f48e4, 4=com.java.Objects.TestDataDetails@aef321, 5=com.java.Objects.TestDataDetails@17587f0, 6=com.java.Objects.TestDataDetails@d6af7e, 7=com.java.Objects.TestDataDetails@23a27, 8=com.java.Objects.TestDataDetails@ab61, 9=com.java.Objects.TestDataDetails@5362ab, 10=com.java.Objects.TestDataDetails@d2479d, 11=com.java.Objects.TestDataDetails@353cf, 12=com.java.Objects.TestDataDetails@65cc33}
[INFO ][2015-12-14 19:46:24,435][com.java.TestType] [  482] -  str(1) = 1
[INFO ][2015-12-14 19:46:24,435][com.java.TestType] [  485] - Test case Id is---1
[INFO ][2015-12-14 19:46:24,436][com.java.TestType] [  487] - 1
[INFO ][2015-12-14 19:46:24,436][com.java.TestType] [  482] -  str(2) = 13
[INFO ][2015-12-14 19:46:24,436][com.java.TestType] [  534] - row values are--------{1=com.java.Objects.TestDataDetails@1295985, 2=com.java.Objects.TestDataDetails@1ca3af1, 3=com.java.Objects.TestDataDetails@16f48e4, 4=com.java.Objects.TestDataDetails@aef321, 5=com.java.Objects.TestDataDetails@17587f0, 6=com.java.Objects.TestDataDetails@d6af7e, 7=com.java.Objects.TestDataDetails@23a27, 8=com.java.Objects.TestDataDetails@ab61, 9=com.java.Objects.TestDataDetails@5362ab, 10=com.java.Objects.TestDataDetails@d2479d, 11=com.java.Objects.TestDataDetails@353cf, 12=com.java.Objects.TestDataDetails@65cc33, 13=com.java.Objects.TestDataDetails@1393f65}
[INFO ][2015-12-14 19:46:24,436][com.java.TestType] [  482] -  str(1) = 1
[INFO ][2015-12-14 19:46:24,436][com.java.TestType] [  485] - Test case Id is---1
[INFO ][2015-12-14 19:46:24,437][com.java.TestType] [  487] - 1
[INFO ][2015-12-14 19:46:24,437][com.java.TestType] [  482] -  str(2) = 14
[INFO ][2015-12-14 19:46:24,437][com.java.TestType] [  534] - row values are--------{1=com.java.Objects.TestDataDetails@1295985, 2=com.java.Objects.TestDataDetails@1ca3af1, 3=com.java.Objects.TestDataDetails@16f48e4, 4=com.java.Objects.TestDataDetails@aef321, 5=com.java.Objects.TestDataDetails@17587f0, 6=com.java.Objects.TestDataDetails@d6af7e, 7=com.java.Objects.TestDataDetails@23a27, 8=com.java.Objects.TestDataDetails@ab61, 9=com.java.Objects.TestDataDetails@5362ab, 10=com.java.Objects.TestDataDetails@d2479d, 11=com.java.Objects.TestDataDetails@353cf, 12=com.java.Objects.TestDataDetails@65cc33, 13=com.java.Objects.TestDataDetails@1393f65, 14=com.java.Objects.TestDataDetails@be55d1}
[INFO ][2015-12-14 19:46:24,437][com.java.TestType] [10115] - Looping 1TCID = 1
[DEBUG][2015-12-14 19:46:24,438][com.java.TestType] [10156] - Concept ID:1 :: Step being Executed: 1::1
[INFO ][2015-12-14 19:46:24,438][com.java.TestType] [10194] - dataFields : TXTusername
[DEBUG][2015-12-14 19:46:24,438][com.java.TestType] [10200] - <In Set values of the page>
[DEBUG][2015-12-14 19:46:24,438][com.java.TestType] [10205] - {Data Fields & Data Values Exist}
[INFO ][2015-12-14 19:46:24,438][com.java.TestType] [10211] - --------------------------setting values-----------------------------
[INFO ][2015-12-14 19:46:24,438][com.java.TestType] [10214] - Action Type : CLEARANDENTER
[INFO ][2015-12-14 19:46:24,438][com.java.TestType] [ 5502] - value = naresh.nayini.00000
[INFO ][2015-12-14 19:46:29,265][com.java.TestType] [10233] -  RESULT true
[INFO ][2015-12-14 19:46:29,265][com.java.TestType] [10350] - ?   P A S S   ?
[DEBUG][2015-12-14 19:46:29,265][com.java.TestType] [10156] - Concept ID:1 :: Step being Executed: 1::2
[INFO ][2015-12-14 19:46:29,265][com.java.TestType] [10194] - dataFields : TXTpassword
[DEBUG][2015-12-14 19:46:29,265][com.java.TestType] [10200] - <In Set values of the page>
[DEBUG][2015-12-14 19:46:29,265][com.java.TestType] [10205] - {Data Fields & Data Values Exist}
[INFO ][2015-12-14 19:46:29,265][com.java.TestType] [10211] - --------------------------setting values-----------------------------
[INFO ][2015-12-14 19:46:29,265][com.java.TestType] [10214] - Action Type : CLEARANDENTER
[INFO ][2015-12-14 19:46:29,266][com.java.TestType] [ 5502] - value = Password1*
[INFO ][2015-12-14 19:46:34,162][com.java.TestType] [10233] -  RESULT true
[INFO ][2015-12-14 19:46:34,162][com.java.TestType] [10350] - ?   P A S S   ?
[DEBUG][2015-12-14 19:46:34,162][com.java.TestType] [10156] - Concept ID:1 :: Step being Executed: 1::3
[ERROR][2015-12-14 19:46:34,162][com.java.TestType] [10189] - Exception: null
[INFO ][2015-12-14 19:46:34,162][com.java.TestType] [10194] - dataFields : XPH//button[@type='submit']
[DEBUG][2015-12-14 19:46:34,162][com.java.TestType] [10200] - <In Set values of the page>
[DEBUG][2015-12-14 19:46:34,162][com.java.TestType] [10205] - {Data Fields & Data Values Exist}
[INFO ][2015-12-14 19:46:34,162][com.java.TestType] [10211] - --------------------------setting values-----------------------------
[INFO ][2015-12-14 19:46:34,163][com.java.TestType] [10214] - Action Type : Click
[INFO ][2015-12-14 19:46:34,163][com.java.TestType] [ 5858] - Field ::XPH//button[@type='submit']
[INFO ][2015-12-14 19:46:34,163][com.java.TestType] [ 5502] - value = 
[INFO ][2015-12-14 19:46:35,165][com.java.TestType] [ 5995] - BEFORE CLICK
[INFO ][2015-12-14 19:46:36,283][com.java.TestType] [ 6003] - Unable to click the object Login
[INFO ][2015-12-14 19:46:36,283][com.java.TestType] [10233] -  RESULT true
[INFO ][2015-12-14 19:46:36,283][com.java.TestType] [10350] - ?   P A S S   ?
[DEBUG][2015-12-14 19:46:36,283][com.java.TestType] [10156] - Concept ID:1 :: Step being Executed: 1::4
[INFO ][2015-12-14 19:46:36,283][com.java.TestType] [10194] - dataFields : LNKLogout
[DEBUG][2015-12-14 19:46:36,283][com.java.TestType] [10200] - <In Set values of the page>
[DEBUG][2015-12-14 19:46:36,283][com.java.TestType] [10205] - {Data Fields & Data Values Exist}
[INFO ][2015-12-14 19:46:36,283][com.java.TestType] [10211] - --------------------------setting values-----------------------------
[INFO ][2015-12-14 19:46:36,283][com.java.TestType] [10214] - Action Type : WaitForElement
[INFO ][2015-12-14 19:46:44,136][com.java.TestType] [10233] -  RESULT true
[INFO ][2015-12-14 19:46:44,136][com.java.TestType] [10350] - ?   P A S S   ?
[DEBUG][2015-12-14 19:46:44,136][com.java.TestType] [10156] - Concept ID:1 :: Step being Executed: 1::13
[INFO ][2015-12-14 19:46:44,136][com.java.TestType] [10194] - dataFields : LNK
[DEBUG][2015-12-14 19:46:44,136][com.java.TestType] [10200] - <In Set values of the page>
[DEBUG][2015-12-14 19:46:44,136][com.java.TestType] [10205] - {Data Fields & Data Values Exist}
[INFO ][2015-12-14 19:46:44,136][com.java.TestType] [10211] - --------------------------setting values-----------------------------
[INFO ][2015-12-14 19:46:44,137][com.java.TestType] [10214] - Action Type : Verify
[INFO ][2015-12-14 19:46:44,137][com.java.TestType] [ 6801] - field= LNK value= Logout
[INFO ][2015-12-14 19:46:44,137][com.java.TestType] [ 5502] - value = Logout
[INFO ][2015-12-14 19:46:44,170][com.java.TestType] [10233] -  RESULT true
[INFO ][2015-12-14 19:46:44,170][com.java.TestType] [10350] - ?   P A S S   ?
[DEBUG][2015-12-14 19:46:44,170][com.java.TestType] [10156] - Concept ID:1 :: Step being Executed: 1::14
[INFO ][2015-12-14 19:46:44,170][com.java.TestType] [10194] - dataFields : BTN
[DEBUG][2015-12-14 19:46:44,170][com.java.TestType] [10200] - <In Set values of the page>
[DEBUG][2015-12-14 19:46:44,170][com.java.TestType] [10205] - {Data Fields & Data Values Exist}
[INFO ][2015-12-14 19:46:44,170][com.java.TestType] [10211] - --------------------------setting values-----------------------------
[INFO ][2015-12-14 19:46:44,170][com.java.TestType] [10214] - Action Type : Verify
[INFO ][2015-12-14 19:46:44,170][com.java.TestType] [ 6801] - field= BTN value= //img[contains(@src,'bdlogo.jpg')]
[INFO ][2015-12-14 19:46:44,171][com.java.TestType] [ 5502] - value = //img[contains(@src,'bdlogo.jpg')]
[INFO ][2015-12-14 19:46:44,225][com.java.TestType] [10233] -  RESULT true
[INFO ][2015-12-14 19:46:44,225][com.java.TestType] [10350] - ?   P A S S   ?
[INFO ][2015-12-14 19:46:44,225][com.java.TestType] [10421] - Looping End......
[INFO ][2015-12-14 19:46:44,226][com.java.SeleniumDriver] [  894] -  RESULT true
[INFO ][2015-12-14 19:46:44,226][com.java.SeleniumDriver] [ 1100] - ?   P A S S   ?
[INFO ][2015-12-14 19:46:44,226][com.java.SeleniumDriver] [  821] - ------------------------------------------
[INFO ][2015-12-14 19:46:44,226][com.java.SeleniumDriver] [  822] - Test case being Executed: 23
[INFO ][2015-12-14 19:46:44,226][com.java.SeleniumDriver] [  833] - Test step:3
[INFO ][2015-12-14 19:46:44,226][com.java.SeleniumDriver] [  845] - Datavalue is----------Concept#2:1-2
[INFO ][2015-12-14 19:46:44,226][com.java.SeleniumDriver] [  869] - DataField : test
[INFO ][2015-12-14 19:46:44,226][com.java.SeleniumDriver] [  871] - DataValue : Concept#2:1-2
[INFO ][2015-12-14 19:46:44,226][com.java.SeleniumDriver] [  877] - <In Set values of the page>
[INFO ][2015-12-14 19:46:44,227][com.java.SeleniumDriver] [  880] - {Data Fields & Data Values Exist}
[INFO ][2015-12-14 19:46:44,227][com.java.SeleniumDriver] [  882] - --------------------------setting values-----------------------------
[INFO ][2015-12-14 19:46:44,227][com.java.SeleniumDriver] [  885] - Action Type : ExecuteTestCase
[INFO ][2015-12-14 19:46:44,227][com.java.TestType] [  437] - The Concept sheet name is ---------- Concept
[INFO ][2015-12-14 19:46:44,227][com.java.TestType] [  440] - The Concept ID  is ---------- 2
[DEBUG][2015-12-14 19:46:44,227][com.java.TestType] [  444] - Steps being executted in the Concept are: 1:2
[INFO ][2015-12-14 19:46:44,227][com.java.TestType] [  451] - Test data details path ---------- D:\BankersDashboard\TestInputs\TestData.xls
[INFO ][2015-12-14 19:46:44,822][com.java.TestType] [  482] -  str(1) = 2
[INFO ][2015-12-14 19:46:44,822][com.java.TestType] [  485] - Test case Id is---2
[INFO ][2015-12-14 19:46:44,822][com.java.TestType] [  487] - 2
[INFO ][2015-12-14 19:46:44,822][com.java.TestType] [  482] -  str(2) = 1
[INFO ][2015-12-14 19:46:44,824][com.java.TestType] [  534] - row values are--------{1=com.java.Objects.TestDataDetails@45b424}
[INFO ][2015-12-14 19:46:44,824][com.java.TestType] [  482] -  str(1) = 2
[INFO ][2015-12-14 19:46:44,824][com.java.TestType] [  485] - Test case Id is---2
[INFO ][2015-12-14 19:46:44,824][com.java.TestType] [  487] - 2
[INFO ][2015-12-14 19:46:44,824][com.java.TestType] [  482] -  str(2) = 2
[INFO ][2015-12-14 19:46:44,825][com.java.TestType] [  534] - row values are--------{1=com.java.Objects.TestDataDetails@45b424, 2=com.java.Objects.TestDataDetails@1f4e70d}
[INFO ][2015-12-14 19:46:44,825][com.java.TestType] [  482] -  str(1) = 2
[INFO ][2015-12-14 19:46:44,825][com.java.TestType] [  485] - Test case Id is---2
[INFO ][2015-12-14 19:46:44,825][com.java.TestType] [  487] - 2
[INFO ][2015-12-14 19:46:44,825][com.java.TestType] [  482] -  str(2) = 3
[INFO ][2015-12-14 19:46:44,825][com.java.TestType] [  534] - row values are--------{1=com.java.Objects.TestDataDetails@45b424, 2=com.java.Objects.TestDataDetails@1f4e70d, 3=com.java.Objects.TestDataDetails@c23849}
[INFO ][2015-12-14 19:46:44,826][com.java.TestType] [10115] - Looping 1TCID = 2
[DEBUG][2015-12-14 19:46:44,826][com.java.TestType] [10156] - Concept ID:2 :: Step being Executed: 2::1
[INFO ][2015-12-14 19:46:44,826][com.java.TestType] [10194] - dataFields : BNK//select[@id='bank']
[DEBUG][2015-12-14 19:46:44,826][com.java.TestType] [10200] - <In Set values of the page>
[DEBUG][2015-12-14 19:46:44,826][com.java.TestType] [10205] - {Data Fields & Data Values Exist}
[INFO ][2015-12-14 19:46:44,826][com.java.TestType] [10211] - --------------------------setting values-----------------------------
[INFO ][2015-12-14 19:46:44,826][com.java.TestType] [10214] - Action Type : Select
[INFO ][2015-12-14 19:46:44,826][com.java.TestType] [ 5502] - value = PFC
[INFO ][2015-12-14 19:46:45,015][com.java.TestType] [10233] -  RESULT true
[INFO ][2015-12-14 19:46:45,015][com.java.TestType] [10350] - ?   P A S S   ?
[DEBUG][2015-12-14 19:46:45,015][com.java.TestType] [10156] - Concept ID:2 :: Step being Executed: 2::2
[INFO ][2015-12-14 19:46:45,015][com.java.TestType] [10194] - dataFields : LNKLogout
[DEBUG][2015-12-14 19:46:45,015][com.java.TestType] [10200] - <In Set values of the page>
[DEBUG][2015-12-14 19:46:45,015][com.java.TestType] [10205] - {Data Fields & Data Values Exist}
[INFO ][2015-12-14 19:46:45,015][com.java.TestType] [10211] - --------------------------setting values-----------------------------
[INFO ][2015-12-14 19:46:45,015][com.java.TestType] [10214] - Action Type : WaitTime
[DEBUG][2015-12-14 19:46:45,016][com.java.TestType] [ 5322] - sleepTime: 5000
[INFO ][2015-12-14 19:46:50,016][com.java.TestType] [10233] -  RESULT true
[INFO ][2015-12-14 19:46:50,016][com.java.TestType] [10350] - ?   P A S S   ?
[INFO ][2015-12-14 19:46:50,016][com.java.TestType] [10421] - Looping End......
[INFO ][2015-12-14 19:46:50,017][com.java.SeleniumDriver] [  894] -  RESULT true
[INFO ][2015-12-14 19:46:50,017][com.java.SeleniumDriver] [ 1100] - ?   P A S S   ?
[INFO ][2015-12-14 19:46:50,018][com.java.SeleniumDriver] [  821] - ------------------------------------------
[INFO ][2015-12-14 19:46:50,018][com.java.SeleniumDriver] [  822] - Test case being Executed: 23
[INFO ][2015-12-14 19:46:50,018][com.java.SeleniumDriver] [  833] - Test step:4
[INFO ][2015-12-14 19:46:50,018][com.java.SeleniumDriver] [  845] - Datavalue is----------2
[INFO ][2015-12-14 19:46:50,018][com.java.SeleniumDriver] [  869] - DataField : BTNG/L
[INFO ][2015-12-14 19:46:50,018][com.java.SeleniumDriver] [  871] - DataValue : 2
[INFO ][2015-12-14 19:46:50,018][com.java.SeleniumDriver] [  877] - <In Set values of the page>
[INFO ][2015-12-14 19:46:50,018][com.java.SeleniumDriver] [  880] - {Data Fields & Data Values Exist}
[INFO ][2015-12-14 19:46:50,018][com.java.SeleniumDriver] [  882] - --------------------------setting values-----------------------------
[INFO ][2015-12-14 19:46:50,018][com.java.SeleniumDriver] [  885] - Action Type : WAITFORELEMENT
[INFO ][2015-12-14 19:46:50,062][com.java.SeleniumDriver] [  894] -  RESULT true
[INFO ][2015-12-14 19:46:50,062][com.java.SeleniumDriver] [ 1100] - ?   P A S S   ?
[INFO ][2015-12-14 19:46:50,062][com.java.SeleniumDriver] [  821] - ------------------------------------------
[INFO ][2015-12-14 19:46:50,062][com.java.SeleniumDriver] [  822] - Test case being Executed: 23
[INFO ][2015-12-14 19:46:50,062][com.java.SeleniumDriver] [  833] - Test step:5
[INFO ][2015-12-14 19:46:50,063][com.java.SeleniumDriver] [  845] - Datavalue is----------null
[DEBUG][2015-12-14 19:46:50,063][com.java.SeleniumDriver] [  863] - Exception: null
[INFO ][2015-12-14 19:46:50,063][com.java.SeleniumDriver] [  869] - DataField : //span[@class='icon-hammer']&&//a[text()='Custom Calculations']
[INFO ][2015-12-14 19:46:50,063][com.java.SeleniumDriver] [  871] - DataValue : 
[INFO ][2015-12-14 19:46:50,063][com.java.SeleniumDriver] [  877] - <In Set values of the page>
[INFO ][2015-12-14 19:46:50,063][com.java.SeleniumDriver] [  880] - {Data Fields & Data Values Exist}
[INFO ][2015-12-14 19:46:50,063][com.java.SeleniumDriver] [  882] - --------------------------setting values-----------------------------
[INFO ][2015-12-14 19:46:50,063][com.java.SeleniumDriver] [  885] - Action Type : MOUSEOVER
[INFO ][2015-12-14 19:47:13,087][com.java.SeleniumDriver] [  894] -  RESULT true
[INFO ][2015-12-14 19:47:13,087][com.java.SeleniumDriver] [ 1100] - ?   P A S S   ?
[INFO ][2015-12-14 19:47:13,087][com.java.SeleniumDriver] [  821] - ------------------------------------------
[INFO ][2015-12-14 19:47:13,087][com.java.SeleniumDriver] [  822] - Test case being Executed: 23
[INFO ][2015-12-14 19:47:13,087][com.java.SeleniumDriver] [  833] - Test step:6
[INFO ][2015-12-14 19:47:13,087][com.java.SeleniumDriver] [  845] - Datavalue is----------5
[INFO ][2015-12-14 19:47:13,087][com.java.SeleniumDriver] [  869] - DataField : BTN//iframe[@class='frameTabContent']
[INFO ][2015-12-14 19:47:13,087][com.java.SeleniumDriver] [  871] - DataValue : 5
[INFO ][2015-12-14 19:47:13,087][com.java.SeleniumDriver] [  877] - <In Set values of the page>
[INFO ][2015-12-14 19:47:13,087][com.java.SeleniumDriver] [  880] - {Data Fields & Data Values Exist}
[INFO ][2015-12-14 19:47:13,087][com.java.SeleniumDriver] [  882] - --------------------------setting values-----------------------------
[INFO ][2015-12-14 19:47:13,087][com.java.SeleniumDriver] [  885] - Action Type : waitforelement
[INFO ][2015-12-14 19:47:13,121][com.java.SeleniumDriver] [  894] -  RESULT true
[INFO ][2015-12-14 19:47:13,121][com.java.SeleniumDriver] [ 1100] - ?   P A S S   ?
[INFO ][2015-12-14 19:47:13,121][com.java.SeleniumDriver] [  821] - ------------------------------------------
[INFO ][2015-12-14 19:47:13,121][com.java.SeleniumDriver] [  822] - Test case being Executed: 23
[INFO ][2015-12-14 19:47:13,121][com.java.SeleniumDriver] [  833] - Test step:7
[INFO ][2015-12-14 19:47:13,121][com.java.SeleniumDriver] [  845] - Datavalue is----------5
[INFO ][2015-12-14 19:47:13,121][com.java.SeleniumDriver] [  869] - DataField : XPH//li[@class="inactiveTab"]//a[@title="Custom Calcs"]
[INFO ][2015-12-14 19:47:13,121][com.java.SeleniumDriver] [  871] - DataValue : 5
[INFO ][2015-12-14 19:47:13,121][com.java.SeleniumDriver] [  877] - <In Set values of the page>
[INFO ][2015-12-14 19:47:13,122][com.java.SeleniumDriver] [  880] - {Data Fields & Data Values Exist}
[INFO ][2015-12-14 19:47:13,122][com.java.SeleniumDriver] [  882] - --------------------------setting values-----------------------------
[INFO ][2015-12-14 19:47:13,122][com.java.SeleniumDriver] [  885] - Action Type : waitforelement
[INFO ][2015-12-14 19:47:13,154][com.java.SeleniumDriver] [  894] -  RESULT true
[INFO ][2015-12-14 19:47:13,154][com.java.SeleniumDriver] [ 1100] - ?   P A S S   ?
[INFO ][2015-12-14 19:47:13,154][com.java.SeleniumDriver] [ 1137] - Continue next step...
[INFO ][2015-12-14 19:47:13,154][com.java.SeleniumDriver] [  821] - ------------------------------------------
[INFO ][2015-12-14 19:47:13,154][com.java.SeleniumDriver] [  822] - Test case being Executed: 23
[INFO ][2015-12-14 19:47:13,154][com.java.SeleniumDriver] [  833] - Test step:8
[INFO ][2015-12-14 19:47:13,154][com.java.SeleniumDriver] [  845] - Datavalue is----------null
[DEBUG][2015-12-14 19:47:13,154][com.java.SeleniumDriver] [  863] - Exception: null
[INFO ][2015-12-14 19:47:13,155][com.java.SeleniumDriver] [  869] - DataField : XPH//li[@class="inactiveTab"]//a[@title="Custom Calcs"]
[INFO ][2015-12-14 19:47:13,155][com.java.SeleniumDriver] [  871] - DataValue : 
[INFO ][2015-12-14 19:47:13,155][com.java.SeleniumDriver] [  877] - <In Set values of the page>
[INFO ][2015-12-14 19:47:13,155][com.java.SeleniumDriver] [  880] - {Data Fields & Data Values Exist}
[INFO ][2015-12-14 19:47:13,155][com.java.SeleniumDriver] [  882] - --------------------------setting values-----------------------------
[INFO ][2015-12-14 19:47:13,155][com.java.SeleniumDriver] [  885] - Action Type : click
[INFO ][2015-12-14 19:47:13,155][com.java.TestType] [ 5858] - Field ::XPH//li[@class="inactiveTab"]//a[@title="Custom Calcs"]
[INFO ][2015-12-14 19:47:13,155][com.java.TestType] [ 5502] - value = 
[INFO ][2015-12-14 19:47:14,155][com.java.TestType] [ 5995] - BEFORE CLICK
[INFO ][2015-12-14 19:47:15,000][com.java.TestType] [ 6003] - Unable to click the object click on add button
[INFO ][2015-12-14 19:47:15,000][com.java.SeleniumDriver] [  894] -  RESULT true
[INFO ][2015-12-14 19:47:15,000][com.java.SeleniumDriver] [ 1100] - ?   P A S S   ?
[INFO ][2015-12-14 19:47:15,000][com.java.SeleniumDriver] [  821] - ------------------------------------------
[INFO ][2015-12-14 19:47:15,000][com.java.SeleniumDriver] [  822] - Test case being Executed: 23
[INFO ][2015-12-14 19:47:15,000][com.java.SeleniumDriver] [  833] - Test step:9
[INFO ][2015-12-14 19:47:15,000][com.java.SeleniumDriver] [  845] - Datavalue is----------5
[INFO ][2015-12-14 19:47:15,000][com.java.SeleniumDriver] [  869] - DataField : test
[INFO ][2015-12-14 19:47:15,000][com.java.SeleniumDriver] [  871] - DataValue : 5
[INFO ][2015-12-14 19:47:15,000][com.java.SeleniumDriver] [  877] - <In Set values of the page>
[INFO ][2015-12-14 19:47:15,000][com.java.SeleniumDriver] [  880] - {Data Fields & Data Values Exist}
[INFO ][2015-12-14 19:47:15,000][com.java.SeleniumDriver] [  882] - --------------------------setting values-----------------------------
[INFO ][2015-12-14 19:47:15,001][com.java.SeleniumDriver] [  885] - Action Type : WaitTime
[DEBUG][2015-12-14 19:47:15,001][com.java.TestType] [ 5322] - sleepTime: 5000
[INFO ][2015-12-14 19:47:20,025][com.java.SeleniumDriver] [  894] -  RESULT true
[INFO ][2015-12-14 19:47:20,025][com.java.SeleniumDriver] [ 1100] - ?   P A S S   ?
[INFO ][2015-12-14 19:47:20,025][com.java.SeleniumDriver] [  821] - ------------------------------------------
[INFO ][2015-12-14 19:47:20,025][com.java.SeleniumDriver] [  822] - Test case being Executed: 23
[INFO ][2015-12-14 19:47:20,025][com.java.SeleniumDriver] [  833] - Test step:10
[INFO ][2015-12-14 19:47:20,025][com.java.SeleniumDriver] [  845] - Datavalue is----------null
[DEBUG][2015-12-14 19:47:20,025][com.java.SeleniumDriver] [  863] - Exception: null
[INFO ][2015-12-14 19:47:20,025][com.java.SeleniumDriver] [  869] - DataField : XPH//li[@class="inactiveTab"]//a[@title="Custom Calcs"]//span[@class="closeimg icon-close icon-xs"]
[INFO ][2015-12-14 19:47:20,025][com.java.SeleniumDriver] [  871] - DataValue : 
[INFO ][2015-12-14 19:47:20,025][com.java.SeleniumDriver] [  877] - <In Set values of the page>
[INFO ][2015-12-14 19:47:20,025][com.java.SeleniumDriver] [  880] - {Data Fields & Data Values Exist}
[INFO ][2015-12-14 19:47:20,025][com.java.SeleniumDriver] [  882] - --------------------------setting values-----------------------------
[INFO ][2015-12-14 19:47:20,025][com.java.SeleniumDriver] [  885] - Action Type : click
[INFO ][2015-12-14 19:47:20,025][com.java.TestType] [ 5858] - Field ::XPH//li[@class="inactiveTab"]//a[@title="Custom Calcs"]//span[@class="closeimg icon-close icon-xs"]
[INFO ][2015-12-14 19:47:20,025][com.java.TestType] [ 5502] - value = 
[INFO ][2015-12-14 19:47:21,026][com.java.TestType] [ 5995] - BEFORE CLICK
[INFO ][2015-12-14 19:47:21,866][com.java.TestType] [ 6003] - Unable to click the object click on add button
[INFO ][2015-12-14 19:47:21,866][com.java.SeleniumDriver] [  894] -  RESULT true
[INFO ][2015-12-14 19:47:21,866][com.java.SeleniumDriver] [ 1100] - ?   P A S S   ?
[INFO ][2015-12-14 19:47:21,866][com.java.SeleniumDriver] [  821] - ------------------------------------------
[INFO ][2015-12-14 19:47:21,866][com.java.SeleniumDriver] [  822] - Test case being Executed: 23
[INFO ][2015-12-14 19:47:21,866][com.java.SeleniumDriver] [  833] - Test step:11
[INFO ][2015-12-14 19:47:21,866][com.java.SeleniumDriver] [  845] - Datavalue is----------5
[INFO ][2015-12-14 19:47:21,866][com.java.SeleniumDriver] [  869] - DataField : BTN//iframe[@class='frameTabContent']
[INFO ][2015-12-14 19:47:21,866][com.java.SeleniumDriver] [  871] - DataValue : 5
[INFO ][2015-12-14 19:47:21,866][com.java.SeleniumDriver] [  877] - <In Set values of the page>
[INFO ][2015-12-14 19:47:21,866][com.java.SeleniumDriver] [  880] - {Data Fields & Data Values Exist}
[INFO ][2015-12-14 19:47:21,866][com.java.SeleniumDriver] [  882] - --------------------------setting values-----------------------------
[INFO ][2015-12-14 19:47:21,866][com.java.SeleniumDriver] [  885] - Action Type : waitforelement
[INFO ][2015-12-14 19:47:21,898][com.java.SeleniumDriver] [  894] -  RESULT true
[INFO ][2015-12-14 19:47:21,898][com.java.SeleniumDriver] [ 1100] - ?   P A S S   ?
[INFO ][2015-12-14 19:47:21,898][com.java.SeleniumDriver] [  821] - ------------------------------------------
[INFO ][2015-12-14 19:47:21,898][com.java.SeleniumDriver] [  822] - Test case being Executed: 23
[INFO ][2015-12-14 19:47:21,898][com.java.SeleniumDriver] [  833] - Test step:12
[INFO ][2015-12-14 19:47:21,898][com.java.SeleniumDriver] [  845] - Datavalue is----------null
[DEBUG][2015-12-14 19:47:21,898][com.java.SeleniumDriver] [  863] - Exception: null
[INFO ][2015-12-14 19:47:21,898][com.java.SeleniumDriver] [  869] - DataField : BTN//iframe[@class='frameTabContent']
[INFO ][2015-12-14 19:47:21,898][com.java.SeleniumDriver] [  871] - DataValue : 
[INFO ][2015-12-14 19:47:21,898][com.java.SeleniumDriver] [  877] - <In Set values of the page>
[INFO ][2015-12-14 19:47:21,898][com.java.SeleniumDriver] [  880] - {Data Fields & Data Values Exist}
[INFO ][2015-12-14 19:47:21,898][com.java.SeleniumDriver] [  882] - --------------------------setting values-----------------------------
[INFO ][2015-12-14 19:47:21,898][com.java.SeleniumDriver] [  885] - Action Type : SELECTFRAME
[INFO ][2015-12-14 19:47:21,978][com.java.SeleniumDriver] [  894] -  RESULT true
[INFO ][2015-12-14 19:47:21,978][com.java.SeleniumDriver] [ 1100] - ?   P A S S   ?
[INFO ][2015-12-14 19:47:21,978][com.java.SeleniumDriver] [  821] - ------------------------------------------
[INFO ][2015-12-14 19:47:21,978][com.java.SeleniumDriver] [  822] - Test case being Executed: 23
[INFO ][2015-12-14 19:47:21,978][com.java.SeleniumDriver] [  833] - Test step:13
[INFO ][2015-12-14 19:47:21,978][com.java.SeleniumDriver] [  845] - Datavalue is----------Custom Calculations
[INFO ][2015-12-14 19:47:21,978][com.java.SeleniumDriver] [  869] - DataField : MSG
[INFO ][2015-12-14 19:47:21,978][com.java.SeleniumDriver] [  871] - DataValue : Custom Calculations
[INFO ][2015-12-14 19:47:21,978][com.java.SeleniumDriver] [  877] - <In Set values of the page>
[INFO ][2015-12-14 19:47:21,978][com.java.SeleniumDriver] [  880] - {Data Fields & Data Values Exist}
[INFO ][2015-12-14 19:47:21,978][com.java.SeleniumDriver] [  882] - --------------------------setting values-----------------------------
[INFO ][2015-12-14 19:47:21,978][com.java.SeleniumDriver] [  885] - Action Type : VERIFY
[INFO ][2015-12-14 19:47:21,978][com.java.TestType] [ 6801] - field= MSG value= Custom Calculations
[INFO ][2015-12-14 19:47:21,978][com.java.TestType] [ 5502] - value = Custom Calculations
[DEBUG][2015-12-14 19:47:21,978][com.java.TestType] [ 7622] - value :: Custom Calculations
[INFO ][2015-12-14 19:47:22,008][com.java.SeleniumDriver] [  894] -  RESULT true
[INFO ][2015-12-14 19:47:22,008][com.java.SeleniumDriver] [ 1100] - ?   P A S S   ?
[INFO ][2015-12-14 19:47:22,008][com.java.SeleniumDriver] [  821] - ------------------------------------------
[INFO ][2015-12-14 19:47:22,008][com.java.SeleniumDriver] [  822] - Test case being Executed: 23
[INFO ][2015-12-14 19:47:22,008][com.java.SeleniumDriver] [  833] - Test step:14
[INFO ][2015-12-14 19:47:22,008][com.java.SeleniumDriver] [  845] - Datavalue is----------sample
[INFO ][2015-12-14 19:47:22,008][com.java.SeleniumDriver] [  869] - DataField : TXT//div[@class='dataTables_filter']/label/input
[INFO ][2015-12-14 19:47:22,008][com.java.SeleniumDriver] [  871] - DataValue : sample
[INFO ][2015-12-14 19:47:22,008][com.java.SeleniumDriver] [  877] - <In Set values of the page>
[INFO ][2015-12-14 19:47:22,008][com.java.SeleniumDriver] [  880] - {Data Fields & Data Values Exist}
[INFO ][2015-12-14 19:47:22,008][com.java.SeleniumDriver] [  882] - --------------------------setting values-----------------------------
[INFO ][2015-12-14 19:47:22,008][com.java.SeleniumDriver] [  885] - Action Type : ENTER
[INFO ][2015-12-14 19:47:22,008][com.java.TestType] [ 6256] - field = //div[@class='dataTables_filter']/label/input
[INFO ][2015-12-14 19:47:22,008][com.java.TestType] [ 5502] - value = sample
[INFO ][2015-12-14 19:47:22,348][com.java.SeleniumDriver] [  894] -  RESULT true
[INFO ][2015-12-14 19:47:22,348][com.java.SeleniumDriver] [ 1100] - ?   P A S S   ?
[INFO ][2015-12-14 19:47:22,348][com.java.SeleniumDriver] [  821] - ------------------------------------------
[INFO ][2015-12-14 19:47:22,348][com.java.SeleniumDriver] [  822] - Test case being Executed: 23
[INFO ][2015-12-14 19:47:22,348][com.java.SeleniumDriver] [  833] - Test step:15
[INFO ][2015-12-14 19:47:22,348][com.java.SeleniumDriver] [  845] - Datavalue is----------$_keys
[INFO ][2015-12-14 19:47:22,348][com.java.SeleniumDriver] [  869] - DataField : XPH//label[contains(text(), 'Search')]/input
[INFO ][2015-12-14 19:47:22,348][com.java.SeleniumDriver] [  871] - DataValue : $_keys
[INFO ][2015-12-14 19:47:22,348][com.java.SeleniumDriver] [  877] - <In Set values of the page>
[INFO ][2015-12-14 19:47:22,348][com.java.SeleniumDriver] [  880] - {Data Fields & Data Values Exist}
[INFO ][2015-12-14 19:47:22,348][com.java.SeleniumDriver] [  882] - --------------------------setting values-----------------------------
[INFO ][2015-12-14 19:47:22,348][com.java.SeleniumDriver] [  885] - Action Type : STOREVALUE
[INFO ][2015-12-14 19:47:22,348][com.java.TestType] [ 7981] - field= XPH//label[contains(text(), 'Search')]/input
[DEBUG][2015-12-14 19:47:22,443][com.java.TestType] [ 8033] - Key:: $_keys   Value:: 
[INFO ][2015-12-14 19:47:22,443][com.java.SeleniumDriver] [  894] -  RESULT true
[INFO ][2015-12-14 19:47:22,443][com.java.SeleniumDriver] [ 1100] - ?   P A S S   ?
[INFO ][2015-12-14 19:47:22,443][com.java.SeleniumDriver] [  821] - ------------------------------------------
[INFO ][2015-12-14 19:47:22,443][com.java.SeleniumDriver] [  822] - Test case being Executed: 23
[INFO ][2015-12-14 19:47:22,443][com.java.SeleniumDriver] [  833] - Test step:16
[INFO ][2015-12-14 19:47:22,443][com.java.SeleniumDriver] [  845] - Datavalue is----------HMV$_keys
[INFO ][2015-12-14 19:47:22,443][com.java.SeleniumDriver] [  869] - DataField : XPH//table[contains(@class, 'dataTable no-')]/tbody/tr
[INFO ][2015-12-14 19:47:22,443][com.java.SeleniumDriver] [  871] - DataValue : HMV$_keys
[INFO ][2015-12-14 19:47:22,443][com.java.SeleniumDriver] [  877] - <In Set values of the page>
[INFO ][2015-12-14 19:47:22,443][com.java.SeleniumDriver] [  880] - {Data Fields & Data Values Exist}
[INFO ][2015-12-14 19:47:22,443][com.java.SeleniumDriver] [  882] - --------------------------setting values-----------------------------
[INFO ][2015-12-14 19:47:22,443][com.java.SeleniumDriver] [  885] - Action Type : VERIFY
[INFO ][2015-12-14 19:47:22,443][com.java.TestType] [ 6801] - field= XPH//table[contains(@class, 'dataTable no-')]/tbody/tr value= HMV$_keys
[INFO ][2015-12-14 19:47:22,443][com.java.TestType] [ 5502] - value = 
[INFO ][2015-12-14 19:47:22,563][com.java.SeleniumDriver] [  894] -  RESULT true
[INFO ][2015-12-14 19:47:22,563][com.java.SeleniumDriver] [ 1100] - ?   P A S S   ?
[INFO ][2015-12-14 19:47:22,563][com.java.SeleniumDriver] [ 1142] - step change to 31
[INFO ][2015-12-14 19:47:22,563][com.java.SeleniumDriver] [  821] - ------------------------------------------
[INFO ][2015-12-14 19:47:22,563][com.java.SeleniumDriver] [  822] - Test case being Executed: 23
[INFO ][2015-12-14 19:47:22,563][com.java.SeleniumDriver] [  833] - Test step:31
[INFO ][2015-12-14 19:47:22,563][com.java.SeleniumDriver] [  845] - Datavalue is----------10
[INFO ][2015-12-14 19:47:22,563][com.java.SeleniumDriver] [  869] - DataField : XPH//div[contains(@class, 'alert-success') and contains(normalize-space(.), 'Valid Calculation!')]
[INFO ][2015-12-14 19:47:22,563][com.java.SeleniumDriver] [  871] - DataValue : 10
[INFO ][2015-12-14 19:47:22,563][com.java.SeleniumDriver] [  877] - <In Set values of the page>
[INFO ][2015-12-14 19:47:22,563][com.java.SeleniumDriver] [  880] - {Data Fields & Data Values Exist}
[INFO ][2015-12-14 19:47:22,563][com.java.SeleniumDriver] [  882] - --------------------------setting values-----------------------------
[INFO ][2015-12-14 19:47:22,563][com.java.SeleniumDriver] [  885] - Action Type : WAITFORELEMENT
[DEBUG][2015-12-14 19:50:57,712][com.java.TestType] [ 6489] - //div[contains(@class, 'alert-success') and contains(normalize-space(.), 'Valid Calculation!')]   :: Element not Found
[INFO ][2015-12-14 19:50:57,712][com.java.SeleniumDriver] [  894] -  RESULT false
[INFO ][2015-12-14 19:50:57,712][com.java.SeleniumDriver] [  941] - ?   F A I L   ?
[INFO ][2015-12-14 19:50:57,712][com.java.SeleniumDriver] [  949] - Browser Type : IE10
[INFO ][2015-12-14 19:50:57,712][com.java.SeleniumDriver] [  950] - Adding Failed case23
[INFO ][2015-12-14 19:51:09,494][com.java.SeleniumDriver] [ 1064] - failedCases = 23
[ERROR][2015-12-14 19:51:09,494][com.java.SeleniumDriver] [ 1561] - Platform Errors : Our apologies...::We have encountered an issue with your request.::Our apologies?:We encountered an issue with your request.
[INFO ][2015-12-14 19:51:09,494][com.java.SeleniumDriver] [ 1565] - Length =3
[ERROR][2015-12-14 19:51:09,494][com.java.SeleniumDriver] [ 1568] - Error 0 = Our apologies...
[ERROR][2015-12-14 19:51:09,495][com.java.SeleniumDriver] [ 1568] - Error 1 = We have encountered an issue with your request.
[ERROR][2015-12-14 19:51:09,515][com.java.SeleniumDriver] [ 1568] - Error 2 = Our apologies?:We encountered an issue with your request.
[INFO ][2015-12-14 19:51:09,525][com.java.SeleniumDriver] [ 1579] - strError:
[DEBUG][2015-12-14 19:51:09,535][com.java.SeleniumDriver] [ 1212] - Case found
[DEBUG][2015-12-14 19:51:09,535][com.java.SeleniumDriver] [ 1217] - Incrementing ReportCounters[0]:1
[INFO ][2015-12-14 19:51:09,535][com.java.SeleniumDriver] [ 1236] - The results are-------------------[23, 31, Customize My Dashboard, Fail, 
Test case failed at Step No. :: 31   Error Message ::  //div[contains(@class, 'alert-success') and contains(normalize-space(.), 'Valid Calculation!')]   :: Element not Found. Screen Shot : D:\BankersDashboard\TestReports\121415\23_121415_195057_IE10.png, Mon Dec 14 19:51:09 IST 2015]
[INFO ][2015-12-14 19:51:09,535][com.java.SeleniumDriver] [ 1240] - End time is-------5 min 55 sec
[INFO ][2015-12-14 19:51:09,535][com.java.SeleniumDriver] [ 1241] - The results are-------------------[23, 31, Customize My Dashboard, Fail, 
Test case failed at Step No. :: 31   Error Message ::  //div[contains(@class, 'alert-success') and contains(normalize-space(.), 'Valid Calculation!')]   :: Element not Found. Screen Shot : D:\BankersDashboard\TestReports\121415\23_121415_195057_IE10.png, Mon Dec 14 19:51:09 IST 2015]
[DEBUG][2015-12-14 19:51:09,535][com.java.ImportnExport.ExportTestResultsExcel] [  222] - testResultPath = D:\BankersDashboard/TestReports/Test Results_BankersDashBoard_121415_194516_IE10_Any Bank USA.xls
[DEBUG][2015-12-14 19:51:09,535][com.java.ImportnExport.ExportTestResultsExcel] [  223] - browser is------------IE10
[DEBUG][2015-12-14 19:51:09,575][com.java.ImportnExport.ExportTestResultsExcel] [  270] - result.size() = 6
[DEBUG][2015-12-14 19:51:09,575][com.java.ImportnExport.ExportTestResultsExcel] [  274] - No of rows in sheet=1
[DEBUG][2015-12-14 19:51:09,575][com.java.ImportnExport.ExportTestResultsExcel] [  301] - ..in export..23
[DEBUG][2015-12-14 19:51:09,575][com.java.ImportnExport.ExportTestResultsExcel] [  301] - ..in export..Customize My Dashboard
[DEBUG][2015-12-14 19:51:09,575][com.java.ImportnExport.ExportTestResultsExcel] [  301] - ..in export..Fail
[DEBUG][2015-12-14 19:51:09,575][com.java.ImportnExport.ExportTestResultsExcel] [  301] - ..in export..
Test case failed at Step No. :: 31   Error Message ::  //div[contains(@class, 'alert-success') and contains(normalize-space(.), 'Valid Calculation!')]   :: Element not Found. Screen Shot : D:\BankersDashboard\TestReports\121415\23_121415_195057_IE10.png
[DEBUG][2015-12-14 19:51:09,575][com.java.ImportnExport.ExportTestResultsExcel] [  301] - ..in export..Mon Dec 14 19:51:09 IST 2015
[INFO ][2015-12-14 19:51:09,575][com.java.SeleniumDriver] [ 1299] - out loop:0 size:1 TestCases:[23] testcases:[23]
[INFO ][2015-12-14 19:51:11,575][com.java.SeleniumDriver] [ 1342] - Total Number of Cases:1
[INFO ][2015-12-14 19:51:11,575][com.java.TemplateGenerator] [  302] - Executed:1
[INFO ][2015-12-14 19:51:11,575][com.java.TemplateGenerator] [  303] - Passed:0
[INFO ][2015-12-14 19:51:11,575][com.java.TemplateGenerator] [  304] - Failed:1
[INFO ][2015-12-14 19:51:11,575][com.java.TemplateGenerator] [  305] - Skipeed:0
[INFO ][2015-12-14 19:51:11,575][com.java.TemplateGenerator] [  306] - Application URL:https://clients-xuat.bankersdashboard.com
[INFO ][2015-12-14 19:51:11,575][com.java.TemplateGenerator] [  307] - Start Time:121415_194516
[INFO ][2015-12-14 19:51:11,575][com.java.TemplateGenerator] [  308] -  Creating HTML Report 
[ERROR][2015-12-14 19:51:11,575][com.java.TemplateGenerator] [  409] - Unparseable date: "Mon Dec 14 07:45:16 IST 2015"
[INFO ][2015-12-14 19:51:11,575][com.java.TemplateGenerator] [  654] -  Exporting case :: 23
[INFO ][2015-12-14 19:51:11,575][com.java.SeleniumDriver] [ 1391] - End Time:121415_195111
[INFO ][2015-12-14 19:51:11,575][com.java.SeleniumDriver] [ 1394] - Data in Test Execution Details:{23=FAILTest case failed at Step No. :: 31   Error Message ::  //div[contains(@class, 'alert-success') and contains(normalize-space(.), 'Valid Calculation!')]   :: Element not Found}
[INFO ][2015-12-14 19:51:11,575][com.java.SeleniumDriver] [ 1395] - Data in Failed Execution Deatils:{}
[INFO ][2015-12-14 19:51:11,575][com.java.SeleniumDriver] [ 1397] - ReportCounter:Total:1 :: PASS: 0 ::FAIL: 1
[INFO ][2015-12-14 19:51:11,575][com.java.SeleniumDriver] [ 1398] - FailedReportCounter:Total:0 :: PASS: 0 ::FAIL: 0
[INFO ][2015-12-14 19:51:11,576][com.java.EmailTestReport] [   63] - Sending report mail details:
[INFO ][2015-12-14 19:51:11,576][com.java.EmailTestReport] [   80] - Excel Report Path:D:\BankersDashboard/TestReports/Test Results_BankersDashBoard_121415_194516_IE10_Any Bank USA.xls
[INFO ][2015-12-14 19:51:11,576][com.java.EmailTestReport] [   81] - HTML Report Path:D:\BankersDashboard//TestReports//Test Results_BankersDashBoard_121415_194516_IE10_Any Bank USA.html
[INFO ][2015-12-14 19:51:11,576][com.java.EmailTestReport] [   82] - smtpHostName:mail01.valuelabs.com
[INFO ][2015-12-14 19:51:11,576][com.java.EmailTestReport] [   83] - Recipient:venkateswararao.gubbala@valuelabs.com;
[INFO ][2015-12-14 19:51:11,576][com.java.EmailTestReport] [   84] - From:venkateswararao.gubbala@valuelabs.com;
[INFO ][2015-12-14 19:51:11,576][com.java.EmailTestReport] [   85] - Subject:Deluxe Corp Bankers Dashboard Automation Test Report - Any Bank USA - IE10
[INFO ][2015-12-14 19:51:11,596][com.java.EmailTestReport] [  143] -  Added venkateswararao.gubbala@valuelabs.com
[INFO ][2015-12-14 19:51:15,006][com.java.SeleniumDriver] [  720] - quitting the browser 
[INFO ][2015-12-14 19:51:16,336][com.java.SeleniumDriver] [  264] - Execution Completed Stopping the thread
